<?xml version="1.0" encoding="UTF-8"?>
<testsuite xmlns:xsi="http://www.w3.org/2001/XMLSchema-instance" xsi:noNamespaceSchemaLocation="https://maven.apache.org/surefire/maven-surefire-plugin/xsd/surefire-test-report-3.0.xsd" version="3.0" name="org.apache.hadoop.ozone.TestContainerStateMachineIdempotency" time="324.638" tests="1" errors="1" skipped="0" failures="0">
  <properties>
    <property name="awt.toolkit" value="sun.awt.X11.XToolkit"/>
    <property name="file.encoding.pkg" value="sun.io"/>
    <property name="java.specification.version" value="1.8"/>
    <property name="sun.cpu.isalist" value=""/>
    <property name="sun.jnu.encoding" value="UTF-8"/>
    <property name="java.class.path" value="/home/runner/work/ozone/ozone/hadoop-ozone/integration-test/target/test-classes:/home/runner/work/ozone/ozone/hadoop-ozone/integration-test/target/classes:/home/runner/.m2/repository/org/apache/ozone/ozone-common/1.4.0-SNAPSHOT/ozone-common-1.4.0-SNAPSHOT.jar:/home/runner/.m2/repository/io/grpc/grpc-netty/1.51.1/grpc-netty-1.51.1.jar:/home/runner/.m2/repository/io/grpc/grpc-core/1.51.1/grpc-core-1.51.1.jar:/home/runner/.m2/repository/com/google/android/annotations/4.1.1.4/annotations-4.1.1.4.jar:/home/runner/.m2/repository/org/codehaus/mojo/animal-sniffer-annotations/1.21/animal-sniffer-annotations-1.21.jar:/home/runner/.m2/repository/com/google/errorprone/error_prone_annotations/2.2.0/error_prone_annotations-2.2.0.jar:/home/runner/.m2/repository/io/perfmark/perfmark-api/0.25.0/perfmark-api-0.25.0.jar:/home/runner/.m2/repository/io/netty/netty-codec-http2/4.1.86.Final/netty-codec-http2-4.1.86.Final.jar:/home/runner/.m2/repository/io/netty/netty-common/4.1.86.Final/netty-common-4.1.86.Final.jar:/home/runner/.m2/repository/io/netty/netty-buffer/4.1.86.Final/netty-buffer-4.1.86.Final.jar:/home/runner/.m2/repository/io/netty/netty-codec-http/4.1.86.Final/netty-codec-http-4.1.86.Final.jar:/home/runner/.m2/repository/io/netty/netty-handler-proxy/4.1.86.Final/netty-handler-proxy-4.1.86.Final.jar:/home/runner/.m2/repository/io/netty/netty-codec-socks/4.1.86.Final/netty-codec-socks-4.1.86.Final.jar:/home/runner/.m2/repository/io/netty/netty-tcnative-boringssl-static/2.0.54.Final/netty-tcnative-boringssl-static-2.0.54.Final.jar:/home/runner/.m2/repository/io/netty/netty-tcnative-classes/2.0.54.Final/netty-tcnative-classes-2.0.54.Final.jar:/home/runner/.m2/repository/io/netty/netty-tcnative-boringssl-static/2.0.54.Final/netty-tcnative-boringssl-static-2.0.54.Final-linux-x86_64.jar:/home/runner/.m2/repository/io/netty/netty-tcnative-boringssl-static/2.0.54.Final/netty-tcnative-boringssl-static-2.0.54.Final-linux-aarch_64.jar:/home/runner/.m2/repository/io/netty/netty-tcnative-boringssl-static/2.0.54.Final/netty-tcnative-boringssl-static-2.0.54.Final-osx-x86_64.jar:/home/runner/.m2/repository/io/netty/netty-tcnative-boringssl-static/2.0.54.Final/netty-tcnative-boringssl-static-2.0.54.Final-osx-aarch_64.jar:/home/runner/.m2/repository/io/netty/netty-tcnative-boringssl-static/2.0.54.Final/netty-tcnative-boringssl-static-2.0.54.Final-windows-x86_64.jar:/home/runner/.m2/repository/org/apache/commons/commons-compress/1.21/commons-compress-1.21.jar:/home/runner/.m2/repository/org/apache/ozone/hdds-common/1.4.0-SNAPSHOT/hdds-common-1.4.0-SNAPSHOT.jar:/home/runner/.m2/repository/org/apache/ozone/hdds-client/1.4.0-SNAPSHOT/hdds-client-1.4.0-SNAPSHOT.jar:/home/runner/.m2/repository/org/apache/ozone/ozone-interface-client/1.4.0-SNAPSHOT/ozone-interface-client-1.4.0-SNAPSHOT.jar:/home/runner/.m2/repository/org/apache/ozone/hdds-test-utils/1.4.0-SNAPSHOT/hdds-test-utils-1.4.0-SNAPSHOT.jar:/home/runner/.m2/repository/com/google/guava/guava/31.1-jre/guava-31.1-jre.jar:/home/runner/.m2/repository/com/google/guava/failureaccess/1.0.1/failureaccess-1.0.1.jar:/home/runner/.m2/repository/com/google/guava/listenablefuture/9999.0-empty-to-avoid-conflict-with-guava/listenablefuture-9999.0-empty-to-avoid-conflict-with-guava.jar:/home/runner/.m2/repository/com/google/code/findbugs/jsr305/3.0.0/jsr305-3.0.0.jar:/home/runner/.m2/repository/org/checkerframework/checker-qual/3.12.0/checker-qual-3.12.0.jar:/home/runner/.m2/repository/com/google/j2objc/j2objc-annotations/1.3/j2objc-annotations-1.3.jar:/home/runner/.m2/repository/commons-io/commons-io/2.11.0/commons-io-2.11.0.jar:/home/runner/.m2/repository/commons-logging/commons-logging/1.2/commons-logging-1.2.jar:/home/runner/.m2/repository/ch/qos/reload4j/reload4j/1.2.22/reload4j-1.2.22.jar:/home/runner/.m2/repository/org/slf4j/slf4j-api/1.7.36/slf4j-api-1.7.36.jar:/home/runner/.m2/repository/org/apache/ozone/hdds-server-scm/1.4.0-SNAPSHOT/hdds-server-scm-1.4.0-SNAPSHOT.jar:/home/runner/.m2/repository/org/apache/ozone/hdds-container-service/1.4.0-SNAPSHOT/hdds-container-service-1.4.0-SNAPSHOT.jar:/home/runner/.m2/repository/org/apache/ozone/hdds-hadoop-dependency-server/1.4.0-SNAPSHOT/hdds-hadoop-dependency-server-1.4.0-SNAPSHOT.jar:/home/runner/.m2/repository/org/apache/hadoop/hadoop-hdfs/3.3.4/hadoop-hdfs-3.3.4.jar:/home/runner/.m2/repository/commons-daemon/commons-daemon/1.0.13/commons-daemon-1.0.13.jar:/home/runner/.m2/repository/org/apache/ozone/hdds-server-framework/1.4.0-SNAPSHOT/hdds-server-framework-1.4.0-SNAPSHOT.jar:/home/runner/.m2/repository/io/dropwizard/metrics/metrics-core/3.2.4/metrics-core-3.2.4.jar:/home/runner/.m2/repository/org/apache/commons/commons-text/1.4/commons-text-1.4.jar:/home/runner/.m2/repository/org/apache/hadoop/hadoop-hdfs-client/3.3.4/hadoop-hdfs-client-3.3.4.jar:/home/runner/.m2/repository/com/squareup/okhttp3/okhttp/4.9.3/okhttp-4.9.3.jar:/home/runner/.m2/repository/com/squareup/okio/okio/2.8.0/okio-2.8.0.jar:/home/runner/.m2/repository/org/jetbrains/kotlin/kotlin-stdlib-common/1.6.21/kotlin-stdlib-common-1.6.21.jar:/home/runner/.m2/repository/org/bouncycastle/bcprov-jdk15on/1.67/bcprov-jdk15on-1.67.jar:/home/runner/.m2/repository/com/google/protobuf/protobuf-java/2.5.0/protobuf-java-2.5.0.jar:/home/runner/.m2/repository/org/apache/ozone/hdds-server-framework/1.4.0-SNAPSHOT/hdds-server-framework-1.4.0-SNAPSHOT-tests.jar:/home/runner/.m2/repository/org/apache/ozone/hdds-interface-server/1.4.0-SNAPSHOT/hdds-interface-server-1.4.0-SNAPSHOT.jar:/home/runner/.m2/repository/org/apache/ozone/hdds-interface-admin/1.4.0-SNAPSHOT/hdds-interface-admin-1.4.0-SNAPSHOT.jar:/home/runner/.m2/repository/org/apache/ozone/hdds-managed-rocksdb/1.4.0-SNAPSHOT/hdds-managed-rocksdb-1.4.0-SNAPSHOT.jar:/home/runner/.m2/repository/org/rocksdb/rocksdbjni/7.7.3/rocksdbjni-7.7.3.jar:/home/runner/.m2/repository/org/slf4j/slf4j-reload4j/1.7.36/slf4j-reload4j-1.7.36.jar:/home/runner/.m2/repository/org/apache/commons/commons-configuration2/2.1.1/commons-configuration2-2.1.1.jar:/home/runner/.m2/repository/org/apache/logging/log4j/log4j-core/2.17.1/log4j-core-2.17.1.jar:/home/runner/.m2/repository/com/lmax/disruptor/3.4.2/disruptor-3.4.2.jar:/home/runner/.m2/repository/org/eclipse/jetty/jetty-util/9.4.49.v20220914/jetty-util-9.4.49.v20220914.jar:/home/runner/.m2/repository/org/eclipse/jetty/jetty-server/9.4.49.v20220914/jetty-server-9.4.49.v20220914.jar:/home/runner/.m2/repository/org/eclipse/jetty/jetty-http/9.4.49.v20220914/jetty-http-9.4.49.v20220914.jar:/home/runner/.m2/repository/org/eclipse/jetty/jetty-io/9.4.49.v20220914/jetty-io-9.4.49.v20220914.jar:/home/runner/.m2/repository/org/eclipse/jetty/jetty-servlet/9.4.49.v20220914/jetty-servlet-9.4.49.v20220914.jar:/home/runner/.m2/repository/org/eclipse/jetty/jetty-security/9.4.49.v20220914/jetty-security-9.4.49.v20220914.jar:/home/runner/.m2/repository/org/eclipse/jetty/jetty-util-ajax/9.4.49.v20220914/jetty-util-ajax-9.4.49.v20220914.jar:/home/runner/.m2/repository/org/eclipse/jetty/jetty-webapp/9.4.49.v20220914/jetty-webapp-9.4.49.v20220914.jar:/home/runner/.m2/repository/org/eclipse/jetty/jetty-xml/9.4.49.v20220914/jetty-xml-9.4.49.v20220914.jar:/home/runner/.m2/repository/org/apache/ratis/ratis-server/2.4.2-8b8bdda-SNAPSHOT/ratis-server-2.4.2-8b8bdda-SNAPSHOT.jar:/home/runner/.m2/repository/org/apache/ratis/ratis-thirdparty-misc/1.0.3/ratis-thirdparty-misc-1.0.3.jar:/home/runner/.m2/repository/org/apache/ratis/ratis-proto/2.4.2-8b8bdda-SNAPSHOT/ratis-proto-2.4.2-8b8bdda-SNAPSHOT.jar:/home/runner/.m2/repository/org/apache/ratis/ratis-common/2.4.2-8b8bdda-SNAPSHOT/ratis-common-2.4.2-8b8bdda-SNAPSHOT.jar:/home/runner/.m2/repository/org/apache/ratis/ratis-client/2.4.2-8b8bdda-SNAPSHOT/ratis-client-2.4.2-8b8bdda-SNAPSHOT.jar:/home/runner/.m2/repository/org/apache/ratis/ratis-server-api/2.4.2-8b8bdda-SNAPSHOT/ratis-server-api-2.4.2-8b8bdda-SNAPSHOT.jar:/home/runner/.m2/repository/org/apache/ratis/ratis-metrics/2.4.2-8b8bdda-SNAPSHOT/ratis-metrics-2.4.2-8b8bdda-SNAPSHOT.jar:/home/runner/.m2/repository/io/prometheus/simpleclient_dropwizard/0.7.0/simpleclient_dropwizard-0.7.0.jar:/home/runner/.m2/repository/io/prometheus/simpleclient/0.7.0/simpleclient-0.7.0.jar:/home/runner/.m2/repository/io/prometheus/simpleclient_common/0.7.0/simpleclient_common-0.7.0.jar:/home/runner/.m2/repository/com/fasterxml/jackson/datatype/jackson-datatype-jsr310/2.13.4/jackson-datatype-jsr310-2.13.4.jar:/home/runner/.m2/repository/com/fasterxml/jackson/core/jackson-core/2.13.4/jackson-core-2.13.4.jar:/home/runner/.m2/repository/com/github/spotbugs/spotbugs-annotations/3.1.12/spotbugs-annotations-3.1.12.jar:/home/runner/.m2/repository/org/apache/ozone/rocksdb-checkpoint-differ/1.4.0-SNAPSHOT/rocksdb-checkpoint-differ-1.4.0-SNAPSHOT.jar:/home/runner/.m2/repository/org/awaitility/awaitility/4.2.0/awaitility-4.2.0.jar:/home/runner/.m2/repository/org/hamcrest/hamcrest/2.1/hamcrest-2.1.jar:/home/runner/.m2/repository/org/apache/ozone/ozone-manager/1.4.0-SNAPSHOT/ozone-manager-1.4.0-SNAPSHOT.jar:/home/runner/.m2/repository/org/aspectj/aspectjrt/1.9.7/aspectjrt-1.9.7.jar:/home/runner/.m2/repository/org/aspectj/aspectjweaver/1.9.7/aspectjweaver-1.9.7.jar:/home/runner/.m2/repository/org/apache/ozone/hdds-interface-client/1.4.0-SNAPSHOT/hdds-interface-client-1.4.0-SNAPSHOT.jar:/home/runner/.m2/repository/org/apache/hadoop/thirdparty/hadoop-shaded-protobuf_3_7/1.1.1/hadoop-shaded-protobuf_3_7-1.1.1.jar:/home/runner/.m2/repository/org/apache/ozone/ozone-interface-storage/1.4.0-SNAPSHOT/ozone-interface-storage-1.4.0-SNAPSHOT.jar:/home/runner/.m2/repository/org/reflections/reflections/0.9.11/reflections-0.9.11.jar:/home/runner/.m2/repository/com/sun/jersey/jersey-client/1.19/jersey-client-1.19.jar:/home/runner/.m2/repository/org/apache/ranger/ranger-intg/2.3.0/ranger-intg-2.3.0.jar:/home/runner/.m2/repository/org/apache/ranger/ranger-plugins-common/2.3.0/ranger-plugins-common-2.3.0.jar:/home/runner/.m2/repository/commons-lang/commons-lang/2.6/commons-lang-2.6.jar:/home/runner/.m2/repository/org/apache/ranger/ranger-plugins-cred/2.3.0/ranger-plugins-cred-2.3.0.jar:/home/runner/.m2/repository/org/apache/ranger/ranger-plugins-audit/2.3.0/ranger-plugins-audit-2.3.0.jar:/home/runner/.m2/repository/org/eclipse/jetty/jetty-client/9.4.49.v20220914/jetty-client-9.4.49.v20220914.jar:/home/runner/.m2/repository/org/apache/httpcomponents/httpmime/4.5.6/httpmime-4.5.6.jar:/home/runner/.m2/repository/org/apache/httpcomponents/httpcore-nio/4.4.13/httpcore-nio-4.4.13.jar:/home/runner/.m2/repository/org/apache/httpcomponents/httpasyncclient/4.1.3/httpasyncclient-4.1.3.jar:/home/runner/.m2/repository/com/carrotsearch/hppc/0.8.0/hppc-0.8.0.jar:/home/runner/.m2/repository/org/apache/orc/orc-core/1.5.8/orc-core-1.5.8.jar:/home/runner/.m2/repository/net/java/dev/jna/jna/5.2.0/jna-5.2.0.jar:/home/runner/.m2/repository/net/java/dev/jna/jna-platform/5.2.0/jna-platform-5.2.0.jar:/home/runner/.m2/repository/com/kstruct/gethostname4j/0.0.2/gethostname4j-0.0.2.jar:/home/runner/.m2/repository/org/apache/ranger/ranger-plugin-classloader/2.3.0/ranger-plugin-classloader-2.3.0.jar:/home/runner/.m2/repository/org/apache/hadoop/hadoop-minikdc/3.3.4/hadoop-minikdc-3.3.4.jar:/home/runner/.m2/repository/org/apache/kerby/kerb-simplekdc/1.0.1/kerb-simplekdc-1.0.1.jar:/home/runner/.m2/repository/org/apache/kerby/kerb-client/1.0.1/kerb-client-1.0.1.jar:/home/runner/.m2/repository/org/apache/kerby/kerby-config/1.0.1/kerby-config-1.0.1.jar:/home/runner/.m2/repository/org/apache/kerby/kerb-common/1.0.1/kerb-common-1.0.1.jar:/home/runner/.m2/repository/org/apache/kerby/kerb-crypto/1.0.1/kerb-crypto-1.0.1.jar:/home/runner/.m2/repository/org/apache/kerby/kerb-util/1.0.1/kerb-util-1.0.1.jar:/home/runner/.m2/repository/org/apache/kerby/token-provider/1.0.1/token-provider-1.0.1.jar:/home/runner/.m2/repository/org/apache/kerby/kerb-admin/1.0.1/kerb-admin-1.0.1.jar:/home/runner/.m2/repository/org/apache/kerby/kerb-server/1.0.1/kerb-server-1.0.1.jar:/home/runner/.m2/repository/org/apache/kerby/kerb-identity/1.0.1/kerb-identity-1.0.1.jar:/home/runner/.m2/repository/org/apache/kerby/kerby-xdr/1.0.1/kerby-xdr-1.0.1.jar:/home/runner/.m2/repository/org/apache/ozone/ozone-s3gateway/1.4.0-SNAPSHOT/ozone-s3gateway-1.4.0-SNAPSHOT.jar:/home/runner/.m2/repository/org/javassist/javassist/3.21.0-GA/javassist-3.21.0-GA.jar:/home/runner/.m2/repository/org/jboss/weld/servlet/weld-servlet-shaded/3.1.9.Final/weld-servlet-shaded-3.1.9.Final.jar:/home/runner/.m2/repository/org/glassfish/jersey/containers/jersey-container-servlet-core/2.34/jersey-container-servlet-core-2.34.jar:/home/runner/.m2/repository/org/glassfish/hk2/external/jakarta.inject/2.6.1/jakarta.inject-2.6.1.jar:/home/runner/.m2/repository/org/glassfish/jersey/core/jersey-common/2.34/jersey-common-2.34.jar:/home/runner/.m2/repository/jakarta/ws/rs/jakarta.ws.rs-api/2.1.6/jakarta.ws.rs-api-2.1.6.jar:/home/runner/.m2/repository/org/glassfish/jersey/ext/cdi/jersey-cdi1x/2.34/jersey-cdi1x-2.34.jar:/home/runner/.m2/repository/org/glassfish/jersey/inject/jersey-hk2/2.34/jersey-hk2-2.34.jar:/home/runner/.m2/repository/org/glassfish/hk2/hk2-locator/2.6.1/hk2-locator-2.6.1.jar:/home/runner/.m2/repository/org/glassfish/jersey/media/jersey-media-jaxb/2.34/jersey-media-jaxb-2.34.jar:/home/runner/.m2/repository/org/glassfish/hk2/osgi-resource-locator/1.0.3/osgi-resource-locator-1.0.3.jar:/home/runner/.m2/repository/org/glassfish/hk2/hk2-api/2.5.0/hk2-api-2.5.0.jar:/home/runner/.m2/repository/org/glassfish/hk2/hk2-utils/2.5.0/hk2-utils-2.5.0.jar:/home/runner/.m2/repository/org/glassfish/hk2/external/aopalliance-repackaged/2.5.0/aopalliance-repackaged-2.5.0.jar:/home/runner/.m2/repository/com/fasterxml/jackson/dataformat/jackson-dataformat-xml/2.13.4/jackson-dataformat-xml-2.13.4.jar:/home/runner/.m2/repository/org/codehaus/woodstox/stax2-api/4.2.1/stax2-api-4.2.1.jar:/home/runner/.m2/repository/com/fasterxml/woodstox/woodstox-core/5.4.0/woodstox-core-5.4.0.jar:/home/runner/.m2/repository/com/fasterxml/jackson/module/jackson-module-jaxb-annotations/2.13.4/jackson-module-jaxb-annotations-2.13.4.jar:/home/runner/.m2/repository/jakarta/xml/bind/jakarta.xml.bind-api/2.3.3/jakarta.xml.bind-api-2.3.3.jar:/home/runner/.m2/repository/jakarta/activation/jakarta.activation-api/1.2.2/jakarta.activation-api-1.2.2.jar:/home/runner/.m2/repository/javax/enterprise/cdi-api/2.0/cdi-api-2.0.jar:/home/runner/.m2/repository/javax/el/javax.el-api/3.0.0/javax.el-api-3.0.0.jar:/home/runner/.m2/repository/javax/interceptor/javax.interceptor-api/1.2/javax.interceptor-api-1.2.jar:/home/runner/.m2/repository/javax/inject/javax.inject/1/javax.inject-1.jar:/home/runner/.m2/repository/javax/xml/bind/jaxb-api/2.3.0/jaxb-api-2.3.0.jar:/home/runner/.m2/repository/org/glassfish/jaxb/jaxb-runtime/2.3.0.1/jaxb-runtime-2.3.0.1.jar:/home/runner/.m2/repository/org/glassfish/jaxb/jaxb-core/2.3.0.1/jaxb-core-2.3.0.1.jar:/home/runner/.m2/repository/org/glassfish/jaxb/txw2/2.3.0.1/txw2-2.3.0.1.jar:/home/runner/.m2/repository/com/sun/istack/istack-commons-runtime/3.0.5/istack-commons-runtime-3.0.5.jar:/home/runner/.m2/repository/org/jvnet/staxex/stax-ex/1.7.8/stax-ex-1.7.8.jar:/home/runner/.m2/repository/com/sun/xml/fastinfoset/FastInfoset/1.2.13/FastInfoset-1.2.13.jar:/home/runner/.m2/repository/javax/activation/activation/1.1.1/activation-1.1.1.jar:/home/runner/.m2/repository/io/grpc/grpc-protobuf/1.51.1/grpc-protobuf-1.51.1.jar:/home/runner/.m2/repository/io/grpc/grpc-api/1.51.1/grpc-api-1.51.1.jar:/home/runner/.m2/repository/io/grpc/grpc-context/1.51.1/grpc-context-1.51.1.jar:/home/runner/.m2/repository/com/google/api/grpc/proto-google-common-protos/2.9.0/proto-google-common-protos-2.9.0.jar:/home/runner/.m2/repository/io/grpc/grpc-protobuf-lite/1.51.1/grpc-protobuf-lite-1.51.1.jar:/home/runner/.m2/repository/io/grpc/grpc-stub/1.51.1/grpc-stub-1.51.1.jar:/home/runner/.m2/repository/io/netty/netty-transport/4.1.86.Final/netty-transport-4.1.86.Final.jar:/home/runner/.m2/repository/io/netty/netty-resolver/4.1.86.Final/netty-resolver-4.1.86.Final.jar:/home/runner/.m2/repository/org/apache/ozone/ozone-csi/1.4.0-SNAPSHOT/ozone-csi-1.4.0-SNAPSHOT.jar:/home/runner/.m2/repository/com/google/protobuf/protobuf-java-util/3.19.6/protobuf-java-util-3.19.6.jar:/home/runner/.m2/repository/com/google/code/gson/gson/2.9.0/gson-2.9.0.jar:/home/runner/.m2/repository/org/apache/ozone/hdds-config/1.4.0-SNAPSHOT/hdds-config-1.4.0-SNAPSHOT.jar:/home/runner/.m2/repository/io/netty/netty-transport-native-epoll/4.1.86.Final/netty-transport-native-epoll-4.1.86.Final-linux-x86_64.jar:/home/runner/.m2/repository/io/netty/netty-transport-classes-epoll/4.1.86.Final/netty-transport-classes-epoll-4.1.86.Final.jar:/home/runner/.m2/repository/io/netty/netty-transport-native-unix-common/4.1.86.Final/netty-transport-native-unix-common-4.1.86.Final.jar:/home/runner/.m2/repository/org/apache/ozone/ozone-recon/1.4.0-SNAPSHOT/ozone-recon-1.4.0-SNAPSHOT.jar:/home/runner/.m2/repository/org/apache/ozone/ozone-reconcodegen/1.4.0-SNAPSHOT/ozone-reconcodegen-1.4.0-SNAPSHOT.jar:/home/runner/.m2/repository/com/google/inject/extensions/guice-multibindings/4.0/guice-multibindings-4.0.jar:/home/runner/.m2/repository/com/google/inject/guice/4.0/guice-4.0.jar:/home/runner/.m2/repository/aopalliance/aopalliance/1.0/aopalliance-1.0.jar:/home/runner/.m2/repository/com/google/inject/extensions/guice-assistedinject/4.0/guice-assistedinject-4.0.jar:/home/runner/.m2/repository/com/google/inject/extensions/guice-servlet/4.0/guice-servlet-4.0.jar:/home/runner/.m2/repository/org/glassfish/jersey/containers/jersey-container-servlet/2.34/jersey-container-servlet-2.34.jar:/home/runner/.m2/repository/org/glassfish/hk2/guice-bridge/2.5.0/guice-bridge-2.5.0.jar:/home/runner/.m2/repository/org/glassfish/jersey/core/jersey-server/2.34/jersey-server-2.34.jar:/home/runner/.m2/repository/org/glassfish/jersey/core/jersey-client/2.34/jersey-client-2.34.jar:/home/runner/.m2/repository/jakarta/annotation/jakarta.annotation-api/1.3.5/jakarta.annotation-api-1.3.5.jar:/home/runner/.m2/repository/jakarta/validation/jakarta.validation-api/2.0.2/jakarta.validation-api-2.0.2.jar:/home/runner/.m2/repository/org/glassfish/jersey/media/jersey-media-json-jackson/2.34/jersey-media-json-jackson-2.34.jar:/home/runner/.m2/repository/org/glassfish/jersey/ext/jersey-entity-filtering/2.34/jersey-entity-filtering-2.34.jar:/home/runner/.m2/repository/org/jooq/jooq/3.11.10/jooq-3.11.10.jar:/home/runner/.m2/repository/org/jooq/jooq-meta/3.11.10/jooq-meta-3.11.10.jar:/home/runner/.m2/repository/org/jooq/jooq-codegen/3.11.10/jooq-codegen-3.11.10.jar:/home/runner/.m2/repository/com/jolbox/bonecp/0.8.0.RELEASE/bonecp-0.8.0.RELEASE.jar:/home/runner/.m2/repository/org/apache/derby/derby/10.14.2.0/derby-10.14.2.0.jar:/home/runner/.m2/repository/org/xerial/sqlite-jdbc/3.25.2/sqlite-jdbc-3.25.2.jar:/home/runner/.m2/repository/org/springframework/spring-jdbc/5.3.23/spring-jdbc-5.3.23.jar:/home/runner/.m2/repository/org/springframework/spring-beans/5.3.23/spring-beans-5.3.23.jar:/home/runner/.m2/repository/org/springframework/spring-core/5.3.23/spring-core-5.3.23.jar:/home/runner/.m2/repository/org/springframework/spring-jcl/5.3.23/spring-jcl-5.3.23.jar:/home/runner/.m2/repository/org/springframework/spring-tx/5.3.23/spring-tx-5.3.23.jar:/home/runner/.m2/repository/org/apache/ozone/ozone-client/1.4.0-SNAPSHOT/ozone-client-1.4.0-SNAPSHOT.jar:/home/runner/.m2/repository/org/apache/ozone/hdds-erasurecode/1.4.0-SNAPSHOT/hdds-erasurecode-1.4.0-SNAPSHOT.jar:/home/runner/.m2/repository/org/apache/ozone/ozone-filesystem/1.4.0-SNAPSHOT/ozone-filesystem-1.4.0-SNAPSHOT.jar:/home/runner/.m2/repository/org/apache/ozone/ozone-filesystem-common/1.4.0-SNAPSHOT/ozone-filesystem-common-1.4.0-SNAPSHOT.jar:/home/runner/.m2/repository/org/apache/ozone/ozone-tools/1.4.0-SNAPSHOT/ozone-tools-1.4.0-SNAPSHOT.jar:/home/runner/.m2/repository/com/amazonaws/aws-java-sdk-core/1.12.261/aws-java-sdk-core-1.12.261.jar:/home/runner/.m2/repository/org/apache/httpcomponents/httpclient/4.5.13/httpclient-4.5.13.jar:/home/runner/.m2/repository/org/apache/httpcomponents/httpcore/4.4.13/httpcore-4.4.13.jar:/home/runner/.m2/repository/software/amazon/ion/ion-java/1.0.2/ion-java-1.0.2.jar:/home/runner/.m2/repository/com/fasterxml/jackson/dataformat/jackson-dataformat-cbor/2.13.4/jackson-dataformat-cbor-2.13.4.jar:/home/runner/.m2/repository/joda-time/joda-time/2.10.6/joda-time-2.10.6.jar:/home/runner/.m2/repository/com/amazonaws/aws-java-sdk-s3/1.12.261/aws-java-sdk-s3-1.12.261.jar:/home/runner/.m2/repository/com/amazonaws/aws-java-sdk-kms/1.12.261/aws-java-sdk-kms-1.12.261.jar:/home/runner/.m2/repository/com/amazonaws/jmespath-java/1.12.261/jmespath-java-1.12.261.jar:/home/runner/.m2/repository/org/kohsuke/metainf-services/metainf-services/1.8/metainf-services-1.8.jar:/home/runner/.m2/repository/org/apache/ozone/hdds-tools/1.4.0-SNAPSHOT/hdds-tools-1.4.0-SNAPSHOT.jar:/home/runner/.m2/repository/org/apache/ratis/ratis-tools/2.4.2-8b8bdda-SNAPSHOT/ratis-tools-2.4.2-8b8bdda-SNAPSHOT.jar:/home/runner/.m2/repository/commons-cli/commons-cli/1.2/commons-cli-1.2.jar:/home/runner/.m2/repository/org/apache/commons/commons-lang3/3.7/commons-lang3-3.7.jar:/home/runner/.m2/repository/org/apache/ozone/ozone-manager/1.4.0-SNAPSHOT/ozone-manager-1.4.0-SNAPSHOT-tests.jar:/home/runner/.m2/repository/org/apache/ozone/hdds-common/1.4.0-SNAPSHOT/hdds-common-1.4.0-SNAPSHOT-tests.jar:/home/runner/.m2/repository/org/apache/ozone/hdds-hadoop-dependency-client/1.4.0-SNAPSHOT/hdds-hadoop-dependency-client-1.4.0-SNAPSHOT.jar:/home/runner/.m2/repository/info/picocli/picocli/4.6.1/picocli-4.6.1.jar:/home/runner/.m2/repository/com/fasterxml/jackson/core/jackson-annotations/2.13.4/jackson-annotations-2.13.4.jar:/home/runner/.m2/repository/org/apache/ozone/hdds-annotation-processing/1.4.0-SNAPSHOT/hdds-annotation-processing-1.4.0-SNAPSHOT.jar:/home/runner/.m2/repository/javax/annotation/javax.annotation-api/1.2/javax.annotation-api-1.2.jar:/home/runner/.m2/repository/org/apache/ratis/ratis-netty/2.4.2-8b8bdda-SNAPSHOT/ratis-netty-2.4.2-8b8bdda-SNAPSHOT.jar:/home/runner/.m2/repository/org/apache/ratis/ratis-grpc/2.4.2-8b8bdda-SNAPSHOT/ratis-grpc-2.4.2-8b8bdda-SNAPSHOT.jar:/home/runner/.m2/repository/org/apache/logging/log4j/log4j-api/2.17.1/log4j-api-2.17.1.jar:/home/runner/.m2/repository/org/apache/commons/commons-pool2/2.6.0/commons-pool2-2.6.0.jar:/home/runner/.m2/repository/org/bouncycastle/bcpkix-jdk15on/1.67/bcpkix-jdk15on-1.67.jar:/home/runner/.m2/repository/commons-validator/commons-validator/1.6/commons-validator-1.6.jar:/home/runner/.m2/repository/commons-beanutils/commons-beanutils/1.9.4/commons-beanutils-1.9.4.jar:/home/runner/.m2/repository/commons-digester/commons-digester/1.8.1/commons-digester-1.8.1.jar:/home/runner/.m2/repository/commons-collections/commons-collections/3.2.2/commons-collections-3.2.2.jar:/home/runner/.m2/repository/io/jaegertracing/jaeger-client/1.6.0/jaeger-client-1.6.0.jar:/home/runner/.m2/repository/io/jaegertracing/jaeger-thrift/1.6.0/jaeger-thrift-1.6.0.jar:/home/runner/.m2/repository/org/apache/thrift/libthrift/0.14.1/libthrift-0.14.1.jar:/home/runner/.m2/repository/io/jaegertracing/jaeger-core/1.6.0/jaeger-core-1.6.0.jar:/home/runner/.m2/repository/io/jaegertracing/jaeger-tracerresolver/1.6.0/jaeger-tracerresolver-1.6.0.jar:/home/runner/.m2/repository/io/opentracing/contrib/opentracing-tracerresolver/0.1.8/opentracing-tracerresolver-0.1.8.jar:/home/runner/.m2/repository/org/jetbrains/kotlin/kotlin-stdlib/1.6.21/kotlin-stdlib-1.6.21.jar:/home/runner/.m2/repository/org/jetbrains/annotations/13.0/annotations-13.0.jar:/home/runner/.m2/repository/io/opentracing/opentracing-util/0.33.0/opentracing-util-0.33.0.jar:/home/runner/.m2/repository/io/opentracing/opentracing-api/0.33.0/opentracing-api-0.33.0.jar:/home/runner/.m2/repository/io/opentracing/opentracing-noop/0.33.0/opentracing-noop-0.33.0.jar:/home/runner/.m2/repository/org/yaml/snakeyaml/2.0/snakeyaml-2.0.jar:/home/runner/.m2/repository/junit/junit/4.13.1/junit-4.13.1.jar:/home/runner/.m2/repository/org/hamcrest/hamcrest-core/1.3/hamcrest-core-1.3.jar:/home/runner/.m2/repository/org/junit/jupiter/junit-jupiter-api/5.8.2/junit-jupiter-api-5.8.2.jar:/home/runner/.m2/repository/org/opentest4j/opentest4j/1.2.0/opentest4j-1.2.0.jar:/home/runner/.m2/repository/org/junit/platform/junit-platform-commons/1.8.2/junit-platform-commons-1.8.2.jar:/home/runner/.m2/repository/org/apiguardian/apiguardian-api/1.1.2/apiguardian-api-1.1.2.jar:/home/runner/.m2/repository/org/junit/jupiter/junit-jupiter-params/5.8.2/junit-jupiter-params-5.8.2.jar:/home/runner/.m2/repository/org/junit/jupiter/junit-jupiter-migrationsupport/5.8.2/junit-jupiter-migrationsupport-5.8.2.jar:/home/runner/.m2/repository/org/junit/jupiter/junit-jupiter-engine/5.8.2/junit-jupiter-engine-5.8.2.jar:/home/runner/.m2/repository/org/junit/platform/junit-platform-engine/1.8.2/junit-platform-engine-1.8.2.jar:/home/runner/.m2/repository/org/junit/vintage/junit-vintage-engine/5.8.2/junit-vintage-engine-5.8.2.jar:/home/runner/.m2/repository/org/junit/platform/junit-platform-launcher/1.8.2/junit-platform-launcher-1.8.2.jar:/home/runner/.m2/repository/org/mockito/mockito-core/2.28.2/mockito-core-2.28.2.jar:/home/runner/.m2/repository/net/bytebuddy/byte-buddy/1.9.10/byte-buddy-1.9.10.jar:/home/runner/.m2/repository/net/bytebuddy/byte-buddy-agent/1.9.10/byte-buddy-agent-1.9.10.jar:/home/runner/.m2/repository/org/objenesis/objenesis/1.0/objenesis-1.0.jar:/home/runner/.m2/repository/org/apache/hadoop/hadoop-kms/3.3.4/hadoop-kms-3.3.4.jar:/home/runner/.m2/repository/org/apache/hadoop/hadoop-auth/3.3.4/hadoop-auth-3.3.4.jar:/home/runner/.m2/repository/com/nimbusds/nimbus-jose-jwt/9.8.1/nimbus-jose-jwt-9.8.1.jar:/home/runner/.m2/repository/com/github/stephenc/jcip/jcip-annotations/1.0-1/jcip-annotations-1.0-1.jar:/home/runner/.m2/repository/net/minidev/json-smart/2.4.7/json-smart-2.4.7.jar:/home/runner/.m2/repository/net/minidev/accessors-smart/2.4.7/accessors-smart-2.4.7.jar:/home/runner/.m2/repository/org/ow2/asm/asm/5.0.4/asm-5.0.4.jar:/home/runner/.m2/repository/org/apache/zookeeper/zookeeper/3.5.6/zookeeper-3.5.6.jar:/home/runner/.m2/repository/org/apache/zookeeper/zookeeper-jute/3.5.6/zookeeper-jute-3.5.6.jar:/home/runner/.m2/repository/org/apache/yetus/audience-annotations/0.5.0/audience-annotations-0.5.0.jar:/home/runner/.m2/repository/org/apache/curator/curator-framework/4.2.0/curator-framework-4.2.0.jar:/home/runner/.m2/repository/org/apache/hadoop/thirdparty/hadoop-shaded-guava/1.1.1/hadoop-shaded-guava-1.1.1.jar:/home/runner/.m2/repository/com/sun/jersey/jersey-core/1.19/jersey-core-1.19.jar:/home/runner/.m2/repository/javax/ws/rs/jsr311-api/1.1.1/jsr311-api-1.1.1.jar:/home/runner/.m2/repository/com/sun/jersey/jersey-server/1.19/jersey-server-1.19.jar:/home/runner/.m2/repository/javax/servlet/javax.servlet-api/3.1.0/javax.servlet-api-3.1.0.jar:/home/runner/.m2/repository/org/apache/hadoop/hadoop-common/3.3.4/hadoop-common-3.3.4.jar:/home/runner/.m2/repository/org/apache/commons/commons-math3/3.1.1/commons-math3-3.1.1.jar:/home/runner/.m2/repository/commons-net/commons-net/3.9.0/commons-net-3.9.0.jar:/home/runner/.m2/repository/com/sun/jersey/jersey-servlet/1.19/jersey-servlet-1.19.jar:/home/runner/.m2/repository/com/sun/jersey/jersey-json/1.19/jersey-json-1.19.jar:/home/runner/.m2/repository/org/codehaus/jettison/jettison/1.1/jettison-1.1.jar:/home/runner/.m2/repository/com/sun/xml/bind/jaxb-impl/2.2.3-1/jaxb-impl-2.2.3-1.jar:/home/runner/.m2/repository/org/codehaus/jackson/jackson-jaxrs/1.9.2/jackson-jaxrs-1.9.2.jar:/home/runner/.m2/repository/org/codehaus/jackson/jackson-xc/1.9.2/jackson-xc-1.9.2.jar:/home/runner/.m2/repository/com/google/re2j/re2j/1.1/re2j-1.1.jar:/home/runner/.m2/repository/com/jcraft/jsch/0.1.54/jsch-0.1.54.jar:/home/runner/.m2/repository/org/apache/curator/curator-client/4.2.0/curator-client-4.2.0.jar:/home/runner/.m2/repository/org/apache/curator/curator-recipes/4.2.0/curator-recipes-4.2.0.jar:/home/runner/.m2/repository/org/apache/kerby/kerb-core/1.0.1/kerb-core-1.0.1.jar:/home/runner/.m2/repository/org/apache/kerby/kerby-pkix/1.0.1/kerby-pkix-1.0.1.jar:/home/runner/.m2/repository/org/apache/kerby/kerby-asn1/1.0.1/kerby-asn1-1.0.1.jar:/home/runner/.m2/repository/org/apache/kerby/kerby-util/1.0.1/kerby-util-1.0.1.jar:/home/runner/.m2/repository/dnsjava/dnsjava/2.1.7/dnsjava-2.1.7.jar:/home/runner/.m2/repository/org/xerial/snappy/snappy-java/1.1.8.2/snappy-java-1.1.8.2.jar:/home/runner/.m2/repository/com/fasterxml/jackson/core/jackson-databind/2.13.4.2/jackson-databind-2.13.4.2.jar:/home/runner/.m2/repository/org/apache/hadoop/hadoop-kms/3.3.4/hadoop-kms-3.3.4-tests.jar:/home/runner/.m2/repository/org/apache/ozone/hdds-server-scm/1.4.0-SNAPSHOT/hdds-server-scm-1.4.0-SNAPSHOT-tests.jar:/home/runner/.m2/repository/org/apache/ozone/hdds-container-service/1.4.0-SNAPSHOT/hdds-container-service-1.4.0-SNAPSHOT-tests.jar:/home/runner/.m2/repository/com/github/luben/zstd-jni/1.5.2-5/zstd-jni-1.5.2-5.jar:/home/runner/.m2/repository/commons-codec/commons-codec/1.15/commons-codec-1.15.jar:/home/runner/.m2/repository/io/netty/netty-codec/4.1.86.Final/netty-codec-4.1.86.Final.jar:/home/runner/.m2/repository/io/netty/netty-handler/4.1.86.Final/netty-handler-4.1.86.Final.jar:/home/runner/.m2/repository/org/apache/ozone/hdds-hadoop-dependency-test/1.4.0-SNAPSHOT/hdds-hadoop-dependency-test-1.4.0-SNAPSHOT.jar:/home/runner/.m2/repository/org/apache/hadoop/hadoop-common/3.3.4/hadoop-common-3.3.4-tests.jar:/home/runner/.m2/repository/org/apache/hadoop/hadoop-hdfs/3.3.4/hadoop-hdfs-3.3.4-tests.jar:/home/runner/.m2/repository/org/assertj/assertj-core/3.12.2/assertj-core-3.12.2.jar:/home/runner/.m2/repository/org/apache/hadoop/hadoop-distcp/3.3.4/hadoop-distcp-3.3.4.jar:/home/runner/.m2/repository/org/apache/hadoop/hadoop-mapreduce-client-jobclient/3.3.4/hadoop-mapreduce-client-jobclient-3.3.4.jar:/home/runner/.m2/repository/org/apache/hadoop/hadoop-mapreduce-client-common/3.3.4/hadoop-mapreduce-client-common-3.3.4.jar:/home/runner/.m2/repository/org/apache/hadoop/hadoop-yarn-common/3.3.4/hadoop-yarn-common-3.3.4.jar:/home/runner/.m2/repository/org/apache/hadoop/hadoop-yarn-api/3.3.4/hadoop-yarn-api-3.3.4.jar:/home/runner/.m2/repository/com/sun/jersey/contribs/jersey-guice/1.19/jersey-guice-1.19.jar:/home/runner/.m2/repository/com/fasterxml/jackson/jaxrs/jackson-jaxrs-json-provider/2.13.4/jackson-jaxrs-json-provider-2.13.4.jar:/home/runner/.m2/repository/com/fasterxml/jackson/jaxrs/jackson-jaxrs-base/2.13.4/jackson-jaxrs-base-2.13.4.jar:/home/runner/.m2/repository/org/apache/hadoop/hadoop-yarn-client/3.3.4/hadoop-yarn-client-3.3.4.jar:/home/runner/.m2/repository/org/eclipse/jetty/websocket/websocket-client/9.4.43.v20210629/websocket-client-9.4.43.v20210629.jar:/home/runner/.m2/repository/org/eclipse/jetty/websocket/websocket-common/9.4.43.v20210629/websocket-common-9.4.43.v20210629.jar:/home/runner/.m2/repository/org/eclipse/jetty/websocket/websocket-api/9.4.43.v20210629/websocket-api-9.4.43.v20210629.jar:/home/runner/.m2/repository/org/jline/jline/3.9.0/jline-3.9.0.jar:/home/runner/.m2/repository/org/apache/hadoop/hadoop-mapreduce-client-core/3.3.4/hadoop-mapreduce-client-core-3.3.4.jar:/home/runner/.m2/repository/org/apache/avro/avro/1.7.7/avro-1.7.7.jar:/home/runner/.m2/repository/org/codehaus/jackson/jackson-core-asl/1.9.13/jackson-core-asl-1.9.13.jar:/home/runner/.m2/repository/org/codehaus/jackson/jackson-mapper-asl/1.9.13/jackson-mapper-asl-1.9.13.jar:/home/runner/.m2/repository/com/thoughtworks/paranamer/paranamer/2.3/paranamer-2.3.jar:/home/runner/.m2/repository/org/apache/hadoop/hadoop-annotations/3.3.4/hadoop-annotations-3.3.4.jar:/usr/lib/jvm/temurin-8-jdk-amd64/jre/../lib/tools.jar:/home/runner/.m2/repository/io/netty/netty/3.10.6.Final/netty-3.10.6.Final.jar:/home/runner/.m2/repository/org/apache/hadoop/hadoop-distcp/3.3.4/hadoop-distcp-3.3.4-tests.jar:/home/runner/.m2/repository/org/slf4j/jul-to-slf4j/1.7.36/jul-to-slf4j-1.7.36.jar:"/>
    <property name="java.vm.vendor" value="Temurin"/>
    <property name="sun.arch.data.model" value="64"/>
    <property name="test.build.dir" value="/home/runner/work/ozone/ozone/hadoop-ozone/integration-test/target/test-dir"/>
    <property name="test.cache.data" value=""/>
    <property name="java.vendor.url" value="https://adoptium.net/"/>
    <property name="user.timezone" value="Etc/UTC"/>
    <property name="java.vm.specification.version" value="1.8"/>
    <property name="os.name" value="Linux"/>
    <property name="test.build.data" value="/home/runner/work/ozone/ozone/hadoop-ozone/integration-test/target/test-dir"/>
    <property name="sun.java.launcher" value="SUN_STANDARD"/>
    <property name="sun.boot.library.path" value="/usr/lib/jvm/temurin-8-jdk-amd64/jre/lib/amd64"/>
    <property name="sun.java.command" value="/home/runner/work/ozone/ozone/hadoop-ozone/integration-test/target/surefire/surefirebooter8035463172914396692.jar /home/runner/work/ozone/ozone/hadoop-ozone/integration-test/target/surefire 2023-03-10T22-30-26_617-jvmRun1 surefire2011930160417890692tmp surefire_08452351828681449245tmp"/>
    <property name="surefire.test.class.path" value="/home/runner/work/ozone/ozone/hadoop-ozone/integration-test/target/test-classes:/home/runner/work/ozone/ozone/hadoop-ozone/integration-test/target/classes:/home/runner/.m2/repository/org/apache/ozone/ozone-common/1.4.0-SNAPSHOT/ozone-common-1.4.0-SNAPSHOT.jar:/home/runner/.m2/repository/io/grpc/grpc-netty/1.51.1/grpc-netty-1.51.1.jar:/home/runner/.m2/repository/io/grpc/grpc-core/1.51.1/grpc-core-1.51.1.jar:/home/runner/.m2/repository/com/google/android/annotations/4.1.1.4/annotations-4.1.1.4.jar:/home/runner/.m2/repository/org/codehaus/mojo/animal-sniffer-annotations/1.21/animal-sniffer-annotations-1.21.jar:/home/runner/.m2/repository/com/google/errorprone/error_prone_annotations/2.2.0/error_prone_annotations-2.2.0.jar:/home/runner/.m2/repository/io/perfmark/perfmark-api/0.25.0/perfmark-api-0.25.0.jar:/home/runner/.m2/repository/io/netty/netty-codec-http2/4.1.86.Final/netty-codec-http2-4.1.86.Final.jar:/home/runner/.m2/repository/io/netty/netty-common/4.1.86.Final/netty-common-4.1.86.Final.jar:/home/runner/.m2/repository/io/netty/netty-buffer/4.1.86.Final/netty-buffer-4.1.86.Final.jar:/home/runner/.m2/repository/io/netty/netty-codec-http/4.1.86.Final/netty-codec-http-4.1.86.Final.jar:/home/runner/.m2/repository/io/netty/netty-handler-proxy/4.1.86.Final/netty-handler-proxy-4.1.86.Final.jar:/home/runner/.m2/repository/io/netty/netty-codec-socks/4.1.86.Final/netty-codec-socks-4.1.86.Final.jar:/home/runner/.m2/repository/io/netty/netty-tcnative-boringssl-static/2.0.54.Final/netty-tcnative-boringssl-static-2.0.54.Final.jar:/home/runner/.m2/repository/io/netty/netty-tcnative-classes/2.0.54.Final/netty-tcnative-classes-2.0.54.Final.jar:/home/runner/.m2/repository/io/netty/netty-tcnative-boringssl-static/2.0.54.Final/netty-tcnative-boringssl-static-2.0.54.Final-linux-x86_64.jar:/home/runner/.m2/repository/io/netty/netty-tcnative-boringssl-static/2.0.54.Final/netty-tcnative-boringssl-static-2.0.54.Final-linux-aarch_64.jar:/home/runner/.m2/repository/io/netty/netty-tcnative-boringssl-static/2.0.54.Final/netty-tcnative-boringssl-static-2.0.54.Final-osx-x86_64.jar:/home/runner/.m2/repository/io/netty/netty-tcnative-boringssl-static/2.0.54.Final/netty-tcnative-boringssl-static-2.0.54.Final-osx-aarch_64.jar:/home/runner/.m2/repository/io/netty/netty-tcnative-boringssl-static/2.0.54.Final/netty-tcnative-boringssl-static-2.0.54.Final-windows-x86_64.jar:/home/runner/.m2/repository/org/apache/commons/commons-compress/1.21/commons-compress-1.21.jar:/home/runner/.m2/repository/org/apache/ozone/hdds-common/1.4.0-SNAPSHOT/hdds-common-1.4.0-SNAPSHOT.jar:/home/runner/.m2/repository/org/apache/ozone/hdds-client/1.4.0-SNAPSHOT/hdds-client-1.4.0-SNAPSHOT.jar:/home/runner/.m2/repository/org/apache/ozone/ozone-interface-client/1.4.0-SNAPSHOT/ozone-interface-client-1.4.0-SNAPSHOT.jar:/home/runner/.m2/repository/org/apache/ozone/hdds-test-utils/1.4.0-SNAPSHOT/hdds-test-utils-1.4.0-SNAPSHOT.jar:/home/runner/.m2/repository/com/google/guava/guava/31.1-jre/guava-31.1-jre.jar:/home/runner/.m2/repository/com/google/guava/failureaccess/1.0.1/failureaccess-1.0.1.jar:/home/runner/.m2/repository/com/google/guava/listenablefuture/9999.0-empty-to-avoid-conflict-with-guava/listenablefuture-9999.0-empty-to-avoid-conflict-with-guava.jar:/home/runner/.m2/repository/com/google/code/findbugs/jsr305/3.0.0/jsr305-3.0.0.jar:/home/runner/.m2/repository/org/checkerframework/checker-qual/3.12.0/checker-qual-3.12.0.jar:/home/runner/.m2/repository/com/google/j2objc/j2objc-annotations/1.3/j2objc-annotations-1.3.jar:/home/runner/.m2/repository/commons-io/commons-io/2.11.0/commons-io-2.11.0.jar:/home/runner/.m2/repository/commons-logging/commons-logging/1.2/commons-logging-1.2.jar:/home/runner/.m2/repository/ch/qos/reload4j/reload4j/1.2.22/reload4j-1.2.22.jar:/home/runner/.m2/repository/org/slf4j/slf4j-api/1.7.36/slf4j-api-1.7.36.jar:/home/runner/.m2/repository/org/apache/ozone/hdds-server-scm/1.4.0-SNAPSHOT/hdds-server-scm-1.4.0-SNAPSHOT.jar:/home/runner/.m2/repository/org/apache/ozone/hdds-container-service/1.4.0-SNAPSHOT/hdds-container-service-1.4.0-SNAPSHOT.jar:/home/runner/.m2/repository/org/apache/ozone/hdds-hadoop-dependency-server/1.4.0-SNAPSHOT/hdds-hadoop-dependency-server-1.4.0-SNAPSHOT.jar:/home/runner/.m2/repository/org/apache/hadoop/hadoop-hdfs/3.3.4/hadoop-hdfs-3.3.4.jar:/home/runner/.m2/repository/commons-daemon/commons-daemon/1.0.13/commons-daemon-1.0.13.jar:/home/runner/.m2/repository/org/apache/ozone/hdds-server-framework/1.4.0-SNAPSHOT/hdds-server-framework-1.4.0-SNAPSHOT.jar:/home/runner/.m2/repository/io/dropwizard/metrics/metrics-core/3.2.4/metrics-core-3.2.4.jar:/home/runner/.m2/repository/org/apache/commons/commons-text/1.4/commons-text-1.4.jar:/home/runner/.m2/repository/org/apache/hadoop/hadoop-hdfs-client/3.3.4/hadoop-hdfs-client-3.3.4.jar:/home/runner/.m2/repository/com/squareup/okhttp3/okhttp/4.9.3/okhttp-4.9.3.jar:/home/runner/.m2/repository/com/squareup/okio/okio/2.8.0/okio-2.8.0.jar:/home/runner/.m2/repository/org/jetbrains/kotlin/kotlin-stdlib-common/1.6.21/kotlin-stdlib-common-1.6.21.jar:/home/runner/.m2/repository/org/bouncycastle/bcprov-jdk15on/1.67/bcprov-jdk15on-1.67.jar:/home/runner/.m2/repository/com/google/protobuf/protobuf-java/2.5.0/protobuf-java-2.5.0.jar:/home/runner/.m2/repository/org/apache/ozone/hdds-server-framework/1.4.0-SNAPSHOT/hdds-server-framework-1.4.0-SNAPSHOT-tests.jar:/home/runner/.m2/repository/org/apache/ozone/hdds-interface-server/1.4.0-SNAPSHOT/hdds-interface-server-1.4.0-SNAPSHOT.jar:/home/runner/.m2/repository/org/apache/ozone/hdds-interface-admin/1.4.0-SNAPSHOT/hdds-interface-admin-1.4.0-SNAPSHOT.jar:/home/runner/.m2/repository/org/apache/ozone/hdds-managed-rocksdb/1.4.0-SNAPSHOT/hdds-managed-rocksdb-1.4.0-SNAPSHOT.jar:/home/runner/.m2/repository/org/rocksdb/rocksdbjni/7.7.3/rocksdbjni-7.7.3.jar:/home/runner/.m2/repository/org/slf4j/slf4j-reload4j/1.7.36/slf4j-reload4j-1.7.36.jar:/home/runner/.m2/repository/org/apache/commons/commons-configuration2/2.1.1/commons-configuration2-2.1.1.jar:/home/runner/.m2/repository/org/apache/logging/log4j/log4j-core/2.17.1/log4j-core-2.17.1.jar:/home/runner/.m2/repository/com/lmax/disruptor/3.4.2/disruptor-3.4.2.jar:/home/runner/.m2/repository/org/eclipse/jetty/jetty-util/9.4.49.v20220914/jetty-util-9.4.49.v20220914.jar:/home/runner/.m2/repository/org/eclipse/jetty/jetty-server/9.4.49.v20220914/jetty-server-9.4.49.v20220914.jar:/home/runner/.m2/repository/org/eclipse/jetty/jetty-http/9.4.49.v20220914/jetty-http-9.4.49.v20220914.jar:/home/runner/.m2/repository/org/eclipse/jetty/jetty-io/9.4.49.v20220914/jetty-io-9.4.49.v20220914.jar:/home/runner/.m2/repository/org/eclipse/jetty/jetty-servlet/9.4.49.v20220914/jetty-servlet-9.4.49.v20220914.jar:/home/runner/.m2/repository/org/eclipse/jetty/jetty-security/9.4.49.v20220914/jetty-security-9.4.49.v20220914.jar:/home/runner/.m2/repository/org/eclipse/jetty/jetty-util-ajax/9.4.49.v20220914/jetty-util-ajax-9.4.49.v20220914.jar:/home/runner/.m2/repository/org/eclipse/jetty/jetty-webapp/9.4.49.v20220914/jetty-webapp-9.4.49.v20220914.jar:/home/runner/.m2/repository/org/eclipse/jetty/jetty-xml/9.4.49.v20220914/jetty-xml-9.4.49.v20220914.jar:/home/runner/.m2/repository/org/apache/ratis/ratis-server/2.4.2-8b8bdda-SNAPSHOT/ratis-server-2.4.2-8b8bdda-SNAPSHOT.jar:/home/runner/.m2/repository/org/apache/ratis/ratis-thirdparty-misc/1.0.3/ratis-thirdparty-misc-1.0.3.jar:/home/runner/.m2/repository/org/apache/ratis/ratis-proto/2.4.2-8b8bdda-SNAPSHOT/ratis-proto-2.4.2-8b8bdda-SNAPSHOT.jar:/home/runner/.m2/repository/org/apache/ratis/ratis-common/2.4.2-8b8bdda-SNAPSHOT/ratis-common-2.4.2-8b8bdda-SNAPSHOT.jar:/home/runner/.m2/repository/org/apache/ratis/ratis-client/2.4.2-8b8bdda-SNAPSHOT/ratis-client-2.4.2-8b8bdda-SNAPSHOT.jar:/home/runner/.m2/repository/org/apache/ratis/ratis-server-api/2.4.2-8b8bdda-SNAPSHOT/ratis-server-api-2.4.2-8b8bdda-SNAPSHOT.jar:/home/runner/.m2/repository/org/apache/ratis/ratis-metrics/2.4.2-8b8bdda-SNAPSHOT/ratis-metrics-2.4.2-8b8bdda-SNAPSHOT.jar:/home/runner/.m2/repository/io/prometheus/simpleclient_dropwizard/0.7.0/simpleclient_dropwizard-0.7.0.jar:/home/runner/.m2/repository/io/prometheus/simpleclient/0.7.0/simpleclient-0.7.0.jar:/home/runner/.m2/repository/io/prometheus/simpleclient_common/0.7.0/simpleclient_common-0.7.0.jar:/home/runner/.m2/repository/com/fasterxml/jackson/datatype/jackson-datatype-jsr310/2.13.4/jackson-datatype-jsr310-2.13.4.jar:/home/runner/.m2/repository/com/fasterxml/jackson/core/jackson-core/2.13.4/jackson-core-2.13.4.jar:/home/runner/.m2/repository/com/github/spotbugs/spotbugs-annotations/3.1.12/spotbugs-annotations-3.1.12.jar:/home/runner/.m2/repository/org/apache/ozone/rocksdb-checkpoint-differ/1.4.0-SNAPSHOT/rocksdb-checkpoint-differ-1.4.0-SNAPSHOT.jar:/home/runner/.m2/repository/org/awaitility/awaitility/4.2.0/awaitility-4.2.0.jar:/home/runner/.m2/repository/org/hamcrest/hamcrest/2.1/hamcrest-2.1.jar:/home/runner/.m2/repository/org/apache/ozone/ozone-manager/1.4.0-SNAPSHOT/ozone-manager-1.4.0-SNAPSHOT.jar:/home/runner/.m2/repository/org/aspectj/aspectjrt/1.9.7/aspectjrt-1.9.7.jar:/home/runner/.m2/repository/org/aspectj/aspectjweaver/1.9.7/aspectjweaver-1.9.7.jar:/home/runner/.m2/repository/org/apache/ozone/hdds-interface-client/1.4.0-SNAPSHOT/hdds-interface-client-1.4.0-SNAPSHOT.jar:/home/runner/.m2/repository/org/apache/hadoop/thirdparty/hadoop-shaded-protobuf_3_7/1.1.1/hadoop-shaded-protobuf_3_7-1.1.1.jar:/home/runner/.m2/repository/org/apache/ozone/ozone-interface-storage/1.4.0-SNAPSHOT/ozone-interface-storage-1.4.0-SNAPSHOT.jar:/home/runner/.m2/repository/org/reflections/reflections/0.9.11/reflections-0.9.11.jar:/home/runner/.m2/repository/com/sun/jersey/jersey-client/1.19/jersey-client-1.19.jar:/home/runner/.m2/repository/org/apache/ranger/ranger-intg/2.3.0/ranger-intg-2.3.0.jar:/home/runner/.m2/repository/org/apache/ranger/ranger-plugins-common/2.3.0/ranger-plugins-common-2.3.0.jar:/home/runner/.m2/repository/commons-lang/commons-lang/2.6/commons-lang-2.6.jar:/home/runner/.m2/repository/org/apache/ranger/ranger-plugins-cred/2.3.0/ranger-plugins-cred-2.3.0.jar:/home/runner/.m2/repository/org/apache/ranger/ranger-plugins-audit/2.3.0/ranger-plugins-audit-2.3.0.jar:/home/runner/.m2/repository/org/eclipse/jetty/jetty-client/9.4.49.v20220914/jetty-client-9.4.49.v20220914.jar:/home/runner/.m2/repository/org/apache/httpcomponents/httpmime/4.5.6/httpmime-4.5.6.jar:/home/runner/.m2/repository/org/apache/httpcomponents/httpcore-nio/4.4.13/httpcore-nio-4.4.13.jar:/home/runner/.m2/repository/org/apache/httpcomponents/httpasyncclient/4.1.3/httpasyncclient-4.1.3.jar:/home/runner/.m2/repository/com/carrotsearch/hppc/0.8.0/hppc-0.8.0.jar:/home/runner/.m2/repository/org/apache/orc/orc-core/1.5.8/orc-core-1.5.8.jar:/home/runner/.m2/repository/net/java/dev/jna/jna/5.2.0/jna-5.2.0.jar:/home/runner/.m2/repository/net/java/dev/jna/jna-platform/5.2.0/jna-platform-5.2.0.jar:/home/runner/.m2/repository/com/kstruct/gethostname4j/0.0.2/gethostname4j-0.0.2.jar:/home/runner/.m2/repository/org/apache/ranger/ranger-plugin-classloader/2.3.0/ranger-plugin-classloader-2.3.0.jar:/home/runner/.m2/repository/org/apache/hadoop/hadoop-minikdc/3.3.4/hadoop-minikdc-3.3.4.jar:/home/runner/.m2/repository/org/apache/kerby/kerb-simplekdc/1.0.1/kerb-simplekdc-1.0.1.jar:/home/runner/.m2/repository/org/apache/kerby/kerb-client/1.0.1/kerb-client-1.0.1.jar:/home/runner/.m2/repository/org/apache/kerby/kerby-config/1.0.1/kerby-config-1.0.1.jar:/home/runner/.m2/repository/org/apache/kerby/kerb-common/1.0.1/kerb-common-1.0.1.jar:/home/runner/.m2/repository/org/apache/kerby/kerb-crypto/1.0.1/kerb-crypto-1.0.1.jar:/home/runner/.m2/repository/org/apache/kerby/kerb-util/1.0.1/kerb-util-1.0.1.jar:/home/runner/.m2/repository/org/apache/kerby/token-provider/1.0.1/token-provider-1.0.1.jar:/home/runner/.m2/repository/org/apache/kerby/kerb-admin/1.0.1/kerb-admin-1.0.1.jar:/home/runner/.m2/repository/org/apache/kerby/kerb-server/1.0.1/kerb-server-1.0.1.jar:/home/runner/.m2/repository/org/apache/kerby/kerb-identity/1.0.1/kerb-identity-1.0.1.jar:/home/runner/.m2/repository/org/apache/kerby/kerby-xdr/1.0.1/kerby-xdr-1.0.1.jar:/home/runner/.m2/repository/org/apache/ozone/ozone-s3gateway/1.4.0-SNAPSHOT/ozone-s3gateway-1.4.0-SNAPSHOT.jar:/home/runner/.m2/repository/org/javassist/javassist/3.21.0-GA/javassist-3.21.0-GA.jar:/home/runner/.m2/repository/org/jboss/weld/servlet/weld-servlet-shaded/3.1.9.Final/weld-servlet-shaded-3.1.9.Final.jar:/home/runner/.m2/repository/org/glassfish/jersey/containers/jersey-container-servlet-core/2.34/jersey-container-servlet-core-2.34.jar:/home/runner/.m2/repository/org/glassfish/hk2/external/jakarta.inject/2.6.1/jakarta.inject-2.6.1.jar:/home/runner/.m2/repository/org/glassfish/jersey/core/jersey-common/2.34/jersey-common-2.34.jar:/home/runner/.m2/repository/jakarta/ws/rs/jakarta.ws.rs-api/2.1.6/jakarta.ws.rs-api-2.1.6.jar:/home/runner/.m2/repository/org/glassfish/jersey/ext/cdi/jersey-cdi1x/2.34/jersey-cdi1x-2.34.jar:/home/runner/.m2/repository/org/glassfish/jersey/inject/jersey-hk2/2.34/jersey-hk2-2.34.jar:/home/runner/.m2/repository/org/glassfish/hk2/hk2-locator/2.6.1/hk2-locator-2.6.1.jar:/home/runner/.m2/repository/org/glassfish/jersey/media/jersey-media-jaxb/2.34/jersey-media-jaxb-2.34.jar:/home/runner/.m2/repository/org/glassfish/hk2/osgi-resource-locator/1.0.3/osgi-resource-locator-1.0.3.jar:/home/runner/.m2/repository/org/glassfish/hk2/hk2-api/2.5.0/hk2-api-2.5.0.jar:/home/runner/.m2/repository/org/glassfish/hk2/hk2-utils/2.5.0/hk2-utils-2.5.0.jar:/home/runner/.m2/repository/org/glassfish/hk2/external/aopalliance-repackaged/2.5.0/aopalliance-repackaged-2.5.0.jar:/home/runner/.m2/repository/com/fasterxml/jackson/dataformat/jackson-dataformat-xml/2.13.4/jackson-dataformat-xml-2.13.4.jar:/home/runner/.m2/repository/org/codehaus/woodstox/stax2-api/4.2.1/stax2-api-4.2.1.jar:/home/runner/.m2/repository/com/fasterxml/woodstox/woodstox-core/5.4.0/woodstox-core-5.4.0.jar:/home/runner/.m2/repository/com/fasterxml/jackson/module/jackson-module-jaxb-annotations/2.13.4/jackson-module-jaxb-annotations-2.13.4.jar:/home/runner/.m2/repository/jakarta/xml/bind/jakarta.xml.bind-api/2.3.3/jakarta.xml.bind-api-2.3.3.jar:/home/runner/.m2/repository/jakarta/activation/jakarta.activation-api/1.2.2/jakarta.activation-api-1.2.2.jar:/home/runner/.m2/repository/javax/enterprise/cdi-api/2.0/cdi-api-2.0.jar:/home/runner/.m2/repository/javax/el/javax.el-api/3.0.0/javax.el-api-3.0.0.jar:/home/runner/.m2/repository/javax/interceptor/javax.interceptor-api/1.2/javax.interceptor-api-1.2.jar:/home/runner/.m2/repository/javax/inject/javax.inject/1/javax.inject-1.jar:/home/runner/.m2/repository/javax/xml/bind/jaxb-api/2.3.0/jaxb-api-2.3.0.jar:/home/runner/.m2/repository/org/glassfish/jaxb/jaxb-runtime/2.3.0.1/jaxb-runtime-2.3.0.1.jar:/home/runner/.m2/repository/org/glassfish/jaxb/jaxb-core/2.3.0.1/jaxb-core-2.3.0.1.jar:/home/runner/.m2/repository/org/glassfish/jaxb/txw2/2.3.0.1/txw2-2.3.0.1.jar:/home/runner/.m2/repository/com/sun/istack/istack-commons-runtime/3.0.5/istack-commons-runtime-3.0.5.jar:/home/runner/.m2/repository/org/jvnet/staxex/stax-ex/1.7.8/stax-ex-1.7.8.jar:/home/runner/.m2/repository/com/sun/xml/fastinfoset/FastInfoset/1.2.13/FastInfoset-1.2.13.jar:/home/runner/.m2/repository/javax/activation/activation/1.1.1/activation-1.1.1.jar:/home/runner/.m2/repository/io/grpc/grpc-protobuf/1.51.1/grpc-protobuf-1.51.1.jar:/home/runner/.m2/repository/io/grpc/grpc-api/1.51.1/grpc-api-1.51.1.jar:/home/runner/.m2/repository/io/grpc/grpc-context/1.51.1/grpc-context-1.51.1.jar:/home/runner/.m2/repository/com/google/api/grpc/proto-google-common-protos/2.9.0/proto-google-common-protos-2.9.0.jar:/home/runner/.m2/repository/io/grpc/grpc-protobuf-lite/1.51.1/grpc-protobuf-lite-1.51.1.jar:/home/runner/.m2/repository/io/grpc/grpc-stub/1.51.1/grpc-stub-1.51.1.jar:/home/runner/.m2/repository/io/netty/netty-transport/4.1.86.Final/netty-transport-4.1.86.Final.jar:/home/runner/.m2/repository/io/netty/netty-resolver/4.1.86.Final/netty-resolver-4.1.86.Final.jar:/home/runner/.m2/repository/org/apache/ozone/ozone-csi/1.4.0-SNAPSHOT/ozone-csi-1.4.0-SNAPSHOT.jar:/home/runner/.m2/repository/com/google/protobuf/protobuf-java-util/3.19.6/protobuf-java-util-3.19.6.jar:/home/runner/.m2/repository/com/google/code/gson/gson/2.9.0/gson-2.9.0.jar:/home/runner/.m2/repository/org/apache/ozone/hdds-config/1.4.0-SNAPSHOT/hdds-config-1.4.0-SNAPSHOT.jar:/home/runner/.m2/repository/io/netty/netty-transport-native-epoll/4.1.86.Final/netty-transport-native-epoll-4.1.86.Final-linux-x86_64.jar:/home/runner/.m2/repository/io/netty/netty-transport-classes-epoll/4.1.86.Final/netty-transport-classes-epoll-4.1.86.Final.jar:/home/runner/.m2/repository/io/netty/netty-transport-native-unix-common/4.1.86.Final/netty-transport-native-unix-common-4.1.86.Final.jar:/home/runner/.m2/repository/org/apache/ozone/ozone-recon/1.4.0-SNAPSHOT/ozone-recon-1.4.0-SNAPSHOT.jar:/home/runner/.m2/repository/org/apache/ozone/ozone-reconcodegen/1.4.0-SNAPSHOT/ozone-reconcodegen-1.4.0-SNAPSHOT.jar:/home/runner/.m2/repository/com/google/inject/extensions/guice-multibindings/4.0/guice-multibindings-4.0.jar:/home/runner/.m2/repository/com/google/inject/guice/4.0/guice-4.0.jar:/home/runner/.m2/repository/aopalliance/aopalliance/1.0/aopalliance-1.0.jar:/home/runner/.m2/repository/com/google/inject/extensions/guice-assistedinject/4.0/guice-assistedinject-4.0.jar:/home/runner/.m2/repository/com/google/inject/extensions/guice-servlet/4.0/guice-servlet-4.0.jar:/home/runner/.m2/repository/org/glassfish/jersey/containers/jersey-container-servlet/2.34/jersey-container-servlet-2.34.jar:/home/runner/.m2/repository/org/glassfish/hk2/guice-bridge/2.5.0/guice-bridge-2.5.0.jar:/home/runner/.m2/repository/org/glassfish/jersey/core/jersey-server/2.34/jersey-server-2.34.jar:/home/runner/.m2/repository/org/glassfish/jersey/core/jersey-client/2.34/jersey-client-2.34.jar:/home/runner/.m2/repository/jakarta/annotation/jakarta.annotation-api/1.3.5/jakarta.annotation-api-1.3.5.jar:/home/runner/.m2/repository/jakarta/validation/jakarta.validation-api/2.0.2/jakarta.validation-api-2.0.2.jar:/home/runner/.m2/repository/org/glassfish/jersey/media/jersey-media-json-jackson/2.34/jersey-media-json-jackson-2.34.jar:/home/runner/.m2/repository/org/glassfish/jersey/ext/jersey-entity-filtering/2.34/jersey-entity-filtering-2.34.jar:/home/runner/.m2/repository/org/jooq/jooq/3.11.10/jooq-3.11.10.jar:/home/runner/.m2/repository/org/jooq/jooq-meta/3.11.10/jooq-meta-3.11.10.jar:/home/runner/.m2/repository/org/jooq/jooq-codegen/3.11.10/jooq-codegen-3.11.10.jar:/home/runner/.m2/repository/com/jolbox/bonecp/0.8.0.RELEASE/bonecp-0.8.0.RELEASE.jar:/home/runner/.m2/repository/org/apache/derby/derby/10.14.2.0/derby-10.14.2.0.jar:/home/runner/.m2/repository/org/xerial/sqlite-jdbc/3.25.2/sqlite-jdbc-3.25.2.jar:/home/runner/.m2/repository/org/springframework/spring-jdbc/5.3.23/spring-jdbc-5.3.23.jar:/home/runner/.m2/repository/org/springframework/spring-beans/5.3.23/spring-beans-5.3.23.jar:/home/runner/.m2/repository/org/springframework/spring-core/5.3.23/spring-core-5.3.23.jar:/home/runner/.m2/repository/org/springframework/spring-jcl/5.3.23/spring-jcl-5.3.23.jar:/home/runner/.m2/repository/org/springframework/spring-tx/5.3.23/spring-tx-5.3.23.jar:/home/runner/.m2/repository/org/apache/ozone/ozone-client/1.4.0-SNAPSHOT/ozone-client-1.4.0-SNAPSHOT.jar:/home/runner/.m2/repository/org/apache/ozone/hdds-erasurecode/1.4.0-SNAPSHOT/hdds-erasurecode-1.4.0-SNAPSHOT.jar:/home/runner/.m2/repository/org/apache/ozone/ozone-filesystem/1.4.0-SNAPSHOT/ozone-filesystem-1.4.0-SNAPSHOT.jar:/home/runner/.m2/repository/org/apache/ozone/ozone-filesystem-common/1.4.0-SNAPSHOT/ozone-filesystem-common-1.4.0-SNAPSHOT.jar:/home/runner/.m2/repository/org/apache/ozone/ozone-tools/1.4.0-SNAPSHOT/ozone-tools-1.4.0-SNAPSHOT.jar:/home/runner/.m2/repository/com/amazonaws/aws-java-sdk-core/1.12.261/aws-java-sdk-core-1.12.261.jar:/home/runner/.m2/repository/org/apache/httpcomponents/httpclient/4.5.13/httpclient-4.5.13.jar:/home/runner/.m2/repository/org/apache/httpcomponents/httpcore/4.4.13/httpcore-4.4.13.jar:/home/runner/.m2/repository/software/amazon/ion/ion-java/1.0.2/ion-java-1.0.2.jar:/home/runner/.m2/repository/com/fasterxml/jackson/dataformat/jackson-dataformat-cbor/2.13.4/jackson-dataformat-cbor-2.13.4.jar:/home/runner/.m2/repository/joda-time/joda-time/2.10.6/joda-time-2.10.6.jar:/home/runner/.m2/repository/com/amazonaws/aws-java-sdk-s3/1.12.261/aws-java-sdk-s3-1.12.261.jar:/home/runner/.m2/repository/com/amazonaws/aws-java-sdk-kms/1.12.261/aws-java-sdk-kms-1.12.261.jar:/home/runner/.m2/repository/com/amazonaws/jmespath-java/1.12.261/jmespath-java-1.12.261.jar:/home/runner/.m2/repository/org/kohsuke/metainf-services/metainf-services/1.8/metainf-services-1.8.jar:/home/runner/.m2/repository/org/apache/ozone/hdds-tools/1.4.0-SNAPSHOT/hdds-tools-1.4.0-SNAPSHOT.jar:/home/runner/.m2/repository/org/apache/ratis/ratis-tools/2.4.2-8b8bdda-SNAPSHOT/ratis-tools-2.4.2-8b8bdda-SNAPSHOT.jar:/home/runner/.m2/repository/commons-cli/commons-cli/1.2/commons-cli-1.2.jar:/home/runner/.m2/repository/org/apache/commons/commons-lang3/3.7/commons-lang3-3.7.jar:/home/runner/.m2/repository/org/apache/ozone/ozone-manager/1.4.0-SNAPSHOT/ozone-manager-1.4.0-SNAPSHOT-tests.jar:/home/runner/.m2/repository/org/apache/ozone/hdds-common/1.4.0-SNAPSHOT/hdds-common-1.4.0-SNAPSHOT-tests.jar:/home/runner/.m2/repository/org/apache/ozone/hdds-hadoop-dependency-client/1.4.0-SNAPSHOT/hdds-hadoop-dependency-client-1.4.0-SNAPSHOT.jar:/home/runner/.m2/repository/info/picocli/picocli/4.6.1/picocli-4.6.1.jar:/home/runner/.m2/repository/com/fasterxml/jackson/core/jackson-annotations/2.13.4/jackson-annotations-2.13.4.jar:/home/runner/.m2/repository/org/apache/ozone/hdds-annotation-processing/1.4.0-SNAPSHOT/hdds-annotation-processing-1.4.0-SNAPSHOT.jar:/home/runner/.m2/repository/javax/annotation/javax.annotation-api/1.2/javax.annotation-api-1.2.jar:/home/runner/.m2/repository/org/apache/ratis/ratis-netty/2.4.2-8b8bdda-SNAPSHOT/ratis-netty-2.4.2-8b8bdda-SNAPSHOT.jar:/home/runner/.m2/repository/org/apache/ratis/ratis-grpc/2.4.2-8b8bdda-SNAPSHOT/ratis-grpc-2.4.2-8b8bdda-SNAPSHOT.jar:/home/runner/.m2/repository/org/apache/logging/log4j/log4j-api/2.17.1/log4j-api-2.17.1.jar:/home/runner/.m2/repository/org/apache/commons/commons-pool2/2.6.0/commons-pool2-2.6.0.jar:/home/runner/.m2/repository/org/bouncycastle/bcpkix-jdk15on/1.67/bcpkix-jdk15on-1.67.jar:/home/runner/.m2/repository/commons-validator/commons-validator/1.6/commons-validator-1.6.jar:/home/runner/.m2/repository/commons-beanutils/commons-beanutils/1.9.4/commons-beanutils-1.9.4.jar:/home/runner/.m2/repository/commons-digester/commons-digester/1.8.1/commons-digester-1.8.1.jar:/home/runner/.m2/repository/commons-collections/commons-collections/3.2.2/commons-collections-3.2.2.jar:/home/runner/.m2/repository/io/jaegertracing/jaeger-client/1.6.0/jaeger-client-1.6.0.jar:/home/runner/.m2/repository/io/jaegertracing/jaeger-thrift/1.6.0/jaeger-thrift-1.6.0.jar:/home/runner/.m2/repository/org/apache/thrift/libthrift/0.14.1/libthrift-0.14.1.jar:/home/runner/.m2/repository/io/jaegertracing/jaeger-core/1.6.0/jaeger-core-1.6.0.jar:/home/runner/.m2/repository/io/jaegertracing/jaeger-tracerresolver/1.6.0/jaeger-tracerresolver-1.6.0.jar:/home/runner/.m2/repository/io/opentracing/contrib/opentracing-tracerresolver/0.1.8/opentracing-tracerresolver-0.1.8.jar:/home/runner/.m2/repository/org/jetbrains/kotlin/kotlin-stdlib/1.6.21/kotlin-stdlib-1.6.21.jar:/home/runner/.m2/repository/org/jetbrains/annotations/13.0/annotations-13.0.jar:/home/runner/.m2/repository/io/opentracing/opentracing-util/0.33.0/opentracing-util-0.33.0.jar:/home/runner/.m2/repository/io/opentracing/opentracing-api/0.33.0/opentracing-api-0.33.0.jar:/home/runner/.m2/repository/io/opentracing/opentracing-noop/0.33.0/opentracing-noop-0.33.0.jar:/home/runner/.m2/repository/org/yaml/snakeyaml/2.0/snakeyaml-2.0.jar:/home/runner/.m2/repository/junit/junit/4.13.1/junit-4.13.1.jar:/home/runner/.m2/repository/org/hamcrest/hamcrest-core/1.3/hamcrest-core-1.3.jar:/home/runner/.m2/repository/org/junit/jupiter/junit-jupiter-api/5.8.2/junit-jupiter-api-5.8.2.jar:/home/runner/.m2/repository/org/opentest4j/opentest4j/1.2.0/opentest4j-1.2.0.jar:/home/runner/.m2/repository/org/junit/platform/junit-platform-commons/1.8.2/junit-platform-commons-1.8.2.jar:/home/runner/.m2/repository/org/apiguardian/apiguardian-api/1.1.2/apiguardian-api-1.1.2.jar:/home/runner/.m2/repository/org/junit/jupiter/junit-jupiter-params/5.8.2/junit-jupiter-params-5.8.2.jar:/home/runner/.m2/repository/org/junit/jupiter/junit-jupiter-migrationsupport/5.8.2/junit-jupiter-migrationsupport-5.8.2.jar:/home/runner/.m2/repository/org/junit/jupiter/junit-jupiter-engine/5.8.2/junit-jupiter-engine-5.8.2.jar:/home/runner/.m2/repository/org/junit/platform/junit-platform-engine/1.8.2/junit-platform-engine-1.8.2.jar:/home/runner/.m2/repository/org/junit/vintage/junit-vintage-engine/5.8.2/junit-vintage-engine-5.8.2.jar:/home/runner/.m2/repository/org/junit/platform/junit-platform-launcher/1.8.2/junit-platform-launcher-1.8.2.jar:/home/runner/.m2/repository/org/mockito/mockito-core/2.28.2/mockito-core-2.28.2.jar:/home/runner/.m2/repository/net/bytebuddy/byte-buddy/1.9.10/byte-buddy-1.9.10.jar:/home/runner/.m2/repository/net/bytebuddy/byte-buddy-agent/1.9.10/byte-buddy-agent-1.9.10.jar:/home/runner/.m2/repository/org/objenesis/objenesis/1.0/objenesis-1.0.jar:/home/runner/.m2/repository/org/apache/hadoop/hadoop-kms/3.3.4/hadoop-kms-3.3.4.jar:/home/runner/.m2/repository/org/apache/hadoop/hadoop-auth/3.3.4/hadoop-auth-3.3.4.jar:/home/runner/.m2/repository/com/nimbusds/nimbus-jose-jwt/9.8.1/nimbus-jose-jwt-9.8.1.jar:/home/runner/.m2/repository/com/github/stephenc/jcip/jcip-annotations/1.0-1/jcip-annotations-1.0-1.jar:/home/runner/.m2/repository/net/minidev/json-smart/2.4.7/json-smart-2.4.7.jar:/home/runner/.m2/repository/net/minidev/accessors-smart/2.4.7/accessors-smart-2.4.7.jar:/home/runner/.m2/repository/org/ow2/asm/asm/5.0.4/asm-5.0.4.jar:/home/runner/.m2/repository/org/apache/zookeeper/zookeeper/3.5.6/zookeeper-3.5.6.jar:/home/runner/.m2/repository/org/apache/zookeeper/zookeeper-jute/3.5.6/zookeeper-jute-3.5.6.jar:/home/runner/.m2/repository/org/apache/yetus/audience-annotations/0.5.0/audience-annotations-0.5.0.jar:/home/runner/.m2/repository/org/apache/curator/curator-framework/4.2.0/curator-framework-4.2.0.jar:/home/runner/.m2/repository/org/apache/hadoop/thirdparty/hadoop-shaded-guava/1.1.1/hadoop-shaded-guava-1.1.1.jar:/home/runner/.m2/repository/com/sun/jersey/jersey-core/1.19/jersey-core-1.19.jar:/home/runner/.m2/repository/javax/ws/rs/jsr311-api/1.1.1/jsr311-api-1.1.1.jar:/home/runner/.m2/repository/com/sun/jersey/jersey-server/1.19/jersey-server-1.19.jar:/home/runner/.m2/repository/javax/servlet/javax.servlet-api/3.1.0/javax.servlet-api-3.1.0.jar:/home/runner/.m2/repository/org/apache/hadoop/hadoop-common/3.3.4/hadoop-common-3.3.4.jar:/home/runner/.m2/repository/org/apache/commons/commons-math3/3.1.1/commons-math3-3.1.1.jar:/home/runner/.m2/repository/commons-net/commons-net/3.9.0/commons-net-3.9.0.jar:/home/runner/.m2/repository/com/sun/jersey/jersey-servlet/1.19/jersey-servlet-1.19.jar:/home/runner/.m2/repository/com/sun/jersey/jersey-json/1.19/jersey-json-1.19.jar:/home/runner/.m2/repository/org/codehaus/jettison/jettison/1.1/jettison-1.1.jar:/home/runner/.m2/repository/com/sun/xml/bind/jaxb-impl/2.2.3-1/jaxb-impl-2.2.3-1.jar:/home/runner/.m2/repository/org/codehaus/jackson/jackson-jaxrs/1.9.2/jackson-jaxrs-1.9.2.jar:/home/runner/.m2/repository/org/codehaus/jackson/jackson-xc/1.9.2/jackson-xc-1.9.2.jar:/home/runner/.m2/repository/com/google/re2j/re2j/1.1/re2j-1.1.jar:/home/runner/.m2/repository/com/jcraft/jsch/0.1.54/jsch-0.1.54.jar:/home/runner/.m2/repository/org/apache/curator/curator-client/4.2.0/curator-client-4.2.0.jar:/home/runner/.m2/repository/org/apache/curator/curator-recipes/4.2.0/curator-recipes-4.2.0.jar:/home/runner/.m2/repository/org/apache/kerby/kerb-core/1.0.1/kerb-core-1.0.1.jar:/home/runner/.m2/repository/org/apache/kerby/kerby-pkix/1.0.1/kerby-pkix-1.0.1.jar:/home/runner/.m2/repository/org/apache/kerby/kerby-asn1/1.0.1/kerby-asn1-1.0.1.jar:/home/runner/.m2/repository/org/apache/kerby/kerby-util/1.0.1/kerby-util-1.0.1.jar:/home/runner/.m2/repository/dnsjava/dnsjava/2.1.7/dnsjava-2.1.7.jar:/home/runner/.m2/repository/org/xerial/snappy/snappy-java/1.1.8.2/snappy-java-1.1.8.2.jar:/home/runner/.m2/repository/com/fasterxml/jackson/core/jackson-databind/2.13.4.2/jackson-databind-2.13.4.2.jar:/home/runner/.m2/repository/org/apache/hadoop/hadoop-kms/3.3.4/hadoop-kms-3.3.4-tests.jar:/home/runner/.m2/repository/org/apache/ozone/hdds-server-scm/1.4.0-SNAPSHOT/hdds-server-scm-1.4.0-SNAPSHOT-tests.jar:/home/runner/.m2/repository/org/apache/ozone/hdds-container-service/1.4.0-SNAPSHOT/hdds-container-service-1.4.0-SNAPSHOT-tests.jar:/home/runner/.m2/repository/com/github/luben/zstd-jni/1.5.2-5/zstd-jni-1.5.2-5.jar:/home/runner/.m2/repository/commons-codec/commons-codec/1.15/commons-codec-1.15.jar:/home/runner/.m2/repository/io/netty/netty-codec/4.1.86.Final/netty-codec-4.1.86.Final.jar:/home/runner/.m2/repository/io/netty/netty-handler/4.1.86.Final/netty-handler-4.1.86.Final.jar:/home/runner/.m2/repository/org/apache/ozone/hdds-hadoop-dependency-test/1.4.0-SNAPSHOT/hdds-hadoop-dependency-test-1.4.0-SNAPSHOT.jar:/home/runner/.m2/repository/org/apache/hadoop/hadoop-common/3.3.4/hadoop-common-3.3.4-tests.jar:/home/runner/.m2/repository/org/apache/hadoop/hadoop-hdfs/3.3.4/hadoop-hdfs-3.3.4-tests.jar:/home/runner/.m2/repository/org/assertj/assertj-core/3.12.2/assertj-core-3.12.2.jar:/home/runner/.m2/repository/org/apache/hadoop/hadoop-distcp/3.3.4/hadoop-distcp-3.3.4.jar:/home/runner/.m2/repository/org/apache/hadoop/hadoop-mapreduce-client-jobclient/3.3.4/hadoop-mapreduce-client-jobclient-3.3.4.jar:/home/runner/.m2/repository/org/apache/hadoop/hadoop-mapreduce-client-common/3.3.4/hadoop-mapreduce-client-common-3.3.4.jar:/home/runner/.m2/repository/org/apache/hadoop/hadoop-yarn-common/3.3.4/hadoop-yarn-common-3.3.4.jar:/home/runner/.m2/repository/org/apache/hadoop/hadoop-yarn-api/3.3.4/hadoop-yarn-api-3.3.4.jar:/home/runner/.m2/repository/com/sun/jersey/contribs/jersey-guice/1.19/jersey-guice-1.19.jar:/home/runner/.m2/repository/com/fasterxml/jackson/jaxrs/jackson-jaxrs-json-provider/2.13.4/jackson-jaxrs-json-provider-2.13.4.jar:/home/runner/.m2/repository/com/fasterxml/jackson/jaxrs/jackson-jaxrs-base/2.13.4/jackson-jaxrs-base-2.13.4.jar:/home/runner/.m2/repository/org/apache/hadoop/hadoop-yarn-client/3.3.4/hadoop-yarn-client-3.3.4.jar:/home/runner/.m2/repository/org/eclipse/jetty/websocket/websocket-client/9.4.43.v20210629/websocket-client-9.4.43.v20210629.jar:/home/runner/.m2/repository/org/eclipse/jetty/websocket/websocket-common/9.4.43.v20210629/websocket-common-9.4.43.v20210629.jar:/home/runner/.m2/repository/org/eclipse/jetty/websocket/websocket-api/9.4.43.v20210629/websocket-api-9.4.43.v20210629.jar:/home/runner/.m2/repository/org/jline/jline/3.9.0/jline-3.9.0.jar:/home/runner/.m2/repository/org/apache/hadoop/hadoop-mapreduce-client-core/3.3.4/hadoop-mapreduce-client-core-3.3.4.jar:/home/runner/.m2/repository/org/apache/avro/avro/1.7.7/avro-1.7.7.jar:/home/runner/.m2/repository/org/codehaus/jackson/jackson-core-asl/1.9.13/jackson-core-asl-1.9.13.jar:/home/runner/.m2/repository/org/codehaus/jackson/jackson-mapper-asl/1.9.13/jackson-mapper-asl-1.9.13.jar:/home/runner/.m2/repository/com/thoughtworks/paranamer/paranamer/2.3/paranamer-2.3.jar:/home/runner/.m2/repository/org/apache/hadoop/hadoop-annotations/3.3.4/hadoop-annotations-3.3.4.jar:/usr/lib/jvm/temurin-8-jdk-amd64/jre/../lib/tools.jar:/home/runner/.m2/repository/io/netty/netty/3.10.6.Final/netty-3.10.6.Final.jar:/home/runner/.m2/repository/org/apache/hadoop/hadoop-distcp/3.3.4/hadoop-distcp-3.3.4-tests.jar:/home/runner/.m2/repository/org/slf4j/jul-to-slf4j/1.7.36/jul-to-slf4j-1.7.36.jar:"/>
    <property name="sun.cpu.endian" value="little"/>
    <property name="user.home" value="/home/runner"/>
    <property name="user.language" value="en"/>
    <property name="java.specification.vendor" value="Oracle Corporation"/>
    <property name="java.home" value="/usr/lib/jvm/temurin-8-jdk-amd64/jre"/>
    <property name="java.security.krb5.conf" value="/home/runner/work/ozone/ozone/hadoop-ozone/integration-test/target/test-classes/krb5.conf"/>
    <property name="basedir" value="/home/runner/work/ozone/ozone/hadoop-ozone/integration-test"/>
    <property name="file.separator" value="/"/>
    <property name="line.separator" value="&#10;"/>
    <property name="java.vm.specification.vendor" value="Oracle Corporation"/>
    <property name="java.specification.name" value="Java Platform API Specification"/>
    <property name="java.awt.graphicsenv" value="sun.awt.X11GraphicsEnvironment"/>
    <property name="skip.installnpx" value="true"/>
    <property name="surefire.real.class.path" value="/home/runner/work/ozone/ozone/hadoop-ozone/integration-test/target/surefire/surefirebooter8035463172914396692.jar:/home/runner/.m2/repository/org/jacoco/org.jacoco.agent/0.8.5/org.jacoco.agent-0.8.5-runtime.jar"/>
    <property name="hadoop.log.dir" value="/home/runner/work/ozone/ozone/hadoop-ozone/integration-test/target/log"/>
    <property name="sun.boot.class.path" value="/usr/lib/jvm/temurin-8-jdk-amd64/jre/lib/resources.jar:/usr/lib/jvm/temurin-8-jdk-amd64/jre/lib/rt.jar:/usr/lib/jvm/temurin-8-jdk-amd64/jre/lib/sunrsasign.jar:/usr/lib/jvm/temurin-8-jdk-amd64/jre/lib/jsse.jar:/usr/lib/jvm/temurin-8-jdk-amd64/jre/lib/jce.jar:/usr/lib/jvm/temurin-8-jdk-amd64/jre/lib/charsets.jar:/usr/lib/jvm/temurin-8-jdk-amd64/jre/lib/jfr.jar:/usr/lib/jvm/temurin-8-jdk-amd64/jre/classes"/>
    <property name="sun.management.compiler" value="HotSpot 64-Bit Tiered Compilers"/>
    <property name="skip.npx" value="true"/>
    <property name="java.runtime.version" value="1.8.0_362-b09"/>
    <property name="java.net.preferIPv4Stack" value="true"/>
    <property name="user.name" value="runner"/>
    <property name="path.separator" value=":"/>
    <property name="java.security.egd" value="file:///dev/urandom"/>
    <property name="os.version" value="5.15.0-1034-azure"/>
    <property name="java.endorsed.dirs" value="/usr/lib/jvm/temurin-8-jdk-amd64/jre/lib/endorsed"/>
    <property name="java.runtime.name" value="OpenJDK Runtime Environment"/>
    <property name="file.encoding" value="UTF-8"/>
    <property name="java.vm.name" value="OpenJDK 64-Bit Server VM"/>
    <property name="test.build.webapps" value=""/>
    <property name="localRepository" value="/home/runner/.m2/repository"/>
    <property name="jetty.git.hash" value="4231a3b2e4cb8548a412a789936d640a97b1aa0a"/>
    <property name="java.vendor.url.bug" value="https://github.com/adoptium/adoptium-support/issues"/>
    <property name="java.io.tmpdir" value="/tmp"/>
    <property name="require.test.libhadoop" value=""/>
    <property name="java.version" value="1.8.0_362"/>
    <property name="user.dir" value="/home/runner/work/ozone/ozone/hadoop-ozone/integration-test"/>
    <property name="os.arch" value="amd64"/>
    <property name="java.vm.specification.name" value="Java Virtual Machine Specification"/>
    <property name="test.build.classes" value="/home/runner/work/ozone/ozone/hadoop-ozone/integration-test/target/test-classes"/>
    <property name="java.awt.printerjob" value="sun.print.PSPrinterJob"/>
    <property name="sun.os.patch.level" value="unknown"/>
    <property name="org.apache.ratis.thirdparty.io.netty.allocator.useCacheForAllThreads" value="false"/>
    <property name="hadoop.tmp.dir" value="/home/runner/work/ozone/ozone/hadoop-ozone/integration-test/target/tmp"/>
    <property name="java.library.path" value="/usr/java/packages/lib/amd64:/usr/lib64:/lib64:/lib:/usr/lib"/>
    <property name="java.vm.info" value="mixed mode"/>
    <property name="java.vendor" value="Temurin"/>
    <property name="java.vm.version" value="25.362-b09"/>
    <property name="java.specification.maintenance.version" value="4"/>
    <property name="java.ext.dirs" value="/usr/lib/jvm/temurin-8-jdk-amd64/jre/lib/ext:/usr/java/packages/lib/ext"/>
    <property name="sun.io.unicode.encoding" value="UnicodeLittle"/>
    <property name="java.class.version" value="52.0"/>
  </properties>
  <testcase name="testContainerStateMachineIdempotency" classname="org.apache.hadoop.ozone.TestContainerStateMachineIdempotency" time="300.032">
    <error type="org.junit.runners.model.TestTimedOutException"><![CDATA[org.junit.runners.model.TestTimedOutException: test timed out after 300 seconds
	at sun.misc.Unsafe.park(Native Method)
	at java.util.concurrent.locks.LockSupport.park(LockSupport.java:175)
	at java.util.concurrent.CompletableFuture$Signaller.block(CompletableFuture.java:1707)
	at java.util.concurrent.ForkJoinPool.managedBlock(ForkJoinPool.java:3323)
	at java.util.concurrent.CompletableFuture.waitingGet(CompletableFuture.java:1742)
	at java.util.concurrent.CompletableFuture.get(CompletableFuture.java:1908)
	at org.apache.hadoop.hdds.scm.XceiverClientSpi.sendCommand(XceiverClientSpi.java:113)
	at org.apache.hadoop.ozone.TestContainerStateMachineIdempotency.testContainerStateMachineIdempotency(TestContainerStateMachineIdempotency.java:109)
	at sun.reflect.NativeMethodAccessorImpl.invoke0(Native Method)
	at sun.reflect.NativeMethodAccessorImpl.invoke(NativeMethodAccessorImpl.java:62)
	at sun.reflect.DelegatingMethodAccessorImpl.invoke(DelegatingMethodAccessorImpl.java:43)
	at java.lang.reflect.Method.invoke(Method.java:498)
	at org.junit.runners.model.FrameworkMethod$1.runReflectiveCall(FrameworkMethod.java:59)
	at org.junit.internal.runners.model.ReflectiveCallable.run(ReflectiveCallable.java:12)
	at org.junit.runners.model.FrameworkMethod.invokeExplosively(FrameworkMethod.java:56)
	at org.junit.internal.runners.statements.InvokeMethod.evaluate(InvokeMethod.java:17)
	at org.junit.internal.runners.statements.FailOnTimeout$CallableStatement.call(FailOnTimeout.java:288)
	at org.junit.internal.runners.statements.FailOnTimeout$CallableStatement.call(FailOnTimeout.java:282)
	at java.util.concurrent.FutureTask.run(FutureTask.java:266)
	at java.lang.Thread.run(Thread.java:750)
]]></error>
    <system-out><![CDATA[2023-03-10 22:30:29,407 [main] WARN  server.ServerUtils (ServerUtils.java:getScmDbDir(148)) - ozone.scm.db.dirs is not configured. We recommend adding this setting. Falling back to ozone.metadata.dirs instead.
2023-03-10 22:30:29,511 [main] WARN  server.ServerUtils (ServerUtils.java:getScmDbDir(148)) - ozone.scm.db.dirs is not configured. We recommend adding this setting. Falling back to ozone.metadata.dirs instead.
2023-03-10 22:30:29,513 [main] INFO  ha.SCMHANodeDetails (SCMHANodeDetails.java:loadSCMHAConfig(209)) - ServiceID for StorageContainerManager is null
2023-03-10 22:30:29,518 [main] WARN  ha.SCMHANodeDetails (SCMHANodeDetails.java:validateSCMHAConfig(182)) - Invalid config ozone.scm.ratis.enable. The config was not specified, but the default value true conflicts with the expected config value false. Falling back to the expected value. Current State of SCM: SCM is running in Non-HA without Ratis Ratis SCM -> Non Ratis SCM or Non HA SCM -> HA SCM is not supported
2023-03-10 22:30:29,518 [main] INFO  ha.SCMHANodeDetails (SCMHANodeDetails.java:loadSCMHAConfig(214)) - ozone.scm.default.service.id is not defined, falling back to ozone.scm.service.ids to find serviceID for StorageContainerManager if it is HA enabled cluster
2023-03-10 22:30:29,970 [main] WARN  utils.HAUtils (HAUtils.java:getMetaDir(342)) - ozone.scm.db.dirs is not configured. We recommend adding this setting. Falling back to ozone.metadata.dirs instead.
2023-03-10 22:30:30,194 [main] WARN  db.DBStoreBuilder (DBStoreBuilder.java:applyDBDefinition(172)) - ozone.scm.db.dirs is not configured. We recommend adding this setting. Falling back to ozone.metadata.dirs instead.
2023-03-10 22:30:30,395 [main] INFO  net.NodeSchemaLoader (NodeSchemaLoader.java:loadSchemaFromFile(129)) - Loading schema from [jar:file:/home/runner/.m2/repository/org/apache/ozone/hdds-common/1.4.0-SNAPSHOT/hdds-common-1.4.0-SNAPSHOT.jar!/network-topology-default.xml]
2023-03-10 22:30:30,397 [main] INFO  net.NodeSchemaLoader (NodeSchemaLoader.java:loadSchema(176)) - Loading network topology layer schema file
2023-03-10 22:30:30,431 [main] INFO  metrics.MetricRegistries (MetricRegistriesLoader.java:load(64)) - Loaded MetricRegistries class org.apache.ratis.metrics.impl.MetricRegistriesImpl
2023-03-10 22:30:30,435 [main] INFO  upgrade.AbstractLayoutVersionManager (AbstractLayoutVersionManager.java:init(83)) - Initializing Layout version manager with metadata layout = DATANODE_SCHEMA_V3 (version = 4), software layout = DATANODE_SCHEMA_V3 (version = 4)
2023-03-10 22:30:30,600 [main] INFO  reflections.Reflections (Reflections.java:scan(232)) - Reflections took 110 ms to scan 7 urls, producing 155 keys and 368 values 
2023-03-10 22:30:30,684 [main] INFO  ha.SequenceIdGenerator (SequenceIdGenerator.java:upgradeToSequenceId(349)) - upgrade localId to 111677748019200000
2023-03-10 22:30:30,684 [main] INFO  ha.SequenceIdGenerator (SequenceIdGenerator.java:upgradeToSequenceId(359)) - upgrade delTxnId to 0
2023-03-10 22:30:30,687 [main] INFO  ha.SequenceIdGenerator (SequenceIdGenerator.java:upgradeToSequenceId(376)) - upgrade containerId to 0
2023-03-10 22:30:30,689 [main] INFO  ha.SequenceIdGenerator (SequenceIdGenerator.java:<init>(220)) - Init the HA SequenceIdGenerator.
2023-03-10 22:30:30,736 [main] WARN  server.ServerUtils (ServerUtils.java:sanitizeUserArgs(73)) - ozone.scm.stale.node.interval value = 300000 is larger than max = 100000 based on the key value of ozone.scm.heartbeat.thread.interval, reset to the max value 100000.
2023-03-10 22:30:30,736 [main] WARN  server.ServerUtils (ServerUtils.java:sanitizeUserArgs(73)) - ozone.scm.stale.node.interval value = 300000 is larger than max = 100000 based on the key value of ozone.scm.heartbeat.thread.interval, reset to the max value 100000.
2023-03-10 22:30:30,742 [main] INFO  node.SCMNodeManager (SCMNodeManager.java:<init>(156)) - Entering startup safe mode.
2023-03-10 22:30:30,818 [main] INFO  algorithms.ContainerPlacementPolicyFactory (ContainerPlacementPolicyFactory.java:getPolicyInternal(86)) - Create container placement policy of type org.apache.hadoop.hdds.scm.container.placement.algorithms.SCMContainerPlacementCapacity
2023-03-10 22:30:30,821 [main] INFO  algorithms.ContainerPlacementPolicyFactory (ContainerPlacementPolicyFactory.java:getPolicyInternal(86)) - Create container placement policy of type org.apache.hadoop.hdds.scm.container.placement.algorithms.SCMContainerPlacementRackScatter
2023-03-10 22:30:30,829 [main] INFO  pipeline.PipelineStateManagerImpl (PipelineStateManagerImpl.java:initialize(78)) - No pipeline exists in current db
2023-03-10 22:30:30,859 [main] INFO  algorithms.LeaderChoosePolicyFactory (LeaderChoosePolicyFactory.java:getPolicy(57)) - Create leader choose policy of type org.apache.hadoop.hdds.scm.pipeline.leader.choose.algorithms.MinLeaderCountChoosePolicy
2023-03-10 22:30:30,860 [main] INFO  algorithms.ContainerPlacementPolicyFactory (ContainerPlacementPolicyFactory.java:getPolicyInternal(86)) - Create container placement policy of type org.apache.hadoop.hdds.scm.container.placement.algorithms.SCMContainerPlacementRackScatter
2023-03-10 22:30:30,864 [main] INFO  ha.SCMServiceManager (SCMServiceManager.java:register(42)) - Registering service BackgroundPipelineCreator.
2023-03-10 22:30:30,865 [main] INFO  pipeline.BackgroundPipelineCreator (BackgroundPipelineCreator.java:start(124)) - Starting RatisPipelineUtilsThread.
2023-03-10 22:30:30,868 [main] INFO  BackgroundPipelineScrubber (BackgroundSCMService.java:start(68)) - Starting BackgroundPipelineScrubber Service.
2023-03-10 22:30:30,870 [main] INFO  ha.SCMServiceManager (SCMServiceManager.java:register(42)) - Registering service BackgroundPipelineScrubber.
2023-03-10 22:30:30,876 [main] INFO  ExpiredContainerReplicaOpScrubber (BackgroundSCMService.java:start(68)) - Starting ExpiredContainerReplicaOpScrubber Service.
2023-03-10 22:30:30,882 [main] INFO  ha.SCMServiceManager (SCMServiceManager.java:register(42)) - Registering service ExpiredContainerReplicaOpScrubber.
2023-03-10 22:30:30,917 [main] INFO  algorithms.PipelineChoosePolicyFactory (PipelineChoosePolicyFactory.java:createPipelineChoosePolicyFromClass(73)) - Create pipeline choose policy of type org.apache.hadoop.hdds.scm.pipeline.choose.algorithms.RandomPipelineChoosePolicy
2023-03-10 22:30:30,935 [main] INFO  ha.SCMServiceManager (SCMServiceManager.java:register(42)) - Registering service SCMBlockDeletingService.
2023-03-10 22:30:30,987 [main] INFO  replication.ReplicationManager (ReplicationManager.java:start(271)) - Starting Replication Monitor Thread.
2023-03-10 22:30:30,994 [main] INFO  ha.SCMServiceManager (SCMServiceManager.java:register(42)) - Registering service ReplicationManager.
2023-03-10 22:30:30,996 [ReplicationMonitor] INFO  replication.ReplicationManager (ReplicationManager.java:processAll(346)) - Replication Manager is not ready to run until 3000ms after safemode exit
2023-03-10 22:30:31,004 [main] INFO  safemode.ContainerSafeModeRule (ContainerSafeModeRule.java:<init>(89)) - containers with one replica threshold count 0
2023-03-10 22:30:31,011 [main] INFO  safemode.HealthyPipelineSafeModeRule (HealthyPipelineSafeModeRule.java:initializeRule(169)) - Total pipeline count is 0, healthy pipeline threshold count is 1
2023-03-10 22:30:31,013 [main] INFO  safemode.OneReplicaPipelineSafeModeRule (OneReplicaPipelineSafeModeRule.java:initializeRule(180)) - Total pipeline count is 0, pipeline's with at least one datanode reported threshold count is 0
2023-03-10 22:30:31,105 [main] INFO  server.StorageContainerManager (StorageContainerManager.java:<init>(392)) - SCM start with adminUsers: [runner]
2023-03-10 22:30:31,432 [main] INFO  audit.AuditLogger (AuditLogger.java:refreshDebugCmdSet(126)) - Refresh DebugCmdSet for SCMAudit to [].
2023-03-10 22:30:31,464 [main] INFO  ipc.CallQueueManager (CallQueueManager.java:<init>(90)) - Using callQueue: class java.util.concurrent.LinkedBlockingQueue, queueCapacity: 2000, scheduler: class org.apache.hadoop.ipc.DefaultRpcScheduler, ipcBackoff: false.
2023-03-10 22:30:31,509 [Socket Reader #1 for port 0] INFO  ipc.Server (Server.java:run(1273)) - Starting Socket Reader #1 for port 0
2023-03-10 22:30:31,579 [Listener at 0.0.0.0/42747] INFO  audit.AuditLogger (AuditLogger.java:refreshDebugCmdSet(126)) - Refresh DebugCmdSet for SCMAudit to [].
2023-03-10 22:30:31,584 [Listener at 0.0.0.0/42747] INFO  ipc.CallQueueManager (CallQueueManager.java:<init>(90)) - Using callQueue: class java.util.concurrent.LinkedBlockingQueue, queueCapacity: 2000, scheduler: class org.apache.hadoop.ipc.DefaultRpcScheduler, ipcBackoff: false.
2023-03-10 22:30:31,584 [Socket Reader #1 for port 0] INFO  ipc.Server (Server.java:run(1273)) - Starting Socket Reader #1 for port 0
2023-03-10 22:30:31,615 [Listener at 0.0.0.0/37599] INFO  audit.AuditLogger (AuditLogger.java:refreshDebugCmdSet(126)) - Refresh DebugCmdSet for SCMAudit to [].
2023-03-10 22:30:31,624 [Listener at 0.0.0.0/37599] INFO  ipc.CallQueueManager (CallQueueManager.java:<init>(90)) - Using callQueue: class java.util.concurrent.LinkedBlockingQueue, queueCapacity: 2000, scheduler: class org.apache.hadoop.ipc.DefaultRpcScheduler, ipcBackoff: false.
2023-03-10 22:30:31,624 [Socket Reader #1 for port 0] INFO  ipc.Server (Server.java:run(1273)) - Starting Socket Reader #1 for port 0
2023-03-10 22:30:31,672 [Listener at 0.0.0.0/39863] INFO  ha.SCMServiceManager (SCMServiceManager.java:register(42)) - Registering service ContainerBalancer.
2023-03-10 22:30:31,677 [Listener at 0.0.0.0/39863] INFO  server.StorageContainerManager (StorageContainerManager.java:<init>(407)) - 
Container Balancer status:
Key                            Value
Running                        true
Container Balancer Configuration values:
Key                                                Value
Threshold                                          10
Max Datanodes to Involve per Iteration(percent)    20
Max Size to Move per Iteration                     500GB
Max Size Entering Target per Iteration             26GB
Max Size Leaving Source per Iteration              26GB

2023-03-10 22:30:31,677 [Listener at 0.0.0.0/39863] INFO  ha.SCMContext (SCMContext.java:updateSafeModeStatus(228)) - Update SafeModeStatus from SafeModeStatus{safeModeStatus=true, preCheckPassed=false} to SafeModeStatus{safeModeStatus=true, preCheckPassed=false}.
2023-03-10 22:30:31,685 [Listener at 0.0.0.0/39863] INFO  server.StorageContainerManager (StorageContainerManager.java:start(1437)) - StorageContainerLocationProtocol RPC server is listening at /0.0.0.0:39863
2023-03-10 22:30:31,816 [Listener at 0.0.0.0/39863] WARN  impl.MetricsConfig (MetricsConfig.java:loadFirst(136)) - Cannot locate configuration: tried hadoop-metrics2-storagecontainermanager.properties,hadoop-metrics2.properties
2023-03-10 22:30:31,829 [Listener at 0.0.0.0/39863] INFO  impl.MetricsSystemImpl (MetricsSystemImpl.java:startTimer(378)) - Scheduled Metric snapshot period at 10 second(s).
2023-03-10 22:30:31,829 [Listener at 0.0.0.0/39863] INFO  impl.MetricsSystemImpl (MetricsSystemImpl.java:start(191)) - StorageContainerManager metrics system started
2023-03-10 22:30:32,054 [Listener at 0.0.0.0/39863] INFO  server.SCMClientProtocolServer (SCMClientProtocolServer.java:start(194)) - RPC server for Client  is listening at /0.0.0.0:39863
2023-03-10 22:30:32,055 [IPC Server Responder] INFO  ipc.Server (Server.java:run(1512)) - IPC Server Responder: starting
2023-03-10 22:30:32,057 [IPC Server listener on 0] INFO  ipc.Server (Server.java:run(1352)) - IPC Server listener on 0: starting
2023-03-10 22:30:32,061 [Listener at 0.0.0.0/39863] INFO  server.StorageContainerManager (StorageContainerManager.java:start(1451)) - ScmBlockLocationProtocol RPC server is listening at /0.0.0.0:37599
2023-03-10 22:30:32,061 [Listener at 0.0.0.0/39863] INFO  server.SCMBlockProtocolServer (SCMBlockProtocolServer.java:start(152)) - RPC server for Block Protocol is listening at /0.0.0.0:37599
2023-03-10 22:30:32,063 [IPC Server Responder] INFO  ipc.Server (Server.java:run(1512)) - IPC Server Responder: starting
2023-03-10 22:30:32,063 [IPC Server listener on 0] INFO  ipc.Server (Server.java:run(1352)) - IPC Server listener on 0: starting
2023-03-10 22:30:32,065 [Listener at 0.0.0.0/39863] INFO  server.SCMDatanodeProtocolServer (SCMDatanodeProtocolServer.java:start(193)) - ScmDatanodeProtocol RPC server for DataNodes is listening at /0.0.0.0:42747
2023-03-10 22:30:32,068 [IPC Server Responder] INFO  ipc.Server (Server.java:run(1512)) - IPC Server Responder: starting
2023-03-10 22:30:32,068 [IPC Server listener on 0] INFO  ipc.Server (Server.java:run(1352)) - IPC Server listener on 0: starting
2023-03-10 22:30:32,089 [org.apache.hadoop.util.JvmPauseMonitor$Monitor@41c83af0] INFO  util.JvmPauseMonitor (JvmPauseMonitor.java:run(188)) - Starting JVM pause monitor
2023-03-10 22:30:32,098 [Listener at 0.0.0.0/39863] INFO  http.BaseHttpServer (BaseHttpServer.java:newHttpServer2BuilderForOzone(224)) - Starting Web-server for scm at: http://0.0.0.0:0
2023-03-10 22:30:32,099 [Listener at 0.0.0.0/39863] INFO  http.BaseHttpServer (BaseHttpServer.java:<init>(111)) - Hadoop Security Enabled: false Ozone Security Enabled: false Ozone HTTP Security Enabled: false 
2023-03-10 22:30:32,123 [Listener at 0.0.0.0/39863] INFO  util.log (Log.java:initialized(170)) - Logging initialized @4126ms to org.eclipse.jetty.util.log.Slf4jLog
2023-03-10 22:30:32,221 [Listener at 0.0.0.0/39863] WARN  server.AuthenticationFilter (AuthenticationFilter.java:constructSecretProvider(240)) - Unable to initialize FileSignerSecretProvider, falling back to use random secrets. Reason: Could not read signature secret file: /home/runner/hadoop-http-auth-signature-secret
2023-03-10 22:30:32,232 [Listener at 0.0.0.0/39863] WARN  http.HttpRequestLog (HttpRequestLog.java:getRequestLog(103)) - Jetty request log can only be enabled using Log4j
2023-03-10 22:30:32,239 [Listener at 0.0.0.0/39863] INFO  http.HttpServer2 (HttpServer2.java:addGlobalFilter(1031)) - Added global filter 'safety' (class=org.apache.hadoop.hdds.server.http.HttpServer2$QuotingInputFilter)
2023-03-10 22:30:32,241 [Listener at 0.0.0.0/39863] INFO  http.HttpServer2 (HttpServer2.java:addFilter(1007)) - Added filter static_user_filter (class=org.apache.hadoop.http.lib.StaticUserWebFilter$StaticUserFilter) to context scm
2023-03-10 22:30:32,241 [Listener at 0.0.0.0/39863] INFO  http.HttpServer2 (HttpServer2.java:addFilter(1015)) - Added filter static_user_filter (class=org.apache.hadoop.http.lib.StaticUserWebFilter$StaticUserFilter) to context logs
2023-03-10 22:30:32,241 [Listener at 0.0.0.0/39863] INFO  http.HttpServer2 (HttpServer2.java:addFilter(1015)) - Added filter static_user_filter (class=org.apache.hadoop.http.lib.StaticUserWebFilter$StaticUserFilter) to context static
2023-03-10 22:30:32,277 [Listener at 0.0.0.0/39863] INFO  http.BaseHttpServer (BaseHttpServer.java:<init>(190)) - HTTP server of scm uses base directory /home/runner/work/ozone/ozone/hadoop-ozone/integration-test/target/test-dir/MiniOzoneClusterImpl-7a8fa31f-7ad0-4349-83ec-1d9026649271/ozone-meta/webserver
2023-03-10 22:30:32,278 [Listener at 0.0.0.0/39863] INFO  http.HttpServer2 (HttpServer2.java:bindListener(1250)) - Jetty bound to port 45989
2023-03-10 22:30:32,279 [Listener at 0.0.0.0/39863] INFO  server.Server (Server.java:doStart(375)) - jetty-9.4.49.v20220914; built: 2022-09-14T01:07:36.601Z; git: 4231a3b2e4cb8548a412a789936d640a97b1aa0a; jvm 1.8.0_362-b09
2023-03-10 22:30:32,312 [Listener at 0.0.0.0/39863] INFO  server.session (DefaultSessionIdManager.java:doStart(334)) - DefaultSessionIdManager workerName=node0
2023-03-10 22:30:32,312 [Listener at 0.0.0.0/39863] INFO  server.session (DefaultSessionIdManager.java:doStart(339)) - No SessionScavenger set, using defaults
2023-03-10 22:30:32,313 [Listener at 0.0.0.0/39863] INFO  server.session (HouseKeeper.java:startScavenging(132)) - node0 Scavenging every 660000ms
2023-03-10 22:30:32,323 [Listener at 0.0.0.0/39863] INFO  handler.ContextHandler (ContextHandler.java:doStart(921)) - Started o.e.j.s.ServletContextHandler@1a82453{logs,/logs,file:///home/runner/work/ozone/ozone/hadoop-ozone/integration-test/target/log,AVAILABLE}
2023-03-10 22:30:32,324 [Listener at 0.0.0.0/39863] INFO  handler.ContextHandler (ContextHandler.java:doStart(921)) - Started o.e.j.s.ServletContextHandler@5980e29f{static,/static,file:///home/runner/work/ozone/ozone/hadoop-ozone/integration-test/target/test-classes/webapps/static,AVAILABLE}
2023-03-10 22:30:32,364 [Listener at 0.0.0.0/39863] INFO  handler.ContextHandler (ContextHandler.java:doStart(921)) - Started o.e.j.w.WebAppContext@23169374{scm,/,file:///home/runner/work/ozone/ozone/hadoop-ozone/integration-test/target/test-classes/webapps/scm/,AVAILABLE}{file:/home/runner/work/ozone/ozone/hadoop-ozone/integration-test/target/test-classes/webapps/scm}
2023-03-10 22:30:32,372 [Listener at 0.0.0.0/39863] INFO  server.AbstractConnector (AbstractConnector.java:doStart(333)) - Started ServerConnector@35d145fb{HTTP/1.1, (http/1.1)}{0.0.0.0:45989}
2023-03-10 22:30:32,372 [Listener at 0.0.0.0/39863] INFO  server.Server (Server.java:doStart(415)) - Started @4375ms
2023-03-10 22:30:32,374 [Listener at 0.0.0.0/39863] INFO  impl.MetricsSinkAdapter (MetricsSinkAdapter.java:start(204)) - Sink prometheus started
2023-03-10 22:30:32,374 [Listener at 0.0.0.0/39863] INFO  impl.MetricsSystemImpl (MetricsSystemImpl.java:registerSink(305)) - Registered sink prometheus
2023-03-10 22:30:32,384 [Listener at 0.0.0.0/39863] INFO  http.BaseHttpServer (BaseHttpServer.java:updateConnectorAddress(344)) - HTTP server of scm listening at http://0.0.0.0:45989
2023-03-10 22:30:32,385 [Listener at 0.0.0.0/39863] WARN  server.ServerUtils (ServerUtils.java:getDBPath(225)) - ozone.om.db.dirs is not configured. We recommend adding this setting. Falling back to ozone.metadata.dirs instead.
2023-03-10 22:30:32,445 [Listener at 0.0.0.0/39863] INFO  audit.AuditLogger (AuditLogger.java:refreshDebugCmdSet(126)) - Refresh DebugCmdSet for OMAudit to [].
2023-03-10 22:30:32,525 [Listener at 0.0.0.0/39863] INFO  ha.OMHANodeDetails (OMHANodeDetails.java:loadOMHAConfig(115)) - ozone.om.internal.service.id is not defined, falling back to ozone.om.service.ids to find serviceID for OzoneManager if it is HA enabled cluster
2023-03-10 22:30:32,527 [Listener at 0.0.0.0/39863] INFO  ha.OMHANodeDetails (OMHANodeDetails.java:loadOMHAConfig(226)) - Configuration does not have ozone.om.address set. Falling back to the default OM address /127.0.0.1:0
2023-03-10 22:30:32,528 [Listener at 0.0.0.0/39863] INFO  ha.OMHANodeDetails (OMHANodeDetails.java:getOMNodeDetailsForNonHA(254)) - OM Service ID is not set. Setting it to the default ID: omServiceIdDefault
2023-03-10 22:30:32,528 [Listener at 0.0.0.0/39863] INFO  ha.OMHANodeDetails (OMHANodeDetails.java:getOMNodeDetailsForNonHA(261)) - OM Node ID is not set. Setting it to the default ID: om1
2023-03-10 22:30:32,532 [Listener at 0.0.0.0/39863] WARN  server.ServerUtils (ServerUtils.java:getDBPath(225)) - ozone.om.db.dirs is not configured. We recommend adding this setting. Falling back to ozone.metadata.dirs instead.
2023-03-10 22:30:32,534 [Listener at 0.0.0.0/39863] INFO  upgrade.AbstractLayoutVersionManager (AbstractLayoutVersionManager.java:init(83)) - Initializing Layout version manager with metadata layout = MULTITENANCY_SCHEMA (version = 3), software layout = MULTITENANCY_SCHEMA (version = 3)
2023-03-10 22:30:32,615 [Listener at 0.0.0.0/39863] INFO  reflections.Reflections (Reflections.java:scan(232)) - Reflections took 77 ms to scan 2 urls, producing 167 keys and 459 values [using 2 cores]
2023-03-10 22:30:32,619 [Listener at 0.0.0.0/39863] INFO  upgrade.OMLayoutVersionManager (OMLayoutVersionManager.java:lambda$0(115)) - Skipping Upgrade Action MockOmUpgradeAction since it has been finalized.
2023-03-10 22:30:32,620 [Listener at 0.0.0.0/39863] WARN  server.ServerUtils (ServerUtils.java:getDBPath(225)) - ozone.om.db.dirs is not configured. We recommend adding this setting. Falling back to ozone.metadata.dirs instead.
2023-03-10 22:30:32,766 [Listener at 0.0.0.0/39863] INFO  proxy.SCMBlockLocationFailoverProxyProvider (SCMBlockLocationFailoverProxyProvider.java:<init>(114)) - Created block location fail-over proxy with 1 nodes: [nodeId=scmNodeId,nodeAddress=/0.0.0.0:37599]
2023-03-10 22:30:32,801 [Listener at 0.0.0.0/39863] INFO  proxy.SCMBlockLocationFailoverProxyProvider (SCMBlockLocationFailoverProxyProvider.java:<init>(114)) - Created block location fail-over proxy with 1 nodes: [nodeId=scmNodeId,nodeAddress=/0.0.0.0:37599]
2023-03-10 22:30:33,021 [Listener at 0.0.0.0/39863] INFO  om.OzoneManager (OzoneManager.java:<init>(619)) - OM start with adminUsers: [runner]
2023-03-10 22:30:33,042 [Listener at 0.0.0.0/39863] WARN  server.ServerUtils (ServerUtils.java:getDBPath(225)) - ozone.om.db.dirs is not configured. We recommend adding this setting. Falling back to ozone.metadata.dirs instead.
2023-03-10 22:30:33,050 [Listener at 0.0.0.0/39863] INFO  codec.OmKeyInfoCodec (OmKeyInfoCodec.java:<init>(49)) - OmKeyInfoCodec ignorePipeline = true
2023-03-10 22:30:33,052 [Listener at 0.0.0.0/39863] INFO  codec.RepeatedOmKeyInfoCodec (RepeatedOmKeyInfoCodec.java:<init>(41)) - RepeatedOmKeyInfoCodec ignorePipeline = true
2023-03-10 22:30:33,318 [Listener at 0.0.0.0/39863] INFO  om.OzoneManager (OzoneManager.java:instantiateServices(749)) - S3 Multi-Tenancy is disabled
2023-03-10 22:30:33,341 [Listener at 0.0.0.0/39863] WARN  server.ServerUtils (ServerUtils.java:getDBPath(225)) - ozone.om.snapshot.diff.db.dir is not configured. We recommend adding this setting. Falling back to ozone.metadata.dirs instead.
2023-03-10 22:30:33,414 [Listener at 0.0.0.0/39863] INFO  om.OzoneManager (OzoneManager.java:addS3GVolumeToDB(4217)) - Created Volume s3v With Owner runner required for S3Gateway operations.
2023-03-10 22:30:33,466 [Listener at 0.0.0.0/39863] WARN  server.ServerUtils (ServerUtils.java:getDefaultRatisDirectory(237)) - Storage directory for Ratis is not configured. It is a good idea to map this to an SSD disk. Falling back to ozone.metadata.dirs
2023-03-10 22:30:33,466 [Listener at 0.0.0.0/39863] WARN  utils.OzoneManagerRatisUtils (OzoneManagerRatisUtils.java:getOMRatisSnapshotDirectory(436)) - ozone.om.ratis.snapshot.dir is not configured. Falling back to ozone.metadata.dirs config
2023-03-10 22:30:33,481 [Listener at 0.0.0.0/39863] WARN  server.ServerUtils (ServerUtils.java:getDefaultRatisDirectory(237)) - Storage directory for Ratis is not configured. It is a good idea to map this to an SSD disk. Falling back to ozone.metadata.dirs
2023-03-10 22:30:33,509 [Listener at 0.0.0.0/39863] INFO  ratis.OzoneManagerRatisServer (OzoneManagerRatisServer.java:<init>(164)) - Instantiating OM Ratis server with groupID: omServiceIdDefault and peers: localhost:9872
2023-03-10 22:30:33,516 [Listener at 0.0.0.0/39863] INFO  ratis.OzoneManagerStateMachine (OzoneManagerStateMachine.java:loadSnapshotInfoFromDB(636)) - LastAppliedIndex is set from TransactionInfo from OM DB as (t:0, i:~)
2023-03-10 22:30:33,562 [Listener at 0.0.0.0/39863] INFO  server.RaftServer (ConfUtils.java:logGet(46)) - raft.rpc.type = GRPC (default)
2023-03-10 22:30:33,619 [Listener at 0.0.0.0/39863] INFO  grpc.GrpcConfigKeys (ConfUtils.java:logFallback(53)) - raft.grpc.admin.host = null (fallback to raft.grpc.server.host)
2023-03-10 22:30:33,620 [Listener at 0.0.0.0/39863] INFO  grpc.GrpcConfigKeys (ConfUtils.java:logFallback(53)) - raft.grpc.admin.port = 9872 (fallback to raft.grpc.server.port)
2023-03-10 22:30:33,621 [Listener at 0.0.0.0/39863] INFO  grpc.GrpcConfigKeys (ConfUtils.java:logFallback(53)) - raft.grpc.client.host = null (fallback to raft.grpc.server.host)
2023-03-10 22:30:33,621 [Listener at 0.0.0.0/39863] INFO  grpc.GrpcConfigKeys (ConfUtils.java:logFallback(53)) - raft.grpc.client.port = 9872 (fallback to raft.grpc.server.port)
2023-03-10 22:30:33,621 [Listener at 0.0.0.0/39863] INFO  grpc.GrpcConfigKeys (ConfUtils.java:logGet(46)) - raft.grpc.server.host = null (default)
2023-03-10 22:30:33,622 [Listener at 0.0.0.0/39863] INFO  grpc.GrpcConfigKeys (ConfUtils.java:logGet(46)) - raft.grpc.server.port = 9872 (custom)
2023-03-10 22:30:33,622 [Listener at 0.0.0.0/39863] INFO  server.GrpcService (ConfUtils.java:logGet(46)) - raft.grpc.message.size.max = 33554432 (custom)
2023-03-10 22:30:33,623 [Listener at 0.0.0.0/39863] INFO  server.RaftServerConfigKeys (ConfUtils.java:logGet(46)) - raft.server.log.appender.buffer.byte-limit = 33554432 (custom)
2023-03-10 22:30:33,624 [Listener at 0.0.0.0/39863] INFO  server.GrpcService (ConfUtils.java:logGet(46)) - raft.grpc.flow.control.window = 1MB (=1048576) (default)
2023-03-10 22:30:33,624 [Listener at 0.0.0.0/39863] INFO  server.RaftServerConfigKeys (ConfUtils.java:logGet(46)) - raft.server.rpc.request.timeout = 3000ms (default)
2023-03-10 22:30:33,637 [Listener at 0.0.0.0/39863] INFO  grpc.GrpcConfigKeys (ConfUtils.java:logGet(46)) - raft.grpc.server.heartbeat.channel = true (default)
2023-03-10 22:30:33,639 [Listener at 0.0.0.0/39863] INFO  grpc.GrpcConfigKeys (ConfUtils.java:logGet(46)) - raft.grpc.server.async.request.thread.pool.cached = true (default)
2023-03-10 22:30:33,639 [Listener at 0.0.0.0/39863] INFO  grpc.GrpcConfigKeys (ConfUtils.java:logGet(46)) - raft.grpc.server.async.request.thread.pool.size = 32 (default)
2023-03-10 22:30:33,853 [Listener at 0.0.0.0/39863] INFO  impl.DataStreamServerImpl (ConfUtils.java:logGet(46)) - raft.datastream.type = DISABLED (default)
2023-03-10 22:30:33,856 [Listener at 0.0.0.0/39863] INFO  server.RaftServerConfigKeys (ConfUtils.java:logGet(46)) - raft.server.threadpool.proxy.cached = true (default)
2023-03-10 22:30:33,856 [Listener at 0.0.0.0/39863] INFO  server.RaftServerConfigKeys (ConfUtils.java:logGet(46)) - raft.server.threadpool.proxy.size = 0 (default)
2023-03-10 22:30:33,856 [Listener at 0.0.0.0/39863] INFO  server.RaftServerConfigKeys (ConfUtils.java:logGet(46)) - raft.server.rpc.slowness.timeout = 120s (custom)
2023-03-10 22:30:33,856 [Listener at 0.0.0.0/39863] INFO  server.RaftServerConfigKeys (ConfUtils.java:logGet(46)) - raft.server.leaderelection.leader.step-down.wait-time = 10s (default)
2023-03-10 22:30:33,859 [Listener at 0.0.0.0/39863] INFO  server.RaftServerConfigKeys (ConfUtils.java:logGet(46)) - raft.server.storage.dir = [/home/runner/work/ozone/ozone/hadoop-ozone/integration-test/target/test-dir/MiniOzoneClusterImpl-7a8fa31f-7ad0-4349-83ec-1d9026649271/ozone-meta/ratis] (custom)
2023-03-10 22:30:33,865 [Listener at 0.0.0.0/39863] INFO  server.RaftServer (RaftServerProxy.java:addNew(96)) - om1: addNew group-C5BA1605619E:[om1|rpc:localhost:9872|priority:0|startupRole:FOLLOWER] returns group-C5BA1605619E:java.util.concurrent.CompletableFuture@36891524[Not completed]
2023-03-10 22:30:33,866 [Listener at 0.0.0.0/39863] INFO  om.OzoneManager (OzoneManager.java:initializeRatisServer(2096)) - OzoneManager Ratis server initialized at port 9872
2023-03-10 22:30:33,872 [Listener at 0.0.0.0/39863] INFO  om.OzoneManager (OzoneManager.java:getRpcServer(1132)) - Creating RPC Server
2023-03-10 22:30:33,881 [pool-57-thread-1] INFO  server.RaftServer$Division (RaftServerImpl.java:<init>(195)) - om1: new RaftServerImpl for group-C5BA1605619E:[om1|rpc:localhost:9872|priority:0|startupRole:FOLLOWER] with OzoneManagerStateMachine:uninitialized
2023-03-10 22:30:33,882 [pool-57-thread-1] INFO  server.RaftServerConfigKeys (ConfUtils.java:logGet(46)) - raft.server.rpc.timeout.min = 1s (custom)
2023-03-10 22:30:33,883 [pool-57-thread-1] INFO  server.RaftServerConfigKeys (ConfUtils.java:logGet(46)) - raft.server.rpc.timeout.max = 1200ms (custom)
2023-03-10 22:30:33,883 [pool-57-thread-1] INFO  server.RaftServerConfigKeys (ConfUtils.java:logGet(46)) - raft.server.rpc.sleep.time = 25ms (default)
2023-03-10 22:30:33,883 [pool-57-thread-1] INFO  server.RaftServerConfigKeys (ConfUtils.java:logGet(46)) - raft.server.rpc.slowness.timeout = 120s (custom)
2023-03-10 22:30:33,884 [pool-57-thread-1] INFO  server.RaftServerConfigKeys (ConfUtils.java:logGet(46)) - raft.server.leaderelection.leader.step-down.wait-time = 10s (default)
2023-03-10 22:30:33,884 [pool-57-thread-1] INFO  server.RaftServerConfigKeys (ConfUtils.java:logGet(46)) - raft.server.sleep.deviation.threshold = 300ms (default)
2023-03-10 22:30:33,903 [pool-57-thread-1] INFO  server.RaftServer$Division (ServerState.java:<init>(118)) - om1@group-C5BA1605619E: ConfigurationManager, init=-1: peers:[om1|rpc:localhost:9872|priority:0|startupRole:FOLLOWER]|listeners:[], old=null, confs=<EMPTY_MAP>
2023-03-10 22:30:33,903 [pool-57-thread-1] INFO  server.RaftServerConfigKeys (ConfUtils.java:logGet(46)) - raft.server.storage.dir = [/home/runner/work/ozone/ozone/hadoop-ozone/integration-test/target/test-dir/MiniOzoneClusterImpl-7a8fa31f-7ad0-4349-83ec-1d9026649271/ozone-meta/ratis] (custom)
2023-03-10 22:30:33,913 [pool-57-thread-1] INFO  server.RaftServerConfigKeys (ConfUtils.java:logGet(46)) - raft.server.log.corruption.policy = EXCEPTION (default)
2023-03-10 22:30:33,914 [pool-57-thread-1] INFO  server.RaftServerConfigKeys (ConfUtils.java:logGet(46)) - raft.server.storage.free-space.min = 0MB (=0) (default)
2023-03-10 22:30:33,923 [pool-57-thread-1] INFO  server.RaftServerConfigKeys (ConfUtils.java:logGet(46)) - raft.server.notification.no-leader.timeout = 120s (custom)
2023-03-10 22:30:33,929 [pool-57-thread-1] INFO  server.RaftServerConfigKeys (ConfUtils.java:logGet(46)) - raft.server.retrycache.expirytime = 300s (custom)
2023-03-10 22:30:33,929 [pool-57-thread-1] INFO  server.RaftServerConfigKeys (ConfUtils.java:logGet(46)) - raft.server.retrycache.statistics.expirytime = 100μs (default)
2023-03-10 22:30:34,040 [pool-57-thread-1] INFO  server.RaftServerConfigKeys (ConfUtils.java:logGet(46)) - raft.server.log.appender.install.snapshot.enabled = false (custom)
2023-03-10 22:30:34,041 [pool-57-thread-1] INFO  server.RaftServerConfigKeys (ConfUtils.java:logGet(46)) - raft.server.threadpool.server.cached = true (default)
2023-03-10 22:30:34,042 [pool-57-thread-1] INFO  server.RaftServerConfigKeys (ConfUtils.java:logGet(46)) - raft.server.threadpool.server.size = 0 (default)
2023-03-10 22:30:34,043 [pool-57-thread-1] INFO  server.RaftServerConfigKeys (ConfUtils.java:logGet(46)) - raft.server.threadpool.client.cached = true (default)
2023-03-10 22:30:34,044 [pool-57-thread-1] INFO  server.RaftServerConfigKeys (ConfUtils.java:logGet(46)) - raft.server.threadpool.client.size = 0 (default)
2023-03-10 22:30:34,649 [Listener at 0.0.0.0/39863] INFO  reflections.Reflections (Reflections.java:scan(232)) - Reflections took 705 ms to scan 19 urls, producing 68 keys and 4923 values [using 2 cores]
2023-03-10 22:30:34,790 [Listener at 0.0.0.0/39863] INFO  ipc.CallQueueManager (CallQueueManager.java:<init>(90)) - Using callQueue: class java.util.concurrent.LinkedBlockingQueue, queueCapacity: 2000, scheduler: class org.apache.hadoop.ipc.DefaultRpcScheduler, ipcBackoff: false.
2023-03-10 22:30:34,791 [Socket Reader #1 for port 0] INFO  ipc.Server (Server.java:run(1273)) - Starting Socket Reader #1 for port 0
2023-03-10 22:30:34,814 [Listener at 127.0.0.1/40251] INFO  impl.MetricsSystemImpl (MetricsSystemImpl.java:init(158)) - OzoneManager metrics system started (again)
2023-03-10 22:30:34,827 [Listener at 127.0.0.1/40251] INFO  om.OzoneManager (OzoneManager.java:start(1553)) - OzoneManager RPC server is listening at localhost/127.0.0.1:40251
2023-03-10 22:30:34,827 [Listener at 127.0.0.1/40251] INFO  ratis.OzoneManagerRatisServer (OzoneManagerRatisServer.java:start(559)) - Starting OzoneManagerRatisServer om1 at port 9872
2023-03-10 22:30:34,829 [om1-impl-thread1] INFO  storage.RaftStorageDirectory (RaftStorageDirectoryImpl.java:analyzeStorage(137)) - The storage directory /home/runner/work/ozone/ozone/hadoop-ozone/integration-test/target/test-dir/MiniOzoneClusterImpl-7a8fa31f-7ad0-4349-83ec-1d9026649271/ozone-meta/ratis/bf265839-605b-3f16-9796-c5ba1605619e does not exist. Creating ...
2023-03-10 22:30:34,835 [om1-impl-thread1] INFO  storage.RaftStorageDirectory (RaftStorageDirectoryImpl.java:tryLock(231)) - Lock on /home/runner/work/ozone/ozone/hadoop-ozone/integration-test/target/test-dir/MiniOzoneClusterImpl-7a8fa31f-7ad0-4349-83ec-1d9026649271/ozone-meta/ratis/bf265839-605b-3f16-9796-c5ba1605619e/in_use.lock acquired by nodename 2378@fv-az259-306
2023-03-10 22:30:34,840 [om1-impl-thread1] INFO  storage.RaftStorage (RaftStorageImpl.java:format(96)) - Storage directory /home/runner/work/ozone/ozone/hadoop-ozone/integration-test/target/test-dir/MiniOzoneClusterImpl-7a8fa31f-7ad0-4349-83ec-1d9026649271/ozone-meta/ratis/bf265839-605b-3f16-9796-c5ba1605619e has been successfully formatted.
2023-03-10 22:30:34,842 [om1-impl-thread1] INFO  server.RaftServerConfigKeys (ConfUtils.java:logGet(46)) - raft.server.log.use.memory = false (default)
2023-03-10 22:30:34,848 [om1-impl-thread1] INFO  server.RaftServerConfigKeys (ConfUtils.java:logGet(46)) - raft.server.log.purge.gap = 1000000 (custom)
2023-03-10 22:30:34,848 [om1-impl-thread1] INFO  server.RaftServerConfigKeys (ConfUtils.java:logGet(46)) - raft.server.log.appender.buffer.byte-limit = 33554432 (custom)
2023-03-10 22:30:34,849 [om1-impl-thread1] INFO  server.RaftServerConfigKeys (ConfUtils.java:logGet(46)) - raft.server.log.statemachine.data.read.timeout = 1000ms (default)
2023-03-10 22:30:34,850 [om1-impl-thread1] INFO  server.RaftServerConfigKeys (ConfUtils.java:logGet(46)) - raft.server.log.purge.preservation.log.num = 0 (default)
2023-03-10 22:30:34,852 [om1-impl-thread1] INFO  server.RaftServerConfigKeys (ConfUtils.java:logGet(46)) - raft.server.log.segment.size.max = 4194304 (custom)
2023-03-10 22:30:34,857 [om1-impl-thread1] INFO  server.RaftServerConfigKeys (ConfUtils.java:logGet(46)) - raft.server.log.segment.cache.num.max = 2 (custom)
2023-03-10 22:30:34,857 [om1-impl-thread1] INFO  server.RaftServerConfigKeys (ConfUtils.java:logGet(46)) - raft.server.log.segment.cache.size.max = 200MB (=209715200) (default)
2023-03-10 22:30:34,861 [om1-impl-thread1] INFO  segmented.SegmentedRaftLogWorker (SegmentedRaftLogWorker.java:<init>(189)) - new om1@group-C5BA1605619E-SegmentedRaftLogWorker for RaftStorageImpl:Storage Directory /home/runner/work/ozone/ozone/hadoop-ozone/integration-test/target/test-dir/MiniOzoneClusterImpl-7a8fa31f-7ad0-4349-83ec-1d9026649271/ozone-meta/ratis/bf265839-605b-3f16-9796-c5ba1605619e
2023-03-10 22:30:34,862 [om1-impl-thread1] INFO  server.RaftServerConfigKeys (ConfUtils.java:logGet(46)) - raft.server.log.queue.byte-limit = 64MB (=67108864) (default)
2023-03-10 22:30:34,863 [om1-impl-thread1] INFO  server.RaftServerConfigKeys (ConfUtils.java:logGet(46)) - raft.server.log.queue.element-limit = 4096 (default)
2023-03-10 22:30:34,864 [om1-impl-thread1] INFO  server.RaftServerConfigKeys (ConfUtils.java:logGet(46)) - raft.server.log.segment.size.max = 4194304 (custom)
2023-03-10 22:30:34,864 [om1-impl-thread1] INFO  server.RaftServerConfigKeys (ConfUtils.java:logGet(46)) - raft.server.log.preallocated.size = 4194304 (custom)
2023-03-10 22:30:34,865 [om1-impl-thread1] INFO  server.RaftServerConfigKeys (ConfUtils.java:logGet(46)) - raft.server.log.force.sync.num = 128 (default)
2023-03-10 22:30:34,865 [om1-impl-thread1] INFO  server.RaftServerConfigKeys (ConfUtils.java:logGet(46)) - raft.server.log.statemachine.data.sync = true (default)
2023-03-10 22:30:34,866 [om1-impl-thread1] INFO  server.RaftServerConfigKeys (ConfUtils.java:logGet(46)) - raft.server.log.statemachine.data.sync.timeout = 10s (default)
2023-03-10 22:30:34,866 [om1-impl-thread1] INFO  server.RaftServerConfigKeys (ConfUtils.java:logGet(46)) - raft.server.log.statemachine.data.sync.timeout.retry = -1 (default)
2023-03-10 22:30:34,873 [om1-impl-thread1] INFO  server.RaftServerConfigKeys (ConfUtils.java:logGet(46)) - raft.server.log.write.buffer.size = 64KB (=65536) (default)
2023-03-10 22:30:34,873 [om1-impl-thread1] INFO  server.RaftServerConfigKeys (ConfUtils.java:logGet(46)) - raft.server.log.appender.buffer.byte-limit = 33554432 (custom)
2023-03-10 22:30:34,879 [om1-impl-thread1] INFO  server.RaftServerConfigKeys (ConfUtils.java:logGet(46)) - raft.server.log.unsafe-flush.enabled = false (default)
2023-03-10 22:30:34,879 [om1-impl-thread1] INFO  server.RaftServerConfigKeys (ConfUtils.java:logGet(46)) - raft.server.log.async-flush.enabled = false (default)
2023-03-10 22:30:34,880 [om1-impl-thread1] INFO  server.RaftServerConfigKeys (ConfUtils.java:logGet(46)) - raft.server.log.statemachine.data.caching.enabled = false (default)
2023-03-10 22:30:34,885 [om1-impl-thread1] INFO  segmented.SegmentedRaftLogWorker (SegmentedRaftLogWorker.java:lambda$new$0(135)) - om1@group-C5BA1605619E-SegmentedRaftLogWorker: flushIndex: setUnconditionally 0 -> -1
2023-03-10 22:30:34,885 [om1-impl-thread1] INFO  segmented.SegmentedRaftLogWorker (SegmentedRaftLogWorker.java:lambda$new$0(135)) - om1@group-C5BA1605619E-SegmentedRaftLogWorker: safeCacheEvictIndex: setUnconditionally 0 -> -1
2023-03-10 22:30:34,886 [om1-impl-thread1] INFO  server.RaftServer$Division (RaftServerImpl.java:start(334)) - om1@group-C5BA1605619E: start as a follower, conf=-1: peers:[om1|rpc:localhost:9872|priority:0|startupRole:FOLLOWER]|listeners:[], old=null
2023-03-10 22:30:34,891 [om1-impl-thread1] INFO  server.RaftServer$Division (RaftServerImpl.java:setRole(321)) - om1@group-C5BA1605619E: changes role from      null to FOLLOWER at term 0 for startAsFollower
2023-03-10 22:30:34,892 [om1-impl-thread1] INFO  impl.RoleInfo (RoleInfo.java:updateAndGet(139)) - om1: start om1@group-C5BA1605619E-FollowerState
2023-03-10 22:30:34,893 [om1-impl-thread1] INFO  util.JmxRegister (JmxRegister.java:tryRegister(44)) - Successfully registered JMX Bean with object name Ratis:service=RaftServer,group=group-C5BA1605619E,id=om1
2023-03-10 22:30:34,895 [om1@group-C5BA1605619E-FollowerState] INFO  server.RaftServerConfigKeys (ConfUtils.java:logFallback(53)) - raft.server.rpc.first-election.timeout.min = 1s (fallback to raft.server.rpc.timeout.min)
2023-03-10 22:30:34,896 [om1-impl-thread1] INFO  server.RaftServerConfigKeys (ConfUtils.java:logGet(46)) - raft.server.snapshot.auto.trigger.enabled = true (custom)
2023-03-10 22:30:34,896 [om1-impl-thread1] INFO  server.RaftServerConfigKeys (ConfUtils.java:logGet(46)) - raft.server.snapshot.auto.trigger.threshold = 400000 (default)
2023-03-10 22:30:34,896 [om1-impl-thread1] INFO  server.RaftServerConfigKeys (ConfUtils.java:logGet(46)) - raft.server.snapshot.retention.file.num = -1 (default)
2023-03-10 22:30:34,897 [om1-impl-thread1] INFO  server.RaftServerConfigKeys (ConfUtils.java:logGet(46)) - raft.server.log.purge.upto.snapshot.index = true (custom)
2023-03-10 22:30:34,900 [om1@group-C5BA1605619E-FollowerState] INFO  server.RaftServerConfigKeys (ConfUtils.java:logFallback(53)) - raft.server.rpc.first-election.timeout.max = 1200ms (fallback to raft.server.rpc.timeout.max)
2023-03-10 22:30:34,900 [Listener at 127.0.0.1/40251] INFO  server.RaftServer (RaftServerProxy.java:startImpl(393)) - om1: start RPC server
2023-03-10 22:30:34,940 [Listener at 127.0.0.1/40251] INFO  server.GrpcService (GrpcService.java:startImpl(262)) - om1: GrpcService started, listening on 9872
2023-03-10 22:30:34,943 [Listener at 127.0.0.1/40251] INFO  om.OzoneManager (OzoneManager.java:start(1569)) - Version File has different layout version (3) than OM DB (null). That is expected if this OM has never been finalized to a newer layout version.
2023-03-10 22:30:34,945 [JvmPauseMonitor0] INFO  util.JvmPauseMonitor (JvmPauseMonitor.java:run(105)) - JvmPauseMonitor-om1: Started
2023-03-10 22:30:34,960 [Listener at 127.0.0.1/40251] INFO  http.BaseHttpServer (BaseHttpServer.java:newHttpServer2BuilderForOzone(224)) - Starting Web-server for ozoneManager at: http://0.0.0.0:0
2023-03-10 22:30:34,961 [Listener at 127.0.0.1/40251] INFO  http.BaseHttpServer (BaseHttpServer.java:<init>(111)) - Hadoop Security Enabled: false Ozone Security Enabled: false Ozone HTTP Security Enabled: false 
2023-03-10 22:30:34,962 [Listener at 127.0.0.1/40251] WARN  server.AuthenticationFilter (AuthenticationFilter.java:constructSecretProvider(240)) - Unable to initialize FileSignerSecretProvider, falling back to use random secrets. Reason: Could not read signature secret file: /home/runner/hadoop-http-auth-signature-secret
2023-03-10 22:30:34,976 [Listener at 127.0.0.1/40251] WARN  http.HttpRequestLog (HttpRequestLog.java:getRequestLog(103)) - Jetty request log can only be enabled using Log4j
2023-03-10 22:30:34,977 [Listener at 127.0.0.1/40251] INFO  http.HttpServer2 (HttpServer2.java:addGlobalFilter(1031)) - Added global filter 'safety' (class=org.apache.hadoop.hdds.server.http.HttpServer2$QuotingInputFilter)
2023-03-10 22:30:34,980 [Listener at 127.0.0.1/40251] INFO  http.HttpServer2 (HttpServer2.java:addFilter(1007)) - Added filter static_user_filter (class=org.apache.hadoop.http.lib.StaticUserWebFilter$StaticUserFilter) to context ozoneManager
2023-03-10 22:30:34,980 [Listener at 127.0.0.1/40251] INFO  http.HttpServer2 (HttpServer2.java:addFilter(1015)) - Added filter static_user_filter (class=org.apache.hadoop.http.lib.StaticUserWebFilter$StaticUserFilter) to context static
2023-03-10 22:30:34,980 [Listener at 127.0.0.1/40251] INFO  http.HttpServer2 (HttpServer2.java:addFilter(1015)) - Added filter static_user_filter (class=org.apache.hadoop.http.lib.StaticUserWebFilter$StaticUserFilter) to context logs
2023-03-10 22:30:34,981 [Listener at 127.0.0.1/40251] INFO  http.BaseHttpServer (BaseHttpServer.java:<init>(190)) - HTTP server of ozoneManager uses base directory /home/runner/work/ozone/ozone/hadoop-ozone/integration-test/target/test-dir/MiniOzoneClusterImpl-7a8fa31f-7ad0-4349-83ec-1d9026649271/ozone-meta/webserver
2023-03-10 22:30:34,983 [Listener at 127.0.0.1/40251] INFO  http.HttpServer2 (HttpServer2.java:bindListener(1250)) - Jetty bound to port 45743
2023-03-10 22:30:34,983 [Listener at 127.0.0.1/40251] INFO  server.Server (Server.java:doStart(375)) - jetty-9.4.49.v20220914; built: 2022-09-14T01:07:36.601Z; git: 4231a3b2e4cb8548a412a789936d640a97b1aa0a; jvm 1.8.0_362-b09
2023-03-10 22:30:34,993 [Listener at 127.0.0.1/40251] INFO  server.session (DefaultSessionIdManager.java:doStart(334)) - DefaultSessionIdManager workerName=node0
2023-03-10 22:30:34,993 [Listener at 127.0.0.1/40251] INFO  server.session (DefaultSessionIdManager.java:doStart(339)) - No SessionScavenger set, using defaults
2023-03-10 22:30:34,994 [Listener at 127.0.0.1/40251] INFO  server.session (HouseKeeper.java:startScavenging(132)) - node0 Scavenging every 660000ms
2023-03-10 22:30:34,994 [Listener at 127.0.0.1/40251] INFO  handler.ContextHandler (ContextHandler.java:doStart(921)) - Started o.e.j.s.ServletContextHandler@61018d1c{logs,/logs,file:///home/runner/work/ozone/ozone/hadoop-ozone/integration-test/target/log,AVAILABLE}
2023-03-10 22:30:34,995 [Listener at 127.0.0.1/40251] INFO  handler.ContextHandler (ContextHandler.java:doStart(921)) - Started o.e.j.s.ServletContextHandler@1b8336b6{static,/static,file:///home/runner/work/ozone/ozone/hadoop-ozone/integration-test/target/test-classes/webapps/static,AVAILABLE}
2023-03-10 22:30:34,998 [Listener at 127.0.0.1/40251] INFO  handler.ContextHandler (ContextHandler.java:doStart(921)) - Started o.e.j.w.WebAppContext@3a309907{ozoneManager,/,file:///home/runner/work/ozone/ozone/hadoop-ozone/integration-test/target/test-classes/webapps/ozoneManager/,AVAILABLE}{file:/home/runner/work/ozone/ozone/hadoop-ozone/integration-test/target/test-classes/webapps/ozoneManager}
2023-03-10 22:30:35,000 [Listener at 127.0.0.1/40251] INFO  server.AbstractConnector (AbstractConnector.java:doStart(333)) - Started ServerConnector@aae360c{HTTP/1.1, (http/1.1)}{0.0.0.0:45743}
2023-03-10 22:30:35,000 [Listener at 127.0.0.1/40251] INFO  server.Server (Server.java:doStart(415)) - Started @7003ms
2023-03-10 22:30:35,001 [Listener at 127.0.0.1/40251] WARN  impl.MetricsSystemImpl (MetricsSystemImpl.java:register(279)) - Sink prometheus already exists!
2023-03-10 22:30:35,001 [Listener at 127.0.0.1/40251] INFO  http.BaseHttpServer (BaseHttpServer.java:updateConnectorAddress(344)) - HTTP server of ozoneManager listening at http://0.0.0.0:45743
2023-03-10 22:30:35,001 [IPC Server Responder] INFO  ipc.Server (Server.java:run(1512)) - IPC Server Responder: starting
2023-03-10 22:30:35,001 [IPC Server listener on 0] INFO  ipc.Server (Server.java:run(1352)) - IPC Server listener on 0: starting
2023-03-10 22:30:35,003 [Listener at 127.0.0.1/40251] INFO  om.OzoneManager (OzoneManager.java:startTrashEmptier(2040)) - Trash Interval set to 0. Files deleted won't move to trash
2023-03-10 22:30:35,006 [org.apache.hadoop.util.JvmPauseMonitor$Monitor@1f24fb1] INFO  util.JvmPauseMonitor (JvmPauseMonitor.java:run(188)) - Starting JVM pause monitor
2023-03-10 22:30:35,146 [Listener at 127.0.0.1/40251] WARN  impl.MetricRegistriesImpl (MetricRegistriesImpl.java:addReporterRegistration(111)) - New reporters are added after registries were created. Some metrics will be missing from the reporter. Please add reporter before adding any new registry.
2023-03-10 22:30:35,146 [Listener at 127.0.0.1/40251] WARN  impl.MetricRegistriesImpl (MetricRegistriesImpl.java:addReporterRegistration(111)) - New reporters are added after registries were created. Some metrics will be missing from the reporter. Please add reporter before adding any new registry.
2023-03-10 22:30:35,147 [Listener at 127.0.0.1/40251] INFO  impl.MetricsSystemImpl (MetricsSystemImpl.java:init(158)) - HddsDatanode metrics system started (again)
2023-03-10 22:30:35,164 [Listener at 127.0.0.1/40251] INFO  ozone.HddsDatanodeService (HddsDatanodeService.java:start(229)) - HddsDatanodeService host:fv-az259-306.nxnqhby4qkoexpon2s1bx5vqxg.dx.internal.cloudapp.net ip:10.1.0.5
2023-03-10 22:30:35,201 [Listener at 127.0.0.1/40251] INFO  upgrade.AbstractLayoutVersionManager (AbstractLayoutVersionManager.java:init(83)) - Initializing Layout version manager with metadata layout = DATANODE_SCHEMA_V3 (version = 4), software layout = DATANODE_SCHEMA_V3 (version = 4)
2023-03-10 22:30:35,266 [Listener at 127.0.0.1/40251] INFO  reflections.Reflections (Reflections.java:scan(232)) - Reflections took 60 ms to scan 7 urls, producing 155 keys and 368 values 
2023-03-10 22:30:35,272 [Listener at 127.0.0.1/40251] INFO  statemachine.DatanodeStateMachine (DatanodeStateMachine.java:getEndPointTaskThreadPoolSize(260)) - Datanode State Machine Task Thread Pool size 2
2023-03-10 22:30:35,336 [Listener at 127.0.0.1/40251] INFO  volume.HddsVolume (HddsVolume.java:<init>(122)) - Creating HddsVolume: /home/runner/work/ozone/ozone/hadoop-ozone/integration-test/target/test-dir/MiniOzoneClusterImpl-7a8fa31f-7ad0-4349-83ec-1d9026649271/datanode-0/data-0/containers/hdds of storage type : DISK capacity : 9223372036854775807
2023-03-10 22:30:35,341 [Listener at 127.0.0.1/40251] INFO  volume.MutableVolumeSet (MutableVolumeSet.java:initializeVolumeSet(174)) - Added Volume : /home/runner/work/ozone/ozone/hadoop-ozone/integration-test/target/test-dir/MiniOzoneClusterImpl-7a8fa31f-7ad0-4349-83ec-1d9026649271/datanode-0/data-0/containers/hdds to VolumeSet
2023-03-10 22:30:35,343 [Listener at 127.0.0.1/40251] INFO  volume.ThrottledAsyncChecker (ThrottledAsyncChecker.java:schedule(141)) - Scheduling a check for /home/runner/work/ozone/ozone/hadoop-ozone/integration-test/target/test-dir/MiniOzoneClusterImpl-7a8fa31f-7ad0-4349-83ec-1d9026649271/datanode-0/data-0/containers/hdds
2023-03-10 22:30:35,362 [Listener at 127.0.0.1/40251] INFO  volume.StorageVolumeChecker (StorageVolumeChecker.java:checkAllVolumes(202)) - Scheduled health check for volume /home/runner/work/ozone/ozone/hadoop-ozone/integration-test/target/test-dir/MiniOzoneClusterImpl-7a8fa31f-7ad0-4349-83ec-1d9026649271/datanode-0/data-0/containers/hdds
2023-03-10 22:30:35,382 [Listener at 127.0.0.1/40251] INFO  volume.MutableVolumeSet (MutableVolumeSet.java:initializeVolumeSet(174)) - Added Volume : /home/runner/work/ozone/ozone/hadoop-ozone/integration-test/target/test-dir/MiniOzoneClusterImpl-7a8fa31f-7ad0-4349-83ec-1d9026649271/datanode-0/data/ratis to VolumeSet
2023-03-10 22:30:35,383 [Listener at 127.0.0.1/40251] INFO  volume.ThrottledAsyncChecker (ThrottledAsyncChecker.java:schedule(141)) - Scheduling a check for /home/runner/work/ozone/ozone/hadoop-ozone/integration-test/target/test-dir/MiniOzoneClusterImpl-7a8fa31f-7ad0-4349-83ec-1d9026649271/datanode-0/data/ratis
2023-03-10 22:30:35,383 [Listener at 127.0.0.1/40251] INFO  volume.StorageVolumeChecker (StorageVolumeChecker.java:checkAllVolumes(202)) - Scheduled health check for volume /home/runner/work/ozone/ozone/hadoop-ozone/integration-test/target/test-dir/MiniOzoneClusterImpl-7a8fa31f-7ad0-4349-83ec-1d9026649271/datanode-0/data/ratis
2023-03-10 22:30:35,407 [Thread-136] INFO  ozoneimpl.ContainerReader (ContainerReader.java:readVolume(175)) - Finish verifying containers on volume /home/runner/work/ozone/ozone/hadoop-ozone/integration-test/target/test-dir/MiniOzoneClusterImpl-7a8fa31f-7ad0-4349-83ec-1d9026649271/datanode-0/data-0/containers/hdds
2023-03-10 22:30:35,408 [Listener at 127.0.0.1/40251] INFO  ozoneimpl.OzoneContainer (OzoneContainer.java:buildContainerSet(304)) - Build ContainerSet costs 0s
2023-03-10 22:30:35,460 [Listener at 127.0.0.1/40251] INFO  audit.AuditLogger (AuditLogger.java:refreshDebugCmdSet(126)) - Refresh DebugCmdSet for DNAudit to [].
2023-03-10 22:30:35,491 [Listener at 127.0.0.1/40251] INFO  server.RaftServer (ConfUtils.java:logGet(46)) - raft.rpc.type = GRPC (default)
2023-03-10 22:30:35,491 [Listener at 127.0.0.1/40251] INFO  grpc.GrpcConfigKeys (ConfUtils.java:logFallback(53)) - raft.grpc.admin.host = null (fallback to raft.grpc.server.host)
2023-03-10 22:30:35,492 [Listener at 127.0.0.1/40251] INFO  grpc.GrpcConfigKeys (ConfUtils.java:logGet(46)) - raft.grpc.admin.port = 0 (custom)
2023-03-10 22:30:35,493 [Listener at 127.0.0.1/40251] INFO  grpc.GrpcConfigKeys (ConfUtils.java:logFallback(53)) - raft.grpc.client.host = null (fallback to raft.grpc.server.host)
2023-03-10 22:30:35,494 [Listener at 127.0.0.1/40251] INFO  grpc.GrpcConfigKeys (ConfUtils.java:logGet(46)) - raft.grpc.client.port = 0 (custom)
2023-03-10 22:30:35,495 [Listener at 127.0.0.1/40251] INFO  grpc.GrpcConfigKeys (ConfUtils.java:logGet(46)) - raft.grpc.server.host = null (default)
2023-03-10 22:30:35,495 [Listener at 127.0.0.1/40251] INFO  grpc.GrpcConfigKeys (ConfUtils.java:logGet(46)) - raft.grpc.server.port = 0 (default)
2023-03-10 22:30:35,496 [Listener at 127.0.0.1/40251] INFO  server.GrpcService (ConfUtils.java:logGet(46)) - raft.grpc.message.size.max = 32MB (=33554432) (custom)
2023-03-10 22:30:35,496 [Listener at 127.0.0.1/40251] INFO  server.RaftServerConfigKeys (ConfUtils.java:logGet(46)) - raft.server.log.appender.buffer.byte-limit = 33554432 (custom)
2023-03-10 22:30:35,496 [Listener at 127.0.0.1/40251] INFO  server.GrpcService (ConfUtils.java:logGet(46)) - raft.grpc.flow.control.window = 5MB (=5242880) (custom)
2023-03-10 22:30:35,499 [Listener at 127.0.0.1/40251] INFO  server.RaftServerConfigKeys (ConfUtils.java:logGet(46)) - raft.server.rpc.request.timeout = 60s (custom)
2023-03-10 22:30:35,503 [Listener at 127.0.0.1/40251] INFO  grpc.GrpcConfigKeys (ConfUtils.java:logGet(46)) - raft.grpc.server.heartbeat.channel = true (default)
2023-03-10 22:30:35,503 [Listener at 127.0.0.1/40251] INFO  grpc.GrpcConfigKeys (ConfUtils.java:logGet(46)) - raft.grpc.server.async.request.thread.pool.cached = true (default)
2023-03-10 22:30:35,503 [Listener at 127.0.0.1/40251] INFO  grpc.GrpcConfigKeys (ConfUtils.java:logGet(46)) - raft.grpc.server.async.request.thread.pool.size = 32 (default)
2023-03-10 22:30:35,505 [Listener at 127.0.0.1/40251] INFO  impl.DataStreamServerImpl (ConfUtils.java:logGet(46)) - raft.datastream.type = NETTY (custom)
2023-03-10 22:30:35,519 [Listener at 127.0.0.1/40251] INFO  server.RaftServerConfigKeys (ConfUtils.java:logGet(46)) - raft.server.data-stream.async.request.thread.pool.cached = false (default)
2023-03-10 22:30:35,519 [Listener at 127.0.0.1/40251] INFO  server.RaftServerConfigKeys (ConfUtils.java:logGet(46)) - raft.server.data-stream.async.request.thread.pool.size = 20 (custom)
2023-03-10 22:30:35,519 [Listener at 127.0.0.1/40251] INFO  server.RaftServerConfigKeys (ConfUtils.java:logGet(46)) - raft.server.data-stream.async.write.thread.pool.size = 16 (default)
2023-03-10 22:30:35,520 [Listener at 127.0.0.1/40251] INFO  server.RaftServerConfigKeys (ConfUtils.java:logGet(46)) - raft.server.data-stream.client.pool.size = 10 (default)
2023-03-10 22:30:35,522 [Listener at 127.0.0.1/40251] INFO  netty.NettyConfigKeys$DataStream (ConfUtils.java:logGet(46)) - raft.netty.dataStream.server.use-epoll = false (default)
2023-03-10 22:30:35,523 [Listener at 127.0.0.1/40251] INFO  netty.NettyConfigKeys$DataStream (ConfUtils.java:logGet(46)) - raft.netty.dataStream.server.boss-group.size = 0 (default)
2023-03-10 22:30:35,529 [Listener at 127.0.0.1/40251] INFO  netty.NettyConfigKeys$DataStream (ConfUtils.java:logGet(46)) - raft.netty.dataStream.server.worker-group.size = 0 (default)
2023-03-10 22:30:35,530 [Listener at 127.0.0.1/40251] INFO  netty.NettyConfigKeys$DataStream (ConfUtils.java:logGet(46)) - raft.netty.dataStream.server.tls.conf = null (default)
2023-03-10 22:30:35,532 [Listener at 127.0.0.1/40251] INFO  netty.NettyConfigKeys$DataStream (ConfUtils.java:logGet(46)) - raft.netty.dataStream.host = null (default)
2023-03-10 22:30:35,532 [Listener at 127.0.0.1/40251] INFO  netty.NettyConfigKeys$DataStream (ConfUtils.java:logGet(46)) - raft.netty.dataStream.port = 0 (default)
2023-03-10 22:30:35,544 [Listener at 127.0.0.1/40251] INFO  server.RaftServerConfigKeys (ConfUtils.java:logGet(46)) - raft.server.threadpool.proxy.cached = true (default)
2023-03-10 22:30:35,545 [Listener at 127.0.0.1/40251] INFO  server.RaftServerConfigKeys (ConfUtils.java:logGet(46)) - raft.server.threadpool.proxy.size = 0 (default)
2023-03-10 22:30:35,545 [Listener at 127.0.0.1/40251] INFO  server.RaftServerConfigKeys (ConfUtils.java:logGet(46)) - raft.server.rpc.slowness.timeout = 300s (custom)
2023-03-10 22:30:35,545 [Listener at 127.0.0.1/40251] INFO  server.RaftServerConfigKeys (ConfUtils.java:logGet(46)) - raft.server.leaderelection.leader.step-down.wait-time = 10s (default)
2023-03-10 22:30:35,545 [Listener at 127.0.0.1/40251] INFO  server.RaftServerConfigKeys (ConfUtils.java:logGet(46)) - raft.server.storage.dir = [/home/runner/work/ozone/ozone/hadoop-ozone/integration-test/target/test-dir/MiniOzoneClusterImpl-7a8fa31f-7ad0-4349-83ec-1d9026649271/datanode-0/data/ratis] (custom)
2023-03-10 22:30:35,570 [2aff4a56-46da-424c-8361-de221ca2b011-NettyServerStreamRpc-bossGroup--thread1] INFO  logging.LoggingHandler (AbstractInternalLogger.java:log(148)) - [id: 0x48764618] REGISTERED
2023-03-10 22:30:35,570 [2aff4a56-46da-424c-8361-de221ca2b011-NettyServerStreamRpc-bossGroup--thread1] INFO  logging.LoggingHandler (AbstractInternalLogger.java:log(148)) - [id: 0x48764618] BIND: 0.0.0.0/0.0.0.0:0
2023-03-10 22:30:35,571 [2aff4a56-46da-424c-8361-de221ca2b011-NettyServerStreamRpc-bossGroup--thread1] INFO  logging.LoggingHandler (AbstractInternalLogger.java:log(148)) - [id: 0x48764618, L:/0:0:0:0:0:0:0:0:34343] ACTIVE
2023-03-10 22:30:35,582 [Listener at 127.0.0.1/40251] INFO  server.XceiverServerGrpc (XceiverServerGrpc.java:<init>(132)) - GrpcServer channel type EpollServerSocketChannel
2023-03-10 22:30:35,719 [Listener at 127.0.0.1/40251] INFO  http.BaseHttpServer (BaseHttpServer.java:newHttpServer2BuilderForOzone(224)) - Starting Web-server for hddsDatanode at: http://0.0.0.0:0
2023-03-10 22:30:35,719 [Listener at 127.0.0.1/40251] INFO  http.BaseHttpServer (BaseHttpServer.java:<init>(111)) - Hadoop Security Enabled: false Ozone Security Enabled: false Ozone HTTP Security Enabled: false 
2023-03-10 22:30:35,721 [Listener at 127.0.0.1/40251] WARN  server.AuthenticationFilter (AuthenticationFilter.java:constructSecretProvider(240)) - Unable to initialize FileSignerSecretProvider, falling back to use random secrets. Reason: Could not read signature secret file: /home/runner/hadoop-http-auth-signature-secret
2023-03-10 22:30:35,723 [Listener at 127.0.0.1/40251] WARN  http.HttpRequestLog (HttpRequestLog.java:getRequestLog(103)) - Jetty request log can only be enabled using Log4j
2023-03-10 22:30:35,725 [Listener at 127.0.0.1/40251] INFO  http.HttpServer2 (HttpServer2.java:addGlobalFilter(1031)) - Added global filter 'safety' (class=org.apache.hadoop.hdds.server.http.HttpServer2$QuotingInputFilter)
2023-03-10 22:30:35,726 [Listener at 127.0.0.1/40251] INFO  http.HttpServer2 (HttpServer2.java:addFilter(1007)) - Added filter static_user_filter (class=org.apache.hadoop.http.lib.StaticUserWebFilter$StaticUserFilter) to context hddsDatanode
2023-03-10 22:30:35,726 [Listener at 127.0.0.1/40251] INFO  http.HttpServer2 (HttpServer2.java:addFilter(1015)) - Added filter static_user_filter (class=org.apache.hadoop.http.lib.StaticUserWebFilter$StaticUserFilter) to context logs
2023-03-10 22:30:35,727 [Listener at 127.0.0.1/40251] INFO  http.HttpServer2 (HttpServer2.java:addFilter(1015)) - Added filter static_user_filter (class=org.apache.hadoop.http.lib.StaticUserWebFilter$StaticUserFilter) to context static
2023-03-10 22:30:35,728 [Listener at 127.0.0.1/40251] INFO  http.BaseHttpServer (BaseHttpServer.java:<init>(190)) - HTTP server of hddsDatanode uses base directory /home/runner/work/ozone/ozone/hadoop-ozone/integration-test/target/test-dir/MiniOzoneClusterImpl-7a8fa31f-7ad0-4349-83ec-1d9026649271/datanode-0/meta/webserver
2023-03-10 22:30:35,728 [Listener at 127.0.0.1/40251] INFO  http.HttpServer2 (HttpServer2.java:bindListener(1250)) - Jetty bound to port 41693
2023-03-10 22:30:35,731 [Listener at 127.0.0.1/40251] INFO  server.Server (Server.java:doStart(375)) - jetty-9.4.49.v20220914; built: 2022-09-14T01:07:36.601Z; git: 4231a3b2e4cb8548a412a789936d640a97b1aa0a; jvm 1.8.0_362-b09
2023-03-10 22:30:35,743 [Listener at 127.0.0.1/40251] INFO  server.session (DefaultSessionIdManager.java:doStart(334)) - DefaultSessionIdManager workerName=node0
2023-03-10 22:30:35,743 [Listener at 127.0.0.1/40251] INFO  server.session (DefaultSessionIdManager.java:doStart(339)) - No SessionScavenger set, using defaults
2023-03-10 22:30:35,744 [Listener at 127.0.0.1/40251] INFO  server.session (HouseKeeper.java:startScavenging(132)) - node0 Scavenging every 660000ms
2023-03-10 22:30:35,745 [Listener at 127.0.0.1/40251] INFO  handler.ContextHandler (ContextHandler.java:doStart(921)) - Started o.e.j.s.ServletContextHandler@243e33a5{logs,/logs,file:///home/runner/work/ozone/ozone/hadoop-ozone/integration-test/target/log,AVAILABLE}
2023-03-10 22:30:35,745 [Listener at 127.0.0.1/40251] INFO  handler.ContextHandler (ContextHandler.java:doStart(921)) - Started o.e.j.s.ServletContextHandler@57361968{static,/static,jar:file:/home/runner/.m2/repository/org/apache/ozone/hdds-container-service/1.4.0-SNAPSHOT/hdds-container-service-1.4.0-SNAPSHOT.jar!/webapps/static,AVAILABLE}
2023-03-10 22:30:35,966 [Listener at 127.0.0.1/40251] INFO  handler.ContextHandler (ContextHandler.java:doStart(921)) - Started o.e.j.w.WebAppContext@11ad162d{hddsDatanode,/,file:///home/runner/work/ozone/ozone/hadoop-ozone/integration-test/target/test-dir/MiniOzoneClusterImpl-7a8fa31f-7ad0-4349-83ec-1d9026649271/datanode-0/meta/webserver/jetty-0_0_0_0-41693-hdds-container-service-1_4_0-SNAPSHOT_jar-_-any-448068185761170548/webapp/,AVAILABLE}{jar:file:/home/runner/.m2/repository/org/apache/ozone/hdds-container-service/1.4.0-SNAPSHOT/hdds-container-service-1.4.0-SNAPSHOT.jar!/webapps/hddsDatanode}
2023-03-10 22:30:35,988 [Listener at 127.0.0.1/40251] INFO  server.AbstractConnector (AbstractConnector.java:doStart(333)) - Started ServerConnector@2db0b1c4{HTTP/1.1, (http/1.1)}{0.0.0.0:41693}
2023-03-10 22:30:35,988 [Listener at 127.0.0.1/40251] INFO  server.Server (Server.java:doStart(415)) - Started @7991ms
2023-03-10 22:30:35,988 [Listener at 127.0.0.1/40251] WARN  impl.MetricsSystemImpl (MetricsSystemImpl.java:register(279)) - Sink prometheus already exists!
2023-03-10 22:30:35,989 [Listener at 127.0.0.1/40251] INFO  http.BaseHttpServer (BaseHttpServer.java:updateConnectorAddress(344)) - HTTP server of hddsDatanode listening at http://0.0.0.0:41693
2023-03-10 22:30:35,991 [Datanode State Machine Daemon Thread] INFO  statemachine.DatanodeStateMachine (DatanodeStateMachine.java:lambda$startDaemon$0(517)) - Ozone container server started.
2023-03-10 22:30:35,995 [Listener at 127.0.0.1/40251] WARN  impl.MetricRegistriesImpl (MetricRegistriesImpl.java:addReporterRegistration(111)) - New reporters are added after registries were created. Some metrics will be missing from the reporter. Please add reporter before adding any new registry.
2023-03-10 22:30:35,999 [Listener at 127.0.0.1/40251] WARN  impl.MetricRegistriesImpl (MetricRegistriesImpl.java:addReporterRegistration(111)) - New reporters are added after registries were created. Some metrics will be missing from the reporter. Please add reporter before adding any new registry.
2023-03-10 22:30:35,999 [Listener at 127.0.0.1/40251] INFO  impl.MetricsSystemImpl (MetricsSystemImpl.java:init(158)) - HddsDatanode metrics system started (again)
2023-03-10 22:30:36,013 [Listener at 127.0.0.1/40251] INFO  ozone.HddsDatanodeService (HddsDatanodeService.java:start(229)) - HddsDatanodeService host:fv-az259-306.nxnqhby4qkoexpon2s1bx5vqxg.dx.internal.cloudapp.net ip:10.1.0.5
2023-03-10 22:30:36,025 [org.apache.hadoop.util.JvmPauseMonitor$Monitor@2917225e] INFO  util.JvmPauseMonitor (JvmPauseMonitor.java:run(188)) - Starting JVM pause monitor
2023-03-10 22:30:36,042 [om1@group-C5BA1605619E-FollowerState] INFO  impl.FollowerState (FollowerState.java:run(143)) - om1@group-C5BA1605619E-FollowerState: change to CANDIDATE, lastRpcElapsedTime:1149634899ns, electionTimeout:1141ms
2023-03-10 22:30:36,042 [om1@group-C5BA1605619E-FollowerState] INFO  impl.RoleInfo (RoleInfo.java:shutdownFollowerState(110)) - om1: shutdown om1@group-C5BA1605619E-FollowerState
2023-03-10 22:30:36,043 [om1@group-C5BA1605619E-FollowerState] INFO  server.RaftServer$Division (RaftServerImpl.java:setRole(321)) - om1@group-C5BA1605619E: changes role from  FOLLOWER to CANDIDATE at term 0 for changeToCandidate
2023-03-10 22:30:36,045 [om1@group-C5BA1605619E-FollowerState] INFO  server.RaftServerConfigKeys (ConfUtils.java:logGet(46)) - raft.server.leaderelection.pre-vote = true (default)
2023-03-10 22:30:36,046 [om1@group-C5BA1605619E-FollowerState] INFO  impl.RoleInfo (RoleInfo.java:updateAndGet(139)) - om1: start om1@group-C5BA1605619E-LeaderElection1
2023-03-10 22:30:36,050 [Listener at 127.0.0.1/40251] INFO  upgrade.AbstractLayoutVersionManager (AbstractLayoutVersionManager.java:init(83)) - Initializing Layout version manager with metadata layout = DATANODE_SCHEMA_V3 (version = 4), software layout = DATANODE_SCHEMA_V3 (version = 4)
2023-03-10 22:30:36,068 [om1@group-C5BA1605619E-LeaderElection1] INFO  impl.LeaderElection (LeaderElection.java:askForVotes(312)) - om1@group-C5BA1605619E-LeaderElection1 PRE_VOTE round 0: submit vote requests at term 0 for -1: peers:[om1|rpc:localhost:9872|priority:0|startupRole:FOLLOWER]|listeners:[], old=null
2023-03-10 22:30:36,069 [om1@group-C5BA1605619E-LeaderElection1] INFO  impl.LeaderElection (LeaderElection.java:askForVotes(314)) - om1@group-C5BA1605619E-LeaderElection1 PRE_VOTE round 0: result PASSED (term=0)
2023-03-10 22:30:36,075 [om1@group-C5BA1605619E-LeaderElection1] INFO  impl.LeaderElection (LeaderElection.java:askForVotes(312)) - om1@group-C5BA1605619E-LeaderElection1 ELECTION round 0: submit vote requests at term 1 for -1: peers:[om1|rpc:localhost:9872|priority:0|startupRole:FOLLOWER]|listeners:[], old=null
2023-03-10 22:30:36,076 [om1@group-C5BA1605619E-LeaderElection1] INFO  impl.LeaderElection (LeaderElection.java:askForVotes(314)) - om1@group-C5BA1605619E-LeaderElection1 ELECTION round 0: result PASSED (term=1)
2023-03-10 22:30:36,076 [om1@group-C5BA1605619E-LeaderElection1] INFO  impl.RoleInfo (RoleInfo.java:shutdownLeaderElection(130)) - om1: shutdown om1@group-C5BA1605619E-LeaderElection1
2023-03-10 22:30:36,076 [om1@group-C5BA1605619E-LeaderElection1] INFO  server.RaftServer$Division (RaftServerImpl.java:setRole(321)) - om1@group-C5BA1605619E: changes role from CANDIDATE to LEADER at term 1 for changeToLeader
2023-03-10 22:30:36,076 [om1@group-C5BA1605619E-LeaderElection1] INFO  server.RaftServer$Division (ServerState.java:setLeader(313)) - om1@group-C5BA1605619E: change Leader from null to om1 at term 1 for becomeLeader, leader elected after 2152ms
2023-03-10 22:30:36,087 [om1@group-C5BA1605619E-LeaderElection1] INFO  server.RaftServerConfigKeys (ConfUtils.java:logGet(46)) - raft.server.staging.catchup.gap = 1000 (default)
2023-03-10 22:30:36,096 [om1@group-C5BA1605619E-LeaderElection1] INFO  server.RaftServerConfigKeys (ConfUtils.java:logGet(46)) - raft.server.write.element-limit = 4096 (default)
2023-03-10 22:30:36,097 [om1@group-C5BA1605619E-LeaderElection1] INFO  server.RaftServerConfigKeys (ConfUtils.java:logGet(46)) - raft.server.write.byte-limit = 64MB (=67108864) (default)
2023-03-10 22:30:36,105 [om1@group-C5BA1605619E-LeaderElection1] INFO  server.RaftServerConfigKeys (ConfUtils.java:logGet(46)) - raft.server.watch.timeout = 10s (default)
2023-03-10 22:30:36,105 [om1@group-C5BA1605619E-LeaderElection1] INFO  server.RaftServerConfigKeys (ConfUtils.java:logGet(46)) - raft.server.watch.timeout.denomination = 1s (default)
2023-03-10 22:30:36,107 [om1@group-C5BA1605619E-LeaderElection1] INFO  server.RaftServerConfigKeys (ConfUtils.java:logGet(46)) - raft.server.watch.element-limit = 65536 (default)
2023-03-10 22:30:36,115 [om1@group-C5BA1605619E-LeaderElection1] INFO  server.RaftServerConfigKeys (ConfUtils.java:logGet(46)) - raft.server.write.element-limit = 4096 (default)
2023-03-10 22:30:36,124 [om1@group-C5BA1605619E-LeaderElection1] INFO  server.RaftServerConfigKeys (ConfUtils.java:logGet(46)) - raft.server.write.follower.gap.ratio.max = -1.0 (default)
2023-03-10 22:30:36,128 [om1@group-C5BA1605619E-LeaderElection1] INFO  impl.RoleInfo (RoleInfo.java:updateAndGet(139)) - om1: start om1@group-C5BA1605619E-LeaderStateImpl
2023-03-10 22:30:36,160 [Listener at 127.0.0.1/40251] INFO  reflections.Reflections (Reflections.java:scan(232)) - Reflections took 109 ms to scan 7 urls, producing 155 keys and 368 values 
2023-03-10 22:30:36,169 [Listener at 127.0.0.1/40251] INFO  statemachine.DatanodeStateMachine (DatanodeStateMachine.java:getEndPointTaskThreadPoolSize(260)) - Datanode State Machine Task Thread Pool size 2
2023-03-10 22:30:36,178 [Listener at 127.0.0.1/40251] INFO  volume.HddsVolume (HddsVolume.java:<init>(122)) - Creating HddsVolume: /home/runner/work/ozone/ozone/hadoop-ozone/integration-test/target/test-dir/MiniOzoneClusterImpl-7a8fa31f-7ad0-4349-83ec-1d9026649271/datanode-1/data-0/containers/hdds of storage type : DISK capacity : 9223372036854775807
2023-03-10 22:30:36,178 [Listener at 127.0.0.1/40251] INFO  volume.MutableVolumeSet (MutableVolumeSet.java:initializeVolumeSet(174)) - Added Volume : /home/runner/work/ozone/ozone/hadoop-ozone/integration-test/target/test-dir/MiniOzoneClusterImpl-7a8fa31f-7ad0-4349-83ec-1d9026649271/datanode-1/data-0/containers/hdds to VolumeSet
2023-03-10 22:30:36,178 [Listener at 127.0.0.1/40251] INFO  volume.ThrottledAsyncChecker (ThrottledAsyncChecker.java:schedule(141)) - Scheduling a check for /home/runner/work/ozone/ozone/hadoop-ozone/integration-test/target/test-dir/MiniOzoneClusterImpl-7a8fa31f-7ad0-4349-83ec-1d9026649271/datanode-1/data-0/containers/hdds
2023-03-10 22:30:36,177 [om1@group-C5BA1605619E-LeaderElection1] INFO  segmented.SegmentedRaftLogWorker (SegmentedRaftLogWorker.java:startLogSegment(452)) - om1@group-C5BA1605619E-SegmentedRaftLogWorker: Starting segment from index:0
2023-03-10 22:30:36,183 [Listener at 127.0.0.1/40251] INFO  volume.StorageVolumeChecker (StorageVolumeChecker.java:checkAllVolumes(202)) - Scheduled health check for volume /home/runner/work/ozone/ozone/hadoop-ozone/integration-test/target/test-dir/MiniOzoneClusterImpl-7a8fa31f-7ad0-4349-83ec-1d9026649271/datanode-1/data-0/containers/hdds
2023-03-10 22:30:36,204 [Listener at 127.0.0.1/40251] INFO  volume.MutableVolumeSet (MutableVolumeSet.java:initializeVolumeSet(174)) - Added Volume : /home/runner/work/ozone/ozone/hadoop-ozone/integration-test/target/test-dir/MiniOzoneClusterImpl-7a8fa31f-7ad0-4349-83ec-1d9026649271/datanode-1/data/ratis to VolumeSet
2023-03-10 22:30:36,204 [Listener at 127.0.0.1/40251] INFO  volume.ThrottledAsyncChecker (ThrottledAsyncChecker.java:schedule(141)) - Scheduling a check for /home/runner/work/ozone/ozone/hadoop-ozone/integration-test/target/test-dir/MiniOzoneClusterImpl-7a8fa31f-7ad0-4349-83ec-1d9026649271/datanode-1/data/ratis
2023-03-10 22:30:36,205 [Listener at 127.0.0.1/40251] INFO  volume.StorageVolumeChecker (StorageVolumeChecker.java:checkAllVolumes(202)) - Scheduled health check for volume /home/runner/work/ozone/ozone/hadoop-ozone/integration-test/target/test-dir/MiniOzoneClusterImpl-7a8fa31f-7ad0-4349-83ec-1d9026649271/datanode-1/data/ratis
2023-03-10 22:30:36,224 [om1@group-C5BA1605619E-LeaderElection1] INFO  server.RaftServer$Division (ServerState.java:setRaftConf(430)) - om1@group-C5BA1605619E: set configuration 0: peers:[om1|rpc:localhost:9872|admin:|client:|dataStream:|priority:0|startupRole:FOLLOWER]|listeners:[], old=null
2023-03-10 22:30:36,232 [Thread-152] INFO  ozoneimpl.ContainerReader (ContainerReader.java:readVolume(175)) - Finish verifying containers on volume /home/runner/work/ozone/ozone/hadoop-ozone/integration-test/target/test-dir/MiniOzoneClusterImpl-7a8fa31f-7ad0-4349-83ec-1d9026649271/datanode-1/data-0/containers/hdds
2023-03-10 22:30:36,235 [Listener at 127.0.0.1/40251] INFO  ozoneimpl.OzoneContainer (OzoneContainer.java:buildContainerSet(304)) - Build ContainerSet costs 0s
2023-03-10 22:30:36,239 [Listener at 127.0.0.1/40251] INFO  server.RaftServer (ConfUtils.java:logGet(46)) - raft.rpc.type = GRPC (default)
2023-03-10 22:30:36,239 [Listener at 127.0.0.1/40251] INFO  grpc.GrpcConfigKeys (ConfUtils.java:logFallback(53)) - raft.grpc.admin.host = null (fallback to raft.grpc.server.host)
2023-03-10 22:30:36,240 [Listener at 127.0.0.1/40251] INFO  grpc.GrpcConfigKeys (ConfUtils.java:logGet(46)) - raft.grpc.admin.port = 0 (custom)
2023-03-10 22:30:36,240 [Listener at 127.0.0.1/40251] INFO  grpc.GrpcConfigKeys (ConfUtils.java:logFallback(53)) - raft.grpc.client.host = null (fallback to raft.grpc.server.host)
2023-03-10 22:30:36,240 [Listener at 127.0.0.1/40251] INFO  grpc.GrpcConfigKeys (ConfUtils.java:logGet(46)) - raft.grpc.client.port = 0 (custom)
2023-03-10 22:30:36,242 [Listener at 127.0.0.1/40251] INFO  grpc.GrpcConfigKeys (ConfUtils.java:logGet(46)) - raft.grpc.server.host = null (default)
2023-03-10 22:30:36,242 [Listener at 127.0.0.1/40251] INFO  grpc.GrpcConfigKeys (ConfUtils.java:logGet(46)) - raft.grpc.server.port = 0 (default)
2023-03-10 22:30:36,242 [Listener at 127.0.0.1/40251] INFO  server.GrpcService (ConfUtils.java:logGet(46)) - raft.grpc.message.size.max = 32MB (=33554432) (custom)
2023-03-10 22:30:36,242 [Listener at 127.0.0.1/40251] INFO  server.RaftServerConfigKeys (ConfUtils.java:logGet(46)) - raft.server.log.appender.buffer.byte-limit = 33554432 (custom)
2023-03-10 22:30:36,242 [Listener at 127.0.0.1/40251] INFO  server.GrpcService (ConfUtils.java:logGet(46)) - raft.grpc.flow.control.window = 5MB (=5242880) (custom)
2023-03-10 22:30:36,242 [Listener at 127.0.0.1/40251] INFO  server.RaftServerConfigKeys (ConfUtils.java:logGet(46)) - raft.server.rpc.request.timeout = 60s (custom)
2023-03-10 22:30:36,243 [Listener at 127.0.0.1/40251] INFO  grpc.GrpcConfigKeys (ConfUtils.java:logGet(46)) - raft.grpc.server.heartbeat.channel = true (default)
2023-03-10 22:30:36,243 [Listener at 127.0.0.1/40251] INFO  grpc.GrpcConfigKeys (ConfUtils.java:logGet(46)) - raft.grpc.server.async.request.thread.pool.cached = true (default)
2023-03-10 22:30:36,243 [Listener at 127.0.0.1/40251] INFO  grpc.GrpcConfigKeys (ConfUtils.java:logGet(46)) - raft.grpc.server.async.request.thread.pool.size = 32 (default)
2023-03-10 22:30:36,245 [Listener at 127.0.0.1/40251] INFO  impl.DataStreamServerImpl (ConfUtils.java:logGet(46)) - raft.datastream.type = NETTY (custom)
2023-03-10 22:30:36,245 [Datanode State Machine Task Thread - 0] INFO  datanode.InitDatanodeState (InitDatanodeState.java:persistContainerDatanodeDetails(138)) - DatanodeDetails is persisted to /home/runner/work/ozone/ozone/hadoop-ozone/integration-test/target/test-dir/MiniOzoneClusterImpl-7a8fa31f-7ad0-4349-83ec-1d9026649271/datanode-0/meta/datanode.id
2023-03-10 22:30:36,247 [Listener at 127.0.0.1/40251] INFO  server.RaftServerConfigKeys (ConfUtils.java:logGet(46)) - raft.server.data-stream.async.request.thread.pool.cached = false (default)
2023-03-10 22:30:36,248 [Listener at 127.0.0.1/40251] INFO  server.RaftServerConfigKeys (ConfUtils.java:logGet(46)) - raft.server.data-stream.async.request.thread.pool.size = 20 (custom)
2023-03-10 22:30:36,248 [Listener at 127.0.0.1/40251] INFO  server.RaftServerConfigKeys (ConfUtils.java:logGet(46)) - raft.server.data-stream.async.write.thread.pool.size = 16 (default)
2023-03-10 22:30:36,248 [Listener at 127.0.0.1/40251] INFO  server.RaftServerConfigKeys (ConfUtils.java:logGet(46)) - raft.server.data-stream.client.pool.size = 10 (default)
2023-03-10 22:30:36,248 [Listener at 127.0.0.1/40251] INFO  netty.NettyConfigKeys$DataStream (ConfUtils.java:logGet(46)) - raft.netty.dataStream.server.use-epoll = false (default)
2023-03-10 22:30:36,248 [Listener at 127.0.0.1/40251] INFO  netty.NettyConfigKeys$DataStream (ConfUtils.java:logGet(46)) - raft.netty.dataStream.server.boss-group.size = 0 (default)
2023-03-10 22:30:36,248 [Listener at 127.0.0.1/40251] INFO  netty.NettyConfigKeys$DataStream (ConfUtils.java:logGet(46)) - raft.netty.dataStream.server.worker-group.size = 0 (default)
2023-03-10 22:30:36,253 [Listener at 127.0.0.1/40251] INFO  netty.NettyConfigKeys$DataStream (ConfUtils.java:logGet(46)) - raft.netty.dataStream.server.tls.conf = null (default)
2023-03-10 22:30:36,253 [Listener at 127.0.0.1/40251] INFO  netty.NettyConfigKeys$DataStream (ConfUtils.java:logGet(46)) - raft.netty.dataStream.host = null (default)
2023-03-10 22:30:36,253 [Listener at 127.0.0.1/40251] INFO  netty.NettyConfigKeys$DataStream (ConfUtils.java:logGet(46)) - raft.netty.dataStream.port = 0 (default)
2023-03-10 22:30:36,257 [Listener at 127.0.0.1/40251] INFO  server.RaftServerConfigKeys (ConfUtils.java:logGet(46)) - raft.server.threadpool.proxy.cached = true (default)
2023-03-10 22:30:36,257 [Listener at 127.0.0.1/40251] INFO  server.RaftServerConfigKeys (ConfUtils.java:logGet(46)) - raft.server.threadpool.proxy.size = 0 (default)
2023-03-10 22:30:36,257 [Listener at 127.0.0.1/40251] INFO  server.RaftServerConfigKeys (ConfUtils.java:logGet(46)) - raft.server.rpc.slowness.timeout = 300s (custom)
2023-03-10 22:30:36,257 [Listener at 127.0.0.1/40251] INFO  server.RaftServerConfigKeys (ConfUtils.java:logGet(46)) - raft.server.leaderelection.leader.step-down.wait-time = 10s (default)
2023-03-10 22:30:36,258 [Listener at 127.0.0.1/40251] INFO  server.RaftServerConfigKeys (ConfUtils.java:logGet(46)) - raft.server.storage.dir = [/home/runner/work/ozone/ozone/hadoop-ozone/integration-test/target/test-dir/MiniOzoneClusterImpl-7a8fa31f-7ad0-4349-83ec-1d9026649271/datanode-1/data/ratis] (custom)
2023-03-10 22:30:36,271 [dc196179-b1e0-4b48-bee9-7be9d5f3af19-NettyServerStreamRpc-bossGroup--thread1] INFO  logging.LoggingHandler (AbstractInternalLogger.java:log(148)) - [id: 0x679347ab] REGISTERED
2023-03-10 22:30:36,271 [dc196179-b1e0-4b48-bee9-7be9d5f3af19-NettyServerStreamRpc-bossGroup--thread1] INFO  logging.LoggingHandler (AbstractInternalLogger.java:log(148)) - [id: 0x679347ab] BIND: 0.0.0.0/0.0.0.0:0
2023-03-10 22:30:36,271 [dc196179-b1e0-4b48-bee9-7be9d5f3af19-NettyServerStreamRpc-bossGroup--thread1] INFO  logging.LoggingHandler (AbstractInternalLogger.java:log(148)) - [id: 0x679347ab, L:/0:0:0:0:0:0:0:0:46507] ACTIVE
2023-03-10 22:30:36,272 [Listener at 127.0.0.1/40251] INFO  server.XceiverServerGrpc (XceiverServerGrpc.java:<init>(132)) - GrpcServer channel type EpollServerSocketChannel
2023-03-10 22:30:36,278 [Listener at 127.0.0.1/40251] INFO  http.BaseHttpServer (BaseHttpServer.java:newHttpServer2BuilderForOzone(224)) - Starting Web-server for hddsDatanode at: http://0.0.0.0:0
2023-03-10 22:30:36,278 [Listener at 127.0.0.1/40251] INFO  http.BaseHttpServer (BaseHttpServer.java:<init>(111)) - Hadoop Security Enabled: false Ozone Security Enabled: false Ozone HTTP Security Enabled: false 
2023-03-10 22:30:36,279 [Listener at 127.0.0.1/40251] WARN  server.AuthenticationFilter (AuthenticationFilter.java:constructSecretProvider(240)) - Unable to initialize FileSignerSecretProvider, falling back to use random secrets. Reason: Could not read signature secret file: /home/runner/hadoop-http-auth-signature-secret
2023-03-10 22:30:36,282 [Listener at 127.0.0.1/40251] WARN  http.HttpRequestLog (HttpRequestLog.java:getRequestLog(103)) - Jetty request log can only be enabled using Log4j
2023-03-10 22:30:36,283 [Listener at 127.0.0.1/40251] INFO  http.HttpServer2 (HttpServer2.java:addGlobalFilter(1031)) - Added global filter 'safety' (class=org.apache.hadoop.hdds.server.http.HttpServer2$QuotingInputFilter)
2023-03-10 22:30:36,284 [Listener at 127.0.0.1/40251] INFO  http.HttpServer2 (HttpServer2.java:addFilter(1007)) - Added filter static_user_filter (class=org.apache.hadoop.http.lib.StaticUserWebFilter$StaticUserFilter) to context hddsDatanode
2023-03-10 22:30:36,284 [Listener at 127.0.0.1/40251] INFO  http.HttpServer2 (HttpServer2.java:addFilter(1015)) - Added filter static_user_filter (class=org.apache.hadoop.http.lib.StaticUserWebFilter$StaticUserFilter) to context static
2023-03-10 22:30:36,284 [Listener at 127.0.0.1/40251] INFO  http.HttpServer2 (HttpServer2.java:addFilter(1015)) - Added filter static_user_filter (class=org.apache.hadoop.http.lib.StaticUserWebFilter$StaticUserFilter) to context logs
2023-03-10 22:30:36,285 [Listener at 127.0.0.1/40251] INFO  http.BaseHttpServer (BaseHttpServer.java:<init>(190)) - HTTP server of hddsDatanode uses base directory /home/runner/work/ozone/ozone/hadoop-ozone/integration-test/target/test-dir/MiniOzoneClusterImpl-7a8fa31f-7ad0-4349-83ec-1d9026649271/datanode-1/meta/webserver
2023-03-10 22:30:36,285 [Listener at 127.0.0.1/40251] INFO  http.HttpServer2 (HttpServer2.java:bindListener(1250)) - Jetty bound to port 44939
2023-03-10 22:30:36,285 [Listener at 127.0.0.1/40251] INFO  server.Server (Server.java:doStart(375)) - jetty-9.4.49.v20220914; built: 2022-09-14T01:07:36.601Z; git: 4231a3b2e4cb8548a412a789936d640a97b1aa0a; jvm 1.8.0_362-b09
2023-03-10 22:30:36,300 [Listener at 127.0.0.1/40251] INFO  server.session (DefaultSessionIdManager.java:doStart(334)) - DefaultSessionIdManager workerName=node0
2023-03-10 22:30:36,300 [Listener at 127.0.0.1/40251] INFO  server.session (DefaultSessionIdManager.java:doStart(339)) - No SessionScavenger set, using defaults
2023-03-10 22:30:36,300 [Listener at 127.0.0.1/40251] INFO  server.session (HouseKeeper.java:startScavenging(132)) - node0 Scavenging every 660000ms
2023-03-10 22:30:36,303 [Listener at 127.0.0.1/40251] INFO  handler.ContextHandler (ContextHandler.java:doStart(921)) - Started o.e.j.s.ServletContextHandler@67b12a7{logs,/logs,file:///home/runner/work/ozone/ozone/hadoop-ozone/integration-test/target/log,AVAILABLE}
2023-03-10 22:30:36,304 [Listener at 127.0.0.1/40251] INFO  handler.ContextHandler (ContextHandler.java:doStart(921)) - Started o.e.j.s.ServletContextHandler@4bf48307{static,/static,jar:file:/home/runner/.m2/repository/org/apache/ozone/hdds-container-service/1.4.0-SNAPSHOT/hdds-container-service-1.4.0-SNAPSHOT.jar!/webapps/static,AVAILABLE}
2023-03-10 22:30:36,336 [om1@group-C5BA1605619E-SegmentedRaftLogWorker] INFO  segmented.SegmentedRaftLogWorker (SegmentedRaftLogWorker.java:execute(656)) - om1@group-C5BA1605619E-SegmentedRaftLogWorker: created new log segment /home/runner/work/ozone/ozone/hadoop-ozone/integration-test/target/test-dir/MiniOzoneClusterImpl-7a8fa31f-7ad0-4349-83ec-1d9026649271/ozone-meta/ratis/bf265839-605b-3f16-9796-c5ba1605619e/current/log_inprogress_0
2023-03-10 22:30:36,444 [om1@group-C5BA1605619E-StateMachineUpdater] INFO  ratis.OzoneManagerStateMachine (OzoneManagerStateMachine.java:notifyConfigurationChanged(192)) - Received Configuration change notification from Ratis. New Peer list:
[id: "om1"
address: "localhost:9872"
startupRole: FOLLOWER
]
2023-03-10 22:30:36,544 [Listener at 127.0.0.1/40251] INFO  handler.ContextHandler (ContextHandler.java:doStart(921)) - Started o.e.j.w.WebAppContext@7166a6f7{hddsDatanode,/,file:///home/runner/work/ozone/ozone/hadoop-ozone/integration-test/target/test-dir/MiniOzoneClusterImpl-7a8fa31f-7ad0-4349-83ec-1d9026649271/datanode-1/meta/webserver/jetty-0_0_0_0-44939-hdds-container-service-1_4_0-SNAPSHOT_jar-_-any-2100351149417794157/webapp/,AVAILABLE}{jar:file:/home/runner/.m2/repository/org/apache/ozone/hdds-container-service/1.4.0-SNAPSHOT/hdds-container-service-1.4.0-SNAPSHOT.jar!/webapps/hddsDatanode}
2023-03-10 22:30:36,556 [Listener at 127.0.0.1/40251] INFO  server.AbstractConnector (AbstractConnector.java:doStart(333)) - Started ServerConnector@6511ed25{HTTP/1.1, (http/1.1)}{0.0.0.0:44939}
2023-03-10 22:30:36,557 [Listener at 127.0.0.1/40251] INFO  server.Server (Server.java:doStart(415)) - Started @8559ms
2023-03-10 22:30:36,557 [Listener at 127.0.0.1/40251] WARN  impl.MetricsSystemImpl (MetricsSystemImpl.java:register(279)) - Sink prometheus already exists!
2023-03-10 22:30:36,557 [Listener at 127.0.0.1/40251] INFO  http.BaseHttpServer (BaseHttpServer.java:updateConnectorAddress(344)) - HTTP server of hddsDatanode listening at http://0.0.0.0:44939
2023-03-10 22:30:36,560 [Listener at 127.0.0.1/40251] WARN  impl.MetricRegistriesImpl (MetricRegistriesImpl.java:addReporterRegistration(111)) - New reporters are added after registries were created. Some metrics will be missing from the reporter. Please add reporter before adding any new registry.
2023-03-10 22:30:36,560 [Listener at 127.0.0.1/40251] WARN  impl.MetricRegistriesImpl (MetricRegistriesImpl.java:addReporterRegistration(111)) - New reporters are added after registries were created. Some metrics will be missing from the reporter. Please add reporter before adding any new registry.
2023-03-10 22:30:36,560 [Listener at 127.0.0.1/40251] INFO  impl.MetricsSystemImpl (MetricsSystemImpl.java:init(158)) - HddsDatanode metrics system started (again)
2023-03-10 22:30:36,563 [Datanode State Machine Daemon Thread] INFO  statemachine.DatanodeStateMachine (DatanodeStateMachine.java:lambda$startDaemon$0(517)) - Ozone container server started.
2023-03-10 22:30:36,573 [Listener at 127.0.0.1/40251] INFO  ozone.HddsDatanodeService (HddsDatanodeService.java:start(229)) - HddsDatanodeService host:fv-az259-306.nxnqhby4qkoexpon2s1bx5vqxg.dx.internal.cloudapp.net ip:10.1.0.5
2023-03-10 22:30:36,588 [org.apache.hadoop.util.JvmPauseMonitor$Monitor@e24a59c] INFO  util.JvmPauseMonitor (JvmPauseMonitor.java:run(188)) - Starting JVM pause monitor
2023-03-10 22:30:36,599 [Datanode State Machine Task Thread - 0] INFO  datanode.InitDatanodeState (InitDatanodeState.java:persistContainerDatanodeDetails(138)) - DatanodeDetails is persisted to /home/runner/work/ozone/ozone/hadoop-ozone/integration-test/target/test-dir/MiniOzoneClusterImpl-7a8fa31f-7ad0-4349-83ec-1d9026649271/datanode-1/meta/datanode.id
2023-03-10 22:30:36,609 [Listener at 127.0.0.1/40251] INFO  upgrade.AbstractLayoutVersionManager (AbstractLayoutVersionManager.java:init(83)) - Initializing Layout version manager with metadata layout = DATANODE_SCHEMA_V3 (version = 4), software layout = DATANODE_SCHEMA_V3 (version = 4)
2023-03-10 22:30:36,660 [Listener at 127.0.0.1/40251] INFO  reflections.Reflections (Reflections.java:scan(232)) - Reflections took 48 ms to scan 7 urls, producing 155 keys and 368 values 
2023-03-10 22:30:36,661 [Listener at 127.0.0.1/40251] INFO  statemachine.DatanodeStateMachine (DatanodeStateMachine.java:getEndPointTaskThreadPoolSize(260)) - Datanode State Machine Task Thread Pool size 2
2023-03-10 22:30:36,663 [Listener at 127.0.0.1/40251] INFO  volume.HddsVolume (HddsVolume.java:<init>(122)) - Creating HddsVolume: /home/runner/work/ozone/ozone/hadoop-ozone/integration-test/target/test-dir/MiniOzoneClusterImpl-7a8fa31f-7ad0-4349-83ec-1d9026649271/datanode-2/data-0/containers/hdds of storage type : DISK capacity : 9223372036854775807
2023-03-10 22:30:36,663 [Listener at 127.0.0.1/40251] INFO  volume.MutableVolumeSet (MutableVolumeSet.java:initializeVolumeSet(174)) - Added Volume : /home/runner/work/ozone/ozone/hadoop-ozone/integration-test/target/test-dir/MiniOzoneClusterImpl-7a8fa31f-7ad0-4349-83ec-1d9026649271/datanode-2/data-0/containers/hdds to VolumeSet
2023-03-10 22:30:36,664 [Listener at 127.0.0.1/40251] INFO  volume.ThrottledAsyncChecker (ThrottledAsyncChecker.java:schedule(141)) - Scheduling a check for /home/runner/work/ozone/ozone/hadoop-ozone/integration-test/target/test-dir/MiniOzoneClusterImpl-7a8fa31f-7ad0-4349-83ec-1d9026649271/datanode-2/data-0/containers/hdds
2023-03-10 22:30:36,664 [Listener at 127.0.0.1/40251] INFO  volume.StorageVolumeChecker (StorageVolumeChecker.java:checkAllVolumes(202)) - Scheduled health check for volume /home/runner/work/ozone/ozone/hadoop-ozone/integration-test/target/test-dir/MiniOzoneClusterImpl-7a8fa31f-7ad0-4349-83ec-1d9026649271/datanode-2/data-0/containers/hdds
2023-03-10 22:30:36,674 [Listener at 127.0.0.1/40251] INFO  volume.MutableVolumeSet (MutableVolumeSet.java:initializeVolumeSet(174)) - Added Volume : /home/runner/work/ozone/ozone/hadoop-ozone/integration-test/target/test-dir/MiniOzoneClusterImpl-7a8fa31f-7ad0-4349-83ec-1d9026649271/datanode-2/data/ratis to VolumeSet
2023-03-10 22:30:36,674 [Listener at 127.0.0.1/40251] INFO  volume.ThrottledAsyncChecker (ThrottledAsyncChecker.java:schedule(141)) - Scheduling a check for /home/runner/work/ozone/ozone/hadoop-ozone/integration-test/target/test-dir/MiniOzoneClusterImpl-7a8fa31f-7ad0-4349-83ec-1d9026649271/datanode-2/data/ratis
2023-03-10 22:30:36,674 [Listener at 127.0.0.1/40251] INFO  volume.StorageVolumeChecker (StorageVolumeChecker.java:checkAllVolumes(202)) - Scheduled health check for volume /home/runner/work/ozone/ozone/hadoop-ozone/integration-test/target/test-dir/MiniOzoneClusterImpl-7a8fa31f-7ad0-4349-83ec-1d9026649271/datanode-2/data/ratis
2023-03-10 22:30:36,684 [Thread-166] INFO  ozoneimpl.ContainerReader (ContainerReader.java:readVolume(175)) - Finish verifying containers on volume /home/runner/work/ozone/ozone/hadoop-ozone/integration-test/target/test-dir/MiniOzoneClusterImpl-7a8fa31f-7ad0-4349-83ec-1d9026649271/datanode-2/data-0/containers/hdds
2023-03-10 22:30:36,684 [Listener at 127.0.0.1/40251] INFO  ozoneimpl.OzoneContainer (OzoneContainer.java:buildContainerSet(304)) - Build ContainerSet costs 0s
2023-03-10 22:30:36,686 [Listener at 127.0.0.1/40251] INFO  server.RaftServer (ConfUtils.java:logGet(46)) - raft.rpc.type = GRPC (default)
2023-03-10 22:30:36,686 [Listener at 127.0.0.1/40251] INFO  grpc.GrpcConfigKeys (ConfUtils.java:logFallback(53)) - raft.grpc.admin.host = null (fallback to raft.grpc.server.host)
2023-03-10 22:30:36,686 [Listener at 127.0.0.1/40251] INFO  grpc.GrpcConfigKeys (ConfUtils.java:logGet(46)) - raft.grpc.admin.port = 0 (custom)
2023-03-10 22:30:36,686 [Listener at 127.0.0.1/40251] INFO  grpc.GrpcConfigKeys (ConfUtils.java:logFallback(53)) - raft.grpc.client.host = null (fallback to raft.grpc.server.host)
2023-03-10 22:30:36,687 [Listener at 127.0.0.1/40251] INFO  grpc.GrpcConfigKeys (ConfUtils.java:logGet(46)) - raft.grpc.client.port = 0 (custom)
2023-03-10 22:30:36,687 [Listener at 127.0.0.1/40251] INFO  grpc.GrpcConfigKeys (ConfUtils.java:logGet(46)) - raft.grpc.server.host = null (default)
2023-03-10 22:30:36,687 [Listener at 127.0.0.1/40251] INFO  grpc.GrpcConfigKeys (ConfUtils.java:logGet(46)) - raft.grpc.server.port = 0 (default)
2023-03-10 22:30:36,687 [Listener at 127.0.0.1/40251] INFO  server.GrpcService (ConfUtils.java:logGet(46)) - raft.grpc.message.size.max = 32MB (=33554432) (custom)
2023-03-10 22:30:36,687 [Listener at 127.0.0.1/40251] INFO  server.RaftServerConfigKeys (ConfUtils.java:logGet(46)) - raft.server.log.appender.buffer.byte-limit = 33554432 (custom)
2023-03-10 22:30:36,687 [Listener at 127.0.0.1/40251] INFO  server.GrpcService (ConfUtils.java:logGet(46)) - raft.grpc.flow.control.window = 5MB (=5242880) (custom)
2023-03-10 22:30:36,687 [Listener at 127.0.0.1/40251] INFO  server.RaftServerConfigKeys (ConfUtils.java:logGet(46)) - raft.server.rpc.request.timeout = 60s (custom)
2023-03-10 22:30:36,687 [Listener at 127.0.0.1/40251] INFO  grpc.GrpcConfigKeys (ConfUtils.java:logGet(46)) - raft.grpc.server.heartbeat.channel = true (default)
2023-03-10 22:30:36,687 [Listener at 127.0.0.1/40251] INFO  grpc.GrpcConfigKeys (ConfUtils.java:logGet(46)) - raft.grpc.server.async.request.thread.pool.cached = true (default)
2023-03-10 22:30:36,687 [Listener at 127.0.0.1/40251] INFO  grpc.GrpcConfigKeys (ConfUtils.java:logGet(46)) - raft.grpc.server.async.request.thread.pool.size = 32 (default)
2023-03-10 22:30:36,688 [Listener at 127.0.0.1/40251] INFO  impl.DataStreamServerImpl (ConfUtils.java:logGet(46)) - raft.datastream.type = NETTY (custom)
2023-03-10 22:30:36,688 [Listener at 127.0.0.1/40251] INFO  server.RaftServerConfigKeys (ConfUtils.java:logGet(46)) - raft.server.data-stream.async.request.thread.pool.cached = false (default)
2023-03-10 22:30:36,689 [Listener at 127.0.0.1/40251] INFO  server.RaftServerConfigKeys (ConfUtils.java:logGet(46)) - raft.server.data-stream.async.request.thread.pool.size = 20 (custom)
2023-03-10 22:30:36,689 [Listener at 127.0.0.1/40251] INFO  server.RaftServerConfigKeys (ConfUtils.java:logGet(46)) - raft.server.data-stream.async.write.thread.pool.size = 16 (default)
2023-03-10 22:30:36,689 [Listener at 127.0.0.1/40251] INFO  server.RaftServerConfigKeys (ConfUtils.java:logGet(46)) - raft.server.data-stream.client.pool.size = 10 (default)
2023-03-10 22:30:36,689 [Listener at 127.0.0.1/40251] INFO  netty.NettyConfigKeys$DataStream (ConfUtils.java:logGet(46)) - raft.netty.dataStream.server.use-epoll = false (default)
2023-03-10 22:30:36,689 [Listener at 127.0.0.1/40251] INFO  netty.NettyConfigKeys$DataStream (ConfUtils.java:logGet(46)) - raft.netty.dataStream.server.boss-group.size = 0 (default)
2023-03-10 22:30:36,689 [Listener at 127.0.0.1/40251] INFO  netty.NettyConfigKeys$DataStream (ConfUtils.java:logGet(46)) - raft.netty.dataStream.server.worker-group.size = 0 (default)
2023-03-10 22:30:36,690 [Listener at 127.0.0.1/40251] INFO  netty.NettyConfigKeys$DataStream (ConfUtils.java:logGet(46)) - raft.netty.dataStream.server.tls.conf = null (default)
2023-03-10 22:30:36,690 [Listener at 127.0.0.1/40251] INFO  netty.NettyConfigKeys$DataStream (ConfUtils.java:logGet(46)) - raft.netty.dataStream.host = null (default)
2023-03-10 22:30:36,690 [Listener at 127.0.0.1/40251] INFO  netty.NettyConfigKeys$DataStream (ConfUtils.java:logGet(46)) - raft.netty.dataStream.port = 0 (default)
2023-03-10 22:30:36,690 [Listener at 127.0.0.1/40251] INFO  server.RaftServerConfigKeys (ConfUtils.java:logGet(46)) - raft.server.threadpool.proxy.cached = true (default)
2023-03-10 22:30:36,691 [Listener at 127.0.0.1/40251] INFO  server.RaftServerConfigKeys (ConfUtils.java:logGet(46)) - raft.server.threadpool.proxy.size = 0 (default)
2023-03-10 22:30:36,692 [96536830-8d0b-4e92-a25b-57c10a9efae7-NettyServerStreamRpc-bossGroup--thread1] INFO  logging.LoggingHandler (AbstractInternalLogger.java:log(148)) - [id: 0x47bc020e] REGISTERED
2023-03-10 22:30:36,692 [96536830-8d0b-4e92-a25b-57c10a9efae7-NettyServerStreamRpc-bossGroup--thread1] INFO  logging.LoggingHandler (AbstractInternalLogger.java:log(148)) - [id: 0x47bc020e] BIND: 0.0.0.0/0.0.0.0:0
2023-03-10 22:30:36,692 [96536830-8d0b-4e92-a25b-57c10a9efae7-NettyServerStreamRpc-bossGroup--thread1] INFO  logging.LoggingHandler (AbstractInternalLogger.java:log(148)) - [id: 0x47bc020e, L:/0:0:0:0:0:0:0:0:33431] ACTIVE
2023-03-10 22:30:36,693 [Listener at 127.0.0.1/40251] INFO  server.RaftServerConfigKeys (ConfUtils.java:logGet(46)) - raft.server.rpc.slowness.timeout = 300s (custom)
2023-03-10 22:30:36,693 [Listener at 127.0.0.1/40251] INFO  server.RaftServerConfigKeys (ConfUtils.java:logGet(46)) - raft.server.leaderelection.leader.step-down.wait-time = 10s (default)
2023-03-10 22:30:36,694 [Listener at 127.0.0.1/40251] INFO  server.RaftServerConfigKeys (ConfUtils.java:logGet(46)) - raft.server.storage.dir = [/home/runner/work/ozone/ozone/hadoop-ozone/integration-test/target/test-dir/MiniOzoneClusterImpl-7a8fa31f-7ad0-4349-83ec-1d9026649271/datanode-2/data/ratis] (custom)
2023-03-10 22:30:36,700 [Listener at 127.0.0.1/40251] INFO  server.XceiverServerGrpc (XceiverServerGrpc.java:<init>(132)) - GrpcServer channel type EpollServerSocketChannel
2023-03-10 22:30:36,714 [Listener at 127.0.0.1/40251] INFO  http.BaseHttpServer (BaseHttpServer.java:newHttpServer2BuilderForOzone(224)) - Starting Web-server for hddsDatanode at: http://0.0.0.0:0
2023-03-10 22:30:36,714 [Listener at 127.0.0.1/40251] INFO  http.BaseHttpServer (BaseHttpServer.java:<init>(111)) - Hadoop Security Enabled: false Ozone Security Enabled: false Ozone HTTP Security Enabled: false 
2023-03-10 22:30:36,715 [Listener at 127.0.0.1/40251] WARN  server.AuthenticationFilter (AuthenticationFilter.java:constructSecretProvider(240)) - Unable to initialize FileSignerSecretProvider, falling back to use random secrets. Reason: Could not read signature secret file: /home/runner/hadoop-http-auth-signature-secret
2023-03-10 22:30:36,716 [Listener at 127.0.0.1/40251] WARN  http.HttpRequestLog (HttpRequestLog.java:getRequestLog(103)) - Jetty request log can only be enabled using Log4j
2023-03-10 22:30:36,717 [Listener at 127.0.0.1/40251] INFO  http.HttpServer2 (HttpServer2.java:addGlobalFilter(1031)) - Added global filter 'safety' (class=org.apache.hadoop.hdds.server.http.HttpServer2$QuotingInputFilter)
2023-03-10 22:30:36,718 [Listener at 127.0.0.1/40251] INFO  http.HttpServer2 (HttpServer2.java:addFilter(1007)) - Added filter static_user_filter (class=org.apache.hadoop.http.lib.StaticUserWebFilter$StaticUserFilter) to context hddsDatanode
2023-03-10 22:30:36,718 [Listener at 127.0.0.1/40251] INFO  http.HttpServer2 (HttpServer2.java:addFilter(1015)) - Added filter static_user_filter (class=org.apache.hadoop.http.lib.StaticUserWebFilter$StaticUserFilter) to context static
2023-03-10 22:30:36,718 [Listener at 127.0.0.1/40251] INFO  http.HttpServer2 (HttpServer2.java:addFilter(1015)) - Added filter static_user_filter (class=org.apache.hadoop.http.lib.StaticUserWebFilter$StaticUserFilter) to context logs
2023-03-10 22:30:36,722 [Listener at 127.0.0.1/40251] INFO  http.BaseHttpServer (BaseHttpServer.java:<init>(190)) - HTTP server of hddsDatanode uses base directory /home/runner/work/ozone/ozone/hadoop-ozone/integration-test/target/test-dir/MiniOzoneClusterImpl-7a8fa31f-7ad0-4349-83ec-1d9026649271/datanode-2/meta/webserver
2023-03-10 22:30:36,723 [Listener at 127.0.0.1/40251] INFO  http.HttpServer2 (HttpServer2.java:bindListener(1250)) - Jetty bound to port 34841
2023-03-10 22:30:36,723 [Listener at 127.0.0.1/40251] INFO  server.Server (Server.java:doStart(375)) - jetty-9.4.49.v20220914; built: 2022-09-14T01:07:36.601Z; git: 4231a3b2e4cb8548a412a789936d640a97b1aa0a; jvm 1.8.0_362-b09
2023-03-10 22:30:36,728 [Listener at 127.0.0.1/40251] INFO  server.session (DefaultSessionIdManager.java:doStart(334)) - DefaultSessionIdManager workerName=node0
2023-03-10 22:30:36,728 [Listener at 127.0.0.1/40251] INFO  server.session (DefaultSessionIdManager.java:doStart(339)) - No SessionScavenger set, using defaults
2023-03-10 22:30:36,728 [Listener at 127.0.0.1/40251] INFO  server.session (HouseKeeper.java:startScavenging(132)) - node0 Scavenging every 660000ms
2023-03-10 22:30:36,728 [Listener at 127.0.0.1/40251] INFO  handler.ContextHandler (ContextHandler.java:doStart(921)) - Started o.e.j.s.ServletContextHandler@5b14b79e{logs,/logs,file:///home/runner/work/ozone/ozone/hadoop-ozone/integration-test/target/log,AVAILABLE}
2023-03-10 22:30:36,729 [Listener at 127.0.0.1/40251] INFO  handler.ContextHandler (ContextHandler.java:doStart(921)) - Started o.e.j.s.ServletContextHandler@591b9518{static,/static,jar:file:/home/runner/.m2/repository/org/apache/ozone/hdds-container-service/1.4.0-SNAPSHOT/hdds-container-service-1.4.0-SNAPSHOT.jar!/webapps/static,AVAILABLE}
2023-03-10 22:30:36,912 [Listener at 127.0.0.1/40251] INFO  handler.ContextHandler (ContextHandler.java:doStart(921)) - Started o.e.j.w.WebAppContext@43f97ed{hddsDatanode,/,file:///home/runner/work/ozone/ozone/hadoop-ozone/integration-test/target/test-dir/MiniOzoneClusterImpl-7a8fa31f-7ad0-4349-83ec-1d9026649271/datanode-2/meta/webserver/jetty-0_0_0_0-34841-hdds-container-service-1_4_0-SNAPSHOT_jar-_-any-2228896665889925470/webapp/,AVAILABLE}{jar:file:/home/runner/.m2/repository/org/apache/ozone/hdds-container-service/1.4.0-SNAPSHOT/hdds-container-service-1.4.0-SNAPSHOT.jar!/webapps/hddsDatanode}
2023-03-10 22:30:36,915 [Listener at 127.0.0.1/40251] INFO  server.AbstractConnector (AbstractConnector.java:doStart(333)) - Started ServerConnector@3dc421ae{HTTP/1.1, (http/1.1)}{0.0.0.0:34841}
2023-03-10 22:30:36,915 [Listener at 127.0.0.1/40251] INFO  server.Server (Server.java:doStart(415)) - Started @8918ms
2023-03-10 22:30:36,915 [Listener at 127.0.0.1/40251] WARN  impl.MetricsSystemImpl (MetricsSystemImpl.java:register(279)) - Sink prometheus already exists!
2023-03-10 22:30:36,915 [Listener at 127.0.0.1/40251] INFO  http.BaseHttpServer (BaseHttpServer.java:updateConnectorAddress(344)) - HTTP server of hddsDatanode listening at http://0.0.0.0:34841
2023-03-10 22:30:36,916 [Datanode State Machine Daemon Thread] INFO  statemachine.DatanodeStateMachine (DatanodeStateMachine.java:lambda$startDaemon$0(517)) - Ozone container server started.
2023-03-10 22:30:36,921 [Listener at 127.0.0.1/40251] INFO  ozone.MiniOzoneClusterImpl (MiniOzoneClusterImpl.java:lambda$waitForClusterToBeReady$0(218)) - Waiting for nodes to be ready. Got 0 of 3 DN Heartbeats.
2023-03-10 22:30:36,921 [Listener at 127.0.0.1/40251] INFO  ozone.MiniOzoneClusterImpl (MiniOzoneClusterImpl.java:lambda$waitForClusterToBeReady$0(221)) - Waiting for cluster to exit safe mode
2023-03-10 22:30:36,921 [Listener at 127.0.0.1/40251] INFO  ozone.MiniOzoneClusterImpl (MiniOzoneClusterImpl.java:lambda$waitForClusterToBeReady$0(223)) - SCM became leader
2023-03-10 22:30:36,923 [org.apache.hadoop.util.JvmPauseMonitor$Monitor@61e5347e] INFO  util.JvmPauseMonitor (JvmPauseMonitor.java:run(188)) - Starting JVM pause monitor
2023-03-10 22:30:36,925 [Datanode State Machine Task Thread - 0] INFO  datanode.InitDatanodeState (InitDatanodeState.java:persistContainerDatanodeDetails(138)) - DatanodeDetails is persisted to /home/runner/work/ozone/ozone/hadoop-ozone/integration-test/target/test-dir/MiniOzoneClusterImpl-7a8fa31f-7ad0-4349-83ec-1d9026649271/datanode-2/meta/datanode.id
2023-03-10 22:30:37,921 [Listener at 127.0.0.1/40251] INFO  ozone.MiniOzoneClusterImpl (MiniOzoneClusterImpl.java:lambda$waitForClusterToBeReady$0(218)) - Waiting for nodes to be ready. Got 0 of 3 DN Heartbeats.
2023-03-10 22:30:37,922 [Listener at 127.0.0.1/40251] INFO  ozone.MiniOzoneClusterImpl (MiniOzoneClusterImpl.java:lambda$waitForClusterToBeReady$0(221)) - Waiting for cluster to exit safe mode
2023-03-10 22:30:37,922 [Listener at 127.0.0.1/40251] INFO  ozone.MiniOzoneClusterImpl (MiniOzoneClusterImpl.java:lambda$waitForClusterToBeReady$0(223)) - SCM became leader
2023-03-10 22:30:38,129 [EndpointStateMachine task thread for /0.0.0.0:42747 - 0 ] INFO  utils.DatanodeStoreCache (DatanodeStoreCache.java:addDB(58)) - Added db /home/runner/work/ozone/ozone/hadoop-ozone/integration-test/target/test-dir/MiniOzoneClusterImpl-7a8fa31f-7ad0-4349-83ec-1d9026649271/datanode-0/data-0/containers/hdds/7a8fa31f-7ad0-4349-83ec-1d9026649271/DS-fbe46946-1c5d-427b-8fff-06b6f909e4ed/container.db to cache
2023-03-10 22:30:38,129 [EndpointStateMachine task thread for /0.0.0.0:42747 - 0 ] INFO  volume.HddsVolume (HddsVolume.java:createDbStore(331)) - SchemaV3 db is created and loaded at /home/runner/work/ozone/ozone/hadoop-ozone/integration-test/target/test-dir/MiniOzoneClusterImpl-7a8fa31f-7ad0-4349-83ec-1d9026649271/datanode-0/data-0/containers/hdds/7a8fa31f-7ad0-4349-83ec-1d9026649271/DS-fbe46946-1c5d-427b-8fff-06b6f909e4ed/container.db for volume DS-fbe46946-1c5d-427b-8fff-06b6f909e4ed
2023-03-10 22:30:38,130 [EndpointStateMachine task thread for /0.0.0.0:42747 - 0 ] INFO  ozoneimpl.OzoneContainer (OzoneContainer.java:start(398)) - Attempting to start container services.
2023-03-10 22:30:38,132 [EndpointStateMachine task thread for /0.0.0.0:42747 - 0 ] INFO  ozoneimpl.OzoneContainer (OzoneContainer.java:startContainerScrub(315)) - Scheduled background container scanners and the on-demand container scanner have been disabled.
2023-03-10 22:30:38,134 [EndpointStateMachine task thread for /0.0.0.0:42747 - 0 ] INFO  replication.ReplicationServer (ReplicationServer.java:start(109)) - ReplicationServer is started using port 45067
2023-03-10 22:30:38,136 [EndpointStateMachine task thread for /0.0.0.0:42747 - 0 ] INFO  ratis.XceiverServerRatis (XceiverServerRatis.java:start(518)) - Starting XceiverServerRatis 2aff4a56-46da-424c-8361-de221ca2b011
2023-03-10 22:30:38,136 [EndpointStateMachine task thread for /0.0.0.0:42747 - 0 ] INFO  server.RaftServer (RaftServerProxy.java:startImpl(393)) - 2aff4a56-46da-424c-8361-de221ca2b011: start RPC server
2023-03-10 22:30:38,140 [EndpointStateMachine task thread for /0.0.0.0:42747 - 0 ] INFO  server.GrpcService (GrpcService.java:startImpl(262)) - 2aff4a56-46da-424c-8361-de221ca2b011: GrpcService started, listening on 34299
2023-03-10 22:30:38,141 [EndpointStateMachine task thread for /0.0.0.0:42747 - 0 ] INFO  ratis.XceiverServerRatis (XceiverServerRatis.java:getRealPort(544)) - XceiverServerRatis 2aff4a56-46da-424c-8361-de221ca2b011 is started using port 34299 for RATIS
2023-03-10 22:30:38,141 [EndpointStateMachine task thread for /0.0.0.0:42747 - 0 ] INFO  ratis.XceiverServerRatis (XceiverServerRatis.java:getRealPort(544)) - XceiverServerRatis 2aff4a56-46da-424c-8361-de221ca2b011 is started using port 34299 for RATIS_ADMIN
2023-03-10 22:30:38,141 [EndpointStateMachine task thread for /0.0.0.0:42747 - 0 ] INFO  ratis.XceiverServerRatis (XceiverServerRatis.java:getRealPort(544)) - XceiverServerRatis 2aff4a56-46da-424c-8361-de221ca2b011 is started using port 34299 for RATIS_SERVER
2023-03-10 22:30:38,141 [EndpointStateMachine task thread for /0.0.0.0:42747 - 0 ] INFO  ratis.XceiverServerRatis (XceiverServerRatis.java:getRealPort(544)) - XceiverServerRatis 2aff4a56-46da-424c-8361-de221ca2b011 is started using port 34343 for RATIS_DATASTREAM
2023-03-10 22:30:38,147 [JvmPauseMonitor1] INFO  util.JvmPauseMonitor (JvmPauseMonitor.java:run(105)) - JvmPauseMonitor-2aff4a56-46da-424c-8361-de221ca2b011: Started
2023-03-10 22:30:38,147 [EndpointStateMachine task thread for /0.0.0.0:42747 - 0 ] INFO  server.XceiverServerGrpc (XceiverServerGrpc.java:start(180)) - XceiverServerGrpc 2aff4a56-46da-424c-8361-de221ca2b011 is started using port 43187
2023-03-10 22:30:38,153 [BlockDeletingService#0] INFO  interfaces.ContainerDeletionChoosingPolicyTemplate (ContainerDeletionChoosingPolicyTemplate.java:chooseContainerForBlockDeletion(83)) - Chosen 0/5000 blocks from 0 candidate containers.
2023-03-10 22:30:38,622 [EndpointStateMachine task thread for /0.0.0.0:42747 - 0 ] INFO  utils.DatanodeStoreCache (DatanodeStoreCache.java:addDB(58)) - Added db /home/runner/work/ozone/ozone/hadoop-ozone/integration-test/target/test-dir/MiniOzoneClusterImpl-7a8fa31f-7ad0-4349-83ec-1d9026649271/datanode-1/data-0/containers/hdds/7a8fa31f-7ad0-4349-83ec-1d9026649271/DS-9244c238-c5da-4ec0-ae60-3bbe153f3580/container.db to cache
2023-03-10 22:30:38,622 [EndpointStateMachine task thread for /0.0.0.0:42747 - 0 ] INFO  volume.HddsVolume (HddsVolume.java:createDbStore(331)) - SchemaV3 db is created and loaded at /home/runner/work/ozone/ozone/hadoop-ozone/integration-test/target/test-dir/MiniOzoneClusterImpl-7a8fa31f-7ad0-4349-83ec-1d9026649271/datanode-1/data-0/containers/hdds/7a8fa31f-7ad0-4349-83ec-1d9026649271/DS-9244c238-c5da-4ec0-ae60-3bbe153f3580/container.db for volume DS-9244c238-c5da-4ec0-ae60-3bbe153f3580
2023-03-10 22:30:38,623 [EndpointStateMachine task thread for /0.0.0.0:42747 - 0 ] INFO  ozoneimpl.OzoneContainer (OzoneContainer.java:start(398)) - Attempting to start container services.
2023-03-10 22:30:38,623 [EndpointStateMachine task thread for /0.0.0.0:42747 - 0 ] INFO  ozoneimpl.OzoneContainer (OzoneContainer.java:startContainerScrub(315)) - Scheduled background container scanners and the on-demand container scanner have been disabled.
2023-03-10 22:30:38,627 [EndpointStateMachine task thread for /0.0.0.0:42747 - 0 ] INFO  replication.ReplicationServer (ReplicationServer.java:start(109)) - ReplicationServer is started using port 38229
2023-03-10 22:30:38,628 [EndpointStateMachine task thread for /0.0.0.0:42747 - 0 ] INFO  ratis.XceiverServerRatis (XceiverServerRatis.java:start(518)) - Starting XceiverServerRatis dc196179-b1e0-4b48-bee9-7be9d5f3af19
2023-03-10 22:30:38,630 [EndpointStateMachine task thread for /0.0.0.0:42747 - 0 ] INFO  server.RaftServer (RaftServerProxy.java:startImpl(393)) - dc196179-b1e0-4b48-bee9-7be9d5f3af19: start RPC server
2023-03-10 22:30:38,636 [EndpointStateMachine task thread for /0.0.0.0:42747 - 0 ] INFO  server.GrpcService (GrpcService.java:startImpl(262)) - dc196179-b1e0-4b48-bee9-7be9d5f3af19: GrpcService started, listening on 46641
2023-03-10 22:30:38,636 [EndpointStateMachine task thread for /0.0.0.0:42747 - 0 ] INFO  ratis.XceiverServerRatis (XceiverServerRatis.java:getRealPort(544)) - XceiverServerRatis dc196179-b1e0-4b48-bee9-7be9d5f3af19 is started using port 46641 for RATIS
2023-03-10 22:30:38,636 [EndpointStateMachine task thread for /0.0.0.0:42747 - 0 ] INFO  ratis.XceiverServerRatis (XceiverServerRatis.java:getRealPort(544)) - XceiverServerRatis dc196179-b1e0-4b48-bee9-7be9d5f3af19 is started using port 46641 for RATIS_ADMIN
2023-03-10 22:30:38,636 [EndpointStateMachine task thread for /0.0.0.0:42747 - 0 ] INFO  ratis.XceiverServerRatis (XceiverServerRatis.java:getRealPort(544)) - XceiverServerRatis dc196179-b1e0-4b48-bee9-7be9d5f3af19 is started using port 46641 for RATIS_SERVER
2023-03-10 22:30:38,636 [EndpointStateMachine task thread for /0.0.0.0:42747 - 0 ] INFO  ratis.XceiverServerRatis (XceiverServerRatis.java:getRealPort(544)) - XceiverServerRatis dc196179-b1e0-4b48-bee9-7be9d5f3af19 is started using port 46507 for RATIS_DATASTREAM
2023-03-10 22:30:38,638 [JvmPauseMonitor2] INFO  util.JvmPauseMonitor (JvmPauseMonitor.java:run(105)) - JvmPauseMonitor-dc196179-b1e0-4b48-bee9-7be9d5f3af19: Started
2023-03-10 22:30:38,641 [EndpointStateMachine task thread for /0.0.0.0:42747 - 0 ] INFO  server.XceiverServerGrpc (XceiverServerGrpc.java:start(180)) - XceiverServerGrpc dc196179-b1e0-4b48-bee9-7be9d5f3af19 is started using port 39345
2023-03-10 22:30:38,644 [BlockDeletingService#0] INFO  interfaces.ContainerDeletionChoosingPolicyTemplate (ContainerDeletionChoosingPolicyTemplate.java:chooseContainerForBlockDeletion(83)) - Chosen 0/5000 blocks from 0 candidate containers.
2023-03-10 22:30:38,922 [Listener at 127.0.0.1/40251] INFO  ozone.MiniOzoneClusterImpl (MiniOzoneClusterImpl.java:lambda$waitForClusterToBeReady$0(218)) - Waiting for nodes to be ready. Got 0 of 3 DN Heartbeats.
2023-03-10 22:30:38,922 [Listener at 127.0.0.1/40251] INFO  ozone.MiniOzoneClusterImpl (MiniOzoneClusterImpl.java:lambda$waitForClusterToBeReady$0(221)) - Waiting for cluster to exit safe mode
2023-03-10 22:30:38,922 [Listener at 127.0.0.1/40251] INFO  ozone.MiniOzoneClusterImpl (MiniOzoneClusterImpl.java:lambda$waitForClusterToBeReady$0(223)) - SCM became leader
2023-03-10 22:30:38,958 [EndpointStateMachine task thread for /0.0.0.0:42747 - 0 ] INFO  utils.DatanodeStoreCache (DatanodeStoreCache.java:addDB(58)) - Added db /home/runner/work/ozone/ozone/hadoop-ozone/integration-test/target/test-dir/MiniOzoneClusterImpl-7a8fa31f-7ad0-4349-83ec-1d9026649271/datanode-2/data-0/containers/hdds/7a8fa31f-7ad0-4349-83ec-1d9026649271/DS-df847936-ac5d-4656-a88b-b5c93786cf4d/container.db to cache
2023-03-10 22:30:38,958 [EndpointStateMachine task thread for /0.0.0.0:42747 - 0 ] INFO  volume.HddsVolume (HddsVolume.java:createDbStore(331)) - SchemaV3 db is created and loaded at /home/runner/work/ozone/ozone/hadoop-ozone/integration-test/target/test-dir/MiniOzoneClusterImpl-7a8fa31f-7ad0-4349-83ec-1d9026649271/datanode-2/data-0/containers/hdds/7a8fa31f-7ad0-4349-83ec-1d9026649271/DS-df847936-ac5d-4656-a88b-b5c93786cf4d/container.db for volume DS-df847936-ac5d-4656-a88b-b5c93786cf4d
2023-03-10 22:30:38,959 [EndpointStateMachine task thread for /0.0.0.0:42747 - 0 ] INFO  ozoneimpl.OzoneContainer (OzoneContainer.java:start(398)) - Attempting to start container services.
2023-03-10 22:30:38,959 [EndpointStateMachine task thread for /0.0.0.0:42747 - 0 ] INFO  ozoneimpl.OzoneContainer (OzoneContainer.java:startContainerScrub(315)) - Scheduled background container scanners and the on-demand container scanner have been disabled.
2023-03-10 22:30:38,960 [EndpointStateMachine task thread for /0.0.0.0:42747 - 0 ] INFO  replication.ReplicationServer (ReplicationServer.java:start(109)) - ReplicationServer is started using port 36707
2023-03-10 22:30:38,960 [EndpointStateMachine task thread for /0.0.0.0:42747 - 0 ] INFO  ratis.XceiverServerRatis (XceiverServerRatis.java:start(518)) - Starting XceiverServerRatis 96536830-8d0b-4e92-a25b-57c10a9efae7
2023-03-10 22:30:38,961 [EndpointStateMachine task thread for /0.0.0.0:42747 - 0 ] INFO  server.RaftServer (RaftServerProxy.java:startImpl(393)) - 96536830-8d0b-4e92-a25b-57c10a9efae7: start RPC server
2023-03-10 22:30:38,963 [EndpointStateMachine task thread for /0.0.0.0:42747 - 0 ] INFO  server.GrpcService (GrpcService.java:startImpl(262)) - 96536830-8d0b-4e92-a25b-57c10a9efae7: GrpcService started, listening on 32803
2023-03-10 22:30:38,964 [EndpointStateMachine task thread for /0.0.0.0:42747 - 0 ] INFO  ratis.XceiverServerRatis (XceiverServerRatis.java:getRealPort(544)) - XceiverServerRatis 96536830-8d0b-4e92-a25b-57c10a9efae7 is started using port 32803 for RATIS
2023-03-10 22:30:38,964 [JvmPauseMonitor3] INFO  util.JvmPauseMonitor (JvmPauseMonitor.java:run(105)) - JvmPauseMonitor-96536830-8d0b-4e92-a25b-57c10a9efae7: Started
2023-03-10 22:30:38,964 [EndpointStateMachine task thread for /0.0.0.0:42747 - 0 ] INFO  ratis.XceiverServerRatis (XceiverServerRatis.java:getRealPort(544)) - XceiverServerRatis 96536830-8d0b-4e92-a25b-57c10a9efae7 is started using port 32803 for RATIS_ADMIN
2023-03-10 22:30:38,964 [EndpointStateMachine task thread for /0.0.0.0:42747 - 0 ] INFO  ratis.XceiverServerRatis (XceiverServerRatis.java:getRealPort(544)) - XceiverServerRatis 96536830-8d0b-4e92-a25b-57c10a9efae7 is started using port 32803 for RATIS_SERVER
2023-03-10 22:30:38,964 [EndpointStateMachine task thread for /0.0.0.0:42747 - 0 ] INFO  ratis.XceiverServerRatis (XceiverServerRatis.java:getRealPort(544)) - XceiverServerRatis 96536830-8d0b-4e92-a25b-57c10a9efae7 is started using port 33431 for RATIS_DATASTREAM
2023-03-10 22:30:38,967 [EndpointStateMachine task thread for /0.0.0.0:42747 - 0 ] INFO  server.XceiverServerGrpc (XceiverServerGrpc.java:start(180)) - XceiverServerGrpc 96536830-8d0b-4e92-a25b-57c10a9efae7 is started using port 41957
2023-03-10 22:30:38,977 [BlockDeletingService#0] INFO  interfaces.ContainerDeletionChoosingPolicyTemplate (ContainerDeletionChoosingPolicyTemplate.java:chooseContainerForBlockDeletion(83)) - Chosen 0/5000 blocks from 0 candidate containers.
2023-03-10 22:30:39,923 [Listener at 127.0.0.1/40251] INFO  ozone.MiniOzoneClusterImpl (MiniOzoneClusterImpl.java:lambda$waitForClusterToBeReady$0(218)) - Waiting for nodes to be ready. Got 0 of 3 DN Heartbeats.
2023-03-10 22:30:39,923 [Listener at 127.0.0.1/40251] INFO  ozone.MiniOzoneClusterImpl (MiniOzoneClusterImpl.java:lambda$waitForClusterToBeReady$0(221)) - Waiting for cluster to exit safe mode
2023-03-10 22:30:39,923 [Listener at 127.0.0.1/40251] INFO  ozone.MiniOzoneClusterImpl (MiniOzoneClusterImpl.java:lambda$waitForClusterToBeReady$0(223)) - SCM became leader
2023-03-10 22:30:40,059 [IPC Server handler 5 on default port 42747] INFO  net.NetworkTopologyImpl (NetworkTopologyImpl.java:add(112)) - Added a new node: /default-rack/2aff4a56-46da-424c-8361-de221ca2b011
2023-03-10 22:30:40,061 [IPC Server handler 5 on default port 42747] INFO  node.SCMNodeManager (SCMNodeManager.java:register(404)) - Registered Data node : 2aff4a56-46da-424c-8361-de221ca2b011{ip: 10.1.0.5, host: fv-az259-306.nxnqhby4qkoexpon2s1bx5vqxg.dx.internal.cloudapp.net, ports: [REPLICATION=45067, RATIS=34299, RATIS_ADMIN=34299, RATIS_SERVER=34299, RATIS_DATASTREAM=34343, STANDALONE=43187], networkLocation: /default-rack, certSerialId: null, persistedOpState: null, persistedOpStateExpiryEpochSec: 0}
2023-03-10 22:30:40,066 [EventQueue-NewNodeForNewNodeHandler] INFO  pipeline.BackgroundPipelineCreator (BackgroundPipelineCreator.java:notifyEventTriggered(276)) - trigger a one-shot run on RatisPipelineUtilsThread.
2023-03-10 22:30:40,067 [EventQueue-NodeRegistrationContainerReportForContainerSafeModeRule] INFO  safemode.SCMSafeModeManager (SCMSafeModeManager.java:validateSafeModeExitRules(200)) - ContainerSafeModeRule rule is successfully validated
2023-03-10 22:30:40,071 [EventQueue-NodeRegistrationContainerReportForDataNodeSafeModeRule] INFO  safemode.SCMSafeModeManager (DataNodeSafeModeRule.java:process(71)) - SCM in safe mode. 1 DataNodes registered, 3 required.
2023-03-10 22:30:40,073 [RatisPipelineUtilsThread - 0] INFO  pipeline.RatisPipelineProvider (RatisPipelineProvider.java:lambda$create$0(206)) - Sending CreatePipelineCommand for pipeline:PipelineID=bda9b98f-ce14-4de1-84e8-26f820cb6466 to datanode:2aff4a56-46da-424c-8361-de221ca2b011
2023-03-10 22:30:40,077 [EventQueue-PipelineReportForOneReplicaPipelineSafeModeRule] INFO  safemode.SCMSafeModeManager (SCMSafeModeManager.java:validateSafeModeExitRules(200)) - AtleastOneDatanodeReportedRule rule is successfully validated
2023-03-10 22:30:40,083 [RatisPipelineUtilsThread - 0] INFO  pipeline.PipelineStateManagerImpl (PipelineStateManagerImpl.java:addPipeline(103)) - Created pipeline Pipeline[ Id: bda9b98f-ce14-4de1-84e8-26f820cb6466, Nodes: 2aff4a56-46da-424c-8361-de221ca2b011(fv-az259-306.nxnqhby4qkoexpon2s1bx5vqxg.dx.internal.cloudapp.net/10.1.0.5), ReplicationConfig: RATIS/ONE, State:ALLOCATED, leaderId:, CreationTimestamp2023-03-10T22:30:40.072Z[Etc/UTC]].
2023-03-10 22:30:40,592 [IPC Server handler 3 on default port 42747] INFO  net.NetworkTopologyImpl (NetworkTopologyImpl.java:add(112)) - Added a new node: /default-rack/dc196179-b1e0-4b48-bee9-7be9d5f3af19
2023-03-10 22:30:40,592 [IPC Server handler 3 on default port 42747] INFO  node.SCMNodeManager (SCMNodeManager.java:register(404)) - Registered Data node : dc196179-b1e0-4b48-bee9-7be9d5f3af19{ip: 10.1.0.5, host: fv-az259-306.nxnqhby4qkoexpon2s1bx5vqxg.dx.internal.cloudapp.net, ports: [REPLICATION=38229, RATIS=46641, RATIS_ADMIN=46641, RATIS_SERVER=46641, RATIS_DATASTREAM=46507, STANDALONE=39345], networkLocation: /default-rack, certSerialId: null, persistedOpState: null, persistedOpStateExpiryEpochSec: 0}
2023-03-10 22:30:40,593 [EventQueue-NewNodeForNewNodeHandler] INFO  pipeline.BackgroundPipelineCreator (BackgroundPipelineCreator.java:notifyEventTriggered(276)) - trigger a one-shot run on RatisPipelineUtilsThread.
2023-03-10 22:30:40,593 [EventQueue-NodeRegistrationContainerReportForDataNodeSafeModeRule] INFO  safemode.SCMSafeModeManager (DataNodeSafeModeRule.java:process(71)) - SCM in safe mode. 2 DataNodes registered, 3 required.
2023-03-10 22:30:40,594 [RatisPipelineUtilsThread - 0] INFO  pipeline.RatisPipelineProvider (RatisPipelineProvider.java:lambda$create$0(206)) - Sending CreatePipelineCommand for pipeline:PipelineID=29affc38-f4bc-4dab-be29-266884832dce to datanode:dc196179-b1e0-4b48-bee9-7be9d5f3af19
2023-03-10 22:30:40,596 [RatisPipelineUtilsThread - 0] INFO  pipeline.PipelineStateManagerImpl (PipelineStateManagerImpl.java:addPipeline(103)) - Created pipeline Pipeline[ Id: 29affc38-f4bc-4dab-be29-266884832dce, Nodes: dc196179-b1e0-4b48-bee9-7be9d5f3af19(fv-az259-306.nxnqhby4qkoexpon2s1bx5vqxg.dx.internal.cloudapp.net/10.1.0.5), ReplicationConfig: RATIS/ONE, State:ALLOCATED, leaderId:, CreationTimestamp2023-03-10T22:30:40.594Z[Etc/UTC]].
2023-03-10 22:30:40,923 [Listener at 127.0.0.1/40251] INFO  ozone.MiniOzoneClusterImpl (MiniOzoneClusterImpl.java:lambda$waitForClusterToBeReady$0(218)) - Waiting for nodes to be ready. Got 2 of 3 DN Heartbeats.
2023-03-10 22:30:40,924 [Listener at 127.0.0.1/40251] INFO  ozone.MiniOzoneClusterImpl (MiniOzoneClusterImpl.java:lambda$waitForClusterToBeReady$0(221)) - Waiting for cluster to exit safe mode
2023-03-10 22:30:40,924 [Listener at 127.0.0.1/40251] INFO  ozone.MiniOzoneClusterImpl (MiniOzoneClusterImpl.java:lambda$waitForClusterToBeReady$0(223)) - SCM became leader
2023-03-10 22:30:40,925 [IPC Server handler 5 on default port 42747] INFO  net.NetworkTopologyImpl (NetworkTopologyImpl.java:add(112)) - Added a new node: /default-rack/96536830-8d0b-4e92-a25b-57c10a9efae7
2023-03-10 22:30:40,925 [IPC Server handler 5 on default port 42747] INFO  node.SCMNodeManager (SCMNodeManager.java:register(404)) - Registered Data node : 96536830-8d0b-4e92-a25b-57c10a9efae7{ip: 10.1.0.5, host: fv-az259-306.nxnqhby4qkoexpon2s1bx5vqxg.dx.internal.cloudapp.net, ports: [REPLICATION=36707, RATIS=32803, RATIS_ADMIN=32803, RATIS_SERVER=32803, RATIS_DATASTREAM=33431, STANDALONE=41957], networkLocation: /default-rack, certSerialId: null, persistedOpState: null, persistedOpStateExpiryEpochSec: 0}
2023-03-10 22:30:40,926 [EventQueue-NewNodeForNewNodeHandler] INFO  pipeline.BackgroundPipelineCreator (BackgroundPipelineCreator.java:notifyEventTriggered(276)) - trigger a one-shot run on RatisPipelineUtilsThread.
2023-03-10 22:30:40,926 [EventQueue-NodeRegistrationContainerReportForDataNodeSafeModeRule] INFO  safemode.SCMSafeModeManager (DataNodeSafeModeRule.java:process(71)) - SCM in safe mode. 3 DataNodes registered, 3 required.
2023-03-10 22:30:40,926 [EventQueue-NodeRegistrationContainerReportForDataNodeSafeModeRule] INFO  safemode.SCMSafeModeManager (SCMSafeModeManager.java:validateSafeModeExitRules(200)) - DataNodeSafeModeRule rule is successfully validated
2023-03-10 22:30:40,926 [EventQueue-NodeRegistrationContainerReportForDataNodeSafeModeRule] INFO  safemode.SCMSafeModeManager (SCMSafeModeManager.java:completePreCheck(229)) - All SCM safe mode pre check rules have passed
2023-03-10 22:30:40,926 [EventQueue-NodeRegistrationContainerReportForDataNodeSafeModeRule] INFO  ha.SCMContext (SCMContext.java:updateSafeModeStatus(228)) - Update SafeModeStatus from SafeModeStatus{safeModeStatus=true, preCheckPassed=false} to SafeModeStatus{safeModeStatus=true, preCheckPassed=true}.
2023-03-10 22:30:40,926 [EventQueue-NodeRegistrationContainerReportForDataNodeSafeModeRule] INFO  pipeline.BackgroundPipelineCreator (BackgroundPipelineCreator.java:notifyEventTriggered(276)) - trigger a one-shot run on RatisPipelineUtilsThread.
2023-03-10 22:30:40,927 [RatisPipelineUtilsThread - 0] INFO  pipeline.RatisPipelineProvider (RatisPipelineProvider.java:lambda$create$0(206)) - Sending CreatePipelineCommand for pipeline:PipelineID=6543f672-5b7d-43bc-bc91-f77599be6489 to datanode:96536830-8d0b-4e92-a25b-57c10a9efae7
2023-03-10 22:30:40,928 [RatisPipelineUtilsThread - 0] INFO  pipeline.PipelineStateManagerImpl (PipelineStateManagerImpl.java:addPipeline(103)) - Created pipeline Pipeline[ Id: 6543f672-5b7d-43bc-bc91-f77599be6489, Nodes: 96536830-8d0b-4e92-a25b-57c10a9efae7(fv-az259-306.nxnqhby4qkoexpon2s1bx5vqxg.dx.internal.cloudapp.net/10.1.0.5), ReplicationConfig: RATIS/ONE, State:ALLOCATED, leaderId:, CreationTimestamp2023-03-10T22:30:40.927Z[Etc/UTC]].
2023-03-10 22:30:40,933 [RatisPipelineUtilsThread - 0] INFO  pipeline.RatisPipelineProvider (RatisPipelineProvider.java:lambda$create$0(206)) - Sending CreatePipelineCommand for pipeline:PipelineID=5176384d-8d3d-44ce-b103-39e2d222a29f to datanode:2aff4a56-46da-424c-8361-de221ca2b011
2023-03-10 22:30:40,933 [RatisPipelineUtilsThread - 0] INFO  pipeline.RatisPipelineProvider (RatisPipelineProvider.java:lambda$create$0(206)) - Sending CreatePipelineCommand for pipeline:PipelineID=5176384d-8d3d-44ce-b103-39e2d222a29f to datanode:96536830-8d0b-4e92-a25b-57c10a9efae7
2023-03-10 22:30:40,933 [RatisPipelineUtilsThread - 0] INFO  pipeline.RatisPipelineProvider (RatisPipelineProvider.java:lambda$create$0(206)) - Sending CreatePipelineCommand for pipeline:PipelineID=5176384d-8d3d-44ce-b103-39e2d222a29f to datanode:dc196179-b1e0-4b48-bee9-7be9d5f3af19
2023-03-10 22:30:40,933 [RatisPipelineUtilsThread - 0] INFO  pipeline.PipelineStateManagerImpl (PipelineStateManagerImpl.java:addPipeline(103)) - Created pipeline Pipeline[ Id: 5176384d-8d3d-44ce-b103-39e2d222a29f, Nodes: 2aff4a56-46da-424c-8361-de221ca2b011(fv-az259-306.nxnqhby4qkoexpon2s1bx5vqxg.dx.internal.cloudapp.net/10.1.0.5)96536830-8d0b-4e92-a25b-57c10a9efae7(fv-az259-306.nxnqhby4qkoexpon2s1bx5vqxg.dx.internal.cloudapp.net/10.1.0.5)dc196179-b1e0-4b48-bee9-7be9d5f3af19(fv-az259-306.nxnqhby4qkoexpon2s1bx5vqxg.dx.internal.cloudapp.net/10.1.0.5), ReplicationConfig: RATIS/THREE, State:ALLOCATED, leaderId:, CreationTimestamp2023-03-10T22:30:40.933Z[Etc/UTC]].
2023-03-10 22:30:40,935 [RatisPipelineUtilsThread - 0] INFO  pipeline.RatisPipelineProvider (RatisPipelineProvider.java:lambda$create$0(206)) - Sending CreatePipelineCommand for pipeline:PipelineID=f57b6358-3464-4523-a7b4-d4bc1a2ad251 to datanode:2aff4a56-46da-424c-8361-de221ca2b011
2023-03-10 22:30:40,935 [RatisPipelineUtilsThread - 0] INFO  pipeline.RatisPipelineProvider (RatisPipelineProvider.java:lambda$create$0(206)) - Sending CreatePipelineCommand for pipeline:PipelineID=f57b6358-3464-4523-a7b4-d4bc1a2ad251 to datanode:96536830-8d0b-4e92-a25b-57c10a9efae7
2023-03-10 22:30:40,942 [RatisPipelineUtilsThread - 0] INFO  pipeline.RatisPipelineProvider (RatisPipelineProvider.java:lambda$create$0(206)) - Sending CreatePipelineCommand for pipeline:PipelineID=f57b6358-3464-4523-a7b4-d4bc1a2ad251 to datanode:dc196179-b1e0-4b48-bee9-7be9d5f3af19
2023-03-10 22:30:40,944 [RatisPipelineUtilsThread - 0] INFO  pipeline.PipelineStateManagerImpl (PipelineStateManagerImpl.java:addPipeline(103)) - Created pipeline Pipeline[ Id: f57b6358-3464-4523-a7b4-d4bc1a2ad251, Nodes: 2aff4a56-46da-424c-8361-de221ca2b011(fv-az259-306.nxnqhby4qkoexpon2s1bx5vqxg.dx.internal.cloudapp.net/10.1.0.5)96536830-8d0b-4e92-a25b-57c10a9efae7(fv-az259-306.nxnqhby4qkoexpon2s1bx5vqxg.dx.internal.cloudapp.net/10.1.0.5)dc196179-b1e0-4b48-bee9-7be9d5f3af19(fv-az259-306.nxnqhby4qkoexpon2s1bx5vqxg.dx.internal.cloudapp.net/10.1.0.5), ReplicationConfig: RATIS/THREE, State:ALLOCATED, leaderId:, CreationTimestamp2023-03-10T22:30:40.935Z[Etc/UTC]].
2023-03-10 22:30:40,944 [RatisPipelineUtilsThread - 0] INFO  pipeline.PipelineManagerImpl (PipelineManagerImpl.java:recordMetricsForPipeline(826)) - Pipeline: PipelineID=f57b6358-3464-4523-a7b4-d4bc1a2ad251 contains same datanodes as previous pipelines: PipelineID=5176384d-8d3d-44ce-b103-39e2d222a29f nodeIds: 2aff4a56-46da-424c-8361-de221ca2b011, 96536830-8d0b-4e92-a25b-57c10a9efae7, dc196179-b1e0-4b48-bee9-7be9d5f3af19
2023-03-10 22:30:40,945 [RatisPipelineUtilsThread - 0] WARN  pipeline.PipelinePlacementPolicy (PipelinePlacementPolicy.java:filterViableNodes(158)) - Pipeline creation failed due to no sufficient healthy datanodes. Required 3. Found 0.
2023-03-10 22:30:41,925 [Listener at 127.0.0.1/40251] INFO  ozone.MiniOzoneClusterImpl (MiniOzoneClusterImpl.java:lambda$waitForClusterToBeReady$0(218)) - Nodes are ready. Got 3 of 3 DN Heartbeats.
2023-03-10 22:30:41,925 [Listener at 127.0.0.1/40251] INFO  ozone.MiniOzoneClusterImpl (MiniOzoneClusterImpl.java:lambda$waitForClusterToBeReady$0(221)) - Waiting for cluster to exit safe mode
2023-03-10 22:30:41,925 [Listener at 127.0.0.1/40251] INFO  ozone.MiniOzoneClusterImpl (MiniOzoneClusterImpl.java:lambda$waitForClusterToBeReady$0(223)) - SCM became leader
2023-03-10 22:30:42,925 [Listener at 127.0.0.1/40251] INFO  ozone.MiniOzoneClusterImpl (MiniOzoneClusterImpl.java:lambda$waitForClusterToBeReady$0(218)) - Nodes are ready. Got 3 of 3 DN Heartbeats.
2023-03-10 22:30:42,926 [Listener at 127.0.0.1/40251] INFO  ozone.MiniOzoneClusterImpl (MiniOzoneClusterImpl.java:lambda$waitForClusterToBeReady$0(221)) - Waiting for cluster to exit safe mode
2023-03-10 22:30:42,926 [Listener at 127.0.0.1/40251] INFO  ozone.MiniOzoneClusterImpl (MiniOzoneClusterImpl.java:lambda$waitForClusterToBeReady$0(223)) - SCM became leader
2023-03-10 22:30:43,059 [Command processor thread] INFO  server.RaftServer (RaftServerProxy.java:addNew(96)) - 2aff4a56-46da-424c-8361-de221ca2b011: addNew group-26F820CB6466:[2aff4a56-46da-424c-8361-de221ca2b011|rpc:10.1.0.5:34299|dataStream:10.1.0.5:34343|priority:1|startupRole:FOLLOWER] returns group-26F820CB6466:java.util.concurrent.CompletableFuture@17781000[Not completed]
2023-03-10 22:30:43,069 [pool-74-thread-1] INFO  server.RaftServer$Division (RaftServerImpl.java:<init>(195)) - 2aff4a56-46da-424c-8361-de221ca2b011: new RaftServerImpl for group-26F820CB6466:[2aff4a56-46da-424c-8361-de221ca2b011|rpc:10.1.0.5:34299|dataStream:10.1.0.5:34343|priority:1|startupRole:FOLLOWER] with ContainerStateMachine:uninitialized
2023-03-10 22:30:43,069 [pool-74-thread-1] INFO  server.RaftServerConfigKeys (ConfUtils.java:logGet(46)) - raft.server.rpc.timeout.min = 5s (custom)
2023-03-10 22:30:43,070 [pool-74-thread-1] INFO  server.RaftServerConfigKeys (ConfUtils.java:logGet(46)) - raft.server.rpc.timeout.max = 5200ms (custom)
2023-03-10 22:30:43,070 [pool-74-thread-1] INFO  server.RaftServerConfigKeys (ConfUtils.java:logGet(46)) - raft.server.rpc.sleep.time = 25ms (default)
2023-03-10 22:30:43,070 [pool-74-thread-1] INFO  server.RaftServerConfigKeys (ConfUtils.java:logGet(46)) - raft.server.rpc.slowness.timeout = 300s (custom)
2023-03-10 22:30:43,070 [pool-74-thread-1] INFO  server.RaftServerConfigKeys (ConfUtils.java:logGet(46)) - raft.server.leaderelection.leader.step-down.wait-time = 10s (default)
2023-03-10 22:30:43,070 [pool-74-thread-1] INFO  server.RaftServerConfigKeys (ConfUtils.java:logGet(46)) - raft.server.sleep.deviation.threshold = 300ms (default)
2023-03-10 22:30:43,070 [pool-74-thread-1] INFO  server.RaftServer$Division (ServerState.java:<init>(118)) - 2aff4a56-46da-424c-8361-de221ca2b011@group-26F820CB6466: ConfigurationManager, init=-1: peers:[2aff4a56-46da-424c-8361-de221ca2b011|rpc:10.1.0.5:34299|dataStream:10.1.0.5:34343|priority:1|startupRole:FOLLOWER]|listeners:[], old=null, confs=<EMPTY_MAP>
2023-03-10 22:30:43,070 [pool-74-thread-1] INFO  server.RaftServerConfigKeys (ConfUtils.java:logGet(46)) - raft.server.storage.dir = [/home/runner/work/ozone/ozone/hadoop-ozone/integration-test/target/test-dir/MiniOzoneClusterImpl-7a8fa31f-7ad0-4349-83ec-1d9026649271/datanode-0/data/ratis] (custom)
2023-03-10 22:30:43,070 [pool-74-thread-1] INFO  server.RaftServerConfigKeys (ConfUtils.java:logGet(46)) - raft.server.log.corruption.policy = EXCEPTION (default)
2023-03-10 22:30:43,070 [pool-74-thread-1] INFO  server.RaftServerConfigKeys (ConfUtils.java:logGet(46)) - raft.server.storage.free-space.min = 0MB (=0) (default)
2023-03-10 22:30:43,070 [pool-74-thread-1] INFO  server.RaftServerConfigKeys (ConfUtils.java:logGet(46)) - raft.server.notification.no-leader.timeout = 300s (custom)
2023-03-10 22:30:43,070 [pool-74-thread-1] INFO  server.RaftServerConfigKeys (ConfUtils.java:logGet(46)) - raft.server.retrycache.expirytime = 600000ms (custom)
2023-03-10 22:30:43,071 [pool-74-thread-1] INFO  server.RaftServerConfigKeys (ConfUtils.java:logGet(46)) - raft.server.retrycache.statistics.expirytime = 100μs (default)
2023-03-10 22:30:43,075 [pool-74-thread-1] INFO  server.RaftServerConfigKeys (ConfUtils.java:logGet(46)) - raft.server.log.appender.install.snapshot.enabled = false (custom)
2023-03-10 22:30:43,075 [pool-74-thread-1] INFO  server.RaftServerConfigKeys (ConfUtils.java:logGet(46)) - raft.server.threadpool.server.cached = true (default)
2023-03-10 22:30:43,076 [pool-74-thread-1] INFO  server.RaftServerConfigKeys (ConfUtils.java:logGet(46)) - raft.server.threadpool.server.size = 0 (default)
2023-03-10 22:30:43,076 [pool-74-thread-1] INFO  server.RaftServerConfigKeys (ConfUtils.java:logGet(46)) - raft.server.threadpool.client.cached = true (default)
2023-03-10 22:30:43,076 [pool-74-thread-1] INFO  server.RaftServerConfigKeys (ConfUtils.java:logGet(46)) - raft.server.threadpool.client.size = 0 (default)
2023-03-10 22:30:43,076 [pool-74-thread-1] INFO  storage.RaftStorageDirectory (RaftStorageDirectoryImpl.java:analyzeStorage(137)) - The storage directory /home/runner/work/ozone/ozone/hadoop-ozone/integration-test/target/test-dir/MiniOzoneClusterImpl-7a8fa31f-7ad0-4349-83ec-1d9026649271/datanode-0/data/ratis/bda9b98f-ce14-4de1-84e8-26f820cb6466 does not exist. Creating ...
2023-03-10 22:30:43,078 [pool-74-thread-1] INFO  storage.RaftStorageDirectory (RaftStorageDirectoryImpl.java:tryLock(231)) - Lock on /home/runner/work/ozone/ozone/hadoop-ozone/integration-test/target/test-dir/MiniOzoneClusterImpl-7a8fa31f-7ad0-4349-83ec-1d9026649271/datanode-0/data/ratis/bda9b98f-ce14-4de1-84e8-26f820cb6466/in_use.lock acquired by nodename 2378@fv-az259-306
2023-03-10 22:30:43,079 [pool-74-thread-1] INFO  storage.RaftStorage (RaftStorageImpl.java:format(96)) - Storage directory /home/runner/work/ozone/ozone/hadoop-ozone/integration-test/target/test-dir/MiniOzoneClusterImpl-7a8fa31f-7ad0-4349-83ec-1d9026649271/datanode-0/data/ratis/bda9b98f-ce14-4de1-84e8-26f820cb6466 has been successfully formatted.
2023-03-10 22:30:43,085 [pool-74-thread-1] INFO  ratis.ContainerStateMachine (ContainerStateMachine.java:loadSnapshot(262)) - group-26F820CB6466: The snapshot info is null. Setting the last applied indexto:(t:0, i:~)
2023-03-10 22:30:43,085 [pool-74-thread-1] INFO  server.RaftServerConfigKeys (ConfUtils.java:logGet(46)) - raft.server.log.use.memory = false (default)
2023-03-10 22:30:43,085 [pool-74-thread-1] INFO  server.RaftServerConfigKeys (ConfUtils.java:logGet(46)) - raft.server.log.purge.gap = 1000000 (custom)
2023-03-10 22:30:43,085 [pool-74-thread-1] INFO  server.RaftServerConfigKeys (ConfUtils.java:logGet(46)) - raft.server.log.appender.buffer.byte-limit = 33554432 (custom)
2023-03-10 22:30:43,085 [pool-74-thread-1] INFO  server.RaftServerConfigKeys (ConfUtils.java:logGet(46)) - raft.server.log.statemachine.data.read.timeout = 1000ms (default)
2023-03-10 22:30:43,085 [pool-74-thread-1] INFO  server.RaftServerConfigKeys (ConfUtils.java:logGet(46)) - raft.server.log.purge.preservation.log.num = 0 (default)
2023-03-10 22:30:43,086 [pool-74-thread-1] INFO  server.RaftServerConfigKeys (ConfUtils.java:logGet(46)) - raft.server.log.segment.size.max = 1048576 (custom)
2023-03-10 22:30:43,086 [pool-74-thread-1] INFO  server.RaftServerConfigKeys (ConfUtils.java:logGet(46)) - raft.server.log.segment.cache.num.max = 2 (custom)
2023-03-10 22:30:43,087 [pool-74-thread-1] INFO  server.RaftServerConfigKeys (ConfUtils.java:logGet(46)) - raft.server.log.segment.cache.size.max = 200MB (=209715200) (default)
2023-03-10 22:30:43,087 [pool-74-thread-1] INFO  segmented.SegmentedRaftLogWorker (SegmentedRaftLogWorker.java:<init>(189)) - new 2aff4a56-46da-424c-8361-de221ca2b011@group-26F820CB6466-SegmentedRaftLogWorker for RaftStorageImpl:Storage Directory /home/runner/work/ozone/ozone/hadoop-ozone/integration-test/target/test-dir/MiniOzoneClusterImpl-7a8fa31f-7ad0-4349-83ec-1d9026649271/datanode-0/data/ratis/bda9b98f-ce14-4de1-84e8-26f820cb6466
2023-03-10 22:30:43,087 [pool-74-thread-1] INFO  server.RaftServerConfigKeys (ConfUtils.java:logGet(46)) - raft.server.log.queue.byte-limit = 4294967296 (custom)
2023-03-10 22:30:43,087 [pool-74-thread-1] INFO  server.RaftServerConfigKeys (ConfUtils.java:logGet(46)) - raft.server.log.queue.element-limit = 1024 (custom)
2023-03-10 22:30:43,087 [pool-74-thread-1] INFO  server.RaftServerConfigKeys (ConfUtils.java:logGet(46)) - raft.server.log.segment.size.max = 1048576 (custom)
2023-03-10 22:30:43,087 [pool-74-thread-1] INFO  server.RaftServerConfigKeys (ConfUtils.java:logGet(46)) - raft.server.log.preallocated.size = 16384 (custom)
2023-03-10 22:30:43,087 [pool-74-thread-1] INFO  server.RaftServerConfigKeys (ConfUtils.java:logGet(46)) - raft.server.log.force.sync.num = 128 (default)
2023-03-10 22:30:43,087 [pool-74-thread-1] INFO  server.RaftServerConfigKeys (ConfUtils.java:logGet(46)) - raft.server.log.statemachine.data.sync = true (default)
2023-03-10 22:30:43,087 [pool-74-thread-1] INFO  server.RaftServerConfigKeys (ConfUtils.java:logGet(46)) - raft.server.log.statemachine.data.sync.timeout = 10s (default)
2023-03-10 22:30:43,087 [pool-74-thread-1] INFO  server.RaftServerConfigKeys (ConfUtils.java:logGet(46)) - raft.server.log.statemachine.data.sync.timeout.retry = -1 (default)
2023-03-10 22:30:43,088 [pool-74-thread-1] INFO  server.RaftServerConfigKeys (ConfUtils.java:logGet(46)) - raft.server.log.write.buffer.size = 1048576 (custom)
2023-03-10 22:30:43,088 [pool-74-thread-1] INFO  server.RaftServerConfigKeys (ConfUtils.java:logGet(46)) - raft.server.log.appender.buffer.byte-limit = 33554432 (custom)
2023-03-10 22:30:43,093 [pool-74-thread-1] INFO  server.RaftServerConfigKeys (ConfUtils.java:logGet(46)) - raft.server.log.unsafe-flush.enabled = false (default)
2023-03-10 22:30:43,093 [pool-74-thread-1] INFO  server.RaftServerConfigKeys (ConfUtils.java:logGet(46)) - raft.server.log.async-flush.enabled = false (default)
2023-03-10 22:30:43,093 [pool-74-thread-1] INFO  server.RaftServerConfigKeys (ConfUtils.java:logGet(46)) - raft.server.log.statemachine.data.caching.enabled = true (custom)
2023-03-10 22:30:43,094 [pool-74-thread-1] INFO  segmented.SegmentedRaftLogWorker (SegmentedRaftLogWorker.java:lambda$new$0(135)) - 2aff4a56-46da-424c-8361-de221ca2b011@group-26F820CB6466-SegmentedRaftLogWorker: flushIndex: setUnconditionally 0 -> -1
2023-03-10 22:30:43,094 [pool-74-thread-1] INFO  segmented.SegmentedRaftLogWorker (SegmentedRaftLogWorker.java:lambda$new$0(135)) - 2aff4a56-46da-424c-8361-de221ca2b011@group-26F820CB6466-SegmentedRaftLogWorker: safeCacheEvictIndex: setUnconditionally 0 -> -1
2023-03-10 22:30:43,094 [pool-74-thread-1] INFO  server.RaftServer$Division (RaftServerImpl.java:start(334)) - 2aff4a56-46da-424c-8361-de221ca2b011@group-26F820CB6466: start as a follower, conf=-1: peers:[2aff4a56-46da-424c-8361-de221ca2b011|rpc:10.1.0.5:34299|dataStream:10.1.0.5:34343|priority:1|startupRole:FOLLOWER]|listeners:[], old=null
2023-03-10 22:30:43,094 [pool-74-thread-1] INFO  server.RaftServer$Division (RaftServerImpl.java:setRole(321)) - 2aff4a56-46da-424c-8361-de221ca2b011@group-26F820CB6466: changes role from      null to FOLLOWER at term 0 for startAsFollower
2023-03-10 22:30:43,094 [pool-74-thread-1] INFO  impl.RoleInfo (RoleInfo.java:updateAndGet(139)) - 2aff4a56-46da-424c-8361-de221ca2b011: start 2aff4a56-46da-424c-8361-de221ca2b011@group-26F820CB6466-FollowerState
2023-03-10 22:30:43,095 [pool-74-thread-1] INFO  util.JmxRegister (JmxRegister.java:tryRegister(44)) - Successfully registered JMX Bean with object name Ratis:service=RaftServer,group=group-26F820CB6466,id=2aff4a56-46da-424c-8361-de221ca2b011
2023-03-10 22:30:43,095 [pool-74-thread-1] INFO  server.RaftServerConfigKeys (ConfUtils.java:logGet(46)) - raft.server.snapshot.auto.trigger.enabled = true (custom)
2023-03-10 22:30:43,095 [2aff4a56-46da-424c-8361-de221ca2b011@group-26F820CB6466-FollowerState] INFO  server.RaftServerConfigKeys (ConfUtils.java:logFallback(53)) - raft.server.rpc.first-election.timeout.min = 5s (fallback to raft.server.rpc.timeout.min)
2023-03-10 22:30:43,095 [pool-74-thread-1] INFO  server.RaftServerConfigKeys (ConfUtils.java:logGet(46)) - raft.server.snapshot.auto.trigger.threshold = 10000 (custom)
2023-03-10 22:30:43,095 [2aff4a56-46da-424c-8361-de221ca2b011@group-26F820CB6466-FollowerState] INFO  server.RaftServerConfigKeys (ConfUtils.java:logFallback(53)) - raft.server.rpc.first-election.timeout.max = 5200ms (fallback to raft.server.rpc.timeout.max)
2023-03-10 22:30:43,095 [pool-74-thread-1] INFO  server.RaftServerConfigKeys (ConfUtils.java:logGet(46)) - raft.server.snapshot.retention.file.num = 5 (custom)
2023-03-10 22:30:43,096 [pool-74-thread-1] INFO  server.RaftServerConfigKeys (ConfUtils.java:logGet(46)) - raft.server.log.purge.upto.snapshot.index = false (default)
2023-03-10 22:30:43,103 [EventQueue-PipelineReportForPipelineReportHandler] INFO  pipeline.PipelineManagerImpl (PipelineManagerImpl.java:openPipeline(367)) - Pipeline Pipeline[ Id: bda9b98f-ce14-4de1-84e8-26f820cb6466, Nodes: 2aff4a56-46da-424c-8361-de221ca2b011(fv-az259-306.nxnqhby4qkoexpon2s1bx5vqxg.dx.internal.cloudapp.net/10.1.0.5), ReplicationConfig: RATIS/ONE, State:ALLOCATED, leaderId:2aff4a56-46da-424c-8361-de221ca2b011, CreationTimestamp2023-03-10T22:30:40.072Z[Etc/UTC]] moved to OPEN state
2023-03-10 22:30:43,107 [EventQueue-OpenPipelineForHealthyPipelineSafeModeRule] INFO  safemode.SCMSafeModeManager (HealthyPipelineSafeModeRule.java:process(137)) - SCM in safe mode. Healthy pipelines reported count is 0, required healthy pipeline reported count is 1
2023-03-10 22:30:43,110 [Command processor thread] INFO  ratis.XceiverServerRatis (XceiverServerRatis.java:addGroup(807)) - Created group PipelineID=bda9b98f-ce14-4de1-84e8-26f820cb6466
2023-03-10 22:30:43,111 [Command processor thread] INFO  commandhandler.CreatePipelineCommandHandler (CreatePipelineCommandHandler.java:handle(113)) - Created Pipeline RATIS ONE PipelineID=bda9b98f-ce14-4de1-84e8-26f820cb6466.
2023-03-10 22:30:43,111 [Command processor thread] INFO  server.RaftServer (RaftServerProxy.java:addNew(96)) - 2aff4a56-46da-424c-8361-de221ca2b011: addNew group-39E2D222A29F:[2aff4a56-46da-424c-8361-de221ca2b011|rpc:10.1.0.5:34299|dataStream:10.1.0.5:34343|priority:0|startupRole:FOLLOWER, 96536830-8d0b-4e92-a25b-57c10a9efae7|rpc:10.1.0.5:32803|dataStream:10.1.0.5:33431|priority:0|startupRole:FOLLOWER, dc196179-b1e0-4b48-bee9-7be9d5f3af19|rpc:10.1.0.5:46641|dataStream:10.1.0.5:46507|priority:1|startupRole:FOLLOWER] returns group-39E2D222A29F:java.util.concurrent.CompletableFuture@2ae5ed03[Not completed]
2023-03-10 22:30:43,113 [pool-74-thread-1] INFO  server.RaftServer$Division (RaftServerImpl.java:<init>(195)) - 2aff4a56-46da-424c-8361-de221ca2b011: new RaftServerImpl for group-39E2D222A29F:[2aff4a56-46da-424c-8361-de221ca2b011|rpc:10.1.0.5:34299|dataStream:10.1.0.5:34343|priority:0|startupRole:FOLLOWER, 96536830-8d0b-4e92-a25b-57c10a9efae7|rpc:10.1.0.5:32803|dataStream:10.1.0.5:33431|priority:0|startupRole:FOLLOWER, dc196179-b1e0-4b48-bee9-7be9d5f3af19|rpc:10.1.0.5:46641|dataStream:10.1.0.5:46507|priority:1|startupRole:FOLLOWER] with ContainerStateMachine:uninitialized
2023-03-10 22:30:43,113 [pool-74-thread-1] INFO  server.RaftServerConfigKeys (ConfUtils.java:logGet(46)) - raft.server.rpc.timeout.min = 5s (custom)
2023-03-10 22:30:43,113 [pool-74-thread-1] INFO  server.RaftServerConfigKeys (ConfUtils.java:logGet(46)) - raft.server.rpc.timeout.max = 5200ms (custom)
2023-03-10 22:30:43,113 [pool-74-thread-1] INFO  server.RaftServerConfigKeys (ConfUtils.java:logGet(46)) - raft.server.rpc.sleep.time = 25ms (default)
2023-03-10 22:30:43,113 [pool-74-thread-1] INFO  server.RaftServerConfigKeys (ConfUtils.java:logGet(46)) - raft.server.rpc.slowness.timeout = 300s (custom)
2023-03-10 22:30:43,113 [pool-74-thread-1] INFO  server.RaftServerConfigKeys (ConfUtils.java:logGet(46)) - raft.server.leaderelection.leader.step-down.wait-time = 10s (default)
2023-03-10 22:30:43,113 [pool-74-thread-1] INFO  server.RaftServerConfigKeys (ConfUtils.java:logGet(46)) - raft.server.sleep.deviation.threshold = 300ms (default)
2023-03-10 22:30:43,113 [pool-74-thread-1] INFO  server.RaftServer$Division (ServerState.java:<init>(118)) - 2aff4a56-46da-424c-8361-de221ca2b011@group-39E2D222A29F: ConfigurationManager, init=-1: peers:[2aff4a56-46da-424c-8361-de221ca2b011|rpc:10.1.0.5:34299|dataStream:10.1.0.5:34343|priority:0|startupRole:FOLLOWER, 96536830-8d0b-4e92-a25b-57c10a9efae7|rpc:10.1.0.5:32803|dataStream:10.1.0.5:33431|priority:0|startupRole:FOLLOWER, dc196179-b1e0-4b48-bee9-7be9d5f3af19|rpc:10.1.0.5:46641|dataStream:10.1.0.5:46507|priority:1|startupRole:FOLLOWER]|listeners:[], old=null, confs=<EMPTY_MAP>
2023-03-10 22:30:43,113 [pool-74-thread-1] INFO  server.RaftServerConfigKeys (ConfUtils.java:logGet(46)) - raft.server.storage.dir = [/home/runner/work/ozone/ozone/hadoop-ozone/integration-test/target/test-dir/MiniOzoneClusterImpl-7a8fa31f-7ad0-4349-83ec-1d9026649271/datanode-0/data/ratis] (custom)
2023-03-10 22:30:43,113 [pool-74-thread-1] INFO  server.RaftServerConfigKeys (ConfUtils.java:logGet(46)) - raft.server.log.corruption.policy = EXCEPTION (default)
2023-03-10 22:30:43,114 [pool-74-thread-1] INFO  server.RaftServerConfigKeys (ConfUtils.java:logGet(46)) - raft.server.storage.free-space.min = 0MB (=0) (default)
2023-03-10 22:30:43,114 [pool-74-thread-1] INFO  server.RaftServerConfigKeys (ConfUtils.java:logGet(46)) - raft.server.notification.no-leader.timeout = 300s (custom)
2023-03-10 22:30:43,114 [pool-74-thread-1] INFO  server.RaftServerConfigKeys (ConfUtils.java:logGet(46)) - raft.server.retrycache.expirytime = 600000ms (custom)
2023-03-10 22:30:43,114 [pool-74-thread-1] INFO  server.RaftServerConfigKeys (ConfUtils.java:logGet(46)) - raft.server.retrycache.statistics.expirytime = 100μs (default)
2023-03-10 22:30:43,115 [pool-74-thread-1] INFO  server.RaftServerConfigKeys (ConfUtils.java:logGet(46)) - raft.server.log.appender.install.snapshot.enabled = false (custom)
2023-03-10 22:30:43,115 [pool-74-thread-1] INFO  server.RaftServerConfigKeys (ConfUtils.java:logGet(46)) - raft.server.threadpool.server.cached = true (default)
2023-03-10 22:30:43,115 [pool-74-thread-1] INFO  server.RaftServerConfigKeys (ConfUtils.java:logGet(46)) - raft.server.threadpool.server.size = 0 (default)
2023-03-10 22:30:43,115 [pool-74-thread-1] INFO  server.RaftServerConfigKeys (ConfUtils.java:logGet(46)) - raft.server.threadpool.client.cached = true (default)
2023-03-10 22:30:43,115 [pool-74-thread-1] INFO  server.RaftServerConfigKeys (ConfUtils.java:logGet(46)) - raft.server.threadpool.client.size = 0 (default)
2023-03-10 22:30:43,116 [pool-74-thread-1] INFO  storage.RaftStorageDirectory (RaftStorageDirectoryImpl.java:analyzeStorage(137)) - The storage directory /home/runner/work/ozone/ozone/hadoop-ozone/integration-test/target/test-dir/MiniOzoneClusterImpl-7a8fa31f-7ad0-4349-83ec-1d9026649271/datanode-0/data/ratis/5176384d-8d3d-44ce-b103-39e2d222a29f does not exist. Creating ...
2023-03-10 22:30:43,117 [pool-74-thread-1] INFO  storage.RaftStorageDirectory (RaftStorageDirectoryImpl.java:tryLock(231)) - Lock on /home/runner/work/ozone/ozone/hadoop-ozone/integration-test/target/test-dir/MiniOzoneClusterImpl-7a8fa31f-7ad0-4349-83ec-1d9026649271/datanode-0/data/ratis/5176384d-8d3d-44ce-b103-39e2d222a29f/in_use.lock acquired by nodename 2378@fv-az259-306
2023-03-10 22:30:43,118 [pool-74-thread-1] INFO  storage.RaftStorage (RaftStorageImpl.java:format(96)) - Storage directory /home/runner/work/ozone/ozone/hadoop-ozone/integration-test/target/test-dir/MiniOzoneClusterImpl-7a8fa31f-7ad0-4349-83ec-1d9026649271/datanode-0/data/ratis/5176384d-8d3d-44ce-b103-39e2d222a29f has been successfully formatted.
2023-03-10 22:30:43,119 [pool-74-thread-1] INFO  ratis.ContainerStateMachine (ContainerStateMachine.java:loadSnapshot(262)) - group-39E2D222A29F: The snapshot info is null. Setting the last applied indexto:(t:0, i:~)
2023-03-10 22:30:43,119 [pool-74-thread-1] INFO  server.RaftServerConfigKeys (ConfUtils.java:logGet(46)) - raft.server.log.use.memory = false (default)
2023-03-10 22:30:43,119 [pool-74-thread-1] INFO  server.RaftServerConfigKeys (ConfUtils.java:logGet(46)) - raft.server.log.purge.gap = 1000000 (custom)
2023-03-10 22:30:43,119 [pool-74-thread-1] INFO  server.RaftServerConfigKeys (ConfUtils.java:logGet(46)) - raft.server.log.appender.buffer.byte-limit = 33554432 (custom)
2023-03-10 22:30:43,119 [pool-74-thread-1] INFO  server.RaftServerConfigKeys (ConfUtils.java:logGet(46)) - raft.server.log.statemachine.data.read.timeout = 1000ms (default)
2023-03-10 22:30:43,119 [pool-74-thread-1] INFO  server.RaftServerConfigKeys (ConfUtils.java:logGet(46)) - raft.server.log.purge.preservation.log.num = 0 (default)
2023-03-10 22:30:43,119 [pool-74-thread-1] INFO  server.RaftServerConfigKeys (ConfUtils.java:logGet(46)) - raft.server.log.segment.size.max = 1048576 (custom)
2023-03-10 22:30:43,122 [EventQueue-OpenPipelineForHealthyPipelineSafeModeRule] INFO  safemode.SCMSafeModeManager (HealthyPipelineSafeModeRule.java:process(137)) - SCM in safe mode. Healthy pipelines reported count is 0, required healthy pipeline reported count is 1
2023-03-10 22:30:43,123 [pool-74-thread-1] INFO  server.RaftServerConfigKeys (ConfUtils.java:logGet(46)) - raft.server.log.segment.cache.num.max = 2 (custom)
2023-03-10 22:30:43,123 [pool-74-thread-1] INFO  server.RaftServerConfigKeys (ConfUtils.java:logGet(46)) - raft.server.log.segment.cache.size.max = 200MB (=209715200) (default)
2023-03-10 22:30:43,123 [pool-74-thread-1] INFO  segmented.SegmentedRaftLogWorker (SegmentedRaftLogWorker.java:<init>(189)) - new 2aff4a56-46da-424c-8361-de221ca2b011@group-39E2D222A29F-SegmentedRaftLogWorker for RaftStorageImpl:Storage Directory /home/runner/work/ozone/ozone/hadoop-ozone/integration-test/target/test-dir/MiniOzoneClusterImpl-7a8fa31f-7ad0-4349-83ec-1d9026649271/datanode-0/data/ratis/5176384d-8d3d-44ce-b103-39e2d222a29f
2023-03-10 22:30:43,123 [pool-74-thread-1] INFO  server.RaftServerConfigKeys (ConfUtils.java:logGet(46)) - raft.server.log.queue.byte-limit = 4294967296 (custom)
2023-03-10 22:30:43,123 [pool-74-thread-1] INFO  server.RaftServerConfigKeys (ConfUtils.java:logGet(46)) - raft.server.log.queue.element-limit = 1024 (custom)
2023-03-10 22:30:43,123 [pool-74-thread-1] INFO  server.RaftServerConfigKeys (ConfUtils.java:logGet(46)) - raft.server.log.segment.size.max = 1048576 (custom)
2023-03-10 22:30:43,123 [pool-74-thread-1] INFO  server.RaftServerConfigKeys (ConfUtils.java:logGet(46)) - raft.server.log.preallocated.size = 16384 (custom)
2023-03-10 22:30:43,123 [pool-74-thread-1] INFO  server.RaftServerConfigKeys (ConfUtils.java:logGet(46)) - raft.server.log.force.sync.num = 128 (default)
2023-03-10 22:30:43,123 [pool-74-thread-1] INFO  server.RaftServerConfigKeys (ConfUtils.java:logGet(46)) - raft.server.log.statemachine.data.sync = true (default)
2023-03-10 22:30:43,123 [pool-74-thread-1] INFO  server.RaftServerConfigKeys (ConfUtils.java:logGet(46)) - raft.server.log.statemachine.data.sync.timeout = 10s (default)
2023-03-10 22:30:43,123 [pool-74-thread-1] INFO  server.RaftServerConfigKeys (ConfUtils.java:logGet(46)) - raft.server.log.statemachine.data.sync.timeout.retry = -1 (default)
2023-03-10 22:30:43,124 [pool-74-thread-1] INFO  server.RaftServerConfigKeys (ConfUtils.java:logGet(46)) - raft.server.log.write.buffer.size = 1048576 (custom)
2023-03-10 22:30:43,124 [pool-74-thread-1] INFO  server.RaftServerConfigKeys (ConfUtils.java:logGet(46)) - raft.server.log.appender.buffer.byte-limit = 33554432 (custom)
2023-03-10 22:30:43,130 [pool-74-thread-1] INFO  server.RaftServerConfigKeys (ConfUtils.java:logGet(46)) - raft.server.log.unsafe-flush.enabled = false (default)
2023-03-10 22:30:43,130 [pool-74-thread-1] INFO  server.RaftServerConfigKeys (ConfUtils.java:logGet(46)) - raft.server.log.async-flush.enabled = false (default)
2023-03-10 22:30:43,130 [pool-74-thread-1] INFO  server.RaftServerConfigKeys (ConfUtils.java:logGet(46)) - raft.server.log.statemachine.data.caching.enabled = true (custom)
2023-03-10 22:30:43,130 [pool-74-thread-1] INFO  segmented.SegmentedRaftLogWorker (SegmentedRaftLogWorker.java:lambda$new$0(135)) - 2aff4a56-46da-424c-8361-de221ca2b011@group-39E2D222A29F-SegmentedRaftLogWorker: flushIndex: setUnconditionally 0 -> -1
2023-03-10 22:30:43,130 [pool-74-thread-1] INFO  segmented.SegmentedRaftLogWorker (SegmentedRaftLogWorker.java:lambda$new$0(135)) - 2aff4a56-46da-424c-8361-de221ca2b011@group-39E2D222A29F-SegmentedRaftLogWorker: safeCacheEvictIndex: setUnconditionally 0 -> -1
2023-03-10 22:30:43,130 [pool-74-thread-1] INFO  server.RaftServer$Division (RaftServerImpl.java:start(334)) - 2aff4a56-46da-424c-8361-de221ca2b011@group-39E2D222A29F: start as a follower, conf=-1: peers:[2aff4a56-46da-424c-8361-de221ca2b011|rpc:10.1.0.5:34299|dataStream:10.1.0.5:34343|priority:0|startupRole:FOLLOWER, 96536830-8d0b-4e92-a25b-57c10a9efae7|rpc:10.1.0.5:32803|dataStream:10.1.0.5:33431|priority:0|startupRole:FOLLOWER, dc196179-b1e0-4b48-bee9-7be9d5f3af19|rpc:10.1.0.5:46641|dataStream:10.1.0.5:46507|priority:1|startupRole:FOLLOWER]|listeners:[], old=null
2023-03-10 22:30:43,130 [pool-74-thread-1] INFO  server.RaftServer$Division (RaftServerImpl.java:setRole(321)) - 2aff4a56-46da-424c-8361-de221ca2b011@group-39E2D222A29F: changes role from      null to FOLLOWER at term 0 for startAsFollower
2023-03-10 22:30:43,131 [pool-74-thread-1] INFO  impl.RoleInfo (RoleInfo.java:updateAndGet(139)) - 2aff4a56-46da-424c-8361-de221ca2b011: start 2aff4a56-46da-424c-8361-de221ca2b011@group-39E2D222A29F-FollowerState
2023-03-10 22:30:43,131 [2aff4a56-46da-424c-8361-de221ca2b011@group-39E2D222A29F-FollowerState] INFO  server.RaftServerConfigKeys (ConfUtils.java:logFallback(53)) - raft.server.rpc.first-election.timeout.min = 5s (fallback to raft.server.rpc.timeout.min)
2023-03-10 22:30:43,131 [2aff4a56-46da-424c-8361-de221ca2b011@group-39E2D222A29F-FollowerState] INFO  server.RaftServerConfigKeys (ConfUtils.java:logFallback(53)) - raft.server.rpc.first-election.timeout.max = 5200ms (fallback to raft.server.rpc.timeout.max)
2023-03-10 22:30:43,132 [pool-74-thread-1] INFO  util.JmxRegister (JmxRegister.java:tryRegister(44)) - Successfully registered JMX Bean with object name Ratis:service=RaftServer,group=group-39E2D222A29F,id=2aff4a56-46da-424c-8361-de221ca2b011
2023-03-10 22:30:43,132 [pool-74-thread-1] INFO  server.RaftServerConfigKeys (ConfUtils.java:logGet(46)) - raft.server.snapshot.auto.trigger.enabled = true (custom)
2023-03-10 22:30:43,132 [pool-74-thread-1] INFO  server.RaftServerConfigKeys (ConfUtils.java:logGet(46)) - raft.server.snapshot.auto.trigger.threshold = 10000 (custom)
2023-03-10 22:30:43,132 [pool-74-thread-1] INFO  server.RaftServerConfigKeys (ConfUtils.java:logGet(46)) - raft.server.snapshot.retention.file.num = 5 (custom)
2023-03-10 22:30:43,132 [pool-74-thread-1] INFO  server.RaftServerConfigKeys (ConfUtils.java:logGet(46)) - raft.server.log.purge.upto.snapshot.index = false (default)
2023-03-10 22:30:43,133 [Command processor thread] INFO  ratis.XceiverServerRatis (XceiverServerRatis.java:addGroup(807)) - Created group PipelineID=5176384d-8d3d-44ce-b103-39e2d222a29f
2023-03-10 22:30:43,484 [grpc-default-executor-0] INFO  server.RaftServer (RaftServerProxy.java:addNew(96)) - 96536830-8d0b-4e92-a25b-57c10a9efae7: addNew group-39E2D222A29F:[2aff4a56-46da-424c-8361-de221ca2b011|rpc:10.1.0.5:34299|dataStream:10.1.0.5:34343|priority:0|startupRole:FOLLOWER, 96536830-8d0b-4e92-a25b-57c10a9efae7|rpc:10.1.0.5:32803|dataStream:10.1.0.5:33431|priority:0|startupRole:FOLLOWER, dc196179-b1e0-4b48-bee9-7be9d5f3af19|rpc:10.1.0.5:46641|dataStream:10.1.0.5:46507|priority:1|startupRole:FOLLOWER] returns group-39E2D222A29F:java.util.concurrent.CompletableFuture@6151140a[Not completed]
2023-03-10 22:30:43,487 [pool-118-thread-1] INFO  server.RaftServer$Division (RaftServerImpl.java:<init>(195)) - 96536830-8d0b-4e92-a25b-57c10a9efae7: new RaftServerImpl for group-39E2D222A29F:[2aff4a56-46da-424c-8361-de221ca2b011|rpc:10.1.0.5:34299|dataStream:10.1.0.5:34343|priority:0|startupRole:FOLLOWER, 96536830-8d0b-4e92-a25b-57c10a9efae7|rpc:10.1.0.5:32803|dataStream:10.1.0.5:33431|priority:0|startupRole:FOLLOWER, dc196179-b1e0-4b48-bee9-7be9d5f3af19|rpc:10.1.0.5:46641|dataStream:10.1.0.5:46507|priority:1|startupRole:FOLLOWER] with ContainerStateMachine:uninitialized
2023-03-10 22:30:43,488 [pool-118-thread-1] INFO  server.RaftServerConfigKeys (ConfUtils.java:logGet(46)) - raft.server.rpc.timeout.min = 5s (custom)
2023-03-10 22:30:43,488 [pool-118-thread-1] INFO  server.RaftServerConfigKeys (ConfUtils.java:logGet(46)) - raft.server.rpc.timeout.max = 5200ms (custom)
2023-03-10 22:30:43,488 [pool-118-thread-1] INFO  server.RaftServerConfigKeys (ConfUtils.java:logGet(46)) - raft.server.rpc.sleep.time = 25ms (default)
2023-03-10 22:30:43,488 [pool-118-thread-1] INFO  server.RaftServerConfigKeys (ConfUtils.java:logGet(46)) - raft.server.rpc.slowness.timeout = 300s (custom)
2023-03-10 22:30:43,488 [pool-118-thread-1] INFO  server.RaftServerConfigKeys (ConfUtils.java:logGet(46)) - raft.server.leaderelection.leader.step-down.wait-time = 10s (default)
2023-03-10 22:30:43,489 [pool-118-thread-1] INFO  server.RaftServerConfigKeys (ConfUtils.java:logGet(46)) - raft.server.sleep.deviation.threshold = 300ms (default)
2023-03-10 22:30:43,489 [pool-118-thread-1] INFO  server.RaftServer$Division (ServerState.java:<init>(118)) - 96536830-8d0b-4e92-a25b-57c10a9efae7@group-39E2D222A29F: ConfigurationManager, init=-1: peers:[2aff4a56-46da-424c-8361-de221ca2b011|rpc:10.1.0.5:34299|dataStream:10.1.0.5:34343|priority:0|startupRole:FOLLOWER, 96536830-8d0b-4e92-a25b-57c10a9efae7|rpc:10.1.0.5:32803|dataStream:10.1.0.5:33431|priority:0|startupRole:FOLLOWER, dc196179-b1e0-4b48-bee9-7be9d5f3af19|rpc:10.1.0.5:46641|dataStream:10.1.0.5:46507|priority:1|startupRole:FOLLOWER]|listeners:[], old=null, confs=<EMPTY_MAP>
2023-03-10 22:30:43,489 [pool-118-thread-1] INFO  server.RaftServerConfigKeys (ConfUtils.java:logGet(46)) - raft.server.storage.dir = [/home/runner/work/ozone/ozone/hadoop-ozone/integration-test/target/test-dir/MiniOzoneClusterImpl-7a8fa31f-7ad0-4349-83ec-1d9026649271/datanode-2/data/ratis] (custom)
2023-03-10 22:30:43,489 [pool-118-thread-1] INFO  server.RaftServerConfigKeys (ConfUtils.java:logGet(46)) - raft.server.log.corruption.policy = EXCEPTION (default)
2023-03-10 22:30:43,489 [pool-118-thread-1] INFO  server.RaftServerConfigKeys (ConfUtils.java:logGet(46)) - raft.server.storage.free-space.min = 0MB (=0) (default)
2023-03-10 22:30:43,489 [pool-118-thread-1] INFO  server.RaftServerConfigKeys (ConfUtils.java:logGet(46)) - raft.server.notification.no-leader.timeout = 300s (custom)
2023-03-10 22:30:43,490 [pool-118-thread-1] INFO  server.RaftServerConfigKeys (ConfUtils.java:logGet(46)) - raft.server.retrycache.expirytime = 600000ms (custom)
2023-03-10 22:30:43,490 [pool-118-thread-1] INFO  server.RaftServerConfigKeys (ConfUtils.java:logGet(46)) - raft.server.retrycache.statistics.expirytime = 100μs (default)
2023-03-10 22:30:43,493 [pool-118-thread-1] INFO  server.RaftServerConfigKeys (ConfUtils.java:logGet(46)) - raft.server.log.appender.install.snapshot.enabled = false (custom)
2023-03-10 22:30:43,493 [pool-118-thread-1] INFO  server.RaftServerConfigKeys (ConfUtils.java:logGet(46)) - raft.server.threadpool.server.cached = true (default)
2023-03-10 22:30:43,493 [pool-118-thread-1] INFO  server.RaftServerConfigKeys (ConfUtils.java:logGet(46)) - raft.server.threadpool.server.size = 0 (default)
2023-03-10 22:30:43,493 [pool-118-thread-1] INFO  server.RaftServerConfigKeys (ConfUtils.java:logGet(46)) - raft.server.threadpool.client.cached = true (default)
2023-03-10 22:30:43,493 [pool-118-thread-1] INFO  server.RaftServerConfigKeys (ConfUtils.java:logGet(46)) - raft.server.threadpool.client.size = 0 (default)
2023-03-10 22:30:43,493 [pool-118-thread-1] INFO  storage.RaftStorageDirectory (RaftStorageDirectoryImpl.java:analyzeStorage(137)) - The storage directory /home/runner/work/ozone/ozone/hadoop-ozone/integration-test/target/test-dir/MiniOzoneClusterImpl-7a8fa31f-7ad0-4349-83ec-1d9026649271/datanode-2/data/ratis/5176384d-8d3d-44ce-b103-39e2d222a29f does not exist. Creating ...
2023-03-10 22:30:43,496 [pool-118-thread-1] INFO  storage.RaftStorageDirectory (RaftStorageDirectoryImpl.java:tryLock(231)) - Lock on /home/runner/work/ozone/ozone/hadoop-ozone/integration-test/target/test-dir/MiniOzoneClusterImpl-7a8fa31f-7ad0-4349-83ec-1d9026649271/datanode-2/data/ratis/5176384d-8d3d-44ce-b103-39e2d222a29f/in_use.lock acquired by nodename 2378@fv-az259-306
2023-03-10 22:30:43,498 [pool-118-thread-1] INFO  storage.RaftStorage (RaftStorageImpl.java:format(96)) - Storage directory /home/runner/work/ozone/ozone/hadoop-ozone/integration-test/target/test-dir/MiniOzoneClusterImpl-7a8fa31f-7ad0-4349-83ec-1d9026649271/datanode-2/data/ratis/5176384d-8d3d-44ce-b103-39e2d222a29f has been successfully formatted.
2023-03-10 22:30:43,502 [pool-118-thread-1] INFO  ratis.ContainerStateMachine (ContainerStateMachine.java:loadSnapshot(262)) - group-39E2D222A29F: The snapshot info is null. Setting the last applied indexto:(t:0, i:~)
2023-03-10 22:30:43,502 [pool-118-thread-1] INFO  server.RaftServerConfigKeys (ConfUtils.java:logGet(46)) - raft.server.log.use.memory = false (default)
2023-03-10 22:30:43,502 [pool-118-thread-1] INFO  server.RaftServerConfigKeys (ConfUtils.java:logGet(46)) - raft.server.log.purge.gap = 1000000 (custom)
2023-03-10 22:30:43,505 [pool-118-thread-1] INFO  server.RaftServerConfigKeys (ConfUtils.java:logGet(46)) - raft.server.log.appender.buffer.byte-limit = 33554432 (custom)
2023-03-10 22:30:43,505 [pool-118-thread-1] INFO  server.RaftServerConfigKeys (ConfUtils.java:logGet(46)) - raft.server.log.statemachine.data.read.timeout = 1000ms (default)
2023-03-10 22:30:43,505 [pool-118-thread-1] INFO  server.RaftServerConfigKeys (ConfUtils.java:logGet(46)) - raft.server.log.purge.preservation.log.num = 0 (default)
2023-03-10 22:30:43,505 [pool-118-thread-1] INFO  server.RaftServerConfigKeys (ConfUtils.java:logGet(46)) - raft.server.log.segment.size.max = 1048576 (custom)
2023-03-10 22:30:43,506 [pool-118-thread-1] INFO  server.RaftServerConfigKeys (ConfUtils.java:logGet(46)) - raft.server.log.segment.cache.num.max = 2 (custom)
2023-03-10 22:30:43,506 [pool-118-thread-1] INFO  server.RaftServerConfigKeys (ConfUtils.java:logGet(46)) - raft.server.log.segment.cache.size.max = 200MB (=209715200) (default)
2023-03-10 22:30:43,506 [pool-118-thread-1] INFO  segmented.SegmentedRaftLogWorker (SegmentedRaftLogWorker.java:<init>(189)) - new 96536830-8d0b-4e92-a25b-57c10a9efae7@group-39E2D222A29F-SegmentedRaftLogWorker for RaftStorageImpl:Storage Directory /home/runner/work/ozone/ozone/hadoop-ozone/integration-test/target/test-dir/MiniOzoneClusterImpl-7a8fa31f-7ad0-4349-83ec-1d9026649271/datanode-2/data/ratis/5176384d-8d3d-44ce-b103-39e2d222a29f
2023-03-10 22:30:43,507 [pool-118-thread-1] INFO  server.RaftServerConfigKeys (ConfUtils.java:logGet(46)) - raft.server.log.queue.byte-limit = 4294967296 (custom)
2023-03-10 22:30:43,507 [pool-118-thread-1] INFO  server.RaftServerConfigKeys (ConfUtils.java:logGet(46)) - raft.server.log.queue.element-limit = 1024 (custom)
2023-03-10 22:30:43,507 [pool-118-thread-1] INFO  server.RaftServerConfigKeys (ConfUtils.java:logGet(46)) - raft.server.log.segment.size.max = 1048576 (custom)
2023-03-10 22:30:43,507 [pool-118-thread-1] INFO  server.RaftServerConfigKeys (ConfUtils.java:logGet(46)) - raft.server.log.preallocated.size = 16384 (custom)
2023-03-10 22:30:43,507 [pool-118-thread-1] INFO  server.RaftServerConfigKeys (ConfUtils.java:logGet(46)) - raft.server.log.force.sync.num = 128 (default)
2023-03-10 22:30:43,507 [pool-118-thread-1] INFO  server.RaftServerConfigKeys (ConfUtils.java:logGet(46)) - raft.server.log.statemachine.data.sync = true (default)
2023-03-10 22:30:43,507 [pool-118-thread-1] INFO  server.RaftServerConfigKeys (ConfUtils.java:logGet(46)) - raft.server.log.statemachine.data.sync.timeout = 10s (default)
2023-03-10 22:30:43,507 [pool-118-thread-1] INFO  server.RaftServerConfigKeys (ConfUtils.java:logGet(46)) - raft.server.log.statemachine.data.sync.timeout.retry = -1 (default)
2023-03-10 22:30:43,513 [pool-118-thread-1] INFO  server.RaftServerConfigKeys (ConfUtils.java:logGet(46)) - raft.server.log.write.buffer.size = 1048576 (custom)
2023-03-10 22:30:43,513 [pool-118-thread-1] INFO  server.RaftServerConfigKeys (ConfUtils.java:logGet(46)) - raft.server.log.appender.buffer.byte-limit = 33554432 (custom)
2023-03-10 22:30:43,522 [pool-118-thread-1] INFO  server.RaftServerConfigKeys (ConfUtils.java:logGet(46)) - raft.server.log.unsafe-flush.enabled = false (default)
2023-03-10 22:30:43,523 [pool-118-thread-1] INFO  server.RaftServerConfigKeys (ConfUtils.java:logGet(46)) - raft.server.log.async-flush.enabled = false (default)
2023-03-10 22:30:43,523 [pool-118-thread-1] INFO  server.RaftServerConfigKeys (ConfUtils.java:logGet(46)) - raft.server.log.statemachine.data.caching.enabled = true (custom)
2023-03-10 22:30:43,523 [pool-118-thread-1] INFO  segmented.SegmentedRaftLogWorker (SegmentedRaftLogWorker.java:lambda$new$0(135)) - 96536830-8d0b-4e92-a25b-57c10a9efae7@group-39E2D222A29F-SegmentedRaftLogWorker: flushIndex: setUnconditionally 0 -> -1
2023-03-10 22:30:43,523 [pool-118-thread-1] INFO  segmented.SegmentedRaftLogWorker (SegmentedRaftLogWorker.java:lambda$new$0(135)) - 96536830-8d0b-4e92-a25b-57c10a9efae7@group-39E2D222A29F-SegmentedRaftLogWorker: safeCacheEvictIndex: setUnconditionally 0 -> -1
2023-03-10 22:30:43,526 [pool-118-thread-1] INFO  server.RaftServer$Division (RaftServerImpl.java:start(334)) - 96536830-8d0b-4e92-a25b-57c10a9efae7@group-39E2D222A29F: start as a follower, conf=-1: peers:[2aff4a56-46da-424c-8361-de221ca2b011|rpc:10.1.0.5:34299|dataStream:10.1.0.5:34343|priority:0|startupRole:FOLLOWER, 96536830-8d0b-4e92-a25b-57c10a9efae7|rpc:10.1.0.5:32803|dataStream:10.1.0.5:33431|priority:0|startupRole:FOLLOWER, dc196179-b1e0-4b48-bee9-7be9d5f3af19|rpc:10.1.0.5:46641|dataStream:10.1.0.5:46507|priority:1|startupRole:FOLLOWER]|listeners:[], old=null
2023-03-10 22:30:43,527 [pool-118-thread-1] INFO  server.RaftServer$Division (RaftServerImpl.java:setRole(321)) - 96536830-8d0b-4e92-a25b-57c10a9efae7@group-39E2D222A29F: changes role from      null to FOLLOWER at term 0 for startAsFollower
2023-03-10 22:30:43,527 [pool-118-thread-1] INFO  impl.RoleInfo (RoleInfo.java:updateAndGet(139)) - 96536830-8d0b-4e92-a25b-57c10a9efae7: start 96536830-8d0b-4e92-a25b-57c10a9efae7@group-39E2D222A29F-FollowerState
2023-03-10 22:30:43,527 [pool-118-thread-1] INFO  util.JmxRegister (JmxRegister.java:tryRegister(44)) - Successfully registered JMX Bean with object name Ratis:service=RaftServer,group=group-39E2D222A29F,id=96536830-8d0b-4e92-a25b-57c10a9efae7
2023-03-10 22:30:43,528 [pool-118-thread-1] INFO  server.RaftServerConfigKeys (ConfUtils.java:logGet(46)) - raft.server.snapshot.auto.trigger.enabled = true (custom)
2023-03-10 22:30:43,528 [pool-118-thread-1] INFO  server.RaftServerConfigKeys (ConfUtils.java:logGet(46)) - raft.server.snapshot.auto.trigger.threshold = 10000 (custom)
2023-03-10 22:30:43,528 [pool-118-thread-1] INFO  server.RaftServerConfigKeys (ConfUtils.java:logGet(46)) - raft.server.snapshot.retention.file.num = 5 (custom)
2023-03-10 22:30:43,528 [pool-118-thread-1] INFO  server.RaftServerConfigKeys (ConfUtils.java:logGet(46)) - raft.server.log.purge.upto.snapshot.index = false (default)
2023-03-10 22:30:43,539 [96536830-8d0b-4e92-a25b-57c10a9efae7@group-39E2D222A29F-FollowerState] INFO  server.RaftServerConfigKeys (ConfUtils.java:logFallback(53)) - raft.server.rpc.first-election.timeout.min = 5s (fallback to raft.server.rpc.timeout.min)
2023-03-10 22:30:43,543 [96536830-8d0b-4e92-a25b-57c10a9efae7@group-39E2D222A29F-FollowerState] INFO  server.RaftServerConfigKeys (ConfUtils.java:logFallback(53)) - raft.server.rpc.first-election.timeout.max = 5200ms (fallback to raft.server.rpc.timeout.max)
2023-03-10 22:30:43,594 [Command processor thread] INFO  server.RaftServer (RaftServerProxy.java:addNew(96)) - dc196179-b1e0-4b48-bee9-7be9d5f3af19: addNew group-266884832DCE:[dc196179-b1e0-4b48-bee9-7be9d5f3af19|rpc:10.1.0.5:46641|dataStream:10.1.0.5:46507|priority:1|startupRole:FOLLOWER] returns group-266884832DCE:java.util.concurrent.CompletableFuture@57c78680[Not completed]
2023-03-10 22:30:43,595 [pool-96-thread-1] INFO  server.RaftServer$Division (RaftServerImpl.java:<init>(195)) - dc196179-b1e0-4b48-bee9-7be9d5f3af19: new RaftServerImpl for group-266884832DCE:[dc196179-b1e0-4b48-bee9-7be9d5f3af19|rpc:10.1.0.5:46641|dataStream:10.1.0.5:46507|priority:1|startupRole:FOLLOWER] with ContainerStateMachine:uninitialized
2023-03-10 22:30:43,595 [pool-96-thread-1] INFO  server.RaftServerConfigKeys (ConfUtils.java:logGet(46)) - raft.server.rpc.timeout.min = 5s (custom)
2023-03-10 22:30:43,595 [pool-96-thread-1] INFO  server.RaftServerConfigKeys (ConfUtils.java:logGet(46)) - raft.server.rpc.timeout.max = 5200ms (custom)
2023-03-10 22:30:43,595 [pool-96-thread-1] INFO  server.RaftServerConfigKeys (ConfUtils.java:logGet(46)) - raft.server.rpc.sleep.time = 25ms (default)
2023-03-10 22:30:43,595 [pool-96-thread-1] INFO  server.RaftServerConfigKeys (ConfUtils.java:logGet(46)) - raft.server.rpc.slowness.timeout = 300s (custom)
2023-03-10 22:30:43,595 [pool-96-thread-1] INFO  server.RaftServerConfigKeys (ConfUtils.java:logGet(46)) - raft.server.leaderelection.leader.step-down.wait-time = 10s (default)
2023-03-10 22:30:43,595 [pool-96-thread-1] INFO  server.RaftServerConfigKeys (ConfUtils.java:logGet(46)) - raft.server.sleep.deviation.threshold = 300ms (default)
2023-03-10 22:30:43,595 [pool-96-thread-1] INFO  server.RaftServer$Division (ServerState.java:<init>(118)) - dc196179-b1e0-4b48-bee9-7be9d5f3af19@group-266884832DCE: ConfigurationManager, init=-1: peers:[dc196179-b1e0-4b48-bee9-7be9d5f3af19|rpc:10.1.0.5:46641|dataStream:10.1.0.5:46507|priority:1|startupRole:FOLLOWER]|listeners:[], old=null, confs=<EMPTY_MAP>
2023-03-10 22:30:43,595 [pool-96-thread-1] INFO  server.RaftServerConfigKeys (ConfUtils.java:logGet(46)) - raft.server.storage.dir = [/home/runner/work/ozone/ozone/hadoop-ozone/integration-test/target/test-dir/MiniOzoneClusterImpl-7a8fa31f-7ad0-4349-83ec-1d9026649271/datanode-1/data/ratis] (custom)
2023-03-10 22:30:43,595 [pool-96-thread-1] INFO  server.RaftServerConfigKeys (ConfUtils.java:logGet(46)) - raft.server.log.corruption.policy = EXCEPTION (default)
2023-03-10 22:30:43,595 [pool-96-thread-1] INFO  server.RaftServerConfigKeys (ConfUtils.java:logGet(46)) - raft.server.storage.free-space.min = 0MB (=0) (default)
2023-03-10 22:30:43,596 [pool-96-thread-1] INFO  server.RaftServerConfigKeys (ConfUtils.java:logGet(46)) - raft.server.notification.no-leader.timeout = 300s (custom)
2023-03-10 22:30:43,596 [pool-96-thread-1] INFO  server.RaftServerConfigKeys (ConfUtils.java:logGet(46)) - raft.server.retrycache.expirytime = 600000ms (custom)
2023-03-10 22:30:43,596 [pool-96-thread-1] INFO  server.RaftServerConfigKeys (ConfUtils.java:logGet(46)) - raft.server.retrycache.statistics.expirytime = 100μs (default)
2023-03-10 22:30:43,597 [pool-96-thread-1] INFO  server.RaftServerConfigKeys (ConfUtils.java:logGet(46)) - raft.server.log.appender.install.snapshot.enabled = false (custom)
2023-03-10 22:30:43,597 [pool-96-thread-1] INFO  server.RaftServerConfigKeys (ConfUtils.java:logGet(46)) - raft.server.threadpool.server.cached = true (default)
2023-03-10 22:30:43,597 [pool-96-thread-1] INFO  server.RaftServerConfigKeys (ConfUtils.java:logGet(46)) - raft.server.threadpool.server.size = 0 (default)
2023-03-10 22:30:43,597 [pool-96-thread-1] INFO  server.RaftServerConfigKeys (ConfUtils.java:logGet(46)) - raft.server.threadpool.client.cached = true (default)
2023-03-10 22:30:43,597 [pool-96-thread-1] INFO  server.RaftServerConfigKeys (ConfUtils.java:logGet(46)) - raft.server.threadpool.client.size = 0 (default)
2023-03-10 22:30:43,597 [pool-96-thread-1] INFO  storage.RaftStorageDirectory (RaftStorageDirectoryImpl.java:analyzeStorage(137)) - The storage directory /home/runner/work/ozone/ozone/hadoop-ozone/integration-test/target/test-dir/MiniOzoneClusterImpl-7a8fa31f-7ad0-4349-83ec-1d9026649271/datanode-1/data/ratis/29affc38-f4bc-4dab-be29-266884832dce does not exist. Creating ...
2023-03-10 22:30:43,599 [pool-96-thread-1] INFO  storage.RaftStorageDirectory (RaftStorageDirectoryImpl.java:tryLock(231)) - Lock on /home/runner/work/ozone/ozone/hadoop-ozone/integration-test/target/test-dir/MiniOzoneClusterImpl-7a8fa31f-7ad0-4349-83ec-1d9026649271/datanode-1/data/ratis/29affc38-f4bc-4dab-be29-266884832dce/in_use.lock acquired by nodename 2378@fv-az259-306
2023-03-10 22:30:43,601 [pool-96-thread-1] INFO  storage.RaftStorage (RaftStorageImpl.java:format(96)) - Storage directory /home/runner/work/ozone/ozone/hadoop-ozone/integration-test/target/test-dir/MiniOzoneClusterImpl-7a8fa31f-7ad0-4349-83ec-1d9026649271/datanode-1/data/ratis/29affc38-f4bc-4dab-be29-266884832dce has been successfully formatted.
2023-03-10 22:30:43,604 [pool-96-thread-1] INFO  ratis.ContainerStateMachine (ContainerStateMachine.java:loadSnapshot(262)) - group-266884832DCE: The snapshot info is null. Setting the last applied indexto:(t:0, i:~)
2023-03-10 22:30:43,604 [pool-96-thread-1] INFO  server.RaftServerConfigKeys (ConfUtils.java:logGet(46)) - raft.server.log.use.memory = false (default)
2023-03-10 22:30:43,608 [EventQueue-PipelineReportForPipelineReportHandler] INFO  pipeline.PipelineManagerImpl (PipelineManagerImpl.java:openPipeline(367)) - Pipeline Pipeline[ Id: 29affc38-f4bc-4dab-be29-266884832dce, Nodes: dc196179-b1e0-4b48-bee9-7be9d5f3af19(fv-az259-306.nxnqhby4qkoexpon2s1bx5vqxg.dx.internal.cloudapp.net/10.1.0.5), ReplicationConfig: RATIS/ONE, State:ALLOCATED, leaderId:dc196179-b1e0-4b48-bee9-7be9d5f3af19, CreationTimestamp2023-03-10T22:30:40.594Z[Etc/UTC]] moved to OPEN state
2023-03-10 22:30:43,608 [pool-96-thread-1] INFO  server.RaftServerConfigKeys (ConfUtils.java:logGet(46)) - raft.server.log.purge.gap = 1000000 (custom)
2023-03-10 22:30:43,608 [pool-96-thread-1] INFO  server.RaftServerConfigKeys (ConfUtils.java:logGet(46)) - raft.server.log.appender.buffer.byte-limit = 33554432 (custom)
2023-03-10 22:30:43,608 [pool-96-thread-1] INFO  server.RaftServerConfigKeys (ConfUtils.java:logGet(46)) - raft.server.log.statemachine.data.read.timeout = 1000ms (default)
2023-03-10 22:30:43,608 [pool-96-thread-1] INFO  server.RaftServerConfigKeys (ConfUtils.java:logGet(46)) - raft.server.log.purge.preservation.log.num = 0 (default)
2023-03-10 22:30:43,608 [EventQueue-OpenPipelineForHealthyPipelineSafeModeRule] INFO  safemode.SCMSafeModeManager (HealthyPipelineSafeModeRule.java:process(137)) - SCM in safe mode. Healthy pipelines reported count is 0, required healthy pipeline reported count is 1
2023-03-10 22:30:43,608 [pool-96-thread-1] INFO  server.RaftServerConfigKeys (ConfUtils.java:logGet(46)) - raft.server.log.segment.size.max = 1048576 (custom)
2023-03-10 22:30:43,613 [pool-96-thread-1] INFO  server.RaftServerConfigKeys (ConfUtils.java:logGet(46)) - raft.server.log.segment.cache.num.max = 2 (custom)
2023-03-10 22:30:43,613 [pool-96-thread-1] INFO  server.RaftServerConfigKeys (ConfUtils.java:logGet(46)) - raft.server.log.segment.cache.size.max = 200MB (=209715200) (default)
2023-03-10 22:30:43,613 [pool-96-thread-1] INFO  segmented.SegmentedRaftLogWorker (SegmentedRaftLogWorker.java:<init>(189)) - new dc196179-b1e0-4b48-bee9-7be9d5f3af19@group-266884832DCE-SegmentedRaftLogWorker for RaftStorageImpl:Storage Directory /home/runner/work/ozone/ozone/hadoop-ozone/integration-test/target/test-dir/MiniOzoneClusterImpl-7a8fa31f-7ad0-4349-83ec-1d9026649271/datanode-1/data/ratis/29affc38-f4bc-4dab-be29-266884832dce
2023-03-10 22:30:43,613 [pool-96-thread-1] INFO  server.RaftServerConfigKeys (ConfUtils.java:logGet(46)) - raft.server.log.queue.byte-limit = 4294967296 (custom)
2023-03-10 22:30:43,613 [pool-96-thread-1] INFO  server.RaftServerConfigKeys (ConfUtils.java:logGet(46)) - raft.server.log.queue.element-limit = 1024 (custom)
2023-03-10 22:30:43,613 [pool-96-thread-1] INFO  server.RaftServerConfigKeys (ConfUtils.java:logGet(46)) - raft.server.log.segment.size.max = 1048576 (custom)
2023-03-10 22:30:43,613 [grpc-default-executor-0] INFO  server.RaftServer (RaftServerProxy.java:addNew(96)) - dc196179-b1e0-4b48-bee9-7be9d5f3af19: addNew group-39E2D222A29F:[2aff4a56-46da-424c-8361-de221ca2b011|rpc:10.1.0.5:34299|dataStream:10.1.0.5:34343|priority:0|startupRole:FOLLOWER, 96536830-8d0b-4e92-a25b-57c10a9efae7|rpc:10.1.0.5:32803|dataStream:10.1.0.5:33431|priority:0|startupRole:FOLLOWER, dc196179-b1e0-4b48-bee9-7be9d5f3af19|rpc:10.1.0.5:46641|dataStream:10.1.0.5:46507|priority:1|startupRole:FOLLOWER] returns group-39E2D222A29F:java.util.concurrent.CompletableFuture@571dc905[Not completed]
2023-03-10 22:30:43,613 [pool-96-thread-1] INFO  server.RaftServerConfigKeys (ConfUtils.java:logGet(46)) - raft.server.log.preallocated.size = 16384 (custom)
2023-03-10 22:30:43,615 [pool-96-thread-1] INFO  server.RaftServerConfigKeys (ConfUtils.java:logGet(46)) - raft.server.log.force.sync.num = 128 (default)
2023-03-10 22:30:43,615 [pool-96-thread-1] INFO  server.RaftServerConfigKeys (ConfUtils.java:logGet(46)) - raft.server.log.statemachine.data.sync = true (default)
2023-03-10 22:30:43,615 [pool-96-thread-1] INFO  server.RaftServerConfigKeys (ConfUtils.java:logGet(46)) - raft.server.log.statemachine.data.sync.timeout = 10s (default)
2023-03-10 22:30:43,615 [pool-96-thread-1] INFO  server.RaftServerConfigKeys (ConfUtils.java:logGet(46)) - raft.server.log.statemachine.data.sync.timeout.retry = -1 (default)
2023-03-10 22:30:43,616 [pool-96-thread-1] INFO  server.RaftServerConfigKeys (ConfUtils.java:logGet(46)) - raft.server.log.write.buffer.size = 1048576 (custom)
2023-03-10 22:30:43,617 [pool-96-thread-1] INFO  server.RaftServerConfigKeys (ConfUtils.java:logGet(46)) - raft.server.log.appender.buffer.byte-limit = 33554432 (custom)
2023-03-10 22:30:43,626 [pool-96-thread-1] INFO  server.RaftServerConfigKeys (ConfUtils.java:logGet(46)) - raft.server.log.unsafe-flush.enabled = false (default)
2023-03-10 22:30:43,626 [pool-96-thread-1] INFO  server.RaftServerConfigKeys (ConfUtils.java:logGet(46)) - raft.server.log.async-flush.enabled = false (default)
2023-03-10 22:30:43,626 [pool-96-thread-1] INFO  server.RaftServerConfigKeys (ConfUtils.java:logGet(46)) - raft.server.log.statemachine.data.caching.enabled = true (custom)
2023-03-10 22:30:43,627 [pool-96-thread-1] INFO  segmented.SegmentedRaftLogWorker (SegmentedRaftLogWorker.java:lambda$new$0(135)) - dc196179-b1e0-4b48-bee9-7be9d5f3af19@group-266884832DCE-SegmentedRaftLogWorker: flushIndex: setUnconditionally 0 -> -1
2023-03-10 22:30:43,627 [pool-96-thread-1] INFO  segmented.SegmentedRaftLogWorker (SegmentedRaftLogWorker.java:lambda$new$0(135)) - dc196179-b1e0-4b48-bee9-7be9d5f3af19@group-266884832DCE-SegmentedRaftLogWorker: safeCacheEvictIndex: setUnconditionally 0 -> -1
2023-03-10 22:30:43,627 [pool-96-thread-1] INFO  server.RaftServer$Division (RaftServerImpl.java:start(334)) - dc196179-b1e0-4b48-bee9-7be9d5f3af19@group-266884832DCE: start as a follower, conf=-1: peers:[dc196179-b1e0-4b48-bee9-7be9d5f3af19|rpc:10.1.0.5:46641|dataStream:10.1.0.5:46507|priority:1|startupRole:FOLLOWER]|listeners:[], old=null
2023-03-10 22:30:43,627 [pool-96-thread-1] INFO  server.RaftServer$Division (RaftServerImpl.java:setRole(321)) - dc196179-b1e0-4b48-bee9-7be9d5f3af19@group-266884832DCE: changes role from      null to FOLLOWER at term 0 for startAsFollower
2023-03-10 22:30:43,627 [pool-96-thread-1] INFO  impl.RoleInfo (RoleInfo.java:updateAndGet(139)) - dc196179-b1e0-4b48-bee9-7be9d5f3af19: start dc196179-b1e0-4b48-bee9-7be9d5f3af19@group-266884832DCE-FollowerState
2023-03-10 22:30:43,628 [dc196179-b1e0-4b48-bee9-7be9d5f3af19@group-266884832DCE-FollowerState] INFO  server.RaftServerConfigKeys (ConfUtils.java:logFallback(53)) - raft.server.rpc.first-election.timeout.min = 5s (fallback to raft.server.rpc.timeout.min)
2023-03-10 22:30:43,628 [pool-96-thread-1] INFO  util.JmxRegister (JmxRegister.java:tryRegister(44)) - Successfully registered JMX Bean with object name Ratis:service=RaftServer,group=group-266884832DCE,id=dc196179-b1e0-4b48-bee9-7be9d5f3af19
2023-03-10 22:30:43,628 [dc196179-b1e0-4b48-bee9-7be9d5f3af19@group-266884832DCE-FollowerState] INFO  server.RaftServerConfigKeys (ConfUtils.java:logFallback(53)) - raft.server.rpc.first-election.timeout.max = 5200ms (fallback to raft.server.rpc.timeout.max)
2023-03-10 22:30:43,628 [pool-96-thread-1] INFO  server.RaftServerConfigKeys (ConfUtils.java:logGet(46)) - raft.server.snapshot.auto.trigger.enabled = true (custom)
2023-03-10 22:30:43,628 [pool-96-thread-1] INFO  server.RaftServerConfigKeys (ConfUtils.java:logGet(46)) - raft.server.snapshot.auto.trigger.threshold = 10000 (custom)
2023-03-10 22:30:43,628 [pool-96-thread-1] INFO  server.RaftServerConfigKeys (ConfUtils.java:logGet(46)) - raft.server.snapshot.retention.file.num = 5 (custom)
2023-03-10 22:30:43,628 [pool-96-thread-1] INFO  server.RaftServerConfigKeys (ConfUtils.java:logGet(46)) - raft.server.log.purge.upto.snapshot.index = false (default)
2023-03-10 22:30:43,630 [Command processor thread] INFO  ratis.XceiverServerRatis (XceiverServerRatis.java:addGroup(807)) - Created group PipelineID=29affc38-f4bc-4dab-be29-266884832dce
2023-03-10 22:30:43,631 [Command processor thread] INFO  commandhandler.CreatePipelineCommandHandler (CreatePipelineCommandHandler.java:handle(113)) - Created Pipeline RATIS ONE PipelineID=29affc38-f4bc-4dab-be29-266884832dce.
2023-03-10 22:30:43,631 [Command processor thread] INFO  server.RaftServer (RaftServerProxy.java:addNew(96)) - dc196179-b1e0-4b48-bee9-7be9d5f3af19: addNew group-D4BC1A2AD251:[2aff4a56-46da-424c-8361-de221ca2b011|rpc:10.1.0.5:34299|dataStream:10.1.0.5:34343|priority:0|startupRole:FOLLOWER, 96536830-8d0b-4e92-a25b-57c10a9efae7|rpc:10.1.0.5:32803|dataStream:10.1.0.5:33431|priority:1|startupRole:FOLLOWER, dc196179-b1e0-4b48-bee9-7be9d5f3af19|rpc:10.1.0.5:46641|dataStream:10.1.0.5:46507|priority:0|startupRole:FOLLOWER] returns group-D4BC1A2AD251:java.util.concurrent.CompletableFuture@53f808a0[Not completed]
2023-03-10 22:30:43,632 [pool-96-thread-1] INFO  server.RaftServer$Division (RaftServerImpl.java:<init>(195)) - dc196179-b1e0-4b48-bee9-7be9d5f3af19: new RaftServerImpl for group-39E2D222A29F:[2aff4a56-46da-424c-8361-de221ca2b011|rpc:10.1.0.5:34299|dataStream:10.1.0.5:34343|priority:0|startupRole:FOLLOWER, 96536830-8d0b-4e92-a25b-57c10a9efae7|rpc:10.1.0.5:32803|dataStream:10.1.0.5:33431|priority:0|startupRole:FOLLOWER, dc196179-b1e0-4b48-bee9-7be9d5f3af19|rpc:10.1.0.5:46641|dataStream:10.1.0.5:46507|priority:1|startupRole:FOLLOWER] with ContainerStateMachine:uninitialized
2023-03-10 22:30:43,632 [pool-96-thread-1] INFO  server.RaftServerConfigKeys (ConfUtils.java:logGet(46)) - raft.server.rpc.timeout.min = 5s (custom)
2023-03-10 22:30:43,632 [pool-96-thread-1] INFO  server.RaftServerConfigKeys (ConfUtils.java:logGet(46)) - raft.server.rpc.timeout.max = 5200ms (custom)
2023-03-10 22:30:43,632 [pool-96-thread-1] INFO  server.RaftServerConfigKeys (ConfUtils.java:logGet(46)) - raft.server.rpc.sleep.time = 25ms (default)
2023-03-10 22:30:43,632 [pool-96-thread-1] INFO  server.RaftServerConfigKeys (ConfUtils.java:logGet(46)) - raft.server.rpc.slowness.timeout = 300s (custom)
2023-03-10 22:30:43,633 [pool-96-thread-1] INFO  server.RaftServerConfigKeys (ConfUtils.java:logGet(46)) - raft.server.leaderelection.leader.step-down.wait-time = 10s (default)
2023-03-10 22:30:43,633 [pool-96-thread-1] INFO  server.RaftServerConfigKeys (ConfUtils.java:logGet(46)) - raft.server.sleep.deviation.threshold = 300ms (default)
2023-03-10 22:30:43,633 [pool-96-thread-1] INFO  server.RaftServer$Division (ServerState.java:<init>(118)) - dc196179-b1e0-4b48-bee9-7be9d5f3af19@group-39E2D222A29F: ConfigurationManager, init=-1: peers:[2aff4a56-46da-424c-8361-de221ca2b011|rpc:10.1.0.5:34299|dataStream:10.1.0.5:34343|priority:0|startupRole:FOLLOWER, 96536830-8d0b-4e92-a25b-57c10a9efae7|rpc:10.1.0.5:32803|dataStream:10.1.0.5:33431|priority:0|startupRole:FOLLOWER, dc196179-b1e0-4b48-bee9-7be9d5f3af19|rpc:10.1.0.5:46641|dataStream:10.1.0.5:46507|priority:1|startupRole:FOLLOWER]|listeners:[], old=null, confs=<EMPTY_MAP>
2023-03-10 22:30:43,633 [pool-96-thread-1] INFO  server.RaftServerConfigKeys (ConfUtils.java:logGet(46)) - raft.server.storage.dir = [/home/runner/work/ozone/ozone/hadoop-ozone/integration-test/target/test-dir/MiniOzoneClusterImpl-7a8fa31f-7ad0-4349-83ec-1d9026649271/datanode-1/data/ratis] (custom)
2023-03-10 22:30:43,633 [pool-96-thread-1] INFO  server.RaftServerConfigKeys (ConfUtils.java:logGet(46)) - raft.server.log.corruption.policy = EXCEPTION (default)
2023-03-10 22:30:43,633 [pool-96-thread-1] INFO  server.RaftServerConfigKeys (ConfUtils.java:logGet(46)) - raft.server.storage.free-space.min = 0MB (=0) (default)
2023-03-10 22:30:43,633 [pool-96-thread-1] INFO  server.RaftServerConfigKeys (ConfUtils.java:logGet(46)) - raft.server.notification.no-leader.timeout = 300s (custom)
2023-03-10 22:30:43,633 [pool-96-thread-1] INFO  server.RaftServerConfigKeys (ConfUtils.java:logGet(46)) - raft.server.retrycache.expirytime = 600000ms (custom)
2023-03-10 22:30:43,633 [pool-96-thread-1] INFO  server.RaftServerConfigKeys (ConfUtils.java:logGet(46)) - raft.server.retrycache.statistics.expirytime = 100μs (default)
2023-03-10 22:30:43,637 [pool-96-thread-1] INFO  server.RaftServerConfigKeys (ConfUtils.java:logGet(46)) - raft.server.log.appender.install.snapshot.enabled = false (custom)
2023-03-10 22:30:43,637 [pool-96-thread-1] INFO  server.RaftServerConfigKeys (ConfUtils.java:logGet(46)) - raft.server.threadpool.server.cached = true (default)
2023-03-10 22:30:43,637 [pool-96-thread-1] INFO  server.RaftServerConfigKeys (ConfUtils.java:logGet(46)) - raft.server.threadpool.server.size = 0 (default)
2023-03-10 22:30:43,637 [pool-96-thread-1] INFO  server.RaftServerConfigKeys (ConfUtils.java:logGet(46)) - raft.server.threadpool.client.cached = true (default)
2023-03-10 22:30:43,637 [pool-96-thread-1] INFO  server.RaftServerConfigKeys (ConfUtils.java:logGet(46)) - raft.server.threadpool.client.size = 0 (default)
2023-03-10 22:30:43,638 [pool-96-thread-1] INFO  server.RaftServer$Division (RaftServerImpl.java:<init>(195)) - dc196179-b1e0-4b48-bee9-7be9d5f3af19: new RaftServerImpl for group-D4BC1A2AD251:[2aff4a56-46da-424c-8361-de221ca2b011|rpc:10.1.0.5:34299|dataStream:10.1.0.5:34343|priority:0|startupRole:FOLLOWER, 96536830-8d0b-4e92-a25b-57c10a9efae7|rpc:10.1.0.5:32803|dataStream:10.1.0.5:33431|priority:1|startupRole:FOLLOWER, dc196179-b1e0-4b48-bee9-7be9d5f3af19|rpc:10.1.0.5:46641|dataStream:10.1.0.5:46507|priority:0|startupRole:FOLLOWER] with ContainerStateMachine:uninitialized
2023-03-10 22:30:43,639 [pool-96-thread-1] INFO  server.RaftServerConfigKeys (ConfUtils.java:logGet(46)) - raft.server.rpc.timeout.min = 5s (custom)
2023-03-10 22:30:43,639 [pool-96-thread-1] INFO  server.RaftServerConfigKeys (ConfUtils.java:logGet(46)) - raft.server.rpc.timeout.max = 5200ms (custom)
2023-03-10 22:30:43,639 [pool-96-thread-1] INFO  server.RaftServerConfigKeys (ConfUtils.java:logGet(46)) - raft.server.rpc.sleep.time = 25ms (default)
2023-03-10 22:30:43,639 [pool-96-thread-1] INFO  server.RaftServerConfigKeys (ConfUtils.java:logGet(46)) - raft.server.rpc.slowness.timeout = 300s (custom)
2023-03-10 22:30:43,639 [pool-96-thread-1] INFO  server.RaftServerConfigKeys (ConfUtils.java:logGet(46)) - raft.server.leaderelection.leader.step-down.wait-time = 10s (default)
2023-03-10 22:30:43,639 [pool-96-thread-1] INFO  server.RaftServerConfigKeys (ConfUtils.java:logGet(46)) - raft.server.sleep.deviation.threshold = 300ms (default)
2023-03-10 22:30:43,639 [pool-96-thread-1] INFO  server.RaftServer$Division (ServerState.java:<init>(118)) - dc196179-b1e0-4b48-bee9-7be9d5f3af19@group-D4BC1A2AD251: ConfigurationManager, init=-1: peers:[2aff4a56-46da-424c-8361-de221ca2b011|rpc:10.1.0.5:34299|dataStream:10.1.0.5:34343|priority:0|startupRole:FOLLOWER, 96536830-8d0b-4e92-a25b-57c10a9efae7|rpc:10.1.0.5:32803|dataStream:10.1.0.5:33431|priority:1|startupRole:FOLLOWER, dc196179-b1e0-4b48-bee9-7be9d5f3af19|rpc:10.1.0.5:46641|dataStream:10.1.0.5:46507|priority:0|startupRole:FOLLOWER]|listeners:[], old=null, confs=<EMPTY_MAP>
2023-03-10 22:30:43,639 [pool-96-thread-1] INFO  server.RaftServerConfigKeys (ConfUtils.java:logGet(46)) - raft.server.storage.dir = [/home/runner/work/ozone/ozone/hadoop-ozone/integration-test/target/test-dir/MiniOzoneClusterImpl-7a8fa31f-7ad0-4349-83ec-1d9026649271/datanode-1/data/ratis] (custom)
2023-03-10 22:30:43,639 [pool-96-thread-1] INFO  server.RaftServerConfigKeys (ConfUtils.java:logGet(46)) - raft.server.log.corruption.policy = EXCEPTION (default)
2023-03-10 22:30:43,639 [pool-96-thread-1] INFO  server.RaftServerConfigKeys (ConfUtils.java:logGet(46)) - raft.server.storage.free-space.min = 0MB (=0) (default)
2023-03-10 22:30:43,639 [pool-96-thread-1] INFO  server.RaftServerConfigKeys (ConfUtils.java:logGet(46)) - raft.server.notification.no-leader.timeout = 300s (custom)
2023-03-10 22:30:43,639 [pool-96-thread-1] INFO  server.RaftServerConfigKeys (ConfUtils.java:logGet(46)) - raft.server.retrycache.expirytime = 600000ms (custom)
2023-03-10 22:30:43,639 [pool-96-thread-1] INFO  server.RaftServerConfigKeys (ConfUtils.java:logGet(46)) - raft.server.retrycache.statistics.expirytime = 100μs (default)
2023-03-10 22:30:43,640 [pool-96-thread-1] INFO  server.RaftServerConfigKeys (ConfUtils.java:logGet(46)) - raft.server.log.appender.install.snapshot.enabled = false (custom)
2023-03-10 22:30:43,640 [pool-96-thread-1] INFO  server.RaftServerConfigKeys (ConfUtils.java:logGet(46)) - raft.server.threadpool.server.cached = true (default)
2023-03-10 22:30:43,640 [pool-96-thread-1] INFO  server.RaftServerConfigKeys (ConfUtils.java:logGet(46)) - raft.server.threadpool.server.size = 0 (default)
2023-03-10 22:30:43,640 [pool-96-thread-1] INFO  server.RaftServerConfigKeys (ConfUtils.java:logGet(46)) - raft.server.threadpool.client.cached = true (default)
2023-03-10 22:30:43,640 [pool-96-thread-1] INFO  server.RaftServerConfigKeys (ConfUtils.java:logGet(46)) - raft.server.threadpool.client.size = 0 (default)
2023-03-10 22:30:43,640 [pool-96-thread-1] INFO  storage.RaftStorageDirectory (RaftStorageDirectoryImpl.java:analyzeStorage(137)) - The storage directory /home/runner/work/ozone/ozone/hadoop-ozone/integration-test/target/test-dir/MiniOzoneClusterImpl-7a8fa31f-7ad0-4349-83ec-1d9026649271/datanode-1/data/ratis/5176384d-8d3d-44ce-b103-39e2d222a29f does not exist. Creating ...
2023-03-10 22:30:43,642 [pool-96-thread-1] INFO  storage.RaftStorageDirectory (RaftStorageDirectoryImpl.java:tryLock(231)) - Lock on /home/runner/work/ozone/ozone/hadoop-ozone/integration-test/target/test-dir/MiniOzoneClusterImpl-7a8fa31f-7ad0-4349-83ec-1d9026649271/datanode-1/data/ratis/5176384d-8d3d-44ce-b103-39e2d222a29f/in_use.lock acquired by nodename 2378@fv-az259-306
2023-03-10 22:30:43,643 [pool-96-thread-1] INFO  storage.RaftStorage (RaftStorageImpl.java:format(96)) - Storage directory /home/runner/work/ozone/ozone/hadoop-ozone/integration-test/target/test-dir/MiniOzoneClusterImpl-7a8fa31f-7ad0-4349-83ec-1d9026649271/datanode-1/data/ratis/5176384d-8d3d-44ce-b103-39e2d222a29f has been successfully formatted.
2023-03-10 22:30:43,644 [pool-96-thread-1] INFO  ratis.ContainerStateMachine (ContainerStateMachine.java:loadSnapshot(262)) - group-39E2D222A29F: The snapshot info is null. Setting the last applied indexto:(t:0, i:~)
2023-03-10 22:30:43,644 [pool-96-thread-1] INFO  server.RaftServerConfigKeys (ConfUtils.java:logGet(46)) - raft.server.log.use.memory = false (default)
2023-03-10 22:30:43,644 [pool-96-thread-1] INFO  server.RaftServerConfigKeys (ConfUtils.java:logGet(46)) - raft.server.log.purge.gap = 1000000 (custom)
2023-03-10 22:30:43,644 [pool-96-thread-1] INFO  server.RaftServerConfigKeys (ConfUtils.java:logGet(46)) - raft.server.log.appender.buffer.byte-limit = 33554432 (custom)
2023-03-10 22:30:43,644 [pool-96-thread-1] INFO  server.RaftServerConfigKeys (ConfUtils.java:logGet(46)) - raft.server.log.statemachine.data.read.timeout = 1000ms (default)
2023-03-10 22:30:43,644 [pool-96-thread-1] INFO  server.RaftServerConfigKeys (ConfUtils.java:logGet(46)) - raft.server.log.purge.preservation.log.num = 0 (default)
2023-03-10 22:30:43,644 [pool-96-thread-1] INFO  server.RaftServerConfigKeys (ConfUtils.java:logGet(46)) - raft.server.log.segment.size.max = 1048576 (custom)
2023-03-10 22:30:43,646 [EventQueue-OpenPipelineForHealthyPipelineSafeModeRule] INFO  safemode.SCMSafeModeManager (HealthyPipelineSafeModeRule.java:process(137)) - SCM in safe mode. Healthy pipelines reported count is 0, required healthy pipeline reported count is 1
2023-03-10 22:30:43,647 [pool-96-thread-1] INFO  server.RaftServerConfigKeys (ConfUtils.java:logGet(46)) - raft.server.log.segment.cache.num.max = 2 (custom)
2023-03-10 22:30:43,647 [pool-96-thread-1] INFO  server.RaftServerConfigKeys (ConfUtils.java:logGet(46)) - raft.server.log.segment.cache.size.max = 200MB (=209715200) (default)
2023-03-10 22:30:43,647 [pool-96-thread-1] INFO  segmented.SegmentedRaftLogWorker (SegmentedRaftLogWorker.java:<init>(189)) - new dc196179-b1e0-4b48-bee9-7be9d5f3af19@group-39E2D222A29F-SegmentedRaftLogWorker for RaftStorageImpl:Storage Directory /home/runner/work/ozone/ozone/hadoop-ozone/integration-test/target/test-dir/MiniOzoneClusterImpl-7a8fa31f-7ad0-4349-83ec-1d9026649271/datanode-1/data/ratis/5176384d-8d3d-44ce-b103-39e2d222a29f
2023-03-10 22:30:43,647 [pool-96-thread-1] INFO  server.RaftServerConfigKeys (ConfUtils.java:logGet(46)) - raft.server.log.queue.byte-limit = 4294967296 (custom)
2023-03-10 22:30:43,647 [pool-96-thread-1] INFO  server.RaftServerConfigKeys (ConfUtils.java:logGet(46)) - raft.server.log.queue.element-limit = 1024 (custom)
2023-03-10 22:30:43,647 [pool-96-thread-1] INFO  server.RaftServerConfigKeys (ConfUtils.java:logGet(46)) - raft.server.log.segment.size.max = 1048576 (custom)
2023-03-10 22:30:43,647 [pool-96-thread-1] INFO  server.RaftServerConfigKeys (ConfUtils.java:logGet(46)) - raft.server.log.preallocated.size = 16384 (custom)
2023-03-10 22:30:43,647 [pool-96-thread-1] INFO  server.RaftServerConfigKeys (ConfUtils.java:logGet(46)) - raft.server.log.force.sync.num = 128 (default)
2023-03-10 22:30:43,647 [pool-96-thread-1] INFO  server.RaftServerConfigKeys (ConfUtils.java:logGet(46)) - raft.server.log.statemachine.data.sync = true (default)
2023-03-10 22:30:43,647 [pool-96-thread-1] INFO  server.RaftServerConfigKeys (ConfUtils.java:logGet(46)) - raft.server.log.statemachine.data.sync.timeout = 10s (default)
2023-03-10 22:30:43,647 [pool-96-thread-1] INFO  server.RaftServerConfigKeys (ConfUtils.java:logGet(46)) - raft.server.log.statemachine.data.sync.timeout.retry = -1 (default)
2023-03-10 22:30:43,649 [pool-96-thread-1] INFO  server.RaftServerConfigKeys (ConfUtils.java:logGet(46)) - raft.server.log.write.buffer.size = 1048576 (custom)
2023-03-10 22:30:43,650 [pool-96-thread-1] INFO  server.RaftServerConfigKeys (ConfUtils.java:logGet(46)) - raft.server.log.appender.buffer.byte-limit = 33554432 (custom)
2023-03-10 22:30:43,656 [pool-96-thread-1] INFO  server.RaftServerConfigKeys (ConfUtils.java:logGet(46)) - raft.server.log.unsafe-flush.enabled = false (default)
2023-03-10 22:30:43,656 [pool-96-thread-1] INFO  server.RaftServerConfigKeys (ConfUtils.java:logGet(46)) - raft.server.log.async-flush.enabled = false (default)
2023-03-10 22:30:43,656 [pool-96-thread-1] INFO  server.RaftServerConfigKeys (ConfUtils.java:logGet(46)) - raft.server.log.statemachine.data.caching.enabled = true (custom)
2023-03-10 22:30:43,657 [pool-96-thread-1] INFO  segmented.SegmentedRaftLogWorker (SegmentedRaftLogWorker.java:lambda$new$0(135)) - dc196179-b1e0-4b48-bee9-7be9d5f3af19@group-39E2D222A29F-SegmentedRaftLogWorker: flushIndex: setUnconditionally 0 -> -1
2023-03-10 22:30:43,657 [pool-96-thread-1] INFO  segmented.SegmentedRaftLogWorker (SegmentedRaftLogWorker.java:lambda$new$0(135)) - dc196179-b1e0-4b48-bee9-7be9d5f3af19@group-39E2D222A29F-SegmentedRaftLogWorker: safeCacheEvictIndex: setUnconditionally 0 -> -1
2023-03-10 22:30:43,657 [pool-96-thread-1] INFO  server.RaftServer$Division (RaftServerImpl.java:start(334)) - dc196179-b1e0-4b48-bee9-7be9d5f3af19@group-39E2D222A29F: start as a follower, conf=-1: peers:[2aff4a56-46da-424c-8361-de221ca2b011|rpc:10.1.0.5:34299|dataStream:10.1.0.5:34343|priority:0|startupRole:FOLLOWER, 96536830-8d0b-4e92-a25b-57c10a9efae7|rpc:10.1.0.5:32803|dataStream:10.1.0.5:33431|priority:0|startupRole:FOLLOWER, dc196179-b1e0-4b48-bee9-7be9d5f3af19|rpc:10.1.0.5:46641|dataStream:10.1.0.5:46507|priority:1|startupRole:FOLLOWER]|listeners:[], old=null
2023-03-10 22:30:43,657 [pool-96-thread-1] INFO  server.RaftServer$Division (RaftServerImpl.java:setRole(321)) - dc196179-b1e0-4b48-bee9-7be9d5f3af19@group-39E2D222A29F: changes role from      null to FOLLOWER at term 0 for startAsFollower
2023-03-10 22:30:43,657 [pool-96-thread-1] INFO  impl.RoleInfo (RoleInfo.java:updateAndGet(139)) - dc196179-b1e0-4b48-bee9-7be9d5f3af19: start dc196179-b1e0-4b48-bee9-7be9d5f3af19@group-39E2D222A29F-FollowerState
2023-03-10 22:30:43,658 [pool-96-thread-1] INFO  util.JmxRegister (JmxRegister.java:tryRegister(44)) - Successfully registered JMX Bean with object name Ratis:service=RaftServer,group=group-39E2D222A29F,id=dc196179-b1e0-4b48-bee9-7be9d5f3af19
2023-03-10 22:30:43,658 [dc196179-b1e0-4b48-bee9-7be9d5f3af19@group-39E2D222A29F-FollowerState] INFO  server.RaftServerConfigKeys (ConfUtils.java:logFallback(53)) - raft.server.rpc.first-election.timeout.min = 5s (fallback to raft.server.rpc.timeout.min)
2023-03-10 22:30:43,658 [pool-96-thread-1] INFO  server.RaftServerConfigKeys (ConfUtils.java:logGet(46)) - raft.server.snapshot.auto.trigger.enabled = true (custom)
2023-03-10 22:30:43,658 [dc196179-b1e0-4b48-bee9-7be9d5f3af19@group-39E2D222A29F-FollowerState] INFO  server.RaftServerConfigKeys (ConfUtils.java:logFallback(53)) - raft.server.rpc.first-election.timeout.max = 5200ms (fallback to raft.server.rpc.timeout.max)
2023-03-10 22:30:43,658 [pool-96-thread-1] INFO  server.RaftServerConfigKeys (ConfUtils.java:logGet(46)) - raft.server.snapshot.auto.trigger.threshold = 10000 (custom)
2023-03-10 22:30:43,658 [pool-96-thread-1] INFO  server.RaftServerConfigKeys (ConfUtils.java:logGet(46)) - raft.server.snapshot.retention.file.num = 5 (custom)
2023-03-10 22:30:43,659 [pool-96-thread-1] INFO  server.RaftServerConfigKeys (ConfUtils.java:logGet(46)) - raft.server.log.purge.upto.snapshot.index = false (default)
2023-03-10 22:30:43,665 [pool-96-thread-1] INFO  storage.RaftStorageDirectory (RaftStorageDirectoryImpl.java:analyzeStorage(137)) - The storage directory /home/runner/work/ozone/ozone/hadoop-ozone/integration-test/target/test-dir/MiniOzoneClusterImpl-7a8fa31f-7ad0-4349-83ec-1d9026649271/datanode-1/data/ratis/f57b6358-3464-4523-a7b4-d4bc1a2ad251 does not exist. Creating ...
2023-03-10 22:30:43,667 [pool-96-thread-1] INFO  storage.RaftStorageDirectory (RaftStorageDirectoryImpl.java:tryLock(231)) - Lock on /home/runner/work/ozone/ozone/hadoop-ozone/integration-test/target/test-dir/MiniOzoneClusterImpl-7a8fa31f-7ad0-4349-83ec-1d9026649271/datanode-1/data/ratis/f57b6358-3464-4523-a7b4-d4bc1a2ad251/in_use.lock acquired by nodename 2378@fv-az259-306
2023-03-10 22:30:43,671 [pool-96-thread-1] INFO  storage.RaftStorage (RaftStorageImpl.java:format(96)) - Storage directory /home/runner/work/ozone/ozone/hadoop-ozone/integration-test/target/test-dir/MiniOzoneClusterImpl-7a8fa31f-7ad0-4349-83ec-1d9026649271/datanode-1/data/ratis/f57b6358-3464-4523-a7b4-d4bc1a2ad251 has been successfully formatted.
2023-03-10 22:30:43,671 [Command processor thread] INFO  commandhandler.CreatePipelineCommandHandler (CreatePipelineCommandHandler.java:handle(113)) - Created Pipeline RATIS THREE PipelineID=5176384d-8d3d-44ce-b103-39e2d222a29f.
2023-03-10 22:30:43,672 [pool-96-thread-1] INFO  ratis.ContainerStateMachine (ContainerStateMachine.java:loadSnapshot(262)) - group-D4BC1A2AD251: The snapshot info is null. Setting the last applied indexto:(t:0, i:~)
2023-03-10 22:30:43,672 [pool-96-thread-1] INFO  server.RaftServerConfigKeys (ConfUtils.java:logGet(46)) - raft.server.log.use.memory = false (default)
2023-03-10 22:30:43,672 [Command processor thread] INFO  server.RaftServer (RaftServerProxy.java:addNew(96)) - 2aff4a56-46da-424c-8361-de221ca2b011: addNew group-D4BC1A2AD251:[2aff4a56-46da-424c-8361-de221ca2b011|rpc:10.1.0.5:34299|dataStream:10.1.0.5:34343|priority:0|startupRole:FOLLOWER, 96536830-8d0b-4e92-a25b-57c10a9efae7|rpc:10.1.0.5:32803|dataStream:10.1.0.5:33431|priority:1|startupRole:FOLLOWER, dc196179-b1e0-4b48-bee9-7be9d5f3af19|rpc:10.1.0.5:46641|dataStream:10.1.0.5:46507|priority:0|startupRole:FOLLOWER] returns group-D4BC1A2AD251:java.util.concurrent.CompletableFuture@36f3c10e[Not completed]
2023-03-10 22:30:43,672 [pool-96-thread-1] INFO  server.RaftServerConfigKeys (ConfUtils.java:logGet(46)) - raft.server.log.purge.gap = 1000000 (custom)
2023-03-10 22:30:43,673 [pool-96-thread-1] INFO  server.RaftServerConfigKeys (ConfUtils.java:logGet(46)) - raft.server.log.appender.buffer.byte-limit = 33554432 (custom)
2023-03-10 22:30:43,673 [pool-96-thread-1] INFO  server.RaftServerConfigKeys (ConfUtils.java:logGet(46)) - raft.server.log.statemachine.data.read.timeout = 1000ms (default)
2023-03-10 22:30:43,673 [pool-96-thread-1] INFO  server.RaftServerConfigKeys (ConfUtils.java:logGet(46)) - raft.server.log.purge.preservation.log.num = 0 (default)
2023-03-10 22:30:43,673 [pool-96-thread-1] INFO  server.RaftServerConfigKeys (ConfUtils.java:logGet(46)) - raft.server.log.segment.size.max = 1048576 (custom)
2023-03-10 22:30:43,674 [pool-96-thread-1] INFO  server.RaftServerConfigKeys (ConfUtils.java:logGet(46)) - raft.server.log.segment.cache.num.max = 2 (custom)
2023-03-10 22:30:43,674 [pool-96-thread-1] INFO  server.RaftServerConfigKeys (ConfUtils.java:logGet(46)) - raft.server.log.segment.cache.size.max = 200MB (=209715200) (default)
2023-03-10 22:30:43,674 [pool-96-thread-1] INFO  segmented.SegmentedRaftLogWorker (SegmentedRaftLogWorker.java:<init>(189)) - new dc196179-b1e0-4b48-bee9-7be9d5f3af19@group-D4BC1A2AD251-SegmentedRaftLogWorker for RaftStorageImpl:Storage Directory /home/runner/work/ozone/ozone/hadoop-ozone/integration-test/target/test-dir/MiniOzoneClusterImpl-7a8fa31f-7ad0-4349-83ec-1d9026649271/datanode-1/data/ratis/f57b6358-3464-4523-a7b4-d4bc1a2ad251
2023-03-10 22:30:43,674 [pool-96-thread-1] INFO  server.RaftServerConfigKeys (ConfUtils.java:logGet(46)) - raft.server.log.queue.byte-limit = 4294967296 (custom)
2023-03-10 22:30:43,674 [pool-96-thread-1] INFO  server.RaftServerConfigKeys (ConfUtils.java:logGet(46)) - raft.server.log.queue.element-limit = 1024 (custom)
2023-03-10 22:30:43,674 [pool-96-thread-1] INFO  server.RaftServerConfigKeys (ConfUtils.java:logGet(46)) - raft.server.log.segment.size.max = 1048576 (custom)
2023-03-10 22:30:43,674 [pool-96-thread-1] INFO  server.RaftServerConfigKeys (ConfUtils.java:logGet(46)) - raft.server.log.preallocated.size = 16384 (custom)
2023-03-10 22:30:43,674 [pool-96-thread-1] INFO  server.RaftServerConfigKeys (ConfUtils.java:logGet(46)) - raft.server.log.force.sync.num = 128 (default)
2023-03-10 22:30:43,674 [pool-96-thread-1] INFO  server.RaftServerConfigKeys (ConfUtils.java:logGet(46)) - raft.server.log.statemachine.data.sync = true (default)
2023-03-10 22:30:43,674 [pool-96-thread-1] INFO  server.RaftServerConfigKeys (ConfUtils.java:logGet(46)) - raft.server.log.statemachine.data.sync.timeout = 10s (default)
2023-03-10 22:30:43,674 [pool-96-thread-1] INFO  server.RaftServerConfigKeys (ConfUtils.java:logGet(46)) - raft.server.log.statemachine.data.sync.timeout.retry = -1 (default)
2023-03-10 22:30:43,675 [EventQueue-OpenPipelineForHealthyPipelineSafeModeRule] INFO  safemode.SCMSafeModeManager (HealthyPipelineSafeModeRule.java:process(137)) - SCM in safe mode. Healthy pipelines reported count is 0, required healthy pipeline reported count is 1
2023-03-10 22:30:43,679 [pool-74-thread-1] INFO  server.RaftServer$Division (RaftServerImpl.java:<init>(195)) - 2aff4a56-46da-424c-8361-de221ca2b011: new RaftServerImpl for group-D4BC1A2AD251:[2aff4a56-46da-424c-8361-de221ca2b011|rpc:10.1.0.5:34299|dataStream:10.1.0.5:34343|priority:0|startupRole:FOLLOWER, 96536830-8d0b-4e92-a25b-57c10a9efae7|rpc:10.1.0.5:32803|dataStream:10.1.0.5:33431|priority:1|startupRole:FOLLOWER, dc196179-b1e0-4b48-bee9-7be9d5f3af19|rpc:10.1.0.5:46641|dataStream:10.1.0.5:46507|priority:0|startupRole:FOLLOWER] with ContainerStateMachine:uninitialized
2023-03-10 22:30:43,679 [pool-74-thread-1] INFO  server.RaftServerConfigKeys (ConfUtils.java:logGet(46)) - raft.server.rpc.timeout.min = 5s (custom)
2023-03-10 22:30:43,679 [pool-74-thread-1] INFO  server.RaftServerConfigKeys (ConfUtils.java:logGet(46)) - raft.server.rpc.timeout.max = 5200ms (custom)
2023-03-10 22:30:43,679 [pool-74-thread-1] INFO  server.RaftServerConfigKeys (ConfUtils.java:logGet(46)) - raft.server.rpc.sleep.time = 25ms (default)
2023-03-10 22:30:43,679 [pool-74-thread-1] INFO  server.RaftServerConfigKeys (ConfUtils.java:logGet(46)) - raft.server.rpc.slowness.timeout = 300s (custom)
2023-03-10 22:30:43,679 [pool-74-thread-1] INFO  server.RaftServerConfigKeys (ConfUtils.java:logGet(46)) - raft.server.leaderelection.leader.step-down.wait-time = 10s (default)
2023-03-10 22:30:43,680 [pool-74-thread-1] INFO  server.RaftServerConfigKeys (ConfUtils.java:logGet(46)) - raft.server.sleep.deviation.threshold = 300ms (default)
2023-03-10 22:30:43,680 [pool-74-thread-1] INFO  server.RaftServer$Division (ServerState.java:<init>(118)) - 2aff4a56-46da-424c-8361-de221ca2b011@group-D4BC1A2AD251: ConfigurationManager, init=-1: peers:[2aff4a56-46da-424c-8361-de221ca2b011|rpc:10.1.0.5:34299|dataStream:10.1.0.5:34343|priority:0|startupRole:FOLLOWER, 96536830-8d0b-4e92-a25b-57c10a9efae7|rpc:10.1.0.5:32803|dataStream:10.1.0.5:33431|priority:1|startupRole:FOLLOWER, dc196179-b1e0-4b48-bee9-7be9d5f3af19|rpc:10.1.0.5:46641|dataStream:10.1.0.5:46507|priority:0|startupRole:FOLLOWER]|listeners:[], old=null, confs=<EMPTY_MAP>
2023-03-10 22:30:43,680 [pool-74-thread-1] INFO  server.RaftServerConfigKeys (ConfUtils.java:logGet(46)) - raft.server.storage.dir = [/home/runner/work/ozone/ozone/hadoop-ozone/integration-test/target/test-dir/MiniOzoneClusterImpl-7a8fa31f-7ad0-4349-83ec-1d9026649271/datanode-0/data/ratis] (custom)
2023-03-10 22:30:43,680 [pool-74-thread-1] INFO  server.RaftServerConfigKeys (ConfUtils.java:logGet(46)) - raft.server.log.corruption.policy = EXCEPTION (default)
2023-03-10 22:30:43,680 [pool-74-thread-1] INFO  server.RaftServerConfigKeys (ConfUtils.java:logGet(46)) - raft.server.storage.free-space.min = 0MB (=0) (default)
2023-03-10 22:30:43,680 [pool-74-thread-1] INFO  server.RaftServerConfigKeys (ConfUtils.java:logGet(46)) - raft.server.notification.no-leader.timeout = 300s (custom)
2023-03-10 22:30:43,680 [pool-74-thread-1] INFO  server.RaftServerConfigKeys (ConfUtils.java:logGet(46)) - raft.server.retrycache.expirytime = 600000ms (custom)
2023-03-10 22:30:43,680 [pool-74-thread-1] INFO  server.RaftServerConfigKeys (ConfUtils.java:logGet(46)) - raft.server.retrycache.statistics.expirytime = 100μs (default)
2023-03-10 22:30:43,680 [pool-96-thread-1] INFO  server.RaftServerConfigKeys (ConfUtils.java:logGet(46)) - raft.server.log.write.buffer.size = 1048576 (custom)
2023-03-10 22:30:43,681 [pool-74-thread-1] INFO  server.RaftServerConfigKeys (ConfUtils.java:logGet(46)) - raft.server.log.appender.install.snapshot.enabled = false (custom)
2023-03-10 22:30:43,682 [pool-74-thread-1] INFO  server.RaftServerConfigKeys (ConfUtils.java:logGet(46)) - raft.server.threadpool.server.cached = true (default)
2023-03-10 22:30:43,684 [pool-74-thread-1] INFO  server.RaftServerConfigKeys (ConfUtils.java:logGet(46)) - raft.server.threadpool.server.size = 0 (default)
2023-03-10 22:30:43,684 [pool-74-thread-1] INFO  server.RaftServerConfigKeys (ConfUtils.java:logGet(46)) - raft.server.threadpool.client.cached = true (default)
2023-03-10 22:30:43,684 [pool-74-thread-1] INFO  server.RaftServerConfigKeys (ConfUtils.java:logGet(46)) - raft.server.threadpool.client.size = 0 (default)
2023-03-10 22:30:43,684 [pool-74-thread-1] INFO  storage.RaftStorageDirectory (RaftStorageDirectoryImpl.java:analyzeStorage(137)) - The storage directory /home/runner/work/ozone/ozone/hadoop-ozone/integration-test/target/test-dir/MiniOzoneClusterImpl-7a8fa31f-7ad0-4349-83ec-1d9026649271/datanode-0/data/ratis/f57b6358-3464-4523-a7b4-d4bc1a2ad251 does not exist. Creating ...
2023-03-10 22:30:43,685 [pool-96-thread-1] INFO  server.RaftServerConfigKeys (ConfUtils.java:logGet(46)) - raft.server.log.appender.buffer.byte-limit = 33554432 (custom)
2023-03-10 22:30:43,688 [pool-74-thread-1] INFO  storage.RaftStorageDirectory (RaftStorageDirectoryImpl.java:tryLock(231)) - Lock on /home/runner/work/ozone/ozone/hadoop-ozone/integration-test/target/test-dir/MiniOzoneClusterImpl-7a8fa31f-7ad0-4349-83ec-1d9026649271/datanode-0/data/ratis/f57b6358-3464-4523-a7b4-d4bc1a2ad251/in_use.lock acquired by nodename 2378@fv-az259-306
2023-03-10 22:30:43,691 [pool-74-thread-1] INFO  storage.RaftStorage (RaftStorageImpl.java:format(96)) - Storage directory /home/runner/work/ozone/ozone/hadoop-ozone/integration-test/target/test-dir/MiniOzoneClusterImpl-7a8fa31f-7ad0-4349-83ec-1d9026649271/datanode-0/data/ratis/f57b6358-3464-4523-a7b4-d4bc1a2ad251 has been successfully formatted.
2023-03-10 22:30:43,692 [pool-74-thread-1] INFO  ratis.ContainerStateMachine (ContainerStateMachine.java:loadSnapshot(262)) - group-D4BC1A2AD251: The snapshot info is null. Setting the last applied indexto:(t:0, i:~)
2023-03-10 22:30:43,692 [pool-74-thread-1] INFO  server.RaftServerConfigKeys (ConfUtils.java:logGet(46)) - raft.server.log.use.memory = false (default)
2023-03-10 22:30:43,692 [pool-74-thread-1] INFO  server.RaftServerConfigKeys (ConfUtils.java:logGet(46)) - raft.server.log.purge.gap = 1000000 (custom)
2023-03-10 22:30:43,692 [pool-74-thread-1] INFO  server.RaftServerConfigKeys (ConfUtils.java:logGet(46)) - raft.server.log.appender.buffer.byte-limit = 33554432 (custom)
2023-03-10 22:30:43,692 [pool-74-thread-1] INFO  server.RaftServerConfigKeys (ConfUtils.java:logGet(46)) - raft.server.log.statemachine.data.read.timeout = 1000ms (default)
2023-03-10 22:30:43,692 [pool-74-thread-1] INFO  server.RaftServerConfigKeys (ConfUtils.java:logGet(46)) - raft.server.log.purge.preservation.log.num = 0 (default)
2023-03-10 22:30:43,692 [pool-74-thread-1] INFO  server.RaftServerConfigKeys (ConfUtils.java:logGet(46)) - raft.server.log.segment.size.max = 1048576 (custom)
2023-03-10 22:30:43,696 [pool-96-thread-1] INFO  server.RaftServerConfigKeys (ConfUtils.java:logGet(46)) - raft.server.log.unsafe-flush.enabled = false (default)
2023-03-10 22:30:43,697 [pool-96-thread-1] INFO  server.RaftServerConfigKeys (ConfUtils.java:logGet(46)) - raft.server.log.async-flush.enabled = false (default)
2023-03-10 22:30:43,697 [pool-74-thread-1] INFO  server.RaftServerConfigKeys (ConfUtils.java:logGet(46)) - raft.server.log.segment.cache.num.max = 2 (custom)
2023-03-10 22:30:43,697 [pool-96-thread-1] INFO  server.RaftServerConfigKeys (ConfUtils.java:logGet(46)) - raft.server.log.statemachine.data.caching.enabled = true (custom)
2023-03-10 22:30:43,697 [pool-74-thread-1] INFO  server.RaftServerConfigKeys (ConfUtils.java:logGet(46)) - raft.server.log.segment.cache.size.max = 200MB (=209715200) (default)
2023-03-10 22:30:43,697 [pool-74-thread-1] INFO  segmented.SegmentedRaftLogWorker (SegmentedRaftLogWorker.java:<init>(189)) - new 2aff4a56-46da-424c-8361-de221ca2b011@group-D4BC1A2AD251-SegmentedRaftLogWorker for RaftStorageImpl:Storage Directory /home/runner/work/ozone/ozone/hadoop-ozone/integration-test/target/test-dir/MiniOzoneClusterImpl-7a8fa31f-7ad0-4349-83ec-1d9026649271/datanode-0/data/ratis/f57b6358-3464-4523-a7b4-d4bc1a2ad251
2023-03-10 22:30:43,697 [pool-74-thread-1] INFO  server.RaftServerConfigKeys (ConfUtils.java:logGet(46)) - raft.server.log.queue.byte-limit = 4294967296 (custom)
2023-03-10 22:30:43,697 [pool-96-thread-1] INFO  segmented.SegmentedRaftLogWorker (SegmentedRaftLogWorker.java:lambda$new$0(135)) - dc196179-b1e0-4b48-bee9-7be9d5f3af19@group-D4BC1A2AD251-SegmentedRaftLogWorker: flushIndex: setUnconditionally 0 -> -1
2023-03-10 22:30:43,697 [pool-74-thread-1] INFO  server.RaftServerConfigKeys (ConfUtils.java:logGet(46)) - raft.server.log.queue.element-limit = 1024 (custom)
2023-03-10 22:30:43,697 [pool-96-thread-1] INFO  segmented.SegmentedRaftLogWorker (SegmentedRaftLogWorker.java:lambda$new$0(135)) - dc196179-b1e0-4b48-bee9-7be9d5f3af19@group-D4BC1A2AD251-SegmentedRaftLogWorker: safeCacheEvictIndex: setUnconditionally 0 -> -1
2023-03-10 22:30:43,697 [pool-74-thread-1] INFO  server.RaftServerConfigKeys (ConfUtils.java:logGet(46)) - raft.server.log.segment.size.max = 1048576 (custom)
2023-03-10 22:30:43,697 [pool-74-thread-1] INFO  server.RaftServerConfigKeys (ConfUtils.java:logGet(46)) - raft.server.log.preallocated.size = 16384 (custom)
2023-03-10 22:30:43,697 [pool-74-thread-1] INFO  server.RaftServerConfigKeys (ConfUtils.java:logGet(46)) - raft.server.log.force.sync.num = 128 (default)
2023-03-10 22:30:43,697 [pool-74-thread-1] INFO  server.RaftServerConfigKeys (ConfUtils.java:logGet(46)) - raft.server.log.statemachine.data.sync = true (default)
2023-03-10 22:30:43,697 [pool-74-thread-1] INFO  server.RaftServerConfigKeys (ConfUtils.java:logGet(46)) - raft.server.log.statemachine.data.sync.timeout = 10s (default)
2023-03-10 22:30:43,697 [pool-74-thread-1] INFO  server.RaftServerConfigKeys (ConfUtils.java:logGet(46)) - raft.server.log.statemachine.data.sync.timeout.retry = -1 (default)
2023-03-10 22:30:43,698 [EventQueue-OpenPipelineForHealthyPipelineSafeModeRule] INFO  safemode.SCMSafeModeManager (HealthyPipelineSafeModeRule.java:process(137)) - SCM in safe mode. Healthy pipelines reported count is 0, required healthy pipeline reported count is 1
2023-03-10 22:30:43,700 [pool-96-thread-1] INFO  server.RaftServer$Division (RaftServerImpl.java:start(334)) - dc196179-b1e0-4b48-bee9-7be9d5f3af19@group-D4BC1A2AD251: start as a follower, conf=-1: peers:[2aff4a56-46da-424c-8361-de221ca2b011|rpc:10.1.0.5:34299|dataStream:10.1.0.5:34343|priority:0|startupRole:FOLLOWER, 96536830-8d0b-4e92-a25b-57c10a9efae7|rpc:10.1.0.5:32803|dataStream:10.1.0.5:33431|priority:1|startupRole:FOLLOWER, dc196179-b1e0-4b48-bee9-7be9d5f3af19|rpc:10.1.0.5:46641|dataStream:10.1.0.5:46507|priority:0|startupRole:FOLLOWER]|listeners:[], old=null
2023-03-10 22:30:43,700 [pool-96-thread-1] INFO  server.RaftServer$Division (RaftServerImpl.java:setRole(321)) - dc196179-b1e0-4b48-bee9-7be9d5f3af19@group-D4BC1A2AD251: changes role from      null to FOLLOWER at term 0 for startAsFollower
2023-03-10 22:30:43,700 [pool-96-thread-1] INFO  impl.RoleInfo (RoleInfo.java:updateAndGet(139)) - dc196179-b1e0-4b48-bee9-7be9d5f3af19: start dc196179-b1e0-4b48-bee9-7be9d5f3af19@group-D4BC1A2AD251-FollowerState
2023-03-10 22:30:43,700 [pool-74-thread-1] INFO  server.RaftServerConfigKeys (ConfUtils.java:logGet(46)) - raft.server.log.write.buffer.size = 1048576 (custom)
2023-03-10 22:30:43,707 [pool-96-thread-1] INFO  util.JmxRegister (JmxRegister.java:tryRegister(44)) - Successfully registered JMX Bean with object name Ratis:service=RaftServer,group=group-D4BC1A2AD251,id=dc196179-b1e0-4b48-bee9-7be9d5f3af19
2023-03-10 22:30:43,707 [pool-74-thread-1] INFO  server.RaftServerConfigKeys (ConfUtils.java:logGet(46)) - raft.server.log.appender.buffer.byte-limit = 33554432 (custom)
2023-03-10 22:30:43,707 [dc196179-b1e0-4b48-bee9-7be9d5f3af19@group-D4BC1A2AD251-FollowerState] INFO  server.RaftServerConfigKeys (ConfUtils.java:logFallback(53)) - raft.server.rpc.first-election.timeout.min = 5s (fallback to raft.server.rpc.timeout.min)
2023-03-10 22:30:43,707 [dc196179-b1e0-4b48-bee9-7be9d5f3af19@group-D4BC1A2AD251-FollowerState] INFO  server.RaftServerConfigKeys (ConfUtils.java:logFallback(53)) - raft.server.rpc.first-election.timeout.max = 5200ms (fallback to raft.server.rpc.timeout.max)
2023-03-10 22:30:43,707 [pool-96-thread-1] INFO  server.RaftServerConfigKeys (ConfUtils.java:logGet(46)) - raft.server.snapshot.auto.trigger.enabled = true (custom)
2023-03-10 22:30:43,707 [pool-96-thread-1] INFO  server.RaftServerConfigKeys (ConfUtils.java:logGet(46)) - raft.server.snapshot.auto.trigger.threshold = 10000 (custom)
2023-03-10 22:30:43,707 [pool-96-thread-1] INFO  server.RaftServerConfigKeys (ConfUtils.java:logGet(46)) - raft.server.snapshot.retention.file.num = 5 (custom)
2023-03-10 22:30:43,707 [pool-96-thread-1] INFO  server.RaftServerConfigKeys (ConfUtils.java:logGet(46)) - raft.server.log.purge.upto.snapshot.index = false (default)
2023-03-10 22:30:43,708 [Command processor thread] INFO  ratis.XceiverServerRatis (XceiverServerRatis.java:addGroup(807)) - Created group PipelineID=f57b6358-3464-4523-a7b4-d4bc1a2ad251
2023-03-10 22:30:43,718 [pool-74-thread-1] INFO  server.RaftServerConfigKeys (ConfUtils.java:logGet(46)) - raft.server.log.unsafe-flush.enabled = false (default)
2023-03-10 22:30:43,718 [pool-74-thread-1] INFO  server.RaftServerConfigKeys (ConfUtils.java:logGet(46)) - raft.server.log.async-flush.enabled = false (default)
2023-03-10 22:30:43,718 [pool-74-thread-1] INFO  server.RaftServerConfigKeys (ConfUtils.java:logGet(46)) - raft.server.log.statemachine.data.caching.enabled = true (custom)
2023-03-10 22:30:43,718 [pool-74-thread-1] INFO  segmented.SegmentedRaftLogWorker (SegmentedRaftLogWorker.java:lambda$new$0(135)) - 2aff4a56-46da-424c-8361-de221ca2b011@group-D4BC1A2AD251-SegmentedRaftLogWorker: flushIndex: setUnconditionally 0 -> -1
2023-03-10 22:30:43,719 [pool-74-thread-1] INFO  segmented.SegmentedRaftLogWorker (SegmentedRaftLogWorker.java:lambda$new$0(135)) - 2aff4a56-46da-424c-8361-de221ca2b011@group-D4BC1A2AD251-SegmentedRaftLogWorker: safeCacheEvictIndex: setUnconditionally 0 -> -1
2023-03-10 22:30:43,719 [pool-74-thread-1] INFO  server.RaftServer$Division (RaftServerImpl.java:start(334)) - 2aff4a56-46da-424c-8361-de221ca2b011@group-D4BC1A2AD251: start as a follower, conf=-1: peers:[2aff4a56-46da-424c-8361-de221ca2b011|rpc:10.1.0.5:34299|dataStream:10.1.0.5:34343|priority:0|startupRole:FOLLOWER, 96536830-8d0b-4e92-a25b-57c10a9efae7|rpc:10.1.0.5:32803|dataStream:10.1.0.5:33431|priority:1|startupRole:FOLLOWER, dc196179-b1e0-4b48-bee9-7be9d5f3af19|rpc:10.1.0.5:46641|dataStream:10.1.0.5:46507|priority:0|startupRole:FOLLOWER]|listeners:[], old=null
2023-03-10 22:30:43,719 [pool-74-thread-1] INFO  server.RaftServer$Division (RaftServerImpl.java:setRole(321)) - 2aff4a56-46da-424c-8361-de221ca2b011@group-D4BC1A2AD251: changes role from      null to FOLLOWER at term 0 for startAsFollower
2023-03-10 22:30:43,719 [pool-74-thread-1] INFO  impl.RoleInfo (RoleInfo.java:updateAndGet(139)) - 2aff4a56-46da-424c-8361-de221ca2b011: start 2aff4a56-46da-424c-8361-de221ca2b011@group-D4BC1A2AD251-FollowerState
2023-03-10 22:30:43,719 [pool-74-thread-1] INFO  util.JmxRegister (JmxRegister.java:tryRegister(44)) - Successfully registered JMX Bean with object name Ratis:service=RaftServer,group=group-D4BC1A2AD251,id=2aff4a56-46da-424c-8361-de221ca2b011
2023-03-10 22:30:43,719 [pool-74-thread-1] INFO  server.RaftServerConfigKeys (ConfUtils.java:logGet(46)) - raft.server.snapshot.auto.trigger.enabled = true (custom)
2023-03-10 22:30:43,719 [pool-74-thread-1] INFO  server.RaftServerConfigKeys (ConfUtils.java:logGet(46)) - raft.server.snapshot.auto.trigger.threshold = 10000 (custom)
2023-03-10 22:30:43,719 [pool-74-thread-1] INFO  server.RaftServerConfigKeys (ConfUtils.java:logGet(46)) - raft.server.snapshot.retention.file.num = 5 (custom)
2023-03-10 22:30:43,719 [pool-74-thread-1] INFO  server.RaftServerConfigKeys (ConfUtils.java:logGet(46)) - raft.server.log.purge.upto.snapshot.index = false (default)
2023-03-10 22:30:43,721 [2aff4a56-46da-424c-8361-de221ca2b011@group-D4BC1A2AD251-FollowerState] INFO  server.RaftServerConfigKeys (ConfUtils.java:logFallback(53)) - raft.server.rpc.first-election.timeout.min = 5s (fallback to raft.server.rpc.timeout.min)
2023-03-10 22:30:43,727 [2aff4a56-46da-424c-8361-de221ca2b011@group-D4BC1A2AD251-FollowerState] INFO  server.RaftServerConfigKeys (ConfUtils.java:logFallback(53)) - raft.server.rpc.first-election.timeout.max = 5200ms (fallback to raft.server.rpc.timeout.max)
2023-03-10 22:30:43,729 [Command processor thread] INFO  ratis.XceiverServerRatis (XceiverServerRatis.java:addGroup(807)) - Created group PipelineID=f57b6358-3464-4523-a7b4-d4bc1a2ad251
2023-03-10 22:30:43,749 [grpc-default-executor-0] INFO  server.RaftServer (RaftServerProxy.java:addNew(96)) - 96536830-8d0b-4e92-a25b-57c10a9efae7: addNew group-D4BC1A2AD251:[2aff4a56-46da-424c-8361-de221ca2b011|rpc:10.1.0.5:34299|dataStream:10.1.0.5:34343|priority:0|startupRole:FOLLOWER, 96536830-8d0b-4e92-a25b-57c10a9efae7|rpc:10.1.0.5:32803|dataStream:10.1.0.5:33431|priority:1|startupRole:FOLLOWER, dc196179-b1e0-4b48-bee9-7be9d5f3af19|rpc:10.1.0.5:46641|dataStream:10.1.0.5:46507|priority:0|startupRole:FOLLOWER] returns group-D4BC1A2AD251:java.util.concurrent.CompletableFuture@4f1d265e[Not completed]
2023-03-10 22:30:43,751 [pool-118-thread-1] INFO  server.RaftServer$Division (RaftServerImpl.java:<init>(195)) - 96536830-8d0b-4e92-a25b-57c10a9efae7: new RaftServerImpl for group-D4BC1A2AD251:[2aff4a56-46da-424c-8361-de221ca2b011|rpc:10.1.0.5:34299|dataStream:10.1.0.5:34343|priority:0|startupRole:FOLLOWER, 96536830-8d0b-4e92-a25b-57c10a9efae7|rpc:10.1.0.5:32803|dataStream:10.1.0.5:33431|priority:1|startupRole:FOLLOWER, dc196179-b1e0-4b48-bee9-7be9d5f3af19|rpc:10.1.0.5:46641|dataStream:10.1.0.5:46507|priority:0|startupRole:FOLLOWER] with ContainerStateMachine:uninitialized
2023-03-10 22:30:43,751 [pool-118-thread-1] INFO  server.RaftServerConfigKeys (ConfUtils.java:logGet(46)) - raft.server.rpc.timeout.min = 5s (custom)
2023-03-10 22:30:43,751 [pool-118-thread-1] INFO  server.RaftServerConfigKeys (ConfUtils.java:logGet(46)) - raft.server.rpc.timeout.max = 5200ms (custom)
2023-03-10 22:30:43,751 [pool-118-thread-1] INFO  server.RaftServerConfigKeys (ConfUtils.java:logGet(46)) - raft.server.rpc.sleep.time = 25ms (default)
2023-03-10 22:30:43,751 [pool-118-thread-1] INFO  server.RaftServerConfigKeys (ConfUtils.java:logGet(46)) - raft.server.rpc.slowness.timeout = 300s (custom)
2023-03-10 22:30:43,751 [pool-118-thread-1] INFO  server.RaftServerConfigKeys (ConfUtils.java:logGet(46)) - raft.server.leaderelection.leader.step-down.wait-time = 10s (default)
2023-03-10 22:30:43,752 [pool-118-thread-1] INFO  server.RaftServerConfigKeys (ConfUtils.java:logGet(46)) - raft.server.sleep.deviation.threshold = 300ms (default)
2023-03-10 22:30:43,752 [pool-118-thread-1] INFO  server.RaftServer$Division (ServerState.java:<init>(118)) - 96536830-8d0b-4e92-a25b-57c10a9efae7@group-D4BC1A2AD251: ConfigurationManager, init=-1: peers:[2aff4a56-46da-424c-8361-de221ca2b011|rpc:10.1.0.5:34299|dataStream:10.1.0.5:34343|priority:0|startupRole:FOLLOWER, 96536830-8d0b-4e92-a25b-57c10a9efae7|rpc:10.1.0.5:32803|dataStream:10.1.0.5:33431|priority:1|startupRole:FOLLOWER, dc196179-b1e0-4b48-bee9-7be9d5f3af19|rpc:10.1.0.5:46641|dataStream:10.1.0.5:46507|priority:0|startupRole:FOLLOWER]|listeners:[], old=null, confs=<EMPTY_MAP>
2023-03-10 22:30:43,752 [pool-118-thread-1] INFO  server.RaftServerConfigKeys (ConfUtils.java:logGet(46)) - raft.server.storage.dir = [/home/runner/work/ozone/ozone/hadoop-ozone/integration-test/target/test-dir/MiniOzoneClusterImpl-7a8fa31f-7ad0-4349-83ec-1d9026649271/datanode-2/data/ratis] (custom)
2023-03-10 22:30:43,752 [pool-118-thread-1] INFO  server.RaftServerConfigKeys (ConfUtils.java:logGet(46)) - raft.server.log.corruption.policy = EXCEPTION (default)
2023-03-10 22:30:43,752 [pool-118-thread-1] INFO  server.RaftServerConfigKeys (ConfUtils.java:logGet(46)) - raft.server.storage.free-space.min = 0MB (=0) (default)
2023-03-10 22:30:43,752 [pool-118-thread-1] INFO  server.RaftServerConfigKeys (ConfUtils.java:logGet(46)) - raft.server.notification.no-leader.timeout = 300s (custom)
2023-03-10 22:30:43,752 [pool-118-thread-1] INFO  server.RaftServerConfigKeys (ConfUtils.java:logGet(46)) - raft.server.retrycache.expirytime = 600000ms (custom)
2023-03-10 22:30:43,752 [pool-118-thread-1] INFO  server.RaftServerConfigKeys (ConfUtils.java:logGet(46)) - raft.server.retrycache.statistics.expirytime = 100μs (default)
2023-03-10 22:30:43,753 [pool-118-thread-1] INFO  server.RaftServerConfigKeys (ConfUtils.java:logGet(46)) - raft.server.log.appender.install.snapshot.enabled = false (custom)
2023-03-10 22:30:43,753 [pool-118-thread-1] INFO  server.RaftServerConfigKeys (ConfUtils.java:logGet(46)) - raft.server.threadpool.server.cached = true (default)
2023-03-10 22:30:43,753 [pool-118-thread-1] INFO  server.RaftServerConfigKeys (ConfUtils.java:logGet(46)) - raft.server.threadpool.server.size = 0 (default)
2023-03-10 22:30:43,753 [pool-118-thread-1] INFO  server.RaftServerConfigKeys (ConfUtils.java:logGet(46)) - raft.server.threadpool.client.cached = true (default)
2023-03-10 22:30:43,753 [pool-118-thread-1] INFO  server.RaftServerConfigKeys (ConfUtils.java:logGet(46)) - raft.server.threadpool.client.size = 0 (default)
2023-03-10 22:30:43,753 [pool-118-thread-1] INFO  storage.RaftStorageDirectory (RaftStorageDirectoryImpl.java:analyzeStorage(137)) - The storage directory /home/runner/work/ozone/ozone/hadoop-ozone/integration-test/target/test-dir/MiniOzoneClusterImpl-7a8fa31f-7ad0-4349-83ec-1d9026649271/datanode-2/data/ratis/f57b6358-3464-4523-a7b4-d4bc1a2ad251 does not exist. Creating ...
2023-03-10 22:30:43,757 [pool-118-thread-1] INFO  storage.RaftStorageDirectory (RaftStorageDirectoryImpl.java:tryLock(231)) - Lock on /home/runner/work/ozone/ozone/hadoop-ozone/integration-test/target/test-dir/MiniOzoneClusterImpl-7a8fa31f-7ad0-4349-83ec-1d9026649271/datanode-2/data/ratis/f57b6358-3464-4523-a7b4-d4bc1a2ad251/in_use.lock acquired by nodename 2378@fv-az259-306
2023-03-10 22:30:43,762 [pool-118-thread-1] INFO  storage.RaftStorage (RaftStorageImpl.java:format(96)) - Storage directory /home/runner/work/ozone/ozone/hadoop-ozone/integration-test/target/test-dir/MiniOzoneClusterImpl-7a8fa31f-7ad0-4349-83ec-1d9026649271/datanode-2/data/ratis/f57b6358-3464-4523-a7b4-d4bc1a2ad251 has been successfully formatted.
2023-03-10 22:30:43,763 [pool-118-thread-1] INFO  ratis.ContainerStateMachine (ContainerStateMachine.java:loadSnapshot(262)) - group-D4BC1A2AD251: The snapshot info is null. Setting the last applied indexto:(t:0, i:~)
2023-03-10 22:30:43,763 [pool-118-thread-1] INFO  server.RaftServerConfigKeys (ConfUtils.java:logGet(46)) - raft.server.log.use.memory = false (default)
2023-03-10 22:30:43,763 [pool-118-thread-1] INFO  server.RaftServerConfigKeys (ConfUtils.java:logGet(46)) - raft.server.log.purge.gap = 1000000 (custom)
2023-03-10 22:30:43,763 [pool-118-thread-1] INFO  server.RaftServerConfigKeys (ConfUtils.java:logGet(46)) - raft.server.log.appender.buffer.byte-limit = 33554432 (custom)
2023-03-10 22:30:43,763 [pool-118-thread-1] INFO  server.RaftServerConfigKeys (ConfUtils.java:logGet(46)) - raft.server.log.statemachine.data.read.timeout = 1000ms (default)
2023-03-10 22:30:43,763 [pool-118-thread-1] INFO  server.RaftServerConfigKeys (ConfUtils.java:logGet(46)) - raft.server.log.purge.preservation.log.num = 0 (default)
2023-03-10 22:30:43,763 [pool-118-thread-1] INFO  server.RaftServerConfigKeys (ConfUtils.java:logGet(46)) - raft.server.log.segment.size.max = 1048576 (custom)
2023-03-10 22:30:43,764 [pool-118-thread-1] INFO  server.RaftServerConfigKeys (ConfUtils.java:logGet(46)) - raft.server.log.segment.cache.num.max = 2 (custom)
2023-03-10 22:30:43,764 [pool-118-thread-1] INFO  server.RaftServerConfigKeys (ConfUtils.java:logGet(46)) - raft.server.log.segment.cache.size.max = 200MB (=209715200) (default)
2023-03-10 22:30:43,764 [pool-118-thread-1] INFO  segmented.SegmentedRaftLogWorker (SegmentedRaftLogWorker.java:<init>(189)) - new 96536830-8d0b-4e92-a25b-57c10a9efae7@group-D4BC1A2AD251-SegmentedRaftLogWorker for RaftStorageImpl:Storage Directory /home/runner/work/ozone/ozone/hadoop-ozone/integration-test/target/test-dir/MiniOzoneClusterImpl-7a8fa31f-7ad0-4349-83ec-1d9026649271/datanode-2/data/ratis/f57b6358-3464-4523-a7b4-d4bc1a2ad251
2023-03-10 22:30:43,764 [pool-118-thread-1] INFO  server.RaftServerConfigKeys (ConfUtils.java:logGet(46)) - raft.server.log.queue.byte-limit = 4294967296 (custom)
2023-03-10 22:30:43,764 [pool-118-thread-1] INFO  server.RaftServerConfigKeys (ConfUtils.java:logGet(46)) - raft.server.log.queue.element-limit = 1024 (custom)
2023-03-10 22:30:43,764 [pool-118-thread-1] INFO  server.RaftServerConfigKeys (ConfUtils.java:logGet(46)) - raft.server.log.segment.size.max = 1048576 (custom)
2023-03-10 22:30:43,764 [pool-118-thread-1] INFO  server.RaftServerConfigKeys (ConfUtils.java:logGet(46)) - raft.server.log.preallocated.size = 16384 (custom)
2023-03-10 22:30:43,764 [pool-118-thread-1] INFO  server.RaftServerConfigKeys (ConfUtils.java:logGet(46)) - raft.server.log.force.sync.num = 128 (default)
2023-03-10 22:30:43,764 [pool-118-thread-1] INFO  server.RaftServerConfigKeys (ConfUtils.java:logGet(46)) - raft.server.log.statemachine.data.sync = true (default)
2023-03-10 22:30:43,764 [pool-118-thread-1] INFO  server.RaftServerConfigKeys (ConfUtils.java:logGet(46)) - raft.server.log.statemachine.data.sync.timeout = 10s (default)
2023-03-10 22:30:43,764 [pool-118-thread-1] INFO  server.RaftServerConfigKeys (ConfUtils.java:logGet(46)) - raft.server.log.statemachine.data.sync.timeout.retry = -1 (default)
2023-03-10 22:30:43,765 [pool-118-thread-1] INFO  server.RaftServerConfigKeys (ConfUtils.java:logGet(46)) - raft.server.log.write.buffer.size = 1048576 (custom)
2023-03-10 22:30:43,768 [pool-118-thread-1] INFO  server.RaftServerConfigKeys (ConfUtils.java:logGet(46)) - raft.server.log.appender.buffer.byte-limit = 33554432 (custom)
2023-03-10 22:30:43,779 [pool-118-thread-1] INFO  server.RaftServerConfigKeys (ConfUtils.java:logGet(46)) - raft.server.log.unsafe-flush.enabled = false (default)
2023-03-10 22:30:43,779 [pool-118-thread-1] INFO  server.RaftServerConfigKeys (ConfUtils.java:logGet(46)) - raft.server.log.async-flush.enabled = false (default)
2023-03-10 22:30:43,779 [pool-118-thread-1] INFO  server.RaftServerConfigKeys (ConfUtils.java:logGet(46)) - raft.server.log.statemachine.data.caching.enabled = true (custom)
2023-03-10 22:30:43,779 [pool-118-thread-1] INFO  segmented.SegmentedRaftLogWorker (SegmentedRaftLogWorker.java:lambda$new$0(135)) - 96536830-8d0b-4e92-a25b-57c10a9efae7@group-D4BC1A2AD251-SegmentedRaftLogWorker: flushIndex: setUnconditionally 0 -> -1
2023-03-10 22:30:43,779 [pool-118-thread-1] INFO  segmented.SegmentedRaftLogWorker (SegmentedRaftLogWorker.java:lambda$new$0(135)) - 96536830-8d0b-4e92-a25b-57c10a9efae7@group-D4BC1A2AD251-SegmentedRaftLogWorker: safeCacheEvictIndex: setUnconditionally 0 -> -1
2023-03-10 22:30:43,784 [pool-118-thread-1] INFO  server.RaftServer$Division (RaftServerImpl.java:start(334)) - 96536830-8d0b-4e92-a25b-57c10a9efae7@group-D4BC1A2AD251: start as a follower, conf=-1: peers:[2aff4a56-46da-424c-8361-de221ca2b011|rpc:10.1.0.5:34299|dataStream:10.1.0.5:34343|priority:0|startupRole:FOLLOWER, 96536830-8d0b-4e92-a25b-57c10a9efae7|rpc:10.1.0.5:32803|dataStream:10.1.0.5:33431|priority:1|startupRole:FOLLOWER, dc196179-b1e0-4b48-bee9-7be9d5f3af19|rpc:10.1.0.5:46641|dataStream:10.1.0.5:46507|priority:0|startupRole:FOLLOWER]|listeners:[], old=null
2023-03-10 22:30:43,784 [pool-118-thread-1] INFO  server.RaftServer$Division (RaftServerImpl.java:setRole(321)) - 96536830-8d0b-4e92-a25b-57c10a9efae7@group-D4BC1A2AD251: changes role from      null to FOLLOWER at term 0 for startAsFollower
2023-03-10 22:30:43,784 [pool-118-thread-1] INFO  impl.RoleInfo (RoleInfo.java:updateAndGet(139)) - 96536830-8d0b-4e92-a25b-57c10a9efae7: start 96536830-8d0b-4e92-a25b-57c10a9efae7@group-D4BC1A2AD251-FollowerState
2023-03-10 22:30:43,785 [pool-118-thread-1] INFO  util.JmxRegister (JmxRegister.java:tryRegister(44)) - Successfully registered JMX Bean with object name Ratis:service=RaftServer,group=group-D4BC1A2AD251,id=96536830-8d0b-4e92-a25b-57c10a9efae7
2023-03-10 22:30:43,785 [pool-118-thread-1] INFO  server.RaftServerConfigKeys (ConfUtils.java:logGet(46)) - raft.server.snapshot.auto.trigger.enabled = true (custom)
2023-03-10 22:30:43,785 [pool-118-thread-1] INFO  server.RaftServerConfigKeys (ConfUtils.java:logGet(46)) - raft.server.snapshot.auto.trigger.threshold = 10000 (custom)
2023-03-10 22:30:43,785 [pool-118-thread-1] INFO  server.RaftServerConfigKeys (ConfUtils.java:logGet(46)) - raft.server.snapshot.retention.file.num = 5 (custom)
2023-03-10 22:30:43,785 [pool-118-thread-1] INFO  server.RaftServerConfigKeys (ConfUtils.java:logGet(46)) - raft.server.log.purge.upto.snapshot.index = false (default)
2023-03-10 22:30:43,786 [96536830-8d0b-4e92-a25b-57c10a9efae7@group-D4BC1A2AD251-FollowerState] INFO  server.RaftServerConfigKeys (ConfUtils.java:logFallback(53)) - raft.server.rpc.first-election.timeout.min = 5s (fallback to raft.server.rpc.timeout.min)
2023-03-10 22:30:43,787 [96536830-8d0b-4e92-a25b-57c10a9efae7@group-D4BC1A2AD251-FollowerState] INFO  server.RaftServerConfigKeys (ConfUtils.java:logFallback(53)) - raft.server.rpc.first-election.timeout.max = 5200ms (fallback to raft.server.rpc.timeout.max)
2023-03-10 22:30:43,829 [Command processor thread] INFO  commandhandler.CreatePipelineCommandHandler (CreatePipelineCommandHandler.java:handle(113)) - Created Pipeline RATIS THREE PipelineID=f57b6358-3464-4523-a7b4-d4bc1a2ad251.
2023-03-10 22:30:43,835 [Command processor thread] INFO  commandhandler.CreatePipelineCommandHandler (CreatePipelineCommandHandler.java:handle(113)) - Created Pipeline RATIS THREE PipelineID=f57b6358-3464-4523-a7b4-d4bc1a2ad251.
2023-03-10 22:30:43,923 [Command processor thread] INFO  server.RaftServer (RaftServerProxy.java:addNew(96)) - 96536830-8d0b-4e92-a25b-57c10a9efae7: addNew group-F77599BE6489:[96536830-8d0b-4e92-a25b-57c10a9efae7|rpc:10.1.0.5:32803|dataStream:10.1.0.5:33431|priority:1|startupRole:FOLLOWER] returns group-F77599BE6489:java.util.concurrent.CompletableFuture@13df866[Not completed]
2023-03-10 22:30:43,925 [pool-118-thread-1] INFO  server.RaftServer$Division (RaftServerImpl.java:<init>(195)) - 96536830-8d0b-4e92-a25b-57c10a9efae7: new RaftServerImpl for group-F77599BE6489:[96536830-8d0b-4e92-a25b-57c10a9efae7|rpc:10.1.0.5:32803|dataStream:10.1.0.5:33431|priority:1|startupRole:FOLLOWER] with ContainerStateMachine:uninitialized
2023-03-10 22:30:43,925 [pool-118-thread-1] INFO  server.RaftServerConfigKeys (ConfUtils.java:logGet(46)) - raft.server.rpc.timeout.min = 5s (custom)
2023-03-10 22:30:43,925 [pool-118-thread-1] INFO  server.RaftServerConfigKeys (ConfUtils.java:logGet(46)) - raft.server.rpc.timeout.max = 5200ms (custom)
2023-03-10 22:30:43,925 [pool-118-thread-1] INFO  server.RaftServerConfigKeys (ConfUtils.java:logGet(46)) - raft.server.rpc.sleep.time = 25ms (default)
2023-03-10 22:30:43,925 [pool-118-thread-1] INFO  server.RaftServerConfigKeys (ConfUtils.java:logGet(46)) - raft.server.rpc.slowness.timeout = 300s (custom)
2023-03-10 22:30:43,925 [pool-118-thread-1] INFO  server.RaftServerConfigKeys (ConfUtils.java:logGet(46)) - raft.server.leaderelection.leader.step-down.wait-time = 10s (default)
2023-03-10 22:30:43,925 [pool-118-thread-1] INFO  server.RaftServerConfigKeys (ConfUtils.java:logGet(46)) - raft.server.sleep.deviation.threshold = 300ms (default)
2023-03-10 22:30:43,925 [pool-118-thread-1] INFO  server.RaftServer$Division (ServerState.java:<init>(118)) - 96536830-8d0b-4e92-a25b-57c10a9efae7@group-F77599BE6489: ConfigurationManager, init=-1: peers:[96536830-8d0b-4e92-a25b-57c10a9efae7|rpc:10.1.0.5:32803|dataStream:10.1.0.5:33431|priority:1|startupRole:FOLLOWER]|listeners:[], old=null, confs=<EMPTY_MAP>
2023-03-10 22:30:43,925 [pool-118-thread-1] INFO  server.RaftServerConfigKeys (ConfUtils.java:logGet(46)) - raft.server.storage.dir = [/home/runner/work/ozone/ozone/hadoop-ozone/integration-test/target/test-dir/MiniOzoneClusterImpl-7a8fa31f-7ad0-4349-83ec-1d9026649271/datanode-2/data/ratis] (custom)
2023-03-10 22:30:43,926 [pool-118-thread-1] INFO  server.RaftServerConfigKeys (ConfUtils.java:logGet(46)) - raft.server.log.corruption.policy = EXCEPTION (default)
2023-03-10 22:30:43,926 [pool-118-thread-1] INFO  server.RaftServerConfigKeys (ConfUtils.java:logGet(46)) - raft.server.storage.free-space.min = 0MB (=0) (default)
2023-03-10 22:30:43,926 [pool-118-thread-1] INFO  server.RaftServerConfigKeys (ConfUtils.java:logGet(46)) - raft.server.notification.no-leader.timeout = 300s (custom)
2023-03-10 22:30:43,926 [pool-118-thread-1] INFO  server.RaftServerConfigKeys (ConfUtils.java:logGet(46)) - raft.server.retrycache.expirytime = 600000ms (custom)
2023-03-10 22:30:43,926 [pool-118-thread-1] INFO  server.RaftServerConfigKeys (ConfUtils.java:logGet(46)) - raft.server.retrycache.statistics.expirytime = 100μs (default)
2023-03-10 22:30:43,926 [Listener at 127.0.0.1/40251] INFO  ozone.MiniOzoneClusterImpl (MiniOzoneClusterImpl.java:lambda$waitForClusterToBeReady$0(218)) - Nodes are ready. Got 3 of 3 DN Heartbeats.
2023-03-10 22:30:43,926 [Listener at 127.0.0.1/40251] INFO  ozone.MiniOzoneClusterImpl (MiniOzoneClusterImpl.java:lambda$waitForClusterToBeReady$0(221)) - Waiting for cluster to exit safe mode
2023-03-10 22:30:43,926 [Listener at 127.0.0.1/40251] INFO  ozone.MiniOzoneClusterImpl (MiniOzoneClusterImpl.java:lambda$waitForClusterToBeReady$0(223)) - SCM became leader
2023-03-10 22:30:43,929 [pool-118-thread-1] INFO  server.RaftServerConfigKeys (ConfUtils.java:logGet(46)) - raft.server.log.appender.install.snapshot.enabled = false (custom)
2023-03-10 22:30:43,929 [pool-118-thread-1] INFO  server.RaftServerConfigKeys (ConfUtils.java:logGet(46)) - raft.server.threadpool.server.cached = true (default)
2023-03-10 22:30:43,929 [pool-118-thread-1] INFO  server.RaftServerConfigKeys (ConfUtils.java:logGet(46)) - raft.server.threadpool.server.size = 0 (default)
2023-03-10 22:30:43,929 [pool-118-thread-1] INFO  server.RaftServerConfigKeys (ConfUtils.java:logGet(46)) - raft.server.threadpool.client.cached = true (default)
2023-03-10 22:30:43,929 [pool-118-thread-1] INFO  server.RaftServerConfigKeys (ConfUtils.java:logGet(46)) - raft.server.threadpool.client.size = 0 (default)
2023-03-10 22:30:43,929 [pool-118-thread-1] INFO  storage.RaftStorageDirectory (RaftStorageDirectoryImpl.java:analyzeStorage(137)) - The storage directory /home/runner/work/ozone/ozone/hadoop-ozone/integration-test/target/test-dir/MiniOzoneClusterImpl-7a8fa31f-7ad0-4349-83ec-1d9026649271/datanode-2/data/ratis/6543f672-5b7d-43bc-bc91-f77599be6489 does not exist. Creating ...
2023-03-10 22:30:43,930 [pool-118-thread-1] INFO  storage.RaftStorageDirectory (RaftStorageDirectoryImpl.java:tryLock(231)) - Lock on /home/runner/work/ozone/ozone/hadoop-ozone/integration-test/target/test-dir/MiniOzoneClusterImpl-7a8fa31f-7ad0-4349-83ec-1d9026649271/datanode-2/data/ratis/6543f672-5b7d-43bc-bc91-f77599be6489/in_use.lock acquired by nodename 2378@fv-az259-306
2023-03-10 22:30:43,932 [pool-118-thread-1] INFO  storage.RaftStorage (RaftStorageImpl.java:format(96)) - Storage directory /home/runner/work/ozone/ozone/hadoop-ozone/integration-test/target/test-dir/MiniOzoneClusterImpl-7a8fa31f-7ad0-4349-83ec-1d9026649271/datanode-2/data/ratis/6543f672-5b7d-43bc-bc91-f77599be6489 has been successfully formatted.
2023-03-10 22:30:43,932 [pool-118-thread-1] INFO  ratis.ContainerStateMachine (ContainerStateMachine.java:loadSnapshot(262)) - group-F77599BE6489: The snapshot info is null. Setting the last applied indexto:(t:0, i:~)
2023-03-10 22:30:43,932 [pool-118-thread-1] INFO  server.RaftServerConfigKeys (ConfUtils.java:logGet(46)) - raft.server.log.use.memory = false (default)
2023-03-10 22:30:43,932 [pool-118-thread-1] INFO  server.RaftServerConfigKeys (ConfUtils.java:logGet(46)) - raft.server.log.purge.gap = 1000000 (custom)
2023-03-10 22:30:43,932 [pool-118-thread-1] INFO  server.RaftServerConfigKeys (ConfUtils.java:logGet(46)) - raft.server.log.appender.buffer.byte-limit = 33554432 (custom)
2023-03-10 22:30:43,932 [pool-118-thread-1] INFO  server.RaftServerConfigKeys (ConfUtils.java:logGet(46)) - raft.server.log.statemachine.data.read.timeout = 1000ms (default)
2023-03-10 22:30:43,933 [pool-118-thread-1] INFO  server.RaftServerConfigKeys (ConfUtils.java:logGet(46)) - raft.server.log.purge.preservation.log.num = 0 (default)
2023-03-10 22:30:43,933 [pool-118-thread-1] INFO  server.RaftServerConfigKeys (ConfUtils.java:logGet(46)) - raft.server.log.segment.size.max = 1048576 (custom)
2023-03-10 22:30:43,935 [pool-118-thread-1] INFO  server.RaftServerConfigKeys (ConfUtils.java:logGet(46)) - raft.server.log.segment.cache.num.max = 2 (custom)
2023-03-10 22:30:43,935 [pool-118-thread-1] INFO  server.RaftServerConfigKeys (ConfUtils.java:logGet(46)) - raft.server.log.segment.cache.size.max = 200MB (=209715200) (default)
2023-03-10 22:30:43,935 [pool-118-thread-1] INFO  segmented.SegmentedRaftLogWorker (SegmentedRaftLogWorker.java:<init>(189)) - new 96536830-8d0b-4e92-a25b-57c10a9efae7@group-F77599BE6489-SegmentedRaftLogWorker for RaftStorageImpl:Storage Directory /home/runner/work/ozone/ozone/hadoop-ozone/integration-test/target/test-dir/MiniOzoneClusterImpl-7a8fa31f-7ad0-4349-83ec-1d9026649271/datanode-2/data/ratis/6543f672-5b7d-43bc-bc91-f77599be6489
2023-03-10 22:30:43,935 [pool-118-thread-1] INFO  server.RaftServerConfigKeys (ConfUtils.java:logGet(46)) - raft.server.log.queue.byte-limit = 4294967296 (custom)
2023-03-10 22:30:43,935 [pool-118-thread-1] INFO  server.RaftServerConfigKeys (ConfUtils.java:logGet(46)) - raft.server.log.queue.element-limit = 1024 (custom)
2023-03-10 22:30:43,936 [pool-118-thread-1] INFO  server.RaftServerConfigKeys (ConfUtils.java:logGet(46)) - raft.server.log.segment.size.max = 1048576 (custom)
2023-03-10 22:30:43,936 [pool-118-thread-1] INFO  server.RaftServerConfigKeys (ConfUtils.java:logGet(46)) - raft.server.log.preallocated.size = 16384 (custom)
2023-03-10 22:30:43,936 [pool-118-thread-1] INFO  server.RaftServerConfigKeys (ConfUtils.java:logGet(46)) - raft.server.log.force.sync.num = 128 (default)
2023-03-10 22:30:43,936 [pool-118-thread-1] INFO  server.RaftServerConfigKeys (ConfUtils.java:logGet(46)) - raft.server.log.statemachine.data.sync = true (default)
2023-03-10 22:30:43,936 [EventQueue-PipelineReportForPipelineReportHandler] INFO  pipeline.PipelineManagerImpl (PipelineManagerImpl.java:openPipeline(367)) - Pipeline Pipeline[ Id: 6543f672-5b7d-43bc-bc91-f77599be6489, Nodes: 96536830-8d0b-4e92-a25b-57c10a9efae7(fv-az259-306.nxnqhby4qkoexpon2s1bx5vqxg.dx.internal.cloudapp.net/10.1.0.5), ReplicationConfig: RATIS/ONE, State:ALLOCATED, leaderId:96536830-8d0b-4e92-a25b-57c10a9efae7, CreationTimestamp2023-03-10T22:30:40.927Z[Etc/UTC]] moved to OPEN state
2023-03-10 22:30:43,936 [pool-118-thread-1] INFO  server.RaftServerConfigKeys (ConfUtils.java:logGet(46)) - raft.server.log.statemachine.data.sync.timeout = 10s (default)
2023-03-10 22:30:43,936 [pool-118-thread-1] INFO  server.RaftServerConfigKeys (ConfUtils.java:logGet(46)) - raft.server.log.statemachine.data.sync.timeout.retry = -1 (default)
2023-03-10 22:30:43,936 [EventQueue-OpenPipelineForHealthyPipelineSafeModeRule] INFO  safemode.SCMSafeModeManager (HealthyPipelineSafeModeRule.java:process(137)) - SCM in safe mode. Healthy pipelines reported count is 0, required healthy pipeline reported count is 1
2023-03-10 22:30:43,937 [pool-118-thread-1] INFO  server.RaftServerConfigKeys (ConfUtils.java:logGet(46)) - raft.server.log.write.buffer.size = 1048576 (custom)
2023-03-10 22:30:43,938 [pool-118-thread-1] INFO  server.RaftServerConfigKeys (ConfUtils.java:logGet(46)) - raft.server.log.appender.buffer.byte-limit = 33554432 (custom)
2023-03-10 22:30:44,188 [JvmPauseMonitor3] WARN  util.JvmPauseMonitor (JvmPauseMonitor.java:detectPause(126)) - JvmPauseMonitor-96536830-8d0b-4e92-a25b-57c10a9efae7: Detected pause in JVM or host machine (eg GC): pause of approximately 222737093ns.
GC pool 'PS MarkSweep' had collection(s): count=1 time=147ms
GC pool 'PS Scavenge' had collection(s): count=1 time=94ms
2023-03-10 22:30:44,189 [JvmPauseMonitor0] WARN  util.JvmPauseMonitor (JvmPauseMonitor.java:detectPause(126)) - JvmPauseMonitor-om1: Detected pause in JVM or host machine (eg GC): pause of approximately 237773153ns.
GC pool 'PS MarkSweep' had collection(s): count=1 time=147ms
GC pool 'PS Scavenge' had collection(s): count=1 time=94ms
2023-03-10 22:30:44,189 [pool-118-thread-1] INFO  server.RaftServerConfigKeys (ConfUtils.java:logGet(46)) - raft.server.log.unsafe-flush.enabled = false (default)
2023-03-10 22:30:44,189 [pool-118-thread-1] INFO  server.RaftServerConfigKeys (ConfUtils.java:logGet(46)) - raft.server.log.async-flush.enabled = false (default)
2023-03-10 22:30:44,189 [pool-118-thread-1] INFO  server.RaftServerConfigKeys (ConfUtils.java:logGet(46)) - raft.server.log.statemachine.data.caching.enabled = true (custom)
2023-03-10 22:30:44,190 [pool-118-thread-1] INFO  segmented.SegmentedRaftLogWorker (SegmentedRaftLogWorker.java:lambda$new$0(135)) - 96536830-8d0b-4e92-a25b-57c10a9efae7@group-F77599BE6489-SegmentedRaftLogWorker: flushIndex: setUnconditionally 0 -> -1
2023-03-10 22:30:44,190 [pool-118-thread-1] INFO  segmented.SegmentedRaftLogWorker (SegmentedRaftLogWorker.java:lambda$new$0(135)) - 96536830-8d0b-4e92-a25b-57c10a9efae7@group-F77599BE6489-SegmentedRaftLogWorker: safeCacheEvictIndex: setUnconditionally 0 -> -1
2023-03-10 22:30:44,190 [pool-118-thread-1] INFO  server.RaftServer$Division (RaftServerImpl.java:start(334)) - 96536830-8d0b-4e92-a25b-57c10a9efae7@group-F77599BE6489: start as a follower, conf=-1: peers:[96536830-8d0b-4e92-a25b-57c10a9efae7|rpc:10.1.0.5:32803|dataStream:10.1.0.5:33431|priority:1|startupRole:FOLLOWER]|listeners:[], old=null
2023-03-10 22:30:44,190 [pool-118-thread-1] INFO  server.RaftServer$Division (RaftServerImpl.java:setRole(321)) - 96536830-8d0b-4e92-a25b-57c10a9efae7@group-F77599BE6489: changes role from      null to FOLLOWER at term 0 for startAsFollower
2023-03-10 22:30:44,190 [pool-118-thread-1] INFO  impl.RoleInfo (RoleInfo.java:updateAndGet(139)) - 96536830-8d0b-4e92-a25b-57c10a9efae7: start 96536830-8d0b-4e92-a25b-57c10a9efae7@group-F77599BE6489-FollowerState
2023-03-10 22:30:44,190 [96536830-8d0b-4e92-a25b-57c10a9efae7@group-F77599BE6489-FollowerState] INFO  server.RaftServerConfigKeys (ConfUtils.java:logFallback(53)) - raft.server.rpc.first-election.timeout.min = 5s (fallback to raft.server.rpc.timeout.min)
2023-03-10 22:30:44,191 [pool-118-thread-1] INFO  util.JmxRegister (JmxRegister.java:tryRegister(44)) - Successfully registered JMX Bean with object name Ratis:service=RaftServer,group=group-F77599BE6489,id=96536830-8d0b-4e92-a25b-57c10a9efae7
2023-03-10 22:30:44,191 [96536830-8d0b-4e92-a25b-57c10a9efae7@group-F77599BE6489-FollowerState] INFO  server.RaftServerConfigKeys (ConfUtils.java:logFallback(53)) - raft.server.rpc.first-election.timeout.max = 5200ms (fallback to raft.server.rpc.timeout.max)
2023-03-10 22:30:44,191 [pool-118-thread-1] INFO  server.RaftServerConfigKeys (ConfUtils.java:logGet(46)) - raft.server.snapshot.auto.trigger.enabled = true (custom)
2023-03-10 22:30:44,195 [pool-118-thread-1] INFO  server.RaftServerConfigKeys (ConfUtils.java:logGet(46)) - raft.server.snapshot.auto.trigger.threshold = 10000 (custom)
2023-03-10 22:30:44,195 [pool-118-thread-1] INFO  server.RaftServerConfigKeys (ConfUtils.java:logGet(46)) - raft.server.snapshot.retention.file.num = 5 (custom)
2023-03-10 22:30:44,195 [pool-118-thread-1] INFO  server.RaftServerConfigKeys (ConfUtils.java:logGet(46)) - raft.server.log.purge.upto.snapshot.index = false (default)
2023-03-10 22:30:44,196 [Command processor thread] INFO  ratis.XceiverServerRatis (XceiverServerRatis.java:addGroup(807)) - Created group PipelineID=6543f672-5b7d-43bc-bc91-f77599be6489
2023-03-10 22:30:44,196 [Command processor thread] INFO  commandhandler.CreatePipelineCommandHandler (CreatePipelineCommandHandler.java:handle(113)) - Created Pipeline RATIS ONE PipelineID=6543f672-5b7d-43bc-bc91-f77599be6489.
2023-03-10 22:30:44,927 [Listener at 127.0.0.1/40251] INFO  ozone.MiniOzoneClusterImpl (MiniOzoneClusterImpl.java:lambda$waitForClusterToBeReady$0(218)) - Nodes are ready. Got 3 of 3 DN Heartbeats.
2023-03-10 22:30:44,927 [Listener at 127.0.0.1/40251] INFO  ozone.MiniOzoneClusterImpl (MiniOzoneClusterImpl.java:lambda$waitForClusterToBeReady$0(221)) - Waiting for cluster to exit safe mode
2023-03-10 22:30:44,927 [Listener at 127.0.0.1/40251] INFO  ozone.MiniOzoneClusterImpl (MiniOzoneClusterImpl.java:lambda$waitForClusterToBeReady$0(223)) - SCM became leader
2023-03-10 22:30:45,927 [Listener at 127.0.0.1/40251] INFO  ozone.MiniOzoneClusterImpl (MiniOzoneClusterImpl.java:lambda$waitForClusterToBeReady$0(218)) - Nodes are ready. Got 3 of 3 DN Heartbeats.
2023-03-10 22:30:45,928 [Listener at 127.0.0.1/40251] INFO  ozone.MiniOzoneClusterImpl (MiniOzoneClusterImpl.java:lambda$waitForClusterToBeReady$0(221)) - Waiting for cluster to exit safe mode
2023-03-10 22:30:45,928 [Listener at 127.0.0.1/40251] INFO  ozone.MiniOzoneClusterImpl (MiniOzoneClusterImpl.java:lambda$waitForClusterToBeReady$0(223)) - SCM became leader
2023-03-10 22:30:46,928 [Listener at 127.0.0.1/40251] INFO  ozone.MiniOzoneClusterImpl (MiniOzoneClusterImpl.java:lambda$waitForClusterToBeReady$0(218)) - Nodes are ready. Got 3 of 3 DN Heartbeats.
2023-03-10 22:30:46,928 [Listener at 127.0.0.1/40251] INFO  ozone.MiniOzoneClusterImpl (MiniOzoneClusterImpl.java:lambda$waitForClusterToBeReady$0(221)) - Waiting for cluster to exit safe mode
2023-03-10 22:30:46,929 [Listener at 127.0.0.1/40251] INFO  ozone.MiniOzoneClusterImpl (MiniOzoneClusterImpl.java:lambda$waitForClusterToBeReady$0(223)) - SCM became leader
2023-03-10 22:30:47,929 [Listener at 127.0.0.1/40251] INFO  ozone.MiniOzoneClusterImpl (MiniOzoneClusterImpl.java:lambda$waitForClusterToBeReady$0(218)) - Nodes are ready. Got 3 of 3 DN Heartbeats.
2023-03-10 22:30:47,929 [Listener at 127.0.0.1/40251] INFO  ozone.MiniOzoneClusterImpl (MiniOzoneClusterImpl.java:lambda$waitForClusterToBeReady$0(221)) - Waiting for cluster to exit safe mode
2023-03-10 22:30:47,929 [Listener at 127.0.0.1/40251] INFO  ozone.MiniOzoneClusterImpl (MiniOzoneClusterImpl.java:lambda$waitForClusterToBeReady$0(223)) - SCM became leader
2023-03-10 22:30:48,132 [2aff4a56-46da-424c-8361-de221ca2b011@group-26F820CB6466-FollowerState] INFO  impl.FollowerState (FollowerState.java:run(143)) - 2aff4a56-46da-424c-8361-de221ca2b011@group-26F820CB6466-FollowerState: change to CANDIDATE, lastRpcElapsedTime:5037618874ns, electionTimeout:5036ms
2023-03-10 22:30:48,132 [2aff4a56-46da-424c-8361-de221ca2b011@group-26F820CB6466-FollowerState] INFO  impl.RoleInfo (RoleInfo.java:shutdownFollowerState(110)) - 2aff4a56-46da-424c-8361-de221ca2b011: shutdown 2aff4a56-46da-424c-8361-de221ca2b011@group-26F820CB6466-FollowerState
2023-03-10 22:30:48,132 [2aff4a56-46da-424c-8361-de221ca2b011@group-26F820CB6466-FollowerState] INFO  server.RaftServer$Division (RaftServerImpl.java:setRole(321)) - 2aff4a56-46da-424c-8361-de221ca2b011@group-26F820CB6466: changes role from  FOLLOWER to CANDIDATE at term 0 for changeToCandidate
2023-03-10 22:30:48,133 [2aff4a56-46da-424c-8361-de221ca2b011@group-26F820CB6466-FollowerState] INFO  server.RaftServerConfigKeys (ConfUtils.java:logGet(46)) - raft.server.leaderelection.pre-vote = true (default)
2023-03-10 22:30:48,133 [2aff4a56-46da-424c-8361-de221ca2b011@group-26F820CB6466-FollowerState] INFO  impl.RoleInfo (RoleInfo.java:updateAndGet(139)) - 2aff4a56-46da-424c-8361-de221ca2b011: start 2aff4a56-46da-424c-8361-de221ca2b011@group-26F820CB6466-LeaderElection2
2023-03-10 22:30:48,135 [2aff4a56-46da-424c-8361-de221ca2b011@group-26F820CB6466-LeaderElection2] INFO  impl.LeaderElection (LeaderElection.java:askForVotes(312)) - 2aff4a56-46da-424c-8361-de221ca2b011@group-26F820CB6466-LeaderElection2 PRE_VOTE round 0: submit vote requests at term 0 for -1: peers:[2aff4a56-46da-424c-8361-de221ca2b011|rpc:10.1.0.5:34299|dataStream:10.1.0.5:34343|priority:1|startupRole:FOLLOWER]|listeners:[], old=null
2023-03-10 22:30:48,135 [2aff4a56-46da-424c-8361-de221ca2b011@group-26F820CB6466-LeaderElection2] INFO  impl.LeaderElection (LeaderElection.java:askForVotes(314)) - 2aff4a56-46da-424c-8361-de221ca2b011@group-26F820CB6466-LeaderElection2 PRE_VOTE round 0: result PASSED (term=0)
2023-03-10 22:30:48,137 [2aff4a56-46da-424c-8361-de221ca2b011@group-26F820CB6466-LeaderElection2] INFO  impl.LeaderElection (LeaderElection.java:askForVotes(312)) - 2aff4a56-46da-424c-8361-de221ca2b011@group-26F820CB6466-LeaderElection2 ELECTION round 0: submit vote requests at term 1 for -1: peers:[2aff4a56-46da-424c-8361-de221ca2b011|rpc:10.1.0.5:34299|dataStream:10.1.0.5:34343|priority:1|startupRole:FOLLOWER]|listeners:[], old=null
2023-03-10 22:30:48,137 [2aff4a56-46da-424c-8361-de221ca2b011@group-26F820CB6466-LeaderElection2] INFO  impl.LeaderElection (LeaderElection.java:askForVotes(314)) - 2aff4a56-46da-424c-8361-de221ca2b011@group-26F820CB6466-LeaderElection2 ELECTION round 0: result PASSED (term=1)
2023-03-10 22:30:48,137 [2aff4a56-46da-424c-8361-de221ca2b011@group-26F820CB6466-LeaderElection2] INFO  impl.RoleInfo (RoleInfo.java:shutdownLeaderElection(130)) - 2aff4a56-46da-424c-8361-de221ca2b011: shutdown 2aff4a56-46da-424c-8361-de221ca2b011@group-26F820CB6466-LeaderElection2
2023-03-10 22:30:48,137 [2aff4a56-46da-424c-8361-de221ca2b011@group-26F820CB6466-LeaderElection2] INFO  server.RaftServer$Division (RaftServerImpl.java:setRole(321)) - 2aff4a56-46da-424c-8361-de221ca2b011@group-26F820CB6466: changes role from CANDIDATE to LEADER at term 1 for changeToLeader
2023-03-10 22:30:48,137 [2aff4a56-46da-424c-8361-de221ca2b011@group-26F820CB6466-LeaderElection2] INFO  ratis.XceiverServerRatis (XceiverServerRatis.java:handleLeaderChangedNotification(905)) - Leader change notification received for group: group-26F820CB6466 with new leaderId: 2aff4a56-46da-424c-8361-de221ca2b011
2023-03-10 22:30:48,137 [2aff4a56-46da-424c-8361-de221ca2b011@group-26F820CB6466-LeaderElection2] INFO  server.RaftServer$Division (ServerState.java:setLeader(313)) - 2aff4a56-46da-424c-8361-de221ca2b011@group-26F820CB6466: change Leader from null to 2aff4a56-46da-424c-8361-de221ca2b011 at term 1 for becomeLeader, leader elected after 5066ms
2023-03-10 22:30:48,138 [2aff4a56-46da-424c-8361-de221ca2b011@group-26F820CB6466-LeaderElection2] INFO  server.RaftServerConfigKeys (ConfUtils.java:logGet(46)) - raft.server.staging.catchup.gap = 1000 (default)
2023-03-10 22:30:48,138 [2aff4a56-46da-424c-8361-de221ca2b011@group-26F820CB6466-LeaderElection2] INFO  server.RaftServerConfigKeys (ConfUtils.java:logGet(46)) - raft.server.write.element-limit = 1024 (custom)
2023-03-10 22:30:48,138 [2aff4a56-46da-424c-8361-de221ca2b011@group-26F820CB6466-LeaderElection2] INFO  server.RaftServerConfigKeys (ConfUtils.java:logGet(46)) - raft.server.write.byte-limit = 1024 M (=1073741824) (custom)
2023-03-10 22:30:48,138 [2aff4a56-46da-424c-8361-de221ca2b011@group-26F820CB6466-LeaderElection2] INFO  server.RaftServerConfigKeys (ConfUtils.java:logGet(46)) - raft.server.watch.timeout = 180s (custom)
2023-03-10 22:30:48,138 [2aff4a56-46da-424c-8361-de221ca2b011@group-26F820CB6466-LeaderElection2] INFO  server.RaftServerConfigKeys (ConfUtils.java:logGet(46)) - raft.server.watch.timeout.denomination = 1s (default)
2023-03-10 22:30:48,138 [2aff4a56-46da-424c-8361-de221ca2b011@group-26F820CB6466-LeaderElection2] INFO  server.RaftServerConfigKeys (ConfUtils.java:logGet(46)) - raft.server.watch.element-limit = 65536 (default)
2023-03-10 22:30:48,138 [2aff4a56-46da-424c-8361-de221ca2b011@group-26F820CB6466-LeaderElection2] INFO  server.RaftServerConfigKeys (ConfUtils.java:logGet(46)) - raft.server.write.element-limit = 1024 (custom)
2023-03-10 22:30:48,139 [2aff4a56-46da-424c-8361-de221ca2b011@group-26F820CB6466-LeaderElection2] INFO  server.RaftServerConfigKeys (ConfUtils.java:logGet(46)) - raft.server.write.follower.gap.ratio.max = -1.0 (default)
2023-03-10 22:30:48,139 [2aff4a56-46da-424c-8361-de221ca2b011@group-26F820CB6466-LeaderElection2] INFO  impl.RoleInfo (RoleInfo.java:updateAndGet(139)) - 2aff4a56-46da-424c-8361-de221ca2b011: start 2aff4a56-46da-424c-8361-de221ca2b011@group-26F820CB6466-LeaderStateImpl
2023-03-10 22:30:48,139 [2aff4a56-46da-424c-8361-de221ca2b011@group-26F820CB6466-LeaderElection2] INFO  segmented.SegmentedRaftLogWorker (SegmentedRaftLogWorker.java:startLogSegment(452)) - 2aff4a56-46da-424c-8361-de221ca2b011@group-26F820CB6466-SegmentedRaftLogWorker: Starting segment from index:0
2023-03-10 22:30:48,141 [2aff4a56-46da-424c-8361-de221ca2b011@group-26F820CB6466-SegmentedRaftLogWorker] INFO  segmented.SegmentedRaftLogWorker (SegmentedRaftLogWorker.java:execute(656)) - 2aff4a56-46da-424c-8361-de221ca2b011@group-26F820CB6466-SegmentedRaftLogWorker: created new log segment /home/runner/work/ozone/ozone/hadoop-ozone/integration-test/target/test-dir/MiniOzoneClusterImpl-7a8fa31f-7ad0-4349-83ec-1d9026649271/datanode-0/data/ratis/bda9b98f-ce14-4de1-84e8-26f820cb6466/current/log_inprogress_0
2023-03-10 22:30:48,144 [2aff4a56-46da-424c-8361-de221ca2b011@group-26F820CB6466-LeaderElection2] INFO  server.RaftServer$Division (ServerState.java:setRaftConf(430)) - 2aff4a56-46da-424c-8361-de221ca2b011@group-26F820CB6466: set configuration 0: peers:[2aff4a56-46da-424c-8361-de221ca2b011|rpc:10.1.0.5:34299|dataStream:10.1.0.5:34343|priority:1|startupRole:FOLLOWER]|listeners:[], old=null
2023-03-10 22:30:48,145 [EventQueue-OpenPipelineForHealthyPipelineSafeModeRule] INFO  safemode.SCMSafeModeManager (HealthyPipelineSafeModeRule.java:process(137)) - SCM in safe mode. Healthy pipelines reported count is 0, required healthy pipeline reported count is 1
2023-03-10 22:30:48,260 [2aff4a56-46da-424c-8361-de221ca2b011@group-39E2D222A29F-FollowerState] INFO  impl.FollowerState (FollowerState.java:run(143)) - 2aff4a56-46da-424c-8361-de221ca2b011@group-39E2D222A29F-FollowerState: change to CANDIDATE, lastRpcElapsedTime:5129935156ns, electionTimeout:5129ms
2023-03-10 22:30:48,261 [2aff4a56-46da-424c-8361-de221ca2b011@group-39E2D222A29F-FollowerState] INFO  impl.RoleInfo (RoleInfo.java:shutdownFollowerState(110)) - 2aff4a56-46da-424c-8361-de221ca2b011: shutdown 2aff4a56-46da-424c-8361-de221ca2b011@group-39E2D222A29F-FollowerState
2023-03-10 22:30:48,261 [2aff4a56-46da-424c-8361-de221ca2b011@group-39E2D222A29F-FollowerState] INFO  server.RaftServer$Division (RaftServerImpl.java:setRole(321)) - 2aff4a56-46da-424c-8361-de221ca2b011@group-39E2D222A29F: changes role from  FOLLOWER to CANDIDATE at term 0 for changeToCandidate
2023-03-10 22:30:48,262 [2aff4a56-46da-424c-8361-de221ca2b011@group-39E2D222A29F-FollowerState] INFO  server.RaftServerConfigKeys (ConfUtils.java:logGet(46)) - raft.server.leaderelection.pre-vote = true (default)
2023-03-10 22:30:48,262 [2aff4a56-46da-424c-8361-de221ca2b011@group-39E2D222A29F-FollowerState] INFO  impl.RoleInfo (RoleInfo.java:updateAndGet(139)) - 2aff4a56-46da-424c-8361-de221ca2b011: start 2aff4a56-46da-424c-8361-de221ca2b011@group-39E2D222A29F-LeaderElection3
2023-03-10 22:30:48,264 [2aff4a56-46da-424c-8361-de221ca2b011@group-39E2D222A29F-LeaderElection3] INFO  impl.LeaderElection (LeaderElection.java:askForVotes(312)) - 2aff4a56-46da-424c-8361-de221ca2b011@group-39E2D222A29F-LeaderElection3 PRE_VOTE round 0: submit vote requests at term 0 for -1: peers:[2aff4a56-46da-424c-8361-de221ca2b011|rpc:10.1.0.5:34299|dataStream:10.1.0.5:34343|priority:0|startupRole:FOLLOWER, 96536830-8d0b-4e92-a25b-57c10a9efae7|rpc:10.1.0.5:32803|dataStream:10.1.0.5:33431|priority:0|startupRole:FOLLOWER, dc196179-b1e0-4b48-bee9-7be9d5f3af19|rpc:10.1.0.5:46641|dataStream:10.1.0.5:46507|priority:1|startupRole:FOLLOWER]|listeners:[], old=null
2023-03-10 22:30:48,269 [2aff4a56-46da-424c-8361-de221ca2b011@group-39E2D222A29F-LeaderElection3] INFO  server.RaftServerConfigKeys (ConfUtils.java:logFallback(53)) - raft.server.rpc.first-election.timeout.min = 5s (fallback to raft.server.rpc.timeout.min)
2023-03-10 22:30:48,269 [2aff4a56-46da-424c-8361-de221ca2b011@group-39E2D222A29F-LeaderElection3] INFO  server.RaftServerConfigKeys (ConfUtils.java:logFallback(53)) - raft.server.rpc.first-election.timeout.max = 5200ms (fallback to raft.server.rpc.timeout.max)
2023-03-10 22:30:48,271 [2aff4a56-46da-424c-8361-de221ca2b011@group-39E2D222A29F-LeaderElection3-2] INFO  server.GrpcServerProtocolClient (GrpcServerProtocolClient.java:<init>(63)) - Build channel for dc196179-b1e0-4b48-bee9-7be9d5f3af19
2023-03-10 22:30:48,279 [2aff4a56-46da-424c-8361-de221ca2b011@group-39E2D222A29F-LeaderElection3-1] INFO  server.GrpcServerProtocolClient (GrpcServerProtocolClient.java:<init>(63)) - Build channel for 96536830-8d0b-4e92-a25b-57c10a9efae7
2023-03-10 22:30:48,296 [grpc-default-executor-1] INFO  server.RaftServer$Division (RaftServerImpl.java:requestVote(1218)) - dc196179-b1e0-4b48-bee9-7be9d5f3af19@group-39E2D222A29F: receive requestVote(PRE_VOTE, 2aff4a56-46da-424c-8361-de221ca2b011, group-39E2D222A29F, 0, (t:0, i:0))
2023-03-10 22:30:48,298 [grpc-default-executor-1] INFO  impl.VoteContext (VoteContext.java:log(49)) - dc196179-b1e0-4b48-bee9-7be9d5f3af19@group-39E2D222A29F-FOLLOWER: reject PRE_VOTE from 2aff4a56-46da-424c-8361-de221ca2b011: our priority 1 > candidate's priority 0
2023-03-10 22:30:48,301 [grpc-default-executor-1] INFO  server.RaftServer$Division (RaftServerImpl.java:requestVote(1251)) - dc196179-b1e0-4b48-bee9-7be9d5f3af19@group-39E2D222A29F replies to PRE_VOTE vote request: 2aff4a56-46da-424c-8361-de221ca2b011<-dc196179-b1e0-4b48-bee9-7be9d5f3af19#0:FAIL-t0. Peer's state: dc196179-b1e0-4b48-bee9-7be9d5f3af19@group-39E2D222A29F:t0, leader=null, voted=, raftlog=Memoized:dc196179-b1e0-4b48-bee9-7be9d5f3af19@group-39E2D222A29F-SegmentedRaftLog:OPENED:c-1, conf=-1: peers:[2aff4a56-46da-424c-8361-de221ca2b011|rpc:10.1.0.5:34299|dataStream:10.1.0.5:34343|priority:0|startupRole:FOLLOWER, 96536830-8d0b-4e92-a25b-57c10a9efae7|rpc:10.1.0.5:32803|dataStream:10.1.0.5:33431|priority:0|startupRole:FOLLOWER, dc196179-b1e0-4b48-bee9-7be9d5f3af19|rpc:10.1.0.5:46641|dataStream:10.1.0.5:46507|priority:1|startupRole:FOLLOWER]|listeners:[], old=null
2023-03-10 22:30:48,305 [2aff4a56-46da-424c-8361-de221ca2b011@group-39E2D222A29F-LeaderElection3] INFO  impl.LeaderElection (LeaderElection.java:logAndReturn(90)) - 2aff4a56-46da-424c-8361-de221ca2b011@group-39E2D222A29F-LeaderElection3: PRE_VOTE REJECTED received 1 response(s) and 0 exception(s):
2023-03-10 22:30:48,305 [2aff4a56-46da-424c-8361-de221ca2b011@group-39E2D222A29F-LeaderElection3] INFO  impl.LeaderElection (LeaderElection.java:logAndReturn(94)) -   Response 0: 2aff4a56-46da-424c-8361-de221ca2b011<-dc196179-b1e0-4b48-bee9-7be9d5f3af19#0:FAIL-t0
2023-03-10 22:30:48,305 [2aff4a56-46da-424c-8361-de221ca2b011@group-39E2D222A29F-LeaderElection3] INFO  impl.LeaderElection (LeaderElection.java:askForVotes(314)) - 2aff4a56-46da-424c-8361-de221ca2b011@group-39E2D222A29F-LeaderElection3 PRE_VOTE round 0: result REJECTED
2023-03-10 22:30:48,306 [grpc-default-executor-0] INFO  server.RaftServer$Division (RaftServerImpl.java:requestVote(1218)) - 96536830-8d0b-4e92-a25b-57c10a9efae7@group-39E2D222A29F: receive requestVote(PRE_VOTE, 2aff4a56-46da-424c-8361-de221ca2b011, group-39E2D222A29F, 0, (t:0, i:0))
2023-03-10 22:30:48,306 [2aff4a56-46da-424c-8361-de221ca2b011@group-39E2D222A29F-LeaderElection3] INFO  server.RaftServer$Division (RaftServerImpl.java:setRole(321)) - 2aff4a56-46da-424c-8361-de221ca2b011@group-39E2D222A29F: changes role from CANDIDATE to FOLLOWER at term 0 for REJECTED
2023-03-10 22:30:48,307 [grpc-default-executor-0] INFO  impl.VoteContext (VoteContext.java:log(49)) - 96536830-8d0b-4e92-a25b-57c10a9efae7@group-39E2D222A29F-FOLLOWER: accept PRE_VOTE from 2aff4a56-46da-424c-8361-de221ca2b011: our priority 0 <= candidate's priority 0
2023-03-10 22:30:48,307 [2aff4a56-46da-424c-8361-de221ca2b011@group-39E2D222A29F-LeaderElection3] INFO  impl.RoleInfo (RoleInfo.java:shutdownLeaderElection(130)) - 2aff4a56-46da-424c-8361-de221ca2b011: shutdown 2aff4a56-46da-424c-8361-de221ca2b011@group-39E2D222A29F-LeaderElection3
2023-03-10 22:30:48,307 [2aff4a56-46da-424c-8361-de221ca2b011@group-39E2D222A29F-LeaderElection3] INFO  impl.RoleInfo (RoleInfo.java:updateAndGet(139)) - 2aff4a56-46da-424c-8361-de221ca2b011: start 2aff4a56-46da-424c-8361-de221ca2b011@group-39E2D222A29F-FollowerState
2023-03-10 22:30:48,308 [2aff4a56-46da-424c-8361-de221ca2b011@group-39E2D222A29F-FollowerState] INFO  server.RaftServerConfigKeys (ConfUtils.java:logFallback(53)) - raft.server.rpc.first-election.timeout.min = 5s (fallback to raft.server.rpc.timeout.min)
2023-03-10 22:30:48,308 [2aff4a56-46da-424c-8361-de221ca2b011@group-39E2D222A29F-FollowerState] INFO  server.RaftServerConfigKeys (ConfUtils.java:logFallback(53)) - raft.server.rpc.first-election.timeout.max = 5200ms (fallback to raft.server.rpc.timeout.max)
2023-03-10 22:30:48,309 [grpc-default-executor-0] INFO  server.RaftServer$Division (RaftServerImpl.java:requestVote(1251)) - 96536830-8d0b-4e92-a25b-57c10a9efae7@group-39E2D222A29F replies to PRE_VOTE vote request: 2aff4a56-46da-424c-8361-de221ca2b011<-96536830-8d0b-4e92-a25b-57c10a9efae7#0:OK-t0. Peer's state: 96536830-8d0b-4e92-a25b-57c10a9efae7@group-39E2D222A29F:t0, leader=null, voted=, raftlog=Memoized:96536830-8d0b-4e92-a25b-57c10a9efae7@group-39E2D222A29F-SegmentedRaftLog:OPENED:c-1, conf=-1: peers:[2aff4a56-46da-424c-8361-de221ca2b011|rpc:10.1.0.5:34299|dataStream:10.1.0.5:34343|priority:0|startupRole:FOLLOWER, 96536830-8d0b-4e92-a25b-57c10a9efae7|rpc:10.1.0.5:32803|dataStream:10.1.0.5:33431|priority:0|startupRole:FOLLOWER, dc196179-b1e0-4b48-bee9-7be9d5f3af19|rpc:10.1.0.5:46641|dataStream:10.1.0.5:46507|priority:1|startupRole:FOLLOWER]|listeners:[], old=null
2023-03-10 22:30:48,644 [96536830-8d0b-4e92-a25b-57c10a9efae7@group-39E2D222A29F-FollowerState] INFO  server.RaftServerConfigKeys (ConfUtils.java:logFallback(53)) - raft.server.rpc.first-election.timeout.min = 5s (fallback to raft.server.rpc.timeout.min)
2023-03-10 22:30:48,644 [96536830-8d0b-4e92-a25b-57c10a9efae7@group-39E2D222A29F-FollowerState] INFO  server.RaftServerConfigKeys (ConfUtils.java:logFallback(53)) - raft.server.rpc.first-election.timeout.max = 5200ms (fallback to raft.server.rpc.timeout.max)
2023-03-10 22:30:48,688 [dc196179-b1e0-4b48-bee9-7be9d5f3af19@group-39E2D222A29F-FollowerState] INFO  impl.FollowerState (FollowerState.java:run(143)) - dc196179-b1e0-4b48-bee9-7be9d5f3af19@group-39E2D222A29F-FollowerState: change to CANDIDATE, lastRpcElapsedTime:5030662117ns, electionTimeout:5029ms
2023-03-10 22:30:48,689 [dc196179-b1e0-4b48-bee9-7be9d5f3af19@group-39E2D222A29F-FollowerState] INFO  impl.RoleInfo (RoleInfo.java:shutdownFollowerState(110)) - dc196179-b1e0-4b48-bee9-7be9d5f3af19: shutdown dc196179-b1e0-4b48-bee9-7be9d5f3af19@group-39E2D222A29F-FollowerState
2023-03-10 22:30:48,689 [dc196179-b1e0-4b48-bee9-7be9d5f3af19@group-39E2D222A29F-FollowerState] INFO  server.RaftServer$Division (RaftServerImpl.java:setRole(321)) - dc196179-b1e0-4b48-bee9-7be9d5f3af19@group-39E2D222A29F: changes role from  FOLLOWER to CANDIDATE at term 0 for changeToCandidate
2023-03-10 22:30:48,689 [dc196179-b1e0-4b48-bee9-7be9d5f3af19@group-39E2D222A29F-FollowerState] INFO  server.RaftServerConfigKeys (ConfUtils.java:logGet(46)) - raft.server.leaderelection.pre-vote = true (default)
2023-03-10 22:30:48,689 [dc196179-b1e0-4b48-bee9-7be9d5f3af19@group-39E2D222A29F-FollowerState] INFO  impl.RoleInfo (RoleInfo.java:updateAndGet(139)) - dc196179-b1e0-4b48-bee9-7be9d5f3af19: start dc196179-b1e0-4b48-bee9-7be9d5f3af19@group-39E2D222A29F-LeaderElection4
2023-03-10 22:30:48,690 [dc196179-b1e0-4b48-bee9-7be9d5f3af19@group-39E2D222A29F-LeaderElection4] INFO  impl.LeaderElection (LeaderElection.java:askForVotes(312)) - dc196179-b1e0-4b48-bee9-7be9d5f3af19@group-39E2D222A29F-LeaderElection4 PRE_VOTE round 0: submit vote requests at term 0 for -1: peers:[2aff4a56-46da-424c-8361-de221ca2b011|rpc:10.1.0.5:34299|dataStream:10.1.0.5:34343|priority:0|startupRole:FOLLOWER, 96536830-8d0b-4e92-a25b-57c10a9efae7|rpc:10.1.0.5:32803|dataStream:10.1.0.5:33431|priority:0|startupRole:FOLLOWER, dc196179-b1e0-4b48-bee9-7be9d5f3af19|rpc:10.1.0.5:46641|dataStream:10.1.0.5:46507|priority:1|startupRole:FOLLOWER]|listeners:[], old=null
2023-03-10 22:30:48,690 [dc196179-b1e0-4b48-bee9-7be9d5f3af19@group-39E2D222A29F-LeaderElection4-1] INFO  server.GrpcServerProtocolClient (GrpcServerProtocolClient.java:<init>(63)) - Build channel for 2aff4a56-46da-424c-8361-de221ca2b011
2023-03-10 22:30:48,693 [dc196179-b1e0-4b48-bee9-7be9d5f3af19@group-39E2D222A29F-LeaderElection4] INFO  server.RaftServerConfigKeys (ConfUtils.java:logFallback(53)) - raft.server.rpc.first-election.timeout.min = 5s (fallback to raft.server.rpc.timeout.min)
2023-03-10 22:30:48,695 [dc196179-b1e0-4b48-bee9-7be9d5f3af19@group-39E2D222A29F-LeaderElection4] INFO  server.RaftServerConfigKeys (ConfUtils.java:logFallback(53)) - raft.server.rpc.first-election.timeout.max = 5200ms (fallback to raft.server.rpc.timeout.max)
2023-03-10 22:30:48,695 [dc196179-b1e0-4b48-bee9-7be9d5f3af19@group-39E2D222A29F-LeaderElection4-2] INFO  server.GrpcServerProtocolClient (GrpcServerProtocolClient.java:<init>(63)) - Build channel for 96536830-8d0b-4e92-a25b-57c10a9efae7
2023-03-10 22:30:48,707 [grpc-default-executor-0] INFO  server.RaftServer$Division (RaftServerImpl.java:requestVote(1218)) - 2aff4a56-46da-424c-8361-de221ca2b011@group-39E2D222A29F: receive requestVote(PRE_VOTE, dc196179-b1e0-4b48-bee9-7be9d5f3af19, group-39E2D222A29F, 0, (t:0, i:0))
2023-03-10 22:30:48,707 [grpc-default-executor-0] INFO  impl.VoteContext (VoteContext.java:log(49)) - 2aff4a56-46da-424c-8361-de221ca2b011@group-39E2D222A29F-FOLLOWER: accept PRE_VOTE from dc196179-b1e0-4b48-bee9-7be9d5f3af19: our priority 0 <= candidate's priority 1
2023-03-10 22:30:48,707 [grpc-default-executor-0] INFO  server.RaftServer$Division (RaftServerImpl.java:requestVote(1251)) - 2aff4a56-46da-424c-8361-de221ca2b011@group-39E2D222A29F replies to PRE_VOTE vote request: dc196179-b1e0-4b48-bee9-7be9d5f3af19<-2aff4a56-46da-424c-8361-de221ca2b011#0:OK-t0. Peer's state: 2aff4a56-46da-424c-8361-de221ca2b011@group-39E2D222A29F:t0, leader=null, voted=, raftlog=Memoized:2aff4a56-46da-424c-8361-de221ca2b011@group-39E2D222A29F-SegmentedRaftLog:OPENED:c-1, conf=-1: peers:[2aff4a56-46da-424c-8361-de221ca2b011|rpc:10.1.0.5:34299|dataStream:10.1.0.5:34343|priority:0|startupRole:FOLLOWER, 96536830-8d0b-4e92-a25b-57c10a9efae7|rpc:10.1.0.5:32803|dataStream:10.1.0.5:33431|priority:0|startupRole:FOLLOWER, dc196179-b1e0-4b48-bee9-7be9d5f3af19|rpc:10.1.0.5:46641|dataStream:10.1.0.5:46507|priority:1|startupRole:FOLLOWER]|listeners:[], old=null
2023-03-10 22:30:48,709 [dc196179-b1e0-4b48-bee9-7be9d5f3af19@group-266884832DCE-FollowerState] INFO  impl.FollowerState (FollowerState.java:run(143)) - dc196179-b1e0-4b48-bee9-7be9d5f3af19@group-266884832DCE-FollowerState: change to CANDIDATE, lastRpcElapsedTime:5082083278ns, electionTimeout:5081ms
2023-03-10 22:30:48,710 [dc196179-b1e0-4b48-bee9-7be9d5f3af19@group-266884832DCE-FollowerState] INFO  impl.RoleInfo (RoleInfo.java:shutdownFollowerState(110)) - dc196179-b1e0-4b48-bee9-7be9d5f3af19: shutdown dc196179-b1e0-4b48-bee9-7be9d5f3af19@group-266884832DCE-FollowerState
2023-03-10 22:30:48,710 [dc196179-b1e0-4b48-bee9-7be9d5f3af19@group-266884832DCE-FollowerState] INFO  server.RaftServer$Division (RaftServerImpl.java:setRole(321)) - dc196179-b1e0-4b48-bee9-7be9d5f3af19@group-266884832DCE: changes role from  FOLLOWER to CANDIDATE at term 0 for changeToCandidate
2023-03-10 22:30:48,710 [dc196179-b1e0-4b48-bee9-7be9d5f3af19@group-266884832DCE-FollowerState] INFO  server.RaftServerConfigKeys (ConfUtils.java:logGet(46)) - raft.server.leaderelection.pre-vote = true (default)
2023-03-10 22:30:48,710 [dc196179-b1e0-4b48-bee9-7be9d5f3af19@group-266884832DCE-FollowerState] INFO  impl.RoleInfo (RoleInfo.java:updateAndGet(139)) - dc196179-b1e0-4b48-bee9-7be9d5f3af19: start dc196179-b1e0-4b48-bee9-7be9d5f3af19@group-266884832DCE-LeaderElection5
2023-03-10 22:30:48,716 [dc196179-b1e0-4b48-bee9-7be9d5f3af19@group-39E2D222A29F-LeaderElection4] INFO  impl.LeaderElection (LeaderElection.java:logAndReturn(90)) - dc196179-b1e0-4b48-bee9-7be9d5f3af19@group-39E2D222A29F-LeaderElection4: PRE_VOTE PASSED received 1 response(s) and 0 exception(s):
2023-03-10 22:30:48,718 [dc196179-b1e0-4b48-bee9-7be9d5f3af19@group-39E2D222A29F-LeaderElection4] INFO  impl.LeaderElection (LeaderElection.java:logAndReturn(94)) -   Response 0: dc196179-b1e0-4b48-bee9-7be9d5f3af19<-2aff4a56-46da-424c-8361-de221ca2b011#0:OK-t0
2023-03-10 22:30:48,718 [dc196179-b1e0-4b48-bee9-7be9d5f3af19@group-39E2D222A29F-LeaderElection4] INFO  impl.LeaderElection (LeaderElection.java:askForVotes(314)) - dc196179-b1e0-4b48-bee9-7be9d5f3af19@group-39E2D222A29F-LeaderElection4 PRE_VOTE round 0: result PASSED
2023-03-10 22:30:48,720 [grpc-default-executor-0] INFO  server.RaftServer$Division (RaftServerImpl.java:requestVote(1218)) - 96536830-8d0b-4e92-a25b-57c10a9efae7@group-39E2D222A29F: receive requestVote(PRE_VOTE, dc196179-b1e0-4b48-bee9-7be9d5f3af19, group-39E2D222A29F, 0, (t:0, i:0))
2023-03-10 22:30:48,720 [grpc-default-executor-0] INFO  impl.VoteContext (VoteContext.java:log(49)) - 96536830-8d0b-4e92-a25b-57c10a9efae7@group-39E2D222A29F-FOLLOWER: accept PRE_VOTE from dc196179-b1e0-4b48-bee9-7be9d5f3af19: our priority 0 <= candidate's priority 1
2023-03-10 22:30:48,721 [grpc-default-executor-0] INFO  server.RaftServer$Division (RaftServerImpl.java:requestVote(1251)) - 96536830-8d0b-4e92-a25b-57c10a9efae7@group-39E2D222A29F replies to PRE_VOTE vote request: dc196179-b1e0-4b48-bee9-7be9d5f3af19<-96536830-8d0b-4e92-a25b-57c10a9efae7#0:OK-t0. Peer's state: 96536830-8d0b-4e92-a25b-57c10a9efae7@group-39E2D222A29F:t0, leader=null, voted=, raftlog=Memoized:96536830-8d0b-4e92-a25b-57c10a9efae7@group-39E2D222A29F-SegmentedRaftLog:OPENED:c-1, conf=-1: peers:[2aff4a56-46da-424c-8361-de221ca2b011|rpc:10.1.0.5:34299|dataStream:10.1.0.5:34343|priority:0|startupRole:FOLLOWER, 96536830-8d0b-4e92-a25b-57c10a9efae7|rpc:10.1.0.5:32803|dataStream:10.1.0.5:33431|priority:0|startupRole:FOLLOWER, dc196179-b1e0-4b48-bee9-7be9d5f3af19|rpc:10.1.0.5:46641|dataStream:10.1.0.5:46507|priority:1|startupRole:FOLLOWER]|listeners:[], old=null
2023-03-10 22:30:48,722 [dc196179-b1e0-4b48-bee9-7be9d5f3af19@group-266884832DCE-LeaderElection5] INFO  impl.LeaderElection (LeaderElection.java:askForVotes(312)) - dc196179-b1e0-4b48-bee9-7be9d5f3af19@group-266884832DCE-LeaderElection5 PRE_VOTE round 0: submit vote requests at term 0 for -1: peers:[dc196179-b1e0-4b48-bee9-7be9d5f3af19|rpc:10.1.0.5:46641|dataStream:10.1.0.5:46507|priority:1|startupRole:FOLLOWER]|listeners:[], old=null
2023-03-10 22:30:48,723 [dc196179-b1e0-4b48-bee9-7be9d5f3af19@group-266884832DCE-LeaderElection5] INFO  impl.LeaderElection (LeaderElection.java:askForVotes(314)) - dc196179-b1e0-4b48-bee9-7be9d5f3af19@group-266884832DCE-LeaderElection5 PRE_VOTE round 0: result PASSED (term=0)
2023-03-10 22:30:48,723 [dc196179-b1e0-4b48-bee9-7be9d5f3af19@group-D4BC1A2AD251-FollowerState] INFO  impl.FollowerState (FollowerState.java:run(143)) - dc196179-b1e0-4b48-bee9-7be9d5f3af19@group-D4BC1A2AD251-FollowerState: change to CANDIDATE, lastRpcElapsedTime:5023362407ns, electionTimeout:5016ms
2023-03-10 22:30:48,724 [dc196179-b1e0-4b48-bee9-7be9d5f3af19@group-D4BC1A2AD251-FollowerState] INFO  impl.RoleInfo (RoleInfo.java:shutdownFollowerState(110)) - dc196179-b1e0-4b48-bee9-7be9d5f3af19: shutdown dc196179-b1e0-4b48-bee9-7be9d5f3af19@group-D4BC1A2AD251-FollowerState
2023-03-10 22:30:48,724 [dc196179-b1e0-4b48-bee9-7be9d5f3af19@group-D4BC1A2AD251-FollowerState] INFO  server.RaftServer$Division (RaftServerImpl.java:setRole(321)) - dc196179-b1e0-4b48-bee9-7be9d5f3af19@group-D4BC1A2AD251: changes role from  FOLLOWER to CANDIDATE at term 0 for changeToCandidate
2023-03-10 22:30:48,725 [dc196179-b1e0-4b48-bee9-7be9d5f3af19@group-D4BC1A2AD251-FollowerState] INFO  server.RaftServerConfigKeys (ConfUtils.java:logGet(46)) - raft.server.leaderelection.pre-vote = true (default)
2023-03-10 22:30:48,725 [dc196179-b1e0-4b48-bee9-7be9d5f3af19@group-D4BC1A2AD251-FollowerState] INFO  impl.RoleInfo (RoleInfo.java:updateAndGet(139)) - dc196179-b1e0-4b48-bee9-7be9d5f3af19: start dc196179-b1e0-4b48-bee9-7be9d5f3af19@group-D4BC1A2AD251-LeaderElection6
2023-03-10 22:30:48,732 [dc196179-b1e0-4b48-bee9-7be9d5f3af19@group-D4BC1A2AD251-LeaderElection6] INFO  impl.LeaderElection (LeaderElection.java:askForVotes(312)) - dc196179-b1e0-4b48-bee9-7be9d5f3af19@group-D4BC1A2AD251-LeaderElection6 PRE_VOTE round 0: submit vote requests at term 0 for -1: peers:[2aff4a56-46da-424c-8361-de221ca2b011|rpc:10.1.0.5:34299|dataStream:10.1.0.5:34343|priority:0|startupRole:FOLLOWER, 96536830-8d0b-4e92-a25b-57c10a9efae7|rpc:10.1.0.5:32803|dataStream:10.1.0.5:33431|priority:1|startupRole:FOLLOWER, dc196179-b1e0-4b48-bee9-7be9d5f3af19|rpc:10.1.0.5:46641|dataStream:10.1.0.5:46507|priority:0|startupRole:FOLLOWER]|listeners:[], old=null
2023-03-10 22:30:48,735 [dc196179-b1e0-4b48-bee9-7be9d5f3af19@group-D4BC1A2AD251-LeaderElection6] INFO  server.RaftServerConfigKeys (ConfUtils.java:logFallback(53)) - raft.server.rpc.first-election.timeout.min = 5s (fallback to raft.server.rpc.timeout.min)
2023-03-10 22:30:48,735 [dc196179-b1e0-4b48-bee9-7be9d5f3af19@group-D4BC1A2AD251-LeaderElection6] INFO  server.RaftServerConfigKeys (ConfUtils.java:logFallback(53)) - raft.server.rpc.first-election.timeout.max = 5200ms (fallback to raft.server.rpc.timeout.max)
2023-03-10 22:30:48,737 [grpc-default-executor-0] INFO  server.RaftServer$Division (RaftServerImpl.java:requestVote(1218)) - 2aff4a56-46da-424c-8361-de221ca2b011@group-D4BC1A2AD251: receive requestVote(PRE_VOTE, dc196179-b1e0-4b48-bee9-7be9d5f3af19, group-D4BC1A2AD251, 0, (t:0, i:0))
2023-03-10 22:30:48,737 [grpc-default-executor-0] INFO  impl.VoteContext (VoteContext.java:log(49)) - 2aff4a56-46da-424c-8361-de221ca2b011@group-D4BC1A2AD251-FOLLOWER: accept PRE_VOTE from dc196179-b1e0-4b48-bee9-7be9d5f3af19: our priority 0 <= candidate's priority 0
2023-03-10 22:30:48,737 [grpc-default-executor-0] INFO  server.RaftServer$Division (RaftServerImpl.java:requestVote(1251)) - 2aff4a56-46da-424c-8361-de221ca2b011@group-D4BC1A2AD251 replies to PRE_VOTE vote request: dc196179-b1e0-4b48-bee9-7be9d5f3af19<-2aff4a56-46da-424c-8361-de221ca2b011#0:OK-t0. Peer's state: 2aff4a56-46da-424c-8361-de221ca2b011@group-D4BC1A2AD251:t0, leader=null, voted=, raftlog=Memoized:2aff4a56-46da-424c-8361-de221ca2b011@group-D4BC1A2AD251-SegmentedRaftLog:OPENED:c-1, conf=-1: peers:[2aff4a56-46da-424c-8361-de221ca2b011|rpc:10.1.0.5:34299|dataStream:10.1.0.5:34343|priority:0|startupRole:FOLLOWER, 96536830-8d0b-4e92-a25b-57c10a9efae7|rpc:10.1.0.5:32803|dataStream:10.1.0.5:33431|priority:1|startupRole:FOLLOWER, dc196179-b1e0-4b48-bee9-7be9d5f3af19|rpc:10.1.0.5:46641|dataStream:10.1.0.5:46507|priority:0|startupRole:FOLLOWER]|listeners:[], old=null
2023-03-10 22:30:48,738 [grpc-default-executor-1] INFO  server.RaftServer$Division (RaftServerImpl.java:requestVote(1218)) - 96536830-8d0b-4e92-a25b-57c10a9efae7@group-D4BC1A2AD251: receive requestVote(PRE_VOTE, dc196179-b1e0-4b48-bee9-7be9d5f3af19, group-D4BC1A2AD251, 0, (t:0, i:0))
2023-03-10 22:30:48,738 [grpc-default-executor-1] INFO  impl.VoteContext (VoteContext.java:log(49)) - 96536830-8d0b-4e92-a25b-57c10a9efae7@group-D4BC1A2AD251-FOLLOWER: reject PRE_VOTE from dc196179-b1e0-4b48-bee9-7be9d5f3af19: our priority 1 > candidate's priority 0
2023-03-10 22:30:48,738 [grpc-default-executor-1] INFO  server.RaftServer$Division (RaftServerImpl.java:requestVote(1251)) - 96536830-8d0b-4e92-a25b-57c10a9efae7@group-D4BC1A2AD251 replies to PRE_VOTE vote request: dc196179-b1e0-4b48-bee9-7be9d5f3af19<-96536830-8d0b-4e92-a25b-57c10a9efae7#0:FAIL-t0. Peer's state: 96536830-8d0b-4e92-a25b-57c10a9efae7@group-D4BC1A2AD251:t0, leader=null, voted=, raftlog=Memoized:96536830-8d0b-4e92-a25b-57c10a9efae7@group-D4BC1A2AD251-SegmentedRaftLog:OPENED:c-1, conf=-1: peers:[2aff4a56-46da-424c-8361-de221ca2b011|rpc:10.1.0.5:34299|dataStream:10.1.0.5:34343|priority:0|startupRole:FOLLOWER, 96536830-8d0b-4e92-a25b-57c10a9efae7|rpc:10.1.0.5:32803|dataStream:10.1.0.5:33431|priority:1|startupRole:FOLLOWER, dc196179-b1e0-4b48-bee9-7be9d5f3af19|rpc:10.1.0.5:46641|dataStream:10.1.0.5:46507|priority:0|startupRole:FOLLOWER]|listeners:[], old=null
2023-03-10 22:30:48,740 [dc196179-b1e0-4b48-bee9-7be9d5f3af19@group-D4BC1A2AD251-LeaderElection6] INFO  impl.LeaderElection (LeaderElection.java:logAndReturn(90)) - dc196179-b1e0-4b48-bee9-7be9d5f3af19@group-D4BC1A2AD251-LeaderElection6: PRE_VOTE REJECTED received 2 response(s) and 0 exception(s):
2023-03-10 22:30:48,740 [dc196179-b1e0-4b48-bee9-7be9d5f3af19@group-D4BC1A2AD251-LeaderElection6] INFO  impl.LeaderElection (LeaderElection.java:logAndReturn(94)) -   Response 0: dc196179-b1e0-4b48-bee9-7be9d5f3af19<-2aff4a56-46da-424c-8361-de221ca2b011#0:OK-t0
2023-03-10 22:30:48,740 [dc196179-b1e0-4b48-bee9-7be9d5f3af19@group-D4BC1A2AD251-LeaderElection6] INFO  impl.LeaderElection (LeaderElection.java:logAndReturn(94)) -   Response 1: dc196179-b1e0-4b48-bee9-7be9d5f3af19<-96536830-8d0b-4e92-a25b-57c10a9efae7#0:FAIL-t0
2023-03-10 22:30:48,740 [dc196179-b1e0-4b48-bee9-7be9d5f3af19@group-D4BC1A2AD251-LeaderElection6] INFO  impl.LeaderElection (LeaderElection.java:askForVotes(314)) - dc196179-b1e0-4b48-bee9-7be9d5f3af19@group-D4BC1A2AD251-LeaderElection6 PRE_VOTE round 0: result REJECTED
2023-03-10 22:30:48,741 [dc196179-b1e0-4b48-bee9-7be9d5f3af19@group-D4BC1A2AD251-LeaderElection6] INFO  server.RaftServer$Division (RaftServerImpl.java:setRole(321)) - dc196179-b1e0-4b48-bee9-7be9d5f3af19@group-D4BC1A2AD251: changes role from CANDIDATE to FOLLOWER at term 0 for REJECTED
2023-03-10 22:30:48,741 [dc196179-b1e0-4b48-bee9-7be9d5f3af19@group-D4BC1A2AD251-LeaderElection6] INFO  impl.RoleInfo (RoleInfo.java:shutdownLeaderElection(130)) - dc196179-b1e0-4b48-bee9-7be9d5f3af19: shutdown dc196179-b1e0-4b48-bee9-7be9d5f3af19@group-D4BC1A2AD251-LeaderElection6
2023-03-10 22:30:48,741 [dc196179-b1e0-4b48-bee9-7be9d5f3af19@group-D4BC1A2AD251-LeaderElection6] INFO  impl.RoleInfo (RoleInfo.java:updateAndGet(139)) - dc196179-b1e0-4b48-bee9-7be9d5f3af19: start dc196179-b1e0-4b48-bee9-7be9d5f3af19@group-D4BC1A2AD251-FollowerState
2023-03-10 22:30:48,742 [dc196179-b1e0-4b48-bee9-7be9d5f3af19@group-D4BC1A2AD251-FollowerState] INFO  server.RaftServerConfigKeys (ConfUtils.java:logFallback(53)) - raft.server.rpc.first-election.timeout.min = 5s (fallback to raft.server.rpc.timeout.min)
2023-03-10 22:30:48,743 [dc196179-b1e0-4b48-bee9-7be9d5f3af19@group-D4BC1A2AD251-FollowerState] INFO  server.RaftServerConfigKeys (ConfUtils.java:logFallback(53)) - raft.server.rpc.first-election.timeout.max = 5200ms (fallback to raft.server.rpc.timeout.max)
2023-03-10 22:30:48,750 [dc196179-b1e0-4b48-bee9-7be9d5f3af19@group-39E2D222A29F-LeaderElection4] INFO  impl.LeaderElection (LeaderElection.java:askForVotes(312)) - dc196179-b1e0-4b48-bee9-7be9d5f3af19@group-39E2D222A29F-LeaderElection4 ELECTION round 0: submit vote requests at term 1 for -1: peers:[2aff4a56-46da-424c-8361-de221ca2b011|rpc:10.1.0.5:34299|dataStream:10.1.0.5:34343|priority:0|startupRole:FOLLOWER, 96536830-8d0b-4e92-a25b-57c10a9efae7|rpc:10.1.0.5:32803|dataStream:10.1.0.5:33431|priority:0|startupRole:FOLLOWER, dc196179-b1e0-4b48-bee9-7be9d5f3af19|rpc:10.1.0.5:46641|dataStream:10.1.0.5:46507|priority:1|startupRole:FOLLOWER]|listeners:[], old=null
2023-03-10 22:30:48,750 [dc196179-b1e0-4b48-bee9-7be9d5f3af19@group-266884832DCE-LeaderElection5] INFO  impl.LeaderElection (LeaderElection.java:askForVotes(312)) - dc196179-b1e0-4b48-bee9-7be9d5f3af19@group-266884832DCE-LeaderElection5 ELECTION round 0: submit vote requests at term 1 for -1: peers:[dc196179-b1e0-4b48-bee9-7be9d5f3af19|rpc:10.1.0.5:46641|dataStream:10.1.0.5:46507|priority:1|startupRole:FOLLOWER]|listeners:[], old=null
2023-03-10 22:30:48,750 [dc196179-b1e0-4b48-bee9-7be9d5f3af19@group-266884832DCE-LeaderElection5] INFO  impl.LeaderElection (LeaderElection.java:askForVotes(314)) - dc196179-b1e0-4b48-bee9-7be9d5f3af19@group-266884832DCE-LeaderElection5 ELECTION round 0: result PASSED (term=1)
2023-03-10 22:30:48,750 [dc196179-b1e0-4b48-bee9-7be9d5f3af19@group-266884832DCE-LeaderElection5] INFO  impl.RoleInfo (RoleInfo.java:shutdownLeaderElection(130)) - dc196179-b1e0-4b48-bee9-7be9d5f3af19: shutdown dc196179-b1e0-4b48-bee9-7be9d5f3af19@group-266884832DCE-LeaderElection5
2023-03-10 22:30:48,750 [dc196179-b1e0-4b48-bee9-7be9d5f3af19@group-266884832DCE-LeaderElection5] INFO  server.RaftServer$Division (RaftServerImpl.java:setRole(321)) - dc196179-b1e0-4b48-bee9-7be9d5f3af19@group-266884832DCE: changes role from CANDIDATE to LEADER at term 1 for changeToLeader
2023-03-10 22:30:48,750 [dc196179-b1e0-4b48-bee9-7be9d5f3af19@group-266884832DCE-LeaderElection5] INFO  ratis.XceiverServerRatis (XceiverServerRatis.java:handleLeaderChangedNotification(905)) - Leader change notification received for group: group-266884832DCE with new leaderId: dc196179-b1e0-4b48-bee9-7be9d5f3af19
2023-03-10 22:30:48,753 [dc196179-b1e0-4b48-bee9-7be9d5f3af19@group-39E2D222A29F-LeaderElection4] INFO  server.RaftServerConfigKeys (ConfUtils.java:logFallback(53)) - raft.server.rpc.first-election.timeout.min = 5s (fallback to raft.server.rpc.timeout.min)
2023-03-10 22:30:48,759 [dc196179-b1e0-4b48-bee9-7be9d5f3af19@group-39E2D222A29F-LeaderElection4] INFO  server.RaftServerConfigKeys (ConfUtils.java:logFallback(53)) - raft.server.rpc.first-election.timeout.max = 5200ms (fallback to raft.server.rpc.timeout.max)
2023-03-10 22:30:48,759 [grpc-default-executor-1] INFO  server.RaftServer$Division (RaftServerImpl.java:requestVote(1218)) - 2aff4a56-46da-424c-8361-de221ca2b011@group-39E2D222A29F: receive requestVote(ELECTION, dc196179-b1e0-4b48-bee9-7be9d5f3af19, group-39E2D222A29F, 1, (t:0, i:0))
2023-03-10 22:30:48,759 [grpc-default-executor-1] INFO  impl.VoteContext (VoteContext.java:log(49)) - 2aff4a56-46da-424c-8361-de221ca2b011@group-39E2D222A29F-FOLLOWER: accept ELECTION from dc196179-b1e0-4b48-bee9-7be9d5f3af19: our priority 0 <= candidate's priority 1
2023-03-10 22:30:48,759 [grpc-default-executor-1] INFO  server.RaftServer$Division (RaftServerImpl.java:setRole(321)) - 2aff4a56-46da-424c-8361-de221ca2b011@group-39E2D222A29F: changes role from  FOLLOWER to FOLLOWER at term 1 for candidate:dc196179-b1e0-4b48-bee9-7be9d5f3af19
2023-03-10 22:30:48,760 [grpc-default-executor-1] INFO  impl.RoleInfo (RoleInfo.java:shutdownFollowerState(110)) - 2aff4a56-46da-424c-8361-de221ca2b011: shutdown 2aff4a56-46da-424c-8361-de221ca2b011@group-39E2D222A29F-FollowerState
2023-03-10 22:30:48,760 [grpc-default-executor-1] INFO  impl.RoleInfo (RoleInfo.java:updateAndGet(139)) - 2aff4a56-46da-424c-8361-de221ca2b011: start 2aff4a56-46da-424c-8361-de221ca2b011@group-39E2D222A29F-FollowerState
2023-03-10 22:30:48,760 [2aff4a56-46da-424c-8361-de221ca2b011@group-39E2D222A29F-FollowerState] INFO  impl.FollowerState (FollowerState.java:run(152)) - 2aff4a56-46da-424c-8361-de221ca2b011@group-39E2D222A29F-FollowerState was interrupted
2023-03-10 22:30:48,753 [dc196179-b1e0-4b48-bee9-7be9d5f3af19@group-266884832DCE-LeaderElection5] INFO  server.RaftServer$Division (ServerState.java:setLeader(313)) - dc196179-b1e0-4b48-bee9-7be9d5f3af19@group-266884832DCE: change Leader from null to dc196179-b1e0-4b48-bee9-7be9d5f3af19 at term 1 for becomeLeader, leader elected after 5154ms
2023-03-10 22:30:48,760 [dc196179-b1e0-4b48-bee9-7be9d5f3af19@group-266884832DCE-LeaderElection5] INFO  server.RaftServerConfigKeys (ConfUtils.java:logGet(46)) - raft.server.staging.catchup.gap = 1000 (default)
2023-03-10 22:30:48,762 [2aff4a56-46da-424c-8361-de221ca2b011@group-39E2D222A29F-FollowerState] INFO  server.RaftServerConfigKeys (ConfUtils.java:logFallback(53)) - raft.server.rpc.first-election.timeout.min = 5s (fallback to raft.server.rpc.timeout.min)
2023-03-10 22:30:48,762 [2aff4a56-46da-424c-8361-de221ca2b011@group-39E2D222A29F-FollowerState] INFO  server.RaftServerConfigKeys (ConfUtils.java:logFallback(53)) - raft.server.rpc.first-election.timeout.max = 5200ms (fallback to raft.server.rpc.timeout.max)
2023-03-10 22:30:48,762 [dc196179-b1e0-4b48-bee9-7be9d5f3af19@group-266884832DCE-LeaderElection5] INFO  server.RaftServerConfigKeys (ConfUtils.java:logGet(46)) - raft.server.write.element-limit = 1024 (custom)
2023-03-10 22:30:48,763 [dc196179-b1e0-4b48-bee9-7be9d5f3af19@group-266884832DCE-LeaderElection5] INFO  server.RaftServerConfigKeys (ConfUtils.java:logGet(46)) - raft.server.write.byte-limit = 1024 M (=1073741824) (custom)
2023-03-10 22:30:48,763 [grpc-default-executor-1] INFO  server.RaftServer$Division (RaftServerImpl.java:requestVote(1251)) - 2aff4a56-46da-424c-8361-de221ca2b011@group-39E2D222A29F replies to ELECTION vote request: dc196179-b1e0-4b48-bee9-7be9d5f3af19<-2aff4a56-46da-424c-8361-de221ca2b011#0:OK-t1. Peer's state: 2aff4a56-46da-424c-8361-de221ca2b011@group-39E2D222A29F:t1, leader=null, voted=dc196179-b1e0-4b48-bee9-7be9d5f3af19, raftlog=Memoized:2aff4a56-46da-424c-8361-de221ca2b011@group-39E2D222A29F-SegmentedRaftLog:OPENED:c-1, conf=-1: peers:[2aff4a56-46da-424c-8361-de221ca2b011|rpc:10.1.0.5:34299|dataStream:10.1.0.5:34343|priority:0|startupRole:FOLLOWER, 96536830-8d0b-4e92-a25b-57c10a9efae7|rpc:10.1.0.5:32803|dataStream:10.1.0.5:33431|priority:0|startupRole:FOLLOWER, dc196179-b1e0-4b48-bee9-7be9d5f3af19|rpc:10.1.0.5:46641|dataStream:10.1.0.5:46507|priority:1|startupRole:FOLLOWER]|listeners:[], old=null
2023-03-10 22:30:48,763 [dc196179-b1e0-4b48-bee9-7be9d5f3af19@group-266884832DCE-LeaderElection5] INFO  server.RaftServerConfigKeys (ConfUtils.java:logGet(46)) - raft.server.watch.timeout = 180s (custom)
2023-03-10 22:30:48,763 [dc196179-b1e0-4b48-bee9-7be9d5f3af19@group-266884832DCE-LeaderElection5] INFO  server.RaftServerConfigKeys (ConfUtils.java:logGet(46)) - raft.server.watch.timeout.denomination = 1s (default)
2023-03-10 22:30:48,763 [dc196179-b1e0-4b48-bee9-7be9d5f3af19@group-266884832DCE-LeaderElection5] INFO  server.RaftServerConfigKeys (ConfUtils.java:logGet(46)) - raft.server.watch.element-limit = 65536 (default)
2023-03-10 22:30:48,763 [dc196179-b1e0-4b48-bee9-7be9d5f3af19@group-266884832DCE-LeaderElection5] INFO  server.RaftServerConfigKeys (ConfUtils.java:logGet(46)) - raft.server.write.element-limit = 1024 (custom)
2023-03-10 22:30:48,763 [dc196179-b1e0-4b48-bee9-7be9d5f3af19@group-266884832DCE-LeaderElection5] INFO  server.RaftServerConfigKeys (ConfUtils.java:logGet(46)) - raft.server.write.follower.gap.ratio.max = -1.0 (default)
2023-03-10 22:30:48,763 [dc196179-b1e0-4b48-bee9-7be9d5f3af19@group-266884832DCE-LeaderElection5] INFO  impl.RoleInfo (RoleInfo.java:updateAndGet(139)) - dc196179-b1e0-4b48-bee9-7be9d5f3af19: start dc196179-b1e0-4b48-bee9-7be9d5f3af19@group-266884832DCE-LeaderStateImpl
2023-03-10 22:30:48,765 [EventQueue-OpenPipelineForHealthyPipelineSafeModeRule] INFO  safemode.SCMSafeModeManager (HealthyPipelineSafeModeRule.java:process(137)) - SCM in safe mode. Healthy pipelines reported count is 0, required healthy pipeline reported count is 1
2023-03-10 22:30:48,767 [grpc-default-executor-0] INFO  server.RaftServer$Division (RaftServerImpl.java:requestVote(1218)) - 96536830-8d0b-4e92-a25b-57c10a9efae7@group-39E2D222A29F: receive requestVote(ELECTION, dc196179-b1e0-4b48-bee9-7be9d5f3af19, group-39E2D222A29F, 1, (t:0, i:0))
2023-03-10 22:30:48,767 [grpc-default-executor-0] INFO  impl.VoteContext (VoteContext.java:log(49)) - 96536830-8d0b-4e92-a25b-57c10a9efae7@group-39E2D222A29F-FOLLOWER: accept ELECTION from dc196179-b1e0-4b48-bee9-7be9d5f3af19: our priority 0 <= candidate's priority 1
2023-03-10 22:30:48,767 [grpc-default-executor-0] INFO  server.RaftServer$Division (RaftServerImpl.java:setRole(321)) - 96536830-8d0b-4e92-a25b-57c10a9efae7@group-39E2D222A29F: changes role from  FOLLOWER to FOLLOWER at term 1 for candidate:dc196179-b1e0-4b48-bee9-7be9d5f3af19
2023-03-10 22:30:48,767 [grpc-default-executor-0] INFO  impl.RoleInfo (RoleInfo.java:shutdownFollowerState(110)) - 96536830-8d0b-4e92-a25b-57c10a9efae7: shutdown 96536830-8d0b-4e92-a25b-57c10a9efae7@group-39E2D222A29F-FollowerState
2023-03-10 22:30:48,767 [grpc-default-executor-0] INFO  impl.RoleInfo (RoleInfo.java:updateAndGet(139)) - 96536830-8d0b-4e92-a25b-57c10a9efae7: start 96536830-8d0b-4e92-a25b-57c10a9efae7@group-39E2D222A29F-FollowerState
2023-03-10 22:30:48,767 [96536830-8d0b-4e92-a25b-57c10a9efae7@group-39E2D222A29F-FollowerState] INFO  impl.FollowerState (FollowerState.java:run(152)) - 96536830-8d0b-4e92-a25b-57c10a9efae7@group-39E2D222A29F-FollowerState was interrupted
2023-03-10 22:30:48,767 [dc196179-b1e0-4b48-bee9-7be9d5f3af19@group-266884832DCE-LeaderElection5] INFO  segmented.SegmentedRaftLogWorker (SegmentedRaftLogWorker.java:startLogSegment(452)) - dc196179-b1e0-4b48-bee9-7be9d5f3af19@group-266884832DCE-SegmentedRaftLogWorker: Starting segment from index:0
2023-03-10 22:30:48,769 [dc196179-b1e0-4b48-bee9-7be9d5f3af19@group-39E2D222A29F-LeaderElection4] INFO  impl.LeaderElection (LeaderElection.java:logAndReturn(90)) - dc196179-b1e0-4b48-bee9-7be9d5f3af19@group-39E2D222A29F-LeaderElection4: ELECTION PASSED received 1 response(s) and 0 exception(s):
2023-03-10 22:30:48,770 [dc196179-b1e0-4b48-bee9-7be9d5f3af19@group-39E2D222A29F-LeaderElection4] INFO  impl.LeaderElection (LeaderElection.java:logAndReturn(94)) -   Response 0: dc196179-b1e0-4b48-bee9-7be9d5f3af19<-2aff4a56-46da-424c-8361-de221ca2b011#0:OK-t1
2023-03-10 22:30:48,772 [dc196179-b1e0-4b48-bee9-7be9d5f3af19@group-39E2D222A29F-LeaderElection4] INFO  impl.LeaderElection (LeaderElection.java:askForVotes(314)) - dc196179-b1e0-4b48-bee9-7be9d5f3af19@group-39E2D222A29F-LeaderElection4 ELECTION round 0: result PASSED
2023-03-10 22:30:48,772 [dc196179-b1e0-4b48-bee9-7be9d5f3af19@group-39E2D222A29F-LeaderElection4] INFO  impl.RoleInfo (RoleInfo.java:shutdownLeaderElection(130)) - dc196179-b1e0-4b48-bee9-7be9d5f3af19: shutdown dc196179-b1e0-4b48-bee9-7be9d5f3af19@group-39E2D222A29F-LeaderElection4
2023-03-10 22:30:48,772 [dc196179-b1e0-4b48-bee9-7be9d5f3af19@group-39E2D222A29F-LeaderElection4] INFO  server.RaftServer$Division (RaftServerImpl.java:setRole(321)) - dc196179-b1e0-4b48-bee9-7be9d5f3af19@group-39E2D222A29F: changes role from CANDIDATE to LEADER at term 1 for changeToLeader
2023-03-10 22:30:48,772 [dc196179-b1e0-4b48-bee9-7be9d5f3af19@group-39E2D222A29F-LeaderElection4] INFO  ratis.XceiverServerRatis (XceiverServerRatis.java:handleLeaderChangedNotification(905)) - Leader change notification received for group: group-39E2D222A29F with new leaderId: dc196179-b1e0-4b48-bee9-7be9d5f3af19
2023-03-10 22:30:48,775 [dc196179-b1e0-4b48-bee9-7be9d5f3af19@group-39E2D222A29F-LeaderElection4] INFO  server.RaftServer$Division (ServerState.java:setLeader(313)) - dc196179-b1e0-4b48-bee9-7be9d5f3af19@group-39E2D222A29F: change Leader from null to dc196179-b1e0-4b48-bee9-7be9d5f3af19 at term 1 for becomeLeader, leader elected after 5138ms
2023-03-10 22:30:48,776 [dc196179-b1e0-4b48-bee9-7be9d5f3af19@group-39E2D222A29F-LeaderElection4] INFO  server.RaftServerConfigKeys (ConfUtils.java:logGet(46)) - raft.server.staging.catchup.gap = 1000 (default)
2023-03-10 22:30:48,777 [dc196179-b1e0-4b48-bee9-7be9d5f3af19@group-39E2D222A29F-LeaderElection4] INFO  server.RaftServerConfigKeys (ConfUtils.java:logGet(46)) - raft.server.write.element-limit = 1024 (custom)
2023-03-10 22:30:48,777 [dc196179-b1e0-4b48-bee9-7be9d5f3af19@group-39E2D222A29F-LeaderElection4] INFO  server.RaftServerConfigKeys (ConfUtils.java:logGet(46)) - raft.server.write.byte-limit = 1024 M (=1073741824) (custom)
2023-03-10 22:30:48,776 [96536830-8d0b-4e92-a25b-57c10a9efae7@group-39E2D222A29F-FollowerState] INFO  server.RaftServerConfigKeys (ConfUtils.java:logFallback(53)) - raft.server.rpc.first-election.timeout.min = 5s (fallback to raft.server.rpc.timeout.min)
2023-03-10 22:30:48,777 [dc196179-b1e0-4b48-bee9-7be9d5f3af19@group-39E2D222A29F-LeaderElection4] INFO  server.RaftServerConfigKeys (ConfUtils.java:logGet(46)) - raft.server.watch.timeout = 180s (custom)
2023-03-10 22:30:48,777 [96536830-8d0b-4e92-a25b-57c10a9efae7@group-39E2D222A29F-FollowerState] INFO  server.RaftServerConfigKeys (ConfUtils.java:logFallback(53)) - raft.server.rpc.first-election.timeout.max = 5200ms (fallback to raft.server.rpc.timeout.max)
2023-03-10 22:30:48,778 [dc196179-b1e0-4b48-bee9-7be9d5f3af19@group-266884832DCE-SegmentedRaftLogWorker] INFO  segmented.SegmentedRaftLogWorker (SegmentedRaftLogWorker.java:execute(656)) - dc196179-b1e0-4b48-bee9-7be9d5f3af19@group-266884832DCE-SegmentedRaftLogWorker: created new log segment /home/runner/work/ozone/ozone/hadoop-ozone/integration-test/target/test-dir/MiniOzoneClusterImpl-7a8fa31f-7ad0-4349-83ec-1d9026649271/datanode-1/data/ratis/29affc38-f4bc-4dab-be29-266884832dce/current/log_inprogress_0
2023-03-10 22:30:48,776 [grpc-default-executor-0] INFO  server.RaftServer$Division (RaftServerImpl.java:requestVote(1251)) - 96536830-8d0b-4e92-a25b-57c10a9efae7@group-39E2D222A29F replies to ELECTION vote request: dc196179-b1e0-4b48-bee9-7be9d5f3af19<-96536830-8d0b-4e92-a25b-57c10a9efae7#0:OK-t1. Peer's state: 96536830-8d0b-4e92-a25b-57c10a9efae7@group-39E2D222A29F:t1, leader=null, voted=dc196179-b1e0-4b48-bee9-7be9d5f3af19, raftlog=Memoized:96536830-8d0b-4e92-a25b-57c10a9efae7@group-39E2D222A29F-SegmentedRaftLog:OPENED:c-1, conf=-1: peers:[2aff4a56-46da-424c-8361-de221ca2b011|rpc:10.1.0.5:34299|dataStream:10.1.0.5:34343|priority:0|startupRole:FOLLOWER, 96536830-8d0b-4e92-a25b-57c10a9efae7|rpc:10.1.0.5:32803|dataStream:10.1.0.5:33431|priority:0|startupRole:FOLLOWER, dc196179-b1e0-4b48-bee9-7be9d5f3af19|rpc:10.1.0.5:46641|dataStream:10.1.0.5:46507|priority:1|startupRole:FOLLOWER]|listeners:[], old=null
2023-03-10 22:30:48,777 [dc196179-b1e0-4b48-bee9-7be9d5f3af19@group-39E2D222A29F-LeaderElection4] INFO  server.RaftServerConfigKeys (ConfUtils.java:logGet(46)) - raft.server.watch.timeout.denomination = 1s (default)
2023-03-10 22:30:48,779 [dc196179-b1e0-4b48-bee9-7be9d5f3af19@group-39E2D222A29F-LeaderElection4] INFO  server.RaftServerConfigKeys (ConfUtils.java:logGet(46)) - raft.server.watch.element-limit = 65536 (default)
2023-03-10 22:30:48,779 [dc196179-b1e0-4b48-bee9-7be9d5f3af19@group-39E2D222A29F-LeaderElection4] INFO  server.RaftServerConfigKeys (ConfUtils.java:logGet(46)) - raft.server.write.element-limit = 1024 (custom)
2023-03-10 22:30:48,779 [dc196179-b1e0-4b48-bee9-7be9d5f3af19@group-39E2D222A29F-LeaderElection4] INFO  server.RaftServerConfigKeys (ConfUtils.java:logGet(46)) - raft.server.write.follower.gap.ratio.max = -1.0 (default)
2023-03-10 22:30:48,788 [dc196179-b1e0-4b48-bee9-7be9d5f3af19@group-266884832DCE-LeaderElection5] INFO  server.RaftServer$Division (ServerState.java:setRaftConf(430)) - dc196179-b1e0-4b48-bee9-7be9d5f3af19@group-266884832DCE: set configuration 0: peers:[dc196179-b1e0-4b48-bee9-7be9d5f3af19|rpc:10.1.0.5:46641|dataStream:10.1.0.5:46507|priority:1|startupRole:FOLLOWER]|listeners:[], old=null
2023-03-10 22:30:48,789 [EventQueue-PipelineReportForPipelineReportHandler] INFO  pipeline.PipelineManagerImpl (PipelineManagerImpl.java:openPipeline(367)) - Pipeline Pipeline[ Id: 5176384d-8d3d-44ce-b103-39e2d222a29f, Nodes: 2aff4a56-46da-424c-8361-de221ca2b011(fv-az259-306.nxnqhby4qkoexpon2s1bx5vqxg.dx.internal.cloudapp.net/10.1.0.5)96536830-8d0b-4e92-a25b-57c10a9efae7(fv-az259-306.nxnqhby4qkoexpon2s1bx5vqxg.dx.internal.cloudapp.net/10.1.0.5)dc196179-b1e0-4b48-bee9-7be9d5f3af19(fv-az259-306.nxnqhby4qkoexpon2s1bx5vqxg.dx.internal.cloudapp.net/10.1.0.5), ReplicationConfig: RATIS/THREE, State:ALLOCATED, leaderId:dc196179-b1e0-4b48-bee9-7be9d5f3af19, CreationTimestamp2023-03-10T22:30:40.933Z[Etc/UTC]] moved to OPEN state
2023-03-10 22:30:48,790 [EventQueue-OpenPipelineForHealthyPipelineSafeModeRule] INFO  safemode.SCMSafeModeManager (HealthyPipelineSafeModeRule.java:process(137)) - SCM in safe mode. Healthy pipelines reported count is 1, required healthy pipeline reported count is 1
2023-03-10 22:30:48,790 [EventQueue-OpenPipelineForHealthyPipelineSafeModeRule] INFO  safemode.SCMSafeModeManager (SCMSafeModeManager.java:validateSafeModeExitRules(200)) - HealthyPipelineSafeModeRule rule is successfully validated
2023-03-10 22:30:48,790 [EventQueue-OpenPipelineForHealthyPipelineSafeModeRule] INFO  safemode.SCMSafeModeManager (SCMSafeModeManager.java:validateSafeModeExitRules(215)) - ScmSafeModeManager, all rules are successfully validated
2023-03-10 22:30:48,790 [EventQueue-OpenPipelineForHealthyPipelineSafeModeRule] INFO  safemode.SCMSafeModeManager (SCMSafeModeManager.java:exitSafeMode(244)) - SCM exiting safe mode.
2023-03-10 22:30:48,790 [EventQueue-OpenPipelineForHealthyPipelineSafeModeRule] INFO  ha.SCMContext (SCMContext.java:updateSafeModeStatus(228)) - Update SafeModeStatus from SafeModeStatus{safeModeStatus=true, preCheckPassed=true} to SafeModeStatus{safeModeStatus=false, preCheckPassed=true}.
2023-03-10 22:30:48,790 [EventQueue-OpenPipelineForHealthyPipelineSafeModeRule] INFO  pipeline.BackgroundPipelineCreator (BackgroundPipelineCreator.java:notifyStatusChanged(254)) - Service BackgroundPipelineCreator transitions to RUNNING.
2023-03-10 22:30:48,790 [EventQueue-OpenPipelineForHealthyPipelineSafeModeRule] INFO  BackgroundPipelineScrubber (BackgroundSCMService.java:notifyStatusChanged(82)) - Service BackgroundPipelineScrubber transitions to RUNNING.
2023-03-10 22:30:48,790 [EventQueue-OpenPipelineForHealthyPipelineSafeModeRule] INFO  ExpiredContainerReplicaOpScrubber (BackgroundSCMService.java:notifyStatusChanged(82)) - Service ExpiredContainerReplicaOpScrubber transitions to RUNNING.
2023-03-10 22:30:48,791 [EventQueue-OpenPipelineForHealthyPipelineSafeModeRule] INFO  replication.ReplicationManager (ReplicationManager.java:notifyStatusChanged(1156)) - Service ReplicationManager transitions to RUNNING.
2023-03-10 22:30:48,794 [EventQueue-OpenPipelineForHealthyPipelineSafeModeRule] WARN  balancer.ContainerBalancer (ContainerBalancer.java:shouldRun(131)) - Could not find persisted configuration for ContainerBalancer when checking if ContainerBalancer should run. ContainerBalancer should not run now.
2023-03-10 22:30:48,795 [dc196179-b1e0-4b48-bee9-7be9d5f3af19@group-39E2D222A29F-LeaderElection4] INFO  server.RaftServerConfigKeys (ConfUtils.java:logGet(46)) - raft.server.log.appender.snapshot.chunk.size.max = 16MB (=16777216) (default)
2023-03-10 22:30:48,796 [dc196179-b1e0-4b48-bee9-7be9d5f3af19@group-39E2D222A29F-LeaderElection4] INFO  server.RaftServerConfigKeys (ConfUtils.java:logGet(46)) - raft.server.log.appender.buffer.byte-limit = 33554432 (custom)
2023-03-10 22:30:48,796 [dc196179-b1e0-4b48-bee9-7be9d5f3af19@group-39E2D222A29F-LeaderElection4] INFO  server.RaftServerConfigKeys (ConfUtils.java:logGet(46)) - raft.server.log.appender.buffer.element-limit = 1 (custom)
2023-03-10 22:30:48,800 [dc196179-b1e0-4b48-bee9-7be9d5f3af19@group-39E2D222A29F-LeaderElection4] INFO  grpc.GrpcConfigKeys (ConfUtils.java:logGet(46)) - raft.grpc.server.leader.outstanding.appends.max = 128 (default)
2023-03-10 22:30:48,800 [dc196179-b1e0-4b48-bee9-7be9d5f3af19@group-39E2D222A29F-LeaderElection4] INFO  server.RaftServerConfigKeys (ConfUtils.java:logGet(46)) - raft.server.rpc.request.timeout = 60s (custom)
2023-03-10 22:30:48,800 [dc196179-b1e0-4b48-bee9-7be9d5f3af19@group-39E2D222A29F-LeaderElection4] INFO  server.RaftServerConfigKeys (ConfUtils.java:logGet(46)) - raft.server.log.appender.install.snapshot.enabled = false (custom)
2023-03-10 22:30:48,800 [dc196179-b1e0-4b48-bee9-7be9d5f3af19@group-39E2D222A29F-LeaderElection4] INFO  grpc.GrpcConfigKeys (ConfUtils.java:logGet(46)) - raft.grpc.server.heartbeat.channel = true (default)
2023-03-10 22:30:48,800 [dc196179-b1e0-4b48-bee9-7be9d5f3af19@group-39E2D222A29F-LeaderElection4] INFO  server.RaftServerConfigKeys (ConfUtils.java:logGet(46)) - raft.server.log.appender.wait-time.min = 10ms (default)
2023-03-10 22:30:48,802 [dc196179-b1e0-4b48-bee9-7be9d5f3af19@group-39E2D222A29F-LeaderElection4] INFO  server.RaftServerConfigKeys (ConfUtils.java:logGet(46)) - raft.server.log.appender.snapshot.chunk.size.max = 16MB (=16777216) (default)
2023-03-10 22:30:48,802 [dc196179-b1e0-4b48-bee9-7be9d5f3af19@group-39E2D222A29F-LeaderElection4] INFO  server.RaftServerConfigKeys (ConfUtils.java:logGet(46)) - raft.server.log.appender.buffer.byte-limit = 33554432 (custom)
2023-03-10 22:30:48,802 [dc196179-b1e0-4b48-bee9-7be9d5f3af19@group-39E2D222A29F-LeaderElection4] INFO  server.RaftServerConfigKeys (ConfUtils.java:logGet(46)) - raft.server.log.appender.buffer.element-limit = 1 (custom)
2023-03-10 22:30:48,802 [dc196179-b1e0-4b48-bee9-7be9d5f3af19@group-39E2D222A29F-LeaderElection4] INFO  grpc.GrpcConfigKeys (ConfUtils.java:logGet(46)) - raft.grpc.server.leader.outstanding.appends.max = 128 (default)
2023-03-10 22:30:48,802 [dc196179-b1e0-4b48-bee9-7be9d5f3af19@group-39E2D222A29F-LeaderElection4] INFO  server.RaftServerConfigKeys (ConfUtils.java:logGet(46)) - raft.server.rpc.request.timeout = 60s (custom)
2023-03-10 22:30:48,802 [dc196179-b1e0-4b48-bee9-7be9d5f3af19@group-39E2D222A29F-LeaderElection4] INFO  server.RaftServerConfigKeys (ConfUtils.java:logGet(46)) - raft.server.log.appender.install.snapshot.enabled = false (custom)
2023-03-10 22:30:48,802 [dc196179-b1e0-4b48-bee9-7be9d5f3af19@group-39E2D222A29F-LeaderElection4] INFO  grpc.GrpcConfigKeys (ConfUtils.java:logGet(46)) - raft.grpc.server.heartbeat.channel = true (default)
2023-03-10 22:30:48,802 [dc196179-b1e0-4b48-bee9-7be9d5f3af19@group-39E2D222A29F-LeaderElection4] INFO  server.RaftServerConfigKeys (ConfUtils.java:logGet(46)) - raft.server.log.appender.wait-time.min = 10ms (default)
2023-03-10 22:30:48,803 [dc196179-b1e0-4b48-bee9-7be9d5f3af19@group-39E2D222A29F-LeaderElection4] INFO  impl.RoleInfo (RoleInfo.java:updateAndGet(139)) - dc196179-b1e0-4b48-bee9-7be9d5f3af19: start dc196179-b1e0-4b48-bee9-7be9d5f3af19@group-39E2D222A29F-LeaderStateImpl
2023-03-10 22:30:48,804 [dc196179-b1e0-4b48-bee9-7be9d5f3af19@group-39E2D222A29F-LeaderElection4] INFO  segmented.SegmentedRaftLogWorker (SegmentedRaftLogWorker.java:startLogSegment(452)) - dc196179-b1e0-4b48-bee9-7be9d5f3af19@group-39E2D222A29F-SegmentedRaftLogWorker: Starting segment from index:0
2023-03-10 22:30:48,806 [dc196179-b1e0-4b48-bee9-7be9d5f3af19@group-39E2D222A29F-SegmentedRaftLogWorker] INFO  segmented.SegmentedRaftLogWorker (SegmentedRaftLogWorker.java:execute(656)) - dc196179-b1e0-4b48-bee9-7be9d5f3af19@group-39E2D222A29F-SegmentedRaftLogWorker: created new log segment /home/runner/work/ozone/ozone/hadoop-ozone/integration-test/target/test-dir/MiniOzoneClusterImpl-7a8fa31f-7ad0-4349-83ec-1d9026649271/datanode-1/data/ratis/5176384d-8d3d-44ce-b103-39e2d222a29f/current/log_inprogress_0
2023-03-10 22:30:48,816 [dc196179-b1e0-4b48-bee9-7be9d5f3af19@group-39E2D222A29F-LeaderElection4] INFO  server.RaftServer$Division (ServerState.java:setRaftConf(430)) - dc196179-b1e0-4b48-bee9-7be9d5f3af19@group-39E2D222A29F: set configuration 0: peers:[2aff4a56-46da-424c-8361-de221ca2b011|rpc:10.1.0.5:34299|dataStream:10.1.0.5:34343|priority:0|startupRole:FOLLOWER, 96536830-8d0b-4e92-a25b-57c10a9efae7|rpc:10.1.0.5:32803|dataStream:10.1.0.5:33431|priority:0|startupRole:FOLLOWER, dc196179-b1e0-4b48-bee9-7be9d5f3af19|rpc:10.1.0.5:46641|dataStream:10.1.0.5:46507|priority:1|startupRole:FOLLOWER]|listeners:[], old=null
2023-03-10 22:30:48,817 [96536830-8d0b-4e92-a25b-57c10a9efae7@group-D4BC1A2AD251-FollowerState] INFO  impl.FollowerState (FollowerState.java:run(143)) - 96536830-8d0b-4e92-a25b-57c10a9efae7@group-D4BC1A2AD251-FollowerState: change to CANDIDATE, lastRpcElapsedTime:5032120016ns, electionTimeout:5029ms
2023-03-10 22:30:48,817 [96536830-8d0b-4e92-a25b-57c10a9efae7@group-D4BC1A2AD251-FollowerState] INFO  impl.RoleInfo (RoleInfo.java:shutdownFollowerState(110)) - 96536830-8d0b-4e92-a25b-57c10a9efae7: shutdown 96536830-8d0b-4e92-a25b-57c10a9efae7@group-D4BC1A2AD251-FollowerState
2023-03-10 22:30:48,817 [96536830-8d0b-4e92-a25b-57c10a9efae7@group-D4BC1A2AD251-FollowerState] INFO  server.RaftServer$Division (RaftServerImpl.java:setRole(321)) - 96536830-8d0b-4e92-a25b-57c10a9efae7@group-D4BC1A2AD251: changes role from  FOLLOWER to CANDIDATE at term 0 for changeToCandidate
2023-03-10 22:30:48,817 [96536830-8d0b-4e92-a25b-57c10a9efae7@group-D4BC1A2AD251-FollowerState] INFO  server.RaftServerConfigKeys (ConfUtils.java:logGet(46)) - raft.server.leaderelection.pre-vote = true (default)
2023-03-10 22:30:48,817 [96536830-8d0b-4e92-a25b-57c10a9efae7@group-D4BC1A2AD251-FollowerState] INFO  impl.RoleInfo (RoleInfo.java:updateAndGet(139)) - 96536830-8d0b-4e92-a25b-57c10a9efae7: start 96536830-8d0b-4e92-a25b-57c10a9efae7@group-D4BC1A2AD251-LeaderElection7
2023-03-10 22:30:48,820 [96536830-8d0b-4e92-a25b-57c10a9efae7@group-D4BC1A2AD251-LeaderElection7] INFO  impl.LeaderElection (LeaderElection.java:askForVotes(312)) - 96536830-8d0b-4e92-a25b-57c10a9efae7@group-D4BC1A2AD251-LeaderElection7 PRE_VOTE round 0: submit vote requests at term 0 for -1: peers:[2aff4a56-46da-424c-8361-de221ca2b011|rpc:10.1.0.5:34299|dataStream:10.1.0.5:34343|priority:0|startupRole:FOLLOWER, 96536830-8d0b-4e92-a25b-57c10a9efae7|rpc:10.1.0.5:32803|dataStream:10.1.0.5:33431|priority:1|startupRole:FOLLOWER, dc196179-b1e0-4b48-bee9-7be9d5f3af19|rpc:10.1.0.5:46641|dataStream:10.1.0.5:46507|priority:0|startupRole:FOLLOWER]|listeners:[], old=null
2023-03-10 22:30:48,822 [96536830-8d0b-4e92-a25b-57c10a9efae7@group-D4BC1A2AD251-LeaderElection7-1] INFO  server.GrpcServerProtocolClient (GrpcServerProtocolClient.java:<init>(63)) - Build channel for 2aff4a56-46da-424c-8361-de221ca2b011
2023-03-10 22:30:48,827 [96536830-8d0b-4e92-a25b-57c10a9efae7@group-D4BC1A2AD251-LeaderElection7] INFO  server.RaftServerConfigKeys (ConfUtils.java:logFallback(53)) - raft.server.rpc.first-election.timeout.min = 5s (fallback to raft.server.rpc.timeout.min)
2023-03-10 22:30:48,835 [96536830-8d0b-4e92-a25b-57c10a9efae7@group-D4BC1A2AD251-LeaderElection7] INFO  server.RaftServerConfigKeys (ConfUtils.java:logFallback(53)) - raft.server.rpc.first-election.timeout.max = 5200ms (fallback to raft.server.rpc.timeout.max)
2023-03-10 22:30:48,827 [96536830-8d0b-4e92-a25b-57c10a9efae7@group-D4BC1A2AD251-LeaderElection7-2] INFO  server.GrpcServerProtocolClient (GrpcServerProtocolClient.java:<init>(63)) - Build channel for dc196179-b1e0-4b48-bee9-7be9d5f3af19
2023-03-10 22:30:48,855 [96536830-8d0b-4e92-a25b-57c10a9efae7-server-thread1] INFO  ratis.XceiverServerRatis (XceiverServerRatis.java:handleLeaderChangedNotification(905)) - Leader change notification received for group: group-39E2D222A29F with new leaderId: dc196179-b1e0-4b48-bee9-7be9d5f3af19
2023-03-10 22:30:48,855 [2aff4a56-46da-424c-8361-de221ca2b011-server-thread2] INFO  ratis.XceiverServerRatis (XceiverServerRatis.java:handleLeaderChangedNotification(905)) - Leader change notification received for group: group-39E2D222A29F with new leaderId: dc196179-b1e0-4b48-bee9-7be9d5f3af19
2023-03-10 22:30:48,855 [2aff4a56-46da-424c-8361-de221ca2b011-server-thread2] INFO  server.RaftServer$Division (ServerState.java:setLeader(313)) - 2aff4a56-46da-424c-8361-de221ca2b011@group-39E2D222A29F: change Leader from null to dc196179-b1e0-4b48-bee9-7be9d5f3af19 at term 1 for appendEntries, leader elected after 5741ms
2023-03-10 22:30:48,856 [96536830-8d0b-4e92-a25b-57c10a9efae7-server-thread1] INFO  server.RaftServer$Division (ServerState.java:setLeader(313)) - 96536830-8d0b-4e92-a25b-57c10a9efae7@group-39E2D222A29F: change Leader from null to dc196179-b1e0-4b48-bee9-7be9d5f3af19 at term 1 for appendEntries, leader elected after 5366ms
2023-03-10 22:30:48,859 [grpc-default-executor-6] INFO  server.RaftServer$Division (RaftServerImpl.java:requestVote(1218)) - dc196179-b1e0-4b48-bee9-7be9d5f3af19@group-D4BC1A2AD251: receive requestVote(PRE_VOTE, 96536830-8d0b-4e92-a25b-57c10a9efae7, group-D4BC1A2AD251, 0, (t:0, i:0))
2023-03-10 22:30:48,859 [grpc-default-executor-6] INFO  impl.VoteContext (VoteContext.java:log(49)) - dc196179-b1e0-4b48-bee9-7be9d5f3af19@group-D4BC1A2AD251-FOLLOWER: accept PRE_VOTE from 96536830-8d0b-4e92-a25b-57c10a9efae7: our priority 0 <= candidate's priority 1
2023-03-10 22:30:48,859 [grpc-default-executor-6] INFO  server.RaftServer$Division (RaftServerImpl.java:requestVote(1251)) - dc196179-b1e0-4b48-bee9-7be9d5f3af19@group-D4BC1A2AD251 replies to PRE_VOTE vote request: 96536830-8d0b-4e92-a25b-57c10a9efae7<-dc196179-b1e0-4b48-bee9-7be9d5f3af19#0:OK-t0. Peer's state: dc196179-b1e0-4b48-bee9-7be9d5f3af19@group-D4BC1A2AD251:t0, leader=null, voted=, raftlog=Memoized:dc196179-b1e0-4b48-bee9-7be9d5f3af19@group-D4BC1A2AD251-SegmentedRaftLog:OPENED:c-1, conf=-1: peers:[2aff4a56-46da-424c-8361-de221ca2b011|rpc:10.1.0.5:34299|dataStream:10.1.0.5:34343|priority:0|startupRole:FOLLOWER, 96536830-8d0b-4e92-a25b-57c10a9efae7|rpc:10.1.0.5:32803|dataStream:10.1.0.5:33431|priority:1|startupRole:FOLLOWER, dc196179-b1e0-4b48-bee9-7be9d5f3af19|rpc:10.1.0.5:46641|dataStream:10.1.0.5:46507|priority:0|startupRole:FOLLOWER]|listeners:[], old=null
2023-03-10 22:30:48,863 [96536830-8d0b-4e92-a25b-57c10a9efae7-server-thread1] INFO  server.RaftServer$Division (ServerState.java:setRaftConf(430)) - 96536830-8d0b-4e92-a25b-57c10a9efae7@group-39E2D222A29F: set configuration 0: peers:[2aff4a56-46da-424c-8361-de221ca2b011|rpc:10.1.0.5:34299|dataStream:10.1.0.5:34343|priority:0|startupRole:FOLLOWER, 96536830-8d0b-4e92-a25b-57c10a9efae7|rpc:10.1.0.5:32803|dataStream:10.1.0.5:33431|priority:0|startupRole:FOLLOWER, dc196179-b1e0-4b48-bee9-7be9d5f3af19|rpc:10.1.0.5:46641|dataStream:10.1.0.5:46507|priority:1|startupRole:FOLLOWER]|listeners:[], old=null
2023-03-10 22:30:48,864 [96536830-8d0b-4e92-a25b-57c10a9efae7-server-thread1] INFO  segmented.SegmentedRaftLogWorker (SegmentedRaftLogWorker.java:startLogSegment(452)) - 96536830-8d0b-4e92-a25b-57c10a9efae7@group-39E2D222A29F-SegmentedRaftLogWorker: Starting segment from index:0
2023-03-10 22:30:48,865 [2aff4a56-46da-424c-8361-de221ca2b011@group-D4BC1A2AD251-FollowerState] INFO  server.RaftServerConfigKeys (ConfUtils.java:logFallback(53)) - raft.server.rpc.first-election.timeout.min = 5s (fallback to raft.server.rpc.timeout.min)
2023-03-10 22:30:48,866 [2aff4a56-46da-424c-8361-de221ca2b011@group-D4BC1A2AD251-FollowerState] INFO  server.RaftServerConfigKeys (ConfUtils.java:logFallback(53)) - raft.server.rpc.first-election.timeout.max = 5200ms (fallback to raft.server.rpc.timeout.max)
2023-03-10 22:30:48,868 [96536830-8d0b-4e92-a25b-57c10a9efae7@group-D4BC1A2AD251-LeaderElection7] INFO  impl.LeaderElection (LeaderElection.java:logAndReturn(90)) - 96536830-8d0b-4e92-a25b-57c10a9efae7@group-D4BC1A2AD251-LeaderElection7: PRE_VOTE PASSED received 1 response(s) and 0 exception(s):
2023-03-10 22:30:48,868 [96536830-8d0b-4e92-a25b-57c10a9efae7@group-D4BC1A2AD251-LeaderElection7] INFO  impl.LeaderElection (LeaderElection.java:logAndReturn(94)) -   Response 0: 96536830-8d0b-4e92-a25b-57c10a9efae7<-dc196179-b1e0-4b48-bee9-7be9d5f3af19#0:OK-t0
2023-03-10 22:30:48,869 [96536830-8d0b-4e92-a25b-57c10a9efae7@group-D4BC1A2AD251-LeaderElection7] INFO  impl.LeaderElection (LeaderElection.java:askForVotes(314)) - 96536830-8d0b-4e92-a25b-57c10a9efae7@group-D4BC1A2AD251-LeaderElection7 PRE_VOTE round 0: result PASSED
2023-03-10 22:30:48,869 [96536830-8d0b-4e92-a25b-57c10a9efae7@group-39E2D222A29F-SegmentedRaftLogWorker] INFO  segmented.SegmentedRaftLogWorker (SegmentedRaftLogWorker.java:execute(656)) - 96536830-8d0b-4e92-a25b-57c10a9efae7@group-39E2D222A29F-SegmentedRaftLogWorker: created new log segment /home/runner/work/ozone/ozone/hadoop-ozone/integration-test/target/test-dir/MiniOzoneClusterImpl-7a8fa31f-7ad0-4349-83ec-1d9026649271/datanode-2/data/ratis/5176384d-8d3d-44ce-b103-39e2d222a29f/current/log_inprogress_0
2023-03-10 22:30:48,870 [2aff4a56-46da-424c-8361-de221ca2b011-server-thread1] INFO  server.RaftServer$Division (ServerState.java:setRaftConf(430)) - 2aff4a56-46da-424c-8361-de221ca2b011@group-39E2D222A29F: set configuration 0: peers:[2aff4a56-46da-424c-8361-de221ca2b011|rpc:10.1.0.5:34299|dataStream:10.1.0.5:34343|priority:0|startupRole:FOLLOWER, 96536830-8d0b-4e92-a25b-57c10a9efae7|rpc:10.1.0.5:32803|dataStream:10.1.0.5:33431|priority:0|startupRole:FOLLOWER, dc196179-b1e0-4b48-bee9-7be9d5f3af19|rpc:10.1.0.5:46641|dataStream:10.1.0.5:46507|priority:1|startupRole:FOLLOWER]|listeners:[], old=null
2023-03-10 22:30:48,870 [2aff4a56-46da-424c-8361-de221ca2b011-server-thread1] INFO  segmented.SegmentedRaftLogWorker (SegmentedRaftLogWorker.java:startLogSegment(452)) - 2aff4a56-46da-424c-8361-de221ca2b011@group-39E2D222A29F-SegmentedRaftLogWorker: Starting segment from index:0
2023-03-10 22:30:48,871 [96536830-8d0b-4e92-a25b-57c10a9efae7@group-D4BC1A2AD251-LeaderElection7] INFO  impl.LeaderElection (LeaderElection.java:askForVotes(312)) - 96536830-8d0b-4e92-a25b-57c10a9efae7@group-D4BC1A2AD251-LeaderElection7 ELECTION round 0: submit vote requests at term 1 for -1: peers:[2aff4a56-46da-424c-8361-de221ca2b011|rpc:10.1.0.5:34299|dataStream:10.1.0.5:34343|priority:0|startupRole:FOLLOWER, 96536830-8d0b-4e92-a25b-57c10a9efae7|rpc:10.1.0.5:32803|dataStream:10.1.0.5:33431|priority:1|startupRole:FOLLOWER, dc196179-b1e0-4b48-bee9-7be9d5f3af19|rpc:10.1.0.5:46641|dataStream:10.1.0.5:46507|priority:0|startupRole:FOLLOWER]|listeners:[], old=null
2023-03-10 22:30:48,875 [2aff4a56-46da-424c-8361-de221ca2b011@group-39E2D222A29F-SegmentedRaftLogWorker] INFO  segmented.SegmentedRaftLogWorker (SegmentedRaftLogWorker.java:execute(656)) - 2aff4a56-46da-424c-8361-de221ca2b011@group-39E2D222A29F-SegmentedRaftLogWorker: created new log segment /home/runner/work/ozone/ozone/hadoop-ozone/integration-test/target/test-dir/MiniOzoneClusterImpl-7a8fa31f-7ad0-4349-83ec-1d9026649271/datanode-0/data/ratis/5176384d-8d3d-44ce-b103-39e2d222a29f/current/log_inprogress_0
2023-03-10 22:30:48,876 [96536830-8d0b-4e92-a25b-57c10a9efae7@group-D4BC1A2AD251-LeaderElection7] INFO  server.RaftServerConfigKeys (ConfUtils.java:logFallback(53)) - raft.server.rpc.first-election.timeout.min = 5s (fallback to raft.server.rpc.timeout.min)
2023-03-10 22:30:48,882 [96536830-8d0b-4e92-a25b-57c10a9efae7@group-D4BC1A2AD251-LeaderElection7] INFO  server.RaftServerConfigKeys (ConfUtils.java:logFallback(53)) - raft.server.rpc.first-election.timeout.max = 5200ms (fallback to raft.server.rpc.timeout.max)
2023-03-10 22:30:48,888 [grpc-default-executor-4] INFO  server.RaftServer$Division (RaftServerImpl.java:requestVote(1218)) - 2aff4a56-46da-424c-8361-de221ca2b011@group-D4BC1A2AD251: receive requestVote(PRE_VOTE, 96536830-8d0b-4e92-a25b-57c10a9efae7, group-D4BC1A2AD251, 0, (t:0, i:0))
2023-03-10 22:30:48,888 [grpc-default-executor-4] INFO  impl.VoteContext (VoteContext.java:log(49)) - 2aff4a56-46da-424c-8361-de221ca2b011@group-D4BC1A2AD251-FOLLOWER: accept PRE_VOTE from 96536830-8d0b-4e92-a25b-57c10a9efae7: our priority 0 <= candidate's priority 1
2023-03-10 22:30:48,889 [grpc-default-executor-4] INFO  server.RaftServer$Division (RaftServerImpl.java:requestVote(1251)) - 2aff4a56-46da-424c-8361-de221ca2b011@group-D4BC1A2AD251 replies to PRE_VOTE vote request: 96536830-8d0b-4e92-a25b-57c10a9efae7<-2aff4a56-46da-424c-8361-de221ca2b011#0:OK-t0. Peer's state: 2aff4a56-46da-424c-8361-de221ca2b011@group-D4BC1A2AD251:t0, leader=null, voted=, raftlog=Memoized:2aff4a56-46da-424c-8361-de221ca2b011@group-D4BC1A2AD251-SegmentedRaftLog:OPENED:c-1, conf=-1: peers:[2aff4a56-46da-424c-8361-de221ca2b011|rpc:10.1.0.5:34299|dataStream:10.1.0.5:34343|priority:0|startupRole:FOLLOWER, 96536830-8d0b-4e92-a25b-57c10a9efae7|rpc:10.1.0.5:32803|dataStream:10.1.0.5:33431|priority:1|startupRole:FOLLOWER, dc196179-b1e0-4b48-bee9-7be9d5f3af19|rpc:10.1.0.5:46641|dataStream:10.1.0.5:46507|priority:0|startupRole:FOLLOWER]|listeners:[], old=null
2023-03-10 22:30:48,891 [grpc-default-executor-0] INFO  server.RaftServer$Division (RaftServerImpl.java:requestVote(1218)) - dc196179-b1e0-4b48-bee9-7be9d5f3af19@group-D4BC1A2AD251: receive requestVote(ELECTION, 96536830-8d0b-4e92-a25b-57c10a9efae7, group-D4BC1A2AD251, 1, (t:0, i:0))
2023-03-10 22:30:48,891 [grpc-default-executor-0] INFO  impl.VoteContext (VoteContext.java:log(49)) - dc196179-b1e0-4b48-bee9-7be9d5f3af19@group-D4BC1A2AD251-FOLLOWER: accept ELECTION from 96536830-8d0b-4e92-a25b-57c10a9efae7: our priority 0 <= candidate's priority 1
2023-03-10 22:30:48,891 [grpc-default-executor-0] INFO  server.RaftServer$Division (RaftServerImpl.java:setRole(321)) - dc196179-b1e0-4b48-bee9-7be9d5f3af19@group-D4BC1A2AD251: changes role from  FOLLOWER to FOLLOWER at term 1 for candidate:96536830-8d0b-4e92-a25b-57c10a9efae7
2023-03-10 22:30:48,891 [grpc-default-executor-0] INFO  impl.RoleInfo (RoleInfo.java:shutdownFollowerState(110)) - dc196179-b1e0-4b48-bee9-7be9d5f3af19: shutdown dc196179-b1e0-4b48-bee9-7be9d5f3af19@group-D4BC1A2AD251-FollowerState
2023-03-10 22:30:48,891 [grpc-default-executor-0] INFO  impl.RoleInfo (RoleInfo.java:updateAndGet(139)) - dc196179-b1e0-4b48-bee9-7be9d5f3af19: start dc196179-b1e0-4b48-bee9-7be9d5f3af19@group-D4BC1A2AD251-FollowerState
2023-03-10 22:30:48,891 [dc196179-b1e0-4b48-bee9-7be9d5f3af19@group-D4BC1A2AD251-FollowerState] INFO  impl.FollowerState (FollowerState.java:run(152)) - dc196179-b1e0-4b48-bee9-7be9d5f3af19@group-D4BC1A2AD251-FollowerState was interrupted
2023-03-10 22:30:48,892 [dc196179-b1e0-4b48-bee9-7be9d5f3af19@group-D4BC1A2AD251-FollowerState] INFO  server.RaftServerConfigKeys (ConfUtils.java:logFallback(53)) - raft.server.rpc.first-election.timeout.min = 5s (fallback to raft.server.rpc.timeout.min)
2023-03-10 22:30:48,895 [dc196179-b1e0-4b48-bee9-7be9d5f3af19@group-D4BC1A2AD251-FollowerState] INFO  server.RaftServerConfigKeys (ConfUtils.java:logFallback(53)) - raft.server.rpc.first-election.timeout.max = 5200ms (fallback to raft.server.rpc.timeout.max)
2023-03-10 22:30:48,896 [grpc-default-executor-1] INFO  server.RaftServer$Division (RaftServerImpl.java:requestVote(1218)) - 2aff4a56-46da-424c-8361-de221ca2b011@group-D4BC1A2AD251: receive requestVote(ELECTION, 96536830-8d0b-4e92-a25b-57c10a9efae7, group-D4BC1A2AD251, 1, (t:0, i:0))
2023-03-10 22:30:48,896 [grpc-default-executor-1] INFO  impl.VoteContext (VoteContext.java:log(49)) - 2aff4a56-46da-424c-8361-de221ca2b011@group-D4BC1A2AD251-FOLLOWER: accept ELECTION from 96536830-8d0b-4e92-a25b-57c10a9efae7: our priority 0 <= candidate's priority 1
2023-03-10 22:30:48,896 [grpc-default-executor-1] INFO  server.RaftServer$Division (RaftServerImpl.java:setRole(321)) - 2aff4a56-46da-424c-8361-de221ca2b011@group-D4BC1A2AD251: changes role from  FOLLOWER to FOLLOWER at term 1 for candidate:96536830-8d0b-4e92-a25b-57c10a9efae7
2023-03-10 22:30:48,896 [grpc-default-executor-1] INFO  impl.RoleInfo (RoleInfo.java:shutdownFollowerState(110)) - 2aff4a56-46da-424c-8361-de221ca2b011: shutdown 2aff4a56-46da-424c-8361-de221ca2b011@group-D4BC1A2AD251-FollowerState
2023-03-10 22:30:48,896 [grpc-default-executor-1] INFO  impl.RoleInfo (RoleInfo.java:updateAndGet(139)) - 2aff4a56-46da-424c-8361-de221ca2b011: start 2aff4a56-46da-424c-8361-de221ca2b011@group-D4BC1A2AD251-FollowerState
2023-03-10 22:30:48,897 [2aff4a56-46da-424c-8361-de221ca2b011@group-D4BC1A2AD251-FollowerState] INFO  impl.FollowerState (FollowerState.java:run(152)) - 2aff4a56-46da-424c-8361-de221ca2b011@group-D4BC1A2AD251-FollowerState was interrupted
2023-03-10 22:30:48,903 [grpc-default-executor-1] INFO  server.RaftServer$Division (RaftServerImpl.java:requestVote(1251)) - 2aff4a56-46da-424c-8361-de221ca2b011@group-D4BC1A2AD251 replies to ELECTION vote request: 96536830-8d0b-4e92-a25b-57c10a9efae7<-2aff4a56-46da-424c-8361-de221ca2b011#0:OK-t1. Peer's state: 2aff4a56-46da-424c-8361-de221ca2b011@group-D4BC1A2AD251:t1, leader=null, voted=96536830-8d0b-4e92-a25b-57c10a9efae7, raftlog=Memoized:2aff4a56-46da-424c-8361-de221ca2b011@group-D4BC1A2AD251-SegmentedRaftLog:OPENED:c-1, conf=-1: peers:[2aff4a56-46da-424c-8361-de221ca2b011|rpc:10.1.0.5:34299|dataStream:10.1.0.5:34343|priority:0|startupRole:FOLLOWER, 96536830-8d0b-4e92-a25b-57c10a9efae7|rpc:10.1.0.5:32803|dataStream:10.1.0.5:33431|priority:1|startupRole:FOLLOWER, dc196179-b1e0-4b48-bee9-7be9d5f3af19|rpc:10.1.0.5:46641|dataStream:10.1.0.5:46507|priority:0|startupRole:FOLLOWER]|listeners:[], old=null
2023-03-10 22:30:48,904 [grpc-default-executor-0] INFO  server.RaftServer$Division (RaftServerImpl.java:requestVote(1251)) - dc196179-b1e0-4b48-bee9-7be9d5f3af19@group-D4BC1A2AD251 replies to ELECTION vote request: 96536830-8d0b-4e92-a25b-57c10a9efae7<-dc196179-b1e0-4b48-bee9-7be9d5f3af19#0:OK-t1. Peer's state: dc196179-b1e0-4b48-bee9-7be9d5f3af19@group-D4BC1A2AD251:t1, leader=null, voted=96536830-8d0b-4e92-a25b-57c10a9efae7, raftlog=Memoized:dc196179-b1e0-4b48-bee9-7be9d5f3af19@group-D4BC1A2AD251-SegmentedRaftLog:OPENED:c-1, conf=-1: peers:[2aff4a56-46da-424c-8361-de221ca2b011|rpc:10.1.0.5:34299|dataStream:10.1.0.5:34343|priority:0|startupRole:FOLLOWER, 96536830-8d0b-4e92-a25b-57c10a9efae7|rpc:10.1.0.5:32803|dataStream:10.1.0.5:33431|priority:1|startupRole:FOLLOWER, dc196179-b1e0-4b48-bee9-7be9d5f3af19|rpc:10.1.0.5:46641|dataStream:10.1.0.5:46507|priority:0|startupRole:FOLLOWER]|listeners:[], old=null
2023-03-10 22:30:48,906 [96536830-8d0b-4e92-a25b-57c10a9efae7@group-D4BC1A2AD251-LeaderElection7] INFO  impl.LeaderElection (LeaderElection.java:logAndReturn(90)) - 96536830-8d0b-4e92-a25b-57c10a9efae7@group-D4BC1A2AD251-LeaderElection7: ELECTION PASSED received 1 response(s) and 0 exception(s):
2023-03-10 22:30:48,907 [96536830-8d0b-4e92-a25b-57c10a9efae7@group-D4BC1A2AD251-LeaderElection7] INFO  impl.LeaderElection (LeaderElection.java:logAndReturn(94)) -   Response 0: 96536830-8d0b-4e92-a25b-57c10a9efae7<-dc196179-b1e0-4b48-bee9-7be9d5f3af19#0:OK-t1
2023-03-10 22:30:48,907 [96536830-8d0b-4e92-a25b-57c10a9efae7@group-D4BC1A2AD251-LeaderElection7] INFO  impl.LeaderElection (LeaderElection.java:askForVotes(314)) - 96536830-8d0b-4e92-a25b-57c10a9efae7@group-D4BC1A2AD251-LeaderElection7 ELECTION round 0: result PASSED
2023-03-10 22:30:48,907 [96536830-8d0b-4e92-a25b-57c10a9efae7@group-D4BC1A2AD251-LeaderElection7] INFO  impl.RoleInfo (RoleInfo.java:shutdownLeaderElection(130)) - 96536830-8d0b-4e92-a25b-57c10a9efae7: shutdown 96536830-8d0b-4e92-a25b-57c10a9efae7@group-D4BC1A2AD251-LeaderElection7
2023-03-10 22:30:48,907 [96536830-8d0b-4e92-a25b-57c10a9efae7@group-D4BC1A2AD251-LeaderElection7] INFO  server.RaftServer$Division (RaftServerImpl.java:setRole(321)) - 96536830-8d0b-4e92-a25b-57c10a9efae7@group-D4BC1A2AD251: changes role from CANDIDATE to LEADER at term 1 for changeToLeader
2023-03-10 22:30:48,907 [96536830-8d0b-4e92-a25b-57c10a9efae7@group-D4BC1A2AD251-LeaderElection7] INFO  ratis.XceiverServerRatis (XceiverServerRatis.java:handleLeaderChangedNotification(905)) - Leader change notification received for group: group-D4BC1A2AD251 with new leaderId: 96536830-8d0b-4e92-a25b-57c10a9efae7
2023-03-10 22:30:48,907 [96536830-8d0b-4e92-a25b-57c10a9efae7@group-D4BC1A2AD251-LeaderElection7] INFO  server.RaftServer$Division (ServerState.java:setLeader(313)) - 96536830-8d0b-4e92-a25b-57c10a9efae7@group-D4BC1A2AD251: change Leader from null to 96536830-8d0b-4e92-a25b-57c10a9efae7 at term 1 for becomeLeader, leader elected after 5155ms
2023-03-10 22:30:48,907 [96536830-8d0b-4e92-a25b-57c10a9efae7@group-D4BC1A2AD251-LeaderElection7] INFO  server.RaftServerConfigKeys (ConfUtils.java:logGet(46)) - raft.server.staging.catchup.gap = 1000 (default)
2023-03-10 22:30:48,908 [96536830-8d0b-4e92-a25b-57c10a9efae7@group-D4BC1A2AD251-LeaderElection7] INFO  server.RaftServerConfigKeys (ConfUtils.java:logGet(46)) - raft.server.write.element-limit = 1024 (custom)
2023-03-10 22:30:48,908 [96536830-8d0b-4e92-a25b-57c10a9efae7@group-D4BC1A2AD251-LeaderElection7] INFO  server.RaftServerConfigKeys (ConfUtils.java:logGet(46)) - raft.server.write.byte-limit = 1024 M (=1073741824) (custom)
2023-03-10 22:30:48,908 [96536830-8d0b-4e92-a25b-57c10a9efae7@group-D4BC1A2AD251-LeaderElection7] INFO  server.RaftServerConfigKeys (ConfUtils.java:logGet(46)) - raft.server.watch.timeout = 180s (custom)
2023-03-10 22:30:48,908 [96536830-8d0b-4e92-a25b-57c10a9efae7@group-D4BC1A2AD251-LeaderElection7] INFO  server.RaftServerConfigKeys (ConfUtils.java:logGet(46)) - raft.server.watch.timeout.denomination = 1s (default)
2023-03-10 22:30:48,908 [96536830-8d0b-4e92-a25b-57c10a9efae7@group-D4BC1A2AD251-LeaderElection7] INFO  server.RaftServerConfigKeys (ConfUtils.java:logGet(46)) - raft.server.watch.element-limit = 65536 (default)
2023-03-10 22:30:48,908 [96536830-8d0b-4e92-a25b-57c10a9efae7@group-D4BC1A2AD251-LeaderElection7] INFO  server.RaftServerConfigKeys (ConfUtils.java:logGet(46)) - raft.server.write.element-limit = 1024 (custom)
2023-03-10 22:30:48,908 [96536830-8d0b-4e92-a25b-57c10a9efae7@group-D4BC1A2AD251-LeaderElection7] INFO  server.RaftServerConfigKeys (ConfUtils.java:logGet(46)) - raft.server.write.follower.gap.ratio.max = -1.0 (default)
2023-03-10 22:30:48,909 [96536830-8d0b-4e92-a25b-57c10a9efae7@group-D4BC1A2AD251-LeaderElection7] INFO  server.RaftServerConfigKeys (ConfUtils.java:logGet(46)) - raft.server.log.appender.snapshot.chunk.size.max = 16MB (=16777216) (default)
2023-03-10 22:30:48,909 [96536830-8d0b-4e92-a25b-57c10a9efae7@group-D4BC1A2AD251-LeaderElection7] INFO  server.RaftServerConfigKeys (ConfUtils.java:logGet(46)) - raft.server.log.appender.buffer.byte-limit = 33554432 (custom)
2023-03-10 22:30:48,909 [96536830-8d0b-4e92-a25b-57c10a9efae7@group-D4BC1A2AD251-LeaderElection7] INFO  server.RaftServerConfigKeys (ConfUtils.java:logGet(46)) - raft.server.log.appender.buffer.element-limit = 1 (custom)
2023-03-10 22:30:48,909 [96536830-8d0b-4e92-a25b-57c10a9efae7@group-D4BC1A2AD251-LeaderElection7] INFO  grpc.GrpcConfigKeys (ConfUtils.java:logGet(46)) - raft.grpc.server.leader.outstanding.appends.max = 128 (default)
2023-03-10 22:30:48,910 [96536830-8d0b-4e92-a25b-57c10a9efae7@group-D4BC1A2AD251-LeaderElection7] INFO  server.RaftServerConfigKeys (ConfUtils.java:logGet(46)) - raft.server.rpc.request.timeout = 60s (custom)
2023-03-10 22:30:48,910 [96536830-8d0b-4e92-a25b-57c10a9efae7@group-D4BC1A2AD251-LeaderElection7] INFO  server.RaftServerConfigKeys (ConfUtils.java:logGet(46)) - raft.server.log.appender.install.snapshot.enabled = false (custom)
2023-03-10 22:30:48,910 [96536830-8d0b-4e92-a25b-57c10a9efae7@group-D4BC1A2AD251-LeaderElection7] INFO  grpc.GrpcConfigKeys (ConfUtils.java:logGet(46)) - raft.grpc.server.heartbeat.channel = true (default)
2023-03-10 22:30:48,910 [96536830-8d0b-4e92-a25b-57c10a9efae7@group-D4BC1A2AD251-LeaderElection7] INFO  server.RaftServerConfigKeys (ConfUtils.java:logGet(46)) - raft.server.log.appender.wait-time.min = 10ms (default)
2023-03-10 22:30:48,910 [96536830-8d0b-4e92-a25b-57c10a9efae7@group-D4BC1A2AD251-LeaderElection7] INFO  server.RaftServerConfigKeys (ConfUtils.java:logGet(46)) - raft.server.log.appender.snapshot.chunk.size.max = 16MB (=16777216) (default)
2023-03-10 22:30:48,910 [96536830-8d0b-4e92-a25b-57c10a9efae7@group-D4BC1A2AD251-LeaderElection7] INFO  server.RaftServerConfigKeys (ConfUtils.java:logGet(46)) - raft.server.log.appender.buffer.byte-limit = 33554432 (custom)
2023-03-10 22:30:48,910 [96536830-8d0b-4e92-a25b-57c10a9efae7@group-D4BC1A2AD251-LeaderElection7] INFO  server.RaftServerConfigKeys (ConfUtils.java:logGet(46)) - raft.server.log.appender.buffer.element-limit = 1 (custom)
2023-03-10 22:30:48,910 [96536830-8d0b-4e92-a25b-57c10a9efae7@group-D4BC1A2AD251-LeaderElection7] INFO  grpc.GrpcConfigKeys (ConfUtils.java:logGet(46)) - raft.grpc.server.leader.outstanding.appends.max = 128 (default)
2023-03-10 22:30:48,910 [96536830-8d0b-4e92-a25b-57c10a9efae7@group-D4BC1A2AD251-LeaderElection7] INFO  server.RaftServerConfigKeys (ConfUtils.java:logGet(46)) - raft.server.rpc.request.timeout = 60s (custom)
2023-03-10 22:30:48,910 [96536830-8d0b-4e92-a25b-57c10a9efae7@group-D4BC1A2AD251-LeaderElection7] INFO  server.RaftServerConfigKeys (ConfUtils.java:logGet(46)) - raft.server.log.appender.install.snapshot.enabled = false (custom)
2023-03-10 22:30:48,910 [96536830-8d0b-4e92-a25b-57c10a9efae7@group-D4BC1A2AD251-LeaderElection7] INFO  grpc.GrpcConfigKeys (ConfUtils.java:logGet(46)) - raft.grpc.server.heartbeat.channel = true (default)
2023-03-10 22:30:48,910 [96536830-8d0b-4e92-a25b-57c10a9efae7@group-D4BC1A2AD251-LeaderElection7] INFO  server.RaftServerConfigKeys (ConfUtils.java:logGet(46)) - raft.server.log.appender.wait-time.min = 10ms (default)
2023-03-10 22:30:48,911 [96536830-8d0b-4e92-a25b-57c10a9efae7@group-D4BC1A2AD251-LeaderElection7] INFO  impl.RoleInfo (RoleInfo.java:updateAndGet(139)) - 96536830-8d0b-4e92-a25b-57c10a9efae7: start 96536830-8d0b-4e92-a25b-57c10a9efae7@group-D4BC1A2AD251-LeaderStateImpl
2023-03-10 22:30:48,911 [2aff4a56-46da-424c-8361-de221ca2b011@group-D4BC1A2AD251-FollowerState] INFO  server.RaftServerConfigKeys (ConfUtils.java:logFallback(53)) - raft.server.rpc.first-election.timeout.min = 5s (fallback to raft.server.rpc.timeout.min)
2023-03-10 22:30:48,911 [96536830-8d0b-4e92-a25b-57c10a9efae7@group-D4BC1A2AD251-LeaderElection7] INFO  segmented.SegmentedRaftLogWorker (SegmentedRaftLogWorker.java:startLogSegment(452)) - 96536830-8d0b-4e92-a25b-57c10a9efae7@group-D4BC1A2AD251-SegmentedRaftLogWorker: Starting segment from index:0
2023-03-10 22:30:48,914 [2aff4a56-46da-424c-8361-de221ca2b011@group-D4BC1A2AD251-FollowerState] INFO  server.RaftServerConfigKeys (ConfUtils.java:logFallback(53)) - raft.server.rpc.first-election.timeout.max = 5200ms (fallback to raft.server.rpc.timeout.max)
2023-03-10 22:30:48,914 [EventQueue-PipelineReportForPipelineReportHandler] INFO  pipeline.PipelineManagerImpl (PipelineManagerImpl.java:openPipeline(367)) - Pipeline Pipeline[ Id: f57b6358-3464-4523-a7b4-d4bc1a2ad251, Nodes: 2aff4a56-46da-424c-8361-de221ca2b011(fv-az259-306.nxnqhby4qkoexpon2s1bx5vqxg.dx.internal.cloudapp.net/10.1.0.5)96536830-8d0b-4e92-a25b-57c10a9efae7(fv-az259-306.nxnqhby4qkoexpon2s1bx5vqxg.dx.internal.cloudapp.net/10.1.0.5)dc196179-b1e0-4b48-bee9-7be9d5f3af19(fv-az259-306.nxnqhby4qkoexpon2s1bx5vqxg.dx.internal.cloudapp.net/10.1.0.5), ReplicationConfig: RATIS/THREE, State:ALLOCATED, leaderId:96536830-8d0b-4e92-a25b-57c10a9efae7, CreationTimestamp2023-03-10T22:30:40.935Z[Etc/UTC]] moved to OPEN state
2023-03-10 22:30:48,917 [96536830-8d0b-4e92-a25b-57c10a9efae7@group-D4BC1A2AD251-SegmentedRaftLogWorker] INFO  segmented.SegmentedRaftLogWorker (SegmentedRaftLogWorker.java:execute(656)) - 96536830-8d0b-4e92-a25b-57c10a9efae7@group-D4BC1A2AD251-SegmentedRaftLogWorker: created new log segment /home/runner/work/ozone/ozone/hadoop-ozone/integration-test/target/test-dir/MiniOzoneClusterImpl-7a8fa31f-7ad0-4349-83ec-1d9026649271/datanode-2/data/ratis/f57b6358-3464-4523-a7b4-d4bc1a2ad251/current/log_inprogress_0
2023-03-10 22:30:48,924 [96536830-8d0b-4e92-a25b-57c10a9efae7@group-D4BC1A2AD251-LeaderElection7] INFO  server.RaftServer$Division (ServerState.java:setRaftConf(430)) - 96536830-8d0b-4e92-a25b-57c10a9efae7@group-D4BC1A2AD251: set configuration 0: peers:[2aff4a56-46da-424c-8361-de221ca2b011|rpc:10.1.0.5:34299|dataStream:10.1.0.5:34343|priority:0|startupRole:FOLLOWER, 96536830-8d0b-4e92-a25b-57c10a9efae7|rpc:10.1.0.5:32803|dataStream:10.1.0.5:33431|priority:1|startupRole:FOLLOWER, dc196179-b1e0-4b48-bee9-7be9d5f3af19|rpc:10.1.0.5:46641|dataStream:10.1.0.5:46507|priority:0|startupRole:FOLLOWER]|listeners:[], old=null
2023-03-10 22:30:48,930 [Listener at 127.0.0.1/40251] INFO  ozone.MiniOzoneClusterImpl (MiniOzoneClusterImpl.java:lambda$waitForClusterToBeReady$0(218)) - Nodes are ready. Got 3 of 3 DN Heartbeats.
2023-03-10 22:30:48,930 [Listener at 127.0.0.1/40251] INFO  ozone.MiniOzoneClusterImpl (MiniOzoneClusterImpl.java:lambda$waitForClusterToBeReady$0(221)) - Cluster exits safe mode
2023-03-10 22:30:48,930 [Listener at 127.0.0.1/40251] INFO  ozone.MiniOzoneClusterImpl (MiniOzoneClusterImpl.java:lambda$waitForClusterToBeReady$0(223)) - SCM became leader
2023-03-10 22:30:48,948 [2aff4a56-46da-424c-8361-de221ca2b011-server-thread2] INFO  ratis.XceiverServerRatis (XceiverServerRatis.java:handleLeaderChangedNotification(905)) - Leader change notification received for group: group-D4BC1A2AD251 with new leaderId: 96536830-8d0b-4e92-a25b-57c10a9efae7
2023-03-10 22:30:48,949 [dc196179-b1e0-4b48-bee9-7be9d5f3af19-server-thread1] INFO  ratis.XceiverServerRatis (XceiverServerRatis.java:handleLeaderChangedNotification(905)) - Leader change notification received for group: group-D4BC1A2AD251 with new leaderId: 96536830-8d0b-4e92-a25b-57c10a9efae7
2023-03-10 22:30:48,951 [2aff4a56-46da-424c-8361-de221ca2b011-server-thread2] INFO  server.RaftServer$Division (ServerState.java:setLeader(313)) - 2aff4a56-46da-424c-8361-de221ca2b011@group-D4BC1A2AD251: change Leader from null to 96536830-8d0b-4e92-a25b-57c10a9efae7 at term 1 for appendEntries, leader elected after 5267ms
2023-03-10 22:30:48,951 [dc196179-b1e0-4b48-bee9-7be9d5f3af19-server-thread1] INFO  server.RaftServer$Division (ServerState.java:setLeader(313)) - dc196179-b1e0-4b48-bee9-7be9d5f3af19@group-D4BC1A2AD251: change Leader from null to 96536830-8d0b-4e92-a25b-57c10a9efae7 at term 1 for appendEntries, leader elected after 5309ms
2023-03-10 22:30:48,952 [2aff4a56-46da-424c-8361-de221ca2b011-server-thread1] INFO  server.RaftServer$Division (ServerState.java:setRaftConf(430)) - 2aff4a56-46da-424c-8361-de221ca2b011@group-D4BC1A2AD251: set configuration 0: peers:[2aff4a56-46da-424c-8361-de221ca2b011|rpc:10.1.0.5:34299|dataStream:10.1.0.5:34343|priority:0|startupRole:FOLLOWER, 96536830-8d0b-4e92-a25b-57c10a9efae7|rpc:10.1.0.5:32803|dataStream:10.1.0.5:33431|priority:1|startupRole:FOLLOWER, dc196179-b1e0-4b48-bee9-7be9d5f3af19|rpc:10.1.0.5:46641|dataStream:10.1.0.5:46507|priority:0|startupRole:FOLLOWER]|listeners:[], old=null
2023-03-10 22:30:48,952 [dc196179-b1e0-4b48-bee9-7be9d5f3af19-server-thread1] INFO  server.RaftServer$Division (ServerState.java:setRaftConf(430)) - dc196179-b1e0-4b48-bee9-7be9d5f3af19@group-D4BC1A2AD251: set configuration 0: peers:[2aff4a56-46da-424c-8361-de221ca2b011|rpc:10.1.0.5:34299|dataStream:10.1.0.5:34343|priority:0|startupRole:FOLLOWER, 96536830-8d0b-4e92-a25b-57c10a9efae7|rpc:10.1.0.5:32803|dataStream:10.1.0.5:33431|priority:1|startupRole:FOLLOWER, dc196179-b1e0-4b48-bee9-7be9d5f3af19|rpc:10.1.0.5:46641|dataStream:10.1.0.5:46507|priority:0|startupRole:FOLLOWER]|listeners:[], old=null
2023-03-10 22:30:48,952 [2aff4a56-46da-424c-8361-de221ca2b011-server-thread1] INFO  segmented.SegmentedRaftLogWorker (SegmentedRaftLogWorker.java:startLogSegment(452)) - 2aff4a56-46da-424c-8361-de221ca2b011@group-D4BC1A2AD251-SegmentedRaftLogWorker: Starting segment from index:0
2023-03-10 22:30:48,952 [dc196179-b1e0-4b48-bee9-7be9d5f3af19-server-thread1] INFO  segmented.SegmentedRaftLogWorker (SegmentedRaftLogWorker.java:startLogSegment(452)) - dc196179-b1e0-4b48-bee9-7be9d5f3af19@group-D4BC1A2AD251-SegmentedRaftLogWorker: Starting segment from index:0
2023-03-10 22:30:48,957 [dc196179-b1e0-4b48-bee9-7be9d5f3af19@group-D4BC1A2AD251-SegmentedRaftLogWorker] INFO  segmented.SegmentedRaftLogWorker (SegmentedRaftLogWorker.java:execute(656)) - dc196179-b1e0-4b48-bee9-7be9d5f3af19@group-D4BC1A2AD251-SegmentedRaftLogWorker: created new log segment /home/runner/work/ozone/ozone/hadoop-ozone/integration-test/target/test-dir/MiniOzoneClusterImpl-7a8fa31f-7ad0-4349-83ec-1d9026649271/datanode-1/data/ratis/f57b6358-3464-4523-a7b4-d4bc1a2ad251/current/log_inprogress_0
2023-03-10 22:30:48,957 [2aff4a56-46da-424c-8361-de221ca2b011@group-D4BC1A2AD251-SegmentedRaftLogWorker] INFO  segmented.SegmentedRaftLogWorker (SegmentedRaftLogWorker.java:execute(656)) - 2aff4a56-46da-424c-8361-de221ca2b011@group-D4BC1A2AD251-SegmentedRaftLogWorker: created new log segment /home/runner/work/ozone/ozone/hadoop-ozone/integration-test/target/test-dir/MiniOzoneClusterImpl-7a8fa31f-7ad0-4349-83ec-1d9026649271/datanode-0/data/ratis/f57b6358-3464-4523-a7b4-d4bc1a2ad251/current/log_inprogress_0
2023-03-10 22:30:49,092 [IPC Server handler 17 on default port 39863] INFO  ha.SequenceIdGenerator (SequenceIdGenerator.java:getNextId(128)) - Allocate a batch for containerId, change lastId from 0 to 1000.
2023-03-10 22:30:49,117 [Time-limited test] INFO  impl.MetricsSystemImpl (MetricsSystemImpl.java:init(158)) - XceiverClientMetrics metrics system started (again)
2023-03-10 22:30:49,391 [96536830-8d0b-4e92-a25b-57c10a9efae7@group-F77599BE6489-FollowerState] INFO  impl.FollowerState (FollowerState.java:run(143)) - 96536830-8d0b-4e92-a25b-57c10a9efae7@group-F77599BE6489-FollowerState: change to CANDIDATE, lastRpcElapsedTime:5200881570ns, electionTimeout:5200ms
2023-03-10 22:30:49,391 [96536830-8d0b-4e92-a25b-57c10a9efae7@group-F77599BE6489-FollowerState] INFO  impl.RoleInfo (RoleInfo.java:shutdownFollowerState(110)) - 96536830-8d0b-4e92-a25b-57c10a9efae7: shutdown 96536830-8d0b-4e92-a25b-57c10a9efae7@group-F77599BE6489-FollowerState
2023-03-10 22:30:49,391 [96536830-8d0b-4e92-a25b-57c10a9efae7@group-F77599BE6489-FollowerState] INFO  server.RaftServer$Division (RaftServerImpl.java:setRole(321)) - 96536830-8d0b-4e92-a25b-57c10a9efae7@group-F77599BE6489: changes role from  FOLLOWER to CANDIDATE at term 0 for changeToCandidate
2023-03-10 22:30:49,392 [96536830-8d0b-4e92-a25b-57c10a9efae7@group-F77599BE6489-FollowerState] INFO  server.RaftServerConfigKeys (ConfUtils.java:logGet(46)) - raft.server.leaderelection.pre-vote = true (default)
2023-03-10 22:30:49,392 [96536830-8d0b-4e92-a25b-57c10a9efae7@group-F77599BE6489-FollowerState] INFO  impl.RoleInfo (RoleInfo.java:updateAndGet(139)) - 96536830-8d0b-4e92-a25b-57c10a9efae7: start 96536830-8d0b-4e92-a25b-57c10a9efae7@group-F77599BE6489-LeaderElection8
2023-03-10 22:30:49,393 [96536830-8d0b-4e92-a25b-57c10a9efae7@group-F77599BE6489-LeaderElection8] INFO  impl.LeaderElection (LeaderElection.java:askForVotes(312)) - 96536830-8d0b-4e92-a25b-57c10a9efae7@group-F77599BE6489-LeaderElection8 PRE_VOTE round 0: submit vote requests at term 0 for -1: peers:[96536830-8d0b-4e92-a25b-57c10a9efae7|rpc:10.1.0.5:32803|dataStream:10.1.0.5:33431|priority:1|startupRole:FOLLOWER]|listeners:[], old=null
2023-03-10 22:30:49,393 [96536830-8d0b-4e92-a25b-57c10a9efae7@group-F77599BE6489-LeaderElection8] INFO  impl.LeaderElection (LeaderElection.java:askForVotes(314)) - 96536830-8d0b-4e92-a25b-57c10a9efae7@group-F77599BE6489-LeaderElection8 PRE_VOTE round 0: result PASSED (term=0)
2023-03-10 22:30:49,395 [96536830-8d0b-4e92-a25b-57c10a9efae7@group-F77599BE6489-LeaderElection8] INFO  impl.LeaderElection (LeaderElection.java:askForVotes(312)) - 96536830-8d0b-4e92-a25b-57c10a9efae7@group-F77599BE6489-LeaderElection8 ELECTION round 0: submit vote requests at term 1 for -1: peers:[96536830-8d0b-4e92-a25b-57c10a9efae7|rpc:10.1.0.5:32803|dataStream:10.1.0.5:33431|priority:1|startupRole:FOLLOWER]|listeners:[], old=null
2023-03-10 22:30:49,395 [96536830-8d0b-4e92-a25b-57c10a9efae7@group-F77599BE6489-LeaderElection8] INFO  impl.LeaderElection (LeaderElection.java:askForVotes(314)) - 96536830-8d0b-4e92-a25b-57c10a9efae7@group-F77599BE6489-LeaderElection8 ELECTION round 0: result PASSED (term=1)
2023-03-10 22:30:49,395 [96536830-8d0b-4e92-a25b-57c10a9efae7@group-F77599BE6489-LeaderElection8] INFO  impl.RoleInfo (RoleInfo.java:shutdownLeaderElection(130)) - 96536830-8d0b-4e92-a25b-57c10a9efae7: shutdown 96536830-8d0b-4e92-a25b-57c10a9efae7@group-F77599BE6489-LeaderElection8
2023-03-10 22:30:49,395 [96536830-8d0b-4e92-a25b-57c10a9efae7@group-F77599BE6489-LeaderElection8] INFO  server.RaftServer$Division (RaftServerImpl.java:setRole(321)) - 96536830-8d0b-4e92-a25b-57c10a9efae7@group-F77599BE6489: changes role from CANDIDATE to LEADER at term 1 for changeToLeader
2023-03-10 22:30:49,395 [96536830-8d0b-4e92-a25b-57c10a9efae7@group-F77599BE6489-LeaderElection8] INFO  ratis.XceiverServerRatis (XceiverServerRatis.java:handleLeaderChangedNotification(905)) - Leader change notification received for group: group-F77599BE6489 with new leaderId: 96536830-8d0b-4e92-a25b-57c10a9efae7
2023-03-10 22:30:49,395 [96536830-8d0b-4e92-a25b-57c10a9efae7@group-F77599BE6489-LeaderElection8] INFO  server.RaftServer$Division (ServerState.java:setLeader(313)) - 96536830-8d0b-4e92-a25b-57c10a9efae7@group-F77599BE6489: change Leader from null to 96536830-8d0b-4e92-a25b-57c10a9efae7 at term 1 for becomeLeader, leader elected after 5469ms
2023-03-10 22:30:49,396 [96536830-8d0b-4e92-a25b-57c10a9efae7@group-F77599BE6489-LeaderElection8] INFO  server.RaftServerConfigKeys (ConfUtils.java:logGet(46)) - raft.server.staging.catchup.gap = 1000 (default)
2023-03-10 22:30:49,396 [96536830-8d0b-4e92-a25b-57c10a9efae7@group-F77599BE6489-LeaderElection8] INFO  server.RaftServerConfigKeys (ConfUtils.java:logGet(46)) - raft.server.write.element-limit = 1024 (custom)
2023-03-10 22:30:49,396 [96536830-8d0b-4e92-a25b-57c10a9efae7@group-F77599BE6489-LeaderElection8] INFO  server.RaftServerConfigKeys (ConfUtils.java:logGet(46)) - raft.server.write.byte-limit = 1024 M (=1073741824) (custom)
2023-03-10 22:30:49,397 [96536830-8d0b-4e92-a25b-57c10a9efae7@group-F77599BE6489-LeaderElection8] INFO  server.RaftServerConfigKeys (ConfUtils.java:logGet(46)) - raft.server.watch.timeout = 180s (custom)
2023-03-10 22:30:49,397 [96536830-8d0b-4e92-a25b-57c10a9efae7@group-F77599BE6489-LeaderElection8] INFO  server.RaftServerConfigKeys (ConfUtils.java:logGet(46)) - raft.server.watch.timeout.denomination = 1s (default)
2023-03-10 22:30:49,397 [96536830-8d0b-4e92-a25b-57c10a9efae7@group-F77599BE6489-LeaderElection8] INFO  server.RaftServerConfigKeys (ConfUtils.java:logGet(46)) - raft.server.watch.element-limit = 65536 (default)
2023-03-10 22:30:49,398 [96536830-8d0b-4e92-a25b-57c10a9efae7@group-F77599BE6489-LeaderElection8] INFO  server.RaftServerConfigKeys (ConfUtils.java:logGet(46)) - raft.server.write.element-limit = 1024 (custom)
2023-03-10 22:30:49,398 [96536830-8d0b-4e92-a25b-57c10a9efae7@group-F77599BE6489-LeaderElection8] INFO  server.RaftServerConfigKeys (ConfUtils.java:logGet(46)) - raft.server.write.follower.gap.ratio.max = -1.0 (default)
2023-03-10 22:30:49,398 [96536830-8d0b-4e92-a25b-57c10a9efae7@group-F77599BE6489-LeaderElection8] INFO  impl.RoleInfo (RoleInfo.java:updateAndGet(139)) - 96536830-8d0b-4e92-a25b-57c10a9efae7: start 96536830-8d0b-4e92-a25b-57c10a9efae7@group-F77599BE6489-LeaderStateImpl
2023-03-10 22:30:49,398 [96536830-8d0b-4e92-a25b-57c10a9efae7@group-F77599BE6489-LeaderElection8] INFO  segmented.SegmentedRaftLogWorker (SegmentedRaftLogWorker.java:startLogSegment(452)) - 96536830-8d0b-4e92-a25b-57c10a9efae7@group-F77599BE6489-SegmentedRaftLogWorker: Starting segment from index:0
2023-03-10 22:30:49,400 [96536830-8d0b-4e92-a25b-57c10a9efae7@group-F77599BE6489-LeaderElection8] INFO  server.RaftServer$Division (ServerState.java:setRaftConf(430)) - 96536830-8d0b-4e92-a25b-57c10a9efae7@group-F77599BE6489: set configuration 0: peers:[96536830-8d0b-4e92-a25b-57c10a9efae7|rpc:10.1.0.5:32803|dataStream:10.1.0.5:33431|priority:1|startupRole:FOLLOWER]|listeners:[], old=null
2023-03-10 22:30:49,402 [96536830-8d0b-4e92-a25b-57c10a9efae7@group-F77599BE6489-SegmentedRaftLogWorker] INFO  segmented.SegmentedRaftLogWorker (SegmentedRaftLogWorker.java:execute(656)) - 96536830-8d0b-4e92-a25b-57c10a9efae7@group-F77599BE6489-SegmentedRaftLogWorker: created new log segment /home/runner/work/ozone/ozone/hadoop-ozone/integration-test/target/test-dir/MiniOzoneClusterImpl-7a8fa31f-7ad0-4349-83ec-1d9026649271/datanode-2/data/ratis/6543f672-5b7d-43bc-bc91-f77599be6489/current/log_inprogress_0
2023-03-10 22:31:00,995 [Under Replicated Processor] INFO  replication.UnhealthyReplicationProcessor (UnhealthyReplicationProcessor.java:processAll(113)) - Processed 0 containers with health state counts {},failed processing 0
2023-03-10 22:31:01,003 [Over Replicated Processor] INFO  replication.UnhealthyReplicationProcessor (UnhealthyReplicationProcessor.java:processAll(113)) - Processed 0 containers with health state counts {},failed processing 0
2023-03-10 22:31:30,996 [Under Replicated Processor] INFO  replication.UnhealthyReplicationProcessor (UnhealthyReplicationProcessor.java:processAll(113)) - Processed 0 containers with health state counts {},failed processing 0
2023-03-10 22:31:31,004 [Over Replicated Processor] INFO  replication.UnhealthyReplicationProcessor (UnhealthyReplicationProcessor.java:processAll(113)) - Processed 0 containers with health state counts {},failed processing 0
2023-03-10 22:31:38,153 [BlockDeletingService#0] INFO  interfaces.ContainerDeletionChoosingPolicyTemplate (ContainerDeletionChoosingPolicyTemplate.java:chooseContainerForBlockDeletion(83)) - Chosen 0/5000 blocks from 0 candidate containers.
2023-03-10 22:31:38,645 [BlockDeletingService#0] INFO  interfaces.ContainerDeletionChoosingPolicyTemplate (ContainerDeletionChoosingPolicyTemplate.java:chooseContainerForBlockDeletion(83)) - Chosen 0/5000 blocks from 0 candidate containers.
2023-03-10 22:31:38,977 [BlockDeletingService#0] INFO  interfaces.ContainerDeletionChoosingPolicyTemplate (ContainerDeletionChoosingPolicyTemplate.java:chooseContainerForBlockDeletion(83)) - Chosen 0/5000 blocks from 0 candidate containers.
2023-03-10 22:32:00,996 [Under Replicated Processor] INFO  replication.UnhealthyReplicationProcessor (UnhealthyReplicationProcessor.java:processAll(113)) - Processed 0 containers with health state counts {},failed processing 0
2023-03-10 22:32:01,004 [Over Replicated Processor] INFO  replication.UnhealthyReplicationProcessor (UnhealthyReplicationProcessor.java:processAll(113)) - Processed 0 containers with health state counts {},failed processing 0
2023-03-10 22:32:30,997 [Under Replicated Processor] INFO  replication.UnhealthyReplicationProcessor (UnhealthyReplicationProcessor.java:processAll(113)) - Processed 0 containers with health state counts {},failed processing 0
2023-03-10 22:32:31,004 [Over Replicated Processor] INFO  replication.UnhealthyReplicationProcessor (UnhealthyReplicationProcessor.java:processAll(113)) - Processed 0 containers with health state counts {},failed processing 0
2023-03-10 22:32:38,154 [BlockDeletingService#1] INFO  interfaces.ContainerDeletionChoosingPolicyTemplate (ContainerDeletionChoosingPolicyTemplate.java:chooseContainerForBlockDeletion(83)) - Chosen 0/5000 blocks from 0 candidate containers.
2023-03-10 22:32:38,646 [BlockDeletingService#1] INFO  interfaces.ContainerDeletionChoosingPolicyTemplate (ContainerDeletionChoosingPolicyTemplate.java:chooseContainerForBlockDeletion(83)) - Chosen 0/5000 blocks from 0 candidate containers.
2023-03-10 22:32:38,978 [BlockDeletingService#1] INFO  interfaces.ContainerDeletionChoosingPolicyTemplate (ContainerDeletionChoosingPolicyTemplate.java:chooseContainerForBlockDeletion(83)) - Chosen 0/5000 blocks from 0 candidate containers.
2023-03-10 22:32:40,947 [RatisPipelineUtilsThread - 0] WARN  pipeline.PipelinePlacementPolicy (PipelinePlacementPolicy.java:filterViableNodes(158)) - Pipeline creation failed due to no sufficient healthy datanodes. Required 3. Found 0.
2023-03-10 22:33:00,997 [Under Replicated Processor] INFO  replication.UnhealthyReplicationProcessor (UnhealthyReplicationProcessor.java:processAll(113)) - Processed 0 containers with health state counts {},failed processing 0
2023-03-10 22:33:01,004 [Over Replicated Processor] INFO  replication.UnhealthyReplicationProcessor (UnhealthyReplicationProcessor.java:processAll(113)) - Processed 0 containers with health state counts {},failed processing 0
2023-03-10 22:33:30,997 [Under Replicated Processor] INFO  replication.UnhealthyReplicationProcessor (UnhealthyReplicationProcessor.java:processAll(113)) - Processed 0 containers with health state counts {},failed processing 0
2023-03-10 22:33:31,005 [Over Replicated Processor] INFO  replication.UnhealthyReplicationProcessor (UnhealthyReplicationProcessor.java:processAll(113)) - Processed 0 containers with health state counts {},failed processing 0
2023-03-10 22:33:38,155 [BlockDeletingService#0] INFO  interfaces.ContainerDeletionChoosingPolicyTemplate (ContainerDeletionChoosingPolicyTemplate.java:chooseContainerForBlockDeletion(83)) - Chosen 0/5000 blocks from 0 candidate containers.
2023-03-10 22:33:38,646 [BlockDeletingService#0] INFO  interfaces.ContainerDeletionChoosingPolicyTemplate (ContainerDeletionChoosingPolicyTemplate.java:chooseContainerForBlockDeletion(83)) - Chosen 0/5000 blocks from 0 candidate containers.
2023-03-10 22:33:38,978 [BlockDeletingService#0] INFO  interfaces.ContainerDeletionChoosingPolicyTemplate (ContainerDeletionChoosingPolicyTemplate.java:chooseContainerForBlockDeletion(83)) - Chosen 0/5000 blocks from 0 candidate containers.
2023-03-10 22:34:00,998 [Under Replicated Processor] INFO  replication.UnhealthyReplicationProcessor (UnhealthyReplicationProcessor.java:processAll(113)) - Processed 0 containers with health state counts {},failed processing 0
2023-03-10 22:34:01,005 [Over Replicated Processor] INFO  replication.UnhealthyReplicationProcessor (UnhealthyReplicationProcessor.java:processAll(113)) - Processed 0 containers with health state counts {},failed processing 0
2023-03-10 22:34:30,998 [Under Replicated Processor] INFO  replication.UnhealthyReplicationProcessor (UnhealthyReplicationProcessor.java:processAll(113)) - Processed 0 containers with health state counts {},failed processing 0
2023-03-10 22:34:31,005 [Over Replicated Processor] INFO  replication.UnhealthyReplicationProcessor (UnhealthyReplicationProcessor.java:processAll(113)) - Processed 0 containers with health state counts {},failed processing 0
2023-03-10 22:34:38,155 [BlockDeletingService#2] INFO  interfaces.ContainerDeletionChoosingPolicyTemplate (ContainerDeletionChoosingPolicyTemplate.java:chooseContainerForBlockDeletion(83)) - Chosen 0/5000 blocks from 0 candidate containers.
2023-03-10 22:34:38,647 [BlockDeletingService#2] INFO  interfaces.ContainerDeletionChoosingPolicyTemplate (ContainerDeletionChoosingPolicyTemplate.java:chooseContainerForBlockDeletion(83)) - Chosen 0/5000 blocks from 0 candidate containers.
2023-03-10 22:34:38,979 [BlockDeletingService#2] INFO  interfaces.ContainerDeletionChoosingPolicyTemplate (ContainerDeletionChoosingPolicyTemplate.java:chooseContainerForBlockDeletion(83)) - Chosen 0/5000 blocks from 0 candidate containers.
2023-03-10 22:34:40,949 [RatisPipelineUtilsThread - 0] WARN  pipeline.PipelinePlacementPolicy (PipelinePlacementPolicy.java:filterViableNodes(158)) - Pipeline creation failed due to no sufficient healthy datanodes. Required 3. Found 0.
2023-03-10 22:35:00,999 [Under Replicated Processor] INFO  replication.UnhealthyReplicationProcessor (UnhealthyReplicationProcessor.java:processAll(113)) - Processed 0 containers with health state counts {},failed processing 0
2023-03-10 22:35:01,005 [Over Replicated Processor] INFO  replication.UnhealthyReplicationProcessor (UnhealthyReplicationProcessor.java:processAll(113)) - Processed 0 containers with health state counts {},failed processing 0
2023-03-10 22:35:30,998 [ReplicationMonitor] INFO  replication.ReplicationManager (ReplicationManager.java:processAll(379)) - Replication Monitor Thread took 1 milliseconds for processing 1 containers.
2023-03-10 22:35:30,999 [Under Replicated Processor] INFO  replication.UnhealthyReplicationProcessor (UnhealthyReplicationProcessor.java:processAll(113)) - Processed 0 containers with health state counts {},failed processing 0
2023-03-10 22:35:31,006 [Over Replicated Processor] INFO  replication.UnhealthyReplicationProcessor (UnhealthyReplicationProcessor.java:processAll(113)) - Processed 0 containers with health state counts {},failed processing 0
2023-03-10 22:35:38,156 [BlockDeletingService#1] INFO  interfaces.ContainerDeletionChoosingPolicyTemplate (ContainerDeletionChoosingPolicyTemplate.java:chooseContainerForBlockDeletion(83)) - Chosen 0/5000 blocks from 0 candidate containers.
2023-03-10 22:35:38,647 [BlockDeletingService#1] INFO  interfaces.ContainerDeletionChoosingPolicyTemplate (ContainerDeletionChoosingPolicyTemplate.java:chooseContainerForBlockDeletion(83)) - Chosen 0/5000 blocks from 0 candidate containers.
2023-03-10 22:35:38,979 [BlockDeletingService#1] INFO  interfaces.ContainerDeletionChoosingPolicyTemplate (ContainerDeletionChoosingPolicyTemplate.java:chooseContainerForBlockDeletion(83)) - Chosen 0/5000 blocks from 0 candidate containers.
]]></system-out>
  </testcase>
</testsuite>