<?xml version="1.0" encoding="UTF-8"?>
<testsuite xmlns:xsi="http://www.w3.org/2001/XMLSchema-instance" xsi:noNamespaceSchemaLocation="https://maven.apache.org/surefire/maven-surefire-plugin/xsd/surefire-test-report.xsd" name="org.apache.hadoop.ozone.scm.TestStorageContainerManagerHA" time="114.329" tests="3" errors="1" skipped="0" failures="0">
  <properties>
    <property name="awt.toolkit" value="sun.awt.X11.XToolkit"/>
    <property name="file.encoding.pkg" value="sun.io"/>
    <property name="java.specification.version" value="1.8"/>
    <property name="sun.cpu.isalist" value=""/>
    <property name="sun.jnu.encoding" value="ANSI_X3.4-1968"/>
    <property name="java.class.path" value="/github/workspace/mnt/ozone/hadoop-ozone/integration-test/target/test-classes:/github/workspace/mnt/ozone/hadoop-ozone/integration-test/target/classes:/home/user/.m2/repository/org/apache/hadoop/hadoop-ozone-common/1.1.0-SNAPSHOT/hadoop-ozone-common-1.1.0-SNAPSHOT.jar:/home/user/.m2/repository/org/apache/commons/commons-compress/1.4.1/commons-compress-1.4.1.jar:/home/user/.m2/repository/org/tukaani/xz/1.0/xz-1.0.jar:/home/user/.m2/repository/org/apache/hadoop/hadoop-hdds-common/1.1.0-SNAPSHOT/hadoop-hdds-common-1.1.0-SNAPSHOT.jar:/home/user/.m2/repository/org/apache/hadoop/hadoop-hdds-client/1.1.0-SNAPSHOT/hadoop-hdds-client-1.1.0-SNAPSHOT.jar:/home/user/.m2/repository/org/apache/hadoop/hadoop-ozone-interface-client/1.1.0-SNAPSHOT/hadoop-ozone-interface-client-1.1.0-SNAPSHOT.jar:/home/user/.m2/repository/org/apache/hadoop/hadoop-hdds-test-utils/1.1.0-SNAPSHOT/hadoop-hdds-test-utils-1.1.0-SNAPSHOT.jar:/home/user/.m2/repository/com/google/guava/guava/28.2-jre/guava-28.2-jre.jar:/home/user/.m2/repository/com/google/guava/failureaccess/1.0.1/failureaccess-1.0.1.jar:/home/user/.m2/repository/com/google/guava/listenablefuture/9999.0-empty-to-avoid-conflict-with-guava/listenablefuture-9999.0-empty-to-avoid-conflict-with-guava.jar:/home/user/.m2/repository/com/google/code/findbugs/jsr305/3.0.0/jsr305-3.0.0.jar:/home/user/.m2/repository/org/checkerframework/checker-qual/2.10.0/checker-qual-2.10.0.jar:/home/user/.m2/repository/com/google/errorprone/error_prone_annotations/2.2.0/error_prone_annotations-2.2.0.jar:/home/user/.m2/repository/com/google/j2objc/j2objc-annotations/1.3/j2objc-annotations-1.3.jar:/home/user/.m2/repository/commons-io/commons-io/2.5/commons-io-2.5.jar:/home/user/.m2/repository/commons-logging/commons-logging/1.2/commons-logging-1.2.jar:/home/user/.m2/repository/log4j/log4j/1.2.17/log4j-1.2.17.jar:/home/user/.m2/repository/org/slf4j/slf4j-api/1.7.30/slf4j-api-1.7.30.jar:/home/user/.m2/repository/org/apache/hadoop/hadoop-hdds-server-scm/1.1.0-SNAPSHOT/hadoop-hdds-server-scm-1.1.0-SNAPSHOT.jar:/home/user/.m2/repository/org/apache/hadoop/hadoop-hdds-container-service/1.1.0-SNAPSHOT/hadoop-hdds-container-service-1.1.0-SNAPSHOT.jar:/home/user/.m2/repository/org/apache/hadoop/hadoop-hdds-hadoop-dependency-server/1.1.0-SNAPSHOT/hadoop-hdds-hadoop-dependency-server-1.1.0-SNAPSHOT.jar:/home/user/.m2/repository/org/apache/hadoop/hadoop-hdfs/3.2.2/hadoop-hdfs-3.2.2.jar:/home/user/.m2/repository/org/apache/hadoop/hadoop-hdds-server-framework/1.1.0-SNAPSHOT/hadoop-hdds-server-framework-1.1.0-SNAPSHOT.jar:/home/user/.m2/repository/org/apache/hadoop/hadoop-hdds-interface-server/1.1.0-SNAPSHOT/hadoop-hdds-interface-server-1.1.0-SNAPSHOT.jar:/home/user/.m2/repository/org/eclipse/jetty/jetty-servlet/9.4.35.v20201120/jetty-servlet-9.4.35.v20201120.jar:/home/user/.m2/repository/org/eclipse/jetty/jetty-security/9.4.35.v20201120/jetty-security-9.4.35.v20201120.jar:/home/user/.m2/repository/org/rocksdb/rocksdbjni/6.8.1/rocksdbjni-6.8.1.jar:/home/user/.m2/repository/io/prometheus/simpleclient_dropwizard/0.7.0/simpleclient_dropwizard-0.7.0.jar:/home/user/.m2/repository/io/prometheus/simpleclient/0.7.0/simpleclient-0.7.0.jar:/home/user/.m2/repository/io/prometheus/simpleclient_common/0.7.0/simpleclient_common-0.7.0.jar:/home/user/.m2/repository/com/fasterxml/jackson/datatype/jackson-datatype-jsr310/2.12.1/jackson-datatype-jsr310-2.12.1.jar:/home/user/.m2/repository/io/dropwizard/metrics/metrics-core/3.2.4/metrics-core-3.2.4.jar:/home/user/.m2/repository/org/apache/hadoop/hadoop-hdfs-client/3.2.2/hadoop-hdfs-client-3.2.2.jar:/home/user/.m2/repository/org/bouncycastle/bcprov-jdk15on/1.67/bcprov-jdk15on-1.67.jar:/home/user/.m2/repository/com/google/protobuf/protobuf-java/2.5.0/protobuf-java-2.5.0.jar:/home/user/.m2/repository/org/apache/hadoop/hadoop-ozone-ozone-manager/1.1.0-SNAPSHOT/hadoop-ozone-ozone-manager-1.1.0-SNAPSHOT.jar:/home/user/.m2/repository/org/apache/hadoop/hadoop-hdds-interface-client/1.1.0-SNAPSHOT/hadoop-hdds-interface-client-1.1.0-SNAPSHOT.jar:/home/user/.m2/repository/org/apache/ratis/ratis-thirdparty-misc/0.6.0/ratis-thirdparty-misc-0.6.0.jar:/home/user/.m2/repository/org/apache/hadoop/hadoop-ozone-interface-storage/1.1.0-SNAPSHOT/hadoop-ozone-interface-storage-1.1.0-SNAPSHOT.jar:/home/user/.m2/repository/org/apache/hadoop/hadoop-minikdc/3.2.2/hadoop-minikdc-3.2.2.jar:/home/user/.m2/repository/org/apache/kerby/kerb-simplekdc/1.0.1/kerb-simplekdc-1.0.1.jar:/home/user/.m2/repository/org/apache/kerby/kerb-client/1.0.1/kerb-client-1.0.1.jar:/home/user/.m2/repository/org/apache/kerby/kerby-config/1.0.1/kerby-config-1.0.1.jar:/home/user/.m2/repository/org/apache/kerby/kerb-core/1.0.1/kerb-core-1.0.1.jar:/home/user/.m2/repository/org/apache/kerby/kerby-pkix/1.0.1/kerby-pkix-1.0.1.jar:/home/user/.m2/repository/org/apache/kerby/kerby-asn1/1.0.1/kerby-asn1-1.0.1.jar:/home/user/.m2/repository/org/apache/kerby/kerby-util/1.0.1/kerby-util-1.0.1.jar:/home/user/.m2/repository/org/apache/kerby/kerb-common/1.0.1/kerb-common-1.0.1.jar:/home/user/.m2/repository/org/apache/kerby/kerb-crypto/1.0.1/kerb-crypto-1.0.1.jar:/home/user/.m2/repository/org/apache/kerby/kerb-util/1.0.1/kerb-util-1.0.1.jar:/home/user/.m2/repository/org/apache/kerby/token-provider/1.0.1/token-provider-1.0.1.jar:/home/user/.m2/repository/org/apache/kerby/kerb-admin/1.0.1/kerb-admin-1.0.1.jar:/home/user/.m2/repository/org/apache/kerby/kerb-server/1.0.1/kerb-server-1.0.1.jar:/home/user/.m2/repository/org/apache/kerby/kerb-identity/1.0.1/kerb-identity-1.0.1.jar:/home/user/.m2/repository/org/apache/kerby/kerby-xdr/1.0.1/kerby-xdr-1.0.1.jar:/home/user/.m2/repository/org/slf4j/slf4j-log4j12/1.7.30/slf4j-log4j12-1.7.30.jar:/home/user/.m2/repository/org/apache/hadoop/hadoop-ozone-s3gateway/1.1.0-SNAPSHOT/hadoop-ozone-s3gateway-1.1.0-SNAPSHOT.jar:/home/user/.m2/repository/org/jboss/weld/servlet/weld-servlet/2.4.7.Final/weld-servlet-2.4.7.Final.jar:/home/user/.m2/repository/org/glassfish/jersey/containers/jersey-container-servlet-core/2.27/jersey-container-servlet-core-2.27.jar:/home/user/.m2/repository/org/glassfish/hk2/external/javax.inject/2.5.0-b42/javax.inject-2.5.0-b42.jar:/home/user/.m2/repository/org/glassfish/jersey/core/jersey-common/2.27/jersey-common-2.27.jar:/home/user/.m2/repository/org/glassfish/hk2/osgi-resource-locator/1.0.1/osgi-resource-locator-1.0.1.jar:/home/user/.m2/repository/javax/ws/rs/javax.ws.rs-api/2.1/javax.ws.rs-api-2.1.jar:/home/user/.m2/repository/org/glassfish/jersey/ext/cdi/jersey-cdi1x/2.27/jersey-cdi1x-2.27.jar:/home/user/.m2/repository/org/glassfish/jersey/inject/jersey-hk2/2.27/jersey-hk2-2.27.jar:/home/user/.m2/repository/org/glassfish/hk2/hk2-locator/2.5.0-b42/hk2-locator-2.5.0-b42.jar:/home/user/.m2/repository/org/javassist/javassist/3.22.0-CR2/javassist-3.22.0-CR2.jar:/home/user/.m2/repository/org/glassfish/hk2/hk2-api/2.5.0/hk2-api-2.5.0.jar:/home/user/.m2/repository/org/glassfish/hk2/external/jakarta.inject/2.5.0/jakarta.inject-2.5.0.jar:/home/user/.m2/repository/org/glassfish/hk2/hk2-utils/2.5.0/hk2-utils-2.5.0.jar:/home/user/.m2/repository/jakarta/annotation/jakarta.annotation-api/1.3.4/jakarta.annotation-api-1.3.4.jar:/home/user/.m2/repository/org/glassfish/hk2/external/aopalliance-repackaged/2.5.0/aopalliance-repackaged-2.5.0.jar:/home/user/.m2/repository/com/fasterxml/jackson/dataformat/jackson-dataformat-xml/2.12.1/jackson-dataformat-xml-2.12.1.jar:/home/user/.m2/repository/com/fasterxml/jackson/core/jackson-core/2.12.1/jackson-core-2.12.1.jar:/home/user/.m2/repository/com/fasterxml/jackson/module/jackson-module-jaxb-annotations/2.12.1/jackson-module-jaxb-annotations-2.12.1.jar:/home/user/.m2/repository/jakarta/xml/bind/jakarta.xml.bind-api/2.3.2/jakarta.xml.bind-api-2.3.2.jar:/home/user/.m2/repository/jakarta/activation/jakarta.activation-api/1.2.1/jakarta.activation-api-1.2.1.jar:/home/user/.m2/repository/org/codehaus/woodstox/stax2-api/3.1.4/stax2-api-3.1.4.jar:/home/user/.m2/repository/com/fasterxml/woodstox/woodstox-core/5.0.3/woodstox-core-5.0.3.jar:/home/user/.m2/repository/javax/enterprise/cdi-api/1.2/cdi-api-1.2.jar:/home/user/.m2/repository/javax/el/javax.el-api/3.0.0/javax.el-api-3.0.0.jar:/home/user/.m2/repository/javax/interceptor/javax.interceptor-api/1.2/javax.interceptor-api-1.2.jar:/home/user/.m2/repository/javax/inject/javax.inject/1/javax.inject-1.jar:/home/user/.m2/repository/com/sun/xml/bind/jaxb-impl/2.3.0.1/jaxb-impl-2.3.0.1.jar:/home/user/.m2/repository/com/sun/xml/bind/jaxb-core/2.3.0.1/jaxb-core-2.3.0.1.jar:/home/user/.m2/repository/javax/xml/bind/jaxb-api/2.3.0/jaxb-api-2.3.0.jar:/home/user/.m2/repository/javax/activation/activation/1.1.1/activation-1.1.1.jar:/home/user/.m2/repository/org/apache/hadoop/hadoop-ozone-csi/1.1.0-SNAPSHOT/hadoop-ozone-csi-1.1.0-SNAPSHOT.jar:/home/user/.m2/repository/com/google/protobuf/protobuf-java-util/3.12.0/protobuf-java-util-3.12.0.jar:/home/user/.m2/repository/com/google/code/gson/gson/2.2.4/gson-2.2.4.jar:/home/user/.m2/repository/org/apache/hadoop/hadoop-hdds-config/1.1.0-SNAPSHOT/hadoop-hdds-config-1.1.0-SNAPSHOT.jar:/home/user/.m2/repository/io/grpc/grpc-netty/1.33.0/grpc-netty-1.33.0.jar:/home/user/.m2/repository/io/grpc/grpc-core/1.33.0/grpc-core-1.33.0.jar:/home/user/.m2/repository/com/google/android/annotations/4.1.1.4/annotations-4.1.1.4.jar:/home/user/.m2/repository/io/netty/netty-codec-http2/4.1.51.Final/netty-codec-http2-4.1.51.Final.jar:/home/user/.m2/repository/io/netty/netty-codec/4.1.51.Final/netty-codec-4.1.51.Final.jar:/home/user/.m2/repository/io/netty/netty-handler/4.1.51.Final/netty-handler-4.1.51.Final.jar:/home/user/.m2/repository/io/netty/netty-codec-http/4.1.51.Final/netty-codec-http-4.1.51.Final.jar:/home/user/.m2/repository/io/netty/netty-handler-proxy/4.1.51.Final/netty-handler-proxy-4.1.51.Final.jar:/home/user/.m2/repository/io/netty/netty-codec-socks/4.1.51.Final/netty-codec-socks-4.1.51.Final.jar:/home/user/.m2/repository/io/perfmark/perfmark-api/0.19.0/perfmark-api-0.19.0.jar:/home/user/.m2/repository/org/codehaus/mojo/animal-sniffer-annotations/1.18/animal-sniffer-annotations-1.18.jar:/home/user/.m2/repository/io/netty/netty-transport-native-epoll/4.1.51.Final/netty-transport-native-epoll-4.1.51.Final.jar:/home/user/.m2/repository/io/netty/netty-common/4.1.51.Final/netty-common-4.1.51.Final.jar:/home/user/.m2/repository/io/netty/netty-buffer/4.1.51.Final/netty-buffer-4.1.51.Final.jar:/home/user/.m2/repository/io/netty/netty-transport/4.1.51.Final/netty-transport-4.1.51.Final.jar:/home/user/.m2/repository/io/netty/netty-resolver/4.1.51.Final/netty-resolver-4.1.51.Final.jar:/home/user/.m2/repository/io/netty/netty-transport-native-unix-common/4.1.51.Final/netty-transport-native-unix-common-4.1.51.Final.jar:/home/user/.m2/repository/io/grpc/grpc-protobuf/1.33.0/grpc-protobuf-1.33.0.jar:/home/user/.m2/repository/io/grpc/grpc-api/1.33.0/grpc-api-1.33.0.jar:/home/user/.m2/repository/io/grpc/grpc-context/1.33.0/grpc-context-1.33.0.jar:/home/user/.m2/repository/com/google/api/grpc/proto-google-common-protos/1.17.0/proto-google-common-protos-1.17.0.jar:/home/user/.m2/repository/io/grpc/grpc-protobuf-lite/1.33.0/grpc-protobuf-lite-1.33.0.jar:/home/user/.m2/repository/io/grpc/grpc-stub/1.33.0/grpc-stub-1.33.0.jar:/home/user/.m2/repository/org/apache/hadoop/hadoop-ozone-recon/1.1.0-SNAPSHOT/hadoop-ozone-recon-1.1.0-SNAPSHOT.jar:/home/user/.m2/repository/org/apache/hadoop/hadoop-ozone-reconcodegen/1.1.0-SNAPSHOT/hadoop-ozone-reconcodegen-1.1.0-SNAPSHOT.jar:/home/user/.m2/repository/com/google/inject/extensions/guice-multibindings/4.0/guice-multibindings-4.0.jar:/home/user/.m2/repository/com/google/inject/guice/4.0/guice-4.0.jar:/home/user/.m2/repository/aopalliance/aopalliance/1.0/aopalliance-1.0.jar:/home/user/.m2/repository/com/google/inject/extensions/guice-assistedinject/4.0/guice-assistedinject-4.0.jar:/home/user/.m2/repository/com/google/inject/extensions/guice-servlet/4.0/guice-servlet-4.0.jar:/home/user/.m2/repository/org/glassfish/jersey/containers/jersey-container-servlet/2.27/jersey-container-servlet-2.27.jar:/home/user/.m2/repository/org/glassfish/hk2/guice-bridge/2.5.0/guice-bridge-2.5.0.jar:/home/user/.m2/repository/org/glassfish/jersey/core/jersey-server/2.27/jersey-server-2.27.jar:/home/user/.m2/repository/org/glassfish/jersey/core/jersey-client/2.27/jersey-client-2.27.jar:/home/user/.m2/repository/org/glassfish/jersey/media/jersey-media-jaxb/2.27/jersey-media-jaxb-2.27.jar:/home/user/.m2/repository/javax/validation/validation-api/1.1.0.Final/validation-api-1.1.0.Final.jar:/home/user/.m2/repository/org/glassfish/jersey/media/jersey-media-json-jackson/2.27/jersey-media-json-jackson-2.27.jar:/home/user/.m2/repository/org/glassfish/jersey/ext/jersey-entity-filtering/2.27/jersey-entity-filtering-2.27.jar:/home/user/.m2/repository/org/jooq/jooq/3.11.10/jooq-3.11.10.jar:/home/user/.m2/repository/org/jooq/jooq-meta/3.11.10/jooq-meta-3.11.10.jar:/home/user/.m2/repository/org/jooq/jooq-codegen/3.11.10/jooq-codegen-3.11.10.jar:/home/user/.m2/repository/com/jolbox/bonecp/0.8.0.RELEASE/bonecp-0.8.0.RELEASE.jar:/home/user/.m2/repository/org/apache/derby/derby/10.14.2.0/derby-10.14.2.0.jar:/home/user/.m2/repository/org/xerial/sqlite-jdbc/3.25.2/sqlite-jdbc-3.25.2.jar:/home/user/.m2/repository/org/springframework/spring-jdbc/5.2.11.RELEASE/spring-jdbc-5.2.11.RELEASE.jar:/home/user/.m2/repository/org/springframework/spring-beans/5.2.11.RELEASE/spring-beans-5.2.11.RELEASE.jar:/home/user/.m2/repository/org/springframework/spring-core/5.2.11.RELEASE/spring-core-5.2.11.RELEASE.jar:/home/user/.m2/repository/org/springframework/spring-jcl/5.2.11.RELEASE/spring-jcl-5.2.11.RELEASE.jar:/home/user/.m2/repository/org/springframework/spring-tx/5.2.11.RELEASE/spring-tx-5.2.11.RELEASE.jar:/home/user/.m2/repository/org/apache/hadoop/hadoop-ozone-client/1.1.0-SNAPSHOT/hadoop-ozone-client-1.1.0-SNAPSHOT.jar:/home/user/.m2/repository/org/apache/hadoop/hadoop-ozone-filesystem/1.1.0-SNAPSHOT/hadoop-ozone-filesystem-1.1.0-SNAPSHOT.jar:/home/user/.m2/repository/org/apache/hadoop/hadoop-ozone-filesystem-common/1.1.0-SNAPSHOT/hadoop-ozone-filesystem-common-1.1.0-SNAPSHOT.jar:/home/user/.m2/repository/org/apache/hadoop/hadoop-ozone-tools/1.1.0-SNAPSHOT/hadoop-ozone-tools-1.1.0-SNAPSHOT.jar:/home/user/.m2/repository/org/apache/ratis/ratis-tools/2.0.0/ratis-tools-2.0.0.jar:/home/user/.m2/repository/org/apache/ratis/ratis-proto/2.0.0/ratis-proto-2.0.0.jar:/home/user/.m2/repository/org/apache/ratis/ratis-common/2.0.0/ratis-common-2.0.0.jar:/home/user/.m2/repository/com/amazonaws/aws-java-sdk-core/1.11.901/aws-java-sdk-core-1.11.901.jar:/home/user/.m2/repository/org/apache/httpcomponents/httpclient/4.5.13/httpclient-4.5.13.jar:/home/user/.m2/repository/org/apache/httpcomponents/httpcore/4.4.13/httpcore-4.4.13.jar:/home/user/.m2/repository/software/amazon/ion/ion-java/1.0.2/ion-java-1.0.2.jar:/home/user/.m2/repository/com/fasterxml/jackson/dataformat/jackson-dataformat-cbor/2.12.1/jackson-dataformat-cbor-2.12.1.jar:/home/user/.m2/repository/joda-time/joda-time/2.8.1/joda-time-2.8.1.jar:/home/user/.m2/repository/com/amazonaws/aws-java-sdk-s3/1.11.901/aws-java-sdk-s3-1.11.901.jar:/home/user/.m2/repository/com/amazonaws/aws-java-sdk-kms/1.11.901/aws-java-sdk-kms-1.11.901.jar:/home/user/.m2/repository/com/amazonaws/jmespath-java/1.11.901/jmespath-java-1.11.901.jar:/home/user/.m2/repository/org/kohsuke/metainf-services/metainf-services/1.8/metainf-services-1.8.jar:/home/user/.m2/repository/org/apache/hadoop/hadoop-hdds-tools/1.1.0-SNAPSHOT/hadoop-hdds-tools-1.1.0-SNAPSHOT.jar:/home/user/.m2/repository/commons-cli/commons-cli/1.2/commons-cli-1.2.jar:/home/user/.m2/repository/org/apache/commons/commons-lang3/3.7/commons-lang3-3.7.jar:/home/user/.m2/repository/org/apache/hadoop/hadoop-ozone-ozone-manager/1.1.0-SNAPSHOT/hadoop-ozone-ozone-manager-1.1.0-SNAPSHOT-tests.jar:/home/user/.m2/repository/org/apache/hadoop/hadoop-hdds-common/1.1.0-SNAPSHOT/hadoop-hdds-common-1.1.0-SNAPSHOT-tests.jar:/home/user/.m2/repository/org/apache/hadoop/hadoop-hdds-hadoop-dependency-client/1.1.0-SNAPSHOT/hadoop-hdds-hadoop-dependency-client-1.1.0-SNAPSHOT.jar:/home/user/.m2/repository/info/picocli/picocli/4.4.0/picocli-4.4.0.jar:/home/user/.m2/repository/com/fasterxml/jackson/core/jackson-annotations/2.12.1/jackson-annotations-2.12.1.jar:/home/user/.m2/repository/javax/annotation/javax.annotation-api/1.2/javax.annotation-api-1.2.jar:/home/user/.m2/repository/org/fusesource/leveldbjni/leveldbjni-all/1.8/leveldbjni-all-1.8.jar:/home/user/.m2/repository/org/apache/ratis/ratis-server/2.0.0/ratis-server-2.0.0.jar:/home/user/.m2/repository/org/apache/ratis/ratis-client/2.0.0/ratis-client-2.0.0.jar:/home/user/.m2/repository/org/apache/ratis/ratis-server-api/2.0.0/ratis-server-api-2.0.0.jar:/home/user/.m2/repository/org/apache/ratis/ratis-metrics/2.0.0/ratis-metrics-2.0.0.jar:/home/user/.m2/repository/org/apache/ratis/ratis-netty/2.0.0/ratis-netty-2.0.0.jar:/home/user/.m2/repository/org/apache/ratis/ratis-grpc/2.0.0/ratis-grpc-2.0.0.jar:/home/user/.m2/repository/org/apache/logging/log4j/log4j-api/2.13.3/log4j-api-2.13.3.jar:/home/user/.m2/repository/org/apache/logging/log4j/log4j-core/2.13.3/log4j-core-2.13.3.jar:/home/user/.m2/repository/com/lmax/disruptor/3.4.2/disruptor-3.4.2.jar:/home/user/.m2/repository/org/apache/commons/commons-pool2/2.6.0/commons-pool2-2.6.0.jar:/home/user/.m2/repository/org/bouncycastle/bcpkix-jdk15on/1.67/bcpkix-jdk15on-1.67.jar:/home/user/.m2/repository/commons-validator/commons-validator/1.6/commons-validator-1.6.jar:/home/user/.m2/repository/commons-beanutils/commons-beanutils/1.9.4/commons-beanutils-1.9.4.jar:/home/user/.m2/repository/commons-digester/commons-digester/1.8.1/commons-digester-1.8.1.jar:/home/user/.m2/repository/commons-collections/commons-collections/3.2.2/commons-collections-3.2.2.jar:/home/user/.m2/repository/io/jaegertracing/jaeger-client/1.2.0/jaeger-client-1.2.0.jar:/home/user/.m2/repository/io/jaegertracing/jaeger-thrift/1.2.0/jaeger-thrift-1.2.0.jar:/home/user/.m2/repository/org/apache/thrift/libthrift/0.13.0/libthrift-0.13.0.jar:/home/user/.m2/repository/com/squareup/okhttp3/okhttp/4.2.2/okhttp-4.2.2.jar:/home/user/.m2/repository/com/squareup/okio/okio/2.2.2/okio-2.2.2.jar:/home/user/.m2/repository/io/jaegertracing/jaeger-core/1.2.0/jaeger-core-1.2.0.jar:/home/user/.m2/repository/io/jaegertracing/jaeger-tracerresolver/1.2.0/jaeger-tracerresolver-1.2.0.jar:/home/user/.m2/repository/io/opentracing/contrib/opentracing-tracerresolver/0.1.8/opentracing-tracerresolver-0.1.8.jar:/home/user/.m2/repository/org/jetbrains/kotlin/kotlin-stdlib/1.4.31/kotlin-stdlib-1.4.31.jar:/home/user/.m2/repository/org/jetbrains/kotlin/kotlin-stdlib-common/1.4.31/kotlin-stdlib-common-1.4.31.jar:/home/user/.m2/repository/org/jetbrains/annotations/13.0/annotations-13.0.jar:/home/user/.m2/repository/io/opentracing/opentracing-util/0.33.0/opentracing-util-0.33.0.jar:/home/user/.m2/repository/io/opentracing/opentracing-api/0.33.0/opentracing-api-0.33.0.jar:/home/user/.m2/repository/io/opentracing/opentracing-noop/0.33.0/opentracing-noop-0.33.0.jar:/home/user/.m2/repository/org/yaml/snakeyaml/1.26/snakeyaml-1.26.jar:/home/user/.m2/repository/org/apache/hadoop/hadoop-hdds-interface-admin/1.1.0-SNAPSHOT/hadoop-hdds-interface-admin-1.1.0-SNAPSHOT.jar:/home/user/.m2/repository/junit/junit/4.13.1/junit-4.13.1.jar:/home/user/.m2/repository/org/hamcrest/hamcrest-core/1.3/hamcrest-core-1.3.jar:/home/user/.m2/repository/org/junit/jupiter/junit-jupiter-api/5.7.0/junit-jupiter-api-5.7.0.jar:/home/user/.m2/repository/org/apiguardian/apiguardian-api/1.1.0/apiguardian-api-1.1.0.jar:/home/user/.m2/repository/org/opentest4j/opentest4j/1.2.0/opentest4j-1.2.0.jar:/home/user/.m2/repository/org/junit/platform/junit-platform-commons/1.7.0/junit-platform-commons-1.7.0.jar:/home/user/.m2/repository/org/junit/jupiter/junit-jupiter-engine/5.7.0/junit-jupiter-engine-5.7.0.jar:/home/user/.m2/repository/org/junit/platform/junit-platform-engine/1.7.0/junit-platform-engine-1.7.0.jar:/home/user/.m2/repository/org/junit/vintage/junit-vintage-engine/5.7.0/junit-vintage-engine-5.7.0.jar:/home/user/.m2/repository/org/junit/platform/junit-platform-launcher/1.7.0/junit-platform-launcher-1.7.0.jar:/home/user/.m2/repository/org/openjdk/jmh/jmh-core/1.19/jmh-core-1.19.jar:/home/user/.m2/repository/net/sf/jopt-simple/jopt-simple/4.6/jopt-simple-4.6.jar:/home/user/.m2/repository/org/apache/commons/commons-math3/3.1.1/commons-math3-3.1.1.jar:/home/user/.m2/repository/org/openjdk/jmh/jmh-generator-annprocess/1.19/jmh-generator-annprocess-1.19.jar:/home/user/.m2/repository/org/mockito/mockito-all/1.8.5/mockito-all-1.8.5.jar:/home/user/.m2/repository/org/apache/hadoop/hadoop-kms/3.2.2/hadoop-kms-3.2.2.jar:/home/user/.m2/repository/org/apache/hadoop/hadoop-auth/3.2.2/hadoop-auth-3.2.2.jar:/home/user/.m2/repository/com/nimbusds/nimbus-jose-jwt/7.9/nimbus-jose-jwt-7.9.jar:/home/user/.m2/repository/com/github/stephenc/jcip/jcip-annotations/1.0-1/jcip-annotations-1.0-1.jar:/home/user/.m2/repository/net/minidev/json-smart/2.3/json-smart-2.3.jar:/home/user/.m2/repository/net/minidev/accessors-smart/1.2/accessors-smart-1.2.jar:/home/user/.m2/repository/org/ow2/asm/asm/5.0.4/asm-5.0.4.jar:/home/user/.m2/repository/org/apache/zookeeper/zookeeper/3.4.13/zookeeper-3.4.13.jar:/home/user/.m2/repository/org/apache/yetus/audience-annotations/0.5.0/audience-annotations-0.5.0.jar:/home/user/.m2/repository/org/apache/curator/curator-framework/2.13.0/curator-framework-2.13.0.jar:/home/user/.m2/repository/com/sun/jersey/jersey-core/1.19/jersey-core-1.19.jar:/home/user/.m2/repository/javax/ws/rs/jsr311-api/1.1.1/jsr311-api-1.1.1.jar:/home/user/.m2/repository/com/sun/jersey/jersey-server/1.19/jersey-server-1.19.jar:/home/user/.m2/repository/javax/servlet/javax.servlet-api/3.1.0/javax.servlet-api-3.1.0.jar:/home/user/.m2/repository/org/eclipse/jetty/jetty-server/9.4.35.v20201120/jetty-server-9.4.35.v20201120.jar:/home/user/.m2/repository/org/eclipse/jetty/jetty-http/9.4.35.v20201120/jetty-http-9.4.35.v20201120.jar:/home/user/.m2/repository/org/eclipse/jetty/jetty-io/9.4.35.v20201120/jetty-io-9.4.35.v20201120.jar:/home/user/.m2/repository/org/eclipse/jetty/jetty-webapp/9.4.35.v20201120/jetty-webapp-9.4.35.v20201120.jar:/home/user/.m2/repository/org/eclipse/jetty/jetty-xml/9.4.35.v20201120/jetty-xml-9.4.35.v20201120.jar:/home/user/.m2/repository/org/apache/hadoop/hadoop-common/3.2.2/hadoop-common-3.2.2.jar:/home/user/.m2/repository/commons-net/commons-net/3.6/commons-net-3.6.jar:/home/user/.m2/repository/javax/activation/javax.activation-api/1.2.0/javax.activation-api-1.2.0.jar:/home/user/.m2/repository/com/sun/jersey/jersey-servlet/1.19/jersey-servlet-1.19.jar:/home/user/.m2/repository/com/sun/jersey/jersey-json/1.19/jersey-json-1.19.jar:/home/user/.m2/repository/org/codehaus/jettison/jettison/1.1/jettison-1.1.jar:/home/user/.m2/repository/org/codehaus/jackson/jackson-jaxrs/1.9.2/jackson-jaxrs-1.9.2.jar:/home/user/.m2/repository/org/codehaus/jackson/jackson-xc/1.9.2/jackson-xc-1.9.2.jar:/home/user/.m2/repository/org/apache/commons/commons-configuration2/2.1.1/commons-configuration2-2.1.1.jar:/home/user/.m2/repository/org/apache/commons/commons-text/1.4/commons-text-1.4.jar:/home/user/.m2/repository/com/google/re2j/re2j/1.1/re2j-1.1.jar:/home/user/.m2/repository/com/jcraft/jsch/0.1.54/jsch-0.1.54.jar:/home/user/.m2/repository/org/apache/curator/curator-client/2.13.0/curator-client-2.13.0.jar:/home/user/.m2/repository/org/apache/curator/curator-recipes/2.13.0/curator-recipes-2.13.0.jar:/home/user/.m2/repository/dnsjava/dnsjava/2.1.7/dnsjava-2.1.7.jar:/home/user/.m2/repository/org/slf4j/jul-to-slf4j/1.7.30/jul-to-slf4j-1.7.30.jar:/home/user/.m2/repository/org/eclipse/jetty/jetty-util/9.4.35.v20201120/jetty-util-9.4.35.v20201120.jar:/home/user/.m2/repository/com/fasterxml/jackson/core/jackson-databind/2.12.1/jackson-databind-2.12.1.jar:/home/user/.m2/repository/org/apache/hadoop/hadoop-kms/3.2.2/hadoop-kms-3.2.2-tests.jar:/home/user/.m2/repository/org/apache/hadoop/hadoop-hdds-server-scm/1.1.0-SNAPSHOT/hadoop-hdds-server-scm-1.1.0-SNAPSHOT-tests.jar:/home/user/.m2/repository/org/apache/hadoop/hadoop-hdds-container-service/1.1.0-SNAPSHOT/hadoop-hdds-container-service-1.1.0-SNAPSHOT-tests.jar:/home/user/.m2/repository/commons-codec/commons-codec/1.11/commons-codec-1.11.jar:/home/user/.m2/repository/org/apache/hadoop/hadoop-hdds-hadoop-dependency-test/1.1.0-SNAPSHOT/hadoop-hdds-hadoop-dependency-test-1.1.0-SNAPSHOT.jar:/home/user/.m2/repository/org/apache/hadoop/hadoop-common/3.2.2/hadoop-common-3.2.2-tests.jar:/home/user/.m2/repository/org/apache/hadoop/hadoop-hdfs/3.2.2/hadoop-hdfs-3.2.2-tests.jar:/home/user/.m2/repository/org/eclipse/jetty/jetty-util-ajax/9.4.35.v20201120/jetty-util-ajax-9.4.35.v20201120.jar:/home/user/.m2/repository/commons-daemon/commons-daemon/1.0.13/commons-daemon-1.0.13.jar:/home/user/.m2/repository/io/netty/netty/3.10.6.Final/netty-3.10.6.Final.jar:/home/user/.m2/repository/io/netty/netty-all/4.1.51.Final/netty-all-4.1.51.Final.jar:/home/user/.m2/repository/org/apache/htrace/htrace-core4/4.1.0-incubating/htrace-core4-4.1.0-incubating.jar:/home/user/.m2/repository/org/apache/hadoop/hadoop-distcp/3.2.2/hadoop-distcp-3.2.2.jar:/home/user/.m2/repository/org/apache/hadoop/hadoop-mapreduce-client-jobclient/3.2.2/hadoop-mapreduce-client-jobclient-3.2.2.jar:/home/user/.m2/repository/org/apache/hadoop/hadoop-mapreduce-client-common/3.2.2/hadoop-mapreduce-client-common-3.2.2.jar:/home/user/.m2/repository/org/apache/hadoop/hadoop-yarn-common/3.2.2/hadoop-yarn-common-3.2.2.jar:/home/user/.m2/repository/org/apache/hadoop/hadoop-yarn-api/3.2.2/hadoop-yarn-api-3.2.2.jar:/home/user/.m2/repository/com/sun/jersey/jersey-client/1.19/jersey-client-1.19.jar:/home/user/.m2/repository/com/sun/jersey/contribs/jersey-guice/1.19/jersey-guice-1.19.jar:/home/user/.m2/repository/com/fasterxml/jackson/jaxrs/jackson-jaxrs-json-provider/2.12.1/jackson-jaxrs-json-provider-2.12.1.jar:/home/user/.m2/repository/com/fasterxml/jackson/jaxrs/jackson-jaxrs-base/2.12.1/jackson-jaxrs-base-2.12.1.jar:/home/user/.m2/repository/org/apache/hadoop/hadoop-yarn-client/3.2.2/hadoop-yarn-client-3.2.2.jar:/home/user/.m2/repository/org/apache/hadoop/hadoop-mapreduce-client-core/3.2.2/hadoop-mapreduce-client-core-3.2.2.jar:/home/user/.m2/repository/org/apache/avro/avro/1.7.7/avro-1.7.7.jar:/home/user/.m2/repository/org/codehaus/jackson/jackson-core-asl/1.9.13/jackson-core-asl-1.9.13.jar:/home/user/.m2/repository/org/codehaus/jackson/jackson-mapper-asl/1.9.13/jackson-mapper-asl-1.9.13.jar:/home/user/.m2/repository/com/thoughtworks/paranamer/paranamer/2.3/paranamer-2.3.jar:/home/user/.m2/repository/org/xerial/snappy/snappy-java/1.0.5/snappy-java-1.0.5.jar:/home/user/.m2/repository/org/apache/hadoop/hadoop-annotations/3.2.2/hadoop-annotations-3.2.2.jar:/usr/lib/jvm/java-1.8.0-openjdk-1.8.0.232.b09-0.el7_7.x86_64/jre/../lib/tools.jar:/home/user/.m2/repository/org/apache/hadoop/hadoop-distcp/3.2.2/hadoop-distcp-3.2.2-tests.jar:"/>
    <property name="java.vm.vendor" value="Oracle Corporation"/>
    <property name="sun.arch.data.model" value="64"/>
    <property name="test.build.dir" value="/github/workspace/mnt/ozone/hadoop-ozone/integration-test/target/test-dir"/>
    <property name="test.cache.data" value=""/>
    <property name="java.vendor.url" value="http://java.oracle.com/"/>
    <property name="user.timezone" value=""/>
    <property name="java.vm.specification.version" value="1.8"/>
    <property name="os.name" value="Linux"/>
    <property name="test.build.data" value="/github/workspace/mnt/ozone/hadoop-ozone/integration-test/target/test-dir"/>
    <property name="user.country" value="US"/>
    <property name="sun.java.launcher" value="SUN_STANDARD"/>
    <property name="sun.boot.library.path" value="/usr/lib/jvm/java-1.8.0-openjdk-1.8.0.232.b09-0.el7_7.x86_64/jre/lib/amd64"/>
    <property name="sun.java.command" value="/github/workspace/mnt/ozone/hadoop-ozone/integration-test/target/surefire/surefirebooter1499922492516563255.jar /github/workspace/mnt/ozone/hadoop-ozone/integration-test/target/surefire 2021-04-07T10-02-19_178-jvmRun1 surefire7642282895912603150tmp surefire_214768367696096856981tmp"/>
    <property name="surefire.test.class.path" value="/github/workspace/mnt/ozone/hadoop-ozone/integration-test/target/test-classes:/github/workspace/mnt/ozone/hadoop-ozone/integration-test/target/classes:/home/user/.m2/repository/org/apache/hadoop/hadoop-ozone-common/1.1.0-SNAPSHOT/hadoop-ozone-common-1.1.0-SNAPSHOT.jar:/home/user/.m2/repository/org/apache/commons/commons-compress/1.4.1/commons-compress-1.4.1.jar:/home/user/.m2/repository/org/tukaani/xz/1.0/xz-1.0.jar:/home/user/.m2/repository/org/apache/hadoop/hadoop-hdds-common/1.1.0-SNAPSHOT/hadoop-hdds-common-1.1.0-SNAPSHOT.jar:/home/user/.m2/repository/org/apache/hadoop/hadoop-hdds-client/1.1.0-SNAPSHOT/hadoop-hdds-client-1.1.0-SNAPSHOT.jar:/home/user/.m2/repository/org/apache/hadoop/hadoop-ozone-interface-client/1.1.0-SNAPSHOT/hadoop-ozone-interface-client-1.1.0-SNAPSHOT.jar:/home/user/.m2/repository/org/apache/hadoop/hadoop-hdds-test-utils/1.1.0-SNAPSHOT/hadoop-hdds-test-utils-1.1.0-SNAPSHOT.jar:/home/user/.m2/repository/com/google/guava/guava/28.2-jre/guava-28.2-jre.jar:/home/user/.m2/repository/com/google/guava/failureaccess/1.0.1/failureaccess-1.0.1.jar:/home/user/.m2/repository/com/google/guava/listenablefuture/9999.0-empty-to-avoid-conflict-with-guava/listenablefuture-9999.0-empty-to-avoid-conflict-with-guava.jar:/home/user/.m2/repository/com/google/code/findbugs/jsr305/3.0.0/jsr305-3.0.0.jar:/home/user/.m2/repository/org/checkerframework/checker-qual/2.10.0/checker-qual-2.10.0.jar:/home/user/.m2/repository/com/google/errorprone/error_prone_annotations/2.2.0/error_prone_annotations-2.2.0.jar:/home/user/.m2/repository/com/google/j2objc/j2objc-annotations/1.3/j2objc-annotations-1.3.jar:/home/user/.m2/repository/commons-io/commons-io/2.5/commons-io-2.5.jar:/home/user/.m2/repository/commons-logging/commons-logging/1.2/commons-logging-1.2.jar:/home/user/.m2/repository/log4j/log4j/1.2.17/log4j-1.2.17.jar:/home/user/.m2/repository/org/slf4j/slf4j-api/1.7.30/slf4j-api-1.7.30.jar:/home/user/.m2/repository/org/apache/hadoop/hadoop-hdds-server-scm/1.1.0-SNAPSHOT/hadoop-hdds-server-scm-1.1.0-SNAPSHOT.jar:/home/user/.m2/repository/org/apache/hadoop/hadoop-hdds-container-service/1.1.0-SNAPSHOT/hadoop-hdds-container-service-1.1.0-SNAPSHOT.jar:/home/user/.m2/repository/org/apache/hadoop/hadoop-hdds-hadoop-dependency-server/1.1.0-SNAPSHOT/hadoop-hdds-hadoop-dependency-server-1.1.0-SNAPSHOT.jar:/home/user/.m2/repository/org/apache/hadoop/hadoop-hdfs/3.2.2/hadoop-hdfs-3.2.2.jar:/home/user/.m2/repository/org/apache/hadoop/hadoop-hdds-server-framework/1.1.0-SNAPSHOT/hadoop-hdds-server-framework-1.1.0-SNAPSHOT.jar:/home/user/.m2/repository/org/apache/hadoop/hadoop-hdds-interface-server/1.1.0-SNAPSHOT/hadoop-hdds-interface-server-1.1.0-SNAPSHOT.jar:/home/user/.m2/repository/org/eclipse/jetty/jetty-servlet/9.4.35.v20201120/jetty-servlet-9.4.35.v20201120.jar:/home/user/.m2/repository/org/eclipse/jetty/jetty-security/9.4.35.v20201120/jetty-security-9.4.35.v20201120.jar:/home/user/.m2/repository/org/rocksdb/rocksdbjni/6.8.1/rocksdbjni-6.8.1.jar:/home/user/.m2/repository/io/prometheus/simpleclient_dropwizard/0.7.0/simpleclient_dropwizard-0.7.0.jar:/home/user/.m2/repository/io/prometheus/simpleclient/0.7.0/simpleclient-0.7.0.jar:/home/user/.m2/repository/io/prometheus/simpleclient_common/0.7.0/simpleclient_common-0.7.0.jar:/home/user/.m2/repository/com/fasterxml/jackson/datatype/jackson-datatype-jsr310/2.12.1/jackson-datatype-jsr310-2.12.1.jar:/home/user/.m2/repository/io/dropwizard/metrics/metrics-core/3.2.4/metrics-core-3.2.4.jar:/home/user/.m2/repository/org/apache/hadoop/hadoop-hdfs-client/3.2.2/hadoop-hdfs-client-3.2.2.jar:/home/user/.m2/repository/org/bouncycastle/bcprov-jdk15on/1.67/bcprov-jdk15on-1.67.jar:/home/user/.m2/repository/com/google/protobuf/protobuf-java/2.5.0/protobuf-java-2.5.0.jar:/home/user/.m2/repository/org/apache/hadoop/hadoop-ozone-ozone-manager/1.1.0-SNAPSHOT/hadoop-ozone-ozone-manager-1.1.0-SNAPSHOT.jar:/home/user/.m2/repository/org/apache/hadoop/hadoop-hdds-interface-client/1.1.0-SNAPSHOT/hadoop-hdds-interface-client-1.1.0-SNAPSHOT.jar:/home/user/.m2/repository/org/apache/ratis/ratis-thirdparty-misc/0.6.0/ratis-thirdparty-misc-0.6.0.jar:/home/user/.m2/repository/org/apache/hadoop/hadoop-ozone-interface-storage/1.1.0-SNAPSHOT/hadoop-ozone-interface-storage-1.1.0-SNAPSHOT.jar:/home/user/.m2/repository/org/apache/hadoop/hadoop-minikdc/3.2.2/hadoop-minikdc-3.2.2.jar:/home/user/.m2/repository/org/apache/kerby/kerb-simplekdc/1.0.1/kerb-simplekdc-1.0.1.jar:/home/user/.m2/repository/org/apache/kerby/kerb-client/1.0.1/kerb-client-1.0.1.jar:/home/user/.m2/repository/org/apache/kerby/kerby-config/1.0.1/kerby-config-1.0.1.jar:/home/user/.m2/repository/org/apache/kerby/kerb-core/1.0.1/kerb-core-1.0.1.jar:/home/user/.m2/repository/org/apache/kerby/kerby-pkix/1.0.1/kerby-pkix-1.0.1.jar:/home/user/.m2/repository/org/apache/kerby/kerby-asn1/1.0.1/kerby-asn1-1.0.1.jar:/home/user/.m2/repository/org/apache/kerby/kerby-util/1.0.1/kerby-util-1.0.1.jar:/home/user/.m2/repository/org/apache/kerby/kerb-common/1.0.1/kerb-common-1.0.1.jar:/home/user/.m2/repository/org/apache/kerby/kerb-crypto/1.0.1/kerb-crypto-1.0.1.jar:/home/user/.m2/repository/org/apache/kerby/kerb-util/1.0.1/kerb-util-1.0.1.jar:/home/user/.m2/repository/org/apache/kerby/token-provider/1.0.1/token-provider-1.0.1.jar:/home/user/.m2/repository/org/apache/kerby/kerb-admin/1.0.1/kerb-admin-1.0.1.jar:/home/user/.m2/repository/org/apache/kerby/kerb-server/1.0.1/kerb-server-1.0.1.jar:/home/user/.m2/repository/org/apache/kerby/kerb-identity/1.0.1/kerb-identity-1.0.1.jar:/home/user/.m2/repository/org/apache/kerby/kerby-xdr/1.0.1/kerby-xdr-1.0.1.jar:/home/user/.m2/repository/org/slf4j/slf4j-log4j12/1.7.30/slf4j-log4j12-1.7.30.jar:/home/user/.m2/repository/org/apache/hadoop/hadoop-ozone-s3gateway/1.1.0-SNAPSHOT/hadoop-ozone-s3gateway-1.1.0-SNAPSHOT.jar:/home/user/.m2/repository/org/jboss/weld/servlet/weld-servlet/2.4.7.Final/weld-servlet-2.4.7.Final.jar:/home/user/.m2/repository/org/glassfish/jersey/containers/jersey-container-servlet-core/2.27/jersey-container-servlet-core-2.27.jar:/home/user/.m2/repository/org/glassfish/hk2/external/javax.inject/2.5.0-b42/javax.inject-2.5.0-b42.jar:/home/user/.m2/repository/org/glassfish/jersey/core/jersey-common/2.27/jersey-common-2.27.jar:/home/user/.m2/repository/org/glassfish/hk2/osgi-resource-locator/1.0.1/osgi-resource-locator-1.0.1.jar:/home/user/.m2/repository/javax/ws/rs/javax.ws.rs-api/2.1/javax.ws.rs-api-2.1.jar:/home/user/.m2/repository/org/glassfish/jersey/ext/cdi/jersey-cdi1x/2.27/jersey-cdi1x-2.27.jar:/home/user/.m2/repository/org/glassfish/jersey/inject/jersey-hk2/2.27/jersey-hk2-2.27.jar:/home/user/.m2/repository/org/glassfish/hk2/hk2-locator/2.5.0-b42/hk2-locator-2.5.0-b42.jar:/home/user/.m2/repository/org/javassist/javassist/3.22.0-CR2/javassist-3.22.0-CR2.jar:/home/user/.m2/repository/org/glassfish/hk2/hk2-api/2.5.0/hk2-api-2.5.0.jar:/home/user/.m2/repository/org/glassfish/hk2/external/jakarta.inject/2.5.0/jakarta.inject-2.5.0.jar:/home/user/.m2/repository/org/glassfish/hk2/hk2-utils/2.5.0/hk2-utils-2.5.0.jar:/home/user/.m2/repository/jakarta/annotation/jakarta.annotation-api/1.3.4/jakarta.annotation-api-1.3.4.jar:/home/user/.m2/repository/org/glassfish/hk2/external/aopalliance-repackaged/2.5.0/aopalliance-repackaged-2.5.0.jar:/home/user/.m2/repository/com/fasterxml/jackson/dataformat/jackson-dataformat-xml/2.12.1/jackson-dataformat-xml-2.12.1.jar:/home/user/.m2/repository/com/fasterxml/jackson/core/jackson-core/2.12.1/jackson-core-2.12.1.jar:/home/user/.m2/repository/com/fasterxml/jackson/module/jackson-module-jaxb-annotations/2.12.1/jackson-module-jaxb-annotations-2.12.1.jar:/home/user/.m2/repository/jakarta/xml/bind/jakarta.xml.bind-api/2.3.2/jakarta.xml.bind-api-2.3.2.jar:/home/user/.m2/repository/jakarta/activation/jakarta.activation-api/1.2.1/jakarta.activation-api-1.2.1.jar:/home/user/.m2/repository/org/codehaus/woodstox/stax2-api/3.1.4/stax2-api-3.1.4.jar:/home/user/.m2/repository/com/fasterxml/woodstox/woodstox-core/5.0.3/woodstox-core-5.0.3.jar:/home/user/.m2/repository/javax/enterprise/cdi-api/1.2/cdi-api-1.2.jar:/home/user/.m2/repository/javax/el/javax.el-api/3.0.0/javax.el-api-3.0.0.jar:/home/user/.m2/repository/javax/interceptor/javax.interceptor-api/1.2/javax.interceptor-api-1.2.jar:/home/user/.m2/repository/javax/inject/javax.inject/1/javax.inject-1.jar:/home/user/.m2/repository/com/sun/xml/bind/jaxb-impl/2.3.0.1/jaxb-impl-2.3.0.1.jar:/home/user/.m2/repository/com/sun/xml/bind/jaxb-core/2.3.0.1/jaxb-core-2.3.0.1.jar:/home/user/.m2/repository/javax/xml/bind/jaxb-api/2.3.0/jaxb-api-2.3.0.jar:/home/user/.m2/repository/javax/activation/activation/1.1.1/activation-1.1.1.jar:/home/user/.m2/repository/org/apache/hadoop/hadoop-ozone-csi/1.1.0-SNAPSHOT/hadoop-ozone-csi-1.1.0-SNAPSHOT.jar:/home/user/.m2/repository/com/google/protobuf/protobuf-java-util/3.12.0/protobuf-java-util-3.12.0.jar:/home/user/.m2/repository/com/google/code/gson/gson/2.2.4/gson-2.2.4.jar:/home/user/.m2/repository/org/apache/hadoop/hadoop-hdds-config/1.1.0-SNAPSHOT/hadoop-hdds-config-1.1.0-SNAPSHOT.jar:/home/user/.m2/repository/io/grpc/grpc-netty/1.33.0/grpc-netty-1.33.0.jar:/home/user/.m2/repository/io/grpc/grpc-core/1.33.0/grpc-core-1.33.0.jar:/home/user/.m2/repository/com/google/android/annotations/4.1.1.4/annotations-4.1.1.4.jar:/home/user/.m2/repository/io/netty/netty-codec-http2/4.1.51.Final/netty-codec-http2-4.1.51.Final.jar:/home/user/.m2/repository/io/netty/netty-codec/4.1.51.Final/netty-codec-4.1.51.Final.jar:/home/user/.m2/repository/io/netty/netty-handler/4.1.51.Final/netty-handler-4.1.51.Final.jar:/home/user/.m2/repository/io/netty/netty-codec-http/4.1.51.Final/netty-codec-http-4.1.51.Final.jar:/home/user/.m2/repository/io/netty/netty-handler-proxy/4.1.51.Final/netty-handler-proxy-4.1.51.Final.jar:/home/user/.m2/repository/io/netty/netty-codec-socks/4.1.51.Final/netty-codec-socks-4.1.51.Final.jar:/home/user/.m2/repository/io/perfmark/perfmark-api/0.19.0/perfmark-api-0.19.0.jar:/home/user/.m2/repository/org/codehaus/mojo/animal-sniffer-annotations/1.18/animal-sniffer-annotations-1.18.jar:/home/user/.m2/repository/io/netty/netty-transport-native-epoll/4.1.51.Final/netty-transport-native-epoll-4.1.51.Final.jar:/home/user/.m2/repository/io/netty/netty-common/4.1.51.Final/netty-common-4.1.51.Final.jar:/home/user/.m2/repository/io/netty/netty-buffer/4.1.51.Final/netty-buffer-4.1.51.Final.jar:/home/user/.m2/repository/io/netty/netty-transport/4.1.51.Final/netty-transport-4.1.51.Final.jar:/home/user/.m2/repository/io/netty/netty-resolver/4.1.51.Final/netty-resolver-4.1.51.Final.jar:/home/user/.m2/repository/io/netty/netty-transport-native-unix-common/4.1.51.Final/netty-transport-native-unix-common-4.1.51.Final.jar:/home/user/.m2/repository/io/grpc/grpc-protobuf/1.33.0/grpc-protobuf-1.33.0.jar:/home/user/.m2/repository/io/grpc/grpc-api/1.33.0/grpc-api-1.33.0.jar:/home/user/.m2/repository/io/grpc/grpc-context/1.33.0/grpc-context-1.33.0.jar:/home/user/.m2/repository/com/google/api/grpc/proto-google-common-protos/1.17.0/proto-google-common-protos-1.17.0.jar:/home/user/.m2/repository/io/grpc/grpc-protobuf-lite/1.33.0/grpc-protobuf-lite-1.33.0.jar:/home/user/.m2/repository/io/grpc/grpc-stub/1.33.0/grpc-stub-1.33.0.jar:/home/user/.m2/repository/org/apache/hadoop/hadoop-ozone-recon/1.1.0-SNAPSHOT/hadoop-ozone-recon-1.1.0-SNAPSHOT.jar:/home/user/.m2/repository/org/apache/hadoop/hadoop-ozone-reconcodegen/1.1.0-SNAPSHOT/hadoop-ozone-reconcodegen-1.1.0-SNAPSHOT.jar:/home/user/.m2/repository/com/google/inject/extensions/guice-multibindings/4.0/guice-multibindings-4.0.jar:/home/user/.m2/repository/com/google/inject/guice/4.0/guice-4.0.jar:/home/user/.m2/repository/aopalliance/aopalliance/1.0/aopalliance-1.0.jar:/home/user/.m2/repository/com/google/inject/extensions/guice-assistedinject/4.0/guice-assistedinject-4.0.jar:/home/user/.m2/repository/com/google/inject/extensions/guice-servlet/4.0/guice-servlet-4.0.jar:/home/user/.m2/repository/org/glassfish/jersey/containers/jersey-container-servlet/2.27/jersey-container-servlet-2.27.jar:/home/user/.m2/repository/org/glassfish/hk2/guice-bridge/2.5.0/guice-bridge-2.5.0.jar:/home/user/.m2/repository/org/glassfish/jersey/core/jersey-server/2.27/jersey-server-2.27.jar:/home/user/.m2/repository/org/glassfish/jersey/core/jersey-client/2.27/jersey-client-2.27.jar:/home/user/.m2/repository/org/glassfish/jersey/media/jersey-media-jaxb/2.27/jersey-media-jaxb-2.27.jar:/home/user/.m2/repository/javax/validation/validation-api/1.1.0.Final/validation-api-1.1.0.Final.jar:/home/user/.m2/repository/org/glassfish/jersey/media/jersey-media-json-jackson/2.27/jersey-media-json-jackson-2.27.jar:/home/user/.m2/repository/org/glassfish/jersey/ext/jersey-entity-filtering/2.27/jersey-entity-filtering-2.27.jar:/home/user/.m2/repository/org/jooq/jooq/3.11.10/jooq-3.11.10.jar:/home/user/.m2/repository/org/jooq/jooq-meta/3.11.10/jooq-meta-3.11.10.jar:/home/user/.m2/repository/org/jooq/jooq-codegen/3.11.10/jooq-codegen-3.11.10.jar:/home/user/.m2/repository/com/jolbox/bonecp/0.8.0.RELEASE/bonecp-0.8.0.RELEASE.jar:/home/user/.m2/repository/org/apache/derby/derby/10.14.2.0/derby-10.14.2.0.jar:/home/user/.m2/repository/org/xerial/sqlite-jdbc/3.25.2/sqlite-jdbc-3.25.2.jar:/home/user/.m2/repository/org/springframework/spring-jdbc/5.2.11.RELEASE/spring-jdbc-5.2.11.RELEASE.jar:/home/user/.m2/repository/org/springframework/spring-beans/5.2.11.RELEASE/spring-beans-5.2.11.RELEASE.jar:/home/user/.m2/repository/org/springframework/spring-core/5.2.11.RELEASE/spring-core-5.2.11.RELEASE.jar:/home/user/.m2/repository/org/springframework/spring-jcl/5.2.11.RELEASE/spring-jcl-5.2.11.RELEASE.jar:/home/user/.m2/repository/org/springframework/spring-tx/5.2.11.RELEASE/spring-tx-5.2.11.RELEASE.jar:/home/user/.m2/repository/org/apache/hadoop/hadoop-ozone-client/1.1.0-SNAPSHOT/hadoop-ozone-client-1.1.0-SNAPSHOT.jar:/home/user/.m2/repository/org/apache/hadoop/hadoop-ozone-filesystem/1.1.0-SNAPSHOT/hadoop-ozone-filesystem-1.1.0-SNAPSHOT.jar:/home/user/.m2/repository/org/apache/hadoop/hadoop-ozone-filesystem-common/1.1.0-SNAPSHOT/hadoop-ozone-filesystem-common-1.1.0-SNAPSHOT.jar:/home/user/.m2/repository/org/apache/hadoop/hadoop-ozone-tools/1.1.0-SNAPSHOT/hadoop-ozone-tools-1.1.0-SNAPSHOT.jar:/home/user/.m2/repository/org/apache/ratis/ratis-tools/2.0.0/ratis-tools-2.0.0.jar:/home/user/.m2/repository/org/apache/ratis/ratis-proto/2.0.0/ratis-proto-2.0.0.jar:/home/user/.m2/repository/org/apache/ratis/ratis-common/2.0.0/ratis-common-2.0.0.jar:/home/user/.m2/repository/com/amazonaws/aws-java-sdk-core/1.11.901/aws-java-sdk-core-1.11.901.jar:/home/user/.m2/repository/org/apache/httpcomponents/httpclient/4.5.13/httpclient-4.5.13.jar:/home/user/.m2/repository/org/apache/httpcomponents/httpcore/4.4.13/httpcore-4.4.13.jar:/home/user/.m2/repository/software/amazon/ion/ion-java/1.0.2/ion-java-1.0.2.jar:/home/user/.m2/repository/com/fasterxml/jackson/dataformat/jackson-dataformat-cbor/2.12.1/jackson-dataformat-cbor-2.12.1.jar:/home/user/.m2/repository/joda-time/joda-time/2.8.1/joda-time-2.8.1.jar:/home/user/.m2/repository/com/amazonaws/aws-java-sdk-s3/1.11.901/aws-java-sdk-s3-1.11.901.jar:/home/user/.m2/repository/com/amazonaws/aws-java-sdk-kms/1.11.901/aws-java-sdk-kms-1.11.901.jar:/home/user/.m2/repository/com/amazonaws/jmespath-java/1.11.901/jmespath-java-1.11.901.jar:/home/user/.m2/repository/org/kohsuke/metainf-services/metainf-services/1.8/metainf-services-1.8.jar:/home/user/.m2/repository/org/apache/hadoop/hadoop-hdds-tools/1.1.0-SNAPSHOT/hadoop-hdds-tools-1.1.0-SNAPSHOT.jar:/home/user/.m2/repository/commons-cli/commons-cli/1.2/commons-cli-1.2.jar:/home/user/.m2/repository/org/apache/commons/commons-lang3/3.7/commons-lang3-3.7.jar:/home/user/.m2/repository/org/apache/hadoop/hadoop-ozone-ozone-manager/1.1.0-SNAPSHOT/hadoop-ozone-ozone-manager-1.1.0-SNAPSHOT-tests.jar:/home/user/.m2/repository/org/apache/hadoop/hadoop-hdds-common/1.1.0-SNAPSHOT/hadoop-hdds-common-1.1.0-SNAPSHOT-tests.jar:/home/user/.m2/repository/org/apache/hadoop/hadoop-hdds-hadoop-dependency-client/1.1.0-SNAPSHOT/hadoop-hdds-hadoop-dependency-client-1.1.0-SNAPSHOT.jar:/home/user/.m2/repository/info/picocli/picocli/4.4.0/picocli-4.4.0.jar:/home/user/.m2/repository/com/fasterxml/jackson/core/jackson-annotations/2.12.1/jackson-annotations-2.12.1.jar:/home/user/.m2/repository/javax/annotation/javax.annotation-api/1.2/javax.annotation-api-1.2.jar:/home/user/.m2/repository/org/fusesource/leveldbjni/leveldbjni-all/1.8/leveldbjni-all-1.8.jar:/home/user/.m2/repository/org/apache/ratis/ratis-server/2.0.0/ratis-server-2.0.0.jar:/home/user/.m2/repository/org/apache/ratis/ratis-client/2.0.0/ratis-client-2.0.0.jar:/home/user/.m2/repository/org/apache/ratis/ratis-server-api/2.0.0/ratis-server-api-2.0.0.jar:/home/user/.m2/repository/org/apache/ratis/ratis-metrics/2.0.0/ratis-metrics-2.0.0.jar:/home/user/.m2/repository/org/apache/ratis/ratis-netty/2.0.0/ratis-netty-2.0.0.jar:/home/user/.m2/repository/org/apache/ratis/ratis-grpc/2.0.0/ratis-grpc-2.0.0.jar:/home/user/.m2/repository/org/apache/logging/log4j/log4j-api/2.13.3/log4j-api-2.13.3.jar:/home/user/.m2/repository/org/apache/logging/log4j/log4j-core/2.13.3/log4j-core-2.13.3.jar:/home/user/.m2/repository/com/lmax/disruptor/3.4.2/disruptor-3.4.2.jar:/home/user/.m2/repository/org/apache/commons/commons-pool2/2.6.0/commons-pool2-2.6.0.jar:/home/user/.m2/repository/org/bouncycastle/bcpkix-jdk15on/1.67/bcpkix-jdk15on-1.67.jar:/home/user/.m2/repository/commons-validator/commons-validator/1.6/commons-validator-1.6.jar:/home/user/.m2/repository/commons-beanutils/commons-beanutils/1.9.4/commons-beanutils-1.9.4.jar:/home/user/.m2/repository/commons-digester/commons-digester/1.8.1/commons-digester-1.8.1.jar:/home/user/.m2/repository/commons-collections/commons-collections/3.2.2/commons-collections-3.2.2.jar:/home/user/.m2/repository/io/jaegertracing/jaeger-client/1.2.0/jaeger-client-1.2.0.jar:/home/user/.m2/repository/io/jaegertracing/jaeger-thrift/1.2.0/jaeger-thrift-1.2.0.jar:/home/user/.m2/repository/org/apache/thrift/libthrift/0.13.0/libthrift-0.13.0.jar:/home/user/.m2/repository/com/squareup/okhttp3/okhttp/4.2.2/okhttp-4.2.2.jar:/home/user/.m2/repository/com/squareup/okio/okio/2.2.2/okio-2.2.2.jar:/home/user/.m2/repository/io/jaegertracing/jaeger-core/1.2.0/jaeger-core-1.2.0.jar:/home/user/.m2/repository/io/jaegertracing/jaeger-tracerresolver/1.2.0/jaeger-tracerresolver-1.2.0.jar:/home/user/.m2/repository/io/opentracing/contrib/opentracing-tracerresolver/0.1.8/opentracing-tracerresolver-0.1.8.jar:/home/user/.m2/repository/org/jetbrains/kotlin/kotlin-stdlib/1.4.31/kotlin-stdlib-1.4.31.jar:/home/user/.m2/repository/org/jetbrains/kotlin/kotlin-stdlib-common/1.4.31/kotlin-stdlib-common-1.4.31.jar:/home/user/.m2/repository/org/jetbrains/annotations/13.0/annotations-13.0.jar:/home/user/.m2/repository/io/opentracing/opentracing-util/0.33.0/opentracing-util-0.33.0.jar:/home/user/.m2/repository/io/opentracing/opentracing-api/0.33.0/opentracing-api-0.33.0.jar:/home/user/.m2/repository/io/opentracing/opentracing-noop/0.33.0/opentracing-noop-0.33.0.jar:/home/user/.m2/repository/org/yaml/snakeyaml/1.26/snakeyaml-1.26.jar:/home/user/.m2/repository/org/apache/hadoop/hadoop-hdds-interface-admin/1.1.0-SNAPSHOT/hadoop-hdds-interface-admin-1.1.0-SNAPSHOT.jar:/home/user/.m2/repository/junit/junit/4.13.1/junit-4.13.1.jar:/home/user/.m2/repository/org/hamcrest/hamcrest-core/1.3/hamcrest-core-1.3.jar:/home/user/.m2/repository/org/junit/jupiter/junit-jupiter-api/5.7.0/junit-jupiter-api-5.7.0.jar:/home/user/.m2/repository/org/apiguardian/apiguardian-api/1.1.0/apiguardian-api-1.1.0.jar:/home/user/.m2/repository/org/opentest4j/opentest4j/1.2.0/opentest4j-1.2.0.jar:/home/user/.m2/repository/org/junit/platform/junit-platform-commons/1.7.0/junit-platform-commons-1.7.0.jar:/home/user/.m2/repository/org/junit/jupiter/junit-jupiter-engine/5.7.0/junit-jupiter-engine-5.7.0.jar:/home/user/.m2/repository/org/junit/platform/junit-platform-engine/1.7.0/junit-platform-engine-1.7.0.jar:/home/user/.m2/repository/org/junit/vintage/junit-vintage-engine/5.7.0/junit-vintage-engine-5.7.0.jar:/home/user/.m2/repository/org/junit/platform/junit-platform-launcher/1.7.0/junit-platform-launcher-1.7.0.jar:/home/user/.m2/repository/org/openjdk/jmh/jmh-core/1.19/jmh-core-1.19.jar:/home/user/.m2/repository/net/sf/jopt-simple/jopt-simple/4.6/jopt-simple-4.6.jar:/home/user/.m2/repository/org/apache/commons/commons-math3/3.1.1/commons-math3-3.1.1.jar:/home/user/.m2/repository/org/openjdk/jmh/jmh-generator-annprocess/1.19/jmh-generator-annprocess-1.19.jar:/home/user/.m2/repository/org/mockito/mockito-all/1.8.5/mockito-all-1.8.5.jar:/home/user/.m2/repository/org/apache/hadoop/hadoop-kms/3.2.2/hadoop-kms-3.2.2.jar:/home/user/.m2/repository/org/apache/hadoop/hadoop-auth/3.2.2/hadoop-auth-3.2.2.jar:/home/user/.m2/repository/com/nimbusds/nimbus-jose-jwt/7.9/nimbus-jose-jwt-7.9.jar:/home/user/.m2/repository/com/github/stephenc/jcip/jcip-annotations/1.0-1/jcip-annotations-1.0-1.jar:/home/user/.m2/repository/net/minidev/json-smart/2.3/json-smart-2.3.jar:/home/user/.m2/repository/net/minidev/accessors-smart/1.2/accessors-smart-1.2.jar:/home/user/.m2/repository/org/ow2/asm/asm/5.0.4/asm-5.0.4.jar:/home/user/.m2/repository/org/apache/zookeeper/zookeeper/3.4.13/zookeeper-3.4.13.jar:/home/user/.m2/repository/org/apache/yetus/audience-annotations/0.5.0/audience-annotations-0.5.0.jar:/home/user/.m2/repository/org/apache/curator/curator-framework/2.13.0/curator-framework-2.13.0.jar:/home/user/.m2/repository/com/sun/jersey/jersey-core/1.19/jersey-core-1.19.jar:/home/user/.m2/repository/javax/ws/rs/jsr311-api/1.1.1/jsr311-api-1.1.1.jar:/home/user/.m2/repository/com/sun/jersey/jersey-server/1.19/jersey-server-1.19.jar:/home/user/.m2/repository/javax/servlet/javax.servlet-api/3.1.0/javax.servlet-api-3.1.0.jar:/home/user/.m2/repository/org/eclipse/jetty/jetty-server/9.4.35.v20201120/jetty-server-9.4.35.v20201120.jar:/home/user/.m2/repository/org/eclipse/jetty/jetty-http/9.4.35.v20201120/jetty-http-9.4.35.v20201120.jar:/home/user/.m2/repository/org/eclipse/jetty/jetty-io/9.4.35.v20201120/jetty-io-9.4.35.v20201120.jar:/home/user/.m2/repository/org/eclipse/jetty/jetty-webapp/9.4.35.v20201120/jetty-webapp-9.4.35.v20201120.jar:/home/user/.m2/repository/org/eclipse/jetty/jetty-xml/9.4.35.v20201120/jetty-xml-9.4.35.v20201120.jar:/home/user/.m2/repository/org/apache/hadoop/hadoop-common/3.2.2/hadoop-common-3.2.2.jar:/home/user/.m2/repository/commons-net/commons-net/3.6/commons-net-3.6.jar:/home/user/.m2/repository/javax/activation/javax.activation-api/1.2.0/javax.activation-api-1.2.0.jar:/home/user/.m2/repository/com/sun/jersey/jersey-servlet/1.19/jersey-servlet-1.19.jar:/home/user/.m2/repository/com/sun/jersey/jersey-json/1.19/jersey-json-1.19.jar:/home/user/.m2/repository/org/codehaus/jettison/jettison/1.1/jettison-1.1.jar:/home/user/.m2/repository/org/codehaus/jackson/jackson-jaxrs/1.9.2/jackson-jaxrs-1.9.2.jar:/home/user/.m2/repository/org/codehaus/jackson/jackson-xc/1.9.2/jackson-xc-1.9.2.jar:/home/user/.m2/repository/org/apache/commons/commons-configuration2/2.1.1/commons-configuration2-2.1.1.jar:/home/user/.m2/repository/org/apache/commons/commons-text/1.4/commons-text-1.4.jar:/home/user/.m2/repository/com/google/re2j/re2j/1.1/re2j-1.1.jar:/home/user/.m2/repository/com/jcraft/jsch/0.1.54/jsch-0.1.54.jar:/home/user/.m2/repository/org/apache/curator/curator-client/2.13.0/curator-client-2.13.0.jar:/home/user/.m2/repository/org/apache/curator/curator-recipes/2.13.0/curator-recipes-2.13.0.jar:/home/user/.m2/repository/dnsjava/dnsjava/2.1.7/dnsjava-2.1.7.jar:/home/user/.m2/repository/org/slf4j/jul-to-slf4j/1.7.30/jul-to-slf4j-1.7.30.jar:/home/user/.m2/repository/org/eclipse/jetty/jetty-util/9.4.35.v20201120/jetty-util-9.4.35.v20201120.jar:/home/user/.m2/repository/com/fasterxml/jackson/core/jackson-databind/2.12.1/jackson-databind-2.12.1.jar:/home/user/.m2/repository/org/apache/hadoop/hadoop-kms/3.2.2/hadoop-kms-3.2.2-tests.jar:/home/user/.m2/repository/org/apache/hadoop/hadoop-hdds-server-scm/1.1.0-SNAPSHOT/hadoop-hdds-server-scm-1.1.0-SNAPSHOT-tests.jar:/home/user/.m2/repository/org/apache/hadoop/hadoop-hdds-container-service/1.1.0-SNAPSHOT/hadoop-hdds-container-service-1.1.0-SNAPSHOT-tests.jar:/home/user/.m2/repository/commons-codec/commons-codec/1.11/commons-codec-1.11.jar:/home/user/.m2/repository/org/apache/hadoop/hadoop-hdds-hadoop-dependency-test/1.1.0-SNAPSHOT/hadoop-hdds-hadoop-dependency-test-1.1.0-SNAPSHOT.jar:/home/user/.m2/repository/org/apache/hadoop/hadoop-common/3.2.2/hadoop-common-3.2.2-tests.jar:/home/user/.m2/repository/org/apache/hadoop/hadoop-hdfs/3.2.2/hadoop-hdfs-3.2.2-tests.jar:/home/user/.m2/repository/org/eclipse/jetty/jetty-util-ajax/9.4.35.v20201120/jetty-util-ajax-9.4.35.v20201120.jar:/home/user/.m2/repository/commons-daemon/commons-daemon/1.0.13/commons-daemon-1.0.13.jar:/home/user/.m2/repository/io/netty/netty/3.10.6.Final/netty-3.10.6.Final.jar:/home/user/.m2/repository/io/netty/netty-all/4.1.51.Final/netty-all-4.1.51.Final.jar:/home/user/.m2/repository/org/apache/htrace/htrace-core4/4.1.0-incubating/htrace-core4-4.1.0-incubating.jar:/home/user/.m2/repository/org/apache/hadoop/hadoop-distcp/3.2.2/hadoop-distcp-3.2.2.jar:/home/user/.m2/repository/org/apache/hadoop/hadoop-mapreduce-client-jobclient/3.2.2/hadoop-mapreduce-client-jobclient-3.2.2.jar:/home/user/.m2/repository/org/apache/hadoop/hadoop-mapreduce-client-common/3.2.2/hadoop-mapreduce-client-common-3.2.2.jar:/home/user/.m2/repository/org/apache/hadoop/hadoop-yarn-common/3.2.2/hadoop-yarn-common-3.2.2.jar:/home/user/.m2/repository/org/apache/hadoop/hadoop-yarn-api/3.2.2/hadoop-yarn-api-3.2.2.jar:/home/user/.m2/repository/com/sun/jersey/jersey-client/1.19/jersey-client-1.19.jar:/home/user/.m2/repository/com/sun/jersey/contribs/jersey-guice/1.19/jersey-guice-1.19.jar:/home/user/.m2/repository/com/fasterxml/jackson/jaxrs/jackson-jaxrs-json-provider/2.12.1/jackson-jaxrs-json-provider-2.12.1.jar:/home/user/.m2/repository/com/fasterxml/jackson/jaxrs/jackson-jaxrs-base/2.12.1/jackson-jaxrs-base-2.12.1.jar:/home/user/.m2/repository/org/apache/hadoop/hadoop-yarn-client/3.2.2/hadoop-yarn-client-3.2.2.jar:/home/user/.m2/repository/org/apache/hadoop/hadoop-mapreduce-client-core/3.2.2/hadoop-mapreduce-client-core-3.2.2.jar:/home/user/.m2/repository/org/apache/avro/avro/1.7.7/avro-1.7.7.jar:/home/user/.m2/repository/org/codehaus/jackson/jackson-core-asl/1.9.13/jackson-core-asl-1.9.13.jar:/home/user/.m2/repository/org/codehaus/jackson/jackson-mapper-asl/1.9.13/jackson-mapper-asl-1.9.13.jar:/home/user/.m2/repository/com/thoughtworks/paranamer/paranamer/2.3/paranamer-2.3.jar:/home/user/.m2/repository/org/xerial/snappy/snappy-java/1.0.5/snappy-java-1.0.5.jar:/home/user/.m2/repository/org/apache/hadoop/hadoop-annotations/3.2.2/hadoop-annotations-3.2.2.jar:/usr/lib/jvm/java-1.8.0-openjdk-1.8.0.232.b09-0.el7_7.x86_64/jre/../lib/tools.jar:/home/user/.m2/repository/org/apache/hadoop/hadoop-distcp/3.2.2/hadoop-distcp-3.2.2-tests.jar:"/>
    <property name="sun.cpu.endian" value="little"/>
    <property name="user.home" value="/home/user"/>
    <property name="user.language" value="en"/>
    <property name="java.specification.vendor" value="Oracle Corporation"/>
    <property name="java.home" value="/usr/lib/jvm/java-1.8.0-openjdk-1.8.0.232.b09-0.el7_7.x86_64/jre"/>
    <property name="java.security.krb5.conf" value="/github/workspace/mnt/ozone/hadoop-ozone/integration-test/target/test-classes/krb5.conf"/>
    <property name="basedir" value="/github/workspace/mnt/ozone/hadoop-ozone/integration-test"/>
    <property name="file.separator" value="/"/>
    <property name="line.separator" value="&#10;"/>
    <property name="java.vm.specification.vendor" value="Oracle Corporation"/>
    <property name="java.specification.name" value="Java Platform API Specification"/>
    <property name="java.awt.graphicsenv" value="sun.awt.X11GraphicsEnvironment"/>
    <property name="skip.installnpx" value="true"/>
    <property name="surefire.real.class.path" value="/github/workspace/mnt/ozone/hadoop-ozone/integration-test/target/surefire/surefirebooter1499922492516563255.jar:/home/user/.m2/repository/org/jacoco/org.jacoco.agent/0.8.5/org.jacoco.agent-0.8.5-runtime.jar"/>
    <property name="hadoop.log.dir" value="/github/workspace/mnt/ozone/hadoop-ozone/integration-test/target/log"/>
    <property name="sun.boot.class.path" value="/usr/lib/jvm/java-1.8.0-openjdk-1.8.0.232.b09-0.el7_7.x86_64/jre/lib/resources.jar:/usr/lib/jvm/java-1.8.0-openjdk-1.8.0.232.b09-0.el7_7.x86_64/jre/lib/rt.jar:/usr/lib/jvm/java-1.8.0-openjdk-1.8.0.232.b09-0.el7_7.x86_64/jre/lib/sunrsasign.jar:/usr/lib/jvm/java-1.8.0-openjdk-1.8.0.232.b09-0.el7_7.x86_64/jre/lib/jsse.jar:/usr/lib/jvm/java-1.8.0-openjdk-1.8.0.232.b09-0.el7_7.x86_64/jre/lib/jce.jar:/usr/lib/jvm/java-1.8.0-openjdk-1.8.0.232.b09-0.el7_7.x86_64/jre/lib/charsets.jar:/usr/lib/jvm/java-1.8.0-openjdk-1.8.0.232.b09-0.el7_7.x86_64/jre/lib/jfr.jar:/usr/lib/jvm/java-1.8.0-openjdk-1.8.0.232.b09-0.el7_7.x86_64/jre/classes"/>
    <property name="sun.management.compiler" value="HotSpot 64-Bit Tiered Compilers"/>
    <property name="skip.npx" value="true"/>
    <property name="java.runtime.version" value="1.8.0_232-b09"/>
    <property name="java.net.preferIPv4Stack" value="true"/>
    <property name="user.name" value="jenkins1001"/>
    <property name="path.separator" value=":"/>
    <property name="java.security.egd" value="file:///dev/urandom"/>
    <property name="os.version" value="5.4.0-1043-azure"/>
    <property name="java.endorsed.dirs" value="/usr/lib/jvm/java-1.8.0-openjdk-1.8.0.232.b09-0.el7_7.x86_64/jre/lib/endorsed"/>
    <property name="java.runtime.name" value="OpenJDK Runtime Environment"/>
    <property name="file.encoding" value="ANSI_X3.4-1968"/>
    <property name="java.vm.name" value="OpenJDK 64-Bit Server VM"/>
    <property name="test.build.webapps" value=""/>
    <property name="localRepository" value="/home/user/.m2/repository"/>
    <property name="java.vendor.url.bug" value="http://bugreport.sun.com/bugreport/"/>
    <property name="java.io.tmpdir" value="/tmp"/>
    <property name="require.test.libhadoop" value=""/>
    <property name="java.version" value="1.8.0_232"/>
    <property name="user.dir" value="/github/workspace/mnt/ozone/hadoop-ozone/integration-test"/>
    <property name="os.arch" value="amd64"/>
    <property name="java.vm.specification.name" value="Java Virtual Machine Specification"/>
    <property name="test.build.classes" value="/github/workspace/mnt/ozone/hadoop-ozone/integration-test/target/test-classes"/>
    <property name="java.awt.printerjob" value="sun.print.PSPrinterJob"/>
    <property name="sun.os.patch.level" value="unknown"/>
    <property name="hadoop.tmp.dir" value="/github/workspace/mnt/ozone/hadoop-ozone/integration-test/target/tmp"/>
    <property name="java.library.path" value="/usr/lib:/usr/java/packages/lib/amd64:/usr/lib64:/lib64:/lib:/usr/lib"/>
    <property name="java.vm.info" value="mixed mode"/>
    <property name="java.vendor" value="Oracle Corporation"/>
    <property name="java.vm.version" value="25.232-b09"/>
    <property name="java.ext.dirs" value="/usr/lib/jvm/java-1.8.0-openjdk-1.8.0.232.b09-0.el7_7.x86_64/jre/lib/ext:/usr/java/packages/lib/ext"/>
    <property name="sun.io.unicode.encoding" value="UnicodeLittle"/>
    <property name="java.class.version" value="52.0"/>
  </properties>
  <testcase name="testPrimordialSCM" classname="org.apache.hadoop.ozone.scm.TestStorageContainerManagerHA" time="58.013"/>
  <testcase name="testBootStrapSCM" classname="org.apache.hadoop.ozone.scm.TestStorageContainerManagerHA" time="43.386"/>
  <testcase name="testAllSCMAreRunning" classname="org.apache.hadoop.ozone.scm.TestStorageContainerManagerHA" time="12.92">
    <error message="Failed init RocksDB, db path : /github/workspace/mnt/ozone/hadoop-ozone/integration-test/target/test-dir/MiniOzoneClusterImpl-51c72f67-962b-4c5d-8db7-a8e56aec5900/omNode-1/om.db, exception :org.rocksdb.RocksDBException lock : /github/workspace/mnt/ozone/hadoop-ozone/integration-test/target/test-dir/MiniOzoneClusterImpl-51c72f67-962b-4c5d-8db7-a8e56aec5900/omNode-1/om.db/LOCK: No locks available; status : IOError; message : lock : /github/workspace/mnt/ozone/hadoop-ozone/integration-test/target/test-dir/MiniOzoneClusterImpl-51c72f67-962b-4c5d-8db7-a8e56aec5900/omNode-1/om.db/LOCK: No locks available" type="java.io.IOException"><![CDATA[java.io.IOException: Failed init RocksDB, db path : /github/workspace/mnt/ozone/hadoop-ozone/integration-test/target/test-dir/MiniOzoneClusterImpl-51c72f67-962b-4c5d-8db7-a8e56aec5900/omNode-1/om.db, exception :org.rocksdb.RocksDBException lock : /github/workspace/mnt/ozone/hadoop-ozone/integration-test/target/test-dir/MiniOzoneClusterImpl-51c72f67-962b-4c5d-8db7-a8e56aec5900/omNode-1/om.db/LOCK: No locks available; status : IOError; message : lock : /github/workspace/mnt/ozone/hadoop-ozone/integration-test/target/test-dir/MiniOzoneClusterImpl-51c72f67-962b-4c5d-8db7-a8e56aec5900/omNode-1/om.db/LOCK: No locks available
	at org.apache.hadoop.hdds.utils.HddsServerUtil.toIOException(HddsServerUtil.java:561)
	at org.apache.hadoop.hdds.utils.db.RDBStore.<init>(RDBStore.java:163)
	at org.apache.hadoop.hdds.utils.db.DBStoreBuilder.build(DBStoreBuilder.java:191)
	at org.apache.hadoop.ozone.om.OmMetadataManagerImpl.loadDB(OmMetadataManagerImpl.java:322)
	at org.apache.hadoop.ozone.om.OmMetadataManagerImpl.loadDB(OmMetadataManagerImpl.java:312)
	at org.apache.hadoop.ozone.om.OmMetadataManagerImpl.start(OmMetadataManagerImpl.java:304)
	at org.apache.hadoop.ozone.om.OmMetadataManagerImpl.<init>(OmMetadataManagerImpl.java:193)
	at org.apache.hadoop.ozone.om.OzoneManager.instantiateServices(OzoneManager.java:519)
	at org.apache.hadoop.ozone.om.OzoneManager.<init>(OzoneManager.java:439)
	at org.apache.hadoop.ozone.om.OzoneManager.createOm(OzoneManager.java:899)
	at org.apache.hadoop.ozone.MiniOzoneHAClusterImpl$Builder.createOMService(MiniOzoneHAClusterImpl.java:452)
	at org.apache.hadoop.ozone.MiniOzoneHAClusterImpl$Builder.build(MiniOzoneHAClusterImpl.java:367)
	at org.apache.hadoop.ozone.scm.TestStorageContainerManagerHA.init(TestStorageContainerManagerHA.java:101)
	at sun.reflect.NativeMethodAccessorImpl.invoke0(Native Method)
	at sun.reflect.NativeMethodAccessorImpl.invoke(NativeMethodAccessorImpl.java:62)
	at sun.reflect.DelegatingMethodAccessorImpl.invoke(DelegatingMethodAccessorImpl.java:43)
	at java.lang.reflect.Method.invoke(Method.java:498)
	at org.junit.runners.model.FrameworkMethod$1.runReflectiveCall(FrameworkMethod.java:59)
	at org.junit.internal.runners.model.ReflectiveCallable.run(ReflectiveCallable.java:12)
	at org.junit.runners.model.FrameworkMethod.invokeExplosively(FrameworkMethod.java:56)
	at org.junit.internal.runners.statements.RunBefores.invokeMethod(RunBefores.java:33)
	at org.junit.internal.runners.statements.RunBefores.evaluate(RunBefores.java:24)
	at org.junit.internal.runners.statements.RunAfters.evaluate(RunAfters.java:27)
	at org.junit.internal.runners.statements.FailOnTimeout$CallableStatement.call(FailOnTimeout.java:288)
	at org.junit.internal.runners.statements.FailOnTimeout$CallableStatement.call(FailOnTimeout.java:282)
	at java.util.concurrent.FutureTask.run(FutureTask.java:266)
	at java.lang.Thread.run(Thread.java:748)
Caused by: org.rocksdb.RocksDBException: lock : /github/workspace/mnt/ozone/hadoop-ozone/integration-test/target/test-dir/MiniOzoneClusterImpl-51c72f67-962b-4c5d-8db7-a8e56aec5900/omNode-1/om.db/LOCK: No locks available
	at org.rocksdb.RocksDB.open(Native Method)
	at org.rocksdb.RocksDB.open(RocksDB.java:294)
	at org.apache.hadoop.hdds.utils.db.RDBStore.<init>(RDBStore.java:118)
	... 25 more
]]></error>
    <system-out><![CDATA[2021-04-07 10:29:40,071 [EndpointStateMachine task thread for /127.0.0.1:15017 - 0 ] INFO  ipc.Client (Client.java:handleConnectionFailure(966)) - Retrying connect to server: localhost/127.0.0.1:15017. Already tried 8 time(s); retry policy is RetryUpToMaximumCountWithFixedSleep(maxRetries=15, sleepTime=1000 MILLISECONDS)
2021-04-07 10:29:40,079 [Time-limited test] WARN  server.ServerUtils (ServerUtils.java:getScmDbDir(148)) - ozone.scm.db.dirs is not configured. We recommend adding this setting. Falling back to ozone.metadata.dirs instead.
2021-04-07 10:29:40,079 [Time-limited test] INFO  ha.SCMHANodeDetails (SCMHANodeDetails.java:loadSCMHAConfig(150)) - ServiceID for StorageContainerManager is scm-service-test1
2021-04-07 10:29:40,079 [Time-limited test] INFO  ha.SCMHANodeDetails (SCMHANodeDetails.java:loadSCMHAConfig(161)) - ServiceID for StorageContainerManager is scm-service-test1
2021-04-07 10:29:40,080 [Time-limited test] INFO  ha.SCMHANodeDetails (SCMHANodeDetails.java:loadSCMHAConfig(240)) - Found matching SCM address with SCMServiceId: scm-service-test1, SCMNodeId: scmNode-1, RPC Address: localhost:12068 and Ratis port: 12068
2021-04-07 10:29:40,080 [Time-limited test] INFO  ha.SCMHANodeDetails (ConfUtils.java:setNodeSpecificConfigs(105)) - Setting configuration key ozone.scm.datanode.address with value of key ozone.scm.datanode.address.scm-service-test1.scmNode-1: 127.0.0.1:12069
2021-04-07 10:29:40,080 [Time-limited test] INFO  ha.SCMHANodeDetails (ConfUtils.java:setNodeSpecificConfigs(105)) - Setting configuration key ozone.scm.block.client.address with value of key ozone.scm.block.client.address.scm-service-test1.scmNode-1: 127.0.0.1:12070
2021-04-07 10:29:40,080 [Time-limited test] INFO  ha.SCMHANodeDetails (ConfUtils.java:setNodeSpecificConfigs(105)) - Setting configuration key ozone.scm.client.address with value of key ozone.scm.client.address.scm-service-test1.scmNode-1: 127.0.0.1:12071
2021-04-07 10:29:40,080 [Time-limited test] INFO  ha.SCMHANodeDetails (ConfUtils.java:setNodeSpecificConfigs(105)) - Setting configuration key ozone.scm.ratis.port with value of key ozone.scm.ratis.port.scm-service-test1.scmNode-1: 12068
2021-04-07 10:29:40,080 [Time-limited test] INFO  ha.SCMHANodeDetails (ConfUtils.java:setNodeSpecificConfigs(105)) - Setting configuration key ozone.scm.grpc.port with value of key ozone.scm.grpc.port.scm-service-test1.scmNode-1: 12072
2021-04-07 10:29:40,080 [Time-limited test] INFO  ha.SCMHANodeDetails (ConfUtils.java:setNodeSpecificConfigs(105)) - Setting configuration key ozone.scm.http-address with value of key ozone.scm.http-address.scm-service-test1.scmNode-1: 127.0.0.1:12066
2021-04-07 10:29:40,080 [Time-limited test] INFO  ha.SCMHANodeDetails (ConfUtils.java:setNodeSpecificConfigs(105)) - Setting configuration key ozone.scm.https-address with value of key ozone.scm.https-address.scm-service-test1.scmNode-1: 127.0.0.1:12067
2021-04-07 10:29:40,080 [Time-limited test] INFO  ha.SCMHANodeDetails (ConfUtils.java:setNodeSpecificConfigs(105)) - Setting configuration key ozone.scm.address with value of key ozone.scm.address.scm-service-test1.scmNode-1: 127.0.0.1
2021-04-07 10:29:40,082 [Time-limited test] INFO  server.RaftServer (ConfUtils.java:logGet(44)) - raft.rpc.type = GRPC (default)
2021-04-07 10:29:40,082 [Time-limited test] INFO  grpc.GrpcFactory (GrpcFactory.java:checkPooledByteBufAllocatorUseCacheForAllThreads(48)) - PERFORMANCE WARNING: useCacheForAllThreads is true that may cause Netty to create a lot garbage objects and, as a result, trigger GC.
	It is recommended to disable useCacheForAllThreads by setting -Dorg.apache.ratis.thirdparty.io.netty.allocator.useCacheForAllThreads=false in command line.
2021-04-07 10:29:40,082 [Time-limited test] INFO  grpc.GrpcConfigKeys (ConfUtils.java:logGet(44)) - raft.grpc.admin.port = -1 (default)
2021-04-07 10:29:40,082 [Time-limited test] INFO  grpc.GrpcConfigKeys (ConfUtils.java:logGet(44)) - raft.grpc.server.port = 12068 (custom)
2021-04-07 10:29:40,082 [Time-limited test] INFO  grpc.GrpcConfigKeys (ConfUtils.java:logGet(44)) - raft.grpc.client.port = -1 (default)
2021-04-07 10:29:40,082 [Time-limited test] INFO  grpc.GrpcConfigKeys (ConfUtils.java:logGet(44)) - raft.grpc.server.port = 12068 (custom)
2021-04-07 10:29:40,083 [Time-limited test] INFO  grpc.GrpcConfigKeys (ConfUtils.java:logGet(44)) - raft.grpc.server.port = 12068 (custom)
2021-04-07 10:29:40,083 [Time-limited test] INFO  server.GrpcService (ConfUtils.java:logGet(44)) - raft.grpc.message.size.max = 32m (=33554432) (custom)
2021-04-07 10:29:40,083 [Time-limited test] INFO  server.RaftServerConfigKeys (ConfUtils.java:logGet(44)) - raft.server.log.appender.buffer.byte-limit = 33554432 (custom)
2021-04-07 10:29:40,083 [Time-limited test] INFO  server.GrpcService (ConfUtils.java:logGet(44)) - raft.grpc.flow.control.window = 1MB (=1048576) (default)
2021-04-07 10:29:40,084 [Time-limited test] INFO  server.RaftServerConfigKeys (ConfUtils.java:logGet(44)) - raft.server.rpc.request.timeout = 3000ms (default)
2021-04-07 10:29:40,085 [Time-limited test] INFO  impl.DataStreamServerImpl (ConfUtils.java:logGet(44)) - raft.datastream.type = DISABLED (default)
2021-04-07 10:29:40,086 [Time-limited test] INFO  server.RaftServerConfigKeys (ConfUtils.java:logGet(44)) - raft.server.rpc.slowness.timeout = 120000ms (custom)
2021-04-07 10:29:40,086 [Time-limited test] INFO  server.RaftServerConfigKeys (ConfUtils.java:logGet(44)) - raft.server.leaderelection.leader.step-down.wait-time = 10s (default)
2021-04-07 10:29:40,086 [Time-limited test] INFO  server.RaftServerConfigKeys (ConfUtils.java:logGet(44)) - raft.server.storage.dir = [/github/workspace/mnt/ozone/hadoop-ozone/integration-test/target/test-dir/MiniOzoneClusterImpl-51c72f67-962b-4c5d-8db7-a8e56aec5900/scmNode-1/scm-ha] (custom)
2021-04-07 10:29:40,089 [Time-limited test] INFO  server.RaftServer (RaftServerProxy.java:addNew(95)) - beead88b-b48c-456f-a06d-e1162d1174c1: addNew group-A8E56AEC5900:[beead88b-b48c-456f-a06d-e1162d1174c1|rpc:localhost:12068|priority:0] returns group-A8E56AEC5900:java.util.concurrent.CompletableFuture@15ecb7b3[Not completed]
2021-04-07 10:29:40,089 [pool-310-thread-1] INFO  server.RaftServer$Division (RaftServerImpl.java:<init>(180)) - beead88b-b48c-456f-a06d-e1162d1174c1: new RaftServerImpl for group-A8E56AEC5900:[beead88b-b48c-456f-a06d-e1162d1174c1|rpc:localhost:12068|priority:0] with SCMStateMachine:uninitialized
2021-04-07 10:29:40,089 [pool-310-thread-1] INFO  server.RaftServerConfigKeys (ConfUtils.java:logGet(44)) - raft.server.rpc.timeout.min = 5000ms (custom)
2021-04-07 10:29:40,090 [pool-310-thread-1] INFO  server.RaftServerConfigKeys (ConfUtils.java:logGet(44)) - raft.server.rpc.timeout.max = 5200ms (custom)
2021-04-07 10:29:40,090 [pool-310-thread-1] INFO  server.RaftServerConfigKeys (ConfUtils.java:logGet(44)) - raft.server.rpc.sleep.time = 25ms (default)
2021-04-07 10:29:40,090 [pool-310-thread-1] INFO  server.RaftServerConfigKeys (ConfUtils.java:logGet(44)) - raft.server.rpc.slowness.timeout = 120000ms (custom)
2021-04-07 10:29:40,090 [pool-310-thread-1] INFO  server.RaftServerConfigKeys (ConfUtils.java:logGet(44)) - raft.server.leaderelection.leader.step-down.wait-time = 10s (default)
2021-04-07 10:29:40,090 [pool-310-thread-1] INFO  server.RaftServerConfigKeys (ConfUtils.java:logGet(44)) - raft.server.sleep.deviation.threshold = 300ms (default)
2021-04-07 10:29:40,090 [pool-310-thread-1] INFO  server.RaftServerConfigKeys (ConfUtils.java:logGet(44)) - raft.server.log.appender.install.snapshot.enabled = false (custom)
2021-04-07 10:29:40,090 [pool-310-thread-1] INFO  server.RaftServer$Division (ServerState.java:<init>(105)) - beead88b-b48c-456f-a06d-e1162d1174c1@group-A8E56AEC5900: ConfigurationManager, init=-1: [beead88b-b48c-456f-a06d-e1162d1174c1|rpc:localhost:12068|priority:0], old=null, confs=<EMPTY_MAP>
2021-04-07 10:29:40,090 [pool-310-thread-1] INFO  server.RaftServerConfigKeys (ConfUtils.java:logGet(44)) - raft.server.storage.dir = [/github/workspace/mnt/ozone/hadoop-ozone/integration-test/target/test-dir/MiniOzoneClusterImpl-51c72f67-962b-4c5d-8db7-a8e56aec5900/scmNode-1/scm-ha] (custom)
2021-04-07 10:29:40,090 [pool-310-thread-1] INFO  server.RaftServerConfigKeys (ConfUtils.java:logGet(44)) - raft.server.log.corruption.policy = EXCEPTION (default)
2021-04-07 10:29:40,090 [pool-310-thread-1] INFO  storage.RaftStorageDirectory (RaftStorageDirectoryImpl.java:analyzeStorage(132)) - The storage directory /github/workspace/mnt/ozone/hadoop-ozone/integration-test/target/test-dir/MiniOzoneClusterImpl-51c72f67-962b-4c5d-8db7-a8e56aec5900/scmNode-1/scm-ha/51c72f67-962b-4c5d-8db7-a8e56aec5900 does not exist. Creating ...
2021-04-07 10:29:40,092 [pool-310-thread-1] INFO  storage.RaftStorageDirectory (RaftStorageDirectoryImpl.java:tryLock(215)) - Lock on /github/workspace/mnt/ozone/hadoop-ozone/integration-test/target/test-dir/MiniOzoneClusterImpl-51c72f67-962b-4c5d-8db7-a8e56aec5900/scmNode-1/scm-ha/51c72f67-962b-4c5d-8db7-a8e56aec5900/in_use.lock acquired by nodename 5412@100a838eac99
2021-04-07 10:29:40,093 [pool-310-thread-1] INFO  storage.RaftStorage (RaftStorageImpl.java:format(87)) - Storage directory /github/workspace/mnt/ozone/hadoop-ozone/integration-test/target/test-dir/MiniOzoneClusterImpl-51c72f67-962b-4c5d-8db7-a8e56aec5900/scmNode-1/scm-ha/51c72f67-962b-4c5d-8db7-a8e56aec5900 has been successfully formatted.
2021-04-07 10:29:40,093 [pool-310-thread-1] INFO  server.RaftServerConfigKeys (ConfUtils.java:logGet(44)) - raft.server.notification.no-leader.timeout = 60s (default)
2021-04-07 10:29:40,093 [pool-310-thread-1] INFO  server.RaftServerConfigKeys (ConfUtils.java:logGet(44)) - raft.server.log.use.memory = false (default)
2021-04-07 10:29:40,093 [pool-310-thread-1] INFO  server.RaftServerConfigKeys (ConfUtils.java:logGet(44)) - raft.server.log.purge.gap = 1000000 (custom)
2021-04-07 10:29:40,093 [pool-310-thread-1] INFO  server.RaftServerConfigKeys (ConfUtils.java:logGet(44)) - raft.server.log.appender.buffer.byte-limit = 33554432 (custom)
2021-04-07 10:29:40,093 [pool-310-thread-1] INFO  metrics.RatisMetrics (RatisMetrics.java:lambda$create$0(36)) - Creating Metrics Registry : ratis.log_worker.beead88b-b48c-456f-a06d-e1162d1174c1@group-A8E56AEC5900
2021-04-07 10:29:40,101 [pool-310-thread-1] INFO  server.RaftServerConfigKeys (ConfUtils.java:logGet(44)) - raft.server.log.segment.size.max = 16384 (custom)
2021-04-07 10:29:40,101 [pool-310-thread-1] INFO  server.RaftServerConfigKeys (ConfUtils.java:logGet(44)) - raft.server.log.segment.cache.num.max = 2 (custom)
2021-04-07 10:29:40,101 [pool-310-thread-1] INFO  server.RaftServerConfigKeys (ConfUtils.java:logGet(44)) - raft.server.log.segment.cache.size.max = 200MB (=209715200) (default)
2021-04-07 10:29:40,101 [pool-310-thread-1] INFO  segmented.SegmentedRaftLogWorker (SegmentedRaftLogWorker.java:<init>(182)) - new beead88b-b48c-456f-a06d-e1162d1174c1@group-A8E56AEC5900-SegmentedRaftLogWorker for RaftStorageImpl:Storage Directory /github/workspace/mnt/ozone/hadoop-ozone/integration-test/target/test-dir/MiniOzoneClusterImpl-51c72f67-962b-4c5d-8db7-a8e56aec5900/scmNode-1/scm-ha/51c72f67-962b-4c5d-8db7-a8e56aec5900
2021-04-07 10:29:40,101 [pool-310-thread-1] INFO  server.RaftServerConfigKeys (ConfUtils.java:logGet(44)) - raft.server.log.queue.byte-limit = 64MB (=67108864) (default)
2021-04-07 10:29:40,101 [pool-310-thread-1] INFO  server.RaftServerConfigKeys (ConfUtils.java:logGet(44)) - raft.server.log.queue.element-limit = 4096 (default)
2021-04-07 10:29:40,102 [pool-310-thread-1] INFO  server.RaftServerConfigKeys (ConfUtils.java:logGet(44)) - raft.server.log.segment.size.max = 16384 (custom)
2021-04-07 10:29:40,102 [pool-310-thread-1] INFO  server.RaftServerConfigKeys (ConfUtils.java:logGet(44)) - raft.server.log.preallocated.size = 16384 (custom)
2021-04-07 10:29:40,102 [pool-310-thread-1] INFO  server.RaftServerConfigKeys (ConfUtils.java:logGet(44)) - raft.server.log.force.sync.num = 128 (default)
2021-04-07 10:29:40,102 [pool-310-thread-1] INFO  server.RaftServerConfigKeys (ConfUtils.java:logGet(44)) - raft.server.log.statemachine.data.sync = true (default)
2021-04-07 10:29:40,102 [pool-310-thread-1] INFO  server.RaftServerConfigKeys (ConfUtils.java:logGet(44)) - raft.server.log.statemachine.data.sync.timeout = 10s (default)
2021-04-07 10:29:40,102 [pool-310-thread-1] INFO  server.RaftServerConfigKeys (ConfUtils.java:logGet(44)) - raft.server.log.statemachine.data.sync.timeout.retry = -1 (default)
2021-04-07 10:29:40,103 [pool-310-thread-1] INFO  server.RaftServerConfigKeys (ConfUtils.java:logGet(44)) - raft.server.log.write.buffer.size = 64KB (=65536) (default)
2021-04-07 10:29:40,103 [pool-310-thread-1] INFO  server.RaftServerConfigKeys (ConfUtils.java:logGet(44)) - raft.server.log.statemachine.data.caching.enabled = false (default)
2021-04-07 10:29:40,103 [pool-310-thread-1] INFO  segmented.SegmentedRaftLogWorker (SegmentedRaftLogWorker.java:lambda$new$0(133)) - beead88b-b48c-456f-a06d-e1162d1174c1@group-A8E56AEC5900-SegmentedRaftLogWorker: flushIndex: setUnconditionally 0 -> -1
2021-04-07 10:29:40,103 [pool-310-thread-1] INFO  segmented.SegmentedRaftLogWorker (SegmentedRaftLogWorker.java:lambda$new$0(133)) - beead88b-b48c-456f-a06d-e1162d1174c1@group-A8E56AEC5900-SegmentedRaftLogWorker: safeCacheEvictIndex: setUnconditionally 0 -> -1
2021-04-07 10:29:40,103 [pool-310-thread-1] INFO  server.RaftServerConfigKeys (ConfUtils.java:logGet(44)) - raft.server.snapshot.auto.trigger.enabled = true (custom)
2021-04-07 10:29:40,103 [pool-310-thread-1] INFO  server.RaftServerConfigKeys (ConfUtils.java:logGet(44)) - raft.server.snapshot.auto.trigger.threshold = 1000 (custom)
2021-04-07 10:29:40,103 [pool-310-thread-1] INFO  server.RaftServerConfigKeys (ConfUtils.java:logGet(44)) - raft.server.snapshot.retention.file.num = -1 (default)
2021-04-07 10:29:40,104 [pool-310-thread-1] INFO  server.RaftServerConfigKeys (ConfUtils.java:logGet(44)) - raft.server.log.purge.upto.snapshot.index = false (default)
2021-04-07 10:29:40,104 [pool-310-thread-1] INFO  server.RaftServerConfigKeys (ConfUtils.java:logGet(44)) - raft.server.retrycache.expirytime = 60000ms (default)
2021-04-07 10:29:40,104 [pool-310-thread-1] INFO  server.RaftServerConfigKeys (ConfUtils.java:logGet(44)) - raft.server.retrycache.statistics.expirytime = 100?s (default)
2021-04-07 10:29:40,104 [pool-310-thread-1] INFO  metrics.RatisMetrics (RatisMetrics.java:lambda$create$0(36)) - Creating Metrics Registry : ratis.leader_election.beead88b-b48c-456f-a06d-e1162d1174c1@group-A8E56AEC5900
2021-04-07 10:29:40,104 [pool-310-thread-1] INFO  metrics.RatisMetrics (RatisMetrics.java:lambda$create$0(36)) - Creating Metrics Registry : ratis.server.beead88b-b48c-456f-a06d-e1162d1174c1@group-A8E56AEC5900
2021-04-07 10:29:40,105 [Time-limited test] INFO  server.RaftServer$Division (RaftServerImpl.java:start(295)) - beead88b-b48c-456f-a06d-e1162d1174c1@group-A8E56AEC5900: start as a follower, conf=-1: [beead88b-b48c-456f-a06d-e1162d1174c1|rpc:localhost:12068|priority:0], old=null
2021-04-07 10:29:40,105 [Time-limited test] INFO  server.RaftServer$Division (RaftServerImpl.java:setRole(284)) - beead88b-b48c-456f-a06d-e1162d1174c1@group-A8E56AEC5900: changes role from      null to FOLLOWER at term 0 for startAsFollower
2021-04-07 10:29:40,105 [Time-limited test] INFO  impl.RoleInfo (RoleInfo.java:updateAndGet(130)) - beead88b-b48c-456f-a06d-e1162d1174c1: start beead88b-b48c-456f-a06d-e1162d1174c1@group-A8E56AEC5900-FollowerState
2021-04-07 10:29:40,105 [Time-limited test] INFO  util.JmxRegister (JmxRegister.java:tryRegister(44)) - Successfully registered JMX Bean with object name Ratis:service=RaftServer,group=group-A8E56AEC5900,id=beead88b-b48c-456f-a06d-e1162d1174c1
2021-04-07 10:29:40,106 [Time-limited test] INFO  metrics.RatisMetrics (RatisMetrics.java:lambda$create$0(36)) - Creating Metrics Registry : ratis.state_machine.beead88b-b48c-456f-a06d-e1162d1174c1@group-A8E56AEC5900
2021-04-07 10:29:40,106 [Time-limited test] INFO  server.RaftServer (RaftServerProxy.java:lambda$start$5(374)) - beead88b-b48c-456f-a06d-e1162d1174c1: start RPC server
2021-04-07 10:29:40,108 [Time-limited test] INFO  server.GrpcService (GrpcService.java:startImpl(253)) - beead88b-b48c-456f-a06d-e1162d1174c1: GrpcService started, listening on 12068
2021-04-07 10:29:40,109 [org.apache.ratis.util.JvmPauseMonitor$$Lambda$414/2143754043@6b0ffc2a] INFO  util.JvmPauseMonitor (JvmPauseMonitor.java:run(103)) - JvmPauseMonitor-beead88b-b48c-456f-a06d-e1162d1174c1: Started
2021-04-07 10:29:40,519 [EndpointStateMachine task thread for /127.0.0.1:15007 - 0 ] INFO  ipc.Client (Client.java:handleConnectionFailure(966)) - Retrying connect to server: localhost/127.0.0.1:15007. Already tried 11 time(s); retry policy is RetryUpToMaximumCountWithFixedSleep(maxRetries=15, sleepTime=1000 MILLISECONDS)
2021-04-07 10:29:40,581 [EndpointStateMachine task thread for /127.0.0.1:13615 - 0 ] INFO  ipc.Client (Client.java:handleConnectionFailure(966)) - Retrying connect to server: localhost/127.0.0.1:13615. Already tried 6 time(s); retry policy is RetryUpToMaximumCountWithFixedSleep(maxRetries=15, sleepTime=1000 MILLISECONDS)
2021-04-07 10:29:40,581 [EndpointStateMachine task thread for /127.0.0.1:13605 - 0 ] INFO  ipc.Client (Client.java:handleConnectionFailure(966)) - Retrying connect to server: localhost/127.0.0.1:13605. Already tried 8 time(s); retry policy is RetryUpToMaximumCountWithFixedSleep(maxRetries=15, sleepTime=1000 MILLISECONDS)
2021-04-07 10:29:40,581 [EndpointStateMachine task thread for /127.0.0.1:13625 - 0 ] INFO  ipc.Client (Client.java:handleConnectionFailure(966)) - Retrying connect to server: localhost/127.0.0.1:13625. Already tried 7 time(s); retry policy is RetryUpToMaximumCountWithFixedSleep(maxRetries=15, sleepTime=1000 MILLISECONDS)
2021-04-07 10:29:40,837 [EndpointStateMachine task thread for /127.0.0.1:14997 - 0 ] INFO  ipc.Client (Client.java:handleConnectionFailure(966)) - Retrying connect to server: localhost/127.0.0.1:14997. Already tried 11 time(s); retry policy is RetryUpToMaximumCountWithFixedSleep(maxRetries=15, sleepTime=1000 MILLISECONDS)
2021-04-07 10:29:41,072 [EndpointStateMachine task thread for /127.0.0.1:15017 - 0 ] INFO  ipc.Client (Client.java:handleConnectionFailure(966)) - Retrying connect to server: localhost/127.0.0.1:15017. Already tried 9 time(s); retry policy is RetryUpToMaximumCountWithFixedSleep(maxRetries=15, sleepTime=1000 MILLISECONDS)
2021-04-07 10:29:41,520 [EndpointStateMachine task thread for /127.0.0.1:15007 - 0 ] INFO  ipc.Client (Client.java:handleConnectionFailure(966)) - Retrying connect to server: localhost/127.0.0.1:15007. Already tried 12 time(s); retry policy is RetryUpToMaximumCountWithFixedSleep(maxRetries=15, sleepTime=1000 MILLISECONDS)
2021-04-07 10:29:41,582 [EndpointStateMachine task thread for /127.0.0.1:13615 - 0 ] INFO  ipc.Client (Client.java:handleConnectionFailure(966)) - Retrying connect to server: localhost/127.0.0.1:13615. Already tried 7 time(s); retry policy is RetryUpToMaximumCountWithFixedSleep(maxRetries=15, sleepTime=1000 MILLISECONDS)
2021-04-07 10:29:41,582 [EndpointStateMachine task thread for /127.0.0.1:13605 - 0 ] INFO  ipc.Client (Client.java:handleConnectionFailure(966)) - Retrying connect to server: localhost/127.0.0.1:13605. Already tried 9 time(s); retry policy is RetryUpToMaximumCountWithFixedSleep(maxRetries=15, sleepTime=1000 MILLISECONDS)
2021-04-07 10:29:41,583 [EndpointStateMachine task thread for /127.0.0.1:13625 - 0 ] INFO  ipc.Client (Client.java:handleConnectionFailure(966)) - Retrying connect to server: localhost/127.0.0.1:13625. Already tried 8 time(s); retry policy is RetryUpToMaximumCountWithFixedSleep(maxRetries=15, sleepTime=1000 MILLISECONDS)
2021-04-07 10:29:41,838 [EndpointStateMachine task thread for /127.0.0.1:14997 - 0 ] INFO  ipc.Client (Client.java:handleConnectionFailure(966)) - Retrying connect to server: localhost/127.0.0.1:14997. Already tried 12 time(s); retry policy is RetryUpToMaximumCountWithFixedSleep(maxRetries=15, sleepTime=1000 MILLISECONDS)
2021-04-07 10:29:42,072 [EndpointStateMachine task thread for /127.0.0.1:15017 - 0 ] INFO  ipc.Client (Client.java:handleConnectionFailure(966)) - Retrying connect to server: localhost/127.0.0.1:15017. Already tried 10 time(s); retry policy is RetryUpToMaximumCountWithFixedSleep(maxRetries=15, sleepTime=1000 MILLISECONDS)
2021-04-07 10:29:42,520 [EndpointStateMachine task thread for /127.0.0.1:15007 - 0 ] INFO  ipc.Client (Client.java:handleConnectionFailure(966)) - Retrying connect to server: localhost/127.0.0.1:15007. Already tried 13 time(s); retry policy is RetryUpToMaximumCountWithFixedSleep(maxRetries=15, sleepTime=1000 MILLISECONDS)
2021-04-07 10:29:42,583 [EndpointStateMachine task thread for /127.0.0.1:13605 - 0 ] INFO  ipc.Client (Client.java:handleConnectionFailure(966)) - Retrying connect to server: localhost/127.0.0.1:13605. Already tried 10 time(s); retry policy is RetryUpToMaximumCountWithFixedSleep(maxRetries=15, sleepTime=1000 MILLISECONDS)
2021-04-07 10:29:42,583 [EndpointStateMachine task thread for /127.0.0.1:13625 - 0 ] INFO  ipc.Client (Client.java:handleConnectionFailure(966)) - Retrying connect to server: localhost/127.0.0.1:13625. Already tried 9 time(s); retry policy is RetryUpToMaximumCountWithFixedSleep(maxRetries=15, sleepTime=1000 MILLISECONDS)
2021-04-07 10:29:42,583 [EndpointStateMachine task thread for /127.0.0.1:13615 - 0 ] INFO  ipc.Client (Client.java:handleConnectionFailure(966)) - Retrying connect to server: localhost/127.0.0.1:13615. Already tried 8 time(s); retry policy is RetryUpToMaximumCountWithFixedSleep(maxRetries=15, sleepTime=1000 MILLISECONDS)
2021-04-07 10:29:42,839 [EndpointStateMachine task thread for /127.0.0.1:14997 - 0 ] INFO  ipc.Client (Client.java:handleConnectionFailure(966)) - Retrying connect to server: localhost/127.0.0.1:14997. Already tried 13 time(s); retry policy is RetryUpToMaximumCountWithFixedSleep(maxRetries=15, sleepTime=1000 MILLISECONDS)
2021-04-07 10:29:43,073 [EndpointStateMachine task thread for /127.0.0.1:15017 - 0 ] INFO  ipc.Client (Client.java:handleConnectionFailure(966)) - Retrying connect to server: localhost/127.0.0.1:15017. Already tried 11 time(s); retry policy is RetryUpToMaximumCountWithFixedSleep(maxRetries=15, sleepTime=1000 MILLISECONDS)
2021-04-07 10:29:43,521 [EndpointStateMachine task thread for /127.0.0.1:15007 - 0 ] INFO  ipc.Client (Client.java:handleConnectionFailure(966)) - Retrying connect to server: localhost/127.0.0.1:15007. Already tried 14 time(s); retry policy is RetryUpToMaximumCountWithFixedSleep(maxRetries=15, sleepTime=1000 MILLISECONDS)
2021-04-07 10:29:43,522 [EndpointStateMachine task thread for /127.0.0.1:15007 - 0 ] WARN  statemachine.EndpointStateMachine (EndpointStateMachine.java:logIfNeeded(236)) - Unable to communicate to SCM server at localhost:15007 for past 0 seconds.
java.net.ConnectException: Call From 100a838eac99/172.17.0.2 to localhost:15007 failed on connection exception: java.net.ConnectException: Connection refused; For more details see:  http://wiki.apache.org/hadoop/ConnectionRefused
	at sun.reflect.NativeConstructorAccessorImpl.newInstance0(Native Method)
	at sun.reflect.NativeConstructorAccessorImpl.newInstance(NativeConstructorAccessorImpl.java:62)
	at sun.reflect.DelegatingConstructorAccessorImpl.newInstance(DelegatingConstructorAccessorImpl.java:45)
	at java.lang.reflect.Constructor.newInstance(Constructor.java:423)
	at org.apache.hadoop.net.NetUtils.wrapWithMessage(NetUtils.java:836)
	at org.apache.hadoop.net.NetUtils.wrapException(NetUtils.java:760)
	at org.apache.hadoop.ipc.Client.getRpcResponse(Client.java:1566)
	at org.apache.hadoop.ipc.Client.call(Client.java:1508)
	at org.apache.hadoop.ipc.Client.call(Client.java:1405)
	at org.apache.hadoop.ipc.ProtobufRpcEngine$Invoker.invoke(ProtobufRpcEngine.java:233)
	at org.apache.hadoop.ipc.ProtobufRpcEngine$Invoker.invoke(ProtobufRpcEngine.java:118)
	at com.sun.proxy.$Proxy45.submitRequest(Unknown Source)
	at org.apache.hadoop.ozone.protocolPB.StorageContainerDatanodeProtocolClientSideTranslatorPB.submitRequest(StorageContainerDatanodeProtocolClientSideTranslatorPB.java:117)
	at org.apache.hadoop.ozone.protocolPB.StorageContainerDatanodeProtocolClientSideTranslatorPB.sendHeartbeat(StorageContainerDatanodeProtocolClientSideTranslatorPB.java:149)
	at org.apache.hadoop.ozone.container.common.states.endpoint.HeartbeatEndpointTask.call(HeartbeatEndpointTask.java:146)
	at org.apache.hadoop.ozone.container.common.states.endpoint.HeartbeatEndpointTask.call(HeartbeatEndpointTask.java:77)
	at java.util.concurrent.FutureTask.run(FutureTask.java:266)
	at java.util.concurrent.ThreadPoolExecutor.runWorker(ThreadPoolExecutor.java:1149)
	at java.util.concurrent.ThreadPoolExecutor$Worker.run(ThreadPoolExecutor.java:624)
	at java.lang.Thread.run(Thread.java:748)
Caused by: java.net.ConnectException: Connection refused
	at sun.nio.ch.SocketChannelImpl.checkConnect(Native Method)
	at sun.nio.ch.SocketChannelImpl.finishConnect(SocketChannelImpl.java:717)
	at org.apache.hadoop.net.SocketIOWithTimeout.connect(SocketIOWithTimeout.java:206)
	at org.apache.hadoop.net.NetUtils.connect(NetUtils.java:534)
	at org.apache.hadoop.ipc.Client$Connection.setupConnection(Client.java:699)
	at org.apache.hadoop.ipc.Client$Connection.setupIOstreams(Client.java:812)
	at org.apache.hadoop.ipc.Client$Connection.access$3800(Client.java:413)
	at org.apache.hadoop.ipc.Client.getConnection(Client.java:1636)
	at org.apache.hadoop.ipc.Client.call(Client.java:1452)
	... 12 more
2021-04-07 10:29:43,584 [EndpointStateMachine task thread for /127.0.0.1:13605 - 0 ] INFO  ipc.Client (Client.java:handleConnectionFailure(966)) - Retrying connect to server: localhost/127.0.0.1:13605. Already tried 11 time(s); retry policy is RetryUpToMaximumCountWithFixedSleep(maxRetries=15, sleepTime=1000 MILLISECONDS)
2021-04-07 10:29:43,584 [EndpointStateMachine task thread for /127.0.0.1:13625 - 0 ] INFO  ipc.Client (Client.java:handleConnectionFailure(966)) - Retrying connect to server: localhost/127.0.0.1:13625. Already tried 10 time(s); retry policy is RetryUpToMaximumCountWithFixedSleep(maxRetries=15, sleepTime=1000 MILLISECONDS)
2021-04-07 10:29:43,584 [EndpointStateMachine task thread for /127.0.0.1:13615 - 0 ] INFO  ipc.Client (Client.java:handleConnectionFailure(966)) - Retrying connect to server: localhost/127.0.0.1:13615. Already tried 9 time(s); retry policy is RetryUpToMaximumCountWithFixedSleep(maxRetries=15, sleepTime=1000 MILLISECONDS)
2021-04-07 10:29:43,840 [EndpointStateMachine task thread for /127.0.0.1:14997 - 0 ] INFO  ipc.Client (Client.java:handleConnectionFailure(966)) - Retrying connect to server: localhost/127.0.0.1:14997. Already tried 14 time(s); retry policy is RetryUpToMaximumCountWithFixedSleep(maxRetries=15, sleepTime=1000 MILLISECONDS)
2021-04-07 10:29:43,840 [EndpointStateMachine task thread for /127.0.0.1:14997 - 0 ] WARN  statemachine.EndpointStateMachine (EndpointStateMachine.java:logIfNeeded(236)) - Unable to communicate to SCM server at localhost:14997 for past 0 seconds.
java.net.ConnectException: Call From 100a838eac99/172.17.0.2 to localhost:14997 failed on connection exception: java.net.ConnectException: Connection refused; For more details see:  http://wiki.apache.org/hadoop/ConnectionRefused
	at sun.reflect.NativeConstructorAccessorImpl.newInstance0(Native Method)
	at sun.reflect.NativeConstructorAccessorImpl.newInstance(NativeConstructorAccessorImpl.java:62)
	at sun.reflect.DelegatingConstructorAccessorImpl.newInstance(DelegatingConstructorAccessorImpl.java:45)
	at java.lang.reflect.Constructor.newInstance(Constructor.java:423)
	at org.apache.hadoop.net.NetUtils.wrapWithMessage(NetUtils.java:836)
	at org.apache.hadoop.net.NetUtils.wrapException(NetUtils.java:760)
	at org.apache.hadoop.ipc.Client.getRpcResponse(Client.java:1566)
	at org.apache.hadoop.ipc.Client.call(Client.java:1508)
	at org.apache.hadoop.ipc.Client.call(Client.java:1405)
	at org.apache.hadoop.ipc.ProtobufRpcEngine$Invoker.invoke(ProtobufRpcEngine.java:233)
	at org.apache.hadoop.ipc.ProtobufRpcEngine$Invoker.invoke(ProtobufRpcEngine.java:118)
	at com.sun.proxy.$Proxy45.submitRequest(Unknown Source)
	at org.apache.hadoop.ozone.protocolPB.StorageContainerDatanodeProtocolClientSideTranslatorPB.submitRequest(StorageContainerDatanodeProtocolClientSideTranslatorPB.java:117)
	at org.apache.hadoop.ozone.protocolPB.StorageContainerDatanodeProtocolClientSideTranslatorPB.sendHeartbeat(StorageContainerDatanodeProtocolClientSideTranslatorPB.java:149)
	at org.apache.hadoop.ozone.container.common.states.endpoint.HeartbeatEndpointTask.call(HeartbeatEndpointTask.java:146)
	at org.apache.hadoop.ozone.container.common.states.endpoint.HeartbeatEndpointTask.call(HeartbeatEndpointTask.java:77)
	at java.util.concurrent.FutureTask.run(FutureTask.java:266)
	at java.util.concurrent.ThreadPoolExecutor.runWorker(ThreadPoolExecutor.java:1149)
	at java.util.concurrent.ThreadPoolExecutor$Worker.run(ThreadPoolExecutor.java:624)
	at java.lang.Thread.run(Thread.java:748)
Caused by: java.net.ConnectException: Connection refused
	at sun.nio.ch.SocketChannelImpl.checkConnect(Native Method)
	at sun.nio.ch.SocketChannelImpl.finishConnect(SocketChannelImpl.java:717)
	at org.apache.hadoop.net.SocketIOWithTimeout.connect(SocketIOWithTimeout.java:206)
	at org.apache.hadoop.net.NetUtils.connect(NetUtils.java:534)
	at org.apache.hadoop.ipc.Client$Connection.setupConnection(Client.java:699)
	at org.apache.hadoop.ipc.Client$Connection.setupIOstreams(Client.java:812)
	at org.apache.hadoop.ipc.Client$Connection.access$3800(Client.java:413)
	at org.apache.hadoop.ipc.Client.getConnection(Client.java:1636)
	at org.apache.hadoop.ipc.Client.call(Client.java:1452)
	... 12 more
2021-04-07 10:29:44,073 [EndpointStateMachine task thread for /127.0.0.1:15017 - 0 ] INFO  ipc.Client (Client.java:handleConnectionFailure(966)) - Retrying connect to server: localhost/127.0.0.1:15017. Already tried 12 time(s); retry policy is RetryUpToMaximumCountWithFixedSleep(maxRetries=15, sleepTime=1000 MILLISECONDS)
2021-04-07 10:29:44,523 [EndpointStateMachine task thread for /127.0.0.1:15007 - 0 ] INFO  ipc.Client (Client.java:handleConnectionFailure(966)) - Retrying connect to server: localhost/127.0.0.1:15007. Already tried 0 time(s); retry policy is RetryUpToMaximumCountWithFixedSleep(maxRetries=15, sleepTime=1000 MILLISECONDS)
2021-04-07 10:29:44,584 [EndpointStateMachine task thread for /127.0.0.1:13605 - 0 ] INFO  ipc.Client (Client.java:handleConnectionFailure(966)) - Retrying connect to server: localhost/127.0.0.1:13605. Already tried 12 time(s); retry policy is RetryUpToMaximumCountWithFixedSleep(maxRetries=15, sleepTime=1000 MILLISECONDS)
2021-04-07 10:29:44,585 [EndpointStateMachine task thread for /127.0.0.1:13615 - 0 ] INFO  ipc.Client (Client.java:handleConnectionFailure(966)) - Retrying connect to server: localhost/127.0.0.1:13615. Already tried 10 time(s); retry policy is RetryUpToMaximumCountWithFixedSleep(maxRetries=15, sleepTime=1000 MILLISECONDS)
2021-04-07 10:29:44,585 [EndpointStateMachine task thread for /127.0.0.1:13625 - 0 ] INFO  ipc.Client (Client.java:handleConnectionFailure(966)) - Retrying connect to server: localhost/127.0.0.1:13625. Already tried 11 time(s); retry policy is RetryUpToMaximumCountWithFixedSleep(maxRetries=15, sleepTime=1000 MILLISECONDS)
2021-04-07 10:29:44,841 [EndpointStateMachine task thread for /127.0.0.1:14997 - 0 ] INFO  ipc.Client (Client.java:handleConnectionFailure(966)) - Retrying connect to server: localhost/127.0.0.1:14997. Already tried 0 time(s); retry policy is RetryUpToMaximumCountWithFixedSleep(maxRetries=15, sleepTime=1000 MILLISECONDS)
2021-04-07 10:29:45,074 [EndpointStateMachine task thread for /127.0.0.1:15017 - 0 ] INFO  ipc.Client (Client.java:handleConnectionFailure(966)) - Retrying connect to server: localhost/127.0.0.1:15017. Already tried 13 time(s); retry policy is RetryUpToMaximumCountWithFixedSleep(maxRetries=15, sleepTime=1000 MILLISECONDS)
2021-04-07 10:29:45,292 [beead88b-b48c-456f-a06d-e1162d1174c1@group-A8E56AEC5900-FollowerState] INFO  impl.FollowerState (FollowerState.java:run(134)) - beead88b-b48c-456f-a06d-e1162d1174c1@group-A8E56AEC5900-FollowerState: change to CANDIDATE, lastRpcElapsedTime:5186388735ns, electionTimeout:5186ms
2021-04-07 10:29:45,292 [beead88b-b48c-456f-a06d-e1162d1174c1@group-A8E56AEC5900-FollowerState] INFO  impl.RoleInfo (RoleInfo.java:shutdownFollowerState(108)) - beead88b-b48c-456f-a06d-e1162d1174c1: shutdown beead88b-b48c-456f-a06d-e1162d1174c1@group-A8E56AEC5900-FollowerState
2021-04-07 10:29:45,292 [beead88b-b48c-456f-a06d-e1162d1174c1@group-A8E56AEC5900-FollowerState] INFO  server.RaftServer$Division (RaftServerImpl.java:setRole(284)) - beead88b-b48c-456f-a06d-e1162d1174c1@group-A8E56AEC5900: changes role from  FOLLOWER to CANDIDATE at term 0 for changeToCandidate
2021-04-07 10:29:45,292 [beead88b-b48c-456f-a06d-e1162d1174c1@group-A8E56AEC5900-FollowerState] INFO  server.RaftServerConfigKeys (ConfUtils.java:logGet(44)) - raft.server.leaderelection.pre-vote = false (custom)
2021-04-07 10:29:45,292 [beead88b-b48c-456f-a06d-e1162d1174c1@group-A8E56AEC5900-FollowerState] INFO  impl.RoleInfo (RoleInfo.java:updateAndGet(130)) - beead88b-b48c-456f-a06d-e1162d1174c1: start beead88b-b48c-456f-a06d-e1162d1174c1@group-A8E56AEC5900-LeaderElection28
2021-04-07 10:29:45,294 [beead88b-b48c-456f-a06d-e1162d1174c1@group-A8E56AEC5900-LeaderElection28] INFO  impl.LeaderElection (LeaderElection.java:askForVotes(306)) - beead88b-b48c-456f-a06d-e1162d1174c1@group-A8E56AEC5900-LeaderElection28 ELECTION round 0: submit vote requests at term 1 for -1: [beead88b-b48c-456f-a06d-e1162d1174c1|rpc:localhost:12068|priority:0], old=null
2021-04-07 10:29:45,295 [beead88b-b48c-456f-a06d-e1162d1174c1@group-A8E56AEC5900-LeaderElection28] INFO  impl.LeaderElection (LeaderElection.java:askForVotes(308)) - beead88b-b48c-456f-a06d-e1162d1174c1@group-A8E56AEC5900-LeaderElection28 ELECTION round 0: result PASSED (term=1)
2021-04-07 10:29:45,295 [beead88b-b48c-456f-a06d-e1162d1174c1@group-A8E56AEC5900-LeaderElection28] INFO  impl.RoleInfo (RoleInfo.java:shutdownLeaderElection(121)) - beead88b-b48c-456f-a06d-e1162d1174c1: shutdown beead88b-b48c-456f-a06d-e1162d1174c1@group-A8E56AEC5900-LeaderElection28
2021-04-07 10:29:45,295 [beead88b-b48c-456f-a06d-e1162d1174c1@group-A8E56AEC5900-LeaderElection28] INFO  server.RaftServer$Division (RaftServerImpl.java:setRole(284)) - beead88b-b48c-456f-a06d-e1162d1174c1@group-A8E56AEC5900: changes role from CANDIDATE to LEADER at term 1 for changeToLeader
2021-04-07 10:29:45,295 [beead88b-b48c-456f-a06d-e1162d1174c1@group-A8E56AEC5900-LeaderElection28] INFO  server.RaftServer$Division (ServerState.java:setLeader(271)) - beead88b-b48c-456f-a06d-e1162d1174c1@group-A8E56AEC5900: change Leader from null to beead88b-b48c-456f-a06d-e1162d1174c1 at term 1 for becomeLeader, leader elected after 5201ms
2021-04-07 10:29:45,295 [beead88b-b48c-456f-a06d-e1162d1174c1@group-A8E56AEC5900-LeaderElection28] INFO  server.RaftServerConfigKeys (ConfUtils.java:logGet(44)) - raft.server.staging.catchup.gap = 1000 (default)
2021-04-07 10:29:45,295 [beead88b-b48c-456f-a06d-e1162d1174c1@group-A8E56AEC5900-LeaderElection28] INFO  metrics.RatisMetrics (RatisMetrics.java:lambda$create$0(36)) - Creating Metrics Registry : ratis.log_appender.beead88b-b48c-456f-a06d-e1162d1174c1@group-A8E56AEC5900
2021-04-07 10:29:45,295 [beead88b-b48c-456f-a06d-e1162d1174c1@group-A8E56AEC5900-LeaderElection28] INFO  server.RaftServerConfigKeys (ConfUtils.java:logGet(44)) - raft.server.write.element-limit = 4096 (default)
2021-04-07 10:29:45,295 [beead88b-b48c-456f-a06d-e1162d1174c1@group-A8E56AEC5900-LeaderElection28] INFO  server.RaftServerConfigKeys (ConfUtils.java:logGet(44)) - raft.server.write.byte-limit = 64MB (=67108864) (default)
2021-04-07 10:29:45,296 [beead88b-b48c-456f-a06d-e1162d1174c1@group-A8E56AEC5900-LeaderElection28] INFO  server.RaftServerConfigKeys (ConfUtils.java:logGet(44)) - raft.server.watch.timeout = 10s (default)
2021-04-07 10:29:45,296 [beead88b-b48c-456f-a06d-e1162d1174c1@group-A8E56AEC5900-LeaderElection28] INFO  server.RaftServerConfigKeys (ConfUtils.java:logGet(44)) - raft.server.watch.timeout.denomination = 1s (default)
2021-04-07 10:29:45,296 [beead88b-b48c-456f-a06d-e1162d1174c1@group-A8E56AEC5900-LeaderElection28] INFO  server.RaftServerConfigKeys (ConfUtils.java:logGet(44)) - raft.server.watch.element-limit = 65536 (default)
2021-04-07 10:29:45,296 [beead88b-b48c-456f-a06d-e1162d1174c1@group-A8E56AEC5900-LeaderElection28] INFO  impl.RoleInfo (RoleInfo.java:updateAndGet(130)) - beead88b-b48c-456f-a06d-e1162d1174c1: start beead88b-b48c-456f-a06d-e1162d1174c1@group-A8E56AEC5900-LeaderStateImpl
2021-04-07 10:29:45,297 [beead88b-b48c-456f-a06d-e1162d1174c1@group-A8E56AEC5900-LeaderElection28] INFO  segmented.SegmentedRaftLogWorker (SegmentedRaftLogWorker.java:startLogSegment(394)) - beead88b-b48c-456f-a06d-e1162d1174c1@group-A8E56AEC5900-SegmentedRaftLogWorker: Starting segment from index:0
2021-04-07 10:29:45,301 [beead88b-b48c-456f-a06d-e1162d1174c1@group-A8E56AEC5900-LeaderElection28] INFO  server.RaftServer$Division (ServerState.java:setRaftConf(373)) - beead88b-b48c-456f-a06d-e1162d1174c1@group-A8E56AEC5900: set configuration 0: [beead88b-b48c-456f-a06d-e1162d1174c1|rpc:localhost:12068|admin:|client:|dataStream:|priority:0], old=null
2021-04-07 10:29:45,302 [beead88b-b48c-456f-a06d-e1162d1174c1@group-A8E56AEC5900-SegmentedRaftLogWorker] INFO  segmented.SegmentedRaftLogWorker (SegmentedRaftLogWorker.java:execute(601)) - beead88b-b48c-456f-a06d-e1162d1174c1@group-A8E56AEC5900-SegmentedRaftLogWorker: created new log segment /github/workspace/mnt/ozone/hadoop-ozone/integration-test/target/test-dir/MiniOzoneClusterImpl-51c72f67-962b-4c5d-8db7-a8e56aec5900/scmNode-1/scm-ha/51c72f67-962b-4c5d-8db7-a8e56aec5900/current/log_inprogress_0
2021-04-07 10:29:45,523 [EndpointStateMachine task thread for /127.0.0.1:15007 - 0 ] INFO  ipc.Client (Client.java:handleConnectionFailure(966)) - Retrying connect to server: localhost/127.0.0.1:15007. Already tried 1 time(s); retry policy is RetryUpToMaximumCountWithFixedSleep(maxRetries=15, sleepTime=1000 MILLISECONDS)
2021-04-07 10:29:45,585 [EndpointStateMachine task thread for /127.0.0.1:13615 - 0 ] INFO  ipc.Client (Client.java:handleConnectionFailure(966)) - Retrying connect to server: localhost/127.0.0.1:13615. Already tried 11 time(s); retry policy is RetryUpToMaximumCountWithFixedSleep(maxRetries=15, sleepTime=1000 MILLISECONDS)
2021-04-07 10:29:45,585 [EndpointStateMachine task thread for /127.0.0.1:13625 - 0 ] INFO  ipc.Client (Client.java:handleConnectionFailure(966)) - Retrying connect to server: localhost/127.0.0.1:13625. Already tried 12 time(s); retry policy is RetryUpToMaximumCountWithFixedSleep(maxRetries=15, sleepTime=1000 MILLISECONDS)
2021-04-07 10:29:45,585 [EndpointStateMachine task thread for /127.0.0.1:13605 - 0 ] INFO  ipc.Client (Client.java:handleConnectionFailure(966)) - Retrying connect to server: localhost/127.0.0.1:13605. Already tried 13 time(s); retry policy is RetryUpToMaximumCountWithFixedSleep(maxRetries=15, sleepTime=1000 MILLISECONDS)
2021-04-07 10:29:45,841 [EndpointStateMachine task thread for /127.0.0.1:14997 - 0 ] INFO  ipc.Client (Client.java:handleConnectionFailure(966)) - Retrying connect to server: localhost/127.0.0.1:14997. Already tried 1 time(s); retry policy is RetryUpToMaximumCountWithFixedSleep(maxRetries=15, sleepTime=1000 MILLISECONDS)
2021-04-07 10:29:46,075 [EndpointStateMachine task thread for /127.0.0.1:15017 - 0 ] INFO  ipc.Client (Client.java:handleConnectionFailure(966)) - Retrying connect to server: localhost/127.0.0.1:15017. Already tried 14 time(s); retry policy is RetryUpToMaximumCountWithFixedSleep(maxRetries=15, sleepTime=1000 MILLISECONDS)
2021-04-07 10:29:46,110 [Time-limited test] INFO  server.RaftServer (RaftServerProxy.java:lambda$close$6(391)) - beead88b-b48c-456f-a06d-e1162d1174c1: close
2021-04-07 10:29:46,110 [Time-limited test] INFO  server.RaftServer$Division (RaftServerImpl.java:lambda$close$4(406)) - beead88b-b48c-456f-a06d-e1162d1174c1@group-A8E56AEC5900: shutdown
2021-04-07 10:29:46,110 [Time-limited test] INFO  util.JmxRegister (JmxRegister.java:unregister(73)) - Successfully un-registered JMX Bean with object name Ratis:service=RaftServer,group=group-A8E56AEC5900,id=beead88b-b48c-456f-a06d-e1162d1174c1
2021-04-07 10:29:46,110 [Time-limited test] INFO  impl.RoleInfo (RoleInfo.java:shutdownLeaderState(91)) - beead88b-b48c-456f-a06d-e1162d1174c1: shutdown beead88b-b48c-456f-a06d-e1162d1174c1@group-A8E56AEC5900-LeaderStateImpl
2021-04-07 10:29:46,110 [Time-limited test] INFO  impl.PendingRequests (PendingRequests.java:sendNotLeaderResponses(249)) - beead88b-b48c-456f-a06d-e1162d1174c1@group-A8E56AEC5900-PendingRequests: sendNotLeaderResponses
2021-04-07 10:29:46,111 [Time-limited test] INFO  metrics.RatisMetrics (RatisMetrics.java:unregister(43)) - Unregistering Metrics Registry : ratis.log_appender.beead88b-b48c-456f-a06d-e1162d1174c1@group-A8E56AEC5900
2021-04-07 10:29:46,111 [Time-limited test] INFO  metrics.RatisMetrics (RatisMetrics.java:unregister(43)) - Unregistering Metrics Registry : ratis.server.beead88b-b48c-456f-a06d-e1162d1174c1@group-A8E56AEC5900
2021-04-07 10:29:46,111 [Time-limited test] INFO  impl.StateMachineUpdater (StateMachineUpdater.java:stopAndJoin(149)) - beead88b-b48c-456f-a06d-e1162d1174c1@group-A8E56AEC5900-StateMachineUpdater: set stopIndex = 0
2021-04-07 10:29:46,112 [beead88b-b48c-456f-a06d-e1162d1174c1@group-A8E56AEC5900-StateMachineUpdater] INFO  impl.StateMachineUpdater (StateMachineUpdater.java:takeSnapshot(281)) - beead88b-b48c-456f-a06d-e1162d1174c1@group-A8E56AEC5900-StateMachineUpdater: Took a snapshot at index 0
2021-04-07 10:29:46,112 [beead88b-b48c-456f-a06d-e1162d1174c1@group-A8E56AEC5900-StateMachineUpdater] INFO  impl.StateMachineUpdater (StateMachineUpdater.java:lambda$new$0(89)) - beead88b-b48c-456f-a06d-e1162d1174c1@group-A8E56AEC5900-StateMachineUpdater: snapshotIndex: updateIncreasingly -1 -> 0
2021-04-07 10:29:46,112 [beead88b-b48c-456f-a06d-e1162d1174c1@group-A8E56AEC5900-StateMachineUpdater] INFO  metrics.RatisMetrics (RatisMetrics.java:unregister(43)) - Unregistering Metrics Registry : ratis.state_machine.beead88b-b48c-456f-a06d-e1162d1174c1@group-A8E56AEC5900
2021-04-07 10:29:46,112 [Time-limited test] INFO  server.RaftServer$Division (ServerState.java:close(405)) - beead88b-b48c-456f-a06d-e1162d1174c1@group-A8E56AEC5900: closes. applyIndex: 0
2021-04-07 10:29:46,112 [beead88b-b48c-456f-a06d-e1162d1174c1@group-A8E56AEC5900-SegmentedRaftLogWorker] INFO  segmented.SegmentedRaftLogWorker (SegmentedRaftLogWorker.java:run(327)) - beead88b-b48c-456f-a06d-e1162d1174c1@group-A8E56AEC5900-SegmentedRaftLogWorker was interrupted, exiting. There are 0 tasks remaining in the queue.
2021-04-07 10:29:46,113 [Time-limited test] INFO  segmented.SegmentedRaftLogWorker (SegmentedRaftLogWorker.java:close(237)) - beead88b-b48c-456f-a06d-e1162d1174c1@group-A8E56AEC5900-SegmentedRaftLogWorker close()
2021-04-07 10:29:46,114 [Time-limited test] INFO  metrics.RatisMetrics (RatisMetrics.java:unregister(43)) - Unregistering Metrics Registry : ratis.log_worker.beead88b-b48c-456f-a06d-e1162d1174c1@group-A8E56AEC5900
2021-04-07 10:29:46,114 [Time-limited test] INFO  metrics.RatisMetrics (RatisMetrics.java:unregister(43)) - Unregistering Metrics Registry : ratis.leader_election.beead88b-b48c-456f-a06d-e1162d1174c1@group-A8E56AEC5900
2021-04-07 10:29:46,114 [Time-limited test] INFO  metrics.RatisMetrics (RatisMetrics.java:unregister(43)) - Unregistering Metrics Registry : ratis.server.beead88b-b48c-456f-a06d-e1162d1174c1@group-A8E56AEC5900
2021-04-07 10:29:46,114 [Time-limited test] INFO  server.GrpcService (GrpcService.java:closeImpl(262)) - beead88b-b48c-456f-a06d-e1162d1174c1: shutdown server with port 12068 now
2021-04-07 10:29:46,114 [Time-limited test] INFO  server.GrpcService (GrpcService.java:closeImpl(271)) - beead88b-b48c-456f-a06d-e1162d1174c1: shutdown server with port 12068 successfully
2021-04-07 10:29:46,114 [org.apache.ratis.util.JvmPauseMonitor$$Lambda$414/2143754043@6b0ffc2a] INFO  util.JvmPauseMonitor (JvmPauseMonitor.java:run(109)) - JvmPauseMonitor-beead88b-b48c-456f-a06d-e1162d1174c1: Stopped
2021-04-07 10:29:46,116 [Time-limited test] INFO  server.StorageContainerManager (StorageContainerManager.java:scmInit(933)) - SCM initialization succeeded. Current cluster id for sd=/github/workspace/mnt/ozone/hadoop-ozone/integration-test/target/test-dir/MiniOzoneClusterImpl-51c72f67-962b-4c5d-8db7-a8e56aec5900/scmNode-1/scm; cid=51c72f67-962b-4c5d-8db7-a8e56aec5900; layoutVersion=0; scmId=beead88b-b48c-456f-a06d-e1162d1174c1
2021-04-07 10:29:46,116 [Time-limited test] INFO  ha.SCMHANodeDetails (SCMHANodeDetails.java:loadSCMHAConfig(150)) - ServiceID for StorageContainerManager is scm-service-test1
2021-04-07 10:29:46,116 [Time-limited test] INFO  ha.SCMHANodeDetails (SCMHANodeDetails.java:loadSCMHAConfig(161)) - ServiceID for StorageContainerManager is scm-service-test1
2021-04-07 10:29:46,116 [Time-limited test] INFO  ha.SCMHANodeDetails (SCMHANodeDetails.java:loadSCMHAConfig(240)) - Found matching SCM address with SCMServiceId: scm-service-test1, SCMNodeId: scmNode-1, RPC Address: localhost:12068 and Ratis port: 12068
2021-04-07 10:29:46,116 [Time-limited test] INFO  ha.SCMHANodeDetails (ConfUtils.java:setNodeSpecificConfigs(105)) - Setting configuration key ozone.scm.datanode.address with value of key ozone.scm.datanode.address.scm-service-test1.scmNode-1: 127.0.0.1:12069
2021-04-07 10:29:46,116 [Time-limited test] INFO  ha.SCMHANodeDetails (ConfUtils.java:setNodeSpecificConfigs(105)) - Setting configuration key ozone.scm.block.client.address with value of key ozone.scm.block.client.address.scm-service-test1.scmNode-1: 127.0.0.1:12070
2021-04-07 10:29:46,117 [Time-limited test] INFO  ha.SCMHANodeDetails (ConfUtils.java:setNodeSpecificConfigs(105)) - Setting configuration key ozone.scm.client.address with value of key ozone.scm.client.address.scm-service-test1.scmNode-1: 127.0.0.1:12071
2021-04-07 10:29:46,117 [Time-limited test] INFO  ha.SCMHANodeDetails (ConfUtils.java:setNodeSpecificConfigs(105)) - Setting configuration key ozone.scm.ratis.port with value of key ozone.scm.ratis.port.scm-service-test1.scmNode-1: 12068
2021-04-07 10:29:46,117 [Time-limited test] INFO  ha.SCMHANodeDetails (ConfUtils.java:setNodeSpecificConfigs(105)) - Setting configuration key ozone.scm.grpc.port with value of key ozone.scm.grpc.port.scm-service-test1.scmNode-1: 12072
2021-04-07 10:29:46,117 [Time-limited test] INFO  ha.SCMHANodeDetails (ConfUtils.java:setNodeSpecificConfigs(105)) - Setting configuration key ozone.scm.http-address with value of key ozone.scm.http-address.scm-service-test1.scmNode-1: 127.0.0.1:12066
2021-04-07 10:29:46,117 [Time-limited test] INFO  ha.SCMHANodeDetails (ConfUtils.java:setNodeSpecificConfigs(105)) - Setting configuration key ozone.scm.https-address with value of key ozone.scm.https-address.scm-service-test1.scmNode-1: 127.0.0.1:12067
2021-04-07 10:29:46,117 [Time-limited test] INFO  ha.SCMHANodeDetails (ConfUtils.java:setNodeSpecificConfigs(105)) - Setting configuration key ozone.scm.address with value of key ozone.scm.address.scm-service-test1.scmNode-1: 127.0.0.1
2021-04-07 10:29:46,117 [Time-limited test] WARN  server.ServerUtils (ServerUtils.java:getScmDbDir(148)) - ozone.scm.db.dirs is not configured. We recommend adding this setting. Falling back to ozone.metadata.dirs instead.
2021-04-07 10:29:46,118 [Time-limited test] WARN  utils.HAUtils (HAUtils.java:getMetaDir(331)) - ozone.scm.db.dirs is not configured. We recommend adding this setting. Falling back to ozone.metadata.dirs instead.
2021-04-07 10:29:46,119 [Time-limited test] WARN  db.DBStoreBuilder (DBStoreBuilder.java:applyDBDefinition(145)) - ozone.scm.db.dirs is not configured. We recommend adding this setting. Falling back to ozone.metadata.dirs instead.
2021-04-07 10:29:46,165 [Time-limited test] INFO  net.NodeSchemaLoader (NodeSchemaLoader.java:loadSchemaFromFile(129)) - Loading schema from [jar:file:/home/user/.m2/repository/org/apache/hadoop/hadoop-hdds-common/1.1.0-SNAPSHOT/hadoop-hdds-common-1.1.0-SNAPSHOT.jar!/network-topology-default.xml, jar:file:/home/user/.m2/repository/org/apache/hadoop/hadoop-ozone-ozone-manager/1.1.0-SNAPSHOT/hadoop-ozone-ozone-manager-1.1.0-SNAPSHOT-tests.jar!/network-topology-default.xml, jar:file:/home/user/.m2/repository/org/apache/hadoop/hadoop-hdds-server-scm/1.1.0-SNAPSHOT/hadoop-hdds-server-scm-1.1.0-SNAPSHOT-tests.jar!/network-topology-default.xml]
2021-04-07 10:29:46,166 [Time-limited test] INFO  net.NodeSchemaLoader (NodeSchemaLoader.java:loadSchema(176)) - Loading network topology layer schema file
2021-04-07 10:29:46,168 [Time-limited test] INFO  ha.SCMRatisServerImpl (SCMRatisServerImpl.java:<init>(83)) - starting Raft server for scm:beead88b-b48c-456f-a06d-e1162d1174c1
2021-04-07 10:29:46,169 [Time-limited test] INFO  server.RaftServer (ConfUtils.java:logGet(44)) - raft.rpc.type = GRPC (default)
2021-04-07 10:29:46,169 [Time-limited test] INFO  grpc.GrpcFactory (GrpcFactory.java:checkPooledByteBufAllocatorUseCacheForAllThreads(48)) - PERFORMANCE WARNING: useCacheForAllThreads is true that may cause Netty to create a lot garbage objects and, as a result, trigger GC.
	It is recommended to disable useCacheForAllThreads by setting -Dorg.apache.ratis.thirdparty.io.netty.allocator.useCacheForAllThreads=false in command line.
2021-04-07 10:29:46,169 [Time-limited test] INFO  grpc.GrpcConfigKeys (ConfUtils.java:logGet(44)) - raft.grpc.admin.port = -1 (default)
2021-04-07 10:29:46,169 [Time-limited test] INFO  grpc.GrpcConfigKeys (ConfUtils.java:logGet(44)) - raft.grpc.server.port = 12068 (custom)
2021-04-07 10:29:46,169 [Time-limited test] INFO  grpc.GrpcConfigKeys (ConfUtils.java:logGet(44)) - raft.grpc.client.port = -1 (default)
2021-04-07 10:29:46,169 [Time-limited test] INFO  grpc.GrpcConfigKeys (ConfUtils.java:logGet(44)) - raft.grpc.server.port = 12068 (custom)
2021-04-07 10:29:46,169 [Time-limited test] INFO  grpc.GrpcConfigKeys (ConfUtils.java:logGet(44)) - raft.grpc.server.port = 12068 (custom)
2021-04-07 10:29:46,170 [Time-limited test] INFO  server.GrpcService (ConfUtils.java:logGet(44)) - raft.grpc.message.size.max = 32m (=33554432) (custom)
2021-04-07 10:29:46,170 [Time-limited test] INFO  server.RaftServerConfigKeys (ConfUtils.java:logGet(44)) - raft.server.log.appender.buffer.byte-limit = 33554432 (custom)
2021-04-07 10:29:46,170 [Time-limited test] INFO  server.GrpcService (ConfUtils.java:logGet(44)) - raft.grpc.flow.control.window = 1MB (=1048576) (default)
2021-04-07 10:29:46,170 [Time-limited test] INFO  server.RaftServerConfigKeys (ConfUtils.java:logGet(44)) - raft.server.rpc.request.timeout = 3000ms (default)
2021-04-07 10:29:46,171 [Time-limited test] INFO  impl.DataStreamServerImpl (ConfUtils.java:logGet(44)) - raft.datastream.type = DISABLED (default)
2021-04-07 10:29:46,171 [Time-limited test] INFO  server.RaftServerConfigKeys (ConfUtils.java:logGet(44)) - raft.server.rpc.slowness.timeout = 120000ms (custom)
2021-04-07 10:29:46,171 [Time-limited test] INFO  server.RaftServerConfigKeys (ConfUtils.java:logGet(44)) - raft.server.leaderelection.leader.step-down.wait-time = 10s (default)
2021-04-07 10:29:46,171 [Time-limited test] INFO  server.RaftServerConfigKeys (ConfUtils.java:logGet(44)) - raft.server.storage.dir = [/github/workspace/mnt/ozone/hadoop-ozone/integration-test/target/test-dir/MiniOzoneClusterImpl-51c72f67-962b-4c5d-8db7-a8e56aec5900/scmNode-1/scm-ha] (custom)
2021-04-07 10:29:46,172 [Time-limited test] INFO  server.RaftServer (RaftServerProxy.java:lambda$null$1(235)) - beead88b-b48c-456f-a06d-e1162d1174c1: found a subdirectory /github/workspace/mnt/ozone/hadoop-ozone/integration-test/target/test-dir/MiniOzoneClusterImpl-51c72f67-962b-4c5d-8db7-a8e56aec5900/scmNode-1/scm-ha/51c72f67-962b-4c5d-8db7-a8e56aec5900
2021-04-07 10:29:46,172 [Time-limited test] INFO  server.RaftServer (RaftServerProxy.java:addNew(95)) - beead88b-b48c-456f-a06d-e1162d1174c1: addNew group-A8E56AEC5900:[] returns group-A8E56AEC5900:java.util.concurrent.CompletableFuture@2eea2f70[Not completed]
2021-04-07 10:29:46,172 [pool-322-thread-1] INFO  server.RaftServer$Division (RaftServerImpl.java:<init>(180)) - beead88b-b48c-456f-a06d-e1162d1174c1: new RaftServerImpl for group-A8E56AEC5900:[] with SCMStateMachine:uninitialized
2021-04-07 10:29:46,173 [pool-322-thread-1] INFO  server.RaftServerConfigKeys (ConfUtils.java:logGet(44)) - raft.server.rpc.timeout.min = 5000ms (custom)
2021-04-07 10:29:46,173 [pool-322-thread-1] INFO  server.RaftServerConfigKeys (ConfUtils.java:logGet(44)) - raft.server.rpc.timeout.max = 5200ms (custom)
2021-04-07 10:29:46,173 [pool-322-thread-1] INFO  server.RaftServerConfigKeys (ConfUtils.java:logGet(44)) - raft.server.rpc.sleep.time = 25ms (default)
2021-04-07 10:29:46,173 [pool-322-thread-1] INFO  server.RaftServerConfigKeys (ConfUtils.java:logGet(44)) - raft.server.rpc.slowness.timeout = 120000ms (custom)
2021-04-07 10:29:46,173 [pool-322-thread-1] INFO  server.RaftServerConfigKeys (ConfUtils.java:logGet(44)) - raft.server.leaderelection.leader.step-down.wait-time = 10s (default)
2021-04-07 10:29:46,173 [pool-322-thread-1] INFO  server.RaftServerConfigKeys (ConfUtils.java:logGet(44)) - raft.server.sleep.deviation.threshold = 300ms (default)
2021-04-07 10:29:46,173 [pool-322-thread-1] INFO  server.RaftServerConfigKeys (ConfUtils.java:logGet(44)) - raft.server.log.appender.install.snapshot.enabled = false (custom)
2021-04-07 10:29:46,173 [pool-322-thread-1] INFO  server.RaftServer$Division (ServerState.java:<init>(105)) - beead88b-b48c-456f-a06d-e1162d1174c1@group-A8E56AEC5900: ConfigurationManager, init=-1: [], old=null, confs=<EMPTY_MAP>
2021-04-07 10:29:46,173 [pool-322-thread-1] INFO  server.RaftServerConfigKeys (ConfUtils.java:logGet(44)) - raft.server.storage.dir = [/github/workspace/mnt/ozone/hadoop-ozone/integration-test/target/test-dir/MiniOzoneClusterImpl-51c72f67-962b-4c5d-8db7-a8e56aec5900/scmNode-1/scm-ha] (custom)
2021-04-07 10:29:46,173 [pool-322-thread-1] INFO  server.RaftServerConfigKeys (ConfUtils.java:logGet(44)) - raft.server.log.corruption.policy = EXCEPTION (default)
2021-04-07 10:29:46,174 [pool-322-thread-1] INFO  storage.RaftStorageDirectory (RaftStorageDirectoryImpl.java:tryLock(215)) - Lock on /github/workspace/mnt/ozone/hadoop-ozone/integration-test/target/test-dir/MiniOzoneClusterImpl-51c72f67-962b-4c5d-8db7-a8e56aec5900/scmNode-1/scm-ha/51c72f67-962b-4c5d-8db7-a8e56aec5900/in_use.lock acquired by nodename 5412@100a838eac99
2021-04-07 10:29:46,175 [pool-322-thread-1] INFO  storage.RaftStorage (RaftStorageImpl.java:analyzeAndRecoverStorage(108)) - Read RaftStorageMetadata{term=1, votedFor=beead88b-b48c-456f-a06d-e1162d1174c1} from /github/workspace/mnt/ozone/hadoop-ozone/integration-test/target/test-dir/MiniOzoneClusterImpl-51c72f67-962b-4c5d-8db7-a8e56aec5900/scmNode-1/scm-ha/51c72f67-962b-4c5d-8db7-a8e56aec5900/current/raft-meta
2021-04-07 10:29:46,175 [pool-322-thread-1] INFO  server.RaftServer$Division (ServerState.java:setRaftConf(373)) - beead88b-b48c-456f-a06d-e1162d1174c1@group-A8E56AEC5900: set configuration 0: [beead88b-b48c-456f-a06d-e1162d1174c1|rpc:localhost:12068|admin:|client:|dataStream:|priority:0], old=null
2021-04-07 10:29:46,175 [pool-322-thread-1] INFO  server.RaftServerConfigKeys (ConfUtils.java:logGet(44)) - raft.server.notification.no-leader.timeout = 60s (default)
2021-04-07 10:29:46,175 [pool-322-thread-1] INFO  server.RaftServerConfigKeys (ConfUtils.java:logGet(44)) - raft.server.log.use.memory = false (default)
2021-04-07 10:29:46,175 [pool-322-thread-1] INFO  server.RaftServerConfigKeys (ConfUtils.java:logGet(44)) - raft.server.log.purge.gap = 1000000 (custom)
2021-04-07 10:29:46,175 [pool-322-thread-1] INFO  server.RaftServerConfigKeys (ConfUtils.java:logGet(44)) - raft.server.log.appender.buffer.byte-limit = 33554432 (custom)
2021-04-07 10:29:46,175 [pool-322-thread-1] INFO  metrics.RatisMetrics (RatisMetrics.java:lambda$create$0(36)) - Creating Metrics Registry : ratis.log_worker.beead88b-b48c-456f-a06d-e1162d1174c1@group-A8E56AEC5900
2021-04-07 10:29:46,176 [pool-322-thread-1] INFO  server.RaftServerConfigKeys (ConfUtils.java:logGet(44)) - raft.server.log.segment.size.max = 16384 (custom)
2021-04-07 10:29:46,176 [pool-322-thread-1] INFO  server.RaftServerConfigKeys (ConfUtils.java:logGet(44)) - raft.server.log.segment.cache.num.max = 2 (custom)
2021-04-07 10:29:46,176 [pool-322-thread-1] INFO  server.RaftServerConfigKeys (ConfUtils.java:logGet(44)) - raft.server.log.segment.cache.size.max = 200MB (=209715200) (default)
2021-04-07 10:29:46,176 [pool-322-thread-1] INFO  segmented.SegmentedRaftLogWorker (SegmentedRaftLogWorker.java:<init>(182)) - new beead88b-b48c-456f-a06d-e1162d1174c1@group-A8E56AEC5900-SegmentedRaftLogWorker for RaftStorageImpl:Storage Directory /github/workspace/mnt/ozone/hadoop-ozone/integration-test/target/test-dir/MiniOzoneClusterImpl-51c72f67-962b-4c5d-8db7-a8e56aec5900/scmNode-1/scm-ha/51c72f67-962b-4c5d-8db7-a8e56aec5900
2021-04-07 10:29:46,176 [pool-322-thread-1] INFO  server.RaftServerConfigKeys (ConfUtils.java:logGet(44)) - raft.server.log.queue.byte-limit = 64MB (=67108864) (default)
2021-04-07 10:29:46,176 [pool-322-thread-1] INFO  server.RaftServerConfigKeys (ConfUtils.java:logGet(44)) - raft.server.log.queue.element-limit = 4096 (default)
2021-04-07 10:29:46,176 [pool-322-thread-1] INFO  server.RaftServerConfigKeys (ConfUtils.java:logGet(44)) - raft.server.log.segment.size.max = 16384 (custom)
2021-04-07 10:29:46,176 [pool-322-thread-1] INFO  server.RaftServerConfigKeys (ConfUtils.java:logGet(44)) - raft.server.log.preallocated.size = 16384 (custom)
2021-04-07 10:29:46,176 [pool-322-thread-1] INFO  server.RaftServerConfigKeys (ConfUtils.java:logGet(44)) - raft.server.log.force.sync.num = 128 (default)
2021-04-07 10:29:46,177 [pool-322-thread-1] INFO  server.RaftServerConfigKeys (ConfUtils.java:logGet(44)) - raft.server.log.statemachine.data.sync = true (default)
2021-04-07 10:29:46,177 [pool-322-thread-1] INFO  server.RaftServerConfigKeys (ConfUtils.java:logGet(44)) - raft.server.log.statemachine.data.sync.timeout = 10s (default)
2021-04-07 10:29:46,177 [pool-322-thread-1] INFO  server.RaftServerConfigKeys (ConfUtils.java:logGet(44)) - raft.server.log.statemachine.data.sync.timeout.retry = -1 (default)
2021-04-07 10:29:46,177 [pool-322-thread-1] INFO  server.RaftServerConfigKeys (ConfUtils.java:logGet(44)) - raft.server.log.write.buffer.size = 64KB (=65536) (default)
2021-04-07 10:29:46,178 [pool-322-thread-1] INFO  server.RaftServerConfigKeys (ConfUtils.java:logGet(44)) - raft.server.log.statemachine.data.caching.enabled = false (default)
2021-04-07 10:29:46,178 [pool-322-thread-1] INFO  server.RaftServer$Division (ServerState.java:setRaftConf(373)) - beead88b-b48c-456f-a06d-e1162d1174c1@group-A8E56AEC5900: set configuration 0: [beead88b-b48c-456f-a06d-e1162d1174c1|rpc:localhost:12068|admin:|client:|dataStream:|priority:0], old=null
2021-04-07 10:29:46,178 [pool-322-thread-1] INFO  segmented.LogSegment (LogSegment.java:loadSegment(173)) - Successfully read 1 entries from segment file /github/workspace/mnt/ozone/hadoop-ozone/integration-test/target/test-dir/MiniOzoneClusterImpl-51c72f67-962b-4c5d-8db7-a8e56aec5900/scmNode-1/scm-ha/51c72f67-962b-4c5d-8db7-a8e56aec5900/current/log_inprogress_0
2021-04-07 10:29:46,178 [pool-322-thread-1] INFO  segmented.SegmentedRaftLogWorker (SegmentedRaftLogWorker.java:lambda$new$0(133)) - beead88b-b48c-456f-a06d-e1162d1174c1@group-A8E56AEC5900-SegmentedRaftLogWorker: flushIndex: setUnconditionally 0 -> 0
2021-04-07 10:29:46,179 [pool-322-thread-1] INFO  segmented.SegmentedRaftLogWorker (SegmentedRaftLogWorker.java:lambda$new$0(133)) - beead88b-b48c-456f-a06d-e1162d1174c1@group-A8E56AEC5900-SegmentedRaftLogWorker: safeCacheEvictIndex: setUnconditionally 0 -> -1
2021-04-07 10:29:46,179 [pool-322-thread-1] INFO  server.RaftServerConfigKeys (ConfUtils.java:logGet(44)) - raft.server.snapshot.auto.trigger.enabled = true (custom)
2021-04-07 10:29:46,179 [pool-322-thread-1] INFO  server.RaftServerConfigKeys (ConfUtils.java:logGet(44)) - raft.server.snapshot.auto.trigger.threshold = 1000 (custom)
2021-04-07 10:29:46,179 [pool-322-thread-1] INFO  server.RaftServerConfigKeys (ConfUtils.java:logGet(44)) - raft.server.snapshot.retention.file.num = -1 (default)
2021-04-07 10:29:46,179 [pool-322-thread-1] INFO  server.RaftServerConfigKeys (ConfUtils.java:logGet(44)) - raft.server.log.purge.upto.snapshot.index = false (default)
2021-04-07 10:29:46,179 [pool-322-thread-1] INFO  server.RaftServerConfigKeys (ConfUtils.java:logGet(44)) - raft.server.retrycache.expirytime = 60000ms (default)
2021-04-07 10:29:46,179 [pool-322-thread-1] INFO  server.RaftServerConfigKeys (ConfUtils.java:logGet(44)) - raft.server.retrycache.statistics.expirytime = 100?s (default)
2021-04-07 10:29:46,179 [pool-322-thread-1] INFO  metrics.RatisMetrics (RatisMetrics.java:lambda$create$0(36)) - Creating Metrics Registry : ratis.leader_election.beead88b-b48c-456f-a06d-e1162d1174c1@group-A8E56AEC5900
2021-04-07 10:29:46,179 [pool-322-thread-1] INFO  metrics.RatisMetrics (RatisMetrics.java:lambda$create$0(36)) - Creating Metrics Registry : ratis.server.beead88b-b48c-456f-a06d-e1162d1174c1@group-A8E56AEC5900
2021-04-07 10:29:46,180 [Time-limited test] INFO  ha.SCMSnapshotProvider (SCMSnapshotProvider.java:<init>(64)) - Initializing SCM Snapshot Provider
2021-04-07 10:29:46,181 [Time-limited test] WARN  server.ServerUtils (ServerUtils.java:getDefaultRatisDirectory(237)) - Storage directory for Ratis is not configured. It is a good idea to map this to an SSD disk. Falling back to ozone.metadata.dirs
2021-04-07 10:29:46,182 [Time-limited test] WARN  ha.SCMHAUtils (SCMHAUtils.java:getSCMRatisSnapshotDirectory(113)) - SCM snapshot dir is not configured. Falling back to ozone.metadata.dirs config
2021-04-07 10:29:46,183 [Time-limited test] INFO  ha.SequenceIdGenerator (SequenceIdGenerator.java:upgradeToSequenceId(300)) - upgrade localId to 107544261427200000
2021-04-07 10:29:46,183 [Time-limited test] INFO  ha.SequenceIdGenerator (SequenceIdGenerator.java:upgradeToSequenceId(310)) - upgrade delTxnId to 0
2021-04-07 10:29:46,184 [Time-limited test] INFO  ha.SequenceIdGenerator (SequenceIdGenerator.java:upgradeToSequenceId(324)) - upgrade containerId to 0
2021-04-07 10:29:46,184 [Time-limited test] INFO  ha.SequenceIdGenerator (SequenceIdGenerator.java:<init>(196)) - Init the HA SequenceIdGenerator.
2021-04-07 10:29:46,189 [Time-limited test] INFO  node.SCMNodeManager (SCMNodeManager.java:<init>(125)) - Entering startup safe mode.
2021-04-07 10:29:46,189 [Time-limited test] INFO  algorithms.ContainerPlacementPolicyFactory (ContainerPlacementPolicyFactory.java:getPolicy(60)) - Create container placement policy of type org.apache.hadoop.hdds.scm.container.placement.algorithms.SCMContainerPlacementRandom
2021-04-07 10:29:46,193 [Time-limited test] INFO  pipeline.PipelineStateManager (PipelineStateManagerV2Impl.java:initialize(77)) - No pipeline exists in current db
2021-04-07 10:29:46,193 [Time-limited test] INFO  algorithms.LeaderChoosePolicyFactory (LeaderChoosePolicyFactory.java:getPolicy(57)) - Create leader choose policy of type org.apache.hadoop.hdds.scm.pipeline.leader.choose.algorithms.MinLeaderCountChoosePolicy
2021-04-07 10:29:46,194 [Time-limited test] INFO  ha.SCMServiceManager (SCMServiceManager.java:register(43)) - Registering service BackgroundPipelineCreator.
2021-04-07 10:29:46,194 [Time-limited test] INFO  pipeline.BackgroundPipelineCreator (BackgroundPipelineCreatorV2.java:start(124)) - Starting RatisPipelineUtilsThread.
2021-04-07 10:29:46,195 [Time-limited test] INFO  algorithms.PipelineChoosePolicyFactory (PipelineChoosePolicyFactory.java:createPipelineChoosePolicyFromClass(73)) - Create pipeline choose policy of type org.apache.hadoop.hdds.scm.pipeline.choose.algorithms.RandomPipelineChoosePolicy
2021-04-07 10:29:46,197 [Time-limited test] INFO  ha.SCMServiceManager (SCMServiceManager.java:register(43)) - Registering service SCMBlockDeletingService.
2021-04-07 10:29:46,198 [Time-limited test] INFO  ha.SCMServiceManager (SCMServiceManager.java:register(43)) - Registering service ReplicationManager.
2021-04-07 10:29:46,198 [Time-limited test] INFO  container.ReplicationManager (ReplicationManager.java:start(226)) - Starting Replication Monitor Thread.
2021-04-07 10:29:46,199 [ReplicationMonitor] INFO  container.ReplicationManager (ReplicationManager.java:run(290)) - Replication Monitor Thread took 0 milliseconds for processing 0 containers.
2021-04-07 10:29:46,199 [Time-limited test] INFO  safemode.HealthyPipelineSafeModeRule (HealthyPipelineSafeModeRule.java:<init>(89)) - Total pipeline count is 0, healthy pipeline threshold count is 0
2021-04-07 10:29:46,204 [Time-limited test] INFO  safemode.OneReplicaPipelineSafeModeRule (OneReplicaPipelineSafeModeRule.java:<init>(85)) - Total pipeline count is 0, pipeline's with at least one datanode reported threshold count is 0
2021-04-07 10:29:46,204 [Time-limited test] INFO  ipc.CallQueueManager (CallQueueManager.java:<init>(85)) - Using callQueue: class java.util.concurrent.LinkedBlockingQueue, queueCapacity: 10000, scheduler: class org.apache.hadoop.ipc.DefaultRpcScheduler, ipcBackoff: false.
2021-04-07 10:29:46,205 [Socket Reader #1 for port 12069] INFO  ipc.Server (Server.java:run(1255)) - Starting Socket Reader #1 for port 12069
2021-04-07 10:29:46,206 [Listener at 0.0.0.0/12069] INFO  ipc.CallQueueManager (CallQueueManager.java:<init>(85)) - Using callQueue: class java.util.concurrent.LinkedBlockingQueue, queueCapacity: 10000, scheduler: class org.apache.hadoop.ipc.DefaultRpcScheduler, ipcBackoff: false.
2021-04-07 10:29:46,207 [Socket Reader #1 for port 12070] INFO  ipc.Server (Server.java:run(1255)) - Starting Socket Reader #1 for port 12070
2021-04-07 10:29:46,207 [Listener at 0.0.0.0/12070] INFO  ipc.CallQueueManager (CallQueueManager.java:<init>(85)) - Using callQueue: class java.util.concurrent.LinkedBlockingQueue, queueCapacity: 10000, scheduler: class org.apache.hadoop.ipc.DefaultRpcScheduler, ipcBackoff: false.
2021-04-07 10:29:46,208 [Socket Reader #1 for port 12071] INFO  ipc.Server (Server.java:run(1255)) - Starting Socket Reader #1 for port 12071
2021-04-07 10:29:46,208 [Listener at 0.0.0.0/12071] INFO  server.StorageContainerManager (StorageContainerManager.java:<init>(407)) - Container Balancer status:
Key                            Value
Running                        false
Container Balancer Configuration values:
Key                            Value
Threshold                      0.100000
Max Datanodes to Balance       5
Max Size to Move               10737418240B

2021-04-07 10:29:46,209 [Listener at 0.0.0.0/12071] WARN  events.EventQueue (EventQueue.java:fireEvent(185)) - No event handler registered for event TypedEvent{payloadType=SafeModeStatus, name='Safe mode status'}
2021-04-07 10:29:46,209 [Listener at 0.0.0.0/12071] INFO  ha.SCMContext (SCMContext.java:updateSafeModeStatus(147)) - Update SafeModeStatus from SafeModeStatus{safeModeStatus=true, preCheckPassed=false} to SafeModeStatus{safeModeStatus=true, preCheckPassed=false}.
2021-04-07 10:29:46,209 [Listener at 0.0.0.0/12071] INFO  server.StorageContainerManager (StorageContainerManager.java:start(1122)) - StorageContainerLocationProtocol RPC server is listening at /0.0.0.0:12071
2021-04-07 10:29:46,209 [Listener at 0.0.0.0/12071] INFO  ha.SCMRatisServerImpl (SCMRatisServerImpl.java:start(185)) - starting ratis server 0.0.0.0:12068
2021-04-07 10:29:46,209 [Listener at 0.0.0.0/12071] INFO  server.RaftServer$Division (RaftServerImpl.java:start(295)) - beead88b-b48c-456f-a06d-e1162d1174c1@group-A8E56AEC5900: start as a follower, conf=0: [beead88b-b48c-456f-a06d-e1162d1174c1|rpc:localhost:12068|admin:|client:|dataStream:|priority:0], old=null
2021-04-07 10:29:46,209 [Listener at 0.0.0.0/12071] INFO  server.RaftServer$Division (RaftServerImpl.java:setRole(284)) - beead88b-b48c-456f-a06d-e1162d1174c1@group-A8E56AEC5900: changes role from      null to FOLLOWER at term 1 for startAsFollower
2021-04-07 10:29:46,209 [Listener at 0.0.0.0/12071] INFO  impl.RoleInfo (RoleInfo.java:updateAndGet(130)) - beead88b-b48c-456f-a06d-e1162d1174c1: start beead88b-b48c-456f-a06d-e1162d1174c1@group-A8E56AEC5900-FollowerState
2021-04-07 10:29:46,210 [Listener at 0.0.0.0/12071] INFO  util.JmxRegister (JmxRegister.java:tryRegister(44)) - Successfully registered JMX Bean with object name Ratis:service=RaftServer,group=group-A8E56AEC5900,id=beead88b-b48c-456f-a06d-e1162d1174c1
2021-04-07 10:29:46,210 [Listener at 0.0.0.0/12071] INFO  metrics.RatisMetrics (RatisMetrics.java:lambda$create$0(36)) - Creating Metrics Registry : ratis.state_machine.beead88b-b48c-456f-a06d-e1162d1174c1@group-A8E56AEC5900
2021-04-07 10:29:46,210 [Listener at 0.0.0.0/12071] INFO  server.RaftServer (RaftServerProxy.java:lambda$start$5(374)) - beead88b-b48c-456f-a06d-e1162d1174c1: start RPC server
2021-04-07 10:29:46,215 [Listener at 0.0.0.0/12071] INFO  server.GrpcService (GrpcService.java:startImpl(253)) - beead88b-b48c-456f-a06d-e1162d1174c1: GrpcService started, listening on 12068
2021-04-07 10:29:46,217 [Listener at 0.0.0.0/12071] INFO  ha.SCMHAManagerImpl (SCMHAManagerImpl.java:start(114)) -  scm role is FOLLOWER peers [beead88b-b48c-456f-a06d-e1162d1174c1|rpc:localhost:12068|admin:|client:|dataStream:|priority:0]
2021-04-07 10:29:46,221 [Listener at 0.0.0.0/12071] WARN  impl.MetricsConfig (MetricsConfig.java:loadFirst(136)) - Cannot locate configuration: tried hadoop-metrics2-storagecontainermanager.properties,hadoop-metrics2.properties
2021-04-07 10:29:46,225 [Listener at 0.0.0.0/12071] INFO  impl.MetricsSystemImpl (MetricsSystemImpl.java:startTimer(378)) - Scheduled Metric snapshot period at 10 second(s).
2021-04-07 10:29:46,225 [Listener at 0.0.0.0/12071] INFO  impl.MetricsSystemImpl (MetricsSystemImpl.java:start(191)) - StorageContainerManager metrics system started
2021-04-07 10:29:46,228 [org.apache.ratis.util.JvmPauseMonitor$$Lambda$414/2143754043@49191486] INFO  util.JvmPauseMonitor (JvmPauseMonitor.java:run(103)) - JvmPauseMonitor-beead88b-b48c-456f-a06d-e1162d1174c1: Started
2021-04-07 10:29:46,234 [Listener at 0.0.0.0/12071] INFO  impl.MetricsSinkAdapter (MetricsSinkAdapter.java:start(204)) - Sink prometheus started
2021-04-07 10:29:46,234 [Listener at 0.0.0.0/12071] INFO  impl.MetricsSystemImpl (MetricsSystemImpl.java:registerSink(305)) - Registered sink prometheus
2021-04-07 10:29:46,246 [Listener at 0.0.0.0/12071] INFO  server.SCMClientProtocolServer (SCMClientProtocolServer.java:start(155)) - RPC server for Client  is listening at /0.0.0.0:12071
2021-04-07 10:29:46,246 [IPC Server Responder] INFO  ipc.Server (Server.java:run(1497)) - IPC Server Responder: starting
2021-04-07 10:29:46,262 [Listener at 0.0.0.0/12071] INFO  server.StorageContainerManager (StorageContainerManager.java:start(1136)) - ScmBlockLocationProtocol RPC server is listening at /0.0.0.0:12070
2021-04-07 10:29:46,262 [Listener at 0.0.0.0/12071] INFO  server.SCMBlockProtocolServer (SCMBlockProtocolServer.java:start(149)) - RPC server for Block Protocol is listening at /0.0.0.0:12070
2021-04-07 10:29:46,263 [IPC Server Responder] INFO  ipc.Server (Server.java:run(1497)) - IPC Server Responder: starting
2021-04-07 10:29:46,264 [IPC Server listener on 12070] INFO  ipc.Server (Server.java:run(1334)) - IPC Server listener on 12070: starting
2021-04-07 10:29:46,273 [Listener at 0.0.0.0/12071] INFO  server.StorageContainerManager (StorageContainerManager.java:start(1142)) - ScmDatanodeProtocl RPC server is listening at /0.0.0.0:12069
2021-04-07 10:29:46,273 [Listener at 0.0.0.0/12071] INFO  server.SCMDatanodeProtocolServer (SCMDatanodeProtocolServer.java:start(174)) - RPC server for DataNodes is listening at /0.0.0.0:12069
2021-04-07 10:29:46,274 [IPC Server Responder] INFO  ipc.Server (Server.java:run(1497)) - IPC Server Responder: starting
2021-04-07 10:29:46,274 [IPC Server listener on 12069] INFO  ipc.Server (Server.java:run(1334)) - IPC Server listener on 12069: starting
2021-04-07 10:29:46,282 [IPC Server listener on 12071] INFO  ipc.Server (Server.java:run(1334)) - IPC Server listener on 12071: starting
2021-04-07 10:29:46,285 [Listener at 0.0.0.0/12071] INFO  http.BaseHttpServer (BaseHttpServer.java:newHttpServer2BuilderForOzone(207)) - Starting Web-server for scm at: http://0.0.0.0:12066
2021-04-07 10:29:46,285 [Listener at 0.0.0.0/12071] INFO  http.BaseHttpServer (BaseHttpServer.java:<init>(106)) - Hadoop Security Enabled: false Ozone Security Enabled: false Ozone HTTP Security Enabled: false 
2021-04-07 10:29:46,285 [org.apache.hadoop.util.JvmPauseMonitor$Monitor@7fea6e] INFO  util.JvmPauseMonitor (JvmPauseMonitor.java:run(188)) - Starting JVM pause monitor
2021-04-07 10:29:46,286 [Listener at 0.0.0.0/12071] INFO  server.AuthenticationFilter (AuthenticationFilter.java:constructSecretProvider(240)) - Unable to initialize FileSignerSecretProvider, falling back to use random secrets.
2021-04-07 10:29:46,293 [Listener at 0.0.0.0/12071] WARN  http.HttpRequestLog (HttpRequestLog.java:getRequestLog(103)) - Jetty request log can only be enabled using Log4j
2021-04-07 10:29:46,294 [Listener at 0.0.0.0/12071] INFO  http.HttpServer2 (HttpServer2.java:addGlobalFilter(1020)) - Added global filter 'safety' (class=org.apache.hadoop.hdds.server.http.HttpServer2$QuotingInputFilter)
2021-04-07 10:29:46,294 [Listener at 0.0.0.0/12071] INFO  http.HttpServer2 (HttpServer2.java:addFilter(996)) - Added filter static_user_filter (class=org.apache.hadoop.http.lib.StaticUserWebFilter$StaticUserFilter) to context scm
2021-04-07 10:29:46,294 [Listener at 0.0.0.0/12071] INFO  http.HttpServer2 (HttpServer2.java:addFilter(1004)) - Added filter static_user_filter (class=org.apache.hadoop.http.lib.StaticUserWebFilter$StaticUserFilter) to context static
2021-04-07 10:29:46,294 [Listener at 0.0.0.0/12071] INFO  http.HttpServer2 (HttpServer2.java:addFilter(1004)) - Added filter static_user_filter (class=org.apache.hadoop.http.lib.StaticUserWebFilter$StaticUserFilter) to context logs
2021-04-07 10:29:46,295 [Listener at 0.0.0.0/12071] INFO  http.HttpServer2 (HttpServer2.java:bindListener(1238)) - Jetty bound to port 12066
2021-04-07 10:29:46,295 [Listener at 0.0.0.0/12071] INFO  server.Server (Server.java:doStart(375)) - jetty-9.4.35.v20201120; built: 2020-11-20T21:17:03.964Z; git: bdc54f03a5e0a7e280fab27f55c3c75ee8da89fb; jvm 1.8.0_232-b09
2021-04-07 10:29:46,303 [Listener at 0.0.0.0/12071] INFO  server.session (DefaultSessionIdManager.java:doStart(334)) - DefaultSessionIdManager workerName=node0
2021-04-07 10:29:46,303 [Listener at 0.0.0.0/12071] INFO  server.session (DefaultSessionIdManager.java:doStart(339)) - No SessionScavenger set, using defaults
2021-04-07 10:29:46,303 [Listener at 0.0.0.0/12071] INFO  server.session (HouseKeeper.java:startScavenging(132)) - node0 Scavenging every 600000ms
2021-04-07 10:29:46,305 [Listener at 0.0.0.0/12071] INFO  handler.ContextHandler (ContextHandler.java:doStart(916)) - Started o.e.j.s.ServletContextHandler@57eaff7f{logs,/logs,file:///github/workspace/mnt/ozone/hadoop-ozone/integration-test/target/log,AVAILABLE}
2021-04-07 10:29:46,305 [Listener at 0.0.0.0/12071] INFO  handler.ContextHandler (ContextHandler.java:doStart(916)) - Started o.e.j.s.ServletContextHandler@7acd125e{static,/static,file:///github/workspace/mnt/ozone/hadoop-ozone/integration-test/target/test-classes/webapps/static,AVAILABLE}
2021-04-07 10:29:46,309 [Listener at 0.0.0.0/12071] INFO  handler.ContextHandler (ContextHandler.java:doStart(916)) - Started o.e.j.w.WebAppContext@397204b4{scm,/,file:///github/workspace/mnt/ozone/hadoop-ozone/integration-test/target/test-classes/webapps/scm/,AVAILABLE}{file:/github/workspace/mnt/ozone/hadoop-ozone/integration-test/target/test-classes/webapps/scm}
2021-04-07 10:29:46,310 [Listener at 0.0.0.0/12071] INFO  server.AbstractConnector (AbstractConnector.java:doStart(331)) - Started ServerConnector@1ae7e26f{HTTP/1.1, (http/1.1)}{0.0.0.0:12066}
2021-04-07 10:29:46,310 [Listener at 0.0.0.0/12071] INFO  server.Server (Server.java:doStart(415)) - Started @108738ms
2021-04-07 10:29:46,310 [Listener at 0.0.0.0/12071] WARN  impl.MetricsSystemImpl (MetricsSystemImpl.java:register(279)) - Sink prometheus already exists!
2021-04-07 10:29:46,314 [Listener at 0.0.0.0/12071] INFO  http.BaseHttpServer (BaseHttpServer.java:updateConnectorAddress(327)) - HTTP server of scm listening at http://0.0.0.0:12066
2021-04-07 10:29:46,314 [Listener at 0.0.0.0/12071] INFO  ozone.MiniOzoneHAClusterImpl (MiniOzoneHAClusterImpl.java:createSCMService(536)) - Started SCM RPC server at org.apache.hadoop.hdds.scm.server.SCMClientProtocolServer@5993d757
2021-04-07 10:29:46,314 [Listener at 0.0.0.0/12071] INFO  ha.SCMHANodeDetails (SCMHANodeDetails.java:loadSCMHAConfig(150)) - ServiceID for StorageContainerManager is scm-service-test1
2021-04-07 10:29:46,314 [Listener at 0.0.0.0/12071] INFO  ha.SCMHANodeDetails (SCMHANodeDetails.java:loadSCMHAConfig(161)) - ServiceID for StorageContainerManager is scm-service-test1
2021-04-07 10:29:46,315 [Listener at 0.0.0.0/12071] INFO  ha.SCMHANodeDetails (SCMHANodeDetails.java:loadSCMHAConfig(240)) - Found matching SCM address with SCMServiceId: scm-service-test1, SCMNodeId: scmNode-2, RPC Address: localhost:12078 and Ratis port: 12078
2021-04-07 10:29:46,315 [Listener at 0.0.0.0/12071] INFO  ha.SCMHANodeDetails (ConfUtils.java:setNodeSpecificConfigs(105)) - Setting configuration key ozone.scm.datanode.address with value of key ozone.scm.datanode.address.scm-service-test1.scmNode-2: 127.0.0.1:12079
2021-04-07 10:29:46,315 [Listener at 0.0.0.0/12071] INFO  ha.SCMHANodeDetails (ConfUtils.java:setNodeSpecificConfigs(105)) - Setting configuration key ozone.scm.block.client.address with value of key ozone.scm.block.client.address.scm-service-test1.scmNode-2: 127.0.0.1:12080
2021-04-07 10:29:46,315 [Listener at 0.0.0.0/12071] INFO  ha.SCMHANodeDetails (ConfUtils.java:setNodeSpecificConfigs(105)) - Setting configuration key ozone.scm.client.address with value of key ozone.scm.client.address.scm-service-test1.scmNode-2: 127.0.0.1:12081
2021-04-07 10:29:46,315 [Listener at 0.0.0.0/12071] INFO  ha.SCMHANodeDetails (ConfUtils.java:setNodeSpecificConfigs(105)) - Setting configuration key ozone.scm.ratis.port with value of key ozone.scm.ratis.port.scm-service-test1.scmNode-2: 12078
2021-04-07 10:29:46,315 [Listener at 0.0.0.0/12071] INFO  ha.SCMHANodeDetails (ConfUtils.java:setNodeSpecificConfigs(105)) - Setting configuration key ozone.scm.grpc.port with value of key ozone.scm.grpc.port.scm-service-test1.scmNode-2: 12082
2021-04-07 10:29:46,315 [Listener at 0.0.0.0/12071] INFO  ha.SCMHANodeDetails (ConfUtils.java:setNodeSpecificConfigs(105)) - Setting configuration key ozone.scm.http-address with value of key ozone.scm.http-address.scm-service-test1.scmNode-2: 127.0.0.1:12076
2021-04-07 10:29:46,315 [Listener at 0.0.0.0/12071] INFO  ha.SCMHANodeDetails (ConfUtils.java:setNodeSpecificConfigs(105)) - Setting configuration key ozone.scm.https-address with value of key ozone.scm.https-address.scm-service-test1.scmNode-2: 127.0.0.1:12077
2021-04-07 10:29:46,315 [Listener at 0.0.0.0/12071] INFO  ha.SCMHANodeDetails (ConfUtils.java:setNodeSpecificConfigs(105)) - Setting configuration key ozone.scm.address with value of key ozone.scm.address.scm-service-test1.scmNode-2: 127.0.0.1
2021-04-07 10:29:46,315 [Listener at 0.0.0.0/12071] WARN  server.ServerUtils (ServerUtils.java:getScmDbDir(148)) - ozone.scm.db.dirs is not configured. We recommend adding this setting. Falling back to ozone.metadata.dirs instead.
2021-04-07 10:29:46,317 [Listener at 0.0.0.0/12071] INFO  ha.SCMNodeInfo (SCMNodeInfo.java:getPort(196)) - ConfigKey ozone.scm.client.address is deprecated, For configuring different ports for each SCM use PortConfigKey ozone.scm.client.port appended with serviceId and nodeId
2021-04-07 10:29:46,317 [Listener at 0.0.0.0/12071] INFO  ha.SCMNodeInfo (SCMNodeInfo.java:getPort(196)) - ConfigKey ozone.scm.block.client.address is deprecated, For configuring different ports for each SCM use PortConfigKey ozone.scm.block.client.port appended with serviceId and nodeId
2021-04-07 10:29:46,317 [Listener at 0.0.0.0/12071] INFO  ha.SCMNodeInfo (SCMNodeInfo.java:getPort(196)) - ConfigKey ozone.scm.datanode.address is deprecated, For configuring different ports for each SCM use PortConfigKey ozone.scm.datanode.port appended with serviceId and nodeId
2021-04-07 10:29:46,317 [Listener at 0.0.0.0/12071] INFO  ha.SCMNodeInfo (SCMNodeInfo.java:getPort(196)) - ConfigKey ozone.scm.client.address is deprecated, For configuring different ports for each SCM use PortConfigKey ozone.scm.client.port appended with serviceId and nodeId
2021-04-07 10:29:46,317 [Listener at 0.0.0.0/12071] INFO  ha.SCMNodeInfo (SCMNodeInfo.java:getPort(196)) - ConfigKey ozone.scm.block.client.address is deprecated, For configuring different ports for each SCM use PortConfigKey ozone.scm.block.client.port appended with serviceId and nodeId
2021-04-07 10:29:46,317 [Listener at 0.0.0.0/12071] INFO  ha.SCMNodeInfo (SCMNodeInfo.java:getPort(196)) - ConfigKey ozone.scm.datanode.address is deprecated, For configuring different ports for each SCM use PortConfigKey ozone.scm.datanode.port appended with serviceId and nodeId
2021-04-07 10:29:46,317 [Listener at 0.0.0.0/12071] INFO  ha.SCMNodeInfo (SCMNodeInfo.java:getPort(196)) - ConfigKey ozone.scm.client.address is deprecated, For configuring different ports for each SCM use PortConfigKey ozone.scm.client.port appended with serviceId and nodeId
2021-04-07 10:29:46,317 [Listener at 0.0.0.0/12071] INFO  ha.SCMNodeInfo (SCMNodeInfo.java:getPort(196)) - ConfigKey ozone.scm.block.client.address is deprecated, For configuring different ports for each SCM use PortConfigKey ozone.scm.block.client.port appended with serviceId and nodeId
2021-04-07 10:29:46,317 [Listener at 0.0.0.0/12071] INFO  ha.SCMNodeInfo (SCMNodeInfo.java:getPort(196)) - ConfigKey ozone.scm.datanode.address is deprecated, For configuring different ports for each SCM use PortConfigKey ozone.scm.datanode.port appended with serviceId and nodeId
2021-04-07 10:29:46,327 [IPC Server handler 0 on default port 12070] INFO  ipc.Server (Server.java:logException(3018)) - IPC Server handler 0 on default port 12070, call Call#446 Retry#0 org.apache.hadoop.hdds.scm.protocol.ScmBlockLocationProtocol.send from 127.0.0.1:50314
org.apache.ratis.protocol.exceptions.NotLeaderException: Server beead88b-b48c-456f-a06d-e1162d1174c1@group-A8E56AEC5900 is not the leader
	at org.apache.hadoop.hdds.scm.ha.SCMRatisServerImpl.triggerNotLeaderException(SCMRatisServerImpl.java:269)
	at org.apache.hadoop.hdds.scm.protocol.ScmBlockLocationProtocolServerSideTranslatorPB.send(ScmBlockLocationProtocolServerSideTranslatorPB.java:108)
	at org.apache.hadoop.hdds.protocol.proto.ScmBlockLocationProtocolProtos$ScmBlockLocationProtocolService$2.callBlockingMethod(ScmBlockLocationProtocolProtos.java:13874)
	at org.apache.hadoop.ipc.ProtobufRpcEngine$Server$ProtoBufRpcInvoker.call(ProtobufRpcEngine.java:528)
	at org.apache.hadoop.ipc.RPC$Server.call(RPC.java:1086)
	at org.apache.hadoop.ipc.Server$RpcCall.run(Server.java:1029)
	at org.apache.hadoop.ipc.Server$RpcCall.run(Server.java:957)
	at java.security.AccessController.doPrivileged(Native Method)
	at javax.security.auth.Subject.doAs(Subject.java:422)
	at org.apache.hadoop.security.UserGroupInformation.doAs(UserGroupInformation.java:1762)
	at org.apache.hadoop.ipc.Server$Handler.run(Server.java:2957)
2021-04-07 10:29:46,524 [EndpointStateMachine task thread for /127.0.0.1:15007 - 0 ] INFO  ipc.Client (Client.java:handleConnectionFailure(966)) - Retrying connect to server: localhost/127.0.0.1:15007. Already tried 2 time(s); retry policy is RetryUpToMaximumCountWithFixedSleep(maxRetries=15, sleepTime=1000 MILLISECONDS)
2021-04-07 10:29:46,586 [EndpointStateMachine task thread for /127.0.0.1:13615 - 0 ] INFO  ipc.Client (Client.java:handleConnectionFailure(966)) - Retrying connect to server: localhost/127.0.0.1:13615. Already tried 12 time(s); retry policy is RetryUpToMaximumCountWithFixedSleep(maxRetries=15, sleepTime=1000 MILLISECONDS)
2021-04-07 10:29:46,586 [EndpointStateMachine task thread for /127.0.0.1:13605 - 0 ] INFO  ipc.Client (Client.java:handleConnectionFailure(966)) - Retrying connect to server: localhost/127.0.0.1:13605. Already tried 14 time(s); retry policy is RetryUpToMaximumCountWithFixedSleep(maxRetries=15, sleepTime=1000 MILLISECONDS)
2021-04-07 10:29:46,586 [EndpointStateMachine task thread for /127.0.0.1:13625 - 0 ] INFO  ipc.Client (Client.java:handleConnectionFailure(966)) - Retrying connect to server: localhost/127.0.0.1:13625. Already tried 13 time(s); retry policy is RetryUpToMaximumCountWithFixedSleep(maxRetries=15, sleepTime=1000 MILLISECONDS)
2021-04-07 10:29:46,842 [EndpointStateMachine task thread for /127.0.0.1:14997 - 0 ] INFO  ipc.Client (Client.java:handleConnectionFailure(966)) - Retrying connect to server: localhost/127.0.0.1:14997. Already tried 2 time(s); retry policy is RetryUpToMaximumCountWithFixedSleep(maxRetries=15, sleepTime=1000 MILLISECONDS)
2021-04-07 10:29:47,077 [EndpointStateMachine task thread for /127.0.0.1:15017 - 0 ] INFO  ipc.Client (Client.java:handleConnectionFailure(966)) - Retrying connect to server: localhost/127.0.0.1:15017. Already tried 0 time(s); retry policy is RetryUpToMaximumCountWithFixedSleep(maxRetries=15, sleepTime=1000 MILLISECONDS)
2021-04-07 10:29:47,525 [EndpointStateMachine task thread for /127.0.0.1:15007 - 0 ] INFO  ipc.Client (Client.java:handleConnectionFailure(966)) - Retrying connect to server: localhost/127.0.0.1:15007. Already tried 3 time(s); retry policy is RetryUpToMaximumCountWithFixedSleep(maxRetries=15, sleepTime=1000 MILLISECONDS)
2021-04-07 10:29:47,587 [EndpointStateMachine task thread for /127.0.0.1:13615 - 0 ] INFO  ipc.Client (Client.java:handleConnectionFailure(966)) - Retrying connect to server: localhost/127.0.0.1:13615. Already tried 13 time(s); retry policy is RetryUpToMaximumCountWithFixedSleep(maxRetries=15, sleepTime=1000 MILLISECONDS)
2021-04-07 10:29:47,587 [EndpointStateMachine task thread for /127.0.0.1:13625 - 0 ] INFO  ipc.Client (Client.java:handleConnectionFailure(966)) - Retrying connect to server: localhost/127.0.0.1:13625. Already tried 14 time(s); retry policy is RetryUpToMaximumCountWithFixedSleep(maxRetries=15, sleepTime=1000 MILLISECONDS)
2021-04-07 10:29:47,588 [EndpointStateMachine task thread for /127.0.0.1:13605 - 0 ] INFO  ipc.Client (Client.java:handleConnectionFailure(966)) - Retrying connect to server: localhost/127.0.0.1:13605. Already tried 0 time(s); retry policy is RetryUpToMaximumCountWithFixedSleep(maxRetries=15, sleepTime=1000 MILLISECONDS)
2021-04-07 10:29:47,843 [EndpointStateMachine task thread for /127.0.0.1:14997 - 0 ] INFO  ipc.Client (Client.java:handleConnectionFailure(966)) - Retrying connect to server: localhost/127.0.0.1:14997. Already tried 3 time(s); retry policy is RetryUpToMaximumCountWithFixedSleep(maxRetries=15, sleepTime=1000 MILLISECONDS)
2021-04-07 10:29:48,078 [EndpointStateMachine task thread for /127.0.0.1:15017 - 0 ] INFO  ipc.Client (Client.java:handleConnectionFailure(966)) - Retrying connect to server: localhost/127.0.0.1:15017. Already tried 1 time(s); retry policy is RetryUpToMaximumCountWithFixedSleep(maxRetries=15, sleepTime=1000 MILLISECONDS)
2021-04-07 10:29:48,334 [Listener at 0.0.0.0/12071] INFO  retry.RetryInvocationHandler (RetryInvocationHandler.java:log(411)) - com.google.protobuf.ServiceException: java.net.ConnectException: Call From 100a838eac99/172.17.0.2 to localhost:12080 failed on connection exception: java.net.ConnectException: Connection refused; For more details see:  http://wiki.apache.org/hadoop/ConnectionRefused, while invoking $Proxy37.send over nodeId=scmNode-2,nodeAddress=/127.0.0.1:12080 after 1 failover attempts. Trying to failover after sleeping for 2000ms.
2021-04-07 10:29:48,526 [EndpointStateMachine task thread for /127.0.0.1:15007 - 0 ] INFO  ipc.Client (Client.java:handleConnectionFailure(966)) - Retrying connect to server: localhost/127.0.0.1:15007. Already tried 4 time(s); retry policy is RetryUpToMaximumCountWithFixedSleep(maxRetries=15, sleepTime=1000 MILLISECONDS)
2021-04-07 10:29:48,587 [EndpointStateMachine task thread for /127.0.0.1:13615 - 0 ] INFO  ipc.Client (Client.java:handleConnectionFailure(966)) - Retrying connect to server: localhost/127.0.0.1:13615. Already tried 14 time(s); retry policy is RetryUpToMaximumCountWithFixedSleep(maxRetries=15, sleepTime=1000 MILLISECONDS)
2021-04-07 10:29:48,588 [EndpointStateMachine task thread for /127.0.0.1:13605 - 0 ] INFO  ipc.Client (Client.java:handleConnectionFailure(966)) - Retrying connect to server: localhost/127.0.0.1:13605. Already tried 1 time(s); retry policy is RetryUpToMaximumCountWithFixedSleep(maxRetries=15, sleepTime=1000 MILLISECONDS)
2021-04-07 10:29:48,588 [EndpointStateMachine task thread for /127.0.0.1:13625 - 0 ] INFO  ipc.Client (Client.java:handleConnectionFailure(966)) - Retrying connect to server: localhost/127.0.0.1:13625. Already tried 0 time(s); retry policy is RetryUpToMaximumCountWithFixedSleep(maxRetries=15, sleepTime=1000 MILLISECONDS)
2021-04-07 10:29:48,844 [EndpointStateMachine task thread for /127.0.0.1:14997 - 0 ] INFO  ipc.Client (Client.java:handleConnectionFailure(966)) - Retrying connect to server: localhost/127.0.0.1:14997. Already tried 4 time(s); retry policy is RetryUpToMaximumCountWithFixedSleep(maxRetries=15, sleepTime=1000 MILLISECONDS)
2021-04-07 10:29:49,078 [EndpointStateMachine task thread for /127.0.0.1:15017 - 0 ] INFO  ipc.Client (Client.java:handleConnectionFailure(966)) - Retrying connect to server: localhost/127.0.0.1:15017. Already tried 2 time(s); retry policy is RetryUpToMaximumCountWithFixedSleep(maxRetries=15, sleepTime=1000 MILLISECONDS)
2021-04-07 10:29:49,527 [EndpointStateMachine task thread for /127.0.0.1:15007 - 0 ] INFO  ipc.Client (Client.java:handleConnectionFailure(966)) - Retrying connect to server: localhost/127.0.0.1:15007. Already tried 5 time(s); retry policy is RetryUpToMaximumCountWithFixedSleep(maxRetries=15, sleepTime=1000 MILLISECONDS)
2021-04-07 10:29:49,589 [EndpointStateMachine task thread for /127.0.0.1:13605 - 0 ] INFO  ipc.Client (Client.java:handleConnectionFailure(966)) - Retrying connect to server: localhost/127.0.0.1:13605. Already tried 2 time(s); retry policy is RetryUpToMaximumCountWithFixedSleep(maxRetries=15, sleepTime=1000 MILLISECONDS)
2021-04-07 10:29:49,589 [EndpointStateMachine task thread for /127.0.0.1:13625 - 0 ] INFO  ipc.Client (Client.java:handleConnectionFailure(966)) - Retrying connect to server: localhost/127.0.0.1:13625. Already tried 1 time(s); retry policy is RetryUpToMaximumCountWithFixedSleep(maxRetries=15, sleepTime=1000 MILLISECONDS)
2021-04-07 10:29:49,845 [EndpointStateMachine task thread for /127.0.0.1:14997 - 0 ] INFO  ipc.Client (Client.java:handleConnectionFailure(966)) - Retrying connect to server: localhost/127.0.0.1:14997. Already tried 5 time(s); retry policy is RetryUpToMaximumCountWithFixedSleep(maxRetries=15, sleepTime=1000 MILLISECONDS)
2021-04-07 10:29:50,079 [EndpointStateMachine task thread for /127.0.0.1:15017 - 0 ] INFO  ipc.Client (Client.java:handleConnectionFailure(966)) - Retrying connect to server: localhost/127.0.0.1:15017. Already tried 3 time(s); retry policy is RetryUpToMaximumCountWithFixedSleep(maxRetries=15, sleepTime=1000 MILLISECONDS)
2021-04-07 10:29:50,335 [Listener at 0.0.0.0/12071] INFO  retry.RetryInvocationHandler (RetryInvocationHandler.java:log(411)) - com.google.protobuf.ServiceException: java.net.ConnectException: Call From 100a838eac99/172.17.0.2 to localhost:12090 failed on connection exception: java.net.ConnectException: Connection refused; For more details see:  http://wiki.apache.org/hadoop/ConnectionRefused, while invoking $Proxy37.send over nodeId=scmNode-3,nodeAddress=/127.0.0.1:12090 after 2 failover attempts. Trying to failover after sleeping for 2000ms.
2021-04-07 10:29:50,527 [EndpointStateMachine task thread for /127.0.0.1:15007 - 0 ] INFO  ipc.Client (Client.java:handleConnectionFailure(966)) - Retrying connect to server: localhost/127.0.0.1:15007. Already tried 6 time(s); retry policy is RetryUpToMaximumCountWithFixedSleep(maxRetries=15, sleepTime=1000 MILLISECONDS)
2021-04-07 10:29:50,590 [EndpointStateMachine task thread for /127.0.0.1:13605 - 0 ] INFO  ipc.Client (Client.java:handleConnectionFailure(966)) - Retrying connect to server: localhost/127.0.0.1:13605. Already tried 3 time(s); retry policy is RetryUpToMaximumCountWithFixedSleep(maxRetries=15, sleepTime=1000 MILLISECONDS)
2021-04-07 10:29:50,590 [EndpointStateMachine task thread for /127.0.0.1:13625 - 0 ] INFO  ipc.Client (Client.java:handleConnectionFailure(966)) - Retrying connect to server: localhost/127.0.0.1:13625. Already tried 2 time(s); retry policy is RetryUpToMaximumCountWithFixedSleep(maxRetries=15, sleepTime=1000 MILLISECONDS)
2021-04-07 10:29:50,845 [EndpointStateMachine task thread for /127.0.0.1:14997 - 0 ] INFO  ipc.Client (Client.java:handleConnectionFailure(966)) - Retrying connect to server: localhost/127.0.0.1:14997. Already tried 6 time(s); retry policy is RetryUpToMaximumCountWithFixedSleep(maxRetries=15, sleepTime=1000 MILLISECONDS)
2021-04-07 10:29:51,080 [EndpointStateMachine task thread for /127.0.0.1:15017 - 0 ] INFO  ipc.Client (Client.java:handleConnectionFailure(966)) - Retrying connect to server: localhost/127.0.0.1:15017. Already tried 4 time(s); retry policy is RetryUpToMaximumCountWithFixedSleep(maxRetries=15, sleepTime=1000 MILLISECONDS)
2021-04-07 10:29:51,313 [beead88b-b48c-456f-a06d-e1162d1174c1@group-A8E56AEC5900-FollowerState] INFO  impl.FollowerState (FollowerState.java:run(134)) - beead88b-b48c-456f-a06d-e1162d1174c1@group-A8E56AEC5900-FollowerState: change to CANDIDATE, lastRpcElapsedTime:5104158591ns, electionTimeout:5103ms
2021-04-07 10:29:51,314 [beead88b-b48c-456f-a06d-e1162d1174c1@group-A8E56AEC5900-FollowerState] INFO  impl.RoleInfo (RoleInfo.java:shutdownFollowerState(108)) - beead88b-b48c-456f-a06d-e1162d1174c1: shutdown beead88b-b48c-456f-a06d-e1162d1174c1@group-A8E56AEC5900-FollowerState
2021-04-07 10:29:51,314 [beead88b-b48c-456f-a06d-e1162d1174c1@group-A8E56AEC5900-FollowerState] INFO  server.RaftServer$Division (RaftServerImpl.java:setRole(284)) - beead88b-b48c-456f-a06d-e1162d1174c1@group-A8E56AEC5900: changes role from  FOLLOWER to CANDIDATE at term 1 for changeToCandidate
2021-04-07 10:29:51,314 [beead88b-b48c-456f-a06d-e1162d1174c1@group-A8E56AEC5900-FollowerState] INFO  server.RaftServerConfigKeys (ConfUtils.java:logGet(44)) - raft.server.leaderelection.pre-vote = false (custom)
2021-04-07 10:29:51,314 [beead88b-b48c-456f-a06d-e1162d1174c1@group-A8E56AEC5900-FollowerState] INFO  impl.RoleInfo (RoleInfo.java:updateAndGet(130)) - beead88b-b48c-456f-a06d-e1162d1174c1: start beead88b-b48c-456f-a06d-e1162d1174c1@group-A8E56AEC5900-LeaderElection29
2021-04-07 10:29:51,319 [beead88b-b48c-456f-a06d-e1162d1174c1@group-A8E56AEC5900-LeaderElection29] INFO  impl.LeaderElection (LeaderElection.java:askForVotes(306)) - beead88b-b48c-456f-a06d-e1162d1174c1@group-A8E56AEC5900-LeaderElection29 ELECTION round 0: submit vote requests at term 2 for 0: [beead88b-b48c-456f-a06d-e1162d1174c1|rpc:localhost:12068|admin:|client:|dataStream:|priority:0], old=null
2021-04-07 10:29:51,319 [beead88b-b48c-456f-a06d-e1162d1174c1@group-A8E56AEC5900-LeaderElection29] INFO  impl.LeaderElection (LeaderElection.java:askForVotes(308)) - beead88b-b48c-456f-a06d-e1162d1174c1@group-A8E56AEC5900-LeaderElection29 ELECTION round 0: result PASSED (term=2)
2021-04-07 10:29:51,319 [beead88b-b48c-456f-a06d-e1162d1174c1@group-A8E56AEC5900-LeaderElection29] INFO  impl.RoleInfo (RoleInfo.java:shutdownLeaderElection(121)) - beead88b-b48c-456f-a06d-e1162d1174c1: shutdown beead88b-b48c-456f-a06d-e1162d1174c1@group-A8E56AEC5900-LeaderElection29
2021-04-07 10:29:51,319 [beead88b-b48c-456f-a06d-e1162d1174c1@group-A8E56AEC5900-LeaderElection29] INFO  server.RaftServer$Division (RaftServerImpl.java:setRole(284)) - beead88b-b48c-456f-a06d-e1162d1174c1@group-A8E56AEC5900: changes role from CANDIDATE to LEADER at term 2 for changeToLeader
2021-04-07 10:29:51,319 [beead88b-b48c-456f-a06d-e1162d1174c1@group-A8E56AEC5900-LeaderElection29] INFO  ha.SCMStateMachine (SCMStateMachine.java:notifyLeaderChanged(216)) - current SCM becomes leader of term 2.
2021-04-07 10:29:51,319 [beead88b-b48c-456f-a06d-e1162d1174c1@group-A8E56AEC5900-LeaderElection29] INFO  ha.SCMContext (SCMContext.java:updateLeaderAndTerm(88)) - update <isLeader,term> from <false,0> to <true,2>
2021-04-07 10:29:51,320 [beead88b-b48c-456f-a06d-e1162d1174c1@group-A8E56AEC5900-LeaderElection29] INFO  pipeline.BackgroundPipelineCreator (BackgroundPipelineCreatorV2.java:notifyStatusChanged(251)) - Service BackgroundPipelineCreator transitions to RUNNING.
2021-04-07 10:29:51,320 [beead88b-b48c-456f-a06d-e1162d1174c1@group-A8E56AEC5900-LeaderElection29] INFO  server.RaftServer$Division (ServerState.java:setLeader(271)) - beead88b-b48c-456f-a06d-e1162d1174c1@group-A8E56AEC5900: change Leader from null to beead88b-b48c-456f-a06d-e1162d1174c1 at term 2 for becomeLeader, leader elected after 5144ms
2021-04-07 10:29:51,320 [beead88b-b48c-456f-a06d-e1162d1174c1@group-A8E56AEC5900-LeaderElection29] INFO  server.RaftServerConfigKeys (ConfUtils.java:logGet(44)) - raft.server.staging.catchup.gap = 1000 (default)
2021-04-07 10:29:51,321 [beead88b-b48c-456f-a06d-e1162d1174c1@group-A8E56AEC5900-LeaderElection29] INFO  metrics.RatisMetrics (RatisMetrics.java:lambda$create$0(36)) - Creating Metrics Registry : ratis.log_appender.beead88b-b48c-456f-a06d-e1162d1174c1@group-A8E56AEC5900
2021-04-07 10:29:51,321 [beead88b-b48c-456f-a06d-e1162d1174c1@group-A8E56AEC5900-LeaderElection29] INFO  server.RaftServerConfigKeys (ConfUtils.java:logGet(44)) - raft.server.write.element-limit = 4096 (default)
2021-04-07 10:29:51,321 [beead88b-b48c-456f-a06d-e1162d1174c1@group-A8E56AEC5900-LeaderElection29] INFO  server.RaftServerConfigKeys (ConfUtils.java:logGet(44)) - raft.server.write.byte-limit = 64MB (=67108864) (default)
2021-04-07 10:29:51,321 [beead88b-b48c-456f-a06d-e1162d1174c1@group-A8E56AEC5900-LeaderElection29] INFO  server.RaftServerConfigKeys (ConfUtils.java:logGet(44)) - raft.server.watch.timeout = 10s (default)
2021-04-07 10:29:51,321 [beead88b-b48c-456f-a06d-e1162d1174c1@group-A8E56AEC5900-LeaderElection29] INFO  server.RaftServerConfigKeys (ConfUtils.java:logGet(44)) - raft.server.watch.timeout.denomination = 1s (default)
2021-04-07 10:29:51,321 [beead88b-b48c-456f-a06d-e1162d1174c1@group-A8E56AEC5900-LeaderElection29] INFO  server.RaftServerConfigKeys (ConfUtils.java:logGet(44)) - raft.server.watch.element-limit = 65536 (default)
2021-04-07 10:29:51,321 [beead88b-b48c-456f-a06d-e1162d1174c1@group-A8E56AEC5900-LeaderElection29] INFO  impl.RoleInfo (RoleInfo.java:updateAndGet(130)) - beead88b-b48c-456f-a06d-e1162d1174c1: start beead88b-b48c-456f-a06d-e1162d1174c1@group-A8E56AEC5900-LeaderStateImpl
2021-04-07 10:29:51,322 [beead88b-b48c-456f-a06d-e1162d1174c1@group-A8E56AEC5900-LeaderElection29] INFO  segmented.SegmentedRaftLogWorker (SegmentedRaftLogWorker.java:rollLogSegment(399)) - beead88b-b48c-456f-a06d-e1162d1174c1@group-A8E56AEC5900-SegmentedRaftLogWorker: Rolling segment log-0_0 to index:0
2021-04-07 10:29:51,325 [beead88b-b48c-456f-a06d-e1162d1174c1@group-A8E56AEC5900-SegmentedRaftLogWorker] INFO  segmented.SegmentedRaftLogWorker (SegmentedRaftLogWorker.java:execute(558)) - beead88b-b48c-456f-a06d-e1162d1174c1@group-A8E56AEC5900-SegmentedRaftLogWorker: Rolled log segment from /github/workspace/mnt/ozone/hadoop-ozone/integration-test/target/test-dir/MiniOzoneClusterImpl-51c72f67-962b-4c5d-8db7-a8e56aec5900/scmNode-1/scm-ha/51c72f67-962b-4c5d-8db7-a8e56aec5900/current/log_inprogress_0 to /github/workspace/mnt/ozone/hadoop-ozone/integration-test/target/test-dir/MiniOzoneClusterImpl-51c72f67-962b-4c5d-8db7-a8e56aec5900/scmNode-1/scm-ha/51c72f67-962b-4c5d-8db7-a8e56aec5900/current/log_0-0
2021-04-07 10:29:51,326 [beead88b-b48c-456f-a06d-e1162d1174c1@group-A8E56AEC5900-LeaderElection29] INFO  server.RaftServer$Division (ServerState.java:setRaftConf(373)) - beead88b-b48c-456f-a06d-e1162d1174c1@group-A8E56AEC5900: set configuration 1: [beead88b-b48c-456f-a06d-e1162d1174c1|rpc:localhost:12068|admin:|client:|dataStream:|priority:0], old=null
2021-04-07 10:29:51,327 [beead88b-b48c-456f-a06d-e1162d1174c1@group-A8E56AEC5900-SegmentedRaftLogWorker] INFO  segmented.SegmentedRaftLogWorker (SegmentedRaftLogWorker.java:execute(601)) - beead88b-b48c-456f-a06d-e1162d1174c1@group-A8E56AEC5900-SegmentedRaftLogWorker: created new log segment /github/workspace/mnt/ozone/hadoop-ozone/integration-test/target/test-dir/MiniOzoneClusterImpl-51c72f67-962b-4c5d-8db7-a8e56aec5900/scmNode-1/scm-ha/51c72f67-962b-4c5d-8db7-a8e56aec5900/current/log_inprogress_1
2021-04-07 10:29:51,528 [EndpointStateMachine task thread for /127.0.0.1:15007 - 0 ] INFO  ipc.Client (Client.java:handleConnectionFailure(966)) - Retrying connect to server: localhost/127.0.0.1:15007. Already tried 7 time(s); retry policy is RetryUpToMaximumCountWithFixedSleep(maxRetries=15, sleepTime=1000 MILLISECONDS)
2021-04-07 10:29:51,590 [EndpointStateMachine task thread for /127.0.0.1:13605 - 0 ] INFO  ipc.Client (Client.java:handleConnectionFailure(966)) - Retrying connect to server: localhost/127.0.0.1:13605. Already tried 4 time(s); retry policy is RetryUpToMaximumCountWithFixedSleep(maxRetries=15, sleepTime=1000 MILLISECONDS)
2021-04-07 10:29:51,590 [EndpointStateMachine task thread for /127.0.0.1:13625 - 0 ] INFO  ipc.Client (Client.java:handleConnectionFailure(966)) - Retrying connect to server: localhost/127.0.0.1:13625. Already tried 3 time(s); retry policy is RetryUpToMaximumCountWithFixedSleep(maxRetries=15, sleepTime=1000 MILLISECONDS)
2021-04-07 10:29:51,846 [EndpointStateMachine task thread for /127.0.0.1:14997 - 0 ] INFO  ipc.Client (Client.java:handleConnectionFailure(966)) - Retrying connect to server: localhost/127.0.0.1:14997. Already tried 7 time(s); retry policy is RetryUpToMaximumCountWithFixedSleep(maxRetries=15, sleepTime=1000 MILLISECONDS)
2021-04-07 10:29:52,080 [EndpointStateMachine task thread for /127.0.0.1:15017 - 0 ] INFO  ipc.Client (Client.java:handleConnectionFailure(966)) - Retrying connect to server: localhost/127.0.0.1:15017. Already tried 5 time(s); retry policy is RetryUpToMaximumCountWithFixedSleep(maxRetries=15, sleepTime=1000 MILLISECONDS)
2021-04-07 10:29:52,339 [Listener at 0.0.0.0/12071] INFO  server.StorageContainerManager (StorageContainerManager.java:scmBootstrap(877)) - SCM BootStrap  is successful for ClusterID 51c72f67-962b-4c5d-8db7-a8e56aec5900, SCMID a5be5b0f-9350-46e7-812c-10c59b61567d
2021-04-07 10:29:52,340 [Listener at 0.0.0.0/12071] INFO  server.StorageContainerManager (StorageContainerManager.java:scmBootstrap(879)) - Primary SCM Node ID beead88b-b48c-456f-a06d-e1162d1174c1
2021-04-07 10:29:52,340 [Listener at 0.0.0.0/12071] INFO  ha.SCMHANodeDetails (SCMHANodeDetails.java:loadSCMHAConfig(150)) - ServiceID for StorageContainerManager is scm-service-test1
2021-04-07 10:29:52,340 [Listener at 0.0.0.0/12071] INFO  ha.SCMHANodeDetails (SCMHANodeDetails.java:loadSCMHAConfig(161)) - ServiceID for StorageContainerManager is scm-service-test1
2021-04-07 10:29:52,340 [Listener at 0.0.0.0/12071] INFO  ha.SCMHANodeDetails (SCMHANodeDetails.java:loadSCMHAConfig(240)) - Found matching SCM address with SCMServiceId: scm-service-test1, SCMNodeId: scmNode-2, RPC Address: localhost:12078 and Ratis port: 12078
2021-04-07 10:29:52,340 [Listener at 0.0.0.0/12071] INFO  ha.SCMHANodeDetails (ConfUtils.java:setNodeSpecificConfigs(105)) - Setting configuration key ozone.scm.datanode.address with value of key ozone.scm.datanode.address.scm-service-test1.scmNode-2: 127.0.0.1:12079
2021-04-07 10:29:52,340 [Listener at 0.0.0.0/12071] INFO  ha.SCMHANodeDetails (ConfUtils.java:setNodeSpecificConfigs(105)) - Setting configuration key ozone.scm.block.client.address with value of key ozone.scm.block.client.address.scm-service-test1.scmNode-2: 127.0.0.1:12080
2021-04-07 10:29:52,340 [Listener at 0.0.0.0/12071] INFO  ha.SCMHANodeDetails (ConfUtils.java:setNodeSpecificConfigs(105)) - Setting configuration key ozone.scm.client.address with value of key ozone.scm.client.address.scm-service-test1.scmNode-2: 127.0.0.1:12081
2021-04-07 10:29:52,340 [Listener at 0.0.0.0/12071] INFO  ha.SCMHANodeDetails (ConfUtils.java:setNodeSpecificConfigs(105)) - Setting configuration key ozone.scm.ratis.port with value of key ozone.scm.ratis.port.scm-service-test1.scmNode-2: 12078
2021-04-07 10:29:52,340 [Listener at 0.0.0.0/12071] INFO  ha.SCMHANodeDetails (ConfUtils.java:setNodeSpecificConfigs(105)) - Setting configuration key ozone.scm.grpc.port with value of key ozone.scm.grpc.port.scm-service-test1.scmNode-2: 12082
2021-04-07 10:29:52,340 [Listener at 0.0.0.0/12071] INFO  ha.SCMHANodeDetails (ConfUtils.java:setNodeSpecificConfigs(105)) - Setting configuration key ozone.scm.http-address with value of key ozone.scm.http-address.scm-service-test1.scmNode-2: 127.0.0.1:12076
2021-04-07 10:29:52,340 [Listener at 0.0.0.0/12071] INFO  ha.SCMHANodeDetails (ConfUtils.java:setNodeSpecificConfigs(105)) - Setting configuration key ozone.scm.https-address with value of key ozone.scm.https-address.scm-service-test1.scmNode-2: 127.0.0.1:12077
2021-04-07 10:29:52,340 [Listener at 0.0.0.0/12071] INFO  ha.SCMHANodeDetails (ConfUtils.java:setNodeSpecificConfigs(105)) - Setting configuration key ozone.scm.address with value of key ozone.scm.address.scm-service-test1.scmNode-2: 127.0.0.1
2021-04-07 10:29:52,342 [Listener at 0.0.0.0/12071] WARN  server.ServerUtils (ServerUtils.java:getScmDbDir(148)) - ozone.scm.db.dirs is not configured. We recommend adding this setting. Falling back to ozone.metadata.dirs instead.
2021-04-07 10:29:52,343 [Listener at 0.0.0.0/12071] WARN  utils.HAUtils (HAUtils.java:getMetaDir(331)) - ozone.scm.db.dirs is not configured. We recommend adding this setting. Falling back to ozone.metadata.dirs instead.
2021-04-07 10:29:52,343 [Listener at 0.0.0.0/12071] WARN  db.DBStoreBuilder (DBStoreBuilder.java:applyDBDefinition(145)) - ozone.scm.db.dirs is not configured. We recommend adding this setting. Falling back to ozone.metadata.dirs instead.
2021-04-07 10:29:52,392 [Listener at 0.0.0.0/12071] INFO  net.NodeSchemaLoader (NodeSchemaLoader.java:loadSchemaFromFile(129)) - Loading schema from [jar:file:/home/user/.m2/repository/org/apache/hadoop/hadoop-hdds-common/1.1.0-SNAPSHOT/hadoop-hdds-common-1.1.0-SNAPSHOT.jar!/network-topology-default.xml, jar:file:/home/user/.m2/repository/org/apache/hadoop/hadoop-ozone-ozone-manager/1.1.0-SNAPSHOT/hadoop-ozone-ozone-manager-1.1.0-SNAPSHOT-tests.jar!/network-topology-default.xml, jar:file:/home/user/.m2/repository/org/apache/hadoop/hadoop-hdds-server-scm/1.1.0-SNAPSHOT/hadoop-hdds-server-scm-1.1.0-SNAPSHOT-tests.jar!/network-topology-default.xml]
2021-04-07 10:29:52,392 [Listener at 0.0.0.0/12071] INFO  net.NodeSchemaLoader (NodeSchemaLoader.java:loadSchema(176)) - Loading network topology layer schema file
2021-04-07 10:29:52,395 [Listener at 0.0.0.0/12071] INFO  ha.SCMRatisServerImpl (SCMRatisServerImpl.java:<init>(83)) - starting Raft server for scm:a5be5b0f-9350-46e7-812c-10c59b61567d
2021-04-07 10:29:52,395 [Listener at 0.0.0.0/12071] INFO  server.RaftServer (ConfUtils.java:logGet(44)) - raft.rpc.type = GRPC (default)
2021-04-07 10:29:52,395 [Listener at 0.0.0.0/12071] INFO  grpc.GrpcFactory (GrpcFactory.java:checkPooledByteBufAllocatorUseCacheForAllThreads(48)) - PERFORMANCE WARNING: useCacheForAllThreads is true that may cause Netty to create a lot garbage objects and, as a result, trigger GC.
	It is recommended to disable useCacheForAllThreads by setting -Dorg.apache.ratis.thirdparty.io.netty.allocator.useCacheForAllThreads=false in command line.
2021-04-07 10:29:52,396 [Listener at 0.0.0.0/12071] INFO  grpc.GrpcConfigKeys (ConfUtils.java:logGet(44)) - raft.grpc.admin.port = -1 (default)
2021-04-07 10:29:52,396 [Listener at 0.0.0.0/12071] INFO  grpc.GrpcConfigKeys (ConfUtils.java:logGet(44)) - raft.grpc.server.port = 12078 (custom)
2021-04-07 10:29:52,396 [Listener at 0.0.0.0/12071] INFO  grpc.GrpcConfigKeys (ConfUtils.java:logGet(44)) - raft.grpc.client.port = -1 (default)
2021-04-07 10:29:52,396 [Listener at 0.0.0.0/12071] INFO  grpc.GrpcConfigKeys (ConfUtils.java:logGet(44)) - raft.grpc.server.port = 12078 (custom)
2021-04-07 10:29:52,396 [Listener at 0.0.0.0/12071] INFO  grpc.GrpcConfigKeys (ConfUtils.java:logGet(44)) - raft.grpc.server.port = 12078 (custom)
2021-04-07 10:29:52,396 [Listener at 0.0.0.0/12071] INFO  server.GrpcService (ConfUtils.java:logGet(44)) - raft.grpc.message.size.max = 32m (=33554432) (custom)
2021-04-07 10:29:52,396 [Listener at 0.0.0.0/12071] INFO  server.RaftServerConfigKeys (ConfUtils.java:logGet(44)) - raft.server.log.appender.buffer.byte-limit = 33554432 (custom)
2021-04-07 10:29:52,396 [Listener at 0.0.0.0/12071] INFO  server.GrpcService (ConfUtils.java:logGet(44)) - raft.grpc.flow.control.window = 1MB (=1048576) (default)
2021-04-07 10:29:52,396 [Listener at 0.0.0.0/12071] INFO  server.RaftServerConfigKeys (ConfUtils.java:logGet(44)) - raft.server.rpc.request.timeout = 3000ms (default)
2021-04-07 10:29:52,397 [Listener at 0.0.0.0/12071] INFO  impl.DataStreamServerImpl (ConfUtils.java:logGet(44)) - raft.datastream.type = DISABLED (default)
2021-04-07 10:29:52,398 [Listener at 0.0.0.0/12071] INFO  server.RaftServerConfigKeys (ConfUtils.java:logGet(44)) - raft.server.rpc.slowness.timeout = 120000ms (custom)
2021-04-07 10:29:52,398 [Listener at 0.0.0.0/12071] INFO  server.RaftServerConfigKeys (ConfUtils.java:logGet(44)) - raft.server.leaderelection.leader.step-down.wait-time = 10s (default)
2021-04-07 10:29:52,398 [Listener at 0.0.0.0/12071] INFO  server.RaftServerConfigKeys (ConfUtils.java:logGet(44)) - raft.server.storage.dir = [/github/workspace/mnt/ozone/hadoop-ozone/integration-test/target/test-dir/MiniOzoneClusterImpl-51c72f67-962b-4c5d-8db7-a8e56aec5900/scmNode-2/scm-ha] (custom)
2021-04-07 10:29:52,398 [Listener at 0.0.0.0/12071] INFO  server.RaftServer (RaftServerProxy.java:addNew(95)) - a5be5b0f-9350-46e7-812c-10c59b61567d: addNew group-A8E56AEC5900:[] returns group-A8E56AEC5900:java.util.concurrent.CompletableFuture@16b8d03f[Not completed]
2021-04-07 10:29:52,398 [pool-339-thread-1] INFO  server.RaftServer$Division (RaftServerImpl.java:<init>(180)) - a5be5b0f-9350-46e7-812c-10c59b61567d: new RaftServerImpl for group-A8E56AEC5900:[] with SCMStateMachine:uninitialized
2021-04-07 10:29:52,400 [pool-339-thread-1] INFO  server.RaftServerConfigKeys (ConfUtils.java:logGet(44)) - raft.server.rpc.timeout.min = 5000ms (custom)
2021-04-07 10:29:52,400 [pool-339-thread-1] INFO  server.RaftServerConfigKeys (ConfUtils.java:logGet(44)) - raft.server.rpc.timeout.max = 5200ms (custom)
2021-04-07 10:29:52,400 [pool-339-thread-1] INFO  server.RaftServerConfigKeys (ConfUtils.java:logGet(44)) - raft.server.rpc.sleep.time = 25ms (default)
2021-04-07 10:29:52,400 [pool-339-thread-1] INFO  server.RaftServerConfigKeys (ConfUtils.java:logGet(44)) - raft.server.rpc.slowness.timeout = 120000ms (custom)
2021-04-07 10:29:52,400 [pool-339-thread-1] INFO  server.RaftServerConfigKeys (ConfUtils.java:logGet(44)) - raft.server.leaderelection.leader.step-down.wait-time = 10s (default)
2021-04-07 10:29:52,400 [pool-339-thread-1] INFO  server.RaftServerConfigKeys (ConfUtils.java:logGet(44)) - raft.server.sleep.deviation.threshold = 300ms (default)
2021-04-07 10:29:52,400 [pool-339-thread-1] INFO  server.RaftServerConfigKeys (ConfUtils.java:logGet(44)) - raft.server.log.appender.install.snapshot.enabled = false (custom)
2021-04-07 10:29:52,400 [pool-339-thread-1] INFO  server.RaftServer$Division (ServerState.java:<init>(105)) - a5be5b0f-9350-46e7-812c-10c59b61567d@group-A8E56AEC5900: ConfigurationManager, init=-1: [], old=null, confs=<EMPTY_MAP>
2021-04-07 10:29:52,400 [pool-339-thread-1] INFO  server.RaftServerConfigKeys (ConfUtils.java:logGet(44)) - raft.server.storage.dir = [/github/workspace/mnt/ozone/hadoop-ozone/integration-test/target/test-dir/MiniOzoneClusterImpl-51c72f67-962b-4c5d-8db7-a8e56aec5900/scmNode-2/scm-ha] (custom)
2021-04-07 10:29:52,401 [pool-339-thread-1] INFO  server.RaftServerConfigKeys (ConfUtils.java:logGet(44)) - raft.server.log.corruption.policy = EXCEPTION (default)
2021-04-07 10:29:52,401 [pool-339-thread-1] INFO  storage.RaftStorageDirectory (RaftStorageDirectoryImpl.java:analyzeStorage(132)) - The storage directory /github/workspace/mnt/ozone/hadoop-ozone/integration-test/target/test-dir/MiniOzoneClusterImpl-51c72f67-962b-4c5d-8db7-a8e56aec5900/scmNode-2/scm-ha/51c72f67-962b-4c5d-8db7-a8e56aec5900 does not exist. Creating ...
2021-04-07 10:29:52,402 [pool-339-thread-1] INFO  storage.RaftStorageDirectory (RaftStorageDirectoryImpl.java:tryLock(215)) - Lock on /github/workspace/mnt/ozone/hadoop-ozone/integration-test/target/test-dir/MiniOzoneClusterImpl-51c72f67-962b-4c5d-8db7-a8e56aec5900/scmNode-2/scm-ha/51c72f67-962b-4c5d-8db7-a8e56aec5900/in_use.lock acquired by nodename 5412@100a838eac99
2021-04-07 10:29:52,403 [pool-339-thread-1] INFO  storage.RaftStorage (RaftStorageImpl.java:format(87)) - Storage directory /github/workspace/mnt/ozone/hadoop-ozone/integration-test/target/test-dir/MiniOzoneClusterImpl-51c72f67-962b-4c5d-8db7-a8e56aec5900/scmNode-2/scm-ha/51c72f67-962b-4c5d-8db7-a8e56aec5900 has been successfully formatted.
2021-04-07 10:29:52,404 [pool-339-thread-1] INFO  server.RaftServerConfigKeys (ConfUtils.java:logGet(44)) - raft.server.notification.no-leader.timeout = 60s (default)
2021-04-07 10:29:52,404 [pool-339-thread-1] INFO  server.RaftServerConfigKeys (ConfUtils.java:logGet(44)) - raft.server.log.use.memory = false (default)
2021-04-07 10:29:52,404 [pool-339-thread-1] INFO  server.RaftServerConfigKeys (ConfUtils.java:logGet(44)) - raft.server.log.purge.gap = 1000000 (custom)
2021-04-07 10:29:52,404 [pool-339-thread-1] INFO  server.RaftServerConfigKeys (ConfUtils.java:logGet(44)) - raft.server.log.appender.buffer.byte-limit = 33554432 (custom)
2021-04-07 10:29:52,404 [pool-339-thread-1] INFO  metrics.RatisMetrics (RatisMetrics.java:lambda$create$0(36)) - Creating Metrics Registry : ratis.log_worker.a5be5b0f-9350-46e7-812c-10c59b61567d@group-A8E56AEC5900
2021-04-07 10:29:52,404 [pool-339-thread-1] INFO  server.RaftServerConfigKeys (ConfUtils.java:logGet(44)) - raft.server.log.segment.size.max = 16384 (custom)
2021-04-07 10:29:52,404 [pool-339-thread-1] INFO  server.RaftServerConfigKeys (ConfUtils.java:logGet(44)) - raft.server.log.segment.cache.num.max = 2 (custom)
2021-04-07 10:29:52,404 [pool-339-thread-1] INFO  server.RaftServerConfigKeys (ConfUtils.java:logGet(44)) - raft.server.log.segment.cache.size.max = 200MB (=209715200) (default)
2021-04-07 10:29:52,404 [pool-339-thread-1] INFO  segmented.SegmentedRaftLogWorker (SegmentedRaftLogWorker.java:<init>(182)) - new a5be5b0f-9350-46e7-812c-10c59b61567d@group-A8E56AEC5900-SegmentedRaftLogWorker for RaftStorageImpl:Storage Directory /github/workspace/mnt/ozone/hadoop-ozone/integration-test/target/test-dir/MiniOzoneClusterImpl-51c72f67-962b-4c5d-8db7-a8e56aec5900/scmNode-2/scm-ha/51c72f67-962b-4c5d-8db7-a8e56aec5900
2021-04-07 10:29:52,405 [pool-339-thread-1] INFO  server.RaftServerConfigKeys (ConfUtils.java:logGet(44)) - raft.server.log.queue.byte-limit = 64MB (=67108864) (default)
2021-04-07 10:29:52,405 [pool-339-thread-1] INFO  server.RaftServerConfigKeys (ConfUtils.java:logGet(44)) - raft.server.log.queue.element-limit = 4096 (default)
2021-04-07 10:29:52,405 [pool-339-thread-1] INFO  server.RaftServerConfigKeys (ConfUtils.java:logGet(44)) - raft.server.log.segment.size.max = 16384 (custom)
2021-04-07 10:29:52,405 [pool-339-thread-1] INFO  server.RaftServerConfigKeys (ConfUtils.java:logGet(44)) - raft.server.log.preallocated.size = 16384 (custom)
2021-04-07 10:29:52,405 [pool-339-thread-1] INFO  server.RaftServerConfigKeys (ConfUtils.java:logGet(44)) - raft.server.log.force.sync.num = 128 (default)
2021-04-07 10:29:52,405 [pool-339-thread-1] INFO  server.RaftServerConfigKeys (ConfUtils.java:logGet(44)) - raft.server.log.statemachine.data.sync = true (default)
2021-04-07 10:29:52,405 [pool-339-thread-1] INFO  server.RaftServerConfigKeys (ConfUtils.java:logGet(44)) - raft.server.log.statemachine.data.sync.timeout = 10s (default)
2021-04-07 10:29:52,405 [pool-339-thread-1] INFO  server.RaftServerConfigKeys (ConfUtils.java:logGet(44)) - raft.server.log.statemachine.data.sync.timeout.retry = -1 (default)
2021-04-07 10:29:52,406 [pool-339-thread-1] INFO  server.RaftServerConfigKeys (ConfUtils.java:logGet(44)) - raft.server.log.write.buffer.size = 64KB (=65536) (default)
2021-04-07 10:29:52,406 [pool-339-thread-1] INFO  server.RaftServerConfigKeys (ConfUtils.java:logGet(44)) - raft.server.log.statemachine.data.caching.enabled = false (default)
2021-04-07 10:29:52,406 [pool-339-thread-1] INFO  segmented.SegmentedRaftLogWorker (SegmentedRaftLogWorker.java:lambda$new$0(133)) - a5be5b0f-9350-46e7-812c-10c59b61567d@group-A8E56AEC5900-SegmentedRaftLogWorker: flushIndex: setUnconditionally 0 -> -1
2021-04-07 10:29:52,406 [pool-339-thread-1] INFO  segmented.SegmentedRaftLogWorker (SegmentedRaftLogWorker.java:lambda$new$0(133)) - a5be5b0f-9350-46e7-812c-10c59b61567d@group-A8E56AEC5900-SegmentedRaftLogWorker: safeCacheEvictIndex: setUnconditionally 0 -> -1
2021-04-07 10:29:52,406 [pool-339-thread-1] INFO  server.RaftServerConfigKeys (ConfUtils.java:logGet(44)) - raft.server.snapshot.auto.trigger.enabled = true (custom)
2021-04-07 10:29:52,406 [pool-339-thread-1] INFO  server.RaftServerConfigKeys (ConfUtils.java:logGet(44)) - raft.server.snapshot.auto.trigger.threshold = 1000 (custom)
2021-04-07 10:29:52,406 [pool-339-thread-1] INFO  server.RaftServerConfigKeys (ConfUtils.java:logGet(44)) - raft.server.snapshot.retention.file.num = -1 (default)
2021-04-07 10:29:52,406 [pool-339-thread-1] INFO  server.RaftServerConfigKeys (ConfUtils.java:logGet(44)) - raft.server.log.purge.upto.snapshot.index = false (default)
2021-04-07 10:29:52,406 [pool-339-thread-1] INFO  server.RaftServerConfigKeys (ConfUtils.java:logGet(44)) - raft.server.retrycache.expirytime = 60000ms (default)
2021-04-07 10:29:52,406 [pool-339-thread-1] INFO  server.RaftServerConfigKeys (ConfUtils.java:logGet(44)) - raft.server.retrycache.statistics.expirytime = 100?s (default)
2021-04-07 10:29:52,407 [pool-339-thread-1] INFO  metrics.RatisMetrics (RatisMetrics.java:lambda$create$0(36)) - Creating Metrics Registry : ratis.leader_election.a5be5b0f-9350-46e7-812c-10c59b61567d@group-A8E56AEC5900
2021-04-07 10:29:52,407 [pool-339-thread-1] INFO  metrics.RatisMetrics (RatisMetrics.java:lambda$create$0(36)) - Creating Metrics Registry : ratis.server.a5be5b0f-9350-46e7-812c-10c59b61567d@group-A8E56AEC5900
2021-04-07 10:29:52,407 [Listener at 0.0.0.0/12071] INFO  ha.SCMSnapshotProvider (SCMSnapshotProvider.java:<init>(64)) - Initializing SCM Snapshot Provider
2021-04-07 10:29:52,408 [Listener at 0.0.0.0/12071] WARN  server.ServerUtils (ServerUtils.java:getDefaultRatisDirectory(237)) - Storage directory for Ratis is not configured. It is a good idea to map this to an SSD disk. Falling back to ozone.metadata.dirs
2021-04-07 10:29:52,408 [Listener at 0.0.0.0/12071] WARN  ha.SCMHAUtils (SCMHAUtils.java:getSCMRatisSnapshotDirectory(113)) - SCM snapshot dir is not configured. Falling back to ozone.metadata.dirs config
2021-04-07 10:29:52,409 [Listener at 0.0.0.0/12071] INFO  ha.SequenceIdGenerator (SequenceIdGenerator.java:upgradeToSequenceId(300)) - upgrade localId to 107544261427200000
2021-04-07 10:29:52,409 [Listener at 0.0.0.0/12071] INFO  ha.SequenceIdGenerator (SequenceIdGenerator.java:upgradeToSequenceId(310)) - upgrade delTxnId to 0
2021-04-07 10:29:52,409 [Listener at 0.0.0.0/12071] INFO  ha.SequenceIdGenerator (SequenceIdGenerator.java:upgradeToSequenceId(324)) - upgrade containerId to 0
2021-04-07 10:29:52,410 [Listener at 0.0.0.0/12071] INFO  ha.SequenceIdGenerator (SequenceIdGenerator.java:<init>(196)) - Init the HA SequenceIdGenerator.
2021-04-07 10:29:52,410 [Listener at 0.0.0.0/12071] WARN  server.ServerUtils (ServerUtils.java:sanitizeUserArgs(73)) - ozone.scm.stale.node.interval value = 300000 is larger than max = 100000 based on the key value of ozone.scm.heartbeat.thread.interval, reset to the max value 100000.
2021-04-07 10:29:52,410 [Listener at 0.0.0.0/12071] WARN  server.ServerUtils (ServerUtils.java:sanitizeUserArgs(73)) - ozone.scm.stale.node.interval value = 300000 is larger than max = 100000 based on the key value of ozone.scm.heartbeat.thread.interval, reset to the max value 100000.
2021-04-07 10:29:52,410 [Listener at 0.0.0.0/12071] INFO  node.SCMNodeManager (SCMNodeManager.java:<init>(125)) - Entering startup safe mode.
2021-04-07 10:29:52,411 [Listener at 0.0.0.0/12071] INFO  algorithms.ContainerPlacementPolicyFactory (ContainerPlacementPolicyFactory.java:getPolicy(60)) - Create container placement policy of type org.apache.hadoop.hdds.scm.container.placement.algorithms.SCMContainerPlacementRandom
2021-04-07 10:29:52,411 [Listener at 0.0.0.0/12071] INFO  pipeline.PipelineStateManager (PipelineStateManagerV2Impl.java:initialize(77)) - No pipeline exists in current db
2021-04-07 10:29:52,411 [Listener at 0.0.0.0/12071] INFO  algorithms.LeaderChoosePolicyFactory (LeaderChoosePolicyFactory.java:getPolicy(57)) - Create leader choose policy of type org.apache.hadoop.hdds.scm.pipeline.leader.choose.algorithms.MinLeaderCountChoosePolicy
2021-04-07 10:29:52,411 [Listener at 0.0.0.0/12071] INFO  ha.SCMServiceManager (SCMServiceManager.java:register(43)) - Registering service BackgroundPipelineCreator.
2021-04-07 10:29:52,411 [Listener at 0.0.0.0/12071] INFO  pipeline.BackgroundPipelineCreator (BackgroundPipelineCreatorV2.java:start(124)) - Starting RatisPipelineUtilsThread.
2021-04-07 10:29:52,413 [Listener at 0.0.0.0/12071] INFO  algorithms.PipelineChoosePolicyFactory (PipelineChoosePolicyFactory.java:createPipelineChoosePolicyFromClass(73)) - Create pipeline choose policy of type org.apache.hadoop.hdds.scm.pipeline.choose.algorithms.RandomPipelineChoosePolicy
2021-04-07 10:29:52,414 [Listener at 0.0.0.0/12071] INFO  ha.SCMServiceManager (SCMServiceManager.java:register(43)) - Registering service SCMBlockDeletingService.
2021-04-07 10:29:52,414 [Listener at 0.0.0.0/12071] INFO  ha.SCMServiceManager (SCMServiceManager.java:register(43)) - Registering service ReplicationManager.
2021-04-07 10:29:52,414 [Listener at 0.0.0.0/12071] INFO  container.ReplicationManager (ReplicationManager.java:start(226)) - Starting Replication Monitor Thread.
2021-04-07 10:29:52,422 [ReplicationMonitor] INFO  container.ReplicationManager (ReplicationManager.java:run(290)) - Replication Monitor Thread took 0 milliseconds for processing 0 containers.
2021-04-07 10:29:52,422 [Listener at 0.0.0.0/12071] INFO  safemode.HealthyPipelineSafeModeRule (HealthyPipelineSafeModeRule.java:<init>(89)) - Total pipeline count is 0, healthy pipeline threshold count is 0
2021-04-07 10:29:52,422 [Listener at 0.0.0.0/12071] INFO  safemode.OneReplicaPipelineSafeModeRule (OneReplicaPipelineSafeModeRule.java:<init>(85)) - Total pipeline count is 0, pipeline's with at least one datanode reported threshold count is 0
2021-04-07 10:29:52,423 [Listener at 0.0.0.0/12071] INFO  ipc.CallQueueManager (CallQueueManager.java:<init>(85)) - Using callQueue: class java.util.concurrent.LinkedBlockingQueue, queueCapacity: 2000, scheduler: class org.apache.hadoop.ipc.DefaultRpcScheduler, ipcBackoff: false.
2021-04-07 10:29:52,423 [Socket Reader #1 for port 12079] INFO  ipc.Server (Server.java:run(1255)) - Starting Socket Reader #1 for port 12079
2021-04-07 10:29:52,434 [Listener at 0.0.0.0/12079] INFO  ipc.CallQueueManager (CallQueueManager.java:<init>(85)) - Using callQueue: class java.util.concurrent.LinkedBlockingQueue, queueCapacity: 2000, scheduler: class org.apache.hadoop.ipc.DefaultRpcScheduler, ipcBackoff: false.
2021-04-07 10:29:52,436 [Listener at 0.0.0.0/12080] INFO  ipc.CallQueueManager (CallQueueManager.java:<init>(85)) - Using callQueue: class java.util.concurrent.LinkedBlockingQueue, queueCapacity: 2000, scheduler: class org.apache.hadoop.ipc.DefaultRpcScheduler, ipcBackoff: false.
2021-04-07 10:29:52,436 [Socket Reader #1 for port 12081] INFO  ipc.Server (Server.java:run(1255)) - Starting Socket Reader #1 for port 12081
2021-04-07 10:29:52,438 [Listener at 0.0.0.0/12081] INFO  server.StorageContainerManager (StorageContainerManager.java:<init>(407)) - Container Balancer status:
Key                            Value
Running                        false
Container Balancer Configuration values:
Key                            Value
Threshold                      0.100000
Max Datanodes to Balance       5
Max Size to Move               10737418240B

2021-04-07 10:29:52,438 [Listener at 0.0.0.0/12081] WARN  events.EventQueue (EventQueue.java:fireEvent(185)) - No event handler registered for event TypedEvent{payloadType=SafeModeStatus, name='Safe mode status'}
2021-04-07 10:29:52,438 [Listener at 0.0.0.0/12081] INFO  ha.SCMContext (SCMContext.java:updateSafeModeStatus(147)) - Update SafeModeStatus from SafeModeStatus{safeModeStatus=true, preCheckPassed=false} to SafeModeStatus{safeModeStatus=true, preCheckPassed=false}.
2021-04-07 10:29:52,438 [Listener at 0.0.0.0/12081] INFO  server.StorageContainerManager (StorageContainerManager.java:start(1122)) - StorageContainerLocationProtocol RPC server is listening at /0.0.0.0:12081
2021-04-07 10:29:52,438 [Listener at 0.0.0.0/12081] INFO  ha.SCMRatisServerImpl (SCMRatisServerImpl.java:start(185)) - starting ratis server 0.0.0.0:12078
2021-04-07 10:29:52,438 [Listener at 0.0.0.0/12081] INFO  server.RaftServer$Division (RaftServerImpl.java:start(298)) - a5be5b0f-9350-46e7-812c-10c59b61567d@group-A8E56AEC5900: start with initializing state, conf=-1: [], old=null
2021-04-07 10:29:52,438 [Listener at 0.0.0.0/12081] INFO  server.RaftServer$Division (RaftServerImpl.java:setRole(284)) - a5be5b0f-9350-46e7-812c-10c59b61567d@group-A8E56AEC5900: changes role from      null to FOLLOWER at term 0 for startInitializing
2021-04-07 10:29:52,439 [Listener at 0.0.0.0/12081] INFO  util.JmxRegister (JmxRegister.java:tryRegister(44)) - Successfully registered JMX Bean with object name Ratis:service=RaftServer,group=group-A8E56AEC5900,id=a5be5b0f-9350-46e7-812c-10c59b61567d
2021-04-07 10:29:52,439 [Listener at 0.0.0.0/12081] INFO  metrics.RatisMetrics (RatisMetrics.java:lambda$create$0(36)) - Creating Metrics Registry : ratis.state_machine.a5be5b0f-9350-46e7-812c-10c59b61567d@group-A8E56AEC5900
2021-04-07 10:29:52,439 [Listener at 0.0.0.0/12081] INFO  server.RaftServer (RaftServerProxy.java:lambda$start$5(374)) - a5be5b0f-9350-46e7-812c-10c59b61567d: start RPC server
2021-04-07 10:29:52,440 [Listener at 0.0.0.0/12081] INFO  server.GrpcService (GrpcService.java:startImpl(253)) - a5be5b0f-9350-46e7-812c-10c59b61567d: GrpcService started, listening on 12078
2021-04-07 10:29:52,441 [Listener at 0.0.0.0/12081] INFO  ha.SCMNodeInfo (SCMNodeInfo.java:getPort(196)) - ConfigKey ozone.scm.client.address is deprecated, For configuring different ports for each SCM use PortConfigKey ozone.scm.client.port appended with serviceId and nodeId
2021-04-07 10:29:52,442 [Listener at 0.0.0.0/12081] INFO  ha.SCMNodeInfo (SCMNodeInfo.java:getPort(196)) - ConfigKey ozone.scm.block.client.address is deprecated, For configuring different ports for each SCM use PortConfigKey ozone.scm.block.client.port appended with serviceId and nodeId
2021-04-07 10:29:52,442 [Listener at 0.0.0.0/12081] INFO  ha.SCMNodeInfo (SCMNodeInfo.java:getPort(196)) - ConfigKey ozone.scm.datanode.address is deprecated, For configuring different ports for each SCM use PortConfigKey ozone.scm.datanode.port appended with serviceId and nodeId
2021-04-07 10:29:52,442 [Listener at 0.0.0.0/12081] INFO  ha.SCMNodeInfo (SCMNodeInfo.java:getPort(196)) - ConfigKey ozone.scm.client.address is deprecated, For configuring different ports for each SCM use PortConfigKey ozone.scm.client.port appended with serviceId and nodeId
2021-04-07 10:29:52,442 [Listener at 0.0.0.0/12081] INFO  ha.SCMNodeInfo (SCMNodeInfo.java:getPort(196)) - ConfigKey ozone.scm.block.client.address is deprecated, For configuring different ports for each SCM use PortConfigKey ozone.scm.block.client.port appended with serviceId and nodeId
2021-04-07 10:29:52,442 [Listener at 0.0.0.0/12081] INFO  ha.SCMNodeInfo (SCMNodeInfo.java:getPort(196)) - ConfigKey ozone.scm.datanode.address is deprecated, For configuring different ports for each SCM use PortConfigKey ozone.scm.datanode.port appended with serviceId and nodeId
2021-04-07 10:29:52,442 [Listener at 0.0.0.0/12081] INFO  ha.SCMNodeInfo (SCMNodeInfo.java:getPort(196)) - ConfigKey ozone.scm.client.address is deprecated, For configuring different ports for each SCM use PortConfigKey ozone.scm.client.port appended with serviceId and nodeId
2021-04-07 10:29:52,442 [Listener at 0.0.0.0/12081] INFO  ha.SCMNodeInfo (SCMNodeInfo.java:getPort(196)) - ConfigKey ozone.scm.block.client.address is deprecated, For configuring different ports for each SCM use PortConfigKey ozone.scm.block.client.port appended with serviceId and nodeId
2021-04-07 10:29:52,442 [Listener at 0.0.0.0/12081] INFO  ha.SCMNodeInfo (SCMNodeInfo.java:getPort(196)) - ConfigKey ozone.scm.datanode.address is deprecated, For configuring different ports for each SCM use PortConfigKey ozone.scm.datanode.port appended with serviceId and nodeId
2021-04-07 10:29:52,455 [Socket Reader #1 for port 12080] INFO  ipc.Server (Server.java:run(1255)) - Starting Socket Reader #1 for port 12080
2021-04-07 10:29:52,455 [org.apache.ratis.util.JvmPauseMonitor$$Lambda$414/2143754043@1c48de9a] INFO  util.JvmPauseMonitor (JvmPauseMonitor.java:run(103)) - JvmPauseMonitor-a5be5b0f-9350-46e7-812c-10c59b61567d: Started
2021-04-07 10:29:52,457 [IPC Server handler 2 on default port 12070] INFO  ha.SCMRatisServerImpl (SCMRatisServerImpl.java:addSCM(282)) - beead88b-b48c-456f-a06d-e1162d1174c1: Submitting SetConfiguration request to Ratis server with new SCM peers list: [beead88b-b48c-456f-a06d-e1162d1174c1|rpc:localhost:12068|admin:|client:|dataStream:|priority:0, a5be5b0f-9350-46e7-812c-10c59b61567d|rpc:localhost:12078|priority:0]
2021-04-07 10:29:52,457 [IPC Server handler 2 on default port 12070] INFO  server.RaftServer$Division (RaftServerImpl.java:setConfigurationAsync(953)) - beead88b-b48c-456f-a06d-e1162d1174c1@group-A8E56AEC5900: receive setConfiguration SetConfigurationRequest:client-613F7AF38BC4->beead88b-b48c-456f-a06d-e1162d1174c1@group-A8E56AEC5900, cid=0, seq=0, RW, null, peers:[beead88b-b48c-456f-a06d-e1162d1174c1|rpc:localhost:12068|admin:|client:|dataStream:|priority:0, a5be5b0f-9350-46e7-812c-10c59b61567d|rpc:localhost:12078|priority:0]
2021-04-07 10:29:52,457 [IPC Server handler 2 on default port 12070] INFO  server.RaftServer$Division (LeaderStateImpl.java:startSetConfiguration(345)) - beead88b-b48c-456f-a06d-e1162d1174c1@group-A8E56AEC5900-LeaderStateImpl: startSetConfiguration SetConfigurationRequest:client-613F7AF38BC4->beead88b-b48c-456f-a06d-e1162d1174c1@group-A8E56AEC5900, cid=0, seq=0, RW, null, peers:[beead88b-b48c-456f-a06d-e1162d1174c1|rpc:localhost:12068|admin:|client:|dataStream:|priority:0, a5be5b0f-9350-46e7-812c-10c59b61567d|rpc:localhost:12078|priority:0]
2021-04-07 10:29:52,457 [IPC Server handler 2 on default port 12070] INFO  server.RaftServerConfigKeys (ConfUtils.java:logGet(44)) - raft.server.log.appender.snapshot.chunk.size.max = 16MB (=16777216) (default)
2021-04-07 10:29:52,457 [IPC Server handler 2 on default port 12070] INFO  server.RaftServerConfigKeys (ConfUtils.java:logGet(44)) - raft.server.log.appender.buffer.byte-limit = 33554432 (custom)
2021-04-07 10:29:52,457 [IPC Server handler 2 on default port 12070] INFO  server.RaftServerConfigKeys (ConfUtils.java:logGet(44)) - raft.server.log.appender.buffer.element-limit = 33554432 (custom)
2021-04-07 10:29:52,508 [IPC Server handler 2 on default port 12070] INFO  grpc.GrpcConfigKeys (ConfUtils.java:logGet(44)) - raft.grpc.server.leader.outstanding.appends.max = 128 (default)
2021-04-07 10:29:52,508 [IPC Server handler 2 on default port 12070] INFO  server.RaftServerConfigKeys (ConfUtils.java:logGet(44)) - raft.server.rpc.request.timeout = 3000ms (default)
2021-04-07 10:29:52,508 [IPC Server handler 2 on default port 12070] INFO  server.RaftServerConfigKeys (ConfUtils.java:logGet(44)) - raft.server.log.appender.install.snapshot.enabled = false (custom)
2021-04-07 10:29:52,508 [IPC Server handler 2 on default port 12070] INFO  metrics.RatisMetrics (RatisMetrics.java:lambda$create$0(36)) - Creating Metrics Registry : ratis_grpc.log_appender.beead88b-b48c-456f-a06d-e1162d1174c1@group-A8E56AEC5900
2021-04-07 10:29:52,514 [grpc-default-executor-4] INFO  metrics.RatisMetrics (RatisMetrics.java:lambda$create$0(36)) - Creating Metrics Registry : ratis.server_message_metrics.a5be5b0f-9350-46e7-812c-10c59b61567d
2021-04-07 10:29:52,516 [grpc-default-executor-4] INFO  ha.SCMStateMachine (SCMStateMachine.java:notifyLeaderChanged(206)) - leader changed, yet current SCM is still follower.
2021-04-07 10:29:52,516 [grpc-default-executor-4] INFO  server.RaftServer$Division (ServerState.java:setLeader(271)) - a5be5b0f-9350-46e7-812c-10c59b61567d@group-A8E56AEC5900: change Leader from null to beead88b-b48c-456f-a06d-e1162d1174c1 at term 2 for appendEntries, leader elected after 112ms
2021-04-07 10:29:52,517 [grpc-default-executor-4] INFO  impl.RoleInfo (RoleInfo.java:updateAndGet(130)) - a5be5b0f-9350-46e7-812c-10c59b61567d: start a5be5b0f-9350-46e7-812c-10c59b61567d@group-A8E56AEC5900-FollowerState
2021-04-07 10:29:52,520 [grpc-default-executor-4] INFO  server.RaftServer$Division (ServerState.java:setRaftConf(373)) - a5be5b0f-9350-46e7-812c-10c59b61567d@group-A8E56AEC5900: set configuration 0: [beead88b-b48c-456f-a06d-e1162d1174c1|rpc:localhost:12068|admin:|client:|dataStream:|priority:0], old=null
2021-04-07 10:29:52,521 [grpc-default-executor-4] INFO  server.RaftServer$Division (ServerState.java:setRaftConf(373)) - a5be5b0f-9350-46e7-812c-10c59b61567d@group-A8E56AEC5900: set configuration 1: [beead88b-b48c-456f-a06d-e1162d1174c1|rpc:localhost:12068|admin:|client:|dataStream:|priority:0], old=null
2021-04-07 10:29:52,521 [grpc-default-executor-4] INFO  segmented.SegmentedRaftLogWorker (SegmentedRaftLogWorker.java:startLogSegment(394)) - a5be5b0f-9350-46e7-812c-10c59b61567d@group-A8E56AEC5900-SegmentedRaftLogWorker: Starting segment from index:0
2021-04-07 10:29:52,521 [grpc-default-executor-4] INFO  segmented.SegmentedRaftLogWorker (SegmentedRaftLogWorker.java:rollLogSegment(399)) - a5be5b0f-9350-46e7-812c-10c59b61567d@group-A8E56AEC5900-SegmentedRaftLogWorker: Rolling segment log-0_0 to index:0
2021-04-07 10:29:52,522 [a5be5b0f-9350-46e7-812c-10c59b61567d@group-A8E56AEC5900-SegmentedRaftLogWorker] INFO  segmented.SegmentedRaftLogWorker (SegmentedRaftLogWorker.java:execute(601)) - a5be5b0f-9350-46e7-812c-10c59b61567d@group-A8E56AEC5900-SegmentedRaftLogWorker: created new log segment /github/workspace/mnt/ozone/hadoop-ozone/integration-test/target/test-dir/MiniOzoneClusterImpl-51c72f67-962b-4c5d-8db7-a8e56aec5900/scmNode-2/scm-ha/51c72f67-962b-4c5d-8db7-a8e56aec5900/current/log_inprogress_0
2021-04-07 10:29:52,523 [a5be5b0f-9350-46e7-812c-10c59b61567d@group-A8E56AEC5900-SegmentedRaftLogWorker] INFO  segmented.SegmentedRaftLogWorker (SegmentedRaftLogWorker.java:execute(558)) - a5be5b0f-9350-46e7-812c-10c59b61567d@group-A8E56AEC5900-SegmentedRaftLogWorker: Rolled log segment from /github/workspace/mnt/ozone/hadoop-ozone/integration-test/target/test-dir/MiniOzoneClusterImpl-51c72f67-962b-4c5d-8db7-a8e56aec5900/scmNode-2/scm-ha/51c72f67-962b-4c5d-8db7-a8e56aec5900/current/log_inprogress_0 to /github/workspace/mnt/ozone/hadoop-ozone/integration-test/target/test-dir/MiniOzoneClusterImpl-51c72f67-962b-4c5d-8db7-a8e56aec5900/scmNode-2/scm-ha/51c72f67-962b-4c5d-8db7-a8e56aec5900/current/log_0-0
2021-04-07 10:29:52,524 [a5be5b0f-9350-46e7-812c-10c59b61567d@group-A8E56AEC5900-SegmentedRaftLogWorker] INFO  segmented.SegmentedRaftLogWorker (SegmentedRaftLogWorker.java:execute(601)) - a5be5b0f-9350-46e7-812c-10c59b61567d@group-A8E56AEC5900-SegmentedRaftLogWorker: created new log segment /github/workspace/mnt/ozone/hadoop-ozone/integration-test/target/test-dir/MiniOzoneClusterImpl-51c72f67-962b-4c5d-8db7-a8e56aec5900/scmNode-2/scm-ha/51c72f67-962b-4c5d-8db7-a8e56aec5900/current/log_inprogress_1
2021-04-07 10:29:52,529 [EndpointStateMachine task thread for /127.0.0.1:15007 - 0 ] INFO  ipc.Client (Client.java:handleConnectionFailure(966)) - Retrying connect to server: localhost/127.0.0.1:15007. Already tried 8 time(s); retry policy is RetryUpToMaximumCountWithFixedSleep(maxRetries=15, sleepTime=1000 MILLISECONDS)
2021-04-07 10:29:52,529 [beead88b-b48c-456f-a06d-e1162d1174c1@group-A8E56AEC5900-LeaderStateImpl] INFO  server.RaftServer$Division (ServerState.java:setRaftConf(373)) - beead88b-b48c-456f-a06d-e1162d1174c1@group-A8E56AEC5900: set configuration 3: [a5be5b0f-9350-46e7-812c-10c59b61567d|rpc:localhost:12078|priority:0, beead88b-b48c-456f-a06d-e1162d1174c1|rpc:localhost:12068|admin:|client:|dataStream:|priority:0], old=[beead88b-b48c-456f-a06d-e1162d1174c1|rpc:localhost:12068|admin:|client:|dataStream:|priority:0]
2021-04-07 10:29:52,530 [grpc-default-executor-4] INFO  server.RaftServer$Division (ServerState.java:setRaftConf(373)) - a5be5b0f-9350-46e7-812c-10c59b61567d@group-A8E56AEC5900: set configuration 3: [a5be5b0f-9350-46e7-812c-10c59b61567d|rpc:localhost:12078|admin:|client:|dataStream:|priority:0, beead88b-b48c-456f-a06d-e1162d1174c1|rpc:localhost:12068|admin:|client:|dataStream:|priority:0], old=[beead88b-b48c-456f-a06d-e1162d1174c1|rpc:localhost:12068|admin:|client:|dataStream:|priority:0]
2021-04-07 10:29:52,537 [beead88b-b48c-456f-a06d-e1162d1174c1@group-A8E56AEC5900-LeaderStateImpl] INFO  server.RaftServer$Division (ServerState.java:setRaftConf(373)) - beead88b-b48c-456f-a06d-e1162d1174c1@group-A8E56AEC5900: set configuration 5: [a5be5b0f-9350-46e7-812c-10c59b61567d|rpc:localhost:12078|priority:0, beead88b-b48c-456f-a06d-e1162d1174c1|rpc:localhost:12068|admin:|client:|dataStream:|priority:0], old=null
2021-04-07 10:29:52,537 [grpc-default-executor-4] INFO  server.RaftServer$Division (ServerState.java:setRaftConf(373)) - a5be5b0f-9350-46e7-812c-10c59b61567d@group-A8E56AEC5900: set configuration 5: [a5be5b0f-9350-46e7-812c-10c59b61567d|rpc:localhost:12078|admin:|client:|dataStream:|priority:0, beead88b-b48c-456f-a06d-e1162d1174c1|rpc:localhost:12068|admin:|client:|dataStream:|priority:0], old=null
2021-04-07 10:29:52,542 [IPC Server handler 2 on default port 12070] INFO  ha.SCMRatisServerImpl (SCMRatisServerImpl.java:addSCM(293)) - Successfully added new SCM: a5be5b0f-9350-46e7-812c-10c59b61567d.
2021-04-07 10:29:52,543 [Listener at 0.0.0.0/12081] INFO  impl.MetricsSystemImpl (MetricsSystemImpl.java:init(158)) - StorageContainerManager metrics system started (again)
2021-04-07 10:29:52,548 [Listener at 0.0.0.0/12081] INFO  server.SCMClientProtocolServer (SCMClientProtocolServer.java:start(155)) - RPC server for Client  is listening at /0.0.0.0:12081
2021-04-07 10:29:52,548 [IPC Server Responder] INFO  ipc.Server (Server.java:run(1497)) - IPC Server Responder: starting
2021-04-07 10:29:52,548 [IPC Server listener on 12081] INFO  ipc.Server (Server.java:run(1334)) - IPC Server listener on 12081: starting
2021-04-07 10:29:52,559 [Listener at 0.0.0.0/12081] INFO  server.StorageContainerManager (StorageContainerManager.java:start(1136)) - ScmBlockLocationProtocol RPC server is listening at /0.0.0.0:12080
2021-04-07 10:29:52,560 [Listener at 0.0.0.0/12081] INFO  server.SCMBlockProtocolServer (SCMBlockProtocolServer.java:start(149)) - RPC server for Block Protocol is listening at /0.0.0.0:12080
2021-04-07 10:29:52,560 [IPC Server Responder] INFO  ipc.Server (Server.java:run(1497)) - IPC Server Responder: starting
2021-04-07 10:29:52,561 [IPC Server listener on 12080] INFO  ipc.Server (Server.java:run(1334)) - IPC Server listener on 12080: starting
2021-04-07 10:29:52,574 [Listener at 0.0.0.0/12081] INFO  server.StorageContainerManager (StorageContainerManager.java:start(1142)) - ScmDatanodeProtocl RPC server is listening at /0.0.0.0:12079
2021-04-07 10:29:52,574 [Listener at 0.0.0.0/12081] INFO  server.SCMDatanodeProtocolServer (SCMDatanodeProtocolServer.java:start(174)) - RPC server for DataNodes is listening at /0.0.0.0:12079
2021-04-07 10:29:52,575 [IPC Server Responder] INFO  ipc.Server (Server.java:run(1497)) - IPC Server Responder: starting
2021-04-07 10:29:52,575 [IPC Server listener on 12079] INFO  ipc.Server (Server.java:run(1334)) - IPC Server listener on 12079: starting
2021-04-07 10:29:52,583 [org.apache.hadoop.util.JvmPauseMonitor$Monitor@47374f60] INFO  util.JvmPauseMonitor (JvmPauseMonitor.java:run(188)) - Starting JVM pause monitor
2021-04-07 10:29:52,588 [Listener at 0.0.0.0/12081] INFO  http.BaseHttpServer (BaseHttpServer.java:newHttpServer2BuilderForOzone(207)) - Starting Web-server for scm at: http://0.0.0.0:12076
2021-04-07 10:29:52,588 [Listener at 0.0.0.0/12081] INFO  http.BaseHttpServer (BaseHttpServer.java:<init>(106)) - Hadoop Security Enabled: false Ozone Security Enabled: false Ozone HTTP Security Enabled: false 
2021-04-07 10:29:52,591 [Listener at 0.0.0.0/12081] INFO  server.AuthenticationFilter (AuthenticationFilter.java:constructSecretProvider(240)) - Unable to initialize FileSignerSecretProvider, falling back to use random secrets.
2021-04-07 10:29:52,591 [EndpointStateMachine task thread for /127.0.0.1:13605 - 0 ] INFO  ipc.Client (Client.java:handleConnectionFailure(966)) - Retrying connect to server: localhost/127.0.0.1:13605. Already tried 5 time(s); retry policy is RetryUpToMaximumCountWithFixedSleep(maxRetries=15, sleepTime=1000 MILLISECONDS)
2021-04-07 10:29:52,591 [EndpointStateMachine task thread for /127.0.0.1:13625 - 0 ] INFO  ipc.Client (Client.java:handleConnectionFailure(966)) - Retrying connect to server: localhost/127.0.0.1:13625. Already tried 4 time(s); retry policy is RetryUpToMaximumCountWithFixedSleep(maxRetries=15, sleepTime=1000 MILLISECONDS)
2021-04-07 10:29:52,592 [Listener at 0.0.0.0/12081] WARN  http.HttpRequestLog (HttpRequestLog.java:getRequestLog(103)) - Jetty request log can only be enabled using Log4j
2021-04-07 10:29:52,592 [Listener at 0.0.0.0/12081] INFO  http.HttpServer2 (HttpServer2.java:addGlobalFilter(1020)) - Added global filter 'safety' (class=org.apache.hadoop.hdds.server.http.HttpServer2$QuotingInputFilter)
2021-04-07 10:29:52,593 [Listener at 0.0.0.0/12081] INFO  http.HttpServer2 (HttpServer2.java:addFilter(996)) - Added filter static_user_filter (class=org.apache.hadoop.http.lib.StaticUserWebFilter$StaticUserFilter) to context scm
2021-04-07 10:29:52,593 [Listener at 0.0.0.0/12081] INFO  http.HttpServer2 (HttpServer2.java:addFilter(1004)) - Added filter static_user_filter (class=org.apache.hadoop.http.lib.StaticUserWebFilter$StaticUserFilter) to context logs
2021-04-07 10:29:52,593 [Listener at 0.0.0.0/12081] INFO  http.HttpServer2 (HttpServer2.java:addFilter(1004)) - Added filter static_user_filter (class=org.apache.hadoop.http.lib.StaticUserWebFilter$StaticUserFilter) to context static
2021-04-07 10:29:52,594 [Listener at 0.0.0.0/12081] INFO  http.HttpServer2 (HttpServer2.java:bindListener(1238)) - Jetty bound to port 12076
2021-04-07 10:29:52,594 [Listener at 0.0.0.0/12081] INFO  server.Server (Server.java:doStart(375)) - jetty-9.4.35.v20201120; built: 2020-11-20T21:17:03.964Z; git: bdc54f03a5e0a7e280fab27f55c3c75ee8da89fb; jvm 1.8.0_232-b09
2021-04-07 10:29:52,596 [Listener at 0.0.0.0/12081] INFO  server.session (DefaultSessionIdManager.java:doStart(334)) - DefaultSessionIdManager workerName=node0
2021-04-07 10:29:52,596 [Listener at 0.0.0.0/12081] INFO  server.session (DefaultSessionIdManager.java:doStart(339)) - No SessionScavenger set, using defaults
2021-04-07 10:29:52,598 [Listener at 0.0.0.0/12081] INFO  server.session (HouseKeeper.java:startScavenging(132)) - node0 Scavenging every 660000ms
2021-04-07 10:29:52,599 [Listener at 0.0.0.0/12081] INFO  handler.ContextHandler (ContextHandler.java:doStart(916)) - Started o.e.j.s.ServletContextHandler@3fc2862b{logs,/logs,file:///github/workspace/mnt/ozone/hadoop-ozone/integration-test/target/log,AVAILABLE}
2021-04-07 10:29:52,599 [Listener at 0.0.0.0/12081] INFO  handler.ContextHandler (ContextHandler.java:doStart(916)) - Started o.e.j.s.ServletContextHandler@32515f98{static,/static,file:///github/workspace/mnt/ozone/hadoop-ozone/integration-test/target/test-classes/webapps/static,AVAILABLE}
2021-04-07 10:29:52,606 [Listener at 0.0.0.0/12081] INFO  handler.ContextHandler (ContextHandler.java:doStart(916)) - Started o.e.j.w.WebAppContext@505c1358{scm,/,file:///github/workspace/mnt/ozone/hadoop-ozone/integration-test/target/test-classes/webapps/scm/,AVAILABLE}{file:/github/workspace/mnt/ozone/hadoop-ozone/integration-test/target/test-classes/webapps/scm}
2021-04-07 10:29:52,612 [Listener at 0.0.0.0/12081] INFO  server.AbstractConnector (AbstractConnector.java:doStart(331)) - Started ServerConnector@35c2a9ab{HTTP/1.1, (http/1.1)}{0.0.0.0:12076}
2021-04-07 10:29:52,612 [Listener at 0.0.0.0/12081] INFO  server.Server (Server.java:doStart(415)) - Started @115040ms
2021-04-07 10:29:52,612 [Listener at 0.0.0.0/12081] WARN  impl.MetricsSystemImpl (MetricsSystemImpl.java:register(279)) - Sink prometheus already exists!
2021-04-07 10:29:52,620 [Listener at 0.0.0.0/12081] INFO  http.BaseHttpServer (BaseHttpServer.java:updateConnectorAddress(327)) - HTTP server of scm listening at http://0.0.0.0:12076
2021-04-07 10:29:52,620 [Listener at 0.0.0.0/12081] INFO  ozone.MiniOzoneHAClusterImpl (MiniOzoneHAClusterImpl.java:createSCMService(536)) - Started SCM RPC server at org.apache.hadoop.hdds.scm.server.SCMClientProtocolServer@79b22b6e
2021-04-07 10:29:52,620 [Listener at 0.0.0.0/12081] INFO  ha.SCMHANodeDetails (SCMHANodeDetails.java:loadSCMHAConfig(150)) - ServiceID for StorageContainerManager is scm-service-test1
2021-04-07 10:29:52,620 [Listener at 0.0.0.0/12081] INFO  ha.SCMHANodeDetails (SCMHANodeDetails.java:loadSCMHAConfig(161)) - ServiceID for StorageContainerManager is scm-service-test1
2021-04-07 10:29:52,621 [Listener at 0.0.0.0/12081] INFO  ha.SCMHANodeDetails (SCMHANodeDetails.java:loadSCMHAConfig(240)) - Found matching SCM address with SCMServiceId: scm-service-test1, SCMNodeId: scmNode-3, RPC Address: localhost:12088 and Ratis port: 12088
2021-04-07 10:29:52,621 [Listener at 0.0.0.0/12081] INFO  ha.SCMHANodeDetails (ConfUtils.java:setNodeSpecificConfigs(105)) - Setting configuration key ozone.scm.datanode.address with value of key ozone.scm.datanode.address.scm-service-test1.scmNode-3: 127.0.0.1:12089
2021-04-07 10:29:52,621 [Listener at 0.0.0.0/12081] INFO  ha.SCMHANodeDetails (ConfUtils.java:setNodeSpecificConfigs(105)) - Setting configuration key ozone.scm.block.client.address with value of key ozone.scm.block.client.address.scm-service-test1.scmNode-3: 127.0.0.1:12090
2021-04-07 10:29:52,621 [Listener at 0.0.0.0/12081] INFO  ha.SCMHANodeDetails (ConfUtils.java:setNodeSpecificConfigs(105)) - Setting configuration key ozone.scm.client.address with value of key ozone.scm.client.address.scm-service-test1.scmNode-3: 127.0.0.1:12091
2021-04-07 10:29:52,621 [Listener at 0.0.0.0/12081] INFO  ha.SCMHANodeDetails (ConfUtils.java:setNodeSpecificConfigs(105)) - Setting configuration key ozone.scm.ratis.port with value of key ozone.scm.ratis.port.scm-service-test1.scmNode-3: 12088
2021-04-07 10:29:52,621 [Listener at 0.0.0.0/12081] INFO  ha.SCMHANodeDetails (ConfUtils.java:setNodeSpecificConfigs(105)) - Setting configuration key ozone.scm.grpc.port with value of key ozone.scm.grpc.port.scm-service-test1.scmNode-3: 12092
2021-04-07 10:29:52,621 [Listener at 0.0.0.0/12081] INFO  ha.SCMHANodeDetails (ConfUtils.java:setNodeSpecificConfigs(105)) - Setting configuration key ozone.scm.http-address with value of key ozone.scm.http-address.scm-service-test1.scmNode-3: 127.0.0.1:12086
2021-04-07 10:29:52,621 [Listener at 0.0.0.0/12081] INFO  ha.SCMHANodeDetails (ConfUtils.java:setNodeSpecificConfigs(105)) - Setting configuration key ozone.scm.https-address with value of key ozone.scm.https-address.scm-service-test1.scmNode-3: 127.0.0.1:12087
2021-04-07 10:29:52,621 [Listener at 0.0.0.0/12081] INFO  ha.SCMHANodeDetails (ConfUtils.java:setNodeSpecificConfigs(105)) - Setting configuration key ozone.scm.address with value of key ozone.scm.address.scm-service-test1.scmNode-3: 127.0.0.1
2021-04-07 10:29:52,621 [Listener at 0.0.0.0/12081] WARN  server.ServerUtils (ServerUtils.java:getScmDbDir(148)) - ozone.scm.db.dirs is not configured. We recommend adding this setting. Falling back to ozone.metadata.dirs instead.
2021-04-07 10:29:52,622 [Listener at 0.0.0.0/12081] INFO  ha.SCMNodeInfo (SCMNodeInfo.java:getPort(196)) - ConfigKey ozone.scm.client.address is deprecated, For configuring different ports for each SCM use PortConfigKey ozone.scm.client.port appended with serviceId and nodeId
2021-04-07 10:29:52,623 [Listener at 0.0.0.0/12081] INFO  ha.SCMNodeInfo (SCMNodeInfo.java:getPort(196)) - ConfigKey ozone.scm.block.client.address is deprecated, For configuring different ports for each SCM use PortConfigKey ozone.scm.block.client.port appended with serviceId and nodeId
2021-04-07 10:29:52,623 [Listener at 0.0.0.0/12081] INFO  ha.SCMNodeInfo (SCMNodeInfo.java:getPort(196)) - ConfigKey ozone.scm.datanode.address is deprecated, For configuring different ports for each SCM use PortConfigKey ozone.scm.datanode.port appended with serviceId and nodeId
2021-04-07 10:29:52,623 [Listener at 0.0.0.0/12081] INFO  ha.SCMNodeInfo (SCMNodeInfo.java:getPort(196)) - ConfigKey ozone.scm.client.address is deprecated, For configuring different ports for each SCM use PortConfigKey ozone.scm.client.port appended with serviceId and nodeId
2021-04-07 10:29:52,623 [Listener at 0.0.0.0/12081] INFO  ha.SCMNodeInfo (SCMNodeInfo.java:getPort(196)) - ConfigKey ozone.scm.block.client.address is deprecated, For configuring different ports for each SCM use PortConfigKey ozone.scm.block.client.port appended with serviceId and nodeId
2021-04-07 10:29:52,623 [Listener at 0.0.0.0/12081] INFO  ha.SCMNodeInfo (SCMNodeInfo.java:getPort(196)) - ConfigKey ozone.scm.datanode.address is deprecated, For configuring different ports for each SCM use PortConfigKey ozone.scm.datanode.port appended with serviceId and nodeId
2021-04-07 10:29:52,623 [Listener at 0.0.0.0/12081] INFO  ha.SCMNodeInfo (SCMNodeInfo.java:getPort(196)) - ConfigKey ozone.scm.client.address is deprecated, For configuring different ports for each SCM use PortConfigKey ozone.scm.client.port appended with serviceId and nodeId
2021-04-07 10:29:52,623 [Listener at 0.0.0.0/12081] INFO  ha.SCMNodeInfo (SCMNodeInfo.java:getPort(196)) - ConfigKey ozone.scm.block.client.address is deprecated, For configuring different ports for each SCM use PortConfigKey ozone.scm.block.client.port appended with serviceId and nodeId
2021-04-07 10:29:52,623 [Listener at 0.0.0.0/12081] INFO  ha.SCMNodeInfo (SCMNodeInfo.java:getPort(196)) - ConfigKey ozone.scm.datanode.address is deprecated, For configuring different ports for each SCM use PortConfigKey ozone.scm.datanode.port appended with serviceId and nodeId
2021-04-07 10:29:52,629 [Listener at 0.0.0.0/12081] INFO  server.StorageContainerManager (StorageContainerManager.java:scmBootstrap(877)) - SCM BootStrap  is successful for ClusterID 51c72f67-962b-4c5d-8db7-a8e56aec5900, SCMID f904a2c0-efdb-4961-aec5-d1b7b520059b
2021-04-07 10:29:52,629 [Listener at 0.0.0.0/12081] INFO  server.StorageContainerManager (StorageContainerManager.java:scmBootstrap(879)) - Primary SCM Node ID beead88b-b48c-456f-a06d-e1162d1174c1
2021-04-07 10:29:52,629 [Listener at 0.0.0.0/12081] INFO  ha.SCMHANodeDetails (SCMHANodeDetails.java:loadSCMHAConfig(150)) - ServiceID for StorageContainerManager is scm-service-test1
2021-04-07 10:29:52,629 [Listener at 0.0.0.0/12081] INFO  ha.SCMHANodeDetails (SCMHANodeDetails.java:loadSCMHAConfig(161)) - ServiceID for StorageContainerManager is scm-service-test1
2021-04-07 10:29:52,629 [Listener at 0.0.0.0/12081] INFO  ha.SCMHANodeDetails (SCMHANodeDetails.java:loadSCMHAConfig(240)) - Found matching SCM address with SCMServiceId: scm-service-test1, SCMNodeId: scmNode-3, RPC Address: localhost:12088 and Ratis port: 12088
2021-04-07 10:29:52,629 [Listener at 0.0.0.0/12081] INFO  ha.SCMHANodeDetails (ConfUtils.java:setNodeSpecificConfigs(105)) - Setting configuration key ozone.scm.datanode.address with value of key ozone.scm.datanode.address.scm-service-test1.scmNode-3: 127.0.0.1:12089
2021-04-07 10:29:52,629 [Listener at 0.0.0.0/12081] INFO  ha.SCMHANodeDetails (ConfUtils.java:setNodeSpecificConfigs(105)) - Setting configuration key ozone.scm.block.client.address with value of key ozone.scm.block.client.address.scm-service-test1.scmNode-3: 127.0.0.1:12090
2021-04-07 10:29:52,629 [Listener at 0.0.0.0/12081] INFO  ha.SCMHANodeDetails (ConfUtils.java:setNodeSpecificConfigs(105)) - Setting configuration key ozone.scm.client.address with value of key ozone.scm.client.address.scm-service-test1.scmNode-3: 127.0.0.1:12091
2021-04-07 10:29:52,630 [Listener at 0.0.0.0/12081] INFO  ha.SCMHANodeDetails (ConfUtils.java:setNodeSpecificConfigs(105)) - Setting configuration key ozone.scm.ratis.port with value of key ozone.scm.ratis.port.scm-service-test1.scmNode-3: 12088
2021-04-07 10:29:52,630 [Listener at 0.0.0.0/12081] INFO  ha.SCMHANodeDetails (ConfUtils.java:setNodeSpecificConfigs(105)) - Setting configuration key ozone.scm.grpc.port with value of key ozone.scm.grpc.port.scm-service-test1.scmNode-3: 12092
2021-04-07 10:29:52,630 [Listener at 0.0.0.0/12081] INFO  ha.SCMHANodeDetails (ConfUtils.java:setNodeSpecificConfigs(105)) - Setting configuration key ozone.scm.http-address with value of key ozone.scm.http-address.scm-service-test1.scmNode-3: 127.0.0.1:12086
2021-04-07 10:29:52,630 [Listener at 0.0.0.0/12081] INFO  ha.SCMHANodeDetails (ConfUtils.java:setNodeSpecificConfigs(105)) - Setting configuration key ozone.scm.https-address with value of key ozone.scm.https-address.scm-service-test1.scmNode-3: 127.0.0.1:12087
2021-04-07 10:29:52,630 [Listener at 0.0.0.0/12081] INFO  ha.SCMHANodeDetails (ConfUtils.java:setNodeSpecificConfigs(105)) - Setting configuration key ozone.scm.address with value of key ozone.scm.address.scm-service-test1.scmNode-3: 127.0.0.1
2021-04-07 10:29:52,630 [Listener at 0.0.0.0/12081] WARN  server.ServerUtils (ServerUtils.java:getScmDbDir(148)) - ozone.scm.db.dirs is not configured. We recommend adding this setting. Falling back to ozone.metadata.dirs instead.
2021-04-07 10:29:52,631 [Listener at 0.0.0.0/12081] WARN  utils.HAUtils (HAUtils.java:getMetaDir(331)) - ozone.scm.db.dirs is not configured. We recommend adding this setting. Falling back to ozone.metadata.dirs instead.
2021-04-07 10:29:52,631 [Listener at 0.0.0.0/12081] WARN  db.DBStoreBuilder (DBStoreBuilder.java:applyDBDefinition(145)) - ozone.scm.db.dirs is not configured. We recommend adding this setting. Falling back to ozone.metadata.dirs instead.
2021-04-07 10:29:52,674 [Listener at 0.0.0.0/12081] INFO  net.NodeSchemaLoader (NodeSchemaLoader.java:loadSchemaFromFile(129)) - Loading schema from [jar:file:/home/user/.m2/repository/org/apache/hadoop/hadoop-hdds-common/1.1.0-SNAPSHOT/hadoop-hdds-common-1.1.0-SNAPSHOT.jar!/network-topology-default.xml, jar:file:/home/user/.m2/repository/org/apache/hadoop/hadoop-ozone-ozone-manager/1.1.0-SNAPSHOT/hadoop-ozone-ozone-manager-1.1.0-SNAPSHOT-tests.jar!/network-topology-default.xml, jar:file:/home/user/.m2/repository/org/apache/hadoop/hadoop-hdds-server-scm/1.1.0-SNAPSHOT/hadoop-hdds-server-scm-1.1.0-SNAPSHOT-tests.jar!/network-topology-default.xml]
2021-04-07 10:29:52,674 [Listener at 0.0.0.0/12081] INFO  net.NodeSchemaLoader (NodeSchemaLoader.java:loadSchema(176)) - Loading network topology layer schema file
2021-04-07 10:29:52,677 [Listener at 0.0.0.0/12081] INFO  ha.SCMRatisServerImpl (SCMRatisServerImpl.java:<init>(83)) - starting Raft server for scm:f904a2c0-efdb-4961-aec5-d1b7b520059b
2021-04-07 10:29:52,677 [Listener at 0.0.0.0/12081] INFO  server.RaftServer (ConfUtils.java:logGet(44)) - raft.rpc.type = GRPC (default)
2021-04-07 10:29:52,677 [Listener at 0.0.0.0/12081] INFO  grpc.GrpcFactory (GrpcFactory.java:checkPooledByteBufAllocatorUseCacheForAllThreads(48)) - PERFORMANCE WARNING: useCacheForAllThreads is true that may cause Netty to create a lot garbage objects and, as a result, trigger GC.
	It is recommended to disable useCacheForAllThreads by setting -Dorg.apache.ratis.thirdparty.io.netty.allocator.useCacheForAllThreads=false in command line.
2021-04-07 10:29:52,677 [Listener at 0.0.0.0/12081] INFO  grpc.GrpcConfigKeys (ConfUtils.java:logGet(44)) - raft.grpc.admin.port = -1 (default)
2021-04-07 10:29:52,678 [Listener at 0.0.0.0/12081] INFO  grpc.GrpcConfigKeys (ConfUtils.java:logGet(44)) - raft.grpc.server.port = 12088 (custom)
2021-04-07 10:29:52,678 [Listener at 0.0.0.0/12081] INFO  grpc.GrpcConfigKeys (ConfUtils.java:logGet(44)) - raft.grpc.client.port = -1 (default)
2021-04-07 10:29:52,678 [Listener at 0.0.0.0/12081] INFO  grpc.GrpcConfigKeys (ConfUtils.java:logGet(44)) - raft.grpc.server.port = 12088 (custom)
2021-04-07 10:29:52,678 [Listener at 0.0.0.0/12081] INFO  grpc.GrpcConfigKeys (ConfUtils.java:logGet(44)) - raft.grpc.server.port = 12088 (custom)
2021-04-07 10:29:52,678 [Listener at 0.0.0.0/12081] INFO  server.GrpcService (ConfUtils.java:logGet(44)) - raft.grpc.message.size.max = 32m (=33554432) (custom)
2021-04-07 10:29:52,678 [Listener at 0.0.0.0/12081] INFO  server.RaftServerConfigKeys (ConfUtils.java:logGet(44)) - raft.server.log.appender.buffer.byte-limit = 33554432 (custom)
2021-04-07 10:29:52,678 [Listener at 0.0.0.0/12081] INFO  server.GrpcService (ConfUtils.java:logGet(44)) - raft.grpc.flow.control.window = 1MB (=1048576) (default)
2021-04-07 10:29:52,678 [Listener at 0.0.0.0/12081] INFO  server.RaftServerConfigKeys (ConfUtils.java:logGet(44)) - raft.server.rpc.request.timeout = 3000ms (default)
2021-04-07 10:29:52,679 [Listener at 0.0.0.0/12081] INFO  impl.DataStreamServerImpl (ConfUtils.java:logGet(44)) - raft.datastream.type = DISABLED (default)
2021-04-07 10:29:52,679 [Listener at 0.0.0.0/12081] INFO  server.RaftServerConfigKeys (ConfUtils.java:logGet(44)) - raft.server.rpc.slowness.timeout = 120000ms (custom)
2021-04-07 10:29:52,680 [Listener at 0.0.0.0/12081] INFO  server.RaftServerConfigKeys (ConfUtils.java:logGet(44)) - raft.server.leaderelection.leader.step-down.wait-time = 10s (default)
2021-04-07 10:29:52,680 [Listener at 0.0.0.0/12081] INFO  server.RaftServerConfigKeys (ConfUtils.java:logGet(44)) - raft.server.storage.dir = [/github/workspace/mnt/ozone/hadoop-ozone/integration-test/target/test-dir/MiniOzoneClusterImpl-51c72f67-962b-4c5d-8db7-a8e56aec5900/scmNode-3/scm-ha] (custom)
2021-04-07 10:29:52,680 [Listener at 0.0.0.0/12081] INFO  server.RaftServer (RaftServerProxy.java:addNew(95)) - f904a2c0-efdb-4961-aec5-d1b7b520059b: addNew group-A8E56AEC5900:[] returns group-A8E56AEC5900:java.util.concurrent.CompletableFuture@18309181[Not completed]
2021-04-07 10:29:52,680 [pool-356-thread-1] INFO  server.RaftServer$Division (RaftServerImpl.java:<init>(180)) - f904a2c0-efdb-4961-aec5-d1b7b520059b: new RaftServerImpl for group-A8E56AEC5900:[] with SCMStateMachine:uninitialized
2021-04-07 10:29:52,681 [pool-356-thread-1] INFO  server.RaftServerConfigKeys (ConfUtils.java:logGet(44)) - raft.server.rpc.timeout.min = 5000ms (custom)
2021-04-07 10:29:52,681 [pool-356-thread-1] INFO  server.RaftServerConfigKeys (ConfUtils.java:logGet(44)) - raft.server.rpc.timeout.max = 5200ms (custom)
2021-04-07 10:29:52,682 [pool-356-thread-1] INFO  server.RaftServerConfigKeys (ConfUtils.java:logGet(44)) - raft.server.rpc.sleep.time = 25ms (default)
2021-04-07 10:29:52,682 [pool-356-thread-1] INFO  server.RaftServerConfigKeys (ConfUtils.java:logGet(44)) - raft.server.rpc.slowness.timeout = 120000ms (custom)
2021-04-07 10:29:52,682 [pool-356-thread-1] INFO  server.RaftServerConfigKeys (ConfUtils.java:logGet(44)) - raft.server.leaderelection.leader.step-down.wait-time = 10s (default)
2021-04-07 10:29:52,682 [pool-356-thread-1] INFO  server.RaftServerConfigKeys (ConfUtils.java:logGet(44)) - raft.server.sleep.deviation.threshold = 300ms (default)
2021-04-07 10:29:52,682 [pool-356-thread-1] INFO  server.RaftServerConfigKeys (ConfUtils.java:logGet(44)) - raft.server.log.appender.install.snapshot.enabled = false (custom)
2021-04-07 10:29:52,682 [pool-356-thread-1] INFO  server.RaftServer$Division (ServerState.java:<init>(105)) - f904a2c0-efdb-4961-aec5-d1b7b520059b@group-A8E56AEC5900: ConfigurationManager, init=-1: [], old=null, confs=<EMPTY_MAP>
2021-04-07 10:29:52,682 [pool-356-thread-1] INFO  server.RaftServerConfigKeys (ConfUtils.java:logGet(44)) - raft.server.storage.dir = [/github/workspace/mnt/ozone/hadoop-ozone/integration-test/target/test-dir/MiniOzoneClusterImpl-51c72f67-962b-4c5d-8db7-a8e56aec5900/scmNode-3/scm-ha] (custom)
2021-04-07 10:29:52,682 [pool-356-thread-1] INFO  server.RaftServerConfigKeys (ConfUtils.java:logGet(44)) - raft.server.log.corruption.policy = EXCEPTION (default)
2021-04-07 10:29:52,682 [pool-356-thread-1] INFO  storage.RaftStorageDirectory (RaftStorageDirectoryImpl.java:analyzeStorage(132)) - The storage directory /github/workspace/mnt/ozone/hadoop-ozone/integration-test/target/test-dir/MiniOzoneClusterImpl-51c72f67-962b-4c5d-8db7-a8e56aec5900/scmNode-3/scm-ha/51c72f67-962b-4c5d-8db7-a8e56aec5900 does not exist. Creating ...
2021-04-07 10:29:52,683 [pool-356-thread-1] INFO  storage.RaftStorageDirectory (RaftStorageDirectoryImpl.java:tryLock(215)) - Lock on /github/workspace/mnt/ozone/hadoop-ozone/integration-test/target/test-dir/MiniOzoneClusterImpl-51c72f67-962b-4c5d-8db7-a8e56aec5900/scmNode-3/scm-ha/51c72f67-962b-4c5d-8db7-a8e56aec5900/in_use.lock acquired by nodename 5412@100a838eac99
2021-04-07 10:29:52,684 [pool-356-thread-1] INFO  storage.RaftStorage (RaftStorageImpl.java:format(87)) - Storage directory /github/workspace/mnt/ozone/hadoop-ozone/integration-test/target/test-dir/MiniOzoneClusterImpl-51c72f67-962b-4c5d-8db7-a8e56aec5900/scmNode-3/scm-ha/51c72f67-962b-4c5d-8db7-a8e56aec5900 has been successfully formatted.
2021-04-07 10:29:52,684 [pool-356-thread-1] INFO  server.RaftServerConfigKeys (ConfUtils.java:logGet(44)) - raft.server.notification.no-leader.timeout = 60s (default)
2021-04-07 10:29:52,685 [pool-356-thread-1] INFO  server.RaftServerConfigKeys (ConfUtils.java:logGet(44)) - raft.server.log.use.memory = false (default)
2021-04-07 10:29:52,685 [pool-356-thread-1] INFO  server.RaftServerConfigKeys (ConfUtils.java:logGet(44)) - raft.server.log.purge.gap = 1000000 (custom)
2021-04-07 10:29:52,685 [pool-356-thread-1] INFO  server.RaftServerConfigKeys (ConfUtils.java:logGet(44)) - raft.server.log.appender.buffer.byte-limit = 33554432 (custom)
2021-04-07 10:29:52,685 [pool-356-thread-1] INFO  metrics.RatisMetrics (RatisMetrics.java:lambda$create$0(36)) - Creating Metrics Registry : ratis.log_worker.f904a2c0-efdb-4961-aec5-d1b7b520059b@group-A8E56AEC5900
2021-04-07 10:29:52,685 [pool-356-thread-1] INFO  server.RaftServerConfigKeys (ConfUtils.java:logGet(44)) - raft.server.log.segment.size.max = 16384 (custom)
2021-04-07 10:29:52,685 [pool-356-thread-1] INFO  server.RaftServerConfigKeys (ConfUtils.java:logGet(44)) - raft.server.log.segment.cache.num.max = 2 (custom)
2021-04-07 10:29:52,685 [pool-356-thread-1] INFO  server.RaftServerConfigKeys (ConfUtils.java:logGet(44)) - raft.server.log.segment.cache.size.max = 200MB (=209715200) (default)
2021-04-07 10:29:52,686 [pool-356-thread-1] INFO  segmented.SegmentedRaftLogWorker (SegmentedRaftLogWorker.java:<init>(182)) - new f904a2c0-efdb-4961-aec5-d1b7b520059b@group-A8E56AEC5900-SegmentedRaftLogWorker for RaftStorageImpl:Storage Directory /github/workspace/mnt/ozone/hadoop-ozone/integration-test/target/test-dir/MiniOzoneClusterImpl-51c72f67-962b-4c5d-8db7-a8e56aec5900/scmNode-3/scm-ha/51c72f67-962b-4c5d-8db7-a8e56aec5900
2021-04-07 10:29:52,686 [pool-356-thread-1] INFO  server.RaftServerConfigKeys (ConfUtils.java:logGet(44)) - raft.server.log.queue.byte-limit = 64MB (=67108864) (default)
2021-04-07 10:29:52,686 [pool-356-thread-1] INFO  server.RaftServerConfigKeys (ConfUtils.java:logGet(44)) - raft.server.log.queue.element-limit = 4096 (default)
2021-04-07 10:29:52,686 [pool-356-thread-1] INFO  server.RaftServerConfigKeys (ConfUtils.java:logGet(44)) - raft.server.log.segment.size.max = 16384 (custom)
2021-04-07 10:29:52,686 [pool-356-thread-1] INFO  server.RaftServerConfigKeys (ConfUtils.java:logGet(44)) - raft.server.log.preallocated.size = 16384 (custom)
2021-04-07 10:29:52,686 [pool-356-thread-1] INFO  server.RaftServerConfigKeys (ConfUtils.java:logGet(44)) - raft.server.log.force.sync.num = 128 (default)
2021-04-07 10:29:52,686 [pool-356-thread-1] INFO  server.RaftServerConfigKeys (ConfUtils.java:logGet(44)) - raft.server.log.statemachine.data.sync = true (default)
2021-04-07 10:29:52,686 [pool-356-thread-1] INFO  server.RaftServerConfigKeys (ConfUtils.java:logGet(44)) - raft.server.log.statemachine.data.sync.timeout = 10s (default)
2021-04-07 10:29:52,686 [pool-356-thread-1] INFO  server.RaftServerConfigKeys (ConfUtils.java:logGet(44)) - raft.server.log.statemachine.data.sync.timeout.retry = -1 (default)
2021-04-07 10:29:52,687 [pool-356-thread-1] INFO  server.RaftServerConfigKeys (ConfUtils.java:logGet(44)) - raft.server.log.write.buffer.size = 64KB (=65536) (default)
2021-04-07 10:29:52,687 [pool-356-thread-1] INFO  server.RaftServerConfigKeys (ConfUtils.java:logGet(44)) - raft.server.log.statemachine.data.caching.enabled = false (default)
2021-04-07 10:29:52,687 [pool-356-thread-1] INFO  segmented.SegmentedRaftLogWorker (SegmentedRaftLogWorker.java:lambda$new$0(133)) - f904a2c0-efdb-4961-aec5-d1b7b520059b@group-A8E56AEC5900-SegmentedRaftLogWorker: flushIndex: setUnconditionally 0 -> -1
2021-04-07 10:29:52,687 [pool-356-thread-1] INFO  segmented.SegmentedRaftLogWorker (SegmentedRaftLogWorker.java:lambda$new$0(133)) - f904a2c0-efdb-4961-aec5-d1b7b520059b@group-A8E56AEC5900-SegmentedRaftLogWorker: safeCacheEvictIndex: setUnconditionally 0 -> -1
2021-04-07 10:29:52,687 [pool-356-thread-1] INFO  server.RaftServerConfigKeys (ConfUtils.java:logGet(44)) - raft.server.snapshot.auto.trigger.enabled = true (custom)
2021-04-07 10:29:52,687 [pool-356-thread-1] INFO  server.RaftServerConfigKeys (ConfUtils.java:logGet(44)) - raft.server.snapshot.auto.trigger.threshold = 1000 (custom)
2021-04-07 10:29:52,688 [pool-356-thread-1] INFO  server.RaftServerConfigKeys (ConfUtils.java:logGet(44)) - raft.server.snapshot.retention.file.num = -1 (default)
2021-04-07 10:29:52,688 [pool-356-thread-1] INFO  server.RaftServerConfigKeys (ConfUtils.java:logGet(44)) - raft.server.log.purge.upto.snapshot.index = false (default)
2021-04-07 10:29:52,688 [pool-356-thread-1] INFO  server.RaftServerConfigKeys (ConfUtils.java:logGet(44)) - raft.server.retrycache.expirytime = 60000ms (default)
2021-04-07 10:29:52,688 [pool-356-thread-1] INFO  server.RaftServerConfigKeys (ConfUtils.java:logGet(44)) - raft.server.retrycache.statistics.expirytime = 100?s (default)
2021-04-07 10:29:52,688 [pool-356-thread-1] INFO  metrics.RatisMetrics (RatisMetrics.java:lambda$create$0(36)) - Creating Metrics Registry : ratis.leader_election.f904a2c0-efdb-4961-aec5-d1b7b520059b@group-A8E56AEC5900
2021-04-07 10:29:52,688 [pool-356-thread-1] INFO  metrics.RatisMetrics (RatisMetrics.java:lambda$create$0(36)) - Creating Metrics Registry : ratis.server.f904a2c0-efdb-4961-aec5-d1b7b520059b@group-A8E56AEC5900
2021-04-07 10:29:52,689 [Listener at 0.0.0.0/12081] INFO  ha.SCMSnapshotProvider (SCMSnapshotProvider.java:<init>(64)) - Initializing SCM Snapshot Provider
2021-04-07 10:29:52,689 [Listener at 0.0.0.0/12081] WARN  server.ServerUtils (ServerUtils.java:getDefaultRatisDirectory(237)) - Storage directory for Ratis is not configured. It is a good idea to map this to an SSD disk. Falling back to ozone.metadata.dirs
2021-04-07 10:29:52,689 [Listener at 0.0.0.0/12081] WARN  ha.SCMHAUtils (SCMHAUtils.java:getSCMRatisSnapshotDirectory(113)) - SCM snapshot dir is not configured. Falling back to ozone.metadata.dirs config
2021-04-07 10:29:52,690 [Listener at 0.0.0.0/12081] INFO  ha.SequenceIdGenerator (SequenceIdGenerator.java:upgradeToSequenceId(300)) - upgrade localId to 107544261427200000
2021-04-07 10:29:52,691 [Listener at 0.0.0.0/12081] INFO  ha.SequenceIdGenerator (SequenceIdGenerator.java:upgradeToSequenceId(310)) - upgrade delTxnId to 0
2021-04-07 10:29:52,691 [Listener at 0.0.0.0/12081] INFO  ha.SequenceIdGenerator (SequenceIdGenerator.java:upgradeToSequenceId(324)) - upgrade containerId to 0
2021-04-07 10:29:52,691 [Listener at 0.0.0.0/12081] INFO  ha.SequenceIdGenerator (SequenceIdGenerator.java:<init>(196)) - Init the HA SequenceIdGenerator.
2021-04-07 10:29:52,691 [Listener at 0.0.0.0/12081] WARN  server.ServerUtils (ServerUtils.java:sanitizeUserArgs(73)) - ozone.scm.stale.node.interval value = 300000 is larger than max = 100000 based on the key value of ozone.scm.heartbeat.thread.interval, reset to the max value 100000.
2021-04-07 10:29:52,691 [Listener at 0.0.0.0/12081] WARN  server.ServerUtils (ServerUtils.java:sanitizeUserArgs(73)) - ozone.scm.stale.node.interval value = 300000 is larger than max = 100000 based on the key value of ozone.scm.heartbeat.thread.interval, reset to the max value 100000.
2021-04-07 10:29:52,692 [Listener at 0.0.0.0/12081] INFO  node.SCMNodeManager (SCMNodeManager.java:<init>(125)) - Entering startup safe mode.
2021-04-07 10:29:52,693 [Listener at 0.0.0.0/12081] INFO  algorithms.ContainerPlacementPolicyFactory (ContainerPlacementPolicyFactory.java:getPolicy(60)) - Create container placement policy of type org.apache.hadoop.hdds.scm.container.placement.algorithms.SCMContainerPlacementRandom
2021-04-07 10:29:52,693 [Listener at 0.0.0.0/12081] INFO  pipeline.PipelineStateManager (PipelineStateManagerV2Impl.java:initialize(77)) - No pipeline exists in current db
2021-04-07 10:29:52,693 [Listener at 0.0.0.0/12081] INFO  algorithms.LeaderChoosePolicyFactory (LeaderChoosePolicyFactory.java:getPolicy(57)) - Create leader choose policy of type org.apache.hadoop.hdds.scm.pipeline.leader.choose.algorithms.MinLeaderCountChoosePolicy
2021-04-07 10:29:52,693 [Listener at 0.0.0.0/12081] INFO  ha.SCMServiceManager (SCMServiceManager.java:register(43)) - Registering service BackgroundPipelineCreator.
2021-04-07 10:29:52,693 [Listener at 0.0.0.0/12081] INFO  pipeline.BackgroundPipelineCreator (BackgroundPipelineCreatorV2.java:start(124)) - Starting RatisPipelineUtilsThread.
2021-04-07 10:29:52,695 [Listener at 0.0.0.0/12081] INFO  algorithms.PipelineChoosePolicyFactory (PipelineChoosePolicyFactory.java:createPipelineChoosePolicyFromClass(73)) - Create pipeline choose policy of type org.apache.hadoop.hdds.scm.pipeline.choose.algorithms.RandomPipelineChoosePolicy
2021-04-07 10:29:52,696 [Listener at 0.0.0.0/12081] INFO  ha.SCMServiceManager (SCMServiceManager.java:register(43)) - Registering service SCMBlockDeletingService.
2021-04-07 10:29:52,696 [Listener at 0.0.0.0/12081] INFO  ha.SCMServiceManager (SCMServiceManager.java:register(43)) - Registering service ReplicationManager.
2021-04-07 10:29:52,697 [Listener at 0.0.0.0/12081] INFO  container.ReplicationManager (ReplicationManager.java:start(226)) - Starting Replication Monitor Thread.
2021-04-07 10:29:52,697 [Listener at 0.0.0.0/12081] INFO  safemode.HealthyPipelineSafeModeRule (HealthyPipelineSafeModeRule.java:<init>(89)) - Total pipeline count is 0, healthy pipeline threshold count is 0
2021-04-07 10:29:52,697 [Listener at 0.0.0.0/12081] INFO  safemode.OneReplicaPipelineSafeModeRule (OneReplicaPipelineSafeModeRule.java:<init>(85)) - Total pipeline count is 0, pipeline's with at least one datanode reported threshold count is 0
2021-04-07 10:29:52,706 [Listener at 0.0.0.0/12081] INFO  ipc.CallQueueManager (CallQueueManager.java:<init>(85)) - Using callQueue: class java.util.concurrent.LinkedBlockingQueue, queueCapacity: 2000, scheduler: class org.apache.hadoop.ipc.DefaultRpcScheduler, ipcBackoff: false.
2021-04-07 10:29:52,706 [ReplicationMonitor] INFO  container.ReplicationManager (ReplicationManager.java:run(290)) - Replication Monitor Thread took 0 milliseconds for processing 0 containers.
2021-04-07 10:29:52,708 [Socket Reader #1 for port 12089] INFO  ipc.Server (Server.java:run(1255)) - Starting Socket Reader #1 for port 12089
2021-04-07 10:29:52,711 [Listener at 0.0.0.0/12089] INFO  ipc.CallQueueManager (CallQueueManager.java:<init>(85)) - Using callQueue: class java.util.concurrent.LinkedBlockingQueue, queueCapacity: 2000, scheduler: class org.apache.hadoop.ipc.DefaultRpcScheduler, ipcBackoff: false.
2021-04-07 10:29:52,711 [Socket Reader #1 for port 12090] INFO  ipc.Server (Server.java:run(1255)) - Starting Socket Reader #1 for port 12090
2021-04-07 10:29:52,713 [Listener at 0.0.0.0/12090] INFO  ipc.CallQueueManager (CallQueueManager.java:<init>(85)) - Using callQueue: class java.util.concurrent.LinkedBlockingQueue, queueCapacity: 2000, scheduler: class org.apache.hadoop.ipc.DefaultRpcScheduler, ipcBackoff: false.
2021-04-07 10:29:52,715 [Socket Reader #1 for port 12091] INFO  ipc.Server (Server.java:run(1255)) - Starting Socket Reader #1 for port 12091
2021-04-07 10:29:52,717 [Listener at 0.0.0.0/12091] INFO  server.StorageContainerManager (StorageContainerManager.java:<init>(407)) - Container Balancer status:
Key                            Value
Running                        false
Container Balancer Configuration values:
Key                            Value
Threshold                      0.100000
Max Datanodes to Balance       5
Max Size to Move               10737418240B

2021-04-07 10:29:52,717 [Listener at 0.0.0.0/12091] WARN  events.EventQueue (EventQueue.java:fireEvent(185)) - No event handler registered for event TypedEvent{payloadType=SafeModeStatus, name='Safe mode status'}
2021-04-07 10:29:52,717 [Listener at 0.0.0.0/12091] INFO  ha.SCMContext (SCMContext.java:updateSafeModeStatus(147)) - Update SafeModeStatus from SafeModeStatus{safeModeStatus=true, preCheckPassed=false} to SafeModeStatus{safeModeStatus=true, preCheckPassed=false}.
2021-04-07 10:29:52,718 [Listener at 0.0.0.0/12091] INFO  server.StorageContainerManager (StorageContainerManager.java:start(1122)) - StorageContainerLocationProtocol RPC server is listening at /0.0.0.0:12091
2021-04-07 10:29:52,718 [Listener at 0.0.0.0/12091] INFO  ha.SCMRatisServerImpl (SCMRatisServerImpl.java:start(185)) - starting ratis server 0.0.0.0:12088
2021-04-07 10:29:52,718 [Listener at 0.0.0.0/12091] INFO  server.RaftServer$Division (RaftServerImpl.java:start(298)) - f904a2c0-efdb-4961-aec5-d1b7b520059b@group-A8E56AEC5900: start with initializing state, conf=-1: [], old=null
2021-04-07 10:29:52,718 [Listener at 0.0.0.0/12091] INFO  server.RaftServer$Division (RaftServerImpl.java:setRole(284)) - f904a2c0-efdb-4961-aec5-d1b7b520059b@group-A8E56AEC5900: changes role from      null to FOLLOWER at term 0 for startInitializing
2021-04-07 10:29:52,718 [Listener at 0.0.0.0/12091] INFO  util.JmxRegister (JmxRegister.java:tryRegister(44)) - Successfully registered JMX Bean with object name Ratis:service=RaftServer,group=group-A8E56AEC5900,id=f904a2c0-efdb-4961-aec5-d1b7b520059b
2021-04-07 10:29:52,718 [Listener at 0.0.0.0/12091] INFO  metrics.RatisMetrics (RatisMetrics.java:lambda$create$0(36)) - Creating Metrics Registry : ratis.state_machine.f904a2c0-efdb-4961-aec5-d1b7b520059b@group-A8E56AEC5900
2021-04-07 10:29:52,719 [Listener at 0.0.0.0/12091] INFO  server.RaftServer (RaftServerProxy.java:lambda$start$5(374)) - f904a2c0-efdb-4961-aec5-d1b7b520059b: start RPC server
2021-04-07 10:29:52,719 [Listener at 0.0.0.0/12091] INFO  server.GrpcService (GrpcService.java:startImpl(253)) - f904a2c0-efdb-4961-aec5-d1b7b520059b: GrpcService started, listening on 12088
2021-04-07 10:29:52,720 [Listener at 0.0.0.0/12091] INFO  ha.SCMNodeInfo (SCMNodeInfo.java:getPort(196)) - ConfigKey ozone.scm.client.address is deprecated, For configuring different ports for each SCM use PortConfigKey ozone.scm.client.port appended with serviceId and nodeId
2021-04-07 10:29:52,720 [Listener at 0.0.0.0/12091] INFO  ha.SCMNodeInfo (SCMNodeInfo.java:getPort(196)) - ConfigKey ozone.scm.block.client.address is deprecated, For configuring different ports for each SCM use PortConfigKey ozone.scm.block.client.port appended with serviceId and nodeId
2021-04-07 10:29:52,720 [Listener at 0.0.0.0/12091] INFO  ha.SCMNodeInfo (SCMNodeInfo.java:getPort(196)) - ConfigKey ozone.scm.datanode.address is deprecated, For configuring different ports for each SCM use PortConfigKey ozone.scm.datanode.port appended with serviceId and nodeId
2021-04-07 10:29:52,720 [Listener at 0.0.0.0/12091] INFO  ha.SCMNodeInfo (SCMNodeInfo.java:getPort(196)) - ConfigKey ozone.scm.client.address is deprecated, For configuring different ports for each SCM use PortConfigKey ozone.scm.client.port appended with serviceId and nodeId
2021-04-07 10:29:52,720 [Listener at 0.0.0.0/12091] INFO  ha.SCMNodeInfo (SCMNodeInfo.java:getPort(196)) - ConfigKey ozone.scm.block.client.address is deprecated, For configuring different ports for each SCM use PortConfigKey ozone.scm.block.client.port appended with serviceId and nodeId
2021-04-07 10:29:52,720 [Listener at 0.0.0.0/12091] INFO  ha.SCMNodeInfo (SCMNodeInfo.java:getPort(196)) - ConfigKey ozone.scm.datanode.address is deprecated, For configuring different ports for each SCM use PortConfigKey ozone.scm.datanode.port appended with serviceId and nodeId
2021-04-07 10:29:52,720 [Listener at 0.0.0.0/12091] INFO  ha.SCMNodeInfo (SCMNodeInfo.java:getPort(196)) - ConfigKey ozone.scm.client.address is deprecated, For configuring different ports for each SCM use PortConfigKey ozone.scm.client.port appended with serviceId and nodeId
2021-04-07 10:29:52,720 [Listener at 0.0.0.0/12091] INFO  ha.SCMNodeInfo (SCMNodeInfo.java:getPort(196)) - ConfigKey ozone.scm.block.client.address is deprecated, For configuring different ports for each SCM use PortConfigKey ozone.scm.block.client.port appended with serviceId and nodeId
2021-04-07 10:29:52,720 [Listener at 0.0.0.0/12091] INFO  ha.SCMNodeInfo (SCMNodeInfo.java:getPort(196)) - ConfigKey ozone.scm.datanode.address is deprecated, For configuring different ports for each SCM use PortConfigKey ozone.scm.datanode.port appended with serviceId and nodeId
2021-04-07 10:29:52,721 [org.apache.ratis.util.JvmPauseMonitor$$Lambda$414/2143754043@15141bd1] INFO  util.JvmPauseMonitor (JvmPauseMonitor.java:run(103)) - JvmPauseMonitor-f904a2c0-efdb-4961-aec5-d1b7b520059b: Started
2021-04-07 10:29:52,735 [IPC Server handler 4 on default port 12070] INFO  ha.SCMRatisServerImpl (SCMRatisServerImpl.java:addSCM(282)) - beead88b-b48c-456f-a06d-e1162d1174c1: Submitting SetConfiguration request to Ratis server with new SCM peers list: [a5be5b0f-9350-46e7-812c-10c59b61567d|rpc:localhost:12078|priority:0, beead88b-b48c-456f-a06d-e1162d1174c1|rpc:localhost:12068|admin:|client:|dataStream:|priority:0, f904a2c0-efdb-4961-aec5-d1b7b520059b|rpc:localhost:12088|priority:0]
2021-04-07 10:29:52,735 [IPC Server handler 4 on default port 12070] INFO  server.RaftServer$Division (RaftServerImpl.java:setConfigurationAsync(953)) - beead88b-b48c-456f-a06d-e1162d1174c1@group-A8E56AEC5900: receive setConfiguration SetConfigurationRequest:client-613F7AF38BC4->beead88b-b48c-456f-a06d-e1162d1174c1@group-A8E56AEC5900, cid=1, seq=0, RW, null, peers:[a5be5b0f-9350-46e7-812c-10c59b61567d|rpc:localhost:12078|priority:0, beead88b-b48c-456f-a06d-e1162d1174c1|rpc:localhost:12068|admin:|client:|dataStream:|priority:0, f904a2c0-efdb-4961-aec5-d1b7b520059b|rpc:localhost:12088|priority:0]
2021-04-07 10:29:52,735 [IPC Server handler 4 on default port 12070] INFO  server.RaftServer$Division (LeaderStateImpl.java:startSetConfiguration(345)) - beead88b-b48c-456f-a06d-e1162d1174c1@group-A8E56AEC5900-LeaderStateImpl: startSetConfiguration SetConfigurationRequest:client-613F7AF38BC4->beead88b-b48c-456f-a06d-e1162d1174c1@group-A8E56AEC5900, cid=1, seq=0, RW, null, peers:[a5be5b0f-9350-46e7-812c-10c59b61567d|rpc:localhost:12078|priority:0, beead88b-b48c-456f-a06d-e1162d1174c1|rpc:localhost:12068|admin:|client:|dataStream:|priority:0, f904a2c0-efdb-4961-aec5-d1b7b520059b|rpc:localhost:12088|priority:0]
2021-04-07 10:29:52,735 [IPC Server handler 4 on default port 12070] INFO  server.RaftServerConfigKeys (ConfUtils.java:logGet(44)) - raft.server.log.appender.snapshot.chunk.size.max = 16MB (=16777216) (default)
2021-04-07 10:29:52,736 [IPC Server handler 4 on default port 12070] INFO  server.RaftServerConfigKeys (ConfUtils.java:logGet(44)) - raft.server.log.appender.buffer.byte-limit = 33554432 (custom)
2021-04-07 10:29:52,736 [IPC Server handler 4 on default port 12070] INFO  server.RaftServerConfigKeys (ConfUtils.java:logGet(44)) - raft.server.log.appender.buffer.element-limit = 33554432 (custom)
2021-04-07 10:29:52,764 [IPC Server handler 4 on default port 12070] INFO  grpc.GrpcConfigKeys (ConfUtils.java:logGet(44)) - raft.grpc.server.leader.outstanding.appends.max = 128 (default)
2021-04-07 10:29:52,765 [IPC Server handler 4 on default port 12070] INFO  server.RaftServerConfigKeys (ConfUtils.java:logGet(44)) - raft.server.rpc.request.timeout = 3000ms (default)
2021-04-07 10:29:52,765 [IPC Server handler 4 on default port 12070] INFO  server.RaftServerConfigKeys (ConfUtils.java:logGet(44)) - raft.server.log.appender.install.snapshot.enabled = false (custom)
2021-04-07 10:29:52,775 [grpc-default-executor-4] INFO  metrics.RatisMetrics (RatisMetrics.java:lambda$create$0(36)) - Creating Metrics Registry : ratis.server_message_metrics.f904a2c0-efdb-4961-aec5-d1b7b520059b
2021-04-07 10:29:52,777 [grpc-default-executor-4] INFO  ha.SCMStateMachine (SCMStateMachine.java:notifyLeaderChanged(206)) - leader changed, yet current SCM is still follower.
2021-04-07 10:29:52,777 [grpc-default-executor-4] INFO  server.RaftServer$Division (ServerState.java:setLeader(271)) - f904a2c0-efdb-4961-aec5-d1b7b520059b@group-A8E56AEC5900: change Leader from null to beead88b-b48c-456f-a06d-e1162d1174c1 at term 2 for appendEntries, leader elected after 92ms
2021-04-07 10:29:52,777 [grpc-default-executor-4] INFO  impl.RoleInfo (RoleInfo.java:updateAndGet(130)) - f904a2c0-efdb-4961-aec5-d1b7b520059b: start f904a2c0-efdb-4961-aec5-d1b7b520059b@group-A8E56AEC5900-FollowerState
2021-04-07 10:29:52,779 [grpc-default-executor-4] INFO  server.RaftServer$Division (ServerState.java:setRaftConf(373)) - f904a2c0-efdb-4961-aec5-d1b7b520059b@group-A8E56AEC5900: set configuration 0: [beead88b-b48c-456f-a06d-e1162d1174c1|rpc:localhost:12068|admin:|client:|dataStream:|priority:0], old=null
2021-04-07 10:29:52,780 [grpc-default-executor-4] INFO  server.RaftServer$Division (ServerState.java:setRaftConf(373)) - f904a2c0-efdb-4961-aec5-d1b7b520059b@group-A8E56AEC5900: set configuration 1: [beead88b-b48c-456f-a06d-e1162d1174c1|rpc:localhost:12068|admin:|client:|dataStream:|priority:0], old=null
2021-04-07 10:29:52,780 [grpc-default-executor-4] INFO  server.RaftServer$Division (ServerState.java:setRaftConf(373)) - f904a2c0-efdb-4961-aec5-d1b7b520059b@group-A8E56AEC5900: set configuration 3: [a5be5b0f-9350-46e7-812c-10c59b61567d|rpc:localhost:12078|admin:|client:|dataStream:|priority:0, beead88b-b48c-456f-a06d-e1162d1174c1|rpc:localhost:12068|admin:|client:|dataStream:|priority:0], old=[beead88b-b48c-456f-a06d-e1162d1174c1|rpc:localhost:12068|admin:|client:|dataStream:|priority:0]
2021-04-07 10:29:52,780 [grpc-default-executor-4] INFO  server.RaftServer$Division (ServerState.java:setRaftConf(373)) - f904a2c0-efdb-4961-aec5-d1b7b520059b@group-A8E56AEC5900: set configuration 5: [a5be5b0f-9350-46e7-812c-10c59b61567d|rpc:localhost:12078|admin:|client:|dataStream:|priority:0, beead88b-b48c-456f-a06d-e1162d1174c1|rpc:localhost:12068|admin:|client:|dataStream:|priority:0], old=null
2021-04-07 10:29:52,780 [grpc-default-executor-4] INFO  segmented.SegmentedRaftLogWorker (SegmentedRaftLogWorker.java:startLogSegment(394)) - f904a2c0-efdb-4961-aec5-d1b7b520059b@group-A8E56AEC5900-SegmentedRaftLogWorker: Starting segment from index:0
2021-04-07 10:29:52,780 [grpc-default-executor-4] INFO  segmented.SegmentedRaftLogWorker (SegmentedRaftLogWorker.java:rollLogSegment(399)) - f904a2c0-efdb-4961-aec5-d1b7b520059b@group-A8E56AEC5900-SegmentedRaftLogWorker: Rolling segment log-0_0 to index:0
2021-04-07 10:29:52,784 [f904a2c0-efdb-4961-aec5-d1b7b520059b@group-A8E56AEC5900-SegmentedRaftLogWorker] INFO  segmented.SegmentedRaftLogWorker (SegmentedRaftLogWorker.java:execute(601)) - f904a2c0-efdb-4961-aec5-d1b7b520059b@group-A8E56AEC5900-SegmentedRaftLogWorker: created new log segment /github/workspace/mnt/ozone/hadoop-ozone/integration-test/target/test-dir/MiniOzoneClusterImpl-51c72f67-962b-4c5d-8db7-a8e56aec5900/scmNode-3/scm-ha/51c72f67-962b-4c5d-8db7-a8e56aec5900/current/log_inprogress_0
2021-04-07 10:29:52,785 [f904a2c0-efdb-4961-aec5-d1b7b520059b@group-A8E56AEC5900-SegmentedRaftLogWorker] INFO  segmented.SegmentedRaftLogWorker (SegmentedRaftLogWorker.java:execute(558)) - f904a2c0-efdb-4961-aec5-d1b7b520059b@group-A8E56AEC5900-SegmentedRaftLogWorker: Rolled log segment from /github/workspace/mnt/ozone/hadoop-ozone/integration-test/target/test-dir/MiniOzoneClusterImpl-51c72f67-962b-4c5d-8db7-a8e56aec5900/scmNode-3/scm-ha/51c72f67-962b-4c5d-8db7-a8e56aec5900/current/log_inprogress_0 to /github/workspace/mnt/ozone/hadoop-ozone/integration-test/target/test-dir/MiniOzoneClusterImpl-51c72f67-962b-4c5d-8db7-a8e56aec5900/scmNode-3/scm-ha/51c72f67-962b-4c5d-8db7-a8e56aec5900/current/log_0-0
2021-04-07 10:29:52,786 [f904a2c0-efdb-4961-aec5-d1b7b520059b@group-A8E56AEC5900-SegmentedRaftLogWorker] INFO  segmented.SegmentedRaftLogWorker (SegmentedRaftLogWorker.java:execute(601)) - f904a2c0-efdb-4961-aec5-d1b7b520059b@group-A8E56AEC5900-SegmentedRaftLogWorker: created new log segment /github/workspace/mnt/ozone/hadoop-ozone/integration-test/target/test-dir/MiniOzoneClusterImpl-51c72f67-962b-4c5d-8db7-a8e56aec5900/scmNode-3/scm-ha/51c72f67-962b-4c5d-8db7-a8e56aec5900/current/log_inprogress_1
2021-04-07 10:29:52,789 [beead88b-b48c-456f-a06d-e1162d1174c1@group-A8E56AEC5900-LeaderStateImpl] INFO  server.RaftServer$Division (ServerState.java:setRaftConf(373)) - beead88b-b48c-456f-a06d-e1162d1174c1@group-A8E56AEC5900: set configuration 7: [a5be5b0f-9350-46e7-812c-10c59b61567d|rpc:localhost:12078|priority:0, f904a2c0-efdb-4961-aec5-d1b7b520059b|rpc:localhost:12088|priority:0, beead88b-b48c-456f-a06d-e1162d1174c1|rpc:localhost:12068|admin:|client:|dataStream:|priority:0], old=[a5be5b0f-9350-46e7-812c-10c59b61567d|rpc:localhost:12078|priority:0, beead88b-b48c-456f-a06d-e1162d1174c1|rpc:localhost:12068|admin:|client:|dataStream:|priority:0]
2021-04-07 10:29:52,790 [grpc-default-executor-4] INFO  server.RaftServer$Division (ServerState.java:setRaftConf(373)) - f904a2c0-efdb-4961-aec5-d1b7b520059b@group-A8E56AEC5900: set configuration 7: [a5be5b0f-9350-46e7-812c-10c59b61567d|rpc:localhost:12078|admin:|client:|dataStream:|priority:0, f904a2c0-efdb-4961-aec5-d1b7b520059b|rpc:localhost:12088|admin:|client:|dataStream:|priority:0, beead88b-b48c-456f-a06d-e1162d1174c1|rpc:localhost:12068|admin:|client:|dataStream:|priority:0], old=[a5be5b0f-9350-46e7-812c-10c59b61567d|rpc:localhost:12078|admin:|client:|dataStream:|priority:0, beead88b-b48c-456f-a06d-e1162d1174c1|rpc:localhost:12068|admin:|client:|dataStream:|priority:0]
2021-04-07 10:29:52,790 [grpc-default-executor-0] INFO  server.RaftServer$Division (ServerState.java:setRaftConf(373)) - a5be5b0f-9350-46e7-812c-10c59b61567d@group-A8E56AEC5900: set configuration 7: [a5be5b0f-9350-46e7-812c-10c59b61567d|rpc:localhost:12078|admin:|client:|dataStream:|priority:0, f904a2c0-efdb-4961-aec5-d1b7b520059b|rpc:localhost:12088|admin:|client:|dataStream:|priority:0, beead88b-b48c-456f-a06d-e1162d1174c1|rpc:localhost:12068|admin:|client:|dataStream:|priority:0], old=[a5be5b0f-9350-46e7-812c-10c59b61567d|rpc:localhost:12078|admin:|client:|dataStream:|priority:0, beead88b-b48c-456f-a06d-e1162d1174c1|rpc:localhost:12068|admin:|client:|dataStream:|priority:0]
2021-04-07 10:29:52,794 [beead88b-b48c-456f-a06d-e1162d1174c1@group-A8E56AEC5900-LeaderStateImpl] INFO  server.RaftServer$Division (ServerState.java:setRaftConf(373)) - beead88b-b48c-456f-a06d-e1162d1174c1@group-A8E56AEC5900: set configuration 9: [a5be5b0f-9350-46e7-812c-10c59b61567d|rpc:localhost:12078|priority:0, f904a2c0-efdb-4961-aec5-d1b7b520059b|rpc:localhost:12088|priority:0, beead88b-b48c-456f-a06d-e1162d1174c1|rpc:localhost:12068|admin:|client:|dataStream:|priority:0], old=null
2021-04-07 10:29:52,794 [grpc-default-executor-0] INFO  server.RaftServer$Division (ServerState.java:setRaftConf(373)) - f904a2c0-efdb-4961-aec5-d1b7b520059b@group-A8E56AEC5900: set configuration 9: [a5be5b0f-9350-46e7-812c-10c59b61567d|rpc:localhost:12078|admin:|client:|dataStream:|priority:0, f904a2c0-efdb-4961-aec5-d1b7b520059b|rpc:localhost:12088|admin:|client:|dataStream:|priority:0, beead88b-b48c-456f-a06d-e1162d1174c1|rpc:localhost:12068|admin:|client:|dataStream:|priority:0], old=null
2021-04-07 10:29:52,794 [grpc-default-executor-4] INFO  server.RaftServer$Division (ServerState.java:setRaftConf(373)) - a5be5b0f-9350-46e7-812c-10c59b61567d@group-A8E56AEC5900: set configuration 9: [a5be5b0f-9350-46e7-812c-10c59b61567d|rpc:localhost:12078|admin:|client:|dataStream:|priority:0, f904a2c0-efdb-4961-aec5-d1b7b520059b|rpc:localhost:12088|admin:|client:|dataStream:|priority:0, beead88b-b48c-456f-a06d-e1162d1174c1|rpc:localhost:12068|admin:|client:|dataStream:|priority:0], old=null
2021-04-07 10:29:52,796 [IPC Server handler 4 on default port 12070] INFO  ha.SCMRatisServerImpl (SCMRatisServerImpl.java:addSCM(293)) - Successfully added new SCM: f904a2c0-efdb-4961-aec5-d1b7b520059b.
2021-04-07 10:29:52,798 [Listener at 0.0.0.0/12091] INFO  impl.MetricsSystemImpl (MetricsSystemImpl.java:init(158)) - StorageContainerManager metrics system started (again)
2021-04-07 10:29:52,804 [Listener at 0.0.0.0/12091] INFO  server.SCMClientProtocolServer (SCMClientProtocolServer.java:start(155)) - RPC server for Client  is listening at /0.0.0.0:12091
2021-04-07 10:29:52,805 [IPC Server Responder] INFO  ipc.Server (Server.java:run(1497)) - IPC Server Responder: starting
2021-04-07 10:29:52,805 [IPC Server listener on 12091] INFO  ipc.Server (Server.java:run(1334)) - IPC Server listener on 12091: starting
2021-04-07 10:29:52,807 [Listener at 0.0.0.0/12091] INFO  server.StorageContainerManager (StorageContainerManager.java:start(1136)) - ScmBlockLocationProtocol RPC server is listening at /0.0.0.0:12090
2021-04-07 10:29:52,807 [Listener at 0.0.0.0/12091] INFO  server.SCMBlockProtocolServer (SCMBlockProtocolServer.java:start(149)) - RPC server for Block Protocol is listening at /0.0.0.0:12090
2021-04-07 10:29:52,807 [IPC Server Responder] INFO  ipc.Server (Server.java:run(1497)) - IPC Server Responder: starting
2021-04-07 10:29:52,807 [IPC Server listener on 12090] INFO  ipc.Server (Server.java:run(1334)) - IPC Server listener on 12090: starting
2021-04-07 10:29:52,809 [Listener at 0.0.0.0/12091] INFO  server.StorageContainerManager (StorageContainerManager.java:start(1142)) - ScmDatanodeProtocl RPC server is listening at /0.0.0.0:12089
2021-04-07 10:29:52,809 [Listener at 0.0.0.0/12091] INFO  server.SCMDatanodeProtocolServer (SCMDatanodeProtocolServer.java:start(174)) - RPC server for DataNodes is listening at /0.0.0.0:12089
2021-04-07 10:29:52,813 [IPC Server Responder] INFO  ipc.Server (Server.java:run(1497)) - IPC Server Responder: starting
2021-04-07 10:29:52,817 [IPC Server listener on 12089] INFO  ipc.Server (Server.java:run(1334)) - IPC Server listener on 12089: starting
2021-04-07 10:29:52,823 [org.apache.hadoop.util.JvmPauseMonitor$Monitor@4b09374a] INFO  util.JvmPauseMonitor (JvmPauseMonitor.java:run(188)) - Starting JVM pause monitor
2021-04-07 10:29:52,827 [Listener at 0.0.0.0/12091] INFO  http.BaseHttpServer (BaseHttpServer.java:newHttpServer2BuilderForOzone(207)) - Starting Web-server for scm at: http://0.0.0.0:12086
2021-04-07 10:29:52,827 [Listener at 0.0.0.0/12091] INFO  http.BaseHttpServer (BaseHttpServer.java:<init>(106)) - Hadoop Security Enabled: false Ozone Security Enabled: false Ozone HTTP Security Enabled: false 
2021-04-07 10:29:52,828 [Listener at 0.0.0.0/12091] INFO  server.AuthenticationFilter (AuthenticationFilter.java:constructSecretProvider(240)) - Unable to initialize FileSignerSecretProvider, falling back to use random secrets.
2021-04-07 10:29:52,828 [Listener at 0.0.0.0/12091] WARN  http.HttpRequestLog (HttpRequestLog.java:getRequestLog(103)) - Jetty request log can only be enabled using Log4j
2021-04-07 10:29:52,829 [Listener at 0.0.0.0/12091] INFO  http.HttpServer2 (HttpServer2.java:addGlobalFilter(1020)) - Added global filter 'safety' (class=org.apache.hadoop.hdds.server.http.HttpServer2$QuotingInputFilter)
2021-04-07 10:29:52,830 [Listener at 0.0.0.0/12091] INFO  http.HttpServer2 (HttpServer2.java:addFilter(996)) - Added filter static_user_filter (class=org.apache.hadoop.http.lib.StaticUserWebFilter$StaticUserFilter) to context scm
2021-04-07 10:29:52,830 [Listener at 0.0.0.0/12091] INFO  http.HttpServer2 (HttpServer2.java:addFilter(1004)) - Added filter static_user_filter (class=org.apache.hadoop.http.lib.StaticUserWebFilter$StaticUserFilter) to context static
2021-04-07 10:29:52,830 [Listener at 0.0.0.0/12091] INFO  http.HttpServer2 (HttpServer2.java:addFilter(1004)) - Added filter static_user_filter (class=org.apache.hadoop.http.lib.StaticUserWebFilter$StaticUserFilter) to context logs
2021-04-07 10:29:52,830 [Listener at 0.0.0.0/12091] INFO  http.HttpServer2 (HttpServer2.java:bindListener(1238)) - Jetty bound to port 12086
2021-04-07 10:29:52,830 [Listener at 0.0.0.0/12091] INFO  server.Server (Server.java:doStart(375)) - jetty-9.4.35.v20201120; built: 2020-11-20T21:17:03.964Z; git: bdc54f03a5e0a7e280fab27f55c3c75ee8da89fb; jvm 1.8.0_232-b09
2021-04-07 10:29:52,832 [Listener at 0.0.0.0/12091] INFO  server.session (DefaultSessionIdManager.java:doStart(334)) - DefaultSessionIdManager workerName=node0
2021-04-07 10:29:52,832 [Listener at 0.0.0.0/12091] INFO  server.session (DefaultSessionIdManager.java:doStart(339)) - No SessionScavenger set, using defaults
2021-04-07 10:29:52,832 [Listener at 0.0.0.0/12091] INFO  server.session (HouseKeeper.java:startScavenging(132)) - node0 Scavenging every 660000ms
2021-04-07 10:29:52,833 [Listener at 0.0.0.0/12091] INFO  handler.ContextHandler (ContextHandler.java:doStart(916)) - Started o.e.j.s.ServletContextHandler@717f04b0{logs,/logs,file:///github/workspace/mnt/ozone/hadoop-ozone/integration-test/target/log,AVAILABLE}
2021-04-07 10:29:52,833 [Listener at 0.0.0.0/12091] INFO  handler.ContextHandler (ContextHandler.java:doStart(916)) - Started o.e.j.s.ServletContextHandler@35e3f1b5{static,/static,file:///github/workspace/mnt/ozone/hadoop-ozone/integration-test/target/test-classes/webapps/static,AVAILABLE}
2021-04-07 10:29:52,836 [Listener at 0.0.0.0/12091] INFO  handler.ContextHandler (ContextHandler.java:doStart(916)) - Started o.e.j.w.WebAppContext@57df93c5{scm,/,file:///github/workspace/mnt/ozone/hadoop-ozone/integration-test/target/test-classes/webapps/scm/,AVAILABLE}{file:/github/workspace/mnt/ozone/hadoop-ozone/integration-test/target/test-classes/webapps/scm}
2021-04-07 10:29:52,842 [Listener at 0.0.0.0/12091] INFO  server.AbstractConnector (AbstractConnector.java:doStart(331)) - Started ServerConnector@446dd4e5{HTTP/1.1, (http/1.1)}{0.0.0.0:12086}
2021-04-07 10:29:52,842 [Listener at 0.0.0.0/12091] INFO  server.Server (Server.java:doStart(415)) - Started @115270ms
2021-04-07 10:29:52,842 [Listener at 0.0.0.0/12091] WARN  impl.MetricsSystemImpl (MetricsSystemImpl.java:register(279)) - Sink prometheus already exists!
2021-04-07 10:29:52,845 [Listener at 0.0.0.0/12091] INFO  http.BaseHttpServer (BaseHttpServer.java:updateConnectorAddress(327)) - HTTP server of scm listening at http://0.0.0.0:12086
2021-04-07 10:29:52,846 [Listener at 0.0.0.0/12091] INFO  ozone.MiniOzoneHAClusterImpl (MiniOzoneHAClusterImpl.java:createSCMService(536)) - Started SCM RPC server at org.apache.hadoop.hdds.scm.server.SCMClientProtocolServer@27543d42
2021-04-07 10:29:52,846 [Listener at 0.0.0.0/12091] INFO  ha.OMHANodeDetails (OMHANodeDetails.java:loadOMHAConfig(111)) - ServiceID for OzoneManager is om-service-test1
2021-04-07 10:29:52,846 [Listener at 0.0.0.0/12091] INFO  ha.OMHANodeDetails (OMHANodeDetails.java:loadOMHAConfig(187)) - Found matching OM address with OMServiceId: om-service-test1, OMNodeId: omNode-1, RPC Address: localhost:12068 and Ratis port: 12072
2021-04-07 10:29:52,846 [Listener at 0.0.0.0/12091] INFO  ha.OMHANodeDetails (ConfUtils.java:setNodeSpecificConfigs(105)) - Setting configuration key ozone.om.http-address with value of key ozone.om.http-address.om-service-test1.omNode-1: 127.0.0.1:12070
2021-04-07 10:29:52,847 [Listener at 0.0.0.0/12091] INFO  ha.OMHANodeDetails (ConfUtils.java:setNodeSpecificConfigs(105)) - Setting configuration key ozone.om.https-address with value of key ozone.om.https-address.om-service-test1.omNode-1: 127.0.0.1:12071
2021-04-07 10:29:52,847 [Listener at 0.0.0.0/12091] INFO  ha.OMHANodeDetails (ConfUtils.java:setNodeSpecificConfigs(105)) - Setting configuration key ozone.om.address with value of key ozone.om.address.om-service-test1.omNode-1: 127.0.0.1:12068
2021-04-07 10:29:52,847 [Listener at 0.0.0.0/12091] WARN  server.ServerUtils (ServerUtils.java:getDBPath(225)) - ozone.om.db.dirs is not configured. We recommend adding this setting. Falling back to ozone.metadata.dirs instead.
2021-04-07 10:29:52,847 [EndpointStateMachine task thread for /127.0.0.1:14997 - 0 ] INFO  ipc.Client (Client.java:handleConnectionFailure(966)) - Retrying connect to server: localhost/127.0.0.1:14997. Already tried 8 time(s); retry policy is RetryUpToMaximumCountWithFixedSleep(maxRetries=15, sleepTime=1000 MILLISECONDS)
2021-04-07 10:29:52,848 [Listener at 0.0.0.0/12091] INFO  ha.SCMNodeInfo (SCMNodeInfo.java:getPort(196)) - ConfigKey ozone.scm.client.address is deprecated, For configuring different ports for each SCM use PortConfigKey ozone.scm.client.port appended with serviceId and nodeId
2021-04-07 10:29:52,848 [Listener at 0.0.0.0/12091] INFO  ha.SCMNodeInfo (SCMNodeInfo.java:getPort(196)) - ConfigKey ozone.scm.block.client.address is deprecated, For configuring different ports for each SCM use PortConfigKey ozone.scm.block.client.port appended with serviceId and nodeId
2021-04-07 10:29:52,848 [Listener at 0.0.0.0/12091] INFO  ha.SCMNodeInfo (SCMNodeInfo.java:getPort(196)) - ConfigKey ozone.scm.datanode.address is deprecated, For configuring different ports for each SCM use PortConfigKey ozone.scm.datanode.port appended with serviceId and nodeId
2021-04-07 10:29:52,848 [Listener at 0.0.0.0/12091] INFO  ha.SCMNodeInfo (SCMNodeInfo.java:getPort(196)) - ConfigKey ozone.scm.client.address is deprecated, For configuring different ports for each SCM use PortConfigKey ozone.scm.client.port appended with serviceId and nodeId
2021-04-07 10:29:52,848 [Listener at 0.0.0.0/12091] INFO  ha.SCMNodeInfo (SCMNodeInfo.java:getPort(196)) - ConfigKey ozone.scm.block.client.address is deprecated, For configuring different ports for each SCM use PortConfigKey ozone.scm.block.client.port appended with serviceId and nodeId
2021-04-07 10:29:52,848 [Listener at 0.0.0.0/12091] INFO  ha.SCMNodeInfo (SCMNodeInfo.java:getPort(196)) - ConfigKey ozone.scm.datanode.address is deprecated, For configuring different ports for each SCM use PortConfigKey ozone.scm.datanode.port appended with serviceId and nodeId
2021-04-07 10:29:52,848 [Listener at 0.0.0.0/12091] INFO  ha.SCMNodeInfo (SCMNodeInfo.java:getPort(196)) - ConfigKey ozone.scm.client.address is deprecated, For configuring different ports for each SCM use PortConfigKey ozone.scm.client.port appended with serviceId and nodeId
2021-04-07 10:29:52,848 [Listener at 0.0.0.0/12091] INFO  ha.SCMNodeInfo (SCMNodeInfo.java:getPort(196)) - ConfigKey ozone.scm.block.client.address is deprecated, For configuring different ports for each SCM use PortConfigKey ozone.scm.block.client.port appended with serviceId and nodeId
2021-04-07 10:29:52,848 [Listener at 0.0.0.0/12091] INFO  ha.SCMNodeInfo (SCMNodeInfo.java:getPort(196)) - ConfigKey ozone.scm.datanode.address is deprecated, For configuring different ports for each SCM use PortConfigKey ozone.scm.datanode.port appended with serviceId and nodeId
OM initialization succeeded.Current cluster id for sd=/github/workspace/mnt/ozone/hadoop-ozone/integration-test/target/test-dir/MiniOzoneClusterImpl-51c72f67-962b-4c5d-8db7-a8e56aec5900/omNode-1/om;cid=51c72f67-962b-4c5d-8db7-a8e56aec5900;layoutVersion=0
2021-04-07 10:29:52,866 [Listener at 0.0.0.0/12091] INFO  ha.OMHANodeDetails (OMHANodeDetails.java:loadOMHAConfig(111)) - ServiceID for OzoneManager is om-service-test1
2021-04-07 10:29:52,866 [Listener at 0.0.0.0/12091] INFO  ha.OMHANodeDetails (OMHANodeDetails.java:loadOMHAConfig(187)) - Found matching OM address with OMServiceId: om-service-test1, OMNodeId: omNode-1, RPC Address: localhost:12068 and Ratis port: 12072
2021-04-07 10:29:52,866 [Listener at 0.0.0.0/12091] INFO  ha.OMHANodeDetails (ConfUtils.java:setNodeSpecificConfigs(105)) - Setting configuration key ozone.om.http-address with value of key ozone.om.http-address.om-service-test1.omNode-1: 127.0.0.1:12070
2021-04-07 10:29:52,866 [Listener at 0.0.0.0/12091] INFO  ha.OMHANodeDetails (ConfUtils.java:setNodeSpecificConfigs(105)) - Setting configuration key ozone.om.https-address with value of key ozone.om.https-address.om-service-test1.omNode-1: 127.0.0.1:12071
2021-04-07 10:29:52,866 [Listener at 0.0.0.0/12091] INFO  ha.OMHANodeDetails (ConfUtils.java:setNodeSpecificConfigs(105)) - Setting configuration key ozone.om.address with value of key ozone.om.address.om-service-test1.omNode-1: 127.0.0.1:12068
2021-04-07 10:29:52,866 [Listener at 0.0.0.0/12091] WARN  server.ServerUtils (ServerUtils.java:getDBPath(225)) - ozone.om.db.dirs is not configured. We recommend adding this setting. Falling back to ozone.metadata.dirs instead.
2021-04-07 10:29:52,867 [Listener at 0.0.0.0/12091] WARN  server.ServerUtils (ServerUtils.java:getDBPath(225)) - ozone.om.db.dirs is not configured. We recommend adding this setting. Falling back to ozone.metadata.dirs instead.
2021-04-07 10:29:52,867 [Listener at 0.0.0.0/12091] INFO  ha.SCMNodeInfo (SCMNodeInfo.java:getPort(196)) - ConfigKey ozone.scm.client.address is deprecated, For configuring different ports for each SCM use PortConfigKey ozone.scm.client.port appended with serviceId and nodeId
2021-04-07 10:29:52,867 [Listener at 0.0.0.0/12091] INFO  ha.SCMNodeInfo (SCMNodeInfo.java:getPort(196)) - ConfigKey ozone.scm.block.client.address is deprecated, For configuring different ports for each SCM use PortConfigKey ozone.scm.block.client.port appended with serviceId and nodeId
2021-04-07 10:29:52,867 [Listener at 0.0.0.0/12091] INFO  ha.SCMNodeInfo (SCMNodeInfo.java:getPort(196)) - ConfigKey ozone.scm.datanode.address is deprecated, For configuring different ports for each SCM use PortConfigKey ozone.scm.datanode.port appended with serviceId and nodeId
2021-04-07 10:29:52,867 [Listener at 0.0.0.0/12091] INFO  ha.SCMNodeInfo (SCMNodeInfo.java:getPort(196)) - ConfigKey ozone.scm.client.address is deprecated, For configuring different ports for each SCM use PortConfigKey ozone.scm.client.port appended with serviceId and nodeId
2021-04-07 10:29:52,867 [Listener at 0.0.0.0/12091] INFO  ha.SCMNodeInfo (SCMNodeInfo.java:getPort(196)) - ConfigKey ozone.scm.block.client.address is deprecated, For configuring different ports for each SCM use PortConfigKey ozone.scm.block.client.port appended with serviceId and nodeId
2021-04-07 10:29:52,867 [Listener at 0.0.0.0/12091] INFO  ha.SCMNodeInfo (SCMNodeInfo.java:getPort(196)) - ConfigKey ozone.scm.datanode.address is deprecated, For configuring different ports for each SCM use PortConfigKey ozone.scm.datanode.port appended with serviceId and nodeId
2021-04-07 10:29:52,867 [Listener at 0.0.0.0/12091] INFO  ha.SCMNodeInfo (SCMNodeInfo.java:getPort(196)) - ConfigKey ozone.scm.client.address is deprecated, For configuring different ports for each SCM use PortConfigKey ozone.scm.client.port appended with serviceId and nodeId
2021-04-07 10:29:52,867 [Listener at 0.0.0.0/12091] INFO  ha.SCMNodeInfo (SCMNodeInfo.java:getPort(196)) - ConfigKey ozone.scm.block.client.address is deprecated, For configuring different ports for each SCM use PortConfigKey ozone.scm.block.client.port appended with serviceId and nodeId
2021-04-07 10:29:52,867 [Listener at 0.0.0.0/12091] INFO  ha.SCMNodeInfo (SCMNodeInfo.java:getPort(196)) - ConfigKey ozone.scm.datanode.address is deprecated, For configuring different ports for each SCM use PortConfigKey ozone.scm.datanode.port appended with serviceId and nodeId
2021-04-07 10:29:52,867 [Listener at 0.0.0.0/12091] INFO  ha.SCMNodeInfo (SCMNodeInfo.java:getPort(196)) - ConfigKey ozone.scm.client.address is deprecated, For configuring different ports for each SCM use PortConfigKey ozone.scm.client.port appended with serviceId and nodeId
2021-04-07 10:29:52,868 [Listener at 0.0.0.0/12091] INFO  ha.SCMNodeInfo (SCMNodeInfo.java:getPort(196)) - ConfigKey ozone.scm.block.client.address is deprecated, For configuring different ports for each SCM use PortConfigKey ozone.scm.block.client.port appended with serviceId and nodeId
2021-04-07 10:29:52,868 [Listener at 0.0.0.0/12091] INFO  ha.SCMNodeInfo (SCMNodeInfo.java:getPort(196)) - ConfigKey ozone.scm.datanode.address is deprecated, For configuring different ports for each SCM use PortConfigKey ozone.scm.datanode.port appended with serviceId and nodeId
2021-04-07 10:29:52,868 [Listener at 0.0.0.0/12091] INFO  ha.SCMNodeInfo (SCMNodeInfo.java:getPort(196)) - ConfigKey ozone.scm.client.address is deprecated, For configuring different ports for each SCM use PortConfigKey ozone.scm.client.port appended with serviceId and nodeId
2021-04-07 10:29:52,868 [Listener at 0.0.0.0/12091] INFO  ha.SCMNodeInfo (SCMNodeInfo.java:getPort(196)) - ConfigKey ozone.scm.block.client.address is deprecated, For configuring different ports for each SCM use PortConfigKey ozone.scm.block.client.port appended with serviceId and nodeId
2021-04-07 10:29:52,868 [Listener at 0.0.0.0/12091] INFO  ha.SCMNodeInfo (SCMNodeInfo.java:getPort(196)) - ConfigKey ozone.scm.datanode.address is deprecated, For configuring different ports for each SCM use PortConfigKey ozone.scm.datanode.port appended with serviceId and nodeId
2021-04-07 10:29:52,868 [Listener at 0.0.0.0/12091] INFO  ha.SCMNodeInfo (SCMNodeInfo.java:getPort(196)) - ConfigKey ozone.scm.client.address is deprecated, For configuring different ports for each SCM use PortConfigKey ozone.scm.client.port appended with serviceId and nodeId
2021-04-07 10:29:52,868 [Listener at 0.0.0.0/12091] INFO  ha.SCMNodeInfo (SCMNodeInfo.java:getPort(196)) - ConfigKey ozone.scm.block.client.address is deprecated, For configuring different ports for each SCM use PortConfigKey ozone.scm.block.client.port appended with serviceId and nodeId
2021-04-07 10:29:52,868 [Listener at 0.0.0.0/12091] INFO  ha.SCMNodeInfo (SCMNodeInfo.java:getPort(196)) - ConfigKey ozone.scm.datanode.address is deprecated, For configuring different ports for each SCM use PortConfigKey ozone.scm.datanode.port appended with serviceId and nodeId
2021-04-07 10:29:52,869 [Listener at 0.0.0.0/12091] INFO  ha.SCMNodeInfo (SCMNodeInfo.java:getPort(196)) - ConfigKey ozone.scm.client.address is deprecated, For configuring different ports for each SCM use PortConfigKey ozone.scm.client.port appended with serviceId and nodeId
2021-04-07 10:29:52,869 [Listener at 0.0.0.0/12091] INFO  ha.SCMNodeInfo (SCMNodeInfo.java:getPort(196)) - ConfigKey ozone.scm.block.client.address is deprecated, For configuring different ports for each SCM use PortConfigKey ozone.scm.block.client.port appended with serviceId and nodeId
2021-04-07 10:29:52,869 [Listener at 0.0.0.0/12091] INFO  ha.SCMNodeInfo (SCMNodeInfo.java:getPort(196)) - ConfigKey ozone.scm.datanode.address is deprecated, For configuring different ports for each SCM use PortConfigKey ozone.scm.datanode.port appended with serviceId and nodeId
2021-04-07 10:29:52,869 [Listener at 0.0.0.0/12091] INFO  ha.SCMNodeInfo (SCMNodeInfo.java:getPort(196)) - ConfigKey ozone.scm.client.address is deprecated, For configuring different ports for each SCM use PortConfigKey ozone.scm.client.port appended with serviceId and nodeId
2021-04-07 10:29:52,869 [Listener at 0.0.0.0/12091] INFO  ha.SCMNodeInfo (SCMNodeInfo.java:getPort(196)) - ConfigKey ozone.scm.block.client.address is deprecated, For configuring different ports for each SCM use PortConfigKey ozone.scm.block.client.port appended with serviceId and nodeId
2021-04-07 10:29:52,869 [Listener at 0.0.0.0/12091] INFO  ha.SCMNodeInfo (SCMNodeInfo.java:getPort(196)) - ConfigKey ozone.scm.datanode.address is deprecated, For configuring different ports for each SCM use PortConfigKey ozone.scm.datanode.port appended with serviceId and nodeId
2021-04-07 10:29:52,869 [Listener at 0.0.0.0/12091] INFO  ha.SCMNodeInfo (SCMNodeInfo.java:getPort(196)) - ConfigKey ozone.scm.client.address is deprecated, For configuring different ports for each SCM use PortConfigKey ozone.scm.client.port appended with serviceId and nodeId
2021-04-07 10:29:52,869 [Listener at 0.0.0.0/12091] INFO  ha.SCMNodeInfo (SCMNodeInfo.java:getPort(196)) - ConfigKey ozone.scm.block.client.address is deprecated, For configuring different ports for each SCM use PortConfigKey ozone.scm.block.client.port appended with serviceId and nodeId
2021-04-07 10:29:52,869 [Listener at 0.0.0.0/12091] INFO  ha.SCMNodeInfo (SCMNodeInfo.java:getPort(196)) - ConfigKey ozone.scm.datanode.address is deprecated, For configuring different ports for each SCM use PortConfigKey ozone.scm.datanode.port appended with serviceId and nodeId
2021-04-07 10:29:52,877 [Listener at 0.0.0.0/12091] WARN  server.ServerUtils (ServerUtils.java:getDBPath(225)) - ozone.om.db.dirs is not configured. We recommend adding this setting. Falling back to ozone.metadata.dirs instead.
2021-04-07 10:29:52,878 [Listener at 0.0.0.0/12091] INFO  codec.OmKeyInfoCodec (OmKeyInfoCodec.java:<init>(43)) - OmKeyInfoCodec ignorePipeline = true
2021-04-07 10:29:52,878 [Listener at 0.0.0.0/12091] INFO  codec.RepeatedOmKeyInfoCodec (RepeatedOmKeyInfoCodec.java:<init>(42)) - RepeatedOmKeyInfoCodec ignorePipeline = true
2021-04-07 10:29:52,929 [Listener at 0.0.0.0/12091] INFO  om.OzoneManager (OzoneManager.java:addS3GVolumeToDB(3719)) - Created Volume s3v With Owner jenkins1001 required for S3Gateway operations.
2021-04-07 10:29:52,929 [Listener at 0.0.0.0/12091] WARN  server.ServerUtils (ServerUtils.java:getDefaultRatisDirectory(237)) - Storage directory for Ratis is not configured. It is a good idea to map this to an SSD disk. Falling back to ozone.metadata.dirs
2021-04-07 10:29:52,929 [Listener at 0.0.0.0/12091] WARN  ratis.OzoneManagerRatisServer (OzoneManagerRatisServer.java:getOMRatisSnapshotDirectory(634)) - ozone.om.ratis.snapshot.dir is not configured. Falling back to ozone.metadata.dirs config
2021-04-07 10:29:52,929 [Listener at 0.0.0.0/12091] INFO  snapshot.OzoneManagerSnapshotProvider (OzoneManagerSnapshotProvider.java:<init>(77)) - Initializing OM Snapshot Provider
2021-04-07 10:29:52,934 [Listener at 0.0.0.0/12091] WARN  server.ServerUtils (ServerUtils.java:getDefaultRatisDirectory(237)) - Storage directory for Ratis is not configured. It is a good idea to map this to an SSD disk. Falling back to ozone.metadata.dirs
2021-04-07 10:29:52,935 [Listener at 0.0.0.0/12091] INFO  ratis.OzoneManagerRatisServer (OzoneManagerRatisServer.java:<init>(288)) - Instantiating OM Ratis server with GroupID: om-service-test1 and Raft Peers: localhost:12072, localhost:12078, localhost:12084
2021-04-07 10:29:52,935 [Listener at 0.0.0.0/12091] INFO  ratis.OzoneManagerStateMachine (OzoneManagerStateMachine.java:loadSnapshotInfoFromDB(520)) - LastAppliedIndex is set from TransactionInfo from OM DB as (t:0, i:~)
2021-04-07 10:29:52,940 [Listener at 0.0.0.0/12091] INFO  server.RaftServer (ConfUtils.java:logGet(44)) - raft.rpc.type = GRPC (default)
2021-04-07 10:29:52,940 [Listener at 0.0.0.0/12091] INFO  grpc.GrpcFactory (GrpcFactory.java:checkPooledByteBufAllocatorUseCacheForAllThreads(48)) - PERFORMANCE WARNING: useCacheForAllThreads is true that may cause Netty to create a lot garbage objects and, as a result, trigger GC.
	It is recommended to disable useCacheForAllThreads by setting -Dorg.apache.ratis.thirdparty.io.netty.allocator.useCacheForAllThreads=false in command line.
2021-04-07 10:29:52,940 [Listener at 0.0.0.0/12091] INFO  grpc.GrpcConfigKeys (ConfUtils.java:logGet(44)) - raft.grpc.admin.port = -1 (default)
2021-04-07 10:29:52,940 [Listener at 0.0.0.0/12091] INFO  grpc.GrpcConfigKeys (ConfUtils.java:logGet(44)) - raft.grpc.server.port = 12072 (custom)
2021-04-07 10:29:52,940 [Listener at 0.0.0.0/12091] INFO  grpc.GrpcConfigKeys (ConfUtils.java:logGet(44)) - raft.grpc.client.port = -1 (default)
2021-04-07 10:29:52,940 [Listener at 0.0.0.0/12091] INFO  grpc.GrpcConfigKeys (ConfUtils.java:logGet(44)) - raft.grpc.server.port = 12072 (custom)
2021-04-07 10:29:52,941 [Listener at 0.0.0.0/12091] INFO  grpc.GrpcConfigKeys (ConfUtils.java:logGet(44)) - raft.grpc.server.port = 12072 (custom)
2021-04-07 10:29:52,941 [Listener at 0.0.0.0/12091] INFO  server.GrpcService (ConfUtils.java:logGet(44)) - raft.grpc.message.size.max = 33554432 (custom)
2021-04-07 10:29:52,941 [Listener at 0.0.0.0/12091] INFO  server.RaftServerConfigKeys (ConfUtils.java:logGet(44)) - raft.server.log.appender.buffer.byte-limit = 33554432 (custom)
2021-04-07 10:29:52,941 [Listener at 0.0.0.0/12091] INFO  server.GrpcService (ConfUtils.java:logGet(44)) - raft.grpc.flow.control.window = 1MB (=1048576) (default)
2021-04-07 10:29:52,941 [Listener at 0.0.0.0/12091] INFO  server.RaftServerConfigKeys (ConfUtils.java:logGet(44)) - raft.server.rpc.request.timeout = 3000ms (default)
2021-04-07 10:29:52,942 [Listener at 0.0.0.0/12091] INFO  impl.DataStreamServerImpl (ConfUtils.java:logGet(44)) - raft.datastream.type = DISABLED (default)
2021-04-07 10:29:52,942 [Listener at 0.0.0.0/12091] INFO  server.RaftServerConfigKeys (ConfUtils.java:logGet(44)) - raft.server.rpc.slowness.timeout = 2s (custom)
2021-04-07 10:29:52,942 [Listener at 0.0.0.0/12091] INFO  server.RaftServerConfigKeys (ConfUtils.java:logGet(44)) - raft.server.leaderelection.leader.step-down.wait-time = 10s (default)
2021-04-07 10:29:52,942 [Listener at 0.0.0.0/12091] INFO  server.RaftServerConfigKeys (ConfUtils.java:logGet(44)) - raft.server.storage.dir = [/github/workspace/mnt/ozone/hadoop-ozone/integration-test/target/test-dir/MiniOzoneClusterImpl-51c72f67-962b-4c5d-8db7-a8e56aec5900/omNode-1/ratis] (custom)
2021-04-07 10:29:52,943 [Listener at 0.0.0.0/12091] INFO  server.RaftServer (RaftServerProxy.java:addNew(95)) - omNode-1: addNew group-523986131536:[omNode-3|rpc:localhost:12084|priority:0, omNode-1|rpc:localhost:12072|priority:0, omNode-2|rpc:localhost:12078|priority:0] returns group-523986131536:java.util.concurrent.CompletableFuture@5c65a21c[Not completed]
2021-04-07 10:29:52,943 [Listener at 0.0.0.0/12091] INFO  om.OzoneManager (OzoneManager.java:initializeRatisServer(1291)) - OzoneManager Ratis server initialized at port 12072
2021-04-07 10:29:52,943 [pool-375-thread-1] INFO  server.RaftServer$Division (RaftServerImpl.java:<init>(180)) - omNode-1: new RaftServerImpl for group-523986131536:[omNode-3|rpc:localhost:12084|priority:0, omNode-1|rpc:localhost:12072|priority:0, omNode-2|rpc:localhost:12078|priority:0] with OzoneManagerStateMachine:uninitialized
2021-04-07 10:29:52,944 [pool-375-thread-1] INFO  server.RaftServerConfigKeys (ConfUtils.java:logGet(44)) - raft.server.rpc.timeout.min = 1s (custom)
2021-04-07 10:29:52,944 [pool-375-thread-1] INFO  server.RaftServerConfigKeys (ConfUtils.java:logGet(44)) - raft.server.rpc.timeout.max = 1200ms (custom)
2021-04-07 10:29:52,944 [pool-375-thread-1] INFO  server.RaftServerConfigKeys (ConfUtils.java:logGet(44)) - raft.server.rpc.sleep.time = 25ms (default)
2021-04-07 10:29:52,944 [pool-375-thread-1] INFO  server.RaftServerConfigKeys (ConfUtils.java:logGet(44)) - raft.server.rpc.slowness.timeout = 2s (custom)
2021-04-07 10:29:52,944 [pool-375-thread-1] INFO  server.RaftServerConfigKeys (ConfUtils.java:logGet(44)) - raft.server.leaderelection.leader.step-down.wait-time = 10s (default)
2021-04-07 10:29:52,944 [pool-375-thread-1] INFO  server.RaftServerConfigKeys (ConfUtils.java:logGet(44)) - raft.server.sleep.deviation.threshold = 300ms (default)
2021-04-07 10:29:52,944 [pool-375-thread-1] INFO  server.RaftServerConfigKeys (ConfUtils.java:logGet(44)) - raft.server.log.appender.install.snapshot.enabled = false (custom)
2021-04-07 10:29:52,944 [Listener at 0.0.0.0/12091] INFO  ipc.CallQueueManager (CallQueueManager.java:<init>(85)) - Using callQueue: class java.util.concurrent.LinkedBlockingQueue, queueCapacity: 2000, scheduler: class org.apache.hadoop.ipc.DefaultRpcScheduler, ipcBackoff: false.
2021-04-07 10:29:52,944 [pool-375-thread-1] INFO  server.RaftServer$Division (ServerState.java:<init>(105)) - omNode-1@group-523986131536: ConfigurationManager, init=-1: [omNode-3|rpc:localhost:12084|priority:0, omNode-1|rpc:localhost:12072|priority:0, omNode-2|rpc:localhost:12078|priority:0], old=null, confs=<EMPTY_MAP>
2021-04-07 10:29:52,945 [pool-375-thread-1] INFO  server.RaftServerConfigKeys (ConfUtils.java:logGet(44)) - raft.server.storage.dir = [/github/workspace/mnt/ozone/hadoop-ozone/integration-test/target/test-dir/MiniOzoneClusterImpl-51c72f67-962b-4c5d-8db7-a8e56aec5900/omNode-1/ratis] (custom)
2021-04-07 10:29:52,945 [pool-375-thread-1] INFO  server.RaftServerConfigKeys (ConfUtils.java:logGet(44)) - raft.server.log.corruption.policy = EXCEPTION (default)
2021-04-07 10:29:52,945 [Listener at 0.0.0.0/12091] INFO  ozone.MiniOzoneHAClusterImpl (MiniOzoneHAClusterImpl.java:createOMService(485)) - MiniOzoneHACluster port conflicts, retried 1 times
2021-04-07 10:29:52,945 [pool-375-thread-1] INFO  storage.RaftStorageDirectory (RaftStorageDirectoryImpl.java:analyzeStorage(132)) - The storage directory /github/workspace/mnt/ozone/hadoop-ozone/integration-test/target/test-dir/MiniOzoneClusterImpl-51c72f67-962b-4c5d-8db7-a8e56aec5900/omNode-1/ratis/c9bc4cf4-3bc3-3c60-a66b-523986131536 does not exist. Creating ...
2021-04-07 10:29:52,946 [Listener at 0.0.0.0/12091] INFO  ha.OMHANodeDetails (OMHANodeDetails.java:loadOMHAConfig(111)) - ServiceID for OzoneManager is om-service-test1
2021-04-07 10:29:52,946 [Listener at 0.0.0.0/12091] INFO  ha.OMHANodeDetails (OMHANodeDetails.java:loadOMHAConfig(187)) - Found matching OM address with OMServiceId: om-service-test1, OMNodeId: omNode-1, RPC Address: localhost:10936 and Ratis port: 10940
2021-04-07 10:29:52,946 [Listener at 0.0.0.0/12091] INFO  ha.OMHANodeDetails (ConfUtils.java:setNodeSpecificConfigs(105)) - Setting configuration key ozone.om.http-address with value of key ozone.om.http-address.om-service-test1.omNode-1: 127.0.0.1:10938
2021-04-07 10:29:52,946 [Listener at 0.0.0.0/12091] INFO  ha.OMHANodeDetails (ConfUtils.java:setNodeSpecificConfigs(105)) - Setting configuration key ozone.om.https-address with value of key ozone.om.https-address.om-service-test1.omNode-1: 127.0.0.1:10939
2021-04-07 10:29:52,946 [Listener at 0.0.0.0/12091] INFO  ha.OMHANodeDetails (ConfUtils.java:setNodeSpecificConfigs(105)) - Setting configuration key ozone.om.address with value of key ozone.om.address.om-service-test1.omNode-1: 127.0.0.1:10936
2021-04-07 10:29:52,946 [pool-375-thread-1] INFO  storage.RaftStorageDirectory (RaftStorageDirectoryImpl.java:tryLock(215)) - Lock on /github/workspace/mnt/ozone/hadoop-ozone/integration-test/target/test-dir/MiniOzoneClusterImpl-51c72f67-962b-4c5d-8db7-a8e56aec5900/omNode-1/ratis/c9bc4cf4-3bc3-3c60-a66b-523986131536/in_use.lock acquired by nodename 5412@100a838eac99
2021-04-07 10:29:52,946 [Listener at 0.0.0.0/12091] WARN  server.ServerUtils (ServerUtils.java:getDBPath(225)) - ozone.om.db.dirs is not configured. We recommend adding this setting. Falling back to ozone.metadata.dirs instead.
OM already initialized.Reusing existing cluster id for sd=/github/workspace/mnt/ozone/hadoop-ozone/integration-test/target/test-dir/MiniOzoneClusterImpl-51c72f67-962b-4c5d-8db7-a8e56aec5900/omNode-1/om;cid=51c72f67-962b-4c5d-8db7-a8e56aec5900;layoutVersion=0
2021-04-07 10:29:52,947 [Listener at 0.0.0.0/12091] INFO  ha.OMHANodeDetails (OMHANodeDetails.java:loadOMHAConfig(111)) - ServiceID for OzoneManager is om-service-test1
2021-04-07 10:29:52,947 [Listener at 0.0.0.0/12091] INFO  ha.OMHANodeDetails (OMHANodeDetails.java:loadOMHAConfig(187)) - Found matching OM address with OMServiceId: om-service-test1, OMNodeId: omNode-1, RPC Address: localhost:10936 and Ratis port: 10940
2021-04-07 10:29:52,947 [Listener at 0.0.0.0/12091] INFO  ha.OMHANodeDetails (ConfUtils.java:setNodeSpecificConfigs(105)) - Setting configuration key ozone.om.http-address with value of key ozone.om.http-address.om-service-test1.omNode-1: 127.0.0.1:10938
2021-04-07 10:29:52,947 [Listener at 0.0.0.0/12091] INFO  ha.OMHANodeDetails (ConfUtils.java:setNodeSpecificConfigs(105)) - Setting configuration key ozone.om.https-address with value of key ozone.om.https-address.om-service-test1.omNode-1: 127.0.0.1:10939
2021-04-07 10:29:52,947 [Listener at 0.0.0.0/12091] INFO  ha.OMHANodeDetails (ConfUtils.java:setNodeSpecificConfigs(105)) - Setting configuration key ozone.om.address with value of key ozone.om.address.om-service-test1.omNode-1: 127.0.0.1:10936
2021-04-07 10:29:52,947 [Listener at 0.0.0.0/12091] WARN  server.ServerUtils (ServerUtils.java:getDBPath(225)) - ozone.om.db.dirs is not configured. We recommend adding this setting. Falling back to ozone.metadata.dirs instead.
2021-04-07 10:29:52,948 [Listener at 0.0.0.0/12091] WARN  server.ServerUtils (ServerUtils.java:getDBPath(225)) - ozone.om.db.dirs is not configured. We recommend adding this setting. Falling back to ozone.metadata.dirs instead.
2021-04-07 10:29:52,948 [Listener at 0.0.0.0/12091] INFO  ha.SCMNodeInfo (SCMNodeInfo.java:getPort(196)) - ConfigKey ozone.scm.client.address is deprecated, For configuring different ports for each SCM use PortConfigKey ozone.scm.client.port appended with serviceId and nodeId
2021-04-07 10:29:52,948 [Listener at 0.0.0.0/12091] INFO  ha.SCMNodeInfo (SCMNodeInfo.java:getPort(196)) - ConfigKey ozone.scm.block.client.address is deprecated, For configuring different ports for each SCM use PortConfigKey ozone.scm.block.client.port appended with serviceId and nodeId
2021-04-07 10:29:52,948 [Listener at 0.0.0.0/12091] INFO  ha.SCMNodeInfo (SCMNodeInfo.java:getPort(196)) - ConfigKey ozone.scm.datanode.address is deprecated, For configuring different ports for each SCM use PortConfigKey ozone.scm.datanode.port appended with serviceId and nodeId
2021-04-07 10:29:52,948 [Listener at 0.0.0.0/12091] INFO  ha.SCMNodeInfo (SCMNodeInfo.java:getPort(196)) - ConfigKey ozone.scm.client.address is deprecated, For configuring different ports for each SCM use PortConfigKey ozone.scm.client.port appended with serviceId and nodeId
2021-04-07 10:29:52,948 [Listener at 0.0.0.0/12091] INFO  ha.SCMNodeInfo (SCMNodeInfo.java:getPort(196)) - ConfigKey ozone.scm.block.client.address is deprecated, For configuring different ports for each SCM use PortConfigKey ozone.scm.block.client.port appended with serviceId and nodeId
2021-04-07 10:29:52,948 [Listener at 0.0.0.0/12091] INFO  ha.SCMNodeInfo (SCMNodeInfo.java:getPort(196)) - ConfigKey ozone.scm.datanode.address is deprecated, For configuring different ports for each SCM use PortConfigKey ozone.scm.datanode.port appended with serviceId and nodeId
2021-04-07 10:29:52,949 [Listener at 0.0.0.0/12091] INFO  ha.SCMNodeInfo (SCMNodeInfo.java:getPort(196)) - ConfigKey ozone.scm.client.address is deprecated, For configuring different ports for each SCM use PortConfigKey ozone.scm.client.port appended with serviceId and nodeId
2021-04-07 10:29:52,949 [Listener at 0.0.0.0/12091] INFO  ha.SCMNodeInfo (SCMNodeInfo.java:getPort(196)) - ConfigKey ozone.scm.block.client.address is deprecated, For configuring different ports for each SCM use PortConfigKey ozone.scm.block.client.port appended with serviceId and nodeId
2021-04-07 10:29:52,949 [Listener at 0.0.0.0/12091] INFO  ha.SCMNodeInfo (SCMNodeInfo.java:getPort(196)) - ConfigKey ozone.scm.datanode.address is deprecated, For configuring different ports for each SCM use PortConfigKey ozone.scm.datanode.port appended with serviceId and nodeId
2021-04-07 10:29:52,949 [Listener at 0.0.0.0/12091] INFO  ha.SCMNodeInfo (SCMNodeInfo.java:getPort(196)) - ConfigKey ozone.scm.client.address is deprecated, For configuring different ports for each SCM use PortConfigKey ozone.scm.client.port appended with serviceId and nodeId
2021-04-07 10:29:52,949 [Listener at 0.0.0.0/12091] INFO  ha.SCMNodeInfo (SCMNodeInfo.java:getPort(196)) - ConfigKey ozone.scm.block.client.address is deprecated, For configuring different ports for each SCM use PortConfigKey ozone.scm.block.client.port appended with serviceId and nodeId
2021-04-07 10:29:52,950 [Listener at 0.0.0.0/12091] INFO  ha.SCMNodeInfo (SCMNodeInfo.java:getPort(196)) - ConfigKey ozone.scm.datanode.address is deprecated, For configuring different ports for each SCM use PortConfigKey ozone.scm.datanode.port appended with serviceId and nodeId
2021-04-07 10:29:52,950 [Listener at 0.0.0.0/12091] INFO  ha.SCMNodeInfo (SCMNodeInfo.java:getPort(196)) - ConfigKey ozone.scm.client.address is deprecated, For configuring different ports for each SCM use PortConfigKey ozone.scm.client.port appended with serviceId and nodeId
2021-04-07 10:29:52,950 [Listener at 0.0.0.0/12091] INFO  ha.SCMNodeInfo (SCMNodeInfo.java:getPort(196)) - ConfigKey ozone.scm.block.client.address is deprecated, For configuring different ports for each SCM use PortConfigKey ozone.scm.block.client.port appended with serviceId and nodeId
2021-04-07 10:29:52,950 [Listener at 0.0.0.0/12091] INFO  ha.SCMNodeInfo (SCMNodeInfo.java:getPort(196)) - ConfigKey ozone.scm.datanode.address is deprecated, For configuring different ports for each SCM use PortConfigKey ozone.scm.datanode.port appended with serviceId and nodeId
2021-04-07 10:29:52,950 [Listener at 0.0.0.0/12091] INFO  ha.SCMNodeInfo (SCMNodeInfo.java:getPort(196)) - ConfigKey ozone.scm.client.address is deprecated, For configuring different ports for each SCM use PortConfigKey ozone.scm.client.port appended with serviceId and nodeId
2021-04-07 10:29:52,950 [Listener at 0.0.0.0/12091] INFO  ha.SCMNodeInfo (SCMNodeInfo.java:getPort(196)) - ConfigKey ozone.scm.block.client.address is deprecated, For configuring different ports for each SCM use PortConfigKey ozone.scm.block.client.port appended with serviceId and nodeId
2021-04-07 10:29:52,950 [Listener at 0.0.0.0/12091] INFO  ha.SCMNodeInfo (SCMNodeInfo.java:getPort(196)) - ConfigKey ozone.scm.datanode.address is deprecated, For configuring different ports for each SCM use PortConfigKey ozone.scm.datanode.port appended with serviceId and nodeId
2021-04-07 10:29:52,951 [Listener at 0.0.0.0/12091] INFO  ha.SCMNodeInfo (SCMNodeInfo.java:getPort(196)) - ConfigKey ozone.scm.client.address is deprecated, For configuring different ports for each SCM use PortConfigKey ozone.scm.client.port appended with serviceId and nodeId
2021-04-07 10:29:52,951 [Listener at 0.0.0.0/12091] INFO  ha.SCMNodeInfo (SCMNodeInfo.java:getPort(196)) - ConfigKey ozone.scm.block.client.address is deprecated, For configuring different ports for each SCM use PortConfigKey ozone.scm.block.client.port appended with serviceId and nodeId
2021-04-07 10:29:52,951 [Listener at 0.0.0.0/12091] INFO  ha.SCMNodeInfo (SCMNodeInfo.java:getPort(196)) - ConfigKey ozone.scm.datanode.address is deprecated, For configuring different ports for each SCM use PortConfigKey ozone.scm.datanode.port appended with serviceId and nodeId
2021-04-07 10:29:52,951 [Listener at 0.0.0.0/12091] INFO  ha.SCMNodeInfo (SCMNodeInfo.java:getPort(196)) - ConfigKey ozone.scm.client.address is deprecated, For configuring different ports for each SCM use PortConfigKey ozone.scm.client.port appended with serviceId and nodeId
2021-04-07 10:29:52,951 [Listener at 0.0.0.0/12091] INFO  ha.SCMNodeInfo (SCMNodeInfo.java:getPort(196)) - ConfigKey ozone.scm.block.client.address is deprecated, For configuring different ports for each SCM use PortConfigKey ozone.scm.block.client.port appended with serviceId and nodeId
2021-04-07 10:29:52,951 [Listener at 0.0.0.0/12091] INFO  ha.SCMNodeInfo (SCMNodeInfo.java:getPort(196)) - ConfigKey ozone.scm.datanode.address is deprecated, For configuring different ports for each SCM use PortConfigKey ozone.scm.datanode.port appended with serviceId and nodeId
2021-04-07 10:29:52,951 [Listener at 0.0.0.0/12091] INFO  ha.SCMNodeInfo (SCMNodeInfo.java:getPort(196)) - ConfigKey ozone.scm.client.address is deprecated, For configuring different ports for each SCM use PortConfigKey ozone.scm.client.port appended with serviceId and nodeId
2021-04-07 10:29:52,951 [Listener at 0.0.0.0/12091] INFO  ha.SCMNodeInfo (SCMNodeInfo.java:getPort(196)) - ConfigKey ozone.scm.block.client.address is deprecated, For configuring different ports for each SCM use PortConfigKey ozone.scm.block.client.port appended with serviceId and nodeId
2021-04-07 10:29:52,951 [Listener at 0.0.0.0/12091] INFO  ha.SCMNodeInfo (SCMNodeInfo.java:getPort(196)) - ConfigKey ozone.scm.datanode.address is deprecated, For configuring different ports for each SCM use PortConfigKey ozone.scm.datanode.port appended with serviceId and nodeId
2021-04-07 10:29:52,954 [pool-375-thread-1] INFO  storage.RaftStorage (RaftStorageImpl.java:format(87)) - Storage directory /github/workspace/mnt/ozone/hadoop-ozone/integration-test/target/test-dir/MiniOzoneClusterImpl-51c72f67-962b-4c5d-8db7-a8e56aec5900/omNode-1/ratis/c9bc4cf4-3bc3-3c60-a66b-523986131536 has been successfully formatted.
2021-04-07 10:29:52,954 [pool-375-thread-1] INFO  server.RaftServerConfigKeys (ConfUtils.java:logGet(44)) - raft.server.notification.no-leader.timeout = 2s (custom)
2021-04-07 10:29:52,954 [pool-375-thread-1] INFO  server.RaftServerConfigKeys (ConfUtils.java:logGet(44)) - raft.server.log.use.memory = false (default)
2021-04-07 10:29:52,954 [pool-375-thread-1] INFO  server.RaftServerConfigKeys (ConfUtils.java:logGet(44)) - raft.server.log.purge.gap = 1000000 (custom)
2021-04-07 10:29:52,954 [pool-375-thread-1] INFO  server.RaftServerConfigKeys (ConfUtils.java:logGet(44)) - raft.server.log.appender.buffer.byte-limit = 33554432 (custom)
2021-04-07 10:29:52,954 [pool-375-thread-1] INFO  metrics.RatisMetrics (RatisMetrics.java:lambda$create$0(36)) - Creating Metrics Registry : ratis.log_worker.omNode-1@group-523986131536
2021-04-07 10:29:52,955 [pool-375-thread-1] INFO  server.RaftServerConfigKeys (ConfUtils.java:logGet(44)) - raft.server.log.segment.size.max = 4194304 (custom)
2021-04-07 10:29:52,955 [pool-375-thread-1] INFO  server.RaftServerConfigKeys (ConfUtils.java:logGet(44)) - raft.server.log.segment.cache.num.max = 2 (custom)
2021-04-07 10:29:52,955 [pool-375-thread-1] INFO  server.RaftServerConfigKeys (ConfUtils.java:logGet(44)) - raft.server.log.segment.cache.size.max = 200MB (=209715200) (default)
2021-04-07 10:29:52,955 [pool-375-thread-1] INFO  segmented.SegmentedRaftLogWorker (SegmentedRaftLogWorker.java:<init>(182)) - new omNode-1@group-523986131536-SegmentedRaftLogWorker for RaftStorageImpl:Storage Directory /github/workspace/mnt/ozone/hadoop-ozone/integration-test/target/test-dir/MiniOzoneClusterImpl-51c72f67-962b-4c5d-8db7-a8e56aec5900/omNode-1/ratis/c9bc4cf4-3bc3-3c60-a66b-523986131536
2021-04-07 10:29:52,955 [pool-375-thread-1] INFO  server.RaftServerConfigKeys (ConfUtils.java:logGet(44)) - raft.server.log.queue.byte-limit = 64MB (=67108864) (default)
2021-04-07 10:29:52,955 [pool-375-thread-1] INFO  server.RaftServerConfigKeys (ConfUtils.java:logGet(44)) - raft.server.log.queue.element-limit = 4096 (default)
2021-04-07 10:29:52,955 [pool-375-thread-1] INFO  server.RaftServerConfigKeys (ConfUtils.java:logGet(44)) - raft.server.log.segment.size.max = 4194304 (custom)
2021-04-07 10:29:52,955 [pool-375-thread-1] INFO  server.RaftServerConfigKeys (ConfUtils.java:logGet(44)) - raft.server.log.preallocated.size = 4194304 (custom)
2021-04-07 10:29:52,955 [pool-375-thread-1] INFO  server.RaftServerConfigKeys (ConfUtils.java:logGet(44)) - raft.server.log.force.sync.num = 128 (default)
2021-04-07 10:29:52,955 [pool-375-thread-1] INFO  server.RaftServerConfigKeys (ConfUtils.java:logGet(44)) - raft.server.log.statemachine.data.sync = true (default)
2021-04-07 10:29:52,955 [pool-375-thread-1] INFO  server.RaftServerConfigKeys (ConfUtils.java:logGet(44)) - raft.server.log.statemachine.data.sync.timeout = 10s (default)
2021-04-07 10:29:52,955 [pool-375-thread-1] INFO  server.RaftServerConfigKeys (ConfUtils.java:logGet(44)) - raft.server.log.statemachine.data.sync.timeout.retry = -1 (default)
2021-04-07 10:29:52,956 [pool-375-thread-1] INFO  server.RaftServerConfigKeys (ConfUtils.java:logGet(44)) - raft.server.log.write.buffer.size = 64KB (=65536) (default)
2021-04-07 10:29:52,956 [pool-375-thread-1] INFO  server.RaftServerConfigKeys (ConfUtils.java:logGet(44)) - raft.server.log.statemachine.data.caching.enabled = false (default)
2021-04-07 10:29:52,956 [pool-375-thread-1] INFO  segmented.SegmentedRaftLogWorker (SegmentedRaftLogWorker.java:lambda$new$0(133)) - omNode-1@group-523986131536-SegmentedRaftLogWorker: flushIndex: setUnconditionally 0 -> -1
2021-04-07 10:29:52,956 [pool-375-thread-1] INFO  segmented.SegmentedRaftLogWorker (SegmentedRaftLogWorker.java:lambda$new$0(133)) - omNode-1@group-523986131536-SegmentedRaftLogWorker: safeCacheEvictIndex: setUnconditionally 0 -> -1
2021-04-07 10:29:52,957 [pool-375-thread-1] INFO  server.RaftServerConfigKeys (ConfUtils.java:logGet(44)) - raft.server.snapshot.auto.trigger.enabled = true (custom)
2021-04-07 10:29:52,957 [pool-375-thread-1] INFO  server.RaftServerConfigKeys (ConfUtils.java:logGet(44)) - raft.server.snapshot.auto.trigger.threshold = 400000 (default)
2021-04-07 10:29:52,957 [pool-375-thread-1] INFO  server.RaftServerConfigKeys (ConfUtils.java:logGet(44)) - raft.server.snapshot.retention.file.num = -1 (default)
2021-04-07 10:29:52,957 [pool-375-thread-1] INFO  server.RaftServerConfigKeys (ConfUtils.java:logGet(44)) - raft.server.log.purge.upto.snapshot.index = true (custom)
2021-04-07 10:29:52,961 [pool-375-thread-1] INFO  server.RaftServerConfigKeys (ConfUtils.java:logGet(44)) - raft.server.retrycache.expirytime = 300s (custom)
2021-04-07 10:29:52,961 [pool-375-thread-1] INFO  server.RaftServerConfigKeys (ConfUtils.java:logGet(44)) - raft.server.retrycache.statistics.expirytime = 100?s (default)
2021-04-07 10:29:52,962 [pool-375-thread-1] INFO  metrics.RatisMetrics (RatisMetrics.java:lambda$create$0(36)) - Creating Metrics Registry : ratis.leader_election.omNode-1@group-523986131536
2021-04-07 10:29:52,962 [pool-375-thread-1] INFO  metrics.RatisMetrics (RatisMetrics.java:lambda$create$0(36)) - Creating Metrics Registry : ratis.server.omNode-1@group-523986131536
2021-04-07 10:29:52,963 [Listener at 0.0.0.0/12091] WARN  server.ServerUtils (ServerUtils.java:getDBPath(225)) - ozone.om.db.dirs is not configured. We recommend adding this setting. Falling back to ozone.metadata.dirs instead.
2021-04-07 10:29:52,964 [Listener at 0.0.0.0/12091] INFO  codec.OmKeyInfoCodec (OmKeyInfoCodec.java:<init>(43)) - OmKeyInfoCodec ignorePipeline = true
2021-04-07 10:29:52,964 [Listener at 0.0.0.0/12091] INFO  codec.RepeatedOmKeyInfoCodec (RepeatedOmKeyInfoCodec.java:<init>(42)) - RepeatedOmKeyInfoCodec ignorePipeline = true
]]></system-out>
  </testcase>
</testsuite>