<?xml version="1.0" encoding="UTF-8"?>
<testsuite xmlns:xsi="http://www.w3.org/2001/XMLSchema-instance" xsi:noNamespaceSchemaLocation="https://maven.apache.org/surefire/maven-surefire-plugin/xsd/surefire-test-report-3.0.xsd" version="3.0" name="org.apache.hadoop.ozone.scm.node.TestDecommissionAndMaintenance" time="227.617" tests="7" errors="1" skipped="0" failures="0">
  <properties>
    <property name="awt.toolkit" value="sun.awt.X11.XToolkit"/>
    <property name="file.encoding.pkg" value="sun.io"/>
    <property name="java.specification.version" value="1.8"/>
    <property name="sun.cpu.isalist" value=""/>
    <property name="sun.jnu.encoding" value="UTF-8"/>
    <property name="java.class.path" value="/home/runner/work/ozone/ozone/hadoop-ozone/integration-test/target/test-classes:/home/runner/work/ozone/ozone/hadoop-ozone/integration-test/target/classes:/home/runner/.m2/repository/org/apache/ozone/ozone-common/1.4.0-SNAPSHOT/ozone-common-1.4.0-SNAPSHOT.jar:/home/runner/.m2/repository/io/grpc/grpc-netty/1.51.1/grpc-netty-1.51.1.jar:/home/runner/.m2/repository/io/grpc/grpc-core/1.51.1/grpc-core-1.51.1.jar:/home/runner/.m2/repository/com/google/android/annotations/4.1.1.4/annotations-4.1.1.4.jar:/home/runner/.m2/repository/org/codehaus/mojo/animal-sniffer-annotations/1.21/animal-sniffer-annotations-1.21.jar:/home/runner/.m2/repository/com/google/errorprone/error_prone_annotations/2.2.0/error_prone_annotations-2.2.0.jar:/home/runner/.m2/repository/io/perfmark/perfmark-api/0.25.0/perfmark-api-0.25.0.jar:/home/runner/.m2/repository/io/netty/netty-codec-http2/4.1.86.Final/netty-codec-http2-4.1.86.Final.jar:/home/runner/.m2/repository/io/netty/netty-common/4.1.86.Final/netty-common-4.1.86.Final.jar:/home/runner/.m2/repository/io/netty/netty-buffer/4.1.86.Final/netty-buffer-4.1.86.Final.jar:/home/runner/.m2/repository/io/netty/netty-codec-http/4.1.86.Final/netty-codec-http-4.1.86.Final.jar:/home/runner/.m2/repository/io/netty/netty-handler-proxy/4.1.86.Final/netty-handler-proxy-4.1.86.Final.jar:/home/runner/.m2/repository/io/netty/netty-codec-socks/4.1.86.Final/netty-codec-socks-4.1.86.Final.jar:/home/runner/.m2/repository/io/netty/netty-tcnative-boringssl-static/2.0.54.Final/netty-tcnative-boringssl-static-2.0.54.Final.jar:/home/runner/.m2/repository/io/netty/netty-tcnative-classes/2.0.54.Final/netty-tcnative-classes-2.0.54.Final.jar:/home/runner/.m2/repository/io/netty/netty-tcnative-boringssl-static/2.0.54.Final/netty-tcnative-boringssl-static-2.0.54.Final-linux-x86_64.jar:/home/runner/.m2/repository/io/netty/netty-tcnative-boringssl-static/2.0.54.Final/netty-tcnative-boringssl-static-2.0.54.Final-linux-aarch_64.jar:/home/runner/.m2/repository/io/netty/netty-tcnative-boringssl-static/2.0.54.Final/netty-tcnative-boringssl-static-2.0.54.Final-osx-x86_64.jar:/home/runner/.m2/repository/io/netty/netty-tcnative-boringssl-static/2.0.54.Final/netty-tcnative-boringssl-static-2.0.54.Final-osx-aarch_64.jar:/home/runner/.m2/repository/io/netty/netty-tcnative-boringssl-static/2.0.54.Final/netty-tcnative-boringssl-static-2.0.54.Final-windows-x86_64.jar:/home/runner/.m2/repository/org/apache/commons/commons-compress/1.21/commons-compress-1.21.jar:/home/runner/.m2/repository/org/apache/ozone/hdds-common/1.4.0-SNAPSHOT/hdds-common-1.4.0-SNAPSHOT.jar:/home/runner/.m2/repository/org/apache/ozone/hdds-client/1.4.0-SNAPSHOT/hdds-client-1.4.0-SNAPSHOT.jar:/home/runner/.m2/repository/org/apache/ozone/ozone-interface-client/1.4.0-SNAPSHOT/ozone-interface-client-1.4.0-SNAPSHOT.jar:/home/runner/.m2/repository/org/apache/ozone/hdds-test-utils/1.4.0-SNAPSHOT/hdds-test-utils-1.4.0-SNAPSHOT.jar:/home/runner/.m2/repository/com/google/guava/guava/31.1-jre/guava-31.1-jre.jar:/home/runner/.m2/repository/com/google/guava/failureaccess/1.0.1/failureaccess-1.0.1.jar:/home/runner/.m2/repository/com/google/guava/listenablefuture/9999.0-empty-to-avoid-conflict-with-guava/listenablefuture-9999.0-empty-to-avoid-conflict-with-guava.jar:/home/runner/.m2/repository/com/google/code/findbugs/jsr305/3.0.0/jsr305-3.0.0.jar:/home/runner/.m2/repository/org/checkerframework/checker-qual/3.12.0/checker-qual-3.12.0.jar:/home/runner/.m2/repository/com/google/j2objc/j2objc-annotations/1.3/j2objc-annotations-1.3.jar:/home/runner/.m2/repository/commons-io/commons-io/2.11.0/commons-io-2.11.0.jar:/home/runner/.m2/repository/commons-logging/commons-logging/1.2/commons-logging-1.2.jar:/home/runner/.m2/repository/ch/qos/reload4j/reload4j/1.2.22/reload4j-1.2.22.jar:/home/runner/.m2/repository/org/slf4j/slf4j-api/1.7.36/slf4j-api-1.7.36.jar:/home/runner/.m2/repository/org/apache/ozone/hdds-server-scm/1.4.0-SNAPSHOT/hdds-server-scm-1.4.0-SNAPSHOT.jar:/home/runner/.m2/repository/org/apache/ozone/hdds-container-service/1.4.0-SNAPSHOT/hdds-container-service-1.4.0-SNAPSHOT.jar:/home/runner/.m2/repository/org/apache/ozone/hdds-hadoop-dependency-server/1.4.0-SNAPSHOT/hdds-hadoop-dependency-server-1.4.0-SNAPSHOT.jar:/home/runner/.m2/repository/org/apache/hadoop/hadoop-hdfs/3.3.4/hadoop-hdfs-3.3.4.jar:/home/runner/.m2/repository/org/eclipse/jetty/jetty-util-ajax/9.4.49.v20220914/jetty-util-ajax-9.4.49.v20220914.jar:/home/runner/.m2/repository/commons-daemon/commons-daemon/1.0.13/commons-daemon-1.0.13.jar:/home/runner/.m2/repository/org/apache/ozone/hdds-server-framework/1.4.0-SNAPSHOT/hdds-server-framework-1.4.0-SNAPSHOT.jar:/home/runner/.m2/repository/org/apache/ozone/hdds-interface-server/1.4.0-SNAPSHOT/hdds-interface-server-1.4.0-SNAPSHOT.jar:/home/runner/.m2/repository/org/apache/commons/commons-configuration2/2.1.1/commons-configuration2-2.1.1.jar:/home/runner/.m2/repository/org/apache/logging/log4j/log4j-core/2.17.1/log4j-core-2.17.1.jar:/home/runner/.m2/repository/com/lmax/disruptor/3.4.2/disruptor-3.4.2.jar:/home/runner/.m2/repository/org/eclipse/jetty/jetty-servlet/9.4.49.v20220914/jetty-servlet-9.4.49.v20220914.jar:/home/runner/.m2/repository/org/eclipse/jetty/jetty-security/9.4.49.v20220914/jetty-security-9.4.49.v20220914.jar:/home/runner/.m2/repository/org/rocksdb/rocksdbjni/7.7.3/rocksdbjni-7.7.3.jar:/home/runner/.m2/repository/io/prometheus/simpleclient_dropwizard/0.7.0/simpleclient_dropwizard-0.7.0.jar:/home/runner/.m2/repository/io/prometheus/simpleclient/0.7.0/simpleclient-0.7.0.jar:/home/runner/.m2/repository/io/prometheus/simpleclient_common/0.7.0/simpleclient_common-0.7.0.jar:/home/runner/.m2/repository/com/github/spotbugs/spotbugs-annotations/3.1.12/spotbugs-annotations-3.1.12.jar:/home/runner/.m2/repository/org/awaitility/awaitility/4.2.0/awaitility-4.2.0.jar:/home/runner/.m2/repository/org/hamcrest/hamcrest/2.1/hamcrest-2.1.jar:/home/runner/.m2/repository/io/dropwizard/metrics/metrics-core/3.2.4/metrics-core-3.2.4.jar:/home/runner/.m2/repository/org/apache/commons/commons-text/1.4/commons-text-1.4.jar:/home/runner/.m2/repository/org/apache/hadoop/hadoop-hdfs-client/3.3.4/hadoop-hdfs-client-3.3.4.jar:/home/runner/.m2/repository/com/squareup/okhttp3/okhttp/4.9.3/okhttp-4.9.3.jar:/home/runner/.m2/repository/com/squareup/okio/okio/2.8.0/okio-2.8.0.jar:/home/runner/.m2/repository/org/jetbrains/kotlin/kotlin-stdlib-common/1.6.21/kotlin-stdlib-common-1.6.21.jar:/home/runner/.m2/repository/org/bouncycastle/bcprov-jdk15on/1.67/bcprov-jdk15on-1.67.jar:/home/runner/.m2/repository/com/google/protobuf/protobuf-java/2.5.0/protobuf-java-2.5.0.jar:/home/runner/.m2/repository/org/apache/ozone/ozone-manager/1.4.0-SNAPSHOT/ozone-manager-1.4.0-SNAPSHOT.jar:/home/runner/.m2/repository/org/aspectj/aspectjrt/1.9.7/aspectjrt-1.9.7.jar:/home/runner/.m2/repository/org/aspectj/aspectjweaver/1.9.7/aspectjweaver-1.9.7.jar:/home/runner/.m2/repository/org/apache/ozone/hdds-interface-client/1.4.0-SNAPSHOT/hdds-interface-client-1.4.0-SNAPSHOT.jar:/home/runner/.m2/repository/org/apache/hadoop/thirdparty/hadoop-shaded-protobuf_3_7/1.1.1/hadoop-shaded-protobuf_3_7-1.1.1.jar:/home/runner/.m2/repository/org/apache/ratis/ratis-thirdparty-misc/1.0.3/ratis-thirdparty-misc-1.0.3.jar:/home/runner/.m2/repository/org/apache/ozone/ozone-interface-storage/1.4.0-SNAPSHOT/ozone-interface-storage-1.4.0-SNAPSHOT.jar:/home/runner/.m2/repository/org/apache/ozone/rocksdb-checkpoint-differ/1.4.0-SNAPSHOT/rocksdb-checkpoint-differ-1.4.0-SNAPSHOT.jar:/home/runner/.m2/repository/org/reflections/reflections/0.9.11/reflections-0.9.11.jar:/home/runner/.m2/repository/com/sun/jersey/jersey-client/1.19/jersey-client-1.19.jar:/home/runner/.m2/repository/org/apache/ranger/ranger-intg/2.3.0/ranger-intg-2.3.0.jar:/home/runner/.m2/repository/org/apache/ranger/ranger-plugins-common/2.3.0/ranger-plugins-common-2.3.0.jar:/home/runner/.m2/repository/commons-lang/commons-lang/2.6/commons-lang-2.6.jar:/home/runner/.m2/repository/org/codehaus/jackson/jackson-jaxrs/1.9.13/jackson-jaxrs-1.9.13.jar:/home/runner/.m2/repository/org/apache/ranger/ranger-plugins-cred/2.3.0/ranger-plugins-cred-2.3.0.jar:/home/runner/.m2/repository/org/apache/ranger/ranger-plugins-audit/2.3.0/ranger-plugins-audit-2.3.0.jar:/home/runner/.m2/repository/org/eclipse/jetty/jetty-client/9.4.49.v20220914/jetty-client-9.4.49.v20220914.jar:/home/runner/.m2/repository/org/apache/httpcomponents/httpmime/4.5.6/httpmime-4.5.6.jar:/home/runner/.m2/repository/org/apache/httpcomponents/httpcore-nio/4.4.6/httpcore-nio-4.4.6.jar:/home/runner/.m2/repository/org/apache/httpcomponents/httpasyncclient/4.1.3/httpasyncclient-4.1.3.jar:/home/runner/.m2/repository/com/carrotsearch/hppc/0.8.0/hppc-0.8.0.jar:/home/runner/.m2/repository/org/apache/orc/orc-core/1.5.8/orc-core-1.5.8.jar:/home/runner/.m2/repository/net/java/dev/jna/jna/5.2.0/jna-5.2.0.jar:/home/runner/.m2/repository/net/java/dev/jna/jna-platform/5.2.0/jna-platform-5.2.0.jar:/home/runner/.m2/repository/com/kstruct/gethostname4j/0.0.2/gethostname4j-0.0.2.jar:/home/runner/.m2/repository/org/apache/ranger/ranger-plugin-classloader/2.3.0/ranger-plugin-classloader-2.3.0.jar:/home/runner/.m2/repository/org/apache/hadoop/hadoop-minikdc/3.3.4/hadoop-minikdc-3.3.4.jar:/home/runner/.m2/repository/org/apache/kerby/kerb-simplekdc/1.0.1/kerb-simplekdc-1.0.1.jar:/home/runner/.m2/repository/org/apache/kerby/kerb-client/1.0.1/kerb-client-1.0.1.jar:/home/runner/.m2/repository/org/apache/kerby/kerby-config/1.0.1/kerby-config-1.0.1.jar:/home/runner/.m2/repository/org/apache/kerby/kerb-common/1.0.1/kerb-common-1.0.1.jar:/home/runner/.m2/repository/org/apache/kerby/kerb-crypto/1.0.1/kerb-crypto-1.0.1.jar:/home/runner/.m2/repository/org/apache/kerby/kerb-util/1.0.1/kerb-util-1.0.1.jar:/home/runner/.m2/repository/org/apache/kerby/token-provider/1.0.1/token-provider-1.0.1.jar:/home/runner/.m2/repository/org/apache/kerby/kerb-admin/1.0.1/kerb-admin-1.0.1.jar:/home/runner/.m2/repository/org/apache/kerby/kerb-server/1.0.1/kerb-server-1.0.1.jar:/home/runner/.m2/repository/org/apache/kerby/kerb-identity/1.0.1/kerb-identity-1.0.1.jar:/home/runner/.m2/repository/org/apache/kerby/kerby-xdr/1.0.1/kerby-xdr-1.0.1.jar:/home/runner/.m2/repository/org/apache/ozone/ozone-s3gateway/1.4.0-SNAPSHOT/ozone-s3gateway-1.4.0-SNAPSHOT.jar:/home/runner/.m2/repository/org/javassist/javassist/3.21.0-GA/javassist-3.21.0-GA.jar:/home/runner/.m2/repository/org/jboss/weld/servlet/weld-servlet/2.4.7.Final/weld-servlet-2.4.7.Final.jar:/home/runner/.m2/repository/org/glassfish/jersey/containers/jersey-container-servlet-core/2.34/jersey-container-servlet-core-2.34.jar:/home/runner/.m2/repository/org/glassfish/hk2/external/jakarta.inject/2.6.1/jakarta.inject-2.6.1.jar:/home/runner/.m2/repository/org/glassfish/jersey/core/jersey-common/2.34/jersey-common-2.34.jar:/home/runner/.m2/repository/jakarta/ws/rs/jakarta.ws.rs-api/2.1.6/jakarta.ws.rs-api-2.1.6.jar:/home/runner/.m2/repository/org/glassfish/jersey/ext/cdi/jersey-cdi1x/2.34/jersey-cdi1x-2.34.jar:/home/runner/.m2/repository/org/glassfish/jersey/inject/jersey-hk2/2.34/jersey-hk2-2.34.jar:/home/runner/.m2/repository/org/glassfish/hk2/hk2-locator/2.6.1/hk2-locator-2.6.1.jar:/home/runner/.m2/repository/org/glassfish/jersey/media/jersey-media-jaxb/2.34/jersey-media-jaxb-2.34.jar:/home/runner/.m2/repository/org/glassfish/hk2/osgi-resource-locator/1.0.3/osgi-resource-locator-1.0.3.jar:/home/runner/.m2/repository/org/glassfish/hk2/hk2-api/2.5.0/hk2-api-2.5.0.jar:/home/runner/.m2/repository/org/glassfish/hk2/hk2-utils/2.5.0/hk2-utils-2.5.0.jar:/home/runner/.m2/repository/org/glassfish/hk2/external/aopalliance-repackaged/2.5.0/aopalliance-repackaged-2.5.0.jar:/home/runner/.m2/repository/com/fasterxml/jackson/dataformat/jackson-dataformat-xml/2.13.4/jackson-dataformat-xml-2.13.4.jar:/home/runner/.m2/repository/com/fasterxml/jackson/core/jackson-core/2.13.4/jackson-core-2.13.4.jar:/home/runner/.m2/repository/org/codehaus/woodstox/stax2-api/4.2.1/stax2-api-4.2.1.jar:/home/runner/.m2/repository/com/fasterxml/woodstox/woodstox-core/5.4.0/woodstox-core-5.4.0.jar:/home/runner/.m2/repository/com/fasterxml/jackson/module/jackson-module-jaxb-annotations/2.13.4/jackson-module-jaxb-annotations-2.13.4.jar:/home/runner/.m2/repository/jakarta/xml/bind/jakarta.xml.bind-api/2.3.3/jakarta.xml.bind-api-2.3.3.jar:/home/runner/.m2/repository/jakarta/activation/jakarta.activation-api/1.2.2/jakarta.activation-api-1.2.2.jar:/home/runner/.m2/repository/javax/enterprise/cdi-api/1.2/cdi-api-1.2.jar:/home/runner/.m2/repository/javax/el/javax.el-api/3.0.0/javax.el-api-3.0.0.jar:/home/runner/.m2/repository/javax/interceptor/javax.interceptor-api/1.2/javax.interceptor-api-1.2.jar:/home/runner/.m2/repository/javax/inject/javax.inject/1/javax.inject-1.jar:/home/runner/.m2/repository/javax/xml/bind/jaxb-api/2.3.0/jaxb-api-2.3.0.jar:/home/runner/.m2/repository/org/glassfish/jaxb/jaxb-runtime/2.3.0.1/jaxb-runtime-2.3.0.1.jar:/home/runner/.m2/repository/org/glassfish/jaxb/jaxb-core/2.3.0.1/jaxb-core-2.3.0.1.jar:/home/runner/.m2/repository/org/glassfish/jaxb/txw2/2.3.0.1/txw2-2.3.0.1.jar:/home/runner/.m2/repository/com/sun/istack/istack-commons-runtime/3.0.5/istack-commons-runtime-3.0.5.jar:/home/runner/.m2/repository/org/jvnet/staxex/stax-ex/1.7.8/stax-ex-1.7.8.jar:/home/runner/.m2/repository/com/sun/xml/fastinfoset/FastInfoset/1.2.13/FastInfoset-1.2.13.jar:/home/runner/.m2/repository/javax/activation/activation/1.1.1/activation-1.1.1.jar:/home/runner/.m2/repository/io/grpc/grpc-protobuf/1.51.1/grpc-protobuf-1.51.1.jar:/home/runner/.m2/repository/io/grpc/grpc-api/1.51.1/grpc-api-1.51.1.jar:/home/runner/.m2/repository/io/grpc/grpc-context/1.51.1/grpc-context-1.51.1.jar:/home/runner/.m2/repository/com/google/api/grpc/proto-google-common-protos/2.9.0/proto-google-common-protos-2.9.0.jar:/home/runner/.m2/repository/io/grpc/grpc-protobuf-lite/1.51.1/grpc-protobuf-lite-1.51.1.jar:/home/runner/.m2/repository/io/grpc/grpc-stub/1.51.1/grpc-stub-1.51.1.jar:/home/runner/.m2/repository/io/netty/netty-transport/4.1.86.Final/netty-transport-4.1.86.Final.jar:/home/runner/.m2/repository/io/netty/netty-resolver/4.1.86.Final/netty-resolver-4.1.86.Final.jar:/home/runner/.m2/repository/org/apache/ozone/ozone-csi/1.4.0-SNAPSHOT/ozone-csi-1.4.0-SNAPSHOT.jar:/home/runner/.m2/repository/com/google/protobuf/protobuf-java-util/3.19.6/protobuf-java-util-3.19.6.jar:/home/runner/.m2/repository/com/google/code/gson/gson/2.9.0/gson-2.9.0.jar:/home/runner/.m2/repository/org/apache/ozone/hdds-config/1.4.0-SNAPSHOT/hdds-config-1.4.0-SNAPSHOT.jar:/home/runner/.m2/repository/io/netty/netty-transport-native-epoll/4.1.86.Final/netty-transport-native-epoll-4.1.86.Final-linux-x86_64.jar:/home/runner/.m2/repository/io/netty/netty-transport-classes-epoll/4.1.86.Final/netty-transport-classes-epoll-4.1.86.Final.jar:/home/runner/.m2/repository/io/netty/netty-transport-native-unix-common/4.1.86.Final/netty-transport-native-unix-common-4.1.86.Final.jar:/home/runner/.m2/repository/org/slf4j/slf4j-reload4j/1.7.36/slf4j-reload4j-1.7.36.jar:/home/runner/.m2/repository/org/apache/ozone/ozone-recon/1.4.0-SNAPSHOT/ozone-recon-1.4.0-SNAPSHOT.jar:/home/runner/.m2/repository/org/apache/ozone/ozone-reconcodegen/1.4.0-SNAPSHOT/ozone-reconcodegen-1.4.0-SNAPSHOT.jar:/home/runner/.m2/repository/com/google/inject/extensions/guice-multibindings/4.0/guice-multibindings-4.0.jar:/home/runner/.m2/repository/com/google/inject/guice/4.0/guice-4.0.jar:/home/runner/.m2/repository/aopalliance/aopalliance/1.0/aopalliance-1.0.jar:/home/runner/.m2/repository/com/google/inject/extensions/guice-assistedinject/4.0/guice-assistedinject-4.0.jar:/home/runner/.m2/repository/com/google/inject/extensions/guice-servlet/4.0/guice-servlet-4.0.jar:/home/runner/.m2/repository/org/glassfish/jersey/containers/jersey-container-servlet/2.34/jersey-container-servlet-2.34.jar:/home/runner/.m2/repository/org/glassfish/hk2/guice-bridge/2.5.0/guice-bridge-2.5.0.jar:/home/runner/.m2/repository/org/glassfish/jersey/core/jersey-server/2.34/jersey-server-2.34.jar:/home/runner/.m2/repository/org/glassfish/jersey/core/jersey-client/2.34/jersey-client-2.34.jar:/home/runner/.m2/repository/jakarta/annotation/jakarta.annotation-api/1.3.5/jakarta.annotation-api-1.3.5.jar:/home/runner/.m2/repository/jakarta/validation/jakarta.validation-api/2.0.2/jakarta.validation-api-2.0.2.jar:/home/runner/.m2/repository/org/glassfish/jersey/media/jersey-media-json-jackson/2.34/jersey-media-json-jackson-2.34.jar:/home/runner/.m2/repository/org/glassfish/jersey/ext/jersey-entity-filtering/2.34/jersey-entity-filtering-2.34.jar:/home/runner/.m2/repository/org/jooq/jooq/3.11.10/jooq-3.11.10.jar:/home/runner/.m2/repository/org/jooq/jooq-meta/3.11.10/jooq-meta-3.11.10.jar:/home/runner/.m2/repository/org/jooq/jooq-codegen/3.11.10/jooq-codegen-3.11.10.jar:/home/runner/.m2/repository/com/jolbox/bonecp/0.8.0.RELEASE/bonecp-0.8.0.RELEASE.jar:/home/runner/.m2/repository/org/apache/derby/derby/10.14.2.0/derby-10.14.2.0.jar:/home/runner/.m2/repository/org/xerial/sqlite-jdbc/3.25.2/sqlite-jdbc-3.25.2.jar:/home/runner/.m2/repository/org/springframework/spring-jdbc/5.3.23/spring-jdbc-5.3.23.jar:/home/runner/.m2/repository/org/springframework/spring-beans/5.3.23/spring-beans-5.3.23.jar:/home/runner/.m2/repository/org/springframework/spring-core/5.3.23/spring-core-5.3.23.jar:/home/runner/.m2/repository/org/springframework/spring-jcl/5.3.23/spring-jcl-5.3.23.jar:/home/runner/.m2/repository/org/springframework/spring-tx/5.3.23/spring-tx-5.3.23.jar:/home/runner/.m2/repository/org/apache/ozone/ozone-client/1.4.0-SNAPSHOT/ozone-client-1.4.0-SNAPSHOT.jar:/home/runner/.m2/repository/org/apache/ozone/hdds-erasurecode/1.4.0-SNAPSHOT/hdds-erasurecode-1.4.0-SNAPSHOT.jar:/home/runner/.m2/repository/org/apache/ozone/ozone-filesystem/1.4.0-SNAPSHOT/ozone-filesystem-1.4.0-SNAPSHOT.jar:/home/runner/.m2/repository/org/apache/ozone/ozone-filesystem-common/1.4.0-SNAPSHOT/ozone-filesystem-common-1.4.0-SNAPSHOT.jar:/home/runner/.m2/repository/org/apache/ozone/ozone-tools/1.4.0-SNAPSHOT/ozone-tools-1.4.0-SNAPSHOT.jar:/home/runner/.m2/repository/com/amazonaws/aws-java-sdk-core/1.12.261/aws-java-sdk-core-1.12.261.jar:/home/runner/.m2/repository/org/apache/httpcomponents/httpclient/4.5.13/httpclient-4.5.13.jar:/home/runner/.m2/repository/org/apache/httpcomponents/httpcore/4.4.13/httpcore-4.4.13.jar:/home/runner/.m2/repository/software/amazon/ion/ion-java/1.0.2/ion-java-1.0.2.jar:/home/runner/.m2/repository/com/fasterxml/jackson/dataformat/jackson-dataformat-cbor/2.13.4/jackson-dataformat-cbor-2.13.4.jar:/home/runner/.m2/repository/joda-time/joda-time/2.10.6/joda-time-2.10.6.jar:/home/runner/.m2/repository/com/amazonaws/aws-java-sdk-s3/1.12.261/aws-java-sdk-s3-1.12.261.jar:/home/runner/.m2/repository/com/amazonaws/aws-java-sdk-kms/1.12.261/aws-java-sdk-kms-1.12.261.jar:/home/runner/.m2/repository/com/amazonaws/jmespath-java/1.12.261/jmespath-java-1.12.261.jar:/home/runner/.m2/repository/org/kohsuke/metainf-services/metainf-services/1.8/metainf-services-1.8.jar:/home/runner/.m2/repository/org/apache/ozone/hdds-tools/1.4.0-SNAPSHOT/hdds-tools-1.4.0-SNAPSHOT.jar:/home/runner/.m2/repository/org/apache/ratis/ratis-tools/2.4.2-8b8bdda-SNAPSHOT/ratis-tools-2.4.2-8b8bdda-SNAPSHOT.jar:/home/runner/.m2/repository/org/apache/ratis/ratis-proto/2.4.2-8b8bdda-SNAPSHOT/ratis-proto-2.4.2-8b8bdda-SNAPSHOT.jar:/home/runner/.m2/repository/org/apache/ratis/ratis-common/2.4.2-8b8bdda-SNAPSHOT/ratis-common-2.4.2-8b8bdda-SNAPSHOT.jar:/home/runner/.m2/repository/commons-cli/commons-cli/1.2/commons-cli-1.2.jar:/home/runner/.m2/repository/org/apache/commons/commons-lang3/3.7/commons-lang3-3.7.jar:/home/runner/.m2/repository/org/apache/ozone/ozone-manager/1.4.0-SNAPSHOT/ozone-manager-1.4.0-SNAPSHOT-tests.jar:/home/runner/.m2/repository/org/apache/ozone/hdds-common/1.4.0-SNAPSHOT/hdds-common-1.4.0-SNAPSHOT-tests.jar:/home/runner/.m2/repository/org/apache/ozone/hdds-hadoop-dependency-client/1.4.0-SNAPSHOT/hdds-hadoop-dependency-client-1.4.0-SNAPSHOT.jar:/home/runner/.m2/repository/info/picocli/picocli/4.6.1/picocli-4.6.1.jar:/home/runner/.m2/repository/com/fasterxml/jackson/core/jackson-annotations/2.13.4/jackson-annotations-2.13.4.jar:/home/runner/.m2/repository/com/fasterxml/jackson/datatype/jackson-datatype-jsr310/2.13.4/jackson-datatype-jsr310-2.13.4.jar:/home/runner/.m2/repository/org/apache/ozone/hdds-annotation-processing/1.4.0-SNAPSHOT/hdds-annotation-processing-1.4.0-SNAPSHOT.jar:/home/runner/.m2/repository/javax/annotation/javax.annotation-api/1.2/javax.annotation-api-1.2.jar:/home/runner/.m2/repository/org/apache/ratis/ratis-server/2.4.2-8b8bdda-SNAPSHOT/ratis-server-2.4.2-8b8bdda-SNAPSHOT.jar:/home/runner/.m2/repository/org/apache/ratis/ratis-client/2.4.2-8b8bdda-SNAPSHOT/ratis-client-2.4.2-8b8bdda-SNAPSHOT.jar:/home/runner/.m2/repository/org/apache/ratis/ratis-server-api/2.4.2-8b8bdda-SNAPSHOT/ratis-server-api-2.4.2-8b8bdda-SNAPSHOT.jar:/home/runner/.m2/repository/org/apache/ratis/ratis-metrics/2.4.2-8b8bdda-SNAPSHOT/ratis-metrics-2.4.2-8b8bdda-SNAPSHOT.jar:/home/runner/.m2/repository/org/apache/ratis/ratis-netty/2.4.2-8b8bdda-SNAPSHOT/ratis-netty-2.4.2-8b8bdda-SNAPSHOT.jar:/home/runner/.m2/repository/org/apache/ratis/ratis-grpc/2.4.2-8b8bdda-SNAPSHOT/ratis-grpc-2.4.2-8b8bdda-SNAPSHOT.jar:/home/runner/.m2/repository/org/apache/logging/log4j/log4j-api/2.17.1/log4j-api-2.17.1.jar:/home/runner/.m2/repository/org/apache/commons/commons-pool2/2.6.0/commons-pool2-2.6.0.jar:/home/runner/.m2/repository/org/bouncycastle/bcpkix-jdk15on/1.67/bcpkix-jdk15on-1.67.jar:/home/runner/.m2/repository/commons-validator/commons-validator/1.6/commons-validator-1.6.jar:/home/runner/.m2/repository/commons-beanutils/commons-beanutils/1.9.4/commons-beanutils-1.9.4.jar:/home/runner/.m2/repository/commons-digester/commons-digester/1.8.1/commons-digester-1.8.1.jar:/home/runner/.m2/repository/commons-collections/commons-collections/3.2.2/commons-collections-3.2.2.jar:/home/runner/.m2/repository/io/jaegertracing/jaeger-client/1.6.0/jaeger-client-1.6.0.jar:/home/runner/.m2/repository/io/jaegertracing/jaeger-thrift/1.6.0/jaeger-thrift-1.6.0.jar:/home/runner/.m2/repository/org/apache/thrift/libthrift/0.14.1/libthrift-0.14.1.jar:/home/runner/.m2/repository/io/jaegertracing/jaeger-core/1.6.0/jaeger-core-1.6.0.jar:/home/runner/.m2/repository/io/jaegertracing/jaeger-tracerresolver/1.6.0/jaeger-tracerresolver-1.6.0.jar:/home/runner/.m2/repository/io/opentracing/contrib/opentracing-tracerresolver/0.1.8/opentracing-tracerresolver-0.1.8.jar:/home/runner/.m2/repository/org/jetbrains/kotlin/kotlin-stdlib/1.6.21/kotlin-stdlib-1.6.21.jar:/home/runner/.m2/repository/org/jetbrains/annotations/13.0/annotations-13.0.jar:/home/runner/.m2/repository/io/opentracing/opentracing-util/0.33.0/opentracing-util-0.33.0.jar:/home/runner/.m2/repository/io/opentracing/opentracing-api/0.33.0/opentracing-api-0.33.0.jar:/home/runner/.m2/repository/io/opentracing/opentracing-noop/0.33.0/opentracing-noop-0.33.0.jar:/home/runner/.m2/repository/org/yaml/snakeyaml/1.33/snakeyaml-1.33.jar:/home/runner/.m2/repository/org/apache/ozone/hdds-interface-admin/1.4.0-SNAPSHOT/hdds-interface-admin-1.4.0-SNAPSHOT.jar:/home/runner/.m2/repository/junit/junit/4.13.1/junit-4.13.1.jar:/home/runner/.m2/repository/org/hamcrest/hamcrest-core/1.3/hamcrest-core-1.3.jar:/home/runner/.m2/repository/org/junit/jupiter/junit-jupiter-api/5.8.2/junit-jupiter-api-5.8.2.jar:/home/runner/.m2/repository/org/opentest4j/opentest4j/1.2.0/opentest4j-1.2.0.jar:/home/runner/.m2/repository/org/junit/platform/junit-platform-commons/1.8.2/junit-platform-commons-1.8.2.jar:/home/runner/.m2/repository/org/apiguardian/apiguardian-api/1.1.2/apiguardian-api-1.1.2.jar:/home/runner/.m2/repository/org/junit/jupiter/junit-jupiter-params/5.8.2/junit-jupiter-params-5.8.2.jar:/home/runner/.m2/repository/org/junit/jupiter/junit-jupiter-migrationsupport/5.8.2/junit-jupiter-migrationsupport-5.8.2.jar:/home/runner/.m2/repository/org/junit/jupiter/junit-jupiter-engine/5.8.2/junit-jupiter-engine-5.8.2.jar:/home/runner/.m2/repository/org/junit/platform/junit-platform-engine/1.8.2/junit-platform-engine-1.8.2.jar:/home/runner/.m2/repository/org/junit/vintage/junit-vintage-engine/5.8.2/junit-vintage-engine-5.8.2.jar:/home/runner/.m2/repository/org/junit/platform/junit-platform-launcher/1.8.2/junit-platform-launcher-1.8.2.jar:/home/runner/.m2/repository/org/mockito/mockito-core/2.28.2/mockito-core-2.28.2.jar:/home/runner/.m2/repository/net/bytebuddy/byte-buddy/1.9.10/byte-buddy-1.9.10.jar:/home/runner/.m2/repository/net/bytebuddy/byte-buddy-agent/1.9.10/byte-buddy-agent-1.9.10.jar:/home/runner/.m2/repository/org/objenesis/objenesis/1.0/objenesis-1.0.jar:/home/runner/.m2/repository/org/apache/hadoop/hadoop-kms/3.3.4/hadoop-kms-3.3.4.jar:/home/runner/.m2/repository/org/apache/hadoop/hadoop-auth/3.3.4/hadoop-auth-3.3.4.jar:/home/runner/.m2/repository/com/nimbusds/nimbus-jose-jwt/9.8.1/nimbus-jose-jwt-9.8.1.jar:/home/runner/.m2/repository/com/github/stephenc/jcip/jcip-annotations/1.0-1/jcip-annotations-1.0-1.jar:/home/runner/.m2/repository/net/minidev/json-smart/2.4.7/json-smart-2.4.7.jar:/home/runner/.m2/repository/net/minidev/accessors-smart/2.4.7/accessors-smart-2.4.7.jar:/home/runner/.m2/repository/org/ow2/asm/asm/5.0.4/asm-5.0.4.jar:/home/runner/.m2/repository/org/apache/zookeeper/zookeeper/3.5.6/zookeeper-3.5.6.jar:/home/runner/.m2/repository/org/apache/zookeeper/zookeeper-jute/3.5.6/zookeeper-jute-3.5.6.jar:/home/runner/.m2/repository/org/apache/yetus/audience-annotations/0.5.0/audience-annotations-0.5.0.jar:/home/runner/.m2/repository/org/apache/curator/curator-framework/4.2.0/curator-framework-4.2.0.jar:/home/runner/.m2/repository/org/apache/hadoop/thirdparty/hadoop-shaded-guava/1.1.1/hadoop-shaded-guava-1.1.1.jar:/home/runner/.m2/repository/com/sun/jersey/jersey-core/1.19/jersey-core-1.19.jar:/home/runner/.m2/repository/javax/ws/rs/jsr311-api/1.1.1/jsr311-api-1.1.1.jar:/home/runner/.m2/repository/com/sun/jersey/jersey-server/1.19/jersey-server-1.19.jar:/home/runner/.m2/repository/javax/servlet/javax.servlet-api/3.1.0/javax.servlet-api-3.1.0.jar:/home/runner/.m2/repository/org/eclipse/jetty/jetty-server/9.4.49.v20220914/jetty-server-9.4.49.v20220914.jar:/home/runner/.m2/repository/org/eclipse/jetty/jetty-http/9.4.49.v20220914/jetty-http-9.4.49.v20220914.jar:/home/runner/.m2/repository/org/eclipse/jetty/jetty-io/9.4.49.v20220914/jetty-io-9.4.49.v20220914.jar:/home/runner/.m2/repository/org/eclipse/jetty/jetty-webapp/9.4.49.v20220914/jetty-webapp-9.4.49.v20220914.jar:/home/runner/.m2/repository/org/eclipse/jetty/jetty-xml/9.4.49.v20220914/jetty-xml-9.4.49.v20220914.jar:/home/runner/.m2/repository/org/apache/hadoop/hadoop-common/3.3.4/hadoop-common-3.3.4.jar:/home/runner/.m2/repository/org/apache/commons/commons-math3/3.1.1/commons-math3-3.1.1.jar:/home/runner/.m2/repository/commons-net/commons-net/3.9.0/commons-net-3.9.0.jar:/home/runner/.m2/repository/com/sun/jersey/jersey-servlet/1.19/jersey-servlet-1.19.jar:/home/runner/.m2/repository/com/sun/jersey/jersey-json/1.19/jersey-json-1.19.jar:/home/runner/.m2/repository/org/codehaus/jettison/jettison/1.1/jettison-1.1.jar:/home/runner/.m2/repository/com/sun/xml/bind/jaxb-impl/2.2.3-1/jaxb-impl-2.2.3-1.jar:/home/runner/.m2/repository/org/codehaus/jackson/jackson-xc/1.9.2/jackson-xc-1.9.2.jar:/home/runner/.m2/repository/com/google/re2j/re2j/1.1/re2j-1.1.jar:/home/runner/.m2/repository/com/jcraft/jsch/0.1.54/jsch-0.1.54.jar:/home/runner/.m2/repository/org/apache/curator/curator-client/4.2.0/curator-client-4.2.0.jar:/home/runner/.m2/repository/org/apache/curator/curator-recipes/4.2.0/curator-recipes-4.2.0.jar:/home/runner/.m2/repository/org/apache/kerby/kerb-core/1.0.1/kerb-core-1.0.1.jar:/home/runner/.m2/repository/org/apache/kerby/kerby-pkix/1.0.1/kerby-pkix-1.0.1.jar:/home/runner/.m2/repository/org/apache/kerby/kerby-asn1/1.0.1/kerby-asn1-1.0.1.jar:/home/runner/.m2/repository/org/apache/kerby/kerby-util/1.0.1/kerby-util-1.0.1.jar:/home/runner/.m2/repository/dnsjava/dnsjava/2.1.7/dnsjava-2.1.7.jar:/home/runner/.m2/repository/org/xerial/snappy/snappy-java/1.1.8.2/snappy-java-1.1.8.2.jar:/home/runner/.m2/repository/org/eclipse/jetty/jetty-util/9.4.49.v20220914/jetty-util-9.4.49.v20220914.jar:/home/runner/.m2/repository/com/fasterxml/jackson/core/jackson-databind/2.13.4.2/jackson-databind-2.13.4.2.jar:/home/runner/.m2/repository/org/apache/hadoop/hadoop-kms/3.3.4/hadoop-kms-3.3.4-tests.jar:/home/runner/.m2/repository/org/apache/ozone/hdds-server-scm/1.4.0-SNAPSHOT/hdds-server-scm-1.4.0-SNAPSHOT-tests.jar:/home/runner/.m2/repository/org/apache/ozone/hdds-container-service/1.4.0-SNAPSHOT/hdds-container-service-1.4.0-SNAPSHOT-tests.jar:/home/runner/.m2/repository/com/github/luben/zstd-jni/1.5.2-5/zstd-jni-1.5.2-5.jar:/home/runner/.m2/repository/commons-codec/commons-codec/1.15/commons-codec-1.15.jar:/home/runner/.m2/repository/io/netty/netty-codec/4.1.86.Final/netty-codec-4.1.86.Final.jar:/home/runner/.m2/repository/io/netty/netty-handler/4.1.86.Final/netty-handler-4.1.86.Final.jar:/home/runner/.m2/repository/org/apache/ozone/hdds-hadoop-dependency-test/1.4.0-SNAPSHOT/hdds-hadoop-dependency-test-1.4.0-SNAPSHOT.jar:/home/runner/.m2/repository/org/apache/hadoop/hadoop-common/3.3.4/hadoop-common-3.3.4-tests.jar:/home/runner/.m2/repository/org/apache/hadoop/hadoop-hdfs/3.3.4/hadoop-hdfs-3.3.4-tests.jar:/home/runner/.m2/repository/org/assertj/assertj-core/3.12.2/assertj-core-3.12.2.jar:/home/runner/.m2/repository/org/apache/hadoop/hadoop-distcp/3.3.4/hadoop-distcp-3.3.4.jar:/home/runner/.m2/repository/org/apache/hadoop/hadoop-mapreduce-client-jobclient/3.3.4/hadoop-mapreduce-client-jobclient-3.3.4.jar:/home/runner/.m2/repository/org/apache/hadoop/hadoop-mapreduce-client-common/3.3.4/hadoop-mapreduce-client-common-3.3.4.jar:/home/runner/.m2/repository/org/apache/hadoop/hadoop-yarn-common/3.3.4/hadoop-yarn-common-3.3.4.jar:/home/runner/.m2/repository/org/apache/hadoop/hadoop-yarn-api/3.3.4/hadoop-yarn-api-3.3.4.jar:/home/runner/.m2/repository/com/sun/jersey/contribs/jersey-guice/1.19/jersey-guice-1.19.jar:/home/runner/.m2/repository/com/fasterxml/jackson/jaxrs/jackson-jaxrs-json-provider/2.13.4/jackson-jaxrs-json-provider-2.13.4.jar:/home/runner/.m2/repository/com/fasterxml/jackson/jaxrs/jackson-jaxrs-base/2.13.4/jackson-jaxrs-base-2.13.4.jar:/home/runner/.m2/repository/org/apache/hadoop/hadoop-yarn-client/3.3.4/hadoop-yarn-client-3.3.4.jar:/home/runner/.m2/repository/org/eclipse/jetty/websocket/websocket-client/9.4.43.v20210629/websocket-client-9.4.43.v20210629.jar:/home/runner/.m2/repository/org/eclipse/jetty/websocket/websocket-common/9.4.43.v20210629/websocket-common-9.4.43.v20210629.jar:/home/runner/.m2/repository/org/eclipse/jetty/websocket/websocket-api/9.4.43.v20210629/websocket-api-9.4.43.v20210629.jar:/home/runner/.m2/repository/org/jline/jline/3.9.0/jline-3.9.0.jar:/home/runner/.m2/repository/org/apache/hadoop/hadoop-mapreduce-client-core/3.3.4/hadoop-mapreduce-client-core-3.3.4.jar:/home/runner/.m2/repository/org/apache/avro/avro/1.7.7/avro-1.7.7.jar:/home/runner/.m2/repository/org/codehaus/jackson/jackson-core-asl/1.9.13/jackson-core-asl-1.9.13.jar:/home/runner/.m2/repository/org/codehaus/jackson/jackson-mapper-asl/1.9.13/jackson-mapper-asl-1.9.13.jar:/home/runner/.m2/repository/com/thoughtworks/paranamer/paranamer/2.3/paranamer-2.3.jar:/home/runner/.m2/repository/org/apache/hadoop/hadoop-annotations/3.3.4/hadoop-annotations-3.3.4.jar:/usr/lib/jvm/temurin-8-jdk-amd64/jre/../lib/tools.jar:/home/runner/.m2/repository/io/netty/netty/3.10.6.Final/netty-3.10.6.Final.jar:/home/runner/.m2/repository/org/apache/hadoop/hadoop-distcp/3.3.4/hadoop-distcp-3.3.4-tests.jar:/home/runner/.m2/repository/org/slf4j/jul-to-slf4j/1.7.36/jul-to-slf4j-1.7.36.jar:"/>
    <property name="java.vm.vendor" value="Temurin"/>
    <property name="sun.arch.data.model" value="64"/>
    <property name="test.build.dir" value="/home/runner/work/ozone/ozone/hadoop-ozone/integration-test/target/test-dir"/>
    <property name="test.cache.data" value=""/>
    <property name="java.vendor.url" value="https://adoptium.net/"/>
    <property name="user.timezone" value="Etc/UTC"/>
    <property name="java.vm.specification.version" value="1.8"/>
    <property name="os.name" value="Linux"/>
    <property name="test.build.data" value="/home/runner/work/ozone/ozone/hadoop-ozone/integration-test/target/test-dir"/>
    <property name="sun.java.launcher" value="SUN_STANDARD"/>
    <property name="sun.boot.library.path" value="/usr/lib/jvm/temurin-8-jdk-amd64/jre/lib/amd64"/>
    <property name="sun.java.command" value="/home/runner/work/ozone/ozone/hadoop-ozone/integration-test/target/surefire/surefirebooter6016561775768628766.jar /home/runner/work/ozone/ozone/hadoop-ozone/integration-test/target/surefire 2023-02-03T07-54-31_914-jvmRun1 surefire1177244373778395327tmp surefire_215597681101163446007tmp"/>
    <property name="surefire.test.class.path" value="/home/runner/work/ozone/ozone/hadoop-ozone/integration-test/target/test-classes:/home/runner/work/ozone/ozone/hadoop-ozone/integration-test/target/classes:/home/runner/.m2/repository/org/apache/ozone/ozone-common/1.4.0-SNAPSHOT/ozone-common-1.4.0-SNAPSHOT.jar:/home/runner/.m2/repository/io/grpc/grpc-netty/1.51.1/grpc-netty-1.51.1.jar:/home/runner/.m2/repository/io/grpc/grpc-core/1.51.1/grpc-core-1.51.1.jar:/home/runner/.m2/repository/com/google/android/annotations/4.1.1.4/annotations-4.1.1.4.jar:/home/runner/.m2/repository/org/codehaus/mojo/animal-sniffer-annotations/1.21/animal-sniffer-annotations-1.21.jar:/home/runner/.m2/repository/com/google/errorprone/error_prone_annotations/2.2.0/error_prone_annotations-2.2.0.jar:/home/runner/.m2/repository/io/perfmark/perfmark-api/0.25.0/perfmark-api-0.25.0.jar:/home/runner/.m2/repository/io/netty/netty-codec-http2/4.1.86.Final/netty-codec-http2-4.1.86.Final.jar:/home/runner/.m2/repository/io/netty/netty-common/4.1.86.Final/netty-common-4.1.86.Final.jar:/home/runner/.m2/repository/io/netty/netty-buffer/4.1.86.Final/netty-buffer-4.1.86.Final.jar:/home/runner/.m2/repository/io/netty/netty-codec-http/4.1.86.Final/netty-codec-http-4.1.86.Final.jar:/home/runner/.m2/repository/io/netty/netty-handler-proxy/4.1.86.Final/netty-handler-proxy-4.1.86.Final.jar:/home/runner/.m2/repository/io/netty/netty-codec-socks/4.1.86.Final/netty-codec-socks-4.1.86.Final.jar:/home/runner/.m2/repository/io/netty/netty-tcnative-boringssl-static/2.0.54.Final/netty-tcnative-boringssl-static-2.0.54.Final.jar:/home/runner/.m2/repository/io/netty/netty-tcnative-classes/2.0.54.Final/netty-tcnative-classes-2.0.54.Final.jar:/home/runner/.m2/repository/io/netty/netty-tcnative-boringssl-static/2.0.54.Final/netty-tcnative-boringssl-static-2.0.54.Final-linux-x86_64.jar:/home/runner/.m2/repository/io/netty/netty-tcnative-boringssl-static/2.0.54.Final/netty-tcnative-boringssl-static-2.0.54.Final-linux-aarch_64.jar:/home/runner/.m2/repository/io/netty/netty-tcnative-boringssl-static/2.0.54.Final/netty-tcnative-boringssl-static-2.0.54.Final-osx-x86_64.jar:/home/runner/.m2/repository/io/netty/netty-tcnative-boringssl-static/2.0.54.Final/netty-tcnative-boringssl-static-2.0.54.Final-osx-aarch_64.jar:/home/runner/.m2/repository/io/netty/netty-tcnative-boringssl-static/2.0.54.Final/netty-tcnative-boringssl-static-2.0.54.Final-windows-x86_64.jar:/home/runner/.m2/repository/org/apache/commons/commons-compress/1.21/commons-compress-1.21.jar:/home/runner/.m2/repository/org/apache/ozone/hdds-common/1.4.0-SNAPSHOT/hdds-common-1.4.0-SNAPSHOT.jar:/home/runner/.m2/repository/org/apache/ozone/hdds-client/1.4.0-SNAPSHOT/hdds-client-1.4.0-SNAPSHOT.jar:/home/runner/.m2/repository/org/apache/ozone/ozone-interface-client/1.4.0-SNAPSHOT/ozone-interface-client-1.4.0-SNAPSHOT.jar:/home/runner/.m2/repository/org/apache/ozone/hdds-test-utils/1.4.0-SNAPSHOT/hdds-test-utils-1.4.0-SNAPSHOT.jar:/home/runner/.m2/repository/com/google/guava/guava/31.1-jre/guava-31.1-jre.jar:/home/runner/.m2/repository/com/google/guava/failureaccess/1.0.1/failureaccess-1.0.1.jar:/home/runner/.m2/repository/com/google/guava/listenablefuture/9999.0-empty-to-avoid-conflict-with-guava/listenablefuture-9999.0-empty-to-avoid-conflict-with-guava.jar:/home/runner/.m2/repository/com/google/code/findbugs/jsr305/3.0.0/jsr305-3.0.0.jar:/home/runner/.m2/repository/org/checkerframework/checker-qual/3.12.0/checker-qual-3.12.0.jar:/home/runner/.m2/repository/com/google/j2objc/j2objc-annotations/1.3/j2objc-annotations-1.3.jar:/home/runner/.m2/repository/commons-io/commons-io/2.11.0/commons-io-2.11.0.jar:/home/runner/.m2/repository/commons-logging/commons-logging/1.2/commons-logging-1.2.jar:/home/runner/.m2/repository/ch/qos/reload4j/reload4j/1.2.22/reload4j-1.2.22.jar:/home/runner/.m2/repository/org/slf4j/slf4j-api/1.7.36/slf4j-api-1.7.36.jar:/home/runner/.m2/repository/org/apache/ozone/hdds-server-scm/1.4.0-SNAPSHOT/hdds-server-scm-1.4.0-SNAPSHOT.jar:/home/runner/.m2/repository/org/apache/ozone/hdds-container-service/1.4.0-SNAPSHOT/hdds-container-service-1.4.0-SNAPSHOT.jar:/home/runner/.m2/repository/org/apache/ozone/hdds-hadoop-dependency-server/1.4.0-SNAPSHOT/hdds-hadoop-dependency-server-1.4.0-SNAPSHOT.jar:/home/runner/.m2/repository/org/apache/hadoop/hadoop-hdfs/3.3.4/hadoop-hdfs-3.3.4.jar:/home/runner/.m2/repository/org/eclipse/jetty/jetty-util-ajax/9.4.49.v20220914/jetty-util-ajax-9.4.49.v20220914.jar:/home/runner/.m2/repository/commons-daemon/commons-daemon/1.0.13/commons-daemon-1.0.13.jar:/home/runner/.m2/repository/org/apache/ozone/hdds-server-framework/1.4.0-SNAPSHOT/hdds-server-framework-1.4.0-SNAPSHOT.jar:/home/runner/.m2/repository/org/apache/ozone/hdds-interface-server/1.4.0-SNAPSHOT/hdds-interface-server-1.4.0-SNAPSHOT.jar:/home/runner/.m2/repository/org/apache/commons/commons-configuration2/2.1.1/commons-configuration2-2.1.1.jar:/home/runner/.m2/repository/org/apache/logging/log4j/log4j-core/2.17.1/log4j-core-2.17.1.jar:/home/runner/.m2/repository/com/lmax/disruptor/3.4.2/disruptor-3.4.2.jar:/home/runner/.m2/repository/org/eclipse/jetty/jetty-servlet/9.4.49.v20220914/jetty-servlet-9.4.49.v20220914.jar:/home/runner/.m2/repository/org/eclipse/jetty/jetty-security/9.4.49.v20220914/jetty-security-9.4.49.v20220914.jar:/home/runner/.m2/repository/org/rocksdb/rocksdbjni/7.7.3/rocksdbjni-7.7.3.jar:/home/runner/.m2/repository/io/prometheus/simpleclient_dropwizard/0.7.0/simpleclient_dropwizard-0.7.0.jar:/home/runner/.m2/repository/io/prometheus/simpleclient/0.7.0/simpleclient-0.7.0.jar:/home/runner/.m2/repository/io/prometheus/simpleclient_common/0.7.0/simpleclient_common-0.7.0.jar:/home/runner/.m2/repository/com/github/spotbugs/spotbugs-annotations/3.1.12/spotbugs-annotations-3.1.12.jar:/home/runner/.m2/repository/org/awaitility/awaitility/4.2.0/awaitility-4.2.0.jar:/home/runner/.m2/repository/org/hamcrest/hamcrest/2.1/hamcrest-2.1.jar:/home/runner/.m2/repository/io/dropwizard/metrics/metrics-core/3.2.4/metrics-core-3.2.4.jar:/home/runner/.m2/repository/org/apache/commons/commons-text/1.4/commons-text-1.4.jar:/home/runner/.m2/repository/org/apache/hadoop/hadoop-hdfs-client/3.3.4/hadoop-hdfs-client-3.3.4.jar:/home/runner/.m2/repository/com/squareup/okhttp3/okhttp/4.9.3/okhttp-4.9.3.jar:/home/runner/.m2/repository/com/squareup/okio/okio/2.8.0/okio-2.8.0.jar:/home/runner/.m2/repository/org/jetbrains/kotlin/kotlin-stdlib-common/1.6.21/kotlin-stdlib-common-1.6.21.jar:/home/runner/.m2/repository/org/bouncycastle/bcprov-jdk15on/1.67/bcprov-jdk15on-1.67.jar:/home/runner/.m2/repository/com/google/protobuf/protobuf-java/2.5.0/protobuf-java-2.5.0.jar:/home/runner/.m2/repository/org/apache/ozone/ozone-manager/1.4.0-SNAPSHOT/ozone-manager-1.4.0-SNAPSHOT.jar:/home/runner/.m2/repository/org/aspectj/aspectjrt/1.9.7/aspectjrt-1.9.7.jar:/home/runner/.m2/repository/org/aspectj/aspectjweaver/1.9.7/aspectjweaver-1.9.7.jar:/home/runner/.m2/repository/org/apache/ozone/hdds-interface-client/1.4.0-SNAPSHOT/hdds-interface-client-1.4.0-SNAPSHOT.jar:/home/runner/.m2/repository/org/apache/hadoop/thirdparty/hadoop-shaded-protobuf_3_7/1.1.1/hadoop-shaded-protobuf_3_7-1.1.1.jar:/home/runner/.m2/repository/org/apache/ratis/ratis-thirdparty-misc/1.0.3/ratis-thirdparty-misc-1.0.3.jar:/home/runner/.m2/repository/org/apache/ozone/ozone-interface-storage/1.4.0-SNAPSHOT/ozone-interface-storage-1.4.0-SNAPSHOT.jar:/home/runner/.m2/repository/org/apache/ozone/rocksdb-checkpoint-differ/1.4.0-SNAPSHOT/rocksdb-checkpoint-differ-1.4.0-SNAPSHOT.jar:/home/runner/.m2/repository/org/reflections/reflections/0.9.11/reflections-0.9.11.jar:/home/runner/.m2/repository/com/sun/jersey/jersey-client/1.19/jersey-client-1.19.jar:/home/runner/.m2/repository/org/apache/ranger/ranger-intg/2.3.0/ranger-intg-2.3.0.jar:/home/runner/.m2/repository/org/apache/ranger/ranger-plugins-common/2.3.0/ranger-plugins-common-2.3.0.jar:/home/runner/.m2/repository/commons-lang/commons-lang/2.6/commons-lang-2.6.jar:/home/runner/.m2/repository/org/codehaus/jackson/jackson-jaxrs/1.9.13/jackson-jaxrs-1.9.13.jar:/home/runner/.m2/repository/org/apache/ranger/ranger-plugins-cred/2.3.0/ranger-plugins-cred-2.3.0.jar:/home/runner/.m2/repository/org/apache/ranger/ranger-plugins-audit/2.3.0/ranger-plugins-audit-2.3.0.jar:/home/runner/.m2/repository/org/eclipse/jetty/jetty-client/9.4.49.v20220914/jetty-client-9.4.49.v20220914.jar:/home/runner/.m2/repository/org/apache/httpcomponents/httpmime/4.5.6/httpmime-4.5.6.jar:/home/runner/.m2/repository/org/apache/httpcomponents/httpcore-nio/4.4.6/httpcore-nio-4.4.6.jar:/home/runner/.m2/repository/org/apache/httpcomponents/httpasyncclient/4.1.3/httpasyncclient-4.1.3.jar:/home/runner/.m2/repository/com/carrotsearch/hppc/0.8.0/hppc-0.8.0.jar:/home/runner/.m2/repository/org/apache/orc/orc-core/1.5.8/orc-core-1.5.8.jar:/home/runner/.m2/repository/net/java/dev/jna/jna/5.2.0/jna-5.2.0.jar:/home/runner/.m2/repository/net/java/dev/jna/jna-platform/5.2.0/jna-platform-5.2.0.jar:/home/runner/.m2/repository/com/kstruct/gethostname4j/0.0.2/gethostname4j-0.0.2.jar:/home/runner/.m2/repository/org/apache/ranger/ranger-plugin-classloader/2.3.0/ranger-plugin-classloader-2.3.0.jar:/home/runner/.m2/repository/org/apache/hadoop/hadoop-minikdc/3.3.4/hadoop-minikdc-3.3.4.jar:/home/runner/.m2/repository/org/apache/kerby/kerb-simplekdc/1.0.1/kerb-simplekdc-1.0.1.jar:/home/runner/.m2/repository/org/apache/kerby/kerb-client/1.0.1/kerb-client-1.0.1.jar:/home/runner/.m2/repository/org/apache/kerby/kerby-config/1.0.1/kerby-config-1.0.1.jar:/home/runner/.m2/repository/org/apache/kerby/kerb-common/1.0.1/kerb-common-1.0.1.jar:/home/runner/.m2/repository/org/apache/kerby/kerb-crypto/1.0.1/kerb-crypto-1.0.1.jar:/home/runner/.m2/repository/org/apache/kerby/kerb-util/1.0.1/kerb-util-1.0.1.jar:/home/runner/.m2/repository/org/apache/kerby/token-provider/1.0.1/token-provider-1.0.1.jar:/home/runner/.m2/repository/org/apache/kerby/kerb-admin/1.0.1/kerb-admin-1.0.1.jar:/home/runner/.m2/repository/org/apache/kerby/kerb-server/1.0.1/kerb-server-1.0.1.jar:/home/runner/.m2/repository/org/apache/kerby/kerb-identity/1.0.1/kerb-identity-1.0.1.jar:/home/runner/.m2/repository/org/apache/kerby/kerby-xdr/1.0.1/kerby-xdr-1.0.1.jar:/home/runner/.m2/repository/org/apache/ozone/ozone-s3gateway/1.4.0-SNAPSHOT/ozone-s3gateway-1.4.0-SNAPSHOT.jar:/home/runner/.m2/repository/org/javassist/javassist/3.21.0-GA/javassist-3.21.0-GA.jar:/home/runner/.m2/repository/org/jboss/weld/servlet/weld-servlet/2.4.7.Final/weld-servlet-2.4.7.Final.jar:/home/runner/.m2/repository/org/glassfish/jersey/containers/jersey-container-servlet-core/2.34/jersey-container-servlet-core-2.34.jar:/home/runner/.m2/repository/org/glassfish/hk2/external/jakarta.inject/2.6.1/jakarta.inject-2.6.1.jar:/home/runner/.m2/repository/org/glassfish/jersey/core/jersey-common/2.34/jersey-common-2.34.jar:/home/runner/.m2/repository/jakarta/ws/rs/jakarta.ws.rs-api/2.1.6/jakarta.ws.rs-api-2.1.6.jar:/home/runner/.m2/repository/org/glassfish/jersey/ext/cdi/jersey-cdi1x/2.34/jersey-cdi1x-2.34.jar:/home/runner/.m2/repository/org/glassfish/jersey/inject/jersey-hk2/2.34/jersey-hk2-2.34.jar:/home/runner/.m2/repository/org/glassfish/hk2/hk2-locator/2.6.1/hk2-locator-2.6.1.jar:/home/runner/.m2/repository/org/glassfish/jersey/media/jersey-media-jaxb/2.34/jersey-media-jaxb-2.34.jar:/home/runner/.m2/repository/org/glassfish/hk2/osgi-resource-locator/1.0.3/osgi-resource-locator-1.0.3.jar:/home/runner/.m2/repository/org/glassfish/hk2/hk2-api/2.5.0/hk2-api-2.5.0.jar:/home/runner/.m2/repository/org/glassfish/hk2/hk2-utils/2.5.0/hk2-utils-2.5.0.jar:/home/runner/.m2/repository/org/glassfish/hk2/external/aopalliance-repackaged/2.5.0/aopalliance-repackaged-2.5.0.jar:/home/runner/.m2/repository/com/fasterxml/jackson/dataformat/jackson-dataformat-xml/2.13.4/jackson-dataformat-xml-2.13.4.jar:/home/runner/.m2/repository/com/fasterxml/jackson/core/jackson-core/2.13.4/jackson-core-2.13.4.jar:/home/runner/.m2/repository/org/codehaus/woodstox/stax2-api/4.2.1/stax2-api-4.2.1.jar:/home/runner/.m2/repository/com/fasterxml/woodstox/woodstox-core/5.4.0/woodstox-core-5.4.0.jar:/home/runner/.m2/repository/com/fasterxml/jackson/module/jackson-module-jaxb-annotations/2.13.4/jackson-module-jaxb-annotations-2.13.4.jar:/home/runner/.m2/repository/jakarta/xml/bind/jakarta.xml.bind-api/2.3.3/jakarta.xml.bind-api-2.3.3.jar:/home/runner/.m2/repository/jakarta/activation/jakarta.activation-api/1.2.2/jakarta.activation-api-1.2.2.jar:/home/runner/.m2/repository/javax/enterprise/cdi-api/1.2/cdi-api-1.2.jar:/home/runner/.m2/repository/javax/el/javax.el-api/3.0.0/javax.el-api-3.0.0.jar:/home/runner/.m2/repository/javax/interceptor/javax.interceptor-api/1.2/javax.interceptor-api-1.2.jar:/home/runner/.m2/repository/javax/inject/javax.inject/1/javax.inject-1.jar:/home/runner/.m2/repository/javax/xml/bind/jaxb-api/2.3.0/jaxb-api-2.3.0.jar:/home/runner/.m2/repository/org/glassfish/jaxb/jaxb-runtime/2.3.0.1/jaxb-runtime-2.3.0.1.jar:/home/runner/.m2/repository/org/glassfish/jaxb/jaxb-core/2.3.0.1/jaxb-core-2.3.0.1.jar:/home/runner/.m2/repository/org/glassfish/jaxb/txw2/2.3.0.1/txw2-2.3.0.1.jar:/home/runner/.m2/repository/com/sun/istack/istack-commons-runtime/3.0.5/istack-commons-runtime-3.0.5.jar:/home/runner/.m2/repository/org/jvnet/staxex/stax-ex/1.7.8/stax-ex-1.7.8.jar:/home/runner/.m2/repository/com/sun/xml/fastinfoset/FastInfoset/1.2.13/FastInfoset-1.2.13.jar:/home/runner/.m2/repository/javax/activation/activation/1.1.1/activation-1.1.1.jar:/home/runner/.m2/repository/io/grpc/grpc-protobuf/1.51.1/grpc-protobuf-1.51.1.jar:/home/runner/.m2/repository/io/grpc/grpc-api/1.51.1/grpc-api-1.51.1.jar:/home/runner/.m2/repository/io/grpc/grpc-context/1.51.1/grpc-context-1.51.1.jar:/home/runner/.m2/repository/com/google/api/grpc/proto-google-common-protos/2.9.0/proto-google-common-protos-2.9.0.jar:/home/runner/.m2/repository/io/grpc/grpc-protobuf-lite/1.51.1/grpc-protobuf-lite-1.51.1.jar:/home/runner/.m2/repository/io/grpc/grpc-stub/1.51.1/grpc-stub-1.51.1.jar:/home/runner/.m2/repository/io/netty/netty-transport/4.1.86.Final/netty-transport-4.1.86.Final.jar:/home/runner/.m2/repository/io/netty/netty-resolver/4.1.86.Final/netty-resolver-4.1.86.Final.jar:/home/runner/.m2/repository/org/apache/ozone/ozone-csi/1.4.0-SNAPSHOT/ozone-csi-1.4.0-SNAPSHOT.jar:/home/runner/.m2/repository/com/google/protobuf/protobuf-java-util/3.19.6/protobuf-java-util-3.19.6.jar:/home/runner/.m2/repository/com/google/code/gson/gson/2.9.0/gson-2.9.0.jar:/home/runner/.m2/repository/org/apache/ozone/hdds-config/1.4.0-SNAPSHOT/hdds-config-1.4.0-SNAPSHOT.jar:/home/runner/.m2/repository/io/netty/netty-transport-native-epoll/4.1.86.Final/netty-transport-native-epoll-4.1.86.Final-linux-x86_64.jar:/home/runner/.m2/repository/io/netty/netty-transport-classes-epoll/4.1.86.Final/netty-transport-classes-epoll-4.1.86.Final.jar:/home/runner/.m2/repository/io/netty/netty-transport-native-unix-common/4.1.86.Final/netty-transport-native-unix-common-4.1.86.Final.jar:/home/runner/.m2/repository/org/slf4j/slf4j-reload4j/1.7.36/slf4j-reload4j-1.7.36.jar:/home/runner/.m2/repository/org/apache/ozone/ozone-recon/1.4.0-SNAPSHOT/ozone-recon-1.4.0-SNAPSHOT.jar:/home/runner/.m2/repository/org/apache/ozone/ozone-reconcodegen/1.4.0-SNAPSHOT/ozone-reconcodegen-1.4.0-SNAPSHOT.jar:/home/runner/.m2/repository/com/google/inject/extensions/guice-multibindings/4.0/guice-multibindings-4.0.jar:/home/runner/.m2/repository/com/google/inject/guice/4.0/guice-4.0.jar:/home/runner/.m2/repository/aopalliance/aopalliance/1.0/aopalliance-1.0.jar:/home/runner/.m2/repository/com/google/inject/extensions/guice-assistedinject/4.0/guice-assistedinject-4.0.jar:/home/runner/.m2/repository/com/google/inject/extensions/guice-servlet/4.0/guice-servlet-4.0.jar:/home/runner/.m2/repository/org/glassfish/jersey/containers/jersey-container-servlet/2.34/jersey-container-servlet-2.34.jar:/home/runner/.m2/repository/org/glassfish/hk2/guice-bridge/2.5.0/guice-bridge-2.5.0.jar:/home/runner/.m2/repository/org/glassfish/jersey/core/jersey-server/2.34/jersey-server-2.34.jar:/home/runner/.m2/repository/org/glassfish/jersey/core/jersey-client/2.34/jersey-client-2.34.jar:/home/runner/.m2/repository/jakarta/annotation/jakarta.annotation-api/1.3.5/jakarta.annotation-api-1.3.5.jar:/home/runner/.m2/repository/jakarta/validation/jakarta.validation-api/2.0.2/jakarta.validation-api-2.0.2.jar:/home/runner/.m2/repository/org/glassfish/jersey/media/jersey-media-json-jackson/2.34/jersey-media-json-jackson-2.34.jar:/home/runner/.m2/repository/org/glassfish/jersey/ext/jersey-entity-filtering/2.34/jersey-entity-filtering-2.34.jar:/home/runner/.m2/repository/org/jooq/jooq/3.11.10/jooq-3.11.10.jar:/home/runner/.m2/repository/org/jooq/jooq-meta/3.11.10/jooq-meta-3.11.10.jar:/home/runner/.m2/repository/org/jooq/jooq-codegen/3.11.10/jooq-codegen-3.11.10.jar:/home/runner/.m2/repository/com/jolbox/bonecp/0.8.0.RELEASE/bonecp-0.8.0.RELEASE.jar:/home/runner/.m2/repository/org/apache/derby/derby/10.14.2.0/derby-10.14.2.0.jar:/home/runner/.m2/repository/org/xerial/sqlite-jdbc/3.25.2/sqlite-jdbc-3.25.2.jar:/home/runner/.m2/repository/org/springframework/spring-jdbc/5.3.23/spring-jdbc-5.3.23.jar:/home/runner/.m2/repository/org/springframework/spring-beans/5.3.23/spring-beans-5.3.23.jar:/home/runner/.m2/repository/org/springframework/spring-core/5.3.23/spring-core-5.3.23.jar:/home/runner/.m2/repository/org/springframework/spring-jcl/5.3.23/spring-jcl-5.3.23.jar:/home/runner/.m2/repository/org/springframework/spring-tx/5.3.23/spring-tx-5.3.23.jar:/home/runner/.m2/repository/org/apache/ozone/ozone-client/1.4.0-SNAPSHOT/ozone-client-1.4.0-SNAPSHOT.jar:/home/runner/.m2/repository/org/apache/ozone/hdds-erasurecode/1.4.0-SNAPSHOT/hdds-erasurecode-1.4.0-SNAPSHOT.jar:/home/runner/.m2/repository/org/apache/ozone/ozone-filesystem/1.4.0-SNAPSHOT/ozone-filesystem-1.4.0-SNAPSHOT.jar:/home/runner/.m2/repository/org/apache/ozone/ozone-filesystem-common/1.4.0-SNAPSHOT/ozone-filesystem-common-1.4.0-SNAPSHOT.jar:/home/runner/.m2/repository/org/apache/ozone/ozone-tools/1.4.0-SNAPSHOT/ozone-tools-1.4.0-SNAPSHOT.jar:/home/runner/.m2/repository/com/amazonaws/aws-java-sdk-core/1.12.261/aws-java-sdk-core-1.12.261.jar:/home/runner/.m2/repository/org/apache/httpcomponents/httpclient/4.5.13/httpclient-4.5.13.jar:/home/runner/.m2/repository/org/apache/httpcomponents/httpcore/4.4.13/httpcore-4.4.13.jar:/home/runner/.m2/repository/software/amazon/ion/ion-java/1.0.2/ion-java-1.0.2.jar:/home/runner/.m2/repository/com/fasterxml/jackson/dataformat/jackson-dataformat-cbor/2.13.4/jackson-dataformat-cbor-2.13.4.jar:/home/runner/.m2/repository/joda-time/joda-time/2.10.6/joda-time-2.10.6.jar:/home/runner/.m2/repository/com/amazonaws/aws-java-sdk-s3/1.12.261/aws-java-sdk-s3-1.12.261.jar:/home/runner/.m2/repository/com/amazonaws/aws-java-sdk-kms/1.12.261/aws-java-sdk-kms-1.12.261.jar:/home/runner/.m2/repository/com/amazonaws/jmespath-java/1.12.261/jmespath-java-1.12.261.jar:/home/runner/.m2/repository/org/kohsuke/metainf-services/metainf-services/1.8/metainf-services-1.8.jar:/home/runner/.m2/repository/org/apache/ozone/hdds-tools/1.4.0-SNAPSHOT/hdds-tools-1.4.0-SNAPSHOT.jar:/home/runner/.m2/repository/org/apache/ratis/ratis-tools/2.4.2-8b8bdda-SNAPSHOT/ratis-tools-2.4.2-8b8bdda-SNAPSHOT.jar:/home/runner/.m2/repository/org/apache/ratis/ratis-proto/2.4.2-8b8bdda-SNAPSHOT/ratis-proto-2.4.2-8b8bdda-SNAPSHOT.jar:/home/runner/.m2/repository/org/apache/ratis/ratis-common/2.4.2-8b8bdda-SNAPSHOT/ratis-common-2.4.2-8b8bdda-SNAPSHOT.jar:/home/runner/.m2/repository/commons-cli/commons-cli/1.2/commons-cli-1.2.jar:/home/runner/.m2/repository/org/apache/commons/commons-lang3/3.7/commons-lang3-3.7.jar:/home/runner/.m2/repository/org/apache/ozone/ozone-manager/1.4.0-SNAPSHOT/ozone-manager-1.4.0-SNAPSHOT-tests.jar:/home/runner/.m2/repository/org/apache/ozone/hdds-common/1.4.0-SNAPSHOT/hdds-common-1.4.0-SNAPSHOT-tests.jar:/home/runner/.m2/repository/org/apache/ozone/hdds-hadoop-dependency-client/1.4.0-SNAPSHOT/hdds-hadoop-dependency-client-1.4.0-SNAPSHOT.jar:/home/runner/.m2/repository/info/picocli/picocli/4.6.1/picocli-4.6.1.jar:/home/runner/.m2/repository/com/fasterxml/jackson/core/jackson-annotations/2.13.4/jackson-annotations-2.13.4.jar:/home/runner/.m2/repository/com/fasterxml/jackson/datatype/jackson-datatype-jsr310/2.13.4/jackson-datatype-jsr310-2.13.4.jar:/home/runner/.m2/repository/org/apache/ozone/hdds-annotation-processing/1.4.0-SNAPSHOT/hdds-annotation-processing-1.4.0-SNAPSHOT.jar:/home/runner/.m2/repository/javax/annotation/javax.annotation-api/1.2/javax.annotation-api-1.2.jar:/home/runner/.m2/repository/org/apache/ratis/ratis-server/2.4.2-8b8bdda-SNAPSHOT/ratis-server-2.4.2-8b8bdda-SNAPSHOT.jar:/home/runner/.m2/repository/org/apache/ratis/ratis-client/2.4.2-8b8bdda-SNAPSHOT/ratis-client-2.4.2-8b8bdda-SNAPSHOT.jar:/home/runner/.m2/repository/org/apache/ratis/ratis-server-api/2.4.2-8b8bdda-SNAPSHOT/ratis-server-api-2.4.2-8b8bdda-SNAPSHOT.jar:/home/runner/.m2/repository/org/apache/ratis/ratis-metrics/2.4.2-8b8bdda-SNAPSHOT/ratis-metrics-2.4.2-8b8bdda-SNAPSHOT.jar:/home/runner/.m2/repository/org/apache/ratis/ratis-netty/2.4.2-8b8bdda-SNAPSHOT/ratis-netty-2.4.2-8b8bdda-SNAPSHOT.jar:/home/runner/.m2/repository/org/apache/ratis/ratis-grpc/2.4.2-8b8bdda-SNAPSHOT/ratis-grpc-2.4.2-8b8bdda-SNAPSHOT.jar:/home/runner/.m2/repository/org/apache/logging/log4j/log4j-api/2.17.1/log4j-api-2.17.1.jar:/home/runner/.m2/repository/org/apache/commons/commons-pool2/2.6.0/commons-pool2-2.6.0.jar:/home/runner/.m2/repository/org/bouncycastle/bcpkix-jdk15on/1.67/bcpkix-jdk15on-1.67.jar:/home/runner/.m2/repository/commons-validator/commons-validator/1.6/commons-validator-1.6.jar:/home/runner/.m2/repository/commons-beanutils/commons-beanutils/1.9.4/commons-beanutils-1.9.4.jar:/home/runner/.m2/repository/commons-digester/commons-digester/1.8.1/commons-digester-1.8.1.jar:/home/runner/.m2/repository/commons-collections/commons-collections/3.2.2/commons-collections-3.2.2.jar:/home/runner/.m2/repository/io/jaegertracing/jaeger-client/1.6.0/jaeger-client-1.6.0.jar:/home/runner/.m2/repository/io/jaegertracing/jaeger-thrift/1.6.0/jaeger-thrift-1.6.0.jar:/home/runner/.m2/repository/org/apache/thrift/libthrift/0.14.1/libthrift-0.14.1.jar:/home/runner/.m2/repository/io/jaegertracing/jaeger-core/1.6.0/jaeger-core-1.6.0.jar:/home/runner/.m2/repository/io/jaegertracing/jaeger-tracerresolver/1.6.0/jaeger-tracerresolver-1.6.0.jar:/home/runner/.m2/repository/io/opentracing/contrib/opentracing-tracerresolver/0.1.8/opentracing-tracerresolver-0.1.8.jar:/home/runner/.m2/repository/org/jetbrains/kotlin/kotlin-stdlib/1.6.21/kotlin-stdlib-1.6.21.jar:/home/runner/.m2/repository/org/jetbrains/annotations/13.0/annotations-13.0.jar:/home/runner/.m2/repository/io/opentracing/opentracing-util/0.33.0/opentracing-util-0.33.0.jar:/home/runner/.m2/repository/io/opentracing/opentracing-api/0.33.0/opentracing-api-0.33.0.jar:/home/runner/.m2/repository/io/opentracing/opentracing-noop/0.33.0/opentracing-noop-0.33.0.jar:/home/runner/.m2/repository/org/yaml/snakeyaml/1.33/snakeyaml-1.33.jar:/home/runner/.m2/repository/org/apache/ozone/hdds-interface-admin/1.4.0-SNAPSHOT/hdds-interface-admin-1.4.0-SNAPSHOT.jar:/home/runner/.m2/repository/junit/junit/4.13.1/junit-4.13.1.jar:/home/runner/.m2/repository/org/hamcrest/hamcrest-core/1.3/hamcrest-core-1.3.jar:/home/runner/.m2/repository/org/junit/jupiter/junit-jupiter-api/5.8.2/junit-jupiter-api-5.8.2.jar:/home/runner/.m2/repository/org/opentest4j/opentest4j/1.2.0/opentest4j-1.2.0.jar:/home/runner/.m2/repository/org/junit/platform/junit-platform-commons/1.8.2/junit-platform-commons-1.8.2.jar:/home/runner/.m2/repository/org/apiguardian/apiguardian-api/1.1.2/apiguardian-api-1.1.2.jar:/home/runner/.m2/repository/org/junit/jupiter/junit-jupiter-params/5.8.2/junit-jupiter-params-5.8.2.jar:/home/runner/.m2/repository/org/junit/jupiter/junit-jupiter-migrationsupport/5.8.2/junit-jupiter-migrationsupport-5.8.2.jar:/home/runner/.m2/repository/org/junit/jupiter/junit-jupiter-engine/5.8.2/junit-jupiter-engine-5.8.2.jar:/home/runner/.m2/repository/org/junit/platform/junit-platform-engine/1.8.2/junit-platform-engine-1.8.2.jar:/home/runner/.m2/repository/org/junit/vintage/junit-vintage-engine/5.8.2/junit-vintage-engine-5.8.2.jar:/home/runner/.m2/repository/org/junit/platform/junit-platform-launcher/1.8.2/junit-platform-launcher-1.8.2.jar:/home/runner/.m2/repository/org/mockito/mockito-core/2.28.2/mockito-core-2.28.2.jar:/home/runner/.m2/repository/net/bytebuddy/byte-buddy/1.9.10/byte-buddy-1.9.10.jar:/home/runner/.m2/repository/net/bytebuddy/byte-buddy-agent/1.9.10/byte-buddy-agent-1.9.10.jar:/home/runner/.m2/repository/org/objenesis/objenesis/1.0/objenesis-1.0.jar:/home/runner/.m2/repository/org/apache/hadoop/hadoop-kms/3.3.4/hadoop-kms-3.3.4.jar:/home/runner/.m2/repository/org/apache/hadoop/hadoop-auth/3.3.4/hadoop-auth-3.3.4.jar:/home/runner/.m2/repository/com/nimbusds/nimbus-jose-jwt/9.8.1/nimbus-jose-jwt-9.8.1.jar:/home/runner/.m2/repository/com/github/stephenc/jcip/jcip-annotations/1.0-1/jcip-annotations-1.0-1.jar:/home/runner/.m2/repository/net/minidev/json-smart/2.4.7/json-smart-2.4.7.jar:/home/runner/.m2/repository/net/minidev/accessors-smart/2.4.7/accessors-smart-2.4.7.jar:/home/runner/.m2/repository/org/ow2/asm/asm/5.0.4/asm-5.0.4.jar:/home/runner/.m2/repository/org/apache/zookeeper/zookeeper/3.5.6/zookeeper-3.5.6.jar:/home/runner/.m2/repository/org/apache/zookeeper/zookeeper-jute/3.5.6/zookeeper-jute-3.5.6.jar:/home/runner/.m2/repository/org/apache/yetus/audience-annotations/0.5.0/audience-annotations-0.5.0.jar:/home/runner/.m2/repository/org/apache/curator/curator-framework/4.2.0/curator-framework-4.2.0.jar:/home/runner/.m2/repository/org/apache/hadoop/thirdparty/hadoop-shaded-guava/1.1.1/hadoop-shaded-guava-1.1.1.jar:/home/runner/.m2/repository/com/sun/jersey/jersey-core/1.19/jersey-core-1.19.jar:/home/runner/.m2/repository/javax/ws/rs/jsr311-api/1.1.1/jsr311-api-1.1.1.jar:/home/runner/.m2/repository/com/sun/jersey/jersey-server/1.19/jersey-server-1.19.jar:/home/runner/.m2/repository/javax/servlet/javax.servlet-api/3.1.0/javax.servlet-api-3.1.0.jar:/home/runner/.m2/repository/org/eclipse/jetty/jetty-server/9.4.49.v20220914/jetty-server-9.4.49.v20220914.jar:/home/runner/.m2/repository/org/eclipse/jetty/jetty-http/9.4.49.v20220914/jetty-http-9.4.49.v20220914.jar:/home/runner/.m2/repository/org/eclipse/jetty/jetty-io/9.4.49.v20220914/jetty-io-9.4.49.v20220914.jar:/home/runner/.m2/repository/org/eclipse/jetty/jetty-webapp/9.4.49.v20220914/jetty-webapp-9.4.49.v20220914.jar:/home/runner/.m2/repository/org/eclipse/jetty/jetty-xml/9.4.49.v20220914/jetty-xml-9.4.49.v20220914.jar:/home/runner/.m2/repository/org/apache/hadoop/hadoop-common/3.3.4/hadoop-common-3.3.4.jar:/home/runner/.m2/repository/org/apache/commons/commons-math3/3.1.1/commons-math3-3.1.1.jar:/home/runner/.m2/repository/commons-net/commons-net/3.9.0/commons-net-3.9.0.jar:/home/runner/.m2/repository/com/sun/jersey/jersey-servlet/1.19/jersey-servlet-1.19.jar:/home/runner/.m2/repository/com/sun/jersey/jersey-json/1.19/jersey-json-1.19.jar:/home/runner/.m2/repository/org/codehaus/jettison/jettison/1.1/jettison-1.1.jar:/home/runner/.m2/repository/com/sun/xml/bind/jaxb-impl/2.2.3-1/jaxb-impl-2.2.3-1.jar:/home/runner/.m2/repository/org/codehaus/jackson/jackson-xc/1.9.2/jackson-xc-1.9.2.jar:/home/runner/.m2/repository/com/google/re2j/re2j/1.1/re2j-1.1.jar:/home/runner/.m2/repository/com/jcraft/jsch/0.1.54/jsch-0.1.54.jar:/home/runner/.m2/repository/org/apache/curator/curator-client/4.2.0/curator-client-4.2.0.jar:/home/runner/.m2/repository/org/apache/curator/curator-recipes/4.2.0/curator-recipes-4.2.0.jar:/home/runner/.m2/repository/org/apache/kerby/kerb-core/1.0.1/kerb-core-1.0.1.jar:/home/runner/.m2/repository/org/apache/kerby/kerby-pkix/1.0.1/kerby-pkix-1.0.1.jar:/home/runner/.m2/repository/org/apache/kerby/kerby-asn1/1.0.1/kerby-asn1-1.0.1.jar:/home/runner/.m2/repository/org/apache/kerby/kerby-util/1.0.1/kerby-util-1.0.1.jar:/home/runner/.m2/repository/dnsjava/dnsjava/2.1.7/dnsjava-2.1.7.jar:/home/runner/.m2/repository/org/xerial/snappy/snappy-java/1.1.8.2/snappy-java-1.1.8.2.jar:/home/runner/.m2/repository/org/eclipse/jetty/jetty-util/9.4.49.v20220914/jetty-util-9.4.49.v20220914.jar:/home/runner/.m2/repository/com/fasterxml/jackson/core/jackson-databind/2.13.4.2/jackson-databind-2.13.4.2.jar:/home/runner/.m2/repository/org/apache/hadoop/hadoop-kms/3.3.4/hadoop-kms-3.3.4-tests.jar:/home/runner/.m2/repository/org/apache/ozone/hdds-server-scm/1.4.0-SNAPSHOT/hdds-server-scm-1.4.0-SNAPSHOT-tests.jar:/home/runner/.m2/repository/org/apache/ozone/hdds-container-service/1.4.0-SNAPSHOT/hdds-container-service-1.4.0-SNAPSHOT-tests.jar:/home/runner/.m2/repository/com/github/luben/zstd-jni/1.5.2-5/zstd-jni-1.5.2-5.jar:/home/runner/.m2/repository/commons-codec/commons-codec/1.15/commons-codec-1.15.jar:/home/runner/.m2/repository/io/netty/netty-codec/4.1.86.Final/netty-codec-4.1.86.Final.jar:/home/runner/.m2/repository/io/netty/netty-handler/4.1.86.Final/netty-handler-4.1.86.Final.jar:/home/runner/.m2/repository/org/apache/ozone/hdds-hadoop-dependency-test/1.4.0-SNAPSHOT/hdds-hadoop-dependency-test-1.4.0-SNAPSHOT.jar:/home/runner/.m2/repository/org/apache/hadoop/hadoop-common/3.3.4/hadoop-common-3.3.4-tests.jar:/home/runner/.m2/repository/org/apache/hadoop/hadoop-hdfs/3.3.4/hadoop-hdfs-3.3.4-tests.jar:/home/runner/.m2/repository/org/assertj/assertj-core/3.12.2/assertj-core-3.12.2.jar:/home/runner/.m2/repository/org/apache/hadoop/hadoop-distcp/3.3.4/hadoop-distcp-3.3.4.jar:/home/runner/.m2/repository/org/apache/hadoop/hadoop-mapreduce-client-jobclient/3.3.4/hadoop-mapreduce-client-jobclient-3.3.4.jar:/home/runner/.m2/repository/org/apache/hadoop/hadoop-mapreduce-client-common/3.3.4/hadoop-mapreduce-client-common-3.3.4.jar:/home/runner/.m2/repository/org/apache/hadoop/hadoop-yarn-common/3.3.4/hadoop-yarn-common-3.3.4.jar:/home/runner/.m2/repository/org/apache/hadoop/hadoop-yarn-api/3.3.4/hadoop-yarn-api-3.3.4.jar:/home/runner/.m2/repository/com/sun/jersey/contribs/jersey-guice/1.19/jersey-guice-1.19.jar:/home/runner/.m2/repository/com/fasterxml/jackson/jaxrs/jackson-jaxrs-json-provider/2.13.4/jackson-jaxrs-json-provider-2.13.4.jar:/home/runner/.m2/repository/com/fasterxml/jackson/jaxrs/jackson-jaxrs-base/2.13.4/jackson-jaxrs-base-2.13.4.jar:/home/runner/.m2/repository/org/apache/hadoop/hadoop-yarn-client/3.3.4/hadoop-yarn-client-3.3.4.jar:/home/runner/.m2/repository/org/eclipse/jetty/websocket/websocket-client/9.4.43.v20210629/websocket-client-9.4.43.v20210629.jar:/home/runner/.m2/repository/org/eclipse/jetty/websocket/websocket-common/9.4.43.v20210629/websocket-common-9.4.43.v20210629.jar:/home/runner/.m2/repository/org/eclipse/jetty/websocket/websocket-api/9.4.43.v20210629/websocket-api-9.4.43.v20210629.jar:/home/runner/.m2/repository/org/jline/jline/3.9.0/jline-3.9.0.jar:/home/runner/.m2/repository/org/apache/hadoop/hadoop-mapreduce-client-core/3.3.4/hadoop-mapreduce-client-core-3.3.4.jar:/home/runner/.m2/repository/org/apache/avro/avro/1.7.7/avro-1.7.7.jar:/home/runner/.m2/repository/org/codehaus/jackson/jackson-core-asl/1.9.13/jackson-core-asl-1.9.13.jar:/home/runner/.m2/repository/org/codehaus/jackson/jackson-mapper-asl/1.9.13/jackson-mapper-asl-1.9.13.jar:/home/runner/.m2/repository/com/thoughtworks/paranamer/paranamer/2.3/paranamer-2.3.jar:/home/runner/.m2/repository/org/apache/hadoop/hadoop-annotations/3.3.4/hadoop-annotations-3.3.4.jar:/usr/lib/jvm/temurin-8-jdk-amd64/jre/../lib/tools.jar:/home/runner/.m2/repository/io/netty/netty/3.10.6.Final/netty-3.10.6.Final.jar:/home/runner/.m2/repository/org/apache/hadoop/hadoop-distcp/3.3.4/hadoop-distcp-3.3.4-tests.jar:/home/runner/.m2/repository/org/slf4j/jul-to-slf4j/1.7.36/jul-to-slf4j-1.7.36.jar:"/>
    <property name="sun.cpu.endian" value="little"/>
    <property name="user.home" value="/home/runner"/>
    <property name="user.language" value="en"/>
    <property name="java.specification.vendor" value="Oracle Corporation"/>
    <property name="java.home" value="/usr/lib/jvm/temurin-8-jdk-amd64/jre"/>
    <property name="java.security.krb5.conf" value="/home/runner/work/ozone/ozone/hadoop-ozone/integration-test/target/test-classes/krb5.conf"/>
    <property name="file.separator" value="/"/>
    <property name="basedir" value="/home/runner/work/ozone/ozone/hadoop-ozone/integration-test"/>
    <property name="line.separator" value="&#10;"/>
    <property name="java.vm.specification.vendor" value="Oracle Corporation"/>
    <property name="java.specification.name" value="Java Platform API Specification"/>
    <property name="skip.installnpx" value="true"/>
    <property name="java.awt.graphicsenv" value="sun.awt.X11GraphicsEnvironment"/>
    <property name="surefire.fork.timeout" value="3600"/>
    <property name="surefire.real.class.path" value="/home/runner/work/ozone/ozone/hadoop-ozone/integration-test/target/surefire/surefirebooter6016561775768628766.jar:/home/runner/.m2/repository/org/jacoco/org.jacoco.agent/0.8.5/org.jacoco.agent-0.8.5-runtime.jar"/>
    <property name="sun.boot.class.path" value="/usr/lib/jvm/temurin-8-jdk-amd64/jre/lib/resources.jar:/usr/lib/jvm/temurin-8-jdk-amd64/jre/lib/rt.jar:/usr/lib/jvm/temurin-8-jdk-amd64/jre/lib/sunrsasign.jar:/usr/lib/jvm/temurin-8-jdk-amd64/jre/lib/jsse.jar:/usr/lib/jvm/temurin-8-jdk-amd64/jre/lib/jce.jar:/usr/lib/jvm/temurin-8-jdk-amd64/jre/lib/charsets.jar:/usr/lib/jvm/temurin-8-jdk-amd64/jre/lib/jfr.jar:/usr/lib/jvm/temurin-8-jdk-amd64/jre/classes"/>
    <property name="hadoop.log.dir" value="/home/runner/work/ozone/ozone/hadoop-ozone/integration-test/target/log"/>
    <property name="sun.management.compiler" value="HotSpot 64-Bit Tiered Compilers"/>
    <property name="java.runtime.version" value="1.8.0_362-b09"/>
    <property name="skip.npx" value="true"/>
    <property name="user.name" value="runner"/>
    <property name="java.net.preferIPv4Stack" value="true"/>
    <property name="path.separator" value=":"/>
    <property name="java.security.egd" value="file:///dev/urandom"/>
    <property name="os.version" value="5.15.0-1031-azure"/>
    <property name="java.endorsed.dirs" value="/usr/lib/jvm/temurin-8-jdk-amd64/jre/lib/endorsed"/>
    <property name="java.runtime.name" value="OpenJDK Runtime Environment"/>
    <property name="file.encoding" value="UTF-8"/>
    <property name="java.vm.name" value="OpenJDK 64-Bit Server VM"/>
    <property name="test.build.webapps" value=""/>
    <property name="localRepository" value="/home/runner/.m2/repository"/>
    <property name="jetty.git.hash" value="4231a3b2e4cb8548a412a789936d640a97b1aa0a"/>
    <property name="java.vendor.url.bug" value="https://github.com/adoptium/adoptium-support/issues"/>
    <property name="require.test.libhadoop" value=""/>
    <property name="java.io.tmpdir" value="/tmp"/>
    <property name="java.version" value="1.8.0_362"/>
    <property name="surefire.rerunFailingTestsCount" value="5"/>
    <property name="user.dir" value="/home/runner/work/ozone/ozone/hadoop-ozone/integration-test"/>
    <property name="os.arch" value="amd64"/>
    <property name="test.build.classes" value="/home/runner/work/ozone/ozone/hadoop-ozone/integration-test/target/test-classes"/>
    <property name="java.vm.specification.name" value="Java Virtual Machine Specification"/>
    <property name="java.awt.printerjob" value="sun.print.PSPrinterJob"/>
    <property name="sun.os.patch.level" value="unknown"/>
    <property name="org.apache.ratis.thirdparty.io.netty.allocator.useCacheForAllThreads" value="false"/>
    <property name="hadoop.tmp.dir" value="/home/runner/work/ozone/ozone/hadoop-ozone/integration-test/target/tmp"/>
    <property name="java.library.path" value="/usr/java/packages/lib/amd64:/usr/lib64:/lib64:/lib:/usr/lib"/>
    <property name="java.vendor" value="Temurin"/>
    <property name="java.vm.info" value="mixed mode"/>
    <property name="java.vm.version" value="25.362-b09"/>
    <property name="java.specification.maintenance.version" value="4"/>
    <property name="sun.io.unicode.encoding" value="UnicodeLittle"/>
    <property name="java.ext.dirs" value="/usr/lib/jvm/temurin-8-jdk-amd64/jre/lib/ext:/usr/java/packages/lib/ext"/>
    <property name="java.class.version" value="52.0"/>
  </properties>
  <testcase name="testNodeWithOpenPipelineCanBeDecommissionedAndRecommissioned" classname="org.apache.hadoop.ozone.scm.node.TestDecommissionAndMaintenance" time="52.507"/>
  <testcase name="testContainerIsReplicatedWhenAllNodesGotoMaintenance" classname="org.apache.hadoop.ozone.scm.node.TestDecommissionAndMaintenance" time="44.786"/>
  <testcase name="testMaintenanceEndsAutomaticallyAtTimeout" classname="org.apache.hadoop.ozone.scm.node.TestDecommissionAndMaintenance" time="46.406"/>
  <testcase name="testSingleNodeWithOpenPipelineCanGotoMaintenance" classname="org.apache.hadoop.ozone.scm.node.TestDecommissionAndMaintenance" time="4.871">
    <error type="INTERNAL_ERROR org.apache.hadoop.ozone.om.exceptions.OMException"><![CDATA[INTERNAL_ERROR org.apache.hadoop.ozone.om.exceptions.OMException: No enough datanodes to choose. TotalNode = 7 AvailableNode = 4 RequiredNode = 5 ExcludedNode = 3
	at org.apache.hadoop.ozone.om.protocolPB.OzoneManagerProtocolClientSideTranslatorPB.handleError(OzoneManagerProtocolClientSideTranslatorPB.java:706)
	at org.apache.hadoop.ozone.om.protocolPB.OzoneManagerProtocolClientSideTranslatorPB.allocateBlock(OzoneManagerProtocolClientSideTranslatorPB.java:741)
	at org.apache.hadoop.ozone.client.io.BlockOutputStreamEntryPool.allocateNewBlock(BlockOutputStreamEntryPool.java:312)
	at org.apache.hadoop.ozone.client.io.BlockOutputStreamEntryPool.allocateBlockIfNeeded(BlockOutputStreamEntryPool.java:395)
	at org.apache.hadoop.ozone.client.io.ECKeyOutputStream.writeDataCells(ECKeyOutputStream.java:350)
	at org.apache.hadoop.ozone.client.io.ECKeyOutputStream.flushStripeToDatanodes(ECKeyOutputStream.java:571)
	at org.apache.hadoop.ozone.client.io.ECKeyOutputStream.flushStripeFromQueue(ECKeyOutputStream.java:555)
	at java.util.concurrent.FutureTask.run(FutureTask.java:266)
	at java.util.concurrent.ThreadPoolExecutor.runWorker(ThreadPoolExecutor.java:1149)
	at java.util.concurrent.ThreadPoolExecutor$Worker.run(ThreadPoolExecutor.java:624)
	at java.lang.Thread.run(Thread.java:750)
]]></error>
    <system-out><![CDATA[2023-02-03 08:25:21,826 [Mini-Cluster-Provider-Reap] INFO  ipc.Server (Server.java:stop(3428)) - Stopping server on 40291
2023-02-03 08:25:21,834 [Listener at 127.0.0.1/38583] WARN  server.ServerUtils (ServerUtils.java:getScmDbDir(148)) - ozone.scm.db.dirs is not configured. We recommend adding this setting. Falling back to ozone.metadata.dirs instead.
2023-02-03 08:25:21,842 [IPC Server listener on 0] INFO  ipc.Server (Server.java:run(1384)) - Stopping IPC Server listener on 0
2023-02-03 08:25:21,847 [Listener at 127.0.0.1/38583] WARN  server.ServerUtils (ServerUtils.java:getScmDbDir(148)) - ozone.scm.db.dirs is not configured. We recommend adding this setting. Falling back to ozone.metadata.dirs instead.
2023-02-03 08:25:21,848 [Listener at 127.0.0.1/38583] INFO  ha.SCMHANodeDetails (SCMHANodeDetails.java:loadSCMHAConfig(209)) - ServiceID for StorageContainerManager is null
2023-02-03 08:25:21,848 [Listener at 127.0.0.1/38583] INFO  ha.SCMHANodeDetails (SCMHANodeDetails.java:loadSCMHAConfig(214)) - ozone.scm.default.service.id is not defined, falling back to ozone.scm.service.ids to find serviceID for StorageContainerManager if it is HA enabled cluster
2023-02-03 08:25:21,848 [Listener at 127.0.0.1/38583] WARN  utils.HAUtils (HAUtils.java:getMetaDir(342)) - ozone.scm.db.dirs is not configured. We recommend adding this setting. Falling back to ozone.metadata.dirs instead.
2023-02-03 08:25:21,848 [Listener at 127.0.0.1/38583] WARN  db.DBStoreBuilder (DBStoreBuilder.java:applyDBDefinition(172)) - ozone.scm.db.dirs is not configured. We recommend adding this setting. Falling back to ozone.metadata.dirs instead.
2023-02-03 08:25:21,861 [IPC Server Responder] INFO  ipc.Server (Server.java:run(1517)) - Stopping IPC Server Responder
2023-02-03 08:25:21,861 [Mini-Cluster-Provider-Reap] INFO  server.RaftServer (RaftServerProxy.java:lambda$close$6(409)) - om1: close
2023-02-03 08:25:21,861 [Mini-Cluster-Provider-Reap] INFO  server.GrpcService (GrpcService.java:closeImpl(271)) - om1: shutdown server GrpcServerProtocolService now
2023-02-03 08:25:21,861 [Mini-Cluster-Provider-Reap] INFO  server.GrpcService (GrpcService.java:closeImpl(280)) - om1: shutdown server GrpcServerProtocolService successfully
2023-02-03 08:25:21,862 [om1-impl-thread2] INFO  server.RaftServer$Division (RaftServerImpl.java:lambda$close$4(458)) - om1@group-C5BA1605619E: shutdown
2023-02-03 08:25:21,862 [om1-impl-thread2] INFO  impl.RoleInfo (RoleInfo.java:shutdownLeaderState(93)) - om1: shutdown om1@group-C5BA1605619E-LeaderStateImpl
2023-02-03 08:25:21,862 [om1-impl-thread2] INFO  impl.PendingRequests (PendingRequests.java:sendNotLeaderResponses(282)) - om1@group-C5BA1605619E-PendingRequests: sendNotLeaderResponses
2023-02-03 08:25:21,886 [main] INFO  rpc.RpcClient (RpcClient.java:createVolume(476)) - Creating Volume: vol1, with user63878 as owner and space quota set to -1 bytes, counts quota set to -1
2023-02-03 08:25:21,887 [om1-impl-thread2] INFO  impl.StateMachineUpdater (StateMachineUpdater.java:stopAndJoin(153)) - om1@group-C5BA1605619E-StateMachineUpdater: set stopIndex = 86
2023-02-03 08:25:21,887 [om1@group-C5BA1605619E-StateMachineUpdater] INFO  ratis.OzoneManagerStateMachine (OzoneManagerStateMachine.java:takeSnapshot(445)) - Current Snapshot Index (t:1, i:86)
2023-02-03 08:25:21,887 [om1@group-C5BA1605619E-StateMachineUpdater] INFO  impl.StateMachineUpdater (StateMachineUpdater.java:takeSnapshot(287)) - om1@group-C5BA1605619E-StateMachineUpdater: Took a snapshot at index 86
2023-02-03 08:25:21,888 [om1@group-C5BA1605619E-StateMachineUpdater] INFO  impl.StateMachineUpdater (StateMachineUpdater.java:lambda$new$0(92)) - om1@group-C5BA1605619E-StateMachineUpdater: snapshotIndex: updateIncreasingly -1 -> 86
2023-02-03 08:25:21,888 [om1@group-C5BA1605619E-StateMachineUpdater] INFO  ratis.OzoneManagerStateMachine (OzoneManagerStateMachine.java:close(499)) - StateMachine has shutdown. Shutdown OzoneManager if not already shutdown.
2023-02-03 08:25:21,888 [om1@group-C5BA1605619E-StateMachineUpdater] INFO  ratis.OzoneManagerDoubleBuffer (OzoneManagerDoubleBuffer.java:stopDaemon(541)) - Stopping OMDoubleBuffer flush thread
2023-02-03 08:25:21,888 [OMDoubleBufferFlushThread] INFO  ratis.OzoneManagerDoubleBuffer (OzoneManagerDoubleBuffer.java:canFlush(626)) - OMDoubleBuffer flush thread OMDoubleBufferFlushThread is interrupted and will exit.
2023-02-03 08:25:21,895 [om1-impl-thread2] INFO  server.RaftServer$Division (ServerState.java:close(466)) - om1@group-C5BA1605619E: closes. applyIndex: 86
2023-02-03 08:25:21,895 [om1@group-C5BA1605619E-SegmentedRaftLogWorker] INFO  segmented.SegmentedRaftLogWorker (SegmentedRaftLogWorker.java:run(347)) - om1@group-C5BA1605619E-SegmentedRaftLogWorker was interrupted, exiting. There are 0 tasks remaining in the queue.
2023-02-03 08:25:21,895 [OM StateMachine ApplyTransaction Thread - 0] INFO  volume.OMVolumeCreateRequest (OMVolumeCreateRequest.java:validateAndUpdateCache(195)) - created volume:vol1 for user:user63878
2023-02-03 08:25:21,896 [om1-impl-thread2] INFO  segmented.SegmentedRaftLogWorker (SegmentedRaftLogWorker.java:close(257)) - om1@group-C5BA1605619E-SegmentedRaftLogWorker close()
2023-02-03 08:25:21,908 [JvmPauseMonitor17] INFO  util.JvmPauseMonitor (JvmPauseMonitor.java:run(111)) - JvmPauseMonitor-om1: Stopped
2023-02-03 08:25:21,908 [Mini-Cluster-Provider-Reap] INFO  ratis.OzoneManagerStateMachine (OzoneManagerStateMachine.java:close(499)) - StateMachine has shutdown. Shutdown OzoneManager if not already shutdown.
2023-02-03 08:25:21,908 [Mini-Cluster-Provider-Reap] INFO  ratis.OzoneManagerDoubleBuffer (OzoneManagerDoubleBuffer.java:stopDaemon(550)) - OMDoubleBuffer flush thread is not running.
2023-02-03 08:25:21,908 [Mini-Cluster-Provider-Reap] INFO  utils.BackgroundService (BackgroundService.java:shutdown(141)) - Shutting down service KeyDeletingService
2023-02-03 08:25:21,908 [Mini-Cluster-Provider-Reap] INFO  utils.BackgroundService (BackgroundService.java:shutdown(141)) - Shutting down service DirectoryDeletingService
2023-02-03 08:25:21,914 [Mini-Cluster-Provider-Reap] INFO  utils.BackgroundService (BackgroundService.java:shutdown(141)) - Shutting down service OpenKeyCleanupService
2023-02-03 08:25:21,914 [Mini-Cluster-Provider-Reap] INFO  utils.BackgroundService (BackgroundService.java:shutdown(141)) - Shutting down service SstFilteringService
2023-02-03 08:25:21,929 [Mini-Cluster-Provider-Reap] INFO  handler.ContextHandler (ContextHandler.java:doStop(1159)) - Stopped o.e.j.w.WebAppContext@2da86e5a{ozoneManager,/,null,STOPPED}{file:/home/runner/work/ozone/ozone/hadoop-ozone/integration-test/target/test-classes/webapps/ozoneManager}
2023-02-03 08:25:21,930 [Mini-Cluster-Provider-Reap] INFO  server.AbstractConnector (AbstractConnector.java:doStop(383)) - Stopped ServerConnector@2c04b099{HTTP/1.1, (http/1.1)}{0.0.0.0:0}
2023-02-03 08:25:21,930 [Mini-Cluster-Provider-Reap] INFO  server.session (HouseKeeper.java:stopScavenging(149)) - node0 Stopped scavenging
2023-02-03 08:25:21,931 [Mini-Cluster-Provider-Reap] INFO  handler.ContextHandler (ContextHandler.java:doStop(1159)) - Stopped o.e.j.s.ServletContextHandler@75f835b3{static,/static,file:///home/runner/work/ozone/ozone/hadoop-ozone/integration-test/target/test-classes/webapps/static,STOPPED}
2023-02-03 08:25:21,931 [Mini-Cluster-Provider-Reap] INFO  handler.ContextHandler (ContextHandler.java:doStop(1159)) - Stopped o.e.j.s.ServletContextHandler@5c644b57{logs,/logs,file:///home/runner/work/ozone/ozone/hadoop-ozone/integration-test/target/log,STOPPED}
2023-02-03 08:25:21,956 [Mini-Cluster-Provider-Reap] INFO  ozone.MiniOzoneClusterImpl (MiniOzoneClusterImpl.java:stopDatanodes(524)) - Stopping the HddsDatanodes
2023-02-03 08:25:21,963 [main] INFO  rpc.RpcClient (RpcClient.java:createBucket(695)) - Creating Bucket: vol1/bucket1, with bucket layout LEGACY, runner as owner, Versioning false, Storage Type set to DISK and Encryption set to false 
2023-02-03 08:25:21,966 [OM StateMachine ApplyTransaction Thread - 0] INFO  bucket.OMBucketCreateRequest (OMBucketCreateRequest.java:validateAndUpdateCache(263)) - created bucket: bucket1 of layout LEGACY in volume: vol1
2023-02-03 08:25:21,968 [Mini-Cluster-Provider-Reap] INFO  ozoneimpl.OzoneContainer (OzoneContainer.java:stop(420)) - Attempting to stop container services.
2023-02-03 08:25:21,969 [Mini-Cluster-Provider-Reap] INFO  server.RaftServer (RaftServerProxy.java:lambda$close$6(409)) - fa8ac6cf-9eac-4eb3-9d13-3c75f4ab3c09: close
2023-02-03 08:25:21,970 [fa8ac6cf-9eac-4eb3-9d13-3c75f4ab3c09-impl-thread2] INFO  server.RaftServer$Division (RaftServerImpl.java:lambda$close$4(458)) - fa8ac6cf-9eac-4eb3-9d13-3c75f4ab3c09@group-0F5EF98F3C6A: shutdown
2023-02-03 08:25:21,970 [fa8ac6cf-9eac-4eb3-9d13-3c75f4ab3c09-impl-thread2] INFO  util.JmxRegister (JmxRegister.java:unregister(73)) - Successfully un-registered JMX Bean with object name Ratis:service=RaftServer,group=group-0F5EF98F3C6A,id=fa8ac6cf-9eac-4eb3-9d13-3c75f4ab3c09
2023-02-03 08:25:21,970 [fa8ac6cf-9eac-4eb3-9d13-3c75f4ab3c09-impl-thread2] INFO  impl.RoleInfo (RoleInfo.java:shutdownLeaderState(93)) - fa8ac6cf-9eac-4eb3-9d13-3c75f4ab3c09: shutdown fa8ac6cf-9eac-4eb3-9d13-3c75f4ab3c09@group-0F5EF98F3C6A-LeaderStateImpl
2023-02-03 08:25:21,970 [fa8ac6cf-9eac-4eb3-9d13-3c75f4ab3c09-impl-thread2] INFO  impl.PendingRequests (PendingRequests.java:sendNotLeaderResponses(282)) - fa8ac6cf-9eac-4eb3-9d13-3c75f4ab3c09@group-0F5EF98F3C6A-PendingRequests: sendNotLeaderResponses
2023-02-03 08:25:21,970 [fa8ac6cf-9eac-4eb3-9d13-3c75f4ab3c09-impl-thread2] INFO  impl.StateMachineUpdater (StateMachineUpdater.java:stopAndJoin(153)) - fa8ac6cf-9eac-4eb3-9d13-3c75f4ab3c09@group-0F5EF98F3C6A-StateMachineUpdater: set stopIndex = 0
2023-02-03 08:25:21,971 [Mini-Cluster-Provider-Reap] INFO  server.GrpcService (GrpcService.java:closeImpl(271)) - fa8ac6cf-9eac-4eb3-9d13-3c75f4ab3c09: shutdown server GrpcServerProtocolService now
2023-02-03 08:25:21,971 [fa8ac6cf-9eac-4eb3-9d13-3c75f4ab3c09@group-0F5EF98F3C6A-StateMachineUpdater] INFO  ratis.ContainerStateMachine (ContainerStateMachine.java:takeSnapshot(308)) - group-0F5EF98F3C6A: Taking a snapshot at:(t:1, i:0) file /home/runner/work/ozone/ozone/hadoop-ozone/integration-test/target/test-dir/MiniOzoneClusterImpl-14be88a4-8f05-46f6-bbfd-baa6b5a73b12/datanode-4/data/ratis/15384f02-589d-4790-8a7f-0f5ef98f3c6a/sm/snapshot.1_0
2023-02-03 08:25:21,972 [ForkJoinPool.commonPool-worker-1] INFO  ozoneimpl.OzoneContainer (OzoneContainer.java:stop(420)) - Attempting to stop container services.
2023-02-03 08:25:21,973 [fa8ac6cf-9eac-4eb3-9d13-3c75f4ab3c09@group-0F5EF98F3C6A-StateMachineUpdater] INFO  ratis.ContainerStateMachine (ContainerStateMachine.java:takeSnapshot(319)) - group-0F5EF98F3C6A: Finished taking a snapshot at:(t:1, i:0) file:/home/runner/work/ozone/ozone/hadoop-ozone/integration-test/target/test-dir/MiniOzoneClusterImpl-14be88a4-8f05-46f6-bbfd-baa6b5a73b12/datanode-4/data/ratis/15384f02-589d-4790-8a7f-0f5ef98f3c6a/sm/snapshot.1_0 took: 2 ms
2023-02-03 08:25:21,973 [fa8ac6cf-9eac-4eb3-9d13-3c75f4ab3c09@group-0F5EF98F3C6A-StateMachineUpdater] INFO  impl.StateMachineUpdater (StateMachineUpdater.java:takeSnapshot(287)) - fa8ac6cf-9eac-4eb3-9d13-3c75f4ab3c09@group-0F5EF98F3C6A-StateMachineUpdater: Took a snapshot at index 0
2023-02-03 08:25:21,973 [fa8ac6cf-9eac-4eb3-9d13-3c75f4ab3c09@group-0F5EF98F3C6A-StateMachineUpdater] INFO  impl.StateMachineUpdater (StateMachineUpdater.java:lambda$new$0(92)) - fa8ac6cf-9eac-4eb3-9d13-3c75f4ab3c09@group-0F5EF98F3C6A-StateMachineUpdater: snapshotIndex: updateIncreasingly -1 -> 0
2023-02-03 08:25:21,975 [grpc-default-executor-7] WARN  server.GrpcServerProtocolService (LogUtils.java:warn(122)) - fa8ac6cf-9eac-4eb3-9d13-3c75f4ab3c09: installSnapshot onError, lastRequest: null: org.apache.ratis.thirdparty.io.grpc.StatusRuntimeException: CANCELLED: client cancelled
2023-02-03 08:25:21,975 [fa8ac6cf-9eac-4eb3-9d13-3c75f4ab3c09-impl-thread2] INFO  server.RaftServer$Division (ServerState.java:close(466)) - fa8ac6cf-9eac-4eb3-9d13-3c75f4ab3c09@group-0F5EF98F3C6A: closes. applyIndex: 0
2023-02-03 08:25:21,975 [fa8ac6cf-9eac-4eb3-9d13-3c75f4ab3c09@group-0F5EF98F3C6A-SegmentedRaftLogWorker] INFO  segmented.SegmentedRaftLogWorker (SegmentedRaftLogWorker.java:run(347)) - fa8ac6cf-9eac-4eb3-9d13-3c75f4ab3c09@group-0F5EF98F3C6A-SegmentedRaftLogWorker was interrupted, exiting. There are 0 tasks remaining in the queue.
2023-02-03 08:25:21,975 [fa8ac6cf-9eac-4eb3-9d13-3c75f4ab3c09-impl-thread2] INFO  segmented.SegmentedRaftLogWorker (SegmentedRaftLogWorker.java:close(257)) - fa8ac6cf-9eac-4eb3-9d13-3c75f4ab3c09@group-0F5EF98F3C6A-SegmentedRaftLogWorker close()
2023-02-03 08:25:21,976 [grpc-default-executor-7] WARN  server.GrpcLogAppender (LogUtils.java:warn(122)) - 585970c3-6c22-4637-9398-2d57238869c8@group-D3AC8F9931E3->fa8ac6cf-9eac-4eb3-9d13-3c75f4ab3c09-AppendLogResponseHandler: Failed appendEntries: org.apache.ratis.thirdparty.io.grpc.StatusRuntimeException: CANCELLED: RST_STREAM closed stream. HTTP/2 error code: CANCEL
2023-02-03 08:25:21,977 [grpc-default-executor-7] INFO  leader.FollowerInfo (FollowerInfoImpl.java:lambda$new$0(48)) - 585970c3-6c22-4637-9398-2d57238869c8@group-D3AC8F9931E3->fa8ac6cf-9eac-4eb3-9d13-3c75f4ab3c09: nextIndex: updateUnconditionally 56 -> 55
2023-02-03 08:25:21,976 [Mini-Cluster-Provider-Reap] INFO  server.GrpcService (GrpcService.java:closeImpl(280)) - fa8ac6cf-9eac-4eb3-9d13-3c75f4ab3c09: shutdown server GrpcServerProtocolService successfully
2023-02-03 08:25:21,976 [grpc-default-executor-2] WARN  server.GrpcServerProtocolService (LogUtils.java:warn(122)) - fa8ac6cf-9eac-4eb3-9d13-3c75f4ab3c09: installSnapshot onError, lastRequest: 585970c3-6c22-4637-9398-2d57238869c8->fa8ac6cf-9eac-4eb3-9d13-3c75f4ab3c09#196-t5,previous=(t:5, i:54),leaderCommit=54,initializing? true,entries: size=1, first=(t:5, i:55), METADATAENTRY(c:54): org.apache.ratis.thirdparty.io.grpc.StatusRuntimeException: CANCELLED: client cancelled
2023-02-03 08:25:21,977 [fa8ac6cf-9eac-4eb3-9d13-3c75f4ab3c09-NettyServerStreamRpc-bossGroup--thread1] INFO  logging.LoggingHandler (AbstractInternalLogger.java:log(148)) - [id: 0x710f9463, L:/0:0:0:0:0:0:0:0:45259] CLOSE
2023-02-03 08:25:21,976 [grpc-default-executor-1] WARN  server.GrpcLogAppender (LogUtils.java:warn(122)) - 585970c3-6c22-4637-9398-2d57238869c8@group-D3AC8F9931E3->fa8ac6cf-9eac-4eb3-9d13-3c75f4ab3c09-AppendLogResponseHandler: Failed appendEntries: org.apache.ratis.thirdparty.io.grpc.StatusRuntimeException: CANCELLED: RST_STREAM closed stream. HTTP/2 error code: CANCEL
2023-02-03 08:25:21,977 [fa8ac6cf-9eac-4eb3-9d13-3c75f4ab3c09-NettyServerStreamRpc-bossGroup--thread1] INFO  logging.LoggingHandler (AbstractInternalLogger.java:log(148)) - [id: 0x710f9463, L:/0:0:0:0:0:0:0:0:45259] INACTIVE
2023-02-03 08:25:21,977 [grpc-default-executor-1] INFO  leader.FollowerInfo (FollowerInfoImpl.java:lambda$new$0(48)) - 585970c3-6c22-4637-9398-2d57238869c8@group-D3AC8F9931E3->fa8ac6cf-9eac-4eb3-9d13-3c75f4ab3c09: nextIndex: updateUnconditionally 55 -> 54
2023-02-03 08:25:21,977 [fa8ac6cf-9eac-4eb3-9d13-3c75f4ab3c09-NettyServerStreamRpc-bossGroup--thread1] INFO  logging.LoggingHandler (AbstractInternalLogger.java:log(148)) - [id: 0x710f9463, L:/0:0:0:0:0:0:0:0:45259] UNREGISTERED
2023-02-03 08:25:21,977 [fa8ac6cf-9eac-4eb3-9d13-3c75f4ab3c09-impl-thread3] INFO  server.RaftServer$Division (RaftServerImpl.java:lambda$close$4(458)) - fa8ac6cf-9eac-4eb3-9d13-3c75f4ab3c09@group-D3AC8F9931E3: shutdown
2023-02-03 08:25:21,978 [fa8ac6cf-9eac-4eb3-9d13-3c75f4ab3c09-impl-thread3] INFO  util.JmxRegister (JmxRegister.java:unregister(73)) - Successfully un-registered JMX Bean with object name Ratis:service=RaftServer,group=group-D3AC8F9931E3,id=fa8ac6cf-9eac-4eb3-9d13-3c75f4ab3c09
2023-02-03 08:25:21,978 [fa8ac6cf-9eac-4eb3-9d13-3c75f4ab3c09-impl-thread3] INFO  impl.RoleInfo (RoleInfo.java:shutdownFollowerState(110)) - fa8ac6cf-9eac-4eb3-9d13-3c75f4ab3c09: shutdown fa8ac6cf-9eac-4eb3-9d13-3c75f4ab3c09@group-D3AC8F9931E3-FollowerState
2023-02-03 08:25:21,985 [Listener at 127.0.0.1/38583] INFO  net.NodeSchemaLoader (NodeSchemaLoader.java:loadSchemaFromFile(129)) - Loading schema from [jar:file:/home/runner/.m2/repository/org/apache/ozone/hdds-common/1.4.0-SNAPSHOT/hdds-common-1.4.0-SNAPSHOT.jar!/network-topology-default.xml]
2023-02-03 08:25:21,985 [Listener at 127.0.0.1/38583] INFO  net.NodeSchemaLoader (NodeSchemaLoader.java:loadSchema(176)) - Loading network topology layer schema file
2023-02-03 08:25:21,987 [fa8ac6cf-9eac-4eb3-9d13-3c75f4ab3c09-impl-thread3] INFO  impl.StateMachineUpdater (StateMachineUpdater.java:stopAndJoin(153)) - fa8ac6cf-9eac-4eb3-9d13-3c75f4ab3c09@group-D3AC8F9931E3-StateMachineUpdater: set stopIndex = 55
2023-02-03 08:25:21,987 [grpc-default-executor-7] WARN  server.GrpcLogAppender (LogUtils.java:warn(122)) - 585970c3-6c22-4637-9398-2d57238869c8@group-D3AC8F9931E3->fa8ac6cf-9eac-4eb3-9d13-3c75f4ab3c09-AppendLogResponseHandler: Failed appendEntries: org.apache.ratis.thirdparty.io.grpc.StatusRuntimeException: UNAVAILABLE: io exception
2023-02-03 08:25:21,987 [fa8ac6cf-9eac-4eb3-9d13-3c75f4ab3c09@group-D3AC8F9931E3-StateMachineUpdater] INFO  ratis.ContainerStateMachine (ContainerStateMachine.java:takeSnapshot(308)) - group-D3AC8F9931E3: Taking a snapshot at:(t:5, i:55) file /home/runner/work/ozone/ozone/hadoop-ozone/integration-test/target/test-dir/MiniOzoneClusterImpl-14be88a4-8f05-46f6-bbfd-baa6b5a73b12/datanode-4/data/ratis/3992144e-e61c-45e5-b2ba-d3ac8f9931e3/sm/snapshot.5_55
2023-02-03 08:25:21,988 [grpc-default-executor-7] INFO  leader.FollowerInfo (FollowerInfoImpl.java:lambda$new$0(48)) - 585970c3-6c22-4637-9398-2d57238869c8@group-D3AC8F9931E3->fa8ac6cf-9eac-4eb3-9d13-3c75f4ab3c09: nextIndex: updateUnconditionally 55 -> 54
2023-02-03 08:25:21,988 [fa8ac6cf-9eac-4eb3-9d13-3c75f4ab3c09@group-D3AC8F9931E3-FollowerState] INFO  impl.FollowerState (FollowerState.java:run(152)) - fa8ac6cf-9eac-4eb3-9d13-3c75f4ab3c09@group-D3AC8F9931E3-FollowerState was interrupted
2023-02-03 08:25:21,988 [grpc-default-executor-1] WARN  server.GrpcLogAppender (LogUtils.java:warn(122)) - 585970c3-6c22-4637-9398-2d57238869c8@group-D3AC8F9931E3->fa8ac6cf-9eac-4eb3-9d13-3c75f4ab3c09-AppendLogResponseHandler: Failed appendEntries: org.apache.ratis.thirdparty.io.grpc.StatusRuntimeException: UNAVAILABLE: io exception
2023-02-03 08:25:21,988 [grpc-default-executor-1] INFO  leader.FollowerInfo (FollowerInfoImpl.java:lambda$new$0(48)) - 585970c3-6c22-4637-9398-2d57238869c8@group-D3AC8F9931E3->fa8ac6cf-9eac-4eb3-9d13-3c75f4ab3c09: nextIndex: updateUnconditionally 54 -> 53
2023-02-03 08:25:21,989 [fa8ac6cf-9eac-4eb3-9d13-3c75f4ab3c09@group-D3AC8F9931E3-StateMachineUpdater] INFO  ratis.ContainerStateMachine (ContainerStateMachine.java:takeSnapshot(319)) - group-D3AC8F9931E3: Finished taking a snapshot at:(t:5, i:55) file:/home/runner/work/ozone/ozone/hadoop-ozone/integration-test/target/test-dir/MiniOzoneClusterImpl-14be88a4-8f05-46f6-bbfd-baa6b5a73b12/datanode-4/data/ratis/3992144e-e61c-45e5-b2ba-d3ac8f9931e3/sm/snapshot.5_55 took: 1 ms
2023-02-03 08:25:21,989 [fa8ac6cf-9eac-4eb3-9d13-3c75f4ab3c09@group-D3AC8F9931E3-StateMachineUpdater] INFO  impl.StateMachineUpdater (StateMachineUpdater.java:takeSnapshot(287)) - fa8ac6cf-9eac-4eb3-9d13-3c75f4ab3c09@group-D3AC8F9931E3-StateMachineUpdater: Took a snapshot at index 55
2023-02-03 08:25:21,989 [fa8ac6cf-9eac-4eb3-9d13-3c75f4ab3c09@group-D3AC8F9931E3-StateMachineUpdater] INFO  impl.StateMachineUpdater (StateMachineUpdater.java:lambda$new$0(92)) - fa8ac6cf-9eac-4eb3-9d13-3c75f4ab3c09@group-D3AC8F9931E3-StateMachineUpdater: snapshotIndex: updateIncreasingly -1 -> 55
2023-02-03 08:25:21,992 [Listener at 127.0.0.1/38583] INFO  upgrade.AbstractLayoutVersionManager (AbstractLayoutVersionManager.java:init(83)) - Initializing Layout version manager with metadata layout = DATANODE_SCHEMA_V3 (version = 4), software layout = DATANODE_SCHEMA_V3 (version = 4)
2023-02-03 08:25:22,001 [ForkJoinPool.commonPool-worker-1] INFO  server.RaftServer (RaftServerProxy.java:lambda$close$6(409)) - 1cc2e5d0-431d-47be-bed9-8151716dee8a: close
2023-02-03 08:25:22,002 [1cc2e5d0-431d-47be-bed9-8151716dee8a-impl-thread2] INFO  server.RaftServer$Division (RaftServerImpl.java:lambda$close$4(458)) - 1cc2e5d0-431d-47be-bed9-8151716dee8a@group-9736E7FBA7A4: shutdown
2023-02-03 08:25:22,002 [1cc2e5d0-431d-47be-bed9-8151716dee8a-impl-thread2] INFO  util.JmxRegister (JmxRegister.java:unregister(73)) - Successfully un-registered JMX Bean with object name Ratis:service=RaftServer,group=group-9736E7FBA7A4,id=1cc2e5d0-431d-47be-bed9-8151716dee8a
2023-02-03 08:25:22,002 [1cc2e5d0-431d-47be-bed9-8151716dee8a-impl-thread2] INFO  impl.RoleInfo (RoleInfo.java:shutdownFollowerState(110)) - 1cc2e5d0-431d-47be-bed9-8151716dee8a: shutdown 1cc2e5d0-431d-47be-bed9-8151716dee8a@group-9736E7FBA7A4-FollowerState
2023-02-03 08:25:22,002 [ForkJoinPool.commonPool-worker-1] INFO  server.GrpcService (GrpcService.java:closeImpl(271)) - 1cc2e5d0-431d-47be-bed9-8151716dee8a: shutdown server GrpcServerProtocolService now
2023-02-03 08:25:22,008 [fa8ac6cf-9eac-4eb3-9d13-3c75f4ab3c09-impl-thread3] INFO  server.RaftServer$Division (ServerState.java:close(466)) - fa8ac6cf-9eac-4eb3-9d13-3c75f4ab3c09@group-D3AC8F9931E3: closes. applyIndex: 55
2023-02-03 08:25:22,008 [fa8ac6cf-9eac-4eb3-9d13-3c75f4ab3c09@group-D3AC8F9931E3-SegmentedRaftLogWorker] INFO  segmented.SegmentedRaftLogWorker (SegmentedRaftLogWorker.java:run(347)) - fa8ac6cf-9eac-4eb3-9d13-3c75f4ab3c09@group-D3AC8F9931E3-SegmentedRaftLogWorker was interrupted, exiting. There are 0 tasks remaining in the queue.
2023-02-03 08:25:22,009 [fa8ac6cf-9eac-4eb3-9d13-3c75f4ab3c09-impl-thread3] INFO  segmented.SegmentedRaftLogWorker (SegmentedRaftLogWorker.java:close(257)) - fa8ac6cf-9eac-4eb3-9d13-3c75f4ab3c09@group-D3AC8F9931E3-SegmentedRaftLogWorker close()
2023-02-03 08:25:22,010 [IPC Server handler 0 on default port 33963] INFO  ha.SequenceIdGenerator (SequenceIdGenerator.java:getNextId(128)) - Allocate a batch for containerId, change lastId from 0 to 1000.
2023-02-03 08:25:22,010 [IPC Server handler 0 on default port 33963] WARN  ha.SequenceIdGenerator (SequenceIdGenerator.java:allocateBatch(237)) - Failed to allocate a batch for localId, expected lastId is 0, actual lastId is 111677748019200000.
2023-02-03 08:25:22,010 [IPC Server handler 0 on default port 33963] INFO  ha.SequenceIdGenerator (SequenceIdGenerator.java:getNextId(128)) - Allocate a batch for localId, change lastId from 111677748019200000 to 111677748019201000.
2023-02-03 08:25:22,012 [1cc2e5d0-431d-47be-bed9-8151716dee8a-impl-thread2] INFO  impl.StateMachineUpdater (StateMachineUpdater.java:stopAndJoin(153)) - 1cc2e5d0-431d-47be-bed9-8151716dee8a@group-9736E7FBA7A4-StateMachineUpdater: set stopIndex = 0
2023-02-03 08:25:22,013 [1cc2e5d0-431d-47be-bed9-8151716dee8a@group-9736E7FBA7A4-FollowerState] INFO  impl.FollowerState (FollowerState.java:run(152)) - 1cc2e5d0-431d-47be-bed9-8151716dee8a@group-9736E7FBA7A4-FollowerState was interrupted
2023-02-03 08:25:22,013 [1cc2e5d0-431d-47be-bed9-8151716dee8a@group-9736E7FBA7A4-StateMachineUpdater] INFO  ratis.ContainerStateMachine (ContainerStateMachine.java:takeSnapshot(308)) - group-9736E7FBA7A4: Taking a snapshot at:(t:6, i:0) file /home/runner/work/ozone/ozone/hadoop-ozone/integration-test/target/test-dir/MiniOzoneClusterImpl-14be88a4-8f05-46f6-bbfd-baa6b5a73b12/datanode-1/data/ratis/085293f5-43c5-40e2-a959-9736e7fba7a4/sm/snapshot.6_0
2023-02-03 08:25:22,014 [ForkJoinPool.commonPool-worker-1] INFO  server.GrpcServerProtocolClient (GrpcServerProtocolClient.java:close(101)) - b8b92bf3-e106-41ad-8aa8-22294baa69e2 Close channels
2023-02-03 08:25:22,015 [grpc-default-executor-7] WARN  server.GrpcServerProtocolService (LogUtils.java:warn(122)) - 1cc2e5d0-431d-47be-bed9-8151716dee8a: installSnapshot onError, lastRequest: null: org.apache.ratis.thirdparty.io.grpc.StatusRuntimeException: CANCELLED: client cancelled
2023-02-03 08:25:22,015 [grpc-default-executor-6] WARN  server.GrpcServerProtocolService (LogUtils.java:warn(122)) - 1cc2e5d0-431d-47be-bed9-8151716dee8a: installSnapshot onError, lastRequest: null: org.apache.ratis.thirdparty.io.grpc.StatusRuntimeException: CANCELLED: client cancelled
2023-02-03 08:25:22,015 [grpc-default-executor-5] WARN  server.GrpcServerProtocolService (LogUtils.java:warn(122)) - 1cc2e5d0-431d-47be-bed9-8151716dee8a: installSnapshot onError, lastRequest: null: org.apache.ratis.thirdparty.io.grpc.StatusRuntimeException: CANCELLED: client cancelled
2023-02-03 08:25:22,015 [grpc-default-executor-0] WARN  server.GrpcServerProtocolService (LogUtils.java:warn(122)) - 1cc2e5d0-431d-47be-bed9-8151716dee8a: installSnapshot onError, lastRequest: null: org.apache.ratis.thirdparty.io.grpc.StatusRuntimeException: CANCELLED: client cancelled
2023-02-03 08:25:22,017 [1cc2e5d0-431d-47be-bed9-8151716dee8a@group-9736E7FBA7A4-StateMachineUpdater] INFO  ratis.ContainerStateMachine (ContainerStateMachine.java:takeSnapshot(319)) - group-9736E7FBA7A4: Finished taking a snapshot at:(t:6, i:0) file:/home/runner/work/ozone/ozone/hadoop-ozone/integration-test/target/test-dir/MiniOzoneClusterImpl-14be88a4-8f05-46f6-bbfd-baa6b5a73b12/datanode-1/data/ratis/085293f5-43c5-40e2-a959-9736e7fba7a4/sm/snapshot.6_0 took: 5 ms
2023-02-03 08:25:22,018 [1cc2e5d0-431d-47be-bed9-8151716dee8a@group-9736E7FBA7A4-StateMachineUpdater] INFO  impl.StateMachineUpdater (StateMachineUpdater.java:takeSnapshot(287)) - 1cc2e5d0-431d-47be-bed9-8151716dee8a@group-9736E7FBA7A4-StateMachineUpdater: Took a snapshot at index 0
2023-02-03 08:25:22,018 [1cc2e5d0-431d-47be-bed9-8151716dee8a@group-9736E7FBA7A4-StateMachineUpdater] INFO  impl.StateMachineUpdater (StateMachineUpdater.java:lambda$new$0(92)) - 1cc2e5d0-431d-47be-bed9-8151716dee8a@group-9736E7FBA7A4-StateMachineUpdater: snapshotIndex: updateIncreasingly -1 -> 0
2023-02-03 08:25:22,019 [grpc-default-executor-5] WARN  server.GrpcServerProtocolService (LogUtils.java:warn(122)) - 1cc2e5d0-431d-47be-bed9-8151716dee8a: installSnapshot onError, lastRequest: null: org.apache.ratis.thirdparty.io.grpc.StatusRuntimeException: CANCELLED: client cancelled
2023-02-03 08:25:22,019 [grpc-default-executor-0] WARN  server.GrpcServerProtocolService (LogUtils.java:warn(122)) - 1cc2e5d0-431d-47be-bed9-8151716dee8a: installSnapshot onError, lastRequest: null: org.apache.ratis.thirdparty.io.grpc.StatusRuntimeException: CANCELLED: client cancelled
2023-02-03 08:25:22,019 [1cc2e5d0-431d-47be-bed9-8151716dee8a-impl-thread2] INFO  server.RaftServer$Division (ServerState.java:close(466)) - 1cc2e5d0-431d-47be-bed9-8151716dee8a@group-9736E7FBA7A4: closes. applyIndex: 0
2023-02-03 08:25:22,019 [1cc2e5d0-431d-47be-bed9-8151716dee8a@group-9736E7FBA7A4-SegmentedRaftLogWorker] INFO  segmented.SegmentedRaftLogWorker (SegmentedRaftLogWorker.java:run(347)) - 1cc2e5d0-431d-47be-bed9-8151716dee8a@group-9736E7FBA7A4-SegmentedRaftLogWorker was interrupted, exiting. There are 0 tasks remaining in the queue.
2023-02-03 08:25:22,019 [grpc-default-executor-0] WARN  server.GrpcServerProtocolService (LogUtils.java:warn(122)) - 1cc2e5d0-431d-47be-bed9-8151716dee8a: installSnapshot onError, lastRequest: cd164716-5aaa-460e-ae23-f59e5d162df8->1cc2e5d0-431d-47be-bed9-8151716dee8a#1-t6,previous=(t:0, i:0),leaderCommit=0,initializing? true,entries: size=1, first=(t:6, i:0), CONFIGURATIONENTRY(current:id: "a7d824a2-b650-48bf-a88a-dfb7e887d265"
address: "10.1.0.160:38953"
dataStreamAddress: "10.1.0.160:44209"
clientAddress: "10.1.0.160:38953"
adminAddress: "10.1.0.160:38953"
startupRole: FOLLOWER
,id: "1cc2e5d0-431d-47be-bed9-8151716dee8a"
address: "10.1.0.160:35673"
dataStreamAddress: "10.1.0.160:37151"
clientAddress: "10.1.0.160:35673"
adminAddress: "10.1.0.160:35673"
startupRole: FOLLOWER
,id: "cd164716-5aaa-460e-ae23-f59e5d162df8"
address: "10.1.0.160:37749"
priority: 1
dataStreamAddress: "10.1.0.160:36981"
clientAddress: "10.1.0.160:37749"
adminAddress: "10.1.0.160:37749"
startupRole: FOLLOWER
, old:): org.apache.ratis.thirdparty.io.grpc.StatusRuntimeException: CANCELLED: client cancelled
2023-02-03 08:25:22,019 [JvmPauseMonitor22] INFO  util.JvmPauseMonitor (JvmPauseMonitor.java:run(111)) - JvmPauseMonitor-fa8ac6cf-9eac-4eb3-9d13-3c75f4ab3c09: Stopped
2023-02-03 08:25:22,020 [grpc-default-executor-4] INFO  server.GrpcLogAppender (GrpcLogAppender.java:onError(404)) - cd164716-5aaa-460e-ae23-f59e5d162df8@group-EC0D0E445354->1cc2e5d0-431d-47be-bed9-8151716dee8a-GrpcLogAppender is already stopped
2023-02-03 08:25:22,020 [grpc-default-executor-6] INFO  server.GrpcLogAppender (GrpcLogAppender.java:onError(404)) - cd164716-5aaa-460e-ae23-f59e5d162df8@group-EC0D0E445354->1cc2e5d0-431d-47be-bed9-8151716dee8a-GrpcLogAppender is already stopped
2023-02-03 08:25:22,020 [grpc-default-executor-4] WARN  server.GrpcLogAppender (LogUtils.java:warn(122)) - cd164716-5aaa-460e-ae23-f59e5d162df8@group-9736E7FBA7A4->1cc2e5d0-431d-47be-bed9-8151716dee8a-AppendLogResponseHandler: Failed appendEntries: org.apache.ratis.thirdparty.io.grpc.StatusRuntimeException: CANCELLED: RST_STREAM closed stream. HTTP/2 error code: CANCEL
2023-02-03 08:25:22,020 [grpc-default-executor-2] WARN  server.GrpcLogAppender (LogUtils.java:warn(122)) - cd164716-5aaa-460e-ae23-f59e5d162df8@group-9736E7FBA7A4->1cc2e5d0-431d-47be-bed9-8151716dee8a-AppendLogResponseHandler: Failed appendEntries: org.apache.ratis.thirdparty.io.grpc.StatusRuntimeException: CANCELLED: RST_STREAM closed stream. HTTP/2 error code: CANCEL
2023-02-03 08:25:22,020 [grpc-default-executor-4] WARN  server.GrpcLogAppender (GrpcLogAppender.java:resetClient(131)) - cd164716-5aaa-460e-ae23-f59e5d162df8@group-9736E7FBA7A4->1cc2e5d0-431d-47be-bed9-8151716dee8a-GrpcLogAppender: Leader has not got in touch with Follower cd164716-5aaa-460e-ae23-f59e5d162df8@group-9736E7FBA7A4->1cc2e5d0-431d-47be-bed9-8151716dee8a(c0,m0,n1, attendVote=true, lastRpcSendTime=727, lastRpcResponseTime=712) yet, just keep nextIndex unchanged and retry.
2023-02-03 08:25:22,020 [grpc-default-executor-3] INFO  server.GrpcLogAppender (GrpcLogAppender.java:onError(404)) - cd164716-5aaa-460e-ae23-f59e5d162df8@group-EC0D0E445354->1cc2e5d0-431d-47be-bed9-8151716dee8a-GrpcLogAppender is already stopped
2023-02-03 08:25:22,020 [grpc-default-executor-2] WARN  server.GrpcLogAppender (GrpcLogAppender.java:resetClient(131)) - cd164716-5aaa-460e-ae23-f59e5d162df8@group-9736E7FBA7A4->1cc2e5d0-431d-47be-bed9-8151716dee8a-GrpcLogAppender: Leader has not got in touch with Follower cd164716-5aaa-460e-ae23-f59e5d162df8@group-9736E7FBA7A4->1cc2e5d0-431d-47be-bed9-8151716dee8a(c0,m0,n1, attendVote=true, lastRpcSendTime=728, lastRpcResponseTime=713) yet, just keep nextIndex unchanged and retry.
2023-02-03 08:25:22,021 [1cc2e5d0-431d-47be-bed9-8151716dee8a-impl-thread2] INFO  segmented.SegmentedRaftLogWorker (SegmentedRaftLogWorker.java:close(257)) - 1cc2e5d0-431d-47be-bed9-8151716dee8a@group-9736E7FBA7A4-SegmentedRaftLogWorker close()
2023-02-03 08:25:22,020 [grpc-default-executor-0] INFO  server.GrpcLogAppender (GrpcLogAppender.java:onError(404)) - cd164716-5aaa-460e-ae23-f59e5d162df8@group-EC0D0E445354->1cc2e5d0-431d-47be-bed9-8151716dee8a-GrpcLogAppender is already stopped
2023-02-03 08:25:22,020 [grpc-default-executor-5] INFO  server.GrpcLogAppender (GrpcLogAppender.java:onError(404)) - cd164716-5aaa-460e-ae23-f59e5d162df8@group-EC0D0E445354->1cc2e5d0-431d-47be-bed9-8151716dee8a-GrpcLogAppender is already stopped
2023-02-03 08:25:22,026 [1cc2e5d0-431d-47be-bed9-8151716dee8a-impl-thread3] INFO  server.RaftServer$Division (RaftServerImpl.java:lambda$close$4(458)) - 1cc2e5d0-431d-47be-bed9-8151716dee8a@group-6AFB2318C422: shutdown
2023-02-03 08:25:22,040 [1cc2e5d0-431d-47be-bed9-8151716dee8a-impl-thread3] INFO  util.JmxRegister (JmxRegister.java:unregister(73)) - Successfully un-registered JMX Bean with object name Ratis:service=RaftServer,group=group-6AFB2318C422,id=1cc2e5d0-431d-47be-bed9-8151716dee8a
2023-02-03 08:25:22,040 [1cc2e5d0-431d-47be-bed9-8151716dee8a-impl-thread3] INFO  impl.RoleInfo (RoleInfo.java:shutdownLeaderState(93)) - 1cc2e5d0-431d-47be-bed9-8151716dee8a: shutdown 1cc2e5d0-431d-47be-bed9-8151716dee8a@group-6AFB2318C422-LeaderStateImpl
2023-02-03 08:25:22,040 [1cc2e5d0-431d-47be-bed9-8151716dee8a-impl-thread3] INFO  impl.PendingRequests (PendingRequests.java:sendNotLeaderResponses(282)) - 1cc2e5d0-431d-47be-bed9-8151716dee8a@group-6AFB2318C422-PendingRequests: sendNotLeaderResponses
2023-02-03 08:25:22,045 [ForkJoinPool.commonPool-worker-1] INFO  server.GrpcServerProtocolClient (GrpcServerProtocolClient.java:close(101)) - cd164716-5aaa-460e-ae23-f59e5d162df8 Close channels
2023-02-03 08:25:22,046 [ForkJoinPool.commonPool-worker-1] INFO  server.GrpcService (GrpcService.java:closeImpl(280)) - 1cc2e5d0-431d-47be-bed9-8151716dee8a: shutdown server GrpcServerProtocolService successfully
2023-02-03 08:25:22,046 [1cc2e5d0-431d-47be-bed9-8151716dee8a-NettyServerStreamRpc-bossGroup--thread1] INFO  logging.LoggingHandler (AbstractInternalLogger.java:log(148)) - [id: 0x6e19f328, L:/0:0:0:0:0:0:0:0:37151] CLOSE
2023-02-03 08:25:22,047 [1cc2e5d0-431d-47be-bed9-8151716dee8a-NettyServerStreamRpc-bossGroup--thread1] INFO  logging.LoggingHandler (AbstractInternalLogger.java:log(148)) - [id: 0x6e19f328, L:/0:0:0:0:0:0:0:0:37151] INACTIVE
2023-02-03 08:25:22,047 [1cc2e5d0-431d-47be-bed9-8151716dee8a-NettyServerStreamRpc-bossGroup--thread1] INFO  logging.LoggingHandler (AbstractInternalLogger.java:log(148)) - [id: 0x6e19f328, L:/0:0:0:0:0:0:0:0:37151] UNREGISTERED
2023-02-03 08:25:22,050 [1cc2e5d0-431d-47be-bed9-8151716dee8a-impl-thread3] INFO  impl.StateMachineUpdater (StateMachineUpdater.java:stopAndJoin(153)) - 1cc2e5d0-431d-47be-bed9-8151716dee8a@group-6AFB2318C422-StateMachineUpdater: set stopIndex = 0
2023-02-03 08:25:22,050 [1cc2e5d0-431d-47be-bed9-8151716dee8a@group-6AFB2318C422-StateMachineUpdater] INFO  ratis.ContainerStateMachine (ContainerStateMachine.java:takeSnapshot(308)) - group-6AFB2318C422: Taking a snapshot at:(t:1, i:0) file /home/runner/work/ozone/ozone/hadoop-ozone/integration-test/target/test-dir/MiniOzoneClusterImpl-14be88a4-8f05-46f6-bbfd-baa6b5a73b12/datanode-1/data/ratis/039dd6a3-31d3-415e-96b3-6afb2318c422/sm/snapshot.1_0
2023-02-03 08:25:22,059 [1cc2e5d0-431d-47be-bed9-8151716dee8a@group-6AFB2318C422-StateMachineUpdater] INFO  ratis.ContainerStateMachine (ContainerStateMachine.java:takeSnapshot(319)) - group-6AFB2318C422: Finished taking a snapshot at:(t:1, i:0) file:/home/runner/work/ozone/ozone/hadoop-ozone/integration-test/target/test-dir/MiniOzoneClusterImpl-14be88a4-8f05-46f6-bbfd-baa6b5a73b12/datanode-1/data/ratis/039dd6a3-31d3-415e-96b3-6afb2318c422/sm/snapshot.1_0 took: 9 ms
2023-02-03 08:25:22,059 [1cc2e5d0-431d-47be-bed9-8151716dee8a@group-6AFB2318C422-StateMachineUpdater] INFO  impl.StateMachineUpdater (StateMachineUpdater.java:takeSnapshot(287)) - 1cc2e5d0-431d-47be-bed9-8151716dee8a@group-6AFB2318C422-StateMachineUpdater: Took a snapshot at index 0
2023-02-03 08:25:22,059 [1cc2e5d0-431d-47be-bed9-8151716dee8a@group-6AFB2318C422-StateMachineUpdater] INFO  impl.StateMachineUpdater (StateMachineUpdater.java:lambda$new$0(92)) - 1cc2e5d0-431d-47be-bed9-8151716dee8a@group-6AFB2318C422-StateMachineUpdater: snapshotIndex: updateIncreasingly -1 -> 0
2023-02-03 08:25:22,060 [1cc2e5d0-431d-47be-bed9-8151716dee8a-impl-thread3] INFO  server.RaftServer$Division (ServerState.java:close(466)) - 1cc2e5d0-431d-47be-bed9-8151716dee8a@group-6AFB2318C422: closes. applyIndex: 0
2023-02-03 08:25:22,064 [1cc2e5d0-431d-47be-bed9-8151716dee8a@group-6AFB2318C422-SegmentedRaftLogWorker] INFO  segmented.SegmentedRaftLogWorker (SegmentedRaftLogWorker.java:run(347)) - 1cc2e5d0-431d-47be-bed9-8151716dee8a@group-6AFB2318C422-SegmentedRaftLogWorker was interrupted, exiting. There are 0 tasks remaining in the queue.
2023-02-03 08:25:22,064 [1cc2e5d0-431d-47be-bed9-8151716dee8a-impl-thread3] INFO  segmented.SegmentedRaftLogWorker (SegmentedRaftLogWorker.java:close(257)) - 1cc2e5d0-431d-47be-bed9-8151716dee8a@group-6AFB2318C422-SegmentedRaftLogWorker close()
2023-02-03 08:25:22,065 [JvmPauseMonitor19] INFO  util.JvmPauseMonitor (JvmPauseMonitor.java:run(111)) - JvmPauseMonitor-1cc2e5d0-431d-47be-bed9-8151716dee8a: Stopped
2023-02-03 08:25:22,241 [Listener at 127.0.0.1/38583] INFO  reflections.Reflections (Reflections.java:scan(232)) - Reflections took 187 ms to scan 7 urls, producing 150 keys and 361 values 
2023-02-03 08:25:22,243 [Listener at 127.0.0.1/38583] INFO  ha.SequenceIdGenerator (SequenceIdGenerator.java:upgradeToSequenceId(349)) - upgrade localId to 111677748019200000
2023-02-03 08:25:22,243 [Listener at 127.0.0.1/38583] INFO  ha.SequenceIdGenerator (SequenceIdGenerator.java:upgradeToSequenceId(359)) - upgrade delTxnId to 0
2023-02-03 08:25:22,243 [Listener at 127.0.0.1/38583] INFO  ha.SequenceIdGenerator (SequenceIdGenerator.java:upgradeToSequenceId(376)) - upgrade containerId to 0
2023-02-03 08:25:22,243 [Listener at 127.0.0.1/38583] INFO  ha.SequenceIdGenerator (SequenceIdGenerator.java:<init>(220)) - Init the HA SequenceIdGenerator.
2023-02-03 08:25:22,248 [Listener at 127.0.0.1/38583] INFO  node.SCMNodeManager (SCMNodeManager.java:<init>(149)) - Entering startup safe mode.
2023-02-03 08:25:22,248 [Listener at 127.0.0.1/38583] INFO  algorithms.ContainerPlacementPolicyFactory (ContainerPlacementPolicyFactory.java:getPolicyInternal(86)) - Create container placement policy of type org.apache.hadoop.hdds.scm.container.placement.algorithms.SCMContainerPlacementRandom
2023-02-03 08:25:22,248 [Listener at 127.0.0.1/38583] INFO  algorithms.ContainerPlacementPolicyFactory (ContainerPlacementPolicyFactory.java:getPolicyInternal(86)) - Create container placement policy of type org.apache.hadoop.hdds.scm.container.placement.algorithms.SCMContainerPlacementRackScatter
2023-02-03 08:25:22,248 [Listener at 127.0.0.1/38583] INFO  pipeline.PipelineStateManagerImpl (PipelineStateManagerImpl.java:initialize(78)) - No pipeline exists in current db
2023-02-03 08:25:22,249 [Listener at 127.0.0.1/38583] INFO  algorithms.LeaderChoosePolicyFactory (LeaderChoosePolicyFactory.java:getPolicy(57)) - Create leader choose policy of type org.apache.hadoop.hdds.scm.pipeline.leader.choose.algorithms.MinLeaderCountChoosePolicy
2023-02-03 08:25:22,249 [Listener at 127.0.0.1/38583] INFO  algorithms.ContainerPlacementPolicyFactory (ContainerPlacementPolicyFactory.java:getPolicyInternal(86)) - Create container placement policy of type org.apache.hadoop.hdds.scm.container.placement.algorithms.SCMContainerPlacementRackScatter
2023-02-03 08:25:22,249 [Listener at 127.0.0.1/38583] INFO  ha.SCMServiceManager (SCMServiceManager.java:register(42)) - Registering service BackgroundPipelineCreator.
2023-02-03 08:25:22,249 [Listener at 127.0.0.1/38583] INFO  pipeline.BackgroundPipelineCreator (BackgroundPipelineCreator.java:start(124)) - Starting RatisPipelineUtilsThread.
2023-02-03 08:25:22,250 [Listener at 127.0.0.1/38583] INFO  BackgroundPipelineScrubber (BackgroundSCMService.java:start(68)) - Starting BackgroundPipelineScrubber Service.
2023-02-03 08:25:22,256 [Listener at 127.0.0.1/38583] INFO  ha.SCMServiceManager (SCMServiceManager.java:register(42)) - Registering service BackgroundPipelineScrubber.
2023-02-03 08:25:22,257 [Listener at 127.0.0.1/38583] INFO  ExpiredContainerReplicaOpScrubber (BackgroundSCMService.java:start(68)) - Starting ExpiredContainerReplicaOpScrubber Service.
2023-02-03 08:25:22,260 [Listener at 127.0.0.1/38583] INFO  ha.SCMServiceManager (SCMServiceManager.java:register(42)) - Registering service ExpiredContainerReplicaOpScrubber.
2023-02-03 08:25:22,261 [Listener at 127.0.0.1/38583] INFO  algorithms.PipelineChoosePolicyFactory (PipelineChoosePolicyFactory.java:createPipelineChoosePolicyFromClass(73)) - Create pipeline choose policy of type org.apache.hadoop.hdds.scm.pipeline.choose.algorithms.RandomPipelineChoosePolicy
2023-02-03 08:25:22,261 [Listener at 127.0.0.1/38583] INFO  ha.SCMServiceManager (SCMServiceManager.java:register(42)) - Registering service SCMBlockDeletingService.
2023-02-03 08:25:22,261 [Listener at 127.0.0.1/38583] INFO  replication.ReplicationManager (ReplicationManager.java:start(263)) - Starting Replication Monitor Thread.
2023-02-03 08:25:22,272 [Listener at 127.0.0.1/38583] INFO  ha.SCMServiceManager (SCMServiceManager.java:register(42)) - Registering service ReplicationManager.
2023-02-03 08:25:22,273 [Listener at 127.0.0.1/38583] INFO  safemode.ContainerSafeModeRule (ContainerSafeModeRule.java:<init>(89)) - containers with one replica threshold count 0
2023-02-03 08:25:22,273 [Listener at 127.0.0.1/38583] INFO  safemode.HealthyPipelineSafeModeRule (HealthyPipelineSafeModeRule.java:initializeRule(169)) - Total pipeline count is 0, healthy pipeline threshold count is 1
2023-02-03 08:25:22,273 [Listener at 127.0.0.1/38583] INFO  safemode.OneReplicaPipelineSafeModeRule (OneReplicaPipelineSafeModeRule.java:initializeRule(180)) - Total pipeline count is 0, pipeline's with at least one datanode reported threshold count is 0
2023-02-03 08:25:22,277 [Listener at 127.0.0.1/38583] INFO  ipc.CallQueueManager (CallQueueManager.java:<init>(90)) - Using callQueue: class java.util.concurrent.LinkedBlockingQueue, queueCapacity: 2000, scheduler: class org.apache.hadoop.ipc.DefaultRpcScheduler, ipcBackoff: false.
2023-02-03 08:25:22,280 [Socket Reader #1 for port 0] INFO  ipc.Server (Server.java:run(1273)) - Starting Socket Reader #1 for port 0
2023-02-03 08:25:22,283 [Listener at 0.0.0.0/44671] INFO  ipc.CallQueueManager (CallQueueManager.java:<init>(90)) - Using callQueue: class java.util.concurrent.LinkedBlockingQueue, queueCapacity: 2000, scheduler: class org.apache.hadoop.ipc.DefaultRpcScheduler, ipcBackoff: false.
2023-02-03 08:25:22,286 [Socket Reader #1 for port 0] INFO  ipc.Server (Server.java:run(1273)) - Starting Socket Reader #1 for port 0
2023-02-03 08:25:22,290 [Listener at 0.0.0.0/44217] INFO  ipc.CallQueueManager (CallQueueManager.java:<init>(90)) - Using callQueue: class java.util.concurrent.LinkedBlockingQueue, queueCapacity: 2000, scheduler: class org.apache.hadoop.ipc.DefaultRpcScheduler, ipcBackoff: false.
2023-02-03 08:25:22,292 [Socket Reader #1 for port 0] INFO  ipc.Server (Server.java:run(1273)) - Starting Socket Reader #1 for port 0
2023-02-03 08:25:22,320 [Listener at 0.0.0.0/34767] INFO  ha.SCMServiceManager (SCMServiceManager.java:register(42)) - Registering service ContainerBalancer.
2023-02-03 08:25:22,320 [Listener at 0.0.0.0/34767] INFO  server.StorageContainerManager (StorageContainerManager.java:<init>(401)) - 
Container Balancer status:
Key                            Value
Running                        true
Container Balancer Configuration values:
Key                                                Value
Threshold                                          10
Max Datanodes to Involve per Iteration(percent)    20
Max Size to Move per Iteration                     500GB
Max Size Entering Target per Iteration             26GB
Max Size Leaving Source per Iteration              26GB

2023-02-03 08:25:22,320 [Listener at 0.0.0.0/34767] INFO  ha.SCMContext (SCMContext.java:updateSafeModeStatus(228)) - Update SafeModeStatus from SafeModeStatus{safeModeStatus=true, preCheckPassed=false} to SafeModeStatus{safeModeStatus=true, preCheckPassed=false}.
2023-02-03 08:25:22,320 [Listener at 0.0.0.0/34767] INFO  server.StorageContainerManager (StorageContainerManager.java:start(1440)) - StorageContainerLocationProtocol RPC server is listening at /0.0.0.0:34767
2023-02-03 08:25:22,321 [Listener at 0.0.0.0/34767] WARN  impl.MetricsConfig (MetricsConfig.java:loadFirst(136)) - Cannot locate configuration: tried hadoop-metrics2-storagecontainermanager.properties,hadoop-metrics2.properties
2023-02-03 08:25:22,324 [Listener at 0.0.0.0/34767] INFO  impl.MetricsSystemImpl (MetricsSystemImpl.java:startTimer(378)) - Scheduled Metric snapshot period at 10 second(s).
2023-02-03 08:25:22,324 [Listener at 0.0.0.0/34767] INFO  impl.MetricsSystemImpl (MetricsSystemImpl.java:start(191)) - StorageContainerManager metrics system started
2023-02-03 08:25:22,334 [ReplicationMonitor] INFO  replication.ReplicationManager (ReplicationManager.java:processAll(334)) - Replication Manager is not ready to run until 3000ms after safemode exit
2023-02-03 08:25:22,364 [ContainerReplicationThread-0] INFO  replication.DownloadAndImportReplicator (DownloadAndImportReplicator.java:replicate(71)) - Starting replication of container 2 from [1cc2e5d0-431d-47be-bed9-8151716dee8a(fv-az243-539.eyhnzsvkqwvufobmc3lzdbadce.jx.internal.cloudapp.net/10.1.0.160), cd164716-5aaa-460e-ae23-f59e5d162df8(fv-az243-539.eyhnzsvkqwvufobmc3lzdbadce.jx.internal.cloudapp.net/10.1.0.160)]
2023-02-03 08:25:22,367 [grpc-default-executor-0] ERROR replication.GrpcReplicationClient (GrpcReplicationClient.java:onError(185)) - Download of container 2 was unsuccessful
org.apache.ratis.thirdparty.io.grpc.StatusRuntimeException: UNAVAILABLE: io exception
	at org.apache.ratis.thirdparty.io.grpc.Status.asRuntimeException(Status.java:535)
	at org.apache.ratis.thirdparty.io.grpc.stub.ClientCalls$StreamObserverToCallListenerAdapter.onClose(ClientCalls.java:487)
	at org.apache.ratis.thirdparty.io.grpc.internal.ClientCallImpl.closeObserver(ClientCallImpl.java:562)
	at org.apache.ratis.thirdparty.io.grpc.internal.ClientCallImpl.access$300(ClientCallImpl.java:70)
	at org.apache.ratis.thirdparty.io.grpc.internal.ClientCallImpl$ClientStreamListenerImpl$1StreamClosed.runInternal(ClientCallImpl.java:743)
	at org.apache.ratis.thirdparty.io.grpc.internal.ClientCallImpl$ClientStreamListenerImpl$1StreamClosed.runInContext(ClientCallImpl.java:722)
	at org.apache.ratis.thirdparty.io.grpc.internal.ContextRunnable.run(ContextRunnable.java:37)
	at org.apache.ratis.thirdparty.io.grpc.internal.SerializingExecutor.run(SerializingExecutor.java:133)
	at java.util.concurrent.ThreadPoolExecutor.runWorker(ThreadPoolExecutor.java:1149)
	at java.util.concurrent.ThreadPoolExecutor$Worker.run(ThreadPoolExecutor.java:624)
	at java.lang.Thread.run(Thread.java:750)
Caused by: org.apache.ratis.thirdparty.io.netty.channel.AbstractChannel$AnnotatedConnectException: finishConnect(..) failed: Connection refused: /10.1.0.160:37665
Caused by: java.net.ConnectException: finishConnect(..) failed: Connection refused
	at org.apache.ratis.thirdparty.io.netty.channel.unix.Errors.newConnectException0(Errors.java:155)
	at org.apache.ratis.thirdparty.io.netty.channel.unix.Errors.handleConnectErrno(Errors.java:128)
	at org.apache.ratis.thirdparty.io.netty.channel.unix.Socket.finishConnect(Socket.java:321)
	at org.apache.ratis.thirdparty.io.netty.channel.epoll.AbstractEpollChannel$AbstractEpollUnsafe.doFinishConnect(AbstractEpollChannel.java:710)
	at org.apache.ratis.thirdparty.io.netty.channel.epoll.AbstractEpollChannel$AbstractEpollUnsafe.finishConnect(AbstractEpollChannel.java:687)
	at org.apache.ratis.thirdparty.io.netty.channel.epoll.AbstractEpollChannel$AbstractEpollUnsafe.epollOutReady(AbstractEpollChannel.java:567)
	at org.apache.ratis.thirdparty.io.netty.channel.epoll.EpollEventLoop.processReady(EpollEventLoop.java:477)
	at org.apache.ratis.thirdparty.io.netty.channel.epoll.EpollEventLoop.run(EpollEventLoop.java:385)
	at org.apache.ratis.thirdparty.io.netty.util.concurrent.SingleThreadEventExecutor$4.run(SingleThreadEventExecutor.java:995)
	at org.apache.ratis.thirdparty.io.netty.util.internal.ThreadExecutorMap$2.run(ThreadExecutorMap.java:74)
	at org.apache.ratis.thirdparty.io.netty.util.concurrent.FastThreadLocalRunnable.run(FastThreadLocalRunnable.java:30)
	at java.lang.Thread.run(Thread.java:750)
2023-02-03 08:25:22,383 [ContainerReplicationThread-0] ERROR replication.SimpleContainerDownloader (SimpleContainerDownloader.java:getContainerDataFromReplicas(80)) - Error on replicating container: 2 from fv-az243-539.eyhnzsvkqwvufobmc3lzdbadce.jx.internal.cloudapp.net/10.1.0.160
java.util.concurrent.ExecutionException: org.apache.ratis.thirdparty.io.grpc.StatusRuntimeException: UNAVAILABLE: io exception
	at java.util.concurrent.CompletableFuture.reportGet(CompletableFuture.java:357)
	at java.util.concurrent.CompletableFuture.get(CompletableFuture.java:1908)
	at org.apache.hadoop.ozone.container.replication.SimpleContainerDownloader.getContainerDataFromReplicas(SimpleContainerDownloader.java:78)
	at org.apache.hadoop.ozone.container.replication.DownloadAndImportReplicator.replicate(DownloadAndImportReplicator.java:79)
	at org.apache.hadoop.ozone.container.replication.MeasuredReplicator.replicate(MeasuredReplicator.java:83)
	at org.apache.hadoop.ozone.container.replication.ReplicationTask.runTask(ReplicationTask.java:112)
	at org.apache.hadoop.ozone.container.replication.ReplicationSupervisor$TaskRunner.run(ReplicationSupervisor.java:212)
	at java.util.concurrent.ThreadPoolExecutor.runWorker(ThreadPoolExecutor.java:1149)
	at java.util.concurrent.ThreadPoolExecutor$Worker.run(ThreadPoolExecutor.java:624)
	at java.lang.Thread.run(Thread.java:750)
Caused by: org.apache.ratis.thirdparty.io.grpc.StatusRuntimeException: UNAVAILABLE: io exception
	at org.apache.ratis.thirdparty.io.grpc.Status.asRuntimeException(Status.java:535)
	at org.apache.ratis.thirdparty.io.grpc.stub.ClientCalls$StreamObserverToCallListenerAdapter.onClose(ClientCalls.java:487)
	at org.apache.ratis.thirdparty.io.grpc.internal.ClientCallImpl.closeObserver(ClientCallImpl.java:562)
	at org.apache.ratis.thirdparty.io.grpc.internal.ClientCallImpl.access$300(ClientCallImpl.java:70)
	at org.apache.ratis.thirdparty.io.grpc.internal.ClientCallImpl$ClientStreamListenerImpl$1StreamClosed.runInternal(ClientCallImpl.java:743)
	at org.apache.ratis.thirdparty.io.grpc.internal.ClientCallImpl$ClientStreamListenerImpl$1StreamClosed.runInContext(ClientCallImpl.java:722)
	at org.apache.ratis.thirdparty.io.grpc.internal.ContextRunnable.run(ContextRunnable.java:37)
	at org.apache.ratis.thirdparty.io.grpc.internal.SerializingExecutor.run(SerializingExecutor.java:133)
	... 3 more
Caused by: org.apache.ratis.thirdparty.io.netty.channel.AbstractChannel$AnnotatedConnectException: finishConnect(..) failed: Connection refused: /10.1.0.160:37665
Caused by: java.net.ConnectException: finishConnect(..) failed: Connection refused
	at org.apache.ratis.thirdparty.io.netty.channel.unix.Errors.newConnectException0(Errors.java:155)
	at org.apache.ratis.thirdparty.io.netty.channel.unix.Errors.handleConnectErrno(Errors.java:128)
	at org.apache.ratis.thirdparty.io.netty.channel.unix.Socket.finishConnect(Socket.java:321)
	at org.apache.ratis.thirdparty.io.netty.channel.epoll.AbstractEpollChannel$AbstractEpollUnsafe.doFinishConnect(AbstractEpollChannel.java:710)
	at org.apache.ratis.thirdparty.io.netty.channel.epoll.AbstractEpollChannel$AbstractEpollUnsafe.finishConnect(AbstractEpollChannel.java:687)
	at org.apache.ratis.thirdparty.io.netty.channel.epoll.AbstractEpollChannel$AbstractEpollUnsafe.epollOutReady(AbstractEpollChannel.java:567)
	at org.apache.ratis.thirdparty.io.netty.channel.epoll.EpollEventLoop.processReady(EpollEventLoop.java:477)
	at org.apache.ratis.thirdparty.io.netty.channel.epoll.EpollEventLoop.run(EpollEventLoop.java:385)
	at org.apache.ratis.thirdparty.io.netty.util.concurrent.SingleThreadEventExecutor$4.run(SingleThreadEventExecutor.java:995)
	at org.apache.ratis.thirdparty.io.netty.util.internal.ThreadExecutorMap$2.run(ThreadExecutorMap.java:74)
	at org.apache.ratis.thirdparty.io.netty.util.concurrent.FastThreadLocalRunnable.run(FastThreadLocalRunnable.java:30)
	at java.lang.Thread.run(Thread.java:750)
2023-02-03 08:25:22,387 [grpc-default-executor-8] INFO  replication.GrpcReplicationService (GrpcReplicationService.java:download(61)) - Streaming container data (2) to other datanode with compression NO_COMPRESSION
2023-02-03 08:25:22,389 [Listener at 0.0.0.0/34767] INFO  impl.MetricsSinkAdapter (MetricsSinkAdapter.java:start(204)) - Sink prometheus started
2023-02-03 08:25:22,389 [Listener at 0.0.0.0/34767] INFO  impl.MetricsSystemImpl (MetricsSystemImpl.java:registerSink(305)) - Registered sink prometheus
2023-02-03 08:25:22,391 [grpc-default-executor-8] INFO  replication.GrpcOutputStream (GrpcOutputStream.java:close(102)) - Sent 10752 bytes for container 2
2023-02-03 08:25:22,393 [grpc-default-executor-0] INFO  replication.GrpcReplicationClient (GrpcReplicationClient.java:onCompleted(202)) - Container 2 is downloaded to /home/runner/work/ozone/ozone/hadoop-ozone/integration-test/target/test-dir/MiniOzoneClusterImpl-14be88a4-8f05-46f6-bbfd-baa6b5a73b12/datanode-5/data-0/containers/tmp/container-copy/container-2.tar
2023-02-03 08:25:22,402 [ContainerReplicationThread-0] INFO  replication.DownloadAndImportReplicator (DownloadAndImportReplicator.java:replicate(86)) - Container 2 is downloaded with size 10752, starting to import.
2023-02-03 08:25:22,520 [Listener at 0.0.0.0/34767] INFO  server.SCMClientProtocolServer (SCMClientProtocolServer.java:start(170)) - RPC server for Client  is listening at /0.0.0.0:34767
2023-02-03 08:25:22,536 [IPC Server Responder] INFO  ipc.Server (Server.java:run(1512)) - IPC Server Responder: starting
2023-02-03 08:25:22,536 [IPC Server listener on 0] INFO  ipc.Server (Server.java:run(1352)) - IPC Server listener on 0: starting
2023-02-03 08:25:22,554 [Over Replicated Processor] INFO  replication.UnhealthyReplicationProcessor (UnhealthyReplicationProcessor.java:processAll(105)) - Processed 0 containers with health state counts {},failed processing 0
2023-02-03 08:25:22,558 [ReplicationMonitor] INFO  replication.ReplicationManager (ReplicationManager.java:processAll(367)) - Replication Monitor Thread took 1 milliseconds for processing 2 containers.
2023-02-03 08:25:22,575 [Listener at 0.0.0.0/34767] INFO  server.StorageContainerManager (StorageContainerManager.java:start(1454)) - ScmBlockLocationProtocol RPC server is listening at /0.0.0.0:44217
2023-02-03 08:25:22,575 [Listener at 0.0.0.0/34767] INFO  server.SCMBlockProtocolServer (SCMBlockProtocolServer.java:start(152)) - RPC server for Block Protocol is listening at /0.0.0.0:44217
2023-02-03 08:25:22,575 [IPC Server Responder] INFO  ipc.Server (Server.java:run(1512)) - IPC Server Responder: starting
2023-02-03 08:25:22,576 [IPC Server listener on 0] INFO  ipc.Server (Server.java:run(1352)) - IPC Server listener on 0: starting
2023-02-03 08:25:22,577 [Listener at 0.0.0.0/34767] INFO  server.SCMDatanodeProtocolServer (SCMDatanodeProtocolServer.java:start(194)) - ScmDatanodeProtocol RPC server for DataNodes is listening at /0.0.0.0:44671
2023-02-03 08:25:22,587 [IPC Server Responder] INFO  ipc.Server (Server.java:run(1512)) - IPC Server Responder: starting
2023-02-03 08:25:22,588 [IPC Server listener on 0] INFO  ipc.Server (Server.java:run(1352)) - IPC Server listener on 0: starting
2023-02-03 08:25:22,591 [Listener at 0.0.0.0/34767] INFO  http.BaseHttpServer (BaseHttpServer.java:newHttpServer2BuilderForOzone(213)) - Starting Web-server for scm at: http://0.0.0.0:0
2023-02-03 08:25:22,591 [Listener at 0.0.0.0/34767] INFO  http.BaseHttpServer (BaseHttpServer.java:<init>(108)) - Hadoop Security Enabled: false Ozone Security Enabled: false Ozone HTTP Security Enabled: false 
2023-02-03 08:25:22,591 [Listener at 0.0.0.0/34767] WARN  server.AuthenticationFilter (AuthenticationFilter.java:constructSecretProvider(240)) - Unable to initialize FileSignerSecretProvider, falling back to use random secrets. Reason: Could not read signature secret file: /home/runner/hadoop-http-auth-signature-secret
2023-02-03 08:25:22,593 [org.apache.hadoop.util.JvmPauseMonitor$Monitor@66f2212] INFO  util.JvmPauseMonitor (JvmPauseMonitor.java:run(188)) - Starting JVM pause monitor
2023-02-03 08:25:22,595 [Listener at 0.0.0.0/34767] WARN  http.HttpRequestLog (HttpRequestLog.java:getRequestLog(103)) - Jetty request log can only be enabled using Log4j
2023-02-03 08:25:22,596 [Listener at 0.0.0.0/34767] INFO  http.HttpServer2 (HttpServer2.java:addGlobalFilter(1031)) - Added global filter 'safety' (class=org.apache.hadoop.hdds.server.http.HttpServer2$QuotingInputFilter)
2023-02-03 08:25:22,596 [Listener at 0.0.0.0/34767] INFO  http.HttpServer2 (HttpServer2.java:addFilter(1007)) - Added filter static_user_filter (class=org.apache.hadoop.http.lib.StaticUserWebFilter$StaticUserFilter) to context scm
2023-02-03 08:25:22,596 [Listener at 0.0.0.0/34767] INFO  http.HttpServer2 (HttpServer2.java:addFilter(1015)) - Added filter static_user_filter (class=org.apache.hadoop.http.lib.StaticUserWebFilter$StaticUserFilter) to context static
2023-02-03 08:25:22,596 [Listener at 0.0.0.0/34767] INFO  http.HttpServer2 (HttpServer2.java:addFilter(1015)) - Added filter static_user_filter (class=org.apache.hadoop.http.lib.StaticUserWebFilter$StaticUserFilter) to context logs
2023-02-03 08:25:22,612 [Under Replicated Processor] INFO  replication.UnhealthyReplicationProcessor (UnhealthyReplicationProcessor.java:processAll(105)) - Processed 0 containers with health state counts {},failed processing 0
2023-02-03 08:25:22,623 [Listener at 0.0.0.0/34767] INFO  http.HttpServer2 (HttpServer2.java:bindListener(1250)) - Jetty bound to port 38667
2023-02-03 08:25:22,624 [Listener at 0.0.0.0/34767] INFO  server.Server (Server.java:doStart(375)) - jetty-9.4.49.v20220914; built: 2022-09-14T01:07:36.601Z; git: 4231a3b2e4cb8548a412a789936d640a97b1aa0a; jvm 1.8.0_362-b09
2023-02-03 08:25:22,641 [Listener at 0.0.0.0/34767] INFO  server.session (DefaultSessionIdManager.java:doStart(334)) - DefaultSessionIdManager workerName=node0
2023-02-03 08:25:22,641 [Listener at 0.0.0.0/34767] INFO  server.session (DefaultSessionIdManager.java:doStart(339)) - No SessionScavenger set, using defaults
2023-02-03 08:25:22,641 [Listener at 0.0.0.0/34767] INFO  server.session (HouseKeeper.java:startScavenging(132)) - node0 Scavenging every 600000ms
2023-02-03 08:25:22,642 [Listener at 0.0.0.0/34767] INFO  handler.ContextHandler (ContextHandler.java:doStart(921)) - Started o.e.j.s.ServletContextHandler@1973bd1a{logs,/logs,file:///home/runner/work/ozone/ozone/hadoop-ozone/integration-test/target/log,AVAILABLE}
2023-02-03 08:25:22,642 [Listener at 0.0.0.0/34767] INFO  handler.ContextHandler (ContextHandler.java:doStart(921)) - Started o.e.j.s.ServletContextHandler@34b9042c{static,/static,file:///home/runner/work/ozone/ozone/hadoop-ozone/integration-test/target/test-classes/webapps/static,AVAILABLE}
2023-02-03 08:25:22,650 [Listener at 0.0.0.0/34767] INFO  handler.ContextHandler (ContextHandler.java:doStart(921)) - Started o.e.j.w.WebAppContext@2bab5ce5{scm,/,file:///home/runner/work/ozone/ozone/hadoop-ozone/integration-test/target/test-classes/webapps/scm/,AVAILABLE}{file:/home/runner/work/ozone/ozone/hadoop-ozone/integration-test/target/test-classes/webapps/scm}
2023-02-03 08:25:22,656 [Under Replicated Processor] INFO  replication.UnhealthyReplicationProcessor (UnhealthyReplicationProcessor.java:processAll(105)) - Processed 0 containers with health state counts {},failed processing 0
2023-02-03 08:25:22,658 [ContainerReplicationThread-0] INFO  replication.DownloadAndImportReplicator (DownloadAndImportReplicator.java:replicate(93)) - Container 2 is replicated successfully
2023-02-03 08:25:22,667 [ContainerReplicationThread-0] INFO  replication.ReplicationSupervisor (ReplicationSupervisor.java:run(217)) - Successful ReplicationTask{status=DONE, cmd={replicateContainerCommand: containerId: 2, replicaIndex: 0, sourceNodes: [1cc2e5d0-431d-47be-bed9-8151716dee8a(fv-az243-539.eyhnzsvkqwvufobmc3lzdbadce.jx.internal.cloudapp.net/10.1.0.160), cd164716-5aaa-460e-ae23-f59e5d162df8(fv-az243-539.eyhnzsvkqwvufobmc3lzdbadce.jx.internal.cloudapp.net/10.1.0.160)], priority: NORMAL}, queued=2023-02-03T08:25:22.350Z}
2023-02-03 08:25:22,668 [Under Replicated Processor] INFO  replication.UnhealthyReplicationProcessor (UnhealthyReplicationProcessor.java:processAll(105)) - Processed 0 containers with health state counts {},failed processing 0
2023-02-03 08:25:22,672 [Over Replicated Processor] INFO  replication.UnhealthyReplicationProcessor (UnhealthyReplicationProcessor.java:processAll(105)) - Processed 0 containers with health state counts {},failed processing 0
2023-02-03 08:25:22,672 [Over Replicated Processor] INFO  replication.UnhealthyReplicationProcessor (UnhealthyReplicationProcessor.java:processAll(105)) - Processed 0 containers with health state counts {},failed processing 0
2023-02-03 08:25:22,672 [Listener at 0.0.0.0/34767] INFO  server.AbstractConnector (AbstractConnector.java:doStart(333)) - Started ServerConnector@30a20db7{HTTP/1.1, (http/1.1)}{0.0.0.0:38667}
2023-02-03 08:25:22,672 [Listener at 0.0.0.0/34767] INFO  server.Server (Server.java:doStart(415)) - Started @145963ms
2023-02-03 08:25:22,672 [Listener at 0.0.0.0/34767] WARN  impl.MetricsSystemImpl (MetricsSystemImpl.java:register(279)) - Sink prometheus already exists!
2023-02-03 08:25:22,681 [ReplicationMonitor] INFO  replication.ReplicationManager (ReplicationManager.java:processAll(367)) - Replication Monitor Thread took 0 milliseconds for processing 0 containers.
2023-02-03 08:25:22,689 [Listener at 0.0.0.0/34767] INFO  http.BaseHttpServer (BaseHttpServer.java:updateConnectorAddress(333)) - HTTP server of scm listening at http://0.0.0.0:38667
2023-02-03 08:25:22,689 [Listener at 0.0.0.0/34767] WARN  server.ServerUtils (ServerUtils.java:getDBPath(225)) - ozone.om.db.dirs is not configured. We recommend adding this setting. Falling back to ozone.metadata.dirs instead.
2023-02-03 08:25:22,702 [Listener at 0.0.0.0/34767] INFO  ha.OMHANodeDetails (OMHANodeDetails.java:loadOMHAConfig(115)) - ozone.om.internal.service.id is not defined, falling back to ozone.om.service.ids to find serviceID for OzoneManager if it is HA enabled cluster
2023-02-03 08:25:22,702 [Listener at 0.0.0.0/34767] INFO  ha.OMHANodeDetails (OMHANodeDetails.java:loadOMHAConfig(226)) - Configuration does not have ozone.om.address set. Falling back to the default OM address /127.0.0.1:0
2023-02-03 08:25:22,703 [Listener at 0.0.0.0/34767] INFO  ha.OMHANodeDetails (OMHANodeDetails.java:getOMNodeDetailsForNonHA(254)) - OM Service ID is not set. Setting it to the default ID: omServiceIdDefault
2023-02-03 08:25:22,703 [Listener at 0.0.0.0/34767] INFO  ha.OMHANodeDetails (OMHANodeDetails.java:getOMNodeDetailsForNonHA(261)) - OM Node ID is not set. Setting it to the default ID: om1
2023-02-03 08:25:22,703 [Listener at 0.0.0.0/34767] WARN  server.ServerUtils (ServerUtils.java:getDBPath(225)) - ozone.om.db.dirs is not configured. We recommend adding this setting. Falling back to ozone.metadata.dirs instead.
2023-02-03 08:25:22,710 [Listener at 0.0.0.0/34767] INFO  upgrade.AbstractLayoutVersionManager (AbstractLayoutVersionManager.java:init(83)) - Initializing Layout version manager with metadata layout = MULTITENANCY_SCHEMA (version = 3), software layout = MULTITENANCY_SCHEMA (version = 3)
2023-02-03 08:25:22,760 [ReplicationMonitor] INFO  replication.ReplicationManager (ReplicationManager.java:processAll(367)) - Replication Monitor Thread took 1 milliseconds for processing 6 containers.
2023-02-03 08:25:22,951 [Listener at 0.0.0.0/34767] INFO  reflections.Reflections (Reflections.java:scan(232)) - Reflections took 224 ms to scan 2 urls, producing 157 keys and 445 values [using 2 cores]
2023-02-03 08:25:22,951 [Listener at 0.0.0.0/34767] INFO  upgrade.OMLayoutVersionManager (OMLayoutVersionManager.java:lambda$0(115)) - Skipping Upgrade Action MockOmUpgradeAction since it has been finalized.
2023-02-03 08:25:22,951 [Listener at 0.0.0.0/34767] WARN  server.ServerUtils (ServerUtils.java:getDBPath(225)) - ozone.om.db.dirs is not configured. We recommend adding this setting. Falling back to ozone.metadata.dirs instead.
2023-02-03 08:25:22,952 [Listener at 0.0.0.0/34767] INFO  proxy.SCMBlockLocationFailoverProxyProvider (SCMBlockLocationFailoverProxyProvider.java:<init>(114)) - Created block location fail-over proxy with 1 nodes: [nodeId=scmNodeId,nodeAddress=/0.0.0.0:44217]
2023-02-03 08:25:22,953 [Listener at 0.0.0.0/34767] INFO  proxy.SCMBlockLocationFailoverProxyProvider (SCMBlockLocationFailoverProxyProvider.java:<init>(114)) - Created block location fail-over proxy with 1 nodes: [nodeId=scmNodeId,nodeAddress=/0.0.0.0:44217]
2023-02-03 08:25:23,008 [Listener at 0.0.0.0/34767] WARN  server.ServerUtils (ServerUtils.java:getDBPath(225)) - ozone.om.db.dirs is not configured. We recommend adding this setting. Falling back to ozone.metadata.dirs instead.
2023-02-03 08:25:23,008 [Listener at 0.0.0.0/34767] INFO  codec.OmKeyInfoCodec (OmKeyInfoCodec.java:<init>(49)) - OmKeyInfoCodec ignorePipeline = true
2023-02-03 08:25:23,008 [Listener at 0.0.0.0/34767] INFO  codec.RepeatedOmKeyInfoCodec (RepeatedOmKeyInfoCodec.java:<init>(41)) - RepeatedOmKeyInfoCodec ignorePipeline = true
2023-02-03 08:25:23,183 [grpc-default-executor-0] WARN  server.GrpcLogAppender (LogUtils.java:warn(122)) - 585970c3-6c22-4637-9398-2d57238869c8@group-D3AC8F9931E3->fa8ac6cf-9eac-4eb3-9d13-3c75f4ab3c09-AppendLogResponseHandler: Failed appendEntries: org.apache.ratis.thirdparty.io.grpc.StatusRuntimeException: UNAVAILABLE: io exception
2023-02-03 08:25:23,183 [grpc-default-executor-0] INFO  leader.FollowerInfo (FollowerInfoImpl.java:lambda$new$0(48)) - 585970c3-6c22-4637-9398-2d57238869c8@group-D3AC8F9931E3->fa8ac6cf-9eac-4eb3-9d13-3c75f4ab3c09: nextIndex: updateUnconditionally 53 -> 52
2023-02-03 08:25:23,184 [grpc-default-executor-5] WARN  server.GrpcLogAppender (LogUtils.java:warn(122)) - 585970c3-6c22-4637-9398-2d57238869c8@group-D3AC8F9931E3->fa8ac6cf-9eac-4eb3-9d13-3c75f4ab3c09-AppendLogResponseHandler: Failed appendEntries: org.apache.ratis.thirdparty.io.grpc.StatusRuntimeException: UNAVAILABLE: io exception
2023-02-03 08:25:23,184 [grpc-default-executor-5] INFO  leader.FollowerInfo (FollowerInfoImpl.java:lambda$new$0(48)) - 585970c3-6c22-4637-9398-2d57238869c8@group-D3AC8F9931E3->fa8ac6cf-9eac-4eb3-9d13-3c75f4ab3c09: nextIndex: updateUnconditionally 52 -> 51
2023-02-03 08:25:23,194 [grpc-default-executor-5] WARN  server.GrpcLogAppender (LogUtils.java:warn(122)) - 585970c3-6c22-4637-9398-2d57238869c8@group-D3AC8F9931E3->fa8ac6cf-9eac-4eb3-9d13-3c75f4ab3c09-AppendLogResponseHandler: Failed appendEntries: org.apache.ratis.thirdparty.io.grpc.StatusRuntimeException: UNAVAILABLE: io exception
2023-02-03 08:25:23,195 [grpc-default-executor-5] INFO  leader.FollowerInfo (FollowerInfoImpl.java:lambda$new$0(48)) - 585970c3-6c22-4637-9398-2d57238869c8@group-D3AC8F9931E3->fa8ac6cf-9eac-4eb3-9d13-3c75f4ab3c09: nextIndex: updateUnconditionally 52 -> 51
2023-02-03 08:25:23,195 [grpc-default-executor-2] WARN  server.GrpcLogAppender (LogUtils.java:warn(122)) - 585970c3-6c22-4637-9398-2d57238869c8@group-D3AC8F9931E3->fa8ac6cf-9eac-4eb3-9d13-3c75f4ab3c09-AppendLogResponseHandler: Failed appendEntries: org.apache.ratis.thirdparty.io.grpc.StatusRuntimeException: UNAVAILABLE: io exception
2023-02-03 08:25:23,195 [grpc-default-executor-2] INFO  leader.FollowerInfo (FollowerInfoImpl.java:lambda$new$0(48)) - 585970c3-6c22-4637-9398-2d57238869c8@group-D3AC8F9931E3->fa8ac6cf-9eac-4eb3-9d13-3c75f4ab3c09: nextIndex: updateUnconditionally 51 -> 50
2023-02-03 08:25:23,981 [ReplicationMonitor] INFO  replication.ReplicationManager (ReplicationManager.java:processAll(367)) - Replication Monitor Thread took 0 milliseconds for processing 6 containers.
2023-02-03 08:25:23,981 [JvmPauseMonitor38] WARN  util.JvmPauseMonitor (JvmPauseMonitor.java:detectPause(126)) - JvmPauseMonitor-7426e0d2-bf42-4bac-8167-c4f6545ac1d3: Detected pause in JVM or host machine (eg GC): pause of approximately 267555897ns.
GC pool 'PS MarkSweep' had collection(s): count=1 time=448ms
GC pool 'PS Scavenge' had collection(s): count=1 time=283ms
2023-02-03 08:25:23,981 [JvmPauseMonitor40] WARN  util.JvmPauseMonitor (JvmPauseMonitor.java:detectPause(126)) - JvmPauseMonitor-5d364b8b-65b5-47d5-ad4e-e12fb7c6976c: Detected pause in JVM or host machine (eg GC): pause of approximately 283444596ns.
GC pool 'PS MarkSweep' had collection(s): count=1 time=448ms
GC pool 'PS Scavenge' had collection(s): count=1 time=283ms
2023-02-03 08:25:23,982 [ReplicationMonitor] INFO  replication.ReplicationManager (ReplicationManager.java:processAll(367)) - Replication Monitor Thread took 0 milliseconds for processing 0 containers.
2023-02-03 08:25:23,982 [Over Replicated Processor] INFO  replication.UnhealthyReplicationProcessor (UnhealthyReplicationProcessor.java:processAll(105)) - Processed 0 containers with health state counts {},failed processing 0
2023-02-03 08:25:23,982 [Over Replicated Processor] INFO  replication.UnhealthyReplicationProcessor (UnhealthyReplicationProcessor.java:processAll(105)) - Processed 0 containers with health state counts {},failed processing 0
2023-02-03 08:25:23,982 [Under Replicated Processor] INFO  replication.UnhealthyReplicationProcessor (UnhealthyReplicationProcessor.java:processAll(105)) - Processed 0 containers with health state counts {},failed processing 0
2023-02-03 08:25:23,982 [Under Replicated Processor] INFO  replication.UnhealthyReplicationProcessor (UnhealthyReplicationProcessor.java:processAll(105)) - Processed 0 containers with health state counts {},failed processing 0
2023-02-03 08:25:23,983 [Under Replicated Processor] INFO  replication.UnhealthyReplicationProcessor (UnhealthyReplicationProcessor.java:processAll(105)) - Processed 0 containers with health state counts {},failed processing 0
2023-02-03 08:25:23,983 [JvmPauseMonitor36] WARN  util.JvmPauseMonitor (JvmPauseMonitor.java:detectPause(126)) - JvmPauseMonitor-81c65c86-1d0a-4e8e-93fe-1c81d4ba57a0: Detected pause in JVM or host machine (eg GC): pause of approximately 371442947ns.
GC pool 'PS MarkSweep' had collection(s): count=1 time=448ms
GC pool 'PS Scavenge' had collection(s): count=1 time=283ms
2023-02-03 08:25:23,991 [ReplicationMonitor] INFO  replication.ReplicationManager (ReplicationManager.java:processAll(367)) - Replication Monitor Thread took 0 milliseconds for processing 6 containers.
2023-02-03 08:25:23,991 [Over Replicated Processor] INFO  replication.UnhealthyReplicationProcessor (UnhealthyReplicationProcessor.java:processAll(105)) - Processed 0 containers with health state counts {},failed processing 0
2023-02-03 08:25:23,992 [JvmPauseMonitor34] WARN  util.JvmPauseMonitor (JvmPauseMonitor.java:detectPause(126)) - JvmPauseMonitor-b6044625-7139-483a-b4bd-d8c2a1b9d0f6: Detected pause in JVM or host machine (eg GC): pause of approximately 441291683ns.
GC pool 'PS MarkSweep' had collection(s): count=1 time=448ms
GC pool 'PS Scavenge' had collection(s): count=1 time=283ms
2023-02-03 08:25:23,992 [JvmPauseMonitor35] WARN  util.JvmPauseMonitor (JvmPauseMonitor.java:detectPause(126)) - JvmPauseMonitor-6f524026-8edf-4ce7-8122-b8580d36a1c3: Detected pause in JVM or host machine (eg GC): pause of approximately 441394784ns.
GC pool 'PS MarkSweep' had collection(s): count=1 time=448ms
GC pool 'PS Scavenge' had collection(s): count=1 time=283ms
2023-02-03 08:25:23,992 [JvmPauseMonitor39] WARN  util.JvmPauseMonitor (JvmPauseMonitor.java:detectPause(126)) - JvmPauseMonitor-a3a23242-1d1f-44b6-855b-ed34aff8bf38: Detected pause in JVM or host machine (eg GC): pause of approximately 441529185ns.
GC pool 'PS MarkSweep' had collection(s): count=1 time=448ms
GC pool 'PS Scavenge' had collection(s): count=1 time=283ms
2023-02-03 08:25:23,992 [JvmPauseMonitor37] WARN  util.JvmPauseMonitor (JvmPauseMonitor.java:detectPause(126)) - JvmPauseMonitor-c479998a-2bcd-4099-bf8b-5dccfe64a3fd: Detected pause in JVM or host machine (eg GC): pause of approximately 459110794ns.
GC pool 'PS MarkSweep' had collection(s): count=1 time=448ms
GC pool 'PS Scavenge' had collection(s): count=1 time=283ms
2023-02-03 08:25:23,993 [JvmPauseMonitor33] WARN  util.JvmPauseMonitor (JvmPauseMonitor.java:detectPause(126)) - JvmPauseMonitor-om1: Detected pause in JVM or host machine (eg GC): pause of approximately 613146458ns.
GC pool 'PS MarkSweep' had collection(s): count=1 time=448ms
GC pool 'PS Scavenge' had collection(s): count=1 time=283ms
2023-02-03 08:25:23,993 [JvmPauseMonitor25] WARN  util.JvmPauseMonitor (JvmPauseMonitor.java:detectPause(126)) - JvmPauseMonitor-om1: Detected pause in JVM or host machine (eg GC): pause of approximately 613596561ns.
GC pool 'PS MarkSweep' had collection(s): count=1 time=448ms
GC pool 'PS Scavenge' had collection(s): count=1 time=283ms
2023-02-03 08:25:23,993 [JvmPauseMonitor29] WARN  util.JvmPauseMonitor (JvmPauseMonitor.java:detectPause(126)) - JvmPauseMonitor-fb809e67-793a-4199-a2f5-5836e5e9d09f: Detected pause in JVM or host machine (eg GC): pause of approximately 627163045ns.
GC pool 'PS MarkSweep' had collection(s): count=1 time=448ms
GC pool 'PS Scavenge' had collection(s): count=1 time=283ms
2023-02-03 08:25:23,994 [JvmPauseMonitor31] WARN  util.JvmPauseMonitor (JvmPauseMonitor.java:detectPause(126)) - JvmPauseMonitor-1d26bd31-d57e-4272-aee2-8b25bf096957: Detected pause in JVM or host machine (eg GC): pause of approximately 627274146ns.
GC pool 'PS MarkSweep' had collection(s): count=1 time=448ms
GC pool 'PS Scavenge' had collection(s): count=1 time=283ms
2023-02-03 08:25:23,994 [JvmPauseMonitor30] WARN  util.JvmPauseMonitor (JvmPauseMonitor.java:detectPause(126)) - JvmPauseMonitor-5f61b73f-7af0-4258-8c93-74f2ad148b39: Detected pause in JVM or host machine (eg GC): pause of approximately 626766243ns.
GC pool 'PS MarkSweep' had collection(s): count=1 time=448ms
GC pool 'PS Scavenge' had collection(s): count=1 time=283ms
2023-02-03 08:25:23,994 [JvmPauseMonitor28] WARN  util.JvmPauseMonitor (JvmPauseMonitor.java:detectPause(126)) - JvmPauseMonitor-930e56af-37ea-4bca-84b4-a85cc5024965: Detected pause in JVM or host machine (eg GC): pause of approximately 636288802ns.
GC pool 'PS MarkSweep' had collection(s): count=1 time=448ms
GC pool 'PS Scavenge' had collection(s): count=1 time=283ms
2023-02-03 08:25:23,994 [JvmPauseMonitor23] WARN  util.JvmPauseMonitor (JvmPauseMonitor.java:detectPause(126)) - JvmPauseMonitor-585970c3-6c22-4637-9398-2d57238869c8: Detected pause in JVM or host machine (eg GC): pause of approximately 636418103ns.
GC pool 'PS MarkSweep' had collection(s): count=1 time=448ms
GC pool 'PS Scavenge' had collection(s): count=1 time=283ms
2023-02-03 08:25:23,994 [JvmPauseMonitor26] WARN  util.JvmPauseMonitor (JvmPauseMonitor.java:detectPause(126)) - JvmPauseMonitor-e0a84492-830d-4f05-a6bf-67d3770e5d78: Detected pause in JVM or host machine (eg GC): pause of approximately 636488403ns.
GC pool 'PS MarkSweep' had collection(s): count=1 time=448ms
GC pool 'PS Scavenge' had collection(s): count=1 time=283ms
2023-02-03 08:25:23,994 [JvmPauseMonitor24] WARN  util.JvmPauseMonitor (JvmPauseMonitor.java:detectPause(126)) - JvmPauseMonitor-a7d824a2-b650-48bf-a88a-dfb7e887d265: Detected pause in JVM or host machine (eg GC): pause of approximately 636559803ns.
GC pool 'PS MarkSweep' had collection(s): count=1 time=448ms
GC pool 'PS Scavenge' had collection(s): count=1 time=283ms
2023-02-03 08:25:23,995 [JvmPauseMonitor18] WARN  util.JvmPauseMonitor (JvmPauseMonitor.java:detectPause(126)) - JvmPauseMonitor-cd164716-5aaa-460e-ae23-f59e5d162df8: Detected pause in JVM or host machine (eg GC): pause of approximately 637945313ns.
GC pool 'PS MarkSweep' had collection(s): count=1 time=448ms
GC pool 'PS Scavenge' had collection(s): count=1 time=283ms
2023-02-03 08:25:23,995 [JvmPauseMonitor32] WARN  util.JvmPauseMonitor (JvmPauseMonitor.java:detectPause(126)) - JvmPauseMonitor-156d3216-2cb7-40b7-865e-55d97ab1f865: Detected pause in JVM or host machine (eg GC): pause of approximately 638441315ns.
GC pool 'PS MarkSweep' had collection(s): count=1 time=448ms
GC pool 'PS Scavenge' had collection(s): count=1 time=283ms
2023-02-03 08:25:23,995 [JvmPauseMonitor27] WARN  util.JvmPauseMonitor (JvmPauseMonitor.java:detectPause(126)) - JvmPauseMonitor-9a67ec56-1f2c-46c7-aced-22731513988f: Detected pause in JVM or host machine (eg GC): pause of approximately 638550016ns.
GC pool 'PS MarkSweep' had collection(s): count=1 time=448ms
GC pool 'PS Scavenge' had collection(s): count=1 time=283ms
2023-02-03 08:25:23,996 [ReplicationMonitor] INFO  replication.ReplicationManager (ReplicationManager.java:processAll(334)) - Replication Manager is not ready to run until 3000ms after safemode exit
2023-02-03 08:25:24,024 [grpc-default-executor-5] WARN  server.GrpcLogAppender (LogUtils.java:warn(122)) - cd164716-5aaa-460e-ae23-f59e5d162df8@group-9736E7FBA7A4->1cc2e5d0-431d-47be-bed9-8151716dee8a-AppendLogResponseHandler: Failed appendEntries: org.apache.ratis.thirdparty.io.grpc.StatusRuntimeException: UNAVAILABLE: io exception
2023-02-03 08:25:24,024 [grpc-default-executor-5] WARN  server.GrpcLogAppender (GrpcLogAppender.java:resetClient(131)) - cd164716-5aaa-460e-ae23-f59e5d162df8@group-9736E7FBA7A4->1cc2e5d0-431d-47be-bed9-8151716dee8a-GrpcLogAppender: Leader has not got in touch with Follower cd164716-5aaa-460e-ae23-f59e5d162df8@group-9736E7FBA7A4->1cc2e5d0-431d-47be-bed9-8151716dee8a(c0,m0,n1, attendVote=true, lastRpcSendTime=55, lastRpcResponseTime=2717) yet, just keep nextIndex unchanged and retry.
2023-02-03 08:25:24,026 [Listener at 0.0.0.0/34767] INFO  om.OzoneManager (OzoneManager.java:instantiateServices(721)) - S3 Multi-Tenancy is disabled
2023-02-03 08:25:24,027 [Listener at 0.0.0.0/34767] INFO  om.OzoneManager (OzoneManager.java:addS3GVolumeToDB(4063)) - Created Volume s3v With Owner runner required for S3Gateway operations.
2023-02-03 08:25:24,027 [Listener at 0.0.0.0/34767] WARN  server.ServerUtils (ServerUtils.java:getDefaultRatisDirectory(237)) - Storage directory for Ratis is not configured. It is a good idea to map this to an SSD disk. Falling back to ozone.metadata.dirs
2023-02-03 08:25:24,028 [Listener at 0.0.0.0/34767] WARN  utils.OzoneManagerRatisUtils (OzoneManagerRatisUtils.java:getOMRatisSnapshotDirectory(436)) - ozone.om.ratis.snapshot.dir is not configured. Falling back to ozone.metadata.dirs config
2023-02-03 08:25:24,028 [Listener at 0.0.0.0/34767] WARN  impl.MetricRegistriesImpl (MetricRegistriesImpl.java:addReporterRegistration(111)) - New reporters are added after registries were created. Some metrics will be missing from the reporter. Please add reporter before adding any new registry.
2023-02-03 08:25:24,028 [Listener at 0.0.0.0/34767] WARN  impl.MetricRegistriesImpl (MetricRegistriesImpl.java:addReporterRegistration(111)) - New reporters are added after registries were created. Some metrics will be missing from the reporter. Please add reporter before adding any new registry.
2023-02-03 08:25:24,028 [Listener at 0.0.0.0/34767] WARN  server.ServerUtils (ServerUtils.java:getDefaultRatisDirectory(237)) - Storage directory for Ratis is not configured. It is a good idea to map this to an SSD disk. Falling back to ozone.metadata.dirs
2023-02-03 08:25:24,028 [JvmPauseMonitor21] WARN  util.JvmPauseMonitor (JvmPauseMonitor.java:detectPause(126)) - JvmPauseMonitor-6a445247-c549-4943-ac0e-b7225f55d98a: Detected pause in JVM or host machine (eg GC): pause of approximately 613515659ns.
GC pool 'PS MarkSweep' had collection(s): count=1 time=448ms
GC pool 'PS Scavenge' had collection(s): count=1 time=283ms
2023-02-03 08:25:24,029 [grpc-default-executor-2] WARN  server.GrpcLogAppender (LogUtils.java:warn(122)) - cd164716-5aaa-460e-ae23-f59e5d162df8@group-9736E7FBA7A4->1cc2e5d0-431d-47be-bed9-8151716dee8a-AppendLogResponseHandler: Failed appendEntries: org.apache.ratis.thirdparty.io.grpc.StatusRuntimeException: UNAVAILABLE: io exception
2023-02-03 08:25:24,030 [grpc-default-executor-2] WARN  server.GrpcLogAppender (GrpcLogAppender.java:resetClient(131)) - cd164716-5aaa-460e-ae23-f59e5d162df8@group-9736E7FBA7A4->1cc2e5d0-431d-47be-bed9-8151716dee8a-GrpcLogAppender: Leader has not got in touch with Follower cd164716-5aaa-460e-ae23-f59e5d162df8@group-9736E7FBA7A4->1cc2e5d0-431d-47be-bed9-8151716dee8a(c0,m0,n1, attendVote=true, lastRpcSendTime=60, lastRpcResponseTime=2722) yet, just keep nextIndex unchanged and retry.
2023-02-03 08:25:24,030 [Listener at 0.0.0.0/34767] INFO  ratis.OzoneManagerRatisServer (OzoneManagerRatisServer.java:<init>(160)) - Instantiating OM Ratis server with groupID: omServiceIdDefault and peers: localhost:37397
2023-02-03 08:25:24,030 [Listener at 0.0.0.0/34767] INFO  ratis.OzoneManagerStateMachine (OzoneManagerStateMachine.java:loadSnapshotInfoFromDB(636)) - LastAppliedIndex is set from TransactionInfo from OM DB as (t:0, i:~)
2023-02-03 08:25:24,031 [Listener at 0.0.0.0/34767] INFO  server.RaftServer (ConfUtils.java:logGet(46)) - raft.rpc.type = GRPC (default)
2023-02-03 08:25:24,031 [Listener at 0.0.0.0/34767] INFO  grpc.GrpcConfigKeys (ConfUtils.java:logFallback(53)) - raft.grpc.admin.host = null (fallback to raft.grpc.server.host)
2023-02-03 08:25:24,031 [Listener at 0.0.0.0/34767] INFO  grpc.GrpcConfigKeys (ConfUtils.java:logFallback(53)) - raft.grpc.admin.port = 37397 (fallback to raft.grpc.server.port)
2023-02-03 08:25:24,031 [Listener at 0.0.0.0/34767] INFO  grpc.GrpcConfigKeys (ConfUtils.java:logFallback(53)) - raft.grpc.client.host = null (fallback to raft.grpc.server.host)
2023-02-03 08:25:24,031 [Listener at 0.0.0.0/34767] INFO  grpc.GrpcConfigKeys (ConfUtils.java:logFallback(53)) - raft.grpc.client.port = 37397 (fallback to raft.grpc.server.port)
2023-02-03 08:25:24,031 [Listener at 0.0.0.0/34767] INFO  grpc.GrpcConfigKeys (ConfUtils.java:logGet(46)) - raft.grpc.server.host = null (default)
2023-02-03 08:25:24,031 [Listener at 0.0.0.0/34767] INFO  grpc.GrpcConfigKeys (ConfUtils.java:logGet(46)) - raft.grpc.server.port = 37397 (custom)
2023-02-03 08:25:24,031 [Listener at 0.0.0.0/34767] INFO  server.GrpcService (ConfUtils.java:logGet(46)) - raft.grpc.message.size.max = 33554432 (custom)
2023-02-03 08:25:24,031 [Listener at 0.0.0.0/34767] INFO  server.RaftServerConfigKeys (ConfUtils.java:logGet(46)) - raft.server.log.appender.buffer.byte-limit = 33554432 (custom)
2023-02-03 08:25:24,031 [Listener at 0.0.0.0/34767] INFO  server.GrpcService (ConfUtils.java:logGet(46)) - raft.grpc.flow.control.window = 1MB (=1048576) (default)
2023-02-03 08:25:24,031 [Listener at 0.0.0.0/34767] INFO  server.RaftServerConfigKeys (ConfUtils.java:logGet(46)) - raft.server.rpc.request.timeout = 3000ms (default)
2023-02-03 08:25:24,031 [Listener at 0.0.0.0/34767] INFO  grpc.GrpcConfigKeys (ConfUtils.java:logGet(46)) - raft.grpc.server.heartbeat.channel = true (default)
2023-02-03 08:25:24,032 [Listener at 0.0.0.0/34767] INFO  grpc.GrpcConfigKeys (ConfUtils.java:logGet(46)) - raft.grpc.server.async.request.thread.pool.cached = true (default)
2023-02-03 08:25:24,032 [Listener at 0.0.0.0/34767] INFO  grpc.GrpcConfigKeys (ConfUtils.java:logGet(46)) - raft.grpc.server.async.request.thread.pool.size = 32 (default)
2023-02-03 08:25:24,033 [Listener at 0.0.0.0/34767] INFO  impl.DataStreamServerImpl (ConfUtils.java:logGet(46)) - raft.datastream.type = DISABLED (default)
2023-02-03 08:25:24,033 [Listener at 0.0.0.0/34767] INFO  server.RaftServerConfigKeys (ConfUtils.java:logGet(46)) - raft.server.threadpool.proxy.cached = true (default)
2023-02-03 08:25:24,033 [Listener at 0.0.0.0/34767] INFO  server.RaftServerConfigKeys (ConfUtils.java:logGet(46)) - raft.server.threadpool.proxy.size = 0 (default)
2023-02-03 08:25:24,033 [Listener at 0.0.0.0/34767] INFO  server.RaftServerConfigKeys (ConfUtils.java:logGet(46)) - raft.server.rpc.slowness.timeout = 120s (custom)
2023-02-03 08:25:24,033 [Listener at 0.0.0.0/34767] INFO  server.RaftServerConfigKeys (ConfUtils.java:logGet(46)) - raft.server.leaderelection.leader.step-down.wait-time = 10s (default)
2023-02-03 08:25:24,033 [Listener at 0.0.0.0/34767] INFO  server.RaftServerConfigKeys (ConfUtils.java:logGet(46)) - raft.server.storage.dir = [/home/runner/work/ozone/ozone/hadoop-ozone/integration-test/target/test-dir/MiniOzoneClusterImpl-28bc09eb-e3f7-4a89-8119-a7f902522be3/ozone-meta/ratis] (custom)
2023-02-03 08:25:24,034 [Listener at 0.0.0.0/34767] INFO  server.RaftServer (RaftServerProxy.java:addNew(96)) - om1: addNew group-C5BA1605619E:[om1|rpc:localhost:37397|priority:0|startupRole:FOLLOWER] returns group-C5BA1605619E:java.util.concurrent.CompletableFuture@5b10cda7[Not completed]
2023-02-03 08:25:24,034 [Listener at 0.0.0.0/34767] INFO  om.OzoneManager (OzoneManager.java:initializeRatisServer(2038)) - OzoneManager Ratis server initialized at port 37397
2023-02-03 08:25:24,034 [Listener at 0.0.0.0/34767] INFO  om.OzoneManager (OzoneManager.java:getRpcServer(1101)) - Creating RPC Server
2023-02-03 08:25:24,035 [pool-1845-thread-1] INFO  server.RaftServer$Division (RaftServerImpl.java:<init>(195)) - om1: new RaftServerImpl for group-C5BA1605619E:[om1|rpc:localhost:37397|priority:0|startupRole:FOLLOWER] with OzoneManagerStateMachine:uninitialized
2023-02-03 08:25:24,036 [pool-1845-thread-1] INFO  server.RaftServerConfigKeys (ConfUtils.java:logGet(46)) - raft.server.rpc.timeout.min = 1s (custom)
2023-02-03 08:25:24,036 [pool-1845-thread-1] INFO  server.RaftServerConfigKeys (ConfUtils.java:logGet(46)) - raft.server.rpc.timeout.max = 1200ms (custom)
2023-02-03 08:25:24,036 [pool-1845-thread-1] INFO  server.RaftServerConfigKeys (ConfUtils.java:logGet(46)) - raft.server.rpc.sleep.time = 25ms (default)
2023-02-03 08:25:24,036 [pool-1845-thread-1] INFO  server.RaftServerConfigKeys (ConfUtils.java:logGet(46)) - raft.server.rpc.slowness.timeout = 120s (custom)
2023-02-03 08:25:24,036 [pool-1845-thread-1] INFO  server.RaftServerConfigKeys (ConfUtils.java:logGet(46)) - raft.server.leaderelection.leader.step-down.wait-time = 10s (default)
2023-02-03 08:25:24,036 [pool-1845-thread-1] INFO  server.RaftServerConfigKeys (ConfUtils.java:logGet(46)) - raft.server.sleep.deviation.threshold = 300ms (default)
2023-02-03 08:25:24,036 [pool-1845-thread-1] INFO  server.RaftServer$Division (ServerState.java:<init>(118)) - om1@group-C5BA1605619E: ConfigurationManager, init=-1: peers:[om1|rpc:localhost:37397|priority:0|startupRole:FOLLOWER]|listeners:[], old=null, confs=<EMPTY_MAP>
2023-02-03 08:25:24,036 [pool-1845-thread-1] INFO  server.RaftServerConfigKeys (ConfUtils.java:logGet(46)) - raft.server.storage.dir = [/home/runner/work/ozone/ozone/hadoop-ozone/integration-test/target/test-dir/MiniOzoneClusterImpl-28bc09eb-e3f7-4a89-8119-a7f902522be3/ozone-meta/ratis] (custom)
2023-02-03 08:25:24,036 [pool-1845-thread-1] INFO  server.RaftServerConfigKeys (ConfUtils.java:logGet(46)) - raft.server.log.corruption.policy = EXCEPTION (default)
2023-02-03 08:25:24,036 [pool-1845-thread-1] INFO  server.RaftServerConfigKeys (ConfUtils.java:logGet(46)) - raft.server.storage.free-space.min = 0MB (=0) (default)
2023-02-03 08:25:24,036 [pool-1845-thread-1] INFO  server.RaftServerConfigKeys (ConfUtils.java:logGet(46)) - raft.server.notification.no-leader.timeout = 120s (custom)
2023-02-03 08:25:24,036 [pool-1845-thread-1] INFO  server.RaftServerConfigKeys (ConfUtils.java:logGet(46)) - raft.server.retrycache.expirytime = 300s (custom)
2023-02-03 08:25:24,036 [pool-1845-thread-1] INFO  server.RaftServerConfigKeys (ConfUtils.java:logGet(46)) - raft.server.retrycache.statistics.expirytime = 100μs (default)
2023-02-03 08:25:24,037 [pool-1845-thread-1] INFO  server.RaftServerConfigKeys (ConfUtils.java:logGet(46)) - raft.server.log.appender.install.snapshot.enabled = false (custom)
2023-02-03 08:25:24,037 [pool-1845-thread-1] INFO  server.RaftServerConfigKeys (ConfUtils.java:logGet(46)) - raft.server.threadpool.server.cached = true (default)
2023-02-03 08:25:24,037 [pool-1845-thread-1] INFO  server.RaftServerConfigKeys (ConfUtils.java:logGet(46)) - raft.server.threadpool.server.size = 0 (default)
2023-02-03 08:25:24,037 [pool-1845-thread-1] INFO  server.RaftServerConfigKeys (ConfUtils.java:logGet(46)) - raft.server.threadpool.client.cached = true (default)
2023-02-03 08:25:24,038 [pool-1845-thread-1] INFO  server.RaftServerConfigKeys (ConfUtils.java:logGet(46)) - raft.server.threadpool.client.size = 0 (default)
2023-02-03 08:25:24,139 [ContainerOp-2d730a4a-1904-4e86-afbb-bf539aca678c-1] INFO  keyvalue.KeyValueHandler (ContainerUtils.java:logAndReturnError(91)) - Operation: PutBlock , Trace ID:  , Message: Put Key failed , Result: IO_EXCEPTION , StorageContainerException Occurred.
org.apache.hadoop.hdds.scm.container.common.helpers.StorageContainerException: Put Key failed
	at org.apache.hadoop.ozone.container.keyvalue.KeyValueHandler.handlePutBlock(KeyValueHandler.java:548)
	at org.apache.hadoop.ozone.container.keyvalue.KeyValueHandler.dispatchRequest(KeyValueHandler.java:243)
	at org.apache.hadoop.ozone.container.keyvalue.KeyValueHandler.handle(KeyValueHandler.java:219)
	at org.apache.hadoop.ozone.container.common.impl.HddsDispatcher.dispatchRequest(HddsDispatcher.java:320)
	at org.apache.hadoop.ozone.container.common.impl.HddsDispatcher.lambda$dispatch$0(HddsDispatcher.java:171)
	at org.apache.hadoop.hdds.server.OzoneProtocolMessageDispatcher.processRequest(OzoneProtocolMessageDispatcher.java:87)
	at org.apache.hadoop.ozone.container.common.impl.HddsDispatcher.dispatch(HddsDispatcher.java:170)
	at org.apache.hadoop.ozone.container.common.transport.server.ratis.ContainerStateMachine.dispatchCommand(ContainerStateMachine.java:417)
	at org.apache.hadoop.ozone.container.common.transport.server.ratis.ContainerStateMachine.runCommand(ContainerStateMachine.java:427)
	at org.apache.hadoop.ozone.container.common.transport.server.ratis.ContainerStateMachine.lambda$submitTask$9(ContainerStateMachine.java:814)
	at org.apache.ratis.util.TaskQueue.lambda$submit$0(TaskQueue.java:121)
	at org.apache.ratis.util.LogUtils.runAndLog(LogUtils.java:38)
	at org.apache.ratis.util.LogUtils$1.run(LogUtils.java:79)
	at java.util.concurrent.Executors$RunnableAdapter.call(Executors.java:511)
	at java.util.concurrent.FutureTask.run(FutureTask.java:266)
	at java.util.concurrent.ThreadPoolExecutor.runWorker(ThreadPoolExecutor.java:1149)
	at java.util.concurrent.ThreadPoolExecutor$Worker.run(ThreadPoolExecutor.java:624)
	at java.lang.Thread.run(Thread.java:750)
Caused by: java.io.IOException: Rocks Database is closed
	at org.apache.hadoop.hdds.utils.db.RocksDatabase.assertClose(RocksDatabase.java:405)
	at org.apache.hadoop.hdds.utils.db.RocksDatabase.get(RocksDatabase.java:583)
	at org.apache.hadoop.hdds.utils.db.RDBTable.get(RDBTable.java:110)
	at org.apache.hadoop.hdds.utils.db.RDBTable.get(RDBTable.java:40)
	at org.apache.hadoop.hdds.utils.db.TypedTable.getFromTable(TypedTable.java:256)
	at org.apache.hadoop.hdds.utils.db.TypedTable.get(TypedTable.java:182)
	at org.apache.hadoop.ozone.container.metadata.DatanodeTable.get(DatanodeTable.java:106)
	at org.apache.hadoop.ozone.container.keyvalue.impl.BlockManagerImpl.persistPutBlock(BlockManagerImpl.java:160)
	at org.apache.hadoop.ozone.container.keyvalue.impl.BlockManagerImpl.putBlock(BlockManagerImpl.java:103)
	at org.apache.hadoop.ozone.container.keyvalue.KeyValueHandler.handlePutBlock(KeyValueHandler.java:539)
	... 17 more
2023-02-03 08:25:24,154 [ContainerOp-2d730a4a-1904-4e86-afbb-bf539aca678c-1] WARN  keyvalue.KeyValueContainer (KeyValueContainer.java:markContainerUnhealthy(341)) - Moving container /home/runner/work/ozone/ozone/hadoop-ozone/integration-test/target/test-dir/MiniOzoneClusterImpl-927b0a6e-f479-4829-be79-85586f7f9dc8/datanode-5/data-0/containers/hdds/927b0a6e-f479-4829-be79-85586f7f9dc8/current/containerDir0/4 to state UNHEALTHY from state:OPEN
2023-02-03 08:25:24,154 [ContainerOp-2d730a4a-1904-4e86-afbb-bf539aca678c-1] INFO  impl.HddsDispatcher (HddsDispatcher.java:dispatchRequest(361)) - Marked Container UNHEALTHY, ContainerID: 4
2023-02-03 08:25:24,155 [Mini-Cluster-Provider-Reap] INFO  volume.HddsVolume (HddsVolume.java:closeDbStore(338)) - SchemaV3 db is stopped at /home/runner/work/ozone/ozone/hadoop-ozone/integration-test/target/test-dir/MiniOzoneClusterImpl-14be88a4-8f05-46f6-bbfd-baa6b5a73b12/datanode-4/data-0/containers/hdds/14be88a4-8f05-46f6-bbfd-baa6b5a73b12/DS-7762cfc0-b729-400c-9515-fb202eb0d605/container.db for volume DS-7762cfc0-b729-400c-9515-fb202eb0d605
2023-02-03 08:25:24,155 [Mini-Cluster-Provider-Reap] INFO  utils.BackgroundService (BackgroundService.java:shutdown(141)) - Shutting down service BlockDeletingService
2023-02-03 08:25:24,158 [Mini-Cluster-Provider-Reap] INFO  utils.BackgroundService (BackgroundService.java:shutdown(141)) - Shutting down service StaleRecoveringContainerScrubbingService
2023-02-03 08:25:24,165 [FixedThreadPoolWithAffinityExecutor-1-0] WARN  container.IncrementalContainerReportHandler (AbstractContainerReportHandler.java:updateContainerState(259)) - Container #4 is in OPEN state, but the datanode 1d26bd31-d57e-4272-aee2-8b25bf096957(fv-az243-539.eyhnzsvkqwvufobmc3lzdbadce.jx.internal.cloudapp.net/10.1.0.160) reports an UNHEALTHY replica.
2023-02-03 08:25:24,165 [ForkJoinPool.commonPool-worker-1] INFO  volume.HddsVolume (HddsVolume.java:closeDbStore(338)) - SchemaV3 db is stopped at /home/runner/work/ozone/ozone/hadoop-ozone/integration-test/target/test-dir/MiniOzoneClusterImpl-14be88a4-8f05-46f6-bbfd-baa6b5a73b12/datanode-1/data-0/containers/hdds/14be88a4-8f05-46f6-bbfd-baa6b5a73b12/DS-356812b7-fff1-4329-bc13-b44fc6068b3e/container.db for volume DS-356812b7-fff1-4329-bc13-b44fc6068b3e
2023-02-03 08:25:24,165 [ForkJoinPool.commonPool-worker-1] INFO  utils.BackgroundService (BackgroundService.java:shutdown(141)) - Shutting down service BlockDeletingService
2023-02-03 08:25:24,166 [ForkJoinPool.commonPool-worker-1] INFO  utils.BackgroundService (BackgroundService.java:shutdown(141)) - Shutting down service StaleRecoveringContainerScrubbingService
2023-02-03 08:25:24,181 [ForkJoinPool.commonPool-worker-1] INFO  statemachine.DatanodeStateMachine (DatanodeStateMachine.java:stopDaemon(600)) - Ozone container server stopped.
2023-02-03 08:25:24,186 [Mini-Cluster-Provider-Reap] INFO  statemachine.DatanodeStateMachine (DatanodeStateMachine.java:stopDaemon(600)) - Ozone container server stopped.
2023-02-03 08:25:24,222 [Mini-Cluster-Provider-Reap] INFO  handler.ContextHandler (ContextHandler.java:doStop(1159)) - Stopped o.e.j.w.WebAppContext@a464649{hddsDatanode,/,null,STOPPED}{jar:file:/home/runner/.m2/repository/org/apache/ozone/hdds-container-service/1.4.0-SNAPSHOT/hdds-container-service-1.4.0-SNAPSHOT.jar!/webapps/hddsDatanode}
2023-02-03 08:25:24,227 [Mini-Cluster-Provider-Reap] INFO  server.AbstractConnector (AbstractConnector.java:doStop(383)) - Stopped ServerConnector@4117f3b0{HTTP/1.1, (http/1.1)}{0.0.0.0:0}
2023-02-03 08:25:24,227 [Mini-Cluster-Provider-Reap] INFO  server.session (HouseKeeper.java:stopScavenging(149)) - node0 Stopped scavenging
2023-02-03 08:25:24,227 [Mini-Cluster-Provider-Reap] INFO  handler.ContextHandler (ContextHandler.java:doStop(1159)) - Stopped o.e.j.s.ServletContextHandler@76f7120a{static,/static,jar:file:/home/runner/.m2/repository/org/apache/ozone/hdds-container-service/1.4.0-SNAPSHOT/hdds-container-service-1.4.0-SNAPSHOT.jar!/webapps/static,STOPPED}
2023-02-03 08:25:24,227 [Mini-Cluster-Provider-Reap] INFO  handler.ContextHandler (ContextHandler.java:doStop(1159)) - Stopped o.e.j.s.ServletContextHandler@5248aa1d{logs,/logs,file:///home/runner/work/ozone/ozone/hadoop-ozone/integration-test/target/log,STOPPED}
2023-02-03 08:25:24,233 [ForkJoinPool.commonPool-worker-1] INFO  handler.ContextHandler (ContextHandler.java:doStop(1159)) - Stopped o.e.j.w.WebAppContext@5c36a2a3{hddsDatanode,/,null,STOPPED}{jar:file:/home/runner/.m2/repository/org/apache/ozone/hdds-container-service/1.4.0-SNAPSHOT/hdds-container-service-1.4.0-SNAPSHOT.jar!/webapps/hddsDatanode}
2023-02-03 08:25:24,235 [ForkJoinPool.commonPool-worker-1] INFO  server.AbstractConnector (AbstractConnector.java:doStop(383)) - Stopped ServerConnector@59dd7128{HTTP/1.1, (http/1.1)}{0.0.0.0:0}
2023-02-03 08:25:24,235 [ForkJoinPool.commonPool-worker-1] INFO  server.session (HouseKeeper.java:stopScavenging(149)) - node0 Stopped scavenging
2023-02-03 08:25:24,236 [ForkJoinPool.commonPool-worker-1] INFO  handler.ContextHandler (ContextHandler.java:doStop(1159)) - Stopped o.e.j.s.ServletContextHandler@59edeb1d{static,/static,jar:file:/home/runner/.m2/repository/org/apache/ozone/hdds-container-service/1.4.0-SNAPSHOT/hdds-container-service-1.4.0-SNAPSHOT.jar!/webapps/static,STOPPED}
2023-02-03 08:25:24,238 [Mini-Cluster-Provider-Reap] INFO  ozoneimpl.OzoneContainer (OzoneContainer.java:stop(420)) - Attempting to stop container services.
2023-02-03 08:25:24,238 [ForkJoinPool.commonPool-worker-1] INFO  handler.ContextHandler (ContextHandler.java:doStop(1159)) - Stopped o.e.j.s.ServletContextHandler@6f0fd04{logs,/logs,file:///home/runner/work/ozone/ozone/hadoop-ozone/integration-test/target/log,STOPPED}
2023-02-03 08:25:24,243 [Mini-Cluster-Provider-Reap] INFO  server.RaftServer (RaftServerProxy.java:lambda$close$6(409)) - 6a445247-c549-4943-ac0e-b7225f55d98a: close
2023-02-03 08:25:24,245 [Mini-Cluster-Provider-Reap] INFO  server.GrpcService (GrpcService.java:closeImpl(271)) - 6a445247-c549-4943-ac0e-b7225f55d98a: shutdown server GrpcServerProtocolService now
2023-02-03 08:25:24,254 [Mini-Cluster-Provider-Reap] INFO  server.GrpcServerProtocolClient (GrpcServerProtocolClient.java:close(101)) - fa8ac6cf-9eac-4eb3-9d13-3c75f4ab3c09 Close channels
2023-02-03 08:25:24,255 [grpc-default-executor-3] WARN  server.GrpcServerProtocolService (LogUtils.java:warn(122)) - 6a445247-c549-4943-ac0e-b7225f55d98a: installSnapshot onError, lastRequest: 585970c3-6c22-4637-9398-2d57238869c8->6a445247-c549-4943-ac0e-b7225f55d98a#186-t5,previous=(t:5, i:54),leaderCommit=54,initializing? true,entries: size=1, first=(t:5, i:55), METADATAENTRY(c:54): org.apache.ratis.thirdparty.io.grpc.StatusRuntimeException: CANCELLED: client cancelled
2023-02-03 08:25:24,255 [grpc-default-executor-3] WARN  server.GrpcLogAppender (LogUtils.java:warn(122)) - 585970c3-6c22-4637-9398-2d57238869c8@group-D3AC8F9931E3->6a445247-c549-4943-ac0e-b7225f55d98a-AppendLogResponseHandler: Failed appendEntries: org.apache.ratis.thirdparty.io.grpc.StatusRuntimeException: CANCELLED: RST_STREAM closed stream. HTTP/2 error code: CANCEL
2023-02-03 08:25:24,255 [grpc-default-executor-3] INFO  leader.FollowerInfo (FollowerInfoImpl.java:lambda$new$0(48)) - 585970c3-6c22-4637-9398-2d57238869c8@group-D3AC8F9931E3->6a445247-c549-4943-ac0e-b7225f55d98a: nextIndex: updateUnconditionally 56 -> 55
2023-02-03 08:25:24,255 [grpc-default-executor-8] WARN  server.GrpcServerProtocolService (LogUtils.java:warn(122)) - 6a445247-c549-4943-ac0e-b7225f55d98a: installSnapshot onError, lastRequest: null: org.apache.ratis.thirdparty.io.grpc.StatusRuntimeException: CANCELLED: client cancelled
2023-02-03 08:25:24,256 [grpc-default-executor-8] WARN  server.GrpcLogAppender (LogUtils.java:warn(122)) - 585970c3-6c22-4637-9398-2d57238869c8@group-D3AC8F9931E3->6a445247-c549-4943-ac0e-b7225f55d98a-AppendLogResponseHandler: Failed appendEntries: org.apache.ratis.thirdparty.io.grpc.StatusRuntimeException: CANCELLED: RST_STREAM closed stream. HTTP/2 error code: CANCEL
2023-02-03 08:25:24,256 [grpc-default-executor-8] INFO  leader.FollowerInfo (FollowerInfoImpl.java:lambda$new$0(48)) - 585970c3-6c22-4637-9398-2d57238869c8@group-D3AC8F9931E3->6a445247-c549-4943-ac0e-b7225f55d98a: nextIndex: updateUnconditionally 55 -> 54
2023-02-03 08:25:24,262 [grpc-default-executor-3] WARN  server.GrpcLogAppender (LogUtils.java:warn(122)) - 585970c3-6c22-4637-9398-2d57238869c8@group-D3AC8F9931E3->6a445247-c549-4943-ac0e-b7225f55d98a-AppendLogResponseHandler: Failed appendEntries: org.apache.ratis.thirdparty.io.grpc.StatusRuntimeException: UNAVAILABLE: io exception
2023-02-03 08:25:24,262 [grpc-default-executor-3] INFO  leader.FollowerInfo (FollowerInfoImpl.java:lambda$new$0(48)) - 585970c3-6c22-4637-9398-2d57238869c8@group-D3AC8F9931E3->6a445247-c549-4943-ac0e-b7225f55d98a: nextIndex: updateUnconditionally 55 -> 54
2023-02-03 08:25:24,263 [grpc-default-executor-8] WARN  server.GrpcLogAppender (LogUtils.java:warn(122)) - 585970c3-6c22-4637-9398-2d57238869c8@group-D3AC8F9931E3->6a445247-c549-4943-ac0e-b7225f55d98a-AppendLogResponseHandler: Failed appendEntries: org.apache.ratis.thirdparty.io.grpc.StatusRuntimeException: UNAVAILABLE: io exception
2023-02-03 08:25:24,264 [grpc-default-executor-8] INFO  leader.FollowerInfo (FollowerInfoImpl.java:lambda$new$0(48)) - 585970c3-6c22-4637-9398-2d57238869c8@group-D3AC8F9931E3->6a445247-c549-4943-ac0e-b7225f55d98a: nextIndex: updateUnconditionally 54 -> 53
2023-02-03 08:25:24,275 [Mini-Cluster-Provider-Reap] INFO  server.GrpcServerProtocolClient (GrpcServerProtocolClient.java:close(101)) - 585970c3-6c22-4637-9398-2d57238869c8 Close channels
2023-02-03 08:25:24,275 [Mini-Cluster-Provider-Reap] INFO  server.GrpcService (GrpcService.java:closeImpl(280)) - 6a445247-c549-4943-ac0e-b7225f55d98a: shutdown server GrpcServerProtocolService successfully
2023-02-03 08:25:24,278 [6a445247-c549-4943-ac0e-b7225f55d98a-NettyServerStreamRpc-bossGroup--thread1] INFO  logging.LoggingHandler (AbstractInternalLogger.java:log(148)) - [id: 0x3309ef3e, L:/0:0:0:0:0:0:0:0:37487] CLOSE
2023-02-03 08:25:24,278 [6a445247-c549-4943-ac0e-b7225f55d98a-NettyServerStreamRpc-bossGroup--thread1] INFO  logging.LoggingHandler (AbstractInternalLogger.java:log(148)) - [id: 0x3309ef3e, L:/0:0:0:0:0:0:0:0:37487] INACTIVE
2023-02-03 08:25:24,278 [6a445247-c549-4943-ac0e-b7225f55d98a-NettyServerStreamRpc-bossGroup--thread1] INFO  logging.LoggingHandler (AbstractInternalLogger.java:log(148)) - [id: 0x3309ef3e, L:/0:0:0:0:0:0:0:0:37487] UNREGISTERED
2023-02-03 08:25:24,283 [6a445247-c549-4943-ac0e-b7225f55d98a-impl-thread2] INFO  server.RaftServer$Division (RaftServerImpl.java:lambda$close$4(458)) - 6a445247-c549-4943-ac0e-b7225f55d98a@group-8EA488E22BD3: shutdown
2023-02-03 08:25:24,283 [6a445247-c549-4943-ac0e-b7225f55d98a-impl-thread2] INFO  util.JmxRegister (JmxRegister.java:unregister(73)) - Successfully un-registered JMX Bean with object name Ratis:service=RaftServer,group=group-8EA488E22BD3,id=6a445247-c549-4943-ac0e-b7225f55d98a
2023-02-03 08:25:24,284 [6a445247-c549-4943-ac0e-b7225f55d98a-impl-thread2] INFO  impl.RoleInfo (RoleInfo.java:shutdownLeaderState(93)) - 6a445247-c549-4943-ac0e-b7225f55d98a: shutdown 6a445247-c549-4943-ac0e-b7225f55d98a@group-8EA488E22BD3-LeaderStateImpl
2023-02-03 08:25:24,284 [6a445247-c549-4943-ac0e-b7225f55d98a-impl-thread2] INFO  impl.PendingRequests (PendingRequests.java:sendNotLeaderResponses(282)) - 6a445247-c549-4943-ac0e-b7225f55d98a@group-8EA488E22BD3-PendingRequests: sendNotLeaderResponses
2023-02-03 08:25:24,284 [6a445247-c549-4943-ac0e-b7225f55d98a-impl-thread2] INFO  impl.StateMachineUpdater (StateMachineUpdater.java:stopAndJoin(153)) - 6a445247-c549-4943-ac0e-b7225f55d98a@group-8EA488E22BD3-StateMachineUpdater: set stopIndex = 0
2023-02-03 08:25:24,284 [6a445247-c549-4943-ac0e-b7225f55d98a-impl-thread3] INFO  server.RaftServer$Division (RaftServerImpl.java:lambda$close$4(458)) - 6a445247-c549-4943-ac0e-b7225f55d98a@group-D3AC8F9931E3: shutdown
2023-02-03 08:25:24,284 [6a445247-c549-4943-ac0e-b7225f55d98a-impl-thread3] INFO  util.JmxRegister (JmxRegister.java:unregister(73)) - Successfully un-registered JMX Bean with object name Ratis:service=RaftServer,group=group-D3AC8F9931E3,id=6a445247-c549-4943-ac0e-b7225f55d98a
2023-02-03 08:25:24,284 [6a445247-c549-4943-ac0e-b7225f55d98a-impl-thread3] INFO  impl.RoleInfo (RoleInfo.java:shutdownFollowerState(110)) - 6a445247-c549-4943-ac0e-b7225f55d98a: shutdown 6a445247-c549-4943-ac0e-b7225f55d98a@group-D3AC8F9931E3-FollowerState
2023-02-03 08:25:24,284 [6a445247-c549-4943-ac0e-b7225f55d98a-impl-thread3] INFO  impl.StateMachineUpdater (StateMachineUpdater.java:stopAndJoin(153)) - 6a445247-c549-4943-ac0e-b7225f55d98a@group-D3AC8F9931E3-StateMachineUpdater: set stopIndex = 55
2023-02-03 08:25:24,285 [6a445247-c549-4943-ac0e-b7225f55d98a@group-8EA488E22BD3-StateMachineUpdater] INFO  ratis.ContainerStateMachine (ContainerStateMachine.java:takeSnapshot(308)) - group-8EA488E22BD3: Taking a snapshot at:(t:1, i:0) file /home/runner/work/ozone/ozone/hadoop-ozone/integration-test/target/test-dir/MiniOzoneClusterImpl-14be88a4-8f05-46f6-bbfd-baa6b5a73b12/datanode-3/data/ratis/7c07b6ec-ac9e-411a-bb9f-8ea488e22bd3/sm/snapshot.1_0
2023-02-03 08:25:24,285 [6a445247-c549-4943-ac0e-b7225f55d98a@group-D3AC8F9931E3-FollowerState] INFO  impl.FollowerState (FollowerState.java:run(152)) - 6a445247-c549-4943-ac0e-b7225f55d98a@group-D3AC8F9931E3-FollowerState was interrupted
2023-02-03 08:25:24,290 [ForkJoinPool.commonPool-worker-1] INFO  ozoneimpl.OzoneContainer (OzoneContainer.java:stop(420)) - Attempting to stop container services.
2023-02-03 08:25:24,291 [6a445247-c549-4943-ac0e-b7225f55d98a@group-D3AC8F9931E3-StateMachineUpdater] INFO  ratis.ContainerStateMachine (ContainerStateMachine.java:takeSnapshot(308)) - group-D3AC8F9931E3: Taking a snapshot at:(t:5, i:55) file /home/runner/work/ozone/ozone/hadoop-ozone/integration-test/target/test-dir/MiniOzoneClusterImpl-14be88a4-8f05-46f6-bbfd-baa6b5a73b12/datanode-3/data/ratis/3992144e-e61c-45e5-b2ba-d3ac8f9931e3/sm/snapshot.5_55
2023-02-03 08:25:24,296 [6a445247-c549-4943-ac0e-b7225f55d98a@group-8EA488E22BD3-StateMachineUpdater] INFO  ratis.ContainerStateMachine (ContainerStateMachine.java:takeSnapshot(319)) - group-8EA488E22BD3: Finished taking a snapshot at:(t:1, i:0) file:/home/runner/work/ozone/ozone/hadoop-ozone/integration-test/target/test-dir/MiniOzoneClusterImpl-14be88a4-8f05-46f6-bbfd-baa6b5a73b12/datanode-3/data/ratis/7c07b6ec-ac9e-411a-bb9f-8ea488e22bd3/sm/snapshot.1_0 took: 11 ms
2023-02-03 08:25:24,296 [6a445247-c549-4943-ac0e-b7225f55d98a@group-8EA488E22BD3-StateMachineUpdater] INFO  impl.StateMachineUpdater (StateMachineUpdater.java:takeSnapshot(287)) - 6a445247-c549-4943-ac0e-b7225f55d98a@group-8EA488E22BD3-StateMachineUpdater: Took a snapshot at index 0
2023-02-03 08:25:24,296 [6a445247-c549-4943-ac0e-b7225f55d98a@group-8EA488E22BD3-StateMachineUpdater] INFO  impl.StateMachineUpdater (StateMachineUpdater.java:lambda$new$0(92)) - 6a445247-c549-4943-ac0e-b7225f55d98a@group-8EA488E22BD3-StateMachineUpdater: snapshotIndex: updateIncreasingly -1 -> 0
2023-02-03 08:25:24,297 [6a445247-c549-4943-ac0e-b7225f55d98a-impl-thread2] INFO  server.RaftServer$Division (ServerState.java:close(466)) - 6a445247-c549-4943-ac0e-b7225f55d98a@group-8EA488E22BD3: closes. applyIndex: 0
2023-02-03 08:25:24,297 [6a445247-c549-4943-ac0e-b7225f55d98a@group-D3AC8F9931E3-StateMachineUpdater] INFO  ratis.ContainerStateMachine (ContainerStateMachine.java:takeSnapshot(319)) - group-D3AC8F9931E3: Finished taking a snapshot at:(t:5, i:55) file:/home/runner/work/ozone/ozone/hadoop-ozone/integration-test/target/test-dir/MiniOzoneClusterImpl-14be88a4-8f05-46f6-bbfd-baa6b5a73b12/datanode-3/data/ratis/3992144e-e61c-45e5-b2ba-d3ac8f9931e3/sm/snapshot.5_55 took: 11 ms
2023-02-03 08:25:24,297 [6a445247-c549-4943-ac0e-b7225f55d98a@group-D3AC8F9931E3-StateMachineUpdater] INFO  impl.StateMachineUpdater (StateMachineUpdater.java:takeSnapshot(287)) - 6a445247-c549-4943-ac0e-b7225f55d98a@group-D3AC8F9931E3-StateMachineUpdater: Took a snapshot at index 55
2023-02-03 08:25:24,297 [6a445247-c549-4943-ac0e-b7225f55d98a@group-D3AC8F9931E3-StateMachineUpdater] INFO  impl.StateMachineUpdater (StateMachineUpdater.java:lambda$new$0(92)) - 6a445247-c549-4943-ac0e-b7225f55d98a@group-D3AC8F9931E3-StateMachineUpdater: snapshotIndex: updateIncreasingly -1 -> 55
08:25:24.244 [ContainerOp-2d730a4a-1904-4e86-afbb-bf539aca678c-1] ERROR DNAudit - user=null | ip=null | op=PUT_BLOCK {blockData=[blockId=conID: 4 locID: 111677748019200012 bcsId: 0, size=19]} | ret=FAILURE
java.lang.Exception: Put Key failed
	at org.apache.hadoop.ozone.container.common.impl.HddsDispatcher.dispatchRequest(HddsDispatcher.java:389) ~[hdds-container-service-1.4.0-SNAPSHOT.jar:?]
	at org.apache.hadoop.ozone.container.common.impl.HddsDispatcher.lambda$dispatch$0(HddsDispatcher.java:171) ~[hdds-container-service-1.4.0-SNAPSHOT.jar:?]
	at org.apache.hadoop.hdds.server.OzoneProtocolMessageDispatcher.processRequest(OzoneProtocolMessageDispatcher.java:87) ~[hdds-server-framework-1.4.0-SNAPSHOT.jar:?]
	at org.apache.hadoop.ozone.container.common.impl.HddsDispatcher.dispatch(HddsDispatcher.java:170) ~[hdds-container-service-1.4.0-SNAPSHOT.jar:?]
	at org.apache.hadoop.ozone.container.common.transport.server.ratis.ContainerStateMachine.dispatchCommand(ContainerStateMachine.java:417) ~[hdds-container-service-1.4.0-SNAPSHOT.jar:?]
	at org.apache.hadoop.ozone.container.common.transport.server.ratis.ContainerStateMachine.runCommand(ContainerStateMachine.java:427) ~[hdds-container-service-1.4.0-SNAPSHOT.jar:?]
	at org.apache.hadoop.ozone.container.common.transport.server.ratis.ContainerStateMachine.lambda$submitTask$9(ContainerStateMachine.java:814) ~[hdds-container-service-1.4.0-SNAPSHOT.jar:?]
	at org.apache.ratis.util.TaskQueue.lambda$submit$0(TaskQueue.java:121) ~[ratis-common-2.4.2-8b8bdda-SNAPSHOT.jar:2.4.2-8b8bdda-SNAPSHOT]
	at org.apache.ratis.util.LogUtils.runAndLog(LogUtils.java:38) [ratis-common-2.4.2-8b8bdda-SNAPSHOT.jar:2.4.2-8b8bdda-SNAPSHOT]
	at org.apache.ratis.util.LogUtils$1.run(LogUtils.java:79) [ratis-common-2.4.2-8b8bdda-SNAPSHOT.jar:2.4.2-8b8bdda-SNAPSHOT]
	at java.util.concurrent.Executors$RunnableAdapter.call(Executors.java:511) [?:1.8.0_362]
	at java.util.concurrent.FutureTask.run(FutureTask.java:266) [?:1.8.0_362]
	at java.util.concurrent.ThreadPoolExecutor.runWorker(ThreadPoolExecutor.java:1149) [?:1.8.0_362]
	at java.util.concurrent.ThreadPoolExecutor$Worker.run(ThreadPoolExecutor.java:624) [?:1.8.0_362]
	at java.lang.Thread.run(Thread.java:750) [?:1.8.0_362]
2023-02-03 08:25:24,307 [ContainerOp-2d730a4a-1904-4e86-afbb-bf539aca678c-1] ERROR ratis.ContainerStateMachine (ContainerStateMachine.java:lambda$applyTransaction$15(914)) - gid group-BF539ACA678C : ApplyTransaction failed. cmd PutBlock logIndex 22 msg : Put Key failed Container Result: IO_EXCEPTION
2023-02-03 08:25:24,335 [6a445247-c549-4943-ac0e-b7225f55d98a-impl-thread3] INFO  server.RaftServer$Division (ServerState.java:close(466)) - 6a445247-c549-4943-ac0e-b7225f55d98a@group-D3AC8F9931E3: closes. applyIndex: 55
2023-02-03 08:25:24,335 [6a445247-c549-4943-ac0e-b7225f55d98a@group-D3AC8F9931E3-SegmentedRaftLogWorker] INFO  segmented.SegmentedRaftLogWorker (SegmentedRaftLogWorker.java:run(347)) - 6a445247-c549-4943-ac0e-b7225f55d98a@group-D3AC8F9931E3-SegmentedRaftLogWorker was interrupted, exiting. There are 0 tasks remaining in the queue.
2023-02-03 08:25:24,335 [6a445247-c549-4943-ac0e-b7225f55d98a@group-8EA488E22BD3-SegmentedRaftLogWorker] INFO  segmented.SegmentedRaftLogWorker (SegmentedRaftLogWorker.java:run(347)) - 6a445247-c549-4943-ac0e-b7225f55d98a@group-8EA488E22BD3-SegmentedRaftLogWorker was interrupted, exiting. There are 0 tasks remaining in the queue.
2023-02-03 08:25:24,341 [ForkJoinPool.commonPool-worker-1] INFO  server.RaftServer (RaftServerProxy.java:lambda$close$6(409)) - cd164716-5aaa-460e-ae23-f59e5d162df8: close
2023-02-03 08:25:24,342 [ContainerOp-2d730a4a-1904-4e86-afbb-bf539aca678c-1] ERROR ratis.XceiverServerRatis (XceiverServerRatis.java:triggerPipelineClose(720)) - pipeline Action CLOSE on pipeline PipelineID=2d730a4a-1904-4e86-afbb-bf539aca678c.Reason : Ratis Transaction failure in datanode 1d26bd31-d57e-4272-aee2-8b25bf096957 with role FOLLOWER .Triggering pipeline close action.
2023-02-03 08:25:24,345 [6a445247-c549-4943-ac0e-b7225f55d98a-impl-thread3] INFO  segmented.SegmentedRaftLogWorker (SegmentedRaftLogWorker.java:close(257)) - 6a445247-c549-4943-ac0e-b7225f55d98a@group-D3AC8F9931E3-SegmentedRaftLogWorker close()
2023-02-03 08:25:24,347 [6a445247-c549-4943-ac0e-b7225f55d98a-impl-thread2] INFO  segmented.SegmentedRaftLogWorker (SegmentedRaftLogWorker.java:close(257)) - 6a445247-c549-4943-ac0e-b7225f55d98a@group-8EA488E22BD3-SegmentedRaftLogWorker close()
2023-02-03 08:25:24,350 [EventQueue-PipelineActionsForPipelineActionHandler] INFO  pipeline.PipelineActionHandler (PipelineActionHandler.java:processPipelineAction(83)) - Received pipeline action CLOSE for PipelineID=2d730a4a-1904-4e86-afbb-bf539aca678c from datanode 1d26bd31-d57e-4272-aee2-8b25bf096957. Reason : Ratis Transaction failure in datanode 1d26bd31-d57e-4272-aee2-8b25bf096957 with role FOLLOWER .Triggering pipeline close action.
2023-02-03 08:25:24,351 [EventQueue-PipelineActionsForPipelineActionHandler] INFO  pipeline.PipelineManagerImpl (PipelineManagerImpl.java:closeContainersForPipeline(421)) - Container #1 closed for pipeline=PipelineID=2d730a4a-1904-4e86-afbb-bf539aca678c
2023-02-03 08:25:24,351 [EventQueue-PipelineActionsForPipelineActionHandler] INFO  pipeline.PipelineManagerImpl (PipelineManagerImpl.java:closeContainersForPipeline(421)) - Container #3 closed for pipeline=PipelineID=2d730a4a-1904-4e86-afbb-bf539aca678c
2023-02-03 08:25:24,352 [EventQueue-PipelineActionsForPipelineActionHandler] INFO  pipeline.PipelineManagerImpl (PipelineManagerImpl.java:closeContainersForPipeline(421)) - Container #4 closed for pipeline=PipelineID=2d730a4a-1904-4e86-afbb-bf539aca678c
2023-02-03 08:25:24,352 [EventQueue-PipelineActionsForPipelineActionHandler] INFO  pipeline.PipelineManagerImpl (PipelineManagerImpl.java:closePipeline(442)) - Pipeline Pipeline[ Id: 2d730a4a-1904-4e86-afbb-bf539aca678c, Nodes: fb809e67-793a-4199-a2f5-5836e5e9d09f(fv-az243-539.eyhnzsvkqwvufobmc3lzdbadce.jx.internal.cloudapp.net/10.1.0.160)5f61b73f-7af0-4258-8c93-74f2ad148b39(fv-az243-539.eyhnzsvkqwvufobmc3lzdbadce.jx.internal.cloudapp.net/10.1.0.160)1d26bd31-d57e-4272-aee2-8b25bf096957(fv-az243-539.eyhnzsvkqwvufobmc3lzdbadce.jx.internal.cloudapp.net/10.1.0.160), ReplicationConfig: RATIS/THREE, State:OPEN, leaderId:fb809e67-793a-4199-a2f5-5836e5e9d09f, CreationTimestamp2023-02-03T08:24:18.051Z[Etc/UTC]] moved to CLOSED state
2023-02-03 08:25:24,352 [EventQueue-PipelineActionsForPipelineActionHandler] INFO  pipeline.RatisPipelineProvider (RatisPipelineProvider.java:lambda$close$4(272)) - Send pipeline:PipelineID=2d730a4a-1904-4e86-afbb-bf539aca678c close command to datanode fb809e67-793a-4199-a2f5-5836e5e9d09f
2023-02-03 08:25:24,352 [EventQueue-PipelineActionsForPipelineActionHandler] INFO  pipeline.RatisPipelineProvider (RatisPipelineProvider.java:lambda$close$4(272)) - Send pipeline:PipelineID=2d730a4a-1904-4e86-afbb-bf539aca678c close command to datanode 5f61b73f-7af0-4258-8c93-74f2ad148b39
2023-02-03 08:25:24,352 [EventQueue-PipelineActionsForPipelineActionHandler] INFO  pipeline.RatisPipelineProvider (RatisPipelineProvider.java:lambda$close$4(272)) - Send pipeline:PipelineID=2d730a4a-1904-4e86-afbb-bf539aca678c close command to datanode 1d26bd31-d57e-4272-aee2-8b25bf096957
2023-02-03 08:25:24,368 [EventQueue-PipelineActionsForPipelineActionHandler] INFO  pipeline.PipelineStateManagerImpl (PipelineStateManagerImpl.java:removePipeline(245)) - Pipeline Pipeline[ Id: 2d730a4a-1904-4e86-afbb-bf539aca678c, Nodes: fb809e67-793a-4199-a2f5-5836e5e9d09f(fv-az243-539.eyhnzsvkqwvufobmc3lzdbadce.jx.internal.cloudapp.net/10.1.0.160)5f61b73f-7af0-4258-8c93-74f2ad148b39(fv-az243-539.eyhnzsvkqwvufobmc3lzdbadce.jx.internal.cloudapp.net/10.1.0.160)1d26bd31-d57e-4272-aee2-8b25bf096957(fv-az243-539.eyhnzsvkqwvufobmc3lzdbadce.jx.internal.cloudapp.net/10.1.0.160), ReplicationConfig: RATIS/THREE, State:CLOSED, leaderId:fb809e67-793a-4199-a2f5-5836e5e9d09f, CreationTimestamp2023-02-03T08:24:18.051Z[Etc/UTC]] removed.
2023-02-03 08:25:24,369 [cd164716-5aaa-460e-ae23-f59e5d162df8-impl-thread2] INFO  server.RaftServer$Division (RaftServerImpl.java:lambda$close$4(458)) - cd164716-5aaa-460e-ae23-f59e5d162df8@group-9736E7FBA7A4: shutdown
2023-02-03 08:25:24,369 [cd164716-5aaa-460e-ae23-f59e5d162df8-impl-thread2] INFO  util.JmxRegister (JmxRegister.java:unregister(73)) - Successfully un-registered JMX Bean with object name Ratis:service=RaftServer,group=group-9736E7FBA7A4,id=cd164716-5aaa-460e-ae23-f59e5d162df8
2023-02-03 08:25:24,369 [cd164716-5aaa-460e-ae23-f59e5d162df8-impl-thread2] INFO  impl.RoleInfo (RoleInfo.java:shutdownLeaderState(93)) - cd164716-5aaa-460e-ae23-f59e5d162df8: shutdown cd164716-5aaa-460e-ae23-f59e5d162df8@group-9736E7FBA7A4-LeaderStateImpl
2023-02-03 08:25:24,369 [ForkJoinPool.commonPool-worker-1] INFO  server.GrpcService (GrpcService.java:closeImpl(271)) - cd164716-5aaa-460e-ae23-f59e5d162df8: shutdown server GrpcServerProtocolService now
2023-02-03 08:25:24,371 [ForkJoinPool.commonPool-worker-1] INFO  server.GrpcServerProtocolClient (GrpcServerProtocolClient.java:close(101)) - b8b92bf3-e106-41ad-8aa8-22294baa69e2 Close channels
2023-02-03 08:25:24,381 [ForkJoinPool.commonPool-worker-1] INFO  server.GrpcServerProtocolClient (GrpcServerProtocolClient.java:close(101)) - a7d824a2-b650-48bf-a88a-dfb7e887d265 Close channels
2023-02-03 08:25:24,386 [grpc-default-executor-8] INFO  server.GrpcServerProtocolService (GrpcServerProtocolService.java:onCompleted(143)) - a7d824a2-b650-48bf-a88a-dfb7e887d265: Completed APPEND_ENTRIES, lastRequest: cd164716-5aaa-460e-ae23-f59e5d162df8->a7d824a2-b650-48bf-a88a-dfb7e887d265#1-t6,previous=(t:0, i:0),leaderCommit=0,initializing? true,entries: size=1, first=(t:6, i:0), CONFIGURATIONENTRY(current:id: "a7d824a2-b650-48bf-a88a-dfb7e887d265"
address: "10.1.0.160:38953"
dataStreamAddress: "10.1.0.160:44209"
clientAddress: "10.1.0.160:38953"
adminAddress: "10.1.0.160:38953"
startupRole: FOLLOWER
,id: "1cc2e5d0-431d-47be-bed9-8151716dee8a"
address: "10.1.0.160:35673"
dataStreamAddress: "10.1.0.160:37151"
clientAddress: "10.1.0.160:35673"
adminAddress: "10.1.0.160:35673"
startupRole: FOLLOWER
,id: "cd164716-5aaa-460e-ae23-f59e5d162df8"
address: "10.1.0.160:37749"
priority: 1
dataStreamAddress: "10.1.0.160:36981"
clientAddress: "10.1.0.160:37749"
adminAddress: "10.1.0.160:37749"
startupRole: FOLLOWER
, old:)
2023-02-03 08:25:24,390 [grpc-default-executor-3] INFO  server.GrpcServerProtocolService (GrpcServerProtocolService.java:onCompleted(143)) - a7d824a2-b650-48bf-a88a-dfb7e887d265: Completed APPEND_ENTRIES, lastRequest: null
2023-02-03 08:25:24,390 [grpc-default-executor-0] INFO  server.GrpcLogAppender (GrpcLogAppender.java:onCompleted(415)) - cd164716-5aaa-460e-ae23-f59e5d162df8@group-9736E7FBA7A4->a7d824a2-b650-48bf-a88a-dfb7e887d265-AppendLogResponseHandler: follower responses appendEntries COMPLETED
2023-02-03 08:25:24,390 [grpc-default-executor-0] WARN  server.GrpcLogAppender (GrpcLogAppender.java:resetClient(137)) - cd164716-5aaa-460e-ae23-f59e5d162df8@group-9736E7FBA7A4->a7d824a2-b650-48bf-a88a-dfb7e887d265-GrpcLogAppender: Failed to getClient for a7d824a2-b650-48bf-a88a-dfb7e887d265
org.apache.ratis.protocol.exceptions.AlreadyClosedException: cd164716-5aaa-460e-ae23-f59e5d162df8 is already CLOSED
	at org.apache.ratis.util.PeerProxyMap$PeerAndProxy.getProxy(PeerProxyMap.java:61)
	at org.apache.ratis.util.PeerProxyMap.getProxy(PeerProxyMap.java:115)
	at org.apache.ratis.grpc.server.GrpcLogAppender.getClient(GrpcLogAppender.java:116)
	at org.apache.ratis.grpc.server.GrpcLogAppender.resetClient(GrpcLogAppender.java:121)
	at org.apache.ratis.grpc.server.GrpcLogAppender.access$500(GrpcLogAppender.java:58)
	at org.apache.ratis.grpc.server.GrpcLogAppender$AppendLogResponseHandler.onCompleted(GrpcLogAppender.java:416)
	at org.apache.ratis.thirdparty.io.grpc.stub.ClientCalls$StreamObserverToCallListenerAdapter.onClose(ClientCalls.java:485)
	at org.apache.ratis.thirdparty.io.grpc.internal.ClientCallImpl.closeObserver(ClientCallImpl.java:562)
	at org.apache.ratis.thirdparty.io.grpc.internal.ClientCallImpl.access$300(ClientCallImpl.java:70)
	at org.apache.ratis.thirdparty.io.grpc.internal.ClientCallImpl$ClientStreamListenerImpl$1StreamClosed.runInternal(ClientCallImpl.java:743)
	at org.apache.ratis.thirdparty.io.grpc.internal.ClientCallImpl$ClientStreamListenerImpl$1StreamClosed.runInContext(ClientCallImpl.java:722)
	at org.apache.ratis.thirdparty.io.grpc.internal.ContextRunnable.run(ContextRunnable.java:37)
	at org.apache.ratis.thirdparty.io.grpc.internal.SerializingExecutor.run(SerializingExecutor.java:133)
	at java.util.concurrent.ThreadPoolExecutor.runWorker(ThreadPoolExecutor.java:1149)
	at java.util.concurrent.ThreadPoolExecutor$Worker.run(ThreadPoolExecutor.java:624)
	at java.lang.Thread.run(Thread.java:750)
2023-02-03 08:25:24,390 [grpc-default-executor-8] INFO  server.GrpcLogAppender (GrpcLogAppender.java:onCompleted(415)) - cd164716-5aaa-460e-ae23-f59e5d162df8@group-9736E7FBA7A4->a7d824a2-b650-48bf-a88a-dfb7e887d265-AppendLogResponseHandler: follower responses appendEntries COMPLETED
2023-02-03 08:25:24,390 [grpc-default-executor-8] WARN  server.GrpcLogAppender (GrpcLogAppender.java:resetClient(137)) - cd164716-5aaa-460e-ae23-f59e5d162df8@group-9736E7FBA7A4->a7d824a2-b650-48bf-a88a-dfb7e887d265-GrpcLogAppender: Failed to getClient for a7d824a2-b650-48bf-a88a-dfb7e887d265
org.apache.ratis.protocol.exceptions.AlreadyClosedException: cd164716-5aaa-460e-ae23-f59e5d162df8 is already CLOSED
	at org.apache.ratis.util.PeerProxyMap$PeerAndProxy.getProxy(PeerProxyMap.java:61)
	at org.apache.ratis.util.PeerProxyMap.getProxy(PeerProxyMap.java:115)
	at org.apache.ratis.grpc.server.GrpcLogAppender.getClient(GrpcLogAppender.java:116)
	at org.apache.ratis.grpc.server.GrpcLogAppender.resetClient(GrpcLogAppender.java:121)
	at org.apache.ratis.grpc.server.GrpcLogAppender.access$500(GrpcLogAppender.java:58)
	at org.apache.ratis.grpc.server.GrpcLogAppender$AppendLogResponseHandler.onCompleted(GrpcLogAppender.java:416)
	at org.apache.ratis.thirdparty.io.grpc.stub.ClientCalls$StreamObserverToCallListenerAdapter.onClose(ClientCalls.java:485)
	at org.apache.ratis.thirdparty.io.grpc.internal.DelayedClientCall$DelayedListener$3.run(DelayedClientCall.java:468)
	at org.apache.ratis.thirdparty.io.grpc.internal.DelayedClientCall$DelayedListener.delayOrExecute(DelayedClientCall.java:432)
	at org.apache.ratis.thirdparty.io.grpc.internal.DelayedClientCall$DelayedListener.onClose(DelayedClientCall.java:465)
	at org.apache.ratis.thirdparty.io.grpc.internal.ClientCallImpl.closeObserver(ClientCallImpl.java:562)
	at org.apache.ratis.thirdparty.io.grpc.internal.ClientCallImpl.access$300(ClientCallImpl.java:70)
	at org.apache.ratis.thirdparty.io.grpc.internal.ClientCallImpl$ClientStreamListenerImpl$1StreamClosed.runInternal(ClientCallImpl.java:743)
	at org.apache.ratis.thirdparty.io.grpc.internal.ClientCallImpl$ClientStreamListenerImpl$1StreamClosed.runInContext(ClientCallImpl.java:722)
	at org.apache.ratis.thirdparty.io.grpc.internal.ContextRunnable.run(ContextRunnable.java:37)
	at org.apache.ratis.thirdparty.io.grpc.internal.SerializingExecutor.run(SerializingExecutor.java:133)
	at java.util.concurrent.ThreadPoolExecutor.runWorker(ThreadPoolExecutor.java:1149)
	at java.util.concurrent.ThreadPoolExecutor$Worker.run(ThreadPoolExecutor.java:624)
	at java.lang.Thread.run(Thread.java:750)
2023-02-03 08:25:24,395 [cd164716-5aaa-460e-ae23-f59e5d162df8-impl-thread2] INFO  impl.PendingRequests (PendingRequests.java:sendNotLeaderResponses(282)) - cd164716-5aaa-460e-ae23-f59e5d162df8@group-9736E7FBA7A4-PendingRequests: sendNotLeaderResponses
2023-02-03 08:25:24,396 [cd164716-5aaa-460e-ae23-f59e5d162df8-impl-thread2] INFO  impl.StateMachineUpdater (StateMachineUpdater.java:stopAndJoin(153)) - cd164716-5aaa-460e-ae23-f59e5d162df8@group-9736E7FBA7A4-StateMachineUpdater: set stopIndex = 0
2023-02-03 08:25:24,396 [cd164716-5aaa-460e-ae23-f59e5d162df8-impl-thread3] INFO  server.RaftServer$Division (RaftServerImpl.java:lambda$close$4(458)) - cd164716-5aaa-460e-ae23-f59e5d162df8@group-B18E9975E44F: shutdown
2023-02-03 08:25:24,397 [cd164716-5aaa-460e-ae23-f59e5d162df8-impl-thread3] INFO  util.JmxRegister (JmxRegister.java:unregister(73)) - Successfully un-registered JMX Bean with object name Ratis:service=RaftServer,group=group-B18E9975E44F,id=cd164716-5aaa-460e-ae23-f59e5d162df8
2023-02-03 08:25:24,397 [cd164716-5aaa-460e-ae23-f59e5d162df8-impl-thread3] INFO  impl.RoleInfo (RoleInfo.java:shutdownLeaderState(93)) - cd164716-5aaa-460e-ae23-f59e5d162df8: shutdown cd164716-5aaa-460e-ae23-f59e5d162df8@group-B18E9975E44F-LeaderStateImpl
2023-02-03 08:25:24,397 [cd164716-5aaa-460e-ae23-f59e5d162df8-impl-thread3] INFO  impl.PendingRequests (PendingRequests.java:sendNotLeaderResponses(282)) - cd164716-5aaa-460e-ae23-f59e5d162df8@group-B18E9975E44F-PendingRequests: sendNotLeaderResponses
2023-02-03 08:25:24,397 [cd164716-5aaa-460e-ae23-f59e5d162df8-impl-thread3] INFO  impl.StateMachineUpdater (StateMachineUpdater.java:stopAndJoin(153)) - cd164716-5aaa-460e-ae23-f59e5d162df8@group-B18E9975E44F-StateMachineUpdater: set stopIndex = 0
2023-02-03 08:25:24,399 [cd164716-5aaa-460e-ae23-f59e5d162df8@group-9736E7FBA7A4-StateMachineUpdater] INFO  ratis.ContainerStateMachine (ContainerStateMachine.java:takeSnapshot(308)) - group-9736E7FBA7A4: Taking a snapshot at:(t:6, i:0) file /home/runner/work/ozone/ozone/hadoop-ozone/integration-test/target/test-dir/MiniOzoneClusterImpl-14be88a4-8f05-46f6-bbfd-baa6b5a73b12/datanode-0/data/ratis/085293f5-43c5-40e2-a959-9736e7fba7a4/sm/snapshot.6_0
2023-02-03 08:25:24,399 [cd164716-5aaa-460e-ae23-f59e5d162df8@group-B18E9975E44F-StateMachineUpdater] INFO  ratis.ContainerStateMachine (ContainerStateMachine.java:takeSnapshot(308)) - group-B18E9975E44F: Taking a snapshot at:(t:1, i:0) file /home/runner/work/ozone/ozone/hadoop-ozone/integration-test/target/test-dir/MiniOzoneClusterImpl-14be88a4-8f05-46f6-bbfd-baa6b5a73b12/datanode-0/data/ratis/7d6e7512-e3ed-40f0-925e-b18e9975e44f/sm/snapshot.1_0
2023-02-03 08:25:24,400 [cd164716-5aaa-460e-ae23-f59e5d162df8@group-B18E9975E44F-StateMachineUpdater] INFO  ratis.ContainerStateMachine (ContainerStateMachine.java:takeSnapshot(319)) - group-B18E9975E44F: Finished taking a snapshot at:(t:1, i:0) file:/home/runner/work/ozone/ozone/hadoop-ozone/integration-test/target/test-dir/MiniOzoneClusterImpl-14be88a4-8f05-46f6-bbfd-baa6b5a73b12/datanode-0/data/ratis/7d6e7512-e3ed-40f0-925e-b18e9975e44f/sm/snapshot.1_0 took: 2 ms
2023-02-03 08:25:24,400 [cd164716-5aaa-460e-ae23-f59e5d162df8@group-B18E9975E44F-StateMachineUpdater] INFO  impl.StateMachineUpdater (StateMachineUpdater.java:takeSnapshot(287)) - cd164716-5aaa-460e-ae23-f59e5d162df8@group-B18E9975E44F-StateMachineUpdater: Took a snapshot at index 0
2023-02-03 08:25:24,400 [cd164716-5aaa-460e-ae23-f59e5d162df8@group-B18E9975E44F-StateMachineUpdater] INFO  impl.StateMachineUpdater (StateMachineUpdater.java:lambda$new$0(92)) - cd164716-5aaa-460e-ae23-f59e5d162df8@group-B18E9975E44F-StateMachineUpdater: snapshotIndex: updateIncreasingly -1 -> 0
2023-02-03 08:25:24,401 [cd164716-5aaa-460e-ae23-f59e5d162df8@group-9736E7FBA7A4-StateMachineUpdater] INFO  ratis.ContainerStateMachine (ContainerStateMachine.java:takeSnapshot(319)) - group-9736E7FBA7A4: Finished taking a snapshot at:(t:6, i:0) file:/home/runner/work/ozone/ozone/hadoop-ozone/integration-test/target/test-dir/MiniOzoneClusterImpl-14be88a4-8f05-46f6-bbfd-baa6b5a73b12/datanode-0/data/ratis/085293f5-43c5-40e2-a959-9736e7fba7a4/sm/snapshot.6_0 took: 2 ms
2023-02-03 08:25:24,401 [cd164716-5aaa-460e-ae23-f59e5d162df8-impl-thread3] INFO  server.RaftServer$Division (ServerState.java:close(466)) - cd164716-5aaa-460e-ae23-f59e5d162df8@group-B18E9975E44F: closes. applyIndex: 0
2023-02-03 08:25:24,401 [cd164716-5aaa-460e-ae23-f59e5d162df8@group-9736E7FBA7A4-StateMachineUpdater] INFO  impl.StateMachineUpdater (StateMachineUpdater.java:takeSnapshot(287)) - cd164716-5aaa-460e-ae23-f59e5d162df8@group-9736E7FBA7A4-StateMachineUpdater: Took a snapshot at index 0
2023-02-03 08:25:24,401 [cd164716-5aaa-460e-ae23-f59e5d162df8@group-9736E7FBA7A4-StateMachineUpdater] INFO  impl.StateMachineUpdater (StateMachineUpdater.java:lambda$new$0(92)) - cd164716-5aaa-460e-ae23-f59e5d162df8@group-9736E7FBA7A4-StateMachineUpdater: snapshotIndex: updateIncreasingly -1 -> 0
2023-02-03 08:25:24,401 [cd164716-5aaa-460e-ae23-f59e5d162df8-impl-thread2] INFO  server.RaftServer$Division (ServerState.java:close(466)) - cd164716-5aaa-460e-ae23-f59e5d162df8@group-9736E7FBA7A4: closes. applyIndex: 0
2023-02-03 08:25:24,414 [EventQueue-CloseContainerForCloseContainerEventHandler] INFO  container.CloseContainerEventHandler (CloseContainerEventHandler.java:onMessage(73)) - Close container Event triggered for container : #4, current state: CLOSING
2023-02-03 08:25:24,416 [EventQueue-CloseContainerForCloseContainerEventHandler] INFO  container.CloseContainerEventHandler (CloseContainerEventHandler.java:onMessage(73)) - Close container Event triggered for container : #1, current state: CLOSING
2023-02-03 08:25:24,416 [EventQueue-CloseContainerForCloseContainerEventHandler] INFO  container.CloseContainerEventHandler (CloseContainerEventHandler.java:onMessage(73)) - Close container Event triggered for container : #3, current state: CLOSING
2023-02-03 08:25:24,417 [EventQueue-CloseContainerForCloseContainerEventHandler] INFO  container.CloseContainerEventHandler (CloseContainerEventHandler.java:onMessage(73)) - Close container Event triggered for container : #4, current state: CLOSING
2023-02-03 08:25:24,417 [cd164716-5aaa-460e-ae23-f59e5d162df8@group-9736E7FBA7A4-SegmentedRaftLogWorker] INFO  segmented.SegmentedRaftLogWorker (SegmentedRaftLogWorker.java:run(347)) - cd164716-5aaa-460e-ae23-f59e5d162df8@group-9736E7FBA7A4-SegmentedRaftLogWorker was interrupted, exiting. There are 0 tasks remaining in the queue.
2023-02-03 08:25:24,417 [EventQueue-StaleNodeForStaleNodeHandler] INFO  node.StaleNodeHandler (StaleNodeHandler.java:onMessage(59)) - Datanode fa8ac6cf-9eac-4eb3-9d13-3c75f4ab3c09(fv-az243-539.eyhnzsvkqwvufobmc3lzdbadce.jx.internal.cloudapp.net/10.1.0.160) moved to stale state. Finalizing its pipelines [PipelineID=15384f02-589d-4790-8a7f-0f5ef98f3c6a, PipelineID=3992144e-e61c-45e5-b2ba-d3ac8f9931e3]
2023-02-03 08:25:24,417 [cd164716-5aaa-460e-ae23-f59e5d162df8-impl-thread2] INFO  segmented.SegmentedRaftLogWorker (SegmentedRaftLogWorker.java:close(257)) - cd164716-5aaa-460e-ae23-f59e5d162df8@group-9736E7FBA7A4-SegmentedRaftLogWorker close()
2023-02-03 08:25:24,417 [EventQueue-StaleNodeForStaleNodeHandler] INFO  pipeline.PipelineManagerImpl (PipelineManagerImpl.java:closePipeline(442)) - Pipeline Pipeline[ Id: 15384f02-589d-4790-8a7f-0f5ef98f3c6a, Nodes: fa8ac6cf-9eac-4eb3-9d13-3c75f4ab3c09(fv-az243-539.eyhnzsvkqwvufobmc3lzdbadce.jx.internal.cloudapp.net/10.1.0.160), ReplicationConfig: RATIS/ONE, State:OPEN, leaderId:fa8ac6cf-9eac-4eb3-9d13-3c75f4ab3c09, CreationTimestamp2023-02-03T08:23:52.394Z[Etc/UTC]] moved to CLOSED state
2023-02-03 08:25:24,418 [EventQueue-StaleNodeForStaleNodeHandler] INFO  pipeline.PipelineManagerImpl (PipelineManagerImpl.java:closeContainersForPipeline(421)) - Container #3 closed for pipeline=PipelineID=3992144e-e61c-45e5-b2ba-d3ac8f9931e3
2023-02-03 08:25:24,418 [EventQueue-StaleNodeForStaleNodeHandler] INFO  pipeline.PipelineManagerImpl (PipelineManagerImpl.java:closeContainersForPipeline(421)) - Container #4 closed for pipeline=PipelineID=3992144e-e61c-45e5-b2ba-d3ac8f9931e3
2023-02-03 08:25:24,418 [EventQueue-StaleNodeForStaleNodeHandler] INFO  pipeline.PipelineManagerImpl (PipelineManagerImpl.java:closeContainersForPipeline(421)) - Container #5 closed for pipeline=PipelineID=3992144e-e61c-45e5-b2ba-d3ac8f9931e3
2023-02-03 08:25:24,418 [EventQueue-StaleNodeForStaleNodeHandler] INFO  pipeline.PipelineManagerImpl (PipelineManagerImpl.java:closePipeline(442)) - Pipeline Pipeline[ Id: 3992144e-e61c-45e5-b2ba-d3ac8f9931e3, Nodes: 585970c3-6c22-4637-9398-2d57238869c8(fv-az243-539.eyhnzsvkqwvufobmc3lzdbadce.jx.internal.cloudapp.net/10.1.0.160)fa8ac6cf-9eac-4eb3-9d13-3c75f4ab3c09(fv-az243-539.eyhnzsvkqwvufobmc3lzdbadce.jx.internal.cloudapp.net/10.1.0.160)6a445247-c549-4943-ac0e-b7225f55d98a(fv-az243-539.eyhnzsvkqwvufobmc3lzdbadce.jx.internal.cloudapp.net/10.1.0.160), ReplicationConfig: RATIS/THREE, State:OPEN, leaderId:585970c3-6c22-4637-9398-2d57238869c8, CreationTimestamp2023-02-03T08:23:52.841Z[Etc/UTC]] moved to CLOSED state
2023-02-03 08:25:24,418 [cd164716-5aaa-460e-ae23-f59e5d162df8@group-B18E9975E44F-SegmentedRaftLogWorker] INFO  segmented.SegmentedRaftLogWorker (SegmentedRaftLogWorker.java:run(347)) - cd164716-5aaa-460e-ae23-f59e5d162df8@group-B18E9975E44F-SegmentedRaftLogWorker was interrupted, exiting. There are 0 tasks remaining in the queue.
2023-02-03 08:25:24,419 [cd164716-5aaa-460e-ae23-f59e5d162df8-impl-thread3] INFO  segmented.SegmentedRaftLogWorker (SegmentedRaftLogWorker.java:close(257)) - cd164716-5aaa-460e-ae23-f59e5d162df8@group-B18E9975E44F-SegmentedRaftLogWorker close()
2023-02-03 08:25:24,418 [EventQueue-CloseContainerForCloseContainerEventHandler] INFO  container.CloseContainerEventHandler (CloseContainerEventHandler.java:onMessage(73)) - Close container Event triggered for container : #3, current state: CLOSING
2023-02-03 08:25:24,419 [EventQueue-CloseContainerForCloseContainerEventHandler] INFO  container.CloseContainerEventHandler (CloseContainerEventHandler.java:onMessage(73)) - Close container Event triggered for container : #4, current state: CLOSING
2023-02-03 08:25:24,419 [EventQueue-CloseContainerForCloseContainerEventHandler] INFO  container.CloseContainerEventHandler (CloseContainerEventHandler.java:onMessage(73)) - Close container Event triggered for container : #5, current state: CLOSING
2023-02-03 08:25:24,423 [JvmPauseMonitor21] INFO  util.JvmPauseMonitor (JvmPauseMonitor.java:run(111)) - JvmPauseMonitor-6a445247-c549-4943-ac0e-b7225f55d98a: Stopped
2023-02-03 08:25:24,428 [ForkJoinPool.commonPool-worker-1] INFO  server.GrpcServerProtocolClient (GrpcServerProtocolClient.java:close(101)) - 1cc2e5d0-431d-47be-bed9-8151716dee8a Close channels
2023-02-03 08:25:24,436 [ForkJoinPool.commonPool-worker-1] INFO  server.GrpcService (GrpcService.java:closeImpl(280)) - cd164716-5aaa-460e-ae23-f59e5d162df8: shutdown server GrpcServerProtocolService successfully
2023-02-03 08:25:24,437 [grpc-default-executor-8] WARN  server.GrpcLogAppender (LogUtils.java:warn(122)) - 585970c3-6c22-4637-9398-2d57238869c8@group-D3AC8F9931E3->fa8ac6cf-9eac-4eb3-9d13-3c75f4ab3c09-AppendLogResponseHandler: Failed appendEntries: org.apache.ratis.thirdparty.io.grpc.StatusRuntimeException: UNAVAILABLE: io exception
2023-02-03 08:25:24,437 [grpc-default-executor-8] INFO  leader.FollowerInfo (FollowerInfoImpl.java:lambda$new$0(48)) - 585970c3-6c22-4637-9398-2d57238869c8@group-D3AC8F9931E3->fa8ac6cf-9eac-4eb3-9d13-3c75f4ab3c09: nextIndex: updateUnconditionally 50 -> 49
2023-02-03 08:25:24,437 [grpc-default-executor-0] WARN  server.GrpcLogAppender (LogUtils.java:warn(122)) - 585970c3-6c22-4637-9398-2d57238869c8@group-D3AC8F9931E3->fa8ac6cf-9eac-4eb3-9d13-3c75f4ab3c09-AppendLogResponseHandler: Failed appendEntries: org.apache.ratis.thirdparty.io.grpc.StatusRuntimeException: UNAVAILABLE: io exception
2023-02-03 08:25:24,437 [grpc-default-executor-0] INFO  leader.FollowerInfo (FollowerInfoImpl.java:lambda$new$0(48)) - 585970c3-6c22-4637-9398-2d57238869c8@group-D3AC8F9931E3->fa8ac6cf-9eac-4eb3-9d13-3c75f4ab3c09: nextIndex: updateUnconditionally 49 -> 48
2023-02-03 08:25:24,439 [cd164716-5aaa-460e-ae23-f59e5d162df8-NettyServerStreamRpc-bossGroup--thread1] INFO  logging.LoggingHandler (AbstractInternalLogger.java:log(148)) - [id: 0xc8062027, L:/0:0:0:0:0:0:0:0:36981] CLOSE
2023-02-03 08:25:24,439 [cd164716-5aaa-460e-ae23-f59e5d162df8-NettyServerStreamRpc-bossGroup--thread1] INFO  logging.LoggingHandler (AbstractInternalLogger.java:log(148)) - [id: 0xc8062027, L:/0:0:0:0:0:0:0:0:36981] INACTIVE
2023-02-03 08:25:24,439 [cd164716-5aaa-460e-ae23-f59e5d162df8-NettyServerStreamRpc-bossGroup--thread1] INFO  logging.LoggingHandler (AbstractInternalLogger.java:log(148)) - [id: 0xc8062027, L:/0:0:0:0:0:0:0:0:36981] UNREGISTERED
2023-02-03 08:25:24,447 [grpc-default-executor-0] WARN  server.GrpcLogAppender (LogUtils.java:warn(122)) - 585970c3-6c22-4637-9398-2d57238869c8@group-D3AC8F9931E3->fa8ac6cf-9eac-4eb3-9d13-3c75f4ab3c09-AppendLogResponseHandler: Failed appendEntries: org.apache.ratis.thirdparty.io.grpc.StatusRuntimeException: UNAVAILABLE: io exception
2023-02-03 08:25:24,448 [grpc-default-executor-0] INFO  leader.FollowerInfo (FollowerInfoImpl.java:lambda$new$0(48)) - 585970c3-6c22-4637-9398-2d57238869c8@group-D3AC8F9931E3->fa8ac6cf-9eac-4eb3-9d13-3c75f4ab3c09: nextIndex: updateUnconditionally 49 -> 48
2023-02-03 08:25:24,448 [grpc-default-executor-8] WARN  server.GrpcLogAppender (LogUtils.java:warn(122)) - 585970c3-6c22-4637-9398-2d57238869c8@group-D3AC8F9931E3->fa8ac6cf-9eac-4eb3-9d13-3c75f4ab3c09-AppendLogResponseHandler: Failed appendEntries: org.apache.ratis.thirdparty.io.grpc.StatusRuntimeException: UNAVAILABLE: io exception
2023-02-03 08:25:24,448 [grpc-default-executor-8] INFO  leader.FollowerInfo (FollowerInfoImpl.java:lambda$new$0(48)) - 585970c3-6c22-4637-9398-2d57238869c8@group-D3AC8F9931E3->fa8ac6cf-9eac-4eb3-9d13-3c75f4ab3c09: nextIndex: updateUnconditionally 48 -> 47
2023-02-03 08:25:24,470 [JvmPauseMonitor18] INFO  util.JvmPauseMonitor (JvmPauseMonitor.java:run(111)) - JvmPauseMonitor-cd164716-5aaa-460e-ae23-f59e5d162df8: Stopped
2023-02-03 08:25:24,712 [IPC Server handler 6 on default port 33963] INFO  pipeline.PipelineStateManagerImpl (PipelineStateManagerImpl.java:addPipeline(103)) - Created pipeline Pipeline[ Id: f165d67d-a087-4a83-94e8-9b4b6b98e019, Nodes: 1d26bd31-d57e-4272-aee2-8b25bf096957(fv-az243-539.eyhnzsvkqwvufobmc3lzdbadce.jx.internal.cloudapp.net/10.1.0.160)930e56af-37ea-4bca-84b4-a85cc5024965(fv-az243-539.eyhnzsvkqwvufobmc3lzdbadce.jx.internal.cloudapp.net/10.1.0.160)5f61b73f-7af0-4258-8c93-74f2ad148b39(fv-az243-539.eyhnzsvkqwvufobmc3lzdbadce.jx.internal.cloudapp.net/10.1.0.160)fb809e67-793a-4199-a2f5-5836e5e9d09f(fv-az243-539.eyhnzsvkqwvufobmc3lzdbadce.jx.internal.cloudapp.net/10.1.0.160)e0a84492-830d-4f05-a6bf-67d3770e5d78(fv-az243-539.eyhnzsvkqwvufobmc3lzdbadce.jx.internal.cloudapp.net/10.1.0.160), ReplicationConfig: EC/ECReplicationConfig{data=3, parity=2, ecChunkSize=1048576, codec=rs}, State:ALLOCATED, leaderId:, CreationTimestamp2023-02-03T08:25:24.712Z[Etc/UTC]].
2023-02-03 08:25:24,713 [IPC Server handler 6 on default port 33963] INFO  pipeline.PipelineManagerImpl (PipelineManagerImpl.java:openPipeline(367)) - Pipeline Pipeline[ Id: f165d67d-a087-4a83-94e8-9b4b6b98e019, Nodes: 1d26bd31-d57e-4272-aee2-8b25bf096957(fv-az243-539.eyhnzsvkqwvufobmc3lzdbadce.jx.internal.cloudapp.net/10.1.0.160)930e56af-37ea-4bca-84b4-a85cc5024965(fv-az243-539.eyhnzsvkqwvufobmc3lzdbadce.jx.internal.cloudapp.net/10.1.0.160)5f61b73f-7af0-4258-8c93-74f2ad148b39(fv-az243-539.eyhnzsvkqwvufobmc3lzdbadce.jx.internal.cloudapp.net/10.1.0.160)fb809e67-793a-4199-a2f5-5836e5e9d09f(fv-az243-539.eyhnzsvkqwvufobmc3lzdbadce.jx.internal.cloudapp.net/10.1.0.160)e0a84492-830d-4f05-a6bf-67d3770e5d78(fv-az243-539.eyhnzsvkqwvufobmc3lzdbadce.jx.internal.cloudapp.net/10.1.0.160), ReplicationConfig: EC/ECReplicationConfig{data=3, parity=2, ecChunkSize=1048576, codec=rs}, State:ALLOCATED, leaderId:, CreationTimestamp2023-02-03T08:25:24.712Z[Etc/UTC]] moved to OPEN state
2023-02-03 08:25:24,718 [EventQueue-StaleNodeForStaleNodeHandler] INFO  node.StaleNodeHandler (StaleNodeHandler.java:onMessage(59)) - Datanode 1cc2e5d0-431d-47be-bed9-8151716dee8a(fv-az243-539.eyhnzsvkqwvufobmc3lzdbadce.jx.internal.cloudapp.net/10.1.0.160) moved to stale state. Finalizing its pipelines [PipelineID=085293f5-43c5-40e2-a959-9736e7fba7a4, PipelineID=039dd6a3-31d3-415e-96b3-6afb2318c422]
2023-02-03 08:25:24,718 [EventQueue-StaleNodeForStaleNodeHandler] INFO  pipeline.PipelineManagerImpl (PipelineManagerImpl.java:closePipeline(442)) - Pipeline Pipeline[ Id: 085293f5-43c5-40e2-a959-9736e7fba7a4, Nodes: a7d824a2-b650-48bf-a88a-dfb7e887d265(fv-az243-539.eyhnzsvkqwvufobmc3lzdbadce.jx.internal.cloudapp.net/10.1.0.160)cd164716-5aaa-460e-ae23-f59e5d162df8(fv-az243-539.eyhnzsvkqwvufobmc3lzdbadce.jx.internal.cloudapp.net/10.1.0.160)1cc2e5d0-431d-47be-bed9-8151716dee8a(fv-az243-539.eyhnzsvkqwvufobmc3lzdbadce.jx.internal.cloudapp.net/10.1.0.160), ReplicationConfig: RATIS/THREE, State:OPEN, leaderId:cd164716-5aaa-460e-ae23-f59e5d162df8, CreationTimestamp2023-02-03T08:24:49.531Z[Etc/UTC]] moved to CLOSED state
2023-02-03 08:25:24,719 [EventQueue-StaleNodeForStaleNodeHandler] INFO  pipeline.PipelineManagerImpl (PipelineManagerImpl.java:closePipeline(442)) - Pipeline Pipeline[ Id: 039dd6a3-31d3-415e-96b3-6afb2318c422, Nodes: 1cc2e5d0-431d-47be-bed9-8151716dee8a(fv-az243-539.eyhnzsvkqwvufobmc3lzdbadce.jx.internal.cloudapp.net/10.1.0.160), ReplicationConfig: RATIS/ONE, State:OPEN, leaderId:1cc2e5d0-431d-47be-bed9-8151716dee8a, CreationTimestamp2023-02-03T08:23:51.324Z[Etc/UTC]] moved to CLOSED state
2023-02-03 08:25:24,837 [EventQueue-PipelineReportForPipelineReportHandler] INFO  pipeline.PipelineReportHandler (PipelineReportHandler.java:processPipelineReport(115)) - Reported pipeline PipelineID=2d730a4a-1904-4e86-afbb-bf539aca678c is not found
2023-02-03 08:25:24,842 [EventQueue-PipelineReportForPipelineReportHandler] INFO  pipeline.PipelineReportHandler (PipelineReportHandler.java:processPipelineReport(115)) - Reported pipeline PipelineID=2d730a4a-1904-4e86-afbb-bf539aca678c is not found
2023-02-03 08:25:24,897 [EventQueue-PipelineReportForPipelineReportHandler] INFO  pipeline.PipelineReportHandler (PipelineReportHandler.java:processPipelineReport(115)) - Reported pipeline PipelineID=2d730a4a-1904-4e86-afbb-bf539aca678c is not found
2023-02-03 08:25:24,924 [IPC Server handler 12 on default port 33963] INFO  pipeline.PipelineStateManagerImpl (PipelineStateManagerImpl.java:addPipeline(103)) - Created pipeline Pipeline[ Id: 7ce9f9fc-b383-4d2e-8c30-0078920d9530, Nodes: e0a84492-830d-4f05-a6bf-67d3770e5d78(fv-az243-539.eyhnzsvkqwvufobmc3lzdbadce.jx.internal.cloudapp.net/10.1.0.160)930e56af-37ea-4bca-84b4-a85cc5024965(fv-az243-539.eyhnzsvkqwvufobmc3lzdbadce.jx.internal.cloudapp.net/10.1.0.160)5f61b73f-7af0-4258-8c93-74f2ad148b39(fv-az243-539.eyhnzsvkqwvufobmc3lzdbadce.jx.internal.cloudapp.net/10.1.0.160)9a67ec56-1f2c-46c7-aced-22731513988f(fv-az243-539.eyhnzsvkqwvufobmc3lzdbadce.jx.internal.cloudapp.net/10.1.0.160)fb809e67-793a-4199-a2f5-5836e5e9d09f(fv-az243-539.eyhnzsvkqwvufobmc3lzdbadce.jx.internal.cloudapp.net/10.1.0.160), ReplicationConfig: EC/ECReplicationConfig{data=3, parity=2, ecChunkSize=1048576, codec=rs}, State:ALLOCATED, leaderId:, CreationTimestamp2023-02-03T08:25:24.923Z[Etc/UTC]].
2023-02-03 08:25:24,924 [IPC Server handler 12 on default port 33963] INFO  pipeline.PipelineManagerImpl (PipelineManagerImpl.java:openPipeline(367)) - Pipeline Pipeline[ Id: 7ce9f9fc-b383-4d2e-8c30-0078920d9530, Nodes: e0a84492-830d-4f05-a6bf-67d3770e5d78(fv-az243-539.eyhnzsvkqwvufobmc3lzdbadce.jx.internal.cloudapp.net/10.1.0.160)930e56af-37ea-4bca-84b4-a85cc5024965(fv-az243-539.eyhnzsvkqwvufobmc3lzdbadce.jx.internal.cloudapp.net/10.1.0.160)5f61b73f-7af0-4258-8c93-74f2ad148b39(fv-az243-539.eyhnzsvkqwvufobmc3lzdbadce.jx.internal.cloudapp.net/10.1.0.160)9a67ec56-1f2c-46c7-aced-22731513988f(fv-az243-539.eyhnzsvkqwvufobmc3lzdbadce.jx.internal.cloudapp.net/10.1.0.160)fb809e67-793a-4199-a2f5-5836e5e9d09f(fv-az243-539.eyhnzsvkqwvufobmc3lzdbadce.jx.internal.cloudapp.net/10.1.0.160), ReplicationConfig: EC/ECReplicationConfig{data=3, parity=2, ecChunkSize=1048576, codec=rs}, State:ALLOCATED, leaderId:, CreationTimestamp2023-02-03T08:25:24.923Z[Etc/UTC]] moved to OPEN state
2023-02-03 08:25:24,981 [ReplicationMonitor] INFO  replication.LegacyReplicationManager (LegacyReplicationManager.java:sendCloseCommand(1435)) - Sending close container command for container #3 to datanode 6a445247-c549-4943-ac0e-b7225f55d98a(fv-az243-539.eyhnzsvkqwvufobmc3lzdbadce.jx.internal.cloudapp.net/10.1.0.160).
2023-02-03 08:25:24,981 [ReplicationMonitor] INFO  replication.LegacyReplicationManager (LegacyReplicationManager.java:sendCloseCommand(1435)) - Sending close container command for container #3 to datanode fa8ac6cf-9eac-4eb3-9d13-3c75f4ab3c09(fv-az243-539.eyhnzsvkqwvufobmc3lzdbadce.jx.internal.cloudapp.net/10.1.0.160).
2023-02-03 08:25:24,981 [ReplicationMonitor] INFO  replication.LegacyReplicationManager (LegacyReplicationManager.java:sendCloseCommand(1435)) - Sending close container command for container #3 to datanode 585970c3-6c22-4637-9398-2d57238869c8(fv-az243-539.eyhnzsvkqwvufobmc3lzdbadce.jx.internal.cloudapp.net/10.1.0.160).
2023-02-03 08:25:24,981 [ReplicationMonitor] INFO  replication.LegacyReplicationManager (LegacyReplicationManager.java:sendCloseCommand(1435)) - Sending close container command for container #4 to datanode fa8ac6cf-9eac-4eb3-9d13-3c75f4ab3c09(fv-az243-539.eyhnzsvkqwvufobmc3lzdbadce.jx.internal.cloudapp.net/10.1.0.160).
2023-02-03 08:25:24,981 [ReplicationMonitor] INFO  replication.LegacyReplicationManager (LegacyReplicationManager.java:sendCloseCommand(1435)) - Sending close container command for container #4 to datanode 585970c3-6c22-4637-9398-2d57238869c8(fv-az243-539.eyhnzsvkqwvufobmc3lzdbadce.jx.internal.cloudapp.net/10.1.0.160).
2023-02-03 08:25:24,981 [ReplicationMonitor] INFO  replication.LegacyReplicationManager (LegacyReplicationManager.java:sendCloseCommand(1435)) - Sending close container command for container #4 to datanode 6a445247-c549-4943-ac0e-b7225f55d98a(fv-az243-539.eyhnzsvkqwvufobmc3lzdbadce.jx.internal.cloudapp.net/10.1.0.160).
2023-02-03 08:25:24,981 [ReplicationMonitor] INFO  replication.LegacyReplicationManager (LegacyReplicationManager.java:sendCloseCommand(1435)) - Sending close container command for container #5 to datanode 6a445247-c549-4943-ac0e-b7225f55d98a(fv-az243-539.eyhnzsvkqwvufobmc3lzdbadce.jx.internal.cloudapp.net/10.1.0.160).
2023-02-03 08:25:24,982 [ReplicationMonitor] INFO  replication.LegacyReplicationManager (LegacyReplicationManager.java:sendCloseCommand(1435)) - Sending close container command for container #5 to datanode fa8ac6cf-9eac-4eb3-9d13-3c75f4ab3c09(fv-az243-539.eyhnzsvkqwvufobmc3lzdbadce.jx.internal.cloudapp.net/10.1.0.160).
2023-02-03 08:25:24,982 [ReplicationMonitor] INFO  replication.LegacyReplicationManager (LegacyReplicationManager.java:sendCloseCommand(1435)) - Sending close container command for container #5 to datanode 585970c3-6c22-4637-9398-2d57238869c8(fv-az243-539.eyhnzsvkqwvufobmc3lzdbadce.jx.internal.cloudapp.net/10.1.0.160).
2023-02-03 08:25:24,982 [ReplicationMonitor] INFO  replication.ReplicationManager (ReplicationManager.java:processAll(367)) - Replication Monitor Thread took 1 milliseconds for processing 6 containers.
2023-02-03 08:25:24,982 [ReplicationMonitor] INFO  replication.ReplicationManager (ReplicationManager.java:processAll(367)) - Replication Monitor Thread took 0 milliseconds for processing 0 containers.
2023-02-03 08:25:24,982 [Over Replicated Processor] INFO  replication.UnhealthyReplicationProcessor (UnhealthyReplicationProcessor.java:processAll(105)) - Processed 0 containers with health state counts {},failed processing 0
2023-02-03 08:25:24,982 [Over Replicated Processor] INFO  replication.UnhealthyReplicationProcessor (UnhealthyReplicationProcessor.java:processAll(105)) - Processed 0 containers with health state counts {},failed processing 0
2023-02-03 08:25:24,982 [Under Replicated Processor] INFO  replication.UnhealthyReplicationProcessor (UnhealthyReplicationProcessor.java:processAll(105)) - Processed 0 containers with health state counts {},failed processing 0
2023-02-03 08:25:24,982 [Under Replicated Processor] INFO  replication.UnhealthyReplicationProcessor (UnhealthyReplicationProcessor.java:processAll(105)) - Processed 0 containers with health state counts {},failed processing 0
2023-02-03 08:25:24,983 [Under Replicated Processor] INFO  replication.UnhealthyReplicationProcessor (UnhealthyReplicationProcessor.java:processAll(105)) - Processed 0 containers with health state counts {},failed processing 0
2023-02-03 08:25:24,992 [ReplicationMonitor] INFO  replication.LegacyReplicationManager (LegacyReplicationManager.java:sendCloseCommand(1435)) - Sending close container command for container #1 to datanode 5f61b73f-7af0-4258-8c93-74f2ad148b39(fv-az243-539.eyhnzsvkqwvufobmc3lzdbadce.jx.internal.cloudapp.net/10.1.0.160).
2023-02-03 08:25:24,992 [ReplicationMonitor] INFO  replication.LegacyReplicationManager (LegacyReplicationManager.java:sendCloseCommand(1435)) - Sending close container command for container #1 to datanode fb809e67-793a-4199-a2f5-5836e5e9d09f(fv-az243-539.eyhnzsvkqwvufobmc3lzdbadce.jx.internal.cloudapp.net/10.1.0.160).
2023-02-03 08:25:24,992 [ReplicationMonitor] INFO  replication.LegacyReplicationManager (LegacyReplicationManager.java:sendCloseCommand(1435)) - Sending close container command for container #1 to datanode 1d26bd31-d57e-4272-aee2-8b25bf096957(fv-az243-539.eyhnzsvkqwvufobmc3lzdbadce.jx.internal.cloudapp.net/10.1.0.160).
2023-02-03 08:25:24,992 [ReplicationMonitor] INFO  replication.LegacyReplicationManager (LegacyReplicationManager.java:sendCloseCommand(1435)) - Sending close container command for container #3 to datanode 5f61b73f-7af0-4258-8c93-74f2ad148b39(fv-az243-539.eyhnzsvkqwvufobmc3lzdbadce.jx.internal.cloudapp.net/10.1.0.160).
2023-02-03 08:25:24,992 [ReplicationMonitor] INFO  replication.LegacyReplicationManager (LegacyReplicationManager.java:sendCloseCommand(1435)) - Sending close container command for container #3 to datanode fb809e67-793a-4199-a2f5-5836e5e9d09f(fv-az243-539.eyhnzsvkqwvufobmc3lzdbadce.jx.internal.cloudapp.net/10.1.0.160).
2023-02-03 08:25:24,992 [ReplicationMonitor] INFO  replication.LegacyReplicationManager (LegacyReplicationManager.java:sendCloseCommand(1435)) - Sending close container command for container #3 to datanode 1d26bd31-d57e-4272-aee2-8b25bf096957(fv-az243-539.eyhnzsvkqwvufobmc3lzdbadce.jx.internal.cloudapp.net/10.1.0.160).
2023-02-03 08:25:24,992 [ReplicationMonitor] INFO  replication.LegacyReplicationManager (LegacyReplicationManager.java:sendCloseCommand(1435)) - Sending close container command for container #4 to datanode fb809e67-793a-4199-a2f5-5836e5e9d09f(fv-az243-539.eyhnzsvkqwvufobmc3lzdbadce.jx.internal.cloudapp.net/10.1.0.160).
2023-02-03 08:25:24,992 [ReplicationMonitor] INFO  replication.LegacyReplicationManager (LegacyReplicationManager.java:sendCloseCommand(1435)) - Sending close container command for container #4 to datanode 5f61b73f-7af0-4258-8c93-74f2ad148b39(fv-az243-539.eyhnzsvkqwvufobmc3lzdbadce.jx.internal.cloudapp.net/10.1.0.160).
2023-02-03 08:25:24,992 [ReplicationMonitor] INFO  replication.ReplicationManager (ReplicationManager.java:processAll(367)) - Replication Monitor Thread took 0 milliseconds for processing 8 containers.
2023-02-03 08:25:24,992 [Over Replicated Processor] INFO  replication.UnhealthyReplicationProcessor (UnhealthyReplicationProcessor.java:processAll(105)) - Processed 0 containers with health state counts {},failed processing 0
2023-02-03 08:25:24,996 [ReplicationMonitor] INFO  replication.ReplicationManager (ReplicationManager.java:processAll(334)) - Replication Manager is not ready to run until 3000ms after safemode exit
2023-02-03 08:25:25,057 [Listener at 0.0.0.0/34767] INFO  reflections.Reflections (Reflections.java:scan(232)) - Reflections took 1022 ms to scan 19 urls, producing 67 keys and 4732 values [using 2 cores]
2023-02-03 08:25:25,059 [Listener at 0.0.0.0/34767] INFO  ipc.CallQueueManager (CallQueueManager.java:<init>(90)) - Using callQueue: class java.util.concurrent.LinkedBlockingQueue, queueCapacity: 2000, scheduler: class org.apache.hadoop.ipc.DefaultRpcScheduler, ipcBackoff: false.
2023-02-03 08:25:25,060 [Socket Reader #1 for port 0] INFO  ipc.Server (Server.java:run(1273)) - Starting Socket Reader #1 for port 0
2023-02-03 08:25:25,063 [EventQueue-PipelineReportForPipelineReportHandler] INFO  pipeline.PipelineReportHandler (PipelineReportHandler.java:processPipelineReport(115)) - Reported pipeline PipelineID=2d730a4a-1904-4e86-afbb-bf539aca678c is not found
2023-02-03 08:25:25,085 [IPC Server handler 13 on default port 33963] INFO  pipeline.PipelineStateManagerImpl (PipelineStateManagerImpl.java:addPipeline(103)) - Created pipeline Pipeline[ Id: d24e8af0-9302-4f24-9f4a-558de3d3f7e0, Nodes: e0a84492-830d-4f05-a6bf-67d3770e5d78(fv-az243-539.eyhnzsvkqwvufobmc3lzdbadce.jx.internal.cloudapp.net/10.1.0.160)5f61b73f-7af0-4258-8c93-74f2ad148b39(fv-az243-539.eyhnzsvkqwvufobmc3lzdbadce.jx.internal.cloudapp.net/10.1.0.160)fb809e67-793a-4199-a2f5-5836e5e9d09f(fv-az243-539.eyhnzsvkqwvufobmc3lzdbadce.jx.internal.cloudapp.net/10.1.0.160)9a67ec56-1f2c-46c7-aced-22731513988f(fv-az243-539.eyhnzsvkqwvufobmc3lzdbadce.jx.internal.cloudapp.net/10.1.0.160)1d26bd31-d57e-4272-aee2-8b25bf096957(fv-az243-539.eyhnzsvkqwvufobmc3lzdbadce.jx.internal.cloudapp.net/10.1.0.160), ReplicationConfig: EC/ECReplicationConfig{data=3, parity=2, ecChunkSize=1048576, codec=rs}, State:ALLOCATED, leaderId:, CreationTimestamp2023-02-03T08:25:25.084Z[Etc/UTC]].
2023-02-03 08:25:25,085 [IPC Server handler 13 on default port 33963] INFO  pipeline.PipelineManagerImpl (PipelineManagerImpl.java:openPipeline(367)) - Pipeline Pipeline[ Id: d24e8af0-9302-4f24-9f4a-558de3d3f7e0, Nodes: e0a84492-830d-4f05-a6bf-67d3770e5d78(fv-az243-539.eyhnzsvkqwvufobmc3lzdbadce.jx.internal.cloudapp.net/10.1.0.160)5f61b73f-7af0-4258-8c93-74f2ad148b39(fv-az243-539.eyhnzsvkqwvufobmc3lzdbadce.jx.internal.cloudapp.net/10.1.0.160)fb809e67-793a-4199-a2f5-5836e5e9d09f(fv-az243-539.eyhnzsvkqwvufobmc3lzdbadce.jx.internal.cloudapp.net/10.1.0.160)9a67ec56-1f2c-46c7-aced-22731513988f(fv-az243-539.eyhnzsvkqwvufobmc3lzdbadce.jx.internal.cloudapp.net/10.1.0.160)1d26bd31-d57e-4272-aee2-8b25bf096957(fv-az243-539.eyhnzsvkqwvufobmc3lzdbadce.jx.internal.cloudapp.net/10.1.0.160), ReplicationConfig: EC/ECReplicationConfig{data=3, parity=2, ecChunkSize=1048576, codec=rs}, State:ALLOCATED, leaderId:, CreationTimestamp2023-02-03T08:25:25.084Z[Etc/UTC]] moved to OPEN state
2023-02-03 08:25:25,103 [Listener at 127.0.0.1/41071] INFO  impl.MetricsSystemImpl (MetricsSystemImpl.java:init(158)) - OzoneManager metrics system started (again)
2023-02-03 08:25:25,134 [Listener at 127.0.0.1/41071] INFO  om.OzoneManager (OzoneManager.java:start(1506)) - OzoneManager RPC server is listening at localhost/127.0.0.1:41071
2023-02-03 08:25:25,134 [Listener at 127.0.0.1/41071] INFO  ratis.OzoneManagerRatisServer (OzoneManagerRatisServer.java:start(555)) - Starting OzoneManagerRatisServer om1 at port 37397
2023-02-03 08:25:25,141 [om1-impl-thread1] INFO  storage.RaftStorageDirectory (RaftStorageDirectoryImpl.java:analyzeStorage(137)) - The storage directory /home/runner/work/ozone/ozone/hadoop-ozone/integration-test/target/test-dir/MiniOzoneClusterImpl-28bc09eb-e3f7-4a89-8119-a7f902522be3/ozone-meta/ratis/bf265839-605b-3f16-9796-c5ba1605619e does not exist. Creating ...
2023-02-03 08:25:25,143 [om1-impl-thread1] INFO  storage.RaftStorageDirectory (RaftStorageDirectoryImpl.java:tryLock(231)) - Lock on /home/runner/work/ozone/ozone/hadoop-ozone/integration-test/target/test-dir/MiniOzoneClusterImpl-28bc09eb-e3f7-4a89-8119-a7f902522be3/ozone-meta/ratis/bf265839-605b-3f16-9796-c5ba1605619e/in_use.lock acquired by nodename 60377@fv-az243-539
2023-02-03 08:25:25,146 [om1-impl-thread1] INFO  storage.RaftStorage (RaftStorageImpl.java:format(96)) - Storage directory /home/runner/work/ozone/ozone/hadoop-ozone/integration-test/target/test-dir/MiniOzoneClusterImpl-28bc09eb-e3f7-4a89-8119-a7f902522be3/ozone-meta/ratis/bf265839-605b-3f16-9796-c5ba1605619e has been successfully formatted.
2023-02-03 08:25:25,147 [om1-impl-thread1] INFO  server.RaftServerConfigKeys (ConfUtils.java:logGet(46)) - raft.server.log.use.memory = false (default)
2023-02-03 08:25:25,147 [om1-impl-thread1] INFO  server.RaftServerConfigKeys (ConfUtils.java:logGet(46)) - raft.server.log.purge.gap = 1000000 (custom)
2023-02-03 08:25:25,147 [om1-impl-thread1] INFO  server.RaftServerConfigKeys (ConfUtils.java:logGet(46)) - raft.server.log.appender.buffer.byte-limit = 33554432 (custom)
2023-02-03 08:25:25,147 [om1-impl-thread1] INFO  server.RaftServerConfigKeys (ConfUtils.java:logGet(46)) - raft.server.log.statemachine.data.read.timeout = 1000ms (default)
2023-02-03 08:25:25,147 [om1-impl-thread1] INFO  server.RaftServerConfigKeys (ConfUtils.java:logGet(46)) - raft.server.log.purge.preservation.log.num = 0 (default)
2023-02-03 08:25:25,147 [om1-impl-thread1] INFO  server.RaftServerConfigKeys (ConfUtils.java:logGet(46)) - raft.server.log.segment.size.max = 4194304 (custom)
2023-02-03 08:25:25,147 [om1-impl-thread1] INFO  server.RaftServerConfigKeys (ConfUtils.java:logGet(46)) - raft.server.log.segment.cache.num.max = 2 (custom)
2023-02-03 08:25:25,147 [om1-impl-thread1] INFO  server.RaftServerConfigKeys (ConfUtils.java:logGet(46)) - raft.server.log.segment.cache.size.max = 200MB (=209715200) (default)
2023-02-03 08:25:25,147 [om1-impl-thread1] INFO  segmented.SegmentedRaftLogWorker (SegmentedRaftLogWorker.java:<init>(189)) - new om1@group-C5BA1605619E-SegmentedRaftLogWorker for RaftStorageImpl:Storage Directory /home/runner/work/ozone/ozone/hadoop-ozone/integration-test/target/test-dir/MiniOzoneClusterImpl-28bc09eb-e3f7-4a89-8119-a7f902522be3/ozone-meta/ratis/bf265839-605b-3f16-9796-c5ba1605619e
2023-02-03 08:25:25,147 [om1-impl-thread1] INFO  server.RaftServerConfigKeys (ConfUtils.java:logGet(46)) - raft.server.log.queue.byte-limit = 64MB (=67108864) (default)
2023-02-03 08:25:25,147 [om1-impl-thread1] INFO  server.RaftServerConfigKeys (ConfUtils.java:logGet(46)) - raft.server.log.queue.element-limit = 4096 (default)
2023-02-03 08:25:25,148 [om1-impl-thread1] INFO  server.RaftServerConfigKeys (ConfUtils.java:logGet(46)) - raft.server.log.segment.size.max = 4194304 (custom)
2023-02-03 08:25:25,148 [om1-impl-thread1] INFO  server.RaftServerConfigKeys (ConfUtils.java:logGet(46)) - raft.server.log.preallocated.size = 4194304 (custom)
2023-02-03 08:25:25,148 [om1-impl-thread1] INFO  server.RaftServerConfigKeys (ConfUtils.java:logGet(46)) - raft.server.log.force.sync.num = 128 (default)
2023-02-03 08:25:25,148 [om1-impl-thread1] INFO  server.RaftServerConfigKeys (ConfUtils.java:logGet(46)) - raft.server.log.statemachine.data.sync = true (default)
2023-02-03 08:25:25,148 [om1-impl-thread1] INFO  server.RaftServerConfigKeys (ConfUtils.java:logGet(46)) - raft.server.log.statemachine.data.sync.timeout = 10s (default)
2023-02-03 08:25:25,148 [om1-impl-thread1] INFO  server.RaftServerConfigKeys (ConfUtils.java:logGet(46)) - raft.server.log.statemachine.data.sync.timeout.retry = -1 (default)
2023-02-03 08:25:25,149 [om1-impl-thread1] INFO  server.RaftServerConfigKeys (ConfUtils.java:logGet(46)) - raft.server.log.write.buffer.size = 64KB (=65536) (default)
2023-02-03 08:25:25,149 [om1-impl-thread1] INFO  server.RaftServerConfigKeys (ConfUtils.java:logGet(46)) - raft.server.log.appender.buffer.byte-limit = 33554432 (custom)
2023-02-03 08:25:25,199 [om1-impl-thread1] INFO  server.RaftServerConfigKeys (ConfUtils.java:logGet(46)) - raft.server.log.unsafe-flush.enabled = false (default)
2023-02-03 08:25:25,199 [om1-impl-thread1] INFO  server.RaftServerConfigKeys (ConfUtils.java:logGet(46)) - raft.server.log.async-flush.enabled = false (default)
2023-02-03 08:25:25,199 [om1-impl-thread1] INFO  server.RaftServerConfigKeys (ConfUtils.java:logGet(46)) - raft.server.log.statemachine.data.caching.enabled = false (default)
2023-02-03 08:25:25,200 [om1-impl-thread1] INFO  segmented.SegmentedRaftLogWorker (SegmentedRaftLogWorker.java:lambda$new$0(135)) - om1@group-C5BA1605619E-SegmentedRaftLogWorker: flushIndex: setUnconditionally 0 -> -1
2023-02-03 08:25:25,200 [om1-impl-thread1] INFO  segmented.SegmentedRaftLogWorker (SegmentedRaftLogWorker.java:lambda$new$0(135)) - om1@group-C5BA1605619E-SegmentedRaftLogWorker: safeCacheEvictIndex: setUnconditionally 0 -> -1
2023-02-03 08:25:25,201 [om1-impl-thread1] INFO  server.RaftServer$Division (RaftServerImpl.java:start(334)) - om1@group-C5BA1605619E: start as a follower, conf=-1: peers:[om1|rpc:localhost:37397|priority:0|startupRole:FOLLOWER]|listeners:[], old=null
2023-02-03 08:25:25,211 [om1-impl-thread1] INFO  server.RaftServer$Division (RaftServerImpl.java:setRole(321)) - om1@group-C5BA1605619E: changes role from      null to FOLLOWER at term 0 for startAsFollower
2023-02-03 08:25:25,211 [om1-impl-thread1] INFO  impl.RoleInfo (RoleInfo.java:updateAndGet(139)) - om1: start om1@group-C5BA1605619E-FollowerState
2023-02-03 08:25:25,213 [om1-impl-thread1] ERROR util.JmxRegister (JmxRegister.java:tryRegister(40)) - Failed to register JMX Bean with name Ratis:service=RaftServer,group=group-C5BA1605619E,id=om1
javax.management.InstanceAlreadyExistsException: Ratis:service=RaftServer,group=group-C5BA1605619E,id=om1
	at com.sun.jmx.mbeanserver.Repository.addMBean(Repository.java:437)
	at com.sun.jmx.interceptor.DefaultMBeanServerInterceptor.registerWithRepository(DefaultMBeanServerInterceptor.java:1898)
	at com.sun.jmx.interceptor.DefaultMBeanServerInterceptor.registerDynamicMBean(DefaultMBeanServerInterceptor.java:966)
	at com.sun.jmx.interceptor.DefaultMBeanServerInterceptor.registerObject(DefaultMBeanServerInterceptor.java:900)
	at com.sun.jmx.interceptor.DefaultMBeanServerInterceptor.registerMBean(DefaultMBeanServerInterceptor.java:324)
	at com.sun.jmx.mbeanserver.JmxMBeanServer.registerMBean(JmxMBeanServer.java:522)
	at org.apache.ratis.util.JmxRegister.tryRegister(JmxRegister.java:38)
	at org.apache.ratis.util.JmxRegister.register(JmxRegister.java:56)
	at org.apache.ratis.server.impl.RaftServerImpl.registerMBean(RaftServerImpl.java:353)
	at org.apache.ratis.server.impl.RaftServerImpl.start(RaftServerImpl.java:344)
	at org.apache.ratis.util.ConcurrentUtils.accept(ConcurrentUtils.java:173)
	at org.apache.ratis.util.ConcurrentUtils.lambda$null$3(ConcurrentUtils.java:165)
	at java.util.concurrent.ThreadPoolExecutor.runWorker(ThreadPoolExecutor.java:1149)
	at java.util.concurrent.ThreadPoolExecutor$Worker.run(ThreadPoolExecutor.java:624)
	at java.lang.Thread.run(Thread.java:750)
2023-02-03 08:25:25,213 [om1-impl-thread1] ERROR util.JmxRegister (JmxRegister.java:tryRegister(40)) - Failed to register JMX Bean with name Ratis:service=RaftServer,group=group-C5BA1605619E,id="om1"
javax.management.InstanceAlreadyExistsException: Ratis:service=RaftServer,group=group-C5BA1605619E,id="om1"
	at com.sun.jmx.mbeanserver.Repository.addMBean(Repository.java:437)
	at com.sun.jmx.interceptor.DefaultMBeanServerInterceptor.registerWithRepository(DefaultMBeanServerInterceptor.java:1898)
	at com.sun.jmx.interceptor.DefaultMBeanServerInterceptor.registerDynamicMBean(DefaultMBeanServerInterceptor.java:966)
	at com.sun.jmx.interceptor.DefaultMBeanServerInterceptor.registerObject(DefaultMBeanServerInterceptor.java:900)
	at com.sun.jmx.interceptor.DefaultMBeanServerInterceptor.registerMBean(DefaultMBeanServerInterceptor.java:324)
	at com.sun.jmx.mbeanserver.JmxMBeanServer.registerMBean(JmxMBeanServer.java:522)
	at org.apache.ratis.util.JmxRegister.tryRegister(JmxRegister.java:38)
	at org.apache.ratis.util.JmxRegister.register(JmxRegister.java:56)
	at org.apache.ratis.server.impl.RaftServerImpl.registerMBean(RaftServerImpl.java:353)
	at org.apache.ratis.server.impl.RaftServerImpl.start(RaftServerImpl.java:344)
	at org.apache.ratis.util.ConcurrentUtils.accept(ConcurrentUtils.java:173)
	at org.apache.ratis.util.ConcurrentUtils.lambda$null$3(ConcurrentUtils.java:165)
	at java.util.concurrent.ThreadPoolExecutor.runWorker(ThreadPoolExecutor.java:1149)
	at java.util.concurrent.ThreadPoolExecutor$Worker.run(ThreadPoolExecutor.java:624)
	at java.lang.Thread.run(Thread.java:750)
2023-02-03 08:25:25,213 [om1-impl-thread1] INFO  server.RaftServerConfigKeys (ConfUtils.java:logGet(46)) - raft.server.snapshot.auto.trigger.enabled = true (custom)
2023-02-03 08:25:25,214 [om1-impl-thread1] INFO  server.RaftServerConfigKeys (ConfUtils.java:logGet(46)) - raft.server.snapshot.auto.trigger.threshold = 400000 (default)
2023-02-03 08:25:25,214 [om1-impl-thread1] INFO  server.RaftServerConfigKeys (ConfUtils.java:logGet(46)) - raft.server.snapshot.retention.file.num = -1 (default)
2023-02-03 08:25:25,214 [om1-impl-thread1] INFO  server.RaftServerConfigKeys (ConfUtils.java:logGet(46)) - raft.server.log.purge.upto.snapshot.index = true (custom)
2023-02-03 08:25:25,214 [om1@group-C5BA1605619E-FollowerState] INFO  server.RaftServerConfigKeys (ConfUtils.java:logFallback(53)) - raft.server.rpc.first-election.timeout.min = 1s (fallback to raft.server.rpc.timeout.min)
2023-02-03 08:25:25,214 [om1@group-C5BA1605619E-FollowerState] INFO  server.RaftServerConfigKeys (ConfUtils.java:logFallback(53)) - raft.server.rpc.first-election.timeout.max = 1200ms (fallback to raft.server.rpc.timeout.max)
2023-02-03 08:25:25,216 [Listener at 127.0.0.1/41071] INFO  server.RaftServer (RaftServerProxy.java:startImpl(393)) - om1: start RPC server
2023-02-03 08:25:25,217 [Listener at 127.0.0.1/41071] INFO  server.GrpcService (GrpcService.java:startImpl(262)) - om1: GrpcService started, listening on 37397
2023-02-03 08:25:25,220 [Listener at 127.0.0.1/41071] INFO  om.OzoneManager (OzoneManager.java:start(1522)) - Version File has different layout version (3) than OM DB (null). That is expected if this OM has never been finalized to a newer layout version.
2023-02-03 08:25:25,221 [JvmPauseMonitor41] INFO  util.JvmPauseMonitor (JvmPauseMonitor.java:run(105)) - JvmPauseMonitor-om1: Started
2023-02-03 08:25:25,222 [Listener at 127.0.0.1/41071] INFO  http.BaseHttpServer (BaseHttpServer.java:newHttpServer2BuilderForOzone(213)) - Starting Web-server for ozoneManager at: http://0.0.0.0:0
2023-02-03 08:25:25,222 [Listener at 127.0.0.1/41071] INFO  http.BaseHttpServer (BaseHttpServer.java:<init>(108)) - Hadoop Security Enabled: false Ozone Security Enabled: false Ozone HTTP Security Enabled: false 
2023-02-03 08:25:25,223 [Listener at 127.0.0.1/41071] WARN  server.AuthenticationFilter (AuthenticationFilter.java:constructSecretProvider(240)) - Unable to initialize FileSignerSecretProvider, falling back to use random secrets. Reason: Could not read signature secret file: /home/runner/hadoop-http-auth-signature-secret
2023-02-03 08:25:25,229 [Listener at 127.0.0.1/41071] WARN  http.HttpRequestLog (HttpRequestLog.java:getRequestLog(103)) - Jetty request log can only be enabled using Log4j
2023-02-03 08:25:25,231 [Listener at 127.0.0.1/41071] INFO  http.HttpServer2 (HttpServer2.java:addGlobalFilter(1031)) - Added global filter 'safety' (class=org.apache.hadoop.hdds.server.http.HttpServer2$QuotingInputFilter)
2023-02-03 08:25:25,231 [Listener at 127.0.0.1/41071] INFO  http.HttpServer2 (HttpServer2.java:addFilter(1007)) - Added filter static_user_filter (class=org.apache.hadoop.http.lib.StaticUserWebFilter$StaticUserFilter) to context ozoneManager
2023-02-03 08:25:25,232 [Listener at 127.0.0.1/41071] INFO  http.HttpServer2 (HttpServer2.java:addFilter(1015)) - Added filter static_user_filter (class=org.apache.hadoop.http.lib.StaticUserWebFilter$StaticUserFilter) to context logs
2023-02-03 08:25:25,232 [Listener at 127.0.0.1/41071] INFO  http.HttpServer2 (HttpServer2.java:addFilter(1015)) - Added filter static_user_filter (class=org.apache.hadoop.http.lib.StaticUserWebFilter$StaticUserFilter) to context static
2023-02-03 08:25:25,232 [Listener at 127.0.0.1/41071] INFO  http.HttpServer2 (HttpServer2.java:bindListener(1250)) - Jetty bound to port 33071
2023-02-03 08:25:25,232 [Listener at 127.0.0.1/41071] INFO  server.Server (Server.java:doStart(375)) - jetty-9.4.49.v20220914; built: 2022-09-14T01:07:36.601Z; git: 4231a3b2e4cb8548a412a789936d640a97b1aa0a; jvm 1.8.0_362-b09
2023-02-03 08:25:25,233 [Listener at 127.0.0.1/41071] INFO  server.session (DefaultSessionIdManager.java:doStart(334)) - DefaultSessionIdManager workerName=node0
2023-02-03 08:25:25,233 [Listener at 127.0.0.1/41071] INFO  server.session (DefaultSessionIdManager.java:doStart(339)) - No SessionScavenger set, using defaults
2023-02-03 08:25:25,233 [Listener at 127.0.0.1/41071] INFO  server.session (HouseKeeper.java:startScavenging(132)) - node0 Scavenging every 600000ms
2023-02-03 08:25:25,235 [EventQueue-PipelineReportForPipelineReportHandler] INFO  pipeline.PipelineReportHandler (PipelineReportHandler.java:processPipelineReport(115)) - Reported pipeline PipelineID=2d730a4a-1904-4e86-afbb-bf539aca678c is not found
2023-02-03 08:25:25,236 [Listener at 127.0.0.1/41071] INFO  handler.ContextHandler (ContextHandler.java:doStart(921)) - Started o.e.j.s.ServletContextHandler@5bbec97e{logs,/logs,file:///home/runner/work/ozone/ozone/hadoop-ozone/integration-test/target/log,AVAILABLE}
2023-02-03 08:25:25,236 [Listener at 127.0.0.1/41071] INFO  handler.ContextHandler (ContextHandler.java:doStart(921)) - Started o.e.j.s.ServletContextHandler@69a7e88a{static,/static,file:///home/runner/work/ozone/ozone/hadoop-ozone/integration-test/target/test-classes/webapps/static,AVAILABLE}
2023-02-03 08:25:25,238 [Listener at 127.0.0.1/41071] INFO  handler.ContextHandler (ContextHandler.java:doStart(921)) - Started o.e.j.w.WebAppContext@21510986{ozoneManager,/,file:///home/runner/work/ozone/ozone/hadoop-ozone/integration-test/target/test-classes/webapps/ozoneManager/,AVAILABLE}{file:/home/runner/work/ozone/ozone/hadoop-ozone/integration-test/target/test-classes/webapps/ozoneManager}
2023-02-03 08:25:25,251 [Listener at 127.0.0.1/41071] INFO  server.AbstractConnector (AbstractConnector.java:doStart(333)) - Started ServerConnector@7ab508a7{HTTP/1.1, (http/1.1)}{0.0.0.0:33071}
2023-02-03 08:25:25,251 [Listener at 127.0.0.1/41071] INFO  server.Server (Server.java:doStart(415)) - Started @148542ms
2023-02-03 08:25:25,251 [Listener at 127.0.0.1/41071] WARN  impl.MetricsSystemImpl (MetricsSystemImpl.java:register(279)) - Sink prometheus already exists!
2023-02-03 08:25:25,252 [Listener at 127.0.0.1/41071] INFO  http.BaseHttpServer (BaseHttpServer.java:updateConnectorAddress(333)) - HTTP server of ozoneManager listening at http://0.0.0.0:33071
2023-02-03 08:25:25,252 [IPC Server Responder] INFO  ipc.Server (Server.java:run(1512)) - IPC Server Responder: starting
2023-02-03 08:25:25,252 [IPC Server listener on 0] INFO  ipc.Server (Server.java:run(1352)) - IPC Server listener on 0: starting
2023-02-03 08:25:25,254 [Listener at 127.0.0.1/41071] INFO  om.OzoneManager (OzoneManager.java:startTrashEmptier(1982)) - Trash Interval set to 0. Files deleted won't move to trash
2023-02-03 08:25:25,255 [org.apache.hadoop.util.JvmPauseMonitor$Monitor@7e7e2d29] INFO  util.JvmPauseMonitor (JvmPauseMonitor.java:run(188)) - Starting JVM pause monitor
2023-02-03 08:25:25,268 [IPC Server handler 17 on default port 33963] INFO  pipeline.PipelineStateManagerImpl (PipelineStateManagerImpl.java:addPipeline(103)) - Created pipeline Pipeline[ Id: 7ea38dcb-9adf-497a-a1ad-3762af380562, Nodes: 1d26bd31-d57e-4272-aee2-8b25bf096957(fv-az243-539.eyhnzsvkqwvufobmc3lzdbadce.jx.internal.cloudapp.net/10.1.0.160)e0a84492-830d-4f05-a6bf-67d3770e5d78(fv-az243-539.eyhnzsvkqwvufobmc3lzdbadce.jx.internal.cloudapp.net/10.1.0.160)5f61b73f-7af0-4258-8c93-74f2ad148b39(fv-az243-539.eyhnzsvkqwvufobmc3lzdbadce.jx.internal.cloudapp.net/10.1.0.160)930e56af-37ea-4bca-84b4-a85cc5024965(fv-az243-539.eyhnzsvkqwvufobmc3lzdbadce.jx.internal.cloudapp.net/10.1.0.160)9a67ec56-1f2c-46c7-aced-22731513988f(fv-az243-539.eyhnzsvkqwvufobmc3lzdbadce.jx.internal.cloudapp.net/10.1.0.160), ReplicationConfig: EC/ECReplicationConfig{data=3, parity=2, ecChunkSize=1048576, codec=rs}, State:ALLOCATED, leaderId:, CreationTimestamp2023-02-03T08:25:25.267Z[Etc/UTC]].
2023-02-03 08:25:25,268 [IPC Server handler 17 on default port 33963] INFO  pipeline.PipelineManagerImpl (PipelineManagerImpl.java:openPipeline(367)) - Pipeline Pipeline[ Id: 7ea38dcb-9adf-497a-a1ad-3762af380562, Nodes: 1d26bd31-d57e-4272-aee2-8b25bf096957(fv-az243-539.eyhnzsvkqwvufobmc3lzdbadce.jx.internal.cloudapp.net/10.1.0.160)e0a84492-830d-4f05-a6bf-67d3770e5d78(fv-az243-539.eyhnzsvkqwvufobmc3lzdbadce.jx.internal.cloudapp.net/10.1.0.160)5f61b73f-7af0-4258-8c93-74f2ad148b39(fv-az243-539.eyhnzsvkqwvufobmc3lzdbadce.jx.internal.cloudapp.net/10.1.0.160)930e56af-37ea-4bca-84b4-a85cc5024965(fv-az243-539.eyhnzsvkqwvufobmc3lzdbadce.jx.internal.cloudapp.net/10.1.0.160)9a67ec56-1f2c-46c7-aced-22731513988f(fv-az243-539.eyhnzsvkqwvufobmc3lzdbadce.jx.internal.cloudapp.net/10.1.0.160), ReplicationConfig: EC/ECReplicationConfig{data=3, parity=2, ecChunkSize=1048576, codec=rs}, State:ALLOCATED, leaderId:, CreationTimestamp2023-02-03T08:25:25.267Z[Etc/UTC]] moved to OPEN state
2023-02-03 08:25:25,291 [Listener at 127.0.0.1/41071] WARN  impl.MetricRegistriesImpl (MetricRegistriesImpl.java:addReporterRegistration(111)) - New reporters are added after registries were created. Some metrics will be missing from the reporter. Please add reporter before adding any new registry.
2023-02-03 08:25:25,291 [Listener at 127.0.0.1/41071] WARN  impl.MetricRegistriesImpl (MetricRegistriesImpl.java:addReporterRegistration(111)) - New reporters are added after registries were created. Some metrics will be missing from the reporter. Please add reporter before adding any new registry.
2023-02-03 08:25:25,291 [Listener at 127.0.0.1/41071] INFO  impl.MetricsSystemImpl (MetricsSystemImpl.java:init(158)) - HddsDatanode metrics system started (again)
2023-02-03 08:25:25,313 [Listener at 127.0.0.1/41071] INFO  ozone.HddsDatanodeService (HddsDatanodeService.java:start(228)) - HddsDatanodeService host:fv-az243-539.eyhnzsvkqwvufobmc3lzdbadce.jx.internal.cloudapp.net ip:10.1.0.160
2023-02-03 08:25:25,351 [Listener at 127.0.0.1/41071] INFO  upgrade.AbstractLayoutVersionManager (AbstractLayoutVersionManager.java:init(83)) - Initializing Layout version manager with metadata layout = DATANODE_SCHEMA_V3 (version = 4), software layout = DATANODE_SCHEMA_V3 (version = 4)
2023-02-03 08:25:25,416 [IPC Server handler 1 on default port 33963] INFO  pipeline.PipelineStateManagerImpl (PipelineStateManagerImpl.java:addPipeline(103)) - Created pipeline Pipeline[ Id: 509f5aed-22ce-44a2-9ed8-a91f4ae94897, Nodes: 930e56af-37ea-4bca-84b4-a85cc5024965(fv-az243-539.eyhnzsvkqwvufobmc3lzdbadce.jx.internal.cloudapp.net/10.1.0.160)156d3216-2cb7-40b7-865e-55d97ab1f865(fv-az243-539.eyhnzsvkqwvufobmc3lzdbadce.jx.internal.cloudapp.net/10.1.0.160)e0a84492-830d-4f05-a6bf-67d3770e5d78(fv-az243-539.eyhnzsvkqwvufobmc3lzdbadce.jx.internal.cloudapp.net/10.1.0.160)fb809e67-793a-4199-a2f5-5836e5e9d09f(fv-az243-539.eyhnzsvkqwvufobmc3lzdbadce.jx.internal.cloudapp.net/10.1.0.160)1d26bd31-d57e-4272-aee2-8b25bf096957(fv-az243-539.eyhnzsvkqwvufobmc3lzdbadce.jx.internal.cloudapp.net/10.1.0.160), ReplicationConfig: EC/ECReplicationConfig{data=3, parity=2, ecChunkSize=1048576, codec=rs}, State:ALLOCATED, leaderId:, CreationTimestamp2023-02-03T08:25:25.416Z[Etc/UTC]].
2023-02-03 08:25:25,417 [IPC Server handler 1 on default port 33963] INFO  pipeline.PipelineManagerImpl (PipelineManagerImpl.java:openPipeline(367)) - Pipeline Pipeline[ Id: 509f5aed-22ce-44a2-9ed8-a91f4ae94897, Nodes: 930e56af-37ea-4bca-84b4-a85cc5024965(fv-az243-539.eyhnzsvkqwvufobmc3lzdbadce.jx.internal.cloudapp.net/10.1.0.160)156d3216-2cb7-40b7-865e-55d97ab1f865(fv-az243-539.eyhnzsvkqwvufobmc3lzdbadce.jx.internal.cloudapp.net/10.1.0.160)e0a84492-830d-4f05-a6bf-67d3770e5d78(fv-az243-539.eyhnzsvkqwvufobmc3lzdbadce.jx.internal.cloudapp.net/10.1.0.160)fb809e67-793a-4199-a2f5-5836e5e9d09f(fv-az243-539.eyhnzsvkqwvufobmc3lzdbadce.jx.internal.cloudapp.net/10.1.0.160)1d26bd31-d57e-4272-aee2-8b25bf096957(fv-az243-539.eyhnzsvkqwvufobmc3lzdbadce.jx.internal.cloudapp.net/10.1.0.160), ReplicationConfig: EC/ECReplicationConfig{data=3, parity=2, ecChunkSize=1048576, codec=rs}, State:ALLOCATED, leaderId:, CreationTimestamp2023-02-03T08:25:25.416Z[Etc/UTC]] moved to OPEN state
2023-02-03 08:25:25,474 [Listener at 127.0.0.1/41071] INFO  reflections.Reflections (Reflections.java:scan(232)) - Reflections took 121 ms to scan 7 urls, producing 150 keys and 361 values 
2023-02-03 08:25:25,475 [Listener at 127.0.0.1/41071] INFO  statemachine.DatanodeStateMachine (DatanodeStateMachine.java:getEndPointTaskThreadPoolSize(260)) - Datanode State Machine Task Thread Pool size 2
2023-02-03 08:25:25,481 [Listener at 127.0.0.1/41071] INFO  volume.HddsVolume (HddsVolume.java:<init>(117)) - Creating HddsVolume: /home/runner/work/ozone/ozone/hadoop-ozone/integration-test/target/test-dir/MiniOzoneClusterImpl-28bc09eb-e3f7-4a89-8119-a7f902522be3/datanode-0/data-0/containers/hdds of storage type : DISK capacity : 9223372036854775807
2023-02-03 08:25:25,481 [Listener at 127.0.0.1/41071] INFO  volume.MutableVolumeSet (MutableVolumeSet.java:initializeVolumeSet(174)) - Added Volume : /home/runner/work/ozone/ozone/hadoop-ozone/integration-test/target/test-dir/MiniOzoneClusterImpl-28bc09eb-e3f7-4a89-8119-a7f902522be3/datanode-0/data-0/containers/hdds to VolumeSet
2023-02-03 08:25:25,481 [Listener at 127.0.0.1/41071] INFO  volume.ThrottledAsyncChecker (ThrottledAsyncChecker.java:schedule(141)) - Scheduling a check for /home/runner/work/ozone/ozone/hadoop-ozone/integration-test/target/test-dir/MiniOzoneClusterImpl-28bc09eb-e3f7-4a89-8119-a7f902522be3/datanode-0/data-0/containers/hdds
2023-02-03 08:25:25,487 [Listener at 127.0.0.1/41071] INFO  volume.StorageVolumeChecker (StorageVolumeChecker.java:checkAllVolumes(202)) - Scheduled health check for volume /home/runner/work/ozone/ozone/hadoop-ozone/integration-test/target/test-dir/MiniOzoneClusterImpl-28bc09eb-e3f7-4a89-8119-a7f902522be3/datanode-0/data-0/containers/hdds
2023-02-03 08:25:25,520 [Listener at 127.0.0.1/41071] INFO  volume.MutableVolumeSet (MutableVolumeSet.java:initializeVolumeSet(174)) - Added Volume : /home/runner/work/ozone/ozone/hadoop-ozone/integration-test/target/test-dir/MiniOzoneClusterImpl-28bc09eb-e3f7-4a89-8119-a7f902522be3/datanode-0/data/ratis to VolumeSet
2023-02-03 08:25:25,520 [Listener at 127.0.0.1/41071] INFO  volume.ThrottledAsyncChecker (ThrottledAsyncChecker.java:schedule(141)) - Scheduling a check for /home/runner/work/ozone/ozone/hadoop-ozone/integration-test/target/test-dir/MiniOzoneClusterImpl-28bc09eb-e3f7-4a89-8119-a7f902522be3/datanode-0/data/ratis
2023-02-03 08:25:25,521 [Listener at 127.0.0.1/41071] INFO  volume.StorageVolumeChecker (StorageVolumeChecker.java:checkAllVolumes(202)) - Scheduled health check for volume /home/runner/work/ozone/ozone/hadoop-ozone/integration-test/target/test-dir/MiniOzoneClusterImpl-28bc09eb-e3f7-4a89-8119-a7f902522be3/datanode-0/data/ratis
2023-02-03 08:25:25,548 [Thread-2467] INFO  ozoneimpl.ContainerReader (ContainerReader.java:readVolume(175)) - Finish verifying containers on volume /home/runner/work/ozone/ozone/hadoop-ozone/integration-test/target/test-dir/MiniOzoneClusterImpl-28bc09eb-e3f7-4a89-8119-a7f902522be3/datanode-0/data-0/containers/hdds
2023-02-03 08:25:25,548 [Listener at 127.0.0.1/41071] INFO  ozoneimpl.OzoneContainer (OzoneContainer.java:buildContainerSet(304)) - Build ContainerSet costs 0s
2023-02-03 08:25:25,549 [Listener at 127.0.0.1/41071] INFO  server.RaftServer (ConfUtils.java:logGet(46)) - raft.rpc.type = GRPC (default)
2023-02-03 08:25:25,549 [Listener at 127.0.0.1/41071] INFO  grpc.GrpcConfigKeys (ConfUtils.java:logFallback(53)) - raft.grpc.admin.host = null (fallback to raft.grpc.server.host)
2023-02-03 08:25:25,550 [Listener at 127.0.0.1/41071] INFO  grpc.GrpcConfigKeys (ConfUtils.java:logGet(46)) - raft.grpc.admin.port = 0 (custom)
2023-02-03 08:25:25,550 [Listener at 127.0.0.1/41071] INFO  grpc.GrpcConfigKeys (ConfUtils.java:logFallback(53)) - raft.grpc.client.host = null (fallback to raft.grpc.server.host)
2023-02-03 08:25:25,550 [Listener at 127.0.0.1/41071] INFO  grpc.GrpcConfigKeys (ConfUtils.java:logGet(46)) - raft.grpc.client.port = 0 (custom)
2023-02-03 08:25:25,550 [Listener at 127.0.0.1/41071] INFO  grpc.GrpcConfigKeys (ConfUtils.java:logGet(46)) - raft.grpc.server.host = null (default)
2023-02-03 08:25:25,550 [Listener at 127.0.0.1/41071] INFO  grpc.GrpcConfigKeys (ConfUtils.java:logGet(46)) - raft.grpc.server.port = 0 (default)
2023-02-03 08:25:25,550 [Listener at 127.0.0.1/41071] INFO  server.GrpcService (ConfUtils.java:logGet(46)) - raft.grpc.message.size.max = 32MB (=33554432) (custom)
2023-02-03 08:25:25,550 [Listener at 127.0.0.1/41071] INFO  server.RaftServerConfigKeys (ConfUtils.java:logGet(46)) - raft.server.log.appender.buffer.byte-limit = 33554432 (custom)
2023-02-03 08:25:25,550 [Listener at 127.0.0.1/41071] INFO  server.GrpcService (ConfUtils.java:logGet(46)) - raft.grpc.flow.control.window = 5MB (=5242880) (custom)
2023-02-03 08:25:25,550 [Listener at 127.0.0.1/41071] INFO  server.RaftServerConfigKeys (ConfUtils.java:logGet(46)) - raft.server.rpc.request.timeout = 60s (custom)
2023-02-03 08:25:25,550 [Listener at 127.0.0.1/41071] INFO  grpc.GrpcConfigKeys (ConfUtils.java:logGet(46)) - raft.grpc.server.heartbeat.channel = true (default)
2023-02-03 08:25:25,550 [Listener at 127.0.0.1/41071] INFO  grpc.GrpcConfigKeys (ConfUtils.java:logGet(46)) - raft.grpc.server.async.request.thread.pool.cached = true (default)
2023-02-03 08:25:25,550 [Listener at 127.0.0.1/41071] INFO  grpc.GrpcConfigKeys (ConfUtils.java:logGet(46)) - raft.grpc.server.async.request.thread.pool.size = 32 (default)
2023-02-03 08:25:25,554 [Listener at 127.0.0.1/41071] INFO  impl.DataStreamServerImpl (ConfUtils.java:logGet(46)) - raft.datastream.type = NETTY (custom)
2023-02-03 08:25:25,554 [Listener at 127.0.0.1/41071] INFO  server.RaftServerConfigKeys (ConfUtils.java:logGet(46)) - raft.server.data-stream.async.request.thread.pool.cached = false (default)
2023-02-03 08:25:25,554 [Listener at 127.0.0.1/41071] INFO  server.RaftServerConfigKeys (ConfUtils.java:logGet(46)) - raft.server.data-stream.async.request.thread.pool.size = 20 (custom)
2023-02-03 08:25:25,554 [Listener at 127.0.0.1/41071] INFO  server.RaftServerConfigKeys (ConfUtils.java:logGet(46)) - raft.server.data-stream.async.write.thread.pool.size = 16 (default)
2023-02-03 08:25:25,554 [Listener at 127.0.0.1/41071] INFO  server.RaftServerConfigKeys (ConfUtils.java:logGet(46)) - raft.server.data-stream.client.pool.size = 10 (default)
2023-02-03 08:25:25,554 [Listener at 127.0.0.1/41071] INFO  netty.NettyConfigKeys$DataStream (ConfUtils.java:logGet(46)) - raft.netty.dataStream.server.use-epoll = false (default)
2023-02-03 08:25:25,554 [Listener at 127.0.0.1/41071] INFO  netty.NettyConfigKeys$DataStream (ConfUtils.java:logGet(46)) - raft.netty.dataStream.server.boss-group.size = 0 (default)
2023-02-03 08:25:25,557 [Listener at 127.0.0.1/41071] INFO  netty.NettyConfigKeys$DataStream (ConfUtils.java:logGet(46)) - raft.netty.dataStream.server.worker-group.size = 0 (default)
2023-02-03 08:25:25,557 [Listener at 127.0.0.1/41071] INFO  netty.NettyConfigKeys$DataStream (ConfUtils.java:logGet(46)) - raft.netty.dataStream.server.tls.conf = null (default)
2023-02-03 08:25:25,559 [Listener at 127.0.0.1/41071] INFO  netty.NettyConfigKeys$DataStream (ConfUtils.java:logGet(46)) - raft.netty.dataStream.host = null (default)
2023-02-03 08:25:25,559 [Listener at 127.0.0.1/41071] INFO  netty.NettyConfigKeys$DataStream (ConfUtils.java:logGet(46)) - raft.netty.dataStream.port = 0 (default)
2023-02-03 08:25:25,559 [Listener at 127.0.0.1/41071] INFO  server.RaftServerConfigKeys (ConfUtils.java:logGet(46)) - raft.server.threadpool.proxy.cached = true (default)
2023-02-03 08:25:25,559 [Listener at 127.0.0.1/41071] INFO  server.RaftServerConfigKeys (ConfUtils.java:logGet(46)) - raft.server.threadpool.proxy.size = 0 (default)
2023-02-03 08:25:25,559 [Listener at 127.0.0.1/41071] INFO  server.RaftServerConfigKeys (ConfUtils.java:logGet(46)) - raft.server.rpc.slowness.timeout = 300s (custom)
2023-02-03 08:25:25,559 [Listener at 127.0.0.1/41071] INFO  server.RaftServerConfigKeys (ConfUtils.java:logGet(46)) - raft.server.leaderelection.leader.step-down.wait-time = 10s (default)
2023-02-03 08:25:25,559 [Listener at 127.0.0.1/41071] INFO  server.RaftServerConfigKeys (ConfUtils.java:logGet(46)) - raft.server.storage.dir = [/home/runner/work/ozone/ozone/hadoop-ozone/integration-test/target/test-dir/MiniOzoneClusterImpl-28bc09eb-e3f7-4a89-8119-a7f902522be3/datanode-0/data/ratis] (custom)
2023-02-03 08:25:25,560 [89761bde-03c7-4feb-aa30-6e604f26cad1-NettyServerStreamRpc-bossGroup--thread1] INFO  logging.LoggingHandler (AbstractInternalLogger.java:log(148)) - [id: 0x40affb90] REGISTERED
2023-02-03 08:25:25,560 [89761bde-03c7-4feb-aa30-6e604f26cad1-NettyServerStreamRpc-bossGroup--thread1] INFO  logging.LoggingHandler (AbstractInternalLogger.java:log(148)) - [id: 0x40affb90] BIND: 0.0.0.0/0.0.0.0:0
2023-02-03 08:25:25,560 [89761bde-03c7-4feb-aa30-6e604f26cad1-NettyServerStreamRpc-bossGroup--thread1] INFO  logging.LoggingHandler (AbstractInternalLogger.java:log(148)) - [id: 0x40affb90, L:/0:0:0:0:0:0:0:0:44673] ACTIVE
2023-02-03 08:25:25,561 [Listener at 127.0.0.1/41071] INFO  server.XceiverServerGrpc (XceiverServerGrpc.java:<init>(132)) - GrpcServer channel type EpollServerSocketChannel
2023-02-03 08:25:25,564 [Listener at 127.0.0.1/41071] INFO  http.BaseHttpServer (BaseHttpServer.java:newHttpServer2BuilderForOzone(213)) - Starting Web-server for hddsDatanode at: http://0.0.0.0:0
2023-02-03 08:25:25,564 [Listener at 127.0.0.1/41071] INFO  http.BaseHttpServer (BaseHttpServer.java:<init>(108)) - Hadoop Security Enabled: false Ozone Security Enabled: false Ozone HTTP Security Enabled: false 
2023-02-03 08:25:25,574 [Listener at 127.0.0.1/41071] WARN  server.AuthenticationFilter (AuthenticationFilter.java:constructSecretProvider(240)) - Unable to initialize FileSignerSecretProvider, falling back to use random secrets. Reason: Could not read signature secret file: /home/runner/hadoop-http-auth-signature-secret
2023-02-03 08:25:25,574 [Listener at 127.0.0.1/41071] WARN  http.HttpRequestLog (HttpRequestLog.java:getRequestLog(103)) - Jetty request log can only be enabled using Log4j
2023-02-03 08:25:25,575 [Listener at 127.0.0.1/41071] INFO  http.HttpServer2 (HttpServer2.java:addGlobalFilter(1031)) - Added global filter 'safety' (class=org.apache.hadoop.hdds.server.http.HttpServer2$QuotingInputFilter)
2023-02-03 08:25:25,575 [Listener at 127.0.0.1/41071] INFO  http.HttpServer2 (HttpServer2.java:addFilter(1007)) - Added filter static_user_filter (class=org.apache.hadoop.http.lib.StaticUserWebFilter$StaticUserFilter) to context hddsDatanode
2023-02-03 08:25:25,575 [Listener at 127.0.0.1/41071] INFO  http.HttpServer2 (HttpServer2.java:addFilter(1015)) - Added filter static_user_filter (class=org.apache.hadoop.http.lib.StaticUserWebFilter$StaticUserFilter) to context logs
2023-02-03 08:25:25,576 [Listener at 127.0.0.1/41071] INFO  http.HttpServer2 (HttpServer2.java:addFilter(1015)) - Added filter static_user_filter (class=org.apache.hadoop.http.lib.StaticUserWebFilter$StaticUserFilter) to context static
2023-02-03 08:25:25,576 [Listener at 127.0.0.1/41071] INFO  http.HttpServer2 (HttpServer2.java:bindListener(1250)) - Jetty bound to port 34153
2023-02-03 08:25:25,576 [Listener at 127.0.0.1/41071] INFO  server.Server (Server.java:doStart(375)) - jetty-9.4.49.v20220914; built: 2022-09-14T01:07:36.601Z; git: 4231a3b2e4cb8548a412a789936d640a97b1aa0a; jvm 1.8.0_362-b09
2023-02-03 08:25:25,578 [Listener at 127.0.0.1/41071] INFO  server.session (DefaultSessionIdManager.java:doStart(334)) - DefaultSessionIdManager workerName=node0
2023-02-03 08:25:25,578 [Listener at 127.0.0.1/41071] INFO  server.session (DefaultSessionIdManager.java:doStart(339)) - No SessionScavenger set, using defaults
2023-02-03 08:25:25,591 [Listener at 127.0.0.1/41071] INFO  server.session (HouseKeeper.java:startScavenging(132)) - node0 Scavenging every 600000ms
2023-02-03 08:25:25,592 [Listener at 127.0.0.1/41071] INFO  handler.ContextHandler (ContextHandler.java:doStart(921)) - Started o.e.j.s.ServletContextHandler@7b5259a8{logs,/logs,file:///home/runner/work/ozone/ozone/hadoop-ozone/integration-test/target/log,AVAILABLE}
2023-02-03 08:25:25,592 [Listener at 127.0.0.1/41071] INFO  handler.ContextHandler (ContextHandler.java:doStart(921)) - Started o.e.j.s.ServletContextHandler@51bad1d0{static,/static,jar:file:/home/runner/.m2/repository/org/apache/ozone/hdds-container-service/1.4.0-SNAPSHOT/hdds-container-service-1.4.0-SNAPSHOT.jar!/webapps/static,AVAILABLE}
2023-02-03 08:25:25,687 [grpc-default-executor-5] WARN  server.GrpcLogAppender (LogUtils.java:warn(122)) - 585970c3-6c22-4637-9398-2d57238869c8@group-D3AC8F9931E3->6a445247-c549-4943-ac0e-b7225f55d98a-AppendLogResponseHandler: Failed appendEntries: org.apache.ratis.thirdparty.io.grpc.StatusRuntimeException: UNAVAILABLE: io exception
2023-02-03 08:25:25,687 [grpc-default-executor-5] INFO  leader.FollowerInfo (FollowerInfoImpl.java:lambda$new$0(48)) - 585970c3-6c22-4637-9398-2d57238869c8@group-D3AC8F9931E3->6a445247-c549-4943-ac0e-b7225f55d98a: nextIndex: updateUnconditionally 53 -> 52
2023-02-03 08:25:25,688 [grpc-default-executor-3] WARN  server.GrpcLogAppender (LogUtils.java:warn(122)) - 585970c3-6c22-4637-9398-2d57238869c8@group-D3AC8F9931E3->6a445247-c549-4943-ac0e-b7225f55d98a-AppendLogResponseHandler: Failed appendEntries: org.apache.ratis.thirdparty.io.grpc.StatusRuntimeException: UNAVAILABLE: io exception
2023-02-03 08:25:25,688 [grpc-default-executor-3] INFO  leader.FollowerInfo (FollowerInfoImpl.java:lambda$new$0(48)) - 585970c3-6c22-4637-9398-2d57238869c8@group-D3AC8F9931E3->6a445247-c549-4943-ac0e-b7225f55d98a: nextIndex: updateUnconditionally 52 -> 51
2023-02-03 08:25:25,688 [grpc-default-executor-3] WARN  server.GrpcLogAppender (LogUtils.java:warn(122)) - 585970c3-6c22-4637-9398-2d57238869c8@group-D3AC8F9931E3->fa8ac6cf-9eac-4eb3-9d13-3c75f4ab3c09-AppendLogResponseHandler: Failed appendEntries: org.apache.ratis.thirdparty.io.grpc.StatusRuntimeException: UNAVAILABLE: io exception
2023-02-03 08:25:25,689 [grpc-default-executor-3] INFO  leader.FollowerInfo (FollowerInfoImpl.java:lambda$new$0(48)) - 585970c3-6c22-4637-9398-2d57238869c8@group-D3AC8F9931E3->fa8ac6cf-9eac-4eb3-9d13-3c75f4ab3c09: nextIndex: updateUnconditionally 47 -> 46
2023-02-03 08:25:25,690 [grpc-default-executor-5] WARN  server.GrpcLogAppender (LogUtils.java:warn(122)) - 585970c3-6c22-4637-9398-2d57238869c8@group-D3AC8F9931E3->fa8ac6cf-9eac-4eb3-9d13-3c75f4ab3c09-AppendLogResponseHandler: Failed appendEntries: org.apache.ratis.thirdparty.io.grpc.StatusRuntimeException: UNAVAILABLE: io exception
2023-02-03 08:25:25,690 [grpc-default-executor-5] INFO  leader.FollowerInfo (FollowerInfoImpl.java:lambda$new$0(48)) - 585970c3-6c22-4637-9398-2d57238869c8@group-D3AC8F9931E3->fa8ac6cf-9eac-4eb3-9d13-3c75f4ab3c09: nextIndex: updateUnconditionally 46 -> 45
2023-02-03 08:25:25,697 [grpc-default-executor-5] WARN  server.GrpcLogAppender (LogUtils.java:warn(122)) - 585970c3-6c22-4637-9398-2d57238869c8@group-D3AC8F9931E3->6a445247-c549-4943-ac0e-b7225f55d98a-AppendLogResponseHandler: Failed appendEntries: org.apache.ratis.thirdparty.io.grpc.StatusRuntimeException: UNAVAILABLE: io exception
2023-02-03 08:25:25,697 [grpc-default-executor-5] INFO  leader.FollowerInfo (FollowerInfoImpl.java:lambda$new$0(48)) - 585970c3-6c22-4637-9398-2d57238869c8@group-D3AC8F9931E3->6a445247-c549-4943-ac0e-b7225f55d98a: nextIndex: updateUnconditionally 52 -> 51
2023-02-03 08:25:25,697 [grpc-default-executor-3] WARN  server.GrpcLogAppender (LogUtils.java:warn(122)) - 585970c3-6c22-4637-9398-2d57238869c8@group-D3AC8F9931E3->6a445247-c549-4943-ac0e-b7225f55d98a-AppendLogResponseHandler: Failed appendEntries: org.apache.ratis.thirdparty.io.grpc.StatusRuntimeException: UNAVAILABLE: io exception
2023-02-03 08:25:25,698 [grpc-default-executor-3] INFO  leader.FollowerInfo (FollowerInfoImpl.java:lambda$new$0(48)) - 585970c3-6c22-4637-9398-2d57238869c8@group-D3AC8F9931E3->6a445247-c549-4943-ac0e-b7225f55d98a: nextIndex: updateUnconditionally 51 -> 50
2023-02-03 08:25:25,698 [grpc-default-executor-3] WARN  server.GrpcLogAppender (LogUtils.java:warn(122)) - 585970c3-6c22-4637-9398-2d57238869c8@group-D3AC8F9931E3->fa8ac6cf-9eac-4eb3-9d13-3c75f4ab3c09-AppendLogResponseHandler: Failed appendEntries: org.apache.ratis.thirdparty.io.grpc.StatusRuntimeException: UNAVAILABLE: io exception
2023-02-03 08:25:25,699 [grpc-default-executor-3] INFO  leader.FollowerInfo (FollowerInfoImpl.java:lambda$new$0(48)) - 585970c3-6c22-4637-9398-2d57238869c8@group-D3AC8F9931E3->fa8ac6cf-9eac-4eb3-9d13-3c75f4ab3c09: nextIndex: updateUnconditionally 46 -> 45
2023-02-03 08:25:25,699 [grpc-default-executor-5] WARN  server.GrpcLogAppender (LogUtils.java:warn(122)) - 585970c3-6c22-4637-9398-2d57238869c8@group-D3AC8F9931E3->fa8ac6cf-9eac-4eb3-9d13-3c75f4ab3c09-AppendLogResponseHandler: Failed appendEntries: org.apache.ratis.thirdparty.io.grpc.StatusRuntimeException: UNAVAILABLE: io exception
2023-02-03 08:25:25,700 [grpc-default-executor-5] INFO  leader.FollowerInfo (FollowerInfoImpl.java:lambda$new$0(48)) - 585970c3-6c22-4637-9398-2d57238869c8@group-D3AC8F9931E3->fa8ac6cf-9eac-4eb3-9d13-3c75f4ab3c09: nextIndex: updateUnconditionally 45 -> 44
2023-02-03 08:25:25,981 [Command processor thread] INFO  server.RaftServer (RaftServerProxy.java:remove(107)) - 1d26bd31-d57e-4272-aee2-8b25bf096957: remove  FOLLOWER 1d26bd31-d57e-4272-aee2-8b25bf096957@group-BF539ACA678C:t1, leader=fb809e67-793a-4199-a2f5-5836e5e9d09f, voted=fb809e67-793a-4199-a2f5-5836e5e9d09f, raftlog=Memoized:1d26bd31-d57e-4272-aee2-8b25bf096957@group-BF539ACA678C-SegmentedRaftLog:OPENED:c30, conf=0: peers:[5f61b73f-7af0-4258-8c93-74f2ad148b39|rpc:10.1.0.160:44361|dataStream:10.1.0.160:34351|priority:0|startupRole:FOLLOWER, 1d26bd31-d57e-4272-aee2-8b25bf096957|rpc:10.1.0.160:39443|dataStream:10.1.0.160:39939|priority:0|startupRole:FOLLOWER, fb809e67-793a-4199-a2f5-5836e5e9d09f|rpc:10.1.0.160:33819|dataStream:10.1.0.160:36911|priority:1|startupRole:FOLLOWER]|listeners:[], old=null RUNNING
2023-02-03 08:25:25,981 [Command processor thread] INFO  server.RaftServer$Division (RaftServerImpl.java:lambda$close$4(458)) - 1d26bd31-d57e-4272-aee2-8b25bf096957@group-BF539ACA678C: shutdown
2023-02-03 08:25:25,981 [Command processor thread] INFO  util.JmxRegister (JmxRegister.java:unregister(73)) - Successfully un-registered JMX Bean with object name Ratis:service=RaftServer,group=group-BF539ACA678C,id=1d26bd31-d57e-4272-aee2-8b25bf096957
2023-02-03 08:25:25,981 [Command processor thread] INFO  impl.RoleInfo (RoleInfo.java:shutdownFollowerState(110)) - 1d26bd31-d57e-4272-aee2-8b25bf096957: shutdown 1d26bd31-d57e-4272-aee2-8b25bf096957@group-BF539ACA678C-FollowerState
2023-02-03 08:25:25,981 [Command processor thread] INFO  impl.StateMachineUpdater (StateMachineUpdater.java:stopAndJoin(153)) - 1d26bd31-d57e-4272-aee2-8b25bf096957@group-BF539ACA678C-StateMachineUpdater: set stopIndex = 30
2023-02-03 08:25:25,981 [1d26bd31-d57e-4272-aee2-8b25bf096957@group-BF539ACA678C-FollowerState] INFO  impl.FollowerState (FollowerState.java:run(152)) - 1d26bd31-d57e-4272-aee2-8b25bf096957@group-BF539ACA678C-FollowerState was interrupted
2023-02-03 08:25:25,982 [Command processor thread] INFO  server.RaftServer (RaftServerProxy.java:remove(107)) - fb809e67-793a-4199-a2f5-5836e5e9d09f: remove    LEADER fb809e67-793a-4199-a2f5-5836e5e9d09f@group-BF539ACA678C:t1, leader=fb809e67-793a-4199-a2f5-5836e5e9d09f, voted=fb809e67-793a-4199-a2f5-5836e5e9d09f, raftlog=Memoized:fb809e67-793a-4199-a2f5-5836e5e9d09f@group-BF539ACA678C-SegmentedRaftLog:OPENED:c32, conf=0: peers:[5f61b73f-7af0-4258-8c93-74f2ad148b39|rpc:10.1.0.160:44361|dataStream:10.1.0.160:34351|priority:0|startupRole:FOLLOWER, 1d26bd31-d57e-4272-aee2-8b25bf096957|rpc:10.1.0.160:39443|dataStream:10.1.0.160:39939|priority:0|startupRole:FOLLOWER, fb809e67-793a-4199-a2f5-5836e5e9d09f|rpc:10.1.0.160:33819|dataStream:10.1.0.160:36911|priority:1|startupRole:FOLLOWER]|listeners:[], old=null RUNNING
2023-02-03 08:25:25,982 [Command processor thread] INFO  server.RaftServer$Division (RaftServerImpl.java:lambda$close$4(458)) - fb809e67-793a-4199-a2f5-5836e5e9d09f@group-BF539ACA678C: shutdown
2023-02-03 08:25:25,982 [Command processor thread] INFO  util.JmxRegister (JmxRegister.java:unregister(73)) - Successfully un-registered JMX Bean with object name Ratis:service=RaftServer,group=group-BF539ACA678C,id=fb809e67-793a-4199-a2f5-5836e5e9d09f
2023-02-03 08:25:25,982 [Command processor thread] INFO  impl.RoleInfo (RoleInfo.java:shutdownLeaderState(93)) - fb809e67-793a-4199-a2f5-5836e5e9d09f: shutdown fb809e67-793a-4199-a2f5-5836e5e9d09f@group-BF539ACA678C-LeaderStateImpl
2023-02-03 08:25:25,982 [Command processor thread] INFO  impl.PendingRequests (PendingRequests.java:sendNotLeaderResponses(282)) - fb809e67-793a-4199-a2f5-5836e5e9d09f@group-BF539ACA678C-PendingRequests: sendNotLeaderResponses
2023-02-03 08:25:25,983 [ReplicationMonitor] INFO  replication.LegacyReplicationManager (LegacyReplicationManager.java:sendCloseCommand(1435)) - Sending close container command for container #3 to datanode 6a445247-c549-4943-ac0e-b7225f55d98a(fv-az243-539.eyhnzsvkqwvufobmc3lzdbadce.jx.internal.cloudapp.net/10.1.0.160).
2023-02-03 08:25:25,983 [ReplicationMonitor] INFO  replication.LegacyReplicationManager (LegacyReplicationManager.java:sendCloseCommand(1435)) - Sending close container command for container #3 to datanode fa8ac6cf-9eac-4eb3-9d13-3c75f4ab3c09(fv-az243-539.eyhnzsvkqwvufobmc3lzdbadce.jx.internal.cloudapp.net/10.1.0.160).
2023-02-03 08:25:25,983 [ReplicationMonitor] INFO  replication.LegacyReplicationManager (LegacyReplicationManager.java:sendCloseCommand(1435)) - Sending close container command for container #3 to datanode 585970c3-6c22-4637-9398-2d57238869c8(fv-az243-539.eyhnzsvkqwvufobmc3lzdbadce.jx.internal.cloudapp.net/10.1.0.160).
2023-02-03 08:25:25,983 [ReplicationMonitor] INFO  replication.LegacyReplicationManager (LegacyReplicationManager.java:sendCloseCommand(1435)) - Sending close container command for container #4 to datanode fa8ac6cf-9eac-4eb3-9d13-3c75f4ab3c09(fv-az243-539.eyhnzsvkqwvufobmc3lzdbadce.jx.internal.cloudapp.net/10.1.0.160).
2023-02-03 08:25:25,983 [ReplicationMonitor] INFO  replication.LegacyReplicationManager (LegacyReplicationManager.java:sendCloseCommand(1435)) - Sending close container command for container #4 to datanode 585970c3-6c22-4637-9398-2d57238869c8(fv-az243-539.eyhnzsvkqwvufobmc3lzdbadce.jx.internal.cloudapp.net/10.1.0.160).
2023-02-03 08:25:25,983 [ReplicationMonitor] INFO  replication.LegacyReplicationManager (LegacyReplicationManager.java:sendCloseCommand(1435)) - Sending close container command for container #4 to datanode 6a445247-c549-4943-ac0e-b7225f55d98a(fv-az243-539.eyhnzsvkqwvufobmc3lzdbadce.jx.internal.cloudapp.net/10.1.0.160).
2023-02-03 08:25:25,983 [ReplicationMonitor] INFO  replication.LegacyReplicationManager (LegacyReplicationManager.java:sendCloseCommand(1435)) - Sending close container command for container #5 to datanode 6a445247-c549-4943-ac0e-b7225f55d98a(fv-az243-539.eyhnzsvkqwvufobmc3lzdbadce.jx.internal.cloudapp.net/10.1.0.160).
2023-02-03 08:25:25,983 [ReplicationMonitor] INFO  replication.LegacyReplicationManager (LegacyReplicationManager.java:sendCloseCommand(1435)) - Sending close container command for container #5 to datanode fa8ac6cf-9eac-4eb3-9d13-3c75f4ab3c09(fv-az243-539.eyhnzsvkqwvufobmc3lzdbadce.jx.internal.cloudapp.net/10.1.0.160).
2023-02-03 08:25:25,983 [ReplicationMonitor] INFO  replication.LegacyReplicationManager (LegacyReplicationManager.java:sendCloseCommand(1435)) - Sending close container command for container #5 to datanode 585970c3-6c22-4637-9398-2d57238869c8(fv-az243-539.eyhnzsvkqwvufobmc3lzdbadce.jx.internal.cloudapp.net/10.1.0.160).
2023-02-03 08:25:25,983 [ReplicationMonitor] INFO  replication.ReplicationManager (ReplicationManager.java:processAll(367)) - Replication Monitor Thread took 0 milliseconds for processing 6 containers.
2023-02-03 08:25:25,983 [ReplicationMonitor] INFO  replication.ReplicationManager (ReplicationManager.java:processAll(367)) - Replication Monitor Thread took 0 milliseconds for processing 0 containers.
2023-02-03 08:25:25,983 [Over Replicated Processor] INFO  replication.UnhealthyReplicationProcessor (UnhealthyReplicationProcessor.java:processAll(105)) - Processed 0 containers with health state counts {},failed processing 0
2023-02-03 08:25:25,983 [Over Replicated Processor] INFO  replication.UnhealthyReplicationProcessor (UnhealthyReplicationProcessor.java:processAll(105)) - Processed 0 containers with health state counts {},failed processing 0
2023-02-03 08:25:25,984 [Under Replicated Processor] INFO  replication.UnhealthyReplicationProcessor (UnhealthyReplicationProcessor.java:processAll(105)) - Processed 0 containers with health state counts {},failed processing 0
2023-02-03 08:25:25,984 [Under Replicated Processor] INFO  replication.UnhealthyReplicationProcessor (UnhealthyReplicationProcessor.java:processAll(105)) - Processed 0 containers with health state counts {},failed processing 0
2023-02-03 08:25:25,985 [Under Replicated Processor] INFO  replication.UnhealthyReplicationProcessor (UnhealthyReplicationProcessor.java:processAll(105)) - Processed 0 containers with health state counts {},failed processing 0
2023-02-03 08:25:25,986 [1d26bd31-d57e-4272-aee2-8b25bf096957@group-BF539ACA678C-StateMachineUpdater] ERROR ratis.ContainerStateMachine (ContainerStateMachine.java:takeSnapshot(302)) - Failed to take snapshot  for group-BF539ACA678C as the stateMachine is unhealthy. The last applied index is at (t:1, i:21)
2023-02-03 08:25:25,986 [1d26bd31-d57e-4272-aee2-8b25bf096957@group-BF539ACA678C-StateMachineUpdater] ERROR impl.StateMachineUpdater (StateMachineUpdater.java:takeSnapshot(282)) - 1d26bd31-d57e-4272-aee2-8b25bf096957@group-BF539ACA678C-StateMachineUpdater: Failed to take snapshot
org.apache.ratis.protocol.exceptions.StateMachineException: Failed to take snapshot  for group-BF539ACA678C as the stateMachine is unhealthy. The last applied index is at (t:1, i:21)
	at org.apache.hadoop.ozone.container.common.transport.server.ratis.ContainerStateMachine.takeSnapshot(ContainerStateMachine.java:301)
	at org.apache.ratis.server.impl.StateMachineUpdater.takeSnapshot(StateMachineUpdater.java:270)
	at org.apache.ratis.server.impl.StateMachineUpdater.checkAndTakeSnapshot(StateMachineUpdater.java:262)
	at org.apache.ratis.server.impl.StateMachineUpdater.run(StateMachineUpdater.java:183)
	at java.lang.Thread.run(Thread.java:750)
2023-02-03 08:25:25,986 [1d26bd31-d57e-4272-aee2-8b25bf096957@group-BF539ACA678C-StateMachineUpdater] ERROR ratis.ContainerStateMachine (ContainerStateMachine.java:takeSnapshot(302)) - Failed to take snapshot  for group-BF539ACA678C as the stateMachine is unhealthy. The last applied index is at (t:1, i:21)
2023-02-03 08:25:25,986 [1d26bd31-d57e-4272-aee2-8b25bf096957@group-BF539ACA678C-StateMachineUpdater] ERROR impl.StateMachineUpdater (StateMachineUpdater.java:takeSnapshot(282)) - 1d26bd31-d57e-4272-aee2-8b25bf096957@group-BF539ACA678C-StateMachineUpdater: Failed to take snapshot
org.apache.ratis.protocol.exceptions.StateMachineException: Failed to take snapshot  for group-BF539ACA678C as the stateMachine is unhealthy. The last applied index is at (t:1, i:21)
	at org.apache.hadoop.ozone.container.common.transport.server.ratis.ContainerStateMachine.takeSnapshot(ContainerStateMachine.java:301)
	at org.apache.ratis.server.impl.StateMachineUpdater.takeSnapshot(StateMachineUpdater.java:270)
	at org.apache.ratis.server.impl.StateMachineUpdater.checkAndTakeSnapshot(StateMachineUpdater.java:262)
	at org.apache.ratis.server.impl.StateMachineUpdater.run(StateMachineUpdater.java:186)
	at java.lang.Thread.run(Thread.java:750)
2023-02-03 08:25:25,990 [grpc-default-executor-5] WARN  server.GrpcLogAppender (LogUtils.java:warn(122)) - 585970c3-6c22-4637-9398-2d57238869c8@group-D3AC8F9931E3->6a445247-c549-4943-ac0e-b7225f55d98a-AppendLogResponseHandler: Failed appendEntries: org.apache.ratis.thirdparty.io.grpc.StatusRuntimeException: UNAVAILABLE: io exception
2023-02-03 08:25:25,990 [grpc-default-executor-8] WARN  server.GrpcLogAppender (LogUtils.java:warn(122)) - 585970c3-6c22-4637-9398-2d57238869c8@group-D3AC8F9931E3->6a445247-c549-4943-ac0e-b7225f55d98a-AppendLogResponseHandler: Failed appendEntries: org.apache.ratis.thirdparty.io.grpc.StatusRuntimeException: UNAVAILABLE: io exception
2023-02-03 08:25:25,990 [grpc-default-executor-5] INFO  leader.FollowerInfo (FollowerInfoImpl.java:lambda$new$0(48)) - 585970c3-6c22-4637-9398-2d57238869c8@group-D3AC8F9931E3->6a445247-c549-4943-ac0e-b7225f55d98a: nextIndex: updateUnconditionally 51 -> 50
2023-02-03 08:25:25,992 [grpc-default-executor-3] WARN  server.GrpcLogAppender (LogUtils.java:warn(122)) - 585970c3-6c22-4637-9398-2d57238869c8@group-D3AC8F9931E3->fa8ac6cf-9eac-4eb3-9d13-3c75f4ab3c09-AppendLogResponseHandler: Failed appendEntries: org.apache.ratis.thirdparty.io.grpc.StatusRuntimeException: UNAVAILABLE: io exception
2023-02-03 08:25:25,992 [grpc-default-executor-3] INFO  leader.FollowerInfo (FollowerInfoImpl.java:lambda$new$0(48)) - 585970c3-6c22-4637-9398-2d57238869c8@group-D3AC8F9931E3->fa8ac6cf-9eac-4eb3-9d13-3c75f4ab3c09: nextIndex: updateUnconditionally 45 -> 44
2023-02-03 08:25:25,992 [ReplicationMonitor] INFO  replication.LegacyReplicationManager (LegacyReplicationManager.java:sendCloseCommand(1435)) - Sending close container command for container #1 to datanode 5f61b73f-7af0-4258-8c93-74f2ad148b39(fv-az243-539.eyhnzsvkqwvufobmc3lzdbadce.jx.internal.cloudapp.net/10.1.0.160).
2023-02-03 08:25:25,992 [ReplicationMonitor] INFO  replication.LegacyReplicationManager (LegacyReplicationManager.java:sendCloseCommand(1435)) - Sending close container command for container #1 to datanode fb809e67-793a-4199-a2f5-5836e5e9d09f(fv-az243-539.eyhnzsvkqwvufobmc3lzdbadce.jx.internal.cloudapp.net/10.1.0.160).
2023-02-03 08:25:25,992 [ReplicationMonitor] INFO  replication.LegacyReplicationManager (LegacyReplicationManager.java:sendCloseCommand(1435)) - Sending close container command for container #1 to datanode 1d26bd31-d57e-4272-aee2-8b25bf096957(fv-az243-539.eyhnzsvkqwvufobmc3lzdbadce.jx.internal.cloudapp.net/10.1.0.160).
2023-02-03 08:25:25,993 [ReplicationMonitor] INFO  replication.LegacyReplicationManager (LegacyReplicationManager.java:sendCloseCommand(1435)) - Sending close container command for container #3 to datanode 5f61b73f-7af0-4258-8c93-74f2ad148b39(fv-az243-539.eyhnzsvkqwvufobmc3lzdbadce.jx.internal.cloudapp.net/10.1.0.160).
2023-02-03 08:25:25,993 [ReplicationMonitor] INFO  replication.LegacyReplicationManager (LegacyReplicationManager.java:sendCloseCommand(1435)) - Sending close container command for container #3 to datanode fb809e67-793a-4199-a2f5-5836e5e9d09f(fv-az243-539.eyhnzsvkqwvufobmc3lzdbadce.jx.internal.cloudapp.net/10.1.0.160).
2023-02-03 08:25:25,993 [ReplicationMonitor] INFO  replication.LegacyReplicationManager (LegacyReplicationManager.java:sendCloseCommand(1435)) - Sending close container command for container #3 to datanode 1d26bd31-d57e-4272-aee2-8b25bf096957(fv-az243-539.eyhnzsvkqwvufobmc3lzdbadce.jx.internal.cloudapp.net/10.1.0.160).
2023-02-03 08:25:25,993 [Command processor thread] INFO  server.RaftServer (RaftServerProxy.java:remove(107)) - 5f61b73f-7af0-4258-8c93-74f2ad148b39: remove  FOLLOWER 5f61b73f-7af0-4258-8c93-74f2ad148b39@group-BF539ACA678C:t1, leader=fb809e67-793a-4199-a2f5-5836e5e9d09f, voted=fb809e67-793a-4199-a2f5-5836e5e9d09f, raftlog=Memoized:5f61b73f-7af0-4258-8c93-74f2ad148b39@group-BF539ACA678C-SegmentedRaftLog:OPENED:c30, conf=0: peers:[5f61b73f-7af0-4258-8c93-74f2ad148b39|rpc:10.1.0.160:44361|dataStream:10.1.0.160:34351|priority:0|startupRole:FOLLOWER, 1d26bd31-d57e-4272-aee2-8b25bf096957|rpc:10.1.0.160:39443|dataStream:10.1.0.160:39939|priority:0|startupRole:FOLLOWER, fb809e67-793a-4199-a2f5-5836e5e9d09f|rpc:10.1.0.160:33819|dataStream:10.1.0.160:36911|priority:1|startupRole:FOLLOWER]|listeners:[], old=null RUNNING
2023-02-03 08:25:25,993 [Over Replicated Processor] INFO  replication.UnhealthyReplicationProcessor (UnhealthyReplicationProcessor.java:processAll(105)) - Processed 0 containers with health state counts {},failed processing 0
2023-02-03 08:25:25,993 [Command processor thread] INFO  server.RaftServer$Division (RaftServerImpl.java:lambda$close$4(458)) - 5f61b73f-7af0-4258-8c93-74f2ad148b39@group-BF539ACA678C: shutdown
2023-02-03 08:25:25,993 [Command processor thread] INFO  util.JmxRegister (JmxRegister.java:unregister(73)) - Successfully un-registered JMX Bean with object name Ratis:service=RaftServer,group=group-BF539ACA678C,id=5f61b73f-7af0-4258-8c93-74f2ad148b39
2023-02-03 08:25:25,993 [Command processor thread] INFO  impl.RoleInfo (RoleInfo.java:shutdownFollowerState(110)) - 5f61b73f-7af0-4258-8c93-74f2ad148b39: shutdown 5f61b73f-7af0-4258-8c93-74f2ad148b39@group-BF539ACA678C-FollowerState
2023-02-03 08:25:25,993 [Command processor thread] INFO  impl.StateMachineUpdater (StateMachineUpdater.java:stopAndJoin(153)) - 5f61b73f-7af0-4258-8c93-74f2ad148b39@group-BF539ACA678C-StateMachineUpdater: set stopIndex = 30
2023-02-03 08:25:25,993 [5f61b73f-7af0-4258-8c93-74f2ad148b39@group-BF539ACA678C-StateMachineUpdater] INFO  ratis.ContainerStateMachine (ContainerStateMachine.java:takeSnapshot(308)) - group-BF539ACA678C: Taking a snapshot at:(t:1, i:30) file /home/runner/work/ozone/ozone/hadoop-ozone/integration-test/target/test-dir/MiniOzoneClusterImpl-927b0a6e-f479-4829-be79-85586f7f9dc8/datanode-4/data/ratis/2d730a4a-1904-4e86-afbb-bf539aca678c/sm/snapshot.1_30
2023-02-03 08:25:25,995 [grpc-default-executor-8] INFO  leader.FollowerInfo (FollowerInfoImpl.java:lambda$new$0(48)) - 585970c3-6c22-4637-9398-2d57238869c8@group-D3AC8F9931E3->6a445247-c549-4943-ac0e-b7225f55d98a: nextIndex: updateUnconditionally 50 -> 49
2023-02-03 08:25:25,995 [fb809e67-793a-4199-a2f5-5836e5e9d09f@group-BF539ACA678C->5f61b73f-7af0-4258-8c93-74f2ad148b39-GrpcLogAppender-LogAppenderDaemon] WARN  server.GrpcLogAppender (GrpcLogAppender.java:mayWait(200)) - fb809e67-793a-4199-a2f5-5836e5e9d09f@group-BF539ACA678C->5f61b73f-7af0-4258-8c93-74f2ad148b39-GrpcLogAppender: Wait interrupted by java.lang.InterruptedException
2023-02-03 08:25:25,993 [ReplicationMonitor] INFO  replication.LegacyReplicationManager (LegacyReplicationManager.java:sendCloseCommand(1435)) - Sending close container command for container #4 to datanode fb809e67-793a-4199-a2f5-5836e5e9d09f(fv-az243-539.eyhnzsvkqwvufobmc3lzdbadce.jx.internal.cloudapp.net/10.1.0.160).
2023-02-03 08:25:25,993 [5f61b73f-7af0-4258-8c93-74f2ad148b39@group-BF539ACA678C-FollowerState] INFO  impl.FollowerState (FollowerState.java:run(152)) - 5f61b73f-7af0-4258-8c93-74f2ad148b39@group-BF539ACA678C-FollowerState was interrupted
2023-02-03 08:25:25,998 [ReplicationMonitor] INFO  replication.ReplicationManager (ReplicationManager.java:processAll(334)) - Replication Manager is not ready to run until 3000ms after safemode exit
2023-02-03 08:25:25,999 [fb809e67-793a-4199-a2f5-5836e5e9d09f@group-BF539ACA678C->1d26bd31-d57e-4272-aee2-8b25bf096957-GrpcLogAppender-LogAppenderDaemon] WARN  server.GrpcLogAppender (GrpcLogAppender.java:mayWait(200)) - fb809e67-793a-4199-a2f5-5836e5e9d09f@group-BF539ACA678C->1d26bd31-d57e-4272-aee2-8b25bf096957-GrpcLogAppender: Wait interrupted by java.lang.InterruptedException
2023-02-03 08:25:25,995 [ReplicationMonitor] INFO  replication.LegacyReplicationManager (LegacyReplicationManager.java:sendCloseCommand(1435)) - Sending close container command for container #4 to datanode 5f61b73f-7af0-4258-8c93-74f2ad148b39(fv-az243-539.eyhnzsvkqwvufobmc3lzdbadce.jx.internal.cloudapp.net/10.1.0.160).
2023-02-03 08:25:25,999 [ReplicationMonitor] INFO  replication.ReplicationManager (ReplicationManager.java:processAll(367)) - Replication Monitor Thread took 7 milliseconds for processing 11 containers.
2023-02-03 08:25:26,001 [grpc-default-executor-8] INFO  server.GrpcServerProtocolService (GrpcServerProtocolService.java:onCompleted(143)) - 5f61b73f-7af0-4258-8c93-74f2ad148b39: Completed APPEND_ENTRIES, lastRequest: fb809e67-793a-4199-a2f5-5836e5e9d09f->5f61b73f-7af0-4258-8c93-74f2ad148b39#202-t1,previous=(t:1, i:31),leaderCommit=30,initializing? true,entries: size=1, first=(t:1, i:32), METADATAENTRY(c:30)
2023-02-03 08:25:26,000 [5f61b73f-7af0-4258-8c93-74f2ad148b39@group-BF539ACA678C-StateMachineUpdater] INFO  ratis.ContainerStateMachine (ContainerStateMachine.java:takeSnapshot(319)) - group-BF539ACA678C: Finished taking a snapshot at:(t:1, i:30) file:/home/runner/work/ozone/ozone/hadoop-ozone/integration-test/target/test-dir/MiniOzoneClusterImpl-927b0a6e-f479-4829-be79-85586f7f9dc8/datanode-4/data/ratis/2d730a4a-1904-4e86-afbb-bf539aca678c/sm/snapshot.1_30 took: 6 ms
2023-02-03 08:25:26,001 [5f61b73f-7af0-4258-8c93-74f2ad148b39@group-BF539ACA678C-StateMachineUpdater] INFO  impl.StateMachineUpdater (StateMachineUpdater.java:takeSnapshot(287)) - 5f61b73f-7af0-4258-8c93-74f2ad148b39@group-BF539ACA678C-StateMachineUpdater: Took a snapshot at index 30
2023-02-03 08:25:26,001 [5f61b73f-7af0-4258-8c93-74f2ad148b39@group-BF539ACA678C-StateMachineUpdater] INFO  impl.StateMachineUpdater (StateMachineUpdater.java:lambda$new$0(92)) - 5f61b73f-7af0-4258-8c93-74f2ad148b39@group-BF539ACA678C-StateMachineUpdater: snapshotIndex: updateIncreasingly -1 -> 30
2023-02-03 08:25:26,002 [Command processor thread] INFO  server.RaftServer$Division (ServerState.java:close(466)) - 5f61b73f-7af0-4258-8c93-74f2ad148b39@group-BF539ACA678C: closes. applyIndex: 30
2023-02-03 08:25:26,004 [5f61b73f-7af0-4258-8c93-74f2ad148b39@group-BF539ACA678C-SegmentedRaftLogWorker] INFO  segmented.SegmentedRaftLogWorker (SegmentedRaftLogWorker.java:run(347)) - 5f61b73f-7af0-4258-8c93-74f2ad148b39@group-BF539ACA678C-SegmentedRaftLogWorker was interrupted, exiting. There are 0 tasks remaining in the queue.
2023-02-03 08:25:26,004 [Command processor thread] INFO  segmented.SegmentedRaftLogWorker (SegmentedRaftLogWorker.java:close(257)) - 5f61b73f-7af0-4258-8c93-74f2ad148b39@group-BF539ACA678C-SegmentedRaftLogWorker close()
2023-02-03 08:25:26,000 [grpc-default-executor-3] INFO  server.GrpcServerProtocolService (GrpcServerProtocolService.java:onCompleted(143)) - 1d26bd31-d57e-4272-aee2-8b25bf096957: Completed APPEND_ENTRIES, lastRequest: fb809e67-793a-4199-a2f5-5836e5e9d09f->1d26bd31-d57e-4272-aee2-8b25bf096957#193-t1,previous=(t:1, i:31),leaderCommit=30,initializing? true,entries: size=1, first=(t:1, i:32), METADATAENTRY(c:30)
2023-02-03 08:25:26,000 [grpc-default-executor-2] INFO  server.GrpcServerProtocolService (GrpcServerProtocolService.java:onCompleted(143)) - 5f61b73f-7af0-4258-8c93-74f2ad148b39: Completed APPEND_ENTRIES, lastRequest: null
2023-02-03 08:25:26,005 [grpc-default-executor-5] WARN  server.GrpcLogAppender (LogUtils.java:warn(122)) - 585970c3-6c22-4637-9398-2d57238869c8@group-D3AC8F9931E3->fa8ac6cf-9eac-4eb3-9d13-3c75f4ab3c09-AppendLogResponseHandler: Failed appendEntries: org.apache.ratis.thirdparty.io.grpc.StatusRuntimeException: UNAVAILABLE: io exception
2023-02-03 08:25:26,005 [grpc-default-executor-5] INFO  leader.FollowerInfo (FollowerInfoImpl.java:lambda$new$0(48)) - 585970c3-6c22-4637-9398-2d57238869c8@group-D3AC8F9931E3->fa8ac6cf-9eac-4eb3-9d13-3c75f4ab3c09: nextIndex: updateUnconditionally 44 -> 43
2023-02-03 08:25:26,007 [grpc-default-executor-6] INFO  server.GrpcLogAppender (GrpcLogAppender.java:onCompleted(415)) - fb809e67-793a-4199-a2f5-5836e5e9d09f@group-BF539ACA678C->1d26bd31-d57e-4272-aee2-8b25bf096957-AppendLogResponseHandler: follower responses appendEntries COMPLETED
2023-02-03 08:25:26,007 [grpc-default-executor-6] INFO  leader.FollowerInfo (FollowerInfoImpl.java:lambda$new$0(48)) - fb809e67-793a-4199-a2f5-5836e5e9d09f@group-BF539ACA678C->1d26bd31-d57e-4272-aee2-8b25bf096957: nextIndex: updateUnconditionally 33 -> 32
2023-02-03 08:25:26,007 [grpc-default-executor-4] INFO  server.GrpcLogAppender (GrpcLogAppender.java:onCompleted(415)) - fb809e67-793a-4199-a2f5-5836e5e9d09f@group-BF539ACA678C->5f61b73f-7af0-4258-8c93-74f2ad148b39-AppendLogResponseHandler: follower responses appendEntries COMPLETED
2023-02-03 08:25:26,007 [grpc-default-executor-4] INFO  leader.FollowerInfo (FollowerInfoImpl.java:lambda$new$0(48)) - fb809e67-793a-4199-a2f5-5836e5e9d09f@group-BF539ACA678C->5f61b73f-7af0-4258-8c93-74f2ad148b39: nextIndex: updateUnconditionally 33 -> 32
2023-02-03 08:25:26,007 [grpc-default-executor-2] INFO  server.GrpcServerProtocolService (GrpcServerProtocolService.java:onCompleted(143)) - 1d26bd31-d57e-4272-aee2-8b25bf096957: Completed APPEND_ENTRIES, lastRequest: null
2023-02-03 08:25:26,007 [grpc-default-executor-3] INFO  server.GrpcLogAppender (GrpcLogAppender.java:onCompleted(415)) - fb809e67-793a-4199-a2f5-5836e5e9d09f@group-BF539ACA678C->5f61b73f-7af0-4258-8c93-74f2ad148b39-AppendLogResponseHandler: follower responses appendEntries COMPLETED
2023-02-03 08:25:26,007 [grpc-default-executor-3] INFO  leader.FollowerInfo (FollowerInfoImpl.java:lambda$new$0(48)) - fb809e67-793a-4199-a2f5-5836e5e9d09f@group-BF539ACA678C->5f61b73f-7af0-4258-8c93-74f2ad148b39: nextIndex: updateUnconditionally 32 -> 31
2023-02-03 08:25:26,010 [grpc-default-executor-5] INFO  server.GrpcLogAppender (GrpcLogAppender.java:onCompleted(415)) - fb809e67-793a-4199-a2f5-5836e5e9d09f@group-BF539ACA678C->1d26bd31-d57e-4272-aee2-8b25bf096957-AppendLogResponseHandler: follower responses appendEntries COMPLETED
2023-02-03 08:25:26,010 [grpc-default-executor-5] INFO  leader.FollowerInfo (FollowerInfoImpl.java:lambda$new$0(48)) - fb809e67-793a-4199-a2f5-5836e5e9d09f@group-BF539ACA678C->1d26bd31-d57e-4272-aee2-8b25bf096957: nextIndex: updateUnconditionally 32 -> 31
2023-02-03 08:25:26,016 [Command processor thread] INFO  server.RaftServer$Division (ServerState.java:close(466)) - 1d26bd31-d57e-4272-aee2-8b25bf096957@group-BF539ACA678C: closes. applyIndex: 21
2023-02-03 08:25:26,016 [1d26bd31-d57e-4272-aee2-8b25bf096957@group-BF539ACA678C-SegmentedRaftLogWorker] INFO  segmented.SegmentedRaftLogWorker (SegmentedRaftLogWorker.java:run(347)) - 1d26bd31-d57e-4272-aee2-8b25bf096957@group-BF539ACA678C-SegmentedRaftLogWorker was interrupted, exiting. There are 0 tasks remaining in the queue.
2023-02-03 08:25:26,025 [Command processor thread] INFO  segmented.SegmentedRaftLogWorker (SegmentedRaftLogWorker.java:close(257)) - 1d26bd31-d57e-4272-aee2-8b25bf096957@group-BF539ACA678C-SegmentedRaftLogWorker close()
2023-02-03 08:25:26,042 [Command processor thread] INFO  impl.StateMachineUpdater (StateMachineUpdater.java:stopAndJoin(153)) - fb809e67-793a-4199-a2f5-5836e5e9d09f@group-BF539ACA678C-StateMachineUpdater: set stopIndex = 32
2023-02-03 08:25:26,043 [fb809e67-793a-4199-a2f5-5836e5e9d09f@group-BF539ACA678C-StateMachineUpdater] INFO  ratis.ContainerStateMachine (ContainerStateMachine.java:takeSnapshot(308)) - group-BF539ACA678C: Taking a snapshot at:(t:1, i:32) file /home/runner/work/ozone/ozone/hadoop-ozone/integration-test/target/test-dir/MiniOzoneClusterImpl-927b0a6e-f479-4829-be79-85586f7f9dc8/datanode-3/data/ratis/2d730a4a-1904-4e86-afbb-bf539aca678c/sm/snapshot.1_32
2023-02-03 08:25:26,043 [Command processor thread] INFO  keyvalue.KeyValueContainer (KeyValueContainer.java:flushAndSyncDB(439)) - Container 1 is synced with bcsId 26.
2023-02-03 08:25:26,043 [Command processor thread] INFO  keyvalue.KeyValueContainer (KeyValueContainer.java:flushAndSyncDB(439)) - Container 1 is synced with bcsId 26.
2023-02-03 08:25:26,044 [fb809e67-793a-4199-a2f5-5836e5e9d09f@group-BF539ACA678C-StateMachineUpdater] INFO  ratis.ContainerStateMachine (ContainerStateMachine.java:takeSnapshot(319)) - group-BF539ACA678C: Finished taking a snapshot at:(t:1, i:32) file:/home/runner/work/ozone/ozone/hadoop-ozone/integration-test/target/test-dir/MiniOzoneClusterImpl-927b0a6e-f479-4829-be79-85586f7f9dc8/datanode-3/data/ratis/2d730a4a-1904-4e86-afbb-bf539aca678c/sm/snapshot.1_32 took: 1 ms
2023-02-03 08:25:26,044 [fb809e67-793a-4199-a2f5-5836e5e9d09f@group-BF539ACA678C-StateMachineUpdater] INFO  impl.StateMachineUpdater (StateMachineUpdater.java:takeSnapshot(287)) - fb809e67-793a-4199-a2f5-5836e5e9d09f@group-BF539ACA678C-StateMachineUpdater: Took a snapshot at index 32
2023-02-03 08:25:26,044 [fb809e67-793a-4199-a2f5-5836e5e9d09f@group-BF539ACA678C-StateMachineUpdater] INFO  impl.StateMachineUpdater (StateMachineUpdater.java:lambda$new$0(92)) - fb809e67-793a-4199-a2f5-5836e5e9d09f@group-BF539ACA678C-StateMachineUpdater: snapshotIndex: updateIncreasingly -1 -> 32
2023-02-03 08:25:26,047 [Command processor thread] INFO  keyvalue.KeyValueContainer (KeyValueContainer.java:flushAndSyncDB(439)) - Container 1 is synced with bcsId 26.
2023-02-03 08:25:26,047 [Command processor thread] INFO  keyvalue.KeyValueContainer (KeyValueContainer.java:flushAndSyncDB(439)) - Container 1 is synced with bcsId 26.
2023-02-03 08:25:26,057 [FixedThreadPoolWithAffinityExecutor-8-0] INFO  container.IncrementalContainerReportHandler (AbstractContainerReportHandler.java:updateContainerState(285)) - Moving container #1 to QUASI_CLOSED state, datanode 5f61b73f-7af0-4258-8c93-74f2ad148b39(fv-az243-539.eyhnzsvkqwvufobmc3lzdbadce.jx.internal.cloudapp.net/10.1.0.160) reported QUASI_CLOSED replica.
2023-02-03 08:25:26,058 [Command processor thread] INFO  server.RaftServer$Division (ServerState.java:close(466)) - fb809e67-793a-4199-a2f5-5836e5e9d09f@group-BF539ACA678C: closes. applyIndex: 32
2023-02-03 08:25:26,058 [fb809e67-793a-4199-a2f5-5836e5e9d09f@group-BF539ACA678C-SegmentedRaftLogWorker] INFO  segmented.SegmentedRaftLogWorker (SegmentedRaftLogWorker.java:run(347)) - fb809e67-793a-4199-a2f5-5836e5e9d09f@group-BF539ACA678C-SegmentedRaftLogWorker was interrupted, exiting. There are 0 tasks remaining in the queue.
2023-02-03 08:25:26,059 [Command processor thread] INFO  segmented.SegmentedRaftLogWorker (SegmentedRaftLogWorker.java:close(257)) - fb809e67-793a-4199-a2f5-5836e5e9d09f@group-BF539ACA678C-SegmentedRaftLogWorker close()
2023-02-03 08:25:26,059 [Command processor thread] INFO  keyvalue.KeyValueContainer (KeyValueContainer.java:flushAndSyncDB(439)) - Container 3 is synced with bcsId 30.
2023-02-03 08:25:26,059 [Command processor thread] INFO  keyvalue.KeyValueContainer (KeyValueContainer.java:flushAndSyncDB(439)) - Container 3 is synced with bcsId 30.
2023-02-03 08:25:26,062 [Command processor thread] INFO  keyvalue.KeyValueContainer (KeyValueContainer.java:flushAndSyncDB(439)) - Container 3 is synced with bcsId 30.
2023-02-03 08:25:26,062 [Command processor thread] INFO  keyvalue.KeyValueContainer (KeyValueContainer.java:flushAndSyncDB(439)) - Container 3 is synced with bcsId 30.
2023-02-03 08:25:26,076 [FixedThreadPoolWithAffinityExecutor-1-0] INFO  container.IncrementalContainerReportHandler (AbstractContainerReportHandler.java:updateContainerState(285)) - Moving container #3 to QUASI_CLOSED state, datanode 1d26bd31-d57e-4272-aee2-8b25bf096957(fv-az243-539.eyhnzsvkqwvufobmc3lzdbadce.jx.internal.cloudapp.net/10.1.0.160) reported QUASI_CLOSED replica.
2023-02-03 08:25:26,076 [Command processor thread] INFO  server.RaftServer$Division (RaftServerImpl.java:groupRemove(428)) - 1d26bd31-d57e-4272-aee2-8b25bf096957@group-BF539ACA678C: Succeed to remove RaftStorageDirectory Storage Directory /home/runner/work/ozone/ozone/hadoop-ozone/integration-test/target/test-dir/MiniOzoneClusterImpl-927b0a6e-f479-4829-be79-85586f7f9dc8/datanode-5/data/ratis/2d730a4a-1904-4e86-afbb-bf539aca678c
2023-02-03 08:25:26,077 [Command processor thread] INFO  commandhandler.ClosePipelineCommandHandler (ClosePipelineCommandHandler.java:handle(78)) - Close Pipeline PipelineID=2d730a4a-1904-4e86-afbb-bf539aca678c command on datanode 1d26bd31-d57e-4272-aee2-8b25bf096957.
2023-02-03 08:25:26,077 [Command processor thread] INFO  keyvalue.KeyValueContainer (KeyValueContainer.java:flushAndSyncDB(439)) - Container 1 is synced with bcsId 26.
2023-02-03 08:25:26,077 [Command processor thread] INFO  keyvalue.KeyValueContainer (KeyValueContainer.java:flushAndSyncDB(439)) - Container 1 is synced with bcsId 26.
2023-02-03 08:25:26,079 [Command processor thread] INFO  keyvalue.KeyValueContainer (KeyValueContainer.java:flushAndSyncDB(439)) - Container 4 is synced with bcsId 22.
2023-02-03 08:25:26,079 [Command processor thread] INFO  keyvalue.KeyValueContainer (KeyValueContainer.java:flushAndSyncDB(439)) - Container 4 is synced with bcsId 22.
2023-02-03 08:25:26,082 [FixedThreadPoolWithAffinityExecutor-8-0] INFO  container.IncrementalContainerReportHandler (AbstractContainerReportHandler.java:updateContainerState(285)) - Moving container #4 to QUASI_CLOSED state, datanode 5f61b73f-7af0-4258-8c93-74f2ad148b39(fv-az243-539.eyhnzsvkqwvufobmc3lzdbadce.jx.internal.cloudapp.net/10.1.0.160) reported QUASI_CLOSED replica.
2023-02-03 08:25:26,082 [Command processor thread] INFO  keyvalue.KeyValueContainer (KeyValueContainer.java:flushAndSyncDB(439)) - Container 3 is synced with bcsId 30.
2023-02-03 08:25:26,082 [Command processor thread] INFO  keyvalue.KeyValueContainer (KeyValueContainer.java:flushAndSyncDB(439)) - Container 3 is synced with bcsId 30.
2023-02-03 08:25:26,084 [Command processor thread] INFO  server.RaftServer$Division (RaftServerImpl.java:groupRemove(428)) - 5f61b73f-7af0-4258-8c93-74f2ad148b39@group-BF539ACA678C: Succeed to remove RaftStorageDirectory Storage Directory /home/runner/work/ozone/ozone/hadoop-ozone/integration-test/target/test-dir/MiniOzoneClusterImpl-927b0a6e-f479-4829-be79-85586f7f9dc8/datanode-4/data/ratis/2d730a4a-1904-4e86-afbb-bf539aca678c
2023-02-03 08:25:26,084 [Command processor thread] INFO  commandhandler.ClosePipelineCommandHandler (ClosePipelineCommandHandler.java:handle(78)) - Close Pipeline PipelineID=2d730a4a-1904-4e86-afbb-bf539aca678c command on datanode 5f61b73f-7af0-4258-8c93-74f2ad148b39.
2023-02-03 08:25:26,085 [Command processor thread] INFO  keyvalue.KeyValueContainer (KeyValueContainer.java:flushAndSyncDB(439)) - Container 4 is synced with bcsId 22.
2023-02-03 08:25:26,086 [Command processor thread] INFO  keyvalue.KeyValueContainer (KeyValueContainer.java:flushAndSyncDB(439)) - Container 4 is synced with bcsId 22.
2023-02-03 08:25:26,087 [Command processor thread] INFO  server.RaftServer$Division (RaftServerImpl.java:groupRemove(428)) - fb809e67-793a-4199-a2f5-5836e5e9d09f@group-BF539ACA678C: Succeed to remove RaftStorageDirectory Storage Directory /home/runner/work/ozone/ozone/hadoop-ozone/integration-test/target/test-dir/MiniOzoneClusterImpl-927b0a6e-f479-4829-be79-85586f7f9dc8/datanode-3/data/ratis/2d730a4a-1904-4e86-afbb-bf539aca678c
2023-02-03 08:25:26,090 [Command processor thread] INFO  commandhandler.ClosePipelineCommandHandler (ClosePipelineCommandHandler.java:handle(78)) - Close Pipeline PipelineID=2d730a4a-1904-4e86-afbb-bf539aca678c command on datanode fb809e67-793a-4199-a2f5-5836e5e9d09f.
2023-02-03 08:25:26,091 [Listener at 127.0.0.1/41071] INFO  handler.ContextHandler (ContextHandler.java:doStart(921)) - Started o.e.j.w.WebAppContext@337ba56a{hddsDatanode,/,file:///tmp/jetty-0_0_0_0-34153-hdds-container-service-1_4_0-SNAPSHOT_jar-_-any-5789801541337308328/webapp/,AVAILABLE}{jar:file:/home/runner/.m2/repository/org/apache/ozone/hdds-container-service/1.4.0-SNAPSHOT/hdds-container-service-1.4.0-SNAPSHOT.jar!/webapps/hddsDatanode}
2023-02-03 08:25:26,098 [Listener at 127.0.0.1/41071] INFO  server.AbstractConnector (AbstractConnector.java:doStart(333)) - Started ServerConnector@2b41506c{HTTP/1.1, (http/1.1)}{0.0.0.0:34153}
2023-02-03 08:25:26,098 [Listener at 127.0.0.1/41071] INFO  server.Server (Server.java:doStart(415)) - Started @149389ms
2023-02-03 08:25:26,098 [Listener at 127.0.0.1/41071] WARN  impl.MetricsSystemImpl (MetricsSystemImpl.java:register(279)) - Sink prometheus already exists!
2023-02-03 08:25:26,099 [Listener at 127.0.0.1/41071] INFO  http.BaseHttpServer (BaseHttpServer.java:updateConnectorAddress(333)) - HTTP server of hddsDatanode listening at http://0.0.0.0:34153
2023-02-03 08:25:26,099 [Listener at 127.0.0.1/41071] WARN  impl.MetricRegistriesImpl (MetricRegistriesImpl.java:addReporterRegistration(111)) - New reporters are added after registries were created. Some metrics will be missing from the reporter. Please add reporter before adding any new registry.
2023-02-03 08:25:26,099 [Listener at 127.0.0.1/41071] WARN  impl.MetricRegistriesImpl (MetricRegistriesImpl.java:addReporterRegistration(111)) - New reporters are added after registries were created. Some metrics will be missing from the reporter. Please add reporter before adding any new registry.
2023-02-03 08:25:26,099 [Listener at 127.0.0.1/41071] INFO  impl.MetricsSystemImpl (MetricsSystemImpl.java:init(158)) - HddsDatanode metrics system started (again)
2023-02-03 08:25:26,106 [Datanode State Machine Daemon Thread] INFO  statemachine.DatanodeStateMachine (DatanodeStateMachine.java:lambda$startDaemon$0(516)) - Ozone container server started.
2023-02-03 08:25:26,119 [Listener at 127.0.0.1/41071] INFO  ozone.HddsDatanodeService (HddsDatanodeService.java:start(228)) - HddsDatanodeService host:fv-az243-539.eyhnzsvkqwvufobmc3lzdbadce.jx.internal.cloudapp.net ip:10.1.0.160
2023-02-03 08:25:26,149 [Listener at 127.0.0.1/41071] INFO  upgrade.AbstractLayoutVersionManager (AbstractLayoutVersionManager.java:init(83)) - Initializing Layout version manager with metadata layout = DATANODE_SCHEMA_V3 (version = 4), software layout = DATANODE_SCHEMA_V3 (version = 4)
2023-02-03 08:25:26,173 [org.apache.hadoop.util.JvmPauseMonitor$Monitor@215afd78] INFO  util.JvmPauseMonitor (JvmPauseMonitor.java:run(188)) - Starting JVM pause monitor
2023-02-03 08:25:26,180 [Datanode State Machine Task Thread - 0] INFO  datanode.InitDatanodeState (InitDatanodeState.java:persistContainerDatanodeDetails(138)) - DatanodeDetails is persisted to /home/runner/work/ozone/ozone/hadoop-ozone/integration-test/target/test-dir/MiniOzoneClusterImpl-28bc09eb-e3f7-4a89-8119-a7f902522be3/datanode-0/meta/datanode.id
2023-02-03 08:25:26,239 [Listener at 127.0.0.1/41071] INFO  reflections.Reflections (Reflections.java:scan(232)) - Reflections took 88 ms to scan 7 urls, producing 150 keys and 361 values 
2023-02-03 08:25:26,240 [Listener at 127.0.0.1/41071] INFO  statemachine.DatanodeStateMachine (DatanodeStateMachine.java:getEndPointTaskThreadPoolSize(260)) - Datanode State Machine Task Thread Pool size 2
2023-02-03 08:25:26,241 [Listener at 127.0.0.1/41071] INFO  volume.HddsVolume (HddsVolume.java:<init>(117)) - Creating HddsVolume: /home/runner/work/ozone/ozone/hadoop-ozone/integration-test/target/test-dir/MiniOzoneClusterImpl-28bc09eb-e3f7-4a89-8119-a7f902522be3/datanode-1/data-0/containers/hdds of storage type : DISK capacity : 9223372036854775807
2023-02-03 08:25:26,241 [Listener at 127.0.0.1/41071] INFO  volume.MutableVolumeSet (MutableVolumeSet.java:initializeVolumeSet(174)) - Added Volume : /home/runner/work/ozone/ozone/hadoop-ozone/integration-test/target/test-dir/MiniOzoneClusterImpl-28bc09eb-e3f7-4a89-8119-a7f902522be3/datanode-1/data-0/containers/hdds to VolumeSet
2023-02-03 08:25:26,241 [Listener at 127.0.0.1/41071] INFO  volume.ThrottledAsyncChecker (ThrottledAsyncChecker.java:schedule(141)) - Scheduling a check for /home/runner/work/ozone/ozone/hadoop-ozone/integration-test/target/test-dir/MiniOzoneClusterImpl-28bc09eb-e3f7-4a89-8119-a7f902522be3/datanode-1/data-0/containers/hdds
2023-02-03 08:25:26,251 [Listener at 127.0.0.1/41071] INFO  volume.StorageVolumeChecker (StorageVolumeChecker.java:checkAllVolumes(202)) - Scheduled health check for volume /home/runner/work/ozone/ozone/hadoop-ozone/integration-test/target/test-dir/MiniOzoneClusterImpl-28bc09eb-e3f7-4a89-8119-a7f902522be3/datanode-1/data-0/containers/hdds
2023-02-03 08:25:26,264 [Listener at 127.0.0.1/41071] INFO  volume.MutableVolumeSet (MutableVolumeSet.java:initializeVolumeSet(174)) - Added Volume : /home/runner/work/ozone/ozone/hadoop-ozone/integration-test/target/test-dir/MiniOzoneClusterImpl-28bc09eb-e3f7-4a89-8119-a7f902522be3/datanode-1/data/ratis to VolumeSet
2023-02-03 08:25:26,264 [Listener at 127.0.0.1/41071] INFO  volume.ThrottledAsyncChecker (ThrottledAsyncChecker.java:schedule(141)) - Scheduling a check for /home/runner/work/ozone/ozone/hadoop-ozone/integration-test/target/test-dir/MiniOzoneClusterImpl-28bc09eb-e3f7-4a89-8119-a7f902522be3/datanode-1/data/ratis
2023-02-03 08:25:26,267 [Listener at 127.0.0.1/41071] INFO  volume.StorageVolumeChecker (StorageVolumeChecker.java:checkAllVolumes(202)) - Scheduled health check for volume /home/runner/work/ozone/ozone/hadoop-ozone/integration-test/target/test-dir/MiniOzoneClusterImpl-28bc09eb-e3f7-4a89-8119-a7f902522be3/datanode-1/data/ratis
2023-02-03 08:25:26,294 [Thread-2481] INFO  ozoneimpl.ContainerReader (ContainerReader.java:readVolume(175)) - Finish verifying containers on volume /home/runner/work/ozone/ozone/hadoop-ozone/integration-test/target/test-dir/MiniOzoneClusterImpl-28bc09eb-e3f7-4a89-8119-a7f902522be3/datanode-1/data-0/containers/hdds
2023-02-03 08:25:26,294 [Listener at 127.0.0.1/41071] INFO  ozoneimpl.OzoneContainer (OzoneContainer.java:buildContainerSet(304)) - Build ContainerSet costs 0s
2023-02-03 08:25:26,296 [Listener at 127.0.0.1/41071] INFO  server.RaftServer (ConfUtils.java:logGet(46)) - raft.rpc.type = GRPC (default)
2023-02-03 08:25:26,296 [Listener at 127.0.0.1/41071] INFO  grpc.GrpcConfigKeys (ConfUtils.java:logFallback(53)) - raft.grpc.admin.host = null (fallback to raft.grpc.server.host)
2023-02-03 08:25:26,296 [Listener at 127.0.0.1/41071] INFO  grpc.GrpcConfigKeys (ConfUtils.java:logGet(46)) - raft.grpc.admin.port = 0 (custom)
2023-02-03 08:25:26,296 [Listener at 127.0.0.1/41071] INFO  grpc.GrpcConfigKeys (ConfUtils.java:logFallback(53)) - raft.grpc.client.host = null (fallback to raft.grpc.server.host)
2023-02-03 08:25:26,296 [Listener at 127.0.0.1/41071] INFO  grpc.GrpcConfigKeys (ConfUtils.java:logGet(46)) - raft.grpc.client.port = 0 (custom)
2023-02-03 08:25:26,296 [Listener at 127.0.0.1/41071] INFO  grpc.GrpcConfigKeys (ConfUtils.java:logGet(46)) - raft.grpc.server.host = null (default)
2023-02-03 08:25:26,296 [Listener at 127.0.0.1/41071] INFO  grpc.GrpcConfigKeys (ConfUtils.java:logGet(46)) - raft.grpc.server.port = 0 (default)
2023-02-03 08:25:26,296 [Listener at 127.0.0.1/41071] INFO  server.GrpcService (ConfUtils.java:logGet(46)) - raft.grpc.message.size.max = 32MB (=33554432) (custom)
2023-02-03 08:25:26,296 [Listener at 127.0.0.1/41071] INFO  server.RaftServerConfigKeys (ConfUtils.java:logGet(46)) - raft.server.log.appender.buffer.byte-limit = 33554432 (custom)
2023-02-03 08:25:26,296 [Listener at 127.0.0.1/41071] INFO  server.GrpcService (ConfUtils.java:logGet(46)) - raft.grpc.flow.control.window = 5MB (=5242880) (custom)
2023-02-03 08:25:26,297 [Listener at 127.0.0.1/41071] INFO  server.RaftServerConfigKeys (ConfUtils.java:logGet(46)) - raft.server.rpc.request.timeout = 60s (custom)
2023-02-03 08:25:26,297 [Listener at 127.0.0.1/41071] INFO  grpc.GrpcConfigKeys (ConfUtils.java:logGet(46)) - raft.grpc.server.heartbeat.channel = true (default)
2023-02-03 08:25:26,297 [Listener at 127.0.0.1/41071] INFO  grpc.GrpcConfigKeys (ConfUtils.java:logGet(46)) - raft.grpc.server.async.request.thread.pool.cached = true (default)
2023-02-03 08:25:26,297 [Listener at 127.0.0.1/41071] INFO  grpc.GrpcConfigKeys (ConfUtils.java:logGet(46)) - raft.grpc.server.async.request.thread.pool.size = 32 (default)
2023-02-03 08:25:26,299 [Listener at 127.0.0.1/41071] INFO  impl.DataStreamServerImpl (ConfUtils.java:logGet(46)) - raft.datastream.type = NETTY (custom)
2023-02-03 08:25:26,300 [Listener at 127.0.0.1/41071] INFO  server.RaftServerConfigKeys (ConfUtils.java:logGet(46)) - raft.server.data-stream.async.request.thread.pool.cached = false (default)
2023-02-03 08:25:26,300 [Listener at 127.0.0.1/41071] INFO  server.RaftServerConfigKeys (ConfUtils.java:logGet(46)) - raft.server.data-stream.async.request.thread.pool.size = 20 (custom)
2023-02-03 08:25:26,300 [Listener at 127.0.0.1/41071] INFO  server.RaftServerConfigKeys (ConfUtils.java:logGet(46)) - raft.server.data-stream.async.write.thread.pool.size = 16 (default)
2023-02-03 08:25:26,300 [Listener at 127.0.0.1/41071] INFO  server.RaftServerConfigKeys (ConfUtils.java:logGet(46)) - raft.server.data-stream.client.pool.size = 10 (default)
2023-02-03 08:25:26,300 [Listener at 127.0.0.1/41071] INFO  netty.NettyConfigKeys$DataStream (ConfUtils.java:logGet(46)) - raft.netty.dataStream.server.use-epoll = false (default)
2023-02-03 08:25:26,300 [Listener at 127.0.0.1/41071] INFO  netty.NettyConfigKeys$DataStream (ConfUtils.java:logGet(46)) - raft.netty.dataStream.server.boss-group.size = 0 (default)
2023-02-03 08:25:26,300 [Listener at 127.0.0.1/41071] INFO  netty.NettyConfigKeys$DataStream (ConfUtils.java:logGet(46)) - raft.netty.dataStream.server.worker-group.size = 0 (default)
2023-02-03 08:25:26,300 [Listener at 127.0.0.1/41071] INFO  netty.NettyConfigKeys$DataStream (ConfUtils.java:logGet(46)) - raft.netty.dataStream.server.tls.conf = null (default)
2023-02-03 08:25:26,301 [Listener at 127.0.0.1/41071] INFO  netty.NettyConfigKeys$DataStream (ConfUtils.java:logGet(46)) - raft.netty.dataStream.host = null (default)
2023-02-03 08:25:26,301 [Listener at 127.0.0.1/41071] INFO  netty.NettyConfigKeys$DataStream (ConfUtils.java:logGet(46)) - raft.netty.dataStream.port = 0 (default)
2023-02-03 08:25:26,301 [Listener at 127.0.0.1/41071] INFO  server.RaftServerConfigKeys (ConfUtils.java:logGet(46)) - raft.server.threadpool.proxy.cached = true (default)
2023-02-03 08:25:26,301 [Listener at 127.0.0.1/41071] INFO  server.RaftServerConfigKeys (ConfUtils.java:logGet(46)) - raft.server.threadpool.proxy.size = 0 (default)
2023-02-03 08:25:26,301 [Listener at 127.0.0.1/41071] INFO  server.RaftServerConfigKeys (ConfUtils.java:logGet(46)) - raft.server.rpc.slowness.timeout = 300s (custom)
2023-02-03 08:25:26,301 [Listener at 127.0.0.1/41071] INFO  server.RaftServerConfigKeys (ConfUtils.java:logGet(46)) - raft.server.leaderelection.leader.step-down.wait-time = 10s (default)
2023-02-03 08:25:26,301 [Listener at 127.0.0.1/41071] INFO  server.RaftServerConfigKeys (ConfUtils.java:logGet(46)) - raft.server.storage.dir = [/home/runner/work/ozone/ozone/hadoop-ozone/integration-test/target/test-dir/MiniOzoneClusterImpl-28bc09eb-e3f7-4a89-8119-a7f902522be3/datanode-1/data/ratis] (custom)
2023-02-03 08:25:26,302 [3bcd519d-6d15-46bd-84ce-f4181b0a7575-NettyServerStreamRpc-bossGroup--thread1] INFO  logging.LoggingHandler (AbstractInternalLogger.java:log(148)) - [id: 0xc5473274] REGISTERED
2023-02-03 08:25:26,302 [3bcd519d-6d15-46bd-84ce-f4181b0a7575-NettyServerStreamRpc-bossGroup--thread1] INFO  logging.LoggingHandler (AbstractInternalLogger.java:log(148)) - [id: 0xc5473274] BIND: 0.0.0.0/0.0.0.0:0
2023-02-03 08:25:26,302 [3bcd519d-6d15-46bd-84ce-f4181b0a7575-NettyServerStreamRpc-bossGroup--thread1] INFO  logging.LoggingHandler (AbstractInternalLogger.java:log(148)) - [id: 0xc5473274, L:/0:0:0:0:0:0:0:0:39027] ACTIVE
2023-02-03 08:25:26,303 [Listener at 127.0.0.1/41071] INFO  server.XceiverServerGrpc (XceiverServerGrpc.java:<init>(132)) - GrpcServer channel type EpollServerSocketChannel
2023-02-03 08:25:26,308 [Listener at 127.0.0.1/41071] INFO  http.BaseHttpServer (BaseHttpServer.java:newHttpServer2BuilderForOzone(213)) - Starting Web-server for hddsDatanode at: http://0.0.0.0:0
2023-02-03 08:25:26,308 [Listener at 127.0.0.1/41071] INFO  http.BaseHttpServer (BaseHttpServer.java:<init>(108)) - Hadoop Security Enabled: false Ozone Security Enabled: false Ozone HTTP Security Enabled: false 
2023-02-03 08:25:26,309 [Listener at 127.0.0.1/41071] WARN  server.AuthenticationFilter (AuthenticationFilter.java:constructSecretProvider(240)) - Unable to initialize FileSignerSecretProvider, falling back to use random secrets. Reason: Could not read signature secret file: /home/runner/hadoop-http-auth-signature-secret
2023-02-03 08:25:26,314 [Listener at 127.0.0.1/41071] WARN  http.HttpRequestLog (HttpRequestLog.java:getRequestLog(103)) - Jetty request log can only be enabled using Log4j
2023-02-03 08:25:26,315 [Listener at 127.0.0.1/41071] INFO  http.HttpServer2 (HttpServer2.java:addGlobalFilter(1031)) - Added global filter 'safety' (class=org.apache.hadoop.hdds.server.http.HttpServer2$QuotingInputFilter)
2023-02-03 08:25:26,316 [Listener at 127.0.0.1/41071] INFO  http.HttpServer2 (HttpServer2.java:addFilter(1007)) - Added filter static_user_filter (class=org.apache.hadoop.http.lib.StaticUserWebFilter$StaticUserFilter) to context hddsDatanode
2023-02-03 08:25:26,316 [Listener at 127.0.0.1/41071] INFO  http.HttpServer2 (HttpServer2.java:addFilter(1015)) - Added filter static_user_filter (class=org.apache.hadoop.http.lib.StaticUserWebFilter$StaticUserFilter) to context logs
2023-02-03 08:25:26,316 [Listener at 127.0.0.1/41071] INFO  http.HttpServer2 (HttpServer2.java:addFilter(1015)) - Added filter static_user_filter (class=org.apache.hadoop.http.lib.StaticUserWebFilter$StaticUserFilter) to context static
2023-02-03 08:25:26,316 [Listener at 127.0.0.1/41071] INFO  http.HttpServer2 (HttpServer2.java:bindListener(1250)) - Jetty bound to port 39859
2023-02-03 08:25:26,316 [Listener at 127.0.0.1/41071] INFO  server.Server (Server.java:doStart(375)) - jetty-9.4.49.v20220914; built: 2022-09-14T01:07:36.601Z; git: 4231a3b2e4cb8548a412a789936d640a97b1aa0a; jvm 1.8.0_362-b09
2023-02-03 08:25:26,334 [Listener at 127.0.0.1/41071] INFO  server.session (DefaultSessionIdManager.java:doStart(334)) - DefaultSessionIdManager workerName=node0
2023-02-03 08:25:26,334 [Listener at 127.0.0.1/41071] INFO  server.session (DefaultSessionIdManager.java:doStart(339)) - No SessionScavenger set, using defaults
2023-02-03 08:25:26,334 [Listener at 127.0.0.1/41071] INFO  server.session (HouseKeeper.java:startScavenging(132)) - node0 Scavenging every 660000ms
2023-02-03 08:25:26,337 [Listener at 127.0.0.1/41071] INFO  handler.ContextHandler (ContextHandler.java:doStart(921)) - Started o.e.j.s.ServletContextHandler@6fe7c6a{logs,/logs,file:///home/runner/work/ozone/ozone/hadoop-ozone/integration-test/target/log,AVAILABLE}
2023-02-03 08:25:26,337 [Listener at 127.0.0.1/41071] INFO  handler.ContextHandler (ContextHandler.java:doStart(921)) - Started o.e.j.s.ServletContextHandler@28551f58{static,/static,jar:file:/home/runner/.m2/repository/org/apache/ozone/hdds-container-service/1.4.0-SNAPSHOT/hdds-container-service-1.4.0-SNAPSHOT.jar!/webapps/static,AVAILABLE}
2023-02-03 08:25:26,381 [om1@group-C5BA1605619E-FollowerState] INFO  impl.FollowerState (FollowerState.java:run(143)) - om1@group-C5BA1605619E-FollowerState: change to CANDIDATE, lastRpcElapsedTime:1170190438ns, electionTimeout:1167ms
2023-02-03 08:25:26,382 [om1@group-C5BA1605619E-FollowerState] INFO  impl.RoleInfo (RoleInfo.java:shutdownFollowerState(110)) - om1: shutdown om1@group-C5BA1605619E-FollowerState
2023-02-03 08:25:26,382 [om1@group-C5BA1605619E-FollowerState] INFO  server.RaftServer$Division (RaftServerImpl.java:setRole(321)) - om1@group-C5BA1605619E: changes role from  FOLLOWER to CANDIDATE at term 0 for changeToCandidate
2023-02-03 08:25:26,384 [om1@group-C5BA1605619E-FollowerState] INFO  server.RaftServerConfigKeys (ConfUtils.java:logGet(46)) - raft.server.leaderelection.pre-vote = false (custom)
2023-02-03 08:25:26,384 [om1@group-C5BA1605619E-FollowerState] INFO  impl.RoleInfo (RoleInfo.java:updateAndGet(139)) - om1: start om1@group-C5BA1605619E-LeaderElection93
2023-02-03 08:25:26,389 [om1@group-C5BA1605619E-LeaderElection93] INFO  impl.LeaderElection (LeaderElection.java:askForVotes(312)) - om1@group-C5BA1605619E-LeaderElection93 ELECTION round 0: submit vote requests at term 1 for -1: peers:[om1|rpc:localhost:37397|priority:0|startupRole:FOLLOWER]|listeners:[], old=null
2023-02-03 08:25:26,389 [om1@group-C5BA1605619E-LeaderElection93] INFO  impl.LeaderElection (LeaderElection.java:askForVotes(314)) - om1@group-C5BA1605619E-LeaderElection93 ELECTION round 0: result PASSED (term=1)
2023-02-03 08:25:26,389 [om1@group-C5BA1605619E-LeaderElection93] INFO  impl.RoleInfo (RoleInfo.java:shutdownLeaderElection(130)) - om1: shutdown om1@group-C5BA1605619E-LeaderElection93
2023-02-03 08:25:26,389 [om1@group-C5BA1605619E-LeaderElection93] INFO  server.RaftServer$Division (RaftServerImpl.java:setRole(321)) - om1@group-C5BA1605619E: changes role from CANDIDATE to LEADER at term 1 for changeToLeader
2023-02-03 08:25:26,389 [om1@group-C5BA1605619E-LeaderElection93] INFO  server.RaftServer$Division (ServerState.java:setLeader(313)) - om1@group-C5BA1605619E: change Leader from null to om1 at term 1 for becomeLeader, leader elected after 2353ms
2023-02-03 08:25:26,389 [om1@group-C5BA1605619E-LeaderElection93] INFO  server.RaftServerConfigKeys (ConfUtils.java:logGet(46)) - raft.server.staging.catchup.gap = 1000 (default)
2023-02-03 08:25:26,395 [om1@group-C5BA1605619E-LeaderElection93] INFO  server.RaftServerConfigKeys (ConfUtils.java:logGet(46)) - raft.server.write.element-limit = 4096 (default)
2023-02-03 08:25:26,395 [om1@group-C5BA1605619E-LeaderElection93] INFO  server.RaftServerConfigKeys (ConfUtils.java:logGet(46)) - raft.server.write.byte-limit = 64MB (=67108864) (default)
2023-02-03 08:25:26,396 [om1@group-C5BA1605619E-LeaderElection93] INFO  server.RaftServerConfigKeys (ConfUtils.java:logGet(46)) - raft.server.watch.timeout = 10s (default)
2023-02-03 08:25:26,411 [om1@group-C5BA1605619E-LeaderElection93] INFO  server.RaftServerConfigKeys (ConfUtils.java:logGet(46)) - raft.server.watch.timeout.denomination = 1s (default)
2023-02-03 08:25:26,411 [om1@group-C5BA1605619E-LeaderElection93] INFO  server.RaftServerConfigKeys (ConfUtils.java:logGet(46)) - raft.server.watch.element-limit = 65536 (default)
2023-02-03 08:25:26,411 [om1@group-C5BA1605619E-LeaderElection93] INFO  server.RaftServerConfigKeys (ConfUtils.java:logGet(46)) - raft.server.write.element-limit = 4096 (default)
2023-02-03 08:25:26,411 [om1@group-C5BA1605619E-LeaderElection93] INFO  server.RaftServerConfigKeys (ConfUtils.java:logGet(46)) - raft.server.write.follower.gap.ratio.max = -1.0 (default)
2023-02-03 08:25:26,411 [om1@group-C5BA1605619E-LeaderElection93] INFO  impl.RoleInfo (RoleInfo.java:updateAndGet(139)) - om1: start om1@group-C5BA1605619E-LeaderStateImpl
2023-02-03 08:25:26,411 [om1@group-C5BA1605619E-LeaderElection93] INFO  segmented.SegmentedRaftLogWorker (SegmentedRaftLogWorker.java:startLogSegment(452)) - om1@group-C5BA1605619E-SegmentedRaftLogWorker: Starting segment from index:0
2023-02-03 08:25:26,420 [om1@group-C5BA1605619E-LeaderElection93] INFO  server.RaftServer$Division (ServerState.java:setRaftConf(430)) - om1@group-C5BA1605619E: set configuration 0: peers:[om1|rpc:localhost:37397|admin:|client:|dataStream:|priority:0|startupRole:FOLLOWER]|listeners:[], old=null
2023-02-03 08:25:26,423 [om1@group-C5BA1605619E-SegmentedRaftLogWorker] INFO  segmented.SegmentedRaftLogWorker (SegmentedRaftLogWorker.java:execute(656)) - om1@group-C5BA1605619E-SegmentedRaftLogWorker: created new log segment /home/runner/work/ozone/ozone/hadoop-ozone/integration-test/target/test-dir/MiniOzoneClusterImpl-28bc09eb-e3f7-4a89-8119-a7f902522be3/ozone-meta/ratis/bf265839-605b-3f16-9796-c5ba1605619e/current/log_inprogress_0
2023-02-03 08:25:26,425 [om1@group-C5BA1605619E-StateMachineUpdater] INFO  ratis.OzoneManagerStateMachine (OzoneManagerStateMachine.java:notifyConfigurationChanged(192)) - Received Configuration change notification from Ratis. New Peer list:
[id: "om1"
address: "localhost:37397"
startupRole: FOLLOWER
]
2023-02-03 08:25:26,483 [ChunkReader-8] INFO  keyvalue.KeyValueHandler (ContainerUtils.java:logAndReturnError(91)) - Operation: PutBlock , Trace ID:  , Message: Put Key failed , Result: IO_EXCEPTION , StorageContainerException Occurred.
org.apache.hadoop.hdds.scm.container.common.helpers.StorageContainerException: Put Key failed
	at org.apache.hadoop.ozone.container.keyvalue.KeyValueHandler.handlePutBlock(KeyValueHandler.java:548)
	at org.apache.hadoop.ozone.container.keyvalue.KeyValueHandler.dispatchRequest(KeyValueHandler.java:243)
	at org.apache.hadoop.ozone.container.keyvalue.KeyValueHandler.handle(KeyValueHandler.java:219)
	at org.apache.hadoop.ozone.container.common.impl.HddsDispatcher.dispatchRequest(HddsDispatcher.java:320)
	at org.apache.hadoop.ozone.container.common.impl.HddsDispatcher.lambda$dispatch$0(HddsDispatcher.java:171)
	at org.apache.hadoop.hdds.server.OzoneProtocolMessageDispatcher.processRequest(OzoneProtocolMessageDispatcher.java:87)
	at org.apache.hadoop.ozone.container.common.impl.HddsDispatcher.dispatch(HddsDispatcher.java:170)
	at org.apache.hadoop.ozone.container.common.transport.server.GrpcXceiverService$1.onNext(GrpcXceiverService.java:57)
	at org.apache.hadoop.ozone.container.common.transport.server.GrpcXceiverService$1.onNext(GrpcXceiverService.java:50)
	at org.apache.ratis.thirdparty.io.grpc.stub.ServerCalls$StreamingServerCallHandler$StreamingServerCallListener.onMessage(ServerCalls.java:262)
	at org.apache.ratis.thirdparty.io.grpc.ForwardingServerCallListener.onMessage(ForwardingServerCallListener.java:33)
	at org.apache.hadoop.hdds.tracing.GrpcServerInterceptor$1.onMessage(GrpcServerInterceptor.java:49)
	at org.apache.ratis.thirdparty.io.grpc.internal.ServerCallImpl$ServerStreamListenerImpl.messagesAvailableInternal(ServerCallImpl.java:332)
	at org.apache.ratis.thirdparty.io.grpc.internal.ServerCallImpl$ServerStreamListenerImpl.messagesAvailable(ServerCallImpl.java:315)
	at org.apache.ratis.thirdparty.io.grpc.internal.ServerImpl$JumpToApplicationThreadServerStreamListener$1MessagesAvailable.runInContext(ServerImpl.java:834)
	at org.apache.ratis.thirdparty.io.grpc.internal.ContextRunnable.run(ContextRunnable.java:37)
	at org.apache.ratis.thirdparty.io.grpc.internal.SerializingExecutor.run(SerializingExecutor.java:133)
	at java.util.concurrent.ThreadPoolExecutor.runWorker(ThreadPoolExecutor.java:1149)
	at java.util.concurrent.ThreadPoolExecutor$Worker.run(ThreadPoolExecutor.java:624)
	at java.lang.Thread.run(Thread.java:750)
Caused by: java.io.IOException: Rocks Database is closed
	at org.apache.hadoop.hdds.utils.db.RocksDatabase.assertClose(RocksDatabase.java:405)
	at org.apache.hadoop.hdds.utils.db.RocksDatabase.get(RocksDatabase.java:583)
	at org.apache.hadoop.hdds.utils.db.RDBTable.get(RDBTable.java:110)
	at org.apache.hadoop.hdds.utils.db.RDBTable.get(RDBTable.java:40)
	at org.apache.hadoop.hdds.utils.db.TypedTable.getFromTable(TypedTable.java:256)
	at org.apache.hadoop.hdds.utils.db.TypedTable.get(TypedTable.java:182)
	at org.apache.hadoop.ozone.container.metadata.DatanodeTable.get(DatanodeTable.java:106)
	at org.apache.hadoop.ozone.container.keyvalue.impl.BlockManagerImpl.persistPutBlock(BlockManagerImpl.java:160)
	at org.apache.hadoop.ozone.container.keyvalue.impl.BlockManagerImpl.putBlock(BlockManagerImpl.java:103)
	at org.apache.hadoop.ozone.container.keyvalue.KeyValueHandler.handlePutBlock(KeyValueHandler.java:539)
	... 19 more
2023-02-03 08:25:26,488 [ChunkReader-8] WARN  keyvalue.KeyValueContainer (KeyValueContainer.java:markContainerUnhealthy(341)) - Moving container /home/runner/work/ozone/ozone/hadoop-ozone/integration-test/target/test-dir/MiniOzoneClusterImpl-927b0a6e-f479-4829-be79-85586f7f9dc8/datanode-5/data-0/containers/hdds/927b0a6e-f479-4829-be79-85586f7f9dc8/current/containerDir0/10 to state UNHEALTHY from state:OPEN
2023-02-03 08:25:26,489 [ChunkReader-8] INFO  impl.HddsDispatcher (HddsDispatcher.java:dispatchRequest(361)) - Marked Container UNHEALTHY, ContainerID: 10
08:25:26.489 [ChunkReader-8] ERROR DNAudit - user=null | ip=null | op=PUT_BLOCK {blockData=[blockId=conID: 10 locID: 111677748019200033 bcsId: 0, size=19]} | ret=FAILURE
java.lang.Exception: Put Key failed
	at org.apache.hadoop.ozone.container.common.impl.HddsDispatcher.dispatchRequest(HddsDispatcher.java:389) ~[hdds-container-service-1.4.0-SNAPSHOT.jar:?]
	at org.apache.hadoop.ozone.container.common.impl.HddsDispatcher.lambda$dispatch$0(HddsDispatcher.java:171) ~[hdds-container-service-1.4.0-SNAPSHOT.jar:?]
	at org.apache.hadoop.hdds.server.OzoneProtocolMessageDispatcher.processRequest(OzoneProtocolMessageDispatcher.java:87) [hdds-server-framework-1.4.0-SNAPSHOT.jar:?]
	at org.apache.hadoop.ozone.container.common.impl.HddsDispatcher.dispatch(HddsDispatcher.java:170) [hdds-container-service-1.4.0-SNAPSHOT.jar:?]
	at org.apache.hadoop.ozone.container.common.transport.server.GrpcXceiverService$1.onNext(GrpcXceiverService.java:57) [hdds-container-service-1.4.0-SNAPSHOT.jar:?]
	at org.apache.hadoop.ozone.container.common.transport.server.GrpcXceiverService$1.onNext(GrpcXceiverService.java:50) [hdds-container-service-1.4.0-SNAPSHOT.jar:?]
	at org.apache.ratis.thirdparty.io.grpc.stub.ServerCalls$StreamingServerCallHandler$StreamingServerCallListener.onMessage(ServerCalls.java:262) [ratis-thirdparty-misc-1.0.3.jar:1.0.3]
	at org.apache.ratis.thirdparty.io.grpc.ForwardingServerCallListener.onMessage(ForwardingServerCallListener.java:33) [ratis-thirdparty-misc-1.0.3.jar:1.0.3]
	at org.apache.hadoop.hdds.tracing.GrpcServerInterceptor$1.onMessage(GrpcServerInterceptor.java:49) [hdds-common-1.4.0-SNAPSHOT.jar:?]
	at org.apache.ratis.thirdparty.io.grpc.internal.ServerCallImpl$ServerStreamListenerImpl.messagesAvailableInternal(ServerCallImpl.java:332) [ratis-thirdparty-misc-1.0.3.jar:1.0.3]
	at org.apache.ratis.thirdparty.io.grpc.internal.ServerCallImpl$ServerStreamListenerImpl.messagesAvailable(ServerCallImpl.java:315) [ratis-thirdparty-misc-1.0.3.jar:1.0.3]
	at org.apache.ratis.thirdparty.io.grpc.internal.ServerImpl$JumpToApplicationThreadServerStreamListener$1MessagesAvailable.runInContext(ServerImpl.java:834) [ratis-thirdparty-misc-1.0.3.jar:1.0.3]
	at org.apache.ratis.thirdparty.io.grpc.internal.ContextRunnable.run(ContextRunnable.java:37) [ratis-thirdparty-misc-1.0.3.jar:1.0.3]
	at org.apache.ratis.thirdparty.io.grpc.internal.SerializingExecutor.run(SerializingExecutor.java:133) [ratis-thirdparty-misc-1.0.3.jar:1.0.3]
	at java.util.concurrent.ThreadPoolExecutor.runWorker(ThreadPoolExecutor.java:1149) [?:1.8.0_362]
	at java.util.concurrent.ThreadPoolExecutor$Worker.run(ThreadPoolExecutor.java:624) [?:1.8.0_362]
	at java.lang.Thread.run(Thread.java:750) [?:1.8.0_362]
2023-02-03 08:25:26,490 [FixedThreadPoolWithAffinityExecutor-1-0] WARN  container.IncrementalContainerReportHandler (AbstractContainerReportHandler.java:updateContainerState(259)) - Container #10 is in OPEN state, but the datanode 1d26bd31-d57e-4272-aee2-8b25bf096957(fv-az243-539.eyhnzsvkqwvufobmc3lzdbadce.jx.internal.cloudapp.net/10.1.0.160) reports an UNHEALTHY replica.
2023-02-03 08:25:26,491 [EventQueue-CloseContainerForCloseContainerEventHandler] INFO  container.CloseContainerEventHandler (CloseContainerEventHandler.java:onMessage(73)) - Close container Event triggered for container : #10, current state: OPEN
2023-02-03 08:25:26,491 [Mini-Cluster-Provider-Reap] INFO  volume.HddsVolume (HddsVolume.java:closeDbStore(338)) - SchemaV3 db is stopped at /home/runner/work/ozone/ozone/hadoop-ozone/integration-test/target/test-dir/MiniOzoneClusterImpl-14be88a4-8f05-46f6-bbfd-baa6b5a73b12/datanode-3/data-0/containers/hdds/14be88a4-8f05-46f6-bbfd-baa6b5a73b12/DS-c6ec426a-d249-4ab4-af72-68f923d30d20/container.db for volume DS-c6ec426a-d249-4ab4-af72-68f923d30d20
2023-02-03 08:25:26,491 [Mini-Cluster-Provider-Reap] INFO  utils.BackgroundService (BackgroundService.java:shutdown(141)) - Shutting down service BlockDeletingService
2023-02-03 08:25:26,502 [ForkJoinPool.commonPool-worker-1] INFO  volume.HddsVolume (HddsVolume.java:closeDbStore(338)) - SchemaV3 db is stopped at /home/runner/work/ozone/ozone/hadoop-ozone/integration-test/target/test-dir/MiniOzoneClusterImpl-14be88a4-8f05-46f6-bbfd-baa6b5a73b12/datanode-0/data-0/containers/hdds/14be88a4-8f05-46f6-bbfd-baa6b5a73b12/DS-2f311123-de43-4bc0-9839-6fb940680723/container.db for volume DS-2f311123-de43-4bc0-9839-6fb940680723
2023-02-03 08:25:26,502 [ForkJoinPool.commonPool-worker-1] INFO  utils.BackgroundService (BackgroundService.java:shutdown(141)) - Shutting down service BlockDeletingService
2023-02-03 08:25:26,509 [Mini-Cluster-Provider-Reap] INFO  utils.BackgroundService (BackgroundService.java:shutdown(141)) - Shutting down service StaleRecoveringContainerScrubbingService
2023-02-03 08:25:26,511 [ForkJoinPool.commonPool-worker-1] INFO  utils.BackgroundService (BackgroundService.java:shutdown(141)) - Shutting down service StaleRecoveringContainerScrubbingService
2023-02-03 08:25:26,511 [Mini-Cluster-Provider-Reap] INFO  statemachine.DatanodeStateMachine (DatanodeStateMachine.java:stopDaemon(600)) - Ozone container server stopped.
2023-02-03 08:25:26,514 [ForkJoinPool.commonPool-worker-1] INFO  statemachine.DatanodeStateMachine (DatanodeStateMachine.java:stopDaemon(600)) - Ozone container server stopped.
2023-02-03 08:25:26,527 [Mini-Cluster-Provider-Reap] INFO  handler.ContextHandler (ContextHandler.java:doStop(1159)) - Stopped o.e.j.w.WebAppContext@8b31670{hddsDatanode,/,null,STOPPED}{jar:file:/home/runner/.m2/repository/org/apache/ozone/hdds-container-service/1.4.0-SNAPSHOT/hdds-container-service-1.4.0-SNAPSHOT.jar!/webapps/hddsDatanode}
2023-02-03 08:25:26,528 [Mini-Cluster-Provider-Reap] INFO  server.AbstractConnector (AbstractConnector.java:doStop(383)) - Stopped ServerConnector@2beed290{HTTP/1.1, (http/1.1)}{0.0.0.0:0}
2023-02-03 08:25:26,529 [Mini-Cluster-Provider-Reap] INFO  server.session (HouseKeeper.java:stopScavenging(149)) - node0 Stopped scavenging
2023-02-03 08:25:26,529 [Mini-Cluster-Provider-Reap] INFO  handler.ContextHandler (ContextHandler.java:doStop(1159)) - Stopped o.e.j.s.ServletContextHandler@25e269e8{static,/static,jar:file:/home/runner/.m2/repository/org/apache/ozone/hdds-container-service/1.4.0-SNAPSHOT/hdds-container-service-1.4.0-SNAPSHOT.jar!/webapps/static,STOPPED}
2023-02-03 08:25:26,529 [Mini-Cluster-Provider-Reap] INFO  handler.ContextHandler (ContextHandler.java:doStop(1159)) - Stopped o.e.j.s.ServletContextHandler@5d03b3af{logs,/logs,file:///home/runner/work/ozone/ozone/hadoop-ozone/integration-test/target/log,STOPPED}
2023-02-03 08:25:26,537 [ForkJoinPool.commonPool-worker-1] INFO  handler.ContextHandler (ContextHandler.java:doStop(1159)) - Stopped o.e.j.w.WebAppContext@18ea6c95{hddsDatanode,/,null,STOPPED}{jar:file:/home/runner/.m2/repository/org/apache/ozone/hdds-container-service/1.4.0-SNAPSHOT/hdds-container-service-1.4.0-SNAPSHOT.jar!/webapps/hddsDatanode}
2023-02-03 08:25:26,537 [Mini-Cluster-Provider-Reap] INFO  ozoneimpl.OzoneContainer (OzoneContainer.java:stop(420)) - Attempting to stop container services.
2023-02-03 08:25:26,538 [Mini-Cluster-Provider-Reap] INFO  server.RaftServer (RaftServerProxy.java:lambda$close$6(409)) - a7d824a2-b650-48bf-a88a-dfb7e887d265: close
2023-02-03 08:25:26,540 [ForkJoinPool.commonPool-worker-1] INFO  server.AbstractConnector (AbstractConnector.java:doStop(383)) - Stopped ServerConnector@6bc53e79{HTTP/1.1, (http/1.1)}{0.0.0.0:0}
2023-02-03 08:25:26,540 [ForkJoinPool.commonPool-worker-1] INFO  server.session (HouseKeeper.java:stopScavenging(149)) - node0 Stopped scavenging
2023-02-03 08:25:26,543 [a7d824a2-b650-48bf-a88a-dfb7e887d265-impl-thread2] INFO  server.RaftServer$Division (RaftServerImpl.java:lambda$close$4(458)) - a7d824a2-b650-48bf-a88a-dfb7e887d265@group-54C2D03228B8: shutdown
2023-02-03 08:25:26,543 [a7d824a2-b650-48bf-a88a-dfb7e887d265-impl-thread2] INFO  util.JmxRegister (JmxRegister.java:unregister(73)) - Successfully un-registered JMX Bean with object name Ratis:service=RaftServer,group=group-54C2D03228B8,id=a7d824a2-b650-48bf-a88a-dfb7e887d265
2023-02-03 08:25:26,543 [a7d824a2-b650-48bf-a88a-dfb7e887d265-impl-thread2] INFO  impl.RoleInfo (RoleInfo.java:shutdownLeaderState(93)) - a7d824a2-b650-48bf-a88a-dfb7e887d265: shutdown a7d824a2-b650-48bf-a88a-dfb7e887d265@group-54C2D03228B8-LeaderStateImpl
2023-02-03 08:25:26,543 [a7d824a2-b650-48bf-a88a-dfb7e887d265-impl-thread2] INFO  impl.PendingRequests (PendingRequests.java:sendNotLeaderResponses(282)) - a7d824a2-b650-48bf-a88a-dfb7e887d265@group-54C2D03228B8-PendingRequests: sendNotLeaderResponses
2023-02-03 08:25:26,545 [a7d824a2-b650-48bf-a88a-dfb7e887d265@group-54C2D03228B8-StateMachineUpdater] INFO  ratis.ContainerStateMachine (ContainerStateMachine.java:takeSnapshot(308)) - group-54C2D03228B8: Taking a snapshot at:(t:1, i:0) file /home/runner/work/ozone/ozone/hadoop-ozone/integration-test/target/test-dir/MiniOzoneClusterImpl-14be88a4-8f05-46f6-bbfd-baa6b5a73b12/datanode-6/data/ratis/5e9e9e0a-e1a1-4107-9d1a-54c2d03228b8/sm/snapshot.1_0
2023-02-03 08:25:26,545 [a7d824a2-b650-48bf-a88a-dfb7e887d265-impl-thread2] INFO  impl.StateMachineUpdater (StateMachineUpdater.java:stopAndJoin(153)) - a7d824a2-b650-48bf-a88a-dfb7e887d265@group-54C2D03228B8-StateMachineUpdater: set stopIndex = 0
2023-02-03 08:25:26,545 [Mini-Cluster-Provider-Reap] INFO  server.GrpcService (GrpcService.java:closeImpl(271)) - a7d824a2-b650-48bf-a88a-dfb7e887d265: shutdown server GrpcServerProtocolService now
2023-02-03 08:25:26,545 [ForkJoinPool.commonPool-worker-1] INFO  handler.ContextHandler (ContextHandler.java:doStop(1159)) - Stopped o.e.j.s.ServletContextHandler@5d92b16{static,/static,jar:file:/home/runner/.m2/repository/org/apache/ozone/hdds-container-service/1.4.0-SNAPSHOT/hdds-container-service-1.4.0-SNAPSHOT.jar!/webapps/static,STOPPED}
2023-02-03 08:25:26,546 [ForkJoinPool.commonPool-worker-1] INFO  handler.ContextHandler (ContextHandler.java:doStop(1159)) - Stopped o.e.j.s.ServletContextHandler@29d0cff7{logs,/logs,file:///home/runner/work/ozone/ozone/hadoop-ozone/integration-test/target/log,STOPPED}
2023-02-03 08:25:26,549 [Mini-Cluster-Provider-Reap] INFO  server.GrpcServerProtocolClient (GrpcServerProtocolClient.java:close(101)) - 1cc2e5d0-431d-47be-bed9-8151716dee8a Close channels
2023-02-03 08:25:26,555 [Mini-Cluster-Provider-Reap] INFO  server.GrpcServerProtocolClient (GrpcServerProtocolClient.java:close(101)) - cd164716-5aaa-460e-ae23-f59e5d162df8 Close channels
2023-02-03 08:25:26,557 [a7d824a2-b650-48bf-a88a-dfb7e887d265@group-54C2D03228B8-StateMachineUpdater] INFO  ratis.ContainerStateMachine (ContainerStateMachine.java:takeSnapshot(319)) - group-54C2D03228B8: Finished taking a snapshot at:(t:1, i:0) file:/home/runner/work/ozone/ozone/hadoop-ozone/integration-test/target/test-dir/MiniOzoneClusterImpl-14be88a4-8f05-46f6-bbfd-baa6b5a73b12/datanode-6/data/ratis/5e9e9e0a-e1a1-4107-9d1a-54c2d03228b8/sm/snapshot.1_0 took: 13 ms
2023-02-03 08:25:26,557 [a7d824a2-b650-48bf-a88a-dfb7e887d265@group-54C2D03228B8-StateMachineUpdater] INFO  impl.StateMachineUpdater (StateMachineUpdater.java:takeSnapshot(287)) - a7d824a2-b650-48bf-a88a-dfb7e887d265@group-54C2D03228B8-StateMachineUpdater: Took a snapshot at index 0
2023-02-03 08:25:26,557 [a7d824a2-b650-48bf-a88a-dfb7e887d265@group-54C2D03228B8-StateMachineUpdater] INFO  impl.StateMachineUpdater (StateMachineUpdater.java:lambda$new$0(92)) - a7d824a2-b650-48bf-a88a-dfb7e887d265@group-54C2D03228B8-StateMachineUpdater: snapshotIndex: updateIncreasingly -1 -> 0
2023-02-03 08:25:26,558 [Mini-Cluster-Provider-Reap] INFO  server.GrpcService (GrpcService.java:closeImpl(280)) - a7d824a2-b650-48bf-a88a-dfb7e887d265: shutdown server GrpcServerProtocolService successfully
2023-02-03 08:25:26,558 [a7d824a2-b650-48bf-a88a-dfb7e887d265-NettyServerStreamRpc-bossGroup--thread1] INFO  logging.LoggingHandler (AbstractInternalLogger.java:log(148)) - [id: 0xa44adeed, L:/0:0:0:0:0:0:0:0:44209] CLOSE
2023-02-03 08:25:26,558 [a7d824a2-b650-48bf-a88a-dfb7e887d265-NettyServerStreamRpc-bossGroup--thread1] INFO  logging.LoggingHandler (AbstractInternalLogger.java:log(148)) - [id: 0xa44adeed, L:/0:0:0:0:0:0:0:0:44209] INACTIVE
2023-02-03 08:25:26,558 [a7d824a2-b650-48bf-a88a-dfb7e887d265-NettyServerStreamRpc-bossGroup--thread1] INFO  logging.LoggingHandler (AbstractInternalLogger.java:log(148)) - [id: 0xa44adeed, L:/0:0:0:0:0:0:0:0:44209] UNREGISTERED
2023-02-03 08:25:26,559 [a7d824a2-b650-48bf-a88a-dfb7e887d265-impl-thread2] INFO  server.RaftServer$Division (ServerState.java:close(466)) - a7d824a2-b650-48bf-a88a-dfb7e887d265@group-54C2D03228B8: closes. applyIndex: 0
2023-02-03 08:25:26,562 [a7d824a2-b650-48bf-a88a-dfb7e887d265@group-54C2D03228B8-SegmentedRaftLogWorker] INFO  segmented.SegmentedRaftLogWorker (SegmentedRaftLogWorker.java:run(347)) - a7d824a2-b650-48bf-a88a-dfb7e887d265@group-54C2D03228B8-SegmentedRaftLogWorker was interrupted, exiting. There are 0 tasks remaining in the queue.
2023-02-03 08:25:26,562 [a7d824a2-b650-48bf-a88a-dfb7e887d265-impl-thread3] INFO  server.RaftServer$Division (RaftServerImpl.java:lambda$close$4(458)) - a7d824a2-b650-48bf-a88a-dfb7e887d265@group-9736E7FBA7A4: shutdown
2023-02-03 08:25:26,562 [a7d824a2-b650-48bf-a88a-dfb7e887d265-impl-thread3] INFO  util.JmxRegister (JmxRegister.java:unregister(73)) - Successfully un-registered JMX Bean with object name Ratis:service=RaftServer,group=group-9736E7FBA7A4,id=a7d824a2-b650-48bf-a88a-dfb7e887d265
2023-02-03 08:25:26,562 [a7d824a2-b650-48bf-a88a-dfb7e887d265-impl-thread3] INFO  impl.RoleInfo (RoleInfo.java:shutdownFollowerState(110)) - a7d824a2-b650-48bf-a88a-dfb7e887d265: shutdown a7d824a2-b650-48bf-a88a-dfb7e887d265@group-9736E7FBA7A4-FollowerState
2023-02-03 08:25:26,562 [a7d824a2-b650-48bf-a88a-dfb7e887d265-impl-thread3] INFO  impl.StateMachineUpdater (StateMachineUpdater.java:stopAndJoin(153)) - a7d824a2-b650-48bf-a88a-dfb7e887d265@group-9736E7FBA7A4-StateMachineUpdater: set stopIndex = 0
2023-02-03 08:25:26,562 [a7d824a2-b650-48bf-a88a-dfb7e887d265@group-9736E7FBA7A4-FollowerState] INFO  impl.FollowerState (FollowerState.java:run(152)) - a7d824a2-b650-48bf-a88a-dfb7e887d265@group-9736E7FBA7A4-FollowerState was interrupted
2023-02-03 08:25:26,563 [a7d824a2-b650-48bf-a88a-dfb7e887d265-impl-thread2] INFO  segmented.SegmentedRaftLogWorker (SegmentedRaftLogWorker.java:close(257)) - a7d824a2-b650-48bf-a88a-dfb7e887d265@group-54C2D03228B8-SegmentedRaftLogWorker close()
2023-02-03 08:25:26,563 [a7d824a2-b650-48bf-a88a-dfb7e887d265@group-9736E7FBA7A4-StateMachineUpdater] INFO  ratis.ContainerStateMachine (ContainerStateMachine.java:takeSnapshot(308)) - group-9736E7FBA7A4: Taking a snapshot at:(t:6, i:0) file /home/runner/work/ozone/ozone/hadoop-ozone/integration-test/target/test-dir/MiniOzoneClusterImpl-14be88a4-8f05-46f6-bbfd-baa6b5a73b12/datanode-6/data/ratis/085293f5-43c5-40e2-a959-9736e7fba7a4/sm/snapshot.6_0
2023-02-03 08:25:26,564 [a7d824a2-b650-48bf-a88a-dfb7e887d265@group-9736E7FBA7A4-StateMachineUpdater] INFO  ratis.ContainerStateMachine (ContainerStateMachine.java:takeSnapshot(319)) - group-9736E7FBA7A4: Finished taking a snapshot at:(t:6, i:0) file:/home/runner/work/ozone/ozone/hadoop-ozone/integration-test/target/test-dir/MiniOzoneClusterImpl-14be88a4-8f05-46f6-bbfd-baa6b5a73b12/datanode-6/data/ratis/085293f5-43c5-40e2-a959-9736e7fba7a4/sm/snapshot.6_0 took: 1 ms
2023-02-03 08:25:26,564 [a7d824a2-b650-48bf-a88a-dfb7e887d265@group-9736E7FBA7A4-StateMachineUpdater] INFO  impl.StateMachineUpdater (StateMachineUpdater.java:takeSnapshot(287)) - a7d824a2-b650-48bf-a88a-dfb7e887d265@group-9736E7FBA7A4-StateMachineUpdater: Took a snapshot at index 0
2023-02-03 08:25:26,564 [a7d824a2-b650-48bf-a88a-dfb7e887d265@group-9736E7FBA7A4-StateMachineUpdater] INFO  impl.StateMachineUpdater (StateMachineUpdater.java:lambda$new$0(92)) - a7d824a2-b650-48bf-a88a-dfb7e887d265@group-9736E7FBA7A4-StateMachineUpdater: snapshotIndex: updateIncreasingly -1 -> 0
2023-02-03 08:25:26,565 [a7d824a2-b650-48bf-a88a-dfb7e887d265-impl-thread3] INFO  server.RaftServer$Division (ServerState.java:close(466)) - a7d824a2-b650-48bf-a88a-dfb7e887d265@group-9736E7FBA7A4: closes. applyIndex: 0
2023-02-03 08:25:26,565 [a7d824a2-b650-48bf-a88a-dfb7e887d265@group-9736E7FBA7A4-SegmentedRaftLogWorker] INFO  segmented.SegmentedRaftLogWorker (SegmentedRaftLogWorker.java:run(347)) - a7d824a2-b650-48bf-a88a-dfb7e887d265@group-9736E7FBA7A4-SegmentedRaftLogWorker was interrupted, exiting. There are 0 tasks remaining in the queue.
2023-02-03 08:25:26,566 [a7d824a2-b650-48bf-a88a-dfb7e887d265-impl-thread3] INFO  segmented.SegmentedRaftLogWorker (SegmentedRaftLogWorker.java:close(257)) - a7d824a2-b650-48bf-a88a-dfb7e887d265@group-9736E7FBA7A4-SegmentedRaftLogWorker close()
2023-02-03 08:25:26,569 [Command processor thread] ERROR commandhandler.CloseContainerCommandHandler (CloseContainerCommandHandler.java:handle(133)) - Can't close container #3
java.io.IOException
	at org.apache.hadoop.ozone.container.common.transport.server.ratis.XceiverServerRatis.submitRequest(XceiverServerRatis.java:631)
	at org.apache.hadoop.ozone.container.common.statemachine.commandhandler.CloseContainerCommandHandler.handle(CloseContainerCommandHandler.java:105)
	at org.apache.hadoop.ozone.container.common.statemachine.commandhandler.CommandDispatcher.handle(CommandDispatcher.java:99)
	at org.apache.hadoop.ozone.container.common.statemachine.DatanodeStateMachine.lambda$initCommandHandlerThread$3(DatanodeStateMachine.java:641)
	at java.lang.Thread.run(Thread.java:750)
Caused by: java.lang.InterruptedException
	at java.util.concurrent.CompletableFuture.reportGet(CompletableFuture.java:347)
	at java.util.concurrent.CompletableFuture.get(CompletableFuture.java:1928)
	at org.apache.hadoop.ozone.container.common.transport.server.ratis.XceiverServerRatis.submitRequest(XceiverServerRatis.java:626)
	... 4 more
2023-02-03 08:25:26,569 [ForkJoinPool.commonPool-worker-1] INFO  ozoneimpl.OzoneContainer (OzoneContainer.java:stop(420)) - Attempting to stop container services.
2023-02-03 08:25:26,570 [ForkJoinPool.commonPool-worker-1] INFO  server.RaftServer (RaftServerProxy.java:lambda$close$6(409)) - 585970c3-6c22-4637-9398-2d57238869c8: close
2023-02-03 08:25:26,577 [585970c3-6c22-4637-9398-2d57238869c8-impl-thread2] INFO  server.RaftServer$Division (RaftServerImpl.java:lambda$close$4(458)) - 585970c3-6c22-4637-9398-2d57238869c8@group-D3AC8F9931E3: shutdown
2023-02-03 08:25:26,577 [585970c3-6c22-4637-9398-2d57238869c8-impl-thread2] INFO  util.JmxRegister (JmxRegister.java:unregister(73)) - Successfully un-registered JMX Bean with object name Ratis:service=RaftServer,group=group-D3AC8F9931E3,id=585970c3-6c22-4637-9398-2d57238869c8
2023-02-03 08:25:26,577 [585970c3-6c22-4637-9398-2d57238869c8-impl-thread2] INFO  impl.RoleInfo (RoleInfo.java:shutdownLeaderState(93)) - 585970c3-6c22-4637-9398-2d57238869c8: shutdown 585970c3-6c22-4637-9398-2d57238869c8@group-D3AC8F9931E3-LeaderStateImpl
2023-02-03 08:25:26,577 [ForkJoinPool.commonPool-worker-1] INFO  server.GrpcService (GrpcService.java:closeImpl(271)) - 585970c3-6c22-4637-9398-2d57238869c8: shutdown server GrpcServerProtocolService now
2023-02-03 08:25:26,577 [585970c3-6c22-4637-9398-2d57238869c8@group-D3AC8F9931E3->fa8ac6cf-9eac-4eb3-9d13-3c75f4ab3c09-GrpcLogAppender-LogAppenderDaemon] WARN  server.GrpcLogAppender (GrpcLogAppender.java:mayWait(200)) - 585970c3-6c22-4637-9398-2d57238869c8@group-D3AC8F9931E3->fa8ac6cf-9eac-4eb3-9d13-3c75f4ab3c09-GrpcLogAppender: Wait interrupted by java.lang.InterruptedException
2023-02-03 08:25:26,580 [JvmPauseMonitor24] INFO  util.JvmPauseMonitor (JvmPauseMonitor.java:run(111)) - JvmPauseMonitor-a7d824a2-b650-48bf-a88a-dfb7e887d265: Stopped
2023-02-03 08:25:26,592 [585970c3-6c22-4637-9398-2d57238869c8-impl-thread2] INFO  impl.PendingRequests (PendingRequests.java:sendNotLeaderResponses(282)) - 585970c3-6c22-4637-9398-2d57238869c8@group-D3AC8F9931E3-PendingRequests: sendNotLeaderResponses
2023-02-03 08:25:26,592 [585970c3-6c22-4637-9398-2d57238869c8-impl-thread3] INFO  server.RaftServer$Division (RaftServerImpl.java:lambda$close$4(458)) - 585970c3-6c22-4637-9398-2d57238869c8@group-CEA5564CA2A4: shutdown
2023-02-03 08:25:26,592 [585970c3-6c22-4637-9398-2d57238869c8-impl-thread3] INFO  util.JmxRegister (JmxRegister.java:unregister(73)) - Successfully un-registered JMX Bean with object name Ratis:service=RaftServer,group=group-CEA5564CA2A4,id=585970c3-6c22-4637-9398-2d57238869c8
2023-02-03 08:25:26,592 [585970c3-6c22-4637-9398-2d57238869c8@group-D3AC8F9931E3->6a445247-c549-4943-ac0e-b7225f55d98a-GrpcLogAppender-LogAppenderDaemon] WARN  server.GrpcLogAppender (GrpcLogAppender.java:mayWait(200)) - 585970c3-6c22-4637-9398-2d57238869c8@group-D3AC8F9931E3->6a445247-c549-4943-ac0e-b7225f55d98a-GrpcLogAppender: Wait interrupted by java.lang.InterruptedException
2023-02-03 08:25:26,592 [585970c3-6c22-4637-9398-2d57238869c8-impl-thread3] INFO  impl.RoleInfo (RoleInfo.java:shutdownLeaderState(93)) - 585970c3-6c22-4637-9398-2d57238869c8: shutdown 585970c3-6c22-4637-9398-2d57238869c8@group-CEA5564CA2A4-LeaderStateImpl
2023-02-03 08:25:26,592 [585970c3-6c22-4637-9398-2d57238869c8-impl-thread3] INFO  impl.PendingRequests (PendingRequests.java:sendNotLeaderResponses(282)) - 585970c3-6c22-4637-9398-2d57238869c8@group-CEA5564CA2A4-PendingRequests: sendNotLeaderResponses
2023-02-03 08:25:26,595 [585970c3-6c22-4637-9398-2d57238869c8@group-CEA5564CA2A4-StateMachineUpdater] INFO  ratis.ContainerStateMachine (ContainerStateMachine.java:takeSnapshot(308)) - group-CEA5564CA2A4: Taking a snapshot at:(t:1, i:0) file /home/runner/work/ozone/ozone/hadoop-ozone/integration-test/target/test-dir/MiniOzoneClusterImpl-14be88a4-8f05-46f6-bbfd-baa6b5a73b12/datanode-5/data/ratis/319966ff-0103-48fb-b8e8-cea5564ca2a4/sm/snapshot.1_0
2023-02-03 08:25:26,596 [585970c3-6c22-4637-9398-2d57238869c8-impl-thread3] INFO  impl.StateMachineUpdater (StateMachineUpdater.java:stopAndJoin(153)) - 585970c3-6c22-4637-9398-2d57238869c8@group-CEA5564CA2A4-StateMachineUpdater: set stopIndex = 0
2023-02-03 08:25:26,596 [ForkJoinPool.commonPool-worker-1] INFO  server.GrpcServerProtocolClient (GrpcServerProtocolClient.java:close(101)) - fa8ac6cf-9eac-4eb3-9d13-3c75f4ab3c09 Close channels
2023-02-03 08:25:26,596 [585970c3-6c22-4637-9398-2d57238869c8@group-CEA5564CA2A4-StateMachineUpdater] INFO  ratis.ContainerStateMachine (ContainerStateMachine.java:takeSnapshot(319)) - group-CEA5564CA2A4: Finished taking a snapshot at:(t:1, i:0) file:/home/runner/work/ozone/ozone/hadoop-ozone/integration-test/target/test-dir/MiniOzoneClusterImpl-14be88a4-8f05-46f6-bbfd-baa6b5a73b12/datanode-5/data/ratis/319966ff-0103-48fb-b8e8-cea5564ca2a4/sm/snapshot.1_0 took: 1 ms
2023-02-03 08:25:26,597 [grpc-default-executor-8] WARN  server.GrpcClientProtocolService (LogUtils.java:warn(122)) - 0-OrderedRequestStreamObserver0: onError: org.apache.ratis.thirdparty.io.grpc.StatusRuntimeException: CANCELLED: client cancelled
2023-02-03 08:25:26,597 [grpc-default-executor-3] WARN  server.GrpcClientProtocolService (LogUtils.java:warn(122)) - 1-UnorderedRequestStreamObserver1: onError: org.apache.ratis.thirdparty.io.grpc.StatusRuntimeException: CANCELLED: client cancelled
2023-02-03 08:25:26,602 [585970c3-6c22-4637-9398-2d57238869c8@group-CEA5564CA2A4-StateMachineUpdater] INFO  impl.StateMachineUpdater (StateMachineUpdater.java:takeSnapshot(287)) - 585970c3-6c22-4637-9398-2d57238869c8@group-CEA5564CA2A4-StateMachineUpdater: Took a snapshot at index 0
2023-02-03 08:25:26,602 [585970c3-6c22-4637-9398-2d57238869c8@group-CEA5564CA2A4-StateMachineUpdater] INFO  impl.StateMachineUpdater (StateMachineUpdater.java:lambda$new$0(92)) - 585970c3-6c22-4637-9398-2d57238869c8@group-CEA5564CA2A4-StateMachineUpdater: snapshotIndex: updateIncreasingly -1 -> 0
2023-02-03 08:25:26,603 [585970c3-6c22-4637-9398-2d57238869c8-impl-thread3] INFO  server.RaftServer$Division (ServerState.java:close(466)) - 585970c3-6c22-4637-9398-2d57238869c8@group-CEA5564CA2A4: closes. applyIndex: 0
2023-02-03 08:25:26,603 [585970c3-6c22-4637-9398-2d57238869c8@group-CEA5564CA2A4-SegmentedRaftLogWorker] INFO  segmented.SegmentedRaftLogWorker (SegmentedRaftLogWorker.java:run(347)) - 585970c3-6c22-4637-9398-2d57238869c8@group-CEA5564CA2A4-SegmentedRaftLogWorker was interrupted, exiting. There are 0 tasks remaining in the queue.
2023-02-03 08:25:26,604 [585970c3-6c22-4637-9398-2d57238869c8-impl-thread3] INFO  segmented.SegmentedRaftLogWorker (SegmentedRaftLogWorker.java:close(257)) - 585970c3-6c22-4637-9398-2d57238869c8@group-CEA5564CA2A4-SegmentedRaftLogWorker close()
2023-02-03 08:25:26,610 [ForkJoinPool.commonPool-worker-1] INFO  server.GrpcServerProtocolClient (GrpcServerProtocolClient.java:close(101)) - 6a445247-c549-4943-ac0e-b7225f55d98a Close channels
2023-02-03 08:25:26,623 [585970c3-6c22-4637-9398-2d57238869c8-impl-thread2] INFO  impl.StateMachineUpdater (StateMachineUpdater.java:stopAndJoin(153)) - 585970c3-6c22-4637-9398-2d57238869c8@group-D3AC8F9931E3-StateMachineUpdater: set stopIndex = 55
2023-02-03 08:25:26,631 [ForkJoinPool.commonPool-worker-1] INFO  server.GrpcService (GrpcService.java:closeImpl(280)) - 585970c3-6c22-4637-9398-2d57238869c8: shutdown server GrpcServerProtocolService successfully
2023-02-03 08:25:26,631 [585970c3-6c22-4637-9398-2d57238869c8@group-D3AC8F9931E3-StateMachineUpdater] INFO  ratis.ContainerStateMachine (ContainerStateMachine.java:takeSnapshot(308)) - group-D3AC8F9931E3: Taking a snapshot at:(t:5, i:55) file /home/runner/work/ozone/ozone/hadoop-ozone/integration-test/target/test-dir/MiniOzoneClusterImpl-14be88a4-8f05-46f6-bbfd-baa6b5a73b12/datanode-5/data/ratis/3992144e-e61c-45e5-b2ba-d3ac8f9931e3/sm/snapshot.5_55
2023-02-03 08:25:26,632 [585970c3-6c22-4637-9398-2d57238869c8-NettyServerStreamRpc-bossGroup--thread1] INFO  logging.LoggingHandler (AbstractInternalLogger.java:log(148)) - [id: 0xc16e21dd, L:/0:0:0:0:0:0:0:0:38001] CLOSE
2023-02-03 08:25:26,632 [585970c3-6c22-4637-9398-2d57238869c8-NettyServerStreamRpc-bossGroup--thread1] INFO  logging.LoggingHandler (AbstractInternalLogger.java:log(148)) - [id: 0xc16e21dd, L:/0:0:0:0:0:0:0:0:38001] INACTIVE
2023-02-03 08:25:26,632 [585970c3-6c22-4637-9398-2d57238869c8-NettyServerStreamRpc-bossGroup--thread1] INFO  logging.LoggingHandler (AbstractInternalLogger.java:log(148)) - [id: 0xc16e21dd, L:/0:0:0:0:0:0:0:0:38001] UNREGISTERED
2023-02-03 08:25:26,635 [585970c3-6c22-4637-9398-2d57238869c8@group-D3AC8F9931E3-StateMachineUpdater] INFO  ratis.ContainerStateMachine (ContainerStateMachine.java:takeSnapshot(319)) - group-D3AC8F9931E3: Finished taking a snapshot at:(t:5, i:55) file:/home/runner/work/ozone/ozone/hadoop-ozone/integration-test/target/test-dir/MiniOzoneClusterImpl-14be88a4-8f05-46f6-bbfd-baa6b5a73b12/datanode-5/data/ratis/3992144e-e61c-45e5-b2ba-d3ac8f9931e3/sm/snapshot.5_55 took: 3 ms
2023-02-03 08:25:26,635 [585970c3-6c22-4637-9398-2d57238869c8@group-D3AC8F9931E3-StateMachineUpdater] INFO  impl.StateMachineUpdater (StateMachineUpdater.java:takeSnapshot(287)) - 585970c3-6c22-4637-9398-2d57238869c8@group-D3AC8F9931E3-StateMachineUpdater: Took a snapshot at index 55
2023-02-03 08:25:26,635 [585970c3-6c22-4637-9398-2d57238869c8@group-D3AC8F9931E3-StateMachineUpdater] INFO  impl.StateMachineUpdater (StateMachineUpdater.java:lambda$new$0(92)) - 585970c3-6c22-4637-9398-2d57238869c8@group-D3AC8F9931E3-StateMachineUpdater: snapshotIndex: updateIncreasingly -1 -> 55
2023-02-03 08:25:26,637 [ChunkReader-6] ERROR server.GrpcXceiverService (GrpcXceiverService.java:onNext(60)) - Got exception when processing ContainerCommandRequestProto cmdType: PutBlock
traceID: ""
containerID: 10
datanodeUuid: "e0a84492-830d-4f05-a6bf-67d3770e5d78"
putBlock {
  blockData {
    blockID {
      containerID: 10
      localID: 111677748019200033
      blockCommitSequenceId: 0
      replicaIndex: 2
    }
    metadata {
      key: "TYPE"
      value: "KEY"
    }
    metadata {
      key: "blockGroupLen"
      value: "19"
    }
  }
  eof: true
}

java.lang.NullPointerException
	at org.apache.hadoop.ozone.container.keyvalue.impl.BlockManagerImpl.persistPutBlock(BlockManagerImpl.java:154)
	at org.apache.hadoop.ozone.container.keyvalue.impl.BlockManagerImpl.putBlock(BlockManagerImpl.java:103)
	at org.apache.hadoop.ozone.container.keyvalue.KeyValueHandler.handlePutBlock(KeyValueHandler.java:539)
	at org.apache.hadoop.ozone.container.keyvalue.KeyValueHandler.dispatchRequest(KeyValueHandler.java:243)
	at org.apache.hadoop.ozone.container.keyvalue.KeyValueHandler.handle(KeyValueHandler.java:219)
	at org.apache.hadoop.ozone.container.common.impl.HddsDispatcher.dispatchRequest(HddsDispatcher.java:320)
	at org.apache.hadoop.ozone.container.common.impl.HddsDispatcher.lambda$dispatch$0(HddsDispatcher.java:171)
	at org.apache.hadoop.hdds.server.OzoneProtocolMessageDispatcher.processRequest(OzoneProtocolMessageDispatcher.java:87)
	at org.apache.hadoop.ozone.container.common.impl.HddsDispatcher.dispatch(HddsDispatcher.java:170)
	at org.apache.hadoop.ozone.container.common.transport.server.GrpcXceiverService$1.onNext(GrpcXceiverService.java:57)
	at org.apache.hadoop.ozone.container.common.transport.server.GrpcXceiverService$1.onNext(GrpcXceiverService.java:50)
	at org.apache.ratis.thirdparty.io.grpc.stub.ServerCalls$StreamingServerCallHandler$StreamingServerCallListener.onMessage(ServerCalls.java:262)
	at org.apache.ratis.thirdparty.io.grpc.ForwardingServerCallListener.onMessage(ForwardingServerCallListener.java:33)
	at org.apache.hadoop.hdds.tracing.GrpcServerInterceptor$1.onMessage(GrpcServerInterceptor.java:49)
	at org.apache.ratis.thirdparty.io.grpc.internal.ServerCallImpl$ServerStreamListenerImpl.messagesAvailableInternal(ServerCallImpl.java:332)
	at org.apache.ratis.thirdparty.io.grpc.internal.ServerCallImpl$ServerStreamListenerImpl.messagesAvailable(ServerCallImpl.java:315)
	at org.apache.ratis.thirdparty.io.grpc.internal.ServerImpl$JumpToApplicationThreadServerStreamListener$1MessagesAvailable.runInContext(ServerImpl.java:834)
	at org.apache.ratis.thirdparty.io.grpc.internal.ContextRunnable.run(ContextRunnable.java:37)
	at org.apache.ratis.thirdparty.io.grpc.internal.SerializingExecutor.run(SerializingExecutor.java:133)
	at java.util.concurrent.ThreadPoolExecutor.runWorker(ThreadPoolExecutor.java:1149)
	at java.util.concurrent.ThreadPoolExecutor$Worker.run(ThreadPoolExecutor.java:624)
	at java.lang.Thread.run(Thread.java:750)
2023-02-03 08:25:26,645 [ChunkReader-0] ERROR server.GrpcXceiverService (GrpcXceiverService.java:onNext(60)) - Got exception when processing ContainerCommandRequestProto cmdType: PutBlock
traceID: ""
containerID: 10
datanodeUuid: "5f61b73f-7af0-4258-8c93-74f2ad148b39"
putBlock {
  blockData {
    blockID {
      containerID: 10
      localID: 111677748019200033
      blockCommitSequenceId: 0
      replicaIndex: 3
    }
    metadata {
      key: "TYPE"
      value: "KEY"
    }
    metadata {
      key: "blockGroupLen"
      value: "19"
    }
  }
  eof: true
}

java.lang.NullPointerException
	at org.apache.hadoop.ozone.container.keyvalue.impl.BlockManagerImpl.persistPutBlock(BlockManagerImpl.java:154)
	at org.apache.hadoop.ozone.container.keyvalue.impl.BlockManagerImpl.putBlock(BlockManagerImpl.java:103)
	at org.apache.hadoop.ozone.container.keyvalue.KeyValueHandler.handlePutBlock(KeyValueHandler.java:539)
	at org.apache.hadoop.ozone.container.keyvalue.KeyValueHandler.dispatchRequest(KeyValueHandler.java:243)
	at org.apache.hadoop.ozone.container.keyvalue.KeyValueHandler.handle(KeyValueHandler.java:219)
	at org.apache.hadoop.ozone.container.common.impl.HddsDispatcher.dispatchRequest(HddsDispatcher.java:320)
	at org.apache.hadoop.ozone.container.common.impl.HddsDispatcher.lambda$dispatch$0(HddsDispatcher.java:171)
	at org.apache.hadoop.hdds.server.OzoneProtocolMessageDispatcher.processRequest(OzoneProtocolMessageDispatcher.java:87)
	at org.apache.hadoop.ozone.container.common.impl.HddsDispatcher.dispatch(HddsDispatcher.java:170)
	at org.apache.hadoop.ozone.container.common.transport.server.GrpcXceiverService$1.onNext(GrpcXceiverService.java:57)
	at org.apache.hadoop.ozone.container.common.transport.server.GrpcXceiverService$1.onNext(GrpcXceiverService.java:50)
	at org.apache.ratis.thirdparty.io.grpc.stub.ServerCalls$StreamingServerCallHandler$StreamingServerCallListener.onMessage(ServerCalls.java:262)
	at org.apache.ratis.thirdparty.io.grpc.ForwardingServerCallListener.onMessage(ForwardingServerCallListener.java:33)
	at org.apache.hadoop.hdds.tracing.GrpcServerInterceptor$1.onMessage(GrpcServerInterceptor.java:49)
	at org.apache.ratis.thirdparty.io.grpc.internal.ServerCallImpl$ServerStreamListenerImpl.messagesAvailableInternal(ServerCallImpl.java:332)
	at org.apache.ratis.thirdparty.io.grpc.internal.ServerCallImpl$ServerStreamListenerImpl.messagesAvailable(ServerCallImpl.java:315)
	at org.apache.ratis.thirdparty.io.grpc.internal.ServerImpl$JumpToApplicationThreadServerStreamListener$1MessagesAvailable.runInContext(ServerImpl.java:834)
	at org.apache.ratis.thirdparty.io.grpc.internal.ContextRunnable.run(ContextRunnable.java:37)
	at org.apache.ratis.thirdparty.io.grpc.internal.SerializingExecutor.run(SerializingExecutor.java:133)
	at java.util.concurrent.ThreadPoolExecutor.runWorker(ThreadPoolExecutor.java:1149)
	at java.util.concurrent.ThreadPoolExecutor$Worker.run(ThreadPoolExecutor.java:624)
	at java.lang.Thread.run(Thread.java:750)
2023-02-03 08:25:26,646 [585970c3-6c22-4637-9398-2d57238869c8-impl-thread2] INFO  server.RaftServer$Division (ServerState.java:close(466)) - 585970c3-6c22-4637-9398-2d57238869c8@group-D3AC8F9931E3: closes. applyIndex: 55
2023-02-03 08:25:26,646 [585970c3-6c22-4637-9398-2d57238869c8@group-D3AC8F9931E3-SegmentedRaftLogWorker] INFO  segmented.SegmentedRaftLogWorker (SegmentedRaftLogWorker.java:run(347)) - 585970c3-6c22-4637-9398-2d57238869c8@group-D3AC8F9931E3-SegmentedRaftLogWorker was interrupted, exiting. There are 0 tasks remaining in the queue.
2023-02-03 08:25:26,646 [585970c3-6c22-4637-9398-2d57238869c8-impl-thread2] INFO  segmented.SegmentedRaftLogWorker (SegmentedRaftLogWorker.java:close(257)) - 585970c3-6c22-4637-9398-2d57238869c8@group-D3AC8F9931E3-SegmentedRaftLogWorker close()
2023-02-03 08:25:26,649 [JvmPauseMonitor23] INFO  util.JvmPauseMonitor (JvmPauseMonitor.java:run(111)) - JvmPauseMonitor-585970c3-6c22-4637-9398-2d57238869c8: Stopped
2023-02-03 08:25:26,650 [pool-1999-thread-1] WARN  io.KeyOutputStream (ECKeyOutputStream.java:logStreamError(233)) - Put block failed: F F F S S
2023-02-03 08:25:26,650 [pool-1999-thread-1] WARN  io.KeyOutputStream (ECKeyOutputStream.java:logStreamError(235)) - Failure for replica index: 1, DatanodeDetails: 1d26bd31-d57e-4272-aee2-8b25bf096957(fv-az243-539.eyhnzsvkqwvufobmc3lzdbadce.jx.internal.cloudapp.net/10.1.0.160)
java.io.IOException: Unexpected Storage Container Exception: org.apache.hadoop.hdds.scm.container.common.helpers.StorageContainerException: Put Key failed
	at org.apache.hadoop.hdds.scm.storage.BlockOutputStream.setIoException(BlockOutputStream.java:630)
	at org.apache.hadoop.hdds.scm.storage.ECBlockOutputStream.validateResponse(ECBlockOutputStream.java:304)
	at org.apache.hadoop.hdds.scm.storage.ECBlockOutputStream.lambda$executePutBlock$1(ECBlockOutputStream.java:229)
	at java.util.concurrent.CompletableFuture.uniApply(CompletableFuture.java:616)
	at java.util.concurrent.CompletableFuture$UniApply.tryFire(CompletableFuture.java:591)
	at java.util.concurrent.CompletableFuture$Completion.run(CompletableFuture.java:456)
	at java.util.concurrent.ThreadPoolExecutor.runWorker(ThreadPoolExecutor.java:1149)
	at java.util.concurrent.ThreadPoolExecutor$Worker.run(ThreadPoolExecutor.java:624)
	at java.lang.Thread.run(Thread.java:750)
Caused by: org.apache.hadoop.hdds.scm.container.common.helpers.StorageContainerException: Put Key failed
	at org.apache.hadoop.hdds.scm.storage.ContainerProtocolCalls.validateContainerResponse(ContainerProtocolCalls.java:631)
	at org.apache.hadoop.hdds.scm.storage.ECBlockOutputStream.validateResponse(ECBlockOutputStream.java:302)
	... 7 more
2023-02-03 08:25:26,654 [pool-1999-thread-1] WARN  io.KeyOutputStream (ECKeyOutputStream.java:logStreamError(235)) - Failure for replica index: 2, DatanodeDetails: e0a84492-830d-4f05-a6bf-67d3770e5d78(fv-az243-539.eyhnzsvkqwvufobmc3lzdbadce.jx.internal.cloudapp.net/10.1.0.160)
java.io.IOException: Unexpected Storage Container Exception: java.util.concurrent.CompletionException: java.util.concurrent.CompletionException: org.apache.ratis.thirdparty.io.grpc.StatusRuntimeException: UNKNOWN
	at org.apache.hadoop.hdds.scm.storage.BlockOutputStream.setIoException(BlockOutputStream.java:630)
	at org.apache.hadoop.hdds.scm.storage.ECBlockOutputStream.lambda$executePutBlock$2(ECBlockOutputStream.java:247)
	at java.util.concurrent.CompletableFuture.uniExceptionally(CompletableFuture.java:884)
	at java.util.concurrent.CompletableFuture$UniExceptionally.tryFire(CompletableFuture.java:866)
	at java.util.concurrent.CompletableFuture.postComplete(CompletableFuture.java:488)
	at java.util.concurrent.CompletableFuture.completeExceptionally(CompletableFuture.java:1990)
	at org.apache.hadoop.hdds.scm.XceiverClientGrpc$1.onError(XceiverClientGrpc.java:538)
	at org.apache.ratis.thirdparty.io.grpc.stub.ClientCalls$StreamObserverToCallListenerAdapter.onClose(ClientCalls.java:487)
	at org.apache.ratis.thirdparty.io.grpc.internal.ClientCallImpl.closeObserver(ClientCallImpl.java:562)
	at org.apache.ratis.thirdparty.io.grpc.internal.ClientCallImpl.access$300(ClientCallImpl.java:70)
	at org.apache.ratis.thirdparty.io.grpc.internal.ClientCallImpl$ClientStreamListenerImpl$1StreamClosed.runInternal(ClientCallImpl.java:743)
	at org.apache.ratis.thirdparty.io.grpc.internal.ClientCallImpl$ClientStreamListenerImpl$1StreamClosed.runInContext(ClientCallImpl.java:722)
	at org.apache.ratis.thirdparty.io.grpc.internal.ContextRunnable.run(ContextRunnable.java:37)
	at org.apache.ratis.thirdparty.io.grpc.internal.SerializingExecutor.run(SerializingExecutor.java:133)
	at java.util.concurrent.ThreadPoolExecutor.runWorker(ThreadPoolExecutor.java:1149)
	at java.util.concurrent.ThreadPoolExecutor$Worker.run(ThreadPoolExecutor.java:624)
	at java.lang.Thread.run(Thread.java:750)
Caused by: java.util.concurrent.CompletionException: java.util.concurrent.CompletionException: org.apache.ratis.thirdparty.io.grpc.StatusRuntimeException: UNKNOWN
	at org.apache.hadoop.hdds.scm.storage.ECBlockOutputStream.lambda$executePutBlock$2(ECBlockOutputStream.java:246)
	... 15 more
Caused by: java.util.concurrent.CompletionException: org.apache.ratis.thirdparty.io.grpc.StatusRuntimeException: UNKNOWN
	at java.util.concurrent.CompletableFuture.encodeThrowable(CompletableFuture.java:292)
	at java.util.concurrent.CompletableFuture.completeThrowable(CompletableFuture.java:308)
	at java.util.concurrent.CompletableFuture.uniApply(CompletableFuture.java:607)
	at java.util.concurrent.CompletableFuture$UniApply.tryFire(CompletableFuture.java:591)
	... 13 more
Caused by: org.apache.ratis.thirdparty.io.grpc.StatusRuntimeException: UNKNOWN
	at org.apache.ratis.thirdparty.io.grpc.Status.asRuntimeException(Status.java:535)
	... 10 more
2023-02-03 08:25:26,666 [pool-1999-thread-1] WARN  io.KeyOutputStream (ECKeyOutputStream.java:logStreamError(235)) - Failure for replica index: 3, DatanodeDetails: 5f61b73f-7af0-4258-8c93-74f2ad148b39(fv-az243-539.eyhnzsvkqwvufobmc3lzdbadce.jx.internal.cloudapp.net/10.1.0.160)
java.io.IOException: Unexpected Storage Container Exception: java.util.concurrent.CompletionException: java.util.concurrent.CompletionException: org.apache.ratis.thirdparty.io.grpc.StatusRuntimeException: UNKNOWN
	at org.apache.hadoop.hdds.scm.storage.BlockOutputStream.setIoException(BlockOutputStream.java:630)
	at org.apache.hadoop.hdds.scm.storage.ECBlockOutputStream.lambda$executePutBlock$2(ECBlockOutputStream.java:247)
	at java.util.concurrent.CompletableFuture.uniExceptionally(CompletableFuture.java:884)
	at java.util.concurrent.CompletableFuture$UniExceptionally.tryFire(CompletableFuture.java:866)
	at java.util.concurrent.CompletableFuture.postComplete(CompletableFuture.java:488)
	at java.util.concurrent.CompletableFuture.completeExceptionally(CompletableFuture.java:1990)
	at org.apache.hadoop.hdds.scm.XceiverClientGrpc$1.onError(XceiverClientGrpc.java:538)
	at org.apache.ratis.thirdparty.io.grpc.stub.ClientCalls$StreamObserverToCallListenerAdapter.onClose(ClientCalls.java:487)
	at org.apache.ratis.thirdparty.io.grpc.internal.ClientCallImpl.closeObserver(ClientCallImpl.java:562)
	at org.apache.ratis.thirdparty.io.grpc.internal.ClientCallImpl.access$300(ClientCallImpl.java:70)
	at org.apache.ratis.thirdparty.io.grpc.internal.ClientCallImpl$ClientStreamListenerImpl$1StreamClosed.runInternal(ClientCallImpl.java:743)
	at org.apache.ratis.thirdparty.io.grpc.internal.ClientCallImpl$ClientStreamListenerImpl$1StreamClosed.runInContext(ClientCallImpl.java:722)
	at org.apache.ratis.thirdparty.io.grpc.internal.ContextRunnable.run(ContextRunnable.java:37)
	at org.apache.ratis.thirdparty.io.grpc.internal.SerializingExecutor.run(SerializingExecutor.java:133)
	at java.util.concurrent.ThreadPoolExecutor.runWorker(ThreadPoolExecutor.java:1149)
	at java.util.concurrent.ThreadPoolExecutor$Worker.run(ThreadPoolExecutor.java:624)
	at java.lang.Thread.run(Thread.java:750)
Caused by: java.util.concurrent.CompletionException: java.util.concurrent.CompletionException: org.apache.ratis.thirdparty.io.grpc.StatusRuntimeException: UNKNOWN
	at org.apache.hadoop.hdds.scm.storage.ECBlockOutputStream.lambda$executePutBlock$2(ECBlockOutputStream.java:246)
	... 15 more
Caused by: java.util.concurrent.CompletionException: org.apache.ratis.thirdparty.io.grpc.StatusRuntimeException: UNKNOWN
	at java.util.concurrent.CompletableFuture.encodeThrowable(CompletableFuture.java:292)
	at java.util.concurrent.CompletableFuture.completeThrowable(CompletableFuture.java:308)
	at java.util.concurrent.CompletableFuture.uniApply(CompletableFuture.java:607)
	at java.util.concurrent.CompletableFuture$UniApply.tryFire(CompletableFuture.java:591)
	... 13 more
Caused by: org.apache.ratis.thirdparty.io.grpc.StatusRuntimeException: UNKNOWN
	at org.apache.ratis.thirdparty.io.grpc.Status.asRuntimeException(Status.java:535)
	... 10 more
2023-02-03 08:25:26,690 [IPC Server handler 6 on default port 33963] ERROR pipeline.WritableECContainerProvider (WritableECContainerProvider.java:getContainer(156)) - Unable to allocate a container for EC/ECReplicationConfig{data=3, parity=2, ecChunkSize=1048576, codec=rs} after trying all existing containers
org.apache.hadoop.hdds.scm.exceptions.SCMException: No enough datanodes to choose. TotalNode = 7 AvailableNode = 4 RequiredNode = 5 ExcludedNode = 3
	at org.apache.hadoop.hdds.scm.container.placement.algorithms.SCMContainerPlacementRackScatter.chooseDatanodesInternal(SCMContainerPlacementRackScatter.java:238)
	at org.apache.hadoop.hdds.scm.SCMCommonPlacementPolicy.chooseDatanodes(SCMCommonPlacementPolicy.java:185)
	at org.apache.hadoop.hdds.scm.SCMCommonPlacementPolicy.chooseDatanodes(SCMCommonPlacementPolicy.java:127)
	at org.apache.hadoop.hdds.scm.pipeline.ECPipelineProvider.create(ECPipelineProvider.java:74)
	at org.apache.hadoop.hdds.scm.pipeline.ECPipelineProvider.create(ECPipelineProvider.java:40)
	at org.apache.hadoop.hdds.scm.pipeline.PipelineFactory.create(PipelineFactory.java:89)
	at org.apache.hadoop.hdds.scm.pipeline.PipelineManagerImpl.createPipeline(PipelineManagerImpl.java:225)
	at org.apache.hadoop.hdds.scm.pipeline.WritableECContainerProvider.allocateContainer(WritableECContainerProvider.java:171)
	at org.apache.hadoop.hdds.scm.pipeline.WritableECContainerProvider.getContainer(WritableECContainerProvider.java:153)
	at org.apache.hadoop.hdds.scm.pipeline.WritableECContainerProvider.getContainer(WritableECContainerProvider.java:52)
	at org.apache.hadoop.hdds.scm.pipeline.WritableContainerFactory.getContainer(WritableContainerFactory.java:60)
	at org.apache.hadoop.hdds.scm.block.BlockManagerImpl.allocateBlock(BlockManagerImpl.java:177)
	at org.apache.hadoop.hdds.scm.server.SCMBlockProtocolServer.allocateBlock(SCMBlockProtocolServer.java:194)
	at org.apache.hadoop.hdds.scm.protocol.ScmBlockLocationProtocolServerSideTranslatorPB.allocateScmBlock(ScmBlockLocationProtocolServerSideTranslatorPB.java:192)
	at org.apache.hadoop.hdds.scm.protocol.ScmBlockLocationProtocolServerSideTranslatorPB.processMessage(ScmBlockLocationProtocolServerSideTranslatorPB.java:142)
	at org.apache.hadoop.hdds.server.OzoneProtocolMessageDispatcher.processRequest(OzoneProtocolMessageDispatcher.java:87)
	at org.apache.hadoop.hdds.scm.protocol.ScmBlockLocationProtocolServerSideTranslatorPB.send(ScmBlockLocationProtocolServerSideTranslatorPB.java:113)
	at org.apache.hadoop.hdds.protocol.proto.ScmBlockLocationProtocolProtos$ScmBlockLocationProtocolService$2.callBlockingMethod(ScmBlockLocationProtocolProtos.java:14202)
	at org.apache.hadoop.ipc.ProtobufRpcEngine$Server.processCall(ProtobufRpcEngine.java:465)
	at org.apache.hadoop.ipc.ProtobufRpcEngine2$Server$ProtoBufRpcInvoker.call(ProtobufRpcEngine2.java:578)
	at org.apache.hadoop.ipc.ProtobufRpcEngine2$Server$ProtoBufRpcInvoker.call(ProtobufRpcEngine2.java:556)
	at org.apache.hadoop.ipc.RPC$Server.call(RPC.java:1093)
	at org.apache.hadoop.ipc.Server$RpcCall.run(Server.java:1043)
	at org.apache.hadoop.ipc.Server$RpcCall.run(Server.java:971)
	at java.security.AccessController.doPrivileged(Native Method)
	at javax.security.auth.Subject.doAs(Subject.java:422)
	at org.apache.hadoop.security.UserGroupInformation.doAs(UserGroupInformation.java:1878)
	at org.apache.hadoop.ipc.Server$Handler.run(Server.java:2976)
08:25:26.691 [IPC Server handler 6 on default port 33963] ERROR SCMAudit - user=runner | ip=10.1.0.160 | op=ALLOCATE_BLOCK {replication=EC/ECReplicationConfig{data=3, parity=2, ecChunkSize=1048576, codec=rs}, owner=om1, size=4194304, num=1} | ret=FAILURE
org.apache.hadoop.hdds.scm.exceptions.SCMException: No enough datanodes to choose. TotalNode = 7 AvailableNode = 4 RequiredNode = 5 ExcludedNode = 3
	at org.apache.hadoop.hdds.scm.container.placement.algorithms.SCMContainerPlacementRackScatter.chooseDatanodesInternal(SCMContainerPlacementRackScatter.java:238) ~[hdds-server-scm-1.4.0-SNAPSHOT.jar:?]
	at org.apache.hadoop.hdds.scm.SCMCommonPlacementPolicy.chooseDatanodes(SCMCommonPlacementPolicy.java:185) ~[hdds-server-scm-1.4.0-SNAPSHOT.jar:?]
	at org.apache.hadoop.hdds.scm.SCMCommonPlacementPolicy.chooseDatanodes(SCMCommonPlacementPolicy.java:127) ~[hdds-server-scm-1.4.0-SNAPSHOT.jar:?]
	at org.apache.hadoop.hdds.scm.pipeline.ECPipelineProvider.create(ECPipelineProvider.java:74) ~[hdds-server-scm-1.4.0-SNAPSHOT.jar:?]
	at org.apache.hadoop.hdds.scm.pipeline.ECPipelineProvider.create(ECPipelineProvider.java:40) ~[hdds-server-scm-1.4.0-SNAPSHOT.jar:?]
	at org.apache.hadoop.hdds.scm.pipeline.PipelineFactory.create(PipelineFactory.java:89) ~[hdds-server-scm-1.4.0-SNAPSHOT.jar:?]
	at org.apache.hadoop.hdds.scm.pipeline.PipelineManagerImpl.createPipeline(PipelineManagerImpl.java:225) ~[hdds-server-scm-1.4.0-SNAPSHOT.jar:?]
	at org.apache.hadoop.hdds.scm.pipeline.WritableECContainerProvider.allocateContainer(WritableECContainerProvider.java:171) ~[hdds-server-scm-1.4.0-SNAPSHOT.jar:?]
	at org.apache.hadoop.hdds.scm.pipeline.WritableECContainerProvider.getContainer(WritableECContainerProvider.java:153) ~[hdds-server-scm-1.4.0-SNAPSHOT.jar:?]
	at org.apache.hadoop.hdds.scm.pipeline.WritableECContainerProvider.getContainer(WritableECContainerProvider.java:52) ~[hdds-server-scm-1.4.0-SNAPSHOT.jar:?]
	at org.apache.hadoop.hdds.scm.pipeline.WritableContainerFactory.getContainer(WritableContainerFactory.java:60) ~[hdds-server-scm-1.4.0-SNAPSHOT.jar:?]
	at org.apache.hadoop.hdds.scm.block.BlockManagerImpl.allocateBlock(BlockManagerImpl.java:177) ~[hdds-server-scm-1.4.0-SNAPSHOT.jar:?]
	at org.apache.hadoop.hdds.scm.server.SCMBlockProtocolServer.allocateBlock(SCMBlockProtocolServer.java:194) ~[hdds-server-scm-1.4.0-SNAPSHOT.jar:?]
	at org.apache.hadoop.hdds.scm.protocol.ScmBlockLocationProtocolServerSideTranslatorPB.allocateScmBlock(ScmBlockLocationProtocolServerSideTranslatorPB.java:192) ~[hdds-server-scm-1.4.0-SNAPSHOT.jar:?]
	at org.apache.hadoop.hdds.scm.protocol.ScmBlockLocationProtocolServerSideTranslatorPB.processMessage(ScmBlockLocationProtocolServerSideTranslatorPB.java:142) ~[hdds-server-scm-1.4.0-SNAPSHOT.jar:?]
	at org.apache.hadoop.hdds.server.OzoneProtocolMessageDispatcher.processRequest(OzoneProtocolMessageDispatcher.java:87) [hdds-server-framework-1.4.0-SNAPSHOT.jar:?]
	at org.apache.hadoop.hdds.scm.protocol.ScmBlockLocationProtocolServerSideTranslatorPB.send(ScmBlockLocationProtocolServerSideTranslatorPB.java:113) [hdds-server-scm-1.4.0-SNAPSHOT.jar:?]
	at org.apache.hadoop.hdds.protocol.proto.ScmBlockLocationProtocolProtos$ScmBlockLocationProtocolService$2.callBlockingMethod(ScmBlockLocationProtocolProtos.java:14202) [hdds-interface-server-1.4.0-SNAPSHOT.jar:?]
	at org.apache.hadoop.ipc.ProtobufRpcEngine$Server.processCall(ProtobufRpcEngine.java:465) [hadoop-common-3.3.4.jar:?]
	at org.apache.hadoop.ipc.ProtobufRpcEngine2$Server$ProtoBufRpcInvoker.call(ProtobufRpcEngine2.java:578) [hadoop-common-3.3.4.jar:?]
	at org.apache.hadoop.ipc.ProtobufRpcEngine2$Server$ProtoBufRpcInvoker.call(ProtobufRpcEngine2.java:556) [hadoop-common-3.3.4.jar:?]
	at org.apache.hadoop.ipc.RPC$Server.call(RPC.java:1093) [hadoop-common-3.3.4.jar:?]
	at org.apache.hadoop.ipc.Server$RpcCall.run(Server.java:1043) [hadoop-common-3.3.4.jar:?]
	at org.apache.hadoop.ipc.Server$RpcCall.run(Server.java:971) [hadoop-common-3.3.4.jar:?]
	at java.security.AccessController.doPrivileged(Native Method) ~[?:1.8.0_362]
	at javax.security.auth.Subject.doAs(Subject.java:422) [?:1.8.0_362]
	at org.apache.hadoop.security.UserGroupInformation.doAs(UserGroupInformation.java:1878) [hadoop-common-3.3.4.jar:?]
	at org.apache.hadoop.ipc.Server$Handler.run(Server.java:2976) [hadoop-common-3.3.4.jar:?]
]]></system-out>
    <system-err><![CDATA[Feb 03, 2023 8:25:26 AM org.apache.ratis.thirdparty.io.grpc.internal.SerializingExecutor run
SEVERE: Exception while executing runnable org.apache.ratis.thirdparty.io.grpc.internal.ServerImpl$JumpToApplicationThreadServerStreamListener$1HalfClosed@78a38799
java.lang.IllegalStateException: call already closed
	at org.apache.ratis.thirdparty.com.google.common.base.Preconditions.checkState(Preconditions.java:502)
	at org.apache.ratis.thirdparty.io.grpc.internal.ServerCallImpl.closeInternal(ServerCallImpl.java:218)
	at org.apache.ratis.thirdparty.io.grpc.internal.ServerCallImpl.close(ServerCallImpl.java:211)
	at org.apache.ratis.thirdparty.io.grpc.stub.ServerCalls$ServerCallStreamObserverImpl.onCompleted(ServerCalls.java:395)
	at org.apache.hadoop.ozone.container.common.transport.server.GrpcXceiverService$1.onCompleted(GrpcXceiverService.java:76)
	at org.apache.ratis.thirdparty.io.grpc.stub.ServerCalls$StreamingServerCallHandler$StreamingServerCallListener.onHalfClose(ServerCalls.java:273)
	at org.apache.ratis.thirdparty.io.grpc.PartialForwardingServerCallListener.onHalfClose(PartialForwardingServerCallListener.java:35)
	at org.apache.ratis.thirdparty.io.grpc.ForwardingServerCallListener.onHalfClose(ForwardingServerCallListener.java:23)
	at org.apache.ratis.thirdparty.io.grpc.ForwardingServerCallListener$SimpleForwardingServerCallListener.onHalfClose(ForwardingServerCallListener.java:40)
	at org.apache.ratis.thirdparty.io.grpc.internal.ServerCallImpl$ServerStreamListenerImpl.halfClosed(ServerCallImpl.java:354)
	at org.apache.ratis.thirdparty.io.grpc.internal.ServerImpl$JumpToApplicationThreadServerStreamListener$1HalfClosed.runInContext(ServerImpl.java:866)
	at org.apache.ratis.thirdparty.io.grpc.internal.ContextRunnable.run(ContextRunnable.java:37)
	at org.apache.ratis.thirdparty.io.grpc.internal.SerializingExecutor.run(SerializingExecutor.java:133)
	at java.util.concurrent.ThreadPoolExecutor.runWorker(ThreadPoolExecutor.java:1149)
	at java.util.concurrent.ThreadPoolExecutor$Worker.run(ThreadPoolExecutor.java:624)
	at java.lang.Thread.run(Thread.java:750)

Feb 03, 2023 8:25:26 AM org.apache.ratis.thirdparty.io.grpc.internal.SerializingExecutor run
SEVERE: Exception while executing runnable org.apache.ratis.thirdparty.io.grpc.internal.ServerImpl$JumpToApplicationThreadServerStreamListener$1HalfClosed@59fe85af
java.lang.IllegalStateException: call already closed
	at org.apache.ratis.thirdparty.com.google.common.base.Preconditions.checkState(Preconditions.java:502)
	at org.apache.ratis.thirdparty.io.grpc.internal.ServerCallImpl.closeInternal(ServerCallImpl.java:218)
	at org.apache.ratis.thirdparty.io.grpc.internal.ServerCallImpl.close(ServerCallImpl.java:211)
	at org.apache.ratis.thirdparty.io.grpc.stub.ServerCalls$ServerCallStreamObserverImpl.onCompleted(ServerCalls.java:395)
	at org.apache.hadoop.ozone.container.common.transport.server.GrpcXceiverService$1.onCompleted(GrpcXceiverService.java:76)
	at org.apache.ratis.thirdparty.io.grpc.stub.ServerCalls$StreamingServerCallHandler$StreamingServerCallListener.onHalfClose(ServerCalls.java:273)
	at org.apache.ratis.thirdparty.io.grpc.PartialForwardingServerCallListener.onHalfClose(PartialForwardingServerCallListener.java:35)
	at org.apache.ratis.thirdparty.io.grpc.ForwardingServerCallListener.onHalfClose(ForwardingServerCallListener.java:23)
	at org.apache.ratis.thirdparty.io.grpc.ForwardingServerCallListener$SimpleForwardingServerCallListener.onHalfClose(ForwardingServerCallListener.java:40)
	at org.apache.ratis.thirdparty.io.grpc.internal.ServerCallImpl$ServerStreamListenerImpl.halfClosed(ServerCallImpl.java:354)
	at org.apache.ratis.thirdparty.io.grpc.internal.ServerImpl$JumpToApplicationThreadServerStreamListener$1HalfClosed.runInContext(ServerImpl.java:866)
	at org.apache.ratis.thirdparty.io.grpc.internal.ContextRunnable.run(ContextRunnable.java:37)
	at org.apache.ratis.thirdparty.io.grpc.internal.SerializingExecutor.run(SerializingExecutor.java:133)
	at java.util.concurrent.ThreadPoolExecutor.runWorker(ThreadPoolExecutor.java:1149)
	at java.util.concurrent.ThreadPoolExecutor$Worker.run(ThreadPoolExecutor.java:624)
	at java.lang.Thread.run(Thread.java:750)

]]></system-err>
  </testcase>
  <testcase name="testSCMHandlesRestartForMaintenanceNode" classname="org.apache.hadoop.ozone.scm.node.TestDecommissionAndMaintenance" time="20.988"/>
  <testcase name="testEnteringMaintenanceNodeCompletesAfterSCMRestart" classname="org.apache.hadoop.ozone.scm.node.TestDecommissionAndMaintenance" time="14.232"/>
  <testcase name="testDecommissioningNodesCompleteDecommissionOnSCMRestart" classname="org.apache.hadoop.ozone.scm.node.TestDecommissionAndMaintenance" time="35.078"/>
</testsuite>