<?xml version="1.0" encoding="UTF-8"?>
<testsuite xmlns:xsi="http://www.w3.org/2001/XMLSchema-instance" xsi:noNamespaceSchemaLocation="https://maven.apache.org/surefire/maven-surefire-plugin/xsd/surefire-test-report-3.0.xsd" version="3.0" name="org.apache.hadoop.ozone.client.rpc.TestWatchForCommit" time="27.934" tests="1" errors="0" skipped="0" failures="0">
  <properties>
    <property name="awt.toolkit" value="sun.awt.X11.XToolkit"/>
    <property name="file.encoding.pkg" value="sun.io"/>
    <property name="java.specification.version" value="1.8"/>
    <property name="sun.cpu.isalist" value=""/>
    <property name="sun.jnu.encoding" value="UTF-8"/>
    <property name="gradle.enterprise.listener.surefire.forkId" value="1"/>
    <property name="java.class.path" value="/home/runner/work/ozone/ozone/hadoop-ozone/integration-test/target/test-classes:/home/runner/work/ozone/ozone/hadoop-ozone/integration-test/target/classes:/home/runner/.m2/repository/org/apache/ozone/ozone-common/1.5.0-SNAPSHOT/ozone-common-1.5.0-SNAPSHOT.jar:/home/runner/.m2/repository/io/grpc/grpc-netty/1.58.0/grpc-netty-1.58.0.jar:/home/runner/.m2/repository/io/grpc/grpc-core/1.58.0/grpc-core-1.58.0.jar:/home/runner/.m2/repository/com/google/android/annotations/4.1.1.4/annotations-4.1.1.4.jar:/home/runner/.m2/repository/org/codehaus/mojo/animal-sniffer-annotations/1.23/animal-sniffer-annotations-1.23.jar:/home/runner/.m2/repository/io/grpc/grpc-context/1.58.0/grpc-context-1.58.0.jar:/home/runner/.m2/repository/io/grpc/grpc-util/1.58.0/grpc-util-1.58.0.jar:/home/runner/.m2/repository/com/google/errorprone/error_prone_annotations/2.2.0/error_prone_annotations-2.2.0.jar:/home/runner/.m2/repository/io/perfmark/perfmark-api/0.26.0/perfmark-api-0.26.0.jar:/home/runner/.m2/repository/io/netty/netty-codec-http2/4.1.100.Final/netty-codec-http2-4.1.100.Final.jar:/home/runner/.m2/repository/io/netty/netty-common/4.1.100.Final/netty-common-4.1.100.Final.jar:/home/runner/.m2/repository/io/netty/netty-buffer/4.1.100.Final/netty-buffer-4.1.100.Final.jar:/home/runner/.m2/repository/io/netty/netty-codec-http/4.1.100.Final/netty-codec-http-4.1.100.Final.jar:/home/runner/.m2/repository/io/netty/netty-handler-proxy/4.1.100.Final/netty-handler-proxy-4.1.100.Final.jar:/home/runner/.m2/repository/io/netty/netty-codec-socks/4.1.100.Final/netty-codec-socks-4.1.100.Final.jar:/home/runner/.m2/repository/io/netty/netty-tcnative-boringssl-static/2.0.61.Final/netty-tcnative-boringssl-static-2.0.61.Final.jar:/home/runner/.m2/repository/io/netty/netty-tcnative-classes/2.0.61.Final/netty-tcnative-classes-2.0.61.Final.jar:/home/runner/.m2/repository/io/netty/netty-tcnative-boringssl-static/2.0.61.Final/netty-tcnative-boringssl-static-2.0.61.Final-linux-x86_64.jar:/home/runner/.m2/repository/io/netty/netty-tcnative-boringssl-static/2.0.61.Final/netty-tcnative-boringssl-static-2.0.61.Final-linux-aarch_64.jar:/home/runner/.m2/repository/io/netty/netty-tcnative-boringssl-static/2.0.61.Final/netty-tcnative-boringssl-static-2.0.61.Final-osx-x86_64.jar:/home/runner/.m2/repository/io/netty/netty-tcnative-boringssl-static/2.0.61.Final/netty-tcnative-boringssl-static-2.0.61.Final-osx-aarch_64.jar:/home/runner/.m2/repository/io/netty/netty-tcnative-boringssl-static/2.0.61.Final/netty-tcnative-boringssl-static-2.0.61.Final-windows-x86_64.jar:/home/runner/.m2/repository/org/apache/commons/commons-compress/1.21/commons-compress-1.21.jar:/home/runner/.m2/repository/org/apache/ozone/hdds-common/1.5.0-SNAPSHOT/hdds-common-1.5.0-SNAPSHOT.jar:/home/runner/.m2/repository/org/apache/ozone/hdds-client/1.5.0-SNAPSHOT/hdds-client-1.5.0-SNAPSHOT.jar:/home/runner/.m2/repository/org/apache/ozone/ozone-interface-client/1.5.0-SNAPSHOT/ozone-interface-client-1.5.0-SNAPSHOT.jar:/home/runner/.m2/repository/org/apache/hadoop/hadoop-hdfs-client/3.3.6/hadoop-hdfs-client-3.3.6.jar:/home/runner/.m2/repository/com/squareup/okhttp3/okhttp/4.12.0/okhttp-4.12.0.jar:/home/runner/.m2/repository/com/squareup/okio/okio/3.6.0/okio-3.6.0.jar:/home/runner/.m2/repository/com/squareup/okio/okio-jvm/3.6.0/okio-jvm-3.6.0.jar:/home/runner/.m2/repository/org/jetbrains/kotlin/kotlin-stdlib-jdk8/1.9.21/kotlin-stdlib-jdk8-1.9.21.jar:/home/runner/.m2/repository/org/jetbrains/kotlin/kotlin-stdlib-jdk7/1.9.21/kotlin-stdlib-jdk7-1.9.21.jar:/home/runner/.m2/repository/org/jetbrains/kotlin/kotlin-stdlib-common/1.9.21/kotlin-stdlib-common-1.9.21.jar:/home/runner/.m2/repository/org/apache/ozone/hdds-test-utils/1.5.0-SNAPSHOT/hdds-test-utils-1.5.0-SNAPSHOT.jar:/home/runner/.m2/repository/com/google/guava/guava/32.0.0-jre/guava-32.0.0-jre.jar:/home/runner/.m2/repository/com/google/guava/failureaccess/1.0.1/failureaccess-1.0.1.jar:/home/runner/.m2/repository/com/google/guava/listenablefuture/9999.0-empty-to-avoid-conflict-with-guava/listenablefuture-9999.0-empty-to-avoid-conflict-with-guava.jar:/home/runner/.m2/repository/com/google/code/findbugs/jsr305/3.0.0/jsr305-3.0.0.jar:/home/runner/.m2/repository/org/checkerframework/checker-qual/3.33.0/checker-qual-3.33.0.jar:/home/runner/.m2/repository/com/google/j2objc/j2objc-annotations/2.8/j2objc-annotations-2.8.jar:/home/runner/.m2/repository/commons-io/commons-io/2.11.0/commons-io-2.11.0.jar:/home/runner/.m2/repository/commons-logging/commons-logging/1.2/commons-logging-1.2.jar:/home/runner/.m2/repository/ch/qos/reload4j/reload4j/1.2.25/reload4j-1.2.25.jar:/home/runner/.m2/repository/org/slf4j/slf4j-api/1.7.36/slf4j-api-1.7.36.jar:/home/runner/.m2/repository/org/apache/logging/log4j/log4j-api/2.17.1/log4j-api-2.17.1.jar:/home/runner/.m2/repository/org/apache/ozone/hdds-server-scm/1.5.0-SNAPSHOT/hdds-server-scm-1.5.0-SNAPSHOT.jar:/home/runner/.m2/repository/org/apache/ozone/hdds-container-service/1.5.0-SNAPSHOT/hdds-container-service-1.5.0-SNAPSHOT.jar:/home/runner/.m2/repository/org/apache/ozone/hdds-hadoop-dependency-server/1.5.0-SNAPSHOT/hdds-hadoop-dependency-server-1.5.0-SNAPSHOT.jar:/home/runner/.m2/repository/org/apache/hadoop/hadoop-hdfs/3.3.6/hadoop-hdfs-3.3.6.jar:/home/runner/.m2/repository/commons-daemon/commons-daemon/1.0.13/commons-daemon-1.0.13.jar:/home/runner/.m2/repository/org/apache/ozone/hdds-server-framework/1.5.0-SNAPSHOT/hdds-server-framework-1.5.0-SNAPSHOT.jar:/home/runner/.m2/repository/io/dropwizard/metrics/metrics-core/3.2.4/metrics-core-3.2.4.jar:/home/runner/.m2/repository/org/apache/commons/commons-text/1.10.0/commons-text-1.10.0.jar:/home/runner/.m2/repository/org/bouncycastle/bcprov-jdk15on/1.67/bcprov-jdk15on-1.67.jar:/home/runner/.m2/repository/com/google/protobuf/protobuf-java/2.5.0/protobuf-java-2.5.0.jar:/home/runner/.m2/repository/org/apache/ozone/hdds-server-framework/1.5.0-SNAPSHOT/hdds-server-framework-1.5.0-SNAPSHOT-tests.jar:/home/runner/.m2/repository/org/apache/ozone/hdds-interface-server/1.5.0-SNAPSHOT/hdds-interface-server-1.5.0-SNAPSHOT.jar:/home/runner/.m2/repository/org/apache/ozone/hdds-interface-admin/1.5.0-SNAPSHOT/hdds-interface-admin-1.5.0-SNAPSHOT.jar:/home/runner/.m2/repository/org/apache/ozone/hdds-managed-rocksdb/1.5.0-SNAPSHOT/hdds-managed-rocksdb-1.5.0-SNAPSHOT.jar:/home/runner/.m2/repository/org/rocksdb/rocksdbjni/7.7.3/rocksdbjni-7.7.3.jar:/home/runner/.m2/repository/org/slf4j/slf4j-reload4j/1.7.36/slf4j-reload4j-1.7.36.jar:/home/runner/.m2/repository/org/apache/commons/commons-configuration2/2.1.1/commons-configuration2-2.1.1.jar:/home/runner/.m2/repository/commons-fileupload/commons-fileupload/1.5/commons-fileupload-1.5.jar:/home/runner/.m2/repository/org/apache/logging/log4j/log4j-core/2.17.1/log4j-core-2.17.1.jar:/home/runner/.m2/repository/com/lmax/disruptor/3.4.2/disruptor-3.4.2.jar:/home/runner/.m2/repository/org/eclipse/jetty/jetty-util/9.4.53.v20231009/jetty-util-9.4.53.v20231009.jar:/home/runner/.m2/repository/org/eclipse/jetty/jetty-server/9.4.53.v20231009/jetty-server-9.4.53.v20231009.jar:/home/runner/.m2/repository/org/eclipse/jetty/jetty-http/9.4.53.v20231009/jetty-http-9.4.53.v20231009.jar:/home/runner/.m2/repository/org/eclipse/jetty/jetty-io/9.4.53.v20231009/jetty-io-9.4.53.v20231009.jar:/home/runner/.m2/repository/org/eclipse/jetty/jetty-servlet/9.4.53.v20231009/jetty-servlet-9.4.53.v20231009.jar:/home/runner/.m2/repository/org/eclipse/jetty/jetty-security/9.4.53.v20231009/jetty-security-9.4.53.v20231009.jar:/home/runner/.m2/repository/org/eclipse/jetty/jetty-util-ajax/9.4.53.v20231009/jetty-util-ajax-9.4.53.v20231009.jar:/home/runner/.m2/repository/org/eclipse/jetty/jetty-webapp/9.4.53.v20231009/jetty-webapp-9.4.53.v20231009.jar:/home/runner/.m2/repository/org/eclipse/jetty/jetty-xml/9.4.53.v20231009/jetty-xml-9.4.53.v20231009.jar:/home/runner/.m2/repository/org/apache/ratis/ratis-server/3.0.0/ratis-server-3.0.0.jar:/home/runner/.m2/repository/org/apache/ratis/ratis-thirdparty-misc/1.0.5/ratis-thirdparty-misc-1.0.5.jar:/home/runner/.m2/repository/org/apache/ratis/ratis-proto/3.0.0/ratis-proto-3.0.0.jar:/home/runner/.m2/repository/org/apache/ratis/ratis-common/3.0.0/ratis-common-3.0.0.jar:/home/runner/.m2/repository/org/apache/ratis/ratis-client/3.0.0/ratis-client-3.0.0.jar:/home/runner/.m2/repository/org/apache/ratis/ratis-server-api/3.0.0/ratis-server-api-3.0.0.jar:/home/runner/.m2/repository/org/apache/ratis/ratis-metrics-api/3.0.0/ratis-metrics-api-3.0.0.jar:/home/runner/.m2/repository/org/apache/ratis/ratis-metrics-dropwizard3/3.0.0/ratis-metrics-dropwizard3-3.0.0.jar:/home/runner/.m2/repository/io/prometheus/simpleclient_dropwizard/0.7.0/simpleclient_dropwizard-0.7.0.jar:/home/runner/.m2/repository/io/prometheus/simpleclient/0.7.0/simpleclient-0.7.0.jar:/home/runner/.m2/repository/io/prometheus/simpleclient_common/0.7.0/simpleclient_common-0.7.0.jar:/home/runner/.m2/repository/com/fasterxml/jackson/datatype/jackson-datatype-jsr310/2.13.4/jackson-datatype-jsr310-2.13.4.jar:/home/runner/.m2/repository/com/fasterxml/jackson/core/jackson-core/2.13.4/jackson-core-2.13.4.jar:/home/runner/.m2/repository/org/apache/ozone/rocksdb-checkpoint-differ/1.5.0-SNAPSHOT/rocksdb-checkpoint-differ-1.5.0-SNAPSHOT.jar:/home/runner/.m2/repository/org/jgrapht/jgrapht-core/1.0.1/jgrapht-core-1.0.1.jar:/home/runner/.m2/repository/org/jgrapht/jgrapht-ext/1.0.1/jgrapht-ext-1.0.1.jar:/home/runner/.m2/repository/org/tinyjee/jgraphx/jgraphx/2.0.0.1/jgraphx-2.0.0.1.jar:/home/runner/.m2/repository/jgraph/jgraph/5.13.0.0/jgraph-5.13.0.0.jar:/home/runner/.m2/repository/org/antlr/antlr4-runtime/4.5.3/antlr4-runtime-4.5.3.jar:/home/runner/.m2/repository/org/awaitility/awaitility/4.2.0/awaitility-4.2.0.jar:/home/runner/.m2/repository/org/hamcrest/hamcrest/2.1/hamcrest-2.1.jar:/home/runner/.m2/repository/org/apache/ozone/ozone-manager/1.5.0-SNAPSHOT/ozone-manager-1.5.0-SNAPSHOT.jar:/home/runner/.m2/repository/org/aspectj/aspectjrt/1.9.7/aspectjrt-1.9.7.jar:/home/runner/.m2/repository/org/aspectj/aspectjweaver/1.9.7/aspectjweaver-1.9.7.jar:/home/runner/.m2/repository/org/apache/ozone/hdds-interface-client/1.5.0-SNAPSHOT/hdds-interface-client-1.5.0-SNAPSHOT.jar:/home/runner/.m2/repository/org/apache/hadoop/thirdparty/hadoop-shaded-protobuf_3_7/1.1.1/hadoop-shaded-protobuf_3_7-1.1.1.jar:/home/runner/.m2/repository/org/apache/ozone/ozone-interface-storage/1.5.0-SNAPSHOT/ozone-interface-storage-1.5.0-SNAPSHOT.jar:/home/runner/.m2/repository/org/reflections/reflections/0.9.11/reflections-0.9.11.jar:/home/runner/.m2/repository/com/sun/jersey/jersey-client/1.19.4/jersey-client-1.19.4.jar:/home/runner/.m2/repository/org/codehaus/jackson/jackson-core-asl/1.9.13/jackson-core-asl-1.9.13.jar:/home/runner/.m2/repository/org/codehaus/jackson/jackson-mapper-asl/1.9.13/jackson-mapper-asl-1.9.13.jar:/home/runner/.m2/repository/org/codehaus/jackson/jackson-jaxrs/1.9.13/jackson-jaxrs-1.9.13.jar:/home/runner/.m2/repository/org/apache/ranger/ranger-intg/2.3.0/ranger-intg-2.3.0.jar:/home/runner/.m2/repository/org/apache/ranger/ranger-plugins-common/2.3.0/ranger-plugins-common-2.3.0.jar:/home/runner/.m2/repository/commons-lang/commons-lang/2.6/commons-lang-2.6.jar:/home/runner/.m2/repository/org/apache/ranger/ranger-plugins-cred/2.3.0/ranger-plugins-cred-2.3.0.jar:/home/runner/.m2/repository/org/apache/ranger/ranger-plugins-audit/2.3.0/ranger-plugins-audit-2.3.0.jar:/home/runner/.m2/repository/org/eclipse/jetty/jetty-client/9.4.53.v20231009/jetty-client-9.4.53.v20231009.jar:/home/runner/.m2/repository/org/apache/httpcomponents/httpmime/4.5.6/httpmime-4.5.6.jar:/home/runner/.m2/repository/org/apache/httpcomponents/httpcore-nio/4.4.16/httpcore-nio-4.4.16.jar:/home/runner/.m2/repository/org/apache/httpcomponents/httpasyncclient/4.1.3/httpasyncclient-4.1.3.jar:/home/runner/.m2/repository/com/carrotsearch/hppc/0.8.0/hppc-0.8.0.jar:/home/runner/.m2/repository/org/apache/orc/orc-core/1.5.8/orc-core-1.5.8.jar:/home/runner/.m2/repository/net/java/dev/jna/jna/5.2.0/jna-5.2.0.jar:/home/runner/.m2/repository/net/java/dev/jna/jna-platform/5.2.0/jna-platform-5.2.0.jar:/home/runner/.m2/repository/com/kstruct/gethostname4j/0.0.2/gethostname4j-0.0.2.jar:/home/runner/.m2/repository/org/apache/ranger/ranger-plugin-classloader/2.3.0/ranger-plugin-classloader-2.3.0.jar:/home/runner/.m2/repository/org/apache/ozone/hdds-rocks-native/1.5.0-SNAPSHOT/hdds-rocks-native-1.5.0-SNAPSHOT.jar:/home/runner/.m2/repository/org/apache/hadoop/hadoop-minikdc/3.3.6/hadoop-minikdc-3.3.6.jar:/home/runner/.m2/repository/org/apache/kerby/kerb-simplekdc/1.0.1/kerb-simplekdc-1.0.1.jar:/home/runner/.m2/repository/org/apache/kerby/kerb-client/1.0.1/kerb-client-1.0.1.jar:/home/runner/.m2/repository/org/apache/kerby/kerby-config/1.0.1/kerby-config-1.0.1.jar:/home/runner/.m2/repository/org/apache/kerby/kerb-common/1.0.1/kerb-common-1.0.1.jar:/home/runner/.m2/repository/org/apache/kerby/kerb-crypto/1.0.1/kerb-crypto-1.0.1.jar:/home/runner/.m2/repository/org/apache/kerby/kerb-util/1.0.1/kerb-util-1.0.1.jar:/home/runner/.m2/repository/org/apache/kerby/token-provider/1.0.1/token-provider-1.0.1.jar:/home/runner/.m2/repository/org/apache/kerby/kerb-admin/1.0.1/kerb-admin-1.0.1.jar:/home/runner/.m2/repository/org/apache/kerby/kerb-server/1.0.1/kerb-server-1.0.1.jar:/home/runner/.m2/repository/org/apache/kerby/kerb-identity/1.0.1/kerb-identity-1.0.1.jar:/home/runner/.m2/repository/org/apache/kerby/kerby-xdr/1.0.1/kerby-xdr-1.0.1.jar:/home/runner/.m2/repository/org/apache/ozone/ozone-s3gateway/1.5.0-SNAPSHOT/ozone-s3gateway-1.5.0-SNAPSHOT.jar:/home/runner/.m2/repository/org/javassist/javassist/3.21.0-GA/javassist-3.21.0-GA.jar:/home/runner/.m2/repository/org/jboss/weld/servlet/weld-servlet-shaded/3.1.9.Final/weld-servlet-shaded-3.1.9.Final.jar:/home/runner/.m2/repository/org/glassfish/jersey/containers/jersey-container-servlet-core/2.41/jersey-container-servlet-core-2.41.jar:/home/runner/.m2/repository/org/glassfish/hk2/external/jakarta.inject/2.6.1/jakarta.inject-2.6.1.jar:/home/runner/.m2/repository/org/glassfish/jersey/core/jersey-common/2.41/jersey-common-2.41.jar:/home/runner/.m2/repository/jakarta/ws/rs/jakarta.ws.rs-api/2.1.6/jakarta.ws.rs-api-2.1.6.jar:/home/runner/.m2/repository/org/glassfish/jersey/ext/cdi/jersey-cdi1x/2.41/jersey-cdi1x-2.41.jar:/home/runner/.m2/repository/org/glassfish/jersey/inject/jersey-hk2/2.41/jersey-hk2-2.41.jar:/home/runner/.m2/repository/org/glassfish/hk2/hk2-locator/2.6.1/hk2-locator-2.6.1.jar:/home/runner/.m2/repository/org/glassfish/jersey/media/jersey-media-jaxb/2.41/jersey-media-jaxb-2.41.jar:/home/runner/.m2/repository/org/glassfish/hk2/osgi-resource-locator/1.0.3/osgi-resource-locator-1.0.3.jar:/home/runner/.m2/repository/org/glassfish/hk2/hk2-api/2.5.0/hk2-api-2.5.0.jar:/home/runner/.m2/repository/org/glassfish/hk2/hk2-utils/2.5.0/hk2-utils-2.5.0.jar:/home/runner/.m2/repository/org/glassfish/hk2/external/aopalliance-repackaged/2.5.0/aopalliance-repackaged-2.5.0.jar:/home/runner/.m2/repository/com/fasterxml/jackson/dataformat/jackson-dataformat-xml/2.13.4/jackson-dataformat-xml-2.13.4.jar:/home/runner/.m2/repository/org/codehaus/woodstox/stax2-api/4.2.2/stax2-api-4.2.2.jar:/home/runner/.m2/repository/com/fasterxml/woodstox/woodstox-core/5.4.0/woodstox-core-5.4.0.jar:/home/runner/.m2/repository/com/fasterxml/jackson/module/jackson-module-jaxb-annotations/2.13.4/jackson-module-jaxb-annotations-2.13.4.jar:/home/runner/.m2/repository/javax/enterprise/cdi-api/2.0/cdi-api-2.0.jar:/home/runner/.m2/repository/javax/el/javax.el-api/3.0.0/javax.el-api-3.0.0.jar:/home/runner/.m2/repository/javax/interceptor/javax.interceptor-api/1.2/javax.interceptor-api-1.2.jar:/home/runner/.m2/repository/javax/inject/javax.inject/1/javax.inject-1.jar:/home/runner/.m2/repository/jakarta/xml/bind/jakarta.xml.bind-api/2.3.3/jakarta.xml.bind-api-2.3.3.jar:/home/runner/.m2/repository/org/glassfish/jaxb/jaxb-runtime/2.3.9/jaxb-runtime-2.3.9.jar:/home/runner/.m2/repository/org/glassfish/jaxb/txw2/2.3.9/txw2-2.3.9.jar:/home/runner/.m2/repository/com/sun/istack/istack-commons-runtime/3.0.12/istack-commons-runtime-3.0.12.jar:/home/runner/.m2/repository/com/sun/activation/jakarta.activation/1.2.2/jakarta.activation-1.2.2.jar:/home/runner/.m2/repository/jakarta/activation/jakarta.activation-api/1.2.2/jakarta.activation-api-1.2.2.jar:/home/runner/.m2/repository/io/grpc/grpc-protobuf/1.58.0/grpc-protobuf-1.58.0.jar:/home/runner/.m2/repository/com/google/api/grpc/proto-google-common-protos/2.22.0/proto-google-common-protos-2.22.0.jar:/home/runner/.m2/repository/io/grpc/grpc-protobuf-lite/1.58.0/grpc-protobuf-lite-1.58.0.jar:/home/runner/.m2/repository/io/grpc/grpc-stub/1.58.0/grpc-stub-1.58.0.jar:/home/runner/.m2/repository/io/netty/netty-transport/4.1.100.Final/netty-transport-4.1.100.Final.jar:/home/runner/.m2/repository/io/netty/netty-resolver/4.1.100.Final/netty-resolver-4.1.100.Final.jar:/home/runner/.m2/repository/org/apache/ozone/ozone-csi/1.5.0-SNAPSHOT/ozone-csi-1.5.0-SNAPSHOT.jar:/home/runner/.m2/repository/com/google/protobuf/protobuf-java-util/3.19.6/protobuf-java-util-3.19.6.jar:/home/runner/.m2/repository/com/google/code/gson/gson/2.9.0/gson-2.9.0.jar:/home/runner/.m2/repository/org/apache/ozone/hdds-config/1.5.0-SNAPSHOT/hdds-config-1.5.0-SNAPSHOT.jar:/home/runner/.m2/repository/io/netty/netty-transport-native-epoll/4.1.100.Final/netty-transport-native-epoll-4.1.100.Final-linux-x86_64.jar:/home/runner/.m2/repository/io/netty/netty-transport-classes-epoll/4.1.100.Final/netty-transport-classes-epoll-4.1.100.Final.jar:/home/runner/.m2/repository/io/netty/netty-transport-native-unix-common/4.1.100.Final/netty-transport-native-unix-common-4.1.100.Final.jar:/home/runner/.m2/repository/org/apache/ozone/ozone-recon/1.5.0-SNAPSHOT/ozone-recon-1.5.0-SNAPSHOT.jar:/home/runner/.m2/repository/org/apache/ozone/ozone-reconcodegen/1.5.0-SNAPSHOT/ozone-reconcodegen-1.5.0-SNAPSHOT.jar:/home/runner/.m2/repository/com/google/inject/guice/5.1.0/guice-5.1.0.jar:/home/runner/.m2/repository/aopalliance/aopalliance/1.0/aopalliance-1.0.jar:/home/runner/.m2/repository/com/google/inject/extensions/guice-assistedinject/5.1.0/guice-assistedinject-5.1.0.jar:/home/runner/.m2/repository/com/google/inject/extensions/guice-servlet/5.1.0/guice-servlet-5.1.0.jar:/home/runner/.m2/repository/org/glassfish/jersey/containers/jersey-container-servlet/2.41/jersey-container-servlet-2.41.jar:/home/runner/.m2/repository/org/glassfish/hk2/guice-bridge/2.5.0/guice-bridge-2.5.0.jar:/home/runner/.m2/repository/org/glassfish/jersey/core/jersey-server/2.41/jersey-server-2.41.jar:/home/runner/.m2/repository/org/glassfish/jersey/core/jersey-client/2.41/jersey-client-2.41.jar:/home/runner/.m2/repository/jakarta/annotation/jakarta.annotation-api/1.3.5/jakarta.annotation-api-1.3.5.jar:/home/runner/.m2/repository/jakarta/validation/jakarta.validation-api/2.0.2/jakarta.validation-api-2.0.2.jar:/home/runner/.m2/repository/org/glassfish/jersey/media/jersey-media-json-jackson/2.41/jersey-media-json-jackson-2.41.jar:/home/runner/.m2/repository/org/glassfish/jersey/ext/jersey-entity-filtering/2.41/jersey-entity-filtering-2.41.jar:/home/runner/.m2/repository/org/jooq/jooq/3.11.10/jooq-3.11.10.jar:/home/runner/.m2/repository/org/jooq/jooq-meta/3.11.10/jooq-meta-3.11.10.jar:/home/runner/.m2/repository/org/jooq/jooq-codegen/3.11.10/jooq-codegen-3.11.10.jar:/home/runner/.m2/repository/com/jolbox/bonecp/0.8.0.RELEASE/bonecp-0.8.0.RELEASE.jar:/home/runner/.m2/repository/org/apache/derby/derby/10.14.2.0/derby-10.14.2.0.jar:/home/runner/.m2/repository/org/xerial/sqlite-jdbc/3.44.1.0/sqlite-jdbc-3.44.1.0.jar:/home/runner/.m2/repository/org/springframework/spring-jdbc/5.3.27/spring-jdbc-5.3.27.jar:/home/runner/.m2/repository/org/springframework/spring-beans/5.3.27/spring-beans-5.3.27.jar:/home/runner/.m2/repository/org/springframework/spring-core/5.3.27/spring-core-5.3.27.jar:/home/runner/.m2/repository/org/springframework/spring-tx/5.3.27/spring-tx-5.3.27.jar:/home/runner/.m2/repository/org/apache/ozone/ozone-client/1.5.0-SNAPSHOT/ozone-client-1.5.0-SNAPSHOT.jar:/home/runner/.m2/repository/org/apache/ozone/hdds-erasurecode/1.5.0-SNAPSHOT/hdds-erasurecode-1.5.0-SNAPSHOT.jar:/home/runner/.m2/repository/org/apache/ozone/ozone-filesystem/1.5.0-SNAPSHOT/ozone-filesystem-1.5.0-SNAPSHOT.jar:/home/runner/.m2/repository/org/apache/ozone/ozone-filesystem-common/1.5.0-SNAPSHOT/ozone-filesystem-common-1.5.0-SNAPSHOT.jar:/home/runner/.m2/repository/org/apache/ozone/ozone-tools/1.5.0-SNAPSHOT/ozone-tools-1.5.0-SNAPSHOT.jar:/home/runner/.m2/repository/com/amazonaws/aws-java-sdk-core/1.12.261/aws-java-sdk-core-1.12.261.jar:/home/runner/.m2/repository/org/apache/httpcomponents/httpclient/4.5.13/httpclient-4.5.13.jar:/home/runner/.m2/repository/org/apache/httpcomponents/httpcore/4.4.16/httpcore-4.4.16.jar:/home/runner/.m2/repository/software/amazon/ion/ion-java/1.0.2/ion-java-1.0.2.jar:/home/runner/.m2/repository/com/fasterxml/jackson/dataformat/jackson-dataformat-cbor/2.13.4/jackson-dataformat-cbor-2.13.4.jar:/home/runner/.m2/repository/joda-time/joda-time/2.12.5/joda-time-2.12.5.jar:/home/runner/.m2/repository/com/amazonaws/aws-java-sdk-s3/1.12.261/aws-java-sdk-s3-1.12.261.jar:/home/runner/.m2/repository/com/amazonaws/aws-java-sdk-kms/1.12.261/aws-java-sdk-kms-1.12.261.jar:/home/runner/.m2/repository/com/amazonaws/jmespath-java/1.12.261/jmespath-java-1.12.261.jar:/home/runner/.m2/repository/org/kohsuke/metainf-services/metainf-services/1.8/metainf-services-1.8.jar:/home/runner/.m2/repository/org/apache/ozone/hdds-tools/1.5.0-SNAPSHOT/hdds-tools-1.5.0-SNAPSHOT.jar:/home/runner/.m2/repository/org/apache/ratis/ratis-tools/3.0.0/ratis-tools-3.0.0.jar:/home/runner/.m2/repository/commons-cli/commons-cli/1.6.0/commons-cli-1.6.0.jar:/home/runner/.m2/repository/org/apache/commons/commons-lang3/3.7/commons-lang3-3.7.jar:/home/runner/.m2/repository/org/apache/ozone/ozone-manager/1.5.0-SNAPSHOT/ozone-manager-1.5.0-SNAPSHOT-tests.jar:/home/runner/.m2/repository/org/apache/ozone/hdds-common/1.5.0-SNAPSHOT/hdds-common-1.5.0-SNAPSHOT-tests.jar:/home/runner/.m2/repository/org/apache/ozone/hdds-hadoop-dependency-client/1.5.0-SNAPSHOT/hdds-hadoop-dependency-client-1.5.0-SNAPSHOT.jar:/home/runner/.m2/repository/info/picocli/picocli/4.7.5/picocli-4.7.5.jar:/home/runner/.m2/repository/com/fasterxml/jackson/core/jackson-annotations/2.13.4/jackson-annotations-2.13.4.jar:/home/runner/.m2/repository/org/apache/ozone/hdds-annotation-processing/1.5.0-SNAPSHOT/hdds-annotation-processing-1.5.0-SNAPSHOT.jar:/home/runner/.m2/repository/javax/annotation/javax.annotation-api/1.3.2/javax.annotation-api-1.3.2.jar:/home/runner/.m2/repository/org/apache/ratis/ratis-netty/3.0.0/ratis-netty-3.0.0.jar:/home/runner/.m2/repository/org/apache/ratis/ratis-grpc/3.0.0/ratis-grpc-3.0.0.jar:/home/runner/.m2/repository/org/apache/commons/commons-pool2/2.6.0/commons-pool2-2.6.0.jar:/home/runner/.m2/repository/org/bouncycastle/bcpkix-jdk15on/1.67/bcpkix-jdk15on-1.67.jar:/home/runner/.m2/repository/commons-validator/commons-validator/1.6/commons-validator-1.6.jar:/home/runner/.m2/repository/commons-beanutils/commons-beanutils/1.9.4/commons-beanutils-1.9.4.jar:/home/runner/.m2/repository/commons-digester/commons-digester/1.8.1/commons-digester-1.8.1.jar:/home/runner/.m2/repository/commons-collections/commons-collections/3.2.2/commons-collections-3.2.2.jar:/home/runner/.m2/repository/io/jaegertracing/jaeger-client/1.6.0/jaeger-client-1.6.0.jar:/home/runner/.m2/repository/io/jaegertracing/jaeger-thrift/1.6.0/jaeger-thrift-1.6.0.jar:/home/runner/.m2/repository/org/apache/thrift/libthrift/0.14.1/libthrift-0.14.1.jar:/home/runner/.m2/repository/io/jaegertracing/jaeger-core/1.6.0/jaeger-core-1.6.0.jar:/home/runner/.m2/repository/io/jaegertracing/jaeger-tracerresolver/1.6.0/jaeger-tracerresolver-1.6.0.jar:/home/runner/.m2/repository/io/opentracing/contrib/opentracing-tracerresolver/0.1.8/opentracing-tracerresolver-0.1.8.jar:/home/runner/.m2/repository/org/jetbrains/kotlin/kotlin-stdlib/1.9.21/kotlin-stdlib-1.9.21.jar:/home/runner/.m2/repository/org/jetbrains/annotations/13.0/annotations-13.0.jar:/home/runner/.m2/repository/io/opentracing/opentracing-util/0.33.0/opentracing-util-0.33.0.jar:/home/runner/.m2/repository/io/opentracing/opentracing-api/0.33.0/opentracing-api-0.33.0.jar:/home/runner/.m2/repository/io/opentracing/opentracing-noop/0.33.0/opentracing-noop-0.33.0.jar:/home/runner/.m2/repository/org/yaml/snakeyaml/2.0/snakeyaml-2.0.jar:/home/runner/.m2/repository/io/grpc/grpc-api/1.58.0/grpc-api-1.58.0.jar:/home/runner/.m2/repository/junit/junit/4.13.1/junit-4.13.1.jar:/home/runner/.m2/repository/org/hamcrest/hamcrest-core/1.3/hamcrest-core-1.3.jar:/home/runner/.m2/repository/org/junit/jupiter/junit-jupiter-api/5.10.1/junit-jupiter-api-5.10.1.jar:/home/runner/.m2/repository/org/opentest4j/opentest4j/1.3.0/opentest4j-1.3.0.jar:/home/runner/.m2/repository/org/junit/platform/junit-platform-commons/1.10.1/junit-platform-commons-1.10.1.jar:/home/runner/.m2/repository/org/apiguardian/apiguardian-api/1.1.2/apiguardian-api-1.1.2.jar:/home/runner/.m2/repository/org/junit/jupiter/junit-jupiter-params/5.10.1/junit-jupiter-params-5.10.1.jar:/home/runner/.m2/repository/org/junit/jupiter/junit-jupiter-migrationsupport/5.10.1/junit-jupiter-migrationsupport-5.10.1.jar:/home/runner/.m2/repository/org/junit/jupiter/junit-jupiter-engine/5.10.1/junit-jupiter-engine-5.10.1.jar:/home/runner/.m2/repository/org/junit/platform/junit-platform-engine/1.10.1/junit-platform-engine-1.10.1.jar:/home/runner/.m2/repository/org/junit/vintage/junit-vintage-engine/5.10.1/junit-vintage-engine-5.10.1.jar:/home/runner/.m2/repository/org/junit/platform/junit-platform-launcher/1.10.1/junit-platform-launcher-1.10.1.jar:/home/runner/.m2/repository/org/mockito/mockito-core/3.5.9/mockito-core-3.5.9.jar:/home/runner/.m2/repository/net/bytebuddy/byte-buddy/1.10.13/byte-buddy-1.10.13.jar:/home/runner/.m2/repository/net/bytebuddy/byte-buddy-agent/1.10.13/byte-buddy-agent-1.10.13.jar:/home/runner/.m2/repository/org/objenesis/objenesis/1.0/objenesis-1.0.jar:/home/runner/.m2/repository/org/apache/hadoop/hadoop-kms/3.3.6/hadoop-kms-3.3.6.jar:/home/runner/.m2/repository/org/apache/hadoop/hadoop-auth/3.3.6/hadoop-auth-3.3.6.jar:/home/runner/.m2/repository/com/nimbusds/nimbus-jose-jwt/9.8.1/nimbus-jose-jwt-9.8.1.jar:/home/runner/.m2/repository/com/github/stephenc/jcip/jcip-annotations/1.0-1/jcip-annotations-1.0-1.jar:/home/runner/.m2/repository/org/apache/zookeeper/zookeeper/3.7.2/zookeeper-3.7.2.jar:/home/runner/.m2/repository/org/apache/zookeeper/zookeeper-jute/3.7.2/zookeeper-jute-3.7.2.jar:/home/runner/.m2/repository/org/apache/yetus/audience-annotations/0.12.0/audience-annotations-0.12.0.jar:/home/runner/.m2/repository/org/apache/curator/curator-framework/4.2.0/curator-framework-4.2.0.jar:/home/runner/.m2/repository/org/apache/hadoop/thirdparty/hadoop-shaded-guava/1.1.1/hadoop-shaded-guava-1.1.1.jar:/home/runner/.m2/repository/com/sun/jersey/jersey-core/1.19.4/jersey-core-1.19.4.jar:/home/runner/.m2/repository/javax/ws/rs/jsr311-api/1.1.1/jsr311-api-1.1.1.jar:/home/runner/.m2/repository/com/sun/jersey/jersey-server/1.19.4/jersey-server-1.19.4.jar:/home/runner/.m2/repository/javax/servlet/javax.servlet-api/3.1.0/javax.servlet-api-3.1.0.jar:/home/runner/.m2/repository/org/apache/hadoop/hadoop-common/3.3.6/hadoop-common-3.3.6.jar:/home/runner/.m2/repository/org/apache/commons/commons-math3/3.1.1/commons-math3-3.1.1.jar:/home/runner/.m2/repository/commons-net/commons-net/3.10.0/commons-net-3.10.0.jar:/home/runner/.m2/repository/com/sun/jersey/jersey-servlet/1.19.4/jersey-servlet-1.19.4.jar:/home/runner/.m2/repository/com/github/pjfanning/jersey-json/1.20/jersey-json-1.20.jar:/home/runner/.m2/repository/org/codehaus/jettison/jettison/1.1/jettison-1.1.jar:/home/runner/.m2/repository/com/sun/xml/bind/jaxb-impl/2.2.3-1/jaxb-impl-2.2.3-1.jar:/home/runner/.m2/repository/com/google/re2j/re2j/1.1/re2j-1.1.jar:/home/runner/.m2/repository/com/jcraft/jsch/0.1.54/jsch-0.1.54.jar:/home/runner/.m2/repository/org/apache/curator/curator-client/4.2.0/curator-client-4.2.0.jar:/home/runner/.m2/repository/org/apache/curator/curator-recipes/5.2.0/curator-recipes-5.2.0.jar:/home/runner/.m2/repository/org/apache/kerby/kerb-core/1.0.1/kerb-core-1.0.1.jar:/home/runner/.m2/repository/org/apache/kerby/kerby-pkix/1.0.1/kerby-pkix-1.0.1.jar:/home/runner/.m2/repository/org/apache/kerby/kerby-asn1/1.0.1/kerby-asn1-1.0.1.jar:/home/runner/.m2/repository/org/apache/kerby/kerby-util/1.0.1/kerby-util-1.0.1.jar:/home/runner/.m2/repository/dnsjava/dnsjava/2.1.7/dnsjava-2.1.7.jar:/home/runner/.m2/repository/org/xerial/snappy/snappy-java/1.1.8.2/snappy-java-1.1.8.2.jar:/home/runner/.m2/repository/com/fasterxml/jackson/core/jackson-databind/2.13.4.2/jackson-databind-2.13.4.2.jar:/home/runner/.m2/repository/org/apache/hadoop/hadoop-kms/3.3.6/hadoop-kms-3.3.6-tests.jar:/home/runner/.m2/repository/org/apache/ozone/hdds-server-scm/1.5.0-SNAPSHOT/hdds-server-scm-1.5.0-SNAPSHOT-tests.jar:/home/runner/.m2/repository/org/apache/ozone/hdds-container-service/1.5.0-SNAPSHOT/hdds-container-service-1.5.0-SNAPSHOT-tests.jar:/home/runner/.m2/repository/com/github/luben/zstd-jni/1.5.2-5/zstd-jni-1.5.2-5.jar:/home/runner/.m2/repository/commons-codec/commons-codec/1.15/commons-codec-1.15.jar:/home/runner/.m2/repository/io/netty/netty-codec/4.1.100.Final/netty-codec-4.1.100.Final.jar:/home/runner/.m2/repository/io/netty/netty-handler/4.1.100.Final/netty-handler-4.1.100.Final.jar:/home/runner/.m2/repository/org/apache/ozone/hdds-hadoop-dependency-test/1.5.0-SNAPSHOT/hdds-hadoop-dependency-test-1.5.0-SNAPSHOT.jar:/home/runner/.m2/repository/org/apache/hadoop/hadoop-common/3.3.6/hadoop-common-3.3.6-tests.jar:/home/runner/.m2/repository/org/apache/hadoop/hadoop-hdfs/3.3.6/hadoop-hdfs-3.3.6-tests.jar:/home/runner/.m2/repository/org/assertj/assertj-core/3.12.2/assertj-core-3.12.2.jar:/home/runner/.m2/repository/org/apache/hadoop/hadoop-distcp/3.3.6/hadoop-distcp-3.3.6.jar:/home/runner/.m2/repository/org/apache/hadoop/hadoop-mapreduce-client-jobclient/3.3.6/hadoop-mapreduce-client-jobclient-3.3.6.jar:/home/runner/.m2/repository/org/apache/hadoop/hadoop-mapreduce-client-common/3.3.6/hadoop-mapreduce-client-common-3.3.6.jar:/home/runner/.m2/repository/org/apache/hadoop/hadoop-yarn-common/3.3.6/hadoop-yarn-common-3.3.6.jar:/home/runner/.m2/repository/org/apache/hadoop/hadoop-yarn-api/3.3.6/hadoop-yarn-api-3.3.6.jar:/home/runner/.m2/repository/javax/xml/bind/jaxb-api/2.2.11/jaxb-api-2.2.11.jar:/home/runner/.m2/repository/com/sun/jersey/contribs/jersey-guice/1.19.4/jersey-guice-1.19.4.jar:/home/runner/.m2/repository/com/fasterxml/jackson/jaxrs/jackson-jaxrs-json-provider/2.13.4/jackson-jaxrs-json-provider-2.13.4.jar:/home/runner/.m2/repository/com/fasterxml/jackson/jaxrs/jackson-jaxrs-base/2.13.4/jackson-jaxrs-base-2.13.4.jar:/home/runner/.m2/repository/org/apache/hadoop/hadoop-yarn-client/3.3.6/hadoop-yarn-client-3.3.6.jar:/home/runner/.m2/repository/org/eclipse/jetty/websocket/websocket-client/9.4.51.v20230217/websocket-client-9.4.51.v20230217.jar:/home/runner/.m2/repository/org/eclipse/jetty/websocket/websocket-common/9.4.51.v20230217/websocket-common-9.4.51.v20230217.jar:/home/runner/.m2/repository/org/eclipse/jetty/websocket/websocket-api/9.4.51.v20230217/websocket-api-9.4.51.v20230217.jar:/home/runner/.m2/repository/org/jline/jline/3.9.0/jline-3.9.0.jar:/home/runner/.m2/repository/org/apache/hadoop/hadoop-mapreduce-client-core/3.3.6/hadoop-mapreduce-client-core-3.3.6.jar:/home/runner/.m2/repository/org/apache/avro/avro/1.7.7/avro-1.7.7.jar:/home/runner/.m2/repository/com/thoughtworks/paranamer/paranamer/2.3/paranamer-2.3.jar:/home/runner/.m2/repository/org/apache/hadoop/hadoop-annotations/3.3.6/hadoop-annotations-3.3.6.jar:/usr/lib/jvm/temurin-8-jdk-amd64/jre/../lib/tools.jar:/home/runner/.m2/repository/io/netty/netty/3.10.6.Final/netty-3.10.6.Final.jar:/home/runner/.m2/repository/org/apache/hadoop/hadoop-distcp/3.3.6/hadoop-distcp-3.3.6-tests.jar:/home/runner/.m2/repository/org/slf4j/jul-to-slf4j/1.7.36/jul-to-slf4j-1.7.36.jar:/home/runner/work/ozone/ozone/hadoop-ozone/integration-test/target/gradle-enterprise/test-listeners.jar:"/>
    <property name="java.vm.vendor" value="Temurin"/>
    <property name="sun.arch.data.model" value="64"/>
    <property name="test.build.dir" value="/home/runner/work/ozone/ozone/hadoop-ozone/integration-test/target/test-dir"/>
    <property name="test.cache.data" value=""/>
    <property name="java.vendor.url" value="https://adoptium.net/"/>
    <property name="user.timezone" value="Etc/UTC"/>
    <property name="os.name" value="Linux"/>
    <property name="java.vm.specification.version" value="1.8"/>
    <property name="test.build.data" value="/home/runner/work/ozone/ozone/hadoop-ozone/integration-test/target/test-dir"/>
    <property name="sun.java.launcher" value="SUN_STANDARD"/>
    <property name="sun.boot.library.path" value="/usr/lib/jvm/temurin-8-jdk-amd64/jre/lib/amd64"/>
    <property name="sun.java.command" value="/home/runner/work/ozone/ozone/hadoop-ozone/integration-test/target/surefire/surefirebooter-20231221090039706_91.jar /home/runner/work/ozone/ozone/hadoop-ozone/integration-test/target/surefire 2023-12-21T09-00-37_727-jvmRun1 surefire-20231221090039706_89tmp surefire_14-20231221090039706_90tmp"/>
    <property name="native.lib.tmp.dir" value="/tmp"/>
    <property name="surefire.test.class.path" value="/home/runner/work/ozone/ozone/hadoop-ozone/integration-test/target/test-classes:/home/runner/work/ozone/ozone/hadoop-ozone/integration-test/target/classes:/home/runner/.m2/repository/org/apache/ozone/ozone-common/1.5.0-SNAPSHOT/ozone-common-1.5.0-SNAPSHOT.jar:/home/runner/.m2/repository/io/grpc/grpc-netty/1.58.0/grpc-netty-1.58.0.jar:/home/runner/.m2/repository/io/grpc/grpc-core/1.58.0/grpc-core-1.58.0.jar:/home/runner/.m2/repository/com/google/android/annotations/4.1.1.4/annotations-4.1.1.4.jar:/home/runner/.m2/repository/org/codehaus/mojo/animal-sniffer-annotations/1.23/animal-sniffer-annotations-1.23.jar:/home/runner/.m2/repository/io/grpc/grpc-context/1.58.0/grpc-context-1.58.0.jar:/home/runner/.m2/repository/io/grpc/grpc-util/1.58.0/grpc-util-1.58.0.jar:/home/runner/.m2/repository/com/google/errorprone/error_prone_annotations/2.2.0/error_prone_annotations-2.2.0.jar:/home/runner/.m2/repository/io/perfmark/perfmark-api/0.26.0/perfmark-api-0.26.0.jar:/home/runner/.m2/repository/io/netty/netty-codec-http2/4.1.100.Final/netty-codec-http2-4.1.100.Final.jar:/home/runner/.m2/repository/io/netty/netty-common/4.1.100.Final/netty-common-4.1.100.Final.jar:/home/runner/.m2/repository/io/netty/netty-buffer/4.1.100.Final/netty-buffer-4.1.100.Final.jar:/home/runner/.m2/repository/io/netty/netty-codec-http/4.1.100.Final/netty-codec-http-4.1.100.Final.jar:/home/runner/.m2/repository/io/netty/netty-handler-proxy/4.1.100.Final/netty-handler-proxy-4.1.100.Final.jar:/home/runner/.m2/repository/io/netty/netty-codec-socks/4.1.100.Final/netty-codec-socks-4.1.100.Final.jar:/home/runner/.m2/repository/io/netty/netty-tcnative-boringssl-static/2.0.61.Final/netty-tcnative-boringssl-static-2.0.61.Final.jar:/home/runner/.m2/repository/io/netty/netty-tcnative-classes/2.0.61.Final/netty-tcnative-classes-2.0.61.Final.jar:/home/runner/.m2/repository/io/netty/netty-tcnative-boringssl-static/2.0.61.Final/netty-tcnative-boringssl-static-2.0.61.Final-linux-x86_64.jar:/home/runner/.m2/repository/io/netty/netty-tcnative-boringssl-static/2.0.61.Final/netty-tcnative-boringssl-static-2.0.61.Final-linux-aarch_64.jar:/home/runner/.m2/repository/io/netty/netty-tcnative-boringssl-static/2.0.61.Final/netty-tcnative-boringssl-static-2.0.61.Final-osx-x86_64.jar:/home/runner/.m2/repository/io/netty/netty-tcnative-boringssl-static/2.0.61.Final/netty-tcnative-boringssl-static-2.0.61.Final-osx-aarch_64.jar:/home/runner/.m2/repository/io/netty/netty-tcnative-boringssl-static/2.0.61.Final/netty-tcnative-boringssl-static-2.0.61.Final-windows-x86_64.jar:/home/runner/.m2/repository/org/apache/commons/commons-compress/1.21/commons-compress-1.21.jar:/home/runner/.m2/repository/org/apache/ozone/hdds-common/1.5.0-SNAPSHOT/hdds-common-1.5.0-SNAPSHOT.jar:/home/runner/.m2/repository/org/apache/ozone/hdds-client/1.5.0-SNAPSHOT/hdds-client-1.5.0-SNAPSHOT.jar:/home/runner/.m2/repository/org/apache/ozone/ozone-interface-client/1.5.0-SNAPSHOT/ozone-interface-client-1.5.0-SNAPSHOT.jar:/home/runner/.m2/repository/org/apache/hadoop/hadoop-hdfs-client/3.3.6/hadoop-hdfs-client-3.3.6.jar:/home/runner/.m2/repository/com/squareup/okhttp3/okhttp/4.12.0/okhttp-4.12.0.jar:/home/runner/.m2/repository/com/squareup/okio/okio/3.6.0/okio-3.6.0.jar:/home/runner/.m2/repository/com/squareup/okio/okio-jvm/3.6.0/okio-jvm-3.6.0.jar:/home/runner/.m2/repository/org/jetbrains/kotlin/kotlin-stdlib-jdk8/1.9.21/kotlin-stdlib-jdk8-1.9.21.jar:/home/runner/.m2/repository/org/jetbrains/kotlin/kotlin-stdlib-jdk7/1.9.21/kotlin-stdlib-jdk7-1.9.21.jar:/home/runner/.m2/repository/org/jetbrains/kotlin/kotlin-stdlib-common/1.9.21/kotlin-stdlib-common-1.9.21.jar:/home/runner/.m2/repository/org/apache/ozone/hdds-test-utils/1.5.0-SNAPSHOT/hdds-test-utils-1.5.0-SNAPSHOT.jar:/home/runner/.m2/repository/com/google/guava/guava/32.0.0-jre/guava-32.0.0-jre.jar:/home/runner/.m2/repository/com/google/guava/failureaccess/1.0.1/failureaccess-1.0.1.jar:/home/runner/.m2/repository/com/google/guava/listenablefuture/9999.0-empty-to-avoid-conflict-with-guava/listenablefuture-9999.0-empty-to-avoid-conflict-with-guava.jar:/home/runner/.m2/repository/com/google/code/findbugs/jsr305/3.0.0/jsr305-3.0.0.jar:/home/runner/.m2/repository/org/checkerframework/checker-qual/3.33.0/checker-qual-3.33.0.jar:/home/runner/.m2/repository/com/google/j2objc/j2objc-annotations/2.8/j2objc-annotations-2.8.jar:/home/runner/.m2/repository/commons-io/commons-io/2.11.0/commons-io-2.11.0.jar:/home/runner/.m2/repository/commons-logging/commons-logging/1.2/commons-logging-1.2.jar:/home/runner/.m2/repository/ch/qos/reload4j/reload4j/1.2.25/reload4j-1.2.25.jar:/home/runner/.m2/repository/org/slf4j/slf4j-api/1.7.36/slf4j-api-1.7.36.jar:/home/runner/.m2/repository/org/apache/logging/log4j/log4j-api/2.17.1/log4j-api-2.17.1.jar:/home/runner/.m2/repository/org/apache/ozone/hdds-server-scm/1.5.0-SNAPSHOT/hdds-server-scm-1.5.0-SNAPSHOT.jar:/home/runner/.m2/repository/org/apache/ozone/hdds-container-service/1.5.0-SNAPSHOT/hdds-container-service-1.5.0-SNAPSHOT.jar:/home/runner/.m2/repository/org/apache/ozone/hdds-hadoop-dependency-server/1.5.0-SNAPSHOT/hdds-hadoop-dependency-server-1.5.0-SNAPSHOT.jar:/home/runner/.m2/repository/org/apache/hadoop/hadoop-hdfs/3.3.6/hadoop-hdfs-3.3.6.jar:/home/runner/.m2/repository/commons-daemon/commons-daemon/1.0.13/commons-daemon-1.0.13.jar:/home/runner/.m2/repository/org/apache/ozone/hdds-server-framework/1.5.0-SNAPSHOT/hdds-server-framework-1.5.0-SNAPSHOT.jar:/home/runner/.m2/repository/io/dropwizard/metrics/metrics-core/3.2.4/metrics-core-3.2.4.jar:/home/runner/.m2/repository/org/apache/commons/commons-text/1.10.0/commons-text-1.10.0.jar:/home/runner/.m2/repository/org/bouncycastle/bcprov-jdk15on/1.67/bcprov-jdk15on-1.67.jar:/home/runner/.m2/repository/com/google/protobuf/protobuf-java/2.5.0/protobuf-java-2.5.0.jar:/home/runner/.m2/repository/org/apache/ozone/hdds-server-framework/1.5.0-SNAPSHOT/hdds-server-framework-1.5.0-SNAPSHOT-tests.jar:/home/runner/.m2/repository/org/apache/ozone/hdds-interface-server/1.5.0-SNAPSHOT/hdds-interface-server-1.5.0-SNAPSHOT.jar:/home/runner/.m2/repository/org/apache/ozone/hdds-interface-admin/1.5.0-SNAPSHOT/hdds-interface-admin-1.5.0-SNAPSHOT.jar:/home/runner/.m2/repository/org/apache/ozone/hdds-managed-rocksdb/1.5.0-SNAPSHOT/hdds-managed-rocksdb-1.5.0-SNAPSHOT.jar:/home/runner/.m2/repository/org/rocksdb/rocksdbjni/7.7.3/rocksdbjni-7.7.3.jar:/home/runner/.m2/repository/org/slf4j/slf4j-reload4j/1.7.36/slf4j-reload4j-1.7.36.jar:/home/runner/.m2/repository/org/apache/commons/commons-configuration2/2.1.1/commons-configuration2-2.1.1.jar:/home/runner/.m2/repository/commons-fileupload/commons-fileupload/1.5/commons-fileupload-1.5.jar:/home/runner/.m2/repository/org/apache/logging/log4j/log4j-core/2.17.1/log4j-core-2.17.1.jar:/home/runner/.m2/repository/com/lmax/disruptor/3.4.2/disruptor-3.4.2.jar:/home/runner/.m2/repository/org/eclipse/jetty/jetty-util/9.4.53.v20231009/jetty-util-9.4.53.v20231009.jar:/home/runner/.m2/repository/org/eclipse/jetty/jetty-server/9.4.53.v20231009/jetty-server-9.4.53.v20231009.jar:/home/runner/.m2/repository/org/eclipse/jetty/jetty-http/9.4.53.v20231009/jetty-http-9.4.53.v20231009.jar:/home/runner/.m2/repository/org/eclipse/jetty/jetty-io/9.4.53.v20231009/jetty-io-9.4.53.v20231009.jar:/home/runner/.m2/repository/org/eclipse/jetty/jetty-servlet/9.4.53.v20231009/jetty-servlet-9.4.53.v20231009.jar:/home/runner/.m2/repository/org/eclipse/jetty/jetty-security/9.4.53.v20231009/jetty-security-9.4.53.v20231009.jar:/home/runner/.m2/repository/org/eclipse/jetty/jetty-util-ajax/9.4.53.v20231009/jetty-util-ajax-9.4.53.v20231009.jar:/home/runner/.m2/repository/org/eclipse/jetty/jetty-webapp/9.4.53.v20231009/jetty-webapp-9.4.53.v20231009.jar:/home/runner/.m2/repository/org/eclipse/jetty/jetty-xml/9.4.53.v20231009/jetty-xml-9.4.53.v20231009.jar:/home/runner/.m2/repository/org/apache/ratis/ratis-server/3.0.0/ratis-server-3.0.0.jar:/home/runner/.m2/repository/org/apache/ratis/ratis-thirdparty-misc/1.0.5/ratis-thirdparty-misc-1.0.5.jar:/home/runner/.m2/repository/org/apache/ratis/ratis-proto/3.0.0/ratis-proto-3.0.0.jar:/home/runner/.m2/repository/org/apache/ratis/ratis-common/3.0.0/ratis-common-3.0.0.jar:/home/runner/.m2/repository/org/apache/ratis/ratis-client/3.0.0/ratis-client-3.0.0.jar:/home/runner/.m2/repository/org/apache/ratis/ratis-server-api/3.0.0/ratis-server-api-3.0.0.jar:/home/runner/.m2/repository/org/apache/ratis/ratis-metrics-api/3.0.0/ratis-metrics-api-3.0.0.jar:/home/runner/.m2/repository/org/apache/ratis/ratis-metrics-dropwizard3/3.0.0/ratis-metrics-dropwizard3-3.0.0.jar:/home/runner/.m2/repository/io/prometheus/simpleclient_dropwizard/0.7.0/simpleclient_dropwizard-0.7.0.jar:/home/runner/.m2/repository/io/prometheus/simpleclient/0.7.0/simpleclient-0.7.0.jar:/home/runner/.m2/repository/io/prometheus/simpleclient_common/0.7.0/simpleclient_common-0.7.0.jar:/home/runner/.m2/repository/com/fasterxml/jackson/datatype/jackson-datatype-jsr310/2.13.4/jackson-datatype-jsr310-2.13.4.jar:/home/runner/.m2/repository/com/fasterxml/jackson/core/jackson-core/2.13.4/jackson-core-2.13.4.jar:/home/runner/.m2/repository/org/apache/ozone/rocksdb-checkpoint-differ/1.5.0-SNAPSHOT/rocksdb-checkpoint-differ-1.5.0-SNAPSHOT.jar:/home/runner/.m2/repository/org/jgrapht/jgrapht-core/1.0.1/jgrapht-core-1.0.1.jar:/home/runner/.m2/repository/org/jgrapht/jgrapht-ext/1.0.1/jgrapht-ext-1.0.1.jar:/home/runner/.m2/repository/org/tinyjee/jgraphx/jgraphx/2.0.0.1/jgraphx-2.0.0.1.jar:/home/runner/.m2/repository/jgraph/jgraph/5.13.0.0/jgraph-5.13.0.0.jar:/home/runner/.m2/repository/org/antlr/antlr4-runtime/4.5.3/antlr4-runtime-4.5.3.jar:/home/runner/.m2/repository/org/awaitility/awaitility/4.2.0/awaitility-4.2.0.jar:/home/runner/.m2/repository/org/hamcrest/hamcrest/2.1/hamcrest-2.1.jar:/home/runner/.m2/repository/org/apache/ozone/ozone-manager/1.5.0-SNAPSHOT/ozone-manager-1.5.0-SNAPSHOT.jar:/home/runner/.m2/repository/org/aspectj/aspectjrt/1.9.7/aspectjrt-1.9.7.jar:/home/runner/.m2/repository/org/aspectj/aspectjweaver/1.9.7/aspectjweaver-1.9.7.jar:/home/runner/.m2/repository/org/apache/ozone/hdds-interface-client/1.5.0-SNAPSHOT/hdds-interface-client-1.5.0-SNAPSHOT.jar:/home/runner/.m2/repository/org/apache/hadoop/thirdparty/hadoop-shaded-protobuf_3_7/1.1.1/hadoop-shaded-protobuf_3_7-1.1.1.jar:/home/runner/.m2/repository/org/apache/ozone/ozone-interface-storage/1.5.0-SNAPSHOT/ozone-interface-storage-1.5.0-SNAPSHOT.jar:/home/runner/.m2/repository/org/reflections/reflections/0.9.11/reflections-0.9.11.jar:/home/runner/.m2/repository/com/sun/jersey/jersey-client/1.19.4/jersey-client-1.19.4.jar:/home/runner/.m2/repository/org/codehaus/jackson/jackson-core-asl/1.9.13/jackson-core-asl-1.9.13.jar:/home/runner/.m2/repository/org/codehaus/jackson/jackson-mapper-asl/1.9.13/jackson-mapper-asl-1.9.13.jar:/home/runner/.m2/repository/org/codehaus/jackson/jackson-jaxrs/1.9.13/jackson-jaxrs-1.9.13.jar:/home/runner/.m2/repository/org/apache/ranger/ranger-intg/2.3.0/ranger-intg-2.3.0.jar:/home/runner/.m2/repository/org/apache/ranger/ranger-plugins-common/2.3.0/ranger-plugins-common-2.3.0.jar:/home/runner/.m2/repository/commons-lang/commons-lang/2.6/commons-lang-2.6.jar:/home/runner/.m2/repository/org/apache/ranger/ranger-plugins-cred/2.3.0/ranger-plugins-cred-2.3.0.jar:/home/runner/.m2/repository/org/apache/ranger/ranger-plugins-audit/2.3.0/ranger-plugins-audit-2.3.0.jar:/home/runner/.m2/repository/org/eclipse/jetty/jetty-client/9.4.53.v20231009/jetty-client-9.4.53.v20231009.jar:/home/runner/.m2/repository/org/apache/httpcomponents/httpmime/4.5.6/httpmime-4.5.6.jar:/home/runner/.m2/repository/org/apache/httpcomponents/httpcore-nio/4.4.16/httpcore-nio-4.4.16.jar:/home/runner/.m2/repository/org/apache/httpcomponents/httpasyncclient/4.1.3/httpasyncclient-4.1.3.jar:/home/runner/.m2/repository/com/carrotsearch/hppc/0.8.0/hppc-0.8.0.jar:/home/runner/.m2/repository/org/apache/orc/orc-core/1.5.8/orc-core-1.5.8.jar:/home/runner/.m2/repository/net/java/dev/jna/jna/5.2.0/jna-5.2.0.jar:/home/runner/.m2/repository/net/java/dev/jna/jna-platform/5.2.0/jna-platform-5.2.0.jar:/home/runner/.m2/repository/com/kstruct/gethostname4j/0.0.2/gethostname4j-0.0.2.jar:/home/runner/.m2/repository/org/apache/ranger/ranger-plugin-classloader/2.3.0/ranger-plugin-classloader-2.3.0.jar:/home/runner/.m2/repository/org/apache/ozone/hdds-rocks-native/1.5.0-SNAPSHOT/hdds-rocks-native-1.5.0-SNAPSHOT.jar:/home/runner/.m2/repository/org/apache/hadoop/hadoop-minikdc/3.3.6/hadoop-minikdc-3.3.6.jar:/home/runner/.m2/repository/org/apache/kerby/kerb-simplekdc/1.0.1/kerb-simplekdc-1.0.1.jar:/home/runner/.m2/repository/org/apache/kerby/kerb-client/1.0.1/kerb-client-1.0.1.jar:/home/runner/.m2/repository/org/apache/kerby/kerby-config/1.0.1/kerby-config-1.0.1.jar:/home/runner/.m2/repository/org/apache/kerby/kerb-common/1.0.1/kerb-common-1.0.1.jar:/home/runner/.m2/repository/org/apache/kerby/kerb-crypto/1.0.1/kerb-crypto-1.0.1.jar:/home/runner/.m2/repository/org/apache/kerby/kerb-util/1.0.1/kerb-util-1.0.1.jar:/home/runner/.m2/repository/org/apache/kerby/token-provider/1.0.1/token-provider-1.0.1.jar:/home/runner/.m2/repository/org/apache/kerby/kerb-admin/1.0.1/kerb-admin-1.0.1.jar:/home/runner/.m2/repository/org/apache/kerby/kerb-server/1.0.1/kerb-server-1.0.1.jar:/home/runner/.m2/repository/org/apache/kerby/kerb-identity/1.0.1/kerb-identity-1.0.1.jar:/home/runner/.m2/repository/org/apache/kerby/kerby-xdr/1.0.1/kerby-xdr-1.0.1.jar:/home/runner/.m2/repository/org/apache/ozone/ozone-s3gateway/1.5.0-SNAPSHOT/ozone-s3gateway-1.5.0-SNAPSHOT.jar:/home/runner/.m2/repository/org/javassist/javassist/3.21.0-GA/javassist-3.21.0-GA.jar:/home/runner/.m2/repository/org/jboss/weld/servlet/weld-servlet-shaded/3.1.9.Final/weld-servlet-shaded-3.1.9.Final.jar:/home/runner/.m2/repository/org/glassfish/jersey/containers/jersey-container-servlet-core/2.41/jersey-container-servlet-core-2.41.jar:/home/runner/.m2/repository/org/glassfish/hk2/external/jakarta.inject/2.6.1/jakarta.inject-2.6.1.jar:/home/runner/.m2/repository/org/glassfish/jersey/core/jersey-common/2.41/jersey-common-2.41.jar:/home/runner/.m2/repository/jakarta/ws/rs/jakarta.ws.rs-api/2.1.6/jakarta.ws.rs-api-2.1.6.jar:/home/runner/.m2/repository/org/glassfish/jersey/ext/cdi/jersey-cdi1x/2.41/jersey-cdi1x-2.41.jar:/home/runner/.m2/repository/org/glassfish/jersey/inject/jersey-hk2/2.41/jersey-hk2-2.41.jar:/home/runner/.m2/repository/org/glassfish/hk2/hk2-locator/2.6.1/hk2-locator-2.6.1.jar:/home/runner/.m2/repository/org/glassfish/jersey/media/jersey-media-jaxb/2.41/jersey-media-jaxb-2.41.jar:/home/runner/.m2/repository/org/glassfish/hk2/osgi-resource-locator/1.0.3/osgi-resource-locator-1.0.3.jar:/home/runner/.m2/repository/org/glassfish/hk2/hk2-api/2.5.0/hk2-api-2.5.0.jar:/home/runner/.m2/repository/org/glassfish/hk2/hk2-utils/2.5.0/hk2-utils-2.5.0.jar:/home/runner/.m2/repository/org/glassfish/hk2/external/aopalliance-repackaged/2.5.0/aopalliance-repackaged-2.5.0.jar:/home/runner/.m2/repository/com/fasterxml/jackson/dataformat/jackson-dataformat-xml/2.13.4/jackson-dataformat-xml-2.13.4.jar:/home/runner/.m2/repository/org/codehaus/woodstox/stax2-api/4.2.2/stax2-api-4.2.2.jar:/home/runner/.m2/repository/com/fasterxml/woodstox/woodstox-core/5.4.0/woodstox-core-5.4.0.jar:/home/runner/.m2/repository/com/fasterxml/jackson/module/jackson-module-jaxb-annotations/2.13.4/jackson-module-jaxb-annotations-2.13.4.jar:/home/runner/.m2/repository/javax/enterprise/cdi-api/2.0/cdi-api-2.0.jar:/home/runner/.m2/repository/javax/el/javax.el-api/3.0.0/javax.el-api-3.0.0.jar:/home/runner/.m2/repository/javax/interceptor/javax.interceptor-api/1.2/javax.interceptor-api-1.2.jar:/home/runner/.m2/repository/javax/inject/javax.inject/1/javax.inject-1.jar:/home/runner/.m2/repository/jakarta/xml/bind/jakarta.xml.bind-api/2.3.3/jakarta.xml.bind-api-2.3.3.jar:/home/runner/.m2/repository/org/glassfish/jaxb/jaxb-runtime/2.3.9/jaxb-runtime-2.3.9.jar:/home/runner/.m2/repository/org/glassfish/jaxb/txw2/2.3.9/txw2-2.3.9.jar:/home/runner/.m2/repository/com/sun/istack/istack-commons-runtime/3.0.12/istack-commons-runtime-3.0.12.jar:/home/runner/.m2/repository/com/sun/activation/jakarta.activation/1.2.2/jakarta.activation-1.2.2.jar:/home/runner/.m2/repository/jakarta/activation/jakarta.activation-api/1.2.2/jakarta.activation-api-1.2.2.jar:/home/runner/.m2/repository/io/grpc/grpc-protobuf/1.58.0/grpc-protobuf-1.58.0.jar:/home/runner/.m2/repository/com/google/api/grpc/proto-google-common-protos/2.22.0/proto-google-common-protos-2.22.0.jar:/home/runner/.m2/repository/io/grpc/grpc-protobuf-lite/1.58.0/grpc-protobuf-lite-1.58.0.jar:/home/runner/.m2/repository/io/grpc/grpc-stub/1.58.0/grpc-stub-1.58.0.jar:/home/runner/.m2/repository/io/netty/netty-transport/4.1.100.Final/netty-transport-4.1.100.Final.jar:/home/runner/.m2/repository/io/netty/netty-resolver/4.1.100.Final/netty-resolver-4.1.100.Final.jar:/home/runner/.m2/repository/org/apache/ozone/ozone-csi/1.5.0-SNAPSHOT/ozone-csi-1.5.0-SNAPSHOT.jar:/home/runner/.m2/repository/com/google/protobuf/protobuf-java-util/3.19.6/protobuf-java-util-3.19.6.jar:/home/runner/.m2/repository/com/google/code/gson/gson/2.9.0/gson-2.9.0.jar:/home/runner/.m2/repository/org/apache/ozone/hdds-config/1.5.0-SNAPSHOT/hdds-config-1.5.0-SNAPSHOT.jar:/home/runner/.m2/repository/io/netty/netty-transport-native-epoll/4.1.100.Final/netty-transport-native-epoll-4.1.100.Final-linux-x86_64.jar:/home/runner/.m2/repository/io/netty/netty-transport-classes-epoll/4.1.100.Final/netty-transport-classes-epoll-4.1.100.Final.jar:/home/runner/.m2/repository/io/netty/netty-transport-native-unix-common/4.1.100.Final/netty-transport-native-unix-common-4.1.100.Final.jar:/home/runner/.m2/repository/org/apache/ozone/ozone-recon/1.5.0-SNAPSHOT/ozone-recon-1.5.0-SNAPSHOT.jar:/home/runner/.m2/repository/org/apache/ozone/ozone-reconcodegen/1.5.0-SNAPSHOT/ozone-reconcodegen-1.5.0-SNAPSHOT.jar:/home/runner/.m2/repository/com/google/inject/guice/5.1.0/guice-5.1.0.jar:/home/runner/.m2/repository/aopalliance/aopalliance/1.0/aopalliance-1.0.jar:/home/runner/.m2/repository/com/google/inject/extensions/guice-assistedinject/5.1.0/guice-assistedinject-5.1.0.jar:/home/runner/.m2/repository/com/google/inject/extensions/guice-servlet/5.1.0/guice-servlet-5.1.0.jar:/home/runner/.m2/repository/org/glassfish/jersey/containers/jersey-container-servlet/2.41/jersey-container-servlet-2.41.jar:/home/runner/.m2/repository/org/glassfish/hk2/guice-bridge/2.5.0/guice-bridge-2.5.0.jar:/home/runner/.m2/repository/org/glassfish/jersey/core/jersey-server/2.41/jersey-server-2.41.jar:/home/runner/.m2/repository/org/glassfish/jersey/core/jersey-client/2.41/jersey-client-2.41.jar:/home/runner/.m2/repository/jakarta/annotation/jakarta.annotation-api/1.3.5/jakarta.annotation-api-1.3.5.jar:/home/runner/.m2/repository/jakarta/validation/jakarta.validation-api/2.0.2/jakarta.validation-api-2.0.2.jar:/home/runner/.m2/repository/org/glassfish/jersey/media/jersey-media-json-jackson/2.41/jersey-media-json-jackson-2.41.jar:/home/runner/.m2/repository/org/glassfish/jersey/ext/jersey-entity-filtering/2.41/jersey-entity-filtering-2.41.jar:/home/runner/.m2/repository/org/jooq/jooq/3.11.10/jooq-3.11.10.jar:/home/runner/.m2/repository/org/jooq/jooq-meta/3.11.10/jooq-meta-3.11.10.jar:/home/runner/.m2/repository/org/jooq/jooq-codegen/3.11.10/jooq-codegen-3.11.10.jar:/home/runner/.m2/repository/com/jolbox/bonecp/0.8.0.RELEASE/bonecp-0.8.0.RELEASE.jar:/home/runner/.m2/repository/org/apache/derby/derby/10.14.2.0/derby-10.14.2.0.jar:/home/runner/.m2/repository/org/xerial/sqlite-jdbc/3.44.1.0/sqlite-jdbc-3.44.1.0.jar:/home/runner/.m2/repository/org/springframework/spring-jdbc/5.3.27/spring-jdbc-5.3.27.jar:/home/runner/.m2/repository/org/springframework/spring-beans/5.3.27/spring-beans-5.3.27.jar:/home/runner/.m2/repository/org/springframework/spring-core/5.3.27/spring-core-5.3.27.jar:/home/runner/.m2/repository/org/springframework/spring-tx/5.3.27/spring-tx-5.3.27.jar:/home/runner/.m2/repository/org/apache/ozone/ozone-client/1.5.0-SNAPSHOT/ozone-client-1.5.0-SNAPSHOT.jar:/home/runner/.m2/repository/org/apache/ozone/hdds-erasurecode/1.5.0-SNAPSHOT/hdds-erasurecode-1.5.0-SNAPSHOT.jar:/home/runner/.m2/repository/org/apache/ozone/ozone-filesystem/1.5.0-SNAPSHOT/ozone-filesystem-1.5.0-SNAPSHOT.jar:/home/runner/.m2/repository/org/apache/ozone/ozone-filesystem-common/1.5.0-SNAPSHOT/ozone-filesystem-common-1.5.0-SNAPSHOT.jar:/home/runner/.m2/repository/org/apache/ozone/ozone-tools/1.5.0-SNAPSHOT/ozone-tools-1.5.0-SNAPSHOT.jar:/home/runner/.m2/repository/com/amazonaws/aws-java-sdk-core/1.12.261/aws-java-sdk-core-1.12.261.jar:/home/runner/.m2/repository/org/apache/httpcomponents/httpclient/4.5.13/httpclient-4.5.13.jar:/home/runner/.m2/repository/org/apache/httpcomponents/httpcore/4.4.16/httpcore-4.4.16.jar:/home/runner/.m2/repository/software/amazon/ion/ion-java/1.0.2/ion-java-1.0.2.jar:/home/runner/.m2/repository/com/fasterxml/jackson/dataformat/jackson-dataformat-cbor/2.13.4/jackson-dataformat-cbor-2.13.4.jar:/home/runner/.m2/repository/joda-time/joda-time/2.12.5/joda-time-2.12.5.jar:/home/runner/.m2/repository/com/amazonaws/aws-java-sdk-s3/1.12.261/aws-java-sdk-s3-1.12.261.jar:/home/runner/.m2/repository/com/amazonaws/aws-java-sdk-kms/1.12.261/aws-java-sdk-kms-1.12.261.jar:/home/runner/.m2/repository/com/amazonaws/jmespath-java/1.12.261/jmespath-java-1.12.261.jar:/home/runner/.m2/repository/org/kohsuke/metainf-services/metainf-services/1.8/metainf-services-1.8.jar:/home/runner/.m2/repository/org/apache/ozone/hdds-tools/1.5.0-SNAPSHOT/hdds-tools-1.5.0-SNAPSHOT.jar:/home/runner/.m2/repository/org/apache/ratis/ratis-tools/3.0.0/ratis-tools-3.0.0.jar:/home/runner/.m2/repository/commons-cli/commons-cli/1.6.0/commons-cli-1.6.0.jar:/home/runner/.m2/repository/org/apache/commons/commons-lang3/3.7/commons-lang3-3.7.jar:/home/runner/.m2/repository/org/apache/ozone/ozone-manager/1.5.0-SNAPSHOT/ozone-manager-1.5.0-SNAPSHOT-tests.jar:/home/runner/.m2/repository/org/apache/ozone/hdds-common/1.5.0-SNAPSHOT/hdds-common-1.5.0-SNAPSHOT-tests.jar:/home/runner/.m2/repository/org/apache/ozone/hdds-hadoop-dependency-client/1.5.0-SNAPSHOT/hdds-hadoop-dependency-client-1.5.0-SNAPSHOT.jar:/home/runner/.m2/repository/info/picocli/picocli/4.7.5/picocli-4.7.5.jar:/home/runner/.m2/repository/com/fasterxml/jackson/core/jackson-annotations/2.13.4/jackson-annotations-2.13.4.jar:/home/runner/.m2/repository/org/apache/ozone/hdds-annotation-processing/1.5.0-SNAPSHOT/hdds-annotation-processing-1.5.0-SNAPSHOT.jar:/home/runner/.m2/repository/javax/annotation/javax.annotation-api/1.3.2/javax.annotation-api-1.3.2.jar:/home/runner/.m2/repository/org/apache/ratis/ratis-netty/3.0.0/ratis-netty-3.0.0.jar:/home/runner/.m2/repository/org/apache/ratis/ratis-grpc/3.0.0/ratis-grpc-3.0.0.jar:/home/runner/.m2/repository/org/apache/commons/commons-pool2/2.6.0/commons-pool2-2.6.0.jar:/home/runner/.m2/repository/org/bouncycastle/bcpkix-jdk15on/1.67/bcpkix-jdk15on-1.67.jar:/home/runner/.m2/repository/commons-validator/commons-validator/1.6/commons-validator-1.6.jar:/home/runner/.m2/repository/commons-beanutils/commons-beanutils/1.9.4/commons-beanutils-1.9.4.jar:/home/runner/.m2/repository/commons-digester/commons-digester/1.8.1/commons-digester-1.8.1.jar:/home/runner/.m2/repository/commons-collections/commons-collections/3.2.2/commons-collections-3.2.2.jar:/home/runner/.m2/repository/io/jaegertracing/jaeger-client/1.6.0/jaeger-client-1.6.0.jar:/home/runner/.m2/repository/io/jaegertracing/jaeger-thrift/1.6.0/jaeger-thrift-1.6.0.jar:/home/runner/.m2/repository/org/apache/thrift/libthrift/0.14.1/libthrift-0.14.1.jar:/home/runner/.m2/repository/io/jaegertracing/jaeger-core/1.6.0/jaeger-core-1.6.0.jar:/home/runner/.m2/repository/io/jaegertracing/jaeger-tracerresolver/1.6.0/jaeger-tracerresolver-1.6.0.jar:/home/runner/.m2/repository/io/opentracing/contrib/opentracing-tracerresolver/0.1.8/opentracing-tracerresolver-0.1.8.jar:/home/runner/.m2/repository/org/jetbrains/kotlin/kotlin-stdlib/1.9.21/kotlin-stdlib-1.9.21.jar:/home/runner/.m2/repository/org/jetbrains/annotations/13.0/annotations-13.0.jar:/home/runner/.m2/repository/io/opentracing/opentracing-util/0.33.0/opentracing-util-0.33.0.jar:/home/runner/.m2/repository/io/opentracing/opentracing-api/0.33.0/opentracing-api-0.33.0.jar:/home/runner/.m2/repository/io/opentracing/opentracing-noop/0.33.0/opentracing-noop-0.33.0.jar:/home/runner/.m2/repository/org/yaml/snakeyaml/2.0/snakeyaml-2.0.jar:/home/runner/.m2/repository/io/grpc/grpc-api/1.58.0/grpc-api-1.58.0.jar:/home/runner/.m2/repository/junit/junit/4.13.1/junit-4.13.1.jar:/home/runner/.m2/repository/org/hamcrest/hamcrest-core/1.3/hamcrest-core-1.3.jar:/home/runner/.m2/repository/org/junit/jupiter/junit-jupiter-api/5.10.1/junit-jupiter-api-5.10.1.jar:/home/runner/.m2/repository/org/opentest4j/opentest4j/1.3.0/opentest4j-1.3.0.jar:/home/runner/.m2/repository/org/junit/platform/junit-platform-commons/1.10.1/junit-platform-commons-1.10.1.jar:/home/runner/.m2/repository/org/apiguardian/apiguardian-api/1.1.2/apiguardian-api-1.1.2.jar:/home/runner/.m2/repository/org/junit/jupiter/junit-jupiter-params/5.10.1/junit-jupiter-params-5.10.1.jar:/home/runner/.m2/repository/org/junit/jupiter/junit-jupiter-migrationsupport/5.10.1/junit-jupiter-migrationsupport-5.10.1.jar:/home/runner/.m2/repository/org/junit/jupiter/junit-jupiter-engine/5.10.1/junit-jupiter-engine-5.10.1.jar:/home/runner/.m2/repository/org/junit/platform/junit-platform-engine/1.10.1/junit-platform-engine-1.10.1.jar:/home/runner/.m2/repository/org/junit/vintage/junit-vintage-engine/5.10.1/junit-vintage-engine-5.10.1.jar:/home/runner/.m2/repository/org/junit/platform/junit-platform-launcher/1.10.1/junit-platform-launcher-1.10.1.jar:/home/runner/.m2/repository/org/mockito/mockito-core/3.5.9/mockito-core-3.5.9.jar:/home/runner/.m2/repository/net/bytebuddy/byte-buddy/1.10.13/byte-buddy-1.10.13.jar:/home/runner/.m2/repository/net/bytebuddy/byte-buddy-agent/1.10.13/byte-buddy-agent-1.10.13.jar:/home/runner/.m2/repository/org/objenesis/objenesis/1.0/objenesis-1.0.jar:/home/runner/.m2/repository/org/apache/hadoop/hadoop-kms/3.3.6/hadoop-kms-3.3.6.jar:/home/runner/.m2/repository/org/apache/hadoop/hadoop-auth/3.3.6/hadoop-auth-3.3.6.jar:/home/runner/.m2/repository/com/nimbusds/nimbus-jose-jwt/9.8.1/nimbus-jose-jwt-9.8.1.jar:/home/runner/.m2/repository/com/github/stephenc/jcip/jcip-annotations/1.0-1/jcip-annotations-1.0-1.jar:/home/runner/.m2/repository/org/apache/zookeeper/zookeeper/3.7.2/zookeeper-3.7.2.jar:/home/runner/.m2/repository/org/apache/zookeeper/zookeeper-jute/3.7.2/zookeeper-jute-3.7.2.jar:/home/runner/.m2/repository/org/apache/yetus/audience-annotations/0.12.0/audience-annotations-0.12.0.jar:/home/runner/.m2/repository/org/apache/curator/curator-framework/4.2.0/curator-framework-4.2.0.jar:/home/runner/.m2/repository/org/apache/hadoop/thirdparty/hadoop-shaded-guava/1.1.1/hadoop-shaded-guava-1.1.1.jar:/home/runner/.m2/repository/com/sun/jersey/jersey-core/1.19.4/jersey-core-1.19.4.jar:/home/runner/.m2/repository/javax/ws/rs/jsr311-api/1.1.1/jsr311-api-1.1.1.jar:/home/runner/.m2/repository/com/sun/jersey/jersey-server/1.19.4/jersey-server-1.19.4.jar:/home/runner/.m2/repository/javax/servlet/javax.servlet-api/3.1.0/javax.servlet-api-3.1.0.jar:/home/runner/.m2/repository/org/apache/hadoop/hadoop-common/3.3.6/hadoop-common-3.3.6.jar:/home/runner/.m2/repository/org/apache/commons/commons-math3/3.1.1/commons-math3-3.1.1.jar:/home/runner/.m2/repository/commons-net/commons-net/3.10.0/commons-net-3.10.0.jar:/home/runner/.m2/repository/com/sun/jersey/jersey-servlet/1.19.4/jersey-servlet-1.19.4.jar:/home/runner/.m2/repository/com/github/pjfanning/jersey-json/1.20/jersey-json-1.20.jar:/home/runner/.m2/repository/org/codehaus/jettison/jettison/1.1/jettison-1.1.jar:/home/runner/.m2/repository/com/sun/xml/bind/jaxb-impl/2.2.3-1/jaxb-impl-2.2.3-1.jar:/home/runner/.m2/repository/com/google/re2j/re2j/1.1/re2j-1.1.jar:/home/runner/.m2/repository/com/jcraft/jsch/0.1.54/jsch-0.1.54.jar:/home/runner/.m2/repository/org/apache/curator/curator-client/4.2.0/curator-client-4.2.0.jar:/home/runner/.m2/repository/org/apache/curator/curator-recipes/5.2.0/curator-recipes-5.2.0.jar:/home/runner/.m2/repository/org/apache/kerby/kerb-core/1.0.1/kerb-core-1.0.1.jar:/home/runner/.m2/repository/org/apache/kerby/kerby-pkix/1.0.1/kerby-pkix-1.0.1.jar:/home/runner/.m2/repository/org/apache/kerby/kerby-asn1/1.0.1/kerby-asn1-1.0.1.jar:/home/runner/.m2/repository/org/apache/kerby/kerby-util/1.0.1/kerby-util-1.0.1.jar:/home/runner/.m2/repository/dnsjava/dnsjava/2.1.7/dnsjava-2.1.7.jar:/home/runner/.m2/repository/org/xerial/snappy/snappy-java/1.1.8.2/snappy-java-1.1.8.2.jar:/home/runner/.m2/repository/com/fasterxml/jackson/core/jackson-databind/2.13.4.2/jackson-databind-2.13.4.2.jar:/home/runner/.m2/repository/org/apache/hadoop/hadoop-kms/3.3.6/hadoop-kms-3.3.6-tests.jar:/home/runner/.m2/repository/org/apache/ozone/hdds-server-scm/1.5.0-SNAPSHOT/hdds-server-scm-1.5.0-SNAPSHOT-tests.jar:/home/runner/.m2/repository/org/apache/ozone/hdds-container-service/1.5.0-SNAPSHOT/hdds-container-service-1.5.0-SNAPSHOT-tests.jar:/home/runner/.m2/repository/com/github/luben/zstd-jni/1.5.2-5/zstd-jni-1.5.2-5.jar:/home/runner/.m2/repository/commons-codec/commons-codec/1.15/commons-codec-1.15.jar:/home/runner/.m2/repository/io/netty/netty-codec/4.1.100.Final/netty-codec-4.1.100.Final.jar:/home/runner/.m2/repository/io/netty/netty-handler/4.1.100.Final/netty-handler-4.1.100.Final.jar:/home/runner/.m2/repository/org/apache/ozone/hdds-hadoop-dependency-test/1.5.0-SNAPSHOT/hdds-hadoop-dependency-test-1.5.0-SNAPSHOT.jar:/home/runner/.m2/repository/org/apache/hadoop/hadoop-common/3.3.6/hadoop-common-3.3.6-tests.jar:/home/runner/.m2/repository/org/apache/hadoop/hadoop-hdfs/3.3.6/hadoop-hdfs-3.3.6-tests.jar:/home/runner/.m2/repository/org/assertj/assertj-core/3.12.2/assertj-core-3.12.2.jar:/home/runner/.m2/repository/org/apache/hadoop/hadoop-distcp/3.3.6/hadoop-distcp-3.3.6.jar:/home/runner/.m2/repository/org/apache/hadoop/hadoop-mapreduce-client-jobclient/3.3.6/hadoop-mapreduce-client-jobclient-3.3.6.jar:/home/runner/.m2/repository/org/apache/hadoop/hadoop-mapreduce-client-common/3.3.6/hadoop-mapreduce-client-common-3.3.6.jar:/home/runner/.m2/repository/org/apache/hadoop/hadoop-yarn-common/3.3.6/hadoop-yarn-common-3.3.6.jar:/home/runner/.m2/repository/org/apache/hadoop/hadoop-yarn-api/3.3.6/hadoop-yarn-api-3.3.6.jar:/home/runner/.m2/repository/javax/xml/bind/jaxb-api/2.2.11/jaxb-api-2.2.11.jar:/home/runner/.m2/repository/com/sun/jersey/contribs/jersey-guice/1.19.4/jersey-guice-1.19.4.jar:/home/runner/.m2/repository/com/fasterxml/jackson/jaxrs/jackson-jaxrs-json-provider/2.13.4/jackson-jaxrs-json-provider-2.13.4.jar:/home/runner/.m2/repository/com/fasterxml/jackson/jaxrs/jackson-jaxrs-base/2.13.4/jackson-jaxrs-base-2.13.4.jar:/home/runner/.m2/repository/org/apache/hadoop/hadoop-yarn-client/3.3.6/hadoop-yarn-client-3.3.6.jar:/home/runner/.m2/repository/org/eclipse/jetty/websocket/websocket-client/9.4.51.v20230217/websocket-client-9.4.51.v20230217.jar:/home/runner/.m2/repository/org/eclipse/jetty/websocket/websocket-common/9.4.51.v20230217/websocket-common-9.4.51.v20230217.jar:/home/runner/.m2/repository/org/eclipse/jetty/websocket/websocket-api/9.4.51.v20230217/websocket-api-9.4.51.v20230217.jar:/home/runner/.m2/repository/org/jline/jline/3.9.0/jline-3.9.0.jar:/home/runner/.m2/repository/org/apache/hadoop/hadoop-mapreduce-client-core/3.3.6/hadoop-mapreduce-client-core-3.3.6.jar:/home/runner/.m2/repository/org/apache/avro/avro/1.7.7/avro-1.7.7.jar:/home/runner/.m2/repository/com/thoughtworks/paranamer/paranamer/2.3/paranamer-2.3.jar:/home/runner/.m2/repository/org/apache/hadoop/hadoop-annotations/3.3.6/hadoop-annotations-3.3.6.jar:/usr/lib/jvm/temurin-8-jdk-amd64/jre/../lib/tools.jar:/home/runner/.m2/repository/io/netty/netty/3.10.6.Final/netty-3.10.6.Final.jar:/home/runner/.m2/repository/org/apache/hadoop/hadoop-distcp/3.3.6/hadoop-distcp-3.3.6-tests.jar:/home/runner/.m2/repository/org/slf4j/jul-to-slf4j/1.7.36/jul-to-slf4j-1.7.36.jar:/home/runner/work/ozone/ozone/hadoop-ozone/integration-test/target/gradle-enterprise/test-listeners.jar:"/>
    <property name="sun.cpu.endian" value="little"/>
    <property name="user.home" value="/home/runner"/>
    <property name="user.language" value="en"/>
    <property name="java.specification.vendor" value="Oracle Corporation"/>
    <property name="java.home" value="/usr/lib/jvm/temurin-8-jdk-amd64/jre"/>
    <property name="java.security.krb5.conf" value="/home/runner/work/ozone/ozone/hadoop-ozone/integration-test/target/test-classes/krb5.conf"/>
    <property name="file.separator" value="/"/>
    <property name="basedir" value="/home/runner/work/ozone/ozone/hadoop-ozone/integration-test"/>
    <property name="line.separator" value="&#10;"/>
    <property name="java.vm.specification.vendor" value="Oracle Corporation"/>
    <property name="java.specification.name" value="Java Platform API Specification"/>
    <property name="skip.installnpx" value="true"/>
    <property name="java.awt.graphicsenv" value="sun.awt.X11GraphicsEnvironment"/>
    <property name="surefire.fork.timeout" value="3600"/>
    <property name="surefire.real.class.path" value="/home/runner/work/ozone/ozone/hadoop-ozone/integration-test/target/surefire/surefirebooter-20231221090039706_91.jar:/home/runner/.m2/repository/org/jacoco/org.jacoco.agent/0.8.5/org.jacoco.agent-0.8.5-runtime.jar"/>
    <property name="sun.boot.class.path" value="/usr/lib/jvm/temurin-8-jdk-amd64/jre/lib/resources.jar:/usr/lib/jvm/temurin-8-jdk-amd64/jre/lib/rt.jar:/usr/lib/jvm/temurin-8-jdk-amd64/jre/lib/sunrsasign.jar:/usr/lib/jvm/temurin-8-jdk-amd64/jre/lib/jsse.jar:/usr/lib/jvm/temurin-8-jdk-amd64/jre/lib/jce.jar:/usr/lib/jvm/temurin-8-jdk-amd64/jre/lib/charsets.jar:/usr/lib/jvm/temurin-8-jdk-amd64/jre/lib/jfr.jar:/usr/lib/jvm/temurin-8-jdk-amd64/jre/classes"/>
    <property name="hadoop.log.dir" value="/home/runner/work/ozone/ozone/hadoop-ozone/integration-test/target/log"/>
    <property name="sun.management.compiler" value="HotSpot 64-Bit Tiered Compilers"/>
    <property name="java.runtime.version" value="1.8.0_392-b08"/>
    <property name="skip.npx" value="true"/>
    <property name="user.name" value="runner"/>
    <property name="java.net.preferIPv4Stack" value="true"/>
    <property name="path.separator" value=":"/>
    <property name="java.security.egd" value="file:///dev/urandom"/>
    <property name="os.version" value="5.15.0-1053-azure"/>
    <property name="java.endorsed.dirs" value="/usr/lib/jvm/temurin-8-jdk-amd64/jre/lib/endorsed"/>
    <property name="java.runtime.name" value="OpenJDK Runtime Environment"/>
    <property name="com.gradle.maven.scan.extension.test.listener.junitplatform.NestedExecutionSafeDelegatingTestExecutionListener" value="78436e2a"/>
    <property name="file.encoding" value="UTF-8"/>
    <property name="java.vm.name" value="OpenJDK 64-Bit Server VM"/>
    <property name="test.build.webapps" value=""/>
    <property name="localRepository" value="/home/runner/.m2/repository"/>
    <property name="gradle.enterprise.listener.port" value="34279"/>
    <property name="jetty.git.hash" value="27bde00a0b95a1d5bbee0eae7984f891d2d0f8c9"/>
    <property name="java.vendor.url.bug" value="https://github.com/adoptium/adoptium-support/issues"/>
    <property name="require.test.libhadoop" value=""/>
    <property name="java.io.tmpdir" value="/tmp"/>
    <property name="java.version" value="1.8.0_392"/>
    <property name="surefire.rerunFailingTestsCount" value="5"/>
    <property name="user.dir" value="/home/runner/work/ozone/ozone/hadoop-ozone/integration-test"/>
    <property name="os.arch" value="amd64"/>
    <property name="test.build.classes" value="/home/runner/work/ozone/ozone/hadoop-ozone/integration-test/target/test-classes"/>
    <property name="java.vm.specification.name" value="Java Virtual Machine Specification"/>
    <property name="java.awt.printerjob" value="sun.print.PSPrinterJob"/>
    <property name="sun.os.patch.level" value="unknown"/>
    <property name="org.apache.ratis.thirdparty.io.netty.allocator.useCacheForAllThreads" value="false"/>
    <property name="hadoop.tmp.dir" value="/home/runner/work/ozone/ozone/hadoop-ozone/integration-test/target/tmp"/>
    <property name="java.library.path" value="/usr/java/packages/lib/amd64:/usr/lib64:/lib64:/lib:/usr/lib"/>
    <property name="java.vendor" value="Temurin"/>
    <property name="java.vm.info" value="mixed mode"/>
    <property name="java.vm.version" value="25.392-b08"/>
    <property name="java.specification.maintenance.version" value="5"/>
    <property name="sun.io.unicode.encoding" value="UnicodeLittle"/>
    <property name="java.ext.dirs" value="/usr/lib/jvm/temurin-8-jdk-amd64/jre/lib/ext:/usr/java/packages/lib/ext"/>
    <property name="java.class.version" value="52.0"/>
  </properties>
  <testcase name="testWatchForCommitWithKeyWrite" classname="org.apache.hadoop.ozone.client.rpc.TestWatchForCommit" time="43.629"/>
  <testcase name="testWatchForCommitForRetryfailure" classname="org.apache.hadoop.ozone.client.rpc.TestWatchForCommit" time="37.409"/>
  <testcase name="testWatchForCommitForGroupMismatchException" classname="org.apache.hadoop.ozone.client.rpc.TestWatchForCommit" time="27.932">
    <flakyError message="org.apache.ratis.protocol.exceptions.AlreadyClosedException: SlidingWindow$Client:client-494C77217CE9-&gt;RAFT is closed." type="java.util.concurrent.ExecutionException">
      <stackTrace><![CDATA[java.util.concurrent.ExecutionException: org.apache.ratis.protocol.exceptions.AlreadyClosedException: SlidingWindow$Client:client-494C77217CE9->RAFT is closed.
	at java.util.concurrent.CompletableFuture.reportGet(CompletableFuture.java:357)
	at java.util.concurrent.CompletableFuture.get(CompletableFuture.java:1908)
	at org.apache.hadoop.ozone.client.rpc.TestWatchForCommit.testWatchForCommitForGroupMismatchException(TestWatchForCommit.java:364)
	at java.lang.reflect.Method.invoke(Method.java:498)
	at java.util.ArrayList.forEach(ArrayList.java:1259)
	at java.util.ArrayList.forEach(ArrayList.java:1259)
Caused by: org.apache.ratis.protocol.exceptions.AlreadyClosedException: SlidingWindow$Client:client-494C77217CE9->RAFT is closed.
	at org.apache.ratis.util.SlidingWindow$Client.alreadyClosed(SlidingWindow.java:406)
	at org.apache.ratis.util.SlidingWindow$Client.fail(SlidingWindow.java:394)
	at org.apache.ratis.client.impl.OrderedAsync.failAllAsyncRequests(OrderedAsync.java:149)
	at org.apache.ratis.client.impl.OrderedAsync.handleAsyncRetryFailure(OrderedAsync.java:153)
	at org.apache.ratis.client.impl.OrderedAsync.lambda$sendRequest$9(OrderedAsync.java:253)
	at java.util.concurrent.CompletableFuture.uniExceptionally(CompletableFuture.java:884)
	at java.util.concurrent.CompletableFuture$UniExceptionally.tryFire(CompletableFuture.java:866)
	at java.util.concurrent.CompletableFuture.postComplete(CompletableFuture.java:488)
	at java.util.concurrent.CompletableFuture.completeExceptionally(CompletableFuture.java:1990)
	at org.apache.ratis.grpc.client.GrpcClientProtocolClient$AsyncStreamObservers.completeReplyExceptionally(GrpcClientProtocolClient.java:394)
	at org.apache.ratis.grpc.client.GrpcClientProtocolClient$AsyncStreamObservers.access$000(GrpcClientProtocolClient.java:300)
	at org.apache.ratis.grpc.client.GrpcClientProtocolClient$AsyncStreamObservers$1.onNext(GrpcClientProtocolClient.java:314)
	at org.apache.ratis.grpc.client.GrpcClientProtocolClient$AsyncStreamObservers$1.onNext(GrpcClientProtocolClient.java:305)
	at org.apache.ratis.thirdparty.io.grpc.stub.ClientCalls$StreamObserverToCallListenerAdapter.onMessage(ClientCalls.java:468)
	at org.apache.ratis.thirdparty.io.grpc.ForwardingClientCallListener.onMessage(ForwardingClientCallListener.java:33)
	at org.apache.ratis.thirdparty.io.grpc.internal.ClientCallImpl$ClientStreamListenerImpl$1MessagesAvailable.runInternal(ClientCallImpl.java:660)
	at org.apache.ratis.thirdparty.io.grpc.internal.ClientCallImpl$ClientStreamListenerImpl$1MessagesAvailable.runInContext(ClientCallImpl.java:647)
	at org.apache.ratis.thirdparty.io.grpc.internal.ContextRunnable.run(ContextRunnable.java:37)
	at org.apache.ratis.thirdparty.io.grpc.internal.SerializingExecutor.run(SerializingExecutor.java:133)
	at java.util.concurrent.ThreadPoolExecutor.runWorker(ThreadPoolExecutor.java:1149)
	at java.util.concurrent.ThreadPoolExecutor$Worker.run(ThreadPoolExecutor.java:624)
	at java.lang.Thread.run(Thread.java:750)
Caused by: org.apache.ratis.protocol.exceptions.RaftRetryFailureException: Failed RaftClientRequest:client-494C77217CE9->32aac600-864d-469c-bbc4-bdc2d2a366d8@group-F3A27B024772, cid=55, seq=1*, Watch(0), null for 3 attempts with RequestTypeDependentRetryPolicy{WRITE->ExceptionDependentRetry(maxAttempts=2147483647; defaultPolicy=MultipleLinearRandomRetry[5x5s, 5x10s, 5x15s, 5x20s, 5x25s, 10x60s]; map={org.apache.ratis.protocol.exceptions.GroupMismatchException->NoRetry, org.apache.ratis.protocol.exceptions.NotReplicatedException->NoRetry, org.apache.ratis.protocol.exceptions.ResourceUnavailableException->org.apache.ratis.retry.ExponentialBackoffRetry@8b18b44, org.apache.ratis.protocol.exceptions.StateMachineException->NoRetry, org.apache.ratis.protocol.exceptions.TimeoutIOException->org.apache.ratis.retry.ExponentialBackoffRetry@8b18b44}), WATCH->ExceptionDependentRetry(maxAttempts=2147483647; defaultPolicy=MultipleLinearRandomRetry[5x5s, 5x10s, 5x15s, 5x20s, 5x25s, 10x60s]; map={org.apache.ratis.protocol.exceptions.GroupMismatchException->NoRetry, org.apache.ratis.protocol.exceptions.NotReplicatedException->NoRetry, org.apache.ratis.protocol.exceptions.ResourceUnavailableException->org.apache.ratis.retry.ExponentialBackoffRetry@8b18b44, org.apache.ratis.protocol.exceptions.StateMachineException->NoRetry, org.apache.ratis.protocol.exceptions.TimeoutIOException->NoRetry})}
	at org.apache.ratis.client.impl.RaftClientImpl.noMoreRetries(RaftClientImpl.java:353)
	... 19 more
Caused by: org.apache.ratis.protocol.exceptions.NotLeaderException: Server 32aac600-864d-469c-bbc4-bdc2d2a366d8@group-F3A27B024772 is not the leader b2354cd0-7648-4a6f-abf9-b9cf43c56f40|10.1.0.5:15255
	at org.apache.ratis.client.impl.ClientProtoUtils.toRaftClientReply(ClientProtoUtils.java:397)
	at org.apache.ratis.grpc.client.GrpcClientProtocolClient$AsyncStreamObservers$1.onNext(GrpcClientProtocolClient.java:310)
	... 10 more
]]></stackTrace>
      <system-out><![CDATA[2023-12-21 09:24:26,590 [main] WARN  server.ServerUtils (ServerUtils.java:getScmDbDir(155)) - ozone.scm.db.dirs is not configured. We recommend adding this setting. Falling back to ozone.metadata.dirs instead.
2023-12-21 09:24:26,593 [main] WARN  server.ServerUtils (ServerUtils.java:getScmDbDir(155)) - ozone.scm.db.dirs is not configured. We recommend adding this setting. Falling back to ozone.metadata.dirs instead.
2023-12-21 09:24:26,593 [main] INFO  ha.SCMHANodeDetails (SCMHANodeDetails.java:loadSCMHAConfig(210)) - ServiceID for StorageContainerManager is null
2023-12-21 09:24:26,593 [main] INFO  ha.SCMHANodeDetails (SCMHANodeDetails.java:loadSCMHAConfig(215)) - ozone.scm.default.service.id is not defined, falling back to ozone.scm.service.ids to find serviceID for StorageContainerManager if it is HA enabled cluster
2023-12-21 09:24:26,594 [main] WARN  utils.HAUtils (HAUtils.java:getMetaDir(339)) - ozone.scm.db.dirs is not configured. We recommend adding this setting. Falling back to ozone.metadata.dirs instead.
2023-12-21 09:24:26,594 [main] WARN  db.DBStoreBuilder (DBStoreBuilder.java:applyDBDefinition(167)) - ozone.scm.db.dirs is not configured. We recommend adding this setting. Falling back to ozone.metadata.dirs instead.
2023-12-21 09:24:26,674 [main] INFO  net.NodeSchemaLoader (NodeSchemaLoader.java:loadSchemaFromFile(129)) - Loading schema from [jar:file:/home/runner/.m2/repository/org/apache/ozone/hdds-common/1.5.0-SNAPSHOT/hdds-common-1.5.0-SNAPSHOT.jar!/network-topology-default.xml]
2023-12-21 09:24:26,674 [main] INFO  net.NodeSchemaLoader (NodeSchemaLoader.java:loadSchema(176)) - Loading network topology layer schema file
2023-12-21 09:24:26,677 [main] INFO  upgrade.AbstractLayoutVersionManager (AbstractLayoutVersionManager.java:init(83)) - Initializing Layout version manager with metadata layout = HADOOP_PRC_PORTS_IN_DATANODEDETAILS (version = 7), software layout = HADOOP_PRC_PORTS_IN_DATANODEDETAILS (version = 7)
2023-12-21 09:24:26,679 [main] INFO  ha.SequenceIdGenerator (SequenceIdGenerator.java:upgradeToSequenceId(370)) - upgrade localId to 111677748019200000
2023-12-21 09:24:26,680 [main] INFO  ha.SequenceIdGenerator (SequenceIdGenerator.java:upgradeToSequenceId(380)) - upgrade delTxnId to 0
2023-12-21 09:24:26,682 [main] INFO  ha.SequenceIdGenerator (SequenceIdGenerator.java:upgradeToSequenceId(397)) - upgrade containerId to 0
2023-12-21 09:24:26,683 [main] INFO  ha.SequenceIdGenerator (SequenceIdGenerator.java:upgradeToCertificateSequenceId(444)) - upgrade CertificateId to 2
2023-12-21 09:24:26,684 [main] INFO  ha.SequenceIdGenerator (SequenceIdGenerator.java:<init>(241)) - Init the HA SequenceIdGenerator.
2023-12-21 09:24:26,685 [main] INFO  node.SCMNodeManager (SCMNodeManager.java:<init>(173)) - Entering startup safe mode.
2023-12-21 09:24:26,685 [main] INFO  algorithms.ContainerPlacementPolicyFactory (ContainerPlacementPolicyFactory.java:getPolicyInternal(86)) - Create container placement policy of type org.apache.hadoop.hdds.scm.container.placement.algorithms.SCMContainerPlacementRackAware
2023-12-21 09:24:26,686 [main] INFO  algorithms.ContainerPlacementPolicyFactory (ContainerPlacementPolicyFactory.java:getPolicyInternal(86)) - Create container placement policy of type org.apache.hadoop.hdds.scm.container.placement.algorithms.SCMContainerPlacementRackScatter
2023-12-21 09:24:26,686 [main] INFO  pipeline.PipelineStateManagerImpl (PipelineStateManagerImpl.java:initialize(78)) - No pipeline exists in current db
2023-12-21 09:24:26,686 [main] INFO  algorithms.LeaderChoosePolicyFactory (LeaderChoosePolicyFactory.java:getPolicy(57)) - Create leader choose policy of type org.apache.hadoop.hdds.scm.pipeline.leader.choose.algorithms.MinLeaderCountChoosePolicy
2023-12-21 09:24:26,686 [main] INFO  algorithms.ContainerPlacementPolicyFactory (ContainerPlacementPolicyFactory.java:getPolicyInternal(86)) - Create container placement policy of type org.apache.hadoop.hdds.scm.container.placement.algorithms.SCMContainerPlacementRackScatter
2023-12-21 09:24:26,687 [main] INFO  ha.SCMServiceManager (SCMServiceManager.java:register(42)) - Registering service BackgroundPipelineCreator.
2023-12-21 09:24:26,687 [main] INFO  pipeline.BackgroundPipelineCreator (BackgroundPipelineCreator.java:start(127)) - Starting RatisPipelineUtilsThread.
2023-12-21 09:24:26,687 [main] INFO  BackgroundPipelineScrubber (BackgroundSCMService.java:start(68)) - Starting BackgroundPipelineScrubber Service.
2023-12-21 09:24:26,688 [main] INFO  ha.SCMServiceManager (SCMServiceManager.java:register(42)) - Registering service BackgroundPipelineScrubber.
2023-12-21 09:24:26,688 [main] INFO  ExpiredContainerReplicaOpScrubber (BackgroundSCMService.java:start(68)) - Starting ExpiredContainerReplicaOpScrubber Service.
2023-12-21 09:24:26,689 [main] INFO  ha.SCMServiceManager (SCMServiceManager.java:register(42)) - Registering service ExpiredContainerReplicaOpScrubber.
2023-12-21 09:24:26,690 [main] INFO  algorithms.PipelineChoosePolicyFactory (PipelineChoosePolicyFactory.java:createPipelineChoosePolicyFromClass(78)) - Create pipeline choose policy of type org.apache.hadoop.hdds.scm.pipeline.choose.algorithms.RandomPipelineChoosePolicy
2023-12-21 09:24:26,690 [main] INFO  algorithms.PipelineChoosePolicyFactory (PipelineChoosePolicyFactory.java:createPipelineChoosePolicyFromClass(78)) - Create pipeline choose policy of type org.apache.hadoop.hdds.scm.pipeline.choose.algorithms.RandomPipelineChoosePolicy
2023-12-21 09:24:26,690 [main] INFO  ha.SCMServiceManager (SCMServiceManager.java:register(42)) - Registering service SCMBlockDeletingService.
2023-12-21 09:24:26,691 [main] INFO  replication.ReplicationManager (ReplicationManager.java:start(294)) - Starting Replication Monitor Thread.
2023-12-21 09:24:26,692 [ReplicationMonitor] INFO  replication.ReplicationManager (ReplicationManager.java:processAll(369)) - Replication Manager is not ready to run until 3000ms after safemode exit
2023-12-21 09:24:26,692 [main] INFO  ha.SCMServiceManager (SCMServiceManager.java:register(42)) - Registering service ReplicationManager.
2023-12-21 09:24:26,692 [main] INFO  safemode.ContainerSafeModeRule (ContainerSafeModeRule.java:<init>(91)) - containers with one replica threshold count 0
2023-12-21 09:24:26,692 [main] INFO  safemode.HealthyPipelineSafeModeRule (HealthyPipelineSafeModeRule.java:initializeRule(176)) - Total pipeline count is 0, healthy pipeline threshold count is 1
2023-12-21 09:24:26,693 [main] INFO  safemode.OneReplicaPipelineSafeModeRule (OneReplicaPipelineSafeModeRule.java:initializeRule(193)) - Total pipeline count is 0, pipeline's with at least one datanode reported threshold count is 0
2023-12-21 09:24:26,693 [main] INFO  server.StorageContainerManager (StorageContainerManager.java:<init>(438)) - SCM start with adminUsers: [runner]
2023-12-21 09:24:26,693 [main] INFO  ipc.CallQueueManager (CallQueueManager.java:<init>(90)) - Using callQueue: class java.util.concurrent.LinkedBlockingQueue, queueCapacity: 2000, scheduler: class org.apache.hadoop.ipc.DefaultRpcScheduler, ipcBackoff: false.
2023-12-21 09:24:26,693 [main] INFO  ipc.Server (Server.java:<init>(1287)) - Listener at 0.0.0.0:15180
2023-12-21 09:24:26,694 [Socket Reader #1 for port 15180] INFO  ipc.Server (Server.java:run(1323)) - Starting Socket Reader #1 for port 15180
2023-12-21 09:24:26,696 [main] INFO  ipc.CallQueueManager (CallQueueManager.java:<init>(90)) - Using callQueue: class java.util.concurrent.LinkedBlockingQueue, queueCapacity: 2000, scheduler: class org.apache.hadoop.ipc.DefaultRpcScheduler, ipcBackoff: false.
2023-12-21 09:24:26,697 [main] INFO  ipc.Server (Server.java:<init>(1287)) - Listener at 0.0.0.0:15179
2023-12-21 09:24:26,697 [Socket Reader #1 for port 15179] INFO  ipc.Server (Server.java:run(1323)) - Starting Socket Reader #1 for port 15179
2023-12-21 09:24:26,698 [main] INFO  ipc.CallQueueManager (CallQueueManager.java:<init>(90)) - Using callQueue: class java.util.concurrent.LinkedBlockingQueue, queueCapacity: 2000, scheduler: class org.apache.hadoop.ipc.DefaultRpcScheduler, ipcBackoff: false.
2023-12-21 09:24:26,698 [main] INFO  ipc.Server (Server.java:<init>(1287)) - Listener at 0.0.0.0:15178
2023-12-21 09:24:26,698 [Socket Reader #1 for port 15178] INFO  ipc.Server (Server.java:run(1323)) - Starting Socket Reader #1 for port 15178
2023-12-21 09:24:26,705 [main] INFO  ha.SCMServiceManager (SCMServiceManager.java:register(42)) - Registering service ContainerBalancer.
2023-12-21 09:24:26,705 [main] INFO  server.StorageContainerManager (StorageContainerManager.java:<init>(451)) - 
Container Balancer status:
Key                            Value
Running                        false
Container Balancer Configuration values:
Key                                                Value
Threshold                                          10
Max Datanodes to Involve per Iteration(percent)    20
Max Size to Move per Iteration                     500GB
Max Size Entering Target per Iteration             26GB
Max Size Leaving Source per Iteration              26GB
Number of Iterations                               10
Time Limit for Single Container's Movement         65min
Time Limit for Single Container's Replication      50min
Interval between each Iteration                    70min
Whether to Enable Network Topology                 false
Whether to Trigger Refresh Datanode Usage Info     false
Container IDs to Exclude from Balancing            None
Datanodes Specified to be Balanced                 None
Datanodes Excluded from Balancing                  None

2023-12-21 09:24:26,705 [main] INFO  ha.SCMContext (SCMContext.java:updateSafeModeStatus(230)) - Update SafeModeStatus from SafeModeStatus{safeModeStatus=true, preCheckPassed=false} to SafeModeStatus{safeModeStatus=true, preCheckPassed=false}.
2023-12-21 09:24:26,706 [main] INFO  server.StorageContainerManager (StorageContainerManager.java:start(1519)) - StorageContainerLocationProtocol RPC server is listening at /0.0.0.0:15178
2023-12-21 09:24:26,707 [main] WARN  impl.MetricsConfig (MetricsConfig.java:loadFirst(136)) - Cannot locate configuration: tried hadoop-metrics2-storagecontainermanager.properties,hadoop-metrics2.properties
2023-12-21 09:24:26,708 [main] INFO  impl.MetricsSystemImpl (MetricsSystemImpl.java:startTimer(378)) - Scheduled Metric snapshot period at 10 second(s).
2023-12-21 09:24:26,708 [main] INFO  impl.MetricsSystemImpl (MetricsSystemImpl.java:start(191)) - StorageContainerManager metrics system started
2023-12-21 09:24:26,712 [main] INFO  impl.MetricsSinkAdapter (MetricsSinkAdapter.java:start(204)) - Sink prometheus started
2023-12-21 09:24:26,712 [main] INFO  impl.MetricsSystemImpl (MetricsSystemImpl.java:registerSink(305)) - Registered sink prometheus
2023-12-21 09:24:26,726 [main] INFO  server.SCMClientProtocolServer (SCMClientProtocolServer.java:start(201)) - RPC server for Client  is listening at /0.0.0.0:15178
2023-12-21 09:24:26,726 [IPC Server Responder] INFO  ipc.Server (Server.java:run(1562)) - IPC Server Responder: starting
2023-12-21 09:24:26,726 [IPC Server listener on 15178] INFO  ipc.Server (Server.java:run(1402)) - IPC Server listener on 15178: starting
2023-12-21 09:24:26,728 [main] INFO  server.StorageContainerManager (StorageContainerManager.java:start(1532)) - ScmBlockLocationProtocol RPC server is listening at /0.0.0.0:15179
2023-12-21 09:24:26,728 [main] INFO  server.SCMBlockProtocolServer (SCMBlockProtocolServer.java:start(159)) - RPC server for Block Protocol is listening at /0.0.0.0:15179
2023-12-21 09:24:26,728 [IPC Server listener on 15179] INFO  ipc.Server (Server.java:run(1402)) - IPC Server listener on 15179: starting
2023-12-21 09:24:26,729 [IPC Server Responder] INFO  ipc.Server (Server.java:run(1562)) - IPC Server Responder: starting
2023-12-21 09:24:26,739 [main] INFO  server.SCMDatanodeProtocolServer (SCMDatanodeProtocolServer.java:start(193)) - ScmDatanodeProtocol RPC server for DataNodes is listening at /0.0.0.0:15180
2023-12-21 09:24:26,739 [IPC Server Responder] INFO  ipc.Server (Server.java:run(1562)) - IPC Server Responder: starting
2023-12-21 09:24:26,739 [IPC Server listener on 15180] INFO  ipc.Server (Server.java:run(1402)) - IPC Server listener on 15180: starting
2023-12-21 09:24:26,741 [JvmPauseMonitor22] INFO  util.JvmPauseMonitor (JvmPauseMonitor.java:run(146)) - JvmPauseMonitor-6cb9af39-3ff6-4e1e-8923-32762e92ba8c: Started
2023-12-21 09:24:26,742 [main] INFO  http.BaseHttpServer (BaseHttpServer.java:newHttpServer2BuilderForOzone(223)) - Starting Web-server for scm at: http://0.0.0.0:15181
2023-12-21 09:24:26,742 [main] INFO  http.BaseHttpServer (BaseHttpServer.java:<init>(110)) - Hadoop Security Enabled: false Ozone Security Enabled: false Ozone HTTP Security Enabled: false 
2023-12-21 09:24:26,743 [main] WARN  server.AuthenticationFilter (AuthenticationFilter.java:constructSecretProvider(240)) - Unable to initialize FileSignerSecretProvider, falling back to use random secrets. Reason: Could not read signature secret file: /home/runner/hadoop-http-auth-signature-secret
2023-12-21 09:24:26,744 [main] INFO  http.HttpRequestLog (HttpRequestLog.java:getRequestLog(86)) - Http request log for http.requests.scm is not defined
2023-12-21 09:24:26,745 [main] INFO  http.HttpServer2 (HttpServer2.java:addGlobalFilter(1036)) - Added global filter 'safety' (class=org.apache.hadoop.hdds.server.http.HttpServer2$QuotingInputFilter)
2023-12-21 09:24:26,745 [main] INFO  http.HttpServer2 (HttpServer2.java:addFilter(1012)) - Added filter static_user_filter (class=org.apache.hadoop.http.lib.StaticUserWebFilter$StaticUserFilter) to context scm
2023-12-21 09:24:26,746 [main] INFO  http.HttpServer2 (HttpServer2.java:addFilter(1020)) - Added filter static_user_filter (class=org.apache.hadoop.http.lib.StaticUserWebFilter$StaticUserFilter) to context logs
2023-12-21 09:24:26,746 [main] INFO  http.HttpServer2 (HttpServer2.java:addFilter(1020)) - Added filter static_user_filter (class=org.apache.hadoop.http.lib.StaticUserWebFilter$StaticUserFilter) to context static
2023-12-21 09:24:26,746 [main] INFO  http.BaseHttpServer (BaseHttpServer.java:<init>(189)) - HTTP server of scm uses base directory /home/runner/work/ozone/ozone/hadoop-ozone/integration-test/target/test-dir/MiniOzoneClusterImpl-e4d55aeb-da58-408a-87dd-e45f7ef8a31a/ozone-meta/webserver
2023-12-21 09:24:26,747 [main] INFO  http.HttpServer2 (HttpServer2.java:bindListener(1236)) - Jetty bound to port 15181
2023-12-21 09:24:26,747 [main] INFO  server.Server (Server.java:doStart(375)) - jetty-9.4.53.v20231009; built: 2023-10-09T12:29:09.265Z; git: 27bde00a0b95a1d5bbee0eae7984f891d2d0f8c9; jvm 1.8.0_392-b08
2023-12-21 09:24:26,748 [main] INFO  server.session (DefaultSessionIdManager.java:doStart(334)) - DefaultSessionIdManager workerName=node0
2023-12-21 09:24:26,748 [main] INFO  server.session (DefaultSessionIdManager.java:doStart(339)) - No SessionScavenger set, using defaults
2023-12-21 09:24:26,748 [main] INFO  server.session (HouseKeeper.java:startScavenging(132)) - node0 Scavenging every 660000ms
2023-12-21 09:24:26,749 [main] INFO  handler.ContextHandler (ContextHandler.java:doStart(921)) - Started o.e.j.s.ServletContextHandler@709dc5b{logs,/logs,file:///home/runner/work/ozone/ozone/hadoop-ozone/integration-test/target/log,AVAILABLE}
2023-12-21 09:24:26,749 [main] INFO  handler.ContextHandler (ContextHandler.java:doStart(921)) - Started o.e.j.s.ServletContextHandler@6c78accb{static,/static,file:///home/runner/work/ozone/ozone/hadoop-ozone/integration-test/target/test-classes/webapps/static,AVAILABLE}
2023-12-21 09:24:26,752 [main] INFO  handler.ContextHandler (ContextHandler.java:doStart(921)) - Started o.e.j.w.WebAppContext@35a10a89{scm,/,file:///home/runner/work/ozone/ozone/hadoop-ozone/integration-test/target/test-classes/webapps/scm/,AVAILABLE}{file:/home/runner/work/ozone/ozone/hadoop-ozone/integration-test/target/test-classes/webapps/scm}
2023-12-21 09:24:26,753 [main] INFO  server.AbstractConnector (AbstractConnector.java:doStart(333)) - Started ServerConnector@25bdc068{HTTP/1.1, (http/1.1)}{0.0.0.0:15181}
2023-12-21 09:24:26,753 [main] INFO  server.Server (Server.java:doStart(415)) - Started @82159ms
2023-12-21 09:24:26,753 [main] WARN  impl.MetricsSystemImpl (MetricsSystemImpl.java:register(279)) - Sink prometheus already exists!
2023-12-21 09:24:26,754 [main] INFO  http.BaseHttpServer (BaseHttpServer.java:updateConnectorAddress(354)) - HTTP server of scm listening at http://0.0.0.0:15181
2023-12-21 09:24:26,754 [main] WARN  server.ServerUtils (ServerUtils.java:getDBPath(311)) - ozone.om.db.dirs is not configured. We recommend adding this setting. Falling back to ozone.metadata.dirs instead.
2023-12-21 09:24:26,755 [main] INFO  ha.OMHANodeDetails (OMHANodeDetails.java:loadOMHAConfig(115)) - ozone.om.internal.service.id is not defined, falling back to ozone.om.service.ids to find serviceID for OzoneManager if it is HA enabled cluster
2023-12-21 09:24:26,756 [main] INFO  ha.OMHANodeDetails (OMHANodeDetails.java:loadOMHAConfig(226)) - Configuration does not have ozone.om.address set. Falling back to the default OM address /127.0.0.1:15182
2023-12-21 09:24:26,756 [main] INFO  ha.OMHANodeDetails (OMHANodeDetails.java:getOMNodeDetailsForNonHA(254)) - OM Service ID is not set. Setting it to the default ID: omServiceIdDefault
2023-12-21 09:24:26,756 [main] INFO  ha.OMHANodeDetails (OMHANodeDetails.java:getOMNodeDetailsForNonHA(261)) - OM Node ID is not set. Setting it to the default ID: om1
2023-12-21 09:24:26,756 [main] WARN  server.ServerUtils (ServerUtils.java:getDBPath(311)) - ozone.om.db.dirs is not configured. We recommend adding this setting. Falling back to ozone.metadata.dirs instead.
2023-12-21 09:24:26,759 [main] INFO  upgrade.AbstractLayoutVersionManager (AbstractLayoutVersionManager.java:init(83)) - Initializing Layout version manager with metadata layout = QUOTA (version = 6), software layout = QUOTA (version = 6)
2023-12-21 09:24:26,796 [main] INFO  reflections.Reflections (Reflections.java:scan(232)) - Reflections took 37 ms to scan 2 urls, producing 189 keys and 524 values [using 4 cores]
2023-12-21 09:24:26,796 [main] INFO  upgrade.OMLayoutVersionManager (OMLayoutVersionManager.java:lambda$0(115)) - Skipping Upgrade Action MockOmUpgradeAction since it has been finalized.
2023-12-21 09:24:26,796 [main] INFO  upgrade.OMLayoutVersionManager (OMLayoutVersionManager.java:lambda$0(115)) - Skipping Upgrade Action QuotaRepairUpgradeAction since it has been finalized.
2023-12-21 09:24:26,797 [main] WARN  server.ServerUtils (ServerUtils.java:getDBPath(311)) - ozone.om.db.dirs is not configured. We recommend adding this setting. Falling back to ozone.metadata.dirs instead.
2023-12-21 09:24:26,797 [main] INFO  proxy.SCMBlockLocationFailoverProxyProvider (SCMBlockLocationFailoverProxyProvider.java:<init>(115)) - Created block location fail-over proxy with 1 nodes: [nodeId=scmNodeId,nodeAddress=/0.0.0.0:15179]
2023-12-21 09:24:26,800 [main] INFO  proxy.SCMBlockLocationFailoverProxyProvider (SCMBlockLocationFailoverProxyProvider.java:<init>(115)) - Created block location fail-over proxy with 1 nodes: [nodeId=scmNodeId,nodeAddress=/0.0.0.0:15179]
2023-12-21 09:24:26,805 [main] INFO  om.OzoneManager (OzoneManager.java:<init>(674)) - OM start with adminUsers: [runner]
2023-12-21 09:24:26,805 [main] WARN  server.ServerUtils (ServerUtils.java:getDBPath(311)) - ozone.om.db.dirs is not configured. We recommend adding this setting. Falling back to ozone.metadata.dirs instead.
2023-12-21 09:24:26,805 [main] INFO  helpers.OmKeyInfo (OmKeyInfo.java:getCodec(71)) - OmKeyInfo.getCodec ignorePipeline = true
2023-12-21 09:24:26,951 [main] INFO  om.OzoneManager (OzoneManager.java:instantiateServices(808)) - S3 Multi-Tenancy is disabled
2023-12-21 09:24:26,952 [main] INFO  om.OmSnapshotManager (OmSnapshotManager.java:<init>(176)) - Ozone filesystem snapshot feature is enabled.
2023-12-21 09:24:26,952 [main] WARN  server.ServerUtils (ServerUtils.java:getDBPath(311)) - ozone.om.snapshot.diff.db.dir is not configured. We recommend adding this setting. Falling back to ozone.metadata.dirs instead.
2023-12-21 09:24:26,967 [main] INFO  utils.NativeLibraryLoader (NativeLibraryLoader.java:loadLibrary(108)) - Loading Library: ozone_rocksdb_tools
2023-12-21 09:24:26,968 [main] INFO  snapshot.SnapshotDiffManager (SnapshotDiffManager.java:closeExecutorService(1688)) - Shutting down executorService: 'SstDumpToolExecutor'
2023-12-21 09:24:26,970 [main] INFO  om.OzoneManager (OzoneManager.java:addS3GVolumeToDB(4453)) - Created Volume s3v With Owner runner required for S3Gateway operations.
2023-12-21 09:24:26,970 [main] WARN  server.ServerUtils (ServerUtils.java:getDefaultRatisDirectory(323)) - Storage directory for Ratis is not configured. It is a good idea to map this to an SSD disk. Falling back to ozone.metadata.dirs
2023-12-21 09:24:26,971 [main] WARN  utils.OzoneManagerRatisUtils (OzoneManagerRatisUtils.java:getOMRatisSnapshotDirectory(473)) - ozone.om.ratis.snapshot.dir is not configured. Falling back to ozone.metadata.dirs config
2023-12-21 09:24:26,971 [main] WARN  server.ServerUtils (ServerUtils.java:getDefaultRatisDirectory(323)) - Storage directory for Ratis is not configured. It is a good idea to map this to an SSD disk. Falling back to ozone.metadata.dirs
2023-12-21 09:24:26,972 [main] INFO  ratis.OzoneManagerRatisServer (OzoneManagerRatisServer.java:<init>(168)) - Instantiating OM Ratis server with groupID: omServiceIdDefault and peers: localhost:15185
2023-12-21 09:24:26,972 [main] INFO  ratis.OzoneManagerStateMachine (OzoneManagerStateMachine.java:loadSnapshotInfoFromDB(708)) - LastAppliedIndex is set from TransactionInfo from OM DB as (t:0, i:~)
2023-12-21 09:24:26,973 [main] INFO  server.RaftServer (ConfUtils.java:logGet(46)) - raft.rpc.type = GRPC (default)
2023-12-21 09:24:26,973 [main] INFO  grpc.GrpcConfigKeys (ConfUtils.java:logFallback(53)) - raft.grpc.admin.host = null (fallback to raft.grpc.server.host)
2023-12-21 09:24:26,973 [main] INFO  grpc.GrpcConfigKeys (ConfUtils.java:logFallback(53)) - raft.grpc.admin.port = 15185 (fallback to raft.grpc.server.port)
2023-12-21 09:24:26,973 [main] INFO  grpc.GrpcConfigKeys (ConfUtils.java:logFallback(53)) - raft.grpc.client.host = null (fallback to raft.grpc.server.host)
2023-12-21 09:24:26,973 [main] INFO  grpc.GrpcConfigKeys (ConfUtils.java:logFallback(53)) - raft.grpc.client.port = 15185 (fallback to raft.grpc.server.port)
2023-12-21 09:24:26,973 [main] INFO  grpc.GrpcConfigKeys (ConfUtils.java:logGet(46)) - raft.grpc.server.host = null (default)
2023-12-21 09:24:26,973 [main] INFO  grpc.GrpcConfigKeys (ConfUtils.java:logGet(46)) - raft.grpc.server.port = 15185 (custom)
2023-12-21 09:24:26,974 [main] INFO  server.GrpcService (ConfUtils.java:logGet(46)) - raft.grpc.message.size.max = 4194304 (custom)
2023-12-21 09:24:26,974 [main] INFO  server.RaftServerConfigKeys (ConfUtils.java:logGet(46)) - raft.server.log.appender.buffer.byte-limit = 4194304 (custom)
2023-12-21 09:24:26,974 [main] INFO  server.GrpcService (ConfUtils.java:logGet(46)) - raft.grpc.flow.control.window = 1MB (=1048576) (default)
2023-12-21 09:24:26,974 [main] INFO  server.RaftServerConfigKeys (ConfUtils.java:logGet(46)) - raft.server.rpc.request.timeout = 3000ms (default)
2023-12-21 09:24:26,974 [main] INFO  grpc.GrpcConfigKeys (ConfUtils.java:logGet(46)) - raft.grpc.server.heartbeat.channel = true (default)
2023-12-21 09:24:26,974 [main] INFO  grpc.GrpcConfigKeys (ConfUtils.java:logGet(46)) - raft.grpc.server.async.request.thread.pool.cached = true (default)
2023-12-21 09:24:26,974 [main] INFO  grpc.GrpcConfigKeys (ConfUtils.java:logGet(46)) - raft.grpc.server.async.request.thread.pool.size = 32 (default)
2023-12-21 09:24:26,975 [main] INFO  impl.DataStreamServerImpl (ConfUtils.java:logGet(46)) - raft.datastream.type = DISABLED (default)
2023-12-21 09:24:26,976 [main] INFO  server.RaftServerConfigKeys (ConfUtils.java:logGet(46)) - raft.server.sleep.deviation.threshold = 300ms (default)
2023-12-21 09:24:26,976 [main] INFO  server.RaftServerConfigKeys (ConfUtils.java:logGet(46)) - raft.server.close.threshold = 60s (default)
2023-12-21 09:24:26,976 [main] INFO  server.RaftServerConfigKeys (ConfUtils.java:logGet(46)) - raft.server.leaderelection.leader.step-down.wait-time = 10s (default)
2023-12-21 09:24:26,976 [main] INFO  server.RaftServerConfigKeys (ConfUtils.java:logGet(46)) - raft.server.storage.dir = [/home/runner/work/ozone/ozone/hadoop-ozone/integration-test/target/test-dir/MiniOzoneClusterImpl-e4d55aeb-da58-408a-87dd-e45f7ef8a31a/ozone-meta/ratis] (custom)
2023-12-21 09:24:26,976 [main] INFO  server.RaftServerConfigKeys (ConfUtils.java:logGet(46)) - raft.server.threadpool.proxy.cached = true (default)
2023-12-21 09:24:26,976 [main] INFO  server.RaftServerConfigKeys (ConfUtils.java:logGet(46)) - raft.server.threadpool.proxy.size = 0 (default)
2023-12-21 09:24:26,977 [main] INFO  server.RaftServer (RaftServerProxy.java:addNew(100)) - om1: addNew group-C5BA1605619E:[om1|localhost:15185] returns group-C5BA1605619E:java.util.concurrent.CompletableFuture@6438a9e5[Not completed]
2023-12-21 09:24:26,977 [om1-groupManagement] INFO  server.RaftServer$Division (RaftServerImpl.java:<init>(256)) - om1: new RaftServerImpl for group-C5BA1605619E:[om1|localhost:15185] with OzoneManagerStateMachine:uninitialized
2023-12-21 09:24:26,977 [om1-groupManagement] INFO  server.RaftServerConfigKeys (ConfUtils.java:logGet(46)) - raft.server.rpc.timeout.min = 1s (custom)
2023-12-21 09:24:26,977 [om1-groupManagement] INFO  server.RaftServerConfigKeys (ConfUtils.java:logGet(46)) - raft.server.rpc.timeout.max = 1200ms (custom)
2023-12-21 09:24:26,977 [om1-groupManagement] INFO  server.RaftServerConfigKeys (ConfUtils.java:logGet(46)) - raft.server.rpc.sleep.time = 25ms (default)
2023-12-21 09:24:26,977 [om1-groupManagement] INFO  server.RaftServerConfigKeys (ConfUtils.java:logGet(46)) - raft.server.rpc.slowness.timeout = 120s (custom)
2023-12-21 09:24:26,977 [om1-groupManagement] INFO  server.RaftServerConfigKeys (ConfUtils.java:logGet(46)) - raft.server.leaderelection.leader.step-down.wait-time = 10s (default)
2023-12-21 09:24:26,977 [om1-groupManagement] INFO  server.RaftServerConfigKeys (ConfUtils.java:logGet(46)) - raft.server.leaderelection.member.majority-add = false (default)
2023-12-21 09:24:26,977 [om1-groupManagement] INFO  server.RaftServerConfigKeys (ConfUtils.java:logGet(46)) - raft.server.sleep.deviation.threshold = 300ms (default)
2023-12-21 09:24:26,977 [main] INFO  om.OzoneManager (OzoneManager.java:initializeRatisServer(2144)) - OzoneManager Ratis server initialized at port 15185
2023-12-21 09:24:26,977 [om1-groupManagement] INFO  server.RaftServer$Division (ServerState.java:<init>(113)) - om1@group-C5BA1605619E: ConfigurationManager, init=-1: peers:[om1|localhost:15185]|listeners:[], old=null, confs=<EMPTY_MAP>
2023-12-21 09:24:26,978 [main] INFO  om.OzoneManager (OzoneManager.java:getRpcServer(1210)) - Creating RPC Server
2023-12-21 09:24:26,978 [om1-groupManagement] INFO  server.RaftServerConfigKeys (ConfUtils.java:logGet(46)) - raft.server.notification.no-leader.timeout = 120s (custom)
2023-12-21 09:24:26,978 [om1-groupManagement] INFO  server.RaftServerConfigKeys (ConfUtils.java:logGet(46)) - raft.server.read.timeout = 10s (default)
2023-12-21 09:24:26,978 [om1-groupManagement] INFO  server.RaftServerConfigKeys (ConfUtils.java:logGet(46)) - raft.server.retrycache.expirytime = 300s (custom)
2023-12-21 09:24:26,978 [om1-groupManagement] INFO  server.RaftServerConfigKeys (ConfUtils.java:logGet(46)) - raft.server.retrycache.statistics.expirytime = 100ms (default)
2023-12-21 09:24:26,978 [om1-groupManagement] INFO  server.RaftServerConfigKeys (ConfUtils.java:logGet(46)) - raft.server.read.option = DEFAULT (default)
2023-12-21 09:24:26,978 [om1-groupManagement] INFO  server.RaftServerConfigKeys (ConfUtils.java:logGet(46)) - raft.server.read.read-after-write-consistent.write-index-cache.expiry-time = 60s (default)
2023-12-21 09:24:26,979 [om1-groupManagement] INFO  server.RaftServerConfigKeys (ConfUtils.java:logGet(46)) - raft.server.rpc.request.timeout = 3000ms (default)
2023-12-21 09:24:26,979 [om1-groupManagement] INFO  server.RaftServerConfigKeys (ConfUtils.java:logGet(46)) - raft.server.log.appender.install.snapshot.enabled = false (custom)
2023-12-21 09:24:26,979 [om1-groupManagement] INFO  server.RaftServerConfigKeys (ConfUtils.java:logGet(46)) - raft.server.threadpool.server.cached = true (default)
2023-12-21 09:24:26,979 [om1-groupManagement] INFO  server.RaftServerConfigKeys (ConfUtils.java:logGet(46)) - raft.server.threadpool.server.size = 0 (default)
2023-12-21 09:24:26,979 [om1-groupManagement] INFO  server.RaftServerConfigKeys (ConfUtils.java:logGet(46)) - raft.server.threadpool.client.cached = true (default)
2023-12-21 09:24:26,979 [om1-groupManagement] INFO  server.RaftServerConfigKeys (ConfUtils.java:logGet(46)) - raft.server.threadpool.client.size = 0 (default)
2023-12-21 09:24:27,158 [main] INFO  reflections.Reflections (Reflections.java:scan(232)) - Reflections took 179 ms to scan 20 urls, producing 72 keys and 6208 values [using 4 cores]
2023-12-21 09:24:27,159 [main] INFO  ipc.CallQueueManager (CallQueueManager.java:<init>(90)) - Using callQueue: class java.util.concurrent.LinkedBlockingQueue, queueCapacity: 2000, scheduler: class org.apache.hadoop.ipc.DefaultRpcScheduler, ipcBackoff: false.
2023-12-21 09:24:27,160 [main] INFO  ipc.Server (Server.java:<init>(1287)) - Listener at 127.0.0.1:15182
2023-12-21 09:24:27,160 [Socket Reader #1 for port 15182] INFO  ipc.Server (Server.java:run(1323)) - Starting Socket Reader #1 for port 15182
2023-12-21 09:24:27,177 [main] INFO  impl.MetricsSystemImpl (MetricsSystemImpl.java:init(158)) - OzoneManager metrics system started (again)
2023-12-21 09:24:27,184 [main] INFO  om.OzoneManager (OzoneManager.java:start(1632)) - OzoneManager RPC server is listening at localhost/127.0.0.1:15182
2023-12-21 09:24:27,184 [main] INFO  ratis.OzoneManagerRatisServer (OzoneManagerRatisServer.java:start(585)) - Starting OzoneManagerRatisServer om1 at port 15185
2023-12-21 09:24:27,184 [om1-impl-thread1] INFO  server.RaftServerConfigKeys (ConfUtils.java:logGet(46)) - raft.server.storage.free-space.min = 0MB (=0) (default)
2023-12-21 09:24:27,185 [om1-impl-thread1] INFO  server.RaftServerConfigKeys (ConfUtils.java:logGet(46)) - raft.server.log.corruption.policy = EXCEPTION (default)
2023-12-21 09:24:27,185 [om1-impl-thread1] INFO  server.RaftServerConfigKeys (ConfUtils.java:logGet(46)) - raft.server.storage.dir = [/home/runner/work/ozone/ozone/hadoop-ozone/integration-test/target/test-dir/MiniOzoneClusterImpl-e4d55aeb-da58-408a-87dd-e45f7ef8a31a/ozone-meta/ratis] (custom)
2023-12-21 09:24:27,185 [om1-impl-thread1] INFO  storage.RaftStorageDirectory (RaftStorageDirectoryImpl.java:analyzeStorage(138)) - The storage directory /home/runner/work/ozone/ozone/hadoop-ozone/integration-test/target/test-dir/MiniOzoneClusterImpl-e4d55aeb-da58-408a-87dd-e45f7ef8a31a/ozone-meta/ratis/bf265839-605b-3f16-9796-c5ba1605619e does not exist. Creating ...
2023-12-21 09:24:27,186 [om1-impl-thread1] INFO  storage.RaftStorageDirectory (RaftStorageDirectoryImpl.java:tryLock(232)) - Lock on /home/runner/work/ozone/ozone/hadoop-ozone/integration-test/target/test-dir/MiniOzoneClusterImpl-e4d55aeb-da58-408a-87dd-e45f7ef8a31a/ozone-meta/ratis/bf265839-605b-3f16-9796-c5ba1605619e/in_use.lock acquired by nodename 85023@fv-az1023-676
2023-12-21 09:24:27,187 [om1-impl-thread1] INFO  storage.RaftStorage (RaftStorageImpl.java:format(97)) - Storage directory /home/runner/work/ozone/ozone/hadoop-ozone/integration-test/target/test-dir/MiniOzoneClusterImpl-e4d55aeb-da58-408a-87dd-e45f7ef8a31a/ozone-meta/ratis/bf265839-605b-3f16-9796-c5ba1605619e has been successfully formatted.
2023-12-21 09:24:27,187 [om1-impl-thread1] INFO  server.RaftServerConfigKeys (ConfUtils.java:logGet(46)) - raft.server.log.use.memory = false (default)
2023-12-21 09:24:27,187 [om1-impl-thread1] INFO  server.RaftServerConfigKeys (ConfUtils.java:logGet(46)) - raft.server.log.purge.gap = 1000000 (custom)
2023-12-21 09:24:27,187 [om1-impl-thread1] INFO  server.RaftServerConfigKeys (ConfUtils.java:logGet(46)) - raft.server.log.appender.buffer.byte-limit = 4194304 (custom)
2023-12-21 09:24:27,187 [om1-impl-thread1] INFO  server.RaftServerConfigKeys (ConfUtils.java:logGet(46)) - raft.server.log.statemachine.data.read.timeout = 1000ms (default)
2023-12-21 09:24:27,187 [om1-impl-thread1] INFO  server.RaftServerConfigKeys (ConfUtils.java:logGet(46)) - raft.server.log.purge.preservation.log.num = 0 (default)
2023-12-21 09:24:27,188 [om1-impl-thread1] INFO  server.RaftServerConfigKeys (ConfUtils.java:logGet(46)) - raft.server.log.segment.size.max = 4194304 (custom)
2023-12-21 09:24:27,188 [om1-impl-thread1] INFO  server.RaftServerConfigKeys (ConfUtils.java:logGet(46)) - raft.server.log.segment.cache.num.max = 2 (custom)
2023-12-21 09:24:27,188 [om1-impl-thread1] INFO  server.RaftServerConfigKeys (ConfUtils.java:logGet(46)) - raft.server.log.segment.cache.size.max = 200MB (=209715200) (default)
2023-12-21 09:24:27,188 [om1-impl-thread1] INFO  server.RaftServerConfigKeys (ConfUtils.java:logGet(46)) - raft.server.log.appender.buffer.byte-limit = 4194304 (custom)
2023-12-21 09:24:27,188 [om1-impl-thread1] INFO  util.AwaitToRun (AwaitToRun.java:start(81)) - Thread[om1@group-C5BA1605619E-cacheEviction-AwaitToRun,5,main] started
2023-12-21 09:24:27,188 [om1-impl-thread1] INFO  segmented.SegmentedRaftLogWorker (SegmentedRaftLogWorker.java:<init>(184)) - new om1@group-C5BA1605619E-SegmentedRaftLogWorker for RaftStorageImpl:Storage Directory /home/runner/work/ozone/ozone/hadoop-ozone/integration-test/target/test-dir/MiniOzoneClusterImpl-e4d55aeb-da58-408a-87dd-e45f7ef8a31a/ozone-meta/ratis/bf265839-605b-3f16-9796-c5ba1605619e
2023-12-21 09:24:27,188 [om1-impl-thread1] INFO  server.RaftServerConfigKeys (ConfUtils.java:logGet(46)) - raft.server.log.queue.byte-limit = 64MB (=67108864) (default)
2023-12-21 09:24:27,188 [om1-impl-thread1] INFO  server.RaftServerConfigKeys (ConfUtils.java:logGet(46)) - raft.server.log.queue.element-limit = 4096 (default)
2023-12-21 09:24:27,188 [om1-impl-thread1] INFO  server.RaftServerConfigKeys (ConfUtils.java:logGet(46)) - raft.server.log.segment.size.max = 4194304 (custom)
2023-12-21 09:24:27,188 [om1-impl-thread1] INFO  server.RaftServerConfigKeys (ConfUtils.java:logGet(46)) - raft.server.log.preallocated.size = 4194304 (custom)
2023-12-21 09:24:27,189 [om1-impl-thread1] INFO  server.RaftServerConfigKeys (ConfUtils.java:logGet(46)) - raft.server.log.force.sync.num = 128 (default)
2023-12-21 09:24:27,189 [om1-impl-thread1] INFO  server.RaftServerConfigKeys (ConfUtils.java:logGet(46)) - raft.server.log.statemachine.data.sync = true (default)
2023-12-21 09:24:27,189 [om1-impl-thread1] INFO  server.RaftServerConfigKeys (ConfUtils.java:logGet(46)) - raft.server.log.statemachine.data.sync.timeout = 10s (default)
2023-12-21 09:24:27,189 [om1-impl-thread1] INFO  server.RaftServerConfigKeys (ConfUtils.java:logGet(46)) - raft.server.log.statemachine.data.sync.timeout.retry = -1 (default)
2023-12-21 09:24:27,189 [om1-impl-thread1] INFO  server.RaftServerConfigKeys (ConfUtils.java:logGet(46)) - raft.server.log.write.buffer.size = 4194312 (custom)
2023-12-21 09:24:27,190 [om1-impl-thread1] INFO  server.RaftServerConfigKeys (ConfUtils.java:logGet(46)) - raft.server.log.appender.buffer.byte-limit = 4194304 (custom)
2023-12-21 09:24:27,190 [om1-impl-thread1] INFO  server.RaftServerConfigKeys (ConfUtils.java:logGet(46)) - raft.server.log.unsafe-flush.enabled = false (default)
2023-12-21 09:24:27,190 [om1-impl-thread1] INFO  server.RaftServerConfigKeys (ConfUtils.java:logGet(46)) - raft.server.log.async-flush.enabled = false (default)
2023-12-21 09:24:27,190 [om1-impl-thread1] INFO  server.RaftServerConfigKeys (ConfUtils.java:logGet(46)) - raft.server.log.statemachine.data.caching.enabled = false (default)
2023-12-21 09:24:27,190 [om1-impl-thread1] INFO  segmented.SegmentedRaftLogWorker (SegmentedRaftLogWorker.java:lambda$new$0(135)) - om1@group-C5BA1605619E-SegmentedRaftLogWorker: flushIndex: setUnconditionally 0 -> -1
2023-12-21 09:24:27,190 [om1-impl-thread1] INFO  segmented.SegmentedRaftLogWorker (SegmentedRaftLogWorker.java:lambda$new$0(135)) - om1@group-C5BA1605619E-SegmentedRaftLogWorker: safeCacheEvictIndex: setUnconditionally 0 -> -1
2023-12-21 09:24:27,190 [om1-impl-thread1] INFO  server.RaftServer$Division (RaftServerImpl.java:start(392)) - om1@group-C5BA1605619E: start as a follower, conf=-1: peers:[om1|localhost:15185]|listeners:[], old=null
2023-12-21 09:24:27,190 [om1-impl-thread1] INFO  server.RaftServer$Division (RaftServerImpl.java:setRole(379)) - om1@group-C5BA1605619E: changes role from      null to FOLLOWER at term 0 for startAsFollower
2023-12-21 09:24:27,191 [om1-impl-thread1] INFO  impl.RoleInfo (RoleInfo.java:updateAndGet(139)) - om1: start om1@group-C5BA1605619E-FollowerState
2023-12-21 09:24:27,191 [om1@group-C5BA1605619E-FollowerState] INFO  server.RaftServerConfigKeys (ConfUtils.java:logFallback(53)) - raft.server.rpc.first-election.timeout.min = 1s (fallback to raft.server.rpc.timeout.min)
2023-12-21 09:24:27,191 [om1@group-C5BA1605619E-FollowerState] INFO  server.RaftServerConfigKeys (ConfUtils.java:logFallback(53)) - raft.server.rpc.first-election.timeout.max = 1200ms (fallback to raft.server.rpc.timeout.max)
2023-12-21 09:24:27,191 [om1-impl-thread1] INFO  util.JmxRegister (JmxRegister.java:tryRegister(44)) - Successfully registered JMX Bean with object name Ratis:service=RaftServer,group=group-C5BA1605619E,id=om1
2023-12-21 09:24:27,191 [om1-impl-thread1] INFO  server.RaftServerConfigKeys (ConfUtils.java:logGet(46)) - raft.server.snapshot.trigger-when-stop.enabled = true (default)
2023-12-21 09:24:27,191 [om1-impl-thread1] INFO  server.RaftServerConfigKeys (ConfUtils.java:logGet(46)) - raft.server.snapshot.auto.trigger.enabled = true (custom)
2023-12-21 09:24:27,191 [om1-impl-thread1] INFO  server.RaftServerConfigKeys (ConfUtils.java:logGet(46)) - raft.server.snapshot.auto.trigger.threshold = 400000 (default)
2023-12-21 09:24:27,191 [om1-impl-thread1] INFO  server.RaftServerConfigKeys (ConfUtils.java:logGet(46)) - raft.server.snapshot.retention.file.num = -1 (default)
2023-12-21 09:24:27,191 [om1-impl-thread1] INFO  server.RaftServerConfigKeys (ConfUtils.java:logGet(46)) - raft.server.log.purge.upto.snapshot.index = true (custom)
2023-12-21 09:24:27,192 [main] INFO  server.RaftServer (RaftServerProxy.java:startImpl(406)) - om1: start RPC server
2023-12-21 09:24:27,193 [main] INFO  server.GrpcService (GrpcService.java:startImpl(302)) - om1: GrpcService started, listening on 15185
2023-12-21 09:24:27,194 [JvmPauseMonitor23] INFO  util.JvmPauseMonitor (JvmPauseMonitor.java:run(146)) - JvmPauseMonitor-om1: Started
2023-12-21 09:24:27,194 [main] INFO  om.OzoneManager (OzoneManager.java:start(1648)) - Version File has different layout version (6) than OM DB (null). That is expected if this OM has never been finalized to a newer layout version.
2023-12-21 09:24:27,197 [main] INFO  http.BaseHttpServer (BaseHttpServer.java:newHttpServer2BuilderForOzone(223)) - Starting Web-server for ozoneManager at: http://0.0.0.0:15183
2023-12-21 09:24:27,197 [main] INFO  http.BaseHttpServer (BaseHttpServer.java:<init>(110)) - Hadoop Security Enabled: false Ozone Security Enabled: false Ozone HTTP Security Enabled: false 
2023-12-21 09:24:27,198 [main] WARN  server.AuthenticationFilter (AuthenticationFilter.java:constructSecretProvider(240)) - Unable to initialize FileSignerSecretProvider, falling back to use random secrets. Reason: Could not read signature secret file: /home/runner/hadoop-http-auth-signature-secret
2023-12-21 09:24:27,199 [main] INFO  http.HttpRequestLog (HttpRequestLog.java:getRequestLog(86)) - Http request log for http.requests.ozoneManager is not defined
2023-12-21 09:24:27,200 [main] INFO  http.HttpServer2 (HttpServer2.java:addGlobalFilter(1036)) - Added global filter 'safety' (class=org.apache.hadoop.hdds.server.http.HttpServer2$QuotingInputFilter)
2023-12-21 09:24:27,200 [main] INFO  http.HttpServer2 (HttpServer2.java:addFilter(1012)) - Added filter static_user_filter (class=org.apache.hadoop.http.lib.StaticUserWebFilter$StaticUserFilter) to context ozoneManager
2023-12-21 09:24:27,200 [main] INFO  http.HttpServer2 (HttpServer2.java:addFilter(1020)) - Added filter static_user_filter (class=org.apache.hadoop.http.lib.StaticUserWebFilter$StaticUserFilter) to context static
2023-12-21 09:24:27,200 [main] INFO  http.HttpServer2 (HttpServer2.java:addFilter(1020)) - Added filter static_user_filter (class=org.apache.hadoop.http.lib.StaticUserWebFilter$StaticUserFilter) to context logs
2023-12-21 09:24:27,201 [main] INFO  http.BaseHttpServer (BaseHttpServer.java:<init>(189)) - HTTP server of ozoneManager uses base directory /home/runner/work/ozone/ozone/hadoop-ozone/integration-test/target/test-dir/MiniOzoneClusterImpl-e4d55aeb-da58-408a-87dd-e45f7ef8a31a/ozone-meta/webserver
2023-12-21 09:24:27,201 [main] INFO  http.HttpServer2 (HttpServer2.java:bindListener(1236)) - Jetty bound to port 15183
2023-12-21 09:24:27,201 [main] INFO  server.Server (Server.java:doStart(375)) - jetty-9.4.53.v20231009; built: 2023-10-09T12:29:09.265Z; git: 27bde00a0b95a1d5bbee0eae7984f891d2d0f8c9; jvm 1.8.0_392-b08
2023-12-21 09:24:27,202 [main] INFO  server.session (DefaultSessionIdManager.java:doStart(334)) - DefaultSessionIdManager workerName=node0
2023-12-21 09:24:27,202 [main] INFO  server.session (DefaultSessionIdManager.java:doStart(339)) - No SessionScavenger set, using defaults
2023-12-21 09:24:27,202 [main] INFO  server.session (HouseKeeper.java:startScavenging(132)) - node0 Scavenging every 660000ms
2023-12-21 09:24:27,203 [main] INFO  handler.ContextHandler (ContextHandler.java:doStart(921)) - Started o.e.j.s.ServletContextHandler@4162a6df{logs,/logs,file:///home/runner/work/ozone/ozone/hadoop-ozone/integration-test/target/log,AVAILABLE}
2023-12-21 09:24:27,203 [main] INFO  handler.ContextHandler (ContextHandler.java:doStart(921)) - Started o.e.j.s.ServletContextHandler@49320933{static,/static,file:///home/runner/work/ozone/ozone/hadoop-ozone/integration-test/target/test-classes/webapps/static,AVAILABLE}
2023-12-21 09:24:27,205 [main] INFO  handler.ContextHandler (ContextHandler.java:doStart(921)) - Started o.e.j.w.WebAppContext@2eb6ac72{ozoneManager,/,file:///home/runner/work/ozone/ozone/hadoop-ozone/integration-test/target/test-classes/webapps/ozoneManager/,AVAILABLE}{file:/home/runner/work/ozone/ozone/hadoop-ozone/integration-test/target/test-classes/webapps/ozoneManager}
2023-12-21 09:24:27,206 [main] INFO  server.AbstractConnector (AbstractConnector.java:doStart(333)) - Started ServerConnector@46efc077{HTTP/1.1, (http/1.1)}{0.0.0.0:15183}
2023-12-21 09:24:27,206 [main] INFO  server.Server (Server.java:doStart(415)) - Started @82612ms
2023-12-21 09:24:27,206 [main] WARN  impl.MetricsSystemImpl (MetricsSystemImpl.java:register(279)) - Sink prometheus already exists!
2023-12-21 09:24:27,206 [main] INFO  http.BaseHttpServer (BaseHttpServer.java:updateConnectorAddress(354)) - HTTP server of ozoneManager listening at http://0.0.0.0:15183
2023-12-21 09:24:27,207 [IPC Server Responder] INFO  ipc.Server (Server.java:run(1562)) - IPC Server Responder: starting
2023-12-21 09:24:27,207 [IPC Server listener on 15182] INFO  ipc.Server (Server.java:run(1402)) - IPC Server listener on 15182: starting
2023-12-21 09:24:27,212 [main] INFO  om.OzoneManager (OzoneManager.java:startTrashEmptier(2097)) - Trash Interval set to 0. Files deleted won't move to trash
2023-12-21 09:24:27,225 [main] WARN  dropwizard3.Dm3MetricRegistriesImpl (Dm3MetricRegistriesImpl.java:addReporterRegistration(113)) - New reporters are added after registries were created. Some metrics will be missing from the reporter. Please add reporter before adding any new registry.
2023-12-21 09:24:27,225 [main] WARN  dropwizard3.Dm3MetricRegistriesImpl (Dm3MetricRegistriesImpl.java:addReporterRegistration(113)) - New reporters are added after registries were created. Some metrics will be missing from the reporter. Please add reporter before adding any new registry.
2023-12-21 09:24:27,225 [main] INFO  impl.MetricsSystemImpl (MetricsSystemImpl.java:init(158)) - HddsDatanode metrics system started (again)
2023-12-21 09:24:27,233 [main] INFO  ozone.HddsDatanodeService (HddsDatanodeService.java:start(239)) - HddsDatanodeService host:fv-az1023-676 ip:10.1.0.5
2023-12-21 09:24:27,250 [main] INFO  upgrade.AbstractLayoutVersionManager (AbstractLayoutVersionManager.java:init(83)) - Initializing Layout version manager with metadata layout = HADOOP_PRC_PORTS_IN_DATANODEDETAILS (version = 7), software layout = HADOOP_PRC_PORTS_IN_DATANODEDETAILS (version = 7)
2023-12-21 09:24:27,250 [main] INFO  statemachine.DatanodeStateMachine (DatanodeStateMachine.java:getEndPointTaskThreadPoolSize(299)) - Datanode State Machine Task Thread Pool size 2
2023-12-21 09:24:27,252 [main] ERROR lib.MethodMetric (MethodMetric.java:snapshot(117)) - Error invoking method getCommitted
java.lang.reflect.InvocationTargetException
	at sun.reflect.GeneratedMethodAccessor52.invoke(Unknown Source)
	at sun.reflect.DelegatingMethodAccessorImpl.invoke(DelegatingMethodAccessorImpl.java:43)
	at java.lang.reflect.Method.invoke(Method.java:498)
	at org.apache.hadoop.metrics2.lib.MethodMetric$2.snapshot(MethodMetric.java:111)
	at org.apache.hadoop.metrics2.lib.MethodMetric.snapshot(MethodMetric.java:142)
	at org.apache.hadoop.metrics2.lib.MetricsRegistry.snapshot(MetricsRegistry.java:447)
	at org.apache.hadoop.metrics2.lib.MetricsSourceBuilder$1.getMetrics(MetricsSourceBuilder.java:89)
	at org.apache.hadoop.metrics2.impl.MetricsSourceAdapter.getMetrics(MetricsSourceAdapter.java:200)
	at org.apache.hadoop.metrics2.impl.MetricsSourceAdapter.updateJmxCache(MetricsSourceAdapter.java:183)
	at org.apache.hadoop.metrics2.impl.MetricsSourceAdapter.getMBeanInfo(MetricsSourceAdapter.java:156)
	at com.sun.jmx.interceptor.DefaultMBeanServerInterceptor.getNewMBeanClassName(DefaultMBeanServerInterceptor.java:333)
	at com.sun.jmx.interceptor.DefaultMBeanServerInterceptor.registerMBean(DefaultMBeanServerInterceptor.java:319)
	at com.sun.jmx.mbeanserver.JmxMBeanServer.registerMBean(JmxMBeanServer.java:522)
	at org.apache.hadoop.metrics2.util.MBeans.register(MBeans.java:100)
	at org.apache.hadoop.metrics2.util.MBeans.register(MBeans.java:73)
	at org.apache.hadoop.metrics2.impl.MetricsSourceAdapter.startMBeans(MetricsSourceAdapter.java:222)
	at org.apache.hadoop.metrics2.impl.MetricsSourceAdapter.start(MetricsSourceAdapter.java:101)
	at org.apache.hadoop.metrics2.impl.MetricsSystemImpl.registerSource(MetricsSystemImpl.java:268)
	at org.apache.hadoop.metrics2.impl.MetricsSystemImpl.register(MetricsSystemImpl.java:233)
	at org.apache.hadoop.ozone.container.common.volume.VolumeInfoMetrics.init(VolumeInfoMetrics.java:50)
	at org.apache.hadoop.ozone.container.common.volume.VolumeInfoMetrics.<init>(VolumeInfoMetrics.java:45)
	at org.apache.hadoop.ozone.container.common.volume.HddsVolume.<init>(HddsVolume.java:123)
	at org.apache.hadoop.ozone.container.common.volume.HddsVolume.<init>(HddsVolume.java:71)
	at org.apache.hadoop.ozone.container.common.volume.HddsVolume$Builder.build(HddsVolume.java:111)
	at org.apache.hadoop.ozone.container.common.volume.HddsVolumeFactory.createVolume(HddsVolumeFactory.java:48)
	at org.apache.hadoop.ozone.container.common.volume.MutableVolumeSet.initializeVolumeSet(MutableVolumeSet.java:170)
	at org.apache.hadoop.ozone.container.common.volume.MutableVolumeSet.<init>(MutableVolumeSet.java:132)
	at org.apache.hadoop.ozone.container.common.volume.MutableVolumeSet.<init>(MutableVolumeSet.java:96)
	at org.apache.hadoop.ozone.container.ozoneimpl.OzoneContainer.<init>(OzoneContainer.java:149)
	at org.apache.hadoop.ozone.container.common.statemachine.DatanodeStateMachine.<init>(DatanodeStateMachine.java:186)
	at org.apache.hadoop.ozone.HddsDatanodeService.start(HddsDatanodeService.java:296)
	at org.apache.hadoop.ozone.MiniOzoneClusterImpl.startHddsDatanode(MiniOzoneClusterImpl.java:489)
	at java.util.ArrayList.forEach(ArrayList.java:1259)
	at org.apache.hadoop.ozone.MiniOzoneClusterImpl.startHddsDatanodes(MiniOzoneClusterImpl.java:497)
	at org.apache.hadoop.ozone.MiniOzoneClusterImpl$Builder.build(MiniOzoneClusterImpl.java:627)
	at org.apache.hadoop.ozone.client.rpc.TestWatchForCommit.init(TestWatchForCommit.java:149)
	at sun.reflect.NativeMethodAccessorImpl.invoke0(Native Method)
	at sun.reflect.NativeMethodAccessorImpl.invoke(NativeMethodAccessorImpl.java:62)
	at sun.reflect.DelegatingMethodAccessorImpl.invoke(DelegatingMethodAccessorImpl.java:43)
	at java.lang.reflect.Method.invoke(Method.java:498)
	at org.junit.platform.commons.util.ReflectionUtils.invokeMethod(ReflectionUtils.java:728)
	at org.junit.jupiter.engine.execution.MethodInvocation.proceed(MethodInvocation.java:60)
	at org.junit.jupiter.engine.execution.InvocationInterceptorChain$ValidatingInvocation.proceed(InvocationInterceptorChain.java:131)
	at org.junit.jupiter.engine.extension.TimeoutExtension.intercept(TimeoutExtension.java:156)
	at org.junit.jupiter.engine.extension.TimeoutExtension.interceptLifecycleMethod(TimeoutExtension.java:128)
	at org.junit.jupiter.engine.extension.TimeoutExtension.interceptBeforeEachMethod(TimeoutExtension.java:78)
	at org.junit.jupiter.engine.execution.InterceptingExecutableInvoker$ReflectiveInterceptorCall.lambda$ofVoidMethod$0(InterceptingExecutableInvoker.java:103)
	at org.junit.jupiter.engine.execution.InterceptingExecutableInvoker.lambda$invoke$0(InterceptingExecutableInvoker.java:93)
	at org.junit.jupiter.engine.execution.InvocationInterceptorChain$InterceptedInvocation.proceed(InvocationInterceptorChain.java:106)
	at org.junit.jupiter.engine.execution.InvocationInterceptorChain.proceed(InvocationInterceptorChain.java:64)
	at org.junit.jupiter.engine.execution.InvocationInterceptorChain.chainAndInvoke(InvocationInterceptorChain.java:45)
	at org.junit.jupiter.engine.execution.InvocationInterceptorChain.invoke(InvocationInterceptorChain.java:37)
	at org.junit.jupiter.engine.execution.InterceptingExecutableInvoker.invoke(InterceptingExecutableInvoker.java:92)
	at org.junit.jupiter.engine.execution.InterceptingExecutableInvoker.invoke(InterceptingExecutableInvoker.java:86)
	at org.junit.jupiter.engine.descriptor.ClassBasedTestDescriptor.invokeMethodInExtensionContext(ClassBasedTestDescriptor.java:521)
	at org.junit.jupiter.engine.descriptor.ClassBasedTestDescriptor.lambda$synthesizeBeforeEachMethodAdapter$23(ClassBasedTestDescriptor.java:506)
	at org.junit.jupiter.engine.descriptor.TestMethodTestDescriptor.lambda$invokeBeforeEachMethods$3(TestMethodTestDescriptor.java:175)
	at org.junit.jupiter.engine.descriptor.TestMethodTestDescriptor.lambda$invokeBeforeMethodsOrCallbacksUntilExceptionOccurs$6(TestMethodTestDescriptor.java:203)
	at org.junit.platform.engine.support.hierarchical.ThrowableCollector.execute(ThrowableCollector.java:73)
	at org.junit.jupiter.engine.descriptor.TestMethodTestDescriptor.invokeBeforeMethodsOrCallbacksUntilExceptionOccurs(TestMethodTestDescriptor.java:203)
	at org.junit.jupiter.engine.descriptor.TestMethodTestDescriptor.invokeBeforeEachMethods(TestMethodTestDescriptor.java:172)
	at org.junit.jupiter.engine.descriptor.TestMethodTestDescriptor.execute(TestMethodTestDescriptor.java:135)
	at org.junit.jupiter.engine.descriptor.TestMethodTestDescriptor.execute(TestMethodTestDescriptor.java:69)
	at org.junit.platform.engine.support.hierarchical.NodeTestTask.lambda$executeRecursively$6(NodeTestTask.java:151)
	at org.junit.platform.engine.support.hierarchical.ThrowableCollector.execute(ThrowableCollector.java:73)
	at org.junit.platform.engine.support.hierarchical.NodeTestTask.lambda$executeRecursively$8(NodeTestTask.java:141)
	at org.junit.platform.engine.support.hierarchical.Node.around(Node.java:137)
	at org.junit.platform.engine.support.hierarchical.NodeTestTask.lambda$executeRecursively$9(NodeTestTask.java:139)
	at org.junit.platform.engine.support.hierarchical.ThrowableCollector.execute(ThrowableCollector.java:73)
	at org.junit.platform.engine.support.hierarchical.NodeTestTask.executeRecursively(NodeTestTask.java:138)
	at org.junit.platform.engine.support.hierarchical.NodeTestTask.execute(NodeTestTask.java:95)
	at java.util.ArrayList.forEach(ArrayList.java:1259)
	at org.junit.platform.engine.support.hierarchical.SameThreadHierarchicalTestExecutorService.invokeAll(SameThreadHierarchicalTestExecutorService.java:41)
	at org.junit.platform.engine.support.hierarchical.NodeTestTask.lambda$executeRecursively$6(NodeTestTask.java:155)
	at org.junit.platform.engine.support.hierarchical.ThrowableCollector.execute(ThrowableCollector.java:73)
	at org.junit.platform.engine.support.hierarchical.NodeTestTask.lambda$executeRecursively$8(NodeTestTask.java:141)
	at org.junit.platform.engine.support.hierarchical.Node.around(Node.java:137)
	at org.junit.platform.engine.support.hierarchical.NodeTestTask.lambda$executeRecursively$9(NodeTestTask.java:139)
	at org.junit.platform.engine.support.hierarchical.ThrowableCollector.execute(ThrowableCollector.java:73)
	at org.junit.platform.engine.support.hierarchical.NodeTestTask.executeRecursively(NodeTestTask.java:138)
	at org.junit.platform.engine.support.hierarchical.NodeTestTask.execute(NodeTestTask.java:95)
	at java.util.ArrayList.forEach(ArrayList.java:1259)
	at org.junit.platform.engine.support.hierarchical.SameThreadHierarchicalTestExecutorService.invokeAll(SameThreadHierarchicalTestExecutorService.java:41)
	at org.junit.platform.engine.support.hierarchical.NodeTestTask.lambda$executeRecursively$6(NodeTestTask.java:155)
	at org.junit.platform.engine.support.hierarchical.ThrowableCollector.execute(ThrowableCollector.java:73)
	at org.junit.platform.engine.support.hierarchical.NodeTestTask.lambda$executeRecursively$8(NodeTestTask.java:141)
	at org.junit.platform.engine.support.hierarchical.Node.around(Node.java:137)
	at org.junit.platform.engine.support.hierarchical.NodeTestTask.lambda$executeRecursively$9(NodeTestTask.java:139)
	at org.junit.platform.engine.support.hierarchical.ThrowableCollector.execute(ThrowableCollector.java:73)
	at org.junit.platform.engine.support.hierarchical.NodeTestTask.executeRecursively(NodeTestTask.java:138)
	at org.junit.platform.engine.support.hierarchical.NodeTestTask.execute(NodeTestTask.java:95)
	at org.junit.platform.engine.support.hierarchical.SameThreadHierarchicalTestExecutorService.submit(SameThreadHierarchicalTestExecutorService.java:35)
	at org.junit.platform.engine.support.hierarchical.HierarchicalTestExecutor.execute(HierarchicalTestExecutor.java:57)
	at org.junit.platform.engine.support.hierarchical.HierarchicalTestEngine.execute(HierarchicalTestEngine.java:54)
	at org.junit.platform.launcher.core.EngineExecutionOrchestrator.execute(EngineExecutionOrchestrator.java:198)
	at org.junit.platform.launcher.core.EngineExecutionOrchestrator.execute(EngineExecutionOrchestrator.java:169)
	at org.junit.platform.launcher.core.EngineExecutionOrchestrator.execute(EngineExecutionOrchestrator.java:93)
	at org.junit.platform.launcher.core.EngineExecutionOrchestrator.lambda$execute$0(EngineExecutionOrchestrator.java:58)
	at org.junit.platform.launcher.core.EngineExecutionOrchestrator.withInterceptedStreams(EngineExecutionOrchestrator.java:141)
	at org.junit.platform.launcher.core.EngineExecutionOrchestrator.execute(EngineExecutionOrchestrator.java:57)
	at org.junit.platform.launcher.core.DefaultLauncher.execute(DefaultLauncher.java:103)
	at org.junit.platform.launcher.core.DefaultLauncher.execute(DefaultLauncher.java:85)
	at org.junit.platform.launcher.core.DelegatingLauncher.execute(DelegatingLauncher.java:47)
	at org.apache.maven.surefire.junitplatform.LazyLauncher.execute(LazyLauncher.java:56)
	at org.apache.maven.surefire.junitplatform.JUnitPlatformProvider.execute(JUnitPlatformProvider.java:184)
	at org.apache.maven.surefire.junitplatform.JUnitPlatformProvider.invokeAllTests(JUnitPlatformProvider.java:148)
	at org.apache.maven.surefire.junitplatform.JUnitPlatformProvider.invoke(JUnitPlatformProvider.java:120)
	at org.apache.maven.surefire.booter.ForkedBooter.runSuitesInProcess(ForkedBooter.java:385)
	at org.apache.maven.surefire.booter.ForkedBooter.execute(ForkedBooter.java:162)
	at org.apache.maven.surefire.booter.ForkedBooter.run(ForkedBooter.java:507)
	at org.apache.maven.surefire.booter.ForkedBooter.main(ForkedBooter.java:495)
Caused by: java.lang.NullPointerException
	at org.apache.hadoop.ozone.container.common.volume.HddsVolume.getCommittedBytes(HddsVolume.java:303)
	at org.apache.hadoop.ozone.container.common.volume.VolumeInfoMetrics.getCommitted(VolumeInfoMetrics.java:147)
	... 111 more
2023-12-21 09:24:27,252 [main] INFO  volume.HddsVolume (HddsVolume.java:<init>(126)) - Creating HddsVolume: /home/runner/work/ozone/ozone/hadoop-ozone/integration-test/target/test-dir/MiniOzoneClusterImpl-e4d55aeb-da58-408a-87dd-e45f7ef8a31a/datanode-0/data-0/containers/hdds of storage type : DISK capacity : 9223372036854775807
2023-12-21 09:24:27,253 [main] INFO  volume.MutableVolumeSet (MutableVolumeSet.java:initializeVolumeSet(173)) - Added Volume : /home/runner/work/ozone/ozone/hadoop-ozone/integration-test/target/test-dir/MiniOzoneClusterImpl-e4d55aeb-da58-408a-87dd-e45f7ef8a31a/datanode-0/data-0/containers/hdds to VolumeSet
2023-12-21 09:24:27,253 [main] INFO  volume.MutableVolumeSet (MutableVolumeSet.java:initializeVolumeSet(173)) - Added Volume : /home/runner/work/ozone/ozone/hadoop-ozone/integration-test/target/test-dir/MiniOzoneClusterImpl-e4d55aeb-da58-408a-87dd-e45f7ef8a31a/datanode-0/data/ratis to VolumeSet
2023-12-21 09:24:27,254 [main] INFO  ozoneimpl.OzoneContainer (HddsVolumeUtil.java:loadAllHddsVolumeDbStore(103)) - Load 1 volumes DbStore cost: 0ms
2023-12-21 09:24:27,254 [6ad9de2f-8cae-4626-ab4a-3c10d9751b2a-ContainerReader-0] INFO  ozoneimpl.ContainerReader (ContainerReader.java:readVolume(178)) - Finish verifying containers on volume /home/runner/work/ozone/ozone/hadoop-ozone/integration-test/target/test-dir/MiniOzoneClusterImpl-e4d55aeb-da58-408a-87dd-e45f7ef8a31a/datanode-0/data-0/containers/hdds
2023-12-21 09:24:27,254 [main] INFO  ozoneimpl.OzoneContainer (OzoneContainer.java:buildContainerSet(326)) - Build ContainerSet costs 0s
2023-12-21 09:24:27,256 [main] INFO  server.RaftServer (ConfUtils.java:logGet(46)) - raft.rpc.type = GRPC (default)
2023-12-21 09:24:27,256 [main] INFO  grpc.GrpcConfigKeys (ConfUtils.java:logFallback(53)) - raft.grpc.admin.host = null (fallback to raft.grpc.server.host)
2023-12-21 09:24:27,256 [main] INFO  grpc.GrpcConfigKeys (ConfUtils.java:logGet(46)) - raft.grpc.admin.port = 15191 (custom)
2023-12-21 09:24:27,256 [main] INFO  grpc.GrpcConfigKeys (ConfUtils.java:logFallback(53)) - raft.grpc.client.host = null (fallback to raft.grpc.server.host)
2023-12-21 09:24:27,256 [main] INFO  grpc.GrpcConfigKeys (ConfUtils.java:logGet(46)) - raft.grpc.client.port = 15190 (custom)
2023-12-21 09:24:27,257 [main] INFO  grpc.GrpcConfigKeys (ConfUtils.java:logGet(46)) - raft.grpc.server.host = null (default)
2023-12-21 09:24:27,257 [main] INFO  grpc.GrpcConfigKeys (ConfUtils.java:logGet(46)) - raft.grpc.server.port = 15192 (custom)
2023-12-21 09:24:27,257 [main] INFO  server.GrpcService (ConfUtils.java:logGet(46)) - raft.grpc.message.size.max = 32MB (=33554432) (custom)
2023-12-21 09:24:27,257 [main] INFO  server.RaftServerConfigKeys (ConfUtils.java:logGet(46)) - raft.server.log.appender.buffer.byte-limit = 8388608 (custom)
2023-12-21 09:24:27,257 [main] INFO  server.GrpcService (ConfUtils.java:logGet(46)) - raft.grpc.flow.control.window = 5MB (=5242880) (custom)
2023-12-21 09:24:27,258 [main] INFO  server.RaftServerConfigKeys (ConfUtils.java:logGet(46)) - raft.server.rpc.request.timeout = 3000ms (default)
2023-12-21 09:24:27,258 [main] INFO  grpc.GrpcConfigKeys (ConfUtils.java:logGet(46)) - raft.grpc.server.heartbeat.channel = true (default)
2023-12-21 09:24:27,258 [main] INFO  grpc.GrpcConfigKeys (ConfUtils.java:logGet(46)) - raft.grpc.server.async.request.thread.pool.cached = true (default)
2023-12-21 09:24:27,258 [main] INFO  grpc.GrpcConfigKeys (ConfUtils.java:logGet(46)) - raft.grpc.server.async.request.thread.pool.size = 32 (default)
2023-12-21 09:24:27,260 [main] INFO  impl.DataStreamServerImpl (ConfUtils.java:logGet(46)) - raft.datastream.type = NETTY (custom)
2023-12-21 09:24:27,260 [main] INFO  server.RaftServerConfigKeys (ConfUtils.java:logGet(46)) - raft.server.data-stream.async.request.thread.pool.cached = false (default)
2023-12-21 09:24:27,260 [main] INFO  server.RaftServerConfigKeys (ConfUtils.java:logGet(46)) - raft.server.data-stream.async.request.thread.pool.size = 20 (custom)
2023-12-21 09:24:27,260 [main] INFO  server.RaftServerConfigKeys (ConfUtils.java:logGet(46)) - raft.server.data-stream.async.write.thread.pool.size = 16 (default)
2023-12-21 09:24:27,260 [main] INFO  netty.NettyConfigKeys$DataStream (ConfUtils.java:logGet(46)) - raft.netty.dataStream.server.channel.inactive.grace-period = 10min (default)
2023-12-21 09:24:27,260 [main] INFO  server.RaftServerConfigKeys (ConfUtils.java:logGet(46)) - raft.server.data-stream.client.pool.size = 10 (default)
2023-12-21 09:24:27,260 [main] INFO  netty.NettyConfigKeys$DataStream (ConfUtils.java:logGet(46)) - raft.netty.dataStream.server.use-epoll = true (default)
2023-12-21 09:24:27,260 [main] INFO  netty.NettyConfigKeys$DataStream (ConfUtils.java:logGet(46)) - raft.netty.dataStream.server.boss-group.size = 0 (default)
2023-12-21 09:24:27,261 [main] INFO  netty.NettyUtils (NettyUtils.java:newEventLoopGroup(69)) - Create EpollEventLoopGroup for 6ad9de2f-8cae-4626-ab4a-3c10d9751b2a-NettyServerStreamRpc-bossGroup; Thread size is 0.
2023-12-21 09:24:27,261 [main] INFO  netty.NettyConfigKeys$DataStream (ConfUtils.java:logGet(46)) - raft.netty.dataStream.server.worker-group.size = 0 (default)
2023-12-21 09:24:27,261 [main] INFO  netty.NettyUtils (NettyUtils.java:newEventLoopGroup(69)) - Create EpollEventLoopGroup for 6ad9de2f-8cae-4626-ab4a-3c10d9751b2a-NettyServerStreamRpc-workerGroup; Thread size is 0.
2023-12-21 09:24:27,261 [main] INFO  netty.NettyConfigKeys$DataStream (ConfUtils.java:logGet(46)) - raft.netty.dataStream.server.tls.conf = null (default)
2023-12-21 09:24:27,261 [main] INFO  netty.NettyConfigKeys$DataStream (ConfUtils.java:logGet(46)) - raft.netty.dataStream.host = null (default)
2023-12-21 09:24:27,261 [main] INFO  netty.NettyConfigKeys$DataStream (ConfUtils.java:logGet(46)) - raft.netty.dataStream.port = 15193 (custom)
2023-12-21 09:24:27,262 [main] INFO  server.RaftServerConfigKeys (ConfUtils.java:logGet(46)) - raft.server.sleep.deviation.threshold = 300ms (default)
2023-12-21 09:24:27,262 [main] INFO  server.RaftServerConfigKeys (ConfUtils.java:logGet(46)) - raft.server.close.threshold = 60s (default)
2023-12-21 09:24:27,262 [6ad9de2f-8cae-4626-ab4a-3c10d9751b2a-NettyServerStreamRpc-bossGroup--thread1] INFO  logging.LoggingHandler (AbstractInternalLogger.java:log(148)) - [id: 0xb81ba4d4] REGISTERED
2023-12-21 09:24:27,262 [main] INFO  server.RaftServerConfigKeys (ConfUtils.java:logGet(46)) - raft.server.leaderelection.leader.step-down.wait-time = 10s (default)
2023-12-21 09:24:27,262 [6ad9de2f-8cae-4626-ab4a-3c10d9751b2a-NettyServerStreamRpc-bossGroup--thread1] INFO  logging.LoggingHandler (AbstractInternalLogger.java:log(148)) - [id: 0xb81ba4d4] BIND: 0.0.0.0/0.0.0.0:15193
2023-12-21 09:24:27,263 [main] INFO  server.RaftServerConfigKeys (ConfUtils.java:logGet(46)) - raft.server.storage.dir = [/home/runner/work/ozone/ozone/hadoop-ozone/integration-test/target/test-dir/MiniOzoneClusterImpl-e4d55aeb-da58-408a-87dd-e45f7ef8a31a/datanode-0/data/ratis] (custom)
2023-12-21 09:24:27,263 [6ad9de2f-8cae-4626-ab4a-3c10d9751b2a-NettyServerStreamRpc-bossGroup--thread1] INFO  logging.LoggingHandler (AbstractInternalLogger.java:log(148)) - [id: 0xb81ba4d4, L:/0.0.0.0:15193] ACTIVE
2023-12-21 09:24:27,263 [main] INFO  server.RaftServerConfigKeys (ConfUtils.java:logGet(46)) - raft.server.threadpool.proxy.cached = true (default)
2023-12-21 09:24:27,263 [main] INFO  server.RaftServerConfigKeys (ConfUtils.java:logGet(46)) - raft.server.threadpool.proxy.size = 0 (default)
2023-12-21 09:24:27,263 [6ad9de2f-8cae-4626-ab4a-3c10d9751b2a-impl-thread1] INFO  server.RaftServer (RaftServerProxy.java:initGroupDir(264)) - 6ad9de2f-8cae-4626-ab4a-3c10d9751b2a: found a subdirectory /home/runner/work/ozone/ozone/hadoop-ozone/integration-test/target/test-dir/MiniOzoneClusterImpl-e4d55aeb-da58-408a-87dd-e45f7ef8a31a/datanode-0/data/ratis/tmp
2023-12-21 09:24:27,263 [6ad9de2f-8cae-4626-ab4a-3c10d9751b2a-impl-thread1] INFO  server.RaftServer (RaftServerProxy.java:initGroupDir(269)) - 6ad9de2f-8cae-4626-ab4a-3c10d9751b2a: The directory /home/runner/work/ozone/ozone/hadoop-ozone/integration-test/target/test-dir/MiniOzoneClusterImpl-e4d55aeb-da58-408a-87dd-e45f7ef8a31a/datanode-0/data/ratis/tmp is not a group directory; ignoring it. 
2023-12-21 09:24:27,263 [main] INFO  replication.ReplicationServer (ReplicationServer.java:<init>(85)) - Initializing replication server with thread count = 10 queue length = 4096
2023-12-21 09:24:27,264 [main] INFO  server.XceiverServerGrpc (XceiverServerGrpc.java:<init>(141)) - GrpcServer channel type EpollServerSocketChannel
2023-12-21 09:24:27,265 [main] INFO  replication.ReplicationSupervisor (ReplicationSupervisor.java:build(163)) - Initializing replication supervisor with thread count = 10
2023-12-21 09:24:27,265 [main] INFO  replication.ReplicationSupervisor (ReplicationSupervisor.java:nodeStateUpdated(317)) - Node state updated to IN_SERVICE, scaling executor pool size to 10
2023-12-21 09:24:27,267 [main] INFO  http.BaseHttpServer (BaseHttpServer.java:newHttpServer2BuilderForOzone(223)) - Starting Web-server for hddsDatanode at: http://0.0.0.0:15187
2023-12-21 09:24:27,267 [main] INFO  http.BaseHttpServer (BaseHttpServer.java:<init>(110)) - Hadoop Security Enabled: false Ozone Security Enabled: false Ozone HTTP Security Enabled: false 
2023-12-21 09:24:27,268 [main] WARN  server.AuthenticationFilter (AuthenticationFilter.java:constructSecretProvider(240)) - Unable to initialize FileSignerSecretProvider, falling back to use random secrets. Reason: Could not read signature secret file: /home/runner/hadoop-http-auth-signature-secret
2023-12-21 09:24:27,268 [main] INFO  http.HttpRequestLog (HttpRequestLog.java:getRequestLog(86)) - Http request log for http.requests.hddsDatanode is not defined
2023-12-21 09:24:27,269 [main] INFO  http.HttpServer2 (HttpServer2.java:addGlobalFilter(1036)) - Added global filter 'safety' (class=org.apache.hadoop.hdds.server.http.HttpServer2$QuotingInputFilter)
2023-12-21 09:24:27,269 [main] INFO  http.HttpServer2 (HttpServer2.java:addFilter(1012)) - Added filter static_user_filter (class=org.apache.hadoop.http.lib.StaticUserWebFilter$StaticUserFilter) to context hddsDatanode
2023-12-21 09:24:27,269 [main] INFO  http.HttpServer2 (HttpServer2.java:addFilter(1020)) - Added filter static_user_filter (class=org.apache.hadoop.http.lib.StaticUserWebFilter$StaticUserFilter) to context logs
2023-12-21 09:24:27,270 [main] INFO  http.HttpServer2 (HttpServer2.java:addFilter(1020)) - Added filter static_user_filter (class=org.apache.hadoop.http.lib.StaticUserWebFilter$StaticUserFilter) to context static
2023-12-21 09:24:27,270 [main] INFO  http.BaseHttpServer (BaseHttpServer.java:<init>(189)) - HTTP server of hddsDatanode uses base directory /home/runner/work/ozone/ozone/hadoop-ozone/integration-test/target/test-dir/MiniOzoneClusterImpl-e4d55aeb-da58-408a-87dd-e45f7ef8a31a/datanode-0/meta/webserver
2023-12-21 09:24:27,270 [main] INFO  http.HttpServer2 (HttpServer2.java:bindListener(1236)) - Jetty bound to port 15187
2023-12-21 09:24:27,270 [main] INFO  server.Server (Server.java:doStart(375)) - jetty-9.4.53.v20231009; built: 2023-10-09T12:29:09.265Z; git: 27bde00a0b95a1d5bbee0eae7984f891d2d0f8c9; jvm 1.8.0_392-b08
2023-12-21 09:24:27,271 [main] INFO  server.session (DefaultSessionIdManager.java:doStart(334)) - DefaultSessionIdManager workerName=node0
2023-12-21 09:24:27,271 [main] INFO  server.session (DefaultSessionIdManager.java:doStart(339)) - No SessionScavenger set, using defaults
2023-12-21 09:24:27,272 [main] INFO  server.session (HouseKeeper.java:startScavenging(132)) - node0 Scavenging every 660000ms
2023-12-21 09:24:27,272 [main] INFO  handler.ContextHandler (ContextHandler.java:doStart(921)) - Started o.e.j.s.ServletContextHandler@5e467904{logs,/logs,file:///home/runner/work/ozone/ozone/hadoop-ozone/integration-test/target/log,AVAILABLE}
2023-12-21 09:24:27,273 [main] INFO  handler.ContextHandler (ContextHandler.java:doStart(921)) - Started o.e.j.s.ServletContextHandler@31ca1cc4{static,/static,jar:file:/home/runner/.m2/repository/org/apache/ozone/hdds-container-service/1.5.0-SNAPSHOT/hdds-container-service-1.5.0-SNAPSHOT.jar!/webapps/static,AVAILABLE}
2023-12-21 09:24:27,304 [main] INFO  handler.ContextHandler (ContextHandler.java:doStart(921)) - Started o.e.j.w.WebAppContext@1fc009cd{hddsDatanode,/,file:///home/runner/work/ozone/ozone/hadoop-ozone/integration-test/target/test-dir/MiniOzoneClusterImpl-e4d55aeb-da58-408a-87dd-e45f7ef8a31a/datanode-0/meta/webserver/jetty-0_0_0_0-15187-hdds-container-service-1_5_0-SNAPSHOT_jar-_-any-5051846556942326165/webapp/,AVAILABLE}{jar:file:/home/runner/.m2/repository/org/apache/ozone/hdds-container-service/1.5.0-SNAPSHOT/hdds-container-service-1.5.0-SNAPSHOT.jar!/webapps/hddsDatanode}
2023-12-21 09:24:27,305 [main] INFO  server.AbstractConnector (AbstractConnector.java:doStart(333)) - Started ServerConnector@55f54843{HTTP/1.1, (http/1.1)}{0.0.0.0:15187}
2023-12-21 09:24:27,305 [main] INFO  server.Server (Server.java:doStart(415)) - Started @82712ms
2023-12-21 09:24:27,305 [main] WARN  impl.MetricsSystemImpl (MetricsSystemImpl.java:register(279)) - Sink prometheus already exists!
2023-12-21 09:24:27,306 [main] INFO  http.BaseHttpServer (BaseHttpServer.java:updateConnectorAddress(354)) - HTTP server of hddsDatanode listening at http://0.0.0.0:15187
2023-12-21 09:24:27,306 [main] INFO  ipc.CallQueueManager (CallQueueManager.java:<init>(90)) - Using callQueue: class java.util.concurrent.LinkedBlockingQueue, queueCapacity: 100, scheduler: class org.apache.hadoop.ipc.DefaultRpcScheduler, ipcBackoff: false.
2023-12-21 09:24:27,307 [main] INFO  ipc.Server (Server.java:<init>(1287)) - Listener at 0.0.0.0:15188
2023-12-21 09:24:27,307 [Socket Reader #1 for port 15188] INFO  ipc.Server (Server.java:run(1323)) - Starting Socket Reader #1 for port 15188
2023-12-21 09:24:27,308 [main] INFO  ozone.HddsDatanodeService (HddsDatanodeService.java:start(324)) - Datanode start with admins: [runner]
2023-12-21 09:24:27,308 [main] INFO  ozone.HddsDatanodeClientProtocolServer (HddsDatanodeClientProtocolServer.java:start(72)) - RPC server for Client /0.0.0.0:15188
2023-12-21 09:24:27,309 [IPC Server Responder] INFO  ipc.Server (Server.java:run(1562)) - IPC Server Responder: starting
2023-12-21 09:24:27,309 [IPC Server listener on 15188] INFO  ipc.Server (Server.java:run(1402)) - IPC Server listener on 15188: starting
2023-12-21 09:24:27,310 [6ad9de2f-8cae-4626-ab4a-3c10d9751b2a-DatanodeStateMachineDaemonThread] INFO  statemachine.DatanodeStateMachine (DatanodeStateMachine.java:lambda$startDaemon$1(555)) - Ozone container server started.
2023-12-21 09:24:27,311 [main] WARN  dropwizard3.Dm3MetricRegistriesImpl (Dm3MetricRegistriesImpl.java:addReporterRegistration(113)) - New reporters are added after registries were created. Some metrics will be missing from the reporter. Please add reporter before adding any new registry.
2023-12-21 09:24:27,311 [main] WARN  dropwizard3.Dm3MetricRegistriesImpl (Dm3MetricRegistriesImpl.java:addReporterRegistration(113)) - New reporters are added after registries were created. Some metrics will be missing from the reporter. Please add reporter before adding any new registry.
2023-12-21 09:24:27,311 [main] INFO  impl.MetricsSystemImpl (MetricsSystemImpl.java:init(158)) - HddsDatanode metrics system started (again)
2023-12-21 09:24:27,313 [6ad9de2f-8cae-4626-ab4a-3c10d9751b2a-DatanodeStateMachineTaskThread-0] INFO  datanode.InitDatanodeState (InitDatanodeState.java:persistContainerDatanodeDetails(139)) - DatanodeDetails is persisted to /home/runner/work/ozone/ozone/hadoop-ozone/integration-test/target/test-dir/MiniOzoneClusterImpl-e4d55aeb-da58-408a-87dd-e45f7ef8a31a/datanode-0/meta/datanode.id
2023-12-21 09:24:27,320 [main] INFO  ozone.HddsDatanodeService (HddsDatanodeService.java:start(239)) - HddsDatanodeService host:fv-az1023-676 ip:10.1.0.5
2023-12-21 09:24:27,339 [main] INFO  upgrade.AbstractLayoutVersionManager (AbstractLayoutVersionManager.java:init(83)) - Initializing Layout version manager with metadata layout = HADOOP_PRC_PORTS_IN_DATANODEDETAILS (version = 7), software layout = HADOOP_PRC_PORTS_IN_DATANODEDETAILS (version = 7)
2023-12-21 09:24:27,339 [main] INFO  statemachine.DatanodeStateMachine (DatanodeStateMachine.java:getEndPointTaskThreadPoolSize(299)) - Datanode State Machine Task Thread Pool size 2
2023-12-21 09:24:27,341 [main] ERROR lib.MethodMetric (MethodMetric.java:snapshot(117)) - Error invoking method getCommitted
java.lang.reflect.InvocationTargetException
	at sun.reflect.GeneratedMethodAccessor52.invoke(Unknown Source)
	at sun.reflect.DelegatingMethodAccessorImpl.invoke(DelegatingMethodAccessorImpl.java:43)
	at java.lang.reflect.Method.invoke(Method.java:498)
	at org.apache.hadoop.metrics2.lib.MethodMetric$2.snapshot(MethodMetric.java:111)
	at org.apache.hadoop.metrics2.lib.MethodMetric.snapshot(MethodMetric.java:142)
	at org.apache.hadoop.metrics2.lib.MetricsRegistry.snapshot(MetricsRegistry.java:447)
	at org.apache.hadoop.metrics2.lib.MetricsSourceBuilder$1.getMetrics(MetricsSourceBuilder.java:89)
	at org.apache.hadoop.metrics2.impl.MetricsSourceAdapter.getMetrics(MetricsSourceAdapter.java:200)
	at org.apache.hadoop.metrics2.impl.MetricsSourceAdapter.updateJmxCache(MetricsSourceAdapter.java:183)
	at org.apache.hadoop.metrics2.impl.MetricsSourceAdapter.getMBeanInfo(MetricsSourceAdapter.java:156)
	at com.sun.jmx.interceptor.DefaultMBeanServerInterceptor.getNewMBeanClassName(DefaultMBeanServerInterceptor.java:333)
	at com.sun.jmx.interceptor.DefaultMBeanServerInterceptor.registerMBean(DefaultMBeanServerInterceptor.java:319)
	at com.sun.jmx.mbeanserver.JmxMBeanServer.registerMBean(JmxMBeanServer.java:522)
	at org.apache.hadoop.metrics2.util.MBeans.register(MBeans.java:100)
	at org.apache.hadoop.metrics2.util.MBeans.register(MBeans.java:73)
	at org.apache.hadoop.metrics2.impl.MetricsSourceAdapter.startMBeans(MetricsSourceAdapter.java:222)
	at org.apache.hadoop.metrics2.impl.MetricsSourceAdapter.start(MetricsSourceAdapter.java:101)
	at org.apache.hadoop.metrics2.impl.MetricsSystemImpl.registerSource(MetricsSystemImpl.java:268)
	at org.apache.hadoop.metrics2.impl.MetricsSystemImpl.register(MetricsSystemImpl.java:233)
	at org.apache.hadoop.ozone.container.common.volume.VolumeInfoMetrics.init(VolumeInfoMetrics.java:50)
	at org.apache.hadoop.ozone.container.common.volume.VolumeInfoMetrics.<init>(VolumeInfoMetrics.java:45)
	at org.apache.hadoop.ozone.container.common.volume.HddsVolume.<init>(HddsVolume.java:123)
	at org.apache.hadoop.ozone.container.common.volume.HddsVolume.<init>(HddsVolume.java:71)
	at org.apache.hadoop.ozone.container.common.volume.HddsVolume$Builder.build(HddsVolume.java:111)
	at org.apache.hadoop.ozone.container.common.volume.HddsVolumeFactory.createVolume(HddsVolumeFactory.java:48)
	at org.apache.hadoop.ozone.container.common.volume.MutableVolumeSet.initializeVolumeSet(MutableVolumeSet.java:170)
	at org.apache.hadoop.ozone.container.common.volume.MutableVolumeSet.<init>(MutableVolumeSet.java:132)
	at org.apache.hadoop.ozone.container.common.volume.MutableVolumeSet.<init>(MutableVolumeSet.java:96)
	at org.apache.hadoop.ozone.container.ozoneimpl.OzoneContainer.<init>(OzoneContainer.java:149)
	at org.apache.hadoop.ozone.container.common.statemachine.DatanodeStateMachine.<init>(DatanodeStateMachine.java:186)
	at org.apache.hadoop.ozone.HddsDatanodeService.start(HddsDatanodeService.java:296)
	at org.apache.hadoop.ozone.MiniOzoneClusterImpl.startHddsDatanode(MiniOzoneClusterImpl.java:489)
	at java.util.ArrayList.forEach(ArrayList.java:1259)
	at org.apache.hadoop.ozone.MiniOzoneClusterImpl.startHddsDatanodes(MiniOzoneClusterImpl.java:497)
	at org.apache.hadoop.ozone.MiniOzoneClusterImpl$Builder.build(MiniOzoneClusterImpl.java:627)
	at org.apache.hadoop.ozone.client.rpc.TestWatchForCommit.init(TestWatchForCommit.java:149)
	at sun.reflect.NativeMethodAccessorImpl.invoke0(Native Method)
	at sun.reflect.NativeMethodAccessorImpl.invoke(NativeMethodAccessorImpl.java:62)
	at sun.reflect.DelegatingMethodAccessorImpl.invoke(DelegatingMethodAccessorImpl.java:43)
	at java.lang.reflect.Method.invoke(Method.java:498)
	at org.junit.platform.commons.util.ReflectionUtils.invokeMethod(ReflectionUtils.java:728)
	at org.junit.jupiter.engine.execution.MethodInvocation.proceed(MethodInvocation.java:60)
	at org.junit.jupiter.engine.execution.InvocationInterceptorChain$ValidatingInvocation.proceed(InvocationInterceptorChain.java:131)
	at org.junit.jupiter.engine.extension.TimeoutExtension.intercept(TimeoutExtension.java:156)
	at org.junit.jupiter.engine.extension.TimeoutExtension.interceptLifecycleMethod(TimeoutExtension.java:128)
	at org.junit.jupiter.engine.extension.TimeoutExtension.interceptBeforeEachMethod(TimeoutExtension.java:78)
	at org.junit.jupiter.engine.execution.InterceptingExecutableInvoker$ReflectiveInterceptorCall.lambda$ofVoidMethod$0(InterceptingExecutableInvoker.java:103)
	at org.junit.jupiter.engine.execution.InterceptingExecutableInvoker.lambda$invoke$0(InterceptingExecutableInvoker.java:93)
	at org.junit.jupiter.engine.execution.InvocationInterceptorChain$InterceptedInvocation.proceed(InvocationInterceptorChain.java:106)
	at org.junit.jupiter.engine.execution.InvocationInterceptorChain.proceed(InvocationInterceptorChain.java:64)
	at org.junit.jupiter.engine.execution.InvocationInterceptorChain.chainAndInvoke(InvocationInterceptorChain.java:45)
	at org.junit.jupiter.engine.execution.InvocationInterceptorChain.invoke(InvocationInterceptorChain.java:37)
	at org.junit.jupiter.engine.execution.InterceptingExecutableInvoker.invoke(InterceptingExecutableInvoker.java:92)
	at org.junit.jupiter.engine.execution.InterceptingExecutableInvoker.invoke(InterceptingExecutableInvoker.java:86)
	at org.junit.jupiter.engine.descriptor.ClassBasedTestDescriptor.invokeMethodInExtensionContext(ClassBasedTestDescriptor.java:521)
	at org.junit.jupiter.engine.descriptor.ClassBasedTestDescriptor.lambda$synthesizeBeforeEachMethodAdapter$23(ClassBasedTestDescriptor.java:506)
	at org.junit.jupiter.engine.descriptor.TestMethodTestDescriptor.lambda$invokeBeforeEachMethods$3(TestMethodTestDescriptor.java:175)
	at org.junit.jupiter.engine.descriptor.TestMethodTestDescriptor.lambda$invokeBeforeMethodsOrCallbacksUntilExceptionOccurs$6(TestMethodTestDescriptor.java:203)
	at org.junit.platform.engine.support.hierarchical.ThrowableCollector.execute(ThrowableCollector.java:73)
	at org.junit.jupiter.engine.descriptor.TestMethodTestDescriptor.invokeBeforeMethodsOrCallbacksUntilExceptionOccurs(TestMethodTestDescriptor.java:203)
	at org.junit.jupiter.engine.descriptor.TestMethodTestDescriptor.invokeBeforeEachMethods(TestMethodTestDescriptor.java:172)
	at org.junit.jupiter.engine.descriptor.TestMethodTestDescriptor.execute(TestMethodTestDescriptor.java:135)
	at org.junit.jupiter.engine.descriptor.TestMethodTestDescriptor.execute(TestMethodTestDescriptor.java:69)
	at org.junit.platform.engine.support.hierarchical.NodeTestTask.lambda$executeRecursively$6(NodeTestTask.java:151)
	at org.junit.platform.engine.support.hierarchical.ThrowableCollector.execute(ThrowableCollector.java:73)
	at org.junit.platform.engine.support.hierarchical.NodeTestTask.lambda$executeRecursively$8(NodeTestTask.java:141)
	at org.junit.platform.engine.support.hierarchical.Node.around(Node.java:137)
	at org.junit.platform.engine.support.hierarchical.NodeTestTask.lambda$executeRecursively$9(NodeTestTask.java:139)
	at org.junit.platform.engine.support.hierarchical.ThrowableCollector.execute(ThrowableCollector.java:73)
	at org.junit.platform.engine.support.hierarchical.NodeTestTask.executeRecursively(NodeTestTask.java:138)
	at org.junit.platform.engine.support.hierarchical.NodeTestTask.execute(NodeTestTask.java:95)
	at java.util.ArrayList.forEach(ArrayList.java:1259)
	at org.junit.platform.engine.support.hierarchical.SameThreadHierarchicalTestExecutorService.invokeAll(SameThreadHierarchicalTestExecutorService.java:41)
	at org.junit.platform.engine.support.hierarchical.NodeTestTask.lambda$executeRecursively$6(NodeTestTask.java:155)
	at org.junit.platform.engine.support.hierarchical.ThrowableCollector.execute(ThrowableCollector.java:73)
	at org.junit.platform.engine.support.hierarchical.NodeTestTask.lambda$executeRecursively$8(NodeTestTask.java:141)
	at org.junit.platform.engine.support.hierarchical.Node.around(Node.java:137)
	at org.junit.platform.engine.support.hierarchical.NodeTestTask.lambda$executeRecursively$9(NodeTestTask.java:139)
	at org.junit.platform.engine.support.hierarchical.ThrowableCollector.execute(ThrowableCollector.java:73)
	at org.junit.platform.engine.support.hierarchical.NodeTestTask.executeRecursively(NodeTestTask.java:138)
	at org.junit.platform.engine.support.hierarchical.NodeTestTask.execute(NodeTestTask.java:95)
	at java.util.ArrayList.forEach(ArrayList.java:1259)
	at org.junit.platform.engine.support.hierarchical.SameThreadHierarchicalTestExecutorService.invokeAll(SameThreadHierarchicalTestExecutorService.java:41)
	at org.junit.platform.engine.support.hierarchical.NodeTestTask.lambda$executeRecursively$6(NodeTestTask.java:155)
	at org.junit.platform.engine.support.hierarchical.ThrowableCollector.execute(ThrowableCollector.java:73)
	at org.junit.platform.engine.support.hierarchical.NodeTestTask.lambda$executeRecursively$8(NodeTestTask.java:141)
	at org.junit.platform.engine.support.hierarchical.Node.around(Node.java:137)
	at org.junit.platform.engine.support.hierarchical.NodeTestTask.lambda$executeRecursively$9(NodeTestTask.java:139)
	at org.junit.platform.engine.support.hierarchical.ThrowableCollector.execute(ThrowableCollector.java:73)
	at org.junit.platform.engine.support.hierarchical.NodeTestTask.executeRecursively(NodeTestTask.java:138)
	at org.junit.platform.engine.support.hierarchical.NodeTestTask.execute(NodeTestTask.java:95)
	at org.junit.platform.engine.support.hierarchical.SameThreadHierarchicalTestExecutorService.submit(SameThreadHierarchicalTestExecutorService.java:35)
	at org.junit.platform.engine.support.hierarchical.HierarchicalTestExecutor.execute(HierarchicalTestExecutor.java:57)
	at org.junit.platform.engine.support.hierarchical.HierarchicalTestEngine.execute(HierarchicalTestEngine.java:54)
	at org.junit.platform.launcher.core.EngineExecutionOrchestrator.execute(EngineExecutionOrchestrator.java:198)
	at org.junit.platform.launcher.core.EngineExecutionOrchestrator.execute(EngineExecutionOrchestrator.java:169)
	at org.junit.platform.launcher.core.EngineExecutionOrchestrator.execute(EngineExecutionOrchestrator.java:93)
	at org.junit.platform.launcher.core.EngineExecutionOrchestrator.lambda$execute$0(EngineExecutionOrchestrator.java:58)
	at org.junit.platform.launcher.core.EngineExecutionOrchestrator.withInterceptedStreams(EngineExecutionOrchestrator.java:141)
	at org.junit.platform.launcher.core.EngineExecutionOrchestrator.execute(EngineExecutionOrchestrator.java:57)
	at org.junit.platform.launcher.core.DefaultLauncher.execute(DefaultLauncher.java:103)
	at org.junit.platform.launcher.core.DefaultLauncher.execute(DefaultLauncher.java:85)
	at org.junit.platform.launcher.core.DelegatingLauncher.execute(DelegatingLauncher.java:47)
	at org.apache.maven.surefire.junitplatform.LazyLauncher.execute(LazyLauncher.java:56)
	at org.apache.maven.surefire.junitplatform.JUnitPlatformProvider.execute(JUnitPlatformProvider.java:184)
	at org.apache.maven.surefire.junitplatform.JUnitPlatformProvider.invokeAllTests(JUnitPlatformProvider.java:148)
	at org.apache.maven.surefire.junitplatform.JUnitPlatformProvider.invoke(JUnitPlatformProvider.java:120)
	at org.apache.maven.surefire.booter.ForkedBooter.runSuitesInProcess(ForkedBooter.java:385)
	at org.apache.maven.surefire.booter.ForkedBooter.execute(ForkedBooter.java:162)
	at org.apache.maven.surefire.booter.ForkedBooter.run(ForkedBooter.java:507)
	at org.apache.maven.surefire.booter.ForkedBooter.main(ForkedBooter.java:495)
Caused by: java.lang.NullPointerException
	at org.apache.hadoop.ozone.container.common.volume.HddsVolume.getCommittedBytes(HddsVolume.java:303)
	at org.apache.hadoop.ozone.container.common.volume.VolumeInfoMetrics.getCommitted(VolumeInfoMetrics.java:147)
	... 111 more
2023-12-21 09:24:27,344 [main] INFO  volume.HddsVolume (HddsVolume.java:<init>(126)) - Creating HddsVolume: /home/runner/work/ozone/ozone/hadoop-ozone/integration-test/target/test-dir/MiniOzoneClusterImpl-e4d55aeb-da58-408a-87dd-e45f7ef8a31a/datanode-1/data-0/containers/hdds of storage type : DISK capacity : 9223372036854775807
2023-12-21 09:24:27,344 [main] INFO  volume.MutableVolumeSet (MutableVolumeSet.java:initializeVolumeSet(173)) - Added Volume : /home/runner/work/ozone/ozone/hadoop-ozone/integration-test/target/test-dir/MiniOzoneClusterImpl-e4d55aeb-da58-408a-87dd-e45f7ef8a31a/datanode-1/data-0/containers/hdds to VolumeSet
2023-12-21 09:24:27,344 [main] INFO  volume.MutableVolumeSet (MutableVolumeSet.java:initializeVolumeSet(173)) - Added Volume : /home/runner/work/ozone/ozone/hadoop-ozone/integration-test/target/test-dir/MiniOzoneClusterImpl-e4d55aeb-da58-408a-87dd-e45f7ef8a31a/datanode-1/data/ratis to VolumeSet
2023-12-21 09:24:27,345 [main] INFO  ozoneimpl.OzoneContainer (HddsVolumeUtil.java:loadAllHddsVolumeDbStore(103)) - Load 1 volumes DbStore cost: 0ms
2023-12-21 09:24:27,345 [35bb34bc-f9d7-49f2-90a3-8bcd6ca0b53b-ContainerReader-0] INFO  ozoneimpl.ContainerReader (ContainerReader.java:readVolume(178)) - Finish verifying containers on volume /home/runner/work/ozone/ozone/hadoop-ozone/integration-test/target/test-dir/MiniOzoneClusterImpl-e4d55aeb-da58-408a-87dd-e45f7ef8a31a/datanode-1/data-0/containers/hdds
2023-12-21 09:24:27,345 [main] INFO  ozoneimpl.OzoneContainer (OzoneContainer.java:buildContainerSet(326)) - Build ContainerSet costs 0s
2023-12-21 09:24:27,347 [main] INFO  server.RaftServer (ConfUtils.java:logGet(46)) - raft.rpc.type = GRPC (default)
2023-12-21 09:24:27,347 [main] INFO  grpc.GrpcConfigKeys (ConfUtils.java:logFallback(53)) - raft.grpc.admin.host = null (fallback to raft.grpc.server.host)
2023-12-21 09:24:27,347 [main] INFO  grpc.GrpcConfigKeys (ConfUtils.java:logGet(46)) - raft.grpc.admin.port = 15200 (custom)
2023-12-21 09:24:27,347 [main] INFO  grpc.GrpcConfigKeys (ConfUtils.java:logFallback(53)) - raft.grpc.client.host = null (fallback to raft.grpc.server.host)
2023-12-21 09:24:27,347 [main] INFO  grpc.GrpcConfigKeys (ConfUtils.java:logGet(46)) - raft.grpc.client.port = 15199 (custom)
2023-12-21 09:24:27,347 [main] INFO  grpc.GrpcConfigKeys (ConfUtils.java:logGet(46)) - raft.grpc.server.host = null (default)
2023-12-21 09:24:27,347 [main] INFO  grpc.GrpcConfigKeys (ConfUtils.java:logGet(46)) - raft.grpc.server.port = 15201 (custom)
2023-12-21 09:24:27,347 [main] INFO  server.GrpcService (ConfUtils.java:logGet(46)) - raft.grpc.message.size.max = 32MB (=33554432) (custom)
2023-12-21 09:24:27,348 [main] INFO  server.RaftServerConfigKeys (ConfUtils.java:logGet(46)) - raft.server.log.appender.buffer.byte-limit = 8388608 (custom)
2023-12-21 09:24:27,348 [main] INFO  server.GrpcService (ConfUtils.java:logGet(46)) - raft.grpc.flow.control.window = 5MB (=5242880) (custom)
2023-12-21 09:24:27,348 [main] INFO  server.RaftServerConfigKeys (ConfUtils.java:logGet(46)) - raft.server.rpc.request.timeout = 3000ms (default)
2023-12-21 09:24:27,348 [main] INFO  grpc.GrpcConfigKeys (ConfUtils.java:logGet(46)) - raft.grpc.server.heartbeat.channel = true (default)
2023-12-21 09:24:27,348 [main] INFO  grpc.GrpcConfigKeys (ConfUtils.java:logGet(46)) - raft.grpc.server.async.request.thread.pool.cached = true (default)
2023-12-21 09:24:27,348 [main] INFO  grpc.GrpcConfigKeys (ConfUtils.java:logGet(46)) - raft.grpc.server.async.request.thread.pool.size = 32 (default)
2023-12-21 09:24:27,350 [main] INFO  impl.DataStreamServerImpl (ConfUtils.java:logGet(46)) - raft.datastream.type = NETTY (custom)
2023-12-21 09:24:27,350 [main] INFO  server.RaftServerConfigKeys (ConfUtils.java:logGet(46)) - raft.server.data-stream.async.request.thread.pool.cached = false (default)
2023-12-21 09:24:27,350 [main] INFO  server.RaftServerConfigKeys (ConfUtils.java:logGet(46)) - raft.server.data-stream.async.request.thread.pool.size = 20 (custom)
2023-12-21 09:24:27,350 [main] INFO  server.RaftServerConfigKeys (ConfUtils.java:logGet(46)) - raft.server.data-stream.async.write.thread.pool.size = 16 (default)
2023-12-21 09:24:27,350 [main] INFO  netty.NettyConfigKeys$DataStream (ConfUtils.java:logGet(46)) - raft.netty.dataStream.server.channel.inactive.grace-period = 10min (default)
2023-12-21 09:24:27,350 [main] INFO  server.RaftServerConfigKeys (ConfUtils.java:logGet(46)) - raft.server.data-stream.client.pool.size = 10 (default)
2023-12-21 09:24:27,351 [main] INFO  netty.NettyConfigKeys$DataStream (ConfUtils.java:logGet(46)) - raft.netty.dataStream.server.use-epoll = true (default)
2023-12-21 09:24:27,351 [main] INFO  netty.NettyConfigKeys$DataStream (ConfUtils.java:logGet(46)) - raft.netty.dataStream.server.boss-group.size = 0 (default)
2023-12-21 09:24:27,351 [main] INFO  netty.NettyUtils (NettyUtils.java:newEventLoopGroup(69)) - Create EpollEventLoopGroup for 35bb34bc-f9d7-49f2-90a3-8bcd6ca0b53b-NettyServerStreamRpc-bossGroup; Thread size is 0.
2023-12-21 09:24:27,351 [main] INFO  netty.NettyConfigKeys$DataStream (ConfUtils.java:logGet(46)) - raft.netty.dataStream.server.worker-group.size = 0 (default)
2023-12-21 09:24:27,351 [main] INFO  netty.NettyUtils (NettyUtils.java:newEventLoopGroup(69)) - Create EpollEventLoopGroup for 35bb34bc-f9d7-49f2-90a3-8bcd6ca0b53b-NettyServerStreamRpc-workerGroup; Thread size is 0.
2023-12-21 09:24:27,351 [main] INFO  netty.NettyConfigKeys$DataStream (ConfUtils.java:logGet(46)) - raft.netty.dataStream.server.tls.conf = null (default)
2023-12-21 09:24:27,352 [main] INFO  netty.NettyConfigKeys$DataStream (ConfUtils.java:logGet(46)) - raft.netty.dataStream.host = null (default)
2023-12-21 09:24:27,352 [main] INFO  netty.NettyConfigKeys$DataStream (ConfUtils.java:logGet(46)) - raft.netty.dataStream.port = 15202 (custom)
2023-12-21 09:24:27,352 [main] INFO  server.RaftServerConfigKeys (ConfUtils.java:logGet(46)) - raft.server.sleep.deviation.threshold = 300ms (default)
2023-12-21 09:24:27,352 [35bb34bc-f9d7-49f2-90a3-8bcd6ca0b53b-NettyServerStreamRpc-bossGroup--thread1] INFO  logging.LoggingHandler (AbstractInternalLogger.java:log(148)) - [id: 0xd642d2aa] REGISTERED
2023-12-21 09:24:27,352 [main] INFO  server.RaftServerConfigKeys (ConfUtils.java:logGet(46)) - raft.server.close.threshold = 60s (default)
2023-12-21 09:24:27,353 [main] INFO  server.RaftServerConfigKeys (ConfUtils.java:logGet(46)) - raft.server.leaderelection.leader.step-down.wait-time = 10s (default)
2023-12-21 09:24:27,353 [main] INFO  server.RaftServerConfigKeys (ConfUtils.java:logGet(46)) - raft.server.storage.dir = [/home/runner/work/ozone/ozone/hadoop-ozone/integration-test/target/test-dir/MiniOzoneClusterImpl-e4d55aeb-da58-408a-87dd-e45f7ef8a31a/datanode-1/data/ratis] (custom)
2023-12-21 09:24:27,353 [main] INFO  server.RaftServerConfigKeys (ConfUtils.java:logGet(46)) - raft.server.threadpool.proxy.cached = true (default)
2023-12-21 09:24:27,353 [main] INFO  server.RaftServerConfigKeys (ConfUtils.java:logGet(46)) - raft.server.threadpool.proxy.size = 0 (default)
2023-12-21 09:24:27,352 [35bb34bc-f9d7-49f2-90a3-8bcd6ca0b53b-NettyServerStreamRpc-bossGroup--thread1] INFO  logging.LoggingHandler (AbstractInternalLogger.java:log(148)) - [id: 0xd642d2aa] BIND: 0.0.0.0/0.0.0.0:15202
2023-12-21 09:24:27,353 [35bb34bc-f9d7-49f2-90a3-8bcd6ca0b53b-NettyServerStreamRpc-bossGroup--thread1] INFO  logging.LoggingHandler (AbstractInternalLogger.java:log(148)) - [id: 0xd642d2aa, L:/0.0.0.0:15202] ACTIVE
2023-12-21 09:24:27,353 [35bb34bc-f9d7-49f2-90a3-8bcd6ca0b53b-impl-thread1] INFO  server.RaftServer (RaftServerProxy.java:initGroupDir(264)) - 35bb34bc-f9d7-49f2-90a3-8bcd6ca0b53b: found a subdirectory /home/runner/work/ozone/ozone/hadoop-ozone/integration-test/target/test-dir/MiniOzoneClusterImpl-e4d55aeb-da58-408a-87dd-e45f7ef8a31a/datanode-1/data/ratis/tmp
2023-12-21 09:24:27,354 [35bb34bc-f9d7-49f2-90a3-8bcd6ca0b53b-impl-thread1] INFO  server.RaftServer (RaftServerProxy.java:initGroupDir(269)) - 35bb34bc-f9d7-49f2-90a3-8bcd6ca0b53b: The directory /home/runner/work/ozone/ozone/hadoop-ozone/integration-test/target/test-dir/MiniOzoneClusterImpl-e4d55aeb-da58-408a-87dd-e45f7ef8a31a/datanode-1/data/ratis/tmp is not a group directory; ignoring it. 
2023-12-21 09:24:27,354 [main] INFO  replication.ReplicationServer (ReplicationServer.java:<init>(85)) - Initializing replication server with thread count = 10 queue length = 4096
2023-12-21 09:24:27,354 [main] INFO  server.XceiverServerGrpc (XceiverServerGrpc.java:<init>(141)) - GrpcServer channel type EpollServerSocketChannel
2023-12-21 09:24:27,356 [main] INFO  replication.ReplicationSupervisor (ReplicationSupervisor.java:build(163)) - Initializing replication supervisor with thread count = 10
2023-12-21 09:24:27,356 [main] INFO  replication.ReplicationSupervisor (ReplicationSupervisor.java:nodeStateUpdated(317)) - Node state updated to IN_SERVICE, scaling executor pool size to 10
2023-12-21 09:24:27,357 [main] INFO  http.BaseHttpServer (BaseHttpServer.java:newHttpServer2BuilderForOzone(223)) - Starting Web-server for hddsDatanode at: http://0.0.0.0:15196
2023-12-21 09:24:27,357 [main] INFO  http.BaseHttpServer (BaseHttpServer.java:<init>(110)) - Hadoop Security Enabled: false Ozone Security Enabled: false Ozone HTTP Security Enabled: false 
2023-12-21 09:24:27,358 [main] WARN  server.AuthenticationFilter (AuthenticationFilter.java:constructSecretProvider(240)) - Unable to initialize FileSignerSecretProvider, falling back to use random secrets. Reason: Could not read signature secret file: /home/runner/hadoop-http-auth-signature-secret
2023-12-21 09:24:27,360 [main] INFO  http.HttpRequestLog (HttpRequestLog.java:getRequestLog(86)) - Http request log for http.requests.hddsDatanode is not defined
2023-12-21 09:24:27,361 [main] INFO  http.HttpServer2 (HttpServer2.java:addGlobalFilter(1036)) - Added global filter 'safety' (class=org.apache.hadoop.hdds.server.http.HttpServer2$QuotingInputFilter)
2023-12-21 09:24:27,361 [main] INFO  http.HttpServer2 (HttpServer2.java:addFilter(1012)) - Added filter static_user_filter (class=org.apache.hadoop.http.lib.StaticUserWebFilter$StaticUserFilter) to context hddsDatanode
2023-12-21 09:24:27,361 [main] INFO  http.HttpServer2 (HttpServer2.java:addFilter(1020)) - Added filter static_user_filter (class=org.apache.hadoop.http.lib.StaticUserWebFilter$StaticUserFilter) to context logs
2023-12-21 09:24:27,361 [main] INFO  http.HttpServer2 (HttpServer2.java:addFilter(1020)) - Added filter static_user_filter (class=org.apache.hadoop.http.lib.StaticUserWebFilter$StaticUserFilter) to context static
2023-12-21 09:24:27,362 [main] INFO  http.BaseHttpServer (BaseHttpServer.java:<init>(189)) - HTTP server of hddsDatanode uses base directory /home/runner/work/ozone/ozone/hadoop-ozone/integration-test/target/test-dir/MiniOzoneClusterImpl-e4d55aeb-da58-408a-87dd-e45f7ef8a31a/datanode-1/meta/webserver
2023-12-21 09:24:27,362 [main] INFO  http.HttpServer2 (HttpServer2.java:bindListener(1236)) - Jetty bound to port 15196
2023-12-21 09:24:27,362 [main] INFO  server.Server (Server.java:doStart(375)) - jetty-9.4.53.v20231009; built: 2023-10-09T12:29:09.265Z; git: 27bde00a0b95a1d5bbee0eae7984f891d2d0f8c9; jvm 1.8.0_392-b08
2023-12-21 09:24:27,368 [main] INFO  server.session (DefaultSessionIdManager.java:doStart(334)) - DefaultSessionIdManager workerName=node0
2023-12-21 09:24:27,368 [main] INFO  server.session (DefaultSessionIdManager.java:doStart(339)) - No SessionScavenger set, using defaults
2023-12-21 09:24:27,369 [main] INFO  server.session (HouseKeeper.java:startScavenging(132)) - node0 Scavenging every 660000ms
2023-12-21 09:24:27,369 [main] INFO  handler.ContextHandler (ContextHandler.java:doStart(921)) - Started o.e.j.s.ServletContextHandler@14bdd8a6{logs,/logs,file:///home/runner/work/ozone/ozone/hadoop-ozone/integration-test/target/log,AVAILABLE}
2023-12-21 09:24:27,370 [main] INFO  handler.ContextHandler (ContextHandler.java:doStart(921)) - Started o.e.j.s.ServletContextHandler@90181ca{static,/static,jar:file:/home/runner/.m2/repository/org/apache/ozone/hdds-container-service/1.5.0-SNAPSHOT/hdds-container-service-1.5.0-SNAPSHOT.jar!/webapps/static,AVAILABLE}
2023-12-21 09:24:27,401 [main] INFO  handler.ContextHandler (ContextHandler.java:doStart(921)) - Started o.e.j.w.WebAppContext@5e2b6fd0{hddsDatanode,/,file:///home/runner/work/ozone/ozone/hadoop-ozone/integration-test/target/test-dir/MiniOzoneClusterImpl-e4d55aeb-da58-408a-87dd-e45f7ef8a31a/datanode-1/meta/webserver/jetty-0_0_0_0-15196-hdds-container-service-1_5_0-SNAPSHOT_jar-_-any-7310366016513236796/webapp/,AVAILABLE}{jar:file:/home/runner/.m2/repository/org/apache/ozone/hdds-container-service/1.5.0-SNAPSHOT/hdds-container-service-1.5.0-SNAPSHOT.jar!/webapps/hddsDatanode}
2023-12-21 09:24:27,403 [main] INFO  server.AbstractConnector (AbstractConnector.java:doStart(333)) - Started ServerConnector@72ddb47a{HTTP/1.1, (http/1.1)}{0.0.0.0:15196}
2023-12-21 09:24:27,403 [main] INFO  server.Server (Server.java:doStart(415)) - Started @82809ms
2023-12-21 09:24:27,403 [main] WARN  impl.MetricsSystemImpl (MetricsSystemImpl.java:register(279)) - Sink prometheus already exists!
2023-12-21 09:24:27,404 [main] INFO  http.BaseHttpServer (BaseHttpServer.java:updateConnectorAddress(354)) - HTTP server of hddsDatanode listening at http://0.0.0.0:15196
2023-12-21 09:24:27,404 [main] INFO  ipc.CallQueueManager (CallQueueManager.java:<init>(90)) - Using callQueue: class java.util.concurrent.LinkedBlockingQueue, queueCapacity: 100, scheduler: class org.apache.hadoop.ipc.DefaultRpcScheduler, ipcBackoff: false.
2023-12-21 09:24:27,404 [main] INFO  ipc.Server (Server.java:<init>(1287)) - Listener at 0.0.0.0:15197
2023-12-21 09:24:27,405 [Socket Reader #1 for port 15197] INFO  ipc.Server (Server.java:run(1323)) - Starting Socket Reader #1 for port 15197
2023-12-21 09:24:27,408 [main] INFO  ozone.HddsDatanodeService (HddsDatanodeService.java:start(324)) - Datanode start with admins: [runner]
2023-12-21 09:24:27,408 [main] INFO  ozone.HddsDatanodeClientProtocolServer (HddsDatanodeClientProtocolServer.java:start(72)) - RPC server for Client /0.0.0.0:15197
2023-12-21 09:24:27,408 [IPC Server Responder] INFO  ipc.Server (Server.java:run(1562)) - IPC Server Responder: starting
2023-12-21 09:24:27,410 [IPC Server listener on 15197] INFO  ipc.Server (Server.java:run(1402)) - IPC Server listener on 15197: starting
2023-12-21 09:24:27,415 [35bb34bc-f9d7-49f2-90a3-8bcd6ca0b53b-DatanodeStateMachineDaemonThread] INFO  statemachine.DatanodeStateMachine (DatanodeStateMachine.java:lambda$startDaemon$1(555)) - Ozone container server started.
2023-12-21 09:24:27,416 [main] WARN  dropwizard3.Dm3MetricRegistriesImpl (Dm3MetricRegistriesImpl.java:addReporterRegistration(113)) - New reporters are added after registries were created. Some metrics will be missing from the reporter. Please add reporter before adding any new registry.
2023-12-21 09:24:27,416 [main] WARN  dropwizard3.Dm3MetricRegistriesImpl (Dm3MetricRegistriesImpl.java:addReporterRegistration(113)) - New reporters are added after registries were created. Some metrics will be missing from the reporter. Please add reporter before adding any new registry.
2023-12-21 09:24:27,417 [main] INFO  impl.MetricsSystemImpl (MetricsSystemImpl.java:init(158)) - HddsDatanode metrics system started (again)
2023-12-21 09:24:27,419 [35bb34bc-f9d7-49f2-90a3-8bcd6ca0b53b-DatanodeStateMachineTaskThread-0] INFO  datanode.InitDatanodeState (InitDatanodeState.java:persistContainerDatanodeDetails(139)) - DatanodeDetails is persisted to /home/runner/work/ozone/ozone/hadoop-ozone/integration-test/target/test-dir/MiniOzoneClusterImpl-e4d55aeb-da58-408a-87dd-e45f7ef8a31a/datanode-1/meta/datanode.id
2023-12-21 09:24:27,426 [main] INFO  ozone.HddsDatanodeService (HddsDatanodeService.java:start(239)) - HddsDatanodeService host:fv-az1023-676 ip:10.1.0.5
2023-12-21 09:24:27,445 [main] INFO  upgrade.AbstractLayoutVersionManager (AbstractLayoutVersionManager.java:init(83)) - Initializing Layout version manager with metadata layout = HADOOP_PRC_PORTS_IN_DATANODEDETAILS (version = 7), software layout = HADOOP_PRC_PORTS_IN_DATANODEDETAILS (version = 7)
2023-12-21 09:24:27,445 [main] INFO  statemachine.DatanodeStateMachine (DatanodeStateMachine.java:getEndPointTaskThreadPoolSize(299)) - Datanode State Machine Task Thread Pool size 2
2023-12-21 09:24:27,446 [main] ERROR lib.MethodMetric (MethodMetric.java:snapshot(117)) - Error invoking method getCommitted
java.lang.reflect.InvocationTargetException
	at sun.reflect.GeneratedMethodAccessor52.invoke(Unknown Source)
	at sun.reflect.DelegatingMethodAccessorImpl.invoke(DelegatingMethodAccessorImpl.java:43)
	at java.lang.reflect.Method.invoke(Method.java:498)
	at org.apache.hadoop.metrics2.lib.MethodMetric$2.snapshot(MethodMetric.java:111)
	at org.apache.hadoop.metrics2.lib.MethodMetric.snapshot(MethodMetric.java:142)
	at org.apache.hadoop.metrics2.lib.MetricsRegistry.snapshot(MetricsRegistry.java:447)
	at org.apache.hadoop.metrics2.lib.MetricsSourceBuilder$1.getMetrics(MetricsSourceBuilder.java:89)
	at org.apache.hadoop.metrics2.impl.MetricsSourceAdapter.getMetrics(MetricsSourceAdapter.java:200)
	at org.apache.hadoop.metrics2.impl.MetricsSourceAdapter.updateJmxCache(MetricsSourceAdapter.java:183)
	at org.apache.hadoop.metrics2.impl.MetricsSourceAdapter.getMBeanInfo(MetricsSourceAdapter.java:156)
	at com.sun.jmx.interceptor.DefaultMBeanServerInterceptor.getNewMBeanClassName(DefaultMBeanServerInterceptor.java:333)
	at com.sun.jmx.interceptor.DefaultMBeanServerInterceptor.registerMBean(DefaultMBeanServerInterceptor.java:319)
	at com.sun.jmx.mbeanserver.JmxMBeanServer.registerMBean(JmxMBeanServer.java:522)
	at org.apache.hadoop.metrics2.util.MBeans.register(MBeans.java:100)
	at org.apache.hadoop.metrics2.util.MBeans.register(MBeans.java:73)
	at org.apache.hadoop.metrics2.impl.MetricsSourceAdapter.startMBeans(MetricsSourceAdapter.java:222)
	at org.apache.hadoop.metrics2.impl.MetricsSourceAdapter.start(MetricsSourceAdapter.java:101)
	at org.apache.hadoop.metrics2.impl.MetricsSystemImpl.registerSource(MetricsSystemImpl.java:268)
	at org.apache.hadoop.metrics2.impl.MetricsSystemImpl.register(MetricsSystemImpl.java:233)
	at org.apache.hadoop.ozone.container.common.volume.VolumeInfoMetrics.init(VolumeInfoMetrics.java:50)
	at org.apache.hadoop.ozone.container.common.volume.VolumeInfoMetrics.<init>(VolumeInfoMetrics.java:45)
	at org.apache.hadoop.ozone.container.common.volume.HddsVolume.<init>(HddsVolume.java:123)
	at org.apache.hadoop.ozone.container.common.volume.HddsVolume.<init>(HddsVolume.java:71)
	at org.apache.hadoop.ozone.container.common.volume.HddsVolume$Builder.build(HddsVolume.java:111)
	at org.apache.hadoop.ozone.container.common.volume.HddsVolumeFactory.createVolume(HddsVolumeFactory.java:48)
	at org.apache.hadoop.ozone.container.common.volume.MutableVolumeSet.initializeVolumeSet(MutableVolumeSet.java:170)
	at org.apache.hadoop.ozone.container.common.volume.MutableVolumeSet.<init>(MutableVolumeSet.java:132)
	at org.apache.hadoop.ozone.container.common.volume.MutableVolumeSet.<init>(MutableVolumeSet.java:96)
	at org.apache.hadoop.ozone.container.ozoneimpl.OzoneContainer.<init>(OzoneContainer.java:149)
	at org.apache.hadoop.ozone.container.common.statemachine.DatanodeStateMachine.<init>(DatanodeStateMachine.java:186)
	at org.apache.hadoop.ozone.HddsDatanodeService.start(HddsDatanodeService.java:296)
	at org.apache.hadoop.ozone.MiniOzoneClusterImpl.startHddsDatanode(MiniOzoneClusterImpl.java:489)
	at java.util.ArrayList.forEach(ArrayList.java:1259)
	at org.apache.hadoop.ozone.MiniOzoneClusterImpl.startHddsDatanodes(MiniOzoneClusterImpl.java:497)
	at org.apache.hadoop.ozone.MiniOzoneClusterImpl$Builder.build(MiniOzoneClusterImpl.java:627)
	at org.apache.hadoop.ozone.client.rpc.TestWatchForCommit.init(TestWatchForCommit.java:149)
	at sun.reflect.NativeMethodAccessorImpl.invoke0(Native Method)
	at sun.reflect.NativeMethodAccessorImpl.invoke(NativeMethodAccessorImpl.java:62)
	at sun.reflect.DelegatingMethodAccessorImpl.invoke(DelegatingMethodAccessorImpl.java:43)
	at java.lang.reflect.Method.invoke(Method.java:498)
	at org.junit.platform.commons.util.ReflectionUtils.invokeMethod(ReflectionUtils.java:728)
	at org.junit.jupiter.engine.execution.MethodInvocation.proceed(MethodInvocation.java:60)
	at org.junit.jupiter.engine.execution.InvocationInterceptorChain$ValidatingInvocation.proceed(InvocationInterceptorChain.java:131)
	at org.junit.jupiter.engine.extension.TimeoutExtension.intercept(TimeoutExtension.java:156)
	at org.junit.jupiter.engine.extension.TimeoutExtension.interceptLifecycleMethod(TimeoutExtension.java:128)
	at org.junit.jupiter.engine.extension.TimeoutExtension.interceptBeforeEachMethod(TimeoutExtension.java:78)
	at org.junit.jupiter.engine.execution.InterceptingExecutableInvoker$ReflectiveInterceptorCall.lambda$ofVoidMethod$0(InterceptingExecutableInvoker.java:103)
	at org.junit.jupiter.engine.execution.InterceptingExecutableInvoker.lambda$invoke$0(InterceptingExecutableInvoker.java:93)
	at org.junit.jupiter.engine.execution.InvocationInterceptorChain$InterceptedInvocation.proceed(InvocationInterceptorChain.java:106)
	at org.junit.jupiter.engine.execution.InvocationInterceptorChain.proceed(InvocationInterceptorChain.java:64)
	at org.junit.jupiter.engine.execution.InvocationInterceptorChain.chainAndInvoke(InvocationInterceptorChain.java:45)
	at org.junit.jupiter.engine.execution.InvocationInterceptorChain.invoke(InvocationInterceptorChain.java:37)
	at org.junit.jupiter.engine.execution.InterceptingExecutableInvoker.invoke(InterceptingExecutableInvoker.java:92)
	at org.junit.jupiter.engine.execution.InterceptingExecutableInvoker.invoke(InterceptingExecutableInvoker.java:86)
	at org.junit.jupiter.engine.descriptor.ClassBasedTestDescriptor.invokeMethodInExtensionContext(ClassBasedTestDescriptor.java:521)
	at org.junit.jupiter.engine.descriptor.ClassBasedTestDescriptor.lambda$synthesizeBeforeEachMethodAdapter$23(ClassBasedTestDescriptor.java:506)
	at org.junit.jupiter.engine.descriptor.TestMethodTestDescriptor.lambda$invokeBeforeEachMethods$3(TestMethodTestDescriptor.java:175)
	at org.junit.jupiter.engine.descriptor.TestMethodTestDescriptor.lambda$invokeBeforeMethodsOrCallbacksUntilExceptionOccurs$6(TestMethodTestDescriptor.java:203)
	at org.junit.platform.engine.support.hierarchical.ThrowableCollector.execute(ThrowableCollector.java:73)
	at org.junit.jupiter.engine.descriptor.TestMethodTestDescriptor.invokeBeforeMethodsOrCallbacksUntilExceptionOccurs(TestMethodTestDescriptor.java:203)
	at org.junit.jupiter.engine.descriptor.TestMethodTestDescriptor.invokeBeforeEachMethods(TestMethodTestDescriptor.java:172)
	at org.junit.jupiter.engine.descriptor.TestMethodTestDescriptor.execute(TestMethodTestDescriptor.java:135)
	at org.junit.jupiter.engine.descriptor.TestMethodTestDescriptor.execute(TestMethodTestDescriptor.java:69)
	at org.junit.platform.engine.support.hierarchical.NodeTestTask.lambda$executeRecursively$6(NodeTestTask.java:151)
	at org.junit.platform.engine.support.hierarchical.ThrowableCollector.execute(ThrowableCollector.java:73)
	at org.junit.platform.engine.support.hierarchical.NodeTestTask.lambda$executeRecursively$8(NodeTestTask.java:141)
	at org.junit.platform.engine.support.hierarchical.Node.around(Node.java:137)
	at org.junit.platform.engine.support.hierarchical.NodeTestTask.lambda$executeRecursively$9(NodeTestTask.java:139)
	at org.junit.platform.engine.support.hierarchical.ThrowableCollector.execute(ThrowableCollector.java:73)
	at org.junit.platform.engine.support.hierarchical.NodeTestTask.executeRecursively(NodeTestTask.java:138)
	at org.junit.platform.engine.support.hierarchical.NodeTestTask.execute(NodeTestTask.java:95)
	at java.util.ArrayList.forEach(ArrayList.java:1259)
	at org.junit.platform.engine.support.hierarchical.SameThreadHierarchicalTestExecutorService.invokeAll(SameThreadHierarchicalTestExecutorService.java:41)
	at org.junit.platform.engine.support.hierarchical.NodeTestTask.lambda$executeRecursively$6(NodeTestTask.java:155)
	at org.junit.platform.engine.support.hierarchical.ThrowableCollector.execute(ThrowableCollector.java:73)
	at org.junit.platform.engine.support.hierarchical.NodeTestTask.lambda$executeRecursively$8(NodeTestTask.java:141)
	at org.junit.platform.engine.support.hierarchical.Node.around(Node.java:137)
	at org.junit.platform.engine.support.hierarchical.NodeTestTask.lambda$executeRecursively$9(NodeTestTask.java:139)
	at org.junit.platform.engine.support.hierarchical.ThrowableCollector.execute(ThrowableCollector.java:73)
	at org.junit.platform.engine.support.hierarchical.NodeTestTask.executeRecursively(NodeTestTask.java:138)
	at org.junit.platform.engine.support.hierarchical.NodeTestTask.execute(NodeTestTask.java:95)
	at java.util.ArrayList.forEach(ArrayList.java:1259)
	at org.junit.platform.engine.support.hierarchical.SameThreadHierarchicalTestExecutorService.invokeAll(SameThreadHierarchicalTestExecutorService.java:41)
	at org.junit.platform.engine.support.hierarchical.NodeTestTask.lambda$executeRecursively$6(NodeTestTask.java:155)
	at org.junit.platform.engine.support.hierarchical.ThrowableCollector.execute(ThrowableCollector.java:73)
	at org.junit.platform.engine.support.hierarchical.NodeTestTask.lambda$executeRecursively$8(NodeTestTask.java:141)
	at org.junit.platform.engine.support.hierarchical.Node.around(Node.java:137)
	at org.junit.platform.engine.support.hierarchical.NodeTestTask.lambda$executeRecursively$9(NodeTestTask.java:139)
	at org.junit.platform.engine.support.hierarchical.ThrowableCollector.execute(ThrowableCollector.java:73)
	at org.junit.platform.engine.support.hierarchical.NodeTestTask.executeRecursively(NodeTestTask.java:138)
	at org.junit.platform.engine.support.hierarchical.NodeTestTask.execute(NodeTestTask.java:95)
	at org.junit.platform.engine.support.hierarchical.SameThreadHierarchicalTestExecutorService.submit(SameThreadHierarchicalTestExecutorService.java:35)
	at org.junit.platform.engine.support.hierarchical.HierarchicalTestExecutor.execute(HierarchicalTestExecutor.java:57)
	at org.junit.platform.engine.support.hierarchical.HierarchicalTestEngine.execute(HierarchicalTestEngine.java:54)
	at org.junit.platform.launcher.core.EngineExecutionOrchestrator.execute(EngineExecutionOrchestrator.java:198)
	at org.junit.platform.launcher.core.EngineExecutionOrchestrator.execute(EngineExecutionOrchestrator.java:169)
	at org.junit.platform.launcher.core.EngineExecutionOrchestrator.execute(EngineExecutionOrchestrator.java:93)
	at org.junit.platform.launcher.core.EngineExecutionOrchestrator.lambda$execute$0(EngineExecutionOrchestrator.java:58)
	at org.junit.platform.launcher.core.EngineExecutionOrchestrator.withInterceptedStreams(EngineExecutionOrchestrator.java:141)
	at org.junit.platform.launcher.core.EngineExecutionOrchestrator.execute(EngineExecutionOrchestrator.java:57)
	at org.junit.platform.launcher.core.DefaultLauncher.execute(DefaultLauncher.java:103)
	at org.junit.platform.launcher.core.DefaultLauncher.execute(DefaultLauncher.java:85)
	at org.junit.platform.launcher.core.DelegatingLauncher.execute(DelegatingLauncher.java:47)
	at org.apache.maven.surefire.junitplatform.LazyLauncher.execute(LazyLauncher.java:56)
	at org.apache.maven.surefire.junitplatform.JUnitPlatformProvider.execute(JUnitPlatformProvider.java:184)
	at org.apache.maven.surefire.junitplatform.JUnitPlatformProvider.invokeAllTests(JUnitPlatformProvider.java:148)
	at org.apache.maven.surefire.junitplatform.JUnitPlatformProvider.invoke(JUnitPlatformProvider.java:120)
	at org.apache.maven.surefire.booter.ForkedBooter.runSuitesInProcess(ForkedBooter.java:385)
	at org.apache.maven.surefire.booter.ForkedBooter.execute(ForkedBooter.java:162)
	at org.apache.maven.surefire.booter.ForkedBooter.run(ForkedBooter.java:507)
	at org.apache.maven.surefire.booter.ForkedBooter.main(ForkedBooter.java:495)
Caused by: java.lang.NullPointerException
	at org.apache.hadoop.ozone.container.common.volume.HddsVolume.getCommittedBytes(HddsVolume.java:303)
	at org.apache.hadoop.ozone.container.common.volume.VolumeInfoMetrics.getCommitted(VolumeInfoMetrics.java:147)
	... 111 more
2023-12-21 09:24:27,447 [main] INFO  volume.HddsVolume (HddsVolume.java:<init>(126)) - Creating HddsVolume: /home/runner/work/ozone/ozone/hadoop-ozone/integration-test/target/test-dir/MiniOzoneClusterImpl-e4d55aeb-da58-408a-87dd-e45f7ef8a31a/datanode-2/data-0/containers/hdds of storage type : DISK capacity : 9223372036854775807
2023-12-21 09:24:27,448 [main] INFO  volume.MutableVolumeSet (MutableVolumeSet.java:initializeVolumeSet(173)) - Added Volume : /home/runner/work/ozone/ozone/hadoop-ozone/integration-test/target/test-dir/MiniOzoneClusterImpl-e4d55aeb-da58-408a-87dd-e45f7ef8a31a/datanode-2/data-0/containers/hdds to VolumeSet
2023-12-21 09:24:27,448 [main] INFO  volume.MutableVolumeSet (MutableVolumeSet.java:initializeVolumeSet(173)) - Added Volume : /home/runner/work/ozone/ozone/hadoop-ozone/integration-test/target/test-dir/MiniOzoneClusterImpl-e4d55aeb-da58-408a-87dd-e45f7ef8a31a/datanode-2/data/ratis to VolumeSet
2023-12-21 09:24:27,449 [main] INFO  ozoneimpl.OzoneContainer (HddsVolumeUtil.java:loadAllHddsVolumeDbStore(103)) - Load 1 volumes DbStore cost: 0ms
2023-12-21 09:24:27,452 [981caf93-6f40-449f-9dad-f58530f26ff1-ContainerReader-0] INFO  ozoneimpl.ContainerReader (ContainerReader.java:readVolume(178)) - Finish verifying containers on volume /home/runner/work/ozone/ozone/hadoop-ozone/integration-test/target/test-dir/MiniOzoneClusterImpl-e4d55aeb-da58-408a-87dd-e45f7ef8a31a/datanode-2/data-0/containers/hdds
2023-12-21 09:24:27,452 [main] INFO  ozoneimpl.OzoneContainer (OzoneContainer.java:buildContainerSet(326)) - Build ContainerSet costs 0s
2023-12-21 09:24:27,454 [main] INFO  server.RaftServer (ConfUtils.java:logGet(46)) - raft.rpc.type = GRPC (default)
2023-12-21 09:24:27,454 [main] INFO  grpc.GrpcConfigKeys (ConfUtils.java:logFallback(53)) - raft.grpc.admin.host = null (fallback to raft.grpc.server.host)
2023-12-21 09:24:27,454 [main] INFO  grpc.GrpcConfigKeys (ConfUtils.java:logGet(46)) - raft.grpc.admin.port = 15209 (custom)
2023-12-21 09:24:27,454 [main] INFO  grpc.GrpcConfigKeys (ConfUtils.java:logFallback(53)) - raft.grpc.client.host = null (fallback to raft.grpc.server.host)
2023-12-21 09:24:27,455 [main] INFO  grpc.GrpcConfigKeys (ConfUtils.java:logGet(46)) - raft.grpc.client.port = 15208 (custom)
2023-12-21 09:24:27,455 [main] INFO  grpc.GrpcConfigKeys (ConfUtils.java:logGet(46)) - raft.grpc.server.host = null (default)
2023-12-21 09:24:27,455 [main] INFO  grpc.GrpcConfigKeys (ConfUtils.java:logGet(46)) - raft.grpc.server.port = 15210 (custom)
2023-12-21 09:24:27,455 [main] INFO  server.GrpcService (ConfUtils.java:logGet(46)) - raft.grpc.message.size.max = 32MB (=33554432) (custom)
2023-12-21 09:24:27,455 [main] INFO  server.RaftServerConfigKeys (ConfUtils.java:logGet(46)) - raft.server.log.appender.buffer.byte-limit = 8388608 (custom)
2023-12-21 09:24:27,455 [main] INFO  server.GrpcService (ConfUtils.java:logGet(46)) - raft.grpc.flow.control.window = 5MB (=5242880) (custom)
2023-12-21 09:24:27,456 [main] INFO  server.RaftServerConfigKeys (ConfUtils.java:logGet(46)) - raft.server.rpc.request.timeout = 3000ms (default)
2023-12-21 09:24:27,456 [main] INFO  grpc.GrpcConfigKeys (ConfUtils.java:logGet(46)) - raft.grpc.server.heartbeat.channel = true (default)
2023-12-21 09:24:27,456 [main] INFO  grpc.GrpcConfigKeys (ConfUtils.java:logGet(46)) - raft.grpc.server.async.request.thread.pool.cached = true (default)
2023-12-21 09:24:27,456 [main] INFO  grpc.GrpcConfigKeys (ConfUtils.java:logGet(46)) - raft.grpc.server.async.request.thread.pool.size = 32 (default)
2023-12-21 09:24:27,458 [main] INFO  impl.DataStreamServerImpl (ConfUtils.java:logGet(46)) - raft.datastream.type = NETTY (custom)
2023-12-21 09:24:27,459 [main] INFO  server.RaftServerConfigKeys (ConfUtils.java:logGet(46)) - raft.server.data-stream.async.request.thread.pool.cached = false (default)
2023-12-21 09:24:27,459 [main] INFO  server.RaftServerConfigKeys (ConfUtils.java:logGet(46)) - raft.server.data-stream.async.request.thread.pool.size = 20 (custom)
2023-12-21 09:24:27,459 [main] INFO  server.RaftServerConfigKeys (ConfUtils.java:logGet(46)) - raft.server.data-stream.async.write.thread.pool.size = 16 (default)
2023-12-21 09:24:27,459 [main] INFO  netty.NettyConfigKeys$DataStream (ConfUtils.java:logGet(46)) - raft.netty.dataStream.server.channel.inactive.grace-period = 10min (default)
2023-12-21 09:24:27,459 [main] INFO  server.RaftServerConfigKeys (ConfUtils.java:logGet(46)) - raft.server.data-stream.client.pool.size = 10 (default)
2023-12-21 09:24:27,459 [main] INFO  netty.NettyConfigKeys$DataStream (ConfUtils.java:logGet(46)) - raft.netty.dataStream.server.use-epoll = true (default)
2023-12-21 09:24:27,459 [main] INFO  netty.NettyConfigKeys$DataStream (ConfUtils.java:logGet(46)) - raft.netty.dataStream.server.boss-group.size = 0 (default)
2023-12-21 09:24:27,459 [main] INFO  netty.NettyUtils (NettyUtils.java:newEventLoopGroup(69)) - Create EpollEventLoopGroup for 981caf93-6f40-449f-9dad-f58530f26ff1-NettyServerStreamRpc-bossGroup; Thread size is 0.
2023-12-21 09:24:27,460 [main] INFO  netty.NettyConfigKeys$DataStream (ConfUtils.java:logGet(46)) - raft.netty.dataStream.server.worker-group.size = 0 (default)
2023-12-21 09:24:27,460 [main] INFO  netty.NettyUtils (NettyUtils.java:newEventLoopGroup(69)) - Create EpollEventLoopGroup for 981caf93-6f40-449f-9dad-f58530f26ff1-NettyServerStreamRpc-workerGroup; Thread size is 0.
2023-12-21 09:24:27,460 [main] INFO  netty.NettyConfigKeys$DataStream (ConfUtils.java:logGet(46)) - raft.netty.dataStream.server.tls.conf = null (default)
2023-12-21 09:24:27,460 [main] INFO  netty.NettyConfigKeys$DataStream (ConfUtils.java:logGet(46)) - raft.netty.dataStream.host = null (default)
2023-12-21 09:24:27,460 [main] INFO  netty.NettyConfigKeys$DataStream (ConfUtils.java:logGet(46)) - raft.netty.dataStream.port = 15211 (custom)
2023-12-21 09:24:27,461 [main] INFO  server.RaftServerConfigKeys (ConfUtils.java:logGet(46)) - raft.server.sleep.deviation.threshold = 300ms (default)
2023-12-21 09:24:27,461 [981caf93-6f40-449f-9dad-f58530f26ff1-NettyServerStreamRpc-bossGroup--thread1] INFO  logging.LoggingHandler (AbstractInternalLogger.java:log(148)) - [id: 0x616c09d1] REGISTERED
2023-12-21 09:24:27,461 [main] INFO  server.RaftServerConfigKeys (ConfUtils.java:logGet(46)) - raft.server.close.threshold = 60s (default)
2023-12-21 09:24:27,461 [981caf93-6f40-449f-9dad-f58530f26ff1-NettyServerStreamRpc-bossGroup--thread1] INFO  logging.LoggingHandler (AbstractInternalLogger.java:log(148)) - [id: 0x616c09d1] BIND: 0.0.0.0/0.0.0.0:15211
2023-12-21 09:24:27,461 [main] INFO  server.RaftServerConfigKeys (ConfUtils.java:logGet(46)) - raft.server.leaderelection.leader.step-down.wait-time = 10s (default)
2023-12-21 09:24:27,461 [981caf93-6f40-449f-9dad-f58530f26ff1-NettyServerStreamRpc-bossGroup--thread1] INFO  logging.LoggingHandler (AbstractInternalLogger.java:log(148)) - [id: 0x616c09d1, L:/0.0.0.0:15211] ACTIVE
2023-12-21 09:24:27,461 [main] INFO  server.RaftServerConfigKeys (ConfUtils.java:logGet(46)) - raft.server.storage.dir = [/home/runner/work/ozone/ozone/hadoop-ozone/integration-test/target/test-dir/MiniOzoneClusterImpl-e4d55aeb-da58-408a-87dd-e45f7ef8a31a/datanode-2/data/ratis] (custom)
2023-12-21 09:24:27,461 [main] INFO  server.RaftServerConfigKeys (ConfUtils.java:logGet(46)) - raft.server.threadpool.proxy.cached = true (default)
2023-12-21 09:24:27,462 [main] INFO  server.RaftServerConfigKeys (ConfUtils.java:logGet(46)) - raft.server.threadpool.proxy.size = 0 (default)
2023-12-21 09:24:27,462 [981caf93-6f40-449f-9dad-f58530f26ff1-impl-thread1] INFO  server.RaftServer (RaftServerProxy.java:initGroupDir(264)) - 981caf93-6f40-449f-9dad-f58530f26ff1: found a subdirectory /home/runner/work/ozone/ozone/hadoop-ozone/integration-test/target/test-dir/MiniOzoneClusterImpl-e4d55aeb-da58-408a-87dd-e45f7ef8a31a/datanode-2/data/ratis/tmp
2023-12-21 09:24:27,462 [981caf93-6f40-449f-9dad-f58530f26ff1-impl-thread1] INFO  server.RaftServer (RaftServerProxy.java:initGroupDir(269)) - 981caf93-6f40-449f-9dad-f58530f26ff1: The directory /home/runner/work/ozone/ozone/hadoop-ozone/integration-test/target/test-dir/MiniOzoneClusterImpl-e4d55aeb-da58-408a-87dd-e45f7ef8a31a/datanode-2/data/ratis/tmp is not a group directory; ignoring it. 
2023-12-21 09:24:27,462 [main] INFO  replication.ReplicationServer (ReplicationServer.java:<init>(85)) - Initializing replication server with thread count = 10 queue length = 4096
2023-12-21 09:24:27,463 [main] INFO  server.XceiverServerGrpc (XceiverServerGrpc.java:<init>(141)) - GrpcServer channel type EpollServerSocketChannel
2023-12-21 09:24:27,464 [main] INFO  replication.ReplicationSupervisor (ReplicationSupervisor.java:build(163)) - Initializing replication supervisor with thread count = 10
2023-12-21 09:24:27,464 [main] INFO  replication.ReplicationSupervisor (ReplicationSupervisor.java:nodeStateUpdated(317)) - Node state updated to IN_SERVICE, scaling executor pool size to 10
2023-12-21 09:24:27,465 [main] INFO  http.BaseHttpServer (BaseHttpServer.java:newHttpServer2BuilderForOzone(223)) - Starting Web-server for hddsDatanode at: http://0.0.0.0:15205
2023-12-21 09:24:27,465 [main] INFO  http.BaseHttpServer (BaseHttpServer.java:<init>(110)) - Hadoop Security Enabled: false Ozone Security Enabled: false Ozone HTTP Security Enabled: false 
2023-12-21 09:24:27,466 [main] WARN  server.AuthenticationFilter (AuthenticationFilter.java:constructSecretProvider(240)) - Unable to initialize FileSignerSecretProvider, falling back to use random secrets. Reason: Could not read signature secret file: /home/runner/hadoop-http-auth-signature-secret
2023-12-21 09:24:27,467 [main] INFO  http.HttpRequestLog (HttpRequestLog.java:getRequestLog(86)) - Http request log for http.requests.hddsDatanode is not defined
2023-12-21 09:24:27,468 [main] INFO  http.HttpServer2 (HttpServer2.java:addGlobalFilter(1036)) - Added global filter 'safety' (class=org.apache.hadoop.hdds.server.http.HttpServer2$QuotingInputFilter)
2023-12-21 09:24:27,468 [main] INFO  http.HttpServer2 (HttpServer2.java:addFilter(1012)) - Added filter static_user_filter (class=org.apache.hadoop.http.lib.StaticUserWebFilter$StaticUserFilter) to context hddsDatanode
2023-12-21 09:24:27,468 [main] INFO  http.HttpServer2 (HttpServer2.java:addFilter(1020)) - Added filter static_user_filter (class=org.apache.hadoop.http.lib.StaticUserWebFilter$StaticUserFilter) to context logs
2023-12-21 09:24:27,468 [main] INFO  http.HttpServer2 (HttpServer2.java:addFilter(1020)) - Added filter static_user_filter (class=org.apache.hadoop.http.lib.StaticUserWebFilter$StaticUserFilter) to context static
2023-12-21 09:24:27,469 [main] INFO  http.BaseHttpServer (BaseHttpServer.java:<init>(189)) - HTTP server of hddsDatanode uses base directory /home/runner/work/ozone/ozone/hadoop-ozone/integration-test/target/test-dir/MiniOzoneClusterImpl-e4d55aeb-da58-408a-87dd-e45f7ef8a31a/datanode-2/meta/webserver
2023-12-21 09:24:27,469 [main] INFO  http.HttpServer2 (HttpServer2.java:bindListener(1236)) - Jetty bound to port 15205
2023-12-21 09:24:27,469 [main] INFO  server.Server (Server.java:doStart(375)) - jetty-9.4.53.v20231009; built: 2023-10-09T12:29:09.265Z; git: 27bde00a0b95a1d5bbee0eae7984f891d2d0f8c9; jvm 1.8.0_392-b08
2023-12-21 09:24:27,470 [main] INFO  server.session (DefaultSessionIdManager.java:doStart(334)) - DefaultSessionIdManager workerName=node0
2023-12-21 09:24:27,470 [main] INFO  server.session (DefaultSessionIdManager.java:doStart(339)) - No SessionScavenger set, using defaults
2023-12-21 09:24:27,470 [main] INFO  server.session (HouseKeeper.java:startScavenging(132)) - node0 Scavenging every 660000ms
2023-12-21 09:24:27,470 [main] INFO  handler.ContextHandler (ContextHandler.java:doStart(921)) - Started o.e.j.s.ServletContextHandler@1ae6e1cc{logs,/logs,file:///home/runner/work/ozone/ozone/hadoop-ozone/integration-test/target/log,AVAILABLE}
2023-12-21 09:24:27,471 [main] INFO  handler.ContextHandler (ContextHandler.java:doStart(921)) - Started o.e.j.s.ServletContextHandler@1ca40818{static,/static,jar:file:/home/runner/.m2/repository/org/apache/ozone/hdds-container-service/1.5.0-SNAPSHOT/hdds-container-service-1.5.0-SNAPSHOT.jar!/webapps/static,AVAILABLE}
2023-12-21 09:24:27,502 [main] INFO  handler.ContextHandler (ContextHandler.java:doStart(921)) - Started o.e.j.w.WebAppContext@3af4d49d{hddsDatanode,/,file:///home/runner/work/ozone/ozone/hadoop-ozone/integration-test/target/test-dir/MiniOzoneClusterImpl-e4d55aeb-da58-408a-87dd-e45f7ef8a31a/datanode-2/meta/webserver/jetty-0_0_0_0-15205-hdds-container-service-1_5_0-SNAPSHOT_jar-_-any-2520985328833408620/webapp/,AVAILABLE}{jar:file:/home/runner/.m2/repository/org/apache/ozone/hdds-container-service/1.5.0-SNAPSHOT/hdds-container-service-1.5.0-SNAPSHOT.jar!/webapps/hddsDatanode}
2023-12-21 09:24:27,503 [main] INFO  server.AbstractConnector (AbstractConnector.java:doStart(333)) - Started ServerConnector@394f2e02{HTTP/1.1, (http/1.1)}{0.0.0.0:15205}
2023-12-21 09:24:27,503 [main] INFO  server.Server (Server.java:doStart(415)) - Started @82909ms
2023-12-21 09:24:27,503 [main] WARN  impl.MetricsSystemImpl (MetricsSystemImpl.java:register(279)) - Sink prometheus already exists!
2023-12-21 09:24:27,504 [main] INFO  http.BaseHttpServer (BaseHttpServer.java:updateConnectorAddress(354)) - HTTP server of hddsDatanode listening at http://0.0.0.0:15205
2023-12-21 09:24:27,504 [main] INFO  ipc.CallQueueManager (CallQueueManager.java:<init>(90)) - Using callQueue: class java.util.concurrent.LinkedBlockingQueue, queueCapacity: 100, scheduler: class org.apache.hadoop.ipc.DefaultRpcScheduler, ipcBackoff: false.
2023-12-21 09:24:27,504 [main] INFO  ipc.Server (Server.java:<init>(1287)) - Listener at 0.0.0.0:15206
2023-12-21 09:24:27,504 [Socket Reader #1 for port 15206] INFO  ipc.Server (Server.java:run(1323)) - Starting Socket Reader #1 for port 15206
2023-12-21 09:24:27,509 [main] INFO  ozone.HddsDatanodeService (HddsDatanodeService.java:start(324)) - Datanode start with admins: [runner]
2023-12-21 09:24:27,509 [main] INFO  ozone.HddsDatanodeClientProtocolServer (HddsDatanodeClientProtocolServer.java:start(72)) - RPC server for Client /0.0.0.0:15206
2023-12-21 09:24:27,509 [IPC Server Responder] INFO  ipc.Server (Server.java:run(1562)) - IPC Server Responder: starting
2023-12-21 09:24:27,509 [IPC Server listener on 15206] INFO  ipc.Server (Server.java:run(1402)) - IPC Server listener on 15206: starting
2023-12-21 09:24:27,510 [981caf93-6f40-449f-9dad-f58530f26ff1-DatanodeStateMachineDaemonThread] INFO  statemachine.DatanodeStateMachine (DatanodeStateMachine.java:lambda$startDaemon$1(555)) - Ozone container server started.
2023-12-21 09:24:27,510 [main] WARN  dropwizard3.Dm3MetricRegistriesImpl (Dm3MetricRegistriesImpl.java:addReporterRegistration(113)) - New reporters are added after registries were created. Some metrics will be missing from the reporter. Please add reporter before adding any new registry.
2023-12-21 09:24:27,511 [main] WARN  dropwizard3.Dm3MetricRegistriesImpl (Dm3MetricRegistriesImpl.java:addReporterRegistration(113)) - New reporters are added after registries were created. Some metrics will be missing from the reporter. Please add reporter before adding any new registry.
2023-12-21 09:24:27,511 [main] INFO  impl.MetricsSystemImpl (MetricsSystemImpl.java:init(158)) - HddsDatanode metrics system started (again)
2023-12-21 09:24:27,513 [981caf93-6f40-449f-9dad-f58530f26ff1-DatanodeStateMachineTaskThread-0] INFO  datanode.InitDatanodeState (InitDatanodeState.java:persistContainerDatanodeDetails(139)) - DatanodeDetails is persisted to /home/runner/work/ozone/ozone/hadoop-ozone/integration-test/target/test-dir/MiniOzoneClusterImpl-e4d55aeb-da58-408a-87dd-e45f7ef8a31a/datanode-2/meta/datanode.id
2023-12-21 09:24:27,521 [main] INFO  ozone.HddsDatanodeService (HddsDatanodeService.java:start(239)) - HddsDatanodeService host:fv-az1023-676 ip:10.1.0.5
2023-12-21 09:24:27,537 [main] INFO  upgrade.AbstractLayoutVersionManager (AbstractLayoutVersionManager.java:init(83)) - Initializing Layout version manager with metadata layout = HADOOP_PRC_PORTS_IN_DATANODEDETAILS (version = 7), software layout = HADOOP_PRC_PORTS_IN_DATANODEDETAILS (version = 7)
2023-12-21 09:24:27,537 [main] INFO  statemachine.DatanodeStateMachine (DatanodeStateMachine.java:getEndPointTaskThreadPoolSize(299)) - Datanode State Machine Task Thread Pool size 2
2023-12-21 09:24:27,538 [main] ERROR lib.MethodMetric (MethodMetric.java:snapshot(117)) - Error invoking method getCommitted
java.lang.reflect.InvocationTargetException
	at sun.reflect.GeneratedMethodAccessor52.invoke(Unknown Source)
	at sun.reflect.DelegatingMethodAccessorImpl.invoke(DelegatingMethodAccessorImpl.java:43)
	at java.lang.reflect.Method.invoke(Method.java:498)
	at org.apache.hadoop.metrics2.lib.MethodMetric$2.snapshot(MethodMetric.java:111)
	at org.apache.hadoop.metrics2.lib.MethodMetric.snapshot(MethodMetric.java:142)
	at org.apache.hadoop.metrics2.lib.MetricsRegistry.snapshot(MetricsRegistry.java:447)
	at org.apache.hadoop.metrics2.lib.MetricsSourceBuilder$1.getMetrics(MetricsSourceBuilder.java:89)
	at org.apache.hadoop.metrics2.impl.MetricsSourceAdapter.getMetrics(MetricsSourceAdapter.java:200)
	at org.apache.hadoop.metrics2.impl.MetricsSourceAdapter.updateJmxCache(MetricsSourceAdapter.java:183)
	at org.apache.hadoop.metrics2.impl.MetricsSourceAdapter.getMBeanInfo(MetricsSourceAdapter.java:156)
	at com.sun.jmx.interceptor.DefaultMBeanServerInterceptor.getNewMBeanClassName(DefaultMBeanServerInterceptor.java:333)
	at com.sun.jmx.interceptor.DefaultMBeanServerInterceptor.registerMBean(DefaultMBeanServerInterceptor.java:319)
	at com.sun.jmx.mbeanserver.JmxMBeanServer.registerMBean(JmxMBeanServer.java:522)
	at org.apache.hadoop.metrics2.util.MBeans.register(MBeans.java:100)
	at org.apache.hadoop.metrics2.util.MBeans.register(MBeans.java:73)
	at org.apache.hadoop.metrics2.impl.MetricsSourceAdapter.startMBeans(MetricsSourceAdapter.java:222)
	at org.apache.hadoop.metrics2.impl.MetricsSourceAdapter.start(MetricsSourceAdapter.java:101)
	at org.apache.hadoop.metrics2.impl.MetricsSystemImpl.registerSource(MetricsSystemImpl.java:268)
	at org.apache.hadoop.metrics2.impl.MetricsSystemImpl.register(MetricsSystemImpl.java:233)
	at org.apache.hadoop.ozone.container.common.volume.VolumeInfoMetrics.init(VolumeInfoMetrics.java:50)
	at org.apache.hadoop.ozone.container.common.volume.VolumeInfoMetrics.<init>(VolumeInfoMetrics.java:45)
	at org.apache.hadoop.ozone.container.common.volume.HddsVolume.<init>(HddsVolume.java:123)
	at org.apache.hadoop.ozone.container.common.volume.HddsVolume.<init>(HddsVolume.java:71)
	at org.apache.hadoop.ozone.container.common.volume.HddsVolume$Builder.build(HddsVolume.java:111)
	at org.apache.hadoop.ozone.container.common.volume.HddsVolumeFactory.createVolume(HddsVolumeFactory.java:48)
	at org.apache.hadoop.ozone.container.common.volume.MutableVolumeSet.initializeVolumeSet(MutableVolumeSet.java:170)
	at org.apache.hadoop.ozone.container.common.volume.MutableVolumeSet.<init>(MutableVolumeSet.java:132)
	at org.apache.hadoop.ozone.container.common.volume.MutableVolumeSet.<init>(MutableVolumeSet.java:96)
	at org.apache.hadoop.ozone.container.ozoneimpl.OzoneContainer.<init>(OzoneContainer.java:149)
	at org.apache.hadoop.ozone.container.common.statemachine.DatanodeStateMachine.<init>(DatanodeStateMachine.java:186)
	at org.apache.hadoop.ozone.HddsDatanodeService.start(HddsDatanodeService.java:296)
	at org.apache.hadoop.ozone.MiniOzoneClusterImpl.startHddsDatanode(MiniOzoneClusterImpl.java:489)
	at java.util.ArrayList.forEach(ArrayList.java:1259)
	at org.apache.hadoop.ozone.MiniOzoneClusterImpl.startHddsDatanodes(MiniOzoneClusterImpl.java:497)
	at org.apache.hadoop.ozone.MiniOzoneClusterImpl$Builder.build(MiniOzoneClusterImpl.java:627)
	at org.apache.hadoop.ozone.client.rpc.TestWatchForCommit.init(TestWatchForCommit.java:149)
	at sun.reflect.NativeMethodAccessorImpl.invoke0(Native Method)
	at sun.reflect.NativeMethodAccessorImpl.invoke(NativeMethodAccessorImpl.java:62)
	at sun.reflect.DelegatingMethodAccessorImpl.invoke(DelegatingMethodAccessorImpl.java:43)
	at java.lang.reflect.Method.invoke(Method.java:498)
	at org.junit.platform.commons.util.ReflectionUtils.invokeMethod(ReflectionUtils.java:728)
	at org.junit.jupiter.engine.execution.MethodInvocation.proceed(MethodInvocation.java:60)
	at org.junit.jupiter.engine.execution.InvocationInterceptorChain$ValidatingInvocation.proceed(InvocationInterceptorChain.java:131)
	at org.junit.jupiter.engine.extension.TimeoutExtension.intercept(TimeoutExtension.java:156)
	at org.junit.jupiter.engine.extension.TimeoutExtension.interceptLifecycleMethod(TimeoutExtension.java:128)
	at org.junit.jupiter.engine.extension.TimeoutExtension.interceptBeforeEachMethod(TimeoutExtension.java:78)
	at org.junit.jupiter.engine.execution.InterceptingExecutableInvoker$ReflectiveInterceptorCall.lambda$ofVoidMethod$0(InterceptingExecutableInvoker.java:103)
	at org.junit.jupiter.engine.execution.InterceptingExecutableInvoker.lambda$invoke$0(InterceptingExecutableInvoker.java:93)
	at org.junit.jupiter.engine.execution.InvocationInterceptorChain$InterceptedInvocation.proceed(InvocationInterceptorChain.java:106)
	at org.junit.jupiter.engine.execution.InvocationInterceptorChain.proceed(InvocationInterceptorChain.java:64)
	at org.junit.jupiter.engine.execution.InvocationInterceptorChain.chainAndInvoke(InvocationInterceptorChain.java:45)
	at org.junit.jupiter.engine.execution.InvocationInterceptorChain.invoke(InvocationInterceptorChain.java:37)
	at org.junit.jupiter.engine.execution.InterceptingExecutableInvoker.invoke(InterceptingExecutableInvoker.java:92)
	at org.junit.jupiter.engine.execution.InterceptingExecutableInvoker.invoke(InterceptingExecutableInvoker.java:86)
	at org.junit.jupiter.engine.descriptor.ClassBasedTestDescriptor.invokeMethodInExtensionContext(ClassBasedTestDescriptor.java:521)
	at org.junit.jupiter.engine.descriptor.ClassBasedTestDescriptor.lambda$synthesizeBeforeEachMethodAdapter$23(ClassBasedTestDescriptor.java:506)
	at org.junit.jupiter.engine.descriptor.TestMethodTestDescriptor.lambda$invokeBeforeEachMethods$3(TestMethodTestDescriptor.java:175)
	at org.junit.jupiter.engine.descriptor.TestMethodTestDescriptor.lambda$invokeBeforeMethodsOrCallbacksUntilExceptionOccurs$6(TestMethodTestDescriptor.java:203)
	at org.junit.platform.engine.support.hierarchical.ThrowableCollector.execute(ThrowableCollector.java:73)
	at org.junit.jupiter.engine.descriptor.TestMethodTestDescriptor.invokeBeforeMethodsOrCallbacksUntilExceptionOccurs(TestMethodTestDescriptor.java:203)
	at org.junit.jupiter.engine.descriptor.TestMethodTestDescriptor.invokeBeforeEachMethods(TestMethodTestDescriptor.java:172)
	at org.junit.jupiter.engine.descriptor.TestMethodTestDescriptor.execute(TestMethodTestDescriptor.java:135)
	at org.junit.jupiter.engine.descriptor.TestMethodTestDescriptor.execute(TestMethodTestDescriptor.java:69)
	at org.junit.platform.engine.support.hierarchical.NodeTestTask.lambda$executeRecursively$6(NodeTestTask.java:151)
	at org.junit.platform.engine.support.hierarchical.ThrowableCollector.execute(ThrowableCollector.java:73)
	at org.junit.platform.engine.support.hierarchical.NodeTestTask.lambda$executeRecursively$8(NodeTestTask.java:141)
	at org.junit.platform.engine.support.hierarchical.Node.around(Node.java:137)
	at org.junit.platform.engine.support.hierarchical.NodeTestTask.lambda$executeRecursively$9(NodeTestTask.java:139)
	at org.junit.platform.engine.support.hierarchical.ThrowableCollector.execute(ThrowableCollector.java:73)
	at org.junit.platform.engine.support.hierarchical.NodeTestTask.executeRecursively(NodeTestTask.java:138)
	at org.junit.platform.engine.support.hierarchical.NodeTestTask.execute(NodeTestTask.java:95)
	at java.util.ArrayList.forEach(ArrayList.java:1259)
	at org.junit.platform.engine.support.hierarchical.SameThreadHierarchicalTestExecutorService.invokeAll(SameThreadHierarchicalTestExecutorService.java:41)
	at org.junit.platform.engine.support.hierarchical.NodeTestTask.lambda$executeRecursively$6(NodeTestTask.java:155)
	at org.junit.platform.engine.support.hierarchical.ThrowableCollector.execute(ThrowableCollector.java:73)
	at org.junit.platform.engine.support.hierarchical.NodeTestTask.lambda$executeRecursively$8(NodeTestTask.java:141)
	at org.junit.platform.engine.support.hierarchical.Node.around(Node.java:137)
	at org.junit.platform.engine.support.hierarchical.NodeTestTask.lambda$executeRecursively$9(NodeTestTask.java:139)
	at org.junit.platform.engine.support.hierarchical.ThrowableCollector.execute(ThrowableCollector.java:73)
	at org.junit.platform.engine.support.hierarchical.NodeTestTask.executeRecursively(NodeTestTask.java:138)
	at org.junit.platform.engine.support.hierarchical.NodeTestTask.execute(NodeTestTask.java:95)
	at java.util.ArrayList.forEach(ArrayList.java:1259)
	at org.junit.platform.engine.support.hierarchical.SameThreadHierarchicalTestExecutorService.invokeAll(SameThreadHierarchicalTestExecutorService.java:41)
	at org.junit.platform.engine.support.hierarchical.NodeTestTask.lambda$executeRecursively$6(NodeTestTask.java:155)
	at org.junit.platform.engine.support.hierarchical.ThrowableCollector.execute(ThrowableCollector.java:73)
	at org.junit.platform.engine.support.hierarchical.NodeTestTask.lambda$executeRecursively$8(NodeTestTask.java:141)
	at org.junit.platform.engine.support.hierarchical.Node.around(Node.java:137)
	at org.junit.platform.engine.support.hierarchical.NodeTestTask.lambda$executeRecursively$9(NodeTestTask.java:139)
	at org.junit.platform.engine.support.hierarchical.ThrowableCollector.execute(ThrowableCollector.java:73)
	at org.junit.platform.engine.support.hierarchical.NodeTestTask.executeRecursively(NodeTestTask.java:138)
	at org.junit.platform.engine.support.hierarchical.NodeTestTask.execute(NodeTestTask.java:95)
	at org.junit.platform.engine.support.hierarchical.SameThreadHierarchicalTestExecutorService.submit(SameThreadHierarchicalTestExecutorService.java:35)
	at org.junit.platform.engine.support.hierarchical.HierarchicalTestExecutor.execute(HierarchicalTestExecutor.java:57)
	at org.junit.platform.engine.support.hierarchical.HierarchicalTestEngine.execute(HierarchicalTestEngine.java:54)
	at org.junit.platform.launcher.core.EngineExecutionOrchestrator.execute(EngineExecutionOrchestrator.java:198)
	at org.junit.platform.launcher.core.EngineExecutionOrchestrator.execute(EngineExecutionOrchestrator.java:169)
	at org.junit.platform.launcher.core.EngineExecutionOrchestrator.execute(EngineExecutionOrchestrator.java:93)
	at org.junit.platform.launcher.core.EngineExecutionOrchestrator.lambda$execute$0(EngineExecutionOrchestrator.java:58)
	at org.junit.platform.launcher.core.EngineExecutionOrchestrator.withInterceptedStreams(EngineExecutionOrchestrator.java:141)
	at org.junit.platform.launcher.core.EngineExecutionOrchestrator.execute(EngineExecutionOrchestrator.java:57)
	at org.junit.platform.launcher.core.DefaultLauncher.execute(DefaultLauncher.java:103)
	at org.junit.platform.launcher.core.DefaultLauncher.execute(DefaultLauncher.java:85)
	at org.junit.platform.launcher.core.DelegatingLauncher.execute(DelegatingLauncher.java:47)
	at org.apache.maven.surefire.junitplatform.LazyLauncher.execute(LazyLauncher.java:56)
	at org.apache.maven.surefire.junitplatform.JUnitPlatformProvider.execute(JUnitPlatformProvider.java:184)
	at org.apache.maven.surefire.junitplatform.JUnitPlatformProvider.invokeAllTests(JUnitPlatformProvider.java:148)
	at org.apache.maven.surefire.junitplatform.JUnitPlatformProvider.invoke(JUnitPlatformProvider.java:120)
	at org.apache.maven.surefire.booter.ForkedBooter.runSuitesInProcess(ForkedBooter.java:385)
	at org.apache.maven.surefire.booter.ForkedBooter.execute(ForkedBooter.java:162)
	at org.apache.maven.surefire.booter.ForkedBooter.run(ForkedBooter.java:507)
	at org.apache.maven.surefire.booter.ForkedBooter.main(ForkedBooter.java:495)
Caused by: java.lang.NullPointerException
	at org.apache.hadoop.ozone.container.common.volume.HddsVolume.getCommittedBytes(HddsVolume.java:303)
	at org.apache.hadoop.ozone.container.common.volume.VolumeInfoMetrics.getCommitted(VolumeInfoMetrics.java:147)
	... 111 more
2023-12-21 09:24:27,539 [main] INFO  volume.HddsVolume (HddsVolume.java:<init>(126)) - Creating HddsVolume: /home/runner/work/ozone/ozone/hadoop-ozone/integration-test/target/test-dir/MiniOzoneClusterImpl-e4d55aeb-da58-408a-87dd-e45f7ef8a31a/datanode-3/data-0/containers/hdds of storage type : DISK capacity : 9223372036854775807
2023-12-21 09:24:27,539 [main] INFO  volume.MutableVolumeSet (MutableVolumeSet.java:initializeVolumeSet(173)) - Added Volume : /home/runner/work/ozone/ozone/hadoop-ozone/integration-test/target/test-dir/MiniOzoneClusterImpl-e4d55aeb-da58-408a-87dd-e45f7ef8a31a/datanode-3/data-0/containers/hdds to VolumeSet
2023-12-21 09:24:27,540 [main] INFO  volume.MutableVolumeSet (MutableVolumeSet.java:initializeVolumeSet(173)) - Added Volume : /home/runner/work/ozone/ozone/hadoop-ozone/integration-test/target/test-dir/MiniOzoneClusterImpl-e4d55aeb-da58-408a-87dd-e45f7ef8a31a/datanode-3/data/ratis to VolumeSet
2023-12-21 09:24:27,540 [main] INFO  ozoneimpl.OzoneContainer (HddsVolumeUtil.java:loadAllHddsVolumeDbStore(103)) - Load 1 volumes DbStore cost: 0ms
2023-12-21 09:24:27,541 [560c1385-c518-4739-80f6-d98c5390378b-ContainerReader-0] INFO  ozoneimpl.ContainerReader (ContainerReader.java:readVolume(178)) - Finish verifying containers on volume /home/runner/work/ozone/ozone/hadoop-ozone/integration-test/target/test-dir/MiniOzoneClusterImpl-e4d55aeb-da58-408a-87dd-e45f7ef8a31a/datanode-3/data-0/containers/hdds
2023-12-21 09:24:27,541 [main] INFO  ozoneimpl.OzoneContainer (OzoneContainer.java:buildContainerSet(326)) - Build ContainerSet costs 0s
2023-12-21 09:24:27,542 [main] INFO  server.RaftServer (ConfUtils.java:logGet(46)) - raft.rpc.type = GRPC (default)
2023-12-21 09:24:27,543 [main] INFO  grpc.GrpcConfigKeys (ConfUtils.java:logFallback(53)) - raft.grpc.admin.host = null (fallback to raft.grpc.server.host)
2023-12-21 09:24:27,543 [main] INFO  grpc.GrpcConfigKeys (ConfUtils.java:logGet(46)) - raft.grpc.admin.port = 15218 (custom)
2023-12-21 09:24:27,543 [main] INFO  grpc.GrpcConfigKeys (ConfUtils.java:logFallback(53)) - raft.grpc.client.host = null (fallback to raft.grpc.server.host)
2023-12-21 09:24:27,543 [main] INFO  grpc.GrpcConfigKeys (ConfUtils.java:logGet(46)) - raft.grpc.client.port = 15217 (custom)
2023-12-21 09:24:27,543 [main] INFO  grpc.GrpcConfigKeys (ConfUtils.java:logGet(46)) - raft.grpc.server.host = null (default)
2023-12-21 09:24:27,544 [main] INFO  grpc.GrpcConfigKeys (ConfUtils.java:logGet(46)) - raft.grpc.server.port = 15219 (custom)
2023-12-21 09:24:27,544 [main] INFO  server.GrpcService (ConfUtils.java:logGet(46)) - raft.grpc.message.size.max = 32MB (=33554432) (custom)
2023-12-21 09:24:27,544 [main] INFO  server.RaftServerConfigKeys (ConfUtils.java:logGet(46)) - raft.server.log.appender.buffer.byte-limit = 8388608 (custom)
2023-12-21 09:24:27,544 [main] INFO  server.GrpcService (ConfUtils.java:logGet(46)) - raft.grpc.flow.control.window = 5MB (=5242880) (custom)
2023-12-21 09:24:27,544 [main] INFO  server.RaftServerConfigKeys (ConfUtils.java:logGet(46)) - raft.server.rpc.request.timeout = 3000ms (default)
2023-12-21 09:24:27,544 [main] INFO  grpc.GrpcConfigKeys (ConfUtils.java:logGet(46)) - raft.grpc.server.heartbeat.channel = true (default)
2023-12-21 09:24:27,544 [main] INFO  grpc.GrpcConfigKeys (ConfUtils.java:logGet(46)) - raft.grpc.server.async.request.thread.pool.cached = true (default)
2023-12-21 09:24:27,545 [main] INFO  grpc.GrpcConfigKeys (ConfUtils.java:logGet(46)) - raft.grpc.server.async.request.thread.pool.size = 32 (default)
2023-12-21 09:24:27,546 [main] INFO  impl.DataStreamServerImpl (ConfUtils.java:logGet(46)) - raft.datastream.type = NETTY (custom)
2023-12-21 09:24:27,546 [main] INFO  server.RaftServerConfigKeys (ConfUtils.java:logGet(46)) - raft.server.data-stream.async.request.thread.pool.cached = false (default)
2023-12-21 09:24:27,547 [main] INFO  server.RaftServerConfigKeys (ConfUtils.java:logGet(46)) - raft.server.data-stream.async.request.thread.pool.size = 20 (custom)
2023-12-21 09:24:27,547 [main] INFO  server.RaftServerConfigKeys (ConfUtils.java:logGet(46)) - raft.server.data-stream.async.write.thread.pool.size = 16 (default)
2023-12-21 09:24:27,547 [main] INFO  netty.NettyConfigKeys$DataStream (ConfUtils.java:logGet(46)) - raft.netty.dataStream.server.channel.inactive.grace-period = 10min (default)
2023-12-21 09:24:27,547 [main] INFO  server.RaftServerConfigKeys (ConfUtils.java:logGet(46)) - raft.server.data-stream.client.pool.size = 10 (default)
2023-12-21 09:24:27,547 [main] INFO  netty.NettyConfigKeys$DataStream (ConfUtils.java:logGet(46)) - raft.netty.dataStream.server.use-epoll = true (default)
2023-12-21 09:24:27,547 [main] INFO  netty.NettyConfigKeys$DataStream (ConfUtils.java:logGet(46)) - raft.netty.dataStream.server.boss-group.size = 0 (default)
2023-12-21 09:24:27,547 [main] INFO  netty.NettyUtils (NettyUtils.java:newEventLoopGroup(69)) - Create EpollEventLoopGroup for 560c1385-c518-4739-80f6-d98c5390378b-NettyServerStreamRpc-bossGroup; Thread size is 0.
2023-12-21 09:24:27,548 [main] INFO  netty.NettyConfigKeys$DataStream (ConfUtils.java:logGet(46)) - raft.netty.dataStream.server.worker-group.size = 0 (default)
2023-12-21 09:24:27,548 [main] INFO  netty.NettyUtils (NettyUtils.java:newEventLoopGroup(69)) - Create EpollEventLoopGroup for 560c1385-c518-4739-80f6-d98c5390378b-NettyServerStreamRpc-workerGroup; Thread size is 0.
2023-12-21 09:24:27,548 [main] INFO  netty.NettyConfigKeys$DataStream (ConfUtils.java:logGet(46)) - raft.netty.dataStream.server.tls.conf = null (default)
2023-12-21 09:24:27,548 [main] INFO  netty.NettyConfigKeys$DataStream (ConfUtils.java:logGet(46)) - raft.netty.dataStream.host = null (default)
2023-12-21 09:24:27,549 [main] INFO  netty.NettyConfigKeys$DataStream (ConfUtils.java:logGet(46)) - raft.netty.dataStream.port = 15220 (custom)
2023-12-21 09:24:27,549 [main] INFO  server.RaftServerConfigKeys (ConfUtils.java:logGet(46)) - raft.server.sleep.deviation.threshold = 300ms (default)
2023-12-21 09:24:27,549 [560c1385-c518-4739-80f6-d98c5390378b-NettyServerStreamRpc-bossGroup--thread1] INFO  logging.LoggingHandler (AbstractInternalLogger.java:log(148)) - [id: 0xfc0ba474] REGISTERED
2023-12-21 09:24:27,549 [main] INFO  server.RaftServerConfigKeys (ConfUtils.java:logGet(46)) - raft.server.close.threshold = 60s (default)
2023-12-21 09:24:27,549 [560c1385-c518-4739-80f6-d98c5390378b-NettyServerStreamRpc-bossGroup--thread1] INFO  logging.LoggingHandler (AbstractInternalLogger.java:log(148)) - [id: 0xfc0ba474] BIND: 0.0.0.0/0.0.0.0:15220
2023-12-21 09:24:27,549 [main] INFO  server.RaftServerConfigKeys (ConfUtils.java:logGet(46)) - raft.server.leaderelection.leader.step-down.wait-time = 10s (default)
2023-12-21 09:24:27,549 [560c1385-c518-4739-80f6-d98c5390378b-NettyServerStreamRpc-bossGroup--thread1] INFO  logging.LoggingHandler (AbstractInternalLogger.java:log(148)) - [id: 0xfc0ba474, L:/0.0.0.0:15220] ACTIVE
2023-12-21 09:24:27,550 [main] INFO  server.RaftServerConfigKeys (ConfUtils.java:logGet(46)) - raft.server.storage.dir = [/home/runner/work/ozone/ozone/hadoop-ozone/integration-test/target/test-dir/MiniOzoneClusterImpl-e4d55aeb-da58-408a-87dd-e45f7ef8a31a/datanode-3/data/ratis] (custom)
2023-12-21 09:24:27,550 [main] INFO  server.RaftServerConfigKeys (ConfUtils.java:logGet(46)) - raft.server.threadpool.proxy.cached = true (default)
2023-12-21 09:24:27,550 [main] INFO  server.RaftServerConfigKeys (ConfUtils.java:logGet(46)) - raft.server.threadpool.proxy.size = 0 (default)
2023-12-21 09:24:27,550 [560c1385-c518-4739-80f6-d98c5390378b-impl-thread1] INFO  server.RaftServer (RaftServerProxy.java:initGroupDir(264)) - 560c1385-c518-4739-80f6-d98c5390378b: found a subdirectory /home/runner/work/ozone/ozone/hadoop-ozone/integration-test/target/test-dir/MiniOzoneClusterImpl-e4d55aeb-da58-408a-87dd-e45f7ef8a31a/datanode-3/data/ratis/tmp
2023-12-21 09:24:27,550 [560c1385-c518-4739-80f6-d98c5390378b-impl-thread1] INFO  server.RaftServer (RaftServerProxy.java:initGroupDir(269)) - 560c1385-c518-4739-80f6-d98c5390378b: The directory /home/runner/work/ozone/ozone/hadoop-ozone/integration-test/target/test-dir/MiniOzoneClusterImpl-e4d55aeb-da58-408a-87dd-e45f7ef8a31a/datanode-3/data/ratis/tmp is not a group directory; ignoring it. 
2023-12-21 09:24:27,550 [main] INFO  replication.ReplicationServer (ReplicationServer.java:<init>(85)) - Initializing replication server with thread count = 10 queue length = 4096
2023-12-21 09:24:27,551 [main] INFO  server.XceiverServerGrpc (XceiverServerGrpc.java:<init>(141)) - GrpcServer channel type EpollServerSocketChannel
2023-12-21 09:24:27,552 [main] INFO  replication.ReplicationSupervisor (ReplicationSupervisor.java:build(163)) - Initializing replication supervisor with thread count = 10
2023-12-21 09:24:27,552 [main] INFO  replication.ReplicationSupervisor (ReplicationSupervisor.java:nodeStateUpdated(317)) - Node state updated to IN_SERVICE, scaling executor pool size to 10
2023-12-21 09:24:27,554 [main] INFO  http.BaseHttpServer (BaseHttpServer.java:newHttpServer2BuilderForOzone(223)) - Starting Web-server for hddsDatanode at: http://0.0.0.0:15214
2023-12-21 09:24:27,554 [main] INFO  http.BaseHttpServer (BaseHttpServer.java:<init>(110)) - Hadoop Security Enabled: false Ozone Security Enabled: false Ozone HTTP Security Enabled: false 
2023-12-21 09:24:27,555 [main] WARN  server.AuthenticationFilter (AuthenticationFilter.java:constructSecretProvider(240)) - Unable to initialize FileSignerSecretProvider, falling back to use random secrets. Reason: Could not read signature secret file: /home/runner/hadoop-http-auth-signature-secret
2023-12-21 09:24:27,555 [main] INFO  http.HttpRequestLog (HttpRequestLog.java:getRequestLog(86)) - Http request log for http.requests.hddsDatanode is not defined
2023-12-21 09:24:27,556 [main] INFO  http.HttpServer2 (HttpServer2.java:addGlobalFilter(1036)) - Added global filter 'safety' (class=org.apache.hadoop.hdds.server.http.HttpServer2$QuotingInputFilter)
2023-12-21 09:24:27,556 [main] INFO  http.HttpServer2 (HttpServer2.java:addFilter(1012)) - Added filter static_user_filter (class=org.apache.hadoop.http.lib.StaticUserWebFilter$StaticUserFilter) to context hddsDatanode
2023-12-21 09:24:27,556 [main] INFO  http.HttpServer2 (HttpServer2.java:addFilter(1020)) - Added filter static_user_filter (class=org.apache.hadoop.http.lib.StaticUserWebFilter$StaticUserFilter) to context logs
2023-12-21 09:24:27,557 [main] INFO  http.HttpServer2 (HttpServer2.java:addFilter(1020)) - Added filter static_user_filter (class=org.apache.hadoop.http.lib.StaticUserWebFilter$StaticUserFilter) to context static
2023-12-21 09:24:27,557 [main] INFO  http.BaseHttpServer (BaseHttpServer.java:<init>(189)) - HTTP server of hddsDatanode uses base directory /home/runner/work/ozone/ozone/hadoop-ozone/integration-test/target/test-dir/MiniOzoneClusterImpl-e4d55aeb-da58-408a-87dd-e45f7ef8a31a/datanode-3/meta/webserver
2023-12-21 09:24:27,557 [main] INFO  http.HttpServer2 (HttpServer2.java:bindListener(1236)) - Jetty bound to port 15214
2023-12-21 09:24:27,557 [main] INFO  server.Server (Server.java:doStart(375)) - jetty-9.4.53.v20231009; built: 2023-10-09T12:29:09.265Z; git: 27bde00a0b95a1d5bbee0eae7984f891d2d0f8c9; jvm 1.8.0_392-b08
2023-12-21 09:24:27,558 [main] INFO  server.session (DefaultSessionIdManager.java:doStart(334)) - DefaultSessionIdManager workerName=node0
2023-12-21 09:24:27,558 [main] INFO  server.session (DefaultSessionIdManager.java:doStart(339)) - No SessionScavenger set, using defaults
2023-12-21 09:24:27,559 [main] INFO  server.session (HouseKeeper.java:startScavenging(132)) - node0 Scavenging every 600000ms
2023-12-21 09:24:27,559 [main] INFO  handler.ContextHandler (ContextHandler.java:doStart(921)) - Started o.e.j.s.ServletContextHandler@717cae06{logs,/logs,file:///home/runner/work/ozone/ozone/hadoop-ozone/integration-test/target/log,AVAILABLE}
2023-12-21 09:24:27,559 [main] INFO  handler.ContextHandler (ContextHandler.java:doStart(921)) - Started o.e.j.s.ServletContextHandler@5b40216d{static,/static,jar:file:/home/runner/.m2/repository/org/apache/ozone/hdds-container-service/1.5.0-SNAPSHOT/hdds-container-service-1.5.0-SNAPSHOT.jar!/webapps/static,AVAILABLE}
2023-12-21 09:24:27,591 [main] INFO  handler.ContextHandler (ContextHandler.java:doStart(921)) - Started o.e.j.w.WebAppContext@5a1428e1{hddsDatanode,/,file:///home/runner/work/ozone/ozone/hadoop-ozone/integration-test/target/test-dir/MiniOzoneClusterImpl-e4d55aeb-da58-408a-87dd-e45f7ef8a31a/datanode-3/meta/webserver/jetty-0_0_0_0-15214-hdds-container-service-1_5_0-SNAPSHOT_jar-_-any-7697115215238573459/webapp/,AVAILABLE}{jar:file:/home/runner/.m2/repository/org/apache/ozone/hdds-container-service/1.5.0-SNAPSHOT/hdds-container-service-1.5.0-SNAPSHOT.jar!/webapps/hddsDatanode}
2023-12-21 09:24:27,592 [main] INFO  server.AbstractConnector (AbstractConnector.java:doStart(333)) - Started ServerConnector@35b35799{HTTP/1.1, (http/1.1)}{0.0.0.0:15214}
2023-12-21 09:24:27,592 [main] INFO  server.Server (Server.java:doStart(415)) - Started @82999ms
2023-12-21 09:24:27,593 [main] WARN  impl.MetricsSystemImpl (MetricsSystemImpl.java:register(279)) - Sink prometheus already exists!
2023-12-21 09:24:27,593 [main] INFO  http.BaseHttpServer (BaseHttpServer.java:updateConnectorAddress(354)) - HTTP server of hddsDatanode listening at http://0.0.0.0:15214
2023-12-21 09:24:27,593 [main] INFO  ipc.CallQueueManager (CallQueueManager.java:<init>(90)) - Using callQueue: class java.util.concurrent.LinkedBlockingQueue, queueCapacity: 100, scheduler: class org.apache.hadoop.ipc.DefaultRpcScheduler, ipcBackoff: false.
2023-12-21 09:24:27,594 [main] INFO  ipc.Server (Server.java:<init>(1287)) - Listener at 0.0.0.0:15215
2023-12-21 09:24:27,594 [Socket Reader #1 for port 15215] INFO  ipc.Server (Server.java:run(1323)) - Starting Socket Reader #1 for port 15215
2023-12-21 09:24:27,595 [main] INFO  ozone.HddsDatanodeService (HddsDatanodeService.java:start(324)) - Datanode start with admins: [runner]
2023-12-21 09:24:27,595 [main] INFO  ozone.HddsDatanodeClientProtocolServer (HddsDatanodeClientProtocolServer.java:start(72)) - RPC server for Client /0.0.0.0:15215
2023-12-21 09:24:27,596 [IPC Server Responder] INFO  ipc.Server (Server.java:run(1562)) - IPC Server Responder: starting
2023-12-21 09:24:27,596 [IPC Server listener on 15215] INFO  ipc.Server (Server.java:run(1402)) - IPC Server listener on 15215: starting
2023-12-21 09:24:27,600 [560c1385-c518-4739-80f6-d98c5390378b-DatanodeStateMachineDaemonThread] INFO  statemachine.DatanodeStateMachine (DatanodeStateMachine.java:lambda$startDaemon$1(555)) - Ozone container server started.
2023-12-21 09:24:27,601 [main] WARN  dropwizard3.Dm3MetricRegistriesImpl (Dm3MetricRegistriesImpl.java:addReporterRegistration(113)) - New reporters are added after registries were created. Some metrics will be missing from the reporter. Please add reporter before adding any new registry.
2023-12-21 09:24:27,601 [main] WARN  dropwizard3.Dm3MetricRegistriesImpl (Dm3MetricRegistriesImpl.java:addReporterRegistration(113)) - New reporters are added after registries were created. Some metrics will be missing from the reporter. Please add reporter before adding any new registry.
2023-12-21 09:24:27,601 [main] INFO  impl.MetricsSystemImpl (MetricsSystemImpl.java:init(158)) - HddsDatanode metrics system started (again)
2023-12-21 09:24:27,604 [560c1385-c518-4739-80f6-d98c5390378b-DatanodeStateMachineTaskThread-0] INFO  datanode.InitDatanodeState (InitDatanodeState.java:persistContainerDatanodeDetails(139)) - DatanodeDetails is persisted to /home/runner/work/ozone/ozone/hadoop-ozone/integration-test/target/test-dir/MiniOzoneClusterImpl-e4d55aeb-da58-408a-87dd-e45f7ef8a31a/datanode-3/meta/datanode.id
2023-12-21 09:24:27,610 [main] INFO  ozone.HddsDatanodeService (HddsDatanodeService.java:start(239)) - HddsDatanodeService host:fv-az1023-676 ip:10.1.0.5
2023-12-21 09:24:27,628 [main] INFO  upgrade.AbstractLayoutVersionManager (AbstractLayoutVersionManager.java:init(83)) - Initializing Layout version manager with metadata layout = HADOOP_PRC_PORTS_IN_DATANODEDETAILS (version = 7), software layout = HADOOP_PRC_PORTS_IN_DATANODEDETAILS (version = 7)
2023-12-21 09:24:27,628 [main] INFO  statemachine.DatanodeStateMachine (DatanodeStateMachine.java:getEndPointTaskThreadPoolSize(299)) - Datanode State Machine Task Thread Pool size 2
2023-12-21 09:24:27,629 [main] ERROR lib.MethodMetric (MethodMetric.java:snapshot(117)) - Error invoking method getCommitted
java.lang.reflect.InvocationTargetException
	at sun.reflect.GeneratedMethodAccessor52.invoke(Unknown Source)
	at sun.reflect.DelegatingMethodAccessorImpl.invoke(DelegatingMethodAccessorImpl.java:43)
	at java.lang.reflect.Method.invoke(Method.java:498)
	at org.apache.hadoop.metrics2.lib.MethodMetric$2.snapshot(MethodMetric.java:111)
	at org.apache.hadoop.metrics2.lib.MethodMetric.snapshot(MethodMetric.java:142)
	at org.apache.hadoop.metrics2.lib.MetricsRegistry.snapshot(MetricsRegistry.java:447)
	at org.apache.hadoop.metrics2.lib.MetricsSourceBuilder$1.getMetrics(MetricsSourceBuilder.java:89)
	at org.apache.hadoop.metrics2.impl.MetricsSourceAdapter.getMetrics(MetricsSourceAdapter.java:200)
	at org.apache.hadoop.metrics2.impl.MetricsSourceAdapter.updateJmxCache(MetricsSourceAdapter.java:183)
	at org.apache.hadoop.metrics2.impl.MetricsSourceAdapter.getMBeanInfo(MetricsSourceAdapter.java:156)
	at com.sun.jmx.interceptor.DefaultMBeanServerInterceptor.getNewMBeanClassName(DefaultMBeanServerInterceptor.java:333)
	at com.sun.jmx.interceptor.DefaultMBeanServerInterceptor.registerMBean(DefaultMBeanServerInterceptor.java:319)
	at com.sun.jmx.mbeanserver.JmxMBeanServer.registerMBean(JmxMBeanServer.java:522)
	at org.apache.hadoop.metrics2.util.MBeans.register(MBeans.java:100)
	at org.apache.hadoop.metrics2.util.MBeans.register(MBeans.java:73)
	at org.apache.hadoop.metrics2.impl.MetricsSourceAdapter.startMBeans(MetricsSourceAdapter.java:222)
	at org.apache.hadoop.metrics2.impl.MetricsSourceAdapter.start(MetricsSourceAdapter.java:101)
	at org.apache.hadoop.metrics2.impl.MetricsSystemImpl.registerSource(MetricsSystemImpl.java:268)
	at org.apache.hadoop.metrics2.impl.MetricsSystemImpl.register(MetricsSystemImpl.java:233)
	at org.apache.hadoop.ozone.container.common.volume.VolumeInfoMetrics.init(VolumeInfoMetrics.java:50)
	at org.apache.hadoop.ozone.container.common.volume.VolumeInfoMetrics.<init>(VolumeInfoMetrics.java:45)
	at org.apache.hadoop.ozone.container.common.volume.HddsVolume.<init>(HddsVolume.java:123)
	at org.apache.hadoop.ozone.container.common.volume.HddsVolume.<init>(HddsVolume.java:71)
	at org.apache.hadoop.ozone.container.common.volume.HddsVolume$Builder.build(HddsVolume.java:111)
	at org.apache.hadoop.ozone.container.common.volume.HddsVolumeFactory.createVolume(HddsVolumeFactory.java:48)
	at org.apache.hadoop.ozone.container.common.volume.MutableVolumeSet.initializeVolumeSet(MutableVolumeSet.java:170)
	at org.apache.hadoop.ozone.container.common.volume.MutableVolumeSet.<init>(MutableVolumeSet.java:132)
	at org.apache.hadoop.ozone.container.common.volume.MutableVolumeSet.<init>(MutableVolumeSet.java:96)
	at org.apache.hadoop.ozone.container.ozoneimpl.OzoneContainer.<init>(OzoneContainer.java:149)
	at org.apache.hadoop.ozone.container.common.statemachine.DatanodeStateMachine.<init>(DatanodeStateMachine.java:186)
	at org.apache.hadoop.ozone.HddsDatanodeService.start(HddsDatanodeService.java:296)
	at org.apache.hadoop.ozone.MiniOzoneClusterImpl.startHddsDatanode(MiniOzoneClusterImpl.java:489)
	at java.util.ArrayList.forEach(ArrayList.java:1259)
	at org.apache.hadoop.ozone.MiniOzoneClusterImpl.startHddsDatanodes(MiniOzoneClusterImpl.java:497)
	at org.apache.hadoop.ozone.MiniOzoneClusterImpl$Builder.build(MiniOzoneClusterImpl.java:627)
	at org.apache.hadoop.ozone.client.rpc.TestWatchForCommit.init(TestWatchForCommit.java:149)
	at sun.reflect.NativeMethodAccessorImpl.invoke0(Native Method)
	at sun.reflect.NativeMethodAccessorImpl.invoke(NativeMethodAccessorImpl.java:62)
	at sun.reflect.DelegatingMethodAccessorImpl.invoke(DelegatingMethodAccessorImpl.java:43)
	at java.lang.reflect.Method.invoke(Method.java:498)
	at org.junit.platform.commons.util.ReflectionUtils.invokeMethod(ReflectionUtils.java:728)
	at org.junit.jupiter.engine.execution.MethodInvocation.proceed(MethodInvocation.java:60)
	at org.junit.jupiter.engine.execution.InvocationInterceptorChain$ValidatingInvocation.proceed(InvocationInterceptorChain.java:131)
	at org.junit.jupiter.engine.extension.TimeoutExtension.intercept(TimeoutExtension.java:156)
	at org.junit.jupiter.engine.extension.TimeoutExtension.interceptLifecycleMethod(TimeoutExtension.java:128)
	at org.junit.jupiter.engine.extension.TimeoutExtension.interceptBeforeEachMethod(TimeoutExtension.java:78)
	at org.junit.jupiter.engine.execution.InterceptingExecutableInvoker$ReflectiveInterceptorCall.lambda$ofVoidMethod$0(InterceptingExecutableInvoker.java:103)
	at org.junit.jupiter.engine.execution.InterceptingExecutableInvoker.lambda$invoke$0(InterceptingExecutableInvoker.java:93)
	at org.junit.jupiter.engine.execution.InvocationInterceptorChain$InterceptedInvocation.proceed(InvocationInterceptorChain.java:106)
	at org.junit.jupiter.engine.execution.InvocationInterceptorChain.proceed(InvocationInterceptorChain.java:64)
	at org.junit.jupiter.engine.execution.InvocationInterceptorChain.chainAndInvoke(InvocationInterceptorChain.java:45)
	at org.junit.jupiter.engine.execution.InvocationInterceptorChain.invoke(InvocationInterceptorChain.java:37)
	at org.junit.jupiter.engine.execution.InterceptingExecutableInvoker.invoke(InterceptingExecutableInvoker.java:92)
	at org.junit.jupiter.engine.execution.InterceptingExecutableInvoker.invoke(InterceptingExecutableInvoker.java:86)
	at org.junit.jupiter.engine.descriptor.ClassBasedTestDescriptor.invokeMethodInExtensionContext(ClassBasedTestDescriptor.java:521)
	at org.junit.jupiter.engine.descriptor.ClassBasedTestDescriptor.lambda$synthesizeBeforeEachMethodAdapter$23(ClassBasedTestDescriptor.java:506)
	at org.junit.jupiter.engine.descriptor.TestMethodTestDescriptor.lambda$invokeBeforeEachMethods$3(TestMethodTestDescriptor.java:175)
	at org.junit.jupiter.engine.descriptor.TestMethodTestDescriptor.lambda$invokeBeforeMethodsOrCallbacksUntilExceptionOccurs$6(TestMethodTestDescriptor.java:203)
	at org.junit.platform.engine.support.hierarchical.ThrowableCollector.execute(ThrowableCollector.java:73)
	at org.junit.jupiter.engine.descriptor.TestMethodTestDescriptor.invokeBeforeMethodsOrCallbacksUntilExceptionOccurs(TestMethodTestDescriptor.java:203)
	at org.junit.jupiter.engine.descriptor.TestMethodTestDescriptor.invokeBeforeEachMethods(TestMethodTestDescriptor.java:172)
	at org.junit.jupiter.engine.descriptor.TestMethodTestDescriptor.execute(TestMethodTestDescriptor.java:135)
	at org.junit.jupiter.engine.descriptor.TestMethodTestDescriptor.execute(TestMethodTestDescriptor.java:69)
	at org.junit.platform.engine.support.hierarchical.NodeTestTask.lambda$executeRecursively$6(NodeTestTask.java:151)
	at org.junit.platform.engine.support.hierarchical.ThrowableCollector.execute(ThrowableCollector.java:73)
	at org.junit.platform.engine.support.hierarchical.NodeTestTask.lambda$executeRecursively$8(NodeTestTask.java:141)
	at org.junit.platform.engine.support.hierarchical.Node.around(Node.java:137)
	at org.junit.platform.engine.support.hierarchical.NodeTestTask.lambda$executeRecursively$9(NodeTestTask.java:139)
	at org.junit.platform.engine.support.hierarchical.ThrowableCollector.execute(ThrowableCollector.java:73)
	at org.junit.platform.engine.support.hierarchical.NodeTestTask.executeRecursively(NodeTestTask.java:138)
	at org.junit.platform.engine.support.hierarchical.NodeTestTask.execute(NodeTestTask.java:95)
	at java.util.ArrayList.forEach(ArrayList.java:1259)
	at org.junit.platform.engine.support.hierarchical.SameThreadHierarchicalTestExecutorService.invokeAll(SameThreadHierarchicalTestExecutorService.java:41)
	at org.junit.platform.engine.support.hierarchical.NodeTestTask.lambda$executeRecursively$6(NodeTestTask.java:155)
	at org.junit.platform.engine.support.hierarchical.ThrowableCollector.execute(ThrowableCollector.java:73)
	at org.junit.platform.engine.support.hierarchical.NodeTestTask.lambda$executeRecursively$8(NodeTestTask.java:141)
	at org.junit.platform.engine.support.hierarchical.Node.around(Node.java:137)
	at org.junit.platform.engine.support.hierarchical.NodeTestTask.lambda$executeRecursively$9(NodeTestTask.java:139)
	at org.junit.platform.engine.support.hierarchical.ThrowableCollector.execute(ThrowableCollector.java:73)
	at org.junit.platform.engine.support.hierarchical.NodeTestTask.executeRecursively(NodeTestTask.java:138)
	at org.junit.platform.engine.support.hierarchical.NodeTestTask.execute(NodeTestTask.java:95)
	at java.util.ArrayList.forEach(ArrayList.java:1259)
	at org.junit.platform.engine.support.hierarchical.SameThreadHierarchicalTestExecutorService.invokeAll(SameThreadHierarchicalTestExecutorService.java:41)
	at org.junit.platform.engine.support.hierarchical.NodeTestTask.lambda$executeRecursively$6(NodeTestTask.java:155)
	at org.junit.platform.engine.support.hierarchical.ThrowableCollector.execute(ThrowableCollector.java:73)
	at org.junit.platform.engine.support.hierarchical.NodeTestTask.lambda$executeRecursively$8(NodeTestTask.java:141)
	at org.junit.platform.engine.support.hierarchical.Node.around(Node.java:137)
	at org.junit.platform.engine.support.hierarchical.NodeTestTask.lambda$executeRecursively$9(NodeTestTask.java:139)
	at org.junit.platform.engine.support.hierarchical.ThrowableCollector.execute(ThrowableCollector.java:73)
	at org.junit.platform.engine.support.hierarchical.NodeTestTask.executeRecursively(NodeTestTask.java:138)
	at org.junit.platform.engine.support.hierarchical.NodeTestTask.execute(NodeTestTask.java:95)
	at org.junit.platform.engine.support.hierarchical.SameThreadHierarchicalTestExecutorService.submit(SameThreadHierarchicalTestExecutorService.java:35)
	at org.junit.platform.engine.support.hierarchical.HierarchicalTestExecutor.execute(HierarchicalTestExecutor.java:57)
	at org.junit.platform.engine.support.hierarchical.HierarchicalTestEngine.execute(HierarchicalTestEngine.java:54)
	at org.junit.platform.launcher.core.EngineExecutionOrchestrator.execute(EngineExecutionOrchestrator.java:198)
	at org.junit.platform.launcher.core.EngineExecutionOrchestrator.execute(EngineExecutionOrchestrator.java:169)
	at org.junit.platform.launcher.core.EngineExecutionOrchestrator.execute(EngineExecutionOrchestrator.java:93)
	at org.junit.platform.launcher.core.EngineExecutionOrchestrator.lambda$execute$0(EngineExecutionOrchestrator.java:58)
	at org.junit.platform.launcher.core.EngineExecutionOrchestrator.withInterceptedStreams(EngineExecutionOrchestrator.java:141)
	at org.junit.platform.launcher.core.EngineExecutionOrchestrator.execute(EngineExecutionOrchestrator.java:57)
	at org.junit.platform.launcher.core.DefaultLauncher.execute(DefaultLauncher.java:103)
	at org.junit.platform.launcher.core.DefaultLauncher.execute(DefaultLauncher.java:85)
	at org.junit.platform.launcher.core.DelegatingLauncher.execute(DelegatingLauncher.java:47)
	at org.apache.maven.surefire.junitplatform.LazyLauncher.execute(LazyLauncher.java:56)
	at org.apache.maven.surefire.junitplatform.JUnitPlatformProvider.execute(JUnitPlatformProvider.java:184)
	at org.apache.maven.surefire.junitplatform.JUnitPlatformProvider.invokeAllTests(JUnitPlatformProvider.java:148)
	at org.apache.maven.surefire.junitplatform.JUnitPlatformProvider.invoke(JUnitPlatformProvider.java:120)
	at org.apache.maven.surefire.booter.ForkedBooter.runSuitesInProcess(ForkedBooter.java:385)
	at org.apache.maven.surefire.booter.ForkedBooter.execute(ForkedBooter.java:162)
	at org.apache.maven.surefire.booter.ForkedBooter.run(ForkedBooter.java:507)
	at org.apache.maven.surefire.booter.ForkedBooter.main(ForkedBooter.java:495)
Caused by: java.lang.NullPointerException
	at org.apache.hadoop.ozone.container.common.volume.HddsVolume.getCommittedBytes(HddsVolume.java:303)
	at org.apache.hadoop.ozone.container.common.volume.VolumeInfoMetrics.getCommitted(VolumeInfoMetrics.java:147)
	... 111 more
2023-12-21 09:24:27,629 [main] INFO  volume.HddsVolume (HddsVolume.java:<init>(126)) - Creating HddsVolume: /home/runner/work/ozone/ozone/hadoop-ozone/integration-test/target/test-dir/MiniOzoneClusterImpl-e4d55aeb-da58-408a-87dd-e45f7ef8a31a/datanode-4/data-0/containers/hdds of storage type : DISK capacity : 9223372036854775807
2023-12-21 09:24:27,630 [main] INFO  volume.MutableVolumeSet (MutableVolumeSet.java:initializeVolumeSet(173)) - Added Volume : /home/runner/work/ozone/ozone/hadoop-ozone/integration-test/target/test-dir/MiniOzoneClusterImpl-e4d55aeb-da58-408a-87dd-e45f7ef8a31a/datanode-4/data-0/containers/hdds to VolumeSet
2023-12-21 09:24:27,630 [main] INFO  volume.MutableVolumeSet (MutableVolumeSet.java:initializeVolumeSet(173)) - Added Volume : /home/runner/work/ozone/ozone/hadoop-ozone/integration-test/target/test-dir/MiniOzoneClusterImpl-e4d55aeb-da58-408a-87dd-e45f7ef8a31a/datanode-4/data/ratis to VolumeSet
2023-12-21 09:24:27,630 [main] INFO  ozoneimpl.OzoneContainer (HddsVolumeUtil.java:loadAllHddsVolumeDbStore(103)) - Load 1 volumes DbStore cost: 0ms
2023-12-21 09:24:27,631 [4150f76c-1cd9-4d5b-96cd-8dd0a9a12dd3-ContainerReader-0] INFO  ozoneimpl.ContainerReader (ContainerReader.java:readVolume(178)) - Finish verifying containers on volume /home/runner/work/ozone/ozone/hadoop-ozone/integration-test/target/test-dir/MiniOzoneClusterImpl-e4d55aeb-da58-408a-87dd-e45f7ef8a31a/datanode-4/data-0/containers/hdds
2023-12-21 09:24:27,631 [main] INFO  ozoneimpl.OzoneContainer (OzoneContainer.java:buildContainerSet(326)) - Build ContainerSet costs 0s
2023-12-21 09:24:27,632 [main] INFO  server.RaftServer (ConfUtils.java:logGet(46)) - raft.rpc.type = GRPC (default)
2023-12-21 09:24:27,632 [main] INFO  grpc.GrpcConfigKeys (ConfUtils.java:logFallback(53)) - raft.grpc.admin.host = null (fallback to raft.grpc.server.host)
2023-12-21 09:24:27,632 [main] INFO  grpc.GrpcConfigKeys (ConfUtils.java:logGet(46)) - raft.grpc.admin.port = 15227 (custom)
2023-12-21 09:24:27,633 [main] INFO  grpc.GrpcConfigKeys (ConfUtils.java:logFallback(53)) - raft.grpc.client.host = null (fallback to raft.grpc.server.host)
2023-12-21 09:24:27,633 [main] INFO  grpc.GrpcConfigKeys (ConfUtils.java:logGet(46)) - raft.grpc.client.port = 15226 (custom)
2023-12-21 09:24:27,633 [main] INFO  grpc.GrpcConfigKeys (ConfUtils.java:logGet(46)) - raft.grpc.server.host = null (default)
2023-12-21 09:24:27,633 [main] INFO  grpc.GrpcConfigKeys (ConfUtils.java:logGet(46)) - raft.grpc.server.port = 15228 (custom)
2023-12-21 09:24:27,633 [main] INFO  server.GrpcService (ConfUtils.java:logGet(46)) - raft.grpc.message.size.max = 32MB (=33554432) (custom)
2023-12-21 09:24:27,633 [main] INFO  server.RaftServerConfigKeys (ConfUtils.java:logGet(46)) - raft.server.log.appender.buffer.byte-limit = 8388608 (custom)
2023-12-21 09:24:27,633 [main] INFO  server.GrpcService (ConfUtils.java:logGet(46)) - raft.grpc.flow.control.window = 5MB (=5242880) (custom)
2023-12-21 09:24:27,633 [main] INFO  server.RaftServerConfigKeys (ConfUtils.java:logGet(46)) - raft.server.rpc.request.timeout = 3000ms (default)
2023-12-21 09:24:27,633 [main] INFO  grpc.GrpcConfigKeys (ConfUtils.java:logGet(46)) - raft.grpc.server.heartbeat.channel = true (default)
2023-12-21 09:24:27,633 [main] INFO  grpc.GrpcConfigKeys (ConfUtils.java:logGet(46)) - raft.grpc.server.async.request.thread.pool.cached = true (default)
2023-12-21 09:24:27,634 [main] INFO  grpc.GrpcConfigKeys (ConfUtils.java:logGet(46)) - raft.grpc.server.async.request.thread.pool.size = 32 (default)
2023-12-21 09:24:27,635 [main] INFO  impl.DataStreamServerImpl (ConfUtils.java:logGet(46)) - raft.datastream.type = NETTY (custom)
2023-12-21 09:24:27,635 [main] INFO  server.RaftServerConfigKeys (ConfUtils.java:logGet(46)) - raft.server.data-stream.async.request.thread.pool.cached = false (default)
2023-12-21 09:24:27,636 [main] INFO  server.RaftServerConfigKeys (ConfUtils.java:logGet(46)) - raft.server.data-stream.async.request.thread.pool.size = 20 (custom)
2023-12-21 09:24:27,636 [main] INFO  server.RaftServerConfigKeys (ConfUtils.java:logGet(46)) - raft.server.data-stream.async.write.thread.pool.size = 16 (default)
2023-12-21 09:24:27,636 [main] INFO  netty.NettyConfigKeys$DataStream (ConfUtils.java:logGet(46)) - raft.netty.dataStream.server.channel.inactive.grace-period = 10min (default)
2023-12-21 09:24:27,636 [main] INFO  server.RaftServerConfigKeys (ConfUtils.java:logGet(46)) - raft.server.data-stream.client.pool.size = 10 (default)
2023-12-21 09:24:27,636 [main] INFO  netty.NettyConfigKeys$DataStream (ConfUtils.java:logGet(46)) - raft.netty.dataStream.server.use-epoll = true (default)
2023-12-21 09:24:27,636 [main] INFO  netty.NettyConfigKeys$DataStream (ConfUtils.java:logGet(46)) - raft.netty.dataStream.server.boss-group.size = 0 (default)
2023-12-21 09:24:27,636 [main] INFO  netty.NettyUtils (NettyUtils.java:newEventLoopGroup(69)) - Create EpollEventLoopGroup for 4150f76c-1cd9-4d5b-96cd-8dd0a9a12dd3-NettyServerStreamRpc-bossGroup; Thread size is 0.
2023-12-21 09:24:27,637 [main] INFO  netty.NettyConfigKeys$DataStream (ConfUtils.java:logGet(46)) - raft.netty.dataStream.server.worker-group.size = 0 (default)
2023-12-21 09:24:27,637 [main] INFO  netty.NettyUtils (NettyUtils.java:newEventLoopGroup(69)) - Create EpollEventLoopGroup for 4150f76c-1cd9-4d5b-96cd-8dd0a9a12dd3-NettyServerStreamRpc-workerGroup; Thread size is 0.
2023-12-21 09:24:27,637 [main] INFO  netty.NettyConfigKeys$DataStream (ConfUtils.java:logGet(46)) - raft.netty.dataStream.server.tls.conf = null (default)
2023-12-21 09:24:27,638 [main] INFO  netty.NettyConfigKeys$DataStream (ConfUtils.java:logGet(46)) - raft.netty.dataStream.host = null (default)
2023-12-21 09:24:27,638 [main] INFO  netty.NettyConfigKeys$DataStream (ConfUtils.java:logGet(46)) - raft.netty.dataStream.port = 15229 (custom)
2023-12-21 09:24:27,638 [main] INFO  server.RaftServerConfigKeys (ConfUtils.java:logGet(46)) - raft.server.sleep.deviation.threshold = 300ms (default)
2023-12-21 09:24:27,638 [4150f76c-1cd9-4d5b-96cd-8dd0a9a12dd3-NettyServerStreamRpc-bossGroup--thread1] INFO  logging.LoggingHandler (AbstractInternalLogger.java:log(148)) - [id: 0x9fd21743] REGISTERED
2023-12-21 09:24:27,638 [main] INFO  server.RaftServerConfigKeys (ConfUtils.java:logGet(46)) - raft.server.close.threshold = 60s (default)
2023-12-21 09:24:27,639 [4150f76c-1cd9-4d5b-96cd-8dd0a9a12dd3-NettyServerStreamRpc-bossGroup--thread1] INFO  logging.LoggingHandler (AbstractInternalLogger.java:log(148)) - [id: 0x9fd21743] BIND: 0.0.0.0/0.0.0.0:15229
2023-12-21 09:24:27,639 [main] INFO  server.RaftServerConfigKeys (ConfUtils.java:logGet(46)) - raft.server.leaderelection.leader.step-down.wait-time = 10s (default)
2023-12-21 09:24:27,639 [4150f76c-1cd9-4d5b-96cd-8dd0a9a12dd3-NettyServerStreamRpc-bossGroup--thread1] INFO  logging.LoggingHandler (AbstractInternalLogger.java:log(148)) - [id: 0x9fd21743, L:/0.0.0.0:15229] ACTIVE
2023-12-21 09:24:27,639 [main] INFO  server.RaftServerConfigKeys (ConfUtils.java:logGet(46)) - raft.server.storage.dir = [/home/runner/work/ozone/ozone/hadoop-ozone/integration-test/target/test-dir/MiniOzoneClusterImpl-e4d55aeb-da58-408a-87dd-e45f7ef8a31a/datanode-4/data/ratis] (custom)
2023-12-21 09:24:27,639 [main] INFO  server.RaftServerConfigKeys (ConfUtils.java:logGet(46)) - raft.server.threadpool.proxy.cached = true (default)
2023-12-21 09:24:27,639 [main] INFO  server.RaftServerConfigKeys (ConfUtils.java:logGet(46)) - raft.server.threadpool.proxy.size = 0 (default)
2023-12-21 09:24:27,639 [4150f76c-1cd9-4d5b-96cd-8dd0a9a12dd3-impl-thread1] INFO  server.RaftServer (RaftServerProxy.java:initGroupDir(264)) - 4150f76c-1cd9-4d5b-96cd-8dd0a9a12dd3: found a subdirectory /home/runner/work/ozone/ozone/hadoop-ozone/integration-test/target/test-dir/MiniOzoneClusterImpl-e4d55aeb-da58-408a-87dd-e45f7ef8a31a/datanode-4/data/ratis/tmp
2023-12-21 09:24:27,639 [4150f76c-1cd9-4d5b-96cd-8dd0a9a12dd3-impl-thread1] INFO  server.RaftServer (RaftServerProxy.java:initGroupDir(269)) - 4150f76c-1cd9-4d5b-96cd-8dd0a9a12dd3: The directory /home/runner/work/ozone/ozone/hadoop-ozone/integration-test/target/test-dir/MiniOzoneClusterImpl-e4d55aeb-da58-408a-87dd-e45f7ef8a31a/datanode-4/data/ratis/tmp is not a group directory; ignoring it. 
2023-12-21 09:24:27,640 [main] INFO  replication.ReplicationServer (ReplicationServer.java:<init>(85)) - Initializing replication server with thread count = 10 queue length = 4096
2023-12-21 09:24:27,640 [main] INFO  server.XceiverServerGrpc (XceiverServerGrpc.java:<init>(141)) - GrpcServer channel type EpollServerSocketChannel
2023-12-21 09:24:27,642 [main] INFO  replication.ReplicationSupervisor (ReplicationSupervisor.java:build(163)) - Initializing replication supervisor with thread count = 10
2023-12-21 09:24:27,642 [main] INFO  replication.ReplicationSupervisor (ReplicationSupervisor.java:nodeStateUpdated(317)) - Node state updated to IN_SERVICE, scaling executor pool size to 10
2023-12-21 09:24:27,644 [main] INFO  http.BaseHttpServer (BaseHttpServer.java:newHttpServer2BuilderForOzone(223)) - Starting Web-server for hddsDatanode at: http://0.0.0.0:15223
2023-12-21 09:24:27,644 [main] INFO  http.BaseHttpServer (BaseHttpServer.java:<init>(110)) - Hadoop Security Enabled: false Ozone Security Enabled: false Ozone HTTP Security Enabled: false 
2023-12-21 09:24:27,645 [main] WARN  server.AuthenticationFilter (AuthenticationFilter.java:constructSecretProvider(240)) - Unable to initialize FileSignerSecretProvider, falling back to use random secrets. Reason: Could not read signature secret file: /home/runner/hadoop-http-auth-signature-secret
2023-12-21 09:24:27,645 [main] INFO  http.HttpRequestLog (HttpRequestLog.java:getRequestLog(86)) - Http request log for http.requests.hddsDatanode is not defined
2023-12-21 09:24:27,646 [main] INFO  http.HttpServer2 (HttpServer2.java:addGlobalFilter(1036)) - Added global filter 'safety' (class=org.apache.hadoop.hdds.server.http.HttpServer2$QuotingInputFilter)
2023-12-21 09:24:27,647 [main] INFO  http.HttpServer2 (HttpServer2.java:addFilter(1012)) - Added filter static_user_filter (class=org.apache.hadoop.http.lib.StaticUserWebFilter$StaticUserFilter) to context hddsDatanode
2023-12-21 09:24:27,647 [main] INFO  http.HttpServer2 (HttpServer2.java:addFilter(1020)) - Added filter static_user_filter (class=org.apache.hadoop.http.lib.StaticUserWebFilter$StaticUserFilter) to context static
2023-12-21 09:24:27,647 [main] INFO  http.HttpServer2 (HttpServer2.java:addFilter(1020)) - Added filter static_user_filter (class=org.apache.hadoop.http.lib.StaticUserWebFilter$StaticUserFilter) to context logs
2023-12-21 09:24:27,647 [main] INFO  http.BaseHttpServer (BaseHttpServer.java:<init>(189)) - HTTP server of hddsDatanode uses base directory /home/runner/work/ozone/ozone/hadoop-ozone/integration-test/target/test-dir/MiniOzoneClusterImpl-e4d55aeb-da58-408a-87dd-e45f7ef8a31a/datanode-4/meta/webserver
2023-12-21 09:24:27,648 [main] INFO  http.HttpServer2 (HttpServer2.java:bindListener(1236)) - Jetty bound to port 15223
2023-12-21 09:24:27,648 [main] INFO  server.Server (Server.java:doStart(375)) - jetty-9.4.53.v20231009; built: 2023-10-09T12:29:09.265Z; git: 27bde00a0b95a1d5bbee0eae7984f891d2d0f8c9; jvm 1.8.0_392-b08
2023-12-21 09:24:27,652 [main] INFO  server.session (DefaultSessionIdManager.java:doStart(334)) - DefaultSessionIdManager workerName=node0
2023-12-21 09:24:27,652 [main] INFO  server.session (DefaultSessionIdManager.java:doStart(339)) - No SessionScavenger set, using defaults
2023-12-21 09:24:27,653 [main] INFO  server.session (HouseKeeper.java:startScavenging(132)) - node0 Scavenging every 600000ms
2023-12-21 09:24:27,653 [main] INFO  handler.ContextHandler (ContextHandler.java:doStart(921)) - Started o.e.j.s.ServletContextHandler@4a1c5782{logs,/logs,file:///home/runner/work/ozone/ozone/hadoop-ozone/integration-test/target/log,AVAILABLE}
2023-12-21 09:24:27,654 [main] INFO  handler.ContextHandler (ContextHandler.java:doStart(921)) - Started o.e.j.s.ServletContextHandler@59b89eba{static,/static,jar:file:/home/runner/.m2/repository/org/apache/ozone/hdds-container-service/1.5.0-SNAPSHOT/hdds-container-service-1.5.0-SNAPSHOT.jar!/webapps/static,AVAILABLE}
2023-12-21 09:24:27,687 [main] INFO  handler.ContextHandler (ContextHandler.java:doStart(921)) - Started o.e.j.w.WebAppContext@50893336{hddsDatanode,/,file:///home/runner/work/ozone/ozone/hadoop-ozone/integration-test/target/test-dir/MiniOzoneClusterImpl-e4d55aeb-da58-408a-87dd-e45f7ef8a31a/datanode-4/meta/webserver/jetty-0_0_0_0-15223-hdds-container-service-1_5_0-SNAPSHOT_jar-_-any-6683990678153853168/webapp/,AVAILABLE}{jar:file:/home/runner/.m2/repository/org/apache/ozone/hdds-container-service/1.5.0-SNAPSHOT/hdds-container-service-1.5.0-SNAPSHOT.jar!/webapps/hddsDatanode}
2023-12-21 09:24:27,688 [main] INFO  server.AbstractConnector (AbstractConnector.java:doStart(333)) - Started ServerConnector@76f877ac{HTTP/1.1, (http/1.1)}{0.0.0.0:15223}
2023-12-21 09:24:27,688 [main] INFO  server.Server (Server.java:doStart(415)) - Started @83095ms
2023-12-21 09:24:27,688 [main] WARN  impl.MetricsSystemImpl (MetricsSystemImpl.java:register(279)) - Sink prometheus already exists!
2023-12-21 09:24:27,689 [main] INFO  http.BaseHttpServer (BaseHttpServer.java:updateConnectorAddress(354)) - HTTP server of hddsDatanode listening at http://0.0.0.0:15223
2023-12-21 09:24:27,689 [main] INFO  ipc.CallQueueManager (CallQueueManager.java:<init>(90)) - Using callQueue: class java.util.concurrent.LinkedBlockingQueue, queueCapacity: 100, scheduler: class org.apache.hadoop.ipc.DefaultRpcScheduler, ipcBackoff: false.
2023-12-21 09:24:27,689 [main] INFO  ipc.Server (Server.java:<init>(1287)) - Listener at 0.0.0.0:15224
2023-12-21 09:24:27,690 [Socket Reader #1 for port 15224] INFO  ipc.Server (Server.java:run(1323)) - Starting Socket Reader #1 for port 15224
2023-12-21 09:24:27,691 [main] INFO  ozone.HddsDatanodeService (HddsDatanodeService.java:start(324)) - Datanode start with admins: [runner]
2023-12-21 09:24:27,691 [main] INFO  ozone.HddsDatanodeClientProtocolServer (HddsDatanodeClientProtocolServer.java:start(72)) - RPC server for Client /0.0.0.0:15224
2023-12-21 09:24:27,691 [IPC Server Responder] INFO  ipc.Server (Server.java:run(1562)) - IPC Server Responder: starting
2023-12-21 09:24:27,696 [IPC Server listener on 15224] INFO  ipc.Server (Server.java:run(1402)) - IPC Server listener on 15224: starting
2023-12-21 09:24:27,696 [4150f76c-1cd9-4d5b-96cd-8dd0a9a12dd3-DatanodeStateMachineDaemonThread] INFO  statemachine.DatanodeStateMachine (DatanodeStateMachine.java:lambda$startDaemon$1(555)) - Ozone container server started.
2023-12-21 09:24:27,696 [main] WARN  dropwizard3.Dm3MetricRegistriesImpl (Dm3MetricRegistriesImpl.java:addReporterRegistration(113)) - New reporters are added after registries were created. Some metrics will be missing from the reporter. Please add reporter before adding any new registry.
2023-12-21 09:24:27,697 [main] WARN  dropwizard3.Dm3MetricRegistriesImpl (Dm3MetricRegistriesImpl.java:addReporterRegistration(113)) - New reporters are added after registries were created. Some metrics will be missing from the reporter. Please add reporter before adding any new registry.
2023-12-21 09:24:27,698 [main] INFO  impl.MetricsSystemImpl (MetricsSystemImpl.java:init(158)) - HddsDatanode metrics system started (again)
2023-12-21 09:24:27,699 [4150f76c-1cd9-4d5b-96cd-8dd0a9a12dd3-DatanodeStateMachineTaskThread-0] INFO  datanode.InitDatanodeState (InitDatanodeState.java:persistContainerDatanodeDetails(139)) - DatanodeDetails is persisted to /home/runner/work/ozone/ozone/hadoop-ozone/integration-test/target/test-dir/MiniOzoneClusterImpl-e4d55aeb-da58-408a-87dd-e45f7ef8a31a/datanode-4/meta/datanode.id
2023-12-21 09:24:27,706 [main] INFO  ozone.HddsDatanodeService (HddsDatanodeService.java:start(239)) - HddsDatanodeService host:fv-az1023-676 ip:10.1.0.5
2023-12-21 09:24:27,722 [main] INFO  upgrade.AbstractLayoutVersionManager (AbstractLayoutVersionManager.java:init(83)) - Initializing Layout version manager with metadata layout = HADOOP_PRC_PORTS_IN_DATANODEDETAILS (version = 7), software layout = HADOOP_PRC_PORTS_IN_DATANODEDETAILS (version = 7)
2023-12-21 09:24:27,723 [main] INFO  statemachine.DatanodeStateMachine (DatanodeStateMachine.java:getEndPointTaskThreadPoolSize(299)) - Datanode State Machine Task Thread Pool size 2
2023-12-21 09:24:27,724 [main] ERROR lib.MethodMetric (MethodMetric.java:snapshot(117)) - Error invoking method getCommitted
java.lang.reflect.InvocationTargetException
	at sun.reflect.GeneratedMethodAccessor52.invoke(Unknown Source)
	at sun.reflect.DelegatingMethodAccessorImpl.invoke(DelegatingMethodAccessorImpl.java:43)
	at java.lang.reflect.Method.invoke(Method.java:498)
	at org.apache.hadoop.metrics2.lib.MethodMetric$2.snapshot(MethodMetric.java:111)
	at org.apache.hadoop.metrics2.lib.MethodMetric.snapshot(MethodMetric.java:142)
	at org.apache.hadoop.metrics2.lib.MetricsRegistry.snapshot(MetricsRegistry.java:447)
	at org.apache.hadoop.metrics2.lib.MetricsSourceBuilder$1.getMetrics(MetricsSourceBuilder.java:89)
	at org.apache.hadoop.metrics2.impl.MetricsSourceAdapter.getMetrics(MetricsSourceAdapter.java:200)
	at org.apache.hadoop.metrics2.impl.MetricsSourceAdapter.updateJmxCache(MetricsSourceAdapter.java:183)
	at org.apache.hadoop.metrics2.impl.MetricsSourceAdapter.getMBeanInfo(MetricsSourceAdapter.java:156)
	at com.sun.jmx.interceptor.DefaultMBeanServerInterceptor.getNewMBeanClassName(DefaultMBeanServerInterceptor.java:333)
	at com.sun.jmx.interceptor.DefaultMBeanServerInterceptor.registerMBean(DefaultMBeanServerInterceptor.java:319)
	at com.sun.jmx.mbeanserver.JmxMBeanServer.registerMBean(JmxMBeanServer.java:522)
	at org.apache.hadoop.metrics2.util.MBeans.register(MBeans.java:100)
	at org.apache.hadoop.metrics2.util.MBeans.register(MBeans.java:73)
	at org.apache.hadoop.metrics2.impl.MetricsSourceAdapter.startMBeans(MetricsSourceAdapter.java:222)
	at org.apache.hadoop.metrics2.impl.MetricsSourceAdapter.start(MetricsSourceAdapter.java:101)
	at org.apache.hadoop.metrics2.impl.MetricsSystemImpl.registerSource(MetricsSystemImpl.java:268)
	at org.apache.hadoop.metrics2.impl.MetricsSystemImpl.register(MetricsSystemImpl.java:233)
	at org.apache.hadoop.ozone.container.common.volume.VolumeInfoMetrics.init(VolumeInfoMetrics.java:50)
	at org.apache.hadoop.ozone.container.common.volume.VolumeInfoMetrics.<init>(VolumeInfoMetrics.java:45)
	at org.apache.hadoop.ozone.container.common.volume.HddsVolume.<init>(HddsVolume.java:123)
	at org.apache.hadoop.ozone.container.common.volume.HddsVolume.<init>(HddsVolume.java:71)
	at org.apache.hadoop.ozone.container.common.volume.HddsVolume$Builder.build(HddsVolume.java:111)
	at org.apache.hadoop.ozone.container.common.volume.HddsVolumeFactory.createVolume(HddsVolumeFactory.java:48)
	at org.apache.hadoop.ozone.container.common.volume.MutableVolumeSet.initializeVolumeSet(MutableVolumeSet.java:170)
	at org.apache.hadoop.ozone.container.common.volume.MutableVolumeSet.<init>(MutableVolumeSet.java:132)
	at org.apache.hadoop.ozone.container.common.volume.MutableVolumeSet.<init>(MutableVolumeSet.java:96)
	at org.apache.hadoop.ozone.container.ozoneimpl.OzoneContainer.<init>(OzoneContainer.java:149)
	at org.apache.hadoop.ozone.container.common.statemachine.DatanodeStateMachine.<init>(DatanodeStateMachine.java:186)
	at org.apache.hadoop.ozone.HddsDatanodeService.start(HddsDatanodeService.java:296)
	at org.apache.hadoop.ozone.MiniOzoneClusterImpl.startHddsDatanode(MiniOzoneClusterImpl.java:489)
	at java.util.ArrayList.forEach(ArrayList.java:1259)
	at org.apache.hadoop.ozone.MiniOzoneClusterImpl.startHddsDatanodes(MiniOzoneClusterImpl.java:497)
	at org.apache.hadoop.ozone.MiniOzoneClusterImpl$Builder.build(MiniOzoneClusterImpl.java:627)
	at org.apache.hadoop.ozone.client.rpc.TestWatchForCommit.init(TestWatchForCommit.java:149)
	at sun.reflect.NativeMethodAccessorImpl.invoke0(Native Method)
	at sun.reflect.NativeMethodAccessorImpl.invoke(NativeMethodAccessorImpl.java:62)
	at sun.reflect.DelegatingMethodAccessorImpl.invoke(DelegatingMethodAccessorImpl.java:43)
	at java.lang.reflect.Method.invoke(Method.java:498)
	at org.junit.platform.commons.util.ReflectionUtils.invokeMethod(ReflectionUtils.java:728)
	at org.junit.jupiter.engine.execution.MethodInvocation.proceed(MethodInvocation.java:60)
	at org.junit.jupiter.engine.execution.InvocationInterceptorChain$ValidatingInvocation.proceed(InvocationInterceptorChain.java:131)
	at org.junit.jupiter.engine.extension.TimeoutExtension.intercept(TimeoutExtension.java:156)
	at org.junit.jupiter.engine.extension.TimeoutExtension.interceptLifecycleMethod(TimeoutExtension.java:128)
	at org.junit.jupiter.engine.extension.TimeoutExtension.interceptBeforeEachMethod(TimeoutExtension.java:78)
	at org.junit.jupiter.engine.execution.InterceptingExecutableInvoker$ReflectiveInterceptorCall.lambda$ofVoidMethod$0(InterceptingExecutableInvoker.java:103)
	at org.junit.jupiter.engine.execution.InterceptingExecutableInvoker.lambda$invoke$0(InterceptingExecutableInvoker.java:93)
	at org.junit.jupiter.engine.execution.InvocationInterceptorChain$InterceptedInvocation.proceed(InvocationInterceptorChain.java:106)
	at org.junit.jupiter.engine.execution.InvocationInterceptorChain.proceed(InvocationInterceptorChain.java:64)
	at org.junit.jupiter.engine.execution.InvocationInterceptorChain.chainAndInvoke(InvocationInterceptorChain.java:45)
	at org.junit.jupiter.engine.execution.InvocationInterceptorChain.invoke(InvocationInterceptorChain.java:37)
	at org.junit.jupiter.engine.execution.InterceptingExecutableInvoker.invoke(InterceptingExecutableInvoker.java:92)
	at org.junit.jupiter.engine.execution.InterceptingExecutableInvoker.invoke(InterceptingExecutableInvoker.java:86)
	at org.junit.jupiter.engine.descriptor.ClassBasedTestDescriptor.invokeMethodInExtensionContext(ClassBasedTestDescriptor.java:521)
	at org.junit.jupiter.engine.descriptor.ClassBasedTestDescriptor.lambda$synthesizeBeforeEachMethodAdapter$23(ClassBasedTestDescriptor.java:506)
	at org.junit.jupiter.engine.descriptor.TestMethodTestDescriptor.lambda$invokeBeforeEachMethods$3(TestMethodTestDescriptor.java:175)
	at org.junit.jupiter.engine.descriptor.TestMethodTestDescriptor.lambda$invokeBeforeMethodsOrCallbacksUntilExceptionOccurs$6(TestMethodTestDescriptor.java:203)
	at org.junit.platform.engine.support.hierarchical.ThrowableCollector.execute(ThrowableCollector.java:73)
	at org.junit.jupiter.engine.descriptor.TestMethodTestDescriptor.invokeBeforeMethodsOrCallbacksUntilExceptionOccurs(TestMethodTestDescriptor.java:203)
	at org.junit.jupiter.engine.descriptor.TestMethodTestDescriptor.invokeBeforeEachMethods(TestMethodTestDescriptor.java:172)
	at org.junit.jupiter.engine.descriptor.TestMethodTestDescriptor.execute(TestMethodTestDescriptor.java:135)
	at org.junit.jupiter.engine.descriptor.TestMethodTestDescriptor.execute(TestMethodTestDescriptor.java:69)
	at org.junit.platform.engine.support.hierarchical.NodeTestTask.lambda$executeRecursively$6(NodeTestTask.java:151)
	at org.junit.platform.engine.support.hierarchical.ThrowableCollector.execute(ThrowableCollector.java:73)
	at org.junit.platform.engine.support.hierarchical.NodeTestTask.lambda$executeRecursively$8(NodeTestTask.java:141)
	at org.junit.platform.engine.support.hierarchical.Node.around(Node.java:137)
	at org.junit.platform.engine.support.hierarchical.NodeTestTask.lambda$executeRecursively$9(NodeTestTask.java:139)
	at org.junit.platform.engine.support.hierarchical.ThrowableCollector.execute(ThrowableCollector.java:73)
	at org.junit.platform.engine.support.hierarchical.NodeTestTask.executeRecursively(NodeTestTask.java:138)
	at org.junit.platform.engine.support.hierarchical.NodeTestTask.execute(NodeTestTask.java:95)
	at java.util.ArrayList.forEach(ArrayList.java:1259)
	at org.junit.platform.engine.support.hierarchical.SameThreadHierarchicalTestExecutorService.invokeAll(SameThreadHierarchicalTestExecutorService.java:41)
	at org.junit.platform.engine.support.hierarchical.NodeTestTask.lambda$executeRecursively$6(NodeTestTask.java:155)
	at org.junit.platform.engine.support.hierarchical.ThrowableCollector.execute(ThrowableCollector.java:73)
	at org.junit.platform.engine.support.hierarchical.NodeTestTask.lambda$executeRecursively$8(NodeTestTask.java:141)
	at org.junit.platform.engine.support.hierarchical.Node.around(Node.java:137)
	at org.junit.platform.engine.support.hierarchical.NodeTestTask.lambda$executeRecursively$9(NodeTestTask.java:139)
	at org.junit.platform.engine.support.hierarchical.ThrowableCollector.execute(ThrowableCollector.java:73)
	at org.junit.platform.engine.support.hierarchical.NodeTestTask.executeRecursively(NodeTestTask.java:138)
	at org.junit.platform.engine.support.hierarchical.NodeTestTask.execute(NodeTestTask.java:95)
	at java.util.ArrayList.forEach(ArrayList.java:1259)
	at org.junit.platform.engine.support.hierarchical.SameThreadHierarchicalTestExecutorService.invokeAll(SameThreadHierarchicalTestExecutorService.java:41)
	at org.junit.platform.engine.support.hierarchical.NodeTestTask.lambda$executeRecursively$6(NodeTestTask.java:155)
	at org.junit.platform.engine.support.hierarchical.ThrowableCollector.execute(ThrowableCollector.java:73)
	at org.junit.platform.engine.support.hierarchical.NodeTestTask.lambda$executeRecursively$8(NodeTestTask.java:141)
	at org.junit.platform.engine.support.hierarchical.Node.around(Node.java:137)
	at org.junit.platform.engine.support.hierarchical.NodeTestTask.lambda$executeRecursively$9(NodeTestTask.java:139)
	at org.junit.platform.engine.support.hierarchical.ThrowableCollector.execute(ThrowableCollector.java:73)
	at org.junit.platform.engine.support.hierarchical.NodeTestTask.executeRecursively(NodeTestTask.java:138)
	at org.junit.platform.engine.support.hierarchical.NodeTestTask.execute(NodeTestTask.java:95)
	at org.junit.platform.engine.support.hierarchical.SameThreadHierarchicalTestExecutorService.submit(SameThreadHierarchicalTestExecutorService.java:35)
	at org.junit.platform.engine.support.hierarchical.HierarchicalTestExecutor.execute(HierarchicalTestExecutor.java:57)
	at org.junit.platform.engine.support.hierarchical.HierarchicalTestEngine.execute(HierarchicalTestEngine.java:54)
	at org.junit.platform.launcher.core.EngineExecutionOrchestrator.execute(EngineExecutionOrchestrator.java:198)
	at org.junit.platform.launcher.core.EngineExecutionOrchestrator.execute(EngineExecutionOrchestrator.java:169)
	at org.junit.platform.launcher.core.EngineExecutionOrchestrator.execute(EngineExecutionOrchestrator.java:93)
	at org.junit.platform.launcher.core.EngineExecutionOrchestrator.lambda$execute$0(EngineExecutionOrchestrator.java:58)
	at org.junit.platform.launcher.core.EngineExecutionOrchestrator.withInterceptedStreams(EngineExecutionOrchestrator.java:141)
	at org.junit.platform.launcher.core.EngineExecutionOrchestrator.execute(EngineExecutionOrchestrator.java:57)
	at org.junit.platform.launcher.core.DefaultLauncher.execute(DefaultLauncher.java:103)
	at org.junit.platform.launcher.core.DefaultLauncher.execute(DefaultLauncher.java:85)
	at org.junit.platform.launcher.core.DelegatingLauncher.execute(DelegatingLauncher.java:47)
	at org.apache.maven.surefire.junitplatform.LazyLauncher.execute(LazyLauncher.java:56)
	at org.apache.maven.surefire.junitplatform.JUnitPlatformProvider.execute(JUnitPlatformProvider.java:184)
	at org.apache.maven.surefire.junitplatform.JUnitPlatformProvider.invokeAllTests(JUnitPlatformProvider.java:148)
	at org.apache.maven.surefire.junitplatform.JUnitPlatformProvider.invoke(JUnitPlatformProvider.java:120)
	at org.apache.maven.surefire.booter.ForkedBooter.runSuitesInProcess(ForkedBooter.java:385)
	at org.apache.maven.surefire.booter.ForkedBooter.execute(ForkedBooter.java:162)
	at org.apache.maven.surefire.booter.ForkedBooter.run(ForkedBooter.java:507)
	at org.apache.maven.surefire.booter.ForkedBooter.main(ForkedBooter.java:495)
Caused by: java.lang.NullPointerException
	at org.apache.hadoop.ozone.container.common.volume.HddsVolume.getCommittedBytes(HddsVolume.java:303)
	at org.apache.hadoop.ozone.container.common.volume.VolumeInfoMetrics.getCommitted(VolumeInfoMetrics.java:147)
	... 111 more
2023-12-21 09:24:27,724 [main] INFO  volume.HddsVolume (HddsVolume.java:<init>(126)) - Creating HddsVolume: /home/runner/work/ozone/ozone/hadoop-ozone/integration-test/target/test-dir/MiniOzoneClusterImpl-e4d55aeb-da58-408a-87dd-e45f7ef8a31a/datanode-5/data-0/containers/hdds of storage type : DISK capacity : 9223372036854775807
2023-12-21 09:24:27,725 [main] INFO  volume.MutableVolumeSet (MutableVolumeSet.java:initializeVolumeSet(173)) - Added Volume : /home/runner/work/ozone/ozone/hadoop-ozone/integration-test/target/test-dir/MiniOzoneClusterImpl-e4d55aeb-da58-408a-87dd-e45f7ef8a31a/datanode-5/data-0/containers/hdds to VolumeSet
2023-12-21 09:24:27,725 [main] INFO  volume.MutableVolumeSet (MutableVolumeSet.java:initializeVolumeSet(173)) - Added Volume : /home/runner/work/ozone/ozone/hadoop-ozone/integration-test/target/test-dir/MiniOzoneClusterImpl-e4d55aeb-da58-408a-87dd-e45f7ef8a31a/datanode-5/data/ratis to VolumeSet
2023-12-21 09:24:27,726 [main] INFO  ozoneimpl.OzoneContainer (HddsVolumeUtil.java:loadAllHddsVolumeDbStore(103)) - Load 1 volumes DbStore cost: 0ms
2023-12-21 09:24:27,726 [317bf553-3d1a-400b-8f1e-6110842f6590-ContainerReader-0] INFO  ozoneimpl.ContainerReader (ContainerReader.java:readVolume(178)) - Finish verifying containers on volume /home/runner/work/ozone/ozone/hadoop-ozone/integration-test/target/test-dir/MiniOzoneClusterImpl-e4d55aeb-da58-408a-87dd-e45f7ef8a31a/datanode-5/data-0/containers/hdds
2023-12-21 09:24:27,726 [main] INFO  ozoneimpl.OzoneContainer (OzoneContainer.java:buildContainerSet(326)) - Build ContainerSet costs 0s
2023-12-21 09:24:27,728 [main] INFO  server.RaftServer (ConfUtils.java:logGet(46)) - raft.rpc.type = GRPC (default)
2023-12-21 09:24:27,728 [main] INFO  grpc.GrpcConfigKeys (ConfUtils.java:logFallback(53)) - raft.grpc.admin.host = null (fallback to raft.grpc.server.host)
2023-12-21 09:24:27,728 [main] INFO  grpc.GrpcConfigKeys (ConfUtils.java:logGet(46)) - raft.grpc.admin.port = 15236 (custom)
2023-12-21 09:24:27,728 [main] INFO  grpc.GrpcConfigKeys (ConfUtils.java:logFallback(53)) - raft.grpc.client.host = null (fallback to raft.grpc.server.host)
2023-12-21 09:24:27,728 [main] INFO  grpc.GrpcConfigKeys (ConfUtils.java:logGet(46)) - raft.grpc.client.port = 15235 (custom)
2023-12-21 09:24:27,729 [main] INFO  grpc.GrpcConfigKeys (ConfUtils.java:logGet(46)) - raft.grpc.server.host = null (default)
2023-12-21 09:24:27,729 [main] INFO  grpc.GrpcConfigKeys (ConfUtils.java:logGet(46)) - raft.grpc.server.port = 15237 (custom)
2023-12-21 09:24:27,729 [main] INFO  server.GrpcService (ConfUtils.java:logGet(46)) - raft.grpc.message.size.max = 32MB (=33554432) (custom)
2023-12-21 09:24:27,729 [main] INFO  server.RaftServerConfigKeys (ConfUtils.java:logGet(46)) - raft.server.log.appender.buffer.byte-limit = 8388608 (custom)
2023-12-21 09:24:27,729 [main] INFO  server.GrpcService (ConfUtils.java:logGet(46)) - raft.grpc.flow.control.window = 5MB (=5242880) (custom)
2023-12-21 09:24:27,729 [main] INFO  server.RaftServerConfigKeys (ConfUtils.java:logGet(46)) - raft.server.rpc.request.timeout = 3000ms (default)
2023-12-21 09:24:27,729 [main] INFO  grpc.GrpcConfigKeys (ConfUtils.java:logGet(46)) - raft.grpc.server.heartbeat.channel = true (default)
2023-12-21 09:24:27,729 [main] INFO  grpc.GrpcConfigKeys (ConfUtils.java:logGet(46)) - raft.grpc.server.async.request.thread.pool.cached = true (default)
2023-12-21 09:24:27,729 [main] INFO  grpc.GrpcConfigKeys (ConfUtils.java:logGet(46)) - raft.grpc.server.async.request.thread.pool.size = 32 (default)
2023-12-21 09:24:27,731 [main] INFO  impl.DataStreamServerImpl (ConfUtils.java:logGet(46)) - raft.datastream.type = NETTY (custom)
2023-12-21 09:24:27,731 [main] INFO  server.RaftServerConfigKeys (ConfUtils.java:logGet(46)) - raft.server.data-stream.async.request.thread.pool.cached = false (default)
2023-12-21 09:24:27,731 [main] INFO  server.RaftServerConfigKeys (ConfUtils.java:logGet(46)) - raft.server.data-stream.async.request.thread.pool.size = 20 (custom)
2023-12-21 09:24:27,731 [main] INFO  server.RaftServerConfigKeys (ConfUtils.java:logGet(46)) - raft.server.data-stream.async.write.thread.pool.size = 16 (default)
2023-12-21 09:24:27,732 [main] INFO  netty.NettyConfigKeys$DataStream (ConfUtils.java:logGet(46)) - raft.netty.dataStream.server.channel.inactive.grace-period = 10min (default)
2023-12-21 09:24:27,732 [main] INFO  server.RaftServerConfigKeys (ConfUtils.java:logGet(46)) - raft.server.data-stream.client.pool.size = 10 (default)
2023-12-21 09:24:27,732 [main] INFO  netty.NettyConfigKeys$DataStream (ConfUtils.java:logGet(46)) - raft.netty.dataStream.server.use-epoll = true (default)
2023-12-21 09:24:27,732 [main] INFO  netty.NettyConfigKeys$DataStream (ConfUtils.java:logGet(46)) - raft.netty.dataStream.server.boss-group.size = 0 (default)
2023-12-21 09:24:27,732 [main] INFO  netty.NettyUtils (NettyUtils.java:newEventLoopGroup(69)) - Create EpollEventLoopGroup for 317bf553-3d1a-400b-8f1e-6110842f6590-NettyServerStreamRpc-bossGroup; Thread size is 0.
2023-12-21 09:24:27,732 [main] INFO  netty.NettyConfigKeys$DataStream (ConfUtils.java:logGet(46)) - raft.netty.dataStream.server.worker-group.size = 0 (default)
2023-12-21 09:24:27,733 [main] INFO  netty.NettyUtils (NettyUtils.java:newEventLoopGroup(69)) - Create EpollEventLoopGroup for 317bf553-3d1a-400b-8f1e-6110842f6590-NettyServerStreamRpc-workerGroup; Thread size is 0.
2023-12-21 09:24:27,733 [main] INFO  netty.NettyConfigKeys$DataStream (ConfUtils.java:logGet(46)) - raft.netty.dataStream.server.tls.conf = null (default)
2023-12-21 09:24:27,733 [main] INFO  netty.NettyConfigKeys$DataStream (ConfUtils.java:logGet(46)) - raft.netty.dataStream.host = null (default)
2023-12-21 09:24:27,733 [main] INFO  netty.NettyConfigKeys$DataStream (ConfUtils.java:logGet(46)) - raft.netty.dataStream.port = 15238 (custom)
2023-12-21 09:24:27,733 [main] INFO  server.RaftServerConfigKeys (ConfUtils.java:logGet(46)) - raft.server.sleep.deviation.threshold = 300ms (default)
2023-12-21 09:24:27,734 [main] INFO  server.RaftServerConfigKeys (ConfUtils.java:logGet(46)) - raft.server.close.threshold = 60s (default)
2023-12-21 09:24:27,734 [317bf553-3d1a-400b-8f1e-6110842f6590-NettyServerStreamRpc-bossGroup--thread1] INFO  logging.LoggingHandler (AbstractInternalLogger.java:log(148)) - [id: 0x75ed18bd] REGISTERED
2023-12-21 09:24:27,734 [main] INFO  server.RaftServerConfigKeys (ConfUtils.java:logGet(46)) - raft.server.leaderelection.leader.step-down.wait-time = 10s (default)
2023-12-21 09:24:27,734 [317bf553-3d1a-400b-8f1e-6110842f6590-NettyServerStreamRpc-bossGroup--thread1] INFO  logging.LoggingHandler (AbstractInternalLogger.java:log(148)) - [id: 0x75ed18bd] BIND: 0.0.0.0/0.0.0.0:15238
2023-12-21 09:24:27,734 [main] INFO  server.RaftServerConfigKeys (ConfUtils.java:logGet(46)) - raft.server.storage.dir = [/home/runner/work/ozone/ozone/hadoop-ozone/integration-test/target/test-dir/MiniOzoneClusterImpl-e4d55aeb-da58-408a-87dd-e45f7ef8a31a/datanode-5/data/ratis] (custom)
2023-12-21 09:24:27,734 [317bf553-3d1a-400b-8f1e-6110842f6590-NettyServerStreamRpc-bossGroup--thread1] INFO  logging.LoggingHandler (AbstractInternalLogger.java:log(148)) - [id: 0x75ed18bd, L:/0.0.0.0:15238] ACTIVE
2023-12-21 09:24:27,734 [main] INFO  server.RaftServerConfigKeys (ConfUtils.java:logGet(46)) - raft.server.threadpool.proxy.cached = true (default)
2023-12-21 09:24:27,734 [main] INFO  server.RaftServerConfigKeys (ConfUtils.java:logGet(46)) - raft.server.threadpool.proxy.size = 0 (default)
2023-12-21 09:24:27,735 [317bf553-3d1a-400b-8f1e-6110842f6590-impl-thread1] INFO  server.RaftServer (RaftServerProxy.java:initGroupDir(264)) - 317bf553-3d1a-400b-8f1e-6110842f6590: found a subdirectory /home/runner/work/ozone/ozone/hadoop-ozone/integration-test/target/test-dir/MiniOzoneClusterImpl-e4d55aeb-da58-408a-87dd-e45f7ef8a31a/datanode-5/data/ratis/tmp
2023-12-21 09:24:27,735 [317bf553-3d1a-400b-8f1e-6110842f6590-impl-thread1] INFO  server.RaftServer (RaftServerProxy.java:initGroupDir(269)) - 317bf553-3d1a-400b-8f1e-6110842f6590: The directory /home/runner/work/ozone/ozone/hadoop-ozone/integration-test/target/test-dir/MiniOzoneClusterImpl-e4d55aeb-da58-408a-87dd-e45f7ef8a31a/datanode-5/data/ratis/tmp is not a group directory; ignoring it. 
2023-12-21 09:24:27,735 [main] INFO  replication.ReplicationServer (ReplicationServer.java:<init>(85)) - Initializing replication server with thread count = 10 queue length = 4096
2023-12-21 09:24:27,735 [main] INFO  server.XceiverServerGrpc (XceiverServerGrpc.java:<init>(141)) - GrpcServer channel type EpollServerSocketChannel
2023-12-21 09:24:27,737 [main] INFO  replication.ReplicationSupervisor (ReplicationSupervisor.java:build(163)) - Initializing replication supervisor with thread count = 10
2023-12-21 09:24:27,737 [main] INFO  replication.ReplicationSupervisor (ReplicationSupervisor.java:nodeStateUpdated(317)) - Node state updated to IN_SERVICE, scaling executor pool size to 10
2023-12-21 09:24:27,738 [main] INFO  http.BaseHttpServer (BaseHttpServer.java:newHttpServer2BuilderForOzone(223)) - Starting Web-server for hddsDatanode at: http://0.0.0.0:15232
2023-12-21 09:24:27,738 [main] INFO  http.BaseHttpServer (BaseHttpServer.java:<init>(110)) - Hadoop Security Enabled: false Ozone Security Enabled: false Ozone HTTP Security Enabled: false 
2023-12-21 09:24:27,739 [main] WARN  server.AuthenticationFilter (AuthenticationFilter.java:constructSecretProvider(240)) - Unable to initialize FileSignerSecretProvider, falling back to use random secrets. Reason: Could not read signature secret file: /home/runner/hadoop-http-auth-signature-secret
2023-12-21 09:24:27,740 [main] INFO  http.HttpRequestLog (HttpRequestLog.java:getRequestLog(86)) - Http request log for http.requests.hddsDatanode is not defined
2023-12-21 09:24:27,741 [main] INFO  http.HttpServer2 (HttpServer2.java:addGlobalFilter(1036)) - Added global filter 'safety' (class=org.apache.hadoop.hdds.server.http.HttpServer2$QuotingInputFilter)
2023-12-21 09:24:27,741 [main] INFO  http.HttpServer2 (HttpServer2.java:addFilter(1012)) - Added filter static_user_filter (class=org.apache.hadoop.http.lib.StaticUserWebFilter$StaticUserFilter) to context hddsDatanode
2023-12-21 09:24:27,741 [main] INFO  http.HttpServer2 (HttpServer2.java:addFilter(1020)) - Added filter static_user_filter (class=org.apache.hadoop.http.lib.StaticUserWebFilter$StaticUserFilter) to context logs
2023-12-21 09:24:27,741 [main] INFO  http.HttpServer2 (HttpServer2.java:addFilter(1020)) - Added filter static_user_filter (class=org.apache.hadoop.http.lib.StaticUserWebFilter$StaticUserFilter) to context static
2023-12-21 09:24:27,742 [main] INFO  http.BaseHttpServer (BaseHttpServer.java:<init>(189)) - HTTP server of hddsDatanode uses base directory /home/runner/work/ozone/ozone/hadoop-ozone/integration-test/target/test-dir/MiniOzoneClusterImpl-e4d55aeb-da58-408a-87dd-e45f7ef8a31a/datanode-5/meta/webserver
2023-12-21 09:24:27,742 [main] INFO  http.HttpServer2 (HttpServer2.java:bindListener(1236)) - Jetty bound to port 15232
2023-12-21 09:24:27,742 [main] INFO  server.Server (Server.java:doStart(375)) - jetty-9.4.53.v20231009; built: 2023-10-09T12:29:09.265Z; git: 27bde00a0b95a1d5bbee0eae7984f891d2d0f8c9; jvm 1.8.0_392-b08
2023-12-21 09:24:27,744 [main] INFO  server.session (DefaultSessionIdManager.java:doStart(334)) - DefaultSessionIdManager workerName=node0
2023-12-21 09:24:27,744 [main] INFO  server.session (DefaultSessionIdManager.java:doStart(339)) - No SessionScavenger set, using defaults
2023-12-21 09:24:27,744 [main] INFO  server.session (HouseKeeper.java:startScavenging(132)) - node0 Scavenging every 660000ms
2023-12-21 09:24:27,745 [main] INFO  handler.ContextHandler (ContextHandler.java:doStart(921)) - Started o.e.j.s.ServletContextHandler@26a13403{logs,/logs,file:///home/runner/work/ozone/ozone/hadoop-ozone/integration-test/target/log,AVAILABLE}
2023-12-21 09:24:27,745 [main] INFO  handler.ContextHandler (ContextHandler.java:doStart(921)) - Started o.e.j.s.ServletContextHandler@3300d5e6{static,/static,jar:file:/home/runner/.m2/repository/org/apache/ozone/hdds-container-service/1.5.0-SNAPSHOT/hdds-container-service-1.5.0-SNAPSHOT.jar!/webapps/static,AVAILABLE}
2023-12-21 09:24:27,776 [main] INFO  handler.ContextHandler (ContextHandler.java:doStart(921)) - Started o.e.j.w.WebAppContext@270ea042{hddsDatanode,/,file:///home/runner/work/ozone/ozone/hadoop-ozone/integration-test/target/test-dir/MiniOzoneClusterImpl-e4d55aeb-da58-408a-87dd-e45f7ef8a31a/datanode-5/meta/webserver/jetty-0_0_0_0-15232-hdds-container-service-1_5_0-SNAPSHOT_jar-_-any-3462711165783474307/webapp/,AVAILABLE}{jar:file:/home/runner/.m2/repository/org/apache/ozone/hdds-container-service/1.5.0-SNAPSHOT/hdds-container-service-1.5.0-SNAPSHOT.jar!/webapps/hddsDatanode}
2023-12-21 09:24:27,778 [main] INFO  server.AbstractConnector (AbstractConnector.java:doStart(333)) - Started ServerConnector@5a77dbb3{HTTP/1.1, (http/1.1)}{0.0.0.0:15232}
2023-12-21 09:24:27,778 [main] INFO  server.Server (Server.java:doStart(415)) - Started @83184ms
2023-12-21 09:24:27,778 [main] WARN  impl.MetricsSystemImpl (MetricsSystemImpl.java:register(279)) - Sink prometheus already exists!
2023-12-21 09:24:27,779 [main] INFO  http.BaseHttpServer (BaseHttpServer.java:updateConnectorAddress(354)) - HTTP server of hddsDatanode listening at http://0.0.0.0:15232
2023-12-21 09:24:27,779 [main] INFO  ipc.CallQueueManager (CallQueueManager.java:<init>(90)) - Using callQueue: class java.util.concurrent.LinkedBlockingQueue, queueCapacity: 100, scheduler: class org.apache.hadoop.ipc.DefaultRpcScheduler, ipcBackoff: false.
2023-12-21 09:24:27,779 [main] INFO  ipc.Server (Server.java:<init>(1287)) - Listener at 0.0.0.0:15233
2023-12-21 09:24:27,780 [Socket Reader #1 for port 15233] INFO  ipc.Server (Server.java:run(1323)) - Starting Socket Reader #1 for port 15233
2023-12-21 09:24:27,786 [main] INFO  ozone.HddsDatanodeService (HddsDatanodeService.java:start(324)) - Datanode start with admins: [runner]
2023-12-21 09:24:27,786 [main] INFO  ozone.HddsDatanodeClientProtocolServer (HddsDatanodeClientProtocolServer.java:start(72)) - RPC server for Client /0.0.0.0:15233
2023-12-21 09:24:27,787 [IPC Server Responder] INFO  ipc.Server (Server.java:run(1562)) - IPC Server Responder: starting
2023-12-21 09:24:27,787 [IPC Server listener on 15233] INFO  ipc.Server (Server.java:run(1402)) - IPC Server listener on 15233: starting
2023-12-21 09:24:27,792 [317bf553-3d1a-400b-8f1e-6110842f6590-DatanodeStateMachineDaemonThread] INFO  statemachine.DatanodeStateMachine (DatanodeStateMachine.java:lambda$startDaemon$1(555)) - Ozone container server started.
2023-12-21 09:24:27,792 [main] WARN  dropwizard3.Dm3MetricRegistriesImpl (Dm3MetricRegistriesImpl.java:addReporterRegistration(113)) - New reporters are added after registries were created. Some metrics will be missing from the reporter. Please add reporter before adding any new registry.
2023-12-21 09:24:27,793 [main] WARN  dropwizard3.Dm3MetricRegistriesImpl (Dm3MetricRegistriesImpl.java:addReporterRegistration(113)) - New reporters are added after registries were created. Some metrics will be missing from the reporter. Please add reporter before adding any new registry.
2023-12-21 09:24:27,793 [main] INFO  impl.MetricsSystemImpl (MetricsSystemImpl.java:init(158)) - HddsDatanode metrics system started (again)
2023-12-21 09:24:27,795 [317bf553-3d1a-400b-8f1e-6110842f6590-DatanodeStateMachineTaskThread-0] INFO  datanode.InitDatanodeState (InitDatanodeState.java:persistContainerDatanodeDetails(139)) - DatanodeDetails is persisted to /home/runner/work/ozone/ozone/hadoop-ozone/integration-test/target/test-dir/MiniOzoneClusterImpl-e4d55aeb-da58-408a-87dd-e45f7ef8a31a/datanode-5/meta/datanode.id
2023-12-21 09:24:27,802 [main] INFO  ozone.HddsDatanodeService (HddsDatanodeService.java:start(239)) - HddsDatanodeService host:fv-az1023-676 ip:10.1.0.5
2023-12-21 09:24:27,818 [main] INFO  upgrade.AbstractLayoutVersionManager (AbstractLayoutVersionManager.java:init(83)) - Initializing Layout version manager with metadata layout = HADOOP_PRC_PORTS_IN_DATANODEDETAILS (version = 7), software layout = HADOOP_PRC_PORTS_IN_DATANODEDETAILS (version = 7)
2023-12-21 09:24:27,818 [main] INFO  statemachine.DatanodeStateMachine (DatanodeStateMachine.java:getEndPointTaskThreadPoolSize(299)) - Datanode State Machine Task Thread Pool size 2
2023-12-21 09:24:27,819 [main] ERROR lib.MethodMetric (MethodMetric.java:snapshot(117)) - Error invoking method getCommitted
java.lang.reflect.InvocationTargetException
	at sun.reflect.GeneratedMethodAccessor52.invoke(Unknown Source)
	at sun.reflect.DelegatingMethodAccessorImpl.invoke(DelegatingMethodAccessorImpl.java:43)
	at java.lang.reflect.Method.invoke(Method.java:498)
	at org.apache.hadoop.metrics2.lib.MethodMetric$2.snapshot(MethodMetric.java:111)
	at org.apache.hadoop.metrics2.lib.MethodMetric.snapshot(MethodMetric.java:142)
	at org.apache.hadoop.metrics2.lib.MetricsRegistry.snapshot(MetricsRegistry.java:447)
	at org.apache.hadoop.metrics2.lib.MetricsSourceBuilder$1.getMetrics(MetricsSourceBuilder.java:89)
	at org.apache.hadoop.metrics2.impl.MetricsSourceAdapter.getMetrics(MetricsSourceAdapter.java:200)
	at org.apache.hadoop.metrics2.impl.MetricsSourceAdapter.updateJmxCache(MetricsSourceAdapter.java:183)
	at org.apache.hadoop.metrics2.impl.MetricsSourceAdapter.getMBeanInfo(MetricsSourceAdapter.java:156)
	at com.sun.jmx.interceptor.DefaultMBeanServerInterceptor.getNewMBeanClassName(DefaultMBeanServerInterceptor.java:333)
	at com.sun.jmx.interceptor.DefaultMBeanServerInterceptor.registerMBean(DefaultMBeanServerInterceptor.java:319)
	at com.sun.jmx.mbeanserver.JmxMBeanServer.registerMBean(JmxMBeanServer.java:522)
	at org.apache.hadoop.metrics2.util.MBeans.register(MBeans.java:100)
	at org.apache.hadoop.metrics2.util.MBeans.register(MBeans.java:73)
	at org.apache.hadoop.metrics2.impl.MetricsSourceAdapter.startMBeans(MetricsSourceAdapter.java:222)
	at org.apache.hadoop.metrics2.impl.MetricsSourceAdapter.start(MetricsSourceAdapter.java:101)
	at org.apache.hadoop.metrics2.impl.MetricsSystemImpl.registerSource(MetricsSystemImpl.java:268)
	at org.apache.hadoop.metrics2.impl.MetricsSystemImpl.register(MetricsSystemImpl.java:233)
	at org.apache.hadoop.ozone.container.common.volume.VolumeInfoMetrics.init(VolumeInfoMetrics.java:50)
	at org.apache.hadoop.ozone.container.common.volume.VolumeInfoMetrics.<init>(VolumeInfoMetrics.java:45)
	at org.apache.hadoop.ozone.container.common.volume.HddsVolume.<init>(HddsVolume.java:123)
	at org.apache.hadoop.ozone.container.common.volume.HddsVolume.<init>(HddsVolume.java:71)
	at org.apache.hadoop.ozone.container.common.volume.HddsVolume$Builder.build(HddsVolume.java:111)
	at org.apache.hadoop.ozone.container.common.volume.HddsVolumeFactory.createVolume(HddsVolumeFactory.java:48)
	at org.apache.hadoop.ozone.container.common.volume.MutableVolumeSet.initializeVolumeSet(MutableVolumeSet.java:170)
	at org.apache.hadoop.ozone.container.common.volume.MutableVolumeSet.<init>(MutableVolumeSet.java:132)
	at org.apache.hadoop.ozone.container.common.volume.MutableVolumeSet.<init>(MutableVolumeSet.java:96)
	at org.apache.hadoop.ozone.container.ozoneimpl.OzoneContainer.<init>(OzoneContainer.java:149)
	at org.apache.hadoop.ozone.container.common.statemachine.DatanodeStateMachine.<init>(DatanodeStateMachine.java:186)
	at org.apache.hadoop.ozone.HddsDatanodeService.start(HddsDatanodeService.java:296)
	at org.apache.hadoop.ozone.MiniOzoneClusterImpl.startHddsDatanode(MiniOzoneClusterImpl.java:489)
	at java.util.ArrayList.forEach(ArrayList.java:1259)
	at org.apache.hadoop.ozone.MiniOzoneClusterImpl.startHddsDatanodes(MiniOzoneClusterImpl.java:497)
	at org.apache.hadoop.ozone.MiniOzoneClusterImpl$Builder.build(MiniOzoneClusterImpl.java:627)
	at org.apache.hadoop.ozone.client.rpc.TestWatchForCommit.init(TestWatchForCommit.java:149)
	at sun.reflect.NativeMethodAccessorImpl.invoke0(Native Method)
	at sun.reflect.NativeMethodAccessorImpl.invoke(NativeMethodAccessorImpl.java:62)
	at sun.reflect.DelegatingMethodAccessorImpl.invoke(DelegatingMethodAccessorImpl.java:43)
	at java.lang.reflect.Method.invoke(Method.java:498)
	at org.junit.platform.commons.util.ReflectionUtils.invokeMethod(ReflectionUtils.java:728)
	at org.junit.jupiter.engine.execution.MethodInvocation.proceed(MethodInvocation.java:60)
	at org.junit.jupiter.engine.execution.InvocationInterceptorChain$ValidatingInvocation.proceed(InvocationInterceptorChain.java:131)
	at org.junit.jupiter.engine.extension.TimeoutExtension.intercept(TimeoutExtension.java:156)
	at org.junit.jupiter.engine.extension.TimeoutExtension.interceptLifecycleMethod(TimeoutExtension.java:128)
	at org.junit.jupiter.engine.extension.TimeoutExtension.interceptBeforeEachMethod(TimeoutExtension.java:78)
	at org.junit.jupiter.engine.execution.InterceptingExecutableInvoker$ReflectiveInterceptorCall.lambda$ofVoidMethod$0(InterceptingExecutableInvoker.java:103)
	at org.junit.jupiter.engine.execution.InterceptingExecutableInvoker.lambda$invoke$0(InterceptingExecutableInvoker.java:93)
	at org.junit.jupiter.engine.execution.InvocationInterceptorChain$InterceptedInvocation.proceed(InvocationInterceptorChain.java:106)
	at org.junit.jupiter.engine.execution.InvocationInterceptorChain.proceed(InvocationInterceptorChain.java:64)
	at org.junit.jupiter.engine.execution.InvocationInterceptorChain.chainAndInvoke(InvocationInterceptorChain.java:45)
	at org.junit.jupiter.engine.execution.InvocationInterceptorChain.invoke(InvocationInterceptorChain.java:37)
	at org.junit.jupiter.engine.execution.InterceptingExecutableInvoker.invoke(InterceptingExecutableInvoker.java:92)
	at org.junit.jupiter.engine.execution.InterceptingExecutableInvoker.invoke(InterceptingExecutableInvoker.java:86)
	at org.junit.jupiter.engine.descriptor.ClassBasedTestDescriptor.invokeMethodInExtensionContext(ClassBasedTestDescriptor.java:521)
	at org.junit.jupiter.engine.descriptor.ClassBasedTestDescriptor.lambda$synthesizeBeforeEachMethodAdapter$23(ClassBasedTestDescriptor.java:506)
	at org.junit.jupiter.engine.descriptor.TestMethodTestDescriptor.lambda$invokeBeforeEachMethods$3(TestMethodTestDescriptor.java:175)
	at org.junit.jupiter.engine.descriptor.TestMethodTestDescriptor.lambda$invokeBeforeMethodsOrCallbacksUntilExceptionOccurs$6(TestMethodTestDescriptor.java:203)
	at org.junit.platform.engine.support.hierarchical.ThrowableCollector.execute(ThrowableCollector.java:73)
	at org.junit.jupiter.engine.descriptor.TestMethodTestDescriptor.invokeBeforeMethodsOrCallbacksUntilExceptionOccurs(TestMethodTestDescriptor.java:203)
	at org.junit.jupiter.engine.descriptor.TestMethodTestDescriptor.invokeBeforeEachMethods(TestMethodTestDescriptor.java:172)
	at org.junit.jupiter.engine.descriptor.TestMethodTestDescriptor.execute(TestMethodTestDescriptor.java:135)
	at org.junit.jupiter.engine.descriptor.TestMethodTestDescriptor.execute(TestMethodTestDescriptor.java:69)
	at org.junit.platform.engine.support.hierarchical.NodeTestTask.lambda$executeRecursively$6(NodeTestTask.java:151)
	at org.junit.platform.engine.support.hierarchical.ThrowableCollector.execute(ThrowableCollector.java:73)
	at org.junit.platform.engine.support.hierarchical.NodeTestTask.lambda$executeRecursively$8(NodeTestTask.java:141)
	at org.junit.platform.engine.support.hierarchical.Node.around(Node.java:137)
	at org.junit.platform.engine.support.hierarchical.NodeTestTask.lambda$executeRecursively$9(NodeTestTask.java:139)
	at org.junit.platform.engine.support.hierarchical.ThrowableCollector.execute(ThrowableCollector.java:73)
	at org.junit.platform.engine.support.hierarchical.NodeTestTask.executeRecursively(NodeTestTask.java:138)
	at org.junit.platform.engine.support.hierarchical.NodeTestTask.execute(NodeTestTask.java:95)
	at java.util.ArrayList.forEach(ArrayList.java:1259)
	at org.junit.platform.engine.support.hierarchical.SameThreadHierarchicalTestExecutorService.invokeAll(SameThreadHierarchicalTestExecutorService.java:41)
	at org.junit.platform.engine.support.hierarchical.NodeTestTask.lambda$executeRecursively$6(NodeTestTask.java:155)
	at org.junit.platform.engine.support.hierarchical.ThrowableCollector.execute(ThrowableCollector.java:73)
	at org.junit.platform.engine.support.hierarchical.NodeTestTask.lambda$executeRecursively$8(NodeTestTask.java:141)
	at org.junit.platform.engine.support.hierarchical.Node.around(Node.java:137)
	at org.junit.platform.engine.support.hierarchical.NodeTestTask.lambda$executeRecursively$9(NodeTestTask.java:139)
	at org.junit.platform.engine.support.hierarchical.ThrowableCollector.execute(ThrowableCollector.java:73)
	at org.junit.platform.engine.support.hierarchical.NodeTestTask.executeRecursively(NodeTestTask.java:138)
	at org.junit.platform.engine.support.hierarchical.NodeTestTask.execute(NodeTestTask.java:95)
	at java.util.ArrayList.forEach(ArrayList.java:1259)
	at org.junit.platform.engine.support.hierarchical.SameThreadHierarchicalTestExecutorService.invokeAll(SameThreadHierarchicalTestExecutorService.java:41)
	at org.junit.platform.engine.support.hierarchical.NodeTestTask.lambda$executeRecursively$6(NodeTestTask.java:155)
	at org.junit.platform.engine.support.hierarchical.ThrowableCollector.execute(ThrowableCollector.java:73)
	at org.junit.platform.engine.support.hierarchical.NodeTestTask.lambda$executeRecursively$8(NodeTestTask.java:141)
	at org.junit.platform.engine.support.hierarchical.Node.around(Node.java:137)
	at org.junit.platform.engine.support.hierarchical.NodeTestTask.lambda$executeRecursively$9(NodeTestTask.java:139)
	at org.junit.platform.engine.support.hierarchical.ThrowableCollector.execute(ThrowableCollector.java:73)
	at org.junit.platform.engine.support.hierarchical.NodeTestTask.executeRecursively(NodeTestTask.java:138)
	at org.junit.platform.engine.support.hierarchical.NodeTestTask.execute(NodeTestTask.java:95)
	at org.junit.platform.engine.support.hierarchical.SameThreadHierarchicalTestExecutorService.submit(SameThreadHierarchicalTestExecutorService.java:35)
	at org.junit.platform.engine.support.hierarchical.HierarchicalTestExecutor.execute(HierarchicalTestExecutor.java:57)
	at org.junit.platform.engine.support.hierarchical.HierarchicalTestEngine.execute(HierarchicalTestEngine.java:54)
	at org.junit.platform.launcher.core.EngineExecutionOrchestrator.execute(EngineExecutionOrchestrator.java:198)
	at org.junit.platform.launcher.core.EngineExecutionOrchestrator.execute(EngineExecutionOrchestrator.java:169)
	at org.junit.platform.launcher.core.EngineExecutionOrchestrator.execute(EngineExecutionOrchestrator.java:93)
	at org.junit.platform.launcher.core.EngineExecutionOrchestrator.lambda$execute$0(EngineExecutionOrchestrator.java:58)
	at org.junit.platform.launcher.core.EngineExecutionOrchestrator.withInterceptedStreams(EngineExecutionOrchestrator.java:141)
	at org.junit.platform.launcher.core.EngineExecutionOrchestrator.execute(EngineExecutionOrchestrator.java:57)
	at org.junit.platform.launcher.core.DefaultLauncher.execute(DefaultLauncher.java:103)
	at org.junit.platform.launcher.core.DefaultLauncher.execute(DefaultLauncher.java:85)
	at org.junit.platform.launcher.core.DelegatingLauncher.execute(DelegatingLauncher.java:47)
	at org.apache.maven.surefire.junitplatform.LazyLauncher.execute(LazyLauncher.java:56)
	at org.apache.maven.surefire.junitplatform.JUnitPlatformProvider.execute(JUnitPlatformProvider.java:184)
	at org.apache.maven.surefire.junitplatform.JUnitPlatformProvider.invokeAllTests(JUnitPlatformProvider.java:148)
	at org.apache.maven.surefire.junitplatform.JUnitPlatformProvider.invoke(JUnitPlatformProvider.java:120)
	at org.apache.maven.surefire.booter.ForkedBooter.runSuitesInProcess(ForkedBooter.java:385)
	at org.apache.maven.surefire.booter.ForkedBooter.execute(ForkedBooter.java:162)
	at org.apache.maven.surefire.booter.ForkedBooter.run(ForkedBooter.java:507)
	at org.apache.maven.surefire.booter.ForkedBooter.main(ForkedBooter.java:495)
Caused by: java.lang.NullPointerException
	at org.apache.hadoop.ozone.container.common.volume.HddsVolume.getCommittedBytes(HddsVolume.java:303)
	at org.apache.hadoop.ozone.container.common.volume.VolumeInfoMetrics.getCommitted(VolumeInfoMetrics.java:147)
	... 111 more
2023-12-21 09:24:27,820 [main] INFO  volume.HddsVolume (HddsVolume.java:<init>(126)) - Creating HddsVolume: /home/runner/work/ozone/ozone/hadoop-ozone/integration-test/target/test-dir/MiniOzoneClusterImpl-e4d55aeb-da58-408a-87dd-e45f7ef8a31a/datanode-6/data-0/containers/hdds of storage type : DISK capacity : 9223372036854775807
2023-12-21 09:24:27,820 [main] INFO  volume.MutableVolumeSet (MutableVolumeSet.java:initializeVolumeSet(173)) - Added Volume : /home/runner/work/ozone/ozone/hadoop-ozone/integration-test/target/test-dir/MiniOzoneClusterImpl-e4d55aeb-da58-408a-87dd-e45f7ef8a31a/datanode-6/data-0/containers/hdds to VolumeSet
2023-12-21 09:24:27,821 [main] INFO  volume.MutableVolumeSet (MutableVolumeSet.java:initializeVolumeSet(173)) - Added Volume : /home/runner/work/ozone/ozone/hadoop-ozone/integration-test/target/test-dir/MiniOzoneClusterImpl-e4d55aeb-da58-408a-87dd-e45f7ef8a31a/datanode-6/data/ratis to VolumeSet
2023-12-21 09:24:27,821 [main] INFO  ozoneimpl.OzoneContainer (HddsVolumeUtil.java:loadAllHddsVolumeDbStore(103)) - Load 1 volumes DbStore cost: 0ms
2023-12-21 09:24:27,821 [4071302e-cf40-440c-a20f-829f10e9e05e-ContainerReader-0] INFO  ozoneimpl.ContainerReader (ContainerReader.java:readVolume(178)) - Finish verifying containers on volume /home/runner/work/ozone/ozone/hadoop-ozone/integration-test/target/test-dir/MiniOzoneClusterImpl-e4d55aeb-da58-408a-87dd-e45f7ef8a31a/datanode-6/data-0/containers/hdds
2023-12-21 09:24:27,822 [main] INFO  ozoneimpl.OzoneContainer (OzoneContainer.java:buildContainerSet(326)) - Build ContainerSet costs 0s
2023-12-21 09:24:27,823 [main] INFO  server.RaftServer (ConfUtils.java:logGet(46)) - raft.rpc.type = GRPC (default)
2023-12-21 09:24:27,823 [main] INFO  grpc.GrpcConfigKeys (ConfUtils.java:logFallback(53)) - raft.grpc.admin.host = null (fallback to raft.grpc.server.host)
2023-12-21 09:24:27,823 [main] INFO  grpc.GrpcConfigKeys (ConfUtils.java:logGet(46)) - raft.grpc.admin.port = 15245 (custom)
2023-12-21 09:24:27,824 [main] INFO  grpc.GrpcConfigKeys (ConfUtils.java:logFallback(53)) - raft.grpc.client.host = null (fallback to raft.grpc.server.host)
2023-12-21 09:24:27,824 [main] INFO  grpc.GrpcConfigKeys (ConfUtils.java:logGet(46)) - raft.grpc.client.port = 15244 (custom)
2023-12-21 09:24:27,824 [main] INFO  grpc.GrpcConfigKeys (ConfUtils.java:logGet(46)) - raft.grpc.server.host = null (default)
2023-12-21 09:24:27,824 [main] INFO  grpc.GrpcConfigKeys (ConfUtils.java:logGet(46)) - raft.grpc.server.port = 15246 (custom)
2023-12-21 09:24:27,824 [main] INFO  server.GrpcService (ConfUtils.java:logGet(46)) - raft.grpc.message.size.max = 32MB (=33554432) (custom)
2023-12-21 09:24:27,824 [main] INFO  server.RaftServerConfigKeys (ConfUtils.java:logGet(46)) - raft.server.log.appender.buffer.byte-limit = 8388608 (custom)
2023-12-21 09:24:27,825 [main] INFO  server.GrpcService (ConfUtils.java:logGet(46)) - raft.grpc.flow.control.window = 5MB (=5242880) (custom)
2023-12-21 09:24:27,825 [main] INFO  server.RaftServerConfigKeys (ConfUtils.java:logGet(46)) - raft.server.rpc.request.timeout = 3000ms (default)
2023-12-21 09:24:27,825 [main] INFO  grpc.GrpcConfigKeys (ConfUtils.java:logGet(46)) - raft.grpc.server.heartbeat.channel = true (default)
2023-12-21 09:24:27,825 [main] INFO  grpc.GrpcConfigKeys (ConfUtils.java:logGet(46)) - raft.grpc.server.async.request.thread.pool.cached = true (default)
2023-12-21 09:24:27,825 [main] INFO  grpc.GrpcConfigKeys (ConfUtils.java:logGet(46)) - raft.grpc.server.async.request.thread.pool.size = 32 (default)
2023-12-21 09:24:27,827 [main] INFO  impl.DataStreamServerImpl (ConfUtils.java:logGet(46)) - raft.datastream.type = NETTY (custom)
2023-12-21 09:24:27,827 [main] INFO  server.RaftServerConfigKeys (ConfUtils.java:logGet(46)) - raft.server.data-stream.async.request.thread.pool.cached = false (default)
2023-12-21 09:24:27,827 [main] INFO  server.RaftServerConfigKeys (ConfUtils.java:logGet(46)) - raft.server.data-stream.async.request.thread.pool.size = 20 (custom)
2023-12-21 09:24:27,827 [main] INFO  server.RaftServerConfigKeys (ConfUtils.java:logGet(46)) - raft.server.data-stream.async.write.thread.pool.size = 16 (default)
2023-12-21 09:24:27,827 [main] INFO  netty.NettyConfigKeys$DataStream (ConfUtils.java:logGet(46)) - raft.netty.dataStream.server.channel.inactive.grace-period = 10min (default)
2023-12-21 09:24:27,828 [main] INFO  server.RaftServerConfigKeys (ConfUtils.java:logGet(46)) - raft.server.data-stream.client.pool.size = 10 (default)
2023-12-21 09:24:27,828 [main] INFO  netty.NettyConfigKeys$DataStream (ConfUtils.java:logGet(46)) - raft.netty.dataStream.server.use-epoll = true (default)
2023-12-21 09:24:27,828 [main] INFO  netty.NettyConfigKeys$DataStream (ConfUtils.java:logGet(46)) - raft.netty.dataStream.server.boss-group.size = 0 (default)
2023-12-21 09:24:27,828 [main] INFO  netty.NettyUtils (NettyUtils.java:newEventLoopGroup(69)) - Create EpollEventLoopGroup for 4071302e-cf40-440c-a20f-829f10e9e05e-NettyServerStreamRpc-bossGroup; Thread size is 0.
2023-12-21 09:24:27,829 [main] INFO  netty.NettyConfigKeys$DataStream (ConfUtils.java:logGet(46)) - raft.netty.dataStream.server.worker-group.size = 0 (default)
2023-12-21 09:24:27,829 [main] INFO  netty.NettyUtils (NettyUtils.java:newEventLoopGroup(69)) - Create EpollEventLoopGroup for 4071302e-cf40-440c-a20f-829f10e9e05e-NettyServerStreamRpc-workerGroup; Thread size is 0.
2023-12-21 09:24:27,829 [main] INFO  netty.NettyConfigKeys$DataStream (ConfUtils.java:logGet(46)) - raft.netty.dataStream.server.tls.conf = null (default)
2023-12-21 09:24:27,829 [main] INFO  netty.NettyConfigKeys$DataStream (ConfUtils.java:logGet(46)) - raft.netty.dataStream.host = null (default)
2023-12-21 09:24:27,830 [main] INFO  netty.NettyConfigKeys$DataStream (ConfUtils.java:logGet(46)) - raft.netty.dataStream.port = 15247 (custom)
2023-12-21 09:24:27,830 [main] INFO  server.RaftServerConfigKeys (ConfUtils.java:logGet(46)) - raft.server.sleep.deviation.threshold = 300ms (default)
2023-12-21 09:24:27,830 [main] INFO  server.RaftServerConfigKeys (ConfUtils.java:logGet(46)) - raft.server.close.threshold = 60s (default)
2023-12-21 09:24:27,830 [4071302e-cf40-440c-a20f-829f10e9e05e-NettyServerStreamRpc-bossGroup--thread1] INFO  logging.LoggingHandler (AbstractInternalLogger.java:log(148)) - [id: 0x7dab911e] REGISTERED
2023-12-21 09:24:27,830 [main] INFO  server.RaftServerConfigKeys (ConfUtils.java:logGet(46)) - raft.server.leaderelection.leader.step-down.wait-time = 10s (default)
2023-12-21 09:24:27,830 [4071302e-cf40-440c-a20f-829f10e9e05e-NettyServerStreamRpc-bossGroup--thread1] INFO  logging.LoggingHandler (AbstractInternalLogger.java:log(148)) - [id: 0x7dab911e] BIND: 0.0.0.0/0.0.0.0:15247
2023-12-21 09:24:27,830 [main] INFO  server.RaftServerConfigKeys (ConfUtils.java:logGet(46)) - raft.server.storage.dir = [/home/runner/work/ozone/ozone/hadoop-ozone/integration-test/target/test-dir/MiniOzoneClusterImpl-e4d55aeb-da58-408a-87dd-e45f7ef8a31a/datanode-6/data/ratis] (custom)
2023-12-21 09:24:27,831 [4071302e-cf40-440c-a20f-829f10e9e05e-NettyServerStreamRpc-bossGroup--thread1] INFO  logging.LoggingHandler (AbstractInternalLogger.java:log(148)) - [id: 0x7dab911e, L:/0.0.0.0:15247] ACTIVE
2023-12-21 09:24:27,831 [main] INFO  server.RaftServerConfigKeys (ConfUtils.java:logGet(46)) - raft.server.threadpool.proxy.cached = true (default)
2023-12-21 09:24:27,831 [main] INFO  server.RaftServerConfigKeys (ConfUtils.java:logGet(46)) - raft.server.threadpool.proxy.size = 0 (default)
2023-12-21 09:24:27,831 [4071302e-cf40-440c-a20f-829f10e9e05e-impl-thread1] INFO  server.RaftServer (RaftServerProxy.java:initGroupDir(264)) - 4071302e-cf40-440c-a20f-829f10e9e05e: found a subdirectory /home/runner/work/ozone/ozone/hadoop-ozone/integration-test/target/test-dir/MiniOzoneClusterImpl-e4d55aeb-da58-408a-87dd-e45f7ef8a31a/datanode-6/data/ratis/tmp
2023-12-21 09:24:27,831 [4071302e-cf40-440c-a20f-829f10e9e05e-impl-thread1] INFO  server.RaftServer (RaftServerProxy.java:initGroupDir(269)) - 4071302e-cf40-440c-a20f-829f10e9e05e: The directory /home/runner/work/ozone/ozone/hadoop-ozone/integration-test/target/test-dir/MiniOzoneClusterImpl-e4d55aeb-da58-408a-87dd-e45f7ef8a31a/datanode-6/data/ratis/tmp is not a group directory; ignoring it. 
2023-12-21 09:24:27,831 [main] INFO  replication.ReplicationServer (ReplicationServer.java:<init>(85)) - Initializing replication server with thread count = 10 queue length = 4096
2023-12-21 09:24:27,832 [main] INFO  server.XceiverServerGrpc (XceiverServerGrpc.java:<init>(141)) - GrpcServer channel type EpollServerSocketChannel
2023-12-21 09:24:27,833 [main] INFO  replication.ReplicationSupervisor (ReplicationSupervisor.java:build(163)) - Initializing replication supervisor with thread count = 10
2023-12-21 09:24:27,833 [main] INFO  replication.ReplicationSupervisor (ReplicationSupervisor.java:nodeStateUpdated(317)) - Node state updated to IN_SERVICE, scaling executor pool size to 10
2023-12-21 09:24:27,835 [main] INFO  http.BaseHttpServer (BaseHttpServer.java:newHttpServer2BuilderForOzone(223)) - Starting Web-server for hddsDatanode at: http://0.0.0.0:15241
2023-12-21 09:24:27,835 [main] INFO  http.BaseHttpServer (BaseHttpServer.java:<init>(110)) - Hadoop Security Enabled: false Ozone Security Enabled: false Ozone HTTP Security Enabled: false 
2023-12-21 09:24:27,836 [main] WARN  server.AuthenticationFilter (AuthenticationFilter.java:constructSecretProvider(240)) - Unable to initialize FileSignerSecretProvider, falling back to use random secrets. Reason: Could not read signature secret file: /home/runner/hadoop-http-auth-signature-secret
2023-12-21 09:24:27,836 [main] INFO  http.HttpRequestLog (HttpRequestLog.java:getRequestLog(86)) - Http request log for http.requests.hddsDatanode is not defined
2023-12-21 09:24:27,837 [main] INFO  http.HttpServer2 (HttpServer2.java:addGlobalFilter(1036)) - Added global filter 'safety' (class=org.apache.hadoop.hdds.server.http.HttpServer2$QuotingInputFilter)
2023-12-21 09:24:27,837 [main] INFO  http.HttpServer2 (HttpServer2.java:addFilter(1012)) - Added filter static_user_filter (class=org.apache.hadoop.http.lib.StaticUserWebFilter$StaticUserFilter) to context hddsDatanode
2023-12-21 09:24:27,837 [main] INFO  http.HttpServer2 (HttpServer2.java:addFilter(1020)) - Added filter static_user_filter (class=org.apache.hadoop.http.lib.StaticUserWebFilter$StaticUserFilter) to context static
2023-12-21 09:24:27,837 [main] INFO  http.HttpServer2 (HttpServer2.java:addFilter(1020)) - Added filter static_user_filter (class=org.apache.hadoop.http.lib.StaticUserWebFilter$StaticUserFilter) to context logs
2023-12-21 09:24:27,838 [main] INFO  http.BaseHttpServer (BaseHttpServer.java:<init>(189)) - HTTP server of hddsDatanode uses base directory /home/runner/work/ozone/ozone/hadoop-ozone/integration-test/target/test-dir/MiniOzoneClusterImpl-e4d55aeb-da58-408a-87dd-e45f7ef8a31a/datanode-6/meta/webserver
2023-12-21 09:24:27,838 [main] INFO  http.HttpServer2 (HttpServer2.java:bindListener(1236)) - Jetty bound to port 15241
2023-12-21 09:24:27,838 [main] INFO  server.Server (Server.java:doStart(375)) - jetty-9.4.53.v20231009; built: 2023-10-09T12:29:09.265Z; git: 27bde00a0b95a1d5bbee0eae7984f891d2d0f8c9; jvm 1.8.0_392-b08
2023-12-21 09:24:27,839 [main] INFO  server.session (DefaultSessionIdManager.java:doStart(334)) - DefaultSessionIdManager workerName=node0
2023-12-21 09:24:27,839 [main] INFO  server.session (DefaultSessionIdManager.java:doStart(339)) - No SessionScavenger set, using defaults
2023-12-21 09:24:27,839 [main] INFO  server.session (HouseKeeper.java:startScavenging(132)) - node0 Scavenging every 600000ms
2023-12-21 09:24:27,840 [main] INFO  handler.ContextHandler (ContextHandler.java:doStart(921)) - Started o.e.j.s.ServletContextHandler@f0d10e5{logs,/logs,file:///home/runner/work/ozone/ozone/hadoop-ozone/integration-test/target/log,AVAILABLE}
2023-12-21 09:24:27,840 [main] INFO  handler.ContextHandler (ContextHandler.java:doStart(921)) - Started o.e.j.s.ServletContextHandler@1eeb0deb{static,/static,jar:file:/home/runner/.m2/repository/org/apache/ozone/hdds-container-service/1.5.0-SNAPSHOT/hdds-container-service-1.5.0-SNAPSHOT.jar!/webapps/static,AVAILABLE}
2023-12-21 09:24:27,871 [main] INFO  handler.ContextHandler (ContextHandler.java:doStart(921)) - Started o.e.j.w.WebAppContext@2ef0e649{hddsDatanode,/,file:///home/runner/work/ozone/ozone/hadoop-ozone/integration-test/target/test-dir/MiniOzoneClusterImpl-e4d55aeb-da58-408a-87dd-e45f7ef8a31a/datanode-6/meta/webserver/jetty-0_0_0_0-15241-hdds-container-service-1_5_0-SNAPSHOT_jar-_-any-4413093918976535681/webapp/,AVAILABLE}{jar:file:/home/runner/.m2/repository/org/apache/ozone/hdds-container-service/1.5.0-SNAPSHOT/hdds-container-service-1.5.0-SNAPSHOT.jar!/webapps/hddsDatanode}
2023-12-21 09:24:27,872 [main] INFO  server.AbstractConnector (AbstractConnector.java:doStart(333)) - Started ServerConnector@741b16d1{HTTP/1.1, (http/1.1)}{0.0.0.0:15241}
2023-12-21 09:24:27,872 [main] INFO  server.Server (Server.java:doStart(415)) - Started @83279ms
2023-12-21 09:24:27,872 [main] WARN  impl.MetricsSystemImpl (MetricsSystemImpl.java:register(279)) - Sink prometheus already exists!
2023-12-21 09:24:27,873 [main] INFO  http.BaseHttpServer (BaseHttpServer.java:updateConnectorAddress(354)) - HTTP server of hddsDatanode listening at http://0.0.0.0:15241
2023-12-21 09:24:27,873 [main] INFO  ipc.CallQueueManager (CallQueueManager.java:<init>(90)) - Using callQueue: class java.util.concurrent.LinkedBlockingQueue, queueCapacity: 100, scheduler: class org.apache.hadoop.ipc.DefaultRpcScheduler, ipcBackoff: false.
2023-12-21 09:24:27,873 [main] INFO  ipc.Server (Server.java:<init>(1287)) - Listener at 0.0.0.0:15242
2023-12-21 09:24:27,874 [Socket Reader #1 for port 15242] INFO  ipc.Server (Server.java:run(1323)) - Starting Socket Reader #1 for port 15242
2023-12-21 09:24:27,875 [main] INFO  ozone.HddsDatanodeService (HddsDatanodeService.java:start(324)) - Datanode start with admins: [runner]
2023-12-21 09:24:27,875 [main] INFO  ozone.HddsDatanodeClientProtocolServer (HddsDatanodeClientProtocolServer.java:start(72)) - RPC server for Client /0.0.0.0:15242
2023-12-21 09:24:27,875 [IPC Server Responder] INFO  ipc.Server (Server.java:run(1562)) - IPC Server Responder: starting
2023-12-21 09:24:27,875 [IPC Server listener on 15242] INFO  ipc.Server (Server.java:run(1402)) - IPC Server listener on 15242: starting
2023-12-21 09:24:27,876 [4071302e-cf40-440c-a20f-829f10e9e05e-DatanodeStateMachineDaemonThread] INFO  statemachine.DatanodeStateMachine (DatanodeStateMachine.java:lambda$startDaemon$1(555)) - Ozone container server started.
2023-12-21 09:24:27,877 [main] WARN  dropwizard3.Dm3MetricRegistriesImpl (Dm3MetricRegistriesImpl.java:addReporterRegistration(113)) - New reporters are added after registries were created. Some metrics will be missing from the reporter. Please add reporter before adding any new registry.
2023-12-21 09:24:27,877 [main] WARN  dropwizard3.Dm3MetricRegistriesImpl (Dm3MetricRegistriesImpl.java:addReporterRegistration(113)) - New reporters are added after registries were created. Some metrics will be missing from the reporter. Please add reporter before adding any new registry.
2023-12-21 09:24:27,877 [main] INFO  impl.MetricsSystemImpl (MetricsSystemImpl.java:init(158)) - HddsDatanode metrics system started (again)
2023-12-21 09:24:27,880 [4071302e-cf40-440c-a20f-829f10e9e05e-DatanodeStateMachineTaskThread-0] INFO  datanode.InitDatanodeState (InitDatanodeState.java:persistContainerDatanodeDetails(139)) - DatanodeDetails is persisted to /home/runner/work/ozone/ozone/hadoop-ozone/integration-test/target/test-dir/MiniOzoneClusterImpl-e4d55aeb-da58-408a-87dd-e45f7ef8a31a/datanode-6/meta/datanode.id
2023-12-21 09:24:27,886 [main] INFO  ozone.HddsDatanodeService (HddsDatanodeService.java:start(239)) - HddsDatanodeService host:fv-az1023-676 ip:10.1.0.5
2023-12-21 09:24:27,902 [main] INFO  upgrade.AbstractLayoutVersionManager (AbstractLayoutVersionManager.java:init(83)) - Initializing Layout version manager with metadata layout = HADOOP_PRC_PORTS_IN_DATANODEDETAILS (version = 7), software layout = HADOOP_PRC_PORTS_IN_DATANODEDETAILS (version = 7)
2023-12-21 09:24:27,903 [main] INFO  statemachine.DatanodeStateMachine (DatanodeStateMachine.java:getEndPointTaskThreadPoolSize(299)) - Datanode State Machine Task Thread Pool size 2
2023-12-21 09:24:27,904 [main] ERROR lib.MethodMetric (MethodMetric.java:snapshot(117)) - Error invoking method getCommitted
java.lang.reflect.InvocationTargetException
	at sun.reflect.GeneratedMethodAccessor52.invoke(Unknown Source)
	at sun.reflect.DelegatingMethodAccessorImpl.invoke(DelegatingMethodAccessorImpl.java:43)
	at java.lang.reflect.Method.invoke(Method.java:498)
	at org.apache.hadoop.metrics2.lib.MethodMetric$2.snapshot(MethodMetric.java:111)
	at org.apache.hadoop.metrics2.lib.MethodMetric.snapshot(MethodMetric.java:142)
	at org.apache.hadoop.metrics2.lib.MetricsRegistry.snapshot(MetricsRegistry.java:447)
	at org.apache.hadoop.metrics2.lib.MetricsSourceBuilder$1.getMetrics(MetricsSourceBuilder.java:89)
	at org.apache.hadoop.metrics2.impl.MetricsSourceAdapter.getMetrics(MetricsSourceAdapter.java:200)
	at org.apache.hadoop.metrics2.impl.MetricsSourceAdapter.updateJmxCache(MetricsSourceAdapter.java:183)
	at org.apache.hadoop.metrics2.impl.MetricsSourceAdapter.getMBeanInfo(MetricsSourceAdapter.java:156)
	at com.sun.jmx.interceptor.DefaultMBeanServerInterceptor.getNewMBeanClassName(DefaultMBeanServerInterceptor.java:333)
	at com.sun.jmx.interceptor.DefaultMBeanServerInterceptor.registerMBean(DefaultMBeanServerInterceptor.java:319)
	at com.sun.jmx.mbeanserver.JmxMBeanServer.registerMBean(JmxMBeanServer.java:522)
	at org.apache.hadoop.metrics2.util.MBeans.register(MBeans.java:100)
	at org.apache.hadoop.metrics2.util.MBeans.register(MBeans.java:73)
	at org.apache.hadoop.metrics2.impl.MetricsSourceAdapter.startMBeans(MetricsSourceAdapter.java:222)
	at org.apache.hadoop.metrics2.impl.MetricsSourceAdapter.start(MetricsSourceAdapter.java:101)
	at org.apache.hadoop.metrics2.impl.MetricsSystemImpl.registerSource(MetricsSystemImpl.java:268)
	at org.apache.hadoop.metrics2.impl.MetricsSystemImpl.register(MetricsSystemImpl.java:233)
	at org.apache.hadoop.ozone.container.common.volume.VolumeInfoMetrics.init(VolumeInfoMetrics.java:50)
	at org.apache.hadoop.ozone.container.common.volume.VolumeInfoMetrics.<init>(VolumeInfoMetrics.java:45)
	at org.apache.hadoop.ozone.container.common.volume.HddsVolume.<init>(HddsVolume.java:123)
	at org.apache.hadoop.ozone.container.common.volume.HddsVolume.<init>(HddsVolume.java:71)
	at org.apache.hadoop.ozone.container.common.volume.HddsVolume$Builder.build(HddsVolume.java:111)
	at org.apache.hadoop.ozone.container.common.volume.HddsVolumeFactory.createVolume(HddsVolumeFactory.java:48)
	at org.apache.hadoop.ozone.container.common.volume.MutableVolumeSet.initializeVolumeSet(MutableVolumeSet.java:170)
	at org.apache.hadoop.ozone.container.common.volume.MutableVolumeSet.<init>(MutableVolumeSet.java:132)
	at org.apache.hadoop.ozone.container.common.volume.MutableVolumeSet.<init>(MutableVolumeSet.java:96)
	at org.apache.hadoop.ozone.container.ozoneimpl.OzoneContainer.<init>(OzoneContainer.java:149)
	at org.apache.hadoop.ozone.container.common.statemachine.DatanodeStateMachine.<init>(DatanodeStateMachine.java:186)
	at org.apache.hadoop.ozone.HddsDatanodeService.start(HddsDatanodeService.java:296)
	at org.apache.hadoop.ozone.MiniOzoneClusterImpl.startHddsDatanode(MiniOzoneClusterImpl.java:489)
	at java.util.ArrayList.forEach(ArrayList.java:1259)
	at org.apache.hadoop.ozone.MiniOzoneClusterImpl.startHddsDatanodes(MiniOzoneClusterImpl.java:497)
	at org.apache.hadoop.ozone.MiniOzoneClusterImpl$Builder.build(MiniOzoneClusterImpl.java:627)
	at org.apache.hadoop.ozone.client.rpc.TestWatchForCommit.init(TestWatchForCommit.java:149)
	at sun.reflect.NativeMethodAccessorImpl.invoke0(Native Method)
	at sun.reflect.NativeMethodAccessorImpl.invoke(NativeMethodAccessorImpl.java:62)
	at sun.reflect.DelegatingMethodAccessorImpl.invoke(DelegatingMethodAccessorImpl.java:43)
	at java.lang.reflect.Method.invoke(Method.java:498)
	at org.junit.platform.commons.util.ReflectionUtils.invokeMethod(ReflectionUtils.java:728)
	at org.junit.jupiter.engine.execution.MethodInvocation.proceed(MethodInvocation.java:60)
	at org.junit.jupiter.engine.execution.InvocationInterceptorChain$ValidatingInvocation.proceed(InvocationInterceptorChain.java:131)
	at org.junit.jupiter.engine.extension.TimeoutExtension.intercept(TimeoutExtension.java:156)
	at org.junit.jupiter.engine.extension.TimeoutExtension.interceptLifecycleMethod(TimeoutExtension.java:128)
	at org.junit.jupiter.engine.extension.TimeoutExtension.interceptBeforeEachMethod(TimeoutExtension.java:78)
	at org.junit.jupiter.engine.execution.InterceptingExecutableInvoker$ReflectiveInterceptorCall.lambda$ofVoidMethod$0(InterceptingExecutableInvoker.java:103)
	at org.junit.jupiter.engine.execution.InterceptingExecutableInvoker.lambda$invoke$0(InterceptingExecutableInvoker.java:93)
	at org.junit.jupiter.engine.execution.InvocationInterceptorChain$InterceptedInvocation.proceed(InvocationInterceptorChain.java:106)
	at org.junit.jupiter.engine.execution.InvocationInterceptorChain.proceed(InvocationInterceptorChain.java:64)
	at org.junit.jupiter.engine.execution.InvocationInterceptorChain.chainAndInvoke(InvocationInterceptorChain.java:45)
	at org.junit.jupiter.engine.execution.InvocationInterceptorChain.invoke(InvocationInterceptorChain.java:37)
	at org.junit.jupiter.engine.execution.InterceptingExecutableInvoker.invoke(InterceptingExecutableInvoker.java:92)
	at org.junit.jupiter.engine.execution.InterceptingExecutableInvoker.invoke(InterceptingExecutableInvoker.java:86)
	at org.junit.jupiter.engine.descriptor.ClassBasedTestDescriptor.invokeMethodInExtensionContext(ClassBasedTestDescriptor.java:521)
	at org.junit.jupiter.engine.descriptor.ClassBasedTestDescriptor.lambda$synthesizeBeforeEachMethodAdapter$23(ClassBasedTestDescriptor.java:506)
	at org.junit.jupiter.engine.descriptor.TestMethodTestDescriptor.lambda$invokeBeforeEachMethods$3(TestMethodTestDescriptor.java:175)
	at org.junit.jupiter.engine.descriptor.TestMethodTestDescriptor.lambda$invokeBeforeMethodsOrCallbacksUntilExceptionOccurs$6(TestMethodTestDescriptor.java:203)
	at org.junit.platform.engine.support.hierarchical.ThrowableCollector.execute(ThrowableCollector.java:73)
	at org.junit.jupiter.engine.descriptor.TestMethodTestDescriptor.invokeBeforeMethodsOrCallbacksUntilExceptionOccurs(TestMethodTestDescriptor.java:203)
	at org.junit.jupiter.engine.descriptor.TestMethodTestDescriptor.invokeBeforeEachMethods(TestMethodTestDescriptor.java:172)
	at org.junit.jupiter.engine.descriptor.TestMethodTestDescriptor.execute(TestMethodTestDescriptor.java:135)
	at org.junit.jupiter.engine.descriptor.TestMethodTestDescriptor.execute(TestMethodTestDescriptor.java:69)
	at org.junit.platform.engine.support.hierarchical.NodeTestTask.lambda$executeRecursively$6(NodeTestTask.java:151)
	at org.junit.platform.engine.support.hierarchical.ThrowableCollector.execute(ThrowableCollector.java:73)
	at org.junit.platform.engine.support.hierarchical.NodeTestTask.lambda$executeRecursively$8(NodeTestTask.java:141)
	at org.junit.platform.engine.support.hierarchical.Node.around(Node.java:137)
	at org.junit.platform.engine.support.hierarchical.NodeTestTask.lambda$executeRecursively$9(NodeTestTask.java:139)
	at org.junit.platform.engine.support.hierarchical.ThrowableCollector.execute(ThrowableCollector.java:73)
	at org.junit.platform.engine.support.hierarchical.NodeTestTask.executeRecursively(NodeTestTask.java:138)
	at org.junit.platform.engine.support.hierarchical.NodeTestTask.execute(NodeTestTask.java:95)
	at java.util.ArrayList.forEach(ArrayList.java:1259)
	at org.junit.platform.engine.support.hierarchical.SameThreadHierarchicalTestExecutorService.invokeAll(SameThreadHierarchicalTestExecutorService.java:41)
	at org.junit.platform.engine.support.hierarchical.NodeTestTask.lambda$executeRecursively$6(NodeTestTask.java:155)
	at org.junit.platform.engine.support.hierarchical.ThrowableCollector.execute(ThrowableCollector.java:73)
	at org.junit.platform.engine.support.hierarchical.NodeTestTask.lambda$executeRecursively$8(NodeTestTask.java:141)
	at org.junit.platform.engine.support.hierarchical.Node.around(Node.java:137)
	at org.junit.platform.engine.support.hierarchical.NodeTestTask.lambda$executeRecursively$9(NodeTestTask.java:139)
	at org.junit.platform.engine.support.hierarchical.ThrowableCollector.execute(ThrowableCollector.java:73)
	at org.junit.platform.engine.support.hierarchical.NodeTestTask.executeRecursively(NodeTestTask.java:138)
	at org.junit.platform.engine.support.hierarchical.NodeTestTask.execute(NodeTestTask.java:95)
	at java.util.ArrayList.forEach(ArrayList.java:1259)
	at org.junit.platform.engine.support.hierarchical.SameThreadHierarchicalTestExecutorService.invokeAll(SameThreadHierarchicalTestExecutorService.java:41)
	at org.junit.platform.engine.support.hierarchical.NodeTestTask.lambda$executeRecursively$6(NodeTestTask.java:155)
	at org.junit.platform.engine.support.hierarchical.ThrowableCollector.execute(ThrowableCollector.java:73)
	at org.junit.platform.engine.support.hierarchical.NodeTestTask.lambda$executeRecursively$8(NodeTestTask.java:141)
	at org.junit.platform.engine.support.hierarchical.Node.around(Node.java:137)
	at org.junit.platform.engine.support.hierarchical.NodeTestTask.lambda$executeRecursively$9(NodeTestTask.java:139)
	at org.junit.platform.engine.support.hierarchical.ThrowableCollector.execute(ThrowableCollector.java:73)
	at org.junit.platform.engine.support.hierarchical.NodeTestTask.executeRecursively(NodeTestTask.java:138)
	at org.junit.platform.engine.support.hierarchical.NodeTestTask.execute(NodeTestTask.java:95)
	at org.junit.platform.engine.support.hierarchical.SameThreadHierarchicalTestExecutorService.submit(SameThreadHierarchicalTestExecutorService.java:35)
	at org.junit.platform.engine.support.hierarchical.HierarchicalTestExecutor.execute(HierarchicalTestExecutor.java:57)
	at org.junit.platform.engine.support.hierarchical.HierarchicalTestEngine.execute(HierarchicalTestEngine.java:54)
	at org.junit.platform.launcher.core.EngineExecutionOrchestrator.execute(EngineExecutionOrchestrator.java:198)
	at org.junit.platform.launcher.core.EngineExecutionOrchestrator.execute(EngineExecutionOrchestrator.java:169)
	at org.junit.platform.launcher.core.EngineExecutionOrchestrator.execute(EngineExecutionOrchestrator.java:93)
	at org.junit.platform.launcher.core.EngineExecutionOrchestrator.lambda$execute$0(EngineExecutionOrchestrator.java:58)
	at org.junit.platform.launcher.core.EngineExecutionOrchestrator.withInterceptedStreams(EngineExecutionOrchestrator.java:141)
	at org.junit.platform.launcher.core.EngineExecutionOrchestrator.execute(EngineExecutionOrchestrator.java:57)
	at org.junit.platform.launcher.core.DefaultLauncher.execute(DefaultLauncher.java:103)
	at org.junit.platform.launcher.core.DefaultLauncher.execute(DefaultLauncher.java:85)
	at org.junit.platform.launcher.core.DelegatingLauncher.execute(DelegatingLauncher.java:47)
	at org.apache.maven.surefire.junitplatform.LazyLauncher.execute(LazyLauncher.java:56)
	at org.apache.maven.surefire.junitplatform.JUnitPlatformProvider.execute(JUnitPlatformProvider.java:184)
	at org.apache.maven.surefire.junitplatform.JUnitPlatformProvider.invokeAllTests(JUnitPlatformProvider.java:148)
	at org.apache.maven.surefire.junitplatform.JUnitPlatformProvider.invoke(JUnitPlatformProvider.java:120)
	at org.apache.maven.surefire.booter.ForkedBooter.runSuitesInProcess(ForkedBooter.java:385)
	at org.apache.maven.surefire.booter.ForkedBooter.execute(ForkedBooter.java:162)
	at org.apache.maven.surefire.booter.ForkedBooter.run(ForkedBooter.java:507)
	at org.apache.maven.surefire.booter.ForkedBooter.main(ForkedBooter.java:495)
Caused by: java.lang.NullPointerException
	at org.apache.hadoop.ozone.container.common.volume.HddsVolume.getCommittedBytes(HddsVolume.java:303)
	at org.apache.hadoop.ozone.container.common.volume.VolumeInfoMetrics.getCommitted(VolumeInfoMetrics.java:147)
	... 111 more
2023-12-21 09:24:27,905 [main] INFO  volume.HddsVolume (HddsVolume.java:<init>(126)) - Creating HddsVolume: /home/runner/work/ozone/ozone/hadoop-ozone/integration-test/target/test-dir/MiniOzoneClusterImpl-e4d55aeb-da58-408a-87dd-e45f7ef8a31a/datanode-7/data-0/containers/hdds of storage type : DISK capacity : 9223372036854775807
2023-12-21 09:24:27,905 [main] INFO  volume.MutableVolumeSet (MutableVolumeSet.java:initializeVolumeSet(173)) - Added Volume : /home/runner/work/ozone/ozone/hadoop-ozone/integration-test/target/test-dir/MiniOzoneClusterImpl-e4d55aeb-da58-408a-87dd-e45f7ef8a31a/datanode-7/data-0/containers/hdds to VolumeSet
2023-12-21 09:24:27,906 [main] INFO  volume.MutableVolumeSet (MutableVolumeSet.java:initializeVolumeSet(173)) - Added Volume : /home/runner/work/ozone/ozone/hadoop-ozone/integration-test/target/test-dir/MiniOzoneClusterImpl-e4d55aeb-da58-408a-87dd-e45f7ef8a31a/datanode-7/data/ratis to VolumeSet
2023-12-21 09:24:27,906 [main] INFO  ozoneimpl.OzoneContainer (HddsVolumeUtil.java:loadAllHddsVolumeDbStore(103)) - Load 1 volumes DbStore cost: 0ms
2023-12-21 09:24:27,907 [b2354cd0-7648-4a6f-abf9-b9cf43c56f40-ContainerReader-0] INFO  ozoneimpl.ContainerReader (ContainerReader.java:readVolume(178)) - Finish verifying containers on volume /home/runner/work/ozone/ozone/hadoop-ozone/integration-test/target/test-dir/MiniOzoneClusterImpl-e4d55aeb-da58-408a-87dd-e45f7ef8a31a/datanode-7/data-0/containers/hdds
2023-12-21 09:24:27,907 [main] INFO  ozoneimpl.OzoneContainer (OzoneContainer.java:buildContainerSet(326)) - Build ContainerSet costs 0s
2023-12-21 09:24:27,908 [main] INFO  server.RaftServer (ConfUtils.java:logGet(46)) - raft.rpc.type = GRPC (default)
2023-12-21 09:24:27,908 [main] INFO  grpc.GrpcConfigKeys (ConfUtils.java:logFallback(53)) - raft.grpc.admin.host = null (fallback to raft.grpc.server.host)
2023-12-21 09:24:27,909 [main] INFO  grpc.GrpcConfigKeys (ConfUtils.java:logGet(46)) - raft.grpc.admin.port = 15254 (custom)
2023-12-21 09:24:27,909 [main] INFO  grpc.GrpcConfigKeys (ConfUtils.java:logFallback(53)) - raft.grpc.client.host = null (fallback to raft.grpc.server.host)
2023-12-21 09:24:27,909 [main] INFO  grpc.GrpcConfigKeys (ConfUtils.java:logGet(46)) - raft.grpc.client.port = 15253 (custom)
2023-12-21 09:24:27,909 [main] INFO  grpc.GrpcConfigKeys (ConfUtils.java:logGet(46)) - raft.grpc.server.host = null (default)
2023-12-21 09:24:27,909 [main] INFO  grpc.GrpcConfigKeys (ConfUtils.java:logGet(46)) - raft.grpc.server.port = 15255 (custom)
2023-12-21 09:24:27,909 [main] INFO  server.GrpcService (ConfUtils.java:logGet(46)) - raft.grpc.message.size.max = 32MB (=33554432) (custom)
2023-12-21 09:24:27,910 [main] INFO  server.RaftServerConfigKeys (ConfUtils.java:logGet(46)) - raft.server.log.appender.buffer.byte-limit = 8388608 (custom)
2023-12-21 09:24:27,910 [main] INFO  server.GrpcService (ConfUtils.java:logGet(46)) - raft.grpc.flow.control.window = 5MB (=5242880) (custom)
2023-12-21 09:24:27,910 [main] INFO  server.RaftServerConfigKeys (ConfUtils.java:logGet(46)) - raft.server.rpc.request.timeout = 3000ms (default)
2023-12-21 09:24:27,910 [main] INFO  grpc.GrpcConfigKeys (ConfUtils.java:logGet(46)) - raft.grpc.server.heartbeat.channel = true (default)
2023-12-21 09:24:27,910 [main] INFO  grpc.GrpcConfigKeys (ConfUtils.java:logGet(46)) - raft.grpc.server.async.request.thread.pool.cached = true (default)
2023-12-21 09:24:27,910 [main] INFO  grpc.GrpcConfigKeys (ConfUtils.java:logGet(46)) - raft.grpc.server.async.request.thread.pool.size = 32 (default)
2023-12-21 09:24:27,912 [main] INFO  impl.DataStreamServerImpl (ConfUtils.java:logGet(46)) - raft.datastream.type = NETTY (custom)
2023-12-21 09:24:27,912 [main] INFO  server.RaftServerConfigKeys (ConfUtils.java:logGet(46)) - raft.server.data-stream.async.request.thread.pool.cached = false (default)
2023-12-21 09:24:27,912 [main] INFO  server.RaftServerConfigKeys (ConfUtils.java:logGet(46)) - raft.server.data-stream.async.request.thread.pool.size = 20 (custom)
2023-12-21 09:24:27,912 [main] INFO  server.RaftServerConfigKeys (ConfUtils.java:logGet(46)) - raft.server.data-stream.async.write.thread.pool.size = 16 (default)
2023-12-21 09:24:27,912 [main] INFO  netty.NettyConfigKeys$DataStream (ConfUtils.java:logGet(46)) - raft.netty.dataStream.server.channel.inactive.grace-period = 10min (default)
2023-12-21 09:24:27,912 [main] INFO  server.RaftServerConfigKeys (ConfUtils.java:logGet(46)) - raft.server.data-stream.client.pool.size = 10 (default)
2023-12-21 09:24:27,913 [main] INFO  netty.NettyConfigKeys$DataStream (ConfUtils.java:logGet(46)) - raft.netty.dataStream.server.use-epoll = true (default)
2023-12-21 09:24:27,913 [main] INFO  netty.NettyConfigKeys$DataStream (ConfUtils.java:logGet(46)) - raft.netty.dataStream.server.boss-group.size = 0 (default)
2023-12-21 09:24:27,913 [main] INFO  netty.NettyUtils (NettyUtils.java:newEventLoopGroup(69)) - Create EpollEventLoopGroup for b2354cd0-7648-4a6f-abf9-b9cf43c56f40-NettyServerStreamRpc-bossGroup; Thread size is 0.
2023-12-21 09:24:27,913 [main] INFO  netty.NettyConfigKeys$DataStream (ConfUtils.java:logGet(46)) - raft.netty.dataStream.server.worker-group.size = 0 (default)
2023-12-21 09:24:27,913 [main] INFO  netty.NettyUtils (NettyUtils.java:newEventLoopGroup(69)) - Create EpollEventLoopGroup for b2354cd0-7648-4a6f-abf9-b9cf43c56f40-NettyServerStreamRpc-workerGroup; Thread size is 0.
2023-12-21 09:24:27,913 [main] INFO  netty.NettyConfigKeys$DataStream (ConfUtils.java:logGet(46)) - raft.netty.dataStream.server.tls.conf = null (default)
2023-12-21 09:24:27,913 [main] INFO  netty.NettyConfigKeys$DataStream (ConfUtils.java:logGet(46)) - raft.netty.dataStream.host = null (default)
2023-12-21 09:24:27,913 [main] INFO  netty.NettyConfigKeys$DataStream (ConfUtils.java:logGet(46)) - raft.netty.dataStream.port = 15256 (custom)
2023-12-21 09:24:27,914 [main] INFO  server.RaftServerConfigKeys (ConfUtils.java:logGet(46)) - raft.server.sleep.deviation.threshold = 300ms (default)
2023-12-21 09:24:27,914 [b2354cd0-7648-4a6f-abf9-b9cf43c56f40-NettyServerStreamRpc-bossGroup--thread1] INFO  logging.LoggingHandler (AbstractInternalLogger.java:log(148)) - [id: 0xba19bbea] REGISTERED
2023-12-21 09:24:27,914 [main] INFO  server.RaftServerConfigKeys (ConfUtils.java:logGet(46)) - raft.server.close.threshold = 60s (default)
2023-12-21 09:24:27,914 [b2354cd0-7648-4a6f-abf9-b9cf43c56f40-NettyServerStreamRpc-bossGroup--thread1] INFO  logging.LoggingHandler (AbstractInternalLogger.java:log(148)) - [id: 0xba19bbea] BIND: 0.0.0.0/0.0.0.0:15256
2023-12-21 09:24:27,914 [main] INFO  server.RaftServerConfigKeys (ConfUtils.java:logGet(46)) - raft.server.leaderelection.leader.step-down.wait-time = 10s (default)
2023-12-21 09:24:27,914 [b2354cd0-7648-4a6f-abf9-b9cf43c56f40-NettyServerStreamRpc-bossGroup--thread1] INFO  logging.LoggingHandler (AbstractInternalLogger.java:log(148)) - [id: 0xba19bbea, L:/0.0.0.0:15256] ACTIVE
2023-12-21 09:24:27,914 [main] INFO  server.RaftServerConfigKeys (ConfUtils.java:logGet(46)) - raft.server.storage.dir = [/home/runner/work/ozone/ozone/hadoop-ozone/integration-test/target/test-dir/MiniOzoneClusterImpl-e4d55aeb-da58-408a-87dd-e45f7ef8a31a/datanode-7/data/ratis] (custom)
2023-12-21 09:24:27,915 [main] INFO  server.RaftServerConfigKeys (ConfUtils.java:logGet(46)) - raft.server.threadpool.proxy.cached = true (default)
2023-12-21 09:24:27,915 [main] INFO  server.RaftServerConfigKeys (ConfUtils.java:logGet(46)) - raft.server.threadpool.proxy.size = 0 (default)
2023-12-21 09:24:27,915 [b2354cd0-7648-4a6f-abf9-b9cf43c56f40-impl-thread1] INFO  server.RaftServer (RaftServerProxy.java:initGroupDir(264)) - b2354cd0-7648-4a6f-abf9-b9cf43c56f40: found a subdirectory /home/runner/work/ozone/ozone/hadoop-ozone/integration-test/target/test-dir/MiniOzoneClusterImpl-e4d55aeb-da58-408a-87dd-e45f7ef8a31a/datanode-7/data/ratis/tmp
2023-12-21 09:24:27,915 [b2354cd0-7648-4a6f-abf9-b9cf43c56f40-impl-thread1] INFO  server.RaftServer (RaftServerProxy.java:initGroupDir(269)) - b2354cd0-7648-4a6f-abf9-b9cf43c56f40: The directory /home/runner/work/ozone/ozone/hadoop-ozone/integration-test/target/test-dir/MiniOzoneClusterImpl-e4d55aeb-da58-408a-87dd-e45f7ef8a31a/datanode-7/data/ratis/tmp is not a group directory; ignoring it. 
2023-12-21 09:24:27,915 [main] INFO  replication.ReplicationServer (ReplicationServer.java:<init>(85)) - Initializing replication server with thread count = 10 queue length = 4096
2023-12-21 09:24:27,916 [main] INFO  server.XceiverServerGrpc (XceiverServerGrpc.java:<init>(141)) - GrpcServer channel type EpollServerSocketChannel
2023-12-21 09:24:27,917 [main] INFO  replication.ReplicationSupervisor (ReplicationSupervisor.java:build(163)) - Initializing replication supervisor with thread count = 10
2023-12-21 09:24:27,917 [main] INFO  replication.ReplicationSupervisor (ReplicationSupervisor.java:nodeStateUpdated(317)) - Node state updated to IN_SERVICE, scaling executor pool size to 10
2023-12-21 09:24:27,918 [main] INFO  http.BaseHttpServer (BaseHttpServer.java:newHttpServer2BuilderForOzone(223)) - Starting Web-server for hddsDatanode at: http://0.0.0.0:15250
2023-12-21 09:24:27,918 [main] INFO  http.BaseHttpServer (BaseHttpServer.java:<init>(110)) - Hadoop Security Enabled: false Ozone Security Enabled: false Ozone HTTP Security Enabled: false 
2023-12-21 09:24:27,919 [main] WARN  server.AuthenticationFilter (AuthenticationFilter.java:constructSecretProvider(240)) - Unable to initialize FileSignerSecretProvider, falling back to use random secrets. Reason: Could not read signature secret file: /home/runner/hadoop-http-auth-signature-secret
2023-12-21 09:24:27,919 [main] INFO  http.HttpRequestLog (HttpRequestLog.java:getRequestLog(86)) - Http request log for http.requests.hddsDatanode is not defined
2023-12-21 09:24:27,920 [main] INFO  http.HttpServer2 (HttpServer2.java:addGlobalFilter(1036)) - Added global filter 'safety' (class=org.apache.hadoop.hdds.server.http.HttpServer2$QuotingInputFilter)
2023-12-21 09:24:27,920 [main] INFO  http.HttpServer2 (HttpServer2.java:addFilter(1012)) - Added filter static_user_filter (class=org.apache.hadoop.http.lib.StaticUserWebFilter$StaticUserFilter) to context hddsDatanode
2023-12-21 09:24:27,920 [main] INFO  http.HttpServer2 (HttpServer2.java:addFilter(1020)) - Added filter static_user_filter (class=org.apache.hadoop.http.lib.StaticUserWebFilter$StaticUserFilter) to context static
2023-12-21 09:24:27,921 [main] INFO  http.HttpServer2 (HttpServer2.java:addFilter(1020)) - Added filter static_user_filter (class=org.apache.hadoop.http.lib.StaticUserWebFilter$StaticUserFilter) to context logs
2023-12-21 09:24:27,921 [main] INFO  http.BaseHttpServer (BaseHttpServer.java:<init>(189)) - HTTP server of hddsDatanode uses base directory /home/runner/work/ozone/ozone/hadoop-ozone/integration-test/target/test-dir/MiniOzoneClusterImpl-e4d55aeb-da58-408a-87dd-e45f7ef8a31a/datanode-7/meta/webserver
2023-12-21 09:24:27,921 [main] INFO  http.HttpServer2 (HttpServer2.java:bindListener(1236)) - Jetty bound to port 15250
2023-12-21 09:24:27,921 [main] INFO  server.Server (Server.java:doStart(375)) - jetty-9.4.53.v20231009; built: 2023-10-09T12:29:09.265Z; git: 27bde00a0b95a1d5bbee0eae7984f891d2d0f8c9; jvm 1.8.0_392-b08
2023-12-21 09:24:27,922 [main] INFO  server.session (DefaultSessionIdManager.java:doStart(334)) - DefaultSessionIdManager workerName=node0
2023-12-21 09:24:27,922 [main] INFO  server.session (DefaultSessionIdManager.java:doStart(339)) - No SessionScavenger set, using defaults
2023-12-21 09:24:27,922 [main] INFO  server.session (HouseKeeper.java:startScavenging(132)) - node0 Scavenging every 660000ms
2023-12-21 09:24:27,923 [main] INFO  handler.ContextHandler (ContextHandler.java:doStart(921)) - Started o.e.j.s.ServletContextHandler@717fe18a{logs,/logs,file:///home/runner/work/ozone/ozone/hadoop-ozone/integration-test/target/log,AVAILABLE}
2023-12-21 09:24:27,923 [main] INFO  handler.ContextHandler (ContextHandler.java:doStart(921)) - Started o.e.j.s.ServletContextHandler@38b582c7{static,/static,jar:file:/home/runner/.m2/repository/org/apache/ozone/hdds-container-service/1.5.0-SNAPSHOT/hdds-container-service-1.5.0-SNAPSHOT.jar!/webapps/static,AVAILABLE}
2023-12-21 09:24:27,954 [main] INFO  handler.ContextHandler (ContextHandler.java:doStart(921)) - Started o.e.j.w.WebAppContext@37bb14c6{hddsDatanode,/,file:///home/runner/work/ozone/ozone/hadoop-ozone/integration-test/target/test-dir/MiniOzoneClusterImpl-e4d55aeb-da58-408a-87dd-e45f7ef8a31a/datanode-7/meta/webserver/jetty-0_0_0_0-15250-hdds-container-service-1_5_0-SNAPSHOT_jar-_-any-2048002012497032482/webapp/,AVAILABLE}{jar:file:/home/runner/.m2/repository/org/apache/ozone/hdds-container-service/1.5.0-SNAPSHOT/hdds-container-service-1.5.0-SNAPSHOT.jar!/webapps/hddsDatanode}
2023-12-21 09:24:27,956 [main] INFO  server.AbstractConnector (AbstractConnector.java:doStart(333)) - Started ServerConnector@6258284a{HTTP/1.1, (http/1.1)}{0.0.0.0:15250}
2023-12-21 09:24:27,956 [main] INFO  server.Server (Server.java:doStart(415)) - Started @83363ms
2023-12-21 09:24:27,956 [main] WARN  impl.MetricsSystemImpl (MetricsSystemImpl.java:register(279)) - Sink prometheus already exists!
2023-12-21 09:24:27,957 [main] INFO  http.BaseHttpServer (BaseHttpServer.java:updateConnectorAddress(354)) - HTTP server of hddsDatanode listening at http://0.0.0.0:15250
2023-12-21 09:24:27,957 [main] INFO  ipc.CallQueueManager (CallQueueManager.java:<init>(90)) - Using callQueue: class java.util.concurrent.LinkedBlockingQueue, queueCapacity: 100, scheduler: class org.apache.hadoop.ipc.DefaultRpcScheduler, ipcBackoff: false.
2023-12-21 09:24:27,958 [main] INFO  ipc.Server (Server.java:<init>(1287)) - Listener at 0.0.0.0:15251
2023-12-21 09:24:27,958 [Socket Reader #1 for port 15251] INFO  ipc.Server (Server.java:run(1323)) - Starting Socket Reader #1 for port 15251
2023-12-21 09:24:27,959 [main] INFO  ozone.HddsDatanodeService (HddsDatanodeService.java:start(324)) - Datanode start with admins: [runner]
2023-12-21 09:24:27,959 [main] INFO  ozone.HddsDatanodeClientProtocolServer (HddsDatanodeClientProtocolServer.java:start(72)) - RPC server for Client /0.0.0.0:15251
2023-12-21 09:24:27,960 [IPC Server Responder] INFO  ipc.Server (Server.java:run(1562)) - IPC Server Responder: starting
2023-12-21 09:24:27,960 [IPC Server listener on 15251] INFO  ipc.Server (Server.java:run(1402)) - IPC Server listener on 15251: starting
2023-12-21 09:24:27,961 [b2354cd0-7648-4a6f-abf9-b9cf43c56f40-DatanodeStateMachineDaemonThread] INFO  statemachine.DatanodeStateMachine (DatanodeStateMachine.java:lambda$startDaemon$1(555)) - Ozone container server started.
2023-12-21 09:24:27,961 [main] WARN  dropwizard3.Dm3MetricRegistriesImpl (Dm3MetricRegistriesImpl.java:addReporterRegistration(113)) - New reporters are added after registries were created. Some metrics will be missing from the reporter. Please add reporter before adding any new registry.
2023-12-21 09:24:27,962 [main] WARN  dropwizard3.Dm3MetricRegistriesImpl (Dm3MetricRegistriesImpl.java:addReporterRegistration(113)) - New reporters are added after registries were created. Some metrics will be missing from the reporter. Please add reporter before adding any new registry.
2023-12-21 09:24:27,962 [main] INFO  impl.MetricsSystemImpl (MetricsSystemImpl.java:init(158)) - HddsDatanode metrics system started (again)
2023-12-21 09:24:27,964 [b2354cd0-7648-4a6f-abf9-b9cf43c56f40-DatanodeStateMachineTaskThread-0] INFO  datanode.InitDatanodeState (InitDatanodeState.java:persistContainerDatanodeDetails(139)) - DatanodeDetails is persisted to /home/runner/work/ozone/ozone/hadoop-ozone/integration-test/target/test-dir/MiniOzoneClusterImpl-e4d55aeb-da58-408a-87dd-e45f7ef8a31a/datanode-7/meta/datanode.id
2023-12-21 09:24:27,971 [main] INFO  ozone.HddsDatanodeService (HddsDatanodeService.java:start(239)) - HddsDatanodeService host:fv-az1023-676 ip:10.1.0.5
2023-12-21 09:24:27,988 [main] INFO  upgrade.AbstractLayoutVersionManager (AbstractLayoutVersionManager.java:init(83)) - Initializing Layout version manager with metadata layout = HADOOP_PRC_PORTS_IN_DATANODEDETAILS (version = 7), software layout = HADOOP_PRC_PORTS_IN_DATANODEDETAILS (version = 7)
2023-12-21 09:24:27,988 [main] INFO  statemachine.DatanodeStateMachine (DatanodeStateMachine.java:getEndPointTaskThreadPoolSize(299)) - Datanode State Machine Task Thread Pool size 2
2023-12-21 09:24:27,990 [main] ERROR lib.MethodMetric (MethodMetric.java:snapshot(117)) - Error invoking method getCommitted
java.lang.reflect.InvocationTargetException
	at sun.reflect.GeneratedMethodAccessor52.invoke(Unknown Source)
	at sun.reflect.DelegatingMethodAccessorImpl.invoke(DelegatingMethodAccessorImpl.java:43)
	at java.lang.reflect.Method.invoke(Method.java:498)
	at org.apache.hadoop.metrics2.lib.MethodMetric$2.snapshot(MethodMetric.java:111)
	at org.apache.hadoop.metrics2.lib.MethodMetric.snapshot(MethodMetric.java:142)
	at org.apache.hadoop.metrics2.lib.MetricsRegistry.snapshot(MetricsRegistry.java:447)
	at org.apache.hadoop.metrics2.lib.MetricsSourceBuilder$1.getMetrics(MetricsSourceBuilder.java:89)
	at org.apache.hadoop.metrics2.impl.MetricsSourceAdapter.getMetrics(MetricsSourceAdapter.java:200)
	at org.apache.hadoop.metrics2.impl.MetricsSourceAdapter.updateJmxCache(MetricsSourceAdapter.java:183)
	at org.apache.hadoop.metrics2.impl.MetricsSourceAdapter.getMBeanInfo(MetricsSourceAdapter.java:156)
	at com.sun.jmx.interceptor.DefaultMBeanServerInterceptor.getNewMBeanClassName(DefaultMBeanServerInterceptor.java:333)
	at com.sun.jmx.interceptor.DefaultMBeanServerInterceptor.registerMBean(DefaultMBeanServerInterceptor.java:319)
	at com.sun.jmx.mbeanserver.JmxMBeanServer.registerMBean(JmxMBeanServer.java:522)
	at org.apache.hadoop.metrics2.util.MBeans.register(MBeans.java:100)
	at org.apache.hadoop.metrics2.util.MBeans.register(MBeans.java:73)
	at org.apache.hadoop.metrics2.impl.MetricsSourceAdapter.startMBeans(MetricsSourceAdapter.java:222)
	at org.apache.hadoop.metrics2.impl.MetricsSourceAdapter.start(MetricsSourceAdapter.java:101)
	at org.apache.hadoop.metrics2.impl.MetricsSystemImpl.registerSource(MetricsSystemImpl.java:268)
	at org.apache.hadoop.metrics2.impl.MetricsSystemImpl.register(MetricsSystemImpl.java:233)
	at org.apache.hadoop.ozone.container.common.volume.VolumeInfoMetrics.init(VolumeInfoMetrics.java:50)
	at org.apache.hadoop.ozone.container.common.volume.VolumeInfoMetrics.<init>(VolumeInfoMetrics.java:45)
	at org.apache.hadoop.ozone.container.common.volume.HddsVolume.<init>(HddsVolume.java:123)
	at org.apache.hadoop.ozone.container.common.volume.HddsVolume.<init>(HddsVolume.java:71)
	at org.apache.hadoop.ozone.container.common.volume.HddsVolume$Builder.build(HddsVolume.java:111)
	at org.apache.hadoop.ozone.container.common.volume.HddsVolumeFactory.createVolume(HddsVolumeFactory.java:48)
	at org.apache.hadoop.ozone.container.common.volume.MutableVolumeSet.initializeVolumeSet(MutableVolumeSet.java:170)
	at org.apache.hadoop.ozone.container.common.volume.MutableVolumeSet.<init>(MutableVolumeSet.java:132)
	at org.apache.hadoop.ozone.container.common.volume.MutableVolumeSet.<init>(MutableVolumeSet.java:96)
	at org.apache.hadoop.ozone.container.ozoneimpl.OzoneContainer.<init>(OzoneContainer.java:149)
	at org.apache.hadoop.ozone.container.common.statemachine.DatanodeStateMachine.<init>(DatanodeStateMachine.java:186)
	at org.apache.hadoop.ozone.HddsDatanodeService.start(HddsDatanodeService.java:296)
	at org.apache.hadoop.ozone.MiniOzoneClusterImpl.startHddsDatanode(MiniOzoneClusterImpl.java:489)
	at java.util.ArrayList.forEach(ArrayList.java:1259)
	at org.apache.hadoop.ozone.MiniOzoneClusterImpl.startHddsDatanodes(MiniOzoneClusterImpl.java:497)
	at org.apache.hadoop.ozone.MiniOzoneClusterImpl$Builder.build(MiniOzoneClusterImpl.java:627)
	at org.apache.hadoop.ozone.client.rpc.TestWatchForCommit.init(TestWatchForCommit.java:149)
	at sun.reflect.NativeMethodAccessorImpl.invoke0(Native Method)
	at sun.reflect.NativeMethodAccessorImpl.invoke(NativeMethodAccessorImpl.java:62)
	at sun.reflect.DelegatingMethodAccessorImpl.invoke(DelegatingMethodAccessorImpl.java:43)
	at java.lang.reflect.Method.invoke(Method.java:498)
	at org.junit.platform.commons.util.ReflectionUtils.invokeMethod(ReflectionUtils.java:728)
	at org.junit.jupiter.engine.execution.MethodInvocation.proceed(MethodInvocation.java:60)
	at org.junit.jupiter.engine.execution.InvocationInterceptorChain$ValidatingInvocation.proceed(InvocationInterceptorChain.java:131)
	at org.junit.jupiter.engine.extension.TimeoutExtension.intercept(TimeoutExtension.java:156)
	at org.junit.jupiter.engine.extension.TimeoutExtension.interceptLifecycleMethod(TimeoutExtension.java:128)
	at org.junit.jupiter.engine.extension.TimeoutExtension.interceptBeforeEachMethod(TimeoutExtension.java:78)
	at org.junit.jupiter.engine.execution.InterceptingExecutableInvoker$ReflectiveInterceptorCall.lambda$ofVoidMethod$0(InterceptingExecutableInvoker.java:103)
	at org.junit.jupiter.engine.execution.InterceptingExecutableInvoker.lambda$invoke$0(InterceptingExecutableInvoker.java:93)
	at org.junit.jupiter.engine.execution.InvocationInterceptorChain$InterceptedInvocation.proceed(InvocationInterceptorChain.java:106)
	at org.junit.jupiter.engine.execution.InvocationInterceptorChain.proceed(InvocationInterceptorChain.java:64)
	at org.junit.jupiter.engine.execution.InvocationInterceptorChain.chainAndInvoke(InvocationInterceptorChain.java:45)
	at org.junit.jupiter.engine.execution.InvocationInterceptorChain.invoke(InvocationInterceptorChain.java:37)
	at org.junit.jupiter.engine.execution.InterceptingExecutableInvoker.invoke(InterceptingExecutableInvoker.java:92)
	at org.junit.jupiter.engine.execution.InterceptingExecutableInvoker.invoke(InterceptingExecutableInvoker.java:86)
	at org.junit.jupiter.engine.descriptor.ClassBasedTestDescriptor.invokeMethodInExtensionContext(ClassBasedTestDescriptor.java:521)
	at org.junit.jupiter.engine.descriptor.ClassBasedTestDescriptor.lambda$synthesizeBeforeEachMethodAdapter$23(ClassBasedTestDescriptor.java:506)
	at org.junit.jupiter.engine.descriptor.TestMethodTestDescriptor.lambda$invokeBeforeEachMethods$3(TestMethodTestDescriptor.java:175)
	at org.junit.jupiter.engine.descriptor.TestMethodTestDescriptor.lambda$invokeBeforeMethodsOrCallbacksUntilExceptionOccurs$6(TestMethodTestDescriptor.java:203)
	at org.junit.platform.engine.support.hierarchical.ThrowableCollector.execute(ThrowableCollector.java:73)
	at org.junit.jupiter.engine.descriptor.TestMethodTestDescriptor.invokeBeforeMethodsOrCallbacksUntilExceptionOccurs(TestMethodTestDescriptor.java:203)
	at org.junit.jupiter.engine.descriptor.TestMethodTestDescriptor.invokeBeforeEachMethods(TestMethodTestDescriptor.java:172)
	at org.junit.jupiter.engine.descriptor.TestMethodTestDescriptor.execute(TestMethodTestDescriptor.java:135)
	at org.junit.jupiter.engine.descriptor.TestMethodTestDescriptor.execute(TestMethodTestDescriptor.java:69)
	at org.junit.platform.engine.support.hierarchical.NodeTestTask.lambda$executeRecursively$6(NodeTestTask.java:151)
	at org.junit.platform.engine.support.hierarchical.ThrowableCollector.execute(ThrowableCollector.java:73)
	at org.junit.platform.engine.support.hierarchical.NodeTestTask.lambda$executeRecursively$8(NodeTestTask.java:141)
	at org.junit.platform.engine.support.hierarchical.Node.around(Node.java:137)
	at org.junit.platform.engine.support.hierarchical.NodeTestTask.lambda$executeRecursively$9(NodeTestTask.java:139)
	at org.junit.platform.engine.support.hierarchical.ThrowableCollector.execute(ThrowableCollector.java:73)
	at org.junit.platform.engine.support.hierarchical.NodeTestTask.executeRecursively(NodeTestTask.java:138)
	at org.junit.platform.engine.support.hierarchical.NodeTestTask.execute(NodeTestTask.java:95)
	at java.util.ArrayList.forEach(ArrayList.java:1259)
	at org.junit.platform.engine.support.hierarchical.SameThreadHierarchicalTestExecutorService.invokeAll(SameThreadHierarchicalTestExecutorService.java:41)
	at org.junit.platform.engine.support.hierarchical.NodeTestTask.lambda$executeRecursively$6(NodeTestTask.java:155)
	at org.junit.platform.engine.support.hierarchical.ThrowableCollector.execute(ThrowableCollector.java:73)
	at org.junit.platform.engine.support.hierarchical.NodeTestTask.lambda$executeRecursively$8(NodeTestTask.java:141)
	at org.junit.platform.engine.support.hierarchical.Node.around(Node.java:137)
	at org.junit.platform.engine.support.hierarchical.NodeTestTask.lambda$executeRecursively$9(NodeTestTask.java:139)
	at org.junit.platform.engine.support.hierarchical.ThrowableCollector.execute(ThrowableCollector.java:73)
	at org.junit.platform.engine.support.hierarchical.NodeTestTask.executeRecursively(NodeTestTask.java:138)
	at org.junit.platform.engine.support.hierarchical.NodeTestTask.execute(NodeTestTask.java:95)
	at java.util.ArrayList.forEach(ArrayList.java:1259)
	at org.junit.platform.engine.support.hierarchical.SameThreadHierarchicalTestExecutorService.invokeAll(SameThreadHierarchicalTestExecutorService.java:41)
	at org.junit.platform.engine.support.hierarchical.NodeTestTask.lambda$executeRecursively$6(NodeTestTask.java:155)
	at org.junit.platform.engine.support.hierarchical.ThrowableCollector.execute(ThrowableCollector.java:73)
	at org.junit.platform.engine.support.hierarchical.NodeTestTask.lambda$executeRecursively$8(NodeTestTask.java:141)
	at org.junit.platform.engine.support.hierarchical.Node.around(Node.java:137)
	at org.junit.platform.engine.support.hierarchical.NodeTestTask.lambda$executeRecursively$9(NodeTestTask.java:139)
	at org.junit.platform.engine.support.hierarchical.ThrowableCollector.execute(ThrowableCollector.java:73)
	at org.junit.platform.engine.support.hierarchical.NodeTestTask.executeRecursively(NodeTestTask.java:138)
	at org.junit.platform.engine.support.hierarchical.NodeTestTask.execute(NodeTestTask.java:95)
	at org.junit.platform.engine.support.hierarchical.SameThreadHierarchicalTestExecutorService.submit(SameThreadHierarchicalTestExecutorService.java:35)
	at org.junit.platform.engine.support.hierarchical.HierarchicalTestExecutor.execute(HierarchicalTestExecutor.java:57)
	at org.junit.platform.engine.support.hierarchical.HierarchicalTestEngine.execute(HierarchicalTestEngine.java:54)
	at org.junit.platform.launcher.core.EngineExecutionOrchestrator.execute(EngineExecutionOrchestrator.java:198)
	at org.junit.platform.launcher.core.EngineExecutionOrchestrator.execute(EngineExecutionOrchestrator.java:169)
	at org.junit.platform.launcher.core.EngineExecutionOrchestrator.execute(EngineExecutionOrchestrator.java:93)
	at org.junit.platform.launcher.core.EngineExecutionOrchestrator.lambda$execute$0(EngineExecutionOrchestrator.java:58)
	at org.junit.platform.launcher.core.EngineExecutionOrchestrator.withInterceptedStreams(EngineExecutionOrchestrator.java:141)
	at org.junit.platform.launcher.core.EngineExecutionOrchestrator.execute(EngineExecutionOrchestrator.java:57)
	at org.junit.platform.launcher.core.DefaultLauncher.execute(DefaultLauncher.java:103)
	at org.junit.platform.launcher.core.DefaultLauncher.execute(DefaultLauncher.java:85)
	at org.junit.platform.launcher.core.DelegatingLauncher.execute(DelegatingLauncher.java:47)
	at org.apache.maven.surefire.junitplatform.LazyLauncher.execute(LazyLauncher.java:56)
	at org.apache.maven.surefire.junitplatform.JUnitPlatformProvider.execute(JUnitPlatformProvider.java:184)
	at org.apache.maven.surefire.junitplatform.JUnitPlatformProvider.invokeAllTests(JUnitPlatformProvider.java:148)
	at org.apache.maven.surefire.junitplatform.JUnitPlatformProvider.invoke(JUnitPlatformProvider.java:120)
	at org.apache.maven.surefire.booter.ForkedBooter.runSuitesInProcess(ForkedBooter.java:385)
	at org.apache.maven.surefire.booter.ForkedBooter.execute(ForkedBooter.java:162)
	at org.apache.maven.surefire.booter.ForkedBooter.run(ForkedBooter.java:507)
	at org.apache.maven.surefire.booter.ForkedBooter.main(ForkedBooter.java:495)
Caused by: java.lang.NullPointerException
	at org.apache.hadoop.ozone.container.common.volume.HddsVolume.getCommittedBytes(HddsVolume.java:303)
	at org.apache.hadoop.ozone.container.common.volume.VolumeInfoMetrics.getCommitted(VolumeInfoMetrics.java:147)
	... 111 more
2023-12-21 09:24:27,991 [main] INFO  volume.HddsVolume (HddsVolume.java:<init>(126)) - Creating HddsVolume: /home/runner/work/ozone/ozone/hadoop-ozone/integration-test/target/test-dir/MiniOzoneClusterImpl-e4d55aeb-da58-408a-87dd-e45f7ef8a31a/datanode-8/data-0/containers/hdds of storage type : DISK capacity : 9223372036854775807
2023-12-21 09:24:27,991 [main] INFO  volume.MutableVolumeSet (MutableVolumeSet.java:initializeVolumeSet(173)) - Added Volume : /home/runner/work/ozone/ozone/hadoop-ozone/integration-test/target/test-dir/MiniOzoneClusterImpl-e4d55aeb-da58-408a-87dd-e45f7ef8a31a/datanode-8/data-0/containers/hdds to VolumeSet
2023-12-21 09:24:27,992 [main] INFO  volume.MutableVolumeSet (MutableVolumeSet.java:initializeVolumeSet(173)) - Added Volume : /home/runner/work/ozone/ozone/hadoop-ozone/integration-test/target/test-dir/MiniOzoneClusterImpl-e4d55aeb-da58-408a-87dd-e45f7ef8a31a/datanode-8/data/ratis to VolumeSet
2023-12-21 09:24:27,992 [main] INFO  ozoneimpl.OzoneContainer (HddsVolumeUtil.java:loadAllHddsVolumeDbStore(103)) - Load 1 volumes DbStore cost: 0ms
2023-12-21 09:24:27,992 [32aac600-864d-469c-bbc4-bdc2d2a366d8-ContainerReader-0] INFO  ozoneimpl.ContainerReader (ContainerReader.java:readVolume(178)) - Finish verifying containers on volume /home/runner/work/ozone/ozone/hadoop-ozone/integration-test/target/test-dir/MiniOzoneClusterImpl-e4d55aeb-da58-408a-87dd-e45f7ef8a31a/datanode-8/data-0/containers/hdds
2023-12-21 09:24:27,992 [main] INFO  ozoneimpl.OzoneContainer (OzoneContainer.java:buildContainerSet(326)) - Build ContainerSet costs 0s
2023-12-21 09:24:27,994 [main] INFO  server.RaftServer (ConfUtils.java:logGet(46)) - raft.rpc.type = GRPC (default)
2023-12-21 09:24:27,994 [main] INFO  grpc.GrpcConfigKeys (ConfUtils.java:logFallback(53)) - raft.grpc.admin.host = null (fallback to raft.grpc.server.host)
2023-12-21 09:24:27,994 [main] INFO  grpc.GrpcConfigKeys (ConfUtils.java:logGet(46)) - raft.grpc.admin.port = 15263 (custom)
2023-12-21 09:24:27,995 [main] INFO  grpc.GrpcConfigKeys (ConfUtils.java:logFallback(53)) - raft.grpc.client.host = null (fallback to raft.grpc.server.host)
2023-12-21 09:24:27,995 [main] INFO  grpc.GrpcConfigKeys (ConfUtils.java:logGet(46)) - raft.grpc.client.port = 15262 (custom)
2023-12-21 09:24:27,995 [main] INFO  grpc.GrpcConfigKeys (ConfUtils.java:logGet(46)) - raft.grpc.server.host = null (default)
2023-12-21 09:24:27,995 [main] INFO  grpc.GrpcConfigKeys (ConfUtils.java:logGet(46)) - raft.grpc.server.port = 15264 (custom)
2023-12-21 09:24:27,995 [main] INFO  server.GrpcService (ConfUtils.java:logGet(46)) - raft.grpc.message.size.max = 32MB (=33554432) (custom)
2023-12-21 09:24:27,996 [main] INFO  server.RaftServerConfigKeys (ConfUtils.java:logGet(46)) - raft.server.log.appender.buffer.byte-limit = 8388608 (custom)
2023-12-21 09:24:27,996 [main] INFO  server.GrpcService (ConfUtils.java:logGet(46)) - raft.grpc.flow.control.window = 5MB (=5242880) (custom)
2023-12-21 09:24:27,996 [main] INFO  server.RaftServerConfigKeys (ConfUtils.java:logGet(46)) - raft.server.rpc.request.timeout = 3000ms (default)
2023-12-21 09:24:27,996 [main] INFO  grpc.GrpcConfigKeys (ConfUtils.java:logGet(46)) - raft.grpc.server.heartbeat.channel = true (default)
2023-12-21 09:24:27,996 [main] INFO  grpc.GrpcConfigKeys (ConfUtils.java:logGet(46)) - raft.grpc.server.async.request.thread.pool.cached = true (default)
2023-12-21 09:24:27,997 [main] INFO  grpc.GrpcConfigKeys (ConfUtils.java:logGet(46)) - raft.grpc.server.async.request.thread.pool.size = 32 (default)
2023-12-21 09:24:27,999 [main] INFO  impl.DataStreamServerImpl (ConfUtils.java:logGet(46)) - raft.datastream.type = NETTY (custom)
2023-12-21 09:24:27,999 [main] INFO  server.RaftServerConfigKeys (ConfUtils.java:logGet(46)) - raft.server.data-stream.async.request.thread.pool.cached = false (default)
2023-12-21 09:24:27,999 [main] INFO  server.RaftServerConfigKeys (ConfUtils.java:logGet(46)) - raft.server.data-stream.async.request.thread.pool.size = 20 (custom)
2023-12-21 09:24:28,000 [main] INFO  server.RaftServerConfigKeys (ConfUtils.java:logGet(46)) - raft.server.data-stream.async.write.thread.pool.size = 16 (default)
2023-12-21 09:24:28,000 [main] INFO  netty.NettyConfigKeys$DataStream (ConfUtils.java:logGet(46)) - raft.netty.dataStream.server.channel.inactive.grace-period = 10min (default)
2023-12-21 09:24:28,000 [main] INFO  server.RaftServerConfigKeys (ConfUtils.java:logGet(46)) - raft.server.data-stream.client.pool.size = 10 (default)
2023-12-21 09:24:28,000 [main] INFO  netty.NettyConfigKeys$DataStream (ConfUtils.java:logGet(46)) - raft.netty.dataStream.server.use-epoll = true (default)
2023-12-21 09:24:28,000 [main] INFO  netty.NettyConfigKeys$DataStream (ConfUtils.java:logGet(46)) - raft.netty.dataStream.server.boss-group.size = 0 (default)
2023-12-21 09:24:28,001 [main] INFO  netty.NettyUtils (NettyUtils.java:newEventLoopGroup(69)) - Create EpollEventLoopGroup for 32aac600-864d-469c-bbc4-bdc2d2a366d8-NettyServerStreamRpc-bossGroup; Thread size is 0.
2023-12-21 09:24:28,001 [main] INFO  netty.NettyConfigKeys$DataStream (ConfUtils.java:logGet(46)) - raft.netty.dataStream.server.worker-group.size = 0 (default)
2023-12-21 09:24:28,001 [main] INFO  netty.NettyUtils (NettyUtils.java:newEventLoopGroup(69)) - Create EpollEventLoopGroup for 32aac600-864d-469c-bbc4-bdc2d2a366d8-NettyServerStreamRpc-workerGroup; Thread size is 0.
2023-12-21 09:24:28,002 [main] INFO  netty.NettyConfigKeys$DataStream (ConfUtils.java:logGet(46)) - raft.netty.dataStream.server.tls.conf = null (default)
2023-12-21 09:24:28,002 [main] INFO  netty.NettyConfigKeys$DataStream (ConfUtils.java:logGet(46)) - raft.netty.dataStream.host = null (default)
2023-12-21 09:24:28,002 [main] INFO  netty.NettyConfigKeys$DataStream (ConfUtils.java:logGet(46)) - raft.netty.dataStream.port = 15265 (custom)
2023-12-21 09:24:28,004 [main] INFO  server.RaftServerConfigKeys (ConfUtils.java:logGet(46)) - raft.server.sleep.deviation.threshold = 300ms (default)
2023-12-21 09:24:28,004 [main] INFO  server.RaftServerConfigKeys (ConfUtils.java:logGet(46)) - raft.server.close.threshold = 60s (default)
2023-12-21 09:24:28,004 [main] INFO  server.RaftServerConfigKeys (ConfUtils.java:logGet(46)) - raft.server.leaderelection.leader.step-down.wait-time = 10s (default)
2023-12-21 09:24:28,004 [32aac600-864d-469c-bbc4-bdc2d2a366d8-NettyServerStreamRpc-bossGroup--thread1] INFO  logging.LoggingHandler (AbstractInternalLogger.java:log(148)) - [id: 0x2b9425ef] REGISTERED
2023-12-21 09:24:28,004 [main] INFO  server.RaftServerConfigKeys (ConfUtils.java:logGet(46)) - raft.server.storage.dir = [/home/runner/work/ozone/ozone/hadoop-ozone/integration-test/target/test-dir/MiniOzoneClusterImpl-e4d55aeb-da58-408a-87dd-e45f7ef8a31a/datanode-8/data/ratis] (custom)
2023-12-21 09:24:28,005 [main] INFO  server.RaftServerConfigKeys (ConfUtils.java:logGet(46)) - raft.server.threadpool.proxy.cached = true (default)
2023-12-21 09:24:28,005 [main] INFO  server.RaftServerConfigKeys (ConfUtils.java:logGet(46)) - raft.server.threadpool.proxy.size = 0 (default)
2023-12-21 09:24:28,005 [32aac600-864d-469c-bbc4-bdc2d2a366d8-NettyServerStreamRpc-bossGroup--thread1] INFO  logging.LoggingHandler (AbstractInternalLogger.java:log(148)) - [id: 0x2b9425ef] BIND: 0.0.0.0/0.0.0.0:15265
2023-12-21 09:24:28,006 [32aac600-864d-469c-bbc4-bdc2d2a366d8-NettyServerStreamRpc-bossGroup--thread1] INFO  logging.LoggingHandler (AbstractInternalLogger.java:log(148)) - [id: 0x2b9425ef, L:/0.0.0.0:15265] ACTIVE
2023-12-21 09:24:28,008 [32aac600-864d-469c-bbc4-bdc2d2a366d8-impl-thread1] INFO  server.RaftServer (RaftServerProxy.java:initGroupDir(264)) - 32aac600-864d-469c-bbc4-bdc2d2a366d8: found a subdirectory /home/runner/work/ozone/ozone/hadoop-ozone/integration-test/target/test-dir/MiniOzoneClusterImpl-e4d55aeb-da58-408a-87dd-e45f7ef8a31a/datanode-8/data/ratis/tmp
2023-12-21 09:24:28,008 [32aac600-864d-469c-bbc4-bdc2d2a366d8-impl-thread1] INFO  server.RaftServer (RaftServerProxy.java:initGroupDir(269)) - 32aac600-864d-469c-bbc4-bdc2d2a366d8: The directory /home/runner/work/ozone/ozone/hadoop-ozone/integration-test/target/test-dir/MiniOzoneClusterImpl-e4d55aeb-da58-408a-87dd-e45f7ef8a31a/datanode-8/data/ratis/tmp is not a group directory; ignoring it. 
2023-12-21 09:24:28,008 [main] INFO  replication.ReplicationServer (ReplicationServer.java:<init>(85)) - Initializing replication server with thread count = 10 queue length = 4096
2023-12-21 09:24:28,009 [main] INFO  server.XceiverServerGrpc (XceiverServerGrpc.java:<init>(141)) - GrpcServer channel type EpollServerSocketChannel
2023-12-21 09:24:28,011 [main] INFO  replication.ReplicationSupervisor (ReplicationSupervisor.java:build(163)) - Initializing replication supervisor with thread count = 10
2023-12-21 09:24:28,011 [main] INFO  replication.ReplicationSupervisor (ReplicationSupervisor.java:nodeStateUpdated(317)) - Node state updated to IN_SERVICE, scaling executor pool size to 10
2023-12-21 09:24:28,014 [main] INFO  http.BaseHttpServer (BaseHttpServer.java:newHttpServer2BuilderForOzone(223)) - Starting Web-server for hddsDatanode at: http://0.0.0.0:15259
2023-12-21 09:24:28,015 [main] INFO  http.BaseHttpServer (BaseHttpServer.java:<init>(110)) - Hadoop Security Enabled: false Ozone Security Enabled: false Ozone HTTP Security Enabled: false 
2023-12-21 09:24:28,016 [main] WARN  server.AuthenticationFilter (AuthenticationFilter.java:constructSecretProvider(240)) - Unable to initialize FileSignerSecretProvider, falling back to use random secrets. Reason: Could not read signature secret file: /home/runner/hadoop-http-auth-signature-secret
2023-12-21 09:24:28,016 [main] INFO  http.HttpRequestLog (HttpRequestLog.java:getRequestLog(86)) - Http request log for http.requests.hddsDatanode is not defined
2023-12-21 09:24:28,017 [main] INFO  http.HttpServer2 (HttpServer2.java:addGlobalFilter(1036)) - Added global filter 'safety' (class=org.apache.hadoop.hdds.server.http.HttpServer2$QuotingInputFilter)
2023-12-21 09:24:28,018 [main] INFO  http.HttpServer2 (HttpServer2.java:addFilter(1012)) - Added filter static_user_filter (class=org.apache.hadoop.http.lib.StaticUserWebFilter$StaticUserFilter) to context hddsDatanode
2023-12-21 09:24:28,018 [main] INFO  http.HttpServer2 (HttpServer2.java:addFilter(1020)) - Added filter static_user_filter (class=org.apache.hadoop.http.lib.StaticUserWebFilter$StaticUserFilter) to context logs
2023-12-21 09:24:28,018 [main] INFO  http.HttpServer2 (HttpServer2.java:addFilter(1020)) - Added filter static_user_filter (class=org.apache.hadoop.http.lib.StaticUserWebFilter$StaticUserFilter) to context static
2023-12-21 09:24:28,018 [main] INFO  http.BaseHttpServer (BaseHttpServer.java:<init>(189)) - HTTP server of hddsDatanode uses base directory /home/runner/work/ozone/ozone/hadoop-ozone/integration-test/target/test-dir/MiniOzoneClusterImpl-e4d55aeb-da58-408a-87dd-e45f7ef8a31a/datanode-8/meta/webserver
2023-12-21 09:24:28,018 [main] INFO  http.HttpServer2 (HttpServer2.java:bindListener(1236)) - Jetty bound to port 15259
2023-12-21 09:24:28,018 [main] INFO  server.Server (Server.java:doStart(375)) - jetty-9.4.53.v20231009; built: 2023-10-09T12:29:09.265Z; git: 27bde00a0b95a1d5bbee0eae7984f891d2d0f8c9; jvm 1.8.0_392-b08
2023-12-21 09:24:28,019 [main] INFO  server.session (DefaultSessionIdManager.java:doStart(334)) - DefaultSessionIdManager workerName=node0
2023-12-21 09:24:28,019 [main] INFO  server.session (DefaultSessionIdManager.java:doStart(339)) - No SessionScavenger set, using defaults
2023-12-21 09:24:28,020 [main] INFO  server.session (HouseKeeper.java:startScavenging(132)) - node0 Scavenging every 660000ms
2023-12-21 09:24:28,020 [main] INFO  handler.ContextHandler (ContextHandler.java:doStart(921)) - Started o.e.j.s.ServletContextHandler@52c171f6{logs,/logs,file:///home/runner/work/ozone/ozone/hadoop-ozone/integration-test/target/log,AVAILABLE}
2023-12-21 09:24:28,021 [main] INFO  handler.ContextHandler (ContextHandler.java:doStart(921)) - Started o.e.j.s.ServletContextHandler@225cd367{static,/static,jar:file:/home/runner/.m2/repository/org/apache/ozone/hdds-container-service/1.5.0-SNAPSHOT/hdds-container-service-1.5.0-SNAPSHOT.jar!/webapps/static,AVAILABLE}
2023-12-21 09:24:28,054 [main] INFO  handler.ContextHandler (ContextHandler.java:doStart(921)) - Started o.e.j.w.WebAppContext@58b1eca1{hddsDatanode,/,file:///home/runner/work/ozone/ozone/hadoop-ozone/integration-test/target/test-dir/MiniOzoneClusterImpl-e4d55aeb-da58-408a-87dd-e45f7ef8a31a/datanode-8/meta/webserver/jetty-0_0_0_0-15259-hdds-container-service-1_5_0-SNAPSHOT_jar-_-any-594353018518841025/webapp/,AVAILABLE}{jar:file:/home/runner/.m2/repository/org/apache/ozone/hdds-container-service/1.5.0-SNAPSHOT/hdds-container-service-1.5.0-SNAPSHOT.jar!/webapps/hddsDatanode}
2023-12-21 09:24:28,056 [main] INFO  server.AbstractConnector (AbstractConnector.java:doStart(333)) - Started ServerConnector@19cdfd93{HTTP/1.1, (http/1.1)}{0.0.0.0:15259}
2023-12-21 09:24:28,056 [main] INFO  server.Server (Server.java:doStart(415)) - Started @83463ms
2023-12-21 09:24:28,057 [main] WARN  impl.MetricsSystemImpl (MetricsSystemImpl.java:register(279)) - Sink prometheus already exists!
2023-12-21 09:24:28,057 [main] INFO  http.BaseHttpServer (BaseHttpServer.java:updateConnectorAddress(354)) - HTTP server of hddsDatanode listening at http://0.0.0.0:15259
2023-12-21 09:24:28,058 [main] INFO  ipc.CallQueueManager (CallQueueManager.java:<init>(90)) - Using callQueue: class java.util.concurrent.LinkedBlockingQueue, queueCapacity: 100, scheduler: class org.apache.hadoop.ipc.DefaultRpcScheduler, ipcBackoff: false.
2023-12-21 09:24:28,058 [main] INFO  ipc.Server (Server.java:<init>(1287)) - Listener at 0.0.0.0:15260
2023-12-21 09:24:28,058 [Socket Reader #1 for port 15260] INFO  ipc.Server (Server.java:run(1323)) - Starting Socket Reader #1 for port 15260
2023-12-21 09:24:28,061 [main] INFO  ozone.HddsDatanodeService (HddsDatanodeService.java:start(324)) - Datanode start with admins: [runner]
2023-12-21 09:24:28,061 [main] INFO  ozone.HddsDatanodeClientProtocolServer (HddsDatanodeClientProtocolServer.java:start(72)) - RPC server for Client /0.0.0.0:15260
2023-12-21 09:24:28,062 [IPC Server Responder] INFO  ipc.Server (Server.java:run(1562)) - IPC Server Responder: starting
2023-12-21 09:24:28,062 [IPC Server listener on 15260] INFO  ipc.Server (Server.java:run(1402)) - IPC Server listener on 15260: starting
2023-12-21 09:24:28,065 [32aac600-864d-469c-bbc4-bdc2d2a366d8-DatanodeStateMachineDaemonThread] INFO  statemachine.DatanodeStateMachine (DatanodeStateMachine.java:lambda$startDaemon$1(555)) - Ozone container server started.
2023-12-21 09:24:28,066 [main] INFO  ozone.MiniOzoneClusterImpl (MiniOzoneClusterImpl.java:lambda$waitForClusterToBeReady$0(230)) - Waiting for nodes to be ready. Got 0 of 9 DN Heartbeats.
2023-12-21 09:24:28,066 [main] INFO  ozone.MiniOzoneClusterImpl (MiniOzoneClusterImpl.java:lambda$waitForClusterToBeReady$0(233)) - Waiting for cluster to exit safe mode
2023-12-21 09:24:28,066 [main] INFO  ozone.MiniOzoneClusterImpl (MiniOzoneClusterImpl.java:lambda$waitForClusterToBeReady$0(235)) - SCM became leader
2023-12-21 09:24:28,070 [32aac600-864d-469c-bbc4-bdc2d2a366d8-DatanodeStateMachineTaskThread-0] INFO  datanode.InitDatanodeState (InitDatanodeState.java:persistContainerDatanodeDetails(139)) - DatanodeDetails is persisted to /home/runner/work/ozone/ozone/hadoop-ozone/integration-test/target/test-dir/MiniOzoneClusterImpl-e4d55aeb-da58-408a-87dd-e45f7ef8a31a/datanode-8/meta/datanode.id
2023-12-21 09:24:28,237 [om1@group-C5BA1605619E-FollowerState] INFO  impl.FollowerState (FollowerState.java:run(143)) - om1@group-C5BA1605619E-FollowerState: change to CANDIDATE, lastRpcElapsedTime:1046422056ns, electionTimeout:1046ms
2023-12-21 09:24:28,237 [om1@group-C5BA1605619E-FollowerState] INFO  impl.RoleInfo (RoleInfo.java:shutdownFollowerState(110)) - om1: shutdown om1@group-C5BA1605619E-FollowerState
2023-12-21 09:24:28,237 [om1@group-C5BA1605619E-FollowerState] INFO  server.RaftServer$Division (RaftServerImpl.java:setRole(379)) - om1@group-C5BA1605619E: changes role from  FOLLOWER to CANDIDATE at term 0 for changeToCandidate
2023-12-21 09:24:28,237 [om1@group-C5BA1605619E-FollowerState] INFO  server.RaftServerConfigKeys (ConfUtils.java:logGet(46)) - raft.server.leaderelection.pre-vote = true (default)
2023-12-21 09:24:28,237 [om1@group-C5BA1605619E-FollowerState] INFO  impl.RoleInfo (RoleInfo.java:updateAndGet(139)) - om1: start om1@group-C5BA1605619E-LeaderElection35
2023-12-21 09:24:28,239 [om1@group-C5BA1605619E-LeaderElection35] INFO  impl.LeaderElection (LeaderElection.java:askForVotes(323)) - om1@group-C5BA1605619E-LeaderElection35 PRE_VOTE round 0: submit vote requests at term 0 for -1: peers:[om1|localhost:15185]|listeners:[], old=null
2023-12-21 09:24:28,239 [om1@group-C5BA1605619E-LeaderElection35] INFO  impl.LeaderElection (LeaderElection.java:askForVotes(325)) - om1@group-C5BA1605619E-LeaderElection35 PRE_VOTE round 0: result PASSED (term=0)
2023-12-21 09:24:28,240 [om1@group-C5BA1605619E-LeaderElection35] INFO  impl.LeaderElection (LeaderElection.java:askForVotes(323)) - om1@group-C5BA1605619E-LeaderElection35 ELECTION round 0: submit vote requests at term 1 for -1: peers:[om1|localhost:15185]|listeners:[], old=null
2023-12-21 09:24:28,240 [om1@group-C5BA1605619E-LeaderElection35] INFO  impl.LeaderElection (LeaderElection.java:askForVotes(325)) - om1@group-C5BA1605619E-LeaderElection35 ELECTION round 0: result PASSED (term=1)
2023-12-21 09:24:28,240 [om1@group-C5BA1605619E-LeaderElection35] INFO  impl.RoleInfo (RoleInfo.java:shutdownLeaderElection(130)) - om1: shutdown om1@group-C5BA1605619E-LeaderElection35
2023-12-21 09:24:28,240 [om1@group-C5BA1605619E-LeaderElection35] INFO  server.RaftServer$Division (RaftServerImpl.java:setRole(379)) - om1@group-C5BA1605619E: changes role from CANDIDATE to LEADER at term 1 for changeToLeader
2023-12-21 09:24:28,240 [om1@group-C5BA1605619E-LeaderElection35] INFO  server.RaftServerConfigKeys (ConfUtils.java:logGet(46)) - raft.server.staging.catchup.gap = 1000 (default)
2023-12-21 09:24:28,240 [om1@group-C5BA1605619E-LeaderElection35] INFO  server.RaftServerConfigKeys (ConfUtils.java:logGet(46)) - raft.server.write.element-limit = 4096 (default)
2023-12-21 09:24:28,240 [om1@group-C5BA1605619E-LeaderElection35] INFO  server.RaftServerConfigKeys (ConfUtils.java:logGet(46)) - raft.server.write.byte-limit = 64MB (=67108864) (default)
2023-12-21 09:24:28,241 [om1@group-C5BA1605619E-LeaderElection35] INFO  server.RaftServerConfigKeys (ConfUtils.java:logGet(46)) - raft.server.watch.timeout = 10s (default)
2023-12-21 09:24:28,241 [om1@group-C5BA1605619E-LeaderElection35] INFO  server.RaftServerConfigKeys (ConfUtils.java:logGet(46)) - raft.server.watch.timeout.denomination = 1s (default)
2023-12-21 09:24:28,241 [om1@group-C5BA1605619E-LeaderElection35] INFO  server.RaftServerConfigKeys (ConfUtils.java:logGet(46)) - raft.server.watch.element-limit = 65536 (default)
2023-12-21 09:24:28,241 [om1@group-C5BA1605619E-LeaderElection35] INFO  server.RaftServerConfigKeys (ConfUtils.java:logGet(46)) - raft.server.read.leader.lease.enabled = false (default)
2023-12-21 09:24:28,241 [om1@group-C5BA1605619E-LeaderElection35] INFO  server.RaftServerConfigKeys (ConfUtils.java:logGet(46)) - raft.server.read.leader.lease.timeout.ratio = 0.9 (default)
2023-12-21 09:24:28,241 [om1@group-C5BA1605619E-LeaderElection35] INFO  server.RaftServerConfigKeys (ConfUtils.java:logGet(46)) - raft.server.rpc.timeout.min = 1s (custom)
2023-12-21 09:24:28,241 [om1@group-C5BA1605619E-LeaderElection35] INFO  server.RaftServerConfigKeys (ConfUtils.java:logGet(46)) - raft.server.write.element-limit = 4096 (default)
2023-12-21 09:24:28,241 [om1@group-C5BA1605619E-LeaderElection35] INFO  server.RaftServerConfigKeys (ConfUtils.java:logGet(46)) - raft.server.write.follower.gap.ratio.max = -1.0 (default)
2023-12-21 09:24:28,241 [om1@group-C5BA1605619E-LeaderElection35] INFO  impl.RoleInfo (RoleInfo.java:updateAndGet(139)) - om1: start om1@group-C5BA1605619E-LeaderStateImpl
2023-12-21 09:24:28,241 [om1@group-C5BA1605619E-LeaderElection35] INFO  server.RaftServer$Division (RaftServerImpl.java:setFirstElection(564)) - om1@group-C5BA1605619E: set firstElectionSinceStartup to false for becomeLeader
2023-12-21 09:24:28,241 [om1@group-C5BA1605619E-LeaderElection35] INFO  server.RaftServer$Division (ServerState.java:setLeader(265)) - om1@group-C5BA1605619E: change Leader from null to om1 at term 1 for becomeLeader, leader elected after 1263ms
2023-12-21 09:24:28,241 [om1@group-C5BA1605619E-LeaderElection35] INFO  segmented.SegmentedRaftLogWorker (SegmentedRaftLogWorker.java:startLogSegment(428)) - om1@group-C5BA1605619E-SegmentedRaftLogWorker: Starting segment from index:0
2023-12-21 09:24:28,242 [om1@group-C5BA1605619E-LeaderElection35] INFO  server.RaftServer$Division (ServerState.java:setRaftConf(382)) - om1@group-C5BA1605619E: set configuration 0: peers:[om1|localhost:15185]|listeners:[], old=null
2023-12-21 09:24:28,250 [om1@group-C5BA1605619E-SegmentedRaftLogWorker] INFO  segmented.SegmentedRaftLogWorker (SegmentedRaftLogWorker.java:execute(632)) - om1@group-C5BA1605619E-SegmentedRaftLogWorker: created new log segment /home/runner/work/ozone/ozone/hadoop-ozone/integration-test/target/test-dir/MiniOzoneClusterImpl-e4d55aeb-da58-408a-87dd-e45f7ef8a31a/ozone-meta/ratis/bf265839-605b-3f16-9796-c5ba1605619e/current/log_inprogress_0
2023-12-21 09:24:28,251 [om1@group-C5BA1605619E-StateMachineUpdater] INFO  ratis.OzoneManagerStateMachine (OzoneManagerStateMachine.java:notifyConfigurationChanged(210)) - Received Configuration change notification from Ratis. New Peer list:
[id: "om1"
address: "localhost:15185"
startupRole: FOLLOWER
]
2023-12-21 09:24:28,251 [om1@group-C5BA1605619E-StateMachineUpdater] INFO  server.RaftServer$Division (LeaderStateImpl.java:isApplied(316)) - leader is ready since appliedIndex == 0 >= startIndex == 0
2023-12-21 09:24:29,067 [main] INFO  ozone.MiniOzoneClusterImpl (MiniOzoneClusterImpl.java:lambda$waitForClusterToBeReady$0(230)) - Waiting for nodes to be ready. Got 0 of 9 DN Heartbeats.
2023-12-21 09:24:29,067 [main] INFO  ozone.MiniOzoneClusterImpl (MiniOzoneClusterImpl.java:lambda$waitForClusterToBeReady$0(233)) - Waiting for cluster to exit safe mode
2023-12-21 09:24:29,067 [main] INFO  ozone.MiniOzoneClusterImpl (MiniOzoneClusterImpl.java:lambda$waitForClusterToBeReady$0(235)) - SCM became leader
2023-12-21 09:24:29,339 [6ad9de2f-8cae-4626-ab4a-3c10d9751b2a-EndpointStateMachineTaskThread-/0.0.0.0:15180-0 ] INFO  utils.DatanodeStoreCache (DatanodeStoreCache.java:addDB(66)) - Added db /home/runner/work/ozone/ozone/hadoop-ozone/integration-test/target/test-dir/MiniOzoneClusterImpl-e4d55aeb-da58-408a-87dd-e45f7ef8a31a/datanode-0/data-0/containers/hdds/e4d55aeb-da58-408a-87dd-e45f7ef8a31a/DS-95ccec9f-17a4-4fef-b98e-665e78fa39cc/container.db to cache
2023-12-21 09:24:29,339 [6ad9de2f-8cae-4626-ab4a-3c10d9751b2a-EndpointStateMachineTaskThread-/0.0.0.0:15180-0 ] INFO  volume.HddsVolume (HddsVolume.java:createDbStore(422)) - SchemaV3 db is created and loaded at /home/runner/work/ozone/ozone/hadoop-ozone/integration-test/target/test-dir/MiniOzoneClusterImpl-e4d55aeb-da58-408a-87dd-e45f7ef8a31a/datanode-0/data-0/containers/hdds/e4d55aeb-da58-408a-87dd-e45f7ef8a31a/DS-95ccec9f-17a4-4fef-b98e-665e78fa39cc/container.db for volume DS-95ccec9f-17a4-4fef-b98e-665e78fa39cc
2023-12-21 09:24:29,341 [6ad9de2f-8cae-4626-ab4a-3c10d9751b2a-EndpointStateMachineTaskThread-/0.0.0.0:15180-0 ] INFO  volume.ThrottledAsyncChecker (ThrottledAsyncChecker.java:schedule(141)) - Scheduling a check for /home/runner/work/ozone/ozone/hadoop-ozone/integration-test/target/test-dir/MiniOzoneClusterImpl-e4d55aeb-da58-408a-87dd-e45f7ef8a31a/datanode-0/data-0/containers/hdds
2023-12-21 09:24:29,341 [6ad9de2f-8cae-4626-ab4a-3c10d9751b2a-EndpointStateMachineTaskThread-/0.0.0.0:15180-0 ] INFO  volume.StorageVolumeChecker (StorageVolumeChecker.java:checkAllVolumes(218)) - Scheduled health check for volume /home/runner/work/ozone/ozone/hadoop-ozone/integration-test/target/test-dir/MiniOzoneClusterImpl-e4d55aeb-da58-408a-87dd-e45f7ef8a31a/datanode-0/data-0/containers/hdds
2023-12-21 09:24:29,342 [6ad9de2f-8cae-4626-ab4a-3c10d9751b2a-EndpointStateMachineTaskThread-/0.0.0.0:15180-0 ] INFO  volume.ThrottledAsyncChecker (ThrottledAsyncChecker.java:schedule(141)) - Scheduling a check for /home/runner/work/ozone/ozone/hadoop-ozone/integration-test/target/test-dir/MiniOzoneClusterImpl-e4d55aeb-da58-408a-87dd-e45f7ef8a31a/datanode-0/data/ratis
2023-12-21 09:24:29,343 [6ad9de2f-8cae-4626-ab4a-3c10d9751b2a-EndpointStateMachineTaskThread-/0.0.0.0:15180-0 ] INFO  volume.StorageVolumeChecker (StorageVolumeChecker.java:checkAllVolumes(218)) - Scheduled health check for volume /home/runner/work/ozone/ozone/hadoop-ozone/integration-test/target/test-dir/MiniOzoneClusterImpl-e4d55aeb-da58-408a-87dd-e45f7ef8a31a/datanode-0/data/ratis
2023-12-21 09:24:29,343 [6ad9de2f-8cae-4626-ab4a-3c10d9751b2a-EndpointStateMachineTaskThread-/0.0.0.0:15180-0 ] INFO  ozoneimpl.OzoneContainer (OzoneContainer.java:start(441)) - Attempting to start container services.
2023-12-21 09:24:29,343 [6ad9de2f-8cae-4626-ab4a-3c10d9751b2a-EndpointStateMachineTaskThread-/0.0.0.0:15180-0 ] INFO  ozoneimpl.OzoneContainer (OzoneContainer.java:startContainerScrub(337)) - Scheduled background container scanners and the on-demand container scanner have been disabled.
2023-12-21 09:24:29,344 [6ad9de2f-8cae-4626-ab4a-3c10d9751b2a-EndpointStateMachineTaskThread-/0.0.0.0:15180-0 ] INFO  replication.ReplicationServer (ReplicationServer.java:start(139)) - ReplicationServer is started using port 15194
2023-12-21 09:24:29,344 [6ad9de2f-8cae-4626-ab4a-3c10d9751b2a-EndpointStateMachineTaskThread-/0.0.0.0:15180-0 ] INFO  ratis.XceiverServerRatis (XceiverServerRatis.java:start(548)) - Starting XceiverServerRatis 6ad9de2f-8cae-4626-ab4a-3c10d9751b2a
2023-12-21 09:24:29,344 [6ad9de2f-8cae-4626-ab4a-3c10d9751b2a-EndpointStateMachineTaskThread-/0.0.0.0:15180-0 ] INFO  server.RaftServer (RaftServerProxy.java:startImpl(406)) - 6ad9de2f-8cae-4626-ab4a-3c10d9751b2a: start RPC server
2023-12-21 09:24:29,345 [6ad9de2f-8cae-4626-ab4a-3c10d9751b2a-EndpointStateMachineTaskThread-/0.0.0.0:15180-0 ] INFO  server.GrpcService (GrpcService.java:startImpl(302)) - 6ad9de2f-8cae-4626-ab4a-3c10d9751b2a: GrpcService started, listening on 15190
2023-12-21 09:24:29,345 [6ad9de2f-8cae-4626-ab4a-3c10d9751b2a-EndpointStateMachineTaskThread-/0.0.0.0:15180-0 ] INFO  server.GrpcService (GrpcService.java:startImpl(302)) - 6ad9de2f-8cae-4626-ab4a-3c10d9751b2a: GrpcService started, listening on 15192
2023-12-21 09:24:29,345 [6ad9de2f-8cae-4626-ab4a-3c10d9751b2a-EndpointStateMachineTaskThread-/0.0.0.0:15180-0 ] INFO  server.GrpcService (GrpcService.java:startImpl(302)) - 6ad9de2f-8cae-4626-ab4a-3c10d9751b2a: GrpcService started, listening on 15191
2023-12-21 09:24:29,345 [6ad9de2f-8cae-4626-ab4a-3c10d9751b2a-EndpointStateMachineTaskThread-/0.0.0.0:15180-0 ] INFO  ratis.XceiverServerRatis (XceiverServerRatis.java:getRealPort(574)) - XceiverServerRatis 6ad9de2f-8cae-4626-ab4a-3c10d9751b2a is started using port 15190 for RATIS
2023-12-21 09:24:29,345 [JvmPauseMonitor24] INFO  util.JvmPauseMonitor (JvmPauseMonitor.java:run(146)) - JvmPauseMonitor-6ad9de2f-8cae-4626-ab4a-3c10d9751b2a: Started
2023-12-21 09:24:29,345 [6ad9de2f-8cae-4626-ab4a-3c10d9751b2a-EndpointStateMachineTaskThread-/0.0.0.0:15180-0 ] INFO  ratis.XceiverServerRatis (XceiverServerRatis.java:getRealPort(574)) - XceiverServerRatis 6ad9de2f-8cae-4626-ab4a-3c10d9751b2a is started using port 15191 for RATIS_ADMIN
2023-12-21 09:24:29,345 [6ad9de2f-8cae-4626-ab4a-3c10d9751b2a-EndpointStateMachineTaskThread-/0.0.0.0:15180-0 ] INFO  ratis.XceiverServerRatis (XceiverServerRatis.java:getRealPort(574)) - XceiverServerRatis 6ad9de2f-8cae-4626-ab4a-3c10d9751b2a is started using port 15192 for RATIS_SERVER
2023-12-21 09:24:29,345 [6ad9de2f-8cae-4626-ab4a-3c10d9751b2a-EndpointStateMachineTaskThread-/0.0.0.0:15180-0 ] INFO  ratis.XceiverServerRatis (XceiverServerRatis.java:getRealPort(574)) - XceiverServerRatis 6ad9de2f-8cae-4626-ab4a-3c10d9751b2a is started using port 15193 for RATIS_DATASTREAM
2023-12-21 09:24:29,346 [6ad9de2f-8cae-4626-ab4a-3c10d9751b2a-BlockDeletingService#0] INFO  interfaces.ContainerDeletionChoosingPolicyTemplate (ContainerDeletionChoosingPolicyTemplate.java:chooseContainerForBlockDeletion(85)) - Chosen 0/5000 blocks from 0 candidate containers.
2023-12-21 09:24:29,444 [35bb34bc-f9d7-49f2-90a3-8bcd6ca0b53b-EndpointStateMachineTaskThread-/0.0.0.0:15180-0 ] INFO  utils.DatanodeStoreCache (DatanodeStoreCache.java:addDB(66)) - Added db /home/runner/work/ozone/ozone/hadoop-ozone/integration-test/target/test-dir/MiniOzoneClusterImpl-e4d55aeb-da58-408a-87dd-e45f7ef8a31a/datanode-1/data-0/containers/hdds/e4d55aeb-da58-408a-87dd-e45f7ef8a31a/DS-2c92598a-3957-4149-bc77-9c98b1f6cbf3/container.db to cache
2023-12-21 09:24:29,444 [35bb34bc-f9d7-49f2-90a3-8bcd6ca0b53b-EndpointStateMachineTaskThread-/0.0.0.0:15180-0 ] INFO  volume.HddsVolume (HddsVolume.java:createDbStore(422)) - SchemaV3 db is created and loaded at /home/runner/work/ozone/ozone/hadoop-ozone/integration-test/target/test-dir/MiniOzoneClusterImpl-e4d55aeb-da58-408a-87dd-e45f7ef8a31a/datanode-1/data-0/containers/hdds/e4d55aeb-da58-408a-87dd-e45f7ef8a31a/DS-2c92598a-3957-4149-bc77-9c98b1f6cbf3/container.db for volume DS-2c92598a-3957-4149-bc77-9c98b1f6cbf3
2023-12-21 09:24:29,446 [35bb34bc-f9d7-49f2-90a3-8bcd6ca0b53b-EndpointStateMachineTaskThread-/0.0.0.0:15180-0 ] INFO  volume.ThrottledAsyncChecker (ThrottledAsyncChecker.java:schedule(141)) - Scheduling a check for /home/runner/work/ozone/ozone/hadoop-ozone/integration-test/target/test-dir/MiniOzoneClusterImpl-e4d55aeb-da58-408a-87dd-e45f7ef8a31a/datanode-1/data-0/containers/hdds
2023-12-21 09:24:29,446 [35bb34bc-f9d7-49f2-90a3-8bcd6ca0b53b-EndpointStateMachineTaskThread-/0.0.0.0:15180-0 ] INFO  volume.StorageVolumeChecker (StorageVolumeChecker.java:checkAllVolumes(218)) - Scheduled health check for volume /home/runner/work/ozone/ozone/hadoop-ozone/integration-test/target/test-dir/MiniOzoneClusterImpl-e4d55aeb-da58-408a-87dd-e45f7ef8a31a/datanode-1/data-0/containers/hdds
2023-12-21 09:24:29,449 [35bb34bc-f9d7-49f2-90a3-8bcd6ca0b53b-EndpointStateMachineTaskThread-/0.0.0.0:15180-0 ] INFO  volume.ThrottledAsyncChecker (ThrottledAsyncChecker.java:schedule(141)) - Scheduling a check for /home/runner/work/ozone/ozone/hadoop-ozone/integration-test/target/test-dir/MiniOzoneClusterImpl-e4d55aeb-da58-408a-87dd-e45f7ef8a31a/datanode-1/data/ratis
2023-12-21 09:24:29,449 [35bb34bc-f9d7-49f2-90a3-8bcd6ca0b53b-EndpointStateMachineTaskThread-/0.0.0.0:15180-0 ] INFO  volume.StorageVolumeChecker (StorageVolumeChecker.java:checkAllVolumes(218)) - Scheduled health check for volume /home/runner/work/ozone/ozone/hadoop-ozone/integration-test/target/test-dir/MiniOzoneClusterImpl-e4d55aeb-da58-408a-87dd-e45f7ef8a31a/datanode-1/data/ratis
2023-12-21 09:24:29,449 [35bb34bc-f9d7-49f2-90a3-8bcd6ca0b53b-EndpointStateMachineTaskThread-/0.0.0.0:15180-0 ] INFO  ozoneimpl.OzoneContainer (OzoneContainer.java:start(441)) - Attempting to start container services.
2023-12-21 09:24:29,450 [35bb34bc-f9d7-49f2-90a3-8bcd6ca0b53b-EndpointStateMachineTaskThread-/0.0.0.0:15180-0 ] INFO  ozoneimpl.OzoneContainer (OzoneContainer.java:startContainerScrub(337)) - Scheduled background container scanners and the on-demand container scanner have been disabled.
2023-12-21 09:24:29,450 [35bb34bc-f9d7-49f2-90a3-8bcd6ca0b53b-EndpointStateMachineTaskThread-/0.0.0.0:15180-0 ] INFO  replication.ReplicationServer (ReplicationServer.java:start(139)) - ReplicationServer is started using port 15203
2023-12-21 09:24:29,450 [35bb34bc-f9d7-49f2-90a3-8bcd6ca0b53b-EndpointStateMachineTaskThread-/0.0.0.0:15180-0 ] INFO  ratis.XceiverServerRatis (XceiverServerRatis.java:start(548)) - Starting XceiverServerRatis 35bb34bc-f9d7-49f2-90a3-8bcd6ca0b53b
2023-12-21 09:24:29,451 [35bb34bc-f9d7-49f2-90a3-8bcd6ca0b53b-EndpointStateMachineTaskThread-/0.0.0.0:15180-0 ] INFO  server.RaftServer (RaftServerProxy.java:startImpl(406)) - 35bb34bc-f9d7-49f2-90a3-8bcd6ca0b53b: start RPC server
2023-12-21 09:24:29,451 [35bb34bc-f9d7-49f2-90a3-8bcd6ca0b53b-EndpointStateMachineTaskThread-/0.0.0.0:15180-0 ] INFO  server.GrpcService (GrpcService.java:startImpl(302)) - 35bb34bc-f9d7-49f2-90a3-8bcd6ca0b53b: GrpcService started, listening on 15199
2023-12-21 09:24:29,451 [35bb34bc-f9d7-49f2-90a3-8bcd6ca0b53b-EndpointStateMachineTaskThread-/0.0.0.0:15180-0 ] INFO  server.GrpcService (GrpcService.java:startImpl(302)) - 35bb34bc-f9d7-49f2-90a3-8bcd6ca0b53b: GrpcService started, listening on 15201
2023-12-21 09:24:29,451 [35bb34bc-f9d7-49f2-90a3-8bcd6ca0b53b-EndpointStateMachineTaskThread-/0.0.0.0:15180-0 ] INFO  server.GrpcService (GrpcService.java:startImpl(302)) - 35bb34bc-f9d7-49f2-90a3-8bcd6ca0b53b: GrpcService started, listening on 15200
2023-12-21 09:24:29,452 [35bb34bc-f9d7-49f2-90a3-8bcd6ca0b53b-EndpointStateMachineTaskThread-/0.0.0.0:15180-0 ] INFO  ratis.XceiverServerRatis (XceiverServerRatis.java:getRealPort(574)) - XceiverServerRatis 35bb34bc-f9d7-49f2-90a3-8bcd6ca0b53b is started using port 15199 for RATIS
2023-12-21 09:24:29,452 [35bb34bc-f9d7-49f2-90a3-8bcd6ca0b53b-EndpointStateMachineTaskThread-/0.0.0.0:15180-0 ] INFO  ratis.XceiverServerRatis (XceiverServerRatis.java:getRealPort(574)) - XceiverServerRatis 35bb34bc-f9d7-49f2-90a3-8bcd6ca0b53b is started using port 15200 for RATIS_ADMIN
2023-12-21 09:24:29,452 [35bb34bc-f9d7-49f2-90a3-8bcd6ca0b53b-EndpointStateMachineTaskThread-/0.0.0.0:15180-0 ] INFO  ratis.XceiverServerRatis (XceiverServerRatis.java:getRealPort(574)) - XceiverServerRatis 35bb34bc-f9d7-49f2-90a3-8bcd6ca0b53b is started using port 15201 for RATIS_SERVER
2023-12-21 09:24:29,452 [35bb34bc-f9d7-49f2-90a3-8bcd6ca0b53b-EndpointStateMachineTaskThread-/0.0.0.0:15180-0 ] INFO  ratis.XceiverServerRatis (XceiverServerRatis.java:getRealPort(574)) - XceiverServerRatis 35bb34bc-f9d7-49f2-90a3-8bcd6ca0b53b is started using port 15202 for RATIS_DATASTREAM
2023-12-21 09:24:29,452 [JvmPauseMonitor25] INFO  util.JvmPauseMonitor (JvmPauseMonitor.java:run(146)) - JvmPauseMonitor-35bb34bc-f9d7-49f2-90a3-8bcd6ca0b53b: Started
2023-12-21 09:24:29,453 [35bb34bc-f9d7-49f2-90a3-8bcd6ca0b53b-BlockDeletingService#0] INFO  interfaces.ContainerDeletionChoosingPolicyTemplate (ContainerDeletionChoosingPolicyTemplate.java:chooseContainerForBlockDeletion(85)) - Chosen 0/5000 blocks from 0 candidate containers.
2023-12-21 09:24:29,534 [981caf93-6f40-449f-9dad-f58530f26ff1-EndpointStateMachineTaskThread-/0.0.0.0:15180-0 ] INFO  utils.DatanodeStoreCache (DatanodeStoreCache.java:addDB(66)) - Added db /home/runner/work/ozone/ozone/hadoop-ozone/integration-test/target/test-dir/MiniOzoneClusterImpl-e4d55aeb-da58-408a-87dd-e45f7ef8a31a/datanode-2/data-0/containers/hdds/e4d55aeb-da58-408a-87dd-e45f7ef8a31a/DS-ad85b346-f1be-451d-a8a6-a246056a8a3c/container.db to cache
2023-12-21 09:24:29,534 [981caf93-6f40-449f-9dad-f58530f26ff1-EndpointStateMachineTaskThread-/0.0.0.0:15180-0 ] INFO  volume.HddsVolume (HddsVolume.java:createDbStore(422)) - SchemaV3 db is created and loaded at /home/runner/work/ozone/ozone/hadoop-ozone/integration-test/target/test-dir/MiniOzoneClusterImpl-e4d55aeb-da58-408a-87dd-e45f7ef8a31a/datanode-2/data-0/containers/hdds/e4d55aeb-da58-408a-87dd-e45f7ef8a31a/DS-ad85b346-f1be-451d-a8a6-a246056a8a3c/container.db for volume DS-ad85b346-f1be-451d-a8a6-a246056a8a3c
2023-12-21 09:24:29,536 [981caf93-6f40-449f-9dad-f58530f26ff1-EndpointStateMachineTaskThread-/0.0.0.0:15180-0 ] INFO  volume.ThrottledAsyncChecker (ThrottledAsyncChecker.java:schedule(141)) - Scheduling a check for /home/runner/work/ozone/ozone/hadoop-ozone/integration-test/target/test-dir/MiniOzoneClusterImpl-e4d55aeb-da58-408a-87dd-e45f7ef8a31a/datanode-2/data-0/containers/hdds
2023-12-21 09:24:29,536 [981caf93-6f40-449f-9dad-f58530f26ff1-EndpointStateMachineTaskThread-/0.0.0.0:15180-0 ] INFO  volume.StorageVolumeChecker (StorageVolumeChecker.java:checkAllVolumes(218)) - Scheduled health check for volume /home/runner/work/ozone/ozone/hadoop-ozone/integration-test/target/test-dir/MiniOzoneClusterImpl-e4d55aeb-da58-408a-87dd-e45f7ef8a31a/datanode-2/data-0/containers/hdds
2023-12-21 09:24:29,537 [981caf93-6f40-449f-9dad-f58530f26ff1-EndpointStateMachineTaskThread-/0.0.0.0:15180-0 ] INFO  volume.ThrottledAsyncChecker (ThrottledAsyncChecker.java:schedule(141)) - Scheduling a check for /home/runner/work/ozone/ozone/hadoop-ozone/integration-test/target/test-dir/MiniOzoneClusterImpl-e4d55aeb-da58-408a-87dd-e45f7ef8a31a/datanode-2/data/ratis
2023-12-21 09:24:29,537 [981caf93-6f40-449f-9dad-f58530f26ff1-EndpointStateMachineTaskThread-/0.0.0.0:15180-0 ] INFO  volume.StorageVolumeChecker (StorageVolumeChecker.java:checkAllVolumes(218)) - Scheduled health check for volume /home/runner/work/ozone/ozone/hadoop-ozone/integration-test/target/test-dir/MiniOzoneClusterImpl-e4d55aeb-da58-408a-87dd-e45f7ef8a31a/datanode-2/data/ratis
2023-12-21 09:24:29,538 [981caf93-6f40-449f-9dad-f58530f26ff1-EndpointStateMachineTaskThread-/0.0.0.0:15180-0 ] INFO  ozoneimpl.OzoneContainer (OzoneContainer.java:start(441)) - Attempting to start container services.
2023-12-21 09:24:29,538 [981caf93-6f40-449f-9dad-f58530f26ff1-EndpointStateMachineTaskThread-/0.0.0.0:15180-0 ] INFO  ozoneimpl.OzoneContainer (OzoneContainer.java:startContainerScrub(337)) - Scheduled background container scanners and the on-demand container scanner have been disabled.
2023-12-21 09:24:29,538 [981caf93-6f40-449f-9dad-f58530f26ff1-EndpointStateMachineTaskThread-/0.0.0.0:15180-0 ] INFO  replication.ReplicationServer (ReplicationServer.java:start(139)) - ReplicationServer is started using port 15212
2023-12-21 09:24:29,538 [981caf93-6f40-449f-9dad-f58530f26ff1-EndpointStateMachineTaskThread-/0.0.0.0:15180-0 ] INFO  ratis.XceiverServerRatis (XceiverServerRatis.java:start(548)) - Starting XceiverServerRatis 981caf93-6f40-449f-9dad-f58530f26ff1
2023-12-21 09:24:29,539 [981caf93-6f40-449f-9dad-f58530f26ff1-EndpointStateMachineTaskThread-/0.0.0.0:15180-0 ] INFO  server.RaftServer (RaftServerProxy.java:startImpl(406)) - 981caf93-6f40-449f-9dad-f58530f26ff1: start RPC server
2023-12-21 09:24:29,539 [981caf93-6f40-449f-9dad-f58530f26ff1-EndpointStateMachineTaskThread-/0.0.0.0:15180-0 ] INFO  server.GrpcService (GrpcService.java:startImpl(302)) - 981caf93-6f40-449f-9dad-f58530f26ff1: GrpcService started, listening on 15208
2023-12-21 09:24:29,539 [981caf93-6f40-449f-9dad-f58530f26ff1-EndpointStateMachineTaskThread-/0.0.0.0:15180-0 ] INFO  server.GrpcService (GrpcService.java:startImpl(302)) - 981caf93-6f40-449f-9dad-f58530f26ff1: GrpcService started, listening on 15210
2023-12-21 09:24:29,539 [981caf93-6f40-449f-9dad-f58530f26ff1-EndpointStateMachineTaskThread-/0.0.0.0:15180-0 ] INFO  server.GrpcService (GrpcService.java:startImpl(302)) - 981caf93-6f40-449f-9dad-f58530f26ff1: GrpcService started, listening on 15209
2023-12-21 09:24:29,539 [981caf93-6f40-449f-9dad-f58530f26ff1-EndpointStateMachineTaskThread-/0.0.0.0:15180-0 ] INFO  ratis.XceiverServerRatis (XceiverServerRatis.java:getRealPort(574)) - XceiverServerRatis 981caf93-6f40-449f-9dad-f58530f26ff1 is started using port 15208 for RATIS
2023-12-21 09:24:29,539 [JvmPauseMonitor26] INFO  util.JvmPauseMonitor (JvmPauseMonitor.java:run(146)) - JvmPauseMonitor-981caf93-6f40-449f-9dad-f58530f26ff1: Started
2023-12-21 09:24:29,540 [981caf93-6f40-449f-9dad-f58530f26ff1-EndpointStateMachineTaskThread-/0.0.0.0:15180-0 ] INFO  ratis.XceiverServerRatis (XceiverServerRatis.java:getRealPort(574)) - XceiverServerRatis 981caf93-6f40-449f-9dad-f58530f26ff1 is started using port 15209 for RATIS_ADMIN
2023-12-21 09:24:29,540 [981caf93-6f40-449f-9dad-f58530f26ff1-EndpointStateMachineTaskThread-/0.0.0.0:15180-0 ] INFO  ratis.XceiverServerRatis (XceiverServerRatis.java:getRealPort(574)) - XceiverServerRatis 981caf93-6f40-449f-9dad-f58530f26ff1 is started using port 15210 for RATIS_SERVER
2023-12-21 09:24:29,540 [981caf93-6f40-449f-9dad-f58530f26ff1-EndpointStateMachineTaskThread-/0.0.0.0:15180-0 ] INFO  ratis.XceiverServerRatis (XceiverServerRatis.java:getRealPort(574)) - XceiverServerRatis 981caf93-6f40-449f-9dad-f58530f26ff1 is started using port 15211 for RATIS_DATASTREAM
2023-12-21 09:24:29,541 [981caf93-6f40-449f-9dad-f58530f26ff1-BlockDeletingService#0] INFO  interfaces.ContainerDeletionChoosingPolicyTemplate (ContainerDeletionChoosingPolicyTemplate.java:chooseContainerForBlockDeletion(85)) - Chosen 0/5000 blocks from 0 candidate containers.
2023-12-21 09:24:29,626 [560c1385-c518-4739-80f6-d98c5390378b-EndpointStateMachineTaskThread-/0.0.0.0:15180-0 ] INFO  utils.DatanodeStoreCache (DatanodeStoreCache.java:addDB(66)) - Added db /home/runner/work/ozone/ozone/hadoop-ozone/integration-test/target/test-dir/MiniOzoneClusterImpl-e4d55aeb-da58-408a-87dd-e45f7ef8a31a/datanode-3/data-0/containers/hdds/e4d55aeb-da58-408a-87dd-e45f7ef8a31a/DS-5b380043-f08b-4a67-9580-c9c602b57f84/container.db to cache
2023-12-21 09:24:29,627 [560c1385-c518-4739-80f6-d98c5390378b-EndpointStateMachineTaskThread-/0.0.0.0:15180-0 ] INFO  volume.HddsVolume (HddsVolume.java:createDbStore(422)) - SchemaV3 db is created and loaded at /home/runner/work/ozone/ozone/hadoop-ozone/integration-test/target/test-dir/MiniOzoneClusterImpl-e4d55aeb-da58-408a-87dd-e45f7ef8a31a/datanode-3/data-0/containers/hdds/e4d55aeb-da58-408a-87dd-e45f7ef8a31a/DS-5b380043-f08b-4a67-9580-c9c602b57f84/container.db for volume DS-5b380043-f08b-4a67-9580-c9c602b57f84
2023-12-21 09:24:29,628 [560c1385-c518-4739-80f6-d98c5390378b-EndpointStateMachineTaskThread-/0.0.0.0:15180-0 ] INFO  volume.ThrottledAsyncChecker (ThrottledAsyncChecker.java:schedule(141)) - Scheduling a check for /home/runner/work/ozone/ozone/hadoop-ozone/integration-test/target/test-dir/MiniOzoneClusterImpl-e4d55aeb-da58-408a-87dd-e45f7ef8a31a/datanode-3/data-0/containers/hdds
2023-12-21 09:24:29,628 [560c1385-c518-4739-80f6-d98c5390378b-EndpointStateMachineTaskThread-/0.0.0.0:15180-0 ] INFO  volume.StorageVolumeChecker (StorageVolumeChecker.java:checkAllVolumes(218)) - Scheduled health check for volume /home/runner/work/ozone/ozone/hadoop-ozone/integration-test/target/test-dir/MiniOzoneClusterImpl-e4d55aeb-da58-408a-87dd-e45f7ef8a31a/datanode-3/data-0/containers/hdds
2023-12-21 09:24:29,629 [560c1385-c518-4739-80f6-d98c5390378b-EndpointStateMachineTaskThread-/0.0.0.0:15180-0 ] INFO  volume.ThrottledAsyncChecker (ThrottledAsyncChecker.java:schedule(141)) - Scheduling a check for /home/runner/work/ozone/ozone/hadoop-ozone/integration-test/target/test-dir/MiniOzoneClusterImpl-e4d55aeb-da58-408a-87dd-e45f7ef8a31a/datanode-3/data/ratis
2023-12-21 09:24:29,629 [560c1385-c518-4739-80f6-d98c5390378b-EndpointStateMachineTaskThread-/0.0.0.0:15180-0 ] INFO  volume.StorageVolumeChecker (StorageVolumeChecker.java:checkAllVolumes(218)) - Scheduled health check for volume /home/runner/work/ozone/ozone/hadoop-ozone/integration-test/target/test-dir/MiniOzoneClusterImpl-e4d55aeb-da58-408a-87dd-e45f7ef8a31a/datanode-3/data/ratis
2023-12-21 09:24:29,630 [560c1385-c518-4739-80f6-d98c5390378b-EndpointStateMachineTaskThread-/0.0.0.0:15180-0 ] INFO  ozoneimpl.OzoneContainer (OzoneContainer.java:start(441)) - Attempting to start container services.
2023-12-21 09:24:29,630 [560c1385-c518-4739-80f6-d98c5390378b-EndpointStateMachineTaskThread-/0.0.0.0:15180-0 ] INFO  ozoneimpl.OzoneContainer (OzoneContainer.java:startContainerScrub(337)) - Scheduled background container scanners and the on-demand container scanner have been disabled.
2023-12-21 09:24:29,630 [560c1385-c518-4739-80f6-d98c5390378b-EndpointStateMachineTaskThread-/0.0.0.0:15180-0 ] INFO  replication.ReplicationServer (ReplicationServer.java:start(139)) - ReplicationServer is started using port 15221
2023-12-21 09:24:29,630 [560c1385-c518-4739-80f6-d98c5390378b-EndpointStateMachineTaskThread-/0.0.0.0:15180-0 ] INFO  ratis.XceiverServerRatis (XceiverServerRatis.java:start(548)) - Starting XceiverServerRatis 560c1385-c518-4739-80f6-d98c5390378b
2023-12-21 09:24:29,631 [560c1385-c518-4739-80f6-d98c5390378b-EndpointStateMachineTaskThread-/0.0.0.0:15180-0 ] INFO  server.RaftServer (RaftServerProxy.java:startImpl(406)) - 560c1385-c518-4739-80f6-d98c5390378b: start RPC server
2023-12-21 09:24:29,631 [560c1385-c518-4739-80f6-d98c5390378b-EndpointStateMachineTaskThread-/0.0.0.0:15180-0 ] INFO  server.GrpcService (GrpcService.java:startImpl(302)) - 560c1385-c518-4739-80f6-d98c5390378b: GrpcService started, listening on 15217
2023-12-21 09:24:29,631 [560c1385-c518-4739-80f6-d98c5390378b-EndpointStateMachineTaskThread-/0.0.0.0:15180-0 ] INFO  server.GrpcService (GrpcService.java:startImpl(302)) - 560c1385-c518-4739-80f6-d98c5390378b: GrpcService started, listening on 15219
2023-12-21 09:24:29,631 [560c1385-c518-4739-80f6-d98c5390378b-EndpointStateMachineTaskThread-/0.0.0.0:15180-0 ] INFO  server.GrpcService (GrpcService.java:startImpl(302)) - 560c1385-c518-4739-80f6-d98c5390378b: GrpcService started, listening on 15218
2023-12-21 09:24:29,632 [560c1385-c518-4739-80f6-d98c5390378b-EndpointStateMachineTaskThread-/0.0.0.0:15180-0 ] INFO  ratis.XceiverServerRatis (XceiverServerRatis.java:getRealPort(574)) - XceiverServerRatis 560c1385-c518-4739-80f6-d98c5390378b is started using port 15217 for RATIS
2023-12-21 09:24:29,632 [560c1385-c518-4739-80f6-d98c5390378b-EndpointStateMachineTaskThread-/0.0.0.0:15180-0 ] INFO  ratis.XceiverServerRatis (XceiverServerRatis.java:getRealPort(574)) - XceiverServerRatis 560c1385-c518-4739-80f6-d98c5390378b is started using port 15218 for RATIS_ADMIN
2023-12-21 09:24:29,632 [JvmPauseMonitor27] INFO  util.JvmPauseMonitor (JvmPauseMonitor.java:run(146)) - JvmPauseMonitor-560c1385-c518-4739-80f6-d98c5390378b: Started
2023-12-21 09:24:29,632 [560c1385-c518-4739-80f6-d98c5390378b-EndpointStateMachineTaskThread-/0.0.0.0:15180-0 ] INFO  ratis.XceiverServerRatis (XceiverServerRatis.java:getRealPort(574)) - XceiverServerRatis 560c1385-c518-4739-80f6-d98c5390378b is started using port 15219 for RATIS_SERVER
2023-12-21 09:24:29,632 [560c1385-c518-4739-80f6-d98c5390378b-EndpointStateMachineTaskThread-/0.0.0.0:15180-0 ] INFO  ratis.XceiverServerRatis (XceiverServerRatis.java:getRealPort(574)) - XceiverServerRatis 560c1385-c518-4739-80f6-d98c5390378b is started using port 15220 for RATIS_DATASTREAM
2023-12-21 09:24:29,633 [560c1385-c518-4739-80f6-d98c5390378b-BlockDeletingService#0] INFO  interfaces.ContainerDeletionChoosingPolicyTemplate (ContainerDeletionChoosingPolicyTemplate.java:chooseContainerForBlockDeletion(85)) - Chosen 0/5000 blocks from 0 candidate containers.
2023-12-21 09:24:29,723 [4150f76c-1cd9-4d5b-96cd-8dd0a9a12dd3-EndpointStateMachineTaskThread-/0.0.0.0:15180-0 ] INFO  utils.DatanodeStoreCache (DatanodeStoreCache.java:addDB(66)) - Added db /home/runner/work/ozone/ozone/hadoop-ozone/integration-test/target/test-dir/MiniOzoneClusterImpl-e4d55aeb-da58-408a-87dd-e45f7ef8a31a/datanode-4/data-0/containers/hdds/e4d55aeb-da58-408a-87dd-e45f7ef8a31a/DS-7b832cb2-7a83-4615-bbcc-6afa99317b8a/container.db to cache
2023-12-21 09:24:29,723 [4150f76c-1cd9-4d5b-96cd-8dd0a9a12dd3-EndpointStateMachineTaskThread-/0.0.0.0:15180-0 ] INFO  volume.HddsVolume (HddsVolume.java:createDbStore(422)) - SchemaV3 db is created and loaded at /home/runner/work/ozone/ozone/hadoop-ozone/integration-test/target/test-dir/MiniOzoneClusterImpl-e4d55aeb-da58-408a-87dd-e45f7ef8a31a/datanode-4/data-0/containers/hdds/e4d55aeb-da58-408a-87dd-e45f7ef8a31a/DS-7b832cb2-7a83-4615-bbcc-6afa99317b8a/container.db for volume DS-7b832cb2-7a83-4615-bbcc-6afa99317b8a
2023-12-21 09:24:29,724 [4150f76c-1cd9-4d5b-96cd-8dd0a9a12dd3-EndpointStateMachineTaskThread-/0.0.0.0:15180-0 ] INFO  volume.ThrottledAsyncChecker (ThrottledAsyncChecker.java:schedule(141)) - Scheduling a check for /home/runner/work/ozone/ozone/hadoop-ozone/integration-test/target/test-dir/MiniOzoneClusterImpl-e4d55aeb-da58-408a-87dd-e45f7ef8a31a/datanode-4/data-0/containers/hdds
2023-12-21 09:24:29,724 [4150f76c-1cd9-4d5b-96cd-8dd0a9a12dd3-EndpointStateMachineTaskThread-/0.0.0.0:15180-0 ] INFO  volume.StorageVolumeChecker (StorageVolumeChecker.java:checkAllVolumes(218)) - Scheduled health check for volume /home/runner/work/ozone/ozone/hadoop-ozone/integration-test/target/test-dir/MiniOzoneClusterImpl-e4d55aeb-da58-408a-87dd-e45f7ef8a31a/datanode-4/data-0/containers/hdds
2023-12-21 09:24:29,726 [4150f76c-1cd9-4d5b-96cd-8dd0a9a12dd3-EndpointStateMachineTaskThread-/0.0.0.0:15180-0 ] INFO  volume.ThrottledAsyncChecker (ThrottledAsyncChecker.java:schedule(141)) - Scheduling a check for /home/runner/work/ozone/ozone/hadoop-ozone/integration-test/target/test-dir/MiniOzoneClusterImpl-e4d55aeb-da58-408a-87dd-e45f7ef8a31a/datanode-4/data/ratis
2023-12-21 09:24:29,726 [4150f76c-1cd9-4d5b-96cd-8dd0a9a12dd3-EndpointStateMachineTaskThread-/0.0.0.0:15180-0 ] INFO  volume.StorageVolumeChecker (StorageVolumeChecker.java:checkAllVolumes(218)) - Scheduled health check for volume /home/runner/work/ozone/ozone/hadoop-ozone/integration-test/target/test-dir/MiniOzoneClusterImpl-e4d55aeb-da58-408a-87dd-e45f7ef8a31a/datanode-4/data/ratis
2023-12-21 09:24:29,726 [4150f76c-1cd9-4d5b-96cd-8dd0a9a12dd3-EndpointStateMachineTaskThread-/0.0.0.0:15180-0 ] INFO  ozoneimpl.OzoneContainer (OzoneContainer.java:start(441)) - Attempting to start container services.
2023-12-21 09:24:29,727 [4150f76c-1cd9-4d5b-96cd-8dd0a9a12dd3-EndpointStateMachineTaskThread-/0.0.0.0:15180-0 ] INFO  ozoneimpl.OzoneContainer (OzoneContainer.java:startContainerScrub(337)) - Scheduled background container scanners and the on-demand container scanner have been disabled.
2023-12-21 09:24:29,727 [4150f76c-1cd9-4d5b-96cd-8dd0a9a12dd3-EndpointStateMachineTaskThread-/0.0.0.0:15180-0 ] INFO  replication.ReplicationServer (ReplicationServer.java:start(139)) - ReplicationServer is started using port 15230
2023-12-21 09:24:29,727 [4150f76c-1cd9-4d5b-96cd-8dd0a9a12dd3-EndpointStateMachineTaskThread-/0.0.0.0:15180-0 ] INFO  ratis.XceiverServerRatis (XceiverServerRatis.java:start(548)) - Starting XceiverServerRatis 4150f76c-1cd9-4d5b-96cd-8dd0a9a12dd3
2023-12-21 09:24:29,727 [4150f76c-1cd9-4d5b-96cd-8dd0a9a12dd3-EndpointStateMachineTaskThread-/0.0.0.0:15180-0 ] INFO  server.RaftServer (RaftServerProxy.java:startImpl(406)) - 4150f76c-1cd9-4d5b-96cd-8dd0a9a12dd3: start RPC server
2023-12-21 09:24:29,728 [4150f76c-1cd9-4d5b-96cd-8dd0a9a12dd3-EndpointStateMachineTaskThread-/0.0.0.0:15180-0 ] INFO  server.GrpcService (GrpcService.java:startImpl(302)) - 4150f76c-1cd9-4d5b-96cd-8dd0a9a12dd3: GrpcService started, listening on 15226
2023-12-21 09:24:29,728 [4150f76c-1cd9-4d5b-96cd-8dd0a9a12dd3-EndpointStateMachineTaskThread-/0.0.0.0:15180-0 ] INFO  server.GrpcService (GrpcService.java:startImpl(302)) - 4150f76c-1cd9-4d5b-96cd-8dd0a9a12dd3: GrpcService started, listening on 15228
2023-12-21 09:24:29,728 [4150f76c-1cd9-4d5b-96cd-8dd0a9a12dd3-EndpointStateMachineTaskThread-/0.0.0.0:15180-0 ] INFO  server.GrpcService (GrpcService.java:startImpl(302)) - 4150f76c-1cd9-4d5b-96cd-8dd0a9a12dd3: GrpcService started, listening on 15227
2023-12-21 09:24:29,728 [4150f76c-1cd9-4d5b-96cd-8dd0a9a12dd3-EndpointStateMachineTaskThread-/0.0.0.0:15180-0 ] INFO  ratis.XceiverServerRatis (XceiverServerRatis.java:getRealPort(574)) - XceiverServerRatis 4150f76c-1cd9-4d5b-96cd-8dd0a9a12dd3 is started using port 15226 for RATIS
2023-12-21 09:24:29,728 [JvmPauseMonitor28] INFO  util.JvmPauseMonitor (JvmPauseMonitor.java:run(146)) - JvmPauseMonitor-4150f76c-1cd9-4d5b-96cd-8dd0a9a12dd3: Started
2023-12-21 09:24:29,728 [4150f76c-1cd9-4d5b-96cd-8dd0a9a12dd3-EndpointStateMachineTaskThread-/0.0.0.0:15180-0 ] INFO  ratis.XceiverServerRatis (XceiverServerRatis.java:getRealPort(574)) - XceiverServerRatis 4150f76c-1cd9-4d5b-96cd-8dd0a9a12dd3 is started using port 15227 for RATIS_ADMIN
2023-12-21 09:24:29,729 [4150f76c-1cd9-4d5b-96cd-8dd0a9a12dd3-EndpointStateMachineTaskThread-/0.0.0.0:15180-0 ] INFO  ratis.XceiverServerRatis (XceiverServerRatis.java:getRealPort(574)) - XceiverServerRatis 4150f76c-1cd9-4d5b-96cd-8dd0a9a12dd3 is started using port 15228 for RATIS_SERVER
2023-12-21 09:24:29,729 [4150f76c-1cd9-4d5b-96cd-8dd0a9a12dd3-EndpointStateMachineTaskThread-/0.0.0.0:15180-0 ] INFO  ratis.XceiverServerRatis (XceiverServerRatis.java:getRealPort(574)) - XceiverServerRatis 4150f76c-1cd9-4d5b-96cd-8dd0a9a12dd3 is started using port 15229 for RATIS_DATASTREAM
2023-12-21 09:24:29,729 [4150f76c-1cd9-4d5b-96cd-8dd0a9a12dd3-BlockDeletingService#0] INFO  interfaces.ContainerDeletionChoosingPolicyTemplate (ContainerDeletionChoosingPolicyTemplate.java:chooseContainerForBlockDeletion(85)) - Chosen 0/5000 blocks from 0 candidate containers.
2023-12-21 09:24:29,817 [317bf553-3d1a-400b-8f1e-6110842f6590-EndpointStateMachineTaskThread-/0.0.0.0:15180-0 ] INFO  utils.DatanodeStoreCache (DatanodeStoreCache.java:addDB(66)) - Added db /home/runner/work/ozone/ozone/hadoop-ozone/integration-test/target/test-dir/MiniOzoneClusterImpl-e4d55aeb-da58-408a-87dd-e45f7ef8a31a/datanode-5/data-0/containers/hdds/e4d55aeb-da58-408a-87dd-e45f7ef8a31a/DS-10e99caa-d716-46fd-bf07-0740551b0ec6/container.db to cache
2023-12-21 09:24:29,817 [317bf553-3d1a-400b-8f1e-6110842f6590-EndpointStateMachineTaskThread-/0.0.0.0:15180-0 ] INFO  volume.HddsVolume (HddsVolume.java:createDbStore(422)) - SchemaV3 db is created and loaded at /home/runner/work/ozone/ozone/hadoop-ozone/integration-test/target/test-dir/MiniOzoneClusterImpl-e4d55aeb-da58-408a-87dd-e45f7ef8a31a/datanode-5/data-0/containers/hdds/e4d55aeb-da58-408a-87dd-e45f7ef8a31a/DS-10e99caa-d716-46fd-bf07-0740551b0ec6/container.db for volume DS-10e99caa-d716-46fd-bf07-0740551b0ec6
2023-12-21 09:24:29,818 [317bf553-3d1a-400b-8f1e-6110842f6590-EndpointStateMachineTaskThread-/0.0.0.0:15180-0 ] INFO  volume.ThrottledAsyncChecker (ThrottledAsyncChecker.java:schedule(141)) - Scheduling a check for /home/runner/work/ozone/ozone/hadoop-ozone/integration-test/target/test-dir/MiniOzoneClusterImpl-e4d55aeb-da58-408a-87dd-e45f7ef8a31a/datanode-5/data-0/containers/hdds
2023-12-21 09:24:29,819 [317bf553-3d1a-400b-8f1e-6110842f6590-EndpointStateMachineTaskThread-/0.0.0.0:15180-0 ] INFO  volume.StorageVolumeChecker (StorageVolumeChecker.java:checkAllVolumes(218)) - Scheduled health check for volume /home/runner/work/ozone/ozone/hadoop-ozone/integration-test/target/test-dir/MiniOzoneClusterImpl-e4d55aeb-da58-408a-87dd-e45f7ef8a31a/datanode-5/data-0/containers/hdds
2023-12-21 09:24:29,820 [317bf553-3d1a-400b-8f1e-6110842f6590-EndpointStateMachineTaskThread-/0.0.0.0:15180-0 ] INFO  volume.ThrottledAsyncChecker (ThrottledAsyncChecker.java:schedule(141)) - Scheduling a check for /home/runner/work/ozone/ozone/hadoop-ozone/integration-test/target/test-dir/MiniOzoneClusterImpl-e4d55aeb-da58-408a-87dd-e45f7ef8a31a/datanode-5/data/ratis
2023-12-21 09:24:29,820 [317bf553-3d1a-400b-8f1e-6110842f6590-EndpointStateMachineTaskThread-/0.0.0.0:15180-0 ] INFO  volume.StorageVolumeChecker (StorageVolumeChecker.java:checkAllVolumes(218)) - Scheduled health check for volume /home/runner/work/ozone/ozone/hadoop-ozone/integration-test/target/test-dir/MiniOzoneClusterImpl-e4d55aeb-da58-408a-87dd-e45f7ef8a31a/datanode-5/data/ratis
2023-12-21 09:24:29,821 [317bf553-3d1a-400b-8f1e-6110842f6590-EndpointStateMachineTaskThread-/0.0.0.0:15180-0 ] INFO  ozoneimpl.OzoneContainer (OzoneContainer.java:start(441)) - Attempting to start container services.
2023-12-21 09:24:29,821 [317bf553-3d1a-400b-8f1e-6110842f6590-EndpointStateMachineTaskThread-/0.0.0.0:15180-0 ] INFO  ozoneimpl.OzoneContainer (OzoneContainer.java:startContainerScrub(337)) - Scheduled background container scanners and the on-demand container scanner have been disabled.
2023-12-21 09:24:29,821 [317bf553-3d1a-400b-8f1e-6110842f6590-EndpointStateMachineTaskThread-/0.0.0.0:15180-0 ] INFO  replication.ReplicationServer (ReplicationServer.java:start(139)) - ReplicationServer is started using port 15239
2023-12-21 09:24:29,821 [317bf553-3d1a-400b-8f1e-6110842f6590-EndpointStateMachineTaskThread-/0.0.0.0:15180-0 ] INFO  ratis.XceiverServerRatis (XceiverServerRatis.java:start(548)) - Starting XceiverServerRatis 317bf553-3d1a-400b-8f1e-6110842f6590
2023-12-21 09:24:29,822 [317bf553-3d1a-400b-8f1e-6110842f6590-EndpointStateMachineTaskThread-/0.0.0.0:15180-0 ] INFO  server.RaftServer (RaftServerProxy.java:startImpl(406)) - 317bf553-3d1a-400b-8f1e-6110842f6590: start RPC server
2023-12-21 09:24:29,822 [317bf553-3d1a-400b-8f1e-6110842f6590-EndpointStateMachineTaskThread-/0.0.0.0:15180-0 ] INFO  server.GrpcService (GrpcService.java:startImpl(302)) - 317bf553-3d1a-400b-8f1e-6110842f6590: GrpcService started, listening on 15235
2023-12-21 09:24:29,822 [317bf553-3d1a-400b-8f1e-6110842f6590-EndpointStateMachineTaskThread-/0.0.0.0:15180-0 ] INFO  server.GrpcService (GrpcService.java:startImpl(302)) - 317bf553-3d1a-400b-8f1e-6110842f6590: GrpcService started, listening on 15237
2023-12-21 09:24:29,822 [317bf553-3d1a-400b-8f1e-6110842f6590-EndpointStateMachineTaskThread-/0.0.0.0:15180-0 ] INFO  server.GrpcService (GrpcService.java:startImpl(302)) - 317bf553-3d1a-400b-8f1e-6110842f6590: GrpcService started, listening on 15236
2023-12-21 09:24:29,823 [317bf553-3d1a-400b-8f1e-6110842f6590-EndpointStateMachineTaskThread-/0.0.0.0:15180-0 ] INFO  ratis.XceiverServerRatis (XceiverServerRatis.java:getRealPort(574)) - XceiverServerRatis 317bf553-3d1a-400b-8f1e-6110842f6590 is started using port 15235 for RATIS
2023-12-21 09:24:29,823 [JvmPauseMonitor29] INFO  util.JvmPauseMonitor (JvmPauseMonitor.java:run(146)) - JvmPauseMonitor-317bf553-3d1a-400b-8f1e-6110842f6590: Started
2023-12-21 09:24:29,823 [317bf553-3d1a-400b-8f1e-6110842f6590-EndpointStateMachineTaskThread-/0.0.0.0:15180-0 ] INFO  ratis.XceiverServerRatis (XceiverServerRatis.java:getRealPort(574)) - XceiverServerRatis 317bf553-3d1a-400b-8f1e-6110842f6590 is started using port 15236 for RATIS_ADMIN
2023-12-21 09:24:29,823 [317bf553-3d1a-400b-8f1e-6110842f6590-EndpointStateMachineTaskThread-/0.0.0.0:15180-0 ] INFO  ratis.XceiverServerRatis (XceiverServerRatis.java:getRealPort(574)) - XceiverServerRatis 317bf553-3d1a-400b-8f1e-6110842f6590 is started using port 15237 for RATIS_SERVER
2023-12-21 09:24:29,823 [317bf553-3d1a-400b-8f1e-6110842f6590-EndpointStateMachineTaskThread-/0.0.0.0:15180-0 ] INFO  ratis.XceiverServerRatis (XceiverServerRatis.java:getRealPort(574)) - XceiverServerRatis 317bf553-3d1a-400b-8f1e-6110842f6590 is started using port 15238 for RATIS_DATASTREAM
2023-12-21 09:24:29,823 [317bf553-3d1a-400b-8f1e-6110842f6590-BlockDeletingService#0] INFO  interfaces.ContainerDeletionChoosingPolicyTemplate (ContainerDeletionChoosingPolicyTemplate.java:chooseContainerForBlockDeletion(85)) - Chosen 0/5000 blocks from 0 candidate containers.
2023-12-21 09:24:29,900 [4071302e-cf40-440c-a20f-829f10e9e05e-EndpointStateMachineTaskThread-/0.0.0.0:15180-0 ] INFO  utils.DatanodeStoreCache (DatanodeStoreCache.java:addDB(66)) - Added db /home/runner/work/ozone/ozone/hadoop-ozone/integration-test/target/test-dir/MiniOzoneClusterImpl-e4d55aeb-da58-408a-87dd-e45f7ef8a31a/datanode-6/data-0/containers/hdds/e4d55aeb-da58-408a-87dd-e45f7ef8a31a/DS-c884377a-dc62-4540-aa0b-8139174dce31/container.db to cache
2023-12-21 09:24:29,901 [4071302e-cf40-440c-a20f-829f10e9e05e-EndpointStateMachineTaskThread-/0.0.0.0:15180-0 ] INFO  volume.HddsVolume (HddsVolume.java:createDbStore(422)) - SchemaV3 db is created and loaded at /home/runner/work/ozone/ozone/hadoop-ozone/integration-test/target/test-dir/MiniOzoneClusterImpl-e4d55aeb-da58-408a-87dd-e45f7ef8a31a/datanode-6/data-0/containers/hdds/e4d55aeb-da58-408a-87dd-e45f7ef8a31a/DS-c884377a-dc62-4540-aa0b-8139174dce31/container.db for volume DS-c884377a-dc62-4540-aa0b-8139174dce31
2023-12-21 09:24:29,902 [4071302e-cf40-440c-a20f-829f10e9e05e-EndpointStateMachineTaskThread-/0.0.0.0:15180-0 ] INFO  volume.ThrottledAsyncChecker (ThrottledAsyncChecker.java:schedule(141)) - Scheduling a check for /home/runner/work/ozone/ozone/hadoop-ozone/integration-test/target/test-dir/MiniOzoneClusterImpl-e4d55aeb-da58-408a-87dd-e45f7ef8a31a/datanode-6/data-0/containers/hdds
2023-12-21 09:24:29,902 [4071302e-cf40-440c-a20f-829f10e9e05e-EndpointStateMachineTaskThread-/0.0.0.0:15180-0 ] INFO  volume.StorageVolumeChecker (StorageVolumeChecker.java:checkAllVolumes(218)) - Scheduled health check for volume /home/runner/work/ozone/ozone/hadoop-ozone/integration-test/target/test-dir/MiniOzoneClusterImpl-e4d55aeb-da58-408a-87dd-e45f7ef8a31a/datanode-6/data-0/containers/hdds
2023-12-21 09:24:29,903 [4071302e-cf40-440c-a20f-829f10e9e05e-EndpointStateMachineTaskThread-/0.0.0.0:15180-0 ] INFO  volume.ThrottledAsyncChecker (ThrottledAsyncChecker.java:schedule(141)) - Scheduling a check for /home/runner/work/ozone/ozone/hadoop-ozone/integration-test/target/test-dir/MiniOzoneClusterImpl-e4d55aeb-da58-408a-87dd-e45f7ef8a31a/datanode-6/data/ratis
2023-12-21 09:24:29,903 [4071302e-cf40-440c-a20f-829f10e9e05e-EndpointStateMachineTaskThread-/0.0.0.0:15180-0 ] INFO  volume.StorageVolumeChecker (StorageVolumeChecker.java:checkAllVolumes(218)) - Scheduled health check for volume /home/runner/work/ozone/ozone/hadoop-ozone/integration-test/target/test-dir/MiniOzoneClusterImpl-e4d55aeb-da58-408a-87dd-e45f7ef8a31a/datanode-6/data/ratis
2023-12-21 09:24:29,904 [4071302e-cf40-440c-a20f-829f10e9e05e-EndpointStateMachineTaskThread-/0.0.0.0:15180-0 ] INFO  ozoneimpl.OzoneContainer (OzoneContainer.java:start(441)) - Attempting to start container services.
2023-12-21 09:24:29,904 [4071302e-cf40-440c-a20f-829f10e9e05e-EndpointStateMachineTaskThread-/0.0.0.0:15180-0 ] INFO  ozoneimpl.OzoneContainer (OzoneContainer.java:startContainerScrub(337)) - Scheduled background container scanners and the on-demand container scanner have been disabled.
2023-12-21 09:24:29,904 [4071302e-cf40-440c-a20f-829f10e9e05e-EndpointStateMachineTaskThread-/0.0.0.0:15180-0 ] INFO  replication.ReplicationServer (ReplicationServer.java:start(139)) - ReplicationServer is started using port 15248
2023-12-21 09:24:29,904 [4071302e-cf40-440c-a20f-829f10e9e05e-EndpointStateMachineTaskThread-/0.0.0.0:15180-0 ] INFO  ratis.XceiverServerRatis (XceiverServerRatis.java:start(548)) - Starting XceiverServerRatis 4071302e-cf40-440c-a20f-829f10e9e05e
2023-12-21 09:24:29,905 [4071302e-cf40-440c-a20f-829f10e9e05e-EndpointStateMachineTaskThread-/0.0.0.0:15180-0 ] INFO  server.RaftServer (RaftServerProxy.java:startImpl(406)) - 4071302e-cf40-440c-a20f-829f10e9e05e: start RPC server
2023-12-21 09:24:29,905 [4071302e-cf40-440c-a20f-829f10e9e05e-EndpointStateMachineTaskThread-/0.0.0.0:15180-0 ] INFO  server.GrpcService (GrpcService.java:startImpl(302)) - 4071302e-cf40-440c-a20f-829f10e9e05e: GrpcService started, listening on 15244
2023-12-21 09:24:29,905 [4071302e-cf40-440c-a20f-829f10e9e05e-EndpointStateMachineTaskThread-/0.0.0.0:15180-0 ] INFO  server.GrpcService (GrpcService.java:startImpl(302)) - 4071302e-cf40-440c-a20f-829f10e9e05e: GrpcService started, listening on 15246
2023-12-21 09:24:29,906 [4071302e-cf40-440c-a20f-829f10e9e05e-EndpointStateMachineTaskThread-/0.0.0.0:15180-0 ] INFO  server.GrpcService (GrpcService.java:startImpl(302)) - 4071302e-cf40-440c-a20f-829f10e9e05e: GrpcService started, listening on 15245
2023-12-21 09:24:29,906 [4071302e-cf40-440c-a20f-829f10e9e05e-EndpointStateMachineTaskThread-/0.0.0.0:15180-0 ] INFO  ratis.XceiverServerRatis (XceiverServerRatis.java:getRealPort(574)) - XceiverServerRatis 4071302e-cf40-440c-a20f-829f10e9e05e is started using port 15244 for RATIS
2023-12-21 09:24:29,906 [JvmPauseMonitor30] INFO  util.JvmPauseMonitor (JvmPauseMonitor.java:run(146)) - JvmPauseMonitor-4071302e-cf40-440c-a20f-829f10e9e05e: Started
2023-12-21 09:24:29,906 [4071302e-cf40-440c-a20f-829f10e9e05e-EndpointStateMachineTaskThread-/0.0.0.0:15180-0 ] INFO  ratis.XceiverServerRatis (XceiverServerRatis.java:getRealPort(574)) - XceiverServerRatis 4071302e-cf40-440c-a20f-829f10e9e05e is started using port 15245 for RATIS_ADMIN
2023-12-21 09:24:29,906 [4071302e-cf40-440c-a20f-829f10e9e05e-EndpointStateMachineTaskThread-/0.0.0.0:15180-0 ] INFO  ratis.XceiverServerRatis (XceiverServerRatis.java:getRealPort(574)) - XceiverServerRatis 4071302e-cf40-440c-a20f-829f10e9e05e is started using port 15246 for RATIS_SERVER
2023-12-21 09:24:29,906 [4071302e-cf40-440c-a20f-829f10e9e05e-EndpointStateMachineTaskThread-/0.0.0.0:15180-0 ] INFO  ratis.XceiverServerRatis (XceiverServerRatis.java:getRealPort(574)) - XceiverServerRatis 4071302e-cf40-440c-a20f-829f10e9e05e is started using port 15247 for RATIS_DATASTREAM
2023-12-21 09:24:29,907 [4071302e-cf40-440c-a20f-829f10e9e05e-BlockDeletingService#0] INFO  interfaces.ContainerDeletionChoosingPolicyTemplate (ContainerDeletionChoosingPolicyTemplate.java:chooseContainerForBlockDeletion(85)) - Chosen 0/5000 blocks from 0 candidate containers.
2023-12-21 09:24:29,989 [b2354cd0-7648-4a6f-abf9-b9cf43c56f40-EndpointStateMachineTaskThread-/0.0.0.0:15180-0 ] INFO  utils.DatanodeStoreCache (DatanodeStoreCache.java:addDB(66)) - Added db /home/runner/work/ozone/ozone/hadoop-ozone/integration-test/target/test-dir/MiniOzoneClusterImpl-e4d55aeb-da58-408a-87dd-e45f7ef8a31a/datanode-7/data-0/containers/hdds/e4d55aeb-da58-408a-87dd-e45f7ef8a31a/DS-a47fdcbc-9dda-4d30-83bc-590f863b82e4/container.db to cache
2023-12-21 09:24:29,989 [b2354cd0-7648-4a6f-abf9-b9cf43c56f40-EndpointStateMachineTaskThread-/0.0.0.0:15180-0 ] INFO  volume.HddsVolume (HddsVolume.java:createDbStore(422)) - SchemaV3 db is created and loaded at /home/runner/work/ozone/ozone/hadoop-ozone/integration-test/target/test-dir/MiniOzoneClusterImpl-e4d55aeb-da58-408a-87dd-e45f7ef8a31a/datanode-7/data-0/containers/hdds/e4d55aeb-da58-408a-87dd-e45f7ef8a31a/DS-a47fdcbc-9dda-4d30-83bc-590f863b82e4/container.db for volume DS-a47fdcbc-9dda-4d30-83bc-590f863b82e4
2023-12-21 09:24:29,991 [b2354cd0-7648-4a6f-abf9-b9cf43c56f40-EndpointStateMachineTaskThread-/0.0.0.0:15180-0 ] INFO  volume.ThrottledAsyncChecker (ThrottledAsyncChecker.java:schedule(141)) - Scheduling a check for /home/runner/work/ozone/ozone/hadoop-ozone/integration-test/target/test-dir/MiniOzoneClusterImpl-e4d55aeb-da58-408a-87dd-e45f7ef8a31a/datanode-7/data-0/containers/hdds
2023-12-21 09:24:29,991 [b2354cd0-7648-4a6f-abf9-b9cf43c56f40-EndpointStateMachineTaskThread-/0.0.0.0:15180-0 ] INFO  volume.StorageVolumeChecker (StorageVolumeChecker.java:checkAllVolumes(218)) - Scheduled health check for volume /home/runner/work/ozone/ozone/hadoop-ozone/integration-test/target/test-dir/MiniOzoneClusterImpl-e4d55aeb-da58-408a-87dd-e45f7ef8a31a/datanode-7/data-0/containers/hdds
2023-12-21 09:24:29,992 [b2354cd0-7648-4a6f-abf9-b9cf43c56f40-EndpointStateMachineTaskThread-/0.0.0.0:15180-0 ] INFO  volume.ThrottledAsyncChecker (ThrottledAsyncChecker.java:schedule(141)) - Scheduling a check for /home/runner/work/ozone/ozone/hadoop-ozone/integration-test/target/test-dir/MiniOzoneClusterImpl-e4d55aeb-da58-408a-87dd-e45f7ef8a31a/datanode-7/data/ratis
2023-12-21 09:24:29,993 [b2354cd0-7648-4a6f-abf9-b9cf43c56f40-EndpointStateMachineTaskThread-/0.0.0.0:15180-0 ] INFO  volume.StorageVolumeChecker (StorageVolumeChecker.java:checkAllVolumes(218)) - Scheduled health check for volume /home/runner/work/ozone/ozone/hadoop-ozone/integration-test/target/test-dir/MiniOzoneClusterImpl-e4d55aeb-da58-408a-87dd-e45f7ef8a31a/datanode-7/data/ratis
2023-12-21 09:24:29,994 [b2354cd0-7648-4a6f-abf9-b9cf43c56f40-EndpointStateMachineTaskThread-/0.0.0.0:15180-0 ] INFO  ozoneimpl.OzoneContainer (OzoneContainer.java:start(441)) - Attempting to start container services.
2023-12-21 09:24:29,994 [b2354cd0-7648-4a6f-abf9-b9cf43c56f40-EndpointStateMachineTaskThread-/0.0.0.0:15180-0 ] INFO  ozoneimpl.OzoneContainer (OzoneContainer.java:startContainerScrub(337)) - Scheduled background container scanners and the on-demand container scanner have been disabled.
2023-12-21 09:24:29,994 [b2354cd0-7648-4a6f-abf9-b9cf43c56f40-EndpointStateMachineTaskThread-/0.0.0.0:15180-0 ] INFO  replication.ReplicationServer (ReplicationServer.java:start(139)) - ReplicationServer is started using port 15257
2023-12-21 09:24:29,994 [b2354cd0-7648-4a6f-abf9-b9cf43c56f40-EndpointStateMachineTaskThread-/0.0.0.0:15180-0 ] INFO  ratis.XceiverServerRatis (XceiverServerRatis.java:start(548)) - Starting XceiverServerRatis b2354cd0-7648-4a6f-abf9-b9cf43c56f40
2023-12-21 09:24:29,995 [b2354cd0-7648-4a6f-abf9-b9cf43c56f40-EndpointStateMachineTaskThread-/0.0.0.0:15180-0 ] INFO  server.RaftServer (RaftServerProxy.java:startImpl(406)) - b2354cd0-7648-4a6f-abf9-b9cf43c56f40: start RPC server
2023-12-21 09:24:29,995 [b2354cd0-7648-4a6f-abf9-b9cf43c56f40-EndpointStateMachineTaskThread-/0.0.0.0:15180-0 ] INFO  server.GrpcService (GrpcService.java:startImpl(302)) - b2354cd0-7648-4a6f-abf9-b9cf43c56f40: GrpcService started, listening on 15253
2023-12-21 09:24:29,995 [b2354cd0-7648-4a6f-abf9-b9cf43c56f40-EndpointStateMachineTaskThread-/0.0.0.0:15180-0 ] INFO  server.GrpcService (GrpcService.java:startImpl(302)) - b2354cd0-7648-4a6f-abf9-b9cf43c56f40: GrpcService started, listening on 15255
2023-12-21 09:24:29,996 [b2354cd0-7648-4a6f-abf9-b9cf43c56f40-EndpointStateMachineTaskThread-/0.0.0.0:15180-0 ] INFO  server.GrpcService (GrpcService.java:startImpl(302)) - b2354cd0-7648-4a6f-abf9-b9cf43c56f40: GrpcService started, listening on 15254
2023-12-21 09:24:29,996 [b2354cd0-7648-4a6f-abf9-b9cf43c56f40-EndpointStateMachineTaskThread-/0.0.0.0:15180-0 ] INFO  ratis.XceiverServerRatis (XceiverServerRatis.java:getRealPort(574)) - XceiverServerRatis b2354cd0-7648-4a6f-abf9-b9cf43c56f40 is started using port 15253 for RATIS
2023-12-21 09:24:29,996 [JvmPauseMonitor31] INFO  util.JvmPauseMonitor (JvmPauseMonitor.java:run(146)) - JvmPauseMonitor-b2354cd0-7648-4a6f-abf9-b9cf43c56f40: Started
2023-12-21 09:24:29,996 [b2354cd0-7648-4a6f-abf9-b9cf43c56f40-EndpointStateMachineTaskThread-/0.0.0.0:15180-0 ] INFO  ratis.XceiverServerRatis (XceiverServerRatis.java:getRealPort(574)) - XceiverServerRatis b2354cd0-7648-4a6f-abf9-b9cf43c56f40 is started using port 15254 for RATIS_ADMIN
2023-12-21 09:24:29,996 [b2354cd0-7648-4a6f-abf9-b9cf43c56f40-EndpointStateMachineTaskThread-/0.0.0.0:15180-0 ] INFO  ratis.XceiverServerRatis (XceiverServerRatis.java:getRealPort(574)) - XceiverServerRatis b2354cd0-7648-4a6f-abf9-b9cf43c56f40 is started using port 15255 for RATIS_SERVER
2023-12-21 09:24:29,996 [b2354cd0-7648-4a6f-abf9-b9cf43c56f40-EndpointStateMachineTaskThread-/0.0.0.0:15180-0 ] INFO  ratis.XceiverServerRatis (XceiverServerRatis.java:getRealPort(574)) - XceiverServerRatis b2354cd0-7648-4a6f-abf9-b9cf43c56f40 is started using port 15256 for RATIS_DATASTREAM
2023-12-21 09:24:29,997 [b2354cd0-7648-4a6f-abf9-b9cf43c56f40-BlockDeletingService#0] INFO  interfaces.ContainerDeletionChoosingPolicyTemplate (ContainerDeletionChoosingPolicyTemplate.java:chooseContainerForBlockDeletion(85)) - Chosen 0/5000 blocks from 0 candidate containers.
2023-12-21 09:24:30,067 [main] INFO  ozone.MiniOzoneClusterImpl (MiniOzoneClusterImpl.java:lambda$waitForClusterToBeReady$0(230)) - Waiting for nodes to be ready. Got 0 of 9 DN Heartbeats.
2023-12-21 09:24:30,067 [main] INFO  ozone.MiniOzoneClusterImpl (MiniOzoneClusterImpl.java:lambda$waitForClusterToBeReady$0(233)) - Waiting for cluster to exit safe mode
2023-12-21 09:24:30,068 [main] INFO  ozone.MiniOzoneClusterImpl (MiniOzoneClusterImpl.java:lambda$waitForClusterToBeReady$0(235)) - SCM became leader
2023-12-21 09:24:30,093 [32aac600-864d-469c-bbc4-bdc2d2a366d8-EndpointStateMachineTaskThread-/0.0.0.0:15180-0 ] INFO  utils.DatanodeStoreCache (DatanodeStoreCache.java:addDB(66)) - Added db /home/runner/work/ozone/ozone/hadoop-ozone/integration-test/target/test-dir/MiniOzoneClusterImpl-e4d55aeb-da58-408a-87dd-e45f7ef8a31a/datanode-8/data-0/containers/hdds/e4d55aeb-da58-408a-87dd-e45f7ef8a31a/DS-b803652e-641c-4ae3-b837-18298bbe75d5/container.db to cache
2023-12-21 09:24:30,093 [32aac600-864d-469c-bbc4-bdc2d2a366d8-EndpointStateMachineTaskThread-/0.0.0.0:15180-0 ] INFO  volume.HddsVolume (HddsVolume.java:createDbStore(422)) - SchemaV3 db is created and loaded at /home/runner/work/ozone/ozone/hadoop-ozone/integration-test/target/test-dir/MiniOzoneClusterImpl-e4d55aeb-da58-408a-87dd-e45f7ef8a31a/datanode-8/data-0/containers/hdds/e4d55aeb-da58-408a-87dd-e45f7ef8a31a/DS-b803652e-641c-4ae3-b837-18298bbe75d5/container.db for volume DS-b803652e-641c-4ae3-b837-18298bbe75d5
2023-12-21 09:24:30,095 [32aac600-864d-469c-bbc4-bdc2d2a366d8-EndpointStateMachineTaskThread-/0.0.0.0:15180-0 ] INFO  volume.ThrottledAsyncChecker (ThrottledAsyncChecker.java:schedule(141)) - Scheduling a check for /home/runner/work/ozone/ozone/hadoop-ozone/integration-test/target/test-dir/MiniOzoneClusterImpl-e4d55aeb-da58-408a-87dd-e45f7ef8a31a/datanode-8/data-0/containers/hdds
2023-12-21 09:24:30,096 [32aac600-864d-469c-bbc4-bdc2d2a366d8-EndpointStateMachineTaskThread-/0.0.0.0:15180-0 ] INFO  volume.StorageVolumeChecker (StorageVolumeChecker.java:checkAllVolumes(218)) - Scheduled health check for volume /home/runner/work/ozone/ozone/hadoop-ozone/integration-test/target/test-dir/MiniOzoneClusterImpl-e4d55aeb-da58-408a-87dd-e45f7ef8a31a/datanode-8/data-0/containers/hdds
2023-12-21 09:24:30,097 [32aac600-864d-469c-bbc4-bdc2d2a366d8-EndpointStateMachineTaskThread-/0.0.0.0:15180-0 ] INFO  volume.ThrottledAsyncChecker (ThrottledAsyncChecker.java:schedule(141)) - Scheduling a check for /home/runner/work/ozone/ozone/hadoop-ozone/integration-test/target/test-dir/MiniOzoneClusterImpl-e4d55aeb-da58-408a-87dd-e45f7ef8a31a/datanode-8/data/ratis
2023-12-21 09:24:30,097 [32aac600-864d-469c-bbc4-bdc2d2a366d8-EndpointStateMachineTaskThread-/0.0.0.0:15180-0 ] INFO  volume.StorageVolumeChecker (StorageVolumeChecker.java:checkAllVolumes(218)) - Scheduled health check for volume /home/runner/work/ozone/ozone/hadoop-ozone/integration-test/target/test-dir/MiniOzoneClusterImpl-e4d55aeb-da58-408a-87dd-e45f7ef8a31a/datanode-8/data/ratis
2023-12-21 09:24:30,097 [32aac600-864d-469c-bbc4-bdc2d2a366d8-EndpointStateMachineTaskThread-/0.0.0.0:15180-0 ] INFO  ozoneimpl.OzoneContainer (OzoneContainer.java:start(441)) - Attempting to start container services.
2023-12-21 09:24:30,097 [32aac600-864d-469c-bbc4-bdc2d2a366d8-EndpointStateMachineTaskThread-/0.0.0.0:15180-0 ] INFO  ozoneimpl.OzoneContainer (OzoneContainer.java:startContainerScrub(337)) - Scheduled background container scanners and the on-demand container scanner have been disabled.
2023-12-21 09:24:30,098 [32aac600-864d-469c-bbc4-bdc2d2a366d8-EndpointStateMachineTaskThread-/0.0.0.0:15180-0 ] INFO  replication.ReplicationServer (ReplicationServer.java:start(139)) - ReplicationServer is started using port 15266
2023-12-21 09:24:30,098 [32aac600-864d-469c-bbc4-bdc2d2a366d8-EndpointStateMachineTaskThread-/0.0.0.0:15180-0 ] INFO  ratis.XceiverServerRatis (XceiverServerRatis.java:start(548)) - Starting XceiverServerRatis 32aac600-864d-469c-bbc4-bdc2d2a366d8
2023-12-21 09:24:30,098 [32aac600-864d-469c-bbc4-bdc2d2a366d8-EndpointStateMachineTaskThread-/0.0.0.0:15180-0 ] INFO  server.RaftServer (RaftServerProxy.java:startImpl(406)) - 32aac600-864d-469c-bbc4-bdc2d2a366d8: start RPC server
2023-12-21 09:24:30,098 [32aac600-864d-469c-bbc4-bdc2d2a366d8-EndpointStateMachineTaskThread-/0.0.0.0:15180-0 ] INFO  server.GrpcService (GrpcService.java:startImpl(302)) - 32aac600-864d-469c-bbc4-bdc2d2a366d8: GrpcService started, listening on 15262
2023-12-21 09:24:30,099 [32aac600-864d-469c-bbc4-bdc2d2a366d8-EndpointStateMachineTaskThread-/0.0.0.0:15180-0 ] INFO  server.GrpcService (GrpcService.java:startImpl(302)) - 32aac600-864d-469c-bbc4-bdc2d2a366d8: GrpcService started, listening on 15264
2023-12-21 09:24:30,099 [32aac600-864d-469c-bbc4-bdc2d2a366d8-EndpointStateMachineTaskThread-/0.0.0.0:15180-0 ] INFO  server.GrpcService (GrpcService.java:startImpl(302)) - 32aac600-864d-469c-bbc4-bdc2d2a366d8: GrpcService started, listening on 15263
2023-12-21 09:24:30,099 [32aac600-864d-469c-bbc4-bdc2d2a366d8-EndpointStateMachineTaskThread-/0.0.0.0:15180-0 ] INFO  ratis.XceiverServerRatis (XceiverServerRatis.java:getRealPort(574)) - XceiverServerRatis 32aac600-864d-469c-bbc4-bdc2d2a366d8 is started using port 15262 for RATIS
2023-12-21 09:24:30,099 [32aac600-864d-469c-bbc4-bdc2d2a366d8-EndpointStateMachineTaskThread-/0.0.0.0:15180-0 ] INFO  ratis.XceiverServerRatis (XceiverServerRatis.java:getRealPort(574)) - XceiverServerRatis 32aac600-864d-469c-bbc4-bdc2d2a366d8 is started using port 15263 for RATIS_ADMIN
2023-12-21 09:24:30,099 [32aac600-864d-469c-bbc4-bdc2d2a366d8-EndpointStateMachineTaskThread-/0.0.0.0:15180-0 ] INFO  ratis.XceiverServerRatis (XceiverServerRatis.java:getRealPort(574)) - XceiverServerRatis 32aac600-864d-469c-bbc4-bdc2d2a366d8 is started using port 15264 for RATIS_SERVER
2023-12-21 09:24:30,099 [32aac600-864d-469c-bbc4-bdc2d2a366d8-EndpointStateMachineTaskThread-/0.0.0.0:15180-0 ] INFO  ratis.XceiverServerRatis (XceiverServerRatis.java:getRealPort(574)) - XceiverServerRatis 32aac600-864d-469c-bbc4-bdc2d2a366d8 is started using port 15265 for RATIS_DATASTREAM
2023-12-21 09:24:30,099 [JvmPauseMonitor32] INFO  util.JvmPauseMonitor (JvmPauseMonitor.java:run(146)) - JvmPauseMonitor-32aac600-864d-469c-bbc4-bdc2d2a366d8: Started
2023-12-21 09:24:30,100 [32aac600-864d-469c-bbc4-bdc2d2a366d8-BlockDeletingService#0] INFO  interfaces.ContainerDeletionChoosingPolicyTemplate (ContainerDeletionChoosingPolicyTemplate.java:chooseContainerForBlockDeletion(85)) - Chosen 0/5000 blocks from 0 candidate containers.
2023-12-21 09:24:31,068 [main] INFO  ozone.MiniOzoneClusterImpl (MiniOzoneClusterImpl.java:lambda$waitForClusterToBeReady$0(230)) - Waiting for nodes to be ready. Got 0 of 9 DN Heartbeats.
2023-12-21 09:24:31,068 [main] INFO  ozone.MiniOzoneClusterImpl (MiniOzoneClusterImpl.java:lambda$waitForClusterToBeReady$0(233)) - Waiting for cluster to exit safe mode
2023-12-21 09:24:31,068 [main] INFO  ozone.MiniOzoneClusterImpl (MiniOzoneClusterImpl.java:lambda$waitForClusterToBeReady$0(235)) - SCM became leader
2023-12-21 09:24:31,313 [IPC Server handler 4 on default port 15180] INFO  net.NetworkTopologyImpl (NetworkTopologyImpl.java:add(124)) - Added a new node: /default-rack/6ad9de2f-8cae-4626-ab4a-3c10d9751b2a
2023-12-21 09:24:31,314 [IPC Server handler 4 on default port 15180] INFO  node.SCMNodeManager (SCMNodeManager.java:register(417)) - Registered datanode: 6ad9de2f-8cae-4626-ab4a-3c10d9751b2a{ip: 10.1.0.5, host: fv-az1023-676, ports: [HTTP=15187, CLIENT_RPC=15188, REPLICATION=15194, RATIS=15190, RATIS_ADMIN=15191, RATIS_SERVER=15192, RATIS_DATASTREAM=15193, STANDALONE=15189], networkLocation: /default-rack, certSerialId: null, persistedOpState: null, persistedOpStateExpiryEpochSec: 0}
2023-12-21 09:24:31,316 [EventQueue-NewNodeForNewNodeHandler] INFO  pipeline.BackgroundPipelineCreator (BackgroundPipelineCreator.java:notifyEventTriggered(280)) - trigger a one-shot run on RatisPipelineUtilsThread.
2023-12-21 09:24:31,316 [EventQueue-NodeRegistrationContainerReportForContainerSafeModeRule] INFO  safemode.SCMSafeModeManager (SCMSafeModeManager.java:validateSafeModeExitRules(200)) - ContainerSafeModeRule rule is successfully validated
2023-12-21 09:24:31,316 [EventQueue-NodeRegistrationContainerReportForDataNodeSafeModeRule] INFO  safemode.SCMSafeModeManager (DataNodeSafeModeRule.java:process(71)) - SCM in safe mode. 1 DataNodes registered, 3 required.
2023-12-21 09:24:31,316 [RatisPipelineUtilsThread-0] INFO  pipeline.RatisPipelineProvider (RatisPipelineProvider.java:lambda$create$0(206)) - Sending CreatePipelineCommand for pipeline:PipelineID=56accd26-b42e-49a1-abf1-17b6d6e64a16 to datanode:6ad9de2f-8cae-4626-ab4a-3c10d9751b2a
2023-12-21 09:24:31,317 [EventQueue-PipelineReportForOneReplicaPipelineSafeModeRule] INFO  safemode.SCMSafeModeManager (SCMSafeModeManager.java:validateSafeModeExitRules(200)) - AtleastOneDatanodeReportedRule rule is successfully validated
2023-12-21 09:24:31,318 [RatisPipelineUtilsThread-0] INFO  pipeline.BackgroundPipelineCreator (BackgroundPipelineCreator.java:createPipelines(236)) - Created new pipeline Pipeline[ Id: 56accd26-b42e-49a1-abf1-17b6d6e64a16, Nodes: 6ad9de2f-8cae-4626-ab4a-3c10d9751b2a(fv-az1023-676/10.1.0.5), ReplicationConfig: RATIS/ONE, State:ALLOCATED, leaderId:, CreationTimestamp2023-12-21T09:24:31.316Z[Etc/UTC]]
2023-12-21 09:24:31,418 [IPC Server handler 5 on default port 15180] INFO  net.NetworkTopologyImpl (NetworkTopologyImpl.java:add(124)) - Added a new node: /default-rack/35bb34bc-f9d7-49f2-90a3-8bcd6ca0b53b
2023-12-21 09:24:31,418 [IPC Server handler 5 on default port 15180] INFO  node.SCMNodeManager (SCMNodeManager.java:register(417)) - Registered datanode: 35bb34bc-f9d7-49f2-90a3-8bcd6ca0b53b{ip: 10.1.0.5, host: fv-az1023-676, ports: [HTTP=15196, CLIENT_RPC=15197, REPLICATION=15203, RATIS=15199, RATIS_ADMIN=15200, RATIS_SERVER=15201, RATIS_DATASTREAM=15202, STANDALONE=15198], networkLocation: /default-rack, certSerialId: null, persistedOpState: null, persistedOpStateExpiryEpochSec: 0}
2023-12-21 09:24:31,419 [EventQueue-NodeRegistrationContainerReportForDataNodeSafeModeRule] INFO  safemode.SCMSafeModeManager (DataNodeSafeModeRule.java:process(71)) - SCM in safe mode. 2 DataNodes registered, 3 required.
2023-12-21 09:24:31,419 [EventQueue-NewNodeForNewNodeHandler] INFO  pipeline.BackgroundPipelineCreator (BackgroundPipelineCreator.java:notifyEventTriggered(280)) - trigger a one-shot run on RatisPipelineUtilsThread.
2023-12-21 09:24:31,419 [RatisPipelineUtilsThread-0] INFO  pipeline.RatisPipelineProvider (RatisPipelineProvider.java:lambda$create$0(206)) - Sending CreatePipelineCommand for pipeline:PipelineID=f846d3cf-ca38-4aef-819a-902fd70c1046 to datanode:35bb34bc-f9d7-49f2-90a3-8bcd6ca0b53b
2023-12-21 09:24:31,420 [RatisPipelineUtilsThread-0] INFO  pipeline.BackgroundPipelineCreator (BackgroundPipelineCreator.java:createPipelines(236)) - Created new pipeline Pipeline[ Id: f846d3cf-ca38-4aef-819a-902fd70c1046, Nodes: 35bb34bc-f9d7-49f2-90a3-8bcd6ca0b53b(fv-az1023-676/10.1.0.5), ReplicationConfig: RATIS/ONE, State:ALLOCATED, leaderId:, CreationTimestamp2023-12-21T09:24:31.419Z[Etc/UTC]]
2023-12-21 09:24:31,512 [IPC Server handler 6 on default port 15180] INFO  net.NetworkTopologyImpl (NetworkTopologyImpl.java:add(124)) - Added a new node: /default-rack/981caf93-6f40-449f-9dad-f58530f26ff1
2023-12-21 09:24:31,512 [IPC Server handler 6 on default port 15180] INFO  node.SCMNodeManager (SCMNodeManager.java:register(417)) - Registered datanode: 981caf93-6f40-449f-9dad-f58530f26ff1{ip: 10.1.0.5, host: fv-az1023-676, ports: [HTTP=15205, CLIENT_RPC=15206, REPLICATION=15212, RATIS=15208, RATIS_ADMIN=15209, RATIS_SERVER=15210, RATIS_DATASTREAM=15211, STANDALONE=15207], networkLocation: /default-rack, certSerialId: null, persistedOpState: null, persistedOpStateExpiryEpochSec: 0}
2023-12-21 09:24:31,512 [EventQueue-NewNodeForNewNodeHandler] INFO  pipeline.BackgroundPipelineCreator (BackgroundPipelineCreator.java:notifyEventTriggered(280)) - trigger a one-shot run on RatisPipelineUtilsThread.
2023-12-21 09:24:31,513 [EventQueue-NodeRegistrationContainerReportForDataNodeSafeModeRule] INFO  safemode.SCMSafeModeManager (DataNodeSafeModeRule.java:process(71)) - SCM in safe mode. 3 DataNodes registered, 3 required.
2023-12-21 09:24:31,513 [EventQueue-NodeRegistrationContainerReportForDataNodeSafeModeRule] INFO  safemode.SCMSafeModeManager (SCMSafeModeManager.java:validateSafeModeExitRules(200)) - DataNodeSafeModeRule rule is successfully validated
2023-12-21 09:24:31,513 [EventQueue-NodeRegistrationContainerReportForDataNodeSafeModeRule] INFO  safemode.SCMSafeModeManager (SCMSafeModeManager.java:completePreCheck(229)) - All SCM safe mode pre check rules have passed
2023-12-21 09:24:31,513 [EventQueue-NodeRegistrationContainerReportForDataNodeSafeModeRule] INFO  ha.SCMContext (SCMContext.java:updateSafeModeStatus(230)) - Update SafeModeStatus from SafeModeStatus{safeModeStatus=true, preCheckPassed=false} to SafeModeStatus{safeModeStatus=true, preCheckPassed=true}.
2023-12-21 09:24:31,513 [EventQueue-NodeRegistrationContainerReportForDataNodeSafeModeRule] INFO  pipeline.BackgroundPipelineCreator (BackgroundPipelineCreator.java:notifyEventTriggered(280)) - trigger a one-shot run on RatisPipelineUtilsThread.
2023-12-21 09:24:31,513 [RatisPipelineUtilsThread-0] INFO  pipeline.RatisPipelineProvider (RatisPipelineProvider.java:lambda$create$0(206)) - Sending CreatePipelineCommand for pipeline:PipelineID=a213fd0f-d1e5-4dfe-92dc-810570c96f35 to datanode:981caf93-6f40-449f-9dad-f58530f26ff1
2023-12-21 09:24:31,514 [RatisPipelineUtilsThread-0] INFO  pipeline.BackgroundPipelineCreator (BackgroundPipelineCreator.java:createPipelines(236)) - Created new pipeline Pipeline[ Id: a213fd0f-d1e5-4dfe-92dc-810570c96f35, Nodes: 981caf93-6f40-449f-9dad-f58530f26ff1(fv-az1023-676/10.1.0.5), ReplicationConfig: RATIS/ONE, State:ALLOCATED, leaderId:, CreationTimestamp2023-12-21T09:24:31.513Z[Etc/UTC]]
2023-12-21 09:24:31,514 [RatisPipelineUtilsThread-0] INFO  pipeline.RatisPipelineProvider (RatisPipelineProvider.java:lambda$create$0(206)) - Sending CreatePipelineCommand for pipeline:PipelineID=c128298a-abb1-4cf1-a21c-9735f55147b9 to datanode:6ad9de2f-8cae-4626-ab4a-3c10d9751b2a
2023-12-21 09:24:31,514 [RatisPipelineUtilsThread-0] INFO  pipeline.RatisPipelineProvider (RatisPipelineProvider.java:lambda$create$0(206)) - Sending CreatePipelineCommand for pipeline:PipelineID=c128298a-abb1-4cf1-a21c-9735f55147b9 to datanode:35bb34bc-f9d7-49f2-90a3-8bcd6ca0b53b
2023-12-21 09:24:31,514 [RatisPipelineUtilsThread-0] INFO  pipeline.RatisPipelineProvider (RatisPipelineProvider.java:lambda$create$0(206)) - Sending CreatePipelineCommand for pipeline:PipelineID=c128298a-abb1-4cf1-a21c-9735f55147b9 to datanode:981caf93-6f40-449f-9dad-f58530f26ff1
2023-12-21 09:24:31,514 [RatisPipelineUtilsThread-0] INFO  pipeline.BackgroundPipelineCreator (BackgroundPipelineCreator.java:createPipelines(236)) - Created new pipeline Pipeline[ Id: c128298a-abb1-4cf1-a21c-9735f55147b9, Nodes: 6ad9de2f-8cae-4626-ab4a-3c10d9751b2a(fv-az1023-676/10.1.0.5)35bb34bc-f9d7-49f2-90a3-8bcd6ca0b53b(fv-az1023-676/10.1.0.5)981caf93-6f40-449f-9dad-f58530f26ff1(fv-az1023-676/10.1.0.5), ReplicationConfig: RATIS/THREE, State:ALLOCATED, leaderId:, CreationTimestamp2023-12-21T09:24:31.514Z[Etc/UTC]]
2023-12-21 09:24:31,604 [IPC Server handler 7 on default port 15180] INFO  net.NetworkTopologyImpl (NetworkTopologyImpl.java:add(124)) - Added a new node: /default-rack/560c1385-c518-4739-80f6-d98c5390378b
2023-12-21 09:24:31,604 [IPC Server handler 7 on default port 15180] INFO  node.SCMNodeManager (SCMNodeManager.java:register(417)) - Registered datanode: 560c1385-c518-4739-80f6-d98c5390378b{ip: 10.1.0.5, host: fv-az1023-676, ports: [HTTP=15214, CLIENT_RPC=15215, REPLICATION=15221, RATIS=15217, RATIS_ADMIN=15218, RATIS_SERVER=15219, RATIS_DATASTREAM=15220, STANDALONE=15216], networkLocation: /default-rack, certSerialId: null, persistedOpState: null, persistedOpStateExpiryEpochSec: 0}
2023-12-21 09:24:31,604 [EventQueue-NewNodeForNewNodeHandler] INFO  pipeline.BackgroundPipelineCreator (BackgroundPipelineCreator.java:notifyEventTriggered(280)) - trigger a one-shot run on RatisPipelineUtilsThread.
2023-12-21 09:24:31,605 [RatisPipelineUtilsThread-0] INFO  pipeline.RatisPipelineProvider (RatisPipelineProvider.java:lambda$create$0(206)) - Sending CreatePipelineCommand for pipeline:PipelineID=61bf65b7-bf82-4b3b-bc09-3e5a09133106 to datanode:560c1385-c518-4739-80f6-d98c5390378b
2023-12-21 09:24:31,606 [RatisPipelineUtilsThread-0] INFO  pipeline.BackgroundPipelineCreator (BackgroundPipelineCreator.java:createPipelines(236)) - Created new pipeline Pipeline[ Id: 61bf65b7-bf82-4b3b-bc09-3e5a09133106, Nodes: 560c1385-c518-4739-80f6-d98c5390378b(fv-az1023-676/10.1.0.5), ReplicationConfig: RATIS/ONE, State:ALLOCATED, leaderId:, CreationTimestamp2023-12-21T09:24:31.605Z[Etc/UTC]]
2023-12-21 09:24:31,699 [IPC Server handler 8 on default port 15180] INFO  net.NetworkTopologyImpl (NetworkTopologyImpl.java:add(124)) - Added a new node: /default-rack/4150f76c-1cd9-4d5b-96cd-8dd0a9a12dd3
2023-12-21 09:24:31,700 [IPC Server handler 8 on default port 15180] INFO  node.SCMNodeManager (SCMNodeManager.java:register(417)) - Registered datanode: 4150f76c-1cd9-4d5b-96cd-8dd0a9a12dd3{ip: 10.1.0.5, host: fv-az1023-676, ports: [HTTP=15223, CLIENT_RPC=15224, REPLICATION=15230, RATIS=15226, RATIS_ADMIN=15227, RATIS_SERVER=15228, RATIS_DATASTREAM=15229, STANDALONE=15225], networkLocation: /default-rack, certSerialId: null, persistedOpState: null, persistedOpStateExpiryEpochSec: 0}
2023-12-21 09:24:31,701 [EventQueue-NewNodeForNewNodeHandler] INFO  pipeline.BackgroundPipelineCreator (BackgroundPipelineCreator.java:notifyEventTriggered(280)) - trigger a one-shot run on RatisPipelineUtilsThread.
2023-12-21 09:24:31,701 [RatisPipelineUtilsThread-0] INFO  pipeline.RatisPipelineProvider (RatisPipelineProvider.java:lambda$create$0(206)) - Sending CreatePipelineCommand for pipeline:PipelineID=cc81a815-8a9f-4a67-9b10-4e788a642ccf to datanode:4150f76c-1cd9-4d5b-96cd-8dd0a9a12dd3
2023-12-21 09:24:31,702 [RatisPipelineUtilsThread-0] INFO  pipeline.BackgroundPipelineCreator (BackgroundPipelineCreator.java:createPipelines(236)) - Created new pipeline Pipeline[ Id: cc81a815-8a9f-4a67-9b10-4e788a642ccf, Nodes: 4150f76c-1cd9-4d5b-96cd-8dd0a9a12dd3(fv-az1023-676/10.1.0.5), ReplicationConfig: RATIS/ONE, State:ALLOCATED, leaderId:, CreationTimestamp2023-12-21T09:24:31.701Z[Etc/UTC]]
2023-12-21 09:24:31,794 [IPC Server handler 0 on default port 15180] INFO  net.NetworkTopologyImpl (NetworkTopologyImpl.java:add(124)) - Added a new node: /default-rack/317bf553-3d1a-400b-8f1e-6110842f6590
2023-12-21 09:24:31,795 [IPC Server handler 0 on default port 15180] INFO  node.SCMNodeManager (SCMNodeManager.java:register(417)) - Registered datanode: 317bf553-3d1a-400b-8f1e-6110842f6590{ip: 10.1.0.5, host: fv-az1023-676, ports: [HTTP=15232, CLIENT_RPC=15233, REPLICATION=15239, RATIS=15235, RATIS_ADMIN=15236, RATIS_SERVER=15237, RATIS_DATASTREAM=15238, STANDALONE=15234], networkLocation: /default-rack, certSerialId: null, persistedOpState: null, persistedOpStateExpiryEpochSec: 0}
2023-12-21 09:24:31,795 [EventQueue-NewNodeForNewNodeHandler] INFO  pipeline.BackgroundPipelineCreator (BackgroundPipelineCreator.java:notifyEventTriggered(280)) - trigger a one-shot run on RatisPipelineUtilsThread.
2023-12-21 09:24:31,795 [RatisPipelineUtilsThread-0] INFO  pipeline.RatisPipelineProvider (RatisPipelineProvider.java:lambda$create$0(206)) - Sending CreatePipelineCommand for pipeline:PipelineID=9e1e10fe-2334-4178-8e68-ee672a5843d9 to datanode:317bf553-3d1a-400b-8f1e-6110842f6590
2023-12-21 09:24:31,796 [RatisPipelineUtilsThread-0] INFO  pipeline.BackgroundPipelineCreator (BackgroundPipelineCreator.java:createPipelines(236)) - Created new pipeline Pipeline[ Id: 9e1e10fe-2334-4178-8e68-ee672a5843d9, Nodes: 317bf553-3d1a-400b-8f1e-6110842f6590(fv-az1023-676/10.1.0.5), ReplicationConfig: RATIS/ONE, State:ALLOCATED, leaderId:, CreationTimestamp2023-12-21T09:24:31.795Z[Etc/UTC]]
2023-12-21 09:24:31,796 [RatisPipelineUtilsThread-0] INFO  pipeline.RatisPipelineProvider (RatisPipelineProvider.java:lambda$create$0(206)) - Sending CreatePipelineCommand for pipeline:PipelineID=0a5ad6f6-c95c-4872-a7cf-1f7ead23f4f8 to datanode:560c1385-c518-4739-80f6-d98c5390378b
2023-12-21 09:24:31,796 [RatisPipelineUtilsThread-0] INFO  pipeline.RatisPipelineProvider (RatisPipelineProvider.java:lambda$create$0(206)) - Sending CreatePipelineCommand for pipeline:PipelineID=0a5ad6f6-c95c-4872-a7cf-1f7ead23f4f8 to datanode:317bf553-3d1a-400b-8f1e-6110842f6590
2023-12-21 09:24:31,796 [RatisPipelineUtilsThread-0] INFO  pipeline.RatisPipelineProvider (RatisPipelineProvider.java:lambda$create$0(206)) - Sending CreatePipelineCommand for pipeline:PipelineID=0a5ad6f6-c95c-4872-a7cf-1f7ead23f4f8 to datanode:4150f76c-1cd9-4d5b-96cd-8dd0a9a12dd3
2023-12-21 09:24:31,797 [RatisPipelineUtilsThread-0] INFO  pipeline.BackgroundPipelineCreator (BackgroundPipelineCreator.java:createPipelines(236)) - Created new pipeline Pipeline[ Id: 0a5ad6f6-c95c-4872-a7cf-1f7ead23f4f8, Nodes: 560c1385-c518-4739-80f6-d98c5390378b(fv-az1023-676/10.1.0.5)317bf553-3d1a-400b-8f1e-6110842f6590(fv-az1023-676/10.1.0.5)4150f76c-1cd9-4d5b-96cd-8dd0a9a12dd3(fv-az1023-676/10.1.0.5), ReplicationConfig: RATIS/THREE, State:ALLOCATED, leaderId:, CreationTimestamp2023-12-21T09:24:31.796Z[Etc/UTC]]
2023-12-21 09:24:31,879 [IPC Server handler 1 on default port 15180] INFO  net.NetworkTopologyImpl (NetworkTopologyImpl.java:add(124)) - Added a new node: /default-rack/4071302e-cf40-440c-a20f-829f10e9e05e
2023-12-21 09:24:31,879 [IPC Server handler 1 on default port 15180] INFO  node.SCMNodeManager (SCMNodeManager.java:register(417)) - Registered datanode: 4071302e-cf40-440c-a20f-829f10e9e05e{ip: 10.1.0.5, host: fv-az1023-676, ports: [HTTP=15241, CLIENT_RPC=15242, REPLICATION=15248, RATIS=15244, RATIS_ADMIN=15245, RATIS_SERVER=15246, RATIS_DATASTREAM=15247, STANDALONE=15243], networkLocation: /default-rack, certSerialId: null, persistedOpState: null, persistedOpStateExpiryEpochSec: 0}
2023-12-21 09:24:31,879 [EventQueue-NewNodeForNewNodeHandler] INFO  pipeline.BackgroundPipelineCreator (BackgroundPipelineCreator.java:notifyEventTriggered(280)) - trigger a one-shot run on RatisPipelineUtilsThread.
2023-12-21 09:24:31,882 [RatisPipelineUtilsThread-0] INFO  pipeline.RatisPipelineProvider (RatisPipelineProvider.java:lambda$create$0(206)) - Sending CreatePipelineCommand for pipeline:PipelineID=cc657502-e50b-4256-a7c6-3a2ee96509fb to datanode:4071302e-cf40-440c-a20f-829f10e9e05e
2023-12-21 09:24:31,883 [RatisPipelineUtilsThread-0] INFO  pipeline.BackgroundPipelineCreator (BackgroundPipelineCreator.java:createPipelines(236)) - Created new pipeline Pipeline[ Id: cc657502-e50b-4256-a7c6-3a2ee96509fb, Nodes: 4071302e-cf40-440c-a20f-829f10e9e05e(fv-az1023-676/10.1.0.5), ReplicationConfig: RATIS/ONE, State:ALLOCATED, leaderId:, CreationTimestamp2023-12-21T09:24:31.882Z[Etc/UTC]]
2023-12-21 09:24:31,964 [IPC Server handler 2 on default port 15180] INFO  net.NetworkTopologyImpl (NetworkTopologyImpl.java:add(124)) - Added a new node: /default-rack/b2354cd0-7648-4a6f-abf9-b9cf43c56f40
2023-12-21 09:24:31,964 [IPC Server handler 2 on default port 15180] INFO  node.SCMNodeManager (SCMNodeManager.java:register(417)) - Registered datanode: b2354cd0-7648-4a6f-abf9-b9cf43c56f40{ip: 10.1.0.5, host: fv-az1023-676, ports: [HTTP=15250, CLIENT_RPC=15251, REPLICATION=15257, RATIS=15253, RATIS_ADMIN=15254, RATIS_SERVER=15255, RATIS_DATASTREAM=15256, STANDALONE=15252], networkLocation: /default-rack, certSerialId: null, persistedOpState: null, persistedOpStateExpiryEpochSec: 0}
2023-12-21 09:24:31,964 [EventQueue-NewNodeForNewNodeHandler] INFO  pipeline.BackgroundPipelineCreator (BackgroundPipelineCreator.java:notifyEventTriggered(280)) - trigger a one-shot run on RatisPipelineUtilsThread.
2023-12-21 09:24:31,965 [RatisPipelineUtilsThread-0] INFO  pipeline.RatisPipelineProvider (RatisPipelineProvider.java:lambda$create$0(206)) - Sending CreatePipelineCommand for pipeline:PipelineID=eb0ac5ca-7eb3-43e3-9459-1a72e0252880 to datanode:b2354cd0-7648-4a6f-abf9-b9cf43c56f40
2023-12-21 09:24:31,965 [RatisPipelineUtilsThread-0] INFO  pipeline.BackgroundPipelineCreator (BackgroundPipelineCreator.java:createPipelines(236)) - Created new pipeline Pipeline[ Id: eb0ac5ca-7eb3-43e3-9459-1a72e0252880, Nodes: b2354cd0-7648-4a6f-abf9-b9cf43c56f40(fv-az1023-676/10.1.0.5), ReplicationConfig: RATIS/ONE, State:ALLOCATED, leaderId:, CreationTimestamp2023-12-21T09:24:31.965Z[Etc/UTC]]
2023-12-21 09:24:32,068 [IPC Server handler 3 on default port 15180] INFO  net.NetworkTopologyImpl (NetworkTopologyImpl.java:add(124)) - Added a new node: /default-rack/32aac600-864d-469c-bbc4-bdc2d2a366d8
2023-12-21 09:24:32,068 [main] INFO  ozone.MiniOzoneClusterImpl (MiniOzoneClusterImpl.java:lambda$waitForClusterToBeReady$0(230)) - Waiting for nodes to be ready. Got 8 of 9 DN Heartbeats.
2023-12-21 09:24:32,069 [main] INFO  ozone.MiniOzoneClusterImpl (MiniOzoneClusterImpl.java:lambda$waitForClusterToBeReady$0(233)) - Waiting for cluster to exit safe mode
2023-12-21 09:24:32,069 [main] INFO  ozone.MiniOzoneClusterImpl (MiniOzoneClusterImpl.java:lambda$waitForClusterToBeReady$0(235)) - SCM became leader
2023-12-21 09:24:32,069 [IPC Server handler 3 on default port 15180] INFO  node.SCMNodeManager (SCMNodeManager.java:register(417)) - Registered datanode: 32aac600-864d-469c-bbc4-bdc2d2a366d8{ip: 10.1.0.5, host: fv-az1023-676, ports: [HTTP=15259, CLIENT_RPC=15260, REPLICATION=15266, RATIS=15262, RATIS_ADMIN=15263, RATIS_SERVER=15264, RATIS_DATASTREAM=15265, STANDALONE=15261], networkLocation: /default-rack, certSerialId: null, persistedOpState: null, persistedOpStateExpiryEpochSec: 0}
2023-12-21 09:24:32,069 [EventQueue-NewNodeForNewNodeHandler] INFO  pipeline.BackgroundPipelineCreator (BackgroundPipelineCreator.java:notifyEventTriggered(280)) - trigger a one-shot run on RatisPipelineUtilsThread.
2023-12-21 09:24:32,070 [RatisPipelineUtilsThread-0] INFO  pipeline.RatisPipelineProvider (RatisPipelineProvider.java:lambda$create$0(206)) - Sending CreatePipelineCommand for pipeline:PipelineID=7c9e985f-48e1-48d6-a247-7901c159276a to datanode:32aac600-864d-469c-bbc4-bdc2d2a366d8
2023-12-21 09:24:32,071 [RatisPipelineUtilsThread-0] INFO  pipeline.BackgroundPipelineCreator (BackgroundPipelineCreator.java:createPipelines(236)) - Created new pipeline Pipeline[ Id: 7c9e985f-48e1-48d6-a247-7901c159276a, Nodes: 32aac600-864d-469c-bbc4-bdc2d2a366d8(fv-az1023-676/10.1.0.5), ReplicationConfig: RATIS/ONE, State:ALLOCATED, leaderId:, CreationTimestamp2023-12-21T09:24:32.070Z[Etc/UTC]]
2023-12-21 09:24:32,072 [RatisPipelineUtilsThread-0] INFO  pipeline.RatisPipelineProvider (RatisPipelineProvider.java:lambda$create$0(206)) - Sending CreatePipelineCommand for pipeline:PipelineID=d1b107bd-1af9-4284-8482-f3a27b024772 to datanode:b2354cd0-7648-4a6f-abf9-b9cf43c56f40
2023-12-21 09:24:32,072 [RatisPipelineUtilsThread-0] INFO  pipeline.RatisPipelineProvider (RatisPipelineProvider.java:lambda$create$0(206)) - Sending CreatePipelineCommand for pipeline:PipelineID=d1b107bd-1af9-4284-8482-f3a27b024772 to datanode:32aac600-864d-469c-bbc4-bdc2d2a366d8
2023-12-21 09:24:32,072 [RatisPipelineUtilsThread-0] INFO  pipeline.RatisPipelineProvider (RatisPipelineProvider.java:lambda$create$0(206)) - Sending CreatePipelineCommand for pipeline:PipelineID=d1b107bd-1af9-4284-8482-f3a27b024772 to datanode:4071302e-cf40-440c-a20f-829f10e9e05e
2023-12-21 09:24:32,072 [RatisPipelineUtilsThread-0] INFO  pipeline.BackgroundPipelineCreator (BackgroundPipelineCreator.java:createPipelines(236)) - Created new pipeline Pipeline[ Id: d1b107bd-1af9-4284-8482-f3a27b024772, Nodes: b2354cd0-7648-4a6f-abf9-b9cf43c56f40(fv-az1023-676/10.1.0.5)32aac600-864d-469c-bbc4-bdc2d2a366d8(fv-az1023-676/10.1.0.5)4071302e-cf40-440c-a20f-829f10e9e05e(fv-az1023-676/10.1.0.5), ReplicationConfig: RATIS/THREE, State:ALLOCATED, leaderId:, CreationTimestamp2023-12-21T09:24:32.072Z[Etc/UTC]]
2023-12-21 09:24:33,069 [main] INFO  ozone.MiniOzoneClusterImpl (MiniOzoneClusterImpl.java:lambda$waitForClusterToBeReady$0(230)) - Nodes are ready. Got 9 of 9 DN Heartbeats.
2023-12-21 09:24:33,069 [main] INFO  ozone.MiniOzoneClusterImpl (MiniOzoneClusterImpl.java:lambda$waitForClusterToBeReady$0(233)) - Waiting for cluster to exit safe mode
2023-12-21 09:24:33,069 [main] INFO  ozone.MiniOzoneClusterImpl (MiniOzoneClusterImpl.java:lambda$waitForClusterToBeReady$0(235)) - SCM became leader
2023-12-21 09:24:34,070 [main] INFO  ozone.MiniOzoneClusterImpl (MiniOzoneClusterImpl.java:lambda$waitForClusterToBeReady$0(230)) - Nodes are ready. Got 9 of 9 DN Heartbeats.
2023-12-21 09:24:34,070 [main] INFO  ozone.MiniOzoneClusterImpl (MiniOzoneClusterImpl.java:lambda$waitForClusterToBeReady$0(233)) - Waiting for cluster to exit safe mode
2023-12-21 09:24:34,070 [main] INFO  ozone.MiniOzoneClusterImpl (MiniOzoneClusterImpl.java:lambda$waitForClusterToBeReady$0(235)) - SCM became leader
2023-12-21 09:24:34,313 [6ad9de2f-8cae-4626-ab4a-3c10d9751b2a-PipelineCommandHandlerThread-0] INFO  server.RaftServer (RaftServerProxy.java:addNew(100)) - 6ad9de2f-8cae-4626-ab4a-3c10d9751b2a: addNew group-17B6D6E64A16:[6ad9de2f-8cae-4626-ab4a-3c10d9751b2a|10.1.0.5:15192] returns group-17B6D6E64A16:java.util.concurrent.CompletableFuture@5570371c[Not completed]
2023-12-21 09:24:34,314 [6ad9de2f-8cae-4626-ab4a-3c10d9751b2a-groupManagement] INFO  server.RaftServer$Division (RaftServerImpl.java:<init>(256)) - 6ad9de2f-8cae-4626-ab4a-3c10d9751b2a: new RaftServerImpl for group-17B6D6E64A16:[6ad9de2f-8cae-4626-ab4a-3c10d9751b2a|10.1.0.5:15192] with ContainerStateMachine:uninitialized
2023-12-21 09:24:34,314 [6ad9de2f-8cae-4626-ab4a-3c10d9751b2a-groupManagement] INFO  server.RaftServerConfigKeys (ConfUtils.java:logGet(46)) - raft.server.rpc.timeout.min = 5s (custom)
2023-12-21 09:24:34,314 [6ad9de2f-8cae-4626-ab4a-3c10d9751b2a-groupManagement] INFO  server.RaftServerConfigKeys (ConfUtils.java:logGet(46)) - raft.server.rpc.timeout.max = 5200ms (custom)
2023-12-21 09:24:34,314 [6ad9de2f-8cae-4626-ab4a-3c10d9751b2a-groupManagement] INFO  server.RaftServerConfigKeys (ConfUtils.java:logGet(46)) - raft.server.rpc.sleep.time = 25ms (default)
2023-12-21 09:24:34,314 [6ad9de2f-8cae-4626-ab4a-3c10d9751b2a-groupManagement] INFO  server.RaftServerConfigKeys (ConfUtils.java:logGet(46)) - raft.server.rpc.slowness.timeout = 300000ms (custom)
2023-12-21 09:24:34,315 [6ad9de2f-8cae-4626-ab4a-3c10d9751b2a-groupManagement] INFO  server.RaftServerConfigKeys (ConfUtils.java:logGet(46)) - raft.server.leaderelection.leader.step-down.wait-time = 10s (default)
2023-12-21 09:24:34,315 [6ad9de2f-8cae-4626-ab4a-3c10d9751b2a-groupManagement] INFO  server.RaftServerConfigKeys (ConfUtils.java:logGet(46)) - raft.server.leaderelection.member.majority-add = false (default)
2023-12-21 09:24:34,315 [6ad9de2f-8cae-4626-ab4a-3c10d9751b2a-groupManagement] INFO  server.RaftServerConfigKeys (ConfUtils.java:logGet(46)) - raft.server.sleep.deviation.threshold = 300ms (default)
2023-12-21 09:24:34,315 [6ad9de2f-8cae-4626-ab4a-3c10d9751b2a-groupManagement] INFO  server.RaftServer$Division (ServerState.java:<init>(113)) - 6ad9de2f-8cae-4626-ab4a-3c10d9751b2a@group-17B6D6E64A16: ConfigurationManager, init=-1: peers:[6ad9de2f-8cae-4626-ab4a-3c10d9751b2a|10.1.0.5:15192]|listeners:[], old=null, confs=<EMPTY_MAP>
2023-12-21 09:24:34,315 [6ad9de2f-8cae-4626-ab4a-3c10d9751b2a-groupManagement] INFO  server.RaftServerConfigKeys (ConfUtils.java:logGet(46)) - raft.server.notification.no-leader.timeout = 300000ms (custom)
2023-12-21 09:24:34,315 [6ad9de2f-8cae-4626-ab4a-3c10d9751b2a-groupManagement] INFO  server.RaftServerConfigKeys (ConfUtils.java:logGet(46)) - raft.server.read.timeout = 10s (default)
2023-12-21 09:24:34,315 [6ad9de2f-8cae-4626-ab4a-3c10d9751b2a-groupManagement] INFO  server.RaftServerConfigKeys (ConfUtils.java:logGet(46)) - raft.server.retrycache.expirytime = 600000ms (custom)
2023-12-21 09:24:34,315 [6ad9de2f-8cae-4626-ab4a-3c10d9751b2a-groupManagement] INFO  server.RaftServerConfigKeys (ConfUtils.java:logGet(46)) - raft.server.retrycache.statistics.expirytime = 100ms (default)
2023-12-21 09:24:34,315 [6ad9de2f-8cae-4626-ab4a-3c10d9751b2a-groupManagement] INFO  server.RaftServerConfigKeys (ConfUtils.java:logGet(46)) - raft.server.read.option = DEFAULT (default)
2023-12-21 09:24:34,315 [6ad9de2f-8cae-4626-ab4a-3c10d9751b2a-groupManagement] INFO  server.RaftServerConfigKeys (ConfUtils.java:logGet(46)) - raft.server.read.read-after-write-consistent.write-index-cache.expiry-time = 60s (default)
2023-12-21 09:24:34,317 [6ad9de2f-8cae-4626-ab4a-3c10d9751b2a-groupManagement] INFO  server.RaftServerConfigKeys (ConfUtils.java:logGet(46)) - raft.server.rpc.request.timeout = 3000ms (default)
2023-12-21 09:24:34,317 [6ad9de2f-8cae-4626-ab4a-3c10d9751b2a-groupManagement] INFO  server.RaftServerConfigKeys (ConfUtils.java:logGet(46)) - raft.server.log.appender.install.snapshot.enabled = false (custom)
2023-12-21 09:24:34,317 [6ad9de2f-8cae-4626-ab4a-3c10d9751b2a-groupManagement] INFO  server.RaftServerConfigKeys (ConfUtils.java:logGet(46)) - raft.server.threadpool.server.cached = true (default)
2023-12-21 09:24:34,317 [6ad9de2f-8cae-4626-ab4a-3c10d9751b2a-groupManagement] INFO  server.RaftServerConfigKeys (ConfUtils.java:logGet(46)) - raft.server.threadpool.server.size = 0 (default)
2023-12-21 09:24:34,317 [6ad9de2f-8cae-4626-ab4a-3c10d9751b2a-groupManagement] INFO  server.RaftServerConfigKeys (ConfUtils.java:logGet(46)) - raft.server.threadpool.client.cached = true (default)
2023-12-21 09:24:34,317 [6ad9de2f-8cae-4626-ab4a-3c10d9751b2a-groupManagement] INFO  server.RaftServerConfigKeys (ConfUtils.java:logGet(46)) - raft.server.threadpool.client.size = 0 (default)
2023-12-21 09:24:34,317 [6ad9de2f-8cae-4626-ab4a-3c10d9751b2a-groupManagement] INFO  server.RaftServerConfigKeys (ConfUtils.java:logGet(46)) - raft.server.storage.free-space.min = 0MB (=0) (default)
2023-12-21 09:24:34,317 [6ad9de2f-8cae-4626-ab4a-3c10d9751b2a-groupManagement] INFO  server.RaftServerConfigKeys (ConfUtils.java:logGet(46)) - raft.server.log.corruption.policy = EXCEPTION (default)
2023-12-21 09:24:34,317 [6ad9de2f-8cae-4626-ab4a-3c10d9751b2a-groupManagement] INFO  server.RaftServerConfigKeys (ConfUtils.java:logGet(46)) - raft.server.storage.dir = [/home/runner/work/ozone/ozone/hadoop-ozone/integration-test/target/test-dir/MiniOzoneClusterImpl-e4d55aeb-da58-408a-87dd-e45f7ef8a31a/datanode-0/data/ratis] (custom)
2023-12-21 09:24:34,317 [6ad9de2f-8cae-4626-ab4a-3c10d9751b2a-groupManagement] INFO  storage.RaftStorageDirectory (RaftStorageDirectoryImpl.java:analyzeStorage(138)) - The storage directory /home/runner/work/ozone/ozone/hadoop-ozone/integration-test/target/test-dir/MiniOzoneClusterImpl-e4d55aeb-da58-408a-87dd-e45f7ef8a31a/datanode-0/data/ratis/56accd26-b42e-49a1-abf1-17b6d6e64a16 does not exist. Creating ...
2023-12-21 09:24:34,318 [6ad9de2f-8cae-4626-ab4a-3c10d9751b2a-groupManagement] INFO  storage.RaftStorageDirectory (RaftStorageDirectoryImpl.java:tryLock(232)) - Lock on /home/runner/work/ozone/ozone/hadoop-ozone/integration-test/target/test-dir/MiniOzoneClusterImpl-e4d55aeb-da58-408a-87dd-e45f7ef8a31a/datanode-0/data/ratis/56accd26-b42e-49a1-abf1-17b6d6e64a16/in_use.lock acquired by nodename 85023@fv-az1023-676
2023-12-21 09:24:34,319 [6ad9de2f-8cae-4626-ab4a-3c10d9751b2a-groupManagement] INFO  storage.RaftStorage (RaftStorageImpl.java:format(97)) - Storage directory /home/runner/work/ozone/ozone/hadoop-ozone/integration-test/target/test-dir/MiniOzoneClusterImpl-e4d55aeb-da58-408a-87dd-e45f7ef8a31a/datanode-0/data/ratis/56accd26-b42e-49a1-abf1-17b6d6e64a16 has been successfully formatted.
2023-12-21 09:24:34,320 [6ad9de2f-8cae-4626-ab4a-3c10d9751b2a-groupManagement] INFO  ratis.ContainerStateMachine (ContainerStateMachine.java:loadSnapshot(287)) - group-17B6D6E64A16: The snapshot info is null. Setting the last applied indexto:(t:0, i:~)
2023-12-21 09:24:34,320 [6ad9de2f-8cae-4626-ab4a-3c10d9751b2a-groupManagement] INFO  server.RaftServerConfigKeys (ConfUtils.java:logGet(46)) - raft.server.log.use.memory = false (default)
2023-12-21 09:24:34,320 [6ad9de2f-8cae-4626-ab4a-3c10d9751b2a-groupManagement] INFO  server.RaftServerConfigKeys (ConfUtils.java:logGet(46)) - raft.server.log.purge.gap = 1000000 (custom)
2023-12-21 09:24:34,320 [6ad9de2f-8cae-4626-ab4a-3c10d9751b2a-groupManagement] INFO  server.RaftServerConfigKeys (ConfUtils.java:logGet(46)) - raft.server.log.appender.buffer.byte-limit = 8388608 (custom)
2023-12-21 09:24:34,320 [6ad9de2f-8cae-4626-ab4a-3c10d9751b2a-groupManagement] INFO  server.RaftServerConfigKeys (ConfUtils.java:logGet(46)) - raft.server.log.statemachine.data.read.timeout = 1000ms (default)
2023-12-21 09:24:34,320 [6ad9de2f-8cae-4626-ab4a-3c10d9751b2a-groupManagement] INFO  server.RaftServerConfigKeys (ConfUtils.java:logGet(46)) - raft.server.log.purge.preservation.log.num = 0 (default)
2023-12-21 09:24:34,321 [EventQueue-PipelineReportForPipelineReportHandler] INFO  pipeline.PipelineReportHandler (PipelineReportHandler.java:processPipelineReport(136)) - Opened pipeline PipelineID=56accd26-b42e-49a1-abf1-17b6d6e64a16
2023-12-21 09:24:34,322 [EventQueue-OpenPipelineForHealthyPipelineSafeModeRule] INFO  safemode.SCMSafeModeManager (HealthyPipelineSafeModeRule.java:process(140)) - SCM in safe mode. Healthy pipelines reported count is 0, required healthy pipeline reported count is 1
2023-12-21 09:24:34,322 [6ad9de2f-8cae-4626-ab4a-3c10d9751b2a-groupManagement] INFO  server.RaftServerConfigKeys (ConfUtils.java:logGet(46)) - raft.server.log.segment.size.max = 67108864 (custom)
2023-12-21 09:24:34,323 [6ad9de2f-8cae-4626-ab4a-3c10d9751b2a-groupManagement] INFO  server.RaftServerConfigKeys (ConfUtils.java:logGet(46)) - raft.server.log.segment.cache.num.max = 2 (custom)
2023-12-21 09:24:34,323 [6ad9de2f-8cae-4626-ab4a-3c10d9751b2a-groupManagement] INFO  server.RaftServerConfigKeys (ConfUtils.java:logGet(46)) - raft.server.log.segment.cache.size.max = 200MB (=209715200) (default)
2023-12-21 09:24:34,323 [6ad9de2f-8cae-4626-ab4a-3c10d9751b2a-groupManagement] INFO  server.RaftServerConfigKeys (ConfUtils.java:logGet(46)) - raft.server.log.appender.buffer.byte-limit = 8388608 (custom)
2023-12-21 09:24:34,323 [6ad9de2f-8cae-4626-ab4a-3c10d9751b2a-groupManagement] INFO  util.AwaitToRun (AwaitToRun.java:start(81)) - Thread[6ad9de2f-8cae-4626-ab4a-3c10d9751b2a@group-17B6D6E64A16-cacheEviction-AwaitToRun,5,main] started
2023-12-21 09:24:34,323 [6ad9de2f-8cae-4626-ab4a-3c10d9751b2a-groupManagement] INFO  segmented.SegmentedRaftLogWorker (SegmentedRaftLogWorker.java:<init>(184)) - new 6ad9de2f-8cae-4626-ab4a-3c10d9751b2a@group-17B6D6E64A16-SegmentedRaftLogWorker for RaftStorageImpl:Storage Directory /home/runner/work/ozone/ozone/hadoop-ozone/integration-test/target/test-dir/MiniOzoneClusterImpl-e4d55aeb-da58-408a-87dd-e45f7ef8a31a/datanode-0/data/ratis/56accd26-b42e-49a1-abf1-17b6d6e64a16
2023-12-21 09:24:34,323 [6ad9de2f-8cae-4626-ab4a-3c10d9751b2a-groupManagement] INFO  server.RaftServerConfigKeys (ConfUtils.java:logGet(46)) - raft.server.log.queue.byte-limit = 4294967296 (custom)
2023-12-21 09:24:34,323 [6ad9de2f-8cae-4626-ab4a-3c10d9751b2a-groupManagement] INFO  server.RaftServerConfigKeys (ConfUtils.java:logGet(46)) - raft.server.log.queue.element-limit = 1024 (custom)
2023-12-21 09:24:34,323 [6ad9de2f-8cae-4626-ab4a-3c10d9751b2a-groupManagement] INFO  server.RaftServerConfigKeys (ConfUtils.java:logGet(46)) - raft.server.log.segment.size.max = 67108864 (custom)
2023-12-21 09:24:34,323 [6ad9de2f-8cae-4626-ab4a-3c10d9751b2a-groupManagement] INFO  server.RaftServerConfigKeys (ConfUtils.java:logGet(46)) - raft.server.log.preallocated.size = 4194304 (custom)
2023-12-21 09:24:34,323 [6ad9de2f-8cae-4626-ab4a-3c10d9751b2a-groupManagement] INFO  server.RaftServerConfigKeys (ConfUtils.java:logGet(46)) - raft.server.log.force.sync.num = 128 (default)
2023-12-21 09:24:34,323 [6ad9de2f-8cae-4626-ab4a-3c10d9751b2a-groupManagement] INFO  server.RaftServerConfigKeys (ConfUtils.java:logGet(46)) - raft.server.log.statemachine.data.sync = true (default)
2023-12-21 09:24:34,323 [6ad9de2f-8cae-4626-ab4a-3c10d9751b2a-groupManagement] INFO  server.RaftServerConfigKeys (ConfUtils.java:logGet(46)) - raft.server.log.statemachine.data.sync.timeout = 10s (default)
2023-12-21 09:24:34,323 [6ad9de2f-8cae-4626-ab4a-3c10d9751b2a-groupManagement] INFO  server.RaftServerConfigKeys (ConfUtils.java:logGet(46)) - raft.server.log.statemachine.data.sync.timeout.retry = 0 (custom)
2023-12-21 09:24:34,324 [6ad9de2f-8cae-4626-ab4a-3c10d9751b2a-groupManagement] INFO  server.RaftServerConfigKeys (ConfUtils.java:logGet(46)) - raft.server.log.write.buffer.size = 8388616 (custom)
2023-12-21 09:24:34,325 [6ad9de2f-8cae-4626-ab4a-3c10d9751b2a-groupManagement] INFO  server.RaftServerConfigKeys (ConfUtils.java:logGet(46)) - raft.server.log.appender.buffer.byte-limit = 8388608 (custom)
2023-12-21 09:24:34,326 [6ad9de2f-8cae-4626-ab4a-3c10d9751b2a-groupManagement] INFO  server.RaftServerConfigKeys (ConfUtils.java:logGet(46)) - raft.server.log.unsafe-flush.enabled = false (default)
2023-12-21 09:24:34,326 [6ad9de2f-8cae-4626-ab4a-3c10d9751b2a-groupManagement] INFO  server.RaftServerConfigKeys (ConfUtils.java:logGet(46)) - raft.server.log.async-flush.enabled = false (default)
2023-12-21 09:24:34,326 [6ad9de2f-8cae-4626-ab4a-3c10d9751b2a-groupManagement] INFO  server.RaftServerConfigKeys (ConfUtils.java:logGet(46)) - raft.server.log.statemachine.data.caching.enabled = true (custom)
2023-12-21 09:24:34,326 [6ad9de2f-8cae-4626-ab4a-3c10d9751b2a-groupManagement] INFO  segmented.SegmentedRaftLogWorker (SegmentedRaftLogWorker.java:lambda$new$0(135)) - 6ad9de2f-8cae-4626-ab4a-3c10d9751b2a@group-17B6D6E64A16-SegmentedRaftLogWorker: flushIndex: setUnconditionally 0 -> -1
2023-12-21 09:24:34,326 [6ad9de2f-8cae-4626-ab4a-3c10d9751b2a-groupManagement] INFO  segmented.SegmentedRaftLogWorker (SegmentedRaftLogWorker.java:lambda$new$0(135)) - 6ad9de2f-8cae-4626-ab4a-3c10d9751b2a@group-17B6D6E64A16-SegmentedRaftLogWorker: safeCacheEvictIndex: setUnconditionally 0 -> -1
2023-12-21 09:24:34,326 [6ad9de2f-8cae-4626-ab4a-3c10d9751b2a-groupManagement] INFO  server.RaftServer$Division (RaftServerImpl.java:start(392)) - 6ad9de2f-8cae-4626-ab4a-3c10d9751b2a@group-17B6D6E64A16: start as a follower, conf=-1: peers:[6ad9de2f-8cae-4626-ab4a-3c10d9751b2a|10.1.0.5:15192]|listeners:[], old=null
2023-12-21 09:24:34,326 [6ad9de2f-8cae-4626-ab4a-3c10d9751b2a-groupManagement] INFO  server.RaftServer$Division (RaftServerImpl.java:setRole(379)) - 6ad9de2f-8cae-4626-ab4a-3c10d9751b2a@group-17B6D6E64A16: changes role from      null to FOLLOWER at term 0 for startAsFollower
2023-12-21 09:24:34,326 [6ad9de2f-8cae-4626-ab4a-3c10d9751b2a-groupManagement] INFO  impl.RoleInfo (RoleInfo.java:updateAndGet(139)) - 6ad9de2f-8cae-4626-ab4a-3c10d9751b2a: start 6ad9de2f-8cae-4626-ab4a-3c10d9751b2a@group-17B6D6E64A16-FollowerState
2023-12-21 09:24:34,326 [6ad9de2f-8cae-4626-ab4a-3c10d9751b2a-groupManagement] INFO  util.JmxRegister (JmxRegister.java:tryRegister(44)) - Successfully registered JMX Bean with object name Ratis:service=RaftServer,group=group-17B6D6E64A16,id=6ad9de2f-8cae-4626-ab4a-3c10d9751b2a
2023-12-21 09:24:34,326 [6ad9de2f-8cae-4626-ab4a-3c10d9751b2a@group-17B6D6E64A16-FollowerState] INFO  server.RaftServerConfigKeys (ConfUtils.java:logFallback(53)) - raft.server.rpc.first-election.timeout.min = 5s (fallback to raft.server.rpc.timeout.min)
2023-12-21 09:24:34,326 [6ad9de2f-8cae-4626-ab4a-3c10d9751b2a-groupManagement] INFO  server.RaftServerConfigKeys (ConfUtils.java:logGet(46)) - raft.server.snapshot.trigger-when-stop.enabled = true (default)
2023-12-21 09:24:34,327 [6ad9de2f-8cae-4626-ab4a-3c10d9751b2a@group-17B6D6E64A16-FollowerState] INFO  server.RaftServerConfigKeys (ConfUtils.java:logFallback(53)) - raft.server.rpc.first-election.timeout.max = 5200ms (fallback to raft.server.rpc.timeout.max)
2023-12-21 09:24:34,327 [6ad9de2f-8cae-4626-ab4a-3c10d9751b2a-groupManagement] INFO  server.RaftServerConfigKeys (ConfUtils.java:logGet(46)) - raft.server.snapshot.auto.trigger.enabled = true (custom)
2023-12-21 09:24:34,327 [6ad9de2f-8cae-4626-ab4a-3c10d9751b2a-groupManagement] INFO  server.RaftServerConfigKeys (ConfUtils.java:logGet(46)) - raft.server.snapshot.auto.trigger.threshold = 10000 (custom)
2023-12-21 09:24:34,327 [6ad9de2f-8cae-4626-ab4a-3c10d9751b2a-groupManagement] INFO  server.RaftServerConfigKeys (ConfUtils.java:logGet(46)) - raft.server.snapshot.retention.file.num = 5 (custom)
2023-12-21 09:24:34,327 [6ad9de2f-8cae-4626-ab4a-3c10d9751b2a-groupManagement] INFO  server.RaftServerConfigKeys (ConfUtils.java:logGet(46)) - raft.server.log.purge.upto.snapshot.index = false (default)
2023-12-21 09:24:34,327 [6ad9de2f-8cae-4626-ab4a-3c10d9751b2a-PipelineCommandHandlerThread-0] INFO  ratis.XceiverServerRatis (XceiverServerRatis.java:addGroup(837)) - Created group PipelineID=56accd26-b42e-49a1-abf1-17b6d6e64a16
2023-12-21 09:24:34,327 [6ad9de2f-8cae-4626-ab4a-3c10d9751b2a-PipelineCommandHandlerThread-0] INFO  commandhandler.CreatePipelineCommandHandler (CreatePipelineCommandHandler.java:lambda$handle$2(124)) - Created Pipeline RATIS ONE PipelineID=56accd26-b42e-49a1-abf1-17b6d6e64a16.
2023-12-21 09:24:34,328 [6ad9de2f-8cae-4626-ab4a-3c10d9751b2a-PipelineCommandHandlerThread-0] INFO  server.RaftServer (RaftServerProxy.java:addNew(100)) - 6ad9de2f-8cae-4626-ab4a-3c10d9751b2a: addNew group-9735F55147B9:[6ad9de2f-8cae-4626-ab4a-3c10d9751b2a|10.1.0.5:15192, 35bb34bc-f9d7-49f2-90a3-8bcd6ca0b53b|10.1.0.5:15201, 981caf93-6f40-449f-9dad-f58530f26ff1|10.1.0.5:15210] returns group-9735F55147B9:java.util.concurrent.CompletableFuture@514fa96a[Not completed]
2023-12-21 09:24:34,329 [6ad9de2f-8cae-4626-ab4a-3c10d9751b2a-groupManagement] INFO  server.RaftServer$Division (RaftServerImpl.java:<init>(256)) - 6ad9de2f-8cae-4626-ab4a-3c10d9751b2a: new RaftServerImpl for group-9735F55147B9:[6ad9de2f-8cae-4626-ab4a-3c10d9751b2a|10.1.0.5:15192, 35bb34bc-f9d7-49f2-90a3-8bcd6ca0b53b|10.1.0.5:15201, 981caf93-6f40-449f-9dad-f58530f26ff1|10.1.0.5:15210] with ContainerStateMachine:uninitialized
2023-12-21 09:24:34,329 [6ad9de2f-8cae-4626-ab4a-3c10d9751b2a-groupManagement] INFO  server.RaftServerConfigKeys (ConfUtils.java:logGet(46)) - raft.server.rpc.timeout.min = 5s (custom)
2023-12-21 09:24:34,329 [6ad9de2f-8cae-4626-ab4a-3c10d9751b2a-groupManagement] INFO  server.RaftServerConfigKeys (ConfUtils.java:logGet(46)) - raft.server.rpc.timeout.max = 5200ms (custom)
2023-12-21 09:24:34,329 [6ad9de2f-8cae-4626-ab4a-3c10d9751b2a-groupManagement] INFO  server.RaftServerConfigKeys (ConfUtils.java:logGet(46)) - raft.server.rpc.sleep.time = 25ms (default)
2023-12-21 09:24:34,329 [6ad9de2f-8cae-4626-ab4a-3c10d9751b2a-groupManagement] INFO  server.RaftServerConfigKeys (ConfUtils.java:logGet(46)) - raft.server.rpc.slowness.timeout = 300000ms (custom)
2023-12-21 09:24:34,329 [6ad9de2f-8cae-4626-ab4a-3c10d9751b2a-groupManagement] INFO  server.RaftServerConfigKeys (ConfUtils.java:logGet(46)) - raft.server.leaderelection.leader.step-down.wait-time = 10s (default)
2023-12-21 09:24:34,329 [6ad9de2f-8cae-4626-ab4a-3c10d9751b2a-groupManagement] INFO  server.RaftServerConfigKeys (ConfUtils.java:logGet(46)) - raft.server.leaderelection.member.majority-add = false (default)
2023-12-21 09:24:34,329 [6ad9de2f-8cae-4626-ab4a-3c10d9751b2a-groupManagement] INFO  server.RaftServerConfigKeys (ConfUtils.java:logGet(46)) - raft.server.sleep.deviation.threshold = 300ms (default)
2023-12-21 09:24:34,329 [6ad9de2f-8cae-4626-ab4a-3c10d9751b2a-groupManagement] INFO  server.RaftServer$Division (ServerState.java:<init>(113)) - 6ad9de2f-8cae-4626-ab4a-3c10d9751b2a@group-9735F55147B9: ConfigurationManager, init=-1: peers:[6ad9de2f-8cae-4626-ab4a-3c10d9751b2a|10.1.0.5:15192, 35bb34bc-f9d7-49f2-90a3-8bcd6ca0b53b|10.1.0.5:15201, 981caf93-6f40-449f-9dad-f58530f26ff1|10.1.0.5:15210]|listeners:[], old=null, confs=<EMPTY_MAP>
2023-12-21 09:24:34,329 [6ad9de2f-8cae-4626-ab4a-3c10d9751b2a-groupManagement] INFO  server.RaftServerConfigKeys (ConfUtils.java:logGet(46)) - raft.server.notification.no-leader.timeout = 300000ms (custom)
2023-12-21 09:24:34,329 [6ad9de2f-8cae-4626-ab4a-3c10d9751b2a-groupManagement] INFO  server.RaftServerConfigKeys (ConfUtils.java:logGet(46)) - raft.server.read.timeout = 10s (default)
2023-12-21 09:24:34,329 [6ad9de2f-8cae-4626-ab4a-3c10d9751b2a-groupManagement] INFO  server.RaftServerConfigKeys (ConfUtils.java:logGet(46)) - raft.server.retrycache.expirytime = 600000ms (custom)
2023-12-21 09:24:34,329 [6ad9de2f-8cae-4626-ab4a-3c10d9751b2a-groupManagement] INFO  server.RaftServerConfigKeys (ConfUtils.java:logGet(46)) - raft.server.retrycache.statistics.expirytime = 100ms (default)
2023-12-21 09:24:34,330 [6ad9de2f-8cae-4626-ab4a-3c10d9751b2a-groupManagement] INFO  server.RaftServerConfigKeys (ConfUtils.java:logGet(46)) - raft.server.read.option = DEFAULT (default)
2023-12-21 09:24:34,330 [6ad9de2f-8cae-4626-ab4a-3c10d9751b2a-groupManagement] INFO  server.RaftServerConfigKeys (ConfUtils.java:logGet(46)) - raft.server.read.read-after-write-consistent.write-index-cache.expiry-time = 60s (default)
2023-12-21 09:24:34,331 [6ad9de2f-8cae-4626-ab4a-3c10d9751b2a-groupManagement] INFO  server.RaftServerConfigKeys (ConfUtils.java:logGet(46)) - raft.server.rpc.request.timeout = 3000ms (default)
2023-12-21 09:24:34,331 [6ad9de2f-8cae-4626-ab4a-3c10d9751b2a-groupManagement] INFO  server.RaftServerConfigKeys (ConfUtils.java:logGet(46)) - raft.server.log.appender.install.snapshot.enabled = false (custom)
2023-12-21 09:24:34,331 [6ad9de2f-8cae-4626-ab4a-3c10d9751b2a-groupManagement] INFO  server.RaftServerConfigKeys (ConfUtils.java:logGet(46)) - raft.server.threadpool.server.cached = true (default)
2023-12-21 09:24:34,331 [6ad9de2f-8cae-4626-ab4a-3c10d9751b2a-groupManagement] INFO  server.RaftServerConfigKeys (ConfUtils.java:logGet(46)) - raft.server.threadpool.server.size = 0 (default)
2023-12-21 09:24:34,331 [6ad9de2f-8cae-4626-ab4a-3c10d9751b2a-groupManagement] INFO  server.RaftServerConfigKeys (ConfUtils.java:logGet(46)) - raft.server.threadpool.client.cached = true (default)
2023-12-21 09:24:34,331 [6ad9de2f-8cae-4626-ab4a-3c10d9751b2a-groupManagement] INFO  server.RaftServerConfigKeys (ConfUtils.java:logGet(46)) - raft.server.threadpool.client.size = 0 (default)
2023-12-21 09:24:34,331 [6ad9de2f-8cae-4626-ab4a-3c10d9751b2a-groupManagement] INFO  server.RaftServerConfigKeys (ConfUtils.java:logGet(46)) - raft.server.storage.free-space.min = 0MB (=0) (default)
2023-12-21 09:24:34,331 [6ad9de2f-8cae-4626-ab4a-3c10d9751b2a-groupManagement] INFO  server.RaftServerConfigKeys (ConfUtils.java:logGet(46)) - raft.server.log.corruption.policy = EXCEPTION (default)
2023-12-21 09:24:34,332 [6ad9de2f-8cae-4626-ab4a-3c10d9751b2a-groupManagement] INFO  server.RaftServerConfigKeys (ConfUtils.java:logGet(46)) - raft.server.storage.dir = [/home/runner/work/ozone/ozone/hadoop-ozone/integration-test/target/test-dir/MiniOzoneClusterImpl-e4d55aeb-da58-408a-87dd-e45f7ef8a31a/datanode-0/data/ratis] (custom)
2023-12-21 09:24:34,332 [6ad9de2f-8cae-4626-ab4a-3c10d9751b2a-groupManagement] INFO  storage.RaftStorageDirectory (RaftStorageDirectoryImpl.java:analyzeStorage(138)) - The storage directory /home/runner/work/ozone/ozone/hadoop-ozone/integration-test/target/test-dir/MiniOzoneClusterImpl-e4d55aeb-da58-408a-87dd-e45f7ef8a31a/datanode-0/data/ratis/c128298a-abb1-4cf1-a21c-9735f55147b9 does not exist. Creating ...
2023-12-21 09:24:34,333 [6ad9de2f-8cae-4626-ab4a-3c10d9751b2a-groupManagement] INFO  storage.RaftStorageDirectory (RaftStorageDirectoryImpl.java:tryLock(232)) - Lock on /home/runner/work/ozone/ozone/hadoop-ozone/integration-test/target/test-dir/MiniOzoneClusterImpl-e4d55aeb-da58-408a-87dd-e45f7ef8a31a/datanode-0/data/ratis/c128298a-abb1-4cf1-a21c-9735f55147b9/in_use.lock acquired by nodename 85023@fv-az1023-676
2023-12-21 09:24:34,334 [6ad9de2f-8cae-4626-ab4a-3c10d9751b2a-groupManagement] INFO  storage.RaftStorage (RaftStorageImpl.java:format(97)) - Storage directory /home/runner/work/ozone/ozone/hadoop-ozone/integration-test/target/test-dir/MiniOzoneClusterImpl-e4d55aeb-da58-408a-87dd-e45f7ef8a31a/datanode-0/data/ratis/c128298a-abb1-4cf1-a21c-9735f55147b9 has been successfully formatted.
2023-12-21 09:24:34,334 [6ad9de2f-8cae-4626-ab4a-3c10d9751b2a-groupManagement] INFO  ratis.ContainerStateMachine (ContainerStateMachine.java:loadSnapshot(287)) - group-9735F55147B9: The snapshot info is null. Setting the last applied indexto:(t:0, i:~)
2023-12-21 09:24:34,334 [6ad9de2f-8cae-4626-ab4a-3c10d9751b2a-groupManagement] INFO  server.RaftServerConfigKeys (ConfUtils.java:logGet(46)) - raft.server.log.use.memory = false (default)
2023-12-21 09:24:34,334 [6ad9de2f-8cae-4626-ab4a-3c10d9751b2a-groupManagement] INFO  server.RaftServerConfigKeys (ConfUtils.java:logGet(46)) - raft.server.log.purge.gap = 1000000 (custom)
2023-12-21 09:24:34,334 [6ad9de2f-8cae-4626-ab4a-3c10d9751b2a-groupManagement] INFO  server.RaftServerConfigKeys (ConfUtils.java:logGet(46)) - raft.server.log.appender.buffer.byte-limit = 8388608 (custom)
2023-12-21 09:24:34,335 [6ad9de2f-8cae-4626-ab4a-3c10d9751b2a-groupManagement] INFO  server.RaftServerConfigKeys (ConfUtils.java:logGet(46)) - raft.server.log.statemachine.data.read.timeout = 1000ms (default)
2023-12-21 09:24:34,335 [6ad9de2f-8cae-4626-ab4a-3c10d9751b2a-groupManagement] INFO  server.RaftServerConfigKeys (ConfUtils.java:logGet(46)) - raft.server.log.purge.preservation.log.num = 0 (default)
2023-12-21 09:24:34,335 [EventQueue-OpenPipelineForHealthyPipelineSafeModeRule] INFO  safemode.SCMSafeModeManager (HealthyPipelineSafeModeRule.java:process(140)) - SCM in safe mode. Healthy pipelines reported count is 0, required healthy pipeline reported count is 1
2023-12-21 09:24:34,337 [6ad9de2f-8cae-4626-ab4a-3c10d9751b2a-groupManagement] INFO  server.RaftServerConfigKeys (ConfUtils.java:logGet(46)) - raft.server.log.segment.size.max = 67108864 (custom)
2023-12-21 09:24:34,337 [6ad9de2f-8cae-4626-ab4a-3c10d9751b2a-groupManagement] INFO  server.RaftServerConfigKeys (ConfUtils.java:logGet(46)) - raft.server.log.segment.cache.num.max = 2 (custom)
2023-12-21 09:24:34,337 [6ad9de2f-8cae-4626-ab4a-3c10d9751b2a-groupManagement] INFO  server.RaftServerConfigKeys (ConfUtils.java:logGet(46)) - raft.server.log.segment.cache.size.max = 200MB (=209715200) (default)
2023-12-21 09:24:34,337 [6ad9de2f-8cae-4626-ab4a-3c10d9751b2a-groupManagement] INFO  server.RaftServerConfigKeys (ConfUtils.java:logGet(46)) - raft.server.log.appender.buffer.byte-limit = 8388608 (custom)
2023-12-21 09:24:34,337 [6ad9de2f-8cae-4626-ab4a-3c10d9751b2a-groupManagement] INFO  util.AwaitToRun (AwaitToRun.java:start(81)) - Thread[6ad9de2f-8cae-4626-ab4a-3c10d9751b2a@group-9735F55147B9-cacheEviction-AwaitToRun,5,main] started
2023-12-21 09:24:34,337 [6ad9de2f-8cae-4626-ab4a-3c10d9751b2a-groupManagement] INFO  segmented.SegmentedRaftLogWorker (SegmentedRaftLogWorker.java:<init>(184)) - new 6ad9de2f-8cae-4626-ab4a-3c10d9751b2a@group-9735F55147B9-SegmentedRaftLogWorker for RaftStorageImpl:Storage Directory /home/runner/work/ozone/ozone/hadoop-ozone/integration-test/target/test-dir/MiniOzoneClusterImpl-e4d55aeb-da58-408a-87dd-e45f7ef8a31a/datanode-0/data/ratis/c128298a-abb1-4cf1-a21c-9735f55147b9
2023-12-21 09:24:34,337 [6ad9de2f-8cae-4626-ab4a-3c10d9751b2a-groupManagement] INFO  server.RaftServerConfigKeys (ConfUtils.java:logGet(46)) - raft.server.log.queue.byte-limit = 4294967296 (custom)
2023-12-21 09:24:34,337 [6ad9de2f-8cae-4626-ab4a-3c10d9751b2a-groupManagement] INFO  server.RaftServerConfigKeys (ConfUtils.java:logGet(46)) - raft.server.log.queue.element-limit = 1024 (custom)
2023-12-21 09:24:34,338 [6ad9de2f-8cae-4626-ab4a-3c10d9751b2a-groupManagement] INFO  server.RaftServerConfigKeys (ConfUtils.java:logGet(46)) - raft.server.log.segment.size.max = 67108864 (custom)
2023-12-21 09:24:34,338 [6ad9de2f-8cae-4626-ab4a-3c10d9751b2a-groupManagement] INFO  server.RaftServerConfigKeys (ConfUtils.java:logGet(46)) - raft.server.log.preallocated.size = 4194304 (custom)
2023-12-21 09:24:34,338 [6ad9de2f-8cae-4626-ab4a-3c10d9751b2a-groupManagement] INFO  server.RaftServerConfigKeys (ConfUtils.java:logGet(46)) - raft.server.log.force.sync.num = 128 (default)
2023-12-21 09:24:34,338 [6ad9de2f-8cae-4626-ab4a-3c10d9751b2a-groupManagement] INFO  server.RaftServerConfigKeys (ConfUtils.java:logGet(46)) - raft.server.log.statemachine.data.sync = true (default)
2023-12-21 09:24:34,338 [6ad9de2f-8cae-4626-ab4a-3c10d9751b2a-groupManagement] INFO  server.RaftServerConfigKeys (ConfUtils.java:logGet(46)) - raft.server.log.statemachine.data.sync.timeout = 10s (default)
2023-12-21 09:24:34,338 [6ad9de2f-8cae-4626-ab4a-3c10d9751b2a-groupManagement] INFO  server.RaftServerConfigKeys (ConfUtils.java:logGet(46)) - raft.server.log.statemachine.data.sync.timeout.retry = 0 (custom)
2023-12-21 09:24:34,338 [6ad9de2f-8cae-4626-ab4a-3c10d9751b2a-groupManagement] INFO  server.RaftServerConfigKeys (ConfUtils.java:logGet(46)) - raft.server.log.write.buffer.size = 8388616 (custom)
2023-12-21 09:24:34,340 [6ad9de2f-8cae-4626-ab4a-3c10d9751b2a-groupManagement] INFO  server.RaftServerConfigKeys (ConfUtils.java:logGet(46)) - raft.server.log.appender.buffer.byte-limit = 8388608 (custom)
2023-12-21 09:24:34,341 [6ad9de2f-8cae-4626-ab4a-3c10d9751b2a-groupManagement] INFO  server.RaftServerConfigKeys (ConfUtils.java:logGet(46)) - raft.server.log.unsafe-flush.enabled = false (default)
2023-12-21 09:24:34,341 [6ad9de2f-8cae-4626-ab4a-3c10d9751b2a-groupManagement] INFO  server.RaftServerConfigKeys (ConfUtils.java:logGet(46)) - raft.server.log.async-flush.enabled = false (default)
2023-12-21 09:24:34,341 [6ad9de2f-8cae-4626-ab4a-3c10d9751b2a-groupManagement] INFO  server.RaftServerConfigKeys (ConfUtils.java:logGet(46)) - raft.server.log.statemachine.data.caching.enabled = true (custom)
2023-12-21 09:24:34,341 [6ad9de2f-8cae-4626-ab4a-3c10d9751b2a-groupManagement] INFO  segmented.SegmentedRaftLogWorker (SegmentedRaftLogWorker.java:lambda$new$0(135)) - 6ad9de2f-8cae-4626-ab4a-3c10d9751b2a@group-9735F55147B9-SegmentedRaftLogWorker: flushIndex: setUnconditionally 0 -> -1
2023-12-21 09:24:34,341 [6ad9de2f-8cae-4626-ab4a-3c10d9751b2a-groupManagement] INFO  segmented.SegmentedRaftLogWorker (SegmentedRaftLogWorker.java:lambda$new$0(135)) - 6ad9de2f-8cae-4626-ab4a-3c10d9751b2a@group-9735F55147B9-SegmentedRaftLogWorker: safeCacheEvictIndex: setUnconditionally 0 -> -1
2023-12-21 09:24:34,341 [6ad9de2f-8cae-4626-ab4a-3c10d9751b2a-groupManagement] INFO  server.RaftServer$Division (RaftServerImpl.java:start(392)) - 6ad9de2f-8cae-4626-ab4a-3c10d9751b2a@group-9735F55147B9: start as a follower, conf=-1: peers:[6ad9de2f-8cae-4626-ab4a-3c10d9751b2a|10.1.0.5:15192, 35bb34bc-f9d7-49f2-90a3-8bcd6ca0b53b|10.1.0.5:15201, 981caf93-6f40-449f-9dad-f58530f26ff1|10.1.0.5:15210]|listeners:[], old=null
2023-12-21 09:24:34,341 [6ad9de2f-8cae-4626-ab4a-3c10d9751b2a-groupManagement] INFO  server.RaftServer$Division (RaftServerImpl.java:setRole(379)) - 6ad9de2f-8cae-4626-ab4a-3c10d9751b2a@group-9735F55147B9: changes role from      null to FOLLOWER at term 0 for startAsFollower
2023-12-21 09:24:34,341 [6ad9de2f-8cae-4626-ab4a-3c10d9751b2a-groupManagement] INFO  impl.RoleInfo (RoleInfo.java:updateAndGet(139)) - 6ad9de2f-8cae-4626-ab4a-3c10d9751b2a: start 6ad9de2f-8cae-4626-ab4a-3c10d9751b2a@group-9735F55147B9-FollowerState
2023-12-21 09:24:34,341 [6ad9de2f-8cae-4626-ab4a-3c10d9751b2a-groupManagement] INFO  util.JmxRegister (JmxRegister.java:tryRegister(44)) - Successfully registered JMX Bean with object name Ratis:service=RaftServer,group=group-9735F55147B9,id=6ad9de2f-8cae-4626-ab4a-3c10d9751b2a
2023-12-21 09:24:34,341 [6ad9de2f-8cae-4626-ab4a-3c10d9751b2a@group-9735F55147B9-FollowerState] INFO  server.RaftServerConfigKeys (ConfUtils.java:logFallback(53)) - raft.server.rpc.first-election.timeout.min = 5s (fallback to raft.server.rpc.timeout.min)
2023-12-21 09:24:34,342 [6ad9de2f-8cae-4626-ab4a-3c10d9751b2a@group-9735F55147B9-FollowerState] INFO  server.RaftServerConfigKeys (ConfUtils.java:logFallback(53)) - raft.server.rpc.first-election.timeout.max = 5200ms (fallback to raft.server.rpc.timeout.max)
2023-12-21 09:24:34,342 [6ad9de2f-8cae-4626-ab4a-3c10d9751b2a-groupManagement] INFO  server.RaftServerConfigKeys (ConfUtils.java:logGet(46)) - raft.server.snapshot.trigger-when-stop.enabled = true (default)
2023-12-21 09:24:34,342 [6ad9de2f-8cae-4626-ab4a-3c10d9751b2a-groupManagement] INFO  server.RaftServerConfigKeys (ConfUtils.java:logGet(46)) - raft.server.snapshot.auto.trigger.enabled = true (custom)
2023-12-21 09:24:34,342 [6ad9de2f-8cae-4626-ab4a-3c10d9751b2a-groupManagement] INFO  server.RaftServerConfigKeys (ConfUtils.java:logGet(46)) - raft.server.snapshot.auto.trigger.threshold = 10000 (custom)
2023-12-21 09:24:34,342 [6ad9de2f-8cae-4626-ab4a-3c10d9751b2a-groupManagement] INFO  server.RaftServerConfigKeys (ConfUtils.java:logGet(46)) - raft.server.snapshot.retention.file.num = 5 (custom)
2023-12-21 09:24:34,342 [6ad9de2f-8cae-4626-ab4a-3c10d9751b2a-groupManagement] INFO  server.RaftServerConfigKeys (ConfUtils.java:logGet(46)) - raft.server.log.purge.upto.snapshot.index = false (default)
2023-12-21 09:24:34,343 [6ad9de2f-8cae-4626-ab4a-3c10d9751b2a-PipelineCommandHandlerThread-0] INFO  ratis.XceiverServerRatis (XceiverServerRatis.java:addGroup(837)) - Created group PipelineID=c128298a-abb1-4cf1-a21c-9735f55147b9
2023-12-21 09:24:34,383 [grpc-default-executor-0] INFO  server.RaftServer (RaftServerProxy.java:addNew(100)) - 35bb34bc-f9d7-49f2-90a3-8bcd6ca0b53b: addNew group-9735F55147B9:[6ad9de2f-8cae-4626-ab4a-3c10d9751b2a|10.1.0.5:15192, 35bb34bc-f9d7-49f2-90a3-8bcd6ca0b53b|10.1.0.5:15201, 981caf93-6f40-449f-9dad-f58530f26ff1|10.1.0.5:15210] returns group-9735F55147B9:java.util.concurrent.CompletableFuture@620f7242[Not completed]
2023-12-21 09:24:34,384 [35bb34bc-f9d7-49f2-90a3-8bcd6ca0b53b-groupManagement] INFO  server.RaftServer$Division (RaftServerImpl.java:<init>(256)) - 35bb34bc-f9d7-49f2-90a3-8bcd6ca0b53b: new RaftServerImpl for group-9735F55147B9:[6ad9de2f-8cae-4626-ab4a-3c10d9751b2a|10.1.0.5:15192, 35bb34bc-f9d7-49f2-90a3-8bcd6ca0b53b|10.1.0.5:15201, 981caf93-6f40-449f-9dad-f58530f26ff1|10.1.0.5:15210] with ContainerStateMachine:uninitialized
2023-12-21 09:24:34,384 [35bb34bc-f9d7-49f2-90a3-8bcd6ca0b53b-groupManagement] INFO  server.RaftServerConfigKeys (ConfUtils.java:logGet(46)) - raft.server.rpc.timeout.min = 5s (custom)
2023-12-21 09:24:34,384 [35bb34bc-f9d7-49f2-90a3-8bcd6ca0b53b-groupManagement] INFO  server.RaftServerConfigKeys (ConfUtils.java:logGet(46)) - raft.server.rpc.timeout.max = 5200ms (custom)
2023-12-21 09:24:34,384 [35bb34bc-f9d7-49f2-90a3-8bcd6ca0b53b-groupManagement] INFO  server.RaftServerConfigKeys (ConfUtils.java:logGet(46)) - raft.server.rpc.sleep.time = 25ms (default)
2023-12-21 09:24:34,385 [35bb34bc-f9d7-49f2-90a3-8bcd6ca0b53b-groupManagement] INFO  server.RaftServerConfigKeys (ConfUtils.java:logGet(46)) - raft.server.rpc.slowness.timeout = 300000ms (custom)
2023-12-21 09:24:34,385 [35bb34bc-f9d7-49f2-90a3-8bcd6ca0b53b-groupManagement] INFO  server.RaftServerConfigKeys (ConfUtils.java:logGet(46)) - raft.server.leaderelection.leader.step-down.wait-time = 10s (default)
2023-12-21 09:24:34,385 [35bb34bc-f9d7-49f2-90a3-8bcd6ca0b53b-groupManagement] INFO  server.RaftServerConfigKeys (ConfUtils.java:logGet(46)) - raft.server.leaderelection.member.majority-add = false (default)
2023-12-21 09:24:34,385 [35bb34bc-f9d7-49f2-90a3-8bcd6ca0b53b-groupManagement] INFO  server.RaftServerConfigKeys (ConfUtils.java:logGet(46)) - raft.server.sleep.deviation.threshold = 300ms (default)
2023-12-21 09:24:34,385 [35bb34bc-f9d7-49f2-90a3-8bcd6ca0b53b-groupManagement] INFO  server.RaftServer$Division (ServerState.java:<init>(113)) - 35bb34bc-f9d7-49f2-90a3-8bcd6ca0b53b@group-9735F55147B9: ConfigurationManager, init=-1: peers:[6ad9de2f-8cae-4626-ab4a-3c10d9751b2a|10.1.0.5:15192, 35bb34bc-f9d7-49f2-90a3-8bcd6ca0b53b|10.1.0.5:15201, 981caf93-6f40-449f-9dad-f58530f26ff1|10.1.0.5:15210]|listeners:[], old=null, confs=<EMPTY_MAP>
2023-12-21 09:24:34,385 [35bb34bc-f9d7-49f2-90a3-8bcd6ca0b53b-groupManagement] INFO  server.RaftServerConfigKeys (ConfUtils.java:logGet(46)) - raft.server.notification.no-leader.timeout = 300000ms (custom)
2023-12-21 09:24:34,385 [35bb34bc-f9d7-49f2-90a3-8bcd6ca0b53b-groupManagement] INFO  server.RaftServerConfigKeys (ConfUtils.java:logGet(46)) - raft.server.read.timeout = 10s (default)
2023-12-21 09:24:34,385 [35bb34bc-f9d7-49f2-90a3-8bcd6ca0b53b-groupManagement] INFO  server.RaftServerConfigKeys (ConfUtils.java:logGet(46)) - raft.server.retrycache.expirytime = 600000ms (custom)
2023-12-21 09:24:34,385 [35bb34bc-f9d7-49f2-90a3-8bcd6ca0b53b-groupManagement] INFO  server.RaftServerConfigKeys (ConfUtils.java:logGet(46)) - raft.server.retrycache.statistics.expirytime = 100ms (default)
2023-12-21 09:24:34,385 [35bb34bc-f9d7-49f2-90a3-8bcd6ca0b53b-groupManagement] INFO  server.RaftServerConfigKeys (ConfUtils.java:logGet(46)) - raft.server.read.option = DEFAULT (default)
2023-12-21 09:24:34,385 [35bb34bc-f9d7-49f2-90a3-8bcd6ca0b53b-groupManagement] INFO  server.RaftServerConfigKeys (ConfUtils.java:logGet(46)) - raft.server.read.read-after-write-consistent.write-index-cache.expiry-time = 60s (default)
2023-12-21 09:24:34,392 [35bb34bc-f9d7-49f2-90a3-8bcd6ca0b53b-groupManagement] INFO  server.RaftServerConfigKeys (ConfUtils.java:logGet(46)) - raft.server.rpc.request.timeout = 3000ms (default)
2023-12-21 09:24:34,393 [35bb34bc-f9d7-49f2-90a3-8bcd6ca0b53b-groupManagement] INFO  server.RaftServerConfigKeys (ConfUtils.java:logGet(46)) - raft.server.log.appender.install.snapshot.enabled = false (custom)
2023-12-21 09:24:34,393 [35bb34bc-f9d7-49f2-90a3-8bcd6ca0b53b-groupManagement] INFO  server.RaftServerConfigKeys (ConfUtils.java:logGet(46)) - raft.server.threadpool.server.cached = true (default)
2023-12-21 09:24:34,393 [35bb34bc-f9d7-49f2-90a3-8bcd6ca0b53b-groupManagement] INFO  server.RaftServerConfigKeys (ConfUtils.java:logGet(46)) - raft.server.threadpool.server.size = 0 (default)
2023-12-21 09:24:34,393 [35bb34bc-f9d7-49f2-90a3-8bcd6ca0b53b-groupManagement] INFO  server.RaftServerConfigKeys (ConfUtils.java:logGet(46)) - raft.server.threadpool.client.cached = true (default)
2023-12-21 09:24:34,393 [35bb34bc-f9d7-49f2-90a3-8bcd6ca0b53b-groupManagement] INFO  server.RaftServerConfigKeys (ConfUtils.java:logGet(46)) - raft.server.threadpool.client.size = 0 (default)
2023-12-21 09:24:34,393 [35bb34bc-f9d7-49f2-90a3-8bcd6ca0b53b-groupManagement] INFO  server.RaftServerConfigKeys (ConfUtils.java:logGet(46)) - raft.server.storage.free-space.min = 0MB (=0) (default)
2023-12-21 09:24:34,393 [35bb34bc-f9d7-49f2-90a3-8bcd6ca0b53b-groupManagement] INFO  server.RaftServerConfigKeys (ConfUtils.java:logGet(46)) - raft.server.log.corruption.policy = EXCEPTION (default)
2023-12-21 09:24:34,393 [35bb34bc-f9d7-49f2-90a3-8bcd6ca0b53b-groupManagement] INFO  server.RaftServerConfigKeys (ConfUtils.java:logGet(46)) - raft.server.storage.dir = [/home/runner/work/ozone/ozone/hadoop-ozone/integration-test/target/test-dir/MiniOzoneClusterImpl-e4d55aeb-da58-408a-87dd-e45f7ef8a31a/datanode-1/data/ratis] (custom)
2023-12-21 09:24:34,394 [35bb34bc-f9d7-49f2-90a3-8bcd6ca0b53b-groupManagement] INFO  storage.RaftStorageDirectory (RaftStorageDirectoryImpl.java:analyzeStorage(138)) - The storage directory /home/runner/work/ozone/ozone/hadoop-ozone/integration-test/target/test-dir/MiniOzoneClusterImpl-e4d55aeb-da58-408a-87dd-e45f7ef8a31a/datanode-1/data/ratis/c128298a-abb1-4cf1-a21c-9735f55147b9 does not exist. Creating ...
2023-12-21 09:24:34,395 [35bb34bc-f9d7-49f2-90a3-8bcd6ca0b53b-groupManagement] INFO  storage.RaftStorageDirectory (RaftStorageDirectoryImpl.java:tryLock(232)) - Lock on /home/runner/work/ozone/ozone/hadoop-ozone/integration-test/target/test-dir/MiniOzoneClusterImpl-e4d55aeb-da58-408a-87dd-e45f7ef8a31a/datanode-1/data/ratis/c128298a-abb1-4cf1-a21c-9735f55147b9/in_use.lock acquired by nodename 85023@fv-az1023-676
2023-12-21 09:24:34,396 [35bb34bc-f9d7-49f2-90a3-8bcd6ca0b53b-groupManagement] INFO  storage.RaftStorage (RaftStorageImpl.java:format(97)) - Storage directory /home/runner/work/ozone/ozone/hadoop-ozone/integration-test/target/test-dir/MiniOzoneClusterImpl-e4d55aeb-da58-408a-87dd-e45f7ef8a31a/datanode-1/data/ratis/c128298a-abb1-4cf1-a21c-9735f55147b9 has been successfully formatted.
2023-12-21 09:24:34,399 [35bb34bc-f9d7-49f2-90a3-8bcd6ca0b53b-groupManagement] INFO  ratis.ContainerStateMachine (ContainerStateMachine.java:loadSnapshot(287)) - group-9735F55147B9: The snapshot info is null. Setting the last applied indexto:(t:0, i:~)
2023-12-21 09:24:34,399 [35bb34bc-f9d7-49f2-90a3-8bcd6ca0b53b-groupManagement] INFO  server.RaftServerConfigKeys (ConfUtils.java:logGet(46)) - raft.server.log.use.memory = false (default)
2023-12-21 09:24:34,400 [35bb34bc-f9d7-49f2-90a3-8bcd6ca0b53b-groupManagement] INFO  server.RaftServerConfigKeys (ConfUtils.java:logGet(46)) - raft.server.log.purge.gap = 1000000 (custom)
2023-12-21 09:24:34,400 [35bb34bc-f9d7-49f2-90a3-8bcd6ca0b53b-groupManagement] INFO  server.RaftServerConfigKeys (ConfUtils.java:logGet(46)) - raft.server.log.appender.buffer.byte-limit = 8388608 (custom)
2023-12-21 09:24:34,400 [35bb34bc-f9d7-49f2-90a3-8bcd6ca0b53b-groupManagement] INFO  server.RaftServerConfigKeys (ConfUtils.java:logGet(46)) - raft.server.log.statemachine.data.read.timeout = 1000ms (default)
2023-12-21 09:24:34,400 [35bb34bc-f9d7-49f2-90a3-8bcd6ca0b53b-groupManagement] INFO  server.RaftServerConfigKeys (ConfUtils.java:logGet(46)) - raft.server.log.purge.preservation.log.num = 0 (default)
2023-12-21 09:24:34,401 [35bb34bc-f9d7-49f2-90a3-8bcd6ca0b53b-groupManagement] INFO  server.RaftServerConfigKeys (ConfUtils.java:logGet(46)) - raft.server.log.segment.size.max = 67108864 (custom)
2023-12-21 09:24:34,402 [35bb34bc-f9d7-49f2-90a3-8bcd6ca0b53b-groupManagement] INFO  server.RaftServerConfigKeys (ConfUtils.java:logGet(46)) - raft.server.log.segment.cache.num.max = 2 (custom)
2023-12-21 09:24:34,402 [35bb34bc-f9d7-49f2-90a3-8bcd6ca0b53b-groupManagement] INFO  server.RaftServerConfigKeys (ConfUtils.java:logGet(46)) - raft.server.log.segment.cache.size.max = 200MB (=209715200) (default)
2023-12-21 09:24:34,402 [35bb34bc-f9d7-49f2-90a3-8bcd6ca0b53b-groupManagement] INFO  server.RaftServerConfigKeys (ConfUtils.java:logGet(46)) - raft.server.log.appender.buffer.byte-limit = 8388608 (custom)
2023-12-21 09:24:34,402 [35bb34bc-f9d7-49f2-90a3-8bcd6ca0b53b-groupManagement] INFO  util.AwaitToRun (AwaitToRun.java:start(81)) - Thread[35bb34bc-f9d7-49f2-90a3-8bcd6ca0b53b@group-9735F55147B9-cacheEviction-AwaitToRun,5,main] started
2023-12-21 09:24:34,402 [35bb34bc-f9d7-49f2-90a3-8bcd6ca0b53b-groupManagement] INFO  segmented.SegmentedRaftLogWorker (SegmentedRaftLogWorker.java:<init>(184)) - new 35bb34bc-f9d7-49f2-90a3-8bcd6ca0b53b@group-9735F55147B9-SegmentedRaftLogWorker for RaftStorageImpl:Storage Directory /home/runner/work/ozone/ozone/hadoop-ozone/integration-test/target/test-dir/MiniOzoneClusterImpl-e4d55aeb-da58-408a-87dd-e45f7ef8a31a/datanode-1/data/ratis/c128298a-abb1-4cf1-a21c-9735f55147b9
2023-12-21 09:24:34,402 [35bb34bc-f9d7-49f2-90a3-8bcd6ca0b53b-groupManagement] INFO  server.RaftServerConfigKeys (ConfUtils.java:logGet(46)) - raft.server.log.queue.byte-limit = 4294967296 (custom)
2023-12-21 09:24:34,402 [35bb34bc-f9d7-49f2-90a3-8bcd6ca0b53b-groupManagement] INFO  server.RaftServerConfigKeys (ConfUtils.java:logGet(46)) - raft.server.log.queue.element-limit = 1024 (custom)
2023-12-21 09:24:34,402 [35bb34bc-f9d7-49f2-90a3-8bcd6ca0b53b-groupManagement] INFO  server.RaftServerConfigKeys (ConfUtils.java:logGet(46)) - raft.server.log.segment.size.max = 67108864 (custom)
2023-12-21 09:24:34,402 [35bb34bc-f9d7-49f2-90a3-8bcd6ca0b53b-groupManagement] INFO  server.RaftServerConfigKeys (ConfUtils.java:logGet(46)) - raft.server.log.preallocated.size = 4194304 (custom)
2023-12-21 09:24:34,402 [35bb34bc-f9d7-49f2-90a3-8bcd6ca0b53b-groupManagement] INFO  server.RaftServerConfigKeys (ConfUtils.java:logGet(46)) - raft.server.log.force.sync.num = 128 (default)
2023-12-21 09:24:34,402 [35bb34bc-f9d7-49f2-90a3-8bcd6ca0b53b-groupManagement] INFO  server.RaftServerConfigKeys (ConfUtils.java:logGet(46)) - raft.server.log.statemachine.data.sync = true (default)
2023-12-21 09:24:34,402 [35bb34bc-f9d7-49f2-90a3-8bcd6ca0b53b-groupManagement] INFO  server.RaftServerConfigKeys (ConfUtils.java:logGet(46)) - raft.server.log.statemachine.data.sync.timeout = 10s (default)
2023-12-21 09:24:34,402 [35bb34bc-f9d7-49f2-90a3-8bcd6ca0b53b-groupManagement] INFO  server.RaftServerConfigKeys (ConfUtils.java:logGet(46)) - raft.server.log.statemachine.data.sync.timeout.retry = 0 (custom)
2023-12-21 09:24:34,403 [35bb34bc-f9d7-49f2-90a3-8bcd6ca0b53b-groupManagement] INFO  server.RaftServerConfigKeys (ConfUtils.java:logGet(46)) - raft.server.log.write.buffer.size = 8388616 (custom)
2023-12-21 09:24:34,405 [35bb34bc-f9d7-49f2-90a3-8bcd6ca0b53b-groupManagement] INFO  server.RaftServerConfigKeys (ConfUtils.java:logGet(46)) - raft.server.log.appender.buffer.byte-limit = 8388608 (custom)
2023-12-21 09:24:34,405 [35bb34bc-f9d7-49f2-90a3-8bcd6ca0b53b-groupManagement] INFO  server.RaftServerConfigKeys (ConfUtils.java:logGet(46)) - raft.server.log.unsafe-flush.enabled = false (default)
2023-12-21 09:24:34,405 [35bb34bc-f9d7-49f2-90a3-8bcd6ca0b53b-groupManagement] INFO  server.RaftServerConfigKeys (ConfUtils.java:logGet(46)) - raft.server.log.async-flush.enabled = false (default)
2023-12-21 09:24:34,405 [35bb34bc-f9d7-49f2-90a3-8bcd6ca0b53b-groupManagement] INFO  server.RaftServerConfigKeys (ConfUtils.java:logGet(46)) - raft.server.log.statemachine.data.caching.enabled = true (custom)
2023-12-21 09:24:34,405 [35bb34bc-f9d7-49f2-90a3-8bcd6ca0b53b-groupManagement] INFO  segmented.SegmentedRaftLogWorker (SegmentedRaftLogWorker.java:lambda$new$0(135)) - 35bb34bc-f9d7-49f2-90a3-8bcd6ca0b53b@group-9735F55147B9-SegmentedRaftLogWorker: flushIndex: setUnconditionally 0 -> -1
2023-12-21 09:24:34,405 [35bb34bc-f9d7-49f2-90a3-8bcd6ca0b53b-groupManagement] INFO  segmented.SegmentedRaftLogWorker (SegmentedRaftLogWorker.java:lambda$new$0(135)) - 35bb34bc-f9d7-49f2-90a3-8bcd6ca0b53b@group-9735F55147B9-SegmentedRaftLogWorker: safeCacheEvictIndex: setUnconditionally 0 -> -1
2023-12-21 09:24:34,406 [35bb34bc-f9d7-49f2-90a3-8bcd6ca0b53b-groupManagement] INFO  server.RaftServer$Division (RaftServerImpl.java:start(392)) - 35bb34bc-f9d7-49f2-90a3-8bcd6ca0b53b@group-9735F55147B9: start as a follower, conf=-1: peers:[6ad9de2f-8cae-4626-ab4a-3c10d9751b2a|10.1.0.5:15192, 35bb34bc-f9d7-49f2-90a3-8bcd6ca0b53b|10.1.0.5:15201, 981caf93-6f40-449f-9dad-f58530f26ff1|10.1.0.5:15210]|listeners:[], old=null
2023-12-21 09:24:34,406 [35bb34bc-f9d7-49f2-90a3-8bcd6ca0b53b-groupManagement] INFO  server.RaftServer$Division (RaftServerImpl.java:setRole(379)) - 35bb34bc-f9d7-49f2-90a3-8bcd6ca0b53b@group-9735F55147B9: changes role from      null to FOLLOWER at term 0 for startAsFollower
2023-12-21 09:24:34,406 [35bb34bc-f9d7-49f2-90a3-8bcd6ca0b53b-groupManagement] INFO  impl.RoleInfo (RoleInfo.java:updateAndGet(139)) - 35bb34bc-f9d7-49f2-90a3-8bcd6ca0b53b: start 35bb34bc-f9d7-49f2-90a3-8bcd6ca0b53b@group-9735F55147B9-FollowerState
2023-12-21 09:24:34,406 [35bb34bc-f9d7-49f2-90a3-8bcd6ca0b53b-groupManagement] INFO  util.JmxRegister (JmxRegister.java:tryRegister(44)) - Successfully registered JMX Bean with object name Ratis:service=RaftServer,group=group-9735F55147B9,id=35bb34bc-f9d7-49f2-90a3-8bcd6ca0b53b
2023-12-21 09:24:34,406 [35bb34bc-f9d7-49f2-90a3-8bcd6ca0b53b-groupManagement] INFO  server.RaftServerConfigKeys (ConfUtils.java:logGet(46)) - raft.server.snapshot.trigger-when-stop.enabled = true (default)
2023-12-21 09:24:34,406 [35bb34bc-f9d7-49f2-90a3-8bcd6ca0b53b-groupManagement] INFO  server.RaftServerConfigKeys (ConfUtils.java:logGet(46)) - raft.server.snapshot.auto.trigger.enabled = true (custom)
2023-12-21 09:24:34,406 [35bb34bc-f9d7-49f2-90a3-8bcd6ca0b53b-groupManagement] INFO  server.RaftServerConfigKeys (ConfUtils.java:logGet(46)) - raft.server.snapshot.auto.trigger.threshold = 10000 (custom)
2023-12-21 09:24:34,406 [35bb34bc-f9d7-49f2-90a3-8bcd6ca0b53b-groupManagement] INFO  server.RaftServerConfigKeys (ConfUtils.java:logGet(46)) - raft.server.snapshot.retention.file.num = 5 (custom)
2023-12-21 09:24:34,406 [35bb34bc-f9d7-49f2-90a3-8bcd6ca0b53b-groupManagement] INFO  server.RaftServerConfigKeys (ConfUtils.java:logGet(46)) - raft.server.log.purge.upto.snapshot.index = false (default)
2023-12-21 09:24:34,408 [35bb34bc-f9d7-49f2-90a3-8bcd6ca0b53b@group-9735F55147B9-FollowerState] INFO  server.RaftServerConfigKeys (ConfUtils.java:logFallback(53)) - raft.server.rpc.first-election.timeout.min = 5s (fallback to raft.server.rpc.timeout.min)
2023-12-21 09:24:34,408 [35bb34bc-f9d7-49f2-90a3-8bcd6ca0b53b@group-9735F55147B9-FollowerState] INFO  server.RaftServerConfigKeys (ConfUtils.java:logFallback(53)) - raft.server.rpc.first-election.timeout.max = 5200ms (fallback to raft.server.rpc.timeout.max)
2023-12-21 09:24:34,417 [grpc-default-executor-0] INFO  server.RaftServer (RaftServerProxy.java:addNew(100)) - 981caf93-6f40-449f-9dad-f58530f26ff1: addNew group-9735F55147B9:[6ad9de2f-8cae-4626-ab4a-3c10d9751b2a|10.1.0.5:15192, 35bb34bc-f9d7-49f2-90a3-8bcd6ca0b53b|10.1.0.5:15201, 981caf93-6f40-449f-9dad-f58530f26ff1|10.1.0.5:15210] returns group-9735F55147B9:java.util.concurrent.CompletableFuture@3fd76028[Not completed]
2023-12-21 09:24:34,417 [35bb34bc-f9d7-49f2-90a3-8bcd6ca0b53b-PipelineCommandHandlerThread-0] INFO  server.RaftServer (RaftServerProxy.java:addNew(100)) - 35bb34bc-f9d7-49f2-90a3-8bcd6ca0b53b: addNew group-902FD70C1046:[35bb34bc-f9d7-49f2-90a3-8bcd6ca0b53b|10.1.0.5:15201] returns group-902FD70C1046:java.util.concurrent.CompletableFuture@286f7646[Not completed]
2023-12-21 09:24:34,418 [35bb34bc-f9d7-49f2-90a3-8bcd6ca0b53b-groupManagement] INFO  server.RaftServer$Division (RaftServerImpl.java:<init>(256)) - 35bb34bc-f9d7-49f2-90a3-8bcd6ca0b53b: new RaftServerImpl for group-902FD70C1046:[35bb34bc-f9d7-49f2-90a3-8bcd6ca0b53b|10.1.0.5:15201] with ContainerStateMachine:uninitialized
2023-12-21 09:24:34,418 [35bb34bc-f9d7-49f2-90a3-8bcd6ca0b53b-groupManagement] INFO  server.RaftServerConfigKeys (ConfUtils.java:logGet(46)) - raft.server.rpc.timeout.min = 5s (custom)
2023-12-21 09:24:34,418 [35bb34bc-f9d7-49f2-90a3-8bcd6ca0b53b-groupManagement] INFO  server.RaftServerConfigKeys (ConfUtils.java:logGet(46)) - raft.server.rpc.timeout.max = 5200ms (custom)
2023-12-21 09:24:34,418 [35bb34bc-f9d7-49f2-90a3-8bcd6ca0b53b-groupManagement] INFO  server.RaftServerConfigKeys (ConfUtils.java:logGet(46)) - raft.server.rpc.sleep.time = 25ms (default)
2023-12-21 09:24:34,418 [35bb34bc-f9d7-49f2-90a3-8bcd6ca0b53b-groupManagement] INFO  server.RaftServerConfigKeys (ConfUtils.java:logGet(46)) - raft.server.rpc.slowness.timeout = 300000ms (custom)
2023-12-21 09:24:34,418 [35bb34bc-f9d7-49f2-90a3-8bcd6ca0b53b-groupManagement] INFO  server.RaftServerConfigKeys (ConfUtils.java:logGet(46)) - raft.server.leaderelection.leader.step-down.wait-time = 10s (default)
2023-12-21 09:24:34,418 [35bb34bc-f9d7-49f2-90a3-8bcd6ca0b53b-groupManagement] INFO  server.RaftServerConfigKeys (ConfUtils.java:logGet(46)) - raft.server.leaderelection.member.majority-add = false (default)
2023-12-21 09:24:34,418 [35bb34bc-f9d7-49f2-90a3-8bcd6ca0b53b-groupManagement] INFO  server.RaftServerConfigKeys (ConfUtils.java:logGet(46)) - raft.server.sleep.deviation.threshold = 300ms (default)
2023-12-21 09:24:34,418 [35bb34bc-f9d7-49f2-90a3-8bcd6ca0b53b-groupManagement] INFO  server.RaftServer$Division (ServerState.java:<init>(113)) - 35bb34bc-f9d7-49f2-90a3-8bcd6ca0b53b@group-902FD70C1046: ConfigurationManager, init=-1: peers:[35bb34bc-f9d7-49f2-90a3-8bcd6ca0b53b|10.1.0.5:15201]|listeners:[], old=null, confs=<EMPTY_MAP>
2023-12-21 09:24:34,418 [35bb34bc-f9d7-49f2-90a3-8bcd6ca0b53b-groupManagement] INFO  server.RaftServerConfigKeys (ConfUtils.java:logGet(46)) - raft.server.notification.no-leader.timeout = 300000ms (custom)
2023-12-21 09:24:34,418 [35bb34bc-f9d7-49f2-90a3-8bcd6ca0b53b-groupManagement] INFO  server.RaftServerConfigKeys (ConfUtils.java:logGet(46)) - raft.server.read.timeout = 10s (default)
2023-12-21 09:24:34,418 [35bb34bc-f9d7-49f2-90a3-8bcd6ca0b53b-groupManagement] INFO  server.RaftServerConfigKeys (ConfUtils.java:logGet(46)) - raft.server.retrycache.expirytime = 600000ms (custom)
2023-12-21 09:24:34,418 [35bb34bc-f9d7-49f2-90a3-8bcd6ca0b53b-groupManagement] INFO  server.RaftServerConfigKeys (ConfUtils.java:logGet(46)) - raft.server.retrycache.statistics.expirytime = 100ms (default)
2023-12-21 09:24:34,418 [35bb34bc-f9d7-49f2-90a3-8bcd6ca0b53b-groupManagement] INFO  server.RaftServerConfigKeys (ConfUtils.java:logGet(46)) - raft.server.read.option = DEFAULT (default)
2023-12-21 09:24:34,419 [35bb34bc-f9d7-49f2-90a3-8bcd6ca0b53b-groupManagement] INFO  server.RaftServerConfigKeys (ConfUtils.java:logGet(46)) - raft.server.read.read-after-write-consistent.write-index-cache.expiry-time = 60s (default)
2023-12-21 09:24:34,420 [981caf93-6f40-449f-9dad-f58530f26ff1-groupManagement] INFO  server.RaftServer$Division (RaftServerImpl.java:<init>(256)) - 981caf93-6f40-449f-9dad-f58530f26ff1: new RaftServerImpl for group-9735F55147B9:[6ad9de2f-8cae-4626-ab4a-3c10d9751b2a|10.1.0.5:15192, 35bb34bc-f9d7-49f2-90a3-8bcd6ca0b53b|10.1.0.5:15201, 981caf93-6f40-449f-9dad-f58530f26ff1|10.1.0.5:15210] with ContainerStateMachine:uninitialized
2023-12-21 09:24:34,420 [981caf93-6f40-449f-9dad-f58530f26ff1-groupManagement] INFO  server.RaftServerConfigKeys (ConfUtils.java:logGet(46)) - raft.server.rpc.timeout.min = 5s (custom)
2023-12-21 09:24:34,420 [981caf93-6f40-449f-9dad-f58530f26ff1-groupManagement] INFO  server.RaftServerConfigKeys (ConfUtils.java:logGet(46)) - raft.server.rpc.timeout.max = 5200ms (custom)
2023-12-21 09:24:34,420 [981caf93-6f40-449f-9dad-f58530f26ff1-groupManagement] INFO  server.RaftServerConfigKeys (ConfUtils.java:logGet(46)) - raft.server.rpc.sleep.time = 25ms (default)
2023-12-21 09:24:34,420 [981caf93-6f40-449f-9dad-f58530f26ff1-groupManagement] INFO  server.RaftServerConfigKeys (ConfUtils.java:logGet(46)) - raft.server.rpc.slowness.timeout = 300000ms (custom)
2023-12-21 09:24:34,420 [981caf93-6f40-449f-9dad-f58530f26ff1-groupManagement] INFO  server.RaftServerConfigKeys (ConfUtils.java:logGet(46)) - raft.server.leaderelection.leader.step-down.wait-time = 10s (default)
2023-12-21 09:24:34,420 [981caf93-6f40-449f-9dad-f58530f26ff1-groupManagement] INFO  server.RaftServerConfigKeys (ConfUtils.java:logGet(46)) - raft.server.leaderelection.member.majority-add = false (default)
2023-12-21 09:24:34,420 [981caf93-6f40-449f-9dad-f58530f26ff1-groupManagement] INFO  server.RaftServerConfigKeys (ConfUtils.java:logGet(46)) - raft.server.sleep.deviation.threshold = 300ms (default)
2023-12-21 09:24:34,420 [981caf93-6f40-449f-9dad-f58530f26ff1-groupManagement] INFO  server.RaftServer$Division (ServerState.java:<init>(113)) - 981caf93-6f40-449f-9dad-f58530f26ff1@group-9735F55147B9: ConfigurationManager, init=-1: peers:[6ad9de2f-8cae-4626-ab4a-3c10d9751b2a|10.1.0.5:15192, 35bb34bc-f9d7-49f2-90a3-8bcd6ca0b53b|10.1.0.5:15201, 981caf93-6f40-449f-9dad-f58530f26ff1|10.1.0.5:15210]|listeners:[], old=null, confs=<EMPTY_MAP>
2023-12-21 09:24:34,420 [981caf93-6f40-449f-9dad-f58530f26ff1-groupManagement] INFO  server.RaftServerConfigKeys (ConfUtils.java:logGet(46)) - raft.server.notification.no-leader.timeout = 300000ms (custom)
2023-12-21 09:24:34,420 [981caf93-6f40-449f-9dad-f58530f26ff1-groupManagement] INFO  server.RaftServerConfigKeys (ConfUtils.java:logGet(46)) - raft.server.read.timeout = 10s (default)
2023-12-21 09:24:34,420 [981caf93-6f40-449f-9dad-f58530f26ff1-groupManagement] INFO  server.RaftServerConfigKeys (ConfUtils.java:logGet(46)) - raft.server.retrycache.expirytime = 600000ms (custom)
2023-12-21 09:24:34,420 [981caf93-6f40-449f-9dad-f58530f26ff1-groupManagement] INFO  server.RaftServerConfigKeys (ConfUtils.java:logGet(46)) - raft.server.retrycache.statistics.expirytime = 100ms (default)
2023-12-21 09:24:34,420 [35bb34bc-f9d7-49f2-90a3-8bcd6ca0b53b-groupManagement] INFO  server.RaftServerConfigKeys (ConfUtils.java:logGet(46)) - raft.server.rpc.request.timeout = 3000ms (default)
2023-12-21 09:24:34,421 [981caf93-6f40-449f-9dad-f58530f26ff1-groupManagement] INFO  server.RaftServerConfigKeys (ConfUtils.java:logGet(46)) - raft.server.read.option = DEFAULT (default)
2023-12-21 09:24:34,421 [35bb34bc-f9d7-49f2-90a3-8bcd6ca0b53b-groupManagement] INFO  server.RaftServerConfigKeys (ConfUtils.java:logGet(46)) - raft.server.log.appender.install.snapshot.enabled = false (custom)
2023-12-21 09:24:34,421 [35bb34bc-f9d7-49f2-90a3-8bcd6ca0b53b-groupManagement] INFO  server.RaftServerConfigKeys (ConfUtils.java:logGet(46)) - raft.server.threadpool.server.cached = true (default)
2023-12-21 09:24:34,421 [981caf93-6f40-449f-9dad-f58530f26ff1-groupManagement] INFO  server.RaftServerConfigKeys (ConfUtils.java:logGet(46)) - raft.server.read.read-after-write-consistent.write-index-cache.expiry-time = 60s (default)
2023-12-21 09:24:34,421 [35bb34bc-f9d7-49f2-90a3-8bcd6ca0b53b-groupManagement] INFO  server.RaftServerConfigKeys (ConfUtils.java:logGet(46)) - raft.server.threadpool.server.size = 0 (default)
2023-12-21 09:24:34,421 [35bb34bc-f9d7-49f2-90a3-8bcd6ca0b53b-groupManagement] INFO  server.RaftServerConfigKeys (ConfUtils.java:logGet(46)) - raft.server.threadpool.client.cached = true (default)
2023-12-21 09:24:34,421 [35bb34bc-f9d7-49f2-90a3-8bcd6ca0b53b-groupManagement] INFO  server.RaftServerConfigKeys (ConfUtils.java:logGet(46)) - raft.server.threadpool.client.size = 0 (default)
2023-12-21 09:24:34,421 [35bb34bc-f9d7-49f2-90a3-8bcd6ca0b53b-groupManagement] INFO  server.RaftServerConfigKeys (ConfUtils.java:logGet(46)) - raft.server.storage.free-space.min = 0MB (=0) (default)
2023-12-21 09:24:34,421 [35bb34bc-f9d7-49f2-90a3-8bcd6ca0b53b-groupManagement] INFO  server.RaftServerConfigKeys (ConfUtils.java:logGet(46)) - raft.server.log.corruption.policy = EXCEPTION (default)
2023-12-21 09:24:34,421 [35bb34bc-f9d7-49f2-90a3-8bcd6ca0b53b-groupManagement] INFO  server.RaftServerConfigKeys (ConfUtils.java:logGet(46)) - raft.server.storage.dir = [/home/runner/work/ozone/ozone/hadoop-ozone/integration-test/target/test-dir/MiniOzoneClusterImpl-e4d55aeb-da58-408a-87dd-e45f7ef8a31a/datanode-1/data/ratis] (custom)
2023-12-21 09:24:34,421 [35bb34bc-f9d7-49f2-90a3-8bcd6ca0b53b-groupManagement] INFO  storage.RaftStorageDirectory (RaftStorageDirectoryImpl.java:analyzeStorage(138)) - The storage directory /home/runner/work/ozone/ozone/hadoop-ozone/integration-test/target/test-dir/MiniOzoneClusterImpl-e4d55aeb-da58-408a-87dd-e45f7ef8a31a/datanode-1/data/ratis/f846d3cf-ca38-4aef-819a-902fd70c1046 does not exist. Creating ...
2023-12-21 09:24:34,423 [981caf93-6f40-449f-9dad-f58530f26ff1-groupManagement] INFO  server.RaftServerConfigKeys (ConfUtils.java:logGet(46)) - raft.server.rpc.request.timeout = 3000ms (default)
2023-12-21 09:24:34,423 [981caf93-6f40-449f-9dad-f58530f26ff1-groupManagement] INFO  server.RaftServerConfigKeys (ConfUtils.java:logGet(46)) - raft.server.log.appender.install.snapshot.enabled = false (custom)
2023-12-21 09:24:34,423 [981caf93-6f40-449f-9dad-f58530f26ff1-groupManagement] INFO  server.RaftServerConfigKeys (ConfUtils.java:logGet(46)) - raft.server.threadpool.server.cached = true (default)
2023-12-21 09:24:34,423 [981caf93-6f40-449f-9dad-f58530f26ff1-groupManagement] INFO  server.RaftServerConfigKeys (ConfUtils.java:logGet(46)) - raft.server.threadpool.server.size = 0 (default)
2023-12-21 09:24:34,423 [981caf93-6f40-449f-9dad-f58530f26ff1-groupManagement] INFO  server.RaftServerConfigKeys (ConfUtils.java:logGet(46)) - raft.server.threadpool.client.cached = true (default)
2023-12-21 09:24:34,423 [981caf93-6f40-449f-9dad-f58530f26ff1-groupManagement] INFO  server.RaftServerConfigKeys (ConfUtils.java:logGet(46)) - raft.server.threadpool.client.size = 0 (default)
2023-12-21 09:24:34,423 [981caf93-6f40-449f-9dad-f58530f26ff1-groupManagement] INFO  server.RaftServerConfigKeys (ConfUtils.java:logGet(46)) - raft.server.storage.free-space.min = 0MB (=0) (default)
2023-12-21 09:24:34,423 [981caf93-6f40-449f-9dad-f58530f26ff1-groupManagement] INFO  server.RaftServerConfigKeys (ConfUtils.java:logGet(46)) - raft.server.log.corruption.policy = EXCEPTION (default)
2023-12-21 09:24:34,423 [981caf93-6f40-449f-9dad-f58530f26ff1-groupManagement] INFO  server.RaftServerConfigKeys (ConfUtils.java:logGet(46)) - raft.server.storage.dir = [/home/runner/work/ozone/ozone/hadoop-ozone/integration-test/target/test-dir/MiniOzoneClusterImpl-e4d55aeb-da58-408a-87dd-e45f7ef8a31a/datanode-2/data/ratis] (custom)
2023-12-21 09:24:34,424 [981caf93-6f40-449f-9dad-f58530f26ff1-groupManagement] INFO  storage.RaftStorageDirectory (RaftStorageDirectoryImpl.java:analyzeStorage(138)) - The storage directory /home/runner/work/ozone/ozone/hadoop-ozone/integration-test/target/test-dir/MiniOzoneClusterImpl-e4d55aeb-da58-408a-87dd-e45f7ef8a31a/datanode-2/data/ratis/c128298a-abb1-4cf1-a21c-9735f55147b9 does not exist. Creating ...
2023-12-21 09:24:34,425 [981caf93-6f40-449f-9dad-f58530f26ff1-groupManagement] INFO  storage.RaftStorageDirectory (RaftStorageDirectoryImpl.java:tryLock(232)) - Lock on /home/runner/work/ozone/ozone/hadoop-ozone/integration-test/target/test-dir/MiniOzoneClusterImpl-e4d55aeb-da58-408a-87dd-e45f7ef8a31a/datanode-2/data/ratis/c128298a-abb1-4cf1-a21c-9735f55147b9/in_use.lock acquired by nodename 85023@fv-az1023-676
2023-12-21 09:24:34,425 [35bb34bc-f9d7-49f2-90a3-8bcd6ca0b53b-groupManagement] INFO  storage.RaftStorageDirectory (RaftStorageDirectoryImpl.java:tryLock(232)) - Lock on /home/runner/work/ozone/ozone/hadoop-ozone/integration-test/target/test-dir/MiniOzoneClusterImpl-e4d55aeb-da58-408a-87dd-e45f7ef8a31a/datanode-1/data/ratis/f846d3cf-ca38-4aef-819a-902fd70c1046/in_use.lock acquired by nodename 85023@fv-az1023-676
2023-12-21 09:24:34,426 [981caf93-6f40-449f-9dad-f58530f26ff1-groupManagement] INFO  storage.RaftStorage (RaftStorageImpl.java:format(97)) - Storage directory /home/runner/work/ozone/ozone/hadoop-ozone/integration-test/target/test-dir/MiniOzoneClusterImpl-e4d55aeb-da58-408a-87dd-e45f7ef8a31a/datanode-2/data/ratis/c128298a-abb1-4cf1-a21c-9735f55147b9 has been successfully formatted.
2023-12-21 09:24:34,426 [35bb34bc-f9d7-49f2-90a3-8bcd6ca0b53b-groupManagement] INFO  storage.RaftStorage (RaftStorageImpl.java:format(97)) - Storage directory /home/runner/work/ozone/ozone/hadoop-ozone/integration-test/target/test-dir/MiniOzoneClusterImpl-e4d55aeb-da58-408a-87dd-e45f7ef8a31a/datanode-1/data/ratis/f846d3cf-ca38-4aef-819a-902fd70c1046 has been successfully formatted.
2023-12-21 09:24:34,427 [981caf93-6f40-449f-9dad-f58530f26ff1-groupManagement] INFO  ratis.ContainerStateMachine (ContainerStateMachine.java:loadSnapshot(287)) - group-9735F55147B9: The snapshot info is null. Setting the last applied indexto:(t:0, i:~)
2023-12-21 09:24:34,427 [981caf93-6f40-449f-9dad-f58530f26ff1-groupManagement] INFO  server.RaftServerConfigKeys (ConfUtils.java:logGet(46)) - raft.server.log.use.memory = false (default)
2023-12-21 09:24:34,427 [981caf93-6f40-449f-9dad-f58530f26ff1-groupManagement] INFO  server.RaftServerConfigKeys (ConfUtils.java:logGet(46)) - raft.server.log.purge.gap = 1000000 (custom)
2023-12-21 09:24:34,427 [35bb34bc-f9d7-49f2-90a3-8bcd6ca0b53b-groupManagement] INFO  ratis.ContainerStateMachine (ContainerStateMachine.java:loadSnapshot(287)) - group-902FD70C1046: The snapshot info is null. Setting the last applied indexto:(t:0, i:~)
2023-12-21 09:24:34,428 [981caf93-6f40-449f-9dad-f58530f26ff1-groupManagement] INFO  server.RaftServerConfigKeys (ConfUtils.java:logGet(46)) - raft.server.log.appender.buffer.byte-limit = 8388608 (custom)
2023-12-21 09:24:34,428 [35bb34bc-f9d7-49f2-90a3-8bcd6ca0b53b-groupManagement] INFO  server.RaftServerConfigKeys (ConfUtils.java:logGet(46)) - raft.server.log.use.memory = false (default)
2023-12-21 09:24:34,428 [981caf93-6f40-449f-9dad-f58530f26ff1-groupManagement] INFO  server.RaftServerConfigKeys (ConfUtils.java:logGet(46)) - raft.server.log.statemachine.data.read.timeout = 1000ms (default)
2023-12-21 09:24:34,428 [35bb34bc-f9d7-49f2-90a3-8bcd6ca0b53b-groupManagement] INFO  server.RaftServerConfigKeys (ConfUtils.java:logGet(46)) - raft.server.log.purge.gap = 1000000 (custom)
2023-12-21 09:24:34,428 [981caf93-6f40-449f-9dad-f58530f26ff1-groupManagement] INFO  server.RaftServerConfigKeys (ConfUtils.java:logGet(46)) - raft.server.log.purge.preservation.log.num = 0 (default)
2023-12-21 09:24:34,428 [35bb34bc-f9d7-49f2-90a3-8bcd6ca0b53b-groupManagement] INFO  server.RaftServerConfigKeys (ConfUtils.java:logGet(46)) - raft.server.log.appender.buffer.byte-limit = 8388608 (custom)
2023-12-21 09:24:34,429 [35bb34bc-f9d7-49f2-90a3-8bcd6ca0b53b-groupManagement] INFO  server.RaftServerConfigKeys (ConfUtils.java:logGet(46)) - raft.server.log.statemachine.data.read.timeout = 1000ms (default)
2023-12-21 09:24:34,429 [35bb34bc-f9d7-49f2-90a3-8bcd6ca0b53b-groupManagement] INFO  server.RaftServerConfigKeys (ConfUtils.java:logGet(46)) - raft.server.log.purge.preservation.log.num = 0 (default)
2023-12-21 09:24:34,429 [EventQueue-PipelineReportForPipelineReportHandler] INFO  pipeline.PipelineReportHandler (PipelineReportHandler.java:processPipelineReport(136)) - Opened pipeline PipelineID=f846d3cf-ca38-4aef-819a-902fd70c1046
2023-12-21 09:24:34,429 [EventQueue-OpenPipelineForHealthyPipelineSafeModeRule] INFO  safemode.SCMSafeModeManager (HealthyPipelineSafeModeRule.java:process(140)) - SCM in safe mode. Healthy pipelines reported count is 0, required healthy pipeline reported count is 1
2023-12-21 09:24:34,433 [35bb34bc-f9d7-49f2-90a3-8bcd6ca0b53b-groupManagement] INFO  server.RaftServerConfigKeys (ConfUtils.java:logGet(46)) - raft.server.log.segment.size.max = 67108864 (custom)
2023-12-21 09:24:34,434 [981caf93-6f40-449f-9dad-f58530f26ff1-groupManagement] INFO  server.RaftServerConfigKeys (ConfUtils.java:logGet(46)) - raft.server.log.segment.size.max = 67108864 (custom)
2023-12-21 09:24:34,434 [35bb34bc-f9d7-49f2-90a3-8bcd6ca0b53b-groupManagement] INFO  server.RaftServerConfigKeys (ConfUtils.java:logGet(46)) - raft.server.log.segment.cache.num.max = 2 (custom)
2023-12-21 09:24:34,434 [35bb34bc-f9d7-49f2-90a3-8bcd6ca0b53b-groupManagement] INFO  server.RaftServerConfigKeys (ConfUtils.java:logGet(46)) - raft.server.log.segment.cache.size.max = 200MB (=209715200) (default)
2023-12-21 09:24:34,434 [981caf93-6f40-449f-9dad-f58530f26ff1-groupManagement] INFO  server.RaftServerConfigKeys (ConfUtils.java:logGet(46)) - raft.server.log.segment.cache.num.max = 2 (custom)
2023-12-21 09:24:34,434 [981caf93-6f40-449f-9dad-f58530f26ff1-groupManagement] INFO  server.RaftServerConfigKeys (ConfUtils.java:logGet(46)) - raft.server.log.segment.cache.size.max = 200MB (=209715200) (default)
2023-12-21 09:24:34,434 [35bb34bc-f9d7-49f2-90a3-8bcd6ca0b53b-groupManagement] INFO  server.RaftServerConfigKeys (ConfUtils.java:logGet(46)) - raft.server.log.appender.buffer.byte-limit = 8388608 (custom)
2023-12-21 09:24:34,434 [981caf93-6f40-449f-9dad-f58530f26ff1-groupManagement] INFO  server.RaftServerConfigKeys (ConfUtils.java:logGet(46)) - raft.server.log.appender.buffer.byte-limit = 8388608 (custom)
2023-12-21 09:24:34,434 [35bb34bc-f9d7-49f2-90a3-8bcd6ca0b53b-groupManagement] INFO  util.AwaitToRun (AwaitToRun.java:start(81)) - Thread[35bb34bc-f9d7-49f2-90a3-8bcd6ca0b53b@group-902FD70C1046-cacheEviction-AwaitToRun,5,main] started
2023-12-21 09:24:34,434 [981caf93-6f40-449f-9dad-f58530f26ff1-groupManagement] INFO  util.AwaitToRun (AwaitToRun.java:start(81)) - Thread[981caf93-6f40-449f-9dad-f58530f26ff1@group-9735F55147B9-cacheEviction-AwaitToRun,5,main] started
2023-12-21 09:24:34,435 [981caf93-6f40-449f-9dad-f58530f26ff1-groupManagement] INFO  segmented.SegmentedRaftLogWorker (SegmentedRaftLogWorker.java:<init>(184)) - new 981caf93-6f40-449f-9dad-f58530f26ff1@group-9735F55147B9-SegmentedRaftLogWorker for RaftStorageImpl:Storage Directory /home/runner/work/ozone/ozone/hadoop-ozone/integration-test/target/test-dir/MiniOzoneClusterImpl-e4d55aeb-da58-408a-87dd-e45f7ef8a31a/datanode-2/data/ratis/c128298a-abb1-4cf1-a21c-9735f55147b9
2023-12-21 09:24:34,434 [35bb34bc-f9d7-49f2-90a3-8bcd6ca0b53b-groupManagement] INFO  segmented.SegmentedRaftLogWorker (SegmentedRaftLogWorker.java:<init>(184)) - new 35bb34bc-f9d7-49f2-90a3-8bcd6ca0b53b@group-902FD70C1046-SegmentedRaftLogWorker for RaftStorageImpl:Storage Directory /home/runner/work/ozone/ozone/hadoop-ozone/integration-test/target/test-dir/MiniOzoneClusterImpl-e4d55aeb-da58-408a-87dd-e45f7ef8a31a/datanode-1/data/ratis/f846d3cf-ca38-4aef-819a-902fd70c1046
2023-12-21 09:24:34,435 [981caf93-6f40-449f-9dad-f58530f26ff1-groupManagement] INFO  server.RaftServerConfigKeys (ConfUtils.java:logGet(46)) - raft.server.log.queue.byte-limit = 4294967296 (custom)
2023-12-21 09:24:34,435 [35bb34bc-f9d7-49f2-90a3-8bcd6ca0b53b-groupManagement] INFO  server.RaftServerConfigKeys (ConfUtils.java:logGet(46)) - raft.server.log.queue.byte-limit = 4294967296 (custom)
2023-12-21 09:24:34,435 [981caf93-6f40-449f-9dad-f58530f26ff1-groupManagement] INFO  server.RaftServerConfigKeys (ConfUtils.java:logGet(46)) - raft.server.log.queue.element-limit = 1024 (custom)
2023-12-21 09:24:34,435 [35bb34bc-f9d7-49f2-90a3-8bcd6ca0b53b-groupManagement] INFO  server.RaftServerConfigKeys (ConfUtils.java:logGet(46)) - raft.server.log.queue.element-limit = 1024 (custom)
2023-12-21 09:24:34,435 [981caf93-6f40-449f-9dad-f58530f26ff1-groupManagement] INFO  server.RaftServerConfigKeys (ConfUtils.java:logGet(46)) - raft.server.log.segment.size.max = 67108864 (custom)
2023-12-21 09:24:34,435 [35bb34bc-f9d7-49f2-90a3-8bcd6ca0b53b-groupManagement] INFO  server.RaftServerConfigKeys (ConfUtils.java:logGet(46)) - raft.server.log.segment.size.max = 67108864 (custom)
2023-12-21 09:24:34,435 [981caf93-6f40-449f-9dad-f58530f26ff1-groupManagement] INFO  server.RaftServerConfigKeys (ConfUtils.java:logGet(46)) - raft.server.log.preallocated.size = 4194304 (custom)
2023-12-21 09:24:34,435 [35bb34bc-f9d7-49f2-90a3-8bcd6ca0b53b-groupManagement] INFO  server.RaftServerConfigKeys (ConfUtils.java:logGet(46)) - raft.server.log.preallocated.size = 4194304 (custom)
2023-12-21 09:24:34,435 [981caf93-6f40-449f-9dad-f58530f26ff1-groupManagement] INFO  server.RaftServerConfigKeys (ConfUtils.java:logGet(46)) - raft.server.log.force.sync.num = 128 (default)
2023-12-21 09:24:34,435 [35bb34bc-f9d7-49f2-90a3-8bcd6ca0b53b-groupManagement] INFO  server.RaftServerConfigKeys (ConfUtils.java:logGet(46)) - raft.server.log.force.sync.num = 128 (default)
2023-12-21 09:24:34,435 [981caf93-6f40-449f-9dad-f58530f26ff1-groupManagement] INFO  server.RaftServerConfigKeys (ConfUtils.java:logGet(46)) - raft.server.log.statemachine.data.sync = true (default)
2023-12-21 09:24:34,435 [35bb34bc-f9d7-49f2-90a3-8bcd6ca0b53b-groupManagement] INFO  server.RaftServerConfigKeys (ConfUtils.java:logGet(46)) - raft.server.log.statemachine.data.sync = true (default)
2023-12-21 09:24:34,435 [981caf93-6f40-449f-9dad-f58530f26ff1-groupManagement] INFO  server.RaftServerConfigKeys (ConfUtils.java:logGet(46)) - raft.server.log.statemachine.data.sync.timeout = 10s (default)
2023-12-21 09:24:34,435 [35bb34bc-f9d7-49f2-90a3-8bcd6ca0b53b-groupManagement] INFO  server.RaftServerConfigKeys (ConfUtils.java:logGet(46)) - raft.server.log.statemachine.data.sync.timeout = 10s (default)
2023-12-21 09:24:34,435 [981caf93-6f40-449f-9dad-f58530f26ff1-groupManagement] INFO  server.RaftServerConfigKeys (ConfUtils.java:logGet(46)) - raft.server.log.statemachine.data.sync.timeout.retry = 0 (custom)
2023-12-21 09:24:34,435 [35bb34bc-f9d7-49f2-90a3-8bcd6ca0b53b-groupManagement] INFO  server.RaftServerConfigKeys (ConfUtils.java:logGet(46)) - raft.server.log.statemachine.data.sync.timeout.retry = 0 (custom)
2023-12-21 09:24:34,436 [981caf93-6f40-449f-9dad-f58530f26ff1-groupManagement] INFO  server.RaftServerConfigKeys (ConfUtils.java:logGet(46)) - raft.server.log.write.buffer.size = 8388616 (custom)
2023-12-21 09:24:34,436 [35bb34bc-f9d7-49f2-90a3-8bcd6ca0b53b-groupManagement] INFO  server.RaftServerConfigKeys (ConfUtils.java:logGet(46)) - raft.server.log.write.buffer.size = 8388616 (custom)
2023-12-21 09:24:34,438 [35bb34bc-f9d7-49f2-90a3-8bcd6ca0b53b-groupManagement] INFO  server.RaftServerConfigKeys (ConfUtils.java:logGet(46)) - raft.server.log.appender.buffer.byte-limit = 8388608 (custom)
2023-12-21 09:24:34,438 [981caf93-6f40-449f-9dad-f58530f26ff1-groupManagement] INFO  server.RaftServerConfigKeys (ConfUtils.java:logGet(46)) - raft.server.log.appender.buffer.byte-limit = 8388608 (custom)
2023-12-21 09:24:34,439 [35bb34bc-f9d7-49f2-90a3-8bcd6ca0b53b-groupManagement] INFO  server.RaftServerConfigKeys (ConfUtils.java:logGet(46)) - raft.server.log.unsafe-flush.enabled = false (default)
2023-12-21 09:24:34,439 [35bb34bc-f9d7-49f2-90a3-8bcd6ca0b53b-groupManagement] INFO  server.RaftServerConfigKeys (ConfUtils.java:logGet(46)) - raft.server.log.async-flush.enabled = false (default)
2023-12-21 09:24:34,439 [981caf93-6f40-449f-9dad-f58530f26ff1-groupManagement] INFO  server.RaftServerConfigKeys (ConfUtils.java:logGet(46)) - raft.server.log.unsafe-flush.enabled = false (default)
2023-12-21 09:24:34,439 [981caf93-6f40-449f-9dad-f58530f26ff1-groupManagement] INFO  server.RaftServerConfigKeys (ConfUtils.java:logGet(46)) - raft.server.log.async-flush.enabled = false (default)
2023-12-21 09:24:34,439 [35bb34bc-f9d7-49f2-90a3-8bcd6ca0b53b-groupManagement] INFO  server.RaftServerConfigKeys (ConfUtils.java:logGet(46)) - raft.server.log.statemachine.data.caching.enabled = true (custom)
2023-12-21 09:24:34,439 [981caf93-6f40-449f-9dad-f58530f26ff1-groupManagement] INFO  server.RaftServerConfigKeys (ConfUtils.java:logGet(46)) - raft.server.log.statemachine.data.caching.enabled = true (custom)
2023-12-21 09:24:34,439 [981caf93-6f40-449f-9dad-f58530f26ff1-groupManagement] INFO  segmented.SegmentedRaftLogWorker (SegmentedRaftLogWorker.java:lambda$new$0(135)) - 981caf93-6f40-449f-9dad-f58530f26ff1@group-9735F55147B9-SegmentedRaftLogWorker: flushIndex: setUnconditionally 0 -> -1
2023-12-21 09:24:34,439 [981caf93-6f40-449f-9dad-f58530f26ff1-groupManagement] INFO  segmented.SegmentedRaftLogWorker (SegmentedRaftLogWorker.java:lambda$new$0(135)) - 981caf93-6f40-449f-9dad-f58530f26ff1@group-9735F55147B9-SegmentedRaftLogWorker: safeCacheEvictIndex: setUnconditionally 0 -> -1
2023-12-21 09:24:34,439 [35bb34bc-f9d7-49f2-90a3-8bcd6ca0b53b-groupManagement] INFO  segmented.SegmentedRaftLogWorker (SegmentedRaftLogWorker.java:lambda$new$0(135)) - 35bb34bc-f9d7-49f2-90a3-8bcd6ca0b53b@group-902FD70C1046-SegmentedRaftLogWorker: flushIndex: setUnconditionally 0 -> -1
2023-12-21 09:24:34,439 [35bb34bc-f9d7-49f2-90a3-8bcd6ca0b53b-groupManagement] INFO  segmented.SegmentedRaftLogWorker (SegmentedRaftLogWorker.java:lambda$new$0(135)) - 35bb34bc-f9d7-49f2-90a3-8bcd6ca0b53b@group-902FD70C1046-SegmentedRaftLogWorker: safeCacheEvictIndex: setUnconditionally 0 -> -1
2023-12-21 09:24:34,440 [981caf93-6f40-449f-9dad-f58530f26ff1-groupManagement] INFO  server.RaftServer$Division (RaftServerImpl.java:start(392)) - 981caf93-6f40-449f-9dad-f58530f26ff1@group-9735F55147B9: start as a follower, conf=-1: peers:[6ad9de2f-8cae-4626-ab4a-3c10d9751b2a|10.1.0.5:15192, 35bb34bc-f9d7-49f2-90a3-8bcd6ca0b53b|10.1.0.5:15201, 981caf93-6f40-449f-9dad-f58530f26ff1|10.1.0.5:15210]|listeners:[], old=null
2023-12-21 09:24:34,440 [981caf93-6f40-449f-9dad-f58530f26ff1-groupManagement] INFO  server.RaftServer$Division (RaftServerImpl.java:setRole(379)) - 981caf93-6f40-449f-9dad-f58530f26ff1@group-9735F55147B9: changes role from      null to FOLLOWER at term 0 for startAsFollower
2023-12-21 09:24:34,440 [981caf93-6f40-449f-9dad-f58530f26ff1-groupManagement] INFO  impl.RoleInfo (RoleInfo.java:updateAndGet(139)) - 981caf93-6f40-449f-9dad-f58530f26ff1: start 981caf93-6f40-449f-9dad-f58530f26ff1@group-9735F55147B9-FollowerState
2023-12-21 09:24:34,440 [35bb34bc-f9d7-49f2-90a3-8bcd6ca0b53b-groupManagement] INFO  server.RaftServer$Division (RaftServerImpl.java:start(392)) - 35bb34bc-f9d7-49f2-90a3-8bcd6ca0b53b@group-902FD70C1046: start as a follower, conf=-1: peers:[35bb34bc-f9d7-49f2-90a3-8bcd6ca0b53b|10.1.0.5:15201]|listeners:[], old=null
2023-12-21 09:24:34,440 [35bb34bc-f9d7-49f2-90a3-8bcd6ca0b53b-groupManagement] INFO  server.RaftServer$Division (RaftServerImpl.java:setRole(379)) - 35bb34bc-f9d7-49f2-90a3-8bcd6ca0b53b@group-902FD70C1046: changes role from      null to FOLLOWER at term 0 for startAsFollower
2023-12-21 09:24:34,440 [35bb34bc-f9d7-49f2-90a3-8bcd6ca0b53b-groupManagement] INFO  impl.RoleInfo (RoleInfo.java:updateAndGet(139)) - 35bb34bc-f9d7-49f2-90a3-8bcd6ca0b53b: start 35bb34bc-f9d7-49f2-90a3-8bcd6ca0b53b@group-902FD70C1046-FollowerState
2023-12-21 09:24:34,440 [981caf93-6f40-449f-9dad-f58530f26ff1-groupManagement] INFO  util.JmxRegister (JmxRegister.java:tryRegister(44)) - Successfully registered JMX Bean with object name Ratis:service=RaftServer,group=group-9735F55147B9,id=981caf93-6f40-449f-9dad-f58530f26ff1
2023-12-21 09:24:34,440 [35bb34bc-f9d7-49f2-90a3-8bcd6ca0b53b-groupManagement] INFO  util.JmxRegister (JmxRegister.java:tryRegister(44)) - Successfully registered JMX Bean with object name Ratis:service=RaftServer,group=group-902FD70C1046,id=35bb34bc-f9d7-49f2-90a3-8bcd6ca0b53b
2023-12-21 09:24:34,440 [981caf93-6f40-449f-9dad-f58530f26ff1@group-9735F55147B9-FollowerState] INFO  server.RaftServerConfigKeys (ConfUtils.java:logFallback(53)) - raft.server.rpc.first-election.timeout.min = 5s (fallback to raft.server.rpc.timeout.min)
2023-12-21 09:24:34,440 [35bb34bc-f9d7-49f2-90a3-8bcd6ca0b53b@group-902FD70C1046-FollowerState] INFO  server.RaftServerConfigKeys (ConfUtils.java:logFallback(53)) - raft.server.rpc.first-election.timeout.min = 5s (fallback to raft.server.rpc.timeout.min)
2023-12-21 09:24:34,440 [981caf93-6f40-449f-9dad-f58530f26ff1-groupManagement] INFO  server.RaftServerConfigKeys (ConfUtils.java:logGet(46)) - raft.server.snapshot.trigger-when-stop.enabled = true (default)
2023-12-21 09:24:34,441 [35bb34bc-f9d7-49f2-90a3-8bcd6ca0b53b@group-902FD70C1046-FollowerState] INFO  server.RaftServerConfigKeys (ConfUtils.java:logFallback(53)) - raft.server.rpc.first-election.timeout.max = 5200ms (fallback to raft.server.rpc.timeout.max)
2023-12-21 09:24:34,441 [981caf93-6f40-449f-9dad-f58530f26ff1-groupManagement] INFO  server.RaftServerConfigKeys (ConfUtils.java:logGet(46)) - raft.server.snapshot.auto.trigger.enabled = true (custom)
2023-12-21 09:24:34,441 [981caf93-6f40-449f-9dad-f58530f26ff1-groupManagement] INFO  server.RaftServerConfigKeys (ConfUtils.java:logGet(46)) - raft.server.snapshot.auto.trigger.threshold = 10000 (custom)
2023-12-21 09:24:34,441 [981caf93-6f40-449f-9dad-f58530f26ff1-groupManagement] INFO  server.RaftServerConfigKeys (ConfUtils.java:logGet(46)) - raft.server.snapshot.retention.file.num = 5 (custom)
2023-12-21 09:24:34,441 [981caf93-6f40-449f-9dad-f58530f26ff1-groupManagement] INFO  server.RaftServerConfigKeys (ConfUtils.java:logGet(46)) - raft.server.log.purge.upto.snapshot.index = false (default)
2023-12-21 09:24:34,441 [981caf93-6f40-449f-9dad-f58530f26ff1@group-9735F55147B9-FollowerState] INFO  server.RaftServerConfigKeys (ConfUtils.java:logFallback(53)) - raft.server.rpc.first-election.timeout.max = 5200ms (fallback to raft.server.rpc.timeout.max)
2023-12-21 09:24:34,441 [35bb34bc-f9d7-49f2-90a3-8bcd6ca0b53b-groupManagement] INFO  server.RaftServerConfigKeys (ConfUtils.java:logGet(46)) - raft.server.snapshot.trigger-when-stop.enabled = true (default)
2023-12-21 09:24:34,448 [35bb34bc-f9d7-49f2-90a3-8bcd6ca0b53b-groupManagement] INFO  server.RaftServerConfigKeys (ConfUtils.java:logGet(46)) - raft.server.snapshot.auto.trigger.enabled = true (custom)
2023-12-21 09:24:34,448 [35bb34bc-f9d7-49f2-90a3-8bcd6ca0b53b-groupManagement] INFO  server.RaftServerConfigKeys (ConfUtils.java:logGet(46)) - raft.server.snapshot.auto.trigger.threshold = 10000 (custom)
2023-12-21 09:24:34,448 [35bb34bc-f9d7-49f2-90a3-8bcd6ca0b53b-groupManagement] INFO  server.RaftServerConfigKeys (ConfUtils.java:logGet(46)) - raft.server.snapshot.retention.file.num = 5 (custom)
2023-12-21 09:24:34,448 [35bb34bc-f9d7-49f2-90a3-8bcd6ca0b53b-groupManagement] INFO  server.RaftServerConfigKeys (ConfUtils.java:logGet(46)) - raft.server.log.purge.upto.snapshot.index = false (default)
2023-12-21 09:24:34,447 [6ad9de2f-8cae-4626-ab4a-3c10d9751b2a-PipelineCommandHandlerThread-0] INFO  commandhandler.CreatePipelineCommandHandler (CreatePipelineCommandHandler.java:lambda$handle$2(124)) - Created Pipeline RATIS THREE PipelineID=c128298a-abb1-4cf1-a21c-9735f55147b9.
2023-12-21 09:24:34,448 [35bb34bc-f9d7-49f2-90a3-8bcd6ca0b53b-PipelineCommandHandlerThread-0] INFO  ratis.XceiverServerRatis (XceiverServerRatis.java:addGroup(837)) - Created group PipelineID=f846d3cf-ca38-4aef-819a-902fd70c1046
2023-12-21 09:24:34,448 [35bb34bc-f9d7-49f2-90a3-8bcd6ca0b53b-PipelineCommandHandlerThread-0] INFO  commandhandler.CreatePipelineCommandHandler (CreatePipelineCommandHandler.java:lambda$handle$2(124)) - Created Pipeline RATIS ONE PipelineID=f846d3cf-ca38-4aef-819a-902fd70c1046.
2023-12-21 09:24:34,511 [981caf93-6f40-449f-9dad-f58530f26ff1-PipelineCommandHandlerThread-0] INFO  server.RaftServer (RaftServerProxy.java:addNew(100)) - 981caf93-6f40-449f-9dad-f58530f26ff1: addNew group-810570C96F35:[981caf93-6f40-449f-9dad-f58530f26ff1|10.1.0.5:15210] returns group-810570C96F35:java.util.concurrent.CompletableFuture@676a1e93[Not completed]
2023-12-21 09:24:34,512 [981caf93-6f40-449f-9dad-f58530f26ff1-groupManagement] INFO  server.RaftServer$Division (RaftServerImpl.java:<init>(256)) - 981caf93-6f40-449f-9dad-f58530f26ff1: new RaftServerImpl for group-810570C96F35:[981caf93-6f40-449f-9dad-f58530f26ff1|10.1.0.5:15210] with ContainerStateMachine:uninitialized
2023-12-21 09:24:34,512 [981caf93-6f40-449f-9dad-f58530f26ff1-groupManagement] INFO  server.RaftServerConfigKeys (ConfUtils.java:logGet(46)) - raft.server.rpc.timeout.min = 5s (custom)
2023-12-21 09:24:34,512 [981caf93-6f40-449f-9dad-f58530f26ff1-groupManagement] INFO  server.RaftServerConfigKeys (ConfUtils.java:logGet(46)) - raft.server.rpc.timeout.max = 5200ms (custom)
2023-12-21 09:24:34,512 [981caf93-6f40-449f-9dad-f58530f26ff1-groupManagement] INFO  server.RaftServerConfigKeys (ConfUtils.java:logGet(46)) - raft.server.rpc.sleep.time = 25ms (default)
2023-12-21 09:24:34,512 [981caf93-6f40-449f-9dad-f58530f26ff1-groupManagement] INFO  server.RaftServerConfigKeys (ConfUtils.java:logGet(46)) - raft.server.rpc.slowness.timeout = 300000ms (custom)
2023-12-21 09:24:34,512 [981caf93-6f40-449f-9dad-f58530f26ff1-groupManagement] INFO  server.RaftServerConfigKeys (ConfUtils.java:logGet(46)) - raft.server.leaderelection.leader.step-down.wait-time = 10s (default)
2023-12-21 09:24:34,512 [981caf93-6f40-449f-9dad-f58530f26ff1-groupManagement] INFO  server.RaftServerConfigKeys (ConfUtils.java:logGet(46)) - raft.server.leaderelection.member.majority-add = false (default)
2023-12-21 09:24:34,512 [981caf93-6f40-449f-9dad-f58530f26ff1-groupManagement] INFO  server.RaftServerConfigKeys (ConfUtils.java:logGet(46)) - raft.server.sleep.deviation.threshold = 300ms (default)
2023-12-21 09:24:34,513 [981caf93-6f40-449f-9dad-f58530f26ff1-groupManagement] INFO  server.RaftServer$Division (ServerState.java:<init>(113)) - 981caf93-6f40-449f-9dad-f58530f26ff1@group-810570C96F35: ConfigurationManager, init=-1: peers:[981caf93-6f40-449f-9dad-f58530f26ff1|10.1.0.5:15210]|listeners:[], old=null, confs=<EMPTY_MAP>
2023-12-21 09:24:34,513 [981caf93-6f40-449f-9dad-f58530f26ff1-groupManagement] INFO  server.RaftServerConfigKeys (ConfUtils.java:logGet(46)) - raft.server.notification.no-leader.timeout = 300000ms (custom)
2023-12-21 09:24:34,513 [981caf93-6f40-449f-9dad-f58530f26ff1-groupManagement] INFO  server.RaftServerConfigKeys (ConfUtils.java:logGet(46)) - raft.server.read.timeout = 10s (default)
2023-12-21 09:24:34,513 [981caf93-6f40-449f-9dad-f58530f26ff1-groupManagement] INFO  server.RaftServerConfigKeys (ConfUtils.java:logGet(46)) - raft.server.retrycache.expirytime = 600000ms (custom)
2023-12-21 09:24:34,513 [981caf93-6f40-449f-9dad-f58530f26ff1-groupManagement] INFO  server.RaftServerConfigKeys (ConfUtils.java:logGet(46)) - raft.server.retrycache.statistics.expirytime = 100ms (default)
2023-12-21 09:24:34,513 [981caf93-6f40-449f-9dad-f58530f26ff1-groupManagement] INFO  server.RaftServerConfigKeys (ConfUtils.java:logGet(46)) - raft.server.read.option = DEFAULT (default)
2023-12-21 09:24:34,513 [981caf93-6f40-449f-9dad-f58530f26ff1-groupManagement] INFO  server.RaftServerConfigKeys (ConfUtils.java:logGet(46)) - raft.server.read.read-after-write-consistent.write-index-cache.expiry-time = 60s (default)
2023-12-21 09:24:34,516 [981caf93-6f40-449f-9dad-f58530f26ff1-groupManagement] INFO  server.RaftServerConfigKeys (ConfUtils.java:logGet(46)) - raft.server.rpc.request.timeout = 3000ms (default)
2023-12-21 09:24:34,516 [981caf93-6f40-449f-9dad-f58530f26ff1-groupManagement] INFO  server.RaftServerConfigKeys (ConfUtils.java:logGet(46)) - raft.server.log.appender.install.snapshot.enabled = false (custom)
2023-12-21 09:24:34,516 [981caf93-6f40-449f-9dad-f58530f26ff1-groupManagement] INFO  server.RaftServerConfigKeys (ConfUtils.java:logGet(46)) - raft.server.threadpool.server.cached = true (default)
2023-12-21 09:24:34,516 [981caf93-6f40-449f-9dad-f58530f26ff1-groupManagement] INFO  server.RaftServerConfigKeys (ConfUtils.java:logGet(46)) - raft.server.threadpool.server.size = 0 (default)
2023-12-21 09:24:34,517 [981caf93-6f40-449f-9dad-f58530f26ff1-groupManagement] INFO  server.RaftServerConfigKeys (ConfUtils.java:logGet(46)) - raft.server.threadpool.client.cached = true (default)
2023-12-21 09:24:34,517 [981caf93-6f40-449f-9dad-f58530f26ff1-groupManagement] INFO  server.RaftServerConfigKeys (ConfUtils.java:logGet(46)) - raft.server.threadpool.client.size = 0 (default)
2023-12-21 09:24:34,517 [981caf93-6f40-449f-9dad-f58530f26ff1-groupManagement] INFO  server.RaftServerConfigKeys (ConfUtils.java:logGet(46)) - raft.server.storage.free-space.min = 0MB (=0) (default)
2023-12-21 09:24:34,517 [981caf93-6f40-449f-9dad-f58530f26ff1-groupManagement] INFO  server.RaftServerConfigKeys (ConfUtils.java:logGet(46)) - raft.server.log.corruption.policy = EXCEPTION (default)
2023-12-21 09:24:34,517 [981caf93-6f40-449f-9dad-f58530f26ff1-groupManagement] INFO  server.RaftServerConfigKeys (ConfUtils.java:logGet(46)) - raft.server.storage.dir = [/home/runner/work/ozone/ozone/hadoop-ozone/integration-test/target/test-dir/MiniOzoneClusterImpl-e4d55aeb-da58-408a-87dd-e45f7ef8a31a/datanode-2/data/ratis] (custom)
2023-12-21 09:24:34,517 [981caf93-6f40-449f-9dad-f58530f26ff1-groupManagement] INFO  storage.RaftStorageDirectory (RaftStorageDirectoryImpl.java:analyzeStorage(138)) - The storage directory /home/runner/work/ozone/ozone/hadoop-ozone/integration-test/target/test-dir/MiniOzoneClusterImpl-e4d55aeb-da58-408a-87dd-e45f7ef8a31a/datanode-2/data/ratis/a213fd0f-d1e5-4dfe-92dc-810570c96f35 does not exist. Creating ...
2023-12-21 09:24:34,518 [981caf93-6f40-449f-9dad-f58530f26ff1-groupManagement] INFO  storage.RaftStorageDirectory (RaftStorageDirectoryImpl.java:tryLock(232)) - Lock on /home/runner/work/ozone/ozone/hadoop-ozone/integration-test/target/test-dir/MiniOzoneClusterImpl-e4d55aeb-da58-408a-87dd-e45f7ef8a31a/datanode-2/data/ratis/a213fd0f-d1e5-4dfe-92dc-810570c96f35/in_use.lock acquired by nodename 85023@fv-az1023-676
2023-12-21 09:24:34,520 [981caf93-6f40-449f-9dad-f58530f26ff1-groupManagement] INFO  storage.RaftStorage (RaftStorageImpl.java:format(97)) - Storage directory /home/runner/work/ozone/ozone/hadoop-ozone/integration-test/target/test-dir/MiniOzoneClusterImpl-e4d55aeb-da58-408a-87dd-e45f7ef8a31a/datanode-2/data/ratis/a213fd0f-d1e5-4dfe-92dc-810570c96f35 has been successfully formatted.
2023-12-21 09:24:34,520 [981caf93-6f40-449f-9dad-f58530f26ff1-groupManagement] INFO  ratis.ContainerStateMachine (ContainerStateMachine.java:loadSnapshot(287)) - group-810570C96F35: The snapshot info is null. Setting the last applied indexto:(t:0, i:~)
2023-12-21 09:24:34,520 [981caf93-6f40-449f-9dad-f58530f26ff1-groupManagement] INFO  server.RaftServerConfigKeys (ConfUtils.java:logGet(46)) - raft.server.log.use.memory = false (default)
2023-12-21 09:24:34,521 [981caf93-6f40-449f-9dad-f58530f26ff1-groupManagement] INFO  server.RaftServerConfigKeys (ConfUtils.java:logGet(46)) - raft.server.log.purge.gap = 1000000 (custom)
2023-12-21 09:24:34,521 [981caf93-6f40-449f-9dad-f58530f26ff1-groupManagement] INFO  server.RaftServerConfigKeys (ConfUtils.java:logGet(46)) - raft.server.log.appender.buffer.byte-limit = 8388608 (custom)
2023-12-21 09:24:34,521 [981caf93-6f40-449f-9dad-f58530f26ff1-groupManagement] INFO  server.RaftServerConfigKeys (ConfUtils.java:logGet(46)) - raft.server.log.statemachine.data.read.timeout = 1000ms (default)
2023-12-21 09:24:34,521 [981caf93-6f40-449f-9dad-f58530f26ff1-groupManagement] INFO  server.RaftServerConfigKeys (ConfUtils.java:logGet(46)) - raft.server.log.purge.preservation.log.num = 0 (default)
2023-12-21 09:24:34,522 [EventQueue-PipelineReportForPipelineReportHandler] INFO  pipeline.PipelineReportHandler (PipelineReportHandler.java:processPipelineReport(136)) - Opened pipeline PipelineID=a213fd0f-d1e5-4dfe-92dc-810570c96f35
2023-12-21 09:24:34,522 [EventQueue-OpenPipelineForHealthyPipelineSafeModeRule] INFO  safemode.SCMSafeModeManager (HealthyPipelineSafeModeRule.java:process(140)) - SCM in safe mode. Healthy pipelines reported count is 0, required healthy pipeline reported count is 1
2023-12-21 09:24:34,523 [981caf93-6f40-449f-9dad-f58530f26ff1-groupManagement] INFO  server.RaftServerConfigKeys (ConfUtils.java:logGet(46)) - raft.server.log.segment.size.max = 67108864 (custom)
2023-12-21 09:24:34,523 [981caf93-6f40-449f-9dad-f58530f26ff1-groupManagement] INFO  server.RaftServerConfigKeys (ConfUtils.java:logGet(46)) - raft.server.log.segment.cache.num.max = 2 (custom)
2023-12-21 09:24:34,523 [981caf93-6f40-449f-9dad-f58530f26ff1-groupManagement] INFO  server.RaftServerConfigKeys (ConfUtils.java:logGet(46)) - raft.server.log.segment.cache.size.max = 200MB (=209715200) (default)
2023-12-21 09:24:34,523 [981caf93-6f40-449f-9dad-f58530f26ff1-groupManagement] INFO  server.RaftServerConfigKeys (ConfUtils.java:logGet(46)) - raft.server.log.appender.buffer.byte-limit = 8388608 (custom)
2023-12-21 09:24:34,523 [981caf93-6f40-449f-9dad-f58530f26ff1-groupManagement] INFO  util.AwaitToRun (AwaitToRun.java:start(81)) - Thread[981caf93-6f40-449f-9dad-f58530f26ff1@group-810570C96F35-cacheEviction-AwaitToRun,5,main] started
2023-12-21 09:24:34,524 [981caf93-6f40-449f-9dad-f58530f26ff1-groupManagement] INFO  segmented.SegmentedRaftLogWorker (SegmentedRaftLogWorker.java:<init>(184)) - new 981caf93-6f40-449f-9dad-f58530f26ff1@group-810570C96F35-SegmentedRaftLogWorker for RaftStorageImpl:Storage Directory /home/runner/work/ozone/ozone/hadoop-ozone/integration-test/target/test-dir/MiniOzoneClusterImpl-e4d55aeb-da58-408a-87dd-e45f7ef8a31a/datanode-2/data/ratis/a213fd0f-d1e5-4dfe-92dc-810570c96f35
2023-12-21 09:24:34,524 [981caf93-6f40-449f-9dad-f58530f26ff1-groupManagement] INFO  server.RaftServerConfigKeys (ConfUtils.java:logGet(46)) - raft.server.log.queue.byte-limit = 4294967296 (custom)
2023-12-21 09:24:34,524 [981caf93-6f40-449f-9dad-f58530f26ff1-groupManagement] INFO  server.RaftServerConfigKeys (ConfUtils.java:logGet(46)) - raft.server.log.queue.element-limit = 1024 (custom)
2023-12-21 09:24:34,524 [981caf93-6f40-449f-9dad-f58530f26ff1-groupManagement] INFO  server.RaftServerConfigKeys (ConfUtils.java:logGet(46)) - raft.server.log.segment.size.max = 67108864 (custom)
2023-12-21 09:24:34,524 [981caf93-6f40-449f-9dad-f58530f26ff1-groupManagement] INFO  server.RaftServerConfigKeys (ConfUtils.java:logGet(46)) - raft.server.log.preallocated.size = 4194304 (custom)
2023-12-21 09:24:34,524 [981caf93-6f40-449f-9dad-f58530f26ff1-groupManagement] INFO  server.RaftServerConfigKeys (ConfUtils.java:logGet(46)) - raft.server.log.force.sync.num = 128 (default)
2023-12-21 09:24:34,524 [981caf93-6f40-449f-9dad-f58530f26ff1-groupManagement] INFO  server.RaftServerConfigKeys (ConfUtils.java:logGet(46)) - raft.server.log.statemachine.data.sync = true (default)
2023-12-21 09:24:34,524 [981caf93-6f40-449f-9dad-f58530f26ff1-groupManagement] INFO  server.RaftServerConfigKeys (ConfUtils.java:logGet(46)) - raft.server.log.statemachine.data.sync.timeout = 10s (default)
2023-12-21 09:24:34,524 [981caf93-6f40-449f-9dad-f58530f26ff1-groupManagement] INFO  server.RaftServerConfigKeys (ConfUtils.java:logGet(46)) - raft.server.log.statemachine.data.sync.timeout.retry = 0 (custom)
2023-12-21 09:24:34,524 [981caf93-6f40-449f-9dad-f58530f26ff1-groupManagement] INFO  server.RaftServerConfigKeys (ConfUtils.java:logGet(46)) - raft.server.log.write.buffer.size = 8388616 (custom)
2023-12-21 09:24:34,526 [981caf93-6f40-449f-9dad-f58530f26ff1-groupManagement] INFO  server.RaftServerConfigKeys (ConfUtils.java:logGet(46)) - raft.server.log.appender.buffer.byte-limit = 8388608 (custom)
2023-12-21 09:24:34,527 [981caf93-6f40-449f-9dad-f58530f26ff1-groupManagement] INFO  server.RaftServerConfigKeys (ConfUtils.java:logGet(46)) - raft.server.log.unsafe-flush.enabled = false (default)
2023-12-21 09:24:34,527 [981caf93-6f40-449f-9dad-f58530f26ff1-groupManagement] INFO  server.RaftServerConfigKeys (ConfUtils.java:logGet(46)) - raft.server.log.async-flush.enabled = false (default)
2023-12-21 09:24:34,527 [981caf93-6f40-449f-9dad-f58530f26ff1-groupManagement] INFO  server.RaftServerConfigKeys (ConfUtils.java:logGet(46)) - raft.server.log.statemachine.data.caching.enabled = true (custom)
2023-12-21 09:24:34,527 [981caf93-6f40-449f-9dad-f58530f26ff1-groupManagement] INFO  segmented.SegmentedRaftLogWorker (SegmentedRaftLogWorker.java:lambda$new$0(135)) - 981caf93-6f40-449f-9dad-f58530f26ff1@group-810570C96F35-SegmentedRaftLogWorker: flushIndex: setUnconditionally 0 -> -1
2023-12-21 09:24:34,527 [981caf93-6f40-449f-9dad-f58530f26ff1-groupManagement] INFO  segmented.SegmentedRaftLogWorker (SegmentedRaftLogWorker.java:lambda$new$0(135)) - 981caf93-6f40-449f-9dad-f58530f26ff1@group-810570C96F35-SegmentedRaftLogWorker: safeCacheEvictIndex: setUnconditionally 0 -> -1
2023-12-21 09:24:34,528 [981caf93-6f40-449f-9dad-f58530f26ff1-groupManagement] INFO  server.RaftServer$Division (RaftServerImpl.java:start(392)) - 981caf93-6f40-449f-9dad-f58530f26ff1@group-810570C96F35: start as a follower, conf=-1: peers:[981caf93-6f40-449f-9dad-f58530f26ff1|10.1.0.5:15210]|listeners:[], old=null
2023-12-21 09:24:34,528 [981caf93-6f40-449f-9dad-f58530f26ff1-groupManagement] INFO  server.RaftServer$Division (RaftServerImpl.java:setRole(379)) - 981caf93-6f40-449f-9dad-f58530f26ff1@group-810570C96F35: changes role from      null to FOLLOWER at term 0 for startAsFollower
2023-12-21 09:24:34,528 [981caf93-6f40-449f-9dad-f58530f26ff1-groupManagement] INFO  impl.RoleInfo (RoleInfo.java:updateAndGet(139)) - 981caf93-6f40-449f-9dad-f58530f26ff1: start 981caf93-6f40-449f-9dad-f58530f26ff1@group-810570C96F35-FollowerState
2023-12-21 09:24:34,532 [981caf93-6f40-449f-9dad-f58530f26ff1@group-810570C96F35-FollowerState] INFO  server.RaftServerConfigKeys (ConfUtils.java:logFallback(53)) - raft.server.rpc.first-election.timeout.min = 5s (fallback to raft.server.rpc.timeout.min)
2023-12-21 09:24:34,532 [981caf93-6f40-449f-9dad-f58530f26ff1-groupManagement] INFO  util.JmxRegister (JmxRegister.java:tryRegister(44)) - Successfully registered JMX Bean with object name Ratis:service=RaftServer,group=group-810570C96F35,id=981caf93-6f40-449f-9dad-f58530f26ff1
2023-12-21 09:24:34,532 [981caf93-6f40-449f-9dad-f58530f26ff1@group-810570C96F35-FollowerState] INFO  server.RaftServerConfigKeys (ConfUtils.java:logFallback(53)) - raft.server.rpc.first-election.timeout.max = 5200ms (fallback to raft.server.rpc.timeout.max)
2023-12-21 09:24:34,532 [981caf93-6f40-449f-9dad-f58530f26ff1-groupManagement] INFO  server.RaftServerConfigKeys (ConfUtils.java:logGet(46)) - raft.server.snapshot.trigger-when-stop.enabled = true (default)
2023-12-21 09:24:34,532 [981caf93-6f40-449f-9dad-f58530f26ff1-groupManagement] INFO  server.RaftServerConfigKeys (ConfUtils.java:logGet(46)) - raft.server.snapshot.auto.trigger.enabled = true (custom)
2023-12-21 09:24:34,532 [981caf93-6f40-449f-9dad-f58530f26ff1-groupManagement] INFO  server.RaftServerConfigKeys (ConfUtils.java:logGet(46)) - raft.server.snapshot.auto.trigger.threshold = 10000 (custom)
2023-12-21 09:24:34,533 [981caf93-6f40-449f-9dad-f58530f26ff1-groupManagement] INFO  server.RaftServerConfigKeys (ConfUtils.java:logGet(46)) - raft.server.snapshot.retention.file.num = 5 (custom)
2023-12-21 09:24:34,533 [981caf93-6f40-449f-9dad-f58530f26ff1-groupManagement] INFO  server.RaftServerConfigKeys (ConfUtils.java:logGet(46)) - raft.server.log.purge.upto.snapshot.index = false (default)
2023-12-21 09:24:34,534 [981caf93-6f40-449f-9dad-f58530f26ff1-PipelineCommandHandlerThread-0] INFO  ratis.XceiverServerRatis (XceiverServerRatis.java:addGroup(837)) - Created group PipelineID=a213fd0f-d1e5-4dfe-92dc-810570c96f35
2023-12-21 09:24:34,534 [981caf93-6f40-449f-9dad-f58530f26ff1-PipelineCommandHandlerThread-0] INFO  commandhandler.CreatePipelineCommandHandler (CreatePipelineCommandHandler.java:lambda$handle$2(124)) - Created Pipeline RATIS ONE PipelineID=a213fd0f-d1e5-4dfe-92dc-810570c96f35.
2023-12-21 09:24:34,604 [560c1385-c518-4739-80f6-d98c5390378b-PipelineCommandHandlerThread-0] INFO  server.RaftServer (RaftServerProxy.java:addNew(100)) - 560c1385-c518-4739-80f6-d98c5390378b: addNew group-3E5A09133106:[560c1385-c518-4739-80f6-d98c5390378b|10.1.0.5:15219] returns group-3E5A09133106:java.util.concurrent.CompletableFuture@46887fda[Not completed]
2023-12-21 09:24:34,605 [560c1385-c518-4739-80f6-d98c5390378b-groupManagement] INFO  server.RaftServer$Division (RaftServerImpl.java:<init>(256)) - 560c1385-c518-4739-80f6-d98c5390378b: new RaftServerImpl for group-3E5A09133106:[560c1385-c518-4739-80f6-d98c5390378b|10.1.0.5:15219] with ContainerStateMachine:uninitialized
2023-12-21 09:24:34,605 [560c1385-c518-4739-80f6-d98c5390378b-groupManagement] INFO  server.RaftServerConfigKeys (ConfUtils.java:logGet(46)) - raft.server.rpc.timeout.min = 5s (custom)
2023-12-21 09:24:34,605 [560c1385-c518-4739-80f6-d98c5390378b-groupManagement] INFO  server.RaftServerConfigKeys (ConfUtils.java:logGet(46)) - raft.server.rpc.timeout.max = 5200ms (custom)
2023-12-21 09:24:34,605 [560c1385-c518-4739-80f6-d98c5390378b-groupManagement] INFO  server.RaftServerConfigKeys (ConfUtils.java:logGet(46)) - raft.server.rpc.sleep.time = 25ms (default)
2023-12-21 09:24:34,605 [560c1385-c518-4739-80f6-d98c5390378b-groupManagement] INFO  server.RaftServerConfigKeys (ConfUtils.java:logGet(46)) - raft.server.rpc.slowness.timeout = 300000ms (custom)
2023-12-21 09:24:34,605 [560c1385-c518-4739-80f6-d98c5390378b-groupManagement] INFO  server.RaftServerConfigKeys (ConfUtils.java:logGet(46)) - raft.server.leaderelection.leader.step-down.wait-time = 10s (default)
2023-12-21 09:24:34,605 [560c1385-c518-4739-80f6-d98c5390378b-groupManagement] INFO  server.RaftServerConfigKeys (ConfUtils.java:logGet(46)) - raft.server.leaderelection.member.majority-add = false (default)
2023-12-21 09:24:34,605 [560c1385-c518-4739-80f6-d98c5390378b-groupManagement] INFO  server.RaftServerConfigKeys (ConfUtils.java:logGet(46)) - raft.server.sleep.deviation.threshold = 300ms (default)
2023-12-21 09:24:34,605 [560c1385-c518-4739-80f6-d98c5390378b-groupManagement] INFO  server.RaftServer$Division (ServerState.java:<init>(113)) - 560c1385-c518-4739-80f6-d98c5390378b@group-3E5A09133106: ConfigurationManager, init=-1: peers:[560c1385-c518-4739-80f6-d98c5390378b|10.1.0.5:15219]|listeners:[], old=null, confs=<EMPTY_MAP>
2023-12-21 09:24:34,605 [560c1385-c518-4739-80f6-d98c5390378b-groupManagement] INFO  server.RaftServerConfigKeys (ConfUtils.java:logGet(46)) - raft.server.notification.no-leader.timeout = 300000ms (custom)
2023-12-21 09:24:34,605 [560c1385-c518-4739-80f6-d98c5390378b-groupManagement] INFO  server.RaftServerConfigKeys (ConfUtils.java:logGet(46)) - raft.server.read.timeout = 10s (default)
2023-12-21 09:24:34,605 [560c1385-c518-4739-80f6-d98c5390378b-groupManagement] INFO  server.RaftServerConfigKeys (ConfUtils.java:logGet(46)) - raft.server.retrycache.expirytime = 600000ms (custom)
2023-12-21 09:24:34,606 [560c1385-c518-4739-80f6-d98c5390378b-groupManagement] INFO  server.RaftServerConfigKeys (ConfUtils.java:logGet(46)) - raft.server.retrycache.statistics.expirytime = 100ms (default)
2023-12-21 09:24:34,606 [560c1385-c518-4739-80f6-d98c5390378b-groupManagement] INFO  server.RaftServerConfigKeys (ConfUtils.java:logGet(46)) - raft.server.read.option = DEFAULT (default)
2023-12-21 09:24:34,606 [560c1385-c518-4739-80f6-d98c5390378b-groupManagement] INFO  server.RaftServerConfigKeys (ConfUtils.java:logGet(46)) - raft.server.read.read-after-write-consistent.write-index-cache.expiry-time = 60s (default)
2023-12-21 09:24:34,608 [560c1385-c518-4739-80f6-d98c5390378b-groupManagement] INFO  server.RaftServerConfigKeys (ConfUtils.java:logGet(46)) - raft.server.rpc.request.timeout = 3000ms (default)
2023-12-21 09:24:34,608 [560c1385-c518-4739-80f6-d98c5390378b-groupManagement] INFO  server.RaftServerConfigKeys (ConfUtils.java:logGet(46)) - raft.server.log.appender.install.snapshot.enabled = false (custom)
2023-12-21 09:24:34,608 [560c1385-c518-4739-80f6-d98c5390378b-groupManagement] INFO  server.RaftServerConfigKeys (ConfUtils.java:logGet(46)) - raft.server.threadpool.server.cached = true (default)
2023-12-21 09:24:34,608 [560c1385-c518-4739-80f6-d98c5390378b-groupManagement] INFO  server.RaftServerConfigKeys (ConfUtils.java:logGet(46)) - raft.server.threadpool.server.size = 0 (default)
2023-12-21 09:24:34,608 [560c1385-c518-4739-80f6-d98c5390378b-groupManagement] INFO  server.RaftServerConfigKeys (ConfUtils.java:logGet(46)) - raft.server.threadpool.client.cached = true (default)
2023-12-21 09:24:34,608 [560c1385-c518-4739-80f6-d98c5390378b-groupManagement] INFO  server.RaftServerConfigKeys (ConfUtils.java:logGet(46)) - raft.server.threadpool.client.size = 0 (default)
2023-12-21 09:24:34,608 [560c1385-c518-4739-80f6-d98c5390378b-groupManagement] INFO  server.RaftServerConfigKeys (ConfUtils.java:logGet(46)) - raft.server.storage.free-space.min = 0MB (=0) (default)
2023-12-21 09:24:34,608 [560c1385-c518-4739-80f6-d98c5390378b-groupManagement] INFO  server.RaftServerConfigKeys (ConfUtils.java:logGet(46)) - raft.server.log.corruption.policy = EXCEPTION (default)
2023-12-21 09:24:34,608 [560c1385-c518-4739-80f6-d98c5390378b-groupManagement] INFO  server.RaftServerConfigKeys (ConfUtils.java:logGet(46)) - raft.server.storage.dir = [/home/runner/work/ozone/ozone/hadoop-ozone/integration-test/target/test-dir/MiniOzoneClusterImpl-e4d55aeb-da58-408a-87dd-e45f7ef8a31a/datanode-3/data/ratis] (custom)
2023-12-21 09:24:34,609 [560c1385-c518-4739-80f6-d98c5390378b-groupManagement] INFO  storage.RaftStorageDirectory (RaftStorageDirectoryImpl.java:analyzeStorage(138)) - The storage directory /home/runner/work/ozone/ozone/hadoop-ozone/integration-test/target/test-dir/MiniOzoneClusterImpl-e4d55aeb-da58-408a-87dd-e45f7ef8a31a/datanode-3/data/ratis/61bf65b7-bf82-4b3b-bc09-3e5a09133106 does not exist. Creating ...
2023-12-21 09:24:34,610 [560c1385-c518-4739-80f6-d98c5390378b-groupManagement] INFO  storage.RaftStorageDirectory (RaftStorageDirectoryImpl.java:tryLock(232)) - Lock on /home/runner/work/ozone/ozone/hadoop-ozone/integration-test/target/test-dir/MiniOzoneClusterImpl-e4d55aeb-da58-408a-87dd-e45f7ef8a31a/datanode-3/data/ratis/61bf65b7-bf82-4b3b-bc09-3e5a09133106/in_use.lock acquired by nodename 85023@fv-az1023-676
2023-12-21 09:24:34,611 [560c1385-c518-4739-80f6-d98c5390378b-groupManagement] INFO  storage.RaftStorage (RaftStorageImpl.java:format(97)) - Storage directory /home/runner/work/ozone/ozone/hadoop-ozone/integration-test/target/test-dir/MiniOzoneClusterImpl-e4d55aeb-da58-408a-87dd-e45f7ef8a31a/datanode-3/data/ratis/61bf65b7-bf82-4b3b-bc09-3e5a09133106 has been successfully formatted.
2023-12-21 09:24:34,612 [560c1385-c518-4739-80f6-d98c5390378b-groupManagement] INFO  ratis.ContainerStateMachine (ContainerStateMachine.java:loadSnapshot(287)) - group-3E5A09133106: The snapshot info is null. Setting the last applied indexto:(t:0, i:~)
2023-12-21 09:24:34,612 [560c1385-c518-4739-80f6-d98c5390378b-groupManagement] INFO  server.RaftServerConfigKeys (ConfUtils.java:logGet(46)) - raft.server.log.use.memory = false (default)
2023-12-21 09:24:34,612 [560c1385-c518-4739-80f6-d98c5390378b-groupManagement] INFO  server.RaftServerConfigKeys (ConfUtils.java:logGet(46)) - raft.server.log.purge.gap = 1000000 (custom)
2023-12-21 09:24:34,612 [560c1385-c518-4739-80f6-d98c5390378b-groupManagement] INFO  server.RaftServerConfigKeys (ConfUtils.java:logGet(46)) - raft.server.log.appender.buffer.byte-limit = 8388608 (custom)
2023-12-21 09:24:34,612 [560c1385-c518-4739-80f6-d98c5390378b-groupManagement] INFO  server.RaftServerConfigKeys (ConfUtils.java:logGet(46)) - raft.server.log.statemachine.data.read.timeout = 1000ms (default)
2023-12-21 09:24:34,612 [560c1385-c518-4739-80f6-d98c5390378b-groupManagement] INFO  server.RaftServerConfigKeys (ConfUtils.java:logGet(46)) - raft.server.log.purge.preservation.log.num = 0 (default)
2023-12-21 09:24:34,613 [EventQueue-PipelineReportForPipelineReportHandler] INFO  pipeline.PipelineReportHandler (PipelineReportHandler.java:processPipelineReport(136)) - Opened pipeline PipelineID=61bf65b7-bf82-4b3b-bc09-3e5a09133106
2023-12-21 09:24:34,613 [EventQueue-OpenPipelineForHealthyPipelineSafeModeRule] INFO  safemode.SCMSafeModeManager (HealthyPipelineSafeModeRule.java:process(140)) - SCM in safe mode. Healthy pipelines reported count is 0, required healthy pipeline reported count is 1
2023-12-21 09:24:34,614 [560c1385-c518-4739-80f6-d98c5390378b-groupManagement] INFO  server.RaftServerConfigKeys (ConfUtils.java:logGet(46)) - raft.server.log.segment.size.max = 67108864 (custom)
2023-12-21 09:24:34,614 [560c1385-c518-4739-80f6-d98c5390378b-groupManagement] INFO  server.RaftServerConfigKeys (ConfUtils.java:logGet(46)) - raft.server.log.segment.cache.num.max = 2 (custom)
2023-12-21 09:24:34,614 [560c1385-c518-4739-80f6-d98c5390378b-groupManagement] INFO  server.RaftServerConfigKeys (ConfUtils.java:logGet(46)) - raft.server.log.segment.cache.size.max = 200MB (=209715200) (default)
2023-12-21 09:24:34,614 [560c1385-c518-4739-80f6-d98c5390378b-groupManagement] INFO  server.RaftServerConfigKeys (ConfUtils.java:logGet(46)) - raft.server.log.appender.buffer.byte-limit = 8388608 (custom)
2023-12-21 09:24:34,615 [560c1385-c518-4739-80f6-d98c5390378b-groupManagement] INFO  util.AwaitToRun (AwaitToRun.java:start(81)) - Thread[560c1385-c518-4739-80f6-d98c5390378b@group-3E5A09133106-cacheEviction-AwaitToRun,5,main] started
2023-12-21 09:24:34,615 [560c1385-c518-4739-80f6-d98c5390378b-groupManagement] INFO  segmented.SegmentedRaftLogWorker (SegmentedRaftLogWorker.java:<init>(184)) - new 560c1385-c518-4739-80f6-d98c5390378b@group-3E5A09133106-SegmentedRaftLogWorker for RaftStorageImpl:Storage Directory /home/runner/work/ozone/ozone/hadoop-ozone/integration-test/target/test-dir/MiniOzoneClusterImpl-e4d55aeb-da58-408a-87dd-e45f7ef8a31a/datanode-3/data/ratis/61bf65b7-bf82-4b3b-bc09-3e5a09133106
2023-12-21 09:24:34,615 [560c1385-c518-4739-80f6-d98c5390378b-groupManagement] INFO  server.RaftServerConfigKeys (ConfUtils.java:logGet(46)) - raft.server.log.queue.byte-limit = 4294967296 (custom)
2023-12-21 09:24:34,615 [560c1385-c518-4739-80f6-d98c5390378b-groupManagement] INFO  server.RaftServerConfigKeys (ConfUtils.java:logGet(46)) - raft.server.log.queue.element-limit = 1024 (custom)
2023-12-21 09:24:34,615 [560c1385-c518-4739-80f6-d98c5390378b-groupManagement] INFO  server.RaftServerConfigKeys (ConfUtils.java:logGet(46)) - raft.server.log.segment.size.max = 67108864 (custom)
2023-12-21 09:24:34,615 [560c1385-c518-4739-80f6-d98c5390378b-groupManagement] INFO  server.RaftServerConfigKeys (ConfUtils.java:logGet(46)) - raft.server.log.preallocated.size = 4194304 (custom)
2023-12-21 09:24:34,615 [560c1385-c518-4739-80f6-d98c5390378b-groupManagement] INFO  server.RaftServerConfigKeys (ConfUtils.java:logGet(46)) - raft.server.log.force.sync.num = 128 (default)
2023-12-21 09:24:34,615 [560c1385-c518-4739-80f6-d98c5390378b-groupManagement] INFO  server.RaftServerConfigKeys (ConfUtils.java:logGet(46)) - raft.server.log.statemachine.data.sync = true (default)
2023-12-21 09:24:34,615 [560c1385-c518-4739-80f6-d98c5390378b-groupManagement] INFO  server.RaftServerConfigKeys (ConfUtils.java:logGet(46)) - raft.server.log.statemachine.data.sync.timeout = 10s (default)
2023-12-21 09:24:34,615 [560c1385-c518-4739-80f6-d98c5390378b-groupManagement] INFO  server.RaftServerConfigKeys (ConfUtils.java:logGet(46)) - raft.server.log.statemachine.data.sync.timeout.retry = 0 (custom)
2023-12-21 09:24:34,615 [560c1385-c518-4739-80f6-d98c5390378b-groupManagement] INFO  server.RaftServerConfigKeys (ConfUtils.java:logGet(46)) - raft.server.log.write.buffer.size = 8388616 (custom)
2023-12-21 09:24:34,617 [560c1385-c518-4739-80f6-d98c5390378b-groupManagement] INFO  server.RaftServerConfigKeys (ConfUtils.java:logGet(46)) - raft.server.log.appender.buffer.byte-limit = 8388608 (custom)
2023-12-21 09:24:34,617 [560c1385-c518-4739-80f6-d98c5390378b-groupManagement] INFO  server.RaftServerConfigKeys (ConfUtils.java:logGet(46)) - raft.server.log.unsafe-flush.enabled = false (default)
2023-12-21 09:24:34,617 [560c1385-c518-4739-80f6-d98c5390378b-groupManagement] INFO  server.RaftServerConfigKeys (ConfUtils.java:logGet(46)) - raft.server.log.async-flush.enabled = false (default)
2023-12-21 09:24:34,617 [560c1385-c518-4739-80f6-d98c5390378b-groupManagement] INFO  server.RaftServerConfigKeys (ConfUtils.java:logGet(46)) - raft.server.log.statemachine.data.caching.enabled = true (custom)
2023-12-21 09:24:34,618 [560c1385-c518-4739-80f6-d98c5390378b-groupManagement] INFO  segmented.SegmentedRaftLogWorker (SegmentedRaftLogWorker.java:lambda$new$0(135)) - 560c1385-c518-4739-80f6-d98c5390378b@group-3E5A09133106-SegmentedRaftLogWorker: flushIndex: setUnconditionally 0 -> -1
2023-12-21 09:24:34,618 [560c1385-c518-4739-80f6-d98c5390378b-groupManagement] INFO  segmented.SegmentedRaftLogWorker (SegmentedRaftLogWorker.java:lambda$new$0(135)) - 560c1385-c518-4739-80f6-d98c5390378b@group-3E5A09133106-SegmentedRaftLogWorker: safeCacheEvictIndex: setUnconditionally 0 -> -1
2023-12-21 09:24:34,618 [560c1385-c518-4739-80f6-d98c5390378b-groupManagement] INFO  server.RaftServer$Division (RaftServerImpl.java:start(392)) - 560c1385-c518-4739-80f6-d98c5390378b@group-3E5A09133106: start as a follower, conf=-1: peers:[560c1385-c518-4739-80f6-d98c5390378b|10.1.0.5:15219]|listeners:[], old=null
2023-12-21 09:24:34,618 [560c1385-c518-4739-80f6-d98c5390378b-groupManagement] INFO  server.RaftServer$Division (RaftServerImpl.java:setRole(379)) - 560c1385-c518-4739-80f6-d98c5390378b@group-3E5A09133106: changes role from      null to FOLLOWER at term 0 for startAsFollower
2023-12-21 09:24:34,618 [560c1385-c518-4739-80f6-d98c5390378b-groupManagement] INFO  impl.RoleInfo (RoleInfo.java:updateAndGet(139)) - 560c1385-c518-4739-80f6-d98c5390378b: start 560c1385-c518-4739-80f6-d98c5390378b@group-3E5A09133106-FollowerState
2023-12-21 09:24:34,618 [560c1385-c518-4739-80f6-d98c5390378b@group-3E5A09133106-FollowerState] INFO  server.RaftServerConfigKeys (ConfUtils.java:logFallback(53)) - raft.server.rpc.first-election.timeout.min = 5s (fallback to raft.server.rpc.timeout.min)
2023-12-21 09:24:34,618 [560c1385-c518-4739-80f6-d98c5390378b-groupManagement] INFO  util.JmxRegister (JmxRegister.java:tryRegister(44)) - Successfully registered JMX Bean with object name Ratis:service=RaftServer,group=group-3E5A09133106,id=560c1385-c518-4739-80f6-d98c5390378b
2023-12-21 09:24:34,618 [560c1385-c518-4739-80f6-d98c5390378b@group-3E5A09133106-FollowerState] INFO  server.RaftServerConfigKeys (ConfUtils.java:logFallback(53)) - raft.server.rpc.first-election.timeout.max = 5200ms (fallback to raft.server.rpc.timeout.max)
2023-12-21 09:24:34,618 [560c1385-c518-4739-80f6-d98c5390378b-groupManagement] INFO  server.RaftServerConfigKeys (ConfUtils.java:logGet(46)) - raft.server.snapshot.trigger-when-stop.enabled = true (default)
2023-12-21 09:24:34,618 [560c1385-c518-4739-80f6-d98c5390378b-groupManagement] INFO  server.RaftServerConfigKeys (ConfUtils.java:logGet(46)) - raft.server.snapshot.auto.trigger.enabled = true (custom)
2023-12-21 09:24:34,618 [560c1385-c518-4739-80f6-d98c5390378b-groupManagement] INFO  server.RaftServerConfigKeys (ConfUtils.java:logGet(46)) - raft.server.snapshot.auto.trigger.threshold = 10000 (custom)
2023-12-21 09:24:34,618 [560c1385-c518-4739-80f6-d98c5390378b-groupManagement] INFO  server.RaftServerConfigKeys (ConfUtils.java:logGet(46)) - raft.server.snapshot.retention.file.num = 5 (custom)
2023-12-21 09:24:34,618 [560c1385-c518-4739-80f6-d98c5390378b-groupManagement] INFO  server.RaftServerConfigKeys (ConfUtils.java:logGet(46)) - raft.server.log.purge.upto.snapshot.index = false (default)
2023-12-21 09:24:34,619 [560c1385-c518-4739-80f6-d98c5390378b-PipelineCommandHandlerThread-0] INFO  ratis.XceiverServerRatis (XceiverServerRatis.java:addGroup(837)) - Created group PipelineID=61bf65b7-bf82-4b3b-bc09-3e5a09133106
2023-12-21 09:24:34,619 [560c1385-c518-4739-80f6-d98c5390378b-PipelineCommandHandlerThread-0] INFO  commandhandler.CreatePipelineCommandHandler (CreatePipelineCommandHandler.java:lambda$handle$2(124)) - Created Pipeline RATIS ONE PipelineID=61bf65b7-bf82-4b3b-bc09-3e5a09133106.
2023-12-21 09:24:34,619 [560c1385-c518-4739-80f6-d98c5390378b-PipelineCommandHandlerThread-0] INFO  server.RaftServer (RaftServerProxy.java:addNew(100)) - 560c1385-c518-4739-80f6-d98c5390378b: addNew group-1F7EAD23F4F8:[560c1385-c518-4739-80f6-d98c5390378b|10.1.0.5:15219, 4150f76c-1cd9-4d5b-96cd-8dd0a9a12dd3|10.1.0.5:15228, 317bf553-3d1a-400b-8f1e-6110842f6590|10.1.0.5:15237] returns group-1F7EAD23F4F8:java.util.concurrent.CompletableFuture@42b7e3d3[Not completed]
2023-12-21 09:24:34,620 [560c1385-c518-4739-80f6-d98c5390378b-groupManagement] INFO  server.RaftServer$Division (RaftServerImpl.java:<init>(256)) - 560c1385-c518-4739-80f6-d98c5390378b: new RaftServerImpl for group-1F7EAD23F4F8:[560c1385-c518-4739-80f6-d98c5390378b|10.1.0.5:15219, 4150f76c-1cd9-4d5b-96cd-8dd0a9a12dd3|10.1.0.5:15228, 317bf553-3d1a-400b-8f1e-6110842f6590|10.1.0.5:15237] with ContainerStateMachine:uninitialized
2023-12-21 09:24:34,620 [560c1385-c518-4739-80f6-d98c5390378b-groupManagement] INFO  server.RaftServerConfigKeys (ConfUtils.java:logGet(46)) - raft.server.rpc.timeout.min = 5s (custom)
2023-12-21 09:24:34,620 [560c1385-c518-4739-80f6-d98c5390378b-groupManagement] INFO  server.RaftServerConfigKeys (ConfUtils.java:logGet(46)) - raft.server.rpc.timeout.max = 5200ms (custom)
2023-12-21 09:24:34,620 [560c1385-c518-4739-80f6-d98c5390378b-groupManagement] INFO  server.RaftServerConfigKeys (ConfUtils.java:logGet(46)) - raft.server.rpc.sleep.time = 25ms (default)
2023-12-21 09:24:34,620 [560c1385-c518-4739-80f6-d98c5390378b-groupManagement] INFO  server.RaftServerConfigKeys (ConfUtils.java:logGet(46)) - raft.server.rpc.slowness.timeout = 300000ms (custom)
2023-12-21 09:24:34,620 [560c1385-c518-4739-80f6-d98c5390378b-groupManagement] INFO  server.RaftServerConfigKeys (ConfUtils.java:logGet(46)) - raft.server.leaderelection.leader.step-down.wait-time = 10s (default)
2023-12-21 09:24:34,620 [560c1385-c518-4739-80f6-d98c5390378b-groupManagement] INFO  server.RaftServerConfigKeys (ConfUtils.java:logGet(46)) - raft.server.leaderelection.member.majority-add = false (default)
2023-12-21 09:24:34,620 [560c1385-c518-4739-80f6-d98c5390378b-groupManagement] INFO  server.RaftServerConfigKeys (ConfUtils.java:logGet(46)) - raft.server.sleep.deviation.threshold = 300ms (default)
2023-12-21 09:24:34,620 [560c1385-c518-4739-80f6-d98c5390378b-groupManagement] INFO  server.RaftServer$Division (ServerState.java:<init>(113)) - 560c1385-c518-4739-80f6-d98c5390378b@group-1F7EAD23F4F8: ConfigurationManager, init=-1: peers:[560c1385-c518-4739-80f6-d98c5390378b|10.1.0.5:15219, 4150f76c-1cd9-4d5b-96cd-8dd0a9a12dd3|10.1.0.5:15228, 317bf553-3d1a-400b-8f1e-6110842f6590|10.1.0.5:15237]|listeners:[], old=null, confs=<EMPTY_MAP>
2023-12-21 09:24:34,621 [560c1385-c518-4739-80f6-d98c5390378b-groupManagement] INFO  server.RaftServerConfigKeys (ConfUtils.java:logGet(46)) - raft.server.notification.no-leader.timeout = 300000ms (custom)
2023-12-21 09:24:34,621 [560c1385-c518-4739-80f6-d98c5390378b-groupManagement] INFO  server.RaftServerConfigKeys (ConfUtils.java:logGet(46)) - raft.server.read.timeout = 10s (default)
2023-12-21 09:24:34,621 [560c1385-c518-4739-80f6-d98c5390378b-groupManagement] INFO  server.RaftServerConfigKeys (ConfUtils.java:logGet(46)) - raft.server.retrycache.expirytime = 600000ms (custom)
2023-12-21 09:24:34,621 [560c1385-c518-4739-80f6-d98c5390378b-groupManagement] INFO  server.RaftServerConfigKeys (ConfUtils.java:logGet(46)) - raft.server.retrycache.statistics.expirytime = 100ms (default)
2023-12-21 09:24:34,621 [560c1385-c518-4739-80f6-d98c5390378b-groupManagement] INFO  server.RaftServerConfigKeys (ConfUtils.java:logGet(46)) - raft.server.read.option = DEFAULT (default)
2023-12-21 09:24:34,621 [560c1385-c518-4739-80f6-d98c5390378b-groupManagement] INFO  server.RaftServerConfigKeys (ConfUtils.java:logGet(46)) - raft.server.read.read-after-write-consistent.write-index-cache.expiry-time = 60s (default)
2023-12-21 09:24:34,622 [560c1385-c518-4739-80f6-d98c5390378b-groupManagement] INFO  server.RaftServerConfigKeys (ConfUtils.java:logGet(46)) - raft.server.rpc.request.timeout = 3000ms (default)
2023-12-21 09:24:34,623 [560c1385-c518-4739-80f6-d98c5390378b-groupManagement] INFO  server.RaftServerConfigKeys (ConfUtils.java:logGet(46)) - raft.server.log.appender.install.snapshot.enabled = false (custom)
2023-12-21 09:24:34,623 [560c1385-c518-4739-80f6-d98c5390378b-groupManagement] INFO  server.RaftServerConfigKeys (ConfUtils.java:logGet(46)) - raft.server.threadpool.server.cached = true (default)
2023-12-21 09:24:34,623 [560c1385-c518-4739-80f6-d98c5390378b-groupManagement] INFO  server.RaftServerConfigKeys (ConfUtils.java:logGet(46)) - raft.server.threadpool.server.size = 0 (default)
2023-12-21 09:24:34,623 [560c1385-c518-4739-80f6-d98c5390378b-groupManagement] INFO  server.RaftServerConfigKeys (ConfUtils.java:logGet(46)) - raft.server.threadpool.client.cached = true (default)
2023-12-21 09:24:34,623 [560c1385-c518-4739-80f6-d98c5390378b-groupManagement] INFO  server.RaftServerConfigKeys (ConfUtils.java:logGet(46)) - raft.server.threadpool.client.size = 0 (default)
2023-12-21 09:24:34,623 [560c1385-c518-4739-80f6-d98c5390378b-groupManagement] INFO  server.RaftServerConfigKeys (ConfUtils.java:logGet(46)) - raft.server.storage.free-space.min = 0MB (=0) (default)
2023-12-21 09:24:34,623 [560c1385-c518-4739-80f6-d98c5390378b-groupManagement] INFO  server.RaftServerConfigKeys (ConfUtils.java:logGet(46)) - raft.server.log.corruption.policy = EXCEPTION (default)
2023-12-21 09:24:34,623 [560c1385-c518-4739-80f6-d98c5390378b-groupManagement] INFO  server.RaftServerConfigKeys (ConfUtils.java:logGet(46)) - raft.server.storage.dir = [/home/runner/work/ozone/ozone/hadoop-ozone/integration-test/target/test-dir/MiniOzoneClusterImpl-e4d55aeb-da58-408a-87dd-e45f7ef8a31a/datanode-3/data/ratis] (custom)
2023-12-21 09:24:34,623 [560c1385-c518-4739-80f6-d98c5390378b-groupManagement] INFO  storage.RaftStorageDirectory (RaftStorageDirectoryImpl.java:analyzeStorage(138)) - The storage directory /home/runner/work/ozone/ozone/hadoop-ozone/integration-test/target/test-dir/MiniOzoneClusterImpl-e4d55aeb-da58-408a-87dd-e45f7ef8a31a/datanode-3/data/ratis/0a5ad6f6-c95c-4872-a7cf-1f7ead23f4f8 does not exist. Creating ...
2023-12-21 09:24:34,624 [560c1385-c518-4739-80f6-d98c5390378b-groupManagement] INFO  storage.RaftStorageDirectory (RaftStorageDirectoryImpl.java:tryLock(232)) - Lock on /home/runner/work/ozone/ozone/hadoop-ozone/integration-test/target/test-dir/MiniOzoneClusterImpl-e4d55aeb-da58-408a-87dd-e45f7ef8a31a/datanode-3/data/ratis/0a5ad6f6-c95c-4872-a7cf-1f7ead23f4f8/in_use.lock acquired by nodename 85023@fv-az1023-676
2023-12-21 09:24:34,625 [560c1385-c518-4739-80f6-d98c5390378b-groupManagement] INFO  storage.RaftStorage (RaftStorageImpl.java:format(97)) - Storage directory /home/runner/work/ozone/ozone/hadoop-ozone/integration-test/target/test-dir/MiniOzoneClusterImpl-e4d55aeb-da58-408a-87dd-e45f7ef8a31a/datanode-3/data/ratis/0a5ad6f6-c95c-4872-a7cf-1f7ead23f4f8 has been successfully formatted.
2023-12-21 09:24:34,626 [560c1385-c518-4739-80f6-d98c5390378b-groupManagement] INFO  ratis.ContainerStateMachine (ContainerStateMachine.java:loadSnapshot(287)) - group-1F7EAD23F4F8: The snapshot info is null. Setting the last applied indexto:(t:0, i:~)
2023-12-21 09:24:34,626 [560c1385-c518-4739-80f6-d98c5390378b-groupManagement] INFO  server.RaftServerConfigKeys (ConfUtils.java:logGet(46)) - raft.server.log.use.memory = false (default)
2023-12-21 09:24:34,626 [560c1385-c518-4739-80f6-d98c5390378b-groupManagement] INFO  server.RaftServerConfigKeys (ConfUtils.java:logGet(46)) - raft.server.log.purge.gap = 1000000 (custom)
2023-12-21 09:24:34,626 [560c1385-c518-4739-80f6-d98c5390378b-groupManagement] INFO  server.RaftServerConfigKeys (ConfUtils.java:logGet(46)) - raft.server.log.appender.buffer.byte-limit = 8388608 (custom)
2023-12-21 09:24:34,626 [560c1385-c518-4739-80f6-d98c5390378b-groupManagement] INFO  server.RaftServerConfigKeys (ConfUtils.java:logGet(46)) - raft.server.log.statemachine.data.read.timeout = 1000ms (default)
2023-12-21 09:24:34,626 [560c1385-c518-4739-80f6-d98c5390378b-groupManagement] INFO  server.RaftServerConfigKeys (ConfUtils.java:logGet(46)) - raft.server.log.purge.preservation.log.num = 0 (default)
2023-12-21 09:24:34,628 [560c1385-c518-4739-80f6-d98c5390378b-groupManagement] INFO  server.RaftServerConfigKeys (ConfUtils.java:logGet(46)) - raft.server.log.segment.size.max = 67108864 (custom)
2023-12-21 09:24:34,628 [EventQueue-OpenPipelineForHealthyPipelineSafeModeRule] INFO  safemode.SCMSafeModeManager (HealthyPipelineSafeModeRule.java:process(140)) - SCM in safe mode. Healthy pipelines reported count is 0, required healthy pipeline reported count is 1
2023-12-21 09:24:34,628 [560c1385-c518-4739-80f6-d98c5390378b-groupManagement] INFO  server.RaftServerConfigKeys (ConfUtils.java:logGet(46)) - raft.server.log.segment.cache.num.max = 2 (custom)
2023-12-21 09:24:34,628 [560c1385-c518-4739-80f6-d98c5390378b-groupManagement] INFO  server.RaftServerConfigKeys (ConfUtils.java:logGet(46)) - raft.server.log.segment.cache.size.max = 200MB (=209715200) (default)
2023-12-21 09:24:34,628 [560c1385-c518-4739-80f6-d98c5390378b-groupManagement] INFO  server.RaftServerConfigKeys (ConfUtils.java:logGet(46)) - raft.server.log.appender.buffer.byte-limit = 8388608 (custom)
2023-12-21 09:24:34,628 [560c1385-c518-4739-80f6-d98c5390378b-groupManagement] INFO  util.AwaitToRun (AwaitToRun.java:start(81)) - Thread[560c1385-c518-4739-80f6-d98c5390378b@group-1F7EAD23F4F8-cacheEviction-AwaitToRun,5,main] started
2023-12-21 09:24:34,628 [560c1385-c518-4739-80f6-d98c5390378b-groupManagement] INFO  segmented.SegmentedRaftLogWorker (SegmentedRaftLogWorker.java:<init>(184)) - new 560c1385-c518-4739-80f6-d98c5390378b@group-1F7EAD23F4F8-SegmentedRaftLogWorker for RaftStorageImpl:Storage Directory /home/runner/work/ozone/ozone/hadoop-ozone/integration-test/target/test-dir/MiniOzoneClusterImpl-e4d55aeb-da58-408a-87dd-e45f7ef8a31a/datanode-3/data/ratis/0a5ad6f6-c95c-4872-a7cf-1f7ead23f4f8
2023-12-21 09:24:34,628 [560c1385-c518-4739-80f6-d98c5390378b-groupManagement] INFO  server.RaftServerConfigKeys (ConfUtils.java:logGet(46)) - raft.server.log.queue.byte-limit = 4294967296 (custom)
2023-12-21 09:24:34,629 [560c1385-c518-4739-80f6-d98c5390378b-groupManagement] INFO  server.RaftServerConfigKeys (ConfUtils.java:logGet(46)) - raft.server.log.queue.element-limit = 1024 (custom)
2023-12-21 09:24:34,629 [560c1385-c518-4739-80f6-d98c5390378b-groupManagement] INFO  server.RaftServerConfigKeys (ConfUtils.java:logGet(46)) - raft.server.log.segment.size.max = 67108864 (custom)
2023-12-21 09:24:34,629 [560c1385-c518-4739-80f6-d98c5390378b-groupManagement] INFO  server.RaftServerConfigKeys (ConfUtils.java:logGet(46)) - raft.server.log.preallocated.size = 4194304 (custom)
2023-12-21 09:24:34,629 [560c1385-c518-4739-80f6-d98c5390378b-groupManagement] INFO  server.RaftServerConfigKeys (ConfUtils.java:logGet(46)) - raft.server.log.force.sync.num = 128 (default)
2023-12-21 09:24:34,629 [560c1385-c518-4739-80f6-d98c5390378b-groupManagement] INFO  server.RaftServerConfigKeys (ConfUtils.java:logGet(46)) - raft.server.log.statemachine.data.sync = true (default)
2023-12-21 09:24:34,629 [560c1385-c518-4739-80f6-d98c5390378b-groupManagement] INFO  server.RaftServerConfigKeys (ConfUtils.java:logGet(46)) - raft.server.log.statemachine.data.sync.timeout = 10s (default)
2023-12-21 09:24:34,629 [560c1385-c518-4739-80f6-d98c5390378b-groupManagement] INFO  server.RaftServerConfigKeys (ConfUtils.java:logGet(46)) - raft.server.log.statemachine.data.sync.timeout.retry = 0 (custom)
2023-12-21 09:24:34,629 [560c1385-c518-4739-80f6-d98c5390378b-groupManagement] INFO  server.RaftServerConfigKeys (ConfUtils.java:logGet(46)) - raft.server.log.write.buffer.size = 8388616 (custom)
2023-12-21 09:24:34,631 [560c1385-c518-4739-80f6-d98c5390378b-groupManagement] INFO  server.RaftServerConfigKeys (ConfUtils.java:logGet(46)) - raft.server.log.appender.buffer.byte-limit = 8388608 (custom)
2023-12-21 09:24:34,632 [560c1385-c518-4739-80f6-d98c5390378b-groupManagement] INFO  server.RaftServerConfigKeys (ConfUtils.java:logGet(46)) - raft.server.log.unsafe-flush.enabled = false (default)
2023-12-21 09:24:34,632 [560c1385-c518-4739-80f6-d98c5390378b-groupManagement] INFO  server.RaftServerConfigKeys (ConfUtils.java:logGet(46)) - raft.server.log.async-flush.enabled = false (default)
2023-12-21 09:24:34,632 [560c1385-c518-4739-80f6-d98c5390378b-groupManagement] INFO  server.RaftServerConfigKeys (ConfUtils.java:logGet(46)) - raft.server.log.statemachine.data.caching.enabled = true (custom)
2023-12-21 09:24:34,632 [560c1385-c518-4739-80f6-d98c5390378b-groupManagement] INFO  segmented.SegmentedRaftLogWorker (SegmentedRaftLogWorker.java:lambda$new$0(135)) - 560c1385-c518-4739-80f6-d98c5390378b@group-1F7EAD23F4F8-SegmentedRaftLogWorker: flushIndex: setUnconditionally 0 -> -1
2023-12-21 09:24:34,632 [560c1385-c518-4739-80f6-d98c5390378b-groupManagement] INFO  segmented.SegmentedRaftLogWorker (SegmentedRaftLogWorker.java:lambda$new$0(135)) - 560c1385-c518-4739-80f6-d98c5390378b@group-1F7EAD23F4F8-SegmentedRaftLogWorker: safeCacheEvictIndex: setUnconditionally 0 -> -1
2023-12-21 09:24:34,633 [560c1385-c518-4739-80f6-d98c5390378b-groupManagement] INFO  server.RaftServer$Division (RaftServerImpl.java:start(392)) - 560c1385-c518-4739-80f6-d98c5390378b@group-1F7EAD23F4F8: start as a follower, conf=-1: peers:[560c1385-c518-4739-80f6-d98c5390378b|10.1.0.5:15219, 4150f76c-1cd9-4d5b-96cd-8dd0a9a12dd3|10.1.0.5:15228, 317bf553-3d1a-400b-8f1e-6110842f6590|10.1.0.5:15237]|listeners:[], old=null
2023-12-21 09:24:34,633 [560c1385-c518-4739-80f6-d98c5390378b-groupManagement] INFO  server.RaftServer$Division (RaftServerImpl.java:setRole(379)) - 560c1385-c518-4739-80f6-d98c5390378b@group-1F7EAD23F4F8: changes role from      null to FOLLOWER at term 0 for startAsFollower
2023-12-21 09:24:34,633 [560c1385-c518-4739-80f6-d98c5390378b-groupManagement] INFO  impl.RoleInfo (RoleInfo.java:updateAndGet(139)) - 560c1385-c518-4739-80f6-d98c5390378b: start 560c1385-c518-4739-80f6-d98c5390378b@group-1F7EAD23F4F8-FollowerState
2023-12-21 09:24:34,633 [560c1385-c518-4739-80f6-d98c5390378b@group-1F7EAD23F4F8-FollowerState] INFO  server.RaftServerConfigKeys (ConfUtils.java:logFallback(53)) - raft.server.rpc.first-election.timeout.min = 5s (fallback to raft.server.rpc.timeout.min)
2023-12-21 09:24:34,633 [560c1385-c518-4739-80f6-d98c5390378b-groupManagement] INFO  util.JmxRegister (JmxRegister.java:tryRegister(44)) - Successfully registered JMX Bean with object name Ratis:service=RaftServer,group=group-1F7EAD23F4F8,id=560c1385-c518-4739-80f6-d98c5390378b
2023-12-21 09:24:34,633 [560c1385-c518-4739-80f6-d98c5390378b-groupManagement] INFO  server.RaftServerConfigKeys (ConfUtils.java:logGet(46)) - raft.server.snapshot.trigger-when-stop.enabled = true (default)
2023-12-21 09:24:34,633 [560c1385-c518-4739-80f6-d98c5390378b-groupManagement] INFO  server.RaftServerConfigKeys (ConfUtils.java:logGet(46)) - raft.server.snapshot.auto.trigger.enabled = true (custom)
2023-12-21 09:24:34,633 [560c1385-c518-4739-80f6-d98c5390378b-groupManagement] INFO  server.RaftServerConfigKeys (ConfUtils.java:logGet(46)) - raft.server.snapshot.auto.trigger.threshold = 10000 (custom)
2023-12-21 09:24:34,633 [560c1385-c518-4739-80f6-d98c5390378b-groupManagement] INFO  server.RaftServerConfigKeys (ConfUtils.java:logGet(46)) - raft.server.snapshot.retention.file.num = 5 (custom)
2023-12-21 09:24:34,633 [560c1385-c518-4739-80f6-d98c5390378b-groupManagement] INFO  server.RaftServerConfigKeys (ConfUtils.java:logGet(46)) - raft.server.log.purge.upto.snapshot.index = false (default)
2023-12-21 09:24:34,634 [560c1385-c518-4739-80f6-d98c5390378b@group-1F7EAD23F4F8-FollowerState] INFO  server.RaftServerConfigKeys (ConfUtils.java:logFallback(53)) - raft.server.rpc.first-election.timeout.max = 5200ms (fallback to raft.server.rpc.timeout.max)
2023-12-21 09:24:34,636 [560c1385-c518-4739-80f6-d98c5390378b-PipelineCommandHandlerThread-0] INFO  ratis.XceiverServerRatis (XceiverServerRatis.java:addGroup(837)) - Created group PipelineID=0a5ad6f6-c95c-4872-a7cf-1f7ead23f4f8
2023-12-21 09:24:34,642 [grpc-default-executor-0] INFO  server.RaftServer (RaftServerProxy.java:addNew(100)) - 317bf553-3d1a-400b-8f1e-6110842f6590: addNew group-1F7EAD23F4F8:[560c1385-c518-4739-80f6-d98c5390378b|10.1.0.5:15219, 4150f76c-1cd9-4d5b-96cd-8dd0a9a12dd3|10.1.0.5:15228, 317bf553-3d1a-400b-8f1e-6110842f6590|10.1.0.5:15237] returns group-1F7EAD23F4F8:java.util.concurrent.CompletableFuture@1e8394f6[Not completed]
2023-12-21 09:24:34,643 [317bf553-3d1a-400b-8f1e-6110842f6590-groupManagement] INFO  server.RaftServer$Division (RaftServerImpl.java:<init>(256)) - 317bf553-3d1a-400b-8f1e-6110842f6590: new RaftServerImpl for group-1F7EAD23F4F8:[560c1385-c518-4739-80f6-d98c5390378b|10.1.0.5:15219, 4150f76c-1cd9-4d5b-96cd-8dd0a9a12dd3|10.1.0.5:15228, 317bf553-3d1a-400b-8f1e-6110842f6590|10.1.0.5:15237] with ContainerStateMachine:uninitialized
2023-12-21 09:24:34,643 [317bf553-3d1a-400b-8f1e-6110842f6590-groupManagement] INFO  server.RaftServerConfigKeys (ConfUtils.java:logGet(46)) - raft.server.rpc.timeout.min = 5s (custom)
2023-12-21 09:24:34,643 [317bf553-3d1a-400b-8f1e-6110842f6590-groupManagement] INFO  server.RaftServerConfigKeys (ConfUtils.java:logGet(46)) - raft.server.rpc.timeout.max = 5200ms (custom)
2023-12-21 09:24:34,643 [317bf553-3d1a-400b-8f1e-6110842f6590-groupManagement] INFO  server.RaftServerConfigKeys (ConfUtils.java:logGet(46)) - raft.server.rpc.sleep.time = 25ms (default)
2023-12-21 09:24:34,643 [317bf553-3d1a-400b-8f1e-6110842f6590-groupManagement] INFO  server.RaftServerConfigKeys (ConfUtils.java:logGet(46)) - raft.server.rpc.slowness.timeout = 300000ms (custom)
2023-12-21 09:24:34,643 [317bf553-3d1a-400b-8f1e-6110842f6590-groupManagement] INFO  server.RaftServerConfigKeys (ConfUtils.java:logGet(46)) - raft.server.leaderelection.leader.step-down.wait-time = 10s (default)
2023-12-21 09:24:34,643 [317bf553-3d1a-400b-8f1e-6110842f6590-groupManagement] INFO  server.RaftServerConfigKeys (ConfUtils.java:logGet(46)) - raft.server.leaderelection.member.majority-add = false (default)
2023-12-21 09:24:34,643 [317bf553-3d1a-400b-8f1e-6110842f6590-groupManagement] INFO  server.RaftServerConfigKeys (ConfUtils.java:logGet(46)) - raft.server.sleep.deviation.threshold = 300ms (default)
2023-12-21 09:24:34,643 [317bf553-3d1a-400b-8f1e-6110842f6590-groupManagement] INFO  server.RaftServer$Division (ServerState.java:<init>(113)) - 317bf553-3d1a-400b-8f1e-6110842f6590@group-1F7EAD23F4F8: ConfigurationManager, init=-1: peers:[560c1385-c518-4739-80f6-d98c5390378b|10.1.0.5:15219, 4150f76c-1cd9-4d5b-96cd-8dd0a9a12dd3|10.1.0.5:15228, 317bf553-3d1a-400b-8f1e-6110842f6590|10.1.0.5:15237]|listeners:[], old=null, confs=<EMPTY_MAP>
2023-12-21 09:24:34,643 [317bf553-3d1a-400b-8f1e-6110842f6590-groupManagement] INFO  server.RaftServerConfigKeys (ConfUtils.java:logGet(46)) - raft.server.notification.no-leader.timeout = 300000ms (custom)
2023-12-21 09:24:34,643 [317bf553-3d1a-400b-8f1e-6110842f6590-groupManagement] INFO  server.RaftServerConfigKeys (ConfUtils.java:logGet(46)) - raft.server.read.timeout = 10s (default)
2023-12-21 09:24:34,643 [317bf553-3d1a-400b-8f1e-6110842f6590-groupManagement] INFO  server.RaftServerConfigKeys (ConfUtils.java:logGet(46)) - raft.server.retrycache.expirytime = 600000ms (custom)
2023-12-21 09:24:34,643 [317bf553-3d1a-400b-8f1e-6110842f6590-groupManagement] INFO  server.RaftServerConfigKeys (ConfUtils.java:logGet(46)) - raft.server.retrycache.statistics.expirytime = 100ms (default)
2023-12-21 09:24:34,644 [317bf553-3d1a-400b-8f1e-6110842f6590-groupManagement] INFO  server.RaftServerConfigKeys (ConfUtils.java:logGet(46)) - raft.server.read.option = DEFAULT (default)
2023-12-21 09:24:34,644 [317bf553-3d1a-400b-8f1e-6110842f6590-groupManagement] INFO  server.RaftServerConfigKeys (ConfUtils.java:logGet(46)) - raft.server.read.read-after-write-consistent.write-index-cache.expiry-time = 60s (default)
2023-12-21 09:24:34,646 [317bf553-3d1a-400b-8f1e-6110842f6590-groupManagement] INFO  server.RaftServerConfigKeys (ConfUtils.java:logGet(46)) - raft.server.rpc.request.timeout = 3000ms (default)
2023-12-21 09:24:34,646 [317bf553-3d1a-400b-8f1e-6110842f6590-groupManagement] INFO  server.RaftServerConfigKeys (ConfUtils.java:logGet(46)) - raft.server.log.appender.install.snapshot.enabled = false (custom)
2023-12-21 09:24:34,646 [317bf553-3d1a-400b-8f1e-6110842f6590-groupManagement] INFO  server.RaftServerConfigKeys (ConfUtils.java:logGet(46)) - raft.server.threadpool.server.cached = true (default)
2023-12-21 09:24:34,646 [317bf553-3d1a-400b-8f1e-6110842f6590-groupManagement] INFO  server.RaftServerConfigKeys (ConfUtils.java:logGet(46)) - raft.server.threadpool.server.size = 0 (default)
2023-12-21 09:24:34,646 [317bf553-3d1a-400b-8f1e-6110842f6590-groupManagement] INFO  server.RaftServerConfigKeys (ConfUtils.java:logGet(46)) - raft.server.threadpool.client.cached = true (default)
2023-12-21 09:24:34,646 [317bf553-3d1a-400b-8f1e-6110842f6590-groupManagement] INFO  server.RaftServerConfigKeys (ConfUtils.java:logGet(46)) - raft.server.threadpool.client.size = 0 (default)
2023-12-21 09:24:34,646 [317bf553-3d1a-400b-8f1e-6110842f6590-groupManagement] INFO  server.RaftServerConfigKeys (ConfUtils.java:logGet(46)) - raft.server.storage.free-space.min = 0MB (=0) (default)
2023-12-21 09:24:34,647 [317bf553-3d1a-400b-8f1e-6110842f6590-groupManagement] INFO  server.RaftServerConfigKeys (ConfUtils.java:logGet(46)) - raft.server.log.corruption.policy = EXCEPTION (default)
2023-12-21 09:24:34,647 [317bf553-3d1a-400b-8f1e-6110842f6590-groupManagement] INFO  server.RaftServerConfigKeys (ConfUtils.java:logGet(46)) - raft.server.storage.dir = [/home/runner/work/ozone/ozone/hadoop-ozone/integration-test/target/test-dir/MiniOzoneClusterImpl-e4d55aeb-da58-408a-87dd-e45f7ef8a31a/datanode-5/data/ratis] (custom)
2023-12-21 09:24:34,647 [317bf553-3d1a-400b-8f1e-6110842f6590-groupManagement] INFO  storage.RaftStorageDirectory (RaftStorageDirectoryImpl.java:analyzeStorage(138)) - The storage directory /home/runner/work/ozone/ozone/hadoop-ozone/integration-test/target/test-dir/MiniOzoneClusterImpl-e4d55aeb-da58-408a-87dd-e45f7ef8a31a/datanode-5/data/ratis/0a5ad6f6-c95c-4872-a7cf-1f7ead23f4f8 does not exist. Creating ...
2023-12-21 09:24:34,650 [317bf553-3d1a-400b-8f1e-6110842f6590-groupManagement] INFO  storage.RaftStorageDirectory (RaftStorageDirectoryImpl.java:tryLock(232)) - Lock on /home/runner/work/ozone/ozone/hadoop-ozone/integration-test/target/test-dir/MiniOzoneClusterImpl-e4d55aeb-da58-408a-87dd-e45f7ef8a31a/datanode-5/data/ratis/0a5ad6f6-c95c-4872-a7cf-1f7ead23f4f8/in_use.lock acquired by nodename 85023@fv-az1023-676
2023-12-21 09:24:34,651 [317bf553-3d1a-400b-8f1e-6110842f6590-groupManagement] INFO  storage.RaftStorage (RaftStorageImpl.java:format(97)) - Storage directory /home/runner/work/ozone/ozone/hadoop-ozone/integration-test/target/test-dir/MiniOzoneClusterImpl-e4d55aeb-da58-408a-87dd-e45f7ef8a31a/datanode-5/data/ratis/0a5ad6f6-c95c-4872-a7cf-1f7ead23f4f8 has been successfully formatted.
2023-12-21 09:24:34,652 [317bf553-3d1a-400b-8f1e-6110842f6590-groupManagement] INFO  ratis.ContainerStateMachine (ContainerStateMachine.java:loadSnapshot(287)) - group-1F7EAD23F4F8: The snapshot info is null. Setting the last applied indexto:(t:0, i:~)
2023-12-21 09:24:34,653 [317bf553-3d1a-400b-8f1e-6110842f6590-groupManagement] INFO  server.RaftServerConfigKeys (ConfUtils.java:logGet(46)) - raft.server.log.use.memory = false (default)
2023-12-21 09:24:34,653 [317bf553-3d1a-400b-8f1e-6110842f6590-groupManagement] INFO  server.RaftServerConfigKeys (ConfUtils.java:logGet(46)) - raft.server.log.purge.gap = 1000000 (custom)
2023-12-21 09:24:34,654 [317bf553-3d1a-400b-8f1e-6110842f6590-groupManagement] INFO  server.RaftServerConfigKeys (ConfUtils.java:logGet(46)) - raft.server.log.appender.buffer.byte-limit = 8388608 (custom)
2023-12-21 09:24:34,654 [317bf553-3d1a-400b-8f1e-6110842f6590-groupManagement] INFO  server.RaftServerConfigKeys (ConfUtils.java:logGet(46)) - raft.server.log.statemachine.data.read.timeout = 1000ms (default)
2023-12-21 09:24:34,654 [317bf553-3d1a-400b-8f1e-6110842f6590-groupManagement] INFO  server.RaftServerConfigKeys (ConfUtils.java:logGet(46)) - raft.server.log.purge.preservation.log.num = 0 (default)
2023-12-21 09:24:34,655 [317bf553-3d1a-400b-8f1e-6110842f6590-groupManagement] INFO  server.RaftServerConfigKeys (ConfUtils.java:logGet(46)) - raft.server.log.segment.size.max = 67108864 (custom)
2023-12-21 09:24:34,656 [317bf553-3d1a-400b-8f1e-6110842f6590-groupManagement] INFO  server.RaftServerConfigKeys (ConfUtils.java:logGet(46)) - raft.server.log.segment.cache.num.max = 2 (custom)
2023-12-21 09:24:34,656 [317bf553-3d1a-400b-8f1e-6110842f6590-groupManagement] INFO  server.RaftServerConfigKeys (ConfUtils.java:logGet(46)) - raft.server.log.segment.cache.size.max = 200MB (=209715200) (default)
2023-12-21 09:24:34,656 [317bf553-3d1a-400b-8f1e-6110842f6590-groupManagement] INFO  server.RaftServerConfigKeys (ConfUtils.java:logGet(46)) - raft.server.log.appender.buffer.byte-limit = 8388608 (custom)
2023-12-21 09:24:34,656 [317bf553-3d1a-400b-8f1e-6110842f6590-groupManagement] INFO  util.AwaitToRun (AwaitToRun.java:start(81)) - Thread[317bf553-3d1a-400b-8f1e-6110842f6590@group-1F7EAD23F4F8-cacheEviction-AwaitToRun,5,main] started
2023-12-21 09:24:34,656 [317bf553-3d1a-400b-8f1e-6110842f6590-groupManagement] INFO  segmented.SegmentedRaftLogWorker (SegmentedRaftLogWorker.java:<init>(184)) - new 317bf553-3d1a-400b-8f1e-6110842f6590@group-1F7EAD23F4F8-SegmentedRaftLogWorker for RaftStorageImpl:Storage Directory /home/runner/work/ozone/ozone/hadoop-ozone/integration-test/target/test-dir/MiniOzoneClusterImpl-e4d55aeb-da58-408a-87dd-e45f7ef8a31a/datanode-5/data/ratis/0a5ad6f6-c95c-4872-a7cf-1f7ead23f4f8
2023-12-21 09:24:34,656 [317bf553-3d1a-400b-8f1e-6110842f6590-groupManagement] INFO  server.RaftServerConfigKeys (ConfUtils.java:logGet(46)) - raft.server.log.queue.byte-limit = 4294967296 (custom)
2023-12-21 09:24:34,656 [317bf553-3d1a-400b-8f1e-6110842f6590-groupManagement] INFO  server.RaftServerConfigKeys (ConfUtils.java:logGet(46)) - raft.server.log.queue.element-limit = 1024 (custom)
2023-12-21 09:24:34,656 [317bf553-3d1a-400b-8f1e-6110842f6590-groupManagement] INFO  server.RaftServerConfigKeys (ConfUtils.java:logGet(46)) - raft.server.log.segment.size.max = 67108864 (custom)
2023-12-21 09:24:34,656 [317bf553-3d1a-400b-8f1e-6110842f6590-groupManagement] INFO  server.RaftServerConfigKeys (ConfUtils.java:logGet(46)) - raft.server.log.preallocated.size = 4194304 (custom)
2023-12-21 09:24:34,657 [317bf553-3d1a-400b-8f1e-6110842f6590-groupManagement] INFO  server.RaftServerConfigKeys (ConfUtils.java:logGet(46)) - raft.server.log.force.sync.num = 128 (default)
2023-12-21 09:24:34,657 [317bf553-3d1a-400b-8f1e-6110842f6590-groupManagement] INFO  server.RaftServerConfigKeys (ConfUtils.java:logGet(46)) - raft.server.log.statemachine.data.sync = true (default)
2023-12-21 09:24:34,657 [317bf553-3d1a-400b-8f1e-6110842f6590-groupManagement] INFO  server.RaftServerConfigKeys (ConfUtils.java:logGet(46)) - raft.server.log.statemachine.data.sync.timeout = 10s (default)
2023-12-21 09:24:34,657 [317bf553-3d1a-400b-8f1e-6110842f6590-groupManagement] INFO  server.RaftServerConfigKeys (ConfUtils.java:logGet(46)) - raft.server.log.statemachine.data.sync.timeout.retry = 0 (custom)
2023-12-21 09:24:34,657 [317bf553-3d1a-400b-8f1e-6110842f6590-groupManagement] INFO  server.RaftServerConfigKeys (ConfUtils.java:logGet(46)) - raft.server.log.write.buffer.size = 8388616 (custom)
2023-12-21 09:24:34,659 [317bf553-3d1a-400b-8f1e-6110842f6590-groupManagement] INFO  server.RaftServerConfigKeys (ConfUtils.java:logGet(46)) - raft.server.log.appender.buffer.byte-limit = 8388608 (custom)
2023-12-21 09:24:34,659 [317bf553-3d1a-400b-8f1e-6110842f6590-groupManagement] INFO  server.RaftServerConfigKeys (ConfUtils.java:logGet(46)) - raft.server.log.unsafe-flush.enabled = false (default)
2023-12-21 09:24:34,659 [317bf553-3d1a-400b-8f1e-6110842f6590-groupManagement] INFO  server.RaftServerConfigKeys (ConfUtils.java:logGet(46)) - raft.server.log.async-flush.enabled = false (default)
2023-12-21 09:24:34,659 [317bf553-3d1a-400b-8f1e-6110842f6590-groupManagement] INFO  server.RaftServerConfigKeys (ConfUtils.java:logGet(46)) - raft.server.log.statemachine.data.caching.enabled = true (custom)
2023-12-21 09:24:34,660 [317bf553-3d1a-400b-8f1e-6110842f6590-groupManagement] INFO  segmented.SegmentedRaftLogWorker (SegmentedRaftLogWorker.java:lambda$new$0(135)) - 317bf553-3d1a-400b-8f1e-6110842f6590@group-1F7EAD23F4F8-SegmentedRaftLogWorker: flushIndex: setUnconditionally 0 -> -1
2023-12-21 09:24:34,660 [317bf553-3d1a-400b-8f1e-6110842f6590-groupManagement] INFO  segmented.SegmentedRaftLogWorker (SegmentedRaftLogWorker.java:lambda$new$0(135)) - 317bf553-3d1a-400b-8f1e-6110842f6590@group-1F7EAD23F4F8-SegmentedRaftLogWorker: safeCacheEvictIndex: setUnconditionally 0 -> -1
2023-12-21 09:24:34,660 [317bf553-3d1a-400b-8f1e-6110842f6590-groupManagement] INFO  server.RaftServer$Division (RaftServerImpl.java:start(392)) - 317bf553-3d1a-400b-8f1e-6110842f6590@group-1F7EAD23F4F8: start as a follower, conf=-1: peers:[560c1385-c518-4739-80f6-d98c5390378b|10.1.0.5:15219, 4150f76c-1cd9-4d5b-96cd-8dd0a9a12dd3|10.1.0.5:15228, 317bf553-3d1a-400b-8f1e-6110842f6590|10.1.0.5:15237]|listeners:[], old=null
2023-12-21 09:24:34,660 [317bf553-3d1a-400b-8f1e-6110842f6590-groupManagement] INFO  server.RaftServer$Division (RaftServerImpl.java:setRole(379)) - 317bf553-3d1a-400b-8f1e-6110842f6590@group-1F7EAD23F4F8: changes role from      null to FOLLOWER at term 0 for startAsFollower
2023-12-21 09:24:34,660 [317bf553-3d1a-400b-8f1e-6110842f6590-groupManagement] INFO  impl.RoleInfo (RoleInfo.java:updateAndGet(139)) - 317bf553-3d1a-400b-8f1e-6110842f6590: start 317bf553-3d1a-400b-8f1e-6110842f6590@group-1F7EAD23F4F8-FollowerState
2023-12-21 09:24:34,660 [317bf553-3d1a-400b-8f1e-6110842f6590-groupManagement] INFO  util.JmxRegister (JmxRegister.java:tryRegister(44)) - Successfully registered JMX Bean with object name Ratis:service=RaftServer,group=group-1F7EAD23F4F8,id=317bf553-3d1a-400b-8f1e-6110842f6590
2023-12-21 09:24:34,660 [317bf553-3d1a-400b-8f1e-6110842f6590@group-1F7EAD23F4F8-FollowerState] INFO  server.RaftServerConfigKeys (ConfUtils.java:logFallback(53)) - raft.server.rpc.first-election.timeout.min = 5s (fallback to raft.server.rpc.timeout.min)
2023-12-21 09:24:34,660 [317bf553-3d1a-400b-8f1e-6110842f6590-groupManagement] INFO  server.RaftServerConfigKeys (ConfUtils.java:logGet(46)) - raft.server.snapshot.trigger-when-stop.enabled = true (default)
2023-12-21 09:24:34,661 [317bf553-3d1a-400b-8f1e-6110842f6590@group-1F7EAD23F4F8-FollowerState] INFO  server.RaftServerConfigKeys (ConfUtils.java:logFallback(53)) - raft.server.rpc.first-election.timeout.max = 5200ms (fallback to raft.server.rpc.timeout.max)
2023-12-21 09:24:34,661 [317bf553-3d1a-400b-8f1e-6110842f6590-groupManagement] INFO  server.RaftServerConfigKeys (ConfUtils.java:logGet(46)) - raft.server.snapshot.auto.trigger.enabled = true (custom)
2023-12-21 09:24:34,661 [317bf553-3d1a-400b-8f1e-6110842f6590-groupManagement] INFO  server.RaftServerConfigKeys (ConfUtils.java:logGet(46)) - raft.server.snapshot.auto.trigger.threshold = 10000 (custom)
2023-12-21 09:24:34,661 [317bf553-3d1a-400b-8f1e-6110842f6590-groupManagement] INFO  server.RaftServerConfigKeys (ConfUtils.java:logGet(46)) - raft.server.snapshot.retention.file.num = 5 (custom)
2023-12-21 09:24:34,661 [317bf553-3d1a-400b-8f1e-6110842f6590-groupManagement] INFO  server.RaftServerConfigKeys (ConfUtils.java:logGet(46)) - raft.server.log.purge.upto.snapshot.index = false (default)
2023-12-21 09:24:34,672 [grpc-default-executor-0] INFO  server.RaftServer (RaftServerProxy.java:addNew(100)) - 4150f76c-1cd9-4d5b-96cd-8dd0a9a12dd3: addNew group-1F7EAD23F4F8:[560c1385-c518-4739-80f6-d98c5390378b|10.1.0.5:15219, 4150f76c-1cd9-4d5b-96cd-8dd0a9a12dd3|10.1.0.5:15228, 317bf553-3d1a-400b-8f1e-6110842f6590|10.1.0.5:15237] returns group-1F7EAD23F4F8:java.util.concurrent.CompletableFuture@4936c30d[Not completed]
2023-12-21 09:24:34,673 [4150f76c-1cd9-4d5b-96cd-8dd0a9a12dd3-groupManagement] INFO  server.RaftServer$Division (RaftServerImpl.java:<init>(256)) - 4150f76c-1cd9-4d5b-96cd-8dd0a9a12dd3: new RaftServerImpl for group-1F7EAD23F4F8:[560c1385-c518-4739-80f6-d98c5390378b|10.1.0.5:15219, 4150f76c-1cd9-4d5b-96cd-8dd0a9a12dd3|10.1.0.5:15228, 317bf553-3d1a-400b-8f1e-6110842f6590|10.1.0.5:15237] with ContainerStateMachine:uninitialized
2023-12-21 09:24:34,673 [4150f76c-1cd9-4d5b-96cd-8dd0a9a12dd3-groupManagement] INFO  server.RaftServerConfigKeys (ConfUtils.java:logGet(46)) - raft.server.rpc.timeout.min = 5s (custom)
2023-12-21 09:24:34,673 [4150f76c-1cd9-4d5b-96cd-8dd0a9a12dd3-groupManagement] INFO  server.RaftServerConfigKeys (ConfUtils.java:logGet(46)) - raft.server.rpc.timeout.max = 5200ms (custom)
2023-12-21 09:24:34,673 [4150f76c-1cd9-4d5b-96cd-8dd0a9a12dd3-groupManagement] INFO  server.RaftServerConfigKeys (ConfUtils.java:logGet(46)) - raft.server.rpc.sleep.time = 25ms (default)
2023-12-21 09:24:34,673 [4150f76c-1cd9-4d5b-96cd-8dd0a9a12dd3-groupManagement] INFO  server.RaftServerConfigKeys (ConfUtils.java:logGet(46)) - raft.server.rpc.slowness.timeout = 300000ms (custom)
2023-12-21 09:24:34,674 [4150f76c-1cd9-4d5b-96cd-8dd0a9a12dd3-groupManagement] INFO  server.RaftServerConfigKeys (ConfUtils.java:logGet(46)) - raft.server.leaderelection.leader.step-down.wait-time = 10s (default)
2023-12-21 09:24:34,674 [4150f76c-1cd9-4d5b-96cd-8dd0a9a12dd3-groupManagement] INFO  server.RaftServerConfigKeys (ConfUtils.java:logGet(46)) - raft.server.leaderelection.member.majority-add = false (default)
2023-12-21 09:24:34,674 [4150f76c-1cd9-4d5b-96cd-8dd0a9a12dd3-groupManagement] INFO  server.RaftServerConfigKeys (ConfUtils.java:logGet(46)) - raft.server.sleep.deviation.threshold = 300ms (default)
2023-12-21 09:24:34,674 [4150f76c-1cd9-4d5b-96cd-8dd0a9a12dd3-groupManagement] INFO  server.RaftServer$Division (ServerState.java:<init>(113)) - 4150f76c-1cd9-4d5b-96cd-8dd0a9a12dd3@group-1F7EAD23F4F8: ConfigurationManager, init=-1: peers:[560c1385-c518-4739-80f6-d98c5390378b|10.1.0.5:15219, 4150f76c-1cd9-4d5b-96cd-8dd0a9a12dd3|10.1.0.5:15228, 317bf553-3d1a-400b-8f1e-6110842f6590|10.1.0.5:15237]|listeners:[], old=null, confs=<EMPTY_MAP>
2023-12-21 09:24:34,674 [4150f76c-1cd9-4d5b-96cd-8dd0a9a12dd3-groupManagement] INFO  server.RaftServerConfigKeys (ConfUtils.java:logGet(46)) - raft.server.notification.no-leader.timeout = 300000ms (custom)
2023-12-21 09:24:34,674 [4150f76c-1cd9-4d5b-96cd-8dd0a9a12dd3-groupManagement] INFO  server.RaftServerConfigKeys (ConfUtils.java:logGet(46)) - raft.server.read.timeout = 10s (default)
2023-12-21 09:24:34,674 [4150f76c-1cd9-4d5b-96cd-8dd0a9a12dd3-groupManagement] INFO  server.RaftServerConfigKeys (ConfUtils.java:logGet(46)) - raft.server.retrycache.expirytime = 600000ms (custom)
2023-12-21 09:24:34,674 [4150f76c-1cd9-4d5b-96cd-8dd0a9a12dd3-groupManagement] INFO  server.RaftServerConfigKeys (ConfUtils.java:logGet(46)) - raft.server.retrycache.statistics.expirytime = 100ms (default)
2023-12-21 09:24:34,674 [4150f76c-1cd9-4d5b-96cd-8dd0a9a12dd3-groupManagement] INFO  server.RaftServerConfigKeys (ConfUtils.java:logGet(46)) - raft.server.read.option = DEFAULT (default)
2023-12-21 09:24:34,675 [4150f76c-1cd9-4d5b-96cd-8dd0a9a12dd3-groupManagement] INFO  server.RaftServerConfigKeys (ConfUtils.java:logGet(46)) - raft.server.read.read-after-write-consistent.write-index-cache.expiry-time = 60s (default)
2023-12-21 09:24:34,676 [4150f76c-1cd9-4d5b-96cd-8dd0a9a12dd3-groupManagement] INFO  server.RaftServerConfigKeys (ConfUtils.java:logGet(46)) - raft.server.rpc.request.timeout = 3000ms (default)
2023-12-21 09:24:34,676 [4150f76c-1cd9-4d5b-96cd-8dd0a9a12dd3-groupManagement] INFO  server.RaftServerConfigKeys (ConfUtils.java:logGet(46)) - raft.server.log.appender.install.snapshot.enabled = false (custom)
2023-12-21 09:24:34,676 [4150f76c-1cd9-4d5b-96cd-8dd0a9a12dd3-groupManagement] INFO  server.RaftServerConfigKeys (ConfUtils.java:logGet(46)) - raft.server.threadpool.server.cached = true (default)
2023-12-21 09:24:34,676 [4150f76c-1cd9-4d5b-96cd-8dd0a9a12dd3-groupManagement] INFO  server.RaftServerConfigKeys (ConfUtils.java:logGet(46)) - raft.server.threadpool.server.size = 0 (default)
2023-12-21 09:24:34,676 [4150f76c-1cd9-4d5b-96cd-8dd0a9a12dd3-groupManagement] INFO  server.RaftServerConfigKeys (ConfUtils.java:logGet(46)) - raft.server.threadpool.client.cached = true (default)
2023-12-21 09:24:34,676 [4150f76c-1cd9-4d5b-96cd-8dd0a9a12dd3-groupManagement] INFO  server.RaftServerConfigKeys (ConfUtils.java:logGet(46)) - raft.server.threadpool.client.size = 0 (default)
2023-12-21 09:24:34,677 [4150f76c-1cd9-4d5b-96cd-8dd0a9a12dd3-groupManagement] INFO  server.RaftServerConfigKeys (ConfUtils.java:logGet(46)) - raft.server.storage.free-space.min = 0MB (=0) (default)
2023-12-21 09:24:34,677 [4150f76c-1cd9-4d5b-96cd-8dd0a9a12dd3-groupManagement] INFO  server.RaftServerConfigKeys (ConfUtils.java:logGet(46)) - raft.server.log.corruption.policy = EXCEPTION (default)
2023-12-21 09:24:34,677 [4150f76c-1cd9-4d5b-96cd-8dd0a9a12dd3-groupManagement] INFO  server.RaftServerConfigKeys (ConfUtils.java:logGet(46)) - raft.server.storage.dir = [/home/runner/work/ozone/ozone/hadoop-ozone/integration-test/target/test-dir/MiniOzoneClusterImpl-e4d55aeb-da58-408a-87dd-e45f7ef8a31a/datanode-4/data/ratis] (custom)
2023-12-21 09:24:34,677 [4150f76c-1cd9-4d5b-96cd-8dd0a9a12dd3-groupManagement] INFO  storage.RaftStorageDirectory (RaftStorageDirectoryImpl.java:analyzeStorage(138)) - The storage directory /home/runner/work/ozone/ozone/hadoop-ozone/integration-test/target/test-dir/MiniOzoneClusterImpl-e4d55aeb-da58-408a-87dd-e45f7ef8a31a/datanode-4/data/ratis/0a5ad6f6-c95c-4872-a7cf-1f7ead23f4f8 does not exist. Creating ...
2023-12-21 09:24:34,681 [4150f76c-1cd9-4d5b-96cd-8dd0a9a12dd3-groupManagement] INFO  storage.RaftStorageDirectory (RaftStorageDirectoryImpl.java:tryLock(232)) - Lock on /home/runner/work/ozone/ozone/hadoop-ozone/integration-test/target/test-dir/MiniOzoneClusterImpl-e4d55aeb-da58-408a-87dd-e45f7ef8a31a/datanode-4/data/ratis/0a5ad6f6-c95c-4872-a7cf-1f7ead23f4f8/in_use.lock acquired by nodename 85023@fv-az1023-676
2023-12-21 09:24:34,682 [4150f76c-1cd9-4d5b-96cd-8dd0a9a12dd3-groupManagement] INFO  storage.RaftStorage (RaftStorageImpl.java:format(97)) - Storage directory /home/runner/work/ozone/ozone/hadoop-ozone/integration-test/target/test-dir/MiniOzoneClusterImpl-e4d55aeb-da58-408a-87dd-e45f7ef8a31a/datanode-4/data/ratis/0a5ad6f6-c95c-4872-a7cf-1f7ead23f4f8 has been successfully formatted.
2023-12-21 09:24:34,684 [4150f76c-1cd9-4d5b-96cd-8dd0a9a12dd3-groupManagement] INFO  ratis.ContainerStateMachine (ContainerStateMachine.java:loadSnapshot(287)) - group-1F7EAD23F4F8: The snapshot info is null. Setting the last applied indexto:(t:0, i:~)
2023-12-21 09:24:34,685 [4150f76c-1cd9-4d5b-96cd-8dd0a9a12dd3-groupManagement] INFO  server.RaftServerConfigKeys (ConfUtils.java:logGet(46)) - raft.server.log.use.memory = false (default)
2023-12-21 09:24:34,685 [4150f76c-1cd9-4d5b-96cd-8dd0a9a12dd3-groupManagement] INFO  server.RaftServerConfigKeys (ConfUtils.java:logGet(46)) - raft.server.log.purge.gap = 1000000 (custom)
2023-12-21 09:24:34,685 [4150f76c-1cd9-4d5b-96cd-8dd0a9a12dd3-groupManagement] INFO  server.RaftServerConfigKeys (ConfUtils.java:logGet(46)) - raft.server.log.appender.buffer.byte-limit = 8388608 (custom)
2023-12-21 09:24:34,685 [4150f76c-1cd9-4d5b-96cd-8dd0a9a12dd3-groupManagement] INFO  server.RaftServerConfigKeys (ConfUtils.java:logGet(46)) - raft.server.log.statemachine.data.read.timeout = 1000ms (default)
2023-12-21 09:24:34,685 [4150f76c-1cd9-4d5b-96cd-8dd0a9a12dd3-groupManagement] INFO  server.RaftServerConfigKeys (ConfUtils.java:logGet(46)) - raft.server.log.purge.preservation.log.num = 0 (default)
2023-12-21 09:24:34,686 [4150f76c-1cd9-4d5b-96cd-8dd0a9a12dd3-groupManagement] INFO  server.RaftServerConfigKeys (ConfUtils.java:logGet(46)) - raft.server.log.segment.size.max = 67108864 (custom)
2023-12-21 09:24:34,687 [4150f76c-1cd9-4d5b-96cd-8dd0a9a12dd3-groupManagement] INFO  server.RaftServerConfigKeys (ConfUtils.java:logGet(46)) - raft.server.log.segment.cache.num.max = 2 (custom)
2023-12-21 09:24:34,687 [4150f76c-1cd9-4d5b-96cd-8dd0a9a12dd3-groupManagement] INFO  server.RaftServerConfigKeys (ConfUtils.java:logGet(46)) - raft.server.log.segment.cache.size.max = 200MB (=209715200) (default)
2023-12-21 09:24:34,687 [4150f76c-1cd9-4d5b-96cd-8dd0a9a12dd3-groupManagement] INFO  server.RaftServerConfigKeys (ConfUtils.java:logGet(46)) - raft.server.log.appender.buffer.byte-limit = 8388608 (custom)
2023-12-21 09:24:34,687 [4150f76c-1cd9-4d5b-96cd-8dd0a9a12dd3-groupManagement] INFO  util.AwaitToRun (AwaitToRun.java:start(81)) - Thread[4150f76c-1cd9-4d5b-96cd-8dd0a9a12dd3@group-1F7EAD23F4F8-cacheEviction-AwaitToRun,5,main] started
2023-12-21 09:24:34,687 [4150f76c-1cd9-4d5b-96cd-8dd0a9a12dd3-groupManagement] INFO  segmented.SegmentedRaftLogWorker (SegmentedRaftLogWorker.java:<init>(184)) - new 4150f76c-1cd9-4d5b-96cd-8dd0a9a12dd3@group-1F7EAD23F4F8-SegmentedRaftLogWorker for RaftStorageImpl:Storage Directory /home/runner/work/ozone/ozone/hadoop-ozone/integration-test/target/test-dir/MiniOzoneClusterImpl-e4d55aeb-da58-408a-87dd-e45f7ef8a31a/datanode-4/data/ratis/0a5ad6f6-c95c-4872-a7cf-1f7ead23f4f8
2023-12-21 09:24:34,687 [4150f76c-1cd9-4d5b-96cd-8dd0a9a12dd3-groupManagement] INFO  server.RaftServerConfigKeys (ConfUtils.java:logGet(46)) - raft.server.log.queue.byte-limit = 4294967296 (custom)
2023-12-21 09:24:34,687 [4150f76c-1cd9-4d5b-96cd-8dd0a9a12dd3-groupManagement] INFO  server.RaftServerConfigKeys (ConfUtils.java:logGet(46)) - raft.server.log.queue.element-limit = 1024 (custom)
2023-12-21 09:24:34,687 [4150f76c-1cd9-4d5b-96cd-8dd0a9a12dd3-groupManagement] INFO  server.RaftServerConfigKeys (ConfUtils.java:logGet(46)) - raft.server.log.segment.size.max = 67108864 (custom)
2023-12-21 09:24:34,687 [4150f76c-1cd9-4d5b-96cd-8dd0a9a12dd3-groupManagement] INFO  server.RaftServerConfigKeys (ConfUtils.java:logGet(46)) - raft.server.log.preallocated.size = 4194304 (custom)
2023-12-21 09:24:34,687 [4150f76c-1cd9-4d5b-96cd-8dd0a9a12dd3-groupManagement] INFO  server.RaftServerConfigKeys (ConfUtils.java:logGet(46)) - raft.server.log.force.sync.num = 128 (default)
2023-12-21 09:24:34,687 [4150f76c-1cd9-4d5b-96cd-8dd0a9a12dd3-groupManagement] INFO  server.RaftServerConfigKeys (ConfUtils.java:logGet(46)) - raft.server.log.statemachine.data.sync = true (default)
2023-12-21 09:24:34,688 [4150f76c-1cd9-4d5b-96cd-8dd0a9a12dd3-groupManagement] INFO  server.RaftServerConfigKeys (ConfUtils.java:logGet(46)) - raft.server.log.statemachine.data.sync.timeout = 10s (default)
2023-12-21 09:24:34,688 [4150f76c-1cd9-4d5b-96cd-8dd0a9a12dd3-groupManagement] INFO  server.RaftServerConfigKeys (ConfUtils.java:logGet(46)) - raft.server.log.statemachine.data.sync.timeout.retry = 0 (custom)
2023-12-21 09:24:34,688 [4150f76c-1cd9-4d5b-96cd-8dd0a9a12dd3-groupManagement] INFO  server.RaftServerConfigKeys (ConfUtils.java:logGet(46)) - raft.server.log.write.buffer.size = 8388616 (custom)
2023-12-21 09:24:34,690 [4150f76c-1cd9-4d5b-96cd-8dd0a9a12dd3-groupManagement] INFO  server.RaftServerConfigKeys (ConfUtils.java:logGet(46)) - raft.server.log.appender.buffer.byte-limit = 8388608 (custom)
2023-12-21 09:24:34,690 [4150f76c-1cd9-4d5b-96cd-8dd0a9a12dd3-groupManagement] INFO  server.RaftServerConfigKeys (ConfUtils.java:logGet(46)) - raft.server.log.unsafe-flush.enabled = false (default)
2023-12-21 09:24:34,690 [4150f76c-1cd9-4d5b-96cd-8dd0a9a12dd3-groupManagement] INFO  server.RaftServerConfigKeys (ConfUtils.java:logGet(46)) - raft.server.log.async-flush.enabled = false (default)
2023-12-21 09:24:34,691 [4150f76c-1cd9-4d5b-96cd-8dd0a9a12dd3-groupManagement] INFO  server.RaftServerConfigKeys (ConfUtils.java:logGet(46)) - raft.server.log.statemachine.data.caching.enabled = true (custom)
2023-12-21 09:24:34,691 [4150f76c-1cd9-4d5b-96cd-8dd0a9a12dd3-groupManagement] INFO  segmented.SegmentedRaftLogWorker (SegmentedRaftLogWorker.java:lambda$new$0(135)) - 4150f76c-1cd9-4d5b-96cd-8dd0a9a12dd3@group-1F7EAD23F4F8-SegmentedRaftLogWorker: flushIndex: setUnconditionally 0 -> -1
2023-12-21 09:24:34,691 [4150f76c-1cd9-4d5b-96cd-8dd0a9a12dd3-groupManagement] INFO  segmented.SegmentedRaftLogWorker (SegmentedRaftLogWorker.java:lambda$new$0(135)) - 4150f76c-1cd9-4d5b-96cd-8dd0a9a12dd3@group-1F7EAD23F4F8-SegmentedRaftLogWorker: safeCacheEvictIndex: setUnconditionally 0 -> -1
2023-12-21 09:24:34,691 [4150f76c-1cd9-4d5b-96cd-8dd0a9a12dd3-groupManagement] INFO  server.RaftServer$Division (RaftServerImpl.java:start(392)) - 4150f76c-1cd9-4d5b-96cd-8dd0a9a12dd3@group-1F7EAD23F4F8: start as a follower, conf=-1: peers:[560c1385-c518-4739-80f6-d98c5390378b|10.1.0.5:15219, 4150f76c-1cd9-4d5b-96cd-8dd0a9a12dd3|10.1.0.5:15228, 317bf553-3d1a-400b-8f1e-6110842f6590|10.1.0.5:15237]|listeners:[], old=null
2023-12-21 09:24:34,691 [4150f76c-1cd9-4d5b-96cd-8dd0a9a12dd3-groupManagement] INFO  server.RaftServer$Division (RaftServerImpl.java:setRole(379)) - 4150f76c-1cd9-4d5b-96cd-8dd0a9a12dd3@group-1F7EAD23F4F8: changes role from      null to FOLLOWER at term 0 for startAsFollower
2023-12-21 09:24:34,691 [4150f76c-1cd9-4d5b-96cd-8dd0a9a12dd3-groupManagement] INFO  impl.RoleInfo (RoleInfo.java:updateAndGet(139)) - 4150f76c-1cd9-4d5b-96cd-8dd0a9a12dd3: start 4150f76c-1cd9-4d5b-96cd-8dd0a9a12dd3@group-1F7EAD23F4F8-FollowerState
2023-12-21 09:24:34,691 [4150f76c-1cd9-4d5b-96cd-8dd0a9a12dd3@group-1F7EAD23F4F8-FollowerState] INFO  server.RaftServerConfigKeys (ConfUtils.java:logFallback(53)) - raft.server.rpc.first-election.timeout.min = 5s (fallback to raft.server.rpc.timeout.min)
2023-12-21 09:24:34,691 [4150f76c-1cd9-4d5b-96cd-8dd0a9a12dd3-groupManagement] INFO  util.JmxRegister (JmxRegister.java:tryRegister(44)) - Successfully registered JMX Bean with object name Ratis:service=RaftServer,group=group-1F7EAD23F4F8,id=4150f76c-1cd9-4d5b-96cd-8dd0a9a12dd3
2023-12-21 09:24:34,691 [4150f76c-1cd9-4d5b-96cd-8dd0a9a12dd3@group-1F7EAD23F4F8-FollowerState] INFO  server.RaftServerConfigKeys (ConfUtils.java:logFallback(53)) - raft.server.rpc.first-election.timeout.max = 5200ms (fallback to raft.server.rpc.timeout.max)
2023-12-21 09:24:34,691 [4150f76c-1cd9-4d5b-96cd-8dd0a9a12dd3-groupManagement] INFO  server.RaftServerConfigKeys (ConfUtils.java:logGet(46)) - raft.server.snapshot.trigger-when-stop.enabled = true (default)
2023-12-21 09:24:34,692 [4150f76c-1cd9-4d5b-96cd-8dd0a9a12dd3-groupManagement] INFO  server.RaftServerConfigKeys (ConfUtils.java:logGet(46)) - raft.server.snapshot.auto.trigger.enabled = true (custom)
2023-12-21 09:24:34,692 [4150f76c-1cd9-4d5b-96cd-8dd0a9a12dd3-groupManagement] INFO  server.RaftServerConfigKeys (ConfUtils.java:logGet(46)) - raft.server.snapshot.auto.trigger.threshold = 10000 (custom)
2023-12-21 09:24:34,692 [4150f76c-1cd9-4d5b-96cd-8dd0a9a12dd3-groupManagement] INFO  server.RaftServerConfigKeys (ConfUtils.java:logGet(46)) - raft.server.snapshot.retention.file.num = 5 (custom)
2023-12-21 09:24:34,692 [4150f76c-1cd9-4d5b-96cd-8dd0a9a12dd3-groupManagement] INFO  server.RaftServerConfigKeys (ConfUtils.java:logGet(46)) - raft.server.log.purge.upto.snapshot.index = false (default)
2023-12-21 09:24:34,697 [560c1385-c518-4739-80f6-d98c5390378b-PipelineCommandHandlerThread-0] INFO  commandhandler.CreatePipelineCommandHandler (CreatePipelineCommandHandler.java:lambda$handle$2(124)) - Created Pipeline RATIS THREE PipelineID=0a5ad6f6-c95c-4872-a7cf-1f7ead23f4f8.
2023-12-21 09:24:34,698 [4150f76c-1cd9-4d5b-96cd-8dd0a9a12dd3-PipelineCommandHandlerThread-0] INFO  server.RaftServer (RaftServerProxy.java:addNew(100)) - 4150f76c-1cd9-4d5b-96cd-8dd0a9a12dd3: addNew group-4E788A642CCF:[4150f76c-1cd9-4d5b-96cd-8dd0a9a12dd3|10.1.0.5:15228] returns group-4E788A642CCF:java.util.concurrent.CompletableFuture@77ae6e7c[Not completed]
2023-12-21 09:24:34,699 [4150f76c-1cd9-4d5b-96cd-8dd0a9a12dd3-groupManagement] INFO  server.RaftServer$Division (RaftServerImpl.java:<init>(256)) - 4150f76c-1cd9-4d5b-96cd-8dd0a9a12dd3: new RaftServerImpl for group-4E788A642CCF:[4150f76c-1cd9-4d5b-96cd-8dd0a9a12dd3|10.1.0.5:15228] with ContainerStateMachine:uninitialized
2023-12-21 09:24:34,699 [4150f76c-1cd9-4d5b-96cd-8dd0a9a12dd3-groupManagement] INFO  server.RaftServerConfigKeys (ConfUtils.java:logGet(46)) - raft.server.rpc.timeout.min = 5s (custom)
2023-12-21 09:24:34,699 [4150f76c-1cd9-4d5b-96cd-8dd0a9a12dd3-groupManagement] INFO  server.RaftServerConfigKeys (ConfUtils.java:logGet(46)) - raft.server.rpc.timeout.max = 5200ms (custom)
2023-12-21 09:24:34,699 [4150f76c-1cd9-4d5b-96cd-8dd0a9a12dd3-groupManagement] INFO  server.RaftServerConfigKeys (ConfUtils.java:logGet(46)) - raft.server.rpc.sleep.time = 25ms (default)
2023-12-21 09:24:34,699 [4150f76c-1cd9-4d5b-96cd-8dd0a9a12dd3-groupManagement] INFO  server.RaftServerConfigKeys (ConfUtils.java:logGet(46)) - raft.server.rpc.slowness.timeout = 300000ms (custom)
2023-12-21 09:24:34,699 [4150f76c-1cd9-4d5b-96cd-8dd0a9a12dd3-groupManagement] INFO  server.RaftServerConfigKeys (ConfUtils.java:logGet(46)) - raft.server.leaderelection.leader.step-down.wait-time = 10s (default)
2023-12-21 09:24:34,699 [4150f76c-1cd9-4d5b-96cd-8dd0a9a12dd3-groupManagement] INFO  server.RaftServerConfigKeys (ConfUtils.java:logGet(46)) - raft.server.leaderelection.member.majority-add = false (default)
2023-12-21 09:24:34,699 [4150f76c-1cd9-4d5b-96cd-8dd0a9a12dd3-groupManagement] INFO  server.RaftServerConfigKeys (ConfUtils.java:logGet(46)) - raft.server.sleep.deviation.threshold = 300ms (default)
2023-12-21 09:24:34,699 [4150f76c-1cd9-4d5b-96cd-8dd0a9a12dd3-groupManagement] INFO  server.RaftServer$Division (ServerState.java:<init>(113)) - 4150f76c-1cd9-4d5b-96cd-8dd0a9a12dd3@group-4E788A642CCF: ConfigurationManager, init=-1: peers:[4150f76c-1cd9-4d5b-96cd-8dd0a9a12dd3|10.1.0.5:15228]|listeners:[], old=null, confs=<EMPTY_MAP>
2023-12-21 09:24:34,699 [4150f76c-1cd9-4d5b-96cd-8dd0a9a12dd3-groupManagement] INFO  server.RaftServerConfigKeys (ConfUtils.java:logGet(46)) - raft.server.notification.no-leader.timeout = 300000ms (custom)
2023-12-21 09:24:34,699 [4150f76c-1cd9-4d5b-96cd-8dd0a9a12dd3-groupManagement] INFO  server.RaftServerConfigKeys (ConfUtils.java:logGet(46)) - raft.server.read.timeout = 10s (default)
2023-12-21 09:24:34,699 [4150f76c-1cd9-4d5b-96cd-8dd0a9a12dd3-groupManagement] INFO  server.RaftServerConfigKeys (ConfUtils.java:logGet(46)) - raft.server.retrycache.expirytime = 600000ms (custom)
2023-12-21 09:24:34,699 [4150f76c-1cd9-4d5b-96cd-8dd0a9a12dd3-groupManagement] INFO  server.RaftServerConfigKeys (ConfUtils.java:logGet(46)) - raft.server.retrycache.statistics.expirytime = 100ms (default)
2023-12-21 09:24:34,699 [4150f76c-1cd9-4d5b-96cd-8dd0a9a12dd3-groupManagement] INFO  server.RaftServerConfigKeys (ConfUtils.java:logGet(46)) - raft.server.read.option = DEFAULT (default)
2023-12-21 09:24:34,699 [4150f76c-1cd9-4d5b-96cd-8dd0a9a12dd3-groupManagement] INFO  server.RaftServerConfigKeys (ConfUtils.java:logGet(46)) - raft.server.read.read-after-write-consistent.write-index-cache.expiry-time = 60s (default)
2023-12-21 09:24:34,701 [4150f76c-1cd9-4d5b-96cd-8dd0a9a12dd3-groupManagement] INFO  server.RaftServerConfigKeys (ConfUtils.java:logGet(46)) - raft.server.rpc.request.timeout = 3000ms (default)
2023-12-21 09:24:34,701 [4150f76c-1cd9-4d5b-96cd-8dd0a9a12dd3-groupManagement] INFO  server.RaftServerConfigKeys (ConfUtils.java:logGet(46)) - raft.server.log.appender.install.snapshot.enabled = false (custom)
2023-12-21 09:24:34,701 [4150f76c-1cd9-4d5b-96cd-8dd0a9a12dd3-groupManagement] INFO  server.RaftServerConfigKeys (ConfUtils.java:logGet(46)) - raft.server.threadpool.server.cached = true (default)
2023-12-21 09:24:34,701 [4150f76c-1cd9-4d5b-96cd-8dd0a9a12dd3-groupManagement] INFO  server.RaftServerConfigKeys (ConfUtils.java:logGet(46)) - raft.server.threadpool.server.size = 0 (default)
2023-12-21 09:24:34,701 [4150f76c-1cd9-4d5b-96cd-8dd0a9a12dd3-groupManagement] INFO  server.RaftServerConfigKeys (ConfUtils.java:logGet(46)) - raft.server.threadpool.client.cached = true (default)
2023-12-21 09:24:34,701 [4150f76c-1cd9-4d5b-96cd-8dd0a9a12dd3-groupManagement] INFO  server.RaftServerConfigKeys (ConfUtils.java:logGet(46)) - raft.server.threadpool.client.size = 0 (default)
2023-12-21 09:24:34,701 [4150f76c-1cd9-4d5b-96cd-8dd0a9a12dd3-groupManagement] INFO  server.RaftServerConfigKeys (ConfUtils.java:logGet(46)) - raft.server.storage.free-space.min = 0MB (=0) (default)
2023-12-21 09:24:34,701 [4150f76c-1cd9-4d5b-96cd-8dd0a9a12dd3-groupManagement] INFO  server.RaftServerConfigKeys (ConfUtils.java:logGet(46)) - raft.server.log.corruption.policy = EXCEPTION (default)
2023-12-21 09:24:34,701 [4150f76c-1cd9-4d5b-96cd-8dd0a9a12dd3-groupManagement] INFO  server.RaftServerConfigKeys (ConfUtils.java:logGet(46)) - raft.server.storage.dir = [/home/runner/work/ozone/ozone/hadoop-ozone/integration-test/target/test-dir/MiniOzoneClusterImpl-e4d55aeb-da58-408a-87dd-e45f7ef8a31a/datanode-4/data/ratis] (custom)
2023-12-21 09:24:34,701 [4150f76c-1cd9-4d5b-96cd-8dd0a9a12dd3-groupManagement] INFO  storage.RaftStorageDirectory (RaftStorageDirectoryImpl.java:analyzeStorage(138)) - The storage directory /home/runner/work/ozone/ozone/hadoop-ozone/integration-test/target/test-dir/MiniOzoneClusterImpl-e4d55aeb-da58-408a-87dd-e45f7ef8a31a/datanode-4/data/ratis/cc81a815-8a9f-4a67-9b10-4e788a642ccf does not exist. Creating ...
2023-12-21 09:24:34,702 [4150f76c-1cd9-4d5b-96cd-8dd0a9a12dd3-groupManagement] INFO  storage.RaftStorageDirectory (RaftStorageDirectoryImpl.java:tryLock(232)) - Lock on /home/runner/work/ozone/ozone/hadoop-ozone/integration-test/target/test-dir/MiniOzoneClusterImpl-e4d55aeb-da58-408a-87dd-e45f7ef8a31a/datanode-4/data/ratis/cc81a815-8a9f-4a67-9b10-4e788a642ccf/in_use.lock acquired by nodename 85023@fv-az1023-676
2023-12-21 09:24:34,703 [4150f76c-1cd9-4d5b-96cd-8dd0a9a12dd3-groupManagement] INFO  storage.RaftStorage (RaftStorageImpl.java:format(97)) - Storage directory /home/runner/work/ozone/ozone/hadoop-ozone/integration-test/target/test-dir/MiniOzoneClusterImpl-e4d55aeb-da58-408a-87dd-e45f7ef8a31a/datanode-4/data/ratis/cc81a815-8a9f-4a67-9b10-4e788a642ccf has been successfully formatted.
2023-12-21 09:24:34,704 [4150f76c-1cd9-4d5b-96cd-8dd0a9a12dd3-groupManagement] INFO  ratis.ContainerStateMachine (ContainerStateMachine.java:loadSnapshot(287)) - group-4E788A642CCF: The snapshot info is null. Setting the last applied indexto:(t:0, i:~)
2023-12-21 09:24:34,704 [4150f76c-1cd9-4d5b-96cd-8dd0a9a12dd3-groupManagement] INFO  server.RaftServerConfigKeys (ConfUtils.java:logGet(46)) - raft.server.log.use.memory = false (default)
2023-12-21 09:24:34,704 [4150f76c-1cd9-4d5b-96cd-8dd0a9a12dd3-groupManagement] INFO  server.RaftServerConfigKeys (ConfUtils.java:logGet(46)) - raft.server.log.purge.gap = 1000000 (custom)
2023-12-21 09:24:34,704 [4150f76c-1cd9-4d5b-96cd-8dd0a9a12dd3-groupManagement] INFO  server.RaftServerConfigKeys (ConfUtils.java:logGet(46)) - raft.server.log.appender.buffer.byte-limit = 8388608 (custom)
2023-12-21 09:24:34,704 [4150f76c-1cd9-4d5b-96cd-8dd0a9a12dd3-groupManagement] INFO  server.RaftServerConfigKeys (ConfUtils.java:logGet(46)) - raft.server.log.statemachine.data.read.timeout = 1000ms (default)
2023-12-21 09:24:34,704 [4150f76c-1cd9-4d5b-96cd-8dd0a9a12dd3-groupManagement] INFO  server.RaftServerConfigKeys (ConfUtils.java:logGet(46)) - raft.server.log.purge.preservation.log.num = 0 (default)
2023-12-21 09:24:34,705 [EventQueue-PipelineReportForPipelineReportHandler] INFO  pipeline.PipelineReportHandler (PipelineReportHandler.java:processPipelineReport(136)) - Opened pipeline PipelineID=cc81a815-8a9f-4a67-9b10-4e788a642ccf
2023-12-21 09:24:34,705 [EventQueue-OpenPipelineForHealthyPipelineSafeModeRule] INFO  safemode.SCMSafeModeManager (HealthyPipelineSafeModeRule.java:process(140)) - SCM in safe mode. Healthy pipelines reported count is 0, required healthy pipeline reported count is 1
2023-12-21 09:24:34,706 [4150f76c-1cd9-4d5b-96cd-8dd0a9a12dd3-groupManagement] INFO  server.RaftServerConfigKeys (ConfUtils.java:logGet(46)) - raft.server.log.segment.size.max = 67108864 (custom)
2023-12-21 09:24:34,706 [4150f76c-1cd9-4d5b-96cd-8dd0a9a12dd3-groupManagement] INFO  server.RaftServerConfigKeys (ConfUtils.java:logGet(46)) - raft.server.log.segment.cache.num.max = 2 (custom)
2023-12-21 09:24:34,706 [4150f76c-1cd9-4d5b-96cd-8dd0a9a12dd3-groupManagement] INFO  server.RaftServerConfigKeys (ConfUtils.java:logGet(46)) - raft.server.log.segment.cache.size.max = 200MB (=209715200) (default)
2023-12-21 09:24:34,706 [4150f76c-1cd9-4d5b-96cd-8dd0a9a12dd3-groupManagement] INFO  server.RaftServerConfigKeys (ConfUtils.java:logGet(46)) - raft.server.log.appender.buffer.byte-limit = 8388608 (custom)
2023-12-21 09:24:34,706 [4150f76c-1cd9-4d5b-96cd-8dd0a9a12dd3-groupManagement] INFO  util.AwaitToRun (AwaitToRun.java:start(81)) - Thread[4150f76c-1cd9-4d5b-96cd-8dd0a9a12dd3@group-4E788A642CCF-cacheEviction-AwaitToRun,5,main] started
2023-12-21 09:24:34,707 [4150f76c-1cd9-4d5b-96cd-8dd0a9a12dd3-groupManagement] INFO  segmented.SegmentedRaftLogWorker (SegmentedRaftLogWorker.java:<init>(184)) - new 4150f76c-1cd9-4d5b-96cd-8dd0a9a12dd3@group-4E788A642CCF-SegmentedRaftLogWorker for RaftStorageImpl:Storage Directory /home/runner/work/ozone/ozone/hadoop-ozone/integration-test/target/test-dir/MiniOzoneClusterImpl-e4d55aeb-da58-408a-87dd-e45f7ef8a31a/datanode-4/data/ratis/cc81a815-8a9f-4a67-9b10-4e788a642ccf
2023-12-21 09:24:34,707 [4150f76c-1cd9-4d5b-96cd-8dd0a9a12dd3-groupManagement] INFO  server.RaftServerConfigKeys (ConfUtils.java:logGet(46)) - raft.server.log.queue.byte-limit = 4294967296 (custom)
2023-12-21 09:24:34,707 [4150f76c-1cd9-4d5b-96cd-8dd0a9a12dd3-groupManagement] INFO  server.RaftServerConfigKeys (ConfUtils.java:logGet(46)) - raft.server.log.queue.element-limit = 1024 (custom)
2023-12-21 09:24:34,707 [4150f76c-1cd9-4d5b-96cd-8dd0a9a12dd3-groupManagement] INFO  server.RaftServerConfigKeys (ConfUtils.java:logGet(46)) - raft.server.log.segment.size.max = 67108864 (custom)
2023-12-21 09:24:34,707 [4150f76c-1cd9-4d5b-96cd-8dd0a9a12dd3-groupManagement] INFO  server.RaftServerConfigKeys (ConfUtils.java:logGet(46)) - raft.server.log.preallocated.size = 4194304 (custom)
2023-12-21 09:24:34,707 [4150f76c-1cd9-4d5b-96cd-8dd0a9a12dd3-groupManagement] INFO  server.RaftServerConfigKeys (ConfUtils.java:logGet(46)) - raft.server.log.force.sync.num = 128 (default)
2023-12-21 09:24:34,707 [4150f76c-1cd9-4d5b-96cd-8dd0a9a12dd3-groupManagement] INFO  server.RaftServerConfigKeys (ConfUtils.java:logGet(46)) - raft.server.log.statemachine.data.sync = true (default)
2023-12-21 09:24:34,707 [4150f76c-1cd9-4d5b-96cd-8dd0a9a12dd3-groupManagement] INFO  server.RaftServerConfigKeys (ConfUtils.java:logGet(46)) - raft.server.log.statemachine.data.sync.timeout = 10s (default)
2023-12-21 09:24:34,707 [4150f76c-1cd9-4d5b-96cd-8dd0a9a12dd3-groupManagement] INFO  server.RaftServerConfigKeys (ConfUtils.java:logGet(46)) - raft.server.log.statemachine.data.sync.timeout.retry = 0 (custom)
2023-12-21 09:24:34,707 [4150f76c-1cd9-4d5b-96cd-8dd0a9a12dd3-groupManagement] INFO  server.RaftServerConfigKeys (ConfUtils.java:logGet(46)) - raft.server.log.write.buffer.size = 8388616 (custom)
2023-12-21 09:24:34,709 [4150f76c-1cd9-4d5b-96cd-8dd0a9a12dd3-groupManagement] INFO  server.RaftServerConfigKeys (ConfUtils.java:logGet(46)) - raft.server.log.appender.buffer.byte-limit = 8388608 (custom)
2023-12-21 09:24:34,709 [4150f76c-1cd9-4d5b-96cd-8dd0a9a12dd3-groupManagement] INFO  server.RaftServerConfigKeys (ConfUtils.java:logGet(46)) - raft.server.log.unsafe-flush.enabled = false (default)
2023-12-21 09:24:34,709 [4150f76c-1cd9-4d5b-96cd-8dd0a9a12dd3-groupManagement] INFO  server.RaftServerConfigKeys (ConfUtils.java:logGet(46)) - raft.server.log.async-flush.enabled = false (default)
2023-12-21 09:24:34,709 [4150f76c-1cd9-4d5b-96cd-8dd0a9a12dd3-groupManagement] INFO  server.RaftServerConfigKeys (ConfUtils.java:logGet(46)) - raft.server.log.statemachine.data.caching.enabled = true (custom)
2023-12-21 09:24:34,709 [4150f76c-1cd9-4d5b-96cd-8dd0a9a12dd3-groupManagement] INFO  segmented.SegmentedRaftLogWorker (SegmentedRaftLogWorker.java:lambda$new$0(135)) - 4150f76c-1cd9-4d5b-96cd-8dd0a9a12dd3@group-4E788A642CCF-SegmentedRaftLogWorker: flushIndex: setUnconditionally 0 -> -1
2023-12-21 09:24:34,709 [4150f76c-1cd9-4d5b-96cd-8dd0a9a12dd3-groupManagement] INFO  segmented.SegmentedRaftLogWorker (SegmentedRaftLogWorker.java:lambda$new$0(135)) - 4150f76c-1cd9-4d5b-96cd-8dd0a9a12dd3@group-4E788A642CCF-SegmentedRaftLogWorker: safeCacheEvictIndex: setUnconditionally 0 -> -1
2023-12-21 09:24:34,710 [4150f76c-1cd9-4d5b-96cd-8dd0a9a12dd3-groupManagement] INFO  server.RaftServer$Division (RaftServerImpl.java:start(392)) - 4150f76c-1cd9-4d5b-96cd-8dd0a9a12dd3@group-4E788A642CCF: start as a follower, conf=-1: peers:[4150f76c-1cd9-4d5b-96cd-8dd0a9a12dd3|10.1.0.5:15228]|listeners:[], old=null
2023-12-21 09:24:34,710 [4150f76c-1cd9-4d5b-96cd-8dd0a9a12dd3-groupManagement] INFO  server.RaftServer$Division (RaftServerImpl.java:setRole(379)) - 4150f76c-1cd9-4d5b-96cd-8dd0a9a12dd3@group-4E788A642CCF: changes role from      null to FOLLOWER at term 0 for startAsFollower
2023-12-21 09:24:34,710 [4150f76c-1cd9-4d5b-96cd-8dd0a9a12dd3-groupManagement] INFO  impl.RoleInfo (RoleInfo.java:updateAndGet(139)) - 4150f76c-1cd9-4d5b-96cd-8dd0a9a12dd3: start 4150f76c-1cd9-4d5b-96cd-8dd0a9a12dd3@group-4E788A642CCF-FollowerState
2023-12-21 09:24:34,710 [4150f76c-1cd9-4d5b-96cd-8dd0a9a12dd3@group-4E788A642CCF-FollowerState] INFO  server.RaftServerConfigKeys (ConfUtils.java:logFallback(53)) - raft.server.rpc.first-election.timeout.min = 5s (fallback to raft.server.rpc.timeout.min)
2023-12-21 09:24:34,710 [4150f76c-1cd9-4d5b-96cd-8dd0a9a12dd3@group-4E788A642CCF-FollowerState] INFO  server.RaftServerConfigKeys (ConfUtils.java:logFallback(53)) - raft.server.rpc.first-election.timeout.max = 5200ms (fallback to raft.server.rpc.timeout.max)
2023-12-21 09:24:34,710 [4150f76c-1cd9-4d5b-96cd-8dd0a9a12dd3-groupManagement] INFO  util.JmxRegister (JmxRegister.java:tryRegister(44)) - Successfully registered JMX Bean with object name Ratis:service=RaftServer,group=group-4E788A642CCF,id=4150f76c-1cd9-4d5b-96cd-8dd0a9a12dd3
2023-12-21 09:24:34,710 [4150f76c-1cd9-4d5b-96cd-8dd0a9a12dd3-groupManagement] INFO  server.RaftServerConfigKeys (ConfUtils.java:logGet(46)) - raft.server.snapshot.trigger-when-stop.enabled = true (default)
2023-12-21 09:24:34,710 [4150f76c-1cd9-4d5b-96cd-8dd0a9a12dd3-groupManagement] INFO  server.RaftServerConfigKeys (ConfUtils.java:logGet(46)) - raft.server.snapshot.auto.trigger.enabled = true (custom)
2023-12-21 09:24:34,710 [4150f76c-1cd9-4d5b-96cd-8dd0a9a12dd3-groupManagement] INFO  server.RaftServerConfigKeys (ConfUtils.java:logGet(46)) - raft.server.snapshot.auto.trigger.threshold = 10000 (custom)
2023-12-21 09:24:34,710 [4150f76c-1cd9-4d5b-96cd-8dd0a9a12dd3-groupManagement] INFO  server.RaftServerConfigKeys (ConfUtils.java:logGet(46)) - raft.server.snapshot.retention.file.num = 5 (custom)
2023-12-21 09:24:34,710 [4150f76c-1cd9-4d5b-96cd-8dd0a9a12dd3-groupManagement] INFO  server.RaftServerConfigKeys (ConfUtils.java:logGet(46)) - raft.server.log.purge.upto.snapshot.index = false (default)
2023-12-21 09:24:34,711 [4150f76c-1cd9-4d5b-96cd-8dd0a9a12dd3-PipelineCommandHandlerThread-0] INFO  ratis.XceiverServerRatis (XceiverServerRatis.java:addGroup(837)) - Created group PipelineID=cc81a815-8a9f-4a67-9b10-4e788a642ccf
2023-12-21 09:24:34,711 [4150f76c-1cd9-4d5b-96cd-8dd0a9a12dd3-PipelineCommandHandlerThread-0] INFO  commandhandler.CreatePipelineCommandHandler (CreatePipelineCommandHandler.java:lambda$handle$2(124)) - Created Pipeline RATIS ONE PipelineID=cc81a815-8a9f-4a67-9b10-4e788a642ccf.
2023-12-21 09:24:34,793 [317bf553-3d1a-400b-8f1e-6110842f6590-PipelineCommandHandlerThread-0] INFO  server.RaftServer (RaftServerProxy.java:addNew(100)) - 317bf553-3d1a-400b-8f1e-6110842f6590: addNew group-EE672A5843D9:[317bf553-3d1a-400b-8f1e-6110842f6590|10.1.0.5:15237] returns group-EE672A5843D9:java.util.concurrent.CompletableFuture@52a3a489[Not completed]
2023-12-21 09:24:34,794 [317bf553-3d1a-400b-8f1e-6110842f6590-groupManagement] INFO  server.RaftServer$Division (RaftServerImpl.java:<init>(256)) - 317bf553-3d1a-400b-8f1e-6110842f6590: new RaftServerImpl for group-EE672A5843D9:[317bf553-3d1a-400b-8f1e-6110842f6590|10.1.0.5:15237] with ContainerStateMachine:uninitialized
2023-12-21 09:24:34,794 [317bf553-3d1a-400b-8f1e-6110842f6590-groupManagement] INFO  server.RaftServerConfigKeys (ConfUtils.java:logGet(46)) - raft.server.rpc.timeout.min = 5s (custom)
2023-12-21 09:24:34,794 [317bf553-3d1a-400b-8f1e-6110842f6590-groupManagement] INFO  server.RaftServerConfigKeys (ConfUtils.java:logGet(46)) - raft.server.rpc.timeout.max = 5200ms (custom)
2023-12-21 09:24:34,794 [317bf553-3d1a-400b-8f1e-6110842f6590-groupManagement] INFO  server.RaftServerConfigKeys (ConfUtils.java:logGet(46)) - raft.server.rpc.sleep.time = 25ms (default)
2023-12-21 09:24:34,794 [317bf553-3d1a-400b-8f1e-6110842f6590-groupManagement] INFO  server.RaftServerConfigKeys (ConfUtils.java:logGet(46)) - raft.server.rpc.slowness.timeout = 300000ms (custom)
2023-12-21 09:24:34,794 [317bf553-3d1a-400b-8f1e-6110842f6590-groupManagement] INFO  server.RaftServerConfigKeys (ConfUtils.java:logGet(46)) - raft.server.leaderelection.leader.step-down.wait-time = 10s (default)
2023-12-21 09:24:34,794 [317bf553-3d1a-400b-8f1e-6110842f6590-groupManagement] INFO  server.RaftServerConfigKeys (ConfUtils.java:logGet(46)) - raft.server.leaderelection.member.majority-add = false (default)
2023-12-21 09:24:34,794 [317bf553-3d1a-400b-8f1e-6110842f6590-groupManagement] INFO  server.RaftServerConfigKeys (ConfUtils.java:logGet(46)) - raft.server.sleep.deviation.threshold = 300ms (default)
2023-12-21 09:24:34,794 [317bf553-3d1a-400b-8f1e-6110842f6590-groupManagement] INFO  server.RaftServer$Division (ServerState.java:<init>(113)) - 317bf553-3d1a-400b-8f1e-6110842f6590@group-EE672A5843D9: ConfigurationManager, init=-1: peers:[317bf553-3d1a-400b-8f1e-6110842f6590|10.1.0.5:15237]|listeners:[], old=null, confs=<EMPTY_MAP>
2023-12-21 09:24:34,795 [317bf553-3d1a-400b-8f1e-6110842f6590-groupManagement] INFO  server.RaftServerConfigKeys (ConfUtils.java:logGet(46)) - raft.server.notification.no-leader.timeout = 300000ms (custom)
2023-12-21 09:24:34,795 [317bf553-3d1a-400b-8f1e-6110842f6590-groupManagement] INFO  server.RaftServerConfigKeys (ConfUtils.java:logGet(46)) - raft.server.read.timeout = 10s (default)
2023-12-21 09:24:34,795 [317bf553-3d1a-400b-8f1e-6110842f6590-groupManagement] INFO  server.RaftServerConfigKeys (ConfUtils.java:logGet(46)) - raft.server.retrycache.expirytime = 600000ms (custom)
2023-12-21 09:24:34,795 [317bf553-3d1a-400b-8f1e-6110842f6590-groupManagement] INFO  server.RaftServerConfigKeys (ConfUtils.java:logGet(46)) - raft.server.retrycache.statistics.expirytime = 100ms (default)
2023-12-21 09:24:34,795 [317bf553-3d1a-400b-8f1e-6110842f6590-groupManagement] INFO  server.RaftServerConfigKeys (ConfUtils.java:logGet(46)) - raft.server.read.option = DEFAULT (default)
2023-12-21 09:24:34,795 [317bf553-3d1a-400b-8f1e-6110842f6590-groupManagement] INFO  server.RaftServerConfigKeys (ConfUtils.java:logGet(46)) - raft.server.read.read-after-write-consistent.write-index-cache.expiry-time = 60s (default)
2023-12-21 09:24:34,797 [317bf553-3d1a-400b-8f1e-6110842f6590-groupManagement] INFO  server.RaftServerConfigKeys (ConfUtils.java:logGet(46)) - raft.server.rpc.request.timeout = 3000ms (default)
2023-12-21 09:24:34,797 [317bf553-3d1a-400b-8f1e-6110842f6590-groupManagement] INFO  server.RaftServerConfigKeys (ConfUtils.java:logGet(46)) - raft.server.log.appender.install.snapshot.enabled = false (custom)
2023-12-21 09:24:34,797 [317bf553-3d1a-400b-8f1e-6110842f6590-groupManagement] INFO  server.RaftServerConfigKeys (ConfUtils.java:logGet(46)) - raft.server.threadpool.server.cached = true (default)
2023-12-21 09:24:34,797 [317bf553-3d1a-400b-8f1e-6110842f6590-groupManagement] INFO  server.RaftServerConfigKeys (ConfUtils.java:logGet(46)) - raft.server.threadpool.server.size = 0 (default)
2023-12-21 09:24:34,797 [317bf553-3d1a-400b-8f1e-6110842f6590-groupManagement] INFO  server.RaftServerConfigKeys (ConfUtils.java:logGet(46)) - raft.server.threadpool.client.cached = true (default)
2023-12-21 09:24:34,797 [317bf553-3d1a-400b-8f1e-6110842f6590-groupManagement] INFO  server.RaftServerConfigKeys (ConfUtils.java:logGet(46)) - raft.server.threadpool.client.size = 0 (default)
2023-12-21 09:24:34,797 [317bf553-3d1a-400b-8f1e-6110842f6590-groupManagement] INFO  server.RaftServerConfigKeys (ConfUtils.java:logGet(46)) - raft.server.storage.free-space.min = 0MB (=0) (default)
2023-12-21 09:24:34,798 [317bf553-3d1a-400b-8f1e-6110842f6590-groupManagement] INFO  server.RaftServerConfigKeys (ConfUtils.java:logGet(46)) - raft.server.log.corruption.policy = EXCEPTION (default)
2023-12-21 09:24:34,798 [317bf553-3d1a-400b-8f1e-6110842f6590-groupManagement] INFO  server.RaftServerConfigKeys (ConfUtils.java:logGet(46)) - raft.server.storage.dir = [/home/runner/work/ozone/ozone/hadoop-ozone/integration-test/target/test-dir/MiniOzoneClusterImpl-e4d55aeb-da58-408a-87dd-e45f7ef8a31a/datanode-5/data/ratis] (custom)
2023-12-21 09:24:34,798 [317bf553-3d1a-400b-8f1e-6110842f6590-groupManagement] INFO  storage.RaftStorageDirectory (RaftStorageDirectoryImpl.java:analyzeStorage(138)) - The storage directory /home/runner/work/ozone/ozone/hadoop-ozone/integration-test/target/test-dir/MiniOzoneClusterImpl-e4d55aeb-da58-408a-87dd-e45f7ef8a31a/datanode-5/data/ratis/9e1e10fe-2334-4178-8e68-ee672a5843d9 does not exist. Creating ...
2023-12-21 09:24:34,799 [317bf553-3d1a-400b-8f1e-6110842f6590-groupManagement] INFO  storage.RaftStorageDirectory (RaftStorageDirectoryImpl.java:tryLock(232)) - Lock on /home/runner/work/ozone/ozone/hadoop-ozone/integration-test/target/test-dir/MiniOzoneClusterImpl-e4d55aeb-da58-408a-87dd-e45f7ef8a31a/datanode-5/data/ratis/9e1e10fe-2334-4178-8e68-ee672a5843d9/in_use.lock acquired by nodename 85023@fv-az1023-676
2023-12-21 09:24:34,800 [317bf553-3d1a-400b-8f1e-6110842f6590-groupManagement] INFO  storage.RaftStorage (RaftStorageImpl.java:format(97)) - Storage directory /home/runner/work/ozone/ozone/hadoop-ozone/integration-test/target/test-dir/MiniOzoneClusterImpl-e4d55aeb-da58-408a-87dd-e45f7ef8a31a/datanode-5/data/ratis/9e1e10fe-2334-4178-8e68-ee672a5843d9 has been successfully formatted.
2023-12-21 09:24:34,801 [317bf553-3d1a-400b-8f1e-6110842f6590-groupManagement] INFO  ratis.ContainerStateMachine (ContainerStateMachine.java:loadSnapshot(287)) - group-EE672A5843D9: The snapshot info is null. Setting the last applied indexto:(t:0, i:~)
2023-12-21 09:24:34,801 [317bf553-3d1a-400b-8f1e-6110842f6590-groupManagement] INFO  server.RaftServerConfigKeys (ConfUtils.java:logGet(46)) - raft.server.log.use.memory = false (default)
2023-12-21 09:24:34,801 [317bf553-3d1a-400b-8f1e-6110842f6590-groupManagement] INFO  server.RaftServerConfigKeys (ConfUtils.java:logGet(46)) - raft.server.log.purge.gap = 1000000 (custom)
2023-12-21 09:24:34,801 [317bf553-3d1a-400b-8f1e-6110842f6590-groupManagement] INFO  server.RaftServerConfigKeys (ConfUtils.java:logGet(46)) - raft.server.log.appender.buffer.byte-limit = 8388608 (custom)
2023-12-21 09:24:34,801 [317bf553-3d1a-400b-8f1e-6110842f6590-groupManagement] INFO  server.RaftServerConfigKeys (ConfUtils.java:logGet(46)) - raft.server.log.statemachine.data.read.timeout = 1000ms (default)
2023-12-21 09:24:34,801 [317bf553-3d1a-400b-8f1e-6110842f6590-groupManagement] INFO  server.RaftServerConfigKeys (ConfUtils.java:logGet(46)) - raft.server.log.purge.preservation.log.num = 0 (default)
2023-12-21 09:24:34,802 [EventQueue-PipelineReportForPipelineReportHandler] INFO  pipeline.PipelineReportHandler (PipelineReportHandler.java:processPipelineReport(136)) - Opened pipeline PipelineID=9e1e10fe-2334-4178-8e68-ee672a5843d9
2023-12-21 09:24:34,802 [EventQueue-OpenPipelineForHealthyPipelineSafeModeRule] INFO  safemode.SCMSafeModeManager (HealthyPipelineSafeModeRule.java:process(140)) - SCM in safe mode. Healthy pipelines reported count is 0, required healthy pipeline reported count is 1
2023-12-21 09:24:34,802 [317bf553-3d1a-400b-8f1e-6110842f6590-groupManagement] INFO  server.RaftServerConfigKeys (ConfUtils.java:logGet(46)) - raft.server.log.segment.size.max = 67108864 (custom)
2023-12-21 09:24:34,803 [317bf553-3d1a-400b-8f1e-6110842f6590-groupManagement] INFO  server.RaftServerConfigKeys (ConfUtils.java:logGet(46)) - raft.server.log.segment.cache.num.max = 2 (custom)
2023-12-21 09:24:34,803 [317bf553-3d1a-400b-8f1e-6110842f6590-groupManagement] INFO  server.RaftServerConfigKeys (ConfUtils.java:logGet(46)) - raft.server.log.segment.cache.size.max = 200MB (=209715200) (default)
2023-12-21 09:24:34,803 [317bf553-3d1a-400b-8f1e-6110842f6590-groupManagement] INFO  server.RaftServerConfigKeys (ConfUtils.java:logGet(46)) - raft.server.log.appender.buffer.byte-limit = 8388608 (custom)
2023-12-21 09:24:34,803 [317bf553-3d1a-400b-8f1e-6110842f6590-groupManagement] INFO  util.AwaitToRun (AwaitToRun.java:start(81)) - Thread[317bf553-3d1a-400b-8f1e-6110842f6590@group-EE672A5843D9-cacheEviction-AwaitToRun,5,main] started
2023-12-21 09:24:34,803 [317bf553-3d1a-400b-8f1e-6110842f6590-groupManagement] INFO  segmented.SegmentedRaftLogWorker (SegmentedRaftLogWorker.java:<init>(184)) - new 317bf553-3d1a-400b-8f1e-6110842f6590@group-EE672A5843D9-SegmentedRaftLogWorker for RaftStorageImpl:Storage Directory /home/runner/work/ozone/ozone/hadoop-ozone/integration-test/target/test-dir/MiniOzoneClusterImpl-e4d55aeb-da58-408a-87dd-e45f7ef8a31a/datanode-5/data/ratis/9e1e10fe-2334-4178-8e68-ee672a5843d9
2023-12-21 09:24:34,803 [317bf553-3d1a-400b-8f1e-6110842f6590-groupManagement] INFO  server.RaftServerConfigKeys (ConfUtils.java:logGet(46)) - raft.server.log.queue.byte-limit = 4294967296 (custom)
2023-12-21 09:24:34,803 [317bf553-3d1a-400b-8f1e-6110842f6590-groupManagement] INFO  server.RaftServerConfigKeys (ConfUtils.java:logGet(46)) - raft.server.log.queue.element-limit = 1024 (custom)
2023-12-21 09:24:34,803 [317bf553-3d1a-400b-8f1e-6110842f6590-groupManagement] INFO  server.RaftServerConfigKeys (ConfUtils.java:logGet(46)) - raft.server.log.segment.size.max = 67108864 (custom)
2023-12-21 09:24:34,803 [317bf553-3d1a-400b-8f1e-6110842f6590-groupManagement] INFO  server.RaftServerConfigKeys (ConfUtils.java:logGet(46)) - raft.server.log.preallocated.size = 4194304 (custom)
2023-12-21 09:24:34,803 [317bf553-3d1a-400b-8f1e-6110842f6590-groupManagement] INFO  server.RaftServerConfigKeys (ConfUtils.java:logGet(46)) - raft.server.log.force.sync.num = 128 (default)
2023-12-21 09:24:34,803 [317bf553-3d1a-400b-8f1e-6110842f6590-groupManagement] INFO  server.RaftServerConfigKeys (ConfUtils.java:logGet(46)) - raft.server.log.statemachine.data.sync = true (default)
2023-12-21 09:24:34,803 [317bf553-3d1a-400b-8f1e-6110842f6590-groupManagement] INFO  server.RaftServerConfigKeys (ConfUtils.java:logGet(46)) - raft.server.log.statemachine.data.sync.timeout = 10s (default)
2023-12-21 09:24:34,803 [317bf553-3d1a-400b-8f1e-6110842f6590-groupManagement] INFO  server.RaftServerConfigKeys (ConfUtils.java:logGet(46)) - raft.server.log.statemachine.data.sync.timeout.retry = 0 (custom)
2023-12-21 09:24:34,804 [317bf553-3d1a-400b-8f1e-6110842f6590-groupManagement] INFO  server.RaftServerConfigKeys (ConfUtils.java:logGet(46)) - raft.server.log.write.buffer.size = 8388616 (custom)
2023-12-21 09:24:34,805 [317bf553-3d1a-400b-8f1e-6110842f6590-groupManagement] INFO  server.RaftServerConfigKeys (ConfUtils.java:logGet(46)) - raft.server.log.appender.buffer.byte-limit = 8388608 (custom)
2023-12-21 09:24:34,805 [317bf553-3d1a-400b-8f1e-6110842f6590-groupManagement] INFO  server.RaftServerConfigKeys (ConfUtils.java:logGet(46)) - raft.server.log.unsafe-flush.enabled = false (default)
2023-12-21 09:24:34,806 [317bf553-3d1a-400b-8f1e-6110842f6590-groupManagement] INFO  server.RaftServerConfigKeys (ConfUtils.java:logGet(46)) - raft.server.log.async-flush.enabled = false (default)
2023-12-21 09:24:34,806 [317bf553-3d1a-400b-8f1e-6110842f6590-groupManagement] INFO  server.RaftServerConfigKeys (ConfUtils.java:logGet(46)) - raft.server.log.statemachine.data.caching.enabled = true (custom)
2023-12-21 09:24:34,806 [317bf553-3d1a-400b-8f1e-6110842f6590-groupManagement] INFO  segmented.SegmentedRaftLogWorker (SegmentedRaftLogWorker.java:lambda$new$0(135)) - 317bf553-3d1a-400b-8f1e-6110842f6590@group-EE672A5843D9-SegmentedRaftLogWorker: flushIndex: setUnconditionally 0 -> -1
2023-12-21 09:24:34,806 [317bf553-3d1a-400b-8f1e-6110842f6590-groupManagement] INFO  segmented.SegmentedRaftLogWorker (SegmentedRaftLogWorker.java:lambda$new$0(135)) - 317bf553-3d1a-400b-8f1e-6110842f6590@group-EE672A5843D9-SegmentedRaftLogWorker: safeCacheEvictIndex: setUnconditionally 0 -> -1
2023-12-21 09:24:34,806 [317bf553-3d1a-400b-8f1e-6110842f6590-groupManagement] INFO  server.RaftServer$Division (RaftServerImpl.java:start(392)) - 317bf553-3d1a-400b-8f1e-6110842f6590@group-EE672A5843D9: start as a follower, conf=-1: peers:[317bf553-3d1a-400b-8f1e-6110842f6590|10.1.0.5:15237]|listeners:[], old=null
2023-12-21 09:24:34,806 [317bf553-3d1a-400b-8f1e-6110842f6590-groupManagement] INFO  server.RaftServer$Division (RaftServerImpl.java:setRole(379)) - 317bf553-3d1a-400b-8f1e-6110842f6590@group-EE672A5843D9: changes role from      null to FOLLOWER at term 0 for startAsFollower
2023-12-21 09:24:34,806 [317bf553-3d1a-400b-8f1e-6110842f6590-groupManagement] INFO  impl.RoleInfo (RoleInfo.java:updateAndGet(139)) - 317bf553-3d1a-400b-8f1e-6110842f6590: start 317bf553-3d1a-400b-8f1e-6110842f6590@group-EE672A5843D9-FollowerState
2023-12-21 09:24:34,806 [317bf553-3d1a-400b-8f1e-6110842f6590-groupManagement] INFO  util.JmxRegister (JmxRegister.java:tryRegister(44)) - Successfully registered JMX Bean with object name Ratis:service=RaftServer,group=group-EE672A5843D9,id=317bf553-3d1a-400b-8f1e-6110842f6590
2023-12-21 09:24:34,806 [317bf553-3d1a-400b-8f1e-6110842f6590@group-EE672A5843D9-FollowerState] INFO  server.RaftServerConfigKeys (ConfUtils.java:logFallback(53)) - raft.server.rpc.first-election.timeout.min = 5s (fallback to raft.server.rpc.timeout.min)
2023-12-21 09:24:34,806 [317bf553-3d1a-400b-8f1e-6110842f6590-groupManagement] INFO  server.RaftServerConfigKeys (ConfUtils.java:logGet(46)) - raft.server.snapshot.trigger-when-stop.enabled = true (default)
2023-12-21 09:24:34,806 [317bf553-3d1a-400b-8f1e-6110842f6590@group-EE672A5843D9-FollowerState] INFO  server.RaftServerConfigKeys (ConfUtils.java:logFallback(53)) - raft.server.rpc.first-election.timeout.max = 5200ms (fallback to raft.server.rpc.timeout.max)
2023-12-21 09:24:34,807 [317bf553-3d1a-400b-8f1e-6110842f6590-groupManagement] INFO  server.RaftServerConfigKeys (ConfUtils.java:logGet(46)) - raft.server.snapshot.auto.trigger.enabled = true (custom)
2023-12-21 09:24:34,807 [317bf553-3d1a-400b-8f1e-6110842f6590-groupManagement] INFO  server.RaftServerConfigKeys (ConfUtils.java:logGet(46)) - raft.server.snapshot.auto.trigger.threshold = 10000 (custom)
2023-12-21 09:24:34,807 [317bf553-3d1a-400b-8f1e-6110842f6590-groupManagement] INFO  server.RaftServerConfigKeys (ConfUtils.java:logGet(46)) - raft.server.snapshot.retention.file.num = 5 (custom)
2023-12-21 09:24:34,807 [317bf553-3d1a-400b-8f1e-6110842f6590-groupManagement] INFO  server.RaftServerConfigKeys (ConfUtils.java:logGet(46)) - raft.server.log.purge.upto.snapshot.index = false (default)
2023-12-21 09:24:34,807 [317bf553-3d1a-400b-8f1e-6110842f6590-PipelineCommandHandlerThread-0] INFO  ratis.XceiverServerRatis (XceiverServerRatis.java:addGroup(837)) - Created group PipelineID=9e1e10fe-2334-4178-8e68-ee672a5843d9
2023-12-21 09:24:34,807 [317bf553-3d1a-400b-8f1e-6110842f6590-PipelineCommandHandlerThread-0] INFO  commandhandler.CreatePipelineCommandHandler (CreatePipelineCommandHandler.java:lambda$handle$2(124)) - Created Pipeline RATIS ONE PipelineID=9e1e10fe-2334-4178-8e68-ee672a5843d9.
2023-12-21 09:24:34,879 [4071302e-cf40-440c-a20f-829f10e9e05e-PipelineCommandHandlerThread-0] INFO  server.RaftServer (RaftServerProxy.java:addNew(100)) - 4071302e-cf40-440c-a20f-829f10e9e05e: addNew group-3A2EE96509FB:[4071302e-cf40-440c-a20f-829f10e9e05e|10.1.0.5:15246] returns group-3A2EE96509FB:java.util.concurrent.CompletableFuture@787c8cd8[Not completed]
2023-12-21 09:24:34,880 [4071302e-cf40-440c-a20f-829f10e9e05e-groupManagement] INFO  server.RaftServer$Division (RaftServerImpl.java:<init>(256)) - 4071302e-cf40-440c-a20f-829f10e9e05e: new RaftServerImpl for group-3A2EE96509FB:[4071302e-cf40-440c-a20f-829f10e9e05e|10.1.0.5:15246] with ContainerStateMachine:uninitialized
2023-12-21 09:24:34,880 [4071302e-cf40-440c-a20f-829f10e9e05e-groupManagement] INFO  server.RaftServerConfigKeys (ConfUtils.java:logGet(46)) - raft.server.rpc.timeout.min = 5s (custom)
2023-12-21 09:24:34,880 [4071302e-cf40-440c-a20f-829f10e9e05e-groupManagement] INFO  server.RaftServerConfigKeys (ConfUtils.java:logGet(46)) - raft.server.rpc.timeout.max = 5200ms (custom)
2023-12-21 09:24:34,880 [4071302e-cf40-440c-a20f-829f10e9e05e-groupManagement] INFO  server.RaftServerConfigKeys (ConfUtils.java:logGet(46)) - raft.server.rpc.sleep.time = 25ms (default)
2023-12-21 09:24:34,880 [4071302e-cf40-440c-a20f-829f10e9e05e-groupManagement] INFO  server.RaftServerConfigKeys (ConfUtils.java:logGet(46)) - raft.server.rpc.slowness.timeout = 300000ms (custom)
2023-12-21 09:24:34,880 [4071302e-cf40-440c-a20f-829f10e9e05e-groupManagement] INFO  server.RaftServerConfigKeys (ConfUtils.java:logGet(46)) - raft.server.leaderelection.leader.step-down.wait-time = 10s (default)
2023-12-21 09:24:34,880 [4071302e-cf40-440c-a20f-829f10e9e05e-groupManagement] INFO  server.RaftServerConfigKeys (ConfUtils.java:logGet(46)) - raft.server.leaderelection.member.majority-add = false (default)
2023-12-21 09:24:34,880 [4071302e-cf40-440c-a20f-829f10e9e05e-groupManagement] INFO  server.RaftServerConfigKeys (ConfUtils.java:logGet(46)) - raft.server.sleep.deviation.threshold = 300ms (default)
2023-12-21 09:24:34,880 [4071302e-cf40-440c-a20f-829f10e9e05e-groupManagement] INFO  server.RaftServer$Division (ServerState.java:<init>(113)) - 4071302e-cf40-440c-a20f-829f10e9e05e@group-3A2EE96509FB: ConfigurationManager, init=-1: peers:[4071302e-cf40-440c-a20f-829f10e9e05e|10.1.0.5:15246]|listeners:[], old=null, confs=<EMPTY_MAP>
2023-12-21 09:24:34,880 [4071302e-cf40-440c-a20f-829f10e9e05e-groupManagement] INFO  server.RaftServerConfigKeys (ConfUtils.java:logGet(46)) - raft.server.notification.no-leader.timeout = 300000ms (custom)
2023-12-21 09:24:34,880 [4071302e-cf40-440c-a20f-829f10e9e05e-groupManagement] INFO  server.RaftServerConfigKeys (ConfUtils.java:logGet(46)) - raft.server.read.timeout = 10s (default)
2023-12-21 09:24:34,880 [4071302e-cf40-440c-a20f-829f10e9e05e-groupManagement] INFO  server.RaftServerConfigKeys (ConfUtils.java:logGet(46)) - raft.server.retrycache.expirytime = 600000ms (custom)
2023-12-21 09:24:34,880 [4071302e-cf40-440c-a20f-829f10e9e05e-groupManagement] INFO  server.RaftServerConfigKeys (ConfUtils.java:logGet(46)) - raft.server.retrycache.statistics.expirytime = 100ms (default)
2023-12-21 09:24:34,881 [4071302e-cf40-440c-a20f-829f10e9e05e-groupManagement] INFO  server.RaftServerConfigKeys (ConfUtils.java:logGet(46)) - raft.server.read.option = DEFAULT (default)
2023-12-21 09:24:34,881 [4071302e-cf40-440c-a20f-829f10e9e05e-groupManagement] INFO  server.RaftServerConfigKeys (ConfUtils.java:logGet(46)) - raft.server.read.read-after-write-consistent.write-index-cache.expiry-time = 60s (default)
2023-12-21 09:24:34,882 [4071302e-cf40-440c-a20f-829f10e9e05e-groupManagement] INFO  server.RaftServerConfigKeys (ConfUtils.java:logGet(46)) - raft.server.rpc.request.timeout = 3000ms (default)
2023-12-21 09:24:34,882 [4071302e-cf40-440c-a20f-829f10e9e05e-groupManagement] INFO  server.RaftServerConfigKeys (ConfUtils.java:logGet(46)) - raft.server.log.appender.install.snapshot.enabled = false (custom)
2023-12-21 09:24:34,882 [4071302e-cf40-440c-a20f-829f10e9e05e-groupManagement] INFO  server.RaftServerConfigKeys (ConfUtils.java:logGet(46)) - raft.server.threadpool.server.cached = true (default)
2023-12-21 09:24:34,882 [4071302e-cf40-440c-a20f-829f10e9e05e-groupManagement] INFO  server.RaftServerConfigKeys (ConfUtils.java:logGet(46)) - raft.server.threadpool.server.size = 0 (default)
2023-12-21 09:24:34,882 [4071302e-cf40-440c-a20f-829f10e9e05e-groupManagement] INFO  server.RaftServerConfigKeys (ConfUtils.java:logGet(46)) - raft.server.threadpool.client.cached = true (default)
2023-12-21 09:24:34,883 [4071302e-cf40-440c-a20f-829f10e9e05e-groupManagement] INFO  server.RaftServerConfigKeys (ConfUtils.java:logGet(46)) - raft.server.threadpool.client.size = 0 (default)
2023-12-21 09:24:34,883 [4071302e-cf40-440c-a20f-829f10e9e05e-groupManagement] INFO  server.RaftServerConfigKeys (ConfUtils.java:logGet(46)) - raft.server.storage.free-space.min = 0MB (=0) (default)
2023-12-21 09:24:34,883 [4071302e-cf40-440c-a20f-829f10e9e05e-groupManagement] INFO  server.RaftServerConfigKeys (ConfUtils.java:logGet(46)) - raft.server.log.corruption.policy = EXCEPTION (default)
2023-12-21 09:24:34,883 [4071302e-cf40-440c-a20f-829f10e9e05e-groupManagement] INFO  server.RaftServerConfigKeys (ConfUtils.java:logGet(46)) - raft.server.storage.dir = [/home/runner/work/ozone/ozone/hadoop-ozone/integration-test/target/test-dir/MiniOzoneClusterImpl-e4d55aeb-da58-408a-87dd-e45f7ef8a31a/datanode-6/data/ratis] (custom)
2023-12-21 09:24:34,883 [4071302e-cf40-440c-a20f-829f10e9e05e-groupManagement] INFO  storage.RaftStorageDirectory (RaftStorageDirectoryImpl.java:analyzeStorage(138)) - The storage directory /home/runner/work/ozone/ozone/hadoop-ozone/integration-test/target/test-dir/MiniOzoneClusterImpl-e4d55aeb-da58-408a-87dd-e45f7ef8a31a/datanode-6/data/ratis/cc657502-e50b-4256-a7c6-3a2ee96509fb does not exist. Creating ...
2023-12-21 09:24:34,884 [4071302e-cf40-440c-a20f-829f10e9e05e-groupManagement] INFO  storage.RaftStorageDirectory (RaftStorageDirectoryImpl.java:tryLock(232)) - Lock on /home/runner/work/ozone/ozone/hadoop-ozone/integration-test/target/test-dir/MiniOzoneClusterImpl-e4d55aeb-da58-408a-87dd-e45f7ef8a31a/datanode-6/data/ratis/cc657502-e50b-4256-a7c6-3a2ee96509fb/in_use.lock acquired by nodename 85023@fv-az1023-676
2023-12-21 09:24:34,885 [4071302e-cf40-440c-a20f-829f10e9e05e-groupManagement] INFO  storage.RaftStorage (RaftStorageImpl.java:format(97)) - Storage directory /home/runner/work/ozone/ozone/hadoop-ozone/integration-test/target/test-dir/MiniOzoneClusterImpl-e4d55aeb-da58-408a-87dd-e45f7ef8a31a/datanode-6/data/ratis/cc657502-e50b-4256-a7c6-3a2ee96509fb has been successfully formatted.
2023-12-21 09:24:34,886 [4071302e-cf40-440c-a20f-829f10e9e05e-groupManagement] INFO  ratis.ContainerStateMachine (ContainerStateMachine.java:loadSnapshot(287)) - group-3A2EE96509FB: The snapshot info is null. Setting the last applied indexto:(t:0, i:~)
2023-12-21 09:24:34,887 [4071302e-cf40-440c-a20f-829f10e9e05e-groupManagement] INFO  server.RaftServerConfigKeys (ConfUtils.java:logGet(46)) - raft.server.log.use.memory = false (default)
2023-12-21 09:24:34,887 [4071302e-cf40-440c-a20f-829f10e9e05e-groupManagement] INFO  server.RaftServerConfigKeys (ConfUtils.java:logGet(46)) - raft.server.log.purge.gap = 1000000 (custom)
2023-12-21 09:24:34,887 [4071302e-cf40-440c-a20f-829f10e9e05e-groupManagement] INFO  server.RaftServerConfigKeys (ConfUtils.java:logGet(46)) - raft.server.log.appender.buffer.byte-limit = 8388608 (custom)
2023-12-21 09:24:34,887 [4071302e-cf40-440c-a20f-829f10e9e05e-groupManagement] INFO  server.RaftServerConfigKeys (ConfUtils.java:logGet(46)) - raft.server.log.statemachine.data.read.timeout = 1000ms (default)
2023-12-21 09:24:34,887 [4071302e-cf40-440c-a20f-829f10e9e05e-groupManagement] INFO  server.RaftServerConfigKeys (ConfUtils.java:logGet(46)) - raft.server.log.purge.preservation.log.num = 0 (default)
2023-12-21 09:24:34,888 [EventQueue-PipelineReportForPipelineReportHandler] INFO  pipeline.PipelineReportHandler (PipelineReportHandler.java:processPipelineReport(136)) - Opened pipeline PipelineID=cc657502-e50b-4256-a7c6-3a2ee96509fb
2023-12-21 09:24:34,888 [EventQueue-OpenPipelineForHealthyPipelineSafeModeRule] INFO  safemode.SCMSafeModeManager (HealthyPipelineSafeModeRule.java:process(140)) - SCM in safe mode. Healthy pipelines reported count is 0, required healthy pipeline reported count is 1
2023-12-21 09:24:34,888 [4071302e-cf40-440c-a20f-829f10e9e05e-groupManagement] INFO  server.RaftServerConfigKeys (ConfUtils.java:logGet(46)) - raft.server.log.segment.size.max = 67108864 (custom)
2023-12-21 09:24:34,889 [4071302e-cf40-440c-a20f-829f10e9e05e-groupManagement] INFO  server.RaftServerConfigKeys (ConfUtils.java:logGet(46)) - raft.server.log.segment.cache.num.max = 2 (custom)
2023-12-21 09:24:34,889 [4071302e-cf40-440c-a20f-829f10e9e05e-groupManagement] INFO  server.RaftServerConfigKeys (ConfUtils.java:logGet(46)) - raft.server.log.segment.cache.size.max = 200MB (=209715200) (default)
2023-12-21 09:24:34,889 [4071302e-cf40-440c-a20f-829f10e9e05e-groupManagement] INFO  server.RaftServerConfigKeys (ConfUtils.java:logGet(46)) - raft.server.log.appender.buffer.byte-limit = 8388608 (custom)
2023-12-21 09:24:34,889 [4071302e-cf40-440c-a20f-829f10e9e05e-groupManagement] INFO  util.AwaitToRun (AwaitToRun.java:start(81)) - Thread[4071302e-cf40-440c-a20f-829f10e9e05e@group-3A2EE96509FB-cacheEviction-AwaitToRun,5,main] started
2023-12-21 09:24:34,889 [4071302e-cf40-440c-a20f-829f10e9e05e-groupManagement] INFO  segmented.SegmentedRaftLogWorker (SegmentedRaftLogWorker.java:<init>(184)) - new 4071302e-cf40-440c-a20f-829f10e9e05e@group-3A2EE96509FB-SegmentedRaftLogWorker for RaftStorageImpl:Storage Directory /home/runner/work/ozone/ozone/hadoop-ozone/integration-test/target/test-dir/MiniOzoneClusterImpl-e4d55aeb-da58-408a-87dd-e45f7ef8a31a/datanode-6/data/ratis/cc657502-e50b-4256-a7c6-3a2ee96509fb
2023-12-21 09:24:34,889 [4071302e-cf40-440c-a20f-829f10e9e05e-groupManagement] INFO  server.RaftServerConfigKeys (ConfUtils.java:logGet(46)) - raft.server.log.queue.byte-limit = 4294967296 (custom)
2023-12-21 09:24:34,889 [4071302e-cf40-440c-a20f-829f10e9e05e-groupManagement] INFO  server.RaftServerConfigKeys (ConfUtils.java:logGet(46)) - raft.server.log.queue.element-limit = 1024 (custom)
2023-12-21 09:24:34,889 [4071302e-cf40-440c-a20f-829f10e9e05e-groupManagement] INFO  server.RaftServerConfigKeys (ConfUtils.java:logGet(46)) - raft.server.log.segment.size.max = 67108864 (custom)
2023-12-21 09:24:34,889 [4071302e-cf40-440c-a20f-829f10e9e05e-groupManagement] INFO  server.RaftServerConfigKeys (ConfUtils.java:logGet(46)) - raft.server.log.preallocated.size = 4194304 (custom)
2023-12-21 09:24:34,889 [4071302e-cf40-440c-a20f-829f10e9e05e-groupManagement] INFO  server.RaftServerConfigKeys (ConfUtils.java:logGet(46)) - raft.server.log.force.sync.num = 128 (default)
2023-12-21 09:24:34,889 [4071302e-cf40-440c-a20f-829f10e9e05e-groupManagement] INFO  server.RaftServerConfigKeys (ConfUtils.java:logGet(46)) - raft.server.log.statemachine.data.sync = true (default)
2023-12-21 09:24:34,889 [4071302e-cf40-440c-a20f-829f10e9e05e-groupManagement] INFO  server.RaftServerConfigKeys (ConfUtils.java:logGet(46)) - raft.server.log.statemachine.data.sync.timeout = 10s (default)
2023-12-21 09:24:34,889 [4071302e-cf40-440c-a20f-829f10e9e05e-groupManagement] INFO  server.RaftServerConfigKeys (ConfUtils.java:logGet(46)) - raft.server.log.statemachine.data.sync.timeout.retry = 0 (custom)
2023-12-21 09:24:34,890 [4071302e-cf40-440c-a20f-829f10e9e05e-groupManagement] INFO  server.RaftServerConfigKeys (ConfUtils.java:logGet(46)) - raft.server.log.write.buffer.size = 8388616 (custom)
2023-12-21 09:24:34,891 [4071302e-cf40-440c-a20f-829f10e9e05e-groupManagement] INFO  server.RaftServerConfigKeys (ConfUtils.java:logGet(46)) - raft.server.log.appender.buffer.byte-limit = 8388608 (custom)
2023-12-21 09:24:34,892 [4071302e-cf40-440c-a20f-829f10e9e05e-groupManagement] INFO  server.RaftServerConfigKeys (ConfUtils.java:logGet(46)) - raft.server.log.unsafe-flush.enabled = false (default)
2023-12-21 09:24:34,892 [4071302e-cf40-440c-a20f-829f10e9e05e-groupManagement] INFO  server.RaftServerConfigKeys (ConfUtils.java:logGet(46)) - raft.server.log.async-flush.enabled = false (default)
2023-12-21 09:24:34,892 [4071302e-cf40-440c-a20f-829f10e9e05e-groupManagement] INFO  server.RaftServerConfigKeys (ConfUtils.java:logGet(46)) - raft.server.log.statemachine.data.caching.enabled = true (custom)
2023-12-21 09:24:34,892 [4071302e-cf40-440c-a20f-829f10e9e05e-groupManagement] INFO  segmented.SegmentedRaftLogWorker (SegmentedRaftLogWorker.java:lambda$new$0(135)) - 4071302e-cf40-440c-a20f-829f10e9e05e@group-3A2EE96509FB-SegmentedRaftLogWorker: flushIndex: setUnconditionally 0 -> -1
2023-12-21 09:24:34,892 [4071302e-cf40-440c-a20f-829f10e9e05e-groupManagement] INFO  segmented.SegmentedRaftLogWorker (SegmentedRaftLogWorker.java:lambda$new$0(135)) - 4071302e-cf40-440c-a20f-829f10e9e05e@group-3A2EE96509FB-SegmentedRaftLogWorker: safeCacheEvictIndex: setUnconditionally 0 -> -1
2023-12-21 09:24:34,892 [4071302e-cf40-440c-a20f-829f10e9e05e-groupManagement] INFO  server.RaftServer$Division (RaftServerImpl.java:start(392)) - 4071302e-cf40-440c-a20f-829f10e9e05e@group-3A2EE96509FB: start as a follower, conf=-1: peers:[4071302e-cf40-440c-a20f-829f10e9e05e|10.1.0.5:15246]|listeners:[], old=null
2023-12-21 09:24:34,892 [4071302e-cf40-440c-a20f-829f10e9e05e-groupManagement] INFO  server.RaftServer$Division (RaftServerImpl.java:setRole(379)) - 4071302e-cf40-440c-a20f-829f10e9e05e@group-3A2EE96509FB: changes role from      null to FOLLOWER at term 0 for startAsFollower
2023-12-21 09:24:34,893 [4071302e-cf40-440c-a20f-829f10e9e05e-groupManagement] INFO  impl.RoleInfo (RoleInfo.java:updateAndGet(139)) - 4071302e-cf40-440c-a20f-829f10e9e05e: start 4071302e-cf40-440c-a20f-829f10e9e05e@group-3A2EE96509FB-FollowerState
2023-12-21 09:24:34,893 [4071302e-cf40-440c-a20f-829f10e9e05e@group-3A2EE96509FB-FollowerState] INFO  server.RaftServerConfigKeys (ConfUtils.java:logFallback(53)) - raft.server.rpc.first-election.timeout.min = 5s (fallback to raft.server.rpc.timeout.min)
2023-12-21 09:24:34,893 [4071302e-cf40-440c-a20f-829f10e9e05e-groupManagement] INFO  util.JmxRegister (JmxRegister.java:tryRegister(44)) - Successfully registered JMX Bean with object name Ratis:service=RaftServer,group=group-3A2EE96509FB,id=4071302e-cf40-440c-a20f-829f10e9e05e
2023-12-21 09:24:34,893 [4071302e-cf40-440c-a20f-829f10e9e05e@group-3A2EE96509FB-FollowerState] INFO  server.RaftServerConfigKeys (ConfUtils.java:logFallback(53)) - raft.server.rpc.first-election.timeout.max = 5200ms (fallback to raft.server.rpc.timeout.max)
2023-12-21 09:24:34,893 [4071302e-cf40-440c-a20f-829f10e9e05e-groupManagement] INFO  server.RaftServerConfigKeys (ConfUtils.java:logGet(46)) - raft.server.snapshot.trigger-when-stop.enabled = true (default)
2023-12-21 09:24:34,893 [4071302e-cf40-440c-a20f-829f10e9e05e-groupManagement] INFO  server.RaftServerConfigKeys (ConfUtils.java:logGet(46)) - raft.server.snapshot.auto.trigger.enabled = true (custom)
2023-12-21 09:24:34,893 [4071302e-cf40-440c-a20f-829f10e9e05e-groupManagement] INFO  server.RaftServerConfigKeys (ConfUtils.java:logGet(46)) - raft.server.snapshot.auto.trigger.threshold = 10000 (custom)
2023-12-21 09:24:34,893 [4071302e-cf40-440c-a20f-829f10e9e05e-groupManagement] INFO  server.RaftServerConfigKeys (ConfUtils.java:logGet(46)) - raft.server.snapshot.retention.file.num = 5 (custom)
2023-12-21 09:24:34,893 [4071302e-cf40-440c-a20f-829f10e9e05e-groupManagement] INFO  server.RaftServerConfigKeys (ConfUtils.java:logGet(46)) - raft.server.log.purge.upto.snapshot.index = false (default)
2023-12-21 09:24:34,894 [4071302e-cf40-440c-a20f-829f10e9e05e-PipelineCommandHandlerThread-0] INFO  ratis.XceiverServerRatis (XceiverServerRatis.java:addGroup(837)) - Created group PipelineID=cc657502-e50b-4256-a7c6-3a2ee96509fb
2023-12-21 09:24:34,894 [4071302e-cf40-440c-a20f-829f10e9e05e-PipelineCommandHandlerThread-0] INFO  commandhandler.CreatePipelineCommandHandler (CreatePipelineCommandHandler.java:lambda$handle$2(124)) - Created Pipeline RATIS ONE PipelineID=cc657502-e50b-4256-a7c6-3a2ee96509fb.
2023-12-21 09:24:34,894 [4071302e-cf40-440c-a20f-829f10e9e05e-PipelineCommandHandlerThread-0] INFO  server.RaftServer (RaftServerProxy.java:addNew(100)) - 4071302e-cf40-440c-a20f-829f10e9e05e: addNew group-F3A27B024772:[b2354cd0-7648-4a6f-abf9-b9cf43c56f40|10.1.0.5:15255, 4071302e-cf40-440c-a20f-829f10e9e05e|10.1.0.5:15246, 32aac600-864d-469c-bbc4-bdc2d2a366d8|10.1.0.5:15264] returns group-F3A27B024772:java.util.concurrent.CompletableFuture@7c43070f[Not completed]
2023-12-21 09:24:34,895 [4071302e-cf40-440c-a20f-829f10e9e05e-groupManagement] INFO  server.RaftServer$Division (RaftServerImpl.java:<init>(256)) - 4071302e-cf40-440c-a20f-829f10e9e05e: new RaftServerImpl for group-F3A27B024772:[b2354cd0-7648-4a6f-abf9-b9cf43c56f40|10.1.0.5:15255, 4071302e-cf40-440c-a20f-829f10e9e05e|10.1.0.5:15246, 32aac600-864d-469c-bbc4-bdc2d2a366d8|10.1.0.5:15264] with ContainerStateMachine:uninitialized
2023-12-21 09:24:34,895 [4071302e-cf40-440c-a20f-829f10e9e05e-groupManagement] INFO  server.RaftServerConfigKeys (ConfUtils.java:logGet(46)) - raft.server.rpc.timeout.min = 5s (custom)
2023-12-21 09:24:34,895 [4071302e-cf40-440c-a20f-829f10e9e05e-groupManagement] INFO  server.RaftServerConfigKeys (ConfUtils.java:logGet(46)) - raft.server.rpc.timeout.max = 5200ms (custom)
2023-12-21 09:24:34,895 [4071302e-cf40-440c-a20f-829f10e9e05e-groupManagement] INFO  server.RaftServerConfigKeys (ConfUtils.java:logGet(46)) - raft.server.rpc.sleep.time = 25ms (default)
2023-12-21 09:24:34,895 [4071302e-cf40-440c-a20f-829f10e9e05e-groupManagement] INFO  server.RaftServerConfigKeys (ConfUtils.java:logGet(46)) - raft.server.rpc.slowness.timeout = 300000ms (custom)
2023-12-21 09:24:34,895 [4071302e-cf40-440c-a20f-829f10e9e05e-groupManagement] INFO  server.RaftServerConfigKeys (ConfUtils.java:logGet(46)) - raft.server.leaderelection.leader.step-down.wait-time = 10s (default)
2023-12-21 09:24:34,895 [4071302e-cf40-440c-a20f-829f10e9e05e-groupManagement] INFO  server.RaftServerConfigKeys (ConfUtils.java:logGet(46)) - raft.server.leaderelection.member.majority-add = false (default)
2023-12-21 09:24:34,895 [4071302e-cf40-440c-a20f-829f10e9e05e-groupManagement] INFO  server.RaftServerConfigKeys (ConfUtils.java:logGet(46)) - raft.server.sleep.deviation.threshold = 300ms (default)
2023-12-21 09:24:34,896 [4071302e-cf40-440c-a20f-829f10e9e05e-groupManagement] INFO  server.RaftServer$Division (ServerState.java:<init>(113)) - 4071302e-cf40-440c-a20f-829f10e9e05e@group-F3A27B024772: ConfigurationManager, init=-1: peers:[b2354cd0-7648-4a6f-abf9-b9cf43c56f40|10.1.0.5:15255, 4071302e-cf40-440c-a20f-829f10e9e05e|10.1.0.5:15246, 32aac600-864d-469c-bbc4-bdc2d2a366d8|10.1.0.5:15264]|listeners:[], old=null, confs=<EMPTY_MAP>
2023-12-21 09:24:34,896 [4071302e-cf40-440c-a20f-829f10e9e05e-groupManagement] INFO  server.RaftServerConfigKeys (ConfUtils.java:logGet(46)) - raft.server.notification.no-leader.timeout = 300000ms (custom)
2023-12-21 09:24:34,896 [4071302e-cf40-440c-a20f-829f10e9e05e-groupManagement] INFO  server.RaftServerConfigKeys (ConfUtils.java:logGet(46)) - raft.server.read.timeout = 10s (default)
2023-12-21 09:24:34,896 [4071302e-cf40-440c-a20f-829f10e9e05e-groupManagement] INFO  server.RaftServerConfigKeys (ConfUtils.java:logGet(46)) - raft.server.retrycache.expirytime = 600000ms (custom)
2023-12-21 09:24:34,896 [4071302e-cf40-440c-a20f-829f10e9e05e-groupManagement] INFO  server.RaftServerConfigKeys (ConfUtils.java:logGet(46)) - raft.server.retrycache.statistics.expirytime = 100ms (default)
2023-12-21 09:24:34,896 [4071302e-cf40-440c-a20f-829f10e9e05e-groupManagement] INFO  server.RaftServerConfigKeys (ConfUtils.java:logGet(46)) - raft.server.read.option = DEFAULT (default)
2023-12-21 09:24:34,896 [4071302e-cf40-440c-a20f-829f10e9e05e-groupManagement] INFO  server.RaftServerConfigKeys (ConfUtils.java:logGet(46)) - raft.server.read.read-after-write-consistent.write-index-cache.expiry-time = 60s (default)
2023-12-21 09:24:34,898 [4071302e-cf40-440c-a20f-829f10e9e05e-groupManagement] INFO  server.RaftServerConfigKeys (ConfUtils.java:logGet(46)) - raft.server.rpc.request.timeout = 3000ms (default)
2023-12-21 09:24:34,898 [4071302e-cf40-440c-a20f-829f10e9e05e-groupManagement] INFO  server.RaftServerConfigKeys (ConfUtils.java:logGet(46)) - raft.server.log.appender.install.snapshot.enabled = false (custom)
2023-12-21 09:24:34,898 [4071302e-cf40-440c-a20f-829f10e9e05e-groupManagement] INFO  server.RaftServerConfigKeys (ConfUtils.java:logGet(46)) - raft.server.threadpool.server.cached = true (default)
2023-12-21 09:24:34,898 [4071302e-cf40-440c-a20f-829f10e9e05e-groupManagement] INFO  server.RaftServerConfigKeys (ConfUtils.java:logGet(46)) - raft.server.threadpool.server.size = 0 (default)
2023-12-21 09:24:34,898 [4071302e-cf40-440c-a20f-829f10e9e05e-groupManagement] INFO  server.RaftServerConfigKeys (ConfUtils.java:logGet(46)) - raft.server.threadpool.client.cached = true (default)
2023-12-21 09:24:34,898 [4071302e-cf40-440c-a20f-829f10e9e05e-groupManagement] INFO  server.RaftServerConfigKeys (ConfUtils.java:logGet(46)) - raft.server.threadpool.client.size = 0 (default)
2023-12-21 09:24:34,898 [4071302e-cf40-440c-a20f-829f10e9e05e-groupManagement] INFO  server.RaftServerConfigKeys (ConfUtils.java:logGet(46)) - raft.server.storage.free-space.min = 0MB (=0) (default)
2023-12-21 09:24:34,898 [4071302e-cf40-440c-a20f-829f10e9e05e-groupManagement] INFO  server.RaftServerConfigKeys (ConfUtils.java:logGet(46)) - raft.server.log.corruption.policy = EXCEPTION (default)
2023-12-21 09:24:34,899 [4071302e-cf40-440c-a20f-829f10e9e05e-groupManagement] INFO  server.RaftServerConfigKeys (ConfUtils.java:logGet(46)) - raft.server.storage.dir = [/home/runner/work/ozone/ozone/hadoop-ozone/integration-test/target/test-dir/MiniOzoneClusterImpl-e4d55aeb-da58-408a-87dd-e45f7ef8a31a/datanode-6/data/ratis] (custom)
2023-12-21 09:24:34,899 [4071302e-cf40-440c-a20f-829f10e9e05e-groupManagement] INFO  storage.RaftStorageDirectory (RaftStorageDirectoryImpl.java:analyzeStorage(138)) - The storage directory /home/runner/work/ozone/ozone/hadoop-ozone/integration-test/target/test-dir/MiniOzoneClusterImpl-e4d55aeb-da58-408a-87dd-e45f7ef8a31a/datanode-6/data/ratis/d1b107bd-1af9-4284-8482-f3a27b024772 does not exist. Creating ...
2023-12-21 09:24:34,900 [4071302e-cf40-440c-a20f-829f10e9e05e-groupManagement] INFO  storage.RaftStorageDirectory (RaftStorageDirectoryImpl.java:tryLock(232)) - Lock on /home/runner/work/ozone/ozone/hadoop-ozone/integration-test/target/test-dir/MiniOzoneClusterImpl-e4d55aeb-da58-408a-87dd-e45f7ef8a31a/datanode-6/data/ratis/d1b107bd-1af9-4284-8482-f3a27b024772/in_use.lock acquired by nodename 85023@fv-az1023-676
2023-12-21 09:24:34,901 [4071302e-cf40-440c-a20f-829f10e9e05e-groupManagement] INFO  storage.RaftStorage (RaftStorageImpl.java:format(97)) - Storage directory /home/runner/work/ozone/ozone/hadoop-ozone/integration-test/target/test-dir/MiniOzoneClusterImpl-e4d55aeb-da58-408a-87dd-e45f7ef8a31a/datanode-6/data/ratis/d1b107bd-1af9-4284-8482-f3a27b024772 has been successfully formatted.
2023-12-21 09:24:34,901 [4071302e-cf40-440c-a20f-829f10e9e05e-groupManagement] INFO  ratis.ContainerStateMachine (ContainerStateMachine.java:loadSnapshot(287)) - group-F3A27B024772: The snapshot info is null. Setting the last applied indexto:(t:0, i:~)
2023-12-21 09:24:34,901 [4071302e-cf40-440c-a20f-829f10e9e05e-groupManagement] INFO  server.RaftServerConfigKeys (ConfUtils.java:logGet(46)) - raft.server.log.use.memory = false (default)
2023-12-21 09:24:34,901 [4071302e-cf40-440c-a20f-829f10e9e05e-groupManagement] INFO  server.RaftServerConfigKeys (ConfUtils.java:logGet(46)) - raft.server.log.purge.gap = 1000000 (custom)
2023-12-21 09:24:34,901 [4071302e-cf40-440c-a20f-829f10e9e05e-groupManagement] INFO  server.RaftServerConfigKeys (ConfUtils.java:logGet(46)) - raft.server.log.appender.buffer.byte-limit = 8388608 (custom)
2023-12-21 09:24:34,902 [4071302e-cf40-440c-a20f-829f10e9e05e-groupManagement] INFO  server.RaftServerConfigKeys (ConfUtils.java:logGet(46)) - raft.server.log.statemachine.data.read.timeout = 1000ms (default)
2023-12-21 09:24:34,902 [4071302e-cf40-440c-a20f-829f10e9e05e-groupManagement] INFO  server.RaftServerConfigKeys (ConfUtils.java:logGet(46)) - raft.server.log.purge.preservation.log.num = 0 (default)
2023-12-21 09:24:34,902 [EventQueue-OpenPipelineForHealthyPipelineSafeModeRule] INFO  safemode.SCMSafeModeManager (HealthyPipelineSafeModeRule.java:process(140)) - SCM in safe mode. Healthy pipelines reported count is 0, required healthy pipeline reported count is 1
2023-12-21 09:24:34,903 [4071302e-cf40-440c-a20f-829f10e9e05e-groupManagement] INFO  server.RaftServerConfigKeys (ConfUtils.java:logGet(46)) - raft.server.log.segment.size.max = 67108864 (custom)
2023-12-21 09:24:34,903 [4071302e-cf40-440c-a20f-829f10e9e05e-groupManagement] INFO  server.RaftServerConfigKeys (ConfUtils.java:logGet(46)) - raft.server.log.segment.cache.num.max = 2 (custom)
2023-12-21 09:24:34,903 [4071302e-cf40-440c-a20f-829f10e9e05e-groupManagement] INFO  server.RaftServerConfigKeys (ConfUtils.java:logGet(46)) - raft.server.log.segment.cache.size.max = 200MB (=209715200) (default)
2023-12-21 09:24:34,903 [4071302e-cf40-440c-a20f-829f10e9e05e-groupManagement] INFO  server.RaftServerConfigKeys (ConfUtils.java:logGet(46)) - raft.server.log.appender.buffer.byte-limit = 8388608 (custom)
2023-12-21 09:24:34,903 [4071302e-cf40-440c-a20f-829f10e9e05e-groupManagement] INFO  util.AwaitToRun (AwaitToRun.java:start(81)) - Thread[4071302e-cf40-440c-a20f-829f10e9e05e@group-F3A27B024772-cacheEviction-AwaitToRun,5,main] started
2023-12-21 09:24:34,903 [4071302e-cf40-440c-a20f-829f10e9e05e-groupManagement] INFO  segmented.SegmentedRaftLogWorker (SegmentedRaftLogWorker.java:<init>(184)) - new 4071302e-cf40-440c-a20f-829f10e9e05e@group-F3A27B024772-SegmentedRaftLogWorker for RaftStorageImpl:Storage Directory /home/runner/work/ozone/ozone/hadoop-ozone/integration-test/target/test-dir/MiniOzoneClusterImpl-e4d55aeb-da58-408a-87dd-e45f7ef8a31a/datanode-6/data/ratis/d1b107bd-1af9-4284-8482-f3a27b024772
2023-12-21 09:24:34,903 [4071302e-cf40-440c-a20f-829f10e9e05e-groupManagement] INFO  server.RaftServerConfigKeys (ConfUtils.java:logGet(46)) - raft.server.log.queue.byte-limit = 4294967296 (custom)
2023-12-21 09:24:34,903 [4071302e-cf40-440c-a20f-829f10e9e05e-groupManagement] INFO  server.RaftServerConfigKeys (ConfUtils.java:logGet(46)) - raft.server.log.queue.element-limit = 1024 (custom)
2023-12-21 09:24:34,903 [4071302e-cf40-440c-a20f-829f10e9e05e-groupManagement] INFO  server.RaftServerConfigKeys (ConfUtils.java:logGet(46)) - raft.server.log.segment.size.max = 67108864 (custom)
2023-12-21 09:24:34,904 [4071302e-cf40-440c-a20f-829f10e9e05e-groupManagement] INFO  server.RaftServerConfigKeys (ConfUtils.java:logGet(46)) - raft.server.log.preallocated.size = 4194304 (custom)
2023-12-21 09:24:34,904 [4071302e-cf40-440c-a20f-829f10e9e05e-groupManagement] INFO  server.RaftServerConfigKeys (ConfUtils.java:logGet(46)) - raft.server.log.force.sync.num = 128 (default)
2023-12-21 09:24:34,904 [4071302e-cf40-440c-a20f-829f10e9e05e-groupManagement] INFO  server.RaftServerConfigKeys (ConfUtils.java:logGet(46)) - raft.server.log.statemachine.data.sync = true (default)
2023-12-21 09:24:34,904 [4071302e-cf40-440c-a20f-829f10e9e05e-groupManagement] INFO  server.RaftServerConfigKeys (ConfUtils.java:logGet(46)) - raft.server.log.statemachine.data.sync.timeout = 10s (default)
2023-12-21 09:24:34,904 [4071302e-cf40-440c-a20f-829f10e9e05e-groupManagement] INFO  server.RaftServerConfigKeys (ConfUtils.java:logGet(46)) - raft.server.log.statemachine.data.sync.timeout.retry = 0 (custom)
2023-12-21 09:24:34,904 [4071302e-cf40-440c-a20f-829f10e9e05e-groupManagement] INFO  server.RaftServerConfigKeys (ConfUtils.java:logGet(46)) - raft.server.log.write.buffer.size = 8388616 (custom)
2023-12-21 09:24:34,905 [4071302e-cf40-440c-a20f-829f10e9e05e-groupManagement] INFO  server.RaftServerConfigKeys (ConfUtils.java:logGet(46)) - raft.server.log.appender.buffer.byte-limit = 8388608 (custom)
2023-12-21 09:24:34,906 [4071302e-cf40-440c-a20f-829f10e9e05e-groupManagement] INFO  server.RaftServerConfigKeys (ConfUtils.java:logGet(46)) - raft.server.log.unsafe-flush.enabled = false (default)
2023-12-21 09:24:34,906 [4071302e-cf40-440c-a20f-829f10e9e05e-groupManagement] INFO  server.RaftServerConfigKeys (ConfUtils.java:logGet(46)) - raft.server.log.async-flush.enabled = false (default)
2023-12-21 09:24:34,906 [4071302e-cf40-440c-a20f-829f10e9e05e-groupManagement] INFO  server.RaftServerConfigKeys (ConfUtils.java:logGet(46)) - raft.server.log.statemachine.data.caching.enabled = true (custom)
2023-12-21 09:24:34,906 [4071302e-cf40-440c-a20f-829f10e9e05e-groupManagement] INFO  segmented.SegmentedRaftLogWorker (SegmentedRaftLogWorker.java:lambda$new$0(135)) - 4071302e-cf40-440c-a20f-829f10e9e05e@group-F3A27B024772-SegmentedRaftLogWorker: flushIndex: setUnconditionally 0 -> -1
2023-12-21 09:24:34,906 [4071302e-cf40-440c-a20f-829f10e9e05e-groupManagement] INFO  segmented.SegmentedRaftLogWorker (SegmentedRaftLogWorker.java:lambda$new$0(135)) - 4071302e-cf40-440c-a20f-829f10e9e05e@group-F3A27B024772-SegmentedRaftLogWorker: safeCacheEvictIndex: setUnconditionally 0 -> -1
2023-12-21 09:24:34,906 [4071302e-cf40-440c-a20f-829f10e9e05e-groupManagement] INFO  server.RaftServer$Division (RaftServerImpl.java:start(392)) - 4071302e-cf40-440c-a20f-829f10e9e05e@group-F3A27B024772: start as a follower, conf=-1: peers:[b2354cd0-7648-4a6f-abf9-b9cf43c56f40|10.1.0.5:15255, 4071302e-cf40-440c-a20f-829f10e9e05e|10.1.0.5:15246, 32aac600-864d-469c-bbc4-bdc2d2a366d8|10.1.0.5:15264]|listeners:[], old=null
2023-12-21 09:24:34,906 [4071302e-cf40-440c-a20f-829f10e9e05e-groupManagement] INFO  server.RaftServer$Division (RaftServerImpl.java:setRole(379)) - 4071302e-cf40-440c-a20f-829f10e9e05e@group-F3A27B024772: changes role from      null to FOLLOWER at term 0 for startAsFollower
2023-12-21 09:24:34,906 [4071302e-cf40-440c-a20f-829f10e9e05e-groupManagement] INFO  impl.RoleInfo (RoleInfo.java:updateAndGet(139)) - 4071302e-cf40-440c-a20f-829f10e9e05e: start 4071302e-cf40-440c-a20f-829f10e9e05e@group-F3A27B024772-FollowerState
2023-12-21 09:24:34,906 [4071302e-cf40-440c-a20f-829f10e9e05e-groupManagement] INFO  util.JmxRegister (JmxRegister.java:tryRegister(44)) - Successfully registered JMX Bean with object name Ratis:service=RaftServer,group=group-F3A27B024772,id=4071302e-cf40-440c-a20f-829f10e9e05e
2023-12-21 09:24:34,906 [4071302e-cf40-440c-a20f-829f10e9e05e@group-F3A27B024772-FollowerState] INFO  server.RaftServerConfigKeys (ConfUtils.java:logFallback(53)) - raft.server.rpc.first-election.timeout.min = 5s (fallback to raft.server.rpc.timeout.min)
2023-12-21 09:24:34,906 [4071302e-cf40-440c-a20f-829f10e9e05e-groupManagement] INFO  server.RaftServerConfigKeys (ConfUtils.java:logGet(46)) - raft.server.snapshot.trigger-when-stop.enabled = true (default)
2023-12-21 09:24:34,906 [4071302e-cf40-440c-a20f-829f10e9e05e@group-F3A27B024772-FollowerState] INFO  server.RaftServerConfigKeys (ConfUtils.java:logFallback(53)) - raft.server.rpc.first-election.timeout.max = 5200ms (fallback to raft.server.rpc.timeout.max)
2023-12-21 09:24:34,907 [4071302e-cf40-440c-a20f-829f10e9e05e-groupManagement] INFO  server.RaftServerConfigKeys (ConfUtils.java:logGet(46)) - raft.server.snapshot.auto.trigger.enabled = true (custom)
2023-12-21 09:24:34,907 [4071302e-cf40-440c-a20f-829f10e9e05e-groupManagement] INFO  server.RaftServerConfigKeys (ConfUtils.java:logGet(46)) - raft.server.snapshot.auto.trigger.threshold = 10000 (custom)
2023-12-21 09:24:34,907 [4071302e-cf40-440c-a20f-829f10e9e05e-groupManagement] INFO  server.RaftServerConfigKeys (ConfUtils.java:logGet(46)) - raft.server.snapshot.retention.file.num = 5 (custom)
2023-12-21 09:24:34,907 [4071302e-cf40-440c-a20f-829f10e9e05e-groupManagement] INFO  server.RaftServerConfigKeys (ConfUtils.java:logGet(46)) - raft.server.log.purge.upto.snapshot.index = false (default)
2023-12-21 09:24:34,907 [4071302e-cf40-440c-a20f-829f10e9e05e-PipelineCommandHandlerThread-0] INFO  ratis.XceiverServerRatis (XceiverServerRatis.java:addGroup(837)) - Created group PipelineID=d1b107bd-1af9-4284-8482-f3a27b024772
2023-12-21 09:24:34,913 [grpc-default-executor-0] INFO  server.RaftServer (RaftServerProxy.java:addNew(100)) - b2354cd0-7648-4a6f-abf9-b9cf43c56f40: addNew group-F3A27B024772:[b2354cd0-7648-4a6f-abf9-b9cf43c56f40|10.1.0.5:15255, 4071302e-cf40-440c-a20f-829f10e9e05e|10.1.0.5:15246, 32aac600-864d-469c-bbc4-bdc2d2a366d8|10.1.0.5:15264] returns group-F3A27B024772:java.util.concurrent.CompletableFuture@9ea749f[Not completed]
2023-12-21 09:24:34,914 [b2354cd0-7648-4a6f-abf9-b9cf43c56f40-groupManagement] INFO  server.RaftServer$Division (RaftServerImpl.java:<init>(256)) - b2354cd0-7648-4a6f-abf9-b9cf43c56f40: new RaftServerImpl for group-F3A27B024772:[b2354cd0-7648-4a6f-abf9-b9cf43c56f40|10.1.0.5:15255, 4071302e-cf40-440c-a20f-829f10e9e05e|10.1.0.5:15246, 32aac600-864d-469c-bbc4-bdc2d2a366d8|10.1.0.5:15264] with ContainerStateMachine:uninitialized
2023-12-21 09:24:34,914 [b2354cd0-7648-4a6f-abf9-b9cf43c56f40-groupManagement] INFO  server.RaftServerConfigKeys (ConfUtils.java:logGet(46)) - raft.server.rpc.timeout.min = 5s (custom)
2023-12-21 09:24:34,914 [b2354cd0-7648-4a6f-abf9-b9cf43c56f40-groupManagement] INFO  server.RaftServerConfigKeys (ConfUtils.java:logGet(46)) - raft.server.rpc.timeout.max = 5200ms (custom)
2023-12-21 09:24:34,914 [b2354cd0-7648-4a6f-abf9-b9cf43c56f40-groupManagement] INFO  server.RaftServerConfigKeys (ConfUtils.java:logGet(46)) - raft.server.rpc.sleep.time = 25ms (default)
2023-12-21 09:24:34,914 [b2354cd0-7648-4a6f-abf9-b9cf43c56f40-groupManagement] INFO  server.RaftServerConfigKeys (ConfUtils.java:logGet(46)) - raft.server.rpc.slowness.timeout = 300000ms (custom)
2023-12-21 09:24:34,914 [b2354cd0-7648-4a6f-abf9-b9cf43c56f40-groupManagement] INFO  server.RaftServerConfigKeys (ConfUtils.java:logGet(46)) - raft.server.leaderelection.leader.step-down.wait-time = 10s (default)
2023-12-21 09:24:34,914 [b2354cd0-7648-4a6f-abf9-b9cf43c56f40-groupManagement] INFO  server.RaftServerConfigKeys (ConfUtils.java:logGet(46)) - raft.server.leaderelection.member.majority-add = false (default)
2023-12-21 09:24:34,914 [b2354cd0-7648-4a6f-abf9-b9cf43c56f40-groupManagement] INFO  server.RaftServerConfigKeys (ConfUtils.java:logGet(46)) - raft.server.sleep.deviation.threshold = 300ms (default)
2023-12-21 09:24:34,914 [b2354cd0-7648-4a6f-abf9-b9cf43c56f40-groupManagement] INFO  server.RaftServer$Division (ServerState.java:<init>(113)) - b2354cd0-7648-4a6f-abf9-b9cf43c56f40@group-F3A27B024772: ConfigurationManager, init=-1: peers:[b2354cd0-7648-4a6f-abf9-b9cf43c56f40|10.1.0.5:15255, 4071302e-cf40-440c-a20f-829f10e9e05e|10.1.0.5:15246, 32aac600-864d-469c-bbc4-bdc2d2a366d8|10.1.0.5:15264]|listeners:[], old=null, confs=<EMPTY_MAP>
2023-12-21 09:24:34,914 [b2354cd0-7648-4a6f-abf9-b9cf43c56f40-groupManagement] INFO  server.RaftServerConfigKeys (ConfUtils.java:logGet(46)) - raft.server.notification.no-leader.timeout = 300000ms (custom)
2023-12-21 09:24:34,914 [b2354cd0-7648-4a6f-abf9-b9cf43c56f40-groupManagement] INFO  server.RaftServerConfigKeys (ConfUtils.java:logGet(46)) - raft.server.read.timeout = 10s (default)
2023-12-21 09:24:34,914 [b2354cd0-7648-4a6f-abf9-b9cf43c56f40-groupManagement] INFO  server.RaftServerConfigKeys (ConfUtils.java:logGet(46)) - raft.server.retrycache.expirytime = 600000ms (custom)
2023-12-21 09:24:34,915 [b2354cd0-7648-4a6f-abf9-b9cf43c56f40-groupManagement] INFO  server.RaftServerConfigKeys (ConfUtils.java:logGet(46)) - raft.server.retrycache.statistics.expirytime = 100ms (default)
2023-12-21 09:24:34,915 [b2354cd0-7648-4a6f-abf9-b9cf43c56f40-groupManagement] INFO  server.RaftServerConfigKeys (ConfUtils.java:logGet(46)) - raft.server.read.option = DEFAULT (default)
2023-12-21 09:24:34,915 [b2354cd0-7648-4a6f-abf9-b9cf43c56f40-groupManagement] INFO  server.RaftServerConfigKeys (ConfUtils.java:logGet(46)) - raft.server.read.read-after-write-consistent.write-index-cache.expiry-time = 60s (default)
2023-12-21 09:24:34,917 [b2354cd0-7648-4a6f-abf9-b9cf43c56f40-groupManagement] INFO  server.RaftServerConfigKeys (ConfUtils.java:logGet(46)) - raft.server.rpc.request.timeout = 3000ms (default)
2023-12-21 09:24:34,917 [b2354cd0-7648-4a6f-abf9-b9cf43c56f40-groupManagement] INFO  server.RaftServerConfigKeys (ConfUtils.java:logGet(46)) - raft.server.log.appender.install.snapshot.enabled = false (custom)
2023-12-21 09:24:34,917 [b2354cd0-7648-4a6f-abf9-b9cf43c56f40-groupManagement] INFO  server.RaftServerConfigKeys (ConfUtils.java:logGet(46)) - raft.server.threadpool.server.cached = true (default)
2023-12-21 09:24:34,917 [b2354cd0-7648-4a6f-abf9-b9cf43c56f40-groupManagement] INFO  server.RaftServerConfigKeys (ConfUtils.java:logGet(46)) - raft.server.threadpool.server.size = 0 (default)
2023-12-21 09:24:34,917 [b2354cd0-7648-4a6f-abf9-b9cf43c56f40-groupManagement] INFO  server.RaftServerConfigKeys (ConfUtils.java:logGet(46)) - raft.server.threadpool.client.cached = true (default)
2023-12-21 09:24:34,917 [b2354cd0-7648-4a6f-abf9-b9cf43c56f40-groupManagement] INFO  server.RaftServerConfigKeys (ConfUtils.java:logGet(46)) - raft.server.threadpool.client.size = 0 (default)
2023-12-21 09:24:34,917 [b2354cd0-7648-4a6f-abf9-b9cf43c56f40-groupManagement] INFO  server.RaftServerConfigKeys (ConfUtils.java:logGet(46)) - raft.server.storage.free-space.min = 0MB (=0) (default)
2023-12-21 09:24:34,917 [b2354cd0-7648-4a6f-abf9-b9cf43c56f40-groupManagement] INFO  server.RaftServerConfigKeys (ConfUtils.java:logGet(46)) - raft.server.log.corruption.policy = EXCEPTION (default)
2023-12-21 09:24:34,917 [b2354cd0-7648-4a6f-abf9-b9cf43c56f40-groupManagement] INFO  server.RaftServerConfigKeys (ConfUtils.java:logGet(46)) - raft.server.storage.dir = [/home/runner/work/ozone/ozone/hadoop-ozone/integration-test/target/test-dir/MiniOzoneClusterImpl-e4d55aeb-da58-408a-87dd-e45f7ef8a31a/datanode-7/data/ratis] (custom)
2023-12-21 09:24:34,917 [b2354cd0-7648-4a6f-abf9-b9cf43c56f40-groupManagement] INFO  storage.RaftStorageDirectory (RaftStorageDirectoryImpl.java:analyzeStorage(138)) - The storage directory /home/runner/work/ozone/ozone/hadoop-ozone/integration-test/target/test-dir/MiniOzoneClusterImpl-e4d55aeb-da58-408a-87dd-e45f7ef8a31a/datanode-7/data/ratis/d1b107bd-1af9-4284-8482-f3a27b024772 does not exist. Creating ...
2023-12-21 09:24:34,918 [b2354cd0-7648-4a6f-abf9-b9cf43c56f40-groupManagement] INFO  storage.RaftStorageDirectory (RaftStorageDirectoryImpl.java:tryLock(232)) - Lock on /home/runner/work/ozone/ozone/hadoop-ozone/integration-test/target/test-dir/MiniOzoneClusterImpl-e4d55aeb-da58-408a-87dd-e45f7ef8a31a/datanode-7/data/ratis/d1b107bd-1af9-4284-8482-f3a27b024772/in_use.lock acquired by nodename 85023@fv-az1023-676
2023-12-21 09:24:34,920 [b2354cd0-7648-4a6f-abf9-b9cf43c56f40-groupManagement] INFO  storage.RaftStorage (RaftStorageImpl.java:format(97)) - Storage directory /home/runner/work/ozone/ozone/hadoop-ozone/integration-test/target/test-dir/MiniOzoneClusterImpl-e4d55aeb-da58-408a-87dd-e45f7ef8a31a/datanode-7/data/ratis/d1b107bd-1af9-4284-8482-f3a27b024772 has been successfully formatted.
2023-12-21 09:24:34,921 [b2354cd0-7648-4a6f-abf9-b9cf43c56f40-groupManagement] INFO  ratis.ContainerStateMachine (ContainerStateMachine.java:loadSnapshot(287)) - group-F3A27B024772: The snapshot info is null. Setting the last applied indexto:(t:0, i:~)
2023-12-21 09:24:34,921 [b2354cd0-7648-4a6f-abf9-b9cf43c56f40-groupManagement] INFO  server.RaftServerConfigKeys (ConfUtils.java:logGet(46)) - raft.server.log.use.memory = false (default)
2023-12-21 09:24:34,921 [b2354cd0-7648-4a6f-abf9-b9cf43c56f40-groupManagement] INFO  server.RaftServerConfigKeys (ConfUtils.java:logGet(46)) - raft.server.log.purge.gap = 1000000 (custom)
2023-12-21 09:24:34,921 [b2354cd0-7648-4a6f-abf9-b9cf43c56f40-groupManagement] INFO  server.RaftServerConfigKeys (ConfUtils.java:logGet(46)) - raft.server.log.appender.buffer.byte-limit = 8388608 (custom)
2023-12-21 09:24:34,921 [b2354cd0-7648-4a6f-abf9-b9cf43c56f40-groupManagement] INFO  server.RaftServerConfigKeys (ConfUtils.java:logGet(46)) - raft.server.log.statemachine.data.read.timeout = 1000ms (default)
2023-12-21 09:24:34,922 [b2354cd0-7648-4a6f-abf9-b9cf43c56f40-groupManagement] INFO  server.RaftServerConfigKeys (ConfUtils.java:logGet(46)) - raft.server.log.purge.preservation.log.num = 0 (default)
2023-12-21 09:24:34,922 [b2354cd0-7648-4a6f-abf9-b9cf43c56f40-groupManagement] INFO  server.RaftServerConfigKeys (ConfUtils.java:logGet(46)) - raft.server.log.segment.size.max = 67108864 (custom)
2023-12-21 09:24:34,923 [b2354cd0-7648-4a6f-abf9-b9cf43c56f40-groupManagement] INFO  server.RaftServerConfigKeys (ConfUtils.java:logGet(46)) - raft.server.log.segment.cache.num.max = 2 (custom)
2023-12-21 09:24:34,923 [b2354cd0-7648-4a6f-abf9-b9cf43c56f40-groupManagement] INFO  server.RaftServerConfigKeys (ConfUtils.java:logGet(46)) - raft.server.log.segment.cache.size.max = 200MB (=209715200) (default)
2023-12-21 09:24:34,923 [b2354cd0-7648-4a6f-abf9-b9cf43c56f40-groupManagement] INFO  server.RaftServerConfigKeys (ConfUtils.java:logGet(46)) - raft.server.log.appender.buffer.byte-limit = 8388608 (custom)
2023-12-21 09:24:34,923 [b2354cd0-7648-4a6f-abf9-b9cf43c56f40-groupManagement] INFO  util.AwaitToRun (AwaitToRun.java:start(81)) - Thread[b2354cd0-7648-4a6f-abf9-b9cf43c56f40@group-F3A27B024772-cacheEviction-AwaitToRun,5,main] started
2023-12-21 09:24:34,923 [b2354cd0-7648-4a6f-abf9-b9cf43c56f40-groupManagement] INFO  segmented.SegmentedRaftLogWorker (SegmentedRaftLogWorker.java:<init>(184)) - new b2354cd0-7648-4a6f-abf9-b9cf43c56f40@group-F3A27B024772-SegmentedRaftLogWorker for RaftStorageImpl:Storage Directory /home/runner/work/ozone/ozone/hadoop-ozone/integration-test/target/test-dir/MiniOzoneClusterImpl-e4d55aeb-da58-408a-87dd-e45f7ef8a31a/datanode-7/data/ratis/d1b107bd-1af9-4284-8482-f3a27b024772
2023-12-21 09:24:34,923 [b2354cd0-7648-4a6f-abf9-b9cf43c56f40-groupManagement] INFO  server.RaftServerConfigKeys (ConfUtils.java:logGet(46)) - raft.server.log.queue.byte-limit = 4294967296 (custom)
2023-12-21 09:24:34,923 [b2354cd0-7648-4a6f-abf9-b9cf43c56f40-groupManagement] INFO  server.RaftServerConfigKeys (ConfUtils.java:logGet(46)) - raft.server.log.queue.element-limit = 1024 (custom)
2023-12-21 09:24:34,923 [b2354cd0-7648-4a6f-abf9-b9cf43c56f40-groupManagement] INFO  server.RaftServerConfigKeys (ConfUtils.java:logGet(46)) - raft.server.log.segment.size.max = 67108864 (custom)
2023-12-21 09:24:34,923 [b2354cd0-7648-4a6f-abf9-b9cf43c56f40-groupManagement] INFO  server.RaftServerConfigKeys (ConfUtils.java:logGet(46)) - raft.server.log.preallocated.size = 4194304 (custom)
2023-12-21 09:24:34,923 [b2354cd0-7648-4a6f-abf9-b9cf43c56f40-groupManagement] INFO  server.RaftServerConfigKeys (ConfUtils.java:logGet(46)) - raft.server.log.force.sync.num = 128 (default)
2023-12-21 09:24:34,923 [b2354cd0-7648-4a6f-abf9-b9cf43c56f40-groupManagement] INFO  server.RaftServerConfigKeys (ConfUtils.java:logGet(46)) - raft.server.log.statemachine.data.sync = true (default)
2023-12-21 09:24:34,923 [b2354cd0-7648-4a6f-abf9-b9cf43c56f40-groupManagement] INFO  server.RaftServerConfigKeys (ConfUtils.java:logGet(46)) - raft.server.log.statemachine.data.sync.timeout = 10s (default)
2023-12-21 09:24:34,923 [b2354cd0-7648-4a6f-abf9-b9cf43c56f40-groupManagement] INFO  server.RaftServerConfigKeys (ConfUtils.java:logGet(46)) - raft.server.log.statemachine.data.sync.timeout.retry = 0 (custom)
2023-12-21 09:24:34,923 [b2354cd0-7648-4a6f-abf9-b9cf43c56f40-groupManagement] INFO  server.RaftServerConfigKeys (ConfUtils.java:logGet(46)) - raft.server.log.write.buffer.size = 8388616 (custom)
2023-12-21 09:24:34,925 [b2354cd0-7648-4a6f-abf9-b9cf43c56f40-groupManagement] INFO  server.RaftServerConfigKeys (ConfUtils.java:logGet(46)) - raft.server.log.appender.buffer.byte-limit = 8388608 (custom)
2023-12-21 09:24:34,925 [b2354cd0-7648-4a6f-abf9-b9cf43c56f40-groupManagement] INFO  server.RaftServerConfigKeys (ConfUtils.java:logGet(46)) - raft.server.log.unsafe-flush.enabled = false (default)
2023-12-21 09:24:34,925 [b2354cd0-7648-4a6f-abf9-b9cf43c56f40-groupManagement] INFO  server.RaftServerConfigKeys (ConfUtils.java:logGet(46)) - raft.server.log.async-flush.enabled = false (default)
2023-12-21 09:24:34,925 [b2354cd0-7648-4a6f-abf9-b9cf43c56f40-groupManagement] INFO  server.RaftServerConfigKeys (ConfUtils.java:logGet(46)) - raft.server.log.statemachine.data.caching.enabled = true (custom)
2023-12-21 09:24:34,925 [b2354cd0-7648-4a6f-abf9-b9cf43c56f40-groupManagement] INFO  segmented.SegmentedRaftLogWorker (SegmentedRaftLogWorker.java:lambda$new$0(135)) - b2354cd0-7648-4a6f-abf9-b9cf43c56f40@group-F3A27B024772-SegmentedRaftLogWorker: flushIndex: setUnconditionally 0 -> -1
2023-12-21 09:24:34,925 [b2354cd0-7648-4a6f-abf9-b9cf43c56f40-groupManagement] INFO  segmented.SegmentedRaftLogWorker (SegmentedRaftLogWorker.java:lambda$new$0(135)) - b2354cd0-7648-4a6f-abf9-b9cf43c56f40@group-F3A27B024772-SegmentedRaftLogWorker: safeCacheEvictIndex: setUnconditionally 0 -> -1
2023-12-21 09:24:34,926 [b2354cd0-7648-4a6f-abf9-b9cf43c56f40-groupManagement] INFO  server.RaftServer$Division (RaftServerImpl.java:start(392)) - b2354cd0-7648-4a6f-abf9-b9cf43c56f40@group-F3A27B024772: start as a follower, conf=-1: peers:[b2354cd0-7648-4a6f-abf9-b9cf43c56f40|10.1.0.5:15255, 4071302e-cf40-440c-a20f-829f10e9e05e|10.1.0.5:15246, 32aac600-864d-469c-bbc4-bdc2d2a366d8|10.1.0.5:15264]|listeners:[], old=null
2023-12-21 09:24:34,926 [b2354cd0-7648-4a6f-abf9-b9cf43c56f40-groupManagement] INFO  server.RaftServer$Division (RaftServerImpl.java:setRole(379)) - b2354cd0-7648-4a6f-abf9-b9cf43c56f40@group-F3A27B024772: changes role from      null to FOLLOWER at term 0 for startAsFollower
2023-12-21 09:24:34,926 [b2354cd0-7648-4a6f-abf9-b9cf43c56f40-groupManagement] INFO  impl.RoleInfo (RoleInfo.java:updateAndGet(139)) - b2354cd0-7648-4a6f-abf9-b9cf43c56f40: start b2354cd0-7648-4a6f-abf9-b9cf43c56f40@group-F3A27B024772-FollowerState
2023-12-21 09:24:34,926 [b2354cd0-7648-4a6f-abf9-b9cf43c56f40@group-F3A27B024772-FollowerState] INFO  server.RaftServerConfigKeys (ConfUtils.java:logFallback(53)) - raft.server.rpc.first-election.timeout.min = 5s (fallback to raft.server.rpc.timeout.min)
2023-12-21 09:24:34,926 [b2354cd0-7648-4a6f-abf9-b9cf43c56f40@group-F3A27B024772-FollowerState] INFO  server.RaftServerConfigKeys (ConfUtils.java:logFallback(53)) - raft.server.rpc.first-election.timeout.max = 5200ms (fallback to raft.server.rpc.timeout.max)
2023-12-21 09:24:34,926 [b2354cd0-7648-4a6f-abf9-b9cf43c56f40-groupManagement] INFO  util.JmxRegister (JmxRegister.java:tryRegister(44)) - Successfully registered JMX Bean with object name Ratis:service=RaftServer,group=group-F3A27B024772,id=b2354cd0-7648-4a6f-abf9-b9cf43c56f40
2023-12-21 09:24:34,926 [b2354cd0-7648-4a6f-abf9-b9cf43c56f40-groupManagement] INFO  server.RaftServerConfigKeys (ConfUtils.java:logGet(46)) - raft.server.snapshot.trigger-when-stop.enabled = true (default)
2023-12-21 09:24:34,926 [b2354cd0-7648-4a6f-abf9-b9cf43c56f40-groupManagement] INFO  server.RaftServerConfigKeys (ConfUtils.java:logGet(46)) - raft.server.snapshot.auto.trigger.enabled = true (custom)
2023-12-21 09:24:34,926 [b2354cd0-7648-4a6f-abf9-b9cf43c56f40-groupManagement] INFO  server.RaftServerConfigKeys (ConfUtils.java:logGet(46)) - raft.server.snapshot.auto.trigger.threshold = 10000 (custom)
2023-12-21 09:24:34,926 [b2354cd0-7648-4a6f-abf9-b9cf43c56f40-groupManagement] INFO  server.RaftServerConfigKeys (ConfUtils.java:logGet(46)) - raft.server.snapshot.retention.file.num = 5 (custom)
2023-12-21 09:24:34,926 [b2354cd0-7648-4a6f-abf9-b9cf43c56f40-groupManagement] INFO  server.RaftServerConfigKeys (ConfUtils.java:logGet(46)) - raft.server.log.purge.upto.snapshot.index = false (default)
2023-12-21 09:24:34,937 [grpc-default-executor-0] INFO  server.RaftServer (RaftServerProxy.java:addNew(100)) - 32aac600-864d-469c-bbc4-bdc2d2a366d8: addNew group-F3A27B024772:[b2354cd0-7648-4a6f-abf9-b9cf43c56f40|10.1.0.5:15255, 4071302e-cf40-440c-a20f-829f10e9e05e|10.1.0.5:15246, 32aac600-864d-469c-bbc4-bdc2d2a366d8|10.1.0.5:15264] returns group-F3A27B024772:java.util.concurrent.CompletableFuture@7016b286[Not completed]
2023-12-21 09:24:34,938 [32aac600-864d-469c-bbc4-bdc2d2a366d8-groupManagement] INFO  server.RaftServer$Division (RaftServerImpl.java:<init>(256)) - 32aac600-864d-469c-bbc4-bdc2d2a366d8: new RaftServerImpl for group-F3A27B024772:[b2354cd0-7648-4a6f-abf9-b9cf43c56f40|10.1.0.5:15255, 4071302e-cf40-440c-a20f-829f10e9e05e|10.1.0.5:15246, 32aac600-864d-469c-bbc4-bdc2d2a366d8|10.1.0.5:15264] with ContainerStateMachine:uninitialized
2023-12-21 09:24:34,938 [32aac600-864d-469c-bbc4-bdc2d2a366d8-groupManagement] INFO  server.RaftServerConfigKeys (ConfUtils.java:logGet(46)) - raft.server.rpc.timeout.min = 5s (custom)
2023-12-21 09:24:34,938 [32aac600-864d-469c-bbc4-bdc2d2a366d8-groupManagement] INFO  server.RaftServerConfigKeys (ConfUtils.java:logGet(46)) - raft.server.rpc.timeout.max = 5200ms (custom)
2023-12-21 09:24:34,938 [32aac600-864d-469c-bbc4-bdc2d2a366d8-groupManagement] INFO  server.RaftServerConfigKeys (ConfUtils.java:logGet(46)) - raft.server.rpc.sleep.time = 25ms (default)
2023-12-21 09:24:34,938 [32aac600-864d-469c-bbc4-bdc2d2a366d8-groupManagement] INFO  server.RaftServerConfigKeys (ConfUtils.java:logGet(46)) - raft.server.rpc.slowness.timeout = 300000ms (custom)
2023-12-21 09:24:34,938 [32aac600-864d-469c-bbc4-bdc2d2a366d8-groupManagement] INFO  server.RaftServerConfigKeys (ConfUtils.java:logGet(46)) - raft.server.leaderelection.leader.step-down.wait-time = 10s (default)
2023-12-21 09:24:34,938 [32aac600-864d-469c-bbc4-bdc2d2a366d8-groupManagement] INFO  server.RaftServerConfigKeys (ConfUtils.java:logGet(46)) - raft.server.leaderelection.member.majority-add = false (default)
2023-12-21 09:24:34,938 [32aac600-864d-469c-bbc4-bdc2d2a366d8-groupManagement] INFO  server.RaftServerConfigKeys (ConfUtils.java:logGet(46)) - raft.server.sleep.deviation.threshold = 300ms (default)
2023-12-21 09:24:34,938 [32aac600-864d-469c-bbc4-bdc2d2a366d8-groupManagement] INFO  server.RaftServer$Division (ServerState.java:<init>(113)) - 32aac600-864d-469c-bbc4-bdc2d2a366d8@group-F3A27B024772: ConfigurationManager, init=-1: peers:[b2354cd0-7648-4a6f-abf9-b9cf43c56f40|10.1.0.5:15255, 4071302e-cf40-440c-a20f-829f10e9e05e|10.1.0.5:15246, 32aac600-864d-469c-bbc4-bdc2d2a366d8|10.1.0.5:15264]|listeners:[], old=null, confs=<EMPTY_MAP>
2023-12-21 09:24:34,938 [32aac600-864d-469c-bbc4-bdc2d2a366d8-groupManagement] INFO  server.RaftServerConfigKeys (ConfUtils.java:logGet(46)) - raft.server.notification.no-leader.timeout = 300000ms (custom)
2023-12-21 09:24:34,938 [32aac600-864d-469c-bbc4-bdc2d2a366d8-groupManagement] INFO  server.RaftServerConfigKeys (ConfUtils.java:logGet(46)) - raft.server.read.timeout = 10s (default)
2023-12-21 09:24:34,939 [32aac600-864d-469c-bbc4-bdc2d2a366d8-groupManagement] INFO  server.RaftServerConfigKeys (ConfUtils.java:logGet(46)) - raft.server.retrycache.expirytime = 600000ms (custom)
2023-12-21 09:24:34,939 [32aac600-864d-469c-bbc4-bdc2d2a366d8-groupManagement] INFO  server.RaftServerConfigKeys (ConfUtils.java:logGet(46)) - raft.server.retrycache.statistics.expirytime = 100ms (default)
2023-12-21 09:24:34,939 [32aac600-864d-469c-bbc4-bdc2d2a366d8-groupManagement] INFO  server.RaftServerConfigKeys (ConfUtils.java:logGet(46)) - raft.server.read.option = DEFAULT (default)
2023-12-21 09:24:34,939 [32aac600-864d-469c-bbc4-bdc2d2a366d8-groupManagement] INFO  server.RaftServerConfigKeys (ConfUtils.java:logGet(46)) - raft.server.read.read-after-write-consistent.write-index-cache.expiry-time = 60s (default)
2023-12-21 09:24:34,940 [32aac600-864d-469c-bbc4-bdc2d2a366d8-groupManagement] INFO  server.RaftServerConfigKeys (ConfUtils.java:logGet(46)) - raft.server.rpc.request.timeout = 3000ms (default)
2023-12-21 09:24:34,940 [32aac600-864d-469c-bbc4-bdc2d2a366d8-groupManagement] INFO  server.RaftServerConfigKeys (ConfUtils.java:logGet(46)) - raft.server.log.appender.install.snapshot.enabled = false (custom)
2023-12-21 09:24:34,940 [32aac600-864d-469c-bbc4-bdc2d2a366d8-groupManagement] INFO  server.RaftServerConfigKeys (ConfUtils.java:logGet(46)) - raft.server.threadpool.server.cached = true (default)
2023-12-21 09:24:34,940 [32aac600-864d-469c-bbc4-bdc2d2a366d8-groupManagement] INFO  server.RaftServerConfigKeys (ConfUtils.java:logGet(46)) - raft.server.threadpool.server.size = 0 (default)
2023-12-21 09:24:34,941 [32aac600-864d-469c-bbc4-bdc2d2a366d8-groupManagement] INFO  server.RaftServerConfigKeys (ConfUtils.java:logGet(46)) - raft.server.threadpool.client.cached = true (default)
2023-12-21 09:24:34,941 [32aac600-864d-469c-bbc4-bdc2d2a366d8-groupManagement] INFO  server.RaftServerConfigKeys (ConfUtils.java:logGet(46)) - raft.server.threadpool.client.size = 0 (default)
2023-12-21 09:24:34,941 [32aac600-864d-469c-bbc4-bdc2d2a366d8-groupManagement] INFO  server.RaftServerConfigKeys (ConfUtils.java:logGet(46)) - raft.server.storage.free-space.min = 0MB (=0) (default)
2023-12-21 09:24:34,941 [32aac600-864d-469c-bbc4-bdc2d2a366d8-groupManagement] INFO  server.RaftServerConfigKeys (ConfUtils.java:logGet(46)) - raft.server.log.corruption.policy = EXCEPTION (default)
2023-12-21 09:24:34,941 [32aac600-864d-469c-bbc4-bdc2d2a366d8-groupManagement] INFO  server.RaftServerConfigKeys (ConfUtils.java:logGet(46)) - raft.server.storage.dir = [/home/runner/work/ozone/ozone/hadoop-ozone/integration-test/target/test-dir/MiniOzoneClusterImpl-e4d55aeb-da58-408a-87dd-e45f7ef8a31a/datanode-8/data/ratis] (custom)
2023-12-21 09:24:34,941 [32aac600-864d-469c-bbc4-bdc2d2a366d8-groupManagement] INFO  storage.RaftStorageDirectory (RaftStorageDirectoryImpl.java:analyzeStorage(138)) - The storage directory /home/runner/work/ozone/ozone/hadoop-ozone/integration-test/target/test-dir/MiniOzoneClusterImpl-e4d55aeb-da58-408a-87dd-e45f7ef8a31a/datanode-8/data/ratis/d1b107bd-1af9-4284-8482-f3a27b024772 does not exist. Creating ...
2023-12-21 09:24:34,942 [32aac600-864d-469c-bbc4-bdc2d2a366d8-groupManagement] INFO  storage.RaftStorageDirectory (RaftStorageDirectoryImpl.java:tryLock(232)) - Lock on /home/runner/work/ozone/ozone/hadoop-ozone/integration-test/target/test-dir/MiniOzoneClusterImpl-e4d55aeb-da58-408a-87dd-e45f7ef8a31a/datanode-8/data/ratis/d1b107bd-1af9-4284-8482-f3a27b024772/in_use.lock acquired by nodename 85023@fv-az1023-676
2023-12-21 09:24:34,943 [32aac600-864d-469c-bbc4-bdc2d2a366d8-groupManagement] INFO  storage.RaftStorage (RaftStorageImpl.java:format(97)) - Storage directory /home/runner/work/ozone/ozone/hadoop-ozone/integration-test/target/test-dir/MiniOzoneClusterImpl-e4d55aeb-da58-408a-87dd-e45f7ef8a31a/datanode-8/data/ratis/d1b107bd-1af9-4284-8482-f3a27b024772 has been successfully formatted.
2023-12-21 09:24:34,944 [32aac600-864d-469c-bbc4-bdc2d2a366d8-groupManagement] INFO  ratis.ContainerStateMachine (ContainerStateMachine.java:loadSnapshot(287)) - group-F3A27B024772: The snapshot info is null. Setting the last applied indexto:(t:0, i:~)
2023-12-21 09:24:34,944 [32aac600-864d-469c-bbc4-bdc2d2a366d8-groupManagement] INFO  server.RaftServerConfigKeys (ConfUtils.java:logGet(46)) - raft.server.log.use.memory = false (default)
2023-12-21 09:24:34,945 [32aac600-864d-469c-bbc4-bdc2d2a366d8-groupManagement] INFO  server.RaftServerConfigKeys (ConfUtils.java:logGet(46)) - raft.server.log.purge.gap = 1000000 (custom)
2023-12-21 09:24:34,945 [32aac600-864d-469c-bbc4-bdc2d2a366d8-groupManagement] INFO  server.RaftServerConfigKeys (ConfUtils.java:logGet(46)) - raft.server.log.appender.buffer.byte-limit = 8388608 (custom)
2023-12-21 09:24:34,945 [32aac600-864d-469c-bbc4-bdc2d2a366d8-groupManagement] INFO  server.RaftServerConfigKeys (ConfUtils.java:logGet(46)) - raft.server.log.statemachine.data.read.timeout = 1000ms (default)
2023-12-21 09:24:34,945 [32aac600-864d-469c-bbc4-bdc2d2a366d8-groupManagement] INFO  server.RaftServerConfigKeys (ConfUtils.java:logGet(46)) - raft.server.log.purge.preservation.log.num = 0 (default)
2023-12-21 09:24:34,947 [32aac600-864d-469c-bbc4-bdc2d2a366d8-groupManagement] INFO  server.RaftServerConfigKeys (ConfUtils.java:logGet(46)) - raft.server.log.segment.size.max = 67108864 (custom)
2023-12-21 09:24:34,947 [32aac600-864d-469c-bbc4-bdc2d2a366d8-groupManagement] INFO  server.RaftServerConfigKeys (ConfUtils.java:logGet(46)) - raft.server.log.segment.cache.num.max = 2 (custom)
2023-12-21 09:24:34,947 [32aac600-864d-469c-bbc4-bdc2d2a366d8-groupManagement] INFO  server.RaftServerConfigKeys (ConfUtils.java:logGet(46)) - raft.server.log.segment.cache.size.max = 200MB (=209715200) (default)
2023-12-21 09:24:34,947 [32aac600-864d-469c-bbc4-bdc2d2a366d8-groupManagement] INFO  server.RaftServerConfigKeys (ConfUtils.java:logGet(46)) - raft.server.log.appender.buffer.byte-limit = 8388608 (custom)
2023-12-21 09:24:34,947 [32aac600-864d-469c-bbc4-bdc2d2a366d8-groupManagement] INFO  util.AwaitToRun (AwaitToRun.java:start(81)) - Thread[32aac600-864d-469c-bbc4-bdc2d2a366d8@group-F3A27B024772-cacheEviction-AwaitToRun,5,main] started
2023-12-21 09:24:34,947 [32aac600-864d-469c-bbc4-bdc2d2a366d8-groupManagement] INFO  segmented.SegmentedRaftLogWorker (SegmentedRaftLogWorker.java:<init>(184)) - new 32aac600-864d-469c-bbc4-bdc2d2a366d8@group-F3A27B024772-SegmentedRaftLogWorker for RaftStorageImpl:Storage Directory /home/runner/work/ozone/ozone/hadoop-ozone/integration-test/target/test-dir/MiniOzoneClusterImpl-e4d55aeb-da58-408a-87dd-e45f7ef8a31a/datanode-8/data/ratis/d1b107bd-1af9-4284-8482-f3a27b024772
2023-12-21 09:24:34,947 [32aac600-864d-469c-bbc4-bdc2d2a366d8-groupManagement] INFO  server.RaftServerConfigKeys (ConfUtils.java:logGet(46)) - raft.server.log.queue.byte-limit = 4294967296 (custom)
2023-12-21 09:24:34,947 [32aac600-864d-469c-bbc4-bdc2d2a366d8-groupManagement] INFO  server.RaftServerConfigKeys (ConfUtils.java:logGet(46)) - raft.server.log.queue.element-limit = 1024 (custom)
2023-12-21 09:24:34,948 [32aac600-864d-469c-bbc4-bdc2d2a366d8-groupManagement] INFO  server.RaftServerConfigKeys (ConfUtils.java:logGet(46)) - raft.server.log.segment.size.max = 67108864 (custom)
2023-12-21 09:24:34,948 [32aac600-864d-469c-bbc4-bdc2d2a366d8-groupManagement] INFO  server.RaftServerConfigKeys (ConfUtils.java:logGet(46)) - raft.server.log.preallocated.size = 4194304 (custom)
2023-12-21 09:24:34,948 [32aac600-864d-469c-bbc4-bdc2d2a366d8-groupManagement] INFO  server.RaftServerConfigKeys (ConfUtils.java:logGet(46)) - raft.server.log.force.sync.num = 128 (default)
2023-12-21 09:24:34,948 [32aac600-864d-469c-bbc4-bdc2d2a366d8-groupManagement] INFO  server.RaftServerConfigKeys (ConfUtils.java:logGet(46)) - raft.server.log.statemachine.data.sync = true (default)
2023-12-21 09:24:34,948 [32aac600-864d-469c-bbc4-bdc2d2a366d8-groupManagement] INFO  server.RaftServerConfigKeys (ConfUtils.java:logGet(46)) - raft.server.log.statemachine.data.sync.timeout = 10s (default)
2023-12-21 09:24:34,948 [32aac600-864d-469c-bbc4-bdc2d2a366d8-groupManagement] INFO  server.RaftServerConfigKeys (ConfUtils.java:logGet(46)) - raft.server.log.statemachine.data.sync.timeout.retry = 0 (custom)
2023-12-21 09:24:34,948 [32aac600-864d-469c-bbc4-bdc2d2a366d8-groupManagement] INFO  server.RaftServerConfigKeys (ConfUtils.java:logGet(46)) - raft.server.log.write.buffer.size = 8388616 (custom)
2023-12-21 09:24:34,950 [32aac600-864d-469c-bbc4-bdc2d2a366d8-groupManagement] INFO  server.RaftServerConfigKeys (ConfUtils.java:logGet(46)) - raft.server.log.appender.buffer.byte-limit = 8388608 (custom)
2023-12-21 09:24:34,950 [32aac600-864d-469c-bbc4-bdc2d2a366d8-groupManagement] INFO  server.RaftServerConfigKeys (ConfUtils.java:logGet(46)) - raft.server.log.unsafe-flush.enabled = false (default)
2023-12-21 09:24:34,951 [32aac600-864d-469c-bbc4-bdc2d2a366d8-groupManagement] INFO  server.RaftServerConfigKeys (ConfUtils.java:logGet(46)) - raft.server.log.async-flush.enabled = false (default)
2023-12-21 09:24:34,951 [32aac600-864d-469c-bbc4-bdc2d2a366d8-groupManagement] INFO  server.RaftServerConfigKeys (ConfUtils.java:logGet(46)) - raft.server.log.statemachine.data.caching.enabled = true (custom)
2023-12-21 09:24:34,951 [32aac600-864d-469c-bbc4-bdc2d2a366d8-groupManagement] INFO  segmented.SegmentedRaftLogWorker (SegmentedRaftLogWorker.java:lambda$new$0(135)) - 32aac600-864d-469c-bbc4-bdc2d2a366d8@group-F3A27B024772-SegmentedRaftLogWorker: flushIndex: setUnconditionally 0 -> -1
2023-12-21 09:24:34,951 [32aac600-864d-469c-bbc4-bdc2d2a366d8-groupManagement] INFO  segmented.SegmentedRaftLogWorker (SegmentedRaftLogWorker.java:lambda$new$0(135)) - 32aac600-864d-469c-bbc4-bdc2d2a366d8@group-F3A27B024772-SegmentedRaftLogWorker: safeCacheEvictIndex: setUnconditionally 0 -> -1
2023-12-21 09:24:34,951 [32aac600-864d-469c-bbc4-bdc2d2a366d8-groupManagement] INFO  server.RaftServer$Division (RaftServerImpl.java:start(392)) - 32aac600-864d-469c-bbc4-bdc2d2a366d8@group-F3A27B024772: start as a follower, conf=-1: peers:[b2354cd0-7648-4a6f-abf9-b9cf43c56f40|10.1.0.5:15255, 4071302e-cf40-440c-a20f-829f10e9e05e|10.1.0.5:15246, 32aac600-864d-469c-bbc4-bdc2d2a366d8|10.1.0.5:15264]|listeners:[], old=null
2023-12-21 09:24:34,951 [32aac600-864d-469c-bbc4-bdc2d2a366d8-groupManagement] INFO  server.RaftServer$Division (RaftServerImpl.java:setRole(379)) - 32aac600-864d-469c-bbc4-bdc2d2a366d8@group-F3A27B024772: changes role from      null to FOLLOWER at term 0 for startAsFollower
2023-12-21 09:24:34,951 [32aac600-864d-469c-bbc4-bdc2d2a366d8-groupManagement] INFO  impl.RoleInfo (RoleInfo.java:updateAndGet(139)) - 32aac600-864d-469c-bbc4-bdc2d2a366d8: start 32aac600-864d-469c-bbc4-bdc2d2a366d8@group-F3A27B024772-FollowerState
2023-12-21 09:24:34,951 [32aac600-864d-469c-bbc4-bdc2d2a366d8@group-F3A27B024772-FollowerState] INFO  server.RaftServerConfigKeys (ConfUtils.java:logFallback(53)) - raft.server.rpc.first-election.timeout.min = 5s (fallback to raft.server.rpc.timeout.min)
2023-12-21 09:24:34,952 [32aac600-864d-469c-bbc4-bdc2d2a366d8-groupManagement] INFO  util.JmxRegister (JmxRegister.java:tryRegister(44)) - Successfully registered JMX Bean with object name Ratis:service=RaftServer,group=group-F3A27B024772,id=32aac600-864d-469c-bbc4-bdc2d2a366d8
2023-12-21 09:24:34,952 [32aac600-864d-469c-bbc4-bdc2d2a366d8@group-F3A27B024772-FollowerState] INFO  server.RaftServerConfigKeys (ConfUtils.java:logFallback(53)) - raft.server.rpc.first-election.timeout.max = 5200ms (fallback to raft.server.rpc.timeout.max)
2023-12-21 09:24:34,952 [32aac600-864d-469c-bbc4-bdc2d2a366d8-groupManagement] INFO  server.RaftServerConfigKeys (ConfUtils.java:logGet(46)) - raft.server.snapshot.trigger-when-stop.enabled = true (default)
2023-12-21 09:24:34,952 [32aac600-864d-469c-bbc4-bdc2d2a366d8-groupManagement] INFO  server.RaftServerConfigKeys (ConfUtils.java:logGet(46)) - raft.server.snapshot.auto.trigger.enabled = true (custom)
2023-12-21 09:24:34,952 [32aac600-864d-469c-bbc4-bdc2d2a366d8-groupManagement] INFO  server.RaftServerConfigKeys (ConfUtils.java:logGet(46)) - raft.server.snapshot.auto.trigger.threshold = 10000 (custom)
2023-12-21 09:24:34,952 [32aac600-864d-469c-bbc4-bdc2d2a366d8-groupManagement] INFO  server.RaftServerConfigKeys (ConfUtils.java:logGet(46)) - raft.server.snapshot.retention.file.num = 5 (custom)
2023-12-21 09:24:34,952 [32aac600-864d-469c-bbc4-bdc2d2a366d8-groupManagement] INFO  server.RaftServerConfigKeys (ConfUtils.java:logGet(46)) - raft.server.log.purge.upto.snapshot.index = false (default)
2023-12-21 09:24:34,956 [4071302e-cf40-440c-a20f-829f10e9e05e-PipelineCommandHandlerThread-0] INFO  commandhandler.CreatePipelineCommandHandler (CreatePipelineCommandHandler.java:lambda$handle$2(124)) - Created Pipeline RATIS THREE PipelineID=d1b107bd-1af9-4284-8482-f3a27b024772.
2023-12-21 09:24:34,963 [b2354cd0-7648-4a6f-abf9-b9cf43c56f40-PipelineCommandHandlerThread-0] INFO  server.RaftServer (RaftServerProxy.java:addNew(100)) - b2354cd0-7648-4a6f-abf9-b9cf43c56f40: addNew group-1A72E0252880:[b2354cd0-7648-4a6f-abf9-b9cf43c56f40|10.1.0.5:15255] returns group-1A72E0252880:java.util.concurrent.CompletableFuture@5f862753[Not completed]
2023-12-21 09:24:34,964 [b2354cd0-7648-4a6f-abf9-b9cf43c56f40-groupManagement] INFO  server.RaftServer$Division (RaftServerImpl.java:<init>(256)) - b2354cd0-7648-4a6f-abf9-b9cf43c56f40: new RaftServerImpl for group-1A72E0252880:[b2354cd0-7648-4a6f-abf9-b9cf43c56f40|10.1.0.5:15255] with ContainerStateMachine:uninitialized
2023-12-21 09:24:34,964 [b2354cd0-7648-4a6f-abf9-b9cf43c56f40-groupManagement] INFO  server.RaftServerConfigKeys (ConfUtils.java:logGet(46)) - raft.server.rpc.timeout.min = 5s (custom)
2023-12-21 09:24:34,964 [b2354cd0-7648-4a6f-abf9-b9cf43c56f40-groupManagement] INFO  server.RaftServerConfigKeys (ConfUtils.java:logGet(46)) - raft.server.rpc.timeout.max = 5200ms (custom)
2023-12-21 09:24:34,964 [b2354cd0-7648-4a6f-abf9-b9cf43c56f40-groupManagement] INFO  server.RaftServerConfigKeys (ConfUtils.java:logGet(46)) - raft.server.rpc.sleep.time = 25ms (default)
2023-12-21 09:24:34,964 [b2354cd0-7648-4a6f-abf9-b9cf43c56f40-groupManagement] INFO  server.RaftServerConfigKeys (ConfUtils.java:logGet(46)) - raft.server.rpc.slowness.timeout = 300000ms (custom)
2023-12-21 09:24:34,964 [b2354cd0-7648-4a6f-abf9-b9cf43c56f40-groupManagement] INFO  server.RaftServerConfigKeys (ConfUtils.java:logGet(46)) - raft.server.leaderelection.leader.step-down.wait-time = 10s (default)
2023-12-21 09:24:34,964 [b2354cd0-7648-4a6f-abf9-b9cf43c56f40-groupManagement] INFO  server.RaftServerConfigKeys (ConfUtils.java:logGet(46)) - raft.server.leaderelection.member.majority-add = false (default)
2023-12-21 09:24:34,964 [b2354cd0-7648-4a6f-abf9-b9cf43c56f40-groupManagement] INFO  server.RaftServerConfigKeys (ConfUtils.java:logGet(46)) - raft.server.sleep.deviation.threshold = 300ms (default)
2023-12-21 09:24:34,964 [b2354cd0-7648-4a6f-abf9-b9cf43c56f40-groupManagement] INFO  server.RaftServer$Division (ServerState.java:<init>(113)) - b2354cd0-7648-4a6f-abf9-b9cf43c56f40@group-1A72E0252880: ConfigurationManager, init=-1: peers:[b2354cd0-7648-4a6f-abf9-b9cf43c56f40|10.1.0.5:15255]|listeners:[], old=null, confs=<EMPTY_MAP>
2023-12-21 09:24:34,964 [b2354cd0-7648-4a6f-abf9-b9cf43c56f40-groupManagement] INFO  server.RaftServerConfigKeys (ConfUtils.java:logGet(46)) - raft.server.notification.no-leader.timeout = 300000ms (custom)
2023-12-21 09:24:34,964 [b2354cd0-7648-4a6f-abf9-b9cf43c56f40-groupManagement] INFO  server.RaftServerConfigKeys (ConfUtils.java:logGet(46)) - raft.server.read.timeout = 10s (default)
2023-12-21 09:24:34,964 [b2354cd0-7648-4a6f-abf9-b9cf43c56f40-groupManagement] INFO  server.RaftServerConfigKeys (ConfUtils.java:logGet(46)) - raft.server.retrycache.expirytime = 600000ms (custom)
2023-12-21 09:24:34,964 [b2354cd0-7648-4a6f-abf9-b9cf43c56f40-groupManagement] INFO  server.RaftServerConfigKeys (ConfUtils.java:logGet(46)) - raft.server.retrycache.statistics.expirytime = 100ms (default)
2023-12-21 09:24:34,965 [b2354cd0-7648-4a6f-abf9-b9cf43c56f40-groupManagement] INFO  server.RaftServerConfigKeys (ConfUtils.java:logGet(46)) - raft.server.read.option = DEFAULT (default)
2023-12-21 09:24:34,965 [b2354cd0-7648-4a6f-abf9-b9cf43c56f40-groupManagement] INFO  server.RaftServerConfigKeys (ConfUtils.java:logGet(46)) - raft.server.read.read-after-write-consistent.write-index-cache.expiry-time = 60s (default)
2023-12-21 09:24:34,966 [b2354cd0-7648-4a6f-abf9-b9cf43c56f40-groupManagement] INFO  server.RaftServerConfigKeys (ConfUtils.java:logGet(46)) - raft.server.rpc.request.timeout = 3000ms (default)
2023-12-21 09:24:34,966 [b2354cd0-7648-4a6f-abf9-b9cf43c56f40-groupManagement] INFO  server.RaftServerConfigKeys (ConfUtils.java:logGet(46)) - raft.server.log.appender.install.snapshot.enabled = false (custom)
2023-12-21 09:24:34,966 [b2354cd0-7648-4a6f-abf9-b9cf43c56f40-groupManagement] INFO  server.RaftServerConfigKeys (ConfUtils.java:logGet(46)) - raft.server.threadpool.server.cached = true (default)
2023-12-21 09:24:34,966 [b2354cd0-7648-4a6f-abf9-b9cf43c56f40-groupManagement] INFO  server.RaftServerConfigKeys (ConfUtils.java:logGet(46)) - raft.server.threadpool.server.size = 0 (default)
2023-12-21 09:24:34,966 [b2354cd0-7648-4a6f-abf9-b9cf43c56f40-groupManagement] INFO  server.RaftServerConfigKeys (ConfUtils.java:logGet(46)) - raft.server.threadpool.client.cached = true (default)
2023-12-21 09:24:34,966 [b2354cd0-7648-4a6f-abf9-b9cf43c56f40-groupManagement] INFO  server.RaftServerConfigKeys (ConfUtils.java:logGet(46)) - raft.server.threadpool.client.size = 0 (default)
2023-12-21 09:24:34,966 [b2354cd0-7648-4a6f-abf9-b9cf43c56f40-groupManagement] INFO  server.RaftServerConfigKeys (ConfUtils.java:logGet(46)) - raft.server.storage.free-space.min = 0MB (=0) (default)
2023-12-21 09:24:34,966 [b2354cd0-7648-4a6f-abf9-b9cf43c56f40-groupManagement] INFO  server.RaftServerConfigKeys (ConfUtils.java:logGet(46)) - raft.server.log.corruption.policy = EXCEPTION (default)
2023-12-21 09:24:34,967 [b2354cd0-7648-4a6f-abf9-b9cf43c56f40-groupManagement] INFO  server.RaftServerConfigKeys (ConfUtils.java:logGet(46)) - raft.server.storage.dir = [/home/runner/work/ozone/ozone/hadoop-ozone/integration-test/target/test-dir/MiniOzoneClusterImpl-e4d55aeb-da58-408a-87dd-e45f7ef8a31a/datanode-7/data/ratis] (custom)
2023-12-21 09:24:34,967 [b2354cd0-7648-4a6f-abf9-b9cf43c56f40-groupManagement] INFO  storage.RaftStorageDirectory (RaftStorageDirectoryImpl.java:analyzeStorage(138)) - The storage directory /home/runner/work/ozone/ozone/hadoop-ozone/integration-test/target/test-dir/MiniOzoneClusterImpl-e4d55aeb-da58-408a-87dd-e45f7ef8a31a/datanode-7/data/ratis/eb0ac5ca-7eb3-43e3-9459-1a72e0252880 does not exist. Creating ...
2023-12-21 09:24:34,967 [b2354cd0-7648-4a6f-abf9-b9cf43c56f40-groupManagement] INFO  storage.RaftStorageDirectory (RaftStorageDirectoryImpl.java:tryLock(232)) - Lock on /home/runner/work/ozone/ozone/hadoop-ozone/integration-test/target/test-dir/MiniOzoneClusterImpl-e4d55aeb-da58-408a-87dd-e45f7ef8a31a/datanode-7/data/ratis/eb0ac5ca-7eb3-43e3-9459-1a72e0252880/in_use.lock acquired by nodename 85023@fv-az1023-676
2023-12-21 09:24:34,969 [b2354cd0-7648-4a6f-abf9-b9cf43c56f40-groupManagement] INFO  storage.RaftStorage (RaftStorageImpl.java:format(97)) - Storage directory /home/runner/work/ozone/ozone/hadoop-ozone/integration-test/target/test-dir/MiniOzoneClusterImpl-e4d55aeb-da58-408a-87dd-e45f7ef8a31a/datanode-7/data/ratis/eb0ac5ca-7eb3-43e3-9459-1a72e0252880 has been successfully formatted.
2023-12-21 09:24:34,969 [b2354cd0-7648-4a6f-abf9-b9cf43c56f40-groupManagement] INFO  ratis.ContainerStateMachine (ContainerStateMachine.java:loadSnapshot(287)) - group-1A72E0252880: The snapshot info is null. Setting the last applied indexto:(t:0, i:~)
2023-12-21 09:24:34,969 [b2354cd0-7648-4a6f-abf9-b9cf43c56f40-groupManagement] INFO  server.RaftServerConfigKeys (ConfUtils.java:logGet(46)) - raft.server.log.use.memory = false (default)
2023-12-21 09:24:34,969 [b2354cd0-7648-4a6f-abf9-b9cf43c56f40-groupManagement] INFO  server.RaftServerConfigKeys (ConfUtils.java:logGet(46)) - raft.server.log.purge.gap = 1000000 (custom)
2023-12-21 09:24:34,969 [b2354cd0-7648-4a6f-abf9-b9cf43c56f40-groupManagement] INFO  server.RaftServerConfigKeys (ConfUtils.java:logGet(46)) - raft.server.log.appender.buffer.byte-limit = 8388608 (custom)
2023-12-21 09:24:34,969 [b2354cd0-7648-4a6f-abf9-b9cf43c56f40-groupManagement] INFO  server.RaftServerConfigKeys (ConfUtils.java:logGet(46)) - raft.server.log.statemachine.data.read.timeout = 1000ms (default)
2023-12-21 09:24:34,969 [b2354cd0-7648-4a6f-abf9-b9cf43c56f40-groupManagement] INFO  server.RaftServerConfigKeys (ConfUtils.java:logGet(46)) - raft.server.log.purge.preservation.log.num = 0 (default)
2023-12-21 09:24:34,970 [EventQueue-PipelineReportForPipelineReportHandler] INFO  pipeline.PipelineReportHandler (PipelineReportHandler.java:processPipelineReport(136)) - Opened pipeline PipelineID=eb0ac5ca-7eb3-43e3-9459-1a72e0252880
2023-12-21 09:24:34,970 [EventQueue-OpenPipelineForHealthyPipelineSafeModeRule] INFO  safemode.SCMSafeModeManager (HealthyPipelineSafeModeRule.java:process(140)) - SCM in safe mode. Healthy pipelines reported count is 0, required healthy pipeline reported count is 1
2023-12-21 09:24:34,971 [b2354cd0-7648-4a6f-abf9-b9cf43c56f40-groupManagement] INFO  server.RaftServerConfigKeys (ConfUtils.java:logGet(46)) - raft.server.log.segment.size.max = 67108864 (custom)
2023-12-21 09:24:34,971 [b2354cd0-7648-4a6f-abf9-b9cf43c56f40-groupManagement] INFO  server.RaftServerConfigKeys (ConfUtils.java:logGet(46)) - raft.server.log.segment.cache.num.max = 2 (custom)
2023-12-21 09:24:34,971 [b2354cd0-7648-4a6f-abf9-b9cf43c56f40-groupManagement] INFO  server.RaftServerConfigKeys (ConfUtils.java:logGet(46)) - raft.server.log.segment.cache.size.max = 200MB (=209715200) (default)
2023-12-21 09:24:34,971 [b2354cd0-7648-4a6f-abf9-b9cf43c56f40-groupManagement] INFO  server.RaftServerConfigKeys (ConfUtils.java:logGet(46)) - raft.server.log.appender.buffer.byte-limit = 8388608 (custom)
2023-12-21 09:24:34,971 [b2354cd0-7648-4a6f-abf9-b9cf43c56f40-groupManagement] INFO  util.AwaitToRun (AwaitToRun.java:start(81)) - Thread[b2354cd0-7648-4a6f-abf9-b9cf43c56f40@group-1A72E0252880-cacheEviction-AwaitToRun,5,main] started
2023-12-21 09:24:34,971 [b2354cd0-7648-4a6f-abf9-b9cf43c56f40-groupManagement] INFO  segmented.SegmentedRaftLogWorker (SegmentedRaftLogWorker.java:<init>(184)) - new b2354cd0-7648-4a6f-abf9-b9cf43c56f40@group-1A72E0252880-SegmentedRaftLogWorker for RaftStorageImpl:Storage Directory /home/runner/work/ozone/ozone/hadoop-ozone/integration-test/target/test-dir/MiniOzoneClusterImpl-e4d55aeb-da58-408a-87dd-e45f7ef8a31a/datanode-7/data/ratis/eb0ac5ca-7eb3-43e3-9459-1a72e0252880
2023-12-21 09:24:34,972 [b2354cd0-7648-4a6f-abf9-b9cf43c56f40-groupManagement] INFO  server.RaftServerConfigKeys (ConfUtils.java:logGet(46)) - raft.server.log.queue.byte-limit = 4294967296 (custom)
2023-12-21 09:24:34,972 [b2354cd0-7648-4a6f-abf9-b9cf43c56f40-groupManagement] INFO  server.RaftServerConfigKeys (ConfUtils.java:logGet(46)) - raft.server.log.queue.element-limit = 1024 (custom)
2023-12-21 09:24:34,972 [b2354cd0-7648-4a6f-abf9-b9cf43c56f40-groupManagement] INFO  server.RaftServerConfigKeys (ConfUtils.java:logGet(46)) - raft.server.log.segment.size.max = 67108864 (custom)
2023-12-21 09:24:34,972 [b2354cd0-7648-4a6f-abf9-b9cf43c56f40-groupManagement] INFO  server.RaftServerConfigKeys (ConfUtils.java:logGet(46)) - raft.server.log.preallocated.size = 4194304 (custom)
2023-12-21 09:24:34,972 [b2354cd0-7648-4a6f-abf9-b9cf43c56f40-groupManagement] INFO  server.RaftServerConfigKeys (ConfUtils.java:logGet(46)) - raft.server.log.force.sync.num = 128 (default)
2023-12-21 09:24:34,972 [b2354cd0-7648-4a6f-abf9-b9cf43c56f40-groupManagement] INFO  server.RaftServerConfigKeys (ConfUtils.java:logGet(46)) - raft.server.log.statemachine.data.sync = true (default)
2023-12-21 09:24:34,972 [b2354cd0-7648-4a6f-abf9-b9cf43c56f40-groupManagement] INFO  server.RaftServerConfigKeys (ConfUtils.java:logGet(46)) - raft.server.log.statemachine.data.sync.timeout = 10s (default)
2023-12-21 09:24:34,972 [b2354cd0-7648-4a6f-abf9-b9cf43c56f40-groupManagement] INFO  server.RaftServerConfigKeys (ConfUtils.java:logGet(46)) - raft.server.log.statemachine.data.sync.timeout.retry = 0 (custom)
2023-12-21 09:24:34,972 [b2354cd0-7648-4a6f-abf9-b9cf43c56f40-groupManagement] INFO  server.RaftServerConfigKeys (ConfUtils.java:logGet(46)) - raft.server.log.write.buffer.size = 8388616 (custom)
2023-12-21 09:24:34,973 [b2354cd0-7648-4a6f-abf9-b9cf43c56f40-groupManagement] INFO  server.RaftServerConfigKeys (ConfUtils.java:logGet(46)) - raft.server.log.appender.buffer.byte-limit = 8388608 (custom)
2023-12-21 09:24:34,974 [b2354cd0-7648-4a6f-abf9-b9cf43c56f40-groupManagement] INFO  server.RaftServerConfigKeys (ConfUtils.java:logGet(46)) - raft.server.log.unsafe-flush.enabled = false (default)
2023-12-21 09:24:34,974 [b2354cd0-7648-4a6f-abf9-b9cf43c56f40-groupManagement] INFO  server.RaftServerConfigKeys (ConfUtils.java:logGet(46)) - raft.server.log.async-flush.enabled = false (default)
2023-12-21 09:24:34,974 [b2354cd0-7648-4a6f-abf9-b9cf43c56f40-groupManagement] INFO  server.RaftServerConfigKeys (ConfUtils.java:logGet(46)) - raft.server.log.statemachine.data.caching.enabled = true (custom)
2023-12-21 09:24:34,974 [b2354cd0-7648-4a6f-abf9-b9cf43c56f40-groupManagement] INFO  segmented.SegmentedRaftLogWorker (SegmentedRaftLogWorker.java:lambda$new$0(135)) - b2354cd0-7648-4a6f-abf9-b9cf43c56f40@group-1A72E0252880-SegmentedRaftLogWorker: flushIndex: setUnconditionally 0 -> -1
2023-12-21 09:24:34,974 [b2354cd0-7648-4a6f-abf9-b9cf43c56f40-groupManagement] INFO  segmented.SegmentedRaftLogWorker (SegmentedRaftLogWorker.java:lambda$new$0(135)) - b2354cd0-7648-4a6f-abf9-b9cf43c56f40@group-1A72E0252880-SegmentedRaftLogWorker: safeCacheEvictIndex: setUnconditionally 0 -> -1
2023-12-21 09:24:34,974 [b2354cd0-7648-4a6f-abf9-b9cf43c56f40-groupManagement] INFO  server.RaftServer$Division (RaftServerImpl.java:start(392)) - b2354cd0-7648-4a6f-abf9-b9cf43c56f40@group-1A72E0252880: start as a follower, conf=-1: peers:[b2354cd0-7648-4a6f-abf9-b9cf43c56f40|10.1.0.5:15255]|listeners:[], old=null
2023-12-21 09:24:34,974 [b2354cd0-7648-4a6f-abf9-b9cf43c56f40-groupManagement] INFO  server.RaftServer$Division (RaftServerImpl.java:setRole(379)) - b2354cd0-7648-4a6f-abf9-b9cf43c56f40@group-1A72E0252880: changes role from      null to FOLLOWER at term 0 for startAsFollower
2023-12-21 09:24:34,974 [b2354cd0-7648-4a6f-abf9-b9cf43c56f40-groupManagement] INFO  impl.RoleInfo (RoleInfo.java:updateAndGet(139)) - b2354cd0-7648-4a6f-abf9-b9cf43c56f40: start b2354cd0-7648-4a6f-abf9-b9cf43c56f40@group-1A72E0252880-FollowerState
2023-12-21 09:24:34,974 [b2354cd0-7648-4a6f-abf9-b9cf43c56f40@group-1A72E0252880-FollowerState] INFO  server.RaftServerConfigKeys (ConfUtils.java:logFallback(53)) - raft.server.rpc.first-election.timeout.min = 5s (fallback to raft.server.rpc.timeout.min)
2023-12-21 09:24:34,974 [b2354cd0-7648-4a6f-abf9-b9cf43c56f40-groupManagement] INFO  util.JmxRegister (JmxRegister.java:tryRegister(44)) - Successfully registered JMX Bean with object name Ratis:service=RaftServer,group=group-1A72E0252880,id=b2354cd0-7648-4a6f-abf9-b9cf43c56f40
2023-12-21 09:24:34,974 [b2354cd0-7648-4a6f-abf9-b9cf43c56f40@group-1A72E0252880-FollowerState] INFO  server.RaftServerConfigKeys (ConfUtils.java:logFallback(53)) - raft.server.rpc.first-election.timeout.max = 5200ms (fallback to raft.server.rpc.timeout.max)
2023-12-21 09:24:34,974 [b2354cd0-7648-4a6f-abf9-b9cf43c56f40-groupManagement] INFO  server.RaftServerConfigKeys (ConfUtils.java:logGet(46)) - raft.server.snapshot.trigger-when-stop.enabled = true (default)
2023-12-21 09:24:34,975 [b2354cd0-7648-4a6f-abf9-b9cf43c56f40-groupManagement] INFO  server.RaftServerConfigKeys (ConfUtils.java:logGet(46)) - raft.server.snapshot.auto.trigger.enabled = true (custom)
2023-12-21 09:24:34,975 [b2354cd0-7648-4a6f-abf9-b9cf43c56f40-groupManagement] INFO  server.RaftServerConfigKeys (ConfUtils.java:logGet(46)) - raft.server.snapshot.auto.trigger.threshold = 10000 (custom)
2023-12-21 09:24:34,975 [b2354cd0-7648-4a6f-abf9-b9cf43c56f40-groupManagement] INFO  server.RaftServerConfigKeys (ConfUtils.java:logGet(46)) - raft.server.snapshot.retention.file.num = 5 (custom)
2023-12-21 09:24:34,975 [b2354cd0-7648-4a6f-abf9-b9cf43c56f40-groupManagement] INFO  server.RaftServerConfigKeys (ConfUtils.java:logGet(46)) - raft.server.log.purge.upto.snapshot.index = false (default)
2023-12-21 09:24:34,975 [b2354cd0-7648-4a6f-abf9-b9cf43c56f40-PipelineCommandHandlerThread-0] INFO  ratis.XceiverServerRatis (XceiverServerRatis.java:addGroup(837)) - Created group PipelineID=eb0ac5ca-7eb3-43e3-9459-1a72e0252880
2023-12-21 09:24:34,975 [b2354cd0-7648-4a6f-abf9-b9cf43c56f40-PipelineCommandHandlerThread-0] INFO  commandhandler.CreatePipelineCommandHandler (CreatePipelineCommandHandler.java:lambda$handle$2(124)) - Created Pipeline RATIS ONE PipelineID=eb0ac5ca-7eb3-43e3-9459-1a72e0252880.
2023-12-21 09:24:35,068 [32aac600-864d-469c-bbc4-bdc2d2a366d8-PipelineCommandHandlerThread-0] INFO  server.RaftServer (RaftServerProxy.java:addNew(100)) - 32aac600-864d-469c-bbc4-bdc2d2a366d8: addNew group-7901C159276A:[32aac600-864d-469c-bbc4-bdc2d2a366d8|10.1.0.5:15264] returns group-7901C159276A:java.util.concurrent.CompletableFuture@68c2ef8f[Not completed]
2023-12-21 09:24:35,069 [32aac600-864d-469c-bbc4-bdc2d2a366d8-groupManagement] INFO  server.RaftServer$Division (RaftServerImpl.java:<init>(256)) - 32aac600-864d-469c-bbc4-bdc2d2a366d8: new RaftServerImpl for group-7901C159276A:[32aac600-864d-469c-bbc4-bdc2d2a366d8|10.1.0.5:15264] with ContainerStateMachine:uninitialized
2023-12-21 09:24:35,069 [32aac600-864d-469c-bbc4-bdc2d2a366d8-groupManagement] INFO  server.RaftServerConfigKeys (ConfUtils.java:logGet(46)) - raft.server.rpc.timeout.min = 5s (custom)
2023-12-21 09:24:35,069 [32aac600-864d-469c-bbc4-bdc2d2a366d8-groupManagement] INFO  server.RaftServerConfigKeys (ConfUtils.java:logGet(46)) - raft.server.rpc.timeout.max = 5200ms (custom)
2023-12-21 09:24:35,069 [32aac600-864d-469c-bbc4-bdc2d2a366d8-groupManagement] INFO  server.RaftServerConfigKeys (ConfUtils.java:logGet(46)) - raft.server.rpc.sleep.time = 25ms (default)
2023-12-21 09:24:35,069 [32aac600-864d-469c-bbc4-bdc2d2a366d8-groupManagement] INFO  server.RaftServerConfigKeys (ConfUtils.java:logGet(46)) - raft.server.rpc.slowness.timeout = 300000ms (custom)
2023-12-21 09:24:35,069 [32aac600-864d-469c-bbc4-bdc2d2a366d8-groupManagement] INFO  server.RaftServerConfigKeys (ConfUtils.java:logGet(46)) - raft.server.leaderelection.leader.step-down.wait-time = 10s (default)
2023-12-21 09:24:35,069 [32aac600-864d-469c-bbc4-bdc2d2a366d8-groupManagement] INFO  server.RaftServerConfigKeys (ConfUtils.java:logGet(46)) - raft.server.leaderelection.member.majority-add = false (default)
2023-12-21 09:24:35,069 [32aac600-864d-469c-bbc4-bdc2d2a366d8-groupManagement] INFO  server.RaftServerConfigKeys (ConfUtils.java:logGet(46)) - raft.server.sleep.deviation.threshold = 300ms (default)
2023-12-21 09:24:35,069 [32aac600-864d-469c-bbc4-bdc2d2a366d8-groupManagement] INFO  server.RaftServer$Division (ServerState.java:<init>(113)) - 32aac600-864d-469c-bbc4-bdc2d2a366d8@group-7901C159276A: ConfigurationManager, init=-1: peers:[32aac600-864d-469c-bbc4-bdc2d2a366d8|10.1.0.5:15264]|listeners:[], old=null, confs=<EMPTY_MAP>
2023-12-21 09:24:35,069 [32aac600-864d-469c-bbc4-bdc2d2a366d8-groupManagement] INFO  server.RaftServerConfigKeys (ConfUtils.java:logGet(46)) - raft.server.notification.no-leader.timeout = 300000ms (custom)
2023-12-21 09:24:35,069 [32aac600-864d-469c-bbc4-bdc2d2a366d8-groupManagement] INFO  server.RaftServerConfigKeys (ConfUtils.java:logGet(46)) - raft.server.read.timeout = 10s (default)
2023-12-21 09:24:35,069 [32aac600-864d-469c-bbc4-bdc2d2a366d8-groupManagement] INFO  server.RaftServerConfigKeys (ConfUtils.java:logGet(46)) - raft.server.retrycache.expirytime = 600000ms (custom)
2023-12-21 09:24:35,069 [32aac600-864d-469c-bbc4-bdc2d2a366d8-groupManagement] INFO  server.RaftServerConfigKeys (ConfUtils.java:logGet(46)) - raft.server.retrycache.statistics.expirytime = 100ms (default)
2023-12-21 09:24:35,069 [32aac600-864d-469c-bbc4-bdc2d2a366d8-groupManagement] INFO  server.RaftServerConfigKeys (ConfUtils.java:logGet(46)) - raft.server.read.option = DEFAULT (default)
2023-12-21 09:24:35,069 [32aac600-864d-469c-bbc4-bdc2d2a366d8-groupManagement] INFO  server.RaftServerConfigKeys (ConfUtils.java:logGet(46)) - raft.server.read.read-after-write-consistent.write-index-cache.expiry-time = 60s (default)
2023-12-21 09:24:35,070 [main] INFO  ozone.MiniOzoneClusterImpl (MiniOzoneClusterImpl.java:lambda$waitForClusterToBeReady$0(230)) - Nodes are ready. Got 9 of 9 DN Heartbeats.
2023-12-21 09:24:35,070 [main] INFO  ozone.MiniOzoneClusterImpl (MiniOzoneClusterImpl.java:lambda$waitForClusterToBeReady$0(233)) - Waiting for cluster to exit safe mode
2023-12-21 09:24:35,071 [main] INFO  ozone.MiniOzoneClusterImpl (MiniOzoneClusterImpl.java:lambda$waitForClusterToBeReady$0(235)) - SCM became leader
2023-12-21 09:24:35,071 [32aac600-864d-469c-bbc4-bdc2d2a366d8-groupManagement] INFO  server.RaftServerConfigKeys (ConfUtils.java:logGet(46)) - raft.server.rpc.request.timeout = 3000ms (default)
2023-12-21 09:24:35,071 [32aac600-864d-469c-bbc4-bdc2d2a366d8-groupManagement] INFO  server.RaftServerConfigKeys (ConfUtils.java:logGet(46)) - raft.server.log.appender.install.snapshot.enabled = false (custom)
2023-12-21 09:24:35,071 [32aac600-864d-469c-bbc4-bdc2d2a366d8-groupManagement] INFO  server.RaftServerConfigKeys (ConfUtils.java:logGet(46)) - raft.server.threadpool.server.cached = true (default)
2023-12-21 09:24:35,071 [32aac600-864d-469c-bbc4-bdc2d2a366d8-groupManagement] INFO  server.RaftServerConfigKeys (ConfUtils.java:logGet(46)) - raft.server.threadpool.server.size = 0 (default)
2023-12-21 09:24:35,072 [32aac600-864d-469c-bbc4-bdc2d2a366d8-groupManagement] INFO  server.RaftServerConfigKeys (ConfUtils.java:logGet(46)) - raft.server.threadpool.client.cached = true (default)
2023-12-21 09:24:35,072 [32aac600-864d-469c-bbc4-bdc2d2a366d8-groupManagement] INFO  server.RaftServerConfigKeys (ConfUtils.java:logGet(46)) - raft.server.threadpool.client.size = 0 (default)
2023-12-21 09:24:35,072 [32aac600-864d-469c-bbc4-bdc2d2a366d8-groupManagement] INFO  server.RaftServerConfigKeys (ConfUtils.java:logGet(46)) - raft.server.storage.free-space.min = 0MB (=0) (default)
2023-12-21 09:24:35,072 [32aac600-864d-469c-bbc4-bdc2d2a366d8-groupManagement] INFO  server.RaftServerConfigKeys (ConfUtils.java:logGet(46)) - raft.server.log.corruption.policy = EXCEPTION (default)
2023-12-21 09:24:35,072 [32aac600-864d-469c-bbc4-bdc2d2a366d8-groupManagement] INFO  server.RaftServerConfigKeys (ConfUtils.java:logGet(46)) - raft.server.storage.dir = [/home/runner/work/ozone/ozone/hadoop-ozone/integration-test/target/test-dir/MiniOzoneClusterImpl-e4d55aeb-da58-408a-87dd-e45f7ef8a31a/datanode-8/data/ratis] (custom)
2023-12-21 09:24:35,072 [32aac600-864d-469c-bbc4-bdc2d2a366d8-groupManagement] INFO  storage.RaftStorageDirectory (RaftStorageDirectoryImpl.java:analyzeStorage(138)) - The storage directory /home/runner/work/ozone/ozone/hadoop-ozone/integration-test/target/test-dir/MiniOzoneClusterImpl-e4d55aeb-da58-408a-87dd-e45f7ef8a31a/datanode-8/data/ratis/7c9e985f-48e1-48d6-a247-7901c159276a does not exist. Creating ...
2023-12-21 09:24:35,073 [32aac600-864d-469c-bbc4-bdc2d2a366d8-groupManagement] INFO  storage.RaftStorageDirectory (RaftStorageDirectoryImpl.java:tryLock(232)) - Lock on /home/runner/work/ozone/ozone/hadoop-ozone/integration-test/target/test-dir/MiniOzoneClusterImpl-e4d55aeb-da58-408a-87dd-e45f7ef8a31a/datanode-8/data/ratis/7c9e985f-48e1-48d6-a247-7901c159276a/in_use.lock acquired by nodename 85023@fv-az1023-676
2023-12-21 09:24:35,074 [32aac600-864d-469c-bbc4-bdc2d2a366d8-groupManagement] INFO  storage.RaftStorage (RaftStorageImpl.java:format(97)) - Storage directory /home/runner/work/ozone/ozone/hadoop-ozone/integration-test/target/test-dir/MiniOzoneClusterImpl-e4d55aeb-da58-408a-87dd-e45f7ef8a31a/datanode-8/data/ratis/7c9e985f-48e1-48d6-a247-7901c159276a has been successfully formatted.
2023-12-21 09:24:35,074 [32aac600-864d-469c-bbc4-bdc2d2a366d8-groupManagement] INFO  ratis.ContainerStateMachine (ContainerStateMachine.java:loadSnapshot(287)) - group-7901C159276A: The snapshot info is null. Setting the last applied indexto:(t:0, i:~)
2023-12-21 09:24:35,074 [32aac600-864d-469c-bbc4-bdc2d2a366d8-groupManagement] INFO  server.RaftServerConfigKeys (ConfUtils.java:logGet(46)) - raft.server.log.use.memory = false (default)
2023-12-21 09:24:35,074 [32aac600-864d-469c-bbc4-bdc2d2a366d8-groupManagement] INFO  server.RaftServerConfigKeys (ConfUtils.java:logGet(46)) - raft.server.log.purge.gap = 1000000 (custom)
2023-12-21 09:24:35,074 [32aac600-864d-469c-bbc4-bdc2d2a366d8-groupManagement] INFO  server.RaftServerConfigKeys (ConfUtils.java:logGet(46)) - raft.server.log.appender.buffer.byte-limit = 8388608 (custom)
2023-12-21 09:24:35,074 [32aac600-864d-469c-bbc4-bdc2d2a366d8-groupManagement] INFO  server.RaftServerConfigKeys (ConfUtils.java:logGet(46)) - raft.server.log.statemachine.data.read.timeout = 1000ms (default)
2023-12-21 09:24:35,074 [32aac600-864d-469c-bbc4-bdc2d2a366d8-groupManagement] INFO  server.RaftServerConfigKeys (ConfUtils.java:logGet(46)) - raft.server.log.purge.preservation.log.num = 0 (default)
2023-12-21 09:24:35,075 [EventQueue-PipelineReportForPipelineReportHandler] INFO  pipeline.PipelineReportHandler (PipelineReportHandler.java:processPipelineReport(136)) - Opened pipeline PipelineID=7c9e985f-48e1-48d6-a247-7901c159276a
2023-12-21 09:24:35,075 [EventQueue-OpenPipelineForHealthyPipelineSafeModeRule] INFO  safemode.SCMSafeModeManager (HealthyPipelineSafeModeRule.java:process(140)) - SCM in safe mode. Healthy pipelines reported count is 0, required healthy pipeline reported count is 1
2023-12-21 09:24:35,075 [32aac600-864d-469c-bbc4-bdc2d2a366d8-groupManagement] INFO  server.RaftServerConfigKeys (ConfUtils.java:logGet(46)) - raft.server.log.segment.size.max = 67108864 (custom)
2023-12-21 09:24:35,076 [32aac600-864d-469c-bbc4-bdc2d2a366d8-groupManagement] INFO  server.RaftServerConfigKeys (ConfUtils.java:logGet(46)) - raft.server.log.segment.cache.num.max = 2 (custom)
2023-12-21 09:24:35,076 [32aac600-864d-469c-bbc4-bdc2d2a366d8-groupManagement] INFO  server.RaftServerConfigKeys (ConfUtils.java:logGet(46)) - raft.server.log.segment.cache.size.max = 200MB (=209715200) (default)
2023-12-21 09:24:35,076 [32aac600-864d-469c-bbc4-bdc2d2a366d8-groupManagement] INFO  server.RaftServerConfigKeys (ConfUtils.java:logGet(46)) - raft.server.log.appender.buffer.byte-limit = 8388608 (custom)
2023-12-21 09:24:35,076 [32aac600-864d-469c-bbc4-bdc2d2a366d8-groupManagement] INFO  util.AwaitToRun (AwaitToRun.java:start(81)) - Thread[32aac600-864d-469c-bbc4-bdc2d2a366d8@group-7901C159276A-cacheEviction-AwaitToRun,5,main] started
2023-12-21 09:24:35,076 [32aac600-864d-469c-bbc4-bdc2d2a366d8-groupManagement] INFO  segmented.SegmentedRaftLogWorker (SegmentedRaftLogWorker.java:<init>(184)) - new 32aac600-864d-469c-bbc4-bdc2d2a366d8@group-7901C159276A-SegmentedRaftLogWorker for RaftStorageImpl:Storage Directory /home/runner/work/ozone/ozone/hadoop-ozone/integration-test/target/test-dir/MiniOzoneClusterImpl-e4d55aeb-da58-408a-87dd-e45f7ef8a31a/datanode-8/data/ratis/7c9e985f-48e1-48d6-a247-7901c159276a
2023-12-21 09:24:35,076 [32aac600-864d-469c-bbc4-bdc2d2a366d8-groupManagement] INFO  server.RaftServerConfigKeys (ConfUtils.java:logGet(46)) - raft.server.log.queue.byte-limit = 4294967296 (custom)
2023-12-21 09:24:35,076 [32aac600-864d-469c-bbc4-bdc2d2a366d8-groupManagement] INFO  server.RaftServerConfigKeys (ConfUtils.java:logGet(46)) - raft.server.log.queue.element-limit = 1024 (custom)
2023-12-21 09:24:35,076 [32aac600-864d-469c-bbc4-bdc2d2a366d8-groupManagement] INFO  server.RaftServerConfigKeys (ConfUtils.java:logGet(46)) - raft.server.log.segment.size.max = 67108864 (custom)
2023-12-21 09:24:35,076 [32aac600-864d-469c-bbc4-bdc2d2a366d8-groupManagement] INFO  server.RaftServerConfigKeys (ConfUtils.java:logGet(46)) - raft.server.log.preallocated.size = 4194304 (custom)
2023-12-21 09:24:35,076 [32aac600-864d-469c-bbc4-bdc2d2a366d8-groupManagement] INFO  server.RaftServerConfigKeys (ConfUtils.java:logGet(46)) - raft.server.log.force.sync.num = 128 (default)
2023-12-21 09:24:35,076 [32aac600-864d-469c-bbc4-bdc2d2a366d8-groupManagement] INFO  server.RaftServerConfigKeys (ConfUtils.java:logGet(46)) - raft.server.log.statemachine.data.sync = true (default)
2023-12-21 09:24:35,076 [32aac600-864d-469c-bbc4-bdc2d2a366d8-groupManagement] INFO  server.RaftServerConfigKeys (ConfUtils.java:logGet(46)) - raft.server.log.statemachine.data.sync.timeout = 10s (default)
2023-12-21 09:24:35,076 [32aac600-864d-469c-bbc4-bdc2d2a366d8-groupManagement] INFO  server.RaftServerConfigKeys (ConfUtils.java:logGet(46)) - raft.server.log.statemachine.data.sync.timeout.retry = 0 (custom)
2023-12-21 09:24:35,077 [32aac600-864d-469c-bbc4-bdc2d2a366d8-groupManagement] INFO  server.RaftServerConfigKeys (ConfUtils.java:logGet(46)) - raft.server.log.write.buffer.size = 8388616 (custom)
2023-12-21 09:24:35,078 [32aac600-864d-469c-bbc4-bdc2d2a366d8-groupManagement] INFO  server.RaftServerConfigKeys (ConfUtils.java:logGet(46)) - raft.server.log.appender.buffer.byte-limit = 8388608 (custom)
2023-12-21 09:24:35,078 [32aac600-864d-469c-bbc4-bdc2d2a366d8-groupManagement] INFO  server.RaftServerConfigKeys (ConfUtils.java:logGet(46)) - raft.server.log.unsafe-flush.enabled = false (default)
2023-12-21 09:24:35,078 [32aac600-864d-469c-bbc4-bdc2d2a366d8-groupManagement] INFO  server.RaftServerConfigKeys (ConfUtils.java:logGet(46)) - raft.server.log.async-flush.enabled = false (default)
2023-12-21 09:24:35,079 [32aac600-864d-469c-bbc4-bdc2d2a366d8-groupManagement] INFO  server.RaftServerConfigKeys (ConfUtils.java:logGet(46)) - raft.server.log.statemachine.data.caching.enabled = true (custom)
2023-12-21 09:24:35,079 [32aac600-864d-469c-bbc4-bdc2d2a366d8-groupManagement] INFO  segmented.SegmentedRaftLogWorker (SegmentedRaftLogWorker.java:lambda$new$0(135)) - 32aac600-864d-469c-bbc4-bdc2d2a366d8@group-7901C159276A-SegmentedRaftLogWorker: flushIndex: setUnconditionally 0 -> -1
2023-12-21 09:24:35,079 [32aac600-864d-469c-bbc4-bdc2d2a366d8-groupManagement] INFO  segmented.SegmentedRaftLogWorker (SegmentedRaftLogWorker.java:lambda$new$0(135)) - 32aac600-864d-469c-bbc4-bdc2d2a366d8@group-7901C159276A-SegmentedRaftLogWorker: safeCacheEvictIndex: setUnconditionally 0 -> -1
2023-12-21 09:24:35,079 [32aac600-864d-469c-bbc4-bdc2d2a366d8-groupManagement] INFO  server.RaftServer$Division (RaftServerImpl.java:start(392)) - 32aac600-864d-469c-bbc4-bdc2d2a366d8@group-7901C159276A: start as a follower, conf=-1: peers:[32aac600-864d-469c-bbc4-bdc2d2a366d8|10.1.0.5:15264]|listeners:[], old=null
2023-12-21 09:24:35,079 [32aac600-864d-469c-bbc4-bdc2d2a366d8-groupManagement] INFO  server.RaftServer$Division (RaftServerImpl.java:setRole(379)) - 32aac600-864d-469c-bbc4-bdc2d2a366d8@group-7901C159276A: changes role from      null to FOLLOWER at term 0 for startAsFollower
2023-12-21 09:24:35,079 [32aac600-864d-469c-bbc4-bdc2d2a366d8-groupManagement] INFO  impl.RoleInfo (RoleInfo.java:updateAndGet(139)) - 32aac600-864d-469c-bbc4-bdc2d2a366d8: start 32aac600-864d-469c-bbc4-bdc2d2a366d8@group-7901C159276A-FollowerState
2023-12-21 09:24:35,079 [32aac600-864d-469c-bbc4-bdc2d2a366d8@group-7901C159276A-FollowerState] INFO  server.RaftServerConfigKeys (ConfUtils.java:logFallback(53)) - raft.server.rpc.first-election.timeout.min = 5s (fallback to raft.server.rpc.timeout.min)
2023-12-21 09:24:35,079 [32aac600-864d-469c-bbc4-bdc2d2a366d8@group-7901C159276A-FollowerState] INFO  server.RaftServerConfigKeys (ConfUtils.java:logFallback(53)) - raft.server.rpc.first-election.timeout.max = 5200ms (fallback to raft.server.rpc.timeout.max)
2023-12-21 09:24:35,079 [32aac600-864d-469c-bbc4-bdc2d2a366d8-groupManagement] INFO  util.JmxRegister (JmxRegister.java:tryRegister(44)) - Successfully registered JMX Bean with object name Ratis:service=RaftServer,group=group-7901C159276A,id=32aac600-864d-469c-bbc4-bdc2d2a366d8
2023-12-21 09:24:35,079 [32aac600-864d-469c-bbc4-bdc2d2a366d8-groupManagement] INFO  server.RaftServerConfigKeys (ConfUtils.java:logGet(46)) - raft.server.snapshot.trigger-when-stop.enabled = true (default)
2023-12-21 09:24:35,079 [32aac600-864d-469c-bbc4-bdc2d2a366d8-groupManagement] INFO  server.RaftServerConfigKeys (ConfUtils.java:logGet(46)) - raft.server.snapshot.auto.trigger.enabled = true (custom)
2023-12-21 09:24:35,079 [32aac600-864d-469c-bbc4-bdc2d2a366d8-groupManagement] INFO  server.RaftServerConfigKeys (ConfUtils.java:logGet(46)) - raft.server.snapshot.auto.trigger.threshold = 10000 (custom)
2023-12-21 09:24:35,080 [32aac600-864d-469c-bbc4-bdc2d2a366d8-groupManagement] INFO  server.RaftServerConfigKeys (ConfUtils.java:logGet(46)) - raft.server.snapshot.retention.file.num = 5 (custom)
2023-12-21 09:24:35,080 [32aac600-864d-469c-bbc4-bdc2d2a366d8-groupManagement] INFO  server.RaftServerConfigKeys (ConfUtils.java:logGet(46)) - raft.server.log.purge.upto.snapshot.index = false (default)
2023-12-21 09:24:35,080 [32aac600-864d-469c-bbc4-bdc2d2a366d8-PipelineCommandHandlerThread-0] INFO  ratis.XceiverServerRatis (XceiverServerRatis.java:addGroup(837)) - Created group PipelineID=7c9e985f-48e1-48d6-a247-7901c159276a
2023-12-21 09:24:35,080 [32aac600-864d-469c-bbc4-bdc2d2a366d8-PipelineCommandHandlerThread-0] INFO  commandhandler.CreatePipelineCommandHandler (CreatePipelineCommandHandler.java:lambda$handle$2(124)) - Created Pipeline RATIS ONE PipelineID=7c9e985f-48e1-48d6-a247-7901c159276a.
2023-12-21 09:24:36,071 [main] INFO  ozone.MiniOzoneClusterImpl (MiniOzoneClusterImpl.java:lambda$waitForClusterToBeReady$0(230)) - Nodes are ready. Got 9 of 9 DN Heartbeats.
2023-12-21 09:24:36,071 [main] INFO  ozone.MiniOzoneClusterImpl (MiniOzoneClusterImpl.java:lambda$waitForClusterToBeReady$0(233)) - Waiting for cluster to exit safe mode
2023-12-21 09:24:36,071 [main] INFO  ozone.MiniOzoneClusterImpl (MiniOzoneClusterImpl.java:lambda$waitForClusterToBeReady$0(235)) - SCM became leader
2023-12-21 09:24:37,071 [main] INFO  ozone.MiniOzoneClusterImpl (MiniOzoneClusterImpl.java:lambda$waitForClusterToBeReady$0(230)) - Nodes are ready. Got 9 of 9 DN Heartbeats.
2023-12-21 09:24:37,072 [main] INFO  ozone.MiniOzoneClusterImpl (MiniOzoneClusterImpl.java:lambda$waitForClusterToBeReady$0(233)) - Waiting for cluster to exit safe mode
2023-12-21 09:24:37,072 [main] INFO  ozone.MiniOzoneClusterImpl (MiniOzoneClusterImpl.java:lambda$waitForClusterToBeReady$0(235)) - SCM became leader
2023-12-21 09:24:38,072 [main] INFO  ozone.MiniOzoneClusterImpl (MiniOzoneClusterImpl.java:lambda$waitForClusterToBeReady$0(230)) - Nodes are ready. Got 9 of 9 DN Heartbeats.
2023-12-21 09:24:38,072 [main] INFO  ozone.MiniOzoneClusterImpl (MiniOzoneClusterImpl.java:lambda$waitForClusterToBeReady$0(233)) - Waiting for cluster to exit safe mode
2023-12-21 09:24:38,072 [main] INFO  ozone.MiniOzoneClusterImpl (MiniOzoneClusterImpl.java:lambda$waitForClusterToBeReady$0(235)) - SCM became leader
2023-12-21 09:24:39,073 [main] INFO  ozone.MiniOzoneClusterImpl (MiniOzoneClusterImpl.java:lambda$waitForClusterToBeReady$0(230)) - Nodes are ready. Got 9 of 9 DN Heartbeats.
2023-12-21 09:24:39,073 [main] INFO  ozone.MiniOzoneClusterImpl (MiniOzoneClusterImpl.java:lambda$waitForClusterToBeReady$0(233)) - Waiting for cluster to exit safe mode
2023-12-21 09:24:39,073 [main] INFO  ozone.MiniOzoneClusterImpl (MiniOzoneClusterImpl.java:lambda$waitForClusterToBeReady$0(235)) - SCM became leader
2023-12-21 09:24:39,336 [6ad9de2f-8cae-4626-ab4a-3c10d9751b2a@group-17B6D6E64A16-FollowerState] INFO  impl.FollowerState (FollowerState.java:run(143)) - 6ad9de2f-8cae-4626-ab4a-3c10d9751b2a@group-17B6D6E64A16-FollowerState: change to CANDIDATE, lastRpcElapsedTime:5009512635ns, electionTimeout:5009ms
2023-12-21 09:24:39,336 [6ad9de2f-8cae-4626-ab4a-3c10d9751b2a@group-17B6D6E64A16-FollowerState] INFO  impl.RoleInfo (RoleInfo.java:shutdownFollowerState(110)) - 6ad9de2f-8cae-4626-ab4a-3c10d9751b2a: shutdown 6ad9de2f-8cae-4626-ab4a-3c10d9751b2a@group-17B6D6E64A16-FollowerState
2023-12-21 09:24:39,336 [6ad9de2f-8cae-4626-ab4a-3c10d9751b2a@group-17B6D6E64A16-FollowerState] INFO  server.RaftServer$Division (RaftServerImpl.java:setRole(379)) - 6ad9de2f-8cae-4626-ab4a-3c10d9751b2a@group-17B6D6E64A16: changes role from  FOLLOWER to CANDIDATE at term 0 for changeToCandidate
2023-12-21 09:24:39,336 [6ad9de2f-8cae-4626-ab4a-3c10d9751b2a@group-17B6D6E64A16-FollowerState] INFO  server.RaftServerConfigKeys (ConfUtils.java:logGet(46)) - raft.server.leaderelection.pre-vote = true (default)
2023-12-21 09:24:39,336 [6ad9de2f-8cae-4626-ab4a-3c10d9751b2a@group-17B6D6E64A16-FollowerState] INFO  impl.RoleInfo (RoleInfo.java:updateAndGet(139)) - 6ad9de2f-8cae-4626-ab4a-3c10d9751b2a: start 6ad9de2f-8cae-4626-ab4a-3c10d9751b2a@group-17B6D6E64A16-LeaderElection36
2023-12-21 09:24:39,338 [6ad9de2f-8cae-4626-ab4a-3c10d9751b2a@group-17B6D6E64A16-LeaderElection36] INFO  impl.LeaderElection (LeaderElection.java:askForVotes(323)) - 6ad9de2f-8cae-4626-ab4a-3c10d9751b2a@group-17B6D6E64A16-LeaderElection36 PRE_VOTE round 0: submit vote requests at term 0 for -1: peers:[6ad9de2f-8cae-4626-ab4a-3c10d9751b2a|10.1.0.5:15192]|listeners:[], old=null
2023-12-21 09:24:39,338 [6ad9de2f-8cae-4626-ab4a-3c10d9751b2a@group-17B6D6E64A16-LeaderElection36] INFO  impl.LeaderElection (LeaderElection.java:askForVotes(325)) - 6ad9de2f-8cae-4626-ab4a-3c10d9751b2a@group-17B6D6E64A16-LeaderElection36 PRE_VOTE round 0: result PASSED (term=0)
2023-12-21 09:24:39,339 [6ad9de2f-8cae-4626-ab4a-3c10d9751b2a@group-17B6D6E64A16-LeaderElection36] INFO  impl.LeaderElection (LeaderElection.java:askForVotes(323)) - 6ad9de2f-8cae-4626-ab4a-3c10d9751b2a@group-17B6D6E64A16-LeaderElection36 ELECTION round 0: submit vote requests at term 1 for -1: peers:[6ad9de2f-8cae-4626-ab4a-3c10d9751b2a|10.1.0.5:15192]|listeners:[], old=null
2023-12-21 09:24:39,339 [6ad9de2f-8cae-4626-ab4a-3c10d9751b2a@group-17B6D6E64A16-LeaderElection36] INFO  impl.LeaderElection (LeaderElection.java:askForVotes(325)) - 6ad9de2f-8cae-4626-ab4a-3c10d9751b2a@group-17B6D6E64A16-LeaderElection36 ELECTION round 0: result PASSED (term=1)
2023-12-21 09:24:39,339 [6ad9de2f-8cae-4626-ab4a-3c10d9751b2a@group-17B6D6E64A16-LeaderElection36] INFO  impl.RoleInfo (RoleInfo.java:shutdownLeaderElection(130)) - 6ad9de2f-8cae-4626-ab4a-3c10d9751b2a: shutdown 6ad9de2f-8cae-4626-ab4a-3c10d9751b2a@group-17B6D6E64A16-LeaderElection36
2023-12-21 09:24:39,339 [6ad9de2f-8cae-4626-ab4a-3c10d9751b2a@group-17B6D6E64A16-LeaderElection36] INFO  server.RaftServer$Division (RaftServerImpl.java:setRole(379)) - 6ad9de2f-8cae-4626-ab4a-3c10d9751b2a@group-17B6D6E64A16: changes role from CANDIDATE to LEADER at term 1 for changeToLeader
2023-12-21 09:24:39,339 [6ad9de2f-8cae-4626-ab4a-3c10d9751b2a@group-17B6D6E64A16-LeaderElection36] INFO  server.RaftServerConfigKeys (ConfUtils.java:logGet(46)) - raft.server.staging.catchup.gap = 1000 (default)
2023-12-21 09:24:39,340 [6ad9de2f-8cae-4626-ab4a-3c10d9751b2a@group-17B6D6E64A16-LeaderElection36] INFO  server.RaftServerConfigKeys (ConfUtils.java:logGet(46)) - raft.server.write.element-limit = 1024 (custom)
2023-12-21 09:24:39,340 [6ad9de2f-8cae-4626-ab4a-3c10d9751b2a@group-17B6D6E64A16-LeaderElection36] INFO  server.RaftServerConfigKeys (ConfUtils.java:logGet(46)) - raft.server.write.byte-limit = 1024 M (=1073741824) (custom)
2023-12-21 09:24:39,340 [6ad9de2f-8cae-4626-ab4a-3c10d9751b2a@group-17B6D6E64A16-LeaderElection36] INFO  server.RaftServerConfigKeys (ConfUtils.java:logGet(46)) - raft.server.watch.timeout = 3000ms (custom)
2023-12-21 09:24:39,340 [6ad9de2f-8cae-4626-ab4a-3c10d9751b2a@group-17B6D6E64A16-LeaderElection36] INFO  server.RaftServerConfigKeys (ConfUtils.java:logGet(46)) - raft.server.watch.timeout.denomination = 1s (default)
2023-12-21 09:24:39,340 [6ad9de2f-8cae-4626-ab4a-3c10d9751b2a@group-17B6D6E64A16-LeaderElection36] INFO  server.RaftServerConfigKeys (ConfUtils.java:logGet(46)) - raft.server.watch.element-limit = 65536 (default)
2023-12-21 09:24:39,340 [6ad9de2f-8cae-4626-ab4a-3c10d9751b2a@group-17B6D6E64A16-LeaderElection36] INFO  server.RaftServerConfigKeys (ConfUtils.java:logGet(46)) - raft.server.read.leader.lease.enabled = false (default)
2023-12-21 09:24:39,340 [6ad9de2f-8cae-4626-ab4a-3c10d9751b2a@group-17B6D6E64A16-LeaderElection36] INFO  server.RaftServerConfigKeys (ConfUtils.java:logGet(46)) - raft.server.read.leader.lease.timeout.ratio = 0.9 (default)
2023-12-21 09:24:39,340 [6ad9de2f-8cae-4626-ab4a-3c10d9751b2a@group-17B6D6E64A16-LeaderElection36] INFO  server.RaftServerConfigKeys (ConfUtils.java:logGet(46)) - raft.server.rpc.timeout.min = 5s (custom)
2023-12-21 09:24:39,340 [6ad9de2f-8cae-4626-ab4a-3c10d9751b2a@group-17B6D6E64A16-LeaderElection36] INFO  server.RaftServerConfigKeys (ConfUtils.java:logGet(46)) - raft.server.write.element-limit = 1024 (custom)
2023-12-21 09:24:39,340 [6ad9de2f-8cae-4626-ab4a-3c10d9751b2a@group-17B6D6E64A16-LeaderElection36] INFO  server.RaftServerConfigKeys (ConfUtils.java:logGet(46)) - raft.server.write.follower.gap.ratio.max = -1.0 (default)
2023-12-21 09:24:39,340 [6ad9de2f-8cae-4626-ab4a-3c10d9751b2a@group-17B6D6E64A16-LeaderElection36] INFO  impl.RoleInfo (RoleInfo.java:updateAndGet(139)) - 6ad9de2f-8cae-4626-ab4a-3c10d9751b2a: start 6ad9de2f-8cae-4626-ab4a-3c10d9751b2a@group-17B6D6E64A16-LeaderStateImpl
2023-12-21 09:24:39,340 [6ad9de2f-8cae-4626-ab4a-3c10d9751b2a@group-17B6D6E64A16-LeaderElection36] INFO  server.RaftServer$Division (RaftServerImpl.java:setFirstElection(564)) - 6ad9de2f-8cae-4626-ab4a-3c10d9751b2a@group-17B6D6E64A16: set firstElectionSinceStartup to false for becomeLeader
2023-12-21 09:24:39,341 [6ad9de2f-8cae-4626-ab4a-3c10d9751b2a@group-17B6D6E64A16-LeaderElection36] INFO  ratis.XceiverServerRatis (XceiverServerRatis.java:handleLeaderChangedNotification(935)) - Leader change notification received for group: group-17B6D6E64A16 with new leaderId: 6ad9de2f-8cae-4626-ab4a-3c10d9751b2a
2023-12-21 09:24:39,341 [6ad9de2f-8cae-4626-ab4a-3c10d9751b2a@group-17B6D6E64A16-LeaderElection36] INFO  server.RaftServer$Division (ServerState.java:setLeader(265)) - 6ad9de2f-8cae-4626-ab4a-3c10d9751b2a@group-17B6D6E64A16: change Leader from null to 6ad9de2f-8cae-4626-ab4a-3c10d9751b2a at term 1 for becomeLeader, leader elected after 5025ms
2023-12-21 09:24:39,341 [6ad9de2f-8cae-4626-ab4a-3c10d9751b2a@group-17B6D6E64A16-LeaderElection36] INFO  segmented.SegmentedRaftLogWorker (SegmentedRaftLogWorker.java:startLogSegment(428)) - 6ad9de2f-8cae-4626-ab4a-3c10d9751b2a@group-17B6D6E64A16-SegmentedRaftLogWorker: Starting segment from index:0
2023-12-21 09:24:39,342 [6ad9de2f-8cae-4626-ab4a-3c10d9751b2a@group-17B6D6E64A16-LeaderElection36] INFO  server.RaftServer$Division (ServerState.java:setRaftConf(382)) - 6ad9de2f-8cae-4626-ab4a-3c10d9751b2a@group-17B6D6E64A16: set configuration 0: peers:[6ad9de2f-8cae-4626-ab4a-3c10d9751b2a|10.1.0.5:15192]|listeners:[], old=null
2023-12-21 09:24:39,343 [EventQueue-OpenPipelineForHealthyPipelineSafeModeRule] INFO  safemode.SCMSafeModeManager (HealthyPipelineSafeModeRule.java:process(140)) - SCM in safe mode. Healthy pipelines reported count is 0, required healthy pipeline reported count is 1
2023-12-21 09:24:39,349 [6ad9de2f-8cae-4626-ab4a-3c10d9751b2a@group-17B6D6E64A16-SegmentedRaftLogWorker] INFO  segmented.SegmentedRaftLogWorker (SegmentedRaftLogWorker.java:execute(632)) - 6ad9de2f-8cae-4626-ab4a-3c10d9751b2a@group-17B6D6E64A16-SegmentedRaftLogWorker: created new log segment /home/runner/work/ozone/ozone/hadoop-ozone/integration-test/target/test-dir/MiniOzoneClusterImpl-e4d55aeb-da58-408a-87dd-e45f7ef8a31a/datanode-0/data/ratis/56accd26-b42e-49a1-abf1-17b6d6e64a16/current/log_inprogress_0
2023-12-21 09:24:39,349 [6ad9de2f-8cae-4626-ab4a-3c10d9751b2a@group-17B6D6E64A16-StateMachineUpdater] INFO  server.RaftServer$Division (LeaderStateImpl.java:isApplied(316)) - leader is ready since appliedIndex == 0 >= startIndex == 0
2023-12-21 09:24:39,453 [6ad9de2f-8cae-4626-ab4a-3c10d9751b2a@group-9735F55147B9-FollowerState] INFO  impl.FollowerState (FollowerState.java:run(143)) - 6ad9de2f-8cae-4626-ab4a-3c10d9751b2a@group-9735F55147B9-FollowerState: change to CANDIDATE, lastRpcElapsedTime:5111506489ns, electionTimeout:5111ms
2023-12-21 09:24:39,453 [6ad9de2f-8cae-4626-ab4a-3c10d9751b2a@group-9735F55147B9-FollowerState] INFO  impl.RoleInfo (RoleInfo.java:shutdownFollowerState(110)) - 6ad9de2f-8cae-4626-ab4a-3c10d9751b2a: shutdown 6ad9de2f-8cae-4626-ab4a-3c10d9751b2a@group-9735F55147B9-FollowerState
2023-12-21 09:24:39,453 [6ad9de2f-8cae-4626-ab4a-3c10d9751b2a@group-9735F55147B9-FollowerState] INFO  server.RaftServer$Division (RaftServerImpl.java:setRole(379)) - 6ad9de2f-8cae-4626-ab4a-3c10d9751b2a@group-9735F55147B9: changes role from  FOLLOWER to CANDIDATE at term 0 for changeToCandidate
2023-12-21 09:24:39,453 [6ad9de2f-8cae-4626-ab4a-3c10d9751b2a@group-9735F55147B9-FollowerState] INFO  server.RaftServerConfigKeys (ConfUtils.java:logGet(46)) - raft.server.leaderelection.pre-vote = true (default)
2023-12-21 09:24:39,453 [6ad9de2f-8cae-4626-ab4a-3c10d9751b2a@group-9735F55147B9-FollowerState] INFO  impl.RoleInfo (RoleInfo.java:updateAndGet(139)) - 6ad9de2f-8cae-4626-ab4a-3c10d9751b2a: start 6ad9de2f-8cae-4626-ab4a-3c10d9751b2a@group-9735F55147B9-LeaderElection37
2023-12-21 09:24:39,455 [6ad9de2f-8cae-4626-ab4a-3c10d9751b2a@group-9735F55147B9-LeaderElection37] INFO  impl.LeaderElection (LeaderElection.java:askForVotes(323)) - 6ad9de2f-8cae-4626-ab4a-3c10d9751b2a@group-9735F55147B9-LeaderElection37 PRE_VOTE round 0: submit vote requests at term 0 for -1: peers:[6ad9de2f-8cae-4626-ab4a-3c10d9751b2a|10.1.0.5:15192, 35bb34bc-f9d7-49f2-90a3-8bcd6ca0b53b|10.1.0.5:15201, 981caf93-6f40-449f-9dad-f58530f26ff1|10.1.0.5:15210]|listeners:[], old=null
2023-12-21 09:24:39,455 [6ad9de2f-8cae-4626-ab4a-3c10d9751b2a@group-9735F55147B9-LeaderElection37-1] INFO  server.GrpcServerProtocolClient (GrpcServerProtocolClient.java:<init>(65)) - Build channel for 35bb34bc-f9d7-49f2-90a3-8bcd6ca0b53b
2023-12-21 09:24:39,455 [6ad9de2f-8cae-4626-ab4a-3c10d9751b2a@group-9735F55147B9-LeaderElection37] INFO  server.RaftServerConfigKeys (ConfUtils.java:logFallback(53)) - raft.server.rpc.first-election.timeout.min = 5s (fallback to raft.server.rpc.timeout.min)
2023-12-21 09:24:39,455 [6ad9de2f-8cae-4626-ab4a-3c10d9751b2a@group-9735F55147B9-LeaderElection37] INFO  server.RaftServerConfigKeys (ConfUtils.java:logFallback(53)) - raft.server.rpc.first-election.timeout.max = 5200ms (fallback to raft.server.rpc.timeout.max)
2023-12-21 09:24:39,455 [6ad9de2f-8cae-4626-ab4a-3c10d9751b2a@group-9735F55147B9-LeaderElection37-2] INFO  server.GrpcServerProtocolClient (GrpcServerProtocolClient.java:<init>(65)) - Build channel for 981caf93-6f40-449f-9dad-f58530f26ff1
2023-12-21 09:24:39,459 [grpc-default-executor-0] INFO  server.RaftServer$Division (RaftServerImpl.java:requestVote(1377)) - 981caf93-6f40-449f-9dad-f58530f26ff1@group-9735F55147B9: receive requestVote(PRE_VOTE, 6ad9de2f-8cae-4626-ab4a-3c10d9751b2a, group-9735F55147B9, 0, (t:0, i:0))
2023-12-21 09:24:39,459 [grpc-default-executor-1] INFO  server.RaftServer$Division (RaftServerImpl.java:requestVote(1377)) - 35bb34bc-f9d7-49f2-90a3-8bcd6ca0b53b@group-9735F55147B9: receive requestVote(PRE_VOTE, 6ad9de2f-8cae-4626-ab4a-3c10d9751b2a, group-9735F55147B9, 0, (t:0, i:0))
2023-12-21 09:24:39,459 [grpc-default-executor-0] INFO  impl.VoteContext (VoteContext.java:log(49)) - 981caf93-6f40-449f-9dad-f58530f26ff1@group-9735F55147B9-FOLLOWER: accept PRE_VOTE from 6ad9de2f-8cae-4626-ab4a-3c10d9751b2a: our priority 0 <= candidate's priority 0
2023-12-21 09:24:39,459 [grpc-default-executor-1] INFO  impl.VoteContext (VoteContext.java:log(49)) - 35bb34bc-f9d7-49f2-90a3-8bcd6ca0b53b@group-9735F55147B9-FOLLOWER: reject PRE_VOTE from 6ad9de2f-8cae-4626-ab4a-3c10d9751b2a: our priority 1 > candidate's priority 0
2023-12-21 09:24:39,460 [grpc-default-executor-0] INFO  server.RaftServer$Division (RaftServerImpl.java:requestVote(1410)) - 981caf93-6f40-449f-9dad-f58530f26ff1@group-9735F55147B9 replies to PRE_VOTE vote request: 6ad9de2f-8cae-4626-ab4a-3c10d9751b2a<-981caf93-6f40-449f-9dad-f58530f26ff1#0:OK-t0. Peer's state: 981caf93-6f40-449f-9dad-f58530f26ff1@group-9735F55147B9:t0, leader=null, voted=, raftlog=Memoized:981caf93-6f40-449f-9dad-f58530f26ff1@group-9735F55147B9-SegmentedRaftLog:OPENED:c-1, conf=-1: peers:[6ad9de2f-8cae-4626-ab4a-3c10d9751b2a|10.1.0.5:15192, 35bb34bc-f9d7-49f2-90a3-8bcd6ca0b53b|10.1.0.5:15201, 981caf93-6f40-449f-9dad-f58530f26ff1|10.1.0.5:15210]|listeners:[], old=null
2023-12-21 09:24:39,460 [grpc-default-executor-1] INFO  server.RaftServer$Division (RaftServerImpl.java:requestVote(1410)) - 35bb34bc-f9d7-49f2-90a3-8bcd6ca0b53b@group-9735F55147B9 replies to PRE_VOTE vote request: 6ad9de2f-8cae-4626-ab4a-3c10d9751b2a<-35bb34bc-f9d7-49f2-90a3-8bcd6ca0b53b#0:FAIL-t0. Peer's state: 35bb34bc-f9d7-49f2-90a3-8bcd6ca0b53b@group-9735F55147B9:t0, leader=null, voted=, raftlog=Memoized:35bb34bc-f9d7-49f2-90a3-8bcd6ca0b53b@group-9735F55147B9-SegmentedRaftLog:OPENED:c-1, conf=-1: peers:[6ad9de2f-8cae-4626-ab4a-3c10d9751b2a|10.1.0.5:15192, 35bb34bc-f9d7-49f2-90a3-8bcd6ca0b53b|10.1.0.5:15201, 981caf93-6f40-449f-9dad-f58530f26ff1|10.1.0.5:15210]|listeners:[], old=null
2023-12-21 09:24:39,462 [6ad9de2f-8cae-4626-ab4a-3c10d9751b2a@group-9735F55147B9-LeaderElection37] INFO  impl.LeaderElection (LeaderElection.java:logAndReturn(89)) - 6ad9de2f-8cae-4626-ab4a-3c10d9751b2a@group-9735F55147B9-LeaderElection37: PRE_VOTE REJECTED received 2 response(s) and 0 exception(s):
2023-12-21 09:24:39,462 [6ad9de2f-8cae-4626-ab4a-3c10d9751b2a@group-9735F55147B9-LeaderElection37] INFO  impl.LeaderElection (LeaderElection.java:logAndReturn(93)) -   Response 0: 6ad9de2f-8cae-4626-ab4a-3c10d9751b2a<-35bb34bc-f9d7-49f2-90a3-8bcd6ca0b53b#0:FAIL-t0
2023-12-21 09:24:39,462 [6ad9de2f-8cae-4626-ab4a-3c10d9751b2a@group-9735F55147B9-LeaderElection37] INFO  impl.LeaderElection (LeaderElection.java:logAndReturn(93)) -   Response 1: 6ad9de2f-8cae-4626-ab4a-3c10d9751b2a<-981caf93-6f40-449f-9dad-f58530f26ff1#0:OK-t0
2023-12-21 09:24:39,462 [6ad9de2f-8cae-4626-ab4a-3c10d9751b2a@group-9735F55147B9-LeaderElection37] INFO  impl.LeaderElection (LeaderElection.java:askForVotes(325)) - 6ad9de2f-8cae-4626-ab4a-3c10d9751b2a@group-9735F55147B9-LeaderElection37 PRE_VOTE round 0: result REJECTED
2023-12-21 09:24:39,462 [6ad9de2f-8cae-4626-ab4a-3c10d9751b2a@group-9735F55147B9-LeaderElection37] INFO  server.RaftServer$Division (RaftServerImpl.java:setRole(379)) - 6ad9de2f-8cae-4626-ab4a-3c10d9751b2a@group-9735F55147B9: changes role from CANDIDATE to FOLLOWER at term 0 for REJECTED
2023-12-21 09:24:39,462 [6ad9de2f-8cae-4626-ab4a-3c10d9751b2a@group-9735F55147B9-LeaderElection37] INFO  impl.RoleInfo (RoleInfo.java:shutdownLeaderElection(130)) - 6ad9de2f-8cae-4626-ab4a-3c10d9751b2a: shutdown 6ad9de2f-8cae-4626-ab4a-3c10d9751b2a@group-9735F55147B9-LeaderElection37
2023-12-21 09:24:39,462 [6ad9de2f-8cae-4626-ab4a-3c10d9751b2a@group-9735F55147B9-LeaderElection37] INFO  impl.RoleInfo (RoleInfo.java:updateAndGet(139)) - 6ad9de2f-8cae-4626-ab4a-3c10d9751b2a: start 6ad9de2f-8cae-4626-ab4a-3c10d9751b2a@group-9735F55147B9-FollowerState
2023-12-21 09:24:39,462 [6ad9de2f-8cae-4626-ab4a-3c10d9751b2a@group-9735F55147B9-LeaderElection37] INFO  server.RaftServer$Division (RaftServerImpl.java:setFirstElection(564)) - 6ad9de2f-8cae-4626-ab4a-3c10d9751b2a@group-9735F55147B9: set firstElectionSinceStartup to false for REJECTED
2023-12-21 09:24:39,516 [981caf93-6f40-449f-9dad-f58530f26ff1@group-9735F55147B9-FollowerState] INFO  server.RaftServerConfigKeys (ConfUtils.java:logFallback(53)) - raft.server.rpc.first-election.timeout.min = 5s (fallback to raft.server.rpc.timeout.min)
2023-12-21 09:24:39,517 [981caf93-6f40-449f-9dad-f58530f26ff1@group-9735F55147B9-FollowerState] INFO  server.RaftServerConfigKeys (ConfUtils.java:logFallback(53)) - raft.server.rpc.first-election.timeout.max = 5200ms (fallback to raft.server.rpc.timeout.max)
2023-12-21 09:24:39,521 [35bb34bc-f9d7-49f2-90a3-8bcd6ca0b53b@group-9735F55147B9-FollowerState] INFO  impl.FollowerState (FollowerState.java:run(143)) - 35bb34bc-f9d7-49f2-90a3-8bcd6ca0b53b@group-9735F55147B9-FollowerState: change to CANDIDATE, lastRpcElapsedTime:5115256398ns, electionTimeout:5112ms
2023-12-21 09:24:39,521 [35bb34bc-f9d7-49f2-90a3-8bcd6ca0b53b@group-9735F55147B9-FollowerState] INFO  impl.RoleInfo (RoleInfo.java:shutdownFollowerState(110)) - 35bb34bc-f9d7-49f2-90a3-8bcd6ca0b53b: shutdown 35bb34bc-f9d7-49f2-90a3-8bcd6ca0b53b@group-9735F55147B9-FollowerState
2023-12-21 09:24:39,521 [35bb34bc-f9d7-49f2-90a3-8bcd6ca0b53b@group-9735F55147B9-FollowerState] INFO  server.RaftServer$Division (RaftServerImpl.java:setRole(379)) - 35bb34bc-f9d7-49f2-90a3-8bcd6ca0b53b@group-9735F55147B9: changes role from  FOLLOWER to CANDIDATE at term 0 for changeToCandidate
2023-12-21 09:24:39,521 [35bb34bc-f9d7-49f2-90a3-8bcd6ca0b53b@group-9735F55147B9-FollowerState] INFO  server.RaftServerConfigKeys (ConfUtils.java:logGet(46)) - raft.server.leaderelection.pre-vote = true (default)
2023-12-21 09:24:39,521 [35bb34bc-f9d7-49f2-90a3-8bcd6ca0b53b@group-9735F55147B9-FollowerState] INFO  impl.RoleInfo (RoleInfo.java:updateAndGet(139)) - 35bb34bc-f9d7-49f2-90a3-8bcd6ca0b53b: start 35bb34bc-f9d7-49f2-90a3-8bcd6ca0b53b@group-9735F55147B9-LeaderElection38
2023-12-21 09:24:39,522 [35bb34bc-f9d7-49f2-90a3-8bcd6ca0b53b@group-9735F55147B9-LeaderElection38] INFO  impl.LeaderElection (LeaderElection.java:askForVotes(323)) - 35bb34bc-f9d7-49f2-90a3-8bcd6ca0b53b@group-9735F55147B9-LeaderElection38 PRE_VOTE round 0: submit vote requests at term 0 for -1: peers:[6ad9de2f-8cae-4626-ab4a-3c10d9751b2a|10.1.0.5:15192, 35bb34bc-f9d7-49f2-90a3-8bcd6ca0b53b|10.1.0.5:15201, 981caf93-6f40-449f-9dad-f58530f26ff1|10.1.0.5:15210]|listeners:[], old=null
2023-12-21 09:24:39,523 [35bb34bc-f9d7-49f2-90a3-8bcd6ca0b53b@group-9735F55147B9-LeaderElection38-1] INFO  server.GrpcServerProtocolClient (GrpcServerProtocolClient.java:<init>(65)) - Build channel for 6ad9de2f-8cae-4626-ab4a-3c10d9751b2a
2023-12-21 09:24:39,523 [35bb34bc-f9d7-49f2-90a3-8bcd6ca0b53b@group-9735F55147B9-LeaderElection38-2] INFO  server.GrpcServerProtocolClient (GrpcServerProtocolClient.java:<init>(65)) - Build channel for 981caf93-6f40-449f-9dad-f58530f26ff1
2023-12-21 09:24:39,523 [35bb34bc-f9d7-49f2-90a3-8bcd6ca0b53b@group-9735F55147B9-LeaderElection38] INFO  server.RaftServerConfigKeys (ConfUtils.java:logFallback(53)) - raft.server.rpc.first-election.timeout.min = 5s (fallback to raft.server.rpc.timeout.min)
2023-12-21 09:24:39,523 [35bb34bc-f9d7-49f2-90a3-8bcd6ca0b53b@group-9735F55147B9-LeaderElection38] INFO  server.RaftServerConfigKeys (ConfUtils.java:logFallback(53)) - raft.server.rpc.first-election.timeout.max = 5200ms (fallback to raft.server.rpc.timeout.max)
2023-12-21 09:24:39,527 [grpc-default-executor-1] INFO  server.RaftServer$Division (RaftServerImpl.java:requestVote(1377)) - 981caf93-6f40-449f-9dad-f58530f26ff1@group-9735F55147B9: receive requestVote(PRE_VOTE, 35bb34bc-f9d7-49f2-90a3-8bcd6ca0b53b, group-9735F55147B9, 0, (t:0, i:0))
2023-12-21 09:24:39,527 [grpc-default-executor-1] INFO  impl.VoteContext (VoteContext.java:log(49)) - 981caf93-6f40-449f-9dad-f58530f26ff1@group-9735F55147B9-FOLLOWER: accept PRE_VOTE from 35bb34bc-f9d7-49f2-90a3-8bcd6ca0b53b: our priority 0 <= candidate's priority 1
2023-12-21 09:24:39,527 [grpc-default-executor-1] INFO  server.RaftServer$Division (RaftServerImpl.java:requestVote(1410)) - 981caf93-6f40-449f-9dad-f58530f26ff1@group-9735F55147B9 replies to PRE_VOTE vote request: 35bb34bc-f9d7-49f2-90a3-8bcd6ca0b53b<-981caf93-6f40-449f-9dad-f58530f26ff1#0:OK-t0. Peer's state: 981caf93-6f40-449f-9dad-f58530f26ff1@group-9735F55147B9:t0, leader=null, voted=, raftlog=Memoized:981caf93-6f40-449f-9dad-f58530f26ff1@group-9735F55147B9-SegmentedRaftLog:OPENED:c-1, conf=-1: peers:[6ad9de2f-8cae-4626-ab4a-3c10d9751b2a|10.1.0.5:15192, 35bb34bc-f9d7-49f2-90a3-8bcd6ca0b53b|10.1.0.5:15201, 981caf93-6f40-449f-9dad-f58530f26ff1|10.1.0.5:15210]|listeners:[], old=null
2023-12-21 09:24:39,528 [grpc-default-executor-1] INFO  server.RaftServer$Division (RaftServerImpl.java:requestVote(1377)) - 6ad9de2f-8cae-4626-ab4a-3c10d9751b2a@group-9735F55147B9: receive requestVote(PRE_VOTE, 35bb34bc-f9d7-49f2-90a3-8bcd6ca0b53b, group-9735F55147B9, 0, (t:0, i:0))
2023-12-21 09:24:39,528 [35bb34bc-f9d7-49f2-90a3-8bcd6ca0b53b@group-9735F55147B9-LeaderElection38] INFO  impl.LeaderElection (LeaderElection.java:logAndReturn(89)) - 35bb34bc-f9d7-49f2-90a3-8bcd6ca0b53b@group-9735F55147B9-LeaderElection38: PRE_VOTE PASSED received 1 response(s) and 0 exception(s):
2023-12-21 09:24:39,528 [35bb34bc-f9d7-49f2-90a3-8bcd6ca0b53b@group-9735F55147B9-LeaderElection38] INFO  impl.LeaderElection (LeaderElection.java:logAndReturn(93)) -   Response 0: 35bb34bc-f9d7-49f2-90a3-8bcd6ca0b53b<-981caf93-6f40-449f-9dad-f58530f26ff1#0:OK-t0
2023-12-21 09:24:39,528 [grpc-default-executor-1] INFO  impl.VoteContext (VoteContext.java:log(49)) - 6ad9de2f-8cae-4626-ab4a-3c10d9751b2a@group-9735F55147B9-FOLLOWER: accept PRE_VOTE from 35bb34bc-f9d7-49f2-90a3-8bcd6ca0b53b: our priority 0 <= candidate's priority 1
2023-12-21 09:24:39,529 [grpc-default-executor-1] INFO  server.RaftServer$Division (RaftServerImpl.java:requestVote(1410)) - 6ad9de2f-8cae-4626-ab4a-3c10d9751b2a@group-9735F55147B9 replies to PRE_VOTE vote request: 35bb34bc-f9d7-49f2-90a3-8bcd6ca0b53b<-6ad9de2f-8cae-4626-ab4a-3c10d9751b2a#0:OK-t0. Peer's state: 6ad9de2f-8cae-4626-ab4a-3c10d9751b2a@group-9735F55147B9:t0, leader=null, voted=, raftlog=Memoized:6ad9de2f-8cae-4626-ab4a-3c10d9751b2a@group-9735F55147B9-SegmentedRaftLog:OPENED:c-1, conf=-1: peers:[6ad9de2f-8cae-4626-ab4a-3c10d9751b2a|10.1.0.5:15192, 35bb34bc-f9d7-49f2-90a3-8bcd6ca0b53b|10.1.0.5:15201, 981caf93-6f40-449f-9dad-f58530f26ff1|10.1.0.5:15210]|listeners:[], old=null
2023-12-21 09:24:39,528 [35bb34bc-f9d7-49f2-90a3-8bcd6ca0b53b@group-9735F55147B9-LeaderElection38] INFO  impl.LeaderElection (LeaderElection.java:askForVotes(325)) - 35bb34bc-f9d7-49f2-90a3-8bcd6ca0b53b@group-9735F55147B9-LeaderElection38 PRE_VOTE round 0: result PASSED
2023-12-21 09:24:39,530 [35bb34bc-f9d7-49f2-90a3-8bcd6ca0b53b@group-902FD70C1046-FollowerState] INFO  impl.FollowerState (FollowerState.java:run(143)) - 35bb34bc-f9d7-49f2-90a3-8bcd6ca0b53b@group-902FD70C1046-FollowerState: change to CANDIDATE, lastRpcElapsedTime:5089909497ns, electionTimeout:5089ms
2023-12-21 09:24:39,530 [35bb34bc-f9d7-49f2-90a3-8bcd6ca0b53b@group-902FD70C1046-FollowerState] INFO  impl.RoleInfo (RoleInfo.java:shutdownFollowerState(110)) - 35bb34bc-f9d7-49f2-90a3-8bcd6ca0b53b: shutdown 35bb34bc-f9d7-49f2-90a3-8bcd6ca0b53b@group-902FD70C1046-FollowerState
2023-12-21 09:24:39,530 [35bb34bc-f9d7-49f2-90a3-8bcd6ca0b53b@group-902FD70C1046-FollowerState] INFO  server.RaftServer$Division (RaftServerImpl.java:setRole(379)) - 35bb34bc-f9d7-49f2-90a3-8bcd6ca0b53b@group-902FD70C1046: changes role from  FOLLOWER to CANDIDATE at term 0 for changeToCandidate
2023-12-21 09:24:39,530 [35bb34bc-f9d7-49f2-90a3-8bcd6ca0b53b@group-902FD70C1046-FollowerState] INFO  server.RaftServerConfigKeys (ConfUtils.java:logGet(46)) - raft.server.leaderelection.pre-vote = true (default)
2023-12-21 09:24:39,530 [35bb34bc-f9d7-49f2-90a3-8bcd6ca0b53b@group-902FD70C1046-FollowerState] INFO  impl.RoleInfo (RoleInfo.java:updateAndGet(139)) - 35bb34bc-f9d7-49f2-90a3-8bcd6ca0b53b: start 35bb34bc-f9d7-49f2-90a3-8bcd6ca0b53b@group-902FD70C1046-LeaderElection39
2023-12-21 09:24:39,532 [35bb34bc-f9d7-49f2-90a3-8bcd6ca0b53b@group-9735F55147B9-LeaderElection38] INFO  impl.LeaderElection (LeaderElection.java:askForVotes(323)) - 35bb34bc-f9d7-49f2-90a3-8bcd6ca0b53b@group-9735F55147B9-LeaderElection38 ELECTION round 0: submit vote requests at term 1 for -1: peers:[6ad9de2f-8cae-4626-ab4a-3c10d9751b2a|10.1.0.5:15192, 35bb34bc-f9d7-49f2-90a3-8bcd6ca0b53b|10.1.0.5:15201, 981caf93-6f40-449f-9dad-f58530f26ff1|10.1.0.5:15210]|listeners:[], old=null
2023-12-21 09:24:39,533 [grpc-default-executor-1] INFO  server.RaftServer$Division (RaftServerImpl.java:requestVote(1377)) - 6ad9de2f-8cae-4626-ab4a-3c10d9751b2a@group-9735F55147B9: receive requestVote(ELECTION, 35bb34bc-f9d7-49f2-90a3-8bcd6ca0b53b, group-9735F55147B9, 1, (t:0, i:0))
2023-12-21 09:24:39,533 [grpc-default-executor-1] INFO  impl.VoteContext (VoteContext.java:log(49)) - 6ad9de2f-8cae-4626-ab4a-3c10d9751b2a@group-9735F55147B9-FOLLOWER: accept ELECTION from 35bb34bc-f9d7-49f2-90a3-8bcd6ca0b53b: our priority 0 <= candidate's priority 1
2023-12-21 09:24:39,533 [grpc-default-executor-1] INFO  server.RaftServer$Division (RaftServerImpl.java:setRole(379)) - 6ad9de2f-8cae-4626-ab4a-3c10d9751b2a@group-9735F55147B9: changes role from  FOLLOWER to FOLLOWER at term 1 for candidate:35bb34bc-f9d7-49f2-90a3-8bcd6ca0b53b
2023-12-21 09:24:39,533 [grpc-default-executor-1] INFO  impl.RoleInfo (RoleInfo.java:shutdownFollowerState(110)) - 6ad9de2f-8cae-4626-ab4a-3c10d9751b2a: shutdown 6ad9de2f-8cae-4626-ab4a-3c10d9751b2a@group-9735F55147B9-FollowerState
2023-12-21 09:24:39,535 [35bb34bc-f9d7-49f2-90a3-8bcd6ca0b53b@group-9735F55147B9-LeaderElection38] INFO  server.RaftServerConfigKeys (ConfUtils.java:logFallback(53)) - raft.server.rpc.first-election.timeout.min = 5s (fallback to raft.server.rpc.timeout.min)
2023-12-21 09:24:39,535 [grpc-default-executor-1] INFO  impl.RoleInfo (RoleInfo.java:updateAndGet(139)) - 6ad9de2f-8cae-4626-ab4a-3c10d9751b2a: start 6ad9de2f-8cae-4626-ab4a-3c10d9751b2a@group-9735F55147B9-FollowerState
2023-12-21 09:24:39,535 [35bb34bc-f9d7-49f2-90a3-8bcd6ca0b53b@group-9735F55147B9-LeaderElection38] INFO  server.RaftServerConfigKeys (ConfUtils.java:logFallback(53)) - raft.server.rpc.first-election.timeout.max = 5200ms (fallback to raft.server.rpc.timeout.max)
2023-12-21 09:24:39,535 [6ad9de2f-8cae-4626-ab4a-3c10d9751b2a@group-9735F55147B9-FollowerState] INFO  impl.FollowerState (FollowerState.java:run(152)) - 6ad9de2f-8cae-4626-ab4a-3c10d9751b2a@group-9735F55147B9-FollowerState was interrupted
2023-12-21 09:24:39,537 [35bb34bc-f9d7-49f2-90a3-8bcd6ca0b53b@group-902FD70C1046-LeaderElection39] INFO  impl.LeaderElection (LeaderElection.java:askForVotes(323)) - 35bb34bc-f9d7-49f2-90a3-8bcd6ca0b53b@group-902FD70C1046-LeaderElection39 PRE_VOTE round 0: submit vote requests at term 0 for -1: peers:[35bb34bc-f9d7-49f2-90a3-8bcd6ca0b53b|10.1.0.5:15201]|listeners:[], old=null
2023-12-21 09:24:39,538 [35bb34bc-f9d7-49f2-90a3-8bcd6ca0b53b@group-902FD70C1046-LeaderElection39] INFO  impl.LeaderElection (LeaderElection.java:askForVotes(325)) - 35bb34bc-f9d7-49f2-90a3-8bcd6ca0b53b@group-902FD70C1046-LeaderElection39 PRE_VOTE round 0: result PASSED (term=0)
2023-12-21 09:24:39,538 [grpc-default-executor-1] INFO  server.RaftServer$Division (RaftServerImpl.java:requestVote(1410)) - 6ad9de2f-8cae-4626-ab4a-3c10d9751b2a@group-9735F55147B9 replies to ELECTION vote request: 35bb34bc-f9d7-49f2-90a3-8bcd6ca0b53b<-6ad9de2f-8cae-4626-ab4a-3c10d9751b2a#0:OK-t1. Peer's state: 6ad9de2f-8cae-4626-ab4a-3c10d9751b2a@group-9735F55147B9:t1, leader=null, voted=35bb34bc-f9d7-49f2-90a3-8bcd6ca0b53b, raftlog=Memoized:6ad9de2f-8cae-4626-ab4a-3c10d9751b2a@group-9735F55147B9-SegmentedRaftLog:OPENED:c-1, conf=-1: peers:[6ad9de2f-8cae-4626-ab4a-3c10d9751b2a|10.1.0.5:15192, 35bb34bc-f9d7-49f2-90a3-8bcd6ca0b53b|10.1.0.5:15201, 981caf93-6f40-449f-9dad-f58530f26ff1|10.1.0.5:15210]|listeners:[], old=null
2023-12-21 09:24:39,539 [grpc-default-executor-1] INFO  server.RaftServer$Division (RaftServerImpl.java:requestVote(1377)) - 981caf93-6f40-449f-9dad-f58530f26ff1@group-9735F55147B9: receive requestVote(ELECTION, 35bb34bc-f9d7-49f2-90a3-8bcd6ca0b53b, group-9735F55147B9, 1, (t:0, i:0))
2023-12-21 09:24:39,539 [35bb34bc-f9d7-49f2-90a3-8bcd6ca0b53b@group-902FD70C1046-LeaderElection39] INFO  impl.LeaderElection (LeaderElection.java:askForVotes(323)) - 35bb34bc-f9d7-49f2-90a3-8bcd6ca0b53b@group-902FD70C1046-LeaderElection39 ELECTION round 0: submit vote requests at term 1 for -1: peers:[35bb34bc-f9d7-49f2-90a3-8bcd6ca0b53b|10.1.0.5:15201]|listeners:[], old=null
2023-12-21 09:24:39,539 [grpc-default-executor-1] INFO  impl.VoteContext (VoteContext.java:log(49)) - 981caf93-6f40-449f-9dad-f58530f26ff1@group-9735F55147B9-FOLLOWER: accept ELECTION from 35bb34bc-f9d7-49f2-90a3-8bcd6ca0b53b: our priority 0 <= candidate's priority 1
2023-12-21 09:24:39,539 [35bb34bc-f9d7-49f2-90a3-8bcd6ca0b53b@group-902FD70C1046-LeaderElection39] INFO  impl.LeaderElection (LeaderElection.java:askForVotes(325)) - 35bb34bc-f9d7-49f2-90a3-8bcd6ca0b53b@group-902FD70C1046-LeaderElection39 ELECTION round 0: result PASSED (term=1)
2023-12-21 09:24:39,539 [grpc-default-executor-1] INFO  server.RaftServer$Division (RaftServerImpl.java:setRole(379)) - 981caf93-6f40-449f-9dad-f58530f26ff1@group-9735F55147B9: changes role from  FOLLOWER to FOLLOWER at term 1 for candidate:35bb34bc-f9d7-49f2-90a3-8bcd6ca0b53b
2023-12-21 09:24:39,539 [grpc-default-executor-1] INFO  impl.RoleInfo (RoleInfo.java:shutdownFollowerState(110)) - 981caf93-6f40-449f-9dad-f58530f26ff1: shutdown 981caf93-6f40-449f-9dad-f58530f26ff1@group-9735F55147B9-FollowerState
2023-12-21 09:24:39,539 [35bb34bc-f9d7-49f2-90a3-8bcd6ca0b53b@group-902FD70C1046-LeaderElection39] INFO  impl.RoleInfo (RoleInfo.java:shutdownLeaderElection(130)) - 35bb34bc-f9d7-49f2-90a3-8bcd6ca0b53b: shutdown 35bb34bc-f9d7-49f2-90a3-8bcd6ca0b53b@group-902FD70C1046-LeaderElection39
2023-12-21 09:24:39,539 [grpc-default-executor-1] INFO  impl.RoleInfo (RoleInfo.java:updateAndGet(139)) - 981caf93-6f40-449f-9dad-f58530f26ff1: start 981caf93-6f40-449f-9dad-f58530f26ff1@group-9735F55147B9-FollowerState
2023-12-21 09:24:39,539 [981caf93-6f40-449f-9dad-f58530f26ff1@group-9735F55147B9-FollowerState] INFO  impl.FollowerState (FollowerState.java:run(152)) - 981caf93-6f40-449f-9dad-f58530f26ff1@group-9735F55147B9-FollowerState was interrupted
2023-12-21 09:24:39,539 [35bb34bc-f9d7-49f2-90a3-8bcd6ca0b53b@group-902FD70C1046-LeaderElection39] INFO  server.RaftServer$Division (RaftServerImpl.java:setRole(379)) - 35bb34bc-f9d7-49f2-90a3-8bcd6ca0b53b@group-902FD70C1046: changes role from CANDIDATE to LEADER at term 1 for changeToLeader
2023-12-21 09:24:39,539 [grpc-default-executor-1] INFO  server.RaftServer$Division (RaftServerImpl.java:setFirstElection(564)) - 981caf93-6f40-449f-9dad-f58530f26ff1@group-9735F55147B9: set firstElectionSinceStartup to false for candidate:35bb34bc-f9d7-49f2-90a3-8bcd6ca0b53b
2023-12-21 09:24:39,539 [35bb34bc-f9d7-49f2-90a3-8bcd6ca0b53b@group-902FD70C1046-LeaderElection39] INFO  server.RaftServerConfigKeys (ConfUtils.java:logGet(46)) - raft.server.staging.catchup.gap = 1000 (default)
2023-12-21 09:24:39,539 [35bb34bc-f9d7-49f2-90a3-8bcd6ca0b53b@group-902FD70C1046-LeaderElection39] INFO  server.RaftServerConfigKeys (ConfUtils.java:logGet(46)) - raft.server.write.element-limit = 1024 (custom)
2023-12-21 09:24:39,541 [35bb34bc-f9d7-49f2-90a3-8bcd6ca0b53b@group-9735F55147B9-LeaderElection38] INFO  impl.LeaderElection (LeaderElection.java:logAndReturn(89)) - 35bb34bc-f9d7-49f2-90a3-8bcd6ca0b53b@group-9735F55147B9-LeaderElection38: ELECTION PASSED received 1 response(s) and 0 exception(s):
2023-12-21 09:24:39,541 [35bb34bc-f9d7-49f2-90a3-8bcd6ca0b53b@group-9735F55147B9-LeaderElection38] INFO  impl.LeaderElection (LeaderElection.java:logAndReturn(93)) -   Response 0: 35bb34bc-f9d7-49f2-90a3-8bcd6ca0b53b<-6ad9de2f-8cae-4626-ab4a-3c10d9751b2a#0:OK-t1
2023-12-21 09:24:39,542 [35bb34bc-f9d7-49f2-90a3-8bcd6ca0b53b@group-9735F55147B9-LeaderElection38] INFO  impl.LeaderElection (LeaderElection.java:askForVotes(325)) - 35bb34bc-f9d7-49f2-90a3-8bcd6ca0b53b@group-9735F55147B9-LeaderElection38 ELECTION round 0: result PASSED
2023-12-21 09:24:39,542 [35bb34bc-f9d7-49f2-90a3-8bcd6ca0b53b@group-9735F55147B9-LeaderElection38] INFO  impl.RoleInfo (RoleInfo.java:shutdownLeaderElection(130)) - 35bb34bc-f9d7-49f2-90a3-8bcd6ca0b53b: shutdown 35bb34bc-f9d7-49f2-90a3-8bcd6ca0b53b@group-9735F55147B9-LeaderElection38
2023-12-21 09:24:39,542 [35bb34bc-f9d7-49f2-90a3-8bcd6ca0b53b@group-9735F55147B9-LeaderElection38] INFO  server.RaftServer$Division (RaftServerImpl.java:setRole(379)) - 35bb34bc-f9d7-49f2-90a3-8bcd6ca0b53b@group-9735F55147B9: changes role from CANDIDATE to LEADER at term 1 for changeToLeader
2023-12-21 09:24:39,542 [35bb34bc-f9d7-49f2-90a3-8bcd6ca0b53b@group-9735F55147B9-LeaderElection38] INFO  server.RaftServerConfigKeys (ConfUtils.java:logGet(46)) - raft.server.staging.catchup.gap = 1000 (default)
2023-12-21 09:24:39,542 [35bb34bc-f9d7-49f2-90a3-8bcd6ca0b53b@group-9735F55147B9-LeaderElection38] INFO  server.RaftServerConfigKeys (ConfUtils.java:logGet(46)) - raft.server.write.element-limit = 1024 (custom)
2023-12-21 09:24:39,542 [35bb34bc-f9d7-49f2-90a3-8bcd6ca0b53b@group-9735F55147B9-LeaderElection38] INFO  server.RaftServerConfigKeys (ConfUtils.java:logGet(46)) - raft.server.write.byte-limit = 1024 M (=1073741824) (custom)
2023-12-21 09:24:39,542 [35bb34bc-f9d7-49f2-90a3-8bcd6ca0b53b@group-9735F55147B9-LeaderElection38] INFO  server.RaftServerConfigKeys (ConfUtils.java:logGet(46)) - raft.server.watch.timeout = 3000ms (custom)
2023-12-21 09:24:39,542 [35bb34bc-f9d7-49f2-90a3-8bcd6ca0b53b@group-9735F55147B9-LeaderElection38] INFO  server.RaftServerConfigKeys (ConfUtils.java:logGet(46)) - raft.server.watch.timeout.denomination = 1s (default)
2023-12-21 09:24:39,542 [35bb34bc-f9d7-49f2-90a3-8bcd6ca0b53b@group-9735F55147B9-LeaderElection38] INFO  server.RaftServerConfigKeys (ConfUtils.java:logGet(46)) - raft.server.watch.element-limit = 65536 (default)
2023-12-21 09:24:39,542 [35bb34bc-f9d7-49f2-90a3-8bcd6ca0b53b@group-9735F55147B9-LeaderElection38] INFO  server.RaftServerConfigKeys (ConfUtils.java:logGet(46)) - raft.server.read.leader.lease.enabled = false (default)
2023-12-21 09:24:39,542 [35bb34bc-f9d7-49f2-90a3-8bcd6ca0b53b@group-9735F55147B9-LeaderElection38] INFO  server.RaftServerConfigKeys (ConfUtils.java:logGet(46)) - raft.server.read.leader.lease.timeout.ratio = 0.9 (default)
2023-12-21 09:24:39,542 [35bb34bc-f9d7-49f2-90a3-8bcd6ca0b53b@group-9735F55147B9-LeaderElection38] INFO  server.RaftServerConfigKeys (ConfUtils.java:logGet(46)) - raft.server.rpc.timeout.min = 5s (custom)
2023-12-21 09:24:39,542 [35bb34bc-f9d7-49f2-90a3-8bcd6ca0b53b@group-9735F55147B9-LeaderElection38] INFO  server.RaftServerConfigKeys (ConfUtils.java:logGet(46)) - raft.server.write.element-limit = 1024 (custom)
2023-12-21 09:24:39,542 [35bb34bc-f9d7-49f2-90a3-8bcd6ca0b53b@group-9735F55147B9-LeaderElection38] INFO  server.RaftServerConfigKeys (ConfUtils.java:logGet(46)) - raft.server.write.follower.gap.ratio.max = -1.0 (default)
2023-12-21 09:24:39,543 [35bb34bc-f9d7-49f2-90a3-8bcd6ca0b53b@group-9735F55147B9-LeaderElection38] INFO  server.RaftServerConfigKeys (ConfUtils.java:logGet(46)) - raft.server.log.appender.snapshot.chunk.size.max = 16MB (=16777216) (default)
2023-12-21 09:24:39,543 [35bb34bc-f9d7-49f2-90a3-8bcd6ca0b53b@group-9735F55147B9-LeaderElection38] INFO  server.RaftServerConfigKeys (ConfUtils.java:logGet(46)) - raft.server.log.appender.buffer.byte-limit = 8388608 (custom)
2023-12-21 09:24:39,543 [35bb34bc-f9d7-49f2-90a3-8bcd6ca0b53b@group-9735F55147B9-LeaderElection38] INFO  server.RaftServerConfigKeys (ConfUtils.java:logGet(46)) - raft.server.log.appender.buffer.element-limit = 1 (custom)
2023-12-21 09:24:39,543 [35bb34bc-f9d7-49f2-90a3-8bcd6ca0b53b@group-9735F55147B9-LeaderElection38] INFO  server.RaftServerConfigKeys (ConfUtils.java:logGet(46)) - raft.server.log.appender.wait-time.min = 0ms (custom)
2023-12-21 09:24:39,543 [35bb34bc-f9d7-49f2-90a3-8bcd6ca0b53b@group-9735F55147B9-LeaderElection38] INFO  grpc.GrpcConfigKeys (ConfUtils.java:logGet(46)) - raft.grpc.server.leader.outstanding.appends.max = 8 (default)
2023-12-21 09:24:39,543 [35bb34bc-f9d7-49f2-90a3-8bcd6ca0b53b@group-9735F55147B9-LeaderElection38] INFO  server.RaftServerConfigKeys (ConfUtils.java:logGet(46)) - raft.server.rpc.request.timeout = 3000ms (default)
2023-12-21 09:24:39,543 [35bb34bc-f9d7-49f2-90a3-8bcd6ca0b53b@group-9735F55147B9-LeaderElection38] INFO  grpc.GrpcConfigKeys (ConfUtils.java:logGet(46)) - raft.grpc.server.install_snapshot.request.element-limit = 8 (default)
2023-12-21 09:24:39,543 [35bb34bc-f9d7-49f2-90a3-8bcd6ca0b53b@group-9735F55147B9-LeaderElection38] INFO  grpc.GrpcConfigKeys (ConfUtils.java:logGet(46)) - raft.grpc.server.install_snapshot.request.timeout = 3000ms (default)
2023-12-21 09:24:39,543 [35bb34bc-f9d7-49f2-90a3-8bcd6ca0b53b@group-9735F55147B9-LeaderElection38] INFO  server.RaftServerConfigKeys (ConfUtils.java:logGet(46)) - raft.server.log.appender.install.snapshot.enabled = false (custom)
2023-12-21 09:24:39,543 [35bb34bc-f9d7-49f2-90a3-8bcd6ca0b53b@group-9735F55147B9-LeaderElection38] INFO  grpc.GrpcConfigKeys (ConfUtils.java:logGet(46)) - raft.grpc.server.heartbeat.channel = true (default)
2023-12-21 09:24:39,544 [35bb34bc-f9d7-49f2-90a3-8bcd6ca0b53b@group-9735F55147B9-LeaderElection38] INFO  server.RaftServerConfigKeys (ConfUtils.java:logGet(46)) - raft.server.log.appender.snapshot.chunk.size.max = 16MB (=16777216) (default)
2023-12-21 09:24:39,544 [35bb34bc-f9d7-49f2-90a3-8bcd6ca0b53b@group-902FD70C1046-LeaderElection39] INFO  server.RaftServerConfigKeys (ConfUtils.java:logGet(46)) - raft.server.write.byte-limit = 1024 M (=1073741824) (custom)
2023-12-21 09:24:39,544 [35bb34bc-f9d7-49f2-90a3-8bcd6ca0b53b@group-902FD70C1046-LeaderElection39] INFO  server.RaftServerConfigKeys (ConfUtils.java:logGet(46)) - raft.server.watch.timeout = 3000ms (custom)
2023-12-21 09:24:39,544 [35bb34bc-f9d7-49f2-90a3-8bcd6ca0b53b@group-902FD70C1046-LeaderElection39] INFO  server.RaftServerConfigKeys (ConfUtils.java:logGet(46)) - raft.server.watch.timeout.denomination = 1s (default)
2023-12-21 09:24:39,544 [35bb34bc-f9d7-49f2-90a3-8bcd6ca0b53b@group-902FD70C1046-LeaderElection39] INFO  server.RaftServerConfigKeys (ConfUtils.java:logGet(46)) - raft.server.watch.element-limit = 65536 (default)
2023-12-21 09:24:39,544 [35bb34bc-f9d7-49f2-90a3-8bcd6ca0b53b@group-902FD70C1046-LeaderElection39] INFO  server.RaftServerConfigKeys (ConfUtils.java:logGet(46)) - raft.server.read.leader.lease.enabled = false (default)
2023-12-21 09:24:39,544 [35bb34bc-f9d7-49f2-90a3-8bcd6ca0b53b@group-902FD70C1046-LeaderElection39] INFO  server.RaftServerConfigKeys (ConfUtils.java:logGet(46)) - raft.server.read.leader.lease.timeout.ratio = 0.9 (default)
2023-12-21 09:24:39,544 [35bb34bc-f9d7-49f2-90a3-8bcd6ca0b53b@group-902FD70C1046-LeaderElection39] INFO  server.RaftServerConfigKeys (ConfUtils.java:logGet(46)) - raft.server.rpc.timeout.min = 5s (custom)
2023-12-21 09:24:39,544 [35bb34bc-f9d7-49f2-90a3-8bcd6ca0b53b@group-9735F55147B9-LeaderElection38] INFO  server.RaftServerConfigKeys (ConfUtils.java:logGet(46)) - raft.server.log.appender.buffer.byte-limit = 8388608 (custom)
2023-12-21 09:24:39,544 [35bb34bc-f9d7-49f2-90a3-8bcd6ca0b53b@group-902FD70C1046-LeaderElection39] INFO  server.RaftServerConfigKeys (ConfUtils.java:logGet(46)) - raft.server.write.element-limit = 1024 (custom)
2023-12-21 09:24:39,544 [35bb34bc-f9d7-49f2-90a3-8bcd6ca0b53b@group-902FD70C1046-LeaderElection39] INFO  server.RaftServerConfigKeys (ConfUtils.java:logGet(46)) - raft.server.write.follower.gap.ratio.max = -1.0 (default)
2023-12-21 09:24:39,544 [grpc-default-executor-1] INFO  server.RaftServer$Division (RaftServerImpl.java:requestVote(1410)) - 981caf93-6f40-449f-9dad-f58530f26ff1@group-9735F55147B9 replies to ELECTION vote request: 35bb34bc-f9d7-49f2-90a3-8bcd6ca0b53b<-981caf93-6f40-449f-9dad-f58530f26ff1#0:OK-t1. Peer's state: 981caf93-6f40-449f-9dad-f58530f26ff1@group-9735F55147B9:t1, leader=null, voted=35bb34bc-f9d7-49f2-90a3-8bcd6ca0b53b, raftlog=Memoized:981caf93-6f40-449f-9dad-f58530f26ff1@group-9735F55147B9-SegmentedRaftLog:OPENED:c-1, conf=-1: peers:[6ad9de2f-8cae-4626-ab4a-3c10d9751b2a|10.1.0.5:15192, 35bb34bc-f9d7-49f2-90a3-8bcd6ca0b53b|10.1.0.5:15201, 981caf93-6f40-449f-9dad-f58530f26ff1|10.1.0.5:15210]|listeners:[], old=null
2023-12-21 09:24:39,544 [35bb34bc-f9d7-49f2-90a3-8bcd6ca0b53b@group-9735F55147B9-LeaderElection38] INFO  server.RaftServerConfigKeys (ConfUtils.java:logGet(46)) - raft.server.log.appender.buffer.element-limit = 1 (custom)
2023-12-21 09:24:39,545 [35bb34bc-f9d7-49f2-90a3-8bcd6ca0b53b@group-9735F55147B9-LeaderElection38] INFO  server.RaftServerConfigKeys (ConfUtils.java:logGet(46)) - raft.server.log.appender.wait-time.min = 0ms (custom)
2023-12-21 09:24:39,544 [35bb34bc-f9d7-49f2-90a3-8bcd6ca0b53b@group-902FD70C1046-LeaderElection39] INFO  impl.RoleInfo (RoleInfo.java:updateAndGet(139)) - 35bb34bc-f9d7-49f2-90a3-8bcd6ca0b53b: start 35bb34bc-f9d7-49f2-90a3-8bcd6ca0b53b@group-902FD70C1046-LeaderStateImpl
2023-12-21 09:24:39,545 [35bb34bc-f9d7-49f2-90a3-8bcd6ca0b53b@group-902FD70C1046-LeaderElection39] INFO  server.RaftServer$Division (RaftServerImpl.java:setFirstElection(564)) - 35bb34bc-f9d7-49f2-90a3-8bcd6ca0b53b@group-902FD70C1046: set firstElectionSinceStartup to false for becomeLeader
2023-12-21 09:24:39,545 [35bb34bc-f9d7-49f2-90a3-8bcd6ca0b53b@group-9735F55147B9-LeaderElection38] INFO  grpc.GrpcConfigKeys (ConfUtils.java:logGet(46)) - raft.grpc.server.leader.outstanding.appends.max = 8 (default)
2023-12-21 09:24:39,545 [35bb34bc-f9d7-49f2-90a3-8bcd6ca0b53b@group-902FD70C1046-LeaderElection39] INFO  ratis.XceiverServerRatis (XceiverServerRatis.java:handleLeaderChangedNotification(935)) - Leader change notification received for group: group-902FD70C1046 with new leaderId: 35bb34bc-f9d7-49f2-90a3-8bcd6ca0b53b
2023-12-21 09:24:39,545 [35bb34bc-f9d7-49f2-90a3-8bcd6ca0b53b@group-9735F55147B9-LeaderElection38] INFO  server.RaftServerConfigKeys (ConfUtils.java:logGet(46)) - raft.server.rpc.request.timeout = 3000ms (default)
2023-12-21 09:24:39,545 [35bb34bc-f9d7-49f2-90a3-8bcd6ca0b53b@group-902FD70C1046-LeaderElection39] INFO  server.RaftServer$Division (ServerState.java:setLeader(265)) - 35bb34bc-f9d7-49f2-90a3-8bcd6ca0b53b@group-902FD70C1046: change Leader from null to 35bb34bc-f9d7-49f2-90a3-8bcd6ca0b53b at term 1 for becomeLeader, leader elected after 5126ms
2023-12-21 09:24:39,545 [35bb34bc-f9d7-49f2-90a3-8bcd6ca0b53b@group-9735F55147B9-LeaderElection38] INFO  grpc.GrpcConfigKeys (ConfUtils.java:logGet(46)) - raft.grpc.server.install_snapshot.request.element-limit = 8 (default)
2023-12-21 09:24:39,545 [35bb34bc-f9d7-49f2-90a3-8bcd6ca0b53b@group-9735F55147B9-LeaderElection38] INFO  grpc.GrpcConfigKeys (ConfUtils.java:logGet(46)) - raft.grpc.server.install_snapshot.request.timeout = 3000ms (default)
2023-12-21 09:24:39,545 [35bb34bc-f9d7-49f2-90a3-8bcd6ca0b53b@group-902FD70C1046-LeaderElection39] INFO  segmented.SegmentedRaftLogWorker (SegmentedRaftLogWorker.java:startLogSegment(428)) - 35bb34bc-f9d7-49f2-90a3-8bcd6ca0b53b@group-902FD70C1046-SegmentedRaftLogWorker: Starting segment from index:0
2023-12-21 09:24:39,545 [35bb34bc-f9d7-49f2-90a3-8bcd6ca0b53b@group-9735F55147B9-LeaderElection38] INFO  server.RaftServerConfigKeys (ConfUtils.java:logGet(46)) - raft.server.log.appender.install.snapshot.enabled = false (custom)
2023-12-21 09:24:39,545 [35bb34bc-f9d7-49f2-90a3-8bcd6ca0b53b@group-9735F55147B9-LeaderElection38] INFO  grpc.GrpcConfigKeys (ConfUtils.java:logGet(46)) - raft.grpc.server.heartbeat.channel = true (default)
2023-12-21 09:24:39,548 [35bb34bc-f9d7-49f2-90a3-8bcd6ca0b53b@group-902FD70C1046-LeaderElection39] INFO  server.RaftServer$Division (ServerState.java:setRaftConf(382)) - 35bb34bc-f9d7-49f2-90a3-8bcd6ca0b53b@group-902FD70C1046: set configuration 0: peers:[35bb34bc-f9d7-49f2-90a3-8bcd6ca0b53b|10.1.0.5:15201]|listeners:[], old=null
2023-12-21 09:24:39,549 [EventQueue-OpenPipelineForHealthyPipelineSafeModeRule] INFO  safemode.SCMSafeModeManager (HealthyPipelineSafeModeRule.java:process(140)) - SCM in safe mode. Healthy pipelines reported count is 0, required healthy pipeline reported count is 1
2023-12-21 09:24:39,551 [35bb34bc-f9d7-49f2-90a3-8bcd6ca0b53b@group-9735F55147B9-LeaderElection38] INFO  impl.RoleInfo (RoleInfo.java:updateAndGet(139)) - 35bb34bc-f9d7-49f2-90a3-8bcd6ca0b53b: start 35bb34bc-f9d7-49f2-90a3-8bcd6ca0b53b@group-9735F55147B9-LeaderStateImpl
2023-12-21 09:24:39,551 [35bb34bc-f9d7-49f2-90a3-8bcd6ca0b53b@group-9735F55147B9-LeaderElection38] INFO  server.RaftServer$Division (RaftServerImpl.java:setFirstElection(564)) - 35bb34bc-f9d7-49f2-90a3-8bcd6ca0b53b@group-9735F55147B9: set firstElectionSinceStartup to false for becomeLeader
2023-12-21 09:24:39,551 [35bb34bc-f9d7-49f2-90a3-8bcd6ca0b53b@group-9735F55147B9-LeaderElection38] INFO  ratis.XceiverServerRatis (XceiverServerRatis.java:handleLeaderChangedNotification(935)) - Leader change notification received for group: group-9735F55147B9 with new leaderId: 35bb34bc-f9d7-49f2-90a3-8bcd6ca0b53b
2023-12-21 09:24:39,551 [35bb34bc-f9d7-49f2-90a3-8bcd6ca0b53b@group-9735F55147B9-LeaderElection38] INFO  server.RaftServer$Division (ServerState.java:setLeader(265)) - 35bb34bc-f9d7-49f2-90a3-8bcd6ca0b53b@group-9735F55147B9: change Leader from null to 35bb34bc-f9d7-49f2-90a3-8bcd6ca0b53b at term 1 for becomeLeader, leader elected after 5166ms
2023-12-21 09:24:39,552 [35bb34bc-f9d7-49f2-90a3-8bcd6ca0b53b@group-9735F55147B9-LeaderElection38] INFO  segmented.SegmentedRaftLogWorker (SegmentedRaftLogWorker.java:startLogSegment(428)) - 35bb34bc-f9d7-49f2-90a3-8bcd6ca0b53b@group-9735F55147B9-SegmentedRaftLogWorker: Starting segment from index:0
2023-12-21 09:24:39,553 [EventQueue-PipelineReportForPipelineReportHandler] INFO  pipeline.PipelineReportHandler (PipelineReportHandler.java:processPipelineReport(136)) - Opened pipeline PipelineID=c128298a-abb1-4cf1-a21c-9735f55147b9
2023-12-21 09:24:39,553 [EventQueue-OpenPipelineForHealthyPipelineSafeModeRule] INFO  safemode.SCMSafeModeManager (HealthyPipelineSafeModeRule.java:process(140)) - SCM in safe mode. Healthy pipelines reported count is 0, required healthy pipeline reported count is 1
2023-12-21 09:24:39,553 [EventQueue-OpenPipelineForHealthyPipelineSafeModeRule] INFO  safemode.SCMSafeModeManager (HealthyPipelineSafeModeRule.java:process(140)) - SCM in safe mode. Healthy pipelines reported count is 1, required healthy pipeline reported count is 1
2023-12-21 09:24:39,553 [EventQueue-OpenPipelineForHealthyPipelineSafeModeRule] INFO  safemode.SCMSafeModeManager (SCMSafeModeManager.java:validateSafeModeExitRules(200)) - HealthyPipelineSafeModeRule rule is successfully validated
2023-12-21 09:24:39,554 [EventQueue-OpenPipelineForHealthyPipelineSafeModeRule] INFO  safemode.SCMSafeModeManager (SCMSafeModeManager.java:validateSafeModeExitRules(215)) - ScmSafeModeManager, all rules are successfully validated
2023-12-21 09:24:39,554 [EventQueue-OpenPipelineForHealthyPipelineSafeModeRule] INFO  safemode.SCMSafeModeManager (SCMSafeModeManager.java:exitSafeMode(244)) - SCM exiting safe mode.
2023-12-21 09:24:39,554 [EventQueue-OpenPipelineForHealthyPipelineSafeModeRule] INFO  ha.SCMContext (SCMContext.java:updateSafeModeStatus(230)) - Update SafeModeStatus from SafeModeStatus{safeModeStatus=true, preCheckPassed=true} to SafeModeStatus{safeModeStatus=false, preCheckPassed=true}.
2023-12-21 09:24:39,554 [EventQueue-OpenPipelineForHealthyPipelineSafeModeRule] INFO  pipeline.BackgroundPipelineCreator (BackgroundPipelineCreator.java:notifyStatusChanged(258)) - Service BackgroundPipelineCreator transitions to RUNNING.
2023-12-21 09:24:39,554 [EventQueue-OpenPipelineForHealthyPipelineSafeModeRule] INFO  BackgroundPipelineScrubber (BackgroundSCMService.java:notifyStatusChanged(82)) - Service BackgroundPipelineScrubber transitions to RUNNING.
2023-12-21 09:24:39,554 [EventQueue-OpenPipelineForHealthyPipelineSafeModeRule] INFO  ExpiredContainerReplicaOpScrubber (BackgroundSCMService.java:notifyStatusChanged(82)) - Service ExpiredContainerReplicaOpScrubber transitions to RUNNING.
2023-12-21 09:24:39,554 [EventQueue-OpenPipelineForHealthyPipelineSafeModeRule] INFO  replication.ReplicationManager (ReplicationManager.java:notifyStatusChanged(1401)) - Service ReplicationManager transitions to RUNNING.
2023-12-21 09:24:39,554 [EventQueue-OpenPipelineForHealthyPipelineSafeModeRule] WARN  balancer.ContainerBalancer (ContainerBalancer.java:shouldRun(134)) - Could not find persisted configuration for ContainerBalancer when checking if ContainerBalancer should run. ContainerBalancer should not run now.
2023-12-21 09:24:39,557 [35bb34bc-f9d7-49f2-90a3-8bcd6ca0b53b@group-9735F55147B9-LeaderElection38] INFO  server.RaftServer$Division (ServerState.java:setRaftConf(382)) - 35bb34bc-f9d7-49f2-90a3-8bcd6ca0b53b@group-9735F55147B9: set configuration 0: peers:[6ad9de2f-8cae-4626-ab4a-3c10d9751b2a|10.1.0.5:15192, 35bb34bc-f9d7-49f2-90a3-8bcd6ca0b53b|10.1.0.5:15201, 981caf93-6f40-449f-9dad-f58530f26ff1|10.1.0.5:15210]|listeners:[], old=null
2023-12-21 09:24:39,561 [35bb34bc-f9d7-49f2-90a3-8bcd6ca0b53b@group-902FD70C1046-SegmentedRaftLogWorker] INFO  segmented.SegmentedRaftLogWorker (SegmentedRaftLogWorker.java:execute(632)) - 35bb34bc-f9d7-49f2-90a3-8bcd6ca0b53b@group-902FD70C1046-SegmentedRaftLogWorker: created new log segment /home/runner/work/ozone/ozone/hadoop-ozone/integration-test/target/test-dir/MiniOzoneClusterImpl-e4d55aeb-da58-408a-87dd-e45f7ef8a31a/datanode-1/data/ratis/f846d3cf-ca38-4aef-819a-902fd70c1046/current/log_inprogress_0
2023-12-21 09:24:39,562 [6ad9de2f-8cae-4626-ab4a-3c10d9751b2a-server-thread1] INFO  ratis.XceiverServerRatis (XceiverServerRatis.java:handleLeaderChangedNotification(935)) - Leader change notification received for group: group-9735F55147B9 with new leaderId: 35bb34bc-f9d7-49f2-90a3-8bcd6ca0b53b
2023-12-21 09:24:39,562 [981caf93-6f40-449f-9dad-f58530f26ff1-server-thread1] INFO  ratis.XceiverServerRatis (XceiverServerRatis.java:handleLeaderChangedNotification(935)) - Leader change notification received for group: group-9735F55147B9 with new leaderId: 35bb34bc-f9d7-49f2-90a3-8bcd6ca0b53b
2023-12-21 09:24:39,562 [35bb34bc-f9d7-49f2-90a3-8bcd6ca0b53b@group-9735F55147B9-SegmentedRaftLogWorker] INFO  segmented.SegmentedRaftLogWorker (SegmentedRaftLogWorker.java:execute(632)) - 35bb34bc-f9d7-49f2-90a3-8bcd6ca0b53b@group-9735F55147B9-SegmentedRaftLogWorker: created new log segment /home/runner/work/ozone/ozone/hadoop-ozone/integration-test/target/test-dir/MiniOzoneClusterImpl-e4d55aeb-da58-408a-87dd-e45f7ef8a31a/datanode-1/data/ratis/c128298a-abb1-4cf1-a21c-9735f55147b9/current/log_inprogress_0
2023-12-21 09:24:39,562 [35bb34bc-f9d7-49f2-90a3-8bcd6ca0b53b@group-902FD70C1046-StateMachineUpdater] INFO  server.RaftServer$Division (LeaderStateImpl.java:isApplied(316)) - leader is ready since appliedIndex == 0 >= startIndex == 0
2023-12-21 09:24:39,563 [981caf93-6f40-449f-9dad-f58530f26ff1-server-thread1] INFO  server.RaftServer$Division (ServerState.java:setLeader(265)) - 981caf93-6f40-449f-9dad-f58530f26ff1@group-9735F55147B9: change Leader from null to 35bb34bc-f9d7-49f2-90a3-8bcd6ca0b53b at term 1 for appendEntries, leader elected after 5141ms
2023-12-21 09:24:39,563 [6ad9de2f-8cae-4626-ab4a-3c10d9751b2a-server-thread1] INFO  server.RaftServer$Division (ServerState.java:setLeader(265)) - 6ad9de2f-8cae-4626-ab4a-3c10d9751b2a@group-9735F55147B9: change Leader from null to 35bb34bc-f9d7-49f2-90a3-8bcd6ca0b53b at term 1 for appendEntries, leader elected after 5232ms
2023-12-21 09:24:39,568 [6ad9de2f-8cae-4626-ab4a-3c10d9751b2a-server-thread2] INFO  server.RaftServer$Division (ServerState.java:setRaftConf(382)) - 6ad9de2f-8cae-4626-ab4a-3c10d9751b2a@group-9735F55147B9: set configuration 0: peers:[6ad9de2f-8cae-4626-ab4a-3c10d9751b2a|10.1.0.5:15192, 35bb34bc-f9d7-49f2-90a3-8bcd6ca0b53b|10.1.0.5:15201, 981caf93-6f40-449f-9dad-f58530f26ff1|10.1.0.5:15210]|listeners:[], old=null
2023-12-21 09:24:39,568 [981caf93-6f40-449f-9dad-f58530f26ff1-server-thread2] INFO  server.RaftServer$Division (ServerState.java:setRaftConf(382)) - 981caf93-6f40-449f-9dad-f58530f26ff1@group-9735F55147B9: set configuration 0: peers:[6ad9de2f-8cae-4626-ab4a-3c10d9751b2a|10.1.0.5:15192, 35bb34bc-f9d7-49f2-90a3-8bcd6ca0b53b|10.1.0.5:15201, 981caf93-6f40-449f-9dad-f58530f26ff1|10.1.0.5:15210]|listeners:[], old=null
2023-12-21 09:24:39,568 [981caf93-6f40-449f-9dad-f58530f26ff1-server-thread2] INFO  segmented.SegmentedRaftLogWorker (SegmentedRaftLogWorker.java:startLogSegment(428)) - 981caf93-6f40-449f-9dad-f58530f26ff1@group-9735F55147B9-SegmentedRaftLogWorker: Starting segment from index:0
2023-12-21 09:24:39,569 [6ad9de2f-8cae-4626-ab4a-3c10d9751b2a-server-thread2] INFO  segmented.SegmentedRaftLogWorker (SegmentedRaftLogWorker.java:startLogSegment(428)) - 6ad9de2f-8cae-4626-ab4a-3c10d9751b2a@group-9735F55147B9-SegmentedRaftLogWorker: Starting segment from index:0
2023-12-21 09:24:39,580 [981caf93-6f40-449f-9dad-f58530f26ff1@group-9735F55147B9-SegmentedRaftLogWorker] INFO  segmented.SegmentedRaftLogWorker (SegmentedRaftLogWorker.java:execute(632)) - 981caf93-6f40-449f-9dad-f58530f26ff1@group-9735F55147B9-SegmentedRaftLogWorker: created new log segment /home/runner/work/ozone/ozone/hadoop-ozone/integration-test/target/test-dir/MiniOzoneClusterImpl-e4d55aeb-da58-408a-87dd-e45f7ef8a31a/datanode-2/data/ratis/c128298a-abb1-4cf1-a21c-9735f55147b9/current/log_inprogress_0
2023-12-21 09:24:39,580 [6ad9de2f-8cae-4626-ab4a-3c10d9751b2a@group-9735F55147B9-SegmentedRaftLogWorker] INFO  segmented.SegmentedRaftLogWorker (SegmentedRaftLogWorker.java:execute(632)) - 6ad9de2f-8cae-4626-ab4a-3c10d9751b2a@group-9735F55147B9-SegmentedRaftLogWorker: created new log segment /home/runner/work/ozone/ozone/hadoop-ozone/integration-test/target/test-dir/MiniOzoneClusterImpl-e4d55aeb-da58-408a-87dd-e45f7ef8a31a/datanode-0/data/ratis/c128298a-abb1-4cf1-a21c-9735f55147b9/current/log_inprogress_0
2023-12-21 09:24:39,581 [35bb34bc-f9d7-49f2-90a3-8bcd6ca0b53b@group-9735F55147B9-StateMachineUpdater] INFO  server.RaftServer$Division (LeaderStateImpl.java:isApplied(316)) - leader is ready since appliedIndex == 0 >= startIndex == 0
2023-12-21 09:24:39,599 [981caf93-6f40-449f-9dad-f58530f26ff1@group-810570C96F35-FollowerState] INFO  impl.FollowerState (FollowerState.java:run(143)) - 981caf93-6f40-449f-9dad-f58530f26ff1@group-810570C96F35-FollowerState: change to CANDIDATE, lastRpcElapsedTime:5071597297ns, electionTimeout:5067ms
2023-12-21 09:24:39,599 [981caf93-6f40-449f-9dad-f58530f26ff1@group-810570C96F35-FollowerState] INFO  impl.RoleInfo (RoleInfo.java:shutdownFollowerState(110)) - 981caf93-6f40-449f-9dad-f58530f26ff1: shutdown 981caf93-6f40-449f-9dad-f58530f26ff1@group-810570C96F35-FollowerState
2023-12-21 09:24:39,599 [981caf93-6f40-449f-9dad-f58530f26ff1@group-810570C96F35-FollowerState] INFO  server.RaftServer$Division (RaftServerImpl.java:setRole(379)) - 981caf93-6f40-449f-9dad-f58530f26ff1@group-810570C96F35: changes role from  FOLLOWER to CANDIDATE at term 0 for changeToCandidate
2023-12-21 09:24:39,600 [981caf93-6f40-449f-9dad-f58530f26ff1@group-810570C96F35-FollowerState] INFO  server.RaftServerConfigKeys (ConfUtils.java:logGet(46)) - raft.server.leaderelection.pre-vote = true (default)
2023-12-21 09:24:39,600 [981caf93-6f40-449f-9dad-f58530f26ff1@group-810570C96F35-FollowerState] INFO  impl.RoleInfo (RoleInfo.java:updateAndGet(139)) - 981caf93-6f40-449f-9dad-f58530f26ff1: start 981caf93-6f40-449f-9dad-f58530f26ff1@group-810570C96F35-LeaderElection40
2023-12-21 09:24:39,601 [981caf93-6f40-449f-9dad-f58530f26ff1@group-810570C96F35-LeaderElection40] INFO  impl.LeaderElection (LeaderElection.java:askForVotes(323)) - 981caf93-6f40-449f-9dad-f58530f26ff1@group-810570C96F35-LeaderElection40 PRE_VOTE round 0: submit vote requests at term 0 for -1: peers:[981caf93-6f40-449f-9dad-f58530f26ff1|10.1.0.5:15210]|listeners:[], old=null
2023-12-21 09:24:39,601 [981caf93-6f40-449f-9dad-f58530f26ff1@group-810570C96F35-LeaderElection40] INFO  impl.LeaderElection (LeaderElection.java:askForVotes(325)) - 981caf93-6f40-449f-9dad-f58530f26ff1@group-810570C96F35-LeaderElection40 PRE_VOTE round 0: result PASSED (term=0)
2023-12-21 09:24:39,602 [981caf93-6f40-449f-9dad-f58530f26ff1@group-810570C96F35-LeaderElection40] INFO  impl.LeaderElection (LeaderElection.java:askForVotes(323)) - 981caf93-6f40-449f-9dad-f58530f26ff1@group-810570C96F35-LeaderElection40 ELECTION round 0: submit vote requests at term 1 for -1: peers:[981caf93-6f40-449f-9dad-f58530f26ff1|10.1.0.5:15210]|listeners:[], old=null
2023-12-21 09:24:39,602 [981caf93-6f40-449f-9dad-f58530f26ff1@group-810570C96F35-LeaderElection40] INFO  impl.LeaderElection (LeaderElection.java:askForVotes(325)) - 981caf93-6f40-449f-9dad-f58530f26ff1@group-810570C96F35-LeaderElection40 ELECTION round 0: result PASSED (term=1)
2023-12-21 09:24:39,602 [981caf93-6f40-449f-9dad-f58530f26ff1@group-810570C96F35-LeaderElection40] INFO  impl.RoleInfo (RoleInfo.java:shutdownLeaderElection(130)) - 981caf93-6f40-449f-9dad-f58530f26ff1: shutdown 981caf93-6f40-449f-9dad-f58530f26ff1@group-810570C96F35-LeaderElection40
2023-12-21 09:24:39,602 [981caf93-6f40-449f-9dad-f58530f26ff1@group-810570C96F35-LeaderElection40] INFO  server.RaftServer$Division (RaftServerImpl.java:setRole(379)) - 981caf93-6f40-449f-9dad-f58530f26ff1@group-810570C96F35: changes role from CANDIDATE to LEADER at term 1 for changeToLeader
2023-12-21 09:24:39,602 [981caf93-6f40-449f-9dad-f58530f26ff1@group-810570C96F35-LeaderElection40] INFO  server.RaftServerConfigKeys (ConfUtils.java:logGet(46)) - raft.server.staging.catchup.gap = 1000 (default)
2023-12-21 09:24:39,602 [981caf93-6f40-449f-9dad-f58530f26ff1@group-810570C96F35-LeaderElection40] INFO  server.RaftServerConfigKeys (ConfUtils.java:logGet(46)) - raft.server.write.element-limit = 1024 (custom)
2023-12-21 09:24:39,602 [981caf93-6f40-449f-9dad-f58530f26ff1@group-810570C96F35-LeaderElection40] INFO  server.RaftServerConfigKeys (ConfUtils.java:logGet(46)) - raft.server.write.byte-limit = 1024 M (=1073741824) (custom)
2023-12-21 09:24:39,602 [981caf93-6f40-449f-9dad-f58530f26ff1@group-810570C96F35-LeaderElection40] INFO  server.RaftServerConfigKeys (ConfUtils.java:logGet(46)) - raft.server.watch.timeout = 3000ms (custom)
2023-12-21 09:24:39,602 [981caf93-6f40-449f-9dad-f58530f26ff1@group-810570C96F35-LeaderElection40] INFO  server.RaftServerConfigKeys (ConfUtils.java:logGet(46)) - raft.server.watch.timeout.denomination = 1s (default)
2023-12-21 09:24:39,602 [981caf93-6f40-449f-9dad-f58530f26ff1@group-810570C96F35-LeaderElection40] INFO  server.RaftServerConfigKeys (ConfUtils.java:logGet(46)) - raft.server.watch.element-limit = 65536 (default)
2023-12-21 09:24:39,602 [981caf93-6f40-449f-9dad-f58530f26ff1@group-810570C96F35-LeaderElection40] INFO  server.RaftServerConfigKeys (ConfUtils.java:logGet(46)) - raft.server.read.leader.lease.enabled = false (default)
2023-12-21 09:24:39,602 [981caf93-6f40-449f-9dad-f58530f26ff1@group-810570C96F35-LeaderElection40] INFO  server.RaftServerConfigKeys (ConfUtils.java:logGet(46)) - raft.server.read.leader.lease.timeout.ratio = 0.9 (default)
2023-12-21 09:24:39,602 [981caf93-6f40-449f-9dad-f58530f26ff1@group-810570C96F35-LeaderElection40] INFO  server.RaftServerConfigKeys (ConfUtils.java:logGet(46)) - raft.server.rpc.timeout.min = 5s (custom)
2023-12-21 09:24:39,603 [981caf93-6f40-449f-9dad-f58530f26ff1@group-810570C96F35-LeaderElection40] INFO  server.RaftServerConfigKeys (ConfUtils.java:logGet(46)) - raft.server.write.element-limit = 1024 (custom)
2023-12-21 09:24:39,603 [981caf93-6f40-449f-9dad-f58530f26ff1@group-810570C96F35-LeaderElection40] INFO  server.RaftServerConfigKeys (ConfUtils.java:logGet(46)) - raft.server.write.follower.gap.ratio.max = -1.0 (default)
2023-12-21 09:24:39,603 [981caf93-6f40-449f-9dad-f58530f26ff1@group-810570C96F35-LeaderElection40] INFO  impl.RoleInfo (RoleInfo.java:updateAndGet(139)) - 981caf93-6f40-449f-9dad-f58530f26ff1: start 981caf93-6f40-449f-9dad-f58530f26ff1@group-810570C96F35-LeaderStateImpl
2023-12-21 09:24:39,603 [981caf93-6f40-449f-9dad-f58530f26ff1@group-810570C96F35-LeaderElection40] INFO  server.RaftServer$Division (RaftServerImpl.java:setFirstElection(564)) - 981caf93-6f40-449f-9dad-f58530f26ff1@group-810570C96F35: set firstElectionSinceStartup to false for becomeLeader
2023-12-21 09:24:39,603 [981caf93-6f40-449f-9dad-f58530f26ff1@group-810570C96F35-LeaderElection40] INFO  ratis.XceiverServerRatis (XceiverServerRatis.java:handleLeaderChangedNotification(935)) - Leader change notification received for group: group-810570C96F35 with new leaderId: 981caf93-6f40-449f-9dad-f58530f26ff1
2023-12-21 09:24:39,603 [981caf93-6f40-449f-9dad-f58530f26ff1@group-810570C96F35-LeaderElection40] INFO  server.RaftServer$Division (ServerState.java:setLeader(265)) - 981caf93-6f40-449f-9dad-f58530f26ff1@group-810570C96F35: change Leader from null to 981caf93-6f40-449f-9dad-f58530f26ff1 at term 1 for becomeLeader, leader elected after 5090ms
2023-12-21 09:24:39,603 [981caf93-6f40-449f-9dad-f58530f26ff1@group-810570C96F35-LeaderElection40] INFO  segmented.SegmentedRaftLogWorker (SegmentedRaftLogWorker.java:startLogSegment(428)) - 981caf93-6f40-449f-9dad-f58530f26ff1@group-810570C96F35-SegmentedRaftLogWorker: Starting segment from index:0
2023-12-21 09:24:39,606 [981caf93-6f40-449f-9dad-f58530f26ff1@group-810570C96F35-LeaderElection40] INFO  server.RaftServer$Division (ServerState.java:setRaftConf(382)) - 981caf93-6f40-449f-9dad-f58530f26ff1@group-810570C96F35: set configuration 0: peers:[981caf93-6f40-449f-9dad-f58530f26ff1|10.1.0.5:15210]|listeners:[], old=null
2023-12-21 09:24:39,609 [981caf93-6f40-449f-9dad-f58530f26ff1@group-810570C96F35-SegmentedRaftLogWorker] INFO  segmented.SegmentedRaftLogWorker (SegmentedRaftLogWorker.java:execute(632)) - 981caf93-6f40-449f-9dad-f58530f26ff1@group-810570C96F35-SegmentedRaftLogWorker: created new log segment /home/runner/work/ozone/ozone/hadoop-ozone/integration-test/target/test-dir/MiniOzoneClusterImpl-e4d55aeb-da58-408a-87dd-e45f7ef8a31a/datanode-2/data/ratis/a213fd0f-d1e5-4dfe-92dc-810570c96f35/current/log_inprogress_0
2023-12-21 09:24:39,610 [981caf93-6f40-449f-9dad-f58530f26ff1@group-810570C96F35-StateMachineUpdater] INFO  server.RaftServer$Division (LeaderStateImpl.java:isApplied(316)) - leader is ready since appliedIndex == 0 >= startIndex == 0
2023-12-21 09:24:39,687 [560c1385-c518-4739-80f6-d98c5390378b@group-1F7EAD23F4F8-FollowerState] INFO  impl.FollowerState (FollowerState.java:run(143)) - 560c1385-c518-4739-80f6-d98c5390378b@group-1F7EAD23F4F8-FollowerState: change to CANDIDATE, lastRpcElapsedTime:5054673351ns, electionTimeout:5053ms
2023-12-21 09:24:39,687 [560c1385-c518-4739-80f6-d98c5390378b@group-1F7EAD23F4F8-FollowerState] INFO  impl.RoleInfo (RoleInfo.java:shutdownFollowerState(110)) - 560c1385-c518-4739-80f6-d98c5390378b: shutdown 560c1385-c518-4739-80f6-d98c5390378b@group-1F7EAD23F4F8-FollowerState
2023-12-21 09:24:39,687 [560c1385-c518-4739-80f6-d98c5390378b@group-1F7EAD23F4F8-FollowerState] INFO  server.RaftServer$Division (RaftServerImpl.java:setRole(379)) - 560c1385-c518-4739-80f6-d98c5390378b@group-1F7EAD23F4F8: changes role from  FOLLOWER to CANDIDATE at term 0 for changeToCandidate
2023-12-21 09:24:39,688 [560c1385-c518-4739-80f6-d98c5390378b@group-1F7EAD23F4F8-FollowerState] INFO  server.RaftServerConfigKeys (ConfUtils.java:logGet(46)) - raft.server.leaderelection.pre-vote = true (default)
2023-12-21 09:24:39,688 [560c1385-c518-4739-80f6-d98c5390378b@group-1F7EAD23F4F8-FollowerState] INFO  impl.RoleInfo (RoleInfo.java:updateAndGet(139)) - 560c1385-c518-4739-80f6-d98c5390378b: start 560c1385-c518-4739-80f6-d98c5390378b@group-1F7EAD23F4F8-LeaderElection41
2023-12-21 09:24:39,689 [560c1385-c518-4739-80f6-d98c5390378b@group-1F7EAD23F4F8-LeaderElection41] INFO  impl.LeaderElection (LeaderElection.java:askForVotes(323)) - 560c1385-c518-4739-80f6-d98c5390378b@group-1F7EAD23F4F8-LeaderElection41 PRE_VOTE round 0: submit vote requests at term 0 for -1: peers:[560c1385-c518-4739-80f6-d98c5390378b|10.1.0.5:15219, 4150f76c-1cd9-4d5b-96cd-8dd0a9a12dd3|10.1.0.5:15228, 317bf553-3d1a-400b-8f1e-6110842f6590|10.1.0.5:15237]|listeners:[], old=null
2023-12-21 09:24:39,689 [560c1385-c518-4739-80f6-d98c5390378b@group-1F7EAD23F4F8-LeaderElection41-1] INFO  server.GrpcServerProtocolClient (GrpcServerProtocolClient.java:<init>(65)) - Build channel for 4150f76c-1cd9-4d5b-96cd-8dd0a9a12dd3
2023-12-21 09:24:39,689 [560c1385-c518-4739-80f6-d98c5390378b@group-1F7EAD23F4F8-LeaderElection41] INFO  server.RaftServerConfigKeys (ConfUtils.java:logFallback(53)) - raft.server.rpc.first-election.timeout.min = 5s (fallback to raft.server.rpc.timeout.min)
2023-12-21 09:24:39,690 [560c1385-c518-4739-80f6-d98c5390378b@group-1F7EAD23F4F8-LeaderElection41] INFO  server.RaftServerConfigKeys (ConfUtils.java:logFallback(53)) - raft.server.rpc.first-election.timeout.max = 5200ms (fallback to raft.server.rpc.timeout.max)
2023-12-21 09:24:39,689 [560c1385-c518-4739-80f6-d98c5390378b@group-1F7EAD23F4F8-LeaderElection41-2] INFO  server.GrpcServerProtocolClient (GrpcServerProtocolClient.java:<init>(65)) - Build channel for 317bf553-3d1a-400b-8f1e-6110842f6590
2023-12-21 09:24:39,694 [grpc-default-executor-3] INFO  server.RaftServer$Division (RaftServerImpl.java:requestVote(1377)) - 4150f76c-1cd9-4d5b-96cd-8dd0a9a12dd3@group-1F7EAD23F4F8: receive requestVote(PRE_VOTE, 560c1385-c518-4739-80f6-d98c5390378b, group-1F7EAD23F4F8, 0, (t:0, i:0))
2023-12-21 09:24:39,694 [grpc-default-executor-0] INFO  server.RaftServer$Division (RaftServerImpl.java:requestVote(1377)) - 317bf553-3d1a-400b-8f1e-6110842f6590@group-1F7EAD23F4F8: receive requestVote(PRE_VOTE, 560c1385-c518-4739-80f6-d98c5390378b, group-1F7EAD23F4F8, 0, (t:0, i:0))
2023-12-21 09:24:39,694 [grpc-default-executor-3] INFO  impl.VoteContext (VoteContext.java:log(49)) - 4150f76c-1cd9-4d5b-96cd-8dd0a9a12dd3@group-1F7EAD23F4F8-FOLLOWER: reject PRE_VOTE from 560c1385-c518-4739-80f6-d98c5390378b: our priority 1 > candidate's priority 0
2023-12-21 09:24:39,694 [grpc-default-executor-0] INFO  impl.VoteContext (VoteContext.java:log(49)) - 317bf553-3d1a-400b-8f1e-6110842f6590@group-1F7EAD23F4F8-FOLLOWER: accept PRE_VOTE from 560c1385-c518-4739-80f6-d98c5390378b: our priority 0 <= candidate's priority 0
2023-12-21 09:24:39,694 [grpc-default-executor-3] INFO  server.RaftServer$Division (RaftServerImpl.java:requestVote(1410)) - 4150f76c-1cd9-4d5b-96cd-8dd0a9a12dd3@group-1F7EAD23F4F8 replies to PRE_VOTE vote request: 560c1385-c518-4739-80f6-d98c5390378b<-4150f76c-1cd9-4d5b-96cd-8dd0a9a12dd3#0:FAIL-t0. Peer's state: 4150f76c-1cd9-4d5b-96cd-8dd0a9a12dd3@group-1F7EAD23F4F8:t0, leader=null, voted=, raftlog=Memoized:4150f76c-1cd9-4d5b-96cd-8dd0a9a12dd3@group-1F7EAD23F4F8-SegmentedRaftLog:OPENED:c-1, conf=-1: peers:[560c1385-c518-4739-80f6-d98c5390378b|10.1.0.5:15219, 4150f76c-1cd9-4d5b-96cd-8dd0a9a12dd3|10.1.0.5:15228, 317bf553-3d1a-400b-8f1e-6110842f6590|10.1.0.5:15237]|listeners:[], old=null
2023-12-21 09:24:39,694 [grpc-default-executor-0] INFO  server.RaftServer$Division (RaftServerImpl.java:requestVote(1410)) - 317bf553-3d1a-400b-8f1e-6110842f6590@group-1F7EAD23F4F8 replies to PRE_VOTE vote request: 560c1385-c518-4739-80f6-d98c5390378b<-317bf553-3d1a-400b-8f1e-6110842f6590#0:OK-t0. Peer's state: 317bf553-3d1a-400b-8f1e-6110842f6590@group-1F7EAD23F4F8:t0, leader=null, voted=, raftlog=Memoized:317bf553-3d1a-400b-8f1e-6110842f6590@group-1F7EAD23F4F8-SegmentedRaftLog:OPENED:c-1, conf=-1: peers:[560c1385-c518-4739-80f6-d98c5390378b|10.1.0.5:15219, 4150f76c-1cd9-4d5b-96cd-8dd0a9a12dd3|10.1.0.5:15228, 317bf553-3d1a-400b-8f1e-6110842f6590|10.1.0.5:15237]|listeners:[], old=null
2023-12-21 09:24:39,695 [560c1385-c518-4739-80f6-d98c5390378b@group-1F7EAD23F4F8-LeaderElection41] INFO  impl.LeaderElection (LeaderElection.java:logAndReturn(89)) - 560c1385-c518-4739-80f6-d98c5390378b@group-1F7EAD23F4F8-LeaderElection41: PRE_VOTE REJECTED received 1 response(s) and 0 exception(s):
2023-12-21 09:24:39,695 [560c1385-c518-4739-80f6-d98c5390378b@group-1F7EAD23F4F8-LeaderElection41] INFO  impl.LeaderElection (LeaderElection.java:logAndReturn(93)) -   Response 0: 560c1385-c518-4739-80f6-d98c5390378b<-4150f76c-1cd9-4d5b-96cd-8dd0a9a12dd3#0:FAIL-t0
2023-12-21 09:24:39,695 [560c1385-c518-4739-80f6-d98c5390378b@group-1F7EAD23F4F8-LeaderElection41] INFO  impl.LeaderElection (LeaderElection.java:askForVotes(325)) - 560c1385-c518-4739-80f6-d98c5390378b@group-1F7EAD23F4F8-LeaderElection41 PRE_VOTE round 0: result REJECTED
2023-12-21 09:24:39,695 [560c1385-c518-4739-80f6-d98c5390378b@group-1F7EAD23F4F8-LeaderElection41] INFO  server.RaftServer$Division (RaftServerImpl.java:setRole(379)) - 560c1385-c518-4739-80f6-d98c5390378b@group-1F7EAD23F4F8: changes role from CANDIDATE to FOLLOWER at term 0 for REJECTED
2023-12-21 09:24:39,695 [560c1385-c518-4739-80f6-d98c5390378b@group-1F7EAD23F4F8-LeaderElection41] INFO  impl.RoleInfo (RoleInfo.java:shutdownLeaderElection(130)) - 560c1385-c518-4739-80f6-d98c5390378b: shutdown 560c1385-c518-4739-80f6-d98c5390378b@group-1F7EAD23F4F8-LeaderElection41
2023-12-21 09:24:39,696 [560c1385-c518-4739-80f6-d98c5390378b@group-1F7EAD23F4F8-LeaderElection41] INFO  impl.RoleInfo (RoleInfo.java:updateAndGet(139)) - 560c1385-c518-4739-80f6-d98c5390378b: start 560c1385-c518-4739-80f6-d98c5390378b@group-1F7EAD23F4F8-FollowerState
2023-12-21 09:24:39,697 [560c1385-c518-4739-80f6-d98c5390378b@group-1F7EAD23F4F8-LeaderElection41] INFO  server.RaftServer$Division (RaftServerImpl.java:setFirstElection(564)) - 560c1385-c518-4739-80f6-d98c5390378b@group-1F7EAD23F4F8: set firstElectionSinceStartup to false for REJECTED
2023-12-21 09:24:39,764 [317bf553-3d1a-400b-8f1e-6110842f6590@group-1F7EAD23F4F8-FollowerState] INFO  server.RaftServerConfigKeys (ConfUtils.java:logFallback(53)) - raft.server.rpc.first-election.timeout.min = 5s (fallback to raft.server.rpc.timeout.min)
2023-12-21 09:24:39,765 [317bf553-3d1a-400b-8f1e-6110842f6590@group-1F7EAD23F4F8-FollowerState] INFO  server.RaftServerConfigKeys (ConfUtils.java:logFallback(53)) - raft.server.rpc.first-election.timeout.max = 5200ms (fallback to raft.server.rpc.timeout.max)
2023-12-21 09:24:39,789 [4150f76c-1cd9-4d5b-96cd-8dd0a9a12dd3@group-4E788A642CCF-FollowerState] INFO  impl.FollowerState (FollowerState.java:run(143)) - 4150f76c-1cd9-4d5b-96cd-8dd0a9a12dd3@group-4E788A642CCF-FollowerState: change to CANDIDATE, lastRpcElapsedTime:5079391768ns, electionTimeout:5079ms
2023-12-21 09:24:39,789 [4150f76c-1cd9-4d5b-96cd-8dd0a9a12dd3@group-4E788A642CCF-FollowerState] INFO  impl.RoleInfo (RoleInfo.java:shutdownFollowerState(110)) - 4150f76c-1cd9-4d5b-96cd-8dd0a9a12dd3: shutdown 4150f76c-1cd9-4d5b-96cd-8dd0a9a12dd3@group-4E788A642CCF-FollowerState
2023-12-21 09:24:39,789 [4150f76c-1cd9-4d5b-96cd-8dd0a9a12dd3@group-4E788A642CCF-FollowerState] INFO  server.RaftServer$Division (RaftServerImpl.java:setRole(379)) - 4150f76c-1cd9-4d5b-96cd-8dd0a9a12dd3@group-4E788A642CCF: changes role from  FOLLOWER to CANDIDATE at term 0 for changeToCandidate
2023-12-21 09:24:39,789 [4150f76c-1cd9-4d5b-96cd-8dd0a9a12dd3@group-4E788A642CCF-FollowerState] INFO  server.RaftServerConfigKeys (ConfUtils.java:logGet(46)) - raft.server.leaderelection.pre-vote = true (default)
2023-12-21 09:24:39,789 [4150f76c-1cd9-4d5b-96cd-8dd0a9a12dd3@group-4E788A642CCF-FollowerState] INFO  impl.RoleInfo (RoleInfo.java:updateAndGet(139)) - 4150f76c-1cd9-4d5b-96cd-8dd0a9a12dd3: start 4150f76c-1cd9-4d5b-96cd-8dd0a9a12dd3@group-4E788A642CCF-LeaderElection42
2023-12-21 09:24:39,791 [4150f76c-1cd9-4d5b-96cd-8dd0a9a12dd3@group-4E788A642CCF-LeaderElection42] INFO  impl.LeaderElection (LeaderElection.java:askForVotes(323)) - 4150f76c-1cd9-4d5b-96cd-8dd0a9a12dd3@group-4E788A642CCF-LeaderElection42 PRE_VOTE round 0: submit vote requests at term 0 for -1: peers:[4150f76c-1cd9-4d5b-96cd-8dd0a9a12dd3|10.1.0.5:15228]|listeners:[], old=null
2023-12-21 09:24:39,791 [4150f76c-1cd9-4d5b-96cd-8dd0a9a12dd3@group-4E788A642CCF-LeaderElection42] INFO  impl.LeaderElection (LeaderElection.java:askForVotes(325)) - 4150f76c-1cd9-4d5b-96cd-8dd0a9a12dd3@group-4E788A642CCF-LeaderElection42 PRE_VOTE round 0: result PASSED (term=0)
2023-12-21 09:24:39,792 [4150f76c-1cd9-4d5b-96cd-8dd0a9a12dd3@group-4E788A642CCF-LeaderElection42] INFO  impl.LeaderElection (LeaderElection.java:askForVotes(323)) - 4150f76c-1cd9-4d5b-96cd-8dd0a9a12dd3@group-4E788A642CCF-LeaderElection42 ELECTION round 0: submit vote requests at term 1 for -1: peers:[4150f76c-1cd9-4d5b-96cd-8dd0a9a12dd3|10.1.0.5:15228]|listeners:[], old=null
2023-12-21 09:24:39,792 [4150f76c-1cd9-4d5b-96cd-8dd0a9a12dd3@group-4E788A642CCF-LeaderElection42] INFO  impl.LeaderElection (LeaderElection.java:askForVotes(325)) - 4150f76c-1cd9-4d5b-96cd-8dd0a9a12dd3@group-4E788A642CCF-LeaderElection42 ELECTION round 0: result PASSED (term=1)
2023-12-21 09:24:39,792 [4150f76c-1cd9-4d5b-96cd-8dd0a9a12dd3@group-4E788A642CCF-LeaderElection42] INFO  impl.RoleInfo (RoleInfo.java:shutdownLeaderElection(130)) - 4150f76c-1cd9-4d5b-96cd-8dd0a9a12dd3: shutdown 4150f76c-1cd9-4d5b-96cd-8dd0a9a12dd3@group-4E788A642CCF-LeaderElection42
2023-12-21 09:24:39,792 [4150f76c-1cd9-4d5b-96cd-8dd0a9a12dd3@group-4E788A642CCF-LeaderElection42] INFO  server.RaftServer$Division (RaftServerImpl.java:setRole(379)) - 4150f76c-1cd9-4d5b-96cd-8dd0a9a12dd3@group-4E788A642CCF: changes role from CANDIDATE to LEADER at term 1 for changeToLeader
2023-12-21 09:24:39,792 [4150f76c-1cd9-4d5b-96cd-8dd0a9a12dd3@group-4E788A642CCF-LeaderElection42] INFO  server.RaftServerConfigKeys (ConfUtils.java:logGet(46)) - raft.server.staging.catchup.gap = 1000 (default)
2023-12-21 09:24:39,792 [4150f76c-1cd9-4d5b-96cd-8dd0a9a12dd3@group-4E788A642CCF-LeaderElection42] INFO  server.RaftServerConfigKeys (ConfUtils.java:logGet(46)) - raft.server.write.element-limit = 1024 (custom)
2023-12-21 09:24:39,793 [4150f76c-1cd9-4d5b-96cd-8dd0a9a12dd3@group-4E788A642CCF-LeaderElection42] INFO  server.RaftServerConfigKeys (ConfUtils.java:logGet(46)) - raft.server.write.byte-limit = 1024 M (=1073741824) (custom)
2023-12-21 09:24:39,793 [4150f76c-1cd9-4d5b-96cd-8dd0a9a12dd3@group-4E788A642CCF-LeaderElection42] INFO  server.RaftServerConfigKeys (ConfUtils.java:logGet(46)) - raft.server.watch.timeout = 3000ms (custom)
2023-12-21 09:24:39,793 [4150f76c-1cd9-4d5b-96cd-8dd0a9a12dd3@group-4E788A642CCF-LeaderElection42] INFO  server.RaftServerConfigKeys (ConfUtils.java:logGet(46)) - raft.server.watch.timeout.denomination = 1s (default)
2023-12-21 09:24:39,793 [4150f76c-1cd9-4d5b-96cd-8dd0a9a12dd3@group-4E788A642CCF-LeaderElection42] INFO  server.RaftServerConfigKeys (ConfUtils.java:logGet(46)) - raft.server.watch.element-limit = 65536 (default)
2023-12-21 09:24:39,793 [4150f76c-1cd9-4d5b-96cd-8dd0a9a12dd3@group-4E788A642CCF-LeaderElection42] INFO  server.RaftServerConfigKeys (ConfUtils.java:logGet(46)) - raft.server.read.leader.lease.enabled = false (default)
2023-12-21 09:24:39,793 [4150f76c-1cd9-4d5b-96cd-8dd0a9a12dd3@group-4E788A642CCF-LeaderElection42] INFO  server.RaftServerConfigKeys (ConfUtils.java:logGet(46)) - raft.server.read.leader.lease.timeout.ratio = 0.9 (default)
2023-12-21 09:24:39,793 [4150f76c-1cd9-4d5b-96cd-8dd0a9a12dd3@group-4E788A642CCF-LeaderElection42] INFO  server.RaftServerConfigKeys (ConfUtils.java:logGet(46)) - raft.server.rpc.timeout.min = 5s (custom)
2023-12-21 09:24:39,793 [4150f76c-1cd9-4d5b-96cd-8dd0a9a12dd3@group-4E788A642CCF-LeaderElection42] INFO  server.RaftServerConfigKeys (ConfUtils.java:logGet(46)) - raft.server.write.element-limit = 1024 (custom)
2023-12-21 09:24:39,793 [4150f76c-1cd9-4d5b-96cd-8dd0a9a12dd3@group-4E788A642CCF-LeaderElection42] INFO  server.RaftServerConfigKeys (ConfUtils.java:logGet(46)) - raft.server.write.follower.gap.ratio.max = -1.0 (default)
2023-12-21 09:24:39,793 [4150f76c-1cd9-4d5b-96cd-8dd0a9a12dd3@group-4E788A642CCF-LeaderElection42] INFO  impl.RoleInfo (RoleInfo.java:updateAndGet(139)) - 4150f76c-1cd9-4d5b-96cd-8dd0a9a12dd3: start 4150f76c-1cd9-4d5b-96cd-8dd0a9a12dd3@group-4E788A642CCF-LeaderStateImpl
2023-12-21 09:24:39,793 [4150f76c-1cd9-4d5b-96cd-8dd0a9a12dd3@group-4E788A642CCF-LeaderElection42] INFO  server.RaftServer$Division (RaftServerImpl.java:setFirstElection(564)) - 4150f76c-1cd9-4d5b-96cd-8dd0a9a12dd3@group-4E788A642CCF: set firstElectionSinceStartup to false for becomeLeader
2023-12-21 09:24:39,793 [4150f76c-1cd9-4d5b-96cd-8dd0a9a12dd3@group-4E788A642CCF-LeaderElection42] INFO  ratis.XceiverServerRatis (XceiverServerRatis.java:handleLeaderChangedNotification(935)) - Leader change notification received for group: group-4E788A642CCF with new leaderId: 4150f76c-1cd9-4d5b-96cd-8dd0a9a12dd3
2023-12-21 09:24:39,794 [4150f76c-1cd9-4d5b-96cd-8dd0a9a12dd3@group-4E788A642CCF-LeaderElection42] INFO  server.RaftServer$Division (ServerState.java:setLeader(265)) - 4150f76c-1cd9-4d5b-96cd-8dd0a9a12dd3@group-4E788A642CCF: change Leader from null to 4150f76c-1cd9-4d5b-96cd-8dd0a9a12dd3 at term 1 for becomeLeader, leader elected after 5094ms
2023-12-21 09:24:39,794 [4150f76c-1cd9-4d5b-96cd-8dd0a9a12dd3@group-4E788A642CCF-LeaderElection42] INFO  segmented.SegmentedRaftLogWorker (SegmentedRaftLogWorker.java:startLogSegment(428)) - 4150f76c-1cd9-4d5b-96cd-8dd0a9a12dd3@group-4E788A642CCF-SegmentedRaftLogWorker: Starting segment from index:0
2023-12-21 09:24:39,796 [4150f76c-1cd9-4d5b-96cd-8dd0a9a12dd3@group-4E788A642CCF-LeaderElection42] INFO  server.RaftServer$Division (ServerState.java:setRaftConf(382)) - 4150f76c-1cd9-4d5b-96cd-8dd0a9a12dd3@group-4E788A642CCF: set configuration 0: peers:[4150f76c-1cd9-4d5b-96cd-8dd0a9a12dd3|10.1.0.5:15228]|listeners:[], old=null
2023-12-21 09:24:39,801 [4150f76c-1cd9-4d5b-96cd-8dd0a9a12dd3@group-4E788A642CCF-SegmentedRaftLogWorker] INFO  segmented.SegmentedRaftLogWorker (SegmentedRaftLogWorker.java:execute(632)) - 4150f76c-1cd9-4d5b-96cd-8dd0a9a12dd3@group-4E788A642CCF-SegmentedRaftLogWorker: created new log segment /home/runner/work/ozone/ozone/hadoop-ozone/integration-test/target/test-dir/MiniOzoneClusterImpl-e4d55aeb-da58-408a-87dd-e45f7ef8a31a/datanode-4/data/ratis/cc81a815-8a9f-4a67-9b10-4e788a642ccf/current/log_inprogress_0
2023-12-21 09:24:39,802 [4150f76c-1cd9-4d5b-96cd-8dd0a9a12dd3@group-4E788A642CCF-StateMachineUpdater] INFO  server.RaftServer$Division (LeaderStateImpl.java:isApplied(316)) - leader is ready since appliedIndex == 0 >= startIndex == 0
2023-12-21 09:24:39,803 [560c1385-c518-4739-80f6-d98c5390378b@group-3E5A09133106-FollowerState] INFO  impl.FollowerState (FollowerState.java:run(143)) - 560c1385-c518-4739-80f6-d98c5390378b@group-3E5A09133106-FollowerState: change to CANDIDATE, lastRpcElapsedTime:5184764557ns, electionTimeout:5184ms
2023-12-21 09:24:39,803 [560c1385-c518-4739-80f6-d98c5390378b@group-3E5A09133106-FollowerState] INFO  impl.RoleInfo (RoleInfo.java:shutdownFollowerState(110)) - 560c1385-c518-4739-80f6-d98c5390378b: shutdown 560c1385-c518-4739-80f6-d98c5390378b@group-3E5A09133106-FollowerState
2023-12-21 09:24:39,803 [560c1385-c518-4739-80f6-d98c5390378b@group-3E5A09133106-FollowerState] INFO  server.RaftServer$Division (RaftServerImpl.java:setRole(379)) - 560c1385-c518-4739-80f6-d98c5390378b@group-3E5A09133106: changes role from  FOLLOWER to CANDIDATE at term 0 for changeToCandidate
2023-12-21 09:24:39,803 [560c1385-c518-4739-80f6-d98c5390378b@group-3E5A09133106-FollowerState] INFO  server.RaftServerConfigKeys (ConfUtils.java:logGet(46)) - raft.server.leaderelection.pre-vote = true (default)
2023-12-21 09:24:39,803 [560c1385-c518-4739-80f6-d98c5390378b@group-3E5A09133106-FollowerState] INFO  impl.RoleInfo (RoleInfo.java:updateAndGet(139)) - 560c1385-c518-4739-80f6-d98c5390378b: start 560c1385-c518-4739-80f6-d98c5390378b@group-3E5A09133106-LeaderElection43
2023-12-21 09:24:39,804 [560c1385-c518-4739-80f6-d98c5390378b@group-3E5A09133106-LeaderElection43] INFO  impl.LeaderElection (LeaderElection.java:askForVotes(323)) - 560c1385-c518-4739-80f6-d98c5390378b@group-3E5A09133106-LeaderElection43 PRE_VOTE round 0: submit vote requests at term 0 for -1: peers:[560c1385-c518-4739-80f6-d98c5390378b|10.1.0.5:15219]|listeners:[], old=null
2023-12-21 09:24:39,804 [560c1385-c518-4739-80f6-d98c5390378b@group-3E5A09133106-LeaderElection43] INFO  impl.LeaderElection (LeaderElection.java:askForVotes(325)) - 560c1385-c518-4739-80f6-d98c5390378b@group-3E5A09133106-LeaderElection43 PRE_VOTE round 0: result PASSED (term=0)
2023-12-21 09:24:39,805 [560c1385-c518-4739-80f6-d98c5390378b@group-3E5A09133106-LeaderElection43] INFO  impl.LeaderElection (LeaderElection.java:askForVotes(323)) - 560c1385-c518-4739-80f6-d98c5390378b@group-3E5A09133106-LeaderElection43 ELECTION round 0: submit vote requests at term 1 for -1: peers:[560c1385-c518-4739-80f6-d98c5390378b|10.1.0.5:15219]|listeners:[], old=null
2023-12-21 09:24:39,805 [560c1385-c518-4739-80f6-d98c5390378b@group-3E5A09133106-LeaderElection43] INFO  impl.LeaderElection (LeaderElection.java:askForVotes(325)) - 560c1385-c518-4739-80f6-d98c5390378b@group-3E5A09133106-LeaderElection43 ELECTION round 0: result PASSED (term=1)
2023-12-21 09:24:39,805 [560c1385-c518-4739-80f6-d98c5390378b@group-3E5A09133106-LeaderElection43] INFO  impl.RoleInfo (RoleInfo.java:shutdownLeaderElection(130)) - 560c1385-c518-4739-80f6-d98c5390378b: shutdown 560c1385-c518-4739-80f6-d98c5390378b@group-3E5A09133106-LeaderElection43
2023-12-21 09:24:39,805 [560c1385-c518-4739-80f6-d98c5390378b@group-3E5A09133106-LeaderElection43] INFO  server.RaftServer$Division (RaftServerImpl.java:setRole(379)) - 560c1385-c518-4739-80f6-d98c5390378b@group-3E5A09133106: changes role from CANDIDATE to LEADER at term 1 for changeToLeader
2023-12-21 09:24:39,806 [560c1385-c518-4739-80f6-d98c5390378b@group-3E5A09133106-LeaderElection43] INFO  server.RaftServerConfigKeys (ConfUtils.java:logGet(46)) - raft.server.staging.catchup.gap = 1000 (default)
2023-12-21 09:24:39,806 [560c1385-c518-4739-80f6-d98c5390378b@group-3E5A09133106-LeaderElection43] INFO  server.RaftServerConfigKeys (ConfUtils.java:logGet(46)) - raft.server.write.element-limit = 1024 (custom)
2023-12-21 09:24:39,806 [560c1385-c518-4739-80f6-d98c5390378b@group-3E5A09133106-LeaderElection43] INFO  server.RaftServerConfigKeys (ConfUtils.java:logGet(46)) - raft.server.write.byte-limit = 1024 M (=1073741824) (custom)
2023-12-21 09:24:39,806 [560c1385-c518-4739-80f6-d98c5390378b@group-3E5A09133106-LeaderElection43] INFO  server.RaftServerConfigKeys (ConfUtils.java:logGet(46)) - raft.server.watch.timeout = 3000ms (custom)
2023-12-21 09:24:39,806 [560c1385-c518-4739-80f6-d98c5390378b@group-3E5A09133106-LeaderElection43] INFO  server.RaftServerConfigKeys (ConfUtils.java:logGet(46)) - raft.server.watch.timeout.denomination = 1s (default)
2023-12-21 09:24:39,806 [560c1385-c518-4739-80f6-d98c5390378b@group-3E5A09133106-LeaderElection43] INFO  server.RaftServerConfigKeys (ConfUtils.java:logGet(46)) - raft.server.watch.element-limit = 65536 (default)
2023-12-21 09:24:39,806 [560c1385-c518-4739-80f6-d98c5390378b@group-3E5A09133106-LeaderElection43] INFO  server.RaftServerConfigKeys (ConfUtils.java:logGet(46)) - raft.server.read.leader.lease.enabled = false (default)
2023-12-21 09:24:39,806 [560c1385-c518-4739-80f6-d98c5390378b@group-3E5A09133106-LeaderElection43] INFO  server.RaftServerConfigKeys (ConfUtils.java:logGet(46)) - raft.server.read.leader.lease.timeout.ratio = 0.9 (default)
2023-12-21 09:24:39,806 [560c1385-c518-4739-80f6-d98c5390378b@group-3E5A09133106-LeaderElection43] INFO  server.RaftServerConfigKeys (ConfUtils.java:logGet(46)) - raft.server.rpc.timeout.min = 5s (custom)
2023-12-21 09:24:39,806 [560c1385-c518-4739-80f6-d98c5390378b@group-3E5A09133106-LeaderElection43] INFO  server.RaftServerConfigKeys (ConfUtils.java:logGet(46)) - raft.server.write.element-limit = 1024 (custom)
2023-12-21 09:24:39,806 [560c1385-c518-4739-80f6-d98c5390378b@group-3E5A09133106-LeaderElection43] INFO  server.RaftServerConfigKeys (ConfUtils.java:logGet(46)) - raft.server.write.follower.gap.ratio.max = -1.0 (default)
2023-12-21 09:24:39,806 [560c1385-c518-4739-80f6-d98c5390378b@group-3E5A09133106-LeaderElection43] INFO  impl.RoleInfo (RoleInfo.java:updateAndGet(139)) - 560c1385-c518-4739-80f6-d98c5390378b: start 560c1385-c518-4739-80f6-d98c5390378b@group-3E5A09133106-LeaderStateImpl
2023-12-21 09:24:39,806 [560c1385-c518-4739-80f6-d98c5390378b@group-3E5A09133106-LeaderElection43] INFO  server.RaftServer$Division (RaftServerImpl.java:setFirstElection(564)) - 560c1385-c518-4739-80f6-d98c5390378b@group-3E5A09133106: set firstElectionSinceStartup to false for becomeLeader
2023-12-21 09:24:39,806 [560c1385-c518-4739-80f6-d98c5390378b@group-3E5A09133106-LeaderElection43] INFO  ratis.XceiverServerRatis (XceiverServerRatis.java:handleLeaderChangedNotification(935)) - Leader change notification received for group: group-3E5A09133106 with new leaderId: 560c1385-c518-4739-80f6-d98c5390378b
2023-12-21 09:24:39,807 [560c1385-c518-4739-80f6-d98c5390378b@group-3E5A09133106-LeaderElection43] INFO  server.RaftServer$Division (ServerState.java:setLeader(265)) - 560c1385-c518-4739-80f6-d98c5390378b@group-3E5A09133106: change Leader from null to 560c1385-c518-4739-80f6-d98c5390378b at term 1 for becomeLeader, leader elected after 5201ms
2023-12-21 09:24:39,807 [560c1385-c518-4739-80f6-d98c5390378b@group-3E5A09133106-LeaderElection43] INFO  segmented.SegmentedRaftLogWorker (SegmentedRaftLogWorker.java:startLogSegment(428)) - 560c1385-c518-4739-80f6-d98c5390378b@group-3E5A09133106-SegmentedRaftLogWorker: Starting segment from index:0
2023-12-21 09:24:39,807 [560c1385-c518-4739-80f6-d98c5390378b@group-3E5A09133106-LeaderElection43] INFO  server.RaftServer$Division (ServerState.java:setRaftConf(382)) - 560c1385-c518-4739-80f6-d98c5390378b@group-3E5A09133106: set configuration 0: peers:[560c1385-c518-4739-80f6-d98c5390378b|10.1.0.5:15219]|listeners:[], old=null
2023-12-21 09:24:39,814 [560c1385-c518-4739-80f6-d98c5390378b@group-3E5A09133106-SegmentedRaftLogWorker] INFO  segmented.SegmentedRaftLogWorker (SegmentedRaftLogWorker.java:execute(632)) - 560c1385-c518-4739-80f6-d98c5390378b@group-3E5A09133106-SegmentedRaftLogWorker: created new log segment /home/runner/work/ozone/ozone/hadoop-ozone/integration-test/target/test-dir/MiniOzoneClusterImpl-e4d55aeb-da58-408a-87dd-e45f7ef8a31a/datanode-3/data/ratis/61bf65b7-bf82-4b3b-bc09-3e5a09133106/current/log_inprogress_0
2023-12-21 09:24:39,814 [560c1385-c518-4739-80f6-d98c5390378b@group-3E5A09133106-StateMachineUpdater] INFO  server.RaftServer$Division (LeaderStateImpl.java:isApplied(316)) - leader is ready since appliedIndex == 0 >= startIndex == 0
2023-12-21 09:24:39,836 [317bf553-3d1a-400b-8f1e-6110842f6590@group-EE672A5843D9-FollowerState] INFO  impl.FollowerState (FollowerState.java:run(143)) - 317bf553-3d1a-400b-8f1e-6110842f6590@group-EE672A5843D9-FollowerState: change to CANDIDATE, lastRpcElapsedTime:5029503879ns, electionTimeout:5029ms
2023-12-21 09:24:39,836 [317bf553-3d1a-400b-8f1e-6110842f6590@group-EE672A5843D9-FollowerState] INFO  impl.RoleInfo (RoleInfo.java:shutdownFollowerState(110)) - 317bf553-3d1a-400b-8f1e-6110842f6590: shutdown 317bf553-3d1a-400b-8f1e-6110842f6590@group-EE672A5843D9-FollowerState
2023-12-21 09:24:39,836 [317bf553-3d1a-400b-8f1e-6110842f6590@group-EE672A5843D9-FollowerState] INFO  server.RaftServer$Division (RaftServerImpl.java:setRole(379)) - 317bf553-3d1a-400b-8f1e-6110842f6590@group-EE672A5843D9: changes role from  FOLLOWER to CANDIDATE at term 0 for changeToCandidate
2023-12-21 09:24:39,836 [317bf553-3d1a-400b-8f1e-6110842f6590@group-EE672A5843D9-FollowerState] INFO  server.RaftServerConfigKeys (ConfUtils.java:logGet(46)) - raft.server.leaderelection.pre-vote = true (default)
2023-12-21 09:24:39,836 [317bf553-3d1a-400b-8f1e-6110842f6590@group-EE672A5843D9-FollowerState] INFO  impl.RoleInfo (RoleInfo.java:updateAndGet(139)) - 317bf553-3d1a-400b-8f1e-6110842f6590: start 317bf553-3d1a-400b-8f1e-6110842f6590@group-EE672A5843D9-LeaderElection44
2023-12-21 09:24:39,837 [317bf553-3d1a-400b-8f1e-6110842f6590@group-EE672A5843D9-LeaderElection44] INFO  impl.LeaderElection (LeaderElection.java:askForVotes(323)) - 317bf553-3d1a-400b-8f1e-6110842f6590@group-EE672A5843D9-LeaderElection44 PRE_VOTE round 0: submit vote requests at term 0 for -1: peers:[317bf553-3d1a-400b-8f1e-6110842f6590|10.1.0.5:15237]|listeners:[], old=null
2023-12-21 09:24:39,837 [317bf553-3d1a-400b-8f1e-6110842f6590@group-EE672A5843D9-LeaderElection44] INFO  impl.LeaderElection (LeaderElection.java:askForVotes(325)) - 317bf553-3d1a-400b-8f1e-6110842f6590@group-EE672A5843D9-LeaderElection44 PRE_VOTE round 0: result PASSED (term=0)
2023-12-21 09:24:39,838 [317bf553-3d1a-400b-8f1e-6110842f6590@group-EE672A5843D9-LeaderElection44] INFO  impl.LeaderElection (LeaderElection.java:askForVotes(323)) - 317bf553-3d1a-400b-8f1e-6110842f6590@group-EE672A5843D9-LeaderElection44 ELECTION round 0: submit vote requests at term 1 for -1: peers:[317bf553-3d1a-400b-8f1e-6110842f6590|10.1.0.5:15237]|listeners:[], old=null
2023-12-21 09:24:39,838 [317bf553-3d1a-400b-8f1e-6110842f6590@group-EE672A5843D9-LeaderElection44] INFO  impl.LeaderElection (LeaderElection.java:askForVotes(325)) - 317bf553-3d1a-400b-8f1e-6110842f6590@group-EE672A5843D9-LeaderElection44 ELECTION round 0: result PASSED (term=1)
2023-12-21 09:24:39,838 [317bf553-3d1a-400b-8f1e-6110842f6590@group-EE672A5843D9-LeaderElection44] INFO  impl.RoleInfo (RoleInfo.java:shutdownLeaderElection(130)) - 317bf553-3d1a-400b-8f1e-6110842f6590: shutdown 317bf553-3d1a-400b-8f1e-6110842f6590@group-EE672A5843D9-LeaderElection44
2023-12-21 09:24:39,838 [317bf553-3d1a-400b-8f1e-6110842f6590@group-EE672A5843D9-LeaderElection44] INFO  server.RaftServer$Division (RaftServerImpl.java:setRole(379)) - 317bf553-3d1a-400b-8f1e-6110842f6590@group-EE672A5843D9: changes role from CANDIDATE to LEADER at term 1 for changeToLeader
2023-12-21 09:24:39,838 [317bf553-3d1a-400b-8f1e-6110842f6590@group-EE672A5843D9-LeaderElection44] INFO  server.RaftServerConfigKeys (ConfUtils.java:logGet(46)) - raft.server.staging.catchup.gap = 1000 (default)
2023-12-21 09:24:39,838 [317bf553-3d1a-400b-8f1e-6110842f6590@group-EE672A5843D9-LeaderElection44] INFO  server.RaftServerConfigKeys (ConfUtils.java:logGet(46)) - raft.server.write.element-limit = 1024 (custom)
2023-12-21 09:24:39,838 [317bf553-3d1a-400b-8f1e-6110842f6590@group-EE672A5843D9-LeaderElection44] INFO  server.RaftServerConfigKeys (ConfUtils.java:logGet(46)) - raft.server.write.byte-limit = 1024 M (=1073741824) (custom)
2023-12-21 09:24:39,838 [317bf553-3d1a-400b-8f1e-6110842f6590@group-EE672A5843D9-LeaderElection44] INFO  server.RaftServerConfigKeys (ConfUtils.java:logGet(46)) - raft.server.watch.timeout = 3000ms (custom)
2023-12-21 09:24:39,838 [317bf553-3d1a-400b-8f1e-6110842f6590@group-EE672A5843D9-LeaderElection44] INFO  server.RaftServerConfigKeys (ConfUtils.java:logGet(46)) - raft.server.watch.timeout.denomination = 1s (default)
2023-12-21 09:24:39,838 [317bf553-3d1a-400b-8f1e-6110842f6590@group-EE672A5843D9-LeaderElection44] INFO  server.RaftServerConfigKeys (ConfUtils.java:logGet(46)) - raft.server.watch.element-limit = 65536 (default)
2023-12-21 09:24:39,839 [317bf553-3d1a-400b-8f1e-6110842f6590@group-EE672A5843D9-LeaderElection44] INFO  server.RaftServerConfigKeys (ConfUtils.java:logGet(46)) - raft.server.read.leader.lease.enabled = false (default)
2023-12-21 09:24:39,839 [317bf553-3d1a-400b-8f1e-6110842f6590@group-EE672A5843D9-LeaderElection44] INFO  server.RaftServerConfigKeys (ConfUtils.java:logGet(46)) - raft.server.read.leader.lease.timeout.ratio = 0.9 (default)
2023-12-21 09:24:39,839 [317bf553-3d1a-400b-8f1e-6110842f6590@group-EE672A5843D9-LeaderElection44] INFO  server.RaftServerConfigKeys (ConfUtils.java:logGet(46)) - raft.server.rpc.timeout.min = 5s (custom)
2023-12-21 09:24:39,839 [317bf553-3d1a-400b-8f1e-6110842f6590@group-EE672A5843D9-LeaderElection44] INFO  server.RaftServerConfigKeys (ConfUtils.java:logGet(46)) - raft.server.write.element-limit = 1024 (custom)
2023-12-21 09:24:39,839 [317bf553-3d1a-400b-8f1e-6110842f6590@group-EE672A5843D9-LeaderElection44] INFO  server.RaftServerConfigKeys (ConfUtils.java:logGet(46)) - raft.server.write.follower.gap.ratio.max = -1.0 (default)
2023-12-21 09:24:39,839 [317bf553-3d1a-400b-8f1e-6110842f6590@group-EE672A5843D9-LeaderElection44] INFO  impl.RoleInfo (RoleInfo.java:updateAndGet(139)) - 317bf553-3d1a-400b-8f1e-6110842f6590: start 317bf553-3d1a-400b-8f1e-6110842f6590@group-EE672A5843D9-LeaderStateImpl
2023-12-21 09:24:39,839 [317bf553-3d1a-400b-8f1e-6110842f6590@group-EE672A5843D9-LeaderElection44] INFO  server.RaftServer$Division (RaftServerImpl.java:setFirstElection(564)) - 317bf553-3d1a-400b-8f1e-6110842f6590@group-EE672A5843D9: set firstElectionSinceStartup to false for becomeLeader
2023-12-21 09:24:39,839 [317bf553-3d1a-400b-8f1e-6110842f6590@group-EE672A5843D9-LeaderElection44] INFO  ratis.XceiverServerRatis (XceiverServerRatis.java:handleLeaderChangedNotification(935)) - Leader change notification received for group: group-EE672A5843D9 with new leaderId: 317bf553-3d1a-400b-8f1e-6110842f6590
2023-12-21 09:24:39,839 [317bf553-3d1a-400b-8f1e-6110842f6590@group-EE672A5843D9-LeaderElection44] INFO  server.RaftServer$Division (ServerState.java:setLeader(265)) - 317bf553-3d1a-400b-8f1e-6110842f6590@group-EE672A5843D9: change Leader from null to 317bf553-3d1a-400b-8f1e-6110842f6590 at term 1 for becomeLeader, leader elected after 5044ms
2023-12-21 09:24:39,839 [317bf553-3d1a-400b-8f1e-6110842f6590@group-EE672A5843D9-LeaderElection44] INFO  segmented.SegmentedRaftLogWorker (SegmentedRaftLogWorker.java:startLogSegment(428)) - 317bf553-3d1a-400b-8f1e-6110842f6590@group-EE672A5843D9-SegmentedRaftLogWorker: Starting segment from index:0
2023-12-21 09:24:39,840 [317bf553-3d1a-400b-8f1e-6110842f6590@group-EE672A5843D9-LeaderElection44] INFO  server.RaftServer$Division (ServerState.java:setRaftConf(382)) - 317bf553-3d1a-400b-8f1e-6110842f6590@group-EE672A5843D9: set configuration 0: peers:[317bf553-3d1a-400b-8f1e-6110842f6590|10.1.0.5:15237]|listeners:[], old=null
2023-12-21 09:24:39,846 [317bf553-3d1a-400b-8f1e-6110842f6590@group-EE672A5843D9-SegmentedRaftLogWorker] INFO  segmented.SegmentedRaftLogWorker (SegmentedRaftLogWorker.java:execute(632)) - 317bf553-3d1a-400b-8f1e-6110842f6590@group-EE672A5843D9-SegmentedRaftLogWorker: created new log segment /home/runner/work/ozone/ozone/hadoop-ozone/integration-test/target/test-dir/MiniOzoneClusterImpl-e4d55aeb-da58-408a-87dd-e45f7ef8a31a/datanode-5/data/ratis/9e1e10fe-2334-4178-8e68-ee672a5843d9/current/log_inprogress_0
2023-12-21 09:24:39,846 [317bf553-3d1a-400b-8f1e-6110842f6590@group-EE672A5843D9-StateMachineUpdater] INFO  server.RaftServer$Division (LeaderStateImpl.java:isApplied(316)) - leader is ready since appliedIndex == 0 >= startIndex == 0
2023-12-21 09:24:39,878 [4150f76c-1cd9-4d5b-96cd-8dd0a9a12dd3@group-1F7EAD23F4F8-FollowerState] INFO  impl.FollowerState (FollowerState.java:run(143)) - 4150f76c-1cd9-4d5b-96cd-8dd0a9a12dd3@group-1F7EAD23F4F8-FollowerState: change to CANDIDATE, lastRpcElapsedTime:5186981692ns, electionTimeout:5186ms
2023-12-21 09:24:39,878 [4150f76c-1cd9-4d5b-96cd-8dd0a9a12dd3@group-1F7EAD23F4F8-FollowerState] INFO  impl.RoleInfo (RoleInfo.java:shutdownFollowerState(110)) - 4150f76c-1cd9-4d5b-96cd-8dd0a9a12dd3: shutdown 4150f76c-1cd9-4d5b-96cd-8dd0a9a12dd3@group-1F7EAD23F4F8-FollowerState
2023-12-21 09:24:39,878 [4150f76c-1cd9-4d5b-96cd-8dd0a9a12dd3@group-1F7EAD23F4F8-FollowerState] INFO  server.RaftServer$Division (RaftServerImpl.java:setRole(379)) - 4150f76c-1cd9-4d5b-96cd-8dd0a9a12dd3@group-1F7EAD23F4F8: changes role from  FOLLOWER to CANDIDATE at term 0 for changeToCandidate
2023-12-21 09:24:39,878 [4150f76c-1cd9-4d5b-96cd-8dd0a9a12dd3@group-1F7EAD23F4F8-FollowerState] INFO  server.RaftServerConfigKeys (ConfUtils.java:logGet(46)) - raft.server.leaderelection.pre-vote = true (default)
2023-12-21 09:24:39,878 [4150f76c-1cd9-4d5b-96cd-8dd0a9a12dd3@group-1F7EAD23F4F8-FollowerState] INFO  impl.RoleInfo (RoleInfo.java:updateAndGet(139)) - 4150f76c-1cd9-4d5b-96cd-8dd0a9a12dd3: start 4150f76c-1cd9-4d5b-96cd-8dd0a9a12dd3@group-1F7EAD23F4F8-LeaderElection45
2023-12-21 09:24:39,879 [4150f76c-1cd9-4d5b-96cd-8dd0a9a12dd3@group-1F7EAD23F4F8-LeaderElection45] INFO  impl.LeaderElection (LeaderElection.java:askForVotes(323)) - 4150f76c-1cd9-4d5b-96cd-8dd0a9a12dd3@group-1F7EAD23F4F8-LeaderElection45 PRE_VOTE round 0: submit vote requests at term 0 for -1: peers:[560c1385-c518-4739-80f6-d98c5390378b|10.1.0.5:15219, 4150f76c-1cd9-4d5b-96cd-8dd0a9a12dd3|10.1.0.5:15228, 317bf553-3d1a-400b-8f1e-6110842f6590|10.1.0.5:15237]|listeners:[], old=null
2023-12-21 09:24:39,879 [4150f76c-1cd9-4d5b-96cd-8dd0a9a12dd3@group-1F7EAD23F4F8-LeaderElection45-1] INFO  server.GrpcServerProtocolClient (GrpcServerProtocolClient.java:<init>(65)) - Build channel for 560c1385-c518-4739-80f6-d98c5390378b
2023-12-21 09:24:39,879 [4150f76c-1cd9-4d5b-96cd-8dd0a9a12dd3@group-1F7EAD23F4F8-LeaderElection45-2] INFO  server.GrpcServerProtocolClient (GrpcServerProtocolClient.java:<init>(65)) - Build channel for 317bf553-3d1a-400b-8f1e-6110842f6590
2023-12-21 09:24:39,879 [4150f76c-1cd9-4d5b-96cd-8dd0a9a12dd3@group-1F7EAD23F4F8-LeaderElection45] INFO  server.RaftServerConfigKeys (ConfUtils.java:logFallback(53)) - raft.server.rpc.first-election.timeout.min = 5s (fallback to raft.server.rpc.timeout.min)
2023-12-21 09:24:39,880 [4150f76c-1cd9-4d5b-96cd-8dd0a9a12dd3@group-1F7EAD23F4F8-LeaderElection45] INFO  server.RaftServerConfigKeys (ConfUtils.java:logFallback(53)) - raft.server.rpc.first-election.timeout.max = 5200ms (fallback to raft.server.rpc.timeout.max)
2023-12-21 09:24:39,884 [grpc-default-executor-0] INFO  server.RaftServer$Division (RaftServerImpl.java:requestVote(1377)) - 317bf553-3d1a-400b-8f1e-6110842f6590@group-1F7EAD23F4F8: receive requestVote(PRE_VOTE, 4150f76c-1cd9-4d5b-96cd-8dd0a9a12dd3, group-1F7EAD23F4F8, 0, (t:0, i:0))
2023-12-21 09:24:39,884 [grpc-default-executor-0] INFO  impl.VoteContext (VoteContext.java:log(49)) - 317bf553-3d1a-400b-8f1e-6110842f6590@group-1F7EAD23F4F8-FOLLOWER: accept PRE_VOTE from 4150f76c-1cd9-4d5b-96cd-8dd0a9a12dd3: our priority 0 <= candidate's priority 1
2023-12-21 09:24:39,884 [grpc-default-executor-0] INFO  server.RaftServer$Division (RaftServerImpl.java:requestVote(1410)) - 317bf553-3d1a-400b-8f1e-6110842f6590@group-1F7EAD23F4F8 replies to PRE_VOTE vote request: 4150f76c-1cd9-4d5b-96cd-8dd0a9a12dd3<-317bf553-3d1a-400b-8f1e-6110842f6590#0:OK-t0. Peer's state: 317bf553-3d1a-400b-8f1e-6110842f6590@group-1F7EAD23F4F8:t0, leader=null, voted=, raftlog=Memoized:317bf553-3d1a-400b-8f1e-6110842f6590@group-1F7EAD23F4F8-SegmentedRaftLog:OPENED:c-1, conf=-1: peers:[560c1385-c518-4739-80f6-d98c5390378b|10.1.0.5:15219, 4150f76c-1cd9-4d5b-96cd-8dd0a9a12dd3|10.1.0.5:15228, 317bf553-3d1a-400b-8f1e-6110842f6590|10.1.0.5:15237]|listeners:[], old=null
2023-12-21 09:24:39,885 [grpc-default-executor-3] INFO  server.RaftServer$Division (RaftServerImpl.java:requestVote(1377)) - 560c1385-c518-4739-80f6-d98c5390378b@group-1F7EAD23F4F8: receive requestVote(PRE_VOTE, 4150f76c-1cd9-4d5b-96cd-8dd0a9a12dd3, group-1F7EAD23F4F8, 0, (t:0, i:0))
2023-12-21 09:24:39,885 [grpc-default-executor-3] INFO  impl.VoteContext (VoteContext.java:log(49)) - 560c1385-c518-4739-80f6-d98c5390378b@group-1F7EAD23F4F8-FOLLOWER: accept PRE_VOTE from 4150f76c-1cd9-4d5b-96cd-8dd0a9a12dd3: our priority 0 <= candidate's priority 1
2023-12-21 09:24:39,886 [grpc-default-executor-3] INFO  server.RaftServer$Division (RaftServerImpl.java:requestVote(1410)) - 560c1385-c518-4739-80f6-d98c5390378b@group-1F7EAD23F4F8 replies to PRE_VOTE vote request: 4150f76c-1cd9-4d5b-96cd-8dd0a9a12dd3<-560c1385-c518-4739-80f6-d98c5390378b#0:OK-t0. Peer's state: 560c1385-c518-4739-80f6-d98c5390378b@group-1F7EAD23F4F8:t0, leader=null, voted=, raftlog=Memoized:560c1385-c518-4739-80f6-d98c5390378b@group-1F7EAD23F4F8-SegmentedRaftLog:OPENED:c-1, conf=-1: peers:[560c1385-c518-4739-80f6-d98c5390378b|10.1.0.5:15219, 4150f76c-1cd9-4d5b-96cd-8dd0a9a12dd3|10.1.0.5:15228, 317bf553-3d1a-400b-8f1e-6110842f6590|10.1.0.5:15237]|listeners:[], old=null
2023-12-21 09:24:39,887 [4150f76c-1cd9-4d5b-96cd-8dd0a9a12dd3@group-1F7EAD23F4F8-LeaderElection45] INFO  impl.LeaderElection (LeaderElection.java:logAndReturn(89)) - 4150f76c-1cd9-4d5b-96cd-8dd0a9a12dd3@group-1F7EAD23F4F8-LeaderElection45: PRE_VOTE PASSED received 1 response(s) and 0 exception(s):
2023-12-21 09:24:39,887 [4150f76c-1cd9-4d5b-96cd-8dd0a9a12dd3@group-1F7EAD23F4F8-LeaderElection45] INFO  impl.LeaderElection (LeaderElection.java:logAndReturn(93)) -   Response 0: 4150f76c-1cd9-4d5b-96cd-8dd0a9a12dd3<-317bf553-3d1a-400b-8f1e-6110842f6590#0:OK-t0
2023-12-21 09:24:39,887 [4150f76c-1cd9-4d5b-96cd-8dd0a9a12dd3@group-1F7EAD23F4F8-LeaderElection45] INFO  impl.LeaderElection (LeaderElection.java:askForVotes(325)) - 4150f76c-1cd9-4d5b-96cd-8dd0a9a12dd3@group-1F7EAD23F4F8-LeaderElection45 PRE_VOTE round 0: result PASSED
2023-12-21 09:24:39,888 [4150f76c-1cd9-4d5b-96cd-8dd0a9a12dd3@group-1F7EAD23F4F8-LeaderElection45] INFO  impl.LeaderElection (LeaderElection.java:askForVotes(323)) - 4150f76c-1cd9-4d5b-96cd-8dd0a9a12dd3@group-1F7EAD23F4F8-LeaderElection45 ELECTION round 0: submit vote requests at term 1 for -1: peers:[560c1385-c518-4739-80f6-d98c5390378b|10.1.0.5:15219, 4150f76c-1cd9-4d5b-96cd-8dd0a9a12dd3|10.1.0.5:15228, 317bf553-3d1a-400b-8f1e-6110842f6590|10.1.0.5:15237]|listeners:[], old=null
2023-12-21 09:24:39,888 [4150f76c-1cd9-4d5b-96cd-8dd0a9a12dd3@group-1F7EAD23F4F8-LeaderElection45] INFO  server.RaftServerConfigKeys (ConfUtils.java:logFallback(53)) - raft.server.rpc.first-election.timeout.min = 5s (fallback to raft.server.rpc.timeout.min)
2023-12-21 09:24:39,888 [4150f76c-1cd9-4d5b-96cd-8dd0a9a12dd3@group-1F7EAD23F4F8-LeaderElection45] INFO  server.RaftServerConfigKeys (ConfUtils.java:logFallback(53)) - raft.server.rpc.first-election.timeout.max = 5200ms (fallback to raft.server.rpc.timeout.max)
2023-12-21 09:24:39,889 [grpc-default-executor-3] INFO  server.RaftServer$Division (RaftServerImpl.java:requestVote(1377)) - 560c1385-c518-4739-80f6-d98c5390378b@group-1F7EAD23F4F8: receive requestVote(ELECTION, 4150f76c-1cd9-4d5b-96cd-8dd0a9a12dd3, group-1F7EAD23F4F8, 1, (t:0, i:0))
2023-12-21 09:24:39,889 [grpc-default-executor-3] INFO  impl.VoteContext (VoteContext.java:log(49)) - 560c1385-c518-4739-80f6-d98c5390378b@group-1F7EAD23F4F8-FOLLOWER: accept ELECTION from 4150f76c-1cd9-4d5b-96cd-8dd0a9a12dd3: our priority 0 <= candidate's priority 1
2023-12-21 09:24:39,889 [grpc-default-executor-3] INFO  server.RaftServer$Division (RaftServerImpl.java:setRole(379)) - 560c1385-c518-4739-80f6-d98c5390378b@group-1F7EAD23F4F8: changes role from  FOLLOWER to FOLLOWER at term 1 for candidate:4150f76c-1cd9-4d5b-96cd-8dd0a9a12dd3
2023-12-21 09:24:39,889 [grpc-default-executor-3] INFO  impl.RoleInfo (RoleInfo.java:shutdownFollowerState(110)) - 560c1385-c518-4739-80f6-d98c5390378b: shutdown 560c1385-c518-4739-80f6-d98c5390378b@group-1F7EAD23F4F8-FollowerState
2023-12-21 09:24:39,889 [grpc-default-executor-3] INFO  impl.RoleInfo (RoleInfo.java:updateAndGet(139)) - 560c1385-c518-4739-80f6-d98c5390378b: start 560c1385-c518-4739-80f6-d98c5390378b@group-1F7EAD23F4F8-FollowerState
2023-12-21 09:24:39,889 [560c1385-c518-4739-80f6-d98c5390378b@group-1F7EAD23F4F8-FollowerState] INFO  impl.FollowerState (FollowerState.java:run(152)) - 560c1385-c518-4739-80f6-d98c5390378b@group-1F7EAD23F4F8-FollowerState was interrupted
2023-12-21 09:24:39,890 [grpc-default-executor-0] INFO  server.RaftServer$Division (RaftServerImpl.java:requestVote(1377)) - 317bf553-3d1a-400b-8f1e-6110842f6590@group-1F7EAD23F4F8: receive requestVote(ELECTION, 4150f76c-1cd9-4d5b-96cd-8dd0a9a12dd3, group-1F7EAD23F4F8, 1, (t:0, i:0))
2023-12-21 09:24:39,890 [grpc-default-executor-0] INFO  impl.VoteContext (VoteContext.java:log(49)) - 317bf553-3d1a-400b-8f1e-6110842f6590@group-1F7EAD23F4F8-FOLLOWER: accept ELECTION from 4150f76c-1cd9-4d5b-96cd-8dd0a9a12dd3: our priority 0 <= candidate's priority 1
2023-12-21 09:24:39,890 [grpc-default-executor-0] INFO  server.RaftServer$Division (RaftServerImpl.java:setRole(379)) - 317bf553-3d1a-400b-8f1e-6110842f6590@group-1F7EAD23F4F8: changes role from  FOLLOWER to FOLLOWER at term 1 for candidate:4150f76c-1cd9-4d5b-96cd-8dd0a9a12dd3
2023-12-21 09:24:39,890 [grpc-default-executor-0] INFO  impl.RoleInfo (RoleInfo.java:shutdownFollowerState(110)) - 317bf553-3d1a-400b-8f1e-6110842f6590: shutdown 317bf553-3d1a-400b-8f1e-6110842f6590@group-1F7EAD23F4F8-FollowerState
2023-12-21 09:24:39,891 [grpc-default-executor-0] INFO  impl.RoleInfo (RoleInfo.java:updateAndGet(139)) - 317bf553-3d1a-400b-8f1e-6110842f6590: start 317bf553-3d1a-400b-8f1e-6110842f6590@group-1F7EAD23F4F8-FollowerState
2023-12-21 09:24:39,891 [317bf553-3d1a-400b-8f1e-6110842f6590@group-1F7EAD23F4F8-FollowerState] INFO  impl.FollowerState (FollowerState.java:run(152)) - 317bf553-3d1a-400b-8f1e-6110842f6590@group-1F7EAD23F4F8-FollowerState was interrupted
2023-12-21 09:24:39,891 [grpc-default-executor-0] INFO  server.RaftServer$Division (RaftServerImpl.java:setFirstElection(564)) - 317bf553-3d1a-400b-8f1e-6110842f6590@group-1F7EAD23F4F8: set firstElectionSinceStartup to false for candidate:4150f76c-1cd9-4d5b-96cd-8dd0a9a12dd3
2023-12-21 09:24:39,892 [grpc-default-executor-3] INFO  server.RaftServer$Division (RaftServerImpl.java:requestVote(1410)) - 560c1385-c518-4739-80f6-d98c5390378b@group-1F7EAD23F4F8 replies to ELECTION vote request: 4150f76c-1cd9-4d5b-96cd-8dd0a9a12dd3<-560c1385-c518-4739-80f6-d98c5390378b#0:OK-t1. Peer's state: 560c1385-c518-4739-80f6-d98c5390378b@group-1F7EAD23F4F8:t1, leader=null, voted=4150f76c-1cd9-4d5b-96cd-8dd0a9a12dd3, raftlog=Memoized:560c1385-c518-4739-80f6-d98c5390378b@group-1F7EAD23F4F8-SegmentedRaftLog:OPENED:c-1, conf=-1: peers:[560c1385-c518-4739-80f6-d98c5390378b|10.1.0.5:15219, 4150f76c-1cd9-4d5b-96cd-8dd0a9a12dd3|10.1.0.5:15228, 317bf553-3d1a-400b-8f1e-6110842f6590|10.1.0.5:15237]|listeners:[], old=null
2023-12-21 09:24:39,893 [4150f76c-1cd9-4d5b-96cd-8dd0a9a12dd3@group-1F7EAD23F4F8-LeaderElection45] INFO  impl.LeaderElection (LeaderElection.java:logAndReturn(89)) - 4150f76c-1cd9-4d5b-96cd-8dd0a9a12dd3@group-1F7EAD23F4F8-LeaderElection45: ELECTION PASSED received 1 response(s) and 0 exception(s):
2023-12-21 09:24:39,893 [4150f76c-1cd9-4d5b-96cd-8dd0a9a12dd3@group-1F7EAD23F4F8-LeaderElection45] INFO  impl.LeaderElection (LeaderElection.java:logAndReturn(93)) -   Response 0: 4150f76c-1cd9-4d5b-96cd-8dd0a9a12dd3<-560c1385-c518-4739-80f6-d98c5390378b#0:OK-t1
2023-12-21 09:24:39,893 [4150f76c-1cd9-4d5b-96cd-8dd0a9a12dd3@group-1F7EAD23F4F8-LeaderElection45] INFO  impl.LeaderElection (LeaderElection.java:askForVotes(325)) - 4150f76c-1cd9-4d5b-96cd-8dd0a9a12dd3@group-1F7EAD23F4F8-LeaderElection45 ELECTION round 0: result PASSED
2023-12-21 09:24:39,893 [4150f76c-1cd9-4d5b-96cd-8dd0a9a12dd3@group-1F7EAD23F4F8-LeaderElection45] INFO  impl.RoleInfo (RoleInfo.java:shutdownLeaderElection(130)) - 4150f76c-1cd9-4d5b-96cd-8dd0a9a12dd3: shutdown 4150f76c-1cd9-4d5b-96cd-8dd0a9a12dd3@group-1F7EAD23F4F8-LeaderElection45
2023-12-21 09:24:39,893 [4150f76c-1cd9-4d5b-96cd-8dd0a9a12dd3@group-1F7EAD23F4F8-LeaderElection45] INFO  server.RaftServer$Division (RaftServerImpl.java:setRole(379)) - 4150f76c-1cd9-4d5b-96cd-8dd0a9a12dd3@group-1F7EAD23F4F8: changes role from CANDIDATE to LEADER at term 1 for changeToLeader
2023-12-21 09:24:39,893 [4150f76c-1cd9-4d5b-96cd-8dd0a9a12dd3@group-1F7EAD23F4F8-LeaderElection45] INFO  server.RaftServerConfigKeys (ConfUtils.java:logGet(46)) - raft.server.staging.catchup.gap = 1000 (default)
2023-12-21 09:24:39,893 [grpc-default-executor-0] INFO  server.RaftServer$Division (RaftServerImpl.java:requestVote(1410)) - 317bf553-3d1a-400b-8f1e-6110842f6590@group-1F7EAD23F4F8 replies to ELECTION vote request: 4150f76c-1cd9-4d5b-96cd-8dd0a9a12dd3<-317bf553-3d1a-400b-8f1e-6110842f6590#0:OK-t1. Peer's state: 317bf553-3d1a-400b-8f1e-6110842f6590@group-1F7EAD23F4F8:t1, leader=null, voted=4150f76c-1cd9-4d5b-96cd-8dd0a9a12dd3, raftlog=Memoized:317bf553-3d1a-400b-8f1e-6110842f6590@group-1F7EAD23F4F8-SegmentedRaftLog:OPENED:c-1, conf=-1: peers:[560c1385-c518-4739-80f6-d98c5390378b|10.1.0.5:15219, 4150f76c-1cd9-4d5b-96cd-8dd0a9a12dd3|10.1.0.5:15228, 317bf553-3d1a-400b-8f1e-6110842f6590|10.1.0.5:15237]|listeners:[], old=null
2023-12-21 09:24:39,893 [4150f76c-1cd9-4d5b-96cd-8dd0a9a12dd3@group-1F7EAD23F4F8-LeaderElection45] INFO  server.RaftServerConfigKeys (ConfUtils.java:logGet(46)) - raft.server.write.element-limit = 1024 (custom)
2023-12-21 09:24:39,893 [4150f76c-1cd9-4d5b-96cd-8dd0a9a12dd3@group-1F7EAD23F4F8-LeaderElection45] INFO  server.RaftServerConfigKeys (ConfUtils.java:logGet(46)) - raft.server.write.byte-limit = 1024 M (=1073741824) (custom)
2023-12-21 09:24:39,893 [4150f76c-1cd9-4d5b-96cd-8dd0a9a12dd3@group-1F7EAD23F4F8-LeaderElection45] INFO  server.RaftServerConfigKeys (ConfUtils.java:logGet(46)) - raft.server.watch.timeout = 3000ms (custom)
2023-12-21 09:24:39,893 [4150f76c-1cd9-4d5b-96cd-8dd0a9a12dd3@group-1F7EAD23F4F8-LeaderElection45] INFO  server.RaftServerConfigKeys (ConfUtils.java:logGet(46)) - raft.server.watch.timeout.denomination = 1s (default)
2023-12-21 09:24:39,894 [4150f76c-1cd9-4d5b-96cd-8dd0a9a12dd3@group-1F7EAD23F4F8-LeaderElection45] INFO  server.RaftServerConfigKeys (ConfUtils.java:logGet(46)) - raft.server.watch.element-limit = 65536 (default)
2023-12-21 09:24:39,894 [4150f76c-1cd9-4d5b-96cd-8dd0a9a12dd3@group-1F7EAD23F4F8-LeaderElection45] INFO  server.RaftServerConfigKeys (ConfUtils.java:logGet(46)) - raft.server.read.leader.lease.enabled = false (default)
2023-12-21 09:24:39,894 [4150f76c-1cd9-4d5b-96cd-8dd0a9a12dd3@group-1F7EAD23F4F8-LeaderElection45] INFO  server.RaftServerConfigKeys (ConfUtils.java:logGet(46)) - raft.server.read.leader.lease.timeout.ratio = 0.9 (default)
2023-12-21 09:24:39,894 [4150f76c-1cd9-4d5b-96cd-8dd0a9a12dd3@group-1F7EAD23F4F8-LeaderElection45] INFO  server.RaftServerConfigKeys (ConfUtils.java:logGet(46)) - raft.server.rpc.timeout.min = 5s (custom)
2023-12-21 09:24:39,894 [4150f76c-1cd9-4d5b-96cd-8dd0a9a12dd3@group-1F7EAD23F4F8-LeaderElection45] INFO  server.RaftServerConfigKeys (ConfUtils.java:logGet(46)) - raft.server.write.element-limit = 1024 (custom)
2023-12-21 09:24:39,894 [4150f76c-1cd9-4d5b-96cd-8dd0a9a12dd3@group-1F7EAD23F4F8-LeaderElection45] INFO  server.RaftServerConfigKeys (ConfUtils.java:logGet(46)) - raft.server.write.follower.gap.ratio.max = -1.0 (default)
2023-12-21 09:24:39,894 [4150f76c-1cd9-4d5b-96cd-8dd0a9a12dd3@group-1F7EAD23F4F8-LeaderElection45] INFO  server.RaftServerConfigKeys (ConfUtils.java:logGet(46)) - raft.server.log.appender.snapshot.chunk.size.max = 16MB (=16777216) (default)
2023-12-21 09:24:39,894 [4150f76c-1cd9-4d5b-96cd-8dd0a9a12dd3@group-1F7EAD23F4F8-LeaderElection45] INFO  server.RaftServerConfigKeys (ConfUtils.java:logGet(46)) - raft.server.log.appender.buffer.byte-limit = 8388608 (custom)
2023-12-21 09:24:39,894 [4150f76c-1cd9-4d5b-96cd-8dd0a9a12dd3@group-1F7EAD23F4F8-LeaderElection45] INFO  server.RaftServerConfigKeys (ConfUtils.java:logGet(46)) - raft.server.log.appender.buffer.element-limit = 1 (custom)
2023-12-21 09:24:39,895 [4150f76c-1cd9-4d5b-96cd-8dd0a9a12dd3@group-1F7EAD23F4F8-LeaderElection45] INFO  server.RaftServerConfigKeys (ConfUtils.java:logGet(46)) - raft.server.log.appender.wait-time.min = 0ms (custom)
2023-12-21 09:24:39,895 [4150f76c-1cd9-4d5b-96cd-8dd0a9a12dd3@group-1F7EAD23F4F8-LeaderElection45] INFO  grpc.GrpcConfigKeys (ConfUtils.java:logGet(46)) - raft.grpc.server.leader.outstanding.appends.max = 8 (default)
2023-12-21 09:24:39,895 [4150f76c-1cd9-4d5b-96cd-8dd0a9a12dd3@group-1F7EAD23F4F8-LeaderElection45] INFO  server.RaftServerConfigKeys (ConfUtils.java:logGet(46)) - raft.server.rpc.request.timeout = 3000ms (default)
2023-12-21 09:24:39,895 [4150f76c-1cd9-4d5b-96cd-8dd0a9a12dd3@group-1F7EAD23F4F8-LeaderElection45] INFO  grpc.GrpcConfigKeys (ConfUtils.java:logGet(46)) - raft.grpc.server.install_snapshot.request.element-limit = 8 (default)
2023-12-21 09:24:39,895 [4150f76c-1cd9-4d5b-96cd-8dd0a9a12dd3@group-1F7EAD23F4F8-LeaderElection45] INFO  grpc.GrpcConfigKeys (ConfUtils.java:logGet(46)) - raft.grpc.server.install_snapshot.request.timeout = 3000ms (default)
2023-12-21 09:24:39,895 [4150f76c-1cd9-4d5b-96cd-8dd0a9a12dd3@group-1F7EAD23F4F8-LeaderElection45] INFO  server.RaftServerConfigKeys (ConfUtils.java:logGet(46)) - raft.server.log.appender.install.snapshot.enabled = false (custom)
2023-12-21 09:24:39,895 [4150f76c-1cd9-4d5b-96cd-8dd0a9a12dd3@group-1F7EAD23F4F8-LeaderElection45] INFO  grpc.GrpcConfigKeys (ConfUtils.java:logGet(46)) - raft.grpc.server.heartbeat.channel = true (default)
2023-12-21 09:24:39,896 [4150f76c-1cd9-4d5b-96cd-8dd0a9a12dd3@group-1F7EAD23F4F8-LeaderElection45] INFO  server.RaftServerConfigKeys (ConfUtils.java:logGet(46)) - raft.server.log.appender.snapshot.chunk.size.max = 16MB (=16777216) (default)
2023-12-21 09:24:39,896 [4150f76c-1cd9-4d5b-96cd-8dd0a9a12dd3@group-1F7EAD23F4F8-LeaderElection45] INFO  server.RaftServerConfigKeys (ConfUtils.java:logGet(46)) - raft.server.log.appender.buffer.byte-limit = 8388608 (custom)
2023-12-21 09:24:39,896 [4150f76c-1cd9-4d5b-96cd-8dd0a9a12dd3@group-1F7EAD23F4F8-LeaderElection45] INFO  server.RaftServerConfigKeys (ConfUtils.java:logGet(46)) - raft.server.log.appender.buffer.element-limit = 1 (custom)
2023-12-21 09:24:39,896 [4150f76c-1cd9-4d5b-96cd-8dd0a9a12dd3@group-1F7EAD23F4F8-LeaderElection45] INFO  server.RaftServerConfigKeys (ConfUtils.java:logGet(46)) - raft.server.log.appender.wait-time.min = 0ms (custom)
2023-12-21 09:24:39,896 [4150f76c-1cd9-4d5b-96cd-8dd0a9a12dd3@group-1F7EAD23F4F8-LeaderElection45] INFO  grpc.GrpcConfigKeys (ConfUtils.java:logGet(46)) - raft.grpc.server.leader.outstanding.appends.max = 8 (default)
2023-12-21 09:24:39,896 [4150f76c-1cd9-4d5b-96cd-8dd0a9a12dd3@group-1F7EAD23F4F8-LeaderElection45] INFO  server.RaftServerConfigKeys (ConfUtils.java:logGet(46)) - raft.server.rpc.request.timeout = 3000ms (default)
2023-12-21 09:24:39,896 [4150f76c-1cd9-4d5b-96cd-8dd0a9a12dd3@group-1F7EAD23F4F8-LeaderElection45] INFO  grpc.GrpcConfigKeys (ConfUtils.java:logGet(46)) - raft.grpc.server.install_snapshot.request.element-limit = 8 (default)
2023-12-21 09:24:39,896 [4150f76c-1cd9-4d5b-96cd-8dd0a9a12dd3@group-1F7EAD23F4F8-LeaderElection45] INFO  grpc.GrpcConfigKeys (ConfUtils.java:logGet(46)) - raft.grpc.server.install_snapshot.request.timeout = 3000ms (default)
2023-12-21 09:24:39,896 [4150f76c-1cd9-4d5b-96cd-8dd0a9a12dd3@group-1F7EAD23F4F8-LeaderElection45] INFO  server.RaftServerConfigKeys (ConfUtils.java:logGet(46)) - raft.server.log.appender.install.snapshot.enabled = false (custom)
2023-12-21 09:24:39,897 [4150f76c-1cd9-4d5b-96cd-8dd0a9a12dd3@group-1F7EAD23F4F8-LeaderElection45] INFO  grpc.GrpcConfigKeys (ConfUtils.java:logGet(46)) - raft.grpc.server.heartbeat.channel = true (default)
2023-12-21 09:24:39,897 [4150f76c-1cd9-4d5b-96cd-8dd0a9a12dd3@group-1F7EAD23F4F8-LeaderElection45] INFO  impl.RoleInfo (RoleInfo.java:updateAndGet(139)) - 4150f76c-1cd9-4d5b-96cd-8dd0a9a12dd3: start 4150f76c-1cd9-4d5b-96cd-8dd0a9a12dd3@group-1F7EAD23F4F8-LeaderStateImpl
2023-12-21 09:24:39,897 [4150f76c-1cd9-4d5b-96cd-8dd0a9a12dd3@group-1F7EAD23F4F8-LeaderElection45] INFO  server.RaftServer$Division (RaftServerImpl.java:setFirstElection(564)) - 4150f76c-1cd9-4d5b-96cd-8dd0a9a12dd3@group-1F7EAD23F4F8: set firstElectionSinceStartup to false for becomeLeader
2023-12-21 09:24:39,897 [4150f76c-1cd9-4d5b-96cd-8dd0a9a12dd3@group-1F7EAD23F4F8-LeaderElection45] INFO  ratis.XceiverServerRatis (XceiverServerRatis.java:handleLeaderChangedNotification(935)) - Leader change notification received for group: group-1F7EAD23F4F8 with new leaderId: 4150f76c-1cd9-4d5b-96cd-8dd0a9a12dd3
2023-12-21 09:24:39,897 [4150f76c-1cd9-4d5b-96cd-8dd0a9a12dd3@group-1F7EAD23F4F8-LeaderElection45] INFO  server.RaftServer$Division (ServerState.java:setLeader(265)) - 4150f76c-1cd9-4d5b-96cd-8dd0a9a12dd3@group-1F7EAD23F4F8: change Leader from null to 4150f76c-1cd9-4d5b-96cd-8dd0a9a12dd3 at term 1 for becomeLeader, leader elected after 5222ms
2023-12-21 09:24:39,897 [4150f76c-1cd9-4d5b-96cd-8dd0a9a12dd3@group-1F7EAD23F4F8-LeaderElection45] INFO  segmented.SegmentedRaftLogWorker (SegmentedRaftLogWorker.java:startLogSegment(428)) - 4150f76c-1cd9-4d5b-96cd-8dd0a9a12dd3@group-1F7EAD23F4F8-SegmentedRaftLogWorker: Starting segment from index:0
2023-12-21 09:24:39,898 [4150f76c-1cd9-4d5b-96cd-8dd0a9a12dd3@group-1F7EAD23F4F8-LeaderElection45] INFO  server.RaftServer$Division (ServerState.java:setRaftConf(382)) - 4150f76c-1cd9-4d5b-96cd-8dd0a9a12dd3@group-1F7EAD23F4F8: set configuration 0: peers:[560c1385-c518-4739-80f6-d98c5390378b|10.1.0.5:15219, 4150f76c-1cd9-4d5b-96cd-8dd0a9a12dd3|10.1.0.5:15228, 317bf553-3d1a-400b-8f1e-6110842f6590|10.1.0.5:15237]|listeners:[], old=null
2023-12-21 09:24:39,899 [EventQueue-PipelineReportForPipelineReportHandler] INFO  pipeline.PipelineReportHandler (PipelineReportHandler.java:processPipelineReport(136)) - Opened pipeline PipelineID=0a5ad6f6-c95c-4872-a7cf-1f7ead23f4f8
2023-12-21 09:24:39,903 [560c1385-c518-4739-80f6-d98c5390378b-server-thread1] INFO  ratis.XceiverServerRatis (XceiverServerRatis.java:handleLeaderChangedNotification(935)) - Leader change notification received for group: group-1F7EAD23F4F8 with new leaderId: 4150f76c-1cd9-4d5b-96cd-8dd0a9a12dd3
2023-12-21 09:24:39,903 [560c1385-c518-4739-80f6-d98c5390378b-server-thread1] INFO  server.RaftServer$Division (ServerState.java:setLeader(265)) - 560c1385-c518-4739-80f6-d98c5390378b@group-1F7EAD23F4F8: change Leader from null to 4150f76c-1cd9-4d5b-96cd-8dd0a9a12dd3 at term 1 for appendEntries, leader elected after 5282ms
2023-12-21 09:24:39,905 [560c1385-c518-4739-80f6-d98c5390378b-server-thread2] INFO  server.RaftServer$Division (ServerState.java:setRaftConf(382)) - 560c1385-c518-4739-80f6-d98c5390378b@group-1F7EAD23F4F8: set configuration 0: peers:[560c1385-c518-4739-80f6-d98c5390378b|10.1.0.5:15219, 4150f76c-1cd9-4d5b-96cd-8dd0a9a12dd3|10.1.0.5:15228, 317bf553-3d1a-400b-8f1e-6110842f6590|10.1.0.5:15237]|listeners:[], old=null
2023-12-21 09:24:39,905 [560c1385-c518-4739-80f6-d98c5390378b-server-thread2] INFO  segmented.SegmentedRaftLogWorker (SegmentedRaftLogWorker.java:startLogSegment(428)) - 560c1385-c518-4739-80f6-d98c5390378b@group-1F7EAD23F4F8-SegmentedRaftLogWorker: Starting segment from index:0
2023-12-21 09:24:39,906 [4150f76c-1cd9-4d5b-96cd-8dd0a9a12dd3@group-1F7EAD23F4F8-SegmentedRaftLogWorker] INFO  segmented.SegmentedRaftLogWorker (SegmentedRaftLogWorker.java:execute(632)) - 4150f76c-1cd9-4d5b-96cd-8dd0a9a12dd3@group-1F7EAD23F4F8-SegmentedRaftLogWorker: created new log segment /home/runner/work/ozone/ozone/hadoop-ozone/integration-test/target/test-dir/MiniOzoneClusterImpl-e4d55aeb-da58-408a-87dd-e45f7ef8a31a/datanode-4/data/ratis/0a5ad6f6-c95c-4872-a7cf-1f7ead23f4f8/current/log_inprogress_0
2023-12-21 09:24:39,906 [317bf553-3d1a-400b-8f1e-6110842f6590-server-thread1] INFO  ratis.XceiverServerRatis (XceiverServerRatis.java:handleLeaderChangedNotification(935)) - Leader change notification received for group: group-1F7EAD23F4F8 with new leaderId: 4150f76c-1cd9-4d5b-96cd-8dd0a9a12dd3
2023-12-21 09:24:39,906 [317bf553-3d1a-400b-8f1e-6110842f6590-server-thread1] INFO  server.RaftServer$Division (ServerState.java:setLeader(265)) - 317bf553-3d1a-400b-8f1e-6110842f6590@group-1F7EAD23F4F8: change Leader from null to 4150f76c-1cd9-4d5b-96cd-8dd0a9a12dd3 at term 1 for appendEntries, leader elected after 5262ms
2023-12-21 09:24:39,909 [317bf553-3d1a-400b-8f1e-6110842f6590-server-thread2] INFO  server.RaftServer$Division (ServerState.java:setRaftConf(382)) - 317bf553-3d1a-400b-8f1e-6110842f6590@group-1F7EAD23F4F8: set configuration 0: peers:[560c1385-c518-4739-80f6-d98c5390378b|10.1.0.5:15219, 4150f76c-1cd9-4d5b-96cd-8dd0a9a12dd3|10.1.0.5:15228, 317bf553-3d1a-400b-8f1e-6110842f6590|10.1.0.5:15237]|listeners:[], old=null
2023-12-21 09:24:39,909 [317bf553-3d1a-400b-8f1e-6110842f6590-server-thread2] INFO  segmented.SegmentedRaftLogWorker (SegmentedRaftLogWorker.java:startLogSegment(428)) - 317bf553-3d1a-400b-8f1e-6110842f6590@group-1F7EAD23F4F8-SegmentedRaftLogWorker: Starting segment from index:0
2023-12-21 09:24:39,917 [560c1385-c518-4739-80f6-d98c5390378b@group-1F7EAD23F4F8-SegmentedRaftLogWorker] INFO  segmented.SegmentedRaftLogWorker (SegmentedRaftLogWorker.java:execute(632)) - 560c1385-c518-4739-80f6-d98c5390378b@group-1F7EAD23F4F8-SegmentedRaftLogWorker: created new log segment /home/runner/work/ozone/ozone/hadoop-ozone/integration-test/target/test-dir/MiniOzoneClusterImpl-e4d55aeb-da58-408a-87dd-e45f7ef8a31a/datanode-3/data/ratis/0a5ad6f6-c95c-4872-a7cf-1f7ead23f4f8/current/log_inprogress_0
2023-12-21 09:24:39,917 [317bf553-3d1a-400b-8f1e-6110842f6590@group-1F7EAD23F4F8-SegmentedRaftLogWorker] INFO  segmented.SegmentedRaftLogWorker (SegmentedRaftLogWorker.java:execute(632)) - 317bf553-3d1a-400b-8f1e-6110842f6590@group-1F7EAD23F4F8-SegmentedRaftLogWorker: created new log segment /home/runner/work/ozone/ozone/hadoop-ozone/integration-test/target/test-dir/MiniOzoneClusterImpl-e4d55aeb-da58-408a-87dd-e45f7ef8a31a/datanode-5/data/ratis/0a5ad6f6-c95c-4872-a7cf-1f7ead23f4f8/current/log_inprogress_0
2023-12-21 09:24:39,918 [4150f76c-1cd9-4d5b-96cd-8dd0a9a12dd3@group-1F7EAD23F4F8-StateMachineUpdater] INFO  server.RaftServer$Division (LeaderStateImpl.java:isApplied(316)) - leader is ready since appliedIndex == 0 >= startIndex == 0
2023-12-21 09:24:39,970 [32aac600-864d-469c-bbc4-bdc2d2a366d8@group-F3A27B024772-FollowerState] INFO  impl.FollowerState (FollowerState.java:run(143)) - 32aac600-864d-469c-bbc4-bdc2d2a366d8@group-F3A27B024772-FollowerState: change to CANDIDATE, lastRpcElapsedTime:5018476400ns, electionTimeout:5018ms
2023-12-21 09:24:39,970 [32aac600-864d-469c-bbc4-bdc2d2a366d8@group-F3A27B024772-FollowerState] INFO  impl.RoleInfo (RoleInfo.java:shutdownFollowerState(110)) - 32aac600-864d-469c-bbc4-bdc2d2a366d8: shutdown 32aac600-864d-469c-bbc4-bdc2d2a366d8@group-F3A27B024772-FollowerState
2023-12-21 09:24:39,970 [32aac600-864d-469c-bbc4-bdc2d2a366d8@group-F3A27B024772-FollowerState] INFO  server.RaftServer$Division (RaftServerImpl.java:setRole(379)) - 32aac600-864d-469c-bbc4-bdc2d2a366d8@group-F3A27B024772: changes role from  FOLLOWER to CANDIDATE at term 0 for changeToCandidate
2023-12-21 09:24:39,970 [32aac600-864d-469c-bbc4-bdc2d2a366d8@group-F3A27B024772-FollowerState] INFO  server.RaftServerConfigKeys (ConfUtils.java:logGet(46)) - raft.server.leaderelection.pre-vote = true (default)
2023-12-21 09:24:39,970 [32aac600-864d-469c-bbc4-bdc2d2a366d8@group-F3A27B024772-FollowerState] INFO  impl.RoleInfo (RoleInfo.java:updateAndGet(139)) - 32aac600-864d-469c-bbc4-bdc2d2a366d8: start 32aac600-864d-469c-bbc4-bdc2d2a366d8@group-F3A27B024772-LeaderElection46
2023-12-21 09:24:39,971 [4071302e-cf40-440c-a20f-829f10e9e05e@group-3A2EE96509FB-FollowerState] INFO  impl.FollowerState (FollowerState.java:run(143)) - 4071302e-cf40-440c-a20f-829f10e9e05e@group-3A2EE96509FB-FollowerState: change to CANDIDATE, lastRpcElapsedTime:5078391254ns, electionTimeout:5077ms
2023-12-21 09:24:39,972 [4071302e-cf40-440c-a20f-829f10e9e05e@group-3A2EE96509FB-FollowerState] INFO  impl.RoleInfo (RoleInfo.java:shutdownFollowerState(110)) - 4071302e-cf40-440c-a20f-829f10e9e05e: shutdown 4071302e-cf40-440c-a20f-829f10e9e05e@group-3A2EE96509FB-FollowerState
2023-12-21 09:24:39,972 [32aac600-864d-469c-bbc4-bdc2d2a366d8@group-F3A27B024772-LeaderElection46] INFO  impl.LeaderElection (LeaderElection.java:askForVotes(323)) - 32aac600-864d-469c-bbc4-bdc2d2a366d8@group-F3A27B024772-LeaderElection46 PRE_VOTE round 0: submit vote requests at term 0 for -1: peers:[b2354cd0-7648-4a6f-abf9-b9cf43c56f40|10.1.0.5:15255, 4071302e-cf40-440c-a20f-829f10e9e05e|10.1.0.5:15246, 32aac600-864d-469c-bbc4-bdc2d2a366d8|10.1.0.5:15264]|listeners:[], old=null
2023-12-21 09:24:39,972 [4071302e-cf40-440c-a20f-829f10e9e05e@group-3A2EE96509FB-FollowerState] INFO  server.RaftServer$Division (RaftServerImpl.java:setRole(379)) - 4071302e-cf40-440c-a20f-829f10e9e05e@group-3A2EE96509FB: changes role from  FOLLOWER to CANDIDATE at term 0 for changeToCandidate
2023-12-21 09:24:39,972 [4071302e-cf40-440c-a20f-829f10e9e05e@group-3A2EE96509FB-FollowerState] INFO  server.RaftServerConfigKeys (ConfUtils.java:logGet(46)) - raft.server.leaderelection.pre-vote = true (default)
2023-12-21 09:24:39,972 [4071302e-cf40-440c-a20f-829f10e9e05e@group-3A2EE96509FB-FollowerState] INFO  impl.RoleInfo (RoleInfo.java:updateAndGet(139)) - 4071302e-cf40-440c-a20f-829f10e9e05e: start 4071302e-cf40-440c-a20f-829f10e9e05e@group-3A2EE96509FB-LeaderElection47
2023-12-21 09:24:39,972 [32aac600-864d-469c-bbc4-bdc2d2a366d8@group-F3A27B024772-LeaderElection46-1] INFO  server.GrpcServerProtocolClient (GrpcServerProtocolClient.java:<init>(65)) - Build channel for b2354cd0-7648-4a6f-abf9-b9cf43c56f40
2023-12-21 09:24:39,976 [32aac600-864d-469c-bbc4-bdc2d2a366d8@group-F3A27B024772-LeaderElection46] INFO  server.RaftServerConfigKeys (ConfUtils.java:logFallback(53)) - raft.server.rpc.first-election.timeout.min = 5s (fallback to raft.server.rpc.timeout.min)
2023-12-21 09:24:39,976 [4071302e-cf40-440c-a20f-829f10e9e05e@group-3A2EE96509FB-LeaderElection47] INFO  impl.LeaderElection (LeaderElection.java:askForVotes(323)) - 4071302e-cf40-440c-a20f-829f10e9e05e@group-3A2EE96509FB-LeaderElection47 PRE_VOTE round 0: submit vote requests at term 0 for -1: peers:[4071302e-cf40-440c-a20f-829f10e9e05e|10.1.0.5:15246]|listeners:[], old=null
2023-12-21 09:24:39,976 [32aac600-864d-469c-bbc4-bdc2d2a366d8@group-F3A27B024772-LeaderElection46] INFO  server.RaftServerConfigKeys (ConfUtils.java:logFallback(53)) - raft.server.rpc.first-election.timeout.max = 5200ms (fallback to raft.server.rpc.timeout.max)
2023-12-21 09:24:39,976 [4071302e-cf40-440c-a20f-829f10e9e05e@group-3A2EE96509FB-LeaderElection47] INFO  impl.LeaderElection (LeaderElection.java:askForVotes(325)) - 4071302e-cf40-440c-a20f-829f10e9e05e@group-3A2EE96509FB-LeaderElection47 PRE_VOTE round 0: result PASSED (term=0)
2023-12-21 09:24:39,977 [32aac600-864d-469c-bbc4-bdc2d2a366d8@group-F3A27B024772-LeaderElection46-2] INFO  server.GrpcServerProtocolClient (GrpcServerProtocolClient.java:<init>(65)) - Build channel for 4071302e-cf40-440c-a20f-829f10e9e05e
2023-12-21 09:24:39,978 [4071302e-cf40-440c-a20f-829f10e9e05e@group-3A2EE96509FB-LeaderElection47] INFO  impl.LeaderElection (LeaderElection.java:askForVotes(323)) - 4071302e-cf40-440c-a20f-829f10e9e05e@group-3A2EE96509FB-LeaderElection47 ELECTION round 0: submit vote requests at term 1 for -1: peers:[4071302e-cf40-440c-a20f-829f10e9e05e|10.1.0.5:15246]|listeners:[], old=null
2023-12-21 09:24:39,978 [4071302e-cf40-440c-a20f-829f10e9e05e@group-3A2EE96509FB-LeaderElection47] INFO  impl.LeaderElection (LeaderElection.java:askForVotes(325)) - 4071302e-cf40-440c-a20f-829f10e9e05e@group-3A2EE96509FB-LeaderElection47 ELECTION round 0: result PASSED (term=1)
2023-12-21 09:24:39,978 [4071302e-cf40-440c-a20f-829f10e9e05e@group-3A2EE96509FB-LeaderElection47] INFO  impl.RoleInfo (RoleInfo.java:shutdownLeaderElection(130)) - 4071302e-cf40-440c-a20f-829f10e9e05e: shutdown 4071302e-cf40-440c-a20f-829f10e9e05e@group-3A2EE96509FB-LeaderElection47
2023-12-21 09:24:39,978 [4071302e-cf40-440c-a20f-829f10e9e05e@group-3A2EE96509FB-LeaderElection47] INFO  server.RaftServer$Division (RaftServerImpl.java:setRole(379)) - 4071302e-cf40-440c-a20f-829f10e9e05e@group-3A2EE96509FB: changes role from CANDIDATE to LEADER at term 1 for changeToLeader
2023-12-21 09:24:39,978 [4071302e-cf40-440c-a20f-829f10e9e05e@group-3A2EE96509FB-LeaderElection47] INFO  server.RaftServerConfigKeys (ConfUtils.java:logGet(46)) - raft.server.staging.catchup.gap = 1000 (default)
2023-12-21 09:24:39,978 [4071302e-cf40-440c-a20f-829f10e9e05e@group-3A2EE96509FB-LeaderElection47] INFO  server.RaftServerConfigKeys (ConfUtils.java:logGet(46)) - raft.server.write.element-limit = 1024 (custom)
2023-12-21 09:24:39,978 [4071302e-cf40-440c-a20f-829f10e9e05e@group-3A2EE96509FB-LeaderElection47] INFO  server.RaftServerConfigKeys (ConfUtils.java:logGet(46)) - raft.server.write.byte-limit = 1024 M (=1073741824) (custom)
2023-12-21 09:24:39,981 [4071302e-cf40-440c-a20f-829f10e9e05e@group-3A2EE96509FB-LeaderElection47] INFO  server.RaftServerConfigKeys (ConfUtils.java:logGet(46)) - raft.server.watch.timeout = 3000ms (custom)
2023-12-21 09:24:39,981 [4071302e-cf40-440c-a20f-829f10e9e05e@group-3A2EE96509FB-LeaderElection47] INFO  server.RaftServerConfigKeys (ConfUtils.java:logGet(46)) - raft.server.watch.timeout.denomination = 1s (default)
2023-12-21 09:24:39,981 [4071302e-cf40-440c-a20f-829f10e9e05e@group-3A2EE96509FB-LeaderElection47] INFO  server.RaftServerConfigKeys (ConfUtils.java:logGet(46)) - raft.server.watch.element-limit = 65536 (default)
2023-12-21 09:24:39,981 [4071302e-cf40-440c-a20f-829f10e9e05e@group-3A2EE96509FB-LeaderElection47] INFO  server.RaftServerConfigKeys (ConfUtils.java:logGet(46)) - raft.server.read.leader.lease.enabled = false (default)
2023-12-21 09:24:39,981 [4071302e-cf40-440c-a20f-829f10e9e05e@group-3A2EE96509FB-LeaderElection47] INFO  server.RaftServerConfigKeys (ConfUtils.java:logGet(46)) - raft.server.read.leader.lease.timeout.ratio = 0.9 (default)
2023-12-21 09:24:39,981 [4071302e-cf40-440c-a20f-829f10e9e05e@group-3A2EE96509FB-LeaderElection47] INFO  server.RaftServerConfigKeys (ConfUtils.java:logGet(46)) - raft.server.rpc.timeout.min = 5s (custom)
2023-12-21 09:24:39,981 [4071302e-cf40-440c-a20f-829f10e9e05e@group-3A2EE96509FB-LeaderElection47] INFO  server.RaftServerConfigKeys (ConfUtils.java:logGet(46)) - raft.server.write.element-limit = 1024 (custom)
2023-12-21 09:24:39,981 [4071302e-cf40-440c-a20f-829f10e9e05e@group-3A2EE96509FB-LeaderElection47] INFO  server.RaftServerConfigKeys (ConfUtils.java:logGet(46)) - raft.server.write.follower.gap.ratio.max = -1.0 (default)
2023-12-21 09:24:39,981 [4071302e-cf40-440c-a20f-829f10e9e05e@group-3A2EE96509FB-LeaderElection47] INFO  impl.RoleInfo (RoleInfo.java:updateAndGet(139)) - 4071302e-cf40-440c-a20f-829f10e9e05e: start 4071302e-cf40-440c-a20f-829f10e9e05e@group-3A2EE96509FB-LeaderStateImpl
2023-12-21 09:24:39,981 [grpc-default-executor-0] INFO  server.RaftServer$Division (RaftServerImpl.java:requestVote(1377)) - 4071302e-cf40-440c-a20f-829f10e9e05e@group-F3A27B024772: receive requestVote(PRE_VOTE, 32aac600-864d-469c-bbc4-bdc2d2a366d8, group-F3A27B024772, 0, (t:0, i:0))
2023-12-21 09:24:39,981 [grpc-default-executor-0] INFO  impl.VoteContext (VoteContext.java:log(49)) - 4071302e-cf40-440c-a20f-829f10e9e05e@group-F3A27B024772-FOLLOWER: accept PRE_VOTE from 32aac600-864d-469c-bbc4-bdc2d2a366d8: our priority 0 <= candidate's priority 0
2023-12-21 09:24:39,981 [grpc-default-executor-0] INFO  server.RaftServer$Division (RaftServerImpl.java:requestVote(1410)) - 4071302e-cf40-440c-a20f-829f10e9e05e@group-F3A27B024772 replies to PRE_VOTE vote request: 32aac600-864d-469c-bbc4-bdc2d2a366d8<-4071302e-cf40-440c-a20f-829f10e9e05e#0:OK-t0. Peer's state: 4071302e-cf40-440c-a20f-829f10e9e05e@group-F3A27B024772:t0, leader=null, voted=, raftlog=Memoized:4071302e-cf40-440c-a20f-829f10e9e05e@group-F3A27B024772-SegmentedRaftLog:OPENED:c-1, conf=-1: peers:[b2354cd0-7648-4a6f-abf9-b9cf43c56f40|10.1.0.5:15255, 4071302e-cf40-440c-a20f-829f10e9e05e|10.1.0.5:15246, 32aac600-864d-469c-bbc4-bdc2d2a366d8|10.1.0.5:15264]|listeners:[], old=null
2023-12-21 09:24:39,981 [4071302e-cf40-440c-a20f-829f10e9e05e@group-3A2EE96509FB-LeaderElection47] INFO  server.RaftServer$Division (RaftServerImpl.java:setFirstElection(564)) - 4071302e-cf40-440c-a20f-829f10e9e05e@group-3A2EE96509FB: set firstElectionSinceStartup to false for becomeLeader
2023-12-21 09:24:39,982 [4071302e-cf40-440c-a20f-829f10e9e05e@group-3A2EE96509FB-LeaderElection47] INFO  ratis.XceiverServerRatis (XceiverServerRatis.java:handleLeaderChangedNotification(935)) - Leader change notification received for group: group-3A2EE96509FB with new leaderId: 4071302e-cf40-440c-a20f-829f10e9e05e
2023-12-21 09:24:39,982 [grpc-default-executor-3] INFO  server.RaftServer$Division (RaftServerImpl.java:requestVote(1377)) - b2354cd0-7648-4a6f-abf9-b9cf43c56f40@group-F3A27B024772: receive requestVote(PRE_VOTE, 32aac600-864d-469c-bbc4-bdc2d2a366d8, group-F3A27B024772, 0, (t:0, i:0))
2023-12-21 09:24:39,982 [4071302e-cf40-440c-a20f-829f10e9e05e@group-3A2EE96509FB-LeaderElection47] INFO  server.RaftServer$Division (ServerState.java:setLeader(265)) - 4071302e-cf40-440c-a20f-829f10e9e05e@group-3A2EE96509FB: change Leader from null to 4071302e-cf40-440c-a20f-829f10e9e05e at term 1 for becomeLeader, leader elected after 5100ms
2023-12-21 09:24:39,982 [grpc-default-executor-3] INFO  impl.VoteContext (VoteContext.java:log(49)) - b2354cd0-7648-4a6f-abf9-b9cf43c56f40@group-F3A27B024772-FOLLOWER: reject PRE_VOTE from 32aac600-864d-469c-bbc4-bdc2d2a366d8: our priority 1 > candidate's priority 0
2023-12-21 09:24:39,982 [grpc-default-executor-3] INFO  server.RaftServer$Division (RaftServerImpl.java:requestVote(1410)) - b2354cd0-7648-4a6f-abf9-b9cf43c56f40@group-F3A27B024772 replies to PRE_VOTE vote request: 32aac600-864d-469c-bbc4-bdc2d2a366d8<-b2354cd0-7648-4a6f-abf9-b9cf43c56f40#0:FAIL-t0. Peer's state: b2354cd0-7648-4a6f-abf9-b9cf43c56f40@group-F3A27B024772:t0, leader=null, voted=, raftlog=Memoized:b2354cd0-7648-4a6f-abf9-b9cf43c56f40@group-F3A27B024772-SegmentedRaftLog:OPENED:c-1, conf=-1: peers:[b2354cd0-7648-4a6f-abf9-b9cf43c56f40|10.1.0.5:15255, 4071302e-cf40-440c-a20f-829f10e9e05e|10.1.0.5:15246, 32aac600-864d-469c-bbc4-bdc2d2a366d8|10.1.0.5:15264]|listeners:[], old=null
2023-12-21 09:24:39,982 [4071302e-cf40-440c-a20f-829f10e9e05e@group-3A2EE96509FB-LeaderElection47] INFO  segmented.SegmentedRaftLogWorker (SegmentedRaftLogWorker.java:startLogSegment(428)) - 4071302e-cf40-440c-a20f-829f10e9e05e@group-3A2EE96509FB-SegmentedRaftLogWorker: Starting segment from index:0
2023-12-21 09:24:39,986 [4071302e-cf40-440c-a20f-829f10e9e05e@group-3A2EE96509FB-LeaderElection47] INFO  server.RaftServer$Division (ServerState.java:setRaftConf(382)) - 4071302e-cf40-440c-a20f-829f10e9e05e@group-3A2EE96509FB: set configuration 0: peers:[4071302e-cf40-440c-a20f-829f10e9e05e|10.1.0.5:15246]|listeners:[], old=null
2023-12-21 09:24:39,986 [32aac600-864d-469c-bbc4-bdc2d2a366d8@group-F3A27B024772-LeaderElection46] INFO  impl.LeaderElection (LeaderElection.java:logAndReturn(89)) - 32aac600-864d-469c-bbc4-bdc2d2a366d8@group-F3A27B024772-LeaderElection46: PRE_VOTE REJECTED received 2 response(s) and 0 exception(s):
2023-12-21 09:24:39,986 [32aac600-864d-469c-bbc4-bdc2d2a366d8@group-F3A27B024772-LeaderElection46] INFO  impl.LeaderElection (LeaderElection.java:logAndReturn(93)) -   Response 0: 32aac600-864d-469c-bbc4-bdc2d2a366d8<-b2354cd0-7648-4a6f-abf9-b9cf43c56f40#0:FAIL-t0
2023-12-21 09:24:39,986 [32aac600-864d-469c-bbc4-bdc2d2a366d8@group-F3A27B024772-LeaderElection46] INFO  impl.LeaderElection (LeaderElection.java:logAndReturn(93)) -   Response 1: 32aac600-864d-469c-bbc4-bdc2d2a366d8<-4071302e-cf40-440c-a20f-829f10e9e05e#0:OK-t0
2023-12-21 09:24:39,986 [32aac600-864d-469c-bbc4-bdc2d2a366d8@group-F3A27B024772-LeaderElection46] INFO  impl.LeaderElection (LeaderElection.java:askForVotes(325)) - 32aac600-864d-469c-bbc4-bdc2d2a366d8@group-F3A27B024772-LeaderElection46 PRE_VOTE round 0: result REJECTED
2023-12-21 09:24:39,986 [32aac600-864d-469c-bbc4-bdc2d2a366d8@group-F3A27B024772-LeaderElection46] INFO  server.RaftServer$Division (RaftServerImpl.java:setRole(379)) - 32aac600-864d-469c-bbc4-bdc2d2a366d8@group-F3A27B024772: changes role from CANDIDATE to FOLLOWER at term 0 for REJECTED
2023-12-21 09:24:39,986 [32aac600-864d-469c-bbc4-bdc2d2a366d8@group-F3A27B024772-LeaderElection46] INFO  impl.RoleInfo (RoleInfo.java:shutdownLeaderElection(130)) - 32aac600-864d-469c-bbc4-bdc2d2a366d8: shutdown 32aac600-864d-469c-bbc4-bdc2d2a366d8@group-F3A27B024772-LeaderElection46
2023-12-21 09:24:39,986 [32aac600-864d-469c-bbc4-bdc2d2a366d8@group-F3A27B024772-LeaderElection46] INFO  impl.RoleInfo (RoleInfo.java:updateAndGet(139)) - 32aac600-864d-469c-bbc4-bdc2d2a366d8: start 32aac600-864d-469c-bbc4-bdc2d2a366d8@group-F3A27B024772-FollowerState
2023-12-21 09:24:39,986 [32aac600-864d-469c-bbc4-bdc2d2a366d8@group-F3A27B024772-LeaderElection46] INFO  server.RaftServer$Division (RaftServerImpl.java:setFirstElection(564)) - 32aac600-864d-469c-bbc4-bdc2d2a366d8@group-F3A27B024772: set firstElectionSinceStartup to false for REJECTED
2023-12-21 09:24:39,991 [4071302e-cf40-440c-a20f-829f10e9e05e@group-3A2EE96509FB-SegmentedRaftLogWorker] INFO  segmented.SegmentedRaftLogWorker (SegmentedRaftLogWorker.java:execute(632)) - 4071302e-cf40-440c-a20f-829f10e9e05e@group-3A2EE96509FB-SegmentedRaftLogWorker: created new log segment /home/runner/work/ozone/ozone/hadoop-ozone/integration-test/target/test-dir/MiniOzoneClusterImpl-e4d55aeb-da58-408a-87dd-e45f7ef8a31a/datanode-6/data/ratis/cc657502-e50b-4256-a7c6-3a2ee96509fb/current/log_inprogress_0
2023-12-21 09:24:39,992 [4071302e-cf40-440c-a20f-829f10e9e05e@group-3A2EE96509FB-StateMachineUpdater] INFO  server.RaftServer$Division (LeaderStateImpl.java:isApplied(316)) - leader is ready since appliedIndex == 0 >= startIndex == 0
2023-12-21 09:24:39,998 [b2354cd0-7648-4a6f-abf9-b9cf43c56f40@group-1A72E0252880-FollowerState] INFO  impl.FollowerState (FollowerState.java:run(143)) - b2354cd0-7648-4a6f-abf9-b9cf43c56f40@group-1A72E0252880-FollowerState: change to CANDIDATE, lastRpcElapsedTime:5023386137ns, electionTimeout:5023ms
2023-12-21 09:24:39,998 [b2354cd0-7648-4a6f-abf9-b9cf43c56f40@group-1A72E0252880-FollowerState] INFO  impl.RoleInfo (RoleInfo.java:shutdownFollowerState(110)) - b2354cd0-7648-4a6f-abf9-b9cf43c56f40: shutdown b2354cd0-7648-4a6f-abf9-b9cf43c56f40@group-1A72E0252880-FollowerState
2023-12-21 09:24:39,998 [b2354cd0-7648-4a6f-abf9-b9cf43c56f40@group-1A72E0252880-FollowerState] INFO  server.RaftServer$Division (RaftServerImpl.java:setRole(379)) - b2354cd0-7648-4a6f-abf9-b9cf43c56f40@group-1A72E0252880: changes role from  FOLLOWER to CANDIDATE at term 0 for changeToCandidate
2023-12-21 09:24:39,998 [b2354cd0-7648-4a6f-abf9-b9cf43c56f40@group-1A72E0252880-FollowerState] INFO  server.RaftServerConfigKeys (ConfUtils.java:logGet(46)) - raft.server.leaderelection.pre-vote = true (default)
2023-12-21 09:24:39,998 [b2354cd0-7648-4a6f-abf9-b9cf43c56f40@group-1A72E0252880-FollowerState] INFO  impl.RoleInfo (RoleInfo.java:updateAndGet(139)) - b2354cd0-7648-4a6f-abf9-b9cf43c56f40: start b2354cd0-7648-4a6f-abf9-b9cf43c56f40@group-1A72E0252880-LeaderElection48
2023-12-21 09:24:39,999 [b2354cd0-7648-4a6f-abf9-b9cf43c56f40@group-1A72E0252880-LeaderElection48] INFO  impl.LeaderElection (LeaderElection.java:askForVotes(323)) - b2354cd0-7648-4a6f-abf9-b9cf43c56f40@group-1A72E0252880-LeaderElection48 PRE_VOTE round 0: submit vote requests at term 0 for -1: peers:[b2354cd0-7648-4a6f-abf9-b9cf43c56f40|10.1.0.5:15255]|listeners:[], old=null
2023-12-21 09:24:39,999 [b2354cd0-7648-4a6f-abf9-b9cf43c56f40@group-1A72E0252880-LeaderElection48] INFO  impl.LeaderElection (LeaderElection.java:askForVotes(325)) - b2354cd0-7648-4a6f-abf9-b9cf43c56f40@group-1A72E0252880-LeaderElection48 PRE_VOTE round 0: result PASSED (term=0)
2023-12-21 09:24:40,000 [b2354cd0-7648-4a6f-abf9-b9cf43c56f40@group-1A72E0252880-LeaderElection48] INFO  impl.LeaderElection (LeaderElection.java:askForVotes(323)) - b2354cd0-7648-4a6f-abf9-b9cf43c56f40@group-1A72E0252880-LeaderElection48 ELECTION round 0: submit vote requests at term 1 for -1: peers:[b2354cd0-7648-4a6f-abf9-b9cf43c56f40|10.1.0.5:15255]|listeners:[], old=null
2023-12-21 09:24:40,000 [b2354cd0-7648-4a6f-abf9-b9cf43c56f40@group-1A72E0252880-LeaderElection48] INFO  impl.LeaderElection (LeaderElection.java:askForVotes(325)) - b2354cd0-7648-4a6f-abf9-b9cf43c56f40@group-1A72E0252880-LeaderElection48 ELECTION round 0: result PASSED (term=1)
2023-12-21 09:24:40,000 [b2354cd0-7648-4a6f-abf9-b9cf43c56f40@group-1A72E0252880-LeaderElection48] INFO  impl.RoleInfo (RoleInfo.java:shutdownLeaderElection(130)) - b2354cd0-7648-4a6f-abf9-b9cf43c56f40: shutdown b2354cd0-7648-4a6f-abf9-b9cf43c56f40@group-1A72E0252880-LeaderElection48
2023-12-21 09:24:40,000 [b2354cd0-7648-4a6f-abf9-b9cf43c56f40@group-1A72E0252880-LeaderElection48] INFO  server.RaftServer$Division (RaftServerImpl.java:setRole(379)) - b2354cd0-7648-4a6f-abf9-b9cf43c56f40@group-1A72E0252880: changes role from CANDIDATE to LEADER at term 1 for changeToLeader
2023-12-21 09:24:40,000 [b2354cd0-7648-4a6f-abf9-b9cf43c56f40@group-1A72E0252880-LeaderElection48] INFO  server.RaftServerConfigKeys (ConfUtils.java:logGet(46)) - raft.server.staging.catchup.gap = 1000 (default)
2023-12-21 09:24:40,001 [b2354cd0-7648-4a6f-abf9-b9cf43c56f40@group-1A72E0252880-LeaderElection48] INFO  server.RaftServerConfigKeys (ConfUtils.java:logGet(46)) - raft.server.write.element-limit = 1024 (custom)
2023-12-21 09:24:40,001 [b2354cd0-7648-4a6f-abf9-b9cf43c56f40@group-1A72E0252880-LeaderElection48] INFO  server.RaftServerConfigKeys (ConfUtils.java:logGet(46)) - raft.server.write.byte-limit = 1024 M (=1073741824) (custom)
2023-12-21 09:24:40,001 [b2354cd0-7648-4a6f-abf9-b9cf43c56f40@group-1A72E0252880-LeaderElection48] INFO  server.RaftServerConfigKeys (ConfUtils.java:logGet(46)) - raft.server.watch.timeout = 3000ms (custom)
2023-12-21 09:24:40,001 [b2354cd0-7648-4a6f-abf9-b9cf43c56f40@group-1A72E0252880-LeaderElection48] INFO  server.RaftServerConfigKeys (ConfUtils.java:logGet(46)) - raft.server.watch.timeout.denomination = 1s (default)
2023-12-21 09:24:40,001 [b2354cd0-7648-4a6f-abf9-b9cf43c56f40@group-1A72E0252880-LeaderElection48] INFO  server.RaftServerConfigKeys (ConfUtils.java:logGet(46)) - raft.server.watch.element-limit = 65536 (default)
2023-12-21 09:24:40,001 [b2354cd0-7648-4a6f-abf9-b9cf43c56f40@group-1A72E0252880-LeaderElection48] INFO  server.RaftServerConfigKeys (ConfUtils.java:logGet(46)) - raft.server.read.leader.lease.enabled = false (default)
2023-12-21 09:24:40,001 [b2354cd0-7648-4a6f-abf9-b9cf43c56f40@group-1A72E0252880-LeaderElection48] INFO  server.RaftServerConfigKeys (ConfUtils.java:logGet(46)) - raft.server.read.leader.lease.timeout.ratio = 0.9 (default)
2023-12-21 09:24:40,001 [b2354cd0-7648-4a6f-abf9-b9cf43c56f40@group-1A72E0252880-LeaderElection48] INFO  server.RaftServerConfigKeys (ConfUtils.java:logGet(46)) - raft.server.rpc.timeout.min = 5s (custom)
2023-12-21 09:24:40,001 [b2354cd0-7648-4a6f-abf9-b9cf43c56f40@group-1A72E0252880-LeaderElection48] INFO  server.RaftServerConfigKeys (ConfUtils.java:logGet(46)) - raft.server.write.element-limit = 1024 (custom)
2023-12-21 09:24:40,001 [b2354cd0-7648-4a6f-abf9-b9cf43c56f40@group-1A72E0252880-LeaderElection48] INFO  server.RaftServerConfigKeys (ConfUtils.java:logGet(46)) - raft.server.write.follower.gap.ratio.max = -1.0 (default)
2023-12-21 09:24:40,001 [b2354cd0-7648-4a6f-abf9-b9cf43c56f40@group-1A72E0252880-LeaderElection48] INFO  impl.RoleInfo (RoleInfo.java:updateAndGet(139)) - b2354cd0-7648-4a6f-abf9-b9cf43c56f40: start b2354cd0-7648-4a6f-abf9-b9cf43c56f40@group-1A72E0252880-LeaderStateImpl
2023-12-21 09:24:40,001 [b2354cd0-7648-4a6f-abf9-b9cf43c56f40@group-1A72E0252880-LeaderElection48] INFO  server.RaftServer$Division (RaftServerImpl.java:setFirstElection(564)) - b2354cd0-7648-4a6f-abf9-b9cf43c56f40@group-1A72E0252880: set firstElectionSinceStartup to false for becomeLeader
2023-12-21 09:24:40,001 [b2354cd0-7648-4a6f-abf9-b9cf43c56f40@group-1A72E0252880-LeaderElection48] INFO  ratis.XceiverServerRatis (XceiverServerRatis.java:handleLeaderChangedNotification(935)) - Leader change notification received for group: group-1A72E0252880 with new leaderId: b2354cd0-7648-4a6f-abf9-b9cf43c56f40
2023-12-21 09:24:40,001 [b2354cd0-7648-4a6f-abf9-b9cf43c56f40@group-1A72E0252880-LeaderElection48] INFO  server.RaftServer$Division (ServerState.java:setLeader(265)) - b2354cd0-7648-4a6f-abf9-b9cf43c56f40@group-1A72E0252880: change Leader from null to b2354cd0-7648-4a6f-abf9-b9cf43c56f40 at term 1 for becomeLeader, leader elected after 5036ms
2023-12-21 09:24:40,002 [b2354cd0-7648-4a6f-abf9-b9cf43c56f40@group-1A72E0252880-LeaderElection48] INFO  segmented.SegmentedRaftLogWorker (SegmentedRaftLogWorker.java:startLogSegment(428)) - b2354cd0-7648-4a6f-abf9-b9cf43c56f40@group-1A72E0252880-SegmentedRaftLogWorker: Starting segment from index:0
2023-12-21 09:24:40,004 [b2354cd0-7648-4a6f-abf9-b9cf43c56f40@group-1A72E0252880-LeaderElection48] INFO  server.RaftServer$Division (ServerState.java:setRaftConf(382)) - b2354cd0-7648-4a6f-abf9-b9cf43c56f40@group-1A72E0252880: set configuration 0: peers:[b2354cd0-7648-4a6f-abf9-b9cf43c56f40|10.1.0.5:15255]|listeners:[], old=null
2023-12-21 09:24:40,010 [b2354cd0-7648-4a6f-abf9-b9cf43c56f40@group-1A72E0252880-SegmentedRaftLogWorker] INFO  segmented.SegmentedRaftLogWorker (SegmentedRaftLogWorker.java:execute(632)) - b2354cd0-7648-4a6f-abf9-b9cf43c56f40@group-1A72E0252880-SegmentedRaftLogWorker: created new log segment /home/runner/work/ozone/ozone/hadoop-ozone/integration-test/target/test-dir/MiniOzoneClusterImpl-e4d55aeb-da58-408a-87dd-e45f7ef8a31a/datanode-7/data/ratis/eb0ac5ca-7eb3-43e3-9459-1a72e0252880/current/log_inprogress_0
2023-12-21 09:24:40,010 [b2354cd0-7648-4a6f-abf9-b9cf43c56f40@group-1A72E0252880-StateMachineUpdater] INFO  server.RaftServer$Division (LeaderStateImpl.java:isApplied(316)) - leader is ready since appliedIndex == 0 >= startIndex == 0
2023-12-21 09:24:40,024 [4071302e-cf40-440c-a20f-829f10e9e05e@group-F3A27B024772-FollowerState] INFO  server.RaftServerConfigKeys (ConfUtils.java:logFallback(53)) - raft.server.rpc.first-election.timeout.min = 5s (fallback to raft.server.rpc.timeout.min)
2023-12-21 09:24:40,024 [4071302e-cf40-440c-a20f-829f10e9e05e@group-F3A27B024772-FollowerState] INFO  server.RaftServerConfigKeys (ConfUtils.java:logFallback(53)) - raft.server.rpc.first-election.timeout.max = 5200ms (fallback to raft.server.rpc.timeout.max)
2023-12-21 09:24:40,073 [main] INFO  ozone.MiniOzoneClusterImpl (MiniOzoneClusterImpl.java:lambda$waitForClusterToBeReady$0(230)) - Nodes are ready. Got 9 of 9 DN Heartbeats.
2023-12-21 09:24:40,073 [main] INFO  ozone.MiniOzoneClusterImpl (MiniOzoneClusterImpl.java:lambda$waitForClusterToBeReady$0(233)) - Cluster exits safe mode
2023-12-21 09:24:40,074 [main] INFO  ozone.MiniOzoneClusterImpl (MiniOzoneClusterImpl.java:lambda$waitForClusterToBeReady$0(235)) - SCM became leader
2023-12-21 09:24:40,075 [b2354cd0-7648-4a6f-abf9-b9cf43c56f40@group-F3A27B024772-FollowerState] INFO  impl.FollowerState (FollowerState.java:run(143)) - b2354cd0-7648-4a6f-abf9-b9cf43c56f40@group-F3A27B024772-FollowerState: change to CANDIDATE, lastRpcElapsedTime:5148878628ns, electionTimeout:5148ms
2023-12-21 09:24:40,075 [b2354cd0-7648-4a6f-abf9-b9cf43c56f40@group-F3A27B024772-FollowerState] INFO  impl.RoleInfo (RoleInfo.java:shutdownFollowerState(110)) - b2354cd0-7648-4a6f-abf9-b9cf43c56f40: shutdown b2354cd0-7648-4a6f-abf9-b9cf43c56f40@group-F3A27B024772-FollowerState
2023-12-21 09:24:40,075 [b2354cd0-7648-4a6f-abf9-b9cf43c56f40@group-F3A27B024772-FollowerState] INFO  server.RaftServer$Division (RaftServerImpl.java:setRole(379)) - b2354cd0-7648-4a6f-abf9-b9cf43c56f40@group-F3A27B024772: changes role from  FOLLOWER to CANDIDATE at term 0 for changeToCandidate
2023-12-21 09:24:40,075 [b2354cd0-7648-4a6f-abf9-b9cf43c56f40@group-F3A27B024772-FollowerState] INFO  server.RaftServerConfigKeys (ConfUtils.java:logGet(46)) - raft.server.leaderelection.pre-vote = true (default)
2023-12-21 09:24:40,075 [b2354cd0-7648-4a6f-abf9-b9cf43c56f40@group-F3A27B024772-FollowerState] INFO  impl.RoleInfo (RoleInfo.java:updateAndGet(139)) - b2354cd0-7648-4a6f-abf9-b9cf43c56f40: start b2354cd0-7648-4a6f-abf9-b9cf43c56f40@group-F3A27B024772-LeaderElection49
2023-12-21 09:24:40,079 [b2354cd0-7648-4a6f-abf9-b9cf43c56f40@group-F3A27B024772-LeaderElection49] INFO  impl.LeaderElection (LeaderElection.java:askForVotes(323)) - b2354cd0-7648-4a6f-abf9-b9cf43c56f40@group-F3A27B024772-LeaderElection49 PRE_VOTE round 0: submit vote requests at term 0 for -1: peers:[b2354cd0-7648-4a6f-abf9-b9cf43c56f40|10.1.0.5:15255, 4071302e-cf40-440c-a20f-829f10e9e05e|10.1.0.5:15246, 32aac600-864d-469c-bbc4-bdc2d2a366d8|10.1.0.5:15264]|listeners:[], old=null
2023-12-21 09:24:40,081 [b2354cd0-7648-4a6f-abf9-b9cf43c56f40@group-F3A27B024772-LeaderElection49] INFO  server.RaftServerConfigKeys (ConfUtils.java:logFallback(53)) - raft.server.rpc.first-election.timeout.min = 5s (fallback to raft.server.rpc.timeout.min)
2023-12-21 09:24:40,081 [b2354cd0-7648-4a6f-abf9-b9cf43c56f40@group-F3A27B024772-LeaderElection49-2] INFO  server.GrpcServerProtocolClient (GrpcServerProtocolClient.java:<init>(65)) - Build channel for 32aac600-864d-469c-bbc4-bdc2d2a366d8
2023-12-21 09:24:40,081 [b2354cd0-7648-4a6f-abf9-b9cf43c56f40@group-F3A27B024772-LeaderElection49] INFO  server.RaftServerConfigKeys (ConfUtils.java:logFallback(53)) - raft.server.rpc.first-election.timeout.max = 5200ms (fallback to raft.server.rpc.timeout.max)
2023-12-21 09:24:40,081 [b2354cd0-7648-4a6f-abf9-b9cf43c56f40@group-F3A27B024772-LeaderElection49-1] INFO  server.GrpcServerProtocolClient (GrpcServerProtocolClient.java:<init>(65)) - Build channel for 4071302e-cf40-440c-a20f-829f10e9e05e
2023-12-21 09:24:40,082 [main] INFO  rpc.RpcClient (RpcClient.java:createVolume(456)) - Creating Volume: watchforcommithandlingtest, with runner as owner and space quota set to -1 bytes, counts quota set to -1
2023-12-21 09:24:40,090 [grpc-default-executor-0] INFO  server.RaftServer$Division (RaftServerImpl.java:requestVote(1377)) - 4071302e-cf40-440c-a20f-829f10e9e05e@group-F3A27B024772: receive requestVote(PRE_VOTE, b2354cd0-7648-4a6f-abf9-b9cf43c56f40, group-F3A27B024772, 0, (t:0, i:0))
2023-12-21 09:24:40,090 [grpc-default-executor-0] INFO  impl.VoteContext (VoteContext.java:log(49)) - 4071302e-cf40-440c-a20f-829f10e9e05e@group-F3A27B024772-FOLLOWER: accept PRE_VOTE from b2354cd0-7648-4a6f-abf9-b9cf43c56f40: our priority 0 <= candidate's priority 1
2023-12-21 09:24:40,090 [grpc-default-executor-0] INFO  server.RaftServer$Division (RaftServerImpl.java:requestVote(1410)) - 4071302e-cf40-440c-a20f-829f10e9e05e@group-F3A27B024772 replies to PRE_VOTE vote request: b2354cd0-7648-4a6f-abf9-b9cf43c56f40<-4071302e-cf40-440c-a20f-829f10e9e05e#0:OK-t0. Peer's state: 4071302e-cf40-440c-a20f-829f10e9e05e@group-F3A27B024772:t0, leader=null, voted=, raftlog=Memoized:4071302e-cf40-440c-a20f-829f10e9e05e@group-F3A27B024772-SegmentedRaftLog:OPENED:c-1, conf=-1: peers:[b2354cd0-7648-4a6f-abf9-b9cf43c56f40|10.1.0.5:15255, 4071302e-cf40-440c-a20f-829f10e9e05e|10.1.0.5:15246, 32aac600-864d-469c-bbc4-bdc2d2a366d8|10.1.0.5:15264]|listeners:[], old=null
2023-12-21 09:24:40,091 [grpc-default-executor-0] INFO  server.RaftServer$Division (RaftServerImpl.java:requestVote(1377)) - 32aac600-864d-469c-bbc4-bdc2d2a366d8@group-F3A27B024772: receive requestVote(PRE_VOTE, b2354cd0-7648-4a6f-abf9-b9cf43c56f40, group-F3A27B024772, 0, (t:0, i:0))
2023-12-21 09:24:40,091 [grpc-default-executor-0] INFO  impl.VoteContext (VoteContext.java:log(49)) - 32aac600-864d-469c-bbc4-bdc2d2a366d8@group-F3A27B024772-FOLLOWER: accept PRE_VOTE from b2354cd0-7648-4a6f-abf9-b9cf43c56f40: our priority 0 <= candidate's priority 1
2023-12-21 09:24:40,098 [grpc-default-executor-0] INFO  server.RaftServer$Division (RaftServerImpl.java:requestVote(1410)) - 32aac600-864d-469c-bbc4-bdc2d2a366d8@group-F3A27B024772 replies to PRE_VOTE vote request: b2354cd0-7648-4a6f-abf9-b9cf43c56f40<-32aac600-864d-469c-bbc4-bdc2d2a366d8#0:OK-t0. Peer's state: 32aac600-864d-469c-bbc4-bdc2d2a366d8@group-F3A27B024772:t0, leader=null, voted=, raftlog=Memoized:32aac600-864d-469c-bbc4-bdc2d2a366d8@group-F3A27B024772-SegmentedRaftLog:OPENED:c-1, conf=-1: peers:[b2354cd0-7648-4a6f-abf9-b9cf43c56f40|10.1.0.5:15255, 4071302e-cf40-440c-a20f-829f10e9e05e|10.1.0.5:15246, 32aac600-864d-469c-bbc4-bdc2d2a366d8|10.1.0.5:15264]|listeners:[], old=null
2023-12-21 09:24:40,098 [om1-OMStateMachineApplyTransactionThread - 0] INFO  volume.OMVolumeCreateRequest (OMVolumeCreateRequest.java:validateAndUpdateCache(197)) - created volume:watchforcommithandlingtest for user:runner
2023-12-21 09:24:40,100 [b2354cd0-7648-4a6f-abf9-b9cf43c56f40@group-F3A27B024772-LeaderElection49] INFO  impl.LeaderElection (LeaderElection.java:logAndReturn(89)) - b2354cd0-7648-4a6f-abf9-b9cf43c56f40@group-F3A27B024772-LeaderElection49: PRE_VOTE PASSED received 1 response(s) and 0 exception(s):
2023-12-21 09:24:40,100 [b2354cd0-7648-4a6f-abf9-b9cf43c56f40@group-F3A27B024772-LeaderElection49] INFO  impl.LeaderElection (LeaderElection.java:logAndReturn(93)) -   Response 0: b2354cd0-7648-4a6f-abf9-b9cf43c56f40<-32aac600-864d-469c-bbc4-bdc2d2a366d8#0:OK-t0
2023-12-21 09:24:40,100 [b2354cd0-7648-4a6f-abf9-b9cf43c56f40@group-F3A27B024772-LeaderElection49] INFO  impl.LeaderElection (LeaderElection.java:askForVotes(325)) - b2354cd0-7648-4a6f-abf9-b9cf43c56f40@group-F3A27B024772-LeaderElection49 PRE_VOTE round 0: result PASSED
2023-12-21 09:24:40,101 [main] INFO  rpc.RpcClient (RpcClient.java:createBucket(683)) - Creating Bucket: watchforcommithandlingtest/watchforcommithandlingtest, with server-side default bucket layout, runner as owner, Versioning false, Storage Type set to DISK and Encryption set to false, Replication Type set to server-side default replication type, Namespace Quota set to -1, Space Quota set to -1 
2023-12-21 09:24:40,101 [b2354cd0-7648-4a6f-abf9-b9cf43c56f40@group-F3A27B024772-LeaderElection49] INFO  impl.LeaderElection (LeaderElection.java:askForVotes(323)) - b2354cd0-7648-4a6f-abf9-b9cf43c56f40@group-F3A27B024772-LeaderElection49 ELECTION round 0: submit vote requests at term 1 for -1: peers:[b2354cd0-7648-4a6f-abf9-b9cf43c56f40|10.1.0.5:15255, 4071302e-cf40-440c-a20f-829f10e9e05e|10.1.0.5:15246, 32aac600-864d-469c-bbc4-bdc2d2a366d8|10.1.0.5:15264]|listeners:[], old=null
2023-12-21 09:24:40,102 [b2354cd0-7648-4a6f-abf9-b9cf43c56f40@group-F3A27B024772-LeaderElection49] INFO  server.RaftServerConfigKeys (ConfUtils.java:logFallback(53)) - raft.server.rpc.first-election.timeout.min = 5s (fallback to raft.server.rpc.timeout.min)
2023-12-21 09:24:40,102 [b2354cd0-7648-4a6f-abf9-b9cf43c56f40@group-F3A27B024772-LeaderElection49] INFO  server.RaftServerConfigKeys (ConfUtils.java:logFallback(53)) - raft.server.rpc.first-election.timeout.max = 5200ms (fallback to raft.server.rpc.timeout.max)
2023-12-21 09:24:40,105 [grpc-default-executor-0] INFO  server.RaftServer$Division (RaftServerImpl.java:requestVote(1377)) - 4071302e-cf40-440c-a20f-829f10e9e05e@group-F3A27B024772: receive requestVote(ELECTION, b2354cd0-7648-4a6f-abf9-b9cf43c56f40, group-F3A27B024772, 1, (t:0, i:0))
2023-12-21 09:24:40,105 [grpc-default-executor-0] INFO  impl.VoteContext (VoteContext.java:log(49)) - 4071302e-cf40-440c-a20f-829f10e9e05e@group-F3A27B024772-FOLLOWER: accept ELECTION from b2354cd0-7648-4a6f-abf9-b9cf43c56f40: our priority 0 <= candidate's priority 1
2023-12-21 09:24:40,105 [grpc-default-executor-0] INFO  server.RaftServer$Division (RaftServerImpl.java:setRole(379)) - 4071302e-cf40-440c-a20f-829f10e9e05e@group-F3A27B024772: changes role from  FOLLOWER to FOLLOWER at term 1 for candidate:b2354cd0-7648-4a6f-abf9-b9cf43c56f40
2023-12-21 09:24:40,105 [grpc-default-executor-0] INFO  impl.RoleInfo (RoleInfo.java:shutdownFollowerState(110)) - 4071302e-cf40-440c-a20f-829f10e9e05e: shutdown 4071302e-cf40-440c-a20f-829f10e9e05e@group-F3A27B024772-FollowerState
2023-12-21 09:24:40,105 [grpc-default-executor-0] INFO  impl.RoleInfo (RoleInfo.java:updateAndGet(139)) - 4071302e-cf40-440c-a20f-829f10e9e05e: start 4071302e-cf40-440c-a20f-829f10e9e05e@group-F3A27B024772-FollowerState
2023-12-21 09:24:40,105 [4071302e-cf40-440c-a20f-829f10e9e05e@group-F3A27B024772-FollowerState] INFO  impl.FollowerState (FollowerState.java:run(152)) - 4071302e-cf40-440c-a20f-829f10e9e05e@group-F3A27B024772-FollowerState was interrupted
2023-12-21 09:24:40,105 [om1-OMStateMachineApplyTransactionThread - 0] INFO  bucket.OMBucketCreateRequest (OMBucketCreateRequest.java:validateAndUpdateCache(295)) - created bucket: watchforcommithandlingtest of layout FILE_SYSTEM_OPTIMIZED in volume: watchforcommithandlingtest
2023-12-21 09:24:40,105 [grpc-default-executor-0] INFO  server.RaftServer$Division (RaftServerImpl.java:setFirstElection(564)) - 4071302e-cf40-440c-a20f-829f10e9e05e@group-F3A27B024772: set firstElectionSinceStartup to false for candidate:b2354cd0-7648-4a6f-abf9-b9cf43c56f40
2023-12-21 09:24:40,109 [grpc-default-executor-0] INFO  server.RaftServer$Division (RaftServerImpl.java:requestVote(1410)) - 4071302e-cf40-440c-a20f-829f10e9e05e@group-F3A27B024772 replies to ELECTION vote request: b2354cd0-7648-4a6f-abf9-b9cf43c56f40<-4071302e-cf40-440c-a20f-829f10e9e05e#0:OK-t1. Peer's state: 4071302e-cf40-440c-a20f-829f10e9e05e@group-F3A27B024772:t1, leader=null, voted=b2354cd0-7648-4a6f-abf9-b9cf43c56f40, raftlog=Memoized:4071302e-cf40-440c-a20f-829f10e9e05e@group-F3A27B024772-SegmentedRaftLog:OPENED:c-1, conf=-1: peers:[b2354cd0-7648-4a6f-abf9-b9cf43c56f40|10.1.0.5:15255, 4071302e-cf40-440c-a20f-829f10e9e05e|10.1.0.5:15246, 32aac600-864d-469c-bbc4-bdc2d2a366d8|10.1.0.5:15264]|listeners:[], old=null
2023-12-21 09:24:40,109 [grpc-default-executor-3] INFO  server.RaftServer$Division (RaftServerImpl.java:requestVote(1377)) - 32aac600-864d-469c-bbc4-bdc2d2a366d8@group-F3A27B024772: receive requestVote(ELECTION, b2354cd0-7648-4a6f-abf9-b9cf43c56f40, group-F3A27B024772, 1, (t:0, i:0))
2023-12-21 09:24:40,109 [grpc-default-executor-3] INFO  impl.VoteContext (VoteContext.java:log(49)) - 32aac600-864d-469c-bbc4-bdc2d2a366d8@group-F3A27B024772-FOLLOWER: accept ELECTION from b2354cd0-7648-4a6f-abf9-b9cf43c56f40: our priority 0 <= candidate's priority 1
2023-12-21 09:24:40,109 [grpc-default-executor-3] INFO  server.RaftServer$Division (RaftServerImpl.java:setRole(379)) - 32aac600-864d-469c-bbc4-bdc2d2a366d8@group-F3A27B024772: changes role from  FOLLOWER to FOLLOWER at term 1 for candidate:b2354cd0-7648-4a6f-abf9-b9cf43c56f40
2023-12-21 09:24:40,109 [grpc-default-executor-3] INFO  impl.RoleInfo (RoleInfo.java:shutdownFollowerState(110)) - 32aac600-864d-469c-bbc4-bdc2d2a366d8: shutdown 32aac600-864d-469c-bbc4-bdc2d2a366d8@group-F3A27B024772-FollowerState
2023-12-21 09:24:40,109 [grpc-default-executor-3] INFO  impl.RoleInfo (RoleInfo.java:updateAndGet(139)) - 32aac600-864d-469c-bbc4-bdc2d2a366d8: start 32aac600-864d-469c-bbc4-bdc2d2a366d8@group-F3A27B024772-FollowerState
2023-12-21 09:24:40,109 [32aac600-864d-469c-bbc4-bdc2d2a366d8@group-F3A27B024772-FollowerState] INFO  impl.FollowerState (FollowerState.java:run(152)) - 32aac600-864d-469c-bbc4-bdc2d2a366d8@group-F3A27B024772-FollowerState was interrupted
2023-12-21 09:24:40,110 [b2354cd0-7648-4a6f-abf9-b9cf43c56f40@group-F3A27B024772-LeaderElection49] INFO  impl.LeaderElection (LeaderElection.java:logAndReturn(89)) - b2354cd0-7648-4a6f-abf9-b9cf43c56f40@group-F3A27B024772-LeaderElection49: ELECTION PASSED received 1 response(s) and 0 exception(s):
2023-12-21 09:24:40,110 [b2354cd0-7648-4a6f-abf9-b9cf43c56f40@group-F3A27B024772-LeaderElection49] INFO  impl.LeaderElection (LeaderElection.java:logAndReturn(93)) -   Response 0: b2354cd0-7648-4a6f-abf9-b9cf43c56f40<-4071302e-cf40-440c-a20f-829f10e9e05e#0:OK-t1
2023-12-21 09:24:40,110 [b2354cd0-7648-4a6f-abf9-b9cf43c56f40@group-F3A27B024772-LeaderElection49] INFO  impl.LeaderElection (LeaderElection.java:askForVotes(325)) - b2354cd0-7648-4a6f-abf9-b9cf43c56f40@group-F3A27B024772-LeaderElection49 ELECTION round 0: result PASSED
2023-12-21 09:24:40,111 [b2354cd0-7648-4a6f-abf9-b9cf43c56f40@group-F3A27B024772-LeaderElection49] INFO  impl.RoleInfo (RoleInfo.java:shutdownLeaderElection(130)) - b2354cd0-7648-4a6f-abf9-b9cf43c56f40: shutdown b2354cd0-7648-4a6f-abf9-b9cf43c56f40@group-F3A27B024772-LeaderElection49
2023-12-21 09:24:40,111 [b2354cd0-7648-4a6f-abf9-b9cf43c56f40@group-F3A27B024772-LeaderElection49] INFO  server.RaftServer$Division (RaftServerImpl.java:setRole(379)) - b2354cd0-7648-4a6f-abf9-b9cf43c56f40@group-F3A27B024772: changes role from CANDIDATE to LEADER at term 1 for changeToLeader
2023-12-21 09:24:40,111 [b2354cd0-7648-4a6f-abf9-b9cf43c56f40@group-F3A27B024772-LeaderElection49] INFO  server.RaftServerConfigKeys (ConfUtils.java:logGet(46)) - raft.server.staging.catchup.gap = 1000 (default)
2023-12-21 09:24:40,111 [b2354cd0-7648-4a6f-abf9-b9cf43c56f40@group-F3A27B024772-LeaderElection49] INFO  server.RaftServerConfigKeys (ConfUtils.java:logGet(46)) - raft.server.write.element-limit = 1024 (custom)
2023-12-21 09:24:40,111 [b2354cd0-7648-4a6f-abf9-b9cf43c56f40@group-F3A27B024772-LeaderElection49] INFO  server.RaftServerConfigKeys (ConfUtils.java:logGet(46)) - raft.server.write.byte-limit = 1024 M (=1073741824) (custom)
2023-12-21 09:24:40,111 [grpc-default-executor-3] INFO  server.RaftServer$Division (RaftServerImpl.java:requestVote(1410)) - 32aac600-864d-469c-bbc4-bdc2d2a366d8@group-F3A27B024772 replies to ELECTION vote request: b2354cd0-7648-4a6f-abf9-b9cf43c56f40<-32aac600-864d-469c-bbc4-bdc2d2a366d8#0:OK-t1. Peer's state: 32aac600-864d-469c-bbc4-bdc2d2a366d8@group-F3A27B024772:t1, leader=null, voted=b2354cd0-7648-4a6f-abf9-b9cf43c56f40, raftlog=Memoized:32aac600-864d-469c-bbc4-bdc2d2a366d8@group-F3A27B024772-SegmentedRaftLog:OPENED:c-1, conf=-1: peers:[b2354cd0-7648-4a6f-abf9-b9cf43c56f40|10.1.0.5:15255, 4071302e-cf40-440c-a20f-829f10e9e05e|10.1.0.5:15246, 32aac600-864d-469c-bbc4-bdc2d2a366d8|10.1.0.5:15264]|listeners:[], old=null
2023-12-21 09:24:40,111 [b2354cd0-7648-4a6f-abf9-b9cf43c56f40@group-F3A27B024772-LeaderElection49] INFO  server.RaftServerConfigKeys (ConfUtils.java:logGet(46)) - raft.server.watch.timeout = 3000ms (custom)
2023-12-21 09:24:40,111 [b2354cd0-7648-4a6f-abf9-b9cf43c56f40@group-F3A27B024772-LeaderElection49] INFO  server.RaftServerConfigKeys (ConfUtils.java:logGet(46)) - raft.server.watch.timeout.denomination = 1s (default)
2023-12-21 09:24:40,112 [b2354cd0-7648-4a6f-abf9-b9cf43c56f40@group-F3A27B024772-LeaderElection49] INFO  server.RaftServerConfigKeys (ConfUtils.java:logGet(46)) - raft.server.watch.element-limit = 65536 (default)
2023-12-21 09:24:40,112 [b2354cd0-7648-4a6f-abf9-b9cf43c56f40@group-F3A27B024772-LeaderElection49] INFO  server.RaftServerConfigKeys (ConfUtils.java:logGet(46)) - raft.server.read.leader.lease.enabled = false (default)
2023-12-21 09:24:40,112 [b2354cd0-7648-4a6f-abf9-b9cf43c56f40@group-F3A27B024772-LeaderElection49] INFO  server.RaftServerConfigKeys (ConfUtils.java:logGet(46)) - raft.server.read.leader.lease.timeout.ratio = 0.9 (default)
2023-12-21 09:24:40,112 [b2354cd0-7648-4a6f-abf9-b9cf43c56f40@group-F3A27B024772-LeaderElection49] INFO  server.RaftServerConfigKeys (ConfUtils.java:logGet(46)) - raft.server.rpc.timeout.min = 5s (custom)
2023-12-21 09:24:40,112 [b2354cd0-7648-4a6f-abf9-b9cf43c56f40@group-F3A27B024772-LeaderElection49] INFO  server.RaftServerConfigKeys (ConfUtils.java:logGet(46)) - raft.server.write.element-limit = 1024 (custom)
2023-12-21 09:24:40,112 [b2354cd0-7648-4a6f-abf9-b9cf43c56f40@group-F3A27B024772-LeaderElection49] INFO  server.RaftServerConfigKeys (ConfUtils.java:logGet(46)) - raft.server.write.follower.gap.ratio.max = -1.0 (default)
2023-12-21 09:24:40,112 [b2354cd0-7648-4a6f-abf9-b9cf43c56f40@group-F3A27B024772-LeaderElection49] INFO  server.RaftServerConfigKeys (ConfUtils.java:logGet(46)) - raft.server.log.appender.snapshot.chunk.size.max = 16MB (=16777216) (default)
2023-12-21 09:24:40,113 [b2354cd0-7648-4a6f-abf9-b9cf43c56f40@group-F3A27B024772-LeaderElection49] INFO  server.RaftServerConfigKeys (ConfUtils.java:logGet(46)) - raft.server.log.appender.buffer.byte-limit = 8388608 (custom)
2023-12-21 09:24:40,113 [b2354cd0-7648-4a6f-abf9-b9cf43c56f40@group-F3A27B024772-LeaderElection49] INFO  server.RaftServerConfigKeys (ConfUtils.java:logGet(46)) - raft.server.log.appender.buffer.element-limit = 1 (custom)
2023-12-21 09:24:40,113 [b2354cd0-7648-4a6f-abf9-b9cf43c56f40@group-F3A27B024772-LeaderElection49] INFO  server.RaftServerConfigKeys (ConfUtils.java:logGet(46)) - raft.server.log.appender.wait-time.min = 0ms (custom)
2023-12-21 09:24:40,113 [b2354cd0-7648-4a6f-abf9-b9cf43c56f40@group-F3A27B024772-LeaderElection49] INFO  grpc.GrpcConfigKeys (ConfUtils.java:logGet(46)) - raft.grpc.server.leader.outstanding.appends.max = 8 (default)
2023-12-21 09:24:40,113 [b2354cd0-7648-4a6f-abf9-b9cf43c56f40@group-F3A27B024772-LeaderElection49] INFO  server.RaftServerConfigKeys (ConfUtils.java:logGet(46)) - raft.server.rpc.request.timeout = 3000ms (default)
2023-12-21 09:24:40,113 [b2354cd0-7648-4a6f-abf9-b9cf43c56f40@group-F3A27B024772-LeaderElection49] INFO  grpc.GrpcConfigKeys (ConfUtils.java:logGet(46)) - raft.grpc.server.install_snapshot.request.element-limit = 8 (default)
2023-12-21 09:24:40,113 [b2354cd0-7648-4a6f-abf9-b9cf43c56f40@group-F3A27B024772-LeaderElection49] INFO  grpc.GrpcConfigKeys (ConfUtils.java:logGet(46)) - raft.grpc.server.install_snapshot.request.timeout = 3000ms (default)
2023-12-21 09:24:40,113 [b2354cd0-7648-4a6f-abf9-b9cf43c56f40@group-F3A27B024772-LeaderElection49] INFO  server.RaftServerConfigKeys (ConfUtils.java:logGet(46)) - raft.server.log.appender.install.snapshot.enabled = false (custom)
2023-12-21 09:24:40,113 [b2354cd0-7648-4a6f-abf9-b9cf43c56f40@group-F3A27B024772-LeaderElection49] INFO  grpc.GrpcConfigKeys (ConfUtils.java:logGet(46)) - raft.grpc.server.heartbeat.channel = true (default)
2023-12-21 09:24:40,114 [b2354cd0-7648-4a6f-abf9-b9cf43c56f40@group-F3A27B024772-LeaderElection49] INFO  server.RaftServerConfigKeys (ConfUtils.java:logGet(46)) - raft.server.log.appender.snapshot.chunk.size.max = 16MB (=16777216) (default)
2023-12-21 09:24:40,114 [b2354cd0-7648-4a6f-abf9-b9cf43c56f40@group-F3A27B024772-LeaderElection49] INFO  server.RaftServerConfigKeys (ConfUtils.java:logGet(46)) - raft.server.log.appender.buffer.byte-limit = 8388608 (custom)
2023-12-21 09:24:40,114 [b2354cd0-7648-4a6f-abf9-b9cf43c56f40@group-F3A27B024772-LeaderElection49] INFO  server.RaftServerConfigKeys (ConfUtils.java:logGet(46)) - raft.server.log.appender.buffer.element-limit = 1 (custom)
2023-12-21 09:24:40,114 [b2354cd0-7648-4a6f-abf9-b9cf43c56f40@group-F3A27B024772-LeaderElection49] INFO  server.RaftServerConfigKeys (ConfUtils.java:logGet(46)) - raft.server.log.appender.wait-time.min = 0ms (custom)
2023-12-21 09:24:40,114 [b2354cd0-7648-4a6f-abf9-b9cf43c56f40@group-F3A27B024772-LeaderElection49] INFO  grpc.GrpcConfigKeys (ConfUtils.java:logGet(46)) - raft.grpc.server.leader.outstanding.appends.max = 8 (default)
2023-12-21 09:24:40,114 [b2354cd0-7648-4a6f-abf9-b9cf43c56f40@group-F3A27B024772-LeaderElection49] INFO  server.RaftServerConfigKeys (ConfUtils.java:logGet(46)) - raft.server.rpc.request.timeout = 3000ms (default)
2023-12-21 09:24:40,114 [b2354cd0-7648-4a6f-abf9-b9cf43c56f40@group-F3A27B024772-LeaderElection49] INFO  grpc.GrpcConfigKeys (ConfUtils.java:logGet(46)) - raft.grpc.server.install_snapshot.request.element-limit = 8 (default)
2023-12-21 09:24:40,115 [b2354cd0-7648-4a6f-abf9-b9cf43c56f40@group-F3A27B024772-LeaderElection49] INFO  grpc.GrpcConfigKeys (ConfUtils.java:logGet(46)) - raft.grpc.server.install_snapshot.request.timeout = 3000ms (default)
2023-12-21 09:24:40,115 [b2354cd0-7648-4a6f-abf9-b9cf43c56f40@group-F3A27B024772-LeaderElection49] INFO  server.RaftServerConfigKeys (ConfUtils.java:logGet(46)) - raft.server.log.appender.install.snapshot.enabled = false (custom)
2023-12-21 09:24:40,115 [b2354cd0-7648-4a6f-abf9-b9cf43c56f40@group-F3A27B024772-LeaderElection49] INFO  grpc.GrpcConfigKeys (ConfUtils.java:logGet(46)) - raft.grpc.server.heartbeat.channel = true (default)
2023-12-21 09:24:40,115 [b2354cd0-7648-4a6f-abf9-b9cf43c56f40@group-F3A27B024772-LeaderElection49] INFO  impl.RoleInfo (RoleInfo.java:updateAndGet(139)) - b2354cd0-7648-4a6f-abf9-b9cf43c56f40: start b2354cd0-7648-4a6f-abf9-b9cf43c56f40@group-F3A27B024772-LeaderStateImpl
2023-12-21 09:24:40,115 [b2354cd0-7648-4a6f-abf9-b9cf43c56f40@group-F3A27B024772-LeaderElection49] INFO  server.RaftServer$Division (RaftServerImpl.java:setFirstElection(564)) - b2354cd0-7648-4a6f-abf9-b9cf43c56f40@group-F3A27B024772: set firstElectionSinceStartup to false for becomeLeader
2023-12-21 09:24:40,115 [b2354cd0-7648-4a6f-abf9-b9cf43c56f40@group-F3A27B024772-LeaderElection49] INFO  ratis.XceiverServerRatis (XceiverServerRatis.java:handleLeaderChangedNotification(935)) - Leader change notification received for group: group-F3A27B024772 with new leaderId: b2354cd0-7648-4a6f-abf9-b9cf43c56f40
2023-12-21 09:24:40,115 [b2354cd0-7648-4a6f-abf9-b9cf43c56f40@group-F3A27B024772-LeaderElection49] INFO  server.RaftServer$Division (ServerState.java:setLeader(265)) - b2354cd0-7648-4a6f-abf9-b9cf43c56f40@group-F3A27B024772: change Leader from null to b2354cd0-7648-4a6f-abf9-b9cf43c56f40 at term 1 for becomeLeader, leader elected after 5200ms
2023-12-21 09:24:40,115 [b2354cd0-7648-4a6f-abf9-b9cf43c56f40@group-F3A27B024772-LeaderElection49] INFO  segmented.SegmentedRaftLogWorker (SegmentedRaftLogWorker.java:startLogSegment(428)) - b2354cd0-7648-4a6f-abf9-b9cf43c56f40@group-F3A27B024772-SegmentedRaftLogWorker: Starting segment from index:0
2023-12-21 09:24:40,116 [EventQueue-PipelineReportForPipelineReportHandler] INFO  pipeline.PipelineReportHandler (PipelineReportHandler.java:processPipelineReport(136)) - Opened pipeline PipelineID=d1b107bd-1af9-4284-8482-f3a27b024772
2023-12-21 09:24:40,122 [b2354cd0-7648-4a6f-abf9-b9cf43c56f40@group-F3A27B024772-LeaderElection49] INFO  server.RaftServer$Division (ServerState.java:setRaftConf(382)) - b2354cd0-7648-4a6f-abf9-b9cf43c56f40@group-F3A27B024772: set configuration 0: peers:[b2354cd0-7648-4a6f-abf9-b9cf43c56f40|10.1.0.5:15255, 4071302e-cf40-440c-a20f-829f10e9e05e|10.1.0.5:15246, 32aac600-864d-469c-bbc4-bdc2d2a366d8|10.1.0.5:15264]|listeners:[], old=null
2023-12-21 09:24:40,124 [IPC Server handler 1 on default port 15178] INFO  ha.SequenceIdGenerator (SequenceIdGenerator.java:getNextId(145)) - Allocate a batch for containerId, change lastId from 0 to 1000.
2023-12-21 09:24:40,125 [b2354cd0-7648-4a6f-abf9-b9cf43c56f40@group-F3A27B024772-SegmentedRaftLogWorker] INFO  segmented.SegmentedRaftLogWorker (SegmentedRaftLogWorker.java:execute(632)) - b2354cd0-7648-4a6f-abf9-b9cf43c56f40@group-F3A27B024772-SegmentedRaftLogWorker: created new log segment /home/runner/work/ozone/ozone/hadoop-ozone/integration-test/target/test-dir/MiniOzoneClusterImpl-e4d55aeb-da58-408a-87dd-e45f7ef8a31a/datanode-7/data/ratis/d1b107bd-1af9-4284-8482-f3a27b024772/current/log_inprogress_0
2023-12-21 09:24:40,130 [32aac600-864d-469c-bbc4-bdc2d2a366d8-server-thread1] INFO  ratis.XceiverServerRatis (XceiverServerRatis.java:handleLeaderChangedNotification(935)) - Leader change notification received for group: group-F3A27B024772 with new leaderId: b2354cd0-7648-4a6f-abf9-b9cf43c56f40
2023-12-21 09:24:40,131 [32aac600-864d-469c-bbc4-bdc2d2a366d8-server-thread1] INFO  server.RaftServer$Division (ServerState.java:setLeader(265)) - 32aac600-864d-469c-bbc4-bdc2d2a366d8@group-F3A27B024772: change Leader from null to b2354cd0-7648-4a6f-abf9-b9cf43c56f40 at term 1 for appendEntries, leader elected after 5192ms
2023-12-21 09:24:40,133 [32aac600-864d-469c-bbc4-bdc2d2a366d8-server-thread2] INFO  server.RaftServer$Division (ServerState.java:setRaftConf(382)) - 32aac600-864d-469c-bbc4-bdc2d2a366d8@group-F3A27B024772: set configuration 0: peers:[b2354cd0-7648-4a6f-abf9-b9cf43c56f40|10.1.0.5:15255, 4071302e-cf40-440c-a20f-829f10e9e05e|10.1.0.5:15246, 32aac600-864d-469c-bbc4-bdc2d2a366d8|10.1.0.5:15264]|listeners:[], old=null
2023-12-21 09:24:40,134 [32aac600-864d-469c-bbc4-bdc2d2a366d8-server-thread2] INFO  segmented.SegmentedRaftLogWorker (SegmentedRaftLogWorker.java:startLogSegment(428)) - 32aac600-864d-469c-bbc4-bdc2d2a366d8@group-F3A27B024772-SegmentedRaftLogWorker: Starting segment from index:0
2023-12-21 09:24:40,134 [4071302e-cf40-440c-a20f-829f10e9e05e-server-thread1] INFO  ratis.XceiverServerRatis (XceiverServerRatis.java:handleLeaderChangedNotification(935)) - Leader change notification received for group: group-F3A27B024772 with new leaderId: b2354cd0-7648-4a6f-abf9-b9cf43c56f40
2023-12-21 09:24:40,134 [4071302e-cf40-440c-a20f-829f10e9e05e-server-thread1] INFO  server.RaftServer$Division (ServerState.java:setLeader(265)) - 4071302e-cf40-440c-a20f-829f10e9e05e@group-F3A27B024772: change Leader from null to b2354cd0-7648-4a6f-abf9-b9cf43c56f40 at term 1 for appendEntries, leader elected after 5238ms
2023-12-21 09:24:40,142 [32aac600-864d-469c-bbc4-bdc2d2a366d8@group-F3A27B024772-SegmentedRaftLogWorker] INFO  segmented.SegmentedRaftLogWorker (SegmentedRaftLogWorker.java:execute(632)) - 32aac600-864d-469c-bbc4-bdc2d2a366d8@group-F3A27B024772-SegmentedRaftLogWorker: created new log segment /home/runner/work/ozone/ozone/hadoop-ozone/integration-test/target/test-dir/MiniOzoneClusterImpl-e4d55aeb-da58-408a-87dd-e45f7ef8a31a/datanode-8/data/ratis/d1b107bd-1af9-4284-8482-f3a27b024772/current/log_inprogress_0
2023-12-21 09:24:40,143 [4071302e-cf40-440c-a20f-829f10e9e05e-server-thread3] INFO  server.RaftServer$Division (ServerState.java:setRaftConf(382)) - 4071302e-cf40-440c-a20f-829f10e9e05e@group-F3A27B024772: set configuration 0: peers:[b2354cd0-7648-4a6f-abf9-b9cf43c56f40|10.1.0.5:15255, 4071302e-cf40-440c-a20f-829f10e9e05e|10.1.0.5:15246, 32aac600-864d-469c-bbc4-bdc2d2a366d8|10.1.0.5:15264]|listeners:[], old=null
2023-12-21 09:24:40,143 [4071302e-cf40-440c-a20f-829f10e9e05e-server-thread3] INFO  segmented.SegmentedRaftLogWorker (SegmentedRaftLogWorker.java:startLogSegment(428)) - 4071302e-cf40-440c-a20f-829f10e9e05e@group-F3A27B024772-SegmentedRaftLogWorker: Starting segment from index:0
2023-12-21 09:24:40,147 [grpc-default-executor-2] ERROR impl.OrderedAsync (OrderedAsync.java:lambda$sendRequest$9(247)) - client-494C77217CE9: Failed* RaftClientRequest:client-494C77217CE9->b2354cd0-7648-4a6f-abf9-b9cf43c56f40@group-F3A27B024772, cid=55, seq=1*, Watch(0), null
java.util.concurrent.CompletionException: org.apache.ratis.protocol.exceptions.LeaderNotReadyException: b2354cd0-7648-4a6f-abf9-b9cf43c56f40@group-F3A27B024772 is in LEADER state but not ready yet.
	at java.util.concurrent.CompletableFuture.encodeThrowable(CompletableFuture.java:292)
	at java.util.concurrent.CompletableFuture.completeThrowable(CompletableFuture.java:308)
	at java.util.concurrent.CompletableFuture.uniApply(CompletableFuture.java:607)
	at java.util.concurrent.CompletableFuture$UniApply.tryFire(CompletableFuture.java:591)
	at java.util.concurrent.CompletableFuture.postComplete(CompletableFuture.java:488)
	at java.util.concurrent.CompletableFuture.completeExceptionally(CompletableFuture.java:1990)
	at org.apache.ratis.grpc.client.GrpcClientProtocolClient$AsyncStreamObservers.completeReplyExceptionally(GrpcClientProtocolClient.java:394)
	at org.apache.ratis.grpc.client.GrpcClientProtocolClient$AsyncStreamObservers.access$000(GrpcClientProtocolClient.java:300)
	at org.apache.ratis.grpc.client.GrpcClientProtocolClient$AsyncStreamObservers$1.onNext(GrpcClientProtocolClient.java:319)
	at org.apache.ratis.grpc.client.GrpcClientProtocolClient$AsyncStreamObservers$1.onNext(GrpcClientProtocolClient.java:305)
	at org.apache.ratis.thirdparty.io.grpc.stub.ClientCalls$StreamObserverToCallListenerAdapter.onMessage(ClientCalls.java:468)
	at org.apache.ratis.thirdparty.io.grpc.ForwardingClientCallListener.onMessage(ForwardingClientCallListener.java:33)
	at org.apache.ratis.thirdparty.io.grpc.internal.DelayedClientCall$DelayedListener.onMessage(DelayedClientCall.java:473)
	at org.apache.ratis.thirdparty.io.grpc.internal.ClientCallImpl$ClientStreamListenerImpl$1MessagesAvailable.runInternal(ClientCallImpl.java:660)
	at org.apache.ratis.thirdparty.io.grpc.internal.ClientCallImpl$ClientStreamListenerImpl$1MessagesAvailable.runInContext(ClientCallImpl.java:647)
	at org.apache.ratis.thirdparty.io.grpc.internal.ContextRunnable.run(ContextRunnable.java:37)
	at org.apache.ratis.thirdparty.io.grpc.internal.SerializingExecutor.run(SerializingExecutor.java:133)
	at java.util.concurrent.ThreadPoolExecutor.runWorker(ThreadPoolExecutor.java:1149)
	at java.util.concurrent.ThreadPoolExecutor$Worker.run(ThreadPoolExecutor.java:624)
	at java.lang.Thread.run(Thread.java:750)
Caused by: org.apache.ratis.protocol.exceptions.LeaderNotReadyException: b2354cd0-7648-4a6f-abf9-b9cf43c56f40@group-F3A27B024772 is in LEADER state but not ready yet.
	at org.apache.ratis.client.impl.ClientProtoUtils.toRaftClientReply(ClientProtoUtils.java:407)
	at org.apache.ratis.grpc.client.GrpcClientProtocolClient$AsyncStreamObservers$1.onNext(GrpcClientProtocolClient.java:310)
	... 11 more
2023-12-21 09:24:40,148 [b2354cd0-7648-4a6f-abf9-b9cf43c56f40@group-F3A27B024772-StateMachineUpdater] INFO  server.RaftServer$Division (LeaderStateImpl.java:isApplied(316)) - leader is ready since appliedIndex == 0 >= startIndex == 0
2023-12-21 09:24:40,152 [4071302e-cf40-440c-a20f-829f10e9e05e@group-F3A27B024772-SegmentedRaftLogWorker] INFO  segmented.SegmentedRaftLogWorker (SegmentedRaftLogWorker.java:execute(632)) - 4071302e-cf40-440c-a20f-829f10e9e05e@group-F3A27B024772-SegmentedRaftLogWorker: created new log segment /home/runner/work/ozone/ozone/hadoop-ozone/integration-test/target/test-dir/MiniOzoneClusterImpl-e4d55aeb-da58-408a-87dd-e45f7ef8a31a/datanode-6/data/ratis/d1b107bd-1af9-4284-8482-f3a27b024772/current/log_inprogress_0
2023-12-21 09:24:40,169 [32aac600-864d-469c-bbc4-bdc2d2a366d8@group-7901C159276A-FollowerState] INFO  impl.FollowerState (FollowerState.java:run(143)) - 32aac600-864d-469c-bbc4-bdc2d2a366d8@group-7901C159276A-FollowerState: change to CANDIDATE, lastRpcElapsedTime:5090384104ns, electionTimeout:5090ms
2023-12-21 09:24:40,169 [32aac600-864d-469c-bbc4-bdc2d2a366d8@group-7901C159276A-FollowerState] INFO  impl.RoleInfo (RoleInfo.java:shutdownFollowerState(110)) - 32aac600-864d-469c-bbc4-bdc2d2a366d8: shutdown 32aac600-864d-469c-bbc4-bdc2d2a366d8@group-7901C159276A-FollowerState
2023-12-21 09:24:40,169 [32aac600-864d-469c-bbc4-bdc2d2a366d8@group-7901C159276A-FollowerState] INFO  server.RaftServer$Division (RaftServerImpl.java:setRole(379)) - 32aac600-864d-469c-bbc4-bdc2d2a366d8@group-7901C159276A: changes role from  FOLLOWER to CANDIDATE at term 0 for changeToCandidate
2023-12-21 09:24:40,170 [32aac600-864d-469c-bbc4-bdc2d2a366d8@group-7901C159276A-FollowerState] INFO  server.RaftServerConfigKeys (ConfUtils.java:logGet(46)) - raft.server.leaderelection.pre-vote = true (default)
2023-12-21 09:24:40,170 [32aac600-864d-469c-bbc4-bdc2d2a366d8@group-7901C159276A-FollowerState] INFO  impl.RoleInfo (RoleInfo.java:updateAndGet(139)) - 32aac600-864d-469c-bbc4-bdc2d2a366d8: start 32aac600-864d-469c-bbc4-bdc2d2a366d8@group-7901C159276A-LeaderElection50
2023-12-21 09:24:40,171 [32aac600-864d-469c-bbc4-bdc2d2a366d8@group-7901C159276A-LeaderElection50] INFO  impl.LeaderElection (LeaderElection.java:askForVotes(323)) - 32aac600-864d-469c-bbc4-bdc2d2a366d8@group-7901C159276A-LeaderElection50 PRE_VOTE round 0: submit vote requests at term 0 for -1: peers:[32aac600-864d-469c-bbc4-bdc2d2a366d8|10.1.0.5:15264]|listeners:[], old=null
2023-12-21 09:24:40,171 [32aac600-864d-469c-bbc4-bdc2d2a366d8@group-7901C159276A-LeaderElection50] INFO  impl.LeaderElection (LeaderElection.java:askForVotes(325)) - 32aac600-864d-469c-bbc4-bdc2d2a366d8@group-7901C159276A-LeaderElection50 PRE_VOTE round 0: result PASSED (term=0)
2023-12-21 09:24:40,172 [32aac600-864d-469c-bbc4-bdc2d2a366d8@group-7901C159276A-LeaderElection50] INFO  impl.LeaderElection (LeaderElection.java:askForVotes(323)) - 32aac600-864d-469c-bbc4-bdc2d2a366d8@group-7901C159276A-LeaderElection50 ELECTION round 0: submit vote requests at term 1 for -1: peers:[32aac600-864d-469c-bbc4-bdc2d2a366d8|10.1.0.5:15264]|listeners:[], old=null
2023-12-21 09:24:40,172 [32aac600-864d-469c-bbc4-bdc2d2a366d8@group-7901C159276A-LeaderElection50] INFO  impl.LeaderElection (LeaderElection.java:askForVotes(325)) - 32aac600-864d-469c-bbc4-bdc2d2a366d8@group-7901C159276A-LeaderElection50 ELECTION round 0: result PASSED (term=1)
2023-12-21 09:24:40,172 [32aac600-864d-469c-bbc4-bdc2d2a366d8@group-7901C159276A-LeaderElection50] INFO  impl.RoleInfo (RoleInfo.java:shutdownLeaderElection(130)) - 32aac600-864d-469c-bbc4-bdc2d2a366d8: shutdown 32aac600-864d-469c-bbc4-bdc2d2a366d8@group-7901C159276A-LeaderElection50
2023-12-21 09:24:40,172 [32aac600-864d-469c-bbc4-bdc2d2a366d8@group-7901C159276A-LeaderElection50] INFO  server.RaftServer$Division (RaftServerImpl.java:setRole(379)) - 32aac600-864d-469c-bbc4-bdc2d2a366d8@group-7901C159276A: changes role from CANDIDATE to LEADER at term 1 for changeToLeader
2023-12-21 09:24:40,172 [32aac600-864d-469c-bbc4-bdc2d2a366d8@group-7901C159276A-LeaderElection50] INFO  server.RaftServerConfigKeys (ConfUtils.java:logGet(46)) - raft.server.staging.catchup.gap = 1000 (default)
2023-12-21 09:24:40,172 [32aac600-864d-469c-bbc4-bdc2d2a366d8@group-7901C159276A-LeaderElection50] INFO  server.RaftServerConfigKeys (ConfUtils.java:logGet(46)) - raft.server.write.element-limit = 1024 (custom)
2023-12-21 09:24:40,172 [32aac600-864d-469c-bbc4-bdc2d2a366d8@group-7901C159276A-LeaderElection50] INFO  server.RaftServerConfigKeys (ConfUtils.java:logGet(46)) - raft.server.write.byte-limit = 1024 M (=1073741824) (custom)
2023-12-21 09:24:40,172 [32aac600-864d-469c-bbc4-bdc2d2a366d8@group-7901C159276A-LeaderElection50] INFO  server.RaftServerConfigKeys (ConfUtils.java:logGet(46)) - raft.server.watch.timeout = 3000ms (custom)
2023-12-21 09:24:40,172 [32aac600-864d-469c-bbc4-bdc2d2a366d8@group-7901C159276A-LeaderElection50] INFO  server.RaftServerConfigKeys (ConfUtils.java:logGet(46)) - raft.server.watch.timeout.denomination = 1s (default)
2023-12-21 09:24:40,172 [32aac600-864d-469c-bbc4-bdc2d2a366d8@group-7901C159276A-LeaderElection50] INFO  server.RaftServerConfigKeys (ConfUtils.java:logGet(46)) - raft.server.watch.element-limit = 65536 (default)
2023-12-21 09:24:40,172 [32aac600-864d-469c-bbc4-bdc2d2a366d8@group-7901C159276A-LeaderElection50] INFO  server.RaftServerConfigKeys (ConfUtils.java:logGet(46)) - raft.server.read.leader.lease.enabled = false (default)
2023-12-21 09:24:40,172 [32aac600-864d-469c-bbc4-bdc2d2a366d8@group-7901C159276A-LeaderElection50] INFO  server.RaftServerConfigKeys (ConfUtils.java:logGet(46)) - raft.server.read.leader.lease.timeout.ratio = 0.9 (default)
2023-12-21 09:24:40,172 [32aac600-864d-469c-bbc4-bdc2d2a366d8@group-7901C159276A-LeaderElection50] INFO  server.RaftServerConfigKeys (ConfUtils.java:logGet(46)) - raft.server.rpc.timeout.min = 5s (custom)
2023-12-21 09:24:40,172 [32aac600-864d-469c-bbc4-bdc2d2a366d8@group-7901C159276A-LeaderElection50] INFO  server.RaftServerConfigKeys (ConfUtils.java:logGet(46)) - raft.server.write.element-limit = 1024 (custom)
2023-12-21 09:24:40,173 [32aac600-864d-469c-bbc4-bdc2d2a366d8@group-7901C159276A-LeaderElection50] INFO  server.RaftServerConfigKeys (ConfUtils.java:logGet(46)) - raft.server.write.follower.gap.ratio.max = -1.0 (default)
2023-12-21 09:24:40,173 [32aac600-864d-469c-bbc4-bdc2d2a366d8@group-7901C159276A-LeaderElection50] INFO  impl.RoleInfo (RoleInfo.java:updateAndGet(139)) - 32aac600-864d-469c-bbc4-bdc2d2a366d8: start 32aac600-864d-469c-bbc4-bdc2d2a366d8@group-7901C159276A-LeaderStateImpl
2023-12-21 09:24:40,173 [32aac600-864d-469c-bbc4-bdc2d2a366d8@group-7901C159276A-LeaderElection50] INFO  server.RaftServer$Division (RaftServerImpl.java:setFirstElection(564)) - 32aac600-864d-469c-bbc4-bdc2d2a366d8@group-7901C159276A: set firstElectionSinceStartup to false for becomeLeader
2023-12-21 09:24:40,173 [32aac600-864d-469c-bbc4-bdc2d2a366d8@group-7901C159276A-LeaderElection50] INFO  ratis.XceiverServerRatis (XceiverServerRatis.java:handleLeaderChangedNotification(935)) - Leader change notification received for group: group-7901C159276A with new leaderId: 32aac600-864d-469c-bbc4-bdc2d2a366d8
2023-12-21 09:24:40,173 [32aac600-864d-469c-bbc4-bdc2d2a366d8@group-7901C159276A-LeaderElection50] INFO  server.RaftServer$Division (ServerState.java:setLeader(265)) - 32aac600-864d-469c-bbc4-bdc2d2a366d8@group-7901C159276A: change Leader from null to 32aac600-864d-469c-bbc4-bdc2d2a366d8 at term 1 for becomeLeader, leader elected after 5103ms
2023-12-21 09:24:40,173 [32aac600-864d-469c-bbc4-bdc2d2a366d8@group-7901C159276A-LeaderElection50] INFO  segmented.SegmentedRaftLogWorker (SegmentedRaftLogWorker.java:startLogSegment(428)) - 32aac600-864d-469c-bbc4-bdc2d2a366d8@group-7901C159276A-SegmentedRaftLogWorker: Starting segment from index:0
2023-12-21 09:24:40,175 [32aac600-864d-469c-bbc4-bdc2d2a366d8@group-7901C159276A-LeaderElection50] INFO  server.RaftServer$Division (ServerState.java:setRaftConf(382)) - 32aac600-864d-469c-bbc4-bdc2d2a366d8@group-7901C159276A: set configuration 0: peers:[32aac600-864d-469c-bbc4-bdc2d2a366d8|10.1.0.5:15264]|listeners:[], old=null
2023-12-21 09:24:40,180 [32aac600-864d-469c-bbc4-bdc2d2a366d8@group-7901C159276A-SegmentedRaftLogWorker] INFO  segmented.SegmentedRaftLogWorker (SegmentedRaftLogWorker.java:execute(632)) - 32aac600-864d-469c-bbc4-bdc2d2a366d8@group-7901C159276A-SegmentedRaftLogWorker: created new log segment /home/runner/work/ozone/ozone/hadoop-ozone/integration-test/target/test-dir/MiniOzoneClusterImpl-e4d55aeb-da58-408a-87dd-e45f7ef8a31a/datanode-8/data/ratis/7c9e985f-48e1-48d6-a247-7901c159276a/current/log_inprogress_0
2023-12-21 09:24:40,181 [32aac600-864d-469c-bbc4-bdc2d2a366d8@group-7901C159276A-StateMachineUpdater] INFO  server.RaftServer$Division (LeaderStateImpl.java:isApplied(316)) - leader is ready since appliedIndex == 0 >= startIndex == 0
2023-12-21 09:24:47,286 [timer6] ERROR impl.OrderedAsync (OrderedAsync.java:lambda$sendRequest$9(247)) - client-494C77217CE9: Failed* RaftClientRequest:client-494C77217CE9->b2354cd0-7648-4a6f-abf9-b9cf43c56f40@group-F3A27B024772, cid=55, seq=1*, Watch(0), null
java.util.concurrent.CompletionException: org.apache.ratis.protocol.exceptions.AlreadyClosedException: client-494C77217CE9->b2354cd0-7648-4a6f-abf9-b9cf43c56f40 is closed.
	at java.util.concurrent.CompletableFuture.encodeThrowable(CompletableFuture.java:292)
	at java.util.concurrent.CompletableFuture.completeThrowable(CompletableFuture.java:308)
	at java.util.concurrent.CompletableFuture.uniApply(CompletableFuture.java:607)
	at java.util.concurrent.CompletableFuture.uniApplyStage(CompletableFuture.java:628)
	at java.util.concurrent.CompletableFuture.thenApply(CompletableFuture.java:1996)
	at org.apache.ratis.client.impl.OrderedAsync.sendRequest(OrderedAsync.java:239)
	at org.apache.ratis.client.impl.OrderedAsync.sendRequestWithRetry(OrderedAsync.java:203)
	at org.apache.ratis.util.SlidingWindow$Client.sendOrDelayRequest(SlidingWindow.java:312)
	at org.apache.ratis.util.SlidingWindow$Client.retry(SlidingWindow.java:328)
	at org.apache.ratis.client.impl.OrderedAsync.lambda$scheduleWithTimeout$6(OrderedAsync.java:227)
	at org.apache.ratis.util.TimeoutTimer.lambda$onTimeout$2(TimeoutTimer.java:101)
	at org.apache.ratis.util.LogUtils.runAndLog(LogUtils.java:38)
	at org.apache.ratis.util.LogUtils$1.run(LogUtils.java:78)
	at org.apache.ratis.util.TimeoutTimer$Task.run(TimeoutTimer.java:55)
	at java.util.TimerThread.mainLoop(Timer.java:555)
	at java.util.TimerThread.run(Timer.java:505)
Caused by: org.apache.ratis.protocol.exceptions.AlreadyClosedException: client-494C77217CE9->b2354cd0-7648-4a6f-abf9-b9cf43c56f40 is closed.
	at org.apache.ratis.grpc.client.GrpcClientProtocolClient$AsyncStreamObservers.onNext(GrpcClientProtocolClient.java:349)
	at org.apache.ratis.grpc.client.GrpcClientRpc.sendRequestAsync(GrpcClientRpc.java:71)
	... 11 more
2023-12-21 09:24:51,403 [grpc-default-executor-4] ERROR impl.OrderedAsync (OrderedAsync.java:lambda$sendRequest$9(247)) - client-494C77217CE9: Failed* RaftClientRequest:client-494C77217CE9->32aac600-864d-469c-bbc4-bdc2d2a366d8@group-F3A27B024772, cid=55, seq=1*, Watch(0), null
java.util.concurrent.CompletionException: org.apache.ratis.protocol.exceptions.NotLeaderException: Server 32aac600-864d-469c-bbc4-bdc2d2a366d8@group-F3A27B024772 is not the leader b2354cd0-7648-4a6f-abf9-b9cf43c56f40|10.1.0.5:15255
	at java.util.concurrent.CompletableFuture.encodeThrowable(CompletableFuture.java:292)
	at java.util.concurrent.CompletableFuture.completeThrowable(CompletableFuture.java:308)
	at java.util.concurrent.CompletableFuture.uniApply(CompletableFuture.java:607)
	at java.util.concurrent.CompletableFuture$UniApply.tryFire(CompletableFuture.java:591)
	at java.util.concurrent.CompletableFuture.postComplete(CompletableFuture.java:488)
	at java.util.concurrent.CompletableFuture.completeExceptionally(CompletableFuture.java:1990)
	at org.apache.ratis.grpc.client.GrpcClientProtocolClient$AsyncStreamObservers.completeReplyExceptionally(GrpcClientProtocolClient.java:394)
	at org.apache.ratis.grpc.client.GrpcClientProtocolClient$AsyncStreamObservers.access$000(GrpcClientProtocolClient.java:300)
	at org.apache.ratis.grpc.client.GrpcClientProtocolClient$AsyncStreamObservers$1.onNext(GrpcClientProtocolClient.java:314)
	at org.apache.ratis.grpc.client.GrpcClientProtocolClient$AsyncStreamObservers$1.onNext(GrpcClientProtocolClient.java:305)
	at org.apache.ratis.thirdparty.io.grpc.stub.ClientCalls$StreamObserverToCallListenerAdapter.onMessage(ClientCalls.java:468)
	at org.apache.ratis.thirdparty.io.grpc.ForwardingClientCallListener.onMessage(ForwardingClientCallListener.java:33)
	at org.apache.ratis.thirdparty.io.grpc.internal.ClientCallImpl$ClientStreamListenerImpl$1MessagesAvailable.runInternal(ClientCallImpl.java:660)
	at org.apache.ratis.thirdparty.io.grpc.internal.ClientCallImpl$ClientStreamListenerImpl$1MessagesAvailable.runInContext(ClientCallImpl.java:647)
	at org.apache.ratis.thirdparty.io.grpc.internal.ContextRunnable.run(ContextRunnable.java:37)
	at org.apache.ratis.thirdparty.io.grpc.internal.SerializingExecutor.run(SerializingExecutor.java:133)
	at java.util.concurrent.ThreadPoolExecutor.runWorker(ThreadPoolExecutor.java:1149)
	at java.util.concurrent.ThreadPoolExecutor$Worker.run(ThreadPoolExecutor.java:624)
	at java.lang.Thread.run(Thread.java:750)
Caused by: org.apache.ratis.protocol.exceptions.NotLeaderException: Server 32aac600-864d-469c-bbc4-bdc2d2a366d8@group-F3A27B024772 is not the leader b2354cd0-7648-4a6f-abf9-b9cf43c56f40|10.1.0.5:15255
	at org.apache.ratis.client.impl.ClientProtoUtils.toRaftClientReply(ClientProtoUtils.java:397)
	at org.apache.ratis.grpc.client.GrpcClientProtocolClient$AsyncStreamObservers$1.onNext(GrpcClientProtocolClient.java:310)
	... 10 more
2023-12-21 09:24:51,404 [grpc-default-executor-4] ERROR impl.OrderedAsync (OrderedAsync.java:lambda$send$4(179)) - Failed to send request, message=null
java.util.concurrent.CompletionException: org.apache.ratis.protocol.exceptions.RaftRetryFailureException: Failed RaftClientRequest:client-494C77217CE9->32aac600-864d-469c-bbc4-bdc2d2a366d8@group-F3A27B024772, cid=55, seq=1*, Watch(0), null for 3 attempts with RequestTypeDependentRetryPolicy{WRITE->ExceptionDependentRetry(maxAttempts=2147483647; defaultPolicy=MultipleLinearRandomRetry[5x5s, 5x10s, 5x15s, 5x20s, 5x25s, 10x60s]; map={org.apache.ratis.protocol.exceptions.GroupMismatchException->NoRetry, org.apache.ratis.protocol.exceptions.NotReplicatedException->NoRetry, org.apache.ratis.protocol.exceptions.ResourceUnavailableException->org.apache.ratis.retry.ExponentialBackoffRetry@8b18b44, org.apache.ratis.protocol.exceptions.StateMachineException->NoRetry, org.apache.ratis.protocol.exceptions.TimeoutIOException->org.apache.ratis.retry.ExponentialBackoffRetry@8b18b44}), WATCH->ExceptionDependentRetry(maxAttempts=2147483647; defaultPolicy=MultipleLinearRandomRetry[5x5s, 5x10s, 5x15s, 5x20s, 5x25s, 10x60s]; map={org.apache.ratis.protocol.exceptions.GroupMismatchException->NoRetry, org.apache.ratis.protocol.exceptions.NotReplicatedException->NoRetry, org.apache.ratis.protocol.exceptions.ResourceUnavailableException->org.apache.ratis.retry.ExponentialBackoffRetry@8b18b44, org.apache.ratis.protocol.exceptions.StateMachineException->NoRetry, org.apache.ratis.protocol.exceptions.TimeoutIOException->NoRetry})}
	at java.util.concurrent.CompletableFuture.encodeThrowable(CompletableFuture.java:292)
	at java.util.concurrent.CompletableFuture.completeThrowable(CompletableFuture.java:308)
	at java.util.concurrent.CompletableFuture.uniApply(CompletableFuture.java:607)
	at java.util.concurrent.CompletableFuture$UniApply.tryFire(CompletableFuture.java:591)
	at java.util.concurrent.CompletableFuture.postComplete(CompletableFuture.java:488)
	at java.util.concurrent.CompletableFuture.completeExceptionally(CompletableFuture.java:1990)
	at org.apache.ratis.client.impl.OrderedAsync$PendingOrderedRequest.fail(OrderedAsync.java:105)
	at org.apache.ratis.util.SlidingWindow$Client.fail(SlidingWindow.java:392)
	at org.apache.ratis.client.impl.OrderedAsync.failAllAsyncRequests(OrderedAsync.java:149)
	at org.apache.ratis.client.impl.OrderedAsync.handleAsyncRetryFailure(OrderedAsync.java:153)
	at org.apache.ratis.client.impl.OrderedAsync.lambda$sendRequest$9(OrderedAsync.java:253)
	at java.util.concurrent.CompletableFuture.uniExceptionally(CompletableFuture.java:884)
	at java.util.concurrent.CompletableFuture$UniExceptionally.tryFire(CompletableFuture.java:866)
	at java.util.concurrent.CompletableFuture.postComplete(CompletableFuture.java:488)
	at java.util.concurrent.CompletableFuture.completeExceptionally(CompletableFuture.java:1990)
	at org.apache.ratis.grpc.client.GrpcClientProtocolClient$AsyncStreamObservers.completeReplyExceptionally(GrpcClientProtocolClient.java:394)
	at org.apache.ratis.grpc.client.GrpcClientProtocolClient$AsyncStreamObservers.access$000(GrpcClientProtocolClient.java:300)
	at org.apache.ratis.grpc.client.GrpcClientProtocolClient$AsyncStreamObservers$1.onNext(GrpcClientProtocolClient.java:314)
	at org.apache.ratis.grpc.client.GrpcClientProtocolClient$AsyncStreamObservers$1.onNext(GrpcClientProtocolClient.java:305)
	at org.apache.ratis.thirdparty.io.grpc.stub.ClientCalls$StreamObserverToCallListenerAdapter.onMessage(ClientCalls.java:468)
	at org.apache.ratis.thirdparty.io.grpc.ForwardingClientCallListener.onMessage(ForwardingClientCallListener.java:33)
	at org.apache.ratis.thirdparty.io.grpc.internal.ClientCallImpl$ClientStreamListenerImpl$1MessagesAvailable.runInternal(ClientCallImpl.java:660)
	at org.apache.ratis.thirdparty.io.grpc.internal.ClientCallImpl$ClientStreamListenerImpl$1MessagesAvailable.runInContext(ClientCallImpl.java:647)
	at org.apache.ratis.thirdparty.io.grpc.internal.ContextRunnable.run(ContextRunnable.java:37)
	at org.apache.ratis.thirdparty.io.grpc.internal.SerializingExecutor.run(SerializingExecutor.java:133)
	at java.util.concurrent.ThreadPoolExecutor.runWorker(ThreadPoolExecutor.java:1149)
	at java.util.concurrent.ThreadPoolExecutor$Worker.run(ThreadPoolExecutor.java:624)
	at java.lang.Thread.run(Thread.java:750)
Caused by: org.apache.ratis.protocol.exceptions.RaftRetryFailureException: Failed RaftClientRequest:client-494C77217CE9->32aac600-864d-469c-bbc4-bdc2d2a366d8@group-F3A27B024772, cid=55, seq=1*, Watch(0), null for 3 attempts with RequestTypeDependentRetryPolicy{WRITE->ExceptionDependentRetry(maxAttempts=2147483647; defaultPolicy=MultipleLinearRandomRetry[5x5s, 5x10s, 5x15s, 5x20s, 5x25s, 10x60s]; map={org.apache.ratis.protocol.exceptions.GroupMismatchException->NoRetry, org.apache.ratis.protocol.exceptions.NotReplicatedException->NoRetry, org.apache.ratis.protocol.exceptions.ResourceUnavailableException->org.apache.ratis.retry.ExponentialBackoffRetry@8b18b44, org.apache.ratis.protocol.exceptions.StateMachineException->NoRetry, org.apache.ratis.protocol.exceptions.TimeoutIOException->org.apache.ratis.retry.ExponentialBackoffRetry@8b18b44}), WATCH->ExceptionDependentRetry(maxAttempts=2147483647; defaultPolicy=MultipleLinearRandomRetry[5x5s, 5x10s, 5x15s, 5x20s, 5x25s, 10x60s]; map={org.apache.ratis.protocol.exceptions.GroupMismatchException->NoRetry, org.apache.ratis.protocol.exceptions.NotReplicatedException->NoRetry, org.apache.ratis.protocol.exceptions.ResourceUnavailableException->org.apache.ratis.retry.ExponentialBackoffRetry@8b18b44, org.apache.ratis.protocol.exceptions.StateMachineException->NoRetry, org.apache.ratis.protocol.exceptions.TimeoutIOException->NoRetry})}
	at org.apache.ratis.client.impl.RaftClientImpl.noMoreRetries(RaftClientImpl.java:353)
	... 19 more
Caused by: org.apache.ratis.protocol.exceptions.NotLeaderException: Server 32aac600-864d-469c-bbc4-bdc2d2a366d8@group-F3A27B024772 is not the leader b2354cd0-7648-4a6f-abf9-b9cf43c56f40|10.1.0.5:15255
	at org.apache.ratis.client.impl.ClientProtoUtils.toRaftClientReply(ClientProtoUtils.java:397)
	at org.apache.ratis.grpc.client.GrpcClientProtocolClient$AsyncStreamObservers$1.onNext(GrpcClientProtocolClient.java:310)
	... 10 more
2023-12-21 09:24:51,405 [grpc-default-executor-4] ERROR impl.OrderedAsync (OrderedAsync.java:lambda$send$4(177)) - Failed to send request, message=cmdType: CreateContainer
traceID: ""
containerID: 1
datanodeUuid: "b2354cd0-7648-4a6f-abf9-b9cf43c56f40"
createContainer {
}
, data.size=0 due to java.util.concurrent.CompletionException: org.apache.ratis.protocol.exceptions.AlreadyClosedException: SlidingWindow$Client:client-494C77217CE9->RAFT is closed.
2023-12-21 09:24:51,408 [main] INFO  ozone.MiniOzoneClusterImpl (MiniOzoneClusterImpl.java:shutdown(450)) - Shutting down the Mini Ozone Cluster
2023-12-21 09:24:51,409 [main] INFO  ozone.MiniOzoneClusterImpl (MiniOzoneClusterImpl.java:stop(467)) - Stopping the Mini Ozone Cluster
2023-12-21 09:24:51,409 [main] INFO  om.OzoneManager (OzoneManager.java:stop(2203)) - om1[localhost:15182]: Stopping Ozone Manager
2023-12-21 09:24:51,409 [main] INFO  ipc.Server (Server.java:stop(3523)) - Stopping server on 15182
2023-12-21 09:24:51,412 [IPC Server listener on 15182] INFO  ipc.Server (Server.java:run(1434)) - Stopping IPC Server listener on 15182
2023-12-21 09:24:51,413 [IPC Server Responder] INFO  ipc.Server (Server.java:run(1567)) - Stopping IPC Server Responder
2023-12-21 09:24:51,414 [main] INFO  server.RaftServer (RaftServerProxy.java:lambda$close$9(416)) - om1: close
2023-12-21 09:24:51,414 [main] INFO  server.GrpcService (GrpcService.java:closeImpl(311)) - om1: shutdown server GrpcServerProtocolService now
2023-12-21 09:24:51,414 [om1-impl-thread1] INFO  server.RaftServer$Division (RaftServerImpl.java:lambda$close$3(516)) - om1@group-C5BA1605619E: shutdown
2023-12-21 09:24:51,414 [om1-impl-thread1] INFO  util.JmxRegister (JmxRegister.java:unregister(73)) - Successfully un-registered JMX Bean with object name Ratis:service=RaftServer,group=group-C5BA1605619E,id=om1
2023-12-21 09:24:51,414 [om1-impl-thread1] INFO  impl.RoleInfo (RoleInfo.java:shutdownLeaderState(94)) - om1: shutdown om1@group-C5BA1605619E-LeaderStateImpl
2023-12-21 09:24:51,414 [om1-impl-thread1] INFO  impl.PendingRequests (PendingRequests.java:sendNotLeaderResponses(289)) - om1@group-C5BA1605619E-PendingRequests: sendNotLeaderResponses
2023-12-21 09:24:51,419 [main] INFO  server.GrpcService (GrpcService.java:closeImpl(320)) - om1: shutdown server GrpcServerProtocolService successfully
2023-12-21 09:24:51,420 [om1-impl-thread1] INFO  impl.StateMachineUpdater (StateMachineUpdater.java:stopAndJoin(157)) - om1@group-C5BA1605619E-StateMachineUpdater: set stopIndex = 4
2023-12-21 09:24:51,420 [om1@group-C5BA1605619E-StateMachineUpdater] INFO  ratis.OzoneManagerStateMachine (OzoneManagerStateMachine.java:takeSnapshot(492)) - Current Snapshot Index (t:1, i:4)
2023-12-21 09:24:51,431 [om1@group-C5BA1605619E-StateMachineUpdater] INFO  impl.StateMachineUpdater (StateMachineUpdater.java:takeSnapshot(295)) - om1@group-C5BA1605619E-StateMachineUpdater: Took a snapshot at index 4
2023-12-21 09:24:51,431 [om1@group-C5BA1605619E-StateMachineUpdater] INFO  impl.StateMachineUpdater (StateMachineUpdater.java:lambda$new$0(98)) - om1@group-C5BA1605619E-StateMachineUpdater: snapshotIndex: updateIncreasingly -1 -> 4
2023-12-21 09:24:51,431 [om1@group-C5BA1605619E-StateMachineUpdater] INFO  ratis.OzoneManagerStateMachine (OzoneManagerStateMachine.java:close(546)) - StateMachine has shutdown. Shutdown OzoneManager if not already shutdown.
2023-12-21 09:24:51,432 [om1@group-C5BA1605619E-StateMachineUpdater] INFO  ratis.OzoneManagerDoubleBuffer (OzoneManagerDoubleBuffer.java:stopDaemon(575)) - Stopping OMDoubleBuffer flush thread
2023-12-21 09:24:51,432 [om1-OMDoubleBufferFlushThread] INFO  ratis.OzoneManagerDoubleBuffer (OzoneManagerDoubleBuffer.java:canFlush(662)) - OMDoubleBuffer flush thread om1-OMDoubleBufferFlushThread is interrupted and will exit.
2023-12-21 09:24:51,432 [om1-impl-thread1] INFO  server.RaftServer$Division (ServerState.java:close(423)) - om1@group-C5BA1605619E: applyIndex: 4
2023-12-21 09:24:51,433 [om1@group-C5BA1605619E-cacheEviction-AwaitToRun] INFO  util.AwaitToRun (AwaitToRun.java:run(49)) - om1@group-C5BA1605619E-cacheEviction-AwaitToRun-AwaitForSignal is interrupted
2023-12-21 09:24:52,108 [om1-impl-thread1] INFO  segmented.SegmentedRaftLogWorker (SegmentedRaftLogWorker.java:close(243)) - om1@group-C5BA1605619E-SegmentedRaftLogWorker close()
2023-12-21 09:24:52,108 [JvmPauseMonitor23] INFO  util.JvmPauseMonitor (JvmPauseMonitor.java:run(152)) - JvmPauseMonitor-om1: Stopped
2023-12-21 09:24:52,109 [main] INFO  ratis.OzoneManagerStateMachine (OzoneManagerStateMachine.java:close(546)) - StateMachine has shutdown. Shutdown OzoneManager if not already shutdown.
2023-12-21 09:24:52,109 [main] INFO  ratis.OzoneManagerDoubleBuffer (OzoneManagerDoubleBuffer.java:stopDaemon(584)) - OMDoubleBuffer flush thread is not running.
2023-12-21 09:24:52,109 [main] INFO  utils.BackgroundService (BackgroundService.java:shutdown(160)) - Shutting down service KeyDeletingService
2023-12-21 09:24:52,110 [main] INFO  utils.BackgroundService (BackgroundService.java:shutdown(160)) - Shutting down service DirectoryDeletingService
2023-12-21 09:24:52,110 [main] INFO  utils.BackgroundService (BackgroundService.java:shutdown(160)) - Shutting down service OpenKeyCleanupService
2023-12-21 09:24:52,110 [main] INFO  utils.BackgroundService (BackgroundService.java:shutdown(160)) - Shutting down service SstFilteringService
2023-12-21 09:24:52,110 [main] INFO  utils.BackgroundService (BackgroundService.java:shutdown(160)) - Shutting down service SnapshotDeletingService
2023-12-21 09:24:52,110 [main] INFO  utils.BackgroundService (BackgroundService.java:shutdown(160)) - Shutting down service MultipartUploadCleanupService
2023-12-21 09:24:52,111 [main] INFO  handler.ContextHandler (ContextHandler.java:doStop(1159)) - Stopped o.e.j.w.WebAppContext@2eb6ac72{ozoneManager,/,null,STOPPED}{file:/home/runner/work/ozone/ozone/hadoop-ozone/integration-test/target/test-classes/webapps/ozoneManager}
2023-12-21 09:24:52,111 [main] INFO  server.AbstractConnector (AbstractConnector.java:doStop(383)) - Stopped ServerConnector@46efc077{HTTP/1.1, (http/1.1)}{0.0.0.0:15183}
2023-12-21 09:24:52,112 [main] INFO  server.session (HouseKeeper.java:stopScavenging(149)) - node0 Stopped scavenging
2023-12-21 09:24:52,112 [main] INFO  handler.ContextHandler (ContextHandler.java:doStop(1159)) - Stopped o.e.j.s.ServletContextHandler@49320933{static,/static,file:///home/runner/work/ozone/ozone/hadoop-ozone/integration-test/target/test-classes/webapps/static,STOPPED}
2023-12-21 09:24:52,112 [main] INFO  handler.ContextHandler (ContextHandler.java:doStop(1159)) - Stopped o.e.j.s.ServletContextHandler@4162a6df{logs,/logs,file:///home/runner/work/ozone/ozone/hadoop-ozone/integration-test/target/log,STOPPED}
2023-12-21 09:24:52,113 [main] INFO  rocksdiff.RocksDBCheckpointDiffer (RocksDBCheckpointDiffer.java:close(310)) - Shutting down CompactionDagPruningService.
2023-12-21 09:24:52,114 [main] INFO  snapshot.SnapshotDiffManager (SnapshotDiffManager.java:closeExecutorService(1688)) - Shutting down executorService: 'SnapDiffExecutor'
2023-12-21 09:24:52,114 [main] INFO  snapshot.SnapshotDiffManager (SnapshotDiffManager.java:closeExecutorService(1688)) - Shutting down executorService: 'SstDumpToolExecutor'
2023-12-21 09:24:52,114 [main] INFO  utils.BackgroundService (BackgroundService.java:shutdown(160)) - Shutting down service SnapshotDiffCleanupService
2023-12-21 09:24:52,115 [main] INFO  ozone.MiniOzoneClusterImpl (MiniOzoneClusterImpl.java:stopDatanodes(537)) - Stopping the HddsDatanodes
2023-12-21 09:24:52,117 [main] INFO  ozoneimpl.OzoneContainer (OzoneContainer.java:stop(463)) - Attempting to stop container services.
2023-12-21 09:24:52,117 [main] INFO  server.RaftServer (RaftServerProxy.java:lambda$close$9(416)) - 317bf553-3d1a-400b-8f1e-6110842f6590: close
2023-12-21 09:24:52,117 [317bf553-3d1a-400b-8f1e-6110842f6590-impl-thread1] INFO  server.RaftServer$Division (RaftServerImpl.java:lambda$close$3(516)) - 317bf553-3d1a-400b-8f1e-6110842f6590@group-EE672A5843D9: shutdown
2023-12-21 09:24:52,117 [317bf553-3d1a-400b-8f1e-6110842f6590-impl-thread1] INFO  util.JmxRegister (JmxRegister.java:unregister(73)) - Successfully un-registered JMX Bean with object name Ratis:service=RaftServer,group=group-EE672A5843D9,id=317bf553-3d1a-400b-8f1e-6110842f6590
2023-12-21 09:24:52,117 [317bf553-3d1a-400b-8f1e-6110842f6590-impl-thread1] INFO  impl.RoleInfo (RoleInfo.java:shutdownLeaderState(94)) - 317bf553-3d1a-400b-8f1e-6110842f6590: shutdown 317bf553-3d1a-400b-8f1e-6110842f6590@group-EE672A5843D9-LeaderStateImpl
2023-12-21 09:24:52,118 [317bf553-3d1a-400b-8f1e-6110842f6590-impl-thread1] INFO  impl.PendingRequests (PendingRequests.java:sendNotLeaderResponses(289)) - 317bf553-3d1a-400b-8f1e-6110842f6590@group-EE672A5843D9-PendingRequests: sendNotLeaderResponses
2023-12-21 09:24:52,118 [317bf553-3d1a-400b-8f1e-6110842f6590-impl-thread1] INFO  impl.StateMachineUpdater (StateMachineUpdater.java:stopAndJoin(157)) - 317bf553-3d1a-400b-8f1e-6110842f6590@group-EE672A5843D9-StateMachineUpdater: set stopIndex = 0
2023-12-21 09:24:52,118 [317bf553-3d1a-400b-8f1e-6110842f6590@group-EE672A5843D9-StateMachineUpdater] INFO  ratis.ContainerStateMachine (ContainerStateMachine.java:takeSnapshot(355)) - group-EE672A5843D9: Taking a snapshot at:(t:1, i:0) file /home/runner/work/ozone/ozone/hadoop-ozone/integration-test/target/test-dir/MiniOzoneClusterImpl-e4d55aeb-da58-408a-87dd-e45f7ef8a31a/datanode-5/data/ratis/9e1e10fe-2334-4178-8e68-ee672a5843d9/sm/snapshot.1_0
2023-12-21 09:24:52,118 [main] INFO  server.GrpcService (GrpcService.java:closeImpl(311)) - 317bf553-3d1a-400b-8f1e-6110842f6590: shutdown server org.apache.ratis.grpc.server.GrpcClientProtocolService now
2023-12-21 09:24:52,118 [317bf553-3d1a-400b-8f1e-6110842f6590-impl-thread2] INFO  server.RaftServer$Division (RaftServerImpl.java:lambda$close$3(516)) - 317bf553-3d1a-400b-8f1e-6110842f6590@group-1F7EAD23F4F8: shutdown
2023-12-21 09:24:52,118 [317bf553-3d1a-400b-8f1e-6110842f6590-impl-thread2] INFO  util.JmxRegister (JmxRegister.java:unregister(73)) - Successfully un-registered JMX Bean with object name Ratis:service=RaftServer,group=group-1F7EAD23F4F8,id=317bf553-3d1a-400b-8f1e-6110842f6590
2023-12-21 09:24:52,118 [317bf553-3d1a-400b-8f1e-6110842f6590-impl-thread2] INFO  impl.RoleInfo (RoleInfo.java:shutdownFollowerState(110)) - 317bf553-3d1a-400b-8f1e-6110842f6590: shutdown 317bf553-3d1a-400b-8f1e-6110842f6590@group-1F7EAD23F4F8-FollowerState
2023-12-21 09:24:52,118 [317bf553-3d1a-400b-8f1e-6110842f6590@group-1F7EAD23F4F8-FollowerState] INFO  impl.FollowerState (FollowerState.java:run(152)) - 317bf553-3d1a-400b-8f1e-6110842f6590@group-1F7EAD23F4F8-FollowerState was interrupted
2023-12-21 09:24:52,119 [317bf553-3d1a-400b-8f1e-6110842f6590-impl-thread2] INFO  impl.StateMachineUpdater (StateMachineUpdater.java:stopAndJoin(157)) - 317bf553-3d1a-400b-8f1e-6110842f6590@group-1F7EAD23F4F8-StateMachineUpdater: set stopIndex = 0
2023-12-21 09:24:52,119 [317bf553-3d1a-400b-8f1e-6110842f6590@group-1F7EAD23F4F8-StateMachineUpdater] INFO  ratis.ContainerStateMachine (ContainerStateMachine.java:takeSnapshot(355)) - group-1F7EAD23F4F8: Taking a snapshot at:(t:1, i:0) file /home/runner/work/ozone/ozone/hadoop-ozone/integration-test/target/test-dir/MiniOzoneClusterImpl-e4d55aeb-da58-408a-87dd-e45f7ef8a31a/datanode-5/data/ratis/0a5ad6f6-c95c-4872-a7cf-1f7ead23f4f8/sm/snapshot.1_0
2023-12-21 09:24:52,119 [317bf553-3d1a-400b-8f1e-6110842f6590@group-EE672A5843D9-StateMachineUpdater] INFO  ratis.ContainerStateMachine (ContainerStateMachine.java:takeSnapshot(366)) - group-EE672A5843D9: Finished taking a snapshot at:(t:1, i:0) file:/home/runner/work/ozone/ozone/hadoop-ozone/integration-test/target/test-dir/MiniOzoneClusterImpl-e4d55aeb-da58-408a-87dd-e45f7ef8a31a/datanode-5/data/ratis/9e1e10fe-2334-4178-8e68-ee672a5843d9/sm/snapshot.1_0 took: 1 ms
2023-12-21 09:24:52,119 [317bf553-3d1a-400b-8f1e-6110842f6590@group-1F7EAD23F4F8-StateMachineUpdater] INFO  ratis.ContainerStateMachine (ContainerStateMachine.java:takeSnapshot(366)) - group-1F7EAD23F4F8: Finished taking a snapshot at:(t:1, i:0) file:/home/runner/work/ozone/ozone/hadoop-ozone/integration-test/target/test-dir/MiniOzoneClusterImpl-e4d55aeb-da58-408a-87dd-e45f7ef8a31a/datanode-5/data/ratis/0a5ad6f6-c95c-4872-a7cf-1f7ead23f4f8/sm/snapshot.1_0 took: 0 ms
2023-12-21 09:24:52,119 [317bf553-3d1a-400b-8f1e-6110842f6590@group-1F7EAD23F4F8-StateMachineUpdater] INFO  impl.StateMachineUpdater (StateMachineUpdater.java:takeSnapshot(295)) - 317bf553-3d1a-400b-8f1e-6110842f6590@group-1F7EAD23F4F8-StateMachineUpdater: Took a snapshot at index 0
2023-12-21 09:24:52,119 [317bf553-3d1a-400b-8f1e-6110842f6590@group-1F7EAD23F4F8-StateMachineUpdater] INFO  impl.StateMachineUpdater (StateMachineUpdater.java:lambda$new$0(98)) - 317bf553-3d1a-400b-8f1e-6110842f6590@group-1F7EAD23F4F8-StateMachineUpdater: snapshotIndex: updateIncreasingly -1 -> 0
2023-12-21 09:24:52,119 [317bf553-3d1a-400b-8f1e-6110842f6590-impl-thread2] INFO  server.RaftServer$Division (ServerState.java:close(423)) - 317bf553-3d1a-400b-8f1e-6110842f6590@group-1F7EAD23F4F8: applyIndex: 0
2023-12-21 09:24:52,120 [317bf553-3d1a-400b-8f1e-6110842f6590@group-EE672A5843D9-StateMachineUpdater] INFO  impl.StateMachineUpdater (StateMachineUpdater.java:takeSnapshot(295)) - 317bf553-3d1a-400b-8f1e-6110842f6590@group-EE672A5843D9-StateMachineUpdater: Took a snapshot at index 0
2023-12-21 09:24:52,120 [317bf553-3d1a-400b-8f1e-6110842f6590@group-EE672A5843D9-StateMachineUpdater] INFO  impl.StateMachineUpdater (StateMachineUpdater.java:lambda$new$0(98)) - 317bf553-3d1a-400b-8f1e-6110842f6590@group-EE672A5843D9-StateMachineUpdater: snapshotIndex: updateIncreasingly -1 -> 0
2023-12-21 09:24:52,120 [317bf553-3d1a-400b-8f1e-6110842f6590@group-1F7EAD23F4F8-cacheEviction-AwaitToRun] INFO  util.AwaitToRun (AwaitToRun.java:run(49)) - 317bf553-3d1a-400b-8f1e-6110842f6590@group-1F7EAD23F4F8-cacheEviction-AwaitToRun-AwaitForSignal is interrupted
2023-12-21 09:24:52,120 [317bf553-3d1a-400b-8f1e-6110842f6590-impl-thread1] INFO  server.RaftServer$Division (ServerState.java:close(423)) - 317bf553-3d1a-400b-8f1e-6110842f6590@group-EE672A5843D9: applyIndex: 0
2023-12-21 09:24:52,121 [317bf553-3d1a-400b-8f1e-6110842f6590@group-EE672A5843D9-cacheEviction-AwaitToRun] INFO  util.AwaitToRun (AwaitToRun.java:run(49)) - 317bf553-3d1a-400b-8f1e-6110842f6590@group-EE672A5843D9-cacheEviction-AwaitToRun-AwaitForSignal is interrupted
2023-12-21 09:24:52,121 [main] INFO  server.GrpcService (GrpcService.java:closeImpl(320)) - 317bf553-3d1a-400b-8f1e-6110842f6590: shutdown server org.apache.ratis.grpc.server.GrpcClientProtocolService successfully
2023-12-21 09:24:52,121 [main] INFO  server.GrpcService (GrpcService.java:closeImpl(311)) - 317bf553-3d1a-400b-8f1e-6110842f6590: shutdown server GrpcServerProtocolService now
2023-12-21 09:24:52,122 [ForkJoinPool.commonPool-worker-7] INFO  ozoneimpl.OzoneContainer (OzoneContainer.java:stop(463)) - Attempting to stop container services.
2023-12-21 09:24:52,122 [ForkJoinPool.commonPool-worker-7] INFO  server.RaftServer (RaftServerProxy.java:lambda$close$9(416)) - 981caf93-6f40-449f-9dad-f58530f26ff1: close
2023-12-21 09:24:52,122 [981caf93-6f40-449f-9dad-f58530f26ff1-impl-thread1] INFO  server.RaftServer$Division (RaftServerImpl.java:lambda$close$3(516)) - 981caf93-6f40-449f-9dad-f58530f26ff1@group-810570C96F35: shutdown
2023-12-21 09:24:52,123 [981caf93-6f40-449f-9dad-f58530f26ff1-impl-thread1] INFO  util.JmxRegister (JmxRegister.java:unregister(73)) - Successfully un-registered JMX Bean with object name Ratis:service=RaftServer,group=group-810570C96F35,id=981caf93-6f40-449f-9dad-f58530f26ff1
2023-12-21 09:24:52,123 [981caf93-6f40-449f-9dad-f58530f26ff1-impl-thread1] INFO  impl.RoleInfo (RoleInfo.java:shutdownLeaderState(94)) - 981caf93-6f40-449f-9dad-f58530f26ff1: shutdown 981caf93-6f40-449f-9dad-f58530f26ff1@group-810570C96F35-LeaderStateImpl
2023-12-21 09:24:52,123 [981caf93-6f40-449f-9dad-f58530f26ff1-impl-thread1] INFO  impl.PendingRequests (PendingRequests.java:sendNotLeaderResponses(289)) - 981caf93-6f40-449f-9dad-f58530f26ff1@group-810570C96F35-PendingRequests: sendNotLeaderResponses
2023-12-21 09:24:52,123 [981caf93-6f40-449f-9dad-f58530f26ff1-impl-thread1] INFO  impl.StateMachineUpdater (StateMachineUpdater.java:stopAndJoin(157)) - 981caf93-6f40-449f-9dad-f58530f26ff1@group-810570C96F35-StateMachineUpdater: set stopIndex = 0
2023-12-21 09:24:52,123 [981caf93-6f40-449f-9dad-f58530f26ff1@group-810570C96F35-StateMachineUpdater] INFO  ratis.ContainerStateMachine (ContainerStateMachine.java:takeSnapshot(355)) - group-810570C96F35: Taking a snapshot at:(t:1, i:0) file /home/runner/work/ozone/ozone/hadoop-ozone/integration-test/target/test-dir/MiniOzoneClusterImpl-e4d55aeb-da58-408a-87dd-e45f7ef8a31a/datanode-2/data/ratis/a213fd0f-d1e5-4dfe-92dc-810570c96f35/sm/snapshot.1_0
2023-12-21 09:24:52,123 [ForkJoinPool.commonPool-worker-7] INFO  server.GrpcService (GrpcService.java:closeImpl(311)) - 981caf93-6f40-449f-9dad-f58530f26ff1: shutdown server org.apache.ratis.grpc.server.GrpcClientProtocolService now
2023-12-21 09:24:52,123 [main] INFO  server.GrpcService (GrpcService.java:closeImpl(320)) - 317bf553-3d1a-400b-8f1e-6110842f6590: shutdown server GrpcServerProtocolService successfully
2023-12-21 09:24:52,123 [981caf93-6f40-449f-9dad-f58530f26ff1-impl-thread2] INFO  server.RaftServer$Division (RaftServerImpl.java:lambda$close$3(516)) - 981caf93-6f40-449f-9dad-f58530f26ff1@group-9735F55147B9: shutdown
2023-12-21 09:24:52,124 [981caf93-6f40-449f-9dad-f58530f26ff1@group-810570C96F35-StateMachineUpdater] INFO  ratis.ContainerStateMachine (ContainerStateMachine.java:takeSnapshot(366)) - group-810570C96F35: Finished taking a snapshot at:(t:1, i:0) file:/home/runner/work/ozone/ozone/hadoop-ozone/integration-test/target/test-dir/MiniOzoneClusterImpl-e4d55aeb-da58-408a-87dd-e45f7ef8a31a/datanode-2/data/ratis/a213fd0f-d1e5-4dfe-92dc-810570c96f35/sm/snapshot.1_0 took: 1 ms
2023-12-21 09:24:52,124 [grpc-default-executor-2] WARN  server.GrpcServerProtocolService (LogUtils.java:warn(121)) - 317bf553-3d1a-400b-8f1e-6110842f6590: APPEND_ENTRIES onError, lastRequest: null: org.apache.ratis.thirdparty.io.grpc.StatusRuntimeException: CANCELLED: client cancelled
2023-12-21 09:24:52,124 [981caf93-6f40-449f-9dad-f58530f26ff1@group-810570C96F35-StateMachineUpdater] INFO  impl.StateMachineUpdater (StateMachineUpdater.java:takeSnapshot(295)) - 981caf93-6f40-449f-9dad-f58530f26ff1@group-810570C96F35-StateMachineUpdater: Took a snapshot at index 0
2023-12-21 09:24:52,124 [981caf93-6f40-449f-9dad-f58530f26ff1@group-810570C96F35-StateMachineUpdater] INFO  impl.StateMachineUpdater (StateMachineUpdater.java:lambda$new$0(98)) - 981caf93-6f40-449f-9dad-f58530f26ff1@group-810570C96F35-StateMachineUpdater: snapshotIndex: updateIncreasingly -1 -> 0
2023-12-21 09:24:52,124 [main] INFO  server.GrpcService (GrpcService.java:closeImpl(311)) - 317bf553-3d1a-400b-8f1e-6110842f6590: shutdown server org.apache.ratis.grpc.server.GrpcAdminProtocolService now
2023-12-21 09:24:52,124 [grpc-default-executor-0] WARN  server.GrpcServerProtocolService (LogUtils.java:warn(121)) - 317bf553-3d1a-400b-8f1e-6110842f6590: APPEND_ENTRIES onError, lastRequest: 4150f76c-1cd9-4d5b-96cd-8dd0a9a12dd3->317bf553-3d1a-400b-8f1e-6110842f6590#1-t1,previous=(t:0, i:0),leaderCommit=-1,initializing? true,entries: size=1, first=(t:1, i:0), CONFIGURATIONENTRY(current:id: "560c1385-c518-4739-80f6-d98c5390378b"
address: "10.1.0.5:15219"
dataStreamAddress: "10.1.0.5:15220"
clientAddress: "10.1.0.5:15217"
adminAddress: "10.1.0.5:15218"
startupRole: FOLLOWER
,id: "4150f76c-1cd9-4d5b-96cd-8dd0a9a12dd3"
address: "10.1.0.5:15228"
priority: 1
dataStreamAddress: "10.1.0.5:15229"
clientAddress: "10.1.0.5:15226"
adminAddress: "10.1.0.5:15227"
startupRole: FOLLOWER
,id: "317bf553-3d1a-400b-8f1e-6110842f6590"
address: "10.1.0.5:15237"
dataStreamAddress: "10.1.0.5:15238"
clientAddress: "10.1.0.5:15235"
adminAddress: "10.1.0.5:15236"
startupRole: FOLLOWER
, old:): org.apache.ratis.thirdparty.io.grpc.StatusRuntimeException: CANCELLED: client cancelled
2023-12-21 09:24:52,124 [grpc-default-executor-2] WARN  server.GrpcLogAppender (LogUtils.java:warn(121)) - 4150f76c-1cd9-4d5b-96cd-8dd0a9a12dd3@group-1F7EAD23F4F8->317bf553-3d1a-400b-8f1e-6110842f6590-AppendLogResponseHandler: Failed appendEntries: org.apache.ratis.thirdparty.io.grpc.StatusRuntimeException: CANCELLED: RST_STREAM closed stream. HTTP/2 error code: CANCEL
2023-12-21 09:24:52,124 [981caf93-6f40-449f-9dad-f58530f26ff1-impl-thread1] INFO  server.RaftServer$Division (ServerState.java:close(423)) - 981caf93-6f40-449f-9dad-f58530f26ff1@group-810570C96F35: applyIndex: 0
2023-12-21 09:24:52,124 [grpc-default-executor-2] WARN  server.GrpcLogAppender (GrpcLogAppender.java:resetClient(140)) - 4150f76c-1cd9-4d5b-96cd-8dd0a9a12dd3@group-1F7EAD23F4F8->317bf553-3d1a-400b-8f1e-6110842f6590-GrpcLogAppender: Follower failed and request == null,  keep nextIndex (1) unchanged and retry.
2023-12-21 09:24:52,124 [981caf93-6f40-449f-9dad-f58530f26ff1-impl-thread2] INFO  util.JmxRegister (JmxRegister.java:unregister(73)) - Successfully un-registered JMX Bean with object name Ratis:service=RaftServer,group=group-9735F55147B9,id=981caf93-6f40-449f-9dad-f58530f26ff1
2023-12-21 09:24:52,124 [981caf93-6f40-449f-9dad-f58530f26ff1-impl-thread2] INFO  impl.RoleInfo (RoleInfo.java:shutdownFollowerState(110)) - 981caf93-6f40-449f-9dad-f58530f26ff1: shutdown 981caf93-6f40-449f-9dad-f58530f26ff1@group-9735F55147B9-FollowerState
2023-12-21 09:24:52,126 [981caf93-6f40-449f-9dad-f58530f26ff1-impl-thread2] INFO  impl.StateMachineUpdater (StateMachineUpdater.java:stopAndJoin(157)) - 981caf93-6f40-449f-9dad-f58530f26ff1@group-9735F55147B9-StateMachineUpdater: set stopIndex = 0
2023-12-21 09:24:52,126 [981caf93-6f40-449f-9dad-f58530f26ff1@group-9735F55147B9-StateMachineUpdater] INFO  ratis.ContainerStateMachine (ContainerStateMachine.java:takeSnapshot(355)) - group-9735F55147B9: Taking a snapshot at:(t:1, i:0) file /home/runner/work/ozone/ozone/hadoop-ozone/integration-test/target/test-dir/MiniOzoneClusterImpl-e4d55aeb-da58-408a-87dd-e45f7ef8a31a/datanode-2/data/ratis/c128298a-abb1-4cf1-a21c-9735f55147b9/sm/snapshot.1_0
2023-12-21 09:24:52,126 [981caf93-6f40-449f-9dad-f58530f26ff1@group-810570C96F35-cacheEviction-AwaitToRun] INFO  util.AwaitToRun (AwaitToRun.java:run(49)) - 981caf93-6f40-449f-9dad-f58530f26ff1@group-810570C96F35-cacheEviction-AwaitToRun-AwaitForSignal is interrupted
2023-12-21 09:24:52,126 [981caf93-6f40-449f-9dad-f58530f26ff1@group-9735F55147B9-FollowerState] INFO  impl.FollowerState (FollowerState.java:run(152)) - 981caf93-6f40-449f-9dad-f58530f26ff1@group-9735F55147B9-FollowerState was interrupted
2023-12-21 09:24:52,126 [981caf93-6f40-449f-9dad-f58530f26ff1@group-9735F55147B9-StateMachineUpdater] INFO  ratis.ContainerStateMachine (ContainerStateMachine.java:takeSnapshot(366)) - group-9735F55147B9: Finished taking a snapshot at:(t:1, i:0) file:/home/runner/work/ozone/ozone/hadoop-ozone/integration-test/target/test-dir/MiniOzoneClusterImpl-e4d55aeb-da58-408a-87dd-e45f7ef8a31a/datanode-2/data/ratis/c128298a-abb1-4cf1-a21c-9735f55147b9/sm/snapshot.1_0 took: 0 ms
2023-12-21 09:24:52,127 [981caf93-6f40-449f-9dad-f58530f26ff1@group-9735F55147B9-StateMachineUpdater] INFO  impl.StateMachineUpdater (StateMachineUpdater.java:takeSnapshot(295)) - 981caf93-6f40-449f-9dad-f58530f26ff1@group-9735F55147B9-StateMachineUpdater: Took a snapshot at index 0
2023-12-21 09:24:52,127 [981caf93-6f40-449f-9dad-f58530f26ff1@group-9735F55147B9-StateMachineUpdater] INFO  impl.StateMachineUpdater (StateMachineUpdater.java:lambda$new$0(98)) - 981caf93-6f40-449f-9dad-f58530f26ff1@group-9735F55147B9-StateMachineUpdater: snapshotIndex: updateIncreasingly -1 -> 0
2023-12-21 09:24:52,127 [ForkJoinPool.commonPool-worker-1] INFO  ozoneimpl.OzoneContainer (OzoneContainer.java:stop(463)) - Attempting to stop container services.
2023-12-21 09:24:52,127 [981caf93-6f40-449f-9dad-f58530f26ff1-impl-thread2] INFO  server.RaftServer$Division (ServerState.java:close(423)) - 981caf93-6f40-449f-9dad-f58530f26ff1@group-9735F55147B9: applyIndex: 0
2023-12-21 09:24:52,127 [grpc-default-executor-2] WARN  server.GrpcLogAppender (LogUtils.java:warn(121)) - 4150f76c-1cd9-4d5b-96cd-8dd0a9a12dd3@group-1F7EAD23F4F8->317bf553-3d1a-400b-8f1e-6110842f6590-AppendLogResponseHandler: Failed appendEntries: org.apache.ratis.thirdparty.io.grpc.StatusRuntimeException: CANCELLED: RST_STREAM closed stream. HTTP/2 error code: CANCEL
2023-12-21 09:24:52,128 [981caf93-6f40-449f-9dad-f58530f26ff1@group-9735F55147B9-cacheEviction-AwaitToRun] INFO  util.AwaitToRun (AwaitToRun.java:run(49)) - 981caf93-6f40-449f-9dad-f58530f26ff1@group-9735F55147B9-cacheEviction-AwaitToRun-AwaitForSignal is interrupted
2023-12-21 09:24:52,128 [grpc-default-executor-2] WARN  server.GrpcLogAppender (GrpcLogAppender.java:resetClient(140)) - 4150f76c-1cd9-4d5b-96cd-8dd0a9a12dd3@group-1F7EAD23F4F8->317bf553-3d1a-400b-8f1e-6110842f6590-GrpcLogAppender: Follower failed and request == null,  keep nextIndex (1) unchanged and retry.
2023-12-21 09:24:52,128 [ForkJoinPool.commonPool-worker-1] INFO  server.RaftServer (RaftServerProxy.java:lambda$close$9(416)) - 35bb34bc-f9d7-49f2-90a3-8bcd6ca0b53b: close
2023-12-21 09:24:52,128 [ForkJoinPool.commonPool-worker-1] INFO  server.GrpcService (GrpcService.java:closeImpl(311)) - 35bb34bc-f9d7-49f2-90a3-8bcd6ca0b53b: shutdown server org.apache.ratis.grpc.server.GrpcClientProtocolService now
2023-12-21 09:24:52,128 [main] INFO  server.GrpcService (GrpcService.java:closeImpl(320)) - 317bf553-3d1a-400b-8f1e-6110842f6590: shutdown server org.apache.ratis.grpc.server.GrpcAdminProtocolService successfully
2023-12-21 09:24:52,128 [317bf553-3d1a-400b-8f1e-6110842f6590-NettyServerStreamRpc-bossGroup--thread1] INFO  logging.LoggingHandler (AbstractInternalLogger.java:log(148)) - [id: 0x75ed18bd, L:/0.0.0.0:15238] CLOSE
2023-12-21 09:24:52,128 [317bf553-3d1a-400b-8f1e-6110842f6590-NettyServerStreamRpc-bossGroup--thread1] INFO  logging.LoggingHandler (AbstractInternalLogger.java:log(148)) - [id: 0x75ed18bd, L:/0.0.0.0:15238] INACTIVE
2023-12-21 09:24:52,128 [317bf553-3d1a-400b-8f1e-6110842f6590-NettyServerStreamRpc-bossGroup--thread1] INFO  logging.LoggingHandler (AbstractInternalLogger.java:log(148)) - [id: 0x75ed18bd, L:/0.0.0.0:15238] UNREGISTERED
2023-12-21 09:24:52,129 [Thread-2610] INFO  server.GrpcServerProtocolClient (GrpcServerProtocolClient.java:close(103)) - 6ad9de2f-8cae-4626-ab4a-3c10d9751b2a Close channels
2023-12-21 09:24:52,129 [Thread-2612] INFO  server.GrpcServerProtocolClient (GrpcServerProtocolClient.java:close(103)) - 981caf93-6f40-449f-9dad-f58530f26ff1 Close channels
2023-12-21 09:24:52,128 [35bb34bc-f9d7-49f2-90a3-8bcd6ca0b53b-impl-thread1] INFO  server.RaftServer$Division (RaftServerImpl.java:lambda$close$3(516)) - 35bb34bc-f9d7-49f2-90a3-8bcd6ca0b53b@group-902FD70C1046: shutdown
2023-12-21 09:24:52,128 [35bb34bc-f9d7-49f2-90a3-8bcd6ca0b53b-impl-thread2] INFO  server.RaftServer$Division (RaftServerImpl.java:lambda$close$3(516)) - 35bb34bc-f9d7-49f2-90a3-8bcd6ca0b53b@group-9735F55147B9: shutdown
2023-12-21 09:24:52,129 [35bb34bc-f9d7-49f2-90a3-8bcd6ca0b53b-impl-thread1] INFO  util.JmxRegister (JmxRegister.java:unregister(73)) - Successfully un-registered JMX Bean with object name Ratis:service=RaftServer,group=group-902FD70C1046,id=35bb34bc-f9d7-49f2-90a3-8bcd6ca0b53b
2023-12-21 09:24:52,129 [35bb34bc-f9d7-49f2-90a3-8bcd6ca0b53b-impl-thread1] INFO  impl.RoleInfo (RoleInfo.java:shutdownLeaderState(94)) - 35bb34bc-f9d7-49f2-90a3-8bcd6ca0b53b: shutdown 35bb34bc-f9d7-49f2-90a3-8bcd6ca0b53b@group-902FD70C1046-LeaderStateImpl
2023-12-21 09:24:52,129 [35bb34bc-f9d7-49f2-90a3-8bcd6ca0b53b-impl-thread2] INFO  util.JmxRegister (JmxRegister.java:unregister(73)) - Successfully un-registered JMX Bean with object name Ratis:service=RaftServer,group=group-9735F55147B9,id=35bb34bc-f9d7-49f2-90a3-8bcd6ca0b53b
2023-12-21 09:24:52,129 [35bb34bc-f9d7-49f2-90a3-8bcd6ca0b53b-impl-thread1] INFO  impl.PendingRequests (PendingRequests.java:sendNotLeaderResponses(289)) - 35bb34bc-f9d7-49f2-90a3-8bcd6ca0b53b@group-902FD70C1046-PendingRequests: sendNotLeaderResponses
2023-12-21 09:24:52,129 [35bb34bc-f9d7-49f2-90a3-8bcd6ca0b53b-impl-thread2] INFO  impl.RoleInfo (RoleInfo.java:shutdownLeaderState(94)) - 35bb34bc-f9d7-49f2-90a3-8bcd6ca0b53b: shutdown 35bb34bc-f9d7-49f2-90a3-8bcd6ca0b53b@group-9735F55147B9-LeaderStateImpl
2023-12-21 09:24:52,130 [35bb34bc-f9d7-49f2-90a3-8bcd6ca0b53b-impl-thread2] INFO  impl.PendingRequests (PendingRequests.java:sendNotLeaderResponses(289)) - 35bb34bc-f9d7-49f2-90a3-8bcd6ca0b53b@group-9735F55147B9-PendingRequests: sendNotLeaderResponses
2023-12-21 09:24:52,130 [35bb34bc-f9d7-49f2-90a3-8bcd6ca0b53b-impl-thread1] INFO  impl.StateMachineUpdater (StateMachineUpdater.java:stopAndJoin(157)) - 35bb34bc-f9d7-49f2-90a3-8bcd6ca0b53b@group-902FD70C1046-StateMachineUpdater: set stopIndex = 0
2023-12-21 09:24:52,130 [35bb34bc-f9d7-49f2-90a3-8bcd6ca0b53b@group-902FD70C1046-StateMachineUpdater] INFO  ratis.ContainerStateMachine (ContainerStateMachine.java:takeSnapshot(355)) - group-902FD70C1046: Taking a snapshot at:(t:1, i:0) file /home/runner/work/ozone/ozone/hadoop-ozone/integration-test/target/test-dir/MiniOzoneClusterImpl-e4d55aeb-da58-408a-87dd-e45f7ef8a31a/datanode-1/data/ratis/f846d3cf-ca38-4aef-819a-902fd70c1046/sm/snapshot.1_0
2023-12-21 09:24:52,130 [35bb34bc-f9d7-49f2-90a3-8bcd6ca0b53b@group-902FD70C1046-StateMachineUpdater] INFO  ratis.ContainerStateMachine (ContainerStateMachine.java:takeSnapshot(366)) - group-902FD70C1046: Finished taking a snapshot at:(t:1, i:0) file:/home/runner/work/ozone/ozone/hadoop-ozone/integration-test/target/test-dir/MiniOzoneClusterImpl-e4d55aeb-da58-408a-87dd-e45f7ef8a31a/datanode-1/data/ratis/f846d3cf-ca38-4aef-819a-902fd70c1046/sm/snapshot.1_0 took: 0 ms
2023-12-21 09:24:52,130 [35bb34bc-f9d7-49f2-90a3-8bcd6ca0b53b@group-902FD70C1046-StateMachineUpdater] INFO  impl.StateMachineUpdater (StateMachineUpdater.java:takeSnapshot(295)) - 35bb34bc-f9d7-49f2-90a3-8bcd6ca0b53b@group-902FD70C1046-StateMachineUpdater: Took a snapshot at index 0
2023-12-21 09:24:52,130 [35bb34bc-f9d7-49f2-90a3-8bcd6ca0b53b@group-902FD70C1046-StateMachineUpdater] INFO  impl.StateMachineUpdater (StateMachineUpdater.java:lambda$new$0(98)) - 35bb34bc-f9d7-49f2-90a3-8bcd6ca0b53b@group-902FD70C1046-StateMachineUpdater: snapshotIndex: updateIncreasingly -1 -> 0
2023-12-21 09:24:52,131 [35bb34bc-f9d7-49f2-90a3-8bcd6ca0b53b-impl-thread1] INFO  server.RaftServer$Division (ServerState.java:close(423)) - 35bb34bc-f9d7-49f2-90a3-8bcd6ca0b53b@group-902FD70C1046: applyIndex: 0
2023-12-21 09:24:52,131 [35bb34bc-f9d7-49f2-90a3-8bcd6ca0b53b@group-902FD70C1046-cacheEviction-AwaitToRun] INFO  util.AwaitToRun (AwaitToRun.java:run(49)) - 35bb34bc-f9d7-49f2-90a3-8bcd6ca0b53b@group-902FD70C1046-cacheEviction-AwaitToRun-AwaitForSignal is interrupted
2023-12-21 09:24:52,132 [35bb34bc-f9d7-49f2-90a3-8bcd6ca0b53b@group-9735F55147B9->6ad9de2f-8cae-4626-ab4a-3c10d9751b2a-GrpcLogAppender-LogAppenderDaemon] WARN  server.GrpcLogAppender (GrpcLogAppender.java:mayWait(212)) - 35bb34bc-f9d7-49f2-90a3-8bcd6ca0b53b@group-9735F55147B9->6ad9de2f-8cae-4626-ab4a-3c10d9751b2a-GrpcLogAppender: Wait interrupted by java.lang.InterruptedException
2023-12-21 09:24:52,132 [35bb34bc-f9d7-49f2-90a3-8bcd6ca0b53b@group-9735F55147B9->981caf93-6f40-449f-9dad-f58530f26ff1-GrpcLogAppender-LogAppenderDaemon] WARN  server.GrpcLogAppender (GrpcLogAppender.java:mayWait(212)) - 35bb34bc-f9d7-49f2-90a3-8bcd6ca0b53b@group-9735F55147B9->981caf93-6f40-449f-9dad-f58530f26ff1-GrpcLogAppender: Wait interrupted by java.lang.InterruptedException
2023-12-21 09:24:52,132 [35bb34bc-f9d7-49f2-90a3-8bcd6ca0b53b-impl-thread2] INFO  impl.StateMachineUpdater (StateMachineUpdater.java:stopAndJoin(157)) - 35bb34bc-f9d7-49f2-90a3-8bcd6ca0b53b@group-9735F55147B9-StateMachineUpdater: set stopIndex = 0
2023-12-21 09:24:52,132 [35bb34bc-f9d7-49f2-90a3-8bcd6ca0b53b@group-9735F55147B9-StateMachineUpdater] INFO  ratis.ContainerStateMachine (ContainerStateMachine.java:takeSnapshot(355)) - group-9735F55147B9: Taking a snapshot at:(t:1, i:0) file /home/runner/work/ozone/ozone/hadoop-ozone/integration-test/target/test-dir/MiniOzoneClusterImpl-e4d55aeb-da58-408a-87dd-e45f7ef8a31a/datanode-1/data/ratis/c128298a-abb1-4cf1-a21c-9735f55147b9/sm/snapshot.1_0
2023-12-21 09:24:52,132 [35bb34bc-f9d7-49f2-90a3-8bcd6ca0b53b@group-9735F55147B9-StateMachineUpdater] INFO  ratis.ContainerStateMachine (ContainerStateMachine.java:takeSnapshot(366)) - group-9735F55147B9: Finished taking a snapshot at:(t:1, i:0) file:/home/runner/work/ozone/ozone/hadoop-ozone/integration-test/target/test-dir/MiniOzoneClusterImpl-e4d55aeb-da58-408a-87dd-e45f7ef8a31a/datanode-1/data/ratis/c128298a-abb1-4cf1-a21c-9735f55147b9/sm/snapshot.1_0 took: 0 ms
2023-12-21 09:24:52,133 [35bb34bc-f9d7-49f2-90a3-8bcd6ca0b53b@group-9735F55147B9-StateMachineUpdater] INFO  impl.StateMachineUpdater (StateMachineUpdater.java:takeSnapshot(295)) - 35bb34bc-f9d7-49f2-90a3-8bcd6ca0b53b@group-9735F55147B9-StateMachineUpdater: Took a snapshot at index 0
2023-12-21 09:24:52,133 [35bb34bc-f9d7-49f2-90a3-8bcd6ca0b53b@group-9735F55147B9-StateMachineUpdater] INFO  impl.StateMachineUpdater (StateMachineUpdater.java:lambda$new$0(98)) - 35bb34bc-f9d7-49f2-90a3-8bcd6ca0b53b@group-9735F55147B9-StateMachineUpdater: snapshotIndex: updateIncreasingly -1 -> 0
2023-12-21 09:24:52,133 [35bb34bc-f9d7-49f2-90a3-8bcd6ca0b53b-impl-thread2] INFO  server.RaftServer$Division (ServerState.java:close(423)) - 35bb34bc-f9d7-49f2-90a3-8bcd6ca0b53b@group-9735F55147B9: applyIndex: 0
2023-12-21 09:24:52,140 [35bb34bc-f9d7-49f2-90a3-8bcd6ca0b53b@group-9735F55147B9-cacheEviction-AwaitToRun] INFO  util.AwaitToRun (AwaitToRun.java:run(49)) - 35bb34bc-f9d7-49f2-90a3-8bcd6ca0b53b@group-9735F55147B9-cacheEviction-AwaitToRun-AwaitForSignal is interrupted
2023-12-21 09:24:52,140 [grpc-default-executor-0] INFO  server.GrpcServerProtocolService (GrpcServerProtocolService.java:onCompleted(157)) - 6ad9de2f-8cae-4626-ab4a-3c10d9751b2a: Completed APPEND_ENTRIES, lastRequest: null
2023-12-21 09:24:52,140 [grpc-default-executor-2] INFO  server.GrpcServerProtocolService (GrpcServerProtocolService.java:onCompleted(157)) - 6ad9de2f-8cae-4626-ab4a-3c10d9751b2a: Completed APPEND_ENTRIES, lastRequest: 35bb34bc-f9d7-49f2-90a3-8bcd6ca0b53b->6ad9de2f-8cae-4626-ab4a-3c10d9751b2a#1-t1,previous=(t:0, i:0),leaderCommit=-1,initializing? true,entries: size=1, first=(t:1, i:0), CONFIGURATIONENTRY(current:id: "6ad9de2f-8cae-4626-ab4a-3c10d9751b2a"
address: "10.1.0.5:15192"
dataStreamAddress: "10.1.0.5:15193"
clientAddress: "10.1.0.5:15190"
adminAddress: "10.1.0.5:15191"
startupRole: FOLLOWER
,id: "35bb34bc-f9d7-49f2-90a3-8bcd6ca0b53b"
address: "10.1.0.5:15201"
priority: 1
dataStreamAddress: "10.1.0.5:15202"
clientAddress: "10.1.0.5:15199"
adminAddress: "10.1.0.5:15200"
startupRole: FOLLOWER
,id: "981caf93-6f40-449f-9dad-f58530f26ff1"
address: "10.1.0.5:15210"
dataStreamAddress: "10.1.0.5:15211"
clientAddress: "10.1.0.5:15208"
adminAddress: "10.1.0.5:15209"
startupRole: FOLLOWER
, old:)
2023-12-21 09:24:52,140 [grpc-default-executor-2] INFO  server.GrpcServerProtocolService (GrpcServerProtocolService.java:lambda$onCompleted$5(159)) - 6ad9de2f-8cae-4626-ab4a-3c10d9751b2a: Completed APPEND_ENTRIES, lastReply: null
2023-12-21 09:24:52,141 [grpc-default-executor-4] INFO  server.GrpcLogAppender (GrpcLogAppender.java:onCompleted(469)) - 35bb34bc-f9d7-49f2-90a3-8bcd6ca0b53b@group-9735F55147B9->6ad9de2f-8cae-4626-ab4a-3c10d9751b2a-AppendLogResponseHandler: follower responses appendEntries COMPLETED
2023-12-21 09:24:52,141 [grpc-default-executor-0] INFO  server.GrpcServerProtocolService (GrpcServerProtocolService.java:lambda$onCompleted$5(159)) - 6ad9de2f-8cae-4626-ab4a-3c10d9751b2a: Completed APPEND_ENTRIES, lastReply: serverReply {
  requestorId: "35bb34bc-f9d7-49f2-90a3-8bcd6ca0b53b"
  replyId: "6ad9de2f-8cae-4626-ab4a-3c10d9751b2a"
  raftGroupId {
    id: "\301()\212\253\261L\361\242\034\2275\365QG\271"
  }
  callId: 8
  success: true
}
term: 1
nextIndex: 1
matchIndex: 18446744073709551615
isHearbeat: true

2023-12-21 09:24:52,141 [grpc-default-executor-4] WARN  server.GrpcLogAppender (GrpcLogAppender.java:resetClient(149)) - 35bb34bc-f9d7-49f2-90a3-8bcd6ca0b53b@group-9735F55147B9->6ad9de2f-8cae-4626-ab4a-3c10d9751b2a-GrpcLogAppender: Failed to getClient for 6ad9de2f-8cae-4626-ab4a-3c10d9751b2a
org.apache.ratis.protocol.exceptions.AlreadyClosedException: 35bb34bc-f9d7-49f2-90a3-8bcd6ca0b53b is already CLOSED
	at org.apache.ratis.util.PeerProxyMap$PeerAndProxy.getProxy(PeerProxyMap.java:61)
	at org.apache.ratis.util.PeerProxyMap.getProxy(PeerProxyMap.java:110)
	at org.apache.ratis.grpc.server.GrpcLogAppender.getClient(GrpcLogAppender.java:121)
	at org.apache.ratis.grpc.server.GrpcLogAppender.resetClient(GrpcLogAppender.java:126)
	at org.apache.ratis.grpc.server.GrpcLogAppender.access$800(GrpcLogAppender.java:61)
	at org.apache.ratis.grpc.server.GrpcLogAppender$AppendLogResponseHandler.onCompleted(GrpcLogAppender.java:471)
	at org.apache.ratis.thirdparty.io.grpc.stub.ClientCalls$StreamObserverToCallListenerAdapter.onClose(ClientCalls.java:479)
	at org.apache.ratis.thirdparty.io.grpc.internal.ClientCallImpl.closeObserver(ClientCallImpl.java:567)
	at org.apache.ratis.thirdparty.io.grpc.internal.ClientCallImpl.access$300(ClientCallImpl.java:71)
	at org.apache.ratis.thirdparty.io.grpc.internal.ClientCallImpl$ClientStreamListenerImpl$1StreamClosed.runInternal(ClientCallImpl.java:735)
	at org.apache.ratis.thirdparty.io.grpc.internal.ClientCallImpl$ClientStreamListenerImpl$1StreamClosed.runInContext(ClientCallImpl.java:716)
	at org.apache.ratis.thirdparty.io.grpc.internal.ContextRunnable.run(ContextRunnable.java:37)
	at org.apache.ratis.thirdparty.io.grpc.internal.SerializingExecutor.run(SerializingExecutor.java:133)
	at java.util.concurrent.ThreadPoolExecutor.runWorker(ThreadPoolExecutor.java:1149)
	at java.util.concurrent.ThreadPoolExecutor$Worker.run(ThreadPoolExecutor.java:624)
	at java.lang.Thread.run(Thread.java:750)
2023-12-21 09:24:52,141 [grpc-default-executor-4] INFO  server.GrpcServerProtocolService (GrpcServerProtocolService.java:onCompleted(157)) - 981caf93-6f40-449f-9dad-f58530f26ff1: Completed APPEND_ENTRIES, lastRequest: 35bb34bc-f9d7-49f2-90a3-8bcd6ca0b53b->981caf93-6f40-449f-9dad-f58530f26ff1#1-t1,previous=(t:0, i:0),leaderCommit=-1,initializing? true,entries: size=1, first=(t:1, i:0), CONFIGURATIONENTRY(current:id: "6ad9de2f-8cae-4626-ab4a-3c10d9751b2a"
address: "10.1.0.5:15192"
dataStreamAddress: "10.1.0.5:15193"
clientAddress: "10.1.0.5:15190"
adminAddress: "10.1.0.5:15191"
startupRole: FOLLOWER
,id: "35bb34bc-f9d7-49f2-90a3-8bcd6ca0b53b"
address: "10.1.0.5:15201"
priority: 1
dataStreamAddress: "10.1.0.5:15202"
clientAddress: "10.1.0.5:15199"
adminAddress: "10.1.0.5:15200"
startupRole: FOLLOWER
,id: "981caf93-6f40-449f-9dad-f58530f26ff1"
address: "10.1.0.5:15210"
dataStreamAddress: "10.1.0.5:15211"
clientAddress: "10.1.0.5:15208"
adminAddress: "10.1.0.5:15209"
startupRole: FOLLOWER
, old:)
2023-12-21 09:24:52,141 [grpc-default-executor-4] INFO  server.GrpcServerProtocolService (GrpcServerProtocolService.java:lambda$onCompleted$5(159)) - 981caf93-6f40-449f-9dad-f58530f26ff1: Completed APPEND_ENTRIES, lastReply: null
2023-12-21 09:24:52,142 [grpc-default-executor-2] INFO  server.GrpcLogAppender (GrpcLogAppender.java:onCompleted(469)) - 35bb34bc-f9d7-49f2-90a3-8bcd6ca0b53b@group-9735F55147B9->981caf93-6f40-449f-9dad-f58530f26ff1-AppendLogResponseHandler: follower responses appendEntries COMPLETED
2023-12-21 09:24:52,143 [ForkJoinPool.commonPool-worker-7] INFO  server.GrpcService (GrpcService.java:closeImpl(320)) - 981caf93-6f40-449f-9dad-f58530f26ff1: shutdown server org.apache.ratis.grpc.server.GrpcClientProtocolService successfully
2023-12-21 09:24:52,142 [grpc-default-executor-0] INFO  server.GrpcServerProtocolService (GrpcServerProtocolService.java:onCompleted(157)) - 981caf93-6f40-449f-9dad-f58530f26ff1: Completed APPEND_ENTRIES, lastRequest: null
2023-12-21 09:24:52,144 [ForkJoinPool.commonPool-worker-7] INFO  server.GrpcService (GrpcService.java:closeImpl(311)) - 981caf93-6f40-449f-9dad-f58530f26ff1: shutdown server GrpcServerProtocolService now
2023-12-21 09:24:52,144 [grpc-default-executor-2] WARN  server.GrpcLogAppender (GrpcLogAppender.java:resetClient(149)) - 35bb34bc-f9d7-49f2-90a3-8bcd6ca0b53b@group-9735F55147B9->981caf93-6f40-449f-9dad-f58530f26ff1-GrpcLogAppender: Failed to getClient for 981caf93-6f40-449f-9dad-f58530f26ff1
org.apache.ratis.protocol.exceptions.AlreadyClosedException: 35bb34bc-f9d7-49f2-90a3-8bcd6ca0b53b is already CLOSED
	at org.apache.ratis.util.PeerProxyMap$PeerAndProxy.getProxy(PeerProxyMap.java:61)
	at org.apache.ratis.util.PeerProxyMap.getProxy(PeerProxyMap.java:110)
	at org.apache.ratis.grpc.server.GrpcLogAppender.getClient(GrpcLogAppender.java:121)
	at org.apache.ratis.grpc.server.GrpcLogAppender.resetClient(GrpcLogAppender.java:126)
	at org.apache.ratis.grpc.server.GrpcLogAppender.access$800(GrpcLogAppender.java:61)
	at org.apache.ratis.grpc.server.GrpcLogAppender$AppendLogResponseHandler.onCompleted(GrpcLogAppender.java:471)
	at org.apache.ratis.thirdparty.io.grpc.stub.ClientCalls$StreamObserverToCallListenerAdapter.onClose(ClientCalls.java:479)
	at org.apache.ratis.thirdparty.io.grpc.internal.ClientCallImpl.closeObserver(ClientCallImpl.java:567)
	at org.apache.ratis.thirdparty.io.grpc.internal.ClientCallImpl.access$300(ClientCallImpl.java:71)
	at org.apache.ratis.thirdparty.io.grpc.internal.ClientCallImpl$ClientStreamListenerImpl$1StreamClosed.runInternal(ClientCallImpl.java:735)
	at org.apache.ratis.thirdparty.io.grpc.internal.ClientCallImpl$ClientStreamListenerImpl$1StreamClosed.runInContext(ClientCallImpl.java:716)
	at org.apache.ratis.thirdparty.io.grpc.internal.ContextRunnable.run(ContextRunnable.java:37)
	at org.apache.ratis.thirdparty.io.grpc.internal.SerializingExecutor.run(SerializingExecutor.java:133)
	at java.util.concurrent.ThreadPoolExecutor.runWorker(ThreadPoolExecutor.java:1149)
	at java.util.concurrent.ThreadPoolExecutor$Worker.run(ThreadPoolExecutor.java:624)
	at java.lang.Thread.run(Thread.java:750)
2023-12-21 09:24:52,145 [grpc-default-executor-0] INFO  server.GrpcServerProtocolService (GrpcServerProtocolService.java:lambda$onCompleted$5(159)) - 981caf93-6f40-449f-9dad-f58530f26ff1: Completed APPEND_ENTRIES, lastReply: serverReply {
  requestorId: "35bb34bc-f9d7-49f2-90a3-8bcd6ca0b53b"
  replyId: "981caf93-6f40-449f-9dad-f58530f26ff1"
  raftGroupId {
    id: "\301()\212\253\261L\361\242\034\2275\365QG\271"
  }
  callId: 7
  success: true
}
term: 1
nextIndex: 1
matchIndex: 18446744073709551615
isHearbeat: true

2023-12-21 09:24:52,146 [grpc-default-executor-2] INFO  server.GrpcLogAppender (GrpcLogAppender.java:onError(457)) - 35bb34bc-f9d7-49f2-90a3-8bcd6ca0b53b@group-9735F55147B9->981caf93-6f40-449f-9dad-f58530f26ff1-GrpcLogAppender is already stopped
2023-12-21 09:24:52,146 [ForkJoinPool.commonPool-worker-7] INFO  server.GrpcService (GrpcService.java:closeImpl(320)) - 981caf93-6f40-449f-9dad-f58530f26ff1: shutdown server GrpcServerProtocolService successfully
2023-12-21 09:24:52,146 [ForkJoinPool.commonPool-worker-7] INFO  server.GrpcService (GrpcService.java:closeImpl(311)) - 981caf93-6f40-449f-9dad-f58530f26ff1: shutdown server org.apache.ratis.grpc.server.GrpcAdminProtocolService now
2023-12-21 09:24:52,149 [grpc-default-executor-4] INFO  server.GrpcLogAppender (GrpcLogAppender.java:onCompleted(469)) - 35bb34bc-f9d7-49f2-90a3-8bcd6ca0b53b@group-9735F55147B9->6ad9de2f-8cae-4626-ab4a-3c10d9751b2a-AppendLogResponseHandler: follower responses appendEntries COMPLETED
2023-12-21 09:24:52,149 [grpc-default-executor-4] WARN  server.GrpcLogAppender (GrpcLogAppender.java:resetClient(149)) - 35bb34bc-f9d7-49f2-90a3-8bcd6ca0b53b@group-9735F55147B9->6ad9de2f-8cae-4626-ab4a-3c10d9751b2a-GrpcLogAppender: Failed to getClient for 6ad9de2f-8cae-4626-ab4a-3c10d9751b2a
org.apache.ratis.protocol.exceptions.AlreadyClosedException: 35bb34bc-f9d7-49f2-90a3-8bcd6ca0b53b is already CLOSED
	at org.apache.ratis.util.PeerProxyMap$PeerAndProxy.getProxy(PeerProxyMap.java:61)
	at org.apache.ratis.util.PeerProxyMap.getProxy(PeerProxyMap.java:110)
	at org.apache.ratis.grpc.server.GrpcLogAppender.getClient(GrpcLogAppender.java:121)
	at org.apache.ratis.grpc.server.GrpcLogAppender.resetClient(GrpcLogAppender.java:126)
	at org.apache.ratis.grpc.server.GrpcLogAppender.access$800(GrpcLogAppender.java:61)
	at org.apache.ratis.grpc.server.GrpcLogAppender$AppendLogResponseHandler.onCompleted(GrpcLogAppender.java:471)
	at org.apache.ratis.thirdparty.io.grpc.stub.ClientCalls$StreamObserverToCallListenerAdapter.onClose(ClientCalls.java:479)
	at org.apache.ratis.thirdparty.io.grpc.internal.DelayedClientCall$DelayedListener$3.run(DelayedClientCall.java:489)
	at org.apache.ratis.thirdparty.io.grpc.internal.DelayedClientCall$DelayedListener.delayOrExecute(DelayedClientCall.java:453)
	at org.apache.ratis.thirdparty.io.grpc.internal.DelayedClientCall$DelayedListener.onClose(DelayedClientCall.java:486)
	at org.apache.ratis.thirdparty.io.grpc.internal.ClientCallImpl.closeObserver(ClientCallImpl.java:567)
	at org.apache.ratis.thirdparty.io.grpc.internal.ClientCallImpl.access$300(ClientCallImpl.java:71)
	at org.apache.ratis.thirdparty.io.grpc.internal.ClientCallImpl$ClientStreamListenerImpl$1StreamClosed.runInternal(ClientCallImpl.java:735)
	at org.apache.ratis.thirdparty.io.grpc.internal.ClientCallImpl$ClientStreamListenerImpl$1StreamClosed.runInContext(ClientCallImpl.java:716)
	at org.apache.ratis.thirdparty.io.grpc.internal.ContextRunnable.run(ContextRunnable.java:37)
	at org.apache.ratis.thirdparty.io.grpc.internal.SerializingExecutor.run(SerializingExecutor.java:133)
	at java.util.concurrent.ThreadPoolExecutor.runWorker(ThreadPoolExecutor.java:1149)
	at java.util.concurrent.ThreadPoolExecutor$Worker.run(ThreadPoolExecutor.java:624)
	at java.lang.Thread.run(Thread.java:750)
2023-12-21 09:24:52,149 [ForkJoinPool.commonPool-worker-0] INFO  ozoneimpl.OzoneContainer (OzoneContainer.java:stop(463)) - Attempting to stop container services.
2023-12-21 09:24:52,150 [ForkJoinPool.commonPool-worker-1] INFO  server.GrpcService (GrpcService.java:closeImpl(320)) - 35bb34bc-f9d7-49f2-90a3-8bcd6ca0b53b: shutdown server org.apache.ratis.grpc.server.GrpcClientProtocolService successfully
2023-12-21 09:24:52,150 [ForkJoinPool.commonPool-worker-1] INFO  server.GrpcService (GrpcService.java:closeImpl(311)) - 35bb34bc-f9d7-49f2-90a3-8bcd6ca0b53b: shutdown server GrpcServerProtocolService now
2023-12-21 09:24:52,150 [ForkJoinPool.commonPool-worker-0] INFO  server.RaftServer (RaftServerProxy.java:lambda$close$9(416)) - 6ad9de2f-8cae-4626-ab4a-3c10d9751b2a: close
2023-12-21 09:24:52,150 [ForkJoinPool.commonPool-worker-7] INFO  server.GrpcService (GrpcService.java:closeImpl(320)) - 981caf93-6f40-449f-9dad-f58530f26ff1: shutdown server org.apache.ratis.grpc.server.GrpcAdminProtocolService successfully
2023-12-21 09:24:52,150 [981caf93-6f40-449f-9dad-f58530f26ff1-NettyServerStreamRpc-bossGroup--thread1] INFO  logging.LoggingHandler (AbstractInternalLogger.java:log(148)) - [id: 0x616c09d1, L:/0.0.0.0:15211] CLOSE
2023-12-21 09:24:52,150 [6ad9de2f-8cae-4626-ab4a-3c10d9751b2a-impl-thread1] INFO  server.RaftServer$Division (RaftServerImpl.java:lambda$close$3(516)) - 6ad9de2f-8cae-4626-ab4a-3c10d9751b2a@group-17B6D6E64A16: shutdown
2023-12-21 09:24:52,150 [6ad9de2f-8cae-4626-ab4a-3c10d9751b2a-impl-thread1] INFO  util.JmxRegister (JmxRegister.java:unregister(73)) - Successfully un-registered JMX Bean with object name Ratis:service=RaftServer,group=group-17B6D6E64A16,id=6ad9de2f-8cae-4626-ab4a-3c10d9751b2a
2023-12-21 09:24:52,150 [6ad9de2f-8cae-4626-ab4a-3c10d9751b2a-impl-thread1] INFO  impl.RoleInfo (RoleInfo.java:shutdownLeaderState(94)) - 6ad9de2f-8cae-4626-ab4a-3c10d9751b2a: shutdown 6ad9de2f-8cae-4626-ab4a-3c10d9751b2a@group-17B6D6E64A16-LeaderStateImpl
2023-12-21 09:24:52,151 [6ad9de2f-8cae-4626-ab4a-3c10d9751b2a-impl-thread1] INFO  impl.PendingRequests (PendingRequests.java:sendNotLeaderResponses(289)) - 6ad9de2f-8cae-4626-ab4a-3c10d9751b2a@group-17B6D6E64A16-PendingRequests: sendNotLeaderResponses
2023-12-21 09:24:52,151 [6ad9de2f-8cae-4626-ab4a-3c10d9751b2a-impl-thread1] INFO  impl.StateMachineUpdater (StateMachineUpdater.java:stopAndJoin(157)) - 6ad9de2f-8cae-4626-ab4a-3c10d9751b2a@group-17B6D6E64A16-StateMachineUpdater: set stopIndex = 0
2023-12-21 09:24:52,150 [981caf93-6f40-449f-9dad-f58530f26ff1-NettyServerStreamRpc-bossGroup--thread1] INFO  logging.LoggingHandler (AbstractInternalLogger.java:log(148)) - [id: 0x616c09d1, L:/0.0.0.0:15211] INACTIVE
2023-12-21 09:24:52,151 [6ad9de2f-8cae-4626-ab4a-3c10d9751b2a@group-17B6D6E64A16-StateMachineUpdater] INFO  ratis.ContainerStateMachine (ContainerStateMachine.java:takeSnapshot(355)) - group-17B6D6E64A16: Taking a snapshot at:(t:1, i:0) file /home/runner/work/ozone/ozone/hadoop-ozone/integration-test/target/test-dir/MiniOzoneClusterImpl-e4d55aeb-da58-408a-87dd-e45f7ef8a31a/datanode-0/data/ratis/56accd26-b42e-49a1-abf1-17b6d6e64a16/sm/snapshot.1_0
2023-12-21 09:24:52,151 [981caf93-6f40-449f-9dad-f58530f26ff1-NettyServerStreamRpc-bossGroup--thread1] INFO  logging.LoggingHandler (AbstractInternalLogger.java:log(148)) - [id: 0x616c09d1, L:/0.0.0.0:15211] UNREGISTERED
2023-12-21 09:24:52,151 [6ad9de2f-8cae-4626-ab4a-3c10d9751b2a@group-17B6D6E64A16-StateMachineUpdater] INFO  ratis.ContainerStateMachine (ContainerStateMachine.java:takeSnapshot(366)) - group-17B6D6E64A16: Finished taking a snapshot at:(t:1, i:0) file:/home/runner/work/ozone/ozone/hadoop-ozone/integration-test/target/test-dir/MiniOzoneClusterImpl-e4d55aeb-da58-408a-87dd-e45f7ef8a31a/datanode-0/data/ratis/56accd26-b42e-49a1-abf1-17b6d6e64a16/sm/snapshot.1_0 took: 0 ms
2023-12-21 09:24:52,152 [6ad9de2f-8cae-4626-ab4a-3c10d9751b2a@group-17B6D6E64A16-StateMachineUpdater] INFO  impl.StateMachineUpdater (StateMachineUpdater.java:takeSnapshot(295)) - 6ad9de2f-8cae-4626-ab4a-3c10d9751b2a@group-17B6D6E64A16-StateMachineUpdater: Took a snapshot at index 0
2023-12-21 09:24:52,152 [6ad9de2f-8cae-4626-ab4a-3c10d9751b2a@group-17B6D6E64A16-StateMachineUpdater] INFO  impl.StateMachineUpdater (StateMachineUpdater.java:lambda$new$0(98)) - 6ad9de2f-8cae-4626-ab4a-3c10d9751b2a@group-17B6D6E64A16-StateMachineUpdater: snapshotIndex: updateIncreasingly -1 -> 0
2023-12-21 09:24:52,152 [6ad9de2f-8cae-4626-ab4a-3c10d9751b2a-impl-thread1] INFO  server.RaftServer$Division (ServerState.java:close(423)) - 6ad9de2f-8cae-4626-ab4a-3c10d9751b2a@group-17B6D6E64A16: applyIndex: 0
2023-12-21 09:24:52,152 [ForkJoinPool.commonPool-worker-0] INFO  server.GrpcService (GrpcService.java:closeImpl(311)) - 6ad9de2f-8cae-4626-ab4a-3c10d9751b2a: shutdown server org.apache.ratis.grpc.server.GrpcClientProtocolService now
2023-12-21 09:24:52,153 [6ad9de2f-8cae-4626-ab4a-3c10d9751b2a@group-17B6D6E64A16-cacheEviction-AwaitToRun] INFO  util.AwaitToRun (AwaitToRun.java:run(49)) - 6ad9de2f-8cae-4626-ab4a-3c10d9751b2a@group-17B6D6E64A16-cacheEviction-AwaitToRun-AwaitForSignal is interrupted
2023-12-21 09:24:52,153 [6ad9de2f-8cae-4626-ab4a-3c10d9751b2a-impl-thread2] INFO  server.RaftServer$Division (RaftServerImpl.java:lambda$close$3(516)) - 6ad9de2f-8cae-4626-ab4a-3c10d9751b2a@group-9735F55147B9: shutdown
2023-12-21 09:24:52,161 [6ad9de2f-8cae-4626-ab4a-3c10d9751b2a-impl-thread2] INFO  util.JmxRegister (JmxRegister.java:unregister(73)) - Successfully un-registered JMX Bean with object name Ratis:service=RaftServer,group=group-9735F55147B9,id=6ad9de2f-8cae-4626-ab4a-3c10d9751b2a
2023-12-21 09:24:52,161 [6ad9de2f-8cae-4626-ab4a-3c10d9751b2a-impl-thread2] INFO  impl.RoleInfo (RoleInfo.java:shutdownFollowerState(110)) - 6ad9de2f-8cae-4626-ab4a-3c10d9751b2a: shutdown 6ad9de2f-8cae-4626-ab4a-3c10d9751b2a@group-9735F55147B9-FollowerState
2023-12-21 09:24:52,161 [6ad9de2f-8cae-4626-ab4a-3c10d9751b2a-impl-thread2] INFO  impl.StateMachineUpdater (StateMachineUpdater.java:stopAndJoin(157)) - 6ad9de2f-8cae-4626-ab4a-3c10d9751b2a@group-9735F55147B9-StateMachineUpdater: set stopIndex = 0
2023-12-21 09:24:52,161 [6ad9de2f-8cae-4626-ab4a-3c10d9751b2a@group-9735F55147B9-StateMachineUpdater] INFO  ratis.ContainerStateMachine (ContainerStateMachine.java:takeSnapshot(355)) - group-9735F55147B9: Taking a snapshot at:(t:1, i:0) file /home/runner/work/ozone/ozone/hadoop-ozone/integration-test/target/test-dir/MiniOzoneClusterImpl-e4d55aeb-da58-408a-87dd-e45f7ef8a31a/datanode-0/data/ratis/c128298a-abb1-4cf1-a21c-9735f55147b9/sm/snapshot.1_0
2023-12-21 09:24:52,161 [Thread-2645] INFO  server.GrpcServerProtocolClient (GrpcServerProtocolClient.java:close(103)) - 35bb34bc-f9d7-49f2-90a3-8bcd6ca0b53b Close channels
2023-12-21 09:24:52,160 [ForkJoinPool.commonPool-worker-1] INFO  server.GrpcService (GrpcService.java:closeImpl(320)) - 35bb34bc-f9d7-49f2-90a3-8bcd6ca0b53b: shutdown server GrpcServerProtocolService successfully
2023-12-21 09:24:52,161 [ForkJoinPool.commonPool-worker-1] INFO  server.GrpcService (GrpcService.java:closeImpl(311)) - 35bb34bc-f9d7-49f2-90a3-8bcd6ca0b53b: shutdown server org.apache.ratis.grpc.server.GrpcAdminProtocolService now
2023-12-21 09:24:52,160 [ForkJoinPool.commonPool-worker-2] INFO  ozoneimpl.OzoneContainer (OzoneContainer.java:stop(463)) - Attempting to stop container services.
2023-12-21 09:24:52,161 [6ad9de2f-8cae-4626-ab4a-3c10d9751b2a@group-9735F55147B9-StateMachineUpdater] INFO  ratis.ContainerStateMachine (ContainerStateMachine.java:takeSnapshot(366)) - group-9735F55147B9: Finished taking a snapshot at:(t:1, i:0) file:/home/runner/work/ozone/ozone/hadoop-ozone/integration-test/target/test-dir/MiniOzoneClusterImpl-e4d55aeb-da58-408a-87dd-e45f7ef8a31a/datanode-0/data/ratis/c128298a-abb1-4cf1-a21c-9735f55147b9/sm/snapshot.1_0 took: 0 ms
2023-12-21 09:24:52,161 [6ad9de2f-8cae-4626-ab4a-3c10d9751b2a@group-9735F55147B9-StateMachineUpdater] INFO  impl.StateMachineUpdater (StateMachineUpdater.java:takeSnapshot(295)) - 6ad9de2f-8cae-4626-ab4a-3c10d9751b2a@group-9735F55147B9-StateMachineUpdater: Took a snapshot at index 0
2023-12-21 09:24:52,161 [6ad9de2f-8cae-4626-ab4a-3c10d9751b2a@group-9735F55147B9-StateMachineUpdater] INFO  impl.StateMachineUpdater (StateMachineUpdater.java:lambda$new$0(98)) - 6ad9de2f-8cae-4626-ab4a-3c10d9751b2a@group-9735F55147B9-StateMachineUpdater: snapshotIndex: updateIncreasingly -1 -> 0
2023-12-21 09:24:52,161 [Thread-2646] INFO  server.GrpcServerProtocolClient (GrpcServerProtocolClient.java:close(103)) - 981caf93-6f40-449f-9dad-f58530f26ff1 Close channels
2023-12-21 09:24:52,161 [6ad9de2f-8cae-4626-ab4a-3c10d9751b2a@group-9735F55147B9-FollowerState] INFO  impl.FollowerState (FollowerState.java:run(152)) - 6ad9de2f-8cae-4626-ab4a-3c10d9751b2a@group-9735F55147B9-FollowerState was interrupted
2023-12-21 09:24:52,162 [6ad9de2f-8cae-4626-ab4a-3c10d9751b2a-impl-thread2] INFO  server.RaftServer$Division (ServerState.java:close(423)) - 6ad9de2f-8cae-4626-ab4a-3c10d9751b2a@group-9735F55147B9: applyIndex: 0
2023-12-21 09:24:52,163 [6ad9de2f-8cae-4626-ab4a-3c10d9751b2a@group-9735F55147B9-cacheEviction-AwaitToRun] INFO  util.AwaitToRun (AwaitToRun.java:run(49)) - 6ad9de2f-8cae-4626-ab4a-3c10d9751b2a@group-9735F55147B9-cacheEviction-AwaitToRun-AwaitForSignal is interrupted
2023-12-21 09:24:52,163 [ForkJoinPool.commonPool-worker-1] INFO  server.GrpcService (GrpcService.java:closeImpl(320)) - 35bb34bc-f9d7-49f2-90a3-8bcd6ca0b53b: shutdown server org.apache.ratis.grpc.server.GrpcAdminProtocolService successfully
2023-12-21 09:24:52,163 [ForkJoinPool.commonPool-worker-2] INFO  server.RaftServer (RaftServerProxy.java:lambda$close$9(416)) - b2354cd0-7648-4a6f-abf9-b9cf43c56f40: close
2023-12-21 09:24:52,163 [ForkJoinPool.commonPool-worker-0] INFO  server.GrpcService (GrpcService.java:closeImpl(320)) - 6ad9de2f-8cae-4626-ab4a-3c10d9751b2a: shutdown server org.apache.ratis.grpc.server.GrpcClientProtocolService successfully
2023-12-21 09:24:52,164 [ForkJoinPool.commonPool-worker-0] INFO  server.GrpcService (GrpcService.java:closeImpl(311)) - 6ad9de2f-8cae-4626-ab4a-3c10d9751b2a: shutdown server GrpcServerProtocolService now
2023-12-21 09:24:52,164 [35bb34bc-f9d7-49f2-90a3-8bcd6ca0b53b-NettyServerStreamRpc-bossGroup--thread1] INFO  logging.LoggingHandler (AbstractInternalLogger.java:log(148)) - [id: 0xd642d2aa, L:/0.0.0.0:15202] CLOSE
2023-12-21 09:24:52,164 [35bb34bc-f9d7-49f2-90a3-8bcd6ca0b53b-NettyServerStreamRpc-bossGroup--thread1] INFO  logging.LoggingHandler (AbstractInternalLogger.java:log(148)) - [id: 0xd642d2aa, L:/0.0.0.0:15202] INACTIVE
2023-12-21 09:24:52,164 [35bb34bc-f9d7-49f2-90a3-8bcd6ca0b53b-NettyServerStreamRpc-bossGroup--thread1] INFO  logging.LoggingHandler (AbstractInternalLogger.java:log(148)) - [id: 0xd642d2aa, L:/0.0.0.0:15202] UNREGISTERED
2023-12-21 09:24:52,169 [b2354cd0-7648-4a6f-abf9-b9cf43c56f40-impl-thread1] INFO  server.RaftServer$Division (RaftServerImpl.java:lambda$close$3(516)) - b2354cd0-7648-4a6f-abf9-b9cf43c56f40@group-F3A27B024772: shutdown
2023-12-21 09:24:52,169 [ForkJoinPool.commonPool-worker-2] INFO  server.GrpcService (GrpcService.java:closeImpl(311)) - b2354cd0-7648-4a6f-abf9-b9cf43c56f40: shutdown server org.apache.ratis.grpc.server.GrpcClientProtocolService now
2023-12-21 09:24:52,169 [b2354cd0-7648-4a6f-abf9-b9cf43c56f40-impl-thread1] INFO  util.JmxRegister (JmxRegister.java:unregister(73)) - Successfully un-registered JMX Bean with object name Ratis:service=RaftServer,group=group-F3A27B024772,id=b2354cd0-7648-4a6f-abf9-b9cf43c56f40
2023-12-21 09:24:52,170 [b2354cd0-7648-4a6f-abf9-b9cf43c56f40-impl-thread1] INFO  impl.RoleInfo (RoleInfo.java:shutdownLeaderState(94)) - b2354cd0-7648-4a6f-abf9-b9cf43c56f40: shutdown b2354cd0-7648-4a6f-abf9-b9cf43c56f40@group-F3A27B024772-LeaderStateImpl
2023-12-21 09:24:52,170 [b2354cd0-7648-4a6f-abf9-b9cf43c56f40-impl-thread1] INFO  impl.PendingRequests (PendingRequests.java:sendNotLeaderResponses(289)) - b2354cd0-7648-4a6f-abf9-b9cf43c56f40@group-F3A27B024772-PendingRequests: sendNotLeaderResponses
2023-12-21 09:24:52,170 [b2354cd0-7648-4a6f-abf9-b9cf43c56f40-impl-thread2] INFO  server.RaftServer$Division (RaftServerImpl.java:lambda$close$3(516)) - b2354cd0-7648-4a6f-abf9-b9cf43c56f40@group-1A72E0252880: shutdown
2023-12-21 09:24:52,170 [b2354cd0-7648-4a6f-abf9-b9cf43c56f40-impl-thread2] INFO  util.JmxRegister (JmxRegister.java:unregister(73)) - Successfully un-registered JMX Bean with object name Ratis:service=RaftServer,group=group-1A72E0252880,id=b2354cd0-7648-4a6f-abf9-b9cf43c56f40
2023-12-21 09:24:52,170 [b2354cd0-7648-4a6f-abf9-b9cf43c56f40-impl-thread2] INFO  impl.RoleInfo (RoleInfo.java:shutdownLeaderState(94)) - b2354cd0-7648-4a6f-abf9-b9cf43c56f40: shutdown b2354cd0-7648-4a6f-abf9-b9cf43c56f40@group-1A72E0252880-LeaderStateImpl
2023-12-21 09:24:52,170 [b2354cd0-7648-4a6f-abf9-b9cf43c56f40-impl-thread2] INFO  impl.PendingRequests (PendingRequests.java:sendNotLeaderResponses(289)) - b2354cd0-7648-4a6f-abf9-b9cf43c56f40@group-1A72E0252880-PendingRequests: sendNotLeaderResponses
2023-12-21 09:24:52,170 [b2354cd0-7648-4a6f-abf9-b9cf43c56f40@group-F3A27B024772->4071302e-cf40-440c-a20f-829f10e9e05e-GrpcLogAppender-LogAppenderDaemon] WARN  server.GrpcLogAppender (GrpcLogAppender.java:mayWait(212)) - b2354cd0-7648-4a6f-abf9-b9cf43c56f40@group-F3A27B024772->4071302e-cf40-440c-a20f-829f10e9e05e-GrpcLogAppender: Wait interrupted by java.lang.InterruptedException
2023-12-21 09:24:52,171 [Thread-2674] INFO  server.GrpcServerProtocolClient (GrpcServerProtocolClient.java:close(103)) - 4071302e-cf40-440c-a20f-829f10e9e05e Close channels
2023-12-21 09:24:52,172 [grpc-default-executor-4] INFO  server.GrpcServerProtocolService (GrpcServerProtocolService.java:onCompleted(157)) - 4071302e-cf40-440c-a20f-829f10e9e05e: Completed APPEND_ENTRIES, lastRequest: b2354cd0-7648-4a6f-abf9-b9cf43c56f40->4071302e-cf40-440c-a20f-829f10e9e05e#1-t1,previous=(t:0, i:0),leaderCommit=-1,initializing? true,entries: size=1, first=(t:1, i:0), CONFIGURATIONENTRY(current:id: "b2354cd0-7648-4a6f-abf9-b9cf43c56f40"
address: "10.1.0.5:15255"
priority: 1
dataStreamAddress: "10.1.0.5:15256"
clientAddress: "10.1.0.5:15253"
adminAddress: "10.1.0.5:15254"
startupRole: FOLLOWER
,id: "4071302e-cf40-440c-a20f-829f10e9e05e"
address: "10.1.0.5:15246"
dataStreamAddress: "10.1.0.5:15247"
clientAddress: "10.1.0.5:15244"
adminAddress: "10.1.0.5:15245"
startupRole: FOLLOWER
,id: "32aac600-864d-469c-bbc4-bdc2d2a366d8"
address: "10.1.0.5:15264"
dataStreamAddress: "10.1.0.5:15265"
clientAddress: "10.1.0.5:15262"
adminAddress: "10.1.0.5:15263"
startupRole: FOLLOWER
, old:)
2023-12-21 09:24:52,173 [grpc-default-executor-4] INFO  server.GrpcServerProtocolService (GrpcServerProtocolService.java:lambda$onCompleted$5(159)) - 4071302e-cf40-440c-a20f-829f10e9e05e: Completed APPEND_ENTRIES, lastReply: null
2023-12-21 09:24:52,172 [grpc-default-executor-2] INFO  server.GrpcServerProtocolService (GrpcServerProtocolService.java:onCompleted(157)) - 4071302e-cf40-440c-a20f-829f10e9e05e: Completed APPEND_ENTRIES, lastRequest: null
2023-12-21 09:24:52,174 [grpc-default-executor-2] INFO  server.GrpcServerProtocolService (GrpcServerProtocolService.java:lambda$onCompleted$5(159)) - 4071302e-cf40-440c-a20f-829f10e9e05e: Completed APPEND_ENTRIES, lastReply: serverReply {
  requestorId: "b2354cd0-7648-4a6f-abf9-b9cf43c56f40"
  replyId: "4071302e-cf40-440c-a20f-829f10e9e05e"
  raftGroupId {
    id: "\321\261\a\275\032\371B\204\204\202\363\242{\002Gr"
  }
  callId: 8
  success: true
}
term: 1
nextIndex: 1
matchIndex: 18446744073709551615
isHearbeat: true

2023-12-21 09:24:52,171 [Thread-2675] INFO  server.GrpcServerProtocolClient (GrpcServerProtocolClient.java:close(103)) - 32aac600-864d-469c-bbc4-bdc2d2a366d8 Close channels
2023-12-21 09:24:52,174 [grpc-default-executor-0] INFO  server.GrpcLogAppender (GrpcLogAppender.java:onCompleted(469)) - b2354cd0-7648-4a6f-abf9-b9cf43c56f40@group-F3A27B024772->4071302e-cf40-440c-a20f-829f10e9e05e-AppendLogResponseHandler: follower responses appendEntries COMPLETED
2023-12-21 09:24:52,174 [grpc-default-executor-0] WARN  server.GrpcLogAppender (GrpcLogAppender.java:resetClient(149)) - b2354cd0-7648-4a6f-abf9-b9cf43c56f40@group-F3A27B024772->4071302e-cf40-440c-a20f-829f10e9e05e-GrpcLogAppender: Failed to getClient for 4071302e-cf40-440c-a20f-829f10e9e05e
org.apache.ratis.protocol.exceptions.AlreadyClosedException: b2354cd0-7648-4a6f-abf9-b9cf43c56f40 is already CLOSED
	at org.apache.ratis.util.PeerProxyMap$PeerAndProxy.getProxy(PeerProxyMap.java:61)
	at org.apache.ratis.util.PeerProxyMap.getProxy(PeerProxyMap.java:110)
	at org.apache.ratis.grpc.server.GrpcLogAppender.getClient(GrpcLogAppender.java:121)
	at org.apache.ratis.grpc.server.GrpcLogAppender.resetClient(GrpcLogAppender.java:126)
	at org.apache.ratis.grpc.server.GrpcLogAppender.access$800(GrpcLogAppender.java:61)
	at org.apache.ratis.grpc.server.GrpcLogAppender$AppendLogResponseHandler.onCompleted(GrpcLogAppender.java:471)
	at org.apache.ratis.thirdparty.io.grpc.stub.ClientCalls$StreamObserverToCallListenerAdapter.onClose(ClientCalls.java:479)
	at org.apache.ratis.thirdparty.io.grpc.internal.ClientCallImpl.closeObserver(ClientCallImpl.java:567)
	at org.apache.ratis.thirdparty.io.grpc.internal.ClientCallImpl.access$300(ClientCallImpl.java:71)
	at org.apache.ratis.thirdparty.io.grpc.internal.ClientCallImpl$ClientStreamListenerImpl$1StreamClosed.runInternal(ClientCallImpl.java:735)
	at org.apache.ratis.thirdparty.io.grpc.internal.ClientCallImpl$ClientStreamListenerImpl$1StreamClosed.runInContext(ClientCallImpl.java:716)
	at org.apache.ratis.thirdparty.io.grpc.internal.ContextRunnable.run(ContextRunnable.java:37)
	at org.apache.ratis.thirdparty.io.grpc.internal.SerializingExecutor.run(SerializingExecutor.java:133)
	at java.util.concurrent.ThreadPoolExecutor.runWorker(ThreadPoolExecutor.java:1149)
	at java.util.concurrent.ThreadPoolExecutor$Worker.run(ThreadPoolExecutor.java:624)
	at java.lang.Thread.run(Thread.java:750)
2023-12-21 09:24:52,174 [grpc-default-executor-0] INFO  server.GrpcLogAppender (GrpcLogAppender.java:onCompleted(469)) - b2354cd0-7648-4a6f-abf9-b9cf43c56f40@group-F3A27B024772->4071302e-cf40-440c-a20f-829f10e9e05e-AppendLogResponseHandler: follower responses appendEntries COMPLETED
2023-12-21 09:24:52,174 [grpc-default-executor-0] WARN  server.GrpcLogAppender (GrpcLogAppender.java:resetClient(149)) - b2354cd0-7648-4a6f-abf9-b9cf43c56f40@group-F3A27B024772->4071302e-cf40-440c-a20f-829f10e9e05e-GrpcLogAppender: Failed to getClient for 4071302e-cf40-440c-a20f-829f10e9e05e
org.apache.ratis.protocol.exceptions.AlreadyClosedException: b2354cd0-7648-4a6f-abf9-b9cf43c56f40 is already CLOSED
	at org.apache.ratis.util.PeerProxyMap$PeerAndProxy.getProxy(PeerProxyMap.java:61)
	at org.apache.ratis.util.PeerProxyMap.getProxy(PeerProxyMap.java:110)
	at org.apache.ratis.grpc.server.GrpcLogAppender.getClient(GrpcLogAppender.java:121)
	at org.apache.ratis.grpc.server.GrpcLogAppender.resetClient(GrpcLogAppender.java:126)
	at org.apache.ratis.grpc.server.GrpcLogAppender.access$800(GrpcLogAppender.java:61)
	at org.apache.ratis.grpc.server.GrpcLogAppender$AppendLogResponseHandler.onCompleted(GrpcLogAppender.java:471)
	at org.apache.ratis.thirdparty.io.grpc.stub.ClientCalls$StreamObserverToCallListenerAdapter.onClose(ClientCalls.java:479)
	at org.apache.ratis.thirdparty.io.grpc.internal.ClientCallImpl.closeObserver(ClientCallImpl.java:567)
	at org.apache.ratis.thirdparty.io.grpc.internal.ClientCallImpl.access$300(ClientCallImpl.java:71)
	at org.apache.ratis.thirdparty.io.grpc.internal.ClientCallImpl$ClientStreamListenerImpl$1StreamClosed.runInternal(ClientCallImpl.java:735)
	at org.apache.ratis.thirdparty.io.grpc.internal.ClientCallImpl$ClientStreamListenerImpl$1StreamClosed.runInContext(ClientCallImpl.java:716)
	at org.apache.ratis.thirdparty.io.grpc.internal.ContextRunnable.run(ContextRunnable.java:37)
	at org.apache.ratis.thirdparty.io.grpc.internal.SerializingExecutor.run(SerializingExecutor.java:133)
	at java.util.concurrent.ThreadPoolExecutor.runWorker(ThreadPoolExecutor.java:1149)
	at java.util.concurrent.ThreadPoolExecutor$Worker.run(ThreadPoolExecutor.java:624)
	at java.lang.Thread.run(Thread.java:750)
2023-12-21 09:24:52,178 [ForkJoinPool.commonPool-worker-0] INFO  server.GrpcService (GrpcService.java:closeImpl(320)) - 6ad9de2f-8cae-4626-ab4a-3c10d9751b2a: shutdown server GrpcServerProtocolService successfully
2023-12-21 09:24:52,177 [b2354cd0-7648-4a6f-abf9-b9cf43c56f40-impl-thread2] INFO  impl.StateMachineUpdater (StateMachineUpdater.java:stopAndJoin(157)) - b2354cd0-7648-4a6f-abf9-b9cf43c56f40@group-1A72E0252880-StateMachineUpdater: set stopIndex = 0
2023-12-21 09:24:52,177 [b2354cd0-7648-4a6f-abf9-b9cf43c56f40@group-1A72E0252880-StateMachineUpdater] INFO  ratis.ContainerStateMachine (ContainerStateMachine.java:takeSnapshot(355)) - group-1A72E0252880: Taking a snapshot at:(t:1, i:0) file /home/runner/work/ozone/ozone/hadoop-ozone/integration-test/target/test-dir/MiniOzoneClusterImpl-e4d55aeb-da58-408a-87dd-e45f7ef8a31a/datanode-7/data/ratis/eb0ac5ca-7eb3-43e3-9459-1a72e0252880/sm/snapshot.1_0
2023-12-21 09:24:52,177 [b2354cd0-7648-4a6f-abf9-b9cf43c56f40@group-F3A27B024772->32aac600-864d-469c-bbc4-bdc2d2a366d8-GrpcLogAppender-LogAppenderDaemon] WARN  server.GrpcLogAppender (GrpcLogAppender.java:mayWait(212)) - b2354cd0-7648-4a6f-abf9-b9cf43c56f40@group-F3A27B024772->32aac600-864d-469c-bbc4-bdc2d2a366d8-GrpcLogAppender: Wait interrupted by java.lang.InterruptedException
2023-12-21 09:24:52,183 [b2354cd0-7648-4a6f-abf9-b9cf43c56f40-impl-thread1] INFO  impl.StateMachineUpdater (StateMachineUpdater.java:stopAndJoin(157)) - b2354cd0-7648-4a6f-abf9-b9cf43c56f40@group-F3A27B024772-StateMachineUpdater: set stopIndex = 0
2023-12-21 09:24:52,183 [b2354cd0-7648-4a6f-abf9-b9cf43c56f40@group-1A72E0252880-StateMachineUpdater] INFO  ratis.ContainerStateMachine (ContainerStateMachine.java:takeSnapshot(366)) - group-1A72E0252880: Finished taking a snapshot at:(t:1, i:0) file:/home/runner/work/ozone/ozone/hadoop-ozone/integration-test/target/test-dir/MiniOzoneClusterImpl-e4d55aeb-da58-408a-87dd-e45f7ef8a31a/datanode-7/data/ratis/eb0ac5ca-7eb3-43e3-9459-1a72e0252880/sm/snapshot.1_0 took: 6 ms
2023-12-21 09:24:52,183 [grpc-default-executor-0] INFO  server.GrpcServerProtocolService (GrpcServerProtocolService.java:onCompleted(157)) - 32aac600-864d-469c-bbc4-bdc2d2a366d8: Completed APPEND_ENTRIES, lastRequest: b2354cd0-7648-4a6f-abf9-b9cf43c56f40->32aac600-864d-469c-bbc4-bdc2d2a366d8#1-t1,previous=(t:0, i:0),leaderCommit=-1,initializing? true,entries: size=1, first=(t:1, i:0), CONFIGURATIONENTRY(current:id: "b2354cd0-7648-4a6f-abf9-b9cf43c56f40"
address: "10.1.0.5:15255"
priority: 1
dataStreamAddress: "10.1.0.5:15256"
clientAddress: "10.1.0.5:15253"
adminAddress: "10.1.0.5:15254"
startupRole: FOLLOWER
,id: "4071302e-cf40-440c-a20f-829f10e9e05e"
address: "10.1.0.5:15246"
dataStreamAddress: "10.1.0.5:15247"
clientAddress: "10.1.0.5:15244"
adminAddress: "10.1.0.5:15245"
startupRole: FOLLOWER
,id: "32aac600-864d-469c-bbc4-bdc2d2a366d8"
address: "10.1.0.5:15264"
dataStreamAddress: "10.1.0.5:15265"
clientAddress: "10.1.0.5:15262"
adminAddress: "10.1.0.5:15263"
startupRole: FOLLOWER
, old:)
2023-12-21 09:24:52,183 [b2354cd0-7648-4a6f-abf9-b9cf43c56f40@group-1A72E0252880-StateMachineUpdater] INFO  impl.StateMachineUpdater (StateMachineUpdater.java:takeSnapshot(295)) - b2354cd0-7648-4a6f-abf9-b9cf43c56f40@group-1A72E0252880-StateMachineUpdater: Took a snapshot at index 0
2023-12-21 09:24:52,183 [b2354cd0-7648-4a6f-abf9-b9cf43c56f40@group-1A72E0252880-StateMachineUpdater] INFO  impl.StateMachineUpdater (StateMachineUpdater.java:lambda$new$0(98)) - b2354cd0-7648-4a6f-abf9-b9cf43c56f40@group-1A72E0252880-StateMachineUpdater: snapshotIndex: updateIncreasingly -1 -> 0
2023-12-21 09:24:52,183 [ForkJoinPool.commonPool-worker-0] INFO  server.GrpcService (GrpcService.java:closeImpl(311)) - 6ad9de2f-8cae-4626-ab4a-3c10d9751b2a: shutdown server org.apache.ratis.grpc.server.GrpcAdminProtocolService now
2023-12-21 09:24:52,184 [grpc-default-executor-4] INFO  server.GrpcServerProtocolService (GrpcServerProtocolService.java:onCompleted(157)) - 32aac600-864d-469c-bbc4-bdc2d2a366d8: Completed APPEND_ENTRIES, lastRequest: null
2023-12-21 09:24:52,182 [ForkJoinPool.commonPool-worker-3] INFO  ozoneimpl.OzoneContainer (OzoneContainer.java:stop(463)) - Attempting to stop container services.
2023-12-21 09:24:52,183 [grpc-default-executor-0] INFO  server.GrpcServerProtocolService (GrpcServerProtocolService.java:lambda$onCompleted$5(159)) - 32aac600-864d-469c-bbc4-bdc2d2a366d8: Completed APPEND_ENTRIES, lastReply: null
2023-12-21 09:24:52,184 [grpc-default-executor-4] INFO  server.GrpcServerProtocolService (GrpcServerProtocolService.java:lambda$onCompleted$5(159)) - 32aac600-864d-469c-bbc4-bdc2d2a366d8: Completed APPEND_ENTRIES, lastReply: serverReply {
  requestorId: "b2354cd0-7648-4a6f-abf9-b9cf43c56f40"
  replyId: "32aac600-864d-469c-bbc4-bdc2d2a366d8"
  raftGroupId {
    id: "\321\261\a\275\032\371B\204\204\202\363\242{\002Gr"
  }
  callId: 6
  success: true
}
term: 1
nextIndex: 1
matchIndex: 18446744073709551615
isHearbeat: true

2023-12-21 09:24:52,184 [grpc-default-executor-0] INFO  server.GrpcLogAppender (GrpcLogAppender.java:onCompleted(469)) - b2354cd0-7648-4a6f-abf9-b9cf43c56f40@group-F3A27B024772->32aac600-864d-469c-bbc4-bdc2d2a366d8-AppendLogResponseHandler: follower responses appendEntries COMPLETED
2023-12-21 09:24:52,184 [grpc-default-executor-0] WARN  server.GrpcLogAppender (GrpcLogAppender.java:resetClient(149)) - b2354cd0-7648-4a6f-abf9-b9cf43c56f40@group-F3A27B024772->32aac600-864d-469c-bbc4-bdc2d2a366d8-GrpcLogAppender: Failed to getClient for 32aac600-864d-469c-bbc4-bdc2d2a366d8
org.apache.ratis.protocol.exceptions.AlreadyClosedException: b2354cd0-7648-4a6f-abf9-b9cf43c56f40 is already CLOSED
	at org.apache.ratis.util.PeerProxyMap$PeerAndProxy.getProxy(PeerProxyMap.java:61)
	at org.apache.ratis.util.PeerProxyMap.getProxy(PeerProxyMap.java:110)
	at org.apache.ratis.grpc.server.GrpcLogAppender.getClient(GrpcLogAppender.java:121)
	at org.apache.ratis.grpc.server.GrpcLogAppender.resetClient(GrpcLogAppender.java:126)
	at org.apache.ratis.grpc.server.GrpcLogAppender.access$800(GrpcLogAppender.java:61)
	at org.apache.ratis.grpc.server.GrpcLogAppender$AppendLogResponseHandler.onCompleted(GrpcLogAppender.java:471)
	at org.apache.ratis.thirdparty.io.grpc.stub.ClientCalls$StreamObserverToCallListenerAdapter.onClose(ClientCalls.java:479)
	at org.apache.ratis.thirdparty.io.grpc.internal.ClientCallImpl.closeObserver(ClientCallImpl.java:567)
	at org.apache.ratis.thirdparty.io.grpc.internal.ClientCallImpl.access$300(ClientCallImpl.java:71)
	at org.apache.ratis.thirdparty.io.grpc.internal.ClientCallImpl$ClientStreamListenerImpl$1StreamClosed.runInternal(ClientCallImpl.java:735)
	at org.apache.ratis.thirdparty.io.grpc.internal.ClientCallImpl$ClientStreamListenerImpl$1StreamClosed.runInContext(ClientCallImpl.java:716)
	at org.apache.ratis.thirdparty.io.grpc.internal.ContextRunnable.run(ContextRunnable.java:37)
	at org.apache.ratis.thirdparty.io.grpc.internal.SerializingExecutor.run(SerializingExecutor.java:133)
	at java.util.concurrent.ThreadPoolExecutor.runWorker(ThreadPoolExecutor.java:1149)
	at java.util.concurrent.ThreadPoolExecutor$Worker.run(ThreadPoolExecutor.java:624)
	at java.lang.Thread.run(Thread.java:750)
2023-12-21 09:24:52,185 [b2354cd0-7648-4a6f-abf9-b9cf43c56f40@group-F3A27B024772-StateMachineUpdater] INFO  ratis.ContainerStateMachine (ContainerStateMachine.java:takeSnapshot(355)) - group-F3A27B024772: Taking a snapshot at:(t:1, i:0) file /home/runner/work/ozone/ozone/hadoop-ozone/integration-test/target/test-dir/MiniOzoneClusterImpl-e4d55aeb-da58-408a-87dd-e45f7ef8a31a/datanode-7/data/ratis/d1b107bd-1af9-4284-8482-f3a27b024772/sm/snapshot.1_0
2023-12-21 09:24:52,185 [b2354cd0-7648-4a6f-abf9-b9cf43c56f40-impl-thread2] INFO  server.RaftServer$Division (ServerState.java:close(423)) - b2354cd0-7648-4a6f-abf9-b9cf43c56f40@group-1A72E0252880: applyIndex: 0
2023-12-21 09:24:52,185 [ForkJoinPool.commonPool-worker-3] INFO  server.RaftServer (RaftServerProxy.java:lambda$close$9(416)) - 560c1385-c518-4739-80f6-d98c5390378b: close
2023-12-21 09:24:52,186 [b2354cd0-7648-4a6f-abf9-b9cf43c56f40@group-F3A27B024772-StateMachineUpdater] INFO  ratis.ContainerStateMachine (ContainerStateMachine.java:takeSnapshot(366)) - group-F3A27B024772: Finished taking a snapshot at:(t:1, i:0) file:/home/runner/work/ozone/ozone/hadoop-ozone/integration-test/target/test-dir/MiniOzoneClusterImpl-e4d55aeb-da58-408a-87dd-e45f7ef8a31a/datanode-7/data/ratis/d1b107bd-1af9-4284-8482-f3a27b024772/sm/snapshot.1_0 took: 3 ms
2023-12-21 09:24:52,186 [b2354cd0-7648-4a6f-abf9-b9cf43c56f40@group-F3A27B024772-StateMachineUpdater] INFO  impl.StateMachineUpdater (StateMachineUpdater.java:takeSnapshot(295)) - b2354cd0-7648-4a6f-abf9-b9cf43c56f40@group-F3A27B024772-StateMachineUpdater: Took a snapshot at index 0
2023-12-21 09:24:52,186 [b2354cd0-7648-4a6f-abf9-b9cf43c56f40@group-F3A27B024772-StateMachineUpdater] INFO  impl.StateMachineUpdater (StateMachineUpdater.java:lambda$new$0(98)) - b2354cd0-7648-4a6f-abf9-b9cf43c56f40@group-F3A27B024772-StateMachineUpdater: snapshotIndex: updateIncreasingly -1 -> 0
2023-12-21 09:24:52,186 [b2354cd0-7648-4a6f-abf9-b9cf43c56f40-impl-thread1] INFO  server.RaftServer$Division (ServerState.java:close(423)) - b2354cd0-7648-4a6f-abf9-b9cf43c56f40@group-F3A27B024772: applyIndex: 0
2023-12-21 09:24:52,187 [b2354cd0-7648-4a6f-abf9-b9cf43c56f40@group-F3A27B024772-cacheEviction-AwaitToRun] INFO  util.AwaitToRun (AwaitToRun.java:run(49)) - b2354cd0-7648-4a6f-abf9-b9cf43c56f40@group-F3A27B024772-cacheEviction-AwaitToRun-AwaitForSignal is interrupted
2023-12-21 09:24:52,187 [560c1385-c518-4739-80f6-d98c5390378b-impl-thread1] INFO  server.RaftServer$Division (RaftServerImpl.java:lambda$close$3(516)) - 560c1385-c518-4739-80f6-d98c5390378b@group-3E5A09133106: shutdown
2023-12-21 09:24:52,187 [grpc-default-executor-0] INFO  server.GrpcLogAppender (GrpcLogAppender.java:onCompleted(469)) - b2354cd0-7648-4a6f-abf9-b9cf43c56f40@group-F3A27B024772->32aac600-864d-469c-bbc4-bdc2d2a366d8-AppendLogResponseHandler: follower responses appendEntries COMPLETED
2023-12-21 09:24:52,188 [560c1385-c518-4739-80f6-d98c5390378b-impl-thread1] INFO  util.JmxRegister (JmxRegister.java:unregister(73)) - Successfully un-registered JMX Bean with object name Ratis:service=RaftServer,group=group-3E5A09133106,id=560c1385-c518-4739-80f6-d98c5390378b
2023-12-21 09:24:52,188 [560c1385-c518-4739-80f6-d98c5390378b-impl-thread1] INFO  impl.RoleInfo (RoleInfo.java:shutdownLeaderState(94)) - 560c1385-c518-4739-80f6-d98c5390378b: shutdown 560c1385-c518-4739-80f6-d98c5390378b@group-3E5A09133106-LeaderStateImpl
2023-12-21 09:24:52,188 [560c1385-c518-4739-80f6-d98c5390378b-impl-thread1] INFO  impl.PendingRequests (PendingRequests.java:sendNotLeaderResponses(289)) - 560c1385-c518-4739-80f6-d98c5390378b@group-3E5A09133106-PendingRequests: sendNotLeaderResponses
2023-12-21 09:24:52,188 [b2354cd0-7648-4a6f-abf9-b9cf43c56f40@group-1A72E0252880-cacheEviction-AwaitToRun] INFO  util.AwaitToRun (AwaitToRun.java:run(49)) - b2354cd0-7648-4a6f-abf9-b9cf43c56f40@group-1A72E0252880-cacheEviction-AwaitToRun-AwaitForSignal is interrupted
2023-12-21 09:24:52,188 [grpc-default-executor-0] WARN  server.GrpcLogAppender (GrpcLogAppender.java:resetClient(149)) - b2354cd0-7648-4a6f-abf9-b9cf43c56f40@group-F3A27B024772->32aac600-864d-469c-bbc4-bdc2d2a366d8-GrpcLogAppender: Failed to getClient for 32aac600-864d-469c-bbc4-bdc2d2a366d8
org.apache.ratis.protocol.exceptions.AlreadyClosedException: b2354cd0-7648-4a6f-abf9-b9cf43c56f40 is already CLOSED
	at org.apache.ratis.util.PeerProxyMap$PeerAndProxy.getProxy(PeerProxyMap.java:61)
	at org.apache.ratis.util.PeerProxyMap.getProxy(PeerProxyMap.java:110)
	at org.apache.ratis.grpc.server.GrpcLogAppender.getClient(GrpcLogAppender.java:121)
	at org.apache.ratis.grpc.server.GrpcLogAppender.resetClient(GrpcLogAppender.java:126)
	at org.apache.ratis.grpc.server.GrpcLogAppender.access$800(GrpcLogAppender.java:61)
	at org.apache.ratis.grpc.server.GrpcLogAppender$AppendLogResponseHandler.onCompleted(GrpcLogAppender.java:471)
	at org.apache.ratis.thirdparty.io.grpc.stub.ClientCalls$StreamObserverToCallListenerAdapter.onClose(ClientCalls.java:479)
	at org.apache.ratis.thirdparty.io.grpc.internal.DelayedClientCall$DelayedListener$3.run(DelayedClientCall.java:489)
	at org.apache.ratis.thirdparty.io.grpc.internal.DelayedClientCall$DelayedListener.delayOrExecute(DelayedClientCall.java:453)
	at org.apache.ratis.thirdparty.io.grpc.internal.DelayedClientCall$DelayedListener.onClose(DelayedClientCall.java:486)
	at org.apache.ratis.thirdparty.io.grpc.internal.ClientCallImpl.closeObserver(ClientCallImpl.java:567)
	at org.apache.ratis.thirdparty.io.grpc.internal.ClientCallImpl.access$300(ClientCallImpl.java:71)
	at org.apache.ratis.thirdparty.io.grpc.internal.ClientCallImpl$ClientStreamListenerImpl$1StreamClosed.runInternal(ClientCallImpl.java:735)
	at org.apache.ratis.thirdparty.io.grpc.internal.ClientCallImpl$ClientStreamListenerImpl$1StreamClosed.runInContext(ClientCallImpl.java:716)
	at org.apache.ratis.thirdparty.io.grpc.internal.ContextRunnable.run(ContextRunnable.java:37)
	at org.apache.ratis.thirdparty.io.grpc.internal.SerializingExecutor.run(SerializingExecutor.java:133)
	at java.util.concurrent.ThreadPoolExecutor.runWorker(ThreadPoolExecutor.java:1149)
	at java.util.concurrent.ThreadPoolExecutor$Worker.run(ThreadPoolExecutor.java:624)
	at java.lang.Thread.run(Thread.java:750)
2023-12-21 09:24:52,188 [ForkJoinPool.commonPool-worker-3] INFO  server.GrpcService (GrpcService.java:closeImpl(311)) - 560c1385-c518-4739-80f6-d98c5390378b: shutdown server org.apache.ratis.grpc.server.GrpcClientProtocolService now
2023-12-21 09:24:52,189 [560c1385-c518-4739-80f6-d98c5390378b-impl-thread1] INFO  impl.StateMachineUpdater (StateMachineUpdater.java:stopAndJoin(157)) - 560c1385-c518-4739-80f6-d98c5390378b@group-3E5A09133106-StateMachineUpdater: set stopIndex = 0
2023-12-21 09:24:52,189 [560c1385-c518-4739-80f6-d98c5390378b@group-3E5A09133106-StateMachineUpdater] INFO  ratis.ContainerStateMachine (ContainerStateMachine.java:takeSnapshot(355)) - group-3E5A09133106: Taking a snapshot at:(t:1, i:0) file /home/runner/work/ozone/ozone/hadoop-ozone/integration-test/target/test-dir/MiniOzoneClusterImpl-e4d55aeb-da58-408a-87dd-e45f7ef8a31a/datanode-3/data/ratis/61bf65b7-bf82-4b3b-bc09-3e5a09133106/sm/snapshot.1_0
2023-12-21 09:24:52,190 [ForkJoinPool.commonPool-worker-0] INFO  server.GrpcService (GrpcService.java:closeImpl(320)) - 6ad9de2f-8cae-4626-ab4a-3c10d9751b2a: shutdown server org.apache.ratis.grpc.server.GrpcAdminProtocolService successfully
2023-12-21 09:24:52,190 [6ad9de2f-8cae-4626-ab4a-3c10d9751b2a-NettyServerStreamRpc-bossGroup--thread1] INFO  logging.LoggingHandler (AbstractInternalLogger.java:log(148)) - [id: 0xb81ba4d4, L:/0.0.0.0:15193] CLOSE
2023-12-21 09:24:52,190 [6ad9de2f-8cae-4626-ab4a-3c10d9751b2a-NettyServerStreamRpc-bossGroup--thread1] INFO  logging.LoggingHandler (AbstractInternalLogger.java:log(148)) - [id: 0xb81ba4d4, L:/0.0.0.0:15193] INACTIVE
2023-12-21 09:24:52,190 [6ad9de2f-8cae-4626-ab4a-3c10d9751b2a-NettyServerStreamRpc-bossGroup--thread1] INFO  logging.LoggingHandler (AbstractInternalLogger.java:log(148)) - [id: 0xb81ba4d4, L:/0.0.0.0:15193] UNREGISTERED
2023-12-21 09:24:52,190 [560c1385-c518-4739-80f6-d98c5390378b@group-3E5A09133106-StateMachineUpdater] INFO  ratis.ContainerStateMachine (ContainerStateMachine.java:takeSnapshot(366)) - group-3E5A09133106: Finished taking a snapshot at:(t:1, i:0) file:/home/runner/work/ozone/ozone/hadoop-ozone/integration-test/target/test-dir/MiniOzoneClusterImpl-e4d55aeb-da58-408a-87dd-e45f7ef8a31a/datanode-3/data/ratis/61bf65b7-bf82-4b3b-bc09-3e5a09133106/sm/snapshot.1_0 took: 1 ms
2023-12-21 09:24:52,190 [560c1385-c518-4739-80f6-d98c5390378b@group-3E5A09133106-StateMachineUpdater] INFO  impl.StateMachineUpdater (StateMachineUpdater.java:takeSnapshot(295)) - 560c1385-c518-4739-80f6-d98c5390378b@group-3E5A09133106-StateMachineUpdater: Took a snapshot at index 0
2023-12-21 09:24:52,190 [560c1385-c518-4739-80f6-d98c5390378b@group-3E5A09133106-StateMachineUpdater] INFO  impl.StateMachineUpdater (StateMachineUpdater.java:lambda$new$0(98)) - 560c1385-c518-4739-80f6-d98c5390378b@group-3E5A09133106-StateMachineUpdater: snapshotIndex: updateIncreasingly -1 -> 0
2023-12-21 09:24:52,190 [560c1385-c518-4739-80f6-d98c5390378b-impl-thread1] INFO  server.RaftServer$Division (ServerState.java:close(423)) - 560c1385-c518-4739-80f6-d98c5390378b@group-3E5A09133106: applyIndex: 0
2023-12-21 09:24:52,189 [560c1385-c518-4739-80f6-d98c5390378b-impl-thread2] INFO  server.RaftServer$Division (RaftServerImpl.java:lambda$close$3(516)) - 560c1385-c518-4739-80f6-d98c5390378b@group-1F7EAD23F4F8: shutdown
2023-12-21 09:24:52,189 [ForkJoinPool.commonPool-worker-2] INFO  server.GrpcService (GrpcService.java:closeImpl(320)) - b2354cd0-7648-4a6f-abf9-b9cf43c56f40: shutdown server org.apache.ratis.grpc.server.GrpcClientProtocolService successfully
2023-12-21 09:24:52,191 [ForkJoinPool.commonPool-worker-2] INFO  server.GrpcService (GrpcService.java:closeImpl(311)) - b2354cd0-7648-4a6f-abf9-b9cf43c56f40: shutdown server GrpcServerProtocolService now
2023-12-21 09:24:52,191 [560c1385-c518-4739-80f6-d98c5390378b-impl-thread2] INFO  util.JmxRegister (JmxRegister.java:unregister(73)) - Successfully un-registered JMX Bean with object name Ratis:service=RaftServer,group=group-1F7EAD23F4F8,id=560c1385-c518-4739-80f6-d98c5390378b
2023-12-21 09:24:52,191 [560c1385-c518-4739-80f6-d98c5390378b-impl-thread2] INFO  impl.RoleInfo (RoleInfo.java:shutdownFollowerState(110)) - 560c1385-c518-4739-80f6-d98c5390378b: shutdown 560c1385-c518-4739-80f6-d98c5390378b@group-1F7EAD23F4F8-FollowerState
2023-12-21 09:24:52,191 [Thread-2717] INFO  server.GrpcServerProtocolClient (GrpcServerProtocolClient.java:close(103)) - 317bf553-3d1a-400b-8f1e-6110842f6590 Close channels
2023-12-21 09:24:52,192 [Thread-2714] INFO  server.GrpcServerProtocolClient (GrpcServerProtocolClient.java:close(103)) - 4150f76c-1cd9-4d5b-96cd-8dd0a9a12dd3 Close channels
2023-12-21 09:24:52,200 [560c1385-c518-4739-80f6-d98c5390378b-impl-thread2] INFO  impl.StateMachineUpdater (StateMachineUpdater.java:stopAndJoin(157)) - 560c1385-c518-4739-80f6-d98c5390378b@group-1F7EAD23F4F8-StateMachineUpdater: set stopIndex = 0
2023-12-21 09:24:52,200 [560c1385-c518-4739-80f6-d98c5390378b@group-1F7EAD23F4F8-StateMachineUpdater] INFO  ratis.ContainerStateMachine (ContainerStateMachine.java:takeSnapshot(355)) - group-1F7EAD23F4F8: Taking a snapshot at:(t:1, i:0) file /home/runner/work/ozone/ozone/hadoop-ozone/integration-test/target/test-dir/MiniOzoneClusterImpl-e4d55aeb-da58-408a-87dd-e45f7ef8a31a/datanode-3/data/ratis/0a5ad6f6-c95c-4872-a7cf-1f7ead23f4f8/sm/snapshot.1_0
2023-12-21 09:24:52,200 [560c1385-c518-4739-80f6-d98c5390378b@group-1F7EAD23F4F8-FollowerState] INFO  impl.FollowerState (FollowerState.java:run(152)) - 560c1385-c518-4739-80f6-d98c5390378b@group-1F7EAD23F4F8-FollowerState was interrupted
2023-12-21 09:24:52,207 [560c1385-c518-4739-80f6-d98c5390378b@group-3E5A09133106-cacheEviction-AwaitToRun] INFO  util.AwaitToRun (AwaitToRun.java:run(49)) - 560c1385-c518-4739-80f6-d98c5390378b@group-3E5A09133106-cacheEviction-AwaitToRun-AwaitForSignal is interrupted
2023-12-21 09:24:52,207 [ForkJoinPool.commonPool-worker-3] INFO  server.GrpcService (GrpcService.java:closeImpl(320)) - 560c1385-c518-4739-80f6-d98c5390378b: shutdown server org.apache.ratis.grpc.server.GrpcClientProtocolService successfully
2023-12-21 09:24:52,207 [ForkJoinPool.commonPool-worker-3] INFO  server.GrpcService (GrpcService.java:closeImpl(311)) - 560c1385-c518-4739-80f6-d98c5390378b: shutdown server GrpcServerProtocolService now
2023-12-21 09:24:52,208 [grpc-default-executor-2] WARN  server.GrpcServerProtocolService (LogUtils.java:warn(121)) - 560c1385-c518-4739-80f6-d98c5390378b: APPEND_ENTRIES onError, lastRequest: 4150f76c-1cd9-4d5b-96cd-8dd0a9a12dd3->560c1385-c518-4739-80f6-d98c5390378b#1-t1,previous=(t:0, i:0),leaderCommit=-1,initializing? true,entries: size=1, first=(t:1, i:0), CONFIGURATIONENTRY(current:id: "560c1385-c518-4739-80f6-d98c5390378b"
address: "10.1.0.5:15219"
dataStreamAddress: "10.1.0.5:15220"
clientAddress: "10.1.0.5:15217"
adminAddress: "10.1.0.5:15218"
startupRole: FOLLOWER
,id: "4150f76c-1cd9-4d5b-96cd-8dd0a9a12dd3"
address: "10.1.0.5:15228"
priority: 1
dataStreamAddress: "10.1.0.5:15229"
clientAddress: "10.1.0.5:15226"
adminAddress: "10.1.0.5:15227"
startupRole: FOLLOWER
,id: "317bf553-3d1a-400b-8f1e-6110842f6590"
address: "10.1.0.5:15237"
dataStreamAddress: "10.1.0.5:15238"
clientAddress: "10.1.0.5:15235"
adminAddress: "10.1.0.5:15236"
startupRole: FOLLOWER
, old:): org.apache.ratis.thirdparty.io.grpc.StatusRuntimeException: CANCELLED: client cancelled
2023-12-21 09:24:52,208 [grpc-default-executor-1] WARN  server.GrpcServerProtocolService (LogUtils.java:warn(121)) - 560c1385-c518-4739-80f6-d98c5390378b: APPEND_ENTRIES onError, lastRequest: null: org.apache.ratis.thirdparty.io.grpc.StatusRuntimeException: CANCELLED: client cancelled
2023-12-21 09:24:52,208 [grpc-default-executor-0] WARN  server.GrpcLogAppender (LogUtils.java:warn(121)) - 4150f76c-1cd9-4d5b-96cd-8dd0a9a12dd3@group-1F7EAD23F4F8->560c1385-c518-4739-80f6-d98c5390378b-AppendLogResponseHandler: Failed appendEntries: org.apache.ratis.thirdparty.io.grpc.StatusRuntimeException: CANCELLED: RST_STREAM closed stream. HTTP/2 error code: CANCEL
2023-12-21 09:24:52,208 [grpc-default-executor-0] WARN  server.GrpcLogAppender (GrpcLogAppender.java:resetClient(140)) - 4150f76c-1cd9-4d5b-96cd-8dd0a9a12dd3@group-1F7EAD23F4F8->560c1385-c518-4739-80f6-d98c5390378b-GrpcLogAppender: Follower failed and request == null,  keep nextIndex (1) unchanged and retry.
2023-12-21 09:24:52,214 [grpc-default-executor-3] WARN  server.GrpcLogAppender (LogUtils.java:warn(121)) - 4150f76c-1cd9-4d5b-96cd-8dd0a9a12dd3@group-1F7EAD23F4F8->560c1385-c518-4739-80f6-d98c5390378b-AppendLogResponseHandler: Failed appendEntries: org.apache.ratis.thirdparty.io.grpc.StatusRuntimeException: CANCELLED: RST_STREAM closed stream. HTTP/2 error code: CANCEL
2023-12-21 09:24:52,214 [grpc-default-executor-3] WARN  server.GrpcLogAppender (GrpcLogAppender.java:resetClient(140)) - 4150f76c-1cd9-4d5b-96cd-8dd0a9a12dd3@group-1F7EAD23F4F8->560c1385-c518-4739-80f6-d98c5390378b-GrpcLogAppender: Follower failed and request == null,  keep nextIndex (1) unchanged and retry.
2023-12-21 09:24:52,215 [ForkJoinPool.commonPool-worker-4] INFO  ozoneimpl.OzoneContainer (OzoneContainer.java:stop(463)) - Attempting to stop container services.
2023-12-21 09:24:52,215 [ForkJoinPool.commonPool-worker-4] INFO  server.RaftServer (RaftServerProxy.java:lambda$close$9(416)) - 4071302e-cf40-440c-a20f-829f10e9e05e: close
2023-12-21 09:24:52,216 [ForkJoinPool.commonPool-worker-4] INFO  server.GrpcService (GrpcService.java:closeImpl(311)) - 4071302e-cf40-440c-a20f-829f10e9e05e: shutdown server org.apache.ratis.grpc.server.GrpcClientProtocolService now
2023-12-21 09:24:52,216 [4071302e-cf40-440c-a20f-829f10e9e05e-impl-thread1] INFO  server.RaftServer$Division (RaftServerImpl.java:lambda$close$3(516)) - 4071302e-cf40-440c-a20f-829f10e9e05e@group-F3A27B024772: shutdown
2023-12-21 09:24:52,216 [4071302e-cf40-440c-a20f-829f10e9e05e-impl-thread1] INFO  util.JmxRegister (JmxRegister.java:unregister(73)) - Successfully un-registered JMX Bean with object name Ratis:service=RaftServer,group=group-F3A27B024772,id=4071302e-cf40-440c-a20f-829f10e9e05e
2023-12-21 09:24:52,216 [4071302e-cf40-440c-a20f-829f10e9e05e-impl-thread1] INFO  impl.RoleInfo (RoleInfo.java:shutdownFollowerState(110)) - 4071302e-cf40-440c-a20f-829f10e9e05e: shutdown 4071302e-cf40-440c-a20f-829f10e9e05e@group-F3A27B024772-FollowerState
2023-12-21 09:24:52,216 [4071302e-cf40-440c-a20f-829f10e9e05e-impl-thread1] INFO  impl.StateMachineUpdater (StateMachineUpdater.java:stopAndJoin(157)) - 4071302e-cf40-440c-a20f-829f10e9e05e@group-F3A27B024772-StateMachineUpdater: set stopIndex = 0
2023-12-21 09:24:52,216 [4071302e-cf40-440c-a20f-829f10e9e05e@group-F3A27B024772-FollowerState] INFO  impl.FollowerState (FollowerState.java:run(152)) - 4071302e-cf40-440c-a20f-829f10e9e05e@group-F3A27B024772-FollowerState was interrupted
2023-12-21 09:24:52,216 [4071302e-cf40-440c-a20f-829f10e9e05e@group-F3A27B024772-StateMachineUpdater] INFO  ratis.ContainerStateMachine (ContainerStateMachine.java:takeSnapshot(355)) - group-F3A27B024772: Taking a snapshot at:(t:1, i:0) file /home/runner/work/ozone/ozone/hadoop-ozone/integration-test/target/test-dir/MiniOzoneClusterImpl-e4d55aeb-da58-408a-87dd-e45f7ef8a31a/datanode-6/data/ratis/d1b107bd-1af9-4284-8482-f3a27b024772/sm/snapshot.1_0
2023-12-21 09:24:52,216 [4071302e-cf40-440c-a20f-829f10e9e05e@group-F3A27B024772-StateMachineUpdater] INFO  ratis.ContainerStateMachine (ContainerStateMachine.java:takeSnapshot(366)) - group-F3A27B024772: Finished taking a snapshot at:(t:1, i:0) file:/home/runner/work/ozone/ozone/hadoop-ozone/integration-test/target/test-dir/MiniOzoneClusterImpl-e4d55aeb-da58-408a-87dd-e45f7ef8a31a/datanode-6/data/ratis/d1b107bd-1af9-4284-8482-f3a27b024772/sm/snapshot.1_0 took: 0 ms
2023-12-21 09:24:52,217 [4071302e-cf40-440c-a20f-829f10e9e05e@group-F3A27B024772-StateMachineUpdater] INFO  impl.StateMachineUpdater (StateMachineUpdater.java:takeSnapshot(295)) - 4071302e-cf40-440c-a20f-829f10e9e05e@group-F3A27B024772-StateMachineUpdater: Took a snapshot at index 0
2023-12-21 09:24:52,217 [4071302e-cf40-440c-a20f-829f10e9e05e@group-F3A27B024772-StateMachineUpdater] INFO  impl.StateMachineUpdater (StateMachineUpdater.java:lambda$new$0(98)) - 4071302e-cf40-440c-a20f-829f10e9e05e@group-F3A27B024772-StateMachineUpdater: snapshotIndex: updateIncreasingly -1 -> 0
2023-12-21 09:24:52,217 [4071302e-cf40-440c-a20f-829f10e9e05e-impl-thread2] INFO  server.RaftServer$Division (RaftServerImpl.java:lambda$close$3(516)) - 4071302e-cf40-440c-a20f-829f10e9e05e@group-3A2EE96509FB: shutdown
2023-12-21 09:24:52,217 [4071302e-cf40-440c-a20f-829f10e9e05e-impl-thread2] INFO  util.JmxRegister (JmxRegister.java:unregister(73)) - Successfully un-registered JMX Bean with object name Ratis:service=RaftServer,group=group-3A2EE96509FB,id=4071302e-cf40-440c-a20f-829f10e9e05e
2023-12-21 09:24:52,217 [4071302e-cf40-440c-a20f-829f10e9e05e-impl-thread2] INFO  impl.RoleInfo (RoleInfo.java:shutdownLeaderState(94)) - 4071302e-cf40-440c-a20f-829f10e9e05e: shutdown 4071302e-cf40-440c-a20f-829f10e9e05e@group-3A2EE96509FB-LeaderStateImpl
2023-12-21 09:24:52,217 [4071302e-cf40-440c-a20f-829f10e9e05e-impl-thread2] INFO  impl.PendingRequests (PendingRequests.java:sendNotLeaderResponses(289)) - 4071302e-cf40-440c-a20f-829f10e9e05e@group-3A2EE96509FB-PendingRequests: sendNotLeaderResponses
2023-12-21 09:24:52,217 [4071302e-cf40-440c-a20f-829f10e9e05e@group-3A2EE96509FB-StateMachineUpdater] INFO  ratis.ContainerStateMachine (ContainerStateMachine.java:takeSnapshot(355)) - group-3A2EE96509FB: Taking a snapshot at:(t:1, i:0) file /home/runner/work/ozone/ozone/hadoop-ozone/integration-test/target/test-dir/MiniOzoneClusterImpl-e4d55aeb-da58-408a-87dd-e45f7ef8a31a/datanode-6/data/ratis/cc657502-e50b-4256-a7c6-3a2ee96509fb/sm/snapshot.1_0
2023-12-21 09:24:52,218 [4071302e-cf40-440c-a20f-829f10e9e05e-impl-thread2] INFO  impl.StateMachineUpdater (StateMachineUpdater.java:stopAndJoin(157)) - 4071302e-cf40-440c-a20f-829f10e9e05e@group-3A2EE96509FB-StateMachineUpdater: set stopIndex = 0
2023-12-21 09:24:52,218 [4071302e-cf40-440c-a20f-829f10e9e05e@group-3A2EE96509FB-StateMachineUpdater] INFO  ratis.ContainerStateMachine (ContainerStateMachine.java:takeSnapshot(366)) - group-3A2EE96509FB: Finished taking a snapshot at:(t:1, i:0) file:/home/runner/work/ozone/ozone/hadoop-ozone/integration-test/target/test-dir/MiniOzoneClusterImpl-e4d55aeb-da58-408a-87dd-e45f7ef8a31a/datanode-6/data/ratis/cc657502-e50b-4256-a7c6-3a2ee96509fb/sm/snapshot.1_0 took: 1 ms
2023-12-21 09:24:52,218 [4071302e-cf40-440c-a20f-829f10e9e05e@group-3A2EE96509FB-StateMachineUpdater] INFO  impl.StateMachineUpdater (StateMachineUpdater.java:takeSnapshot(295)) - 4071302e-cf40-440c-a20f-829f10e9e05e@group-3A2EE96509FB-StateMachineUpdater: Took a snapshot at index 0
2023-12-21 09:24:52,218 [4071302e-cf40-440c-a20f-829f10e9e05e@group-3A2EE96509FB-StateMachineUpdater] INFO  impl.StateMachineUpdater (StateMachineUpdater.java:lambda$new$0(98)) - 4071302e-cf40-440c-a20f-829f10e9e05e@group-3A2EE96509FB-StateMachineUpdater: snapshotIndex: updateIncreasingly -1 -> 0
2023-12-21 09:24:52,218 [4071302e-cf40-440c-a20f-829f10e9e05e-impl-thread2] INFO  server.RaftServer$Division (ServerState.java:close(423)) - 4071302e-cf40-440c-a20f-829f10e9e05e@group-3A2EE96509FB: applyIndex: 0
2023-12-21 09:24:52,218 [4071302e-cf40-440c-a20f-829f10e9e05e@group-3A2EE96509FB-cacheEviction-AwaitToRun] INFO  util.AwaitToRun (AwaitToRun.java:run(49)) - 4071302e-cf40-440c-a20f-829f10e9e05e@group-3A2EE96509FB-cacheEviction-AwaitToRun-AwaitForSignal is interrupted
2023-12-21 09:24:52,217 [4071302e-cf40-440c-a20f-829f10e9e05e-impl-thread1] INFO  server.RaftServer$Division (ServerState.java:close(423)) - 4071302e-cf40-440c-a20f-829f10e9e05e@group-F3A27B024772: applyIndex: 0
2023-12-21 09:24:52,219 [4071302e-cf40-440c-a20f-829f10e9e05e@group-F3A27B024772-cacheEviction-AwaitToRun] INFO  util.AwaitToRun (AwaitToRun.java:run(49)) - 4071302e-cf40-440c-a20f-829f10e9e05e@group-F3A27B024772-cacheEviction-AwaitToRun-AwaitForSignal is interrupted
2023-12-21 09:24:52,221 [ForkJoinPool.commonPool-worker-3] INFO  server.GrpcService (GrpcService.java:closeImpl(320)) - 560c1385-c518-4739-80f6-d98c5390378b: shutdown server GrpcServerProtocolService successfully
2023-12-21 09:24:52,221 [ForkJoinPool.commonPool-worker-3] INFO  server.GrpcService (GrpcService.java:closeImpl(311)) - 560c1385-c518-4739-80f6-d98c5390378b: shutdown server org.apache.ratis.grpc.server.GrpcAdminProtocolService now
2023-12-21 09:24:52,221 [ForkJoinPool.commonPool-worker-2] INFO  server.GrpcService (GrpcService.java:closeImpl(320)) - b2354cd0-7648-4a6f-abf9-b9cf43c56f40: shutdown server GrpcServerProtocolService successfully
2023-12-21 09:24:52,221 [ForkJoinPool.commonPool-worker-2] INFO  server.GrpcService (GrpcService.java:closeImpl(311)) - b2354cd0-7648-4a6f-abf9-b9cf43c56f40: shutdown server org.apache.ratis.grpc.server.GrpcAdminProtocolService now
2023-12-21 09:24:52,221 [ForkJoinPool.commonPool-worker-4] INFO  server.GrpcService (GrpcService.java:closeImpl(320)) - 4071302e-cf40-440c-a20f-829f10e9e05e: shutdown server org.apache.ratis.grpc.server.GrpcClientProtocolService successfully
2023-12-21 09:24:52,221 [ForkJoinPool.commonPool-worker-4] INFO  server.GrpcService (GrpcService.java:closeImpl(311)) - 4071302e-cf40-440c-a20f-829f10e9e05e: shutdown server GrpcServerProtocolService now
2023-12-21 09:24:52,222 [560c1385-c518-4739-80f6-d98c5390378b@group-1F7EAD23F4F8-StateMachineUpdater] INFO  ratis.ContainerStateMachine (ContainerStateMachine.java:takeSnapshot(366)) - group-1F7EAD23F4F8: Finished taking a snapshot at:(t:1, i:0) file:/home/runner/work/ozone/ozone/hadoop-ozone/integration-test/target/test-dir/MiniOzoneClusterImpl-e4d55aeb-da58-408a-87dd-e45f7ef8a31a/datanode-3/data/ratis/0a5ad6f6-c95c-4872-a7cf-1f7ead23f4f8/sm/snapshot.1_0 took: 22 ms
2023-12-21 09:24:52,222 [560c1385-c518-4739-80f6-d98c5390378b@group-1F7EAD23F4F8-StateMachineUpdater] INFO  impl.StateMachineUpdater (StateMachineUpdater.java:takeSnapshot(295)) - 560c1385-c518-4739-80f6-d98c5390378b@group-1F7EAD23F4F8-StateMachineUpdater: Took a snapshot at index 0
2023-12-21 09:24:52,222 [560c1385-c518-4739-80f6-d98c5390378b@group-1F7EAD23F4F8-StateMachineUpdater] INFO  impl.StateMachineUpdater (StateMachineUpdater.java:lambda$new$0(98)) - 560c1385-c518-4739-80f6-d98c5390378b@group-1F7EAD23F4F8-StateMachineUpdater: snapshotIndex: updateIncreasingly -1 -> 0
2023-12-21 09:24:52,222 [ForkJoinPool.commonPool-worker-2] INFO  server.GrpcService (GrpcService.java:closeImpl(320)) - b2354cd0-7648-4a6f-abf9-b9cf43c56f40: shutdown server org.apache.ratis.grpc.server.GrpcAdminProtocolService successfully
2023-12-21 09:24:52,222 [560c1385-c518-4739-80f6-d98c5390378b-impl-thread2] INFO  server.RaftServer$Division (ServerState.java:close(423)) - 560c1385-c518-4739-80f6-d98c5390378b@group-1F7EAD23F4F8: applyIndex: 0
2023-12-21 09:24:52,223 [b2354cd0-7648-4a6f-abf9-b9cf43c56f40-NettyServerStreamRpc-bossGroup--thread1] INFO  logging.LoggingHandler (AbstractInternalLogger.java:log(148)) - [id: 0xba19bbea, L:/0.0.0.0:15256] CLOSE
2023-12-21 09:24:52,223 [b2354cd0-7648-4a6f-abf9-b9cf43c56f40-NettyServerStreamRpc-bossGroup--thread1] INFO  logging.LoggingHandler (AbstractInternalLogger.java:log(148)) - [id: 0xba19bbea, L:/0.0.0.0:15256] INACTIVE
2023-12-21 09:24:52,223 [b2354cd0-7648-4a6f-abf9-b9cf43c56f40-NettyServerStreamRpc-bossGroup--thread1] INFO  logging.LoggingHandler (AbstractInternalLogger.java:log(148)) - [id: 0xba19bbea, L:/0.0.0.0:15256] UNREGISTERED
2023-12-21 09:24:52,226 [ForkJoinPool.commonPool-worker-4] INFO  server.GrpcService (GrpcService.java:closeImpl(320)) - 4071302e-cf40-440c-a20f-829f10e9e05e: shutdown server GrpcServerProtocolService successfully
2023-12-21 09:24:52,226 [ForkJoinPool.commonPool-worker-4] INFO  server.GrpcService (GrpcService.java:closeImpl(311)) - 4071302e-cf40-440c-a20f-829f10e9e05e: shutdown server org.apache.ratis.grpc.server.GrpcAdminProtocolService now
2023-12-21 09:24:52,231 [ForkJoinPool.commonPool-worker-3] INFO  server.GrpcService (GrpcService.java:closeImpl(320)) - 560c1385-c518-4739-80f6-d98c5390378b: shutdown server org.apache.ratis.grpc.server.GrpcAdminProtocolService successfully
2023-12-21 09:24:52,231 [560c1385-c518-4739-80f6-d98c5390378b-NettyServerStreamRpc-bossGroup--thread1] INFO  logging.LoggingHandler (AbstractInternalLogger.java:log(148)) - [id: 0xfc0ba474, L:/0.0.0.0:15220] CLOSE
2023-12-21 09:24:52,231 [560c1385-c518-4739-80f6-d98c5390378b-NettyServerStreamRpc-bossGroup--thread1] INFO  logging.LoggingHandler (AbstractInternalLogger.java:log(148)) - [id: 0xfc0ba474, L:/0.0.0.0:15220] INACTIVE
2023-12-21 09:24:52,231 [560c1385-c518-4739-80f6-d98c5390378b-NettyServerStreamRpc-bossGroup--thread1] INFO  logging.LoggingHandler (AbstractInternalLogger.java:log(148)) - [id: 0xfc0ba474, L:/0.0.0.0:15220] UNREGISTERED
2023-12-21 09:24:52,232 [ForkJoinPool.commonPool-worker-4] INFO  server.GrpcService (GrpcService.java:closeImpl(320)) - 4071302e-cf40-440c-a20f-829f10e9e05e: shutdown server org.apache.ratis.grpc.server.GrpcAdminProtocolService successfully
2023-12-21 09:24:52,232 [4071302e-cf40-440c-a20f-829f10e9e05e-NettyServerStreamRpc-bossGroup--thread1] INFO  logging.LoggingHandler (AbstractInternalLogger.java:log(148)) - [id: 0x7dab911e, L:/0.0.0.0:15247] CLOSE
2023-12-21 09:24:52,232 [4071302e-cf40-440c-a20f-829f10e9e05e-NettyServerStreamRpc-bossGroup--thread1] INFO  logging.LoggingHandler (AbstractInternalLogger.java:log(148)) - [id: 0x7dab911e, L:/0.0.0.0:15247] INACTIVE
2023-12-21 09:24:52,232 [4071302e-cf40-440c-a20f-829f10e9e05e-NettyServerStreamRpc-bossGroup--thread1] INFO  logging.LoggingHandler (AbstractInternalLogger.java:log(148)) - [id: 0x7dab911e, L:/0.0.0.0:15247] UNREGISTERED
2023-12-21 09:24:52,239 [560c1385-c518-4739-80f6-d98c5390378b@group-1F7EAD23F4F8-cacheEviction-AwaitToRun] INFO  util.AwaitToRun (AwaitToRun.java:run(49)) - 560c1385-c518-4739-80f6-d98c5390378b@group-1F7EAD23F4F8-cacheEviction-AwaitToRun-AwaitForSignal is interrupted
2023-12-21 09:24:52,247 [ForkJoinPool.commonPool-worker-5] INFO  ozoneimpl.OzoneContainer (OzoneContainer.java:stop(463)) - Attempting to stop container services.
2023-12-21 09:24:52,247 [ForkJoinPool.commonPool-worker-5] INFO  server.RaftServer (RaftServerProxy.java:lambda$close$9(416)) - 32aac600-864d-469c-bbc4-bdc2d2a366d8: close
2023-12-21 09:24:52,247 [32aac600-864d-469c-bbc4-bdc2d2a366d8-impl-thread1] INFO  server.RaftServer$Division (RaftServerImpl.java:lambda$close$3(516)) - 32aac600-864d-469c-bbc4-bdc2d2a366d8@group-F3A27B024772: shutdown
2023-12-21 09:24:52,247 [32aac600-864d-469c-bbc4-bdc2d2a366d8-impl-thread1] INFO  util.JmxRegister (JmxRegister.java:unregister(73)) - Successfully un-registered JMX Bean with object name Ratis:service=RaftServer,group=group-F3A27B024772,id=32aac600-864d-469c-bbc4-bdc2d2a366d8
2023-12-21 09:24:52,247 [32aac600-864d-469c-bbc4-bdc2d2a366d8-impl-thread1] INFO  impl.RoleInfo (RoleInfo.java:shutdownFollowerState(110)) - 32aac600-864d-469c-bbc4-bdc2d2a366d8: shutdown 32aac600-864d-469c-bbc4-bdc2d2a366d8@group-F3A27B024772-FollowerState
2023-12-21 09:24:52,248 [ForkJoinPool.commonPool-worker-5] INFO  server.GrpcService (GrpcService.java:closeImpl(311)) - 32aac600-864d-469c-bbc4-bdc2d2a366d8: shutdown server org.apache.ratis.grpc.server.GrpcClientProtocolService now
2023-12-21 09:24:52,248 [grpc-default-executor-0] WARN  server.GrpcClientProtocolService (LogUtils.java:warn(121)) - 0-OrderedRequestStreamObserver0: onError: org.apache.ratis.thirdparty.io.grpc.StatusRuntimeException: CANCELLED: client cancelled
2023-12-21 09:24:52,249 [32aac600-864d-469c-bbc4-bdc2d2a366d8-impl-thread2] INFO  server.RaftServer$Division (RaftServerImpl.java:lambda$close$3(516)) - 32aac600-864d-469c-bbc4-bdc2d2a366d8@group-7901C159276A: shutdown
2023-12-21 09:24:52,249 [32aac600-864d-469c-bbc4-bdc2d2a366d8-impl-thread2] INFO  util.JmxRegister (JmxRegister.java:unregister(73)) - Successfully un-registered JMX Bean with object name Ratis:service=RaftServer,group=group-7901C159276A,id=32aac600-864d-469c-bbc4-bdc2d2a366d8
2023-12-21 09:24:52,249 [32aac600-864d-469c-bbc4-bdc2d2a366d8-impl-thread2] INFO  impl.RoleInfo (RoleInfo.java:shutdownLeaderState(94)) - 32aac600-864d-469c-bbc4-bdc2d2a366d8: shutdown 32aac600-864d-469c-bbc4-bdc2d2a366d8@group-7901C159276A-LeaderStateImpl
2023-12-21 09:24:52,249 [32aac600-864d-469c-bbc4-bdc2d2a366d8-impl-thread2] INFO  impl.PendingRequests (PendingRequests.java:sendNotLeaderResponses(289)) - 32aac600-864d-469c-bbc4-bdc2d2a366d8@group-7901C159276A-PendingRequests: sendNotLeaderResponses
2023-12-21 09:24:52,249 [32aac600-864d-469c-bbc4-bdc2d2a366d8-impl-thread2] INFO  impl.StateMachineUpdater (StateMachineUpdater.java:stopAndJoin(157)) - 32aac600-864d-469c-bbc4-bdc2d2a366d8@group-7901C159276A-StateMachineUpdater: set stopIndex = 0
2023-12-21 09:24:52,249 [32aac600-864d-469c-bbc4-bdc2d2a366d8@group-7901C159276A-StateMachineUpdater] INFO  ratis.ContainerStateMachine (ContainerStateMachine.java:takeSnapshot(355)) - group-7901C159276A: Taking a snapshot at:(t:1, i:0) file /home/runner/work/ozone/ozone/hadoop-ozone/integration-test/target/test-dir/MiniOzoneClusterImpl-e4d55aeb-da58-408a-87dd-e45f7ef8a31a/datanode-8/data/ratis/7c9e985f-48e1-48d6-a247-7901c159276a/sm/snapshot.1_0
2023-12-21 09:24:52,250 [32aac600-864d-469c-bbc4-bdc2d2a366d8@group-7901C159276A-StateMachineUpdater] INFO  ratis.ContainerStateMachine (ContainerStateMachine.java:takeSnapshot(366)) - group-7901C159276A: Finished taking a snapshot at:(t:1, i:0) file:/home/runner/work/ozone/ozone/hadoop-ozone/integration-test/target/test-dir/MiniOzoneClusterImpl-e4d55aeb-da58-408a-87dd-e45f7ef8a31a/datanode-8/data/ratis/7c9e985f-48e1-48d6-a247-7901c159276a/sm/snapshot.1_0 took: 1 ms
2023-12-21 09:24:52,250 [32aac600-864d-469c-bbc4-bdc2d2a366d8@group-7901C159276A-StateMachineUpdater] INFO  impl.StateMachineUpdater (StateMachineUpdater.java:takeSnapshot(295)) - 32aac600-864d-469c-bbc4-bdc2d2a366d8@group-7901C159276A-StateMachineUpdater: Took a snapshot at index 0
2023-12-21 09:24:52,250 [32aac600-864d-469c-bbc4-bdc2d2a366d8@group-7901C159276A-StateMachineUpdater] INFO  impl.StateMachineUpdater (StateMachineUpdater.java:lambda$new$0(98)) - 32aac600-864d-469c-bbc4-bdc2d2a366d8@group-7901C159276A-StateMachineUpdater: snapshotIndex: updateIncreasingly -1 -> 0
2023-12-21 09:24:52,250 [32aac600-864d-469c-bbc4-bdc2d2a366d8-impl-thread2] INFO  server.RaftServer$Division (ServerState.java:close(423)) - 32aac600-864d-469c-bbc4-bdc2d2a366d8@group-7901C159276A: applyIndex: 0
2023-12-21 09:24:52,250 [32aac600-864d-469c-bbc4-bdc2d2a366d8-impl-thread1] INFO  impl.StateMachineUpdater (StateMachineUpdater.java:stopAndJoin(157)) - 32aac600-864d-469c-bbc4-bdc2d2a366d8@group-F3A27B024772-StateMachineUpdater: set stopIndex = 0
2023-12-21 09:24:52,250 [32aac600-864d-469c-bbc4-bdc2d2a366d8@group-F3A27B024772-FollowerState] INFO  impl.FollowerState (FollowerState.java:run(152)) - 32aac600-864d-469c-bbc4-bdc2d2a366d8@group-F3A27B024772-FollowerState was interrupted
2023-12-21 09:24:52,251 [32aac600-864d-469c-bbc4-bdc2d2a366d8@group-7901C159276A-cacheEviction-AwaitToRun] INFO  util.AwaitToRun (AwaitToRun.java:run(49)) - 32aac600-864d-469c-bbc4-bdc2d2a366d8@group-7901C159276A-cacheEviction-AwaitToRun-AwaitForSignal is interrupted
2023-12-21 09:24:52,251 [32aac600-864d-469c-bbc4-bdc2d2a366d8@group-F3A27B024772-StateMachineUpdater] INFO  ratis.ContainerStateMachine (ContainerStateMachine.java:takeSnapshot(355)) - group-F3A27B024772: Taking a snapshot at:(t:1, i:0) file /home/runner/work/ozone/ozone/hadoop-ozone/integration-test/target/test-dir/MiniOzoneClusterImpl-e4d55aeb-da58-408a-87dd-e45f7ef8a31a/datanode-8/data/ratis/d1b107bd-1af9-4284-8482-f3a27b024772/sm/snapshot.1_0
2023-12-21 09:24:52,253 [Thread-2857] INFO  server.GrpcServerProtocolClient (GrpcServerProtocolClient.java:close(103)) - b2354cd0-7648-4a6f-abf9-b9cf43c56f40 Close channels
2023-12-21 09:24:52,253 [Thread-2863] INFO  server.GrpcServerProtocolClient (GrpcServerProtocolClient.java:close(103)) - 4071302e-cf40-440c-a20f-829f10e9e05e Close channels
2023-12-21 09:24:52,253 [32aac600-864d-469c-bbc4-bdc2d2a366d8@group-F3A27B024772-StateMachineUpdater] INFO  ratis.ContainerStateMachine (ContainerStateMachine.java:takeSnapshot(366)) - group-F3A27B024772: Finished taking a snapshot at:(t:1, i:0) file:/home/runner/work/ozone/ozone/hadoop-ozone/integration-test/target/test-dir/MiniOzoneClusterImpl-e4d55aeb-da58-408a-87dd-e45f7ef8a31a/datanode-8/data/ratis/d1b107bd-1af9-4284-8482-f3a27b024772/sm/snapshot.1_0 took: 3 ms
2023-12-21 09:24:52,254 [32aac600-864d-469c-bbc4-bdc2d2a366d8@group-F3A27B024772-StateMachineUpdater] INFO  impl.StateMachineUpdater (StateMachineUpdater.java:takeSnapshot(295)) - 32aac600-864d-469c-bbc4-bdc2d2a366d8@group-F3A27B024772-StateMachineUpdater: Took a snapshot at index 0
2023-12-21 09:24:52,254 [32aac600-864d-469c-bbc4-bdc2d2a366d8@group-F3A27B024772-StateMachineUpdater] INFO  impl.StateMachineUpdater (StateMachineUpdater.java:lambda$new$0(98)) - 32aac600-864d-469c-bbc4-bdc2d2a366d8@group-F3A27B024772-StateMachineUpdater: snapshotIndex: updateIncreasingly -1 -> 0
2023-12-21 09:24:52,254 [32aac600-864d-469c-bbc4-bdc2d2a366d8-impl-thread1] INFO  server.RaftServer$Division (ServerState.java:close(423)) - 32aac600-864d-469c-bbc4-bdc2d2a366d8@group-F3A27B024772: applyIndex: 0
2023-12-21 09:24:52,254 [32aac600-864d-469c-bbc4-bdc2d2a366d8@group-F3A27B024772-cacheEviction-AwaitToRun] INFO  util.AwaitToRun (AwaitToRun.java:run(49)) - 32aac600-864d-469c-bbc4-bdc2d2a366d8@group-F3A27B024772-cacheEviction-AwaitToRun-AwaitForSignal is interrupted
2023-12-21 09:24:52,255 [ForkJoinPool.commonPool-worker-5] INFO  server.GrpcService (GrpcService.java:closeImpl(320)) - 32aac600-864d-469c-bbc4-bdc2d2a366d8: shutdown server org.apache.ratis.grpc.server.GrpcClientProtocolService successfully
2023-12-21 09:24:52,255 [ForkJoinPool.commonPool-worker-5] INFO  server.GrpcService (GrpcService.java:closeImpl(311)) - 32aac600-864d-469c-bbc4-bdc2d2a366d8: shutdown server GrpcServerProtocolService now
2023-12-21 09:24:52,256 [ForkJoinPool.commonPool-worker-5] INFO  server.GrpcService (GrpcService.java:closeImpl(320)) - 32aac600-864d-469c-bbc4-bdc2d2a366d8: shutdown server GrpcServerProtocolService successfully
2023-12-21 09:24:52,256 [ForkJoinPool.commonPool-worker-5] INFO  server.GrpcService (GrpcService.java:closeImpl(311)) - 32aac600-864d-469c-bbc4-bdc2d2a366d8: shutdown server org.apache.ratis.grpc.server.GrpcAdminProtocolService now
2023-12-21 09:24:52,257 [ForkJoinPool.commonPool-worker-5] INFO  server.GrpcService (GrpcService.java:closeImpl(320)) - 32aac600-864d-469c-bbc4-bdc2d2a366d8: shutdown server org.apache.ratis.grpc.server.GrpcAdminProtocolService successfully
2023-12-21 09:24:52,257 [32aac600-864d-469c-bbc4-bdc2d2a366d8-NettyServerStreamRpc-bossGroup--thread1] INFO  logging.LoggingHandler (AbstractInternalLogger.java:log(148)) - [id: 0x2b9425ef, L:/0.0.0.0:15265] CLOSE
2023-12-21 09:24:52,258 [32aac600-864d-469c-bbc4-bdc2d2a366d8-NettyServerStreamRpc-bossGroup--thread1] INFO  logging.LoggingHandler (AbstractInternalLogger.java:log(148)) - [id: 0x2b9425ef, L:/0.0.0.0:15265] INACTIVE
2023-12-21 09:24:52,258 [32aac600-864d-469c-bbc4-bdc2d2a366d8-NettyServerStreamRpc-bossGroup--thread1] INFO  logging.LoggingHandler (AbstractInternalLogger.java:log(148)) - [id: 0x2b9425ef, L:/0.0.0.0:15265] UNREGISTERED
2023-12-21 09:24:52,351 [6ad9de2f-8cae-4626-ab4a-3c10d9751b2a-impl-thread1] INFO  segmented.SegmentedRaftLogWorker (SegmentedRaftLogWorker.java:close(243)) - 6ad9de2f-8cae-4626-ab4a-3c10d9751b2a@group-17B6D6E64A16-SegmentedRaftLogWorker close()
2023-12-21 09:24:52,429 [grpc-default-executor-4] WARN  server.GrpcLogAppender (LogUtils.java:warn(121)) - 4150f76c-1cd9-4d5b-96cd-8dd0a9a12dd3@group-1F7EAD23F4F8->317bf553-3d1a-400b-8f1e-6110842f6590-AppendLogResponseHandler: Failed appendEntries: org.apache.ratis.thirdparty.io.grpc.StatusRuntimeException: UNAVAILABLE: io exception
2023-12-21 09:24:52,429 [grpc-default-executor-1] WARN  server.GrpcLogAppender (LogUtils.java:warn(121)) - 4150f76c-1cd9-4d5b-96cd-8dd0a9a12dd3@group-1F7EAD23F4F8->317bf553-3d1a-400b-8f1e-6110842f6590-AppendLogResponseHandler: Failed appendEntries: org.apache.ratis.thirdparty.io.grpc.StatusRuntimeException: UNAVAILABLE: io exception
2023-12-21 09:24:52,429 [grpc-default-executor-4] WARN  server.GrpcLogAppender (GrpcLogAppender.java:resetClient(140)) - 4150f76c-1cd9-4d5b-96cd-8dd0a9a12dd3@group-1F7EAD23F4F8->317bf553-3d1a-400b-8f1e-6110842f6590-GrpcLogAppender: Follower failed and request == null,  keep nextIndex (1) unchanged and retry.
2023-12-21 09:24:52,430 [grpc-default-executor-1] WARN  server.GrpcLogAppender (GrpcLogAppender.java:resetClient(140)) - 4150f76c-1cd9-4d5b-96cd-8dd0a9a12dd3@group-1F7EAD23F4F8->317bf553-3d1a-400b-8f1e-6110842f6590-GrpcLogAppender: Follower failed and request == null,  keep nextIndex (1) unchanged and retry.
2023-12-21 09:24:52,430 [grpc-default-executor-4] WARN  server.GrpcLogAppender (LogUtils.java:warn(121)) - 4150f76c-1cd9-4d5b-96cd-8dd0a9a12dd3@group-1F7EAD23F4F8->560c1385-c518-4739-80f6-d98c5390378b-AppendLogResponseHandler: Failed appendEntries: org.apache.ratis.thirdparty.io.grpc.StatusRuntimeException: UNAVAILABLE: io exception
2023-12-21 09:24:52,431 [grpc-default-executor-4] WARN  server.GrpcLogAppender (GrpcLogAppender.java:resetClient(140)) - 4150f76c-1cd9-4d5b-96cd-8dd0a9a12dd3@group-1F7EAD23F4F8->560c1385-c518-4739-80f6-d98c5390378b-GrpcLogAppender: Follower failed and request == null,  keep nextIndex (1) unchanged and retry.
2023-12-21 09:24:52,432 [grpc-default-executor-1] WARN  server.GrpcLogAppender (LogUtils.java:warn(121)) - 4150f76c-1cd9-4d5b-96cd-8dd0a9a12dd3@group-1F7EAD23F4F8->560c1385-c518-4739-80f6-d98c5390378b-AppendLogResponseHandler: Failed appendEntries: org.apache.ratis.thirdparty.io.grpc.StatusRuntimeException: UNAVAILABLE: io exception
2023-12-21 09:24:52,432 [grpc-default-executor-1] WARN  server.GrpcLogAppender (GrpcLogAppender.java:resetClient(140)) - 4150f76c-1cd9-4d5b-96cd-8dd0a9a12dd3@group-1F7EAD23F4F8->560c1385-c518-4739-80f6-d98c5390378b-GrpcLogAppender: Follower failed and request == null,  keep nextIndex (1) unchanged and retry.
2023-12-21 09:24:52,565 [35bb34bc-f9d7-49f2-90a3-8bcd6ca0b53b-impl-thread1] INFO  segmented.SegmentedRaftLogWorker (SegmentedRaftLogWorker.java:close(243)) - 35bb34bc-f9d7-49f2-90a3-8bcd6ca0b53b@group-902FD70C1046-SegmentedRaftLogWorker close()
2023-12-21 09:24:52,569 [35bb34bc-f9d7-49f2-90a3-8bcd6ca0b53b-impl-thread2] INFO  segmented.SegmentedRaftLogWorker (SegmentedRaftLogWorker.java:close(243)) - 35bb34bc-f9d7-49f2-90a3-8bcd6ca0b53b@group-9735F55147B9-SegmentedRaftLogWorker close()
2023-12-21 09:24:52,570 [JvmPauseMonitor25] INFO  util.JvmPauseMonitor (JvmPauseMonitor.java:run(152)) - JvmPauseMonitor-35bb34bc-f9d7-49f2-90a3-8bcd6ca0b53b: Stopped
2023-12-21 09:24:52,582 [981caf93-6f40-449f-9dad-f58530f26ff1-impl-thread2] INFO  segmented.SegmentedRaftLogWorker (SegmentedRaftLogWorker.java:close(243)) - 981caf93-6f40-449f-9dad-f58530f26ff1@group-9735F55147B9-SegmentedRaftLogWorker close()
2023-12-21 09:24:52,584 [6ad9de2f-8cae-4626-ab4a-3c10d9751b2a-impl-thread2] INFO  segmented.SegmentedRaftLogWorker (SegmentedRaftLogWorker.java:close(243)) - 6ad9de2f-8cae-4626-ab4a-3c10d9751b2a@group-9735F55147B9-SegmentedRaftLogWorker close()
2023-12-21 09:24:52,585 [JvmPauseMonitor24] INFO  util.JvmPauseMonitor (JvmPauseMonitor.java:run(152)) - JvmPauseMonitor-6ad9de2f-8cae-4626-ab4a-3c10d9751b2a: Stopped
2023-12-21 09:24:52,612 [981caf93-6f40-449f-9dad-f58530f26ff1-impl-thread1] INFO  segmented.SegmentedRaftLogWorker (SegmentedRaftLogWorker.java:close(243)) - 981caf93-6f40-449f-9dad-f58530f26ff1@group-810570C96F35-SegmentedRaftLogWorker close()
2023-12-21 09:24:52,613 [JvmPauseMonitor26] INFO  util.JvmPauseMonitor (JvmPauseMonitor.java:run(152)) - JvmPauseMonitor-981caf93-6f40-449f-9dad-f58530f26ff1: Stopped
2023-12-21 09:24:52,817 [560c1385-c518-4739-80f6-d98c5390378b-impl-thread1] INFO  segmented.SegmentedRaftLogWorker (SegmentedRaftLogWorker.java:close(243)) - 560c1385-c518-4739-80f6-d98c5390378b@group-3E5A09133106-SegmentedRaftLogWorker close()
2023-12-21 09:24:52,848 [317bf553-3d1a-400b-8f1e-6110842f6590-impl-thread1] INFO  segmented.SegmentedRaftLogWorker (SegmentedRaftLogWorker.java:close(243)) - 317bf553-3d1a-400b-8f1e-6110842f6590@group-EE672A5843D9-SegmentedRaftLogWorker close()
2023-12-21 09:24:52,920 [317bf553-3d1a-400b-8f1e-6110842f6590-impl-thread2] INFO  segmented.SegmentedRaftLogWorker (SegmentedRaftLogWorker.java:close(243)) - 317bf553-3d1a-400b-8f1e-6110842f6590@group-1F7EAD23F4F8-SegmentedRaftLogWorker close()
2023-12-21 09:24:52,920 [560c1385-c518-4739-80f6-d98c5390378b-impl-thread2] INFO  segmented.SegmentedRaftLogWorker (SegmentedRaftLogWorker.java:close(243)) - 560c1385-c518-4739-80f6-d98c5390378b@group-1F7EAD23F4F8-SegmentedRaftLogWorker close()
2023-12-21 09:24:52,924 [JvmPauseMonitor29] INFO  util.JvmPauseMonitor (JvmPauseMonitor.java:run(152)) - JvmPauseMonitor-317bf553-3d1a-400b-8f1e-6110842f6590: Stopped
2023-12-21 09:24:52,925 [JvmPauseMonitor27] INFO  util.JvmPauseMonitor (JvmPauseMonitor.java:run(152)) - JvmPauseMonitor-560c1385-c518-4739-80f6-d98c5390378b: Stopped
2023-12-21 09:24:52,993 [4071302e-cf40-440c-a20f-829f10e9e05e-impl-thread2] INFO  segmented.SegmentedRaftLogWorker (SegmentedRaftLogWorker.java:close(243)) - 4071302e-cf40-440c-a20f-829f10e9e05e@group-3A2EE96509FB-SegmentedRaftLogWorker close()
2023-12-21 09:24:53,011 [b2354cd0-7648-4a6f-abf9-b9cf43c56f40-impl-thread2] INFO  segmented.SegmentedRaftLogWorker (SegmentedRaftLogWorker.java:close(243)) - b2354cd0-7648-4a6f-abf9-b9cf43c56f40@group-1A72E0252880-SegmentedRaftLogWorker close()
2023-12-21 09:24:53,127 [b2354cd0-7648-4a6f-abf9-b9cf43c56f40-impl-thread1] INFO  segmented.SegmentedRaftLogWorker (SegmentedRaftLogWorker.java:close(243)) - b2354cd0-7648-4a6f-abf9-b9cf43c56f40@group-F3A27B024772-SegmentedRaftLogWorker close()
2023-12-21 09:24:53,128 [JvmPauseMonitor31] INFO  util.JvmPauseMonitor (JvmPauseMonitor.java:run(152)) - JvmPauseMonitor-b2354cd0-7648-4a6f-abf9-b9cf43c56f40: Stopped
2023-12-21 09:24:53,144 [32aac600-864d-469c-bbc4-bdc2d2a366d8-impl-thread1] INFO  segmented.SegmentedRaftLogWorker (SegmentedRaftLogWorker.java:close(243)) - 32aac600-864d-469c-bbc4-bdc2d2a366d8@group-F3A27B024772-SegmentedRaftLogWorker close()
2023-12-21 09:24:53,163 [4071302e-cf40-440c-a20f-829f10e9e05e-impl-thread1] INFO  segmented.SegmentedRaftLogWorker (SegmentedRaftLogWorker.java:close(243)) - 4071302e-cf40-440c-a20f-829f10e9e05e@group-F3A27B024772-SegmentedRaftLogWorker close()
2023-12-21 09:24:53,163 [JvmPauseMonitor30] INFO  util.JvmPauseMonitor (JvmPauseMonitor.java:run(152)) - JvmPauseMonitor-4071302e-cf40-440c-a20f-829f10e9e05e: Stopped
2023-12-21 09:24:53,183 [32aac600-864d-469c-bbc4-bdc2d2a366d8-impl-thread2] INFO  segmented.SegmentedRaftLogWorker (SegmentedRaftLogWorker.java:close(243)) - 32aac600-864d-469c-bbc4-bdc2d2a366d8@group-7901C159276A-SegmentedRaftLogWorker close()
2023-12-21 09:24:53,184 [JvmPauseMonitor32] INFO  util.JvmPauseMonitor (JvmPauseMonitor.java:run(152)) - JvmPauseMonitor-32aac600-864d-469c-bbc4-bdc2d2a366d8: Stopped
2023-12-21 09:24:53,681 [grpc-default-executor-1] WARN  server.GrpcLogAppender (LogUtils.java:warn(121)) - 4150f76c-1cd9-4d5b-96cd-8dd0a9a12dd3@group-1F7EAD23F4F8->317bf553-3d1a-400b-8f1e-6110842f6590-AppendLogResponseHandler: Failed appendEntries: org.apache.ratis.thirdparty.io.grpc.StatusRuntimeException: UNAVAILABLE: io exception
2023-12-21 09:24:53,681 [grpc-default-executor-4] WARN  server.GrpcLogAppender (LogUtils.java:warn(121)) - 4150f76c-1cd9-4d5b-96cd-8dd0a9a12dd3@group-1F7EAD23F4F8->317bf553-3d1a-400b-8f1e-6110842f6590-AppendLogResponseHandler: Failed appendEntries: org.apache.ratis.thirdparty.io.grpc.StatusRuntimeException: UNAVAILABLE: io exception
2023-12-21 09:24:53,682 [grpc-default-executor-1] WARN  server.GrpcLogAppender (GrpcLogAppender.java:resetClient(140)) - 4150f76c-1cd9-4d5b-96cd-8dd0a9a12dd3@group-1F7EAD23F4F8->317bf553-3d1a-400b-8f1e-6110842f6590-GrpcLogAppender: Follower failed and request == null,  keep nextIndex (1) unchanged and retry.
2023-12-21 09:24:53,682 [grpc-default-executor-3] WARN  server.GrpcLogAppender (LogUtils.java:warn(121)) - 4150f76c-1cd9-4d5b-96cd-8dd0a9a12dd3@group-1F7EAD23F4F8->560c1385-c518-4739-80f6-d98c5390378b-AppendLogResponseHandler: Failed appendEntries: org.apache.ratis.thirdparty.io.grpc.StatusRuntimeException: UNAVAILABLE: io exception
2023-12-21 09:24:53,682 [grpc-default-executor-0] WARN  server.GrpcLogAppender (LogUtils.java:warn(121)) - 4150f76c-1cd9-4d5b-96cd-8dd0a9a12dd3@group-1F7EAD23F4F8->560c1385-c518-4739-80f6-d98c5390378b-AppendLogResponseHandler: Failed appendEntries: org.apache.ratis.thirdparty.io.grpc.StatusRuntimeException: UNAVAILABLE: io exception
2023-12-21 09:24:53,682 [grpc-default-executor-3] WARN  server.GrpcLogAppender (GrpcLogAppender.java:resetClient(140)) - 4150f76c-1cd9-4d5b-96cd-8dd0a9a12dd3@group-1F7EAD23F4F8->560c1385-c518-4739-80f6-d98c5390378b-GrpcLogAppender: Follower failed and request == null,  keep nextIndex (1) unchanged and retry.
2023-12-21 09:24:53,683 [grpc-default-executor-4] WARN  server.GrpcLogAppender (GrpcLogAppender.java:resetClient(140)) - 4150f76c-1cd9-4d5b-96cd-8dd0a9a12dd3@group-1F7EAD23F4F8->317bf553-3d1a-400b-8f1e-6110842f6590-GrpcLogAppender: Follower failed and request == null,  keep nextIndex (1) unchanged and retry.
2023-12-21 09:24:53,683 [grpc-default-executor-0] WARN  server.GrpcLogAppender (GrpcLogAppender.java:resetClient(140)) - 4150f76c-1cd9-4d5b-96cd-8dd0a9a12dd3@group-1F7EAD23F4F8->560c1385-c518-4739-80f6-d98c5390378b-GrpcLogAppender: Follower failed and request == null,  keep nextIndex (1) unchanged and retry.
2023-12-21 09:24:53,687 [grpc-default-executor-4] WARN  server.GrpcLogAppender (LogUtils.java:warn(121)) - 4150f76c-1cd9-4d5b-96cd-8dd0a9a12dd3@group-1F7EAD23F4F8->560c1385-c518-4739-80f6-d98c5390378b-AppendLogResponseHandler: Failed appendEntries: org.apache.ratis.thirdparty.io.grpc.StatusRuntimeException: UNAVAILABLE: io exception
2023-12-21 09:24:53,688 [grpc-default-executor-4] WARN  server.GrpcLogAppender (GrpcLogAppender.java:resetClient(140)) - 4150f76c-1cd9-4d5b-96cd-8dd0a9a12dd3@group-1F7EAD23F4F8->560c1385-c518-4739-80f6-d98c5390378b-GrpcLogAppender: Follower failed and request == null,  keep nextIndex (1) unchanged and retry.
2023-12-21 09:24:53,690 [grpc-default-executor-0] WARN  server.GrpcLogAppender (LogUtils.java:warn(121)) - 4150f76c-1cd9-4d5b-96cd-8dd0a9a12dd3@group-1F7EAD23F4F8->560c1385-c518-4739-80f6-d98c5390378b-AppendLogResponseHandler: Failed appendEntries: org.apache.ratis.thirdparty.io.grpc.StatusRuntimeException: UNAVAILABLE: io exception
2023-12-21 09:24:53,691 [grpc-default-executor-0] WARN  server.GrpcLogAppender (GrpcLogAppender.java:resetClient(140)) - 4150f76c-1cd9-4d5b-96cd-8dd0a9a12dd3@group-1F7EAD23F4F8->560c1385-c518-4739-80f6-d98c5390378b-GrpcLogAppender: Follower failed and request == null,  keep nextIndex (1) unchanged and retry.
2023-12-21 09:24:54,573 [ForkJoinPool.commonPool-worker-1] INFO  utils.DatanodeStoreCache (DatanodeStoreCache.java:shutdownCache(110)) - Skip clearing cache in mini cluster mode. Entries left: [/home/runner/work/ozone/ozone/hadoop-ozone/integration-test/target/test-dir/MiniOzoneClusterImpl-e4d55aeb-da58-408a-87dd-e45f7ef8a31a/datanode-0/data-0/containers/hdds/e4d55aeb-da58-408a-87dd-e45f7ef8a31a/DS-95ccec9f-17a4-4fef-b98e-665e78fa39cc/container.db, /home/runner/work/ozone/ozone/hadoop-ozone/integration-test/target/test-dir/MiniOzoneClusterImpl-e4d55aeb-da58-408a-87dd-e45f7ef8a31a/datanode-1/data-0/containers/hdds/e4d55aeb-da58-408a-87dd-e45f7ef8a31a/DS-2c92598a-3957-4149-bc77-9c98b1f6cbf3/container.db, /home/runner/work/ozone/ozone/hadoop-ozone/integration-test/target/test-dir/MiniOzoneClusterImpl-e4d55aeb-da58-408a-87dd-e45f7ef8a31a/datanode-2/data-0/containers/hdds/e4d55aeb-da58-408a-87dd-e45f7ef8a31a/DS-ad85b346-f1be-451d-a8a6-a246056a8a3c/container.db, /home/runner/work/ozone/ozone/hadoop-ozone/integration-test/target/test-dir/MiniOzoneClusterImpl-e4d55aeb-da58-408a-87dd-e45f7ef8a31a/datanode-3/data-0/containers/hdds/e4d55aeb-da58-408a-87dd-e45f7ef8a31a/DS-5b380043-f08b-4a67-9580-c9c602b57f84/container.db, /home/runner/work/ozone/ozone/hadoop-ozone/integration-test/target/test-dir/MiniOzoneClusterImpl-e4d55aeb-da58-408a-87dd-e45f7ef8a31a/datanode-4/data-0/containers/hdds/e4d55aeb-da58-408a-87dd-e45f7ef8a31a/DS-7b832cb2-7a83-4615-bbcc-6afa99317b8a/container.db, /home/runner/work/ozone/ozone/hadoop-ozone/integration-test/target/test-dir/MiniOzoneClusterImpl-e4d55aeb-da58-408a-87dd-e45f7ef8a31a/datanode-5/data-0/containers/hdds/e4d55aeb-da58-408a-87dd-e45f7ef8a31a/DS-10e99caa-d716-46fd-bf07-0740551b0ec6/container.db, /home/runner/work/ozone/ozone/hadoop-ozone/integration-test/target/test-dir/MiniOzoneClusterImpl-e4d55aeb-da58-408a-87dd-e45f7ef8a31a/datanode-6/data-0/containers/hdds/e4d55aeb-da58-408a-87dd-e45f7ef8a31a/DS-c884377a-dc62-4540-aa0b-8139174dce31/container.db, /home/runner/work/ozone/ozone/hadoop-ozone/integration-test/target/test-dir/MiniOzoneClusterImpl-e4d55aeb-da58-408a-87dd-e45f7ef8a31a/datanode-7/data-0/containers/hdds/e4d55aeb-da58-408a-87dd-e45f7ef8a31a/DS-a47fdcbc-9dda-4d30-83bc-590f863b82e4/container.db, /home/runner/work/ozone/ozone/hadoop-ozone/integration-test/target/test-dir/MiniOzoneClusterImpl-e4d55aeb-da58-408a-87dd-e45f7ef8a31a/datanode-8/data-0/containers/hdds/e4d55aeb-da58-408a-87dd-e45f7ef8a31a/DS-b803652e-641c-4ae3-b837-18298bbe75d5/container.db]
2023-12-21 09:24:54,576 [ForkJoinPool.commonPool-worker-1] INFO  utils.DatanodeStoreCache (DatanodeStoreCache.java:removeDB(104)) - Removed db /home/runner/work/ozone/ozone/hadoop-ozone/integration-test/target/test-dir/MiniOzoneClusterImpl-e4d55aeb-da58-408a-87dd-e45f7ef8a31a/datanode-1/data-0/containers/hdds/e4d55aeb-da58-408a-87dd-e45f7ef8a31a/DS-2c92598a-3957-4149-bc77-9c98b1f6cbf3/container.db from cache
2023-12-21 09:24:54,576 [ForkJoinPool.commonPool-worker-1] INFO  volume.HddsVolume (HddsVolume.java:closeDbStore(453)) - SchemaV3 db is stopped at /home/runner/work/ozone/ozone/hadoop-ozone/integration-test/target/test-dir/MiniOzoneClusterImpl-e4d55aeb-da58-408a-87dd-e45f7ef8a31a/datanode-1/data-0/containers/hdds/e4d55aeb-da58-408a-87dd-e45f7ef8a31a/DS-2c92598a-3957-4149-bc77-9c98b1f6cbf3/container.db for volume DS-2c92598a-3957-4149-bc77-9c98b1f6cbf3
2023-12-21 09:24:54,577 [ForkJoinPool.commonPool-worker-1] INFO  utils.BackgroundService (BackgroundService.java:shutdown(160)) - Shutting down service BlockDeletingService
2023-12-21 09:24:54,577 [ForkJoinPool.commonPool-worker-1] INFO  utils.BackgroundService (BackgroundService.java:shutdown(160)) - Shutting down service StaleRecoveringContainerScrubbingService
2023-12-21 09:24:54,579 [ForkJoinPool.commonPool-worker-1] INFO  statemachine.DatanodeStateMachine (DatanodeStateMachine.java:stopDaemon(638)) - Ozone container server stopped.
2023-12-21 09:24:54,581 [ForkJoinPool.commonPool-worker-1] INFO  handler.ContextHandler (ContextHandler.java:doStop(1159)) - Stopped o.e.j.w.WebAppContext@5e2b6fd0{hddsDatanode,/,null,STOPPED}{jar:file:/home/runner/.m2/repository/org/apache/ozone/hdds-container-service/1.5.0-SNAPSHOT/hdds-container-service-1.5.0-SNAPSHOT.jar!/webapps/hddsDatanode}
2023-12-21 09:24:54,581 [ForkJoinPool.commonPool-worker-1] INFO  server.AbstractConnector (AbstractConnector.java:doStop(383)) - Stopped ServerConnector@72ddb47a{HTTP/1.1, (http/1.1)}{0.0.0.0:15196}
2023-12-21 09:24:54,581 [ForkJoinPool.commonPool-worker-1] INFO  server.session (HouseKeeper.java:stopScavenging(149)) - node0 Stopped scavenging
2023-12-21 09:24:54,582 [ForkJoinPool.commonPool-worker-1] INFO  handler.ContextHandler (ContextHandler.java:doStop(1159)) - Stopped o.e.j.s.ServletContextHandler@90181ca{static,/static,jar:file:/home/runner/.m2/repository/org/apache/ozone/hdds-container-service/1.5.0-SNAPSHOT/hdds-container-service-1.5.0-SNAPSHOT.jar!/webapps/static,STOPPED}
2023-12-21 09:24:54,582 [ForkJoinPool.commonPool-worker-1] INFO  handler.ContextHandler (ContextHandler.java:doStop(1159)) - Stopped o.e.j.s.ServletContextHandler@14bdd8a6{logs,/logs,file:///home/runner/work/ozone/ozone/hadoop-ozone/integration-test/target/log,STOPPED}
2023-12-21 09:24:54,583 [ForkJoinPool.commonPool-worker-1] INFO  ozone.HddsDatanodeClientProtocolServer (HddsDatanodeClientProtocolServer.java:stop(78)) - Stopping the RPC server for Client Protocol
2023-12-21 09:24:54,583 [ForkJoinPool.commonPool-worker-1] INFO  ipc.Server (Server.java:stop(3523)) - Stopping server on 15197
2023-12-21 09:24:54,584 [IPC Server listener on 15197] INFO  ipc.Server (Server.java:run(1434)) - Stopping IPC Server listener on 15197
2023-12-21 09:24:54,584 [IPC Server Responder] INFO  ipc.Server (Server.java:run(1567)) - Stopping IPC Server Responder
2023-12-21 09:24:54,587 [ForkJoinPool.commonPool-worker-1] INFO  ozoneimpl.OzoneContainer (OzoneContainer.java:stop(463)) - Attempting to stop container services.
2023-12-21 09:24:54,588 [ForkJoinPool.commonPool-worker-1] INFO  server.RaftServer (RaftServerProxy.java:lambda$close$9(416)) - 4150f76c-1cd9-4d5b-96cd-8dd0a9a12dd3: close
2023-12-21 09:24:54,588 [4150f76c-1cd9-4d5b-96cd-8dd0a9a12dd3-impl-thread1] INFO  server.RaftServer$Division (RaftServerImpl.java:lambda$close$3(516)) - 4150f76c-1cd9-4d5b-96cd-8dd0a9a12dd3@group-1F7EAD23F4F8: shutdown
2023-12-21 09:24:54,588 [ForkJoinPool.commonPool-worker-1] INFO  server.GrpcService (GrpcService.java:closeImpl(311)) - 4150f76c-1cd9-4d5b-96cd-8dd0a9a12dd3: shutdown server org.apache.ratis.grpc.server.GrpcClientProtocolService now
2023-12-21 09:24:54,588 [4150f76c-1cd9-4d5b-96cd-8dd0a9a12dd3-impl-thread2] INFO  server.RaftServer$Division (RaftServerImpl.java:lambda$close$3(516)) - 4150f76c-1cd9-4d5b-96cd-8dd0a9a12dd3@group-4E788A642CCF: shutdown
2023-12-21 09:24:54,588 [4150f76c-1cd9-4d5b-96cd-8dd0a9a12dd3-impl-thread2] INFO  util.JmxRegister (JmxRegister.java:unregister(73)) - Successfully un-registered JMX Bean with object name Ratis:service=RaftServer,group=group-4E788A642CCF,id=4150f76c-1cd9-4d5b-96cd-8dd0a9a12dd3
2023-12-21 09:24:54,588 [4150f76c-1cd9-4d5b-96cd-8dd0a9a12dd3-impl-thread2] INFO  impl.RoleInfo (RoleInfo.java:shutdownLeaderState(94)) - 4150f76c-1cd9-4d5b-96cd-8dd0a9a12dd3: shutdown 4150f76c-1cd9-4d5b-96cd-8dd0a9a12dd3@group-4E788A642CCF-LeaderStateImpl
2023-12-21 09:24:54,588 [4150f76c-1cd9-4d5b-96cd-8dd0a9a12dd3-impl-thread2] INFO  impl.PendingRequests (PendingRequests.java:sendNotLeaderResponses(289)) - 4150f76c-1cd9-4d5b-96cd-8dd0a9a12dd3@group-4E788A642CCF-PendingRequests: sendNotLeaderResponses
2023-12-21 09:24:54,588 [Thread-2956] INFO  server.GrpcServerProtocolClient (GrpcServerProtocolClient.java:close(103)) - 560c1385-c518-4739-80f6-d98c5390378b Close channels
2023-12-21 09:24:54,589 [Thread-2958] INFO  server.GrpcServerProtocolClient (GrpcServerProtocolClient.java:close(103)) - 317bf553-3d1a-400b-8f1e-6110842f6590 Close channels
2023-12-21 09:24:54,589 [4150f76c-1cd9-4d5b-96cd-8dd0a9a12dd3@group-4E788A642CCF-StateMachineUpdater] INFO  ratis.ContainerStateMachine (ContainerStateMachine.java:takeSnapshot(355)) - group-4E788A642CCF: Taking a snapshot at:(t:1, i:0) file /home/runner/work/ozone/ozone/hadoop-ozone/integration-test/target/test-dir/MiniOzoneClusterImpl-e4d55aeb-da58-408a-87dd-e45f7ef8a31a/datanode-4/data/ratis/cc81a815-8a9f-4a67-9b10-4e788a642ccf/sm/snapshot.1_0
2023-12-21 09:24:54,589 [4150f76c-1cd9-4d5b-96cd-8dd0a9a12dd3-impl-thread2] INFO  impl.StateMachineUpdater (StateMachineUpdater.java:stopAndJoin(157)) - 4150f76c-1cd9-4d5b-96cd-8dd0a9a12dd3@group-4E788A642CCF-StateMachineUpdater: set stopIndex = 0
2023-12-21 09:24:54,588 [4150f76c-1cd9-4d5b-96cd-8dd0a9a12dd3-impl-thread1] INFO  util.JmxRegister (JmxRegister.java:unregister(73)) - Successfully un-registered JMX Bean with object name Ratis:service=RaftServer,group=group-1F7EAD23F4F8,id=4150f76c-1cd9-4d5b-96cd-8dd0a9a12dd3
2023-12-21 09:24:54,589 [4150f76c-1cd9-4d5b-96cd-8dd0a9a12dd3-impl-thread1] INFO  impl.RoleInfo (RoleInfo.java:shutdownLeaderState(94)) - 4150f76c-1cd9-4d5b-96cd-8dd0a9a12dd3: shutdown 4150f76c-1cd9-4d5b-96cd-8dd0a9a12dd3@group-1F7EAD23F4F8-LeaderStateImpl
2023-12-21 09:24:54,590 [4150f76c-1cd9-4d5b-96cd-8dd0a9a12dd3-impl-thread1] INFO  impl.PendingRequests (PendingRequests.java:sendNotLeaderResponses(289)) - 4150f76c-1cd9-4d5b-96cd-8dd0a9a12dd3@group-1F7EAD23F4F8-PendingRequests: sendNotLeaderResponses
2023-12-21 09:24:54,590 [4150f76c-1cd9-4d5b-96cd-8dd0a9a12dd3@group-1F7EAD23F4F8->560c1385-c518-4739-80f6-d98c5390378b-GrpcLogAppender-LogAppenderDaemon] WARN  server.GrpcLogAppender (GrpcLogAppender.java:mayWait(212)) - 4150f76c-1cd9-4d5b-96cd-8dd0a9a12dd3@group-1F7EAD23F4F8->560c1385-c518-4739-80f6-d98c5390378b-GrpcLogAppender: Wait interrupted by java.lang.InterruptedException
2023-12-21 09:24:54,590 [4150f76c-1cd9-4d5b-96cd-8dd0a9a12dd3@group-1F7EAD23F4F8->317bf553-3d1a-400b-8f1e-6110842f6590-GrpcLogAppender-LogAppenderDaemon] WARN  server.GrpcLogAppender (GrpcLogAppender.java:mayWait(212)) - 4150f76c-1cd9-4d5b-96cd-8dd0a9a12dd3@group-1F7EAD23F4F8->317bf553-3d1a-400b-8f1e-6110842f6590-GrpcLogAppender: Wait interrupted by java.lang.InterruptedException
2023-12-21 09:24:54,590 [ForkJoinPool.commonPool-worker-0] INFO  utils.DatanodeStoreCache (DatanodeStoreCache.java:shutdownCache(110)) - Skip clearing cache in mini cluster mode. Entries left: [/home/runner/work/ozone/ozone/hadoop-ozone/integration-test/target/test-dir/MiniOzoneClusterImpl-e4d55aeb-da58-408a-87dd-e45f7ef8a31a/datanode-0/data-0/containers/hdds/e4d55aeb-da58-408a-87dd-e45f7ef8a31a/DS-95ccec9f-17a4-4fef-b98e-665e78fa39cc/container.db, /home/runner/work/ozone/ozone/hadoop-ozone/integration-test/target/test-dir/MiniOzoneClusterImpl-e4d55aeb-da58-408a-87dd-e45f7ef8a31a/datanode-2/data-0/containers/hdds/e4d55aeb-da58-408a-87dd-e45f7ef8a31a/DS-ad85b346-f1be-451d-a8a6-a246056a8a3c/container.db, /home/runner/work/ozone/ozone/hadoop-ozone/integration-test/target/test-dir/MiniOzoneClusterImpl-e4d55aeb-da58-408a-87dd-e45f7ef8a31a/datanode-3/data-0/containers/hdds/e4d55aeb-da58-408a-87dd-e45f7ef8a31a/DS-5b380043-f08b-4a67-9580-c9c602b57f84/container.db, /home/runner/work/ozone/ozone/hadoop-ozone/integration-test/target/test-dir/MiniOzoneClusterImpl-e4d55aeb-da58-408a-87dd-e45f7ef8a31a/datanode-4/data-0/containers/hdds/e4d55aeb-da58-408a-87dd-e45f7ef8a31a/DS-7b832cb2-7a83-4615-bbcc-6afa99317b8a/container.db, /home/runner/work/ozone/ozone/hadoop-ozone/integration-test/target/test-dir/MiniOzoneClusterImpl-e4d55aeb-da58-408a-87dd-e45f7ef8a31a/datanode-5/data-0/containers/hdds/e4d55aeb-da58-408a-87dd-e45f7ef8a31a/DS-10e99caa-d716-46fd-bf07-0740551b0ec6/container.db, /home/runner/work/ozone/ozone/hadoop-ozone/integration-test/target/test-dir/MiniOzoneClusterImpl-e4d55aeb-da58-408a-87dd-e45f7ef8a31a/datanode-6/data-0/containers/hdds/e4d55aeb-da58-408a-87dd-e45f7ef8a31a/DS-c884377a-dc62-4540-aa0b-8139174dce31/container.db, /home/runner/work/ozone/ozone/hadoop-ozone/integration-test/target/test-dir/MiniOzoneClusterImpl-e4d55aeb-da58-408a-87dd-e45f7ef8a31a/datanode-7/data-0/containers/hdds/e4d55aeb-da58-408a-87dd-e45f7ef8a31a/DS-a47fdcbc-9dda-4d30-83bc-590f863b82e4/container.db, /home/runner/work/ozone/ozone/hadoop-ozone/integration-test/target/test-dir/MiniOzoneClusterImpl-e4d55aeb-da58-408a-87dd-e45f7ef8a31a/datanode-8/data-0/containers/hdds/e4d55aeb-da58-408a-87dd-e45f7ef8a31a/DS-b803652e-641c-4ae3-b837-18298bbe75d5/container.db]
2023-12-21 09:24:54,590 [4150f76c-1cd9-4d5b-96cd-8dd0a9a12dd3-impl-thread1] INFO  impl.StateMachineUpdater (StateMachineUpdater.java:stopAndJoin(157)) - 4150f76c-1cd9-4d5b-96cd-8dd0a9a12dd3@group-1F7EAD23F4F8-StateMachineUpdater: set stopIndex = 0
2023-12-21 09:24:54,590 [4150f76c-1cd9-4d5b-96cd-8dd0a9a12dd3@group-1F7EAD23F4F8-StateMachineUpdater] INFO  ratis.ContainerStateMachine (ContainerStateMachine.java:takeSnapshot(355)) - group-1F7EAD23F4F8: Taking a snapshot at:(t:1, i:0) file /home/runner/work/ozone/ozone/hadoop-ozone/integration-test/target/test-dir/MiniOzoneClusterImpl-e4d55aeb-da58-408a-87dd-e45f7ef8a31a/datanode-4/data/ratis/0a5ad6f6-c95c-4872-a7cf-1f7ead23f4f8/sm/snapshot.1_0
2023-12-21 09:24:54,592 [ForkJoinPool.commonPool-worker-0] INFO  utils.DatanodeStoreCache (DatanodeStoreCache.java:removeDB(104)) - Removed db /home/runner/work/ozone/ozone/hadoop-ozone/integration-test/target/test-dir/MiniOzoneClusterImpl-e4d55aeb-da58-408a-87dd-e45f7ef8a31a/datanode-0/data-0/containers/hdds/e4d55aeb-da58-408a-87dd-e45f7ef8a31a/DS-95ccec9f-17a4-4fef-b98e-665e78fa39cc/container.db from cache
2023-12-21 09:24:54,592 [ForkJoinPool.commonPool-worker-0] INFO  volume.HddsVolume (HddsVolume.java:closeDbStore(453)) - SchemaV3 db is stopped at /home/runner/work/ozone/ozone/hadoop-ozone/integration-test/target/test-dir/MiniOzoneClusterImpl-e4d55aeb-da58-408a-87dd-e45f7ef8a31a/datanode-0/data-0/containers/hdds/e4d55aeb-da58-408a-87dd-e45f7ef8a31a/DS-95ccec9f-17a4-4fef-b98e-665e78fa39cc/container.db for volume DS-95ccec9f-17a4-4fef-b98e-665e78fa39cc
2023-12-21 09:24:54,593 [ForkJoinPool.commonPool-worker-1] INFO  server.GrpcService (GrpcService.java:closeImpl(320)) - 4150f76c-1cd9-4d5b-96cd-8dd0a9a12dd3: shutdown server org.apache.ratis.grpc.server.GrpcClientProtocolService successfully
2023-12-21 09:24:54,593 [ForkJoinPool.commonPool-worker-1] INFO  server.GrpcService (GrpcService.java:closeImpl(311)) - 4150f76c-1cd9-4d5b-96cd-8dd0a9a12dd3: shutdown server GrpcServerProtocolService now
2023-12-21 09:24:54,593 [4150f76c-1cd9-4d5b-96cd-8dd0a9a12dd3@group-4E788A642CCF-StateMachineUpdater] INFO  ratis.ContainerStateMachine (ContainerStateMachine.java:takeSnapshot(366)) - group-4E788A642CCF: Finished taking a snapshot at:(t:1, i:0) file:/home/runner/work/ozone/ozone/hadoop-ozone/integration-test/target/test-dir/MiniOzoneClusterImpl-e4d55aeb-da58-408a-87dd-e45f7ef8a31a/datanode-4/data/ratis/cc81a815-8a9f-4a67-9b10-4e788a642ccf/sm/snapshot.1_0 took: 4 ms
2023-12-21 09:24:54,593 [ForkJoinPool.commonPool-worker-1] INFO  server.GrpcService (GrpcService.java:closeImpl(320)) - 4150f76c-1cd9-4d5b-96cd-8dd0a9a12dd3: shutdown server GrpcServerProtocolService successfully
2023-12-21 09:24:54,593 [4150f76c-1cd9-4d5b-96cd-8dd0a9a12dd3@group-4E788A642CCF-StateMachineUpdater] INFO  impl.StateMachineUpdater (StateMachineUpdater.java:takeSnapshot(295)) - 4150f76c-1cd9-4d5b-96cd-8dd0a9a12dd3@group-4E788A642CCF-StateMachineUpdater: Took a snapshot at index 0
2023-12-21 09:24:54,593 [4150f76c-1cd9-4d5b-96cd-8dd0a9a12dd3@group-1F7EAD23F4F8-StateMachineUpdater] INFO  ratis.ContainerStateMachine (ContainerStateMachine.java:takeSnapshot(366)) - group-1F7EAD23F4F8: Finished taking a snapshot at:(t:1, i:0) file:/home/runner/work/ozone/ozone/hadoop-ozone/integration-test/target/test-dir/MiniOzoneClusterImpl-e4d55aeb-da58-408a-87dd-e45f7ef8a31a/datanode-4/data/ratis/0a5ad6f6-c95c-4872-a7cf-1f7ead23f4f8/sm/snapshot.1_0 took: 3 ms
2023-12-21 09:24:54,593 [ForkJoinPool.commonPool-worker-1] INFO  server.GrpcService (GrpcService.java:closeImpl(311)) - 4150f76c-1cd9-4d5b-96cd-8dd0a9a12dd3: shutdown server org.apache.ratis.grpc.server.GrpcAdminProtocolService now
2023-12-21 09:24:54,593 [4150f76c-1cd9-4d5b-96cd-8dd0a9a12dd3@group-1F7EAD23F4F8-StateMachineUpdater] INFO  impl.StateMachineUpdater (StateMachineUpdater.java:takeSnapshot(295)) - 4150f76c-1cd9-4d5b-96cd-8dd0a9a12dd3@group-1F7EAD23F4F8-StateMachineUpdater: Took a snapshot at index 0
2023-12-21 09:24:54,593 [4150f76c-1cd9-4d5b-96cd-8dd0a9a12dd3@group-1F7EAD23F4F8-StateMachineUpdater] INFO  impl.StateMachineUpdater (StateMachineUpdater.java:lambda$new$0(98)) - 4150f76c-1cd9-4d5b-96cd-8dd0a9a12dd3@group-1F7EAD23F4F8-StateMachineUpdater: snapshotIndex: updateIncreasingly -1 -> 0
2023-12-21 09:24:54,593 [4150f76c-1cd9-4d5b-96cd-8dd0a9a12dd3@group-4E788A642CCF-StateMachineUpdater] INFO  impl.StateMachineUpdater (StateMachineUpdater.java:lambda$new$0(98)) - 4150f76c-1cd9-4d5b-96cd-8dd0a9a12dd3@group-4E788A642CCF-StateMachineUpdater: snapshotIndex: updateIncreasingly -1 -> 0
2023-12-21 09:24:54,594 [4150f76c-1cd9-4d5b-96cd-8dd0a9a12dd3-impl-thread1] INFO  server.RaftServer$Division (ServerState.java:close(423)) - 4150f76c-1cd9-4d5b-96cd-8dd0a9a12dd3@group-1F7EAD23F4F8: applyIndex: 0
2023-12-21 09:24:54,595 [4150f76c-1cd9-4d5b-96cd-8dd0a9a12dd3-impl-thread2] INFO  server.RaftServer$Division (ServerState.java:close(423)) - 4150f76c-1cd9-4d5b-96cd-8dd0a9a12dd3@group-4E788A642CCF: applyIndex: 0
2023-12-21 09:24:54,594 [ForkJoinPool.commonPool-worker-0] INFO  utils.BackgroundService (BackgroundService.java:shutdown(160)) - Shutting down service BlockDeletingService
2023-12-21 09:24:54,595 [4150f76c-1cd9-4d5b-96cd-8dd0a9a12dd3@group-4E788A642CCF-cacheEviction-AwaitToRun] INFO  util.AwaitToRun (AwaitToRun.java:run(49)) - 4150f76c-1cd9-4d5b-96cd-8dd0a9a12dd3@group-4E788A642CCF-cacheEviction-AwaitToRun-AwaitForSignal is interrupted
2023-12-21 09:24:54,595 [ForkJoinPool.commonPool-worker-1] INFO  server.GrpcService (GrpcService.java:closeImpl(320)) - 4150f76c-1cd9-4d5b-96cd-8dd0a9a12dd3: shutdown server org.apache.ratis.grpc.server.GrpcAdminProtocolService successfully
2023-12-21 09:24:54,595 [4150f76c-1cd9-4d5b-96cd-8dd0a9a12dd3@group-1F7EAD23F4F8-cacheEviction-AwaitToRun] INFO  util.AwaitToRun (AwaitToRun.java:run(49)) - 4150f76c-1cd9-4d5b-96cd-8dd0a9a12dd3@group-1F7EAD23F4F8-cacheEviction-AwaitToRun-AwaitForSignal is interrupted
2023-12-21 09:24:54,595 [4150f76c-1cd9-4d5b-96cd-8dd0a9a12dd3-NettyServerStreamRpc-bossGroup--thread1] INFO  logging.LoggingHandler (AbstractInternalLogger.java:log(148)) - [id: 0x9fd21743, L:/0.0.0.0:15229] CLOSE
2023-12-21 09:24:54,595 [4150f76c-1cd9-4d5b-96cd-8dd0a9a12dd3-NettyServerStreamRpc-bossGroup--thread1] INFO  logging.LoggingHandler (AbstractInternalLogger.java:log(148)) - [id: 0x9fd21743, L:/0.0.0.0:15229] INACTIVE
2023-12-21 09:24:54,595 [4150f76c-1cd9-4d5b-96cd-8dd0a9a12dd3-NettyServerStreamRpc-bossGroup--thread1] INFO  logging.LoggingHandler (AbstractInternalLogger.java:log(148)) - [id: 0x9fd21743, L:/0.0.0.0:15229] UNREGISTERED
2023-12-21 09:24:54,595 [ForkJoinPool.commonPool-worker-0] INFO  utils.BackgroundService (BackgroundService.java:shutdown(160)) - Shutting down service StaleRecoveringContainerScrubbingService
2023-12-21 09:24:54,597 [ForkJoinPool.commonPool-worker-0] INFO  statemachine.DatanodeStateMachine (DatanodeStateMachine.java:stopDaemon(638)) - Ozone container server stopped.
2023-12-21 09:24:54,601 [ForkJoinPool.commonPool-worker-0] INFO  handler.ContextHandler (ContextHandler.java:doStop(1159)) - Stopped o.e.j.w.WebAppContext@1fc009cd{hddsDatanode,/,null,STOPPED}{jar:file:/home/runner/.m2/repository/org/apache/ozone/hdds-container-service/1.5.0-SNAPSHOT/hdds-container-service-1.5.0-SNAPSHOT.jar!/webapps/hddsDatanode}
2023-12-21 09:24:54,602 [ForkJoinPool.commonPool-worker-0] INFO  server.AbstractConnector (AbstractConnector.java:doStop(383)) - Stopped ServerConnector@55f54843{HTTP/1.1, (http/1.1)}{0.0.0.0:15187}
2023-12-21 09:24:54,602 [ForkJoinPool.commonPool-worker-0] INFO  server.session (HouseKeeper.java:stopScavenging(149)) - node0 Stopped scavenging
2023-12-21 09:24:54,602 [ForkJoinPool.commonPool-worker-0] INFO  handler.ContextHandler (ContextHandler.java:doStop(1159)) - Stopped o.e.j.s.ServletContextHandler@31ca1cc4{static,/static,jar:file:/home/runner/.m2/repository/org/apache/ozone/hdds-container-service/1.5.0-SNAPSHOT/hdds-container-service-1.5.0-SNAPSHOT.jar!/webapps/static,STOPPED}
2023-12-21 09:24:54,604 [ForkJoinPool.commonPool-worker-0] INFO  handler.ContextHandler (ContextHandler.java:doStop(1159)) - Stopped o.e.j.s.ServletContextHandler@5e467904{logs,/logs,file:///home/runner/work/ozone/ozone/hadoop-ozone/integration-test/target/log,STOPPED}
2023-12-21 09:24:54,605 [ForkJoinPool.commonPool-worker-0] INFO  ozone.HddsDatanodeClientProtocolServer (HddsDatanodeClientProtocolServer.java:stop(78)) - Stopping the RPC server for Client Protocol
2023-12-21 09:24:54,605 [ForkJoinPool.commonPool-worker-0] INFO  ipc.Server (Server.java:stop(3523)) - Stopping server on 15188
2023-12-21 09:24:54,606 [IPC Server listener on 15188] INFO  ipc.Server (Server.java:run(1434)) - Stopping IPC Server listener on 15188
2023-12-21 09:24:54,606 [IPC Server Responder] INFO  ipc.Server (Server.java:run(1567)) - Stopping IPC Server Responder
2023-12-21 09:24:54,616 [ForkJoinPool.commonPool-worker-7] INFO  utils.DatanodeStoreCache (DatanodeStoreCache.java:shutdownCache(110)) - Skip clearing cache in mini cluster mode. Entries left: [/home/runner/work/ozone/ozone/hadoop-ozone/integration-test/target/test-dir/MiniOzoneClusterImpl-e4d55aeb-da58-408a-87dd-e45f7ef8a31a/datanode-2/data-0/containers/hdds/e4d55aeb-da58-408a-87dd-e45f7ef8a31a/DS-ad85b346-f1be-451d-a8a6-a246056a8a3c/container.db, /home/runner/work/ozone/ozone/hadoop-ozone/integration-test/target/test-dir/MiniOzoneClusterImpl-e4d55aeb-da58-408a-87dd-e45f7ef8a31a/datanode-3/data-0/containers/hdds/e4d55aeb-da58-408a-87dd-e45f7ef8a31a/DS-5b380043-f08b-4a67-9580-c9c602b57f84/container.db, /home/runner/work/ozone/ozone/hadoop-ozone/integration-test/target/test-dir/MiniOzoneClusterImpl-e4d55aeb-da58-408a-87dd-e45f7ef8a31a/datanode-4/data-0/containers/hdds/e4d55aeb-da58-408a-87dd-e45f7ef8a31a/DS-7b832cb2-7a83-4615-bbcc-6afa99317b8a/container.db, /home/runner/work/ozone/ozone/hadoop-ozone/integration-test/target/test-dir/MiniOzoneClusterImpl-e4d55aeb-da58-408a-87dd-e45f7ef8a31a/datanode-5/data-0/containers/hdds/e4d55aeb-da58-408a-87dd-e45f7ef8a31a/DS-10e99caa-d716-46fd-bf07-0740551b0ec6/container.db, /home/runner/work/ozone/ozone/hadoop-ozone/integration-test/target/test-dir/MiniOzoneClusterImpl-e4d55aeb-da58-408a-87dd-e45f7ef8a31a/datanode-6/data-0/containers/hdds/e4d55aeb-da58-408a-87dd-e45f7ef8a31a/DS-c884377a-dc62-4540-aa0b-8139174dce31/container.db, /home/runner/work/ozone/ozone/hadoop-ozone/integration-test/target/test-dir/MiniOzoneClusterImpl-e4d55aeb-da58-408a-87dd-e45f7ef8a31a/datanode-7/data-0/containers/hdds/e4d55aeb-da58-408a-87dd-e45f7ef8a31a/DS-a47fdcbc-9dda-4d30-83bc-590f863b82e4/container.db, /home/runner/work/ozone/ozone/hadoop-ozone/integration-test/target/test-dir/MiniOzoneClusterImpl-e4d55aeb-da58-408a-87dd-e45f7ef8a31a/datanode-8/data-0/containers/hdds/e4d55aeb-da58-408a-87dd-e45f7ef8a31a/DS-b803652e-641c-4ae3-b837-18298bbe75d5/container.db]
2023-12-21 09:24:54,617 [ForkJoinPool.commonPool-worker-7] INFO  utils.DatanodeStoreCache (DatanodeStoreCache.java:removeDB(104)) - Removed db /home/runner/work/ozone/ozone/hadoop-ozone/integration-test/target/test-dir/MiniOzoneClusterImpl-e4d55aeb-da58-408a-87dd-e45f7ef8a31a/datanode-2/data-0/containers/hdds/e4d55aeb-da58-408a-87dd-e45f7ef8a31a/DS-ad85b346-f1be-451d-a8a6-a246056a8a3c/container.db from cache
2023-12-21 09:24:54,617 [ForkJoinPool.commonPool-worker-7] INFO  volume.HddsVolume (HddsVolume.java:closeDbStore(453)) - SchemaV3 db is stopped at /home/runner/work/ozone/ozone/hadoop-ozone/integration-test/target/test-dir/MiniOzoneClusterImpl-e4d55aeb-da58-408a-87dd-e45f7ef8a31a/datanode-2/data-0/containers/hdds/e4d55aeb-da58-408a-87dd-e45f7ef8a31a/DS-ad85b346-f1be-451d-a8a6-a246056a8a3c/container.db for volume DS-ad85b346-f1be-451d-a8a6-a246056a8a3c
2023-12-21 09:24:54,617 [ForkJoinPool.commonPool-worker-7] INFO  utils.BackgroundService (BackgroundService.java:shutdown(160)) - Shutting down service BlockDeletingService
2023-12-21 09:24:54,618 [ForkJoinPool.commonPool-worker-7] INFO  utils.BackgroundService (BackgroundService.java:shutdown(160)) - Shutting down service StaleRecoveringContainerScrubbingService
2023-12-21 09:24:54,618 [ForkJoinPool.commonPool-worker-7] INFO  statemachine.DatanodeStateMachine (DatanodeStateMachine.java:stopDaemon(638)) - Ozone container server stopped.
2023-12-21 09:24:54,620 [ForkJoinPool.commonPool-worker-7] INFO  handler.ContextHandler (ContextHandler.java:doStop(1159)) - Stopped o.e.j.w.WebAppContext@3af4d49d{hddsDatanode,/,null,STOPPED}{jar:file:/home/runner/.m2/repository/org/apache/ozone/hdds-container-service/1.5.0-SNAPSHOT/hdds-container-service-1.5.0-SNAPSHOT.jar!/webapps/hddsDatanode}
2023-12-21 09:24:54,620 [ForkJoinPool.commonPool-worker-7] INFO  server.AbstractConnector (AbstractConnector.java:doStop(383)) - Stopped ServerConnector@394f2e02{HTTP/1.1, (http/1.1)}{0.0.0.0:15205}
2023-12-21 09:24:54,620 [ForkJoinPool.commonPool-worker-7] INFO  server.session (HouseKeeper.java:stopScavenging(149)) - node0 Stopped scavenging
2023-12-21 09:24:54,621 [ForkJoinPool.commonPool-worker-7] INFO  handler.ContextHandler (ContextHandler.java:doStop(1159)) - Stopped o.e.j.s.ServletContextHandler@1ca40818{static,/static,jar:file:/home/runner/.m2/repository/org/apache/ozone/hdds-container-service/1.5.0-SNAPSHOT/hdds-container-service-1.5.0-SNAPSHOT.jar!/webapps/static,STOPPED}
2023-12-21 09:24:54,621 [ForkJoinPool.commonPool-worker-7] INFO  handler.ContextHandler (ContextHandler.java:doStop(1159)) - Stopped o.e.j.s.ServletContextHandler@1ae6e1cc{logs,/logs,file:///home/runner/work/ozone/ozone/hadoop-ozone/integration-test/target/log,STOPPED}
2023-12-21 09:24:54,621 [ForkJoinPool.commonPool-worker-7] INFO  ozone.HddsDatanodeClientProtocolServer (HddsDatanodeClientProtocolServer.java:stop(78)) - Stopping the RPC server for Client Protocol
2023-12-21 09:24:54,622 [ForkJoinPool.commonPool-worker-7] INFO  ipc.Server (Server.java:stop(3523)) - Stopping server on 15206
2023-12-21 09:24:54,622 [IPC Server listener on 15206] INFO  ipc.Server (Server.java:run(1434)) - Stopping IPC Server listener on 15206
2023-12-21 09:24:54,622 [IPC Server Responder] INFO  ipc.Server (Server.java:run(1567)) - Stopping IPC Server Responder
2023-12-21 09:24:54,803 [4150f76c-1cd9-4d5b-96cd-8dd0a9a12dd3-impl-thread2] INFO  segmented.SegmentedRaftLogWorker (SegmentedRaftLogWorker.java:close(243)) - 4150f76c-1cd9-4d5b-96cd-8dd0a9a12dd3@group-4E788A642CCF-SegmentedRaftLogWorker close()
2023-12-21 09:24:54,908 [4150f76c-1cd9-4d5b-96cd-8dd0a9a12dd3-impl-thread1] INFO  segmented.SegmentedRaftLogWorker (SegmentedRaftLogWorker.java:close(243)) - 4150f76c-1cd9-4d5b-96cd-8dd0a9a12dd3@group-1F7EAD23F4F8-SegmentedRaftLogWorker close()
2023-12-21 09:24:54,909 [JvmPauseMonitor28] INFO  util.JvmPauseMonitor (JvmPauseMonitor.java:run(152)) - JvmPauseMonitor-4150f76c-1cd9-4d5b-96cd-8dd0a9a12dd3: Stopped
2023-12-21 09:24:54,927 [ForkJoinPool.commonPool-worker-3] INFO  utils.DatanodeStoreCache (DatanodeStoreCache.java:shutdownCache(110)) - Skip clearing cache in mini cluster mode. Entries left: [/home/runner/work/ozone/ozone/hadoop-ozone/integration-test/target/test-dir/MiniOzoneClusterImpl-e4d55aeb-da58-408a-87dd-e45f7ef8a31a/datanode-3/data-0/containers/hdds/e4d55aeb-da58-408a-87dd-e45f7ef8a31a/DS-5b380043-f08b-4a67-9580-c9c602b57f84/container.db, /home/runner/work/ozone/ozone/hadoop-ozone/integration-test/target/test-dir/MiniOzoneClusterImpl-e4d55aeb-da58-408a-87dd-e45f7ef8a31a/datanode-4/data-0/containers/hdds/e4d55aeb-da58-408a-87dd-e45f7ef8a31a/DS-7b832cb2-7a83-4615-bbcc-6afa99317b8a/container.db, /home/runner/work/ozone/ozone/hadoop-ozone/integration-test/target/test-dir/MiniOzoneClusterImpl-e4d55aeb-da58-408a-87dd-e45f7ef8a31a/datanode-5/data-0/containers/hdds/e4d55aeb-da58-408a-87dd-e45f7ef8a31a/DS-10e99caa-d716-46fd-bf07-0740551b0ec6/container.db, /home/runner/work/ozone/ozone/hadoop-ozone/integration-test/target/test-dir/MiniOzoneClusterImpl-e4d55aeb-da58-408a-87dd-e45f7ef8a31a/datanode-6/data-0/containers/hdds/e4d55aeb-da58-408a-87dd-e45f7ef8a31a/DS-c884377a-dc62-4540-aa0b-8139174dce31/container.db, /home/runner/work/ozone/ozone/hadoop-ozone/integration-test/target/test-dir/MiniOzoneClusterImpl-e4d55aeb-da58-408a-87dd-e45f7ef8a31a/datanode-7/data-0/containers/hdds/e4d55aeb-da58-408a-87dd-e45f7ef8a31a/DS-a47fdcbc-9dda-4d30-83bc-590f863b82e4/container.db, /home/runner/work/ozone/ozone/hadoop-ozone/integration-test/target/test-dir/MiniOzoneClusterImpl-e4d55aeb-da58-408a-87dd-e45f7ef8a31a/datanode-8/data-0/containers/hdds/e4d55aeb-da58-408a-87dd-e45f7ef8a31a/DS-b803652e-641c-4ae3-b837-18298bbe75d5/container.db]
2023-12-21 09:24:54,927 [main] INFO  utils.DatanodeStoreCache (DatanodeStoreCache.java:shutdownCache(110)) - Skip clearing cache in mini cluster mode. Entries left: [/home/runner/work/ozone/ozone/hadoop-ozone/integration-test/target/test-dir/MiniOzoneClusterImpl-e4d55aeb-da58-408a-87dd-e45f7ef8a31a/datanode-3/data-0/containers/hdds/e4d55aeb-da58-408a-87dd-e45f7ef8a31a/DS-5b380043-f08b-4a67-9580-c9c602b57f84/container.db, /home/runner/work/ozone/ozone/hadoop-ozone/integration-test/target/test-dir/MiniOzoneClusterImpl-e4d55aeb-da58-408a-87dd-e45f7ef8a31a/datanode-4/data-0/containers/hdds/e4d55aeb-da58-408a-87dd-e45f7ef8a31a/DS-7b832cb2-7a83-4615-bbcc-6afa99317b8a/container.db, /home/runner/work/ozone/ozone/hadoop-ozone/integration-test/target/test-dir/MiniOzoneClusterImpl-e4d55aeb-da58-408a-87dd-e45f7ef8a31a/datanode-5/data-0/containers/hdds/e4d55aeb-da58-408a-87dd-e45f7ef8a31a/DS-10e99caa-d716-46fd-bf07-0740551b0ec6/container.db, /home/runner/work/ozone/ozone/hadoop-ozone/integration-test/target/test-dir/MiniOzoneClusterImpl-e4d55aeb-da58-408a-87dd-e45f7ef8a31a/datanode-6/data-0/containers/hdds/e4d55aeb-da58-408a-87dd-e45f7ef8a31a/DS-c884377a-dc62-4540-aa0b-8139174dce31/container.db, /home/runner/work/ozone/ozone/hadoop-ozone/integration-test/target/test-dir/MiniOzoneClusterImpl-e4d55aeb-da58-408a-87dd-e45f7ef8a31a/datanode-7/data-0/containers/hdds/e4d55aeb-da58-408a-87dd-e45f7ef8a31a/DS-a47fdcbc-9dda-4d30-83bc-590f863b82e4/container.db, /home/runner/work/ozone/ozone/hadoop-ozone/integration-test/target/test-dir/MiniOzoneClusterImpl-e4d55aeb-da58-408a-87dd-e45f7ef8a31a/datanode-8/data-0/containers/hdds/e4d55aeb-da58-408a-87dd-e45f7ef8a31a/DS-b803652e-641c-4ae3-b837-18298bbe75d5/container.db]
2023-12-21 09:24:54,928 [ForkJoinPool.commonPool-worker-3] INFO  utils.DatanodeStoreCache (DatanodeStoreCache.java:removeDB(104)) - Removed db /home/runner/work/ozone/ozone/hadoop-ozone/integration-test/target/test-dir/MiniOzoneClusterImpl-e4d55aeb-da58-408a-87dd-e45f7ef8a31a/datanode-3/data-0/containers/hdds/e4d55aeb-da58-408a-87dd-e45f7ef8a31a/DS-5b380043-f08b-4a67-9580-c9c602b57f84/container.db from cache
2023-12-21 09:24:54,928 [ForkJoinPool.commonPool-worker-3] INFO  volume.HddsVolume (HddsVolume.java:closeDbStore(453)) - SchemaV3 db is stopped at /home/runner/work/ozone/ozone/hadoop-ozone/integration-test/target/test-dir/MiniOzoneClusterImpl-e4d55aeb-da58-408a-87dd-e45f7ef8a31a/datanode-3/data-0/containers/hdds/e4d55aeb-da58-408a-87dd-e45f7ef8a31a/DS-5b380043-f08b-4a67-9580-c9c602b57f84/container.db for volume DS-5b380043-f08b-4a67-9580-c9c602b57f84
2023-12-21 09:24:54,929 [ForkJoinPool.commonPool-worker-3] INFO  utils.BackgroundService (BackgroundService.java:shutdown(160)) - Shutting down service BlockDeletingService
2023-12-21 09:24:54,929 [ForkJoinPool.commonPool-worker-3] INFO  utils.BackgroundService (BackgroundService.java:shutdown(160)) - Shutting down service StaleRecoveringContainerScrubbingService
2023-12-21 09:24:54,929 [main] INFO  utils.DatanodeStoreCache (DatanodeStoreCache.java:removeDB(104)) - Removed db /home/runner/work/ozone/ozone/hadoop-ozone/integration-test/target/test-dir/MiniOzoneClusterImpl-e4d55aeb-da58-408a-87dd-e45f7ef8a31a/datanode-5/data-0/containers/hdds/e4d55aeb-da58-408a-87dd-e45f7ef8a31a/DS-10e99caa-d716-46fd-bf07-0740551b0ec6/container.db from cache
2023-12-21 09:24:54,929 [main] INFO  volume.HddsVolume (HddsVolume.java:closeDbStore(453)) - SchemaV3 db is stopped at /home/runner/work/ozone/ozone/hadoop-ozone/integration-test/target/test-dir/MiniOzoneClusterImpl-e4d55aeb-da58-408a-87dd-e45f7ef8a31a/datanode-5/data-0/containers/hdds/e4d55aeb-da58-408a-87dd-e45f7ef8a31a/DS-10e99caa-d716-46fd-bf07-0740551b0ec6/container.db for volume DS-10e99caa-d716-46fd-bf07-0740551b0ec6
2023-12-21 09:24:54,930 [main] INFO  utils.BackgroundService (BackgroundService.java:shutdown(160)) - Shutting down service BlockDeletingService
2023-12-21 09:24:54,930 [main] INFO  utils.BackgroundService (BackgroundService.java:shutdown(160)) - Shutting down service StaleRecoveringContainerScrubbingService
2023-12-21 09:24:54,931 [ForkJoinPool.commonPool-worker-3] INFO  statemachine.DatanodeStateMachine (DatanodeStateMachine.java:stopDaemon(638)) - Ozone container server stopped.
2023-12-21 09:24:54,931 [main] INFO  statemachine.DatanodeStateMachine (DatanodeStateMachine.java:stopDaemon(638)) - Ozone container server stopped.
2023-12-21 09:24:54,932 [ForkJoinPool.commonPool-worker-3] INFO  handler.ContextHandler (ContextHandler.java:doStop(1159)) - Stopped o.e.j.w.WebAppContext@5a1428e1{hddsDatanode,/,null,STOPPED}{jar:file:/home/runner/.m2/repository/org/apache/ozone/hdds-container-service/1.5.0-SNAPSHOT/hdds-container-service-1.5.0-SNAPSHOT.jar!/webapps/hddsDatanode}
2023-12-21 09:24:54,933 [main] INFO  handler.ContextHandler (ContextHandler.java:doStop(1159)) - Stopped o.e.j.w.WebAppContext@270ea042{hddsDatanode,/,null,STOPPED}{jar:file:/home/runner/.m2/repository/org/apache/ozone/hdds-container-service/1.5.0-SNAPSHOT/hdds-container-service-1.5.0-SNAPSHOT.jar!/webapps/hddsDatanode}
2023-12-21 09:24:54,933 [ForkJoinPool.commonPool-worker-3] INFO  server.AbstractConnector (AbstractConnector.java:doStop(383)) - Stopped ServerConnector@35b35799{HTTP/1.1, (http/1.1)}{0.0.0.0:15214}
2023-12-21 09:24:54,933 [ForkJoinPool.commonPool-worker-3] INFO  server.session (HouseKeeper.java:stopScavenging(149)) - node0 Stopped scavenging
2023-12-21 09:24:54,933 [main] INFO  server.AbstractConnector (AbstractConnector.java:doStop(383)) - Stopped ServerConnector@5a77dbb3{HTTP/1.1, (http/1.1)}{0.0.0.0:15232}
2023-12-21 09:24:54,934 [main] INFO  server.session (HouseKeeper.java:stopScavenging(149)) - node0 Stopped scavenging
2023-12-21 09:24:54,934 [ForkJoinPool.commonPool-worker-3] INFO  handler.ContextHandler (ContextHandler.java:doStop(1159)) - Stopped o.e.j.s.ServletContextHandler@5b40216d{static,/static,jar:file:/home/runner/.m2/repository/org/apache/ozone/hdds-container-service/1.5.0-SNAPSHOT/hdds-container-service-1.5.0-SNAPSHOT.jar!/webapps/static,STOPPED}
2023-12-21 09:24:54,934 [main] INFO  handler.ContextHandler (ContextHandler.java:doStop(1159)) - Stopped o.e.j.s.ServletContextHandler@3300d5e6{static,/static,jar:file:/home/runner/.m2/repository/org/apache/ozone/hdds-container-service/1.5.0-SNAPSHOT/hdds-container-service-1.5.0-SNAPSHOT.jar!/webapps/static,STOPPED}
2023-12-21 09:24:54,935 [ForkJoinPool.commonPool-worker-3] INFO  handler.ContextHandler (ContextHandler.java:doStop(1159)) - Stopped o.e.j.s.ServletContextHandler@717cae06{logs,/logs,file:///home/runner/work/ozone/ozone/hadoop-ozone/integration-test/target/log,STOPPED}
2023-12-21 09:24:54,935 [main] INFO  handler.ContextHandler (ContextHandler.java:doStop(1159)) - Stopped o.e.j.s.ServletContextHandler@26a13403{logs,/logs,file:///home/runner/work/ozone/ozone/hadoop-ozone/integration-test/target/log,STOPPED}
2023-12-21 09:24:54,935 [ForkJoinPool.commonPool-worker-3] INFO  ozone.HddsDatanodeClientProtocolServer (HddsDatanodeClientProtocolServer.java:stop(78)) - Stopping the RPC server for Client Protocol
2023-12-21 09:24:54,935 [main] INFO  ozone.HddsDatanodeClientProtocolServer (HddsDatanodeClientProtocolServer.java:stop(78)) - Stopping the RPC server for Client Protocol
2023-12-21 09:24:54,936 [main] INFO  ipc.Server (Server.java:stop(3523)) - Stopping server on 15233
2023-12-21 09:24:54,936 [ForkJoinPool.commonPool-worker-3] INFO  ipc.Server (Server.java:stop(3523)) - Stopping server on 15215
2023-12-21 09:24:54,937 [IPC Server Responder] INFO  ipc.Server (Server.java:run(1567)) - Stopping IPC Server Responder
2023-12-21 09:24:54,937 [IPC Server listener on 15215] INFO  ipc.Server (Server.java:run(1434)) - Stopping IPC Server listener on 15215
2023-12-21 09:24:54,938 [IPC Server listener on 15233] INFO  ipc.Server (Server.java:run(1434)) - Stopping IPC Server listener on 15233
2023-12-21 09:24:54,938 [IPC Server Responder] INFO  ipc.Server (Server.java:run(1567)) - Stopping IPC Server Responder
2023-12-21 09:24:55,130 [ForkJoinPool.commonPool-worker-2] INFO  utils.DatanodeStoreCache (DatanodeStoreCache.java:shutdownCache(110)) - Skip clearing cache in mini cluster mode. Entries left: [/home/runner/work/ozone/ozone/hadoop-ozone/integration-test/target/test-dir/MiniOzoneClusterImpl-e4d55aeb-da58-408a-87dd-e45f7ef8a31a/datanode-4/data-0/containers/hdds/e4d55aeb-da58-408a-87dd-e45f7ef8a31a/DS-7b832cb2-7a83-4615-bbcc-6afa99317b8a/container.db, /home/runner/work/ozone/ozone/hadoop-ozone/integration-test/target/test-dir/MiniOzoneClusterImpl-e4d55aeb-da58-408a-87dd-e45f7ef8a31a/datanode-6/data-0/containers/hdds/e4d55aeb-da58-408a-87dd-e45f7ef8a31a/DS-c884377a-dc62-4540-aa0b-8139174dce31/container.db, /home/runner/work/ozone/ozone/hadoop-ozone/integration-test/target/test-dir/MiniOzoneClusterImpl-e4d55aeb-da58-408a-87dd-e45f7ef8a31a/datanode-7/data-0/containers/hdds/e4d55aeb-da58-408a-87dd-e45f7ef8a31a/DS-a47fdcbc-9dda-4d30-83bc-590f863b82e4/container.db, /home/runner/work/ozone/ozone/hadoop-ozone/integration-test/target/test-dir/MiniOzoneClusterImpl-e4d55aeb-da58-408a-87dd-e45f7ef8a31a/datanode-8/data-0/containers/hdds/e4d55aeb-da58-408a-87dd-e45f7ef8a31a/DS-b803652e-641c-4ae3-b837-18298bbe75d5/container.db]
2023-12-21 09:24:55,131 [ForkJoinPool.commonPool-worker-2] INFO  utils.DatanodeStoreCache (DatanodeStoreCache.java:removeDB(104)) - Removed db /home/runner/work/ozone/ozone/hadoop-ozone/integration-test/target/test-dir/MiniOzoneClusterImpl-e4d55aeb-da58-408a-87dd-e45f7ef8a31a/datanode-7/data-0/containers/hdds/e4d55aeb-da58-408a-87dd-e45f7ef8a31a/DS-a47fdcbc-9dda-4d30-83bc-590f863b82e4/container.db from cache
2023-12-21 09:24:55,132 [ForkJoinPool.commonPool-worker-2] INFO  volume.HddsVolume (HddsVolume.java:closeDbStore(453)) - SchemaV3 db is stopped at /home/runner/work/ozone/ozone/hadoop-ozone/integration-test/target/test-dir/MiniOzoneClusterImpl-e4d55aeb-da58-408a-87dd-e45f7ef8a31a/datanode-7/data-0/containers/hdds/e4d55aeb-da58-408a-87dd-e45f7ef8a31a/DS-a47fdcbc-9dda-4d30-83bc-590f863b82e4/container.db for volume DS-a47fdcbc-9dda-4d30-83bc-590f863b82e4
2023-12-21 09:24:55,132 [ForkJoinPool.commonPool-worker-2] INFO  utils.BackgroundService (BackgroundService.java:shutdown(160)) - Shutting down service BlockDeletingService
2023-12-21 09:24:55,132 [ForkJoinPool.commonPool-worker-2] INFO  utils.BackgroundService (BackgroundService.java:shutdown(160)) - Shutting down service StaleRecoveringContainerScrubbingService
2023-12-21 09:24:55,133 [ForkJoinPool.commonPool-worker-2] INFO  statemachine.DatanodeStateMachine (DatanodeStateMachine.java:stopDaemon(638)) - Ozone container server stopped.
2023-12-21 09:24:55,134 [ForkJoinPool.commonPool-worker-2] INFO  handler.ContextHandler (ContextHandler.java:doStop(1159)) - Stopped o.e.j.w.WebAppContext@37bb14c6{hddsDatanode,/,null,STOPPED}{jar:file:/home/runner/.m2/repository/org/apache/ozone/hdds-container-service/1.5.0-SNAPSHOT/hdds-container-service-1.5.0-SNAPSHOT.jar!/webapps/hddsDatanode}
2023-12-21 09:24:55,135 [ForkJoinPool.commonPool-worker-2] INFO  server.AbstractConnector (AbstractConnector.java:doStop(383)) - Stopped ServerConnector@6258284a{HTTP/1.1, (http/1.1)}{0.0.0.0:15250}
2023-12-21 09:24:55,135 [ForkJoinPool.commonPool-worker-2] INFO  server.session (HouseKeeper.java:stopScavenging(149)) - node0 Stopped scavenging
2023-12-21 09:24:55,135 [ForkJoinPool.commonPool-worker-2] INFO  handler.ContextHandler (ContextHandler.java:doStop(1159)) - Stopped o.e.j.s.ServletContextHandler@38b582c7{static,/static,jar:file:/home/runner/.m2/repository/org/apache/ozone/hdds-container-service/1.5.0-SNAPSHOT/hdds-container-service-1.5.0-SNAPSHOT.jar!/webapps/static,STOPPED}
2023-12-21 09:24:55,136 [ForkJoinPool.commonPool-worker-2] INFO  handler.ContextHandler (ContextHandler.java:doStop(1159)) - Stopped o.e.j.s.ServletContextHandler@717fe18a{logs,/logs,file:///home/runner/work/ozone/ozone/hadoop-ozone/integration-test/target/log,STOPPED}
2023-12-21 09:24:55,136 [ForkJoinPool.commonPool-worker-2] INFO  ozone.HddsDatanodeClientProtocolServer (HddsDatanodeClientProtocolServer.java:stop(78)) - Stopping the RPC server for Client Protocol
2023-12-21 09:24:55,136 [ForkJoinPool.commonPool-worker-2] INFO  ipc.Server (Server.java:stop(3523)) - Stopping server on 15251
2023-12-21 09:24:55,137 [IPC Server Responder] INFO  ipc.Server (Server.java:run(1567)) - Stopping IPC Server Responder
2023-12-21 09:24:55,137 [IPC Server listener on 15251] INFO  ipc.Server (Server.java:run(1434)) - Stopping IPC Server listener on 15251
2023-12-21 09:24:55,165 [ForkJoinPool.commonPool-worker-4] INFO  utils.DatanodeStoreCache (DatanodeStoreCache.java:shutdownCache(110)) - Skip clearing cache in mini cluster mode. Entries left: [/home/runner/work/ozone/ozone/hadoop-ozone/integration-test/target/test-dir/MiniOzoneClusterImpl-e4d55aeb-da58-408a-87dd-e45f7ef8a31a/datanode-4/data-0/containers/hdds/e4d55aeb-da58-408a-87dd-e45f7ef8a31a/DS-7b832cb2-7a83-4615-bbcc-6afa99317b8a/container.db, /home/runner/work/ozone/ozone/hadoop-ozone/integration-test/target/test-dir/MiniOzoneClusterImpl-e4d55aeb-da58-408a-87dd-e45f7ef8a31a/datanode-6/data-0/containers/hdds/e4d55aeb-da58-408a-87dd-e45f7ef8a31a/DS-c884377a-dc62-4540-aa0b-8139174dce31/container.db, /home/runner/work/ozone/ozone/hadoop-ozone/integration-test/target/test-dir/MiniOzoneClusterImpl-e4d55aeb-da58-408a-87dd-e45f7ef8a31a/datanode-8/data-0/containers/hdds/e4d55aeb-da58-408a-87dd-e45f7ef8a31a/DS-b803652e-641c-4ae3-b837-18298bbe75d5/container.db]
2023-12-21 09:24:55,166 [ForkJoinPool.commonPool-worker-4] INFO  utils.DatanodeStoreCache (DatanodeStoreCache.java:removeDB(104)) - Removed db /home/runner/work/ozone/ozone/hadoop-ozone/integration-test/target/test-dir/MiniOzoneClusterImpl-e4d55aeb-da58-408a-87dd-e45f7ef8a31a/datanode-6/data-0/containers/hdds/e4d55aeb-da58-408a-87dd-e45f7ef8a31a/DS-c884377a-dc62-4540-aa0b-8139174dce31/container.db from cache
2023-12-21 09:24:55,167 [ForkJoinPool.commonPool-worker-4] INFO  volume.HddsVolume (HddsVolume.java:closeDbStore(453)) - SchemaV3 db is stopped at /home/runner/work/ozone/ozone/hadoop-ozone/integration-test/target/test-dir/MiniOzoneClusterImpl-e4d55aeb-da58-408a-87dd-e45f7ef8a31a/datanode-6/data-0/containers/hdds/e4d55aeb-da58-408a-87dd-e45f7ef8a31a/DS-c884377a-dc62-4540-aa0b-8139174dce31/container.db for volume DS-c884377a-dc62-4540-aa0b-8139174dce31
2023-12-21 09:24:55,167 [ForkJoinPool.commonPool-worker-4] INFO  utils.BackgroundService (BackgroundService.java:shutdown(160)) - Shutting down service BlockDeletingService
2023-12-21 09:24:55,167 [ForkJoinPool.commonPool-worker-4] INFO  utils.BackgroundService (BackgroundService.java:shutdown(160)) - Shutting down service StaleRecoveringContainerScrubbingService
2023-12-21 09:24:55,168 [ForkJoinPool.commonPool-worker-4] INFO  statemachine.DatanodeStateMachine (DatanodeStateMachine.java:stopDaemon(638)) - Ozone container server stopped.
2023-12-21 09:24:55,169 [ForkJoinPool.commonPool-worker-4] INFO  handler.ContextHandler (ContextHandler.java:doStop(1159)) - Stopped o.e.j.w.WebAppContext@2ef0e649{hddsDatanode,/,null,STOPPED}{jar:file:/home/runner/.m2/repository/org/apache/ozone/hdds-container-service/1.5.0-SNAPSHOT/hdds-container-service-1.5.0-SNAPSHOT.jar!/webapps/hddsDatanode}
2023-12-21 09:24:55,169 [ForkJoinPool.commonPool-worker-4] INFO  server.AbstractConnector (AbstractConnector.java:doStop(383)) - Stopped ServerConnector@741b16d1{HTTP/1.1, (http/1.1)}{0.0.0.0:15241}
2023-12-21 09:24:55,169 [ForkJoinPool.commonPool-worker-4] INFO  server.session (HouseKeeper.java:stopScavenging(149)) - node0 Stopped scavenging
2023-12-21 09:24:55,170 [ForkJoinPool.commonPool-worker-4] INFO  handler.ContextHandler (ContextHandler.java:doStop(1159)) - Stopped o.e.j.s.ServletContextHandler@1eeb0deb{static,/static,jar:file:/home/runner/.m2/repository/org/apache/ozone/hdds-container-service/1.5.0-SNAPSHOT/hdds-container-service-1.5.0-SNAPSHOT.jar!/webapps/static,STOPPED}
2023-12-21 09:24:55,170 [ForkJoinPool.commonPool-worker-4] INFO  handler.ContextHandler (ContextHandler.java:doStop(1159)) - Stopped o.e.j.s.ServletContextHandler@f0d10e5{logs,/logs,file:///home/runner/work/ozone/ozone/hadoop-ozone/integration-test/target/log,STOPPED}
2023-12-21 09:24:55,171 [ForkJoinPool.commonPool-worker-4] INFO  ozone.HddsDatanodeClientProtocolServer (HddsDatanodeClientProtocolServer.java:stop(78)) - Stopping the RPC server for Client Protocol
2023-12-21 09:24:55,171 [ForkJoinPool.commonPool-worker-4] INFO  ipc.Server (Server.java:stop(3523)) - Stopping server on 15242
2023-12-21 09:24:55,171 [IPC Server listener on 15242] INFO  ipc.Server (Server.java:run(1434)) - Stopping IPC Server listener on 15242
2023-12-21 09:24:55,172 [IPC Server Responder] INFO  ipc.Server (Server.java:run(1567)) - Stopping IPC Server Responder
2023-12-21 09:24:55,188 [ForkJoinPool.commonPool-worker-5] INFO  utils.DatanodeStoreCache (DatanodeStoreCache.java:shutdownCache(110)) - Skip clearing cache in mini cluster mode. Entries left: [/home/runner/work/ozone/ozone/hadoop-ozone/integration-test/target/test-dir/MiniOzoneClusterImpl-e4d55aeb-da58-408a-87dd-e45f7ef8a31a/datanode-4/data-0/containers/hdds/e4d55aeb-da58-408a-87dd-e45f7ef8a31a/DS-7b832cb2-7a83-4615-bbcc-6afa99317b8a/container.db, /home/runner/work/ozone/ozone/hadoop-ozone/integration-test/target/test-dir/MiniOzoneClusterImpl-e4d55aeb-da58-408a-87dd-e45f7ef8a31a/datanode-8/data-0/containers/hdds/e4d55aeb-da58-408a-87dd-e45f7ef8a31a/DS-b803652e-641c-4ae3-b837-18298bbe75d5/container.db]
2023-12-21 09:24:55,189 [ForkJoinPool.commonPool-worker-5] INFO  utils.DatanodeStoreCache (DatanodeStoreCache.java:removeDB(104)) - Removed db /home/runner/work/ozone/ozone/hadoop-ozone/integration-test/target/test-dir/MiniOzoneClusterImpl-e4d55aeb-da58-408a-87dd-e45f7ef8a31a/datanode-8/data-0/containers/hdds/e4d55aeb-da58-408a-87dd-e45f7ef8a31a/DS-b803652e-641c-4ae3-b837-18298bbe75d5/container.db from cache
2023-12-21 09:24:55,189 [ForkJoinPool.commonPool-worker-5] INFO  volume.HddsVolume (HddsVolume.java:closeDbStore(453)) - SchemaV3 db is stopped at /home/runner/work/ozone/ozone/hadoop-ozone/integration-test/target/test-dir/MiniOzoneClusterImpl-e4d55aeb-da58-408a-87dd-e45f7ef8a31a/datanode-8/data-0/containers/hdds/e4d55aeb-da58-408a-87dd-e45f7ef8a31a/DS-b803652e-641c-4ae3-b837-18298bbe75d5/container.db for volume DS-b803652e-641c-4ae3-b837-18298bbe75d5
2023-12-21 09:24:55,189 [ForkJoinPool.commonPool-worker-5] INFO  utils.BackgroundService (BackgroundService.java:shutdown(160)) - Shutting down service BlockDeletingService
2023-12-21 09:24:55,189 [ForkJoinPool.commonPool-worker-5] INFO  utils.BackgroundService (BackgroundService.java:shutdown(160)) - Shutting down service StaleRecoveringContainerScrubbingService
2023-12-21 09:24:55,190 [ForkJoinPool.commonPool-worker-5] INFO  statemachine.DatanodeStateMachine (DatanodeStateMachine.java:stopDaemon(638)) - Ozone container server stopped.
2023-12-21 09:24:55,191 [ForkJoinPool.commonPool-worker-5] INFO  handler.ContextHandler (ContextHandler.java:doStop(1159)) - Stopped o.e.j.w.WebAppContext@58b1eca1{hddsDatanode,/,null,STOPPED}{jar:file:/home/runner/.m2/repository/org/apache/ozone/hdds-container-service/1.5.0-SNAPSHOT/hdds-container-service-1.5.0-SNAPSHOT.jar!/webapps/hddsDatanode}
2023-12-21 09:24:55,191 [ForkJoinPool.commonPool-worker-5] INFO  server.AbstractConnector (AbstractConnector.java:doStop(383)) - Stopped ServerConnector@19cdfd93{HTTP/1.1, (http/1.1)}{0.0.0.0:15259}
2023-12-21 09:24:55,191 [ForkJoinPool.commonPool-worker-5] INFO  server.session (HouseKeeper.java:stopScavenging(149)) - node0 Stopped scavenging
2023-12-21 09:24:55,192 [ForkJoinPool.commonPool-worker-5] INFO  handler.ContextHandler (ContextHandler.java:doStop(1159)) - Stopped o.e.j.s.ServletContextHandler@225cd367{static,/static,jar:file:/home/runner/.m2/repository/org/apache/ozone/hdds-container-service/1.5.0-SNAPSHOT/hdds-container-service-1.5.0-SNAPSHOT.jar!/webapps/static,STOPPED}
2023-12-21 09:24:55,192 [ForkJoinPool.commonPool-worker-5] INFO  handler.ContextHandler (ContextHandler.java:doStop(1159)) - Stopped o.e.j.s.ServletContextHandler@52c171f6{logs,/logs,file:///home/runner/work/ozone/ozone/hadoop-ozone/integration-test/target/log,STOPPED}
2023-12-21 09:24:55,193 [ForkJoinPool.commonPool-worker-5] INFO  ozone.HddsDatanodeClientProtocolServer (HddsDatanodeClientProtocolServer.java:stop(78)) - Stopping the RPC server for Client Protocol
2023-12-21 09:24:55,193 [ForkJoinPool.commonPool-worker-5] INFO  ipc.Server (Server.java:stop(3523)) - Stopping server on 15260
2023-12-21 09:24:55,194 [IPC Server listener on 15260] INFO  ipc.Server (Server.java:run(1434)) - Stopping IPC Server listener on 15260
2023-12-21 09:24:55,194 [IPC Server Responder] INFO  ipc.Server (Server.java:run(1567)) - Stopping IPC Server Responder
2023-12-21 09:24:56,911 [ForkJoinPool.commonPool-worker-1] INFO  utils.DatanodeStoreCache (DatanodeStoreCache.java:shutdownCache(110)) - Skip clearing cache in mini cluster mode. Entries left: [/home/runner/work/ozone/ozone/hadoop-ozone/integration-test/target/test-dir/MiniOzoneClusterImpl-e4d55aeb-da58-408a-87dd-e45f7ef8a31a/datanode-4/data-0/containers/hdds/e4d55aeb-da58-408a-87dd-e45f7ef8a31a/DS-7b832cb2-7a83-4615-bbcc-6afa99317b8a/container.db]
2023-12-21 09:24:56,912 [ForkJoinPool.commonPool-worker-1] INFO  utils.DatanodeStoreCache (DatanodeStoreCache.java:removeDB(104)) - Removed db /home/runner/work/ozone/ozone/hadoop-ozone/integration-test/target/test-dir/MiniOzoneClusterImpl-e4d55aeb-da58-408a-87dd-e45f7ef8a31a/datanode-4/data-0/containers/hdds/e4d55aeb-da58-408a-87dd-e45f7ef8a31a/DS-7b832cb2-7a83-4615-bbcc-6afa99317b8a/container.db from cache
2023-12-21 09:24:56,912 [ForkJoinPool.commonPool-worker-1] INFO  volume.HddsVolume (HddsVolume.java:closeDbStore(453)) - SchemaV3 db is stopped at /home/runner/work/ozone/ozone/hadoop-ozone/integration-test/target/test-dir/MiniOzoneClusterImpl-e4d55aeb-da58-408a-87dd-e45f7ef8a31a/datanode-4/data-0/containers/hdds/e4d55aeb-da58-408a-87dd-e45f7ef8a31a/DS-7b832cb2-7a83-4615-bbcc-6afa99317b8a/container.db for volume DS-7b832cb2-7a83-4615-bbcc-6afa99317b8a
2023-12-21 09:24:56,913 [ForkJoinPool.commonPool-worker-1] INFO  utils.BackgroundService (BackgroundService.java:shutdown(160)) - Shutting down service BlockDeletingService
2023-12-21 09:24:56,913 [ForkJoinPool.commonPool-worker-1] INFO  utils.BackgroundService (BackgroundService.java:shutdown(160)) - Shutting down service StaleRecoveringContainerScrubbingService
2023-12-21 09:24:56,914 [ForkJoinPool.commonPool-worker-1] INFO  statemachine.DatanodeStateMachine (DatanodeStateMachine.java:stopDaemon(638)) - Ozone container server stopped.
2023-12-21 09:24:56,915 [ForkJoinPool.commonPool-worker-1] INFO  handler.ContextHandler (ContextHandler.java:doStop(1159)) - Stopped o.e.j.w.WebAppContext@50893336{hddsDatanode,/,null,STOPPED}{jar:file:/home/runner/.m2/repository/org/apache/ozone/hdds-container-service/1.5.0-SNAPSHOT/hdds-container-service-1.5.0-SNAPSHOT.jar!/webapps/hddsDatanode}
2023-12-21 09:24:56,916 [ForkJoinPool.commonPool-worker-1] INFO  server.AbstractConnector (AbstractConnector.java:doStop(383)) - Stopped ServerConnector@76f877ac{HTTP/1.1, (http/1.1)}{0.0.0.0:15223}
2023-12-21 09:24:56,916 [ForkJoinPool.commonPool-worker-1] INFO  server.session (HouseKeeper.java:stopScavenging(149)) - node0 Stopped scavenging
2023-12-21 09:24:56,916 [ForkJoinPool.commonPool-worker-1] INFO  handler.ContextHandler (ContextHandler.java:doStop(1159)) - Stopped o.e.j.s.ServletContextHandler@59b89eba{static,/static,jar:file:/home/runner/.m2/repository/org/apache/ozone/hdds-container-service/1.5.0-SNAPSHOT/hdds-container-service-1.5.0-SNAPSHOT.jar!/webapps/static,STOPPED}
2023-12-21 09:24:56,916 [ForkJoinPool.commonPool-worker-1] INFO  handler.ContextHandler (ContextHandler.java:doStop(1159)) - Stopped o.e.j.s.ServletContextHandler@4a1c5782{logs,/logs,file:///home/runner/work/ozone/ozone/hadoop-ozone/integration-test/target/log,STOPPED}
2023-12-21 09:24:56,916 [ForkJoinPool.commonPool-worker-1] INFO  ozone.HddsDatanodeClientProtocolServer (HddsDatanodeClientProtocolServer.java:stop(78)) - Stopping the RPC server for Client Protocol
2023-12-21 09:24:56,917 [ForkJoinPool.commonPool-worker-1] INFO  ipc.Server (Server.java:stop(3523)) - Stopping server on 15224
2023-12-21 09:24:56,917 [IPC Server listener on 15224] INFO  ipc.Server (Server.java:run(1434)) - Stopping IPC Server listener on 15224
2023-12-21 09:24:56,917 [IPC Server Responder] INFO  ipc.Server (Server.java:run(1567)) - Stopping IPC Server Responder
2023-12-21 09:24:56,918 [main] INFO  ozone.MiniOzoneClusterImpl (MiniOzoneClusterImpl.java:stopSCM(552)) - Stopping the StorageContainerManager
2023-12-21 09:24:56,918 [main] INFO  server.StorageContainerManager (StorageContainerManager.java:stop(1627)) - Container Balancer is not running.
2023-12-21 09:24:56,918 [main] INFO  server.StorageContainerManager (StorageContainerManager.java:stopReplicationManager(1760)) - Stopping Replication Manager Service.
2023-12-21 09:24:56,918 [main] INFO  replication.ReplicationManager (ReplicationManager.java:stop(326)) - Stopping Replication Monitor Thread.
2023-12-21 09:24:56,918 [main] INFO  server.StorageContainerManager (StorageContainerManager.java:stop(1636)) - Stopping the Datanode Admin Monitor.
2023-12-21 09:24:56,918 [OverReplicatedProcessor] WARN  replication.UnhealthyReplicationProcessor (UnhealthyReplicationProcessor.java:run(180)) - OverReplicatedProcessor interrupted. Exiting...
2023-12-21 09:24:56,918 [main] INFO  server.StorageContainerManager (StorageContainerManager.java:stop(1643)) - Stopping datanode service RPC server
2023-12-21 09:24:56,919 [main] INFO  server.SCMDatanodeProtocolServer (SCMDatanodeProtocolServer.java:stop(424)) - Stopping the RPC server for DataNodes
2023-12-21 09:24:56,919 [main] INFO  ipc.Server (Server.java:stop(3523)) - Stopping server on 15180
2023-12-21 09:24:56,918 [ReplicationMonitor] INFO  replication.ReplicationManager (ReplicationManager.java:run(933)) - Replication Monitor Thread is stopped
2023-12-21 09:24:56,918 [UnderReplicatedProcessor] WARN  replication.UnhealthyReplicationProcessor (UnhealthyReplicationProcessor.java:run(180)) - UnderReplicatedProcessor interrupted. Exiting...
2023-12-21 09:24:56,920 [IPC Server Responder] INFO  ipc.Server (Server.java:run(1567)) - Stopping IPC Server Responder
2023-12-21 09:24:56,921 [IPC Server listener on 15180] INFO  ipc.Server (Server.java:run(1434)) - Stopping IPC Server listener on 15180
2023-12-21 09:24:57,011 [SCMHeartbeatProcessor-0] WARN  node.NodeStateManager (NodeStateManager.java:scheduleNextHealthCheck(878)) - Current Thread is interrupted, shutting down HB processing thread for Node Manager.
2023-12-21 09:24:57,011 [main] INFO  server.StorageContainerManager (StorageContainerManager.java:stop(1651)) - Stopping block service RPC server
2023-12-21 09:24:57,011 [main] INFO  server.SCMBlockProtocolServer (SCMBlockProtocolServer.java:stop(168)) - Stopping the RPC server for Block Protocol
2023-12-21 09:24:57,011 [main] INFO  ipc.Server (Server.java:stop(3523)) - Stopping server on 15179
2023-12-21 09:24:57,012 [IPC Server listener on 15179] INFO  ipc.Server (Server.java:run(1434)) - Stopping IPC Server listener on 15179
2023-12-21 09:24:57,013 [IPC Server Responder] INFO  ipc.Server (Server.java:run(1567)) - Stopping IPC Server Responder
2023-12-21 09:24:57,013 [main] INFO  server.StorageContainerManager (StorageContainerManager.java:stop(1658)) - Stopping the StorageContainerLocationProtocol RPC server
2023-12-21 09:24:57,013 [main] INFO  server.SCMClientProtocolServer (SCMClientProtocolServer.java:stop(210)) - Stopping the RPC server for Client Protocol
2023-12-21 09:24:57,013 [main] INFO  ipc.Server (Server.java:stop(3523)) - Stopping server on 15178
2023-12-21 09:24:57,014 [IPC Server listener on 15178] INFO  ipc.Server (Server.java:run(1434)) - Stopping IPC Server listener on 15178
2023-12-21 09:24:57,014 [IPC Server Responder] INFO  ipc.Server (Server.java:run(1567)) - Stopping IPC Server Responder
2023-12-21 09:24:57,014 [main] INFO  server.StorageContainerManager (StorageContainerManager.java:stop(1665)) - Stopping Storage Container Manager HTTP server.
2023-12-21 09:24:57,016 [main] INFO  handler.ContextHandler (ContextHandler.java:doStop(1159)) - Stopped o.e.j.w.WebAppContext@35a10a89{scm,/,null,STOPPED}{file:/home/runner/work/ozone/ozone/hadoop-ozone/integration-test/target/test-classes/webapps/scm}
2023-12-21 09:24:57,016 [main] INFO  server.AbstractConnector (AbstractConnector.java:doStop(383)) - Stopped ServerConnector@25bdc068{HTTP/1.1, (http/1.1)}{0.0.0.0:15181}
2023-12-21 09:24:57,016 [main] INFO  server.session (HouseKeeper.java:stopScavenging(149)) - node0 Stopped scavenging
2023-12-21 09:24:57,017 [main] INFO  handler.ContextHandler (ContextHandler.java:doStop(1159)) - Stopped o.e.j.s.ServletContextHandler@6c78accb{static,/static,file:///home/runner/work/ozone/ozone/hadoop-ozone/integration-test/target/test-classes/webapps/static,STOPPED}
2023-12-21 09:24:57,017 [main] INFO  handler.ContextHandler (ContextHandler.java:doStop(1159)) - Stopped o.e.j.s.ServletContextHandler@709dc5b{logs,/logs,file:///home/runner/work/ozone/ozone/hadoop-ozone/integration-test/target/log,STOPPED}
2023-12-21 09:24:57,017 [main] INFO  server.StorageContainerManager (StorageContainerManager.java:stop(1673)) - Stopping SCM LayoutVersionManager Service.
2023-12-21 09:24:57,017 [main] INFO  server.StorageContainerManager (StorageContainerManager.java:stop(1685)) - Stopping Block Manager Service.
2023-12-21 09:24:57,017 [main] INFO  utils.BackgroundService (BackgroundService.java:shutdown(160)) - Shutting down service SCMBlockDeletingService
2023-12-21 09:24:57,018 [main] INFO  utils.BackgroundService (BackgroundService.java:shutdown(160)) - Shutting down service SCMBlockDeletingService
2023-12-21 09:24:57,018 [main] INFO  server.StorageContainerManager (StorageContainerManager.java:stop(1705)) - Stopping SCM Event Queue.
2023-12-21 09:24:57,018 [JvmPauseMonitor22] INFO  util.JvmPauseMonitor (JvmPauseMonitor.java:run(152)) - JvmPauseMonitor-6cb9af39-3ff6-4e1e-8923-32762e92ba8c: Stopped
2023-12-21 09:24:57,018 [main] INFO  server.StorageContainerManager (StorageContainerManager.java:stop(1716)) - Stopping SCM HA services.
2023-12-21 09:24:57,019 [main] INFO  pipeline.BackgroundPipelineCreator (BackgroundPipelineCreator.java:stop(152)) - Stopping RatisPipelineUtilsThread.
2023-12-21 09:24:57,019 [RatisPipelineUtilsThread-0] WARN  pipeline.BackgroundPipelineCreator (BackgroundPipelineCreator.java:run(183)) - RatisPipelineUtilsThread is interrupted.
2023-12-21 09:24:57,019 [BackgroundPipelineScrubber] WARN  BackgroundPipelineScrubber (BackgroundSCMService.java:run(115)) - BackgroundPipelineScrubber is interrupted, exit
2023-12-21 09:24:57,019 [main] INFO  BackgroundPipelineScrubber (BackgroundSCMService.java:stop(131)) - Stopping BackgroundPipelineScrubber Service.
2023-12-21 09:24:57,019 [main] INFO  impl.MetricsSystemImpl (MetricsSystemImpl.java:stop(210)) - Stopping HddsDatanode metrics system...
2023-12-21 09:24:57,021 [prometheus] INFO  impl.MetricsSinkAdapter (MetricsSinkAdapter.java:publishMetricsFromQueue(141)) - prometheus thread interrupted.
2023-12-21 09:24:57,021 [main] INFO  impl.MetricsSystemImpl (MetricsSystemImpl.java:stop(216)) - HddsDatanode metrics system stopped.
2023-12-21 09:24:57,021 [main] WARN  pipeline.BackgroundPipelineCreator (BackgroundPipelineCreator.java:stop(148)) - RatisPipelineUtilsThread is not running, just ignore.
2023-12-21 09:24:57,021 [main] INFO  BackgroundPipelineScrubber (BackgroundSCMService.java:stop(126)) - BackgroundPipelineScrubber Service is not running, skip stop.
2023-12-21 09:24:57,021 [ExpiredContainerReplicaOpScrubber] WARN  ExpiredContainerReplicaOpScrubber (BackgroundSCMService.java:run(115)) - ExpiredContainerReplicaOpScrubber is interrupted, exit
2023-12-21 09:24:57,021 [main] INFO  ExpiredContainerReplicaOpScrubber (BackgroundSCMService.java:stop(131)) - Stopping ExpiredContainerReplicaOpScrubber Service.
2023-12-21 09:24:57,022 [main] INFO  utils.BackgroundService (BackgroundService.java:shutdown(160)) - Shutting down service SCMBlockDeletingService
2023-12-21 09:24:57,022 [main] INFO  replication.ReplicationManager (ReplicationManager.java:stop(336)) - Replication Monitor Thread is not running.
2023-12-21 09:24:57,022 [main] WARN  balancer.ContainerBalancer (ContainerBalancer.java:stop(327)) - Cannot stop Container Balancer because it's not running or stopping
2023-12-21 09:24:57,022 [LeaseManager#LeaseMonitor] WARN  lease.LeaseManager (LeaseManager.java:run(287)) - Lease manager is interrupted. Shutting down...
java.lang.InterruptedException
	at java.util.concurrent.locks.AbstractQueuedSynchronizer.doAcquireSharedNanos(AbstractQueuedSynchronizer.java:1039)
	at java.util.concurrent.locks.AbstractQueuedSynchronizer.tryAcquireSharedNanos(AbstractQueuedSynchronizer.java:1328)
	at java.util.concurrent.Semaphore.tryAcquire(Semaphore.java:409)
	at org.apache.hadoop.ozone.lease.LeaseManager$LeaseMonitor.run(LeaseManager.java:285)
	at java.lang.Thread.run(Thread.java:750)
2023-12-21 09:24:57,022 [main] INFO  server.StorageContainerManager (StorageContainerManager.java:stop(1751)) - Stopping SCM MetadataStore.
2023-12-21 09:24:57,053 [main] INFO  db.CodecTestUtil (CodecTestUtil.java:gc(47)) - gc 0
]]></system-out>
    </flakyError>
  </testcase>
  <testcase name="test2WayCommitForTimeoutException" classname="org.apache.hadoop.ozone.client.rpc.TestWatchForCommit" time="24.088"/>
</testsuite>