<?xml version="1.0" encoding="UTF-8"?>
<testsuite xmlns:xsi="http://www.w3.org/2001/XMLSchema-instance" xsi:noNamespaceSchemaLocation="https://maven.apache.org/surefire/maven-surefire-plugin/xsd/surefire-test-report.xsd" name="org.apache.hadoop.ozone.client.rpc.TestContainerStateMachineFailures" time="82.344" tests="5" errors="0" skipped="0" failures="1">
  <properties>
    <property name="awt.toolkit" value="sun.awt.X11.XToolkit"/>
    <property name="file.encoding.pkg" value="sun.io"/>
    <property name="java.specification.version" value="1.8"/>
    <property name="sun.cpu.isalist" value=""/>
    <property name="sun.jnu.encoding" value="ANSI_X3.4-1968"/>
    <property name="java.class.path" value="/github/workspace/mnt/ozone/hadoop-ozone/integration-test/target/test-classes:/github/workspace/mnt/ozone/hadoop-ozone/integration-test/target/classes:/home/user/.m2/repository/org/apache/hadoop/hadoop-ozone-common/1.1.0-SNAPSHOT/hadoop-ozone-common-1.1.0-SNAPSHOT.jar:/home/user/.m2/repository/org/apache/commons/commons-compress/1.4.1/commons-compress-1.4.1.jar:/home/user/.m2/repository/org/tukaani/xz/1.0/xz-1.0.jar:/home/user/.m2/repository/org/apache/hadoop/hadoop-hdds-common/1.1.0-SNAPSHOT/hadoop-hdds-common-1.1.0-SNAPSHOT.jar:/home/user/.m2/repository/org/apache/hadoop/hadoop-hdds-client/1.1.0-SNAPSHOT/hadoop-hdds-client-1.1.0-SNAPSHOT.jar:/home/user/.m2/repository/org/apache/hadoop/hadoop-ozone-interface-client/1.1.0-SNAPSHOT/hadoop-ozone-interface-client-1.1.0-SNAPSHOT.jar:/home/user/.m2/repository/org/apache/hadoop/hadoop-hdds-test-utils/1.1.0-SNAPSHOT/hadoop-hdds-test-utils-1.1.0-SNAPSHOT.jar:/home/user/.m2/repository/com/google/guava/guava/28.2-jre/guava-28.2-jre.jar:/home/user/.m2/repository/com/google/guava/failureaccess/1.0.1/failureaccess-1.0.1.jar:/home/user/.m2/repository/com/google/guava/listenablefuture/9999.0-empty-to-avoid-conflict-with-guava/listenablefuture-9999.0-empty-to-avoid-conflict-with-guava.jar:/home/user/.m2/repository/com/google/code/findbugs/jsr305/3.0.0/jsr305-3.0.0.jar:/home/user/.m2/repository/org/checkerframework/checker-qual/2.10.0/checker-qual-2.10.0.jar:/home/user/.m2/repository/com/google/errorprone/error_prone_annotations/2.2.0/error_prone_annotations-2.2.0.jar:/home/user/.m2/repository/com/google/j2objc/j2objc-annotations/1.3/j2objc-annotations-1.3.jar:/home/user/.m2/repository/commons-io/commons-io/2.5/commons-io-2.5.jar:/home/user/.m2/repository/commons-logging/commons-logging/1.2/commons-logging-1.2.jar:/home/user/.m2/repository/log4j/log4j/1.2.17/log4j-1.2.17.jar:/home/user/.m2/repository/org/slf4j/slf4j-api/1.7.30/slf4j-api-1.7.30.jar:/home/user/.m2/repository/org/apache/hadoop/hadoop-hdds-server-scm/1.1.0-SNAPSHOT/hadoop-hdds-server-scm-1.1.0-SNAPSHOT.jar:/home/user/.m2/repository/org/apache/hadoop/hadoop-hdds-container-service/1.1.0-SNAPSHOT/hadoop-hdds-container-service-1.1.0-SNAPSHOT.jar:/home/user/.m2/repository/org/apache/hadoop/hadoop-hdds-hadoop-dependency-server/1.1.0-SNAPSHOT/hadoop-hdds-hadoop-dependency-server-1.1.0-SNAPSHOT.jar:/home/user/.m2/repository/org/apache/hadoop/hadoop-hdfs/3.2.2/hadoop-hdfs-3.2.2.jar:/home/user/.m2/repository/org/apache/hadoop/hadoop-hdds-server-framework/1.1.0-SNAPSHOT/hadoop-hdds-server-framework-1.1.0-SNAPSHOT.jar:/home/user/.m2/repository/org/apache/hadoop/hadoop-hdds-interface-server/1.1.0-SNAPSHOT/hadoop-hdds-interface-server-1.1.0-SNAPSHOT.jar:/home/user/.m2/repository/org/apache/hadoop/hadoop-hdds-interface-admin/1.1.0-SNAPSHOT/hadoop-hdds-interface-admin-1.1.0-SNAPSHOT.jar:/home/user/.m2/repository/org/eclipse/jetty/jetty-servlet/9.4.35.v20201120/jetty-servlet-9.4.35.v20201120.jar:/home/user/.m2/repository/org/eclipse/jetty/jetty-security/9.4.35.v20201120/jetty-security-9.4.35.v20201120.jar:/home/user/.m2/repository/org/rocksdb/rocksdbjni/6.8.1/rocksdbjni-6.8.1.jar:/home/user/.m2/repository/io/prometheus/simpleclient_dropwizard/0.7.0/simpleclient_dropwizard-0.7.0.jar:/home/user/.m2/repository/io/prometheus/simpleclient/0.7.0/simpleclient-0.7.0.jar:/home/user/.m2/repository/io/prometheus/simpleclient_common/0.7.0/simpleclient_common-0.7.0.jar:/home/user/.m2/repository/com/fasterxml/jackson/datatype/jackson-datatype-jsr310/2.12.1/jackson-datatype-jsr310-2.12.1.jar:/home/user/.m2/repository/io/dropwizard/metrics/metrics-core/3.2.4/metrics-core-3.2.4.jar:/home/user/.m2/repository/org/apache/hadoop/hadoop-hdfs-client/3.2.2/hadoop-hdfs-client-3.2.2.jar:/home/user/.m2/repository/org/bouncycastle/bcprov-jdk15on/1.67/bcprov-jdk15on-1.67.jar:/home/user/.m2/repository/org/apache/hadoop/hadoop-ozone-ozone-manager/1.1.0-SNAPSHOT/hadoop-ozone-ozone-manager-1.1.0-SNAPSHOT.jar:/home/user/.m2/repository/org/apache/hadoop/hadoop-hdds-interface-client/1.1.0-SNAPSHOT/hadoop-hdds-interface-client-1.1.0-SNAPSHOT.jar:/home/user/.m2/repository/org/apache/ratis/ratis-thirdparty-misc/0.6.0/ratis-thirdparty-misc-0.6.0.jar:/home/user/.m2/repository/org/apache/hadoop/hadoop-ozone-interface-storage/1.1.0-SNAPSHOT/hadoop-ozone-interface-storage-1.1.0-SNAPSHOT.jar:/home/user/.m2/repository/org/apache/hadoop/hadoop-minikdc/3.2.2/hadoop-minikdc-3.2.2.jar:/home/user/.m2/repository/org/apache/kerby/kerb-simplekdc/1.0.1/kerb-simplekdc-1.0.1.jar:/home/user/.m2/repository/org/apache/kerby/kerb-client/1.0.1/kerb-client-1.0.1.jar:/home/user/.m2/repository/org/apache/kerby/kerby-config/1.0.1/kerby-config-1.0.1.jar:/home/user/.m2/repository/org/apache/kerby/kerb-core/1.0.1/kerb-core-1.0.1.jar:/home/user/.m2/repository/org/apache/kerby/kerby-pkix/1.0.1/kerby-pkix-1.0.1.jar:/home/user/.m2/repository/org/apache/kerby/kerby-asn1/1.0.1/kerby-asn1-1.0.1.jar:/home/user/.m2/repository/org/apache/kerby/kerby-util/1.0.1/kerby-util-1.0.1.jar:/home/user/.m2/repository/org/apache/kerby/kerb-common/1.0.1/kerb-common-1.0.1.jar:/home/user/.m2/repository/org/apache/kerby/kerb-crypto/1.0.1/kerb-crypto-1.0.1.jar:/home/user/.m2/repository/org/apache/kerby/kerb-util/1.0.1/kerb-util-1.0.1.jar:/home/user/.m2/repository/org/apache/kerby/token-provider/1.0.1/token-provider-1.0.1.jar:/home/user/.m2/repository/org/apache/kerby/kerb-admin/1.0.1/kerb-admin-1.0.1.jar:/home/user/.m2/repository/org/apache/kerby/kerb-server/1.0.1/kerb-server-1.0.1.jar:/home/user/.m2/repository/org/apache/kerby/kerb-identity/1.0.1/kerb-identity-1.0.1.jar:/home/user/.m2/repository/org/apache/kerby/kerby-xdr/1.0.1/kerby-xdr-1.0.1.jar:/home/user/.m2/repository/org/slf4j/slf4j-log4j12/1.7.30/slf4j-log4j12-1.7.30.jar:/home/user/.m2/repository/org/apache/hadoop/hadoop-ozone-s3gateway/1.1.0-SNAPSHOT/hadoop-ozone-s3gateway-1.1.0-SNAPSHOT.jar:/home/user/.m2/repository/org/jboss/weld/servlet/weld-servlet/2.4.7.Final/weld-servlet-2.4.7.Final.jar:/home/user/.m2/repository/org/glassfish/jersey/containers/jersey-container-servlet-core/2.27/jersey-container-servlet-core-2.27.jar:/home/user/.m2/repository/org/glassfish/hk2/external/javax.inject/2.5.0-b42/javax.inject-2.5.0-b42.jar:/home/user/.m2/repository/org/glassfish/jersey/core/jersey-common/2.27/jersey-common-2.27.jar:/home/user/.m2/repository/org/glassfish/hk2/osgi-resource-locator/1.0.1/osgi-resource-locator-1.0.1.jar:/home/user/.m2/repository/javax/ws/rs/javax.ws.rs-api/2.1/javax.ws.rs-api-2.1.jar:/home/user/.m2/repository/org/glassfish/jersey/ext/cdi/jersey-cdi1x/2.27/jersey-cdi1x-2.27.jar:/home/user/.m2/repository/org/glassfish/jersey/inject/jersey-hk2/2.27/jersey-hk2-2.27.jar:/home/user/.m2/repository/org/glassfish/hk2/hk2-locator/2.5.0-b42/hk2-locator-2.5.0-b42.jar:/home/user/.m2/repository/org/javassist/javassist/3.22.0-CR2/javassist-3.22.0-CR2.jar:/home/user/.m2/repository/org/glassfish/hk2/hk2-api/2.5.0/hk2-api-2.5.0.jar:/home/user/.m2/repository/org/glassfish/hk2/external/jakarta.inject/2.5.0/jakarta.inject-2.5.0.jar:/home/user/.m2/repository/org/glassfish/hk2/hk2-utils/2.5.0/hk2-utils-2.5.0.jar:/home/user/.m2/repository/jakarta/annotation/jakarta.annotation-api/1.3.4/jakarta.annotation-api-1.3.4.jar:/home/user/.m2/repository/org/glassfish/hk2/external/aopalliance-repackaged/2.5.0/aopalliance-repackaged-2.5.0.jar:/home/user/.m2/repository/com/fasterxml/jackson/dataformat/jackson-dataformat-xml/2.12.1/jackson-dataformat-xml-2.12.1.jar:/home/user/.m2/repository/com/fasterxml/jackson/core/jackson-core/2.12.1/jackson-core-2.12.1.jar:/home/user/.m2/repository/com/fasterxml/jackson/module/jackson-module-jaxb-annotations/2.12.1/jackson-module-jaxb-annotations-2.12.1.jar:/home/user/.m2/repository/jakarta/xml/bind/jakarta.xml.bind-api/2.3.2/jakarta.xml.bind-api-2.3.2.jar:/home/user/.m2/repository/jakarta/activation/jakarta.activation-api/1.2.1/jakarta.activation-api-1.2.1.jar:/home/user/.m2/repository/org/codehaus/woodstox/stax2-api/3.1.4/stax2-api-3.1.4.jar:/home/user/.m2/repository/com/fasterxml/woodstox/woodstox-core/5.0.3/woodstox-core-5.0.3.jar:/home/user/.m2/repository/javax/enterprise/cdi-api/1.2/cdi-api-1.2.jar:/home/user/.m2/repository/javax/el/javax.el-api/3.0.0/javax.el-api-3.0.0.jar:/home/user/.m2/repository/javax/interceptor/javax.interceptor-api/1.2/javax.interceptor-api-1.2.jar:/home/user/.m2/repository/javax/inject/javax.inject/1/javax.inject-1.jar:/home/user/.m2/repository/com/sun/xml/bind/jaxb-impl/2.3.0.1/jaxb-impl-2.3.0.1.jar:/home/user/.m2/repository/com/sun/xml/bind/jaxb-core/2.3.0.1/jaxb-core-2.3.0.1.jar:/home/user/.m2/repository/javax/xml/bind/jaxb-api/2.3.0/jaxb-api-2.3.0.jar:/home/user/.m2/repository/javax/activation/activation/1.1.1/activation-1.1.1.jar:/home/user/.m2/repository/org/apache/hadoop/hadoop-ozone-csi/1.1.0-SNAPSHOT/hadoop-ozone-csi-1.1.0-SNAPSHOT.jar:/home/user/.m2/repository/com/google/protobuf/protobuf-java-util/3.12.0/protobuf-java-util-3.12.0.jar:/home/user/.m2/repository/com/google/code/gson/gson/2.2.4/gson-2.2.4.jar:/home/user/.m2/repository/org/apache/hadoop/hadoop-hdds-config/1.1.0-SNAPSHOT/hadoop-hdds-config-1.1.0-SNAPSHOT.jar:/home/user/.m2/repository/com/google/protobuf/protobuf-java/2.5.0/protobuf-java-2.5.0.jar:/home/user/.m2/repository/io/grpc/grpc-netty/1.33.0/grpc-netty-1.33.0.jar:/home/user/.m2/repository/io/grpc/grpc-core/1.33.0/grpc-core-1.33.0.jar:/home/user/.m2/repository/com/google/android/annotations/4.1.1.4/annotations-4.1.1.4.jar:/home/user/.m2/repository/io/netty/netty-codec-http2/4.1.51.Final/netty-codec-http2-4.1.51.Final.jar:/home/user/.m2/repository/io/netty/netty-codec/4.1.51.Final/netty-codec-4.1.51.Final.jar:/home/user/.m2/repository/io/netty/netty-handler/4.1.51.Final/netty-handler-4.1.51.Final.jar:/home/user/.m2/repository/io/netty/netty-codec-http/4.1.51.Final/netty-codec-http-4.1.51.Final.jar:/home/user/.m2/repository/io/netty/netty-handler-proxy/4.1.51.Final/netty-handler-proxy-4.1.51.Final.jar:/home/user/.m2/repository/io/netty/netty-codec-socks/4.1.51.Final/netty-codec-socks-4.1.51.Final.jar:/home/user/.m2/repository/io/perfmark/perfmark-api/0.19.0/perfmark-api-0.19.0.jar:/home/user/.m2/repository/org/codehaus/mojo/animal-sniffer-annotations/1.18/animal-sniffer-annotations-1.18.jar:/home/user/.m2/repository/io/netty/netty-transport-native-epoll/4.1.51.Final/netty-transport-native-epoll-4.1.51.Final.jar:/home/user/.m2/repository/io/netty/netty-common/4.1.51.Final/netty-common-4.1.51.Final.jar:/home/user/.m2/repository/io/netty/netty-buffer/4.1.51.Final/netty-buffer-4.1.51.Final.jar:/home/user/.m2/repository/io/netty/netty-transport/4.1.51.Final/netty-transport-4.1.51.Final.jar:/home/user/.m2/repository/io/netty/netty-resolver/4.1.51.Final/netty-resolver-4.1.51.Final.jar:/home/user/.m2/repository/io/netty/netty-transport-native-unix-common/4.1.51.Final/netty-transport-native-unix-common-4.1.51.Final.jar:/home/user/.m2/repository/io/grpc/grpc-protobuf/1.33.0/grpc-protobuf-1.33.0.jar:/home/user/.m2/repository/io/grpc/grpc-api/1.33.0/grpc-api-1.33.0.jar:/home/user/.m2/repository/io/grpc/grpc-context/1.33.0/grpc-context-1.33.0.jar:/home/user/.m2/repository/com/google/api/grpc/proto-google-common-protos/1.17.0/proto-google-common-protos-1.17.0.jar:/home/user/.m2/repository/io/grpc/grpc-protobuf-lite/1.33.0/grpc-protobuf-lite-1.33.0.jar:/home/user/.m2/repository/io/grpc/grpc-stub/1.33.0/grpc-stub-1.33.0.jar:/home/user/.m2/repository/org/apache/hadoop/hadoop-ozone-recon/1.1.0-SNAPSHOT/hadoop-ozone-recon-1.1.0-SNAPSHOT.jar:/home/user/.m2/repository/org/apache/hadoop/hadoop-ozone-reconcodegen/1.1.0-SNAPSHOT/hadoop-ozone-reconcodegen-1.1.0-SNAPSHOT.jar:/home/user/.m2/repository/com/google/inject/extensions/guice-multibindings/4.0/guice-multibindings-4.0.jar:/home/user/.m2/repository/com/google/inject/guice/4.0/guice-4.0.jar:/home/user/.m2/repository/aopalliance/aopalliance/1.0/aopalliance-1.0.jar:/home/user/.m2/repository/com/google/inject/extensions/guice-assistedinject/4.0/guice-assistedinject-4.0.jar:/home/user/.m2/repository/com/google/inject/extensions/guice-servlet/4.0/guice-servlet-4.0.jar:/home/user/.m2/repository/org/glassfish/jersey/containers/jersey-container-servlet/2.27/jersey-container-servlet-2.27.jar:/home/user/.m2/repository/org/glassfish/hk2/guice-bridge/2.5.0/guice-bridge-2.5.0.jar:/home/user/.m2/repository/org/glassfish/jersey/core/jersey-server/2.27/jersey-server-2.27.jar:/home/user/.m2/repository/org/glassfish/jersey/core/jersey-client/2.27/jersey-client-2.27.jar:/home/user/.m2/repository/org/glassfish/jersey/media/jersey-media-jaxb/2.27/jersey-media-jaxb-2.27.jar:/home/user/.m2/repository/javax/validation/validation-api/1.1.0.Final/validation-api-1.1.0.Final.jar:/home/user/.m2/repository/org/glassfish/jersey/media/jersey-media-json-jackson/2.27/jersey-media-json-jackson-2.27.jar:/home/user/.m2/repository/org/glassfish/jersey/ext/jersey-entity-filtering/2.27/jersey-entity-filtering-2.27.jar:/home/user/.m2/repository/org/jooq/jooq/3.11.10/jooq-3.11.10.jar:/home/user/.m2/repository/org/jooq/jooq-meta/3.11.10/jooq-meta-3.11.10.jar:/home/user/.m2/repository/org/jooq/jooq-codegen/3.11.10/jooq-codegen-3.11.10.jar:/home/user/.m2/repository/com/jolbox/bonecp/0.8.0.RELEASE/bonecp-0.8.0.RELEASE.jar:/home/user/.m2/repository/org/apache/derby/derby/10.14.2.0/derby-10.14.2.0.jar:/home/user/.m2/repository/org/xerial/sqlite-jdbc/3.25.2/sqlite-jdbc-3.25.2.jar:/home/user/.m2/repository/org/springframework/spring-jdbc/5.2.11.RELEASE/spring-jdbc-5.2.11.RELEASE.jar:/home/user/.m2/repository/org/springframework/spring-beans/5.2.11.RELEASE/spring-beans-5.2.11.RELEASE.jar:/home/user/.m2/repository/org/springframework/spring-core/5.2.11.RELEASE/spring-core-5.2.11.RELEASE.jar:/home/user/.m2/repository/org/springframework/spring-jcl/5.2.11.RELEASE/spring-jcl-5.2.11.RELEASE.jar:/home/user/.m2/repository/org/springframework/spring-tx/5.2.11.RELEASE/spring-tx-5.2.11.RELEASE.jar:/home/user/.m2/repository/org/apache/hadoop/hadoop-ozone-client/1.1.0-SNAPSHOT/hadoop-ozone-client-1.1.0-SNAPSHOT.jar:/home/user/.m2/repository/org/apache/hadoop/hadoop-ozone-filesystem/1.1.0-SNAPSHOT/hadoop-ozone-filesystem-1.1.0-SNAPSHOT.jar:/home/user/.m2/repository/org/apache/hadoop/hadoop-ozone-filesystem-common/1.1.0-SNAPSHOT/hadoop-ozone-filesystem-common-1.1.0-SNAPSHOT.jar:/home/user/.m2/repository/org/apache/hadoop/hadoop-ozone-tools/1.1.0-SNAPSHOT/hadoop-ozone-tools-1.1.0-SNAPSHOT.jar:/home/user/.m2/repository/org/apache/ratis/ratis-tools/1.1.0-0bdf24f-SNAPSHOT/ratis-tools-1.1.0-0bdf24f-SNAPSHOT.jar:/home/user/.m2/repository/org/apache/ratis/ratis-proto/1.1.0-0bdf24f-SNAPSHOT/ratis-proto-1.1.0-0bdf24f-SNAPSHOT.jar:/home/user/.m2/repository/org/apache/ratis/ratis-common/1.1.0-0bdf24f-SNAPSHOT/ratis-common-1.1.0-0bdf24f-SNAPSHOT.jar:/home/user/.m2/repository/com/amazonaws/aws-java-sdk-core/1.11.901/aws-java-sdk-core-1.11.901.jar:/home/user/.m2/repository/org/apache/httpcomponents/httpclient/4.5.13/httpclient-4.5.13.jar:/home/user/.m2/repository/org/apache/httpcomponents/httpcore/4.4.13/httpcore-4.4.13.jar:/home/user/.m2/repository/software/amazon/ion/ion-java/1.0.2/ion-java-1.0.2.jar:/home/user/.m2/repository/com/fasterxml/jackson/dataformat/jackson-dataformat-cbor/2.12.1/jackson-dataformat-cbor-2.12.1.jar:/home/user/.m2/repository/joda-time/joda-time/2.8.1/joda-time-2.8.1.jar:/home/user/.m2/repository/com/amazonaws/aws-java-sdk-s3/1.11.901/aws-java-sdk-s3-1.11.901.jar:/home/user/.m2/repository/com/amazonaws/aws-java-sdk-kms/1.11.901/aws-java-sdk-kms-1.11.901.jar:/home/user/.m2/repository/com/amazonaws/jmespath-java/1.11.901/jmespath-java-1.11.901.jar:/home/user/.m2/repository/org/kohsuke/metainf-services/metainf-services/1.8/metainf-services-1.8.jar:/home/user/.m2/repository/org/apache/hadoop/hadoop-hdds-tools/1.1.0-SNAPSHOT/hadoop-hdds-tools-1.1.0-SNAPSHOT.jar:/home/user/.m2/repository/commons-cli/commons-cli/1.2/commons-cli-1.2.jar:/home/user/.m2/repository/org/apache/commons/commons-lang3/3.7/commons-lang3-3.7.jar:/home/user/.m2/repository/org/apache/hadoop/hadoop-ozone-ozone-manager/1.1.0-SNAPSHOT/hadoop-ozone-ozone-manager-1.1.0-SNAPSHOT-tests.jar:/home/user/.m2/repository/org/apache/hadoop/hadoop-hdds-common/1.1.0-SNAPSHOT/hadoop-hdds-common-1.1.0-SNAPSHOT-tests.jar:/home/user/.m2/repository/org/apache/hadoop/hadoop-hdds-hadoop-dependency-client/1.1.0-SNAPSHOT/hadoop-hdds-hadoop-dependency-client-1.1.0-SNAPSHOT.jar:/home/user/.m2/repository/info/picocli/picocli/4.4.0/picocli-4.4.0.jar:/home/user/.m2/repository/com/fasterxml/jackson/core/jackson-annotations/2.12.1/jackson-annotations-2.12.1.jar:/home/user/.m2/repository/javax/annotation/javax.annotation-api/1.2/javax.annotation-api-1.2.jar:/home/user/.m2/repository/org/fusesource/leveldbjni/leveldbjni-all/1.8/leveldbjni-all-1.8.jar:/home/user/.m2/repository/org/apache/ratis/ratis-server/1.1.0-0bdf24f-SNAPSHOT/ratis-server-1.1.0-0bdf24f-SNAPSHOT.jar:/home/user/.m2/repository/org/apache/ratis/ratis-client/1.1.0-0bdf24f-SNAPSHOT/ratis-client-1.1.0-0bdf24f-SNAPSHOT.jar:/home/user/.m2/repository/org/apache/ratis/ratis-server-api/1.1.0-0bdf24f-SNAPSHOT/ratis-server-api-1.1.0-0bdf24f-SNAPSHOT.jar:/home/user/.m2/repository/org/apache/ratis/ratis-metrics/1.1.0-0bdf24f-SNAPSHOT/ratis-metrics-1.1.0-0bdf24f-SNAPSHOT.jar:/home/user/.m2/repository/org/apache/ratis/ratis-netty/1.1.0-0bdf24f-SNAPSHOT/ratis-netty-1.1.0-0bdf24f-SNAPSHOT.jar:/home/user/.m2/repository/org/apache/ratis/ratis-grpc/1.1.0-0bdf24f-SNAPSHOT/ratis-grpc-1.1.0-0bdf24f-SNAPSHOT.jar:/home/user/.m2/repository/org/apache/logging/log4j/log4j-api/2.13.3/log4j-api-2.13.3.jar:/home/user/.m2/repository/org/apache/logging/log4j/log4j-core/2.13.3/log4j-core-2.13.3.jar:/home/user/.m2/repository/com/lmax/disruptor/3.4.2/disruptor-3.4.2.jar:/home/user/.m2/repository/org/apache/commons/commons-pool2/2.6.0/commons-pool2-2.6.0.jar:/home/user/.m2/repository/org/bouncycastle/bcpkix-jdk15on/1.67/bcpkix-jdk15on-1.67.jar:/home/user/.m2/repository/commons-validator/commons-validator/1.6/commons-validator-1.6.jar:/home/user/.m2/repository/commons-beanutils/commons-beanutils/1.9.4/commons-beanutils-1.9.4.jar:/home/user/.m2/repository/commons-digester/commons-digester/1.8.1/commons-digester-1.8.1.jar:/home/user/.m2/repository/commons-collections/commons-collections/3.2.2/commons-collections-3.2.2.jar:/home/user/.m2/repository/io/jaegertracing/jaeger-client/1.2.0/jaeger-client-1.2.0.jar:/home/user/.m2/repository/io/jaegertracing/jaeger-thrift/1.2.0/jaeger-thrift-1.2.0.jar:/home/user/.m2/repository/org/apache/thrift/libthrift/0.13.0/libthrift-0.13.0.jar:/home/user/.m2/repository/com/squareup/okhttp3/okhttp/4.2.2/okhttp-4.2.2.jar:/home/user/.m2/repository/com/squareup/okio/okio/2.2.2/okio-2.2.2.jar:/home/user/.m2/repository/org/jetbrains/kotlin/kotlin-stdlib/1.3.50/kotlin-stdlib-1.3.50.jar:/home/user/.m2/repository/org/jetbrains/kotlin/kotlin-stdlib-common/1.3.50/kotlin-stdlib-common-1.3.50.jar:/home/user/.m2/repository/org/jetbrains/annotations/13.0/annotations-13.0.jar:/home/user/.m2/repository/io/jaegertracing/jaeger-core/1.2.0/jaeger-core-1.2.0.jar:/home/user/.m2/repository/io/jaegertracing/jaeger-tracerresolver/1.2.0/jaeger-tracerresolver-1.2.0.jar:/home/user/.m2/repository/io/opentracing/contrib/opentracing-tracerresolver/0.1.8/opentracing-tracerresolver-0.1.8.jar:/home/user/.m2/repository/io/opentracing/opentracing-util/0.33.0/opentracing-util-0.33.0.jar:/home/user/.m2/repository/io/opentracing/opentracing-api/0.33.0/opentracing-api-0.33.0.jar:/home/user/.m2/repository/io/opentracing/opentracing-noop/0.33.0/opentracing-noop-0.33.0.jar:/home/user/.m2/repository/org/yaml/snakeyaml/1.26/snakeyaml-1.26.jar:/home/user/.m2/repository/junit/junit/4.13.1/junit-4.13.1.jar:/home/user/.m2/repository/org/hamcrest/hamcrest-core/1.3/hamcrest-core-1.3.jar:/home/user/.m2/repository/org/junit/jupiter/junit-jupiter-api/5.7.0/junit-jupiter-api-5.7.0.jar:/home/user/.m2/repository/org/apiguardian/apiguardian-api/1.1.0/apiguardian-api-1.1.0.jar:/home/user/.m2/repository/org/opentest4j/opentest4j/1.2.0/opentest4j-1.2.0.jar:/home/user/.m2/repository/org/junit/platform/junit-platform-commons/1.7.0/junit-platform-commons-1.7.0.jar:/home/user/.m2/repository/org/junit/jupiter/junit-jupiter-engine/5.7.0/junit-jupiter-engine-5.7.0.jar:/home/user/.m2/repository/org/junit/platform/junit-platform-engine/1.7.0/junit-platform-engine-1.7.0.jar:/home/user/.m2/repository/org/junit/vintage/junit-vintage-engine/5.7.0/junit-vintage-engine-5.7.0.jar:/home/user/.m2/repository/org/junit/platform/junit-platform-launcher/1.7.0/junit-platform-launcher-1.7.0.jar:/home/user/.m2/repository/org/openjdk/jmh/jmh-core/1.19/jmh-core-1.19.jar:/home/user/.m2/repository/net/sf/jopt-simple/jopt-simple/4.6/jopt-simple-4.6.jar:/home/user/.m2/repository/org/apache/commons/commons-math3/3.1.1/commons-math3-3.1.1.jar:/home/user/.m2/repository/org/openjdk/jmh/jmh-generator-annprocess/1.19/jmh-generator-annprocess-1.19.jar:/home/user/.m2/repository/org/mockito/mockito-all/1.8.5/mockito-all-1.8.5.jar:/home/user/.m2/repository/org/apache/hadoop/hadoop-kms/3.2.2/hadoop-kms-3.2.2.jar:/home/user/.m2/repository/org/apache/hadoop/hadoop-auth/3.2.2/hadoop-auth-3.2.2.jar:/home/user/.m2/repository/com/nimbusds/nimbus-jose-jwt/7.9/nimbus-jose-jwt-7.9.jar:/home/user/.m2/repository/com/github/stephenc/jcip/jcip-annotations/1.0-1/jcip-annotations-1.0-1.jar:/home/user/.m2/repository/net/minidev/json-smart/2.3/json-smart-2.3.jar:/home/user/.m2/repository/net/minidev/accessors-smart/1.2/accessors-smart-1.2.jar:/home/user/.m2/repository/org/ow2/asm/asm/5.0.4/asm-5.0.4.jar:/home/user/.m2/repository/org/apache/zookeeper/zookeeper/3.4.13/zookeeper-3.4.13.jar:/home/user/.m2/repository/org/apache/yetus/audience-annotations/0.5.0/audience-annotations-0.5.0.jar:/home/user/.m2/repository/org/apache/curator/curator-framework/2.13.0/curator-framework-2.13.0.jar:/home/user/.m2/repository/com/sun/jersey/jersey-core/1.19/jersey-core-1.19.jar:/home/user/.m2/repository/javax/ws/rs/jsr311-api/1.1.1/jsr311-api-1.1.1.jar:/home/user/.m2/repository/com/sun/jersey/jersey-server/1.19/jersey-server-1.19.jar:/home/user/.m2/repository/javax/servlet/javax.servlet-api/3.1.0/javax.servlet-api-3.1.0.jar:/home/user/.m2/repository/org/eclipse/jetty/jetty-server/9.4.35.v20201120/jetty-server-9.4.35.v20201120.jar:/home/user/.m2/repository/org/eclipse/jetty/jetty-http/9.4.35.v20201120/jetty-http-9.4.35.v20201120.jar:/home/user/.m2/repository/org/eclipse/jetty/jetty-io/9.4.35.v20201120/jetty-io-9.4.35.v20201120.jar:/home/user/.m2/repository/org/eclipse/jetty/jetty-webapp/9.4.35.v20201120/jetty-webapp-9.4.35.v20201120.jar:/home/user/.m2/repository/org/eclipse/jetty/jetty-xml/9.4.35.v20201120/jetty-xml-9.4.35.v20201120.jar:/home/user/.m2/repository/org/apache/hadoop/hadoop-common/3.2.2/hadoop-common-3.2.2.jar:/home/user/.m2/repository/commons-net/commons-net/3.6/commons-net-3.6.jar:/home/user/.m2/repository/javax/activation/javax.activation-api/1.2.0/javax.activation-api-1.2.0.jar:/home/user/.m2/repository/com/sun/jersey/jersey-servlet/1.19/jersey-servlet-1.19.jar:/home/user/.m2/repository/com/sun/jersey/jersey-json/1.19/jersey-json-1.19.jar:/home/user/.m2/repository/org/codehaus/jettison/jettison/1.1/jettison-1.1.jar:/home/user/.m2/repository/org/codehaus/jackson/jackson-jaxrs/1.9.2/jackson-jaxrs-1.9.2.jar:/home/user/.m2/repository/org/codehaus/jackson/jackson-xc/1.9.2/jackson-xc-1.9.2.jar:/home/user/.m2/repository/org/apache/commons/commons-configuration2/2.1.1/commons-configuration2-2.1.1.jar:/home/user/.m2/repository/org/apache/commons/commons-text/1.4/commons-text-1.4.jar:/home/user/.m2/repository/com/google/re2j/re2j/1.1/re2j-1.1.jar:/home/user/.m2/repository/com/jcraft/jsch/0.1.54/jsch-0.1.54.jar:/home/user/.m2/repository/org/apache/curator/curator-client/2.13.0/curator-client-2.13.0.jar:/home/user/.m2/repository/org/apache/curator/curator-recipes/2.13.0/curator-recipes-2.13.0.jar:/home/user/.m2/repository/dnsjava/dnsjava/2.1.7/dnsjava-2.1.7.jar:/home/user/.m2/repository/org/slf4j/jul-to-slf4j/1.7.30/jul-to-slf4j-1.7.30.jar:/home/user/.m2/repository/org/eclipse/jetty/jetty-util/9.4.35.v20201120/jetty-util-9.4.35.v20201120.jar:/home/user/.m2/repository/com/fasterxml/jackson/core/jackson-databind/2.12.1/jackson-databind-2.12.1.jar:/home/user/.m2/repository/org/apache/hadoop/hadoop-kms/3.2.2/hadoop-kms-3.2.2-tests.jar:/home/user/.m2/repository/org/apache/hadoop/hadoop-hdds-server-scm/1.1.0-SNAPSHOT/hadoop-hdds-server-scm-1.1.0-SNAPSHOT-tests.jar:/home/user/.m2/repository/org/apache/hadoop/hadoop-hdds-container-service/1.1.0-SNAPSHOT/hadoop-hdds-container-service-1.1.0-SNAPSHOT-tests.jar:/home/user/.m2/repository/commons-codec/commons-codec/1.11/commons-codec-1.11.jar:/home/user/.m2/repository/org/apache/hadoop/hadoop-hdds-hadoop-dependency-test/1.1.0-SNAPSHOT/hadoop-hdds-hadoop-dependency-test-1.1.0-SNAPSHOT.jar:/home/user/.m2/repository/org/apache/hadoop/hadoop-common/3.2.2/hadoop-common-3.2.2-tests.jar:/home/user/.m2/repository/org/apache/hadoop/hadoop-hdfs/3.2.2/hadoop-hdfs-3.2.2-tests.jar:/home/user/.m2/repository/org/eclipse/jetty/jetty-util-ajax/9.4.35.v20201120/jetty-util-ajax-9.4.35.v20201120.jar:/home/user/.m2/repository/commons-daemon/commons-daemon/1.0.13/commons-daemon-1.0.13.jar:/home/user/.m2/repository/io/netty/netty/3.10.6.Final/netty-3.10.6.Final.jar:/home/user/.m2/repository/io/netty/netty-all/4.1.51.Final/netty-all-4.1.51.Final.jar:/home/user/.m2/repository/org/apache/htrace/htrace-core4/4.1.0-incubating/htrace-core4-4.1.0-incubating.jar:/home/user/.m2/repository/org/apache/hadoop/hadoop-distcp/3.2.2/hadoop-distcp-3.2.2.jar:/home/user/.m2/repository/org/apache/hadoop/hadoop-mapreduce-client-jobclient/3.2.2/hadoop-mapreduce-client-jobclient-3.2.2.jar:/home/user/.m2/repository/org/apache/hadoop/hadoop-mapreduce-client-common/3.2.2/hadoop-mapreduce-client-common-3.2.2.jar:/home/user/.m2/repository/org/apache/hadoop/hadoop-yarn-common/3.2.2/hadoop-yarn-common-3.2.2.jar:/home/user/.m2/repository/org/apache/hadoop/hadoop-yarn-api/3.2.2/hadoop-yarn-api-3.2.2.jar:/home/user/.m2/repository/com/sun/jersey/jersey-client/1.19/jersey-client-1.19.jar:/home/user/.m2/repository/com/sun/jersey/contribs/jersey-guice/1.19/jersey-guice-1.19.jar:/home/user/.m2/repository/com/fasterxml/jackson/jaxrs/jackson-jaxrs-json-provider/2.12.1/jackson-jaxrs-json-provider-2.12.1.jar:/home/user/.m2/repository/com/fasterxml/jackson/jaxrs/jackson-jaxrs-base/2.12.1/jackson-jaxrs-base-2.12.1.jar:/home/user/.m2/repository/org/apache/hadoop/hadoop-yarn-client/3.2.2/hadoop-yarn-client-3.2.2.jar:/home/user/.m2/repository/org/apache/hadoop/hadoop-mapreduce-client-core/3.2.2/hadoop-mapreduce-client-core-3.2.2.jar:/home/user/.m2/repository/org/apache/avro/avro/1.7.7/avro-1.7.7.jar:/home/user/.m2/repository/org/codehaus/jackson/jackson-core-asl/1.9.13/jackson-core-asl-1.9.13.jar:/home/user/.m2/repository/org/codehaus/jackson/jackson-mapper-asl/1.9.13/jackson-mapper-asl-1.9.13.jar:/home/user/.m2/repository/com/thoughtworks/paranamer/paranamer/2.3/paranamer-2.3.jar:/home/user/.m2/repository/org/xerial/snappy/snappy-java/1.0.5/snappy-java-1.0.5.jar:/home/user/.m2/repository/org/apache/hadoop/hadoop-annotations/3.2.2/hadoop-annotations-3.2.2.jar:/usr/lib/jvm/java-1.8.0-openjdk-1.8.0.232.b09-0.el7_7.x86_64/jre/../lib/tools.jar:/home/user/.m2/repository/org/apache/hadoop/hadoop-distcp/3.2.2/hadoop-distcp-3.2.2-tests.jar:"/>
    <property name="java.vm.vendor" value="Oracle Corporation"/>
    <property name="sun.arch.data.model" value="64"/>
    <property name="test.build.dir" value="/github/workspace/mnt/ozone/hadoop-ozone/integration-test/target/test-dir"/>
    <property name="test.cache.data" value=""/>
    <property name="java.vendor.url" value="http://java.oracle.com/"/>
    <property name="user.timezone" value=""/>
    <property name="java.vm.specification.version" value="1.8"/>
    <property name="os.name" value="Linux"/>
    <property name="test.build.data" value="/github/workspace/mnt/ozone/hadoop-ozone/integration-test/target/test-dir"/>
    <property name="user.country" value="US"/>
    <property name="sun.java.launcher" value="SUN_STANDARD"/>
    <property name="sun.boot.library.path" value="/usr/lib/jvm/java-1.8.0-openjdk-1.8.0.232.b09-0.el7_7.x86_64/jre/lib/amd64"/>
    <property name="sun.java.command" value="/github/workspace/mnt/ozone/hadoop-ozone/integration-test/target/surefire/surefirebooter5599089531747787283.jar /github/workspace/mnt/ozone/hadoop-ozone/integration-test/target/surefire 2021-03-15T13-13-02_067-jvmRun1 surefire5622955589984821915tmp surefire_71337151852819934415tmp"/>
    <property name="surefire.test.class.path" value="/github/workspace/mnt/ozone/hadoop-ozone/integration-test/target/test-classes:/github/workspace/mnt/ozone/hadoop-ozone/integration-test/target/classes:/home/user/.m2/repository/org/apache/hadoop/hadoop-ozone-common/1.1.0-SNAPSHOT/hadoop-ozone-common-1.1.0-SNAPSHOT.jar:/home/user/.m2/repository/org/apache/commons/commons-compress/1.4.1/commons-compress-1.4.1.jar:/home/user/.m2/repository/org/tukaani/xz/1.0/xz-1.0.jar:/home/user/.m2/repository/org/apache/hadoop/hadoop-hdds-common/1.1.0-SNAPSHOT/hadoop-hdds-common-1.1.0-SNAPSHOT.jar:/home/user/.m2/repository/org/apache/hadoop/hadoop-hdds-client/1.1.0-SNAPSHOT/hadoop-hdds-client-1.1.0-SNAPSHOT.jar:/home/user/.m2/repository/org/apache/hadoop/hadoop-ozone-interface-client/1.1.0-SNAPSHOT/hadoop-ozone-interface-client-1.1.0-SNAPSHOT.jar:/home/user/.m2/repository/org/apache/hadoop/hadoop-hdds-test-utils/1.1.0-SNAPSHOT/hadoop-hdds-test-utils-1.1.0-SNAPSHOT.jar:/home/user/.m2/repository/com/google/guava/guava/28.2-jre/guava-28.2-jre.jar:/home/user/.m2/repository/com/google/guava/failureaccess/1.0.1/failureaccess-1.0.1.jar:/home/user/.m2/repository/com/google/guava/listenablefuture/9999.0-empty-to-avoid-conflict-with-guava/listenablefuture-9999.0-empty-to-avoid-conflict-with-guava.jar:/home/user/.m2/repository/com/google/code/findbugs/jsr305/3.0.0/jsr305-3.0.0.jar:/home/user/.m2/repository/org/checkerframework/checker-qual/2.10.0/checker-qual-2.10.0.jar:/home/user/.m2/repository/com/google/errorprone/error_prone_annotations/2.2.0/error_prone_annotations-2.2.0.jar:/home/user/.m2/repository/com/google/j2objc/j2objc-annotations/1.3/j2objc-annotations-1.3.jar:/home/user/.m2/repository/commons-io/commons-io/2.5/commons-io-2.5.jar:/home/user/.m2/repository/commons-logging/commons-logging/1.2/commons-logging-1.2.jar:/home/user/.m2/repository/log4j/log4j/1.2.17/log4j-1.2.17.jar:/home/user/.m2/repository/org/slf4j/slf4j-api/1.7.30/slf4j-api-1.7.30.jar:/home/user/.m2/repository/org/apache/hadoop/hadoop-hdds-server-scm/1.1.0-SNAPSHOT/hadoop-hdds-server-scm-1.1.0-SNAPSHOT.jar:/home/user/.m2/repository/org/apache/hadoop/hadoop-hdds-container-service/1.1.0-SNAPSHOT/hadoop-hdds-container-service-1.1.0-SNAPSHOT.jar:/home/user/.m2/repository/org/apache/hadoop/hadoop-hdds-hadoop-dependency-server/1.1.0-SNAPSHOT/hadoop-hdds-hadoop-dependency-server-1.1.0-SNAPSHOT.jar:/home/user/.m2/repository/org/apache/hadoop/hadoop-hdfs/3.2.2/hadoop-hdfs-3.2.2.jar:/home/user/.m2/repository/org/apache/hadoop/hadoop-hdds-server-framework/1.1.0-SNAPSHOT/hadoop-hdds-server-framework-1.1.0-SNAPSHOT.jar:/home/user/.m2/repository/org/apache/hadoop/hadoop-hdds-interface-server/1.1.0-SNAPSHOT/hadoop-hdds-interface-server-1.1.0-SNAPSHOT.jar:/home/user/.m2/repository/org/apache/hadoop/hadoop-hdds-interface-admin/1.1.0-SNAPSHOT/hadoop-hdds-interface-admin-1.1.0-SNAPSHOT.jar:/home/user/.m2/repository/org/eclipse/jetty/jetty-servlet/9.4.35.v20201120/jetty-servlet-9.4.35.v20201120.jar:/home/user/.m2/repository/org/eclipse/jetty/jetty-security/9.4.35.v20201120/jetty-security-9.4.35.v20201120.jar:/home/user/.m2/repository/org/rocksdb/rocksdbjni/6.8.1/rocksdbjni-6.8.1.jar:/home/user/.m2/repository/io/prometheus/simpleclient_dropwizard/0.7.0/simpleclient_dropwizard-0.7.0.jar:/home/user/.m2/repository/io/prometheus/simpleclient/0.7.0/simpleclient-0.7.0.jar:/home/user/.m2/repository/io/prometheus/simpleclient_common/0.7.0/simpleclient_common-0.7.0.jar:/home/user/.m2/repository/com/fasterxml/jackson/datatype/jackson-datatype-jsr310/2.12.1/jackson-datatype-jsr310-2.12.1.jar:/home/user/.m2/repository/io/dropwizard/metrics/metrics-core/3.2.4/metrics-core-3.2.4.jar:/home/user/.m2/repository/org/apache/hadoop/hadoop-hdfs-client/3.2.2/hadoop-hdfs-client-3.2.2.jar:/home/user/.m2/repository/org/bouncycastle/bcprov-jdk15on/1.67/bcprov-jdk15on-1.67.jar:/home/user/.m2/repository/org/apache/hadoop/hadoop-ozone-ozone-manager/1.1.0-SNAPSHOT/hadoop-ozone-ozone-manager-1.1.0-SNAPSHOT.jar:/home/user/.m2/repository/org/apache/hadoop/hadoop-hdds-interface-client/1.1.0-SNAPSHOT/hadoop-hdds-interface-client-1.1.0-SNAPSHOT.jar:/home/user/.m2/repository/org/apache/ratis/ratis-thirdparty-misc/0.6.0/ratis-thirdparty-misc-0.6.0.jar:/home/user/.m2/repository/org/apache/hadoop/hadoop-ozone-interface-storage/1.1.0-SNAPSHOT/hadoop-ozone-interface-storage-1.1.0-SNAPSHOT.jar:/home/user/.m2/repository/org/apache/hadoop/hadoop-minikdc/3.2.2/hadoop-minikdc-3.2.2.jar:/home/user/.m2/repository/org/apache/kerby/kerb-simplekdc/1.0.1/kerb-simplekdc-1.0.1.jar:/home/user/.m2/repository/org/apache/kerby/kerb-client/1.0.1/kerb-client-1.0.1.jar:/home/user/.m2/repository/org/apache/kerby/kerby-config/1.0.1/kerby-config-1.0.1.jar:/home/user/.m2/repository/org/apache/kerby/kerb-core/1.0.1/kerb-core-1.0.1.jar:/home/user/.m2/repository/org/apache/kerby/kerby-pkix/1.0.1/kerby-pkix-1.0.1.jar:/home/user/.m2/repository/org/apache/kerby/kerby-asn1/1.0.1/kerby-asn1-1.0.1.jar:/home/user/.m2/repository/org/apache/kerby/kerby-util/1.0.1/kerby-util-1.0.1.jar:/home/user/.m2/repository/org/apache/kerby/kerb-common/1.0.1/kerb-common-1.0.1.jar:/home/user/.m2/repository/org/apache/kerby/kerb-crypto/1.0.1/kerb-crypto-1.0.1.jar:/home/user/.m2/repository/org/apache/kerby/kerb-util/1.0.1/kerb-util-1.0.1.jar:/home/user/.m2/repository/org/apache/kerby/token-provider/1.0.1/token-provider-1.0.1.jar:/home/user/.m2/repository/org/apache/kerby/kerb-admin/1.0.1/kerb-admin-1.0.1.jar:/home/user/.m2/repository/org/apache/kerby/kerb-server/1.0.1/kerb-server-1.0.1.jar:/home/user/.m2/repository/org/apache/kerby/kerb-identity/1.0.1/kerb-identity-1.0.1.jar:/home/user/.m2/repository/org/apache/kerby/kerby-xdr/1.0.1/kerby-xdr-1.0.1.jar:/home/user/.m2/repository/org/slf4j/slf4j-log4j12/1.7.30/slf4j-log4j12-1.7.30.jar:/home/user/.m2/repository/org/apache/hadoop/hadoop-ozone-s3gateway/1.1.0-SNAPSHOT/hadoop-ozone-s3gateway-1.1.0-SNAPSHOT.jar:/home/user/.m2/repository/org/jboss/weld/servlet/weld-servlet/2.4.7.Final/weld-servlet-2.4.7.Final.jar:/home/user/.m2/repository/org/glassfish/jersey/containers/jersey-container-servlet-core/2.27/jersey-container-servlet-core-2.27.jar:/home/user/.m2/repository/org/glassfish/hk2/external/javax.inject/2.5.0-b42/javax.inject-2.5.0-b42.jar:/home/user/.m2/repository/org/glassfish/jersey/core/jersey-common/2.27/jersey-common-2.27.jar:/home/user/.m2/repository/org/glassfish/hk2/osgi-resource-locator/1.0.1/osgi-resource-locator-1.0.1.jar:/home/user/.m2/repository/javax/ws/rs/javax.ws.rs-api/2.1/javax.ws.rs-api-2.1.jar:/home/user/.m2/repository/org/glassfish/jersey/ext/cdi/jersey-cdi1x/2.27/jersey-cdi1x-2.27.jar:/home/user/.m2/repository/org/glassfish/jersey/inject/jersey-hk2/2.27/jersey-hk2-2.27.jar:/home/user/.m2/repository/org/glassfish/hk2/hk2-locator/2.5.0-b42/hk2-locator-2.5.0-b42.jar:/home/user/.m2/repository/org/javassist/javassist/3.22.0-CR2/javassist-3.22.0-CR2.jar:/home/user/.m2/repository/org/glassfish/hk2/hk2-api/2.5.0/hk2-api-2.5.0.jar:/home/user/.m2/repository/org/glassfish/hk2/external/jakarta.inject/2.5.0/jakarta.inject-2.5.0.jar:/home/user/.m2/repository/org/glassfish/hk2/hk2-utils/2.5.0/hk2-utils-2.5.0.jar:/home/user/.m2/repository/jakarta/annotation/jakarta.annotation-api/1.3.4/jakarta.annotation-api-1.3.4.jar:/home/user/.m2/repository/org/glassfish/hk2/external/aopalliance-repackaged/2.5.0/aopalliance-repackaged-2.5.0.jar:/home/user/.m2/repository/com/fasterxml/jackson/dataformat/jackson-dataformat-xml/2.12.1/jackson-dataformat-xml-2.12.1.jar:/home/user/.m2/repository/com/fasterxml/jackson/core/jackson-core/2.12.1/jackson-core-2.12.1.jar:/home/user/.m2/repository/com/fasterxml/jackson/module/jackson-module-jaxb-annotations/2.12.1/jackson-module-jaxb-annotations-2.12.1.jar:/home/user/.m2/repository/jakarta/xml/bind/jakarta.xml.bind-api/2.3.2/jakarta.xml.bind-api-2.3.2.jar:/home/user/.m2/repository/jakarta/activation/jakarta.activation-api/1.2.1/jakarta.activation-api-1.2.1.jar:/home/user/.m2/repository/org/codehaus/woodstox/stax2-api/3.1.4/stax2-api-3.1.4.jar:/home/user/.m2/repository/com/fasterxml/woodstox/woodstox-core/5.0.3/woodstox-core-5.0.3.jar:/home/user/.m2/repository/javax/enterprise/cdi-api/1.2/cdi-api-1.2.jar:/home/user/.m2/repository/javax/el/javax.el-api/3.0.0/javax.el-api-3.0.0.jar:/home/user/.m2/repository/javax/interceptor/javax.interceptor-api/1.2/javax.interceptor-api-1.2.jar:/home/user/.m2/repository/javax/inject/javax.inject/1/javax.inject-1.jar:/home/user/.m2/repository/com/sun/xml/bind/jaxb-impl/2.3.0.1/jaxb-impl-2.3.0.1.jar:/home/user/.m2/repository/com/sun/xml/bind/jaxb-core/2.3.0.1/jaxb-core-2.3.0.1.jar:/home/user/.m2/repository/javax/xml/bind/jaxb-api/2.3.0/jaxb-api-2.3.0.jar:/home/user/.m2/repository/javax/activation/activation/1.1.1/activation-1.1.1.jar:/home/user/.m2/repository/org/apache/hadoop/hadoop-ozone-csi/1.1.0-SNAPSHOT/hadoop-ozone-csi-1.1.0-SNAPSHOT.jar:/home/user/.m2/repository/com/google/protobuf/protobuf-java-util/3.12.0/protobuf-java-util-3.12.0.jar:/home/user/.m2/repository/com/google/code/gson/gson/2.2.4/gson-2.2.4.jar:/home/user/.m2/repository/org/apache/hadoop/hadoop-hdds-config/1.1.0-SNAPSHOT/hadoop-hdds-config-1.1.0-SNAPSHOT.jar:/home/user/.m2/repository/com/google/protobuf/protobuf-java/2.5.0/protobuf-java-2.5.0.jar:/home/user/.m2/repository/io/grpc/grpc-netty/1.33.0/grpc-netty-1.33.0.jar:/home/user/.m2/repository/io/grpc/grpc-core/1.33.0/grpc-core-1.33.0.jar:/home/user/.m2/repository/com/google/android/annotations/4.1.1.4/annotations-4.1.1.4.jar:/home/user/.m2/repository/io/netty/netty-codec-http2/4.1.51.Final/netty-codec-http2-4.1.51.Final.jar:/home/user/.m2/repository/io/netty/netty-codec/4.1.51.Final/netty-codec-4.1.51.Final.jar:/home/user/.m2/repository/io/netty/netty-handler/4.1.51.Final/netty-handler-4.1.51.Final.jar:/home/user/.m2/repository/io/netty/netty-codec-http/4.1.51.Final/netty-codec-http-4.1.51.Final.jar:/home/user/.m2/repository/io/netty/netty-handler-proxy/4.1.51.Final/netty-handler-proxy-4.1.51.Final.jar:/home/user/.m2/repository/io/netty/netty-codec-socks/4.1.51.Final/netty-codec-socks-4.1.51.Final.jar:/home/user/.m2/repository/io/perfmark/perfmark-api/0.19.0/perfmark-api-0.19.0.jar:/home/user/.m2/repository/org/codehaus/mojo/animal-sniffer-annotations/1.18/animal-sniffer-annotations-1.18.jar:/home/user/.m2/repository/io/netty/netty-transport-native-epoll/4.1.51.Final/netty-transport-native-epoll-4.1.51.Final.jar:/home/user/.m2/repository/io/netty/netty-common/4.1.51.Final/netty-common-4.1.51.Final.jar:/home/user/.m2/repository/io/netty/netty-buffer/4.1.51.Final/netty-buffer-4.1.51.Final.jar:/home/user/.m2/repository/io/netty/netty-transport/4.1.51.Final/netty-transport-4.1.51.Final.jar:/home/user/.m2/repository/io/netty/netty-resolver/4.1.51.Final/netty-resolver-4.1.51.Final.jar:/home/user/.m2/repository/io/netty/netty-transport-native-unix-common/4.1.51.Final/netty-transport-native-unix-common-4.1.51.Final.jar:/home/user/.m2/repository/io/grpc/grpc-protobuf/1.33.0/grpc-protobuf-1.33.0.jar:/home/user/.m2/repository/io/grpc/grpc-api/1.33.0/grpc-api-1.33.0.jar:/home/user/.m2/repository/io/grpc/grpc-context/1.33.0/grpc-context-1.33.0.jar:/home/user/.m2/repository/com/google/api/grpc/proto-google-common-protos/1.17.0/proto-google-common-protos-1.17.0.jar:/home/user/.m2/repository/io/grpc/grpc-protobuf-lite/1.33.0/grpc-protobuf-lite-1.33.0.jar:/home/user/.m2/repository/io/grpc/grpc-stub/1.33.0/grpc-stub-1.33.0.jar:/home/user/.m2/repository/org/apache/hadoop/hadoop-ozone-recon/1.1.0-SNAPSHOT/hadoop-ozone-recon-1.1.0-SNAPSHOT.jar:/home/user/.m2/repository/org/apache/hadoop/hadoop-ozone-reconcodegen/1.1.0-SNAPSHOT/hadoop-ozone-reconcodegen-1.1.0-SNAPSHOT.jar:/home/user/.m2/repository/com/google/inject/extensions/guice-multibindings/4.0/guice-multibindings-4.0.jar:/home/user/.m2/repository/com/google/inject/guice/4.0/guice-4.0.jar:/home/user/.m2/repository/aopalliance/aopalliance/1.0/aopalliance-1.0.jar:/home/user/.m2/repository/com/google/inject/extensions/guice-assistedinject/4.0/guice-assistedinject-4.0.jar:/home/user/.m2/repository/com/google/inject/extensions/guice-servlet/4.0/guice-servlet-4.0.jar:/home/user/.m2/repository/org/glassfish/jersey/containers/jersey-container-servlet/2.27/jersey-container-servlet-2.27.jar:/home/user/.m2/repository/org/glassfish/hk2/guice-bridge/2.5.0/guice-bridge-2.5.0.jar:/home/user/.m2/repository/org/glassfish/jersey/core/jersey-server/2.27/jersey-server-2.27.jar:/home/user/.m2/repository/org/glassfish/jersey/core/jersey-client/2.27/jersey-client-2.27.jar:/home/user/.m2/repository/org/glassfish/jersey/media/jersey-media-jaxb/2.27/jersey-media-jaxb-2.27.jar:/home/user/.m2/repository/javax/validation/validation-api/1.1.0.Final/validation-api-1.1.0.Final.jar:/home/user/.m2/repository/org/glassfish/jersey/media/jersey-media-json-jackson/2.27/jersey-media-json-jackson-2.27.jar:/home/user/.m2/repository/org/glassfish/jersey/ext/jersey-entity-filtering/2.27/jersey-entity-filtering-2.27.jar:/home/user/.m2/repository/org/jooq/jooq/3.11.10/jooq-3.11.10.jar:/home/user/.m2/repository/org/jooq/jooq-meta/3.11.10/jooq-meta-3.11.10.jar:/home/user/.m2/repository/org/jooq/jooq-codegen/3.11.10/jooq-codegen-3.11.10.jar:/home/user/.m2/repository/com/jolbox/bonecp/0.8.0.RELEASE/bonecp-0.8.0.RELEASE.jar:/home/user/.m2/repository/org/apache/derby/derby/10.14.2.0/derby-10.14.2.0.jar:/home/user/.m2/repository/org/xerial/sqlite-jdbc/3.25.2/sqlite-jdbc-3.25.2.jar:/home/user/.m2/repository/org/springframework/spring-jdbc/5.2.11.RELEASE/spring-jdbc-5.2.11.RELEASE.jar:/home/user/.m2/repository/org/springframework/spring-beans/5.2.11.RELEASE/spring-beans-5.2.11.RELEASE.jar:/home/user/.m2/repository/org/springframework/spring-core/5.2.11.RELEASE/spring-core-5.2.11.RELEASE.jar:/home/user/.m2/repository/org/springframework/spring-jcl/5.2.11.RELEASE/spring-jcl-5.2.11.RELEASE.jar:/home/user/.m2/repository/org/springframework/spring-tx/5.2.11.RELEASE/spring-tx-5.2.11.RELEASE.jar:/home/user/.m2/repository/org/apache/hadoop/hadoop-ozone-client/1.1.0-SNAPSHOT/hadoop-ozone-client-1.1.0-SNAPSHOT.jar:/home/user/.m2/repository/org/apache/hadoop/hadoop-ozone-filesystem/1.1.0-SNAPSHOT/hadoop-ozone-filesystem-1.1.0-SNAPSHOT.jar:/home/user/.m2/repository/org/apache/hadoop/hadoop-ozone-filesystem-common/1.1.0-SNAPSHOT/hadoop-ozone-filesystem-common-1.1.0-SNAPSHOT.jar:/home/user/.m2/repository/org/apache/hadoop/hadoop-ozone-tools/1.1.0-SNAPSHOT/hadoop-ozone-tools-1.1.0-SNAPSHOT.jar:/home/user/.m2/repository/org/apache/ratis/ratis-tools/1.1.0-0bdf24f-SNAPSHOT/ratis-tools-1.1.0-0bdf24f-SNAPSHOT.jar:/home/user/.m2/repository/org/apache/ratis/ratis-proto/1.1.0-0bdf24f-SNAPSHOT/ratis-proto-1.1.0-0bdf24f-SNAPSHOT.jar:/home/user/.m2/repository/org/apache/ratis/ratis-common/1.1.0-0bdf24f-SNAPSHOT/ratis-common-1.1.0-0bdf24f-SNAPSHOT.jar:/home/user/.m2/repository/com/amazonaws/aws-java-sdk-core/1.11.901/aws-java-sdk-core-1.11.901.jar:/home/user/.m2/repository/org/apache/httpcomponents/httpclient/4.5.13/httpclient-4.5.13.jar:/home/user/.m2/repository/org/apache/httpcomponents/httpcore/4.4.13/httpcore-4.4.13.jar:/home/user/.m2/repository/software/amazon/ion/ion-java/1.0.2/ion-java-1.0.2.jar:/home/user/.m2/repository/com/fasterxml/jackson/dataformat/jackson-dataformat-cbor/2.12.1/jackson-dataformat-cbor-2.12.1.jar:/home/user/.m2/repository/joda-time/joda-time/2.8.1/joda-time-2.8.1.jar:/home/user/.m2/repository/com/amazonaws/aws-java-sdk-s3/1.11.901/aws-java-sdk-s3-1.11.901.jar:/home/user/.m2/repository/com/amazonaws/aws-java-sdk-kms/1.11.901/aws-java-sdk-kms-1.11.901.jar:/home/user/.m2/repository/com/amazonaws/jmespath-java/1.11.901/jmespath-java-1.11.901.jar:/home/user/.m2/repository/org/kohsuke/metainf-services/metainf-services/1.8/metainf-services-1.8.jar:/home/user/.m2/repository/org/apache/hadoop/hadoop-hdds-tools/1.1.0-SNAPSHOT/hadoop-hdds-tools-1.1.0-SNAPSHOT.jar:/home/user/.m2/repository/commons-cli/commons-cli/1.2/commons-cli-1.2.jar:/home/user/.m2/repository/org/apache/commons/commons-lang3/3.7/commons-lang3-3.7.jar:/home/user/.m2/repository/org/apache/hadoop/hadoop-ozone-ozone-manager/1.1.0-SNAPSHOT/hadoop-ozone-ozone-manager-1.1.0-SNAPSHOT-tests.jar:/home/user/.m2/repository/org/apache/hadoop/hadoop-hdds-common/1.1.0-SNAPSHOT/hadoop-hdds-common-1.1.0-SNAPSHOT-tests.jar:/home/user/.m2/repository/org/apache/hadoop/hadoop-hdds-hadoop-dependency-client/1.1.0-SNAPSHOT/hadoop-hdds-hadoop-dependency-client-1.1.0-SNAPSHOT.jar:/home/user/.m2/repository/info/picocli/picocli/4.4.0/picocli-4.4.0.jar:/home/user/.m2/repository/com/fasterxml/jackson/core/jackson-annotations/2.12.1/jackson-annotations-2.12.1.jar:/home/user/.m2/repository/javax/annotation/javax.annotation-api/1.2/javax.annotation-api-1.2.jar:/home/user/.m2/repository/org/fusesource/leveldbjni/leveldbjni-all/1.8/leveldbjni-all-1.8.jar:/home/user/.m2/repository/org/apache/ratis/ratis-server/1.1.0-0bdf24f-SNAPSHOT/ratis-server-1.1.0-0bdf24f-SNAPSHOT.jar:/home/user/.m2/repository/org/apache/ratis/ratis-client/1.1.0-0bdf24f-SNAPSHOT/ratis-client-1.1.0-0bdf24f-SNAPSHOT.jar:/home/user/.m2/repository/org/apache/ratis/ratis-server-api/1.1.0-0bdf24f-SNAPSHOT/ratis-server-api-1.1.0-0bdf24f-SNAPSHOT.jar:/home/user/.m2/repository/org/apache/ratis/ratis-metrics/1.1.0-0bdf24f-SNAPSHOT/ratis-metrics-1.1.0-0bdf24f-SNAPSHOT.jar:/home/user/.m2/repository/org/apache/ratis/ratis-netty/1.1.0-0bdf24f-SNAPSHOT/ratis-netty-1.1.0-0bdf24f-SNAPSHOT.jar:/home/user/.m2/repository/org/apache/ratis/ratis-grpc/1.1.0-0bdf24f-SNAPSHOT/ratis-grpc-1.1.0-0bdf24f-SNAPSHOT.jar:/home/user/.m2/repository/org/apache/logging/log4j/log4j-api/2.13.3/log4j-api-2.13.3.jar:/home/user/.m2/repository/org/apache/logging/log4j/log4j-core/2.13.3/log4j-core-2.13.3.jar:/home/user/.m2/repository/com/lmax/disruptor/3.4.2/disruptor-3.4.2.jar:/home/user/.m2/repository/org/apache/commons/commons-pool2/2.6.0/commons-pool2-2.6.0.jar:/home/user/.m2/repository/org/bouncycastle/bcpkix-jdk15on/1.67/bcpkix-jdk15on-1.67.jar:/home/user/.m2/repository/commons-validator/commons-validator/1.6/commons-validator-1.6.jar:/home/user/.m2/repository/commons-beanutils/commons-beanutils/1.9.4/commons-beanutils-1.9.4.jar:/home/user/.m2/repository/commons-digester/commons-digester/1.8.1/commons-digester-1.8.1.jar:/home/user/.m2/repository/commons-collections/commons-collections/3.2.2/commons-collections-3.2.2.jar:/home/user/.m2/repository/io/jaegertracing/jaeger-client/1.2.0/jaeger-client-1.2.0.jar:/home/user/.m2/repository/io/jaegertracing/jaeger-thrift/1.2.0/jaeger-thrift-1.2.0.jar:/home/user/.m2/repository/org/apache/thrift/libthrift/0.13.0/libthrift-0.13.0.jar:/home/user/.m2/repository/com/squareup/okhttp3/okhttp/4.2.2/okhttp-4.2.2.jar:/home/user/.m2/repository/com/squareup/okio/okio/2.2.2/okio-2.2.2.jar:/home/user/.m2/repository/org/jetbrains/kotlin/kotlin-stdlib/1.3.50/kotlin-stdlib-1.3.50.jar:/home/user/.m2/repository/org/jetbrains/kotlin/kotlin-stdlib-common/1.3.50/kotlin-stdlib-common-1.3.50.jar:/home/user/.m2/repository/org/jetbrains/annotations/13.0/annotations-13.0.jar:/home/user/.m2/repository/io/jaegertracing/jaeger-core/1.2.0/jaeger-core-1.2.0.jar:/home/user/.m2/repository/io/jaegertracing/jaeger-tracerresolver/1.2.0/jaeger-tracerresolver-1.2.0.jar:/home/user/.m2/repository/io/opentracing/contrib/opentracing-tracerresolver/0.1.8/opentracing-tracerresolver-0.1.8.jar:/home/user/.m2/repository/io/opentracing/opentracing-util/0.33.0/opentracing-util-0.33.0.jar:/home/user/.m2/repository/io/opentracing/opentracing-api/0.33.0/opentracing-api-0.33.0.jar:/home/user/.m2/repository/io/opentracing/opentracing-noop/0.33.0/opentracing-noop-0.33.0.jar:/home/user/.m2/repository/org/yaml/snakeyaml/1.26/snakeyaml-1.26.jar:/home/user/.m2/repository/junit/junit/4.13.1/junit-4.13.1.jar:/home/user/.m2/repository/org/hamcrest/hamcrest-core/1.3/hamcrest-core-1.3.jar:/home/user/.m2/repository/org/junit/jupiter/junit-jupiter-api/5.7.0/junit-jupiter-api-5.7.0.jar:/home/user/.m2/repository/org/apiguardian/apiguardian-api/1.1.0/apiguardian-api-1.1.0.jar:/home/user/.m2/repository/org/opentest4j/opentest4j/1.2.0/opentest4j-1.2.0.jar:/home/user/.m2/repository/org/junit/platform/junit-platform-commons/1.7.0/junit-platform-commons-1.7.0.jar:/home/user/.m2/repository/org/junit/jupiter/junit-jupiter-engine/5.7.0/junit-jupiter-engine-5.7.0.jar:/home/user/.m2/repository/org/junit/platform/junit-platform-engine/1.7.0/junit-platform-engine-1.7.0.jar:/home/user/.m2/repository/org/junit/vintage/junit-vintage-engine/5.7.0/junit-vintage-engine-5.7.0.jar:/home/user/.m2/repository/org/junit/platform/junit-platform-launcher/1.7.0/junit-platform-launcher-1.7.0.jar:/home/user/.m2/repository/org/openjdk/jmh/jmh-core/1.19/jmh-core-1.19.jar:/home/user/.m2/repository/net/sf/jopt-simple/jopt-simple/4.6/jopt-simple-4.6.jar:/home/user/.m2/repository/org/apache/commons/commons-math3/3.1.1/commons-math3-3.1.1.jar:/home/user/.m2/repository/org/openjdk/jmh/jmh-generator-annprocess/1.19/jmh-generator-annprocess-1.19.jar:/home/user/.m2/repository/org/mockito/mockito-all/1.8.5/mockito-all-1.8.5.jar:/home/user/.m2/repository/org/apache/hadoop/hadoop-kms/3.2.2/hadoop-kms-3.2.2.jar:/home/user/.m2/repository/org/apache/hadoop/hadoop-auth/3.2.2/hadoop-auth-3.2.2.jar:/home/user/.m2/repository/com/nimbusds/nimbus-jose-jwt/7.9/nimbus-jose-jwt-7.9.jar:/home/user/.m2/repository/com/github/stephenc/jcip/jcip-annotations/1.0-1/jcip-annotations-1.0-1.jar:/home/user/.m2/repository/net/minidev/json-smart/2.3/json-smart-2.3.jar:/home/user/.m2/repository/net/minidev/accessors-smart/1.2/accessors-smart-1.2.jar:/home/user/.m2/repository/org/ow2/asm/asm/5.0.4/asm-5.0.4.jar:/home/user/.m2/repository/org/apache/zookeeper/zookeeper/3.4.13/zookeeper-3.4.13.jar:/home/user/.m2/repository/org/apache/yetus/audience-annotations/0.5.0/audience-annotations-0.5.0.jar:/home/user/.m2/repository/org/apache/curator/curator-framework/2.13.0/curator-framework-2.13.0.jar:/home/user/.m2/repository/com/sun/jersey/jersey-core/1.19/jersey-core-1.19.jar:/home/user/.m2/repository/javax/ws/rs/jsr311-api/1.1.1/jsr311-api-1.1.1.jar:/home/user/.m2/repository/com/sun/jersey/jersey-server/1.19/jersey-server-1.19.jar:/home/user/.m2/repository/javax/servlet/javax.servlet-api/3.1.0/javax.servlet-api-3.1.0.jar:/home/user/.m2/repository/org/eclipse/jetty/jetty-server/9.4.35.v20201120/jetty-server-9.4.35.v20201120.jar:/home/user/.m2/repository/org/eclipse/jetty/jetty-http/9.4.35.v20201120/jetty-http-9.4.35.v20201120.jar:/home/user/.m2/repository/org/eclipse/jetty/jetty-io/9.4.35.v20201120/jetty-io-9.4.35.v20201120.jar:/home/user/.m2/repository/org/eclipse/jetty/jetty-webapp/9.4.35.v20201120/jetty-webapp-9.4.35.v20201120.jar:/home/user/.m2/repository/org/eclipse/jetty/jetty-xml/9.4.35.v20201120/jetty-xml-9.4.35.v20201120.jar:/home/user/.m2/repository/org/apache/hadoop/hadoop-common/3.2.2/hadoop-common-3.2.2.jar:/home/user/.m2/repository/commons-net/commons-net/3.6/commons-net-3.6.jar:/home/user/.m2/repository/javax/activation/javax.activation-api/1.2.0/javax.activation-api-1.2.0.jar:/home/user/.m2/repository/com/sun/jersey/jersey-servlet/1.19/jersey-servlet-1.19.jar:/home/user/.m2/repository/com/sun/jersey/jersey-json/1.19/jersey-json-1.19.jar:/home/user/.m2/repository/org/codehaus/jettison/jettison/1.1/jettison-1.1.jar:/home/user/.m2/repository/org/codehaus/jackson/jackson-jaxrs/1.9.2/jackson-jaxrs-1.9.2.jar:/home/user/.m2/repository/org/codehaus/jackson/jackson-xc/1.9.2/jackson-xc-1.9.2.jar:/home/user/.m2/repository/org/apache/commons/commons-configuration2/2.1.1/commons-configuration2-2.1.1.jar:/home/user/.m2/repository/org/apache/commons/commons-text/1.4/commons-text-1.4.jar:/home/user/.m2/repository/com/google/re2j/re2j/1.1/re2j-1.1.jar:/home/user/.m2/repository/com/jcraft/jsch/0.1.54/jsch-0.1.54.jar:/home/user/.m2/repository/org/apache/curator/curator-client/2.13.0/curator-client-2.13.0.jar:/home/user/.m2/repository/org/apache/curator/curator-recipes/2.13.0/curator-recipes-2.13.0.jar:/home/user/.m2/repository/dnsjava/dnsjava/2.1.7/dnsjava-2.1.7.jar:/home/user/.m2/repository/org/slf4j/jul-to-slf4j/1.7.30/jul-to-slf4j-1.7.30.jar:/home/user/.m2/repository/org/eclipse/jetty/jetty-util/9.4.35.v20201120/jetty-util-9.4.35.v20201120.jar:/home/user/.m2/repository/com/fasterxml/jackson/core/jackson-databind/2.12.1/jackson-databind-2.12.1.jar:/home/user/.m2/repository/org/apache/hadoop/hadoop-kms/3.2.2/hadoop-kms-3.2.2-tests.jar:/home/user/.m2/repository/org/apache/hadoop/hadoop-hdds-server-scm/1.1.0-SNAPSHOT/hadoop-hdds-server-scm-1.1.0-SNAPSHOT-tests.jar:/home/user/.m2/repository/org/apache/hadoop/hadoop-hdds-container-service/1.1.0-SNAPSHOT/hadoop-hdds-container-service-1.1.0-SNAPSHOT-tests.jar:/home/user/.m2/repository/commons-codec/commons-codec/1.11/commons-codec-1.11.jar:/home/user/.m2/repository/org/apache/hadoop/hadoop-hdds-hadoop-dependency-test/1.1.0-SNAPSHOT/hadoop-hdds-hadoop-dependency-test-1.1.0-SNAPSHOT.jar:/home/user/.m2/repository/org/apache/hadoop/hadoop-common/3.2.2/hadoop-common-3.2.2-tests.jar:/home/user/.m2/repository/org/apache/hadoop/hadoop-hdfs/3.2.2/hadoop-hdfs-3.2.2-tests.jar:/home/user/.m2/repository/org/eclipse/jetty/jetty-util-ajax/9.4.35.v20201120/jetty-util-ajax-9.4.35.v20201120.jar:/home/user/.m2/repository/commons-daemon/commons-daemon/1.0.13/commons-daemon-1.0.13.jar:/home/user/.m2/repository/io/netty/netty/3.10.6.Final/netty-3.10.6.Final.jar:/home/user/.m2/repository/io/netty/netty-all/4.1.51.Final/netty-all-4.1.51.Final.jar:/home/user/.m2/repository/org/apache/htrace/htrace-core4/4.1.0-incubating/htrace-core4-4.1.0-incubating.jar:/home/user/.m2/repository/org/apache/hadoop/hadoop-distcp/3.2.2/hadoop-distcp-3.2.2.jar:/home/user/.m2/repository/org/apache/hadoop/hadoop-mapreduce-client-jobclient/3.2.2/hadoop-mapreduce-client-jobclient-3.2.2.jar:/home/user/.m2/repository/org/apache/hadoop/hadoop-mapreduce-client-common/3.2.2/hadoop-mapreduce-client-common-3.2.2.jar:/home/user/.m2/repository/org/apache/hadoop/hadoop-yarn-common/3.2.2/hadoop-yarn-common-3.2.2.jar:/home/user/.m2/repository/org/apache/hadoop/hadoop-yarn-api/3.2.2/hadoop-yarn-api-3.2.2.jar:/home/user/.m2/repository/com/sun/jersey/jersey-client/1.19/jersey-client-1.19.jar:/home/user/.m2/repository/com/sun/jersey/contribs/jersey-guice/1.19/jersey-guice-1.19.jar:/home/user/.m2/repository/com/fasterxml/jackson/jaxrs/jackson-jaxrs-json-provider/2.12.1/jackson-jaxrs-json-provider-2.12.1.jar:/home/user/.m2/repository/com/fasterxml/jackson/jaxrs/jackson-jaxrs-base/2.12.1/jackson-jaxrs-base-2.12.1.jar:/home/user/.m2/repository/org/apache/hadoop/hadoop-yarn-client/3.2.2/hadoop-yarn-client-3.2.2.jar:/home/user/.m2/repository/org/apache/hadoop/hadoop-mapreduce-client-core/3.2.2/hadoop-mapreduce-client-core-3.2.2.jar:/home/user/.m2/repository/org/apache/avro/avro/1.7.7/avro-1.7.7.jar:/home/user/.m2/repository/org/codehaus/jackson/jackson-core-asl/1.9.13/jackson-core-asl-1.9.13.jar:/home/user/.m2/repository/org/codehaus/jackson/jackson-mapper-asl/1.9.13/jackson-mapper-asl-1.9.13.jar:/home/user/.m2/repository/com/thoughtworks/paranamer/paranamer/2.3/paranamer-2.3.jar:/home/user/.m2/repository/org/xerial/snappy/snappy-java/1.0.5/snappy-java-1.0.5.jar:/home/user/.m2/repository/org/apache/hadoop/hadoop-annotations/3.2.2/hadoop-annotations-3.2.2.jar:/usr/lib/jvm/java-1.8.0-openjdk-1.8.0.232.b09-0.el7_7.x86_64/jre/../lib/tools.jar:/home/user/.m2/repository/org/apache/hadoop/hadoop-distcp/3.2.2/hadoop-distcp-3.2.2-tests.jar:"/>
    <property name="sun.cpu.endian" value="little"/>
    <property name="user.home" value="/home/user"/>
    <property name="user.language" value="en"/>
    <property name="java.specification.vendor" value="Oracle Corporation"/>
    <property name="java.home" value="/usr/lib/jvm/java-1.8.0-openjdk-1.8.0.232.b09-0.el7_7.x86_64/jre"/>
    <property name="java.security.krb5.conf" value="/github/workspace/mnt/ozone/hadoop-ozone/integration-test/target/test-classes/krb5.conf"/>
    <property name="basedir" value="/github/workspace/mnt/ozone/hadoop-ozone/integration-test"/>
    <property name="file.separator" value="/"/>
    <property name="line.separator" value="&#10;"/>
    <property name="java.vm.specification.vendor" value="Oracle Corporation"/>
    <property name="java.specification.name" value="Java Platform API Specification"/>
    <property name="java.awt.graphicsenv" value="sun.awt.X11GraphicsEnvironment"/>
    <property name="skip.installnpx" value="true"/>
    <property name="surefire.real.class.path" value="/github/workspace/mnt/ozone/hadoop-ozone/integration-test/target/surefire/surefirebooter5599089531747787283.jar:/home/user/.m2/repository/org/jacoco/org.jacoco.agent/0.8.5/org.jacoco.agent-0.8.5-runtime.jar"/>
    <property name="hadoop.log.dir" value="/github/workspace/mnt/ozone/hadoop-ozone/integration-test/target/log"/>
    <property name="sun.boot.class.path" value="/usr/lib/jvm/java-1.8.0-openjdk-1.8.0.232.b09-0.el7_7.x86_64/jre/lib/resources.jar:/usr/lib/jvm/java-1.8.0-openjdk-1.8.0.232.b09-0.el7_7.x86_64/jre/lib/rt.jar:/usr/lib/jvm/java-1.8.0-openjdk-1.8.0.232.b09-0.el7_7.x86_64/jre/lib/sunrsasign.jar:/usr/lib/jvm/java-1.8.0-openjdk-1.8.0.232.b09-0.el7_7.x86_64/jre/lib/jsse.jar:/usr/lib/jvm/java-1.8.0-openjdk-1.8.0.232.b09-0.el7_7.x86_64/jre/lib/jce.jar:/usr/lib/jvm/java-1.8.0-openjdk-1.8.0.232.b09-0.el7_7.x86_64/jre/lib/charsets.jar:/usr/lib/jvm/java-1.8.0-openjdk-1.8.0.232.b09-0.el7_7.x86_64/jre/lib/jfr.jar:/usr/lib/jvm/java-1.8.0-openjdk-1.8.0.232.b09-0.el7_7.x86_64/jre/classes"/>
    <property name="sun.management.compiler" value="HotSpot 64-Bit Tiered Compilers"/>
    <property name="skip.npx" value="true"/>
    <property name="java.runtime.version" value="1.8.0_232-b09"/>
    <property name="java.net.preferIPv4Stack" value="true"/>
    <property name="user.name" value="jenkins1001"/>
    <property name="path.separator" value=":"/>
    <property name="java.security.egd" value="file:///dev/urandom"/>
    <property name="os.version" value="5.4.0-1040-azure"/>
    <property name="java.endorsed.dirs" value="/usr/lib/jvm/java-1.8.0-openjdk-1.8.0.232.b09-0.el7_7.x86_64/jre/lib/endorsed"/>
    <property name="java.runtime.name" value="OpenJDK Runtime Environment"/>
    <property name="file.encoding" value="ANSI_X3.4-1968"/>
    <property name="java.vm.name" value="OpenJDK 64-Bit Server VM"/>
    <property name="test.build.webapps" value=""/>
    <property name="localRepository" value="/home/user/.m2/repository"/>
    <property name="java.vendor.url.bug" value="http://bugreport.sun.com/bugreport/"/>
    <property name="java.io.tmpdir" value="/tmp"/>
    <property name="require.test.libhadoop" value=""/>
    <property name="java.version" value="1.8.0_232"/>
    <property name="user.dir" value="/github/workspace/mnt/ozone/hadoop-ozone/integration-test"/>
    <property name="os.arch" value="amd64"/>
    <property name="java.vm.specification.name" value="Java Virtual Machine Specification"/>
    <property name="test.build.classes" value="/github/workspace/mnt/ozone/hadoop-ozone/integration-test/target/test-classes"/>
    <property name="java.awt.printerjob" value="sun.print.PSPrinterJob"/>
    <property name="sun.os.patch.level" value="unknown"/>
    <property name="hadoop.tmp.dir" value="/github/workspace/mnt/ozone/hadoop-ozone/integration-test/target/tmp"/>
    <property name="java.library.path" value="/usr/lib:/usr/java/packages/lib/amd64:/usr/lib64:/lib64:/lib:/usr/lib"/>
    <property name="java.vm.info" value="mixed mode"/>
    <property name="java.vendor" value="Oracle Corporation"/>
    <property name="java.vm.version" value="25.232-b09"/>
    <property name="java.ext.dirs" value="/usr/lib/jvm/java-1.8.0-openjdk-1.8.0.232.b09-0.el7_7.x86_64/jre/lib/ext:/usr/java/packages/lib/ext"/>
    <property name="sun.io.unicode.encoding" value="UnicodeLittle"/>
    <property name="java.class.version" value="52.0"/>
  </properties>
  <testcase name="testApplyTransactionIdempotencyWithClosedContainer" classname="org.apache.hadoop.ozone.client.rpc.TestContainerStateMachineFailures" time="0.955">
    <failure type="java.lang.AssertionError">java.lang.AssertionError
	at org.junit.Assert.fail(Assert.java:87)
	at org.junit.Assert.assertTrue(Assert.java:42)
	at org.junit.Assert.assertFalse(Assert.java:65)
	at org.junit.Assert.assertFalse(Assert.java:75)
	at org.apache.hadoop.ozone.client.rpc.TestContainerStateMachineFailures.testApplyTransactionIdempotencyWithClosedContainer(TestContainerStateMachineFailures.java:462)
	at sun.reflect.NativeMethodAccessorImpl.invoke0(Native Method)
	at sun.reflect.NativeMethodAccessorImpl.invoke(NativeMethodAccessorImpl.java:62)
	at sun.reflect.DelegatingMethodAccessorImpl.invoke(DelegatingMethodAccessorImpl.java:43)
	at java.lang.reflect.Method.invoke(Method.java:498)
	at org.junit.runners.model.FrameworkMethod$1.runReflectiveCall(FrameworkMethod.java:59)
	at org.junit.internal.runners.model.ReflectiveCallable.run(ReflectiveCallable.java:12)
	at org.junit.runners.model.FrameworkMethod.invokeExplosively(FrameworkMethod.java:56)
	at org.junit.internal.runners.statements.InvokeMethod.evaluate(InvokeMethod.java:17)
	at org.junit.runners.ParentRunner$3.evaluate(ParentRunner.java:306)
	at org.junit.runners.BlockJUnit4ClassRunner$1.evaluate(BlockJUnit4ClassRunner.java:100)
	at org.junit.runners.ParentRunner.runLeaf(ParentRunner.java:366)
	at org.junit.runners.BlockJUnit4ClassRunner.runChild(BlockJUnit4ClassRunner.java:103)
	at org.junit.runners.BlockJUnit4ClassRunner.runChild(BlockJUnit4ClassRunner.java:63)
	at org.junit.runners.ParentRunner$4.run(ParentRunner.java:331)
	at org.junit.runners.ParentRunner$1.schedule(ParentRunner.java:79)
	at org.junit.runners.ParentRunner.runChildren(ParentRunner.java:329)
	at org.junit.runners.ParentRunner.access$100(ParentRunner.java:66)
	at org.junit.runners.ParentRunner$2.evaluate(ParentRunner.java:293)
	at org.junit.internal.runners.statements.RunBefores.evaluate(RunBefores.java:26)
	at org.junit.internal.runners.statements.RunAfters.evaluate(RunAfters.java:27)
	at org.junit.runners.ParentRunner$3.evaluate(ParentRunner.java:306)
	at org.junit.runners.ParentRunner.run(ParentRunner.java:413)
	at org.junit.runner.JUnitCore.run(JUnitCore.java:137)
	at org.junit.runner.JUnitCore.run(JUnitCore.java:115)
	at org.junit.vintage.engine.execution.RunnerExecutor.execute(RunnerExecutor.java:43)
	at java.util.stream.ForEachOps$ForEachOp$OfRef.accept(ForEachOps.java:183)
	at java.util.stream.ReferencePipeline$3$1.accept(ReferencePipeline.java:193)
	at java.util.Iterator.forEachRemaining(Iterator.java:116)
	at java.util.Spliterators$IteratorSpliterator.forEachRemaining(Spliterators.java:1801)
	at java.util.stream.AbstractPipeline.copyInto(AbstractPipeline.java:482)
	at java.util.stream.AbstractPipeline.wrapAndCopyInto(AbstractPipeline.java:472)
	at java.util.stream.ForEachOps$ForEachOp.evaluateSequential(ForEachOps.java:150)
	at java.util.stream.ForEachOps$ForEachOp$OfRef.evaluateSequential(ForEachOps.java:173)
	at java.util.stream.AbstractPipeline.evaluate(AbstractPipeline.java:234)
	at java.util.stream.ReferencePipeline.forEach(ReferencePipeline.java:485)
	at org.junit.vintage.engine.VintageTestEngine.executeAllChildren(VintageTestEngine.java:82)
	at org.junit.vintage.engine.VintageTestEngine.execute(VintageTestEngine.java:73)
	at org.junit.platform.launcher.core.EngineExecutionOrchestrator.execute(EngineExecutionOrchestrator.java:108)
	at org.junit.platform.launcher.core.EngineExecutionOrchestrator.execute(EngineExecutionOrchestrator.java:88)
	at org.junit.platform.launcher.core.EngineExecutionOrchestrator.lambda$execute$0(EngineExecutionOrchestrator.java:54)
	at org.junit.platform.launcher.core.EngineExecutionOrchestrator.withInterceptedStreams(EngineExecutionOrchestrator.java:67)
	at org.junit.platform.launcher.core.EngineExecutionOrchestrator.execute(EngineExecutionOrchestrator.java:52)
	at org.junit.platform.launcher.core.DefaultLauncher.execute(DefaultLauncher.java:96)
	at org.junit.platform.launcher.core.DefaultLauncher.execute(DefaultLauncher.java:75)
	at org.apache.maven.surefire.junitplatform.JUnitPlatformProvider.invokeAllTests(JUnitPlatformProvider.java:142)
	at org.apache.maven.surefire.junitplatform.JUnitPlatformProvider.invoke(JUnitPlatformProvider.java:113)
	at org.apache.maven.surefire.booter.ForkedBooter.invokeProviderInSameClassLoader(ForkedBooter.java:384)
	at org.apache.maven.surefire.booter.ForkedBooter.runSuitesInProcess(ForkedBooter.java:345)
	at org.apache.maven.surefire.booter.ForkedBooter.execute(ForkedBooter.java:126)
	at org.apache.maven.surefire.booter.ForkedBooter.main(ForkedBooter.java:418)
</failure>
    <system-out><![CDATA[2021-03-15 13:35:29,182 [main] WARN  server.ServerUtils (ServerUtils.java:getScmDbDir(148)) - ozone.scm.db.dirs is not configured. We recommend adding this setting. Falling back to ozone.metadata.dirs instead.
2021-03-15 13:35:29,261 [main] WARN  server.ServerUtils (ServerUtils.java:getScmDbDir(148)) - ozone.scm.db.dirs is not configured. We recommend adding this setting. Falling back to ozone.metadata.dirs instead.
2021-03-15 13:35:29,436 [main] WARN  db.DBStoreBuilder (DBStoreBuilder.java:applyDBDefinition(145)) - ozone.scm.db.dirs is not configured. We recommend adding this setting. Falling back to ozone.metadata.dirs instead.
2021-03-15 13:35:29,607 [main] INFO  net.NodeSchemaLoader (NodeSchemaLoader.java:loadSchemaFromFile(129)) - Loading schema from [jar:file:/home/user/.m2/repository/org/apache/hadoop/hadoop-hdds-common/1.1.0-SNAPSHOT/hadoop-hdds-common-1.1.0-SNAPSHOT.jar!/network-topology-default.xml, jar:file:/home/user/.m2/repository/org/apache/hadoop/hadoop-ozone-ozone-manager/1.1.0-SNAPSHOT/hadoop-ozone-ozone-manager-1.1.0-SNAPSHOT-tests.jar!/network-topology-default.xml, jar:file:/home/user/.m2/repository/org/apache/hadoop/hadoop-hdds-server-scm/1.1.0-SNAPSHOT/hadoop-hdds-server-scm-1.1.0-SNAPSHOT-tests.jar!/network-topology-default.xml]
2021-03-15 13:35:29,609 [main] INFO  net.NodeSchemaLoader (NodeSchemaLoader.java:loadSchema(176)) - Loading network topology layer schema file
2021-03-15 13:35:29,695 [main] INFO  node.SCMNodeManager (SCMNodeManager.java:<init>(123)) - Entering startup safe mode.
2021-03-15 13:35:29,864 [main] INFO  algorithms.ContainerPlacementPolicyFactory (ContainerPlacementPolicyFactory.java:getPolicy(60)) - Create container placement policy of type org.apache.hadoop.hdds.scm.container.placement.algorithms.SCMContainerPlacementRandom
2021-03-15 13:35:29,895 [main] INFO  algorithms.LeaderChoosePolicyFactory (LeaderChoosePolicyFactory.java:getPolicy(57)) - Create leader choose policy of type org.apache.hadoop.hdds.scm.pipeline.leader.choose.algorithms.MinLeaderCountChoosePolicy
2021-03-15 13:35:29,898 [main] INFO  pipeline.SCMPipelineManager (SCMPipelineManager.java:initializePipelineState(161)) - No pipeline exists in current db
2021-03-15 13:35:29,919 [main] INFO  algorithms.PipelineChoosePolicyFactory (PipelineChoosePolicyFactory.java:createPipelineChoosePolicyFromClass(73)) - Create pipeline choose policy of type org.apache.hadoop.hdds.scm.pipeline.choose.algorithms.RandomPipelineChoosePolicy
2021-03-15 13:35:30,016 [main] INFO  safemode.HealthyPipelineSafeModeRule (HealthyPipelineSafeModeRule.java:<init>(89)) - Total pipeline count is 0, healthy pipeline threshold count is 0
2021-03-15 13:35:30,019 [main] INFO  safemode.OneReplicaPipelineSafeModeRule (OneReplicaPipelineSafeModeRule.java:<init>(85)) - Total pipeline count is 0, pipeline's with at least one datanode reported threshold count is 0
2021-03-15 13:35:30,557 [main] INFO  ipc.CallQueueManager (CallQueueManager.java:<init>(85)) - Using callQueue: class java.util.concurrent.LinkedBlockingQueue, queueCapacity: 2000, scheduler: class org.apache.hadoop.ipc.DefaultRpcScheduler, ipcBackoff: false.
2021-03-15 13:35:30,576 [Socket Reader #1 for port 0] INFO  ipc.Server (Server.java:run(1255)) - Starting Socket Reader #1 for port 0
2021-03-15 13:35:30,615 [Listener at 0.0.0.0/46119] INFO  ipc.CallQueueManager (CallQueueManager.java:<init>(85)) - Using callQueue: class java.util.concurrent.LinkedBlockingQueue, queueCapacity: 2000, scheduler: class org.apache.hadoop.ipc.DefaultRpcScheduler, ipcBackoff: false.
2021-03-15 13:35:30,617 [Socket Reader #1 for port 0] INFO  ipc.Server (Server.java:run(1255)) - Starting Socket Reader #1 for port 0
2021-03-15 13:35:30,640 [Listener at 0.0.0.0/42847] INFO  ipc.CallQueueManager (CallQueueManager.java:<init>(85)) - Using callQueue: class java.util.concurrent.LinkedBlockingQueue, queueCapacity: 2000, scheduler: class org.apache.hadoop.ipc.DefaultRpcScheduler, ipcBackoff: false.
2021-03-15 13:35:30,641 [Socket Reader #1 for port 0] INFO  ipc.Server (Server.java:run(1255)) - Starting Socket Reader #1 for port 0
2021-03-15 13:35:30,651 [Listener at 0.0.0.0/35175] INFO  server.StorageContainerManager (StorageContainerManager.java:start(810)) - StorageContainerLocationProtocol RPC server is listening at /0.0.0.0:35175
2021-03-15 13:35:30,717 [Listener at 0.0.0.0/35175] WARN  impl.MetricsConfig (MetricsConfig.java:loadFirst(136)) - Cannot locate configuration: tried hadoop-metrics2-storagecontainermanager.properties,hadoop-metrics2.properties
2021-03-15 13:35:30,734 [Listener at 0.0.0.0/35175] INFO  impl.MetricsSystemImpl (MetricsSystemImpl.java:startTimer(378)) - Scheduled Metric snapshot period at 10 second(s).
2021-03-15 13:35:30,734 [Listener at 0.0.0.0/35175] INFO  impl.MetricsSystemImpl (MetricsSystemImpl.java:start(191)) - StorageContainerManager metrics system started
2021-03-15 13:35:31,022 [Listener at 0.0.0.0/35175] INFO  server.SCMClientProtocolServer (SCMClientProtocolServer.java:start(161)) - RPC server for Client  is listening at /0.0.0.0:35175
2021-03-15 13:35:31,023 [IPC Server Responder] INFO  ipc.Server (Server.java:run(1497)) - IPC Server Responder: starting
2021-03-15 13:35:31,024 [IPC Server listener on 0] INFO  ipc.Server (Server.java:run(1334)) - IPC Server listener on 0: starting
2021-03-15 13:35:31,045 [Listener at 0.0.0.0/35175] INFO  server.StorageContainerManager (StorageContainerManager.java:start(822)) - ScmBlockLocationProtocol RPC server is listening at /0.0.0.0:42847
2021-03-15 13:35:31,046 [Listener at 0.0.0.0/35175] INFO  server.SCMBlockProtocolServer (SCMBlockProtocolServer.java:start(150)) - RPC server for Block Protocol is listening at /0.0.0.0:42847
2021-03-15 13:35:31,046 [IPC Server Responder] INFO  ipc.Server (Server.java:run(1497)) - IPC Server Responder: starting
2021-03-15 13:35:31,046 [IPC Server listener on 0] INFO  ipc.Server (Server.java:run(1334)) - IPC Server listener on 0: starting
2021-03-15 13:35:31,049 [Listener at 0.0.0.0/35175] INFO  server.StorageContainerManager (StorageContainerManager.java:start(828)) - ScmDatanodeProtocl RPC server is listening at /0.0.0.0:46119
2021-03-15 13:35:31,050 [Listener at 0.0.0.0/35175] INFO  server.SCMDatanodeProtocolServer (SCMDatanodeProtocolServer.java:start(174)) - RPC server for DataNodes is listening at /0.0.0.0:46119
2021-03-15 13:35:31,051 [IPC Server Responder] INFO  ipc.Server (Server.java:run(1497)) - IPC Server Responder: starting
2021-03-15 13:35:31,052 [IPC Server listener on 0] INFO  ipc.Server (Server.java:run(1334)) - IPC Server listener on 0: starting
2021-03-15 13:35:31,071 [org.apache.hadoop.util.JvmPauseMonitor$Monitor@6222391a] INFO  util.JvmPauseMonitor (JvmPauseMonitor.java:run(188)) - Starting JVM pause monitor
2021-03-15 13:35:31,089 [Listener at 0.0.0.0/35175] INFO  http.BaseHttpServer (BaseHttpServer.java:newHttpServer2BuilderForOzone(207)) - Starting Web-server for scm at: http://0.0.0.0:0
2021-03-15 13:35:31,089 [Listener at 0.0.0.0/35175] INFO  http.BaseHttpServer (BaseHttpServer.java:<init>(106)) - Hadoop Security Enabled: false Ozone Security Enabled: false Ozone HTTP Security Enabled: false 
2021-03-15 13:35:31,120 [Listener at 0.0.0.0/35175] INFO  util.log (Log.java:initialized(169)) - Logging initialized @3570ms to org.eclipse.jetty.util.log.Slf4jLog
2021-03-15 13:35:31,255 [Listener at 0.0.0.0/35175] INFO  server.AuthenticationFilter (AuthenticationFilter.java:constructSecretProvider(240)) - Unable to initialize FileSignerSecretProvider, falling back to use random secrets.
2021-03-15 13:35:31,265 [Listener at 0.0.0.0/35175] WARN  http.HttpRequestLog (HttpRequestLog.java:getRequestLog(103)) - Jetty request log can only be enabled using Log4j
2021-03-15 13:35:31,272 [Listener at 0.0.0.0/35175] INFO  http.HttpServer2 (HttpServer2.java:addGlobalFilter(1020)) - Added global filter 'safety' (class=org.apache.hadoop.hdds.server.http.HttpServer2$QuotingInputFilter)
2021-03-15 13:35:31,276 [Listener at 0.0.0.0/35175] INFO  http.HttpServer2 (HttpServer2.java:addFilter(996)) - Added filter static_user_filter (class=org.apache.hadoop.http.lib.StaticUserWebFilter$StaticUserFilter) to context scm
2021-03-15 13:35:31,276 [Listener at 0.0.0.0/35175] INFO  http.HttpServer2 (HttpServer2.java:addFilter(1004)) - Added filter static_user_filter (class=org.apache.hadoop.http.lib.StaticUserWebFilter$StaticUserFilter) to context logs
2021-03-15 13:35:31,277 [Listener at 0.0.0.0/35175] INFO  http.HttpServer2 (HttpServer2.java:addFilter(1004)) - Added filter static_user_filter (class=org.apache.hadoop.http.lib.StaticUserWebFilter$StaticUserFilter) to context static
2021-03-15 13:35:31,329 [Listener at 0.0.0.0/35175] INFO  http.HttpServer2 (HttpServer2.java:bindListener(1238)) - Jetty bound to port 44459
2021-03-15 13:35:31,331 [Listener at 0.0.0.0/35175] INFO  server.Server (Server.java:doStart(375)) - jetty-9.4.35.v20201120; built: 2020-11-20T21:17:03.964Z; git: bdc54f03a5e0a7e280fab27f55c3c75ee8da89fb; jvm 1.8.0_232-b09
2021-03-15 13:35:31,382 [Listener at 0.0.0.0/35175] INFO  server.session (DefaultSessionIdManager.java:doStart(334)) - DefaultSessionIdManager workerName=node0
2021-03-15 13:35:31,382 [Listener at 0.0.0.0/35175] INFO  server.session (DefaultSessionIdManager.java:doStart(339)) - No SessionScavenger set, using defaults
2021-03-15 13:35:31,385 [Listener at 0.0.0.0/35175] INFO  server.session (HouseKeeper.java:startScavenging(132)) - node0 Scavenging every 600000ms
2021-03-15 13:35:31,401 [Listener at 0.0.0.0/35175] INFO  handler.ContextHandler (ContextHandler.java:doStart(916)) - Started o.e.j.s.ServletContextHandler@6b5c134e{logs,/logs,file:///github/workspace/mnt/ozone/hadoop-ozone/integration-test/target/log,AVAILABLE}
2021-03-15 13:35:31,402 [Listener at 0.0.0.0/35175] INFO  handler.ContextHandler (ContextHandler.java:doStart(916)) - Started o.e.j.s.ServletContextHandler@615b5480{static,/static,file:///github/workspace/mnt/ozone/hadoop-ozone/integration-test/target/test-classes/webapps/static,AVAILABLE}
2021-03-15 13:35:31,454 [Listener at 0.0.0.0/35175] INFO  handler.ContextHandler (ContextHandler.java:doStart(916)) - Started o.e.j.w.WebAppContext@1934339{scm,/,file:///github/workspace/mnt/ozone/hadoop-ozone/integration-test/target/test-classes/webapps/scm/,AVAILABLE}{file:/github/workspace/mnt/ozone/hadoop-ozone/integration-test/target/test-classes/webapps/scm}
2021-03-15 13:35:31,465 [Listener at 0.0.0.0/35175] INFO  server.AbstractConnector (AbstractConnector.java:doStart(331)) - Started ServerConnector@660b1a9d{HTTP/1.1, (http/1.1)}{0.0.0.0:44459}
2021-03-15 13:35:31,465 [Listener at 0.0.0.0/35175] INFO  server.Server (Server.java:doStart(415)) - Started @3915ms
2021-03-15 13:35:31,468 [Listener at 0.0.0.0/35175] INFO  impl.MetricsSinkAdapter (MetricsSinkAdapter.java:start(204)) - Sink prometheus started
2021-03-15 13:35:31,468 [Listener at 0.0.0.0/35175] INFO  impl.MetricsSystemImpl (MetricsSystemImpl.java:registerSink(305)) - Registered sink prometheus
2021-03-15 13:35:31,472 [Listener at 0.0.0.0/35175] INFO  http.BaseHttpServer (BaseHttpServer.java:updateConnectorAddress(327)) - HTTP server of scm listening at http://0.0.0.0:44459
2021-03-15 13:35:31,474 [Listener at 0.0.0.0/35175] WARN  server.ServerUtils (ServerUtils.java:getDBPath(225)) - ozone.om.db.dirs is not configured. We recommend adding this setting. Falling back to ozone.metadata.dirs instead.
2021-03-15 13:35:31,670 [Listener at 0.0.0.0/35175] INFO  ha.OMHANodeDetails (OMHANodeDetails.java:loadOMHAConfig(104)) - ozone.om.internal.service.id is not defined, falling back to ozone.om.service.ids to find serviceID for OzoneManager if it is HA enabled cluster
2021-03-15 13:35:31,674 [Listener at 0.0.0.0/35175] INFO  ha.OMHANodeDetails (OMHANodeDetails.java:loadOMHAConfig(210)) - Configuration does not have ozone.om.address set. Falling back to the default OM address /127.0.0.1:0
2021-03-15 13:35:31,674 [Listener at 0.0.0.0/35175] INFO  ha.OMHANodeDetails (OMHANodeDetails.java:getOMNodeDetails(238)) - OM Service ID is not set. Setting it to the default ID: omServiceIdDefault
2021-03-15 13:35:31,674 [Listener at 0.0.0.0/35175] INFO  ha.OMHANodeDetails (OMHANodeDetails.java:getOMNodeDetails(245)) - OM Node ID is not set. Setting it to the default ID: om1
2021-03-15 13:35:31,676 [Listener at 0.0.0.0/35175] WARN  server.ServerUtils (ServerUtils.java:getDBPath(225)) - ozone.om.db.dirs is not configured. We recommend adding this setting. Falling back to ozone.metadata.dirs instead.
2021-03-15 13:35:31,677 [Listener at 0.0.0.0/35175] WARN  server.ServerUtils (ServerUtils.java:getDBPath(225)) - ozone.om.db.dirs is not configured. We recommend adding this setting. Falling back to ozone.metadata.dirs instead.
2021-03-15 13:35:32,410 [Listener at 0.0.0.0/35175] WARN  server.ServerUtils (ServerUtils.java:getDBPath(225)) - ozone.om.db.dirs is not configured. We recommend adding this setting. Falling back to ozone.metadata.dirs instead.
2021-03-15 13:35:32,417 [Listener at 0.0.0.0/35175] INFO  codec.OmKeyInfoCodec (OmKeyInfoCodec.java:<init>(43)) - OmKeyInfoCodec ignorePipeline = true
2021-03-15 13:35:32,418 [Listener at 0.0.0.0/35175] INFO  codec.RepeatedOmKeyInfoCodec (RepeatedOmKeyInfoCodec.java:<init>(42)) - RepeatedOmKeyInfoCodec ignorePipeline = true
2021-03-15 13:35:32,585 [Listener at 0.0.0.0/35175] INFO  om.OzoneManager (OzoneManager.java:addS3GVolumeToDB(3757)) - Created Volume s3v With Owner jenkins1001 required for S3Gateway operations.
2021-03-15 13:35:32,592 [Listener at 0.0.0.0/35175] WARN  server.ServerUtils (ServerUtils.java:getDefaultRatisDirectory(237)) - Storage directory for Ratis is not configured. It is a good idea to map this to an SSD disk. Falling back to ozone.metadata.dirs
2021-03-15 13:35:32,593 [Listener at 0.0.0.0/35175] WARN  ratis.OzoneManagerRatisServer (OzoneManagerRatisServer.java:getOMRatisSnapshotDirectory(632)) - ozone.om.ratis.snapshot.dir is not configured. Falling back to ozone.metadata.dirs config
2021-03-15 13:35:32,606 [Listener at 0.0.0.0/35175] INFO  metrics.MetricRegistries (MetricRegistriesLoader.java:load(64)) - Loaded MetricRegistries class org.apache.ratis.metrics.impl.MetricRegistriesImpl
2021-03-15 13:35:32,641 [Listener at 0.0.0.0/35175] WARN  server.ServerUtils (ServerUtils.java:getDefaultRatisDirectory(237)) - Storage directory for Ratis is not configured. It is a good idea to map this to an SSD disk. Falling back to ozone.metadata.dirs
2021-03-15 13:35:32,675 [Listener at 0.0.0.0/35175] INFO  ratis.OzoneManagerRatisServer (OzoneManagerRatisServer.java:<init>(286)) - Instantiating OM Ratis server with GroupID: omServiceIdDefault and Raft Peers: localhost:9872
2021-03-15 13:35:32,723 [Listener at 0.0.0.0/35175] INFO  ratis.OzoneManagerStateMachine (OzoneManagerStateMachine.java:loadSnapshotInfoFromDB(518)) - LastAppliedIndex is set from TransactionInfo from OM DB as (t:0, i:~)
2021-03-15 13:35:32,765 [Listener at 0.0.0.0/35175] INFO  server.RaftServer (ConfUtils.java:logGet(44)) - raft.rpc.type = GRPC (default)
2021-03-15 13:35:32,832 [Listener at 0.0.0.0/35175] INFO  grpc.GrpcFactory (GrpcFactory.java:checkPooledByteBufAllocatorUseCacheForAllThreads(48)) - PERFORMANCE WARNING: useCacheForAllThreads is true that may cause Netty to create a lot garbage objects and, as a result, trigger GC.
	It is recommended to disable useCacheForAllThreads by setting -Dorg.apache.ratis.thirdparty.io.netty.allocator.useCacheForAllThreads=false in command line.
2021-03-15 13:35:32,837 [Listener at 0.0.0.0/35175] INFO  grpc.GrpcConfigKeys (ConfUtils.java:logGet(44)) - raft.grpc.admin.port = -1 (default)
2021-03-15 13:35:32,838 [Listener at 0.0.0.0/35175] INFO  grpc.GrpcConfigKeys (ConfUtils.java:logGet(44)) - raft.grpc.server.port = 9872 (custom)
2021-03-15 13:35:32,838 [Listener at 0.0.0.0/35175] INFO  grpc.GrpcConfigKeys (ConfUtils.java:logGet(44)) - raft.grpc.client.port = -1 (default)
2021-03-15 13:35:32,839 [Listener at 0.0.0.0/35175] INFO  grpc.GrpcConfigKeys (ConfUtils.java:logGet(44)) - raft.grpc.server.port = 9872 (custom)
2021-03-15 13:35:32,839 [Listener at 0.0.0.0/35175] INFO  grpc.GrpcConfigKeys (ConfUtils.java:logGet(44)) - raft.grpc.server.port = 9872 (custom)
2021-03-15 13:35:32,840 [Listener at 0.0.0.0/35175] INFO  server.GrpcService (ConfUtils.java:logGet(44)) - raft.grpc.message.size.max = 33554432 (custom)
2021-03-15 13:35:32,841 [Listener at 0.0.0.0/35175] INFO  server.RaftServerConfigKeys (ConfUtils.java:logGet(44)) - raft.server.log.appender.buffer.byte-limit = 33554432 (custom)
2021-03-15 13:35:32,842 [Listener at 0.0.0.0/35175] INFO  server.GrpcService (ConfUtils.java:logGet(44)) - raft.grpc.flow.control.window = 1MB (=1048576) (default)
2021-03-15 13:35:32,843 [Listener at 0.0.0.0/35175] INFO  server.RaftServerConfigKeys (ConfUtils.java:logGet(44)) - raft.server.rpc.request.timeout = 3000ms (default)
2021-03-15 13:35:33,064 [Listener at 0.0.0.0/35175] INFO  impl.DataStreamServerImpl (ConfUtils.java:logGet(44)) - raft.datastream.type = DISABLED (default)
2021-03-15 13:35:33,067 [Listener at 0.0.0.0/35175] INFO  server.RaftServerConfigKeys (ConfUtils.java:logGet(44)) - raft.server.rpc.slowness.timeout = 120s (custom)
2021-03-15 13:35:33,067 [Listener at 0.0.0.0/35175] INFO  server.RaftServerConfigKeys (ConfUtils.java:logGet(44)) - raft.server.leaderelection.leader.step-down.wait-time = 10s (default)
2021-03-15 13:35:33,082 [Listener at 0.0.0.0/35175] INFO  server.RaftServerConfigKeys (ConfUtils.java:logGet(44)) - raft.server.storage.dir = [/github/workspace/mnt/ozone/hadoop-ozone/integration-test/target/test-dir/MiniOzoneClusterImpl-12ebc720-05ee-4469-9130-5183c7181a17/ozone-meta/ratis] (custom)
2021-03-15 13:35:33,088 [Listener at 0.0.0.0/35175] INFO  server.RaftServer (RaftServerProxy.java:addNew(95)) - om1: addNew group-C5BA1605619E:[om1|rpc:localhost:9872|priority:0] returns group-C5BA1605619E:java.util.concurrent.CompletableFuture@57def953[Not completed]
2021-03-15 13:35:33,089 [Listener at 0.0.0.0/35175] INFO  om.OzoneManager (OzoneManager.java:initializeRatisServer(1336)) - OzoneManager Ratis server initialized at port 9872
2021-03-15 13:35:33,118 [Listener at 0.0.0.0/35175] INFO  ipc.CallQueueManager (CallQueueManager.java:<init>(85)) - Using callQueue: class java.util.concurrent.LinkedBlockingQueue, queueCapacity: 2000, scheduler: class org.apache.hadoop.ipc.DefaultRpcScheduler, ipcBackoff: false.
2021-03-15 13:35:33,119 [Socket Reader #1 for port 0] INFO  ipc.Server (Server.java:run(1255)) - Starting Socket Reader #1 for port 0
2021-03-15 13:35:33,147 [pool-27-thread-1] INFO  server.RaftServer$Division (RaftServerImpl.java:<init>(180)) - om1: new RaftServerImpl for group-C5BA1605619E:[om1|rpc:localhost:9872|priority:0] with OzoneManagerStateMachine:uninitialized
2021-03-15 13:35:33,158 [pool-27-thread-1] INFO  server.RaftServerConfigKeys (ConfUtils.java:logGet(44)) - raft.server.rpc.timeout.min = 1s (custom)
2021-03-15 13:35:33,159 [pool-27-thread-1] INFO  server.RaftServerConfigKeys (ConfUtils.java:logGet(44)) - raft.server.rpc.timeout.max = 1200ms (custom)
2021-03-15 13:35:33,159 [pool-27-thread-1] INFO  server.RaftServerConfigKeys (ConfUtils.java:logGet(44)) - raft.server.rpc.sleep.time = 25ms (default)
2021-03-15 13:35:33,159 [pool-27-thread-1] INFO  server.RaftServerConfigKeys (ConfUtils.java:logGet(44)) - raft.server.rpc.slowness.timeout = 120s (custom)
2021-03-15 13:35:33,159 [pool-27-thread-1] INFO  server.RaftServerConfigKeys (ConfUtils.java:logGet(44)) - raft.server.leaderelection.leader.step-down.wait-time = 10s (default)
2021-03-15 13:35:33,159 [pool-27-thread-1] INFO  server.RaftServerConfigKeys (ConfUtils.java:logGet(44)) - raft.server.sleep.deviation.threshold = 300ms (default)
2021-03-15 13:35:33,160 [pool-27-thread-1] INFO  server.RaftServerConfigKeys (ConfUtils.java:logGet(44)) - raft.server.log.appender.install.snapshot.enabled = false (custom)
2021-03-15 13:35:33,168 [pool-27-thread-1] INFO  server.RaftServer$Division (ServerState.java:<init>(105)) - om1@group-C5BA1605619E: ConfigurationManager, init=-1: [om1|rpc:localhost:9872|priority:0], old=null, confs=<EMPTY_MAP>
2021-03-15 13:35:33,169 [pool-27-thread-1] INFO  server.RaftServerConfigKeys (ConfUtils.java:logGet(44)) - raft.server.storage.dir = [/github/workspace/mnt/ozone/hadoop-ozone/integration-test/target/test-dir/MiniOzoneClusterImpl-12ebc720-05ee-4469-9130-5183c7181a17/ozone-meta/ratis] (custom)
2021-03-15 13:35:33,175 [Listener at 127.0.0.1/36325] INFO  impl.MetricsSystemImpl (MetricsSystemImpl.java:init(158)) - OzoneManager metrics system started (again)
2021-03-15 13:35:33,176 [Listener at 127.0.0.1/36325] INFO  om.OzoneManager (OzoneManager.java:start(1155)) - OzoneManager RPC server is listening at localhost/127.0.0.1:36325
2021-03-15 13:35:33,176 [Listener at 127.0.0.1/36325] INFO  ratis.OzoneManagerRatisServer (OzoneManagerRatisServer.java:start(386)) - Starting OzoneManagerRatisServer om1 at port 9872
2021-03-15 13:35:33,184 [pool-27-thread-1] INFO  server.RaftServerConfigKeys (ConfUtils.java:logGet(44)) - raft.server.log.corruption.policy = EXCEPTION (default)
2021-03-15 13:35:33,187 [pool-27-thread-1] INFO  storage.RaftStorageDirectory (RaftStorageDirectoryImpl.java:analyzeStorage(132)) - The storage directory /github/workspace/mnt/ozone/hadoop-ozone/integration-test/target/test-dir/MiniOzoneClusterImpl-12ebc720-05ee-4469-9130-5183c7181a17/ozone-meta/ratis/bf265839-605b-3f16-9796-c5ba1605619e does not exist. Creating ...
2021-03-15 13:35:33,198 [pool-27-thread-1] INFO  storage.RaftStorageDirectory (RaftStorageDirectoryImpl.java:tryLock(215)) - Lock on /github/workspace/mnt/ozone/hadoop-ozone/integration-test/target/test-dir/MiniOzoneClusterImpl-12ebc720-05ee-4469-9130-5183c7181a17/ozone-meta/ratis/bf265839-605b-3f16-9796-c5ba1605619e/in_use.lock acquired by nodename 27773@287f2862ff4e
2021-03-15 13:35:33,207 [pool-27-thread-1] INFO  storage.RaftStorage (RaftStorageImpl.java:format(87)) - Storage directory /github/workspace/mnt/ozone/hadoop-ozone/integration-test/target/test-dir/MiniOzoneClusterImpl-12ebc720-05ee-4469-9130-5183c7181a17/ozone-meta/ratis/bf265839-605b-3f16-9796-c5ba1605619e has been successfully formatted.
2021-03-15 13:35:33,209 [pool-27-thread-1] ERROR storage.RaftStorage (RaftStorageImpl.java:readRaftConfiguration(147)) - Failed reading configuration from file:/github/workspace/mnt/ozone/hadoop-ozone/integration-test/target/test-dir/MiniOzoneClusterImpl-12ebc720-05ee-4469-9130-5183c7181a17/ozone-meta/ratis/bf265839-605b-3f16-9796-c5ba1605619e/current/raft-meta.conf
java.io.FileNotFoundException: /github/workspace/mnt/ozone/hadoop-ozone/integration-test/target/test-dir/MiniOzoneClusterImpl-12ebc720-05ee-4469-9130-5183c7181a17/ozone-meta/ratis/bf265839-605b-3f16-9796-c5ba1605619e/current/raft-meta.conf (No such file or directory)
	at java.io.FileInputStream.open0(Native Method)
	at java.io.FileInputStream.open(FileInputStream.java:195)
	at java.io.FileInputStream.<init>(FileInputStream.java:138)
	at org.apache.ratis.server.storage.RaftStorageImpl.readRaftConfiguration(RaftStorageImpl.java:143)
	at org.apache.ratis.server.impl.ServerState.<init>(ServerState.java:122)
	at org.apache.ratis.server.impl.RaftServerImpl.<init>(RaftServerImpl.java:193)
	at org.apache.ratis.server.impl.RaftServerProxy.lambda$newRaftServerImpl$4(RaftServerProxy.java:266)
	at java.util.concurrent.CompletableFuture$AsyncSupply.run(CompletableFuture.java:1604)
	at java.util.concurrent.ThreadPoolExecutor.runWorker(ThreadPoolExecutor.java:1149)
	at java.util.concurrent.ThreadPoolExecutor$Worker.run(ThreadPoolExecutor.java:624)
	at java.lang.Thread.run(Thread.java:748)
2021-03-15 13:35:33,215 [pool-27-thread-1] INFO  server.RaftServerConfigKeys (ConfUtils.java:logGet(44)) - raft.server.notification.no-leader.timeout = 120s (custom)
2021-03-15 13:35:33,218 [pool-27-thread-1] INFO  server.RaftServerConfigKeys (ConfUtils.java:logGet(44)) - raft.server.log.use.memory = false (default)
2021-03-15 13:35:33,228 [pool-27-thread-1] INFO  server.RaftServerConfigKeys (ConfUtils.java:logGet(44)) - raft.server.log.purge.gap = 1000000 (custom)
2021-03-15 13:35:33,229 [pool-27-thread-1] INFO  server.RaftServerConfigKeys (ConfUtils.java:logGet(44)) - raft.server.log.appender.buffer.byte-limit = 33554432 (custom)
2021-03-15 13:35:33,236 [pool-27-thread-1] INFO  metrics.RatisMetrics (RatisMetrics.java:lambda$create$0(36)) - Creating Metrics Registry : ratis.log_worker.om1@group-C5BA1605619E
2021-03-15 13:35:33,246 [pool-27-thread-1] INFO  server.RaftServerConfigKeys (ConfUtils.java:logGet(44)) - raft.server.log.segment.size.max = 4194304 (custom)
2021-03-15 13:35:33,254 [pool-27-thread-1] INFO  server.RaftServerConfigKeys (ConfUtils.java:logGet(44)) - raft.server.log.segment.cache.num.max = 2 (custom)
2021-03-15 13:35:33,255 [pool-27-thread-1] INFO  server.RaftServerConfigKeys (ConfUtils.java:logGet(44)) - raft.server.log.segment.cache.size.max = 200MB (=209715200) (default)
2021-03-15 13:35:33,261 [pool-27-thread-1] INFO  segmented.SegmentedRaftLogWorker (SegmentedRaftLogWorker.java:<init>(181)) - new om1@group-C5BA1605619E-SegmentedRaftLogWorker for RaftStorageImpl:Storage Directory /github/workspace/mnt/ozone/hadoop-ozone/integration-test/target/test-dir/MiniOzoneClusterImpl-12ebc720-05ee-4469-9130-5183c7181a17/ozone-meta/ratis/bf265839-605b-3f16-9796-c5ba1605619e
2021-03-15 13:35:33,262 [pool-27-thread-1] INFO  server.RaftServerConfigKeys (ConfUtils.java:logGet(44)) - raft.server.log.queue.byte-limit = 64MB (=67108864) (default)
2021-03-15 13:35:33,262 [pool-27-thread-1] INFO  server.RaftServerConfigKeys (ConfUtils.java:logGet(44)) - raft.server.log.queue.element-limit = 4096 (default)
2021-03-15 13:35:33,264 [pool-27-thread-1] INFO  server.RaftServerConfigKeys (ConfUtils.java:logGet(44)) - raft.server.log.segment.size.max = 4194304 (custom)
2021-03-15 13:35:33,265 [pool-27-thread-1] INFO  server.RaftServerConfigKeys (ConfUtils.java:logGet(44)) - raft.server.log.preallocated.size = 4194304 (custom)
2021-03-15 13:35:33,265 [pool-27-thread-1] INFO  server.RaftServerConfigKeys (ConfUtils.java:logGet(44)) - raft.server.log.force.sync.num = 128 (default)
2021-03-15 13:35:33,268 [pool-27-thread-1] INFO  server.RaftServerConfigKeys (ConfUtils.java:logGet(44)) - raft.server.log.statemachine.data.sync = true (default)
2021-03-15 13:35:33,269 [pool-27-thread-1] INFO  server.RaftServerConfigKeys (ConfUtils.java:logGet(44)) - raft.server.log.statemachine.data.sync.timeout = 10s (default)
2021-03-15 13:35:33,273 [pool-27-thread-1] INFO  server.RaftServerConfigKeys (ConfUtils.java:logGet(44)) - raft.server.log.statemachine.data.sync.timeout.retry = -1 (default)
2021-03-15 13:35:33,285 [pool-27-thread-1] INFO  server.RaftServerConfigKeys (ConfUtils.java:logGet(44)) - raft.server.log.write.buffer.size = 64KB (=65536) (default)
2021-03-15 13:35:33,287 [pool-27-thread-1] INFO  server.RaftServerConfigKeys (ConfUtils.java:logGet(44)) - raft.server.log.statemachine.data.caching.enabled = false (default)
2021-03-15 13:35:33,295 [pool-27-thread-1] INFO  segmented.SegmentedRaftLogWorker (SegmentedRaftLogWorker.java:lambda$new$0(132)) - om1@group-C5BA1605619E-SegmentedRaftLogWorker: flushIndex: setUnconditionally 0 -> -1
2021-03-15 13:35:33,295 [pool-27-thread-1] INFO  segmented.SegmentedRaftLogWorker (SegmentedRaftLogWorker.java:lambda$new$0(132)) - om1@group-C5BA1605619E-SegmentedRaftLogWorker: safeCacheEvictIndex: setUnconditionally 0 -> -1
2021-03-15 13:35:33,299 [pool-27-thread-1] INFO  server.RaftServerConfigKeys (ConfUtils.java:logGet(44)) - raft.server.snapshot.auto.trigger.enabled = true (custom)
2021-03-15 13:35:33,304 [pool-27-thread-1] INFO  server.RaftServerConfigKeys (ConfUtils.java:logGet(44)) - raft.server.snapshot.auto.trigger.threshold = 400000 (default)
2021-03-15 13:35:33,304 [pool-27-thread-1] INFO  server.RaftServerConfigKeys (ConfUtils.java:logGet(44)) - raft.server.snapshot.retention.file.num = -1 (default)
2021-03-15 13:35:33,305 [pool-27-thread-1] INFO  server.RaftServerConfigKeys (ConfUtils.java:logGet(44)) - raft.server.log.purge.upto.snapshot.index = true (custom)
2021-03-15 13:35:33,306 [pool-27-thread-1] INFO  server.RaftServerConfigKeys (ConfUtils.java:logGet(44)) - raft.server.retrycache.expirytime = 300s (custom)
2021-03-15 13:35:33,306 [pool-27-thread-1] INFO  server.RaftServerConfigKeys (ConfUtils.java:logGet(44)) - raft.server.retrycache.statistics.expirytime = 100?s (default)
2021-03-15 13:35:33,333 [pool-27-thread-1] INFO  metrics.RatisMetrics (RatisMetrics.java:lambda$create$0(36)) - Creating Metrics Registry : ratis.leader_election.om1@group-C5BA1605619E
2021-03-15 13:35:33,339 [pool-27-thread-1] INFO  metrics.RatisMetrics (RatisMetrics.java:lambda$create$0(36)) - Creating Metrics Registry : ratis.server.om1@group-C5BA1605619E
2021-03-15 13:35:33,352 [Listener at 127.0.0.1/36325] INFO  server.RaftServer$Division (RaftServerImpl.java:start(295)) - om1@group-C5BA1605619E: start as a follower, conf=-1: [om1|rpc:localhost:9872|priority:0], old=null
2021-03-15 13:35:33,353 [Listener at 127.0.0.1/36325] INFO  server.RaftServer$Division (RaftServerImpl.java:setRole(284)) - om1@group-C5BA1605619E: changes role from      null to FOLLOWER at term 0 for startAsFollower
2021-03-15 13:35:33,355 [Listener at 127.0.0.1/36325] INFO  impl.RoleInfo (RoleInfo.java:updateAndGet(130)) - om1: start om1@group-C5BA1605619E-FollowerState
2021-03-15 13:35:33,356 [Listener at 127.0.0.1/36325] INFO  util.JmxRegister (JmxRegister.java:tryRegister(44)) - Successfully registered JMX Bean with object name Ratis:service=RaftServer,group=group-C5BA1605619E,id=om1
2021-03-15 13:35:33,365 [Listener at 127.0.0.1/36325] INFO  metrics.RatisMetrics (RatisMetrics.java:lambda$create$0(36)) - Creating Metrics Registry : ratis.state_machine.om1@group-C5BA1605619E
2021-03-15 13:35:33,370 [Listener at 127.0.0.1/36325] INFO  server.RaftServer (RaftServerProxy.java:lambda$start$5(374)) - om1: start RPC server
2021-03-15 13:35:33,417 [Listener at 127.0.0.1/36325] INFO  server.GrpcService (GrpcService.java:startImpl(253)) - om1: GrpcService started, listening on 9872
2021-03-15 13:35:33,430 [org.apache.ratis.util.JvmPauseMonitor$$Lambda$494/1751830047@7dd92a36] INFO  util.JvmPauseMonitor (JvmPauseMonitor.java:run(103)) - JvmPauseMonitor-om1: Started
2021-03-15 13:35:33,433 [Listener at 127.0.0.1/36325] INFO  http.BaseHttpServer (BaseHttpServer.java:newHttpServer2BuilderForOzone(207)) - Starting Web-server for ozoneManager at: http://0.0.0.0:0
2021-03-15 13:35:33,433 [Listener at 127.0.0.1/36325] INFO  http.BaseHttpServer (BaseHttpServer.java:<init>(106)) - Hadoop Security Enabled: false Ozone Security Enabled: false Ozone HTTP Security Enabled: false 
2021-03-15 13:35:33,438 [Listener at 127.0.0.1/36325] INFO  server.AuthenticationFilter (AuthenticationFilter.java:constructSecretProvider(240)) - Unable to initialize FileSignerSecretProvider, falling back to use random secrets.
2021-03-15 13:35:33,439 [Listener at 127.0.0.1/36325] WARN  http.HttpRequestLog (HttpRequestLog.java:getRequestLog(103)) - Jetty request log can only be enabled using Log4j
2021-03-15 13:35:33,442 [Listener at 127.0.0.1/36325] INFO  http.HttpServer2 (HttpServer2.java:addGlobalFilter(1020)) - Added global filter 'safety' (class=org.apache.hadoop.hdds.server.http.HttpServer2$QuotingInputFilter)
2021-03-15 13:35:33,443 [Listener at 127.0.0.1/36325] INFO  http.HttpServer2 (HttpServer2.java:addFilter(996)) - Added filter static_user_filter (class=org.apache.hadoop.http.lib.StaticUserWebFilter$StaticUserFilter) to context ozoneManager
2021-03-15 13:35:33,451 [Listener at 127.0.0.1/36325] INFO  http.HttpServer2 (HttpServer2.java:addFilter(1004)) - Added filter static_user_filter (class=org.apache.hadoop.http.lib.StaticUserWebFilter$StaticUserFilter) to context logs
2021-03-15 13:35:33,451 [Listener at 127.0.0.1/36325] INFO  http.HttpServer2 (HttpServer2.java:addFilter(1004)) - Added filter static_user_filter (class=org.apache.hadoop.http.lib.StaticUserWebFilter$StaticUserFilter) to context static
2021-03-15 13:35:33,453 [Listener at 127.0.0.1/36325] INFO  http.HttpServer2 (HttpServer2.java:bindListener(1238)) - Jetty bound to port 38967
2021-03-15 13:35:33,454 [Listener at 127.0.0.1/36325] INFO  server.Server (Server.java:doStart(375)) - jetty-9.4.35.v20201120; built: 2020-11-20T21:17:03.964Z; git: bdc54f03a5e0a7e280fab27f55c3c75ee8da89fb; jvm 1.8.0_232-b09
2021-03-15 13:35:33,458 [Listener at 127.0.0.1/36325] INFO  server.session (DefaultSessionIdManager.java:doStart(334)) - DefaultSessionIdManager workerName=node0
2021-03-15 13:35:33,458 [Listener at 127.0.0.1/36325] INFO  server.session (DefaultSessionIdManager.java:doStart(339)) - No SessionScavenger set, using defaults
2021-03-15 13:35:33,458 [Listener at 127.0.0.1/36325] INFO  server.session (HouseKeeper.java:startScavenging(132)) - node0 Scavenging every 660000ms
2021-03-15 13:35:33,460 [Listener at 127.0.0.1/36325] INFO  handler.ContextHandler (ContextHandler.java:doStart(916)) - Started o.e.j.s.ServletContextHandler@18ed8b75{logs,/logs,file:///github/workspace/mnt/ozone/hadoop-ozone/integration-test/target/log,AVAILABLE}
2021-03-15 13:35:33,460 [Listener at 127.0.0.1/36325] INFO  handler.ContextHandler (ContextHandler.java:doStart(916)) - Started o.e.j.s.ServletContextHandler@13f255ed{static,/static,file:///github/workspace/mnt/ozone/hadoop-ozone/integration-test/target/test-classes/webapps/static,AVAILABLE}
2021-03-15 13:35:33,469 [Listener at 127.0.0.1/36325] INFO  handler.ContextHandler (ContextHandler.java:doStart(916)) - Started o.e.j.w.WebAppContext@e1d2781{ozoneManager,/,file:///github/workspace/mnt/ozone/hadoop-ozone/integration-test/target/test-classes/webapps/ozoneManager/,AVAILABLE}{file:/github/workspace/mnt/ozone/hadoop-ozone/integration-test/target/test-classes/webapps/ozoneManager}
2021-03-15 13:35:33,471 [Listener at 127.0.0.1/36325] INFO  server.AbstractConnector (AbstractConnector.java:doStart(331)) - Started ServerConnector@51d26fed{HTTP/1.1, (http/1.1)}{0.0.0.0:38967}
2021-03-15 13:35:33,472 [Listener at 127.0.0.1/36325] INFO  server.Server (Server.java:doStart(415)) - Started @5922ms
2021-03-15 13:35:33,472 [Listener at 127.0.0.1/36325] WARN  impl.MetricsSystemImpl (MetricsSystemImpl.java:register(279)) - Sink prometheus already exists!
2021-03-15 13:35:33,475 [Listener at 127.0.0.1/36325] INFO  http.BaseHttpServer (BaseHttpServer.java:updateConnectorAddress(327)) - HTTP server of ozoneManager listening at http://0.0.0.0:38967
2021-03-15 13:35:33,475 [IPC Server Responder] INFO  ipc.Server (Server.java:run(1497)) - IPC Server Responder: starting
2021-03-15 13:35:33,476 [IPC Server listener on 0] INFO  ipc.Server (Server.java:run(1334)) - IPC Server listener on 0: starting
2021-03-15 13:35:33,482 [Listener at 127.0.0.1/36325] INFO  om.OzoneManager (OzoneManager.java:startTrashEmptier(1276)) - Trash Interval set to 0. Files deleted will not move to trash
2021-03-15 13:35:33,493 [org.apache.hadoop.util.JvmPauseMonitor$Monitor@186fc6e] INFO  util.JvmPauseMonitor (JvmPauseMonitor.java:run(188)) - Starting JVM pause monitor
2021-03-15 13:35:33,738 [Listener at 127.0.0.1/36325] INFO  impl.MetricsSystemImpl (MetricsSystemImpl.java:init(158)) - HddsDatanode metrics system started (again)
2021-03-15 13:35:33,745 [Listener at 127.0.0.1/36325] INFO  ozone.HddsDatanodeService (HddsDatanodeService.java:start(217)) - HddsDatanodeService host:287f2862ff4e ip:172.17.0.2
2021-03-15 13:35:33,890 [Listener at 127.0.0.1/36325] INFO  volume.HddsVolume (HddsVolume.java:<init>(176)) - Creating Volume: /github/workspace/mnt/ozone/hadoop-ozone/integration-test/target/test-dir/MiniOzoneClusterImpl-12ebc720-05ee-4469-9130-5183c7181a17/datanode-0/data-0/containers/hdds of storage type : DISK and capacity : 9223372036854775807
2021-03-15 13:35:33,893 [Listener at 127.0.0.1/36325] INFO  volume.MutableVolumeSet (MutableVolumeSet.java:initializeVolumeSet(179)) - Added Volume : /github/workspace/mnt/ozone/hadoop-ozone/integration-test/target/test-dir/MiniOzoneClusterImpl-12ebc720-05ee-4469-9130-5183c7181a17/datanode-0/data-0/containers/hdds to VolumeSet
2021-03-15 13:35:33,894 [Listener at 127.0.0.1/36325] INFO  volume.ThrottledAsyncChecker (ThrottledAsyncChecker.java:schedule(141)) - Scheduling a check for /github/workspace/mnt/ozone/hadoop-ozone/integration-test/target/test-dir/MiniOzoneClusterImpl-12ebc720-05ee-4469-9130-5183c7181a17/datanode-0/data-0/containers/hdds
2021-03-15 13:35:33,922 [Listener at 127.0.0.1/36325] INFO  volume.HddsVolumeChecker (HddsVolumeChecker.java:checkAllVolumes(200)) - Scheduled health check for volume /github/workspace/mnt/ozone/hadoop-ozone/integration-test/target/test-dir/MiniOzoneClusterImpl-12ebc720-05ee-4469-9130-5183c7181a17/datanode-0/data-0/containers/hdds
2021-03-15 13:35:33,959 [Thread-131] INFO  ozoneimpl.ContainerReader (ContainerReader.java:readVolume(125)) - Start to verify containers on volume /github/workspace/mnt/ozone/hadoop-ozone/integration-test/target/test-dir/MiniOzoneClusterImpl-12ebc720-05ee-4469-9130-5183c7181a17/datanode-0/data-0/containers/hdds
2021-03-15 13:35:33,959 [Thread-131] INFO  ozoneimpl.ContainerReader (ContainerReader.java:readVolume(150)) - Finish verifying containers on volume /github/workspace/mnt/ozone/hadoop-ozone/integration-test/target/test-dir/MiniOzoneClusterImpl-12ebc720-05ee-4469-9130-5183c7181a17/datanode-0/data-0/containers/hdds
2021-03-15 13:35:33,960 [Listener at 127.0.0.1/36325] INFO  ozoneimpl.OzoneContainer (OzoneContainer.java:buildContainerSet(206)) - Build ContainerSet costs 0s
2021-03-15 13:35:34,051 [Listener at 127.0.0.1/36325] INFO  server.RaftServer (ConfUtils.java:logGet(44)) - raft.rpc.type = GRPC (default)
2021-03-15 13:35:34,052 [Listener at 127.0.0.1/36325] INFO  grpc.GrpcFactory (GrpcFactory.java:checkPooledByteBufAllocatorUseCacheForAllThreads(48)) - PERFORMANCE WARNING: useCacheForAllThreads is true that may cause Netty to create a lot garbage objects and, as a result, trigger GC.
	It is recommended to disable useCacheForAllThreads by setting -Dorg.apache.ratis.thirdparty.io.netty.allocator.useCacheForAllThreads=false in command line.
2021-03-15 13:35:34,052 [Listener at 127.0.0.1/36325] INFO  grpc.GrpcConfigKeys (ConfUtils.java:logGet(44)) - raft.grpc.admin.port = 0 (custom)
2021-03-15 13:35:34,052 [Listener at 127.0.0.1/36325] INFO  grpc.GrpcConfigKeys (ConfUtils.java:logGet(44)) - raft.grpc.client.port = 0 (custom)
2021-03-15 13:35:34,057 [Listener at 127.0.0.1/36325] INFO  grpc.GrpcConfigKeys (ConfUtils.java:logGet(44)) - raft.grpc.server.port = 0 (default)
2021-03-15 13:35:34,057 [Listener at 127.0.0.1/36325] INFO  server.GrpcService (ConfUtils.java:logGet(44)) - raft.grpc.message.size.max = 32MB (=33554432) (custom)
2021-03-15 13:35:34,057 [Listener at 127.0.0.1/36325] INFO  server.RaftServerConfigKeys (ConfUtils.java:logGet(44)) - raft.server.log.appender.buffer.byte-limit = 33554432 (custom)
2021-03-15 13:35:34,058 [Listener at 127.0.0.1/36325] INFO  server.GrpcService (ConfUtils.java:logGet(44)) - raft.grpc.flow.control.window = 5MB (=5242880) (custom)
2021-03-15 13:35:34,059 [Listener at 127.0.0.1/36325] INFO  server.RaftServerConfigKeys (ConfUtils.java:logGet(44)) - raft.server.rpc.request.timeout = 3000ms (default)
2021-03-15 13:35:34,061 [Listener at 127.0.0.1/36325] INFO  impl.DataStreamServerImpl (ConfUtils.java:logGet(44)) - raft.datastream.type = DISABLED (default)
2021-03-15 13:35:34,062 [Listener at 127.0.0.1/36325] INFO  server.RaftServerConfigKeys (ConfUtils.java:logGet(44)) - raft.server.rpc.slowness.timeout = 300000ms (custom)
2021-03-15 13:35:34,062 [Listener at 127.0.0.1/36325] INFO  server.RaftServerConfigKeys (ConfUtils.java:logGet(44)) - raft.server.leaderelection.leader.step-down.wait-time = 10s (default)
2021-03-15 13:35:34,062 [Listener at 127.0.0.1/36325] INFO  server.RaftServerConfigKeys (ConfUtils.java:logGet(44)) - raft.server.storage.dir = [/github/workspace/mnt/ozone/hadoop-ozone/integration-test/target/test-dir/MiniOzoneClusterImpl-12ebc720-05ee-4469-9130-5183c7181a17/datanode-0/data/ratis] (custom)
2021-03-15 13:35:34,169 [Listener at 127.0.0.1/36325] INFO  http.BaseHttpServer (BaseHttpServer.java:newHttpServer2BuilderForOzone(207)) - Starting Web-server for hddsDatanode at: http://0.0.0.0:0
2021-03-15 13:35:34,170 [Listener at 127.0.0.1/36325] INFO  http.BaseHttpServer (BaseHttpServer.java:<init>(106)) - Hadoop Security Enabled: false Ozone Security Enabled: false Ozone HTTP Security Enabled: false 
2021-03-15 13:35:34,172 [Listener at 127.0.0.1/36325] INFO  server.AuthenticationFilter (AuthenticationFilter.java:constructSecretProvider(240)) - Unable to initialize FileSignerSecretProvider, falling back to use random secrets.
2021-03-15 13:35:34,173 [Listener at 127.0.0.1/36325] WARN  http.HttpRequestLog (HttpRequestLog.java:getRequestLog(103)) - Jetty request log can only be enabled using Log4j
2021-03-15 13:35:34,174 [Listener at 127.0.0.1/36325] INFO  http.HttpServer2 (HttpServer2.java:addGlobalFilter(1020)) - Added global filter 'safety' (class=org.apache.hadoop.hdds.server.http.HttpServer2$QuotingInputFilter)
2021-03-15 13:35:34,175 [Listener at 127.0.0.1/36325] INFO  http.HttpServer2 (HttpServer2.java:addFilter(996)) - Added filter static_user_filter (class=org.apache.hadoop.http.lib.StaticUserWebFilter$StaticUserFilter) to context hddsDatanode
2021-03-15 13:35:34,175 [Listener at 127.0.0.1/36325] INFO  http.HttpServer2 (HttpServer2.java:addFilter(1004)) - Added filter static_user_filter (class=org.apache.hadoop.http.lib.StaticUserWebFilter$StaticUserFilter) to context static
2021-03-15 13:35:34,176 [Listener at 127.0.0.1/36325] INFO  http.HttpServer2 (HttpServer2.java:addFilter(1004)) - Added filter static_user_filter (class=org.apache.hadoop.http.lib.StaticUserWebFilter$StaticUserFilter) to context logs
2021-03-15 13:35:34,176 [Listener at 127.0.0.1/36325] INFO  http.HttpServer2 (HttpServer2.java:bindListener(1238)) - Jetty bound to port 40343
2021-03-15 13:35:34,178 [Listener at 127.0.0.1/36325] INFO  server.Server (Server.java:doStart(375)) - jetty-9.4.35.v20201120; built: 2020-11-20T21:17:03.964Z; git: bdc54f03a5e0a7e280fab27f55c3c75ee8da89fb; jvm 1.8.0_232-b09
2021-03-15 13:35:34,181 [Listener at 127.0.0.1/36325] INFO  server.session (DefaultSessionIdManager.java:doStart(334)) - DefaultSessionIdManager workerName=node0
2021-03-15 13:35:34,181 [Listener at 127.0.0.1/36325] INFO  server.session (DefaultSessionIdManager.java:doStart(339)) - No SessionScavenger set, using defaults
2021-03-15 13:35:34,181 [Listener at 127.0.0.1/36325] INFO  server.session (HouseKeeper.java:startScavenging(132)) - node0 Scavenging every 600000ms
2021-03-15 13:35:34,183 [Listener at 127.0.0.1/36325] INFO  handler.ContextHandler (ContextHandler.java:doStart(916)) - Started o.e.j.s.ServletContextHandler@622be81d{logs,/logs,file:///github/workspace/mnt/ozone/hadoop-ozone/integration-test/target/log,AVAILABLE}
2021-03-15 13:35:34,184 [Listener at 127.0.0.1/36325] INFO  handler.ContextHandler (ContextHandler.java:doStart(916)) - Started o.e.j.s.ServletContextHandler@94047a4{static,/static,jar:file:/home/user/.m2/repository/org/apache/hadoop/hadoop-hdds-container-service/1.1.0-SNAPSHOT/hadoop-hdds-container-service-1.1.0-SNAPSHOT.jar!/webapps/static,AVAILABLE}
2021-03-15 13:35:34,438 [Thread-98] INFO  impl.FollowerState (FollowerState.java:run(133)) - om1@group-C5BA1605619E-FollowerState: change to CANDIDATE, lastRpcElapsedTime:1083673231ns, electionTimeout:1071ms
2021-03-15 13:35:34,441 [Thread-98] INFO  impl.RoleInfo (RoleInfo.java:shutdownFollowerState(108)) - om1: shutdown om1@group-C5BA1605619E-FollowerState
2021-03-15 13:35:34,441 [Thread-98] INFO  server.RaftServer$Division (RaftServerImpl.java:setRole(284)) - om1@group-C5BA1605619E: changes role from  FOLLOWER to CANDIDATE at term 0 for changeToCandidate
2021-03-15 13:35:34,452 [Thread-98] INFO  server.RaftServerConfigKeys (ConfUtils.java:logGet(44)) - raft.server.leaderelection.pre-vote = false (custom)
2021-03-15 13:35:34,452 [Thread-98] INFO  impl.RoleInfo (RoleInfo.java:updateAndGet(130)) - om1: start om1@group-C5BA1605619E-LeaderElection1
2021-03-15 13:35:34,485 [om1@group-C5BA1605619E-LeaderElection1] INFO  impl.LeaderElection (LeaderElection.java:askForVotes(307)) - om1@group-C5BA1605619E-LeaderElection1 ELECTION round 0: submit vote requests at term 1 for -1: [om1|rpc:localhost:9872|priority:0], old=null
2021-03-15 13:35:34,486 [om1@group-C5BA1605619E-LeaderElection1] INFO  impl.LeaderElection (LeaderElection.java:askForVotes(309)) - om1@group-C5BA1605619E-LeaderElection1 ELECTION round 0: result PASSED (term=1)
2021-03-15 13:35:34,486 [om1@group-C5BA1605619E-LeaderElection1] INFO  impl.RoleInfo (RoleInfo.java:shutdownLeaderElection(121)) - om1: shutdown om1@group-C5BA1605619E-LeaderElection1
2021-03-15 13:35:34,487 [om1@group-C5BA1605619E-LeaderElection1] INFO  server.RaftServer$Division (RaftServerImpl.java:setRole(284)) - om1@group-C5BA1605619E: changes role from CANDIDATE to LEADER at term 1 for changeToLeader
2021-03-15 13:35:34,487 [om1@group-C5BA1605619E-LeaderElection1] INFO  server.RaftServer$Division (ServerState.java:setLeader(271)) - om1@group-C5BA1605619E: change Leader from null to om1 at term 1 for becomeLeader, leader elected after 1272ms
2021-03-15 13:35:34,503 [om1@group-C5BA1605619E-LeaderElection1] INFO  server.RaftServerConfigKeys (ConfUtils.java:logGet(44)) - raft.server.staging.catchup.gap = 1000 (default)
2021-03-15 13:35:34,507 [om1@group-C5BA1605619E-LeaderElection1] INFO  metrics.RatisMetrics (RatisMetrics.java:lambda$create$0(36)) - Creating Metrics Registry : ratis.log_appender.om1@group-C5BA1605619E
2021-03-15 13:35:34,509 [om1@group-C5BA1605619E-LeaderElection1] INFO  server.RaftServerConfigKeys (ConfUtils.java:logGet(44)) - raft.server.write.element-limit = 4096 (default)
2021-03-15 13:35:34,515 [om1@group-C5BA1605619E-LeaderElection1] INFO  server.RaftServerConfigKeys (ConfUtils.java:logGet(44)) - raft.server.write.byte-limit = 64MB (=67108864) (default)
2021-03-15 13:35:34,522 [om1@group-C5BA1605619E-LeaderElection1] INFO  server.RaftServerConfigKeys (ConfUtils.java:logGet(44)) - raft.server.watch.timeout = 10s (default)
2021-03-15 13:35:34,522 [om1@group-C5BA1605619E-LeaderElection1] INFO  server.RaftServerConfigKeys (ConfUtils.java:logGet(44)) - raft.server.watch.timeout.denomination = 1s (default)
2021-03-15 13:35:34,523 [om1@group-C5BA1605619E-LeaderElection1] INFO  server.RaftServerConfigKeys (ConfUtils.java:logGet(44)) - raft.server.watch.element-limit = 65536 (default)
2021-03-15 13:35:34,515 [Listener at 127.0.0.1/36325] INFO  handler.ContextHandler (ContextHandler.java:doStart(916)) - Started o.e.j.w.WebAppContext@115b0bf5{hddsDatanode,/,file:///tmp/jetty-0_0_0_0-40343-hadoop-hdds-container-service-1_1_0-SNAPSHOT_jar-_-any-4338036866756403018/webapp/,AVAILABLE}{jar:file:/home/user/.m2/repository/org/apache/hadoop/hadoop-hdds-container-service/1.1.0-SNAPSHOT/hadoop-hdds-container-service-1.1.0-SNAPSHOT.jar!/webapps/hddsDatanode}
2021-03-15 13:35:34,528 [Listener at 127.0.0.1/36325] INFO  server.AbstractConnector (AbstractConnector.java:doStart(331)) - Started ServerConnector@674687b3{HTTP/1.1, (http/1.1)}{0.0.0.0:40343}
2021-03-15 13:35:34,528 [Listener at 127.0.0.1/36325] INFO  server.Server (Server.java:doStart(415)) - Started @6978ms
2021-03-15 13:35:34,529 [Listener at 127.0.0.1/36325] WARN  impl.MetricsSystemImpl (MetricsSystemImpl.java:register(279)) - Sink prometheus already exists!
2021-03-15 13:35:34,533 [Listener at 127.0.0.1/36325] INFO  http.BaseHttpServer (BaseHttpServer.java:updateConnectorAddress(327)) - HTTP server of hddsDatanode listening at http://0.0.0.0:40343
2021-03-15 13:35:34,535 [om1@group-C5BA1605619E-LeaderElection1] INFO  impl.RoleInfo (RoleInfo.java:updateAndGet(130)) - om1: start om1@group-C5BA1605619E-LeaderStateImpl
2021-03-15 13:35:34,547 [Listener at 127.0.0.1/36325] INFO  impl.MetricsSystemImpl (MetricsSystemImpl.java:init(158)) - HddsDatanode metrics system started (again)
2021-03-15 13:35:34,549 [Listener at 127.0.0.1/36325] INFO  ozone.HddsDatanodeService (HddsDatanodeService.java:start(217)) - HddsDatanodeService host:287f2862ff4e ip:172.17.0.2
2021-03-15 13:35:34,559 [Listener at 127.0.0.1/36325] INFO  volume.HddsVolume (HddsVolume.java:<init>(176)) - Creating Volume: /github/workspace/mnt/ozone/hadoop-ozone/integration-test/target/test-dir/MiniOzoneClusterImpl-12ebc720-05ee-4469-9130-5183c7181a17/datanode-1/data-0/containers/hdds of storage type : DISK and capacity : 9223372036854775807
2021-03-15 13:35:34,559 [Listener at 127.0.0.1/36325] INFO  volume.MutableVolumeSet (MutableVolumeSet.java:initializeVolumeSet(179)) - Added Volume : /github/workspace/mnt/ozone/hadoop-ozone/integration-test/target/test-dir/MiniOzoneClusterImpl-12ebc720-05ee-4469-9130-5183c7181a17/datanode-1/data-0/containers/hdds to VolumeSet
2021-03-15 13:35:34,559 [Listener at 127.0.0.1/36325] INFO  volume.ThrottledAsyncChecker (ThrottledAsyncChecker.java:schedule(141)) - Scheduling a check for /github/workspace/mnt/ozone/hadoop-ozone/integration-test/target/test-dir/MiniOzoneClusterImpl-12ebc720-05ee-4469-9130-5183c7181a17/datanode-1/data-0/containers/hdds
2021-03-15 13:35:34,601 [Listener at 127.0.0.1/36325] INFO  volume.HddsVolumeChecker (HddsVolumeChecker.java:checkAllVolumes(200)) - Scheduled health check for volume /github/workspace/mnt/ozone/hadoop-ozone/integration-test/target/test-dir/MiniOzoneClusterImpl-12ebc720-05ee-4469-9130-5183c7181a17/datanode-1/data-0/containers/hdds
2021-03-15 13:35:34,602 [org.apache.hadoop.util.JvmPauseMonitor$Monitor@1229546] INFO  util.JvmPauseMonitor (JvmPauseMonitor.java:run(188)) - Starting JVM pause monitor
2021-03-15 13:35:34,642 [Thread-144] INFO  ozoneimpl.ContainerReader (ContainerReader.java:readVolume(125)) - Start to verify containers on volume /github/workspace/mnt/ozone/hadoop-ozone/integration-test/target/test-dir/MiniOzoneClusterImpl-12ebc720-05ee-4469-9130-5183c7181a17/datanode-1/data-0/containers/hdds
2021-03-15 13:35:34,649 [Thread-144] INFO  ozoneimpl.ContainerReader (ContainerReader.java:readVolume(150)) - Finish verifying containers on volume /github/workspace/mnt/ozone/hadoop-ozone/integration-test/target/test-dir/MiniOzoneClusterImpl-12ebc720-05ee-4469-9130-5183c7181a17/datanode-1/data-0/containers/hdds
2021-03-15 13:35:34,649 [Listener at 127.0.0.1/36325] INFO  ozoneimpl.OzoneContainer (OzoneContainer.java:buildContainerSet(206)) - Build ContainerSet costs 0s
2021-03-15 13:35:34,651 [om1@group-C5BA1605619E-LeaderElection1] INFO  segmented.SegmentedRaftLogWorker (SegmentedRaftLogWorker.java:startLogSegment(392)) - om1@group-C5BA1605619E-SegmentedRaftLogWorker: Starting segment from index:0
2021-03-15 13:35:34,662 [Listener at 127.0.0.1/36325] INFO  server.RaftServer (ConfUtils.java:logGet(44)) - raft.rpc.type = GRPC (default)
2021-03-15 13:35:34,671 [Listener at 127.0.0.1/36325] INFO  grpc.GrpcFactory (GrpcFactory.java:checkPooledByteBufAllocatorUseCacheForAllThreads(48)) - PERFORMANCE WARNING: useCacheForAllThreads is true that may cause Netty to create a lot garbage objects and, as a result, trigger GC.
	It is recommended to disable useCacheForAllThreads by setting -Dorg.apache.ratis.thirdparty.io.netty.allocator.useCacheForAllThreads=false in command line.
2021-03-15 13:35:34,672 [Listener at 127.0.0.1/36325] INFO  grpc.GrpcConfigKeys (ConfUtils.java:logGet(44)) - raft.grpc.admin.port = 0 (custom)
2021-03-15 13:35:34,672 [Listener at 127.0.0.1/36325] INFO  grpc.GrpcConfigKeys (ConfUtils.java:logGet(44)) - raft.grpc.client.port = 0 (custom)
2021-03-15 13:35:34,672 [Listener at 127.0.0.1/36325] INFO  grpc.GrpcConfigKeys (ConfUtils.java:logGet(44)) - raft.grpc.server.port = 0 (default)
2021-03-15 13:35:34,672 [Listener at 127.0.0.1/36325] INFO  server.GrpcService (ConfUtils.java:logGet(44)) - raft.grpc.message.size.max = 32MB (=33554432) (custom)
2021-03-15 13:35:34,672 [Listener at 127.0.0.1/36325] INFO  server.RaftServerConfigKeys (ConfUtils.java:logGet(44)) - raft.server.log.appender.buffer.byte-limit = 33554432 (custom)
2021-03-15 13:35:34,673 [Listener at 127.0.0.1/36325] INFO  server.GrpcService (ConfUtils.java:logGet(44)) - raft.grpc.flow.control.window = 5MB (=5242880) (custom)
2021-03-15 13:35:34,673 [Listener at 127.0.0.1/36325] INFO  server.RaftServerConfigKeys (ConfUtils.java:logGet(44)) - raft.server.rpc.request.timeout = 3000ms (default)
2021-03-15 13:35:34,678 [Listener at 127.0.0.1/36325] INFO  impl.DataStreamServerImpl (ConfUtils.java:logGet(44)) - raft.datastream.type = DISABLED (default)
2021-03-15 13:35:34,679 [Listener at 127.0.0.1/36325] INFO  server.RaftServerConfigKeys (ConfUtils.java:logGet(44)) - raft.server.rpc.slowness.timeout = 300000ms (custom)
2021-03-15 13:35:34,679 [Listener at 127.0.0.1/36325] INFO  server.RaftServerConfigKeys (ConfUtils.java:logGet(44)) - raft.server.leaderelection.leader.step-down.wait-time = 10s (default)
2021-03-15 13:35:34,679 [Listener at 127.0.0.1/36325] INFO  server.RaftServerConfigKeys (ConfUtils.java:logGet(44)) - raft.server.storage.dir = [/github/workspace/mnt/ozone/hadoop-ozone/integration-test/target/test-dir/MiniOzoneClusterImpl-12ebc720-05ee-4469-9130-5183c7181a17/datanode-1/data/ratis] (custom)
2021-03-15 13:35:34,707 [Listener at 127.0.0.1/36325] INFO  http.BaseHttpServer (BaseHttpServer.java:newHttpServer2BuilderForOzone(207)) - Starting Web-server for hddsDatanode at: http://0.0.0.0:0
2021-03-15 13:35:34,728 [om1@group-C5BA1605619E-LeaderElection1] INFO  server.RaftServer$Division (ServerState.java:setRaftConf(373)) - om1@group-C5BA1605619E: set configuration 0: [om1|rpc:localhost:9872|admin:|client:|dataStream:|priority:0], old=null
2021-03-15 13:35:34,733 [Listener at 127.0.0.1/36325] INFO  http.BaseHttpServer (BaseHttpServer.java:<init>(106)) - Hadoop Security Enabled: false Ozone Security Enabled: false Ozone HTTP Security Enabled: false 
2021-03-15 13:35:34,739 [Listener at 127.0.0.1/36325] INFO  server.AuthenticationFilter (AuthenticationFilter.java:constructSecretProvider(240)) - Unable to initialize FileSignerSecretProvider, falling back to use random secrets.
2021-03-15 13:35:34,745 [Listener at 127.0.0.1/36325] WARN  http.HttpRequestLog (HttpRequestLog.java:getRequestLog(103)) - Jetty request log can only be enabled using Log4j
2021-03-15 13:35:34,746 [Listener at 127.0.0.1/36325] INFO  http.HttpServer2 (HttpServer2.java:addGlobalFilter(1020)) - Added global filter 'safety' (class=org.apache.hadoop.hdds.server.http.HttpServer2$QuotingInputFilter)
2021-03-15 13:35:34,747 [Listener at 127.0.0.1/36325] INFO  http.HttpServer2 (HttpServer2.java:addFilter(996)) - Added filter static_user_filter (class=org.apache.hadoop.http.lib.StaticUserWebFilter$StaticUserFilter) to context hddsDatanode
2021-03-15 13:35:34,747 [Listener at 127.0.0.1/36325] INFO  http.HttpServer2 (HttpServer2.java:addFilter(1004)) - Added filter static_user_filter (class=org.apache.hadoop.http.lib.StaticUserWebFilter$StaticUserFilter) to context logs
2021-03-15 13:35:34,747 [Listener at 127.0.0.1/36325] INFO  http.HttpServer2 (HttpServer2.java:addFilter(1004)) - Added filter static_user_filter (class=org.apache.hadoop.http.lib.StaticUserWebFilter$StaticUserFilter) to context static
2021-03-15 13:35:34,748 [Listener at 127.0.0.1/36325] INFO  http.HttpServer2 (HttpServer2.java:bindListener(1238)) - Jetty bound to port 43289
2021-03-15 13:35:34,748 [Listener at 127.0.0.1/36325] INFO  server.Server (Server.java:doStart(375)) - jetty-9.4.35.v20201120; built: 2020-11-20T21:17:03.964Z; git: bdc54f03a5e0a7e280fab27f55c3c75ee8da89fb; jvm 1.8.0_232-b09
2021-03-15 13:35:34,809 [Listener at 127.0.0.1/36325] INFO  server.session (DefaultSessionIdManager.java:doStart(334)) - DefaultSessionIdManager workerName=node0
2021-03-15 13:35:34,809 [Listener at 127.0.0.1/36325] INFO  server.session (DefaultSessionIdManager.java:doStart(339)) - No SessionScavenger set, using defaults
2021-03-15 13:35:34,810 [Listener at 127.0.0.1/36325] INFO  server.session (HouseKeeper.java:startScavenging(132)) - node0 Scavenging every 600000ms
2021-03-15 13:35:34,813 [Listener at 127.0.0.1/36325] INFO  handler.ContextHandler (ContextHandler.java:doStart(916)) - Started o.e.j.s.ServletContextHandler@2d7e6c8c{logs,/logs,file:///github/workspace/mnt/ozone/hadoop-ozone/integration-test/target/log,AVAILABLE}
2021-03-15 13:35:34,814 [Listener at 127.0.0.1/36325] INFO  handler.ContextHandler (ContextHandler.java:doStart(916)) - Started o.e.j.s.ServletContextHandler@ced7e4a{static,/static,jar:file:/home/user/.m2/repository/org/apache/hadoop/hadoop-hdds-container-service/1.1.0-SNAPSHOT/hadoop-hdds-container-service-1.1.0-SNAPSHOT.jar!/webapps/static,AVAILABLE}
2021-03-15 13:35:34,925 [Datanode State Machine Task Thread - 0] INFO  datanode.InitDatanodeState (InitDatanodeState.java:persistContainerDatanodeDetails(145)) - DatanodeDetails is persisted to /github/workspace/mnt/ozone/hadoop-ozone/integration-test/target/test-dir/MiniOzoneClusterImpl-12ebc720-05ee-4469-9130-5183c7181a17/datanode-0/meta/datanode.id
2021-03-15 13:35:34,952 [om1@group-C5BA1605619E-SegmentedRaftLogWorker] INFO  segmented.SegmentedRaftLogWorker (SegmentedRaftLogWorker.java:execute(599)) - om1@group-C5BA1605619E-SegmentedRaftLogWorker: created new log segment /github/workspace/mnt/ozone/hadoop-ozone/integration-test/target/test-dir/MiniOzoneClusterImpl-12ebc720-05ee-4469-9130-5183c7181a17/ozone-meta/ratis/bf265839-605b-3f16-9796-c5ba1605619e/current/log_inprogress_0
2021-03-15 13:35:35,094 [Listener at 127.0.0.1/36325] INFO  handler.ContextHandler (ContextHandler.java:doStart(916)) - Started o.e.j.w.WebAppContext@49a6503f{hddsDatanode,/,file:///tmp/jetty-0_0_0_0-43289-hadoop-hdds-container-service-1_1_0-SNAPSHOT_jar-_-any-566453489222994419/webapp/,AVAILABLE}{jar:file:/home/user/.m2/repository/org/apache/hadoop/hadoop-hdds-container-service/1.1.0-SNAPSHOT/hadoop-hdds-container-service-1.1.0-SNAPSHOT.jar!/webapps/hddsDatanode}
2021-03-15 13:35:35,095 [Listener at 127.0.0.1/36325] INFO  server.AbstractConnector (AbstractConnector.java:doStart(331)) - Started ServerConnector@21f41593{HTTP/1.1, (http/1.1)}{0.0.0.0:43289}
2021-03-15 13:35:35,095 [Listener at 127.0.0.1/36325] INFO  server.Server (Server.java:doStart(415)) - Started @7545ms
2021-03-15 13:35:35,096 [Listener at 127.0.0.1/36325] WARN  impl.MetricsSystemImpl (MetricsSystemImpl.java:register(279)) - Sink prometheus already exists!
2021-03-15 13:35:35,099 [Listener at 127.0.0.1/36325] INFO  http.BaseHttpServer (BaseHttpServer.java:updateConnectorAddress(327)) - HTTP server of hddsDatanode listening at http://0.0.0.0:43289
2021-03-15 13:35:35,102 [Listener at 127.0.0.1/36325] INFO  impl.MetricsSystemImpl (MetricsSystemImpl.java:init(158)) - HddsDatanode metrics system started (again)
2021-03-15 13:35:35,104 [Listener at 127.0.0.1/36325] INFO  ozone.HddsDatanodeService (HddsDatanodeService.java:start(217)) - HddsDatanodeService host:287f2862ff4e ip:172.17.0.2
2021-03-15 13:35:35,120 [org.apache.hadoop.util.JvmPauseMonitor$Monitor@31edebac] INFO  util.JvmPauseMonitor (JvmPauseMonitor.java:run(188)) - Starting JVM pause monitor
2021-03-15 13:35:35,122 [Listener at 127.0.0.1/36325] INFO  volume.HddsVolume (HddsVolume.java:<init>(176)) - Creating Volume: /github/workspace/mnt/ozone/hadoop-ozone/integration-test/target/test-dir/MiniOzoneClusterImpl-12ebc720-05ee-4469-9130-5183c7181a17/datanode-2/data-0/containers/hdds of storage type : DISK and capacity : 9223372036854775807
2021-03-15 13:35:35,127 [Listener at 127.0.0.1/36325] INFO  volume.MutableVolumeSet (MutableVolumeSet.java:initializeVolumeSet(179)) - Added Volume : /github/workspace/mnt/ozone/hadoop-ozone/integration-test/target/test-dir/MiniOzoneClusterImpl-12ebc720-05ee-4469-9130-5183c7181a17/datanode-2/data-0/containers/hdds to VolumeSet
2021-03-15 13:35:35,129 [Listener at 127.0.0.1/36325] INFO  volume.ThrottledAsyncChecker (ThrottledAsyncChecker.java:schedule(141)) - Scheduling a check for /github/workspace/mnt/ozone/hadoop-ozone/integration-test/target/test-dir/MiniOzoneClusterImpl-12ebc720-05ee-4469-9130-5183c7181a17/datanode-2/data-0/containers/hdds
2021-03-15 13:35:35,128 [Datanode State Machine Task Thread - 0] INFO  datanode.InitDatanodeState (InitDatanodeState.java:persistContainerDatanodeDetails(145)) - DatanodeDetails is persisted to /github/workspace/mnt/ozone/hadoop-ozone/integration-test/target/test-dir/MiniOzoneClusterImpl-12ebc720-05ee-4469-9130-5183c7181a17/datanode-1/meta/datanode.id
2021-03-15 13:35:35,137 [Listener at 127.0.0.1/36325] INFO  volume.HddsVolumeChecker (HddsVolumeChecker.java:checkAllVolumes(200)) - Scheduled health check for volume /github/workspace/mnt/ozone/hadoop-ozone/integration-test/target/test-dir/MiniOzoneClusterImpl-12ebc720-05ee-4469-9130-5183c7181a17/datanode-2/data-0/containers/hdds
2021-03-15 13:35:35,161 [Thread-155] INFO  ozoneimpl.ContainerReader (ContainerReader.java:readVolume(125)) - Start to verify containers on volume /github/workspace/mnt/ozone/hadoop-ozone/integration-test/target/test-dir/MiniOzoneClusterImpl-12ebc720-05ee-4469-9130-5183c7181a17/datanode-2/data-0/containers/hdds
2021-03-15 13:35:35,161 [Thread-155] INFO  ozoneimpl.ContainerReader (ContainerReader.java:readVolume(150)) - Finish verifying containers on volume /github/workspace/mnt/ozone/hadoop-ozone/integration-test/target/test-dir/MiniOzoneClusterImpl-12ebc720-05ee-4469-9130-5183c7181a17/datanode-2/data-0/containers/hdds
2021-03-15 13:35:35,161 [Listener at 127.0.0.1/36325] INFO  ozoneimpl.OzoneContainer (OzoneContainer.java:buildContainerSet(206)) - Build ContainerSet costs 0s
2021-03-15 13:35:35,165 [Listener at 127.0.0.1/36325] INFO  server.RaftServer (ConfUtils.java:logGet(44)) - raft.rpc.type = GRPC (default)
2021-03-15 13:35:35,165 [Listener at 127.0.0.1/36325] INFO  grpc.GrpcFactory (GrpcFactory.java:checkPooledByteBufAllocatorUseCacheForAllThreads(48)) - PERFORMANCE WARNING: useCacheForAllThreads is true that may cause Netty to create a lot garbage objects and, as a result, trigger GC.
	It is recommended to disable useCacheForAllThreads by setting -Dorg.apache.ratis.thirdparty.io.netty.allocator.useCacheForAllThreads=false in command line.
2021-03-15 13:35:35,166 [Listener at 127.0.0.1/36325] INFO  grpc.GrpcConfigKeys (ConfUtils.java:logGet(44)) - raft.grpc.admin.port = 0 (custom)
2021-03-15 13:35:35,166 [Listener at 127.0.0.1/36325] INFO  grpc.GrpcConfigKeys (ConfUtils.java:logGet(44)) - raft.grpc.client.port = 0 (custom)
2021-03-15 13:35:35,166 [Listener at 127.0.0.1/36325] INFO  grpc.GrpcConfigKeys (ConfUtils.java:logGet(44)) - raft.grpc.server.port = 0 (default)
2021-03-15 13:35:35,166 [Listener at 127.0.0.1/36325] INFO  server.GrpcService (ConfUtils.java:logGet(44)) - raft.grpc.message.size.max = 32MB (=33554432) (custom)
2021-03-15 13:35:35,167 [Listener at 127.0.0.1/36325] INFO  server.RaftServerConfigKeys (ConfUtils.java:logGet(44)) - raft.server.log.appender.buffer.byte-limit = 33554432 (custom)
2021-03-15 13:35:35,167 [Listener at 127.0.0.1/36325] INFO  server.GrpcService (ConfUtils.java:logGet(44)) - raft.grpc.flow.control.window = 5MB (=5242880) (custom)
2021-03-15 13:35:35,168 [Listener at 127.0.0.1/36325] INFO  server.RaftServerConfigKeys (ConfUtils.java:logGet(44)) - raft.server.rpc.request.timeout = 3000ms (default)
2021-03-15 13:35:35,169 [Listener at 127.0.0.1/36325] INFO  impl.DataStreamServerImpl (ConfUtils.java:logGet(44)) - raft.datastream.type = DISABLED (default)
2021-03-15 13:35:35,169 [Listener at 127.0.0.1/36325] INFO  server.RaftServerConfigKeys (ConfUtils.java:logGet(44)) - raft.server.rpc.slowness.timeout = 300000ms (custom)
2021-03-15 13:35:35,170 [Listener at 127.0.0.1/36325] INFO  server.RaftServerConfigKeys (ConfUtils.java:logGet(44)) - raft.server.leaderelection.leader.step-down.wait-time = 10s (default)
2021-03-15 13:35:35,170 [Listener at 127.0.0.1/36325] INFO  server.RaftServerConfigKeys (ConfUtils.java:logGet(44)) - raft.server.storage.dir = [/github/workspace/mnt/ozone/hadoop-ozone/integration-test/target/test-dir/MiniOzoneClusterImpl-12ebc720-05ee-4469-9130-5183c7181a17/datanode-2/data/ratis] (custom)
2021-03-15 13:35:35,176 [Listener at 127.0.0.1/36325] INFO  http.BaseHttpServer (BaseHttpServer.java:newHttpServer2BuilderForOzone(207)) - Starting Web-server for hddsDatanode at: http://0.0.0.0:0
2021-03-15 13:35:35,176 [Listener at 127.0.0.1/36325] INFO  http.BaseHttpServer (BaseHttpServer.java:<init>(106)) - Hadoop Security Enabled: false Ozone Security Enabled: false Ozone HTTP Security Enabled: false 
2021-03-15 13:35:35,178 [Listener at 127.0.0.1/36325] INFO  server.AuthenticationFilter (AuthenticationFilter.java:constructSecretProvider(240)) - Unable to initialize FileSignerSecretProvider, falling back to use random secrets.
2021-03-15 13:35:35,178 [Listener at 127.0.0.1/36325] WARN  http.HttpRequestLog (HttpRequestLog.java:getRequestLog(103)) - Jetty request log can only be enabled using Log4j
2021-03-15 13:35:35,179 [Listener at 127.0.0.1/36325] INFO  http.HttpServer2 (HttpServer2.java:addGlobalFilter(1020)) - Added global filter 'safety' (class=org.apache.hadoop.hdds.server.http.HttpServer2$QuotingInputFilter)
2021-03-15 13:35:35,180 [Listener at 127.0.0.1/36325] INFO  http.HttpServer2 (HttpServer2.java:addFilter(996)) - Added filter static_user_filter (class=org.apache.hadoop.http.lib.StaticUserWebFilter$StaticUserFilter) to context hddsDatanode
2021-03-15 13:35:35,180 [Listener at 127.0.0.1/36325] INFO  http.HttpServer2 (HttpServer2.java:addFilter(1004)) - Added filter static_user_filter (class=org.apache.hadoop.http.lib.StaticUserWebFilter$StaticUserFilter) to context static
2021-03-15 13:35:35,181 [Listener at 127.0.0.1/36325] INFO  http.HttpServer2 (HttpServer2.java:addFilter(1004)) - Added filter static_user_filter (class=org.apache.hadoop.http.lib.StaticUserWebFilter$StaticUserFilter) to context logs
2021-03-15 13:35:35,181 [Listener at 127.0.0.1/36325] INFO  http.HttpServer2 (HttpServer2.java:bindListener(1238)) - Jetty bound to port 46305
2021-03-15 13:35:35,181 [Listener at 127.0.0.1/36325] INFO  server.Server (Server.java:doStart(375)) - jetty-9.4.35.v20201120; built: 2020-11-20T21:17:03.964Z; git: bdc54f03a5e0a7e280fab27f55c3c75ee8da89fb; jvm 1.8.0_232-b09
2021-03-15 13:35:35,184 [Listener at 127.0.0.1/36325] INFO  server.session (DefaultSessionIdManager.java:doStart(334)) - DefaultSessionIdManager workerName=node0
2021-03-15 13:35:35,184 [Listener at 127.0.0.1/36325] INFO  server.session (DefaultSessionIdManager.java:doStart(339)) - No SessionScavenger set, using defaults
2021-03-15 13:35:35,185 [Listener at 127.0.0.1/36325] INFO  server.session (HouseKeeper.java:startScavenging(132)) - node0 Scavenging every 600000ms
2021-03-15 13:35:35,187 [Listener at 127.0.0.1/36325] INFO  handler.ContextHandler (ContextHandler.java:doStart(916)) - Started o.e.j.s.ServletContextHandler@74af4b0{logs,/logs,file:///github/workspace/mnt/ozone/hadoop-ozone/integration-test/target/log,AVAILABLE}
2021-03-15 13:35:35,187 [Listener at 127.0.0.1/36325] INFO  handler.ContextHandler (ContextHandler.java:doStart(916)) - Started o.e.j.s.ServletContextHandler@bf3aa52{static,/static,jar:file:/home/user/.m2/repository/org/apache/hadoop/hadoop-hdds-container-service/1.1.0-SNAPSHOT/hadoop-hdds-container-service-1.1.0-SNAPSHOT.jar!/webapps/static,AVAILABLE}
2021-03-15 13:35:35,356 [Listener at 127.0.0.1/36325] INFO  handler.ContextHandler (ContextHandler.java:doStart(916)) - Started o.e.j.w.WebAppContext@4d92e9da{hddsDatanode,/,file:///tmp/jetty-0_0_0_0-46305-hadoop-hdds-container-service-1_1_0-SNAPSHOT_jar-_-any-4691468175701908896/webapp/,AVAILABLE}{jar:file:/home/user/.m2/repository/org/apache/hadoop/hadoop-hdds-container-service/1.1.0-SNAPSHOT/hadoop-hdds-container-service-1.1.0-SNAPSHOT.jar!/webapps/hddsDatanode}
2021-03-15 13:35:35,357 [Listener at 127.0.0.1/36325] INFO  server.AbstractConnector (AbstractConnector.java:doStart(331)) - Started ServerConnector@60c8cc46{HTTP/1.1, (http/1.1)}{0.0.0.0:46305}
2021-03-15 13:35:35,357 [Listener at 127.0.0.1/36325] INFO  server.Server (Server.java:doStart(415)) - Started @7807ms
2021-03-15 13:35:35,358 [Listener at 127.0.0.1/36325] WARN  impl.MetricsSystemImpl (MetricsSystemImpl.java:register(279)) - Sink prometheus already exists!
2021-03-15 13:35:35,362 [Listener at 127.0.0.1/36325] INFO  http.BaseHttpServer (BaseHttpServer.java:updateConnectorAddress(327)) - HTTP server of hddsDatanode listening at http://0.0.0.0:46305
2021-03-15 13:35:35,363 [Listener at 127.0.0.1/36325] INFO  impl.MetricsSystemImpl (MetricsSystemImpl.java:init(158)) - HddsDatanode metrics system started (again)
2021-03-15 13:35:35,364 [Listener at 127.0.0.1/36325] INFO  ozone.HddsDatanodeService (HddsDatanodeService.java:start(217)) - HddsDatanodeService host:287f2862ff4e ip:172.17.0.2
2021-03-15 13:35:35,367 [Listener at 127.0.0.1/36325] INFO  volume.HddsVolume (HddsVolume.java:<init>(176)) - Creating Volume: /github/workspace/mnt/ozone/hadoop-ozone/integration-test/target/test-dir/MiniOzoneClusterImpl-12ebc720-05ee-4469-9130-5183c7181a17/datanode-3/data-0/containers/hdds of storage type : DISK and capacity : 9223372036854775807
2021-03-15 13:35:35,368 [Listener at 127.0.0.1/36325] INFO  volume.MutableVolumeSet (MutableVolumeSet.java:initializeVolumeSet(179)) - Added Volume : /github/workspace/mnt/ozone/hadoop-ozone/integration-test/target/test-dir/MiniOzoneClusterImpl-12ebc720-05ee-4469-9130-5183c7181a17/datanode-3/data-0/containers/hdds to VolumeSet
2021-03-15 13:35:35,368 [Listener at 127.0.0.1/36325] INFO  volume.ThrottledAsyncChecker (ThrottledAsyncChecker.java:schedule(141)) - Scheduling a check for /github/workspace/mnt/ozone/hadoop-ozone/integration-test/target/test-dir/MiniOzoneClusterImpl-12ebc720-05ee-4469-9130-5183c7181a17/datanode-3/data-0/containers/hdds
2021-03-15 13:35:35,372 [Listener at 127.0.0.1/36325] INFO  volume.HddsVolumeChecker (HddsVolumeChecker.java:checkAllVolumes(200)) - Scheduled health check for volume /github/workspace/mnt/ozone/hadoop-ozone/integration-test/target/test-dir/MiniOzoneClusterImpl-12ebc720-05ee-4469-9130-5183c7181a17/datanode-3/data-0/containers/hdds
2021-03-15 13:35:35,395 [org.apache.hadoop.util.JvmPauseMonitor$Monitor@127d262e] INFO  util.JvmPauseMonitor (JvmPauseMonitor.java:run(188)) - Starting JVM pause monitor
2021-03-15 13:35:35,399 [Datanode State Machine Task Thread - 0] INFO  datanode.InitDatanodeState (InitDatanodeState.java:persistContainerDatanodeDetails(145)) - DatanodeDetails is persisted to /github/workspace/mnt/ozone/hadoop-ozone/integration-test/target/test-dir/MiniOzoneClusterImpl-12ebc720-05ee-4469-9130-5183c7181a17/datanode-2/meta/datanode.id
2021-03-15 13:35:35,403 [Thread-166] INFO  ozoneimpl.ContainerReader (ContainerReader.java:readVolume(125)) - Start to verify containers on volume /github/workspace/mnt/ozone/hadoop-ozone/integration-test/target/test-dir/MiniOzoneClusterImpl-12ebc720-05ee-4469-9130-5183c7181a17/datanode-3/data-0/containers/hdds
2021-03-15 13:35:35,403 [Thread-166] INFO  ozoneimpl.ContainerReader (ContainerReader.java:readVolume(150)) - Finish verifying containers on volume /github/workspace/mnt/ozone/hadoop-ozone/integration-test/target/test-dir/MiniOzoneClusterImpl-12ebc720-05ee-4469-9130-5183c7181a17/datanode-3/data-0/containers/hdds
2021-03-15 13:35:35,403 [Listener at 127.0.0.1/36325] INFO  ozoneimpl.OzoneContainer (OzoneContainer.java:buildContainerSet(206)) - Build ContainerSet costs 0s
2021-03-15 13:35:35,407 [Listener at 127.0.0.1/36325] INFO  server.RaftServer (ConfUtils.java:logGet(44)) - raft.rpc.type = GRPC (default)
2021-03-15 13:35:35,407 [Listener at 127.0.0.1/36325] INFO  grpc.GrpcFactory (GrpcFactory.java:checkPooledByteBufAllocatorUseCacheForAllThreads(48)) - PERFORMANCE WARNING: useCacheForAllThreads is true that may cause Netty to create a lot garbage objects and, as a result, trigger GC.
	It is recommended to disable useCacheForAllThreads by setting -Dorg.apache.ratis.thirdparty.io.netty.allocator.useCacheForAllThreads=false in command line.
2021-03-15 13:35:35,407 [Listener at 127.0.0.1/36325] INFO  grpc.GrpcConfigKeys (ConfUtils.java:logGet(44)) - raft.grpc.admin.port = 0 (custom)
2021-03-15 13:35:35,407 [Listener at 127.0.0.1/36325] INFO  grpc.GrpcConfigKeys (ConfUtils.java:logGet(44)) - raft.grpc.client.port = 0 (custom)
2021-03-15 13:35:35,408 [Listener at 127.0.0.1/36325] INFO  grpc.GrpcConfigKeys (ConfUtils.java:logGet(44)) - raft.grpc.server.port = 0 (default)
2021-03-15 13:35:35,408 [Listener at 127.0.0.1/36325] INFO  server.GrpcService (ConfUtils.java:logGet(44)) - raft.grpc.message.size.max = 32MB (=33554432) (custom)
2021-03-15 13:35:35,408 [Listener at 127.0.0.1/36325] INFO  server.RaftServerConfigKeys (ConfUtils.java:logGet(44)) - raft.server.log.appender.buffer.byte-limit = 33554432 (custom)
2021-03-15 13:35:35,408 [Listener at 127.0.0.1/36325] INFO  server.GrpcService (ConfUtils.java:logGet(44)) - raft.grpc.flow.control.window = 5MB (=5242880) (custom)
2021-03-15 13:35:35,408 [Listener at 127.0.0.1/36325] INFO  server.RaftServerConfigKeys (ConfUtils.java:logGet(44)) - raft.server.rpc.request.timeout = 3000ms (default)
2021-03-15 13:35:35,411 [Listener at 127.0.0.1/36325] INFO  impl.DataStreamServerImpl (ConfUtils.java:logGet(44)) - raft.datastream.type = DISABLED (default)
2021-03-15 13:35:35,411 [Listener at 127.0.0.1/36325] INFO  server.RaftServerConfigKeys (ConfUtils.java:logGet(44)) - raft.server.rpc.slowness.timeout = 300000ms (custom)
2021-03-15 13:35:35,412 [Listener at 127.0.0.1/36325] INFO  server.RaftServerConfigKeys (ConfUtils.java:logGet(44)) - raft.server.leaderelection.leader.step-down.wait-time = 10s (default)
2021-03-15 13:35:35,412 [Listener at 127.0.0.1/36325] INFO  server.RaftServerConfigKeys (ConfUtils.java:logGet(44)) - raft.server.storage.dir = [/github/workspace/mnt/ozone/hadoop-ozone/integration-test/target/test-dir/MiniOzoneClusterImpl-12ebc720-05ee-4469-9130-5183c7181a17/datanode-3/data/ratis] (custom)
2021-03-15 13:35:35,433 [Listener at 127.0.0.1/36325] INFO  http.BaseHttpServer (BaseHttpServer.java:newHttpServer2BuilderForOzone(207)) - Starting Web-server for hddsDatanode at: http://0.0.0.0:0
2021-03-15 13:35:35,433 [Listener at 127.0.0.1/36325] INFO  http.BaseHttpServer (BaseHttpServer.java:<init>(106)) - Hadoop Security Enabled: false Ozone Security Enabled: false Ozone HTTP Security Enabled: false 
2021-03-15 13:35:35,436 [Listener at 127.0.0.1/36325] INFO  server.AuthenticationFilter (AuthenticationFilter.java:constructSecretProvider(240)) - Unable to initialize FileSignerSecretProvider, falling back to use random secrets.
2021-03-15 13:35:35,437 [Listener at 127.0.0.1/36325] WARN  http.HttpRequestLog (HttpRequestLog.java:getRequestLog(103)) - Jetty request log can only be enabled using Log4j
2021-03-15 13:35:35,438 [Listener at 127.0.0.1/36325] INFO  http.HttpServer2 (HttpServer2.java:addGlobalFilter(1020)) - Added global filter 'safety' (class=org.apache.hadoop.hdds.server.http.HttpServer2$QuotingInputFilter)
2021-03-15 13:35:35,439 [Listener at 127.0.0.1/36325] INFO  http.HttpServer2 (HttpServer2.java:addFilter(996)) - Added filter static_user_filter (class=org.apache.hadoop.http.lib.StaticUserWebFilter$StaticUserFilter) to context hddsDatanode
2021-03-15 13:35:35,439 [Listener at 127.0.0.1/36325] INFO  http.HttpServer2 (HttpServer2.java:addFilter(1004)) - Added filter static_user_filter (class=org.apache.hadoop.http.lib.StaticUserWebFilter$StaticUserFilter) to context logs
2021-03-15 13:35:35,439 [Listener at 127.0.0.1/36325] INFO  http.HttpServer2 (HttpServer2.java:addFilter(1004)) - Added filter static_user_filter (class=org.apache.hadoop.http.lib.StaticUserWebFilter$StaticUserFilter) to context static
2021-03-15 13:35:35,440 [Listener at 127.0.0.1/36325] INFO  http.HttpServer2 (HttpServer2.java:bindListener(1238)) - Jetty bound to port 38925
2021-03-15 13:35:35,440 [Listener at 127.0.0.1/36325] INFO  server.Server (Server.java:doStart(375)) - jetty-9.4.35.v20201120; built: 2020-11-20T21:17:03.964Z; git: bdc54f03a5e0a7e280fab27f55c3c75ee8da89fb; jvm 1.8.0_232-b09
2021-03-15 13:35:35,443 [Listener at 127.0.0.1/36325] INFO  server.session (DefaultSessionIdManager.java:doStart(334)) - DefaultSessionIdManager workerName=node0
2021-03-15 13:35:35,443 [Listener at 127.0.0.1/36325] INFO  server.session (DefaultSessionIdManager.java:doStart(339)) - No SessionScavenger set, using defaults
2021-03-15 13:35:35,443 [Listener at 127.0.0.1/36325] INFO  server.session (HouseKeeper.java:startScavenging(132)) - node0 Scavenging every 600000ms
2021-03-15 13:35:35,444 [Listener at 127.0.0.1/36325] INFO  handler.ContextHandler (ContextHandler.java:doStart(916)) - Started o.e.j.s.ServletContextHandler@fed510f{logs,/logs,file:///github/workspace/mnt/ozone/hadoop-ozone/integration-test/target/log,AVAILABLE}
2021-03-15 13:35:35,445 [Listener at 127.0.0.1/36325] INFO  handler.ContextHandler (ContextHandler.java:doStart(916)) - Started o.e.j.s.ServletContextHandler@431bf770{static,/static,jar:file:/home/user/.m2/repository/org/apache/hadoop/hadoop-hdds-container-service/1.1.0-SNAPSHOT/hadoop-hdds-container-service-1.1.0-SNAPSHOT.jar!/webapps/static,AVAILABLE}
2021-03-15 13:35:35,616 [Listener at 127.0.0.1/36325] INFO  handler.ContextHandler (ContextHandler.java:doStart(916)) - Started o.e.j.w.WebAppContext@7f36b021{hddsDatanode,/,file:///tmp/jetty-0_0_0_0-38925-hadoop-hdds-container-service-1_1_0-SNAPSHOT_jar-_-any-7753470512155682139/webapp/,AVAILABLE}{jar:file:/home/user/.m2/repository/org/apache/hadoop/hadoop-hdds-container-service/1.1.0-SNAPSHOT/hadoop-hdds-container-service-1.1.0-SNAPSHOT.jar!/webapps/hddsDatanode}
2021-03-15 13:35:35,618 [Listener at 127.0.0.1/36325] INFO  server.AbstractConnector (AbstractConnector.java:doStart(331)) - Started ServerConnector@2fd2a6a4{HTTP/1.1, (http/1.1)}{0.0.0.0:38925}
2021-03-15 13:35:35,618 [Listener at 127.0.0.1/36325] INFO  server.Server (Server.java:doStart(415)) - Started @8068ms
2021-03-15 13:35:35,618 [Listener at 127.0.0.1/36325] WARN  impl.MetricsSystemImpl (MetricsSystemImpl.java:register(279)) - Sink prometheus already exists!
2021-03-15 13:35:35,694 [Listener at 127.0.0.1/36325] INFO  http.BaseHttpServer (BaseHttpServer.java:updateConnectorAddress(327)) - HTTP server of hddsDatanode listening at http://0.0.0.0:38925
2021-03-15 13:35:35,695 [Listener at 127.0.0.1/36325] INFO  impl.MetricsSystemImpl (MetricsSystemImpl.java:init(158)) - HddsDatanode metrics system started (again)
2021-03-15 13:35:35,705 [org.apache.hadoop.util.JvmPauseMonitor$Monitor@45fed6f5] INFO  util.JvmPauseMonitor (JvmPauseMonitor.java:run(188)) - Starting JVM pause monitor
2021-03-15 13:35:35,706 [Listener at 127.0.0.1/36325] INFO  ozone.HddsDatanodeService (HddsDatanodeService.java:start(217)) - HddsDatanodeService host:287f2862ff4e ip:172.17.0.2
2021-03-15 13:35:35,710 [Listener at 127.0.0.1/36325] INFO  volume.HddsVolume (HddsVolume.java:<init>(176)) - Creating Volume: /github/workspace/mnt/ozone/hadoop-ozone/integration-test/target/test-dir/MiniOzoneClusterImpl-12ebc720-05ee-4469-9130-5183c7181a17/datanode-4/data-0/containers/hdds of storage type : DISK and capacity : 9223372036854775807
2021-03-15 13:35:35,710 [Listener at 127.0.0.1/36325] INFO  volume.MutableVolumeSet (MutableVolumeSet.java:initializeVolumeSet(179)) - Added Volume : /github/workspace/mnt/ozone/hadoop-ozone/integration-test/target/test-dir/MiniOzoneClusterImpl-12ebc720-05ee-4469-9130-5183c7181a17/datanode-4/data-0/containers/hdds to VolumeSet
2021-03-15 13:35:35,710 [Listener at 127.0.0.1/36325] INFO  volume.ThrottledAsyncChecker (ThrottledAsyncChecker.java:schedule(141)) - Scheduling a check for /github/workspace/mnt/ozone/hadoop-ozone/integration-test/target/test-dir/MiniOzoneClusterImpl-12ebc720-05ee-4469-9130-5183c7181a17/datanode-4/data-0/containers/hdds
2021-03-15 13:35:35,713 [Datanode State Machine Task Thread - 0] INFO  datanode.InitDatanodeState (InitDatanodeState.java:persistContainerDatanodeDetails(145)) - DatanodeDetails is persisted to /github/workspace/mnt/ozone/hadoop-ozone/integration-test/target/test-dir/MiniOzoneClusterImpl-12ebc720-05ee-4469-9130-5183c7181a17/datanode-3/meta/datanode.id
2021-03-15 13:35:35,714 [Listener at 127.0.0.1/36325] INFO  volume.HddsVolumeChecker (HddsVolumeChecker.java:checkAllVolumes(200)) - Scheduled health check for volume /github/workspace/mnt/ozone/hadoop-ozone/integration-test/target/test-dir/MiniOzoneClusterImpl-12ebc720-05ee-4469-9130-5183c7181a17/datanode-4/data-0/containers/hdds
2021-03-15 13:35:35,728 [Thread-177] INFO  ozoneimpl.ContainerReader (ContainerReader.java:readVolume(125)) - Start to verify containers on volume /github/workspace/mnt/ozone/hadoop-ozone/integration-test/target/test-dir/MiniOzoneClusterImpl-12ebc720-05ee-4469-9130-5183c7181a17/datanode-4/data-0/containers/hdds
2021-03-15 13:35:35,728 [Thread-177] INFO  ozoneimpl.ContainerReader (ContainerReader.java:readVolume(150)) - Finish verifying containers on volume /github/workspace/mnt/ozone/hadoop-ozone/integration-test/target/test-dir/MiniOzoneClusterImpl-12ebc720-05ee-4469-9130-5183c7181a17/datanode-4/data-0/containers/hdds
2021-03-15 13:35:35,728 [Listener at 127.0.0.1/36325] INFO  ozoneimpl.OzoneContainer (OzoneContainer.java:buildContainerSet(206)) - Build ContainerSet costs 0s
2021-03-15 13:35:35,732 [Listener at 127.0.0.1/36325] INFO  server.RaftServer (ConfUtils.java:logGet(44)) - raft.rpc.type = GRPC (default)
2021-03-15 13:35:35,732 [Listener at 127.0.0.1/36325] INFO  grpc.GrpcFactory (GrpcFactory.java:checkPooledByteBufAllocatorUseCacheForAllThreads(48)) - PERFORMANCE WARNING: useCacheForAllThreads is true that may cause Netty to create a lot garbage objects and, as a result, trigger GC.
	It is recommended to disable useCacheForAllThreads by setting -Dorg.apache.ratis.thirdparty.io.netty.allocator.useCacheForAllThreads=false in command line.
2021-03-15 13:35:35,733 [Listener at 127.0.0.1/36325] INFO  grpc.GrpcConfigKeys (ConfUtils.java:logGet(44)) - raft.grpc.admin.port = 0 (custom)
2021-03-15 13:35:35,733 [Listener at 127.0.0.1/36325] INFO  grpc.GrpcConfigKeys (ConfUtils.java:logGet(44)) - raft.grpc.client.port = 0 (custom)
2021-03-15 13:35:35,733 [Listener at 127.0.0.1/36325] INFO  grpc.GrpcConfigKeys (ConfUtils.java:logGet(44)) - raft.grpc.server.port = 0 (default)
2021-03-15 13:35:35,733 [Listener at 127.0.0.1/36325] INFO  server.GrpcService (ConfUtils.java:logGet(44)) - raft.grpc.message.size.max = 32MB (=33554432) (custom)
2021-03-15 13:35:35,734 [Listener at 127.0.0.1/36325] INFO  server.RaftServerConfigKeys (ConfUtils.java:logGet(44)) - raft.server.log.appender.buffer.byte-limit = 33554432 (custom)
2021-03-15 13:35:35,734 [Listener at 127.0.0.1/36325] INFO  server.GrpcService (ConfUtils.java:logGet(44)) - raft.grpc.flow.control.window = 5MB (=5242880) (custom)
2021-03-15 13:35:35,734 [Listener at 127.0.0.1/36325] INFO  server.RaftServerConfigKeys (ConfUtils.java:logGet(44)) - raft.server.rpc.request.timeout = 3000ms (default)
2021-03-15 13:35:35,735 [Listener at 127.0.0.1/36325] INFO  impl.DataStreamServerImpl (ConfUtils.java:logGet(44)) - raft.datastream.type = DISABLED (default)
2021-03-15 13:35:35,736 [Listener at 127.0.0.1/36325] INFO  server.RaftServerConfigKeys (ConfUtils.java:logGet(44)) - raft.server.rpc.slowness.timeout = 300000ms (custom)
2021-03-15 13:35:35,736 [Listener at 127.0.0.1/36325] INFO  server.RaftServerConfigKeys (ConfUtils.java:logGet(44)) - raft.server.leaderelection.leader.step-down.wait-time = 10s (default)
2021-03-15 13:35:35,736 [Listener at 127.0.0.1/36325] INFO  server.RaftServerConfigKeys (ConfUtils.java:logGet(44)) - raft.server.storage.dir = [/github/workspace/mnt/ozone/hadoop-ozone/integration-test/target/test-dir/MiniOzoneClusterImpl-12ebc720-05ee-4469-9130-5183c7181a17/datanode-4/data/ratis] (custom)
2021-03-15 13:35:35,742 [Listener at 127.0.0.1/36325] INFO  http.BaseHttpServer (BaseHttpServer.java:newHttpServer2BuilderForOzone(207)) - Starting Web-server for hddsDatanode at: http://0.0.0.0:0
2021-03-15 13:35:35,742 [Listener at 127.0.0.1/36325] INFO  http.BaseHttpServer (BaseHttpServer.java:<init>(106)) - Hadoop Security Enabled: false Ozone Security Enabled: false Ozone HTTP Security Enabled: false 
2021-03-15 13:35:35,744 [Listener at 127.0.0.1/36325] INFO  server.AuthenticationFilter (AuthenticationFilter.java:constructSecretProvider(240)) - Unable to initialize FileSignerSecretProvider, falling back to use random secrets.
2021-03-15 13:35:35,744 [Listener at 127.0.0.1/36325] WARN  http.HttpRequestLog (HttpRequestLog.java:getRequestLog(103)) - Jetty request log can only be enabled using Log4j
2021-03-15 13:35:35,745 [Listener at 127.0.0.1/36325] INFO  http.HttpServer2 (HttpServer2.java:addGlobalFilter(1020)) - Added global filter 'safety' (class=org.apache.hadoop.hdds.server.http.HttpServer2$QuotingInputFilter)
2021-03-15 13:35:35,746 [Listener at 127.0.0.1/36325] INFO  http.HttpServer2 (HttpServer2.java:addFilter(996)) - Added filter static_user_filter (class=org.apache.hadoop.http.lib.StaticUserWebFilter$StaticUserFilter) to context hddsDatanode
2021-03-15 13:35:35,747 [Listener at 127.0.0.1/36325] INFO  http.HttpServer2 (HttpServer2.java:addFilter(1004)) - Added filter static_user_filter (class=org.apache.hadoop.http.lib.StaticUserWebFilter$StaticUserFilter) to context static
2021-03-15 13:35:35,747 [Listener at 127.0.0.1/36325] INFO  http.HttpServer2 (HttpServer2.java:addFilter(1004)) - Added filter static_user_filter (class=org.apache.hadoop.http.lib.StaticUserWebFilter$StaticUserFilter) to context logs
2021-03-15 13:35:35,748 [Listener at 127.0.0.1/36325] INFO  http.HttpServer2 (HttpServer2.java:bindListener(1238)) - Jetty bound to port 39221
2021-03-15 13:35:35,748 [Listener at 127.0.0.1/36325] INFO  server.Server (Server.java:doStart(375)) - jetty-9.4.35.v20201120; built: 2020-11-20T21:17:03.964Z; git: bdc54f03a5e0a7e280fab27f55c3c75ee8da89fb; jvm 1.8.0_232-b09
2021-03-15 13:35:35,754 [Listener at 127.0.0.1/36325] INFO  server.session (DefaultSessionIdManager.java:doStart(334)) - DefaultSessionIdManager workerName=node0
2021-03-15 13:35:35,754 [Listener at 127.0.0.1/36325] INFO  server.session (DefaultSessionIdManager.java:doStart(339)) - No SessionScavenger set, using defaults
2021-03-15 13:35:35,754 [Listener at 127.0.0.1/36325] INFO  server.session (HouseKeeper.java:startScavenging(132)) - node0 Scavenging every 660000ms
2021-03-15 13:35:35,755 [Listener at 127.0.0.1/36325] INFO  handler.ContextHandler (ContextHandler.java:doStart(916)) - Started o.e.j.s.ServletContextHandler@b6a5cf5{logs,/logs,file:///github/workspace/mnt/ozone/hadoop-ozone/integration-test/target/log,AVAILABLE}
2021-03-15 13:35:35,756 [Listener at 127.0.0.1/36325] INFO  handler.ContextHandler (ContextHandler.java:doStart(916)) - Started o.e.j.s.ServletContextHandler@5aac9d67{static,/static,jar:file:/home/user/.m2/repository/org/apache/hadoop/hadoop-hdds-container-service/1.1.0-SNAPSHOT/hadoop-hdds-container-service-1.1.0-SNAPSHOT.jar!/webapps/static,AVAILABLE}
2021-03-15 13:35:35,926 [Listener at 127.0.0.1/36325] INFO  handler.ContextHandler (ContextHandler.java:doStart(916)) - Started o.e.j.w.WebAppContext@685dceb8{hddsDatanode,/,file:///tmp/jetty-0_0_0_0-39221-hadoop-hdds-container-service-1_1_0-SNAPSHOT_jar-_-any-8511407939767768794/webapp/,AVAILABLE}{jar:file:/home/user/.m2/repository/org/apache/hadoop/hadoop-hdds-container-service/1.1.0-SNAPSHOT/hadoop-hdds-container-service-1.1.0-SNAPSHOT.jar!/webapps/hddsDatanode}
2021-03-15 13:35:35,928 [Listener at 127.0.0.1/36325] INFO  server.AbstractConnector (AbstractConnector.java:doStart(331)) - Started ServerConnector@655e024{HTTP/1.1, (http/1.1)}{0.0.0.0:39221}
2021-03-15 13:35:35,928 [Listener at 127.0.0.1/36325] INFO  server.Server (Server.java:doStart(415)) - Started @8378ms
2021-03-15 13:35:35,928 [Listener at 127.0.0.1/36325] WARN  impl.MetricsSystemImpl (MetricsSystemImpl.java:register(279)) - Sink prometheus already exists!
2021-03-15 13:35:35,931 [Listener at 127.0.0.1/36325] INFO  http.BaseHttpServer (BaseHttpServer.java:updateConnectorAddress(327)) - HTTP server of hddsDatanode listening at http://0.0.0.0:39221
2021-03-15 13:35:35,933 [Listener at 127.0.0.1/36325] INFO  impl.MetricsSystemImpl (MetricsSystemImpl.java:init(158)) - HddsDatanode metrics system started (again)
2021-03-15 13:35:35,936 [Listener at 127.0.0.1/36325] INFO  ozone.HddsDatanodeService (HddsDatanodeService.java:start(217)) - HddsDatanodeService host:287f2862ff4e ip:172.17.0.2
2021-03-15 13:35:35,943 [org.apache.hadoop.util.JvmPauseMonitor$Monitor@51b4f006] INFO  util.JvmPauseMonitor (JvmPauseMonitor.java:run(188)) - Starting JVM pause monitor
2021-03-15 13:35:35,944 [Listener at 127.0.0.1/36325] INFO  volume.HddsVolume (HddsVolume.java:<init>(176)) - Creating Volume: /github/workspace/mnt/ozone/hadoop-ozone/integration-test/target/test-dir/MiniOzoneClusterImpl-12ebc720-05ee-4469-9130-5183c7181a17/datanode-5/data-0/containers/hdds of storage type : DISK and capacity : 9223372036854775807
2021-03-15 13:35:35,944 [Listener at 127.0.0.1/36325] INFO  volume.MutableVolumeSet (MutableVolumeSet.java:initializeVolumeSet(179)) - Added Volume : /github/workspace/mnt/ozone/hadoop-ozone/integration-test/target/test-dir/MiniOzoneClusterImpl-12ebc720-05ee-4469-9130-5183c7181a17/datanode-5/data-0/containers/hdds to VolumeSet
2021-03-15 13:35:35,944 [Listener at 127.0.0.1/36325] INFO  volume.ThrottledAsyncChecker (ThrottledAsyncChecker.java:schedule(141)) - Scheduling a check for /github/workspace/mnt/ozone/hadoop-ozone/integration-test/target/test-dir/MiniOzoneClusterImpl-12ebc720-05ee-4469-9130-5183c7181a17/datanode-5/data-0/containers/hdds
2021-03-15 13:35:35,946 [Datanode State Machine Task Thread - 0] INFO  datanode.InitDatanodeState (InitDatanodeState.java:persistContainerDatanodeDetails(145)) - DatanodeDetails is persisted to /github/workspace/mnt/ozone/hadoop-ozone/integration-test/target/test-dir/MiniOzoneClusterImpl-12ebc720-05ee-4469-9130-5183c7181a17/datanode-4/meta/datanode.id
2021-03-15 13:35:35,947 [Listener at 127.0.0.1/36325] INFO  volume.HddsVolumeChecker (HddsVolumeChecker.java:checkAllVolumes(200)) - Scheduled health check for volume /github/workspace/mnt/ozone/hadoop-ozone/integration-test/target/test-dir/MiniOzoneClusterImpl-12ebc720-05ee-4469-9130-5183c7181a17/datanode-5/data-0/containers/hdds
2021-03-15 13:35:35,963 [Thread-188] INFO  ozoneimpl.ContainerReader (ContainerReader.java:readVolume(125)) - Start to verify containers on volume /github/workspace/mnt/ozone/hadoop-ozone/integration-test/target/test-dir/MiniOzoneClusterImpl-12ebc720-05ee-4469-9130-5183c7181a17/datanode-5/data-0/containers/hdds
2021-03-15 13:35:35,963 [Thread-188] INFO  ozoneimpl.ContainerReader (ContainerReader.java:readVolume(150)) - Finish verifying containers on volume /github/workspace/mnt/ozone/hadoop-ozone/integration-test/target/test-dir/MiniOzoneClusterImpl-12ebc720-05ee-4469-9130-5183c7181a17/datanode-5/data-0/containers/hdds
2021-03-15 13:35:35,964 [Listener at 127.0.0.1/36325] INFO  ozoneimpl.OzoneContainer (OzoneContainer.java:buildContainerSet(206)) - Build ContainerSet costs 0s
2021-03-15 13:35:35,968 [Listener at 127.0.0.1/36325] INFO  server.RaftServer (ConfUtils.java:logGet(44)) - raft.rpc.type = GRPC (default)
2021-03-15 13:35:35,968 [Listener at 127.0.0.1/36325] INFO  grpc.GrpcFactory (GrpcFactory.java:checkPooledByteBufAllocatorUseCacheForAllThreads(48)) - PERFORMANCE WARNING: useCacheForAllThreads is true that may cause Netty to create a lot garbage objects and, as a result, trigger GC.
	It is recommended to disable useCacheForAllThreads by setting -Dorg.apache.ratis.thirdparty.io.netty.allocator.useCacheForAllThreads=false in command line.
2021-03-15 13:35:35,968 [Listener at 127.0.0.1/36325] INFO  grpc.GrpcConfigKeys (ConfUtils.java:logGet(44)) - raft.grpc.admin.port = 0 (custom)
2021-03-15 13:35:35,968 [Listener at 127.0.0.1/36325] INFO  grpc.GrpcConfigKeys (ConfUtils.java:logGet(44)) - raft.grpc.client.port = 0 (custom)
2021-03-15 13:35:35,969 [Listener at 127.0.0.1/36325] INFO  grpc.GrpcConfigKeys (ConfUtils.java:logGet(44)) - raft.grpc.server.port = 0 (default)
2021-03-15 13:35:35,969 [Listener at 127.0.0.1/36325] INFO  server.GrpcService (ConfUtils.java:logGet(44)) - raft.grpc.message.size.max = 32MB (=33554432) (custom)
2021-03-15 13:35:35,969 [Listener at 127.0.0.1/36325] INFO  server.RaftServerConfigKeys (ConfUtils.java:logGet(44)) - raft.server.log.appender.buffer.byte-limit = 33554432 (custom)
2021-03-15 13:35:35,969 [Listener at 127.0.0.1/36325] INFO  server.GrpcService (ConfUtils.java:logGet(44)) - raft.grpc.flow.control.window = 5MB (=5242880) (custom)
2021-03-15 13:35:35,969 [Listener at 127.0.0.1/36325] INFO  server.RaftServerConfigKeys (ConfUtils.java:logGet(44)) - raft.server.rpc.request.timeout = 3000ms (default)
2021-03-15 13:35:35,971 [Listener at 127.0.0.1/36325] INFO  impl.DataStreamServerImpl (ConfUtils.java:logGet(44)) - raft.datastream.type = DISABLED (default)
2021-03-15 13:35:35,971 [Listener at 127.0.0.1/36325] INFO  server.RaftServerConfigKeys (ConfUtils.java:logGet(44)) - raft.server.rpc.slowness.timeout = 300000ms (custom)
2021-03-15 13:35:35,971 [Listener at 127.0.0.1/36325] INFO  server.RaftServerConfigKeys (ConfUtils.java:logGet(44)) - raft.server.leaderelection.leader.step-down.wait-time = 10s (default)
2021-03-15 13:35:35,971 [Listener at 127.0.0.1/36325] INFO  server.RaftServerConfigKeys (ConfUtils.java:logGet(44)) - raft.server.storage.dir = [/github/workspace/mnt/ozone/hadoop-ozone/integration-test/target/test-dir/MiniOzoneClusterImpl-12ebc720-05ee-4469-9130-5183c7181a17/datanode-5/data/ratis] (custom)
2021-03-15 13:35:35,979 [Listener at 127.0.0.1/36325] INFO  http.BaseHttpServer (BaseHttpServer.java:newHttpServer2BuilderForOzone(207)) - Starting Web-server for hddsDatanode at: http://0.0.0.0:0
2021-03-15 13:35:35,979 [Listener at 127.0.0.1/36325] INFO  http.BaseHttpServer (BaseHttpServer.java:<init>(106)) - Hadoop Security Enabled: false Ozone Security Enabled: false Ozone HTTP Security Enabled: false 
2021-03-15 13:35:35,980 [Listener at 127.0.0.1/36325] INFO  server.AuthenticationFilter (AuthenticationFilter.java:constructSecretProvider(240)) - Unable to initialize FileSignerSecretProvider, falling back to use random secrets.
2021-03-15 13:35:35,981 [Listener at 127.0.0.1/36325] WARN  http.HttpRequestLog (HttpRequestLog.java:getRequestLog(103)) - Jetty request log can only be enabled using Log4j
2021-03-15 13:35:35,983 [Listener at 127.0.0.1/36325] INFO  http.HttpServer2 (HttpServer2.java:addGlobalFilter(1020)) - Added global filter 'safety' (class=org.apache.hadoop.hdds.server.http.HttpServer2$QuotingInputFilter)
2021-03-15 13:35:35,984 [Listener at 127.0.0.1/36325] INFO  http.HttpServer2 (HttpServer2.java:addFilter(996)) - Added filter static_user_filter (class=org.apache.hadoop.http.lib.StaticUserWebFilter$StaticUserFilter) to context hddsDatanode
2021-03-15 13:35:35,984 [Listener at 127.0.0.1/36325] INFO  http.HttpServer2 (HttpServer2.java:addFilter(1004)) - Added filter static_user_filter (class=org.apache.hadoop.http.lib.StaticUserWebFilter$StaticUserFilter) to context static
2021-03-15 13:35:35,984 [Listener at 127.0.0.1/36325] INFO  http.HttpServer2 (HttpServer2.java:addFilter(1004)) - Added filter static_user_filter (class=org.apache.hadoop.http.lib.StaticUserWebFilter$StaticUserFilter) to context logs
2021-03-15 13:35:35,985 [Listener at 127.0.0.1/36325] INFO  http.HttpServer2 (HttpServer2.java:bindListener(1238)) - Jetty bound to port 43345
2021-03-15 13:35:35,985 [Listener at 127.0.0.1/36325] INFO  server.Server (Server.java:doStart(375)) - jetty-9.4.35.v20201120; built: 2020-11-20T21:17:03.964Z; git: bdc54f03a5e0a7e280fab27f55c3c75ee8da89fb; jvm 1.8.0_232-b09
2021-03-15 13:35:35,987 [Listener at 127.0.0.1/36325] INFO  server.session (DefaultSessionIdManager.java:doStart(334)) - DefaultSessionIdManager workerName=node0
2021-03-15 13:35:35,987 [Listener at 127.0.0.1/36325] INFO  server.session (DefaultSessionIdManager.java:doStart(339)) - No SessionScavenger set, using defaults
2021-03-15 13:35:35,987 [Listener at 127.0.0.1/36325] INFO  server.session (HouseKeeper.java:startScavenging(132)) - node0 Scavenging every 600000ms
2021-03-15 13:35:35,988 [Listener at 127.0.0.1/36325] INFO  handler.ContextHandler (ContextHandler.java:doStart(916)) - Started o.e.j.s.ServletContextHandler@453ff774{logs,/logs,file:///github/workspace/mnt/ozone/hadoop-ozone/integration-test/target/log,AVAILABLE}
2021-03-15 13:35:35,988 [Listener at 127.0.0.1/36325] INFO  handler.ContextHandler (ContextHandler.java:doStart(916)) - Started o.e.j.s.ServletContextHandler@7fda0e30{static,/static,jar:file:/home/user/.m2/repository/org/apache/hadoop/hadoop-hdds-container-service/1.1.0-SNAPSHOT/hadoop-hdds-container-service-1.1.0-SNAPSHOT.jar!/webapps/static,AVAILABLE}
2021-03-15 13:35:36,159 [Listener at 127.0.0.1/36325] INFO  handler.ContextHandler (ContextHandler.java:doStart(916)) - Started o.e.j.w.WebAppContext@3e8cf854{hddsDatanode,/,file:///tmp/jetty-0_0_0_0-43345-hadoop-hdds-container-service-1_1_0-SNAPSHOT_jar-_-any-705327260534989532/webapp/,AVAILABLE}{jar:file:/home/user/.m2/repository/org/apache/hadoop/hadoop-hdds-container-service/1.1.0-SNAPSHOT/hadoop-hdds-container-service-1.1.0-SNAPSHOT.jar!/webapps/hddsDatanode}
2021-03-15 13:35:36,161 [Listener at 127.0.0.1/36325] INFO  server.AbstractConnector (AbstractConnector.java:doStart(331)) - Started ServerConnector@c9a8e12{HTTP/1.1, (http/1.1)}{0.0.0.0:43345}
2021-03-15 13:35:36,161 [Listener at 127.0.0.1/36325] INFO  server.Server (Server.java:doStart(415)) - Started @8611ms
2021-03-15 13:35:36,162 [Listener at 127.0.0.1/36325] WARN  impl.MetricsSystemImpl (MetricsSystemImpl.java:register(279)) - Sink prometheus already exists!
2021-03-15 13:35:36,165 [Listener at 127.0.0.1/36325] INFO  http.BaseHttpServer (BaseHttpServer.java:updateConnectorAddress(327)) - HTTP server of hddsDatanode listening at http://0.0.0.0:43345
2021-03-15 13:35:36,166 [Listener at 127.0.0.1/36325] INFO  impl.MetricsSystemImpl (MetricsSystemImpl.java:init(158)) - HddsDatanode metrics system started (again)
2021-03-15 13:35:36,168 [Listener at 127.0.0.1/36325] INFO  ozone.HddsDatanodeService (HddsDatanodeService.java:start(217)) - HddsDatanodeService host:287f2862ff4e ip:172.17.0.2
2021-03-15 13:35:36,171 [Listener at 127.0.0.1/36325] INFO  volume.HddsVolume (HddsVolume.java:<init>(176)) - Creating Volume: /github/workspace/mnt/ozone/hadoop-ozone/integration-test/target/test-dir/MiniOzoneClusterImpl-12ebc720-05ee-4469-9130-5183c7181a17/datanode-6/data-0/containers/hdds of storage type : DISK and capacity : 9223372036854775807
2021-03-15 13:35:36,171 [Listener at 127.0.0.1/36325] INFO  volume.MutableVolumeSet (MutableVolumeSet.java:initializeVolumeSet(179)) - Added Volume : /github/workspace/mnt/ozone/hadoop-ozone/integration-test/target/test-dir/MiniOzoneClusterImpl-12ebc720-05ee-4469-9130-5183c7181a17/datanode-6/data-0/containers/hdds to VolumeSet
2021-03-15 13:35:36,171 [Listener at 127.0.0.1/36325] INFO  volume.ThrottledAsyncChecker (ThrottledAsyncChecker.java:schedule(141)) - Scheduling a check for /github/workspace/mnt/ozone/hadoop-ozone/integration-test/target/test-dir/MiniOzoneClusterImpl-12ebc720-05ee-4469-9130-5183c7181a17/datanode-6/data-0/containers/hdds
2021-03-15 13:35:36,174 [Listener at 127.0.0.1/36325] INFO  volume.HddsVolumeChecker (HddsVolumeChecker.java:checkAllVolumes(200)) - Scheduled health check for volume /github/workspace/mnt/ozone/hadoop-ozone/integration-test/target/test-dir/MiniOzoneClusterImpl-12ebc720-05ee-4469-9130-5183c7181a17/datanode-6/data-0/containers/hdds
2021-03-15 13:35:36,193 [Thread-197] INFO  ozoneimpl.ContainerReader (ContainerReader.java:readVolume(125)) - Start to verify containers on volume /github/workspace/mnt/ozone/hadoop-ozone/integration-test/target/test-dir/MiniOzoneClusterImpl-12ebc720-05ee-4469-9130-5183c7181a17/datanode-6/data-0/containers/hdds
2021-03-15 13:35:36,193 [Thread-197] INFO  ozoneimpl.ContainerReader (ContainerReader.java:readVolume(150)) - Finish verifying containers on volume /github/workspace/mnt/ozone/hadoop-ozone/integration-test/target/test-dir/MiniOzoneClusterImpl-12ebc720-05ee-4469-9130-5183c7181a17/datanode-6/data-0/containers/hdds
2021-03-15 13:35:36,193 [Listener at 127.0.0.1/36325] INFO  ozoneimpl.OzoneContainer (OzoneContainer.java:buildContainerSet(206)) - Build ContainerSet costs 0s
2021-03-15 13:35:36,196 [Listener at 127.0.0.1/36325] INFO  server.RaftServer (ConfUtils.java:logGet(44)) - raft.rpc.type = GRPC (default)
2021-03-15 13:35:36,196 [Listener at 127.0.0.1/36325] INFO  grpc.GrpcFactory (GrpcFactory.java:checkPooledByteBufAllocatorUseCacheForAllThreads(48)) - PERFORMANCE WARNING: useCacheForAllThreads is true that may cause Netty to create a lot garbage objects and, as a result, trigger GC.
	It is recommended to disable useCacheForAllThreads by setting -Dorg.apache.ratis.thirdparty.io.netty.allocator.useCacheForAllThreads=false in command line.
2021-03-15 13:35:36,196 [Listener at 127.0.0.1/36325] INFO  grpc.GrpcConfigKeys (ConfUtils.java:logGet(44)) - raft.grpc.admin.port = 0 (custom)
2021-03-15 13:35:36,197 [Listener at 127.0.0.1/36325] INFO  grpc.GrpcConfigKeys (ConfUtils.java:logGet(44)) - raft.grpc.client.port = 0 (custom)
2021-03-15 13:35:36,197 [Listener at 127.0.0.1/36325] INFO  grpc.GrpcConfigKeys (ConfUtils.java:logGet(44)) - raft.grpc.server.port = 0 (default)
2021-03-15 13:35:36,197 [Listener at 127.0.0.1/36325] INFO  server.GrpcService (ConfUtils.java:logGet(44)) - raft.grpc.message.size.max = 32MB (=33554432) (custom)
2021-03-15 13:35:36,197 [Listener at 127.0.0.1/36325] INFO  server.RaftServerConfigKeys (ConfUtils.java:logGet(44)) - raft.server.log.appender.buffer.byte-limit = 33554432 (custom)
2021-03-15 13:35:36,197 [Listener at 127.0.0.1/36325] INFO  server.GrpcService (ConfUtils.java:logGet(44)) - raft.grpc.flow.control.window = 5MB (=5242880) (custom)
2021-03-15 13:35:36,198 [Listener at 127.0.0.1/36325] INFO  server.RaftServerConfigKeys (ConfUtils.java:logGet(44)) - raft.server.rpc.request.timeout = 3000ms (default)
2021-03-15 13:35:36,199 [Listener at 127.0.0.1/36325] INFO  impl.DataStreamServerImpl (ConfUtils.java:logGet(44)) - raft.datastream.type = DISABLED (default)
2021-03-15 13:35:36,199 [Listener at 127.0.0.1/36325] INFO  server.RaftServerConfigKeys (ConfUtils.java:logGet(44)) - raft.server.rpc.slowness.timeout = 300000ms (custom)
2021-03-15 13:35:36,199 [Listener at 127.0.0.1/36325] INFO  server.RaftServerConfigKeys (ConfUtils.java:logGet(44)) - raft.server.leaderelection.leader.step-down.wait-time = 10s (default)
2021-03-15 13:35:36,199 [Listener at 127.0.0.1/36325] INFO  server.RaftServerConfigKeys (ConfUtils.java:logGet(44)) - raft.server.storage.dir = [/github/workspace/mnt/ozone/hadoop-ozone/integration-test/target/test-dir/MiniOzoneClusterImpl-12ebc720-05ee-4469-9130-5183c7181a17/datanode-6/data/ratis] (custom)
2021-03-15 13:35:36,208 [Listener at 127.0.0.1/36325] INFO  http.BaseHttpServer (BaseHttpServer.java:newHttpServer2BuilderForOzone(207)) - Starting Web-server for hddsDatanode at: http://0.0.0.0:0
2021-03-15 13:35:36,208 [Listener at 127.0.0.1/36325] INFO  http.BaseHttpServer (BaseHttpServer.java:<init>(106)) - Hadoop Security Enabled: false Ozone Security Enabled: false Ozone HTTP Security Enabled: false 
2021-03-15 13:35:36,210 [Listener at 127.0.0.1/36325] INFO  server.AuthenticationFilter (AuthenticationFilter.java:constructSecretProvider(240)) - Unable to initialize FileSignerSecretProvider, falling back to use random secrets.
2021-03-15 13:35:36,213 [org.apache.hadoop.util.JvmPauseMonitor$Monitor@7e130253] INFO  util.JvmPauseMonitor (JvmPauseMonitor.java:run(188)) - Starting JVM pause monitor
2021-03-15 13:35:36,221 [Listener at 127.0.0.1/36325] WARN  http.HttpRequestLog (HttpRequestLog.java:getRequestLog(103)) - Jetty request log can only be enabled using Log4j
2021-03-15 13:35:36,222 [Listener at 127.0.0.1/36325] INFO  http.HttpServer2 (HttpServer2.java:addGlobalFilter(1020)) - Added global filter 'safety' (class=org.apache.hadoop.hdds.server.http.HttpServer2$QuotingInputFilter)
2021-03-15 13:35:36,222 [Listener at 127.0.0.1/36325] INFO  http.HttpServer2 (HttpServer2.java:addFilter(996)) - Added filter static_user_filter (class=org.apache.hadoop.http.lib.StaticUserWebFilter$StaticUserFilter) to context hddsDatanode
2021-03-15 13:35:36,223 [Listener at 127.0.0.1/36325] INFO  http.HttpServer2 (HttpServer2.java:addFilter(1004)) - Added filter static_user_filter (class=org.apache.hadoop.http.lib.StaticUserWebFilter$StaticUserFilter) to context static
2021-03-15 13:35:36,223 [Listener at 127.0.0.1/36325] INFO  http.HttpServer2 (HttpServer2.java:addFilter(1004)) - Added filter static_user_filter (class=org.apache.hadoop.http.lib.StaticUserWebFilter$StaticUserFilter) to context logs
2021-03-15 13:35:36,223 [Datanode State Machine Task Thread - 0] INFO  datanode.InitDatanodeState (InitDatanodeState.java:persistContainerDatanodeDetails(145)) - DatanodeDetails is persisted to /github/workspace/mnt/ozone/hadoop-ozone/integration-test/target/test-dir/MiniOzoneClusterImpl-12ebc720-05ee-4469-9130-5183c7181a17/datanode-5/meta/datanode.id
2021-03-15 13:35:36,223 [Listener at 127.0.0.1/36325] INFO  http.HttpServer2 (HttpServer2.java:bindListener(1238)) - Jetty bound to port 35273
2021-03-15 13:35:36,224 [Listener at 127.0.0.1/36325] INFO  server.Server (Server.java:doStart(375)) - jetty-9.4.35.v20201120; built: 2020-11-20T21:17:03.964Z; git: bdc54f03a5e0a7e280fab27f55c3c75ee8da89fb; jvm 1.8.0_232-b09
2021-03-15 13:35:36,227 [Listener at 127.0.0.1/36325] INFO  server.session (DefaultSessionIdManager.java:doStart(334)) - DefaultSessionIdManager workerName=node0
2021-03-15 13:35:36,227 [Listener at 127.0.0.1/36325] INFO  server.session (DefaultSessionIdManager.java:doStart(339)) - No SessionScavenger set, using defaults
2021-03-15 13:35:36,227 [Listener at 127.0.0.1/36325] INFO  server.session (HouseKeeper.java:startScavenging(132)) - node0 Scavenging every 600000ms
2021-03-15 13:35:36,228 [Listener at 127.0.0.1/36325] INFO  handler.ContextHandler (ContextHandler.java:doStart(916)) - Started o.e.j.s.ServletContextHandler@23138317{logs,/logs,file:///github/workspace/mnt/ozone/hadoop-ozone/integration-test/target/log,AVAILABLE}
2021-03-15 13:35:36,228 [Listener at 127.0.0.1/36325] INFO  handler.ContextHandler (ContextHandler.java:doStart(916)) - Started o.e.j.s.ServletContextHandler@d884e9a{static,/static,jar:file:/home/user/.m2/repository/org/apache/hadoop/hadoop-hdds-container-service/1.1.0-SNAPSHOT/hadoop-hdds-container-service-1.1.0-SNAPSHOT.jar!/webapps/static,AVAILABLE}
2021-03-15 13:35:36,394 [Listener at 127.0.0.1/36325] INFO  handler.ContextHandler (ContextHandler.java:doStart(916)) - Started o.e.j.w.WebAppContext@615d74e9{hddsDatanode,/,file:///tmp/jetty-0_0_0_0-35273-hadoop-hdds-container-service-1_1_0-SNAPSHOT_jar-_-any-4707176061348203929/webapp/,AVAILABLE}{jar:file:/home/user/.m2/repository/org/apache/hadoop/hadoop-hdds-container-service/1.1.0-SNAPSHOT/hadoop-hdds-container-service-1.1.0-SNAPSHOT.jar!/webapps/hddsDatanode}
2021-03-15 13:35:36,396 [Listener at 127.0.0.1/36325] INFO  server.AbstractConnector (AbstractConnector.java:doStart(331)) - Started ServerConnector@65899694{HTTP/1.1, (http/1.1)}{0.0.0.0:35273}
2021-03-15 13:35:36,396 [Listener at 127.0.0.1/36325] INFO  server.Server (Server.java:doStart(415)) - Started @8846ms
2021-03-15 13:35:36,396 [Listener at 127.0.0.1/36325] WARN  impl.MetricsSystemImpl (MetricsSystemImpl.java:register(279)) - Sink prometheus already exists!
2021-03-15 13:35:36,400 [Listener at 127.0.0.1/36325] INFO  http.BaseHttpServer (BaseHttpServer.java:updateConnectorAddress(327)) - HTTP server of hddsDatanode listening at http://0.0.0.0:35273
2021-03-15 13:35:36,401 [Listener at 127.0.0.1/36325] INFO  impl.MetricsSystemImpl (MetricsSystemImpl.java:init(158)) - HddsDatanode metrics system started (again)
2021-03-15 13:35:36,405 [Listener at 127.0.0.1/36325] INFO  ozone.HddsDatanodeService (HddsDatanodeService.java:start(217)) - HddsDatanodeService host:287f2862ff4e ip:172.17.0.2
2021-03-15 13:35:36,407 [Listener at 127.0.0.1/36325] INFO  volume.HddsVolume (HddsVolume.java:<init>(176)) - Creating Volume: /github/workspace/mnt/ozone/hadoop-ozone/integration-test/target/test-dir/MiniOzoneClusterImpl-12ebc720-05ee-4469-9130-5183c7181a17/datanode-7/data-0/containers/hdds of storage type : DISK and capacity : 9223372036854775807
2021-03-15 13:35:36,407 [Listener at 127.0.0.1/36325] INFO  volume.MutableVolumeSet (MutableVolumeSet.java:initializeVolumeSet(179)) - Added Volume : /github/workspace/mnt/ozone/hadoop-ozone/integration-test/target/test-dir/MiniOzoneClusterImpl-12ebc720-05ee-4469-9130-5183c7181a17/datanode-7/data-0/containers/hdds to VolumeSet
2021-03-15 13:35:36,407 [Listener at 127.0.0.1/36325] INFO  volume.ThrottledAsyncChecker (ThrottledAsyncChecker.java:schedule(141)) - Scheduling a check for /github/workspace/mnt/ozone/hadoop-ozone/integration-test/target/test-dir/MiniOzoneClusterImpl-12ebc720-05ee-4469-9130-5183c7181a17/datanode-7/data-0/containers/hdds
2021-03-15 13:35:36,409 [Listener at 127.0.0.1/36325] INFO  volume.HddsVolumeChecker (HddsVolumeChecker.java:checkAllVolumes(200)) - Scheduled health check for volume /github/workspace/mnt/ozone/hadoop-ozone/integration-test/target/test-dir/MiniOzoneClusterImpl-12ebc720-05ee-4469-9130-5183c7181a17/datanode-7/data-0/containers/hdds
2021-03-15 13:35:36,421 [org.apache.hadoop.util.JvmPauseMonitor$Monitor@36e8c00f] INFO  util.JvmPauseMonitor (JvmPauseMonitor.java:run(188)) - Starting JVM pause monitor
2021-03-15 13:35:36,431 [Datanode State Machine Task Thread - 0] INFO  datanode.InitDatanodeState (InitDatanodeState.java:persistContainerDatanodeDetails(145)) - DatanodeDetails is persisted to /github/workspace/mnt/ozone/hadoop-ozone/integration-test/target/test-dir/MiniOzoneClusterImpl-12ebc720-05ee-4469-9130-5183c7181a17/datanode-6/meta/datanode.id
2021-03-15 13:35:36,433 [Thread-210] INFO  ozoneimpl.ContainerReader (ContainerReader.java:readVolume(125)) - Start to verify containers on volume /github/workspace/mnt/ozone/hadoop-ozone/integration-test/target/test-dir/MiniOzoneClusterImpl-12ebc720-05ee-4469-9130-5183c7181a17/datanode-7/data-0/containers/hdds
2021-03-15 13:35:36,434 [Thread-210] INFO  ozoneimpl.ContainerReader (ContainerReader.java:readVolume(150)) - Finish verifying containers on volume /github/workspace/mnt/ozone/hadoop-ozone/integration-test/target/test-dir/MiniOzoneClusterImpl-12ebc720-05ee-4469-9130-5183c7181a17/datanode-7/data-0/containers/hdds
2021-03-15 13:35:36,434 [Listener at 127.0.0.1/36325] INFO  ozoneimpl.OzoneContainer (OzoneContainer.java:buildContainerSet(206)) - Build ContainerSet costs 0s
2021-03-15 13:35:36,438 [Listener at 127.0.0.1/36325] INFO  server.RaftServer (ConfUtils.java:logGet(44)) - raft.rpc.type = GRPC (default)
2021-03-15 13:35:36,438 [Listener at 127.0.0.1/36325] INFO  grpc.GrpcFactory (GrpcFactory.java:checkPooledByteBufAllocatorUseCacheForAllThreads(48)) - PERFORMANCE WARNING: useCacheForAllThreads is true that may cause Netty to create a lot garbage objects and, as a result, trigger GC.
	It is recommended to disable useCacheForAllThreads by setting -Dorg.apache.ratis.thirdparty.io.netty.allocator.useCacheForAllThreads=false in command line.
2021-03-15 13:35:36,438 [Listener at 127.0.0.1/36325] INFO  grpc.GrpcConfigKeys (ConfUtils.java:logGet(44)) - raft.grpc.admin.port = 0 (custom)
2021-03-15 13:35:36,439 [Listener at 127.0.0.1/36325] INFO  grpc.GrpcConfigKeys (ConfUtils.java:logGet(44)) - raft.grpc.client.port = 0 (custom)
2021-03-15 13:35:36,439 [Listener at 127.0.0.1/36325] INFO  grpc.GrpcConfigKeys (ConfUtils.java:logGet(44)) - raft.grpc.server.port = 0 (default)
2021-03-15 13:35:36,439 [Listener at 127.0.0.1/36325] INFO  server.GrpcService (ConfUtils.java:logGet(44)) - raft.grpc.message.size.max = 32MB (=33554432) (custom)
2021-03-15 13:35:36,439 [Listener at 127.0.0.1/36325] INFO  server.RaftServerConfigKeys (ConfUtils.java:logGet(44)) - raft.server.log.appender.buffer.byte-limit = 33554432 (custom)
2021-03-15 13:35:36,440 [Listener at 127.0.0.1/36325] INFO  server.GrpcService (ConfUtils.java:logGet(44)) - raft.grpc.flow.control.window = 5MB (=5242880) (custom)
2021-03-15 13:35:36,440 [Listener at 127.0.0.1/36325] INFO  server.RaftServerConfigKeys (ConfUtils.java:logGet(44)) - raft.server.rpc.request.timeout = 3000ms (default)
2021-03-15 13:35:36,442 [Listener at 127.0.0.1/36325] INFO  impl.DataStreamServerImpl (ConfUtils.java:logGet(44)) - raft.datastream.type = DISABLED (default)
2021-03-15 13:35:36,443 [Listener at 127.0.0.1/36325] INFO  server.RaftServerConfigKeys (ConfUtils.java:logGet(44)) - raft.server.rpc.slowness.timeout = 300000ms (custom)
2021-03-15 13:35:36,443 [Listener at 127.0.0.1/36325] INFO  server.RaftServerConfigKeys (ConfUtils.java:logGet(44)) - raft.server.leaderelection.leader.step-down.wait-time = 10s (default)
2021-03-15 13:35:36,443 [Listener at 127.0.0.1/36325] INFO  server.RaftServerConfigKeys (ConfUtils.java:logGet(44)) - raft.server.storage.dir = [/github/workspace/mnt/ozone/hadoop-ozone/integration-test/target/test-dir/MiniOzoneClusterImpl-12ebc720-05ee-4469-9130-5183c7181a17/datanode-7/data/ratis] (custom)
2021-03-15 13:35:36,456 [Listener at 127.0.0.1/36325] INFO  http.BaseHttpServer (BaseHttpServer.java:newHttpServer2BuilderForOzone(207)) - Starting Web-server for hddsDatanode at: http://0.0.0.0:0
2021-03-15 13:35:36,456 [Listener at 127.0.0.1/36325] INFO  http.BaseHttpServer (BaseHttpServer.java:<init>(106)) - Hadoop Security Enabled: false Ozone Security Enabled: false Ozone HTTP Security Enabled: false 
2021-03-15 13:35:36,459 [Listener at 127.0.0.1/36325] INFO  server.AuthenticationFilter (AuthenticationFilter.java:constructSecretProvider(240)) - Unable to initialize FileSignerSecretProvider, falling back to use random secrets.
2021-03-15 13:35:36,459 [Listener at 127.0.0.1/36325] WARN  http.HttpRequestLog (HttpRequestLog.java:getRequestLog(103)) - Jetty request log can only be enabled using Log4j
2021-03-15 13:35:36,460 [Listener at 127.0.0.1/36325] INFO  http.HttpServer2 (HttpServer2.java:addGlobalFilter(1020)) - Added global filter 'safety' (class=org.apache.hadoop.hdds.server.http.HttpServer2$QuotingInputFilter)
2021-03-15 13:35:36,461 [Listener at 127.0.0.1/36325] INFO  http.HttpServer2 (HttpServer2.java:addFilter(996)) - Added filter static_user_filter (class=org.apache.hadoop.http.lib.StaticUserWebFilter$StaticUserFilter) to context hddsDatanode
2021-03-15 13:35:36,461 [Listener at 127.0.0.1/36325] INFO  http.HttpServer2 (HttpServer2.java:addFilter(1004)) - Added filter static_user_filter (class=org.apache.hadoop.http.lib.StaticUserWebFilter$StaticUserFilter) to context static
2021-03-15 13:35:36,462 [Listener at 127.0.0.1/36325] INFO  http.HttpServer2 (HttpServer2.java:addFilter(1004)) - Added filter static_user_filter (class=org.apache.hadoop.http.lib.StaticUserWebFilter$StaticUserFilter) to context logs
2021-03-15 13:35:36,462 [Listener at 127.0.0.1/36325] INFO  http.HttpServer2 (HttpServer2.java:bindListener(1238)) - Jetty bound to port 38543
2021-03-15 13:35:36,463 [Listener at 127.0.0.1/36325] INFO  server.Server (Server.java:doStart(375)) - jetty-9.4.35.v20201120; built: 2020-11-20T21:17:03.964Z; git: bdc54f03a5e0a7e280fab27f55c3c75ee8da89fb; jvm 1.8.0_232-b09
2021-03-15 13:35:36,464 [Listener at 127.0.0.1/36325] INFO  server.session (DefaultSessionIdManager.java:doStart(334)) - DefaultSessionIdManager workerName=node0
2021-03-15 13:35:36,464 [Listener at 127.0.0.1/36325] INFO  server.session (DefaultSessionIdManager.java:doStart(339)) - No SessionScavenger set, using defaults
2021-03-15 13:35:36,465 [Listener at 127.0.0.1/36325] INFO  server.session (HouseKeeper.java:startScavenging(132)) - node0 Scavenging every 600000ms
2021-03-15 13:35:36,465 [Listener at 127.0.0.1/36325] INFO  handler.ContextHandler (ContextHandler.java:doStart(916)) - Started o.e.j.s.ServletContextHandler@13088030{logs,/logs,file:///github/workspace/mnt/ozone/hadoop-ozone/integration-test/target/log,AVAILABLE}
2021-03-15 13:35:36,466 [Listener at 127.0.0.1/36325] INFO  handler.ContextHandler (ContextHandler.java:doStart(916)) - Started o.e.j.s.ServletContextHandler@4c33bf70{static,/static,jar:file:/home/user/.m2/repository/org/apache/hadoop/hadoop-hdds-container-service/1.1.0-SNAPSHOT/hadoop-hdds-container-service-1.1.0-SNAPSHOT.jar!/webapps/static,AVAILABLE}
2021-03-15 13:35:36,721 [Listener at 127.0.0.1/36325] INFO  handler.ContextHandler (ContextHandler.java:doStart(916)) - Started o.e.j.w.WebAppContext@46769bd6{hddsDatanode,/,file:///tmp/jetty-0_0_0_0-38543-hadoop-hdds-container-service-1_1_0-SNAPSHOT_jar-_-any-5055613805486980930/webapp/,AVAILABLE}{jar:file:/home/user/.m2/repository/org/apache/hadoop/hadoop-hdds-container-service/1.1.0-SNAPSHOT/hadoop-hdds-container-service-1.1.0-SNAPSHOT.jar!/webapps/hddsDatanode}
2021-03-15 13:35:36,725 [Listener at 127.0.0.1/36325] INFO  server.AbstractConnector (AbstractConnector.java:doStart(331)) - Started ServerConnector@334d96af{HTTP/1.1, (http/1.1)}{0.0.0.0:38543}
2021-03-15 13:35:36,725 [Listener at 127.0.0.1/36325] INFO  server.Server (Server.java:doStart(415)) - Started @9175ms
2021-03-15 13:35:36,726 [Listener at 127.0.0.1/36325] WARN  impl.MetricsSystemImpl (MetricsSystemImpl.java:register(279)) - Sink prometheus already exists!
2021-03-15 13:35:36,727 [EndpointStateMachine task thread for /0.0.0.0:46119 - 0 ] INFO  ozoneimpl.OzoneContainer (OzoneContainer.java:start(255)) - Attempting to start container services.
2021-03-15 13:35:36,729 [EndpointStateMachine task thread for /0.0.0.0:46119 - 0 ] INFO  ozoneimpl.OzoneContainer (OzoneContainer.java:startContainerScrub(219)) - Background container scanner has been disabled.
2021-03-15 13:35:36,734 [Listener at 127.0.0.1/36325] INFO  http.BaseHttpServer (BaseHttpServer.java:updateConnectorAddress(327)) - HTTP server of hddsDatanode listening at http://0.0.0.0:38543
2021-03-15 13:35:36,740 [Listener at 127.0.0.1/36325] INFO  impl.MetricsSystemImpl (MetricsSystemImpl.java:init(158)) - HddsDatanode metrics system started (again)
2021-03-15 13:35:36,745 [Listener at 127.0.0.1/36325] INFO  ozone.HddsDatanodeService (HddsDatanodeService.java:start(217)) - HddsDatanodeService host:287f2862ff4e ip:172.17.0.2
2021-03-15 13:35:36,750 [EndpointStateMachine task thread for /0.0.0.0:46119 - 0 ] INFO  replication.ReplicationServer (ReplicationServer.java:start(106)) - ReplicationServer is started using port 35961
2021-03-15 13:35:36,751 [Listener at 127.0.0.1/36325] INFO  volume.HddsVolume (HddsVolume.java:<init>(176)) - Creating Volume: /github/workspace/mnt/ozone/hadoop-ozone/integration-test/target/test-dir/MiniOzoneClusterImpl-12ebc720-05ee-4469-9130-5183c7181a17/datanode-8/data-0/containers/hdds of storage type : DISK and capacity : 9223372036854775807
2021-03-15 13:35:36,751 [Listener at 127.0.0.1/36325] INFO  volume.MutableVolumeSet (MutableVolumeSet.java:initializeVolumeSet(179)) - Added Volume : /github/workspace/mnt/ozone/hadoop-ozone/integration-test/target/test-dir/MiniOzoneClusterImpl-12ebc720-05ee-4469-9130-5183c7181a17/datanode-8/data-0/containers/hdds to VolumeSet
2021-03-15 13:35:36,752 [Listener at 127.0.0.1/36325] INFO  volume.ThrottledAsyncChecker (ThrottledAsyncChecker.java:schedule(141)) - Scheduling a check for /github/workspace/mnt/ozone/hadoop-ozone/integration-test/target/test-dir/MiniOzoneClusterImpl-12ebc720-05ee-4469-9130-5183c7181a17/datanode-8/data-0/containers/hdds
2021-03-15 13:35:36,754 [Listener at 127.0.0.1/36325] INFO  volume.HddsVolumeChecker (HddsVolumeChecker.java:checkAllVolumes(200)) - Scheduled health check for volume /github/workspace/mnt/ozone/hadoop-ozone/integration-test/target/test-dir/MiniOzoneClusterImpl-12ebc720-05ee-4469-9130-5183c7181a17/datanode-8/data-0/containers/hdds
2021-03-15 13:35:36,754 [EndpointStateMachine task thread for /0.0.0.0:46119 - 0 ] INFO  ratis.XceiverServerRatis (XceiverServerRatis.java:start(486)) - Starting XceiverServerRatis 2d24b89a-5033-4a49-b30e-962358659472
2021-03-15 13:35:36,757 [EndpointStateMachine task thread for /0.0.0.0:46119 - 0 ] INFO  server.RaftServer (RaftServerProxy.java:lambda$start$5(374)) - 2d24b89a-5033-4a49-b30e-962358659472: start RPC server
2021-03-15 13:35:36,762 [EndpointStateMachine task thread for /0.0.0.0:46119 - 0 ] INFO  server.GrpcService (GrpcService.java:startImpl(253)) - 2d24b89a-5033-4a49-b30e-962358659472: GrpcService started, listening on 35689
2021-03-15 13:35:36,764 [EndpointStateMachine task thread for /0.0.0.0:46119 - 0 ] INFO  ratis.XceiverServerRatis (XceiverServerRatis.java:getRealPort(507)) - XceiverServerRatis 2d24b89a-5033-4a49-b30e-962358659472 is started using port 35689 for RATIS
2021-03-15 13:35:36,764 [EndpointStateMachine task thread for /0.0.0.0:46119 - 0 ] INFO  ratis.XceiverServerRatis (XceiverServerRatis.java:getRealPort(507)) - XceiverServerRatis 2d24b89a-5033-4a49-b30e-962358659472 is started using port 35689 for RATIS_ADMIN
2021-03-15 13:35:36,764 [EndpointStateMachine task thread for /0.0.0.0:46119 - 0 ] INFO  ratis.XceiverServerRatis (XceiverServerRatis.java:getRealPort(507)) - XceiverServerRatis 2d24b89a-5033-4a49-b30e-962358659472 is started using port 35689 for RATIS_SERVER
2021-03-15 13:35:36,776 [EndpointStateMachine task thread for /0.0.0.0:46119 - 0 ] INFO  server.XceiverServerGrpc (XceiverServerGrpc.java:start(135)) - XceiverServerGrpc 2d24b89a-5033-4a49-b30e-962358659472 is started using port 39073
2021-03-15 13:35:36,801 [org.apache.hadoop.util.JvmPauseMonitor$Monitor@205642db] INFO  util.JvmPauseMonitor (JvmPauseMonitor.java:run(188)) - Starting JVM pause monitor
2021-03-15 13:35:36,803 [Datanode State Machine Task Thread - 0] INFO  datanode.InitDatanodeState (InitDatanodeState.java:persistContainerDatanodeDetails(145)) - DatanodeDetails is persisted to /github/workspace/mnt/ozone/hadoop-ozone/integration-test/target/test-dir/MiniOzoneClusterImpl-12ebc720-05ee-4469-9130-5183c7181a17/datanode-7/meta/datanode.id
2021-03-15 13:35:36,813 [Thread-223] INFO  ozoneimpl.ContainerReader (ContainerReader.java:readVolume(125)) - Start to verify containers on volume /github/workspace/mnt/ozone/hadoop-ozone/integration-test/target/test-dir/MiniOzoneClusterImpl-12ebc720-05ee-4469-9130-5183c7181a17/datanode-8/data-0/containers/hdds
2021-03-15 13:35:36,814 [Thread-223] INFO  ozoneimpl.ContainerReader (ContainerReader.java:readVolume(150)) - Finish verifying containers on volume /github/workspace/mnt/ozone/hadoop-ozone/integration-test/target/test-dir/MiniOzoneClusterImpl-12ebc720-05ee-4469-9130-5183c7181a17/datanode-8/data-0/containers/hdds
2021-03-15 13:35:36,814 [Listener at 127.0.0.1/36325] INFO  ozoneimpl.OzoneContainer (OzoneContainer.java:buildContainerSet(206)) - Build ContainerSet costs 0s
2021-03-15 13:35:36,817 [Listener at 127.0.0.1/36325] INFO  server.RaftServer (ConfUtils.java:logGet(44)) - raft.rpc.type = GRPC (default)
2021-03-15 13:35:36,817 [Listener at 127.0.0.1/36325] INFO  grpc.GrpcFactory (GrpcFactory.java:checkPooledByteBufAllocatorUseCacheForAllThreads(48)) - PERFORMANCE WARNING: useCacheForAllThreads is true that may cause Netty to create a lot garbage objects and, as a result, trigger GC.
	It is recommended to disable useCacheForAllThreads by setting -Dorg.apache.ratis.thirdparty.io.netty.allocator.useCacheForAllThreads=false in command line.
2021-03-15 13:35:36,817 [Listener at 127.0.0.1/36325] INFO  grpc.GrpcConfigKeys (ConfUtils.java:logGet(44)) - raft.grpc.admin.port = 0 (custom)
2021-03-15 13:35:36,818 [Listener at 127.0.0.1/36325] INFO  grpc.GrpcConfigKeys (ConfUtils.java:logGet(44)) - raft.grpc.client.port = 0 (custom)
2021-03-15 13:35:36,818 [Listener at 127.0.0.1/36325] INFO  grpc.GrpcConfigKeys (ConfUtils.java:logGet(44)) - raft.grpc.server.port = 0 (default)
2021-03-15 13:35:36,818 [Listener at 127.0.0.1/36325] INFO  server.GrpcService (ConfUtils.java:logGet(44)) - raft.grpc.message.size.max = 32MB (=33554432) (custom)
2021-03-15 13:35:36,818 [Listener at 127.0.0.1/36325] INFO  server.RaftServerConfigKeys (ConfUtils.java:logGet(44)) - raft.server.log.appender.buffer.byte-limit = 33554432 (custom)
2021-03-15 13:35:36,818 [Listener at 127.0.0.1/36325] INFO  server.GrpcService (ConfUtils.java:logGet(44)) - raft.grpc.flow.control.window = 5MB (=5242880) (custom)
2021-03-15 13:35:36,819 [Listener at 127.0.0.1/36325] INFO  server.RaftServerConfigKeys (ConfUtils.java:logGet(44)) - raft.server.rpc.request.timeout = 3000ms (default)
2021-03-15 13:35:36,820 [Listener at 127.0.0.1/36325] INFO  impl.DataStreamServerImpl (ConfUtils.java:logGet(44)) - raft.datastream.type = DISABLED (default)
2021-03-15 13:35:36,801 [org.apache.ratis.util.JvmPauseMonitor$$Lambda$494/1751830047@59718530] INFO  util.JvmPauseMonitor (JvmPauseMonitor.java:run(103)) - JvmPauseMonitor-2d24b89a-5033-4a49-b30e-962358659472: Started
2021-03-15 13:35:36,821 [Listener at 127.0.0.1/36325] INFO  server.RaftServerConfigKeys (ConfUtils.java:logGet(44)) - raft.server.rpc.slowness.timeout = 300000ms (custom)
2021-03-15 13:35:36,821 [Listener at 127.0.0.1/36325] INFO  server.RaftServerConfigKeys (ConfUtils.java:logGet(44)) - raft.server.leaderelection.leader.step-down.wait-time = 10s (default)
2021-03-15 13:35:36,821 [Listener at 127.0.0.1/36325] INFO  server.RaftServerConfigKeys (ConfUtils.java:logGet(44)) - raft.server.storage.dir = [/github/workspace/mnt/ozone/hadoop-ozone/integration-test/target/test-dir/MiniOzoneClusterImpl-12ebc720-05ee-4469-9130-5183c7181a17/datanode-8/data/ratis] (custom)
2021-03-15 13:35:36,828 [Listener at 127.0.0.1/36325] INFO  http.BaseHttpServer (BaseHttpServer.java:newHttpServer2BuilderForOzone(207)) - Starting Web-server for hddsDatanode at: http://0.0.0.0:0
2021-03-15 13:35:36,828 [Listener at 127.0.0.1/36325] INFO  http.BaseHttpServer (BaseHttpServer.java:<init>(106)) - Hadoop Security Enabled: false Ozone Security Enabled: false Ozone HTTP Security Enabled: false 
2021-03-15 13:35:36,830 [Listener at 127.0.0.1/36325] INFO  server.AuthenticationFilter (AuthenticationFilter.java:constructSecretProvider(240)) - Unable to initialize FileSignerSecretProvider, falling back to use random secrets.
2021-03-15 13:35:36,831 [Listener at 127.0.0.1/36325] WARN  http.HttpRequestLog (HttpRequestLog.java:getRequestLog(103)) - Jetty request log can only be enabled using Log4j
2021-03-15 13:35:36,831 [Listener at 127.0.0.1/36325] INFO  http.HttpServer2 (HttpServer2.java:addGlobalFilter(1020)) - Added global filter 'safety' (class=org.apache.hadoop.hdds.server.http.HttpServer2$QuotingInputFilter)
2021-03-15 13:35:36,832 [Listener at 127.0.0.1/36325] INFO  http.HttpServer2 (HttpServer2.java:addFilter(996)) - Added filter static_user_filter (class=org.apache.hadoop.http.lib.StaticUserWebFilter$StaticUserFilter) to context hddsDatanode
2021-03-15 13:35:36,833 [Listener at 127.0.0.1/36325] INFO  http.HttpServer2 (HttpServer2.java:addFilter(1004)) - Added filter static_user_filter (class=org.apache.hadoop.http.lib.StaticUserWebFilter$StaticUserFilter) to context logs
2021-03-15 13:35:36,833 [Listener at 127.0.0.1/36325] INFO  http.HttpServer2 (HttpServer2.java:addFilter(1004)) - Added filter static_user_filter (class=org.apache.hadoop.http.lib.StaticUserWebFilter$StaticUserFilter) to context static
2021-03-15 13:35:36,834 [Listener at 127.0.0.1/36325] INFO  http.HttpServer2 (HttpServer2.java:bindListener(1238)) - Jetty bound to port 43225
2021-03-15 13:35:36,834 [Listener at 127.0.0.1/36325] INFO  server.Server (Server.java:doStart(375)) - jetty-9.4.35.v20201120; built: 2020-11-20T21:17:03.964Z; git: bdc54f03a5e0a7e280fab27f55c3c75ee8da89fb; jvm 1.8.0_232-b09
2021-03-15 13:35:36,837 [Listener at 127.0.0.1/36325] INFO  server.session (DefaultSessionIdManager.java:doStart(334)) - DefaultSessionIdManager workerName=node0
2021-03-15 13:35:36,837 [Listener at 127.0.0.1/36325] INFO  server.session (DefaultSessionIdManager.java:doStart(339)) - No SessionScavenger set, using defaults
2021-03-15 13:35:36,838 [Listener at 127.0.0.1/36325] INFO  server.session (HouseKeeper.java:startScavenging(132)) - node0 Scavenging every 600000ms
2021-03-15 13:35:36,839 [Listener at 127.0.0.1/36325] INFO  handler.ContextHandler (ContextHandler.java:doStart(916)) - Started o.e.j.s.ServletContextHandler@3a571d3e{logs,/logs,file:///github/workspace/mnt/ozone/hadoop-ozone/integration-test/target/log,AVAILABLE}
2021-03-15 13:35:36,839 [Listener at 127.0.0.1/36325] INFO  handler.ContextHandler (ContextHandler.java:doStart(916)) - Started o.e.j.s.ServletContextHandler@66f62b8c{static,/static,jar:file:/home/user/.m2/repository/org/apache/hadoop/hadoop-hdds-container-service/1.1.0-SNAPSHOT/hadoop-hdds-container-service-1.1.0-SNAPSHOT.jar!/webapps/static,AVAILABLE}
2021-03-15 13:35:37,012 [Listener at 127.0.0.1/36325] INFO  handler.ContextHandler (ContextHandler.java:doStart(916)) - Started o.e.j.w.WebAppContext@5319f536{hddsDatanode,/,file:///tmp/jetty-0_0_0_0-43225-hadoop-hdds-container-service-1_1_0-SNAPSHOT_jar-_-any-8232172577552854124/webapp/,AVAILABLE}{jar:file:/home/user/.m2/repository/org/apache/hadoop/hadoop-hdds-container-service/1.1.0-SNAPSHOT/hadoop-hdds-container-service-1.1.0-SNAPSHOT.jar!/webapps/hddsDatanode}
2021-03-15 13:35:37,015 [Listener at 127.0.0.1/36325] INFO  server.AbstractConnector (AbstractConnector.java:doStart(331)) - Started ServerConnector@404d90c5{HTTP/1.1, (http/1.1)}{0.0.0.0:43225}
2021-03-15 13:35:37,015 [Listener at 127.0.0.1/36325] INFO  server.Server (Server.java:doStart(415)) - Started @9465ms
2021-03-15 13:35:37,015 [Listener at 127.0.0.1/36325] WARN  impl.MetricsSystemImpl (MetricsSystemImpl.java:register(279)) - Sink prometheus already exists!
2021-03-15 13:35:37,025 [Listener at 127.0.0.1/36325] INFO  http.BaseHttpServer (BaseHttpServer.java:updateConnectorAddress(327)) - HTTP server of hddsDatanode listening at http://0.0.0.0:43225
2021-03-15 13:35:37,029 [Listener at 127.0.0.1/36325] INFO  impl.MetricsSystemImpl (MetricsSystemImpl.java:init(158)) - HddsDatanode metrics system started (again)
2021-03-15 13:35:37,034 [Listener at 127.0.0.1/36325] INFO  ozone.HddsDatanodeService (HddsDatanodeService.java:start(217)) - HddsDatanodeService host:287f2862ff4e ip:172.17.0.2
2021-03-15 13:35:37,041 [Listener at 127.0.0.1/36325] INFO  volume.HddsVolume (HddsVolume.java:<init>(176)) - Creating Volume: /github/workspace/mnt/ozone/hadoop-ozone/integration-test/target/test-dir/MiniOzoneClusterImpl-12ebc720-05ee-4469-9130-5183c7181a17/datanode-9/data-0/containers/hdds of storage type : DISK and capacity : 9223372036854775807
2021-03-15 13:35:37,041 [Listener at 127.0.0.1/36325] INFO  volume.MutableVolumeSet (MutableVolumeSet.java:initializeVolumeSet(179)) - Added Volume : /github/workspace/mnt/ozone/hadoop-ozone/integration-test/target/test-dir/MiniOzoneClusterImpl-12ebc720-05ee-4469-9130-5183c7181a17/datanode-9/data-0/containers/hdds to VolumeSet
2021-03-15 13:35:37,041 [Listener at 127.0.0.1/36325] INFO  volume.ThrottledAsyncChecker (ThrottledAsyncChecker.java:schedule(141)) - Scheduling a check for /github/workspace/mnt/ozone/hadoop-ozone/integration-test/target/test-dir/MiniOzoneClusterImpl-12ebc720-05ee-4469-9130-5183c7181a17/datanode-9/data-0/containers/hdds
2021-03-15 13:35:37,042 [org.apache.hadoop.util.JvmPauseMonitor$Monitor@1efa81eb] INFO  util.JvmPauseMonitor (JvmPauseMonitor.java:run(188)) - Starting JVM pause monitor
2021-03-15 13:35:37,044 [Datanode State Machine Task Thread - 0] INFO  datanode.InitDatanodeState (InitDatanodeState.java:persistContainerDatanodeDetails(145)) - DatanodeDetails is persisted to /github/workspace/mnt/ozone/hadoop-ozone/integration-test/target/test-dir/MiniOzoneClusterImpl-12ebc720-05ee-4469-9130-5183c7181a17/datanode-8/meta/datanode.id
2021-03-15 13:35:37,044 [Listener at 127.0.0.1/36325] INFO  volume.HddsVolumeChecker (HddsVolumeChecker.java:checkAllVolumes(200)) - Scheduled health check for volume /github/workspace/mnt/ozone/hadoop-ozone/integration-test/target/test-dir/MiniOzoneClusterImpl-12ebc720-05ee-4469-9130-5183c7181a17/datanode-9/data-0/containers/hdds
2021-03-15 13:35:37,058 [Thread-236] INFO  ozoneimpl.ContainerReader (ContainerReader.java:readVolume(125)) - Start to verify containers on volume /github/workspace/mnt/ozone/hadoop-ozone/integration-test/target/test-dir/MiniOzoneClusterImpl-12ebc720-05ee-4469-9130-5183c7181a17/datanode-9/data-0/containers/hdds
2021-03-15 13:35:37,058 [Thread-236] INFO  ozoneimpl.ContainerReader (ContainerReader.java:readVolume(150)) - Finish verifying containers on volume /github/workspace/mnt/ozone/hadoop-ozone/integration-test/target/test-dir/MiniOzoneClusterImpl-12ebc720-05ee-4469-9130-5183c7181a17/datanode-9/data-0/containers/hdds
2021-03-15 13:35:37,058 [Listener at 127.0.0.1/36325] INFO  ozoneimpl.OzoneContainer (OzoneContainer.java:buildContainerSet(206)) - Build ContainerSet costs 0s
2021-03-15 13:35:37,061 [Listener at 127.0.0.1/36325] INFO  server.RaftServer (ConfUtils.java:logGet(44)) - raft.rpc.type = GRPC (default)
2021-03-15 13:35:37,061 [Listener at 127.0.0.1/36325] INFO  grpc.GrpcFactory (GrpcFactory.java:checkPooledByteBufAllocatorUseCacheForAllThreads(48)) - PERFORMANCE WARNING: useCacheForAllThreads is true that may cause Netty to create a lot garbage objects and, as a result, trigger GC.
	It is recommended to disable useCacheForAllThreads by setting -Dorg.apache.ratis.thirdparty.io.netty.allocator.useCacheForAllThreads=false in command line.
2021-03-15 13:35:37,061 [Listener at 127.0.0.1/36325] INFO  grpc.GrpcConfigKeys (ConfUtils.java:logGet(44)) - raft.grpc.admin.port = 0 (custom)
2021-03-15 13:35:37,061 [Listener at 127.0.0.1/36325] INFO  grpc.GrpcConfigKeys (ConfUtils.java:logGet(44)) - raft.grpc.client.port = 0 (custom)
2021-03-15 13:35:37,062 [Listener at 127.0.0.1/36325] INFO  grpc.GrpcConfigKeys (ConfUtils.java:logGet(44)) - raft.grpc.server.port = 0 (default)
2021-03-15 13:35:37,062 [Listener at 127.0.0.1/36325] INFO  server.GrpcService (ConfUtils.java:logGet(44)) - raft.grpc.message.size.max = 32MB (=33554432) (custom)
2021-03-15 13:35:37,062 [Listener at 127.0.0.1/36325] INFO  server.RaftServerConfigKeys (ConfUtils.java:logGet(44)) - raft.server.log.appender.buffer.byte-limit = 33554432 (custom)
2021-03-15 13:35:37,062 [Listener at 127.0.0.1/36325] INFO  server.GrpcService (ConfUtils.java:logGet(44)) - raft.grpc.flow.control.window = 5MB (=5242880) (custom)
2021-03-15 13:35:37,062 [Listener at 127.0.0.1/36325] INFO  server.RaftServerConfigKeys (ConfUtils.java:logGet(44)) - raft.server.rpc.request.timeout = 3000ms (default)
2021-03-15 13:35:37,063 [Listener at 127.0.0.1/36325] INFO  impl.DataStreamServerImpl (ConfUtils.java:logGet(44)) - raft.datastream.type = DISABLED (default)
2021-03-15 13:35:37,064 [Listener at 127.0.0.1/36325] INFO  server.RaftServerConfigKeys (ConfUtils.java:logGet(44)) - raft.server.rpc.slowness.timeout = 300000ms (custom)
2021-03-15 13:35:37,064 [Listener at 127.0.0.1/36325] INFO  server.RaftServerConfigKeys (ConfUtils.java:logGet(44)) - raft.server.leaderelection.leader.step-down.wait-time = 10s (default)
2021-03-15 13:35:37,064 [Listener at 127.0.0.1/36325] INFO  server.RaftServerConfigKeys (ConfUtils.java:logGet(44)) - raft.server.storage.dir = [/github/workspace/mnt/ozone/hadoop-ozone/integration-test/target/test-dir/MiniOzoneClusterImpl-12ebc720-05ee-4469-9130-5183c7181a17/datanode-9/data/ratis] (custom)
2021-03-15 13:35:37,083 [Listener at 127.0.0.1/36325] INFO  http.BaseHttpServer (BaseHttpServer.java:newHttpServer2BuilderForOzone(207)) - Starting Web-server for hddsDatanode at: http://0.0.0.0:0
2021-03-15 13:35:37,083 [Listener at 127.0.0.1/36325] INFO  http.BaseHttpServer (BaseHttpServer.java:<init>(106)) - Hadoop Security Enabled: false Ozone Security Enabled: false Ozone HTTP Security Enabled: false 
2021-03-15 13:35:37,085 [Listener at 127.0.0.1/36325] INFO  server.AuthenticationFilter (AuthenticationFilter.java:constructSecretProvider(240)) - Unable to initialize FileSignerSecretProvider, falling back to use random secrets.
2021-03-15 13:35:37,086 [Listener at 127.0.0.1/36325] WARN  http.HttpRequestLog (HttpRequestLog.java:getRequestLog(103)) - Jetty request log can only be enabled using Log4j
2021-03-15 13:35:37,087 [Listener at 127.0.0.1/36325] INFO  http.HttpServer2 (HttpServer2.java:addGlobalFilter(1020)) - Added global filter 'safety' (class=org.apache.hadoop.hdds.server.http.HttpServer2$QuotingInputFilter)
2021-03-15 13:35:37,088 [Listener at 127.0.0.1/36325] INFO  http.HttpServer2 (HttpServer2.java:addFilter(996)) - Added filter static_user_filter (class=org.apache.hadoop.http.lib.StaticUserWebFilter$StaticUserFilter) to context hddsDatanode
2021-03-15 13:35:37,088 [Listener at 127.0.0.1/36325] INFO  http.HttpServer2 (HttpServer2.java:addFilter(1004)) - Added filter static_user_filter (class=org.apache.hadoop.http.lib.StaticUserWebFilter$StaticUserFilter) to context static
2021-03-15 13:35:37,088 [Listener at 127.0.0.1/36325] INFO  http.HttpServer2 (HttpServer2.java:addFilter(1004)) - Added filter static_user_filter (class=org.apache.hadoop.http.lib.StaticUserWebFilter$StaticUserFilter) to context logs
2021-03-15 13:35:37,089 [Listener at 127.0.0.1/36325] INFO  http.HttpServer2 (HttpServer2.java:bindListener(1238)) - Jetty bound to port 38011
2021-03-15 13:35:37,089 [Listener at 127.0.0.1/36325] INFO  server.Server (Server.java:doStart(375)) - jetty-9.4.35.v20201120; built: 2020-11-20T21:17:03.964Z; git: bdc54f03a5e0a7e280fab27f55c3c75ee8da89fb; jvm 1.8.0_232-b09
2021-03-15 13:35:37,092 [Listener at 127.0.0.1/36325] INFO  server.session (DefaultSessionIdManager.java:doStart(334)) - DefaultSessionIdManager workerName=node0
2021-03-15 13:35:37,092 [Listener at 127.0.0.1/36325] INFO  server.session (DefaultSessionIdManager.java:doStart(339)) - No SessionScavenger set, using defaults
2021-03-15 13:35:37,092 [Listener at 127.0.0.1/36325] INFO  server.session (HouseKeeper.java:startScavenging(132)) - node0 Scavenging every 660000ms
2021-03-15 13:35:37,093 [Listener at 127.0.0.1/36325] INFO  handler.ContextHandler (ContextHandler.java:doStart(916)) - Started o.e.j.s.ServletContextHandler@5d796665{logs,/logs,file:///github/workspace/mnt/ozone/hadoop-ozone/integration-test/target/log,AVAILABLE}
2021-03-15 13:35:37,094 [Listener at 127.0.0.1/36325] INFO  handler.ContextHandler (ContextHandler.java:doStart(916)) - Started o.e.j.s.ServletContextHandler@4df3b838{static,/static,jar:file:/home/user/.m2/repository/org/apache/hadoop/hadoop-hdds-container-service/1.1.0-SNAPSHOT/hadoop-hdds-container-service-1.1.0-SNAPSHOT.jar!/webapps/static,AVAILABLE}
2021-03-15 13:35:37,126 [EndpointStateMachine task thread for /0.0.0.0:46119 - 0 ] INFO  ozoneimpl.OzoneContainer (OzoneContainer.java:start(255)) - Attempting to start container services.
2021-03-15 13:35:37,129 [EndpointStateMachine task thread for /0.0.0.0:46119 - 0 ] INFO  ozoneimpl.OzoneContainer (OzoneContainer.java:startContainerScrub(219)) - Background container scanner has been disabled.
2021-03-15 13:35:37,135 [EndpointStateMachine task thread for /0.0.0.0:46119 - 0 ] INFO  replication.ReplicationServer (ReplicationServer.java:start(106)) - ReplicationServer is started using port 33091
2021-03-15 13:35:37,136 [EndpointStateMachine task thread for /0.0.0.0:46119 - 0 ] INFO  ratis.XceiverServerRatis (XceiverServerRatis.java:start(486)) - Starting XceiverServerRatis 1e038761-1b78-4d65-9d2c-f5326a28b9d0
2021-03-15 13:35:37,139 [EndpointStateMachine task thread for /0.0.0.0:46119 - 0 ] INFO  server.RaftServer (RaftServerProxy.java:lambda$start$5(374)) - 1e038761-1b78-4d65-9d2c-f5326a28b9d0: start RPC server
2021-03-15 13:35:37,142 [EndpointStateMachine task thread for /0.0.0.0:46119 - 0 ] INFO  server.GrpcService (GrpcService.java:startImpl(253)) - 1e038761-1b78-4d65-9d2c-f5326a28b9d0: GrpcService started, listening on 41979
2021-03-15 13:35:37,145 [EndpointStateMachine task thread for /0.0.0.0:46119 - 0 ] INFO  ratis.XceiverServerRatis (XceiverServerRatis.java:getRealPort(507)) - XceiverServerRatis 1e038761-1b78-4d65-9d2c-f5326a28b9d0 is started using port 41979 for RATIS
2021-03-15 13:35:37,145 [EndpointStateMachine task thread for /0.0.0.0:46119 - 0 ] INFO  ratis.XceiverServerRatis (XceiverServerRatis.java:getRealPort(507)) - XceiverServerRatis 1e038761-1b78-4d65-9d2c-f5326a28b9d0 is started using port 41979 for RATIS_ADMIN
2021-03-15 13:35:37,145 [EndpointStateMachine task thread for /0.0.0.0:46119 - 0 ] INFO  ratis.XceiverServerRatis (XceiverServerRatis.java:getRealPort(507)) - XceiverServerRatis 1e038761-1b78-4d65-9d2c-f5326a28b9d0 is started using port 41979 for RATIS_SERVER
2021-03-15 13:35:37,148 [org.apache.ratis.util.JvmPauseMonitor$$Lambda$494/1751830047@799868c2] INFO  util.JvmPauseMonitor (JvmPauseMonitor.java:run(103)) - JvmPauseMonitor-1e038761-1b78-4d65-9d2c-f5326a28b9d0: Started
2021-03-15 13:35:37,149 [EndpointStateMachine task thread for /0.0.0.0:46119 - 0 ] INFO  server.XceiverServerGrpc (XceiverServerGrpc.java:start(135)) - XceiverServerGrpc 1e038761-1b78-4d65-9d2c-f5326a28b9d0 is started using port 40433
2021-03-15 13:35:37,281 [Listener at 127.0.0.1/36325] INFO  handler.ContextHandler (ContextHandler.java:doStart(916)) - Started o.e.j.w.WebAppContext@6c927487{hddsDatanode,/,file:///tmp/jetty-0_0_0_0-38011-hadoop-hdds-container-service-1_1_0-SNAPSHOT_jar-_-any-921218052731196442/webapp/,AVAILABLE}{jar:file:/home/user/.m2/repository/org/apache/hadoop/hadoop-hdds-container-service/1.1.0-SNAPSHOT/hadoop-hdds-container-service-1.1.0-SNAPSHOT.jar!/webapps/hddsDatanode}
2021-03-15 13:35:37,283 [Listener at 127.0.0.1/36325] INFO  server.AbstractConnector (AbstractConnector.java:doStart(331)) - Started ServerConnector@578a12e9{HTTP/1.1, (http/1.1)}{0.0.0.0:38011}
2021-03-15 13:35:37,284 [Listener at 127.0.0.1/36325] INFO  server.Server (Server.java:doStart(415)) - Started @9734ms
2021-03-15 13:35:37,284 [Listener at 127.0.0.1/36325] WARN  impl.MetricsSystemImpl (MetricsSystemImpl.java:register(279)) - Sink prometheus already exists!
2021-03-15 13:35:37,287 [Listener at 127.0.0.1/36325] INFO  http.BaseHttpServer (BaseHttpServer.java:updateConnectorAddress(327)) - HTTP server of hddsDatanode listening at http://0.0.0.0:38011
2021-03-15 13:35:37,291 [Listener at 127.0.0.1/36325] INFO  ozone.MiniOzoneClusterImpl (MiniOzoneClusterImpl.java:lambda$waitForClusterToBeReady$0(187)) - Waiting for nodes to be ready. Got 0 of 10 DN Heartbeats.
2021-03-15 13:35:37,291 [Listener at 127.0.0.1/36325] INFO  ozone.MiniOzoneClusterImpl (MiniOzoneClusterImpl.java:lambda$waitForClusterToBeReady$0(190)) - Waiting for cluster to exit safe mode
2021-03-15 13:35:37,292 [org.apache.hadoop.util.JvmPauseMonitor$Monitor@392d4409] INFO  util.JvmPauseMonitor (JvmPauseMonitor.java:run(188)) - Starting JVM pause monitor
2021-03-15 13:35:37,296 [Datanode State Machine Task Thread - 0] INFO  datanode.InitDatanodeState (InitDatanodeState.java:persistContainerDatanodeDetails(145)) - DatanodeDetails is persisted to /github/workspace/mnt/ozone/hadoop-ozone/integration-test/target/test-dir/MiniOzoneClusterImpl-12ebc720-05ee-4469-9130-5183c7181a17/datanode-9/meta/datanode.id
2021-03-15 13:35:37,401 [EndpointStateMachine task thread for /0.0.0.0:46119 - 0 ] INFO  ozoneimpl.OzoneContainer (OzoneContainer.java:start(255)) - Attempting to start container services.
2021-03-15 13:35:37,405 [EndpointStateMachine task thread for /0.0.0.0:46119 - 0 ] INFO  ozoneimpl.OzoneContainer (OzoneContainer.java:startContainerScrub(219)) - Background container scanner has been disabled.
2021-03-15 13:35:37,408 [EndpointStateMachine task thread for /0.0.0.0:46119 - 0 ] INFO  replication.ReplicationServer (ReplicationServer.java:start(106)) - ReplicationServer is started using port 40173
2021-03-15 13:35:37,408 [EndpointStateMachine task thread for /0.0.0.0:46119 - 0 ] INFO  ratis.XceiverServerRatis (XceiverServerRatis.java:start(486)) - Starting XceiverServerRatis 6cd9ceaa-b54f-4187-9c12-925a7628e128
2021-03-15 13:35:37,413 [EndpointStateMachine task thread for /0.0.0.0:46119 - 0 ] INFO  server.RaftServer (RaftServerProxy.java:lambda$start$5(374)) - 6cd9ceaa-b54f-4187-9c12-925a7628e128: start RPC server
2021-03-15 13:35:37,415 [EndpointStateMachine task thread for /0.0.0.0:46119 - 0 ] INFO  server.GrpcService (GrpcService.java:startImpl(253)) - 6cd9ceaa-b54f-4187-9c12-925a7628e128: GrpcService started, listening on 39055
2021-03-15 13:35:37,415 [EndpointStateMachine task thread for /0.0.0.0:46119 - 0 ] INFO  ratis.XceiverServerRatis (XceiverServerRatis.java:getRealPort(507)) - XceiverServerRatis 6cd9ceaa-b54f-4187-9c12-925a7628e128 is started using port 39055 for RATIS
2021-03-15 13:35:37,415 [EndpointStateMachine task thread for /0.0.0.0:46119 - 0 ] INFO  ratis.XceiverServerRatis (XceiverServerRatis.java:getRealPort(507)) - XceiverServerRatis 6cd9ceaa-b54f-4187-9c12-925a7628e128 is started using port 39055 for RATIS_ADMIN
2021-03-15 13:35:37,415 [EndpointStateMachine task thread for /0.0.0.0:46119 - 0 ] INFO  ratis.XceiverServerRatis (XceiverServerRatis.java:getRealPort(507)) - XceiverServerRatis 6cd9ceaa-b54f-4187-9c12-925a7628e128 is started using port 39055 for RATIS_SERVER
2021-03-15 13:35:37,415 [org.apache.ratis.util.JvmPauseMonitor$$Lambda$494/1751830047@623285f] INFO  util.JvmPauseMonitor (JvmPauseMonitor.java:run(103)) - JvmPauseMonitor-6cd9ceaa-b54f-4187-9c12-925a7628e128: Started
2021-03-15 13:35:37,417 [EndpointStateMachine task thread for /0.0.0.0:46119 - 0 ] INFO  server.XceiverServerGrpc (XceiverServerGrpc.java:start(135)) - XceiverServerGrpc 6cd9ceaa-b54f-4187-9c12-925a7628e128 is started using port 42545
2021-03-15 13:35:37,764 [EndpointStateMachine task thread for /0.0.0.0:46119 - 0 ] INFO  ozoneimpl.OzoneContainer (OzoneContainer.java:start(255)) - Attempting to start container services.
2021-03-15 13:35:37,765 [EndpointStateMachine task thread for /0.0.0.0:46119 - 0 ] INFO  ozoneimpl.OzoneContainer (OzoneContainer.java:startContainerScrub(219)) - Background container scanner has been disabled.
2021-03-15 13:35:37,767 [EndpointStateMachine task thread for /0.0.0.0:46119 - 0 ] INFO  replication.ReplicationServer (ReplicationServer.java:start(106)) - ReplicationServer is started using port 40437
2021-03-15 13:35:37,767 [EndpointStateMachine task thread for /0.0.0.0:46119 - 0 ] INFO  ratis.XceiverServerRatis (XceiverServerRatis.java:start(486)) - Starting XceiverServerRatis 7ad4b354-5524-4bbe-8c06-278e17beb4ab
2021-03-15 13:35:37,770 [EndpointStateMachine task thread for /0.0.0.0:46119 - 0 ] INFO  server.RaftServer (RaftServerProxy.java:lambda$start$5(374)) - 7ad4b354-5524-4bbe-8c06-278e17beb4ab: start RPC server
2021-03-15 13:35:37,774 [EndpointStateMachine task thread for /0.0.0.0:46119 - 0 ] INFO  server.GrpcService (GrpcService.java:startImpl(253)) - 7ad4b354-5524-4bbe-8c06-278e17beb4ab: GrpcService started, listening on 36095
2021-03-15 13:35:37,774 [EndpointStateMachine task thread for /0.0.0.0:46119 - 0 ] INFO  ratis.XceiverServerRatis (XceiverServerRatis.java:getRealPort(507)) - XceiverServerRatis 7ad4b354-5524-4bbe-8c06-278e17beb4ab is started using port 36095 for RATIS
2021-03-15 13:35:37,774 [EndpointStateMachine task thread for /0.0.0.0:46119 - 0 ] INFO  ratis.XceiverServerRatis (XceiverServerRatis.java:getRealPort(507)) - XceiverServerRatis 7ad4b354-5524-4bbe-8c06-278e17beb4ab is started using port 36095 for RATIS_ADMIN
2021-03-15 13:35:37,774 [EndpointStateMachine task thread for /0.0.0.0:46119 - 0 ] INFO  ratis.XceiverServerRatis (XceiverServerRatis.java:getRealPort(507)) - XceiverServerRatis 7ad4b354-5524-4bbe-8c06-278e17beb4ab is started using port 36095 for RATIS_SERVER
2021-03-15 13:35:37,777 [org.apache.ratis.util.JvmPauseMonitor$$Lambda$494/1751830047@4b4e7db2] INFO  util.JvmPauseMonitor (JvmPauseMonitor.java:run(103)) - JvmPauseMonitor-7ad4b354-5524-4bbe-8c06-278e17beb4ab: Started
2021-03-15 13:35:37,777 [EndpointStateMachine task thread for /0.0.0.0:46119 - 0 ] INFO  server.XceiverServerGrpc (XceiverServerGrpc.java:start(135)) - XceiverServerGrpc 7ad4b354-5524-4bbe-8c06-278e17beb4ab is started using port 39065
2021-03-15 13:35:37,948 [EndpointStateMachine task thread for /0.0.0.0:46119 - 0 ] INFO  ozoneimpl.OzoneContainer (OzoneContainer.java:start(255)) - Attempting to start container services.
2021-03-15 13:35:37,949 [EndpointStateMachine task thread for /0.0.0.0:46119 - 0 ] INFO  ozoneimpl.OzoneContainer (OzoneContainer.java:startContainerScrub(219)) - Background container scanner has been disabled.
2021-03-15 13:35:37,950 [EndpointStateMachine task thread for /0.0.0.0:46119 - 0 ] INFO  replication.ReplicationServer (ReplicationServer.java:start(106)) - ReplicationServer is started using port 42755
2021-03-15 13:35:37,950 [EndpointStateMachine task thread for /0.0.0.0:46119 - 0 ] INFO  ratis.XceiverServerRatis (XceiverServerRatis.java:start(486)) - Starting XceiverServerRatis 2479fe59-7b65-4ff2-bce5-1a4041a1f829
2021-03-15 13:35:37,952 [EndpointStateMachine task thread for /0.0.0.0:46119 - 0 ] INFO  server.RaftServer (RaftServerProxy.java:lambda$start$5(374)) - 2479fe59-7b65-4ff2-bce5-1a4041a1f829: start RPC server
2021-03-15 13:35:37,953 [EndpointStateMachine task thread for /0.0.0.0:46119 - 0 ] INFO  server.GrpcService (GrpcService.java:startImpl(253)) - 2479fe59-7b65-4ff2-bce5-1a4041a1f829: GrpcService started, listening on 46445
2021-03-15 13:35:37,954 [EndpointStateMachine task thread for /0.0.0.0:46119 - 0 ] INFO  ratis.XceiverServerRatis (XceiverServerRatis.java:getRealPort(507)) - XceiverServerRatis 2479fe59-7b65-4ff2-bce5-1a4041a1f829 is started using port 46445 for RATIS
2021-03-15 13:35:37,954 [EndpointStateMachine task thread for /0.0.0.0:46119 - 0 ] INFO  ratis.XceiverServerRatis (XceiverServerRatis.java:getRealPort(507)) - XceiverServerRatis 2479fe59-7b65-4ff2-bce5-1a4041a1f829 is started using port 46445 for RATIS_ADMIN
2021-03-15 13:35:37,954 [org.apache.ratis.util.JvmPauseMonitor$$Lambda$494/1751830047@13e60aa4] INFO  util.JvmPauseMonitor (JvmPauseMonitor.java:run(103)) - JvmPauseMonitor-2479fe59-7b65-4ff2-bce5-1a4041a1f829: Started
2021-03-15 13:35:37,954 [EndpointStateMachine task thread for /0.0.0.0:46119 - 0 ] INFO  ratis.XceiverServerRatis (XceiverServerRatis.java:getRealPort(507)) - XceiverServerRatis 2479fe59-7b65-4ff2-bce5-1a4041a1f829 is started using port 46445 for RATIS_SERVER
2021-03-15 13:35:37,956 [EndpointStateMachine task thread for /0.0.0.0:46119 - 0 ] INFO  server.XceiverServerGrpc (XceiverServerGrpc.java:start(135)) - XceiverServerGrpc 2479fe59-7b65-4ff2-bce5-1a4041a1f829 is started using port 34423
2021-03-15 13:35:38,217 [EndpointStateMachine task thread for /0.0.0.0:46119 - 0 ] INFO  ozoneimpl.OzoneContainer (OzoneContainer.java:start(255)) - Attempting to start container services.
2021-03-15 13:35:38,217 [EndpointStateMachine task thread for /0.0.0.0:46119 - 0 ] INFO  ozoneimpl.OzoneContainer (OzoneContainer.java:startContainerScrub(219)) - Background container scanner has been disabled.
2021-03-15 13:35:38,219 [EndpointStateMachine task thread for /0.0.0.0:46119 - 0 ] INFO  replication.ReplicationServer (ReplicationServer.java:start(106)) - ReplicationServer is started using port 37739
2021-03-15 13:35:38,219 [EndpointStateMachine task thread for /0.0.0.0:46119 - 0 ] INFO  ratis.XceiverServerRatis (XceiverServerRatis.java:start(486)) - Starting XceiverServerRatis 275eefd6-a602-4773-a0ea-a3b6f7cdc32e
2021-03-15 13:35:38,219 [EndpointStateMachine task thread for /0.0.0.0:46119 - 0 ] INFO  server.RaftServer (RaftServerProxy.java:lambda$start$5(374)) - 275eefd6-a602-4773-a0ea-a3b6f7cdc32e: start RPC server
2021-03-15 13:35:38,221 [EndpointStateMachine task thread for /0.0.0.0:46119 - 0 ] INFO  server.GrpcService (GrpcService.java:startImpl(253)) - 275eefd6-a602-4773-a0ea-a3b6f7cdc32e: GrpcService started, listening on 44945
2021-03-15 13:35:38,221 [EndpointStateMachine task thread for /0.0.0.0:46119 - 0 ] INFO  ratis.XceiverServerRatis (XceiverServerRatis.java:getRealPort(507)) - XceiverServerRatis 275eefd6-a602-4773-a0ea-a3b6f7cdc32e is started using port 44945 for RATIS
2021-03-15 13:35:38,221 [EndpointStateMachine task thread for /0.0.0.0:46119 - 0 ] INFO  ratis.XceiverServerRatis (XceiverServerRatis.java:getRealPort(507)) - XceiverServerRatis 275eefd6-a602-4773-a0ea-a3b6f7cdc32e is started using port 44945 for RATIS_ADMIN
2021-03-15 13:35:38,221 [EndpointStateMachine task thread for /0.0.0.0:46119 - 0 ] INFO  ratis.XceiverServerRatis (XceiverServerRatis.java:getRealPort(507)) - XceiverServerRatis 275eefd6-a602-4773-a0ea-a3b6f7cdc32e is started using port 44945 for RATIS_SERVER
2021-03-15 13:35:38,221 [org.apache.ratis.util.JvmPauseMonitor$$Lambda$494/1751830047@1763bd82] INFO  util.JvmPauseMonitor (JvmPauseMonitor.java:run(103)) - JvmPauseMonitor-275eefd6-a602-4773-a0ea-a3b6f7cdc32e: Started
2021-03-15 13:35:38,226 [EndpointStateMachine task thread for /0.0.0.0:46119 - 0 ] INFO  server.XceiverServerGrpc (XceiverServerGrpc.java:start(135)) - XceiverServerGrpc 275eefd6-a602-4773-a0ea-a3b6f7cdc32e is started using port 41613
2021-03-15 13:35:38,291 [Listener at 127.0.0.1/36325] INFO  ozone.MiniOzoneClusterImpl (MiniOzoneClusterImpl.java:lambda$waitForClusterToBeReady$0(187)) - Waiting for nodes to be ready. Got 0 of 10 DN Heartbeats.
2021-03-15 13:35:38,291 [Listener at 127.0.0.1/36325] INFO  ozone.MiniOzoneClusterImpl (MiniOzoneClusterImpl.java:lambda$waitForClusterToBeReady$0(190)) - Waiting for cluster to exit safe mode
2021-03-15 13:35:38,427 [EndpointStateMachine task thread for /0.0.0.0:46119 - 0 ] INFO  ozoneimpl.OzoneContainer (OzoneContainer.java:start(255)) - Attempting to start container services.
2021-03-15 13:35:38,427 [EndpointStateMachine task thread for /0.0.0.0:46119 - 0 ] INFO  ozoneimpl.OzoneContainer (OzoneContainer.java:startContainerScrub(219)) - Background container scanner has been disabled.
2021-03-15 13:35:38,430 [EndpointStateMachine task thread for /0.0.0.0:46119 - 0 ] INFO  replication.ReplicationServer (ReplicationServer.java:start(106)) - ReplicationServer is started using port 46269
2021-03-15 13:35:38,430 [EndpointStateMachine task thread for /0.0.0.0:46119 - 0 ] INFO  ratis.XceiverServerRatis (XceiverServerRatis.java:start(486)) - Starting XceiverServerRatis 91c1ad6d-8d99-4a41-8a32-9427c133f69b
2021-03-15 13:35:38,431 [EndpointStateMachine task thread for /0.0.0.0:46119 - 0 ] INFO  server.RaftServer (RaftServerProxy.java:lambda$start$5(374)) - 91c1ad6d-8d99-4a41-8a32-9427c133f69b: start RPC server
2021-03-15 13:35:38,439 [EndpointStateMachine task thread for /0.0.0.0:46119 - 0 ] INFO  server.GrpcService (GrpcService.java:startImpl(253)) - 91c1ad6d-8d99-4a41-8a32-9427c133f69b: GrpcService started, listening on 42395
2021-03-15 13:35:38,440 [EndpointStateMachine task thread for /0.0.0.0:46119 - 0 ] INFO  ratis.XceiverServerRatis (XceiverServerRatis.java:getRealPort(507)) - XceiverServerRatis 91c1ad6d-8d99-4a41-8a32-9427c133f69b is started using port 42395 for RATIS
2021-03-15 13:35:38,440 [org.apache.ratis.util.JvmPauseMonitor$$Lambda$494/1751830047@3cc9408f] INFO  util.JvmPauseMonitor (JvmPauseMonitor.java:run(103)) - JvmPauseMonitor-91c1ad6d-8d99-4a41-8a32-9427c133f69b: Started
2021-03-15 13:35:38,440 [EndpointStateMachine task thread for /0.0.0.0:46119 - 0 ] INFO  ratis.XceiverServerRatis (XceiverServerRatis.java:getRealPort(507)) - XceiverServerRatis 91c1ad6d-8d99-4a41-8a32-9427c133f69b is started using port 42395 for RATIS_ADMIN
2021-03-15 13:35:38,441 [EndpointStateMachine task thread for /0.0.0.0:46119 - 0 ] INFO  ratis.XceiverServerRatis (XceiverServerRatis.java:getRealPort(507)) - XceiverServerRatis 91c1ad6d-8d99-4a41-8a32-9427c133f69b is started using port 42395 for RATIS_SERVER
2021-03-15 13:35:38,445 [EndpointStateMachine task thread for /0.0.0.0:46119 - 0 ] INFO  server.XceiverServerGrpc (XceiverServerGrpc.java:start(135)) - XceiverServerGrpc 91c1ad6d-8d99-4a41-8a32-9427c133f69b is started using port 34483
2021-03-15 13:35:38,618 [IPC Server handler 3 on default port 46119] INFO  net.NetworkTopologyImpl (NetworkTopologyImpl.java:add(112)) - Added a new node: /default-rack/2d24b89a-5033-4a49-b30e-962358659472
2021-03-15 13:35:38,621 [IPC Server handler 3 on default port 46119] INFO  node.SCMNodeManager (SCMNodeManager.java:register(345)) - Registered Data node : 2d24b89a-5033-4a49-b30e-962358659472{ip: 172.17.0.2, host: 287f2862ff4e, ports: [REPLICATION=35961, RATIS=35689, RATIS_ADMIN=35689, RATIS_SERVER=35689, STANDALONE=39073], networkLocation: /default-rack, certSerialId: null, persistedOpState: null, persistedOpStateExpiryEpochSec: 0}
2021-03-15 13:35:38,626 [EventQueue-NodeRegistrationContainerReportForContainerSafeModeRule] INFO  safemode.SCMSafeModeManager (SCMSafeModeManager.java:validateSafeModeExitRules(214)) - ContainerSafeModeRule rule is successfully validated
2021-03-15 13:35:38,627 [EventQueue-NodeRegistrationContainerReportForDataNodeSafeModeRule] INFO  safemode.SCMSafeModeManager (DataNodeSafeModeRule.java:process(71)) - SCM in safe mode. 1 DataNodes registered, 1 required.
2021-03-15 13:35:38,627 [EventQueue-NodeRegistrationContainerReportForDataNodeSafeModeRule] INFO  safemode.SCMSafeModeManager (SCMSafeModeManager.java:validateSafeModeExitRules(214)) - DataNodeSafeModeRule rule is successfully validated
2021-03-15 13:35:38,627 [EventQueue-NodeRegistrationContainerReportForDataNodeSafeModeRule] INFO  safemode.SCMSafeModeManager (SCMSafeModeManager.java:completePreCheck(242)) - All SCM safe mode pre check rules have passed
2021-03-15 13:35:38,635 [EventQueue-PipelineReportForOneReplicaPipelineSafeModeRule] INFO  safemode.SCMSafeModeManager (SCMSafeModeManager.java:validateSafeModeExitRules(214)) - AtleastOneDatanodeReportedRule rule is successfully validated
2021-03-15 13:35:38,637 [RatisPipelineUtilsThread] INFO  pipeline.RatisPipelineProvider (RatisPipelineProvider.java:lambda$create$0(161)) - Sending CreatePipelineCommand for pipeline:PipelineID=c17d1069-ac0b-43f7-b8cd-35aa48923619 to datanode:2d24b89a-5033-4a49-b30e-962358659472
2021-03-15 13:35:38,652 [RatisPipelineUtilsThread] INFO  pipeline.PipelineStateManager (PipelineStateManager.java:addPipeline(54)) - Created pipeline Pipeline[ Id: c17d1069-ac0b-43f7-b8cd-35aa48923619, Nodes: 2d24b89a-5033-4a49-b30e-962358659472{ip: 172.17.0.2, host: 287f2862ff4e, ports: [REPLICATION=35961, RATIS=35689, RATIS_ADMIN=35689, RATIS_SERVER=35689, STANDALONE=39073], networkLocation: /default-rack, certSerialId: null, persistedOpState: IN_SERVICE, persistedOpStateExpiryEpochSec: 0}, Type:RATIS, Factor:ONE, State:ALLOCATED, leaderId:, CreationTimestamp2021-03-15T13:35:38.632Z]
2021-03-15 13:35:38,655 [RatisPipelineUtilsThread] WARN  pipeline.PipelinePlacementPolicy (PipelinePlacementPolicy.java:filterViableNodes(142)) - Pipeline creation failed due to no sufficient healthy datanodes. Required 3. Found 1.
2021-03-15 13:35:38,807 [EndpointStateMachine task thread for /0.0.0.0:46119 - 0 ] INFO  ozoneimpl.OzoneContainer (OzoneContainer.java:start(255)) - Attempting to start container services.
2021-03-15 13:35:38,808 [EndpointStateMachine task thread for /0.0.0.0:46119 - 0 ] INFO  ozoneimpl.OzoneContainer (OzoneContainer.java:startContainerScrub(219)) - Background container scanner has been disabled.
2021-03-15 13:35:38,812 [EndpointStateMachine task thread for /0.0.0.0:46119 - 0 ] INFO  replication.ReplicationServer (ReplicationServer.java:start(106)) - ReplicationServer is started using port 34143
2021-03-15 13:35:38,812 [EndpointStateMachine task thread for /0.0.0.0:46119 - 0 ] INFO  ratis.XceiverServerRatis (XceiverServerRatis.java:start(486)) - Starting XceiverServerRatis cbb45d95-806f-4aa6-a8d4-3f48f4f3d8f4
2021-03-15 13:35:38,814 [EndpointStateMachine task thread for /0.0.0.0:46119 - 0 ] INFO  server.RaftServer (RaftServerProxy.java:lambda$start$5(374)) - cbb45d95-806f-4aa6-a8d4-3f48f4f3d8f4: start RPC server
2021-03-15 13:35:38,815 [EndpointStateMachine task thread for /0.0.0.0:46119 - 0 ] INFO  server.GrpcService (GrpcService.java:startImpl(253)) - cbb45d95-806f-4aa6-a8d4-3f48f4f3d8f4: GrpcService started, listening on 36727
2021-03-15 13:35:38,815 [EndpointStateMachine task thread for /0.0.0.0:46119 - 0 ] INFO  ratis.XceiverServerRatis (XceiverServerRatis.java:getRealPort(507)) - XceiverServerRatis cbb45d95-806f-4aa6-a8d4-3f48f4f3d8f4 is started using port 36727 for RATIS
2021-03-15 13:35:38,815 [EndpointStateMachine task thread for /0.0.0.0:46119 - 0 ] INFO  ratis.XceiverServerRatis (XceiverServerRatis.java:getRealPort(507)) - XceiverServerRatis cbb45d95-806f-4aa6-a8d4-3f48f4f3d8f4 is started using port 36727 for RATIS_ADMIN
2021-03-15 13:35:38,815 [org.apache.ratis.util.JvmPauseMonitor$$Lambda$494/1751830047@3497f8b6] INFO  util.JvmPauseMonitor (JvmPauseMonitor.java:run(103)) - JvmPauseMonitor-cbb45d95-806f-4aa6-a8d4-3f48f4f3d8f4: Started
2021-03-15 13:35:38,815 [EndpointStateMachine task thread for /0.0.0.0:46119 - 0 ] INFO  ratis.XceiverServerRatis (XceiverServerRatis.java:getRealPort(507)) - XceiverServerRatis cbb45d95-806f-4aa6-a8d4-3f48f4f3d8f4 is started using port 36727 for RATIS_SERVER
2021-03-15 13:35:38,817 [EndpointStateMachine task thread for /0.0.0.0:46119 - 0 ] INFO  server.XceiverServerGrpc (XceiverServerGrpc.java:start(135)) - XceiverServerGrpc cbb45d95-806f-4aa6-a8d4-3f48f4f3d8f4 is started using port 40453
2021-03-15 13:35:39,049 [EndpointStateMachine task thread for /0.0.0.0:46119 - 0 ] INFO  ozoneimpl.OzoneContainer (OzoneContainer.java:start(255)) - Attempting to start container services.
2021-03-15 13:35:39,049 [EndpointStateMachine task thread for /0.0.0.0:46119 - 0 ] INFO  ozoneimpl.OzoneContainer (OzoneContainer.java:startContainerScrub(219)) - Background container scanner has been disabled.
2021-03-15 13:35:39,051 [EndpointStateMachine task thread for /0.0.0.0:46119 - 0 ] INFO  replication.ReplicationServer (ReplicationServer.java:start(106)) - ReplicationServer is started using port 32815
2021-03-15 13:35:39,051 [EndpointStateMachine task thread for /0.0.0.0:46119 - 0 ] INFO  ratis.XceiverServerRatis (XceiverServerRatis.java:start(486)) - Starting XceiverServerRatis 8d28b06d-ee05-40ab-87ae-857598c7fa3f
2021-03-15 13:35:39,055 [EndpointStateMachine task thread for /0.0.0.0:46119 - 0 ] INFO  server.RaftServer (RaftServerProxy.java:lambda$start$5(374)) - 8d28b06d-ee05-40ab-87ae-857598c7fa3f: start RPC server
2021-03-15 13:35:39,056 [EndpointStateMachine task thread for /0.0.0.0:46119 - 0 ] INFO  server.GrpcService (GrpcService.java:startImpl(253)) - 8d28b06d-ee05-40ab-87ae-857598c7fa3f: GrpcService started, listening on 38475
2021-03-15 13:35:39,056 [EndpointStateMachine task thread for /0.0.0.0:46119 - 0 ] INFO  ratis.XceiverServerRatis (XceiverServerRatis.java:getRealPort(507)) - XceiverServerRatis 8d28b06d-ee05-40ab-87ae-857598c7fa3f is started using port 38475 for RATIS
2021-03-15 13:35:39,056 [EndpointStateMachine task thread for /0.0.0.0:46119 - 0 ] INFO  ratis.XceiverServerRatis (XceiverServerRatis.java:getRealPort(507)) - XceiverServerRatis 8d28b06d-ee05-40ab-87ae-857598c7fa3f is started using port 38475 for RATIS_ADMIN
2021-03-15 13:35:39,056 [org.apache.ratis.util.JvmPauseMonitor$$Lambda$494/1751830047@6828a61f] INFO  util.JvmPauseMonitor (JvmPauseMonitor.java:run(103)) - JvmPauseMonitor-8d28b06d-ee05-40ab-87ae-857598c7fa3f: Started
2021-03-15 13:35:39,056 [EndpointStateMachine task thread for /0.0.0.0:46119 - 0 ] INFO  ratis.XceiverServerRatis (XceiverServerRatis.java:getRealPort(507)) - XceiverServerRatis 8d28b06d-ee05-40ab-87ae-857598c7fa3f is started using port 38475 for RATIS_SERVER
2021-03-15 13:35:39,057 [EndpointStateMachine task thread for /0.0.0.0:46119 - 0 ] INFO  server.XceiverServerGrpc (XceiverServerGrpc.java:start(135)) - XceiverServerGrpc 8d28b06d-ee05-40ab-87ae-857598c7fa3f is started using port 43249
2021-03-15 13:35:39,123 [IPC Server handler 0 on default port 46119] INFO  net.NetworkTopologyImpl (NetworkTopologyImpl.java:add(112)) - Added a new node: /default-rack/1e038761-1b78-4d65-9d2c-f5326a28b9d0
2021-03-15 13:35:39,124 [IPC Server handler 0 on default port 46119] INFO  node.SCMNodeManager (SCMNodeManager.java:register(345)) - Registered Data node : 1e038761-1b78-4d65-9d2c-f5326a28b9d0{ip: 172.17.0.2, host: 287f2862ff4e, ports: [REPLICATION=33091, RATIS=41979, RATIS_ADMIN=41979, RATIS_SERVER=41979, STANDALONE=40433], networkLocation: /default-rack, certSerialId: null, persistedOpState: null, persistedOpStateExpiryEpochSec: 0}
2021-03-15 13:35:39,124 [EventQueue-NodeRegistrationContainerReportForContainerSafeModeRule] INFO  safemode.SCMSafeModeManager (SCMSafeModeManager.java:validateSafeModeExitRules(214)) - ContainerSafeModeRule rule is successfully validated
2021-03-15 13:35:39,124 [EventQueue-NodeRegistrationContainerReportForDataNodeSafeModeRule] INFO  safemode.SCMSafeModeManager (SCMSafeModeManager.java:validateSafeModeExitRules(214)) - DataNodeSafeModeRule rule is successfully validated
2021-03-15 13:35:39,125 [EventQueue-PipelineReportForOneReplicaPipelineSafeModeRule] INFO  safemode.SCMSafeModeManager (SCMSafeModeManager.java:validateSafeModeExitRules(214)) - AtleastOneDatanodeReportedRule rule is successfully validated
2021-03-15 13:35:39,127 [RatisPipelineUtilsThread] INFO  pipeline.RatisPipelineProvider (RatisPipelineProvider.java:lambda$create$0(161)) - Sending CreatePipelineCommand for pipeline:PipelineID=7160f63f-4c0f-41e5-bec7-d1d849901abb to datanode:1e038761-1b78-4d65-9d2c-f5326a28b9d0
2021-03-15 13:35:39,128 [RatisPipelineUtilsThread] INFO  pipeline.PipelineStateManager (PipelineStateManager.java:addPipeline(54)) - Created pipeline Pipeline[ Id: 7160f63f-4c0f-41e5-bec7-d1d849901abb, Nodes: 1e038761-1b78-4d65-9d2c-f5326a28b9d0{ip: 172.17.0.2, host: 287f2862ff4e, ports: [REPLICATION=33091, RATIS=41979, RATIS_ADMIN=41979, RATIS_SERVER=41979, STANDALONE=40433], networkLocation: /default-rack, certSerialId: null, persistedOpState: IN_SERVICE, persistedOpStateExpiryEpochSec: 0}, Type:RATIS, Factor:ONE, State:ALLOCATED, leaderId:, CreationTimestamp2021-03-15T13:35:39.127Z]
2021-03-15 13:35:39,128 [RatisPipelineUtilsThread] WARN  pipeline.PipelinePlacementPolicy (PipelinePlacementPolicy.java:filterViableNodes(142)) - Pipeline creation failed due to no sufficient healthy datanodes. Required 3. Found 2.
2021-03-15 13:35:39,292 [Listener at 127.0.0.1/36325] INFO  ozone.MiniOzoneClusterImpl (MiniOzoneClusterImpl.java:lambda$waitForClusterToBeReady$0(187)) - Waiting for nodes to be ready. Got 2 of 10 DN Heartbeats.
2021-03-15 13:35:39,293 [Listener at 127.0.0.1/36325] INFO  ozone.MiniOzoneClusterImpl (MiniOzoneClusterImpl.java:lambda$waitForClusterToBeReady$0(190)) - Waiting for cluster to exit safe mode
2021-03-15 13:35:39,297 [EndpointStateMachine task thread for /0.0.0.0:46119 - 0 ] INFO  ozoneimpl.OzoneContainer (OzoneContainer.java:start(255)) - Attempting to start container services.
2021-03-15 13:35:39,297 [EndpointStateMachine task thread for /0.0.0.0:46119 - 0 ] INFO  ozoneimpl.OzoneContainer (OzoneContainer.java:startContainerScrub(219)) - Background container scanner has been disabled.
2021-03-15 13:35:39,299 [EndpointStateMachine task thread for /0.0.0.0:46119 - 0 ] INFO  replication.ReplicationServer (ReplicationServer.java:start(106)) - ReplicationServer is started using port 43233
2021-03-15 13:35:39,299 [EndpointStateMachine task thread for /0.0.0.0:46119 - 0 ] INFO  ratis.XceiverServerRatis (XceiverServerRatis.java:start(486)) - Starting XceiverServerRatis 43a20894-b4bc-4e8f-86b5-865fb458c74f
2021-03-15 13:35:39,305 [EndpointStateMachine task thread for /0.0.0.0:46119 - 0 ] INFO  server.RaftServer (RaftServerProxy.java:lambda$start$5(374)) - 43a20894-b4bc-4e8f-86b5-865fb458c74f: start RPC server
2021-03-15 13:35:39,314 [EndpointStateMachine task thread for /0.0.0.0:46119 - 0 ] INFO  server.GrpcService (GrpcService.java:startImpl(253)) - 43a20894-b4bc-4e8f-86b5-865fb458c74f: GrpcService started, listening on 39315
2021-03-15 13:35:39,314 [EndpointStateMachine task thread for /0.0.0.0:46119 - 0 ] INFO  ratis.XceiverServerRatis (XceiverServerRatis.java:getRealPort(507)) - XceiverServerRatis 43a20894-b4bc-4e8f-86b5-865fb458c74f is started using port 39315 for RATIS
2021-03-15 13:35:39,314 [EndpointStateMachine task thread for /0.0.0.0:46119 - 0 ] INFO  ratis.XceiverServerRatis (XceiverServerRatis.java:getRealPort(507)) - XceiverServerRatis 43a20894-b4bc-4e8f-86b5-865fb458c74f is started using port 39315 for RATIS_ADMIN
2021-03-15 13:35:39,314 [EndpointStateMachine task thread for /0.0.0.0:46119 - 0 ] INFO  ratis.XceiverServerRatis (XceiverServerRatis.java:getRealPort(507)) - XceiverServerRatis 43a20894-b4bc-4e8f-86b5-865fb458c74f is started using port 39315 for RATIS_SERVER
2021-03-15 13:35:39,316 [org.apache.ratis.util.JvmPauseMonitor$$Lambda$494/1751830047@240dcda7] INFO  util.JvmPauseMonitor (JvmPauseMonitor.java:run(103)) - JvmPauseMonitor-43a20894-b4bc-4e8f-86b5-865fb458c74f: Started
2021-03-15 13:35:39,316 [EndpointStateMachine task thread for /0.0.0.0:46119 - 0 ] INFO  server.XceiverServerGrpc (XceiverServerGrpc.java:start(135)) - XceiverServerGrpc 43a20894-b4bc-4e8f-86b5-865fb458c74f is started using port 33351
2021-03-15 13:35:39,398 [IPC Server handler 3 on default port 46119] INFO  net.NetworkTopologyImpl (NetworkTopologyImpl.java:add(112)) - Added a new node: /default-rack/6cd9ceaa-b54f-4187-9c12-925a7628e128
2021-03-15 13:35:39,398 [IPC Server handler 3 on default port 46119] INFO  node.SCMNodeManager (SCMNodeManager.java:register(345)) - Registered Data node : 6cd9ceaa-b54f-4187-9c12-925a7628e128{ip: 172.17.0.2, host: 287f2862ff4e, ports: [REPLICATION=40173, RATIS=39055, RATIS_ADMIN=39055, RATIS_SERVER=39055, STANDALONE=42545], networkLocation: /default-rack, certSerialId: null, persistedOpState: null, persistedOpStateExpiryEpochSec: 0}
2021-03-15 13:35:39,399 [RatisPipelineUtilsThread] INFO  pipeline.RatisPipelineProvider (RatisPipelineProvider.java:lambda$create$0(161)) - Sending CreatePipelineCommand for pipeline:PipelineID=4fbf42f8-f0e4-4daf-bedb-90cc2bad1cfc to datanode:6cd9ceaa-b54f-4187-9c12-925a7628e128
2021-03-15 13:35:39,399 [EventQueue-NodeRegistrationContainerReportForContainerSafeModeRule] INFO  safemode.SCMSafeModeManager (SCMSafeModeManager.java:validateSafeModeExitRules(214)) - ContainerSafeModeRule rule is successfully validated
2021-03-15 13:35:39,399 [EventQueue-NodeRegistrationContainerReportForDataNodeSafeModeRule] INFO  safemode.SCMSafeModeManager (SCMSafeModeManager.java:validateSafeModeExitRules(214)) - DataNodeSafeModeRule rule is successfully validated
2021-03-15 13:35:39,399 [EventQueue-PipelineReportForOneReplicaPipelineSafeModeRule] INFO  safemode.SCMSafeModeManager (SCMSafeModeManager.java:validateSafeModeExitRules(214)) - AtleastOneDatanodeReportedRule rule is successfully validated
2021-03-15 13:35:39,399 [RatisPipelineUtilsThread] INFO  pipeline.PipelineStateManager (PipelineStateManager.java:addPipeline(54)) - Created pipeline Pipeline[ Id: 4fbf42f8-f0e4-4daf-bedb-90cc2bad1cfc, Nodes: 6cd9ceaa-b54f-4187-9c12-925a7628e128{ip: 172.17.0.2, host: 287f2862ff4e, ports: [REPLICATION=40173, RATIS=39055, RATIS_ADMIN=39055, RATIS_SERVER=39055, STANDALONE=42545], networkLocation: /default-rack, certSerialId: null, persistedOpState: IN_SERVICE, persistedOpStateExpiryEpochSec: 0}, Type:RATIS, Factor:ONE, State:ALLOCATED, leaderId:, CreationTimestamp2021-03-15T13:35:39.399Z]
2021-03-15 13:35:39,402 [RatisPipelineUtilsThread] INFO  pipeline.RatisPipelineProvider (RatisPipelineProvider.java:lambda$create$0(161)) - Sending CreatePipelineCommand for pipeline:PipelineID=d6702ae9-653c-4305-a4d9-43de234879e5 to datanode:2d24b89a-5033-4a49-b30e-962358659472
2021-03-15 13:35:39,402 [RatisPipelineUtilsThread] INFO  pipeline.RatisPipelineProvider (RatisPipelineProvider.java:lambda$create$0(161)) - Sending CreatePipelineCommand for pipeline:PipelineID=d6702ae9-653c-4305-a4d9-43de234879e5 to datanode:1e038761-1b78-4d65-9d2c-f5326a28b9d0
2021-03-15 13:35:39,402 [RatisPipelineUtilsThread] INFO  pipeline.RatisPipelineProvider (RatisPipelineProvider.java:lambda$create$0(161)) - Sending CreatePipelineCommand for pipeline:PipelineID=d6702ae9-653c-4305-a4d9-43de234879e5 to datanode:6cd9ceaa-b54f-4187-9c12-925a7628e128
2021-03-15 13:35:39,404 [RatisPipelineUtilsThread] INFO  pipeline.PipelineStateManager (PipelineStateManager.java:addPipeline(54)) - Created pipeline Pipeline[ Id: d6702ae9-653c-4305-a4d9-43de234879e5, Nodes: 2d24b89a-5033-4a49-b30e-962358659472{ip: 172.17.0.2, host: 287f2862ff4e, ports: [REPLICATION=35961, RATIS=35689, RATIS_ADMIN=35689, RATIS_SERVER=35689, STANDALONE=39073], networkLocation: /default-rack, certSerialId: null, persistedOpState: IN_SERVICE, persistedOpStateExpiryEpochSec: 0}1e038761-1b78-4d65-9d2c-f5326a28b9d0{ip: 172.17.0.2, host: 287f2862ff4e, ports: [REPLICATION=33091, RATIS=41979, RATIS_ADMIN=41979, RATIS_SERVER=41979, STANDALONE=40433], networkLocation: /default-rack, certSerialId: null, persistedOpState: IN_SERVICE, persistedOpStateExpiryEpochSec: 0}6cd9ceaa-b54f-4187-9c12-925a7628e128{ip: 172.17.0.2, host: 287f2862ff4e, ports: [REPLICATION=40173, RATIS=39055, RATIS_ADMIN=39055, RATIS_SERVER=39055, STANDALONE=42545], networkLocation: /default-rack, certSerialId: null, persistedOpState: IN_SERVICE, persistedOpStateExpiryEpochSec: 0}, Type:RATIS, Factor:THREE, State:ALLOCATED, leaderId:, CreationTimestamp2021-03-15T13:35:39.402Z]
2021-03-15 13:35:39,404 [RatisPipelineUtilsThread] INFO  pipeline.RatisPipelineProvider (RatisPipelineProvider.java:lambda$create$0(161)) - Sending CreatePipelineCommand for pipeline:PipelineID=e8f31fe7-2c7e-490a-ba00-7f65b5b9142a to datanode:1e038761-1b78-4d65-9d2c-f5326a28b9d0
2021-03-15 13:35:39,404 [RatisPipelineUtilsThread] INFO  pipeline.RatisPipelineProvider (RatisPipelineProvider.java:lambda$create$0(161)) - Sending CreatePipelineCommand for pipeline:PipelineID=e8f31fe7-2c7e-490a-ba00-7f65b5b9142a to datanode:6cd9ceaa-b54f-4187-9c12-925a7628e128
2021-03-15 13:35:39,405 [RatisPipelineUtilsThread] INFO  pipeline.RatisPipelineProvider (RatisPipelineProvider.java:lambda$create$0(161)) - Sending CreatePipelineCommand for pipeline:PipelineID=e8f31fe7-2c7e-490a-ba00-7f65b5b9142a to datanode:2d24b89a-5033-4a49-b30e-962358659472
2021-03-15 13:35:39,405 [RatisPipelineUtilsThread] INFO  pipeline.PipelineStateManager (PipelineStateManager.java:addPipeline(54)) - Created pipeline Pipeline[ Id: e8f31fe7-2c7e-490a-ba00-7f65b5b9142a, Nodes: 1e038761-1b78-4d65-9d2c-f5326a28b9d0{ip: 172.17.0.2, host: 287f2862ff4e, ports: [REPLICATION=33091, RATIS=41979, RATIS_ADMIN=41979, RATIS_SERVER=41979, STANDALONE=40433], networkLocation: /default-rack, certSerialId: null, persistedOpState: IN_SERVICE, persistedOpStateExpiryEpochSec: 0}6cd9ceaa-b54f-4187-9c12-925a7628e128{ip: 172.17.0.2, host: 287f2862ff4e, ports: [REPLICATION=40173, RATIS=39055, RATIS_ADMIN=39055, RATIS_SERVER=39055, STANDALONE=42545], networkLocation: /default-rack, certSerialId: null, persistedOpState: IN_SERVICE, persistedOpStateExpiryEpochSec: 0}2d24b89a-5033-4a49-b30e-962358659472{ip: 172.17.0.2, host: 287f2862ff4e, ports: [REPLICATION=35961, RATIS=35689, RATIS_ADMIN=35689, RATIS_SERVER=35689, STANDALONE=39073], networkLocation: /default-rack, certSerialId: null, persistedOpState: IN_SERVICE, persistedOpStateExpiryEpochSec: 0}, Type:RATIS, Factor:THREE, State:ALLOCATED, leaderId:, CreationTimestamp2021-03-15T13:35:39.404Z]
2021-03-15 13:35:39,405 [RatisPipelineUtilsThread] INFO  pipeline.SCMPipelineManager (SCMPipelineManager.java:recordMetricsForPipeline(243)) - Pipeline: PipelineID=e8f31fe7-2c7e-490a-ba00-7f65b5b9142a contains same datanodes as previous pipelines: PipelineID=d6702ae9-653c-4305-a4d9-43de234879e5 nodeIds: 1e038761-1b78-4d65-9d2c-f5326a28b9d0, 6cd9ceaa-b54f-4187-9c12-925a7628e128, 2d24b89a-5033-4a49-b30e-962358659472
2021-03-15 13:35:39,708 [IPC Server handler 4 on default port 46119] INFO  net.NetworkTopologyImpl (NetworkTopologyImpl.java:add(112)) - Added a new node: /default-rack/7ad4b354-5524-4bbe-8c06-278e17beb4ab
2021-03-15 13:35:39,709 [IPC Server handler 4 on default port 46119] INFO  node.SCMNodeManager (SCMNodeManager.java:register(345)) - Registered Data node : 7ad4b354-5524-4bbe-8c06-278e17beb4ab{ip: 172.17.0.2, host: 287f2862ff4e, ports: [REPLICATION=40437, RATIS=36095, RATIS_ADMIN=36095, RATIS_SERVER=36095, STANDALONE=39065], networkLocation: /default-rack, certSerialId: null, persistedOpState: null, persistedOpStateExpiryEpochSec: 0}
2021-03-15 13:35:39,709 [EventQueue-NodeRegistrationContainerReportForContainerSafeModeRule] INFO  safemode.SCMSafeModeManager (SCMSafeModeManager.java:validateSafeModeExitRules(214)) - ContainerSafeModeRule rule is successfully validated
2021-03-15 13:35:39,709 [EventQueue-NodeRegistrationContainerReportForDataNodeSafeModeRule] INFO  safemode.SCMSafeModeManager (SCMSafeModeManager.java:validateSafeModeExitRules(214)) - DataNodeSafeModeRule rule is successfully validated
2021-03-15 13:35:39,709 [EventQueue-PipelineReportForOneReplicaPipelineSafeModeRule] INFO  safemode.SCMSafeModeManager (SCMSafeModeManager.java:validateSafeModeExitRules(214)) - AtleastOneDatanodeReportedRule rule is successfully validated
2021-03-15 13:35:39,710 [RatisPipelineUtilsThread] INFO  pipeline.RatisPipelineProvider (RatisPipelineProvider.java:lambda$create$0(161)) - Sending CreatePipelineCommand for pipeline:PipelineID=dbbf0aa3-15de-4bc7-a180-ae8a7dd683c1 to datanode:7ad4b354-5524-4bbe-8c06-278e17beb4ab
2021-03-15 13:35:39,711 [RatisPipelineUtilsThread] INFO  pipeline.PipelineStateManager (PipelineStateManager.java:addPipeline(54)) - Created pipeline Pipeline[ Id: dbbf0aa3-15de-4bc7-a180-ae8a7dd683c1, Nodes: 7ad4b354-5524-4bbe-8c06-278e17beb4ab{ip: 172.17.0.2, host: 287f2862ff4e, ports: [REPLICATION=40437, RATIS=36095, RATIS_ADMIN=36095, RATIS_SERVER=36095, STANDALONE=39065], networkLocation: /default-rack, certSerialId: null, persistedOpState: IN_SERVICE, persistedOpStateExpiryEpochSec: 0}, Type:RATIS, Factor:ONE, State:ALLOCATED, leaderId:, CreationTimestamp2021-03-15T13:35:39.710Z]
2021-03-15 13:35:39,946 [IPC Server handler 5 on default port 46119] INFO  net.NetworkTopologyImpl (NetworkTopologyImpl.java:add(112)) - Added a new node: /default-rack/2479fe59-7b65-4ff2-bce5-1a4041a1f829
2021-03-15 13:35:39,947 [IPC Server handler 5 on default port 46119] INFO  node.SCMNodeManager (SCMNodeManager.java:register(345)) - Registered Data node : 2479fe59-7b65-4ff2-bce5-1a4041a1f829{ip: 172.17.0.2, host: 287f2862ff4e, ports: [REPLICATION=42755, RATIS=46445, RATIS_ADMIN=46445, RATIS_SERVER=46445, STANDALONE=34423], networkLocation: /default-rack, certSerialId: null, persistedOpState: null, persistedOpStateExpiryEpochSec: 0}
2021-03-15 13:35:39,947 [EventQueue-PipelineReportForOneReplicaPipelineSafeModeRule] INFO  safemode.SCMSafeModeManager (SCMSafeModeManager.java:validateSafeModeExitRules(214)) - AtleastOneDatanodeReportedRule rule is successfully validated
2021-03-15 13:35:39,948 [RatisPipelineUtilsThread] INFO  pipeline.RatisPipelineProvider (RatisPipelineProvider.java:lambda$create$0(161)) - Sending CreatePipelineCommand for pipeline:PipelineID=e413bafd-5876-4d83-9af0-257d9b27db90 to datanode:2479fe59-7b65-4ff2-bce5-1a4041a1f829
2021-03-15 13:35:39,948 [EventQueue-NodeRegistrationContainerReportForDataNodeSafeModeRule] INFO  safemode.SCMSafeModeManager (SCMSafeModeManager.java:validateSafeModeExitRules(214)) - DataNodeSafeModeRule rule is successfully validated
2021-03-15 13:35:39,949 [EventQueue-NodeRegistrationContainerReportForContainerSafeModeRule] INFO  safemode.SCMSafeModeManager (SCMSafeModeManager.java:validateSafeModeExitRules(214)) - ContainerSafeModeRule rule is successfully validated
2021-03-15 13:35:39,949 [RatisPipelineUtilsThread] INFO  pipeline.PipelineStateManager (PipelineStateManager.java:addPipeline(54)) - Created pipeline Pipeline[ Id: e413bafd-5876-4d83-9af0-257d9b27db90, Nodes: 2479fe59-7b65-4ff2-bce5-1a4041a1f829{ip: 172.17.0.2, host: 287f2862ff4e, ports: [REPLICATION=42755, RATIS=46445, RATIS_ADMIN=46445, RATIS_SERVER=46445, STANDALONE=34423], networkLocation: /default-rack, certSerialId: null, persistedOpState: IN_SERVICE, persistedOpStateExpiryEpochSec: 0}, Type:RATIS, Factor:ONE, State:ALLOCATED, leaderId:, CreationTimestamp2021-03-15T13:35:39.948Z]
2021-03-15 13:35:40,216 [IPC Server handler 1 on default port 46119] INFO  net.NetworkTopologyImpl (NetworkTopologyImpl.java:add(112)) - Added a new node: /default-rack/275eefd6-a602-4773-a0ea-a3b6f7cdc32e
2021-03-15 13:35:40,216 [IPC Server handler 1 on default port 46119] INFO  node.SCMNodeManager (SCMNodeManager.java:register(345)) - Registered Data node : 275eefd6-a602-4773-a0ea-a3b6f7cdc32e{ip: 172.17.0.2, host: 287f2862ff4e, ports: [REPLICATION=37739, RATIS=44945, RATIS_ADMIN=44945, RATIS_SERVER=44945, STANDALONE=41613], networkLocation: /default-rack, certSerialId: null, persistedOpState: null, persistedOpStateExpiryEpochSec: 0}
2021-03-15 13:35:40,217 [EventQueue-NodeRegistrationContainerReportForDataNodeSafeModeRule] INFO  safemode.SCMSafeModeManager (SCMSafeModeManager.java:validateSafeModeExitRules(214)) - DataNodeSafeModeRule rule is successfully validated
2021-03-15 13:35:40,217 [RatisPipelineUtilsThread] INFO  pipeline.RatisPipelineProvider (RatisPipelineProvider.java:lambda$create$0(161)) - Sending CreatePipelineCommand for pipeline:PipelineID=c4d052ff-d404-4ff1-8872-156ee707f88f to datanode:275eefd6-a602-4773-a0ea-a3b6f7cdc32e
2021-03-15 13:35:40,218 [RatisPipelineUtilsThread] INFO  pipeline.PipelineStateManager (PipelineStateManager.java:addPipeline(54)) - Created pipeline Pipeline[ Id: c4d052ff-d404-4ff1-8872-156ee707f88f, Nodes: 275eefd6-a602-4773-a0ea-a3b6f7cdc32e{ip: 172.17.0.2, host: 287f2862ff4e, ports: [REPLICATION=37739, RATIS=44945, RATIS_ADMIN=44945, RATIS_SERVER=44945, STANDALONE=41613], networkLocation: /default-rack, certSerialId: null, persistedOpState: IN_SERVICE, persistedOpStateExpiryEpochSec: 0}, Type:RATIS, Factor:ONE, State:ALLOCATED, leaderId:, CreationTimestamp2021-03-15T13:35:40.217Z]
2021-03-15 13:35:40,218 [RatisPipelineUtilsThread] INFO  pipeline.RatisPipelineProvider (RatisPipelineProvider.java:lambda$create$0(161)) - Sending CreatePipelineCommand for pipeline:PipelineID=7158f7ae-ef3b-4084-8cca-44737836dd86 to datanode:7ad4b354-5524-4bbe-8c06-278e17beb4ab
2021-03-15 13:35:40,219 [RatisPipelineUtilsThread] INFO  pipeline.RatisPipelineProvider (RatisPipelineProvider.java:lambda$create$0(161)) - Sending CreatePipelineCommand for pipeline:PipelineID=7158f7ae-ef3b-4084-8cca-44737836dd86 to datanode:2479fe59-7b65-4ff2-bce5-1a4041a1f829
2021-03-15 13:35:40,219 [RatisPipelineUtilsThread] INFO  pipeline.RatisPipelineProvider (RatisPipelineProvider.java:lambda$create$0(161)) - Sending CreatePipelineCommand for pipeline:PipelineID=7158f7ae-ef3b-4084-8cca-44737836dd86 to datanode:275eefd6-a602-4773-a0ea-a3b6f7cdc32e
2021-03-15 13:35:40,219 [RatisPipelineUtilsThread] INFO  pipeline.PipelineStateManager (PipelineStateManager.java:addPipeline(54)) - Created pipeline Pipeline[ Id: 7158f7ae-ef3b-4084-8cca-44737836dd86, Nodes: 7ad4b354-5524-4bbe-8c06-278e17beb4ab{ip: 172.17.0.2, host: 287f2862ff4e, ports: [REPLICATION=40437, RATIS=36095, RATIS_ADMIN=36095, RATIS_SERVER=36095, STANDALONE=39065], networkLocation: /default-rack, certSerialId: null, persistedOpState: IN_SERVICE, persistedOpStateExpiryEpochSec: 0}2479fe59-7b65-4ff2-bce5-1a4041a1f829{ip: 172.17.0.2, host: 287f2862ff4e, ports: [REPLICATION=42755, RATIS=46445, RATIS_ADMIN=46445, RATIS_SERVER=46445, STANDALONE=34423], networkLocation: /default-rack, certSerialId: null, persistedOpState: IN_SERVICE, persistedOpStateExpiryEpochSec: 0}275eefd6-a602-4773-a0ea-a3b6f7cdc32e{ip: 172.17.0.2, host: 287f2862ff4e, ports: [REPLICATION=37739, RATIS=44945, RATIS_ADMIN=44945, RATIS_SERVER=44945, STANDALONE=41613], networkLocation: /default-rack, certSerialId: null, persistedOpState: IN_SERVICE, persistedOpStateExpiryEpochSec: 0}, Type:RATIS, Factor:THREE, State:ALLOCATED, leaderId:, CreationTimestamp2021-03-15T13:35:40.218Z]
2021-03-15 13:35:40,220 [RatisPipelineUtilsThread] INFO  pipeline.RatisPipelineProvider (RatisPipelineProvider.java:lambda$create$0(161)) - Sending CreatePipelineCommand for pipeline:PipelineID=b63b7cd9-4191-44cc-86bf-9c73dc2e5cbf to datanode:275eefd6-a602-4773-a0ea-a3b6f7cdc32e
2021-03-15 13:35:40,220 [RatisPipelineUtilsThread] INFO  pipeline.RatisPipelineProvider (RatisPipelineProvider.java:lambda$create$0(161)) - Sending CreatePipelineCommand for pipeline:PipelineID=b63b7cd9-4191-44cc-86bf-9c73dc2e5cbf to datanode:7ad4b354-5524-4bbe-8c06-278e17beb4ab
2021-03-15 13:35:40,220 [RatisPipelineUtilsThread] INFO  pipeline.RatisPipelineProvider (RatisPipelineProvider.java:lambda$create$0(161)) - Sending CreatePipelineCommand for pipeline:PipelineID=b63b7cd9-4191-44cc-86bf-9c73dc2e5cbf to datanode:2479fe59-7b65-4ff2-bce5-1a4041a1f829
2021-03-15 13:35:40,217 [EventQueue-NodeRegistrationContainerReportForContainerSafeModeRule] INFO  safemode.SCMSafeModeManager (SCMSafeModeManager.java:validateSafeModeExitRules(214)) - ContainerSafeModeRule rule is successfully validated
2021-03-15 13:35:40,222 [EventQueue-PipelineReportForOneReplicaPipelineSafeModeRule] INFO  safemode.SCMSafeModeManager (SCMSafeModeManager.java:validateSafeModeExitRules(214)) - AtleastOneDatanodeReportedRule rule is successfully validated
2021-03-15 13:35:40,221 [RatisPipelineUtilsThread] INFO  pipeline.PipelineStateManager (PipelineStateManager.java:addPipeline(54)) - Created pipeline Pipeline[ Id: b63b7cd9-4191-44cc-86bf-9c73dc2e5cbf, Nodes: 275eefd6-a602-4773-a0ea-a3b6f7cdc32e{ip: 172.17.0.2, host: 287f2862ff4e, ports: [REPLICATION=37739, RATIS=44945, RATIS_ADMIN=44945, RATIS_SERVER=44945, STANDALONE=41613], networkLocation: /default-rack, certSerialId: null, persistedOpState: IN_SERVICE, persistedOpStateExpiryEpochSec: 0}7ad4b354-5524-4bbe-8c06-278e17beb4ab{ip: 172.17.0.2, host: 287f2862ff4e, ports: [REPLICATION=40437, RATIS=36095, RATIS_ADMIN=36095, RATIS_SERVER=36095, STANDALONE=39065], networkLocation: /default-rack, certSerialId: null, persistedOpState: IN_SERVICE, persistedOpStateExpiryEpochSec: 0}2479fe59-7b65-4ff2-bce5-1a4041a1f829{ip: 172.17.0.2, host: 287f2862ff4e, ports: [REPLICATION=42755, RATIS=46445, RATIS_ADMIN=46445, RATIS_SERVER=46445, STANDALONE=34423], networkLocation: /default-rack, certSerialId: null, persistedOpState: IN_SERVICE, persistedOpStateExpiryEpochSec: 0}, Type:RATIS, Factor:THREE, State:ALLOCATED, leaderId:, CreationTimestamp2021-03-15T13:35:40.220Z]
2021-03-15 13:35:40,222 [RatisPipelineUtilsThread] INFO  pipeline.SCMPipelineManager (SCMPipelineManager.java:recordMetricsForPipeline(243)) - Pipeline: PipelineID=b63b7cd9-4191-44cc-86bf-9c73dc2e5cbf contains same datanodes as previous pipelines: PipelineID=7158f7ae-ef3b-4084-8cca-44737836dd86 nodeIds: 275eefd6-a602-4773-a0ea-a3b6f7cdc32e, 7ad4b354-5524-4bbe-8c06-278e17beb4ab, 2479fe59-7b65-4ff2-bce5-1a4041a1f829
2021-03-15 13:35:40,293 [Listener at 127.0.0.1/36325] INFO  ozone.MiniOzoneClusterImpl (MiniOzoneClusterImpl.java:lambda$waitForClusterToBeReady$0(187)) - Waiting for nodes to be ready. Got 6 of 10 DN Heartbeats.
2021-03-15 13:35:40,295 [Listener at 127.0.0.1/36325] INFO  ozone.MiniOzoneClusterImpl (MiniOzoneClusterImpl.java:lambda$waitForClusterToBeReady$0(190)) - Waiting for cluster to exit safe mode
2021-03-15 13:35:40,424 [IPC Server handler 4 on default port 46119] INFO  net.NetworkTopologyImpl (NetworkTopologyImpl.java:add(112)) - Added a new node: /default-rack/91c1ad6d-8d99-4a41-8a32-9427c133f69b
2021-03-15 13:35:40,424 [IPC Server handler 4 on default port 46119] INFO  node.SCMNodeManager (SCMNodeManager.java:register(345)) - Registered Data node : 91c1ad6d-8d99-4a41-8a32-9427c133f69b{ip: 172.17.0.2, host: 287f2862ff4e, ports: [REPLICATION=46269, RATIS=42395, RATIS_ADMIN=42395, RATIS_SERVER=42395, STANDALONE=34483], networkLocation: /default-rack, certSerialId: null, persistedOpState: null, persistedOpStateExpiryEpochSec: 0}
2021-03-15 13:35:40,424 [RatisPipelineUtilsThread] INFO  pipeline.RatisPipelineProvider (RatisPipelineProvider.java:lambda$create$0(161)) - Sending CreatePipelineCommand for pipeline:PipelineID=e458a918-cf05-4f7a-b963-9ddf8f118b76 to datanode:91c1ad6d-8d99-4a41-8a32-9427c133f69b
2021-03-15 13:35:40,424 [EventQueue-NodeRegistrationContainerReportForContainerSafeModeRule] INFO  safemode.SCMSafeModeManager (SCMSafeModeManager.java:validateSafeModeExitRules(214)) - ContainerSafeModeRule rule is successfully validated
2021-03-15 13:35:40,425 [EventQueue-NodeRegistrationContainerReportForDataNodeSafeModeRule] INFO  safemode.SCMSafeModeManager (SCMSafeModeManager.java:validateSafeModeExitRules(214)) - DataNodeSafeModeRule rule is successfully validated
2021-03-15 13:35:40,425 [EventQueue-PipelineReportForOneReplicaPipelineSafeModeRule] INFO  safemode.SCMSafeModeManager (SCMSafeModeManager.java:validateSafeModeExitRules(214)) - AtleastOneDatanodeReportedRule rule is successfully validated
2021-03-15 13:35:40,426 [RatisPipelineUtilsThread] INFO  pipeline.PipelineStateManager (PipelineStateManager.java:addPipeline(54)) - Created pipeline Pipeline[ Id: e458a918-cf05-4f7a-b963-9ddf8f118b76, Nodes: 91c1ad6d-8d99-4a41-8a32-9427c133f69b{ip: 172.17.0.2, host: 287f2862ff4e, ports: [REPLICATION=46269, RATIS=42395, RATIS_ADMIN=42395, RATIS_SERVER=42395, STANDALONE=34483], networkLocation: /default-rack, certSerialId: null, persistedOpState: IN_SERVICE, persistedOpStateExpiryEpochSec: 0}, Type:RATIS, Factor:ONE, State:ALLOCATED, leaderId:, CreationTimestamp2021-03-15T13:35:40.424Z]
2021-03-15 13:35:40,617 [EventQueue-PipelineReportForOneReplicaPipelineSafeModeRule] INFO  safemode.SCMSafeModeManager (SCMSafeModeManager.java:validateSafeModeExitRules(214)) - AtleastOneDatanodeReportedRule rule is successfully validated
2021-03-15 13:35:40,797 [EventQueue-PipelineReportForOneReplicaPipelineSafeModeRule] INFO  safemode.SCMSafeModeManager (SCMSafeModeManager.java:validateSafeModeExitRules(214)) - AtleastOneDatanodeReportedRule rule is successfully validated
2021-03-15 13:35:40,807 [IPC Server handler 7 on default port 46119] INFO  net.NetworkTopologyImpl (NetworkTopologyImpl.java:add(112)) - Added a new node: /default-rack/cbb45d95-806f-4aa6-a8d4-3f48f4f3d8f4
2021-03-15 13:35:40,810 [IPC Server handler 7 on default port 46119] INFO  node.SCMNodeManager (SCMNodeManager.java:register(345)) - Registered Data node : cbb45d95-806f-4aa6-a8d4-3f48f4f3d8f4{ip: 172.17.0.2, host: 287f2862ff4e, ports: [REPLICATION=34143, RATIS=36727, RATIS_ADMIN=36727, RATIS_SERVER=36727, STANDALONE=40453], networkLocation: /default-rack, certSerialId: null, persistedOpState: null, persistedOpStateExpiryEpochSec: 0}
2021-03-15 13:35:40,810 [EventQueue-PipelineReportForOneReplicaPipelineSafeModeRule] INFO  safemode.SCMSafeModeManager (SCMSafeModeManager.java:validateSafeModeExitRules(214)) - AtleastOneDatanodeReportedRule rule is successfully validated
2021-03-15 13:35:40,811 [EventQueue-NodeRegistrationContainerReportForContainerSafeModeRule] INFO  safemode.SCMSafeModeManager (SCMSafeModeManager.java:validateSafeModeExitRules(214)) - ContainerSafeModeRule rule is successfully validated
2021-03-15 13:35:40,811 [EventQueue-NodeRegistrationContainerReportForDataNodeSafeModeRule] INFO  safemode.SCMSafeModeManager (SCMSafeModeManager.java:validateSafeModeExitRules(214)) - DataNodeSafeModeRule rule is successfully validated
2021-03-15 13:35:40,812 [RatisPipelineUtilsThread] INFO  pipeline.RatisPipelineProvider (RatisPipelineProvider.java:lambda$create$0(161)) - Sending CreatePipelineCommand for pipeline:PipelineID=09d919f2-ad4d-4df9-9a40-a803d50beb2f to datanode:cbb45d95-806f-4aa6-a8d4-3f48f4f3d8f4
2021-03-15 13:35:40,813 [RatisPipelineUtilsThread] INFO  pipeline.PipelineStateManager (PipelineStateManager.java:addPipeline(54)) - Created pipeline Pipeline[ Id: 09d919f2-ad4d-4df9-9a40-a803d50beb2f, Nodes: cbb45d95-806f-4aa6-a8d4-3f48f4f3d8f4{ip: 172.17.0.2, host: 287f2862ff4e, ports: [REPLICATION=34143, RATIS=36727, RATIS_ADMIN=36727, RATIS_SERVER=36727, STANDALONE=40453], networkLocation: /default-rack, certSerialId: null, persistedOpState: IN_SERVICE, persistedOpStateExpiryEpochSec: 0}, Type:RATIS, Factor:ONE, State:ALLOCATED, leaderId:, CreationTimestamp2021-03-15T13:35:40.812Z]
2021-03-15 13:35:40,992 [EventQueue-PipelineReportForOneReplicaPipelineSafeModeRule] INFO  safemode.SCMSafeModeManager (SCMSafeModeManager.java:validateSafeModeExitRules(214)) - AtleastOneDatanodeReportedRule rule is successfully validated
2021-03-15 13:35:41,044 [IPC Server handler 12 on default port 46119] INFO  net.NetworkTopologyImpl (NetworkTopologyImpl.java:add(112)) - Added a new node: /default-rack/8d28b06d-ee05-40ab-87ae-857598c7fa3f
2021-03-15 13:35:41,045 [IPC Server handler 12 on default port 46119] INFO  node.SCMNodeManager (SCMNodeManager.java:register(345)) - Registered Data node : 8d28b06d-ee05-40ab-87ae-857598c7fa3f{ip: 172.17.0.2, host: 287f2862ff4e, ports: [REPLICATION=32815, RATIS=38475, RATIS_ADMIN=38475, RATIS_SERVER=38475, STANDALONE=43249], networkLocation: /default-rack, certSerialId: null, persistedOpState: null, persistedOpStateExpiryEpochSec: 0}
2021-03-15 13:35:41,045 [EventQueue-NodeRegistrationContainerReportForContainerSafeModeRule] INFO  safemode.SCMSafeModeManager (SCMSafeModeManager.java:validateSafeModeExitRules(214)) - ContainerSafeModeRule rule is successfully validated
2021-03-15 13:35:41,046 [EventQueue-PipelineReportForOneReplicaPipelineSafeModeRule] INFO  safemode.SCMSafeModeManager (SCMSafeModeManager.java:validateSafeModeExitRules(214)) - AtleastOneDatanodeReportedRule rule is successfully validated
2021-03-15 13:35:41,046 [EventQueue-NodeRegistrationContainerReportForDataNodeSafeModeRule] INFO  safemode.SCMSafeModeManager (SCMSafeModeManager.java:validateSafeModeExitRules(214)) - DataNodeSafeModeRule rule is successfully validated
2021-03-15 13:35:41,046 [RatisPipelineUtilsThread] INFO  pipeline.RatisPipelineProvider (RatisPipelineProvider.java:lambda$create$0(161)) - Sending CreatePipelineCommand for pipeline:PipelineID=d0341783-c42b-4795-80e3-710a16325287 to datanode:8d28b06d-ee05-40ab-87ae-857598c7fa3f
2021-03-15 13:35:41,047 [RatisPipelineUtilsThread] INFO  pipeline.PipelineStateManager (PipelineStateManager.java:addPipeline(54)) - Created pipeline Pipeline[ Id: d0341783-c42b-4795-80e3-710a16325287, Nodes: 8d28b06d-ee05-40ab-87ae-857598c7fa3f{ip: 172.17.0.2, host: 287f2862ff4e, ports: [REPLICATION=32815, RATIS=38475, RATIS_ADMIN=38475, RATIS_SERVER=38475, STANDALONE=43249], networkLocation: /default-rack, certSerialId: null, persistedOpState: IN_SERVICE, persistedOpStateExpiryEpochSec: 0}, Type:RATIS, Factor:ONE, State:ALLOCATED, leaderId:, CreationTimestamp2021-03-15T13:35:41.046Z]
2021-03-15 13:35:41,047 [RatisPipelineUtilsThread] INFO  pipeline.RatisPipelineProvider (RatisPipelineProvider.java:lambda$create$0(161)) - Sending CreatePipelineCommand for pipeline:PipelineID=55541119-2898-47c0-aa16-984857f48b05 to datanode:91c1ad6d-8d99-4a41-8a32-9427c133f69b
2021-03-15 13:35:41,047 [RatisPipelineUtilsThread] INFO  pipeline.RatisPipelineProvider (RatisPipelineProvider.java:lambda$create$0(161)) - Sending CreatePipelineCommand for pipeline:PipelineID=55541119-2898-47c0-aa16-984857f48b05 to datanode:8d28b06d-ee05-40ab-87ae-857598c7fa3f
2021-03-15 13:35:41,047 [RatisPipelineUtilsThread] INFO  pipeline.RatisPipelineProvider (RatisPipelineProvider.java:lambda$create$0(161)) - Sending CreatePipelineCommand for pipeline:PipelineID=55541119-2898-47c0-aa16-984857f48b05 to datanode:cbb45d95-806f-4aa6-a8d4-3f48f4f3d8f4
2021-03-15 13:35:41,048 [RatisPipelineUtilsThread] INFO  pipeline.PipelineStateManager (PipelineStateManager.java:addPipeline(54)) - Created pipeline Pipeline[ Id: 55541119-2898-47c0-aa16-984857f48b05, Nodes: 91c1ad6d-8d99-4a41-8a32-9427c133f69b{ip: 172.17.0.2, host: 287f2862ff4e, ports: [REPLICATION=46269, RATIS=42395, RATIS_ADMIN=42395, RATIS_SERVER=42395, STANDALONE=34483], networkLocation: /default-rack, certSerialId: null, persistedOpState: IN_SERVICE, persistedOpStateExpiryEpochSec: 0}8d28b06d-ee05-40ab-87ae-857598c7fa3f{ip: 172.17.0.2, host: 287f2862ff4e, ports: [REPLICATION=32815, RATIS=38475, RATIS_ADMIN=38475, RATIS_SERVER=38475, STANDALONE=43249], networkLocation: /default-rack, certSerialId: null, persistedOpState: IN_SERVICE, persistedOpStateExpiryEpochSec: 0}cbb45d95-806f-4aa6-a8d4-3f48f4f3d8f4{ip: 172.17.0.2, host: 287f2862ff4e, ports: [REPLICATION=34143, RATIS=36727, RATIS_ADMIN=36727, RATIS_SERVER=36727, STANDALONE=40453], networkLocation: /default-rack, certSerialId: null, persistedOpState: IN_SERVICE, persistedOpStateExpiryEpochSec: 0}, Type:RATIS, Factor:THREE, State:ALLOCATED, leaderId:, CreationTimestamp2021-03-15T13:35:41.047Z]
2021-03-15 13:35:41,049 [RatisPipelineUtilsThread] INFO  pipeline.RatisPipelineProvider (RatisPipelineProvider.java:lambda$create$0(161)) - Sending CreatePipelineCommand for pipeline:PipelineID=c18e5db0-2951-40e5-b007-df338d8ff67d to datanode:8d28b06d-ee05-40ab-87ae-857598c7fa3f
2021-03-15 13:35:41,049 [RatisPipelineUtilsThread] INFO  pipeline.RatisPipelineProvider (RatisPipelineProvider.java:lambda$create$0(161)) - Sending CreatePipelineCommand for pipeline:PipelineID=c18e5db0-2951-40e5-b007-df338d8ff67d to datanode:91c1ad6d-8d99-4a41-8a32-9427c133f69b
2021-03-15 13:35:41,049 [RatisPipelineUtilsThread] INFO  pipeline.RatisPipelineProvider (RatisPipelineProvider.java:lambda$create$0(161)) - Sending CreatePipelineCommand for pipeline:PipelineID=c18e5db0-2951-40e5-b007-df338d8ff67d to datanode:cbb45d95-806f-4aa6-a8d4-3f48f4f3d8f4
2021-03-15 13:35:41,050 [RatisPipelineUtilsThread] INFO  pipeline.PipelineStateManager (PipelineStateManager.java:addPipeline(54)) - Created pipeline Pipeline[ Id: c18e5db0-2951-40e5-b007-df338d8ff67d, Nodes: 8d28b06d-ee05-40ab-87ae-857598c7fa3f{ip: 172.17.0.2, host: 287f2862ff4e, ports: [REPLICATION=32815, RATIS=38475, RATIS_ADMIN=38475, RATIS_SERVER=38475, STANDALONE=43249], networkLocation: /default-rack, certSerialId: null, persistedOpState: IN_SERVICE, persistedOpStateExpiryEpochSec: 0}91c1ad6d-8d99-4a41-8a32-9427c133f69b{ip: 172.17.0.2, host: 287f2862ff4e, ports: [REPLICATION=46269, RATIS=42395, RATIS_ADMIN=42395, RATIS_SERVER=42395, STANDALONE=34483], networkLocation: /default-rack, certSerialId: null, persistedOpState: IN_SERVICE, persistedOpStateExpiryEpochSec: 0}cbb45d95-806f-4aa6-a8d4-3f48f4f3d8f4{ip: 172.17.0.2, host: 287f2862ff4e, ports: [REPLICATION=34143, RATIS=36727, RATIS_ADMIN=36727, RATIS_SERVER=36727, STANDALONE=40453], networkLocation: /default-rack, certSerialId: null, persistedOpState: IN_SERVICE, persistedOpStateExpiryEpochSec: 0}, Type:RATIS, Factor:THREE, State:ALLOCATED, leaderId:, CreationTimestamp2021-03-15T13:35:41.049Z]
2021-03-15 13:35:41,050 [RatisPipelineUtilsThread] INFO  pipeline.SCMPipelineManager (SCMPipelineManager.java:recordMetricsForPipeline(243)) - Pipeline: PipelineID=c18e5db0-2951-40e5-b007-df338d8ff67d contains same datanodes as previous pipelines: PipelineID=55541119-2898-47c0-aa16-984857f48b05 nodeIds: 8d28b06d-ee05-40ab-87ae-857598c7fa3f, 91c1ad6d-8d99-4a41-8a32-9427c133f69b, cbb45d95-806f-4aa6-a8d4-3f48f4f3d8f4
2021-03-15 13:35:41,124 [EventQueue-PipelineReportForOneReplicaPipelineSafeModeRule] INFO  safemode.SCMSafeModeManager (SCMSafeModeManager.java:validateSafeModeExitRules(214)) - AtleastOneDatanodeReportedRule rule is successfully validated
2021-03-15 13:35:41,192 [EventQueue-PipelineReportForOneReplicaPipelineSafeModeRule] INFO  safemode.SCMSafeModeManager (SCMSafeModeManager.java:validateSafeModeExitRules(214)) - AtleastOneDatanodeReportedRule rule is successfully validated
2021-03-15 13:35:41,296 [Listener at 127.0.0.1/36325] INFO  ozone.MiniOzoneClusterImpl (MiniOzoneClusterImpl.java:lambda$waitForClusterToBeReady$0(187)) - Waiting for nodes to be ready. Got 9 of 10 DN Heartbeats.
2021-03-15 13:35:41,296 [Listener at 127.0.0.1/36325] INFO  ozone.MiniOzoneClusterImpl (MiniOzoneClusterImpl.java:lambda$waitForClusterToBeReady$0(190)) - Waiting for cluster to exit safe mode
2021-03-15 13:35:41,297 [IPC Server handler 3 on default port 46119] INFO  net.NetworkTopologyImpl (NetworkTopologyImpl.java:add(112)) - Added a new node: /default-rack/43a20894-b4bc-4e8f-86b5-865fb458c74f
2021-03-15 13:35:41,297 [IPC Server handler 3 on default port 46119] INFO  node.SCMNodeManager (SCMNodeManager.java:register(345)) - Registered Data node : 43a20894-b4bc-4e8f-86b5-865fb458c74f{ip: 172.17.0.2, host: 287f2862ff4e, ports: [REPLICATION=43233, RATIS=39315, RATIS_ADMIN=39315, RATIS_SERVER=39315, STANDALONE=33351], networkLocation: /default-rack, certSerialId: null, persistedOpState: null, persistedOpStateExpiryEpochSec: 0}
2021-03-15 13:35:41,297 [EventQueue-PipelineReportForOneReplicaPipelineSafeModeRule] INFO  safemode.SCMSafeModeManager (SCMSafeModeManager.java:validateSafeModeExitRules(214)) - AtleastOneDatanodeReportedRule rule is successfully validated
2021-03-15 13:35:41,298 [EventQueue-NodeRegistrationContainerReportForContainerSafeModeRule] INFO  safemode.SCMSafeModeManager (SCMSafeModeManager.java:validateSafeModeExitRules(214)) - ContainerSafeModeRule rule is successfully validated
2021-03-15 13:35:41,298 [EventQueue-NodeRegistrationContainerReportForDataNodeSafeModeRule] INFO  safemode.SCMSafeModeManager (SCMSafeModeManager.java:validateSafeModeExitRules(214)) - DataNodeSafeModeRule rule is successfully validated
2021-03-15 13:35:41,298 [RatisPipelineUtilsThread] INFO  pipeline.RatisPipelineProvider (RatisPipelineProvider.java:lambda$create$0(161)) - Sending CreatePipelineCommand for pipeline:PipelineID=d4413f96-b2c4-4402-b089-34fb43b6235f to datanode:43a20894-b4bc-4e8f-86b5-865fb458c74f
2021-03-15 13:35:41,299 [RatisPipelineUtilsThread] INFO  pipeline.PipelineStateManager (PipelineStateManager.java:addPipeline(54)) - Created pipeline Pipeline[ Id: d4413f96-b2c4-4402-b089-34fb43b6235f, Nodes: 43a20894-b4bc-4e8f-86b5-865fb458c74f{ip: 172.17.0.2, host: 287f2862ff4e, ports: [REPLICATION=43233, RATIS=39315, RATIS_ADMIN=39315, RATIS_SERVER=39315, STANDALONE=33351], networkLocation: /default-rack, certSerialId: null, persistedOpState: IN_SERVICE, persistedOpStateExpiryEpochSec: 0}, Type:RATIS, Factor:ONE, State:ALLOCATED, leaderId:, CreationTimestamp2021-03-15T13:35:41.298Z]
2021-03-15 13:35:41,323 [EventQueue-PipelineReportForOneReplicaPipelineSafeModeRule] INFO  safemode.SCMSafeModeManager (SCMSafeModeManager.java:validateSafeModeExitRules(214)) - AtleastOneDatanodeReportedRule rule is successfully validated
2021-03-15 13:35:41,392 [EventQueue-PipelineReportForOneReplicaPipelineSafeModeRule] INFO  safemode.SCMSafeModeManager (SCMSafeModeManager.java:validateSafeModeExitRules(214)) - AtleastOneDatanodeReportedRule rule is successfully validated
2021-03-15 13:35:41,398 [EventQueue-PipelineReportForOneReplicaPipelineSafeModeRule] INFO  safemode.SCMSafeModeManager (SCMSafeModeManager.java:validateSafeModeExitRules(214)) - AtleastOneDatanodeReportedRule rule is successfully validated
2021-03-15 13:35:41,522 [EventQueue-PipelineReportForOneReplicaPipelineSafeModeRule] INFO  safemode.SCMSafeModeManager (SCMSafeModeManager.java:validateSafeModeExitRules(214)) - AtleastOneDatanodeReportedRule rule is successfully validated
2021-03-15 13:35:41,592 [EventQueue-PipelineReportForOneReplicaPipelineSafeModeRule] INFO  safemode.SCMSafeModeManager (SCMSafeModeManager.java:validateSafeModeExitRules(214)) - AtleastOneDatanodeReportedRule rule is successfully validated
2021-03-15 13:35:41,596 [EventQueue-PipelineReportForOneReplicaPipelineSafeModeRule] INFO  safemode.SCMSafeModeManager (SCMSafeModeManager.java:validateSafeModeExitRules(214)) - AtleastOneDatanodeReportedRule rule is successfully validated
2021-03-15 13:35:41,605 [Command processor thread] INFO  server.RaftServer (RaftServerProxy.java:addNew(95)) - 2d24b89a-5033-4a49-b30e-962358659472: addNew group-35AA48923619:[2d24b89a-5033-4a49-b30e-962358659472|rpc:172.17.0.2:35689|priority:1] returns group-35AA48923619:java.util.concurrent.CompletableFuture@18f4c203[Not completed]
2021-03-15 13:35:41,618 [pool-40-thread-1] INFO  server.RaftServer$Division (RaftServerImpl.java:<init>(180)) - 2d24b89a-5033-4a49-b30e-962358659472: new RaftServerImpl for group-35AA48923619:[2d24b89a-5033-4a49-b30e-962358659472|rpc:172.17.0.2:35689|priority:1] with ContainerStateMachine:uninitialized
2021-03-15 13:35:41,619 [pool-40-thread-1] INFO  server.RaftServerConfigKeys (ConfUtils.java:logGet(44)) - raft.server.rpc.timeout.min = 5s (custom)
2021-03-15 13:35:41,619 [pool-40-thread-1] INFO  server.RaftServerConfigKeys (ConfUtils.java:logGet(44)) - raft.server.rpc.timeout.max = 5200ms (custom)
2021-03-15 13:35:41,619 [pool-40-thread-1] INFO  server.RaftServerConfigKeys (ConfUtils.java:logGet(44)) - raft.server.rpc.sleep.time = 25ms (default)
2021-03-15 13:35:41,619 [pool-40-thread-1] INFO  server.RaftServerConfigKeys (ConfUtils.java:logGet(44)) - raft.server.rpc.slowness.timeout = 300000ms (custom)
2021-03-15 13:35:41,619 [pool-40-thread-1] INFO  server.RaftServerConfigKeys (ConfUtils.java:logGet(44)) - raft.server.leaderelection.leader.step-down.wait-time = 10s (default)
2021-03-15 13:35:41,619 [pool-40-thread-1] INFO  server.RaftServerConfigKeys (ConfUtils.java:logGet(44)) - raft.server.sleep.deviation.threshold = 300ms (default)
2021-03-15 13:35:41,619 [pool-40-thread-1] INFO  server.RaftServerConfigKeys (ConfUtils.java:logGet(44)) - raft.server.log.appender.install.snapshot.enabled = false (custom)
2021-03-15 13:35:41,620 [pool-40-thread-1] INFO  server.RaftServer$Division (ServerState.java:<init>(105)) - 2d24b89a-5033-4a49-b30e-962358659472@group-35AA48923619: ConfigurationManager, init=-1: [2d24b89a-5033-4a49-b30e-962358659472|rpc:172.17.0.2:35689|priority:1], old=null, confs=<EMPTY_MAP>
2021-03-15 13:35:41,620 [pool-40-thread-1] INFO  server.RaftServerConfigKeys (ConfUtils.java:logGet(44)) - raft.server.storage.dir = [/github/workspace/mnt/ozone/hadoop-ozone/integration-test/target/test-dir/MiniOzoneClusterImpl-12ebc720-05ee-4469-9130-5183c7181a17/datanode-0/data/ratis] (custom)
2021-03-15 13:35:41,620 [pool-40-thread-1] INFO  server.RaftServerConfigKeys (ConfUtils.java:logGet(44)) - raft.server.log.corruption.policy = EXCEPTION (default)
2021-03-15 13:35:41,620 [pool-40-thread-1] INFO  storage.RaftStorageDirectory (RaftStorageDirectoryImpl.java:analyzeStorage(132)) - The storage directory /github/workspace/mnt/ozone/hadoop-ozone/integration-test/target/test-dir/MiniOzoneClusterImpl-12ebc720-05ee-4469-9130-5183c7181a17/datanode-0/data/ratis/c17d1069-ac0b-43f7-b8cd-35aa48923619 does not exist. Creating ...
2021-03-15 13:35:41,624 [pool-40-thread-1] INFO  storage.RaftStorageDirectory (RaftStorageDirectoryImpl.java:tryLock(215)) - Lock on /github/workspace/mnt/ozone/hadoop-ozone/integration-test/target/test-dir/MiniOzoneClusterImpl-12ebc720-05ee-4469-9130-5183c7181a17/datanode-0/data/ratis/c17d1069-ac0b-43f7-b8cd-35aa48923619/in_use.lock acquired by nodename 27773@287f2862ff4e
2021-03-15 13:35:41,626 [pool-40-thread-1] INFO  storage.RaftStorage (RaftStorageImpl.java:format(87)) - Storage directory /github/workspace/mnt/ozone/hadoop-ozone/integration-test/target/test-dir/MiniOzoneClusterImpl-12ebc720-05ee-4469-9130-5183c7181a17/datanode-0/data/ratis/c17d1069-ac0b-43f7-b8cd-35aa48923619 has been successfully formatted.
2021-03-15 13:35:41,630 [pool-40-thread-1] INFO  ratis.ContainerStateMachine (ContainerStateMachine.java:loadSnapshot(223)) - group-35AA48923619: The snapshot info is null. Setting the last applied indexto:(t:0, i:~)
2021-03-15 13:35:41,630 [pool-40-thread-1] ERROR storage.RaftStorage (RaftStorageImpl.java:readRaftConfiguration(147)) - Failed reading configuration from file:/github/workspace/mnt/ozone/hadoop-ozone/integration-test/target/test-dir/MiniOzoneClusterImpl-12ebc720-05ee-4469-9130-5183c7181a17/datanode-0/data/ratis/c17d1069-ac0b-43f7-b8cd-35aa48923619/current/raft-meta.conf
java.io.FileNotFoundException: /github/workspace/mnt/ozone/hadoop-ozone/integration-test/target/test-dir/MiniOzoneClusterImpl-12ebc720-05ee-4469-9130-5183c7181a17/datanode-0/data/ratis/c17d1069-ac0b-43f7-b8cd-35aa48923619/current/raft-meta.conf (No such file or directory)
	at java.io.FileInputStream.open0(Native Method)
	at java.io.FileInputStream.open(FileInputStream.java:195)
	at java.io.FileInputStream.<init>(FileInputStream.java:138)
	at org.apache.ratis.server.storage.RaftStorageImpl.readRaftConfiguration(RaftStorageImpl.java:143)
	at org.apache.ratis.server.impl.ServerState.<init>(ServerState.java:122)
	at org.apache.ratis.server.impl.RaftServerImpl.<init>(RaftServerImpl.java:193)
	at org.apache.ratis.server.impl.RaftServerProxy.lambda$newRaftServerImpl$4(RaftServerProxy.java:266)
	at java.util.concurrent.CompletableFuture$AsyncSupply.run(CompletableFuture.java:1604)
	at java.util.concurrent.ThreadPoolExecutor.runWorker(ThreadPoolExecutor.java:1149)
	at java.util.concurrent.ThreadPoolExecutor$Worker.run(ThreadPoolExecutor.java:624)
	at java.lang.Thread.run(Thread.java:748)
2021-03-15 13:35:41,630 [pool-40-thread-1] INFO  server.RaftServerConfigKeys (ConfUtils.java:logGet(44)) - raft.server.notification.no-leader.timeout = 300000ms (custom)
2021-03-15 13:35:41,631 [pool-40-thread-1] INFO  server.RaftServerConfigKeys (ConfUtils.java:logGet(44)) - raft.server.log.use.memory = false (default)
2021-03-15 13:35:41,631 [pool-40-thread-1] INFO  server.RaftServerConfigKeys (ConfUtils.java:logGet(44)) - raft.server.log.purge.gap = 1000000 (custom)
2021-03-15 13:35:41,631 [pool-40-thread-1] INFO  server.RaftServerConfigKeys (ConfUtils.java:logGet(44)) - raft.server.log.appender.buffer.byte-limit = 33554432 (custom)
2021-03-15 13:35:41,631 [pool-40-thread-1] INFO  metrics.RatisMetrics (RatisMetrics.java:lambda$create$0(36)) - Creating Metrics Registry : ratis.log_worker.2d24b89a-5033-4a49-b30e-962358659472@group-35AA48923619
2021-03-15 13:35:41,631 [pool-40-thread-1] INFO  server.RaftServerConfigKeys (ConfUtils.java:logGet(44)) - raft.server.log.segment.size.max = 1048576 (custom)
2021-03-15 13:35:41,642 [pool-40-thread-1] INFO  server.RaftServerConfigKeys (ConfUtils.java:logGet(44)) - raft.server.log.segment.cache.num.max = 2 (custom)
2021-03-15 13:35:41,642 [pool-40-thread-1] INFO  server.RaftServerConfigKeys (ConfUtils.java:logGet(44)) - raft.server.log.segment.cache.size.max = 200MB (=209715200) (default)
2021-03-15 13:35:41,642 [pool-40-thread-1] INFO  segmented.SegmentedRaftLogWorker (SegmentedRaftLogWorker.java:<init>(181)) - new 2d24b89a-5033-4a49-b30e-962358659472@group-35AA48923619-SegmentedRaftLogWorker for RaftStorageImpl:Storage Directory /github/workspace/mnt/ozone/hadoop-ozone/integration-test/target/test-dir/MiniOzoneClusterImpl-12ebc720-05ee-4469-9130-5183c7181a17/datanode-0/data/ratis/c17d1069-ac0b-43f7-b8cd-35aa48923619
2021-03-15 13:35:41,642 [pool-40-thread-1] INFO  server.RaftServerConfigKeys (ConfUtils.java:logGet(44)) - raft.server.log.queue.byte-limit = 2147483647 (custom)
2021-03-15 13:35:41,642 [pool-40-thread-1] INFO  server.RaftServerConfigKeys (ConfUtils.java:logGet(44)) - raft.server.log.queue.element-limit = 1024 (custom)
2021-03-15 13:35:41,642 [pool-40-thread-1] INFO  server.RaftServerConfigKeys (ConfUtils.java:logGet(44)) - raft.server.log.segment.size.max = 1048576 (custom)
2021-03-15 13:35:41,642 [pool-40-thread-1] INFO  server.RaftServerConfigKeys (ConfUtils.java:logGet(44)) - raft.server.log.preallocated.size = 16384 (custom)
2021-03-15 13:35:41,642 [pool-40-thread-1] INFO  server.RaftServerConfigKeys (ConfUtils.java:logGet(44)) - raft.server.log.force.sync.num = 128 (default)
2021-03-15 13:35:41,642 [pool-40-thread-1] INFO  server.RaftServerConfigKeys (ConfUtils.java:logGet(44)) - raft.server.log.statemachine.data.sync = true (default)
2021-03-15 13:35:41,643 [pool-40-thread-1] INFO  server.RaftServerConfigKeys (ConfUtils.java:logGet(44)) - raft.server.log.statemachine.data.sync.timeout = 10s (default)
2021-03-15 13:35:41,643 [pool-40-thread-1] INFO  server.RaftServerConfigKeys (ConfUtils.java:logGet(44)) - raft.server.log.statemachine.data.sync.timeout.retry = -1 (default)
2021-03-15 13:35:41,647 [EventQueue-PipelineReportForOneReplicaPipelineSafeModeRule] INFO  safemode.SCMSafeModeManager (SCMSafeModeManager.java:validateSafeModeExitRules(214)) - AtleastOneDatanodeReportedRule rule is successfully validated
2021-03-15 13:35:41,648 [EventQueue-PipelineReportForPipelineReportHandler] INFO  pipeline.PipelineStateManager (PipelineStateManager.java:openPipeline(132)) - Pipeline Pipeline[ Id: c17d1069-ac0b-43f7-b8cd-35aa48923619, Nodes: 2d24b89a-5033-4a49-b30e-962358659472{ip: 172.17.0.2, host: 287f2862ff4e, ports: [REPLICATION=35961, RATIS=35689, RATIS_ADMIN=35689, RATIS_SERVER=35689, STANDALONE=39073], networkLocation: /default-rack, certSerialId: null, persistedOpState: IN_SERVICE, persistedOpStateExpiryEpochSec: 0}, Type:RATIS, Factor:ONE, State:ALLOCATED, leaderId:2d24b89a-5033-4a49-b30e-962358659472, CreationTimestamp2021-03-15T13:35:38.632Z] moved to OPEN state
2021-03-15 13:35:41,652 [EventQueue-OpenPipelineForHealthyPipelineSafeModeRule] INFO  safemode.SCMSafeModeManager (HealthyPipelineSafeModeRule.java:process(128)) - SCM in safe mode. Healthy pipelines reported count is 0, required healthy pipeline reported count is 1
2021-03-15 13:35:41,654 [pool-40-thread-1] INFO  server.RaftServerConfigKeys (ConfUtils.java:logGet(44)) - raft.server.log.write.buffer.size = 1048576 (custom)
2021-03-15 13:35:41,655 [pool-40-thread-1] INFO  server.RaftServerConfigKeys (ConfUtils.java:logGet(44)) - raft.server.log.statemachine.data.caching.enabled = true (custom)
2021-03-15 13:35:41,656 [pool-40-thread-1] INFO  segmented.SegmentedRaftLogWorker (SegmentedRaftLogWorker.java:lambda$new$0(132)) - 2d24b89a-5033-4a49-b30e-962358659472@group-35AA48923619-SegmentedRaftLogWorker: flushIndex: setUnconditionally 0 -> -1
2021-03-15 13:35:41,656 [pool-40-thread-1] INFO  segmented.SegmentedRaftLogWorker (SegmentedRaftLogWorker.java:lambda$new$0(132)) - 2d24b89a-5033-4a49-b30e-962358659472@group-35AA48923619-SegmentedRaftLogWorker: safeCacheEvictIndex: setUnconditionally 0 -> -1
2021-03-15 13:35:41,656 [pool-40-thread-1] INFO  server.RaftServerConfigKeys (ConfUtils.java:logGet(44)) - raft.server.snapshot.auto.trigger.enabled = true (custom)
2021-03-15 13:35:41,656 [pool-40-thread-1] INFO  server.RaftServerConfigKeys (ConfUtils.java:logGet(44)) - raft.server.snapshot.auto.trigger.threshold = 1 (custom)
2021-03-15 13:35:41,656 [pool-40-thread-1] INFO  server.RaftServerConfigKeys (ConfUtils.java:logGet(44)) - raft.server.snapshot.retention.file.num = 5 (custom)
2021-03-15 13:35:41,656 [pool-40-thread-1] INFO  server.RaftServerConfigKeys (ConfUtils.java:logGet(44)) - raft.server.log.purge.upto.snapshot.index = false (default)
2021-03-15 13:35:41,656 [pool-40-thread-1] INFO  server.RaftServerConfigKeys (ConfUtils.java:logGet(44)) - raft.server.retrycache.expirytime = 600000ms (custom)
2021-03-15 13:35:41,656 [pool-40-thread-1] INFO  server.RaftServerConfigKeys (ConfUtils.java:logGet(44)) - raft.server.retrycache.statistics.expirytime = 100?s (default)
2021-03-15 13:35:41,657 [pool-40-thread-1] INFO  metrics.RatisMetrics (RatisMetrics.java:lambda$create$0(36)) - Creating Metrics Registry : ratis.leader_election.2d24b89a-5033-4a49-b30e-962358659472@group-35AA48923619
2021-03-15 13:35:41,658 [pool-40-thread-1] INFO  metrics.RatisMetrics (RatisMetrics.java:lambda$create$0(36)) - Creating Metrics Registry : ratis.server.2d24b89a-5033-4a49-b30e-962358659472@group-35AA48923619
2021-03-15 13:35:41,661 [pool-40-thread-1] INFO  server.RaftServer$Division (RaftServerImpl.java:start(295)) - 2d24b89a-5033-4a49-b30e-962358659472@group-35AA48923619: start as a follower, conf=-1: [2d24b89a-5033-4a49-b30e-962358659472|rpc:172.17.0.2:35689|priority:1], old=null
2021-03-15 13:35:41,661 [pool-40-thread-1] INFO  server.RaftServer$Division (RaftServerImpl.java:setRole(284)) - 2d24b89a-5033-4a49-b30e-962358659472@group-35AA48923619: changes role from      null to FOLLOWER at term 0 for startAsFollower
2021-03-15 13:35:41,661 [pool-40-thread-1] INFO  impl.RoleInfo (RoleInfo.java:updateAndGet(130)) - 2d24b89a-5033-4a49-b30e-962358659472: start 2d24b89a-5033-4a49-b30e-962358659472@group-35AA48923619-FollowerState
2021-03-15 13:35:41,662 [pool-40-thread-1] INFO  util.JmxRegister (JmxRegister.java:tryRegister(44)) - Successfully registered JMX Bean with object name Ratis:service=RaftServer,group=group-35AA48923619,id=2d24b89a-5033-4a49-b30e-962358659472
2021-03-15 13:35:41,671 [pool-40-thread-1] INFO  metrics.RatisMetrics (RatisMetrics.java:lambda$create$0(36)) - Creating Metrics Registry : ratis.state_machine.2d24b89a-5033-4a49-b30e-962358659472@group-35AA48923619
2021-03-15 13:35:41,686 [Command processor thread] INFO  commandhandler.CreatePipelineCommandHandler (CreatePipelineCommandHandler.java:handle(106)) - Created Pipeline RATIS ONE PipelineID=c17d1069-ac0b-43f7-b8cd-35aa48923619.
2021-03-15 13:35:41,686 [Command processor thread] INFO  server.RaftServer (RaftServerProxy.java:addNew(95)) - 2d24b89a-5033-4a49-b30e-962358659472: addNew group-43DE234879E5:[1e038761-1b78-4d65-9d2c-f5326a28b9d0|rpc:172.17.0.2:41979|priority:0, 6cd9ceaa-b54f-4187-9c12-925a7628e128|rpc:172.17.0.2:39055|priority:1, 2d24b89a-5033-4a49-b30e-962358659472|rpc:172.17.0.2:35689|priority:0] returns group-43DE234879E5:java.util.concurrent.CompletableFuture@474f37e8[Not completed]
2021-03-15 13:35:41,688 [pool-40-thread-1] INFO  server.RaftServer$Division (RaftServerImpl.java:<init>(180)) - 2d24b89a-5033-4a49-b30e-962358659472: new RaftServerImpl for group-43DE234879E5:[1e038761-1b78-4d65-9d2c-f5326a28b9d0|rpc:172.17.0.2:41979|priority:0, 6cd9ceaa-b54f-4187-9c12-925a7628e128|rpc:172.17.0.2:39055|priority:1, 2d24b89a-5033-4a49-b30e-962358659472|rpc:172.17.0.2:35689|priority:0] with ContainerStateMachine:uninitialized
2021-03-15 13:35:41,688 [pool-40-thread-1] INFO  server.RaftServerConfigKeys (ConfUtils.java:logGet(44)) - raft.server.rpc.timeout.min = 5s (custom)
2021-03-15 13:35:41,689 [pool-40-thread-1] INFO  server.RaftServerConfigKeys (ConfUtils.java:logGet(44)) - raft.server.rpc.timeout.max = 5200ms (custom)
2021-03-15 13:35:41,689 [pool-40-thread-1] INFO  server.RaftServerConfigKeys (ConfUtils.java:logGet(44)) - raft.server.rpc.sleep.time = 25ms (default)
2021-03-15 13:35:41,689 [pool-40-thread-1] INFO  server.RaftServerConfigKeys (ConfUtils.java:logGet(44)) - raft.server.rpc.slowness.timeout = 300000ms (custom)
2021-03-15 13:35:41,689 [pool-40-thread-1] INFO  server.RaftServerConfigKeys (ConfUtils.java:logGet(44)) - raft.server.leaderelection.leader.step-down.wait-time = 10s (default)
2021-03-15 13:35:41,689 [pool-40-thread-1] INFO  server.RaftServerConfigKeys (ConfUtils.java:logGet(44)) - raft.server.sleep.deviation.threshold = 300ms (default)
2021-03-15 13:35:41,689 [pool-40-thread-1] INFO  server.RaftServerConfigKeys (ConfUtils.java:logGet(44)) - raft.server.log.appender.install.snapshot.enabled = false (custom)
2021-03-15 13:35:41,689 [pool-40-thread-1] INFO  server.RaftServer$Division (ServerState.java:<init>(105)) - 2d24b89a-5033-4a49-b30e-962358659472@group-43DE234879E5: ConfigurationManager, init=-1: [1e038761-1b78-4d65-9d2c-f5326a28b9d0|rpc:172.17.0.2:41979|priority:0, 6cd9ceaa-b54f-4187-9c12-925a7628e128|rpc:172.17.0.2:39055|priority:1, 2d24b89a-5033-4a49-b30e-962358659472|rpc:172.17.0.2:35689|priority:0], old=null, confs=<EMPTY_MAP>
2021-03-15 13:35:41,690 [pool-40-thread-1] INFO  server.RaftServerConfigKeys (ConfUtils.java:logGet(44)) - raft.server.storage.dir = [/github/workspace/mnt/ozone/hadoop-ozone/integration-test/target/test-dir/MiniOzoneClusterImpl-12ebc720-05ee-4469-9130-5183c7181a17/datanode-0/data/ratis] (custom)
2021-03-15 13:35:41,690 [pool-40-thread-1] INFO  server.RaftServerConfigKeys (ConfUtils.java:logGet(44)) - raft.server.log.corruption.policy = EXCEPTION (default)
2021-03-15 13:35:41,690 [pool-40-thread-1] INFO  storage.RaftStorageDirectory (RaftStorageDirectoryImpl.java:analyzeStorage(132)) - The storage directory /github/workspace/mnt/ozone/hadoop-ozone/integration-test/target/test-dir/MiniOzoneClusterImpl-12ebc720-05ee-4469-9130-5183c7181a17/datanode-0/data/ratis/d6702ae9-653c-4305-a4d9-43de234879e5 does not exist. Creating ...
2021-03-15 13:35:41,692 [pool-40-thread-1] INFO  storage.RaftStorageDirectory (RaftStorageDirectoryImpl.java:tryLock(215)) - Lock on /github/workspace/mnt/ozone/hadoop-ozone/integration-test/target/test-dir/MiniOzoneClusterImpl-12ebc720-05ee-4469-9130-5183c7181a17/datanode-0/data/ratis/d6702ae9-653c-4305-a4d9-43de234879e5/in_use.lock acquired by nodename 27773@287f2862ff4e
2021-03-15 13:35:41,693 [pool-40-thread-1] INFO  storage.RaftStorage (RaftStorageImpl.java:format(87)) - Storage directory /github/workspace/mnt/ozone/hadoop-ozone/integration-test/target/test-dir/MiniOzoneClusterImpl-12ebc720-05ee-4469-9130-5183c7181a17/datanode-0/data/ratis/d6702ae9-653c-4305-a4d9-43de234879e5 has been successfully formatted.
2021-03-15 13:35:41,693 [pool-40-thread-1] INFO  ratis.ContainerStateMachine (ContainerStateMachine.java:loadSnapshot(223)) - group-43DE234879E5: The snapshot info is null. Setting the last applied indexto:(t:0, i:~)
2021-03-15 13:35:41,693 [pool-40-thread-1] ERROR storage.RaftStorage (RaftStorageImpl.java:readRaftConfiguration(147)) - Failed reading configuration from file:/github/workspace/mnt/ozone/hadoop-ozone/integration-test/target/test-dir/MiniOzoneClusterImpl-12ebc720-05ee-4469-9130-5183c7181a17/datanode-0/data/ratis/d6702ae9-653c-4305-a4d9-43de234879e5/current/raft-meta.conf
java.io.FileNotFoundException: /github/workspace/mnt/ozone/hadoop-ozone/integration-test/target/test-dir/MiniOzoneClusterImpl-12ebc720-05ee-4469-9130-5183c7181a17/datanode-0/data/ratis/d6702ae9-653c-4305-a4d9-43de234879e5/current/raft-meta.conf (No such file or directory)
	at java.io.FileInputStream.open0(Native Method)
	at java.io.FileInputStream.open(FileInputStream.java:195)
	at java.io.FileInputStream.<init>(FileInputStream.java:138)
	at org.apache.ratis.server.storage.RaftStorageImpl.readRaftConfiguration(RaftStorageImpl.java:143)
	at org.apache.ratis.server.impl.ServerState.<init>(ServerState.java:122)
	at org.apache.ratis.server.impl.RaftServerImpl.<init>(RaftServerImpl.java:193)
	at org.apache.ratis.server.impl.RaftServerProxy.lambda$newRaftServerImpl$4(RaftServerProxy.java:266)
	at java.util.concurrent.CompletableFuture$AsyncSupply.run(CompletableFuture.java:1604)
	at java.util.concurrent.ThreadPoolExecutor.runWorker(ThreadPoolExecutor.java:1149)
	at java.util.concurrent.ThreadPoolExecutor$Worker.run(ThreadPoolExecutor.java:624)
	at java.lang.Thread.run(Thread.java:748)
2021-03-15 13:35:41,694 [pool-40-thread-1] INFO  server.RaftServerConfigKeys (ConfUtils.java:logGet(44)) - raft.server.notification.no-leader.timeout = 300000ms (custom)
2021-03-15 13:35:41,694 [pool-40-thread-1] INFO  server.RaftServerConfigKeys (ConfUtils.java:logGet(44)) - raft.server.log.use.memory = false (default)
2021-03-15 13:35:41,694 [pool-40-thread-1] INFO  server.RaftServerConfigKeys (ConfUtils.java:logGet(44)) - raft.server.log.purge.gap = 1000000 (custom)
2021-03-15 13:35:41,694 [pool-40-thread-1] INFO  server.RaftServerConfigKeys (ConfUtils.java:logGet(44)) - raft.server.log.appender.buffer.byte-limit = 33554432 (custom)
2021-03-15 13:35:41,696 [pool-40-thread-1] INFO  metrics.RatisMetrics (RatisMetrics.java:lambda$create$0(36)) - Creating Metrics Registry : ratis.log_worker.2d24b89a-5033-4a49-b30e-962358659472@group-43DE234879E5
2021-03-15 13:35:41,697 [EventQueue-OpenPipelineForHealthyPipelineSafeModeRule] INFO  safemode.SCMSafeModeManager (HealthyPipelineSafeModeRule.java:process(128)) - SCM in safe mode. Healthy pipelines reported count is 0, required healthy pipeline reported count is 1
2021-03-15 13:35:41,698 [pool-40-thread-1] INFO  server.RaftServerConfigKeys (ConfUtils.java:logGet(44)) - raft.server.log.segment.size.max = 1048576 (custom)
2021-03-15 13:35:41,697 [EventQueue-PipelineReportForOneReplicaPipelineSafeModeRule] INFO  safemode.SCMSafeModeManager (SCMSafeModeManager.java:validateSafeModeExitRules(214)) - AtleastOneDatanodeReportedRule rule is successfully validated
2021-03-15 13:35:41,702 [pool-40-thread-1] INFO  server.RaftServerConfigKeys (ConfUtils.java:logGet(44)) - raft.server.log.segment.cache.num.max = 2 (custom)
2021-03-15 13:35:41,702 [pool-40-thread-1] INFO  server.RaftServerConfigKeys (ConfUtils.java:logGet(44)) - raft.server.log.segment.cache.size.max = 200MB (=209715200) (default)
2021-03-15 13:35:41,702 [pool-40-thread-1] INFO  segmented.SegmentedRaftLogWorker (SegmentedRaftLogWorker.java:<init>(181)) - new 2d24b89a-5033-4a49-b30e-962358659472@group-43DE234879E5-SegmentedRaftLogWorker for RaftStorageImpl:Storage Directory /github/workspace/mnt/ozone/hadoop-ozone/integration-test/target/test-dir/MiniOzoneClusterImpl-12ebc720-05ee-4469-9130-5183c7181a17/datanode-0/data/ratis/d6702ae9-653c-4305-a4d9-43de234879e5
2021-03-15 13:35:41,702 [pool-40-thread-1] INFO  server.RaftServerConfigKeys (ConfUtils.java:logGet(44)) - raft.server.log.queue.byte-limit = 2147483647 (custom)
2021-03-15 13:35:41,702 [pool-40-thread-1] INFO  server.RaftServerConfigKeys (ConfUtils.java:logGet(44)) - raft.server.log.queue.element-limit = 1024 (custom)
2021-03-15 13:35:41,702 [pool-40-thread-1] INFO  server.RaftServerConfigKeys (ConfUtils.java:logGet(44)) - raft.server.log.segment.size.max = 1048576 (custom)
2021-03-15 13:35:41,702 [pool-40-thread-1] INFO  server.RaftServerConfigKeys (ConfUtils.java:logGet(44)) - raft.server.log.preallocated.size = 16384 (custom)
2021-03-15 13:35:41,702 [pool-40-thread-1] INFO  server.RaftServerConfigKeys (ConfUtils.java:logGet(44)) - raft.server.log.force.sync.num = 128 (default)
2021-03-15 13:35:41,702 [pool-40-thread-1] INFO  server.RaftServerConfigKeys (ConfUtils.java:logGet(44)) - raft.server.log.statemachine.data.sync = true (default)
2021-03-15 13:35:41,703 [pool-40-thread-1] INFO  server.RaftServerConfigKeys (ConfUtils.java:logGet(44)) - raft.server.log.statemachine.data.sync.timeout = 10s (default)
2021-03-15 13:35:41,703 [pool-40-thread-1] INFO  server.RaftServerConfigKeys (ConfUtils.java:logGet(44)) - raft.server.log.statemachine.data.sync.timeout.retry = -1 (default)
2021-03-15 13:35:41,707 [EventQueue-PipelineReportForOneReplicaPipelineSafeModeRule] INFO  safemode.SCMSafeModeManager (SCMSafeModeManager.java:validateSafeModeExitRules(214)) - AtleastOneDatanodeReportedRule rule is successfully validated
2021-03-15 13:35:41,933 [org.apache.ratis.util.JvmPauseMonitor$$Lambda$494/1751830047@240dcda7] WARN  util.JvmPauseMonitor (JvmPauseMonitor.java:detectPause(124)) - JvmPauseMonitor-43a20894-b4bc-4e8f-86b5-865fb458c74f: Detected pause in JVM or host machine (eg GC): pause of approximately 112845323ns

GC pool 'PS MarkSweep' had collection(s): count=1 time=185ms
GC pool 'PS Scavenge' had collection(s): count=1 time=29ms
2021-03-15 13:35:41,933 [org.apache.ratis.util.JvmPauseMonitor$$Lambda$494/1751830047@3497f8b6] WARN  util.JvmPauseMonitor (JvmPauseMonitor.java:detectPause(124)) - JvmPauseMonitor-cbb45d95-806f-4aa6-a8d4-3f48f4f3d8f4: Detected pause in JVM or host machine (eg GC): pause of approximately 115629363ns

GC pool 'PS MarkSweep' had collection(s): count=1 time=185ms
GC pool 'PS Scavenge' had collection(s): count=1 time=29ms
2021-03-15 13:35:41,933 [org.apache.ratis.util.JvmPauseMonitor$$Lambda$494/1751830047@59718530] WARN  util.JvmPauseMonitor (JvmPauseMonitor.java:detectPause(124)) - JvmPauseMonitor-2d24b89a-5033-4a49-b30e-962358659472: Detected pause in JVM or host machine (eg GC): pause of approximately 107806452ns

GC pool 'PS MarkSweep' had collection(s): count=1 time=185ms
GC pool 'PS Scavenge' had collection(s): count=1 time=29ms
2021-03-15 13:35:41,934 [org.apache.ratis.util.JvmPauseMonitor$$Lambda$494/1751830047@4b4e7db2] WARN  util.JvmPauseMonitor (JvmPauseMonitor.java:detectPause(124)) - JvmPauseMonitor-7ad4b354-5524-4bbe-8c06-278e17beb4ab: Detected pause in JVM or host machine (eg GC): pause of approximately 150299557ns

GC pool 'PS MarkSweep' had collection(s): count=1 time=185ms
GC pool 'PS Scavenge' had collection(s): count=1 time=29ms
2021-03-15 13:35:41,934 [org.apache.ratis.util.JvmPauseMonitor$$Lambda$494/1751830047@1763bd82] WARN  util.JvmPauseMonitor (JvmPauseMonitor.java:detectPause(124)) - JvmPauseMonitor-275eefd6-a602-4773-a0ea-a3b6f7cdc32e: Detected pause in JVM or host machine (eg GC): pause of approximately 207125765ns

GC pool 'PS MarkSweep' had collection(s): count=1 time=185ms
GC pool 'PS Scavenge' had collection(s): count=1 time=29ms
2021-03-15 13:35:41,936 [pool-40-thread-1] INFO  server.RaftServerConfigKeys (ConfUtils.java:logGet(44)) - raft.server.log.write.buffer.size = 1048576 (custom)
2021-03-15 13:35:41,936 [pool-40-thread-1] INFO  server.RaftServerConfigKeys (ConfUtils.java:logGet(44)) - raft.server.log.statemachine.data.caching.enabled = true (custom)
2021-03-15 13:35:41,937 [pool-40-thread-1] INFO  segmented.SegmentedRaftLogWorker (SegmentedRaftLogWorker.java:lambda$new$0(132)) - 2d24b89a-5033-4a49-b30e-962358659472@group-43DE234879E5-SegmentedRaftLogWorker: flushIndex: setUnconditionally 0 -> -1
2021-03-15 13:35:41,937 [pool-40-thread-1] INFO  segmented.SegmentedRaftLogWorker (SegmentedRaftLogWorker.java:lambda$new$0(132)) - 2d24b89a-5033-4a49-b30e-962358659472@group-43DE234879E5-SegmentedRaftLogWorker: safeCacheEvictIndex: setUnconditionally 0 -> -1
2021-03-15 13:35:41,939 [pool-40-thread-1] INFO  server.RaftServerConfigKeys (ConfUtils.java:logGet(44)) - raft.server.snapshot.auto.trigger.enabled = true (custom)
2021-03-15 13:35:41,939 [pool-40-thread-1] INFO  server.RaftServerConfigKeys (ConfUtils.java:logGet(44)) - raft.server.snapshot.auto.trigger.threshold = 1 (custom)
2021-03-15 13:35:41,939 [pool-40-thread-1] INFO  server.RaftServerConfigKeys (ConfUtils.java:logGet(44)) - raft.server.snapshot.retention.file.num = 5 (custom)
2021-03-15 13:35:41,939 [pool-40-thread-1] INFO  server.RaftServerConfigKeys (ConfUtils.java:logGet(44)) - raft.server.log.purge.upto.snapshot.index = false (default)
2021-03-15 13:35:41,941 [pool-40-thread-1] INFO  server.RaftServerConfigKeys (ConfUtils.java:logGet(44)) - raft.server.retrycache.expirytime = 600000ms (custom)
2021-03-15 13:35:41,941 [pool-40-thread-1] INFO  server.RaftServerConfigKeys (ConfUtils.java:logGet(44)) - raft.server.retrycache.statistics.expirytime = 100?s (default)
2021-03-15 13:35:41,941 [pool-40-thread-1] INFO  metrics.RatisMetrics (RatisMetrics.java:lambda$create$0(36)) - Creating Metrics Registry : ratis.leader_election.2d24b89a-5033-4a49-b30e-962358659472@group-43DE234879E5
2021-03-15 13:35:41,942 [EventQueue-PipelineReportForOneReplicaPipelineSafeModeRule] INFO  safemode.SCMSafeModeManager (SCMSafeModeManager.java:validateSafeModeExitRules(214)) - AtleastOneDatanodeReportedRule rule is successfully validated
2021-03-15 13:35:41,942 [pool-40-thread-1] INFO  metrics.RatisMetrics (RatisMetrics.java:lambda$create$0(36)) - Creating Metrics Registry : ratis.server.2d24b89a-5033-4a49-b30e-962358659472@group-43DE234879E5
2021-03-15 13:35:41,948 [EventQueue-PipelineReportForOneReplicaPipelineSafeModeRule] INFO  safemode.SCMSafeModeManager (SCMSafeModeManager.java:validateSafeModeExitRules(214)) - AtleastOneDatanodeReportedRule rule is successfully validated
2021-03-15 13:35:41,950 [pool-40-thread-1] INFO  server.RaftServer$Division (RaftServerImpl.java:start(295)) - 2d24b89a-5033-4a49-b30e-962358659472@group-43DE234879E5: start as a follower, conf=-1: [1e038761-1b78-4d65-9d2c-f5326a28b9d0|rpc:172.17.0.2:41979|priority:0, 6cd9ceaa-b54f-4187-9c12-925a7628e128|rpc:172.17.0.2:39055|priority:1, 2d24b89a-5033-4a49-b30e-962358659472|rpc:172.17.0.2:35689|priority:0], old=null
2021-03-15 13:35:41,950 [pool-40-thread-1] INFO  server.RaftServer$Division (RaftServerImpl.java:setRole(284)) - 2d24b89a-5033-4a49-b30e-962358659472@group-43DE234879E5: changes role from      null to FOLLOWER at term 0 for startAsFollower
2021-03-15 13:35:41,950 [pool-40-thread-1] INFO  impl.RoleInfo (RoleInfo.java:updateAndGet(130)) - 2d24b89a-5033-4a49-b30e-962358659472: start 2d24b89a-5033-4a49-b30e-962358659472@group-43DE234879E5-FollowerState
2021-03-15 13:35:41,950 [pool-40-thread-1] INFO  util.JmxRegister (JmxRegister.java:tryRegister(44)) - Successfully registered JMX Bean with object name Ratis:service=RaftServer,group=group-43DE234879E5,id=2d24b89a-5033-4a49-b30e-962358659472
2021-03-15 13:35:41,951 [pool-40-thread-1] INFO  metrics.RatisMetrics (RatisMetrics.java:lambda$create$0(36)) - Creating Metrics Registry : ratis.state_machine.2d24b89a-5033-4a49-b30e-962358659472@group-43DE234879E5
2021-03-15 13:35:41,957 [EventQueue-PipelineReportForOneReplicaPipelineSafeModeRule] INFO  safemode.SCMSafeModeManager (SCMSafeModeManager.java:validateSafeModeExitRules(214)) - AtleastOneDatanodeReportedRule rule is successfully validated
2021-03-15 13:35:41,965 [EventQueue-PipelineReportForOneReplicaPipelineSafeModeRule] INFO  safemode.SCMSafeModeManager (SCMSafeModeManager.java:validateSafeModeExitRules(214)) - AtleastOneDatanodeReportedRule rule is successfully validated
2021-03-15 13:35:41,973 [EventQueue-OpenPipelineForHealthyPipelineSafeModeRule] INFO  safemode.SCMSafeModeManager (HealthyPipelineSafeModeRule.java:process(128)) - SCM in safe mode. Healthy pipelines reported count is 0, required healthy pipeline reported count is 1
2021-03-15 13:35:41,974 [EventQueue-PipelineReportForOneReplicaPipelineSafeModeRule] INFO  safemode.SCMSafeModeManager (SCMSafeModeManager.java:validateSafeModeExitRules(214)) - AtleastOneDatanodeReportedRule rule is successfully validated
2021-03-15 13:35:42,012 [Command processor thread] INFO  metrics.RatisMetrics (RatisMetrics.java:lambda$create$0(36)) - Creating Metrics Registry : ratis.client_message_metrics.client-CB31D616D48E->1e038761-1b78-4d65-9d2c-f5326a28b9d0
2021-03-15 13:35:42,129 [Command processor thread] INFO  server.RaftServer (RaftServerProxy.java:addNew(95)) - 1e038761-1b78-4d65-9d2c-f5326a28b9d0: addNew group-D1D849901ABB:[1e038761-1b78-4d65-9d2c-f5326a28b9d0|rpc:172.17.0.2:41979|priority:1] returns group-D1D849901ABB:java.util.concurrent.CompletableFuture@8e64879[Not completed]
2021-03-15 13:35:42,140 [EventQueue-PipelineReportForOneReplicaPipelineSafeModeRule] INFO  safemode.SCMSafeModeManager (SCMSafeModeManager.java:validateSafeModeExitRules(214)) - AtleastOneDatanodeReportedRule rule is successfully validated
2021-03-15 13:35:42,141 [EventQueue-OpenPipelineForHealthyPipelineSafeModeRule] INFO  safemode.SCMSafeModeManager (HealthyPipelineSafeModeRule.java:process(128)) - SCM in safe mode. Healthy pipelines reported count is 0, required healthy pipeline reported count is 1
2021-03-15 13:35:42,147 [EventQueue-PipelineReportForOneReplicaPipelineSafeModeRule] INFO  safemode.SCMSafeModeManager (SCMSafeModeManager.java:validateSafeModeExitRules(214)) - AtleastOneDatanodeReportedRule rule is successfully validated
2021-03-15 13:35:42,147 [EventQueue-PipelineReportForOneReplicaPipelineSafeModeRule] INFO  safemode.SCMSafeModeManager (SCMSafeModeManager.java:validateSafeModeExitRules(214)) - AtleastOneDatanodeReportedRule rule is successfully validated
2021-03-15 13:35:42,147 [EventQueue-PipelineReportForOneReplicaPipelineSafeModeRule] INFO  safemode.SCMSafeModeManager (SCMSafeModeManager.java:validateSafeModeExitRules(214)) - AtleastOneDatanodeReportedRule rule is successfully validated
2021-03-15 13:35:42,151 [EventQueue-PipelineReportForOneReplicaPipelineSafeModeRule] INFO  safemode.SCMSafeModeManager (SCMSafeModeManager.java:validateSafeModeExitRules(214)) - AtleastOneDatanodeReportedRule rule is successfully validated
2021-03-15 13:35:42,166 [pool-55-thread-1] INFO  server.RaftServer$Division (RaftServerImpl.java:<init>(180)) - 1e038761-1b78-4d65-9d2c-f5326a28b9d0: new RaftServerImpl for group-D1D849901ABB:[1e038761-1b78-4d65-9d2c-f5326a28b9d0|rpc:172.17.0.2:41979|priority:1] with ContainerStateMachine:uninitialized
2021-03-15 13:35:42,166 [pool-55-thread-1] INFO  server.RaftServerConfigKeys (ConfUtils.java:logGet(44)) - raft.server.rpc.timeout.min = 5s (custom)
2021-03-15 13:35:42,166 [pool-55-thread-1] INFO  server.RaftServerConfigKeys (ConfUtils.java:logGet(44)) - raft.server.rpc.timeout.max = 5200ms (custom)
2021-03-15 13:35:42,166 [pool-55-thread-1] INFO  server.RaftServerConfigKeys (ConfUtils.java:logGet(44)) - raft.server.rpc.sleep.time = 25ms (default)
2021-03-15 13:35:42,166 [pool-55-thread-1] INFO  server.RaftServerConfigKeys (ConfUtils.java:logGet(44)) - raft.server.rpc.slowness.timeout = 300000ms (custom)
2021-03-15 13:35:42,167 [pool-55-thread-1] INFO  server.RaftServerConfigKeys (ConfUtils.java:logGet(44)) - raft.server.leaderelection.leader.step-down.wait-time = 10s (default)
2021-03-15 13:35:42,167 [pool-55-thread-1] INFO  server.RaftServerConfigKeys (ConfUtils.java:logGet(44)) - raft.server.sleep.deviation.threshold = 300ms (default)
2021-03-15 13:35:42,167 [pool-55-thread-1] INFO  server.RaftServerConfigKeys (ConfUtils.java:logGet(44)) - raft.server.log.appender.install.snapshot.enabled = false (custom)
2021-03-15 13:35:42,167 [pool-55-thread-1] INFO  server.RaftServer$Division (ServerState.java:<init>(105)) - 1e038761-1b78-4d65-9d2c-f5326a28b9d0@group-D1D849901ABB: ConfigurationManager, init=-1: [1e038761-1b78-4d65-9d2c-f5326a28b9d0|rpc:172.17.0.2:41979|priority:1], old=null, confs=<EMPTY_MAP>
2021-03-15 13:35:42,167 [pool-55-thread-1] INFO  server.RaftServerConfigKeys (ConfUtils.java:logGet(44)) - raft.server.storage.dir = [/github/workspace/mnt/ozone/hadoop-ozone/integration-test/target/test-dir/MiniOzoneClusterImpl-12ebc720-05ee-4469-9130-5183c7181a17/datanode-1/data/ratis] (custom)
2021-03-15 13:35:42,167 [pool-55-thread-1] INFO  server.RaftServerConfigKeys (ConfUtils.java:logGet(44)) - raft.server.log.corruption.policy = EXCEPTION (default)
2021-03-15 13:35:42,168 [pool-55-thread-1] INFO  storage.RaftStorageDirectory (RaftStorageDirectoryImpl.java:analyzeStorage(132)) - The storage directory /github/workspace/mnt/ozone/hadoop-ozone/integration-test/target/test-dir/MiniOzoneClusterImpl-12ebc720-05ee-4469-9130-5183c7181a17/datanode-1/data/ratis/7160f63f-4c0f-41e5-bec7-d1d849901abb does not exist. Creating ...
2021-03-15 13:35:42,170 [pool-55-thread-1] INFO  storage.RaftStorageDirectory (RaftStorageDirectoryImpl.java:tryLock(215)) - Lock on /github/workspace/mnt/ozone/hadoop-ozone/integration-test/target/test-dir/MiniOzoneClusterImpl-12ebc720-05ee-4469-9130-5183c7181a17/datanode-1/data/ratis/7160f63f-4c0f-41e5-bec7-d1d849901abb/in_use.lock acquired by nodename 27773@287f2862ff4e
2021-03-15 13:35:42,173 [pool-55-thread-1] INFO  storage.RaftStorage (RaftStorageImpl.java:format(87)) - Storage directory /github/workspace/mnt/ozone/hadoop-ozone/integration-test/target/test-dir/MiniOzoneClusterImpl-12ebc720-05ee-4469-9130-5183c7181a17/datanode-1/data/ratis/7160f63f-4c0f-41e5-bec7-d1d849901abb has been successfully formatted.
2021-03-15 13:35:42,174 [pool-55-thread-1] INFO  ratis.ContainerStateMachine (ContainerStateMachine.java:loadSnapshot(223)) - group-D1D849901ABB: The snapshot info is null. Setting the last applied indexto:(t:0, i:~)
2021-03-15 13:35:42,175 [pool-55-thread-1] ERROR storage.RaftStorage (RaftStorageImpl.java:readRaftConfiguration(147)) - Failed reading configuration from file:/github/workspace/mnt/ozone/hadoop-ozone/integration-test/target/test-dir/MiniOzoneClusterImpl-12ebc720-05ee-4469-9130-5183c7181a17/datanode-1/data/ratis/7160f63f-4c0f-41e5-bec7-d1d849901abb/current/raft-meta.conf
java.io.FileNotFoundException: /github/workspace/mnt/ozone/hadoop-ozone/integration-test/target/test-dir/MiniOzoneClusterImpl-12ebc720-05ee-4469-9130-5183c7181a17/datanode-1/data/ratis/7160f63f-4c0f-41e5-bec7-d1d849901abb/current/raft-meta.conf (No such file or directory)
	at java.io.FileInputStream.open0(Native Method)
	at java.io.FileInputStream.open(FileInputStream.java:195)
	at java.io.FileInputStream.<init>(FileInputStream.java:138)
	at org.apache.ratis.server.storage.RaftStorageImpl.readRaftConfiguration(RaftStorageImpl.java:143)
	at org.apache.ratis.server.impl.ServerState.<init>(ServerState.java:122)
	at org.apache.ratis.server.impl.RaftServerImpl.<init>(RaftServerImpl.java:193)
	at org.apache.ratis.server.impl.RaftServerProxy.lambda$newRaftServerImpl$4(RaftServerProxy.java:266)
	at java.util.concurrent.CompletableFuture$AsyncSupply.run(CompletableFuture.java:1604)
	at java.util.concurrent.ThreadPoolExecutor.runWorker(ThreadPoolExecutor.java:1149)
	at java.util.concurrent.ThreadPoolExecutor$Worker.run(ThreadPoolExecutor.java:624)
	at java.lang.Thread.run(Thread.java:748)
2021-03-15 13:35:42,175 [pool-55-thread-1] INFO  server.RaftServerConfigKeys (ConfUtils.java:logGet(44)) - raft.server.notification.no-leader.timeout = 300000ms (custom)
2021-03-15 13:35:42,175 [pool-55-thread-1] INFO  server.RaftServerConfigKeys (ConfUtils.java:logGet(44)) - raft.server.log.use.memory = false (default)
2021-03-15 13:35:42,176 [pool-55-thread-1] INFO  server.RaftServerConfigKeys (ConfUtils.java:logGet(44)) - raft.server.log.purge.gap = 1000000 (custom)
2021-03-15 13:35:42,176 [pool-55-thread-1] INFO  server.RaftServerConfigKeys (ConfUtils.java:logGet(44)) - raft.server.log.appender.buffer.byte-limit = 33554432 (custom)
2021-03-15 13:35:42,177 [EventQueue-PipelineReportForPipelineReportHandler] INFO  pipeline.PipelineStateManager (PipelineStateManager.java:openPipeline(132)) - Pipeline Pipeline[ Id: 7160f63f-4c0f-41e5-bec7-d1d849901abb, Nodes: 1e038761-1b78-4d65-9d2c-f5326a28b9d0{ip: 172.17.0.2, host: 287f2862ff4e, ports: [REPLICATION=33091, RATIS=41979, RATIS_ADMIN=41979, RATIS_SERVER=41979, STANDALONE=40433], networkLocation: /default-rack, certSerialId: null, persistedOpState: IN_SERVICE, persistedOpStateExpiryEpochSec: 0}, Type:RATIS, Factor:ONE, State:ALLOCATED, leaderId:1e038761-1b78-4d65-9d2c-f5326a28b9d0, CreationTimestamp2021-03-15T13:35:39.127Z] moved to OPEN state
2021-03-15 13:35:42,177 [pool-55-thread-1] INFO  metrics.RatisMetrics (RatisMetrics.java:lambda$create$0(36)) - Creating Metrics Registry : ratis.log_worker.1e038761-1b78-4d65-9d2c-f5326a28b9d0@group-D1D849901ABB
2021-03-15 13:35:42,177 [EventQueue-OpenPipelineForHealthyPipelineSafeModeRule] INFO  safemode.SCMSafeModeManager (HealthyPipelineSafeModeRule.java:process(128)) - SCM in safe mode. Healthy pipelines reported count is 0, required healthy pipeline reported count is 1
2021-03-15 13:35:42,176 [EventQueue-PipelineReportForOneReplicaPipelineSafeModeRule] INFO  safemode.SCMSafeModeManager (SCMSafeModeManager.java:validateSafeModeExitRules(214)) - AtleastOneDatanodeReportedRule rule is successfully validated
2021-03-15 13:35:42,177 [pool-55-thread-1] INFO  server.RaftServerConfigKeys (ConfUtils.java:logGet(44)) - raft.server.log.segment.size.max = 1048576 (custom)
2021-03-15 13:35:42,187 [pool-55-thread-1] INFO  server.RaftServerConfigKeys (ConfUtils.java:logGet(44)) - raft.server.log.segment.cache.num.max = 2 (custom)
2021-03-15 13:35:42,187 [pool-55-thread-1] INFO  server.RaftServerConfigKeys (ConfUtils.java:logGet(44)) - raft.server.log.segment.cache.size.max = 200MB (=209715200) (default)
2021-03-15 13:35:42,187 [pool-55-thread-1] INFO  segmented.SegmentedRaftLogWorker (SegmentedRaftLogWorker.java:<init>(181)) - new 1e038761-1b78-4d65-9d2c-f5326a28b9d0@group-D1D849901ABB-SegmentedRaftLogWorker for RaftStorageImpl:Storage Directory /github/workspace/mnt/ozone/hadoop-ozone/integration-test/target/test-dir/MiniOzoneClusterImpl-12ebc720-05ee-4469-9130-5183c7181a17/datanode-1/data/ratis/7160f63f-4c0f-41e5-bec7-d1d849901abb
2021-03-15 13:35:42,188 [pool-55-thread-1] INFO  server.RaftServerConfigKeys (ConfUtils.java:logGet(44)) - raft.server.log.queue.byte-limit = 2147483647 (custom)
2021-03-15 13:35:42,188 [pool-55-thread-1] INFO  server.RaftServerConfigKeys (ConfUtils.java:logGet(44)) - raft.server.log.queue.element-limit = 1024 (custom)
2021-03-15 13:35:42,188 [pool-55-thread-1] INFO  server.RaftServerConfigKeys (ConfUtils.java:logGet(44)) - raft.server.log.segment.size.max = 1048576 (custom)
2021-03-15 13:35:42,188 [pool-55-thread-1] INFO  server.RaftServerConfigKeys (ConfUtils.java:logGet(44)) - raft.server.log.preallocated.size = 16384 (custom)
2021-03-15 13:35:42,188 [pool-55-thread-1] INFO  server.RaftServerConfigKeys (ConfUtils.java:logGet(44)) - raft.server.log.force.sync.num = 128 (default)
2021-03-15 13:35:42,188 [pool-55-thread-1] INFO  server.RaftServerConfigKeys (ConfUtils.java:logGet(44)) - raft.server.log.statemachine.data.sync = true (default)
2021-03-15 13:35:42,188 [pool-55-thread-1] INFO  server.RaftServerConfigKeys (ConfUtils.java:logGet(44)) - raft.server.log.statemachine.data.sync.timeout = 10s (default)
2021-03-15 13:35:42,188 [pool-55-thread-1] INFO  server.RaftServerConfigKeys (ConfUtils.java:logGet(44)) - raft.server.log.statemachine.data.sync.timeout.retry = -1 (default)
2021-03-15 13:35:42,190 [pool-55-thread-1] INFO  server.RaftServerConfigKeys (ConfUtils.java:logGet(44)) - raft.server.log.write.buffer.size = 1048576 (custom)
2021-03-15 13:35:42,191 [pool-55-thread-1] INFO  server.RaftServerConfigKeys (ConfUtils.java:logGet(44)) - raft.server.log.statemachine.data.caching.enabled = true (custom)
2021-03-15 13:35:42,191 [pool-55-thread-1] INFO  segmented.SegmentedRaftLogWorker (SegmentedRaftLogWorker.java:lambda$new$0(132)) - 1e038761-1b78-4d65-9d2c-f5326a28b9d0@group-D1D849901ABB-SegmentedRaftLogWorker: flushIndex: setUnconditionally 0 -> -1
2021-03-15 13:35:42,191 [pool-55-thread-1] INFO  segmented.SegmentedRaftLogWorker (SegmentedRaftLogWorker.java:lambda$new$0(132)) - 1e038761-1b78-4d65-9d2c-f5326a28b9d0@group-D1D849901ABB-SegmentedRaftLogWorker: safeCacheEvictIndex: setUnconditionally 0 -> -1
2021-03-15 13:35:42,193 [pool-55-thread-1] INFO  server.RaftServerConfigKeys (ConfUtils.java:logGet(44)) - raft.server.snapshot.auto.trigger.enabled = true (custom)
2021-03-15 13:35:42,193 [pool-55-thread-1] INFO  server.RaftServerConfigKeys (ConfUtils.java:logGet(44)) - raft.server.snapshot.auto.trigger.threshold = 1 (custom)
2021-03-15 13:35:42,193 [pool-55-thread-1] INFO  server.RaftServerConfigKeys (ConfUtils.java:logGet(44)) - raft.server.snapshot.retention.file.num = 5 (custom)
2021-03-15 13:35:42,193 [pool-55-thread-1] INFO  server.RaftServerConfigKeys (ConfUtils.java:logGet(44)) - raft.server.log.purge.upto.snapshot.index = false (default)
2021-03-15 13:35:42,193 [pool-55-thread-1] INFO  server.RaftServerConfigKeys (ConfUtils.java:logGet(44)) - raft.server.retrycache.expirytime = 600000ms (custom)
2021-03-15 13:35:42,193 [pool-55-thread-1] INFO  server.RaftServerConfigKeys (ConfUtils.java:logGet(44)) - raft.server.retrycache.statistics.expirytime = 100?s (default)
2021-03-15 13:35:42,193 [pool-55-thread-1] INFO  metrics.RatisMetrics (RatisMetrics.java:lambda$create$0(36)) - Creating Metrics Registry : ratis.leader_election.1e038761-1b78-4d65-9d2c-f5326a28b9d0@group-D1D849901ABB
2021-03-15 13:35:42,194 [pool-55-thread-1] INFO  metrics.RatisMetrics (RatisMetrics.java:lambda$create$0(36)) - Creating Metrics Registry : ratis.server.1e038761-1b78-4d65-9d2c-f5326a28b9d0@group-D1D849901ABB
2021-03-15 13:35:42,196 [pool-55-thread-1] INFO  server.RaftServer$Division (RaftServerImpl.java:start(295)) - 1e038761-1b78-4d65-9d2c-f5326a28b9d0@group-D1D849901ABB: start as a follower, conf=-1: [1e038761-1b78-4d65-9d2c-f5326a28b9d0|rpc:172.17.0.2:41979|priority:1], old=null
2021-03-15 13:35:42,196 [pool-55-thread-1] INFO  server.RaftServer$Division (RaftServerImpl.java:setRole(284)) - 1e038761-1b78-4d65-9d2c-f5326a28b9d0@group-D1D849901ABB: changes role from      null to FOLLOWER at term 0 for startAsFollower
2021-03-15 13:35:42,196 [pool-55-thread-1] INFO  impl.RoleInfo (RoleInfo.java:updateAndGet(130)) - 1e038761-1b78-4d65-9d2c-f5326a28b9d0: start 1e038761-1b78-4d65-9d2c-f5326a28b9d0@group-D1D849901ABB-FollowerState
2021-03-15 13:35:42,209 [pool-55-thread-1] INFO  util.JmxRegister (JmxRegister.java:tryRegister(44)) - Successfully registered JMX Bean with object name Ratis:service=RaftServer,group=group-D1D849901ABB,id=1e038761-1b78-4d65-9d2c-f5326a28b9d0
2021-03-15 13:35:42,209 [pool-55-thread-1] INFO  metrics.RatisMetrics (RatisMetrics.java:lambda$create$0(36)) - Creating Metrics Registry : ratis.state_machine.1e038761-1b78-4d65-9d2c-f5326a28b9d0@group-D1D849901ABB
2021-03-15 13:35:42,214 [Command processor thread] INFO  commandhandler.CreatePipelineCommandHandler (CreatePipelineCommandHandler.java:handle(106)) - Created Pipeline RATIS ONE PipelineID=7160f63f-4c0f-41e5-bec7-d1d849901abb.
2021-03-15 13:35:42,225 [Command processor thread] INFO  server.RaftServer (RaftServerProxy.java:addNew(95)) - 1e038761-1b78-4d65-9d2c-f5326a28b9d0: addNew group-43DE234879E5:[1e038761-1b78-4d65-9d2c-f5326a28b9d0|rpc:172.17.0.2:41979|priority:0, 6cd9ceaa-b54f-4187-9c12-925a7628e128|rpc:172.17.0.2:39055|priority:1, 2d24b89a-5033-4a49-b30e-962358659472|rpc:172.17.0.2:35689|priority:0] returns group-43DE234879E5:java.util.concurrent.CompletableFuture@cd9cdbd[Not completed]
2021-03-15 13:35:42,237 [EventQueue-PipelineReportForOneReplicaPipelineSafeModeRule] INFO  safemode.SCMSafeModeManager (SCMSafeModeManager.java:validateSafeModeExitRules(214)) - AtleastOneDatanodeReportedRule rule is successfully validated
2021-03-15 13:35:42,238 [pool-55-thread-1] INFO  server.RaftServer$Division (RaftServerImpl.java:<init>(180)) - 1e038761-1b78-4d65-9d2c-f5326a28b9d0: new RaftServerImpl for group-43DE234879E5:[1e038761-1b78-4d65-9d2c-f5326a28b9d0|rpc:172.17.0.2:41979|priority:0, 6cd9ceaa-b54f-4187-9c12-925a7628e128|rpc:172.17.0.2:39055|priority:1, 2d24b89a-5033-4a49-b30e-962358659472|rpc:172.17.0.2:35689|priority:0] with ContainerStateMachine:uninitialized
2021-03-15 13:35:42,238 [pool-55-thread-1] INFO  server.RaftServerConfigKeys (ConfUtils.java:logGet(44)) - raft.server.rpc.timeout.min = 5s (custom)
2021-03-15 13:35:42,238 [pool-55-thread-1] INFO  server.RaftServerConfigKeys (ConfUtils.java:logGet(44)) - raft.server.rpc.timeout.max = 5200ms (custom)
2021-03-15 13:35:42,239 [pool-55-thread-1] INFO  server.RaftServerConfigKeys (ConfUtils.java:logGet(44)) - raft.server.rpc.sleep.time = 25ms (default)
2021-03-15 13:35:42,239 [pool-55-thread-1] INFO  server.RaftServerConfigKeys (ConfUtils.java:logGet(44)) - raft.server.rpc.slowness.timeout = 300000ms (custom)
2021-03-15 13:35:42,239 [pool-55-thread-1] INFO  server.RaftServerConfigKeys (ConfUtils.java:logGet(44)) - raft.server.leaderelection.leader.step-down.wait-time = 10s (default)
2021-03-15 13:35:42,239 [pool-55-thread-1] INFO  server.RaftServerConfigKeys (ConfUtils.java:logGet(44)) - raft.server.sleep.deviation.threshold = 300ms (default)
2021-03-15 13:35:42,239 [pool-55-thread-1] INFO  server.RaftServerConfigKeys (ConfUtils.java:logGet(44)) - raft.server.log.appender.install.snapshot.enabled = false (custom)
2021-03-15 13:35:42,239 [pool-55-thread-1] INFO  server.RaftServer$Division (ServerState.java:<init>(105)) - 1e038761-1b78-4d65-9d2c-f5326a28b9d0@group-43DE234879E5: ConfigurationManager, init=-1: [1e038761-1b78-4d65-9d2c-f5326a28b9d0|rpc:172.17.0.2:41979|priority:0, 6cd9ceaa-b54f-4187-9c12-925a7628e128|rpc:172.17.0.2:39055|priority:1, 2d24b89a-5033-4a49-b30e-962358659472|rpc:172.17.0.2:35689|priority:0], old=null, confs=<EMPTY_MAP>
2021-03-15 13:35:42,239 [pool-55-thread-1] INFO  server.RaftServerConfigKeys (ConfUtils.java:logGet(44)) - raft.server.storage.dir = [/github/workspace/mnt/ozone/hadoop-ozone/integration-test/target/test-dir/MiniOzoneClusterImpl-12ebc720-05ee-4469-9130-5183c7181a17/datanode-1/data/ratis] (custom)
2021-03-15 13:35:42,240 [pool-55-thread-1] INFO  server.RaftServerConfigKeys (ConfUtils.java:logGet(44)) - raft.server.log.corruption.policy = EXCEPTION (default)
2021-03-15 13:35:42,240 [pool-55-thread-1] INFO  storage.RaftStorageDirectory (RaftStorageDirectoryImpl.java:analyzeStorage(132)) - The storage directory /github/workspace/mnt/ozone/hadoop-ozone/integration-test/target/test-dir/MiniOzoneClusterImpl-12ebc720-05ee-4469-9130-5183c7181a17/datanode-1/data/ratis/d6702ae9-653c-4305-a4d9-43de234879e5 does not exist. Creating ...
2021-03-15 13:35:42,242 [pool-55-thread-1] INFO  storage.RaftStorageDirectory (RaftStorageDirectoryImpl.java:tryLock(215)) - Lock on /github/workspace/mnt/ozone/hadoop-ozone/integration-test/target/test-dir/MiniOzoneClusterImpl-12ebc720-05ee-4469-9130-5183c7181a17/datanode-1/data/ratis/d6702ae9-653c-4305-a4d9-43de234879e5/in_use.lock acquired by nodename 27773@287f2862ff4e
2021-03-15 13:35:42,245 [pool-55-thread-1] INFO  storage.RaftStorage (RaftStorageImpl.java:format(87)) - Storage directory /github/workspace/mnt/ozone/hadoop-ozone/integration-test/target/test-dir/MiniOzoneClusterImpl-12ebc720-05ee-4469-9130-5183c7181a17/datanode-1/data/ratis/d6702ae9-653c-4305-a4d9-43de234879e5 has been successfully formatted.
2021-03-15 13:35:42,245 [pool-55-thread-1] INFO  ratis.ContainerStateMachine (ContainerStateMachine.java:loadSnapshot(223)) - group-43DE234879E5: The snapshot info is null. Setting the last applied indexto:(t:0, i:~)
2021-03-15 13:35:42,246 [pool-55-thread-1] ERROR storage.RaftStorage (RaftStorageImpl.java:readRaftConfiguration(147)) - Failed reading configuration from file:/github/workspace/mnt/ozone/hadoop-ozone/integration-test/target/test-dir/MiniOzoneClusterImpl-12ebc720-05ee-4469-9130-5183c7181a17/datanode-1/data/ratis/d6702ae9-653c-4305-a4d9-43de234879e5/current/raft-meta.conf
java.io.FileNotFoundException: /github/workspace/mnt/ozone/hadoop-ozone/integration-test/target/test-dir/MiniOzoneClusterImpl-12ebc720-05ee-4469-9130-5183c7181a17/datanode-1/data/ratis/d6702ae9-653c-4305-a4d9-43de234879e5/current/raft-meta.conf (No such file or directory)
	at java.io.FileInputStream.open0(Native Method)
	at java.io.FileInputStream.open(FileInputStream.java:195)
	at java.io.FileInputStream.<init>(FileInputStream.java:138)
	at org.apache.ratis.server.storage.RaftStorageImpl.readRaftConfiguration(RaftStorageImpl.java:143)
	at org.apache.ratis.server.impl.ServerState.<init>(ServerState.java:122)
	at org.apache.ratis.server.impl.RaftServerImpl.<init>(RaftServerImpl.java:193)
	at org.apache.ratis.server.impl.RaftServerProxy.lambda$newRaftServerImpl$4(RaftServerProxy.java:266)
	at java.util.concurrent.CompletableFuture$AsyncSupply.run(CompletableFuture.java:1604)
	at java.util.concurrent.ThreadPoolExecutor.runWorker(ThreadPoolExecutor.java:1149)
	at java.util.concurrent.ThreadPoolExecutor$Worker.run(ThreadPoolExecutor.java:624)
	at java.lang.Thread.run(Thread.java:748)
2021-03-15 13:35:42,246 [pool-55-thread-1] INFO  server.RaftServerConfigKeys (ConfUtils.java:logGet(44)) - raft.server.notification.no-leader.timeout = 300000ms (custom)
2021-03-15 13:35:42,246 [pool-55-thread-1] INFO  server.RaftServerConfigKeys (ConfUtils.java:logGet(44)) - raft.server.log.use.memory = false (default)
2021-03-15 13:35:42,246 [pool-55-thread-1] INFO  server.RaftServerConfigKeys (ConfUtils.java:logGet(44)) - raft.server.log.purge.gap = 1000000 (custom)
2021-03-15 13:35:42,246 [pool-55-thread-1] INFO  server.RaftServerConfigKeys (ConfUtils.java:logGet(44)) - raft.server.log.appender.buffer.byte-limit = 33554432 (custom)
2021-03-15 13:35:42,246 [pool-55-thread-1] INFO  metrics.RatisMetrics (RatisMetrics.java:lambda$create$0(36)) - Creating Metrics Registry : ratis.log_worker.1e038761-1b78-4d65-9d2c-f5326a28b9d0@group-43DE234879E5
2021-03-15 13:35:42,247 [pool-55-thread-1] INFO  server.RaftServerConfigKeys (ConfUtils.java:logGet(44)) - raft.server.log.segment.size.max = 1048576 (custom)
2021-03-15 13:35:42,248 [pool-55-thread-1] INFO  server.RaftServerConfigKeys (ConfUtils.java:logGet(44)) - raft.server.log.segment.cache.num.max = 2 (custom)
2021-03-15 13:35:42,248 [pool-55-thread-1] INFO  server.RaftServerConfigKeys (ConfUtils.java:logGet(44)) - raft.server.log.segment.cache.size.max = 200MB (=209715200) (default)
2021-03-15 13:35:42,248 [pool-55-thread-1] INFO  segmented.SegmentedRaftLogWorker (SegmentedRaftLogWorker.java:<init>(181)) - new 1e038761-1b78-4d65-9d2c-f5326a28b9d0@group-43DE234879E5-SegmentedRaftLogWorker for RaftStorageImpl:Storage Directory /github/workspace/mnt/ozone/hadoop-ozone/integration-test/target/test-dir/MiniOzoneClusterImpl-12ebc720-05ee-4469-9130-5183c7181a17/datanode-1/data/ratis/d6702ae9-653c-4305-a4d9-43de234879e5
2021-03-15 13:35:42,248 [pool-55-thread-1] INFO  server.RaftServerConfigKeys (ConfUtils.java:logGet(44)) - raft.server.log.queue.byte-limit = 2147483647 (custom)
2021-03-15 13:35:42,248 [pool-55-thread-1] INFO  server.RaftServerConfigKeys (ConfUtils.java:logGet(44)) - raft.server.log.queue.element-limit = 1024 (custom)
2021-03-15 13:35:42,248 [pool-55-thread-1] INFO  server.RaftServerConfigKeys (ConfUtils.java:logGet(44)) - raft.server.log.segment.size.max = 1048576 (custom)
2021-03-15 13:35:42,249 [pool-55-thread-1] INFO  server.RaftServerConfigKeys (ConfUtils.java:logGet(44)) - raft.server.log.preallocated.size = 16384 (custom)
2021-03-15 13:35:42,250 [EventQueue-OpenPipelineForHealthyPipelineSafeModeRule] INFO  safemode.SCMSafeModeManager (HealthyPipelineSafeModeRule.java:process(128)) - SCM in safe mode. Healthy pipelines reported count is 0, required healthy pipeline reported count is 1
2021-03-15 13:35:42,249 [EventQueue-PipelineReportForOneReplicaPipelineSafeModeRule] INFO  safemode.SCMSafeModeManager (SCMSafeModeManager.java:validateSafeModeExitRules(214)) - AtleastOneDatanodeReportedRule rule is successfully validated
2021-03-15 13:35:42,257 [pool-55-thread-1] INFO  server.RaftServerConfigKeys (ConfUtils.java:logGet(44)) - raft.server.log.force.sync.num = 128 (default)
2021-03-15 13:35:42,257 [pool-55-thread-1] INFO  server.RaftServerConfigKeys (ConfUtils.java:logGet(44)) - raft.server.log.statemachine.data.sync = true (default)
2021-03-15 13:35:42,257 [pool-55-thread-1] INFO  server.RaftServerConfigKeys (ConfUtils.java:logGet(44)) - raft.server.log.statemachine.data.sync.timeout = 10s (default)
2021-03-15 13:35:42,257 [pool-55-thread-1] INFO  server.RaftServerConfigKeys (ConfUtils.java:logGet(44)) - raft.server.log.statemachine.data.sync.timeout.retry = -1 (default)
2021-03-15 13:35:42,259 [pool-55-thread-1] INFO  server.RaftServerConfigKeys (ConfUtils.java:logGet(44)) - raft.server.log.write.buffer.size = 1048576 (custom)
2021-03-15 13:35:42,265 [pool-55-thread-1] INFO  server.RaftServerConfigKeys (ConfUtils.java:logGet(44)) - raft.server.log.statemachine.data.caching.enabled = true (custom)
2021-03-15 13:35:42,265 [pool-55-thread-1] INFO  segmented.SegmentedRaftLogWorker (SegmentedRaftLogWorker.java:lambda$new$0(132)) - 1e038761-1b78-4d65-9d2c-f5326a28b9d0@group-43DE234879E5-SegmentedRaftLogWorker: flushIndex: setUnconditionally 0 -> -1
2021-03-15 13:35:42,265 [pool-55-thread-1] INFO  segmented.SegmentedRaftLogWorker (SegmentedRaftLogWorker.java:lambda$new$0(132)) - 1e038761-1b78-4d65-9d2c-f5326a28b9d0@group-43DE234879E5-SegmentedRaftLogWorker: safeCacheEvictIndex: setUnconditionally 0 -> -1
2021-03-15 13:35:42,273 [pool-55-thread-1] INFO  server.RaftServerConfigKeys (ConfUtils.java:logGet(44)) - raft.server.snapshot.auto.trigger.enabled = true (custom)
2021-03-15 13:35:42,273 [pool-55-thread-1] INFO  server.RaftServerConfigKeys (ConfUtils.java:logGet(44)) - raft.server.snapshot.auto.trigger.threshold = 1 (custom)
2021-03-15 13:35:42,273 [pool-55-thread-1] INFO  server.RaftServerConfigKeys (ConfUtils.java:logGet(44)) - raft.server.snapshot.retention.file.num = 5 (custom)
2021-03-15 13:35:42,273 [pool-55-thread-1] INFO  server.RaftServerConfigKeys (ConfUtils.java:logGet(44)) - raft.server.log.purge.upto.snapshot.index = false (default)
2021-03-15 13:35:42,273 [pool-55-thread-1] INFO  server.RaftServerConfigKeys (ConfUtils.java:logGet(44)) - raft.server.retrycache.expirytime = 600000ms (custom)
2021-03-15 13:35:42,273 [pool-55-thread-1] INFO  server.RaftServerConfigKeys (ConfUtils.java:logGet(44)) - raft.server.retrycache.statistics.expirytime = 100?s (default)
2021-03-15 13:35:42,273 [pool-55-thread-1] INFO  metrics.RatisMetrics (RatisMetrics.java:lambda$create$0(36)) - Creating Metrics Registry : ratis.leader_election.1e038761-1b78-4d65-9d2c-f5326a28b9d0@group-43DE234879E5
2021-03-15 13:35:42,274 [pool-55-thread-1] INFO  metrics.RatisMetrics (RatisMetrics.java:lambda$create$0(36)) - Creating Metrics Registry : ratis.server.1e038761-1b78-4d65-9d2c-f5326a28b9d0@group-43DE234879E5
2021-03-15 13:35:42,276 [pool-55-thread-1] INFO  server.RaftServer$Division (RaftServerImpl.java:start(295)) - 1e038761-1b78-4d65-9d2c-f5326a28b9d0@group-43DE234879E5: start as a follower, conf=-1: [1e038761-1b78-4d65-9d2c-f5326a28b9d0|rpc:172.17.0.2:41979|priority:0, 6cd9ceaa-b54f-4187-9c12-925a7628e128|rpc:172.17.0.2:39055|priority:1, 2d24b89a-5033-4a49-b30e-962358659472|rpc:172.17.0.2:35689|priority:0], old=null
2021-03-15 13:35:42,276 [pool-55-thread-1] INFO  server.RaftServer$Division (RaftServerImpl.java:setRole(284)) - 1e038761-1b78-4d65-9d2c-f5326a28b9d0@group-43DE234879E5: changes role from      null to FOLLOWER at term 0 for startAsFollower
2021-03-15 13:35:42,276 [pool-55-thread-1] INFO  impl.RoleInfo (RoleInfo.java:updateAndGet(130)) - 1e038761-1b78-4d65-9d2c-f5326a28b9d0: start 1e038761-1b78-4d65-9d2c-f5326a28b9d0@group-43DE234879E5-FollowerState
2021-03-15 13:35:42,281 [pool-55-thread-1] INFO  util.JmxRegister (JmxRegister.java:tryRegister(44)) - Successfully registered JMX Bean with object name Ratis:service=RaftServer,group=group-43DE234879E5,id=1e038761-1b78-4d65-9d2c-f5326a28b9d0
2021-03-15 13:35:42,281 [pool-55-thread-1] INFO  metrics.RatisMetrics (RatisMetrics.java:lambda$create$0(36)) - Creating Metrics Registry : ratis.state_machine.1e038761-1b78-4d65-9d2c-f5326a28b9d0@group-43DE234879E5
2021-03-15 13:35:42,290 [Command processor thread] INFO  metrics.RatisMetrics (RatisMetrics.java:lambda$create$0(36)) - Creating Metrics Registry : ratis.client_message_metrics.client-5D556FC1F6E9->2d24b89a-5033-4a49-b30e-962358659472
2021-03-15 13:35:42,296 [Listener at 127.0.0.1/36325] INFO  ozone.MiniOzoneClusterImpl (MiniOzoneClusterImpl.java:lambda$waitForClusterToBeReady$0(187)) - Nodes are ready. Got 10 of 10 DN Heartbeats.
2021-03-15 13:35:42,297 [Listener at 127.0.0.1/36325] INFO  ozone.MiniOzoneClusterImpl (MiniOzoneClusterImpl.java:lambda$waitForClusterToBeReady$0(190)) - Waiting for cluster to exit safe mode
2021-03-15 13:35:42,330 [EventQueue-PipelineReportForOneReplicaPipelineSafeModeRule] INFO  safemode.SCMSafeModeManager (SCMSafeModeManager.java:validateSafeModeExitRules(214)) - AtleastOneDatanodeReportedRule rule is successfully validated
2021-03-15 13:35:42,331 [EventQueue-OpenPipelineForHealthyPipelineSafeModeRule] INFO  safemode.SCMSafeModeManager (HealthyPipelineSafeModeRule.java:process(128)) - SCM in safe mode. Healthy pipelines reported count is 0, required healthy pipeline reported count is 1
2021-03-15 13:35:42,335 [EventQueue-PipelineReportForOneReplicaPipelineSafeModeRule] INFO  safemode.SCMSafeModeManager (SCMSafeModeManager.java:validateSafeModeExitRules(214)) - AtleastOneDatanodeReportedRule rule is successfully validated
2021-03-15 13:35:42,347 [EventQueue-PipelineReportForOneReplicaPipelineSafeModeRule] INFO  safemode.SCMSafeModeManager (SCMSafeModeManager.java:validateSafeModeExitRules(214)) - AtleastOneDatanodeReportedRule rule is successfully validated
2021-03-15 13:35:42,352 [EventQueue-PipelineReportForOneReplicaPipelineSafeModeRule] INFO  safemode.SCMSafeModeManager (SCMSafeModeManager.java:validateSafeModeExitRules(214)) - AtleastOneDatanodeReportedRule rule is successfully validated
2021-03-15 13:35:42,397 [Command processor thread] INFO  server.RaftServer (RaftServerProxy.java:addNew(95)) - 6cd9ceaa-b54f-4187-9c12-925a7628e128: addNew group-90CC2BAD1CFC:[6cd9ceaa-b54f-4187-9c12-925a7628e128|rpc:172.17.0.2:39055|priority:1] returns group-90CC2BAD1CFC:java.util.concurrent.CompletableFuture@721810ce[Not completed]
2021-03-15 13:35:42,413 [pool-72-thread-1] INFO  server.RaftServer$Division (RaftServerImpl.java:<init>(180)) - 6cd9ceaa-b54f-4187-9c12-925a7628e128: new RaftServerImpl for group-90CC2BAD1CFC:[6cd9ceaa-b54f-4187-9c12-925a7628e128|rpc:172.17.0.2:39055|priority:1] with ContainerStateMachine:uninitialized
2021-03-15 13:35:42,413 [pool-72-thread-1] INFO  server.RaftServerConfigKeys (ConfUtils.java:logGet(44)) - raft.server.rpc.timeout.min = 5s (custom)
2021-03-15 13:35:42,413 [pool-72-thread-1] INFO  server.RaftServerConfigKeys (ConfUtils.java:logGet(44)) - raft.server.rpc.timeout.max = 5200ms (custom)
2021-03-15 13:35:42,413 [pool-72-thread-1] INFO  server.RaftServerConfigKeys (ConfUtils.java:logGet(44)) - raft.server.rpc.sleep.time = 25ms (default)
2021-03-15 13:35:42,413 [pool-72-thread-1] INFO  server.RaftServerConfigKeys (ConfUtils.java:logGet(44)) - raft.server.rpc.slowness.timeout = 300000ms (custom)
2021-03-15 13:35:42,414 [pool-72-thread-1] INFO  server.RaftServerConfigKeys (ConfUtils.java:logGet(44)) - raft.server.leaderelection.leader.step-down.wait-time = 10s (default)
2021-03-15 13:35:42,414 [pool-72-thread-1] INFO  server.RaftServerConfigKeys (ConfUtils.java:logGet(44)) - raft.server.sleep.deviation.threshold = 300ms (default)
2021-03-15 13:35:42,414 [pool-72-thread-1] INFO  server.RaftServerConfigKeys (ConfUtils.java:logGet(44)) - raft.server.log.appender.install.snapshot.enabled = false (custom)
2021-03-15 13:35:42,414 [pool-72-thread-1] INFO  server.RaftServer$Division (ServerState.java:<init>(105)) - 6cd9ceaa-b54f-4187-9c12-925a7628e128@group-90CC2BAD1CFC: ConfigurationManager, init=-1: [6cd9ceaa-b54f-4187-9c12-925a7628e128|rpc:172.17.0.2:39055|priority:1], old=null, confs=<EMPTY_MAP>
2021-03-15 13:35:42,414 [pool-72-thread-1] INFO  server.RaftServerConfigKeys (ConfUtils.java:logGet(44)) - raft.server.storage.dir = [/github/workspace/mnt/ozone/hadoop-ozone/integration-test/target/test-dir/MiniOzoneClusterImpl-12ebc720-05ee-4469-9130-5183c7181a17/datanode-2/data/ratis] (custom)
2021-03-15 13:35:42,414 [pool-72-thread-1] INFO  server.RaftServerConfigKeys (ConfUtils.java:logGet(44)) - raft.server.log.corruption.policy = EXCEPTION (default)
2021-03-15 13:35:42,414 [pool-72-thread-1] INFO  storage.RaftStorageDirectory (RaftStorageDirectoryImpl.java:analyzeStorage(132)) - The storage directory /github/workspace/mnt/ozone/hadoop-ozone/integration-test/target/test-dir/MiniOzoneClusterImpl-12ebc720-05ee-4469-9130-5183c7181a17/datanode-2/data/ratis/4fbf42f8-f0e4-4daf-bedb-90cc2bad1cfc does not exist. Creating ...
2021-03-15 13:35:42,418 [EventQueue-PipelineReportForOneReplicaPipelineSafeModeRule] INFO  safemode.SCMSafeModeManager (SCMSafeModeManager.java:validateSafeModeExitRules(214)) - AtleastOneDatanodeReportedRule rule is successfully validated
2021-03-15 13:35:42,419 [pool-72-thread-1] INFO  storage.RaftStorageDirectory (RaftStorageDirectoryImpl.java:tryLock(215)) - Lock on /github/workspace/mnt/ozone/hadoop-ozone/integration-test/target/test-dir/MiniOzoneClusterImpl-12ebc720-05ee-4469-9130-5183c7181a17/datanode-2/data/ratis/4fbf42f8-f0e4-4daf-bedb-90cc2bad1cfc/in_use.lock acquired by nodename 27773@287f2862ff4e
2021-03-15 13:35:42,424 [pool-72-thread-1] INFO  storage.RaftStorage (RaftStorageImpl.java:format(87)) - Storage directory /github/workspace/mnt/ozone/hadoop-ozone/integration-test/target/test-dir/MiniOzoneClusterImpl-12ebc720-05ee-4469-9130-5183c7181a17/datanode-2/data/ratis/4fbf42f8-f0e4-4daf-bedb-90cc2bad1cfc has been successfully formatted.
2021-03-15 13:35:42,426 [EventQueue-PipelineReportForOneReplicaPipelineSafeModeRule] INFO  safemode.SCMSafeModeManager (SCMSafeModeManager.java:validateSafeModeExitRules(214)) - AtleastOneDatanodeReportedRule rule is successfully validated
2021-03-15 13:35:42,426 [EventQueue-PipelineReportForOneReplicaPipelineSafeModeRule] INFO  safemode.SCMSafeModeManager (SCMSafeModeManager.java:validateSafeModeExitRules(214)) - AtleastOneDatanodeReportedRule rule is successfully validated
2021-03-15 13:35:42,427 [pool-72-thread-1] INFO  ratis.ContainerStateMachine (ContainerStateMachine.java:loadSnapshot(223)) - group-90CC2BAD1CFC: The snapshot info is null. Setting the last applied indexto:(t:0, i:~)
2021-03-15 13:35:42,427 [pool-72-thread-1] ERROR storage.RaftStorage (RaftStorageImpl.java:readRaftConfiguration(147)) - Failed reading configuration from file:/github/workspace/mnt/ozone/hadoop-ozone/integration-test/target/test-dir/MiniOzoneClusterImpl-12ebc720-05ee-4469-9130-5183c7181a17/datanode-2/data/ratis/4fbf42f8-f0e4-4daf-bedb-90cc2bad1cfc/current/raft-meta.conf
java.io.FileNotFoundException: /github/workspace/mnt/ozone/hadoop-ozone/integration-test/target/test-dir/MiniOzoneClusterImpl-12ebc720-05ee-4469-9130-5183c7181a17/datanode-2/data/ratis/4fbf42f8-f0e4-4daf-bedb-90cc2bad1cfc/current/raft-meta.conf (No such file or directory)
	at java.io.FileInputStream.open0(Native Method)
	at java.io.FileInputStream.open(FileInputStream.java:195)
	at java.io.FileInputStream.<init>(FileInputStream.java:138)
	at org.apache.ratis.server.storage.RaftStorageImpl.readRaftConfiguration(RaftStorageImpl.java:143)
	at org.apache.ratis.server.impl.ServerState.<init>(ServerState.java:122)
	at org.apache.ratis.server.impl.RaftServerImpl.<init>(RaftServerImpl.java:193)
	at org.apache.ratis.server.impl.RaftServerProxy.lambda$newRaftServerImpl$4(RaftServerProxy.java:266)
	at java.util.concurrent.CompletableFuture$AsyncSupply.run(CompletableFuture.java:1604)
	at java.util.concurrent.ThreadPoolExecutor.runWorker(ThreadPoolExecutor.java:1149)
	at java.util.concurrent.ThreadPoolExecutor$Worker.run(ThreadPoolExecutor.java:624)
	at java.lang.Thread.run(Thread.java:748)
2021-03-15 13:35:42,427 [pool-72-thread-1] INFO  server.RaftServerConfigKeys (ConfUtils.java:logGet(44)) - raft.server.notification.no-leader.timeout = 300000ms (custom)
2021-03-15 13:35:42,427 [pool-72-thread-1] INFO  server.RaftServerConfigKeys (ConfUtils.java:logGet(44)) - raft.server.log.use.memory = false (default)
2021-03-15 13:35:42,427 [pool-72-thread-1] INFO  server.RaftServerConfigKeys (ConfUtils.java:logGet(44)) - raft.server.log.purge.gap = 1000000 (custom)
2021-03-15 13:35:42,427 [EventQueue-PipelineReportForPipelineReportHandler] INFO  pipeline.PipelineStateManager (PipelineStateManager.java:openPipeline(132)) - Pipeline Pipeline[ Id: 4fbf42f8-f0e4-4daf-bedb-90cc2bad1cfc, Nodes: 6cd9ceaa-b54f-4187-9c12-925a7628e128{ip: 172.17.0.2, host: 287f2862ff4e, ports: [REPLICATION=40173, RATIS=39055, RATIS_ADMIN=39055, RATIS_SERVER=39055, STANDALONE=42545], networkLocation: /default-rack, certSerialId: null, persistedOpState: IN_SERVICE, persistedOpStateExpiryEpochSec: 0}, Type:RATIS, Factor:ONE, State:ALLOCATED, leaderId:6cd9ceaa-b54f-4187-9c12-925a7628e128, CreationTimestamp2021-03-15T13:35:39.399Z] moved to OPEN state
2021-03-15 13:35:42,427 [pool-72-thread-1] INFO  server.RaftServerConfigKeys (ConfUtils.java:logGet(44)) - raft.server.log.appender.buffer.byte-limit = 33554432 (custom)
2021-03-15 13:35:42,428 [pool-72-thread-1] INFO  metrics.RatisMetrics (RatisMetrics.java:lambda$create$0(36)) - Creating Metrics Registry : ratis.log_worker.6cd9ceaa-b54f-4187-9c12-925a7628e128@group-90CC2BAD1CFC
2021-03-15 13:35:42,428 [pool-72-thread-1] INFO  server.RaftServerConfigKeys (ConfUtils.java:logGet(44)) - raft.server.log.segment.size.max = 1048576 (custom)
2021-03-15 13:35:42,429 [pool-72-thread-1] INFO  server.RaftServerConfigKeys (ConfUtils.java:logGet(44)) - raft.server.log.segment.cache.num.max = 2 (custom)
2021-03-15 13:35:42,429 [pool-72-thread-1] INFO  server.RaftServerConfigKeys (ConfUtils.java:logGet(44)) - raft.server.log.segment.cache.size.max = 200MB (=209715200) (default)
2021-03-15 13:35:42,429 [pool-72-thread-1] INFO  segmented.SegmentedRaftLogWorker (SegmentedRaftLogWorker.java:<init>(181)) - new 6cd9ceaa-b54f-4187-9c12-925a7628e128@group-90CC2BAD1CFC-SegmentedRaftLogWorker for RaftStorageImpl:Storage Directory /github/workspace/mnt/ozone/hadoop-ozone/integration-test/target/test-dir/MiniOzoneClusterImpl-12ebc720-05ee-4469-9130-5183c7181a17/datanode-2/data/ratis/4fbf42f8-f0e4-4daf-bedb-90cc2bad1cfc
2021-03-15 13:35:42,429 [pool-72-thread-1] INFO  server.RaftServerConfigKeys (ConfUtils.java:logGet(44)) - raft.server.log.queue.byte-limit = 2147483647 (custom)
2021-03-15 13:35:42,429 [pool-72-thread-1] INFO  server.RaftServerConfigKeys (ConfUtils.java:logGet(44)) - raft.server.log.queue.element-limit = 1024 (custom)
2021-03-15 13:35:42,429 [pool-72-thread-1] INFO  server.RaftServerConfigKeys (ConfUtils.java:logGet(44)) - raft.server.log.segment.size.max = 1048576 (custom)
2021-03-15 13:35:42,429 [pool-72-thread-1] INFO  server.RaftServerConfigKeys (ConfUtils.java:logGet(44)) - raft.server.log.preallocated.size = 16384 (custom)
2021-03-15 13:35:42,429 [pool-72-thread-1] INFO  server.RaftServerConfigKeys (ConfUtils.java:logGet(44)) - raft.server.log.force.sync.num = 128 (default)
2021-03-15 13:35:42,429 [pool-72-thread-1] INFO  server.RaftServerConfigKeys (ConfUtils.java:logGet(44)) - raft.server.log.statemachine.data.sync = true (default)
2021-03-15 13:35:42,429 [pool-72-thread-1] INFO  server.RaftServerConfigKeys (ConfUtils.java:logGet(44)) - raft.server.log.statemachine.data.sync.timeout = 10s (default)
2021-03-15 13:35:42,429 [pool-72-thread-1] INFO  server.RaftServerConfigKeys (ConfUtils.java:logGet(44)) - raft.server.log.statemachine.data.sync.timeout.retry = -1 (default)
2021-03-15 13:35:42,431 [pool-72-thread-1] INFO  server.RaftServerConfigKeys (ConfUtils.java:logGet(44)) - raft.server.log.write.buffer.size = 1048576 (custom)
2021-03-15 13:35:42,431 [EventQueue-OpenPipelineForHealthyPipelineSafeModeRule] INFO  safemode.SCMSafeModeManager (HealthyPipelineSafeModeRule.java:process(128)) - SCM in safe mode. Healthy pipelines reported count is 0, required healthy pipeline reported count is 1
2021-03-15 13:35:42,448 [EventQueue-OpenPipelineForHealthyPipelineSafeModeRule] INFO  safemode.SCMSafeModeManager (HealthyPipelineSafeModeRule.java:process(128)) - SCM in safe mode. Healthy pipelines reported count is 0, required healthy pipeline reported count is 1
2021-03-15 13:35:42,449 [EventQueue-PipelineReportForOneReplicaPipelineSafeModeRule] INFO  safemode.SCMSafeModeManager (SCMSafeModeManager.java:validateSafeModeExitRules(214)) - AtleastOneDatanodeReportedRule rule is successfully validated
2021-03-15 13:35:42,432 [pool-72-thread-1] INFO  server.RaftServerConfigKeys (ConfUtils.java:logGet(44)) - raft.server.log.statemachine.data.caching.enabled = true (custom)
2021-03-15 13:35:42,453 [pool-72-thread-1] INFO  segmented.SegmentedRaftLogWorker (SegmentedRaftLogWorker.java:lambda$new$0(132)) - 6cd9ceaa-b54f-4187-9c12-925a7628e128@group-90CC2BAD1CFC-SegmentedRaftLogWorker: flushIndex: setUnconditionally 0 -> -1
2021-03-15 13:35:42,453 [pool-72-thread-1] INFO  segmented.SegmentedRaftLogWorker (SegmentedRaftLogWorker.java:lambda$new$0(132)) - 6cd9ceaa-b54f-4187-9c12-925a7628e128@group-90CC2BAD1CFC-SegmentedRaftLogWorker: safeCacheEvictIndex: setUnconditionally 0 -> -1
2021-03-15 13:35:42,473 [pool-72-thread-1] INFO  server.RaftServerConfigKeys (ConfUtils.java:logGet(44)) - raft.server.snapshot.auto.trigger.enabled = true (custom)
2021-03-15 13:35:42,473 [pool-72-thread-1] INFO  server.RaftServerConfigKeys (ConfUtils.java:logGet(44)) - raft.server.snapshot.auto.trigger.threshold = 1 (custom)
2021-03-15 13:35:42,473 [pool-72-thread-1] INFO  server.RaftServerConfigKeys (ConfUtils.java:logGet(44)) - raft.server.snapshot.retention.file.num = 5 (custom)
2021-03-15 13:35:42,473 [pool-72-thread-1] INFO  server.RaftServerConfigKeys (ConfUtils.java:logGet(44)) - raft.server.log.purge.upto.snapshot.index = false (default)
2021-03-15 13:35:42,474 [pool-72-thread-1] INFO  server.RaftServerConfigKeys (ConfUtils.java:logGet(44)) - raft.server.retrycache.expirytime = 600000ms (custom)
2021-03-15 13:35:42,474 [pool-72-thread-1] INFO  server.RaftServerConfigKeys (ConfUtils.java:logGet(44)) - raft.server.retrycache.statistics.expirytime = 100?s (default)
2021-03-15 13:35:42,474 [pool-72-thread-1] INFO  metrics.RatisMetrics (RatisMetrics.java:lambda$create$0(36)) - Creating Metrics Registry : ratis.leader_election.6cd9ceaa-b54f-4187-9c12-925a7628e128@group-90CC2BAD1CFC
2021-03-15 13:35:42,475 [pool-72-thread-1] INFO  metrics.RatisMetrics (RatisMetrics.java:lambda$create$0(36)) - Creating Metrics Registry : ratis.server.6cd9ceaa-b54f-4187-9c12-925a7628e128@group-90CC2BAD1CFC
2021-03-15 13:35:42,476 [pool-72-thread-1] INFO  server.RaftServer$Division (RaftServerImpl.java:start(295)) - 6cd9ceaa-b54f-4187-9c12-925a7628e128@group-90CC2BAD1CFC: start as a follower, conf=-1: [6cd9ceaa-b54f-4187-9c12-925a7628e128|rpc:172.17.0.2:39055|priority:1], old=null
2021-03-15 13:35:42,476 [pool-72-thread-1] INFO  server.RaftServer$Division (RaftServerImpl.java:setRole(284)) - 6cd9ceaa-b54f-4187-9c12-925a7628e128@group-90CC2BAD1CFC: changes role from      null to FOLLOWER at term 0 for startAsFollower
2021-03-15 13:35:42,476 [pool-72-thread-1] INFO  impl.RoleInfo (RoleInfo.java:updateAndGet(130)) - 6cd9ceaa-b54f-4187-9c12-925a7628e128: start 6cd9ceaa-b54f-4187-9c12-925a7628e128@group-90CC2BAD1CFC-FollowerState
2021-03-15 13:35:42,488 [pool-72-thread-1] INFO  util.JmxRegister (JmxRegister.java:tryRegister(44)) - Successfully registered JMX Bean with object name Ratis:service=RaftServer,group=group-90CC2BAD1CFC,id=6cd9ceaa-b54f-4187-9c12-925a7628e128
2021-03-15 13:35:42,488 [pool-72-thread-1] INFO  metrics.RatisMetrics (RatisMetrics.java:lambda$create$0(36)) - Creating Metrics Registry : ratis.state_machine.6cd9ceaa-b54f-4187-9c12-925a7628e128@group-90CC2BAD1CFC
2021-03-15 13:35:42,498 [Command processor thread] INFO  commandhandler.CreatePipelineCommandHandler (CreatePipelineCommandHandler.java:handle(106)) - Created Pipeline RATIS ONE PipelineID=4fbf42f8-f0e4-4daf-bedb-90cc2bad1cfc.
2021-03-15 13:35:42,499 [Command processor thread] INFO  server.RaftServer (RaftServerProxy.java:addNew(95)) - 6cd9ceaa-b54f-4187-9c12-925a7628e128: addNew group-43DE234879E5:[1e038761-1b78-4d65-9d2c-f5326a28b9d0|rpc:172.17.0.2:41979|priority:0, 6cd9ceaa-b54f-4187-9c12-925a7628e128|rpc:172.17.0.2:39055|priority:1, 2d24b89a-5033-4a49-b30e-962358659472|rpc:172.17.0.2:35689|priority:0] returns group-43DE234879E5:java.util.concurrent.CompletableFuture@76278a55[Not completed]
2021-03-15 13:35:42,500 [pool-72-thread-1] INFO  server.RaftServer$Division (RaftServerImpl.java:<init>(180)) - 6cd9ceaa-b54f-4187-9c12-925a7628e128: new RaftServerImpl for group-43DE234879E5:[1e038761-1b78-4d65-9d2c-f5326a28b9d0|rpc:172.17.0.2:41979|priority:0, 6cd9ceaa-b54f-4187-9c12-925a7628e128|rpc:172.17.0.2:39055|priority:1, 2d24b89a-5033-4a49-b30e-962358659472|rpc:172.17.0.2:35689|priority:0] with ContainerStateMachine:uninitialized
2021-03-15 13:35:42,500 [pool-72-thread-1] INFO  server.RaftServerConfigKeys (ConfUtils.java:logGet(44)) - raft.server.rpc.timeout.min = 5s (custom)
2021-03-15 13:35:42,500 [pool-72-thread-1] INFO  server.RaftServerConfigKeys (ConfUtils.java:logGet(44)) - raft.server.rpc.timeout.max = 5200ms (custom)
2021-03-15 13:35:42,500 [pool-72-thread-1] INFO  server.RaftServerConfigKeys (ConfUtils.java:logGet(44)) - raft.server.rpc.sleep.time = 25ms (default)
2021-03-15 13:35:42,500 [pool-72-thread-1] INFO  server.RaftServerConfigKeys (ConfUtils.java:logGet(44)) - raft.server.rpc.slowness.timeout = 300000ms (custom)
2021-03-15 13:35:42,500 [pool-72-thread-1] INFO  server.RaftServerConfigKeys (ConfUtils.java:logGet(44)) - raft.server.leaderelection.leader.step-down.wait-time = 10s (default)
2021-03-15 13:35:42,501 [pool-72-thread-1] INFO  server.RaftServerConfigKeys (ConfUtils.java:logGet(44)) - raft.server.sleep.deviation.threshold = 300ms (default)
2021-03-15 13:35:42,501 [pool-72-thread-1] INFO  server.RaftServerConfigKeys (ConfUtils.java:logGet(44)) - raft.server.log.appender.install.snapshot.enabled = false (custom)
2021-03-15 13:35:42,501 [pool-72-thread-1] INFO  server.RaftServer$Division (ServerState.java:<init>(105)) - 6cd9ceaa-b54f-4187-9c12-925a7628e128@group-43DE234879E5: ConfigurationManager, init=-1: [1e038761-1b78-4d65-9d2c-f5326a28b9d0|rpc:172.17.0.2:41979|priority:0, 6cd9ceaa-b54f-4187-9c12-925a7628e128|rpc:172.17.0.2:39055|priority:1, 2d24b89a-5033-4a49-b30e-962358659472|rpc:172.17.0.2:35689|priority:0], old=null, confs=<EMPTY_MAP>
2021-03-15 13:35:42,501 [pool-72-thread-1] INFO  server.RaftServerConfigKeys (ConfUtils.java:logGet(44)) - raft.server.storage.dir = [/github/workspace/mnt/ozone/hadoop-ozone/integration-test/target/test-dir/MiniOzoneClusterImpl-12ebc720-05ee-4469-9130-5183c7181a17/datanode-2/data/ratis] (custom)
2021-03-15 13:35:42,501 [pool-72-thread-1] INFO  server.RaftServerConfigKeys (ConfUtils.java:logGet(44)) - raft.server.log.corruption.policy = EXCEPTION (default)
2021-03-15 13:35:42,501 [pool-72-thread-1] INFO  storage.RaftStorageDirectory (RaftStorageDirectoryImpl.java:analyzeStorage(132)) - The storage directory /github/workspace/mnt/ozone/hadoop-ozone/integration-test/target/test-dir/MiniOzoneClusterImpl-12ebc720-05ee-4469-9130-5183c7181a17/datanode-2/data/ratis/d6702ae9-653c-4305-a4d9-43de234879e5 does not exist. Creating ...
2021-03-15 13:35:42,503 [pool-72-thread-1] INFO  storage.RaftStorageDirectory (RaftStorageDirectoryImpl.java:tryLock(215)) - Lock on /github/workspace/mnt/ozone/hadoop-ozone/integration-test/target/test-dir/MiniOzoneClusterImpl-12ebc720-05ee-4469-9130-5183c7181a17/datanode-2/data/ratis/d6702ae9-653c-4305-a4d9-43de234879e5/in_use.lock acquired by nodename 27773@287f2862ff4e
2021-03-15 13:35:42,510 [pool-72-thread-1] INFO  storage.RaftStorage (RaftStorageImpl.java:format(87)) - Storage directory /github/workspace/mnt/ozone/hadoop-ozone/integration-test/target/test-dir/MiniOzoneClusterImpl-12ebc720-05ee-4469-9130-5183c7181a17/datanode-2/data/ratis/d6702ae9-653c-4305-a4d9-43de234879e5 has been successfully formatted.
2021-03-15 13:35:42,512 [EventQueue-PipelineReportForOneReplicaPipelineSafeModeRule] INFO  safemode.SCMSafeModeManager (SCMSafeModeManager.java:validateSafeModeExitRules(214)) - AtleastOneDatanodeReportedRule rule is successfully validated
2021-03-15 13:35:42,512 [EventQueue-OpenPipelineForHealthyPipelineSafeModeRule] INFO  safemode.SCMSafeModeManager (HealthyPipelineSafeModeRule.java:process(128)) - SCM in safe mode. Healthy pipelines reported count is 0, required healthy pipeline reported count is 1
2021-03-15 13:35:42,512 [pool-72-thread-1] INFO  ratis.ContainerStateMachine (ContainerStateMachine.java:loadSnapshot(223)) - group-43DE234879E5: The snapshot info is null. Setting the last applied indexto:(t:0, i:~)
2021-03-15 13:35:42,512 [pool-72-thread-1] ERROR storage.RaftStorage (RaftStorageImpl.java:readRaftConfiguration(147)) - Failed reading configuration from file:/github/workspace/mnt/ozone/hadoop-ozone/integration-test/target/test-dir/MiniOzoneClusterImpl-12ebc720-05ee-4469-9130-5183c7181a17/datanode-2/data/ratis/d6702ae9-653c-4305-a4d9-43de234879e5/current/raft-meta.conf
java.io.FileNotFoundException: /github/workspace/mnt/ozone/hadoop-ozone/integration-test/target/test-dir/MiniOzoneClusterImpl-12ebc720-05ee-4469-9130-5183c7181a17/datanode-2/data/ratis/d6702ae9-653c-4305-a4d9-43de234879e5/current/raft-meta.conf (No such file or directory)
	at java.io.FileInputStream.open0(Native Method)
	at java.io.FileInputStream.open(FileInputStream.java:195)
	at java.io.FileInputStream.<init>(FileInputStream.java:138)
	at org.apache.ratis.server.storage.RaftStorageImpl.readRaftConfiguration(RaftStorageImpl.java:143)
	at org.apache.ratis.server.impl.ServerState.<init>(ServerState.java:122)
	at org.apache.ratis.server.impl.RaftServerImpl.<init>(RaftServerImpl.java:193)
	at org.apache.ratis.server.impl.RaftServerProxy.lambda$newRaftServerImpl$4(RaftServerProxy.java:266)
	at java.util.concurrent.CompletableFuture$AsyncSupply.run(CompletableFuture.java:1604)
	at java.util.concurrent.ThreadPoolExecutor.runWorker(ThreadPoolExecutor.java:1149)
	at java.util.concurrent.ThreadPoolExecutor$Worker.run(ThreadPoolExecutor.java:624)
	at java.lang.Thread.run(Thread.java:748)
2021-03-15 13:35:42,513 [pool-72-thread-1] INFO  server.RaftServerConfigKeys (ConfUtils.java:logGet(44)) - raft.server.notification.no-leader.timeout = 300000ms (custom)
2021-03-15 13:35:42,513 [pool-72-thread-1] INFO  server.RaftServerConfigKeys (ConfUtils.java:logGet(44)) - raft.server.log.use.memory = false (default)
2021-03-15 13:35:42,513 [pool-72-thread-1] INFO  server.RaftServerConfigKeys (ConfUtils.java:logGet(44)) - raft.server.log.purge.gap = 1000000 (custom)
2021-03-15 13:35:42,513 [pool-72-thread-1] INFO  server.RaftServerConfigKeys (ConfUtils.java:logGet(44)) - raft.server.log.appender.buffer.byte-limit = 33554432 (custom)
2021-03-15 13:35:42,513 [pool-72-thread-1] INFO  metrics.RatisMetrics (RatisMetrics.java:lambda$create$0(36)) - Creating Metrics Registry : ratis.log_worker.6cd9ceaa-b54f-4187-9c12-925a7628e128@group-43DE234879E5
2021-03-15 13:35:42,514 [pool-72-thread-1] INFO  server.RaftServerConfigKeys (ConfUtils.java:logGet(44)) - raft.server.log.segment.size.max = 1048576 (custom)
2021-03-15 13:35:42,514 [pool-72-thread-1] INFO  server.RaftServerConfigKeys (ConfUtils.java:logGet(44)) - raft.server.log.segment.cache.num.max = 2 (custom)
2021-03-15 13:35:42,514 [pool-72-thread-1] INFO  server.RaftServerConfigKeys (ConfUtils.java:logGet(44)) - raft.server.log.segment.cache.size.max = 200MB (=209715200) (default)
2021-03-15 13:35:42,515 [pool-72-thread-1] INFO  segmented.SegmentedRaftLogWorker (SegmentedRaftLogWorker.java:<init>(181)) - new 6cd9ceaa-b54f-4187-9c12-925a7628e128@group-43DE234879E5-SegmentedRaftLogWorker for RaftStorageImpl:Storage Directory /github/workspace/mnt/ozone/hadoop-ozone/integration-test/target/test-dir/MiniOzoneClusterImpl-12ebc720-05ee-4469-9130-5183c7181a17/datanode-2/data/ratis/d6702ae9-653c-4305-a4d9-43de234879e5
2021-03-15 13:35:42,515 [pool-72-thread-1] INFO  server.RaftServerConfigKeys (ConfUtils.java:logGet(44)) - raft.server.log.queue.byte-limit = 2147483647 (custom)
2021-03-15 13:35:42,515 [pool-72-thread-1] INFO  server.RaftServerConfigKeys (ConfUtils.java:logGet(44)) - raft.server.log.queue.element-limit = 1024 (custom)
2021-03-15 13:35:42,515 [pool-72-thread-1] INFO  server.RaftServerConfigKeys (ConfUtils.java:logGet(44)) - raft.server.log.segment.size.max = 1048576 (custom)
2021-03-15 13:35:42,515 [pool-72-thread-1] INFO  server.RaftServerConfigKeys (ConfUtils.java:logGet(44)) - raft.server.log.preallocated.size = 16384 (custom)
2021-03-15 13:35:42,515 [pool-72-thread-1] INFO  server.RaftServerConfigKeys (ConfUtils.java:logGet(44)) - raft.server.log.force.sync.num = 128 (default)
2021-03-15 13:35:42,515 [pool-72-thread-1] INFO  server.RaftServerConfigKeys (ConfUtils.java:logGet(44)) - raft.server.log.statemachine.data.sync = true (default)
2021-03-15 13:35:42,515 [pool-72-thread-1] INFO  server.RaftServerConfigKeys (ConfUtils.java:logGet(44)) - raft.server.log.statemachine.data.sync.timeout = 10s (default)
2021-03-15 13:35:42,515 [pool-72-thread-1] INFO  server.RaftServerConfigKeys (ConfUtils.java:logGet(44)) - raft.server.log.statemachine.data.sync.timeout.retry = -1 (default)
2021-03-15 13:35:42,517 [pool-72-thread-1] INFO  server.RaftServerConfigKeys (ConfUtils.java:logGet(44)) - raft.server.log.write.buffer.size = 1048576 (custom)
2021-03-15 13:35:42,517 [pool-72-thread-1] INFO  server.RaftServerConfigKeys (ConfUtils.java:logGet(44)) - raft.server.log.statemachine.data.caching.enabled = true (custom)
2021-03-15 13:35:42,517 [pool-72-thread-1] INFO  segmented.SegmentedRaftLogWorker (SegmentedRaftLogWorker.java:lambda$new$0(132)) - 6cd9ceaa-b54f-4187-9c12-925a7628e128@group-43DE234879E5-SegmentedRaftLogWorker: flushIndex: setUnconditionally 0 -> -1
2021-03-15 13:35:42,517 [pool-72-thread-1] INFO  segmented.SegmentedRaftLogWorker (SegmentedRaftLogWorker.java:lambda$new$0(132)) - 6cd9ceaa-b54f-4187-9c12-925a7628e128@group-43DE234879E5-SegmentedRaftLogWorker: safeCacheEvictIndex: setUnconditionally 0 -> -1
2021-03-15 13:35:42,530 [pool-72-thread-1] INFO  server.RaftServerConfigKeys (ConfUtils.java:logGet(44)) - raft.server.snapshot.auto.trigger.enabled = true (custom)
2021-03-15 13:35:42,530 [pool-72-thread-1] INFO  server.RaftServerConfigKeys (ConfUtils.java:logGet(44)) - raft.server.snapshot.auto.trigger.threshold = 1 (custom)
2021-03-15 13:35:42,530 [pool-72-thread-1] INFO  server.RaftServerConfigKeys (ConfUtils.java:logGet(44)) - raft.server.snapshot.retention.file.num = 5 (custom)
2021-03-15 13:35:42,530 [pool-72-thread-1] INFO  server.RaftServerConfigKeys (ConfUtils.java:logGet(44)) - raft.server.log.purge.upto.snapshot.index = false (default)
2021-03-15 13:35:42,531 [pool-72-thread-1] INFO  server.RaftServerConfigKeys (ConfUtils.java:logGet(44)) - raft.server.retrycache.expirytime = 600000ms (custom)
2021-03-15 13:35:42,531 [pool-72-thread-1] INFO  server.RaftServerConfigKeys (ConfUtils.java:logGet(44)) - raft.server.retrycache.statistics.expirytime = 100?s (default)
2021-03-15 13:35:42,531 [pool-72-thread-1] INFO  metrics.RatisMetrics (RatisMetrics.java:lambda$create$0(36)) - Creating Metrics Registry : ratis.leader_election.6cd9ceaa-b54f-4187-9c12-925a7628e128@group-43DE234879E5
2021-03-15 13:35:42,532 [pool-72-thread-1] INFO  metrics.RatisMetrics (RatisMetrics.java:lambda$create$0(36)) - Creating Metrics Registry : ratis.server.6cd9ceaa-b54f-4187-9c12-925a7628e128@group-43DE234879E5
2021-03-15 13:35:42,535 [EventQueue-PipelineReportForOneReplicaPipelineSafeModeRule] INFO  safemode.SCMSafeModeManager (SCMSafeModeManager.java:validateSafeModeExitRules(214)) - AtleastOneDatanodeReportedRule rule is successfully validated
2021-03-15 13:35:42,535 [EventQueue-OpenPipelineForHealthyPipelineSafeModeRule] INFO  safemode.SCMSafeModeManager (HealthyPipelineSafeModeRule.java:process(128)) - SCM in safe mode. Healthy pipelines reported count is 0, required healthy pipeline reported count is 1
2021-03-15 13:35:42,536 [EventQueue-PipelineReportForOneReplicaPipelineSafeModeRule] INFO  safemode.SCMSafeModeManager (SCMSafeModeManager.java:validateSafeModeExitRules(214)) - AtleastOneDatanodeReportedRule rule is successfully validated
2021-03-15 13:35:42,541 [pool-72-thread-1] INFO  server.RaftServer$Division (RaftServerImpl.java:start(295)) - 6cd9ceaa-b54f-4187-9c12-925a7628e128@group-43DE234879E5: start as a follower, conf=-1: [1e038761-1b78-4d65-9d2c-f5326a28b9d0|rpc:172.17.0.2:41979|priority:0, 6cd9ceaa-b54f-4187-9c12-925a7628e128|rpc:172.17.0.2:39055|priority:1, 2d24b89a-5033-4a49-b30e-962358659472|rpc:172.17.0.2:35689|priority:0], old=null
2021-03-15 13:35:42,541 [pool-72-thread-1] INFO  server.RaftServer$Division (RaftServerImpl.java:setRole(284)) - 6cd9ceaa-b54f-4187-9c12-925a7628e128@group-43DE234879E5: changes role from      null to FOLLOWER at term 0 for startAsFollower
2021-03-15 13:35:42,541 [pool-72-thread-1] INFO  impl.RoleInfo (RoleInfo.java:updateAndGet(130)) - 6cd9ceaa-b54f-4187-9c12-925a7628e128: start 6cd9ceaa-b54f-4187-9c12-925a7628e128@group-43DE234879E5-FollowerState
2021-03-15 13:35:42,552 [pool-72-thread-1] INFO  util.JmxRegister (JmxRegister.java:tryRegister(44)) - Successfully registered JMX Bean with object name Ratis:service=RaftServer,group=group-43DE234879E5,id=6cd9ceaa-b54f-4187-9c12-925a7628e128
2021-03-15 13:35:42,552 [pool-72-thread-1] INFO  metrics.RatisMetrics (RatisMetrics.java:lambda$create$0(36)) - Creating Metrics Registry : ratis.state_machine.6cd9ceaa-b54f-4187-9c12-925a7628e128@group-43DE234879E5
2021-03-15 13:35:42,553 [EventQueue-PipelineReportForOneReplicaPipelineSafeModeRule] INFO  safemode.SCMSafeModeManager (SCMSafeModeManager.java:validateSafeModeExitRules(214)) - AtleastOneDatanodeReportedRule rule is successfully validated
2021-03-15 13:35:42,568 [Command processor thread] INFO  metrics.RatisMetrics (RatisMetrics.java:lambda$create$0(36)) - Creating Metrics Registry : ratis.client_message_metrics.client-F5EA5D98B39A->2d24b89a-5033-4a49-b30e-962358659472
2021-03-15 13:35:42,619 [EventQueue-PipelineReportForOneReplicaPipelineSafeModeRule] INFO  safemode.SCMSafeModeManager (SCMSafeModeManager.java:validateSafeModeExitRules(214)) - AtleastOneDatanodeReportedRule rule is successfully validated
2021-03-15 13:35:42,630 [EventQueue-PipelineReportForOneReplicaPipelineSafeModeRule] INFO  safemode.SCMSafeModeManager (SCMSafeModeManager.java:validateSafeModeExitRules(214)) - AtleastOneDatanodeReportedRule rule is successfully validated
2021-03-15 13:35:42,637 [grpc-default-executor-0] INFO  metrics.RatisMetrics (RatisMetrics.java:lambda$create$0(36)) - Creating Metrics Registry : ratis.server_message_metrics.2d24b89a-5033-4a49-b30e-962358659472
2021-03-15 13:35:42,650 [grpc-default-executor-2] INFO  metrics.RatisMetrics (RatisMetrics.java:lambda$create$0(36)) - Creating Metrics Registry : ratis.server_message_metrics.1e038761-1b78-4d65-9d2c-f5326a28b9d0
2021-03-15 13:35:42,655 [EventQueue-PipelineReportForOneReplicaPipelineSafeModeRule] INFO  safemode.SCMSafeModeManager (SCMSafeModeManager.java:validateSafeModeExitRules(214)) - AtleastOneDatanodeReportedRule rule is successfully validated
2021-03-15 13:35:42,659 [EventQueue-OpenPipelineForHealthyPipelineSafeModeRule] INFO  safemode.SCMSafeModeManager (HealthyPipelineSafeModeRule.java:process(128)) - SCM in safe mode. Healthy pipelines reported count is 0, required healthy pipeline reported count is 1
2021-03-15 13:35:42,712 [EventQueue-PipelineReportForOneReplicaPipelineSafeModeRule] INFO  safemode.SCMSafeModeManager (SCMSafeModeManager.java:validateSafeModeExitRules(214)) - AtleastOneDatanodeReportedRule rule is successfully validated
2021-03-15 13:35:42,712 [EventQueue-OpenPipelineForHealthyPipelineSafeModeRule] INFO  safemode.SCMSafeModeManager (HealthyPipelineSafeModeRule.java:process(128)) - SCM in safe mode. Healthy pipelines reported count is 0, required healthy pipeline reported count is 1
2021-03-15 13:35:42,716 [Command processor thread] INFO  server.RaftServer (RaftServerProxy.java:addNew(95)) - 7ad4b354-5524-4bbe-8c06-278e17beb4ab: addNew group-AE8A7DD683C1:[7ad4b354-5524-4bbe-8c06-278e17beb4ab|rpc:172.17.0.2:36095|priority:1] returns group-AE8A7DD683C1:java.util.concurrent.CompletableFuture@529e263b[Not completed]
2021-03-15 13:35:42,741 [EventQueue-PipelineReportForOneReplicaPipelineSafeModeRule] INFO  safemode.SCMSafeModeManager (SCMSafeModeManager.java:validateSafeModeExitRules(214)) - AtleastOneDatanodeReportedRule rule is successfully validated
2021-03-15 13:35:42,742 [EventQueue-PipelineReportForOneReplicaPipelineSafeModeRule] INFO  safemode.SCMSafeModeManager (SCMSafeModeManager.java:validateSafeModeExitRules(214)) - AtleastOneDatanodeReportedRule rule is successfully validated
2021-03-15 13:35:42,742 [pool-88-thread-1] INFO  server.RaftServer$Division (RaftServerImpl.java:<init>(180)) - 7ad4b354-5524-4bbe-8c06-278e17beb4ab: new RaftServerImpl for group-AE8A7DD683C1:[7ad4b354-5524-4bbe-8c06-278e17beb4ab|rpc:172.17.0.2:36095|priority:1] with ContainerStateMachine:uninitialized
2021-03-15 13:35:42,742 [pool-88-thread-1] INFO  server.RaftServerConfigKeys (ConfUtils.java:logGet(44)) - raft.server.rpc.timeout.min = 5s (custom)
2021-03-15 13:35:42,743 [pool-88-thread-1] INFO  server.RaftServerConfigKeys (ConfUtils.java:logGet(44)) - raft.server.rpc.timeout.max = 5200ms (custom)
2021-03-15 13:35:42,743 [pool-88-thread-1] INFO  server.RaftServerConfigKeys (ConfUtils.java:logGet(44)) - raft.server.rpc.sleep.time = 25ms (default)
2021-03-15 13:35:42,743 [pool-88-thread-1] INFO  server.RaftServerConfigKeys (ConfUtils.java:logGet(44)) - raft.server.rpc.slowness.timeout = 300000ms (custom)
2021-03-15 13:35:42,743 [pool-88-thread-1] INFO  server.RaftServerConfigKeys (ConfUtils.java:logGet(44)) - raft.server.leaderelection.leader.step-down.wait-time = 10s (default)
2021-03-15 13:35:42,743 [pool-88-thread-1] INFO  server.RaftServerConfigKeys (ConfUtils.java:logGet(44)) - raft.server.sleep.deviation.threshold = 300ms (default)
2021-03-15 13:35:42,743 [pool-88-thread-1] INFO  server.RaftServerConfigKeys (ConfUtils.java:logGet(44)) - raft.server.log.appender.install.snapshot.enabled = false (custom)
2021-03-15 13:35:42,743 [pool-88-thread-1] INFO  server.RaftServer$Division (ServerState.java:<init>(105)) - 7ad4b354-5524-4bbe-8c06-278e17beb4ab@group-AE8A7DD683C1: ConfigurationManager, init=-1: [7ad4b354-5524-4bbe-8c06-278e17beb4ab|rpc:172.17.0.2:36095|priority:1], old=null, confs=<EMPTY_MAP>
2021-03-15 13:35:42,743 [pool-88-thread-1] INFO  server.RaftServerConfigKeys (ConfUtils.java:logGet(44)) - raft.server.storage.dir = [/github/workspace/mnt/ozone/hadoop-ozone/integration-test/target/test-dir/MiniOzoneClusterImpl-12ebc720-05ee-4469-9130-5183c7181a17/datanode-3/data/ratis] (custom)
2021-03-15 13:35:42,743 [pool-88-thread-1] INFO  server.RaftServerConfigKeys (ConfUtils.java:logGet(44)) - raft.server.log.corruption.policy = EXCEPTION (default)
2021-03-15 13:35:42,743 [pool-88-thread-1] INFO  storage.RaftStorageDirectory (RaftStorageDirectoryImpl.java:analyzeStorage(132)) - The storage directory /github/workspace/mnt/ozone/hadoop-ozone/integration-test/target/test-dir/MiniOzoneClusterImpl-12ebc720-05ee-4469-9130-5183c7181a17/datanode-3/data/ratis/dbbf0aa3-15de-4bc7-a180-ae8a7dd683c1 does not exist. Creating ...
2021-03-15 13:35:42,745 [EventQueue-OpenPipelineForHealthyPipelineSafeModeRule] INFO  safemode.SCMSafeModeManager (HealthyPipelineSafeModeRule.java:process(128)) - SCM in safe mode. Healthy pipelines reported count is 0, required healthy pipeline reported count is 1
2021-03-15 13:35:42,749 [Command processor thread] INFO  metrics.RatisMetrics (RatisMetrics.java:lambda$create$0(36)) - Creating Metrics Registry : ratis.client_message_metrics.client-7508F896A965->6cd9ceaa-b54f-4187-9c12-925a7628e128
2021-03-15 13:35:42,749 [pool-88-thread-1] INFO  storage.RaftStorageDirectory (RaftStorageDirectoryImpl.java:tryLock(215)) - Lock on /github/workspace/mnt/ozone/hadoop-ozone/integration-test/target/test-dir/MiniOzoneClusterImpl-12ebc720-05ee-4469-9130-5183c7181a17/datanode-3/data/ratis/dbbf0aa3-15de-4bc7-a180-ae8a7dd683c1/in_use.lock acquired by nodename 27773@287f2862ff4e
2021-03-15 13:35:42,751 [pool-88-thread-1] INFO  storage.RaftStorage (RaftStorageImpl.java:format(87)) - Storage directory /github/workspace/mnt/ozone/hadoop-ozone/integration-test/target/test-dir/MiniOzoneClusterImpl-12ebc720-05ee-4469-9130-5183c7181a17/datanode-3/data/ratis/dbbf0aa3-15de-4bc7-a180-ae8a7dd683c1 has been successfully formatted.
2021-03-15 13:35:42,754 [pool-88-thread-1] INFO  ratis.ContainerStateMachine (ContainerStateMachine.java:loadSnapshot(223)) - group-AE8A7DD683C1: The snapshot info is null. Setting the last applied indexto:(t:0, i:~)
2021-03-15 13:35:42,754 [pool-88-thread-1] ERROR storage.RaftStorage (RaftStorageImpl.java:readRaftConfiguration(147)) - Failed reading configuration from file:/github/workspace/mnt/ozone/hadoop-ozone/integration-test/target/test-dir/MiniOzoneClusterImpl-12ebc720-05ee-4469-9130-5183c7181a17/datanode-3/data/ratis/dbbf0aa3-15de-4bc7-a180-ae8a7dd683c1/current/raft-meta.conf
java.io.FileNotFoundException: /github/workspace/mnt/ozone/hadoop-ozone/integration-test/target/test-dir/MiniOzoneClusterImpl-12ebc720-05ee-4469-9130-5183c7181a17/datanode-3/data/ratis/dbbf0aa3-15de-4bc7-a180-ae8a7dd683c1/current/raft-meta.conf (No such file or directory)
	at java.io.FileInputStream.open0(Native Method)
	at java.io.FileInputStream.open(FileInputStream.java:195)
	at java.io.FileInputStream.<init>(FileInputStream.java:138)
	at org.apache.ratis.server.storage.RaftStorageImpl.readRaftConfiguration(RaftStorageImpl.java:143)
	at org.apache.ratis.server.impl.ServerState.<init>(ServerState.java:122)
	at org.apache.ratis.server.impl.RaftServerImpl.<init>(RaftServerImpl.java:193)
	at org.apache.ratis.server.impl.RaftServerProxy.lambda$newRaftServerImpl$4(RaftServerProxy.java:266)
	at java.util.concurrent.CompletableFuture$AsyncSupply.run(CompletableFuture.java:1604)
	at java.util.concurrent.ThreadPoolExecutor.runWorker(ThreadPoolExecutor.java:1149)
	at java.util.concurrent.ThreadPoolExecutor$Worker.run(ThreadPoolExecutor.java:624)
	at java.lang.Thread.run(Thread.java:748)
2021-03-15 13:35:42,755 [pool-88-thread-1] INFO  server.RaftServerConfigKeys (ConfUtils.java:logGet(44)) - raft.server.notification.no-leader.timeout = 300000ms (custom)
2021-03-15 13:35:42,755 [pool-88-thread-1] INFO  server.RaftServerConfigKeys (ConfUtils.java:logGet(44)) - raft.server.log.use.memory = false (default)
2021-03-15 13:35:42,755 [pool-88-thread-1] INFO  server.RaftServerConfigKeys (ConfUtils.java:logGet(44)) - raft.server.log.purge.gap = 1000000 (custom)
2021-03-15 13:35:42,755 [pool-88-thread-1] INFO  server.RaftServerConfigKeys (ConfUtils.java:logGet(44)) - raft.server.log.appender.buffer.byte-limit = 33554432 (custom)
2021-03-15 13:35:42,755 [pool-88-thread-1] INFO  metrics.RatisMetrics (RatisMetrics.java:lambda$create$0(36)) - Creating Metrics Registry : ratis.log_worker.7ad4b354-5524-4bbe-8c06-278e17beb4ab@group-AE8A7DD683C1
2021-03-15 13:35:42,755 [EventQueue-PipelineReportForOneReplicaPipelineSafeModeRule] INFO  safemode.SCMSafeModeManager (SCMSafeModeManager.java:validateSafeModeExitRules(214)) - AtleastOneDatanodeReportedRule rule is successfully validated
2021-03-15 13:35:42,755 [EventQueue-PipelineReportForPipelineReportHandler] INFO  pipeline.PipelineStateManager (PipelineStateManager.java:openPipeline(132)) - Pipeline Pipeline[ Id: dbbf0aa3-15de-4bc7-a180-ae8a7dd683c1, Nodes: 7ad4b354-5524-4bbe-8c06-278e17beb4ab{ip: 172.17.0.2, host: 287f2862ff4e, ports: [REPLICATION=40437, RATIS=36095, RATIS_ADMIN=36095, RATIS_SERVER=36095, STANDALONE=39065], networkLocation: /default-rack, certSerialId: null, persistedOpState: IN_SERVICE, persistedOpStateExpiryEpochSec: 0}, Type:RATIS, Factor:ONE, State:ALLOCATED, leaderId:7ad4b354-5524-4bbe-8c06-278e17beb4ab, CreationTimestamp2021-03-15T13:35:39.710Z] moved to OPEN state
2021-03-15 13:35:42,755 [pool-88-thread-1] INFO  server.RaftServerConfigKeys (ConfUtils.java:logGet(44)) - raft.server.log.segment.size.max = 1048576 (custom)
2021-03-15 13:35:42,756 [EventQueue-OpenPipelineForHealthyPipelineSafeModeRule] INFO  safemode.SCMSafeModeManager (HealthyPipelineSafeModeRule.java:process(128)) - SCM in safe mode. Healthy pipelines reported count is 0, required healthy pipeline reported count is 1
2021-03-15 13:35:42,762 [Command processor thread] INFO  metrics.RatisMetrics (RatisMetrics.java:lambda$create$0(36)) - Creating Metrics Registry : ratis.client_message_metrics.client-65222E7710BA->6cd9ceaa-b54f-4187-9c12-925a7628e128
2021-03-15 13:35:42,757 [EventQueue-PipelineReportForOneReplicaPipelineSafeModeRule] INFO  safemode.SCMSafeModeManager (SCMSafeModeManager.java:validateSafeModeExitRules(214)) - AtleastOneDatanodeReportedRule rule is successfully validated
2021-03-15 13:35:42,756 [pool-88-thread-1] INFO  server.RaftServerConfigKeys (ConfUtils.java:logGet(44)) - raft.server.log.segment.cache.num.max = 2 (custom)
2021-03-15 13:35:42,765 [pool-88-thread-1] INFO  server.RaftServerConfigKeys (ConfUtils.java:logGet(44)) - raft.server.log.segment.cache.size.max = 200MB (=209715200) (default)
2021-03-15 13:35:42,765 [pool-88-thread-1] INFO  segmented.SegmentedRaftLogWorker (SegmentedRaftLogWorker.java:<init>(181)) - new 7ad4b354-5524-4bbe-8c06-278e17beb4ab@group-AE8A7DD683C1-SegmentedRaftLogWorker for RaftStorageImpl:Storage Directory /github/workspace/mnt/ozone/hadoop-ozone/integration-test/target/test-dir/MiniOzoneClusterImpl-12ebc720-05ee-4469-9130-5183c7181a17/datanode-3/data/ratis/dbbf0aa3-15de-4bc7-a180-ae8a7dd683c1
2021-03-15 13:35:42,765 [pool-88-thread-1] INFO  server.RaftServerConfigKeys (ConfUtils.java:logGet(44)) - raft.server.log.queue.byte-limit = 2147483647 (custom)
2021-03-15 13:35:42,765 [pool-88-thread-1] INFO  server.RaftServerConfigKeys (ConfUtils.java:logGet(44)) - raft.server.log.queue.element-limit = 1024 (custom)
2021-03-15 13:35:42,765 [pool-88-thread-1] INFO  server.RaftServerConfigKeys (ConfUtils.java:logGet(44)) - raft.server.log.segment.size.max = 1048576 (custom)
2021-03-15 13:35:42,765 [pool-88-thread-1] INFO  server.RaftServerConfigKeys (ConfUtils.java:logGet(44)) - raft.server.log.preallocated.size = 16384 (custom)
2021-03-15 13:35:42,765 [pool-88-thread-1] INFO  server.RaftServerConfigKeys (ConfUtils.java:logGet(44)) - raft.server.log.force.sync.num = 128 (default)
2021-03-15 13:35:42,765 [pool-88-thread-1] INFO  server.RaftServerConfigKeys (ConfUtils.java:logGet(44)) - raft.server.log.statemachine.data.sync = true (default)
2021-03-15 13:35:42,765 [pool-88-thread-1] INFO  server.RaftServerConfigKeys (ConfUtils.java:logGet(44)) - raft.server.log.statemachine.data.sync.timeout = 10s (default)
2021-03-15 13:35:42,766 [pool-88-thread-1] INFO  server.RaftServerConfigKeys (ConfUtils.java:logGet(44)) - raft.server.log.statemachine.data.sync.timeout.retry = -1 (default)
2021-03-15 13:35:42,767 [pool-88-thread-1] INFO  server.RaftServerConfigKeys (ConfUtils.java:logGet(44)) - raft.server.log.write.buffer.size = 1048576 (custom)
2021-03-15 13:35:42,768 [pool-88-thread-1] INFO  server.RaftServerConfigKeys (ConfUtils.java:logGet(44)) - raft.server.log.statemachine.data.caching.enabled = true (custom)
2021-03-15 13:35:42,768 [pool-88-thread-1] INFO  segmented.SegmentedRaftLogWorker (SegmentedRaftLogWorker.java:lambda$new$0(132)) - 7ad4b354-5524-4bbe-8c06-278e17beb4ab@group-AE8A7DD683C1-SegmentedRaftLogWorker: flushIndex: setUnconditionally 0 -> -1
2021-03-15 13:35:42,768 [pool-88-thread-1] INFO  segmented.SegmentedRaftLogWorker (SegmentedRaftLogWorker.java:lambda$new$0(132)) - 7ad4b354-5524-4bbe-8c06-278e17beb4ab@group-AE8A7DD683C1-SegmentedRaftLogWorker: safeCacheEvictIndex: setUnconditionally 0 -> -1
2021-03-15 13:35:42,784 [pool-88-thread-1] INFO  server.RaftServerConfigKeys (ConfUtils.java:logGet(44)) - raft.server.snapshot.auto.trigger.enabled = true (custom)
2021-03-15 13:35:42,785 [pool-88-thread-1] INFO  server.RaftServerConfigKeys (ConfUtils.java:logGet(44)) - raft.server.snapshot.auto.trigger.threshold = 1 (custom)
2021-03-15 13:35:42,785 [pool-88-thread-1] INFO  server.RaftServerConfigKeys (ConfUtils.java:logGet(44)) - raft.server.snapshot.retention.file.num = 5 (custom)
2021-03-15 13:35:42,785 [pool-88-thread-1] INFO  server.RaftServerConfigKeys (ConfUtils.java:logGet(44)) - raft.server.log.purge.upto.snapshot.index = false (default)
2021-03-15 13:35:42,785 [pool-88-thread-1] INFO  server.RaftServerConfigKeys (ConfUtils.java:logGet(44)) - raft.server.retrycache.expirytime = 600000ms (custom)
2021-03-15 13:35:42,785 [pool-88-thread-1] INFO  server.RaftServerConfigKeys (ConfUtils.java:logGet(44)) - raft.server.retrycache.statistics.expirytime = 100?s (default)
2021-03-15 13:35:42,785 [pool-88-thread-1] INFO  metrics.RatisMetrics (RatisMetrics.java:lambda$create$0(36)) - Creating Metrics Registry : ratis.leader_election.7ad4b354-5524-4bbe-8c06-278e17beb4ab@group-AE8A7DD683C1
2021-03-15 13:35:42,786 [pool-88-thread-1] INFO  metrics.RatisMetrics (RatisMetrics.java:lambda$create$0(36)) - Creating Metrics Registry : ratis.server.7ad4b354-5524-4bbe-8c06-278e17beb4ab@group-AE8A7DD683C1
2021-03-15 13:35:42,787 [pool-88-thread-1] INFO  server.RaftServer$Division (RaftServerImpl.java:start(295)) - 7ad4b354-5524-4bbe-8c06-278e17beb4ab@group-AE8A7DD683C1: start as a follower, conf=-1: [7ad4b354-5524-4bbe-8c06-278e17beb4ab|rpc:172.17.0.2:36095|priority:1], old=null
2021-03-15 13:35:42,787 [pool-88-thread-1] INFO  server.RaftServer$Division (RaftServerImpl.java:setRole(284)) - 7ad4b354-5524-4bbe-8c06-278e17beb4ab@group-AE8A7DD683C1: changes role from      null to FOLLOWER at term 0 for startAsFollower
2021-03-15 13:35:42,787 [pool-88-thread-1] INFO  impl.RoleInfo (RoleInfo.java:updateAndGet(130)) - 7ad4b354-5524-4bbe-8c06-278e17beb4ab: start 7ad4b354-5524-4bbe-8c06-278e17beb4ab@group-AE8A7DD683C1-FollowerState
2021-03-15 13:35:42,792 [Command processor thread] INFO  metrics.RatisMetrics (RatisMetrics.java:lambda$create$0(36)) - Creating Metrics Registry : ratis.client_message_metrics.client-89FD1A9C7A6A->1e038761-1b78-4d65-9d2c-f5326a28b9d0
2021-03-15 13:35:42,793 [pool-88-thread-1] INFO  util.JmxRegister (JmxRegister.java:tryRegister(44)) - Successfully registered JMX Bean with object name Ratis:service=RaftServer,group=group-AE8A7DD683C1,id=7ad4b354-5524-4bbe-8c06-278e17beb4ab
2021-03-15 13:35:42,795 [pool-88-thread-1] INFO  metrics.RatisMetrics (RatisMetrics.java:lambda$create$0(36)) - Creating Metrics Registry : ratis.state_machine.7ad4b354-5524-4bbe-8c06-278e17beb4ab@group-AE8A7DD683C1
2021-03-15 13:35:42,798 [grpc-default-executor-2] INFO  metrics.RatisMetrics (RatisMetrics.java:lambda$create$0(36)) - Creating Metrics Registry : ratis.server_message_metrics.6cd9ceaa-b54f-4187-9c12-925a7628e128
2021-03-15 13:35:42,803 [Command processor thread] INFO  commandhandler.CreatePipelineCommandHandler (CreatePipelineCommandHandler.java:handle(106)) - Created Pipeline RATIS ONE PipelineID=dbbf0aa3-15de-4bc7-a180-ae8a7dd683c1.
2021-03-15 13:35:42,804 [Command processor thread] INFO  server.RaftServer (RaftServerProxy.java:addNew(95)) - 7ad4b354-5524-4bbe-8c06-278e17beb4ab: addNew group-44737836DD86:[275eefd6-a602-4773-a0ea-a3b6f7cdc32e|rpc:172.17.0.2:44945|priority:1, 7ad4b354-5524-4bbe-8c06-278e17beb4ab|rpc:172.17.0.2:36095|priority:0, 2479fe59-7b65-4ff2-bce5-1a4041a1f829|rpc:172.17.0.2:46445|priority:0] returns group-44737836DD86:java.util.concurrent.CompletableFuture@56a1b8b0[Not completed]
2021-03-15 13:35:42,805 [pool-88-thread-1] INFO  server.RaftServer$Division (RaftServerImpl.java:<init>(180)) - 7ad4b354-5524-4bbe-8c06-278e17beb4ab: new RaftServerImpl for group-44737836DD86:[275eefd6-a602-4773-a0ea-a3b6f7cdc32e|rpc:172.17.0.2:44945|priority:1, 7ad4b354-5524-4bbe-8c06-278e17beb4ab|rpc:172.17.0.2:36095|priority:0, 2479fe59-7b65-4ff2-bce5-1a4041a1f829|rpc:172.17.0.2:46445|priority:0] with ContainerStateMachine:uninitialized
2021-03-15 13:35:42,805 [pool-88-thread-1] INFO  server.RaftServerConfigKeys (ConfUtils.java:logGet(44)) - raft.server.rpc.timeout.min = 5s (custom)
2021-03-15 13:35:42,805 [pool-88-thread-1] INFO  server.RaftServerConfigKeys (ConfUtils.java:logGet(44)) - raft.server.rpc.timeout.max = 5200ms (custom)
2021-03-15 13:35:42,805 [pool-88-thread-1] INFO  server.RaftServerConfigKeys (ConfUtils.java:logGet(44)) - raft.server.rpc.sleep.time = 25ms (default)
2021-03-15 13:35:42,805 [pool-88-thread-1] INFO  server.RaftServerConfigKeys (ConfUtils.java:logGet(44)) - raft.server.rpc.slowness.timeout = 300000ms (custom)
2021-03-15 13:35:42,806 [pool-88-thread-1] INFO  server.RaftServerConfigKeys (ConfUtils.java:logGet(44)) - raft.server.leaderelection.leader.step-down.wait-time = 10s (default)
2021-03-15 13:35:42,806 [pool-88-thread-1] INFO  server.RaftServerConfigKeys (ConfUtils.java:logGet(44)) - raft.server.sleep.deviation.threshold = 300ms (default)
2021-03-15 13:35:42,806 [pool-88-thread-1] INFO  server.RaftServerConfigKeys (ConfUtils.java:logGet(44)) - raft.server.log.appender.install.snapshot.enabled = false (custom)
2021-03-15 13:35:42,806 [pool-88-thread-1] INFO  server.RaftServer$Division (ServerState.java:<init>(105)) - 7ad4b354-5524-4bbe-8c06-278e17beb4ab@group-44737836DD86: ConfigurationManager, init=-1: [275eefd6-a602-4773-a0ea-a3b6f7cdc32e|rpc:172.17.0.2:44945|priority:1, 7ad4b354-5524-4bbe-8c06-278e17beb4ab|rpc:172.17.0.2:36095|priority:0, 2479fe59-7b65-4ff2-bce5-1a4041a1f829|rpc:172.17.0.2:46445|priority:0], old=null, confs=<EMPTY_MAP>
2021-03-15 13:35:42,806 [pool-88-thread-1] INFO  server.RaftServerConfigKeys (ConfUtils.java:logGet(44)) - raft.server.storage.dir = [/github/workspace/mnt/ozone/hadoop-ozone/integration-test/target/test-dir/MiniOzoneClusterImpl-12ebc720-05ee-4469-9130-5183c7181a17/datanode-3/data/ratis] (custom)
2021-03-15 13:35:42,806 [pool-88-thread-1] INFO  server.RaftServerConfigKeys (ConfUtils.java:logGet(44)) - raft.server.log.corruption.policy = EXCEPTION (default)
2021-03-15 13:35:42,806 [EventQueue-PipelineReportForOneReplicaPipelineSafeModeRule] INFO  safemode.SCMSafeModeManager (SCMSafeModeManager.java:validateSafeModeExitRules(214)) - AtleastOneDatanodeReportedRule rule is successfully validated
2021-03-15 13:35:42,806 [pool-88-thread-1] INFO  storage.RaftStorageDirectory (RaftStorageDirectoryImpl.java:analyzeStorage(132)) - The storage directory /github/workspace/mnt/ozone/hadoop-ozone/integration-test/target/test-dir/MiniOzoneClusterImpl-12ebc720-05ee-4469-9130-5183c7181a17/datanode-3/data/ratis/7158f7ae-ef3b-4084-8cca-44737836dd86 does not exist. Creating ...
2021-03-15 13:35:42,811 [pool-88-thread-1] INFO  storage.RaftStorageDirectory (RaftStorageDirectoryImpl.java:tryLock(215)) - Lock on /github/workspace/mnt/ozone/hadoop-ozone/integration-test/target/test-dir/MiniOzoneClusterImpl-12ebc720-05ee-4469-9130-5183c7181a17/datanode-3/data/ratis/7158f7ae-ef3b-4084-8cca-44737836dd86/in_use.lock acquired by nodename 27773@287f2862ff4e
2021-03-15 13:35:42,819 [EventQueue-PipelineReportForOneReplicaPipelineSafeModeRule] INFO  safemode.SCMSafeModeManager (SCMSafeModeManager.java:validateSafeModeExitRules(214)) - AtleastOneDatanodeReportedRule rule is successfully validated
2021-03-15 13:35:42,826 [EventQueue-PipelineReportForOneReplicaPipelineSafeModeRule] INFO  safemode.SCMSafeModeManager (SCMSafeModeManager.java:validateSafeModeExitRules(214)) - AtleastOneDatanodeReportedRule rule is successfully validated
2021-03-15 13:35:42,852 [EventQueue-PipelineReportForOneReplicaPipelineSafeModeRule] INFO  safemode.SCMSafeModeManager (SCMSafeModeManager.java:validateSafeModeExitRules(214)) - AtleastOneDatanodeReportedRule rule is successfully validated
2021-03-15 13:35:42,853 [EventQueue-OpenPipelineForHealthyPipelineSafeModeRule] INFO  safemode.SCMSafeModeManager (HealthyPipelineSafeModeRule.java:process(128)) - SCM in safe mode. Healthy pipelines reported count is 0, required healthy pipeline reported count is 1
2021-03-15 13:35:42,860 [pool-88-thread-1] INFO  storage.RaftStorage (RaftStorageImpl.java:format(87)) - Storage directory /github/workspace/mnt/ozone/hadoop-ozone/integration-test/target/test-dir/MiniOzoneClusterImpl-12ebc720-05ee-4469-9130-5183c7181a17/datanode-3/data/ratis/7158f7ae-ef3b-4084-8cca-44737836dd86 has been successfully formatted.
2021-03-15 13:35:42,860 [pool-88-thread-1] INFO  ratis.ContainerStateMachine (ContainerStateMachine.java:loadSnapshot(223)) - group-44737836DD86: The snapshot info is null. Setting the last applied indexto:(t:0, i:~)
2021-03-15 13:35:42,861 [pool-88-thread-1] ERROR storage.RaftStorage (RaftStorageImpl.java:readRaftConfiguration(147)) - Failed reading configuration from file:/github/workspace/mnt/ozone/hadoop-ozone/integration-test/target/test-dir/MiniOzoneClusterImpl-12ebc720-05ee-4469-9130-5183c7181a17/datanode-3/data/ratis/7158f7ae-ef3b-4084-8cca-44737836dd86/current/raft-meta.conf
java.io.FileNotFoundException: /github/workspace/mnt/ozone/hadoop-ozone/integration-test/target/test-dir/MiniOzoneClusterImpl-12ebc720-05ee-4469-9130-5183c7181a17/datanode-3/data/ratis/7158f7ae-ef3b-4084-8cca-44737836dd86/current/raft-meta.conf (No such file or directory)
	at java.io.FileInputStream.open0(Native Method)
	at java.io.FileInputStream.open(FileInputStream.java:195)
	at java.io.FileInputStream.<init>(FileInputStream.java:138)
	at org.apache.ratis.server.storage.RaftStorageImpl.readRaftConfiguration(RaftStorageImpl.java:143)
	at org.apache.ratis.server.impl.ServerState.<init>(ServerState.java:122)
	at org.apache.ratis.server.impl.RaftServerImpl.<init>(RaftServerImpl.java:193)
	at org.apache.ratis.server.impl.RaftServerProxy.lambda$newRaftServerImpl$4(RaftServerProxy.java:266)
	at java.util.concurrent.CompletableFuture$AsyncSupply.run(CompletableFuture.java:1604)
	at java.util.concurrent.ThreadPoolExecutor.runWorker(ThreadPoolExecutor.java:1149)
	at java.util.concurrent.ThreadPoolExecutor$Worker.run(ThreadPoolExecutor.java:624)
	at java.lang.Thread.run(Thread.java:748)
2021-03-15 13:35:42,861 [pool-88-thread-1] INFO  server.RaftServerConfigKeys (ConfUtils.java:logGet(44)) - raft.server.notification.no-leader.timeout = 300000ms (custom)
2021-03-15 13:35:42,861 [pool-88-thread-1] INFO  server.RaftServerConfigKeys (ConfUtils.java:logGet(44)) - raft.server.log.use.memory = false (default)
2021-03-15 13:35:42,861 [pool-88-thread-1] INFO  server.RaftServerConfigKeys (ConfUtils.java:logGet(44)) - raft.server.log.purge.gap = 1000000 (custom)
2021-03-15 13:35:42,861 [pool-88-thread-1] INFO  server.RaftServerConfigKeys (ConfUtils.java:logGet(44)) - raft.server.log.appender.buffer.byte-limit = 33554432 (custom)
2021-03-15 13:35:42,861 [pool-88-thread-1] INFO  metrics.RatisMetrics (RatisMetrics.java:lambda$create$0(36)) - Creating Metrics Registry : ratis.log_worker.7ad4b354-5524-4bbe-8c06-278e17beb4ab@group-44737836DD86
2021-03-15 13:35:42,862 [pool-88-thread-1] INFO  server.RaftServerConfigKeys (ConfUtils.java:logGet(44)) - raft.server.log.segment.size.max = 1048576 (custom)
2021-03-15 13:35:42,862 [pool-88-thread-1] INFO  server.RaftServerConfigKeys (ConfUtils.java:logGet(44)) - raft.server.log.segment.cache.num.max = 2 (custom)
2021-03-15 13:35:42,862 [pool-88-thread-1] INFO  server.RaftServerConfigKeys (ConfUtils.java:logGet(44)) - raft.server.log.segment.cache.size.max = 200MB (=209715200) (default)
2021-03-15 13:35:42,862 [pool-88-thread-1] INFO  segmented.SegmentedRaftLogWorker (SegmentedRaftLogWorker.java:<init>(181)) - new 7ad4b354-5524-4bbe-8c06-278e17beb4ab@group-44737836DD86-SegmentedRaftLogWorker for RaftStorageImpl:Storage Directory /github/workspace/mnt/ozone/hadoop-ozone/integration-test/target/test-dir/MiniOzoneClusterImpl-12ebc720-05ee-4469-9130-5183c7181a17/datanode-3/data/ratis/7158f7ae-ef3b-4084-8cca-44737836dd86
2021-03-15 13:35:42,864 [pool-88-thread-1] INFO  server.RaftServerConfigKeys (ConfUtils.java:logGet(44)) - raft.server.log.queue.byte-limit = 2147483647 (custom)
2021-03-15 13:35:42,864 [pool-88-thread-1] INFO  server.RaftServerConfigKeys (ConfUtils.java:logGet(44)) - raft.server.log.queue.element-limit = 1024 (custom)
2021-03-15 13:35:42,864 [pool-88-thread-1] INFO  server.RaftServerConfigKeys (ConfUtils.java:logGet(44)) - raft.server.log.segment.size.max = 1048576 (custom)
2021-03-15 13:35:42,864 [pool-88-thread-1] INFO  server.RaftServerConfigKeys (ConfUtils.java:logGet(44)) - raft.server.log.preallocated.size = 16384 (custom)
2021-03-15 13:35:42,865 [pool-88-thread-1] INFO  server.RaftServerConfigKeys (ConfUtils.java:logGet(44)) - raft.server.log.force.sync.num = 128 (default)
2021-03-15 13:35:42,865 [pool-88-thread-1] INFO  server.RaftServerConfigKeys (ConfUtils.java:logGet(44)) - raft.server.log.statemachine.data.sync = true (default)
2021-03-15 13:35:42,865 [pool-88-thread-1] INFO  server.RaftServerConfigKeys (ConfUtils.java:logGet(44)) - raft.server.log.statemachine.data.sync.timeout = 10s (default)
2021-03-15 13:35:42,865 [pool-88-thread-1] INFO  server.RaftServerConfigKeys (ConfUtils.java:logGet(44)) - raft.server.log.statemachine.data.sync.timeout.retry = -1 (default)
2021-03-15 13:35:42,866 [EventQueue-OpenPipelineForHealthyPipelineSafeModeRule] INFO  safemode.SCMSafeModeManager (HealthyPipelineSafeModeRule.java:process(128)) - SCM in safe mode. Healthy pipelines reported count is 0, required healthy pipeline reported count is 1
2021-03-15 13:35:42,865 [Command processor thread] INFO  commandhandler.CreatePipelineCommandHandler (CreatePipelineCommandHandler.java:handle(106)) - Created Pipeline RATIS THREE PipelineID=d6702ae9-653c-4305-a4d9-43de234879e5.
2021-03-15 13:35:42,866 [Command processor thread] INFO  server.RaftServer (RaftServerProxy.java:addNew(95)) - 1e038761-1b78-4d65-9d2c-f5326a28b9d0: addNew group-7F65B5B9142A:[1e038761-1b78-4d65-9d2c-f5326a28b9d0|rpc:172.17.0.2:41979|priority:1, 6cd9ceaa-b54f-4187-9c12-925a7628e128|rpc:172.17.0.2:39055|priority:0, 2d24b89a-5033-4a49-b30e-962358659472|rpc:172.17.0.2:35689|priority:0] returns group-7F65B5B9142A:java.util.concurrent.CompletableFuture@49466475[Not completed]
2021-03-15 13:35:42,867 [pool-88-thread-1] INFO  server.RaftServerConfigKeys (ConfUtils.java:logGet(44)) - raft.server.log.write.buffer.size = 1048576 (custom)
2021-03-15 13:35:42,868 [pool-55-thread-1] INFO  server.RaftServer$Division (RaftServerImpl.java:<init>(180)) - 1e038761-1b78-4d65-9d2c-f5326a28b9d0: new RaftServerImpl for group-7F65B5B9142A:[1e038761-1b78-4d65-9d2c-f5326a28b9d0|rpc:172.17.0.2:41979|priority:1, 6cd9ceaa-b54f-4187-9c12-925a7628e128|rpc:172.17.0.2:39055|priority:0, 2d24b89a-5033-4a49-b30e-962358659472|rpc:172.17.0.2:35689|priority:0] with ContainerStateMachine:uninitialized
2021-03-15 13:35:42,868 [pool-55-thread-1] INFO  server.RaftServerConfigKeys (ConfUtils.java:logGet(44)) - raft.server.rpc.timeout.min = 5s (custom)
2021-03-15 13:35:42,868 [pool-55-thread-1] INFO  server.RaftServerConfigKeys (ConfUtils.java:logGet(44)) - raft.server.rpc.timeout.max = 5200ms (custom)
2021-03-15 13:35:42,868 [pool-55-thread-1] INFO  server.RaftServerConfigKeys (ConfUtils.java:logGet(44)) - raft.server.rpc.sleep.time = 25ms (default)
2021-03-15 13:35:42,868 [pool-55-thread-1] INFO  server.RaftServerConfigKeys (ConfUtils.java:logGet(44)) - raft.server.rpc.slowness.timeout = 300000ms (custom)
2021-03-15 13:35:42,868 [pool-55-thread-1] INFO  server.RaftServerConfigKeys (ConfUtils.java:logGet(44)) - raft.server.leaderelection.leader.step-down.wait-time = 10s (default)
2021-03-15 13:35:42,868 [pool-55-thread-1] INFO  server.RaftServerConfigKeys (ConfUtils.java:logGet(44)) - raft.server.sleep.deviation.threshold = 300ms (default)
2021-03-15 13:35:42,868 [pool-55-thread-1] INFO  server.RaftServerConfigKeys (ConfUtils.java:logGet(44)) - raft.server.log.appender.install.snapshot.enabled = false (custom)
2021-03-15 13:35:42,868 [pool-55-thread-1] INFO  server.RaftServer$Division (ServerState.java:<init>(105)) - 1e038761-1b78-4d65-9d2c-f5326a28b9d0@group-7F65B5B9142A: ConfigurationManager, init=-1: [1e038761-1b78-4d65-9d2c-f5326a28b9d0|rpc:172.17.0.2:41979|priority:1, 6cd9ceaa-b54f-4187-9c12-925a7628e128|rpc:172.17.0.2:39055|priority:0, 2d24b89a-5033-4a49-b30e-962358659472|rpc:172.17.0.2:35689|priority:0], old=null, confs=<EMPTY_MAP>
2021-03-15 13:35:42,868 [pool-55-thread-1] INFO  server.RaftServerConfigKeys (ConfUtils.java:logGet(44)) - raft.server.storage.dir = [/github/workspace/mnt/ozone/hadoop-ozone/integration-test/target/test-dir/MiniOzoneClusterImpl-12ebc720-05ee-4469-9130-5183c7181a17/datanode-1/data/ratis] (custom)
2021-03-15 13:35:42,869 [pool-55-thread-1] INFO  server.RaftServerConfigKeys (ConfUtils.java:logGet(44)) - raft.server.log.corruption.policy = EXCEPTION (default)
2021-03-15 13:35:42,869 [pool-55-thread-1] INFO  storage.RaftStorageDirectory (RaftStorageDirectoryImpl.java:analyzeStorage(132)) - The storage directory /github/workspace/mnt/ozone/hadoop-ozone/integration-test/target/test-dir/MiniOzoneClusterImpl-12ebc720-05ee-4469-9130-5183c7181a17/datanode-1/data/ratis/e8f31fe7-2c7e-490a-ba00-7f65b5b9142a does not exist. Creating ...
2021-03-15 13:35:42,866 [EventQueue-PipelineReportForOneReplicaPipelineSafeModeRule] INFO  safemode.SCMSafeModeManager (SCMSafeModeManager.java:validateSafeModeExitRules(214)) - AtleastOneDatanodeReportedRule rule is successfully validated
2021-03-15 13:35:42,868 [pool-88-thread-1] INFO  server.RaftServerConfigKeys (ConfUtils.java:logGet(44)) - raft.server.log.statemachine.data.caching.enabled = true (custom)
2021-03-15 13:35:42,870 [pool-88-thread-1] INFO  segmented.SegmentedRaftLogWorker (SegmentedRaftLogWorker.java:lambda$new$0(132)) - 7ad4b354-5524-4bbe-8c06-278e17beb4ab@group-44737836DD86-SegmentedRaftLogWorker: flushIndex: setUnconditionally 0 -> -1
2021-03-15 13:35:42,880 [pool-88-thread-1] INFO  segmented.SegmentedRaftLogWorker (SegmentedRaftLogWorker.java:lambda$new$0(132)) - 7ad4b354-5524-4bbe-8c06-278e17beb4ab@group-44737836DD86-SegmentedRaftLogWorker: safeCacheEvictIndex: setUnconditionally 0 -> -1
2021-03-15 13:35:42,880 [Command processor thread] INFO  commandhandler.CreatePipelineCommandHandler (CreatePipelineCommandHandler.java:handle(106)) - Created Pipeline RATIS THREE PipelineID=d6702ae9-653c-4305-a4d9-43de234879e5.
2021-03-15 13:35:42,887 [pool-88-thread-1] INFO  server.RaftServerConfigKeys (ConfUtils.java:logGet(44)) - raft.server.snapshot.auto.trigger.enabled = true (custom)
2021-03-15 13:35:42,888 [pool-88-thread-1] INFO  server.RaftServerConfigKeys (ConfUtils.java:logGet(44)) - raft.server.snapshot.auto.trigger.threshold = 1 (custom)
2021-03-15 13:35:42,888 [pool-88-thread-1] INFO  server.RaftServerConfigKeys (ConfUtils.java:logGet(44)) - raft.server.snapshot.retention.file.num = 5 (custom)
2021-03-15 13:35:42,888 [pool-88-thread-1] INFO  server.RaftServerConfigKeys (ConfUtils.java:logGet(44)) - raft.server.log.purge.upto.snapshot.index = false (default)
2021-03-15 13:35:42,888 [pool-88-thread-1] INFO  server.RaftServerConfigKeys (ConfUtils.java:logGet(44)) - raft.server.retrycache.expirytime = 600000ms (custom)
2021-03-15 13:35:42,888 [pool-88-thread-1] INFO  server.RaftServerConfigKeys (ConfUtils.java:logGet(44)) - raft.server.retrycache.statistics.expirytime = 100?s (default)
2021-03-15 13:35:42,888 [pool-88-thread-1] INFO  metrics.RatisMetrics (RatisMetrics.java:lambda$create$0(36)) - Creating Metrics Registry : ratis.leader_election.7ad4b354-5524-4bbe-8c06-278e17beb4ab@group-44737836DD86
2021-03-15 13:35:42,889 [pool-88-thread-1] INFO  metrics.RatisMetrics (RatisMetrics.java:lambda$create$0(36)) - Creating Metrics Registry : ratis.server.7ad4b354-5524-4bbe-8c06-278e17beb4ab@group-44737836DD86
2021-03-15 13:35:42,890 [pool-88-thread-1] INFO  server.RaftServer$Division (RaftServerImpl.java:start(295)) - 7ad4b354-5524-4bbe-8c06-278e17beb4ab@group-44737836DD86: start as a follower, conf=-1: [275eefd6-a602-4773-a0ea-a3b6f7cdc32e|rpc:172.17.0.2:44945|priority:1, 7ad4b354-5524-4bbe-8c06-278e17beb4ab|rpc:172.17.0.2:36095|priority:0, 2479fe59-7b65-4ff2-bce5-1a4041a1f829|rpc:172.17.0.2:46445|priority:0], old=null
2021-03-15 13:35:42,890 [pool-88-thread-1] INFO  server.RaftServer$Division (RaftServerImpl.java:setRole(284)) - 7ad4b354-5524-4bbe-8c06-278e17beb4ab@group-44737836DD86: changes role from      null to FOLLOWER at term 0 for startAsFollower
2021-03-15 13:35:42,890 [pool-88-thread-1] INFO  impl.RoleInfo (RoleInfo.java:updateAndGet(130)) - 7ad4b354-5524-4bbe-8c06-278e17beb4ab: start 7ad4b354-5524-4bbe-8c06-278e17beb4ab@group-44737836DD86-FollowerState
2021-03-15 13:35:42,891 [pool-88-thread-1] INFO  util.JmxRegister (JmxRegister.java:tryRegister(44)) - Successfully registered JMX Bean with object name Ratis:service=RaftServer,group=group-44737836DD86,id=7ad4b354-5524-4bbe-8c06-278e17beb4ab
2021-03-15 13:35:42,891 [pool-88-thread-1] INFO  metrics.RatisMetrics (RatisMetrics.java:lambda$create$0(36)) - Creating Metrics Registry : ratis.state_machine.7ad4b354-5524-4bbe-8c06-278e17beb4ab@group-44737836DD86
2021-03-15 13:35:42,905 [Command processor thread] INFO  server.RaftServer (RaftServerProxy.java:addNew(95)) - 2d24b89a-5033-4a49-b30e-962358659472: addNew group-7F65B5B9142A:[1e038761-1b78-4d65-9d2c-f5326a28b9d0|rpc:172.17.0.2:41979|priority:1, 6cd9ceaa-b54f-4187-9c12-925a7628e128|rpc:172.17.0.2:39055|priority:0, 2d24b89a-5033-4a49-b30e-962358659472|rpc:172.17.0.2:35689|priority:0] returns group-7F65B5B9142A:java.util.concurrent.CompletableFuture@2024eb9f[Not completed]
2021-03-15 13:35:42,906 [pool-55-thread-1] INFO  storage.RaftStorageDirectory (RaftStorageDirectoryImpl.java:tryLock(215)) - Lock on /github/workspace/mnt/ozone/hadoop-ozone/integration-test/target/test-dir/MiniOzoneClusterImpl-12ebc720-05ee-4469-9130-5183c7181a17/datanode-1/data/ratis/e8f31fe7-2c7e-490a-ba00-7f65b5b9142a/in_use.lock acquired by nodename 27773@287f2862ff4e
2021-03-15 13:35:42,907 [pool-40-thread-1] INFO  server.RaftServer$Division (RaftServerImpl.java:<init>(180)) - 2d24b89a-5033-4a49-b30e-962358659472: new RaftServerImpl for group-7F65B5B9142A:[1e038761-1b78-4d65-9d2c-f5326a28b9d0|rpc:172.17.0.2:41979|priority:1, 6cd9ceaa-b54f-4187-9c12-925a7628e128|rpc:172.17.0.2:39055|priority:0, 2d24b89a-5033-4a49-b30e-962358659472|rpc:172.17.0.2:35689|priority:0] with ContainerStateMachine:uninitialized
2021-03-15 13:35:42,907 [pool-40-thread-1] INFO  server.RaftServerConfigKeys (ConfUtils.java:logGet(44)) - raft.server.rpc.timeout.min = 5s (custom)
2021-03-15 13:35:42,907 [pool-40-thread-1] INFO  server.RaftServerConfigKeys (ConfUtils.java:logGet(44)) - raft.server.rpc.timeout.max = 5200ms (custom)
2021-03-15 13:35:42,907 [pool-40-thread-1] INFO  server.RaftServerConfigKeys (ConfUtils.java:logGet(44)) - raft.server.rpc.sleep.time = 25ms (default)
2021-03-15 13:35:42,908 [pool-40-thread-1] INFO  server.RaftServerConfigKeys (ConfUtils.java:logGet(44)) - raft.server.rpc.slowness.timeout = 300000ms (custom)
2021-03-15 13:35:42,908 [pool-40-thread-1] INFO  server.RaftServerConfigKeys (ConfUtils.java:logGet(44)) - raft.server.leaderelection.leader.step-down.wait-time = 10s (default)
2021-03-15 13:35:42,908 [pool-40-thread-1] INFO  server.RaftServerConfigKeys (ConfUtils.java:logGet(44)) - raft.server.sleep.deviation.threshold = 300ms (default)
2021-03-15 13:35:42,908 [pool-40-thread-1] INFO  server.RaftServerConfigKeys (ConfUtils.java:logGet(44)) - raft.server.log.appender.install.snapshot.enabled = false (custom)
2021-03-15 13:35:42,908 [pool-40-thread-1] INFO  server.RaftServer$Division (ServerState.java:<init>(105)) - 2d24b89a-5033-4a49-b30e-962358659472@group-7F65B5B9142A: ConfigurationManager, init=-1: [1e038761-1b78-4d65-9d2c-f5326a28b9d0|rpc:172.17.0.2:41979|priority:1, 6cd9ceaa-b54f-4187-9c12-925a7628e128|rpc:172.17.0.2:39055|priority:0, 2d24b89a-5033-4a49-b30e-962358659472|rpc:172.17.0.2:35689|priority:0], old=null, confs=<EMPTY_MAP>
2021-03-15 13:35:42,908 [pool-40-thread-1] INFO  server.RaftServerConfigKeys (ConfUtils.java:logGet(44)) - raft.server.storage.dir = [/github/workspace/mnt/ozone/hadoop-ozone/integration-test/target/test-dir/MiniOzoneClusterImpl-12ebc720-05ee-4469-9130-5183c7181a17/datanode-0/data/ratis] (custom)
2021-03-15 13:35:42,908 [pool-40-thread-1] INFO  server.RaftServerConfigKeys (ConfUtils.java:logGet(44)) - raft.server.log.corruption.policy = EXCEPTION (default)
2021-03-15 13:35:42,908 [pool-40-thread-1] INFO  storage.RaftStorageDirectory (RaftStorageDirectoryImpl.java:analyzeStorage(132)) - The storage directory /github/workspace/mnt/ozone/hadoop-ozone/integration-test/target/test-dir/MiniOzoneClusterImpl-12ebc720-05ee-4469-9130-5183c7181a17/datanode-0/data/ratis/e8f31fe7-2c7e-490a-ba00-7f65b5b9142a does not exist. Creating ...
2021-03-15 13:35:42,911 [Command processor thread] INFO  metrics.RatisMetrics (RatisMetrics.java:lambda$create$0(36)) - Creating Metrics Registry : ratis.client_message_metrics.client-446E66A5A8F5->2479fe59-7b65-4ff2-bce5-1a4041a1f829
2021-03-15 13:35:42,913 [EventQueue-PipelineReportForOneReplicaPipelineSafeModeRule] INFO  safemode.SCMSafeModeManager (SCMSafeModeManager.java:validateSafeModeExitRules(214)) - AtleastOneDatanodeReportedRule rule is successfully validated
2021-03-15 13:35:42,914 [EventQueue-OpenPipelineForHealthyPipelineSafeModeRule] INFO  safemode.SCMSafeModeManager (HealthyPipelineSafeModeRule.java:process(128)) - SCM in safe mode. Healthy pipelines reported count is 0, required healthy pipeline reported count is 1
2021-03-15 13:35:42,921 [Command processor thread] INFO  commandhandler.CreatePipelineCommandHandler (CreatePipelineCommandHandler.java:handle(106)) - Created Pipeline RATIS THREE PipelineID=d6702ae9-653c-4305-a4d9-43de234879e5.
2021-03-15 13:35:42,921 [Command processor thread] INFO  server.RaftServer (RaftServerProxy.java:addNew(95)) - 6cd9ceaa-b54f-4187-9c12-925a7628e128: addNew group-7F65B5B9142A:[1e038761-1b78-4d65-9d2c-f5326a28b9d0|rpc:172.17.0.2:41979|priority:1, 6cd9ceaa-b54f-4187-9c12-925a7628e128|rpc:172.17.0.2:39055|priority:0, 2d24b89a-5033-4a49-b30e-962358659472|rpc:172.17.0.2:35689|priority:0] returns group-7F65B5B9142A:java.util.concurrent.CompletableFuture@218b360f[Not completed]
2021-03-15 13:35:42,923 [pool-72-thread-1] INFO  server.RaftServer$Division (RaftServerImpl.java:<init>(180)) - 6cd9ceaa-b54f-4187-9c12-925a7628e128: new RaftServerImpl for group-7F65B5B9142A:[1e038761-1b78-4d65-9d2c-f5326a28b9d0|rpc:172.17.0.2:41979|priority:1, 6cd9ceaa-b54f-4187-9c12-925a7628e128|rpc:172.17.0.2:39055|priority:0, 2d24b89a-5033-4a49-b30e-962358659472|rpc:172.17.0.2:35689|priority:0] with ContainerStateMachine:uninitialized
2021-03-15 13:35:42,923 [pool-72-thread-1] INFO  server.RaftServerConfigKeys (ConfUtils.java:logGet(44)) - raft.server.rpc.timeout.min = 5s (custom)
2021-03-15 13:35:42,923 [pool-72-thread-1] INFO  server.RaftServerConfigKeys (ConfUtils.java:logGet(44)) - raft.server.rpc.timeout.max = 5200ms (custom)
2021-03-15 13:35:42,923 [pool-72-thread-1] INFO  server.RaftServerConfigKeys (ConfUtils.java:logGet(44)) - raft.server.rpc.sleep.time = 25ms (default)
2021-03-15 13:35:42,923 [pool-72-thread-1] INFO  server.RaftServerConfigKeys (ConfUtils.java:logGet(44)) - raft.server.rpc.slowness.timeout = 300000ms (custom)
2021-03-15 13:35:42,923 [pool-72-thread-1] INFO  server.RaftServerConfigKeys (ConfUtils.java:logGet(44)) - raft.server.leaderelection.leader.step-down.wait-time = 10s (default)
2021-03-15 13:35:42,923 [pool-72-thread-1] INFO  server.RaftServerConfigKeys (ConfUtils.java:logGet(44)) - raft.server.sleep.deviation.threshold = 300ms (default)
2021-03-15 13:35:42,923 [pool-72-thread-1] INFO  server.RaftServerConfigKeys (ConfUtils.java:logGet(44)) - raft.server.log.appender.install.snapshot.enabled = false (custom)
2021-03-15 13:35:42,923 [pool-72-thread-1] INFO  server.RaftServer$Division (ServerState.java:<init>(105)) - 6cd9ceaa-b54f-4187-9c12-925a7628e128@group-7F65B5B9142A: ConfigurationManager, init=-1: [1e038761-1b78-4d65-9d2c-f5326a28b9d0|rpc:172.17.0.2:41979|priority:1, 6cd9ceaa-b54f-4187-9c12-925a7628e128|rpc:172.17.0.2:39055|priority:0, 2d24b89a-5033-4a49-b30e-962358659472|rpc:172.17.0.2:35689|priority:0], old=null, confs=<EMPTY_MAP>
2021-03-15 13:35:42,923 [pool-72-thread-1] INFO  server.RaftServerConfigKeys (ConfUtils.java:logGet(44)) - raft.server.storage.dir = [/github/workspace/mnt/ozone/hadoop-ozone/integration-test/target/test-dir/MiniOzoneClusterImpl-12ebc720-05ee-4469-9130-5183c7181a17/datanode-2/data/ratis] (custom)
2021-03-15 13:35:42,924 [pool-72-thread-1] INFO  server.RaftServerConfigKeys (ConfUtils.java:logGet(44)) - raft.server.log.corruption.policy = EXCEPTION (default)
2021-03-15 13:35:42,924 [pool-72-thread-1] INFO  storage.RaftStorageDirectory (RaftStorageDirectoryImpl.java:analyzeStorage(132)) - The storage directory /github/workspace/mnt/ozone/hadoop-ozone/integration-test/target/test-dir/MiniOzoneClusterImpl-12ebc720-05ee-4469-9130-5183c7181a17/datanode-2/data/ratis/e8f31fe7-2c7e-490a-ba00-7f65b5b9142a does not exist. Creating ...
2021-03-15 13:35:42,927 [grpc-default-executor-1] INFO  metrics.RatisMetrics (RatisMetrics.java:lambda$create$0(36)) - Creating Metrics Registry : ratis.server_message_metrics.2479fe59-7b65-4ff2-bce5-1a4041a1f829
2021-03-15 13:35:42,931 [grpc-default-executor-1] INFO  server.RaftServer (RaftServerProxy.java:addNew(95)) - 2479fe59-7b65-4ff2-bce5-1a4041a1f829: addNew group-44737836DD86:[275eefd6-a602-4773-a0ea-a3b6f7cdc32e|rpc:172.17.0.2:44945|dataStream:|priority:1, 7ad4b354-5524-4bbe-8c06-278e17beb4ab|rpc:172.17.0.2:36095|dataStream:|priority:0, 2479fe59-7b65-4ff2-bce5-1a4041a1f829|rpc:172.17.0.2:46445|dataStream:|priority:0] returns group-44737836DD86:java.util.concurrent.CompletableFuture@3244fc12[Not completed]
2021-03-15 13:35:42,934 [EventQueue-PipelineReportForOneReplicaPipelineSafeModeRule] INFO  safemode.SCMSafeModeManager (SCMSafeModeManager.java:validateSafeModeExitRules(214)) - AtleastOneDatanodeReportedRule rule is successfully validated
2021-03-15 13:35:42,934 [EventQueue-OpenPipelineForHealthyPipelineSafeModeRule] INFO  safemode.SCMSafeModeManager (HealthyPipelineSafeModeRule.java:process(128)) - SCM in safe mode. Healthy pipelines reported count is 0, required healthy pipeline reported count is 1
2021-03-15 13:35:42,938 [pool-104-thread-1] INFO  server.RaftServer$Division (RaftServerImpl.java:<init>(180)) - 2479fe59-7b65-4ff2-bce5-1a4041a1f829: new RaftServerImpl for group-44737836DD86:[275eefd6-a602-4773-a0ea-a3b6f7cdc32e|rpc:172.17.0.2:44945|dataStream:|priority:1, 7ad4b354-5524-4bbe-8c06-278e17beb4ab|rpc:172.17.0.2:36095|dataStream:|priority:0, 2479fe59-7b65-4ff2-bce5-1a4041a1f829|rpc:172.17.0.2:46445|dataStream:|priority:0] with ContainerStateMachine:uninitialized
2021-03-15 13:35:42,938 [pool-104-thread-1] INFO  server.RaftServerConfigKeys (ConfUtils.java:logGet(44)) - raft.server.rpc.timeout.min = 5s (custom)
2021-03-15 13:35:42,939 [pool-104-thread-1] INFO  server.RaftServerConfigKeys (ConfUtils.java:logGet(44)) - raft.server.rpc.timeout.max = 5200ms (custom)
2021-03-15 13:35:42,939 [pool-104-thread-1] INFO  server.RaftServerConfigKeys (ConfUtils.java:logGet(44)) - raft.server.rpc.sleep.time = 25ms (default)
2021-03-15 13:35:42,939 [pool-104-thread-1] INFO  server.RaftServerConfigKeys (ConfUtils.java:logGet(44)) - raft.server.rpc.slowness.timeout = 300000ms (custom)
2021-03-15 13:35:42,939 [pool-104-thread-1] INFO  server.RaftServerConfigKeys (ConfUtils.java:logGet(44)) - raft.server.leaderelection.leader.step-down.wait-time = 10s (default)
2021-03-15 13:35:42,939 [pool-104-thread-1] INFO  server.RaftServerConfigKeys (ConfUtils.java:logGet(44)) - raft.server.sleep.deviation.threshold = 300ms (default)
2021-03-15 13:35:42,939 [pool-104-thread-1] INFO  server.RaftServerConfigKeys (ConfUtils.java:logGet(44)) - raft.server.log.appender.install.snapshot.enabled = false (custom)
2021-03-15 13:35:42,939 [pool-104-thread-1] INFO  server.RaftServer$Division (ServerState.java:<init>(105)) - 2479fe59-7b65-4ff2-bce5-1a4041a1f829@group-44737836DD86: ConfigurationManager, init=-1: [275eefd6-a602-4773-a0ea-a3b6f7cdc32e|rpc:172.17.0.2:44945|dataStream:|priority:1, 7ad4b354-5524-4bbe-8c06-278e17beb4ab|rpc:172.17.0.2:36095|dataStream:|priority:0, 2479fe59-7b65-4ff2-bce5-1a4041a1f829|rpc:172.17.0.2:46445|dataStream:|priority:0], old=null, confs=<EMPTY_MAP>
2021-03-15 13:35:42,939 [pool-104-thread-1] INFO  server.RaftServerConfigKeys (ConfUtils.java:logGet(44)) - raft.server.storage.dir = [/github/workspace/mnt/ozone/hadoop-ozone/integration-test/target/test-dir/MiniOzoneClusterImpl-12ebc720-05ee-4469-9130-5183c7181a17/datanode-4/data/ratis] (custom)
2021-03-15 13:35:42,939 [pool-104-thread-1] INFO  server.RaftServerConfigKeys (ConfUtils.java:logGet(44)) - raft.server.log.corruption.policy = EXCEPTION (default)
2021-03-15 13:35:42,940 [pool-104-thread-1] INFO  storage.RaftStorageDirectory (RaftStorageDirectoryImpl.java:analyzeStorage(132)) - The storage directory /github/workspace/mnt/ozone/hadoop-ozone/integration-test/target/test-dir/MiniOzoneClusterImpl-12ebc720-05ee-4469-9130-5183c7181a17/datanode-4/data/ratis/7158f7ae-ef3b-4084-8cca-44737836dd86 does not exist. Creating ...
2021-03-15 13:35:42,943 [Command processor thread] INFO  server.RaftServer (RaftServerProxy.java:addNew(95)) - 2479fe59-7b65-4ff2-bce5-1a4041a1f829: addNew group-257D9B27DB90:[2479fe59-7b65-4ff2-bce5-1a4041a1f829|rpc:172.17.0.2:46445|priority:1] returns group-257D9B27DB90:java.util.concurrent.CompletableFuture@59db815b[Not completed]
2021-03-15 13:35:42,957 [EventQueue-PipelineReportForOneReplicaPipelineSafeModeRule] INFO  safemode.SCMSafeModeManager (SCMSafeModeManager.java:validateSafeModeExitRules(214)) - AtleastOneDatanodeReportedRule rule is successfully validated
2021-03-15 13:35:43,005 [EventQueue-PipelineReportForOneReplicaPipelineSafeModeRule] INFO  safemode.SCMSafeModeManager (SCMSafeModeManager.java:validateSafeModeExitRules(214)) - AtleastOneDatanodeReportedRule rule is successfully validated
2021-03-15 13:35:43,013 [pool-40-thread-1] INFO  storage.RaftStorageDirectory (RaftStorageDirectoryImpl.java:tryLock(215)) - Lock on /github/workspace/mnt/ozone/hadoop-ozone/integration-test/target/test-dir/MiniOzoneClusterImpl-12ebc720-05ee-4469-9130-5183c7181a17/datanode-0/data/ratis/e8f31fe7-2c7e-490a-ba00-7f65b5b9142a/in_use.lock acquired by nodename 27773@287f2862ff4e
2021-03-15 13:35:43,014 [pool-72-thread-1] INFO  storage.RaftStorageDirectory (RaftStorageDirectoryImpl.java:tryLock(215)) - Lock on /github/workspace/mnt/ozone/hadoop-ozone/integration-test/target/test-dir/MiniOzoneClusterImpl-12ebc720-05ee-4469-9130-5183c7181a17/datanode-2/data/ratis/e8f31fe7-2c7e-490a-ba00-7f65b5b9142a/in_use.lock acquired by nodename 27773@287f2862ff4e
2021-03-15 13:35:43,017 [pool-104-thread-1] INFO  storage.RaftStorageDirectory (RaftStorageDirectoryImpl.java:tryLock(215)) - Lock on /github/workspace/mnt/ozone/hadoop-ozone/integration-test/target/test-dir/MiniOzoneClusterImpl-12ebc720-05ee-4469-9130-5183c7181a17/datanode-4/data/ratis/7158f7ae-ef3b-4084-8cca-44737836dd86/in_use.lock acquired by nodename 27773@287f2862ff4e
2021-03-15 13:35:43,020 [EventQueue-PipelineReportForOneReplicaPipelineSafeModeRule] INFO  safemode.SCMSafeModeManager (SCMSafeModeManager.java:validateSafeModeExitRules(214)) - AtleastOneDatanodeReportedRule rule is successfully validated
2021-03-15 13:35:43,026 [EventQueue-PipelineReportForOneReplicaPipelineSafeModeRule] INFO  safemode.SCMSafeModeManager (SCMSafeModeManager.java:validateSafeModeExitRules(214)) - AtleastOneDatanodeReportedRule rule is successfully validated
2021-03-15 13:35:43,043 [EventQueue-PipelineReportForOneReplicaPipelineSafeModeRule] INFO  safemode.SCMSafeModeManager (SCMSafeModeManager.java:validateSafeModeExitRules(214)) - AtleastOneDatanodeReportedRule rule is successfully validated
2021-03-15 13:35:43,052 [EventQueue-PipelineReportForOneReplicaPipelineSafeModeRule] INFO  safemode.SCMSafeModeManager (SCMSafeModeManager.java:validateSafeModeExitRules(214)) - AtleastOneDatanodeReportedRule rule is successfully validated
2021-03-15 13:35:43,053 [EventQueue-OpenPipelineForHealthyPipelineSafeModeRule] INFO  safemode.SCMSafeModeManager (HealthyPipelineSafeModeRule.java:process(128)) - SCM in safe mode. Healthy pipelines reported count is 0, required healthy pipeline reported count is 1
2021-03-15 13:35:43,064 [pool-72-thread-1] INFO  storage.RaftStorage (RaftStorageImpl.java:format(87)) - Storage directory /github/workspace/mnt/ozone/hadoop-ozone/integration-test/target/test-dir/MiniOzoneClusterImpl-12ebc720-05ee-4469-9130-5183c7181a17/datanode-2/data/ratis/e8f31fe7-2c7e-490a-ba00-7f65b5b9142a has been successfully formatted.
2021-03-15 13:35:43,064 [pool-55-thread-1] INFO  storage.RaftStorage (RaftStorageImpl.java:format(87)) - Storage directory /github/workspace/mnt/ozone/hadoop-ozone/integration-test/target/test-dir/MiniOzoneClusterImpl-12ebc720-05ee-4469-9130-5183c7181a17/datanode-1/data/ratis/e8f31fe7-2c7e-490a-ba00-7f65b5b9142a has been successfully formatted.
2021-03-15 13:35:43,064 [pool-72-thread-1] INFO  ratis.ContainerStateMachine (ContainerStateMachine.java:loadSnapshot(223)) - group-7F65B5B9142A: The snapshot info is null. Setting the last applied indexto:(t:0, i:~)
2021-03-15 13:35:43,064 [pool-72-thread-1] ERROR storage.RaftStorage (RaftStorageImpl.java:readRaftConfiguration(147)) - Failed reading configuration from file:/github/workspace/mnt/ozone/hadoop-ozone/integration-test/target/test-dir/MiniOzoneClusterImpl-12ebc720-05ee-4469-9130-5183c7181a17/datanode-2/data/ratis/e8f31fe7-2c7e-490a-ba00-7f65b5b9142a/current/raft-meta.conf
java.io.FileNotFoundException: /github/workspace/mnt/ozone/hadoop-ozone/integration-test/target/test-dir/MiniOzoneClusterImpl-12ebc720-05ee-4469-9130-5183c7181a17/datanode-2/data/ratis/e8f31fe7-2c7e-490a-ba00-7f65b5b9142a/current/raft-meta.conf (No such file or directory)
	at java.io.FileInputStream.open0(Native Method)
	at java.io.FileInputStream.open(FileInputStream.java:195)
	at java.io.FileInputStream.<init>(FileInputStream.java:138)
	at org.apache.ratis.server.storage.RaftStorageImpl.readRaftConfiguration(RaftStorageImpl.java:143)
	at org.apache.ratis.server.impl.ServerState.<init>(ServerState.java:122)
	at org.apache.ratis.server.impl.RaftServerImpl.<init>(RaftServerImpl.java:193)
	at org.apache.ratis.server.impl.RaftServerProxy.lambda$newRaftServerImpl$4(RaftServerProxy.java:266)
	at java.util.concurrent.CompletableFuture$AsyncSupply.run(CompletableFuture.java:1604)
	at java.util.concurrent.ThreadPoolExecutor.runWorker(ThreadPoolExecutor.java:1149)
	at java.util.concurrent.ThreadPoolExecutor$Worker.run(ThreadPoolExecutor.java:624)
	at java.lang.Thread.run(Thread.java:748)
2021-03-15 13:35:43,065 [pool-72-thread-1] INFO  server.RaftServerConfigKeys (ConfUtils.java:logGet(44)) - raft.server.notification.no-leader.timeout = 300000ms (custom)
2021-03-15 13:35:43,065 [pool-72-thread-1] INFO  server.RaftServerConfigKeys (ConfUtils.java:logGet(44)) - raft.server.log.use.memory = false (default)
2021-03-15 13:35:43,065 [pool-72-thread-1] INFO  server.RaftServerConfigKeys (ConfUtils.java:logGet(44)) - raft.server.log.purge.gap = 1000000 (custom)
2021-03-15 13:35:43,065 [pool-72-thread-1] INFO  server.RaftServerConfigKeys (ConfUtils.java:logGet(44)) - raft.server.log.appender.buffer.byte-limit = 33554432 (custom)
2021-03-15 13:35:43,065 [pool-72-thread-1] INFO  metrics.RatisMetrics (RatisMetrics.java:lambda$create$0(36)) - Creating Metrics Registry : ratis.log_worker.6cd9ceaa-b54f-4187-9c12-925a7628e128@group-7F65B5B9142A
2021-03-15 13:35:43,065 [pool-72-thread-1] INFO  server.RaftServerConfigKeys (ConfUtils.java:logGet(44)) - raft.server.log.segment.size.max = 1048576 (custom)
2021-03-15 13:35:43,064 [pool-55-thread-1] INFO  ratis.ContainerStateMachine (ContainerStateMachine.java:loadSnapshot(223)) - group-7F65B5B9142A: The snapshot info is null. Setting the last applied indexto:(t:0, i:~)
2021-03-15 13:35:43,066 [pool-55-thread-1] ERROR storage.RaftStorage (RaftStorageImpl.java:readRaftConfiguration(147)) - Failed reading configuration from file:/github/workspace/mnt/ozone/hadoop-ozone/integration-test/target/test-dir/MiniOzoneClusterImpl-12ebc720-05ee-4469-9130-5183c7181a17/datanode-1/data/ratis/e8f31fe7-2c7e-490a-ba00-7f65b5b9142a/current/raft-meta.conf
java.io.FileNotFoundException: /github/workspace/mnt/ozone/hadoop-ozone/integration-test/target/test-dir/MiniOzoneClusterImpl-12ebc720-05ee-4469-9130-5183c7181a17/datanode-1/data/ratis/e8f31fe7-2c7e-490a-ba00-7f65b5b9142a/current/raft-meta.conf (No such file or directory)
	at java.io.FileInputStream.open0(Native Method)
	at java.io.FileInputStream.open(FileInputStream.java:195)
	at java.io.FileInputStream.<init>(FileInputStream.java:138)
	at org.apache.ratis.server.storage.RaftStorageImpl.readRaftConfiguration(RaftStorageImpl.java:143)
	at org.apache.ratis.server.impl.ServerState.<init>(ServerState.java:122)
	at org.apache.ratis.server.impl.RaftServerImpl.<init>(RaftServerImpl.java:193)
	at org.apache.ratis.server.impl.RaftServerProxy.lambda$newRaftServerImpl$4(RaftServerProxy.java:266)
	at java.util.concurrent.CompletableFuture$AsyncSupply.run(CompletableFuture.java:1604)
	at java.util.concurrent.ThreadPoolExecutor.runWorker(ThreadPoolExecutor.java:1149)
	at java.util.concurrent.ThreadPoolExecutor$Worker.run(ThreadPoolExecutor.java:624)
	at java.lang.Thread.run(Thread.java:748)
2021-03-15 13:35:43,066 [pool-55-thread-1] INFO  server.RaftServerConfigKeys (ConfUtils.java:logGet(44)) - raft.server.notification.no-leader.timeout = 300000ms (custom)
2021-03-15 13:35:43,066 [pool-55-thread-1] INFO  server.RaftServerConfigKeys (ConfUtils.java:logGet(44)) - raft.server.log.use.memory = false (default)
2021-03-15 13:35:43,066 [pool-55-thread-1] INFO  server.RaftServerConfigKeys (ConfUtils.java:logGet(44)) - raft.server.log.purge.gap = 1000000 (custom)
2021-03-15 13:35:43,066 [pool-55-thread-1] INFO  server.RaftServerConfigKeys (ConfUtils.java:logGet(44)) - raft.server.log.appender.buffer.byte-limit = 33554432 (custom)
2021-03-15 13:35:43,066 [pool-55-thread-1] INFO  metrics.RatisMetrics (RatisMetrics.java:lambda$create$0(36)) - Creating Metrics Registry : ratis.log_worker.1e038761-1b78-4d65-9d2c-f5326a28b9d0@group-7F65B5B9142A
2021-03-15 13:35:43,066 [pool-55-thread-1] INFO  server.RaftServerConfigKeys (ConfUtils.java:logGet(44)) - raft.server.log.segment.size.max = 1048576 (custom)
2021-03-15 13:35:43,067 [pool-55-thread-1] INFO  server.RaftServerConfigKeys (ConfUtils.java:logGet(44)) - raft.server.log.segment.cache.num.max = 2 (custom)
2021-03-15 13:35:43,067 [pool-55-thread-1] INFO  server.RaftServerConfigKeys (ConfUtils.java:logGet(44)) - raft.server.log.segment.cache.size.max = 200MB (=209715200) (default)
2021-03-15 13:35:43,067 [pool-55-thread-1] INFO  segmented.SegmentedRaftLogWorker (SegmentedRaftLogWorker.java:<init>(181)) - new 1e038761-1b78-4d65-9d2c-f5326a28b9d0@group-7F65B5B9142A-SegmentedRaftLogWorker for RaftStorageImpl:Storage Directory /github/workspace/mnt/ozone/hadoop-ozone/integration-test/target/test-dir/MiniOzoneClusterImpl-12ebc720-05ee-4469-9130-5183c7181a17/datanode-1/data/ratis/e8f31fe7-2c7e-490a-ba00-7f65b5b9142a
2021-03-15 13:35:43,067 [pool-55-thread-1] INFO  server.RaftServerConfigKeys (ConfUtils.java:logGet(44)) - raft.server.log.queue.byte-limit = 2147483647 (custom)
2021-03-15 13:35:43,067 [pool-55-thread-1] INFO  server.RaftServerConfigKeys (ConfUtils.java:logGet(44)) - raft.server.log.queue.element-limit = 1024 (custom)
2021-03-15 13:35:43,067 [pool-55-thread-1] INFO  server.RaftServerConfigKeys (ConfUtils.java:logGet(44)) - raft.server.log.segment.size.max = 1048576 (custom)
2021-03-15 13:35:43,067 [pool-55-thread-1] INFO  server.RaftServerConfigKeys (ConfUtils.java:logGet(44)) - raft.server.log.preallocated.size = 16384 (custom)
2021-03-15 13:35:43,067 [pool-55-thread-1] INFO  server.RaftServerConfigKeys (ConfUtils.java:logGet(44)) - raft.server.log.force.sync.num = 128 (default)
2021-03-15 13:35:43,067 [pool-55-thread-1] INFO  server.RaftServerConfigKeys (ConfUtils.java:logGet(44)) - raft.server.log.statemachine.data.sync = true (default)
2021-03-15 13:35:43,068 [pool-55-thread-1] INFO  server.RaftServerConfigKeys (ConfUtils.java:logGet(44)) - raft.server.log.statemachine.data.sync.timeout = 10s (default)
2021-03-15 13:35:43,068 [pool-55-thread-1] INFO  server.RaftServerConfigKeys (ConfUtils.java:logGet(44)) - raft.server.log.statemachine.data.sync.timeout.retry = -1 (default)
2021-03-15 13:35:43,070 [EventQueue-PipelineReportForOneReplicaPipelineSafeModeRule] INFO  safemode.SCMSafeModeManager (SCMSafeModeManager.java:validateSafeModeExitRules(214)) - AtleastOneDatanodeReportedRule rule is successfully validated
2021-03-15 13:35:43,070 [EventQueue-OpenPipelineForHealthyPipelineSafeModeRule] INFO  safemode.SCMSafeModeManager (HealthyPipelineSafeModeRule.java:process(128)) - SCM in safe mode. Healthy pipelines reported count is 0, required healthy pipeline reported count is 1
2021-03-15 13:35:43,066 [pool-72-thread-1] INFO  server.RaftServerConfigKeys (ConfUtils.java:logGet(44)) - raft.server.log.segment.cache.num.max = 2 (custom)
2021-03-15 13:35:43,071 [EventQueue-OpenPipelineForHealthyPipelineSafeModeRule] INFO  safemode.SCMSafeModeManager (HealthyPipelineSafeModeRule.java:process(128)) - SCM in safe mode. Healthy pipelines reported count is 0, required healthy pipeline reported count is 1
2021-03-15 13:35:43,071 [EventQueue-PipelineReportForOneReplicaPipelineSafeModeRule] INFO  safemode.SCMSafeModeManager (SCMSafeModeManager.java:validateSafeModeExitRules(214)) - AtleastOneDatanodeReportedRule rule is successfully validated
2021-03-15 13:35:43,072 [pool-72-thread-1] INFO  server.RaftServerConfigKeys (ConfUtils.java:logGet(44)) - raft.server.log.segment.cache.size.max = 200MB (=209715200) (default)
2021-03-15 13:35:43,066 [pool-40-thread-1] INFO  storage.RaftStorage (RaftStorageImpl.java:format(87)) - Storage directory /github/workspace/mnt/ozone/hadoop-ozone/integration-test/target/test-dir/MiniOzoneClusterImpl-12ebc720-05ee-4469-9130-5183c7181a17/datanode-0/data/ratis/e8f31fe7-2c7e-490a-ba00-7f65b5b9142a has been successfully formatted.
2021-03-15 13:35:43,072 [pool-72-thread-1] INFO  segmented.SegmentedRaftLogWorker (SegmentedRaftLogWorker.java:<init>(181)) - new 6cd9ceaa-b54f-4187-9c12-925a7628e128@group-7F65B5B9142A-SegmentedRaftLogWorker for RaftStorageImpl:Storage Directory /github/workspace/mnt/ozone/hadoop-ozone/integration-test/target/test-dir/MiniOzoneClusterImpl-12ebc720-05ee-4469-9130-5183c7181a17/datanode-2/data/ratis/e8f31fe7-2c7e-490a-ba00-7f65b5b9142a
2021-03-15 13:35:43,072 [EventQueue-OpenPipelineForHealthyPipelineSafeModeRule] INFO  safemode.SCMSafeModeManager (HealthyPipelineSafeModeRule.java:process(128)) - SCM in safe mode. Healthy pipelines reported count is 0, required healthy pipeline reported count is 1
2021-03-15 13:35:43,072 [EventQueue-PipelineReportForOneReplicaPipelineSafeModeRule] INFO  safemode.SCMSafeModeManager (SCMSafeModeManager.java:validateSafeModeExitRules(214)) - AtleastOneDatanodeReportedRule rule is successfully validated
2021-03-15 13:35:43,073 [pool-40-thread-1] INFO  ratis.ContainerStateMachine (ContainerStateMachine.java:loadSnapshot(223)) - group-7F65B5B9142A: The snapshot info is null. Setting the last applied indexto:(t:0, i:~)
2021-03-15 13:35:43,073 [pool-72-thread-1] INFO  server.RaftServerConfigKeys (ConfUtils.java:logGet(44)) - raft.server.log.queue.byte-limit = 2147483647 (custom)
2021-03-15 13:35:43,073 [pool-72-thread-1] INFO  server.RaftServerConfigKeys (ConfUtils.java:logGet(44)) - raft.server.log.queue.element-limit = 1024 (custom)
2021-03-15 13:35:43,073 [pool-40-thread-1] ERROR storage.RaftStorage (RaftStorageImpl.java:readRaftConfiguration(147)) - Failed reading configuration from file:/github/workspace/mnt/ozone/hadoop-ozone/integration-test/target/test-dir/MiniOzoneClusterImpl-12ebc720-05ee-4469-9130-5183c7181a17/datanode-0/data/ratis/e8f31fe7-2c7e-490a-ba00-7f65b5b9142a/current/raft-meta.conf
java.io.FileNotFoundException: /github/workspace/mnt/ozone/hadoop-ozone/integration-test/target/test-dir/MiniOzoneClusterImpl-12ebc720-05ee-4469-9130-5183c7181a17/datanode-0/data/ratis/e8f31fe7-2c7e-490a-ba00-7f65b5b9142a/current/raft-meta.conf (No such file or directory)
	at java.io.FileInputStream.open0(Native Method)
	at java.io.FileInputStream.open(FileInputStream.java:195)
	at java.io.FileInputStream.<init>(FileInputStream.java:138)
	at org.apache.ratis.server.storage.RaftStorageImpl.readRaftConfiguration(RaftStorageImpl.java:143)
	at org.apache.ratis.server.impl.ServerState.<init>(ServerState.java:122)
	at org.apache.ratis.server.impl.RaftServerImpl.<init>(RaftServerImpl.java:193)
	at org.apache.ratis.server.impl.RaftServerProxy.lambda$newRaftServerImpl$4(RaftServerProxy.java:266)
	at java.util.concurrent.CompletableFuture$AsyncSupply.run(CompletableFuture.java:1604)
	at java.util.concurrent.ThreadPoolExecutor.runWorker(ThreadPoolExecutor.java:1149)
	at java.util.concurrent.ThreadPoolExecutor$Worker.run(ThreadPoolExecutor.java:624)
	at java.lang.Thread.run(Thread.java:748)
2021-03-15 13:35:43,073 [pool-40-thread-1] INFO  server.RaftServerConfigKeys (ConfUtils.java:logGet(44)) - raft.server.notification.no-leader.timeout = 300000ms (custom)
2021-03-15 13:35:43,073 [pool-40-thread-1] INFO  server.RaftServerConfigKeys (ConfUtils.java:logGet(44)) - raft.server.log.use.memory = false (default)
2021-03-15 13:35:43,073 [pool-72-thread-1] INFO  server.RaftServerConfigKeys (ConfUtils.java:logGet(44)) - raft.server.log.segment.size.max = 1048576 (custom)
2021-03-15 13:35:43,074 [EventQueue-PipelineReportForOneReplicaPipelineSafeModeRule] INFO  safemode.SCMSafeModeManager (SCMSafeModeManager.java:validateSafeModeExitRules(214)) - AtleastOneDatanodeReportedRule rule is successfully validated
2021-03-15 13:35:43,074 [EventQueue-OpenPipelineForHealthyPipelineSafeModeRule] INFO  safemode.SCMSafeModeManager (HealthyPipelineSafeModeRule.java:process(128)) - SCM in safe mode. Healthy pipelines reported count is 0, required healthy pipeline reported count is 1
2021-03-15 13:35:43,073 [pool-40-thread-1] INFO  server.RaftServerConfigKeys (ConfUtils.java:logGet(44)) - raft.server.log.purge.gap = 1000000 (custom)
2021-03-15 13:35:43,074 [pool-72-thread-1] INFO  server.RaftServerConfigKeys (ConfUtils.java:logGet(44)) - raft.server.log.preallocated.size = 16384 (custom)
2021-03-15 13:35:43,074 [pool-40-thread-1] INFO  server.RaftServerConfigKeys (ConfUtils.java:logGet(44)) - raft.server.log.appender.buffer.byte-limit = 33554432 (custom)
2021-03-15 13:35:43,075 [pool-72-thread-1] INFO  server.RaftServerConfigKeys (ConfUtils.java:logGet(44)) - raft.server.log.force.sync.num = 128 (default)
2021-03-15 13:35:43,075 [pool-40-thread-1] INFO  metrics.RatisMetrics (RatisMetrics.java:lambda$create$0(36)) - Creating Metrics Registry : ratis.log_worker.2d24b89a-5033-4a49-b30e-962358659472@group-7F65B5B9142A
2021-03-15 13:35:43,075 [pool-72-thread-1] INFO  server.RaftServerConfigKeys (ConfUtils.java:logGet(44)) - raft.server.log.statemachine.data.sync = true (default)
2021-03-15 13:35:43,075 [pool-72-thread-1] INFO  server.RaftServerConfigKeys (ConfUtils.java:logGet(44)) - raft.server.log.statemachine.data.sync.timeout = 10s (default)
2021-03-15 13:35:43,075 [pool-72-thread-1] INFO  server.RaftServerConfigKeys (ConfUtils.java:logGet(44)) - raft.server.log.statemachine.data.sync.timeout.retry = -1 (default)
2021-03-15 13:35:43,075 [pool-40-thread-1] INFO  server.RaftServerConfigKeys (ConfUtils.java:logGet(44)) - raft.server.log.segment.size.max = 1048576 (custom)
2021-03-15 13:35:43,081 [pool-55-thread-1] INFO  server.RaftServerConfigKeys (ConfUtils.java:logGet(44)) - raft.server.log.write.buffer.size = 1048576 (custom)
2021-03-15 13:35:43,082 [pool-55-thread-1] INFO  server.RaftServerConfigKeys (ConfUtils.java:logGet(44)) - raft.server.log.statemachine.data.caching.enabled = true (custom)
2021-03-15 13:35:43,082 [pool-55-thread-1] INFO  segmented.SegmentedRaftLogWorker (SegmentedRaftLogWorker.java:lambda$new$0(132)) - 1e038761-1b78-4d65-9d2c-f5326a28b9d0@group-7F65B5B9142A-SegmentedRaftLogWorker: flushIndex: setUnconditionally 0 -> -1
2021-03-15 13:35:43,082 [pool-55-thread-1] INFO  segmented.SegmentedRaftLogWorker (SegmentedRaftLogWorker.java:lambda$new$0(132)) - 1e038761-1b78-4d65-9d2c-f5326a28b9d0@group-7F65B5B9142A-SegmentedRaftLogWorker: safeCacheEvictIndex: setUnconditionally 0 -> -1
2021-03-15 13:35:43,082 [pool-40-thread-1] INFO  server.RaftServerConfigKeys (ConfUtils.java:logGet(44)) - raft.server.log.segment.cache.num.max = 2 (custom)
2021-03-15 13:35:43,082 [pool-40-thread-1] INFO  server.RaftServerConfigKeys (ConfUtils.java:logGet(44)) - raft.server.log.segment.cache.size.max = 200MB (=209715200) (default)
2021-03-15 13:35:43,083 [pool-40-thread-1] INFO  segmented.SegmentedRaftLogWorker (SegmentedRaftLogWorker.java:<init>(181)) - new 2d24b89a-5033-4a49-b30e-962358659472@group-7F65B5B9142A-SegmentedRaftLogWorker for RaftStorageImpl:Storage Directory /github/workspace/mnt/ozone/hadoop-ozone/integration-test/target/test-dir/MiniOzoneClusterImpl-12ebc720-05ee-4469-9130-5183c7181a17/datanode-0/data/ratis/e8f31fe7-2c7e-490a-ba00-7f65b5b9142a
2021-03-15 13:35:43,083 [pool-40-thread-1] INFO  server.RaftServerConfigKeys (ConfUtils.java:logGet(44)) - raft.server.log.queue.byte-limit = 2147483647 (custom)
2021-03-15 13:35:43,083 [pool-40-thread-1] INFO  server.RaftServerConfigKeys (ConfUtils.java:logGet(44)) - raft.server.log.queue.element-limit = 1024 (custom)
2021-03-15 13:35:43,083 [pool-40-thread-1] INFO  server.RaftServerConfigKeys (ConfUtils.java:logGet(44)) - raft.server.log.segment.size.max = 1048576 (custom)
2021-03-15 13:35:43,083 [pool-40-thread-1] INFO  server.RaftServerConfigKeys (ConfUtils.java:logGet(44)) - raft.server.log.preallocated.size = 16384 (custom)
2021-03-15 13:35:43,083 [pool-40-thread-1] INFO  server.RaftServerConfigKeys (ConfUtils.java:logGet(44)) - raft.server.log.force.sync.num = 128 (default)
2021-03-15 13:35:43,083 [pool-40-thread-1] INFO  server.RaftServerConfigKeys (ConfUtils.java:logGet(44)) - raft.server.log.statemachine.data.sync = true (default)
2021-03-15 13:35:43,083 [pool-40-thread-1] INFO  server.RaftServerConfigKeys (ConfUtils.java:logGet(44)) - raft.server.log.statemachine.data.sync.timeout = 10s (default)
2021-03-15 13:35:43,083 [pool-40-thread-1] INFO  server.RaftServerConfigKeys (ConfUtils.java:logGet(44)) - raft.server.log.statemachine.data.sync.timeout.retry = -1 (default)
2021-03-15 13:35:43,083 [pool-72-thread-1] INFO  server.RaftServerConfigKeys (ConfUtils.java:logGet(44)) - raft.server.log.write.buffer.size = 1048576 (custom)
2021-03-15 13:35:43,084 [pool-72-thread-1] INFO  server.RaftServerConfigKeys (ConfUtils.java:logGet(44)) - raft.server.log.statemachine.data.caching.enabled = true (custom)
2021-03-15 13:35:43,084 [pool-72-thread-1] INFO  segmented.SegmentedRaftLogWorker (SegmentedRaftLogWorker.java:lambda$new$0(132)) - 6cd9ceaa-b54f-4187-9c12-925a7628e128@group-7F65B5B9142A-SegmentedRaftLogWorker: flushIndex: setUnconditionally 0 -> -1
2021-03-15 13:35:43,084 [pool-72-thread-1] INFO  segmented.SegmentedRaftLogWorker (SegmentedRaftLogWorker.java:lambda$new$0(132)) - 6cd9ceaa-b54f-4187-9c12-925a7628e128@group-7F65B5B9142A-SegmentedRaftLogWorker: safeCacheEvictIndex: setUnconditionally 0 -> -1
2021-03-15 13:35:43,088 [pool-55-thread-1] INFO  server.RaftServerConfigKeys (ConfUtils.java:logGet(44)) - raft.server.snapshot.auto.trigger.enabled = true (custom)
2021-03-15 13:35:43,088 [pool-55-thread-1] INFO  server.RaftServerConfigKeys (ConfUtils.java:logGet(44)) - raft.server.snapshot.auto.trigger.threshold = 1 (custom)
2021-03-15 13:35:43,088 [pool-55-thread-1] INFO  server.RaftServerConfigKeys (ConfUtils.java:logGet(44)) - raft.server.snapshot.retention.file.num = 5 (custom)
2021-03-15 13:35:43,088 [pool-55-thread-1] INFO  server.RaftServerConfigKeys (ConfUtils.java:logGet(44)) - raft.server.log.purge.upto.snapshot.index = false (default)
2021-03-15 13:35:43,090 [pool-72-thread-1] INFO  server.RaftServerConfigKeys (ConfUtils.java:logGet(44)) - raft.server.snapshot.auto.trigger.enabled = true (custom)
2021-03-15 13:35:43,090 [pool-72-thread-1] INFO  server.RaftServerConfigKeys (ConfUtils.java:logGet(44)) - raft.server.snapshot.auto.trigger.threshold = 1 (custom)
2021-03-15 13:35:43,090 [pool-72-thread-1] INFO  server.RaftServerConfigKeys (ConfUtils.java:logGet(44)) - raft.server.snapshot.retention.file.num = 5 (custom)
2021-03-15 13:35:43,090 [pool-72-thread-1] INFO  server.RaftServerConfigKeys (ConfUtils.java:logGet(44)) - raft.server.log.purge.upto.snapshot.index = false (default)
2021-03-15 13:35:43,090 [pool-72-thread-1] INFO  server.RaftServerConfigKeys (ConfUtils.java:logGet(44)) - raft.server.retrycache.expirytime = 600000ms (custom)
2021-03-15 13:35:43,090 [pool-72-thread-1] INFO  server.RaftServerConfigKeys (ConfUtils.java:logGet(44)) - raft.server.retrycache.statistics.expirytime = 100?s (default)
2021-03-15 13:35:43,091 [pool-72-thread-1] INFO  metrics.RatisMetrics (RatisMetrics.java:lambda$create$0(36)) - Creating Metrics Registry : ratis.leader_election.6cd9ceaa-b54f-4187-9c12-925a7628e128@group-7F65B5B9142A
2021-03-15 13:35:43,092 [pool-72-thread-1] INFO  metrics.RatisMetrics (RatisMetrics.java:lambda$create$0(36)) - Creating Metrics Registry : ratis.server.6cd9ceaa-b54f-4187-9c12-925a7628e128@group-7F65B5B9142A
2021-03-15 13:35:43,093 [pool-55-thread-1] INFO  server.RaftServerConfigKeys (ConfUtils.java:logGet(44)) - raft.server.retrycache.expirytime = 600000ms (custom)
2021-03-15 13:35:43,093 [pool-55-thread-1] INFO  server.RaftServerConfigKeys (ConfUtils.java:logGet(44)) - raft.server.retrycache.statistics.expirytime = 100?s (default)
2021-03-15 13:35:43,093 [pool-55-thread-1] INFO  metrics.RatisMetrics (RatisMetrics.java:lambda$create$0(36)) - Creating Metrics Registry : ratis.leader_election.1e038761-1b78-4d65-9d2c-f5326a28b9d0@group-7F65B5B9142A
2021-03-15 13:35:43,094 [pool-55-thread-1] INFO  metrics.RatisMetrics (RatisMetrics.java:lambda$create$0(36)) - Creating Metrics Registry : ratis.server.1e038761-1b78-4d65-9d2c-f5326a28b9d0@group-7F65B5B9142A
2021-03-15 13:35:43,097 [pool-40-thread-1] INFO  server.RaftServerConfigKeys (ConfUtils.java:logGet(44)) - raft.server.log.write.buffer.size = 1048576 (custom)
2021-03-15 13:35:43,098 [pool-40-thread-1] INFO  server.RaftServerConfigKeys (ConfUtils.java:logGet(44)) - raft.server.log.statemachine.data.caching.enabled = true (custom)
2021-03-15 13:35:43,098 [pool-40-thread-1] INFO  segmented.SegmentedRaftLogWorker (SegmentedRaftLogWorker.java:lambda$new$0(132)) - 2d24b89a-5033-4a49-b30e-962358659472@group-7F65B5B9142A-SegmentedRaftLogWorker: flushIndex: setUnconditionally 0 -> -1
2021-03-15 13:35:43,098 [pool-40-thread-1] INFO  segmented.SegmentedRaftLogWorker (SegmentedRaftLogWorker.java:lambda$new$0(132)) - 2d24b89a-5033-4a49-b30e-962358659472@group-7F65B5B9142A-SegmentedRaftLogWorker: safeCacheEvictIndex: setUnconditionally 0 -> -1
2021-03-15 13:35:43,099 [pool-72-thread-1] INFO  server.RaftServer$Division (RaftServerImpl.java:start(295)) - 6cd9ceaa-b54f-4187-9c12-925a7628e128@group-7F65B5B9142A: start as a follower, conf=-1: [1e038761-1b78-4d65-9d2c-f5326a28b9d0|rpc:172.17.0.2:41979|priority:1, 6cd9ceaa-b54f-4187-9c12-925a7628e128|rpc:172.17.0.2:39055|priority:0, 2d24b89a-5033-4a49-b30e-962358659472|rpc:172.17.0.2:35689|priority:0], old=null
2021-03-15 13:35:43,099 [pool-72-thread-1] INFO  server.RaftServer$Division (RaftServerImpl.java:setRole(284)) - 6cd9ceaa-b54f-4187-9c12-925a7628e128@group-7F65B5B9142A: changes role from      null to FOLLOWER at term 0 for startAsFollower
2021-03-15 13:35:43,099 [pool-40-thread-1] INFO  server.RaftServerConfigKeys (ConfUtils.java:logGet(44)) - raft.server.snapshot.auto.trigger.enabled = true (custom)
2021-03-15 13:35:43,099 [pool-55-thread-1] INFO  server.RaftServer$Division (RaftServerImpl.java:start(295)) - 1e038761-1b78-4d65-9d2c-f5326a28b9d0@group-7F65B5B9142A: start as a follower, conf=-1: [1e038761-1b78-4d65-9d2c-f5326a28b9d0|rpc:172.17.0.2:41979|priority:1, 6cd9ceaa-b54f-4187-9c12-925a7628e128|rpc:172.17.0.2:39055|priority:0, 2d24b89a-5033-4a49-b30e-962358659472|rpc:172.17.0.2:35689|priority:0], old=null
2021-03-15 13:35:43,099 [pool-72-thread-1] INFO  impl.RoleInfo (RoleInfo.java:updateAndGet(130)) - 6cd9ceaa-b54f-4187-9c12-925a7628e128: start 6cd9ceaa-b54f-4187-9c12-925a7628e128@group-7F65B5B9142A-FollowerState
2021-03-15 13:35:43,099 [pool-40-thread-1] INFO  server.RaftServerConfigKeys (ConfUtils.java:logGet(44)) - raft.server.snapshot.auto.trigger.threshold = 1 (custom)
2021-03-15 13:35:43,100 [pool-40-thread-1] INFO  server.RaftServerConfigKeys (ConfUtils.java:logGet(44)) - raft.server.snapshot.retention.file.num = 5 (custom)
2021-03-15 13:35:43,100 [pool-40-thread-1] INFO  server.RaftServerConfigKeys (ConfUtils.java:logGet(44)) - raft.server.log.purge.upto.snapshot.index = false (default)
2021-03-15 13:35:43,100 [pool-55-thread-1] INFO  server.RaftServer$Division (RaftServerImpl.java:setRole(284)) - 1e038761-1b78-4d65-9d2c-f5326a28b9d0@group-7F65B5B9142A: changes role from      null to FOLLOWER at term 0 for startAsFollower
2021-03-15 13:35:43,100 [pool-72-thread-1] INFO  util.JmxRegister (JmxRegister.java:tryRegister(44)) - Successfully registered JMX Bean with object name Ratis:service=RaftServer,group=group-7F65B5B9142A,id=6cd9ceaa-b54f-4187-9c12-925a7628e128
2021-03-15 13:35:43,100 [pool-72-thread-1] INFO  metrics.RatisMetrics (RatisMetrics.java:lambda$create$0(36)) - Creating Metrics Registry : ratis.state_machine.6cd9ceaa-b54f-4187-9c12-925a7628e128@group-7F65B5B9142A
2021-03-15 13:35:43,105 [pool-55-thread-1] INFO  impl.RoleInfo (RoleInfo.java:updateAndGet(130)) - 1e038761-1b78-4d65-9d2c-f5326a28b9d0: start 1e038761-1b78-4d65-9d2c-f5326a28b9d0@group-7F65B5B9142A-FollowerState
2021-03-15 13:35:43,107 [Command processor thread] INFO  metrics.RatisMetrics (RatisMetrics.java:lambda$create$0(36)) - Creating Metrics Registry : ratis.client_message_metrics.client-9591133B0E9A->1e038761-1b78-4d65-9d2c-f5326a28b9d0
2021-03-15 13:35:43,110 [pool-55-thread-1] INFO  util.JmxRegister (JmxRegister.java:tryRegister(44)) - Successfully registered JMX Bean with object name Ratis:service=RaftServer,group=group-7F65B5B9142A,id=1e038761-1b78-4d65-9d2c-f5326a28b9d0
2021-03-15 13:35:43,111 [pool-55-thread-1] INFO  metrics.RatisMetrics (RatisMetrics.java:lambda$create$0(36)) - Creating Metrics Registry : ratis.state_machine.1e038761-1b78-4d65-9d2c-f5326a28b9d0@group-7F65B5B9142A
2021-03-15 13:35:43,117 [pool-40-thread-1] INFO  server.RaftServerConfigKeys (ConfUtils.java:logGet(44)) - raft.server.retrycache.expirytime = 600000ms (custom)
2021-03-15 13:35:43,117 [pool-40-thread-1] INFO  server.RaftServerConfigKeys (ConfUtils.java:logGet(44)) - raft.server.retrycache.statistics.expirytime = 100?s (default)
2021-03-15 13:35:43,117 [pool-40-thread-1] INFO  metrics.RatisMetrics (RatisMetrics.java:lambda$create$0(36)) - Creating Metrics Registry : ratis.leader_election.2d24b89a-5033-4a49-b30e-962358659472@group-7F65B5B9142A
2021-03-15 13:35:43,118 [pool-40-thread-1] INFO  metrics.RatisMetrics (RatisMetrics.java:lambda$create$0(36)) - Creating Metrics Registry : ratis.server.2d24b89a-5033-4a49-b30e-962358659472@group-7F65B5B9142A
2021-03-15 13:35:43,118 [Command processor thread] INFO  metrics.RatisMetrics (RatisMetrics.java:lambda$create$0(36)) - Creating Metrics Registry : ratis.client_message_metrics.client-EAB61B63258B->6cd9ceaa-b54f-4187-9c12-925a7628e128
2021-03-15 13:35:43,119 [pool-40-thread-1] INFO  server.RaftServer$Division (RaftServerImpl.java:start(295)) - 2d24b89a-5033-4a49-b30e-962358659472@group-7F65B5B9142A: start as a follower, conf=-1: [1e038761-1b78-4d65-9d2c-f5326a28b9d0|rpc:172.17.0.2:41979|priority:1, 6cd9ceaa-b54f-4187-9c12-925a7628e128|rpc:172.17.0.2:39055|priority:0, 2d24b89a-5033-4a49-b30e-962358659472|rpc:172.17.0.2:35689|priority:0], old=null
2021-03-15 13:35:43,119 [pool-40-thread-1] INFO  server.RaftServer$Division (RaftServerImpl.java:setRole(284)) - 2d24b89a-5033-4a49-b30e-962358659472@group-7F65B5B9142A: changes role from      null to FOLLOWER at term 0 for startAsFollower
2021-03-15 13:35:43,119 [pool-40-thread-1] INFO  impl.RoleInfo (RoleInfo.java:updateAndGet(130)) - 2d24b89a-5033-4a49-b30e-962358659472: start 2d24b89a-5033-4a49-b30e-962358659472@group-7F65B5B9142A-FollowerState
2021-03-15 13:35:43,127 [pool-40-thread-1] INFO  util.JmxRegister (JmxRegister.java:tryRegister(44)) - Successfully registered JMX Bean with object name Ratis:service=RaftServer,group=group-7F65B5B9142A,id=2d24b89a-5033-4a49-b30e-962358659472
2021-03-15 13:35:43,127 [pool-40-thread-1] INFO  metrics.RatisMetrics (RatisMetrics.java:lambda$create$0(36)) - Creating Metrics Registry : ratis.state_machine.2d24b89a-5033-4a49-b30e-962358659472@group-7F65B5B9142A
2021-03-15 13:35:43,130 [Command processor thread] INFO  metrics.RatisMetrics (RatisMetrics.java:lambda$create$0(36)) - Creating Metrics Registry : ratis.client_message_metrics.client-B31BA9689E5A->1e038761-1b78-4d65-9d2c-f5326a28b9d0
2021-03-15 13:35:43,159 [Command processor thread] INFO  metrics.RatisMetrics (RatisMetrics.java:lambda$create$0(36)) - Creating Metrics Registry : ratis.client_message_metrics.client-2D654A7BDCFD->2d24b89a-5033-4a49-b30e-962358659472
2021-03-15 13:35:43,161 [EventQueue-PipelineReportForOneReplicaPipelineSafeModeRule] INFO  safemode.SCMSafeModeManager (SCMSafeModeManager.java:validateSafeModeExitRules(214)) - AtleastOneDatanodeReportedRule rule is successfully validated
2021-03-15 13:35:43,169 [Command processor thread] INFO  metrics.RatisMetrics (RatisMetrics.java:lambda$create$0(36)) - Creating Metrics Registry : ratis.client_message_metrics.client-65782B0EA318->2d24b89a-5033-4a49-b30e-962358659472
2021-03-15 13:35:43,177 [Command processor thread] INFO  metrics.RatisMetrics (RatisMetrics.java:lambda$create$0(36)) - Creating Metrics Registry : ratis.client_message_metrics.client-7CDC6B174ABF->6cd9ceaa-b54f-4187-9c12-925a7628e128
2021-03-15 13:35:43,207 [EventQueue-PipelineReportForOneReplicaPipelineSafeModeRule] INFO  safemode.SCMSafeModeManager (SCMSafeModeManager.java:validateSafeModeExitRules(214)) - AtleastOneDatanodeReportedRule rule is successfully validated
2021-03-15 13:35:43,211 [Command processor thread] INFO  commandhandler.CreatePipelineCommandHandler (CreatePipelineCommandHandler.java:handle(106)) - Created Pipeline RATIS THREE PipelineID=e8f31fe7-2c7e-490a-ba00-7f65b5b9142a.
2021-03-15 13:35:43,219 [EventQueue-PipelineReportForOneReplicaPipelineSafeModeRule] INFO  safemode.SCMSafeModeManager (SCMSafeModeManager.java:validateSafeModeExitRules(214)) - AtleastOneDatanodeReportedRule rule is successfully validated
2021-03-15 13:35:43,221 [Command processor thread] INFO  server.RaftServer (RaftServerProxy.java:addNew(95)) - 275eefd6-a602-4773-a0ea-a3b6f7cdc32e: addNew group-156EE707F88F:[275eefd6-a602-4773-a0ea-a3b6f7cdc32e|rpc:172.17.0.2:44945|priority:1] returns group-156EE707F88F:java.util.concurrent.CompletableFuture@750c5844[Not completed]
2021-03-15 13:35:43,229 [EventQueue-PipelineReportForOneReplicaPipelineSafeModeRule] INFO  safemode.SCMSafeModeManager (SCMSafeModeManager.java:validateSafeModeExitRules(214)) - AtleastOneDatanodeReportedRule rule is successfully validated
2021-03-15 13:35:43,231 [pool-120-thread-1] INFO  server.RaftServer$Division (RaftServerImpl.java:<init>(180)) - 275eefd6-a602-4773-a0ea-a3b6f7cdc32e: new RaftServerImpl for group-156EE707F88F:[275eefd6-a602-4773-a0ea-a3b6f7cdc32e|rpc:172.17.0.2:44945|priority:1] with ContainerStateMachine:uninitialized
2021-03-15 13:35:43,231 [pool-120-thread-1] INFO  server.RaftServerConfigKeys (ConfUtils.java:logGet(44)) - raft.server.rpc.timeout.min = 5s (custom)
2021-03-15 13:35:43,231 [pool-120-thread-1] INFO  server.RaftServerConfigKeys (ConfUtils.java:logGet(44)) - raft.server.rpc.timeout.max = 5200ms (custom)
2021-03-15 13:35:43,231 [pool-120-thread-1] INFO  server.RaftServerConfigKeys (ConfUtils.java:logGet(44)) - raft.server.rpc.sleep.time = 25ms (default)
2021-03-15 13:35:43,232 [pool-120-thread-1] INFO  server.RaftServerConfigKeys (ConfUtils.java:logGet(44)) - raft.server.rpc.slowness.timeout = 300000ms (custom)
2021-03-15 13:35:43,232 [pool-120-thread-1] INFO  server.RaftServerConfigKeys (ConfUtils.java:logGet(44)) - raft.server.leaderelection.leader.step-down.wait-time = 10s (default)
2021-03-15 13:35:43,232 [pool-120-thread-1] INFO  server.RaftServerConfigKeys (ConfUtils.java:logGet(44)) - raft.server.sleep.deviation.threshold = 300ms (default)
2021-03-15 13:35:43,232 [pool-120-thread-1] INFO  server.RaftServerConfigKeys (ConfUtils.java:logGet(44)) - raft.server.log.appender.install.snapshot.enabled = false (custom)
2021-03-15 13:35:43,232 [pool-120-thread-1] INFO  server.RaftServer$Division (ServerState.java:<init>(105)) - 275eefd6-a602-4773-a0ea-a3b6f7cdc32e@group-156EE707F88F: ConfigurationManager, init=-1: [275eefd6-a602-4773-a0ea-a3b6f7cdc32e|rpc:172.17.0.2:44945|priority:1], old=null, confs=<EMPTY_MAP>
2021-03-15 13:35:43,234 [Command processor thread] INFO  commandhandler.CreatePipelineCommandHandler (CreatePipelineCommandHandler.java:handle(106)) - Created Pipeline RATIS THREE PipelineID=e8f31fe7-2c7e-490a-ba00-7f65b5b9142a.
2021-03-15 13:35:43,235 [Command processor thread] INFO  commandhandler.CreatePipelineCommandHandler (CreatePipelineCommandHandler.java:handle(106)) - Created Pipeline RATIS THREE PipelineID=e8f31fe7-2c7e-490a-ba00-7f65b5b9142a.
2021-03-15 13:35:43,237 [pool-120-thread-1] INFO  server.RaftServerConfigKeys (ConfUtils.java:logGet(44)) - raft.server.storage.dir = [/github/workspace/mnt/ozone/hadoop-ozone/integration-test/target/test-dir/MiniOzoneClusterImpl-12ebc720-05ee-4469-9130-5183c7181a17/datanode-5/data/ratis] (custom)
2021-03-15 13:35:43,237 [pool-120-thread-1] INFO  server.RaftServerConfigKeys (ConfUtils.java:logGet(44)) - raft.server.log.corruption.policy = EXCEPTION (default)
2021-03-15 13:35:43,237 [pool-120-thread-1] INFO  storage.RaftStorageDirectory (RaftStorageDirectoryImpl.java:analyzeStorage(132)) - The storage directory /github/workspace/mnt/ozone/hadoop-ozone/integration-test/target/test-dir/MiniOzoneClusterImpl-12ebc720-05ee-4469-9130-5183c7181a17/datanode-5/data/ratis/c4d052ff-d404-4ff1-8872-156ee707f88f does not exist. Creating ...
2021-03-15 13:35:43,243 [EventQueue-PipelineReportForOneReplicaPipelineSafeModeRule] INFO  safemode.SCMSafeModeManager (SCMSafeModeManager.java:validateSafeModeExitRules(214)) - AtleastOneDatanodeReportedRule rule is successfully validated
2021-03-15 13:35:43,267 [EventQueue-OpenPipelineForHealthyPipelineSafeModeRule] INFO  safemode.SCMSafeModeManager (HealthyPipelineSafeModeRule.java:process(128)) - SCM in safe mode. Healthy pipelines reported count is 0, required healthy pipeline reported count is 1
2021-03-15 13:35:43,267 [EventQueue-PipelineReportForOneReplicaPipelineSafeModeRule] INFO  safemode.SCMSafeModeManager (SCMSafeModeManager.java:validateSafeModeExitRules(214)) - AtleastOneDatanodeReportedRule rule is successfully validated
2021-03-15 13:35:43,268 [EventQueue-PipelineReportForOneReplicaPipelineSafeModeRule] INFO  safemode.SCMSafeModeManager (SCMSafeModeManager.java:validateSafeModeExitRules(214)) - AtleastOneDatanodeReportedRule rule is successfully validated
2021-03-15 13:35:43,268 [EventQueue-PipelineReportForOneReplicaPipelineSafeModeRule] INFO  safemode.SCMSafeModeManager (SCMSafeModeManager.java:validateSafeModeExitRules(214)) - AtleastOneDatanodeReportedRule rule is successfully validated
2021-03-15 13:35:43,268 [EventQueue-OpenPipelineForHealthyPipelineSafeModeRule] INFO  safemode.SCMSafeModeManager (HealthyPipelineSafeModeRule.java:process(128)) - SCM in safe mode. Healthy pipelines reported count is 0, required healthy pipeline reported count is 1
2021-03-15 13:35:43,268 [EventQueue-OpenPipelineForHealthyPipelineSafeModeRule] INFO  safemode.SCMSafeModeManager (HealthyPipelineSafeModeRule.java:process(128)) - SCM in safe mode. Healthy pipelines reported count is 0, required healthy pipeline reported count is 1
2021-03-15 13:35:43,273 [EventQueue-OpenPipelineForHealthyPipelineSafeModeRule] INFO  safemode.SCMSafeModeManager (HealthyPipelineSafeModeRule.java:process(128)) - SCM in safe mode. Healthy pipelines reported count is 0, required healthy pipeline reported count is 1
2021-03-15 13:35:43,274 [EventQueue-PipelineReportForOneReplicaPipelineSafeModeRule] INFO  safemode.SCMSafeModeManager (SCMSafeModeManager.java:validateSafeModeExitRules(214)) - AtleastOneDatanodeReportedRule rule is successfully validated
2021-03-15 13:35:43,296 [EventQueue-PipelineReportForOneReplicaPipelineSafeModeRule] INFO  safemode.SCMSafeModeManager (SCMSafeModeManager.java:validateSafeModeExitRules(214)) - AtleastOneDatanodeReportedRule rule is successfully validated
2021-03-15 13:35:43,298 [Listener at 127.0.0.1/36325] INFO  ozone.MiniOzoneClusterImpl (MiniOzoneClusterImpl.java:lambda$waitForClusterToBeReady$0(187)) - Nodes are ready. Got 10 of 10 DN Heartbeats.
2021-03-15 13:35:43,298 [Listener at 127.0.0.1/36325] INFO  ozone.MiniOzoneClusterImpl (MiniOzoneClusterImpl.java:lambda$waitForClusterToBeReady$0(190)) - Waiting for cluster to exit safe mode
2021-03-15 13:35:43,357 [pool-104-thread-1] INFO  storage.RaftStorage (RaftStorageImpl.java:format(87)) - Storage directory /github/workspace/mnt/ozone/hadoop-ozone/integration-test/target/test-dir/MiniOzoneClusterImpl-12ebc720-05ee-4469-9130-5183c7181a17/datanode-4/data/ratis/7158f7ae-ef3b-4084-8cca-44737836dd86 has been successfully formatted.
2021-03-15 13:35:43,358 [pool-104-thread-1] INFO  ratis.ContainerStateMachine (ContainerStateMachine.java:loadSnapshot(223)) - group-44737836DD86: The snapshot info is null. Setting the last applied indexto:(t:0, i:~)
2021-03-15 13:35:43,358 [pool-104-thread-1] ERROR storage.RaftStorage (RaftStorageImpl.java:readRaftConfiguration(147)) - Failed reading configuration from file:/github/workspace/mnt/ozone/hadoop-ozone/integration-test/target/test-dir/MiniOzoneClusterImpl-12ebc720-05ee-4469-9130-5183c7181a17/datanode-4/data/ratis/7158f7ae-ef3b-4084-8cca-44737836dd86/current/raft-meta.conf
java.io.FileNotFoundException: /github/workspace/mnt/ozone/hadoop-ozone/integration-test/target/test-dir/MiniOzoneClusterImpl-12ebc720-05ee-4469-9130-5183c7181a17/datanode-4/data/ratis/7158f7ae-ef3b-4084-8cca-44737836dd86/current/raft-meta.conf (No such file or directory)
	at java.io.FileInputStream.open0(Native Method)
	at java.io.FileInputStream.open(FileInputStream.java:195)
	at java.io.FileInputStream.<init>(FileInputStream.java:138)
	at org.apache.ratis.server.storage.RaftStorageImpl.readRaftConfiguration(RaftStorageImpl.java:143)
	at org.apache.ratis.server.impl.ServerState.<init>(ServerState.java:122)
	at org.apache.ratis.server.impl.RaftServerImpl.<init>(RaftServerImpl.java:193)
	at org.apache.ratis.server.impl.RaftServerProxy.lambda$newRaftServerImpl$4(RaftServerProxy.java:266)
	at java.util.concurrent.CompletableFuture$AsyncSupply.run(CompletableFuture.java:1604)
	at java.util.concurrent.ThreadPoolExecutor.runWorker(ThreadPoolExecutor.java:1149)
	at java.util.concurrent.ThreadPoolExecutor$Worker.run(ThreadPoolExecutor.java:624)
	at java.lang.Thread.run(Thread.java:748)
2021-03-15 13:35:43,358 [pool-104-thread-1] INFO  server.RaftServerConfigKeys (ConfUtils.java:logGet(44)) - raft.server.notification.no-leader.timeout = 300000ms (custom)
2021-03-15 13:35:43,358 [pool-104-thread-1] INFO  server.RaftServerConfigKeys (ConfUtils.java:logGet(44)) - raft.server.log.use.memory = false (default)
2021-03-15 13:35:43,359 [pool-104-thread-1] INFO  server.RaftServerConfigKeys (ConfUtils.java:logGet(44)) - raft.server.log.purge.gap = 1000000 (custom)
2021-03-15 13:35:43,359 [pool-104-thread-1] INFO  server.RaftServerConfigKeys (ConfUtils.java:logGet(44)) - raft.server.log.appender.buffer.byte-limit = 33554432 (custom)
2021-03-15 13:35:43,359 [pool-104-thread-1] INFO  metrics.RatisMetrics (RatisMetrics.java:lambda$create$0(36)) - Creating Metrics Registry : ratis.log_worker.2479fe59-7b65-4ff2-bce5-1a4041a1f829@group-44737836DD86
2021-03-15 13:35:43,359 [pool-104-thread-1] INFO  server.RaftServerConfigKeys (ConfUtils.java:logGet(44)) - raft.server.log.segment.size.max = 1048576 (custom)
2021-03-15 13:35:43,360 [pool-104-thread-1] INFO  server.RaftServerConfigKeys (ConfUtils.java:logGet(44)) - raft.server.log.segment.cache.num.max = 2 (custom)
2021-03-15 13:35:43,360 [pool-104-thread-1] INFO  server.RaftServerConfigKeys (ConfUtils.java:logGet(44)) - raft.server.log.segment.cache.size.max = 200MB (=209715200) (default)
2021-03-15 13:35:43,360 [pool-104-thread-1] INFO  segmented.SegmentedRaftLogWorker (SegmentedRaftLogWorker.java:<init>(181)) - new 2479fe59-7b65-4ff2-bce5-1a4041a1f829@group-44737836DD86-SegmentedRaftLogWorker for RaftStorageImpl:Storage Directory /github/workspace/mnt/ozone/hadoop-ozone/integration-test/target/test-dir/MiniOzoneClusterImpl-12ebc720-05ee-4469-9130-5183c7181a17/datanode-4/data/ratis/7158f7ae-ef3b-4084-8cca-44737836dd86
2021-03-15 13:35:43,360 [pool-104-thread-1] INFO  server.RaftServerConfigKeys (ConfUtils.java:logGet(44)) - raft.server.log.queue.byte-limit = 2147483647 (custom)
2021-03-15 13:35:43,360 [pool-104-thread-1] INFO  server.RaftServerConfigKeys (ConfUtils.java:logGet(44)) - raft.server.log.queue.element-limit = 1024 (custom)
2021-03-15 13:35:43,360 [pool-104-thread-1] INFO  server.RaftServerConfigKeys (ConfUtils.java:logGet(44)) - raft.server.log.segment.size.max = 1048576 (custom)
2021-03-15 13:35:43,360 [pool-104-thread-1] INFO  server.RaftServerConfigKeys (ConfUtils.java:logGet(44)) - raft.server.log.preallocated.size = 16384 (custom)
2021-03-15 13:35:43,360 [pool-104-thread-1] INFO  server.RaftServerConfigKeys (ConfUtils.java:logGet(44)) - raft.server.log.force.sync.num = 128 (default)
2021-03-15 13:35:43,360 [pool-104-thread-1] INFO  server.RaftServerConfigKeys (ConfUtils.java:logGet(44)) - raft.server.log.statemachine.data.sync = true (default)
2021-03-15 13:35:43,360 [pool-104-thread-1] INFO  server.RaftServerConfigKeys (ConfUtils.java:logGet(44)) - raft.server.log.statemachine.data.sync.timeout = 10s (default)
2021-03-15 13:35:43,361 [pool-104-thread-1] INFO  server.RaftServerConfigKeys (ConfUtils.java:logGet(44)) - raft.server.log.statemachine.data.sync.timeout.retry = -1 (default)
2021-03-15 13:35:43,362 [pool-104-thread-1] INFO  server.RaftServerConfigKeys (ConfUtils.java:logGet(44)) - raft.server.log.write.buffer.size = 1048576 (custom)
2021-03-15 13:35:43,363 [EventQueue-PipelineReportForPipelineReportHandler] INFO  pipeline.PipelineStateManager (PipelineStateManager.java:openPipeline(132)) - Pipeline Pipeline[ Id: e413bafd-5876-4d83-9af0-257d9b27db90, Nodes: 2479fe59-7b65-4ff2-bce5-1a4041a1f829{ip: 172.17.0.2, host: 287f2862ff4e, ports: [REPLICATION=42755, RATIS=46445, RATIS_ADMIN=46445, RATIS_SERVER=46445, STANDALONE=34423], networkLocation: /default-rack, certSerialId: null, persistedOpState: IN_SERVICE, persistedOpStateExpiryEpochSec: 0}, Type:RATIS, Factor:ONE, State:ALLOCATED, leaderId:2479fe59-7b65-4ff2-bce5-1a4041a1f829, CreationTimestamp2021-03-15T13:35:39.948Z] moved to OPEN state
2021-03-15 13:35:43,363 [EventQueue-PipelineReportForOneReplicaPipelineSafeModeRule] INFO  safemode.SCMSafeModeManager (SCMSafeModeManager.java:validateSafeModeExitRules(214)) - AtleastOneDatanodeReportedRule rule is successfully validated
2021-03-15 13:35:43,364 [EventQueue-OpenPipelineForHealthyPipelineSafeModeRule] INFO  safemode.SCMSafeModeManager (HealthyPipelineSafeModeRule.java:process(128)) - SCM in safe mode. Healthy pipelines reported count is 0, required healthy pipeline reported count is 1
2021-03-15 13:35:43,366 [pool-104-thread-1] INFO  server.RaftServerConfigKeys (ConfUtils.java:logGet(44)) - raft.server.log.statemachine.data.caching.enabled = true (custom)
2021-03-15 13:35:43,366 [pool-104-thread-1] INFO  segmented.SegmentedRaftLogWorker (SegmentedRaftLogWorker.java:lambda$new$0(132)) - 2479fe59-7b65-4ff2-bce5-1a4041a1f829@group-44737836DD86-SegmentedRaftLogWorker: flushIndex: setUnconditionally 0 -> -1
2021-03-15 13:35:43,366 [pool-104-thread-1] INFO  segmented.SegmentedRaftLogWorker (SegmentedRaftLogWorker.java:lambda$new$0(132)) - 2479fe59-7b65-4ff2-bce5-1a4041a1f829@group-44737836DD86-SegmentedRaftLogWorker: safeCacheEvictIndex: setUnconditionally 0 -> -1
2021-03-15 13:35:43,367 [pool-104-thread-1] INFO  server.RaftServerConfigKeys (ConfUtils.java:logGet(44)) - raft.server.snapshot.auto.trigger.enabled = true (custom)
2021-03-15 13:35:43,367 [pool-104-thread-1] INFO  server.RaftServerConfigKeys (ConfUtils.java:logGet(44)) - raft.server.snapshot.auto.trigger.threshold = 1 (custom)
2021-03-15 13:35:43,367 [pool-104-thread-1] INFO  server.RaftServerConfigKeys (ConfUtils.java:logGet(44)) - raft.server.snapshot.retention.file.num = 5 (custom)
2021-03-15 13:35:43,367 [pool-104-thread-1] INFO  server.RaftServerConfigKeys (ConfUtils.java:logGet(44)) - raft.server.log.purge.upto.snapshot.index = false (default)
2021-03-15 13:35:43,367 [pool-104-thread-1] INFO  server.RaftServerConfigKeys (ConfUtils.java:logGet(44)) - raft.server.retrycache.expirytime = 600000ms (custom)
2021-03-15 13:35:43,367 [pool-104-thread-1] INFO  server.RaftServerConfigKeys (ConfUtils.java:logGet(44)) - raft.server.retrycache.statistics.expirytime = 100?s (default)
2021-03-15 13:35:43,367 [pool-104-thread-1] INFO  metrics.RatisMetrics (RatisMetrics.java:lambda$create$0(36)) - Creating Metrics Registry : ratis.leader_election.2479fe59-7b65-4ff2-bce5-1a4041a1f829@group-44737836DD86
2021-03-15 13:35:43,368 [pool-104-thread-1] INFO  metrics.RatisMetrics (RatisMetrics.java:lambda$create$0(36)) - Creating Metrics Registry : ratis.server.2479fe59-7b65-4ff2-bce5-1a4041a1f829@group-44737836DD86
2021-03-15 13:35:43,370 [pool-104-thread-1] INFO  server.RaftServer$Division (RaftServerImpl.java:<init>(180)) - 2479fe59-7b65-4ff2-bce5-1a4041a1f829: new RaftServerImpl for group-257D9B27DB90:[2479fe59-7b65-4ff2-bce5-1a4041a1f829|rpc:172.17.0.2:46445|priority:1] with ContainerStateMachine:uninitialized
2021-03-15 13:35:43,370 [pool-104-thread-1] INFO  server.RaftServerConfigKeys (ConfUtils.java:logGet(44)) - raft.server.rpc.timeout.min = 5s (custom)
2021-03-15 13:35:43,370 [pool-104-thread-1] INFO  server.RaftServerConfigKeys (ConfUtils.java:logGet(44)) - raft.server.rpc.timeout.max = 5200ms (custom)
2021-03-15 13:35:43,370 [pool-104-thread-1] INFO  server.RaftServerConfigKeys (ConfUtils.java:logGet(44)) - raft.server.rpc.sleep.time = 25ms (default)
2021-03-15 13:35:43,370 [pool-104-thread-1] INFO  server.RaftServerConfigKeys (ConfUtils.java:logGet(44)) - raft.server.rpc.slowness.timeout = 300000ms (custom)
2021-03-15 13:35:43,370 [pool-104-thread-1] INFO  server.RaftServerConfigKeys (ConfUtils.java:logGet(44)) - raft.server.leaderelection.leader.step-down.wait-time = 10s (default)
2021-03-15 13:35:43,370 [pool-104-thread-1] INFO  server.RaftServerConfigKeys (ConfUtils.java:logGet(44)) - raft.server.sleep.deviation.threshold = 300ms (default)
2021-03-15 13:35:43,370 [pool-104-thread-1] INFO  server.RaftServerConfigKeys (ConfUtils.java:logGet(44)) - raft.server.log.appender.install.snapshot.enabled = false (custom)
2021-03-15 13:35:43,371 [pool-104-thread-1] INFO  server.RaftServer$Division (ServerState.java:<init>(105)) - 2479fe59-7b65-4ff2-bce5-1a4041a1f829@group-257D9B27DB90: ConfigurationManager, init=-1: [2479fe59-7b65-4ff2-bce5-1a4041a1f829|rpc:172.17.0.2:46445|priority:1], old=null, confs=<EMPTY_MAP>
2021-03-15 13:35:43,371 [pool-104-thread-1] INFO  server.RaftServerConfigKeys (ConfUtils.java:logGet(44)) - raft.server.storage.dir = [/github/workspace/mnt/ozone/hadoop-ozone/integration-test/target/test-dir/MiniOzoneClusterImpl-12ebc720-05ee-4469-9130-5183c7181a17/datanode-4/data/ratis] (custom)
2021-03-15 13:35:43,371 [pool-104-thread-1] INFO  server.RaftServerConfigKeys (ConfUtils.java:logGet(44)) - raft.server.log.corruption.policy = EXCEPTION (default)
2021-03-15 13:35:43,371 [pool-104-thread-1] INFO  storage.RaftStorageDirectory (RaftStorageDirectoryImpl.java:analyzeStorage(132)) - The storage directory /github/workspace/mnt/ozone/hadoop-ozone/integration-test/target/test-dir/MiniOzoneClusterImpl-12ebc720-05ee-4469-9130-5183c7181a17/datanode-4/data/ratis/e413bafd-5876-4d83-9af0-257d9b27db90 does not exist. Creating ...
2021-03-15 13:35:43,407 [EventQueue-PipelineReportForOneReplicaPipelineSafeModeRule] INFO  safemode.SCMSafeModeManager (SCMSafeModeManager.java:validateSafeModeExitRules(214)) - AtleastOneDatanodeReportedRule rule is successfully validated
2021-03-15 13:35:43,419 [EventQueue-PipelineReportForOneReplicaPipelineSafeModeRule] INFO  safemode.SCMSafeModeManager (SCMSafeModeManager.java:validateSafeModeExitRules(214)) - AtleastOneDatanodeReportedRule rule is successfully validated
2021-03-15 13:35:43,420 [EventQueue-PipelineReportForPipelineReportHandler] INFO  pipeline.PipelineStateManager (PipelineStateManager.java:openPipeline(132)) - Pipeline Pipeline[ Id: c4d052ff-d404-4ff1-8872-156ee707f88f, Nodes: 275eefd6-a602-4773-a0ea-a3b6f7cdc32e{ip: 172.17.0.2, host: 287f2862ff4e, ports: [REPLICATION=37739, RATIS=44945, RATIS_ADMIN=44945, RATIS_SERVER=44945, STANDALONE=41613], networkLocation: /default-rack, certSerialId: null, persistedOpState: IN_SERVICE, persistedOpStateExpiryEpochSec: 0}, Type:RATIS, Factor:ONE, State:ALLOCATED, leaderId:275eefd6-a602-4773-a0ea-a3b6f7cdc32e, CreationTimestamp2021-03-15T13:35:40.217Z] moved to OPEN state
2021-03-15 13:35:43,422 [EventQueue-OpenPipelineForHealthyPipelineSafeModeRule] INFO  safemode.SCMSafeModeManager (HealthyPipelineSafeModeRule.java:process(128)) - SCM in safe mode. Healthy pipelines reported count is 0, required healthy pipeline reported count is 1
2021-03-15 13:35:43,422 [Command processor thread] INFO  server.RaftServer (RaftServerProxy.java:addNew(95)) - 91c1ad6d-8d99-4a41-8a32-9427c133f69b: addNew group-9DDF8F118B76:[91c1ad6d-8d99-4a41-8a32-9427c133f69b|rpc:172.17.0.2:42395|priority:1] returns group-9DDF8F118B76:java.util.concurrent.CompletableFuture@11f7f91d[Not completed]
2021-03-15 13:35:43,427 [EventQueue-PipelineReportForOneReplicaPipelineSafeModeRule] INFO  safemode.SCMSafeModeManager (SCMSafeModeManager.java:validateSafeModeExitRules(214)) - AtleastOneDatanodeReportedRule rule is successfully validated
2021-03-15 13:35:43,428 [pool-135-thread-1] INFO  server.RaftServer$Division (RaftServerImpl.java:<init>(180)) - 91c1ad6d-8d99-4a41-8a32-9427c133f69b: new RaftServerImpl for group-9DDF8F118B76:[91c1ad6d-8d99-4a41-8a32-9427c133f69b|rpc:172.17.0.2:42395|priority:1] with ContainerStateMachine:uninitialized
2021-03-15 13:35:43,428 [pool-135-thread-1] INFO  server.RaftServerConfigKeys (ConfUtils.java:logGet(44)) - raft.server.rpc.timeout.min = 5s (custom)
2021-03-15 13:35:43,428 [pool-135-thread-1] INFO  server.RaftServerConfigKeys (ConfUtils.java:logGet(44)) - raft.server.rpc.timeout.max = 5200ms (custom)
2021-03-15 13:35:43,428 [pool-135-thread-1] INFO  server.RaftServerConfigKeys (ConfUtils.java:logGet(44)) - raft.server.rpc.sleep.time = 25ms (default)
2021-03-15 13:35:43,428 [pool-135-thread-1] INFO  server.RaftServerConfigKeys (ConfUtils.java:logGet(44)) - raft.server.rpc.slowness.timeout = 300000ms (custom)
2021-03-15 13:35:43,428 [pool-135-thread-1] INFO  server.RaftServerConfigKeys (ConfUtils.java:logGet(44)) - raft.server.leaderelection.leader.step-down.wait-time = 10s (default)
2021-03-15 13:35:43,428 [pool-135-thread-1] INFO  server.RaftServerConfigKeys (ConfUtils.java:logGet(44)) - raft.server.sleep.deviation.threshold = 300ms (default)
2021-03-15 13:35:43,428 [pool-135-thread-1] INFO  server.RaftServerConfigKeys (ConfUtils.java:logGet(44)) - raft.server.log.appender.install.snapshot.enabled = false (custom)
2021-03-15 13:35:43,429 [pool-135-thread-1] INFO  server.RaftServer$Division (ServerState.java:<init>(105)) - 91c1ad6d-8d99-4a41-8a32-9427c133f69b@group-9DDF8F118B76: ConfigurationManager, init=-1: [91c1ad6d-8d99-4a41-8a32-9427c133f69b|rpc:172.17.0.2:42395|priority:1], old=null, confs=<EMPTY_MAP>
2021-03-15 13:35:43,430 [pool-135-thread-1] INFO  server.RaftServerConfigKeys (ConfUtils.java:logGet(44)) - raft.server.storage.dir = [/github/workspace/mnt/ozone/hadoop-ozone/integration-test/target/test-dir/MiniOzoneClusterImpl-12ebc720-05ee-4469-9130-5183c7181a17/datanode-6/data/ratis] (custom)
2021-03-15 13:35:43,431 [pool-135-thread-1] INFO  server.RaftServerConfigKeys (ConfUtils.java:logGet(44)) - raft.server.log.corruption.policy = EXCEPTION (default)
2021-03-15 13:35:43,431 [pool-135-thread-1] INFO  storage.RaftStorageDirectory (RaftStorageDirectoryImpl.java:analyzeStorage(132)) - The storage directory /github/workspace/mnt/ozone/hadoop-ozone/integration-test/target/test-dir/MiniOzoneClusterImpl-12ebc720-05ee-4469-9130-5183c7181a17/datanode-6/data/ratis/e458a918-cf05-4f7a-b963-9ddf8f118b76 does not exist. Creating ...
2021-03-15 13:35:43,443 [EventQueue-PipelineReportForOneReplicaPipelineSafeModeRule] INFO  safemode.SCMSafeModeManager (SCMSafeModeManager.java:validateSafeModeExitRules(214)) - AtleastOneDatanodeReportedRule rule is successfully validated
2021-03-15 13:35:43,466 [EventQueue-PipelineReportForOneReplicaPipelineSafeModeRule] INFO  safemode.SCMSafeModeManager (SCMSafeModeManager.java:validateSafeModeExitRules(214)) - AtleastOneDatanodeReportedRule rule is successfully validated
2021-03-15 13:35:43,466 [EventQueue-OpenPipelineForHealthyPipelineSafeModeRule] INFO  safemode.SCMSafeModeManager (HealthyPipelineSafeModeRule.java:process(128)) - SCM in safe mode. Healthy pipelines reported count is 0, required healthy pipeline reported count is 1
2021-03-15 13:35:43,467 [EventQueue-OpenPipelineForHealthyPipelineSafeModeRule] INFO  safemode.SCMSafeModeManager (HealthyPipelineSafeModeRule.java:process(128)) - SCM in safe mode. Healthy pipelines reported count is 0, required healthy pipeline reported count is 1
2021-03-15 13:35:43,467 [EventQueue-PipelineReportForOneReplicaPipelineSafeModeRule] INFO  safemode.SCMSafeModeManager (SCMSafeModeManager.java:validateSafeModeExitRules(214)) - AtleastOneDatanodeReportedRule rule is successfully validated
2021-03-15 13:35:43,467 [EventQueue-OpenPipelineForHealthyPipelineSafeModeRule] INFO  safemode.SCMSafeModeManager (HealthyPipelineSafeModeRule.java:process(128)) - SCM in safe mode. Healthy pipelines reported count is 0, required healthy pipeline reported count is 1
2021-03-15 13:35:43,467 [EventQueue-PipelineReportForOneReplicaPipelineSafeModeRule] INFO  safemode.SCMSafeModeManager (SCMSafeModeManager.java:validateSafeModeExitRules(214)) - AtleastOneDatanodeReportedRule rule is successfully validated
2021-03-15 13:35:43,474 [EventQueue-OpenPipelineForHealthyPipelineSafeModeRule] INFO  safemode.SCMSafeModeManager (HealthyPipelineSafeModeRule.java:process(128)) - SCM in safe mode. Healthy pipelines reported count is 0, required healthy pipeline reported count is 1
2021-03-15 13:35:43,474 [EventQueue-PipelineReportForOneReplicaPipelineSafeModeRule] INFO  safemode.SCMSafeModeManager (SCMSafeModeManager.java:validateSafeModeExitRules(214)) - AtleastOneDatanodeReportedRule rule is successfully validated
2021-03-15 13:35:43,495 [EventQueue-PipelineReportForOneReplicaPipelineSafeModeRule] INFO  safemode.SCMSafeModeManager (SCMSafeModeManager.java:validateSafeModeExitRules(214)) - AtleastOneDatanodeReportedRule rule is successfully validated
2021-03-15 13:35:43,563 [EventQueue-PipelineReportForOneReplicaPipelineSafeModeRule] INFO  safemode.SCMSafeModeManager (SCMSafeModeManager.java:validateSafeModeExitRules(214)) - AtleastOneDatanodeReportedRule rule is successfully validated
2021-03-15 13:35:43,563 [EventQueue-OpenPipelineForHealthyPipelineSafeModeRule] INFO  safemode.SCMSafeModeManager (HealthyPipelineSafeModeRule.java:process(128)) - SCM in safe mode. Healthy pipelines reported count is 0, required healthy pipeline reported count is 1
2021-03-15 13:35:43,606 [EventQueue-PipelineReportForOneReplicaPipelineSafeModeRule] INFO  safemode.SCMSafeModeManager (SCMSafeModeManager.java:validateSafeModeExitRules(214)) - AtleastOneDatanodeReportedRule rule is successfully validated
2021-03-15 13:35:43,619 [EventQueue-OpenPipelineForHealthyPipelineSafeModeRule] INFO  safemode.SCMSafeModeManager (HealthyPipelineSafeModeRule.java:process(128)) - SCM in safe mode. Healthy pipelines reported count is 0, required healthy pipeline reported count is 1
2021-03-15 13:35:43,619 [EventQueue-PipelineReportForOneReplicaPipelineSafeModeRule] INFO  safemode.SCMSafeModeManager (SCMSafeModeManager.java:validateSafeModeExitRules(214)) - AtleastOneDatanodeReportedRule rule is successfully validated
2021-03-15 13:35:43,628 [EventQueue-PipelineReportForOneReplicaPipelineSafeModeRule] INFO  safemode.SCMSafeModeManager (SCMSafeModeManager.java:validateSafeModeExitRules(214)) - AtleastOneDatanodeReportedRule rule is successfully validated
2021-03-15 13:35:43,643 [EventQueue-PipelineReportForOneReplicaPipelineSafeModeRule] INFO  safemode.SCMSafeModeManager (SCMSafeModeManager.java:validateSafeModeExitRules(214)) - AtleastOneDatanodeReportedRule rule is successfully validated
2021-03-15 13:35:43,666 [EventQueue-PipelineReportForOneReplicaPipelineSafeModeRule] INFO  safemode.SCMSafeModeManager (SCMSafeModeManager.java:validateSafeModeExitRules(214)) - AtleastOneDatanodeReportedRule rule is successfully validated
2021-03-15 13:35:43,667 [EventQueue-OpenPipelineForHealthyPipelineSafeModeRule] INFO  safemode.SCMSafeModeManager (HealthyPipelineSafeModeRule.java:process(128)) - SCM in safe mode. Healthy pipelines reported count is 0, required healthy pipeline reported count is 1
2021-03-15 13:35:43,668 [EventQueue-OpenPipelineForHealthyPipelineSafeModeRule] INFO  safemode.SCMSafeModeManager (HealthyPipelineSafeModeRule.java:process(128)) - SCM in safe mode. Healthy pipelines reported count is 0, required healthy pipeline reported count is 1
2021-03-15 13:35:43,668 [EventQueue-OpenPipelineForHealthyPipelineSafeModeRule] INFO  safemode.SCMSafeModeManager (HealthyPipelineSafeModeRule.java:process(128)) - SCM in safe mode. Healthy pipelines reported count is 0, required healthy pipeline reported count is 1
2021-03-15 13:35:43,668 [EventQueue-PipelineReportForOneReplicaPipelineSafeModeRule] INFO  safemode.SCMSafeModeManager (SCMSafeModeManager.java:validateSafeModeExitRules(214)) - AtleastOneDatanodeReportedRule rule is successfully validated
2021-03-15 13:35:43,668 [EventQueue-PipelineReportForOneReplicaPipelineSafeModeRule] INFO  safemode.SCMSafeModeManager (SCMSafeModeManager.java:validateSafeModeExitRules(214)) - AtleastOneDatanodeReportedRule rule is successfully validated
2021-03-15 13:35:43,674 [EventQueue-PipelineReportForOneReplicaPipelineSafeModeRule] INFO  safemode.SCMSafeModeManager (SCMSafeModeManager.java:validateSafeModeExitRules(214)) - AtleastOneDatanodeReportedRule rule is successfully validated
2021-03-15 13:35:43,674 [EventQueue-OpenPipelineForHealthyPipelineSafeModeRule] INFO  safemode.SCMSafeModeManager (HealthyPipelineSafeModeRule.java:process(128)) - SCM in safe mode. Healthy pipelines reported count is 0, required healthy pipeline reported count is 1
2021-03-15 13:35:43,695 [EventQueue-PipelineReportForOneReplicaPipelineSafeModeRule] INFO  safemode.SCMSafeModeManager (SCMSafeModeManager.java:validateSafeModeExitRules(214)) - AtleastOneDatanodeReportedRule rule is successfully validated
2021-03-15 13:35:43,763 [EventQueue-PipelineReportForOneReplicaPipelineSafeModeRule] INFO  safemode.SCMSafeModeManager (SCMSafeModeManager.java:validateSafeModeExitRules(214)) - AtleastOneDatanodeReportedRule rule is successfully validated
2021-03-15 13:35:43,763 [EventQueue-OpenPipelineForHealthyPipelineSafeModeRule] INFO  safemode.SCMSafeModeManager (HealthyPipelineSafeModeRule.java:process(128)) - SCM in safe mode. Healthy pipelines reported count is 0, required healthy pipeline reported count is 1
2021-03-15 13:35:43,802 [Command processor thread] INFO  server.RaftServer (RaftServerProxy.java:addNew(95)) - cbb45d95-806f-4aa6-a8d4-3f48f4f3d8f4: addNew group-A803D50BEB2F:[cbb45d95-806f-4aa6-a8d4-3f48f4f3d8f4|rpc:172.17.0.2:36727|priority:1] returns group-A803D50BEB2F:java.util.concurrent.CompletableFuture@5f1bf183[Not completed]
2021-03-15 13:35:43,803 [pool-152-thread-1] INFO  server.RaftServer$Division (RaftServerImpl.java:<init>(180)) - cbb45d95-806f-4aa6-a8d4-3f48f4f3d8f4: new RaftServerImpl for group-A803D50BEB2F:[cbb45d95-806f-4aa6-a8d4-3f48f4f3d8f4|rpc:172.17.0.2:36727|priority:1] with ContainerStateMachine:uninitialized
2021-03-15 13:35:43,803 [pool-152-thread-1] INFO  server.RaftServerConfigKeys (ConfUtils.java:logGet(44)) - raft.server.rpc.timeout.min = 5s (custom)
2021-03-15 13:35:43,803 [pool-152-thread-1] INFO  server.RaftServerConfigKeys (ConfUtils.java:logGet(44)) - raft.server.rpc.timeout.max = 5200ms (custom)
2021-03-15 13:35:43,803 [pool-152-thread-1] INFO  server.RaftServerConfigKeys (ConfUtils.java:logGet(44)) - raft.server.rpc.sleep.time = 25ms (default)
2021-03-15 13:35:43,804 [pool-152-thread-1] INFO  server.RaftServerConfigKeys (ConfUtils.java:logGet(44)) - raft.server.rpc.slowness.timeout = 300000ms (custom)
2021-03-15 13:35:43,804 [pool-152-thread-1] INFO  server.RaftServerConfigKeys (ConfUtils.java:logGet(44)) - raft.server.leaderelection.leader.step-down.wait-time = 10s (default)
2021-03-15 13:35:43,804 [pool-152-thread-1] INFO  server.RaftServerConfigKeys (ConfUtils.java:logGet(44)) - raft.server.sleep.deviation.threshold = 300ms (default)
2021-03-15 13:35:43,804 [pool-152-thread-1] INFO  server.RaftServerConfigKeys (ConfUtils.java:logGet(44)) - raft.server.log.appender.install.snapshot.enabled = false (custom)
2021-03-15 13:35:43,804 [pool-152-thread-1] INFO  server.RaftServer$Division (ServerState.java:<init>(105)) - cbb45d95-806f-4aa6-a8d4-3f48f4f3d8f4@group-A803D50BEB2F: ConfigurationManager, init=-1: [cbb45d95-806f-4aa6-a8d4-3f48f4f3d8f4|rpc:172.17.0.2:36727|priority:1], old=null, confs=<EMPTY_MAP>
2021-03-15 13:35:43,804 [pool-152-thread-1] INFO  server.RaftServerConfigKeys (ConfUtils.java:logGet(44)) - raft.server.storage.dir = [/github/workspace/mnt/ozone/hadoop-ozone/integration-test/target/test-dir/MiniOzoneClusterImpl-12ebc720-05ee-4469-9130-5183c7181a17/datanode-7/data/ratis] (custom)
2021-03-15 13:35:43,804 [pool-152-thread-1] INFO  server.RaftServerConfigKeys (ConfUtils.java:logGet(44)) - raft.server.log.corruption.policy = EXCEPTION (default)
2021-03-15 13:35:43,805 [pool-152-thread-1] INFO  storage.RaftStorageDirectory (RaftStorageDirectoryImpl.java:analyzeStorage(132)) - The storage directory /github/workspace/mnt/ozone/hadoop-ozone/integration-test/target/test-dir/MiniOzoneClusterImpl-12ebc720-05ee-4469-9130-5183c7181a17/datanode-7/data/ratis/09d919f2-ad4d-4df9-9a40-a803d50beb2f does not exist. Creating ...
2021-03-15 13:35:43,806 [EventQueue-PipelineReportForOneReplicaPipelineSafeModeRule] INFO  safemode.SCMSafeModeManager (SCMSafeModeManager.java:validateSafeModeExitRules(214)) - AtleastOneDatanodeReportedRule rule is successfully validated
2021-03-15 13:35:43,818 [EventQueue-PipelineReportForOneReplicaPipelineSafeModeRule] INFO  safemode.SCMSafeModeManager (SCMSafeModeManager.java:validateSafeModeExitRules(214)) - AtleastOneDatanodeReportedRule rule is successfully validated
2021-03-15 13:35:43,819 [EventQueue-OpenPipelineForHealthyPipelineSafeModeRule] INFO  safemode.SCMSafeModeManager (HealthyPipelineSafeModeRule.java:process(128)) - SCM in safe mode. Healthy pipelines reported count is 0, required healthy pipeline reported count is 1
2021-03-15 13:35:43,827 [EventQueue-PipelineReportForOneReplicaPipelineSafeModeRule] INFO  safemode.SCMSafeModeManager (SCMSafeModeManager.java:validateSafeModeExitRules(214)) - AtleastOneDatanodeReportedRule rule is successfully validated
2021-03-15 13:35:43,828 [EventQueue-PipelineReportForPipelineReportHandler] INFO  pipeline.PipelineStateManager (PipelineStateManager.java:openPipeline(132)) - Pipeline Pipeline[ Id: e458a918-cf05-4f7a-b963-9ddf8f118b76, Nodes: 91c1ad6d-8d99-4a41-8a32-9427c133f69b{ip: 172.17.0.2, host: 287f2862ff4e, ports: [REPLICATION=46269, RATIS=42395, RATIS_ADMIN=42395, RATIS_SERVER=42395, STANDALONE=34483], networkLocation: /default-rack, certSerialId: null, persistedOpState: IN_SERVICE, persistedOpStateExpiryEpochSec: 0}, Type:RATIS, Factor:ONE, State:ALLOCATED, leaderId:91c1ad6d-8d99-4a41-8a32-9427c133f69b, CreationTimestamp2021-03-15T13:35:40.424Z] moved to OPEN state
2021-03-15 13:35:43,842 [EventQueue-PipelineReportForOneReplicaPipelineSafeModeRule] INFO  safemode.SCMSafeModeManager (SCMSafeModeManager.java:validateSafeModeExitRules(214)) - AtleastOneDatanodeReportedRule rule is successfully validated
2021-03-15 13:35:43,860 [EventQueue-OpenPipelineForHealthyPipelineSafeModeRule] INFO  safemode.SCMSafeModeManager (HealthyPipelineSafeModeRule.java:process(128)) - SCM in safe mode. Healthy pipelines reported count is 0, required healthy pipeline reported count is 1
2021-03-15 13:35:43,867 [EventQueue-PipelineReportForOneReplicaPipelineSafeModeRule] INFO  safemode.SCMSafeModeManager (SCMSafeModeManager.java:validateSafeModeExitRules(214)) - AtleastOneDatanodeReportedRule rule is successfully validated
2021-03-15 13:35:43,868 [EventQueue-PipelineReportForOneReplicaPipelineSafeModeRule] INFO  safemode.SCMSafeModeManager (SCMSafeModeManager.java:validateSafeModeExitRules(214)) - AtleastOneDatanodeReportedRule rule is successfully validated
2021-03-15 13:35:43,868 [EventQueue-OpenPipelineForHealthyPipelineSafeModeRule] INFO  safemode.SCMSafeModeManager (HealthyPipelineSafeModeRule.java:process(128)) - SCM in safe mode. Healthy pipelines reported count is 0, required healthy pipeline reported count is 1
2021-03-15 13:35:43,868 [EventQueue-OpenPipelineForHealthyPipelineSafeModeRule] INFO  safemode.SCMSafeModeManager (HealthyPipelineSafeModeRule.java:process(128)) - SCM in safe mode. Healthy pipelines reported count is 0, required healthy pipeline reported count is 1
2021-03-15 13:35:43,869 [EventQueue-PipelineReportForOneReplicaPipelineSafeModeRule] INFO  safemode.SCMSafeModeManager (SCMSafeModeManager.java:validateSafeModeExitRules(214)) - AtleastOneDatanodeReportedRule rule is successfully validated
2021-03-15 13:35:43,869 [EventQueue-OpenPipelineForHealthyPipelineSafeModeRule] INFO  safemode.SCMSafeModeManager (HealthyPipelineSafeModeRule.java:process(128)) - SCM in safe mode. Healthy pipelines reported count is 0, required healthy pipeline reported count is 1
2021-03-15 13:35:43,874 [EventQueue-PipelineReportForOneReplicaPipelineSafeModeRule] INFO  safemode.SCMSafeModeManager (SCMSafeModeManager.java:validateSafeModeExitRules(214)) - AtleastOneDatanodeReportedRule rule is successfully validated
2021-03-15 13:35:43,874 [EventQueue-OpenPipelineForHealthyPipelineSafeModeRule] INFO  safemode.SCMSafeModeManager (HealthyPipelineSafeModeRule.java:process(128)) - SCM in safe mode. Healthy pipelines reported count is 0, required healthy pipeline reported count is 1
2021-03-15 13:35:43,895 [EventQueue-PipelineReportForOneReplicaPipelineSafeModeRule] INFO  safemode.SCMSafeModeManager (SCMSafeModeManager.java:validateSafeModeExitRules(214)) - AtleastOneDatanodeReportedRule rule is successfully validated
2021-03-15 13:35:43,962 [EventQueue-PipelineReportForOneReplicaPipelineSafeModeRule] INFO  safemode.SCMSafeModeManager (SCMSafeModeManager.java:validateSafeModeExitRules(214)) - AtleastOneDatanodeReportedRule rule is successfully validated
2021-03-15 13:35:43,963 [EventQueue-OpenPipelineForHealthyPipelineSafeModeRule] INFO  safemode.SCMSafeModeManager (HealthyPipelineSafeModeRule.java:process(128)) - SCM in safe mode. Healthy pipelines reported count is 0, required healthy pipeline reported count is 1
2021-03-15 13:35:44,006 [EventQueue-PipelineReportForOneReplicaPipelineSafeModeRule] INFO  safemode.SCMSafeModeManager (SCMSafeModeManager.java:validateSafeModeExitRules(214)) - AtleastOneDatanodeReportedRule rule is successfully validated
2021-03-15 13:35:44,019 [EventQueue-OpenPipelineForHealthyPipelineSafeModeRule] INFO  safemode.SCMSafeModeManager (HealthyPipelineSafeModeRule.java:process(128)) - SCM in safe mode. Healthy pipelines reported count is 0, required healthy pipeline reported count is 1
2021-03-15 13:35:44,020 [EventQueue-PipelineReportForOneReplicaPipelineSafeModeRule] INFO  safemode.SCMSafeModeManager (SCMSafeModeManager.java:validateSafeModeExitRules(214)) - AtleastOneDatanodeReportedRule rule is successfully validated
2021-03-15 13:35:44,028 [EventQueue-OpenPipelineForHealthyPipelineSafeModeRule] INFO  safemode.SCMSafeModeManager (HealthyPipelineSafeModeRule.java:process(128)) - SCM in safe mode. Healthy pipelines reported count is 0, required healthy pipeline reported count is 1
2021-03-15 13:35:44,030 [EventQueue-PipelineReportForOneReplicaPipelineSafeModeRule] INFO  safemode.SCMSafeModeManager (SCMSafeModeManager.java:validateSafeModeExitRules(214)) - AtleastOneDatanodeReportedRule rule is successfully validated
2021-03-15 13:35:44,043 [EventQueue-PipelineReportForOneReplicaPipelineSafeModeRule] INFO  safemode.SCMSafeModeManager (SCMSafeModeManager.java:validateSafeModeExitRules(214)) - AtleastOneDatanodeReportedRule rule is successfully validated
2021-03-15 13:35:44,043 [Command processor thread] INFO  server.RaftServer (RaftServerProxy.java:addNew(95)) - 8d28b06d-ee05-40ab-87ae-857598c7fa3f: addNew group-710A16325287:[8d28b06d-ee05-40ab-87ae-857598c7fa3f|rpc:172.17.0.2:38475|priority:1] returns group-710A16325287:java.util.concurrent.CompletableFuture@47281bc2[Not completed]
2021-03-15 13:35:44,044 [pool-168-thread-1] INFO  server.RaftServer$Division (RaftServerImpl.java:<init>(180)) - 8d28b06d-ee05-40ab-87ae-857598c7fa3f: new RaftServerImpl for group-710A16325287:[8d28b06d-ee05-40ab-87ae-857598c7fa3f|rpc:172.17.0.2:38475|priority:1] with ContainerStateMachine:uninitialized
2021-03-15 13:35:44,044 [pool-168-thread-1] INFO  server.RaftServerConfigKeys (ConfUtils.java:logGet(44)) - raft.server.rpc.timeout.min = 5s (custom)
2021-03-15 13:35:44,044 [pool-168-thread-1] INFO  server.RaftServerConfigKeys (ConfUtils.java:logGet(44)) - raft.server.rpc.timeout.max = 5200ms (custom)
2021-03-15 13:35:44,044 [pool-168-thread-1] INFO  server.RaftServerConfigKeys (ConfUtils.java:logGet(44)) - raft.server.rpc.sleep.time = 25ms (default)
2021-03-15 13:35:44,045 [pool-168-thread-1] INFO  server.RaftServerConfigKeys (ConfUtils.java:logGet(44)) - raft.server.rpc.slowness.timeout = 300000ms (custom)
2021-03-15 13:35:44,045 [pool-168-thread-1] INFO  server.RaftServerConfigKeys (ConfUtils.java:logGet(44)) - raft.server.leaderelection.leader.step-down.wait-time = 10s (default)
2021-03-15 13:35:44,045 [pool-168-thread-1] INFO  server.RaftServerConfigKeys (ConfUtils.java:logGet(44)) - raft.server.sleep.deviation.threshold = 300ms (default)
2021-03-15 13:35:44,045 [pool-168-thread-1] INFO  server.RaftServerConfigKeys (ConfUtils.java:logGet(44)) - raft.server.log.appender.install.snapshot.enabled = false (custom)
2021-03-15 13:35:44,045 [pool-168-thread-1] INFO  server.RaftServer$Division (ServerState.java:<init>(105)) - 8d28b06d-ee05-40ab-87ae-857598c7fa3f@group-710A16325287: ConfigurationManager, init=-1: [8d28b06d-ee05-40ab-87ae-857598c7fa3f|rpc:172.17.0.2:38475|priority:1], old=null, confs=<EMPTY_MAP>
2021-03-15 13:35:44,045 [pool-168-thread-1] INFO  server.RaftServerConfigKeys (ConfUtils.java:logGet(44)) - raft.server.storage.dir = [/github/workspace/mnt/ozone/hadoop-ozone/integration-test/target/test-dir/MiniOzoneClusterImpl-12ebc720-05ee-4469-9130-5183c7181a17/datanode-8/data/ratis] (custom)
2021-03-15 13:35:44,045 [pool-168-thread-1] INFO  server.RaftServerConfigKeys (ConfUtils.java:logGet(44)) - raft.server.log.corruption.policy = EXCEPTION (default)
2021-03-15 13:35:44,046 [pool-168-thread-1] INFO  storage.RaftStorageDirectory (RaftStorageDirectoryImpl.java:analyzeStorage(132)) - The storage directory /github/workspace/mnt/ozone/hadoop-ozone/integration-test/target/test-dir/MiniOzoneClusterImpl-12ebc720-05ee-4469-9130-5183c7181a17/datanode-8/data/ratis/d0341783-c42b-4795-80e3-710a16325287 does not exist. Creating ...
2021-03-15 13:35:44,067 [EventQueue-PipelineReportForOneReplicaPipelineSafeModeRule] INFO  safemode.SCMSafeModeManager (SCMSafeModeManager.java:validateSafeModeExitRules(214)) - AtleastOneDatanodeReportedRule rule is successfully validated
2021-03-15 13:35:44,068 [EventQueue-OpenPipelineForHealthyPipelineSafeModeRule] INFO  safemode.SCMSafeModeManager (HealthyPipelineSafeModeRule.java:process(128)) - SCM in safe mode. Healthy pipelines reported count is 0, required healthy pipeline reported count is 1
2021-03-15 13:35:44,068 [EventQueue-OpenPipelineForHealthyPipelineSafeModeRule] INFO  safemode.SCMSafeModeManager (HealthyPipelineSafeModeRule.java:process(128)) - SCM in safe mode. Healthy pipelines reported count is 0, required healthy pipeline reported count is 1
2021-03-15 13:35:44,069 [EventQueue-PipelineReportForOneReplicaPipelineSafeModeRule] INFO  safemode.SCMSafeModeManager (SCMSafeModeManager.java:validateSafeModeExitRules(214)) - AtleastOneDatanodeReportedRule rule is successfully validated
2021-03-15 13:35:44,070 [EventQueue-OpenPipelineForHealthyPipelineSafeModeRule] INFO  safemode.SCMSafeModeManager (HealthyPipelineSafeModeRule.java:process(128)) - SCM in safe mode. Healthy pipelines reported count is 0, required healthy pipeline reported count is 1
2021-03-15 13:35:44,070 [EventQueue-PipelineReportForOneReplicaPipelineSafeModeRule] INFO  safemode.SCMSafeModeManager (SCMSafeModeManager.java:validateSafeModeExitRules(214)) - AtleastOneDatanodeReportedRule rule is successfully validated
2021-03-15 13:35:44,073 [EventQueue-PipelineReportForOneReplicaPipelineSafeModeRule] INFO  safemode.SCMSafeModeManager (SCMSafeModeManager.java:validateSafeModeExitRules(214)) - AtleastOneDatanodeReportedRule rule is successfully validated
2021-03-15 13:35:44,074 [EventQueue-OpenPipelineForHealthyPipelineSafeModeRule] INFO  safemode.SCMSafeModeManager (HealthyPipelineSafeModeRule.java:process(128)) - SCM in safe mode. Healthy pipelines reported count is 0, required healthy pipeline reported count is 1
2021-03-15 13:35:44,095 [EventQueue-PipelineReportForOneReplicaPipelineSafeModeRule] INFO  safemode.SCMSafeModeManager (SCMSafeModeManager.java:validateSafeModeExitRules(214)) - AtleastOneDatanodeReportedRule rule is successfully validated
2021-03-15 13:35:44,107 [pool-135-thread-1] INFO  storage.RaftStorageDirectory (RaftStorageDirectoryImpl.java:tryLock(215)) - Lock on /github/workspace/mnt/ozone/hadoop-ozone/integration-test/target/test-dir/MiniOzoneClusterImpl-12ebc720-05ee-4469-9130-5183c7181a17/datanode-6/data/ratis/e458a918-cf05-4f7a-b963-9ddf8f118b76/in_use.lock acquired by nodename 27773@287f2862ff4e
2021-03-15 13:35:44,108 [pool-120-thread-1] INFO  storage.RaftStorageDirectory (RaftStorageDirectoryImpl.java:tryLock(215)) - Lock on /github/workspace/mnt/ozone/hadoop-ozone/integration-test/target/test-dir/MiniOzoneClusterImpl-12ebc720-05ee-4469-9130-5183c7181a17/datanode-5/data/ratis/c4d052ff-d404-4ff1-8872-156ee707f88f/in_use.lock acquired by nodename 27773@287f2862ff4e
2021-03-15 13:35:44,108 [pool-104-thread-1] INFO  storage.RaftStorageDirectory (RaftStorageDirectoryImpl.java:tryLock(215)) - Lock on /github/workspace/mnt/ozone/hadoop-ozone/integration-test/target/test-dir/MiniOzoneClusterImpl-12ebc720-05ee-4469-9130-5183c7181a17/datanode-4/data/ratis/e413bafd-5876-4d83-9af0-257d9b27db90/in_use.lock acquired by nodename 27773@287f2862ff4e
2021-03-15 13:35:44,108 [pool-168-thread-1] INFO  storage.RaftStorageDirectory (RaftStorageDirectoryImpl.java:tryLock(215)) - Lock on /github/workspace/mnt/ozone/hadoop-ozone/integration-test/target/test-dir/MiniOzoneClusterImpl-12ebc720-05ee-4469-9130-5183c7181a17/datanode-8/data/ratis/d0341783-c42b-4795-80e3-710a16325287/in_use.lock acquired by nodename 27773@287f2862ff4e
2021-03-15 13:35:44,109 [pool-152-thread-1] INFO  storage.RaftStorageDirectory (RaftStorageDirectoryImpl.java:tryLock(215)) - Lock on /github/workspace/mnt/ozone/hadoop-ozone/integration-test/target/test-dir/MiniOzoneClusterImpl-12ebc720-05ee-4469-9130-5183c7181a17/datanode-7/data/ratis/09d919f2-ad4d-4df9-9a40-a803d50beb2f/in_use.lock acquired by nodename 27773@287f2862ff4e
2021-03-15 13:35:44,110 [pool-168-thread-1] INFO  storage.RaftStorage (RaftStorageImpl.java:format(87)) - Storage directory /github/workspace/mnt/ozone/hadoop-ozone/integration-test/target/test-dir/MiniOzoneClusterImpl-12ebc720-05ee-4469-9130-5183c7181a17/datanode-8/data/ratis/d0341783-c42b-4795-80e3-710a16325287 has been successfully formatted.
2021-03-15 13:35:44,110 [pool-135-thread-1] INFO  storage.RaftStorage (RaftStorageImpl.java:format(87)) - Storage directory /github/workspace/mnt/ozone/hadoop-ozone/integration-test/target/test-dir/MiniOzoneClusterImpl-12ebc720-05ee-4469-9130-5183c7181a17/datanode-6/data/ratis/e458a918-cf05-4f7a-b963-9ddf8f118b76 has been successfully formatted.
2021-03-15 13:35:44,110 [pool-168-thread-1] INFO  ratis.ContainerStateMachine (ContainerStateMachine.java:loadSnapshot(223)) - group-710A16325287: The snapshot info is null. Setting the last applied indexto:(t:0, i:~)
2021-03-15 13:35:44,111 [pool-168-thread-1] ERROR storage.RaftStorage (RaftStorageImpl.java:readRaftConfiguration(147)) - Failed reading configuration from file:/github/workspace/mnt/ozone/hadoop-ozone/integration-test/target/test-dir/MiniOzoneClusterImpl-12ebc720-05ee-4469-9130-5183c7181a17/datanode-8/data/ratis/d0341783-c42b-4795-80e3-710a16325287/current/raft-meta.conf
java.io.FileNotFoundException: /github/workspace/mnt/ozone/hadoop-ozone/integration-test/target/test-dir/MiniOzoneClusterImpl-12ebc720-05ee-4469-9130-5183c7181a17/datanode-8/data/ratis/d0341783-c42b-4795-80e3-710a16325287/current/raft-meta.conf (No such file or directory)
	at java.io.FileInputStream.open0(Native Method)
	at java.io.FileInputStream.open(FileInputStream.java:195)
	at java.io.FileInputStream.<init>(FileInputStream.java:138)
	at org.apache.ratis.server.storage.RaftStorageImpl.readRaftConfiguration(RaftStorageImpl.java:143)
	at org.apache.ratis.server.impl.ServerState.<init>(ServerState.java:122)
	at org.apache.ratis.server.impl.RaftServerImpl.<init>(RaftServerImpl.java:193)
	at org.apache.ratis.server.impl.RaftServerProxy.lambda$newRaftServerImpl$4(RaftServerProxy.java:266)
	at java.util.concurrent.CompletableFuture$AsyncSupply.run(CompletableFuture.java:1604)
	at java.util.concurrent.ThreadPoolExecutor.runWorker(ThreadPoolExecutor.java:1149)
	at java.util.concurrent.ThreadPoolExecutor$Worker.run(ThreadPoolExecutor.java:624)
	at java.lang.Thread.run(Thread.java:748)
2021-03-15 13:35:44,110 [pool-152-thread-1] INFO  storage.RaftStorage (RaftStorageImpl.java:format(87)) - Storage directory /github/workspace/mnt/ozone/hadoop-ozone/integration-test/target/test-dir/MiniOzoneClusterImpl-12ebc720-05ee-4469-9130-5183c7181a17/datanode-7/data/ratis/09d919f2-ad4d-4df9-9a40-a803d50beb2f has been successfully formatted.
2021-03-15 13:35:44,111 [pool-168-thread-1] INFO  server.RaftServerConfigKeys (ConfUtils.java:logGet(44)) - raft.server.notification.no-leader.timeout = 300000ms (custom)
2021-03-15 13:35:44,111 [pool-168-thread-1] INFO  server.RaftServerConfigKeys (ConfUtils.java:logGet(44)) - raft.server.log.use.memory = false (default)
2021-03-15 13:35:44,110 [pool-104-thread-1] INFO  storage.RaftStorage (RaftStorageImpl.java:format(87)) - Storage directory /github/workspace/mnt/ozone/hadoop-ozone/integration-test/target/test-dir/MiniOzoneClusterImpl-12ebc720-05ee-4469-9130-5183c7181a17/datanode-4/data/ratis/e413bafd-5876-4d83-9af0-257d9b27db90 has been successfully formatted.
2021-03-15 13:35:44,111 [pool-104-thread-1] INFO  ratis.ContainerStateMachine (ContainerStateMachine.java:loadSnapshot(223)) - group-257D9B27DB90: The snapshot info is null. Setting the last applied indexto:(t:0, i:~)
2021-03-15 13:35:44,111 [pool-104-thread-1] ERROR storage.RaftStorage (RaftStorageImpl.java:readRaftConfiguration(147)) - Failed reading configuration from file:/github/workspace/mnt/ozone/hadoop-ozone/integration-test/target/test-dir/MiniOzoneClusterImpl-12ebc720-05ee-4469-9130-5183c7181a17/datanode-4/data/ratis/e413bafd-5876-4d83-9af0-257d9b27db90/current/raft-meta.conf
java.io.FileNotFoundException: /github/workspace/mnt/ozone/hadoop-ozone/integration-test/target/test-dir/MiniOzoneClusterImpl-12ebc720-05ee-4469-9130-5183c7181a17/datanode-4/data/ratis/e413bafd-5876-4d83-9af0-257d9b27db90/current/raft-meta.conf (No such file or directory)
	at java.io.FileInputStream.open0(Native Method)
	at java.io.FileInputStream.open(FileInputStream.java:195)
	at java.io.FileInputStream.<init>(FileInputStream.java:138)
	at org.apache.ratis.server.storage.RaftStorageImpl.readRaftConfiguration(RaftStorageImpl.java:143)
	at org.apache.ratis.server.impl.ServerState.<init>(ServerState.java:122)
	at org.apache.ratis.server.impl.RaftServerImpl.<init>(RaftServerImpl.java:193)
	at org.apache.ratis.server.impl.RaftServerProxy.lambda$newRaftServerImpl$4(RaftServerProxy.java:266)
	at java.util.concurrent.CompletableFuture$AsyncSupply.run(CompletableFuture.java:1604)
	at java.util.concurrent.ThreadPoolExecutor.runWorker(ThreadPoolExecutor.java:1149)
	at java.util.concurrent.ThreadPoolExecutor$Worker.run(ThreadPoolExecutor.java:624)
	at java.lang.Thread.run(Thread.java:748)
2021-03-15 13:35:44,112 [pool-104-thread-1] INFO  server.RaftServerConfigKeys (ConfUtils.java:logGet(44)) - raft.server.notification.no-leader.timeout = 300000ms (custom)
2021-03-15 13:35:44,112 [pool-104-thread-1] INFO  server.RaftServerConfigKeys (ConfUtils.java:logGet(44)) - raft.server.log.use.memory = false (default)
2021-03-15 13:35:44,112 [pool-104-thread-1] INFO  server.RaftServerConfigKeys (ConfUtils.java:logGet(44)) - raft.server.log.purge.gap = 1000000 (custom)
2021-03-15 13:35:44,112 [pool-104-thread-1] INFO  server.RaftServerConfigKeys (ConfUtils.java:logGet(44)) - raft.server.log.appender.buffer.byte-limit = 33554432 (custom)
2021-03-15 13:35:44,112 [pool-104-thread-1] INFO  metrics.RatisMetrics (RatisMetrics.java:lambda$create$0(36)) - Creating Metrics Registry : ratis.log_worker.2479fe59-7b65-4ff2-bce5-1a4041a1f829@group-257D9B27DB90
2021-03-15 13:35:44,112 [pool-104-thread-1] INFO  server.RaftServerConfigKeys (ConfUtils.java:logGet(44)) - raft.server.log.segment.size.max = 1048576 (custom)
2021-03-15 13:35:44,111 [pool-168-thread-1] INFO  server.RaftServerConfigKeys (ConfUtils.java:logGet(44)) - raft.server.log.purge.gap = 1000000 (custom)
2021-03-15 13:35:44,112 [pool-168-thread-1] INFO  server.RaftServerConfigKeys (ConfUtils.java:logGet(44)) - raft.server.log.appender.buffer.byte-limit = 33554432 (custom)
2021-03-15 13:35:44,112 [pool-168-thread-1] INFO  metrics.RatisMetrics (RatisMetrics.java:lambda$create$0(36)) - Creating Metrics Registry : ratis.log_worker.8d28b06d-ee05-40ab-87ae-857598c7fa3f@group-710A16325287
2021-03-15 13:35:44,113 [pool-168-thread-1] INFO  server.RaftServerConfigKeys (ConfUtils.java:logGet(44)) - raft.server.log.segment.size.max = 1048576 (custom)
2021-03-15 13:35:44,111 [pool-152-thread-1] INFO  ratis.ContainerStateMachine (ContainerStateMachine.java:loadSnapshot(223)) - group-A803D50BEB2F: The snapshot info is null. Setting the last applied indexto:(t:0, i:~)
2021-03-15 13:35:44,114 [EventQueue-PipelineReportForOneReplicaPipelineSafeModeRule] INFO  safemode.SCMSafeModeManager (SCMSafeModeManager.java:validateSafeModeExitRules(214)) - AtleastOneDatanodeReportedRule rule is successfully validated
2021-03-15 13:35:44,111 [pool-120-thread-1] INFO  storage.RaftStorage (RaftStorageImpl.java:format(87)) - Storage directory /github/workspace/mnt/ozone/hadoop-ozone/integration-test/target/test-dir/MiniOzoneClusterImpl-12ebc720-05ee-4469-9130-5183c7181a17/datanode-5/data/ratis/c4d052ff-d404-4ff1-8872-156ee707f88f has been successfully formatted.
2021-03-15 13:35:44,114 [EventQueue-PipelineReportForPipelineReportHandler] INFO  pipeline.PipelineStateManager (PipelineStateManager.java:openPipeline(132)) - Pipeline Pipeline[ Id: d0341783-c42b-4795-80e3-710a16325287, Nodes: 8d28b06d-ee05-40ab-87ae-857598c7fa3f{ip: 172.17.0.2, host: 287f2862ff4e, ports: [REPLICATION=32815, RATIS=38475, RATIS_ADMIN=38475, RATIS_SERVER=38475, STANDALONE=43249], networkLocation: /default-rack, certSerialId: null, persistedOpState: IN_SERVICE, persistedOpStateExpiryEpochSec: 0}, Type:RATIS, Factor:ONE, State:ALLOCATED, leaderId:8d28b06d-ee05-40ab-87ae-857598c7fa3f, CreationTimestamp2021-03-15T13:35:41.046Z] moved to OPEN state
2021-03-15 13:35:44,110 [pool-135-thread-1] INFO  ratis.ContainerStateMachine (ContainerStateMachine.java:loadSnapshot(223)) - group-9DDF8F118B76: The snapshot info is null. Setting the last applied indexto:(t:0, i:~)
2021-03-15 13:35:44,114 [pool-135-thread-1] ERROR storage.RaftStorage (RaftStorageImpl.java:readRaftConfiguration(147)) - Failed reading configuration from file:/github/workspace/mnt/ozone/hadoop-ozone/integration-test/target/test-dir/MiniOzoneClusterImpl-12ebc720-05ee-4469-9130-5183c7181a17/datanode-6/data/ratis/e458a918-cf05-4f7a-b963-9ddf8f118b76/current/raft-meta.conf
java.io.FileNotFoundException: /github/workspace/mnt/ozone/hadoop-ozone/integration-test/target/test-dir/MiniOzoneClusterImpl-12ebc720-05ee-4469-9130-5183c7181a17/datanode-6/data/ratis/e458a918-cf05-4f7a-b963-9ddf8f118b76/current/raft-meta.conf (No such file or directory)
	at java.io.FileInputStream.open0(Native Method)
	at java.io.FileInputStream.open(FileInputStream.java:195)
	at java.io.FileInputStream.<init>(FileInputStream.java:138)
	at org.apache.ratis.server.storage.RaftStorageImpl.readRaftConfiguration(RaftStorageImpl.java:143)
	at org.apache.ratis.server.impl.ServerState.<init>(ServerState.java:122)
	at org.apache.ratis.server.impl.RaftServerImpl.<init>(RaftServerImpl.java:193)
	at org.apache.ratis.server.impl.RaftServerProxy.lambda$newRaftServerImpl$4(RaftServerProxy.java:266)
	at java.util.concurrent.CompletableFuture$AsyncSupply.run(CompletableFuture.java:1604)
	at java.util.concurrent.ThreadPoolExecutor.runWorker(ThreadPoolExecutor.java:1149)
	at java.util.concurrent.ThreadPoolExecutor$Worker.run(ThreadPoolExecutor.java:624)
	at java.lang.Thread.run(Thread.java:748)
2021-03-15 13:35:44,114 [pool-135-thread-1] INFO  server.RaftServerConfigKeys (ConfUtils.java:logGet(44)) - raft.server.notification.no-leader.timeout = 300000ms (custom)
2021-03-15 13:35:44,114 [pool-135-thread-1] INFO  server.RaftServerConfigKeys (ConfUtils.java:logGet(44)) - raft.server.log.use.memory = false (default)
2021-03-15 13:35:44,114 [pool-135-thread-1] INFO  server.RaftServerConfigKeys (ConfUtils.java:logGet(44)) - raft.server.log.purge.gap = 1000000 (custom)
2021-03-15 13:35:44,114 [pool-135-thread-1] INFO  server.RaftServerConfigKeys (ConfUtils.java:logGet(44)) - raft.server.log.appender.buffer.byte-limit = 33554432 (custom)
2021-03-15 13:35:44,115 [pool-135-thread-1] INFO  metrics.RatisMetrics (RatisMetrics.java:lambda$create$0(36)) - Creating Metrics Registry : ratis.log_worker.91c1ad6d-8d99-4a41-8a32-9427c133f69b@group-9DDF8F118B76
2021-03-15 13:35:44,115 [pool-135-thread-1] INFO  server.RaftServerConfigKeys (ConfUtils.java:logGet(44)) - raft.server.log.segment.size.max = 1048576 (custom)
2021-03-15 13:35:44,115 [EventQueue-PipelineReportForOneReplicaPipelineSafeModeRule] INFO  safemode.SCMSafeModeManager (SCMSafeModeManager.java:validateSafeModeExitRules(214)) - AtleastOneDatanodeReportedRule rule is successfully validated
2021-03-15 13:35:44,114 [pool-120-thread-1] INFO  ratis.ContainerStateMachine (ContainerStateMachine.java:loadSnapshot(223)) - group-156EE707F88F: The snapshot info is null. Setting the last applied indexto:(t:0, i:~)
2021-03-15 13:35:44,122 [pool-120-thread-1] ERROR storage.RaftStorage (RaftStorageImpl.java:readRaftConfiguration(147)) - Failed reading configuration from file:/github/workspace/mnt/ozone/hadoop-ozone/integration-test/target/test-dir/MiniOzoneClusterImpl-12ebc720-05ee-4469-9130-5183c7181a17/datanode-5/data/ratis/c4d052ff-d404-4ff1-8872-156ee707f88f/current/raft-meta.conf
java.io.FileNotFoundException: /github/workspace/mnt/ozone/hadoop-ozone/integration-test/target/test-dir/MiniOzoneClusterImpl-12ebc720-05ee-4469-9130-5183c7181a17/datanode-5/data/ratis/c4d052ff-d404-4ff1-8872-156ee707f88f/current/raft-meta.conf (No such file or directory)
	at java.io.FileInputStream.open0(Native Method)
	at java.io.FileInputStream.open(FileInputStream.java:195)
	at java.io.FileInputStream.<init>(FileInputStream.java:138)
	at org.apache.ratis.server.storage.RaftStorageImpl.readRaftConfiguration(RaftStorageImpl.java:143)
	at org.apache.ratis.server.impl.ServerState.<init>(ServerState.java:122)
	at org.apache.ratis.server.impl.RaftServerImpl.<init>(RaftServerImpl.java:193)
	at org.apache.ratis.server.impl.RaftServerProxy.lambda$newRaftServerImpl$4(RaftServerProxy.java:266)
	at java.util.concurrent.CompletableFuture$AsyncSupply.run(CompletableFuture.java:1604)
	at java.util.concurrent.ThreadPoolExecutor.runWorker(ThreadPoolExecutor.java:1149)
	at java.util.concurrent.ThreadPoolExecutor$Worker.run(ThreadPoolExecutor.java:624)
	at java.lang.Thread.run(Thread.java:748)
2021-03-15 13:35:44,122 [pool-120-thread-1] INFO  server.RaftServerConfigKeys (ConfUtils.java:logGet(44)) - raft.server.notification.no-leader.timeout = 300000ms (custom)
2021-03-15 13:35:44,122 [pool-120-thread-1] INFO  server.RaftServerConfigKeys (ConfUtils.java:logGet(44)) - raft.server.log.use.memory = false (default)
2021-03-15 13:35:44,123 [pool-120-thread-1] INFO  server.RaftServerConfigKeys (ConfUtils.java:logGet(44)) - raft.server.log.purge.gap = 1000000 (custom)
2021-03-15 13:35:44,123 [pool-120-thread-1] INFO  server.RaftServerConfigKeys (ConfUtils.java:logGet(44)) - raft.server.log.appender.buffer.byte-limit = 33554432 (custom)
2021-03-15 13:35:44,123 [pool-120-thread-1] INFO  metrics.RatisMetrics (RatisMetrics.java:lambda$create$0(36)) - Creating Metrics Registry : ratis.log_worker.275eefd6-a602-4773-a0ea-a3b6f7cdc32e@group-156EE707F88F
2021-03-15 13:35:44,123 [pool-120-thread-1] INFO  server.RaftServerConfigKeys (ConfUtils.java:logGet(44)) - raft.server.log.segment.size.max = 1048576 (custom)
2021-03-15 13:35:44,114 [pool-152-thread-1] ERROR storage.RaftStorage (RaftStorageImpl.java:readRaftConfiguration(147)) - Failed reading configuration from file:/github/workspace/mnt/ozone/hadoop-ozone/integration-test/target/test-dir/MiniOzoneClusterImpl-12ebc720-05ee-4469-9130-5183c7181a17/datanode-7/data/ratis/09d919f2-ad4d-4df9-9a40-a803d50beb2f/current/raft-meta.conf
java.io.FileNotFoundException: /github/workspace/mnt/ozone/hadoop-ozone/integration-test/target/test-dir/MiniOzoneClusterImpl-12ebc720-05ee-4469-9130-5183c7181a17/datanode-7/data/ratis/09d919f2-ad4d-4df9-9a40-a803d50beb2f/current/raft-meta.conf (No such file or directory)
	at java.io.FileInputStream.open0(Native Method)
	at java.io.FileInputStream.open(FileInputStream.java:195)
	at java.io.FileInputStream.<init>(FileInputStream.java:138)
	at org.apache.ratis.server.storage.RaftStorageImpl.readRaftConfiguration(RaftStorageImpl.java:143)
	at org.apache.ratis.server.impl.ServerState.<init>(ServerState.java:122)
	at org.apache.ratis.server.impl.RaftServerImpl.<init>(RaftServerImpl.java:193)
	at org.apache.ratis.server.impl.RaftServerProxy.lambda$newRaftServerImpl$4(RaftServerProxy.java:266)
	at java.util.concurrent.CompletableFuture$AsyncSupply.run(CompletableFuture.java:1604)
	at java.util.concurrent.ThreadPoolExecutor.runWorker(ThreadPoolExecutor.java:1149)
	at java.util.concurrent.ThreadPoolExecutor$Worker.run(ThreadPoolExecutor.java:624)
	at java.lang.Thread.run(Thread.java:748)
2021-03-15 13:35:44,124 [pool-152-thread-1] INFO  server.RaftServerConfigKeys (ConfUtils.java:logGet(44)) - raft.server.notification.no-leader.timeout = 300000ms (custom)
2021-03-15 13:35:44,124 [pool-152-thread-1] INFO  server.RaftServerConfigKeys (ConfUtils.java:logGet(44)) - raft.server.log.use.memory = false (default)
2021-03-15 13:35:44,124 [pool-152-thread-1] INFO  server.RaftServerConfigKeys (ConfUtils.java:logGet(44)) - raft.server.log.purge.gap = 1000000 (custom)
2021-03-15 13:35:44,124 [pool-152-thread-1] INFO  server.RaftServerConfigKeys (ConfUtils.java:logGet(44)) - raft.server.log.appender.buffer.byte-limit = 33554432 (custom)
2021-03-15 13:35:44,124 [pool-152-thread-1] INFO  metrics.RatisMetrics (RatisMetrics.java:lambda$create$0(36)) - Creating Metrics Registry : ratis.log_worker.cbb45d95-806f-4aa6-a8d4-3f48f4f3d8f4@group-A803D50BEB2F
2021-03-15 13:35:44,124 [pool-152-thread-1] INFO  server.RaftServerConfigKeys (ConfUtils.java:logGet(44)) - raft.server.log.segment.size.max = 1048576 (custom)
2021-03-15 13:35:44,125 [EventQueue-PipelineReportForOneReplicaPipelineSafeModeRule] INFO  safemode.SCMSafeModeManager (SCMSafeModeManager.java:validateSafeModeExitRules(214)) - AtleastOneDatanodeReportedRule rule is successfully validated
2021-03-15 13:35:44,125 [EventQueue-PipelineReportForPipelineReportHandler] INFO  pipeline.PipelineStateManager (PipelineStateManager.java:openPipeline(132)) - Pipeline Pipeline[ Id: 09d919f2-ad4d-4df9-9a40-a803d50beb2f, Nodes: cbb45d95-806f-4aa6-a8d4-3f48f4f3d8f4{ip: 172.17.0.2, host: 287f2862ff4e, ports: [REPLICATION=34143, RATIS=36727, RATIS_ADMIN=36727, RATIS_SERVER=36727, STANDALONE=40453], networkLocation: /default-rack, certSerialId: null, persistedOpState: IN_SERVICE, persistedOpStateExpiryEpochSec: 0}, Type:RATIS, Factor:ONE, State:ALLOCATED, leaderId:cbb45d95-806f-4aa6-a8d4-3f48f4f3d8f4, CreationTimestamp2021-03-15T13:35:40.812Z] moved to OPEN state
2021-03-15 13:35:44,113 [pool-104-thread-1] INFO  server.RaftServerConfigKeys (ConfUtils.java:logGet(44)) - raft.server.log.segment.cache.num.max = 2 (custom)
2021-03-15 13:35:44,126 [pool-104-thread-1] INFO  server.RaftServerConfigKeys (ConfUtils.java:logGet(44)) - raft.server.log.segment.cache.size.max = 200MB (=209715200) (default)
2021-03-15 13:35:44,126 [pool-104-thread-1] INFO  segmented.SegmentedRaftLogWorker (SegmentedRaftLogWorker.java:<init>(181)) - new 2479fe59-7b65-4ff2-bce5-1a4041a1f829@group-257D9B27DB90-SegmentedRaftLogWorker for RaftStorageImpl:Storage Directory /github/workspace/mnt/ozone/hadoop-ozone/integration-test/target/test-dir/MiniOzoneClusterImpl-12ebc720-05ee-4469-9130-5183c7181a17/datanode-4/data/ratis/e413bafd-5876-4d83-9af0-257d9b27db90
2021-03-15 13:35:44,126 [EventQueue-PipelineReportForOneReplicaPipelineSafeModeRule] INFO  safemode.SCMSafeModeManager (SCMSafeModeManager.java:validateSafeModeExitRules(214)) - AtleastOneDatanodeReportedRule rule is successfully validated
2021-03-15 13:35:44,129 [EventQueue-PipelineReportForOneReplicaPipelineSafeModeRule] INFO  safemode.SCMSafeModeManager (SCMSafeModeManager.java:validateSafeModeExitRules(214)) - AtleastOneDatanodeReportedRule rule is successfully validated
2021-03-15 13:35:44,114 [EventQueue-OpenPipelineForHealthyPipelineSafeModeRule] INFO  safemode.SCMSafeModeManager (HealthyPipelineSafeModeRule.java:process(128)) - SCM in safe mode. Healthy pipelines reported count is 0, required healthy pipeline reported count is 1
2021-03-15 13:35:44,134 [EventQueue-OpenPipelineForHealthyPipelineSafeModeRule] INFO  safemode.SCMSafeModeManager (HealthyPipelineSafeModeRule.java:process(128)) - SCM in safe mode. Healthy pipelines reported count is 0, required healthy pipeline reported count is 1
2021-03-15 13:35:44,134 [EventQueue-OpenPipelineForHealthyPipelineSafeModeRule] INFO  safemode.SCMSafeModeManager (HealthyPipelineSafeModeRule.java:process(128)) - SCM in safe mode. Healthy pipelines reported count is 0, required healthy pipeline reported count is 1
2021-03-15 13:35:44,134 [EventQueue-OpenPipelineForHealthyPipelineSafeModeRule] INFO  safemode.SCMSafeModeManager (HealthyPipelineSafeModeRule.java:process(128)) - SCM in safe mode. Healthy pipelines reported count is 0, required healthy pipeline reported count is 1
2021-03-15 13:35:44,134 [EventQueue-OpenPipelineForHealthyPipelineSafeModeRule] INFO  safemode.SCMSafeModeManager (HealthyPipelineSafeModeRule.java:process(128)) - SCM in safe mode. Healthy pipelines reported count is 0, required healthy pipeline reported count is 1
2021-03-15 13:35:44,132 [pool-152-thread-1] INFO  server.RaftServerConfigKeys (ConfUtils.java:logGet(44)) - raft.server.log.segment.cache.num.max = 2 (custom)
2021-03-15 13:35:44,135 [pool-152-thread-1] INFO  server.RaftServerConfigKeys (ConfUtils.java:logGet(44)) - raft.server.log.segment.cache.size.max = 200MB (=209715200) (default)
2021-03-15 13:35:44,135 [pool-152-thread-1] INFO  segmented.SegmentedRaftLogWorker (SegmentedRaftLogWorker.java:<init>(181)) - new cbb45d95-806f-4aa6-a8d4-3f48f4f3d8f4@group-A803D50BEB2F-SegmentedRaftLogWorker for RaftStorageImpl:Storage Directory /github/workspace/mnt/ozone/hadoop-ozone/integration-test/target/test-dir/MiniOzoneClusterImpl-12ebc720-05ee-4469-9130-5183c7181a17/datanode-7/data/ratis/09d919f2-ad4d-4df9-9a40-a803d50beb2f
2021-03-15 13:35:44,135 [pool-152-thread-1] INFO  server.RaftServerConfigKeys (ConfUtils.java:logGet(44)) - raft.server.log.queue.byte-limit = 2147483647 (custom)
2021-03-15 13:35:44,135 [pool-152-thread-1] INFO  server.RaftServerConfigKeys (ConfUtils.java:logGet(44)) - raft.server.log.queue.element-limit = 1024 (custom)
2021-03-15 13:35:44,135 [pool-152-thread-1] INFO  server.RaftServerConfigKeys (ConfUtils.java:logGet(44)) - raft.server.log.segment.size.max = 1048576 (custom)
2021-03-15 13:35:44,135 [pool-152-thread-1] INFO  server.RaftServerConfigKeys (ConfUtils.java:logGet(44)) - raft.server.log.preallocated.size = 16384 (custom)
2021-03-15 13:35:44,135 [pool-152-thread-1] INFO  server.RaftServerConfigKeys (ConfUtils.java:logGet(44)) - raft.server.log.force.sync.num = 128 (default)
2021-03-15 13:35:44,135 [pool-152-thread-1] INFO  server.RaftServerConfigKeys (ConfUtils.java:logGet(44)) - raft.server.log.statemachine.data.sync = true (default)
2021-03-15 13:35:44,135 [pool-152-thread-1] INFO  server.RaftServerConfigKeys (ConfUtils.java:logGet(44)) - raft.server.log.statemachine.data.sync.timeout = 10s (default)
2021-03-15 13:35:44,135 [pool-152-thread-1] INFO  server.RaftServerConfigKeys (ConfUtils.java:logGet(44)) - raft.server.log.statemachine.data.sync.timeout.retry = -1 (default)
2021-03-15 13:35:44,137 [pool-152-thread-1] INFO  server.RaftServerConfigKeys (ConfUtils.java:logGet(44)) - raft.server.log.write.buffer.size = 1048576 (custom)
2021-03-15 13:35:44,137 [pool-152-thread-1] INFO  server.RaftServerConfigKeys (ConfUtils.java:logGet(44)) - raft.server.log.statemachine.data.caching.enabled = true (custom)
2021-03-15 13:35:44,137 [pool-152-thread-1] INFO  segmented.SegmentedRaftLogWorker (SegmentedRaftLogWorker.java:lambda$new$0(132)) - cbb45d95-806f-4aa6-a8d4-3f48f4f3d8f4@group-A803D50BEB2F-SegmentedRaftLogWorker: flushIndex: setUnconditionally 0 -> -1
2021-03-15 13:35:44,137 [pool-152-thread-1] INFO  segmented.SegmentedRaftLogWorker (SegmentedRaftLogWorker.java:lambda$new$0(132)) - cbb45d95-806f-4aa6-a8d4-3f48f4f3d8f4@group-A803D50BEB2F-SegmentedRaftLogWorker: safeCacheEvictIndex: setUnconditionally 0 -> -1
2021-03-15 13:35:44,132 [pool-120-thread-1] INFO  server.RaftServerConfigKeys (ConfUtils.java:logGet(44)) - raft.server.log.segment.cache.num.max = 2 (custom)
2021-03-15 13:35:44,138 [pool-120-thread-1] INFO  server.RaftServerConfigKeys (ConfUtils.java:logGet(44)) - raft.server.log.segment.cache.size.max = 200MB (=209715200) (default)
2021-03-15 13:35:44,138 [pool-120-thread-1] INFO  segmented.SegmentedRaftLogWorker (SegmentedRaftLogWorker.java:<init>(181)) - new 275eefd6-a602-4773-a0ea-a3b6f7cdc32e@group-156EE707F88F-SegmentedRaftLogWorker for RaftStorageImpl:Storage Directory /github/workspace/mnt/ozone/hadoop-ozone/integration-test/target/test-dir/MiniOzoneClusterImpl-12ebc720-05ee-4469-9130-5183c7181a17/datanode-5/data/ratis/c4d052ff-d404-4ff1-8872-156ee707f88f
2021-03-15 13:35:44,138 [pool-120-thread-1] INFO  server.RaftServerConfigKeys (ConfUtils.java:logGet(44)) - raft.server.log.queue.byte-limit = 2147483647 (custom)
2021-03-15 13:35:44,138 [pool-120-thread-1] INFO  server.RaftServerConfigKeys (ConfUtils.java:logGet(44)) - raft.server.log.queue.element-limit = 1024 (custom)
2021-03-15 13:35:44,138 [pool-120-thread-1] INFO  server.RaftServerConfigKeys (ConfUtils.java:logGet(44)) - raft.server.log.segment.size.max = 1048576 (custom)
2021-03-15 13:35:44,138 [pool-120-thread-1] INFO  server.RaftServerConfigKeys (ConfUtils.java:logGet(44)) - raft.server.log.preallocated.size = 16384 (custom)
2021-03-15 13:35:44,138 [pool-120-thread-1] INFO  server.RaftServerConfigKeys (ConfUtils.java:logGet(44)) - raft.server.log.force.sync.num = 128 (default)
2021-03-15 13:35:44,138 [pool-120-thread-1] INFO  server.RaftServerConfigKeys (ConfUtils.java:logGet(44)) - raft.server.log.statemachine.data.sync = true (default)
2021-03-15 13:35:44,138 [pool-120-thread-1] INFO  server.RaftServerConfigKeys (ConfUtils.java:logGet(44)) - raft.server.log.statemachine.data.sync.timeout = 10s (default)
2021-03-15 13:35:44,138 [pool-120-thread-1] INFO  server.RaftServerConfigKeys (ConfUtils.java:logGet(44)) - raft.server.log.statemachine.data.sync.timeout.retry = -1 (default)
2021-03-15 13:35:44,132 [pool-135-thread-1] INFO  server.RaftServerConfigKeys (ConfUtils.java:logGet(44)) - raft.server.log.segment.cache.num.max = 2 (custom)
2021-03-15 13:35:44,138 [pool-135-thread-1] INFO  server.RaftServerConfigKeys (ConfUtils.java:logGet(44)) - raft.server.log.segment.cache.size.max = 200MB (=209715200) (default)
2021-03-15 13:35:44,139 [pool-135-thread-1] INFO  segmented.SegmentedRaftLogWorker (SegmentedRaftLogWorker.java:<init>(181)) - new 91c1ad6d-8d99-4a41-8a32-9427c133f69b@group-9DDF8F118B76-SegmentedRaftLogWorker for RaftStorageImpl:Storage Directory /github/workspace/mnt/ozone/hadoop-ozone/integration-test/target/test-dir/MiniOzoneClusterImpl-12ebc720-05ee-4469-9130-5183c7181a17/datanode-6/data/ratis/e458a918-cf05-4f7a-b963-9ddf8f118b76
2021-03-15 13:35:44,139 [pool-135-thread-1] INFO  server.RaftServerConfigKeys (ConfUtils.java:logGet(44)) - raft.server.log.queue.byte-limit = 2147483647 (custom)
2021-03-15 13:35:44,139 [pool-135-thread-1] INFO  server.RaftServerConfigKeys (ConfUtils.java:logGet(44)) - raft.server.log.queue.element-limit = 1024 (custom)
2021-03-15 13:35:44,139 [pool-135-thread-1] INFO  server.RaftServerConfigKeys (ConfUtils.java:logGet(44)) - raft.server.log.segment.size.max = 1048576 (custom)
2021-03-15 13:35:44,139 [pool-135-thread-1] INFO  server.RaftServerConfigKeys (ConfUtils.java:logGet(44)) - raft.server.log.preallocated.size = 16384 (custom)
2021-03-15 13:35:44,139 [pool-135-thread-1] INFO  server.RaftServerConfigKeys (ConfUtils.java:logGet(44)) - raft.server.log.force.sync.num = 128 (default)
2021-03-15 13:35:44,139 [pool-135-thread-1] INFO  server.RaftServerConfigKeys (ConfUtils.java:logGet(44)) - raft.server.log.statemachine.data.sync = true (default)
2021-03-15 13:35:44,139 [pool-135-thread-1] INFO  server.RaftServerConfigKeys (ConfUtils.java:logGet(44)) - raft.server.log.statemachine.data.sync.timeout = 10s (default)
2021-03-15 13:35:44,139 [pool-135-thread-1] INFO  server.RaftServerConfigKeys (ConfUtils.java:logGet(44)) - raft.server.log.statemachine.data.sync.timeout.retry = -1 (default)
2021-03-15 13:35:44,129 [pool-168-thread-1] INFO  server.RaftServerConfigKeys (ConfUtils.java:logGet(44)) - raft.server.log.segment.cache.num.max = 2 (custom)
2021-03-15 13:35:44,139 [pool-168-thread-1] INFO  server.RaftServerConfigKeys (ConfUtils.java:logGet(44)) - raft.server.log.segment.cache.size.max = 200MB (=209715200) (default)
2021-03-15 13:35:44,139 [pool-168-thread-1] INFO  segmented.SegmentedRaftLogWorker (SegmentedRaftLogWorker.java:<init>(181)) - new 8d28b06d-ee05-40ab-87ae-857598c7fa3f@group-710A16325287-SegmentedRaftLogWorker for RaftStorageImpl:Storage Directory /github/workspace/mnt/ozone/hadoop-ozone/integration-test/target/test-dir/MiniOzoneClusterImpl-12ebc720-05ee-4469-9130-5183c7181a17/datanode-8/data/ratis/d0341783-c42b-4795-80e3-710a16325287
2021-03-15 13:35:44,139 [pool-168-thread-1] INFO  server.RaftServerConfigKeys (ConfUtils.java:logGet(44)) - raft.server.log.queue.byte-limit = 2147483647 (custom)
2021-03-15 13:35:44,139 [pool-168-thread-1] INFO  server.RaftServerConfigKeys (ConfUtils.java:logGet(44)) - raft.server.log.queue.element-limit = 1024 (custom)
2021-03-15 13:35:44,140 [pool-168-thread-1] INFO  server.RaftServerConfigKeys (ConfUtils.java:logGet(44)) - raft.server.log.segment.size.max = 1048576 (custom)
2021-03-15 13:35:44,140 [pool-168-thread-1] INFO  server.RaftServerConfigKeys (ConfUtils.java:logGet(44)) - raft.server.log.preallocated.size = 16384 (custom)
2021-03-15 13:35:44,140 [pool-168-thread-1] INFO  server.RaftServerConfigKeys (ConfUtils.java:logGet(44)) - raft.server.log.force.sync.num = 128 (default)
2021-03-15 13:35:44,140 [pool-168-thread-1] INFO  server.RaftServerConfigKeys (ConfUtils.java:logGet(44)) - raft.server.log.statemachine.data.sync = true (default)
2021-03-15 13:35:44,140 [pool-168-thread-1] INFO  server.RaftServerConfigKeys (ConfUtils.java:logGet(44)) - raft.server.log.statemachine.data.sync.timeout = 10s (default)
2021-03-15 13:35:44,140 [pool-168-thread-1] INFO  server.RaftServerConfigKeys (ConfUtils.java:logGet(44)) - raft.server.log.statemachine.data.sync.timeout.retry = -1 (default)
2021-03-15 13:35:44,126 [pool-104-thread-1] INFO  server.RaftServerConfigKeys (ConfUtils.java:logGet(44)) - raft.server.log.queue.byte-limit = 2147483647 (custom)
2021-03-15 13:35:44,140 [pool-104-thread-1] INFO  server.RaftServerConfigKeys (ConfUtils.java:logGet(44)) - raft.server.log.queue.element-limit = 1024 (custom)
2021-03-15 13:35:44,140 [pool-104-thread-1] INFO  server.RaftServerConfigKeys (ConfUtils.java:logGet(44)) - raft.server.log.segment.size.max = 1048576 (custom)
2021-03-15 13:35:44,140 [pool-104-thread-1] INFO  server.RaftServerConfigKeys (ConfUtils.java:logGet(44)) - raft.server.log.preallocated.size = 16384 (custom)
2021-03-15 13:35:44,140 [pool-104-thread-1] INFO  server.RaftServerConfigKeys (ConfUtils.java:logGet(44)) - raft.server.log.force.sync.num = 128 (default)
2021-03-15 13:35:44,140 [pool-104-thread-1] INFO  server.RaftServerConfigKeys (ConfUtils.java:logGet(44)) - raft.server.log.statemachine.data.sync = true (default)
2021-03-15 13:35:44,140 [pool-104-thread-1] INFO  server.RaftServerConfigKeys (ConfUtils.java:logGet(44)) - raft.server.log.statemachine.data.sync.timeout = 10s (default)
2021-03-15 13:35:44,141 [pool-104-thread-1] INFO  server.RaftServerConfigKeys (ConfUtils.java:logGet(44)) - raft.server.log.statemachine.data.sync.timeout.retry = -1 (default)
2021-03-15 13:35:44,141 [pool-152-thread-1] INFO  server.RaftServerConfigKeys (ConfUtils.java:logGet(44)) - raft.server.snapshot.auto.trigger.enabled = true (custom)
2021-03-15 13:35:44,141 [pool-152-thread-1] INFO  server.RaftServerConfigKeys (ConfUtils.java:logGet(44)) - raft.server.snapshot.auto.trigger.threshold = 1 (custom)
2021-03-15 13:35:44,141 [pool-152-thread-1] INFO  server.RaftServerConfigKeys (ConfUtils.java:logGet(44)) - raft.server.snapshot.retention.file.num = 5 (custom)
2021-03-15 13:35:44,141 [pool-152-thread-1] INFO  server.RaftServerConfigKeys (ConfUtils.java:logGet(44)) - raft.server.log.purge.upto.snapshot.index = false (default)
2021-03-15 13:35:44,141 [pool-152-thread-1] INFO  server.RaftServerConfigKeys (ConfUtils.java:logGet(44)) - raft.server.retrycache.expirytime = 600000ms (custom)
2021-03-15 13:35:44,141 [pool-152-thread-1] INFO  server.RaftServerConfigKeys (ConfUtils.java:logGet(44)) - raft.server.retrycache.statistics.expirytime = 100?s (default)
2021-03-15 13:35:44,141 [pool-152-thread-1] INFO  metrics.RatisMetrics (RatisMetrics.java:lambda$create$0(36)) - Creating Metrics Registry : ratis.leader_election.cbb45d95-806f-4aa6-a8d4-3f48f4f3d8f4@group-A803D50BEB2F
2021-03-15 13:35:44,142 [pool-152-thread-1] INFO  metrics.RatisMetrics (RatisMetrics.java:lambda$create$0(36)) - Creating Metrics Registry : ratis.server.cbb45d95-806f-4aa6-a8d4-3f48f4f3d8f4@group-A803D50BEB2F
2021-03-15 13:35:44,143 [pool-152-thread-1] INFO  server.RaftServer$Division (RaftServerImpl.java:start(295)) - cbb45d95-806f-4aa6-a8d4-3f48f4f3d8f4@group-A803D50BEB2F: start as a follower, conf=-1: [cbb45d95-806f-4aa6-a8d4-3f48f4f3d8f4|rpc:172.17.0.2:36727|priority:1], old=null
2021-03-15 13:35:44,143 [pool-152-thread-1] INFO  server.RaftServer$Division (RaftServerImpl.java:setRole(284)) - cbb45d95-806f-4aa6-a8d4-3f48f4f3d8f4@group-A803D50BEB2F: changes role from      null to FOLLOWER at term 0 for startAsFollower
2021-03-15 13:35:44,143 [pool-152-thread-1] INFO  impl.RoleInfo (RoleInfo.java:updateAndGet(130)) - cbb45d95-806f-4aa6-a8d4-3f48f4f3d8f4: start cbb45d95-806f-4aa6-a8d4-3f48f4f3d8f4@group-A803D50BEB2F-FollowerState
2021-03-15 13:35:44,144 [pool-152-thread-1] INFO  util.JmxRegister (JmxRegister.java:tryRegister(44)) - Successfully registered JMX Bean with object name Ratis:service=RaftServer,group=group-A803D50BEB2F,id=cbb45d95-806f-4aa6-a8d4-3f48f4f3d8f4
2021-03-15 13:35:44,144 [pool-152-thread-1] INFO  metrics.RatisMetrics (RatisMetrics.java:lambda$create$0(36)) - Creating Metrics Registry : ratis.state_machine.cbb45d95-806f-4aa6-a8d4-3f48f4f3d8f4@group-A803D50BEB2F
2021-03-15 13:35:44,145 [Command processor thread] INFO  commandhandler.CreatePipelineCommandHandler (CreatePipelineCommandHandler.java:handle(106)) - Created Pipeline RATIS ONE PipelineID=09d919f2-ad4d-4df9-9a40-a803d50beb2f.
2021-03-15 13:35:44,145 [Command processor thread] INFO  server.RaftServer (RaftServerProxy.java:addNew(95)) - cbb45d95-806f-4aa6-a8d4-3f48f4f3d8f4: addNew group-984857F48B05:[91c1ad6d-8d99-4a41-8a32-9427c133f69b|rpc:172.17.0.2:42395|priority:0, cbb45d95-806f-4aa6-a8d4-3f48f4f3d8f4|rpc:172.17.0.2:36727|priority:1, 8d28b06d-ee05-40ab-87ae-857598c7fa3f|rpc:172.17.0.2:38475|priority:0] returns group-984857F48B05:java.util.concurrent.CompletableFuture@5b247eb8[Not completed]
2021-03-15 13:35:44,146 [pool-152-thread-1] INFO  server.RaftServer$Division (RaftServerImpl.java:<init>(180)) - cbb45d95-806f-4aa6-a8d4-3f48f4f3d8f4: new RaftServerImpl for group-984857F48B05:[91c1ad6d-8d99-4a41-8a32-9427c133f69b|rpc:172.17.0.2:42395|priority:0, cbb45d95-806f-4aa6-a8d4-3f48f4f3d8f4|rpc:172.17.0.2:36727|priority:1, 8d28b06d-ee05-40ab-87ae-857598c7fa3f|rpc:172.17.0.2:38475|priority:0] with ContainerStateMachine:uninitialized
2021-03-15 13:35:44,146 [pool-152-thread-1] INFO  server.RaftServerConfigKeys (ConfUtils.java:logGet(44)) - raft.server.rpc.timeout.min = 5s (custom)
2021-03-15 13:35:44,146 [pool-152-thread-1] INFO  server.RaftServerConfigKeys (ConfUtils.java:logGet(44)) - raft.server.rpc.timeout.max = 5200ms (custom)
2021-03-15 13:35:44,146 [pool-152-thread-1] INFO  server.RaftServerConfigKeys (ConfUtils.java:logGet(44)) - raft.server.rpc.sleep.time = 25ms (default)
2021-03-15 13:35:44,146 [pool-152-thread-1] INFO  server.RaftServerConfigKeys (ConfUtils.java:logGet(44)) - raft.server.rpc.slowness.timeout = 300000ms (custom)
2021-03-15 13:35:44,146 [pool-152-thread-1] INFO  server.RaftServerConfigKeys (ConfUtils.java:logGet(44)) - raft.server.leaderelection.leader.step-down.wait-time = 10s (default)
2021-03-15 13:35:44,146 [pool-152-thread-1] INFO  server.RaftServerConfigKeys (ConfUtils.java:logGet(44)) - raft.server.sleep.deviation.threshold = 300ms (default)
2021-03-15 13:35:44,147 [pool-152-thread-1] INFO  server.RaftServerConfigKeys (ConfUtils.java:logGet(44)) - raft.server.log.appender.install.snapshot.enabled = false (custom)
2021-03-15 13:35:44,147 [pool-152-thread-1] INFO  server.RaftServer$Division (ServerState.java:<init>(105)) - cbb45d95-806f-4aa6-a8d4-3f48f4f3d8f4@group-984857F48B05: ConfigurationManager, init=-1: [91c1ad6d-8d99-4a41-8a32-9427c133f69b|rpc:172.17.0.2:42395|priority:0, cbb45d95-806f-4aa6-a8d4-3f48f4f3d8f4|rpc:172.17.0.2:36727|priority:1, 8d28b06d-ee05-40ab-87ae-857598c7fa3f|rpc:172.17.0.2:38475|priority:0], old=null, confs=<EMPTY_MAP>
2021-03-15 13:35:44,147 [pool-152-thread-1] INFO  server.RaftServerConfigKeys (ConfUtils.java:logGet(44)) - raft.server.storage.dir = [/github/workspace/mnt/ozone/hadoop-ozone/integration-test/target/test-dir/MiniOzoneClusterImpl-12ebc720-05ee-4469-9130-5183c7181a17/datanode-7/data/ratis] (custom)
2021-03-15 13:35:44,147 [pool-152-thread-1] INFO  server.RaftServerConfigKeys (ConfUtils.java:logGet(44)) - raft.server.log.corruption.policy = EXCEPTION (default)
2021-03-15 13:35:44,147 [pool-152-thread-1] INFO  storage.RaftStorageDirectory (RaftStorageDirectoryImpl.java:analyzeStorage(132)) - The storage directory /github/workspace/mnt/ozone/hadoop-ozone/integration-test/target/test-dir/MiniOzoneClusterImpl-12ebc720-05ee-4469-9130-5183c7181a17/datanode-7/data/ratis/55541119-2898-47c0-aa16-984857f48b05 does not exist. Creating ...
2021-03-15 13:35:44,149 [pool-152-thread-1] INFO  storage.RaftStorageDirectory (RaftStorageDirectoryImpl.java:tryLock(215)) - Lock on /github/workspace/mnt/ozone/hadoop-ozone/integration-test/target/test-dir/MiniOzoneClusterImpl-12ebc720-05ee-4469-9130-5183c7181a17/datanode-7/data/ratis/55541119-2898-47c0-aa16-984857f48b05/in_use.lock acquired by nodename 27773@287f2862ff4e
2021-03-15 13:35:44,149 [pool-168-thread-1] INFO  server.RaftServerConfigKeys (ConfUtils.java:logGet(44)) - raft.server.log.write.buffer.size = 1048576 (custom)
2021-03-15 13:35:44,150 [pool-168-thread-1] INFO  server.RaftServerConfigKeys (ConfUtils.java:logGet(44)) - raft.server.log.statemachine.data.caching.enabled = true (custom)
2021-03-15 13:35:44,150 [pool-168-thread-1] INFO  segmented.SegmentedRaftLogWorker (SegmentedRaftLogWorker.java:lambda$new$0(132)) - 8d28b06d-ee05-40ab-87ae-857598c7fa3f@group-710A16325287-SegmentedRaftLogWorker: flushIndex: setUnconditionally 0 -> -1
2021-03-15 13:35:44,151 [pool-152-thread-1] INFO  storage.RaftStorage (RaftStorageImpl.java:format(87)) - Storage directory /github/workspace/mnt/ozone/hadoop-ozone/integration-test/target/test-dir/MiniOzoneClusterImpl-12ebc720-05ee-4469-9130-5183c7181a17/datanode-7/data/ratis/55541119-2898-47c0-aa16-984857f48b05 has been successfully formatted.
2021-03-15 13:35:44,151 [pool-152-thread-1] INFO  ratis.ContainerStateMachine (ContainerStateMachine.java:loadSnapshot(223)) - group-984857F48B05: The snapshot info is null. Setting the last applied indexto:(t:0, i:~)
2021-03-15 13:35:44,151 [pool-152-thread-1] ERROR storage.RaftStorage (RaftStorageImpl.java:readRaftConfiguration(147)) - Failed reading configuration from file:/github/workspace/mnt/ozone/hadoop-ozone/integration-test/target/test-dir/MiniOzoneClusterImpl-12ebc720-05ee-4469-9130-5183c7181a17/datanode-7/data/ratis/55541119-2898-47c0-aa16-984857f48b05/current/raft-meta.conf
java.io.FileNotFoundException: /github/workspace/mnt/ozone/hadoop-ozone/integration-test/target/test-dir/MiniOzoneClusterImpl-12ebc720-05ee-4469-9130-5183c7181a17/datanode-7/data/ratis/55541119-2898-47c0-aa16-984857f48b05/current/raft-meta.conf (No such file or directory)
	at java.io.FileInputStream.open0(Native Method)
	at java.io.FileInputStream.open(FileInputStream.java:195)
	at java.io.FileInputStream.<init>(FileInputStream.java:138)
	at org.apache.ratis.server.storage.RaftStorageImpl.readRaftConfiguration(RaftStorageImpl.java:143)
	at org.apache.ratis.server.impl.ServerState.<init>(ServerState.java:122)
	at org.apache.ratis.server.impl.RaftServerImpl.<init>(RaftServerImpl.java:193)
	at org.apache.ratis.server.impl.RaftServerProxy.lambda$newRaftServerImpl$4(RaftServerProxy.java:266)
	at java.util.concurrent.CompletableFuture$AsyncSupply.run(CompletableFuture.java:1604)
	at java.util.concurrent.ThreadPoolExecutor.runWorker(ThreadPoolExecutor.java:1149)
	at java.util.concurrent.ThreadPoolExecutor$Worker.run(ThreadPoolExecutor.java:624)
	at java.lang.Thread.run(Thread.java:748)
2021-03-15 13:35:44,151 [pool-152-thread-1] INFO  server.RaftServerConfigKeys (ConfUtils.java:logGet(44)) - raft.server.notification.no-leader.timeout = 300000ms (custom)
2021-03-15 13:35:44,152 [pool-152-thread-1] INFO  server.RaftServerConfigKeys (ConfUtils.java:logGet(44)) - raft.server.log.use.memory = false (default)
2021-03-15 13:35:44,152 [pool-152-thread-1] INFO  server.RaftServerConfigKeys (ConfUtils.java:logGet(44)) - raft.server.log.purge.gap = 1000000 (custom)
2021-03-15 13:35:44,152 [pool-152-thread-1] INFO  server.RaftServerConfigKeys (ConfUtils.java:logGet(44)) - raft.server.log.appender.buffer.byte-limit = 33554432 (custom)
2021-03-15 13:35:44,152 [pool-152-thread-1] INFO  metrics.RatisMetrics (RatisMetrics.java:lambda$create$0(36)) - Creating Metrics Registry : ratis.log_worker.cbb45d95-806f-4aa6-a8d4-3f48f4f3d8f4@group-984857F48B05
2021-03-15 13:35:44,153 [pool-152-thread-1] INFO  server.RaftServerConfigKeys (ConfUtils.java:logGet(44)) - raft.server.log.segment.size.max = 1048576 (custom)
2021-03-15 13:35:44,153 [pool-120-thread-1] INFO  server.RaftServerConfigKeys (ConfUtils.java:logGet(44)) - raft.server.log.write.buffer.size = 1048576 (custom)
2021-03-15 13:35:44,154 [pool-152-thread-1] INFO  server.RaftServerConfigKeys (ConfUtils.java:logGet(44)) - raft.server.log.segment.cache.num.max = 2 (custom)
2021-03-15 13:35:44,154 [pool-152-thread-1] INFO  server.RaftServerConfigKeys (ConfUtils.java:logGet(44)) - raft.server.log.segment.cache.size.max = 200MB (=209715200) (default)
2021-03-15 13:35:44,154 [pool-152-thread-1] INFO  segmented.SegmentedRaftLogWorker (SegmentedRaftLogWorker.java:<init>(181)) - new cbb45d95-806f-4aa6-a8d4-3f48f4f3d8f4@group-984857F48B05-SegmentedRaftLogWorker for RaftStorageImpl:Storage Directory /github/workspace/mnt/ozone/hadoop-ozone/integration-test/target/test-dir/MiniOzoneClusterImpl-12ebc720-05ee-4469-9130-5183c7181a17/datanode-7/data/ratis/55541119-2898-47c0-aa16-984857f48b05
2021-03-15 13:35:44,154 [pool-152-thread-1] INFO  server.RaftServerConfigKeys (ConfUtils.java:logGet(44)) - raft.server.log.queue.byte-limit = 2147483647 (custom)
2021-03-15 13:35:44,154 [pool-152-thread-1] INFO  server.RaftServerConfigKeys (ConfUtils.java:logGet(44)) - raft.server.log.queue.element-limit = 1024 (custom)
2021-03-15 13:35:44,154 [pool-152-thread-1] INFO  server.RaftServerConfigKeys (ConfUtils.java:logGet(44)) - raft.server.log.segment.size.max = 1048576 (custom)
2021-03-15 13:35:44,155 [pool-152-thread-1] INFO  server.RaftServerConfigKeys (ConfUtils.java:logGet(44)) - raft.server.log.preallocated.size = 16384 (custom)
2021-03-15 13:35:44,155 [pool-152-thread-1] INFO  server.RaftServerConfigKeys (ConfUtils.java:logGet(44)) - raft.server.log.force.sync.num = 128 (default)
2021-03-15 13:35:44,155 [pool-152-thread-1] INFO  server.RaftServerConfigKeys (ConfUtils.java:logGet(44)) - raft.server.log.statemachine.data.sync = true (default)
2021-03-15 13:35:44,155 [pool-152-thread-1] INFO  server.RaftServerConfigKeys (ConfUtils.java:logGet(44)) - raft.server.log.statemachine.data.sync.timeout = 10s (default)
2021-03-15 13:35:44,155 [pool-104-thread-1] INFO  server.RaftServerConfigKeys (ConfUtils.java:logGet(44)) - raft.server.log.write.buffer.size = 1048576 (custom)
2021-03-15 13:35:44,156 [pool-104-thread-1] INFO  server.RaftServerConfigKeys (ConfUtils.java:logGet(44)) - raft.server.log.statemachine.data.caching.enabled = true (custom)
2021-03-15 13:35:44,156 [pool-104-thread-1] INFO  segmented.SegmentedRaftLogWorker (SegmentedRaftLogWorker.java:lambda$new$0(132)) - 2479fe59-7b65-4ff2-bce5-1a4041a1f829@group-257D9B27DB90-SegmentedRaftLogWorker: flushIndex: setUnconditionally 0 -> -1
2021-03-15 13:35:44,156 [pool-104-thread-1] INFO  segmented.SegmentedRaftLogWorker (SegmentedRaftLogWorker.java:lambda$new$0(132)) - 2479fe59-7b65-4ff2-bce5-1a4041a1f829@group-257D9B27DB90-SegmentedRaftLogWorker: safeCacheEvictIndex: setUnconditionally 0 -> -1
2021-03-15 13:35:44,151 [pool-168-thread-1] INFO  segmented.SegmentedRaftLogWorker (SegmentedRaftLogWorker.java:lambda$new$0(132)) - 8d28b06d-ee05-40ab-87ae-857598c7fa3f@group-710A16325287-SegmentedRaftLogWorker: safeCacheEvictIndex: setUnconditionally 0 -> -1
2021-03-15 13:35:44,155 [pool-152-thread-1] INFO  server.RaftServerConfigKeys (ConfUtils.java:logGet(44)) - raft.server.log.statemachine.data.sync.timeout.retry = -1 (default)
2021-03-15 13:35:44,155 [EventQueue-OpenPipelineForHealthyPipelineSafeModeRule] INFO  safemode.SCMSafeModeManager (HealthyPipelineSafeModeRule.java:process(128)) - SCM in safe mode. Healthy pipelines reported count is 0, required healthy pipeline reported count is 1
2021-03-15 13:35:44,155 [EventQueue-PipelineReportForOneReplicaPipelineSafeModeRule] INFO  safemode.SCMSafeModeManager (SCMSafeModeManager.java:validateSafeModeExitRules(214)) - AtleastOneDatanodeReportedRule rule is successfully validated
2021-03-15 13:35:44,154 [pool-120-thread-1] INFO  server.RaftServerConfigKeys (ConfUtils.java:logGet(44)) - raft.server.log.statemachine.data.caching.enabled = true (custom)
2021-03-15 13:35:44,157 [pool-120-thread-1] INFO  segmented.SegmentedRaftLogWorker (SegmentedRaftLogWorker.java:lambda$new$0(132)) - 275eefd6-a602-4773-a0ea-a3b6f7cdc32e@group-156EE707F88F-SegmentedRaftLogWorker: flushIndex: setUnconditionally 0 -> -1
2021-03-15 13:35:44,157 [pool-120-thread-1] INFO  segmented.SegmentedRaftLogWorker (SegmentedRaftLogWorker.java:lambda$new$0(132)) - 275eefd6-a602-4773-a0ea-a3b6f7cdc32e@group-156EE707F88F-SegmentedRaftLogWorker: safeCacheEvictIndex: setUnconditionally 0 -> -1
2021-03-15 13:35:44,152 [pool-135-thread-1] INFO  server.RaftServerConfigKeys (ConfUtils.java:logGet(44)) - raft.server.log.write.buffer.size = 1048576 (custom)
2021-03-15 13:35:44,158 [pool-135-thread-1] INFO  server.RaftServerConfigKeys (ConfUtils.java:logGet(44)) - raft.server.log.statemachine.data.caching.enabled = true (custom)
2021-03-15 13:35:44,158 [pool-135-thread-1] INFO  segmented.SegmentedRaftLogWorker (SegmentedRaftLogWorker.java:lambda$new$0(132)) - 91c1ad6d-8d99-4a41-8a32-9427c133f69b@group-9DDF8F118B76-SegmentedRaftLogWorker: flushIndex: setUnconditionally 0 -> -1
2021-03-15 13:35:44,158 [pool-135-thread-1] INFO  segmented.SegmentedRaftLogWorker (SegmentedRaftLogWorker.java:lambda$new$0(132)) - 91c1ad6d-8d99-4a41-8a32-9427c133f69b@group-9DDF8F118B76-SegmentedRaftLogWorker: safeCacheEvictIndex: setUnconditionally 0 -> -1
2021-03-15 13:35:44,161 [pool-104-thread-1] INFO  server.RaftServerConfigKeys (ConfUtils.java:logGet(44)) - raft.server.snapshot.auto.trigger.enabled = true (custom)
2021-03-15 13:35:44,161 [pool-104-thread-1] INFO  server.RaftServerConfigKeys (ConfUtils.java:logGet(44)) - raft.server.snapshot.auto.trigger.threshold = 1 (custom)
2021-03-15 13:35:44,161 [pool-104-thread-1] INFO  server.RaftServerConfigKeys (ConfUtils.java:logGet(44)) - raft.server.snapshot.retention.file.num = 5 (custom)
2021-03-15 13:35:44,161 [pool-104-thread-1] INFO  server.RaftServerConfigKeys (ConfUtils.java:logGet(44)) - raft.server.log.purge.upto.snapshot.index = false (default)
2021-03-15 13:35:44,161 [pool-135-thread-1] INFO  server.RaftServerConfigKeys (ConfUtils.java:logGet(44)) - raft.server.snapshot.auto.trigger.enabled = true (custom)
2021-03-15 13:35:44,161 [pool-135-thread-1] INFO  server.RaftServerConfigKeys (ConfUtils.java:logGet(44)) - raft.server.snapshot.auto.trigger.threshold = 1 (custom)
2021-03-15 13:35:44,161 [pool-135-thread-1] INFO  server.RaftServerConfigKeys (ConfUtils.java:logGet(44)) - raft.server.snapshot.retention.file.num = 5 (custom)
2021-03-15 13:35:44,162 [pool-135-thread-1] INFO  server.RaftServerConfigKeys (ConfUtils.java:logGet(44)) - raft.server.log.purge.upto.snapshot.index = false (default)
2021-03-15 13:35:44,162 [pool-135-thread-1] INFO  server.RaftServerConfigKeys (ConfUtils.java:logGet(44)) - raft.server.retrycache.expirytime = 600000ms (custom)
2021-03-15 13:35:44,162 [pool-135-thread-1] INFO  server.RaftServerConfigKeys (ConfUtils.java:logGet(44)) - raft.server.retrycache.statistics.expirytime = 100?s (default)
2021-03-15 13:35:44,162 [pool-135-thread-1] INFO  metrics.RatisMetrics (RatisMetrics.java:lambda$create$0(36)) - Creating Metrics Registry : ratis.leader_election.91c1ad6d-8d99-4a41-8a32-9427c133f69b@group-9DDF8F118B76
2021-03-15 13:35:44,162 [pool-135-thread-1] INFO  metrics.RatisMetrics (RatisMetrics.java:lambda$create$0(36)) - Creating Metrics Registry : ratis.server.91c1ad6d-8d99-4a41-8a32-9427c133f69b@group-9DDF8F118B76
2021-03-15 13:35:44,163 [pool-135-thread-1] INFO  server.RaftServer$Division (RaftServerImpl.java:start(295)) - 91c1ad6d-8d99-4a41-8a32-9427c133f69b@group-9DDF8F118B76: start as a follower, conf=-1: [91c1ad6d-8d99-4a41-8a32-9427c133f69b|rpc:172.17.0.2:42395|priority:1], old=null
2021-03-15 13:35:44,163 [pool-135-thread-1] INFO  server.RaftServer$Division (RaftServerImpl.java:setRole(284)) - 91c1ad6d-8d99-4a41-8a32-9427c133f69b@group-9DDF8F118B76: changes role from      null to FOLLOWER at term 0 for startAsFollower
2021-03-15 13:35:44,164 [pool-135-thread-1] INFO  impl.RoleInfo (RoleInfo.java:updateAndGet(130)) - 91c1ad6d-8d99-4a41-8a32-9427c133f69b: start 91c1ad6d-8d99-4a41-8a32-9427c133f69b@group-9DDF8F118B76-FollowerState
2021-03-15 13:35:44,164 [pool-135-thread-1] INFO  util.JmxRegister (JmxRegister.java:tryRegister(44)) - Successfully registered JMX Bean with object name Ratis:service=RaftServer,group=group-9DDF8F118B76,id=91c1ad6d-8d99-4a41-8a32-9427c133f69b
2021-03-15 13:35:44,164 [pool-135-thread-1] INFO  metrics.RatisMetrics (RatisMetrics.java:lambda$create$0(36)) - Creating Metrics Registry : ratis.state_machine.91c1ad6d-8d99-4a41-8a32-9427c133f69b@group-9DDF8F118B76
2021-03-15 13:35:44,165 [Command processor thread] INFO  commandhandler.CreatePipelineCommandHandler (CreatePipelineCommandHandler.java:handle(106)) - Created Pipeline RATIS ONE PipelineID=e458a918-cf05-4f7a-b963-9ddf8f118b76.
2021-03-15 13:35:44,166 [Command processor thread] INFO  server.RaftServer (RaftServerProxy.java:addNew(95)) - 91c1ad6d-8d99-4a41-8a32-9427c133f69b: addNew group-984857F48B05:[91c1ad6d-8d99-4a41-8a32-9427c133f69b|rpc:172.17.0.2:42395|priority:0, cbb45d95-806f-4aa6-a8d4-3f48f4f3d8f4|rpc:172.17.0.2:36727|priority:1, 8d28b06d-ee05-40ab-87ae-857598c7fa3f|rpc:172.17.0.2:38475|priority:0] returns group-984857F48B05:java.util.concurrent.CompletableFuture@15c86ffb[Not completed]
2021-03-15 13:35:44,167 [pool-135-thread-1] INFO  server.RaftServer$Division (RaftServerImpl.java:<init>(180)) - 91c1ad6d-8d99-4a41-8a32-9427c133f69b: new RaftServerImpl for group-984857F48B05:[91c1ad6d-8d99-4a41-8a32-9427c133f69b|rpc:172.17.0.2:42395|priority:0, cbb45d95-806f-4aa6-a8d4-3f48f4f3d8f4|rpc:172.17.0.2:36727|priority:1, 8d28b06d-ee05-40ab-87ae-857598c7fa3f|rpc:172.17.0.2:38475|priority:0] with ContainerStateMachine:uninitialized
2021-03-15 13:35:44,167 [pool-135-thread-1] INFO  server.RaftServerConfigKeys (ConfUtils.java:logGet(44)) - raft.server.rpc.timeout.min = 5s (custom)
2021-03-15 13:35:44,167 [pool-135-thread-1] INFO  server.RaftServerConfigKeys (ConfUtils.java:logGet(44)) - raft.server.rpc.timeout.max = 5200ms (custom)
2021-03-15 13:35:44,167 [pool-135-thread-1] INFO  server.RaftServerConfigKeys (ConfUtils.java:logGet(44)) - raft.server.rpc.sleep.time = 25ms (default)
2021-03-15 13:35:44,167 [pool-135-thread-1] INFO  server.RaftServerConfigKeys (ConfUtils.java:logGet(44)) - raft.server.rpc.slowness.timeout = 300000ms (custom)
2021-03-15 13:35:44,167 [pool-135-thread-1] INFO  server.RaftServerConfigKeys (ConfUtils.java:logGet(44)) - raft.server.leaderelection.leader.step-down.wait-time = 10s (default)
2021-03-15 13:35:44,167 [pool-135-thread-1] INFO  server.RaftServerConfigKeys (ConfUtils.java:logGet(44)) - raft.server.sleep.deviation.threshold = 300ms (default)
2021-03-15 13:35:44,167 [pool-135-thread-1] INFO  server.RaftServerConfigKeys (ConfUtils.java:logGet(44)) - raft.server.log.appender.install.snapshot.enabled = false (custom)
2021-03-15 13:35:44,167 [pool-135-thread-1] INFO  server.RaftServer$Division (ServerState.java:<init>(105)) - 91c1ad6d-8d99-4a41-8a32-9427c133f69b@group-984857F48B05: ConfigurationManager, init=-1: [91c1ad6d-8d99-4a41-8a32-9427c133f69b|rpc:172.17.0.2:42395|priority:0, cbb45d95-806f-4aa6-a8d4-3f48f4f3d8f4|rpc:172.17.0.2:36727|priority:1, 8d28b06d-ee05-40ab-87ae-857598c7fa3f|rpc:172.17.0.2:38475|priority:0], old=null, confs=<EMPTY_MAP>
2021-03-15 13:35:44,168 [pool-135-thread-1] INFO  server.RaftServerConfigKeys (ConfUtils.java:logGet(44)) - raft.server.storage.dir = [/github/workspace/mnt/ozone/hadoop-ozone/integration-test/target/test-dir/MiniOzoneClusterImpl-12ebc720-05ee-4469-9130-5183c7181a17/datanode-6/data/ratis] (custom)
2021-03-15 13:35:44,168 [pool-135-thread-1] INFO  server.RaftServerConfigKeys (ConfUtils.java:logGet(44)) - raft.server.log.corruption.policy = EXCEPTION (default)
2021-03-15 13:35:44,168 [pool-135-thread-1] INFO  storage.RaftStorageDirectory (RaftStorageDirectoryImpl.java:analyzeStorage(132)) - The storage directory /github/workspace/mnt/ozone/hadoop-ozone/integration-test/target/test-dir/MiniOzoneClusterImpl-12ebc720-05ee-4469-9130-5183c7181a17/datanode-6/data/ratis/55541119-2898-47c0-aa16-984857f48b05 does not exist. Creating ...
2021-03-15 13:35:44,169 [pool-120-thread-1] INFO  server.RaftServerConfigKeys (ConfUtils.java:logGet(44)) - raft.server.snapshot.auto.trigger.enabled = true (custom)
2021-03-15 13:35:44,169 [pool-120-thread-1] INFO  server.RaftServerConfigKeys (ConfUtils.java:logGet(44)) - raft.server.snapshot.auto.trigger.threshold = 1 (custom)
2021-03-15 13:35:44,169 [pool-120-thread-1] INFO  server.RaftServerConfigKeys (ConfUtils.java:logGet(44)) - raft.server.snapshot.retention.file.num = 5 (custom)
2021-03-15 13:35:44,169 [pool-120-thread-1] INFO  server.RaftServerConfigKeys (ConfUtils.java:logGet(44)) - raft.server.log.purge.upto.snapshot.index = false (default)
2021-03-15 13:35:44,169 [pool-120-thread-1] INFO  server.RaftServerConfigKeys (ConfUtils.java:logGet(44)) - raft.server.retrycache.expirytime = 600000ms (custom)
2021-03-15 13:35:44,169 [pool-120-thread-1] INFO  server.RaftServerConfigKeys (ConfUtils.java:logGet(44)) - raft.server.retrycache.statistics.expirytime = 100?s (default)
2021-03-15 13:35:44,169 [pool-120-thread-1] INFO  metrics.RatisMetrics (RatisMetrics.java:lambda$create$0(36)) - Creating Metrics Registry : ratis.leader_election.275eefd6-a602-4773-a0ea-a3b6f7cdc32e@group-156EE707F88F
2021-03-15 13:35:44,170 [pool-120-thread-1] INFO  metrics.RatisMetrics (RatisMetrics.java:lambda$create$0(36)) - Creating Metrics Registry : ratis.server.275eefd6-a602-4773-a0ea-a3b6f7cdc32e@group-156EE707F88F
2021-03-15 13:35:44,172 [pool-135-thread-1] INFO  storage.RaftStorageDirectory (RaftStorageDirectoryImpl.java:tryLock(215)) - Lock on /github/workspace/mnt/ozone/hadoop-ozone/integration-test/target/test-dir/MiniOzoneClusterImpl-12ebc720-05ee-4469-9130-5183c7181a17/datanode-6/data/ratis/55541119-2898-47c0-aa16-984857f48b05/in_use.lock acquired by nodename 27773@287f2862ff4e
2021-03-15 13:35:44,173 [pool-152-thread-1] INFO  server.RaftServerConfigKeys (ConfUtils.java:logGet(44)) - raft.server.log.write.buffer.size = 1048576 (custom)
2021-03-15 13:35:44,173 [pool-152-thread-1] INFO  server.RaftServerConfigKeys (ConfUtils.java:logGet(44)) - raft.server.log.statemachine.data.caching.enabled = true (custom)
2021-03-15 13:35:44,173 [pool-120-thread-1] INFO  server.RaftServer$Division (RaftServerImpl.java:start(295)) - 275eefd6-a602-4773-a0ea-a3b6f7cdc32e@group-156EE707F88F: start as a follower, conf=-1: [275eefd6-a602-4773-a0ea-a3b6f7cdc32e|rpc:172.17.0.2:44945|priority:1], old=null
2021-03-15 13:35:44,173 [pool-120-thread-1] INFO  server.RaftServer$Division (RaftServerImpl.java:setRole(284)) - 275eefd6-a602-4773-a0ea-a3b6f7cdc32e@group-156EE707F88F: changes role from      null to FOLLOWER at term 0 for startAsFollower
2021-03-15 13:35:44,174 [pool-152-thread-1] INFO  segmented.SegmentedRaftLogWorker (SegmentedRaftLogWorker.java:lambda$new$0(132)) - cbb45d95-806f-4aa6-a8d4-3f48f4f3d8f4@group-984857F48B05-SegmentedRaftLogWorker: flushIndex: setUnconditionally 0 -> -1
2021-03-15 13:35:44,174 [pool-152-thread-1] INFO  segmented.SegmentedRaftLogWorker (SegmentedRaftLogWorker.java:lambda$new$0(132)) - cbb45d95-806f-4aa6-a8d4-3f48f4f3d8f4@group-984857F48B05-SegmentedRaftLogWorker: safeCacheEvictIndex: setUnconditionally 0 -> -1
2021-03-15 13:35:44,174 [pool-135-thread-1] INFO  storage.RaftStorage (RaftStorageImpl.java:format(87)) - Storage directory /github/workspace/mnt/ozone/hadoop-ozone/integration-test/target/test-dir/MiniOzoneClusterImpl-12ebc720-05ee-4469-9130-5183c7181a17/datanode-6/data/ratis/55541119-2898-47c0-aa16-984857f48b05 has been successfully formatted.
2021-03-15 13:35:44,177 [pool-135-thread-1] INFO  ratis.ContainerStateMachine (ContainerStateMachine.java:loadSnapshot(223)) - group-984857F48B05: The snapshot info is null. Setting the last applied indexto:(t:0, i:~)
2021-03-15 13:35:44,177 [pool-168-thread-1] INFO  server.RaftServerConfigKeys (ConfUtils.java:logGet(44)) - raft.server.snapshot.auto.trigger.enabled = true (custom)
2021-03-15 13:35:44,177 [pool-135-thread-1] ERROR storage.RaftStorage (RaftStorageImpl.java:readRaftConfiguration(147)) - Failed reading configuration from file:/github/workspace/mnt/ozone/hadoop-ozone/integration-test/target/test-dir/MiniOzoneClusterImpl-12ebc720-05ee-4469-9130-5183c7181a17/datanode-6/data/ratis/55541119-2898-47c0-aa16-984857f48b05/current/raft-meta.conf
java.io.FileNotFoundException: /github/workspace/mnt/ozone/hadoop-ozone/integration-test/target/test-dir/MiniOzoneClusterImpl-12ebc720-05ee-4469-9130-5183c7181a17/datanode-6/data/ratis/55541119-2898-47c0-aa16-984857f48b05/current/raft-meta.conf (No such file or directory)
	at java.io.FileInputStream.open0(Native Method)
	at java.io.FileInputStream.open(FileInputStream.java:195)
	at java.io.FileInputStream.<init>(FileInputStream.java:138)
	at org.apache.ratis.server.storage.RaftStorageImpl.readRaftConfiguration(RaftStorageImpl.java:143)
	at org.apache.ratis.server.impl.ServerState.<init>(ServerState.java:122)
	at org.apache.ratis.server.impl.RaftServerImpl.<init>(RaftServerImpl.java:193)
	at org.apache.ratis.server.impl.RaftServerProxy.lambda$newRaftServerImpl$4(RaftServerProxy.java:266)
	at java.util.concurrent.CompletableFuture$AsyncSupply.run(CompletableFuture.java:1604)
	at java.util.concurrent.ThreadPoolExecutor.runWorker(ThreadPoolExecutor.java:1149)
	at java.util.concurrent.ThreadPoolExecutor$Worker.run(ThreadPoolExecutor.java:624)
	at java.lang.Thread.run(Thread.java:748)
2021-03-15 13:35:44,189 [pool-135-thread-1] INFO  server.RaftServerConfigKeys (ConfUtils.java:logGet(44)) - raft.server.notification.no-leader.timeout = 300000ms (custom)
2021-03-15 13:35:44,189 [pool-135-thread-1] INFO  server.RaftServerConfigKeys (ConfUtils.java:logGet(44)) - raft.server.log.use.memory = false (default)
2021-03-15 13:35:44,189 [pool-135-thread-1] INFO  server.RaftServerConfigKeys (ConfUtils.java:logGet(44)) - raft.server.log.purge.gap = 1000000 (custom)
2021-03-15 13:35:44,189 [pool-135-thread-1] INFO  server.RaftServerConfigKeys (ConfUtils.java:logGet(44)) - raft.server.log.appender.buffer.byte-limit = 33554432 (custom)
2021-03-15 13:35:44,189 [pool-135-thread-1] INFO  metrics.RatisMetrics (RatisMetrics.java:lambda$create$0(36)) - Creating Metrics Registry : ratis.log_worker.91c1ad6d-8d99-4a41-8a32-9427c133f69b@group-984857F48B05
2021-03-15 13:35:44,190 [pool-135-thread-1] INFO  server.RaftServerConfigKeys (ConfUtils.java:logGet(44)) - raft.server.log.segment.size.max = 1048576 (custom)
2021-03-15 13:35:44,192 [pool-135-thread-1] INFO  server.RaftServerConfigKeys (ConfUtils.java:logGet(44)) - raft.server.log.segment.cache.num.max = 2 (custom)
2021-03-15 13:35:44,187 [pool-104-thread-1] INFO  server.RaftServerConfigKeys (ConfUtils.java:logGet(44)) - raft.server.retrycache.expirytime = 600000ms (custom)
2021-03-15 13:35:44,195 [pool-104-thread-1] INFO  server.RaftServerConfigKeys (ConfUtils.java:logGet(44)) - raft.server.retrycache.statistics.expirytime = 100?s (default)
2021-03-15 13:35:44,195 [pool-104-thread-1] INFO  metrics.RatisMetrics (RatisMetrics.java:lambda$create$0(36)) - Creating Metrics Registry : ratis.leader_election.2479fe59-7b65-4ff2-bce5-1a4041a1f829@group-257D9B27DB90
2021-03-15 13:35:44,196 [pool-104-thread-1] INFO  metrics.RatisMetrics (RatisMetrics.java:lambda$create$0(36)) - Creating Metrics Registry : ratis.server.2479fe59-7b65-4ff2-bce5-1a4041a1f829@group-257D9B27DB90
2021-03-15 13:35:44,197 [pool-104-thread-1] INFO  server.RaftServer$Division (RaftServerImpl.java:start(295)) - 2479fe59-7b65-4ff2-bce5-1a4041a1f829@group-44737836DD86: start as a follower, conf=-1: [275eefd6-a602-4773-a0ea-a3b6f7cdc32e|rpc:172.17.0.2:44945|dataStream:|priority:1, 7ad4b354-5524-4bbe-8c06-278e17beb4ab|rpc:172.17.0.2:36095|dataStream:|priority:0, 2479fe59-7b65-4ff2-bce5-1a4041a1f829|rpc:172.17.0.2:46445|dataStream:|priority:0], old=null
2021-03-15 13:35:44,197 [pool-104-thread-1] INFO  server.RaftServer$Division (RaftServerImpl.java:setRole(284)) - 2479fe59-7b65-4ff2-bce5-1a4041a1f829@group-44737836DD86: changes role from      null to FOLLOWER at term 0 for startAsFollower
2021-03-15 13:35:44,197 [pool-104-thread-1] INFO  impl.RoleInfo (RoleInfo.java:updateAndGet(130)) - 2479fe59-7b65-4ff2-bce5-1a4041a1f829: start 2479fe59-7b65-4ff2-bce5-1a4041a1f829@group-44737836DD86-FollowerState
2021-03-15 13:35:44,186 [pool-120-thread-1] INFO  impl.RoleInfo (RoleInfo.java:updateAndGet(130)) - 275eefd6-a602-4773-a0ea-a3b6f7cdc32e: start 275eefd6-a602-4773-a0ea-a3b6f7cdc32e@group-156EE707F88F-FollowerState
2021-03-15 13:35:44,186 [pool-152-thread-1] INFO  server.RaftServerConfigKeys (ConfUtils.java:logGet(44)) - raft.server.snapshot.auto.trigger.enabled = true (custom)
2021-03-15 13:35:44,197 [pool-152-thread-1] INFO  server.RaftServerConfigKeys (ConfUtils.java:logGet(44)) - raft.server.snapshot.auto.trigger.threshold = 1 (custom)
2021-03-15 13:35:44,197 [pool-152-thread-1] INFO  server.RaftServerConfigKeys (ConfUtils.java:logGet(44)) - raft.server.snapshot.retention.file.num = 5 (custom)
2021-03-15 13:35:44,198 [pool-152-thread-1] INFO  server.RaftServerConfigKeys (ConfUtils.java:logGet(44)) - raft.server.log.purge.upto.snapshot.index = false (default)
2021-03-15 13:35:44,177 [pool-168-thread-1] INFO  server.RaftServerConfigKeys (ConfUtils.java:logGet(44)) - raft.server.snapshot.auto.trigger.threshold = 1 (custom)
2021-03-15 13:35:44,198 [pool-168-thread-1] INFO  server.RaftServerConfigKeys (ConfUtils.java:logGet(44)) - raft.server.snapshot.retention.file.num = 5 (custom)
2021-03-15 13:35:44,198 [pool-168-thread-1] INFO  server.RaftServerConfigKeys (ConfUtils.java:logGet(44)) - raft.server.log.purge.upto.snapshot.index = false (default)
2021-03-15 13:35:44,195 [pool-135-thread-1] INFO  server.RaftServerConfigKeys (ConfUtils.java:logGet(44)) - raft.server.log.segment.cache.size.max = 200MB (=209715200) (default)
2021-03-15 13:35:44,193 [EventQueue-PipelineReportForOneReplicaPipelineSafeModeRule] INFO  safemode.SCMSafeModeManager (SCMSafeModeManager.java:validateSafeModeExitRules(214)) - AtleastOneDatanodeReportedRule rule is successfully validated
2021-03-15 13:35:44,192 [EventQueue-OpenPipelineForHealthyPipelineSafeModeRule] INFO  safemode.SCMSafeModeManager (HealthyPipelineSafeModeRule.java:process(128)) - SCM in safe mode. Healthy pipelines reported count is 0, required healthy pipeline reported count is 1
2021-03-15 13:35:44,198 [pool-135-thread-1] INFO  segmented.SegmentedRaftLogWorker (SegmentedRaftLogWorker.java:<init>(181)) - new 91c1ad6d-8d99-4a41-8a32-9427c133f69b@group-984857F48B05-SegmentedRaftLogWorker for RaftStorageImpl:Storage Directory /github/workspace/mnt/ozone/hadoop-ozone/integration-test/target/test-dir/MiniOzoneClusterImpl-12ebc720-05ee-4469-9130-5183c7181a17/datanode-6/data/ratis/55541119-2898-47c0-aa16-984857f48b05
2021-03-15 13:35:44,198 [pool-135-thread-1] INFO  server.RaftServerConfigKeys (ConfUtils.java:logGet(44)) - raft.server.log.queue.byte-limit = 2147483647 (custom)
2021-03-15 13:35:44,198 [pool-135-thread-1] INFO  server.RaftServerConfigKeys (ConfUtils.java:logGet(44)) - raft.server.log.queue.element-limit = 1024 (custom)
2021-03-15 13:35:44,199 [pool-135-thread-1] INFO  server.RaftServerConfigKeys (ConfUtils.java:logGet(44)) - raft.server.log.segment.size.max = 1048576 (custom)
2021-03-15 13:35:44,199 [pool-135-thread-1] INFO  server.RaftServerConfigKeys (ConfUtils.java:logGet(44)) - raft.server.log.preallocated.size = 16384 (custom)
2021-03-15 13:35:44,199 [pool-135-thread-1] INFO  server.RaftServerConfigKeys (ConfUtils.java:logGet(44)) - raft.server.log.force.sync.num = 128 (default)
2021-03-15 13:35:44,199 [pool-135-thread-1] INFO  server.RaftServerConfigKeys (ConfUtils.java:logGet(44)) - raft.server.log.statemachine.data.sync = true (default)
2021-03-15 13:35:44,199 [pool-135-thread-1] INFO  server.RaftServerConfigKeys (ConfUtils.java:logGet(44)) - raft.server.log.statemachine.data.sync.timeout = 10s (default)
2021-03-15 13:35:44,199 [pool-135-thread-1] INFO  server.RaftServerConfigKeys (ConfUtils.java:logGet(44)) - raft.server.log.statemachine.data.sync.timeout.retry = -1 (default)
2021-03-15 13:35:44,200 [pool-168-thread-1] INFO  server.RaftServerConfigKeys (ConfUtils.java:logGet(44)) - raft.server.retrycache.expirytime = 600000ms (custom)
2021-03-15 13:35:44,200 [pool-168-thread-1] INFO  server.RaftServerConfigKeys (ConfUtils.java:logGet(44)) - raft.server.retrycache.statistics.expirytime = 100?s (default)
2021-03-15 13:35:44,200 [pool-104-thread-1] INFO  util.JmxRegister (JmxRegister.java:tryRegister(44)) - Successfully registered JMX Bean with object name Ratis:service=RaftServer,group=group-44737836DD86,id=2479fe59-7b65-4ff2-bce5-1a4041a1f829
2021-03-15 13:35:44,200 [pool-104-thread-1] INFO  metrics.RatisMetrics (RatisMetrics.java:lambda$create$0(36)) - Creating Metrics Registry : ratis.state_machine.2479fe59-7b65-4ff2-bce5-1a4041a1f829@group-44737836DD86
2021-03-15 13:35:44,200 [pool-168-thread-1] INFO  metrics.RatisMetrics (RatisMetrics.java:lambda$create$0(36)) - Creating Metrics Registry : ratis.leader_election.8d28b06d-ee05-40ab-87ae-857598c7fa3f@group-710A16325287
2021-03-15 13:35:44,200 [pool-152-thread-1] INFO  server.RaftServerConfigKeys (ConfUtils.java:logGet(44)) - raft.server.retrycache.expirytime = 600000ms (custom)
2021-03-15 13:35:44,201 [pool-152-thread-1] INFO  server.RaftServerConfigKeys (ConfUtils.java:logGet(44)) - raft.server.retrycache.statistics.expirytime = 100?s (default)
2021-03-15 13:35:44,201 [pool-152-thread-1] INFO  metrics.RatisMetrics (RatisMetrics.java:lambda$create$0(36)) - Creating Metrics Registry : ratis.leader_election.cbb45d95-806f-4aa6-a8d4-3f48f4f3d8f4@group-984857F48B05
2021-03-15 13:35:44,205 [pool-120-thread-1] INFO  util.JmxRegister (JmxRegister.java:tryRegister(44)) - Successfully registered JMX Bean with object name Ratis:service=RaftServer,group=group-156EE707F88F,id=275eefd6-a602-4773-a0ea-a3b6f7cdc32e
2021-03-15 13:35:44,205 [pool-120-thread-1] INFO  metrics.RatisMetrics (RatisMetrics.java:lambda$create$0(36)) - Creating Metrics Registry : ratis.state_machine.275eefd6-a602-4773-a0ea-a3b6f7cdc32e@group-156EE707F88F
2021-03-15 13:35:44,207 [pool-168-thread-1] INFO  metrics.RatisMetrics (RatisMetrics.java:lambda$create$0(36)) - Creating Metrics Registry : ratis.server.8d28b06d-ee05-40ab-87ae-857598c7fa3f@group-710A16325287
2021-03-15 13:35:44,208 [pool-152-thread-1] INFO  metrics.RatisMetrics (RatisMetrics.java:lambda$create$0(36)) - Creating Metrics Registry : ratis.server.cbb45d95-806f-4aa6-a8d4-3f48f4f3d8f4@group-984857F48B05
2021-03-15 13:35:44,212 [pool-135-thread-1] INFO  server.RaftServerConfigKeys (ConfUtils.java:logGet(44)) - raft.server.log.write.buffer.size = 1048576 (custom)
2021-03-15 13:35:44,213 [pool-135-thread-1] INFO  server.RaftServerConfigKeys (ConfUtils.java:logGet(44)) - raft.server.log.statemachine.data.caching.enabled = true (custom)
2021-03-15 13:35:44,214 [pool-135-thread-1] INFO  segmented.SegmentedRaftLogWorker (SegmentedRaftLogWorker.java:lambda$new$0(132)) - 91c1ad6d-8d99-4a41-8a32-9427c133f69b@group-984857F48B05-SegmentedRaftLogWorker: flushIndex: setUnconditionally 0 -> -1
2021-03-15 13:35:44,214 [pool-135-thread-1] INFO  segmented.SegmentedRaftLogWorker (SegmentedRaftLogWorker.java:lambda$new$0(132)) - 91c1ad6d-8d99-4a41-8a32-9427c133f69b@group-984857F48B05-SegmentedRaftLogWorker: safeCacheEvictIndex: setUnconditionally 0 -> -1
2021-03-15 13:35:44,214 [pool-152-thread-1] INFO  server.RaftServer$Division (RaftServerImpl.java:start(295)) - cbb45d95-806f-4aa6-a8d4-3f48f4f3d8f4@group-984857F48B05: start as a follower, conf=-1: [91c1ad6d-8d99-4a41-8a32-9427c133f69b|rpc:172.17.0.2:42395|priority:0, cbb45d95-806f-4aa6-a8d4-3f48f4f3d8f4|rpc:172.17.0.2:36727|priority:1, 8d28b06d-ee05-40ab-87ae-857598c7fa3f|rpc:172.17.0.2:38475|priority:0], old=null
2021-03-15 13:35:44,214 [pool-152-thread-1] INFO  server.RaftServer$Division (RaftServerImpl.java:setRole(284)) - cbb45d95-806f-4aa6-a8d4-3f48f4f3d8f4@group-984857F48B05: changes role from      null to FOLLOWER at term 0 for startAsFollower
2021-03-15 13:35:44,213 [pool-168-thread-1] INFO  server.RaftServer$Division (RaftServerImpl.java:start(295)) - 8d28b06d-ee05-40ab-87ae-857598c7fa3f@group-710A16325287: start as a follower, conf=-1: [8d28b06d-ee05-40ab-87ae-857598c7fa3f|rpc:172.17.0.2:38475|priority:1], old=null
2021-03-15 13:35:44,214 [pool-168-thread-1] INFO  server.RaftServer$Division (RaftServerImpl.java:setRole(284)) - 8d28b06d-ee05-40ab-87ae-857598c7fa3f@group-710A16325287: changes role from      null to FOLLOWER at term 0 for startAsFollower
2021-03-15 13:35:44,217 [pool-104-thread-1] INFO  server.RaftServer$Division (RaftServerImpl.java:start(295)) - 2479fe59-7b65-4ff2-bce5-1a4041a1f829@group-257D9B27DB90: start as a follower, conf=-1: [2479fe59-7b65-4ff2-bce5-1a4041a1f829|rpc:172.17.0.2:46445|priority:1], old=null
2021-03-15 13:35:44,217 [pool-168-thread-1] INFO  impl.RoleInfo (RoleInfo.java:updateAndGet(130)) - 8d28b06d-ee05-40ab-87ae-857598c7fa3f: start 8d28b06d-ee05-40ab-87ae-857598c7fa3f@group-710A16325287-FollowerState
2021-03-15 13:35:44,217 [pool-152-thread-1] INFO  impl.RoleInfo (RoleInfo.java:updateAndGet(130)) - cbb45d95-806f-4aa6-a8d4-3f48f4f3d8f4: start cbb45d95-806f-4aa6-a8d4-3f48f4f3d8f4@group-984857F48B05-FollowerState
2021-03-15 13:35:44,217 [pool-104-thread-1] INFO  server.RaftServer$Division (RaftServerImpl.java:setRole(284)) - 2479fe59-7b65-4ff2-bce5-1a4041a1f829@group-257D9B27DB90: changes role from      null to FOLLOWER at term 0 for startAsFollower
2021-03-15 13:35:44,218 [pool-168-thread-1] INFO  util.JmxRegister (JmxRegister.java:tryRegister(44)) - Successfully registered JMX Bean with object name Ratis:service=RaftServer,group=group-710A16325287,id=8d28b06d-ee05-40ab-87ae-857598c7fa3f
2021-03-15 13:35:44,218 [pool-168-thread-1] INFO  metrics.RatisMetrics (RatisMetrics.java:lambda$create$0(36)) - Creating Metrics Registry : ratis.state_machine.8d28b06d-ee05-40ab-87ae-857598c7fa3f@group-710A16325287
2021-03-15 13:35:44,219 [Command processor thread] INFO  commandhandler.CreatePipelineCommandHandler (CreatePipelineCommandHandler.java:handle(106)) - Created Pipeline RATIS ONE PipelineID=d0341783-c42b-4795-80e3-710a16325287.
2021-03-15 13:35:44,219 [Command processor thread] INFO  server.RaftServer (RaftServerProxy.java:addNew(95)) - 8d28b06d-ee05-40ab-87ae-857598c7fa3f: addNew group-984857F48B05:[91c1ad6d-8d99-4a41-8a32-9427c133f69b|rpc:172.17.0.2:42395|priority:0, cbb45d95-806f-4aa6-a8d4-3f48f4f3d8f4|rpc:172.17.0.2:36727|priority:1, 8d28b06d-ee05-40ab-87ae-857598c7fa3f|rpc:172.17.0.2:38475|priority:0] returns group-984857F48B05:java.util.concurrent.CompletableFuture@431787ff[Not completed]
2021-03-15 13:35:44,220 [pool-168-thread-1] INFO  server.RaftServer$Division (RaftServerImpl.java:<init>(180)) - 8d28b06d-ee05-40ab-87ae-857598c7fa3f: new RaftServerImpl for group-984857F48B05:[91c1ad6d-8d99-4a41-8a32-9427c133f69b|rpc:172.17.0.2:42395|priority:0, cbb45d95-806f-4aa6-a8d4-3f48f4f3d8f4|rpc:172.17.0.2:36727|priority:1, 8d28b06d-ee05-40ab-87ae-857598c7fa3f|rpc:172.17.0.2:38475|priority:0] with ContainerStateMachine:uninitialized
2021-03-15 13:35:44,220 [pool-168-thread-1] INFO  server.RaftServerConfigKeys (ConfUtils.java:logGet(44)) - raft.server.rpc.timeout.min = 5s (custom)
2021-03-15 13:35:44,220 [pool-168-thread-1] INFO  server.RaftServerConfigKeys (ConfUtils.java:logGet(44)) - raft.server.rpc.timeout.max = 5200ms (custom)
2021-03-15 13:35:44,220 [pool-168-thread-1] INFO  server.RaftServerConfigKeys (ConfUtils.java:logGet(44)) - raft.server.rpc.sleep.time = 25ms (default)
2021-03-15 13:35:44,220 [pool-168-thread-1] INFO  server.RaftServerConfigKeys (ConfUtils.java:logGet(44)) - raft.server.rpc.slowness.timeout = 300000ms (custom)
2021-03-15 13:35:44,220 [pool-168-thread-1] INFO  server.RaftServerConfigKeys (ConfUtils.java:logGet(44)) - raft.server.leaderelection.leader.step-down.wait-time = 10s (default)
2021-03-15 13:35:44,221 [pool-168-thread-1] INFO  server.RaftServerConfigKeys (ConfUtils.java:logGet(44)) - raft.server.sleep.deviation.threshold = 300ms (default)
2021-03-15 13:35:44,221 [pool-168-thread-1] INFO  server.RaftServerConfigKeys (ConfUtils.java:logGet(44)) - raft.server.log.appender.install.snapshot.enabled = false (custom)
2021-03-15 13:35:44,221 [pool-168-thread-1] INFO  server.RaftServer$Division (ServerState.java:<init>(105)) - 8d28b06d-ee05-40ab-87ae-857598c7fa3f@group-984857F48B05: ConfigurationManager, init=-1: [91c1ad6d-8d99-4a41-8a32-9427c133f69b|rpc:172.17.0.2:42395|priority:0, cbb45d95-806f-4aa6-a8d4-3f48f4f3d8f4|rpc:172.17.0.2:36727|priority:1, 8d28b06d-ee05-40ab-87ae-857598c7fa3f|rpc:172.17.0.2:38475|priority:0], old=null, confs=<EMPTY_MAP>
2021-03-15 13:35:44,221 [pool-168-thread-1] INFO  server.RaftServerConfigKeys (ConfUtils.java:logGet(44)) - raft.server.storage.dir = [/github/workspace/mnt/ozone/hadoop-ozone/integration-test/target/test-dir/MiniOzoneClusterImpl-12ebc720-05ee-4469-9130-5183c7181a17/datanode-8/data/ratis] (custom)
2021-03-15 13:35:44,221 [pool-168-thread-1] INFO  server.RaftServerConfigKeys (ConfUtils.java:logGet(44)) - raft.server.log.corruption.policy = EXCEPTION (default)
2021-03-15 13:35:44,221 [pool-168-thread-1] INFO  storage.RaftStorageDirectory (RaftStorageDirectoryImpl.java:analyzeStorage(132)) - The storage directory /github/workspace/mnt/ozone/hadoop-ozone/integration-test/target/test-dir/MiniOzoneClusterImpl-12ebc720-05ee-4469-9130-5183c7181a17/datanode-8/data/ratis/55541119-2898-47c0-aa16-984857f48b05 does not exist. Creating ...
2021-03-15 13:35:44,222 [pool-135-thread-1] INFO  server.RaftServerConfigKeys (ConfUtils.java:logGet(44)) - raft.server.snapshot.auto.trigger.enabled = true (custom)
2021-03-15 13:35:44,222 [pool-135-thread-1] INFO  server.RaftServerConfigKeys (ConfUtils.java:logGet(44)) - raft.server.snapshot.auto.trigger.threshold = 1 (custom)
2021-03-15 13:35:44,222 [pool-135-thread-1] INFO  server.RaftServerConfigKeys (ConfUtils.java:logGet(44)) - raft.server.snapshot.retention.file.num = 5 (custom)
2021-03-15 13:35:44,222 [pool-135-thread-1] INFO  server.RaftServerConfigKeys (ConfUtils.java:logGet(44)) - raft.server.log.purge.upto.snapshot.index = false (default)
2021-03-15 13:35:44,222 [pool-135-thread-1] INFO  server.RaftServerConfigKeys (ConfUtils.java:logGet(44)) - raft.server.retrycache.expirytime = 600000ms (custom)
2021-03-15 13:35:44,223 [pool-135-thread-1] INFO  server.RaftServerConfigKeys (ConfUtils.java:logGet(44)) - raft.server.retrycache.statistics.expirytime = 100?s (default)
2021-03-15 13:35:44,223 [pool-135-thread-1] INFO  metrics.RatisMetrics (RatisMetrics.java:lambda$create$0(36)) - Creating Metrics Registry : ratis.leader_election.91c1ad6d-8d99-4a41-8a32-9427c133f69b@group-984857F48B05
2021-03-15 13:35:44,223 [pool-135-thread-1] INFO  metrics.RatisMetrics (RatisMetrics.java:lambda$create$0(36)) - Creating Metrics Registry : ratis.server.91c1ad6d-8d99-4a41-8a32-9427c133f69b@group-984857F48B05
2021-03-15 13:35:44,224 [pool-168-thread-1] INFO  storage.RaftStorageDirectory (RaftStorageDirectoryImpl.java:tryLock(215)) - Lock on /github/workspace/mnt/ozone/hadoop-ozone/integration-test/target/test-dir/MiniOzoneClusterImpl-12ebc720-05ee-4469-9130-5183c7181a17/datanode-8/data/ratis/55541119-2898-47c0-aa16-984857f48b05/in_use.lock acquired by nodename 27773@287f2862ff4e
2021-03-15 13:35:44,224 [pool-135-thread-1] INFO  server.RaftServer$Division (RaftServerImpl.java:start(295)) - 91c1ad6d-8d99-4a41-8a32-9427c133f69b@group-984857F48B05: start as a follower, conf=-1: [91c1ad6d-8d99-4a41-8a32-9427c133f69b|rpc:172.17.0.2:42395|priority:0, cbb45d95-806f-4aa6-a8d4-3f48f4f3d8f4|rpc:172.17.0.2:36727|priority:1, 8d28b06d-ee05-40ab-87ae-857598c7fa3f|rpc:172.17.0.2:38475|priority:0], old=null
2021-03-15 13:35:44,225 [pool-135-thread-1] INFO  server.RaftServer$Division (RaftServerImpl.java:setRole(284)) - 91c1ad6d-8d99-4a41-8a32-9427c133f69b@group-984857F48B05: changes role from      null to FOLLOWER at term 0 for startAsFollower
2021-03-15 13:35:44,225 [pool-168-thread-1] INFO  storage.RaftStorage (RaftStorageImpl.java:format(87)) - Storage directory /github/workspace/mnt/ozone/hadoop-ozone/integration-test/target/test-dir/MiniOzoneClusterImpl-12ebc720-05ee-4469-9130-5183c7181a17/datanode-8/data/ratis/55541119-2898-47c0-aa16-984857f48b05 has been successfully formatted.
2021-03-15 13:35:44,228 [pool-168-thread-1] INFO  ratis.ContainerStateMachine (ContainerStateMachine.java:loadSnapshot(223)) - group-984857F48B05: The snapshot info is null. Setting the last applied indexto:(t:0, i:~)
2021-03-15 13:35:44,229 [pool-168-thread-1] ERROR storage.RaftStorage (RaftStorageImpl.java:readRaftConfiguration(147)) - Failed reading configuration from file:/github/workspace/mnt/ozone/hadoop-ozone/integration-test/target/test-dir/MiniOzoneClusterImpl-12ebc720-05ee-4469-9130-5183c7181a17/datanode-8/data/ratis/55541119-2898-47c0-aa16-984857f48b05/current/raft-meta.conf
java.io.FileNotFoundException: /github/workspace/mnt/ozone/hadoop-ozone/integration-test/target/test-dir/MiniOzoneClusterImpl-12ebc720-05ee-4469-9130-5183c7181a17/datanode-8/data/ratis/55541119-2898-47c0-aa16-984857f48b05/current/raft-meta.conf (No such file or directory)
	at java.io.FileInputStream.open0(Native Method)
	at java.io.FileInputStream.open(FileInputStream.java:195)
	at java.io.FileInputStream.<init>(FileInputStream.java:138)
	at org.apache.ratis.server.storage.RaftStorageImpl.readRaftConfiguration(RaftStorageImpl.java:143)
	at org.apache.ratis.server.impl.ServerState.<init>(ServerState.java:122)
	at org.apache.ratis.server.impl.RaftServerImpl.<init>(RaftServerImpl.java:193)
	at org.apache.ratis.server.impl.RaftServerProxy.lambda$newRaftServerImpl$4(RaftServerProxy.java:266)
	at java.util.concurrent.CompletableFuture$AsyncSupply.run(CompletableFuture.java:1604)
	at java.util.concurrent.ThreadPoolExecutor.runWorker(ThreadPoolExecutor.java:1149)
	at java.util.concurrent.ThreadPoolExecutor$Worker.run(ThreadPoolExecutor.java:624)
	at java.lang.Thread.run(Thread.java:748)
2021-03-15 13:35:44,229 [pool-168-thread-1] INFO  server.RaftServerConfigKeys (ConfUtils.java:logGet(44)) - raft.server.notification.no-leader.timeout = 300000ms (custom)
2021-03-15 13:35:44,229 [pool-168-thread-1] INFO  server.RaftServerConfigKeys (ConfUtils.java:logGet(44)) - raft.server.log.use.memory = false (default)
2021-03-15 13:35:44,229 [pool-168-thread-1] INFO  server.RaftServerConfigKeys (ConfUtils.java:logGet(44)) - raft.server.log.purge.gap = 1000000 (custom)
2021-03-15 13:35:44,229 [pool-168-thread-1] INFO  server.RaftServerConfigKeys (ConfUtils.java:logGet(44)) - raft.server.log.appender.buffer.byte-limit = 33554432 (custom)
2021-03-15 13:35:44,229 [pool-168-thread-1] INFO  metrics.RatisMetrics (RatisMetrics.java:lambda$create$0(36)) - Creating Metrics Registry : ratis.log_worker.8d28b06d-ee05-40ab-87ae-857598c7fa3f@group-984857F48B05
2021-03-15 13:35:44,230 [pool-168-thread-1] INFO  server.RaftServerConfigKeys (ConfUtils.java:logGet(44)) - raft.server.log.segment.size.max = 1048576 (custom)
2021-03-15 13:35:44,230 [pool-168-thread-1] INFO  server.RaftServerConfigKeys (ConfUtils.java:logGet(44)) - raft.server.log.segment.cache.num.max = 2 (custom)
2021-03-15 13:35:44,230 [pool-168-thread-1] INFO  server.RaftServerConfigKeys (ConfUtils.java:logGet(44)) - raft.server.log.segment.cache.size.max = 200MB (=209715200) (default)
2021-03-15 13:35:44,230 [pool-168-thread-1] INFO  segmented.SegmentedRaftLogWorker (SegmentedRaftLogWorker.java:<init>(181)) - new 8d28b06d-ee05-40ab-87ae-857598c7fa3f@group-984857F48B05-SegmentedRaftLogWorker for RaftStorageImpl:Storage Directory /github/workspace/mnt/ozone/hadoop-ozone/integration-test/target/test-dir/MiniOzoneClusterImpl-12ebc720-05ee-4469-9130-5183c7181a17/datanode-8/data/ratis/55541119-2898-47c0-aa16-984857f48b05
2021-03-15 13:35:44,230 [pool-168-thread-1] INFO  server.RaftServerConfigKeys (ConfUtils.java:logGet(44)) - raft.server.log.queue.byte-limit = 2147483647 (custom)
2021-03-15 13:35:44,230 [pool-168-thread-1] INFO  server.RaftServerConfigKeys (ConfUtils.java:logGet(44)) - raft.server.log.queue.element-limit = 1024 (custom)
2021-03-15 13:35:44,230 [pool-168-thread-1] INFO  server.RaftServerConfigKeys (ConfUtils.java:logGet(44)) - raft.server.log.segment.size.max = 1048576 (custom)
2021-03-15 13:35:44,231 [pool-168-thread-1] INFO  server.RaftServerConfigKeys (ConfUtils.java:logGet(44)) - raft.server.log.preallocated.size = 16384 (custom)
2021-03-15 13:35:44,231 [pool-168-thread-1] INFO  server.RaftServerConfigKeys (ConfUtils.java:logGet(44)) - raft.server.log.force.sync.num = 128 (default)
2021-03-15 13:35:44,231 [pool-168-thread-1] INFO  server.RaftServerConfigKeys (ConfUtils.java:logGet(44)) - raft.server.log.statemachine.data.sync = true (default)
2021-03-15 13:35:44,231 [pool-168-thread-1] INFO  server.RaftServerConfigKeys (ConfUtils.java:logGet(44)) - raft.server.log.statemachine.data.sync.timeout = 10s (default)
2021-03-15 13:35:44,231 [pool-168-thread-1] INFO  server.RaftServerConfigKeys (ConfUtils.java:logGet(44)) - raft.server.log.statemachine.data.sync.timeout.retry = -1 (default)
2021-03-15 13:35:44,233 [Command processor thread] INFO  commandhandler.CreatePipelineCommandHandler (CreatePipelineCommandHandler.java:handle(106)) - Created Pipeline RATIS ONE PipelineID=c4d052ff-d404-4ff1-8872-156ee707f88f.
2021-03-15 13:35:44,233 [Command processor thread] INFO  server.RaftServer (RaftServerProxy.java:addNew(95)) - 275eefd6-a602-4773-a0ea-a3b6f7cdc32e: addNew group-44737836DD86:[275eefd6-a602-4773-a0ea-a3b6f7cdc32e|rpc:172.17.0.2:44945|priority:1, 7ad4b354-5524-4bbe-8c06-278e17beb4ab|rpc:172.17.0.2:36095|priority:0, 2479fe59-7b65-4ff2-bce5-1a4041a1f829|rpc:172.17.0.2:46445|priority:0] returns group-44737836DD86:java.util.concurrent.CompletableFuture@7133c23d[Not completed]
2021-03-15 13:35:44,233 [pool-135-thread-1] INFO  impl.RoleInfo (RoleInfo.java:updateAndGet(130)) - 91c1ad6d-8d99-4a41-8a32-9427c133f69b: start 91c1ad6d-8d99-4a41-8a32-9427c133f69b@group-984857F48B05-FollowerState
2021-03-15 13:35:44,238 [EventQueue-PipelineReportForOneReplicaPipelineSafeModeRule] INFO  safemode.SCMSafeModeManager (SCMSafeModeManager.java:validateSafeModeExitRules(214)) - AtleastOneDatanodeReportedRule rule is successfully validated
2021-03-15 13:35:44,239 [EventQueue-OpenPipelineForHealthyPipelineSafeModeRule] INFO  safemode.SCMSafeModeManager (HealthyPipelineSafeModeRule.java:process(128)) - SCM in safe mode. Healthy pipelines reported count is 0, required healthy pipeline reported count is 1
2021-03-15 13:35:44,239 [pool-104-thread-1] INFO  impl.RoleInfo (RoleInfo.java:updateAndGet(130)) - 2479fe59-7b65-4ff2-bce5-1a4041a1f829: start 2479fe59-7b65-4ff2-bce5-1a4041a1f829@group-257D9B27DB90-FollowerState
2021-03-15 13:35:44,240 [pool-135-thread-1] INFO  util.JmxRegister (JmxRegister.java:tryRegister(44)) - Successfully registered JMX Bean with object name Ratis:service=RaftServer,group=group-984857F48B05,id=91c1ad6d-8d99-4a41-8a32-9427c133f69b
2021-03-15 13:35:44,241 [pool-135-thread-1] INFO  metrics.RatisMetrics (RatisMetrics.java:lambda$create$0(36)) - Creating Metrics Registry : ratis.state_machine.91c1ad6d-8d99-4a41-8a32-9427c133f69b@group-984857F48B05
2021-03-15 13:35:44,241 [pool-120-thread-1] INFO  server.RaftServer$Division (RaftServerImpl.java:<init>(180)) - 275eefd6-a602-4773-a0ea-a3b6f7cdc32e: new RaftServerImpl for group-44737836DD86:[275eefd6-a602-4773-a0ea-a3b6f7cdc32e|rpc:172.17.0.2:44945|priority:1, 7ad4b354-5524-4bbe-8c06-278e17beb4ab|rpc:172.17.0.2:36095|priority:0, 2479fe59-7b65-4ff2-bce5-1a4041a1f829|rpc:172.17.0.2:46445|priority:0] with ContainerStateMachine:uninitialized
2021-03-15 13:35:44,241 [pool-120-thread-1] INFO  server.RaftServerConfigKeys (ConfUtils.java:logGet(44)) - raft.server.rpc.timeout.min = 5s (custom)
2021-03-15 13:35:44,241 [pool-120-thread-1] INFO  server.RaftServerConfigKeys (ConfUtils.java:logGet(44)) - raft.server.rpc.timeout.max = 5200ms (custom)
2021-03-15 13:35:44,241 [pool-120-thread-1] INFO  server.RaftServerConfigKeys (ConfUtils.java:logGet(44)) - raft.server.rpc.sleep.time = 25ms (default)
2021-03-15 13:35:44,241 [pool-120-thread-1] INFO  server.RaftServerConfigKeys (ConfUtils.java:logGet(44)) - raft.server.rpc.slowness.timeout = 300000ms (custom)
2021-03-15 13:35:44,241 [pool-120-thread-1] INFO  server.RaftServerConfigKeys (ConfUtils.java:logGet(44)) - raft.server.leaderelection.leader.step-down.wait-time = 10s (default)
2021-03-15 13:35:44,241 [pool-120-thread-1] INFO  server.RaftServerConfigKeys (ConfUtils.java:logGet(44)) - raft.server.sleep.deviation.threshold = 300ms (default)
2021-03-15 13:35:44,241 [pool-120-thread-1] INFO  server.RaftServerConfigKeys (ConfUtils.java:logGet(44)) - raft.server.log.appender.install.snapshot.enabled = false (custom)
2021-03-15 13:35:44,241 [pool-120-thread-1] INFO  server.RaftServer$Division (ServerState.java:<init>(105)) - 275eefd6-a602-4773-a0ea-a3b6f7cdc32e@group-44737836DD86: ConfigurationManager, init=-1: [275eefd6-a602-4773-a0ea-a3b6f7cdc32e|rpc:172.17.0.2:44945|priority:1, 7ad4b354-5524-4bbe-8c06-278e17beb4ab|rpc:172.17.0.2:36095|priority:0, 2479fe59-7b65-4ff2-bce5-1a4041a1f829|rpc:172.17.0.2:46445|priority:0], old=null, confs=<EMPTY_MAP>
2021-03-15 13:35:44,241 [pool-120-thread-1] INFO  server.RaftServerConfigKeys (ConfUtils.java:logGet(44)) - raft.server.storage.dir = [/github/workspace/mnt/ozone/hadoop-ozone/integration-test/target/test-dir/MiniOzoneClusterImpl-12ebc720-05ee-4469-9130-5183c7181a17/datanode-5/data/ratis] (custom)
2021-03-15 13:35:44,242 [pool-120-thread-1] INFO  server.RaftServerConfigKeys (ConfUtils.java:logGet(44)) - raft.server.log.corruption.policy = EXCEPTION (default)
2021-03-15 13:35:44,242 [pool-120-thread-1] INFO  storage.RaftStorageDirectory (RaftStorageDirectoryImpl.java:analyzeStorage(132)) - The storage directory /github/workspace/mnt/ozone/hadoop-ozone/integration-test/target/test-dir/MiniOzoneClusterImpl-12ebc720-05ee-4469-9130-5183c7181a17/datanode-5/data/ratis/7158f7ae-ef3b-4084-8cca-44737836dd86 does not exist. Creating ...
2021-03-15 13:35:44,242 [pool-168-thread-1] INFO  server.RaftServerConfigKeys (ConfUtils.java:logGet(44)) - raft.server.log.write.buffer.size = 1048576 (custom)
2021-03-15 13:35:44,244 [pool-120-thread-1] INFO  storage.RaftStorageDirectory (RaftStorageDirectoryImpl.java:tryLock(215)) - Lock on /github/workspace/mnt/ozone/hadoop-ozone/integration-test/target/test-dir/MiniOzoneClusterImpl-12ebc720-05ee-4469-9130-5183c7181a17/datanode-5/data/ratis/7158f7ae-ef3b-4084-8cca-44737836dd86/in_use.lock acquired by nodename 27773@287f2862ff4e
2021-03-15 13:35:44,244 [pool-168-thread-1] INFO  server.RaftServerConfigKeys (ConfUtils.java:logGet(44)) - raft.server.log.statemachine.data.caching.enabled = true (custom)
2021-03-15 13:35:44,245 [pool-168-thread-1] INFO  segmented.SegmentedRaftLogWorker (SegmentedRaftLogWorker.java:lambda$new$0(132)) - 8d28b06d-ee05-40ab-87ae-857598c7fa3f@group-984857F48B05-SegmentedRaftLogWorker: flushIndex: setUnconditionally 0 -> -1
2021-03-15 13:35:44,245 [pool-168-thread-1] INFO  segmented.SegmentedRaftLogWorker (SegmentedRaftLogWorker.java:lambda$new$0(132)) - 8d28b06d-ee05-40ab-87ae-857598c7fa3f@group-984857F48B05-SegmentedRaftLogWorker: safeCacheEvictIndex: setUnconditionally 0 -> -1
2021-03-15 13:35:44,246 [pool-120-thread-1] INFO  storage.RaftStorage (RaftStorageImpl.java:format(87)) - Storage directory /github/workspace/mnt/ozone/hadoop-ozone/integration-test/target/test-dir/MiniOzoneClusterImpl-12ebc720-05ee-4469-9130-5183c7181a17/datanode-5/data/ratis/7158f7ae-ef3b-4084-8cca-44737836dd86 has been successfully formatted.
2021-03-15 13:35:44,248 [pool-104-thread-1] INFO  util.JmxRegister (JmxRegister.java:tryRegister(44)) - Successfully registered JMX Bean with object name Ratis:service=RaftServer,group=group-257D9B27DB90,id=2479fe59-7b65-4ff2-bce5-1a4041a1f829
2021-03-15 13:35:44,248 [pool-104-thread-1] INFO  metrics.RatisMetrics (RatisMetrics.java:lambda$create$0(36)) - Creating Metrics Registry : ratis.state_machine.2479fe59-7b65-4ff2-bce5-1a4041a1f829@group-257D9B27DB90
2021-03-15 13:35:44,249 [Command processor thread] INFO  commandhandler.CreatePipelineCommandHandler (CreatePipelineCommandHandler.java:handle(106)) - Created Pipeline RATIS ONE PipelineID=e413bafd-5876-4d83-9af0-257d9b27db90.
2021-03-15 13:35:44,249 [Command processor thread] INFO  server.RaftServer (RaftServerProxy.java:addNew(95)) - 2479fe59-7b65-4ff2-bce5-1a4041a1f829: addNew group-9C73DC2E5CBF:[275eefd6-a602-4773-a0ea-a3b6f7cdc32e|rpc:172.17.0.2:44945|priority:0, 7ad4b354-5524-4bbe-8c06-278e17beb4ab|rpc:172.17.0.2:36095|priority:1, 2479fe59-7b65-4ff2-bce5-1a4041a1f829|rpc:172.17.0.2:46445|priority:0] returns group-9C73DC2E5CBF:java.util.concurrent.CompletableFuture@571c7410[Not completed]
2021-03-15 13:35:44,250 [pool-104-thread-1] INFO  server.RaftServer$Division (RaftServerImpl.java:<init>(180)) - 2479fe59-7b65-4ff2-bce5-1a4041a1f829: new RaftServerImpl for group-9C73DC2E5CBF:[275eefd6-a602-4773-a0ea-a3b6f7cdc32e|rpc:172.17.0.2:44945|priority:0, 7ad4b354-5524-4bbe-8c06-278e17beb4ab|rpc:172.17.0.2:36095|priority:1, 2479fe59-7b65-4ff2-bce5-1a4041a1f829|rpc:172.17.0.2:46445|priority:0] with ContainerStateMachine:uninitialized
2021-03-15 13:35:44,250 [pool-104-thread-1] INFO  server.RaftServerConfigKeys (ConfUtils.java:logGet(44)) - raft.server.rpc.timeout.min = 5s (custom)
2021-03-15 13:35:44,250 [pool-104-thread-1] INFO  server.RaftServerConfigKeys (ConfUtils.java:logGet(44)) - raft.server.rpc.timeout.max = 5200ms (custom)
2021-03-15 13:35:44,250 [pool-104-thread-1] INFO  server.RaftServerConfigKeys (ConfUtils.java:logGet(44)) - raft.server.rpc.sleep.time = 25ms (default)
2021-03-15 13:35:44,251 [pool-104-thread-1] INFO  server.RaftServerConfigKeys (ConfUtils.java:logGet(44)) - raft.server.rpc.slowness.timeout = 300000ms (custom)
2021-03-15 13:35:44,251 [pool-104-thread-1] INFO  server.RaftServerConfigKeys (ConfUtils.java:logGet(44)) - raft.server.leaderelection.leader.step-down.wait-time = 10s (default)
2021-03-15 13:35:44,251 [pool-104-thread-1] INFO  server.RaftServerConfigKeys (ConfUtils.java:logGet(44)) - raft.server.sleep.deviation.threshold = 300ms (default)
2021-03-15 13:35:44,251 [pool-104-thread-1] INFO  server.RaftServerConfigKeys (ConfUtils.java:logGet(44)) - raft.server.log.appender.install.snapshot.enabled = false (custom)
2021-03-15 13:35:44,251 [pool-104-thread-1] INFO  server.RaftServer$Division (ServerState.java:<init>(105)) - 2479fe59-7b65-4ff2-bce5-1a4041a1f829@group-9C73DC2E5CBF: ConfigurationManager, init=-1: [275eefd6-a602-4773-a0ea-a3b6f7cdc32e|rpc:172.17.0.2:44945|priority:0, 7ad4b354-5524-4bbe-8c06-278e17beb4ab|rpc:172.17.0.2:36095|priority:1, 2479fe59-7b65-4ff2-bce5-1a4041a1f829|rpc:172.17.0.2:46445|priority:0], old=null, confs=<EMPTY_MAP>
2021-03-15 13:35:44,251 [pool-104-thread-1] INFO  server.RaftServerConfigKeys (ConfUtils.java:logGet(44)) - raft.server.storage.dir = [/github/workspace/mnt/ozone/hadoop-ozone/integration-test/target/test-dir/MiniOzoneClusterImpl-12ebc720-05ee-4469-9130-5183c7181a17/datanode-4/data/ratis] (custom)
2021-03-15 13:35:44,251 [pool-104-thread-1] INFO  server.RaftServerConfigKeys (ConfUtils.java:logGet(44)) - raft.server.log.corruption.policy = EXCEPTION (default)
2021-03-15 13:35:44,251 [pool-104-thread-1] INFO  storage.RaftStorageDirectory (RaftStorageDirectoryImpl.java:analyzeStorage(132)) - The storage directory /github/workspace/mnt/ozone/hadoop-ozone/integration-test/target/test-dir/MiniOzoneClusterImpl-12ebc720-05ee-4469-9130-5183c7181a17/datanode-4/data/ratis/b63b7cd9-4191-44cc-86bf-9c73dc2e5cbf does not exist. Creating ...
2021-03-15 13:35:44,255 [pool-104-thread-1] INFO  storage.RaftStorageDirectory (RaftStorageDirectoryImpl.java:tryLock(215)) - Lock on /github/workspace/mnt/ozone/hadoop-ozone/integration-test/target/test-dir/MiniOzoneClusterImpl-12ebc720-05ee-4469-9130-5183c7181a17/datanode-4/data/ratis/b63b7cd9-4191-44cc-86bf-9c73dc2e5cbf/in_use.lock acquired by nodename 27773@287f2862ff4e
2021-03-15 13:35:44,257 [pool-104-thread-1] INFO  storage.RaftStorage (RaftStorageImpl.java:format(87)) - Storage directory /github/workspace/mnt/ozone/hadoop-ozone/integration-test/target/test-dir/MiniOzoneClusterImpl-12ebc720-05ee-4469-9130-5183c7181a17/datanode-4/data/ratis/b63b7cd9-4191-44cc-86bf-9c73dc2e5cbf has been successfully formatted.
2021-03-15 13:35:44,260 [pool-104-thread-1] INFO  ratis.ContainerStateMachine (ContainerStateMachine.java:loadSnapshot(223)) - group-9C73DC2E5CBF: The snapshot info is null. Setting the last applied indexto:(t:0, i:~)
2021-03-15 13:35:44,260 [pool-104-thread-1] ERROR storage.RaftStorage (RaftStorageImpl.java:readRaftConfiguration(147)) - Failed reading configuration from file:/github/workspace/mnt/ozone/hadoop-ozone/integration-test/target/test-dir/MiniOzoneClusterImpl-12ebc720-05ee-4469-9130-5183c7181a17/datanode-4/data/ratis/b63b7cd9-4191-44cc-86bf-9c73dc2e5cbf/current/raft-meta.conf
java.io.FileNotFoundException: /github/workspace/mnt/ozone/hadoop-ozone/integration-test/target/test-dir/MiniOzoneClusterImpl-12ebc720-05ee-4469-9130-5183c7181a17/datanode-4/data/ratis/b63b7cd9-4191-44cc-86bf-9c73dc2e5cbf/current/raft-meta.conf (No such file or directory)
	at java.io.FileInputStream.open0(Native Method)
	at java.io.FileInputStream.open(FileInputStream.java:195)
	at java.io.FileInputStream.<init>(FileInputStream.java:138)
	at org.apache.ratis.server.storage.RaftStorageImpl.readRaftConfiguration(RaftStorageImpl.java:143)
	at org.apache.ratis.server.impl.ServerState.<init>(ServerState.java:122)
	at org.apache.ratis.server.impl.RaftServerImpl.<init>(RaftServerImpl.java:193)
	at org.apache.ratis.server.impl.RaftServerProxy.lambda$newRaftServerImpl$4(RaftServerProxy.java:266)
	at java.util.concurrent.CompletableFuture$AsyncSupply.run(CompletableFuture.java:1604)
	at java.util.concurrent.ThreadPoolExecutor.runWorker(ThreadPoolExecutor.java:1149)
	at java.util.concurrent.ThreadPoolExecutor$Worker.run(ThreadPoolExecutor.java:624)
	at java.lang.Thread.run(Thread.java:748)
2021-03-15 13:35:44,267 [pool-120-thread-1] INFO  ratis.ContainerStateMachine (ContainerStateMachine.java:loadSnapshot(223)) - group-44737836DD86: The snapshot info is null. Setting the last applied indexto:(t:0, i:~)
2021-03-15 13:35:44,267 [pool-120-thread-1] ERROR storage.RaftStorage (RaftStorageImpl.java:readRaftConfiguration(147)) - Failed reading configuration from file:/github/workspace/mnt/ozone/hadoop-ozone/integration-test/target/test-dir/MiniOzoneClusterImpl-12ebc720-05ee-4469-9130-5183c7181a17/datanode-5/data/ratis/7158f7ae-ef3b-4084-8cca-44737836dd86/current/raft-meta.conf
java.io.FileNotFoundException: /github/workspace/mnt/ozone/hadoop-ozone/integration-test/target/test-dir/MiniOzoneClusterImpl-12ebc720-05ee-4469-9130-5183c7181a17/datanode-5/data/ratis/7158f7ae-ef3b-4084-8cca-44737836dd86/current/raft-meta.conf (No such file or directory)
	at java.io.FileInputStream.open0(Native Method)
	at java.io.FileInputStream.open(FileInputStream.java:195)
	at java.io.FileInputStream.<init>(FileInputStream.java:138)
	at org.apache.ratis.server.storage.RaftStorageImpl.readRaftConfiguration(RaftStorageImpl.java:143)
	at org.apache.ratis.server.impl.ServerState.<init>(ServerState.java:122)
	at org.apache.ratis.server.impl.RaftServerImpl.<init>(RaftServerImpl.java:193)
	at org.apache.ratis.server.impl.RaftServerProxy.lambda$newRaftServerImpl$4(RaftServerProxy.java:266)
	at java.util.concurrent.CompletableFuture$AsyncSupply.run(CompletableFuture.java:1604)
	at java.util.concurrent.ThreadPoolExecutor.runWorker(ThreadPoolExecutor.java:1149)
	at java.util.concurrent.ThreadPoolExecutor$Worker.run(ThreadPoolExecutor.java:624)
	at java.lang.Thread.run(Thread.java:748)
2021-03-15 13:35:44,267 [EventQueue-PipelineReportForOneReplicaPipelineSafeModeRule] INFO  safemode.SCMSafeModeManager (SCMSafeModeManager.java:validateSafeModeExitRules(214)) - AtleastOneDatanodeReportedRule rule is successfully validated
2021-03-15 13:35:44,267 [pool-120-thread-1] INFO  server.RaftServerConfigKeys (ConfUtils.java:logGet(44)) - raft.server.notification.no-leader.timeout = 300000ms (custom)
2021-03-15 13:35:44,267 [pool-120-thread-1] INFO  server.RaftServerConfigKeys (ConfUtils.java:logGet(44)) - raft.server.log.use.memory = false (default)
2021-03-15 13:35:44,268 [EventQueue-OpenPipelineForHealthyPipelineSafeModeRule] INFO  safemode.SCMSafeModeManager (HealthyPipelineSafeModeRule.java:process(128)) - SCM in safe mode. Healthy pipelines reported count is 0, required healthy pipeline reported count is 1
2021-03-15 13:35:44,268 [pool-120-thread-1] INFO  server.RaftServerConfigKeys (ConfUtils.java:logGet(44)) - raft.server.log.purge.gap = 1000000 (custom)
2021-03-15 13:35:44,269 [pool-120-thread-1] INFO  server.RaftServerConfigKeys (ConfUtils.java:logGet(44)) - raft.server.log.appender.buffer.byte-limit = 33554432 (custom)
2021-03-15 13:35:44,269 [pool-120-thread-1] INFO  metrics.RatisMetrics (RatisMetrics.java:lambda$create$0(36)) - Creating Metrics Registry : ratis.log_worker.275eefd6-a602-4773-a0ea-a3b6f7cdc32e@group-44737836DD86
2021-03-15 13:35:44,269 [pool-120-thread-1] INFO  server.RaftServerConfigKeys (ConfUtils.java:logGet(44)) - raft.server.log.segment.size.max = 1048576 (custom)
2021-03-15 13:35:44,269 [EventQueue-PipelineReportForOneReplicaPipelineSafeModeRule] INFO  safemode.SCMSafeModeManager (SCMSafeModeManager.java:validateSafeModeExitRules(214)) - AtleastOneDatanodeReportedRule rule is successfully validated
2021-03-15 13:35:44,269 [EventQueue-OpenPipelineForHealthyPipelineSafeModeRule] INFO  safemode.SCMSafeModeManager (HealthyPipelineSafeModeRule.java:process(128)) - SCM in safe mode. Healthy pipelines reported count is 0, required healthy pipeline reported count is 1
2021-03-15 13:35:44,269 [pool-120-thread-1] INFO  server.RaftServerConfigKeys (ConfUtils.java:logGet(44)) - raft.server.log.segment.cache.num.max = 2 (custom)
2021-03-15 13:35:44,269 [pool-120-thread-1] INFO  server.RaftServerConfigKeys (ConfUtils.java:logGet(44)) - raft.server.log.segment.cache.size.max = 200MB (=209715200) (default)
2021-03-15 13:35:44,270 [pool-120-thread-1] INFO  segmented.SegmentedRaftLogWorker (SegmentedRaftLogWorker.java:<init>(181)) - new 275eefd6-a602-4773-a0ea-a3b6f7cdc32e@group-44737836DD86-SegmentedRaftLogWorker for RaftStorageImpl:Storage Directory /github/workspace/mnt/ozone/hadoop-ozone/integration-test/target/test-dir/MiniOzoneClusterImpl-12ebc720-05ee-4469-9130-5183c7181a17/datanode-5/data/ratis/7158f7ae-ef3b-4084-8cca-44737836dd86
2021-03-15 13:35:44,270 [pool-120-thread-1] INFO  server.RaftServerConfigKeys (ConfUtils.java:logGet(44)) - raft.server.log.queue.byte-limit = 2147483647 (custom)
2021-03-15 13:35:44,270 [pool-120-thread-1] INFO  server.RaftServerConfigKeys (ConfUtils.java:logGet(44)) - raft.server.log.queue.element-limit = 1024 (custom)
2021-03-15 13:35:44,270 [pool-120-thread-1] INFO  server.RaftServerConfigKeys (ConfUtils.java:logGet(44)) - raft.server.log.segment.size.max = 1048576 (custom)
2021-03-15 13:35:44,270 [pool-120-thread-1] INFO  server.RaftServerConfigKeys (ConfUtils.java:logGet(44)) - raft.server.log.preallocated.size = 16384 (custom)
2021-03-15 13:35:44,270 [pool-120-thread-1] INFO  server.RaftServerConfigKeys (ConfUtils.java:logGet(44)) - raft.server.log.force.sync.num = 128 (default)
2021-03-15 13:35:44,270 [pool-120-thread-1] INFO  server.RaftServerConfigKeys (ConfUtils.java:logGet(44)) - raft.server.log.statemachine.data.sync = true (default)
2021-03-15 13:35:44,270 [EventQueue-PipelineReportForOneReplicaPipelineSafeModeRule] INFO  safemode.SCMSafeModeManager (SCMSafeModeManager.java:validateSafeModeExitRules(214)) - AtleastOneDatanodeReportedRule rule is successfully validated
2021-03-15 13:35:44,270 [EventQueue-OpenPipelineForHealthyPipelineSafeModeRule] INFO  safemode.SCMSafeModeManager (HealthyPipelineSafeModeRule.java:process(128)) - SCM in safe mode. Healthy pipelines reported count is 0, required healthy pipeline reported count is 1
2021-03-15 13:35:44,270 [pool-120-thread-1] INFO  server.RaftServerConfigKeys (ConfUtils.java:logGet(44)) - raft.server.log.statemachine.data.sync.timeout = 10s (default)
2021-03-15 13:35:44,270 [pool-120-thread-1] INFO  server.RaftServerConfigKeys (ConfUtils.java:logGet(44)) - raft.server.log.statemachine.data.sync.timeout.retry = -1 (default)
2021-03-15 13:35:44,271 [EventQueue-OpenPipelineForHealthyPipelineSafeModeRule] INFO  safemode.SCMSafeModeManager (HealthyPipelineSafeModeRule.java:process(128)) - SCM in safe mode. Healthy pipelines reported count is 0, required healthy pipeline reported count is 1
2021-03-15 13:35:44,271 [EventQueue-PipelineReportForOneReplicaPipelineSafeModeRule] INFO  safemode.SCMSafeModeManager (SCMSafeModeManager.java:validateSafeModeExitRules(214)) - AtleastOneDatanodeReportedRule rule is successfully validated
2021-03-15 13:35:44,273 [pool-168-thread-1] INFO  server.RaftServerConfigKeys (ConfUtils.java:logGet(44)) - raft.server.snapshot.auto.trigger.enabled = true (custom)
2021-03-15 13:35:44,273 [pool-168-thread-1] INFO  server.RaftServerConfigKeys (ConfUtils.java:logGet(44)) - raft.server.snapshot.auto.trigger.threshold = 1 (custom)
2021-03-15 13:35:44,273 [pool-168-thread-1] INFO  server.RaftServerConfigKeys (ConfUtils.java:logGet(44)) - raft.server.snapshot.retention.file.num = 5 (custom)
2021-03-15 13:35:44,273 [pool-168-thread-1] INFO  server.RaftServerConfigKeys (ConfUtils.java:logGet(44)) - raft.server.log.purge.upto.snapshot.index = false (default)
2021-03-15 13:35:44,273 [pool-168-thread-1] INFO  server.RaftServerConfigKeys (ConfUtils.java:logGet(44)) - raft.server.retrycache.expirytime = 600000ms (custom)
2021-03-15 13:35:44,273 [pool-168-thread-1] INFO  server.RaftServerConfigKeys (ConfUtils.java:logGet(44)) - raft.server.retrycache.statistics.expirytime = 100?s (default)
2021-03-15 13:35:44,273 [pool-168-thread-1] INFO  metrics.RatisMetrics (RatisMetrics.java:lambda$create$0(36)) - Creating Metrics Registry : ratis.leader_election.8d28b06d-ee05-40ab-87ae-857598c7fa3f@group-984857F48B05
2021-03-15 13:35:44,274 [EventQueue-PipelineReportForOneReplicaPipelineSafeModeRule] INFO  safemode.SCMSafeModeManager (SCMSafeModeManager.java:validateSafeModeExitRules(214)) - AtleastOneDatanodeReportedRule rule is successfully validated
2021-03-15 13:35:44,274 [EventQueue-OpenPipelineForHealthyPipelineSafeModeRule] INFO  safemode.SCMSafeModeManager (HealthyPipelineSafeModeRule.java:process(128)) - SCM in safe mode. Healthy pipelines reported count is 0, required healthy pipeline reported count is 1
2021-03-15 13:35:44,274 [pool-168-thread-1] INFO  metrics.RatisMetrics (RatisMetrics.java:lambda$create$0(36)) - Creating Metrics Registry : ratis.server.8d28b06d-ee05-40ab-87ae-857598c7fa3f@group-984857F48B05
2021-03-15 13:35:44,275 [pool-168-thread-1] INFO  server.RaftServer$Division (RaftServerImpl.java:start(295)) - 8d28b06d-ee05-40ab-87ae-857598c7fa3f@group-984857F48B05: start as a follower, conf=-1: [91c1ad6d-8d99-4a41-8a32-9427c133f69b|rpc:172.17.0.2:42395|priority:0, cbb45d95-806f-4aa6-a8d4-3f48f4f3d8f4|rpc:172.17.0.2:36727|priority:1, 8d28b06d-ee05-40ab-87ae-857598c7fa3f|rpc:172.17.0.2:38475|priority:0], old=null
2021-03-15 13:35:44,275 [pool-168-thread-1] INFO  server.RaftServer$Division (RaftServerImpl.java:setRole(284)) - 8d28b06d-ee05-40ab-87ae-857598c7fa3f@group-984857F48B05: changes role from      null to FOLLOWER at term 0 for startAsFollower
2021-03-15 13:35:44,275 [pool-168-thread-1] INFO  impl.RoleInfo (RoleInfo.java:updateAndGet(130)) - 8d28b06d-ee05-40ab-87ae-857598c7fa3f: start 8d28b06d-ee05-40ab-87ae-857598c7fa3f@group-984857F48B05-FollowerState
2021-03-15 13:35:44,277 [pool-120-thread-1] INFO  server.RaftServerConfigKeys (ConfUtils.java:logGet(44)) - raft.server.log.write.buffer.size = 1048576 (custom)
2021-03-15 13:35:44,277 [Command processor thread] INFO  metrics.RatisMetrics (RatisMetrics.java:lambda$create$0(36)) - Creating Metrics Registry : ratis.client_message_metrics.client-09ED1D301670->8d28b06d-ee05-40ab-87ae-857598c7fa3f
2021-03-15 13:35:44,277 [pool-120-thread-1] INFO  server.RaftServerConfigKeys (ConfUtils.java:logGet(44)) - raft.server.log.statemachine.data.caching.enabled = true (custom)
2021-03-15 13:35:44,278 [pool-120-thread-1] INFO  segmented.SegmentedRaftLogWorker (SegmentedRaftLogWorker.java:lambda$new$0(132)) - 275eefd6-a602-4773-a0ea-a3b6f7cdc32e@group-44737836DD86-SegmentedRaftLogWorker: flushIndex: setUnconditionally 0 -> -1
2021-03-15 13:35:44,278 [pool-120-thread-1] INFO  segmented.SegmentedRaftLogWorker (SegmentedRaftLogWorker.java:lambda$new$0(132)) - 275eefd6-a602-4773-a0ea-a3b6f7cdc32e@group-44737836DD86-SegmentedRaftLogWorker: safeCacheEvictIndex: setUnconditionally 0 -> -1
2021-03-15 13:35:44,279 [pool-120-thread-1] INFO  server.RaftServerConfigKeys (ConfUtils.java:logGet(44)) - raft.server.snapshot.auto.trigger.enabled = true (custom)
2021-03-15 13:35:44,279 [pool-120-thread-1] INFO  server.RaftServerConfigKeys (ConfUtils.java:logGet(44)) - raft.server.snapshot.auto.trigger.threshold = 1 (custom)
2021-03-15 13:35:44,279 [pool-120-thread-1] INFO  server.RaftServerConfigKeys (ConfUtils.java:logGet(44)) - raft.server.snapshot.retention.file.num = 5 (custom)
2021-03-15 13:35:44,279 [pool-120-thread-1] INFO  server.RaftServerConfigKeys (ConfUtils.java:logGet(44)) - raft.server.log.purge.upto.snapshot.index = false (default)
2021-03-15 13:35:44,280 [pool-120-thread-1] INFO  server.RaftServerConfigKeys (ConfUtils.java:logGet(44)) - raft.server.retrycache.expirytime = 600000ms (custom)
2021-03-15 13:35:44,280 [pool-120-thread-1] INFO  server.RaftServerConfigKeys (ConfUtils.java:logGet(44)) - raft.server.retrycache.statistics.expirytime = 100?s (default)
2021-03-15 13:35:44,280 [pool-120-thread-1] INFO  metrics.RatisMetrics (RatisMetrics.java:lambda$create$0(36)) - Creating Metrics Registry : ratis.leader_election.275eefd6-a602-4773-a0ea-a3b6f7cdc32e@group-44737836DD86
2021-03-15 13:35:44,280 [pool-120-thread-1] INFO  metrics.RatisMetrics (RatisMetrics.java:lambda$create$0(36)) - Creating Metrics Registry : ratis.server.275eefd6-a602-4773-a0ea-a3b6f7cdc32e@group-44737836DD86
2021-03-15 13:35:44,281 [pool-104-thread-1] INFO  server.RaftServerConfigKeys (ConfUtils.java:logGet(44)) - raft.server.notification.no-leader.timeout = 300000ms (custom)
2021-03-15 13:35:44,281 [pool-104-thread-1] INFO  server.RaftServerConfigKeys (ConfUtils.java:logGet(44)) - raft.server.log.use.memory = false (default)
2021-03-15 13:35:44,281 [pool-104-thread-1] INFO  server.RaftServerConfigKeys (ConfUtils.java:logGet(44)) - raft.server.log.purge.gap = 1000000 (custom)
2021-03-15 13:35:44,281 [pool-104-thread-1] INFO  server.RaftServerConfigKeys (ConfUtils.java:logGet(44)) - raft.server.log.appender.buffer.byte-limit = 33554432 (custom)
2021-03-15 13:35:44,282 [pool-104-thread-1] INFO  metrics.RatisMetrics (RatisMetrics.java:lambda$create$0(36)) - Creating Metrics Registry : ratis.log_worker.2479fe59-7b65-4ff2-bce5-1a4041a1f829@group-9C73DC2E5CBF
2021-03-15 13:35:44,282 [pool-104-thread-1] INFO  server.RaftServerConfigKeys (ConfUtils.java:logGet(44)) - raft.server.log.segment.size.max = 1048576 (custom)
2021-03-15 13:35:44,284 [pool-152-thread-1] INFO  util.JmxRegister (JmxRegister.java:tryRegister(44)) - Successfully registered JMX Bean with object name Ratis:service=RaftServer,group=group-984857F48B05,id=cbb45d95-806f-4aa6-a8d4-3f48f4f3d8f4
2021-03-15 13:35:44,284 [pool-152-thread-1] INFO  metrics.RatisMetrics (RatisMetrics.java:lambda$create$0(36)) - Creating Metrics Registry : ratis.state_machine.cbb45d95-806f-4aa6-a8d4-3f48f4f3d8f4@group-984857F48B05
2021-03-15 13:35:44,284 [pool-168-thread-1] INFO  util.JmxRegister (JmxRegister.java:tryRegister(44)) - Successfully registered JMX Bean with object name Ratis:service=RaftServer,group=group-984857F48B05,id=8d28b06d-ee05-40ab-87ae-857598c7fa3f
2021-03-15 13:35:44,284 [pool-168-thread-1] INFO  metrics.RatisMetrics (RatisMetrics.java:lambda$create$0(36)) - Creating Metrics Registry : ratis.state_machine.8d28b06d-ee05-40ab-87ae-857598c7fa3f@group-984857F48B05
2021-03-15 13:35:44,286 [EventQueue-PipelineReportForOneReplicaPipelineSafeModeRule] INFO  safemode.SCMSafeModeManager (SCMSafeModeManager.java:validateSafeModeExitRules(214)) - AtleastOneDatanodeReportedRule rule is successfully validated
2021-03-15 13:35:44,286 [EventQueue-OpenPipelineForHealthyPipelineSafeModeRule] INFO  safemode.SCMSafeModeManager (HealthyPipelineSafeModeRule.java:process(128)) - SCM in safe mode. Healthy pipelines reported count is 0, required healthy pipeline reported count is 1
2021-03-15 13:35:44,286 [pool-104-thread-1] INFO  server.RaftServerConfigKeys (ConfUtils.java:logGet(44)) - raft.server.log.segment.cache.num.max = 2 (custom)
2021-03-15 13:35:44,286 [pool-104-thread-1] INFO  server.RaftServerConfigKeys (ConfUtils.java:logGet(44)) - raft.server.log.segment.cache.size.max = 200MB (=209715200) (default)
2021-03-15 13:35:44,286 [pool-104-thread-1] INFO  segmented.SegmentedRaftLogWorker (SegmentedRaftLogWorker.java:<init>(181)) - new 2479fe59-7b65-4ff2-bce5-1a4041a1f829@group-9C73DC2E5CBF-SegmentedRaftLogWorker for RaftStorageImpl:Storage Directory /github/workspace/mnt/ozone/hadoop-ozone/integration-test/target/test-dir/MiniOzoneClusterImpl-12ebc720-05ee-4469-9130-5183c7181a17/datanode-4/data/ratis/b63b7cd9-4191-44cc-86bf-9c73dc2e5cbf
2021-03-15 13:35:44,286 [pool-104-thread-1] INFO  server.RaftServerConfigKeys (ConfUtils.java:logGet(44)) - raft.server.log.queue.byte-limit = 2147483647 (custom)
2021-03-15 13:35:44,286 [pool-104-thread-1] INFO  server.RaftServerConfigKeys (ConfUtils.java:logGet(44)) - raft.server.log.queue.element-limit = 1024 (custom)
2021-03-15 13:35:44,286 [pool-104-thread-1] INFO  server.RaftServerConfigKeys (ConfUtils.java:logGet(44)) - raft.server.log.segment.size.max = 1048576 (custom)
2021-03-15 13:35:44,287 [pool-104-thread-1] INFO  server.RaftServerConfigKeys (ConfUtils.java:logGet(44)) - raft.server.log.preallocated.size = 16384 (custom)
2021-03-15 13:35:44,287 [pool-104-thread-1] INFO  server.RaftServerConfigKeys (ConfUtils.java:logGet(44)) - raft.server.log.force.sync.num = 128 (default)
2021-03-15 13:35:44,287 [pool-104-thread-1] INFO  server.RaftServerConfigKeys (ConfUtils.java:logGet(44)) - raft.server.log.statemachine.data.sync = true (default)
2021-03-15 13:35:44,287 [pool-104-thread-1] INFO  server.RaftServerConfigKeys (ConfUtils.java:logGet(44)) - raft.server.log.statemachine.data.sync.timeout = 10s (default)
2021-03-15 13:35:44,287 [pool-104-thread-1] INFO  server.RaftServerConfigKeys (ConfUtils.java:logGet(44)) - raft.server.log.statemachine.data.sync.timeout.retry = -1 (default)
2021-03-15 13:35:44,289 [pool-120-thread-1] INFO  server.RaftServer$Division (RaftServerImpl.java:start(295)) - 275eefd6-a602-4773-a0ea-a3b6f7cdc32e@group-44737836DD86: start as a follower, conf=-1: [275eefd6-a602-4773-a0ea-a3b6f7cdc32e|rpc:172.17.0.2:44945|priority:1, 7ad4b354-5524-4bbe-8c06-278e17beb4ab|rpc:172.17.0.2:36095|priority:0, 2479fe59-7b65-4ff2-bce5-1a4041a1f829|rpc:172.17.0.2:46445|priority:0], old=null
2021-03-15 13:35:44,289 [pool-120-thread-1] INFO  server.RaftServer$Division (RaftServerImpl.java:setRole(284)) - 275eefd6-a602-4773-a0ea-a3b6f7cdc32e@group-44737836DD86: changes role from      null to FOLLOWER at term 0 for startAsFollower
2021-03-15 13:35:44,290 [pool-104-thread-1] INFO  server.RaftServerConfigKeys (ConfUtils.java:logGet(44)) - raft.server.log.write.buffer.size = 1048576 (custom)
2021-03-15 13:35:44,291 [pool-104-thread-1] INFO  server.RaftServerConfigKeys (ConfUtils.java:logGet(44)) - raft.server.log.statemachine.data.caching.enabled = true (custom)
2021-03-15 13:35:44,291 [pool-104-thread-1] INFO  segmented.SegmentedRaftLogWorker (SegmentedRaftLogWorker.java:lambda$new$0(132)) - 2479fe59-7b65-4ff2-bce5-1a4041a1f829@group-9C73DC2E5CBF-SegmentedRaftLogWorker: flushIndex: setUnconditionally 0 -> -1
2021-03-15 13:35:44,291 [pool-104-thread-1] INFO  segmented.SegmentedRaftLogWorker (SegmentedRaftLogWorker.java:lambda$new$0(132)) - 2479fe59-7b65-4ff2-bce5-1a4041a1f829@group-9C73DC2E5CBF-SegmentedRaftLogWorker: safeCacheEvictIndex: setUnconditionally 0 -> -1
2021-03-15 13:35:44,294 [pool-104-thread-1] INFO  server.RaftServerConfigKeys (ConfUtils.java:logGet(44)) - raft.server.snapshot.auto.trigger.enabled = true (custom)
2021-03-15 13:35:44,294 [pool-104-thread-1] INFO  server.RaftServerConfigKeys (ConfUtils.java:logGet(44)) - raft.server.snapshot.auto.trigger.threshold = 1 (custom)
2021-03-15 13:35:44,295 [pool-104-thread-1] INFO  server.RaftServerConfigKeys (ConfUtils.java:logGet(44)) - raft.server.snapshot.retention.file.num = 5 (custom)
2021-03-15 13:35:44,295 [pool-104-thread-1] INFO  server.RaftServerConfigKeys (ConfUtils.java:logGet(44)) - raft.server.log.purge.upto.snapshot.index = false (default)
2021-03-15 13:35:44,295 [pool-104-thread-1] INFO  server.RaftServerConfigKeys (ConfUtils.java:logGet(44)) - raft.server.retrycache.expirytime = 600000ms (custom)
2021-03-15 13:35:44,295 [pool-104-thread-1] INFO  server.RaftServerConfigKeys (ConfUtils.java:logGet(44)) - raft.server.retrycache.statistics.expirytime = 100?s (default)
2021-03-15 13:35:44,296 [pool-104-thread-1] INFO  metrics.RatisMetrics (RatisMetrics.java:lambda$create$0(36)) - Creating Metrics Registry : ratis.leader_election.2479fe59-7b65-4ff2-bce5-1a4041a1f829@group-9C73DC2E5CBF
2021-03-15 13:35:44,296 [pool-104-thread-1] INFO  metrics.RatisMetrics (RatisMetrics.java:lambda$create$0(36)) - Creating Metrics Registry : ratis.server.2479fe59-7b65-4ff2-bce5-1a4041a1f829@group-9C73DC2E5CBF
2021-03-15 13:35:44,296 [pool-120-thread-1] INFO  impl.RoleInfo (RoleInfo.java:updateAndGet(130)) - 275eefd6-a602-4773-a0ea-a3b6f7cdc32e: start 275eefd6-a602-4773-a0ea-a3b6f7cdc32e@group-44737836DD86-FollowerState
2021-03-15 13:35:44,296 [EventQueue-PipelineReportForOneReplicaPipelineSafeModeRule] INFO  safemode.SCMSafeModeManager (SCMSafeModeManager.java:validateSafeModeExitRules(214)) - AtleastOneDatanodeReportedRule rule is successfully validated
2021-03-15 13:35:44,297 [pool-104-thread-1] INFO  server.RaftServer$Division (RaftServerImpl.java:start(295)) - 2479fe59-7b65-4ff2-bce5-1a4041a1f829@group-9C73DC2E5CBF: start as a follower, conf=-1: [275eefd6-a602-4773-a0ea-a3b6f7cdc32e|rpc:172.17.0.2:44945|priority:0, 7ad4b354-5524-4bbe-8c06-278e17beb4ab|rpc:172.17.0.2:36095|priority:1, 2479fe59-7b65-4ff2-bce5-1a4041a1f829|rpc:172.17.0.2:46445|priority:0], old=null
2021-03-15 13:35:44,297 [pool-104-thread-1] INFO  server.RaftServer$Division (RaftServerImpl.java:setRole(284)) - 2479fe59-7b65-4ff2-bce5-1a4041a1f829@group-9C73DC2E5CBF: changes role from      null to FOLLOWER at term 0 for startAsFollower
2021-03-15 13:35:44,298 [pool-120-thread-1] INFO  util.JmxRegister (JmxRegister.java:tryRegister(44)) - Successfully registered JMX Bean with object name Ratis:service=RaftServer,group=group-44737836DD86,id=275eefd6-a602-4773-a0ea-a3b6f7cdc32e
2021-03-15 13:35:44,298 [pool-120-thread-1] INFO  metrics.RatisMetrics (RatisMetrics.java:lambda$create$0(36)) - Creating Metrics Registry : ratis.state_machine.275eefd6-a602-4773-a0ea-a3b6f7cdc32e@group-44737836DD86
2021-03-15 13:35:44,298 [Listener at 127.0.0.1/36325] INFO  ozone.MiniOzoneClusterImpl (MiniOzoneClusterImpl.java:lambda$waitForClusterToBeReady$0(187)) - Nodes are ready. Got 10 of 10 DN Heartbeats.
2021-03-15 13:35:44,298 [Listener at 127.0.0.1/36325] INFO  ozone.MiniOzoneClusterImpl (MiniOzoneClusterImpl.java:lambda$waitForClusterToBeReady$0(190)) - Waiting for cluster to exit safe mode
2021-03-15 13:35:44,299 [pool-104-thread-1] INFO  impl.RoleInfo (RoleInfo.java:updateAndGet(130)) - 2479fe59-7b65-4ff2-bce5-1a4041a1f829: start 2479fe59-7b65-4ff2-bce5-1a4041a1f829@group-9C73DC2E5CBF-FollowerState
2021-03-15 13:35:44,300 [Command processor thread] INFO  metrics.RatisMetrics (RatisMetrics.java:lambda$create$0(36)) - Creating Metrics Registry : ratis.client_message_metrics.client-B0A387125DB6->7ad4b354-5524-4bbe-8c06-278e17beb4ab
2021-03-15 13:35:44,302 [pool-104-thread-1] INFO  util.JmxRegister (JmxRegister.java:tryRegister(44)) - Successfully registered JMX Bean with object name Ratis:service=RaftServer,group=group-9C73DC2E5CBF,id=2479fe59-7b65-4ff2-bce5-1a4041a1f829
2021-03-15 13:35:44,302 [pool-104-thread-1] INFO  metrics.RatisMetrics (RatisMetrics.java:lambda$create$0(36)) - Creating Metrics Registry : ratis.state_machine.2479fe59-7b65-4ff2-bce5-1a4041a1f829@group-9C73DC2E5CBF
2021-03-15 13:35:44,303 [Command processor thread] INFO  server.RaftServer (RaftServerProxy.java:addNew(95)) - 43a20894-b4bc-4e8f-86b5-865fb458c74f: addNew group-34FB43B6235F:[43a20894-b4bc-4e8f-86b5-865fb458c74f|rpc:172.17.0.2:39315|priority:1] returns group-34FB43B6235F:java.util.concurrent.CompletableFuture@767c666a[Not completed]
2021-03-15 13:35:44,305 [pool-184-thread-1] INFO  server.RaftServer$Division (RaftServerImpl.java:<init>(180)) - 43a20894-b4bc-4e8f-86b5-865fb458c74f: new RaftServerImpl for group-34FB43B6235F:[43a20894-b4bc-4e8f-86b5-865fb458c74f|rpc:172.17.0.2:39315|priority:1] with ContainerStateMachine:uninitialized
2021-03-15 13:35:44,305 [pool-184-thread-1] INFO  server.RaftServerConfigKeys (ConfUtils.java:logGet(44)) - raft.server.rpc.timeout.min = 5s (custom)
2021-03-15 13:35:44,305 [pool-184-thread-1] INFO  server.RaftServerConfigKeys (ConfUtils.java:logGet(44)) - raft.server.rpc.timeout.max = 5200ms (custom)
2021-03-15 13:35:44,306 [pool-184-thread-1] INFO  server.RaftServerConfigKeys (ConfUtils.java:logGet(44)) - raft.server.rpc.sleep.time = 25ms (default)
2021-03-15 13:35:44,306 [pool-184-thread-1] INFO  server.RaftServerConfigKeys (ConfUtils.java:logGet(44)) - raft.server.rpc.slowness.timeout = 300000ms (custom)
2021-03-15 13:35:44,306 [pool-184-thread-1] INFO  server.RaftServerConfigKeys (ConfUtils.java:logGet(44)) - raft.server.leaderelection.leader.step-down.wait-time = 10s (default)
2021-03-15 13:35:44,306 [pool-184-thread-1] INFO  server.RaftServerConfigKeys (ConfUtils.java:logGet(44)) - raft.server.sleep.deviation.threshold = 300ms (default)
2021-03-15 13:35:44,306 [pool-184-thread-1] INFO  server.RaftServerConfigKeys (ConfUtils.java:logGet(44)) - raft.server.log.appender.install.snapshot.enabled = false (custom)
2021-03-15 13:35:44,306 [pool-184-thread-1] INFO  server.RaftServer$Division (ServerState.java:<init>(105)) - 43a20894-b4bc-4e8f-86b5-865fb458c74f@group-34FB43B6235F: ConfigurationManager, init=-1: [43a20894-b4bc-4e8f-86b5-865fb458c74f|rpc:172.17.0.2:39315|priority:1], old=null, confs=<EMPTY_MAP>
2021-03-15 13:35:44,306 [pool-184-thread-1] INFO  server.RaftServerConfigKeys (ConfUtils.java:logGet(44)) - raft.server.storage.dir = [/github/workspace/mnt/ozone/hadoop-ozone/integration-test/target/test-dir/MiniOzoneClusterImpl-12ebc720-05ee-4469-9130-5183c7181a17/datanode-9/data/ratis] (custom)
2021-03-15 13:35:44,306 [pool-184-thread-1] INFO  server.RaftServerConfigKeys (ConfUtils.java:logGet(44)) - raft.server.log.corruption.policy = EXCEPTION (default)
2021-03-15 13:35:44,306 [pool-184-thread-1] INFO  storage.RaftStorageDirectory (RaftStorageDirectoryImpl.java:analyzeStorage(132)) - The storage directory /github/workspace/mnt/ozone/hadoop-ozone/integration-test/target/test-dir/MiniOzoneClusterImpl-12ebc720-05ee-4469-9130-5183c7181a17/datanode-9/data/ratis/d4413f96-b2c4-4402-b089-34fb43b6235f does not exist. Creating ...
2021-03-15 13:35:44,312 [pool-184-thread-1] INFO  storage.RaftStorageDirectory (RaftStorageDirectoryImpl.java:tryLock(215)) - Lock on /github/workspace/mnt/ozone/hadoop-ozone/integration-test/target/test-dir/MiniOzoneClusterImpl-12ebc720-05ee-4469-9130-5183c7181a17/datanode-9/data/ratis/d4413f96-b2c4-4402-b089-34fb43b6235f/in_use.lock acquired by nodename 27773@287f2862ff4e
2021-03-15 13:35:44,313 [Command processor thread] INFO  metrics.RatisMetrics (RatisMetrics.java:lambda$create$0(36)) - Creating Metrics Registry : ratis.client_message_metrics.client-090F92005DAA->275eefd6-a602-4773-a0ea-a3b6f7cdc32e
2021-03-15 13:35:44,317 [Command processor thread] INFO  metrics.RatisMetrics (RatisMetrics.java:lambda$create$0(36)) - Creating Metrics Registry : ratis.client_message_metrics.client-35340A20D39F->91c1ad6d-8d99-4a41-8a32-9427c133f69b
2021-03-15 13:35:44,319 [Command processor thread] INFO  metrics.RatisMetrics (RatisMetrics.java:lambda$create$0(36)) - Creating Metrics Registry : ratis.client_message_metrics.client-90C2C85FB796->91c1ad6d-8d99-4a41-8a32-9427c133f69b
2021-03-15 13:35:44,327 [Command processor thread] INFO  metrics.RatisMetrics (RatisMetrics.java:lambda$create$0(36)) - Creating Metrics Registry : ratis.client_message_metrics.client-0FA72AFB9190->275eefd6-a602-4773-a0ea-a3b6f7cdc32e
2021-03-15 13:35:44,329 [grpc-default-executor-0] INFO  metrics.RatisMetrics (RatisMetrics.java:lambda$create$0(36)) - Creating Metrics Registry : ratis.server_message_metrics.8d28b06d-ee05-40ab-87ae-857598c7fa3f
2021-03-15 13:35:44,338 [pool-184-thread-1] INFO  storage.RaftStorage (RaftStorageImpl.java:format(87)) - Storage directory /github/workspace/mnt/ozone/hadoop-ozone/integration-test/target/test-dir/MiniOzoneClusterImpl-12ebc720-05ee-4469-9130-5183c7181a17/datanode-9/data/ratis/d4413f96-b2c4-4402-b089-34fb43b6235f has been successfully formatted.
2021-03-15 13:35:44,339 [pool-184-thread-1] INFO  ratis.ContainerStateMachine (ContainerStateMachine.java:loadSnapshot(223)) - group-34FB43B6235F: The snapshot info is null. Setting the last applied indexto:(t:0, i:~)
2021-03-15 13:35:44,339 [pool-184-thread-1] ERROR storage.RaftStorage (RaftStorageImpl.java:readRaftConfiguration(147)) - Failed reading configuration from file:/github/workspace/mnt/ozone/hadoop-ozone/integration-test/target/test-dir/MiniOzoneClusterImpl-12ebc720-05ee-4469-9130-5183c7181a17/datanode-9/data/ratis/d4413f96-b2c4-4402-b089-34fb43b6235f/current/raft-meta.conf
java.io.FileNotFoundException: /github/workspace/mnt/ozone/hadoop-ozone/integration-test/target/test-dir/MiniOzoneClusterImpl-12ebc720-05ee-4469-9130-5183c7181a17/datanode-9/data/ratis/d4413f96-b2c4-4402-b089-34fb43b6235f/current/raft-meta.conf (No such file or directory)
	at java.io.FileInputStream.open0(Native Method)
	at java.io.FileInputStream.open(FileInputStream.java:195)
	at java.io.FileInputStream.<init>(FileInputStream.java:138)
	at org.apache.ratis.server.storage.RaftStorageImpl.readRaftConfiguration(RaftStorageImpl.java:143)
	at org.apache.ratis.server.impl.ServerState.<init>(ServerState.java:122)
	at org.apache.ratis.server.impl.RaftServerImpl.<init>(RaftServerImpl.java:193)
	at org.apache.ratis.server.impl.RaftServerProxy.lambda$newRaftServerImpl$4(RaftServerProxy.java:266)
	at java.util.concurrent.CompletableFuture$AsyncSupply.run(CompletableFuture.java:1604)
	at java.util.concurrent.ThreadPoolExecutor.runWorker(ThreadPoolExecutor.java:1149)
	at java.util.concurrent.ThreadPoolExecutor$Worker.run(ThreadPoolExecutor.java:624)
	at java.lang.Thread.run(Thread.java:748)
2021-03-15 13:35:44,339 [pool-184-thread-1] INFO  server.RaftServerConfigKeys (ConfUtils.java:logGet(44)) - raft.server.notification.no-leader.timeout = 300000ms (custom)
2021-03-15 13:35:44,339 [pool-184-thread-1] INFO  server.RaftServerConfigKeys (ConfUtils.java:logGet(44)) - raft.server.log.use.memory = false (default)
2021-03-15 13:35:44,340 [pool-184-thread-1] INFO  server.RaftServerConfigKeys (ConfUtils.java:logGet(44)) - raft.server.log.purge.gap = 1000000 (custom)
2021-03-15 13:35:44,340 [pool-184-thread-1] INFO  server.RaftServerConfigKeys (ConfUtils.java:logGet(44)) - raft.server.log.appender.buffer.byte-limit = 33554432 (custom)
2021-03-15 13:35:44,340 [pool-184-thread-1] INFO  metrics.RatisMetrics (RatisMetrics.java:lambda$create$0(36)) - Creating Metrics Registry : ratis.log_worker.43a20894-b4bc-4e8f-86b5-865fb458c74f@group-34FB43B6235F
2021-03-15 13:35:44,340 [pool-184-thread-1] INFO  server.RaftServerConfigKeys (ConfUtils.java:logGet(44)) - raft.server.log.segment.size.max = 1048576 (custom)
2021-03-15 13:35:44,341 [pool-184-thread-1] INFO  server.RaftServerConfigKeys (ConfUtils.java:logGet(44)) - raft.server.log.segment.cache.num.max = 2 (custom)
2021-03-15 13:35:44,341 [pool-184-thread-1] INFO  server.RaftServerConfigKeys (ConfUtils.java:logGet(44)) - raft.server.log.segment.cache.size.max = 200MB (=209715200) (default)
2021-03-15 13:35:44,341 [pool-184-thread-1] INFO  segmented.SegmentedRaftLogWorker (SegmentedRaftLogWorker.java:<init>(181)) - new 43a20894-b4bc-4e8f-86b5-865fb458c74f@group-34FB43B6235F-SegmentedRaftLogWorker for RaftStorageImpl:Storage Directory /github/workspace/mnt/ozone/hadoop-ozone/integration-test/target/test-dir/MiniOzoneClusterImpl-12ebc720-05ee-4469-9130-5183c7181a17/datanode-9/data/ratis/d4413f96-b2c4-4402-b089-34fb43b6235f
2021-03-15 13:35:44,341 [EventQueue-PipelineReportForOneReplicaPipelineSafeModeRule] INFO  safemode.SCMSafeModeManager (SCMSafeModeManager.java:validateSafeModeExitRules(214)) - AtleastOneDatanodeReportedRule rule is successfully validated
2021-03-15 13:35:44,341 [EventQueue-PipelineReportForPipelineReportHandler] INFO  pipeline.PipelineStateManager (PipelineStateManager.java:openPipeline(132)) - Pipeline Pipeline[ Id: d4413f96-b2c4-4402-b089-34fb43b6235f, Nodes: 43a20894-b4bc-4e8f-86b5-865fb458c74f{ip: 172.17.0.2, host: 287f2862ff4e, ports: [REPLICATION=43233, RATIS=39315, RATIS_ADMIN=39315, RATIS_SERVER=39315, STANDALONE=33351], networkLocation: /default-rack, certSerialId: null, persistedOpState: IN_SERVICE, persistedOpStateExpiryEpochSec: 0}, Type:RATIS, Factor:ONE, State:ALLOCATED, leaderId:43a20894-b4bc-4e8f-86b5-865fb458c74f, CreationTimestamp2021-03-15T13:35:41.298Z] moved to OPEN state
2021-03-15 13:35:44,343 [EventQueue-OpenPipelineForHealthyPipelineSafeModeRule] INFO  safemode.SCMSafeModeManager (HealthyPipelineSafeModeRule.java:process(128)) - SCM in safe mode. Healthy pipelines reported count is 0, required healthy pipeline reported count is 1
2021-03-15 13:35:44,341 [pool-184-thread-1] INFO  server.RaftServerConfigKeys (ConfUtils.java:logGet(44)) - raft.server.log.queue.byte-limit = 2147483647 (custom)
2021-03-15 13:35:44,345 [pool-184-thread-1] INFO  server.RaftServerConfigKeys (ConfUtils.java:logGet(44)) - raft.server.log.queue.element-limit = 1024 (custom)
2021-03-15 13:35:44,345 [pool-184-thread-1] INFO  server.RaftServerConfigKeys (ConfUtils.java:logGet(44)) - raft.server.log.segment.size.max = 1048576 (custom)
2021-03-15 13:35:44,345 [pool-184-thread-1] INFO  server.RaftServerConfigKeys (ConfUtils.java:logGet(44)) - raft.server.log.preallocated.size = 16384 (custom)
2021-03-15 13:35:44,345 [pool-184-thread-1] INFO  server.RaftServerConfigKeys (ConfUtils.java:logGet(44)) - raft.server.log.force.sync.num = 128 (default)
2021-03-15 13:35:44,345 [pool-184-thread-1] INFO  server.RaftServerConfigKeys (ConfUtils.java:logGet(44)) - raft.server.log.statemachine.data.sync = true (default)
2021-03-15 13:35:44,345 [pool-184-thread-1] INFO  server.RaftServerConfigKeys (ConfUtils.java:logGet(44)) - raft.server.log.statemachine.data.sync.timeout = 10s (default)
2021-03-15 13:35:44,344 [grpc-default-executor-2] INFO  metrics.RatisMetrics (RatisMetrics.java:lambda$create$0(36)) - Creating Metrics Registry : ratis.server_message_metrics.275eefd6-a602-4773-a0ea-a3b6f7cdc32e
2021-03-15 13:35:44,346 [pool-184-thread-1] INFO  server.RaftServerConfigKeys (ConfUtils.java:logGet(44)) - raft.server.log.statemachine.data.sync.timeout.retry = -1 (default)
2021-03-15 13:35:44,350 [grpc-default-executor-2] INFO  server.RaftServer (RaftServerProxy.java:addNew(95)) - 275eefd6-a602-4773-a0ea-a3b6f7cdc32e: addNew group-9C73DC2E5CBF:[275eefd6-a602-4773-a0ea-a3b6f7cdc32e|rpc:172.17.0.2:44945|dataStream:|priority:0, 7ad4b354-5524-4bbe-8c06-278e17beb4ab|rpc:172.17.0.2:36095|dataStream:|priority:1, 2479fe59-7b65-4ff2-bce5-1a4041a1f829|rpc:172.17.0.2:46445|dataStream:|priority:0] returns group-9C73DC2E5CBF:java.util.concurrent.CompletableFuture@6c170f9d[Not completed]
2021-03-15 13:35:44,352 [pool-184-thread-1] INFO  server.RaftServerConfigKeys (ConfUtils.java:logGet(44)) - raft.server.log.write.buffer.size = 1048576 (custom)
2021-03-15 13:35:44,354 [EventQueue-PipelineReportForOneReplicaPipelineSafeModeRule] INFO  safemode.SCMSafeModeManager (SCMSafeModeManager.java:validateSafeModeExitRules(214)) - AtleastOneDatanodeReportedRule rule is successfully validated
2021-03-15 13:35:44,354 [pool-120-thread-1] INFO  server.RaftServer$Division (RaftServerImpl.java:<init>(180)) - 275eefd6-a602-4773-a0ea-a3b6f7cdc32e: new RaftServerImpl for group-9C73DC2E5CBF:[275eefd6-a602-4773-a0ea-a3b6f7cdc32e|rpc:172.17.0.2:44945|dataStream:|priority:0, 7ad4b354-5524-4bbe-8c06-278e17beb4ab|rpc:172.17.0.2:36095|dataStream:|priority:1, 2479fe59-7b65-4ff2-bce5-1a4041a1f829|rpc:172.17.0.2:46445|dataStream:|priority:0] with ContainerStateMachine:uninitialized
2021-03-15 13:35:44,354 [EventQueue-OpenPipelineForHealthyPipelineSafeModeRule] INFO  safemode.SCMSafeModeManager (HealthyPipelineSafeModeRule.java:process(128)) - SCM in safe mode. Healthy pipelines reported count is 0, required healthy pipeline reported count is 1
2021-03-15 13:35:44,354 [pool-120-thread-1] INFO  server.RaftServerConfigKeys (ConfUtils.java:logGet(44)) - raft.server.rpc.timeout.min = 5s (custom)
2021-03-15 13:35:44,354 [pool-120-thread-1] INFO  server.RaftServerConfigKeys (ConfUtils.java:logGet(44)) - raft.server.rpc.timeout.max = 5200ms (custom)
2021-03-15 13:35:44,354 [pool-120-thread-1] INFO  server.RaftServerConfigKeys (ConfUtils.java:logGet(44)) - raft.server.rpc.sleep.time = 25ms (default)
2021-03-15 13:35:44,354 [pool-120-thread-1] INFO  server.RaftServerConfigKeys (ConfUtils.java:logGet(44)) - raft.server.rpc.slowness.timeout = 300000ms (custom)
2021-03-15 13:35:44,354 [pool-120-thread-1] INFO  server.RaftServerConfigKeys (ConfUtils.java:logGet(44)) - raft.server.leaderelection.leader.step-down.wait-time = 10s (default)
2021-03-15 13:35:44,354 [pool-120-thread-1] INFO  server.RaftServerConfigKeys (ConfUtils.java:logGet(44)) - raft.server.sleep.deviation.threshold = 300ms (default)
2021-03-15 13:35:44,354 [pool-120-thread-1] INFO  server.RaftServerConfigKeys (ConfUtils.java:logGet(44)) - raft.server.log.appender.install.snapshot.enabled = false (custom)
2021-03-15 13:35:44,354 [pool-120-thread-1] INFO  server.RaftServer$Division (ServerState.java:<init>(105)) - 275eefd6-a602-4773-a0ea-a3b6f7cdc32e@group-9C73DC2E5CBF: ConfigurationManager, init=-1: [275eefd6-a602-4773-a0ea-a3b6f7cdc32e|rpc:172.17.0.2:44945|dataStream:|priority:0, 7ad4b354-5524-4bbe-8c06-278e17beb4ab|rpc:172.17.0.2:36095|dataStream:|priority:1, 2479fe59-7b65-4ff2-bce5-1a4041a1f829|rpc:172.17.0.2:46445|dataStream:|priority:0], old=null, confs=<EMPTY_MAP>
2021-03-15 13:35:44,354 [pool-120-thread-1] INFO  server.RaftServerConfigKeys (ConfUtils.java:logGet(44)) - raft.server.storage.dir = [/github/workspace/mnt/ozone/hadoop-ozone/integration-test/target/test-dir/MiniOzoneClusterImpl-12ebc720-05ee-4469-9130-5183c7181a17/datanode-5/data/ratis] (custom)
2021-03-15 13:35:44,355 [pool-120-thread-1] INFO  server.RaftServerConfigKeys (ConfUtils.java:logGet(44)) - raft.server.log.corruption.policy = EXCEPTION (default)
2021-03-15 13:35:44,355 [pool-120-thread-1] INFO  storage.RaftStorageDirectory (RaftStorageDirectoryImpl.java:analyzeStorage(132)) - The storage directory /github/workspace/mnt/ozone/hadoop-ozone/integration-test/target/test-dir/MiniOzoneClusterImpl-12ebc720-05ee-4469-9130-5183c7181a17/datanode-5/data/ratis/b63b7cd9-4191-44cc-86bf-9c73dc2e5cbf does not exist. Creating ...
2021-03-15 13:35:44,356 [pool-184-thread-1] INFO  server.RaftServerConfigKeys (ConfUtils.java:logGet(44)) - raft.server.log.statemachine.data.caching.enabled = true (custom)
2021-03-15 13:35:44,357 [pool-184-thread-1] INFO  segmented.SegmentedRaftLogWorker (SegmentedRaftLogWorker.java:lambda$new$0(132)) - 43a20894-b4bc-4e8f-86b5-865fb458c74f@group-34FB43B6235F-SegmentedRaftLogWorker: flushIndex: setUnconditionally 0 -> -1
2021-03-15 13:35:44,357 [pool-184-thread-1] INFO  segmented.SegmentedRaftLogWorker (SegmentedRaftLogWorker.java:lambda$new$0(132)) - 43a20894-b4bc-4e8f-86b5-865fb458c74f@group-34FB43B6235F-SegmentedRaftLogWorker: safeCacheEvictIndex: setUnconditionally 0 -> -1
2021-03-15 13:35:44,358 [pool-120-thread-1] INFO  storage.RaftStorageDirectory (RaftStorageDirectoryImpl.java:tryLock(215)) - Lock on /github/workspace/mnt/ozone/hadoop-ozone/integration-test/target/test-dir/MiniOzoneClusterImpl-12ebc720-05ee-4469-9130-5183c7181a17/datanode-5/data/ratis/b63b7cd9-4191-44cc-86bf-9c73dc2e5cbf/in_use.lock acquired by nodename 27773@287f2862ff4e
2021-03-15 13:35:44,359 [grpc-default-executor-2] INFO  metrics.RatisMetrics (RatisMetrics.java:lambda$create$0(36)) - Creating Metrics Registry : ratis.server_message_metrics.7ad4b354-5524-4bbe-8c06-278e17beb4ab
2021-03-15 13:35:44,359 [grpc-default-executor-1] INFO  metrics.RatisMetrics (RatisMetrics.java:lambda$create$0(36)) - Creating Metrics Registry : ratis.server_message_metrics.91c1ad6d-8d99-4a41-8a32-9427c133f69b
2021-03-15 13:35:44,360 [pool-120-thread-1] INFO  storage.RaftStorage (RaftStorageImpl.java:format(87)) - Storage directory /github/workspace/mnt/ozone/hadoop-ozone/integration-test/target/test-dir/MiniOzoneClusterImpl-12ebc720-05ee-4469-9130-5183c7181a17/datanode-5/data/ratis/b63b7cd9-4191-44cc-86bf-9c73dc2e5cbf has been successfully formatted.
2021-03-15 13:35:44,363 [pool-184-thread-1] INFO  server.RaftServerConfigKeys (ConfUtils.java:logGet(44)) - raft.server.snapshot.auto.trigger.enabled = true (custom)
2021-03-15 13:35:44,363 [pool-184-thread-1] INFO  server.RaftServerConfigKeys (ConfUtils.java:logGet(44)) - raft.server.snapshot.auto.trigger.threshold = 1 (custom)
2021-03-15 13:35:44,363 [pool-184-thread-1] INFO  server.RaftServerConfigKeys (ConfUtils.java:logGet(44)) - raft.server.snapshot.retention.file.num = 5 (custom)
2021-03-15 13:35:44,363 [pool-184-thread-1] INFO  server.RaftServerConfigKeys (ConfUtils.java:logGet(44)) - raft.server.log.purge.upto.snapshot.index = false (default)
2021-03-15 13:35:44,363 [pool-184-thread-1] INFO  server.RaftServerConfigKeys (ConfUtils.java:logGet(44)) - raft.server.retrycache.expirytime = 600000ms (custom)
2021-03-15 13:35:44,363 [pool-184-thread-1] INFO  server.RaftServerConfigKeys (ConfUtils.java:logGet(44)) - raft.server.retrycache.statistics.expirytime = 100?s (default)
2021-03-15 13:35:44,363 [pool-184-thread-1] INFO  metrics.RatisMetrics (RatisMetrics.java:lambda$create$0(36)) - Creating Metrics Registry : ratis.leader_election.43a20894-b4bc-4e8f-86b5-865fb458c74f@group-34FB43B6235F
2021-03-15 13:35:44,364 [pool-184-thread-1] INFO  metrics.RatisMetrics (RatisMetrics.java:lambda$create$0(36)) - Creating Metrics Registry : ratis.server.43a20894-b4bc-4e8f-86b5-865fb458c74f@group-34FB43B6235F
2021-03-15 13:35:44,366 [pool-184-thread-1] INFO  server.RaftServer$Division (RaftServerImpl.java:start(295)) - 43a20894-b4bc-4e8f-86b5-865fb458c74f@group-34FB43B6235F: start as a follower, conf=-1: [43a20894-b4bc-4e8f-86b5-865fb458c74f|rpc:172.17.0.2:39315|priority:1], old=null
2021-03-15 13:35:44,366 [pool-184-thread-1] INFO  server.RaftServer$Division (RaftServerImpl.java:setRole(284)) - 43a20894-b4bc-4e8f-86b5-865fb458c74f@group-34FB43B6235F: changes role from      null to FOLLOWER at term 0 for startAsFollower
2021-03-15 13:35:44,367 [pool-184-thread-1] INFO  impl.RoleInfo (RoleInfo.java:updateAndGet(130)) - 43a20894-b4bc-4e8f-86b5-865fb458c74f: start 43a20894-b4bc-4e8f-86b5-865fb458c74f@group-34FB43B6235F-FollowerState
2021-03-15 13:35:44,367 [pool-120-thread-1] INFO  ratis.ContainerStateMachine (ContainerStateMachine.java:loadSnapshot(223)) - group-9C73DC2E5CBF: The snapshot info is null. Setting the last applied indexto:(t:0, i:~)
2021-03-15 13:35:44,367 [pool-120-thread-1] ERROR storage.RaftStorage (RaftStorageImpl.java:readRaftConfiguration(147)) - Failed reading configuration from file:/github/workspace/mnt/ozone/hadoop-ozone/integration-test/target/test-dir/MiniOzoneClusterImpl-12ebc720-05ee-4469-9130-5183c7181a17/datanode-5/data/ratis/b63b7cd9-4191-44cc-86bf-9c73dc2e5cbf/current/raft-meta.conf
java.io.FileNotFoundException: /github/workspace/mnt/ozone/hadoop-ozone/integration-test/target/test-dir/MiniOzoneClusterImpl-12ebc720-05ee-4469-9130-5183c7181a17/datanode-5/data/ratis/b63b7cd9-4191-44cc-86bf-9c73dc2e5cbf/current/raft-meta.conf (No such file or directory)
	at java.io.FileInputStream.open0(Native Method)
	at java.io.FileInputStream.open(FileInputStream.java:195)
	at java.io.FileInputStream.<init>(FileInputStream.java:138)
	at org.apache.ratis.server.storage.RaftStorageImpl.readRaftConfiguration(RaftStorageImpl.java:143)
	at org.apache.ratis.server.impl.ServerState.<init>(ServerState.java:122)
	at org.apache.ratis.server.impl.RaftServerImpl.<init>(RaftServerImpl.java:193)
	at org.apache.ratis.server.impl.RaftServerProxy.lambda$newRaftServerImpl$4(RaftServerProxy.java:266)
	at java.util.concurrent.CompletableFuture$AsyncSupply.run(CompletableFuture.java:1604)
	at java.util.concurrent.ThreadPoolExecutor.runWorker(ThreadPoolExecutor.java:1149)
	at java.util.concurrent.ThreadPoolExecutor$Worker.run(ThreadPoolExecutor.java:624)
	at java.lang.Thread.run(Thread.java:748)
2021-03-15 13:35:44,367 [pool-120-thread-1] INFO  server.RaftServerConfigKeys (ConfUtils.java:logGet(44)) - raft.server.notification.no-leader.timeout = 300000ms (custom)
2021-03-15 13:35:44,368 [pool-120-thread-1] INFO  server.RaftServerConfigKeys (ConfUtils.java:logGet(44)) - raft.server.log.use.memory = false (default)
2021-03-15 13:35:44,368 [pool-120-thread-1] INFO  server.RaftServerConfigKeys (ConfUtils.java:logGet(44)) - raft.server.log.purge.gap = 1000000 (custom)
2021-03-15 13:35:44,368 [pool-120-thread-1] INFO  server.RaftServerConfigKeys (ConfUtils.java:logGet(44)) - raft.server.log.appender.buffer.byte-limit = 33554432 (custom)
2021-03-15 13:35:44,368 [pool-120-thread-1] INFO  metrics.RatisMetrics (RatisMetrics.java:lambda$create$0(36)) - Creating Metrics Registry : ratis.log_worker.275eefd6-a602-4773-a0ea-a3b6f7cdc32e@group-9C73DC2E5CBF
2021-03-15 13:35:44,368 [pool-120-thread-1] INFO  server.RaftServerConfigKeys (ConfUtils.java:logGet(44)) - raft.server.log.segment.size.max = 1048576 (custom)
2021-03-15 13:35:44,368 [pool-120-thread-1] INFO  server.RaftServerConfigKeys (ConfUtils.java:logGet(44)) - raft.server.log.segment.cache.num.max = 2 (custom)
2021-03-15 13:35:44,369 [pool-120-thread-1] INFO  server.RaftServerConfigKeys (ConfUtils.java:logGet(44)) - raft.server.log.segment.cache.size.max = 200MB (=209715200) (default)
2021-03-15 13:35:44,369 [pool-120-thread-1] INFO  segmented.SegmentedRaftLogWorker (SegmentedRaftLogWorker.java:<init>(181)) - new 275eefd6-a602-4773-a0ea-a3b6f7cdc32e@group-9C73DC2E5CBF-SegmentedRaftLogWorker for RaftStorageImpl:Storage Directory /github/workspace/mnt/ozone/hadoop-ozone/integration-test/target/test-dir/MiniOzoneClusterImpl-12ebc720-05ee-4469-9130-5183c7181a17/datanode-5/data/ratis/b63b7cd9-4191-44cc-86bf-9c73dc2e5cbf
2021-03-15 13:35:44,369 [pool-120-thread-1] INFO  server.RaftServerConfigKeys (ConfUtils.java:logGet(44)) - raft.server.log.queue.byte-limit = 2147483647 (custom)
2021-03-15 13:35:44,378 [pool-120-thread-1] INFO  server.RaftServerConfigKeys (ConfUtils.java:logGet(44)) - raft.server.log.queue.element-limit = 1024 (custom)
2021-03-15 13:35:44,378 [pool-120-thread-1] INFO  server.RaftServerConfigKeys (ConfUtils.java:logGet(44)) - raft.server.log.segment.size.max = 1048576 (custom)
2021-03-15 13:35:44,378 [pool-120-thread-1] INFO  server.RaftServerConfigKeys (ConfUtils.java:logGet(44)) - raft.server.log.preallocated.size = 16384 (custom)
2021-03-15 13:35:44,378 [pool-120-thread-1] INFO  server.RaftServerConfigKeys (ConfUtils.java:logGet(44)) - raft.server.log.force.sync.num = 128 (default)
2021-03-15 13:35:44,378 [pool-120-thread-1] INFO  server.RaftServerConfigKeys (ConfUtils.java:logGet(44)) - raft.server.log.statemachine.data.sync = true (default)
2021-03-15 13:35:44,378 [pool-120-thread-1] INFO  server.RaftServerConfigKeys (ConfUtils.java:logGet(44)) - raft.server.log.statemachine.data.sync.timeout = 10s (default)
2021-03-15 13:35:44,379 [pool-120-thread-1] INFO  server.RaftServerConfigKeys (ConfUtils.java:logGet(44)) - raft.server.log.statemachine.data.sync.timeout.retry = -1 (default)
2021-03-15 13:35:44,380 [pool-120-thread-1] INFO  server.RaftServerConfigKeys (ConfUtils.java:logGet(44)) - raft.server.log.write.buffer.size = 1048576 (custom)
2021-03-15 13:35:44,378 [EventQueue-OpenPipelineForHealthyPipelineSafeModeRule] INFO  safemode.SCMSafeModeManager (HealthyPipelineSafeModeRule.java:process(128)) - SCM in safe mode. Healthy pipelines reported count is 0, required healthy pipeline reported count is 1
2021-03-15 13:35:44,378 [EventQueue-PipelineReportForOneReplicaPipelineSafeModeRule] INFO  safemode.SCMSafeModeManager (SCMSafeModeManager.java:validateSafeModeExitRules(214)) - AtleastOneDatanodeReportedRule rule is successfully validated
2021-03-15 13:35:44,370 [pool-184-thread-1] INFO  util.JmxRegister (JmxRegister.java:tryRegister(44)) - Successfully registered JMX Bean with object name Ratis:service=RaftServer,group=group-34FB43B6235F,id=43a20894-b4bc-4e8f-86b5-865fb458c74f
2021-03-15 13:35:44,380 [pool-184-thread-1] INFO  metrics.RatisMetrics (RatisMetrics.java:lambda$create$0(36)) - Creating Metrics Registry : ratis.state_machine.43a20894-b4bc-4e8f-86b5-865fb458c74f@group-34FB43B6235F
2021-03-15 13:35:44,381 [EventQueue-PipelineReportForOneReplicaPipelineSafeModeRule] INFO  safemode.SCMSafeModeManager (SCMSafeModeManager.java:validateSafeModeExitRules(214)) - AtleastOneDatanodeReportedRule rule is successfully validated
2021-03-15 13:35:44,381 [EventQueue-OpenPipelineForHealthyPipelineSafeModeRule] INFO  safemode.SCMSafeModeManager (HealthyPipelineSafeModeRule.java:process(128)) - SCM in safe mode. Healthy pipelines reported count is 0, required healthy pipeline reported count is 1
2021-03-15 13:35:44,381 [pool-120-thread-1] INFO  server.RaftServerConfigKeys (ConfUtils.java:logGet(44)) - raft.server.log.statemachine.data.caching.enabled = true (custom)
2021-03-15 13:35:44,382 [pool-120-thread-1] INFO  segmented.SegmentedRaftLogWorker (SegmentedRaftLogWorker.java:lambda$new$0(132)) - 275eefd6-a602-4773-a0ea-a3b6f7cdc32e@group-9C73DC2E5CBF-SegmentedRaftLogWorker: flushIndex: setUnconditionally 0 -> -1
2021-03-15 13:35:44,382 [pool-120-thread-1] INFO  segmented.SegmentedRaftLogWorker (SegmentedRaftLogWorker.java:lambda$new$0(132)) - 275eefd6-a602-4773-a0ea-a3b6f7cdc32e@group-9C73DC2E5CBF-SegmentedRaftLogWorker: safeCacheEvictIndex: setUnconditionally 0 -> -1
2021-03-15 13:35:44,382 [Command processor thread] INFO  commandhandler.CreatePipelineCommandHandler (CreatePipelineCommandHandler.java:handle(106)) - Created Pipeline RATIS ONE PipelineID=d4413f96-b2c4-4402-b089-34fb43b6235f.
2021-03-15 13:35:44,393 [pool-120-thread-1] INFO  server.RaftServerConfigKeys (ConfUtils.java:logGet(44)) - raft.server.snapshot.auto.trigger.enabled = true (custom)
2021-03-15 13:35:44,393 [pool-120-thread-1] INFO  server.RaftServerConfigKeys (ConfUtils.java:logGet(44)) - raft.server.snapshot.auto.trigger.threshold = 1 (custom)
2021-03-15 13:35:44,393 [pool-120-thread-1] INFO  server.RaftServerConfigKeys (ConfUtils.java:logGet(44)) - raft.server.snapshot.retention.file.num = 5 (custom)
2021-03-15 13:35:44,393 [pool-120-thread-1] INFO  server.RaftServerConfigKeys (ConfUtils.java:logGet(44)) - raft.server.log.purge.upto.snapshot.index = false (default)
2021-03-15 13:35:44,393 [pool-120-thread-1] INFO  server.RaftServerConfigKeys (ConfUtils.java:logGet(44)) - raft.server.retrycache.expirytime = 600000ms (custom)
2021-03-15 13:35:44,393 [pool-120-thread-1] INFO  server.RaftServerConfigKeys (ConfUtils.java:logGet(44)) - raft.server.retrycache.statistics.expirytime = 100?s (default)
2021-03-15 13:35:44,393 [pool-120-thread-1] INFO  metrics.RatisMetrics (RatisMetrics.java:lambda$create$0(36)) - Creating Metrics Registry : ratis.leader_election.275eefd6-a602-4773-a0ea-a3b6f7cdc32e@group-9C73DC2E5CBF
2021-03-15 13:35:44,394 [pool-120-thread-1] INFO  metrics.RatisMetrics (RatisMetrics.java:lambda$create$0(36)) - Creating Metrics Registry : ratis.server.275eefd6-a602-4773-a0ea-a3b6f7cdc32e@group-9C73DC2E5CBF
2021-03-15 13:35:44,395 [pool-120-thread-1] INFO  server.RaftServer$Division (RaftServerImpl.java:start(295)) - 275eefd6-a602-4773-a0ea-a3b6f7cdc32e@group-9C73DC2E5CBF: start as a follower, conf=-1: [275eefd6-a602-4773-a0ea-a3b6f7cdc32e|rpc:172.17.0.2:44945|dataStream:|priority:0, 7ad4b354-5524-4bbe-8c06-278e17beb4ab|rpc:172.17.0.2:36095|dataStream:|priority:1, 2479fe59-7b65-4ff2-bce5-1a4041a1f829|rpc:172.17.0.2:46445|dataStream:|priority:0], old=null
2021-03-15 13:35:44,395 [pool-120-thread-1] INFO  server.RaftServer$Division (RaftServerImpl.java:setRole(284)) - 275eefd6-a602-4773-a0ea-a3b6f7cdc32e@group-9C73DC2E5CBF: changes role from      null to FOLLOWER at term 0 for startAsFollower
2021-03-15 13:35:44,395 [pool-120-thread-1] INFO  impl.RoleInfo (RoleInfo.java:updateAndGet(130)) - 275eefd6-a602-4773-a0ea-a3b6f7cdc32e: start 275eefd6-a602-4773-a0ea-a3b6f7cdc32e@group-9C73DC2E5CBF-FollowerState
2021-03-15 13:35:44,395 [pool-120-thread-1] INFO  util.JmxRegister (JmxRegister.java:tryRegister(44)) - Successfully registered JMX Bean with object name Ratis:service=RaftServer,group=group-9C73DC2E5CBF,id=275eefd6-a602-4773-a0ea-a3b6f7cdc32e
2021-03-15 13:35:44,395 [pool-120-thread-1] INFO  metrics.RatisMetrics (RatisMetrics.java:lambda$create$0(36)) - Creating Metrics Registry : ratis.state_machine.275eefd6-a602-4773-a0ea-a3b6f7cdc32e@group-9C73DC2E5CBF
2021-03-15 13:35:44,407 [Command processor thread] INFO  metrics.RatisMetrics (RatisMetrics.java:lambda$create$0(36)) - Creating Metrics Registry : ratis.client_message_metrics.client-F66F01DA5B16->cbb45d95-806f-4aa6-a8d4-3f48f4f3d8f4
2021-03-15 13:35:44,419 [Command processor thread] INFO  metrics.RatisMetrics (RatisMetrics.java:lambda$create$0(36)) - Creating Metrics Registry : ratis.client_message_metrics.client-D1A4AEEF71EC->cbb45d95-806f-4aa6-a8d4-3f48f4f3d8f4
2021-03-15 13:35:44,432 [Command processor thread] INFO  metrics.RatisMetrics (RatisMetrics.java:lambda$create$0(36)) - Creating Metrics Registry : ratis.client_message_metrics.client-9E9E4B5E7702->7ad4b354-5524-4bbe-8c06-278e17beb4ab
2021-03-15 13:35:44,435 [EventQueue-PipelineReportForOneReplicaPipelineSafeModeRule] INFO  safemode.SCMSafeModeManager (SCMSafeModeManager.java:validateSafeModeExitRules(214)) - AtleastOneDatanodeReportedRule rule is successfully validated
2021-03-15 13:35:44,436 [EventQueue-OpenPipelineForHealthyPipelineSafeModeRule] INFO  safemode.SCMSafeModeManager (HealthyPipelineSafeModeRule.java:process(128)) - SCM in safe mode. Healthy pipelines reported count is 0, required healthy pipeline reported count is 1
2021-03-15 13:35:44,441 [Command processor thread] INFO  metrics.RatisMetrics (RatisMetrics.java:lambda$create$0(36)) - Creating Metrics Registry : ratis.client_message_metrics.client-FA84D2293A99->2479fe59-7b65-4ff2-bce5-1a4041a1f829
2021-03-15 13:35:44,459 [grpc-default-executor-0] INFO  server.RaftServer (RaftServerProxy.java:addNew(95)) - 7ad4b354-5524-4bbe-8c06-278e17beb4ab: addNew group-9C73DC2E5CBF:[275eefd6-a602-4773-a0ea-a3b6f7cdc32e|rpc:172.17.0.2:44945|dataStream:|priority:0, 7ad4b354-5524-4bbe-8c06-278e17beb4ab|rpc:172.17.0.2:36095|dataStream:|priority:1, 2479fe59-7b65-4ff2-bce5-1a4041a1f829|rpc:172.17.0.2:46445|dataStream:|priority:0] returns group-9C73DC2E5CBF:java.util.concurrent.CompletableFuture@443b861d[Not completed]
2021-03-15 13:35:44,460 [pool-88-thread-1] INFO  server.RaftServer$Division (RaftServerImpl.java:<init>(180)) - 7ad4b354-5524-4bbe-8c06-278e17beb4ab: new RaftServerImpl for group-9C73DC2E5CBF:[275eefd6-a602-4773-a0ea-a3b6f7cdc32e|rpc:172.17.0.2:44945|dataStream:|priority:0, 7ad4b354-5524-4bbe-8c06-278e17beb4ab|rpc:172.17.0.2:36095|dataStream:|priority:1, 2479fe59-7b65-4ff2-bce5-1a4041a1f829|rpc:172.17.0.2:46445|dataStream:|priority:0] with ContainerStateMachine:uninitialized
2021-03-15 13:35:44,460 [pool-88-thread-1] INFO  server.RaftServerConfigKeys (ConfUtils.java:logGet(44)) - raft.server.rpc.timeout.min = 5s (custom)
2021-03-15 13:35:44,460 [pool-88-thread-1] INFO  server.RaftServerConfigKeys (ConfUtils.java:logGet(44)) - raft.server.rpc.timeout.max = 5200ms (custom)
2021-03-15 13:35:44,461 [pool-88-thread-1] INFO  server.RaftServerConfigKeys (ConfUtils.java:logGet(44)) - raft.server.rpc.sleep.time = 25ms (default)
2021-03-15 13:35:44,461 [pool-88-thread-1] INFO  server.RaftServerConfigKeys (ConfUtils.java:logGet(44)) - raft.server.rpc.slowness.timeout = 300000ms (custom)
2021-03-15 13:35:44,461 [pool-88-thread-1] INFO  server.RaftServerConfigKeys (ConfUtils.java:logGet(44)) - raft.server.leaderelection.leader.step-down.wait-time = 10s (default)
2021-03-15 13:35:44,461 [pool-88-thread-1] INFO  server.RaftServerConfigKeys (ConfUtils.java:logGet(44)) - raft.server.sleep.deviation.threshold = 300ms (default)
2021-03-15 13:35:44,461 [pool-88-thread-1] INFO  server.RaftServerConfigKeys (ConfUtils.java:logGet(44)) - raft.server.log.appender.install.snapshot.enabled = false (custom)
2021-03-15 13:35:44,461 [pool-88-thread-1] INFO  server.RaftServer$Division (ServerState.java:<init>(105)) - 7ad4b354-5524-4bbe-8c06-278e17beb4ab@group-9C73DC2E5CBF: ConfigurationManager, init=-1: [275eefd6-a602-4773-a0ea-a3b6f7cdc32e|rpc:172.17.0.2:44945|dataStream:|priority:0, 7ad4b354-5524-4bbe-8c06-278e17beb4ab|rpc:172.17.0.2:36095|dataStream:|priority:1, 2479fe59-7b65-4ff2-bce5-1a4041a1f829|rpc:172.17.0.2:46445|dataStream:|priority:0], old=null, confs=<EMPTY_MAP>
2021-03-15 13:35:44,461 [pool-88-thread-1] INFO  server.RaftServerConfigKeys (ConfUtils.java:logGet(44)) - raft.server.storage.dir = [/github/workspace/mnt/ozone/hadoop-ozone/integration-test/target/test-dir/MiniOzoneClusterImpl-12ebc720-05ee-4469-9130-5183c7181a17/datanode-3/data/ratis] (custom)
2021-03-15 13:35:44,461 [pool-88-thread-1] INFO  server.RaftServerConfigKeys (ConfUtils.java:logGet(44)) - raft.server.log.corruption.policy = EXCEPTION (default)
2021-03-15 13:35:44,461 [pool-88-thread-1] INFO  storage.RaftStorageDirectory (RaftStorageDirectoryImpl.java:analyzeStorage(132)) - The storage directory /github/workspace/mnt/ozone/hadoop-ozone/integration-test/target/test-dir/MiniOzoneClusterImpl-12ebc720-05ee-4469-9130-5183c7181a17/datanode-3/data/ratis/b63b7cd9-4191-44cc-86bf-9c73dc2e5cbf does not exist. Creating ...
2021-03-15 13:35:44,462 [Command processor thread] INFO  commandhandler.CreatePipelineCommandHandler (CreatePipelineCommandHandler.java:handle(106)) - Created Pipeline RATIS THREE PipelineID=7158f7ae-ef3b-4084-8cca-44737836dd86.
2021-03-15 13:35:44,462 [EventQueue-PipelineReportForOneReplicaPipelineSafeModeRule] INFO  safemode.SCMSafeModeManager (SCMSafeModeManager.java:validateSafeModeExitRules(214)) - AtleastOneDatanodeReportedRule rule is successfully validated
2021-03-15 13:35:44,463 [EventQueue-OpenPipelineForHealthyPipelineSafeModeRule] INFO  safemode.SCMSafeModeManager (HealthyPipelineSafeModeRule.java:process(128)) - SCM in safe mode. Healthy pipelines reported count is 0, required healthy pipeline reported count is 1
2021-03-15 13:35:44,463 [Command processor thread] ERROR commandhandler.CreatePipelineCommandHandler (CreatePipelineCommandHandler.java:handle(111)) - Can't create pipeline RATIS THREE PipelineID=b63b7cd9-4191-44cc-86bf-9c73dc2e5cbf
java.io.IOException: 7ad4b354-5524-4bbe-8c06-278e17beb4ab: Failed to add group-9C73DC2E5CBF:[275eefd6-a602-4773-a0ea-a3b6f7cdc32e|rpc:172.17.0.2:44945|priority:0, 7ad4b354-5524-4bbe-8c06-278e17beb4ab|rpc:172.17.0.2:36095|priority:1, 2479fe59-7b65-4ff2-bce5-1a4041a1f829|rpc:172.17.0.2:46445|priority:0] since the group already exists in the map.
	at org.apache.hadoop.ozone.container.common.transport.server.ratis.XceiverServerRatis.addGroup(XceiverServerRatis.java:799)
	at org.apache.hadoop.ozone.container.common.statemachine.commandhandler.CreatePipelineCommandHandler.handle(CreatePipelineCommandHandler.java:92)
	at org.apache.hadoop.ozone.container.common.statemachine.commandhandler.CommandDispatcher.handle(CommandDispatcher.java:99)
	at org.apache.hadoop.ozone.container.common.statemachine.DatanodeStateMachine.lambda$initCommandHandlerThread$2(DatanodeStateMachine.java:506)
	at java.lang.Thread.run(Thread.java:748)
Caused by: org.apache.ratis.protocol.exceptions.AlreadyExistsException: 7ad4b354-5524-4bbe-8c06-278e17beb4ab: Failed to add group-9C73DC2E5CBF:[275eefd6-a602-4773-a0ea-a3b6f7cdc32e|rpc:172.17.0.2:44945|priority:0, 7ad4b354-5524-4bbe-8c06-278e17beb4ab|rpc:172.17.0.2:36095|priority:1, 2479fe59-7b65-4ff2-bce5-1a4041a1f829|rpc:172.17.0.2:46445|priority:0] since the group already exists in the map.
	at org.apache.ratis.server.impl.RaftServerProxy$ImplMap.addNew(RaftServerProxy.java:89)
	at org.apache.ratis.server.impl.RaftServerProxy.groupAddAsync(RaftServerProxy.java:472)
	at org.apache.ratis.server.impl.RaftServerProxy.groupManagementAsync(RaftServerProxy.java:456)
	at org.apache.ratis.server.impl.RaftServerProxy.groupManagement(RaftServerProxy.java:440)
	at org.apache.hadoop.ozone.container.common.transport.server.ratis.XceiverServerRatis.addGroup(XceiverServerRatis.java:797)
	... 4 more
2021-03-15 13:35:44,464 [pool-88-thread-1] INFO  storage.RaftStorageDirectory (RaftStorageDirectoryImpl.java:tryLock(215)) - Lock on /github/workspace/mnt/ozone/hadoop-ozone/integration-test/target/test-dir/MiniOzoneClusterImpl-12ebc720-05ee-4469-9130-5183c7181a17/datanode-3/data/ratis/b63b7cd9-4191-44cc-86bf-9c73dc2e5cbf/in_use.lock acquired by nodename 27773@287f2862ff4e
2021-03-15 13:35:44,467 [Command processor thread] INFO  metrics.RatisMetrics (RatisMetrics.java:lambda$create$0(36)) - Creating Metrics Registry : ratis.client_message_metrics.client-2178A54EA13A->8d28b06d-ee05-40ab-87ae-857598c7fa3f
2021-03-15 13:35:44,468 [pool-88-thread-1] INFO  storage.RaftStorage (RaftStorageImpl.java:format(87)) - Storage directory /github/workspace/mnt/ozone/hadoop-ozone/integration-test/target/test-dir/MiniOzoneClusterImpl-12ebc720-05ee-4469-9130-5183c7181a17/datanode-3/data/ratis/b63b7cd9-4191-44cc-86bf-9c73dc2e5cbf has been successfully formatted.
2021-03-15 13:35:44,469 [EventQueue-PipelineReportForOneReplicaPipelineSafeModeRule] INFO  safemode.SCMSafeModeManager (SCMSafeModeManager.java:validateSafeModeExitRules(214)) - AtleastOneDatanodeReportedRule rule is successfully validated
2021-03-15 13:35:44,469 [EventQueue-OpenPipelineForHealthyPipelineSafeModeRule] INFO  safemode.SCMSafeModeManager (HealthyPipelineSafeModeRule.java:process(128)) - SCM in safe mode. Healthy pipelines reported count is 0, required healthy pipeline reported count is 1
2021-03-15 13:35:44,469 [pool-88-thread-1] INFO  ratis.ContainerStateMachine (ContainerStateMachine.java:loadSnapshot(223)) - group-9C73DC2E5CBF: The snapshot info is null. Setting the last applied indexto:(t:0, i:~)
2021-03-15 13:35:44,469 [pool-88-thread-1] ERROR storage.RaftStorage (RaftStorageImpl.java:readRaftConfiguration(147)) - Failed reading configuration from file:/github/workspace/mnt/ozone/hadoop-ozone/integration-test/target/test-dir/MiniOzoneClusterImpl-12ebc720-05ee-4469-9130-5183c7181a17/datanode-3/data/ratis/b63b7cd9-4191-44cc-86bf-9c73dc2e5cbf/current/raft-meta.conf
java.io.FileNotFoundException: /github/workspace/mnt/ozone/hadoop-ozone/integration-test/target/test-dir/MiniOzoneClusterImpl-12ebc720-05ee-4469-9130-5183c7181a17/datanode-3/data/ratis/b63b7cd9-4191-44cc-86bf-9c73dc2e5cbf/current/raft-meta.conf (No such file or directory)
	at java.io.FileInputStream.open0(Native Method)
	at java.io.FileInputStream.open(FileInputStream.java:195)
	at java.io.FileInputStream.<init>(FileInputStream.java:138)
	at org.apache.ratis.server.storage.RaftStorageImpl.readRaftConfiguration(RaftStorageImpl.java:143)
	at org.apache.ratis.server.impl.ServerState.<init>(ServerState.java:122)
	at org.apache.ratis.server.impl.RaftServerImpl.<init>(RaftServerImpl.java:193)
	at org.apache.ratis.server.impl.RaftServerProxy.lambda$newRaftServerImpl$4(RaftServerProxy.java:266)
	at java.util.concurrent.CompletableFuture$AsyncSupply.run(CompletableFuture.java:1604)
	at java.util.concurrent.ThreadPoolExecutor.runWorker(ThreadPoolExecutor.java:1149)
	at java.util.concurrent.ThreadPoolExecutor$Worker.run(ThreadPoolExecutor.java:624)
	at java.lang.Thread.run(Thread.java:748)
2021-03-15 13:35:44,470 [EventQueue-OpenPipelineForHealthyPipelineSafeModeRule] INFO  safemode.SCMSafeModeManager (HealthyPipelineSafeModeRule.java:process(128)) - SCM in safe mode. Healthy pipelines reported count is 0, required healthy pipeline reported count is 1
2021-03-15 13:35:44,470 [pool-88-thread-1] INFO  server.RaftServerConfigKeys (ConfUtils.java:logGet(44)) - raft.server.notification.no-leader.timeout = 300000ms (custom)
2021-03-15 13:35:44,470 [pool-88-thread-1] INFO  server.RaftServerConfigKeys (ConfUtils.java:logGet(44)) - raft.server.log.use.memory = false (default)
2021-03-15 13:35:44,471 [pool-88-thread-1] INFO  server.RaftServerConfigKeys (ConfUtils.java:logGet(44)) - raft.server.log.purge.gap = 1000000 (custom)
2021-03-15 13:35:44,471 [pool-88-thread-1] INFO  server.RaftServerConfigKeys (ConfUtils.java:logGet(44)) - raft.server.log.appender.buffer.byte-limit = 33554432 (custom)
2021-03-15 13:35:44,471 [pool-88-thread-1] INFO  metrics.RatisMetrics (RatisMetrics.java:lambda$create$0(36)) - Creating Metrics Registry : ratis.log_worker.7ad4b354-5524-4bbe-8c06-278e17beb4ab@group-9C73DC2E5CBF
2021-03-15 13:35:44,471 [pool-88-thread-1] INFO  server.RaftServerConfigKeys (ConfUtils.java:logGet(44)) - raft.server.log.segment.size.max = 1048576 (custom)
2021-03-15 13:35:44,470 [EventQueue-PipelineReportForOneReplicaPipelineSafeModeRule] INFO  safemode.SCMSafeModeManager (SCMSafeModeManager.java:validateSafeModeExitRules(214)) - AtleastOneDatanodeReportedRule rule is successfully validated
2021-03-15 13:35:44,471 [EventQueue-PipelineReportForOneReplicaPipelineSafeModeRule] INFO  safemode.SCMSafeModeManager (SCMSafeModeManager.java:validateSafeModeExitRules(214)) - AtleastOneDatanodeReportedRule rule is successfully validated
2021-03-15 13:35:44,472 [EventQueue-OpenPipelineForHealthyPipelineSafeModeRule] INFO  safemode.SCMSafeModeManager (HealthyPipelineSafeModeRule.java:process(128)) - SCM in safe mode. Healthy pipelines reported count is 0, required healthy pipeline reported count is 1
2021-03-15 13:35:44,472 [EventQueue-OpenPipelineForHealthyPipelineSafeModeRule] INFO  safemode.SCMSafeModeManager (HealthyPipelineSafeModeRule.java:process(128)) - SCM in safe mode. Healthy pipelines reported count is 0, required healthy pipeline reported count is 1
2021-03-15 13:35:44,473 [EventQueue-PipelineReportForOneReplicaPipelineSafeModeRule] INFO  safemode.SCMSafeModeManager (SCMSafeModeManager.java:validateSafeModeExitRules(214)) - AtleastOneDatanodeReportedRule rule is successfully validated
2021-03-15 13:35:44,473 [pool-88-thread-1] INFO  server.RaftServerConfigKeys (ConfUtils.java:logGet(44)) - raft.server.log.segment.cache.num.max = 2 (custom)
2021-03-15 13:35:44,474 [pool-88-thread-1] INFO  server.RaftServerConfigKeys (ConfUtils.java:logGet(44)) - raft.server.log.segment.cache.size.max = 200MB (=209715200) (default)
2021-03-15 13:35:44,474 [EventQueue-PipelineReportForOneReplicaPipelineSafeModeRule] INFO  safemode.SCMSafeModeManager (SCMSafeModeManager.java:validateSafeModeExitRules(214)) - AtleastOneDatanodeReportedRule rule is successfully validated
2021-03-15 13:35:44,474 [pool-88-thread-1] INFO  segmented.SegmentedRaftLogWorker (SegmentedRaftLogWorker.java:<init>(181)) - new 7ad4b354-5524-4bbe-8c06-278e17beb4ab@group-9C73DC2E5CBF-SegmentedRaftLogWorker for RaftStorageImpl:Storage Directory /github/workspace/mnt/ozone/hadoop-ozone/integration-test/target/test-dir/MiniOzoneClusterImpl-12ebc720-05ee-4469-9130-5183c7181a17/datanode-3/data/ratis/b63b7cd9-4191-44cc-86bf-9c73dc2e5cbf
2021-03-15 13:35:44,474 [EventQueue-OpenPipelineForHealthyPipelineSafeModeRule] INFO  safemode.SCMSafeModeManager (HealthyPipelineSafeModeRule.java:process(128)) - SCM in safe mode. Healthy pipelines reported count is 0, required healthy pipeline reported count is 1
2021-03-15 13:35:44,475 [pool-88-thread-1] INFO  server.RaftServerConfigKeys (ConfUtils.java:logGet(44)) - raft.server.log.queue.byte-limit = 2147483647 (custom)
2021-03-15 13:35:44,476 [pool-88-thread-1] INFO  server.RaftServerConfigKeys (ConfUtils.java:logGet(44)) - raft.server.log.queue.element-limit = 1024 (custom)
2021-03-15 13:35:44,476 [pool-88-thread-1] INFO  server.RaftServerConfigKeys (ConfUtils.java:logGet(44)) - raft.server.log.segment.size.max = 1048576 (custom)
2021-03-15 13:35:44,476 [pool-88-thread-1] INFO  server.RaftServerConfigKeys (ConfUtils.java:logGet(44)) - raft.server.log.preallocated.size = 16384 (custom)
2021-03-15 13:35:44,476 [pool-88-thread-1] INFO  server.RaftServerConfigKeys (ConfUtils.java:logGet(44)) - raft.server.log.force.sync.num = 128 (default)
2021-03-15 13:35:44,476 [pool-88-thread-1] INFO  server.RaftServerConfigKeys (ConfUtils.java:logGet(44)) - raft.server.log.statemachine.data.sync = true (default)
2021-03-15 13:35:44,476 [pool-88-thread-1] INFO  server.RaftServerConfigKeys (ConfUtils.java:logGet(44)) - raft.server.log.statemachine.data.sync.timeout = 10s (default)
2021-03-15 13:35:44,476 [pool-88-thread-1] INFO  server.RaftServerConfigKeys (ConfUtils.java:logGet(44)) - raft.server.log.statemachine.data.sync.timeout.retry = -1 (default)
2021-03-15 13:35:44,478 [pool-88-thread-1] INFO  server.RaftServerConfigKeys (ConfUtils.java:logGet(44)) - raft.server.log.write.buffer.size = 1048576 (custom)
2021-03-15 13:35:44,480 [grpc-default-executor-0] INFO  metrics.RatisMetrics (RatisMetrics.java:lambda$create$0(36)) - Creating Metrics Registry : ratis.server_message_metrics.cbb45d95-806f-4aa6-a8d4-3f48f4f3d8f4
2021-03-15 13:35:44,486 [pool-88-thread-1] INFO  server.RaftServerConfigKeys (ConfUtils.java:logGet(44)) - raft.server.log.statemachine.data.caching.enabled = true (custom)
2021-03-15 13:35:44,487 [pool-88-thread-1] INFO  segmented.SegmentedRaftLogWorker (SegmentedRaftLogWorker.java:lambda$new$0(132)) - 7ad4b354-5524-4bbe-8c06-278e17beb4ab@group-9C73DC2E5CBF-SegmentedRaftLogWorker: flushIndex: setUnconditionally 0 -> -1
2021-03-15 13:35:44,487 [pool-88-thread-1] INFO  segmented.SegmentedRaftLogWorker (SegmentedRaftLogWorker.java:lambda$new$0(132)) - 7ad4b354-5524-4bbe-8c06-278e17beb4ab@group-9C73DC2E5CBF-SegmentedRaftLogWorker: safeCacheEvictIndex: setUnconditionally 0 -> -1
2021-03-15 13:35:44,493 [pool-88-thread-1] INFO  server.RaftServerConfigKeys (ConfUtils.java:logGet(44)) - raft.server.snapshot.auto.trigger.enabled = true (custom)
2021-03-15 13:35:44,493 [pool-88-thread-1] INFO  server.RaftServerConfigKeys (ConfUtils.java:logGet(44)) - raft.server.snapshot.auto.trigger.threshold = 1 (custom)
2021-03-15 13:35:44,493 [pool-88-thread-1] INFO  server.RaftServerConfigKeys (ConfUtils.java:logGet(44)) - raft.server.snapshot.retention.file.num = 5 (custom)
2021-03-15 13:35:44,493 [pool-88-thread-1] INFO  server.RaftServerConfigKeys (ConfUtils.java:logGet(44)) - raft.server.log.purge.upto.snapshot.index = false (default)
2021-03-15 13:35:44,494 [pool-88-thread-1] INFO  server.RaftServerConfigKeys (ConfUtils.java:logGet(44)) - raft.server.retrycache.expirytime = 600000ms (custom)
2021-03-15 13:35:44,494 [pool-88-thread-1] INFO  server.RaftServerConfigKeys (ConfUtils.java:logGet(44)) - raft.server.retrycache.statistics.expirytime = 100?s (default)
2021-03-15 13:35:44,496 [pool-88-thread-1] INFO  metrics.RatisMetrics (RatisMetrics.java:lambda$create$0(36)) - Creating Metrics Registry : ratis.leader_election.7ad4b354-5524-4bbe-8c06-278e17beb4ab@group-9C73DC2E5CBF
2021-03-15 13:35:44,496 [pool-88-thread-1] INFO  metrics.RatisMetrics (RatisMetrics.java:lambda$create$0(36)) - Creating Metrics Registry : ratis.server.7ad4b354-5524-4bbe-8c06-278e17beb4ab@group-9C73DC2E5CBF
2021-03-15 13:35:44,497 [pool-88-thread-1] INFO  server.RaftServer$Division (RaftServerImpl.java:start(295)) - 7ad4b354-5524-4bbe-8c06-278e17beb4ab@group-9C73DC2E5CBF: start as a follower, conf=-1: [275eefd6-a602-4773-a0ea-a3b6f7cdc32e|rpc:172.17.0.2:44945|dataStream:|priority:0, 7ad4b354-5524-4bbe-8c06-278e17beb4ab|rpc:172.17.0.2:36095|dataStream:|priority:1, 2479fe59-7b65-4ff2-bce5-1a4041a1f829|rpc:172.17.0.2:46445|dataStream:|priority:0], old=null
2021-03-15 13:35:44,498 [pool-88-thread-1] INFO  server.RaftServer$Division (RaftServerImpl.java:setRole(284)) - 7ad4b354-5524-4bbe-8c06-278e17beb4ab@group-9C73DC2E5CBF: changes role from      null to FOLLOWER at term 0 for startAsFollower
2021-03-15 13:35:44,506 [pool-88-thread-1] INFO  impl.RoleInfo (RoleInfo.java:updateAndGet(130)) - 7ad4b354-5524-4bbe-8c06-278e17beb4ab: start 7ad4b354-5524-4bbe-8c06-278e17beb4ab@group-9C73DC2E5CBF-FollowerState
2021-03-15 13:35:44,510 [pool-88-thread-1] INFO  util.JmxRegister (JmxRegister.java:tryRegister(44)) - Successfully registered JMX Bean with object name Ratis:service=RaftServer,group=group-9C73DC2E5CBF,id=7ad4b354-5524-4bbe-8c06-278e17beb4ab
2021-03-15 13:35:44,510 [pool-88-thread-1] INFO  metrics.RatisMetrics (RatisMetrics.java:lambda$create$0(36)) - Creating Metrics Registry : ratis.state_machine.7ad4b354-5524-4bbe-8c06-278e17beb4ab@group-9C73DC2E5CBF
2021-03-15 13:35:44,544 [EventQueue-PipelineReportForOneReplicaPipelineSafeModeRule] INFO  safemode.SCMSafeModeManager (SCMSafeModeManager.java:validateSafeModeExitRules(214)) - AtleastOneDatanodeReportedRule rule is successfully validated
2021-03-15 13:35:44,544 [EventQueue-OpenPipelineForHealthyPipelineSafeModeRule] INFO  safemode.SCMSafeModeManager (HealthyPipelineSafeModeRule.java:process(128)) - SCM in safe mode. Healthy pipelines reported count is 0, required healthy pipeline reported count is 1
2021-03-15 13:35:44,550 [Command processor thread] INFO  commandhandler.CreatePipelineCommandHandler (CreatePipelineCommandHandler.java:handle(106)) - Created Pipeline RATIS THREE PipelineID=b63b7cd9-4191-44cc-86bf-9c73dc2e5cbf.
2021-03-15 13:35:44,556 [EventQueue-PipelineReportForOneReplicaPipelineSafeModeRule] INFO  safemode.SCMSafeModeManager (SCMSafeModeManager.java:validateSafeModeExitRules(214)) - AtleastOneDatanodeReportedRule rule is successfully validated
2021-03-15 13:35:44,556 [EventQueue-OpenPipelineForHealthyPipelineSafeModeRule] INFO  safemode.SCMSafeModeManager (HealthyPipelineSafeModeRule.java:process(128)) - SCM in safe mode. Healthy pipelines reported count is 0, required healthy pipeline reported count is 1
2021-03-15 13:35:44,568 [Command processor thread] INFO  commandhandler.CreatePipelineCommandHandler (CreatePipelineCommandHandler.java:handle(106)) - Created Pipeline RATIS THREE PipelineID=55541119-2898-47c0-aa16-984857f48b05.
2021-03-15 13:35:44,568 [Command processor thread] INFO  server.RaftServer (RaftServerProxy.java:addNew(95)) - 8d28b06d-ee05-40ab-87ae-857598c7fa3f: addNew group-DF338D8FF67D:[91c1ad6d-8d99-4a41-8a32-9427c133f69b|rpc:172.17.0.2:42395|priority:0, cbb45d95-806f-4aa6-a8d4-3f48f4f3d8f4|rpc:172.17.0.2:36727|priority:0, 8d28b06d-ee05-40ab-87ae-857598c7fa3f|rpc:172.17.0.2:38475|priority:1] returns group-DF338D8FF67D:java.util.concurrent.CompletableFuture@892c1ee[Not completed]
2021-03-15 13:35:44,569 [pool-168-thread-1] INFO  server.RaftServer$Division (RaftServerImpl.java:<init>(180)) - 8d28b06d-ee05-40ab-87ae-857598c7fa3f: new RaftServerImpl for group-DF338D8FF67D:[91c1ad6d-8d99-4a41-8a32-9427c133f69b|rpc:172.17.0.2:42395|priority:0, cbb45d95-806f-4aa6-a8d4-3f48f4f3d8f4|rpc:172.17.0.2:36727|priority:0, 8d28b06d-ee05-40ab-87ae-857598c7fa3f|rpc:172.17.0.2:38475|priority:1] with ContainerStateMachine:uninitialized
2021-03-15 13:35:44,569 [pool-168-thread-1] INFO  server.RaftServerConfigKeys (ConfUtils.java:logGet(44)) - raft.server.rpc.timeout.min = 5s (custom)
2021-03-15 13:35:44,569 [pool-168-thread-1] INFO  server.RaftServerConfigKeys (ConfUtils.java:logGet(44)) - raft.server.rpc.timeout.max = 5200ms (custom)
2021-03-15 13:35:44,569 [pool-168-thread-1] INFO  server.RaftServerConfigKeys (ConfUtils.java:logGet(44)) - raft.server.rpc.sleep.time = 25ms (default)
2021-03-15 13:35:44,569 [pool-168-thread-1] INFO  server.RaftServerConfigKeys (ConfUtils.java:logGet(44)) - raft.server.rpc.slowness.timeout = 300000ms (custom)
2021-03-15 13:35:44,570 [pool-168-thread-1] INFO  server.RaftServerConfigKeys (ConfUtils.java:logGet(44)) - raft.server.leaderelection.leader.step-down.wait-time = 10s (default)
2021-03-15 13:35:44,570 [pool-168-thread-1] INFO  server.RaftServerConfigKeys (ConfUtils.java:logGet(44)) - raft.server.sleep.deviation.threshold = 300ms (default)
2021-03-15 13:35:44,570 [pool-168-thread-1] INFO  server.RaftServerConfigKeys (ConfUtils.java:logGet(44)) - raft.server.log.appender.install.snapshot.enabled = false (custom)
2021-03-15 13:35:44,570 [pool-168-thread-1] INFO  server.RaftServer$Division (ServerState.java:<init>(105)) - 8d28b06d-ee05-40ab-87ae-857598c7fa3f@group-DF338D8FF67D: ConfigurationManager, init=-1: [91c1ad6d-8d99-4a41-8a32-9427c133f69b|rpc:172.17.0.2:42395|priority:0, cbb45d95-806f-4aa6-a8d4-3f48f4f3d8f4|rpc:172.17.0.2:36727|priority:0, 8d28b06d-ee05-40ab-87ae-857598c7fa3f|rpc:172.17.0.2:38475|priority:1], old=null, confs=<EMPTY_MAP>
2021-03-15 13:35:44,570 [pool-168-thread-1] INFO  server.RaftServerConfigKeys (ConfUtils.java:logGet(44)) - raft.server.storage.dir = [/github/workspace/mnt/ozone/hadoop-ozone/integration-test/target/test-dir/MiniOzoneClusterImpl-12ebc720-05ee-4469-9130-5183c7181a17/datanode-8/data/ratis] (custom)
2021-03-15 13:35:44,570 [pool-168-thread-1] INFO  server.RaftServerConfigKeys (ConfUtils.java:logGet(44)) - raft.server.log.corruption.policy = EXCEPTION (default)
2021-03-15 13:35:44,570 [pool-168-thread-1] INFO  storage.RaftStorageDirectory (RaftStorageDirectoryImpl.java:analyzeStorage(132)) - The storage directory /github/workspace/mnt/ozone/hadoop-ozone/integration-test/target/test-dir/MiniOzoneClusterImpl-12ebc720-05ee-4469-9130-5183c7181a17/datanode-8/data/ratis/c18e5db0-2951-40e5-b007-df338d8ff67d does not exist. Creating ...
2021-03-15 13:35:44,571 [Command processor thread] INFO  commandhandler.CreatePipelineCommandHandler (CreatePipelineCommandHandler.java:handle(106)) - Created Pipeline RATIS THREE PipelineID=55541119-2898-47c0-aa16-984857f48b05.
2021-03-15 13:35:44,572 [Command processor thread] INFO  server.RaftServer (RaftServerProxy.java:addNew(95)) - 91c1ad6d-8d99-4a41-8a32-9427c133f69b: addNew group-DF338D8FF67D:[91c1ad6d-8d99-4a41-8a32-9427c133f69b|rpc:172.17.0.2:42395|priority:0, cbb45d95-806f-4aa6-a8d4-3f48f4f3d8f4|rpc:172.17.0.2:36727|priority:0, 8d28b06d-ee05-40ab-87ae-857598c7fa3f|rpc:172.17.0.2:38475|priority:1] returns group-DF338D8FF67D:java.util.concurrent.CompletableFuture@3b9600a[Not completed]
2021-03-15 13:35:44,572 [EventQueue-PipelineReportForOneReplicaPipelineSafeModeRule] INFO  safemode.SCMSafeModeManager (SCMSafeModeManager.java:validateSafeModeExitRules(214)) - AtleastOneDatanodeReportedRule rule is successfully validated
2021-03-15 13:35:44,572 [EventQueue-OpenPipelineForHealthyPipelineSafeModeRule] INFO  safemode.SCMSafeModeManager (HealthyPipelineSafeModeRule.java:process(128)) - SCM in safe mode. Healthy pipelines reported count is 0, required healthy pipeline reported count is 1
2021-03-15 13:35:44,573 [pool-168-thread-1] INFO  storage.RaftStorageDirectory (RaftStorageDirectoryImpl.java:tryLock(215)) - Lock on /github/workspace/mnt/ozone/hadoop-ozone/integration-test/target/test-dir/MiniOzoneClusterImpl-12ebc720-05ee-4469-9130-5183c7181a17/datanode-8/data/ratis/c18e5db0-2951-40e5-b007-df338d8ff67d/in_use.lock acquired by nodename 27773@287f2862ff4e
2021-03-15 13:35:44,573 [pool-135-thread-1] INFO  server.RaftServer$Division (RaftServerImpl.java:<init>(180)) - 91c1ad6d-8d99-4a41-8a32-9427c133f69b: new RaftServerImpl for group-DF338D8FF67D:[91c1ad6d-8d99-4a41-8a32-9427c133f69b|rpc:172.17.0.2:42395|priority:0, cbb45d95-806f-4aa6-a8d4-3f48f4f3d8f4|rpc:172.17.0.2:36727|priority:0, 8d28b06d-ee05-40ab-87ae-857598c7fa3f|rpc:172.17.0.2:38475|priority:1] with ContainerStateMachine:uninitialized
2021-03-15 13:35:44,573 [pool-135-thread-1] INFO  server.RaftServerConfigKeys (ConfUtils.java:logGet(44)) - raft.server.rpc.timeout.min = 5s (custom)
2021-03-15 13:35:44,573 [pool-135-thread-1] INFO  server.RaftServerConfigKeys (ConfUtils.java:logGet(44)) - raft.server.rpc.timeout.max = 5200ms (custom)
2021-03-15 13:35:44,573 [pool-135-thread-1] INFO  server.RaftServerConfigKeys (ConfUtils.java:logGet(44)) - raft.server.rpc.sleep.time = 25ms (default)
2021-03-15 13:35:44,573 [pool-135-thread-1] INFO  server.RaftServerConfigKeys (ConfUtils.java:logGet(44)) - raft.server.rpc.slowness.timeout = 300000ms (custom)
2021-03-15 13:35:44,573 [pool-135-thread-1] INFO  server.RaftServerConfigKeys (ConfUtils.java:logGet(44)) - raft.server.leaderelection.leader.step-down.wait-time = 10s (default)
2021-03-15 13:35:44,574 [pool-135-thread-1] INFO  server.RaftServerConfigKeys (ConfUtils.java:logGet(44)) - raft.server.sleep.deviation.threshold = 300ms (default)
2021-03-15 13:35:44,574 [pool-135-thread-1] INFO  server.RaftServerConfigKeys (ConfUtils.java:logGet(44)) - raft.server.log.appender.install.snapshot.enabled = false (custom)
2021-03-15 13:35:44,574 [pool-135-thread-1] INFO  server.RaftServer$Division (ServerState.java:<init>(105)) - 91c1ad6d-8d99-4a41-8a32-9427c133f69b@group-DF338D8FF67D: ConfigurationManager, init=-1: [91c1ad6d-8d99-4a41-8a32-9427c133f69b|rpc:172.17.0.2:42395|priority:0, cbb45d95-806f-4aa6-a8d4-3f48f4f3d8f4|rpc:172.17.0.2:36727|priority:0, 8d28b06d-ee05-40ab-87ae-857598c7fa3f|rpc:172.17.0.2:38475|priority:1], old=null, confs=<EMPTY_MAP>
2021-03-15 13:35:44,574 [pool-135-thread-1] INFO  server.RaftServerConfigKeys (ConfUtils.java:logGet(44)) - raft.server.storage.dir = [/github/workspace/mnt/ozone/hadoop-ozone/integration-test/target/test-dir/MiniOzoneClusterImpl-12ebc720-05ee-4469-9130-5183c7181a17/datanode-6/data/ratis] (custom)
2021-03-15 13:35:44,574 [pool-135-thread-1] INFO  server.RaftServerConfigKeys (ConfUtils.java:logGet(44)) - raft.server.log.corruption.policy = EXCEPTION (default)
2021-03-15 13:35:44,574 [pool-135-thread-1] INFO  storage.RaftStorageDirectory (RaftStorageDirectoryImpl.java:analyzeStorage(132)) - The storage directory /github/workspace/mnt/ozone/hadoop-ozone/integration-test/target/test-dir/MiniOzoneClusterImpl-12ebc720-05ee-4469-9130-5183c7181a17/datanode-6/data/ratis/c18e5db0-2951-40e5-b007-df338d8ff67d does not exist. Creating ...
2021-03-15 13:35:44,576 [pool-168-thread-1] INFO  storage.RaftStorage (RaftStorageImpl.java:format(87)) - Storage directory /github/workspace/mnt/ozone/hadoop-ozone/integration-test/target/test-dir/MiniOzoneClusterImpl-12ebc720-05ee-4469-9130-5183c7181a17/datanode-8/data/ratis/c18e5db0-2951-40e5-b007-df338d8ff67d has been successfully formatted.
2021-03-15 13:35:44,576 [pool-135-thread-1] INFO  storage.RaftStorageDirectory (RaftStorageDirectoryImpl.java:tryLock(215)) - Lock on /github/workspace/mnt/ozone/hadoop-ozone/integration-test/target/test-dir/MiniOzoneClusterImpl-12ebc720-05ee-4469-9130-5183c7181a17/datanode-6/data/ratis/c18e5db0-2951-40e5-b007-df338d8ff67d/in_use.lock acquired by nodename 27773@287f2862ff4e
2021-03-15 13:35:44,576 [pool-168-thread-1] INFO  ratis.ContainerStateMachine (ContainerStateMachine.java:loadSnapshot(223)) - group-DF338D8FF67D: The snapshot info is null. Setting the last applied indexto:(t:0, i:~)
2021-03-15 13:35:44,577 [pool-168-thread-1] ERROR storage.RaftStorage (RaftStorageImpl.java:readRaftConfiguration(147)) - Failed reading configuration from file:/github/workspace/mnt/ozone/hadoop-ozone/integration-test/target/test-dir/MiniOzoneClusterImpl-12ebc720-05ee-4469-9130-5183c7181a17/datanode-8/data/ratis/c18e5db0-2951-40e5-b007-df338d8ff67d/current/raft-meta.conf
java.io.FileNotFoundException: /github/workspace/mnt/ozone/hadoop-ozone/integration-test/target/test-dir/MiniOzoneClusterImpl-12ebc720-05ee-4469-9130-5183c7181a17/datanode-8/data/ratis/c18e5db0-2951-40e5-b007-df338d8ff67d/current/raft-meta.conf (No such file or directory)
	at java.io.FileInputStream.open0(Native Method)
	at java.io.FileInputStream.open(FileInputStream.java:195)
	at java.io.FileInputStream.<init>(FileInputStream.java:138)
	at org.apache.ratis.server.storage.RaftStorageImpl.readRaftConfiguration(RaftStorageImpl.java:143)
	at org.apache.ratis.server.impl.ServerState.<init>(ServerState.java:122)
	at org.apache.ratis.server.impl.RaftServerImpl.<init>(RaftServerImpl.java:193)
	at org.apache.ratis.server.impl.RaftServerProxy.lambda$newRaftServerImpl$4(RaftServerProxy.java:266)
	at java.util.concurrent.CompletableFuture$AsyncSupply.run(CompletableFuture.java:1604)
	at java.util.concurrent.ThreadPoolExecutor.runWorker(ThreadPoolExecutor.java:1149)
	at java.util.concurrent.ThreadPoolExecutor$Worker.run(ThreadPoolExecutor.java:624)
	at java.lang.Thread.run(Thread.java:748)
2021-03-15 13:35:44,577 [pool-168-thread-1] INFO  server.RaftServerConfigKeys (ConfUtils.java:logGet(44)) - raft.server.notification.no-leader.timeout = 300000ms (custom)
2021-03-15 13:35:44,577 [pool-168-thread-1] INFO  server.RaftServerConfigKeys (ConfUtils.java:logGet(44)) - raft.server.log.use.memory = false (default)
2021-03-15 13:35:44,577 [pool-168-thread-1] INFO  server.RaftServerConfigKeys (ConfUtils.java:logGet(44)) - raft.server.log.purge.gap = 1000000 (custom)
2021-03-15 13:35:44,577 [pool-168-thread-1] INFO  server.RaftServerConfigKeys (ConfUtils.java:logGet(44)) - raft.server.log.appender.buffer.byte-limit = 33554432 (custom)
2021-03-15 13:35:44,577 [pool-168-thread-1] INFO  metrics.RatisMetrics (RatisMetrics.java:lambda$create$0(36)) - Creating Metrics Registry : ratis.log_worker.8d28b06d-ee05-40ab-87ae-857598c7fa3f@group-DF338D8FF67D
2021-03-15 13:35:44,577 [pool-168-thread-1] INFO  server.RaftServerConfigKeys (ConfUtils.java:logGet(44)) - raft.server.log.segment.size.max = 1048576 (custom)
2021-03-15 13:35:44,578 [pool-168-thread-1] INFO  server.RaftServerConfigKeys (ConfUtils.java:logGet(44)) - raft.server.log.segment.cache.num.max = 2 (custom)
2021-03-15 13:35:44,578 [pool-168-thread-1] INFO  server.RaftServerConfigKeys (ConfUtils.java:logGet(44)) - raft.server.log.segment.cache.size.max = 200MB (=209715200) (default)
2021-03-15 13:35:44,578 [pool-168-thread-1] INFO  segmented.SegmentedRaftLogWorker (SegmentedRaftLogWorker.java:<init>(181)) - new 8d28b06d-ee05-40ab-87ae-857598c7fa3f@group-DF338D8FF67D-SegmentedRaftLogWorker for RaftStorageImpl:Storage Directory /github/workspace/mnt/ozone/hadoop-ozone/integration-test/target/test-dir/MiniOzoneClusterImpl-12ebc720-05ee-4469-9130-5183c7181a17/datanode-8/data/ratis/c18e5db0-2951-40e5-b007-df338d8ff67d
2021-03-15 13:35:44,578 [pool-135-thread-1] INFO  storage.RaftStorage (RaftStorageImpl.java:format(87)) - Storage directory /github/workspace/mnt/ozone/hadoop-ozone/integration-test/target/test-dir/MiniOzoneClusterImpl-12ebc720-05ee-4469-9130-5183c7181a17/datanode-6/data/ratis/c18e5db0-2951-40e5-b007-df338d8ff67d has been successfully formatted.
2021-03-15 13:35:44,578 [pool-168-thread-1] INFO  server.RaftServerConfigKeys (ConfUtils.java:logGet(44)) - raft.server.log.queue.byte-limit = 2147483647 (custom)
2021-03-15 13:35:44,578 [pool-168-thread-1] INFO  server.RaftServerConfigKeys (ConfUtils.java:logGet(44)) - raft.server.log.queue.element-limit = 1024 (custom)
2021-03-15 13:35:44,578 [pool-168-thread-1] INFO  server.RaftServerConfigKeys (ConfUtils.java:logGet(44)) - raft.server.log.segment.size.max = 1048576 (custom)
2021-03-15 13:35:44,579 [pool-168-thread-1] INFO  server.RaftServerConfigKeys (ConfUtils.java:logGet(44)) - raft.server.log.preallocated.size = 16384 (custom)
2021-03-15 13:35:44,580 [pool-168-thread-1] INFO  server.RaftServerConfigKeys (ConfUtils.java:logGet(44)) - raft.server.log.force.sync.num = 128 (default)
2021-03-15 13:35:44,580 [pool-168-thread-1] INFO  server.RaftServerConfigKeys (ConfUtils.java:logGet(44)) - raft.server.log.statemachine.data.sync = true (default)
2021-03-15 13:35:44,580 [pool-168-thread-1] INFO  server.RaftServerConfigKeys (ConfUtils.java:logGet(44)) - raft.server.log.statemachine.data.sync.timeout = 10s (default)
2021-03-15 13:35:44,580 [pool-168-thread-1] INFO  server.RaftServerConfigKeys (ConfUtils.java:logGet(44)) - raft.server.log.statemachine.data.sync.timeout.retry = -1 (default)
2021-03-15 13:35:44,579 [pool-135-thread-1] INFO  ratis.ContainerStateMachine (ContainerStateMachine.java:loadSnapshot(223)) - group-DF338D8FF67D: The snapshot info is null. Setting the last applied indexto:(t:0, i:~)
2021-03-15 13:35:44,579 [EventQueue-OpenPipelineForHealthyPipelineSafeModeRule] INFO  safemode.SCMSafeModeManager (HealthyPipelineSafeModeRule.java:process(128)) - SCM in safe mode. Healthy pipelines reported count is 0, required healthy pipeline reported count is 1
2021-03-15 13:35:44,580 [EventQueue-OpenPipelineForHealthyPipelineSafeModeRule] INFO  safemode.SCMSafeModeManager (HealthyPipelineSafeModeRule.java:process(128)) - SCM in safe mode. Healthy pipelines reported count is 0, required healthy pipeline reported count is 1
2021-03-15 13:35:44,579 [EventQueue-PipelineReportForOneReplicaPipelineSafeModeRule] INFO  safemode.SCMSafeModeManager (SCMSafeModeManager.java:validateSafeModeExitRules(214)) - AtleastOneDatanodeReportedRule rule is successfully validated
2021-03-15 13:35:44,581 [EventQueue-PipelineReportForOneReplicaPipelineSafeModeRule] INFO  safemode.SCMSafeModeManager (SCMSafeModeManager.java:validateSafeModeExitRules(214)) - AtleastOneDatanodeReportedRule rule is successfully validated
2021-03-15 13:35:44,581 [pool-135-thread-1] ERROR storage.RaftStorage (RaftStorageImpl.java:readRaftConfiguration(147)) - Failed reading configuration from file:/github/workspace/mnt/ozone/hadoop-ozone/integration-test/target/test-dir/MiniOzoneClusterImpl-12ebc720-05ee-4469-9130-5183c7181a17/datanode-6/data/ratis/c18e5db0-2951-40e5-b007-df338d8ff67d/current/raft-meta.conf
java.io.FileNotFoundException: /github/workspace/mnt/ozone/hadoop-ozone/integration-test/target/test-dir/MiniOzoneClusterImpl-12ebc720-05ee-4469-9130-5183c7181a17/datanode-6/data/ratis/c18e5db0-2951-40e5-b007-df338d8ff67d/current/raft-meta.conf (No such file or directory)
	at java.io.FileInputStream.open0(Native Method)
	at java.io.FileInputStream.open(FileInputStream.java:195)
	at java.io.FileInputStream.<init>(FileInputStream.java:138)
	at org.apache.ratis.server.storage.RaftStorageImpl.readRaftConfiguration(RaftStorageImpl.java:143)
	at org.apache.ratis.server.impl.ServerState.<init>(ServerState.java:122)
	at org.apache.ratis.server.impl.RaftServerImpl.<init>(RaftServerImpl.java:193)
	at org.apache.ratis.server.impl.RaftServerProxy.lambda$newRaftServerImpl$4(RaftServerProxy.java:266)
	at java.util.concurrent.CompletableFuture$AsyncSupply.run(CompletableFuture.java:1604)
	at java.util.concurrent.ThreadPoolExecutor.runWorker(ThreadPoolExecutor.java:1149)
	at java.util.concurrent.ThreadPoolExecutor$Worker.run(ThreadPoolExecutor.java:624)
	at java.lang.Thread.run(Thread.java:748)
2021-03-15 13:35:44,581 [pool-135-thread-1] INFO  server.RaftServerConfigKeys (ConfUtils.java:logGet(44)) - raft.server.notification.no-leader.timeout = 300000ms (custom)
2021-03-15 13:35:44,581 [pool-135-thread-1] INFO  server.RaftServerConfigKeys (ConfUtils.java:logGet(44)) - raft.server.log.use.memory = false (default)
2021-03-15 13:35:44,581 [pool-135-thread-1] INFO  server.RaftServerConfigKeys (ConfUtils.java:logGet(44)) - raft.server.log.purge.gap = 1000000 (custom)
2021-03-15 13:35:44,581 [pool-135-thread-1] INFO  server.RaftServerConfigKeys (ConfUtils.java:logGet(44)) - raft.server.log.appender.buffer.byte-limit = 33554432 (custom)
2021-03-15 13:35:44,581 [pool-135-thread-1] INFO  metrics.RatisMetrics (RatisMetrics.java:lambda$create$0(36)) - Creating Metrics Registry : ratis.log_worker.91c1ad6d-8d99-4a41-8a32-9427c133f69b@group-DF338D8FF67D
2021-03-15 13:35:44,582 [pool-135-thread-1] INFO  server.RaftServerConfigKeys (ConfUtils.java:logGet(44)) - raft.server.log.segment.size.max = 1048576 (custom)
2021-03-15 13:35:44,583 [pool-168-thread-1] INFO  server.RaftServerConfigKeys (ConfUtils.java:logGet(44)) - raft.server.log.write.buffer.size = 1048576 (custom)
2021-03-15 13:35:44,583 [pool-135-thread-1] INFO  server.RaftServerConfigKeys (ConfUtils.java:logGet(44)) - raft.server.log.segment.cache.num.max = 2 (custom)
2021-03-15 13:35:44,583 [pool-135-thread-1] INFO  server.RaftServerConfigKeys (ConfUtils.java:logGet(44)) - raft.server.log.segment.cache.size.max = 200MB (=209715200) (default)
2021-03-15 13:35:44,583 [pool-135-thread-1] INFO  segmented.SegmentedRaftLogWorker (SegmentedRaftLogWorker.java:<init>(181)) - new 91c1ad6d-8d99-4a41-8a32-9427c133f69b@group-DF338D8FF67D-SegmentedRaftLogWorker for RaftStorageImpl:Storage Directory /github/workspace/mnt/ozone/hadoop-ozone/integration-test/target/test-dir/MiniOzoneClusterImpl-12ebc720-05ee-4469-9130-5183c7181a17/datanode-6/data/ratis/c18e5db0-2951-40e5-b007-df338d8ff67d
2021-03-15 13:35:44,585 [pool-135-thread-1] INFO  server.RaftServerConfigKeys (ConfUtils.java:logGet(44)) - raft.server.log.queue.byte-limit = 2147483647 (custom)
2021-03-15 13:35:44,585 [pool-135-thread-1] INFO  server.RaftServerConfigKeys (ConfUtils.java:logGet(44)) - raft.server.log.queue.element-limit = 1024 (custom)
2021-03-15 13:35:44,586 [pool-135-thread-1] INFO  server.RaftServerConfigKeys (ConfUtils.java:logGet(44)) - raft.server.log.segment.size.max = 1048576 (custom)
2021-03-15 13:35:44,586 [pool-135-thread-1] INFO  server.RaftServerConfigKeys (ConfUtils.java:logGet(44)) - raft.server.log.preallocated.size = 16384 (custom)
2021-03-15 13:35:44,586 [pool-135-thread-1] INFO  server.RaftServerConfigKeys (ConfUtils.java:logGet(44)) - raft.server.log.force.sync.num = 128 (default)
2021-03-15 13:35:44,586 [pool-135-thread-1] INFO  server.RaftServerConfigKeys (ConfUtils.java:logGet(44)) - raft.server.log.statemachine.data.sync = true (default)
2021-03-15 13:35:44,585 [pool-168-thread-1] INFO  server.RaftServerConfigKeys (ConfUtils.java:logGet(44)) - raft.server.log.statemachine.data.caching.enabled = true (custom)
2021-03-15 13:35:44,596 [pool-168-thread-1] INFO  segmented.SegmentedRaftLogWorker (SegmentedRaftLogWorker.java:lambda$new$0(132)) - 8d28b06d-ee05-40ab-87ae-857598c7fa3f@group-DF338D8FF67D-SegmentedRaftLogWorker: flushIndex: setUnconditionally 0 -> -1
2021-03-15 13:35:44,596 [pool-168-thread-1] INFO  segmented.SegmentedRaftLogWorker (SegmentedRaftLogWorker.java:lambda$new$0(132)) - 8d28b06d-ee05-40ab-87ae-857598c7fa3f@group-DF338D8FF67D-SegmentedRaftLogWorker: safeCacheEvictIndex: setUnconditionally 0 -> -1
2021-03-15 13:35:44,594 [Command processor thread] INFO  commandhandler.CreatePipelineCommandHandler (CreatePipelineCommandHandler.java:handle(106)) - Created Pipeline RATIS THREE PipelineID=55541119-2898-47c0-aa16-984857f48b05.
2021-03-15 13:35:44,596 [Command processor thread] INFO  server.RaftServer (RaftServerProxy.java:addNew(95)) - cbb45d95-806f-4aa6-a8d4-3f48f4f3d8f4: addNew group-DF338D8FF67D:[91c1ad6d-8d99-4a41-8a32-9427c133f69b|rpc:172.17.0.2:42395|priority:0, cbb45d95-806f-4aa6-a8d4-3f48f4f3d8f4|rpc:172.17.0.2:36727|priority:0, 8d28b06d-ee05-40ab-87ae-857598c7fa3f|rpc:172.17.0.2:38475|priority:1] returns group-DF338D8FF67D:java.util.concurrent.CompletableFuture@508490bc[Not completed]
2021-03-15 13:35:44,591 [pool-135-thread-1] INFO  server.RaftServerConfigKeys (ConfUtils.java:logGet(44)) - raft.server.log.statemachine.data.sync.timeout = 10s (default)
2021-03-15 13:35:44,597 [pool-135-thread-1] INFO  server.RaftServerConfigKeys (ConfUtils.java:logGet(44)) - raft.server.log.statemachine.data.sync.timeout.retry = -1 (default)
2021-03-15 13:35:44,598 [pool-152-thread-1] INFO  server.RaftServer$Division (RaftServerImpl.java:<init>(180)) - cbb45d95-806f-4aa6-a8d4-3f48f4f3d8f4: new RaftServerImpl for group-DF338D8FF67D:[91c1ad6d-8d99-4a41-8a32-9427c133f69b|rpc:172.17.0.2:42395|priority:0, cbb45d95-806f-4aa6-a8d4-3f48f4f3d8f4|rpc:172.17.0.2:36727|priority:0, 8d28b06d-ee05-40ab-87ae-857598c7fa3f|rpc:172.17.0.2:38475|priority:1] with ContainerStateMachine:uninitialized
2021-03-15 13:35:44,598 [pool-152-thread-1] INFO  server.RaftServerConfigKeys (ConfUtils.java:logGet(44)) - raft.server.rpc.timeout.min = 5s (custom)
2021-03-15 13:35:44,598 [pool-152-thread-1] INFO  server.RaftServerConfigKeys (ConfUtils.java:logGet(44)) - raft.server.rpc.timeout.max = 5200ms (custom)
2021-03-15 13:35:44,598 [pool-152-thread-1] INFO  server.RaftServerConfigKeys (ConfUtils.java:logGet(44)) - raft.server.rpc.sleep.time = 25ms (default)
2021-03-15 13:35:44,598 [pool-152-thread-1] INFO  server.RaftServerConfigKeys (ConfUtils.java:logGet(44)) - raft.server.rpc.slowness.timeout = 300000ms (custom)
2021-03-15 13:35:44,598 [pool-152-thread-1] INFO  server.RaftServerConfigKeys (ConfUtils.java:logGet(44)) - raft.server.leaderelection.leader.step-down.wait-time = 10s (default)
2021-03-15 13:35:44,598 [pool-152-thread-1] INFO  server.RaftServerConfigKeys (ConfUtils.java:logGet(44)) - raft.server.sleep.deviation.threshold = 300ms (default)
2021-03-15 13:35:44,598 [pool-152-thread-1] INFO  server.RaftServerConfigKeys (ConfUtils.java:logGet(44)) - raft.server.log.appender.install.snapshot.enabled = false (custom)
2021-03-15 13:35:44,598 [pool-152-thread-1] INFO  server.RaftServer$Division (ServerState.java:<init>(105)) - cbb45d95-806f-4aa6-a8d4-3f48f4f3d8f4@group-DF338D8FF67D: ConfigurationManager, init=-1: [91c1ad6d-8d99-4a41-8a32-9427c133f69b|rpc:172.17.0.2:42395|priority:0, cbb45d95-806f-4aa6-a8d4-3f48f4f3d8f4|rpc:172.17.0.2:36727|priority:0, 8d28b06d-ee05-40ab-87ae-857598c7fa3f|rpc:172.17.0.2:38475|priority:1], old=null, confs=<EMPTY_MAP>
2021-03-15 13:35:44,598 [pool-152-thread-1] INFO  server.RaftServerConfigKeys (ConfUtils.java:logGet(44)) - raft.server.storage.dir = [/github/workspace/mnt/ozone/hadoop-ozone/integration-test/target/test-dir/MiniOzoneClusterImpl-12ebc720-05ee-4469-9130-5183c7181a17/datanode-7/data/ratis] (custom)
2021-03-15 13:35:44,598 [pool-152-thread-1] INFO  server.RaftServerConfigKeys (ConfUtils.java:logGet(44)) - raft.server.log.corruption.policy = EXCEPTION (default)
2021-03-15 13:35:44,599 [pool-152-thread-1] INFO  storage.RaftStorageDirectory (RaftStorageDirectoryImpl.java:analyzeStorage(132)) - The storage directory /github/workspace/mnt/ozone/hadoop-ozone/integration-test/target/test-dir/MiniOzoneClusterImpl-12ebc720-05ee-4469-9130-5183c7181a17/datanode-7/data/ratis/c18e5db0-2951-40e5-b007-df338d8ff67d does not exist. Creating ...
2021-03-15 13:35:44,599 [Command processor thread] INFO  commandhandler.CreatePipelineCommandHandler (CreatePipelineCommandHandler.java:handle(106)) - Created Pipeline RATIS THREE PipelineID=7158f7ae-ef3b-4084-8cca-44737836dd86.
2021-03-15 13:35:44,600 [pool-168-thread-1] INFO  server.RaftServerConfigKeys (ConfUtils.java:logGet(44)) - raft.server.snapshot.auto.trigger.enabled = true (custom)
2021-03-15 13:35:44,600 [pool-168-thread-1] INFO  server.RaftServerConfigKeys (ConfUtils.java:logGet(44)) - raft.server.snapshot.auto.trigger.threshold = 1 (custom)
2021-03-15 13:35:44,600 [pool-152-thread-1] INFO  storage.RaftStorageDirectory (RaftStorageDirectoryImpl.java:tryLock(215)) - Lock on /github/workspace/mnt/ozone/hadoop-ozone/integration-test/target/test-dir/MiniOzoneClusterImpl-12ebc720-05ee-4469-9130-5183c7181a17/datanode-7/data/ratis/c18e5db0-2951-40e5-b007-df338d8ff67d/in_use.lock acquired by nodename 27773@287f2862ff4e
2021-03-15 13:35:44,600 [pool-168-thread-1] INFO  server.RaftServerConfigKeys (ConfUtils.java:logGet(44)) - raft.server.snapshot.retention.file.num = 5 (custom)
2021-03-15 13:35:44,600 [pool-168-thread-1] INFO  server.RaftServerConfigKeys (ConfUtils.java:logGet(44)) - raft.server.log.purge.upto.snapshot.index = false (default)
2021-03-15 13:35:44,600 [pool-168-thread-1] INFO  server.RaftServerConfigKeys (ConfUtils.java:logGet(44)) - raft.server.retrycache.expirytime = 600000ms (custom)
2021-03-15 13:35:44,601 [pool-168-thread-1] INFO  server.RaftServerConfigKeys (ConfUtils.java:logGet(44)) - raft.server.retrycache.statistics.expirytime = 100?s (default)
2021-03-15 13:35:44,601 [pool-168-thread-1] INFO  metrics.RatisMetrics (RatisMetrics.java:lambda$create$0(36)) - Creating Metrics Registry : ratis.leader_election.8d28b06d-ee05-40ab-87ae-857598c7fa3f@group-DF338D8FF67D
2021-03-15 13:35:44,601 [pool-135-thread-1] INFO  server.RaftServerConfigKeys (ConfUtils.java:logGet(44)) - raft.server.log.write.buffer.size = 1048576 (custom)
2021-03-15 13:35:44,602 [pool-168-thread-1] INFO  metrics.RatisMetrics (RatisMetrics.java:lambda$create$0(36)) - Creating Metrics Registry : ratis.server.8d28b06d-ee05-40ab-87ae-857598c7fa3f@group-DF338D8FF67D
2021-03-15 13:35:44,602 [pool-152-thread-1] INFO  storage.RaftStorage (RaftStorageImpl.java:format(87)) - Storage directory /github/workspace/mnt/ozone/hadoop-ozone/integration-test/target/test-dir/MiniOzoneClusterImpl-12ebc720-05ee-4469-9130-5183c7181a17/datanode-7/data/ratis/c18e5db0-2951-40e5-b007-df338d8ff67d has been successfully formatted.
2021-03-15 13:35:44,602 [pool-152-thread-1] INFO  ratis.ContainerStateMachine (ContainerStateMachine.java:loadSnapshot(223)) - group-DF338D8FF67D: The snapshot info is null. Setting the last applied indexto:(t:0, i:~)
2021-03-15 13:35:44,602 [pool-152-thread-1] ERROR storage.RaftStorage (RaftStorageImpl.java:readRaftConfiguration(147)) - Failed reading configuration from file:/github/workspace/mnt/ozone/hadoop-ozone/integration-test/target/test-dir/MiniOzoneClusterImpl-12ebc720-05ee-4469-9130-5183c7181a17/datanode-7/data/ratis/c18e5db0-2951-40e5-b007-df338d8ff67d/current/raft-meta.conf
java.io.FileNotFoundException: /github/workspace/mnt/ozone/hadoop-ozone/integration-test/target/test-dir/MiniOzoneClusterImpl-12ebc720-05ee-4469-9130-5183c7181a17/datanode-7/data/ratis/c18e5db0-2951-40e5-b007-df338d8ff67d/current/raft-meta.conf (No such file or directory)
	at java.io.FileInputStream.open0(Native Method)
	at java.io.FileInputStream.open(FileInputStream.java:195)
	at java.io.FileInputStream.<init>(FileInputStream.java:138)
	at org.apache.ratis.server.storage.RaftStorageImpl.readRaftConfiguration(RaftStorageImpl.java:143)
	at org.apache.ratis.server.impl.ServerState.<init>(ServerState.java:122)
	at org.apache.ratis.server.impl.RaftServerImpl.<init>(RaftServerImpl.java:193)
	at org.apache.ratis.server.impl.RaftServerProxy.lambda$newRaftServerImpl$4(RaftServerProxy.java:266)
	at java.util.concurrent.CompletableFuture$AsyncSupply.run(CompletableFuture.java:1604)
	at java.util.concurrent.ThreadPoolExecutor.runWorker(ThreadPoolExecutor.java:1149)
	at java.util.concurrent.ThreadPoolExecutor$Worker.run(ThreadPoolExecutor.java:624)
	at java.lang.Thread.run(Thread.java:748)
2021-03-15 13:35:44,603 [pool-152-thread-1] INFO  server.RaftServerConfigKeys (ConfUtils.java:logGet(44)) - raft.server.notification.no-leader.timeout = 300000ms (custom)
2021-03-15 13:35:44,603 [pool-152-thread-1] INFO  server.RaftServerConfigKeys (ConfUtils.java:logGet(44)) - raft.server.log.use.memory = false (default)
2021-03-15 13:35:44,603 [pool-152-thread-1] INFO  server.RaftServerConfigKeys (ConfUtils.java:logGet(44)) - raft.server.log.purge.gap = 1000000 (custom)
2021-03-15 13:35:44,603 [pool-152-thread-1] INFO  server.RaftServerConfigKeys (ConfUtils.java:logGet(44)) - raft.server.log.appender.buffer.byte-limit = 33554432 (custom)
2021-03-15 13:35:44,603 [pool-152-thread-1] INFO  metrics.RatisMetrics (RatisMetrics.java:lambda$create$0(36)) - Creating Metrics Registry : ratis.log_worker.cbb45d95-806f-4aa6-a8d4-3f48f4f3d8f4@group-DF338D8FF67D
2021-03-15 13:35:44,603 [pool-152-thread-1] INFO  server.RaftServerConfigKeys (ConfUtils.java:logGet(44)) - raft.server.log.segment.size.max = 1048576 (custom)
2021-03-15 13:35:44,604 [pool-152-thread-1] INFO  server.RaftServerConfigKeys (ConfUtils.java:logGet(44)) - raft.server.log.segment.cache.num.max = 2 (custom)
2021-03-15 13:35:44,604 [pool-152-thread-1] INFO  server.RaftServerConfigKeys (ConfUtils.java:logGet(44)) - raft.server.log.segment.cache.size.max = 200MB (=209715200) (default)
2021-03-15 13:35:44,604 [pool-152-thread-1] INFO  segmented.SegmentedRaftLogWorker (SegmentedRaftLogWorker.java:<init>(181)) - new cbb45d95-806f-4aa6-a8d4-3f48f4f3d8f4@group-DF338D8FF67D-SegmentedRaftLogWorker for RaftStorageImpl:Storage Directory /github/workspace/mnt/ozone/hadoop-ozone/integration-test/target/test-dir/MiniOzoneClusterImpl-12ebc720-05ee-4469-9130-5183c7181a17/datanode-7/data/ratis/c18e5db0-2951-40e5-b007-df338d8ff67d
2021-03-15 13:35:44,604 [pool-152-thread-1] INFO  server.RaftServerConfigKeys (ConfUtils.java:logGet(44)) - raft.server.log.queue.byte-limit = 2147483647 (custom)
2021-03-15 13:35:44,604 [pool-152-thread-1] INFO  server.RaftServerConfigKeys (ConfUtils.java:logGet(44)) - raft.server.log.queue.element-limit = 1024 (custom)
2021-03-15 13:35:44,604 [pool-152-thread-1] INFO  server.RaftServerConfigKeys (ConfUtils.java:logGet(44)) - raft.server.log.segment.size.max = 1048576 (custom)
2021-03-15 13:35:44,604 [pool-152-thread-1] INFO  server.RaftServerConfigKeys (ConfUtils.java:logGet(44)) - raft.server.log.preallocated.size = 16384 (custom)
2021-03-15 13:35:44,604 [pool-152-thread-1] INFO  server.RaftServerConfigKeys (ConfUtils.java:logGet(44)) - raft.server.log.force.sync.num = 128 (default)
2021-03-15 13:35:44,604 [pool-152-thread-1] INFO  server.RaftServerConfigKeys (ConfUtils.java:logGet(44)) - raft.server.log.statemachine.data.sync = true (default)
2021-03-15 13:35:44,604 [pool-152-thread-1] INFO  server.RaftServerConfigKeys (ConfUtils.java:logGet(44)) - raft.server.log.statemachine.data.sync.timeout = 10s (default)
2021-03-15 13:35:44,604 [pool-152-thread-1] INFO  server.RaftServerConfigKeys (ConfUtils.java:logGet(44)) - raft.server.log.statemachine.data.sync.timeout.retry = -1 (default)
2021-03-15 13:35:44,604 [pool-168-thread-1] INFO  server.RaftServer$Division (RaftServerImpl.java:start(295)) - 8d28b06d-ee05-40ab-87ae-857598c7fa3f@group-DF338D8FF67D: start as a follower, conf=-1: [91c1ad6d-8d99-4a41-8a32-9427c133f69b|rpc:172.17.0.2:42395|priority:0, cbb45d95-806f-4aa6-a8d4-3f48f4f3d8f4|rpc:172.17.0.2:36727|priority:0, 8d28b06d-ee05-40ab-87ae-857598c7fa3f|rpc:172.17.0.2:38475|priority:1], old=null
2021-03-15 13:35:44,604 [pool-168-thread-1] INFO  server.RaftServer$Division (RaftServerImpl.java:setRole(284)) - 8d28b06d-ee05-40ab-87ae-857598c7fa3f@group-DF338D8FF67D: changes role from      null to FOLLOWER at term 0 for startAsFollower
2021-03-15 13:35:44,605 [pool-168-thread-1] INFO  impl.RoleInfo (RoleInfo.java:updateAndGet(130)) - 8d28b06d-ee05-40ab-87ae-857598c7fa3f: start 8d28b06d-ee05-40ab-87ae-857598c7fa3f@group-DF338D8FF67D-FollowerState
2021-03-15 13:35:44,604 [pool-135-thread-1] INFO  server.RaftServerConfigKeys (ConfUtils.java:logGet(44)) - raft.server.log.statemachine.data.caching.enabled = true (custom)
2021-03-15 13:35:44,605 [EventQueue-PipelineReportForOneReplicaPipelineSafeModeRule] INFO  safemode.SCMSafeModeManager (SCMSafeModeManager.java:validateSafeModeExitRules(214)) - AtleastOneDatanodeReportedRule rule is successfully validated
2021-03-15 13:35:44,605 [EventQueue-OpenPipelineForHealthyPipelineSafeModeRule] INFO  safemode.SCMSafeModeManager (HealthyPipelineSafeModeRule.java:process(128)) - SCM in safe mode. Healthy pipelines reported count is 0, required healthy pipeline reported count is 1
2021-03-15 13:35:44,606 [pool-135-thread-1] INFO  segmented.SegmentedRaftLogWorker (SegmentedRaftLogWorker.java:lambda$new$0(132)) - 91c1ad6d-8d99-4a41-8a32-9427c133f69b@group-DF338D8FF67D-SegmentedRaftLogWorker: flushIndex: setUnconditionally 0 -> -1
2021-03-15 13:35:44,606 [pool-135-thread-1] INFO  segmented.SegmentedRaftLogWorker (SegmentedRaftLogWorker.java:lambda$new$0(132)) - 91c1ad6d-8d99-4a41-8a32-9427c133f69b@group-DF338D8FF67D-SegmentedRaftLogWorker: safeCacheEvictIndex: setUnconditionally 0 -> -1
2021-03-15 13:35:44,606 [pool-152-thread-1] INFO  server.RaftServerConfigKeys (ConfUtils.java:logGet(44)) - raft.server.log.write.buffer.size = 1048576 (custom)
2021-03-15 13:35:44,606 [pool-152-thread-1] INFO  server.RaftServerConfigKeys (ConfUtils.java:logGet(44)) - raft.server.log.statemachine.data.caching.enabled = true (custom)
2021-03-15 13:35:44,607 [pool-152-thread-1] INFO  segmented.SegmentedRaftLogWorker (SegmentedRaftLogWorker.java:lambda$new$0(132)) - cbb45d95-806f-4aa6-a8d4-3f48f4f3d8f4@group-DF338D8FF67D-SegmentedRaftLogWorker: flushIndex: setUnconditionally 0 -> -1
2021-03-15 13:35:44,607 [pool-152-thread-1] INFO  segmented.SegmentedRaftLogWorker (SegmentedRaftLogWorker.java:lambda$new$0(132)) - cbb45d95-806f-4aa6-a8d4-3f48f4f3d8f4@group-DF338D8FF67D-SegmentedRaftLogWorker: safeCacheEvictIndex: setUnconditionally 0 -> -1
2021-03-15 13:35:44,610 [pool-168-thread-1] INFO  util.JmxRegister (JmxRegister.java:tryRegister(44)) - Successfully registered JMX Bean with object name Ratis:service=RaftServer,group=group-DF338D8FF67D,id=8d28b06d-ee05-40ab-87ae-857598c7fa3f
2021-03-15 13:35:44,610 [pool-168-thread-1] INFO  metrics.RatisMetrics (RatisMetrics.java:lambda$create$0(36)) - Creating Metrics Registry : ratis.state_machine.8d28b06d-ee05-40ab-87ae-857598c7fa3f@group-DF338D8FF67D
2021-03-15 13:35:44,610 [pool-152-thread-1] INFO  server.RaftServerConfigKeys (ConfUtils.java:logGet(44)) - raft.server.snapshot.auto.trigger.enabled = true (custom)
2021-03-15 13:35:44,611 [pool-152-thread-1] INFO  server.RaftServerConfigKeys (ConfUtils.java:logGet(44)) - raft.server.snapshot.auto.trigger.threshold = 1 (custom)
2021-03-15 13:35:44,611 [pool-152-thread-1] INFO  server.RaftServerConfigKeys (ConfUtils.java:logGet(44)) - raft.server.snapshot.retention.file.num = 5 (custom)
2021-03-15 13:35:44,611 [pool-152-thread-1] INFO  server.RaftServerConfigKeys (ConfUtils.java:logGet(44)) - raft.server.log.purge.upto.snapshot.index = false (default)
2021-03-15 13:35:44,611 [pool-135-thread-1] INFO  server.RaftServerConfigKeys (ConfUtils.java:logGet(44)) - raft.server.snapshot.auto.trigger.enabled = true (custom)
2021-03-15 13:35:44,611 [pool-135-thread-1] INFO  server.RaftServerConfigKeys (ConfUtils.java:logGet(44)) - raft.server.snapshot.auto.trigger.threshold = 1 (custom)
2021-03-15 13:35:44,611 [pool-135-thread-1] INFO  server.RaftServerConfigKeys (ConfUtils.java:logGet(44)) - raft.server.snapshot.retention.file.num = 5 (custom)
2021-03-15 13:35:44,611 [pool-135-thread-1] INFO  server.RaftServerConfigKeys (ConfUtils.java:logGet(44)) - raft.server.log.purge.upto.snapshot.index = false (default)
2021-03-15 13:35:44,611 [pool-135-thread-1] INFO  server.RaftServerConfigKeys (ConfUtils.java:logGet(44)) - raft.server.retrycache.expirytime = 600000ms (custom)
2021-03-15 13:35:44,611 [pool-135-thread-1] INFO  server.RaftServerConfigKeys (ConfUtils.java:logGet(44)) - raft.server.retrycache.statistics.expirytime = 100?s (default)
2021-03-15 13:35:44,612 [pool-135-thread-1] INFO  metrics.RatisMetrics (RatisMetrics.java:lambda$create$0(36)) - Creating Metrics Registry : ratis.leader_election.91c1ad6d-8d99-4a41-8a32-9427c133f69b@group-DF338D8FF67D
2021-03-15 13:35:44,612 [pool-135-thread-1] INFO  metrics.RatisMetrics (RatisMetrics.java:lambda$create$0(36)) - Creating Metrics Registry : ratis.server.91c1ad6d-8d99-4a41-8a32-9427c133f69b@group-DF338D8FF67D
2021-03-15 13:35:44,613 [pool-135-thread-1] INFO  server.RaftServer$Division (RaftServerImpl.java:start(295)) - 91c1ad6d-8d99-4a41-8a32-9427c133f69b@group-DF338D8FF67D: start as a follower, conf=-1: [91c1ad6d-8d99-4a41-8a32-9427c133f69b|rpc:172.17.0.2:42395|priority:0, cbb45d95-806f-4aa6-a8d4-3f48f4f3d8f4|rpc:172.17.0.2:36727|priority:0, 8d28b06d-ee05-40ab-87ae-857598c7fa3f|rpc:172.17.0.2:38475|priority:1], old=null
2021-03-15 13:35:44,613 [pool-135-thread-1] INFO  server.RaftServer$Division (RaftServerImpl.java:setRole(284)) - 91c1ad6d-8d99-4a41-8a32-9427c133f69b@group-DF338D8FF67D: changes role from      null to FOLLOWER at term 0 for startAsFollower
2021-03-15 13:35:44,613 [pool-135-thread-1] INFO  impl.RoleInfo (RoleInfo.java:updateAndGet(130)) - 91c1ad6d-8d99-4a41-8a32-9427c133f69b: start 91c1ad6d-8d99-4a41-8a32-9427c133f69b@group-DF338D8FF67D-FollowerState
2021-03-15 13:35:44,613 [pool-135-thread-1] INFO  util.JmxRegister (JmxRegister.java:tryRegister(44)) - Successfully registered JMX Bean with object name Ratis:service=RaftServer,group=group-DF338D8FF67D,id=91c1ad6d-8d99-4a41-8a32-9427c133f69b
2021-03-15 13:35:44,614 [pool-135-thread-1] INFO  metrics.RatisMetrics (RatisMetrics.java:lambda$create$0(36)) - Creating Metrics Registry : ratis.state_machine.91c1ad6d-8d99-4a41-8a32-9427c133f69b@group-DF338D8FF67D
2021-03-15 13:35:44,614 [pool-152-thread-1] INFO  server.RaftServerConfigKeys (ConfUtils.java:logGet(44)) - raft.server.retrycache.expirytime = 600000ms (custom)
2021-03-15 13:35:44,614 [pool-152-thread-1] INFO  server.RaftServerConfigKeys (ConfUtils.java:logGet(44)) - raft.server.retrycache.statistics.expirytime = 100?s (default)
2021-03-15 13:35:44,615 [pool-152-thread-1] INFO  metrics.RatisMetrics (RatisMetrics.java:lambda$create$0(36)) - Creating Metrics Registry : ratis.leader_election.cbb45d95-806f-4aa6-a8d4-3f48f4f3d8f4@group-DF338D8FF67D
2021-03-15 13:35:44,615 [pool-152-thread-1] INFO  metrics.RatisMetrics (RatisMetrics.java:lambda$create$0(36)) - Creating Metrics Registry : ratis.server.cbb45d95-806f-4aa6-a8d4-3f48f4f3d8f4@group-DF338D8FF67D
2021-03-15 13:35:44,616 [pool-152-thread-1] INFO  server.RaftServer$Division (RaftServerImpl.java:start(295)) - cbb45d95-806f-4aa6-a8d4-3f48f4f3d8f4@group-DF338D8FF67D: start as a follower, conf=-1: [91c1ad6d-8d99-4a41-8a32-9427c133f69b|rpc:172.17.0.2:42395|priority:0, cbb45d95-806f-4aa6-a8d4-3f48f4f3d8f4|rpc:172.17.0.2:36727|priority:0, 8d28b06d-ee05-40ab-87ae-857598c7fa3f|rpc:172.17.0.2:38475|priority:1], old=null
2021-03-15 13:35:44,616 [pool-152-thread-1] INFO  server.RaftServer$Division (RaftServerImpl.java:setRole(284)) - cbb45d95-806f-4aa6-a8d4-3f48f4f3d8f4@group-DF338D8FF67D: changes role from      null to FOLLOWER at term 0 for startAsFollower
2021-03-15 13:35:44,616 [pool-152-thread-1] INFO  impl.RoleInfo (RoleInfo.java:updateAndGet(130)) - cbb45d95-806f-4aa6-a8d4-3f48f4f3d8f4: start cbb45d95-806f-4aa6-a8d4-3f48f4f3d8f4@group-DF338D8FF67D-FollowerState
2021-03-15 13:35:44,617 [Command processor thread] INFO  metrics.RatisMetrics (RatisMetrics.java:lambda$create$0(36)) - Creating Metrics Registry : ratis.client_message_metrics.client-47DCD1140BE2->8d28b06d-ee05-40ab-87ae-857598c7fa3f
2021-03-15 13:35:44,622 [pool-152-thread-1] INFO  util.JmxRegister (JmxRegister.java:tryRegister(44)) - Successfully registered JMX Bean with object name Ratis:service=RaftServer,group=group-DF338D8FF67D,id=cbb45d95-806f-4aa6-a8d4-3f48f4f3d8f4
2021-03-15 13:35:44,622 [pool-152-thread-1] INFO  metrics.RatisMetrics (RatisMetrics.java:lambda$create$0(36)) - Creating Metrics Registry : ratis.state_machine.cbb45d95-806f-4aa6-a8d4-3f48f4f3d8f4@group-DF338D8FF67D
2021-03-15 13:35:44,630 [Command processor thread] INFO  metrics.RatisMetrics (RatisMetrics.java:lambda$create$0(36)) - Creating Metrics Registry : ratis.client_message_metrics.client-EE8E5B05ED72->8d28b06d-ee05-40ab-87ae-857598c7fa3f
2021-03-15 13:35:44,650 [Command processor thread] INFO  metrics.RatisMetrics (RatisMetrics.java:lambda$create$0(36)) - Creating Metrics Registry : ratis.client_message_metrics.client-C9228A7564CA->91c1ad6d-8d99-4a41-8a32-9427c133f69b
2021-03-15 13:35:44,662 [EventQueue-PipelineReportForOneReplicaPipelineSafeModeRule] INFO  safemode.SCMSafeModeManager (SCMSafeModeManager.java:validateSafeModeExitRules(214)) - AtleastOneDatanodeReportedRule rule is successfully validated
2021-03-15 13:35:44,662 [EventQueue-OpenPipelineForHealthyPipelineSafeModeRule] INFO  safemode.SCMSafeModeManager (HealthyPipelineSafeModeRule.java:process(128)) - SCM in safe mode. Healthy pipelines reported count is 0, required healthy pipeline reported count is 1
2021-03-15 13:35:44,674 [EventQueue-PipelineReportForOneReplicaPipelineSafeModeRule] INFO  safemode.SCMSafeModeManager (SCMSafeModeManager.java:validateSafeModeExitRules(214)) - AtleastOneDatanodeReportedRule rule is successfully validated
2021-03-15 13:35:44,675 [EventQueue-OpenPipelineForHealthyPipelineSafeModeRule] INFO  safemode.SCMSafeModeManager (HealthyPipelineSafeModeRule.java:process(128)) - SCM in safe mode. Healthy pipelines reported count is 0, required healthy pipeline reported count is 1
2021-03-15 13:35:44,679 [EventQueue-OpenPipelineForHealthyPipelineSafeModeRule] INFO  safemode.SCMSafeModeManager (HealthyPipelineSafeModeRule.java:process(128)) - SCM in safe mode. Healthy pipelines reported count is 0, required healthy pipeline reported count is 1
2021-03-15 13:35:44,679 [EventQueue-PipelineReportForOneReplicaPipelineSafeModeRule] INFO  safemode.SCMSafeModeManager (SCMSafeModeManager.java:validateSafeModeExitRules(214)) - AtleastOneDatanodeReportedRule rule is successfully validated
2021-03-15 13:35:44,680 [EventQueue-OpenPipelineForHealthyPipelineSafeModeRule] INFO  safemode.SCMSafeModeManager (HealthyPipelineSafeModeRule.java:process(128)) - SCM in safe mode. Healthy pipelines reported count is 0, required healthy pipeline reported count is 1
2021-03-15 13:35:44,681 [EventQueue-OpenPipelineForHealthyPipelineSafeModeRule] INFO  safemode.SCMSafeModeManager (HealthyPipelineSafeModeRule.java:process(128)) - SCM in safe mode. Healthy pipelines reported count is 0, required healthy pipeline reported count is 1
2021-03-15 13:35:44,681 [EventQueue-PipelineReportForOneReplicaPipelineSafeModeRule] INFO  safemode.SCMSafeModeManager (SCMSafeModeManager.java:validateSafeModeExitRules(214)) - AtleastOneDatanodeReportedRule rule is successfully validated
2021-03-15 13:35:44,681 [EventQueue-PipelineReportForOneReplicaPipelineSafeModeRule] INFO  safemode.SCMSafeModeManager (SCMSafeModeManager.java:validateSafeModeExitRules(214)) - AtleastOneDatanodeReportedRule rule is successfully validated
2021-03-15 13:35:44,685 [Command processor thread] INFO  metrics.RatisMetrics (RatisMetrics.java:lambda$create$0(36)) - Creating Metrics Registry : ratis.client_message_metrics.client-1995289A6B90->cbb45d95-806f-4aa6-a8d4-3f48f4f3d8f4
2021-03-15 13:35:44,693 [Command processor thread] INFO  metrics.RatisMetrics (RatisMetrics.java:lambda$create$0(36)) - Creating Metrics Registry : ratis.client_message_metrics.client-B8009B01BEAA->91c1ad6d-8d99-4a41-8a32-9427c133f69b
2021-03-15 13:35:44,714 [Command processor thread] INFO  metrics.RatisMetrics (RatisMetrics.java:lambda$create$0(36)) - Creating Metrics Registry : ratis.client_message_metrics.client-8CB6362C13D4->cbb45d95-806f-4aa6-a8d4-3f48f4f3d8f4
2021-03-15 13:35:44,729 [Command processor thread] INFO  commandhandler.CreatePipelineCommandHandler (CreatePipelineCommandHandler.java:handle(106)) - Created Pipeline RATIS THREE PipelineID=c18e5db0-2951-40e5-b007-df338d8ff67d.
2021-03-15 13:35:44,738 [Command processor thread] INFO  commandhandler.CreatePipelineCommandHandler (CreatePipelineCommandHandler.java:handle(106)) - Created Pipeline RATIS THREE PipelineID=c18e5db0-2951-40e5-b007-df338d8ff67d.
2021-03-15 13:35:44,742 [EventQueue-OpenPipelineForHealthyPipelineSafeModeRule] INFO  safemode.SCMSafeModeManager (HealthyPipelineSafeModeRule.java:process(128)) - SCM in safe mode. Healthy pipelines reported count is 0, required healthy pipeline reported count is 1
2021-03-15 13:35:44,742 [EventQueue-PipelineReportForOneReplicaPipelineSafeModeRule] INFO  safemode.SCMSafeModeManager (SCMSafeModeManager.java:validateSafeModeExitRules(214)) - AtleastOneDatanodeReportedRule rule is successfully validated
2021-03-15 13:35:44,753 [Command processor thread] INFO  commandhandler.CreatePipelineCommandHandler (CreatePipelineCommandHandler.java:handle(106)) - Created Pipeline RATIS THREE PipelineID=c18e5db0-2951-40e5-b007-df338d8ff67d.
2021-03-15 13:35:44,769 [EventQueue-PipelineReportForOneReplicaPipelineSafeModeRule] INFO  safemode.SCMSafeModeManager (SCMSafeModeManager.java:validateSafeModeExitRules(214)) - AtleastOneDatanodeReportedRule rule is successfully validated
2021-03-15 13:35:44,770 [EventQueue-OpenPipelineForHealthyPipelineSafeModeRule] INFO  safemode.SCMSafeModeManager (HealthyPipelineSafeModeRule.java:process(128)) - SCM in safe mode. Healthy pipelines reported count is 0, required healthy pipeline reported count is 1
2021-03-15 13:35:44,780 [EventQueue-PipelineReportForOneReplicaPipelineSafeModeRule] INFO  safemode.SCMSafeModeManager (SCMSafeModeManager.java:validateSafeModeExitRules(214)) - AtleastOneDatanodeReportedRule rule is successfully validated
2021-03-15 13:35:44,780 [EventQueue-PipelineReportForOneReplicaPipelineSafeModeRule] INFO  safemode.SCMSafeModeManager (SCMSafeModeManager.java:validateSafeModeExitRules(214)) - AtleastOneDatanodeReportedRule rule is successfully validated
2021-03-15 13:35:44,781 [EventQueue-OpenPipelineForHealthyPipelineSafeModeRule] INFO  safemode.SCMSafeModeManager (HealthyPipelineSafeModeRule.java:process(128)) - SCM in safe mode. Healthy pipelines reported count is 0, required healthy pipeline reported count is 1
2021-03-15 13:35:44,781 [EventQueue-OpenPipelineForHealthyPipelineSafeModeRule] INFO  safemode.SCMSafeModeManager (HealthyPipelineSafeModeRule.java:process(128)) - SCM in safe mode. Healthy pipelines reported count is 0, required healthy pipeline reported count is 1
2021-03-15 13:35:44,804 [EventQueue-PipelineReportForOneReplicaPipelineSafeModeRule] INFO  safemode.SCMSafeModeManager (SCMSafeModeManager.java:validateSafeModeExitRules(214)) - AtleastOneDatanodeReportedRule rule is successfully validated
2021-03-15 13:35:44,804 [EventQueue-OpenPipelineForHealthyPipelineSafeModeRule] INFO  safemode.SCMSafeModeManager (HealthyPipelineSafeModeRule.java:process(128)) - SCM in safe mode. Healthy pipelines reported count is 0, required healthy pipeline reported count is 1
2021-03-15 13:35:44,862 [EventQueue-PipelineReportForOneReplicaPipelineSafeModeRule] INFO  safemode.SCMSafeModeManager (SCMSafeModeManager.java:validateSafeModeExitRules(214)) - AtleastOneDatanodeReportedRule rule is successfully validated
2021-03-15 13:35:44,863 [EventQueue-OpenPipelineForHealthyPipelineSafeModeRule] INFO  safemode.SCMSafeModeManager (HealthyPipelineSafeModeRule.java:process(128)) - SCM in safe mode. Healthy pipelines reported count is 0, required healthy pipeline reported count is 1
2021-03-15 13:35:44,868 [EventQueue-OpenPipelineForHealthyPipelineSafeModeRule] INFO  safemode.SCMSafeModeManager (HealthyPipelineSafeModeRule.java:process(128)) - SCM in safe mode. Healthy pipelines reported count is 0, required healthy pipeline reported count is 1
2021-03-15 13:35:44,868 [EventQueue-PipelineReportForOneReplicaPipelineSafeModeRule] INFO  safemode.SCMSafeModeManager (SCMSafeModeManager.java:validateSafeModeExitRules(214)) - AtleastOneDatanodeReportedRule rule is successfully validated
2021-03-15 13:35:44,869 [EventQueue-OpenPipelineForHealthyPipelineSafeModeRule] INFO  safemode.SCMSafeModeManager (HealthyPipelineSafeModeRule.java:process(128)) - SCM in safe mode. Healthy pipelines reported count is 0, required healthy pipeline reported count is 1
2021-03-15 13:35:44,869 [EventQueue-PipelineReportForOneReplicaPipelineSafeModeRule] INFO  safemode.SCMSafeModeManager (SCMSafeModeManager.java:validateSafeModeExitRules(214)) - AtleastOneDatanodeReportedRule rule is successfully validated
2021-03-15 13:35:44,875 [EventQueue-OpenPipelineForHealthyPipelineSafeModeRule] INFO  safemode.SCMSafeModeManager (HealthyPipelineSafeModeRule.java:process(128)) - SCM in safe mode. Healthy pipelines reported count is 0, required healthy pipeline reported count is 1
2021-03-15 13:35:44,875 [EventQueue-PipelineReportForOneReplicaPipelineSafeModeRule] INFO  safemode.SCMSafeModeManager (SCMSafeModeManager.java:validateSafeModeExitRules(214)) - AtleastOneDatanodeReportedRule rule is successfully validated
2021-03-15 13:35:44,878 [EventQueue-OpenPipelineForHealthyPipelineSafeModeRule] INFO  safemode.SCMSafeModeManager (HealthyPipelineSafeModeRule.java:process(128)) - SCM in safe mode. Healthy pipelines reported count is 0, required healthy pipeline reported count is 1
2021-03-15 13:35:44,878 [EventQueue-PipelineReportForOneReplicaPipelineSafeModeRule] INFO  safemode.SCMSafeModeManager (SCMSafeModeManager.java:validateSafeModeExitRules(214)) - AtleastOneDatanodeReportedRule rule is successfully validated
2021-03-15 13:35:44,942 [EventQueue-PipelineReportForOneReplicaPipelineSafeModeRule] INFO  safemode.SCMSafeModeManager (SCMSafeModeManager.java:validateSafeModeExitRules(214)) - AtleastOneDatanodeReportedRule rule is successfully validated
2021-03-15 13:35:44,943 [EventQueue-OpenPipelineForHealthyPipelineSafeModeRule] INFO  safemode.SCMSafeModeManager (HealthyPipelineSafeModeRule.java:process(128)) - SCM in safe mode. Healthy pipelines reported count is 0, required healthy pipeline reported count is 1
2021-03-15 13:35:44,969 [EventQueue-PipelineReportForOneReplicaPipelineSafeModeRule] INFO  safemode.SCMSafeModeManager (SCMSafeModeManager.java:validateSafeModeExitRules(214)) - AtleastOneDatanodeReportedRule rule is successfully validated
2021-03-15 13:35:44,969 [EventQueue-OpenPipelineForHealthyPipelineSafeModeRule] INFO  safemode.SCMSafeModeManager (HealthyPipelineSafeModeRule.java:process(128)) - SCM in safe mode. Healthy pipelines reported count is 0, required healthy pipeline reported count is 1
2021-03-15 13:35:44,979 [EventQueue-OpenPipelineForHealthyPipelineSafeModeRule] INFO  safemode.SCMSafeModeManager (HealthyPipelineSafeModeRule.java:process(128)) - SCM in safe mode. Healthy pipelines reported count is 0, required healthy pipeline reported count is 1
2021-03-15 13:35:44,979 [EventQueue-PipelineReportForOneReplicaPipelineSafeModeRule] INFO  safemode.SCMSafeModeManager (SCMSafeModeManager.java:validateSafeModeExitRules(214)) - AtleastOneDatanodeReportedRule rule is successfully validated
2021-03-15 13:35:44,981 [EventQueue-OpenPipelineForHealthyPipelineSafeModeRule] INFO  safemode.SCMSafeModeManager (HealthyPipelineSafeModeRule.java:process(128)) - SCM in safe mode. Healthy pipelines reported count is 0, required healthy pipeline reported count is 1
2021-03-15 13:35:44,981 [EventQueue-PipelineReportForOneReplicaPipelineSafeModeRule] INFO  safemode.SCMSafeModeManager (SCMSafeModeManager.java:validateSafeModeExitRules(214)) - AtleastOneDatanodeReportedRule rule is successfully validated
2021-03-15 13:35:45,004 [EventQueue-OpenPipelineForHealthyPipelineSafeModeRule] INFO  safemode.SCMSafeModeManager (HealthyPipelineSafeModeRule.java:process(128)) - SCM in safe mode. Healthy pipelines reported count is 0, required healthy pipeline reported count is 1
2021-03-15 13:35:45,005 [EventQueue-PipelineReportForOneReplicaPipelineSafeModeRule] INFO  safemode.SCMSafeModeManager (SCMSafeModeManager.java:validateSafeModeExitRules(214)) - AtleastOneDatanodeReportedRule rule is successfully validated
2021-03-15 13:35:45,063 [EventQueue-PipelineReportForOneReplicaPipelineSafeModeRule] INFO  safemode.SCMSafeModeManager (SCMSafeModeManager.java:validateSafeModeExitRules(214)) - AtleastOneDatanodeReportedRule rule is successfully validated
2021-03-15 13:35:45,063 [EventQueue-OpenPipelineForHealthyPipelineSafeModeRule] INFO  safemode.SCMSafeModeManager (HealthyPipelineSafeModeRule.java:process(128)) - SCM in safe mode. Healthy pipelines reported count is 0, required healthy pipeline reported count is 1
2021-03-15 13:35:45,069 [EventQueue-OpenPipelineForHealthyPipelineSafeModeRule] INFO  safemode.SCMSafeModeManager (HealthyPipelineSafeModeRule.java:process(128)) - SCM in safe mode. Healthy pipelines reported count is 0, required healthy pipeline reported count is 1
2021-03-15 13:35:45,069 [EventQueue-PipelineReportForOneReplicaPipelineSafeModeRule] INFO  safemode.SCMSafeModeManager (SCMSafeModeManager.java:validateSafeModeExitRules(214)) - AtleastOneDatanodeReportedRule rule is successfully validated
2021-03-15 13:35:45,069 [EventQueue-OpenPipelineForHealthyPipelineSafeModeRule] INFO  safemode.SCMSafeModeManager (HealthyPipelineSafeModeRule.java:process(128)) - SCM in safe mode. Healthy pipelines reported count is 0, required healthy pipeline reported count is 1
2021-03-15 13:35:45,070 [EventQueue-PipelineReportForOneReplicaPipelineSafeModeRule] INFO  safemode.SCMSafeModeManager (SCMSafeModeManager.java:validateSafeModeExitRules(214)) - AtleastOneDatanodeReportedRule rule is successfully validated
2021-03-15 13:35:45,075 [EventQueue-OpenPipelineForHealthyPipelineSafeModeRule] INFO  safemode.SCMSafeModeManager (HealthyPipelineSafeModeRule.java:process(128)) - SCM in safe mode. Healthy pipelines reported count is 0, required healthy pipeline reported count is 1
2021-03-15 13:35:45,076 [EventQueue-PipelineReportForOneReplicaPipelineSafeModeRule] INFO  safemode.SCMSafeModeManager (SCMSafeModeManager.java:validateSafeModeExitRules(214)) - AtleastOneDatanodeReportedRule rule is successfully validated
2021-03-15 13:35:45,079 [EventQueue-PipelineReportForOneReplicaPipelineSafeModeRule] INFO  safemode.SCMSafeModeManager (SCMSafeModeManager.java:validateSafeModeExitRules(214)) - AtleastOneDatanodeReportedRule rule is successfully validated
2021-03-15 13:35:45,079 [EventQueue-OpenPipelineForHealthyPipelineSafeModeRule] INFO  safemode.SCMSafeModeManager (HealthyPipelineSafeModeRule.java:process(128)) - SCM in safe mode. Healthy pipelines reported count is 0, required healthy pipeline reported count is 1
2021-03-15 13:35:45,143 [EventQueue-OpenPipelineForHealthyPipelineSafeModeRule] INFO  safemode.SCMSafeModeManager (HealthyPipelineSafeModeRule.java:process(128)) - SCM in safe mode. Healthy pipelines reported count is 0, required healthy pipeline reported count is 1
2021-03-15 13:35:45,144 [EventQueue-PipelineReportForOneReplicaPipelineSafeModeRule] INFO  safemode.SCMSafeModeManager (SCMSafeModeManager.java:validateSafeModeExitRules(214)) - AtleastOneDatanodeReportedRule rule is successfully validated
2021-03-15 13:35:45,170 [EventQueue-PipelineReportForOneReplicaPipelineSafeModeRule] INFO  safemode.SCMSafeModeManager (SCMSafeModeManager.java:validateSafeModeExitRules(214)) - AtleastOneDatanodeReportedRule rule is successfully validated
2021-03-15 13:35:45,171 [EventQueue-OpenPipelineForHealthyPipelineSafeModeRule] INFO  safemode.SCMSafeModeManager (HealthyPipelineSafeModeRule.java:process(128)) - SCM in safe mode. Healthy pipelines reported count is 0, required healthy pipeline reported count is 1
2021-03-15 13:35:45,179 [EventQueue-PipelineReportForOneReplicaPipelineSafeModeRule] INFO  safemode.SCMSafeModeManager (SCMSafeModeManager.java:validateSafeModeExitRules(214)) - AtleastOneDatanodeReportedRule rule is successfully validated
2021-03-15 13:35:45,180 [EventQueue-OpenPipelineForHealthyPipelineSafeModeRule] INFO  safemode.SCMSafeModeManager (HealthyPipelineSafeModeRule.java:process(128)) - SCM in safe mode. Healthy pipelines reported count is 0, required healthy pipeline reported count is 1
2021-03-15 13:35:45,181 [EventQueue-PipelineReportForOneReplicaPipelineSafeModeRule] INFO  safemode.SCMSafeModeManager (SCMSafeModeManager.java:validateSafeModeExitRules(214)) - AtleastOneDatanodeReportedRule rule is successfully validated
2021-03-15 13:35:45,181 [EventQueue-OpenPipelineForHealthyPipelineSafeModeRule] INFO  safemode.SCMSafeModeManager (HealthyPipelineSafeModeRule.java:process(128)) - SCM in safe mode. Healthy pipelines reported count is 0, required healthy pipeline reported count is 1
2021-03-15 13:35:45,204 [EventQueue-PipelineReportForOneReplicaPipelineSafeModeRule] INFO  safemode.SCMSafeModeManager (SCMSafeModeManager.java:validateSafeModeExitRules(214)) - AtleastOneDatanodeReportedRule rule is successfully validated
2021-03-15 13:35:45,204 [EventQueue-OpenPipelineForHealthyPipelineSafeModeRule] INFO  safemode.SCMSafeModeManager (HealthyPipelineSafeModeRule.java:process(128)) - SCM in safe mode. Healthy pipelines reported count is 0, required healthy pipeline reported count is 1
2021-03-15 13:35:45,262 [EventQueue-PipelineReportForOneReplicaPipelineSafeModeRule] INFO  safemode.SCMSafeModeManager (SCMSafeModeManager.java:validateSafeModeExitRules(214)) - AtleastOneDatanodeReportedRule rule is successfully validated
2021-03-15 13:35:45,262 [EventQueue-OpenPipelineForHealthyPipelineSafeModeRule] INFO  safemode.SCMSafeModeManager (HealthyPipelineSafeModeRule.java:process(128)) - SCM in safe mode. Healthy pipelines reported count is 0, required healthy pipeline reported count is 1
2021-03-15 13:35:45,269 [EventQueue-PipelineReportForOneReplicaPipelineSafeModeRule] INFO  safemode.SCMSafeModeManager (SCMSafeModeManager.java:validateSafeModeExitRules(214)) - AtleastOneDatanodeReportedRule rule is successfully validated
2021-03-15 13:35:45,269 [EventQueue-OpenPipelineForHealthyPipelineSafeModeRule] INFO  safemode.SCMSafeModeManager (HealthyPipelineSafeModeRule.java:process(128)) - SCM in safe mode. Healthy pipelines reported count is 0, required healthy pipeline reported count is 1
2021-03-15 13:35:45,269 [EventQueue-PipelineReportForOneReplicaPipelineSafeModeRule] INFO  safemode.SCMSafeModeManager (SCMSafeModeManager.java:validateSafeModeExitRules(214)) - AtleastOneDatanodeReportedRule rule is successfully validated
2021-03-15 13:35:45,270 [EventQueue-OpenPipelineForHealthyPipelineSafeModeRule] INFO  safemode.SCMSafeModeManager (HealthyPipelineSafeModeRule.java:process(128)) - SCM in safe mode. Healthy pipelines reported count is 0, required healthy pipeline reported count is 1
2021-03-15 13:35:45,275 [EventQueue-PipelineReportForOneReplicaPipelineSafeModeRule] INFO  safemode.SCMSafeModeManager (SCMSafeModeManager.java:validateSafeModeExitRules(214)) - AtleastOneDatanodeReportedRule rule is successfully validated
2021-03-15 13:35:45,275 [EventQueue-OpenPipelineForHealthyPipelineSafeModeRule] INFO  safemode.SCMSafeModeManager (HealthyPipelineSafeModeRule.java:process(128)) - SCM in safe mode. Healthy pipelines reported count is 0, required healthy pipeline reported count is 1
2021-03-15 13:35:45,280 [EventQueue-PipelineReportForOneReplicaPipelineSafeModeRule] INFO  safemode.SCMSafeModeManager (SCMSafeModeManager.java:validateSafeModeExitRules(214)) - AtleastOneDatanodeReportedRule rule is successfully validated
2021-03-15 13:35:45,281 [EventQueue-OpenPipelineForHealthyPipelineSafeModeRule] INFO  safemode.SCMSafeModeManager (HealthyPipelineSafeModeRule.java:process(128)) - SCM in safe mode. Healthy pipelines reported count is 0, required healthy pipeline reported count is 1
2021-03-15 13:35:45,298 [Listener at 127.0.0.1/36325] INFO  ozone.MiniOzoneClusterImpl (MiniOzoneClusterImpl.java:lambda$waitForClusterToBeReady$0(187)) - Nodes are ready. Got 10 of 10 DN Heartbeats.
2021-03-15 13:35:45,299 [Listener at 127.0.0.1/36325] INFO  ozone.MiniOzoneClusterImpl (MiniOzoneClusterImpl.java:lambda$waitForClusterToBeReady$0(190)) - Waiting for cluster to exit safe mode
2021-03-15 13:35:45,342 [EventQueue-PipelineReportForOneReplicaPipelineSafeModeRule] INFO  safemode.SCMSafeModeManager (SCMSafeModeManager.java:validateSafeModeExitRules(214)) - AtleastOneDatanodeReportedRule rule is successfully validated
2021-03-15 13:35:45,343 [EventQueue-OpenPipelineForHealthyPipelineSafeModeRule] INFO  safemode.SCMSafeModeManager (HealthyPipelineSafeModeRule.java:process(128)) - SCM in safe mode. Healthy pipelines reported count is 0, required healthy pipeline reported count is 1
2021-03-15 13:35:45,370 [EventQueue-PipelineReportForOneReplicaPipelineSafeModeRule] INFO  safemode.SCMSafeModeManager (SCMSafeModeManager.java:validateSafeModeExitRules(214)) - AtleastOneDatanodeReportedRule rule is successfully validated
2021-03-15 13:35:45,370 [EventQueue-OpenPipelineForHealthyPipelineSafeModeRule] INFO  safemode.SCMSafeModeManager (HealthyPipelineSafeModeRule.java:process(128)) - SCM in safe mode. Healthy pipelines reported count is 0, required healthy pipeline reported count is 1
2021-03-15 13:35:45,379 [EventQueue-PipelineReportForOneReplicaPipelineSafeModeRule] INFO  safemode.SCMSafeModeManager (SCMSafeModeManager.java:validateSafeModeExitRules(214)) - AtleastOneDatanodeReportedRule rule is successfully validated
2021-03-15 13:35:45,380 [EventQueue-OpenPipelineForHealthyPipelineSafeModeRule] INFO  safemode.SCMSafeModeManager (HealthyPipelineSafeModeRule.java:process(128)) - SCM in safe mode. Healthy pipelines reported count is 0, required healthy pipeline reported count is 1
2021-03-15 13:35:45,381 [EventQueue-OpenPipelineForHealthyPipelineSafeModeRule] INFO  safemode.SCMSafeModeManager (HealthyPipelineSafeModeRule.java:process(128)) - SCM in safe mode. Healthy pipelines reported count is 0, required healthy pipeline reported count is 1
2021-03-15 13:35:45,382 [EventQueue-PipelineReportForOneReplicaPipelineSafeModeRule] INFO  safemode.SCMSafeModeManager (SCMSafeModeManager.java:validateSafeModeExitRules(214)) - AtleastOneDatanodeReportedRule rule is successfully validated
2021-03-15 13:35:45,405 [EventQueue-OpenPipelineForHealthyPipelineSafeModeRule] INFO  safemode.SCMSafeModeManager (HealthyPipelineSafeModeRule.java:process(128)) - SCM in safe mode. Healthy pipelines reported count is 0, required healthy pipeline reported count is 1
2021-03-15 13:35:45,405 [EventQueue-PipelineReportForOneReplicaPipelineSafeModeRule] INFO  safemode.SCMSafeModeManager (SCMSafeModeManager.java:validateSafeModeExitRules(214)) - AtleastOneDatanodeReportedRule rule is successfully validated
2021-03-15 13:35:45,462 [EventQueue-OpenPipelineForHealthyPipelineSafeModeRule] INFO  safemode.SCMSafeModeManager (HealthyPipelineSafeModeRule.java:process(128)) - SCM in safe mode. Healthy pipelines reported count is 0, required healthy pipeline reported count is 1
2021-03-15 13:35:45,462 [EventQueue-PipelineReportForOneReplicaPipelineSafeModeRule] INFO  safemode.SCMSafeModeManager (SCMSafeModeManager.java:validateSafeModeExitRules(214)) - AtleastOneDatanodeReportedRule rule is successfully validated
2021-03-15 13:35:45,469 [EventQueue-PipelineReportForOneReplicaPipelineSafeModeRule] INFO  safemode.SCMSafeModeManager (SCMSafeModeManager.java:validateSafeModeExitRules(214)) - AtleastOneDatanodeReportedRule rule is successfully validated
2021-03-15 13:35:45,469 [EventQueue-OpenPipelineForHealthyPipelineSafeModeRule] INFO  safemode.SCMSafeModeManager (HealthyPipelineSafeModeRule.java:process(128)) - SCM in safe mode. Healthy pipelines reported count is 0, required healthy pipeline reported count is 1
2021-03-15 13:35:45,470 [EventQueue-OpenPipelineForHealthyPipelineSafeModeRule] INFO  safemode.SCMSafeModeManager (HealthyPipelineSafeModeRule.java:process(128)) - SCM in safe mode. Healthy pipelines reported count is 0, required healthy pipeline reported count is 1
2021-03-15 13:35:45,470 [EventQueue-PipelineReportForOneReplicaPipelineSafeModeRule] INFO  safemode.SCMSafeModeManager (SCMSafeModeManager.java:validateSafeModeExitRules(214)) - AtleastOneDatanodeReportedRule rule is successfully validated
2021-03-15 13:35:45,476 [EventQueue-OpenPipelineForHealthyPipelineSafeModeRule] INFO  safemode.SCMSafeModeManager (HealthyPipelineSafeModeRule.java:process(128)) - SCM in safe mode. Healthy pipelines reported count is 0, required healthy pipeline reported count is 1
2021-03-15 13:35:45,476 [EventQueue-PipelineReportForOneReplicaPipelineSafeModeRule] INFO  safemode.SCMSafeModeManager (SCMSafeModeManager.java:validateSafeModeExitRules(214)) - AtleastOneDatanodeReportedRule rule is successfully validated
2021-03-15 13:35:45,479 [EventQueue-PipelineReportForOneReplicaPipelineSafeModeRule] INFO  safemode.SCMSafeModeManager (SCMSafeModeManager.java:validateSafeModeExitRules(214)) - AtleastOneDatanodeReportedRule rule is successfully validated
2021-03-15 13:35:45,479 [EventQueue-OpenPipelineForHealthyPipelineSafeModeRule] INFO  safemode.SCMSafeModeManager (HealthyPipelineSafeModeRule.java:process(128)) - SCM in safe mode. Healthy pipelines reported count is 0, required healthy pipeline reported count is 1
2021-03-15 13:35:45,542 [EventQueue-PipelineReportForOneReplicaPipelineSafeModeRule] INFO  safemode.SCMSafeModeManager (SCMSafeModeManager.java:validateSafeModeExitRules(214)) - AtleastOneDatanodeReportedRule rule is successfully validated
2021-03-15 13:35:45,543 [EventQueue-OpenPipelineForHealthyPipelineSafeModeRule] INFO  safemode.SCMSafeModeManager (HealthyPipelineSafeModeRule.java:process(128)) - SCM in safe mode. Healthy pipelines reported count is 0, required healthy pipeline reported count is 1
2021-03-15 13:35:45,570 [EventQueue-OpenPipelineForHealthyPipelineSafeModeRule] INFO  safemode.SCMSafeModeManager (HealthyPipelineSafeModeRule.java:process(128)) - SCM in safe mode. Healthy pipelines reported count is 0, required healthy pipeline reported count is 1
2021-03-15 13:35:45,570 [EventQueue-PipelineReportForOneReplicaPipelineSafeModeRule] INFO  safemode.SCMSafeModeManager (SCMSafeModeManager.java:validateSafeModeExitRules(214)) - AtleastOneDatanodeReportedRule rule is successfully validated
2021-03-15 13:35:45,579 [EventQueue-PipelineReportForOneReplicaPipelineSafeModeRule] INFO  safemode.SCMSafeModeManager (SCMSafeModeManager.java:validateSafeModeExitRules(214)) - AtleastOneDatanodeReportedRule rule is successfully validated
2021-03-15 13:35:45,579 [EventQueue-OpenPipelineForHealthyPipelineSafeModeRule] INFO  safemode.SCMSafeModeManager (HealthyPipelineSafeModeRule.java:process(128)) - SCM in safe mode. Healthy pipelines reported count is 0, required healthy pipeline reported count is 1
2021-03-15 13:35:45,581 [EventQueue-OpenPipelineForHealthyPipelineSafeModeRule] INFO  safemode.SCMSafeModeManager (HealthyPipelineSafeModeRule.java:process(128)) - SCM in safe mode. Healthy pipelines reported count is 0, required healthy pipeline reported count is 1
2021-03-15 13:35:45,582 [EventQueue-PipelineReportForOneReplicaPipelineSafeModeRule] INFO  safemode.SCMSafeModeManager (SCMSafeModeManager.java:validateSafeModeExitRules(214)) - AtleastOneDatanodeReportedRule rule is successfully validated
2021-03-15 13:35:45,605 [EventQueue-PipelineReportForOneReplicaPipelineSafeModeRule] INFO  safemode.SCMSafeModeManager (SCMSafeModeManager.java:validateSafeModeExitRules(214)) - AtleastOneDatanodeReportedRule rule is successfully validated
2021-03-15 13:35:45,605 [EventQueue-OpenPipelineForHealthyPipelineSafeModeRule] INFO  safemode.SCMSafeModeManager (HealthyPipelineSafeModeRule.java:process(128)) - SCM in safe mode. Healthy pipelines reported count is 0, required healthy pipeline reported count is 1
2021-03-15 13:35:45,662 [EventQueue-PipelineReportForOneReplicaPipelineSafeModeRule] INFO  safemode.SCMSafeModeManager (SCMSafeModeManager.java:validateSafeModeExitRules(214)) - AtleastOneDatanodeReportedRule rule is successfully validated
2021-03-15 13:35:45,662 [EventQueue-OpenPipelineForHealthyPipelineSafeModeRule] INFO  safemode.SCMSafeModeManager (HealthyPipelineSafeModeRule.java:process(128)) - SCM in safe mode. Healthy pipelines reported count is 0, required healthy pipeline reported count is 1
2021-03-15 13:35:45,668 [EventQueue-OpenPipelineForHealthyPipelineSafeModeRule] INFO  safemode.SCMSafeModeManager (HealthyPipelineSafeModeRule.java:process(128)) - SCM in safe mode. Healthy pipelines reported count is 0, required healthy pipeline reported count is 1
2021-03-15 13:35:45,668 [EventQueue-PipelineReportForOneReplicaPipelineSafeModeRule] INFO  safemode.SCMSafeModeManager (SCMSafeModeManager.java:validateSafeModeExitRules(214)) - AtleastOneDatanodeReportedRule rule is successfully validated
2021-03-15 13:35:45,669 [EventQueue-OpenPipelineForHealthyPipelineSafeModeRule] INFO  safemode.SCMSafeModeManager (HealthyPipelineSafeModeRule.java:process(128)) - SCM in safe mode. Healthy pipelines reported count is 0, required healthy pipeline reported count is 1
2021-03-15 13:35:45,669 [EventQueue-PipelineReportForOneReplicaPipelineSafeModeRule] INFO  safemode.SCMSafeModeManager (SCMSafeModeManager.java:validateSafeModeExitRules(214)) - AtleastOneDatanodeReportedRule rule is successfully validated
2021-03-15 13:35:45,676 [EventQueue-PipelineReportForOneReplicaPipelineSafeModeRule] INFO  safemode.SCMSafeModeManager (SCMSafeModeManager.java:validateSafeModeExitRules(214)) - AtleastOneDatanodeReportedRule rule is successfully validated
2021-03-15 13:35:45,676 [EventQueue-OpenPipelineForHealthyPipelineSafeModeRule] INFO  safemode.SCMSafeModeManager (HealthyPipelineSafeModeRule.java:process(128)) - SCM in safe mode. Healthy pipelines reported count is 0, required healthy pipeline reported count is 1
2021-03-15 13:35:45,679 [EventQueue-OpenPipelineForHealthyPipelineSafeModeRule] INFO  safemode.SCMSafeModeManager (HealthyPipelineSafeModeRule.java:process(128)) - SCM in safe mode. Healthy pipelines reported count is 0, required healthy pipeline reported count is 1
2021-03-15 13:35:45,679 [EventQueue-PipelineReportForOneReplicaPipelineSafeModeRule] INFO  safemode.SCMSafeModeManager (SCMSafeModeManager.java:validateSafeModeExitRules(214)) - AtleastOneDatanodeReportedRule rule is successfully validated
2021-03-15 13:35:45,742 [EventQueue-PipelineReportForOneReplicaPipelineSafeModeRule] INFO  safemode.SCMSafeModeManager (SCMSafeModeManager.java:validateSafeModeExitRules(214)) - AtleastOneDatanodeReportedRule rule is successfully validated
2021-03-15 13:35:45,743 [EventQueue-OpenPipelineForHealthyPipelineSafeModeRule] INFO  safemode.SCMSafeModeManager (HealthyPipelineSafeModeRule.java:process(128)) - SCM in safe mode. Healthy pipelines reported count is 0, required healthy pipeline reported count is 1
2021-03-15 13:35:45,769 [EventQueue-OpenPipelineForHealthyPipelineSafeModeRule] INFO  safemode.SCMSafeModeManager (HealthyPipelineSafeModeRule.java:process(128)) - SCM in safe mode. Healthy pipelines reported count is 0, required healthy pipeline reported count is 1
2021-03-15 13:35:45,770 [EventQueue-PipelineReportForOneReplicaPipelineSafeModeRule] INFO  safemode.SCMSafeModeManager (SCMSafeModeManager.java:validateSafeModeExitRules(214)) - AtleastOneDatanodeReportedRule rule is successfully validated
2021-03-15 13:35:45,780 [EventQueue-PipelineReportForOneReplicaPipelineSafeModeRule] INFO  safemode.SCMSafeModeManager (SCMSafeModeManager.java:validateSafeModeExitRules(214)) - AtleastOneDatanodeReportedRule rule is successfully validated
2021-03-15 13:35:45,780 [EventQueue-OpenPipelineForHealthyPipelineSafeModeRule] INFO  safemode.SCMSafeModeManager (HealthyPipelineSafeModeRule.java:process(128)) - SCM in safe mode. Healthy pipelines reported count is 0, required healthy pipeline reported count is 1
2021-03-15 13:35:45,781 [EventQueue-PipelineReportForOneReplicaPipelineSafeModeRule] INFO  safemode.SCMSafeModeManager (SCMSafeModeManager.java:validateSafeModeExitRules(214)) - AtleastOneDatanodeReportedRule rule is successfully validated
2021-03-15 13:35:45,781 [EventQueue-OpenPipelineForHealthyPipelineSafeModeRule] INFO  safemode.SCMSafeModeManager (HealthyPipelineSafeModeRule.java:process(128)) - SCM in safe mode. Healthy pipelines reported count is 0, required healthy pipeline reported count is 1
2021-03-15 13:35:45,804 [EventQueue-OpenPipelineForHealthyPipelineSafeModeRule] INFO  safemode.SCMSafeModeManager (HealthyPipelineSafeModeRule.java:process(128)) - SCM in safe mode. Healthy pipelines reported count is 0, required healthy pipeline reported count is 1
2021-03-15 13:35:45,804 [EventQueue-PipelineReportForOneReplicaPipelineSafeModeRule] INFO  safemode.SCMSafeModeManager (SCMSafeModeManager.java:validateSafeModeExitRules(214)) - AtleastOneDatanodeReportedRule rule is successfully validated
2021-03-15 13:35:45,862 [EventQueue-PipelineReportForOneReplicaPipelineSafeModeRule] INFO  safemode.SCMSafeModeManager (SCMSafeModeManager.java:validateSafeModeExitRules(214)) - AtleastOneDatanodeReportedRule rule is successfully validated
2021-03-15 13:35:45,862 [EventQueue-OpenPipelineForHealthyPipelineSafeModeRule] INFO  safemode.SCMSafeModeManager (HealthyPipelineSafeModeRule.java:process(128)) - SCM in safe mode. Healthy pipelines reported count is 0, required healthy pipeline reported count is 1
2021-03-15 13:35:45,868 [EventQueue-PipelineReportForOneReplicaPipelineSafeModeRule] INFO  safemode.SCMSafeModeManager (SCMSafeModeManager.java:validateSafeModeExitRules(214)) - AtleastOneDatanodeReportedRule rule is successfully validated
2021-03-15 13:35:45,869 [EventQueue-OpenPipelineForHealthyPipelineSafeModeRule] INFO  safemode.SCMSafeModeManager (HealthyPipelineSafeModeRule.java:process(128)) - SCM in safe mode. Healthy pipelines reported count is 0, required healthy pipeline reported count is 1
2021-03-15 13:35:45,869 [EventQueue-OpenPipelineForHealthyPipelineSafeModeRule] INFO  safemode.SCMSafeModeManager (HealthyPipelineSafeModeRule.java:process(128)) - SCM in safe mode. Healthy pipelines reported count is 0, required healthy pipeline reported count is 1
2021-03-15 13:35:45,869 [EventQueue-PipelineReportForOneReplicaPipelineSafeModeRule] INFO  safemode.SCMSafeModeManager (SCMSafeModeManager.java:validateSafeModeExitRules(214)) - AtleastOneDatanodeReportedRule rule is successfully validated
2021-03-15 13:35:45,876 [EventQueue-PipelineReportForOneReplicaPipelineSafeModeRule] INFO  safemode.SCMSafeModeManager (SCMSafeModeManager.java:validateSafeModeExitRules(214)) - AtleastOneDatanodeReportedRule rule is successfully validated
2021-03-15 13:35:45,876 [EventQueue-OpenPipelineForHealthyPipelineSafeModeRule] INFO  safemode.SCMSafeModeManager (HealthyPipelineSafeModeRule.java:process(128)) - SCM in safe mode. Healthy pipelines reported count is 0, required healthy pipeline reported count is 1
2021-03-15 13:35:45,880 [EventQueue-PipelineReportForOneReplicaPipelineSafeModeRule] INFO  safemode.SCMSafeModeManager (SCMSafeModeManager.java:validateSafeModeExitRules(214)) - AtleastOneDatanodeReportedRule rule is successfully validated
2021-03-15 13:35:45,880 [EventQueue-OpenPipelineForHealthyPipelineSafeModeRule] INFO  safemode.SCMSafeModeManager (HealthyPipelineSafeModeRule.java:process(128)) - SCM in safe mode. Healthy pipelines reported count is 0, required healthy pipeline reported count is 1
2021-03-15 13:35:45,942 [EventQueue-PipelineReportForOneReplicaPipelineSafeModeRule] INFO  safemode.SCMSafeModeManager (SCMSafeModeManager.java:validateSafeModeExitRules(214)) - AtleastOneDatanodeReportedRule rule is successfully validated
2021-03-15 13:35:45,942 [EventQueue-OpenPipelineForHealthyPipelineSafeModeRule] INFO  safemode.SCMSafeModeManager (HealthyPipelineSafeModeRule.java:process(128)) - SCM in safe mode. Healthy pipelines reported count is 0, required healthy pipeline reported count is 1
2021-03-15 13:35:45,969 [EventQueue-PipelineReportForOneReplicaPipelineSafeModeRule] INFO  safemode.SCMSafeModeManager (SCMSafeModeManager.java:validateSafeModeExitRules(214)) - AtleastOneDatanodeReportedRule rule is successfully validated
2021-03-15 13:35:45,969 [EventQueue-OpenPipelineForHealthyPipelineSafeModeRule] INFO  safemode.SCMSafeModeManager (HealthyPipelineSafeModeRule.java:process(128)) - SCM in safe mode. Healthy pipelines reported count is 0, required healthy pipeline reported count is 1
2021-03-15 13:35:45,979 [EventQueue-OpenPipelineForHealthyPipelineSafeModeRule] INFO  safemode.SCMSafeModeManager (HealthyPipelineSafeModeRule.java:process(128)) - SCM in safe mode. Healthy pipelines reported count is 0, required healthy pipeline reported count is 1
2021-03-15 13:35:45,979 [EventQueue-PipelineReportForOneReplicaPipelineSafeModeRule] INFO  safemode.SCMSafeModeManager (SCMSafeModeManager.java:validateSafeModeExitRules(214)) - AtleastOneDatanodeReportedRule rule is successfully validated
2021-03-15 13:35:45,981 [EventQueue-PipelineReportForOneReplicaPipelineSafeModeRule] INFO  safemode.SCMSafeModeManager (SCMSafeModeManager.java:validateSafeModeExitRules(214)) - AtleastOneDatanodeReportedRule rule is successfully validated
2021-03-15 13:35:45,981 [EventQueue-OpenPipelineForHealthyPipelineSafeModeRule] INFO  safemode.SCMSafeModeManager (HealthyPipelineSafeModeRule.java:process(128)) - SCM in safe mode. Healthy pipelines reported count is 0, required healthy pipeline reported count is 1
2021-03-15 13:35:46,005 [EventQueue-PipelineReportForOneReplicaPipelineSafeModeRule] INFO  safemode.SCMSafeModeManager (SCMSafeModeManager.java:validateSafeModeExitRules(214)) - AtleastOneDatanodeReportedRule rule is successfully validated
2021-03-15 13:35:46,005 [EventQueue-OpenPipelineForHealthyPipelineSafeModeRule] INFO  safemode.SCMSafeModeManager (HealthyPipelineSafeModeRule.java:process(128)) - SCM in safe mode. Healthy pipelines reported count is 0, required healthy pipeline reported count is 1
2021-03-15 13:35:46,062 [EventQueue-PipelineReportForOneReplicaPipelineSafeModeRule] INFO  safemode.SCMSafeModeManager (SCMSafeModeManager.java:validateSafeModeExitRules(214)) - AtleastOneDatanodeReportedRule rule is successfully validated
2021-03-15 13:35:46,062 [EventQueue-OpenPipelineForHealthyPipelineSafeModeRule] INFO  safemode.SCMSafeModeManager (HealthyPipelineSafeModeRule.java:process(128)) - SCM in safe mode. Healthy pipelines reported count is 0, required healthy pipeline reported count is 1
2021-03-15 13:35:46,069 [EventQueue-OpenPipelineForHealthyPipelineSafeModeRule] INFO  safemode.SCMSafeModeManager (HealthyPipelineSafeModeRule.java:process(128)) - SCM in safe mode. Healthy pipelines reported count is 0, required healthy pipeline reported count is 1
2021-03-15 13:35:46,069 [EventQueue-OpenPipelineForHealthyPipelineSafeModeRule] INFO  safemode.SCMSafeModeManager (HealthyPipelineSafeModeRule.java:process(128)) - SCM in safe mode. Healthy pipelines reported count is 0, required healthy pipeline reported count is 1
2021-03-15 13:35:46,069 [EventQueue-PipelineReportForOneReplicaPipelineSafeModeRule] INFO  safemode.SCMSafeModeManager (SCMSafeModeManager.java:validateSafeModeExitRules(214)) - AtleastOneDatanodeReportedRule rule is successfully validated
2021-03-15 13:35:46,069 [EventQueue-PipelineReportForOneReplicaPipelineSafeModeRule] INFO  safemode.SCMSafeModeManager (SCMSafeModeManager.java:validateSafeModeExitRules(214)) - AtleastOneDatanodeReportedRule rule is successfully validated
2021-03-15 13:35:46,077 [EventQueue-OpenPipelineForHealthyPipelineSafeModeRule] INFO  safemode.SCMSafeModeManager (HealthyPipelineSafeModeRule.java:process(128)) - SCM in safe mode. Healthy pipelines reported count is 0, required healthy pipeline reported count is 1
2021-03-15 13:35:46,077 [EventQueue-PipelineReportForOneReplicaPipelineSafeModeRule] INFO  safemode.SCMSafeModeManager (SCMSafeModeManager.java:validateSafeModeExitRules(214)) - AtleastOneDatanodeReportedRule rule is successfully validated
2021-03-15 13:35:46,080 [EventQueue-PipelineReportForOneReplicaPipelineSafeModeRule] INFO  safemode.SCMSafeModeManager (SCMSafeModeManager.java:validateSafeModeExitRules(214)) - AtleastOneDatanodeReportedRule rule is successfully validated
2021-03-15 13:35:46,080 [EventQueue-OpenPipelineForHealthyPipelineSafeModeRule] INFO  safemode.SCMSafeModeManager (HealthyPipelineSafeModeRule.java:process(128)) - SCM in safe mode. Healthy pipelines reported count is 0, required healthy pipeline reported count is 1
2021-03-15 13:35:46,142 [EventQueue-PipelineReportForOneReplicaPipelineSafeModeRule] INFO  safemode.SCMSafeModeManager (SCMSafeModeManager.java:validateSafeModeExitRules(214)) - AtleastOneDatanodeReportedRule rule is successfully validated
2021-03-15 13:35:46,142 [EventQueue-OpenPipelineForHealthyPipelineSafeModeRule] INFO  safemode.SCMSafeModeManager (HealthyPipelineSafeModeRule.java:process(128)) - SCM in safe mode. Healthy pipelines reported count is 0, required healthy pipeline reported count is 1
2021-03-15 13:35:46,170 [EventQueue-PipelineReportForOneReplicaPipelineSafeModeRule] INFO  safemode.SCMSafeModeManager (SCMSafeModeManager.java:validateSafeModeExitRules(214)) - AtleastOneDatanodeReportedRule rule is successfully validated
2021-03-15 13:35:46,170 [EventQueue-OpenPipelineForHealthyPipelineSafeModeRule] INFO  safemode.SCMSafeModeManager (HealthyPipelineSafeModeRule.java:process(128)) - SCM in safe mode. Healthy pipelines reported count is 0, required healthy pipeline reported count is 1
2021-03-15 13:35:46,178 [EventQueue-PipelineReportForOneReplicaPipelineSafeModeRule] INFO  safemode.SCMSafeModeManager (SCMSafeModeManager.java:validateSafeModeExitRules(214)) - AtleastOneDatanodeReportedRule rule is successfully validated
2021-03-15 13:35:46,179 [EventQueue-OpenPipelineForHealthyPipelineSafeModeRule] INFO  safemode.SCMSafeModeManager (HealthyPipelineSafeModeRule.java:process(128)) - SCM in safe mode. Healthy pipelines reported count is 0, required healthy pipeline reported count is 1
2021-03-15 13:35:46,181 [EventQueue-OpenPipelineForHealthyPipelineSafeModeRule] INFO  safemode.SCMSafeModeManager (HealthyPipelineSafeModeRule.java:process(128)) - SCM in safe mode. Healthy pipelines reported count is 0, required healthy pipeline reported count is 1
2021-03-15 13:35:46,181 [EventQueue-PipelineReportForOneReplicaPipelineSafeModeRule] INFO  safemode.SCMSafeModeManager (SCMSafeModeManager.java:validateSafeModeExitRules(214)) - AtleastOneDatanodeReportedRule rule is successfully validated
2021-03-15 13:35:46,204 [EventQueue-OpenPipelineForHealthyPipelineSafeModeRule] INFO  safemode.SCMSafeModeManager (HealthyPipelineSafeModeRule.java:process(128)) - SCM in safe mode. Healthy pipelines reported count is 0, required healthy pipeline reported count is 1
2021-03-15 13:35:46,204 [EventQueue-PipelineReportForOneReplicaPipelineSafeModeRule] INFO  safemode.SCMSafeModeManager (SCMSafeModeManager.java:validateSafeModeExitRules(214)) - AtleastOneDatanodeReportedRule rule is successfully validated
2021-03-15 13:35:46,262 [EventQueue-PipelineReportForOneReplicaPipelineSafeModeRule] INFO  safemode.SCMSafeModeManager (SCMSafeModeManager.java:validateSafeModeExitRules(214)) - AtleastOneDatanodeReportedRule rule is successfully validated
2021-03-15 13:35:46,262 [EventQueue-OpenPipelineForHealthyPipelineSafeModeRule] INFO  safemode.SCMSafeModeManager (HealthyPipelineSafeModeRule.java:process(128)) - SCM in safe mode. Healthy pipelines reported count is 0, required healthy pipeline reported count is 1
2021-03-15 13:35:46,269 [EventQueue-PipelineReportForOneReplicaPipelineSafeModeRule] INFO  safemode.SCMSafeModeManager (SCMSafeModeManager.java:validateSafeModeExitRules(214)) - AtleastOneDatanodeReportedRule rule is successfully validated
2021-03-15 13:35:46,269 [EventQueue-PipelineReportForOneReplicaPipelineSafeModeRule] INFO  safemode.SCMSafeModeManager (SCMSafeModeManager.java:validateSafeModeExitRules(214)) - AtleastOneDatanodeReportedRule rule is successfully validated
2021-03-15 13:35:46,270 [EventQueue-OpenPipelineForHealthyPipelineSafeModeRule] INFO  safemode.SCMSafeModeManager (HealthyPipelineSafeModeRule.java:process(128)) - SCM in safe mode. Healthy pipelines reported count is 0, required healthy pipeline reported count is 1
2021-03-15 13:35:46,270 [EventQueue-OpenPipelineForHealthyPipelineSafeModeRule] INFO  safemode.SCMSafeModeManager (HealthyPipelineSafeModeRule.java:process(128)) - SCM in safe mode. Healthy pipelines reported count is 0, required healthy pipeline reported count is 1
2021-03-15 13:35:46,276 [EventQueue-OpenPipelineForHealthyPipelineSafeModeRule] INFO  safemode.SCMSafeModeManager (HealthyPipelineSafeModeRule.java:process(128)) - SCM in safe mode. Healthy pipelines reported count is 0, required healthy pipeline reported count is 1
2021-03-15 13:35:46,276 [EventQueue-PipelineReportForOneReplicaPipelineSafeModeRule] INFO  safemode.SCMSafeModeManager (SCMSafeModeManager.java:validateSafeModeExitRules(214)) - AtleastOneDatanodeReportedRule rule is successfully validated
2021-03-15 13:35:46,281 [EventQueue-OpenPipelineForHealthyPipelineSafeModeRule] INFO  safemode.SCMSafeModeManager (HealthyPipelineSafeModeRule.java:process(128)) - SCM in safe mode. Healthy pipelines reported count is 0, required healthy pipeline reported count is 1
2021-03-15 13:35:46,281 [EventQueue-PipelineReportForOneReplicaPipelineSafeModeRule] INFO  safemode.SCMSafeModeManager (SCMSafeModeManager.java:validateSafeModeExitRules(214)) - AtleastOneDatanodeReportedRule rule is successfully validated
2021-03-15 13:35:46,299 [Listener at 127.0.0.1/36325] INFO  ozone.MiniOzoneClusterImpl (MiniOzoneClusterImpl.java:lambda$waitForClusterToBeReady$0(187)) - Nodes are ready. Got 10 of 10 DN Heartbeats.
2021-03-15 13:35:46,299 [Listener at 127.0.0.1/36325] INFO  ozone.MiniOzoneClusterImpl (MiniOzoneClusterImpl.java:lambda$waitForClusterToBeReady$0(190)) - Waiting for cluster to exit safe mode
2021-03-15 13:35:46,342 [EventQueue-PipelineReportForOneReplicaPipelineSafeModeRule] INFO  safemode.SCMSafeModeManager (SCMSafeModeManager.java:validateSafeModeExitRules(214)) - AtleastOneDatanodeReportedRule rule is successfully validated
2021-03-15 13:35:46,342 [EventQueue-OpenPipelineForHealthyPipelineSafeModeRule] INFO  safemode.SCMSafeModeManager (HealthyPipelineSafeModeRule.java:process(128)) - SCM in safe mode. Healthy pipelines reported count is 0, required healthy pipeline reported count is 1
2021-03-15 13:35:46,370 [EventQueue-PipelineReportForOneReplicaPipelineSafeModeRule] INFO  safemode.SCMSafeModeManager (SCMSafeModeManager.java:validateSafeModeExitRules(214)) - AtleastOneDatanodeReportedRule rule is successfully validated
2021-03-15 13:35:46,370 [EventQueue-OpenPipelineForHealthyPipelineSafeModeRule] INFO  safemode.SCMSafeModeManager (HealthyPipelineSafeModeRule.java:process(128)) - SCM in safe mode. Healthy pipelines reported count is 0, required healthy pipeline reported count is 1
2021-03-15 13:35:46,379 [EventQueue-PipelineReportForOneReplicaPipelineSafeModeRule] INFO  safemode.SCMSafeModeManager (SCMSafeModeManager.java:validateSafeModeExitRules(214)) - AtleastOneDatanodeReportedRule rule is successfully validated
2021-03-15 13:35:46,379 [EventQueue-OpenPipelineForHealthyPipelineSafeModeRule] INFO  safemode.SCMSafeModeManager (HealthyPipelineSafeModeRule.java:process(128)) - SCM in safe mode. Healthy pipelines reported count is 0, required healthy pipeline reported count is 1
2021-03-15 13:35:46,380 [EventQueue-PipelineReportForOneReplicaPipelineSafeModeRule] INFO  safemode.SCMSafeModeManager (SCMSafeModeManager.java:validateSafeModeExitRules(214)) - AtleastOneDatanodeReportedRule rule is successfully validated
2021-03-15 13:35:46,380 [EventQueue-OpenPipelineForHealthyPipelineSafeModeRule] INFO  safemode.SCMSafeModeManager (HealthyPipelineSafeModeRule.java:process(128)) - SCM in safe mode. Healthy pipelines reported count is 0, required healthy pipeline reported count is 1
2021-03-15 13:35:46,405 [EventQueue-PipelineReportForOneReplicaPipelineSafeModeRule] INFO  safemode.SCMSafeModeManager (SCMSafeModeManager.java:validateSafeModeExitRules(214)) - AtleastOneDatanodeReportedRule rule is successfully validated
2021-03-15 13:35:46,405 [EventQueue-OpenPipelineForHealthyPipelineSafeModeRule] INFO  safemode.SCMSafeModeManager (HealthyPipelineSafeModeRule.java:process(128)) - SCM in safe mode. Healthy pipelines reported count is 0, required healthy pipeline reported count is 1
2021-03-15 13:35:46,463 [EventQueue-PipelineReportForOneReplicaPipelineSafeModeRule] INFO  safemode.SCMSafeModeManager (SCMSafeModeManager.java:validateSafeModeExitRules(214)) - AtleastOneDatanodeReportedRule rule is successfully validated
2021-03-15 13:35:46,463 [EventQueue-OpenPipelineForHealthyPipelineSafeModeRule] INFO  safemode.SCMSafeModeManager (HealthyPipelineSafeModeRule.java:process(128)) - SCM in safe mode. Healthy pipelines reported count is 0, required healthy pipeline reported count is 1
2021-03-15 13:35:46,469 [EventQueue-OpenPipelineForHealthyPipelineSafeModeRule] INFO  safemode.SCMSafeModeManager (HealthyPipelineSafeModeRule.java:process(128)) - SCM in safe mode. Healthy pipelines reported count is 0, required healthy pipeline reported count is 1
2021-03-15 13:35:46,469 [EventQueue-PipelineReportForOneReplicaPipelineSafeModeRule] INFO  safemode.SCMSafeModeManager (SCMSafeModeManager.java:validateSafeModeExitRules(214)) - AtleastOneDatanodeReportedRule rule is successfully validated
2021-03-15 13:35:46,470 [EventQueue-OpenPipelineForHealthyPipelineSafeModeRule] INFO  safemode.SCMSafeModeManager (HealthyPipelineSafeModeRule.java:process(128)) - SCM in safe mode. Healthy pipelines reported count is 0, required healthy pipeline reported count is 1
2021-03-15 13:35:46,470 [EventQueue-PipelineReportForOneReplicaPipelineSafeModeRule] INFO  safemode.SCMSafeModeManager (SCMSafeModeManager.java:validateSafeModeExitRules(214)) - AtleastOneDatanodeReportedRule rule is successfully validated
2021-03-15 13:35:46,476 [EventQueue-OpenPipelineForHealthyPipelineSafeModeRule] INFO  safemode.SCMSafeModeManager (HealthyPipelineSafeModeRule.java:process(128)) - SCM in safe mode. Healthy pipelines reported count is 0, required healthy pipeline reported count is 1
2021-03-15 13:35:46,476 [EventQueue-PipelineReportForOneReplicaPipelineSafeModeRule] INFO  safemode.SCMSafeModeManager (SCMSafeModeManager.java:validateSafeModeExitRules(214)) - AtleastOneDatanodeReportedRule rule is successfully validated
2021-03-15 13:35:46,480 [EventQueue-PipelineReportForOneReplicaPipelineSafeModeRule] INFO  safemode.SCMSafeModeManager (SCMSafeModeManager.java:validateSafeModeExitRules(214)) - AtleastOneDatanodeReportedRule rule is successfully validated
2021-03-15 13:35:46,480 [EventQueue-OpenPipelineForHealthyPipelineSafeModeRule] INFO  safemode.SCMSafeModeManager (HealthyPipelineSafeModeRule.java:process(128)) - SCM in safe mode. Healthy pipelines reported count is 0, required healthy pipeline reported count is 1
2021-03-15 13:35:46,542 [EventQueue-PipelineReportForOneReplicaPipelineSafeModeRule] INFO  safemode.SCMSafeModeManager (SCMSafeModeManager.java:validateSafeModeExitRules(214)) - AtleastOneDatanodeReportedRule rule is successfully validated
2021-03-15 13:35:46,542 [EventQueue-OpenPipelineForHealthyPipelineSafeModeRule] INFO  safemode.SCMSafeModeManager (HealthyPipelineSafeModeRule.java:process(128)) - SCM in safe mode. Healthy pipelines reported count is 0, required healthy pipeline reported count is 1
2021-03-15 13:35:46,570 [EventQueue-PipelineReportForOneReplicaPipelineSafeModeRule] INFO  safemode.SCMSafeModeManager (SCMSafeModeManager.java:validateSafeModeExitRules(214)) - AtleastOneDatanodeReportedRule rule is successfully validated
2021-03-15 13:35:46,571 [EventQueue-OpenPipelineForHealthyPipelineSafeModeRule] INFO  safemode.SCMSafeModeManager (HealthyPipelineSafeModeRule.java:process(128)) - SCM in safe mode. Healthy pipelines reported count is 0, required healthy pipeline reported count is 1
2021-03-15 13:35:46,579 [EventQueue-PipelineReportForOneReplicaPipelineSafeModeRule] INFO  safemode.SCMSafeModeManager (SCMSafeModeManager.java:validateSafeModeExitRules(214)) - AtleastOneDatanodeReportedRule rule is successfully validated
2021-03-15 13:35:46,579 [EventQueue-OpenPipelineForHealthyPipelineSafeModeRule] INFO  safemode.SCMSafeModeManager (HealthyPipelineSafeModeRule.java:process(128)) - SCM in safe mode. Healthy pipelines reported count is 0, required healthy pipeline reported count is 1
2021-03-15 13:35:46,581 [EventQueue-PipelineReportForOneReplicaPipelineSafeModeRule] INFO  safemode.SCMSafeModeManager (SCMSafeModeManager.java:validateSafeModeExitRules(214)) - AtleastOneDatanodeReportedRule rule is successfully validated
2021-03-15 13:35:46,581 [EventQueue-OpenPipelineForHealthyPipelineSafeModeRule] INFO  safemode.SCMSafeModeManager (HealthyPipelineSafeModeRule.java:process(128)) - SCM in safe mode. Healthy pipelines reported count is 0, required healthy pipeline reported count is 1
2021-03-15 13:35:46,605 [EventQueue-PipelineReportForOneReplicaPipelineSafeModeRule] INFO  safemode.SCMSafeModeManager (SCMSafeModeManager.java:validateSafeModeExitRules(214)) - AtleastOneDatanodeReportedRule rule is successfully validated
2021-03-15 13:35:46,606 [EventQueue-OpenPipelineForHealthyPipelineSafeModeRule] INFO  safemode.SCMSafeModeManager (HealthyPipelineSafeModeRule.java:process(128)) - SCM in safe mode. Healthy pipelines reported count is 0, required healthy pipeline reported count is 1
2021-03-15 13:35:46,663 [EventQueue-OpenPipelineForHealthyPipelineSafeModeRule] INFO  safemode.SCMSafeModeManager (HealthyPipelineSafeModeRule.java:process(128)) - SCM in safe mode. Healthy pipelines reported count is 0, required healthy pipeline reported count is 1
2021-03-15 13:35:46,663 [EventQueue-PipelineReportForOneReplicaPipelineSafeModeRule] INFO  safemode.SCMSafeModeManager (SCMSafeModeManager.java:validateSafeModeExitRules(214)) - AtleastOneDatanodeReportedRule rule is successfully validated
2021-03-15 13:35:46,668 [EventQueue-PipelineReportForOneReplicaPipelineSafeModeRule] INFO  safemode.SCMSafeModeManager (SCMSafeModeManager.java:validateSafeModeExitRules(214)) - AtleastOneDatanodeReportedRule rule is successfully validated
2021-03-15 13:35:46,668 [EventQueue-OpenPipelineForHealthyPipelineSafeModeRule] INFO  safemode.SCMSafeModeManager (HealthyPipelineSafeModeRule.java:process(128)) - SCM in safe mode. Healthy pipelines reported count is 0, required healthy pipeline reported count is 1
2021-03-15 13:35:46,670 [EventQueue-PipelineReportForOneReplicaPipelineSafeModeRule] INFO  safemode.SCMSafeModeManager (SCMSafeModeManager.java:validateSafeModeExitRules(214)) - AtleastOneDatanodeReportedRule rule is successfully validated
2021-03-15 13:35:46,670 [EventQueue-OpenPipelineForHealthyPipelineSafeModeRule] INFO  safemode.SCMSafeModeManager (HealthyPipelineSafeModeRule.java:process(128)) - SCM in safe mode. Healthy pipelines reported count is 0, required healthy pipeline reported count is 1
2021-03-15 13:35:46,676 [EventQueue-OpenPipelineForHealthyPipelineSafeModeRule] INFO  safemode.SCMSafeModeManager (HealthyPipelineSafeModeRule.java:process(128)) - SCM in safe mode. Healthy pipelines reported count is 0, required healthy pipeline reported count is 1
2021-03-15 13:35:46,676 [EventQueue-PipelineReportForOneReplicaPipelineSafeModeRule] INFO  safemode.SCMSafeModeManager (SCMSafeModeManager.java:validateSafeModeExitRules(214)) - AtleastOneDatanodeReportedRule rule is successfully validated
2021-03-15 13:35:46,680 [EventQueue-PipelineReportForOneReplicaPipelineSafeModeRule] INFO  safemode.SCMSafeModeManager (SCMSafeModeManager.java:validateSafeModeExitRules(214)) - AtleastOneDatanodeReportedRule rule is successfully validated
2021-03-15 13:35:46,680 [EventQueue-OpenPipelineForHealthyPipelineSafeModeRule] INFO  safemode.SCMSafeModeManager (HealthyPipelineSafeModeRule.java:process(128)) - SCM in safe mode. Healthy pipelines reported count is 0, required healthy pipeline reported count is 1
2021-03-15 13:35:46,742 [EventQueue-PipelineReportForOneReplicaPipelineSafeModeRule] INFO  safemode.SCMSafeModeManager (SCMSafeModeManager.java:validateSafeModeExitRules(214)) - AtleastOneDatanodeReportedRule rule is successfully validated
2021-03-15 13:35:46,742 [EventQueue-OpenPipelineForHealthyPipelineSafeModeRule] INFO  safemode.SCMSafeModeManager (HealthyPipelineSafeModeRule.java:process(128)) - SCM in safe mode. Healthy pipelines reported count is 0, required healthy pipeline reported count is 1
2021-03-15 13:35:46,771 [EventQueue-OpenPipelineForHealthyPipelineSafeModeRule] INFO  safemode.SCMSafeModeManager (HealthyPipelineSafeModeRule.java:process(128)) - SCM in safe mode. Healthy pipelines reported count is 0, required healthy pipeline reported count is 1
2021-03-15 13:35:46,772 [EventQueue-PipelineReportForOneReplicaPipelineSafeModeRule] INFO  safemode.SCMSafeModeManager (SCMSafeModeManager.java:validateSafeModeExitRules(214)) - AtleastOneDatanodeReportedRule rule is successfully validated
2021-03-15 13:35:46,780 [EventQueue-OpenPipelineForHealthyPipelineSafeModeRule] INFO  safemode.SCMSafeModeManager (HealthyPipelineSafeModeRule.java:process(128)) - SCM in safe mode. Healthy pipelines reported count is 0, required healthy pipeline reported count is 1
2021-03-15 13:35:46,780 [EventQueue-PipelineReportForOneReplicaPipelineSafeModeRule] INFO  safemode.SCMSafeModeManager (SCMSafeModeManager.java:validateSafeModeExitRules(214)) - AtleastOneDatanodeReportedRule rule is successfully validated
2021-03-15 13:35:46,781 [EventQueue-OpenPipelineForHealthyPipelineSafeModeRule] INFO  safemode.SCMSafeModeManager (HealthyPipelineSafeModeRule.java:process(128)) - SCM in safe mode. Healthy pipelines reported count is 0, required healthy pipeline reported count is 1
2021-03-15 13:35:46,781 [EventQueue-PipelineReportForOneReplicaPipelineSafeModeRule] INFO  safemode.SCMSafeModeManager (SCMSafeModeManager.java:validateSafeModeExitRules(214)) - AtleastOneDatanodeReportedRule rule is successfully validated
2021-03-15 13:35:46,795 [Thread-283] INFO  impl.FollowerState (FollowerState.java:run(133)) - 2d24b89a-5033-4a49-b30e-962358659472@group-35AA48923619-FollowerState: change to CANDIDATE, lastRpcElapsedTime:5133610865ns, electionTimeout:5118ms
2021-03-15 13:35:46,799 [Thread-283] INFO  impl.RoleInfo (RoleInfo.java:shutdownFollowerState(108)) - 2d24b89a-5033-4a49-b30e-962358659472: shutdown 2d24b89a-5033-4a49-b30e-962358659472@group-35AA48923619-FollowerState
2021-03-15 13:35:46,799 [Thread-283] INFO  server.RaftServer$Division (RaftServerImpl.java:setRole(284)) - 2d24b89a-5033-4a49-b30e-962358659472@group-35AA48923619: changes role from  FOLLOWER to CANDIDATE at term 0 for changeToCandidate
2021-03-15 13:35:46,799 [Thread-283] INFO  server.RaftServerConfigKeys (ConfUtils.java:logGet(44)) - raft.server.leaderelection.pre-vote = false (custom)
2021-03-15 13:35:46,799 [Thread-283] INFO  impl.RoleInfo (RoleInfo.java:updateAndGet(130)) - 2d24b89a-5033-4a49-b30e-962358659472: start 2d24b89a-5033-4a49-b30e-962358659472@group-35AA48923619-LeaderElection2
2021-03-15 13:35:46,802 [2d24b89a-5033-4a49-b30e-962358659472@group-35AA48923619-LeaderElection2] INFO  impl.LeaderElection (LeaderElection.java:askForVotes(307)) - 2d24b89a-5033-4a49-b30e-962358659472@group-35AA48923619-LeaderElection2 ELECTION round 0: submit vote requests at term 1 for -1: [2d24b89a-5033-4a49-b30e-962358659472|rpc:172.17.0.2:35689|priority:1], old=null
2021-03-15 13:35:46,802 [2d24b89a-5033-4a49-b30e-962358659472@group-35AA48923619-LeaderElection2] INFO  impl.LeaderElection (LeaderElection.java:askForVotes(309)) - 2d24b89a-5033-4a49-b30e-962358659472@group-35AA48923619-LeaderElection2 ELECTION round 0: result PASSED (term=1)
2021-03-15 13:35:46,803 [2d24b89a-5033-4a49-b30e-962358659472@group-35AA48923619-LeaderElection2] INFO  impl.RoleInfo (RoleInfo.java:shutdownLeaderElection(121)) - 2d24b89a-5033-4a49-b30e-962358659472: shutdown 2d24b89a-5033-4a49-b30e-962358659472@group-35AA48923619-LeaderElection2
2021-03-15 13:35:46,803 [2d24b89a-5033-4a49-b30e-962358659472@group-35AA48923619-LeaderElection2] INFO  server.RaftServer$Division (RaftServerImpl.java:setRole(284)) - 2d24b89a-5033-4a49-b30e-962358659472@group-35AA48923619: changes role from CANDIDATE to LEADER at term 1 for changeToLeader
2021-03-15 13:35:46,803 [2d24b89a-5033-4a49-b30e-962358659472@group-35AA48923619-LeaderElection2] INFO  ratis.XceiverServerRatis (XceiverServerRatis.java:handleLeaderChangedNotification(899)) - Leader change notification received for group: group-35AA48923619 with new leaderId: 2d24b89a-5033-4a49-b30e-962358659472
2021-03-15 13:35:46,803 [2d24b89a-5033-4a49-b30e-962358659472@group-35AA48923619-LeaderElection2] INFO  server.RaftServer$Division (ServerState.java:setLeader(271)) - 2d24b89a-5033-4a49-b30e-962358659472@group-35AA48923619: change Leader from null to 2d24b89a-5033-4a49-b30e-962358659472 at term 1 for becomeLeader, leader elected after 5172ms
2021-03-15 13:35:46,803 [2d24b89a-5033-4a49-b30e-962358659472@group-35AA48923619-LeaderElection2] INFO  server.RaftServerConfigKeys (ConfUtils.java:logGet(44)) - raft.server.staging.catchup.gap = 1000 (default)
2021-03-15 13:35:46,804 [2d24b89a-5033-4a49-b30e-962358659472@group-35AA48923619-LeaderElection2] INFO  metrics.RatisMetrics (RatisMetrics.java:lambda$create$0(36)) - Creating Metrics Registry : ratis.log_appender.2d24b89a-5033-4a49-b30e-962358659472@group-35AA48923619
2021-03-15 13:35:46,804 [2d24b89a-5033-4a49-b30e-962358659472@group-35AA48923619-LeaderElection2] INFO  server.RaftServerConfigKeys (ConfUtils.java:logGet(44)) - raft.server.write.element-limit = 1024 (custom)
2021-03-15 13:35:46,804 [2d24b89a-5033-4a49-b30e-962358659472@group-35AA48923619-LeaderElection2] INFO  server.RaftServerConfigKeys (ConfUtils.java:logGet(44)) - raft.server.write.byte-limit = 1073741824 (custom)
2021-03-15 13:35:46,805 [EventQueue-PipelineReportForOneReplicaPipelineSafeModeRule] INFO  safemode.SCMSafeModeManager (SCMSafeModeManager.java:validateSafeModeExitRules(214)) - AtleastOneDatanodeReportedRule rule is successfully validated
2021-03-15 13:35:46,805 [EventQueue-OpenPipelineForHealthyPipelineSafeModeRule] INFO  safemode.SCMSafeModeManager (HealthyPipelineSafeModeRule.java:process(128)) - SCM in safe mode. Healthy pipelines reported count is 0, required healthy pipeline reported count is 1
2021-03-15 13:35:46,805 [2d24b89a-5033-4a49-b30e-962358659472@group-35AA48923619-LeaderElection2] INFO  server.RaftServerConfigKeys (ConfUtils.java:logGet(44)) - raft.server.watch.timeout = 10000ms (default)
2021-03-15 13:35:46,805 [2d24b89a-5033-4a49-b30e-962358659472@group-35AA48923619-LeaderElection2] INFO  server.RaftServerConfigKeys (ConfUtils.java:logGet(44)) - raft.server.watch.timeout.denomination = 1s (default)
2021-03-15 13:35:46,805 [2d24b89a-5033-4a49-b30e-962358659472@group-35AA48923619-LeaderElection2] INFO  server.RaftServerConfigKeys (ConfUtils.java:logGet(44)) - raft.server.watch.element-limit = 65536 (default)
2021-03-15 13:35:46,805 [2d24b89a-5033-4a49-b30e-962358659472@group-35AA48923619-LeaderElection2] INFO  impl.RoleInfo (RoleInfo.java:updateAndGet(130)) - 2d24b89a-5033-4a49-b30e-962358659472: start 2d24b89a-5033-4a49-b30e-962358659472@group-35AA48923619-LeaderStateImpl
2021-03-15 13:35:46,805 [EventQueue-OpenPipelineForHealthyPipelineSafeModeRule] INFO  safemode.SCMSafeModeManager (HealthyPipelineSafeModeRule.java:process(128)) - SCM in safe mode. Healthy pipelines reported count is 0, required healthy pipeline reported count is 1
2021-03-15 13:35:46,805 [EventQueue-PipelineReportForOneReplicaPipelineSafeModeRule] INFO  safemode.SCMSafeModeManager (SCMSafeModeManager.java:validateSafeModeExitRules(214)) - AtleastOneDatanodeReportedRule rule is successfully validated
2021-03-15 13:35:46,806 [2d24b89a-5033-4a49-b30e-962358659472@group-35AA48923619-LeaderElection2] INFO  segmented.SegmentedRaftLogWorker (SegmentedRaftLogWorker.java:startLogSegment(392)) - 2d24b89a-5033-4a49-b30e-962358659472@group-35AA48923619-SegmentedRaftLogWorker: Starting segment from index:0
2021-03-15 13:35:46,807 [2d24b89a-5033-4a49-b30e-962358659472@group-35AA48923619-SegmentedRaftLogWorker] INFO  segmented.SegmentedRaftLogWorker (SegmentedRaftLogWorker.java:execute(599)) - 2d24b89a-5033-4a49-b30e-962358659472@group-35AA48923619-SegmentedRaftLogWorker: created new log segment /github/workspace/mnt/ozone/hadoop-ozone/integration-test/target/test-dir/MiniOzoneClusterImpl-12ebc720-05ee-4469-9130-5183c7181a17/datanode-0/data/ratis/c17d1069-ac0b-43f7-b8cd-35aa48923619/current/log_inprogress_0
2021-03-15 13:35:46,818 [2d24b89a-5033-4a49-b30e-962358659472@group-35AA48923619-LeaderElection2] INFO  server.RaftServer$Division (ServerState.java:setRaftConf(373)) - 2d24b89a-5033-4a49-b30e-962358659472@group-35AA48923619: set configuration 0: [2d24b89a-5033-4a49-b30e-962358659472|rpc:172.17.0.2:35689|dataStream:|priority:1], old=null
2021-03-15 13:35:46,819 [2d24b89a-5033-4a49-b30e-962358659472@group-35AA48923619-StateMachineUpdater] INFO  ratis.ContainerStateMachine (ContainerStateMachine.java:takeSnapshot(291)) - group-35AA48923619: Taking a snapshot at:(t:1, i:0) file /github/workspace/mnt/ozone/hadoop-ozone/integration-test/target/test-dir/MiniOzoneClusterImpl-12ebc720-05ee-4469-9130-5183c7181a17/datanode-0/data/ratis/c17d1069-ac0b-43f7-b8cd-35aa48923619/sm/snapshot.1_0
2021-03-15 13:35:46,867 [EventQueue-PipelineReportForOneReplicaPipelineSafeModeRule] INFO  safemode.SCMSafeModeManager (SCMSafeModeManager.java:validateSafeModeExitRules(214)) - AtleastOneDatanodeReportedRule rule is successfully validated
2021-03-15 13:35:46,868 [EventQueue-OpenPipelineForHealthyPipelineSafeModeRule] INFO  safemode.SCMSafeModeManager (HealthyPipelineSafeModeRule.java:process(128)) - SCM in safe mode. Healthy pipelines reported count is 0, required healthy pipeline reported count is 1
2021-03-15 13:35:46,869 [EventQueue-PipelineReportForOneReplicaPipelineSafeModeRule] INFO  safemode.SCMSafeModeManager (SCMSafeModeManager.java:validateSafeModeExitRules(214)) - AtleastOneDatanodeReportedRule rule is successfully validated
2021-03-15 13:35:46,869 [EventQueue-OpenPipelineForHealthyPipelineSafeModeRule] INFO  safemode.SCMSafeModeManager (HealthyPipelineSafeModeRule.java:process(128)) - SCM in safe mode. Healthy pipelines reported count is 0, required healthy pipeline reported count is 1
2021-03-15 13:35:46,870 [EventQueue-PipelineReportForOneReplicaPipelineSafeModeRule] INFO  safemode.SCMSafeModeManager (SCMSafeModeManager.java:validateSafeModeExitRules(214)) - AtleastOneDatanodeReportedRule rule is successfully validated
2021-03-15 13:35:46,870 [EventQueue-OpenPipelineForHealthyPipelineSafeModeRule] INFO  safemode.SCMSafeModeManager (HealthyPipelineSafeModeRule.java:process(128)) - SCM in safe mode. Healthy pipelines reported count is 0, required healthy pipeline reported count is 1
2021-03-15 13:35:46,881 [EventQueue-PipelineReportForOneReplicaPipelineSafeModeRule] INFO  safemode.SCMSafeModeManager (SCMSafeModeManager.java:validateSafeModeExitRules(214)) - AtleastOneDatanodeReportedRule rule is successfully validated
2021-03-15 13:35:46,881 [EventQueue-OpenPipelineForHealthyPipelineSafeModeRule] INFO  safemode.SCMSafeModeManager (HealthyPipelineSafeModeRule.java:process(128)) - SCM in safe mode. Healthy pipelines reported count is 0, required healthy pipeline reported count is 1
2021-03-15 13:35:46,891 [2d24b89a-5033-4a49-b30e-962358659472@group-35AA48923619-StateMachineUpdater] INFO  ratis.ContainerStateMachine (ContainerStateMachine.java:takeSnapshot(302)) - group-35AA48923619: Finished taking a snapshot at:(t:1, i:0) file:/github/workspace/mnt/ozone/hadoop-ozone/integration-test/target/test-dir/MiniOzoneClusterImpl-12ebc720-05ee-4469-9130-5183c7181a17/datanode-0/data/ratis/c17d1069-ac0b-43f7-b8cd-35aa48923619/sm/snapshot.1_0 took: 72 ms
2021-03-15 13:35:46,892 [2d24b89a-5033-4a49-b30e-962358659472@group-35AA48923619-StateMachineUpdater] INFO  impl.StateMachineUpdater (StateMachineUpdater.java:takeSnapshot(279)) - 2d24b89a-5033-4a49-b30e-962358659472@group-35AA48923619-StateMachineUpdater: Took a snapshot at index 0
2021-03-15 13:35:46,892 [2d24b89a-5033-4a49-b30e-962358659472@group-35AA48923619-StateMachineUpdater] INFO  impl.StateMachineUpdater (StateMachineUpdater.java:lambda$new$0(88)) - 2d24b89a-5033-4a49-b30e-962358659472@group-35AA48923619-StateMachineUpdater: snapshotIndex: updateIncreasingly -1 -> 0
2021-03-15 13:35:46,942 [EventQueue-PipelineReportForOneReplicaPipelineSafeModeRule] INFO  safemode.SCMSafeModeManager (SCMSafeModeManager.java:validateSafeModeExitRules(214)) - AtleastOneDatanodeReportedRule rule is successfully validated
2021-03-15 13:35:46,942 [EventQueue-OpenPipelineForHealthyPipelineSafeModeRule] INFO  safemode.SCMSafeModeManager (HealthyPipelineSafeModeRule.java:process(128)) - SCM in safe mode. Healthy pipelines reported count is 0, required healthy pipeline reported count is 1
2021-03-15 13:35:46,971 [EventQueue-OpenPipelineForHealthyPipelineSafeModeRule] INFO  safemode.SCMSafeModeManager (HealthyPipelineSafeModeRule.java:process(128)) - SCM in safe mode. Healthy pipelines reported count is 0, required healthy pipeline reported count is 1
2021-03-15 13:35:46,972 [EventQueue-PipelineReportForOneReplicaPipelineSafeModeRule] INFO  safemode.SCMSafeModeManager (SCMSafeModeManager.java:validateSafeModeExitRules(214)) - AtleastOneDatanodeReportedRule rule is successfully validated
2021-03-15 13:35:46,979 [EventQueue-OpenPipelineForHealthyPipelineSafeModeRule] INFO  safemode.SCMSafeModeManager (HealthyPipelineSafeModeRule.java:process(128)) - SCM in safe mode. Healthy pipelines reported count is 0, required healthy pipeline reported count is 1
2021-03-15 13:35:46,979 [EventQueue-PipelineReportForOneReplicaPipelineSafeModeRule] INFO  safemode.SCMSafeModeManager (SCMSafeModeManager.java:validateSafeModeExitRules(214)) - AtleastOneDatanodeReportedRule rule is successfully validated
2021-03-15 13:35:46,980 [EventQueue-PipelineReportForOneReplicaPipelineSafeModeRule] INFO  safemode.SCMSafeModeManager (SCMSafeModeManager.java:validateSafeModeExitRules(214)) - AtleastOneDatanodeReportedRule rule is successfully validated
2021-03-15 13:35:46,980 [EventQueue-OpenPipelineForHealthyPipelineSafeModeRule] INFO  safemode.SCMSafeModeManager (HealthyPipelineSafeModeRule.java:process(128)) - SCM in safe mode. Healthy pipelines reported count is 0, required healthy pipeline reported count is 1
2021-03-15 13:35:47,004 [EventQueue-PipelineReportForOneReplicaPipelineSafeModeRule] INFO  safemode.SCMSafeModeManager (SCMSafeModeManager.java:validateSafeModeExitRules(214)) - AtleastOneDatanodeReportedRule rule is successfully validated
2021-03-15 13:35:47,005 [EventQueue-OpenPipelineForHealthyPipelineSafeModeRule] INFO  safemode.SCMSafeModeManager (HealthyPipelineSafeModeRule.java:process(128)) - SCM in safe mode. Healthy pipelines reported count is 0, required healthy pipeline reported count is 1
2021-03-15 13:35:47,005 [EventQueue-OpenPipelineForHealthyPipelineSafeModeRule] INFO  safemode.SCMSafeModeManager (HealthyPipelineSafeModeRule.java:process(128)) - SCM in safe mode. Healthy pipelines reported count is 0, required healthy pipeline reported count is 1
2021-03-15 13:35:47,005 [EventQueue-PipelineReportForOneReplicaPipelineSafeModeRule] INFO  safemode.SCMSafeModeManager (SCMSafeModeManager.java:validateSafeModeExitRules(214)) - AtleastOneDatanodeReportedRule rule is successfully validated
2021-03-15 13:35:47,067 [EventQueue-PipelineReportForOneReplicaPipelineSafeModeRule] INFO  safemode.SCMSafeModeManager (SCMSafeModeManager.java:validateSafeModeExitRules(214)) - AtleastOneDatanodeReportedRule rule is successfully validated
2021-03-15 13:35:47,068 [EventQueue-OpenPipelineForHealthyPipelineSafeModeRule] INFO  safemode.SCMSafeModeManager (HealthyPipelineSafeModeRule.java:process(128)) - SCM in safe mode. Healthy pipelines reported count is 0, required healthy pipeline reported count is 1
2021-03-15 13:35:47,068 [EventQueue-OpenPipelineForHealthyPipelineSafeModeRule] INFO  safemode.SCMSafeModeManager (HealthyPipelineSafeModeRule.java:process(128)) - SCM in safe mode. Healthy pipelines reported count is 0, required healthy pipeline reported count is 1
2021-03-15 13:35:47,068 [EventQueue-PipelineReportForOneReplicaPipelineSafeModeRule] INFO  safemode.SCMSafeModeManager (SCMSafeModeManager.java:validateSafeModeExitRules(214)) - AtleastOneDatanodeReportedRule rule is successfully validated
2021-03-15 13:35:47,069 [EventQueue-PipelineReportForOneReplicaPipelineSafeModeRule] INFO  safemode.SCMSafeModeManager (SCMSafeModeManager.java:validateSafeModeExitRules(214)) - AtleastOneDatanodeReportedRule rule is successfully validated
2021-03-15 13:35:47,069 [EventQueue-OpenPipelineForHealthyPipelineSafeModeRule] INFO  safemode.SCMSafeModeManager (HealthyPipelineSafeModeRule.java:process(128)) - SCM in safe mode. Healthy pipelines reported count is 0, required healthy pipeline reported count is 1
2021-03-15 13:35:47,081 [EventQueue-PipelineReportForOneReplicaPipelineSafeModeRule] INFO  safemode.SCMSafeModeManager (SCMSafeModeManager.java:validateSafeModeExitRules(214)) - AtleastOneDatanodeReportedRule rule is successfully validated
2021-03-15 13:35:47,081 [EventQueue-OpenPipelineForHealthyPipelineSafeModeRule] INFO  safemode.SCMSafeModeManager (HealthyPipelineSafeModeRule.java:process(128)) - SCM in safe mode. Healthy pipelines reported count is 0, required healthy pipeline reported count is 1
2021-03-15 13:35:47,109 [Thread-285] INFO  impl.FollowerState (FollowerState.java:run(133)) - 2d24b89a-5033-4a49-b30e-962358659472@group-43DE234879E5-FollowerState: change to CANDIDATE, lastRpcElapsedTime:5158865924ns, electionTimeout:5157ms
2021-03-15 13:35:47,111 [Thread-285] INFO  impl.RoleInfo (RoleInfo.java:shutdownFollowerState(108)) - 2d24b89a-5033-4a49-b30e-962358659472: shutdown 2d24b89a-5033-4a49-b30e-962358659472@group-43DE234879E5-FollowerState
2021-03-15 13:35:47,111 [Thread-285] INFO  server.RaftServer$Division (RaftServerImpl.java:setRole(284)) - 2d24b89a-5033-4a49-b30e-962358659472@group-43DE234879E5: changes role from  FOLLOWER to CANDIDATE at term 0 for changeToCandidate
2021-03-15 13:35:47,111 [Thread-285] INFO  server.RaftServerConfigKeys (ConfUtils.java:logGet(44)) - raft.server.leaderelection.pre-vote = false (custom)
2021-03-15 13:35:47,111 [Thread-285] INFO  impl.RoleInfo (RoleInfo.java:updateAndGet(130)) - 2d24b89a-5033-4a49-b30e-962358659472: start 2d24b89a-5033-4a49-b30e-962358659472@group-43DE234879E5-LeaderElection3
2021-03-15 13:35:47,114 [2d24b89a-5033-4a49-b30e-962358659472@group-43DE234879E5-LeaderElection3] INFO  impl.LeaderElection (LeaderElection.java:askForVotes(307)) - 2d24b89a-5033-4a49-b30e-962358659472@group-43DE234879E5-LeaderElection3 ELECTION round 0: submit vote requests at term 1 for -1: [1e038761-1b78-4d65-9d2c-f5326a28b9d0|rpc:172.17.0.2:41979|priority:0, 6cd9ceaa-b54f-4187-9c12-925a7628e128|rpc:172.17.0.2:39055|priority:1, 2d24b89a-5033-4a49-b30e-962358659472|rpc:172.17.0.2:35689|priority:0], old=null
2021-03-15 13:35:47,133 [grpc-default-executor-0] INFO  server.RaftServer$Division (RaftServerImpl.java:requestVote(1025)) - 1e038761-1b78-4d65-9d2c-f5326a28b9d0@group-43DE234879E5: receive requestVote(ELECTION, 2d24b89a-5033-4a49-b30e-962358659472, group-43DE234879E5, 1, (t:0, i:0))
2021-03-15 13:35:47,135 [grpc-default-executor-0] INFO  impl.VoteContext (VoteContext.java:log(48)) - 1e038761-1b78-4d65-9d2c-f5326a28b9d0@group-43DE234879E5-FOLLOWER: accept ELECTION from 2d24b89a-5033-4a49-b30e-962358659472: our priority 0 <= candidate's priority 0
2021-03-15 13:35:47,135 [grpc-default-executor-0] INFO  server.RaftServer$Division (RaftServerImpl.java:setRole(284)) - 1e038761-1b78-4d65-9d2c-f5326a28b9d0@group-43DE234879E5: changes role from  FOLLOWER to FOLLOWER at term 1 for candidate:2d24b89a-5033-4a49-b30e-962358659472
2021-03-15 13:35:47,136 [grpc-default-executor-0] INFO  impl.RoleInfo (RoleInfo.java:shutdownFollowerState(108)) - 1e038761-1b78-4d65-9d2c-f5326a28b9d0: shutdown 1e038761-1b78-4d65-9d2c-f5326a28b9d0@group-43DE234879E5-FollowerState
2021-03-15 13:35:47,136 [Thread-289] INFO  impl.FollowerState (FollowerState.java:run(142)) - 1e038761-1b78-4d65-9d2c-f5326a28b9d0@group-43DE234879E5-FollowerState was interrupted: {}
java.lang.InterruptedException: sleep interrupted
	at java.lang.Thread.sleep(Native Method)
	at java.lang.Thread.sleep(Thread.java:340)
	at java.util.concurrent.TimeUnit.sleep(TimeUnit.java:386)
	at org.apache.ratis.util.TimeDuration.sleep(TimeDuration.java:324)
	at org.apache.ratis.util.TimeDuration.sleep(TimeDuration.java:309)
	at org.apache.ratis.server.impl.FollowerState.run(FollowerState.java:117)
2021-03-15 13:35:47,136 [grpc-default-executor-0] INFO  impl.RoleInfo (RoleInfo.java:updateAndGet(130)) - 1e038761-1b78-4d65-9d2c-f5326a28b9d0: start 1e038761-1b78-4d65-9d2c-f5326a28b9d0@group-43DE234879E5-FollowerState
2021-03-15 13:35:47,143 [EventQueue-PipelineReportForOneReplicaPipelineSafeModeRule] INFO  safemode.SCMSafeModeManager (SCMSafeModeManager.java:validateSafeModeExitRules(214)) - AtleastOneDatanodeReportedRule rule is successfully validated
2021-03-15 13:35:47,143 [EventQueue-OpenPipelineForHealthyPipelineSafeModeRule] INFO  safemode.SCMSafeModeManager (HealthyPipelineSafeModeRule.java:process(128)) - SCM in safe mode. Healthy pipelines reported count is 0, required healthy pipeline reported count is 1
2021-03-15 13:35:47,147 [grpc-default-executor-1] INFO  server.RaftServer$Division (RaftServerImpl.java:requestVote(1025)) - 6cd9ceaa-b54f-4187-9c12-925a7628e128@group-43DE234879E5: receive requestVote(ELECTION, 2d24b89a-5033-4a49-b30e-962358659472, group-43DE234879E5, 1, (t:0, i:0))
2021-03-15 13:35:47,148 [grpc-default-executor-1] INFO  impl.VoteContext (VoteContext.java:log(48)) - 6cd9ceaa-b54f-4187-9c12-925a7628e128@group-43DE234879E5-FOLLOWER: reject ELECTION from 2d24b89a-5033-4a49-b30e-962358659472: our priority 1 > candidate's priority 0
2021-03-15 13:35:47,155 [grpc-default-executor-1] INFO  server.RaftServer$Division (RaftServerImpl.java:setRole(284)) - 6cd9ceaa-b54f-4187-9c12-925a7628e128@group-43DE234879E5: changes role from  FOLLOWER to FOLLOWER at term 1 for candidate:2d24b89a-5033-4a49-b30e-962358659472
2021-03-15 13:35:47,155 [grpc-default-executor-1] INFO  impl.RoleInfo (RoleInfo.java:shutdownFollowerState(108)) - 6cd9ceaa-b54f-4187-9c12-925a7628e128: shutdown 6cd9ceaa-b54f-4187-9c12-925a7628e128@group-43DE234879E5-FollowerState
2021-03-15 13:35:47,155 [grpc-default-executor-1] INFO  impl.RoleInfo (RoleInfo.java:updateAndGet(130)) - 6cd9ceaa-b54f-4187-9c12-925a7628e128: start 6cd9ceaa-b54f-4187-9c12-925a7628e128@group-43DE234879E5-FollowerState
2021-03-15 13:35:47,155 [Thread-293] INFO  impl.FollowerState (FollowerState.java:run(142)) - 6cd9ceaa-b54f-4187-9c12-925a7628e128@group-43DE234879E5-FollowerState was interrupted: {}
java.lang.InterruptedException: sleep interrupted
	at java.lang.Thread.sleep(Native Method)
	at java.lang.Thread.sleep(Thread.java:340)
	at java.util.concurrent.TimeUnit.sleep(TimeUnit.java:386)
	at org.apache.ratis.util.TimeDuration.sleep(TimeDuration.java:324)
	at org.apache.ratis.util.TimeDuration.sleep(TimeDuration.java:309)
	at org.apache.ratis.server.impl.FollowerState.run(FollowerState.java:117)
2021-03-15 13:35:47,157 [grpc-default-executor-0] INFO  server.RaftServer$Division (RaftServerImpl.java:requestVote(1057)) - 1e038761-1b78-4d65-9d2c-f5326a28b9d0@group-43DE234879E5 replies to ELECTION vote request: 2d24b89a-5033-4a49-b30e-962358659472<-1e038761-1b78-4d65-9d2c-f5326a28b9d0#0:OK-t1. Peer's state: 1e038761-1b78-4d65-9d2c-f5326a28b9d0@group-43DE234879E5:t1, leader=null, voted=2d24b89a-5033-4a49-b30e-962358659472, raftlog=1e038761-1b78-4d65-9d2c-f5326a28b9d0@group-43DE234879E5-SegmentedRaftLog:OPENED:c-1,f-1,i0, conf=-1: [1e038761-1b78-4d65-9d2c-f5326a28b9d0|rpc:172.17.0.2:41979|priority:0, 6cd9ceaa-b54f-4187-9c12-925a7628e128|rpc:172.17.0.2:39055|priority:1, 2d24b89a-5033-4a49-b30e-962358659472|rpc:172.17.0.2:35689|priority:0], old=null
2021-03-15 13:35:47,165 [grpc-default-executor-1] INFO  server.RaftServer$Division (RaftServerImpl.java:requestVote(1057)) - 6cd9ceaa-b54f-4187-9c12-925a7628e128@group-43DE234879E5 replies to ELECTION vote request: 2d24b89a-5033-4a49-b30e-962358659472<-6cd9ceaa-b54f-4187-9c12-925a7628e128#0:FAIL-t1. Peer's state: 6cd9ceaa-b54f-4187-9c12-925a7628e128@group-43DE234879E5:t1, leader=null, voted=null, raftlog=6cd9ceaa-b54f-4187-9c12-925a7628e128@group-43DE234879E5-SegmentedRaftLog:OPENED:c-1,f-1,i0, conf=-1: [1e038761-1b78-4d65-9d2c-f5326a28b9d0|rpc:172.17.0.2:41979|priority:0, 6cd9ceaa-b54f-4187-9c12-925a7628e128|rpc:172.17.0.2:39055|priority:1, 2d24b89a-5033-4a49-b30e-962358659472|rpc:172.17.0.2:35689|priority:0], old=null
2021-03-15 13:35:47,167 [2d24b89a-5033-4a49-b30e-962358659472@group-43DE234879E5-LeaderElection3] INFO  impl.LeaderElection (LeaderElection.java:logAndReturn(89)) - 2d24b89a-5033-4a49-b30e-962358659472@group-43DE234879E5-LeaderElection3: ELECTION REJECTED received 2 response(s) and 0 exception(s):
2021-03-15 13:35:47,168 [2d24b89a-5033-4a49-b30e-962358659472@group-43DE234879E5-LeaderElection3] INFO  impl.LeaderElection (LeaderElection.java:logAndReturn(93)) -   Response 0: 2d24b89a-5033-4a49-b30e-962358659472<-1e038761-1b78-4d65-9d2c-f5326a28b9d0#0:OK-t1
2021-03-15 13:35:47,168 [2d24b89a-5033-4a49-b30e-962358659472@group-43DE234879E5-LeaderElection3] INFO  impl.LeaderElection (LeaderElection.java:logAndReturn(93)) -   Response 1: 2d24b89a-5033-4a49-b30e-962358659472<-6cd9ceaa-b54f-4187-9c12-925a7628e128#0:FAIL-t1
2021-03-15 13:35:47,168 [2d24b89a-5033-4a49-b30e-962358659472@group-43DE234879E5-LeaderElection3] INFO  impl.LeaderElection (LeaderElection.java:askForVotes(309)) - 2d24b89a-5033-4a49-b30e-962358659472@group-43DE234879E5-LeaderElection3 ELECTION round 0: result REJECTED
2021-03-15 13:35:47,168 [2d24b89a-5033-4a49-b30e-962358659472@group-43DE234879E5-LeaderElection3] INFO  server.RaftServer$Division (RaftServerImpl.java:setRole(284)) - 2d24b89a-5033-4a49-b30e-962358659472@group-43DE234879E5: changes role from CANDIDATE to FOLLOWER at term 1 for REJECTED
2021-03-15 13:35:47,168 [2d24b89a-5033-4a49-b30e-962358659472@group-43DE234879E5-LeaderElection3] INFO  impl.RoleInfo (RoleInfo.java:shutdownLeaderElection(121)) - 2d24b89a-5033-4a49-b30e-962358659472: shutdown 2d24b89a-5033-4a49-b30e-962358659472@group-43DE234879E5-LeaderElection3
2021-03-15 13:35:47,168 [2d24b89a-5033-4a49-b30e-962358659472@group-43DE234879E5-LeaderElection3] INFO  impl.RoleInfo (RoleInfo.java:updateAndGet(130)) - 2d24b89a-5033-4a49-b30e-962358659472: start 2d24b89a-5033-4a49-b30e-962358659472@group-43DE234879E5-FollowerState
2021-03-15 13:35:47,175 [EventQueue-OpenPipelineForHealthyPipelineSafeModeRule] INFO  safemode.SCMSafeModeManager (HealthyPipelineSafeModeRule.java:process(128)) - SCM in safe mode. Healthy pipelines reported count is 0, required healthy pipeline reported count is 1
2021-03-15 13:35:47,176 [EventQueue-PipelineReportForOneReplicaPipelineSafeModeRule] INFO  safemode.SCMSafeModeManager (SCMSafeModeManager.java:validateSafeModeExitRules(214)) - AtleastOneDatanodeReportedRule rule is successfully validated
2021-03-15 13:35:47,179 [EventQueue-PipelineReportForOneReplicaPipelineSafeModeRule] INFO  safemode.SCMSafeModeManager (SCMSafeModeManager.java:validateSafeModeExitRules(214)) - AtleastOneDatanodeReportedRule rule is successfully validated
2021-03-15 13:35:47,179 [EventQueue-OpenPipelineForHealthyPipelineSafeModeRule] INFO  safemode.SCMSafeModeManager (HealthyPipelineSafeModeRule.java:process(128)) - SCM in safe mode. Healthy pipelines reported count is 0, required healthy pipeline reported count is 1
2021-03-15 13:35:47,180 [EventQueue-PipelineReportForOneReplicaPipelineSafeModeRule] INFO  safemode.SCMSafeModeManager (SCMSafeModeManager.java:validateSafeModeExitRules(214)) - AtleastOneDatanodeReportedRule rule is successfully validated
2021-03-15 13:35:47,180 [EventQueue-OpenPipelineForHealthyPipelineSafeModeRule] INFO  safemode.SCMSafeModeManager (HealthyPipelineSafeModeRule.java:process(128)) - SCM in safe mode. Healthy pipelines reported count is 0, required healthy pipeline reported count is 1
2021-03-15 13:35:47,204 [EventQueue-PipelineReportForOneReplicaPipelineSafeModeRule] INFO  safemode.SCMSafeModeManager (SCMSafeModeManager.java:validateSafeModeExitRules(214)) - AtleastOneDatanodeReportedRule rule is successfully validated
2021-03-15 13:35:47,205 [EventQueue-OpenPipelineForHealthyPipelineSafeModeRule] INFO  safemode.SCMSafeModeManager (HealthyPipelineSafeModeRule.java:process(128)) - SCM in safe mode. Healthy pipelines reported count is 0, required healthy pipeline reported count is 1
2021-03-15 13:35:47,205 [EventQueue-PipelineReportForOneReplicaPipelineSafeModeRule] INFO  safemode.SCMSafeModeManager (SCMSafeModeManager.java:validateSafeModeExitRules(214)) - AtleastOneDatanodeReportedRule rule is successfully validated
2021-03-15 13:35:47,206 [EventQueue-OpenPipelineForHealthyPipelineSafeModeRule] INFO  safemode.SCMSafeModeManager (HealthyPipelineSafeModeRule.java:process(128)) - SCM in safe mode. Healthy pipelines reported count is 0, required healthy pipeline reported count is 1
2021-03-15 13:35:47,267 [EventQueue-PipelineReportForOneReplicaPipelineSafeModeRule] INFO  safemode.SCMSafeModeManager (SCMSafeModeManager.java:validateSafeModeExitRules(214)) - AtleastOneDatanodeReportedRule rule is successfully validated
2021-03-15 13:35:47,267 [EventQueue-OpenPipelineForHealthyPipelineSafeModeRule] INFO  safemode.SCMSafeModeManager (HealthyPipelineSafeModeRule.java:process(128)) - SCM in safe mode. Healthy pipelines reported count is 0, required healthy pipeline reported count is 1
2021-03-15 13:35:47,268 [EventQueue-PipelineReportForOneReplicaPipelineSafeModeRule] INFO  safemode.SCMSafeModeManager (SCMSafeModeManager.java:validateSafeModeExitRules(214)) - AtleastOneDatanodeReportedRule rule is successfully validated
2021-03-15 13:35:47,269 [EventQueue-OpenPipelineForHealthyPipelineSafeModeRule] INFO  safemode.SCMSafeModeManager (HealthyPipelineSafeModeRule.java:process(128)) - SCM in safe mode. Healthy pipelines reported count is 0, required healthy pipeline reported count is 1
2021-03-15 13:35:47,269 [EventQueue-PipelineReportForOneReplicaPipelineSafeModeRule] INFO  safemode.SCMSafeModeManager (SCMSafeModeManager.java:validateSafeModeExitRules(214)) - AtleastOneDatanodeReportedRule rule is successfully validated
2021-03-15 13:35:47,269 [EventQueue-OpenPipelineForHealthyPipelineSafeModeRule] INFO  safemode.SCMSafeModeManager (HealthyPipelineSafeModeRule.java:process(128)) - SCM in safe mode. Healthy pipelines reported count is 0, required healthy pipeline reported count is 1
2021-03-15 13:35:47,280 [EventQueue-PipelineReportForOneReplicaPipelineSafeModeRule] INFO  safemode.SCMSafeModeManager (SCMSafeModeManager.java:validateSafeModeExitRules(214)) - AtleastOneDatanodeReportedRule rule is successfully validated
2021-03-15 13:35:47,280 [EventQueue-OpenPipelineForHealthyPipelineSafeModeRule] INFO  safemode.SCMSafeModeManager (HealthyPipelineSafeModeRule.java:process(128)) - SCM in safe mode. Healthy pipelines reported count is 0, required healthy pipeline reported count is 1
2021-03-15 13:35:47,300 [Listener at 127.0.0.1/36325] INFO  ozone.MiniOzoneClusterImpl (MiniOzoneClusterImpl.java:lambda$waitForClusterToBeReady$0(187)) - Nodes are ready. Got 10 of 10 DN Heartbeats.
2021-03-15 13:35:47,300 [Listener at 127.0.0.1/36325] INFO  ozone.MiniOzoneClusterImpl (MiniOzoneClusterImpl.java:lambda$waitForClusterToBeReady$0(190)) - Waiting for cluster to exit safe mode
2021-03-15 13:35:47,344 [EventQueue-PipelineReportForOneReplicaPipelineSafeModeRule] INFO  safemode.SCMSafeModeManager (SCMSafeModeManager.java:validateSafeModeExitRules(214)) - AtleastOneDatanodeReportedRule rule is successfully validated
2021-03-15 13:35:47,344 [EventQueue-OpenPipelineForHealthyPipelineSafeModeRule] INFO  safemode.SCMSafeModeManager (HealthyPipelineSafeModeRule.java:process(128)) - SCM in safe mode. Healthy pipelines reported count is 0, required healthy pipeline reported count is 1
2021-03-15 13:35:47,375 [EventQueue-OpenPipelineForHealthyPipelineSafeModeRule] INFO  safemode.SCMSafeModeManager (HealthyPipelineSafeModeRule.java:process(128)) - SCM in safe mode. Healthy pipelines reported count is 0, required healthy pipeline reported count is 1
2021-03-15 13:35:47,375 [EventQueue-PipelineReportForOneReplicaPipelineSafeModeRule] INFO  safemode.SCMSafeModeManager (SCMSafeModeManager.java:validateSafeModeExitRules(214)) - AtleastOneDatanodeReportedRule rule is successfully validated
2021-03-15 13:35:47,379 [EventQueue-PipelineReportForOneReplicaPipelineSafeModeRule] INFO  safemode.SCMSafeModeManager (SCMSafeModeManager.java:validateSafeModeExitRules(214)) - AtleastOneDatanodeReportedRule rule is successfully validated
2021-03-15 13:35:47,379 [EventQueue-OpenPipelineForHealthyPipelineSafeModeRule] INFO  safemode.SCMSafeModeManager (HealthyPipelineSafeModeRule.java:process(128)) - SCM in safe mode. Healthy pipelines reported count is 0, required healthy pipeline reported count is 1
2021-03-15 13:35:47,381 [EventQueue-PipelineReportForOneReplicaPipelineSafeModeRule] INFO  safemode.SCMSafeModeManager (SCMSafeModeManager.java:validateSafeModeExitRules(214)) - AtleastOneDatanodeReportedRule rule is successfully validated
2021-03-15 13:35:47,381 [EventQueue-OpenPipelineForHealthyPipelineSafeModeRule] INFO  safemode.SCMSafeModeManager (HealthyPipelineSafeModeRule.java:process(128)) - SCM in safe mode. Healthy pipelines reported count is 0, required healthy pipeline reported count is 1
2021-03-15 13:35:47,402 [Thread-287] INFO  impl.FollowerState (FollowerState.java:run(133)) - 1e038761-1b78-4d65-9d2c-f5326a28b9d0@group-D1D849901ABB-FollowerState: change to CANDIDATE, lastRpcElapsedTime:5205384485ns, electionTimeout:5193ms
2021-03-15 13:35:47,402 [Thread-287] INFO  impl.RoleInfo (RoleInfo.java:shutdownFollowerState(108)) - 1e038761-1b78-4d65-9d2c-f5326a28b9d0: shutdown 1e038761-1b78-4d65-9d2c-f5326a28b9d0@group-D1D849901ABB-FollowerState
2021-03-15 13:35:47,402 [Thread-287] INFO  server.RaftServer$Division (RaftServerImpl.java:setRole(284)) - 1e038761-1b78-4d65-9d2c-f5326a28b9d0@group-D1D849901ABB: changes role from  FOLLOWER to CANDIDATE at term 0 for changeToCandidate
2021-03-15 13:35:47,404 [Thread-287] INFO  server.RaftServerConfigKeys (ConfUtils.java:logGet(44)) - raft.server.leaderelection.pre-vote = false (custom)
2021-03-15 13:35:47,404 [Thread-287] INFO  impl.RoleInfo (RoleInfo.java:updateAndGet(130)) - 1e038761-1b78-4d65-9d2c-f5326a28b9d0: start 1e038761-1b78-4d65-9d2c-f5326a28b9d0@group-D1D849901ABB-LeaderElection4
2021-03-15 13:35:47,408 [EventQueue-OpenPipelineForHealthyPipelineSafeModeRule] INFO  safemode.SCMSafeModeManager (HealthyPipelineSafeModeRule.java:process(128)) - SCM in safe mode. Healthy pipelines reported count is 0, required healthy pipeline reported count is 1
2021-03-15 13:35:47,408 [EventQueue-OpenPipelineForHealthyPipelineSafeModeRule] INFO  safemode.SCMSafeModeManager (HealthyPipelineSafeModeRule.java:process(128)) - SCM in safe mode. Healthy pipelines reported count is 0, required healthy pipeline reported count is 1
2021-03-15 13:35:47,408 [EventQueue-PipelineReportForOneReplicaPipelineSafeModeRule] INFO  safemode.SCMSafeModeManager (SCMSafeModeManager.java:validateSafeModeExitRules(214)) - AtleastOneDatanodeReportedRule rule is successfully validated
2021-03-15 13:35:47,408 [EventQueue-PipelineReportForOneReplicaPipelineSafeModeRule] INFO  safemode.SCMSafeModeManager (SCMSafeModeManager.java:validateSafeModeExitRules(214)) - AtleastOneDatanodeReportedRule rule is successfully validated
2021-03-15 13:35:47,409 [1e038761-1b78-4d65-9d2c-f5326a28b9d0@group-D1D849901ABB-LeaderElection4] INFO  impl.LeaderElection (LeaderElection.java:askForVotes(307)) - 1e038761-1b78-4d65-9d2c-f5326a28b9d0@group-D1D849901ABB-LeaderElection4 ELECTION round 0: submit vote requests at term 1 for -1: [1e038761-1b78-4d65-9d2c-f5326a28b9d0|rpc:172.17.0.2:41979|priority:1], old=null
2021-03-15 13:35:47,410 [1e038761-1b78-4d65-9d2c-f5326a28b9d0@group-D1D849901ABB-LeaderElection4] INFO  impl.LeaderElection (LeaderElection.java:askForVotes(309)) - 1e038761-1b78-4d65-9d2c-f5326a28b9d0@group-D1D849901ABB-LeaderElection4 ELECTION round 0: result PASSED (term=1)
2021-03-15 13:35:47,410 [1e038761-1b78-4d65-9d2c-f5326a28b9d0@group-D1D849901ABB-LeaderElection4] INFO  impl.RoleInfo (RoleInfo.java:shutdownLeaderElection(121)) - 1e038761-1b78-4d65-9d2c-f5326a28b9d0: shutdown 1e038761-1b78-4d65-9d2c-f5326a28b9d0@group-D1D849901ABB-LeaderElection4
2021-03-15 13:35:47,410 [1e038761-1b78-4d65-9d2c-f5326a28b9d0@group-D1D849901ABB-LeaderElection4] INFO  server.RaftServer$Division (RaftServerImpl.java:setRole(284)) - 1e038761-1b78-4d65-9d2c-f5326a28b9d0@group-D1D849901ABB: changes role from CANDIDATE to LEADER at term 1 for changeToLeader
2021-03-15 13:35:47,410 [1e038761-1b78-4d65-9d2c-f5326a28b9d0@group-D1D849901ABB-LeaderElection4] INFO  ratis.XceiverServerRatis (XceiverServerRatis.java:handleLeaderChangedNotification(899)) - Leader change notification received for group: group-D1D849901ABB with new leaderId: 1e038761-1b78-4d65-9d2c-f5326a28b9d0
2021-03-15 13:35:47,410 [1e038761-1b78-4d65-9d2c-f5326a28b9d0@group-D1D849901ABB-LeaderElection4] INFO  server.RaftServer$Division (ServerState.java:setLeader(271)) - 1e038761-1b78-4d65-9d2c-f5326a28b9d0@group-D1D849901ABB: change Leader from null to 1e038761-1b78-4d65-9d2c-f5326a28b9d0 at term 1 for becomeLeader, leader elected after 5234ms
2021-03-15 13:35:47,410 [1e038761-1b78-4d65-9d2c-f5326a28b9d0@group-D1D849901ABB-LeaderElection4] INFO  server.RaftServerConfigKeys (ConfUtils.java:logGet(44)) - raft.server.staging.catchup.gap = 1000 (default)
2021-03-15 13:35:47,411 [1e038761-1b78-4d65-9d2c-f5326a28b9d0@group-D1D849901ABB-LeaderElection4] INFO  metrics.RatisMetrics (RatisMetrics.java:lambda$create$0(36)) - Creating Metrics Registry : ratis.log_appender.1e038761-1b78-4d65-9d2c-f5326a28b9d0@group-D1D849901ABB
2021-03-15 13:35:47,411 [EventQueue-PipelineReportForOneReplicaPipelineSafeModeRule] INFO  safemode.SCMSafeModeManager (SCMSafeModeManager.java:validateSafeModeExitRules(214)) - AtleastOneDatanodeReportedRule rule is successfully validated
2021-03-15 13:35:47,411 [EventQueue-OpenPipelineForHealthyPipelineSafeModeRule] INFO  safemode.SCMSafeModeManager (HealthyPipelineSafeModeRule.java:process(128)) - SCM in safe mode. Healthy pipelines reported count is 0, required healthy pipeline reported count is 1
2021-03-15 13:35:47,411 [1e038761-1b78-4d65-9d2c-f5326a28b9d0@group-D1D849901ABB-LeaderElection4] INFO  server.RaftServerConfigKeys (ConfUtils.java:logGet(44)) - raft.server.write.element-limit = 1024 (custom)
2021-03-15 13:35:47,411 [1e038761-1b78-4d65-9d2c-f5326a28b9d0@group-D1D849901ABB-LeaderElection4] INFO  server.RaftServerConfigKeys (ConfUtils.java:logGet(44)) - raft.server.write.byte-limit = 1073741824 (custom)
2021-03-15 13:35:47,412 [1e038761-1b78-4d65-9d2c-f5326a28b9d0@group-D1D849901ABB-LeaderElection4] INFO  server.RaftServerConfigKeys (ConfUtils.java:logGet(44)) - raft.server.watch.timeout = 10000ms (default)
2021-03-15 13:35:47,412 [1e038761-1b78-4d65-9d2c-f5326a28b9d0@group-D1D849901ABB-LeaderElection4] INFO  server.RaftServerConfigKeys (ConfUtils.java:logGet(44)) - raft.server.watch.timeout.denomination = 1s (default)
2021-03-15 13:35:47,412 [1e038761-1b78-4d65-9d2c-f5326a28b9d0@group-D1D849901ABB-LeaderElection4] INFO  server.RaftServerConfigKeys (ConfUtils.java:logGet(44)) - raft.server.watch.element-limit = 65536 (default)
2021-03-15 13:35:47,412 [1e038761-1b78-4d65-9d2c-f5326a28b9d0@group-D1D849901ABB-LeaderElection4] INFO  impl.RoleInfo (RoleInfo.java:updateAndGet(130)) - 1e038761-1b78-4d65-9d2c-f5326a28b9d0: start 1e038761-1b78-4d65-9d2c-f5326a28b9d0@group-D1D849901ABB-LeaderStateImpl
2021-03-15 13:35:47,412 [1e038761-1b78-4d65-9d2c-f5326a28b9d0@group-D1D849901ABB-LeaderElection4] INFO  segmented.SegmentedRaftLogWorker (SegmentedRaftLogWorker.java:startLogSegment(392)) - 1e038761-1b78-4d65-9d2c-f5326a28b9d0@group-D1D849901ABB-SegmentedRaftLogWorker: Starting segment from index:0
2021-03-15 13:35:47,414 [1e038761-1b78-4d65-9d2c-f5326a28b9d0@group-D1D849901ABB-SegmentedRaftLogWorker] INFO  segmented.SegmentedRaftLogWorker (SegmentedRaftLogWorker.java:execute(599)) - 1e038761-1b78-4d65-9d2c-f5326a28b9d0@group-D1D849901ABB-SegmentedRaftLogWorker: created new log segment /github/workspace/mnt/ozone/hadoop-ozone/integration-test/target/test-dir/MiniOzoneClusterImpl-12ebc720-05ee-4469-9130-5183c7181a17/datanode-1/data/ratis/7160f63f-4c0f-41e5-bec7-d1d849901abb/current/log_inprogress_0
2021-03-15 13:35:47,415 [1e038761-1b78-4d65-9d2c-f5326a28b9d0@group-D1D849901ABB-LeaderElection4] INFO  server.RaftServer$Division (ServerState.java:setRaftConf(373)) - 1e038761-1b78-4d65-9d2c-f5326a28b9d0@group-D1D849901ABB: set configuration 0: [1e038761-1b78-4d65-9d2c-f5326a28b9d0|rpc:172.17.0.2:41979|dataStream:|priority:1], old=null
2021-03-15 13:35:47,417 [1e038761-1b78-4d65-9d2c-f5326a28b9d0@group-D1D849901ABB-StateMachineUpdater] INFO  ratis.ContainerStateMachine (ContainerStateMachine.java:takeSnapshot(291)) - group-D1D849901ABB: Taking a snapshot at:(t:1, i:0) file /github/workspace/mnt/ozone/hadoop-ozone/integration-test/target/test-dir/MiniOzoneClusterImpl-12ebc720-05ee-4469-9130-5183c7181a17/datanode-1/data/ratis/7160f63f-4c0f-41e5-bec7-d1d849901abb/sm/snapshot.1_0
2021-03-15 13:35:47,418 [1e038761-1b78-4d65-9d2c-f5326a28b9d0@group-D1D849901ABB-StateMachineUpdater] INFO  ratis.ContainerStateMachine (ContainerStateMachine.java:takeSnapshot(302)) - group-D1D849901ABB: Finished taking a snapshot at:(t:1, i:0) file:/github/workspace/mnt/ozone/hadoop-ozone/integration-test/target/test-dir/MiniOzoneClusterImpl-12ebc720-05ee-4469-9130-5183c7181a17/datanode-1/data/ratis/7160f63f-4c0f-41e5-bec7-d1d849901abb/sm/snapshot.1_0 took: 1 ms
2021-03-15 13:35:47,418 [1e038761-1b78-4d65-9d2c-f5326a28b9d0@group-D1D849901ABB-StateMachineUpdater] INFO  impl.StateMachineUpdater (StateMachineUpdater.java:takeSnapshot(279)) - 1e038761-1b78-4d65-9d2c-f5326a28b9d0@group-D1D849901ABB-StateMachineUpdater: Took a snapshot at index 0
2021-03-15 13:35:47,419 [1e038761-1b78-4d65-9d2c-f5326a28b9d0@group-D1D849901ABB-StateMachineUpdater] INFO  impl.StateMachineUpdater (StateMachineUpdater.java:lambda$new$0(88)) - 1e038761-1b78-4d65-9d2c-f5326a28b9d0@group-D1D849901ABB-StateMachineUpdater: snapshotIndex: updateIncreasingly -1 -> 0
2021-03-15 13:35:47,467 [EventQueue-PipelineReportForOneReplicaPipelineSafeModeRule] INFO  safemode.SCMSafeModeManager (SCMSafeModeManager.java:validateSafeModeExitRules(214)) - AtleastOneDatanodeReportedRule rule is successfully validated
2021-03-15 13:35:47,467 [EventQueue-OpenPipelineForHealthyPipelineSafeModeRule] INFO  safemode.SCMSafeModeManager (HealthyPipelineSafeModeRule.java:process(128)) - SCM in safe mode. Healthy pipelines reported count is 0, required healthy pipeline reported count is 1
2021-03-15 13:35:47,468 [EventQueue-OpenPipelineForHealthyPipelineSafeModeRule] INFO  safemode.SCMSafeModeManager (HealthyPipelineSafeModeRule.java:process(128)) - SCM in safe mode. Healthy pipelines reported count is 0, required healthy pipeline reported count is 1
2021-03-15 13:35:47,469 [EventQueue-PipelineReportForOneReplicaPipelineSafeModeRule] INFO  safemode.SCMSafeModeManager (SCMSafeModeManager.java:validateSafeModeExitRules(214)) - AtleastOneDatanodeReportedRule rule is successfully validated
2021-03-15 13:35:47,480 [EventQueue-PipelineReportForOneReplicaPipelineSafeModeRule] INFO  safemode.SCMSafeModeManager (SCMSafeModeManager.java:validateSafeModeExitRules(214)) - AtleastOneDatanodeReportedRule rule is successfully validated
2021-03-15 13:35:47,480 [EventQueue-OpenPipelineForHealthyPipelineSafeModeRule] INFO  safemode.SCMSafeModeManager (HealthyPipelineSafeModeRule.java:process(128)) - SCM in safe mode. Healthy pipelines reported count is 0, required healthy pipeline reported count is 1
2021-03-15 13:35:47,543 [EventQueue-OpenPipelineForHealthyPipelineSafeModeRule] INFO  safemode.SCMSafeModeManager (HealthyPipelineSafeModeRule.java:process(128)) - SCM in safe mode. Healthy pipelines reported count is 0, required healthy pipeline reported count is 1
2021-03-15 13:35:47,543 [EventQueue-PipelineReportForOneReplicaPipelineSafeModeRule] INFO  safemode.SCMSafeModeManager (SCMSafeModeManager.java:validateSafeModeExitRules(214)) - AtleastOneDatanodeReportedRule rule is successfully validated
2021-03-15 13:35:47,575 [EventQueue-PipelineReportForOneReplicaPipelineSafeModeRule] INFO  safemode.SCMSafeModeManager (SCMSafeModeManager.java:validateSafeModeExitRules(214)) - AtleastOneDatanodeReportedRule rule is successfully validated
2021-03-15 13:35:47,575 [EventQueue-OpenPipelineForHealthyPipelineSafeModeRule] INFO  safemode.SCMSafeModeManager (HealthyPipelineSafeModeRule.java:process(128)) - SCM in safe mode. Healthy pipelines reported count is 0, required healthy pipeline reported count is 1
2021-03-15 13:35:47,581 [EventQueue-OpenPipelineForHealthyPipelineSafeModeRule] INFO  safemode.SCMSafeModeManager (HealthyPipelineSafeModeRule.java:process(128)) - SCM in safe mode. Healthy pipelines reported count is 0, required healthy pipeline reported count is 1
2021-03-15 13:35:47,580 [EventQueue-PipelineReportForOneReplicaPipelineSafeModeRule] INFO  safemode.SCMSafeModeManager (SCMSafeModeManager.java:validateSafeModeExitRules(214)) - AtleastOneDatanodeReportedRule rule is successfully validated
2021-03-15 13:35:47,582 [EventQueue-PipelineReportForOneReplicaPipelineSafeModeRule] INFO  safemode.SCMSafeModeManager (SCMSafeModeManager.java:validateSafeModeExitRules(214)) - AtleastOneDatanodeReportedRule rule is successfully validated
2021-03-15 13:35:47,582 [EventQueue-OpenPipelineForHealthyPipelineSafeModeRule] INFO  safemode.SCMSafeModeManager (HealthyPipelineSafeModeRule.java:process(128)) - SCM in safe mode. Healthy pipelines reported count is 0, required healthy pipeline reported count is 1
2021-03-15 13:35:47,605 [EventQueue-OpenPipelineForHealthyPipelineSafeModeRule] INFO  safemode.SCMSafeModeManager (HealthyPipelineSafeModeRule.java:process(128)) - SCM in safe mode. Healthy pipelines reported count is 0, required healthy pipeline reported count is 1
2021-03-15 13:35:47,606 [EventQueue-PipelineReportForOneReplicaPipelineSafeModeRule] INFO  safemode.SCMSafeModeManager (SCMSafeModeManager.java:validateSafeModeExitRules(214)) - AtleastOneDatanodeReportedRule rule is successfully validated
2021-03-15 13:35:47,606 [EventQueue-OpenPipelineForHealthyPipelineSafeModeRule] INFO  safemode.SCMSafeModeManager (HealthyPipelineSafeModeRule.java:process(128)) - SCM in safe mode. Healthy pipelines reported count is 0, required healthy pipeline reported count is 1
2021-03-15 13:35:47,607 [EventQueue-PipelineReportForOneReplicaPipelineSafeModeRule] INFO  safemode.SCMSafeModeManager (SCMSafeModeManager.java:validateSafeModeExitRules(214)) - AtleastOneDatanodeReportedRule rule is successfully validated
2021-03-15 13:35:47,611 [EventQueue-PipelineReportForOneReplicaPipelineSafeModeRule] INFO  safemode.SCMSafeModeManager (SCMSafeModeManager.java:validateSafeModeExitRules(214)) - AtleastOneDatanodeReportedRule rule is successfully validated
2021-03-15 13:35:47,611 [EventQueue-OpenPipelineForHealthyPipelineSafeModeRule] INFO  safemode.SCMSafeModeManager (HealthyPipelineSafeModeRule.java:process(128)) - SCM in safe mode. Healthy pipelines reported count is 0, required healthy pipeline reported count is 1
2021-03-15 13:35:47,655 [Thread-291] INFO  impl.FollowerState (FollowerState.java:run(133)) - 6cd9ceaa-b54f-4187-9c12-925a7628e128@group-90CC2BAD1CFC-FollowerState: change to CANDIDATE, lastRpcElapsedTime:5178330299ns, electionTimeout:5165ms
2021-03-15 13:35:47,655 [Thread-291] INFO  impl.RoleInfo (RoleInfo.java:shutdownFollowerState(108)) - 6cd9ceaa-b54f-4187-9c12-925a7628e128: shutdown 6cd9ceaa-b54f-4187-9c12-925a7628e128@group-90CC2BAD1CFC-FollowerState
2021-03-15 13:35:47,655 [Thread-291] INFO  server.RaftServer$Division (RaftServerImpl.java:setRole(284)) - 6cd9ceaa-b54f-4187-9c12-925a7628e128@group-90CC2BAD1CFC: changes role from  FOLLOWER to CANDIDATE at term 0 for changeToCandidate
2021-03-15 13:35:47,656 [Thread-291] INFO  server.RaftServerConfigKeys (ConfUtils.java:logGet(44)) - raft.server.leaderelection.pre-vote = false (custom)
2021-03-15 13:35:47,657 [Thread-291] INFO  impl.RoleInfo (RoleInfo.java:updateAndGet(130)) - 6cd9ceaa-b54f-4187-9c12-925a7628e128: start 6cd9ceaa-b54f-4187-9c12-925a7628e128@group-90CC2BAD1CFC-LeaderElection5
2021-03-15 13:35:47,663 [6cd9ceaa-b54f-4187-9c12-925a7628e128@group-90CC2BAD1CFC-LeaderElection5] INFO  impl.LeaderElection (LeaderElection.java:askForVotes(307)) - 6cd9ceaa-b54f-4187-9c12-925a7628e128@group-90CC2BAD1CFC-LeaderElection5 ELECTION round 0: submit vote requests at term 1 for -1: [6cd9ceaa-b54f-4187-9c12-925a7628e128|rpc:172.17.0.2:39055|priority:1], old=null
2021-03-15 13:35:47,663 [6cd9ceaa-b54f-4187-9c12-925a7628e128@group-90CC2BAD1CFC-LeaderElection5] INFO  impl.LeaderElection (LeaderElection.java:askForVotes(309)) - 6cd9ceaa-b54f-4187-9c12-925a7628e128@group-90CC2BAD1CFC-LeaderElection5 ELECTION round 0: result PASSED (term=1)
2021-03-15 13:35:47,663 [6cd9ceaa-b54f-4187-9c12-925a7628e128@group-90CC2BAD1CFC-LeaderElection5] INFO  impl.RoleInfo (RoleInfo.java:shutdownLeaderElection(121)) - 6cd9ceaa-b54f-4187-9c12-925a7628e128: shutdown 6cd9ceaa-b54f-4187-9c12-925a7628e128@group-90CC2BAD1CFC-LeaderElection5
2021-03-15 13:35:47,663 [6cd9ceaa-b54f-4187-9c12-925a7628e128@group-90CC2BAD1CFC-LeaderElection5] INFO  server.RaftServer$Division (RaftServerImpl.java:setRole(284)) - 6cd9ceaa-b54f-4187-9c12-925a7628e128@group-90CC2BAD1CFC: changes role from CANDIDATE to LEADER at term 1 for changeToLeader
2021-03-15 13:35:47,663 [6cd9ceaa-b54f-4187-9c12-925a7628e128@group-90CC2BAD1CFC-LeaderElection5] INFO  ratis.XceiverServerRatis (XceiverServerRatis.java:handleLeaderChangedNotification(899)) - Leader change notification received for group: group-90CC2BAD1CFC with new leaderId: 6cd9ceaa-b54f-4187-9c12-925a7628e128
2021-03-15 13:35:47,664 [6cd9ceaa-b54f-4187-9c12-925a7628e128@group-90CC2BAD1CFC-LeaderElection5] INFO  server.RaftServer$Division (ServerState.java:setLeader(271)) - 6cd9ceaa-b54f-4187-9c12-925a7628e128@group-90CC2BAD1CFC: change Leader from null to 6cd9ceaa-b54f-4187-9c12-925a7628e128 at term 1 for becomeLeader, leader elected after 5236ms
2021-03-15 13:35:47,664 [6cd9ceaa-b54f-4187-9c12-925a7628e128@group-90CC2BAD1CFC-LeaderElection5] INFO  server.RaftServerConfigKeys (ConfUtils.java:logGet(44)) - raft.server.staging.catchup.gap = 1000 (default)
2021-03-15 13:35:47,664 [6cd9ceaa-b54f-4187-9c12-925a7628e128@group-90CC2BAD1CFC-LeaderElection5] INFO  metrics.RatisMetrics (RatisMetrics.java:lambda$create$0(36)) - Creating Metrics Registry : ratis.log_appender.6cd9ceaa-b54f-4187-9c12-925a7628e128@group-90CC2BAD1CFC
2021-03-15 13:35:47,664 [6cd9ceaa-b54f-4187-9c12-925a7628e128@group-90CC2BAD1CFC-LeaderElection5] INFO  server.RaftServerConfigKeys (ConfUtils.java:logGet(44)) - raft.server.write.element-limit = 1024 (custom)
2021-03-15 13:35:47,664 [6cd9ceaa-b54f-4187-9c12-925a7628e128@group-90CC2BAD1CFC-LeaderElection5] INFO  server.RaftServerConfigKeys (ConfUtils.java:logGet(44)) - raft.server.write.byte-limit = 1073741824 (custom)
2021-03-15 13:35:47,665 [6cd9ceaa-b54f-4187-9c12-925a7628e128@group-90CC2BAD1CFC-LeaderElection5] INFO  server.RaftServerConfigKeys (ConfUtils.java:logGet(44)) - raft.server.watch.timeout = 10000ms (default)
2021-03-15 13:35:47,665 [6cd9ceaa-b54f-4187-9c12-925a7628e128@group-90CC2BAD1CFC-LeaderElection5] INFO  server.RaftServerConfigKeys (ConfUtils.java:logGet(44)) - raft.server.watch.timeout.denomination = 1s (default)
2021-03-15 13:35:47,665 [6cd9ceaa-b54f-4187-9c12-925a7628e128@group-90CC2BAD1CFC-LeaderElection5] INFO  server.RaftServerConfigKeys (ConfUtils.java:logGet(44)) - raft.server.watch.element-limit = 65536 (default)
2021-03-15 13:35:47,665 [EventQueue-OpenPipelineForHealthyPipelineSafeModeRule] INFO  safemode.SCMSafeModeManager (HealthyPipelineSafeModeRule.java:process(128)) - SCM in safe mode. Healthy pipelines reported count is 0, required healthy pipeline reported count is 1
2021-03-15 13:35:47,665 [EventQueue-PipelineReportForOneReplicaPipelineSafeModeRule] INFO  safemode.SCMSafeModeManager (SCMSafeModeManager.java:validateSafeModeExitRules(214)) - AtleastOneDatanodeReportedRule rule is successfully validated
2021-03-15 13:35:47,666 [6cd9ceaa-b54f-4187-9c12-925a7628e128@group-90CC2BAD1CFC-LeaderElection5] INFO  impl.RoleInfo (RoleInfo.java:updateAndGet(130)) - 6cd9ceaa-b54f-4187-9c12-925a7628e128: start 6cd9ceaa-b54f-4187-9c12-925a7628e128@group-90CC2BAD1CFC-LeaderStateImpl
2021-03-15 13:35:47,666 [EventQueue-PipelineReportForOneReplicaPipelineSafeModeRule] INFO  safemode.SCMSafeModeManager (SCMSafeModeManager.java:validateSafeModeExitRules(214)) - AtleastOneDatanodeReportedRule rule is successfully validated
2021-03-15 13:35:47,666 [EventQueue-OpenPipelineForHealthyPipelineSafeModeRule] INFO  safemode.SCMSafeModeManager (HealthyPipelineSafeModeRule.java:process(128)) - SCM in safe mode. Healthy pipelines reported count is 0, required healthy pipeline reported count is 1
2021-03-15 13:35:47,666 [6cd9ceaa-b54f-4187-9c12-925a7628e128@group-90CC2BAD1CFC-LeaderElection5] INFO  segmented.SegmentedRaftLogWorker (SegmentedRaftLogWorker.java:startLogSegment(392)) - 6cd9ceaa-b54f-4187-9c12-925a7628e128@group-90CC2BAD1CFC-SegmentedRaftLogWorker: Starting segment from index:0
2021-03-15 13:35:47,669 [6cd9ceaa-b54f-4187-9c12-925a7628e128@group-90CC2BAD1CFC-SegmentedRaftLogWorker] INFO  segmented.SegmentedRaftLogWorker (SegmentedRaftLogWorker.java:execute(599)) - 6cd9ceaa-b54f-4187-9c12-925a7628e128@group-90CC2BAD1CFC-SegmentedRaftLogWorker: created new log segment /github/workspace/mnt/ozone/hadoop-ozone/integration-test/target/test-dir/MiniOzoneClusterImpl-12ebc720-05ee-4469-9130-5183c7181a17/datanode-2/data/ratis/4fbf42f8-f0e4-4daf-bedb-90cc2bad1cfc/current/log_inprogress_0
2021-03-15 13:35:47,669 [6cd9ceaa-b54f-4187-9c12-925a7628e128@group-90CC2BAD1CFC-LeaderElection5] INFO  server.RaftServer$Division (ServerState.java:setRaftConf(373)) - 6cd9ceaa-b54f-4187-9c12-925a7628e128@group-90CC2BAD1CFC: set configuration 0: [6cd9ceaa-b54f-4187-9c12-925a7628e128|rpc:172.17.0.2:39055|dataStream:|priority:1], old=null
2021-03-15 13:35:47,674 [6cd9ceaa-b54f-4187-9c12-925a7628e128@group-90CC2BAD1CFC-StateMachineUpdater] INFO  ratis.ContainerStateMachine (ContainerStateMachine.java:takeSnapshot(291)) - group-90CC2BAD1CFC: Taking a snapshot at:(t:1, i:0) file /github/workspace/mnt/ozone/hadoop-ozone/integration-test/target/test-dir/MiniOzoneClusterImpl-12ebc720-05ee-4469-9130-5183c7181a17/datanode-2/data/ratis/4fbf42f8-f0e4-4daf-bedb-90cc2bad1cfc/sm/snapshot.1_0
2021-03-15 13:35:47,675 [6cd9ceaa-b54f-4187-9c12-925a7628e128@group-90CC2BAD1CFC-StateMachineUpdater] INFO  ratis.ContainerStateMachine (ContainerStateMachine.java:takeSnapshot(302)) - group-90CC2BAD1CFC: Finished taking a snapshot at:(t:1, i:0) file:/github/workspace/mnt/ozone/hadoop-ozone/integration-test/target/test-dir/MiniOzoneClusterImpl-12ebc720-05ee-4469-9130-5183c7181a17/datanode-2/data/ratis/4fbf42f8-f0e4-4daf-bedb-90cc2bad1cfc/sm/snapshot.1_0 took: 0 ms
2021-03-15 13:35:47,675 [6cd9ceaa-b54f-4187-9c12-925a7628e128@group-90CC2BAD1CFC-StateMachineUpdater] INFO  impl.StateMachineUpdater (StateMachineUpdater.java:takeSnapshot(279)) - 6cd9ceaa-b54f-4187-9c12-925a7628e128@group-90CC2BAD1CFC-StateMachineUpdater: Took a snapshot at index 0
2021-03-15 13:35:47,675 [6cd9ceaa-b54f-4187-9c12-925a7628e128@group-90CC2BAD1CFC-StateMachineUpdater] INFO  impl.StateMachineUpdater (StateMachineUpdater.java:lambda$new$0(88)) - 6cd9ceaa-b54f-4187-9c12-925a7628e128@group-90CC2BAD1CFC-StateMachineUpdater: snapshotIndex: updateIncreasingly -1 -> 0
2021-03-15 13:35:47,680 [EventQueue-PipelineReportForOneReplicaPipelineSafeModeRule] INFO  safemode.SCMSafeModeManager (SCMSafeModeManager.java:validateSafeModeExitRules(214)) - AtleastOneDatanodeReportedRule rule is successfully validated
2021-03-15 13:35:47,680 [EventQueue-OpenPipelineForHealthyPipelineSafeModeRule] INFO  safemode.SCMSafeModeManager (HealthyPipelineSafeModeRule.java:process(128)) - SCM in safe mode. Healthy pipelines reported count is 0, required healthy pipeline reported count is 1
2021-03-15 13:35:47,743 [EventQueue-PipelineReportForOneReplicaPipelineSafeModeRule] INFO  safemode.SCMSafeModeManager (SCMSafeModeManager.java:validateSafeModeExitRules(214)) - AtleastOneDatanodeReportedRule rule is successfully validated
2021-03-15 13:35:47,743 [EventQueue-OpenPipelineForHealthyPipelineSafeModeRule] INFO  safemode.SCMSafeModeManager (HealthyPipelineSafeModeRule.java:process(128)) - SCM in safe mode. Healthy pipelines reported count is 0, required healthy pipeline reported count is 1
2021-03-15 13:35:47,775 [EventQueue-OpenPipelineForHealthyPipelineSafeModeRule] INFO  safemode.SCMSafeModeManager (HealthyPipelineSafeModeRule.java:process(128)) - SCM in safe mode. Healthy pipelines reported count is 0, required healthy pipeline reported count is 1
2021-03-15 13:35:47,776 [EventQueue-PipelineReportForOneReplicaPipelineSafeModeRule] INFO  safemode.SCMSafeModeManager (SCMSafeModeManager.java:validateSafeModeExitRules(214)) - AtleastOneDatanodeReportedRule rule is successfully validated
2021-03-15 13:35:47,780 [EventQueue-OpenPipelineForHealthyPipelineSafeModeRule] INFO  safemode.SCMSafeModeManager (HealthyPipelineSafeModeRule.java:process(128)) - SCM in safe mode. Healthy pipelines reported count is 0, required healthy pipeline reported count is 1
2021-03-15 13:35:47,780 [EventQueue-PipelineReportForOneReplicaPipelineSafeModeRule] INFO  safemode.SCMSafeModeManager (SCMSafeModeManager.java:validateSafeModeExitRules(214)) - AtleastOneDatanodeReportedRule rule is successfully validated
2021-03-15 13:35:47,782 [EventQueue-OpenPipelineForHealthyPipelineSafeModeRule] INFO  safemode.SCMSafeModeManager (HealthyPipelineSafeModeRule.java:process(128)) - SCM in safe mode. Healthy pipelines reported count is 0, required healthy pipeline reported count is 1
2021-03-15 13:35:47,782 [EventQueue-PipelineReportForOneReplicaPipelineSafeModeRule] INFO  safemode.SCMSafeModeManager (SCMSafeModeManager.java:validateSafeModeExitRules(214)) - AtleastOneDatanodeReportedRule rule is successfully validated
2021-03-15 13:35:47,805 [Thread-298] INFO  impl.FollowerState (FollowerState.java:run(133)) - 7ad4b354-5524-4bbe-8c06-278e17beb4ab@group-AE8A7DD683C1-FollowerState: change to CANDIDATE, lastRpcElapsedTime:5017608111ns, electionTimeout:5007ms
2021-03-15 13:35:47,805 [Thread-298] INFO  impl.RoleInfo (RoleInfo.java:shutdownFollowerState(108)) - 7ad4b354-5524-4bbe-8c06-278e17beb4ab: shutdown 7ad4b354-5524-4bbe-8c06-278e17beb4ab@group-AE8A7DD683C1-FollowerState
2021-03-15 13:35:47,805 [Thread-298] INFO  server.RaftServer$Division (RaftServerImpl.java:setRole(284)) - 7ad4b354-5524-4bbe-8c06-278e17beb4ab@group-AE8A7DD683C1: changes role from  FOLLOWER to CANDIDATE at term 0 for changeToCandidate
2021-03-15 13:35:47,807 [EventQueue-OpenPipelineForHealthyPipelineSafeModeRule] INFO  safemode.SCMSafeModeManager (HealthyPipelineSafeModeRule.java:process(128)) - SCM in safe mode. Healthy pipelines reported count is 0, required healthy pipeline reported count is 1
2021-03-15 13:35:47,807 [EventQueue-PipelineReportForOneReplicaPipelineSafeModeRule] INFO  safemode.SCMSafeModeManager (SCMSafeModeManager.java:validateSafeModeExitRules(214)) - AtleastOneDatanodeReportedRule rule is successfully validated
2021-03-15 13:35:47,807 [Thread-298] INFO  server.RaftServerConfigKeys (ConfUtils.java:logGet(44)) - raft.server.leaderelection.pre-vote = false (custom)
2021-03-15 13:35:47,807 [Thread-298] INFO  impl.RoleInfo (RoleInfo.java:updateAndGet(130)) - 7ad4b354-5524-4bbe-8c06-278e17beb4ab: start 7ad4b354-5524-4bbe-8c06-278e17beb4ab@group-AE8A7DD683C1-LeaderElection6
2021-03-15 13:35:47,810 [EventQueue-OpenPipelineForHealthyPipelineSafeModeRule] INFO  safemode.SCMSafeModeManager (HealthyPipelineSafeModeRule.java:process(128)) - SCM in safe mode. Healthy pipelines reported count is 0, required healthy pipeline reported count is 1
2021-03-15 13:35:47,810 [EventQueue-PipelineReportForOneReplicaPipelineSafeModeRule] INFO  safemode.SCMSafeModeManager (SCMSafeModeManager.java:validateSafeModeExitRules(214)) - AtleastOneDatanodeReportedRule rule is successfully validated
2021-03-15 13:35:47,811 [EventQueue-OpenPipelineForHealthyPipelineSafeModeRule] INFO  safemode.SCMSafeModeManager (HealthyPipelineSafeModeRule.java:process(128)) - SCM in safe mode. Healthy pipelines reported count is 0, required healthy pipeline reported count is 1
2021-03-15 13:35:47,811 [EventQueue-PipelineReportForOneReplicaPipelineSafeModeRule] INFO  safemode.SCMSafeModeManager (SCMSafeModeManager.java:validateSafeModeExitRules(214)) - AtleastOneDatanodeReportedRule rule is successfully validated
2021-03-15 13:35:47,814 [7ad4b354-5524-4bbe-8c06-278e17beb4ab@group-AE8A7DD683C1-LeaderElection6] INFO  impl.LeaderElection (LeaderElection.java:askForVotes(307)) - 7ad4b354-5524-4bbe-8c06-278e17beb4ab@group-AE8A7DD683C1-LeaderElection6 ELECTION round 0: submit vote requests at term 1 for -1: [7ad4b354-5524-4bbe-8c06-278e17beb4ab|rpc:172.17.0.2:36095|priority:1], old=null
2021-03-15 13:35:47,814 [7ad4b354-5524-4bbe-8c06-278e17beb4ab@group-AE8A7DD683C1-LeaderElection6] INFO  impl.LeaderElection (LeaderElection.java:askForVotes(309)) - 7ad4b354-5524-4bbe-8c06-278e17beb4ab@group-AE8A7DD683C1-LeaderElection6 ELECTION round 0: result PASSED (term=1)
2021-03-15 13:35:47,814 [7ad4b354-5524-4bbe-8c06-278e17beb4ab@group-AE8A7DD683C1-LeaderElection6] INFO  impl.RoleInfo (RoleInfo.java:shutdownLeaderElection(121)) - 7ad4b354-5524-4bbe-8c06-278e17beb4ab: shutdown 7ad4b354-5524-4bbe-8c06-278e17beb4ab@group-AE8A7DD683C1-LeaderElection6
2021-03-15 13:35:47,814 [7ad4b354-5524-4bbe-8c06-278e17beb4ab@group-AE8A7DD683C1-LeaderElection6] INFO  server.RaftServer$Division (RaftServerImpl.java:setRole(284)) - 7ad4b354-5524-4bbe-8c06-278e17beb4ab@group-AE8A7DD683C1: changes role from CANDIDATE to LEADER at term 1 for changeToLeader
2021-03-15 13:35:47,814 [7ad4b354-5524-4bbe-8c06-278e17beb4ab@group-AE8A7DD683C1-LeaderElection6] INFO  ratis.XceiverServerRatis (XceiverServerRatis.java:handleLeaderChangedNotification(899)) - Leader change notification received for group: group-AE8A7DD683C1 with new leaderId: 7ad4b354-5524-4bbe-8c06-278e17beb4ab
2021-03-15 13:35:47,814 [7ad4b354-5524-4bbe-8c06-278e17beb4ab@group-AE8A7DD683C1-LeaderElection6] INFO  server.RaftServer$Division (ServerState.java:setLeader(271)) - 7ad4b354-5524-4bbe-8c06-278e17beb4ab@group-AE8A7DD683C1: change Leader from null to 7ad4b354-5524-4bbe-8c06-278e17beb4ab at term 1 for becomeLeader, leader elected after 5059ms
2021-03-15 13:35:47,815 [7ad4b354-5524-4bbe-8c06-278e17beb4ab@group-AE8A7DD683C1-LeaderElection6] INFO  server.RaftServerConfigKeys (ConfUtils.java:logGet(44)) - raft.server.staging.catchup.gap = 1000 (default)
2021-03-15 13:35:47,815 [7ad4b354-5524-4bbe-8c06-278e17beb4ab@group-AE8A7DD683C1-LeaderElection6] INFO  metrics.RatisMetrics (RatisMetrics.java:lambda$create$0(36)) - Creating Metrics Registry : ratis.log_appender.7ad4b354-5524-4bbe-8c06-278e17beb4ab@group-AE8A7DD683C1
2021-03-15 13:35:47,815 [EventQueue-OpenPipelineForHealthyPipelineSafeModeRule] INFO  safemode.SCMSafeModeManager (HealthyPipelineSafeModeRule.java:process(128)) - SCM in safe mode. Healthy pipelines reported count is 0, required healthy pipeline reported count is 1
2021-03-15 13:35:47,815 [7ad4b354-5524-4bbe-8c06-278e17beb4ab@group-AE8A7DD683C1-LeaderElection6] INFO  server.RaftServerConfigKeys (ConfUtils.java:logGet(44)) - raft.server.write.element-limit = 1024 (custom)
2021-03-15 13:35:47,815 [7ad4b354-5524-4bbe-8c06-278e17beb4ab@group-AE8A7DD683C1-LeaderElection6] INFO  server.RaftServerConfigKeys (ConfUtils.java:logGet(44)) - raft.server.write.byte-limit = 1073741824 (custom)
2021-03-15 13:35:47,816 [7ad4b354-5524-4bbe-8c06-278e17beb4ab@group-AE8A7DD683C1-LeaderElection6] INFO  server.RaftServerConfigKeys (ConfUtils.java:logGet(44)) - raft.server.watch.timeout = 10000ms (default)
2021-03-15 13:35:47,816 [7ad4b354-5524-4bbe-8c06-278e17beb4ab@group-AE8A7DD683C1-LeaderElection6] INFO  server.RaftServerConfigKeys (ConfUtils.java:logGet(44)) - raft.server.watch.timeout.denomination = 1s (default)
2021-03-15 13:35:47,816 [7ad4b354-5524-4bbe-8c06-278e17beb4ab@group-AE8A7DD683C1-LeaderElection6] INFO  server.RaftServerConfigKeys (ConfUtils.java:logGet(44)) - raft.server.watch.element-limit = 65536 (default)
2021-03-15 13:35:47,816 [7ad4b354-5524-4bbe-8c06-278e17beb4ab@group-AE8A7DD683C1-LeaderElection6] INFO  impl.RoleInfo (RoleInfo.java:updateAndGet(130)) - 7ad4b354-5524-4bbe-8c06-278e17beb4ab: start 7ad4b354-5524-4bbe-8c06-278e17beb4ab@group-AE8A7DD683C1-LeaderStateImpl
2021-03-15 13:35:47,816 [7ad4b354-5524-4bbe-8c06-278e17beb4ab@group-AE8A7DD683C1-LeaderElection6] INFO  segmented.SegmentedRaftLogWorker (SegmentedRaftLogWorker.java:startLogSegment(392)) - 7ad4b354-5524-4bbe-8c06-278e17beb4ab@group-AE8A7DD683C1-SegmentedRaftLogWorker: Starting segment from index:0
2021-03-15 13:35:47,815 [EventQueue-PipelineReportForOneReplicaPipelineSafeModeRule] INFO  safemode.SCMSafeModeManager (SCMSafeModeManager.java:validateSafeModeExitRules(214)) - AtleastOneDatanodeReportedRule rule is successfully validated
2021-03-15 13:35:47,818 [7ad4b354-5524-4bbe-8c06-278e17beb4ab@group-AE8A7DD683C1-SegmentedRaftLogWorker] INFO  segmented.SegmentedRaftLogWorker (SegmentedRaftLogWorker.java:execute(599)) - 7ad4b354-5524-4bbe-8c06-278e17beb4ab@group-AE8A7DD683C1-SegmentedRaftLogWorker: created new log segment /github/workspace/mnt/ozone/hadoop-ozone/integration-test/target/test-dir/MiniOzoneClusterImpl-12ebc720-05ee-4469-9130-5183c7181a17/datanode-3/data/ratis/dbbf0aa3-15de-4bc7-a180-ae8a7dd683c1/current/log_inprogress_0
2021-03-15 13:35:47,826 [7ad4b354-5524-4bbe-8c06-278e17beb4ab@group-AE8A7DD683C1-LeaderElection6] INFO  server.RaftServer$Division (ServerState.java:setRaftConf(373)) - 7ad4b354-5524-4bbe-8c06-278e17beb4ab@group-AE8A7DD683C1: set configuration 0: [7ad4b354-5524-4bbe-8c06-278e17beb4ab|rpc:172.17.0.2:36095|dataStream:|priority:1], old=null
2021-03-15 13:35:47,827 [7ad4b354-5524-4bbe-8c06-278e17beb4ab@group-AE8A7DD683C1-StateMachineUpdater] INFO  ratis.ContainerStateMachine (ContainerStateMachine.java:takeSnapshot(291)) - group-AE8A7DD683C1: Taking a snapshot at:(t:1, i:0) file /github/workspace/mnt/ozone/hadoop-ozone/integration-test/target/test-dir/MiniOzoneClusterImpl-12ebc720-05ee-4469-9130-5183c7181a17/datanode-3/data/ratis/dbbf0aa3-15de-4bc7-a180-ae8a7dd683c1/sm/snapshot.1_0
2021-03-15 13:35:47,828 [7ad4b354-5524-4bbe-8c06-278e17beb4ab@group-AE8A7DD683C1-StateMachineUpdater] INFO  ratis.ContainerStateMachine (ContainerStateMachine.java:takeSnapshot(302)) - group-AE8A7DD683C1: Finished taking a snapshot at:(t:1, i:0) file:/github/workspace/mnt/ozone/hadoop-ozone/integration-test/target/test-dir/MiniOzoneClusterImpl-12ebc720-05ee-4469-9130-5183c7181a17/datanode-3/data/ratis/dbbf0aa3-15de-4bc7-a180-ae8a7dd683c1/sm/snapshot.1_0 took: 1 ms
2021-03-15 13:35:47,828 [7ad4b354-5524-4bbe-8c06-278e17beb4ab@group-AE8A7DD683C1-StateMachineUpdater] INFO  impl.StateMachineUpdater (StateMachineUpdater.java:takeSnapshot(279)) - 7ad4b354-5524-4bbe-8c06-278e17beb4ab@group-AE8A7DD683C1-StateMachineUpdater: Took a snapshot at index 0
2021-03-15 13:35:47,829 [7ad4b354-5524-4bbe-8c06-278e17beb4ab@group-AE8A7DD683C1-StateMachineUpdater] INFO  impl.StateMachineUpdater (StateMachineUpdater.java:lambda$new$0(88)) - 7ad4b354-5524-4bbe-8c06-278e17beb4ab@group-AE8A7DD683C1-StateMachineUpdater: snapshotIndex: updateIncreasingly -1 -> 0
2021-03-15 13:35:47,865 [EventQueue-PipelineReportForOneReplicaPipelineSafeModeRule] INFO  safemode.SCMSafeModeManager (SCMSafeModeManager.java:validateSafeModeExitRules(214)) - AtleastOneDatanodeReportedRule rule is successfully validated
2021-03-15 13:35:47,865 [EventQueue-OpenPipelineForHealthyPipelineSafeModeRule] INFO  safemode.SCMSafeModeManager (HealthyPipelineSafeModeRule.java:process(128)) - SCM in safe mode. Healthy pipelines reported count is 0, required healthy pipeline reported count is 1
2021-03-15 13:35:47,867 [EventQueue-OpenPipelineForHealthyPipelineSafeModeRule] INFO  safemode.SCMSafeModeManager (HealthyPipelineSafeModeRule.java:process(128)) - SCM in safe mode. Healthy pipelines reported count is 0, required healthy pipeline reported count is 1
2021-03-15 13:35:47,867 [EventQueue-PipelineReportForOneReplicaPipelineSafeModeRule] INFO  safemode.SCMSafeModeManager (SCMSafeModeManager.java:validateSafeModeExitRules(214)) - AtleastOneDatanodeReportedRule rule is successfully validated
2021-03-15 13:35:47,943 [EventQueue-PipelineReportForOneReplicaPipelineSafeModeRule] INFO  safemode.SCMSafeModeManager (SCMSafeModeManager.java:validateSafeModeExitRules(214)) - AtleastOneDatanodeReportedRule rule is successfully validated
2021-03-15 13:35:47,943 [EventQueue-OpenPipelineForHealthyPipelineSafeModeRule] INFO  safemode.SCMSafeModeManager (HealthyPipelineSafeModeRule.java:process(128)) - SCM in safe mode. Healthy pipelines reported count is 0, required healthy pipeline reported count is 1
2021-03-15 13:35:47,975 [EventQueue-PipelineReportForOneReplicaPipelineSafeModeRule] INFO  safemode.SCMSafeModeManager (SCMSafeModeManager.java:validateSafeModeExitRules(214)) - AtleastOneDatanodeReportedRule rule is successfully validated
2021-03-15 13:35:47,975 [EventQueue-OpenPipelineForHealthyPipelineSafeModeRule] INFO  safemode.SCMSafeModeManager (HealthyPipelineSafeModeRule.java:process(128)) - SCM in safe mode. Healthy pipelines reported count is 0, required healthy pipeline reported count is 1
2021-03-15 13:35:47,979 [EventQueue-OpenPipelineForHealthyPipelineSafeModeRule] INFO  safemode.SCMSafeModeManager (HealthyPipelineSafeModeRule.java:process(128)) - SCM in safe mode. Healthy pipelines reported count is 0, required healthy pipeline reported count is 1
2021-03-15 13:35:47,979 [EventQueue-PipelineReportForOneReplicaPipelineSafeModeRule] INFO  safemode.SCMSafeModeManager (SCMSafeModeManager.java:validateSafeModeExitRules(214)) - AtleastOneDatanodeReportedRule rule is successfully validated
2021-03-15 13:35:47,982 [EventQueue-PipelineReportForOneReplicaPipelineSafeModeRule] INFO  safemode.SCMSafeModeManager (SCMSafeModeManager.java:validateSafeModeExitRules(214)) - AtleastOneDatanodeReportedRule rule is successfully validated
2021-03-15 13:35:47,983 [EventQueue-OpenPipelineForHealthyPipelineSafeModeRule] INFO  safemode.SCMSafeModeManager (HealthyPipelineSafeModeRule.java:process(128)) - SCM in safe mode. Healthy pipelines reported count is 0, required healthy pipeline reported count is 1
2021-03-15 13:35:48,005 [EventQueue-PipelineReportForOneReplicaPipelineSafeModeRule] INFO  safemode.SCMSafeModeManager (SCMSafeModeManager.java:validateSafeModeExitRules(214)) - AtleastOneDatanodeReportedRule rule is successfully validated
2021-03-15 13:35:48,005 [EventQueue-OpenPipelineForHealthyPipelineSafeModeRule] INFO  safemode.SCMSafeModeManager (HealthyPipelineSafeModeRule.java:process(128)) - SCM in safe mode. Healthy pipelines reported count is 0, required healthy pipeline reported count is 1
2021-03-15 13:35:48,007 [EventQueue-PipelineReportForOneReplicaPipelineSafeModeRule] INFO  safemode.SCMSafeModeManager (SCMSafeModeManager.java:validateSafeModeExitRules(214)) - AtleastOneDatanodeReportedRule rule is successfully validated
2021-03-15 13:35:48,008 [EventQueue-OpenPipelineForHealthyPipelineSafeModeRule] INFO  safemode.SCMSafeModeManager (HealthyPipelineSafeModeRule.java:process(128)) - SCM in safe mode. Healthy pipelines reported count is 0, required healthy pipeline reported count is 1
2021-03-15 13:35:48,012 [EventQueue-PipelineReportForOneReplicaPipelineSafeModeRule] INFO  safemode.SCMSafeModeManager (SCMSafeModeManager.java:validateSafeModeExitRules(214)) - AtleastOneDatanodeReportedRule rule is successfully validated
2021-03-15 13:35:48,012 [EventQueue-OpenPipelineForHealthyPipelineSafeModeRule] INFO  safemode.SCMSafeModeManager (HealthyPipelineSafeModeRule.java:process(128)) - SCM in safe mode. Healthy pipelines reported count is 0, required healthy pipeline reported count is 1
2021-03-15 13:35:48,015 [EventQueue-PipelineReportForOneReplicaPipelineSafeModeRule] INFO  safemode.SCMSafeModeManager (SCMSafeModeManager.java:validateSafeModeExitRules(214)) - AtleastOneDatanodeReportedRule rule is successfully validated
2021-03-15 13:35:48,015 [EventQueue-OpenPipelineForHealthyPipelineSafeModeRule] INFO  safemode.SCMSafeModeManager (HealthyPipelineSafeModeRule.java:process(128)) - SCM in safe mode. Healthy pipelines reported count is 0, required healthy pipeline reported count is 1
2021-03-15 13:35:48,044 [Thread-303] INFO  impl.FollowerState (FollowerState.java:run(133)) - 7ad4b354-5524-4bbe-8c06-278e17beb4ab@group-44737836DD86-FollowerState: change to CANDIDATE, lastRpcElapsedTime:5153228441ns, electionTimeout:5150ms
2021-03-15 13:35:48,044 [Thread-303] INFO  impl.RoleInfo (RoleInfo.java:shutdownFollowerState(108)) - 7ad4b354-5524-4bbe-8c06-278e17beb4ab: shutdown 7ad4b354-5524-4bbe-8c06-278e17beb4ab@group-44737836DD86-FollowerState
2021-03-15 13:35:48,044 [Thread-303] INFO  server.RaftServer$Division (RaftServerImpl.java:setRole(284)) - 7ad4b354-5524-4bbe-8c06-278e17beb4ab@group-44737836DD86: changes role from  FOLLOWER to CANDIDATE at term 0 for changeToCandidate
2021-03-15 13:35:48,044 [Thread-303] INFO  server.RaftServerConfigKeys (ConfUtils.java:logGet(44)) - raft.server.leaderelection.pre-vote = false (custom)
2021-03-15 13:35:48,044 [Thread-303] INFO  impl.RoleInfo (RoleInfo.java:updateAndGet(130)) - 7ad4b354-5524-4bbe-8c06-278e17beb4ab: start 7ad4b354-5524-4bbe-8c06-278e17beb4ab@group-44737836DD86-LeaderElection7
2021-03-15 13:35:48,048 [7ad4b354-5524-4bbe-8c06-278e17beb4ab@group-44737836DD86-LeaderElection7] INFO  impl.LeaderElection (LeaderElection.java:askForVotes(307)) - 7ad4b354-5524-4bbe-8c06-278e17beb4ab@group-44737836DD86-LeaderElection7 ELECTION round 0: submit vote requests at term 1 for -1: [275eefd6-a602-4773-a0ea-a3b6f7cdc32e|rpc:172.17.0.2:44945|priority:1, 7ad4b354-5524-4bbe-8c06-278e17beb4ab|rpc:172.17.0.2:36095|priority:0, 2479fe59-7b65-4ff2-bce5-1a4041a1f829|rpc:172.17.0.2:46445|priority:0], old=null
2021-03-15 13:35:48,056 [grpc-default-executor-0] INFO  server.RaftServer$Division (RaftServerImpl.java:requestVote(1025)) - 275eefd6-a602-4773-a0ea-a3b6f7cdc32e@group-44737836DD86: receive requestVote(ELECTION, 7ad4b354-5524-4bbe-8c06-278e17beb4ab, group-44737836DD86, 1, (t:0, i:0))
2021-03-15 13:35:48,056 [grpc-default-executor-0] INFO  impl.VoteContext (VoteContext.java:log(48)) - 275eefd6-a602-4773-a0ea-a3b6f7cdc32e@group-44737836DD86-FOLLOWER: reject ELECTION from 7ad4b354-5524-4bbe-8c06-278e17beb4ab: our priority 1 > candidate's priority 0
2021-03-15 13:35:48,056 [grpc-default-executor-0] INFO  server.RaftServer$Division (RaftServerImpl.java:setRole(284)) - 275eefd6-a602-4773-a0ea-a3b6f7cdc32e@group-44737836DD86: changes role from  FOLLOWER to FOLLOWER at term 1 for candidate:7ad4b354-5524-4bbe-8c06-278e17beb4ab
2021-03-15 13:35:48,056 [grpc-default-executor-0] INFO  impl.RoleInfo (RoleInfo.java:shutdownFollowerState(108)) - 275eefd6-a602-4773-a0ea-a3b6f7cdc32e: shutdown 275eefd6-a602-4773-a0ea-a3b6f7cdc32e@group-44737836DD86-FollowerState
2021-03-15 13:35:48,056 [grpc-default-executor-0] INFO  impl.RoleInfo (RoleInfo.java:updateAndGet(130)) - 275eefd6-a602-4773-a0ea-a3b6f7cdc32e: start 275eefd6-a602-4773-a0ea-a3b6f7cdc32e@group-44737836DD86-FollowerState
2021-03-15 13:35:48,057 [Thread-336] INFO  impl.FollowerState (FollowerState.java:run(142)) - 275eefd6-a602-4773-a0ea-a3b6f7cdc32e@group-44737836DD86-FollowerState was interrupted: {}
java.lang.InterruptedException: sleep interrupted
	at java.lang.Thread.sleep(Native Method)
	at java.lang.Thread.sleep(Thread.java:340)
	at java.util.concurrent.TimeUnit.sleep(TimeUnit.java:386)
	at org.apache.ratis.util.TimeDuration.sleep(TimeDuration.java:324)
	at org.apache.ratis.util.TimeDuration.sleep(TimeDuration.java:309)
	at org.apache.ratis.server.impl.FollowerState.run(FollowerState.java:117)
2021-03-15 13:35:48,060 [grpc-default-executor-0] INFO  server.RaftServer$Division (RaftServerImpl.java:requestVote(1057)) - 275eefd6-a602-4773-a0ea-a3b6f7cdc32e@group-44737836DD86 replies to ELECTION vote request: 7ad4b354-5524-4bbe-8c06-278e17beb4ab<-275eefd6-a602-4773-a0ea-a3b6f7cdc32e#0:FAIL-t1. Peer's state: 275eefd6-a602-4773-a0ea-a3b6f7cdc32e@group-44737836DD86:t1, leader=null, voted=null, raftlog=275eefd6-a602-4773-a0ea-a3b6f7cdc32e@group-44737836DD86-SegmentedRaftLog:OPENED:c-1,f-1,i0, conf=-1: [275eefd6-a602-4773-a0ea-a3b6f7cdc32e|rpc:172.17.0.2:44945|priority:1, 7ad4b354-5524-4bbe-8c06-278e17beb4ab|rpc:172.17.0.2:36095|priority:0, 2479fe59-7b65-4ff2-bce5-1a4041a1f829|rpc:172.17.0.2:46445|priority:0], old=null
2021-03-15 13:35:48,062 [7ad4b354-5524-4bbe-8c06-278e17beb4ab@group-44737836DD86-LeaderElection7] INFO  impl.LeaderElection (LeaderElection.java:logAndReturn(89)) - 7ad4b354-5524-4bbe-8c06-278e17beb4ab@group-44737836DD86-LeaderElection7: ELECTION REJECTED received 1 response(s) and 0 exception(s):
2021-03-15 13:35:48,062 [7ad4b354-5524-4bbe-8c06-278e17beb4ab@group-44737836DD86-LeaderElection7] INFO  impl.LeaderElection (LeaderElection.java:logAndReturn(93)) -   Response 0: 7ad4b354-5524-4bbe-8c06-278e17beb4ab<-275eefd6-a602-4773-a0ea-a3b6f7cdc32e#0:FAIL-t1
2021-03-15 13:35:48,062 [7ad4b354-5524-4bbe-8c06-278e17beb4ab@group-44737836DD86-LeaderElection7] INFO  impl.LeaderElection (LeaderElection.java:askForVotes(309)) - 7ad4b354-5524-4bbe-8c06-278e17beb4ab@group-44737836DD86-LeaderElection7 ELECTION round 0: result REJECTED
2021-03-15 13:35:48,062 [7ad4b354-5524-4bbe-8c06-278e17beb4ab@group-44737836DD86-LeaderElection7] INFO  server.RaftServer$Division (RaftServerImpl.java:setRole(284)) - 7ad4b354-5524-4bbe-8c06-278e17beb4ab@group-44737836DD86: changes role from CANDIDATE to FOLLOWER at term 1 for REJECTED
2021-03-15 13:35:48,062 [7ad4b354-5524-4bbe-8c06-278e17beb4ab@group-44737836DD86-LeaderElection7] INFO  impl.RoleInfo (RoleInfo.java:shutdownLeaderElection(121)) - 7ad4b354-5524-4bbe-8c06-278e17beb4ab: shutdown 7ad4b354-5524-4bbe-8c06-278e17beb4ab@group-44737836DD86-LeaderElection7
2021-03-15 13:35:48,062 [7ad4b354-5524-4bbe-8c06-278e17beb4ab@group-44737836DD86-LeaderElection7] INFO  impl.RoleInfo (RoleInfo.java:updateAndGet(130)) - 7ad4b354-5524-4bbe-8c06-278e17beb4ab: start 7ad4b354-5524-4bbe-8c06-278e17beb4ab@group-44737836DD86-FollowerState
2021-03-15 13:35:48,068 [EventQueue-PipelineReportForOneReplicaPipelineSafeModeRule] INFO  safemode.SCMSafeModeManager (SCMSafeModeManager.java:validateSafeModeExitRules(214)) - AtleastOneDatanodeReportedRule rule is successfully validated
2021-03-15 13:35:48,070 [EventQueue-PipelineReportForOneReplicaPipelineSafeModeRule] INFO  safemode.SCMSafeModeManager (SCMSafeModeManager.java:validateSafeModeExitRules(214)) - AtleastOneDatanodeReportedRule rule is successfully validated
2021-03-15 13:35:48,068 [EventQueue-OpenPipelineForHealthyPipelineSafeModeRule] INFO  safemode.SCMSafeModeManager (HealthyPipelineSafeModeRule.java:process(128)) - SCM in safe mode. Healthy pipelines reported count is 0, required healthy pipeline reported count is 1
2021-03-15 13:35:48,070 [EventQueue-OpenPipelineForHealthyPipelineSafeModeRule] INFO  safemode.SCMSafeModeManager (HealthyPipelineSafeModeRule.java:process(128)) - SCM in safe mode. Healthy pipelines reported count is 0, required healthy pipeline reported count is 1
2021-03-15 13:35:48,070 [grpc-default-executor-0] INFO  server.RaftServer$Division (RaftServerImpl.java:requestVote(1025)) - 2479fe59-7b65-4ff2-bce5-1a4041a1f829@group-44737836DD86: receive requestVote(ELECTION, 7ad4b354-5524-4bbe-8c06-278e17beb4ab, group-44737836DD86, 1, (t:0, i:0))
2021-03-15 13:35:48,070 [grpc-default-executor-0] INFO  impl.VoteContext (VoteContext.java:log(48)) - 2479fe59-7b65-4ff2-bce5-1a4041a1f829@group-44737836DD86-FOLLOWER: accept ELECTION from 7ad4b354-5524-4bbe-8c06-278e17beb4ab: our priority 0 <= candidate's priority 0
2021-03-15 13:35:48,070 [grpc-default-executor-0] INFO  server.RaftServer$Division (RaftServerImpl.java:setRole(284)) - 2479fe59-7b65-4ff2-bce5-1a4041a1f829@group-44737836DD86: changes role from  FOLLOWER to FOLLOWER at term 1 for candidate:7ad4b354-5524-4bbe-8c06-278e17beb4ab
2021-03-15 13:35:48,070 [grpc-default-executor-0] INFO  impl.RoleInfo (RoleInfo.java:shutdownFollowerState(108)) - 2479fe59-7b65-4ff2-bce5-1a4041a1f829: shutdown 2479fe59-7b65-4ff2-bce5-1a4041a1f829@group-44737836DD86-FollowerState
2021-03-15 13:35:48,071 [grpc-default-executor-0] INFO  impl.RoleInfo (RoleInfo.java:updateAndGet(130)) - 2479fe59-7b65-4ff2-bce5-1a4041a1f829: start 2479fe59-7b65-4ff2-bce5-1a4041a1f829@group-44737836DD86-FollowerState
2021-03-15 13:35:48,071 [Thread-324] INFO  impl.FollowerState (FollowerState.java:run(142)) - 2479fe59-7b65-4ff2-bce5-1a4041a1f829@group-44737836DD86-FollowerState was interrupted: {}
java.lang.InterruptedException: sleep interrupted
	at java.lang.Thread.sleep(Native Method)
	at java.lang.Thread.sleep(Thread.java:340)
	at java.util.concurrent.TimeUnit.sleep(TimeUnit.java:386)
	at org.apache.ratis.util.TimeDuration.sleep(TimeDuration.java:324)
	at org.apache.ratis.util.TimeDuration.sleep(TimeDuration.java:309)
	at org.apache.ratis.server.impl.FollowerState.run(FollowerState.java:117)
2021-03-15 13:35:48,081 [grpc-default-executor-0] INFO  server.RaftServer$Division (RaftServerImpl.java:requestVote(1057)) - 2479fe59-7b65-4ff2-bce5-1a4041a1f829@group-44737836DD86 replies to ELECTION vote request: 7ad4b354-5524-4bbe-8c06-278e17beb4ab<-2479fe59-7b65-4ff2-bce5-1a4041a1f829#0:OK-t1. Peer's state: 2479fe59-7b65-4ff2-bce5-1a4041a1f829@group-44737836DD86:t1, leader=null, voted=7ad4b354-5524-4bbe-8c06-278e17beb4ab, raftlog=2479fe59-7b65-4ff2-bce5-1a4041a1f829@group-44737836DD86-SegmentedRaftLog:OPENED:c-1,f-1,i0, conf=-1: [275eefd6-a602-4773-a0ea-a3b6f7cdc32e|rpc:172.17.0.2:44945|dataStream:|priority:1, 7ad4b354-5524-4bbe-8c06-278e17beb4ab|rpc:172.17.0.2:36095|dataStream:|priority:0, 2479fe59-7b65-4ff2-bce5-1a4041a1f829|rpc:172.17.0.2:46445|dataStream:|priority:0], old=null
2021-03-15 13:35:48,124 [Thread-308] INFO  impl.FollowerState (FollowerState.java:run(133)) - 1e038761-1b78-4d65-9d2c-f5326a28b9d0@group-7F65B5B9142A-FollowerState: change to CANDIDATE, lastRpcElapsedTime:5018772327ns, electionTimeout:5008ms
2021-03-15 13:35:48,124 [Thread-308] INFO  impl.RoleInfo (RoleInfo.java:shutdownFollowerState(108)) - 1e038761-1b78-4d65-9d2c-f5326a28b9d0: shutdown 1e038761-1b78-4d65-9d2c-f5326a28b9d0@group-7F65B5B9142A-FollowerState
2021-03-15 13:35:48,124 [Thread-308] INFO  server.RaftServer$Division (RaftServerImpl.java:setRole(284)) - 1e038761-1b78-4d65-9d2c-f5326a28b9d0@group-7F65B5B9142A: changes role from  FOLLOWER to CANDIDATE at term 0 for changeToCandidate
2021-03-15 13:35:48,124 [Thread-308] INFO  server.RaftServerConfigKeys (ConfUtils.java:logGet(44)) - raft.server.leaderelection.pre-vote = false (custom)
2021-03-15 13:35:48,124 [Thread-308] INFO  impl.RoleInfo (RoleInfo.java:updateAndGet(130)) - 1e038761-1b78-4d65-9d2c-f5326a28b9d0: start 1e038761-1b78-4d65-9d2c-f5326a28b9d0@group-7F65B5B9142A-LeaderElection8
2021-03-15 13:35:48,128 [1e038761-1b78-4d65-9d2c-f5326a28b9d0@group-7F65B5B9142A-LeaderElection8] INFO  impl.LeaderElection (LeaderElection.java:askForVotes(307)) - 1e038761-1b78-4d65-9d2c-f5326a28b9d0@group-7F65B5B9142A-LeaderElection8 ELECTION round 0: submit vote requests at term 1 for -1: [1e038761-1b78-4d65-9d2c-f5326a28b9d0|rpc:172.17.0.2:41979|priority:1, 6cd9ceaa-b54f-4187-9c12-925a7628e128|rpc:172.17.0.2:39055|priority:0, 2d24b89a-5033-4a49-b30e-962358659472|rpc:172.17.0.2:35689|priority:0], old=null
2021-03-15 13:35:48,132 [Thread-306] INFO  impl.FollowerState (FollowerState.java:run(133)) - 6cd9ceaa-b54f-4187-9c12-925a7628e128@group-7F65B5B9142A-FollowerState: change to CANDIDATE, lastRpcElapsedTime:5032247218ns, electionTimeout:5030ms
2021-03-15 13:35:48,132 [Thread-306] INFO  impl.RoleInfo (RoleInfo.java:shutdownFollowerState(108)) - 6cd9ceaa-b54f-4187-9c12-925a7628e128: shutdown 6cd9ceaa-b54f-4187-9c12-925a7628e128@group-7F65B5B9142A-FollowerState
2021-03-15 13:35:48,132 [Thread-306] INFO  server.RaftServer$Division (RaftServerImpl.java:setRole(284)) - 6cd9ceaa-b54f-4187-9c12-925a7628e128@group-7F65B5B9142A: changes role from  FOLLOWER to CANDIDATE at term 0 for changeToCandidate
2021-03-15 13:35:48,132 [Thread-306] INFO  server.RaftServerConfigKeys (ConfUtils.java:logGet(44)) - raft.server.leaderelection.pre-vote = false (custom)
2021-03-15 13:35:48,132 [Thread-306] INFO  impl.RoleInfo (RoleInfo.java:updateAndGet(130)) - 6cd9ceaa-b54f-4187-9c12-925a7628e128: start 6cd9ceaa-b54f-4187-9c12-925a7628e128@group-7F65B5B9142A-LeaderElection9
2021-03-15 13:35:48,139 [6cd9ceaa-b54f-4187-9c12-925a7628e128@group-7F65B5B9142A-LeaderElection9] INFO  impl.LeaderElection (LeaderElection.java:askForVotes(307)) - 6cd9ceaa-b54f-4187-9c12-925a7628e128@group-7F65B5B9142A-LeaderElection9 ELECTION round 0: submit vote requests at term 1 for -1: [1e038761-1b78-4d65-9d2c-f5326a28b9d0|rpc:172.17.0.2:41979|priority:1, 6cd9ceaa-b54f-4187-9c12-925a7628e128|rpc:172.17.0.2:39055|priority:0, 2d24b89a-5033-4a49-b30e-962358659472|rpc:172.17.0.2:35689|priority:0], old=null
2021-03-15 13:35:48,143 [EventQueue-PipelineReportForOneReplicaPipelineSafeModeRule] INFO  safemode.SCMSafeModeManager (SCMSafeModeManager.java:validateSafeModeExitRules(214)) - AtleastOneDatanodeReportedRule rule is successfully validated
2021-03-15 13:35:48,143 [EventQueue-OpenPipelineForHealthyPipelineSafeModeRule] INFO  safemode.SCMSafeModeManager (HealthyPipelineSafeModeRule.java:process(128)) - SCM in safe mode. Healthy pipelines reported count is 0, required healthy pipeline reported count is 1
2021-03-15 13:35:48,146 [grpc-default-executor-0] INFO  server.RaftServer$Division (RaftServerImpl.java:requestVote(1025)) - 6cd9ceaa-b54f-4187-9c12-925a7628e128@group-7F65B5B9142A: receive requestVote(ELECTION, 1e038761-1b78-4d65-9d2c-f5326a28b9d0, group-7F65B5B9142A, 1, (t:0, i:0))
2021-03-15 13:35:48,146 [grpc-default-executor-0] INFO  impl.VoteContext (VoteContext.java:log(48)) - 6cd9ceaa-b54f-4187-9c12-925a7628e128@group-7F65B5B9142A-CANDIDATE: reject ELECTION from 1e038761-1b78-4d65-9d2c-f5326a28b9d0: already has voted for 6cd9ceaa-b54f-4187-9c12-925a7628e128 at current term 1
2021-03-15 13:35:48,146 [grpc-default-executor-0] INFO  server.RaftServer$Division (RaftServerImpl.java:requestVote(1057)) - 6cd9ceaa-b54f-4187-9c12-925a7628e128@group-7F65B5B9142A replies to ELECTION vote request: 1e038761-1b78-4d65-9d2c-f5326a28b9d0<-6cd9ceaa-b54f-4187-9c12-925a7628e128#0:FAIL-t1. Peer's state: 6cd9ceaa-b54f-4187-9c12-925a7628e128@group-7F65B5B9142A:t1, leader=null, voted=6cd9ceaa-b54f-4187-9c12-925a7628e128, raftlog=6cd9ceaa-b54f-4187-9c12-925a7628e128@group-7F65B5B9142A-SegmentedRaftLog:OPENED:c-1,f-1,i0, conf=-1: [1e038761-1b78-4d65-9d2c-f5326a28b9d0|rpc:172.17.0.2:41979|priority:1, 6cd9ceaa-b54f-4187-9c12-925a7628e128|rpc:172.17.0.2:39055|priority:0, 2d24b89a-5033-4a49-b30e-962358659472|rpc:172.17.0.2:35689|priority:0], old=null
2021-03-15 13:35:48,145 [grpc-default-executor-1] INFO  server.RaftServer$Division (RaftServerImpl.java:requestVote(1025)) - 2d24b89a-5033-4a49-b30e-962358659472@group-7F65B5B9142A: receive requestVote(ELECTION, 1e038761-1b78-4d65-9d2c-f5326a28b9d0, group-7F65B5B9142A, 1, (t:0, i:0))
2021-03-15 13:35:48,146 [grpc-default-executor-1] INFO  impl.VoteContext (VoteContext.java:log(48)) - 2d24b89a-5033-4a49-b30e-962358659472@group-7F65B5B9142A-FOLLOWER: accept ELECTION from 1e038761-1b78-4d65-9d2c-f5326a28b9d0: our priority 0 <= candidate's priority 1
2021-03-15 13:35:48,146 [grpc-default-executor-1] INFO  server.RaftServer$Division (RaftServerImpl.java:setRole(284)) - 2d24b89a-5033-4a49-b30e-962358659472@group-7F65B5B9142A: changes role from  FOLLOWER to FOLLOWER at term 1 for candidate:1e038761-1b78-4d65-9d2c-f5326a28b9d0
2021-03-15 13:35:48,146 [grpc-default-executor-1] INFO  impl.RoleInfo (RoleInfo.java:shutdownFollowerState(108)) - 2d24b89a-5033-4a49-b30e-962358659472: shutdown 2d24b89a-5033-4a49-b30e-962358659472@group-7F65B5B9142A-FollowerState
2021-03-15 13:35:48,147 [grpc-default-executor-1] INFO  impl.RoleInfo (RoleInfo.java:updateAndGet(130)) - 2d24b89a-5033-4a49-b30e-962358659472: start 2d24b89a-5033-4a49-b30e-962358659472@group-7F65B5B9142A-FollowerState
2021-03-15 13:35:48,147 [Thread-309] INFO  impl.FollowerState (FollowerState.java:run(142)) - 2d24b89a-5033-4a49-b30e-962358659472@group-7F65B5B9142A-FollowerState was interrupted: {}
java.lang.InterruptedException: sleep interrupted
	at java.lang.Thread.sleep(Native Method)
	at java.lang.Thread.sleep(Thread.java:340)
	at java.util.concurrent.TimeUnit.sleep(TimeUnit.java:386)
	at org.apache.ratis.util.TimeDuration.sleep(TimeDuration.java:324)
	at org.apache.ratis.util.TimeDuration.sleep(TimeDuration.java:309)
	at org.apache.ratis.server.impl.FollowerState.run(FollowerState.java:117)
2021-03-15 13:35:48,151 [grpc-default-executor-1] INFO  server.RaftServer$Division (RaftServerImpl.java:requestVote(1057)) - 2d24b89a-5033-4a49-b30e-962358659472@group-7F65B5B9142A replies to ELECTION vote request: 1e038761-1b78-4d65-9d2c-f5326a28b9d0<-2d24b89a-5033-4a49-b30e-962358659472#0:OK-t1. Peer's state: 2d24b89a-5033-4a49-b30e-962358659472@group-7F65B5B9142A:t1, leader=null, voted=1e038761-1b78-4d65-9d2c-f5326a28b9d0, raftlog=2d24b89a-5033-4a49-b30e-962358659472@group-7F65B5B9142A-SegmentedRaftLog:OPENED:c-1,f-1,i0, conf=-1: [1e038761-1b78-4d65-9d2c-f5326a28b9d0|rpc:172.17.0.2:41979|priority:1, 6cd9ceaa-b54f-4187-9c12-925a7628e128|rpc:172.17.0.2:39055|priority:0, 2d24b89a-5033-4a49-b30e-962358659472|rpc:172.17.0.2:35689|priority:0], old=null
2021-03-15 13:35:48,152 [grpc-default-executor-1] INFO  server.RaftServer$Division (RaftServerImpl.java:requestVote(1025)) - 1e038761-1b78-4d65-9d2c-f5326a28b9d0@group-7F65B5B9142A: receive requestVote(ELECTION, 6cd9ceaa-b54f-4187-9c12-925a7628e128, group-7F65B5B9142A, 1, (t:0, i:0))
2021-03-15 13:35:48,152 [grpc-default-executor-1] INFO  impl.VoteContext (VoteContext.java:log(48)) - 1e038761-1b78-4d65-9d2c-f5326a28b9d0@group-7F65B5B9142A-CANDIDATE: reject ELECTION from 6cd9ceaa-b54f-4187-9c12-925a7628e128: already has voted for 1e038761-1b78-4d65-9d2c-f5326a28b9d0 at current term 1
2021-03-15 13:35:48,152 [grpc-default-executor-1] INFO  server.RaftServer$Division (RaftServerImpl.java:requestVote(1057)) - 1e038761-1b78-4d65-9d2c-f5326a28b9d0@group-7F65B5B9142A replies to ELECTION vote request: 6cd9ceaa-b54f-4187-9c12-925a7628e128<-1e038761-1b78-4d65-9d2c-f5326a28b9d0#0:FAIL-t1. Peer's state: 1e038761-1b78-4d65-9d2c-f5326a28b9d0@group-7F65B5B9142A:t1, leader=null, voted=1e038761-1b78-4d65-9d2c-f5326a28b9d0, raftlog=1e038761-1b78-4d65-9d2c-f5326a28b9d0@group-7F65B5B9142A-SegmentedRaftLog:OPENED:c-1,f-1,i0, conf=-1: [1e038761-1b78-4d65-9d2c-f5326a28b9d0|rpc:172.17.0.2:41979|priority:1, 6cd9ceaa-b54f-4187-9c12-925a7628e128|rpc:172.17.0.2:39055|priority:0, 2d24b89a-5033-4a49-b30e-962358659472|rpc:172.17.0.2:35689|priority:0], old=null
2021-03-15 13:35:48,160 [6cd9ceaa-b54f-4187-9c12-925a7628e128@group-7F65B5B9142A-LeaderElection9] INFO  impl.LeaderElection (LeaderElection.java:logAndReturn(89)) - 6cd9ceaa-b54f-4187-9c12-925a7628e128@group-7F65B5B9142A-LeaderElection9: ELECTION REJECTED received 1 response(s) and 0 exception(s):
2021-03-15 13:35:48,160 [6cd9ceaa-b54f-4187-9c12-925a7628e128@group-7F65B5B9142A-LeaderElection9] INFO  impl.LeaderElection (LeaderElection.java:logAndReturn(93)) -   Response 0: 6cd9ceaa-b54f-4187-9c12-925a7628e128<-1e038761-1b78-4d65-9d2c-f5326a28b9d0#0:FAIL-t1
2021-03-15 13:35:48,160 [6cd9ceaa-b54f-4187-9c12-925a7628e128@group-7F65B5B9142A-LeaderElection9] INFO  impl.LeaderElection (LeaderElection.java:askForVotes(309)) - 6cd9ceaa-b54f-4187-9c12-925a7628e128@group-7F65B5B9142A-LeaderElection9 ELECTION round 0: result REJECTED
2021-03-15 13:35:48,161 [6cd9ceaa-b54f-4187-9c12-925a7628e128@group-7F65B5B9142A-LeaderElection9] INFO  server.RaftServer$Division (RaftServerImpl.java:setRole(284)) - 6cd9ceaa-b54f-4187-9c12-925a7628e128@group-7F65B5B9142A: changes role from CANDIDATE to FOLLOWER at term 1 for REJECTED
2021-03-15 13:35:48,161 [6cd9ceaa-b54f-4187-9c12-925a7628e128@group-7F65B5B9142A-LeaderElection9] INFO  impl.RoleInfo (RoleInfo.java:shutdownLeaderElection(121)) - 6cd9ceaa-b54f-4187-9c12-925a7628e128: shutdown 6cd9ceaa-b54f-4187-9c12-925a7628e128@group-7F65B5B9142A-LeaderElection9
2021-03-15 13:35:48,161 [6cd9ceaa-b54f-4187-9c12-925a7628e128@group-7F65B5B9142A-LeaderElection9] INFO  impl.RoleInfo (RoleInfo.java:updateAndGet(130)) - 6cd9ceaa-b54f-4187-9c12-925a7628e128: start 6cd9ceaa-b54f-4187-9c12-925a7628e128@group-7F65B5B9142A-FollowerState
2021-03-15 13:35:48,170 [1e038761-1b78-4d65-9d2c-f5326a28b9d0@group-7F65B5B9142A-LeaderElection8] INFO  impl.LeaderElection (LeaderElection.java:logAndReturn(89)) - 1e038761-1b78-4d65-9d2c-f5326a28b9d0@group-7F65B5B9142A-LeaderElection8: ELECTION PASSED received 2 response(s) and 0 exception(s):
2021-03-15 13:35:48,173 [1e038761-1b78-4d65-9d2c-f5326a28b9d0@group-7F65B5B9142A-LeaderElection8] INFO  impl.LeaderElection (LeaderElection.java:logAndReturn(93)) -   Response 0: 1e038761-1b78-4d65-9d2c-f5326a28b9d0<-6cd9ceaa-b54f-4187-9c12-925a7628e128#0:FAIL-t1
2021-03-15 13:35:48,173 [1e038761-1b78-4d65-9d2c-f5326a28b9d0@group-7F65B5B9142A-LeaderElection8] INFO  impl.LeaderElection (LeaderElection.java:logAndReturn(93)) -   Response 1: 1e038761-1b78-4d65-9d2c-f5326a28b9d0<-2d24b89a-5033-4a49-b30e-962358659472#0:OK-t1
2021-03-15 13:35:48,173 [1e038761-1b78-4d65-9d2c-f5326a28b9d0@group-7F65B5B9142A-LeaderElection8] INFO  impl.LeaderElection (LeaderElection.java:askForVotes(309)) - 1e038761-1b78-4d65-9d2c-f5326a28b9d0@group-7F65B5B9142A-LeaderElection8 ELECTION round 0: result PASSED
2021-03-15 13:35:48,173 [1e038761-1b78-4d65-9d2c-f5326a28b9d0@group-7F65B5B9142A-LeaderElection8] INFO  impl.RoleInfo (RoleInfo.java:shutdownLeaderElection(121)) - 1e038761-1b78-4d65-9d2c-f5326a28b9d0: shutdown 1e038761-1b78-4d65-9d2c-f5326a28b9d0@group-7F65B5B9142A-LeaderElection8
2021-03-15 13:35:48,173 [1e038761-1b78-4d65-9d2c-f5326a28b9d0@group-7F65B5B9142A-LeaderElection8] INFO  server.RaftServer$Division (RaftServerImpl.java:setRole(284)) - 1e038761-1b78-4d65-9d2c-f5326a28b9d0@group-7F65B5B9142A: changes role from CANDIDATE to LEADER at term 1 for changeToLeader
2021-03-15 13:35:48,173 [1e038761-1b78-4d65-9d2c-f5326a28b9d0@group-7F65B5B9142A-LeaderElection8] INFO  ratis.XceiverServerRatis (XceiverServerRatis.java:handleLeaderChangedNotification(899)) - Leader change notification received for group: group-7F65B5B9142A with new leaderId: 1e038761-1b78-4d65-9d2c-f5326a28b9d0
2021-03-15 13:35:48,174 [1e038761-1b78-4d65-9d2c-f5326a28b9d0@group-7F65B5B9142A-LeaderElection8] INFO  server.RaftServer$Division (ServerState.java:setLeader(271)) - 1e038761-1b78-4d65-9d2c-f5326a28b9d0@group-7F65B5B9142A: change Leader from null to 1e038761-1b78-4d65-9d2c-f5326a28b9d0 at term 1 for becomeLeader, leader elected after 5107ms
2021-03-15 13:35:48,174 [1e038761-1b78-4d65-9d2c-f5326a28b9d0@group-7F65B5B9142A-LeaderElection8] INFO  server.RaftServerConfigKeys (ConfUtils.java:logGet(44)) - raft.server.staging.catchup.gap = 1000 (default)
2021-03-15 13:35:48,174 [1e038761-1b78-4d65-9d2c-f5326a28b9d0@group-7F65B5B9142A-LeaderElection8] INFO  metrics.RatisMetrics (RatisMetrics.java:lambda$create$0(36)) - Creating Metrics Registry : ratis.log_appender.1e038761-1b78-4d65-9d2c-f5326a28b9d0@group-7F65B5B9142A
2021-03-15 13:35:48,174 [1e038761-1b78-4d65-9d2c-f5326a28b9d0@group-7F65B5B9142A-LeaderElection8] INFO  server.RaftServerConfigKeys (ConfUtils.java:logGet(44)) - raft.server.write.element-limit = 1024 (custom)
2021-03-15 13:35:48,174 [1e038761-1b78-4d65-9d2c-f5326a28b9d0@group-7F65B5B9142A-LeaderElection8] INFO  server.RaftServerConfigKeys (ConfUtils.java:logGet(44)) - raft.server.write.byte-limit = 1073741824 (custom)
2021-03-15 13:35:48,174 [1e038761-1b78-4d65-9d2c-f5326a28b9d0@group-7F65B5B9142A-LeaderElection8] INFO  server.RaftServerConfigKeys (ConfUtils.java:logGet(44)) - raft.server.watch.timeout = 10000ms (default)
2021-03-15 13:35:48,174 [1e038761-1b78-4d65-9d2c-f5326a28b9d0@group-7F65B5B9142A-LeaderElection8] INFO  server.RaftServerConfigKeys (ConfUtils.java:logGet(44)) - raft.server.watch.timeout.denomination = 1s (default)
2021-03-15 13:35:48,175 [1e038761-1b78-4d65-9d2c-f5326a28b9d0@group-7F65B5B9142A-LeaderElection8] INFO  server.RaftServerConfigKeys (ConfUtils.java:logGet(44)) - raft.server.watch.element-limit = 65536 (default)
2021-03-15 13:35:48,176 [grpc-default-executor-1] INFO  server.RaftServer$Division (RaftServerImpl.java:requestVote(1025)) - 2d24b89a-5033-4a49-b30e-962358659472@group-7F65B5B9142A: receive requestVote(ELECTION, 6cd9ceaa-b54f-4187-9c12-925a7628e128, group-7F65B5B9142A, 1, (t:0, i:0))
2021-03-15 13:35:48,176 [grpc-default-executor-1] INFO  impl.VoteContext (VoteContext.java:log(48)) - 2d24b89a-5033-4a49-b30e-962358659472@group-7F65B5B9142A-FOLLOWER: reject ELECTION from 6cd9ceaa-b54f-4187-9c12-925a7628e128: already has voted for 1e038761-1b78-4d65-9d2c-f5326a28b9d0 at current term 1
2021-03-15 13:35:48,176 [grpc-default-executor-1] INFO  server.RaftServer$Division (RaftServerImpl.java:requestVote(1057)) - 2d24b89a-5033-4a49-b30e-962358659472@group-7F65B5B9142A replies to ELECTION vote request: 6cd9ceaa-b54f-4187-9c12-925a7628e128<-2d24b89a-5033-4a49-b30e-962358659472#0:FAIL-t1. Peer's state: 2d24b89a-5033-4a49-b30e-962358659472@group-7F65B5B9142A:t1, leader=null, voted=1e038761-1b78-4d65-9d2c-f5326a28b9d0, raftlog=2d24b89a-5033-4a49-b30e-962358659472@group-7F65B5B9142A-SegmentedRaftLog:OPENED:c-1,f-1,i0, conf=-1: [1e038761-1b78-4d65-9d2c-f5326a28b9d0|rpc:172.17.0.2:41979|priority:1, 6cd9ceaa-b54f-4187-9c12-925a7628e128|rpc:172.17.0.2:39055|priority:0, 2d24b89a-5033-4a49-b30e-962358659472|rpc:172.17.0.2:35689|priority:0], old=null
2021-03-15 13:35:48,181 [EventQueue-PipelineReportForOneReplicaPipelineSafeModeRule] INFO  safemode.SCMSafeModeManager (SCMSafeModeManager.java:validateSafeModeExitRules(214)) - AtleastOneDatanodeReportedRule rule is successfully validated
2021-03-15 13:35:48,181 [EventQueue-OpenPipelineForHealthyPipelineSafeModeRule] INFO  safemode.SCMSafeModeManager (HealthyPipelineSafeModeRule.java:process(128)) - SCM in safe mode. Healthy pipelines reported count is 0, required healthy pipeline reported count is 1
2021-03-15 13:35:48,186 [EventQueue-OpenPipelineForHealthyPipelineSafeModeRule] INFO  safemode.SCMSafeModeManager (HealthyPipelineSafeModeRule.java:process(128)) - SCM in safe mode. Healthy pipelines reported count is 0, required healthy pipeline reported count is 1
2021-03-15 13:35:48,182 [EventQueue-PipelineReportForOneReplicaPipelineSafeModeRule] INFO  safemode.SCMSafeModeManager (SCMSafeModeManager.java:validateSafeModeExitRules(214)) - AtleastOneDatanodeReportedRule rule is successfully validated
2021-03-15 13:35:48,186 [EventQueue-PipelineReportForOneReplicaPipelineSafeModeRule] INFO  safemode.SCMSafeModeManager (SCMSafeModeManager.java:validateSafeModeExitRules(214)) - AtleastOneDatanodeReportedRule rule is successfully validated
2021-03-15 13:35:48,186 [EventQueue-PipelineReportForOneReplicaPipelineSafeModeRule] INFO  safemode.SCMSafeModeManager (SCMSafeModeManager.java:validateSafeModeExitRules(214)) - AtleastOneDatanodeReportedRule rule is successfully validated
2021-03-15 13:35:48,182 [EventQueue-PipelineReportForPipelineReportHandler] INFO  pipeline.PipelineStateManager (PipelineStateManager.java:openPipeline(132)) - Pipeline Pipeline[ Id: e8f31fe7-2c7e-490a-ba00-7f65b5b9142a, Nodes: 1e038761-1b78-4d65-9d2c-f5326a28b9d0{ip: 172.17.0.2, host: 287f2862ff4e, ports: [REPLICATION=33091, RATIS=41979, RATIS_ADMIN=41979, RATIS_SERVER=41979, STANDALONE=40433], networkLocation: /default-rack, certSerialId: null, persistedOpState: IN_SERVICE, persistedOpStateExpiryEpochSec: 0}6cd9ceaa-b54f-4187-9c12-925a7628e128{ip: 172.17.0.2, host: 287f2862ff4e, ports: [REPLICATION=40173, RATIS=39055, RATIS_ADMIN=39055, RATIS_SERVER=39055, STANDALONE=42545], networkLocation: /default-rack, certSerialId: null, persistedOpState: IN_SERVICE, persistedOpStateExpiryEpochSec: 0}2d24b89a-5033-4a49-b30e-962358659472{ip: 172.17.0.2, host: 287f2862ff4e, ports: [REPLICATION=35961, RATIS=35689, RATIS_ADMIN=35689, RATIS_SERVER=35689, STANDALONE=39073], networkLocation: /default-rack, certSerialId: null, persistedOpState: IN_SERVICE, persistedOpStateExpiryEpochSec: 0}, Type:RATIS, Factor:THREE, State:ALLOCATED, leaderId:1e038761-1b78-4d65-9d2c-f5326a28b9d0, CreationTimestamp2021-03-15T13:35:39.404Z] moved to OPEN state
2021-03-15 13:35:48,187 [EventQueue-OpenPipelineForHealthyPipelineSafeModeRule] INFO  safemode.SCMSafeModeManager (HealthyPipelineSafeModeRule.java:process(128)) - SCM in safe mode. Healthy pipelines reported count is 1, required healthy pipeline reported count is 1
2021-03-15 13:35:48,187 [EventQueue-OpenPipelineForHealthyPipelineSafeModeRule] INFO  safemode.SCMSafeModeManager (SCMSafeModeManager.java:validateSafeModeExitRules(214)) - HealthyPipelineSafeModeRule rule is successfully validated
2021-03-15 13:35:48,187 [EventQueue-OpenPipelineForHealthyPipelineSafeModeRule] INFO  safemode.SCMSafeModeManager (SCMSafeModeManager.java:validateSafeModeExitRules(228)) - ScmSafeModeManager, all rules are successfully validated
2021-03-15 13:35:48,187 [EventQueue-OpenPipelineForHealthyPipelineSafeModeRule] INFO  safemode.SCMSafeModeManager (SCMSafeModeManager.java:exitSafeMode(257)) - SCM exiting safe mode.
2021-03-15 13:35:48,189 [1e038761-1b78-4d65-9d2c-f5326a28b9d0@group-7F65B5B9142A-LeaderElection8] INFO  server.RaftServerConfigKeys (ConfUtils.java:logGet(44)) - raft.server.log.appender.snapshot.chunk.size.max = 16MB (=16777216) (default)
2021-03-15 13:35:48,194 [1e038761-1b78-4d65-9d2c-f5326a28b9d0@group-7F65B5B9142A-LeaderElection8] INFO  server.RaftServerConfigKeys (ConfUtils.java:logGet(44)) - raft.server.log.appender.buffer.byte-limit = 33554432 (custom)
2021-03-15 13:35:48,194 [1e038761-1b78-4d65-9d2c-f5326a28b9d0@group-7F65B5B9142A-LeaderElection8] INFO  server.RaftServerConfigKeys (ConfUtils.java:logGet(44)) - raft.server.log.appender.buffer.element-limit = 1 (custom)
2021-03-15 13:35:48,197 [1e038761-1b78-4d65-9d2c-f5326a28b9d0@group-7F65B5B9142A-LeaderElection8] INFO  grpc.GrpcConfigKeys (ConfUtils.java:logGet(44)) - raft.grpc.server.leader.outstanding.appends.max = 128 (default)
2021-03-15 13:35:48,197 [1e038761-1b78-4d65-9d2c-f5326a28b9d0@group-7F65B5B9142A-LeaderElection8] INFO  server.RaftServerConfigKeys (ConfUtils.java:logGet(44)) - raft.server.rpc.request.timeout = 3000ms (default)
2021-03-15 13:35:48,197 [1e038761-1b78-4d65-9d2c-f5326a28b9d0@group-7F65B5B9142A-LeaderElection8] INFO  server.RaftServerConfigKeys (ConfUtils.java:logGet(44)) - raft.server.log.appender.install.snapshot.enabled = false (custom)
2021-03-15 13:35:48,198 [1e038761-1b78-4d65-9d2c-f5326a28b9d0@group-7F65B5B9142A-LeaderElection8] INFO  metrics.RatisMetrics (RatisMetrics.java:lambda$create$0(36)) - Creating Metrics Registry : ratis_grpc.log_appender.1e038761-1b78-4d65-9d2c-f5326a28b9d0@group-7F65B5B9142A
2021-03-15 13:35:48,202 [1e038761-1b78-4d65-9d2c-f5326a28b9d0@group-7F65B5B9142A-LeaderElection8] INFO  server.RaftServerConfigKeys (ConfUtils.java:logGet(44)) - raft.server.log.appender.snapshot.chunk.size.max = 16MB (=16777216) (default)
2021-03-15 13:35:48,202 [1e038761-1b78-4d65-9d2c-f5326a28b9d0@group-7F65B5B9142A-LeaderElection8] INFO  server.RaftServerConfigKeys (ConfUtils.java:logGet(44)) - raft.server.log.appender.buffer.byte-limit = 33554432 (custom)
2021-03-15 13:35:48,202 [1e038761-1b78-4d65-9d2c-f5326a28b9d0@group-7F65B5B9142A-LeaderElection8] INFO  server.RaftServerConfigKeys (ConfUtils.java:logGet(44)) - raft.server.log.appender.buffer.element-limit = 1 (custom)
2021-03-15 13:35:48,202 [1e038761-1b78-4d65-9d2c-f5326a28b9d0@group-7F65B5B9142A-LeaderElection8] INFO  grpc.GrpcConfigKeys (ConfUtils.java:logGet(44)) - raft.grpc.server.leader.outstanding.appends.max = 128 (default)
2021-03-15 13:35:48,202 [1e038761-1b78-4d65-9d2c-f5326a28b9d0@group-7F65B5B9142A-LeaderElection8] INFO  server.RaftServerConfigKeys (ConfUtils.java:logGet(44)) - raft.server.rpc.request.timeout = 3000ms (default)
2021-03-15 13:35:48,202 [1e038761-1b78-4d65-9d2c-f5326a28b9d0@group-7F65B5B9142A-LeaderElection8] INFO  server.RaftServerConfigKeys (ConfUtils.java:logGet(44)) - raft.server.log.appender.install.snapshot.enabled = false (custom)
2021-03-15 13:35:48,205 [1e038761-1b78-4d65-9d2c-f5326a28b9d0@group-7F65B5B9142A-LeaderElection8] INFO  impl.RoleInfo (RoleInfo.java:updateAndGet(130)) - 1e038761-1b78-4d65-9d2c-f5326a28b9d0: start 1e038761-1b78-4d65-9d2c-f5326a28b9d0@group-7F65B5B9142A-LeaderStateImpl
2021-03-15 13:35:48,206 [1e038761-1b78-4d65-9d2c-f5326a28b9d0@group-7F65B5B9142A-LeaderElection8] INFO  segmented.SegmentedRaftLogWorker (SegmentedRaftLogWorker.java:startLogSegment(392)) - 1e038761-1b78-4d65-9d2c-f5326a28b9d0@group-7F65B5B9142A-SegmentedRaftLogWorker: Starting segment from index:0
2021-03-15 13:35:48,208 [1e038761-1b78-4d65-9d2c-f5326a28b9d0@group-7F65B5B9142A-SegmentedRaftLogWorker] INFO  segmented.SegmentedRaftLogWorker (SegmentedRaftLogWorker.java:execute(599)) - 1e038761-1b78-4d65-9d2c-f5326a28b9d0@group-7F65B5B9142A-SegmentedRaftLogWorker: created new log segment /github/workspace/mnt/ozone/hadoop-ozone/integration-test/target/test-dir/MiniOzoneClusterImpl-12ebc720-05ee-4469-9130-5183c7181a17/datanode-1/data/ratis/e8f31fe7-2c7e-490a-ba00-7f65b5b9142a/current/log_inprogress_0
2021-03-15 13:35:48,219 [1e038761-1b78-4d65-9d2c-f5326a28b9d0@group-7F65B5B9142A-LeaderElection8] INFO  server.RaftServer$Division (ServerState.java:setRaftConf(373)) - 1e038761-1b78-4d65-9d2c-f5326a28b9d0@group-7F65B5B9142A: set configuration 0: [1e038761-1b78-4d65-9d2c-f5326a28b9d0|rpc:172.17.0.2:41979|dataStream:|priority:1, 6cd9ceaa-b54f-4187-9c12-925a7628e128|rpc:172.17.0.2:39055|dataStream:|priority:0, 2d24b89a-5033-4a49-b30e-962358659472|rpc:172.17.0.2:35689|dataStream:|priority:0], old=null
2021-03-15 13:35:48,220 [1e038761-1b78-4d65-9d2c-f5326a28b9d0@group-7F65B5B9142A-StateMachineUpdater] INFO  ratis.ContainerStateMachine (ContainerStateMachine.java:takeSnapshot(291)) - group-7F65B5B9142A: Taking a snapshot at:(t:1, i:0) file /github/workspace/mnt/ozone/hadoop-ozone/integration-test/target/test-dir/MiniOzoneClusterImpl-12ebc720-05ee-4469-9130-5183c7181a17/datanode-1/data/ratis/e8f31fe7-2c7e-490a-ba00-7f65b5b9142a/sm/snapshot.1_0
2021-03-15 13:35:48,223 [1e038761-1b78-4d65-9d2c-f5326a28b9d0@group-7F65B5B9142A-StateMachineUpdater] INFO  ratis.ContainerStateMachine (ContainerStateMachine.java:takeSnapshot(302)) - group-7F65B5B9142A: Finished taking a snapshot at:(t:1, i:0) file:/github/workspace/mnt/ozone/hadoop-ozone/integration-test/target/test-dir/MiniOzoneClusterImpl-12ebc720-05ee-4469-9130-5183c7181a17/datanode-1/data/ratis/e8f31fe7-2c7e-490a-ba00-7f65b5b9142a/sm/snapshot.1_0 took: 2 ms
2021-03-15 13:35:48,223 [1e038761-1b78-4d65-9d2c-f5326a28b9d0@group-7F65B5B9142A-StateMachineUpdater] INFO  impl.StateMachineUpdater (StateMachineUpdater.java:takeSnapshot(279)) - 1e038761-1b78-4d65-9d2c-f5326a28b9d0@group-7F65B5B9142A-StateMachineUpdater: Took a snapshot at index 0
2021-03-15 13:35:48,223 [1e038761-1b78-4d65-9d2c-f5326a28b9d0@group-7F65B5B9142A-StateMachineUpdater] INFO  impl.StateMachineUpdater (StateMachineUpdater.java:lambda$new$0(88)) - 1e038761-1b78-4d65-9d2c-f5326a28b9d0@group-7F65B5B9142A-StateMachineUpdater: snapshotIndex: updateIncreasingly -1 -> 0
2021-03-15 13:35:48,233 [grpc-default-executor-1] INFO  ratis.XceiverServerRatis (XceiverServerRatis.java:handleLeaderChangedNotification(899)) - Leader change notification received for group: group-7F65B5B9142A with new leaderId: 1e038761-1b78-4d65-9d2c-f5326a28b9d0
2021-03-15 13:35:48,234 [grpc-default-executor-1] INFO  server.RaftServer$Division (ServerState.java:setLeader(271)) - 6cd9ceaa-b54f-4187-9c12-925a7628e128@group-7F65B5B9142A: change Leader from null to 1e038761-1b78-4d65-9d2c-f5326a28b9d0 at term 1 for appendEntries, leader elected after 5168ms
2021-03-15 13:35:48,242 [grpc-default-executor-0] INFO  ratis.XceiverServerRatis (XceiverServerRatis.java:handleLeaderChangedNotification(899)) - Leader change notification received for group: group-7F65B5B9142A with new leaderId: 1e038761-1b78-4d65-9d2c-f5326a28b9d0
2021-03-15 13:35:48,242 [grpc-default-executor-0] INFO  server.RaftServer$Division (ServerState.java:setLeader(271)) - 2d24b89a-5033-4a49-b30e-962358659472@group-7F65B5B9142A: change Leader from null to 1e038761-1b78-4d65-9d2c-f5326a28b9d0 at term 1 for appendEntries, leader elected after 5168ms
2021-03-15 13:35:48,272 [grpc-default-executor-0] INFO  server.RaftServer$Division (ServerState.java:setRaftConf(373)) - 6cd9ceaa-b54f-4187-9c12-925a7628e128@group-7F65B5B9142A: set configuration 0: [1e038761-1b78-4d65-9d2c-f5326a28b9d0|rpc:172.17.0.2:41979|dataStream:|priority:1, 6cd9ceaa-b54f-4187-9c12-925a7628e128|rpc:172.17.0.2:39055|dataStream:|priority:0, 2d24b89a-5033-4a49-b30e-962358659472|rpc:172.17.0.2:35689|dataStream:|priority:0], old=null
2021-03-15 13:35:48,272 [grpc-default-executor-0] INFO  segmented.SegmentedRaftLogWorker (SegmentedRaftLogWorker.java:startLogSegment(392)) - 6cd9ceaa-b54f-4187-9c12-925a7628e128@group-7F65B5B9142A-SegmentedRaftLogWorker: Starting segment from index:0
2021-03-15 13:35:48,274 [grpc-default-executor-1] INFO  server.RaftServer$Division (ServerState.java:setRaftConf(373)) - 2d24b89a-5033-4a49-b30e-962358659472@group-7F65B5B9142A: set configuration 0: [1e038761-1b78-4d65-9d2c-f5326a28b9d0|rpc:172.17.0.2:41979|dataStream:|priority:1, 6cd9ceaa-b54f-4187-9c12-925a7628e128|rpc:172.17.0.2:39055|dataStream:|priority:0, 2d24b89a-5033-4a49-b30e-962358659472|rpc:172.17.0.2:35689|dataStream:|priority:0], old=null
2021-03-15 13:35:48,275 [6cd9ceaa-b54f-4187-9c12-925a7628e128@group-7F65B5B9142A-SegmentedRaftLogWorker] INFO  segmented.SegmentedRaftLogWorker (SegmentedRaftLogWorker.java:execute(599)) - 6cd9ceaa-b54f-4187-9c12-925a7628e128@group-7F65B5B9142A-SegmentedRaftLogWorker: created new log segment /github/workspace/mnt/ozone/hadoop-ozone/integration-test/target/test-dir/MiniOzoneClusterImpl-12ebc720-05ee-4469-9130-5183c7181a17/datanode-2/data/ratis/e8f31fe7-2c7e-490a-ba00-7f65b5b9142a/current/log_inprogress_0
2021-03-15 13:35:48,275 [grpc-default-executor-1] INFO  segmented.SegmentedRaftLogWorker (SegmentedRaftLogWorker.java:startLogSegment(392)) - 2d24b89a-5033-4a49-b30e-962358659472@group-7F65B5B9142A-SegmentedRaftLogWorker: Starting segment from index:0
2021-03-15 13:35:48,276 [6cd9ceaa-b54f-4187-9c12-925a7628e128@group-7F65B5B9142A-StateMachineUpdater] INFO  ratis.ContainerStateMachine (ContainerStateMachine.java:takeSnapshot(291)) - group-7F65B5B9142A: Taking a snapshot at:(t:1, i:0) file /github/workspace/mnt/ozone/hadoop-ozone/integration-test/target/test-dir/MiniOzoneClusterImpl-12ebc720-05ee-4469-9130-5183c7181a17/datanode-2/data/ratis/e8f31fe7-2c7e-490a-ba00-7f65b5b9142a/sm/snapshot.1_0
2021-03-15 13:35:48,278 [2d24b89a-5033-4a49-b30e-962358659472@group-7F65B5B9142A-SegmentedRaftLogWorker] INFO  segmented.SegmentedRaftLogWorker (SegmentedRaftLogWorker.java:execute(599)) - 2d24b89a-5033-4a49-b30e-962358659472@group-7F65B5B9142A-SegmentedRaftLogWorker: created new log segment /github/workspace/mnt/ozone/hadoop-ozone/integration-test/target/test-dir/MiniOzoneClusterImpl-12ebc720-05ee-4469-9130-5183c7181a17/datanode-0/data/ratis/e8f31fe7-2c7e-490a-ba00-7f65b5b9142a/current/log_inprogress_0
2021-03-15 13:35:48,279 [6cd9ceaa-b54f-4187-9c12-925a7628e128@group-7F65B5B9142A-StateMachineUpdater] INFO  ratis.ContainerStateMachine (ContainerStateMachine.java:takeSnapshot(302)) - group-7F65B5B9142A: Finished taking a snapshot at:(t:1, i:0) file:/github/workspace/mnt/ozone/hadoop-ozone/integration-test/target/test-dir/MiniOzoneClusterImpl-12ebc720-05ee-4469-9130-5183c7181a17/datanode-2/data/ratis/e8f31fe7-2c7e-490a-ba00-7f65b5b9142a/sm/snapshot.1_0 took: 3 ms
2021-03-15 13:35:48,280 [6cd9ceaa-b54f-4187-9c12-925a7628e128@group-7F65B5B9142A-StateMachineUpdater] INFO  impl.StateMachineUpdater (StateMachineUpdater.java:takeSnapshot(279)) - 6cd9ceaa-b54f-4187-9c12-925a7628e128@group-7F65B5B9142A-StateMachineUpdater: Took a snapshot at index 0
2021-03-15 13:35:48,280 [6cd9ceaa-b54f-4187-9c12-925a7628e128@group-7F65B5B9142A-StateMachineUpdater] INFO  impl.StateMachineUpdater (StateMachineUpdater.java:lambda$new$0(88)) - 6cd9ceaa-b54f-4187-9c12-925a7628e128@group-7F65B5B9142A-StateMachineUpdater: snapshotIndex: updateIncreasingly -1 -> 0
2021-03-15 13:35:48,280 [2d24b89a-5033-4a49-b30e-962358659472@group-7F65B5B9142A-StateMachineUpdater] INFO  ratis.ContainerStateMachine (ContainerStateMachine.java:takeSnapshot(291)) - group-7F65B5B9142A: Taking a snapshot at:(t:1, i:0) file /github/workspace/mnt/ozone/hadoop-ozone/integration-test/target/test-dir/MiniOzoneClusterImpl-12ebc720-05ee-4469-9130-5183c7181a17/datanode-0/data/ratis/e8f31fe7-2c7e-490a-ba00-7f65b5b9142a/sm/snapshot.1_0
2021-03-15 13:35:48,281 [2d24b89a-5033-4a49-b30e-962358659472@group-7F65B5B9142A-StateMachineUpdater] INFO  ratis.ContainerStateMachine (ContainerStateMachine.java:takeSnapshot(302)) - group-7F65B5B9142A: Finished taking a snapshot at:(t:1, i:0) file:/github/workspace/mnt/ozone/hadoop-ozone/integration-test/target/test-dir/MiniOzoneClusterImpl-12ebc720-05ee-4469-9130-5183c7181a17/datanode-0/data/ratis/e8f31fe7-2c7e-490a-ba00-7f65b5b9142a/sm/snapshot.1_0 took: 1 ms
2021-03-15 13:35:48,281 [2d24b89a-5033-4a49-b30e-962358659472@group-7F65B5B9142A-StateMachineUpdater] INFO  impl.StateMachineUpdater (StateMachineUpdater.java:takeSnapshot(279)) - 2d24b89a-5033-4a49-b30e-962358659472@group-7F65B5B9142A-StateMachineUpdater: Took a snapshot at index 0
2021-03-15 13:35:48,282 [2d24b89a-5033-4a49-b30e-962358659472@group-7F65B5B9142A-StateMachineUpdater] INFO  impl.StateMachineUpdater (StateMachineUpdater.java:lambda$new$0(88)) - 2d24b89a-5033-4a49-b30e-962358659472@group-7F65B5B9142A-StateMachineUpdater: snapshotIndex: updateIncreasingly -1 -> 0
2021-03-15 13:35:48,300 [Listener at 127.0.0.1/36325] INFO  ozone.MiniOzoneClusterImpl (MiniOzoneClusterImpl.java:lambda$waitForClusterToBeReady$0(187)) - Nodes are ready. Got 10 of 10 DN Heartbeats.
2021-03-15 13:35:48,300 [Listener at 127.0.0.1/36325] INFO  ozone.MiniOzoneClusterImpl (MiniOzoneClusterImpl.java:lambda$waitForClusterToBeReady$0(190)) - Cluster exits safe mode
2021-03-15 13:35:48,928 [Listener at 127.0.0.1/36325] INFO  rpc.RpcClient (RpcClient.java:createVolume(279)) - Creating Volume: testcontainerstatemachinefailures, with jenkins1001 as owner and space quota set to -1 bytes, counts quota set to -1
2021-03-15 13:35:49,055 [OM StateMachine ApplyTransaction Thread - 0] INFO  volume.OMVolumeCreateRequest (OMVolumeCreateRequest.java:validateAndUpdateCache(196)) - created volume:testcontainerstatemachinefailures for user:jenkins1001
2021-03-15 13:35:49,082 [Listener at 127.0.0.1/36325] INFO  rpc.RpcClient (RpcClient.java:createBucket(441)) - Creating Bucket: testcontainerstatemachinefailures/testcontainerstatemachinefailures, with Versioning false and Storage Type set to DISK and Encryption set to false 
2021-03-15 13:35:49,241 [Thread-323] INFO  impl.FollowerState (FollowerState.java:run(133)) - 275eefd6-a602-4773-a0ea-a3b6f7cdc32e@group-156EE707F88F-FollowerState: change to CANDIDATE, lastRpcElapsedTime:5054755235ns, electionTimeout:5036ms
2021-03-15 13:35:49,241 [Thread-323] INFO  impl.RoleInfo (RoleInfo.java:shutdownFollowerState(108)) - 275eefd6-a602-4773-a0ea-a3b6f7cdc32e: shutdown 275eefd6-a602-4773-a0ea-a3b6f7cdc32e@group-156EE707F88F-FollowerState
2021-03-15 13:35:49,242 [Thread-323] INFO  server.RaftServer$Division (RaftServerImpl.java:setRole(284)) - 275eefd6-a602-4773-a0ea-a3b6f7cdc32e@group-156EE707F88F: changes role from  FOLLOWER to CANDIDATE at term 0 for changeToCandidate
2021-03-15 13:35:49,243 [Thread-323] INFO  server.RaftServerConfigKeys (ConfUtils.java:logGet(44)) - raft.server.leaderelection.pre-vote = false (custom)
2021-03-15 13:35:49,243 [Thread-323] INFO  impl.RoleInfo (RoleInfo.java:updateAndGet(130)) - 275eefd6-a602-4773-a0ea-a3b6f7cdc32e: start 275eefd6-a602-4773-a0ea-a3b6f7cdc32e@group-156EE707F88F-LeaderElection10
2021-03-15 13:35:49,244 [Thread-328] INFO  impl.FollowerState (FollowerState.java:run(133)) - 8d28b06d-ee05-40ab-87ae-857598c7fa3f@group-710A16325287-FollowerState: change to CANDIDATE, lastRpcElapsedTime:5027571548ns, electionTimeout:5026ms
2021-03-15 13:35:49,245 [Thread-328] INFO  impl.RoleInfo (RoleInfo.java:shutdownFollowerState(108)) - 8d28b06d-ee05-40ab-87ae-857598c7fa3f: shutdown 8d28b06d-ee05-40ab-87ae-857598c7fa3f@group-710A16325287-FollowerState
2021-03-15 13:35:49,245 [Thread-328] INFO  server.RaftServer$Division (RaftServerImpl.java:setRole(284)) - 8d28b06d-ee05-40ab-87ae-857598c7fa3f@group-710A16325287: changes role from  FOLLOWER to CANDIDATE at term 0 for changeToCandidate
2021-03-15 13:35:49,249 [Thread-328] INFO  server.RaftServerConfigKeys (ConfUtils.java:logGet(44)) - raft.server.leaderelection.pre-vote = false (custom)
2021-03-15 13:35:49,249 [Thread-328] INFO  impl.RoleInfo (RoleInfo.java:updateAndGet(130)) - 8d28b06d-ee05-40ab-87ae-857598c7fa3f: start 8d28b06d-ee05-40ab-87ae-857598c7fa3f@group-710A16325287-LeaderElection11
2021-03-15 13:35:49,264 [275eefd6-a602-4773-a0ea-a3b6f7cdc32e@group-156EE707F88F-LeaderElection10] INFO  impl.LeaderElection (LeaderElection.java:askForVotes(307)) - 275eefd6-a602-4773-a0ea-a3b6f7cdc32e@group-156EE707F88F-LeaderElection10 ELECTION round 0: submit vote requests at term 1 for -1: [275eefd6-a602-4773-a0ea-a3b6f7cdc32e|rpc:172.17.0.2:44945|priority:1], old=null
2021-03-15 13:35:49,264 [8d28b06d-ee05-40ab-87ae-857598c7fa3f@group-710A16325287-LeaderElection11] INFO  impl.LeaderElection (LeaderElection.java:askForVotes(307)) - 8d28b06d-ee05-40ab-87ae-857598c7fa3f@group-710A16325287-LeaderElection11 ELECTION round 0: submit vote requests at term 1 for -1: [8d28b06d-ee05-40ab-87ae-857598c7fa3f|rpc:172.17.0.2:38475|priority:1], old=null
2021-03-15 13:35:49,264 [275eefd6-a602-4773-a0ea-a3b6f7cdc32e@group-156EE707F88F-LeaderElection10] INFO  impl.LeaderElection (LeaderElection.java:askForVotes(309)) - 275eefd6-a602-4773-a0ea-a3b6f7cdc32e@group-156EE707F88F-LeaderElection10 ELECTION round 0: result PASSED (term=1)
2021-03-15 13:35:49,264 [8d28b06d-ee05-40ab-87ae-857598c7fa3f@group-710A16325287-LeaderElection11] INFO  impl.LeaderElection (LeaderElection.java:askForVotes(309)) - 8d28b06d-ee05-40ab-87ae-857598c7fa3f@group-710A16325287-LeaderElection11 ELECTION round 0: result PASSED (term=1)
2021-03-15 13:35:49,264 [8d28b06d-ee05-40ab-87ae-857598c7fa3f@group-710A16325287-LeaderElection11] INFO  impl.RoleInfo (RoleInfo.java:shutdownLeaderElection(121)) - 8d28b06d-ee05-40ab-87ae-857598c7fa3f: shutdown 8d28b06d-ee05-40ab-87ae-857598c7fa3f@group-710A16325287-LeaderElection11
2021-03-15 13:35:49,265 [8d28b06d-ee05-40ab-87ae-857598c7fa3f@group-710A16325287-LeaderElection11] INFO  server.RaftServer$Division (RaftServerImpl.java:setRole(284)) - 8d28b06d-ee05-40ab-87ae-857598c7fa3f@group-710A16325287: changes role from CANDIDATE to LEADER at term 1 for changeToLeader
2021-03-15 13:35:49,265 [8d28b06d-ee05-40ab-87ae-857598c7fa3f@group-710A16325287-LeaderElection11] INFO  ratis.XceiverServerRatis (XceiverServerRatis.java:handleLeaderChangedNotification(899)) - Leader change notification received for group: group-710A16325287 with new leaderId: 8d28b06d-ee05-40ab-87ae-857598c7fa3f
2021-03-15 13:35:49,264 [275eefd6-a602-4773-a0ea-a3b6f7cdc32e@group-156EE707F88F-LeaderElection10] INFO  impl.RoleInfo (RoleInfo.java:shutdownLeaderElection(121)) - 275eefd6-a602-4773-a0ea-a3b6f7cdc32e: shutdown 275eefd6-a602-4773-a0ea-a3b6f7cdc32e@group-156EE707F88F-LeaderElection10
2021-03-15 13:35:49,265 [8d28b06d-ee05-40ab-87ae-857598c7fa3f@group-710A16325287-LeaderElection11] INFO  server.RaftServer$Division (ServerState.java:setLeader(271)) - 8d28b06d-ee05-40ab-87ae-857598c7fa3f@group-710A16325287: change Leader from null to 8d28b06d-ee05-40ab-87ae-857598c7fa3f at term 1 for becomeLeader, leader elected after 5153ms
2021-03-15 13:35:49,265 [275eefd6-a602-4773-a0ea-a3b6f7cdc32e@group-156EE707F88F-LeaderElection10] INFO  server.RaftServer$Division (RaftServerImpl.java:setRole(284)) - 275eefd6-a602-4773-a0ea-a3b6f7cdc32e@group-156EE707F88F: changes role from CANDIDATE to LEADER at term 1 for changeToLeader
2021-03-15 13:35:49,265 [8d28b06d-ee05-40ab-87ae-857598c7fa3f@group-710A16325287-LeaderElection11] INFO  server.RaftServerConfigKeys (ConfUtils.java:logGet(44)) - raft.server.staging.catchup.gap = 1000 (default)
2021-03-15 13:35:49,265 [275eefd6-a602-4773-a0ea-a3b6f7cdc32e@group-156EE707F88F-LeaderElection10] INFO  ratis.XceiverServerRatis (XceiverServerRatis.java:handleLeaderChangedNotification(899)) - Leader change notification received for group: group-156EE707F88F with new leaderId: 275eefd6-a602-4773-a0ea-a3b6f7cdc32e
2021-03-15 13:35:49,265 [8d28b06d-ee05-40ab-87ae-857598c7fa3f@group-710A16325287-LeaderElection11] INFO  metrics.RatisMetrics (RatisMetrics.java:lambda$create$0(36)) - Creating Metrics Registry : ratis.log_appender.8d28b06d-ee05-40ab-87ae-857598c7fa3f@group-710A16325287
2021-03-15 13:35:49,265 [275eefd6-a602-4773-a0ea-a3b6f7cdc32e@group-156EE707F88F-LeaderElection10] INFO  server.RaftServer$Division (ServerState.java:setLeader(271)) - 275eefd6-a602-4773-a0ea-a3b6f7cdc32e@group-156EE707F88F: change Leader from null to 275eefd6-a602-4773-a0ea-a3b6f7cdc32e at term 1 for becomeLeader, leader elected after 5142ms
2021-03-15 13:35:49,265 [275eefd6-a602-4773-a0ea-a3b6f7cdc32e@group-156EE707F88F-LeaderElection10] INFO  server.RaftServerConfigKeys (ConfUtils.java:logGet(44)) - raft.server.staging.catchup.gap = 1000 (default)
2021-03-15 13:35:49,265 [275eefd6-a602-4773-a0ea-a3b6f7cdc32e@group-156EE707F88F-LeaderElection10] INFO  metrics.RatisMetrics (RatisMetrics.java:lambda$create$0(36)) - Creating Metrics Registry : ratis.log_appender.275eefd6-a602-4773-a0ea-a3b6f7cdc32e@group-156EE707F88F
2021-03-15 13:35:49,266 [8d28b06d-ee05-40ab-87ae-857598c7fa3f@group-710A16325287-LeaderElection11] INFO  server.RaftServerConfigKeys (ConfUtils.java:logGet(44)) - raft.server.write.element-limit = 1024 (custom)
2021-03-15 13:35:49,266 [8d28b06d-ee05-40ab-87ae-857598c7fa3f@group-710A16325287-LeaderElection11] INFO  server.RaftServerConfigKeys (ConfUtils.java:logGet(44)) - raft.server.write.byte-limit = 1073741824 (custom)
2021-03-15 13:35:49,266 [275eefd6-a602-4773-a0ea-a3b6f7cdc32e@group-156EE707F88F-LeaderElection10] INFO  server.RaftServerConfigKeys (ConfUtils.java:logGet(44)) - raft.server.write.element-limit = 1024 (custom)
2021-03-15 13:35:49,267 [275eefd6-a602-4773-a0ea-a3b6f7cdc32e@group-156EE707F88F-LeaderElection10] INFO  server.RaftServerConfigKeys (ConfUtils.java:logGet(44)) - raft.server.write.byte-limit = 1073741824 (custom)
2021-03-15 13:35:49,267 [275eefd6-a602-4773-a0ea-a3b6f7cdc32e@group-156EE707F88F-LeaderElection10] INFO  server.RaftServerConfigKeys (ConfUtils.java:logGet(44)) - raft.server.watch.timeout = 10000ms (default)
2021-03-15 13:35:49,267 [275eefd6-a602-4773-a0ea-a3b6f7cdc32e@group-156EE707F88F-LeaderElection10] INFO  server.RaftServerConfigKeys (ConfUtils.java:logGet(44)) - raft.server.watch.timeout.denomination = 1s (default)
2021-03-15 13:35:49,267 [275eefd6-a602-4773-a0ea-a3b6f7cdc32e@group-156EE707F88F-LeaderElection10] INFO  server.RaftServerConfigKeys (ConfUtils.java:logGet(44)) - raft.server.watch.element-limit = 65536 (default)
2021-03-15 13:35:49,267 [275eefd6-a602-4773-a0ea-a3b6f7cdc32e@group-156EE707F88F-LeaderElection10] INFO  impl.RoleInfo (RoleInfo.java:updateAndGet(130)) - 275eefd6-a602-4773-a0ea-a3b6f7cdc32e: start 275eefd6-a602-4773-a0ea-a3b6f7cdc32e@group-156EE707F88F-LeaderStateImpl
2021-03-15 13:35:49,268 [275eefd6-a602-4773-a0ea-a3b6f7cdc32e@group-156EE707F88F-LeaderElection10] INFO  segmented.SegmentedRaftLogWorker (SegmentedRaftLogWorker.java:startLogSegment(392)) - 275eefd6-a602-4773-a0ea-a3b6f7cdc32e@group-156EE707F88F-SegmentedRaftLogWorker: Starting segment from index:0
2021-03-15 13:35:49,270 [8d28b06d-ee05-40ab-87ae-857598c7fa3f@group-710A16325287-LeaderElection11] INFO  server.RaftServerConfigKeys (ConfUtils.java:logGet(44)) - raft.server.watch.timeout = 10000ms (default)
2021-03-15 13:35:49,271 [8d28b06d-ee05-40ab-87ae-857598c7fa3f@group-710A16325287-LeaderElection11] INFO  server.RaftServerConfigKeys (ConfUtils.java:logGet(44)) - raft.server.watch.timeout.denomination = 1s (default)
2021-03-15 13:35:49,271 [275eefd6-a602-4773-a0ea-a3b6f7cdc32e@group-156EE707F88F-SegmentedRaftLogWorker] INFO  segmented.SegmentedRaftLogWorker (SegmentedRaftLogWorker.java:execute(599)) - 275eefd6-a602-4773-a0ea-a3b6f7cdc32e@group-156EE707F88F-SegmentedRaftLogWorker: created new log segment /github/workspace/mnt/ozone/hadoop-ozone/integration-test/target/test-dir/MiniOzoneClusterImpl-12ebc720-05ee-4469-9130-5183c7181a17/datanode-5/data/ratis/c4d052ff-d404-4ff1-8872-156ee707f88f/current/log_inprogress_0
2021-03-15 13:35:49,271 [8d28b06d-ee05-40ab-87ae-857598c7fa3f@group-710A16325287-LeaderElection11] INFO  server.RaftServerConfigKeys (ConfUtils.java:logGet(44)) - raft.server.watch.element-limit = 65536 (default)
2021-03-15 13:35:49,271 [8d28b06d-ee05-40ab-87ae-857598c7fa3f@group-710A16325287-LeaderElection11] INFO  impl.RoleInfo (RoleInfo.java:updateAndGet(130)) - 8d28b06d-ee05-40ab-87ae-857598c7fa3f: start 8d28b06d-ee05-40ab-87ae-857598c7fa3f@group-710A16325287-LeaderStateImpl
2021-03-15 13:35:49,273 [Thread-332] INFO  impl.FollowerState (FollowerState.java:run(133)) - 91c1ad6d-8d99-4a41-8a32-9427c133f69b@group-984857F48B05-FollowerState: change to CANDIDATE, lastRpcElapsedTime:5039266115ns, electionTimeout:5034ms
2021-03-15 13:35:49,278 [275eefd6-a602-4773-a0ea-a3b6f7cdc32e@group-156EE707F88F-LeaderElection10] INFO  server.RaftServer$Division (ServerState.java:setRaftConf(373)) - 275eefd6-a602-4773-a0ea-a3b6f7cdc32e@group-156EE707F88F: set configuration 0: [275eefd6-a602-4773-a0ea-a3b6f7cdc32e|rpc:172.17.0.2:44945|dataStream:|priority:1], old=null
2021-03-15 13:35:49,278 [8d28b06d-ee05-40ab-87ae-857598c7fa3f@group-710A16325287-LeaderElection11] INFO  segmented.SegmentedRaftLogWorker (SegmentedRaftLogWorker.java:startLogSegment(392)) - 8d28b06d-ee05-40ab-87ae-857598c7fa3f@group-710A16325287-SegmentedRaftLogWorker: Starting segment from index:0
2021-03-15 13:35:49,290 [8d28b06d-ee05-40ab-87ae-857598c7fa3f@group-710A16325287-LeaderElection11] INFO  server.RaftServer$Division (ServerState.java:setRaftConf(373)) - 8d28b06d-ee05-40ab-87ae-857598c7fa3f@group-710A16325287: set configuration 0: [8d28b06d-ee05-40ab-87ae-857598c7fa3f|rpc:172.17.0.2:38475|dataStream:|priority:1], old=null
2021-03-15 13:35:49,291 [Thread-332] INFO  impl.RoleInfo (RoleInfo.java:shutdownFollowerState(108)) - 91c1ad6d-8d99-4a41-8a32-9427c133f69b: shutdown 91c1ad6d-8d99-4a41-8a32-9427c133f69b@group-984857F48B05-FollowerState
2021-03-15 13:35:49,291 [Thread-332] INFO  server.RaftServer$Division (RaftServerImpl.java:setRole(284)) - 91c1ad6d-8d99-4a41-8a32-9427c133f69b@group-984857F48B05: changes role from  FOLLOWER to CANDIDATE at term 0 for changeToCandidate
2021-03-15 13:35:49,292 [Thread-332] INFO  server.RaftServerConfigKeys (ConfUtils.java:logGet(44)) - raft.server.leaderelection.pre-vote = false (custom)
2021-03-15 13:35:49,292 [Thread-332] INFO  impl.RoleInfo (RoleInfo.java:updateAndGet(130)) - 91c1ad6d-8d99-4a41-8a32-9427c133f69b: start 91c1ad6d-8d99-4a41-8a32-9427c133f69b@group-984857F48B05-LeaderElection12
2021-03-15 13:35:49,293 [8d28b06d-ee05-40ab-87ae-857598c7fa3f@group-710A16325287-SegmentedRaftLogWorker] INFO  segmented.SegmentedRaftLogWorker (SegmentedRaftLogWorker.java:execute(599)) - 8d28b06d-ee05-40ab-87ae-857598c7fa3f@group-710A16325287-SegmentedRaftLogWorker: created new log segment /github/workspace/mnt/ozone/hadoop-ozone/integration-test/target/test-dir/MiniOzoneClusterImpl-12ebc720-05ee-4469-9130-5183c7181a17/datanode-8/data/ratis/d0341783-c42b-4795-80e3-710a16325287/current/log_inprogress_0
2021-03-15 13:35:49,310 [Listener at 127.0.0.1/36325] INFO  impl.MetricsSystemImpl (MetricsSystemImpl.java:init(158)) - XceiverClientMetrics metrics system started (again)
2021-03-15 13:35:49,313 [275eefd6-a602-4773-a0ea-a3b6f7cdc32e@group-156EE707F88F-StateMachineUpdater] INFO  ratis.ContainerStateMachine (ContainerStateMachine.java:takeSnapshot(291)) - group-156EE707F88F: Taking a snapshot at:(t:1, i:0) file /github/workspace/mnt/ozone/hadoop-ozone/integration-test/target/test-dir/MiniOzoneClusterImpl-12ebc720-05ee-4469-9130-5183c7181a17/datanode-5/data/ratis/c4d052ff-d404-4ff1-8872-156ee707f88f/sm/snapshot.1_0
2021-03-15 13:35:49,313 [8d28b06d-ee05-40ab-87ae-857598c7fa3f@group-710A16325287-StateMachineUpdater] INFO  ratis.ContainerStateMachine (ContainerStateMachine.java:takeSnapshot(291)) - group-710A16325287: Taking a snapshot at:(t:1, i:0) file /github/workspace/mnt/ozone/hadoop-ozone/integration-test/target/test-dir/MiniOzoneClusterImpl-12ebc720-05ee-4469-9130-5183c7181a17/datanode-8/data/ratis/d0341783-c42b-4795-80e3-710a16325287/sm/snapshot.1_0
2021-03-15 13:35:49,314 [275eefd6-a602-4773-a0ea-a3b6f7cdc32e@group-156EE707F88F-StateMachineUpdater] INFO  ratis.ContainerStateMachine (ContainerStateMachine.java:takeSnapshot(302)) - group-156EE707F88F: Finished taking a snapshot at:(t:1, i:0) file:/github/workspace/mnt/ozone/hadoop-ozone/integration-test/target/test-dir/MiniOzoneClusterImpl-12ebc720-05ee-4469-9130-5183c7181a17/datanode-5/data/ratis/c4d052ff-d404-4ff1-8872-156ee707f88f/sm/snapshot.1_0 took: 1 ms
2021-03-15 13:35:49,314 [275eefd6-a602-4773-a0ea-a3b6f7cdc32e@group-156EE707F88F-StateMachineUpdater] INFO  impl.StateMachineUpdater (StateMachineUpdater.java:takeSnapshot(279)) - 275eefd6-a602-4773-a0ea-a3b6f7cdc32e@group-156EE707F88F-StateMachineUpdater: Took a snapshot at index 0
2021-03-15 13:35:49,314 [275eefd6-a602-4773-a0ea-a3b6f7cdc32e@group-156EE707F88F-StateMachineUpdater] INFO  impl.StateMachineUpdater (StateMachineUpdater.java:lambda$new$0(88)) - 275eefd6-a602-4773-a0ea-a3b6f7cdc32e@group-156EE707F88F-StateMachineUpdater: snapshotIndex: updateIncreasingly -1 -> 0
2021-03-15 13:35:49,314 [8d28b06d-ee05-40ab-87ae-857598c7fa3f@group-710A16325287-StateMachineUpdater] INFO  ratis.ContainerStateMachine (ContainerStateMachine.java:takeSnapshot(302)) - group-710A16325287: Finished taking a snapshot at:(t:1, i:0) file:/github/workspace/mnt/ozone/hadoop-ozone/integration-test/target/test-dir/MiniOzoneClusterImpl-12ebc720-05ee-4469-9130-5183c7181a17/datanode-8/data/ratis/d0341783-c42b-4795-80e3-710a16325287/sm/snapshot.1_0 took: 1 ms
2021-03-15 13:35:49,314 [8d28b06d-ee05-40ab-87ae-857598c7fa3f@group-710A16325287-StateMachineUpdater] INFO  impl.StateMachineUpdater (StateMachineUpdater.java:takeSnapshot(279)) - 8d28b06d-ee05-40ab-87ae-857598c7fa3f@group-710A16325287-StateMachineUpdater: Took a snapshot at index 0
2021-03-15 13:35:49,315 [8d28b06d-ee05-40ab-87ae-857598c7fa3f@group-710A16325287-StateMachineUpdater] INFO  impl.StateMachineUpdater (StateMachineUpdater.java:lambda$new$0(88)) - 8d28b06d-ee05-40ab-87ae-857598c7fa3f@group-710A16325287-StateMachineUpdater: snapshotIndex: updateIncreasingly -1 -> 0
2021-03-15 13:35:49,317 [91c1ad6d-8d99-4a41-8a32-9427c133f69b@group-984857F48B05-LeaderElection12] INFO  impl.LeaderElection (LeaderElection.java:askForVotes(307)) - 91c1ad6d-8d99-4a41-8a32-9427c133f69b@group-984857F48B05-LeaderElection12 ELECTION round 0: submit vote requests at term 1 for -1: [91c1ad6d-8d99-4a41-8a32-9427c133f69b|rpc:172.17.0.2:42395|priority:0, cbb45d95-806f-4aa6-a8d4-3f48f4f3d8f4|rpc:172.17.0.2:36727|priority:1, 8d28b06d-ee05-40ab-87ae-857598c7fa3f|rpc:172.17.0.2:38475|priority:0], old=null
2021-03-15 13:35:49,333 [Thread-318] INFO  impl.FollowerState (FollowerState.java:run(133)) - cbb45d95-806f-4aa6-a8d4-3f48f4f3d8f4@group-A803D50BEB2F-FollowerState: change to CANDIDATE, lastRpcElapsedTime:5190268764ns, electionTimeout:5189ms
2021-03-15 13:35:49,334 [Thread-318] INFO  impl.RoleInfo (RoleInfo.java:shutdownFollowerState(108)) - cbb45d95-806f-4aa6-a8d4-3f48f4f3d8f4: shutdown cbb45d95-806f-4aa6-a8d4-3f48f4f3d8f4@group-A803D50BEB2F-FollowerState
2021-03-15 13:35:49,334 [Thread-318] INFO  server.RaftServer$Division (RaftServerImpl.java:setRole(284)) - cbb45d95-806f-4aa6-a8d4-3f48f4f3d8f4@group-A803D50BEB2F: changes role from  FOLLOWER to CANDIDATE at term 0 for changeToCandidate
2021-03-15 13:35:49,336 [Thread-318] INFO  server.RaftServerConfigKeys (ConfUtils.java:logGet(44)) - raft.server.leaderelection.pre-vote = false (custom)
2021-03-15 13:35:49,336 [Thread-318] INFO  impl.RoleInfo (RoleInfo.java:updateAndGet(130)) - cbb45d95-806f-4aa6-a8d4-3f48f4f3d8f4: start cbb45d95-806f-4aa6-a8d4-3f48f4f3d8f4@group-A803D50BEB2F-LeaderElection13
2021-03-15 13:35:49,343 [Thread-321] INFO  impl.FollowerState (FollowerState.java:run(133)) - 91c1ad6d-8d99-4a41-8a32-9427c133f69b@group-9DDF8F118B76-FollowerState: change to CANDIDATE, lastRpcElapsedTime:5179472510ns, electionTimeout:5178ms
2021-03-15 13:35:49,345 [Thread-321] INFO  impl.RoleInfo (RoleInfo.java:shutdownFollowerState(108)) - 91c1ad6d-8d99-4a41-8a32-9427c133f69b: shutdown 91c1ad6d-8d99-4a41-8a32-9427c133f69b@group-9DDF8F118B76-FollowerState
2021-03-15 13:35:49,345 [Thread-321] INFO  server.RaftServer$Division (RaftServerImpl.java:setRole(284)) - 91c1ad6d-8d99-4a41-8a32-9427c133f69b@group-9DDF8F118B76: changes role from  FOLLOWER to CANDIDATE at term 0 for changeToCandidate
2021-03-15 13:35:49,345 [Thread-321] INFO  server.RaftServerConfigKeys (ConfUtils.java:logGet(44)) - raft.server.leaderelection.pre-vote = false (custom)
2021-03-15 13:35:49,345 [Thread-321] INFO  impl.RoleInfo (RoleInfo.java:updateAndGet(130)) - 91c1ad6d-8d99-4a41-8a32-9427c133f69b: start 91c1ad6d-8d99-4a41-8a32-9427c133f69b@group-9DDF8F118B76-LeaderElection14
2021-03-15 13:35:49,344 [grpc-default-executor-1] INFO  server.RaftServer$Division (RaftServerImpl.java:requestVote(1025)) - 8d28b06d-ee05-40ab-87ae-857598c7fa3f@group-984857F48B05: receive requestVote(ELECTION, 91c1ad6d-8d99-4a41-8a32-9427c133f69b, group-984857F48B05, 1, (t:0, i:0))
2021-03-15 13:35:49,345 [grpc-default-executor-1] INFO  impl.VoteContext (VoteContext.java:log(48)) - 8d28b06d-ee05-40ab-87ae-857598c7fa3f@group-984857F48B05-FOLLOWER: accept ELECTION from 91c1ad6d-8d99-4a41-8a32-9427c133f69b: our priority 0 <= candidate's priority 0
2021-03-15 13:35:49,344 [Thread-330] INFO  impl.FollowerState (FollowerState.java:run(133)) - 2479fe59-7b65-4ff2-bce5-1a4041a1f829@group-257D9B27DB90-FollowerState: change to CANDIDATE, lastRpcElapsedTime:5105601758ns, electionTimeout:5095ms
2021-03-15 13:35:49,346 [Thread-330] INFO  impl.RoleInfo (RoleInfo.java:shutdownFollowerState(108)) - 2479fe59-7b65-4ff2-bce5-1a4041a1f829: shutdown 2479fe59-7b65-4ff2-bce5-1a4041a1f829@group-257D9B27DB90-FollowerState
2021-03-15 13:35:49,346 [Thread-330] INFO  server.RaftServer$Division (RaftServerImpl.java:setRole(284)) - 2479fe59-7b65-4ff2-bce5-1a4041a1f829@group-257D9B27DB90: changes role from  FOLLOWER to CANDIDATE at term 0 for changeToCandidate
2021-03-15 13:35:49,345 [grpc-default-executor-1] INFO  server.RaftServer$Division (RaftServerImpl.java:setRole(284)) - 8d28b06d-ee05-40ab-87ae-857598c7fa3f@group-984857F48B05: changes role from  FOLLOWER to FOLLOWER at term 1 for candidate:91c1ad6d-8d99-4a41-8a32-9427c133f69b
2021-03-15 13:35:49,346 [grpc-default-executor-1] INFO  impl.RoleInfo (RoleInfo.java:shutdownFollowerState(108)) - 8d28b06d-ee05-40ab-87ae-857598c7fa3f: shutdown 8d28b06d-ee05-40ab-87ae-857598c7fa3f@group-984857F48B05-FollowerState
2021-03-15 13:35:49,346 [grpc-default-executor-1] INFO  impl.RoleInfo (RoleInfo.java:updateAndGet(130)) - 8d28b06d-ee05-40ab-87ae-857598c7fa3f: start 8d28b06d-ee05-40ab-87ae-857598c7fa3f@group-984857F48B05-FollowerState
2021-03-15 13:35:49,346 [Thread-334] INFO  impl.FollowerState (FollowerState.java:run(142)) - 8d28b06d-ee05-40ab-87ae-857598c7fa3f@group-984857F48B05-FollowerState was interrupted: {}
java.lang.InterruptedException: sleep interrupted
	at java.lang.Thread.sleep(Native Method)
	at java.lang.Thread.sleep(Thread.java:340)
	at java.util.concurrent.TimeUnit.sleep(TimeUnit.java:386)
	at org.apache.ratis.util.TimeDuration.sleep(TimeDuration.java:324)
	at org.apache.ratis.util.TimeDuration.sleep(TimeDuration.java:309)
	at org.apache.ratis.server.impl.FollowerState.run(FollowerState.java:117)
2021-03-15 13:35:49,349 [grpc-default-executor-1] INFO  server.RaftServer$Division (RaftServerImpl.java:requestVote(1057)) - 8d28b06d-ee05-40ab-87ae-857598c7fa3f@group-984857F48B05 replies to ELECTION vote request: 91c1ad6d-8d99-4a41-8a32-9427c133f69b<-8d28b06d-ee05-40ab-87ae-857598c7fa3f#0:OK-t1. Peer's state: 8d28b06d-ee05-40ab-87ae-857598c7fa3f@group-984857F48B05:t1, leader=null, voted=91c1ad6d-8d99-4a41-8a32-9427c133f69b, raftlog=8d28b06d-ee05-40ab-87ae-857598c7fa3f@group-984857F48B05-SegmentedRaftLog:OPENED:c-1,f-1,i0, conf=-1: [91c1ad6d-8d99-4a41-8a32-9427c133f69b|rpc:172.17.0.2:42395|priority:0, cbb45d95-806f-4aa6-a8d4-3f48f4f3d8f4|rpc:172.17.0.2:36727|priority:1, 8d28b06d-ee05-40ab-87ae-857598c7fa3f|rpc:172.17.0.2:38475|priority:0], old=null
2021-03-15 13:35:49,350 [cbb45d95-806f-4aa6-a8d4-3f48f4f3d8f4@group-A803D50BEB2F-LeaderElection13] INFO  impl.LeaderElection (LeaderElection.java:askForVotes(307)) - cbb45d95-806f-4aa6-a8d4-3f48f4f3d8f4@group-A803D50BEB2F-LeaderElection13 ELECTION round 0: submit vote requests at term 1 for -1: [cbb45d95-806f-4aa6-a8d4-3f48f4f3d8f4|rpc:172.17.0.2:36727|priority:1], old=null
2021-03-15 13:35:49,350 [cbb45d95-806f-4aa6-a8d4-3f48f4f3d8f4@group-A803D50BEB2F-LeaderElection13] INFO  impl.LeaderElection (LeaderElection.java:askForVotes(309)) - cbb45d95-806f-4aa6-a8d4-3f48f4f3d8f4@group-A803D50BEB2F-LeaderElection13 ELECTION round 0: result PASSED (term=1)
2021-03-15 13:35:49,350 [cbb45d95-806f-4aa6-a8d4-3f48f4f3d8f4@group-A803D50BEB2F-LeaderElection13] INFO  impl.RoleInfo (RoleInfo.java:shutdownLeaderElection(121)) - cbb45d95-806f-4aa6-a8d4-3f48f4f3d8f4: shutdown cbb45d95-806f-4aa6-a8d4-3f48f4f3d8f4@group-A803D50BEB2F-LeaderElection13
2021-03-15 13:35:49,351 [cbb45d95-806f-4aa6-a8d4-3f48f4f3d8f4@group-A803D50BEB2F-LeaderElection13] INFO  server.RaftServer$Division (RaftServerImpl.java:setRole(284)) - cbb45d95-806f-4aa6-a8d4-3f48f4f3d8f4@group-A803D50BEB2F: changes role from CANDIDATE to LEADER at term 1 for changeToLeader
2021-03-15 13:35:49,351 [cbb45d95-806f-4aa6-a8d4-3f48f4f3d8f4@group-A803D50BEB2F-LeaderElection13] INFO  ratis.XceiverServerRatis (XceiverServerRatis.java:handleLeaderChangedNotification(899)) - Leader change notification received for group: group-A803D50BEB2F with new leaderId: cbb45d95-806f-4aa6-a8d4-3f48f4f3d8f4
2021-03-15 13:35:49,351 [cbb45d95-806f-4aa6-a8d4-3f48f4f3d8f4@group-A803D50BEB2F-LeaderElection13] INFO  server.RaftServer$Division (ServerState.java:setLeader(271)) - cbb45d95-806f-4aa6-a8d4-3f48f4f3d8f4@group-A803D50BEB2F: change Leader from null to cbb45d95-806f-4aa6-a8d4-3f48f4f3d8f4 at term 1 for becomeLeader, leader elected after 5226ms
2021-03-15 13:35:49,351 [cbb45d95-806f-4aa6-a8d4-3f48f4f3d8f4@group-A803D50BEB2F-LeaderElection13] INFO  server.RaftServerConfigKeys (ConfUtils.java:logGet(44)) - raft.server.staging.catchup.gap = 1000 (default)
2021-03-15 13:35:49,352 [cbb45d95-806f-4aa6-a8d4-3f48f4f3d8f4@group-A803D50BEB2F-LeaderElection13] INFO  metrics.RatisMetrics (RatisMetrics.java:lambda$create$0(36)) - Creating Metrics Registry : ratis.log_appender.cbb45d95-806f-4aa6-a8d4-3f48f4f3d8f4@group-A803D50BEB2F
2021-03-15 13:35:49,352 [cbb45d95-806f-4aa6-a8d4-3f48f4f3d8f4@group-A803D50BEB2F-LeaderElection13] INFO  server.RaftServerConfigKeys (ConfUtils.java:logGet(44)) - raft.server.write.element-limit = 1024 (custom)
2021-03-15 13:35:49,356 [cbb45d95-806f-4aa6-a8d4-3f48f4f3d8f4@group-A803D50BEB2F-LeaderElection13] INFO  server.RaftServerConfigKeys (ConfUtils.java:logGet(44)) - raft.server.write.byte-limit = 1073741824 (custom)
2021-03-15 13:35:49,356 [Thread-330] INFO  server.RaftServerConfigKeys (ConfUtils.java:logGet(44)) - raft.server.leaderelection.pre-vote = false (custom)
2021-03-15 13:35:49,369 [Thread-330] INFO  impl.RoleInfo (RoleInfo.java:updateAndGet(130)) - 2479fe59-7b65-4ff2-bce5-1a4041a1f829: start 2479fe59-7b65-4ff2-bce5-1a4041a1f829@group-257D9B27DB90-LeaderElection15
2021-03-15 13:35:49,361 [grpc-default-executor-1] INFO  server.RaftServer$Division (RaftServerImpl.java:requestVote(1025)) - cbb45d95-806f-4aa6-a8d4-3f48f4f3d8f4@group-984857F48B05: receive requestVote(ELECTION, 91c1ad6d-8d99-4a41-8a32-9427c133f69b, group-984857F48B05, 1, (t:0, i:0))
2021-03-15 13:35:49,369 [grpc-default-executor-1] INFO  impl.VoteContext (VoteContext.java:log(48)) - cbb45d95-806f-4aa6-a8d4-3f48f4f3d8f4@group-984857F48B05-FOLLOWER: reject ELECTION from 91c1ad6d-8d99-4a41-8a32-9427c133f69b: our priority 1 > candidate's priority 0
2021-03-15 13:35:49,369 [Thread-338] INFO  impl.FollowerState (FollowerState.java:run(133)) - 2479fe59-7b65-4ff2-bce5-1a4041a1f829@group-9C73DC2E5CBF-FollowerState: change to CANDIDATE, lastRpcElapsedTime:5070471659ns, electionTimeout:5066ms
2021-03-15 13:35:49,369 [Thread-338] INFO  impl.RoleInfo (RoleInfo.java:shutdownFollowerState(108)) - 2479fe59-7b65-4ff2-bce5-1a4041a1f829: shutdown 2479fe59-7b65-4ff2-bce5-1a4041a1f829@group-9C73DC2E5CBF-FollowerState
2021-03-15 13:35:49,369 [Thread-338] INFO  server.RaftServer$Division (RaftServerImpl.java:setRole(284)) - 2479fe59-7b65-4ff2-bce5-1a4041a1f829@group-9C73DC2E5CBF: changes role from  FOLLOWER to CANDIDATE at term 0 for changeToCandidate
2021-03-15 13:35:49,370 [Thread-338] INFO  server.RaftServerConfigKeys (ConfUtils.java:logGet(44)) - raft.server.leaderelection.pre-vote = false (custom)
2021-03-15 13:35:49,370 [Thread-338] INFO  impl.RoleInfo (RoleInfo.java:updateAndGet(130)) - 2479fe59-7b65-4ff2-bce5-1a4041a1f829: start 2479fe59-7b65-4ff2-bce5-1a4041a1f829@group-9C73DC2E5CBF-LeaderElection16
2021-03-15 13:35:49,361 [91c1ad6d-8d99-4a41-8a32-9427c133f69b@group-9DDF8F118B76-LeaderElection14] INFO  impl.LeaderElection (LeaderElection.java:askForVotes(307)) - 91c1ad6d-8d99-4a41-8a32-9427c133f69b@group-9DDF8F118B76-LeaderElection14 ELECTION round 0: submit vote requests at term 1 for -1: [91c1ad6d-8d99-4a41-8a32-9427c133f69b|rpc:172.17.0.2:42395|priority:1], old=null
2021-03-15 13:35:49,369 [grpc-default-executor-1] INFO  server.RaftServer$Division (RaftServerImpl.java:setRole(284)) - cbb45d95-806f-4aa6-a8d4-3f48f4f3d8f4@group-984857F48B05: changes role from  FOLLOWER to FOLLOWER at term 1 for candidate:91c1ad6d-8d99-4a41-8a32-9427c133f69b
2021-03-15 13:35:49,370 [grpc-default-executor-1] INFO  impl.RoleInfo (RoleInfo.java:shutdownFollowerState(108)) - cbb45d95-806f-4aa6-a8d4-3f48f4f3d8f4: shutdown cbb45d95-806f-4aa6-a8d4-3f48f4f3d8f4@group-984857F48B05-FollowerState
2021-03-15 13:35:49,370 [91c1ad6d-8d99-4a41-8a32-9427c133f69b@group-9DDF8F118B76-LeaderElection14] INFO  impl.LeaderElection (LeaderElection.java:askForVotes(309)) - 91c1ad6d-8d99-4a41-8a32-9427c133f69b@group-9DDF8F118B76-LeaderElection14 ELECTION round 0: result PASSED (term=1)
2021-03-15 13:35:49,370 [91c1ad6d-8d99-4a41-8a32-9427c133f69b@group-9DDF8F118B76-LeaderElection14] INFO  impl.RoleInfo (RoleInfo.java:shutdownLeaderElection(121)) - 91c1ad6d-8d99-4a41-8a32-9427c133f69b: shutdown 91c1ad6d-8d99-4a41-8a32-9427c133f69b@group-9DDF8F118B76-LeaderElection14
2021-03-15 13:35:49,370 [grpc-default-executor-1] INFO  impl.RoleInfo (RoleInfo.java:updateAndGet(130)) - cbb45d95-806f-4aa6-a8d4-3f48f4f3d8f4: start cbb45d95-806f-4aa6-a8d4-3f48f4f3d8f4@group-984857F48B05-FollowerState
2021-03-15 13:35:49,370 [91c1ad6d-8d99-4a41-8a32-9427c133f69b@group-9DDF8F118B76-LeaderElection14] INFO  server.RaftServer$Division (RaftServerImpl.java:setRole(284)) - 91c1ad6d-8d99-4a41-8a32-9427c133f69b@group-9DDF8F118B76: changes role from CANDIDATE to LEADER at term 1 for changeToLeader
2021-03-15 13:35:49,370 [91c1ad6d-8d99-4a41-8a32-9427c133f69b@group-9DDF8F118B76-LeaderElection14] INFO  ratis.XceiverServerRatis (XceiverServerRatis.java:handleLeaderChangedNotification(899)) - Leader change notification received for group: group-9DDF8F118B76 with new leaderId: 91c1ad6d-8d99-4a41-8a32-9427c133f69b
2021-03-15 13:35:49,370 [Thread-327] INFO  impl.FollowerState (FollowerState.java:run(142)) - cbb45d95-806f-4aa6-a8d4-3f48f4f3d8f4@group-984857F48B05-FollowerState was interrupted: {}
java.lang.InterruptedException: sleep interrupted
	at java.lang.Thread.sleep(Native Method)
	at java.lang.Thread.sleep(Thread.java:340)
	at java.util.concurrent.TimeUnit.sleep(TimeUnit.java:386)
	at org.apache.ratis.util.TimeDuration.sleep(TimeDuration.java:324)
	at org.apache.ratis.util.TimeDuration.sleep(TimeDuration.java:309)
	at org.apache.ratis.server.impl.FollowerState.run(FollowerState.java:117)
2021-03-15 13:35:49,371 [cbb45d95-806f-4aa6-a8d4-3f48f4f3d8f4@group-A803D50BEB2F-LeaderElection13] INFO  server.RaftServerConfigKeys (ConfUtils.java:logGet(44)) - raft.server.watch.timeout = 10000ms (default)
2021-03-15 13:35:49,371 [cbb45d95-806f-4aa6-a8d4-3f48f4f3d8f4@group-A803D50BEB2F-LeaderElection13] INFO  server.RaftServerConfigKeys (ConfUtils.java:logGet(44)) - raft.server.watch.timeout.denomination = 1s (default)
2021-03-15 13:35:49,371 [cbb45d95-806f-4aa6-a8d4-3f48f4f3d8f4@group-A803D50BEB2F-LeaderElection13] INFO  server.RaftServerConfigKeys (ConfUtils.java:logGet(44)) - raft.server.watch.element-limit = 65536 (default)
2021-03-15 13:35:49,371 [cbb45d95-806f-4aa6-a8d4-3f48f4f3d8f4@group-A803D50BEB2F-LeaderElection13] INFO  impl.RoleInfo (RoleInfo.java:updateAndGet(130)) - cbb45d95-806f-4aa6-a8d4-3f48f4f3d8f4: start cbb45d95-806f-4aa6-a8d4-3f48f4f3d8f4@group-A803D50BEB2F-LeaderStateImpl
2021-03-15 13:35:49,372 [cbb45d95-806f-4aa6-a8d4-3f48f4f3d8f4@group-A803D50BEB2F-LeaderElection13] INFO  segmented.SegmentedRaftLogWorker (SegmentedRaftLogWorker.java:startLogSegment(392)) - cbb45d95-806f-4aa6-a8d4-3f48f4f3d8f4@group-A803D50BEB2F-SegmentedRaftLogWorker: Starting segment from index:0
2021-03-15 13:35:49,375 [grpc-default-executor-1] INFO  server.RaftServer$Division (RaftServerImpl.java:requestVote(1057)) - cbb45d95-806f-4aa6-a8d4-3f48f4f3d8f4@group-984857F48B05 replies to ELECTION vote request: 91c1ad6d-8d99-4a41-8a32-9427c133f69b<-cbb45d95-806f-4aa6-a8d4-3f48f4f3d8f4#0:FAIL-t1. Peer's state: cbb45d95-806f-4aa6-a8d4-3f48f4f3d8f4@group-984857F48B05:t1, leader=null, voted=null, raftlog=cbb45d95-806f-4aa6-a8d4-3f48f4f3d8f4@group-984857F48B05-SegmentedRaftLog:OPENED:c-1,f-1,i0, conf=-1: [91c1ad6d-8d99-4a41-8a32-9427c133f69b|rpc:172.17.0.2:42395|priority:0, cbb45d95-806f-4aa6-a8d4-3f48f4f3d8f4|rpc:172.17.0.2:36727|priority:1, 8d28b06d-ee05-40ab-87ae-857598c7fa3f|rpc:172.17.0.2:38475|priority:0], old=null
2021-03-15 13:35:49,382 [91c1ad6d-8d99-4a41-8a32-9427c133f69b@group-9DDF8F118B76-LeaderElection14] INFO  server.RaftServer$Division (ServerState.java:setLeader(271)) - 91c1ad6d-8d99-4a41-8a32-9427c133f69b@group-9DDF8F118B76: change Leader from null to 91c1ad6d-8d99-4a41-8a32-9427c133f69b at term 1 for becomeLeader, leader elected after 5256ms
2021-03-15 13:35:49,382 [91c1ad6d-8d99-4a41-8a32-9427c133f69b@group-9DDF8F118B76-LeaderElection14] INFO  server.RaftServerConfigKeys (ConfUtils.java:logGet(44)) - raft.server.staging.catchup.gap = 1000 (default)
2021-03-15 13:35:49,382 [91c1ad6d-8d99-4a41-8a32-9427c133f69b@group-9DDF8F118B76-LeaderElection14] INFO  metrics.RatisMetrics (RatisMetrics.java:lambda$create$0(36)) - Creating Metrics Registry : ratis.log_appender.91c1ad6d-8d99-4a41-8a32-9427c133f69b@group-9DDF8F118B76
2021-03-15 13:35:49,382 [91c1ad6d-8d99-4a41-8a32-9427c133f69b@group-9DDF8F118B76-LeaderElection14] INFO  server.RaftServerConfigKeys (ConfUtils.java:logGet(44)) - raft.server.write.element-limit = 1024 (custom)
2021-03-15 13:35:49,382 [91c1ad6d-8d99-4a41-8a32-9427c133f69b@group-9DDF8F118B76-LeaderElection14] INFO  server.RaftServerConfigKeys (ConfUtils.java:logGet(44)) - raft.server.write.byte-limit = 1073741824 (custom)
2021-03-15 13:35:49,382 [91c1ad6d-8d99-4a41-8a32-9427c133f69b@group-9DDF8F118B76-LeaderElection14] INFO  server.RaftServerConfigKeys (ConfUtils.java:logGet(44)) - raft.server.watch.timeout = 10000ms (default)
2021-03-15 13:35:49,382 [91c1ad6d-8d99-4a41-8a32-9427c133f69b@group-9DDF8F118B76-LeaderElection14] INFO  server.RaftServerConfigKeys (ConfUtils.java:logGet(44)) - raft.server.watch.timeout.denomination = 1s (default)
2021-03-15 13:35:49,382 [91c1ad6d-8d99-4a41-8a32-9427c133f69b@group-9DDF8F118B76-LeaderElection14] INFO  server.RaftServerConfigKeys (ConfUtils.java:logGet(44)) - raft.server.watch.element-limit = 65536 (default)
2021-03-15 13:35:49,383 [91c1ad6d-8d99-4a41-8a32-9427c133f69b@group-9DDF8F118B76-LeaderElection14] INFO  impl.RoleInfo (RoleInfo.java:updateAndGet(130)) - 91c1ad6d-8d99-4a41-8a32-9427c133f69b: start 91c1ad6d-8d99-4a41-8a32-9427c133f69b@group-9DDF8F118B76-LeaderStateImpl
2021-03-15 13:35:49,383 [91c1ad6d-8d99-4a41-8a32-9427c133f69b@group-9DDF8F118B76-LeaderElection14] INFO  segmented.SegmentedRaftLogWorker (SegmentedRaftLogWorker.java:startLogSegment(392)) - 91c1ad6d-8d99-4a41-8a32-9427c133f69b@group-9DDF8F118B76-SegmentedRaftLogWorker: Starting segment from index:0
2021-03-15 13:35:49,383 [91c1ad6d-8d99-4a41-8a32-9427c133f69b@group-984857F48B05-LeaderElection12] INFO  impl.LeaderElection (LeaderElection.java:logAndReturn(89)) - 91c1ad6d-8d99-4a41-8a32-9427c133f69b@group-984857F48B05-LeaderElection12: ELECTION REJECTED received 2 response(s) and 0 exception(s):
2021-03-15 13:35:49,384 [91c1ad6d-8d99-4a41-8a32-9427c133f69b@group-984857F48B05-LeaderElection12] INFO  impl.LeaderElection (LeaderElection.java:logAndReturn(93)) -   Response 0: 91c1ad6d-8d99-4a41-8a32-9427c133f69b<-cbb45d95-806f-4aa6-a8d4-3f48f4f3d8f4#0:FAIL-t1
2021-03-15 13:35:49,384 [91c1ad6d-8d99-4a41-8a32-9427c133f69b@group-984857F48B05-LeaderElection12] INFO  impl.LeaderElection (LeaderElection.java:logAndReturn(93)) -   Response 1: 91c1ad6d-8d99-4a41-8a32-9427c133f69b<-8d28b06d-ee05-40ab-87ae-857598c7fa3f#0:OK-t1
2021-03-15 13:35:49,384 [91c1ad6d-8d99-4a41-8a32-9427c133f69b@group-984857F48B05-LeaderElection12] INFO  impl.LeaderElection (LeaderElection.java:askForVotes(309)) - 91c1ad6d-8d99-4a41-8a32-9427c133f69b@group-984857F48B05-LeaderElection12 ELECTION round 0: result REJECTED
2021-03-15 13:35:49,384 [91c1ad6d-8d99-4a41-8a32-9427c133f69b@group-984857F48B05-LeaderElection12] INFO  server.RaftServer$Division (RaftServerImpl.java:setRole(284)) - 91c1ad6d-8d99-4a41-8a32-9427c133f69b@group-984857F48B05: changes role from CANDIDATE to FOLLOWER at term 1 for REJECTED
2021-03-15 13:35:49,384 [91c1ad6d-8d99-4a41-8a32-9427c133f69b@group-984857F48B05-LeaderElection12] INFO  impl.RoleInfo (RoleInfo.java:shutdownLeaderElection(121)) - 91c1ad6d-8d99-4a41-8a32-9427c133f69b: shutdown 91c1ad6d-8d99-4a41-8a32-9427c133f69b@group-984857F48B05-LeaderElection12
2021-03-15 13:35:49,384 [91c1ad6d-8d99-4a41-8a32-9427c133f69b@group-984857F48B05-LeaderElection12] INFO  impl.RoleInfo (RoleInfo.java:updateAndGet(130)) - 91c1ad6d-8d99-4a41-8a32-9427c133f69b: start 91c1ad6d-8d99-4a41-8a32-9427c133f69b@group-984857F48B05-FollowerState
2021-03-15 13:35:49,393 [cbb45d95-806f-4aa6-a8d4-3f48f4f3d8f4@group-A803D50BEB2F-SegmentedRaftLogWorker] INFO  segmented.SegmentedRaftLogWorker (SegmentedRaftLogWorker.java:execute(599)) - cbb45d95-806f-4aa6-a8d4-3f48f4f3d8f4@group-A803D50BEB2F-SegmentedRaftLogWorker: created new log segment /github/workspace/mnt/ozone/hadoop-ozone/integration-test/target/test-dir/MiniOzoneClusterImpl-12ebc720-05ee-4469-9130-5183c7181a17/datanode-7/data/ratis/09d919f2-ad4d-4df9-9a40-a803d50beb2f/current/log_inprogress_0
2021-03-15 13:35:49,398 [cbb45d95-806f-4aa6-a8d4-3f48f4f3d8f4@group-A803D50BEB2F-LeaderElection13] INFO  server.RaftServer$Division (ServerState.java:setRaftConf(373)) - cbb45d95-806f-4aa6-a8d4-3f48f4f3d8f4@group-A803D50BEB2F: set configuration 0: [cbb45d95-806f-4aa6-a8d4-3f48f4f3d8f4|rpc:172.17.0.2:36727|dataStream:|priority:1], old=null
2021-03-15 13:35:49,404 [91c1ad6d-8d99-4a41-8a32-9427c133f69b@group-9DDF8F118B76-LeaderElection14] INFO  server.RaftServer$Division (ServerState.java:setRaftConf(373)) - 91c1ad6d-8d99-4a41-8a32-9427c133f69b@group-9DDF8F118B76: set configuration 0: [91c1ad6d-8d99-4a41-8a32-9427c133f69b|rpc:172.17.0.2:42395|dataStream:|priority:1], old=null
2021-03-15 13:35:49,411 [91c1ad6d-8d99-4a41-8a32-9427c133f69b@group-9DDF8F118B76-SegmentedRaftLogWorker] INFO  segmented.SegmentedRaftLogWorker (SegmentedRaftLogWorker.java:execute(599)) - 91c1ad6d-8d99-4a41-8a32-9427c133f69b@group-9DDF8F118B76-SegmentedRaftLogWorker: created new log segment /github/workspace/mnt/ozone/hadoop-ozone/integration-test/target/test-dir/MiniOzoneClusterImpl-12ebc720-05ee-4469-9130-5183c7181a17/datanode-6/data/ratis/e458a918-cf05-4f7a-b963-9ddf8f118b76/current/log_inprogress_0
2021-03-15 13:35:49,411 [2479fe59-7b65-4ff2-bce5-1a4041a1f829@group-9C73DC2E5CBF-LeaderElection16] INFO  impl.LeaderElection (LeaderElection.java:askForVotes(307)) - 2479fe59-7b65-4ff2-bce5-1a4041a1f829@group-9C73DC2E5CBF-LeaderElection16 ELECTION round 0: submit vote requests at term 1 for -1: [275eefd6-a602-4773-a0ea-a3b6f7cdc32e|rpc:172.17.0.2:44945|priority:0, 7ad4b354-5524-4bbe-8c06-278e17beb4ab|rpc:172.17.0.2:36095|priority:1, 2479fe59-7b65-4ff2-bce5-1a4041a1f829|rpc:172.17.0.2:46445|priority:0], old=null
2021-03-15 13:35:49,413 [cbb45d95-806f-4aa6-a8d4-3f48f4f3d8f4@group-A803D50BEB2F-StateMachineUpdater] INFO  ratis.ContainerStateMachine (ContainerStateMachine.java:takeSnapshot(291)) - group-A803D50BEB2F: Taking a snapshot at:(t:1, i:0) file /github/workspace/mnt/ozone/hadoop-ozone/integration-test/target/test-dir/MiniOzoneClusterImpl-12ebc720-05ee-4469-9130-5183c7181a17/datanode-7/data/ratis/09d919f2-ad4d-4df9-9a40-a803d50beb2f/sm/snapshot.1_0
2021-03-15 13:35:49,413 [cbb45d95-806f-4aa6-a8d4-3f48f4f3d8f4@group-A803D50BEB2F-StateMachineUpdater] INFO  ratis.ContainerStateMachine (ContainerStateMachine.java:takeSnapshot(302)) - group-A803D50BEB2F: Finished taking a snapshot at:(t:1, i:0) file:/github/workspace/mnt/ozone/hadoop-ozone/integration-test/target/test-dir/MiniOzoneClusterImpl-12ebc720-05ee-4469-9130-5183c7181a17/datanode-7/data/ratis/09d919f2-ad4d-4df9-9a40-a803d50beb2f/sm/snapshot.1_0 took: 1 ms
2021-03-15 13:35:49,414 [cbb45d95-806f-4aa6-a8d4-3f48f4f3d8f4@group-A803D50BEB2F-StateMachineUpdater] INFO  impl.StateMachineUpdater (StateMachineUpdater.java:takeSnapshot(279)) - cbb45d95-806f-4aa6-a8d4-3f48f4f3d8f4@group-A803D50BEB2F-StateMachineUpdater: Took a snapshot at index 0
2021-03-15 13:35:49,414 [cbb45d95-806f-4aa6-a8d4-3f48f4f3d8f4@group-A803D50BEB2F-StateMachineUpdater] INFO  impl.StateMachineUpdater (StateMachineUpdater.java:lambda$new$0(88)) - cbb45d95-806f-4aa6-a8d4-3f48f4f3d8f4@group-A803D50BEB2F-StateMachineUpdater: snapshotIndex: updateIncreasingly -1 -> 0
2021-03-15 13:35:49,415 [2479fe59-7b65-4ff2-bce5-1a4041a1f829@group-257D9B27DB90-LeaderElection15] INFO  impl.LeaderElection (LeaderElection.java:askForVotes(307)) - 2479fe59-7b65-4ff2-bce5-1a4041a1f829@group-257D9B27DB90-LeaderElection15 ELECTION round 0: submit vote requests at term 1 for -1: [2479fe59-7b65-4ff2-bce5-1a4041a1f829|rpc:172.17.0.2:46445|priority:1], old=null
2021-03-15 13:35:49,416 [2479fe59-7b65-4ff2-bce5-1a4041a1f829@group-257D9B27DB90-LeaderElection15] INFO  impl.LeaderElection (LeaderElection.java:askForVotes(309)) - 2479fe59-7b65-4ff2-bce5-1a4041a1f829@group-257D9B27DB90-LeaderElection15 ELECTION round 0: result PASSED (term=1)
2021-03-15 13:35:49,416 [2479fe59-7b65-4ff2-bce5-1a4041a1f829@group-257D9B27DB90-LeaderElection15] INFO  impl.RoleInfo (RoleInfo.java:shutdownLeaderElection(121)) - 2479fe59-7b65-4ff2-bce5-1a4041a1f829: shutdown 2479fe59-7b65-4ff2-bce5-1a4041a1f829@group-257D9B27DB90-LeaderElection15
2021-03-15 13:35:49,416 [2479fe59-7b65-4ff2-bce5-1a4041a1f829@group-257D9B27DB90-LeaderElection15] INFO  server.RaftServer$Division (RaftServerImpl.java:setRole(284)) - 2479fe59-7b65-4ff2-bce5-1a4041a1f829@group-257D9B27DB90: changes role from CANDIDATE to LEADER at term 1 for changeToLeader
2021-03-15 13:35:49,416 [2479fe59-7b65-4ff2-bce5-1a4041a1f829@group-257D9B27DB90-LeaderElection15] INFO  ratis.XceiverServerRatis (XceiverServerRatis.java:handleLeaderChangedNotification(899)) - Leader change notification received for group: group-257D9B27DB90 with new leaderId: 2479fe59-7b65-4ff2-bce5-1a4041a1f829
2021-03-15 13:35:49,416 [2479fe59-7b65-4ff2-bce5-1a4041a1f829@group-257D9B27DB90-LeaderElection15] INFO  server.RaftServer$Division (ServerState.java:setLeader(271)) - 2479fe59-7b65-4ff2-bce5-1a4041a1f829@group-257D9B27DB90: change Leader from null to 2479fe59-7b65-4ff2-bce5-1a4041a1f829 at term 1 for becomeLeader, leader elected after 5304ms
2021-03-15 13:35:49,416 [2479fe59-7b65-4ff2-bce5-1a4041a1f829@group-257D9B27DB90-LeaderElection15] INFO  server.RaftServerConfigKeys (ConfUtils.java:logGet(44)) - raft.server.staging.catchup.gap = 1000 (default)
2021-03-15 13:35:49,416 [2479fe59-7b65-4ff2-bce5-1a4041a1f829@group-257D9B27DB90-LeaderElection15] INFO  metrics.RatisMetrics (RatisMetrics.java:lambda$create$0(36)) - Creating Metrics Registry : ratis.log_appender.2479fe59-7b65-4ff2-bce5-1a4041a1f829@group-257D9B27DB90
2021-03-15 13:35:49,417 [2479fe59-7b65-4ff2-bce5-1a4041a1f829@group-257D9B27DB90-LeaderElection15] INFO  server.RaftServerConfigKeys (ConfUtils.java:logGet(44)) - raft.server.write.element-limit = 1024 (custom)
2021-03-15 13:35:49,417 [2479fe59-7b65-4ff2-bce5-1a4041a1f829@group-257D9B27DB90-LeaderElection15] INFO  server.RaftServerConfigKeys (ConfUtils.java:logGet(44)) - raft.server.write.byte-limit = 1073741824 (custom)
2021-03-15 13:35:49,417 [2479fe59-7b65-4ff2-bce5-1a4041a1f829@group-257D9B27DB90-LeaderElection15] INFO  server.RaftServerConfigKeys (ConfUtils.java:logGet(44)) - raft.server.watch.timeout = 10000ms (default)
2021-03-15 13:35:49,417 [2479fe59-7b65-4ff2-bce5-1a4041a1f829@group-257D9B27DB90-LeaderElection15] INFO  server.RaftServerConfigKeys (ConfUtils.java:logGet(44)) - raft.server.watch.timeout.denomination = 1s (default)
2021-03-15 13:35:49,417 [2479fe59-7b65-4ff2-bce5-1a4041a1f829@group-257D9B27DB90-LeaderElection15] INFO  server.RaftServerConfigKeys (ConfUtils.java:logGet(44)) - raft.server.watch.element-limit = 65536 (default)
2021-03-15 13:35:49,417 [2479fe59-7b65-4ff2-bce5-1a4041a1f829@group-257D9B27DB90-LeaderElection15] INFO  impl.RoleInfo (RoleInfo.java:updateAndGet(130)) - 2479fe59-7b65-4ff2-bce5-1a4041a1f829: start 2479fe59-7b65-4ff2-bce5-1a4041a1f829@group-257D9B27DB90-LeaderStateImpl
2021-03-15 13:35:49,418 [2479fe59-7b65-4ff2-bce5-1a4041a1f829@group-257D9B27DB90-LeaderElection15] INFO  segmented.SegmentedRaftLogWorker (SegmentedRaftLogWorker.java:startLogSegment(392)) - 2479fe59-7b65-4ff2-bce5-1a4041a1f829@group-257D9B27DB90-SegmentedRaftLogWorker: Starting segment from index:0
2021-03-15 13:35:49,420 [91c1ad6d-8d99-4a41-8a32-9427c133f69b@group-9DDF8F118B76-StateMachineUpdater] INFO  ratis.ContainerStateMachine (ContainerStateMachine.java:takeSnapshot(291)) - group-9DDF8F118B76: Taking a snapshot at:(t:1, i:0) file /github/workspace/mnt/ozone/hadoop-ozone/integration-test/target/test-dir/MiniOzoneClusterImpl-12ebc720-05ee-4469-9130-5183c7181a17/datanode-6/data/ratis/e458a918-cf05-4f7a-b963-9ddf8f118b76/sm/snapshot.1_0
2021-03-15 13:35:49,421 [2479fe59-7b65-4ff2-bce5-1a4041a1f829@group-257D9B27DB90-SegmentedRaftLogWorker] INFO  segmented.SegmentedRaftLogWorker (SegmentedRaftLogWorker.java:execute(599)) - 2479fe59-7b65-4ff2-bce5-1a4041a1f829@group-257D9B27DB90-SegmentedRaftLogWorker: created new log segment /github/workspace/mnt/ozone/hadoop-ozone/integration-test/target/test-dir/MiniOzoneClusterImpl-12ebc720-05ee-4469-9130-5183c7181a17/datanode-4/data/ratis/e413bafd-5876-4d83-9af0-257d9b27db90/current/log_inprogress_0
2021-03-15 13:35:49,422 [91c1ad6d-8d99-4a41-8a32-9427c133f69b@group-9DDF8F118B76-StateMachineUpdater] INFO  ratis.ContainerStateMachine (ContainerStateMachine.java:takeSnapshot(302)) - group-9DDF8F118B76: Finished taking a snapshot at:(t:1, i:0) file:/github/workspace/mnt/ozone/hadoop-ozone/integration-test/target/test-dir/MiniOzoneClusterImpl-12ebc720-05ee-4469-9130-5183c7181a17/datanode-6/data/ratis/e458a918-cf05-4f7a-b963-9ddf8f118b76/sm/snapshot.1_0 took: 2 ms
2021-03-15 13:35:49,422 [91c1ad6d-8d99-4a41-8a32-9427c133f69b@group-9DDF8F118B76-StateMachineUpdater] INFO  impl.StateMachineUpdater (StateMachineUpdater.java:takeSnapshot(279)) - 91c1ad6d-8d99-4a41-8a32-9427c133f69b@group-9DDF8F118B76-StateMachineUpdater: Took a snapshot at index 0
2021-03-15 13:35:49,422 [91c1ad6d-8d99-4a41-8a32-9427c133f69b@group-9DDF8F118B76-StateMachineUpdater] INFO  impl.StateMachineUpdater (StateMachineUpdater.java:lambda$new$0(88)) - 91c1ad6d-8d99-4a41-8a32-9427c133f69b@group-9DDF8F118B76-StateMachineUpdater: snapshotIndex: updateIncreasingly -1 -> 0
2021-03-15 13:35:49,424 [2479fe59-7b65-4ff2-bce5-1a4041a1f829@group-257D9B27DB90-LeaderElection15] INFO  server.RaftServer$Division (ServerState.java:setRaftConf(373)) - 2479fe59-7b65-4ff2-bce5-1a4041a1f829@group-257D9B27DB90: set configuration 0: [2479fe59-7b65-4ff2-bce5-1a4041a1f829|rpc:172.17.0.2:46445|dataStream:|priority:1], old=null
2021-03-15 13:35:49,437 [2479fe59-7b65-4ff2-bce5-1a4041a1f829@group-257D9B27DB90-StateMachineUpdater] INFO  ratis.ContainerStateMachine (ContainerStateMachine.java:takeSnapshot(291)) - group-257D9B27DB90: Taking a snapshot at:(t:1, i:0) file /github/workspace/mnt/ozone/hadoop-ozone/integration-test/target/test-dir/MiniOzoneClusterImpl-12ebc720-05ee-4469-9130-5183c7181a17/datanode-4/data/ratis/e413bafd-5876-4d83-9af0-257d9b27db90/sm/snapshot.1_0
2021-03-15 13:35:49,438 [2479fe59-7b65-4ff2-bce5-1a4041a1f829@group-257D9B27DB90-StateMachineUpdater] INFO  ratis.ContainerStateMachine (ContainerStateMachine.java:takeSnapshot(302)) - group-257D9B27DB90: Finished taking a snapshot at:(t:1, i:0) file:/github/workspace/mnt/ozone/hadoop-ozone/integration-test/target/test-dir/MiniOzoneClusterImpl-12ebc720-05ee-4469-9130-5183c7181a17/datanode-4/data/ratis/e413bafd-5876-4d83-9af0-257d9b27db90/sm/snapshot.1_0 took: 1 ms
2021-03-15 13:35:49,439 [2479fe59-7b65-4ff2-bce5-1a4041a1f829@group-257D9B27DB90-StateMachineUpdater] INFO  impl.StateMachineUpdater (StateMachineUpdater.java:takeSnapshot(279)) - 2479fe59-7b65-4ff2-bce5-1a4041a1f829@group-257D9B27DB90-StateMachineUpdater: Took a snapshot at index 0
2021-03-15 13:35:49,439 [2479fe59-7b65-4ff2-bce5-1a4041a1f829@group-257D9B27DB90-StateMachineUpdater] INFO  impl.StateMachineUpdater (StateMachineUpdater.java:lambda$new$0(88)) - 2479fe59-7b65-4ff2-bce5-1a4041a1f829@group-257D9B27DB90-StateMachineUpdater: snapshotIndex: updateIncreasingly -1 -> 0
2021-03-15 13:35:49,446 [grpc-default-executor-1] INFO  server.RaftServer$Division (RaftServerImpl.java:requestVote(1025)) - 7ad4b354-5524-4bbe-8c06-278e17beb4ab@group-9C73DC2E5CBF: receive requestVote(ELECTION, 2479fe59-7b65-4ff2-bce5-1a4041a1f829, group-9C73DC2E5CBF, 1, (t:0, i:0))
2021-03-15 13:35:49,447 [grpc-default-executor-1] INFO  impl.VoteContext (VoteContext.java:log(48)) - 7ad4b354-5524-4bbe-8c06-278e17beb4ab@group-9C73DC2E5CBF-FOLLOWER: reject ELECTION from 2479fe59-7b65-4ff2-bce5-1a4041a1f829: our priority 1 > candidate's priority 0
2021-03-15 13:35:49,447 [grpc-default-executor-1] INFO  server.RaftServer$Division (RaftServerImpl.java:setRole(284)) - 7ad4b354-5524-4bbe-8c06-278e17beb4ab@group-9C73DC2E5CBF: changes role from  FOLLOWER to FOLLOWER at term 1 for candidate:2479fe59-7b65-4ff2-bce5-1a4041a1f829
2021-03-15 13:35:49,447 [grpc-default-executor-1] INFO  impl.RoleInfo (RoleInfo.java:shutdownFollowerState(108)) - 7ad4b354-5524-4bbe-8c06-278e17beb4ab: shutdown 7ad4b354-5524-4bbe-8c06-278e17beb4ab@group-9C73DC2E5CBF-FollowerState
2021-03-15 13:35:49,447 [grpc-default-executor-1] INFO  impl.RoleInfo (RoleInfo.java:updateAndGet(130)) - 7ad4b354-5524-4bbe-8c06-278e17beb4ab: start 7ad4b354-5524-4bbe-8c06-278e17beb4ab@group-9C73DC2E5CBF-FollowerState
2021-03-15 13:35:49,447 [Thread-352] INFO  impl.FollowerState (FollowerState.java:run(142)) - 7ad4b354-5524-4bbe-8c06-278e17beb4ab@group-9C73DC2E5CBF-FollowerState was interrupted: {}
java.lang.InterruptedException: sleep interrupted
	at java.lang.Thread.sleep(Native Method)
	at java.lang.Thread.sleep(Thread.java:340)
	at java.util.concurrent.TimeUnit.sleep(TimeUnit.java:386)
	at org.apache.ratis.util.TimeDuration.sleep(TimeDuration.java:324)
	at org.apache.ratis.util.TimeDuration.sleep(TimeDuration.java:309)
	at org.apache.ratis.server.impl.FollowerState.run(FollowerState.java:117)
2021-03-15 13:35:49,447 [grpc-default-executor-0] INFO  server.RaftServer$Division (RaftServerImpl.java:requestVote(1025)) - 275eefd6-a602-4773-a0ea-a3b6f7cdc32e@group-9C73DC2E5CBF: receive requestVote(ELECTION, 2479fe59-7b65-4ff2-bce5-1a4041a1f829, group-9C73DC2E5CBF, 1, (t:0, i:0))
2021-03-15 13:35:49,447 [grpc-default-executor-0] INFO  impl.VoteContext (VoteContext.java:log(48)) - 275eefd6-a602-4773-a0ea-a3b6f7cdc32e@group-9C73DC2E5CBF-FOLLOWER: accept ELECTION from 2479fe59-7b65-4ff2-bce5-1a4041a1f829: our priority 0 <= candidate's priority 0
2021-03-15 13:35:49,448 [grpc-default-executor-0] INFO  server.RaftServer$Division (RaftServerImpl.java:setRole(284)) - 275eefd6-a602-4773-a0ea-a3b6f7cdc32e@group-9C73DC2E5CBF: changes role from  FOLLOWER to FOLLOWER at term 1 for candidate:2479fe59-7b65-4ff2-bce5-1a4041a1f829
2021-03-15 13:35:49,448 [grpc-default-executor-0] INFO  impl.RoleInfo (RoleInfo.java:shutdownFollowerState(108)) - 275eefd6-a602-4773-a0ea-a3b6f7cdc32e: shutdown 275eefd6-a602-4773-a0ea-a3b6f7cdc32e@group-9C73DC2E5CBF-FollowerState
2021-03-15 13:35:49,457 [Thread-346] INFO  impl.FollowerState (FollowerState.java:run(142)) - 275eefd6-a602-4773-a0ea-a3b6f7cdc32e@group-9C73DC2E5CBF-FollowerState was interrupted: {}
java.lang.InterruptedException: sleep interrupted
	at java.lang.Thread.sleep(Native Method)
	at java.lang.Thread.sleep(Thread.java:340)
	at java.util.concurrent.TimeUnit.sleep(TimeUnit.java:386)
	at org.apache.ratis.util.TimeDuration.sleep(TimeDuration.java:324)
	at org.apache.ratis.util.TimeDuration.sleep(TimeDuration.java:309)
	at org.apache.ratis.server.impl.FollowerState.run(FollowerState.java:117)
2021-03-15 13:35:49,457 [grpc-default-executor-0] INFO  impl.RoleInfo (RoleInfo.java:updateAndGet(130)) - 275eefd6-a602-4773-a0ea-a3b6f7cdc32e: start 275eefd6-a602-4773-a0ea-a3b6f7cdc32e@group-9C73DC2E5CBF-FollowerState
2021-03-15 13:35:49,459 [grpc-default-executor-1] INFO  server.RaftServer$Division (RaftServerImpl.java:requestVote(1057)) - 7ad4b354-5524-4bbe-8c06-278e17beb4ab@group-9C73DC2E5CBF replies to ELECTION vote request: 2479fe59-7b65-4ff2-bce5-1a4041a1f829<-7ad4b354-5524-4bbe-8c06-278e17beb4ab#0:FAIL-t1. Peer's state: 7ad4b354-5524-4bbe-8c06-278e17beb4ab@group-9C73DC2E5CBF:t1, leader=null, voted=null, raftlog=7ad4b354-5524-4bbe-8c06-278e17beb4ab@group-9C73DC2E5CBF-SegmentedRaftLog:OPENED:c-1,f-1,i0, conf=-1: [275eefd6-a602-4773-a0ea-a3b6f7cdc32e|rpc:172.17.0.2:44945|dataStream:|priority:0, 7ad4b354-5524-4bbe-8c06-278e17beb4ab|rpc:172.17.0.2:36095|dataStream:|priority:1, 2479fe59-7b65-4ff2-bce5-1a4041a1f829|rpc:172.17.0.2:46445|dataStream:|priority:0], old=null
2021-03-15 13:35:49,464 [grpc-default-executor-0] INFO  server.RaftServer$Division (RaftServerImpl.java:requestVote(1057)) - 275eefd6-a602-4773-a0ea-a3b6f7cdc32e@group-9C73DC2E5CBF replies to ELECTION vote request: 2479fe59-7b65-4ff2-bce5-1a4041a1f829<-275eefd6-a602-4773-a0ea-a3b6f7cdc32e#0:OK-t1. Peer's state: 275eefd6-a602-4773-a0ea-a3b6f7cdc32e@group-9C73DC2E5CBF:t1, leader=null, voted=2479fe59-7b65-4ff2-bce5-1a4041a1f829, raftlog=275eefd6-a602-4773-a0ea-a3b6f7cdc32e@group-9C73DC2E5CBF-SegmentedRaftLog:OPENED:c-1,f-1,i0, conf=-1: [275eefd6-a602-4773-a0ea-a3b6f7cdc32e|rpc:172.17.0.2:44945|dataStream:|priority:0, 7ad4b354-5524-4bbe-8c06-278e17beb4ab|rpc:172.17.0.2:36095|dataStream:|priority:1, 2479fe59-7b65-4ff2-bce5-1a4041a1f829|rpc:172.17.0.2:46445|dataStream:|priority:0], old=null
2021-03-15 13:35:49,465 [2479fe59-7b65-4ff2-bce5-1a4041a1f829@group-9C73DC2E5CBF-LeaderElection16] INFO  impl.LeaderElection (LeaderElection.java:logAndReturn(89)) - 2479fe59-7b65-4ff2-bce5-1a4041a1f829@group-9C73DC2E5CBF-LeaderElection16: ELECTION REJECTED received 1 response(s) and 0 exception(s):
2021-03-15 13:35:49,468 [2479fe59-7b65-4ff2-bce5-1a4041a1f829@group-9C73DC2E5CBF-LeaderElection16] INFO  impl.LeaderElection (LeaderElection.java:logAndReturn(93)) -   Response 0: 2479fe59-7b65-4ff2-bce5-1a4041a1f829<-7ad4b354-5524-4bbe-8c06-278e17beb4ab#0:FAIL-t1
2021-03-15 13:35:49,468 [2479fe59-7b65-4ff2-bce5-1a4041a1f829@group-9C73DC2E5CBF-LeaderElection16] INFO  impl.LeaderElection (LeaderElection.java:askForVotes(309)) - 2479fe59-7b65-4ff2-bce5-1a4041a1f829@group-9C73DC2E5CBF-LeaderElection16 ELECTION round 0: result REJECTED
2021-03-15 13:35:49,469 [2479fe59-7b65-4ff2-bce5-1a4041a1f829@group-9C73DC2E5CBF-LeaderElection16] INFO  server.RaftServer$Division (RaftServerImpl.java:setRole(284)) - 2479fe59-7b65-4ff2-bce5-1a4041a1f829@group-9C73DC2E5CBF: changes role from CANDIDATE to FOLLOWER at term 1 for REJECTED
2021-03-15 13:35:49,469 [2479fe59-7b65-4ff2-bce5-1a4041a1f829@group-9C73DC2E5CBF-LeaderElection16] INFO  impl.RoleInfo (RoleInfo.java:shutdownLeaderElection(121)) - 2479fe59-7b65-4ff2-bce5-1a4041a1f829: shutdown 2479fe59-7b65-4ff2-bce5-1a4041a1f829@group-9C73DC2E5CBF-LeaderElection16
2021-03-15 13:35:49,469 [2479fe59-7b65-4ff2-bce5-1a4041a1f829@group-9C73DC2E5CBF-LeaderElection16] INFO  impl.RoleInfo (RoleInfo.java:updateAndGet(130)) - 2479fe59-7b65-4ff2-bce5-1a4041a1f829: start 2479fe59-7b65-4ff2-bce5-1a4041a1f829@group-9C73DC2E5CBF-FollowerState
2021-03-15 13:35:49,502 [Listener at 127.0.0.1/36325] INFO  metrics.RatisMetrics (RatisMetrics.java:lambda$create$0(36)) - Creating Metrics Registry : ratis.client_message_metrics.client-5523599FAD0F->275eefd6-a602-4773-a0ea-a3b6f7cdc32e
2021-03-15 13:35:49,508 [Thread-341] INFO  impl.FollowerState (FollowerState.java:run(133)) - 43a20894-b4bc-4e8f-86b5-865fb458c74f@group-34FB43B6235F-FollowerState: change to CANDIDATE, lastRpcElapsedTime:5141123064ns, electionTimeout:5137ms
2021-03-15 13:35:49,508 [Thread-341] INFO  impl.RoleInfo (RoleInfo.java:shutdownFollowerState(108)) - 43a20894-b4bc-4e8f-86b5-865fb458c74f: shutdown 43a20894-b4bc-4e8f-86b5-865fb458c74f@group-34FB43B6235F-FollowerState
2021-03-15 13:35:49,508 [Thread-341] INFO  server.RaftServer$Division (RaftServerImpl.java:setRole(284)) - 43a20894-b4bc-4e8f-86b5-865fb458c74f@group-34FB43B6235F: changes role from  FOLLOWER to CANDIDATE at term 0 for changeToCandidate
2021-03-15 13:35:49,509 [Thread-341] INFO  server.RaftServerConfigKeys (ConfUtils.java:logGet(44)) - raft.server.leaderelection.pre-vote = false (custom)
2021-03-15 13:35:49,509 [Thread-341] INFO  impl.RoleInfo (RoleInfo.java:updateAndGet(130)) - 43a20894-b4bc-4e8f-86b5-865fb458c74f: start 43a20894-b4bc-4e8f-86b5-865fb458c74f@group-34FB43B6235F-LeaderElection17
2021-03-15 13:35:49,527 [43a20894-b4bc-4e8f-86b5-865fb458c74f@group-34FB43B6235F-LeaderElection17] INFO  impl.LeaderElection (LeaderElection.java:askForVotes(307)) - 43a20894-b4bc-4e8f-86b5-865fb458c74f@group-34FB43B6235F-LeaderElection17 ELECTION round 0: submit vote requests at term 1 for -1: [43a20894-b4bc-4e8f-86b5-865fb458c74f|rpc:172.17.0.2:39315|priority:1], old=null
2021-03-15 13:35:49,528 [43a20894-b4bc-4e8f-86b5-865fb458c74f@group-34FB43B6235F-LeaderElection17] INFO  impl.LeaderElection (LeaderElection.java:askForVotes(309)) - 43a20894-b4bc-4e8f-86b5-865fb458c74f@group-34FB43B6235F-LeaderElection17 ELECTION round 0: result PASSED (term=1)
2021-03-15 13:35:49,528 [43a20894-b4bc-4e8f-86b5-865fb458c74f@group-34FB43B6235F-LeaderElection17] INFO  impl.RoleInfo (RoleInfo.java:shutdownLeaderElection(121)) - 43a20894-b4bc-4e8f-86b5-865fb458c74f: shutdown 43a20894-b4bc-4e8f-86b5-865fb458c74f@group-34FB43B6235F-LeaderElection17
2021-03-15 13:35:49,528 [43a20894-b4bc-4e8f-86b5-865fb458c74f@group-34FB43B6235F-LeaderElection17] INFO  server.RaftServer$Division (RaftServerImpl.java:setRole(284)) - 43a20894-b4bc-4e8f-86b5-865fb458c74f@group-34FB43B6235F: changes role from CANDIDATE to LEADER at term 1 for changeToLeader
2021-03-15 13:35:49,528 [43a20894-b4bc-4e8f-86b5-865fb458c74f@group-34FB43B6235F-LeaderElection17] INFO  ratis.XceiverServerRatis (XceiverServerRatis.java:handleLeaderChangedNotification(899)) - Leader change notification received for group: group-34FB43B6235F with new leaderId: 43a20894-b4bc-4e8f-86b5-865fb458c74f
2021-03-15 13:35:49,528 [43a20894-b4bc-4e8f-86b5-865fb458c74f@group-34FB43B6235F-LeaderElection17] INFO  server.RaftServer$Division (ServerState.java:setLeader(271)) - 43a20894-b4bc-4e8f-86b5-865fb458c74f@group-34FB43B6235F: change Leader from null to 43a20894-b4bc-4e8f-86b5-865fb458c74f at term 1 for becomeLeader, leader elected after 5189ms
2021-03-15 13:35:49,528 [43a20894-b4bc-4e8f-86b5-865fb458c74f@group-34FB43B6235F-LeaderElection17] INFO  server.RaftServerConfigKeys (ConfUtils.java:logGet(44)) - raft.server.staging.catchup.gap = 1000 (default)
2021-03-15 13:35:49,528 [43a20894-b4bc-4e8f-86b5-865fb458c74f@group-34FB43B6235F-LeaderElection17] INFO  metrics.RatisMetrics (RatisMetrics.java:lambda$create$0(36)) - Creating Metrics Registry : ratis.log_appender.43a20894-b4bc-4e8f-86b5-865fb458c74f@group-34FB43B6235F
2021-03-15 13:35:49,531 [43a20894-b4bc-4e8f-86b5-865fb458c74f@group-34FB43B6235F-LeaderElection17] INFO  server.RaftServerConfigKeys (ConfUtils.java:logGet(44)) - raft.server.write.element-limit = 1024 (custom)
2021-03-15 13:35:49,531 [43a20894-b4bc-4e8f-86b5-865fb458c74f@group-34FB43B6235F-LeaderElection17] INFO  server.RaftServerConfigKeys (ConfUtils.java:logGet(44)) - raft.server.write.byte-limit = 1073741824 (custom)
2021-03-15 13:35:49,531 [43a20894-b4bc-4e8f-86b5-865fb458c74f@group-34FB43B6235F-LeaderElection17] INFO  server.RaftServerConfigKeys (ConfUtils.java:logGet(44)) - raft.server.watch.timeout = 10000ms (default)
2021-03-15 13:35:49,531 [43a20894-b4bc-4e8f-86b5-865fb458c74f@group-34FB43B6235F-LeaderElection17] INFO  server.RaftServerConfigKeys (ConfUtils.java:logGet(44)) - raft.server.watch.timeout.denomination = 1s (default)
2021-03-15 13:35:49,531 [43a20894-b4bc-4e8f-86b5-865fb458c74f@group-34FB43B6235F-LeaderElection17] INFO  server.RaftServerConfigKeys (ConfUtils.java:logGet(44)) - raft.server.watch.element-limit = 65536 (default)
2021-03-15 13:35:49,532 [43a20894-b4bc-4e8f-86b5-865fb458c74f@group-34FB43B6235F-LeaderElection17] INFO  impl.RoleInfo (RoleInfo.java:updateAndGet(130)) - 43a20894-b4bc-4e8f-86b5-865fb458c74f: start 43a20894-b4bc-4e8f-86b5-865fb458c74f@group-34FB43B6235F-LeaderStateImpl
2021-03-15 13:35:49,532 [43a20894-b4bc-4e8f-86b5-865fb458c74f@group-34FB43B6235F-LeaderElection17] INFO  segmented.SegmentedRaftLogWorker (SegmentedRaftLogWorker.java:startLogSegment(392)) - 43a20894-b4bc-4e8f-86b5-865fb458c74f@group-34FB43B6235F-SegmentedRaftLogWorker: Starting segment from index:0
2021-03-15 13:35:49,538 [43a20894-b4bc-4e8f-86b5-865fb458c74f@group-34FB43B6235F-SegmentedRaftLogWorker] INFO  segmented.SegmentedRaftLogWorker (SegmentedRaftLogWorker.java:execute(599)) - 43a20894-b4bc-4e8f-86b5-865fb458c74f@group-34FB43B6235F-SegmentedRaftLogWorker: created new log segment /github/workspace/mnt/ozone/hadoop-ozone/integration-test/target/test-dir/MiniOzoneClusterImpl-12ebc720-05ee-4469-9130-5183c7181a17/datanode-9/data/ratis/d4413f96-b2c4-4402-b089-34fb43b6235f/current/log_inprogress_0
2021-03-15 13:35:49,541 [43a20894-b4bc-4e8f-86b5-865fb458c74f@group-34FB43B6235F-LeaderElection17] INFO  server.RaftServer$Division (ServerState.java:setRaftConf(373)) - 43a20894-b4bc-4e8f-86b5-865fb458c74f@group-34FB43B6235F: set configuration 0: [43a20894-b4bc-4e8f-86b5-865fb458c74f|rpc:172.17.0.2:39315|dataStream:|priority:1], old=null
2021-03-15 13:35:49,543 [43a20894-b4bc-4e8f-86b5-865fb458c74f@group-34FB43B6235F-StateMachineUpdater] INFO  ratis.ContainerStateMachine (ContainerStateMachine.java:takeSnapshot(291)) - group-34FB43B6235F: Taking a snapshot at:(t:1, i:0) file /github/workspace/mnt/ozone/hadoop-ozone/integration-test/target/test-dir/MiniOzoneClusterImpl-12ebc720-05ee-4469-9130-5183c7181a17/datanode-9/data/ratis/d4413f96-b2c4-4402-b089-34fb43b6235f/sm/snapshot.1_0
2021-03-15 13:35:49,544 [43a20894-b4bc-4e8f-86b5-865fb458c74f@group-34FB43B6235F-StateMachineUpdater] INFO  ratis.ContainerStateMachine (ContainerStateMachine.java:takeSnapshot(302)) - group-34FB43B6235F: Finished taking a snapshot at:(t:1, i:0) file:/github/workspace/mnt/ozone/hadoop-ozone/integration-test/target/test-dir/MiniOzoneClusterImpl-12ebc720-05ee-4469-9130-5183c7181a17/datanode-9/data/ratis/d4413f96-b2c4-4402-b089-34fb43b6235f/sm/snapshot.1_0 took: 1 ms
2021-03-15 13:35:49,544 [43a20894-b4bc-4e8f-86b5-865fb458c74f@group-34FB43B6235F-StateMachineUpdater] INFO  impl.StateMachineUpdater (StateMachineUpdater.java:takeSnapshot(279)) - 43a20894-b4bc-4e8f-86b5-865fb458c74f@group-34FB43B6235F-StateMachineUpdater: Took a snapshot at index 0
2021-03-15 13:35:49,544 [43a20894-b4bc-4e8f-86b5-865fb458c74f@group-34FB43B6235F-StateMachineUpdater] INFO  impl.StateMachineUpdater (StateMachineUpdater.java:lambda$new$0(88)) - 43a20894-b4bc-4e8f-86b5-865fb458c74f@group-34FB43B6235F-StateMachineUpdater: snapshotIndex: updateIncreasingly -1 -> 0
2021-03-15 13:35:49,669 [Datanode State Machine Thread - 0] WARN  statemachine.StateContext (StateContext.java:execute(557)) - No available thread in pool for past 0 seconds.
2021-03-15 13:35:49,753 [275eefd6-a602-4773-a0ea-a3b6f7cdc32e@group-156EE707F88F-StateMachineUpdater] INFO  ratis.ContainerStateMachine (ContainerStateMachine.java:takeSnapshot(291)) - group-156EE707F88F: Taking a snapshot at:(t:1, i:2) file /github/workspace/mnt/ozone/hadoop-ozone/integration-test/target/test-dir/MiniOzoneClusterImpl-12ebc720-05ee-4469-9130-5183c7181a17/datanode-5/data/ratis/c4d052ff-d404-4ff1-8872-156ee707f88f/sm/snapshot.1_2
2021-03-15 13:35:49,761 [275eefd6-a602-4773-a0ea-a3b6f7cdc32e@group-156EE707F88F-StateMachineUpdater] INFO  ratis.ContainerStateMachine (ContainerStateMachine.java:takeSnapshot(302)) - group-156EE707F88F: Finished taking a snapshot at:(t:1, i:2) file:/github/workspace/mnt/ozone/hadoop-ozone/integration-test/target/test-dir/MiniOzoneClusterImpl-12ebc720-05ee-4469-9130-5183c7181a17/datanode-5/data/ratis/c4d052ff-d404-4ff1-8872-156ee707f88f/sm/snapshot.1_2 took: 7 ms
2021-03-15 13:35:49,761 [275eefd6-a602-4773-a0ea-a3b6f7cdc32e@group-156EE707F88F-StateMachineUpdater] INFO  impl.StateMachineUpdater (StateMachineUpdater.java:takeSnapshot(279)) - 275eefd6-a602-4773-a0ea-a3b6f7cdc32e@group-156EE707F88F-StateMachineUpdater: Took a snapshot at index 2
2021-03-15 13:35:49,762 [275eefd6-a602-4773-a0ea-a3b6f7cdc32e@group-156EE707F88F-StateMachineUpdater] INFO  impl.StateMachineUpdater (StateMachineUpdater.java:lambda$new$0(88)) - 275eefd6-a602-4773-a0ea-a3b6f7cdc32e@group-156EE707F88F-StateMachineUpdater: snapshotIndex: updateIncreasingly 0 -> 2
2021-03-15 13:35:49,762 [275eefd6-a602-4773-a0ea-a3b6f7cdc32e@group-156EE707F88F-StateMachineUpdater] INFO  ratis.ContainerStateMachine (ContainerStateMachine.java:takeSnapshot(291)) - group-156EE707F88F: Taking a snapshot at:(t:1, i:3) file /github/workspace/mnt/ozone/hadoop-ozone/integration-test/target/test-dir/MiniOzoneClusterImpl-12ebc720-05ee-4469-9130-5183c7181a17/datanode-5/data/ratis/c4d052ff-d404-4ff1-8872-156ee707f88f/sm/snapshot.1_3
2021-03-15 13:35:49,763 [275eefd6-a602-4773-a0ea-a3b6f7cdc32e@group-156EE707F88F-StateMachineUpdater] INFO  ratis.ContainerStateMachine (ContainerStateMachine.java:takeSnapshot(302)) - group-156EE707F88F: Finished taking a snapshot at:(t:1, i:3) file:/github/workspace/mnt/ozone/hadoop-ozone/integration-test/target/test-dir/MiniOzoneClusterImpl-12ebc720-05ee-4469-9130-5183c7181a17/datanode-5/data/ratis/c4d052ff-d404-4ff1-8872-156ee707f88f/sm/snapshot.1_3 took: 1 ms
2021-03-15 13:35:49,764 [275eefd6-a602-4773-a0ea-a3b6f7cdc32e@group-156EE707F88F-StateMachineUpdater] INFO  impl.StateMachineUpdater (StateMachineUpdater.java:takeSnapshot(279)) - 275eefd6-a602-4773-a0ea-a3b6f7cdc32e@group-156EE707F88F-StateMachineUpdater: Took a snapshot at index 3
2021-03-15 13:35:49,764 [275eefd6-a602-4773-a0ea-a3b6f7cdc32e@group-156EE707F88F-StateMachineUpdater] INFO  impl.StateMachineUpdater (StateMachineUpdater.java:lambda$new$0(88)) - 275eefd6-a602-4773-a0ea-a3b6f7cdc32e@group-156EE707F88F-StateMachineUpdater: snapshotIndex: updateIncreasingly 2 -> 3
2021-03-15 13:35:49,769 [Thread-357] INFO  impl.FollowerState (FollowerState.java:run(133)) - 8d28b06d-ee05-40ab-87ae-857598c7fa3f@group-DF338D8FF67D-FollowerState: change to CANDIDATE, lastRpcElapsedTime:5164810500ns, electionTimeout:5159ms
2021-03-15 13:35:49,770 [Thread-357] INFO  impl.RoleInfo (RoleInfo.java:shutdownFollowerState(108)) - 8d28b06d-ee05-40ab-87ae-857598c7fa3f: shutdown 8d28b06d-ee05-40ab-87ae-857598c7fa3f@group-DF338D8FF67D-FollowerState
2021-03-15 13:35:49,770 [Thread-357] INFO  server.RaftServer$Division (RaftServerImpl.java:setRole(284)) - 8d28b06d-ee05-40ab-87ae-857598c7fa3f@group-DF338D8FF67D: changes role from  FOLLOWER to CANDIDATE at term 0 for changeToCandidate
2021-03-15 13:35:49,770 [Thread-357] INFO  server.RaftServerConfigKeys (ConfUtils.java:logGet(44)) - raft.server.leaderelection.pre-vote = false (custom)
2021-03-15 13:35:49,770 [Thread-357] INFO  impl.RoleInfo (RoleInfo.java:updateAndGet(130)) - 8d28b06d-ee05-40ab-87ae-857598c7fa3f: start 8d28b06d-ee05-40ab-87ae-857598c7fa3f@group-DF338D8FF67D-LeaderElection18
2021-03-15 13:35:49,789 [Thread-360] INFO  impl.FollowerState (FollowerState.java:run(133)) - 91c1ad6d-8d99-4a41-8a32-9427c133f69b@group-DF338D8FF67D-FollowerState: change to CANDIDATE, lastRpcElapsedTime:5176048060ns, electionTimeout:5164ms
2021-03-15 13:35:49,789 [Thread-360] INFO  impl.RoleInfo (RoleInfo.java:shutdownFollowerState(108)) - 91c1ad6d-8d99-4a41-8a32-9427c133f69b: shutdown 91c1ad6d-8d99-4a41-8a32-9427c133f69b@group-DF338D8FF67D-FollowerState
2021-03-15 13:35:49,789 [Thread-360] INFO  server.RaftServer$Division (RaftServerImpl.java:setRole(284)) - 91c1ad6d-8d99-4a41-8a32-9427c133f69b@group-DF338D8FF67D: changes role from  FOLLOWER to CANDIDATE at term 0 for changeToCandidate
2021-03-15 13:35:49,790 [Thread-360] INFO  server.RaftServerConfigKeys (ConfUtils.java:logGet(44)) - raft.server.leaderelection.pre-vote = false (custom)
2021-03-15 13:35:49,790 [Thread-360] INFO  impl.RoleInfo (RoleInfo.java:updateAndGet(130)) - 91c1ad6d-8d99-4a41-8a32-9427c133f69b: start 91c1ad6d-8d99-4a41-8a32-9427c133f69b@group-DF338D8FF67D-LeaderElection19
2021-03-15 13:35:49,807 [8d28b06d-ee05-40ab-87ae-857598c7fa3f@group-DF338D8FF67D-LeaderElection18] INFO  impl.LeaderElection (LeaderElection.java:askForVotes(307)) - 8d28b06d-ee05-40ab-87ae-857598c7fa3f@group-DF338D8FF67D-LeaderElection18 ELECTION round 0: submit vote requests at term 1 for -1: [91c1ad6d-8d99-4a41-8a32-9427c133f69b|rpc:172.17.0.2:42395|priority:0, cbb45d95-806f-4aa6-a8d4-3f48f4f3d8f4|rpc:172.17.0.2:36727|priority:0, 8d28b06d-ee05-40ab-87ae-857598c7fa3f|rpc:172.17.0.2:38475|priority:1], old=null
2021-03-15 13:35:49,807 [Thread-361] INFO  impl.FollowerState (FollowerState.java:run(133)) - cbb45d95-806f-4aa6-a8d4-3f48f4f3d8f4@group-DF338D8FF67D-FollowerState: change to CANDIDATE, lastRpcElapsedTime:5191387778ns, electionTimeout:5183ms
2021-03-15 13:35:49,808 [Thread-361] INFO  impl.RoleInfo (RoleInfo.java:shutdownFollowerState(108)) - cbb45d95-806f-4aa6-a8d4-3f48f4f3d8f4: shutdown cbb45d95-806f-4aa6-a8d4-3f48f4f3d8f4@group-DF338D8FF67D-FollowerState
2021-03-15 13:35:49,808 [Thread-361] INFO  server.RaftServer$Division (RaftServerImpl.java:setRole(284)) - cbb45d95-806f-4aa6-a8d4-3f48f4f3d8f4@group-DF338D8FF67D: changes role from  FOLLOWER to CANDIDATE at term 0 for changeToCandidate
2021-03-15 13:35:49,809 [91c1ad6d-8d99-4a41-8a32-9427c133f69b@group-DF338D8FF67D-LeaderElection19] INFO  impl.LeaderElection (LeaderElection.java:askForVotes(307)) - 91c1ad6d-8d99-4a41-8a32-9427c133f69b@group-DF338D8FF67D-LeaderElection19 ELECTION round 0: submit vote requests at term 1 for -1: [91c1ad6d-8d99-4a41-8a32-9427c133f69b|rpc:172.17.0.2:42395|priority:0, cbb45d95-806f-4aa6-a8d4-3f48f4f3d8f4|rpc:172.17.0.2:36727|priority:0, 8d28b06d-ee05-40ab-87ae-857598c7fa3f|rpc:172.17.0.2:38475|priority:1], old=null
2021-03-15 13:35:49,820 [grpc-default-executor-1] INFO  server.RaftServer$Division (RaftServerImpl.java:requestVote(1025)) - 91c1ad6d-8d99-4a41-8a32-9427c133f69b@group-DF338D8FF67D: receive requestVote(ELECTION, 8d28b06d-ee05-40ab-87ae-857598c7fa3f, group-DF338D8FF67D, 1, (t:0, i:0))
2021-03-15 13:35:49,822 [grpc-default-executor-1] INFO  impl.VoteContext (VoteContext.java:log(48)) - 91c1ad6d-8d99-4a41-8a32-9427c133f69b@group-DF338D8FF67D-CANDIDATE: reject ELECTION from 8d28b06d-ee05-40ab-87ae-857598c7fa3f: already has voted for 91c1ad6d-8d99-4a41-8a32-9427c133f69b at current term 1
2021-03-15 13:35:49,823 [grpc-default-executor-1] INFO  server.RaftServer$Division (RaftServerImpl.java:requestVote(1057)) - 91c1ad6d-8d99-4a41-8a32-9427c133f69b@group-DF338D8FF67D replies to ELECTION vote request: 8d28b06d-ee05-40ab-87ae-857598c7fa3f<-91c1ad6d-8d99-4a41-8a32-9427c133f69b#0:FAIL-t1. Peer's state: 91c1ad6d-8d99-4a41-8a32-9427c133f69b@group-DF338D8FF67D:t1, leader=null, voted=91c1ad6d-8d99-4a41-8a32-9427c133f69b, raftlog=91c1ad6d-8d99-4a41-8a32-9427c133f69b@group-DF338D8FF67D-SegmentedRaftLog:OPENED:c-1,f-1,i0, conf=-1: [91c1ad6d-8d99-4a41-8a32-9427c133f69b|rpc:172.17.0.2:42395|priority:0, cbb45d95-806f-4aa6-a8d4-3f48f4f3d8f4|rpc:172.17.0.2:36727|priority:0, 8d28b06d-ee05-40ab-87ae-857598c7fa3f|rpc:172.17.0.2:38475|priority:1], old=null
2021-03-15 13:35:49,825 [Thread-361] INFO  server.RaftServerConfigKeys (ConfUtils.java:logGet(44)) - raft.server.leaderelection.pre-vote = false (custom)
2021-03-15 13:35:49,825 [Thread-361] INFO  impl.RoleInfo (RoleInfo.java:updateAndGet(130)) - cbb45d95-806f-4aa6-a8d4-3f48f4f3d8f4: start cbb45d95-806f-4aa6-a8d4-3f48f4f3d8f4@group-DF338D8FF67D-LeaderElection20
2021-03-15 13:35:49,827 [grpc-default-executor-1] INFO  server.RaftServer$Division (RaftServerImpl.java:requestVote(1025)) - cbb45d95-806f-4aa6-a8d4-3f48f4f3d8f4@group-DF338D8FF67D: receive requestVote(ELECTION, 91c1ad6d-8d99-4a41-8a32-9427c133f69b, group-DF338D8FF67D, 1, (t:0, i:0))
2021-03-15 13:35:49,839 [grpc-default-executor-1] INFO  impl.VoteContext (VoteContext.java:log(48)) - cbb45d95-806f-4aa6-a8d4-3f48f4f3d8f4@group-DF338D8FF67D-CANDIDATE: accept ELECTION from 91c1ad6d-8d99-4a41-8a32-9427c133f69b: our priority 0 <= candidate's priority 0
2021-03-15 13:35:49,839 [grpc-default-executor-1] INFO  server.RaftServer$Division (RaftServerImpl.java:setRole(284)) - cbb45d95-806f-4aa6-a8d4-3f48f4f3d8f4@group-DF338D8FF67D: changes role from CANDIDATE to FOLLOWER at term 1 for candidate:91c1ad6d-8d99-4a41-8a32-9427c133f69b
2021-03-15 13:35:49,839 [grpc-default-executor-1] INFO  impl.RoleInfo (RoleInfo.java:shutdownLeaderElection(121)) - cbb45d95-806f-4aa6-a8d4-3f48f4f3d8f4: shutdown cbb45d95-806f-4aa6-a8d4-3f48f4f3d8f4@group-DF338D8FF67D-LeaderElection20
2021-03-15 13:35:49,839 [grpc-default-executor-1] INFO  impl.RoleInfo (RoleInfo.java:updateAndGet(130)) - cbb45d95-806f-4aa6-a8d4-3f48f4f3d8f4: start cbb45d95-806f-4aa6-a8d4-3f48f4f3d8f4@group-DF338D8FF67D-FollowerState
2021-03-15 13:35:49,842 [grpc-default-executor-3] INFO  server.RaftServer$Division (RaftServerImpl.java:requestVote(1025)) - 8d28b06d-ee05-40ab-87ae-857598c7fa3f@group-DF338D8FF67D: receive requestVote(ELECTION, 91c1ad6d-8d99-4a41-8a32-9427c133f69b, group-DF338D8FF67D, 1, (t:0, i:0))
2021-03-15 13:35:49,843 [grpc-default-executor-1] INFO  server.RaftServer$Division (RaftServerImpl.java:requestVote(1057)) - cbb45d95-806f-4aa6-a8d4-3f48f4f3d8f4@group-DF338D8FF67D replies to ELECTION vote request: 91c1ad6d-8d99-4a41-8a32-9427c133f69b<-cbb45d95-806f-4aa6-a8d4-3f48f4f3d8f4#0:OK-t1. Peer's state: cbb45d95-806f-4aa6-a8d4-3f48f4f3d8f4@group-DF338D8FF67D:t1, leader=null, voted=91c1ad6d-8d99-4a41-8a32-9427c133f69b, raftlog=cbb45d95-806f-4aa6-a8d4-3f48f4f3d8f4@group-DF338D8FF67D-SegmentedRaftLog:OPENED:c-1,f-1,i0, conf=-1: [91c1ad6d-8d99-4a41-8a32-9427c133f69b|rpc:172.17.0.2:42395|priority:0, cbb45d95-806f-4aa6-a8d4-3f48f4f3d8f4|rpc:172.17.0.2:36727|priority:0, 8d28b06d-ee05-40ab-87ae-857598c7fa3f|rpc:172.17.0.2:38475|priority:1], old=null
2021-03-15 13:35:49,844 [grpc-default-executor-3] INFO  impl.VoteContext (VoteContext.java:log(48)) - 8d28b06d-ee05-40ab-87ae-857598c7fa3f@group-DF338D8FF67D-CANDIDATE: reject ELECTION from 91c1ad6d-8d99-4a41-8a32-9427c133f69b: already has voted for 8d28b06d-ee05-40ab-87ae-857598c7fa3f at current term 1
2021-03-15 13:35:49,844 [grpc-default-executor-3] INFO  server.RaftServer$Division (RaftServerImpl.java:requestVote(1057)) - 8d28b06d-ee05-40ab-87ae-857598c7fa3f@group-DF338D8FF67D replies to ELECTION vote request: 91c1ad6d-8d99-4a41-8a32-9427c133f69b<-8d28b06d-ee05-40ab-87ae-857598c7fa3f#0:FAIL-t1. Peer's state: 8d28b06d-ee05-40ab-87ae-857598c7fa3f@group-DF338D8FF67D:t1, leader=null, voted=8d28b06d-ee05-40ab-87ae-857598c7fa3f, raftlog=8d28b06d-ee05-40ab-87ae-857598c7fa3f@group-DF338D8FF67D-SegmentedRaftLog:OPENED:c-1,f-1,i0, conf=-1: [91c1ad6d-8d99-4a41-8a32-9427c133f69b|rpc:172.17.0.2:42395|priority:0, cbb45d95-806f-4aa6-a8d4-3f48f4f3d8f4|rpc:172.17.0.2:36727|priority:0, 8d28b06d-ee05-40ab-87ae-857598c7fa3f|rpc:172.17.0.2:38475|priority:1], old=null
2021-03-15 13:35:49,844 [cbb45d95-806f-4aa6-a8d4-3f48f4f3d8f4@group-DF338D8FF67D-LeaderElection20] INFO  impl.LeaderElection (LeaderElection.java:run(231)) - cbb45d95-806f-4aa6-a8d4-3f48f4f3d8f4@group-DF338D8FF67D-LeaderElection20: skip running since this is already CLOSING
2021-03-15 13:35:49,847 [grpc-default-executor-1] INFO  server.RaftServer$Division (RaftServerImpl.java:requestVote(1025)) - cbb45d95-806f-4aa6-a8d4-3f48f4f3d8f4@group-DF338D8FF67D: receive requestVote(ELECTION, 8d28b06d-ee05-40ab-87ae-857598c7fa3f, group-DF338D8FF67D, 1, (t:0, i:0))
2021-03-15 13:35:49,848 [grpc-default-executor-1] INFO  impl.VoteContext (VoteContext.java:log(48)) - cbb45d95-806f-4aa6-a8d4-3f48f4f3d8f4@group-DF338D8FF67D-FOLLOWER: reject ELECTION from 8d28b06d-ee05-40ab-87ae-857598c7fa3f: already has voted for 91c1ad6d-8d99-4a41-8a32-9427c133f69b at current term 1
2021-03-15 13:35:49,848 [grpc-default-executor-1] INFO  server.RaftServer$Division (RaftServerImpl.java:requestVote(1057)) - cbb45d95-806f-4aa6-a8d4-3f48f4f3d8f4@group-DF338D8FF67D replies to ELECTION vote request: 8d28b06d-ee05-40ab-87ae-857598c7fa3f<-cbb45d95-806f-4aa6-a8d4-3f48f4f3d8f4#0:FAIL-t1. Peer's state: cbb45d95-806f-4aa6-a8d4-3f48f4f3d8f4@group-DF338D8FF67D:t1, leader=null, voted=91c1ad6d-8d99-4a41-8a32-9427c133f69b, raftlog=cbb45d95-806f-4aa6-a8d4-3f48f4f3d8f4@group-DF338D8FF67D-SegmentedRaftLog:OPENED:c-1,f-1,i0, conf=-1: [91c1ad6d-8d99-4a41-8a32-9427c133f69b|rpc:172.17.0.2:42395|priority:0, cbb45d95-806f-4aa6-a8d4-3f48f4f3d8f4|rpc:172.17.0.2:36727|priority:0, 8d28b06d-ee05-40ab-87ae-857598c7fa3f|rpc:172.17.0.2:38475|priority:1], old=null
2021-03-15 13:35:49,855 [8d28b06d-ee05-40ab-87ae-857598c7fa3f@group-DF338D8FF67D-LeaderElection18] INFO  impl.LeaderElection (LeaderElection.java:logAndReturn(89)) - 8d28b06d-ee05-40ab-87ae-857598c7fa3f@group-DF338D8FF67D-LeaderElection18: ELECTION REJECTED received 2 response(s) and 0 exception(s):
2021-03-15 13:35:49,855 [8d28b06d-ee05-40ab-87ae-857598c7fa3f@group-DF338D8FF67D-LeaderElection18] INFO  impl.LeaderElection (LeaderElection.java:logAndReturn(93)) -   Response 0: 8d28b06d-ee05-40ab-87ae-857598c7fa3f<-91c1ad6d-8d99-4a41-8a32-9427c133f69b#0:FAIL-t1
2021-03-15 13:35:49,855 [8d28b06d-ee05-40ab-87ae-857598c7fa3f@group-DF338D8FF67D-LeaderElection18] INFO  impl.LeaderElection (LeaderElection.java:logAndReturn(93)) -   Response 1: 8d28b06d-ee05-40ab-87ae-857598c7fa3f<-cbb45d95-806f-4aa6-a8d4-3f48f4f3d8f4#0:FAIL-t1
2021-03-15 13:35:49,855 [8d28b06d-ee05-40ab-87ae-857598c7fa3f@group-DF338D8FF67D-LeaderElection18] INFO  impl.LeaderElection (LeaderElection.java:askForVotes(309)) - 8d28b06d-ee05-40ab-87ae-857598c7fa3f@group-DF338D8FF67D-LeaderElection18 ELECTION round 0: result REJECTED
2021-03-15 13:35:49,855 [8d28b06d-ee05-40ab-87ae-857598c7fa3f@group-DF338D8FF67D-LeaderElection18] INFO  server.RaftServer$Division (RaftServerImpl.java:setRole(284)) - 8d28b06d-ee05-40ab-87ae-857598c7fa3f@group-DF338D8FF67D: changes role from CANDIDATE to FOLLOWER at term 1 for REJECTED
2021-03-15 13:35:49,855 [8d28b06d-ee05-40ab-87ae-857598c7fa3f@group-DF338D8FF67D-LeaderElection18] INFO  impl.RoleInfo (RoleInfo.java:shutdownLeaderElection(121)) - 8d28b06d-ee05-40ab-87ae-857598c7fa3f: shutdown 8d28b06d-ee05-40ab-87ae-857598c7fa3f@group-DF338D8FF67D-LeaderElection18
2021-03-15 13:35:49,856 [8d28b06d-ee05-40ab-87ae-857598c7fa3f@group-DF338D8FF67D-LeaderElection18] INFO  impl.RoleInfo (RoleInfo.java:updateAndGet(130)) - 8d28b06d-ee05-40ab-87ae-857598c7fa3f: start 8d28b06d-ee05-40ab-87ae-857598c7fa3f@group-DF338D8FF67D-FollowerState
2021-03-15 13:35:49,856 [91c1ad6d-8d99-4a41-8a32-9427c133f69b@group-DF338D8FF67D-LeaderElection19] INFO  impl.LeaderElection (LeaderElection.java:logAndReturn(89)) - 91c1ad6d-8d99-4a41-8a32-9427c133f69b@group-DF338D8FF67D-LeaderElection19: ELECTION REJECTED received 2 response(s) and 0 exception(s):
2021-03-15 13:35:49,856 [91c1ad6d-8d99-4a41-8a32-9427c133f69b@group-DF338D8FF67D-LeaderElection19] INFO  impl.LeaderElection (LeaderElection.java:logAndReturn(93)) -   Response 0: 91c1ad6d-8d99-4a41-8a32-9427c133f69b<-cbb45d95-806f-4aa6-a8d4-3f48f4f3d8f4#0:OK-t1
2021-03-15 13:35:49,856 [91c1ad6d-8d99-4a41-8a32-9427c133f69b@group-DF338D8FF67D-LeaderElection19] INFO  impl.LeaderElection (LeaderElection.java:logAndReturn(93)) -   Response 1: 91c1ad6d-8d99-4a41-8a32-9427c133f69b<-8d28b06d-ee05-40ab-87ae-857598c7fa3f#0:FAIL-t1
2021-03-15 13:35:49,859 [91c1ad6d-8d99-4a41-8a32-9427c133f69b@group-DF338D8FF67D-LeaderElection19] INFO  impl.LeaderElection (LeaderElection.java:askForVotes(309)) - 91c1ad6d-8d99-4a41-8a32-9427c133f69b@group-DF338D8FF67D-LeaderElection19 ELECTION round 0: result REJECTED
2021-03-15 13:35:49,859 [91c1ad6d-8d99-4a41-8a32-9427c133f69b@group-DF338D8FF67D-LeaderElection19] INFO  server.RaftServer$Division (RaftServerImpl.java:setRole(284)) - 91c1ad6d-8d99-4a41-8a32-9427c133f69b@group-DF338D8FF67D: changes role from CANDIDATE to FOLLOWER at term 1 for REJECTED
2021-03-15 13:35:49,859 [91c1ad6d-8d99-4a41-8a32-9427c133f69b@group-DF338D8FF67D-LeaderElection19] INFO  impl.RoleInfo (RoleInfo.java:shutdownLeaderElection(121)) - 91c1ad6d-8d99-4a41-8a32-9427c133f69b: shutdown 91c1ad6d-8d99-4a41-8a32-9427c133f69b@group-DF338D8FF67D-LeaderElection19
2021-03-15 13:35:49,859 [91c1ad6d-8d99-4a41-8a32-9427c133f69b@group-DF338D8FF67D-LeaderElection19] INFO  impl.RoleInfo (RoleInfo.java:updateAndGet(130)) - 91c1ad6d-8d99-4a41-8a32-9427c133f69b: start 91c1ad6d-8d99-4a41-8a32-9427c133f69b@group-DF338D8FF67D-FollowerState
2021-03-15 13:35:49,859 [275eefd6-a602-4773-a0ea-a3b6f7cdc32e@group-156EE707F88F-StateMachineUpdater] INFO  ratis.ContainerStateMachine (ContainerStateMachine.java:takeSnapshot(291)) - group-156EE707F88F: Taking a snapshot at:(t:1, i:5) file /github/workspace/mnt/ozone/hadoop-ozone/integration-test/target/test-dir/MiniOzoneClusterImpl-12ebc720-05ee-4469-9130-5183c7181a17/datanode-5/data/ratis/c4d052ff-d404-4ff1-8872-156ee707f88f/sm/snapshot.1_5
2021-03-15 13:35:49,861 [275eefd6-a602-4773-a0ea-a3b6f7cdc32e@group-156EE707F88F-StateMachineUpdater] INFO  ratis.ContainerStateMachine (ContainerStateMachine.java:takeSnapshot(302)) - group-156EE707F88F: Finished taking a snapshot at:(t:1, i:5) file:/github/workspace/mnt/ozone/hadoop-ozone/integration-test/target/test-dir/MiniOzoneClusterImpl-12ebc720-05ee-4469-9130-5183c7181a17/datanode-5/data/ratis/c4d052ff-d404-4ff1-8872-156ee707f88f/sm/snapshot.1_5 took: 1 ms
2021-03-15 13:35:49,861 [275eefd6-a602-4773-a0ea-a3b6f7cdc32e@group-156EE707F88F-StateMachineUpdater] INFO  impl.StateMachineUpdater (StateMachineUpdater.java:takeSnapshot(279)) - 275eefd6-a602-4773-a0ea-a3b6f7cdc32e@group-156EE707F88F-StateMachineUpdater: Took a snapshot at index 5
2021-03-15 13:35:49,861 [275eefd6-a602-4773-a0ea-a3b6f7cdc32e@group-156EE707F88F-StateMachineUpdater] INFO  impl.StateMachineUpdater (StateMachineUpdater.java:lambda$new$0(88)) - 275eefd6-a602-4773-a0ea-a3b6f7cdc32e@group-156EE707F88F-StateMachineUpdater: snapshotIndex: updateIncreasingly 3 -> 5
2021-03-15 13:35:49,861 [275eefd6-a602-4773-a0ea-a3b6f7cdc32e@group-156EE707F88F-StateMachineUpdater] INFO  ratis.ContainerStateMachine (ContainerStateMachine.java:takeSnapshot(291)) - group-156EE707F88F: Taking a snapshot at:(t:1, i:6) file /github/workspace/mnt/ozone/hadoop-ozone/integration-test/target/test-dir/MiniOzoneClusterImpl-12ebc720-05ee-4469-9130-5183c7181a17/datanode-5/data/ratis/c4d052ff-d404-4ff1-8872-156ee707f88f/sm/snapshot.1_6
2021-03-15 13:35:49,862 [275eefd6-a602-4773-a0ea-a3b6f7cdc32e@group-156EE707F88F-StateMachineUpdater] INFO  ratis.ContainerStateMachine (ContainerStateMachine.java:takeSnapshot(302)) - group-156EE707F88F: Finished taking a snapshot at:(t:1, i:6) file:/github/workspace/mnt/ozone/hadoop-ozone/integration-test/target/test-dir/MiniOzoneClusterImpl-12ebc720-05ee-4469-9130-5183c7181a17/datanode-5/data/ratis/c4d052ff-d404-4ff1-8872-156ee707f88f/sm/snapshot.1_6 took: 1 ms
2021-03-15 13:35:49,862 [275eefd6-a602-4773-a0ea-a3b6f7cdc32e@group-156EE707F88F-StateMachineUpdater] INFO  impl.StateMachineUpdater (StateMachineUpdater.java:takeSnapshot(279)) - 275eefd6-a602-4773-a0ea-a3b6f7cdc32e@group-156EE707F88F-StateMachineUpdater: Took a snapshot at index 6
2021-03-15 13:35:49,862 [275eefd6-a602-4773-a0ea-a3b6f7cdc32e@group-156EE707F88F-StateMachineUpdater] INFO  impl.StateMachineUpdater (StateMachineUpdater.java:lambda$new$0(88)) - 275eefd6-a602-4773-a0ea-a3b6f7cdc32e@group-156EE707F88F-StateMachineUpdater: snapshotIndex: updateIncreasingly 5 -> 6
2021-03-15 13:35:49,886 [Listener at 127.0.0.1/36325] INFO  ratis.ContainerStateMachine (ContainerStateMachine.java:takeSnapshot(291)) - group-156EE707F88F: Taking a snapshot at:(t:1, i:6) file /github/workspace/mnt/ozone/hadoop-ozone/integration-test/target/test-dir/MiniOzoneClusterImpl-12ebc720-05ee-4469-9130-5183c7181a17/datanode-5/data/ratis/c4d052ff-d404-4ff1-8872-156ee707f88f/sm/snapshot.1_6
2021-03-15 13:35:49,887 [Listener at 127.0.0.1/36325] INFO  ratis.ContainerStateMachine (ContainerStateMachine.java:takeSnapshot(302)) - group-156EE707F88F: Finished taking a snapshot at:(t:1, i:6) file:/github/workspace/mnt/ozone/hadoop-ozone/integration-test/target/test-dir/MiniOzoneClusterImpl-12ebc720-05ee-4469-9130-5183c7181a17/datanode-5/data/ratis/c4d052ff-d404-4ff1-8872-156ee707f88f/sm/snapshot.1_6 took: 1 ms
2021-03-15 13:35:49,888 [Listener at 127.0.0.1/36325] INFO  ozone.MiniOzoneClusterImpl (MiniOzoneClusterImpl.java:getStorageContainerLocationClient(299)) - Creating StorageContainerLocationProtocol RPC client with address /0.0.0.0:35175
2021-03-15 13:35:50,008 [Listener at 127.0.0.1/36325] INFO  metrics.RatisMetrics (RatisMetrics.java:lambda$create$0(36)) - Creating Metrics Registry : ratis.client_message_metrics.client-4856DD2FE2CB->275eefd6-a602-4773-a0ea-a3b6f7cdc32e
2021-03-15 13:35:50,037 [EventQueue-IncrementalContainerReportForIncrementalContainerReportHandler] WARN  container.IncrementalContainerReportHandler (AbstractContainerReportHandler.java:updateContainerState(182)) - Container #1 is in OPEN state, but the datanode 275eefd6-a602-4773-a0ea-a3b6f7cdc32e{ip: 172.17.0.2, host: 287f2862ff4e, ports: [REPLICATION=37739, RATIS=44945, RATIS_ADMIN=44945, RATIS_SERVER=44945, STANDALONE=41613], networkLocation: /default-rack, certSerialId: null, persistedOpState: IN_SERVICE, persistedOpStateExpiryEpochSec: 0} reports an CLOSING replica.
2021-03-15 13:35:50,038 [RatisApplyTransactionExecutor 1] INFO  keyvalue.KeyValueContainer (KeyValueContainer.java:flushAndSyncDB(388)) - Container 1 is synced with bcsId 5.
2021-03-15 13:35:50,038 [RatisApplyTransactionExecutor 1] INFO  keyvalue.KeyValueContainer (KeyValueContainer.java:flushAndSyncDB(388)) - Container 1 is synced with bcsId 5.
2021-03-15 13:35:50,041 [RatisApplyTransactionExecutor 1] INFO  keyvalue.KeyValueContainer (KeyValueContainer.java:close(326)) - Container 1 is closed with bcsId 5.
2021-03-15 13:35:50,044 [EventQueue-ContainerReportForContainerReportHandler] WARN  container.ContainerReportHandler (AbstractContainerReportHandler.java:updateContainerState(182)) - Container #1 is in OPEN state, but the datanode 275eefd6-a602-4773-a0ea-a3b6f7cdc32e{ip: 172.17.0.2, host: 287f2862ff4e, ports: [REPLICATION=37739, RATIS=44945, RATIS_ADMIN=44945, RATIS_SERVER=44945, STANDALONE=41613], networkLocation: /default-rack, certSerialId: null, persistedOpState: IN_SERVICE, persistedOpStateExpiryEpochSec: 0} reports an CLOSING replica.
2021-03-15 13:35:50,045 [EventQueue-IncrementalContainerReportForIncrementalContainerReportHandler] WARN  container.IncrementalContainerReportHandler (AbstractContainerReportHandler.java:updateContainerState(182)) - Container #1 is in OPEN state, but the datanode 275eefd6-a602-4773-a0ea-a3b6f7cdc32e{ip: 172.17.0.2, host: 287f2862ff4e, ports: [REPLICATION=37739, RATIS=44945, RATIS_ADMIN=44945, RATIS_SERVER=44945, STANDALONE=41613], networkLocation: /default-rack, certSerialId: null, persistedOpState: IN_SERVICE, persistedOpStateExpiryEpochSec: 0} reports an CLOSED replica.
2021-03-15 13:35:50,048 [275eefd6-a602-4773-a0ea-a3b6f7cdc32e@group-156EE707F88F-StateMachineUpdater] INFO  ratis.ContainerStateMachine (ContainerStateMachine.java:takeSnapshot(291)) - group-156EE707F88F: Taking a snapshot at:(t:1, i:6) file /github/workspace/mnt/ozone/hadoop-ozone/integration-test/target/test-dir/MiniOzoneClusterImpl-12ebc720-05ee-4469-9130-5183c7181a17/datanode-5/data/ratis/c4d052ff-d404-4ff1-8872-156ee707f88f/sm/snapshot.1_6
2021-03-15 13:35:50,049 [275eefd6-a602-4773-a0ea-a3b6f7cdc32e@group-156EE707F88F-StateMachineUpdater] INFO  ratis.ContainerStateMachine (ContainerStateMachine.java:takeSnapshot(302)) - group-156EE707F88F: Finished taking a snapshot at:(t:1, i:6) file:/github/workspace/mnt/ozone/hadoop-ozone/integration-test/target/test-dir/MiniOzoneClusterImpl-12ebc720-05ee-4469-9130-5183c7181a17/datanode-5/data/ratis/c4d052ff-d404-4ff1-8872-156ee707f88f/sm/snapshot.1_6 took: 2 ms
2021-03-15 13:35:50,050 [275eefd6-a602-4773-a0ea-a3b6f7cdc32e@group-156EE707F88F-StateMachineUpdater] INFO  impl.StateMachineUpdater (StateMachineUpdater.java:takeSnapshot(279)) - 275eefd6-a602-4773-a0ea-a3b6f7cdc32e@group-156EE707F88F-StateMachineUpdater: Took a snapshot at index 6
2021-03-15 13:35:50,050 [275eefd6-a602-4773-a0ea-a3b6f7cdc32e@group-156EE707F88F-StateMachineUpdater] INFO  impl.StateMachineUpdater (StateMachineUpdater.java:lambda$new$0(88)) - 275eefd6-a602-4773-a0ea-a3b6f7cdc32e@group-156EE707F88F-StateMachineUpdater: snapshotIndex: updateIncreasingly 6 -> 6
2021-03-15 13:35:50,050 [275eefd6-a602-4773-a0ea-a3b6f7cdc32e@group-156EE707F88F-StateMachineUpdater] INFO  ratis.ContainerStateMachine (ContainerStateMachine.java:takeSnapshot(291)) - group-156EE707F88F: Taking a snapshot at:(t:1, i:6) file /github/workspace/mnt/ozone/hadoop-ozone/integration-test/target/test-dir/MiniOzoneClusterImpl-12ebc720-05ee-4469-9130-5183c7181a17/datanode-5/data/ratis/c4d052ff-d404-4ff1-8872-156ee707f88f/sm/snapshot.1_6
2021-03-15 13:35:50,052 [275eefd6-a602-4773-a0ea-a3b6f7cdc32e@group-156EE707F88F-StateMachineUpdater] INFO  ratis.ContainerStateMachine (ContainerStateMachine.java:takeSnapshot(302)) - group-156EE707F88F: Finished taking a snapshot at:(t:1, i:6) file:/github/workspace/mnt/ozone/hadoop-ozone/integration-test/target/test-dir/MiniOzoneClusterImpl-12ebc720-05ee-4469-9130-5183c7181a17/datanode-5/data/ratis/c4d052ff-d404-4ff1-8872-156ee707f88f/sm/snapshot.1_6 took: 2 ms
2021-03-15 13:35:50,052 [Listener at 127.0.0.1/36325] INFO  ratis.ContainerStateMachine (ContainerStateMachine.java:takeSnapshot(291)) - group-156EE707F88F: Taking a snapshot at:(t:1, i:6) file /github/workspace/mnt/ozone/hadoop-ozone/integration-test/target/test-dir/MiniOzoneClusterImpl-12ebc720-05ee-4469-9130-5183c7181a17/datanode-5/data/ratis/c4d052ff-d404-4ff1-8872-156ee707f88f/sm/snapshot.1_6
2021-03-15 13:35:50,052 [275eefd6-a602-4773-a0ea-a3b6f7cdc32e@group-156EE707F88F-StateMachineUpdater] INFO  impl.StateMachineUpdater (StateMachineUpdater.java:takeSnapshot(279)) - 275eefd6-a602-4773-a0ea-a3b6f7cdc32e@group-156EE707F88F-StateMachineUpdater: Took a snapshot at index 6
2021-03-15 13:35:50,052 [275eefd6-a602-4773-a0ea-a3b6f7cdc32e@group-156EE707F88F-StateMachineUpdater] INFO  impl.StateMachineUpdater (StateMachineUpdater.java:lambda$new$0(88)) - 275eefd6-a602-4773-a0ea-a3b6f7cdc32e@group-156EE707F88F-StateMachineUpdater: snapshotIndex: updateIncreasingly 6 -> 6
2021-03-15 13:35:50,053 [Listener at 127.0.0.1/36325] INFO  ratis.ContainerStateMachine (ContainerStateMachine.java:takeSnapshot(302)) - group-156EE707F88F: Finished taking a snapshot at:(t:1, i:6) file:/github/workspace/mnt/ozone/hadoop-ozone/integration-test/target/test-dir/MiniOzoneClusterImpl-12ebc720-05ee-4469-9130-5183c7181a17/datanode-5/data/ratis/c4d052ff-d404-4ff1-8872-156ee707f88f/sm/snapshot.1_6 took: 2 ms
]]></system-out>
  </testcase>
  <testcase name="testWriteStateMachineDataIdempotencyWithClosedContainer" classname="org.apache.hadoop.ozone.client.rpc.TestContainerStateMachineFailures" time="0.905"/>
  <testcase name="testContainerStateMachineFailures" classname="org.apache.hadoop.ozone.client.rpc.TestContainerStateMachineFailures" time="22.83"/>
  <testcase name="testUnhealthyContainer" classname="org.apache.hadoop.ozone.client.rpc.TestContainerStateMachineFailures" time="6.079"/>
  <testcase name="testApplyTransactionFailure" classname="org.apache.hadoop.ozone.client.rpc.TestContainerStateMachineFailures" time="6.055"/>
</testsuite>