<?xml version="1.0" encoding="UTF-8"?>
<testsuite xmlns:xsi="http://www.w3.org/2001/XMLSchema-instance" xsi:noNamespaceSchemaLocation="https://maven.apache.org/surefire/maven-surefire-plugin/xsd/surefire-test-report.xsd" name="org.apache.hadoop.ozone.client.rpc.TestBlockOutputStreamWithFailuresFlushDelay" time="448.1" tests="8" errors="0" skipped="0" failures="1">
  <properties>
    <property name="awt.toolkit" value="sun.awt.X11.XToolkit"/>
    <property name="file.encoding.pkg" value="sun.io"/>
    <property name="java.specification.version" value="1.8"/>
    <property name="sun.cpu.isalist" value=""/>
    <property name="sun.jnu.encoding" value="ANSI_X3.4-1968"/>
    <property name="java.class.path" value="/github/workspace/mnt/ozone/hadoop-ozone/integration-test/target/test-classes:/github/workspace/mnt/ozone/hadoop-ozone/integration-test/target/classes:/home/user/.m2/repository/org/apache/hadoop/hadoop-ozone-common/1.1.0-SNAPSHOT/hadoop-ozone-common-1.1.0-SNAPSHOT.jar:/home/user/.m2/repository/org/apache/commons/commons-compress/1.4.1/commons-compress-1.4.1.jar:/home/user/.m2/repository/org/tukaani/xz/1.0/xz-1.0.jar:/home/user/.m2/repository/org/apache/hadoop/hadoop-hdds-common/1.1.0-SNAPSHOT/hadoop-hdds-common-1.1.0-SNAPSHOT.jar:/home/user/.m2/repository/org/apache/hadoop/hadoop-hdds-client/1.1.0-SNAPSHOT/hadoop-hdds-client-1.1.0-SNAPSHOT.jar:/home/user/.m2/repository/org/apache/hadoop/hadoop-ozone-interface-client/1.1.0-SNAPSHOT/hadoop-ozone-interface-client-1.1.0-SNAPSHOT.jar:/home/user/.m2/repository/org/apache/hadoop/hadoop-hdds-test-utils/1.1.0-SNAPSHOT/hadoop-hdds-test-utils-1.1.0-SNAPSHOT.jar:/home/user/.m2/repository/com/google/guava/guava/28.2-jre/guava-28.2-jre.jar:/home/user/.m2/repository/com/google/guava/failureaccess/1.0.1/failureaccess-1.0.1.jar:/home/user/.m2/repository/com/google/guava/listenablefuture/9999.0-empty-to-avoid-conflict-with-guava/listenablefuture-9999.0-empty-to-avoid-conflict-with-guava.jar:/home/user/.m2/repository/com/google/code/findbugs/jsr305/3.0.0/jsr305-3.0.0.jar:/home/user/.m2/repository/org/checkerframework/checker-qual/2.10.0/checker-qual-2.10.0.jar:/home/user/.m2/repository/com/google/errorprone/error_prone_annotations/2.2.0/error_prone_annotations-2.2.0.jar:/home/user/.m2/repository/com/google/j2objc/j2objc-annotations/1.3/j2objc-annotations-1.3.jar:/home/user/.m2/repository/commons-io/commons-io/2.5/commons-io-2.5.jar:/home/user/.m2/repository/commons-logging/commons-logging/1.2/commons-logging-1.2.jar:/home/user/.m2/repository/log4j/log4j/1.2.17/log4j-1.2.17.jar:/home/user/.m2/repository/org/slf4j/slf4j-api/1.7.30/slf4j-api-1.7.30.jar:/home/user/.m2/repository/org/apache/hadoop/hadoop-hdds-server-scm/1.1.0-SNAPSHOT/hadoop-hdds-server-scm-1.1.0-SNAPSHOT.jar:/home/user/.m2/repository/org/apache/hadoop/hadoop-hdds-container-service/1.1.0-SNAPSHOT/hadoop-hdds-container-service-1.1.0-SNAPSHOT.jar:/home/user/.m2/repository/org/apache/hadoop/hadoop-hdds-hadoop-dependency-server/1.1.0-SNAPSHOT/hadoop-hdds-hadoop-dependency-server-1.1.0-SNAPSHOT.jar:/home/user/.m2/repository/org/apache/hadoop/hadoop-hdfs/3.2.2/hadoop-hdfs-3.2.2.jar:/home/user/.m2/repository/org/apache/hadoop/hadoop-hdds-server-framework/1.1.0-SNAPSHOT/hadoop-hdds-server-framework-1.1.0-SNAPSHOT.jar:/home/user/.m2/repository/org/apache/hadoop/hadoop-hdds-interface-server/1.1.0-SNAPSHOT/hadoop-hdds-interface-server-1.1.0-SNAPSHOT.jar:/home/user/.m2/repository/org/apache/hadoop/hadoop-hdds-interface-admin/1.1.0-SNAPSHOT/hadoop-hdds-interface-admin-1.1.0-SNAPSHOT.jar:/home/user/.m2/repository/org/eclipse/jetty/jetty-servlet/9.4.35.v20201120/jetty-servlet-9.4.35.v20201120.jar:/home/user/.m2/repository/org/eclipse/jetty/jetty-security/9.4.35.v20201120/jetty-security-9.4.35.v20201120.jar:/home/user/.m2/repository/org/rocksdb/rocksdbjni/6.8.1/rocksdbjni-6.8.1.jar:/home/user/.m2/repository/io/prometheus/simpleclient_dropwizard/0.7.0/simpleclient_dropwizard-0.7.0.jar:/home/user/.m2/repository/io/prometheus/simpleclient/0.7.0/simpleclient-0.7.0.jar:/home/user/.m2/repository/io/prometheus/simpleclient_common/0.7.0/simpleclient_common-0.7.0.jar:/home/user/.m2/repository/com/fasterxml/jackson/datatype/jackson-datatype-jsr310/2.12.1/jackson-datatype-jsr310-2.12.1.jar:/home/user/.m2/repository/io/dropwizard/metrics/metrics-core/3.2.4/metrics-core-3.2.4.jar:/home/user/.m2/repository/org/apache/hadoop/hadoop-hdfs-client/3.2.2/hadoop-hdfs-client-3.2.2.jar:/home/user/.m2/repository/org/bouncycastle/bcprov-jdk15on/1.67/bcprov-jdk15on-1.67.jar:/home/user/.m2/repository/org/apache/hadoop/hadoop-ozone-ozone-manager/1.1.0-SNAPSHOT/hadoop-ozone-ozone-manager-1.1.0-SNAPSHOT.jar:/home/user/.m2/repository/org/apache/hadoop/hadoop-hdds-interface-client/1.1.0-SNAPSHOT/hadoop-hdds-interface-client-1.1.0-SNAPSHOT.jar:/home/user/.m2/repository/org/apache/ratis/ratis-thirdparty-misc/0.6.0/ratis-thirdparty-misc-0.6.0.jar:/home/user/.m2/repository/org/apache/hadoop/hadoop-ozone-interface-storage/1.1.0-SNAPSHOT/hadoop-ozone-interface-storage-1.1.0-SNAPSHOT.jar:/home/user/.m2/repository/org/apache/hadoop/hadoop-minikdc/3.2.2/hadoop-minikdc-3.2.2.jar:/home/user/.m2/repository/org/apache/kerby/kerb-simplekdc/1.0.1/kerb-simplekdc-1.0.1.jar:/home/user/.m2/repository/org/apache/kerby/kerb-client/1.0.1/kerb-client-1.0.1.jar:/home/user/.m2/repository/org/apache/kerby/kerby-config/1.0.1/kerby-config-1.0.1.jar:/home/user/.m2/repository/org/apache/kerby/kerb-core/1.0.1/kerb-core-1.0.1.jar:/home/user/.m2/repository/org/apache/kerby/kerby-pkix/1.0.1/kerby-pkix-1.0.1.jar:/home/user/.m2/repository/org/apache/kerby/kerby-asn1/1.0.1/kerby-asn1-1.0.1.jar:/home/user/.m2/repository/org/apache/kerby/kerby-util/1.0.1/kerby-util-1.0.1.jar:/home/user/.m2/repository/org/apache/kerby/kerb-common/1.0.1/kerb-common-1.0.1.jar:/home/user/.m2/repository/org/apache/kerby/kerb-crypto/1.0.1/kerb-crypto-1.0.1.jar:/home/user/.m2/repository/org/apache/kerby/kerb-util/1.0.1/kerb-util-1.0.1.jar:/home/user/.m2/repository/org/apache/kerby/token-provider/1.0.1/token-provider-1.0.1.jar:/home/user/.m2/repository/org/apache/kerby/kerb-admin/1.0.1/kerb-admin-1.0.1.jar:/home/user/.m2/repository/org/apache/kerby/kerb-server/1.0.1/kerb-server-1.0.1.jar:/home/user/.m2/repository/org/apache/kerby/kerb-identity/1.0.1/kerb-identity-1.0.1.jar:/home/user/.m2/repository/org/apache/kerby/kerby-xdr/1.0.1/kerby-xdr-1.0.1.jar:/home/user/.m2/repository/org/slf4j/slf4j-log4j12/1.7.30/slf4j-log4j12-1.7.30.jar:/home/user/.m2/repository/org/apache/hadoop/hadoop-ozone-s3gateway/1.1.0-SNAPSHOT/hadoop-ozone-s3gateway-1.1.0-SNAPSHOT.jar:/home/user/.m2/repository/org/jboss/weld/servlet/weld-servlet/2.4.7.Final/weld-servlet-2.4.7.Final.jar:/home/user/.m2/repository/org/glassfish/jersey/containers/jersey-container-servlet-core/2.27/jersey-container-servlet-core-2.27.jar:/home/user/.m2/repository/org/glassfish/hk2/external/javax.inject/2.5.0-b42/javax.inject-2.5.0-b42.jar:/home/user/.m2/repository/org/glassfish/jersey/core/jersey-common/2.27/jersey-common-2.27.jar:/home/user/.m2/repository/org/glassfish/hk2/osgi-resource-locator/1.0.1/osgi-resource-locator-1.0.1.jar:/home/user/.m2/repository/javax/ws/rs/javax.ws.rs-api/2.1/javax.ws.rs-api-2.1.jar:/home/user/.m2/repository/org/glassfish/jersey/ext/cdi/jersey-cdi1x/2.27/jersey-cdi1x-2.27.jar:/home/user/.m2/repository/org/glassfish/jersey/inject/jersey-hk2/2.27/jersey-hk2-2.27.jar:/home/user/.m2/repository/org/glassfish/hk2/hk2-locator/2.5.0-b42/hk2-locator-2.5.0-b42.jar:/home/user/.m2/repository/org/javassist/javassist/3.22.0-CR2/javassist-3.22.0-CR2.jar:/home/user/.m2/repository/org/glassfish/hk2/hk2-api/2.5.0/hk2-api-2.5.0.jar:/home/user/.m2/repository/org/glassfish/hk2/external/jakarta.inject/2.5.0/jakarta.inject-2.5.0.jar:/home/user/.m2/repository/org/glassfish/hk2/hk2-utils/2.5.0/hk2-utils-2.5.0.jar:/home/user/.m2/repository/jakarta/annotation/jakarta.annotation-api/1.3.4/jakarta.annotation-api-1.3.4.jar:/home/user/.m2/repository/org/glassfish/hk2/external/aopalliance-repackaged/2.5.0/aopalliance-repackaged-2.5.0.jar:/home/user/.m2/repository/com/fasterxml/jackson/dataformat/jackson-dataformat-xml/2.12.1/jackson-dataformat-xml-2.12.1.jar:/home/user/.m2/repository/com/fasterxml/jackson/core/jackson-core/2.12.1/jackson-core-2.12.1.jar:/home/user/.m2/repository/com/fasterxml/jackson/module/jackson-module-jaxb-annotations/2.12.1/jackson-module-jaxb-annotations-2.12.1.jar:/home/user/.m2/repository/jakarta/xml/bind/jakarta.xml.bind-api/2.3.2/jakarta.xml.bind-api-2.3.2.jar:/home/user/.m2/repository/jakarta/activation/jakarta.activation-api/1.2.1/jakarta.activation-api-1.2.1.jar:/home/user/.m2/repository/org/codehaus/woodstox/stax2-api/3.1.4/stax2-api-3.1.4.jar:/home/user/.m2/repository/com/fasterxml/woodstox/woodstox-core/5.0.3/woodstox-core-5.0.3.jar:/home/user/.m2/repository/javax/enterprise/cdi-api/1.2/cdi-api-1.2.jar:/home/user/.m2/repository/javax/el/javax.el-api/3.0.0/javax.el-api-3.0.0.jar:/home/user/.m2/repository/javax/interceptor/javax.interceptor-api/1.2/javax.interceptor-api-1.2.jar:/home/user/.m2/repository/javax/inject/javax.inject/1/javax.inject-1.jar:/home/user/.m2/repository/com/sun/xml/bind/jaxb-impl/2.3.0.1/jaxb-impl-2.3.0.1.jar:/home/user/.m2/repository/com/sun/xml/bind/jaxb-core/2.3.0.1/jaxb-core-2.3.0.1.jar:/home/user/.m2/repository/javax/xml/bind/jaxb-api/2.3.0/jaxb-api-2.3.0.jar:/home/user/.m2/repository/javax/activation/activation/1.1.1/activation-1.1.1.jar:/home/user/.m2/repository/org/apache/hadoop/hadoop-ozone-csi/1.1.0-SNAPSHOT/hadoop-ozone-csi-1.1.0-SNAPSHOT.jar:/home/user/.m2/repository/com/google/protobuf/protobuf-java-util/3.12.0/protobuf-java-util-3.12.0.jar:/home/user/.m2/repository/com/google/code/gson/gson/2.2.4/gson-2.2.4.jar:/home/user/.m2/repository/org/apache/hadoop/hadoop-hdds-config/1.1.0-SNAPSHOT/hadoop-hdds-config-1.1.0-SNAPSHOT.jar:/home/user/.m2/repository/com/google/protobuf/protobuf-java/2.5.0/protobuf-java-2.5.0.jar:/home/user/.m2/repository/io/grpc/grpc-netty/1.33.0/grpc-netty-1.33.0.jar:/home/user/.m2/repository/io/grpc/grpc-core/1.33.0/grpc-core-1.33.0.jar:/home/user/.m2/repository/com/google/android/annotations/4.1.1.4/annotations-4.1.1.4.jar:/home/user/.m2/repository/io/netty/netty-codec-http2/4.1.51.Final/netty-codec-http2-4.1.51.Final.jar:/home/user/.m2/repository/io/netty/netty-codec/4.1.51.Final/netty-codec-4.1.51.Final.jar:/home/user/.m2/repository/io/netty/netty-handler/4.1.51.Final/netty-handler-4.1.51.Final.jar:/home/user/.m2/repository/io/netty/netty-codec-http/4.1.51.Final/netty-codec-http-4.1.51.Final.jar:/home/user/.m2/repository/io/netty/netty-handler-proxy/4.1.51.Final/netty-handler-proxy-4.1.51.Final.jar:/home/user/.m2/repository/io/netty/netty-codec-socks/4.1.51.Final/netty-codec-socks-4.1.51.Final.jar:/home/user/.m2/repository/io/perfmark/perfmark-api/0.19.0/perfmark-api-0.19.0.jar:/home/user/.m2/repository/org/codehaus/mojo/animal-sniffer-annotations/1.18/animal-sniffer-annotations-1.18.jar:/home/user/.m2/repository/io/netty/netty-transport-native-epoll/4.1.51.Final/netty-transport-native-epoll-4.1.51.Final.jar:/home/user/.m2/repository/io/netty/netty-common/4.1.51.Final/netty-common-4.1.51.Final.jar:/home/user/.m2/repository/io/netty/netty-buffer/4.1.51.Final/netty-buffer-4.1.51.Final.jar:/home/user/.m2/repository/io/netty/netty-transport/4.1.51.Final/netty-transport-4.1.51.Final.jar:/home/user/.m2/repository/io/netty/netty-resolver/4.1.51.Final/netty-resolver-4.1.51.Final.jar:/home/user/.m2/repository/io/netty/netty-transport-native-unix-common/4.1.51.Final/netty-transport-native-unix-common-4.1.51.Final.jar:/home/user/.m2/repository/io/grpc/grpc-protobuf/1.33.0/grpc-protobuf-1.33.0.jar:/home/user/.m2/repository/io/grpc/grpc-api/1.33.0/grpc-api-1.33.0.jar:/home/user/.m2/repository/io/grpc/grpc-context/1.33.0/grpc-context-1.33.0.jar:/home/user/.m2/repository/com/google/api/grpc/proto-google-common-protos/1.17.0/proto-google-common-protos-1.17.0.jar:/home/user/.m2/repository/io/grpc/grpc-protobuf-lite/1.33.0/grpc-protobuf-lite-1.33.0.jar:/home/user/.m2/repository/io/grpc/grpc-stub/1.33.0/grpc-stub-1.33.0.jar:/home/user/.m2/repository/org/apache/hadoop/hadoop-ozone-recon/1.1.0-SNAPSHOT/hadoop-ozone-recon-1.1.0-SNAPSHOT.jar:/home/user/.m2/repository/org/apache/hadoop/hadoop-ozone-reconcodegen/1.1.0-SNAPSHOT/hadoop-ozone-reconcodegen-1.1.0-SNAPSHOT.jar:/home/user/.m2/repository/com/google/inject/extensions/guice-multibindings/4.0/guice-multibindings-4.0.jar:/home/user/.m2/repository/com/google/inject/guice/4.0/guice-4.0.jar:/home/user/.m2/repository/aopalliance/aopalliance/1.0/aopalliance-1.0.jar:/home/user/.m2/repository/com/google/inject/extensions/guice-assistedinject/4.0/guice-assistedinject-4.0.jar:/home/user/.m2/repository/com/google/inject/extensions/guice-servlet/4.0/guice-servlet-4.0.jar:/home/user/.m2/repository/org/glassfish/jersey/containers/jersey-container-servlet/2.27/jersey-container-servlet-2.27.jar:/home/user/.m2/repository/org/glassfish/hk2/guice-bridge/2.5.0/guice-bridge-2.5.0.jar:/home/user/.m2/repository/org/glassfish/jersey/core/jersey-server/2.27/jersey-server-2.27.jar:/home/user/.m2/repository/org/glassfish/jersey/core/jersey-client/2.27/jersey-client-2.27.jar:/home/user/.m2/repository/org/glassfish/jersey/media/jersey-media-jaxb/2.27/jersey-media-jaxb-2.27.jar:/home/user/.m2/repository/javax/validation/validation-api/1.1.0.Final/validation-api-1.1.0.Final.jar:/home/user/.m2/repository/org/glassfish/jersey/media/jersey-media-json-jackson/2.27/jersey-media-json-jackson-2.27.jar:/home/user/.m2/repository/org/glassfish/jersey/ext/jersey-entity-filtering/2.27/jersey-entity-filtering-2.27.jar:/home/user/.m2/repository/org/jooq/jooq/3.11.10/jooq-3.11.10.jar:/home/user/.m2/repository/org/jooq/jooq-meta/3.11.10/jooq-meta-3.11.10.jar:/home/user/.m2/repository/org/jooq/jooq-codegen/3.11.10/jooq-codegen-3.11.10.jar:/home/user/.m2/repository/com/jolbox/bonecp/0.8.0.RELEASE/bonecp-0.8.0.RELEASE.jar:/home/user/.m2/repository/org/apache/derby/derby/10.14.2.0/derby-10.14.2.0.jar:/home/user/.m2/repository/org/xerial/sqlite-jdbc/3.25.2/sqlite-jdbc-3.25.2.jar:/home/user/.m2/repository/org/springframework/spring-jdbc/5.2.11.RELEASE/spring-jdbc-5.2.11.RELEASE.jar:/home/user/.m2/repository/org/springframework/spring-beans/5.2.11.RELEASE/spring-beans-5.2.11.RELEASE.jar:/home/user/.m2/repository/org/springframework/spring-core/5.2.11.RELEASE/spring-core-5.2.11.RELEASE.jar:/home/user/.m2/repository/org/springframework/spring-jcl/5.2.11.RELEASE/spring-jcl-5.2.11.RELEASE.jar:/home/user/.m2/repository/org/springframework/spring-tx/5.2.11.RELEASE/spring-tx-5.2.11.RELEASE.jar:/home/user/.m2/repository/org/apache/hadoop/hadoop-ozone-client/1.1.0-SNAPSHOT/hadoop-ozone-client-1.1.0-SNAPSHOT.jar:/home/user/.m2/repository/org/apache/hadoop/hadoop-ozone-filesystem/1.1.0-SNAPSHOT/hadoop-ozone-filesystem-1.1.0-SNAPSHOT.jar:/home/user/.m2/repository/org/apache/hadoop/hadoop-ozone-filesystem-common/1.1.0-SNAPSHOT/hadoop-ozone-filesystem-common-1.1.0-SNAPSHOT.jar:/home/user/.m2/repository/org/apache/hadoop/hadoop-ozone-tools/1.1.0-SNAPSHOT/hadoop-ozone-tools-1.1.0-SNAPSHOT.jar:/home/user/.m2/repository/org/apache/ratis/ratis-tools/1.1.0-0bdf24f-SNAPSHOT/ratis-tools-1.1.0-0bdf24f-SNAPSHOT.jar:/home/user/.m2/repository/org/apache/ratis/ratis-proto/1.1.0-0bdf24f-SNAPSHOT/ratis-proto-1.1.0-0bdf24f-SNAPSHOT.jar:/home/user/.m2/repository/org/apache/ratis/ratis-common/1.1.0-0bdf24f-SNAPSHOT/ratis-common-1.1.0-0bdf24f-SNAPSHOT.jar:/home/user/.m2/repository/com/amazonaws/aws-java-sdk-core/1.11.901/aws-java-sdk-core-1.11.901.jar:/home/user/.m2/repository/org/apache/httpcomponents/httpclient/4.5.13/httpclient-4.5.13.jar:/home/user/.m2/repository/org/apache/httpcomponents/httpcore/4.4.13/httpcore-4.4.13.jar:/home/user/.m2/repository/software/amazon/ion/ion-java/1.0.2/ion-java-1.0.2.jar:/home/user/.m2/repository/com/fasterxml/jackson/dataformat/jackson-dataformat-cbor/2.12.1/jackson-dataformat-cbor-2.12.1.jar:/home/user/.m2/repository/joda-time/joda-time/2.8.1/joda-time-2.8.1.jar:/home/user/.m2/repository/com/amazonaws/aws-java-sdk-s3/1.11.901/aws-java-sdk-s3-1.11.901.jar:/home/user/.m2/repository/com/amazonaws/aws-java-sdk-kms/1.11.901/aws-java-sdk-kms-1.11.901.jar:/home/user/.m2/repository/com/amazonaws/jmespath-java/1.11.901/jmespath-java-1.11.901.jar:/home/user/.m2/repository/org/kohsuke/metainf-services/metainf-services/1.8/metainf-services-1.8.jar:/home/user/.m2/repository/org/apache/hadoop/hadoop-hdds-tools/1.1.0-SNAPSHOT/hadoop-hdds-tools-1.1.0-SNAPSHOT.jar:/home/user/.m2/repository/commons-cli/commons-cli/1.2/commons-cli-1.2.jar:/home/user/.m2/repository/org/apache/commons/commons-lang3/3.7/commons-lang3-3.7.jar:/home/user/.m2/repository/org/apache/hadoop/hadoop-ozone-ozone-manager/1.1.0-SNAPSHOT/hadoop-ozone-ozone-manager-1.1.0-SNAPSHOT-tests.jar:/home/user/.m2/repository/org/apache/hadoop/hadoop-hdds-common/1.1.0-SNAPSHOT/hadoop-hdds-common-1.1.0-SNAPSHOT-tests.jar:/home/user/.m2/repository/org/apache/hadoop/hadoop-hdds-hadoop-dependency-client/1.1.0-SNAPSHOT/hadoop-hdds-hadoop-dependency-client-1.1.0-SNAPSHOT.jar:/home/user/.m2/repository/info/picocli/picocli/4.4.0/picocli-4.4.0.jar:/home/user/.m2/repository/com/fasterxml/jackson/core/jackson-annotations/2.12.1/jackson-annotations-2.12.1.jar:/home/user/.m2/repository/javax/annotation/javax.annotation-api/1.2/javax.annotation-api-1.2.jar:/home/user/.m2/repository/org/fusesource/leveldbjni/leveldbjni-all/1.8/leveldbjni-all-1.8.jar:/home/user/.m2/repository/org/apache/ratis/ratis-server/1.1.0-0bdf24f-SNAPSHOT/ratis-server-1.1.0-0bdf24f-SNAPSHOT.jar:/home/user/.m2/repository/org/apache/ratis/ratis-client/1.1.0-0bdf24f-SNAPSHOT/ratis-client-1.1.0-0bdf24f-SNAPSHOT.jar:/home/user/.m2/repository/org/apache/ratis/ratis-server-api/1.1.0-0bdf24f-SNAPSHOT/ratis-server-api-1.1.0-0bdf24f-SNAPSHOT.jar:/home/user/.m2/repository/org/apache/ratis/ratis-metrics/1.1.0-0bdf24f-SNAPSHOT/ratis-metrics-1.1.0-0bdf24f-SNAPSHOT.jar:/home/user/.m2/repository/org/apache/ratis/ratis-netty/1.1.0-0bdf24f-SNAPSHOT/ratis-netty-1.1.0-0bdf24f-SNAPSHOT.jar:/home/user/.m2/repository/org/apache/ratis/ratis-grpc/1.1.0-0bdf24f-SNAPSHOT/ratis-grpc-1.1.0-0bdf24f-SNAPSHOT.jar:/home/user/.m2/repository/org/apache/logging/log4j/log4j-api/2.13.3/log4j-api-2.13.3.jar:/home/user/.m2/repository/org/apache/logging/log4j/log4j-core/2.13.3/log4j-core-2.13.3.jar:/home/user/.m2/repository/com/lmax/disruptor/3.4.2/disruptor-3.4.2.jar:/home/user/.m2/repository/org/apache/commons/commons-pool2/2.6.0/commons-pool2-2.6.0.jar:/home/user/.m2/repository/org/bouncycastle/bcpkix-jdk15on/1.67/bcpkix-jdk15on-1.67.jar:/home/user/.m2/repository/commons-validator/commons-validator/1.6/commons-validator-1.6.jar:/home/user/.m2/repository/commons-beanutils/commons-beanutils/1.9.4/commons-beanutils-1.9.4.jar:/home/user/.m2/repository/commons-digester/commons-digester/1.8.1/commons-digester-1.8.1.jar:/home/user/.m2/repository/commons-collections/commons-collections/3.2.2/commons-collections-3.2.2.jar:/home/user/.m2/repository/io/jaegertracing/jaeger-client/1.2.0/jaeger-client-1.2.0.jar:/home/user/.m2/repository/io/jaegertracing/jaeger-thrift/1.2.0/jaeger-thrift-1.2.0.jar:/home/user/.m2/repository/org/apache/thrift/libthrift/0.13.0/libthrift-0.13.0.jar:/home/user/.m2/repository/com/squareup/okhttp3/okhttp/4.2.2/okhttp-4.2.2.jar:/home/user/.m2/repository/com/squareup/okio/okio/2.2.2/okio-2.2.2.jar:/home/user/.m2/repository/org/jetbrains/kotlin/kotlin-stdlib/1.3.50/kotlin-stdlib-1.3.50.jar:/home/user/.m2/repository/org/jetbrains/kotlin/kotlin-stdlib-common/1.3.50/kotlin-stdlib-common-1.3.50.jar:/home/user/.m2/repository/org/jetbrains/annotations/13.0/annotations-13.0.jar:/home/user/.m2/repository/io/jaegertracing/jaeger-core/1.2.0/jaeger-core-1.2.0.jar:/home/user/.m2/repository/io/jaegertracing/jaeger-tracerresolver/1.2.0/jaeger-tracerresolver-1.2.0.jar:/home/user/.m2/repository/io/opentracing/contrib/opentracing-tracerresolver/0.1.8/opentracing-tracerresolver-0.1.8.jar:/home/user/.m2/repository/io/opentracing/opentracing-util/0.33.0/opentracing-util-0.33.0.jar:/home/user/.m2/repository/io/opentracing/opentracing-api/0.33.0/opentracing-api-0.33.0.jar:/home/user/.m2/repository/io/opentracing/opentracing-noop/0.33.0/opentracing-noop-0.33.0.jar:/home/user/.m2/repository/org/yaml/snakeyaml/1.26/snakeyaml-1.26.jar:/home/user/.m2/repository/junit/junit/4.13.1/junit-4.13.1.jar:/home/user/.m2/repository/org/hamcrest/hamcrest-core/1.3/hamcrest-core-1.3.jar:/home/user/.m2/repository/org/junit/jupiter/junit-jupiter-api/5.7.0/junit-jupiter-api-5.7.0.jar:/home/user/.m2/repository/org/apiguardian/apiguardian-api/1.1.0/apiguardian-api-1.1.0.jar:/home/user/.m2/repository/org/opentest4j/opentest4j/1.2.0/opentest4j-1.2.0.jar:/home/user/.m2/repository/org/junit/platform/junit-platform-commons/1.7.0/junit-platform-commons-1.7.0.jar:/home/user/.m2/repository/org/junit/jupiter/junit-jupiter-engine/5.7.0/junit-jupiter-engine-5.7.0.jar:/home/user/.m2/repository/org/junit/platform/junit-platform-engine/1.7.0/junit-platform-engine-1.7.0.jar:/home/user/.m2/repository/org/junit/vintage/junit-vintage-engine/5.7.0/junit-vintage-engine-5.7.0.jar:/home/user/.m2/repository/org/junit/platform/junit-platform-launcher/1.7.0/junit-platform-launcher-1.7.0.jar:/home/user/.m2/repository/org/openjdk/jmh/jmh-core/1.19/jmh-core-1.19.jar:/home/user/.m2/repository/net/sf/jopt-simple/jopt-simple/4.6/jopt-simple-4.6.jar:/home/user/.m2/repository/org/apache/commons/commons-math3/3.1.1/commons-math3-3.1.1.jar:/home/user/.m2/repository/org/openjdk/jmh/jmh-generator-annprocess/1.19/jmh-generator-annprocess-1.19.jar:/home/user/.m2/repository/org/mockito/mockito-all/1.8.5/mockito-all-1.8.5.jar:/home/user/.m2/repository/org/apache/hadoop/hadoop-kms/3.2.2/hadoop-kms-3.2.2.jar:/home/user/.m2/repository/org/apache/hadoop/hadoop-auth/3.2.2/hadoop-auth-3.2.2.jar:/home/user/.m2/repository/com/nimbusds/nimbus-jose-jwt/7.9/nimbus-jose-jwt-7.9.jar:/home/user/.m2/repository/com/github/stephenc/jcip/jcip-annotations/1.0-1/jcip-annotations-1.0-1.jar:/home/user/.m2/repository/net/minidev/json-smart/2.3/json-smart-2.3.jar:/home/user/.m2/repository/net/minidev/accessors-smart/1.2/accessors-smart-1.2.jar:/home/user/.m2/repository/org/ow2/asm/asm/5.0.4/asm-5.0.4.jar:/home/user/.m2/repository/org/apache/zookeeper/zookeeper/3.4.13/zookeeper-3.4.13.jar:/home/user/.m2/repository/org/apache/yetus/audience-annotations/0.5.0/audience-annotations-0.5.0.jar:/home/user/.m2/repository/org/apache/curator/curator-framework/2.13.0/curator-framework-2.13.0.jar:/home/user/.m2/repository/com/sun/jersey/jersey-core/1.19/jersey-core-1.19.jar:/home/user/.m2/repository/javax/ws/rs/jsr311-api/1.1.1/jsr311-api-1.1.1.jar:/home/user/.m2/repository/com/sun/jersey/jersey-server/1.19/jersey-server-1.19.jar:/home/user/.m2/repository/javax/servlet/javax.servlet-api/3.1.0/javax.servlet-api-3.1.0.jar:/home/user/.m2/repository/org/eclipse/jetty/jetty-server/9.4.35.v20201120/jetty-server-9.4.35.v20201120.jar:/home/user/.m2/repository/org/eclipse/jetty/jetty-http/9.4.35.v20201120/jetty-http-9.4.35.v20201120.jar:/home/user/.m2/repository/org/eclipse/jetty/jetty-io/9.4.35.v20201120/jetty-io-9.4.35.v20201120.jar:/home/user/.m2/repository/org/eclipse/jetty/jetty-webapp/9.4.35.v20201120/jetty-webapp-9.4.35.v20201120.jar:/home/user/.m2/repository/org/eclipse/jetty/jetty-xml/9.4.35.v20201120/jetty-xml-9.4.35.v20201120.jar:/home/user/.m2/repository/org/apache/hadoop/hadoop-common/3.2.2/hadoop-common-3.2.2.jar:/home/user/.m2/repository/commons-net/commons-net/3.6/commons-net-3.6.jar:/home/user/.m2/repository/javax/activation/javax.activation-api/1.2.0/javax.activation-api-1.2.0.jar:/home/user/.m2/repository/com/sun/jersey/jersey-servlet/1.19/jersey-servlet-1.19.jar:/home/user/.m2/repository/com/sun/jersey/jersey-json/1.19/jersey-json-1.19.jar:/home/user/.m2/repository/org/codehaus/jettison/jettison/1.1/jettison-1.1.jar:/home/user/.m2/repository/org/codehaus/jackson/jackson-jaxrs/1.9.2/jackson-jaxrs-1.9.2.jar:/home/user/.m2/repository/org/codehaus/jackson/jackson-xc/1.9.2/jackson-xc-1.9.2.jar:/home/user/.m2/repository/org/apache/commons/commons-configuration2/2.1.1/commons-configuration2-2.1.1.jar:/home/user/.m2/repository/org/apache/commons/commons-text/1.4/commons-text-1.4.jar:/home/user/.m2/repository/com/google/re2j/re2j/1.1/re2j-1.1.jar:/home/user/.m2/repository/com/jcraft/jsch/0.1.54/jsch-0.1.54.jar:/home/user/.m2/repository/org/apache/curator/curator-client/2.13.0/curator-client-2.13.0.jar:/home/user/.m2/repository/org/apache/curator/curator-recipes/2.13.0/curator-recipes-2.13.0.jar:/home/user/.m2/repository/dnsjava/dnsjava/2.1.7/dnsjava-2.1.7.jar:/home/user/.m2/repository/org/slf4j/jul-to-slf4j/1.7.30/jul-to-slf4j-1.7.30.jar:/home/user/.m2/repository/org/eclipse/jetty/jetty-util/9.4.35.v20201120/jetty-util-9.4.35.v20201120.jar:/home/user/.m2/repository/com/fasterxml/jackson/core/jackson-databind/2.12.1/jackson-databind-2.12.1.jar:/home/user/.m2/repository/org/apache/hadoop/hadoop-kms/3.2.2/hadoop-kms-3.2.2-tests.jar:/home/user/.m2/repository/org/apache/hadoop/hadoop-hdds-server-scm/1.1.0-SNAPSHOT/hadoop-hdds-server-scm-1.1.0-SNAPSHOT-tests.jar:/home/user/.m2/repository/org/apache/hadoop/hadoop-hdds-container-service/1.1.0-SNAPSHOT/hadoop-hdds-container-service-1.1.0-SNAPSHOT-tests.jar:/home/user/.m2/repository/commons-codec/commons-codec/1.11/commons-codec-1.11.jar:/home/user/.m2/repository/org/apache/hadoop/hadoop-hdds-hadoop-dependency-test/1.1.0-SNAPSHOT/hadoop-hdds-hadoop-dependency-test-1.1.0-SNAPSHOT.jar:/home/user/.m2/repository/org/apache/hadoop/hadoop-common/3.2.2/hadoop-common-3.2.2-tests.jar:/home/user/.m2/repository/org/apache/hadoop/hadoop-hdfs/3.2.2/hadoop-hdfs-3.2.2-tests.jar:/home/user/.m2/repository/org/eclipse/jetty/jetty-util-ajax/9.4.35.v20201120/jetty-util-ajax-9.4.35.v20201120.jar:/home/user/.m2/repository/commons-daemon/commons-daemon/1.0.13/commons-daemon-1.0.13.jar:/home/user/.m2/repository/io/netty/netty/3.10.6.Final/netty-3.10.6.Final.jar:/home/user/.m2/repository/io/netty/netty-all/4.1.51.Final/netty-all-4.1.51.Final.jar:/home/user/.m2/repository/org/apache/htrace/htrace-core4/4.1.0-incubating/htrace-core4-4.1.0-incubating.jar:/home/user/.m2/repository/org/apache/hadoop/hadoop-distcp/3.2.2/hadoop-distcp-3.2.2.jar:/home/user/.m2/repository/org/apache/hadoop/hadoop-mapreduce-client-jobclient/3.2.2/hadoop-mapreduce-client-jobclient-3.2.2.jar:/home/user/.m2/repository/org/apache/hadoop/hadoop-mapreduce-client-common/3.2.2/hadoop-mapreduce-client-common-3.2.2.jar:/home/user/.m2/repository/org/apache/hadoop/hadoop-yarn-common/3.2.2/hadoop-yarn-common-3.2.2.jar:/home/user/.m2/repository/org/apache/hadoop/hadoop-yarn-api/3.2.2/hadoop-yarn-api-3.2.2.jar:/home/user/.m2/repository/com/sun/jersey/jersey-client/1.19/jersey-client-1.19.jar:/home/user/.m2/repository/com/sun/jersey/contribs/jersey-guice/1.19/jersey-guice-1.19.jar:/home/user/.m2/repository/com/fasterxml/jackson/jaxrs/jackson-jaxrs-json-provider/2.12.1/jackson-jaxrs-json-provider-2.12.1.jar:/home/user/.m2/repository/com/fasterxml/jackson/jaxrs/jackson-jaxrs-base/2.12.1/jackson-jaxrs-base-2.12.1.jar:/home/user/.m2/repository/org/apache/hadoop/hadoop-yarn-client/3.2.2/hadoop-yarn-client-3.2.2.jar:/home/user/.m2/repository/org/apache/hadoop/hadoop-mapreduce-client-core/3.2.2/hadoop-mapreduce-client-core-3.2.2.jar:/home/user/.m2/repository/org/apache/avro/avro/1.7.7/avro-1.7.7.jar:/home/user/.m2/repository/org/codehaus/jackson/jackson-core-asl/1.9.13/jackson-core-asl-1.9.13.jar:/home/user/.m2/repository/org/codehaus/jackson/jackson-mapper-asl/1.9.13/jackson-mapper-asl-1.9.13.jar:/home/user/.m2/repository/com/thoughtworks/paranamer/paranamer/2.3/paranamer-2.3.jar:/home/user/.m2/repository/org/xerial/snappy/snappy-java/1.0.5/snappy-java-1.0.5.jar:/home/user/.m2/repository/org/apache/hadoop/hadoop-annotations/3.2.2/hadoop-annotations-3.2.2.jar:/usr/lib/jvm/java-1.8.0-openjdk-1.8.0.232.b09-0.el7_7.x86_64/jre/../lib/tools.jar:/home/user/.m2/repository/org/apache/hadoop/hadoop-distcp/3.2.2/hadoop-distcp-3.2.2-tests.jar:"/>
    <property name="java.vm.vendor" value="Oracle Corporation"/>
    <property name="sun.arch.data.model" value="64"/>
    <property name="test.build.dir" value="/github/workspace/mnt/ozone/hadoop-ozone/integration-test/target/test-dir"/>
    <property name="test.cache.data" value=""/>
    <property name="java.vendor.url" value="http://java.oracle.com/"/>
    <property name="user.timezone" value=""/>
    <property name="java.vm.specification.version" value="1.8"/>
    <property name="os.name" value="Linux"/>
    <property name="test.build.data" value="/github/workspace/mnt/ozone/hadoop-ozone/integration-test/target/test-dir"/>
    <property name="user.country" value="US"/>
    <property name="sun.java.launcher" value="SUN_STANDARD"/>
    <property name="sun.boot.library.path" value="/usr/lib/jvm/java-1.8.0-openjdk-1.8.0.232.b09-0.el7_7.x86_64/jre/lib/amd64"/>
    <property name="sun.java.command" value="/github/workspace/mnt/ozone/hadoop-ozone/integration-test/target/surefire/surefirebooter1100188580658359492.jar /github/workspace/mnt/ozone/hadoop-ozone/integration-test/target/surefire 2021-03-15T13-13-02_067-jvmRun1 surefire1997585137328398358tmp surefire_22467488281574429183tmp"/>
    <property name="surefire.test.class.path" value="/github/workspace/mnt/ozone/hadoop-ozone/integration-test/target/test-classes:/github/workspace/mnt/ozone/hadoop-ozone/integration-test/target/classes:/home/user/.m2/repository/org/apache/hadoop/hadoop-ozone-common/1.1.0-SNAPSHOT/hadoop-ozone-common-1.1.0-SNAPSHOT.jar:/home/user/.m2/repository/org/apache/commons/commons-compress/1.4.1/commons-compress-1.4.1.jar:/home/user/.m2/repository/org/tukaani/xz/1.0/xz-1.0.jar:/home/user/.m2/repository/org/apache/hadoop/hadoop-hdds-common/1.1.0-SNAPSHOT/hadoop-hdds-common-1.1.0-SNAPSHOT.jar:/home/user/.m2/repository/org/apache/hadoop/hadoop-hdds-client/1.1.0-SNAPSHOT/hadoop-hdds-client-1.1.0-SNAPSHOT.jar:/home/user/.m2/repository/org/apache/hadoop/hadoop-ozone-interface-client/1.1.0-SNAPSHOT/hadoop-ozone-interface-client-1.1.0-SNAPSHOT.jar:/home/user/.m2/repository/org/apache/hadoop/hadoop-hdds-test-utils/1.1.0-SNAPSHOT/hadoop-hdds-test-utils-1.1.0-SNAPSHOT.jar:/home/user/.m2/repository/com/google/guava/guava/28.2-jre/guava-28.2-jre.jar:/home/user/.m2/repository/com/google/guava/failureaccess/1.0.1/failureaccess-1.0.1.jar:/home/user/.m2/repository/com/google/guava/listenablefuture/9999.0-empty-to-avoid-conflict-with-guava/listenablefuture-9999.0-empty-to-avoid-conflict-with-guava.jar:/home/user/.m2/repository/com/google/code/findbugs/jsr305/3.0.0/jsr305-3.0.0.jar:/home/user/.m2/repository/org/checkerframework/checker-qual/2.10.0/checker-qual-2.10.0.jar:/home/user/.m2/repository/com/google/errorprone/error_prone_annotations/2.2.0/error_prone_annotations-2.2.0.jar:/home/user/.m2/repository/com/google/j2objc/j2objc-annotations/1.3/j2objc-annotations-1.3.jar:/home/user/.m2/repository/commons-io/commons-io/2.5/commons-io-2.5.jar:/home/user/.m2/repository/commons-logging/commons-logging/1.2/commons-logging-1.2.jar:/home/user/.m2/repository/log4j/log4j/1.2.17/log4j-1.2.17.jar:/home/user/.m2/repository/org/slf4j/slf4j-api/1.7.30/slf4j-api-1.7.30.jar:/home/user/.m2/repository/org/apache/hadoop/hadoop-hdds-server-scm/1.1.0-SNAPSHOT/hadoop-hdds-server-scm-1.1.0-SNAPSHOT.jar:/home/user/.m2/repository/org/apache/hadoop/hadoop-hdds-container-service/1.1.0-SNAPSHOT/hadoop-hdds-container-service-1.1.0-SNAPSHOT.jar:/home/user/.m2/repository/org/apache/hadoop/hadoop-hdds-hadoop-dependency-server/1.1.0-SNAPSHOT/hadoop-hdds-hadoop-dependency-server-1.1.0-SNAPSHOT.jar:/home/user/.m2/repository/org/apache/hadoop/hadoop-hdfs/3.2.2/hadoop-hdfs-3.2.2.jar:/home/user/.m2/repository/org/apache/hadoop/hadoop-hdds-server-framework/1.1.0-SNAPSHOT/hadoop-hdds-server-framework-1.1.0-SNAPSHOT.jar:/home/user/.m2/repository/org/apache/hadoop/hadoop-hdds-interface-server/1.1.0-SNAPSHOT/hadoop-hdds-interface-server-1.1.0-SNAPSHOT.jar:/home/user/.m2/repository/org/apache/hadoop/hadoop-hdds-interface-admin/1.1.0-SNAPSHOT/hadoop-hdds-interface-admin-1.1.0-SNAPSHOT.jar:/home/user/.m2/repository/org/eclipse/jetty/jetty-servlet/9.4.35.v20201120/jetty-servlet-9.4.35.v20201120.jar:/home/user/.m2/repository/org/eclipse/jetty/jetty-security/9.4.35.v20201120/jetty-security-9.4.35.v20201120.jar:/home/user/.m2/repository/org/rocksdb/rocksdbjni/6.8.1/rocksdbjni-6.8.1.jar:/home/user/.m2/repository/io/prometheus/simpleclient_dropwizard/0.7.0/simpleclient_dropwizard-0.7.0.jar:/home/user/.m2/repository/io/prometheus/simpleclient/0.7.0/simpleclient-0.7.0.jar:/home/user/.m2/repository/io/prometheus/simpleclient_common/0.7.0/simpleclient_common-0.7.0.jar:/home/user/.m2/repository/com/fasterxml/jackson/datatype/jackson-datatype-jsr310/2.12.1/jackson-datatype-jsr310-2.12.1.jar:/home/user/.m2/repository/io/dropwizard/metrics/metrics-core/3.2.4/metrics-core-3.2.4.jar:/home/user/.m2/repository/org/apache/hadoop/hadoop-hdfs-client/3.2.2/hadoop-hdfs-client-3.2.2.jar:/home/user/.m2/repository/org/bouncycastle/bcprov-jdk15on/1.67/bcprov-jdk15on-1.67.jar:/home/user/.m2/repository/org/apache/hadoop/hadoop-ozone-ozone-manager/1.1.0-SNAPSHOT/hadoop-ozone-ozone-manager-1.1.0-SNAPSHOT.jar:/home/user/.m2/repository/org/apache/hadoop/hadoop-hdds-interface-client/1.1.0-SNAPSHOT/hadoop-hdds-interface-client-1.1.0-SNAPSHOT.jar:/home/user/.m2/repository/org/apache/ratis/ratis-thirdparty-misc/0.6.0/ratis-thirdparty-misc-0.6.0.jar:/home/user/.m2/repository/org/apache/hadoop/hadoop-ozone-interface-storage/1.1.0-SNAPSHOT/hadoop-ozone-interface-storage-1.1.0-SNAPSHOT.jar:/home/user/.m2/repository/org/apache/hadoop/hadoop-minikdc/3.2.2/hadoop-minikdc-3.2.2.jar:/home/user/.m2/repository/org/apache/kerby/kerb-simplekdc/1.0.1/kerb-simplekdc-1.0.1.jar:/home/user/.m2/repository/org/apache/kerby/kerb-client/1.0.1/kerb-client-1.0.1.jar:/home/user/.m2/repository/org/apache/kerby/kerby-config/1.0.1/kerby-config-1.0.1.jar:/home/user/.m2/repository/org/apache/kerby/kerb-core/1.0.1/kerb-core-1.0.1.jar:/home/user/.m2/repository/org/apache/kerby/kerby-pkix/1.0.1/kerby-pkix-1.0.1.jar:/home/user/.m2/repository/org/apache/kerby/kerby-asn1/1.0.1/kerby-asn1-1.0.1.jar:/home/user/.m2/repository/org/apache/kerby/kerby-util/1.0.1/kerby-util-1.0.1.jar:/home/user/.m2/repository/org/apache/kerby/kerb-common/1.0.1/kerb-common-1.0.1.jar:/home/user/.m2/repository/org/apache/kerby/kerb-crypto/1.0.1/kerb-crypto-1.0.1.jar:/home/user/.m2/repository/org/apache/kerby/kerb-util/1.0.1/kerb-util-1.0.1.jar:/home/user/.m2/repository/org/apache/kerby/token-provider/1.0.1/token-provider-1.0.1.jar:/home/user/.m2/repository/org/apache/kerby/kerb-admin/1.0.1/kerb-admin-1.0.1.jar:/home/user/.m2/repository/org/apache/kerby/kerb-server/1.0.1/kerb-server-1.0.1.jar:/home/user/.m2/repository/org/apache/kerby/kerb-identity/1.0.1/kerb-identity-1.0.1.jar:/home/user/.m2/repository/org/apache/kerby/kerby-xdr/1.0.1/kerby-xdr-1.0.1.jar:/home/user/.m2/repository/org/slf4j/slf4j-log4j12/1.7.30/slf4j-log4j12-1.7.30.jar:/home/user/.m2/repository/org/apache/hadoop/hadoop-ozone-s3gateway/1.1.0-SNAPSHOT/hadoop-ozone-s3gateway-1.1.0-SNAPSHOT.jar:/home/user/.m2/repository/org/jboss/weld/servlet/weld-servlet/2.4.7.Final/weld-servlet-2.4.7.Final.jar:/home/user/.m2/repository/org/glassfish/jersey/containers/jersey-container-servlet-core/2.27/jersey-container-servlet-core-2.27.jar:/home/user/.m2/repository/org/glassfish/hk2/external/javax.inject/2.5.0-b42/javax.inject-2.5.0-b42.jar:/home/user/.m2/repository/org/glassfish/jersey/core/jersey-common/2.27/jersey-common-2.27.jar:/home/user/.m2/repository/org/glassfish/hk2/osgi-resource-locator/1.0.1/osgi-resource-locator-1.0.1.jar:/home/user/.m2/repository/javax/ws/rs/javax.ws.rs-api/2.1/javax.ws.rs-api-2.1.jar:/home/user/.m2/repository/org/glassfish/jersey/ext/cdi/jersey-cdi1x/2.27/jersey-cdi1x-2.27.jar:/home/user/.m2/repository/org/glassfish/jersey/inject/jersey-hk2/2.27/jersey-hk2-2.27.jar:/home/user/.m2/repository/org/glassfish/hk2/hk2-locator/2.5.0-b42/hk2-locator-2.5.0-b42.jar:/home/user/.m2/repository/org/javassist/javassist/3.22.0-CR2/javassist-3.22.0-CR2.jar:/home/user/.m2/repository/org/glassfish/hk2/hk2-api/2.5.0/hk2-api-2.5.0.jar:/home/user/.m2/repository/org/glassfish/hk2/external/jakarta.inject/2.5.0/jakarta.inject-2.5.0.jar:/home/user/.m2/repository/org/glassfish/hk2/hk2-utils/2.5.0/hk2-utils-2.5.0.jar:/home/user/.m2/repository/jakarta/annotation/jakarta.annotation-api/1.3.4/jakarta.annotation-api-1.3.4.jar:/home/user/.m2/repository/org/glassfish/hk2/external/aopalliance-repackaged/2.5.0/aopalliance-repackaged-2.5.0.jar:/home/user/.m2/repository/com/fasterxml/jackson/dataformat/jackson-dataformat-xml/2.12.1/jackson-dataformat-xml-2.12.1.jar:/home/user/.m2/repository/com/fasterxml/jackson/core/jackson-core/2.12.1/jackson-core-2.12.1.jar:/home/user/.m2/repository/com/fasterxml/jackson/module/jackson-module-jaxb-annotations/2.12.1/jackson-module-jaxb-annotations-2.12.1.jar:/home/user/.m2/repository/jakarta/xml/bind/jakarta.xml.bind-api/2.3.2/jakarta.xml.bind-api-2.3.2.jar:/home/user/.m2/repository/jakarta/activation/jakarta.activation-api/1.2.1/jakarta.activation-api-1.2.1.jar:/home/user/.m2/repository/org/codehaus/woodstox/stax2-api/3.1.4/stax2-api-3.1.4.jar:/home/user/.m2/repository/com/fasterxml/woodstox/woodstox-core/5.0.3/woodstox-core-5.0.3.jar:/home/user/.m2/repository/javax/enterprise/cdi-api/1.2/cdi-api-1.2.jar:/home/user/.m2/repository/javax/el/javax.el-api/3.0.0/javax.el-api-3.0.0.jar:/home/user/.m2/repository/javax/interceptor/javax.interceptor-api/1.2/javax.interceptor-api-1.2.jar:/home/user/.m2/repository/javax/inject/javax.inject/1/javax.inject-1.jar:/home/user/.m2/repository/com/sun/xml/bind/jaxb-impl/2.3.0.1/jaxb-impl-2.3.0.1.jar:/home/user/.m2/repository/com/sun/xml/bind/jaxb-core/2.3.0.1/jaxb-core-2.3.0.1.jar:/home/user/.m2/repository/javax/xml/bind/jaxb-api/2.3.0/jaxb-api-2.3.0.jar:/home/user/.m2/repository/javax/activation/activation/1.1.1/activation-1.1.1.jar:/home/user/.m2/repository/org/apache/hadoop/hadoop-ozone-csi/1.1.0-SNAPSHOT/hadoop-ozone-csi-1.1.0-SNAPSHOT.jar:/home/user/.m2/repository/com/google/protobuf/protobuf-java-util/3.12.0/protobuf-java-util-3.12.0.jar:/home/user/.m2/repository/com/google/code/gson/gson/2.2.4/gson-2.2.4.jar:/home/user/.m2/repository/org/apache/hadoop/hadoop-hdds-config/1.1.0-SNAPSHOT/hadoop-hdds-config-1.1.0-SNAPSHOT.jar:/home/user/.m2/repository/com/google/protobuf/protobuf-java/2.5.0/protobuf-java-2.5.0.jar:/home/user/.m2/repository/io/grpc/grpc-netty/1.33.0/grpc-netty-1.33.0.jar:/home/user/.m2/repository/io/grpc/grpc-core/1.33.0/grpc-core-1.33.0.jar:/home/user/.m2/repository/com/google/android/annotations/4.1.1.4/annotations-4.1.1.4.jar:/home/user/.m2/repository/io/netty/netty-codec-http2/4.1.51.Final/netty-codec-http2-4.1.51.Final.jar:/home/user/.m2/repository/io/netty/netty-codec/4.1.51.Final/netty-codec-4.1.51.Final.jar:/home/user/.m2/repository/io/netty/netty-handler/4.1.51.Final/netty-handler-4.1.51.Final.jar:/home/user/.m2/repository/io/netty/netty-codec-http/4.1.51.Final/netty-codec-http-4.1.51.Final.jar:/home/user/.m2/repository/io/netty/netty-handler-proxy/4.1.51.Final/netty-handler-proxy-4.1.51.Final.jar:/home/user/.m2/repository/io/netty/netty-codec-socks/4.1.51.Final/netty-codec-socks-4.1.51.Final.jar:/home/user/.m2/repository/io/perfmark/perfmark-api/0.19.0/perfmark-api-0.19.0.jar:/home/user/.m2/repository/org/codehaus/mojo/animal-sniffer-annotations/1.18/animal-sniffer-annotations-1.18.jar:/home/user/.m2/repository/io/netty/netty-transport-native-epoll/4.1.51.Final/netty-transport-native-epoll-4.1.51.Final.jar:/home/user/.m2/repository/io/netty/netty-common/4.1.51.Final/netty-common-4.1.51.Final.jar:/home/user/.m2/repository/io/netty/netty-buffer/4.1.51.Final/netty-buffer-4.1.51.Final.jar:/home/user/.m2/repository/io/netty/netty-transport/4.1.51.Final/netty-transport-4.1.51.Final.jar:/home/user/.m2/repository/io/netty/netty-resolver/4.1.51.Final/netty-resolver-4.1.51.Final.jar:/home/user/.m2/repository/io/netty/netty-transport-native-unix-common/4.1.51.Final/netty-transport-native-unix-common-4.1.51.Final.jar:/home/user/.m2/repository/io/grpc/grpc-protobuf/1.33.0/grpc-protobuf-1.33.0.jar:/home/user/.m2/repository/io/grpc/grpc-api/1.33.0/grpc-api-1.33.0.jar:/home/user/.m2/repository/io/grpc/grpc-context/1.33.0/grpc-context-1.33.0.jar:/home/user/.m2/repository/com/google/api/grpc/proto-google-common-protos/1.17.0/proto-google-common-protos-1.17.0.jar:/home/user/.m2/repository/io/grpc/grpc-protobuf-lite/1.33.0/grpc-protobuf-lite-1.33.0.jar:/home/user/.m2/repository/io/grpc/grpc-stub/1.33.0/grpc-stub-1.33.0.jar:/home/user/.m2/repository/org/apache/hadoop/hadoop-ozone-recon/1.1.0-SNAPSHOT/hadoop-ozone-recon-1.1.0-SNAPSHOT.jar:/home/user/.m2/repository/org/apache/hadoop/hadoop-ozone-reconcodegen/1.1.0-SNAPSHOT/hadoop-ozone-reconcodegen-1.1.0-SNAPSHOT.jar:/home/user/.m2/repository/com/google/inject/extensions/guice-multibindings/4.0/guice-multibindings-4.0.jar:/home/user/.m2/repository/com/google/inject/guice/4.0/guice-4.0.jar:/home/user/.m2/repository/aopalliance/aopalliance/1.0/aopalliance-1.0.jar:/home/user/.m2/repository/com/google/inject/extensions/guice-assistedinject/4.0/guice-assistedinject-4.0.jar:/home/user/.m2/repository/com/google/inject/extensions/guice-servlet/4.0/guice-servlet-4.0.jar:/home/user/.m2/repository/org/glassfish/jersey/containers/jersey-container-servlet/2.27/jersey-container-servlet-2.27.jar:/home/user/.m2/repository/org/glassfish/hk2/guice-bridge/2.5.0/guice-bridge-2.5.0.jar:/home/user/.m2/repository/org/glassfish/jersey/core/jersey-server/2.27/jersey-server-2.27.jar:/home/user/.m2/repository/org/glassfish/jersey/core/jersey-client/2.27/jersey-client-2.27.jar:/home/user/.m2/repository/org/glassfish/jersey/media/jersey-media-jaxb/2.27/jersey-media-jaxb-2.27.jar:/home/user/.m2/repository/javax/validation/validation-api/1.1.0.Final/validation-api-1.1.0.Final.jar:/home/user/.m2/repository/org/glassfish/jersey/media/jersey-media-json-jackson/2.27/jersey-media-json-jackson-2.27.jar:/home/user/.m2/repository/org/glassfish/jersey/ext/jersey-entity-filtering/2.27/jersey-entity-filtering-2.27.jar:/home/user/.m2/repository/org/jooq/jooq/3.11.10/jooq-3.11.10.jar:/home/user/.m2/repository/org/jooq/jooq-meta/3.11.10/jooq-meta-3.11.10.jar:/home/user/.m2/repository/org/jooq/jooq-codegen/3.11.10/jooq-codegen-3.11.10.jar:/home/user/.m2/repository/com/jolbox/bonecp/0.8.0.RELEASE/bonecp-0.8.0.RELEASE.jar:/home/user/.m2/repository/org/apache/derby/derby/10.14.2.0/derby-10.14.2.0.jar:/home/user/.m2/repository/org/xerial/sqlite-jdbc/3.25.2/sqlite-jdbc-3.25.2.jar:/home/user/.m2/repository/org/springframework/spring-jdbc/5.2.11.RELEASE/spring-jdbc-5.2.11.RELEASE.jar:/home/user/.m2/repository/org/springframework/spring-beans/5.2.11.RELEASE/spring-beans-5.2.11.RELEASE.jar:/home/user/.m2/repository/org/springframework/spring-core/5.2.11.RELEASE/spring-core-5.2.11.RELEASE.jar:/home/user/.m2/repository/org/springframework/spring-jcl/5.2.11.RELEASE/spring-jcl-5.2.11.RELEASE.jar:/home/user/.m2/repository/org/springframework/spring-tx/5.2.11.RELEASE/spring-tx-5.2.11.RELEASE.jar:/home/user/.m2/repository/org/apache/hadoop/hadoop-ozone-client/1.1.0-SNAPSHOT/hadoop-ozone-client-1.1.0-SNAPSHOT.jar:/home/user/.m2/repository/org/apache/hadoop/hadoop-ozone-filesystem/1.1.0-SNAPSHOT/hadoop-ozone-filesystem-1.1.0-SNAPSHOT.jar:/home/user/.m2/repository/org/apache/hadoop/hadoop-ozone-filesystem-common/1.1.0-SNAPSHOT/hadoop-ozone-filesystem-common-1.1.0-SNAPSHOT.jar:/home/user/.m2/repository/org/apache/hadoop/hadoop-ozone-tools/1.1.0-SNAPSHOT/hadoop-ozone-tools-1.1.0-SNAPSHOT.jar:/home/user/.m2/repository/org/apache/ratis/ratis-tools/1.1.0-0bdf24f-SNAPSHOT/ratis-tools-1.1.0-0bdf24f-SNAPSHOT.jar:/home/user/.m2/repository/org/apache/ratis/ratis-proto/1.1.0-0bdf24f-SNAPSHOT/ratis-proto-1.1.0-0bdf24f-SNAPSHOT.jar:/home/user/.m2/repository/org/apache/ratis/ratis-common/1.1.0-0bdf24f-SNAPSHOT/ratis-common-1.1.0-0bdf24f-SNAPSHOT.jar:/home/user/.m2/repository/com/amazonaws/aws-java-sdk-core/1.11.901/aws-java-sdk-core-1.11.901.jar:/home/user/.m2/repository/org/apache/httpcomponents/httpclient/4.5.13/httpclient-4.5.13.jar:/home/user/.m2/repository/org/apache/httpcomponents/httpcore/4.4.13/httpcore-4.4.13.jar:/home/user/.m2/repository/software/amazon/ion/ion-java/1.0.2/ion-java-1.0.2.jar:/home/user/.m2/repository/com/fasterxml/jackson/dataformat/jackson-dataformat-cbor/2.12.1/jackson-dataformat-cbor-2.12.1.jar:/home/user/.m2/repository/joda-time/joda-time/2.8.1/joda-time-2.8.1.jar:/home/user/.m2/repository/com/amazonaws/aws-java-sdk-s3/1.11.901/aws-java-sdk-s3-1.11.901.jar:/home/user/.m2/repository/com/amazonaws/aws-java-sdk-kms/1.11.901/aws-java-sdk-kms-1.11.901.jar:/home/user/.m2/repository/com/amazonaws/jmespath-java/1.11.901/jmespath-java-1.11.901.jar:/home/user/.m2/repository/org/kohsuke/metainf-services/metainf-services/1.8/metainf-services-1.8.jar:/home/user/.m2/repository/org/apache/hadoop/hadoop-hdds-tools/1.1.0-SNAPSHOT/hadoop-hdds-tools-1.1.0-SNAPSHOT.jar:/home/user/.m2/repository/commons-cli/commons-cli/1.2/commons-cli-1.2.jar:/home/user/.m2/repository/org/apache/commons/commons-lang3/3.7/commons-lang3-3.7.jar:/home/user/.m2/repository/org/apache/hadoop/hadoop-ozone-ozone-manager/1.1.0-SNAPSHOT/hadoop-ozone-ozone-manager-1.1.0-SNAPSHOT-tests.jar:/home/user/.m2/repository/org/apache/hadoop/hadoop-hdds-common/1.1.0-SNAPSHOT/hadoop-hdds-common-1.1.0-SNAPSHOT-tests.jar:/home/user/.m2/repository/org/apache/hadoop/hadoop-hdds-hadoop-dependency-client/1.1.0-SNAPSHOT/hadoop-hdds-hadoop-dependency-client-1.1.0-SNAPSHOT.jar:/home/user/.m2/repository/info/picocli/picocli/4.4.0/picocli-4.4.0.jar:/home/user/.m2/repository/com/fasterxml/jackson/core/jackson-annotations/2.12.1/jackson-annotations-2.12.1.jar:/home/user/.m2/repository/javax/annotation/javax.annotation-api/1.2/javax.annotation-api-1.2.jar:/home/user/.m2/repository/org/fusesource/leveldbjni/leveldbjni-all/1.8/leveldbjni-all-1.8.jar:/home/user/.m2/repository/org/apache/ratis/ratis-server/1.1.0-0bdf24f-SNAPSHOT/ratis-server-1.1.0-0bdf24f-SNAPSHOT.jar:/home/user/.m2/repository/org/apache/ratis/ratis-client/1.1.0-0bdf24f-SNAPSHOT/ratis-client-1.1.0-0bdf24f-SNAPSHOT.jar:/home/user/.m2/repository/org/apache/ratis/ratis-server-api/1.1.0-0bdf24f-SNAPSHOT/ratis-server-api-1.1.0-0bdf24f-SNAPSHOT.jar:/home/user/.m2/repository/org/apache/ratis/ratis-metrics/1.1.0-0bdf24f-SNAPSHOT/ratis-metrics-1.1.0-0bdf24f-SNAPSHOT.jar:/home/user/.m2/repository/org/apache/ratis/ratis-netty/1.1.0-0bdf24f-SNAPSHOT/ratis-netty-1.1.0-0bdf24f-SNAPSHOT.jar:/home/user/.m2/repository/org/apache/ratis/ratis-grpc/1.1.0-0bdf24f-SNAPSHOT/ratis-grpc-1.1.0-0bdf24f-SNAPSHOT.jar:/home/user/.m2/repository/org/apache/logging/log4j/log4j-api/2.13.3/log4j-api-2.13.3.jar:/home/user/.m2/repository/org/apache/logging/log4j/log4j-core/2.13.3/log4j-core-2.13.3.jar:/home/user/.m2/repository/com/lmax/disruptor/3.4.2/disruptor-3.4.2.jar:/home/user/.m2/repository/org/apache/commons/commons-pool2/2.6.0/commons-pool2-2.6.0.jar:/home/user/.m2/repository/org/bouncycastle/bcpkix-jdk15on/1.67/bcpkix-jdk15on-1.67.jar:/home/user/.m2/repository/commons-validator/commons-validator/1.6/commons-validator-1.6.jar:/home/user/.m2/repository/commons-beanutils/commons-beanutils/1.9.4/commons-beanutils-1.9.4.jar:/home/user/.m2/repository/commons-digester/commons-digester/1.8.1/commons-digester-1.8.1.jar:/home/user/.m2/repository/commons-collections/commons-collections/3.2.2/commons-collections-3.2.2.jar:/home/user/.m2/repository/io/jaegertracing/jaeger-client/1.2.0/jaeger-client-1.2.0.jar:/home/user/.m2/repository/io/jaegertracing/jaeger-thrift/1.2.0/jaeger-thrift-1.2.0.jar:/home/user/.m2/repository/org/apache/thrift/libthrift/0.13.0/libthrift-0.13.0.jar:/home/user/.m2/repository/com/squareup/okhttp3/okhttp/4.2.2/okhttp-4.2.2.jar:/home/user/.m2/repository/com/squareup/okio/okio/2.2.2/okio-2.2.2.jar:/home/user/.m2/repository/org/jetbrains/kotlin/kotlin-stdlib/1.3.50/kotlin-stdlib-1.3.50.jar:/home/user/.m2/repository/org/jetbrains/kotlin/kotlin-stdlib-common/1.3.50/kotlin-stdlib-common-1.3.50.jar:/home/user/.m2/repository/org/jetbrains/annotations/13.0/annotations-13.0.jar:/home/user/.m2/repository/io/jaegertracing/jaeger-core/1.2.0/jaeger-core-1.2.0.jar:/home/user/.m2/repository/io/jaegertracing/jaeger-tracerresolver/1.2.0/jaeger-tracerresolver-1.2.0.jar:/home/user/.m2/repository/io/opentracing/contrib/opentracing-tracerresolver/0.1.8/opentracing-tracerresolver-0.1.8.jar:/home/user/.m2/repository/io/opentracing/opentracing-util/0.33.0/opentracing-util-0.33.0.jar:/home/user/.m2/repository/io/opentracing/opentracing-api/0.33.0/opentracing-api-0.33.0.jar:/home/user/.m2/repository/io/opentracing/opentracing-noop/0.33.0/opentracing-noop-0.33.0.jar:/home/user/.m2/repository/org/yaml/snakeyaml/1.26/snakeyaml-1.26.jar:/home/user/.m2/repository/junit/junit/4.13.1/junit-4.13.1.jar:/home/user/.m2/repository/org/hamcrest/hamcrest-core/1.3/hamcrest-core-1.3.jar:/home/user/.m2/repository/org/junit/jupiter/junit-jupiter-api/5.7.0/junit-jupiter-api-5.7.0.jar:/home/user/.m2/repository/org/apiguardian/apiguardian-api/1.1.0/apiguardian-api-1.1.0.jar:/home/user/.m2/repository/org/opentest4j/opentest4j/1.2.0/opentest4j-1.2.0.jar:/home/user/.m2/repository/org/junit/platform/junit-platform-commons/1.7.0/junit-platform-commons-1.7.0.jar:/home/user/.m2/repository/org/junit/jupiter/junit-jupiter-engine/5.7.0/junit-jupiter-engine-5.7.0.jar:/home/user/.m2/repository/org/junit/platform/junit-platform-engine/1.7.0/junit-platform-engine-1.7.0.jar:/home/user/.m2/repository/org/junit/vintage/junit-vintage-engine/5.7.0/junit-vintage-engine-5.7.0.jar:/home/user/.m2/repository/org/junit/platform/junit-platform-launcher/1.7.0/junit-platform-launcher-1.7.0.jar:/home/user/.m2/repository/org/openjdk/jmh/jmh-core/1.19/jmh-core-1.19.jar:/home/user/.m2/repository/net/sf/jopt-simple/jopt-simple/4.6/jopt-simple-4.6.jar:/home/user/.m2/repository/org/apache/commons/commons-math3/3.1.1/commons-math3-3.1.1.jar:/home/user/.m2/repository/org/openjdk/jmh/jmh-generator-annprocess/1.19/jmh-generator-annprocess-1.19.jar:/home/user/.m2/repository/org/mockito/mockito-all/1.8.5/mockito-all-1.8.5.jar:/home/user/.m2/repository/org/apache/hadoop/hadoop-kms/3.2.2/hadoop-kms-3.2.2.jar:/home/user/.m2/repository/org/apache/hadoop/hadoop-auth/3.2.2/hadoop-auth-3.2.2.jar:/home/user/.m2/repository/com/nimbusds/nimbus-jose-jwt/7.9/nimbus-jose-jwt-7.9.jar:/home/user/.m2/repository/com/github/stephenc/jcip/jcip-annotations/1.0-1/jcip-annotations-1.0-1.jar:/home/user/.m2/repository/net/minidev/json-smart/2.3/json-smart-2.3.jar:/home/user/.m2/repository/net/minidev/accessors-smart/1.2/accessors-smart-1.2.jar:/home/user/.m2/repository/org/ow2/asm/asm/5.0.4/asm-5.0.4.jar:/home/user/.m2/repository/org/apache/zookeeper/zookeeper/3.4.13/zookeeper-3.4.13.jar:/home/user/.m2/repository/org/apache/yetus/audience-annotations/0.5.0/audience-annotations-0.5.0.jar:/home/user/.m2/repository/org/apache/curator/curator-framework/2.13.0/curator-framework-2.13.0.jar:/home/user/.m2/repository/com/sun/jersey/jersey-core/1.19/jersey-core-1.19.jar:/home/user/.m2/repository/javax/ws/rs/jsr311-api/1.1.1/jsr311-api-1.1.1.jar:/home/user/.m2/repository/com/sun/jersey/jersey-server/1.19/jersey-server-1.19.jar:/home/user/.m2/repository/javax/servlet/javax.servlet-api/3.1.0/javax.servlet-api-3.1.0.jar:/home/user/.m2/repository/org/eclipse/jetty/jetty-server/9.4.35.v20201120/jetty-server-9.4.35.v20201120.jar:/home/user/.m2/repository/org/eclipse/jetty/jetty-http/9.4.35.v20201120/jetty-http-9.4.35.v20201120.jar:/home/user/.m2/repository/org/eclipse/jetty/jetty-io/9.4.35.v20201120/jetty-io-9.4.35.v20201120.jar:/home/user/.m2/repository/org/eclipse/jetty/jetty-webapp/9.4.35.v20201120/jetty-webapp-9.4.35.v20201120.jar:/home/user/.m2/repository/org/eclipse/jetty/jetty-xml/9.4.35.v20201120/jetty-xml-9.4.35.v20201120.jar:/home/user/.m2/repository/org/apache/hadoop/hadoop-common/3.2.2/hadoop-common-3.2.2.jar:/home/user/.m2/repository/commons-net/commons-net/3.6/commons-net-3.6.jar:/home/user/.m2/repository/javax/activation/javax.activation-api/1.2.0/javax.activation-api-1.2.0.jar:/home/user/.m2/repository/com/sun/jersey/jersey-servlet/1.19/jersey-servlet-1.19.jar:/home/user/.m2/repository/com/sun/jersey/jersey-json/1.19/jersey-json-1.19.jar:/home/user/.m2/repository/org/codehaus/jettison/jettison/1.1/jettison-1.1.jar:/home/user/.m2/repository/org/codehaus/jackson/jackson-jaxrs/1.9.2/jackson-jaxrs-1.9.2.jar:/home/user/.m2/repository/org/codehaus/jackson/jackson-xc/1.9.2/jackson-xc-1.9.2.jar:/home/user/.m2/repository/org/apache/commons/commons-configuration2/2.1.1/commons-configuration2-2.1.1.jar:/home/user/.m2/repository/org/apache/commons/commons-text/1.4/commons-text-1.4.jar:/home/user/.m2/repository/com/google/re2j/re2j/1.1/re2j-1.1.jar:/home/user/.m2/repository/com/jcraft/jsch/0.1.54/jsch-0.1.54.jar:/home/user/.m2/repository/org/apache/curator/curator-client/2.13.0/curator-client-2.13.0.jar:/home/user/.m2/repository/org/apache/curator/curator-recipes/2.13.0/curator-recipes-2.13.0.jar:/home/user/.m2/repository/dnsjava/dnsjava/2.1.7/dnsjava-2.1.7.jar:/home/user/.m2/repository/org/slf4j/jul-to-slf4j/1.7.30/jul-to-slf4j-1.7.30.jar:/home/user/.m2/repository/org/eclipse/jetty/jetty-util/9.4.35.v20201120/jetty-util-9.4.35.v20201120.jar:/home/user/.m2/repository/com/fasterxml/jackson/core/jackson-databind/2.12.1/jackson-databind-2.12.1.jar:/home/user/.m2/repository/org/apache/hadoop/hadoop-kms/3.2.2/hadoop-kms-3.2.2-tests.jar:/home/user/.m2/repository/org/apache/hadoop/hadoop-hdds-server-scm/1.1.0-SNAPSHOT/hadoop-hdds-server-scm-1.1.0-SNAPSHOT-tests.jar:/home/user/.m2/repository/org/apache/hadoop/hadoop-hdds-container-service/1.1.0-SNAPSHOT/hadoop-hdds-container-service-1.1.0-SNAPSHOT-tests.jar:/home/user/.m2/repository/commons-codec/commons-codec/1.11/commons-codec-1.11.jar:/home/user/.m2/repository/org/apache/hadoop/hadoop-hdds-hadoop-dependency-test/1.1.0-SNAPSHOT/hadoop-hdds-hadoop-dependency-test-1.1.0-SNAPSHOT.jar:/home/user/.m2/repository/org/apache/hadoop/hadoop-common/3.2.2/hadoop-common-3.2.2-tests.jar:/home/user/.m2/repository/org/apache/hadoop/hadoop-hdfs/3.2.2/hadoop-hdfs-3.2.2-tests.jar:/home/user/.m2/repository/org/eclipse/jetty/jetty-util-ajax/9.4.35.v20201120/jetty-util-ajax-9.4.35.v20201120.jar:/home/user/.m2/repository/commons-daemon/commons-daemon/1.0.13/commons-daemon-1.0.13.jar:/home/user/.m2/repository/io/netty/netty/3.10.6.Final/netty-3.10.6.Final.jar:/home/user/.m2/repository/io/netty/netty-all/4.1.51.Final/netty-all-4.1.51.Final.jar:/home/user/.m2/repository/org/apache/htrace/htrace-core4/4.1.0-incubating/htrace-core4-4.1.0-incubating.jar:/home/user/.m2/repository/org/apache/hadoop/hadoop-distcp/3.2.2/hadoop-distcp-3.2.2.jar:/home/user/.m2/repository/org/apache/hadoop/hadoop-mapreduce-client-jobclient/3.2.2/hadoop-mapreduce-client-jobclient-3.2.2.jar:/home/user/.m2/repository/org/apache/hadoop/hadoop-mapreduce-client-common/3.2.2/hadoop-mapreduce-client-common-3.2.2.jar:/home/user/.m2/repository/org/apache/hadoop/hadoop-yarn-common/3.2.2/hadoop-yarn-common-3.2.2.jar:/home/user/.m2/repository/org/apache/hadoop/hadoop-yarn-api/3.2.2/hadoop-yarn-api-3.2.2.jar:/home/user/.m2/repository/com/sun/jersey/jersey-client/1.19/jersey-client-1.19.jar:/home/user/.m2/repository/com/sun/jersey/contribs/jersey-guice/1.19/jersey-guice-1.19.jar:/home/user/.m2/repository/com/fasterxml/jackson/jaxrs/jackson-jaxrs-json-provider/2.12.1/jackson-jaxrs-json-provider-2.12.1.jar:/home/user/.m2/repository/com/fasterxml/jackson/jaxrs/jackson-jaxrs-base/2.12.1/jackson-jaxrs-base-2.12.1.jar:/home/user/.m2/repository/org/apache/hadoop/hadoop-yarn-client/3.2.2/hadoop-yarn-client-3.2.2.jar:/home/user/.m2/repository/org/apache/hadoop/hadoop-mapreduce-client-core/3.2.2/hadoop-mapreduce-client-core-3.2.2.jar:/home/user/.m2/repository/org/apache/avro/avro/1.7.7/avro-1.7.7.jar:/home/user/.m2/repository/org/codehaus/jackson/jackson-core-asl/1.9.13/jackson-core-asl-1.9.13.jar:/home/user/.m2/repository/org/codehaus/jackson/jackson-mapper-asl/1.9.13/jackson-mapper-asl-1.9.13.jar:/home/user/.m2/repository/com/thoughtworks/paranamer/paranamer/2.3/paranamer-2.3.jar:/home/user/.m2/repository/org/xerial/snappy/snappy-java/1.0.5/snappy-java-1.0.5.jar:/home/user/.m2/repository/org/apache/hadoop/hadoop-annotations/3.2.2/hadoop-annotations-3.2.2.jar:/usr/lib/jvm/java-1.8.0-openjdk-1.8.0.232.b09-0.el7_7.x86_64/jre/../lib/tools.jar:/home/user/.m2/repository/org/apache/hadoop/hadoop-distcp/3.2.2/hadoop-distcp-3.2.2-tests.jar:"/>
    <property name="sun.cpu.endian" value="little"/>
    <property name="user.home" value="/home/user"/>
    <property name="user.language" value="en"/>
    <property name="java.specification.vendor" value="Oracle Corporation"/>
    <property name="java.home" value="/usr/lib/jvm/java-1.8.0-openjdk-1.8.0.232.b09-0.el7_7.x86_64/jre"/>
    <property name="java.security.krb5.conf" value="/github/workspace/mnt/ozone/hadoop-ozone/integration-test/target/test-classes/krb5.conf"/>
    <property name="basedir" value="/github/workspace/mnt/ozone/hadoop-ozone/integration-test"/>
    <property name="file.separator" value="/"/>
    <property name="line.separator" value="&#10;"/>
    <property name="java.vm.specification.vendor" value="Oracle Corporation"/>
    <property name="java.specification.name" value="Java Platform API Specification"/>
    <property name="java.awt.graphicsenv" value="sun.awt.X11GraphicsEnvironment"/>
    <property name="skip.installnpx" value="true"/>
    <property name="surefire.real.class.path" value="/github/workspace/mnt/ozone/hadoop-ozone/integration-test/target/surefire/surefirebooter1100188580658359492.jar:/home/user/.m2/repository/org/jacoco/org.jacoco.agent/0.8.5/org.jacoco.agent-0.8.5-runtime.jar"/>
    <property name="hadoop.log.dir" value="/github/workspace/mnt/ozone/hadoop-ozone/integration-test/target/log"/>
    <property name="sun.boot.class.path" value="/usr/lib/jvm/java-1.8.0-openjdk-1.8.0.232.b09-0.el7_7.x86_64/jre/lib/resources.jar:/usr/lib/jvm/java-1.8.0-openjdk-1.8.0.232.b09-0.el7_7.x86_64/jre/lib/rt.jar:/usr/lib/jvm/java-1.8.0-openjdk-1.8.0.232.b09-0.el7_7.x86_64/jre/lib/sunrsasign.jar:/usr/lib/jvm/java-1.8.0-openjdk-1.8.0.232.b09-0.el7_7.x86_64/jre/lib/jsse.jar:/usr/lib/jvm/java-1.8.0-openjdk-1.8.0.232.b09-0.el7_7.x86_64/jre/lib/jce.jar:/usr/lib/jvm/java-1.8.0-openjdk-1.8.0.232.b09-0.el7_7.x86_64/jre/lib/charsets.jar:/usr/lib/jvm/java-1.8.0-openjdk-1.8.0.232.b09-0.el7_7.x86_64/jre/lib/jfr.jar:/usr/lib/jvm/java-1.8.0-openjdk-1.8.0.232.b09-0.el7_7.x86_64/jre/classes"/>
    <property name="sun.management.compiler" value="HotSpot 64-Bit Tiered Compilers"/>
    <property name="skip.npx" value="true"/>
    <property name="java.runtime.version" value="1.8.0_232-b09"/>
    <property name="java.net.preferIPv4Stack" value="true"/>
    <property name="user.name" value="jenkins1001"/>
    <property name="path.separator" value=":"/>
    <property name="java.security.egd" value="file:///dev/urandom"/>
    <property name="os.version" value="5.4.0-1040-azure"/>
    <property name="java.endorsed.dirs" value="/usr/lib/jvm/java-1.8.0-openjdk-1.8.0.232.b09-0.el7_7.x86_64/jre/lib/endorsed"/>
    <property name="java.runtime.name" value="OpenJDK Runtime Environment"/>
    <property name="file.encoding" value="ANSI_X3.4-1968"/>
    <property name="java.vm.name" value="OpenJDK 64-Bit Server VM"/>
    <property name="test.build.webapps" value=""/>
    <property name="localRepository" value="/home/user/.m2/repository"/>
    <property name="java.vendor.url.bug" value="http://bugreport.sun.com/bugreport/"/>
    <property name="java.io.tmpdir" value="/tmp"/>
    <property name="require.test.libhadoop" value=""/>
    <property name="java.version" value="1.8.0_232"/>
    <property name="user.dir" value="/github/workspace/mnt/ozone/hadoop-ozone/integration-test"/>
    <property name="os.arch" value="amd64"/>
    <property name="java.vm.specification.name" value="Java Virtual Machine Specification"/>
    <property name="test.build.classes" value="/github/workspace/mnt/ozone/hadoop-ozone/integration-test/target/test-classes"/>
    <property name="java.awt.printerjob" value="sun.print.PSPrinterJob"/>
    <property name="sun.os.patch.level" value="unknown"/>
    <property name="hadoop.tmp.dir" value="/github/workspace/mnt/ozone/hadoop-ozone/integration-test/target/tmp"/>
    <property name="java.library.path" value="/usr/lib:/usr/java/packages/lib/amd64:/usr/lib64:/lib64:/lib:/usr/lib"/>
    <property name="java.vm.info" value="mixed mode"/>
    <property name="java.vendor" value="Oracle Corporation"/>
    <property name="java.vm.version" value="25.232-b09"/>
    <property name="java.ext.dirs" value="/usr/lib/jvm/java-1.8.0-openjdk-1.8.0.232.b09-0.el7_7.x86_64/jre/lib/ext:/usr/java/packages/lib/ext"/>
    <property name="sun.io.unicode.encoding" value="UnicodeLittle"/>
    <property name="java.class.version" value="52.0"/>
  </properties>
  <testcase name="test2DatanodesFailure" classname="org.apache.hadoop.ozone.client.rpc.TestBlockOutputStreamWithFailuresFlushDelay" time="71.653">
    <failure message="expected:&lt;500&gt; but was:&lt;400&gt;" type="java.lang.AssertionError"><![CDATA[java.lang.AssertionError: expected:<500> but was:<400>
	at org.junit.Assert.fail(Assert.java:89)
	at org.junit.Assert.failNotEquals(Assert.java:835)
	at org.junit.Assert.assertEquals(Assert.java:647)
	at org.junit.Assert.assertEquals(Assert.java:633)
	at org.apache.hadoop.ozone.client.rpc.TestBlockOutputStreamWithFailuresFlushDelay.test2DatanodesFailure(TestBlockOutputStreamWithFailuresFlushDelay.java:365)
	at sun.reflect.NativeMethodAccessorImpl.invoke0(Native Method)
	at sun.reflect.NativeMethodAccessorImpl.invoke(NativeMethodAccessorImpl.java:62)
	at sun.reflect.DelegatingMethodAccessorImpl.invoke(DelegatingMethodAccessorImpl.java:43)
	at java.lang.reflect.Method.invoke(Method.java:498)
	at org.junit.runners.model.FrameworkMethod$1.runReflectiveCall(FrameworkMethod.java:59)
	at org.junit.internal.runners.model.ReflectiveCallable.run(ReflectiveCallable.java:12)
	at org.junit.runners.model.FrameworkMethod.invokeExplosively(FrameworkMethod.java:56)
	at org.junit.internal.runners.statements.InvokeMethod.evaluate(InvokeMethod.java:17)
	at org.junit.internal.runners.statements.RunBefores.evaluate(RunBefores.java:26)
	at org.junit.internal.runners.statements.RunAfters.evaluate(RunAfters.java:27)
	at org.junit.internal.runners.statements.FailOnTimeout$CallableStatement.call(FailOnTimeout.java:288)
	at org.junit.internal.runners.statements.FailOnTimeout$CallableStatement.call(FailOnTimeout.java:282)
	at java.util.concurrent.FutureTask.run(FutureTask.java:266)
	at java.lang.Thread.run(Thread.java:748)
]]></failure>
    <system-out><![CDATA[2021-03-15 13:21:19,347 [Time-limited test] WARN  server.ServerUtils (ServerUtils.java:getScmDbDir(148)) - ozone.scm.db.dirs is not configured. We recommend adding this setting. Falling back to ozone.metadata.dirs instead.
2021-03-15 13:21:19,438 [Time-limited test] WARN  server.ServerUtils (ServerUtils.java:getScmDbDir(148)) - ozone.scm.db.dirs is not configured. We recommend adding this setting. Falling back to ozone.metadata.dirs instead.
2021-03-15 13:21:19,583 [Time-limited test] WARN  db.DBStoreBuilder (DBStoreBuilder.java:applyDBDefinition(145)) - ozone.scm.db.dirs is not configured. We recommend adding this setting. Falling back to ozone.metadata.dirs instead.
2021-03-15 13:21:19,723 [Time-limited test] INFO  net.NodeSchemaLoader (NodeSchemaLoader.java:loadSchemaFromFile(129)) - Loading schema from [jar:file:/home/user/.m2/repository/org/apache/hadoop/hadoop-hdds-common/1.1.0-SNAPSHOT/hadoop-hdds-common-1.1.0-SNAPSHOT.jar!/network-topology-default.xml, jar:file:/home/user/.m2/repository/org/apache/hadoop/hadoop-ozone-ozone-manager/1.1.0-SNAPSHOT/hadoop-ozone-ozone-manager-1.1.0-SNAPSHOT-tests.jar!/network-topology-default.xml, jar:file:/home/user/.m2/repository/org/apache/hadoop/hadoop-hdds-server-scm/1.1.0-SNAPSHOT/hadoop-hdds-server-scm-1.1.0-SNAPSHOT-tests.jar!/network-topology-default.xml]
2021-03-15 13:21:19,725 [Time-limited test] INFO  net.NodeSchemaLoader (NodeSchemaLoader.java:loadSchema(176)) - Loading network topology layer schema file
2021-03-15 13:21:19,812 [Time-limited test] WARN  server.ServerUtils (ServerUtils.java:sanitizeUserArgs(67)) - ozone.scm.dead.node.interval value = 10000 is smaller than min = 20000 based on the key value of ozone.scm.stale.node.interval, reset to the min value 20000.
2021-03-15 13:21:19,816 [Time-limited test] INFO  node.SCMNodeManager (SCMNodeManager.java:<init>(123)) - Entering startup safe mode.
2021-03-15 13:21:20,000 [Time-limited test] INFO  algorithms.ContainerPlacementPolicyFactory (ContainerPlacementPolicyFactory.java:getPolicy(60)) - Create container placement policy of type org.apache.hadoop.hdds.scm.container.placement.algorithms.SCMContainerPlacementRandom
2021-03-15 13:21:20,029 [Time-limited test] INFO  algorithms.LeaderChoosePolicyFactory (LeaderChoosePolicyFactory.java:getPolicy(57)) - Create leader choose policy of type org.apache.hadoop.hdds.scm.pipeline.leader.choose.algorithms.MinLeaderCountChoosePolicy
2021-03-15 13:21:20,032 [Time-limited test] INFO  pipeline.SCMPipelineManager (SCMPipelineManager.java:initializePipelineState(161)) - No pipeline exists in current db
2021-03-15 13:21:20,052 [Time-limited test] INFO  algorithms.PipelineChoosePolicyFactory (PipelineChoosePolicyFactory.java:createPipelineChoosePolicyFromClass(73)) - Create pipeline choose policy of type org.apache.hadoop.hdds.scm.pipeline.choose.algorithms.RandomPipelineChoosePolicy
2021-03-15 13:21:20,116 [Time-limited test] INFO  safemode.HealthyPipelineSafeModeRule (HealthyPipelineSafeModeRule.java:<init>(89)) - Total pipeline count is 0, healthy pipeline threshold count is 0
2021-03-15 13:21:20,119 [Time-limited test] INFO  safemode.OneReplicaPipelineSafeModeRule (OneReplicaPipelineSafeModeRule.java:<init>(85)) - Total pipeline count is 0, pipeline's with at least one datanode reported threshold count is 0
2021-03-15 13:21:20,577 [Time-limited test] INFO  ipc.CallQueueManager (CallQueueManager.java:<init>(85)) - Using callQueue: class java.util.concurrent.LinkedBlockingQueue, queueCapacity: 2000, scheduler: class org.apache.hadoop.ipc.DefaultRpcScheduler, ipcBackoff: false.
2021-03-15 13:21:20,594 [Socket Reader #1 for port 0] INFO  ipc.Server (Server.java:run(1255)) - Starting Socket Reader #1 for port 0
2021-03-15 13:21:20,635 [Listener at 0.0.0.0/39607] INFO  ipc.CallQueueManager (CallQueueManager.java:<init>(85)) - Using callQueue: class java.util.concurrent.LinkedBlockingQueue, queueCapacity: 2000, scheduler: class org.apache.hadoop.ipc.DefaultRpcScheduler, ipcBackoff: false.
2021-03-15 13:21:20,637 [Socket Reader #1 for port 0] INFO  ipc.Server (Server.java:run(1255)) - Starting Socket Reader #1 for port 0
2021-03-15 13:21:20,652 [Listener at 0.0.0.0/45927] INFO  ipc.CallQueueManager (CallQueueManager.java:<init>(85)) - Using callQueue: class java.util.concurrent.LinkedBlockingQueue, queueCapacity: 2000, scheduler: class org.apache.hadoop.ipc.DefaultRpcScheduler, ipcBackoff: false.
2021-03-15 13:21:20,657 [Socket Reader #1 for port 0] INFO  ipc.Server (Server.java:run(1255)) - Starting Socket Reader #1 for port 0
2021-03-15 13:21:20,666 [Listener at 0.0.0.0/42927] INFO  server.StorageContainerManager (StorageContainerManager.java:start(810)) - StorageContainerLocationProtocol RPC server is listening at /0.0.0.0:42927
2021-03-15 13:21:20,732 [Listener at 0.0.0.0/42927] WARN  impl.MetricsConfig (MetricsConfig.java:loadFirst(136)) - Cannot locate configuration: tried hadoop-metrics2-storagecontainermanager.properties,hadoop-metrics2.properties
2021-03-15 13:21:20,748 [Listener at 0.0.0.0/42927] INFO  impl.MetricsSystemImpl (MetricsSystemImpl.java:startTimer(378)) - Scheduled Metric snapshot period at 10 second(s).
2021-03-15 13:21:20,749 [Listener at 0.0.0.0/42927] INFO  impl.MetricsSystemImpl (MetricsSystemImpl.java:start(191)) - StorageContainerManager metrics system started
2021-03-15 13:21:21,007 [Listener at 0.0.0.0/42927] INFO  server.SCMClientProtocolServer (SCMClientProtocolServer.java:start(161)) - RPC server for Client  is listening at /0.0.0.0:42927
2021-03-15 13:21:21,009 [IPC Server Responder] INFO  ipc.Server (Server.java:run(1497)) - IPC Server Responder: starting
2021-03-15 13:21:21,010 [IPC Server listener on 0] INFO  ipc.Server (Server.java:run(1334)) - IPC Server listener on 0: starting
2021-03-15 13:21:21,018 [Listener at 0.0.0.0/42927] INFO  server.StorageContainerManager (StorageContainerManager.java:start(822)) - ScmBlockLocationProtocol RPC server is listening at /0.0.0.0:45927
2021-03-15 13:21:21,019 [Listener at 0.0.0.0/42927] INFO  server.SCMBlockProtocolServer (SCMBlockProtocolServer.java:start(150)) - RPC server for Block Protocol is listening at /0.0.0.0:45927
2021-03-15 13:21:21,020 [IPC Server Responder] INFO  ipc.Server (Server.java:run(1497)) - IPC Server Responder: starting
2021-03-15 13:21:21,020 [IPC Server listener on 0] INFO  ipc.Server (Server.java:run(1334)) - IPC Server listener on 0: starting
2021-03-15 13:21:21,030 [Listener at 0.0.0.0/42927] INFO  server.StorageContainerManager (StorageContainerManager.java:start(828)) - ScmDatanodeProtocl RPC server is listening at /0.0.0.0:39607
2021-03-15 13:21:21,030 [Listener at 0.0.0.0/42927] INFO  server.SCMDatanodeProtocolServer (SCMDatanodeProtocolServer.java:start(174)) - RPC server for DataNodes is listening at /0.0.0.0:39607
2021-03-15 13:21:21,034 [IPC Server Responder] INFO  ipc.Server (Server.java:run(1497)) - IPC Server Responder: starting
2021-03-15 13:21:21,034 [IPC Server listener on 0] INFO  ipc.Server (Server.java:run(1334)) - IPC Server listener on 0: starting
2021-03-15 13:21:21,062 [org.apache.hadoop.util.JvmPauseMonitor$Monitor@7c8971b2] INFO  util.JvmPauseMonitor (JvmPauseMonitor.java:run(188)) - Starting JVM pause monitor
2021-03-15 13:21:21,089 [Listener at 0.0.0.0/42927] INFO  http.BaseHttpServer (BaseHttpServer.java:newHttpServer2BuilderForOzone(207)) - Starting Web-server for scm at: http://0.0.0.0:0
2021-03-15 13:21:21,090 [Listener at 0.0.0.0/42927] INFO  http.BaseHttpServer (BaseHttpServer.java:<init>(106)) - Hadoop Security Enabled: false Ozone Security Enabled: false Ozone HTTP Security Enabled: false 
2021-03-15 13:21:21,121 [Listener at 0.0.0.0/42927] INFO  util.log (Log.java:initialized(169)) - Logging initialized @3321ms to org.eclipse.jetty.util.log.Slf4jLog
2021-03-15 13:21:21,258 [Listener at 0.0.0.0/42927] INFO  server.AuthenticationFilter (AuthenticationFilter.java:constructSecretProvider(240)) - Unable to initialize FileSignerSecretProvider, falling back to use random secrets.
2021-03-15 13:21:21,263 [Listener at 0.0.0.0/42927] WARN  http.HttpRequestLog (HttpRequestLog.java:getRequestLog(103)) - Jetty request log can only be enabled using Log4j
2021-03-15 13:21:21,269 [Listener at 0.0.0.0/42927] INFO  http.HttpServer2 (HttpServer2.java:addGlobalFilter(1020)) - Added global filter 'safety' (class=org.apache.hadoop.hdds.server.http.HttpServer2$QuotingInputFilter)
2021-03-15 13:21:21,272 [Listener at 0.0.0.0/42927] INFO  http.HttpServer2 (HttpServer2.java:addFilter(996)) - Added filter static_user_filter (class=org.apache.hadoop.http.lib.StaticUserWebFilter$StaticUserFilter) to context scm
2021-03-15 13:21:21,272 [Listener at 0.0.0.0/42927] INFO  http.HttpServer2 (HttpServer2.java:addFilter(1004)) - Added filter static_user_filter (class=org.apache.hadoop.http.lib.StaticUserWebFilter$StaticUserFilter) to context logs
2021-03-15 13:21:21,276 [Listener at 0.0.0.0/42927] INFO  http.HttpServer2 (HttpServer2.java:addFilter(1004)) - Added filter static_user_filter (class=org.apache.hadoop.http.lib.StaticUserWebFilter$StaticUserFilter) to context static
2021-03-15 13:21:21,324 [Listener at 0.0.0.0/42927] INFO  http.HttpServer2 (HttpServer2.java:bindListener(1238)) - Jetty bound to port 41657
2021-03-15 13:21:21,325 [Listener at 0.0.0.0/42927] INFO  server.Server (Server.java:doStart(375)) - jetty-9.4.35.v20201120; built: 2020-11-20T21:17:03.964Z; git: bdc54f03a5e0a7e280fab27f55c3c75ee8da89fb; jvm 1.8.0_232-b09
2021-03-15 13:21:21,362 [Listener at 0.0.0.0/42927] INFO  server.session (DefaultSessionIdManager.java:doStart(334)) - DefaultSessionIdManager workerName=node0
2021-03-15 13:21:21,363 [Listener at 0.0.0.0/42927] INFO  server.session (DefaultSessionIdManager.java:doStart(339)) - No SessionScavenger set, using defaults
2021-03-15 13:21:21,364 [Listener at 0.0.0.0/42927] INFO  server.session (HouseKeeper.java:startScavenging(132)) - node0 Scavenging every 600000ms
2021-03-15 13:21:21,378 [Listener at 0.0.0.0/42927] INFO  handler.ContextHandler (ContextHandler.java:doStart(916)) - Started o.e.j.s.ServletContextHandler@32ce475a{logs,/logs,file:///github/workspace/mnt/ozone/hadoop-ozone/integration-test/target/log,AVAILABLE}
2021-03-15 13:21:21,379 [Listener at 0.0.0.0/42927] INFO  handler.ContextHandler (ContextHandler.java:doStart(916)) - Started o.e.j.s.ServletContextHandler@6fff8bb2{static,/static,file:///github/workspace/mnt/ozone/hadoop-ozone/integration-test/target/test-classes/webapps/static,AVAILABLE}
2021-03-15 13:21:21,436 [Listener at 0.0.0.0/42927] INFO  handler.ContextHandler (ContextHandler.java:doStart(916)) - Started o.e.j.w.WebAppContext@6529c225{scm,/,file:///github/workspace/mnt/ozone/hadoop-ozone/integration-test/target/test-classes/webapps/scm/,AVAILABLE}{file:/github/workspace/mnt/ozone/hadoop-ozone/integration-test/target/test-classes/webapps/scm}
2021-03-15 13:21:21,447 [Listener at 0.0.0.0/42927] INFO  server.AbstractConnector (AbstractConnector.java:doStart(331)) - Started ServerConnector@a5a44c0{HTTP/1.1, (http/1.1)}{0.0.0.0:41657}
2021-03-15 13:21:21,447 [Listener at 0.0.0.0/42927] INFO  server.Server (Server.java:doStart(415)) - Started @3647ms
2021-03-15 13:21:21,449 [Listener at 0.0.0.0/42927] INFO  impl.MetricsSinkAdapter (MetricsSinkAdapter.java:start(204)) - Sink prometheus started
2021-03-15 13:21:21,450 [Listener at 0.0.0.0/42927] INFO  impl.MetricsSystemImpl (MetricsSystemImpl.java:registerSink(305)) - Registered sink prometheus
2021-03-15 13:21:21,525 [Listener at 0.0.0.0/42927] INFO  http.BaseHttpServer (BaseHttpServer.java:updateConnectorAddress(327)) - HTTP server of scm listening at http://0.0.0.0:41657
2021-03-15 13:21:21,527 [Listener at 0.0.0.0/42927] WARN  server.ServerUtils (ServerUtils.java:getDBPath(225)) - ozone.om.db.dirs is not configured. We recommend adding this setting. Falling back to ozone.metadata.dirs instead.
2021-03-15 13:21:21,733 [Listener at 0.0.0.0/42927] INFO  ha.OMHANodeDetails (OMHANodeDetails.java:loadOMHAConfig(104)) - ozone.om.internal.service.id is not defined, falling back to ozone.om.service.ids to find serviceID for OzoneManager if it is HA enabled cluster
2021-03-15 13:21:21,737 [Listener at 0.0.0.0/42927] INFO  ha.OMHANodeDetails (OMHANodeDetails.java:loadOMHAConfig(210)) - Configuration does not have ozone.om.address set. Falling back to the default OM address /127.0.0.1:0
2021-03-15 13:21:21,737 [Listener at 0.0.0.0/42927] INFO  ha.OMHANodeDetails (OMHANodeDetails.java:getOMNodeDetails(238)) - OM Service ID is not set. Setting it to the default ID: omServiceIdDefault
2021-03-15 13:21:21,738 [Listener at 0.0.0.0/42927] INFO  ha.OMHANodeDetails (OMHANodeDetails.java:getOMNodeDetails(245)) - OM Node ID is not set. Setting it to the default ID: om1
2021-03-15 13:21:21,740 [Listener at 0.0.0.0/42927] WARN  server.ServerUtils (ServerUtils.java:getDBPath(225)) - ozone.om.db.dirs is not configured. We recommend adding this setting. Falling back to ozone.metadata.dirs instead.
2021-03-15 13:21:21,740 [Listener at 0.0.0.0/42927] WARN  server.ServerUtils (ServerUtils.java:getDBPath(225)) - ozone.om.db.dirs is not configured. We recommend adding this setting. Falling back to ozone.metadata.dirs instead.
2021-03-15 13:21:22,482 [Listener at 0.0.0.0/42927] WARN  server.ServerUtils (ServerUtils.java:getDBPath(225)) - ozone.om.db.dirs is not configured. We recommend adding this setting. Falling back to ozone.metadata.dirs instead.
2021-03-15 13:21:22,490 [Listener at 0.0.0.0/42927] INFO  codec.OmKeyInfoCodec (OmKeyInfoCodec.java:<init>(43)) - OmKeyInfoCodec ignorePipeline = true
2021-03-15 13:21:22,491 [Listener at 0.0.0.0/42927] INFO  codec.RepeatedOmKeyInfoCodec (RepeatedOmKeyInfoCodec.java:<init>(42)) - RepeatedOmKeyInfoCodec ignorePipeline = true
2021-03-15 13:21:22,640 [Listener at 0.0.0.0/42927] INFO  om.OzoneManager (OzoneManager.java:addS3GVolumeToDB(3757)) - Created Volume s3v With Owner jenkins1001 required for S3Gateway operations.
2021-03-15 13:21:22,646 [Listener at 0.0.0.0/42927] WARN  server.ServerUtils (ServerUtils.java:getDefaultRatisDirectory(237)) - Storage directory for Ratis is not configured. It is a good idea to map this to an SSD disk. Falling back to ozone.metadata.dirs
2021-03-15 13:21:22,646 [Listener at 0.0.0.0/42927] WARN  ratis.OzoneManagerRatisServer (OzoneManagerRatisServer.java:getOMRatisSnapshotDirectory(632)) - ozone.om.ratis.snapshot.dir is not configured. Falling back to ozone.metadata.dirs config
2021-03-15 13:21:22,654 [Listener at 0.0.0.0/42927] INFO  metrics.MetricRegistries (MetricRegistriesLoader.java:load(64)) - Loaded MetricRegistries class org.apache.ratis.metrics.impl.MetricRegistriesImpl
2021-03-15 13:21:22,683 [Listener at 0.0.0.0/42927] WARN  server.ServerUtils (ServerUtils.java:getDefaultRatisDirectory(237)) - Storage directory for Ratis is not configured. It is a good idea to map this to an SSD disk. Falling back to ozone.metadata.dirs
2021-03-15 13:21:22,710 [Listener at 0.0.0.0/42927] INFO  ratis.OzoneManagerRatisServer (OzoneManagerRatisServer.java:<init>(286)) - Instantiating OM Ratis server with GroupID: omServiceIdDefault and Raft Peers: localhost:9872
2021-03-15 13:21:22,722 [Listener at 0.0.0.0/42927] INFO  ratis.OzoneManagerStateMachine (OzoneManagerStateMachine.java:loadSnapshotInfoFromDB(518)) - LastAppliedIndex is set from TransactionInfo from OM DB as (t:0, i:~)
2021-03-15 13:21:22,754 [Listener at 0.0.0.0/42927] INFO  server.RaftServer (ConfUtils.java:logGet(44)) - raft.rpc.type = GRPC (default)
2021-03-15 13:21:22,815 [Listener at 0.0.0.0/42927] INFO  grpc.GrpcFactory (GrpcFactory.java:checkPooledByteBufAllocatorUseCacheForAllThreads(48)) - PERFORMANCE WARNING: useCacheForAllThreads is true that may cause Netty to create a lot garbage objects and, as a result, trigger GC.
	It is recommended to disable useCacheForAllThreads by setting -Dorg.apache.ratis.thirdparty.io.netty.allocator.useCacheForAllThreads=false in command line.
2021-03-15 13:21:22,820 [Listener at 0.0.0.0/42927] INFO  grpc.GrpcConfigKeys (ConfUtils.java:logGet(44)) - raft.grpc.admin.port = -1 (default)
2021-03-15 13:21:22,820 [Listener at 0.0.0.0/42927] INFO  grpc.GrpcConfigKeys (ConfUtils.java:logGet(44)) - raft.grpc.server.port = 9872 (custom)
2021-03-15 13:21:22,821 [Listener at 0.0.0.0/42927] INFO  grpc.GrpcConfigKeys (ConfUtils.java:logGet(44)) - raft.grpc.client.port = -1 (default)
2021-03-15 13:21:22,822 [Listener at 0.0.0.0/42927] INFO  grpc.GrpcConfigKeys (ConfUtils.java:logGet(44)) - raft.grpc.server.port = 9872 (custom)
2021-03-15 13:21:22,822 [Listener at 0.0.0.0/42927] INFO  grpc.GrpcConfigKeys (ConfUtils.java:logGet(44)) - raft.grpc.server.port = 9872 (custom)
2021-03-15 13:21:22,823 [Listener at 0.0.0.0/42927] INFO  server.GrpcService (ConfUtils.java:logGet(44)) - raft.grpc.message.size.max = 33554432 (custom)
2021-03-15 13:21:22,824 [Listener at 0.0.0.0/42927] INFO  server.RaftServerConfigKeys (ConfUtils.java:logGet(44)) - raft.server.log.appender.buffer.byte-limit = 33554432 (custom)
2021-03-15 13:21:22,825 [Listener at 0.0.0.0/42927] INFO  server.GrpcService (ConfUtils.java:logGet(44)) - raft.grpc.flow.control.window = 1MB (=1048576) (default)
2021-03-15 13:21:22,825 [Listener at 0.0.0.0/42927] INFO  server.RaftServerConfigKeys (ConfUtils.java:logGet(44)) - raft.server.rpc.request.timeout = 3000ms (default)
2021-03-15 13:21:23,037 [Listener at 0.0.0.0/42927] INFO  impl.DataStreamServerImpl (ConfUtils.java:logGet(44)) - raft.datastream.type = DISABLED (default)
2021-03-15 13:21:23,040 [Listener at 0.0.0.0/42927] INFO  server.RaftServerConfigKeys (ConfUtils.java:logGet(44)) - raft.server.rpc.slowness.timeout = 120s (custom)
2021-03-15 13:21:23,040 [Listener at 0.0.0.0/42927] INFO  server.RaftServerConfigKeys (ConfUtils.java:logGet(44)) - raft.server.leaderelection.leader.step-down.wait-time = 10s (default)
2021-03-15 13:21:23,053 [Listener at 0.0.0.0/42927] INFO  server.RaftServerConfigKeys (ConfUtils.java:logGet(44)) - raft.server.storage.dir = [/github/workspace/mnt/ozone/hadoop-ozone/integration-test/target/test-dir/MiniOzoneClusterImpl-10170ce6-1bcb-4b6c-85b7-fb1f14fc7e79/ozone-meta/ratis] (custom)
2021-03-15 13:21:23,059 [Listener at 0.0.0.0/42927] INFO  server.RaftServer (RaftServerProxy.java:addNew(95)) - om1: addNew group-C5BA1605619E:[om1|rpc:localhost:9872|priority:0] returns group-C5BA1605619E:java.util.concurrent.CompletableFuture@bae6601[Not completed]
2021-03-15 13:21:23,059 [Listener at 0.0.0.0/42927] INFO  om.OzoneManager (OzoneManager.java:initializeRatisServer(1336)) - OzoneManager Ratis server initialized at port 9872
2021-03-15 13:21:23,077 [Listener at 0.0.0.0/42927] INFO  ipc.CallQueueManager (CallQueueManager.java:<init>(85)) - Using callQueue: class java.util.concurrent.LinkedBlockingQueue, queueCapacity: 2000, scheduler: class org.apache.hadoop.ipc.DefaultRpcScheduler, ipcBackoff: false.
2021-03-15 13:21:23,086 [Socket Reader #1 for port 0] INFO  ipc.Server (Server.java:run(1255)) - Starting Socket Reader #1 for port 0
2021-03-15 13:21:23,098 [pool-27-thread-1] INFO  server.RaftServer$Division (RaftServerImpl.java:<init>(180)) - om1: new RaftServerImpl for group-C5BA1605619E:[om1|rpc:localhost:9872|priority:0] with OzoneManagerStateMachine:uninitialized
2021-03-15 13:21:23,102 [pool-27-thread-1] INFO  server.RaftServerConfigKeys (ConfUtils.java:logGet(44)) - raft.server.rpc.timeout.min = 1s (custom)
2021-03-15 13:21:23,103 [pool-27-thread-1] INFO  server.RaftServerConfigKeys (ConfUtils.java:logGet(44)) - raft.server.rpc.timeout.max = 1200ms (custom)
2021-03-15 13:21:23,103 [pool-27-thread-1] INFO  server.RaftServerConfigKeys (ConfUtils.java:logGet(44)) - raft.server.rpc.sleep.time = 25ms (default)
2021-03-15 13:21:23,103 [pool-27-thread-1] INFO  server.RaftServerConfigKeys (ConfUtils.java:logGet(44)) - raft.server.rpc.slowness.timeout = 120s (custom)
2021-03-15 13:21:23,103 [pool-27-thread-1] INFO  server.RaftServerConfigKeys (ConfUtils.java:logGet(44)) - raft.server.leaderelection.leader.step-down.wait-time = 10s (default)
2021-03-15 13:21:23,104 [pool-27-thread-1] INFO  server.RaftServerConfigKeys (ConfUtils.java:logGet(44)) - raft.server.sleep.deviation.threshold = 300ms (default)
2021-03-15 13:21:23,105 [pool-27-thread-1] INFO  server.RaftServerConfigKeys (ConfUtils.java:logGet(44)) - raft.server.log.appender.install.snapshot.enabled = false (custom)
2021-03-15 13:21:23,112 [pool-27-thread-1] INFO  server.RaftServer$Division (ServerState.java:<init>(105)) - om1@group-C5BA1605619E: ConfigurationManager, init=-1: [om1|rpc:localhost:9872|priority:0], old=null, confs=<EMPTY_MAP>
2021-03-15 13:21:23,114 [pool-27-thread-1] INFO  server.RaftServerConfigKeys (ConfUtils.java:logGet(44)) - raft.server.storage.dir = [/github/workspace/mnt/ozone/hadoop-ozone/integration-test/target/test-dir/MiniOzoneClusterImpl-10170ce6-1bcb-4b6c-85b7-fb1f14fc7e79/ozone-meta/ratis] (custom)
2021-03-15 13:21:23,128 [pool-27-thread-1] INFO  server.RaftServerConfigKeys (ConfUtils.java:logGet(44)) - raft.server.log.corruption.policy = EXCEPTION (default)
2021-03-15 13:21:23,130 [pool-27-thread-1] INFO  storage.RaftStorageDirectory (RaftStorageDirectoryImpl.java:analyzeStorage(132)) - The storage directory /github/workspace/mnt/ozone/hadoop-ozone/integration-test/target/test-dir/MiniOzoneClusterImpl-10170ce6-1bcb-4b6c-85b7-fb1f14fc7e79/ozone-meta/ratis/bf265839-605b-3f16-9796-c5ba1605619e does not exist. Creating ...
2021-03-15 13:21:23,135 [pool-27-thread-1] INFO  storage.RaftStorageDirectory (RaftStorageDirectoryImpl.java:tryLock(215)) - Lock on /github/workspace/mnt/ozone/hadoop-ozone/integration-test/target/test-dir/MiniOzoneClusterImpl-10170ce6-1bcb-4b6c-85b7-fb1f14fc7e79/ozone-meta/ratis/bf265839-605b-3f16-9796-c5ba1605619e/in_use.lock acquired by nodename 8797@287f2862ff4e
2021-03-15 13:21:23,142 [Listener at 127.0.0.1/41395] INFO  impl.MetricsSystemImpl (MetricsSystemImpl.java:init(158)) - OzoneManager metrics system started (again)
2021-03-15 13:21:23,143 [Listener at 127.0.0.1/41395] INFO  om.OzoneManager (OzoneManager.java:start(1155)) - OzoneManager RPC server is listening at localhost/127.0.0.1:41395
2021-03-15 13:21:23,144 [Listener at 127.0.0.1/41395] INFO  ratis.OzoneManagerRatisServer (OzoneManagerRatisServer.java:start(386)) - Starting OzoneManagerRatisServer om1 at port 9872
2021-03-15 13:21:23,145 [pool-27-thread-1] INFO  storage.RaftStorage (RaftStorageImpl.java:format(87)) - Storage directory /github/workspace/mnt/ozone/hadoop-ozone/integration-test/target/test-dir/MiniOzoneClusterImpl-10170ce6-1bcb-4b6c-85b7-fb1f14fc7e79/ozone-meta/ratis/bf265839-605b-3f16-9796-c5ba1605619e has been successfully formatted.
2021-03-15 13:21:23,148 [pool-27-thread-1] ERROR storage.RaftStorage (RaftStorageImpl.java:readRaftConfiguration(147)) - Failed reading configuration from file:/github/workspace/mnt/ozone/hadoop-ozone/integration-test/target/test-dir/MiniOzoneClusterImpl-10170ce6-1bcb-4b6c-85b7-fb1f14fc7e79/ozone-meta/ratis/bf265839-605b-3f16-9796-c5ba1605619e/current/raft-meta.conf
java.io.FileNotFoundException: /github/workspace/mnt/ozone/hadoop-ozone/integration-test/target/test-dir/MiniOzoneClusterImpl-10170ce6-1bcb-4b6c-85b7-fb1f14fc7e79/ozone-meta/ratis/bf265839-605b-3f16-9796-c5ba1605619e/current/raft-meta.conf (No such file or directory)
	at java.io.FileInputStream.open0(Native Method)
	at java.io.FileInputStream.open(FileInputStream.java:195)
	at java.io.FileInputStream.<init>(FileInputStream.java:138)
	at org.apache.ratis.server.storage.RaftStorageImpl.readRaftConfiguration(RaftStorageImpl.java:143)
	at org.apache.ratis.server.impl.ServerState.<init>(ServerState.java:122)
	at org.apache.ratis.server.impl.RaftServerImpl.<init>(RaftServerImpl.java:193)
	at org.apache.ratis.server.impl.RaftServerProxy.lambda$newRaftServerImpl$4(RaftServerProxy.java:266)
	at java.util.concurrent.CompletableFuture$AsyncSupply.run(CompletableFuture.java:1604)
	at java.util.concurrent.ThreadPoolExecutor.runWorker(ThreadPoolExecutor.java:1149)
	at java.util.concurrent.ThreadPoolExecutor$Worker.run(ThreadPoolExecutor.java:624)
	at java.lang.Thread.run(Thread.java:748)
2021-03-15 13:21:23,153 [pool-27-thread-1] INFO  server.RaftServerConfigKeys (ConfUtils.java:logGet(44)) - raft.server.notification.no-leader.timeout = 120s (custom)
2021-03-15 13:21:23,156 [pool-27-thread-1] INFO  server.RaftServerConfigKeys (ConfUtils.java:logGet(44)) - raft.server.log.use.memory = false (default)
2021-03-15 13:21:23,165 [pool-27-thread-1] INFO  server.RaftServerConfigKeys (ConfUtils.java:logGet(44)) - raft.server.log.purge.gap = 1000000 (custom)
2021-03-15 13:21:23,165 [pool-27-thread-1] INFO  server.RaftServerConfigKeys (ConfUtils.java:logGet(44)) - raft.server.log.appender.buffer.byte-limit = 33554432 (custom)
2021-03-15 13:21:23,171 [pool-27-thread-1] INFO  metrics.RatisMetrics (RatisMetrics.java:lambda$create$0(36)) - Creating Metrics Registry : ratis.log_worker.om1@group-C5BA1605619E
2021-03-15 13:21:23,181 [pool-27-thread-1] INFO  server.RaftServerConfigKeys (ConfUtils.java:logGet(44)) - raft.server.log.segment.size.max = 4194304 (custom)
2021-03-15 13:21:23,188 [pool-27-thread-1] INFO  server.RaftServerConfigKeys (ConfUtils.java:logGet(44)) - raft.server.log.segment.cache.num.max = 2 (custom)
2021-03-15 13:21:23,188 [pool-27-thread-1] INFO  server.RaftServerConfigKeys (ConfUtils.java:logGet(44)) - raft.server.log.segment.cache.size.max = 200MB (=209715200) (default)
2021-03-15 13:21:23,224 [pool-27-thread-1] INFO  segmented.SegmentedRaftLogWorker (SegmentedRaftLogWorker.java:<init>(181)) - new om1@group-C5BA1605619E-SegmentedRaftLogWorker for RaftStorageImpl:Storage Directory /github/workspace/mnt/ozone/hadoop-ozone/integration-test/target/test-dir/MiniOzoneClusterImpl-10170ce6-1bcb-4b6c-85b7-fb1f14fc7e79/ozone-meta/ratis/bf265839-605b-3f16-9796-c5ba1605619e
2021-03-15 13:21:23,225 [pool-27-thread-1] INFO  server.RaftServerConfigKeys (ConfUtils.java:logGet(44)) - raft.server.log.queue.byte-limit = 64MB (=67108864) (default)
2021-03-15 13:21:23,227 [pool-27-thread-1] INFO  server.RaftServerConfigKeys (ConfUtils.java:logGet(44)) - raft.server.log.queue.element-limit = 4096 (default)
2021-03-15 13:21:23,228 [pool-27-thread-1] INFO  server.RaftServerConfigKeys (ConfUtils.java:logGet(44)) - raft.server.log.segment.size.max = 4194304 (custom)
2021-03-15 13:21:23,229 [pool-27-thread-1] INFO  server.RaftServerConfigKeys (ConfUtils.java:logGet(44)) - raft.server.log.preallocated.size = 4194304 (custom)
2021-03-15 13:21:23,231 [pool-27-thread-1] INFO  server.RaftServerConfigKeys (ConfUtils.java:logGet(44)) - raft.server.log.force.sync.num = 128 (default)
2021-03-15 13:21:23,233 [pool-27-thread-1] INFO  server.RaftServerConfigKeys (ConfUtils.java:logGet(44)) - raft.server.log.statemachine.data.sync = true (default)
2021-03-15 13:21:23,236 [pool-27-thread-1] INFO  server.RaftServerConfigKeys (ConfUtils.java:logGet(44)) - raft.server.log.statemachine.data.sync.timeout = 10s (default)
2021-03-15 13:21:23,237 [pool-27-thread-1] INFO  server.RaftServerConfigKeys (ConfUtils.java:logGet(44)) - raft.server.log.statemachine.data.sync.timeout.retry = -1 (default)
2021-03-15 13:21:23,247 [pool-27-thread-1] INFO  server.RaftServerConfigKeys (ConfUtils.java:logGet(44)) - raft.server.log.write.buffer.size = 64KB (=65536) (default)
2021-03-15 13:21:23,248 [pool-27-thread-1] INFO  server.RaftServerConfigKeys (ConfUtils.java:logGet(44)) - raft.server.log.statemachine.data.caching.enabled = false (default)
2021-03-15 13:21:23,255 [pool-27-thread-1] INFO  segmented.SegmentedRaftLogWorker (SegmentedRaftLogWorker.java:lambda$new$0(132)) - om1@group-C5BA1605619E-SegmentedRaftLogWorker: flushIndex: setUnconditionally 0 -> -1
2021-03-15 13:21:23,256 [pool-27-thread-1] INFO  segmented.SegmentedRaftLogWorker (SegmentedRaftLogWorker.java:lambda$new$0(132)) - om1@group-C5BA1605619E-SegmentedRaftLogWorker: safeCacheEvictIndex: setUnconditionally 0 -> -1
2021-03-15 13:21:23,261 [pool-27-thread-1] INFO  server.RaftServerConfigKeys (ConfUtils.java:logGet(44)) - raft.server.snapshot.auto.trigger.enabled = true (custom)
2021-03-15 13:21:23,261 [pool-27-thread-1] INFO  server.RaftServerConfigKeys (ConfUtils.java:logGet(44)) - raft.server.snapshot.auto.trigger.threshold = 400000 (default)
2021-03-15 13:21:23,262 [pool-27-thread-1] INFO  server.RaftServerConfigKeys (ConfUtils.java:logGet(44)) - raft.server.snapshot.retention.file.num = -1 (default)
2021-03-15 13:21:23,263 [pool-27-thread-1] INFO  server.RaftServerConfigKeys (ConfUtils.java:logGet(44)) - raft.server.log.purge.upto.snapshot.index = true (custom)
2021-03-15 13:21:23,264 [pool-27-thread-1] INFO  server.RaftServerConfigKeys (ConfUtils.java:logGet(44)) - raft.server.retrycache.expirytime = 300s (custom)
2021-03-15 13:21:23,264 [pool-27-thread-1] INFO  server.RaftServerConfigKeys (ConfUtils.java:logGet(44)) - raft.server.retrycache.statistics.expirytime = 100?s (default)
2021-03-15 13:21:23,286 [pool-27-thread-1] INFO  metrics.RatisMetrics (RatisMetrics.java:lambda$create$0(36)) - Creating Metrics Registry : ratis.leader_election.om1@group-C5BA1605619E
2021-03-15 13:21:23,291 [pool-27-thread-1] INFO  metrics.RatisMetrics (RatisMetrics.java:lambda$create$0(36)) - Creating Metrics Registry : ratis.server.om1@group-C5BA1605619E
2021-03-15 13:21:23,302 [Listener at 127.0.0.1/41395] INFO  server.RaftServer$Division (RaftServerImpl.java:start(295)) - om1@group-C5BA1605619E: start as a follower, conf=-1: [om1|rpc:localhost:9872|priority:0], old=null
2021-03-15 13:21:23,304 [Listener at 127.0.0.1/41395] INFO  server.RaftServer$Division (RaftServerImpl.java:setRole(284)) - om1@group-C5BA1605619E: changes role from      null to FOLLOWER at term 0 for startAsFollower
2021-03-15 13:21:23,305 [Listener at 127.0.0.1/41395] INFO  impl.RoleInfo (RoleInfo.java:updateAndGet(130)) - om1: start om1@group-C5BA1605619E-FollowerState
2021-03-15 13:21:23,307 [Listener at 127.0.0.1/41395] INFO  util.JmxRegister (JmxRegister.java:tryRegister(44)) - Successfully registered JMX Bean with object name Ratis:service=RaftServer,group=group-C5BA1605619E,id=om1
2021-03-15 13:21:23,308 [Listener at 127.0.0.1/41395] INFO  metrics.RatisMetrics (RatisMetrics.java:lambda$create$0(36)) - Creating Metrics Registry : ratis.state_machine.om1@group-C5BA1605619E
2021-03-15 13:21:23,310 [Listener at 127.0.0.1/41395] INFO  server.RaftServer (RaftServerProxy.java:lambda$start$5(374)) - om1: start RPC server
2021-03-15 13:21:23,366 [Listener at 127.0.0.1/41395] INFO  server.GrpcService (GrpcService.java:startImpl(253)) - om1: GrpcService started, listening on 9872
2021-03-15 13:21:23,370 [org.apache.ratis.util.JvmPauseMonitor$$Lambda$504/75164635@38871a6c] INFO  util.JvmPauseMonitor (JvmPauseMonitor.java:run(103)) - JvmPauseMonitor-om1: Started
2021-03-15 13:21:23,378 [Listener at 127.0.0.1/41395] INFO  http.BaseHttpServer (BaseHttpServer.java:newHttpServer2BuilderForOzone(207)) - Starting Web-server for ozoneManager at: http://0.0.0.0:0
2021-03-15 13:21:23,378 [Listener at 127.0.0.1/41395] INFO  http.BaseHttpServer (BaseHttpServer.java:<init>(106)) - Hadoop Security Enabled: false Ozone Security Enabled: false Ozone HTTP Security Enabled: false 
2021-03-15 13:21:23,380 [Listener at 127.0.0.1/41395] INFO  server.AuthenticationFilter (AuthenticationFilter.java:constructSecretProvider(240)) - Unable to initialize FileSignerSecretProvider, falling back to use random secrets.
2021-03-15 13:21:23,388 [Listener at 127.0.0.1/41395] WARN  http.HttpRequestLog (HttpRequestLog.java:getRequestLog(103)) - Jetty request log can only be enabled using Log4j
2021-03-15 13:21:23,389 [Listener at 127.0.0.1/41395] INFO  http.HttpServer2 (HttpServer2.java:addGlobalFilter(1020)) - Added global filter 'safety' (class=org.apache.hadoop.hdds.server.http.HttpServer2$QuotingInputFilter)
2021-03-15 13:21:23,390 [Listener at 127.0.0.1/41395] INFO  http.HttpServer2 (HttpServer2.java:addFilter(996)) - Added filter static_user_filter (class=org.apache.hadoop.http.lib.StaticUserWebFilter$StaticUserFilter) to context ozoneManager
2021-03-15 13:21:23,390 [Listener at 127.0.0.1/41395] INFO  http.HttpServer2 (HttpServer2.java:addFilter(1004)) - Added filter static_user_filter (class=org.apache.hadoop.http.lib.StaticUserWebFilter$StaticUserFilter) to context static
2021-03-15 13:21:23,390 [Listener at 127.0.0.1/41395] INFO  http.HttpServer2 (HttpServer2.java:addFilter(1004)) - Added filter static_user_filter (class=org.apache.hadoop.http.lib.StaticUserWebFilter$StaticUserFilter) to context logs
2021-03-15 13:21:23,392 [Listener at 127.0.0.1/41395] INFO  http.HttpServer2 (HttpServer2.java:bindListener(1238)) - Jetty bound to port 37395
2021-03-15 13:21:23,393 [Listener at 127.0.0.1/41395] INFO  server.Server (Server.java:doStart(375)) - jetty-9.4.35.v20201120; built: 2020-11-20T21:17:03.964Z; git: bdc54f03a5e0a7e280fab27f55c3c75ee8da89fb; jvm 1.8.0_232-b09
2021-03-15 13:21:23,396 [Listener at 127.0.0.1/41395] INFO  server.session (DefaultSessionIdManager.java:doStart(334)) - DefaultSessionIdManager workerName=node0
2021-03-15 13:21:23,396 [Listener at 127.0.0.1/41395] INFO  server.session (DefaultSessionIdManager.java:doStart(339)) - No SessionScavenger set, using defaults
2021-03-15 13:21:23,396 [Listener at 127.0.0.1/41395] INFO  server.session (HouseKeeper.java:startScavenging(132)) - node0 Scavenging every 660000ms
2021-03-15 13:21:23,401 [Listener at 127.0.0.1/41395] INFO  handler.ContextHandler (ContextHandler.java:doStart(916)) - Started o.e.j.s.ServletContextHandler@16b79ecc{logs,/logs,file:///github/workspace/mnt/ozone/hadoop-ozone/integration-test/target/log,AVAILABLE}
2021-03-15 13:21:23,402 [Listener at 127.0.0.1/41395] INFO  handler.ContextHandler (ContextHandler.java:doStart(916)) - Started o.e.j.s.ServletContextHandler@594ded2e{static,/static,file:///github/workspace/mnt/ozone/hadoop-ozone/integration-test/target/test-classes/webapps/static,AVAILABLE}
2021-03-15 13:21:23,406 [Listener at 127.0.0.1/41395] INFO  handler.ContextHandler (ContextHandler.java:doStart(916)) - Started o.e.j.w.WebAppContext@5b201618{ozoneManager,/,file:///github/workspace/mnt/ozone/hadoop-ozone/integration-test/target/test-classes/webapps/ozoneManager/,AVAILABLE}{file:/github/workspace/mnt/ozone/hadoop-ozone/integration-test/target/test-classes/webapps/ozoneManager}
2021-03-15 13:21:23,408 [Listener at 127.0.0.1/41395] INFO  server.AbstractConnector (AbstractConnector.java:doStart(331)) - Started ServerConnector@32b47bc{HTTP/1.1, (http/1.1)}{0.0.0.0:37395}
2021-03-15 13:21:23,408 [Listener at 127.0.0.1/41395] INFO  server.Server (Server.java:doStart(415)) - Started @5609ms
2021-03-15 13:21:23,409 [Listener at 127.0.0.1/41395] WARN  impl.MetricsSystemImpl (MetricsSystemImpl.java:register(279)) - Sink prometheus already exists!
2021-03-15 13:21:23,412 [Listener at 127.0.0.1/41395] INFO  http.BaseHttpServer (BaseHttpServer.java:updateConnectorAddress(327)) - HTTP server of ozoneManager listening at http://0.0.0.0:37395
2021-03-15 13:21:23,412 [IPC Server Responder] INFO  ipc.Server (Server.java:run(1497)) - IPC Server Responder: starting
2021-03-15 13:21:23,420 [Listener at 127.0.0.1/41395] INFO  om.OzoneManager (OzoneManager.java:startTrashEmptier(1276)) - Trash Interval set to 0. Files deleted will not move to trash
2021-03-15 13:21:23,425 [IPC Server listener on 0] INFO  ipc.Server (Server.java:run(1334)) - IPC Server listener on 0: starting
2021-03-15 13:21:23,430 [org.apache.hadoop.util.JvmPauseMonitor$Monitor@21403602] INFO  util.JvmPauseMonitor (JvmPauseMonitor.java:run(188)) - Starting JVM pause monitor
2021-03-15 13:21:23,639 [Listener at 127.0.0.1/41395] INFO  impl.MetricsSystemImpl (MetricsSystemImpl.java:init(158)) - HddsDatanode metrics system started (again)
2021-03-15 13:21:23,646 [Listener at 127.0.0.1/41395] INFO  ozone.HddsDatanodeService (HddsDatanodeService.java:start(217)) - HddsDatanodeService host:287f2862ff4e ip:172.17.0.2
2021-03-15 13:21:23,745 [Listener at 127.0.0.1/41395] INFO  volume.HddsVolume (HddsVolume.java:<init>(176)) - Creating Volume: /github/workspace/mnt/ozone/hadoop-ozone/integration-test/target/test-dir/MiniOzoneClusterImpl-10170ce6-1bcb-4b6c-85b7-fb1f14fc7e79/datanode-0/data-0/containers/hdds of storage type : DISK and capacity : 9223372036854775807
2021-03-15 13:21:23,748 [Listener at 127.0.0.1/41395] INFO  volume.MutableVolumeSet (MutableVolumeSet.java:initializeVolumeSet(179)) - Added Volume : /github/workspace/mnt/ozone/hadoop-ozone/integration-test/target/test-dir/MiniOzoneClusterImpl-10170ce6-1bcb-4b6c-85b7-fb1f14fc7e79/datanode-0/data-0/containers/hdds to VolumeSet
2021-03-15 13:21:23,749 [Listener at 127.0.0.1/41395] INFO  volume.ThrottledAsyncChecker (ThrottledAsyncChecker.java:schedule(141)) - Scheduling a check for /github/workspace/mnt/ozone/hadoop-ozone/integration-test/target/test-dir/MiniOzoneClusterImpl-10170ce6-1bcb-4b6c-85b7-fb1f14fc7e79/datanode-0/data-0/containers/hdds
2021-03-15 13:21:23,770 [Listener at 127.0.0.1/41395] INFO  volume.HddsVolumeChecker (HddsVolumeChecker.java:checkAllVolumes(200)) - Scheduled health check for volume /github/workspace/mnt/ozone/hadoop-ozone/integration-test/target/test-dir/MiniOzoneClusterImpl-10170ce6-1bcb-4b6c-85b7-fb1f14fc7e79/datanode-0/data-0/containers/hdds
2021-03-15 13:21:23,796 [Thread-131] INFO  ozoneimpl.ContainerReader (ContainerReader.java:readVolume(125)) - Start to verify containers on volume /github/workspace/mnt/ozone/hadoop-ozone/integration-test/target/test-dir/MiniOzoneClusterImpl-10170ce6-1bcb-4b6c-85b7-fb1f14fc7e79/datanode-0/data-0/containers/hdds
2021-03-15 13:21:23,796 [Thread-131] INFO  ozoneimpl.ContainerReader (ContainerReader.java:readVolume(150)) - Finish verifying containers on volume /github/workspace/mnt/ozone/hadoop-ozone/integration-test/target/test-dir/MiniOzoneClusterImpl-10170ce6-1bcb-4b6c-85b7-fb1f14fc7e79/datanode-0/data-0/containers/hdds
2021-03-15 13:21:23,796 [Listener at 127.0.0.1/41395] INFO  ozoneimpl.OzoneContainer (OzoneContainer.java:buildContainerSet(206)) - Build ContainerSet costs 0s
2021-03-15 13:21:23,878 [Listener at 127.0.0.1/41395] INFO  server.RaftServer (ConfUtils.java:logGet(44)) - raft.rpc.type = GRPC (default)
2021-03-15 13:21:23,879 [Listener at 127.0.0.1/41395] INFO  grpc.GrpcFactory (GrpcFactory.java:checkPooledByteBufAllocatorUseCacheForAllThreads(48)) - PERFORMANCE WARNING: useCacheForAllThreads is true that may cause Netty to create a lot garbage objects and, as a result, trigger GC.
	It is recommended to disable useCacheForAllThreads by setting -Dorg.apache.ratis.thirdparty.io.netty.allocator.useCacheForAllThreads=false in command line.
2021-03-15 13:21:23,879 [Listener at 127.0.0.1/41395] INFO  grpc.GrpcConfigKeys (ConfUtils.java:logGet(44)) - raft.grpc.admin.port = 0 (custom)
2021-03-15 13:21:23,880 [Listener at 127.0.0.1/41395] INFO  grpc.GrpcConfigKeys (ConfUtils.java:logGet(44)) - raft.grpc.client.port = 0 (custom)
2021-03-15 13:21:23,880 [Listener at 127.0.0.1/41395] INFO  grpc.GrpcConfigKeys (ConfUtils.java:logGet(44)) - raft.grpc.server.port = 0 (default)
2021-03-15 13:21:23,881 [Listener at 127.0.0.1/41395] INFO  server.GrpcService (ConfUtils.java:logGet(44)) - raft.grpc.message.size.max = 32MB (=33554432) (custom)
2021-03-15 13:21:23,881 [Listener at 127.0.0.1/41395] INFO  server.RaftServerConfigKeys (ConfUtils.java:logGet(44)) - raft.server.log.appender.buffer.byte-limit = 33554432 (custom)
2021-03-15 13:21:23,881 [Listener at 127.0.0.1/41395] INFO  server.GrpcService (ConfUtils.java:logGet(44)) - raft.grpc.flow.control.window = 5MB (=5242880) (custom)
2021-03-15 13:21:23,881 [Listener at 127.0.0.1/41395] INFO  server.RaftServerConfigKeys (ConfUtils.java:logGet(44)) - raft.server.rpc.request.timeout = 3000ms (default)
2021-03-15 13:21:23,883 [Listener at 127.0.0.1/41395] INFO  impl.DataStreamServerImpl (ConfUtils.java:logGet(44)) - raft.datastream.type = DISABLED (default)
2021-03-15 13:21:23,883 [Listener at 127.0.0.1/41395] INFO  server.RaftServerConfigKeys (ConfUtils.java:logGet(44)) - raft.server.rpc.slowness.timeout = 300000ms (custom)
2021-03-15 13:21:23,884 [Listener at 127.0.0.1/41395] INFO  server.RaftServerConfigKeys (ConfUtils.java:logGet(44)) - raft.server.leaderelection.leader.step-down.wait-time = 10s (default)
2021-03-15 13:21:23,884 [Listener at 127.0.0.1/41395] INFO  server.RaftServerConfigKeys (ConfUtils.java:logGet(44)) - raft.server.storage.dir = [/github/workspace/mnt/ozone/hadoop-ozone/integration-test/target/test-dir/MiniOzoneClusterImpl-10170ce6-1bcb-4b6c-85b7-fb1f14fc7e79/datanode-0/data/ratis] (custom)
2021-03-15 13:21:23,957 [Listener at 127.0.0.1/41395] INFO  http.BaseHttpServer (BaseHttpServer.java:newHttpServer2BuilderForOzone(207)) - Starting Web-server for hddsDatanode at: http://0.0.0.0:0
2021-03-15 13:21:23,957 [Listener at 127.0.0.1/41395] INFO  http.BaseHttpServer (BaseHttpServer.java:<init>(106)) - Hadoop Security Enabled: false Ozone Security Enabled: false Ozone HTTP Security Enabled: false 
2021-03-15 13:21:23,959 [Listener at 127.0.0.1/41395] INFO  server.AuthenticationFilter (AuthenticationFilter.java:constructSecretProvider(240)) - Unable to initialize FileSignerSecretProvider, falling back to use random secrets.
2021-03-15 13:21:23,960 [Listener at 127.0.0.1/41395] WARN  http.HttpRequestLog (HttpRequestLog.java:getRequestLog(103)) - Jetty request log can only be enabled using Log4j
2021-03-15 13:21:23,961 [Listener at 127.0.0.1/41395] INFO  http.HttpServer2 (HttpServer2.java:addGlobalFilter(1020)) - Added global filter 'safety' (class=org.apache.hadoop.hdds.server.http.HttpServer2$QuotingInputFilter)
2021-03-15 13:21:23,962 [Listener at 127.0.0.1/41395] INFO  http.HttpServer2 (HttpServer2.java:addFilter(996)) - Added filter static_user_filter (class=org.apache.hadoop.http.lib.StaticUserWebFilter$StaticUserFilter) to context hddsDatanode
2021-03-15 13:21:23,962 [Listener at 127.0.0.1/41395] INFO  http.HttpServer2 (HttpServer2.java:addFilter(1004)) - Added filter static_user_filter (class=org.apache.hadoop.http.lib.StaticUserWebFilter$StaticUserFilter) to context logs
2021-03-15 13:21:23,962 [Listener at 127.0.0.1/41395] INFO  http.HttpServer2 (HttpServer2.java:addFilter(1004)) - Added filter static_user_filter (class=org.apache.hadoop.http.lib.StaticUserWebFilter$StaticUserFilter) to context static
2021-03-15 13:21:23,963 [Listener at 127.0.0.1/41395] INFO  http.HttpServer2 (HttpServer2.java:bindListener(1238)) - Jetty bound to port 41655
2021-03-15 13:21:23,963 [Listener at 127.0.0.1/41395] INFO  server.Server (Server.java:doStart(375)) - jetty-9.4.35.v20201120; built: 2020-11-20T21:17:03.964Z; git: bdc54f03a5e0a7e280fab27f55c3c75ee8da89fb; jvm 1.8.0_232-b09
2021-03-15 13:21:23,969 [Listener at 127.0.0.1/41395] INFO  server.session (DefaultSessionIdManager.java:doStart(334)) - DefaultSessionIdManager workerName=node0
2021-03-15 13:21:23,970 [Listener at 127.0.0.1/41395] INFO  server.session (DefaultSessionIdManager.java:doStart(339)) - No SessionScavenger set, using defaults
2021-03-15 13:21:23,970 [Listener at 127.0.0.1/41395] INFO  server.session (HouseKeeper.java:startScavenging(132)) - node0 Scavenging every 660000ms
2021-03-15 13:21:23,973 [Listener at 127.0.0.1/41395] INFO  handler.ContextHandler (ContextHandler.java:doStart(916)) - Started o.e.j.s.ServletContextHandler@7c20f781{logs,/logs,file:///github/workspace/mnt/ozone/hadoop-ozone/integration-test/target/log,AVAILABLE}
2021-03-15 13:21:23,973 [Listener at 127.0.0.1/41395] INFO  handler.ContextHandler (ContextHandler.java:doStart(916)) - Started o.e.j.s.ServletContextHandler@384bade3{static,/static,jar:file:/home/user/.m2/repository/org/apache/hadoop/hadoop-hdds-container-service/1.1.0-SNAPSHOT/hadoop-hdds-container-service-1.1.0-SNAPSHOT.jar!/webapps/static,AVAILABLE}
2021-03-15 13:21:24,216 [Listener at 127.0.0.1/41395] INFO  handler.ContextHandler (ContextHandler.java:doStart(916)) - Started o.e.j.w.WebAppContext@15a34a95{hddsDatanode,/,file:///tmp/jetty-0_0_0_0-41655-hadoop-hdds-container-service-1_1_0-SNAPSHOT_jar-_-any-6754410101310974322/webapp/,AVAILABLE}{jar:file:/home/user/.m2/repository/org/apache/hadoop/hadoop-hdds-container-service/1.1.0-SNAPSHOT/hadoop-hdds-container-service-1.1.0-SNAPSHOT.jar!/webapps/hddsDatanode}
2021-03-15 13:21:24,218 [Listener at 127.0.0.1/41395] INFO  server.AbstractConnector (AbstractConnector.java:doStart(331)) - Started ServerConnector@3c72a25b{HTTP/1.1, (http/1.1)}{0.0.0.0:41655}
2021-03-15 13:21:24,221 [Listener at 127.0.0.1/41395] INFO  server.Server (Server.java:doStart(415)) - Started @6421ms
2021-03-15 13:21:24,221 [Listener at 127.0.0.1/41395] WARN  impl.MetricsSystemImpl (MetricsSystemImpl.java:register(279)) - Sink prometheus already exists!
2021-03-15 13:21:24,225 [Listener at 127.0.0.1/41395] INFO  http.BaseHttpServer (BaseHttpServer.java:updateConnectorAddress(327)) - HTTP server of hddsDatanode listening at http://0.0.0.0:41655
2021-03-15 13:21:24,227 [Listener at 127.0.0.1/41395] INFO  impl.MetricsSystemImpl (MetricsSystemImpl.java:init(158)) - HddsDatanode metrics system started (again)
2021-03-15 13:21:24,232 [Listener at 127.0.0.1/41395] INFO  ozone.HddsDatanodeService (HddsDatanodeService.java:start(217)) - HddsDatanodeService host:287f2862ff4e ip:172.17.0.2
2021-03-15 13:21:24,238 [Listener at 127.0.0.1/41395] INFO  volume.HddsVolume (HddsVolume.java:<init>(176)) - Creating Volume: /github/workspace/mnt/ozone/hadoop-ozone/integration-test/target/test-dir/MiniOzoneClusterImpl-10170ce6-1bcb-4b6c-85b7-fb1f14fc7e79/datanode-1/data-0/containers/hdds of storage type : DISK and capacity : 9223372036854775807
2021-03-15 13:21:24,238 [Listener at 127.0.0.1/41395] INFO  volume.MutableVolumeSet (MutableVolumeSet.java:initializeVolumeSet(179)) - Added Volume : /github/workspace/mnt/ozone/hadoop-ozone/integration-test/target/test-dir/MiniOzoneClusterImpl-10170ce6-1bcb-4b6c-85b7-fb1f14fc7e79/datanode-1/data-0/containers/hdds to VolumeSet
2021-03-15 13:21:24,238 [Listener at 127.0.0.1/41395] INFO  volume.ThrottledAsyncChecker (ThrottledAsyncChecker.java:schedule(141)) - Scheduling a check for /github/workspace/mnt/ozone/hadoop-ozone/integration-test/target/test-dir/MiniOzoneClusterImpl-10170ce6-1bcb-4b6c-85b7-fb1f14fc7e79/datanode-1/data-0/containers/hdds
2021-03-15 13:21:24,240 [Listener at 127.0.0.1/41395] INFO  volume.HddsVolumeChecker (HddsVolumeChecker.java:checkAllVolumes(200)) - Scheduled health check for volume /github/workspace/mnt/ozone/hadoop-ozone/integration-test/target/test-dir/MiniOzoneClusterImpl-10170ce6-1bcb-4b6c-85b7-fb1f14fc7e79/datanode-1/data-0/containers/hdds
2021-03-15 13:21:24,264 [org.apache.hadoop.util.JvmPauseMonitor$Monitor@4ef5bc27] INFO  util.JvmPauseMonitor (JvmPauseMonitor.java:run(188)) - Starting JVM pause monitor
2021-03-15 13:21:24,268 [Thread-142] INFO  ozoneimpl.ContainerReader (ContainerReader.java:readVolume(125)) - Start to verify containers on volume /github/workspace/mnt/ozone/hadoop-ozone/integration-test/target/test-dir/MiniOzoneClusterImpl-10170ce6-1bcb-4b6c-85b7-fb1f14fc7e79/datanode-1/data-0/containers/hdds
2021-03-15 13:21:24,268 [Thread-142] INFO  ozoneimpl.ContainerReader (ContainerReader.java:readVolume(150)) - Finish verifying containers on volume /github/workspace/mnt/ozone/hadoop-ozone/integration-test/target/test-dir/MiniOzoneClusterImpl-10170ce6-1bcb-4b6c-85b7-fb1f14fc7e79/datanode-1/data-0/containers/hdds
2021-03-15 13:21:24,269 [Listener at 127.0.0.1/41395] INFO  ozoneimpl.OzoneContainer (OzoneContainer.java:buildContainerSet(206)) - Build ContainerSet costs 0s
2021-03-15 13:21:24,272 [Listener at 127.0.0.1/41395] INFO  server.RaftServer (ConfUtils.java:logGet(44)) - raft.rpc.type = GRPC (default)
2021-03-15 13:21:24,272 [Listener at 127.0.0.1/41395] INFO  grpc.GrpcFactory (GrpcFactory.java:checkPooledByteBufAllocatorUseCacheForAllThreads(48)) - PERFORMANCE WARNING: useCacheForAllThreads is true that may cause Netty to create a lot garbage objects and, as a result, trigger GC.
	It is recommended to disable useCacheForAllThreads by setting -Dorg.apache.ratis.thirdparty.io.netty.allocator.useCacheForAllThreads=false in command line.
2021-03-15 13:21:24,272 [Listener at 127.0.0.1/41395] INFO  grpc.GrpcConfigKeys (ConfUtils.java:logGet(44)) - raft.grpc.admin.port = 0 (custom)
2021-03-15 13:21:24,272 [Listener at 127.0.0.1/41395] INFO  grpc.GrpcConfigKeys (ConfUtils.java:logGet(44)) - raft.grpc.client.port = 0 (custom)
2021-03-15 13:21:24,272 [Listener at 127.0.0.1/41395] INFO  grpc.GrpcConfigKeys (ConfUtils.java:logGet(44)) - raft.grpc.server.port = 0 (default)
2021-03-15 13:21:24,274 [Listener at 127.0.0.1/41395] INFO  server.GrpcService (ConfUtils.java:logGet(44)) - raft.grpc.message.size.max = 32MB (=33554432) (custom)
2021-03-15 13:21:24,274 [Listener at 127.0.0.1/41395] INFO  server.RaftServerConfigKeys (ConfUtils.java:logGet(44)) - raft.server.log.appender.buffer.byte-limit = 33554432 (custom)
2021-03-15 13:21:24,274 [Listener at 127.0.0.1/41395] INFO  server.GrpcService (ConfUtils.java:logGet(44)) - raft.grpc.flow.control.window = 5MB (=5242880) (custom)
2021-03-15 13:21:24,277 [Listener at 127.0.0.1/41395] INFO  server.RaftServerConfigKeys (ConfUtils.java:logGet(44)) - raft.server.rpc.request.timeout = 3000ms (default)
2021-03-15 13:21:24,278 [Listener at 127.0.0.1/41395] INFO  impl.DataStreamServerImpl (ConfUtils.java:logGet(44)) - raft.datastream.type = DISABLED (default)
2021-03-15 13:21:24,286 [Listener at 127.0.0.1/41395] INFO  server.RaftServerConfigKeys (ConfUtils.java:logGet(44)) - raft.server.rpc.slowness.timeout = 300000ms (custom)
2021-03-15 13:21:24,286 [Listener at 127.0.0.1/41395] INFO  server.RaftServerConfigKeys (ConfUtils.java:logGet(44)) - raft.server.leaderelection.leader.step-down.wait-time = 10s (default)
2021-03-15 13:21:24,286 [Listener at 127.0.0.1/41395] INFO  server.RaftServerConfigKeys (ConfUtils.java:logGet(44)) - raft.server.storage.dir = [/github/workspace/mnt/ozone/hadoop-ozone/integration-test/target/test-dir/MiniOzoneClusterImpl-10170ce6-1bcb-4b6c-85b7-fb1f14fc7e79/datanode-1/data/ratis] (custom)
2021-03-15 13:21:24,293 [Listener at 127.0.0.1/41395] INFO  http.BaseHttpServer (BaseHttpServer.java:newHttpServer2BuilderForOzone(207)) - Starting Web-server for hddsDatanode at: http://0.0.0.0:0
2021-03-15 13:21:24,293 [Listener at 127.0.0.1/41395] INFO  http.BaseHttpServer (BaseHttpServer.java:<init>(106)) - Hadoop Security Enabled: false Ozone Security Enabled: false Ozone HTTP Security Enabled: false 
2021-03-15 13:21:24,294 [Listener at 127.0.0.1/41395] INFO  server.AuthenticationFilter (AuthenticationFilter.java:constructSecretProvider(240)) - Unable to initialize FileSignerSecretProvider, falling back to use random secrets.
2021-03-15 13:21:24,301 [Listener at 127.0.0.1/41395] WARN  http.HttpRequestLog (HttpRequestLog.java:getRequestLog(103)) - Jetty request log can only be enabled using Log4j
2021-03-15 13:21:24,302 [Listener at 127.0.0.1/41395] INFO  http.HttpServer2 (HttpServer2.java:addGlobalFilter(1020)) - Added global filter 'safety' (class=org.apache.hadoop.hdds.server.http.HttpServer2$QuotingInputFilter)
2021-03-15 13:21:24,303 [Listener at 127.0.0.1/41395] INFO  http.HttpServer2 (HttpServer2.java:addFilter(996)) - Added filter static_user_filter (class=org.apache.hadoop.http.lib.StaticUserWebFilter$StaticUserFilter) to context hddsDatanode
2021-03-15 13:21:24,303 [Listener at 127.0.0.1/41395] INFO  http.HttpServer2 (HttpServer2.java:addFilter(1004)) - Added filter static_user_filter (class=org.apache.hadoop.http.lib.StaticUserWebFilter$StaticUserFilter) to context logs
2021-03-15 13:21:24,303 [Listener at 127.0.0.1/41395] INFO  http.HttpServer2 (HttpServer2.java:addFilter(1004)) - Added filter static_user_filter (class=org.apache.hadoop.http.lib.StaticUserWebFilter$StaticUserFilter) to context static
2021-03-15 13:21:24,304 [Listener at 127.0.0.1/41395] INFO  http.HttpServer2 (HttpServer2.java:bindListener(1238)) - Jetty bound to port 33551
2021-03-15 13:21:24,304 [Listener at 127.0.0.1/41395] INFO  server.Server (Server.java:doStart(375)) - jetty-9.4.35.v20201120; built: 2020-11-20T21:17:03.964Z; git: bdc54f03a5e0a7e280fab27f55c3c75ee8da89fb; jvm 1.8.0_232-b09
2021-03-15 13:21:24,365 [Listener at 127.0.0.1/41395] INFO  server.session (DefaultSessionIdManager.java:doStart(334)) - DefaultSessionIdManager workerName=node0
2021-03-15 13:21:24,365 [Listener at 127.0.0.1/41395] INFO  server.session (DefaultSessionIdManager.java:doStart(339)) - No SessionScavenger set, using defaults
2021-03-15 13:21:24,365 [Listener at 127.0.0.1/41395] INFO  server.session (HouseKeeper.java:startScavenging(132)) - node0 Scavenging every 600000ms
2021-03-15 13:21:24,371 [Listener at 127.0.0.1/41395] INFO  handler.ContextHandler (ContextHandler.java:doStart(916)) - Started o.e.j.s.ServletContextHandler@75f23525{logs,/logs,file:///github/workspace/mnt/ozone/hadoop-ozone/integration-test/target/log,AVAILABLE}
2021-03-15 13:21:24,372 [Listener at 127.0.0.1/41395] INFO  handler.ContextHandler (ContextHandler.java:doStart(916)) - Started o.e.j.s.ServletContextHandler@4c8f402{static,/static,jar:file:/home/user/.m2/repository/org/apache/hadoop/hadoop-hdds-container-service/1.1.0-SNAPSHOT/hadoop-hdds-container-service-1.1.0-SNAPSHOT.jar!/webapps/static,AVAILABLE}
2021-03-15 13:21:24,399 [Datanode State Machine Task Thread - 0] INFO  datanode.InitDatanodeState (InitDatanodeState.java:persistContainerDatanodeDetails(145)) - DatanodeDetails is persisted to /github/workspace/mnt/ozone/hadoop-ozone/integration-test/target/test-dir/MiniOzoneClusterImpl-10170ce6-1bcb-4b6c-85b7-fb1f14fc7e79/datanode-0/meta/datanode.id
2021-03-15 13:21:24,474 [Thread-98] INFO  impl.FollowerState (FollowerState.java:run(133)) - om1@group-C5BA1605619E-FollowerState: change to CANDIDATE, lastRpcElapsedTime:1169333052ns, electionTimeout:1167ms
2021-03-15 13:21:24,476 [Thread-98] INFO  impl.RoleInfo (RoleInfo.java:shutdownFollowerState(108)) - om1: shutdown om1@group-C5BA1605619E-FollowerState
2021-03-15 13:21:24,476 [Thread-98] INFO  server.RaftServer$Division (RaftServerImpl.java:setRole(284)) - om1@group-C5BA1605619E: changes role from  FOLLOWER to CANDIDATE at term 0 for changeToCandidate
2021-03-15 13:21:24,479 [Thread-98] INFO  server.RaftServerConfigKeys (ConfUtils.java:logGet(44)) - raft.server.leaderelection.pre-vote = false (custom)
2021-03-15 13:21:24,479 [Thread-98] INFO  impl.RoleInfo (RoleInfo.java:updateAndGet(130)) - om1: start om1@group-C5BA1605619E-LeaderElection1
2021-03-15 13:21:24,498 [om1@group-C5BA1605619E-LeaderElection1] INFO  impl.LeaderElection (LeaderElection.java:askForVotes(307)) - om1@group-C5BA1605619E-LeaderElection1 ELECTION round 0: submit vote requests at term 1 for -1: [om1|rpc:localhost:9872|priority:0], old=null
2021-03-15 13:21:24,499 [om1@group-C5BA1605619E-LeaderElection1] INFO  impl.LeaderElection (LeaderElection.java:askForVotes(309)) - om1@group-C5BA1605619E-LeaderElection1 ELECTION round 0: result PASSED (term=1)
2021-03-15 13:21:24,500 [om1@group-C5BA1605619E-LeaderElection1] INFO  impl.RoleInfo (RoleInfo.java:shutdownLeaderElection(121)) - om1: shutdown om1@group-C5BA1605619E-LeaderElection1
2021-03-15 13:21:24,504 [om1@group-C5BA1605619E-LeaderElection1] INFO  server.RaftServer$Division (RaftServerImpl.java:setRole(284)) - om1@group-C5BA1605619E: changes role from CANDIDATE to LEADER at term 1 for changeToLeader
2021-03-15 13:21:24,505 [om1@group-C5BA1605619E-LeaderElection1] INFO  server.RaftServer$Division (ServerState.java:setLeader(271)) - om1@group-C5BA1605619E: change Leader from null to om1 at term 1 for becomeLeader, leader elected after 1351ms
2021-03-15 13:21:24,510 [om1@group-C5BA1605619E-LeaderElection1] INFO  server.RaftServerConfigKeys (ConfUtils.java:logGet(44)) - raft.server.staging.catchup.gap = 1000 (default)
2021-03-15 13:21:24,519 [om1@group-C5BA1605619E-LeaderElection1] INFO  metrics.RatisMetrics (RatisMetrics.java:lambda$create$0(36)) - Creating Metrics Registry : ratis.log_appender.om1@group-C5BA1605619E
2021-03-15 13:21:24,530 [om1@group-C5BA1605619E-LeaderElection1] INFO  server.RaftServerConfigKeys (ConfUtils.java:logGet(44)) - raft.server.write.element-limit = 4096 (default)
2021-03-15 13:21:24,531 [om1@group-C5BA1605619E-LeaderElection1] INFO  server.RaftServerConfigKeys (ConfUtils.java:logGet(44)) - raft.server.write.byte-limit = 64MB (=67108864) (default)
2021-03-15 13:21:24,537 [om1@group-C5BA1605619E-LeaderElection1] INFO  server.RaftServerConfigKeys (ConfUtils.java:logGet(44)) - raft.server.watch.timeout = 10s (default)
2021-03-15 13:21:24,537 [om1@group-C5BA1605619E-LeaderElection1] INFO  server.RaftServerConfigKeys (ConfUtils.java:logGet(44)) - raft.server.watch.timeout.denomination = 1s (default)
2021-03-15 13:21:24,538 [om1@group-C5BA1605619E-LeaderElection1] INFO  server.RaftServerConfigKeys (ConfUtils.java:logGet(44)) - raft.server.watch.element-limit = 65536 (default)
2021-03-15 13:21:24,546 [om1@group-C5BA1605619E-LeaderElection1] INFO  impl.RoleInfo (RoleInfo.java:updateAndGet(130)) - om1: start om1@group-C5BA1605619E-LeaderStateImpl
2021-03-15 13:21:24,614 [om1@group-C5BA1605619E-LeaderElection1] INFO  segmented.SegmentedRaftLogWorker (SegmentedRaftLogWorker.java:startLogSegment(392)) - om1@group-C5BA1605619E-SegmentedRaftLogWorker: Starting segment from index:0
2021-03-15 13:21:24,633 [Listener at 127.0.0.1/41395] INFO  handler.ContextHandler (ContextHandler.java:doStart(916)) - Started o.e.j.w.WebAppContext@394b046{hddsDatanode,/,file:///tmp/jetty-0_0_0_0-33551-hadoop-hdds-container-service-1_1_0-SNAPSHOT_jar-_-any-363312981530678812/webapp/,AVAILABLE}{jar:file:/home/user/.m2/repository/org/apache/hadoop/hadoop-hdds-container-service/1.1.0-SNAPSHOT/hadoop-hdds-container-service-1.1.0-SNAPSHOT.jar!/webapps/hddsDatanode}
2021-03-15 13:21:24,637 [Listener at 127.0.0.1/41395] INFO  server.AbstractConnector (AbstractConnector.java:doStart(331)) - Started ServerConnector@57d78c92{HTTP/1.1, (http/1.1)}{0.0.0.0:33551}
2021-03-15 13:21:24,637 [Listener at 127.0.0.1/41395] INFO  server.Server (Server.java:doStart(415)) - Started @6838ms
2021-03-15 13:21:24,638 [Listener at 127.0.0.1/41395] WARN  impl.MetricsSystemImpl (MetricsSystemImpl.java:register(279)) - Sink prometheus already exists!
2021-03-15 13:21:24,642 [Listener at 127.0.0.1/41395] INFO  http.BaseHttpServer (BaseHttpServer.java:updateConnectorAddress(327)) - HTTP server of hddsDatanode listening at http://0.0.0.0:33551
2021-03-15 13:21:24,649 [Listener at 127.0.0.1/41395] INFO  impl.MetricsSystemImpl (MetricsSystemImpl.java:init(158)) - HddsDatanode metrics system started (again)
2021-03-15 13:21:24,650 [Listener at 127.0.0.1/41395] INFO  ozone.HddsDatanodeService (HddsDatanodeService.java:start(217)) - HddsDatanodeService host:287f2862ff4e ip:172.17.0.2
2021-03-15 13:21:24,666 [Listener at 127.0.0.1/41395] INFO  volume.HddsVolume (HddsVolume.java:<init>(176)) - Creating Volume: /github/workspace/mnt/ozone/hadoop-ozone/integration-test/target/test-dir/MiniOzoneClusterImpl-10170ce6-1bcb-4b6c-85b7-fb1f14fc7e79/datanode-2/data-0/containers/hdds of storage type : DISK and capacity : 9223372036854775807
2021-03-15 13:21:24,666 [Listener at 127.0.0.1/41395] INFO  volume.MutableVolumeSet (MutableVolumeSet.java:initializeVolumeSet(179)) - Added Volume : /github/workspace/mnt/ozone/hadoop-ozone/integration-test/target/test-dir/MiniOzoneClusterImpl-10170ce6-1bcb-4b6c-85b7-fb1f14fc7e79/datanode-2/data-0/containers/hdds to VolumeSet
2021-03-15 13:21:24,666 [Listener at 127.0.0.1/41395] INFO  volume.ThrottledAsyncChecker (ThrottledAsyncChecker.java:schedule(141)) - Scheduling a check for /github/workspace/mnt/ozone/hadoop-ozone/integration-test/target/test-dir/MiniOzoneClusterImpl-10170ce6-1bcb-4b6c-85b7-fb1f14fc7e79/datanode-2/data-0/containers/hdds
2021-03-15 13:21:24,687 [org.apache.hadoop.util.JvmPauseMonitor$Monitor@1d484b6b] INFO  util.JvmPauseMonitor (JvmPauseMonitor.java:run(188)) - Starting JVM pause monitor
2021-03-15 13:21:24,688 [Listener at 127.0.0.1/41395] INFO  volume.HddsVolumeChecker (HddsVolumeChecker.java:checkAllVolumes(200)) - Scheduled health check for volume /github/workspace/mnt/ozone/hadoop-ozone/integration-test/target/test-dir/MiniOzoneClusterImpl-10170ce6-1bcb-4b6c-85b7-fb1f14fc7e79/datanode-2/data-0/containers/hdds
2021-03-15 13:21:24,692 [om1@group-C5BA1605619E-LeaderElection1] INFO  server.RaftServer$Division (ServerState.java:setRaftConf(373)) - om1@group-C5BA1605619E: set configuration 0: [om1|rpc:localhost:9872|admin:|client:|dataStream:|priority:0], old=null
2021-03-15 13:21:24,700 [Datanode State Machine Task Thread - 0] INFO  datanode.InitDatanodeState (InitDatanodeState.java:persistContainerDatanodeDetails(145)) - DatanodeDetails is persisted to /github/workspace/mnt/ozone/hadoop-ozone/integration-test/target/test-dir/MiniOzoneClusterImpl-10170ce6-1bcb-4b6c-85b7-fb1f14fc7e79/datanode-1/meta/datanode.id
2021-03-15 13:21:24,719 [Thread-155] INFO  ozoneimpl.ContainerReader (ContainerReader.java:readVolume(125)) - Start to verify containers on volume /github/workspace/mnt/ozone/hadoop-ozone/integration-test/target/test-dir/MiniOzoneClusterImpl-10170ce6-1bcb-4b6c-85b7-fb1f14fc7e79/datanode-2/data-0/containers/hdds
2021-03-15 13:21:24,721 [Thread-155] INFO  ozoneimpl.ContainerReader (ContainerReader.java:readVolume(150)) - Finish verifying containers on volume /github/workspace/mnt/ozone/hadoop-ozone/integration-test/target/test-dir/MiniOzoneClusterImpl-10170ce6-1bcb-4b6c-85b7-fb1f14fc7e79/datanode-2/data-0/containers/hdds
2021-03-15 13:21:24,721 [Listener at 127.0.0.1/41395] INFO  ozoneimpl.OzoneContainer (OzoneContainer.java:buildContainerSet(206)) - Build ContainerSet costs 0s
2021-03-15 13:21:24,724 [Listener at 127.0.0.1/41395] INFO  server.RaftServer (ConfUtils.java:logGet(44)) - raft.rpc.type = GRPC (default)
2021-03-15 13:21:24,724 [Listener at 127.0.0.1/41395] INFO  grpc.GrpcFactory (GrpcFactory.java:checkPooledByteBufAllocatorUseCacheForAllThreads(48)) - PERFORMANCE WARNING: useCacheForAllThreads is true that may cause Netty to create a lot garbage objects and, as a result, trigger GC.
	It is recommended to disable useCacheForAllThreads by setting -Dorg.apache.ratis.thirdparty.io.netty.allocator.useCacheForAllThreads=false in command line.
2021-03-15 13:21:24,724 [Listener at 127.0.0.1/41395] INFO  grpc.GrpcConfigKeys (ConfUtils.java:logGet(44)) - raft.grpc.admin.port = 0 (custom)
2021-03-15 13:21:24,724 [Listener at 127.0.0.1/41395] INFO  grpc.GrpcConfigKeys (ConfUtils.java:logGet(44)) - raft.grpc.client.port = 0 (custom)
2021-03-15 13:21:24,725 [Listener at 127.0.0.1/41395] INFO  grpc.GrpcConfigKeys (ConfUtils.java:logGet(44)) - raft.grpc.server.port = 0 (default)
2021-03-15 13:21:24,725 [Listener at 127.0.0.1/41395] INFO  server.GrpcService (ConfUtils.java:logGet(44)) - raft.grpc.message.size.max = 32MB (=33554432) (custom)
2021-03-15 13:21:24,725 [Listener at 127.0.0.1/41395] INFO  server.RaftServerConfigKeys (ConfUtils.java:logGet(44)) - raft.server.log.appender.buffer.byte-limit = 33554432 (custom)
2021-03-15 13:21:24,725 [Listener at 127.0.0.1/41395] INFO  server.GrpcService (ConfUtils.java:logGet(44)) - raft.grpc.flow.control.window = 5MB (=5242880) (custom)
2021-03-15 13:21:24,726 [Listener at 127.0.0.1/41395] INFO  server.RaftServerConfigKeys (ConfUtils.java:logGet(44)) - raft.server.rpc.request.timeout = 3000ms (default)
2021-03-15 13:21:24,727 [Listener at 127.0.0.1/41395] INFO  impl.DataStreamServerImpl (ConfUtils.java:logGet(44)) - raft.datastream.type = DISABLED (default)
2021-03-15 13:21:24,727 [Listener at 127.0.0.1/41395] INFO  server.RaftServerConfigKeys (ConfUtils.java:logGet(44)) - raft.server.rpc.slowness.timeout = 300000ms (custom)
2021-03-15 13:21:24,727 [Listener at 127.0.0.1/41395] INFO  server.RaftServerConfigKeys (ConfUtils.java:logGet(44)) - raft.server.leaderelection.leader.step-down.wait-time = 10s (default)
2021-03-15 13:21:24,733 [Listener at 127.0.0.1/41395] INFO  server.RaftServerConfigKeys (ConfUtils.java:logGet(44)) - raft.server.storage.dir = [/github/workspace/mnt/ozone/hadoop-ozone/integration-test/target/test-dir/MiniOzoneClusterImpl-10170ce6-1bcb-4b6c-85b7-fb1f14fc7e79/datanode-2/data/ratis] (custom)
2021-03-15 13:21:24,739 [Listener at 127.0.0.1/41395] INFO  http.BaseHttpServer (BaseHttpServer.java:newHttpServer2BuilderForOzone(207)) - Starting Web-server for hddsDatanode at: http://0.0.0.0:0
2021-03-15 13:21:24,739 [Listener at 127.0.0.1/41395] INFO  http.BaseHttpServer (BaseHttpServer.java:<init>(106)) - Hadoop Security Enabled: false Ozone Security Enabled: false Ozone HTTP Security Enabled: false 
2021-03-15 13:21:24,741 [Listener at 127.0.0.1/41395] INFO  server.AuthenticationFilter (AuthenticationFilter.java:constructSecretProvider(240)) - Unable to initialize FileSignerSecretProvider, falling back to use random secrets.
2021-03-15 13:21:24,749 [Listener at 127.0.0.1/41395] WARN  http.HttpRequestLog (HttpRequestLog.java:getRequestLog(103)) - Jetty request log can only be enabled using Log4j
2021-03-15 13:21:24,750 [Listener at 127.0.0.1/41395] INFO  http.HttpServer2 (HttpServer2.java:addGlobalFilter(1020)) - Added global filter 'safety' (class=org.apache.hadoop.hdds.server.http.HttpServer2$QuotingInputFilter)
2021-03-15 13:21:24,751 [Listener at 127.0.0.1/41395] INFO  http.HttpServer2 (HttpServer2.java:addFilter(996)) - Added filter static_user_filter (class=org.apache.hadoop.http.lib.StaticUserWebFilter$StaticUserFilter) to context hddsDatanode
2021-03-15 13:21:24,751 [Listener at 127.0.0.1/41395] INFO  http.HttpServer2 (HttpServer2.java:addFilter(1004)) - Added filter static_user_filter (class=org.apache.hadoop.http.lib.StaticUserWebFilter$StaticUserFilter) to context static
2021-03-15 13:21:24,751 [Listener at 127.0.0.1/41395] INFO  http.HttpServer2 (HttpServer2.java:addFilter(1004)) - Added filter static_user_filter (class=org.apache.hadoop.http.lib.StaticUserWebFilter$StaticUserFilter) to context logs
2021-03-15 13:21:24,752 [Listener at 127.0.0.1/41395] INFO  http.HttpServer2 (HttpServer2.java:bindListener(1238)) - Jetty bound to port 43527
2021-03-15 13:21:24,752 [Listener at 127.0.0.1/41395] INFO  server.Server (Server.java:doStart(375)) - jetty-9.4.35.v20201120; built: 2020-11-20T21:17:03.964Z; git: bdc54f03a5e0a7e280fab27f55c3c75ee8da89fb; jvm 1.8.0_232-b09
2021-03-15 13:21:24,799 [Listener at 127.0.0.1/41395] INFO  server.session (DefaultSessionIdManager.java:doStart(334)) - DefaultSessionIdManager workerName=node0
2021-03-15 13:21:24,800 [Listener at 127.0.0.1/41395] INFO  server.session (DefaultSessionIdManager.java:doStart(339)) - No SessionScavenger set, using defaults
2021-03-15 13:21:24,800 [Listener at 127.0.0.1/41395] INFO  server.session (HouseKeeper.java:startScavenging(132)) - node0 Scavenging every 660000ms
2021-03-15 13:21:24,801 [om1@group-C5BA1605619E-SegmentedRaftLogWorker] INFO  segmented.SegmentedRaftLogWorker (SegmentedRaftLogWorker.java:execute(599)) - om1@group-C5BA1605619E-SegmentedRaftLogWorker: created new log segment /github/workspace/mnt/ozone/hadoop-ozone/integration-test/target/test-dir/MiniOzoneClusterImpl-10170ce6-1bcb-4b6c-85b7-fb1f14fc7e79/ozone-meta/ratis/bf265839-605b-3f16-9796-c5ba1605619e/current/log_inprogress_0
2021-03-15 13:21:24,809 [Listener at 127.0.0.1/41395] INFO  handler.ContextHandler (ContextHandler.java:doStart(916)) - Started o.e.j.s.ServletContextHandler@2d00a799{logs,/logs,file:///github/workspace/mnt/ozone/hadoop-ozone/integration-test/target/log,AVAILABLE}
2021-03-15 13:21:24,809 [Listener at 127.0.0.1/41395] INFO  handler.ContextHandler (ContextHandler.java:doStart(916)) - Started o.e.j.s.ServletContextHandler@42db2989{static,/static,jar:file:/home/user/.m2/repository/org/apache/hadoop/hadoop-hdds-container-service/1.1.0-SNAPSHOT/hadoop-hdds-container-service-1.1.0-SNAPSHOT.jar!/webapps/static,AVAILABLE}
2021-03-15 13:21:25,029 [Listener at 127.0.0.1/41395] INFO  handler.ContextHandler (ContextHandler.java:doStart(916)) - Started o.e.j.w.WebAppContext@10fd864a{hddsDatanode,/,file:///tmp/jetty-0_0_0_0-43527-hadoop-hdds-container-service-1_1_0-SNAPSHOT_jar-_-any-8092336732640021046/webapp/,AVAILABLE}{jar:file:/home/user/.m2/repository/org/apache/hadoop/hadoop-hdds-container-service/1.1.0-SNAPSHOT/hadoop-hdds-container-service-1.1.0-SNAPSHOT.jar!/webapps/hddsDatanode}
2021-03-15 13:21:25,031 [Listener at 127.0.0.1/41395] INFO  server.AbstractConnector (AbstractConnector.java:doStart(331)) - Started ServerConnector@114c0c27{HTTP/1.1, (http/1.1)}{0.0.0.0:43527}
2021-03-15 13:21:25,034 [Listener at 127.0.0.1/41395] INFO  server.Server (Server.java:doStart(415)) - Started @7234ms
2021-03-15 13:21:25,034 [Listener at 127.0.0.1/41395] WARN  impl.MetricsSystemImpl (MetricsSystemImpl.java:register(279)) - Sink prometheus already exists!
2021-03-15 13:21:25,038 [Listener at 127.0.0.1/41395] INFO  http.BaseHttpServer (BaseHttpServer.java:updateConnectorAddress(327)) - HTTP server of hddsDatanode listening at http://0.0.0.0:43527
2021-03-15 13:21:25,039 [Listener at 127.0.0.1/41395] INFO  impl.MetricsSystemImpl (MetricsSystemImpl.java:init(158)) - HddsDatanode metrics system started (again)
2021-03-15 13:21:25,042 [Listener at 127.0.0.1/41395] INFO  ozone.HddsDatanodeService (HddsDatanodeService.java:start(217)) - HddsDatanodeService host:287f2862ff4e ip:172.17.0.2
2021-03-15 13:21:25,043 [Listener at 127.0.0.1/41395] INFO  volume.HddsVolume (HddsVolume.java:<init>(176)) - Creating Volume: /github/workspace/mnt/ozone/hadoop-ozone/integration-test/target/test-dir/MiniOzoneClusterImpl-10170ce6-1bcb-4b6c-85b7-fb1f14fc7e79/datanode-3/data-0/containers/hdds of storage type : DISK and capacity : 9223372036854775807
2021-03-15 13:21:25,044 [Listener at 127.0.0.1/41395] INFO  volume.MutableVolumeSet (MutableVolumeSet.java:initializeVolumeSet(179)) - Added Volume : /github/workspace/mnt/ozone/hadoop-ozone/integration-test/target/test-dir/MiniOzoneClusterImpl-10170ce6-1bcb-4b6c-85b7-fb1f14fc7e79/datanode-3/data-0/containers/hdds to VolumeSet
2021-03-15 13:21:25,044 [Listener at 127.0.0.1/41395] INFO  volume.ThrottledAsyncChecker (ThrottledAsyncChecker.java:schedule(141)) - Scheduling a check for /github/workspace/mnt/ozone/hadoop-ozone/integration-test/target/test-dir/MiniOzoneClusterImpl-10170ce6-1bcb-4b6c-85b7-fb1f14fc7e79/datanode-3/data-0/containers/hdds
2021-03-15 13:21:25,045 [Listener at 127.0.0.1/41395] INFO  volume.HddsVolumeChecker (HddsVolumeChecker.java:checkAllVolumes(200)) - Scheduled health check for volume /github/workspace/mnt/ozone/hadoop-ozone/integration-test/target/test-dir/MiniOzoneClusterImpl-10170ce6-1bcb-4b6c-85b7-fb1f14fc7e79/datanode-3/data-0/containers/hdds
2021-03-15 13:21:25,066 [Thread-164] INFO  ozoneimpl.ContainerReader (ContainerReader.java:readVolume(125)) - Start to verify containers on volume /github/workspace/mnt/ozone/hadoop-ozone/integration-test/target/test-dir/MiniOzoneClusterImpl-10170ce6-1bcb-4b6c-85b7-fb1f14fc7e79/datanode-3/data-0/containers/hdds
2021-03-15 13:21:25,066 [Thread-164] INFO  ozoneimpl.ContainerReader (ContainerReader.java:readVolume(150)) - Finish verifying containers on volume /github/workspace/mnt/ozone/hadoop-ozone/integration-test/target/test-dir/MiniOzoneClusterImpl-10170ce6-1bcb-4b6c-85b7-fb1f14fc7e79/datanode-3/data-0/containers/hdds
2021-03-15 13:21:25,067 [Listener at 127.0.0.1/41395] INFO  ozoneimpl.OzoneContainer (OzoneContainer.java:buildContainerSet(206)) - Build ContainerSet costs 0s
2021-03-15 13:21:25,070 [Listener at 127.0.0.1/41395] INFO  server.RaftServer (ConfUtils.java:logGet(44)) - raft.rpc.type = GRPC (default)
2021-03-15 13:21:25,070 [Listener at 127.0.0.1/41395] INFO  grpc.GrpcFactory (GrpcFactory.java:checkPooledByteBufAllocatorUseCacheForAllThreads(48)) - PERFORMANCE WARNING: useCacheForAllThreads is true that may cause Netty to create a lot garbage objects and, as a result, trigger GC.
	It is recommended to disable useCacheForAllThreads by setting -Dorg.apache.ratis.thirdparty.io.netty.allocator.useCacheForAllThreads=false in command line.
2021-03-15 13:21:25,070 [Listener at 127.0.0.1/41395] INFO  grpc.GrpcConfigKeys (ConfUtils.java:logGet(44)) - raft.grpc.admin.port = 0 (custom)
2021-03-15 13:21:25,070 [Listener at 127.0.0.1/41395] INFO  grpc.GrpcConfigKeys (ConfUtils.java:logGet(44)) - raft.grpc.client.port = 0 (custom)
2021-03-15 13:21:25,070 [Listener at 127.0.0.1/41395] INFO  grpc.GrpcConfigKeys (ConfUtils.java:logGet(44)) - raft.grpc.server.port = 0 (default)
2021-03-15 13:21:25,071 [Listener at 127.0.0.1/41395] INFO  server.GrpcService (ConfUtils.java:logGet(44)) - raft.grpc.message.size.max = 32MB (=33554432) (custom)
2021-03-15 13:21:25,071 [Listener at 127.0.0.1/41395] INFO  server.RaftServerConfigKeys (ConfUtils.java:logGet(44)) - raft.server.log.appender.buffer.byte-limit = 33554432 (custom)
2021-03-15 13:21:25,071 [Listener at 127.0.0.1/41395] INFO  server.GrpcService (ConfUtils.java:logGet(44)) - raft.grpc.flow.control.window = 5MB (=5242880) (custom)
2021-03-15 13:21:25,071 [Listener at 127.0.0.1/41395] INFO  server.RaftServerConfigKeys (ConfUtils.java:logGet(44)) - raft.server.rpc.request.timeout = 3000ms (default)
2021-03-15 13:21:25,073 [Listener at 127.0.0.1/41395] INFO  impl.DataStreamServerImpl (ConfUtils.java:logGet(44)) - raft.datastream.type = DISABLED (default)
2021-03-15 13:21:25,073 [Listener at 127.0.0.1/41395] INFO  server.RaftServerConfigKeys (ConfUtils.java:logGet(44)) - raft.server.rpc.slowness.timeout = 300000ms (custom)
2021-03-15 13:21:25,073 [Listener at 127.0.0.1/41395] INFO  server.RaftServerConfigKeys (ConfUtils.java:logGet(44)) - raft.server.leaderelection.leader.step-down.wait-time = 10s (default)
2021-03-15 13:21:25,073 [Listener at 127.0.0.1/41395] INFO  server.RaftServerConfigKeys (ConfUtils.java:logGet(44)) - raft.server.storage.dir = [/github/workspace/mnt/ozone/hadoop-ozone/integration-test/target/test-dir/MiniOzoneClusterImpl-10170ce6-1bcb-4b6c-85b7-fb1f14fc7e79/datanode-3/data/ratis] (custom)
2021-03-15 13:21:25,084 [Listener at 127.0.0.1/41395] INFO  http.BaseHttpServer (BaseHttpServer.java:newHttpServer2BuilderForOzone(207)) - Starting Web-server for hddsDatanode at: http://0.0.0.0:0
2021-03-15 13:21:25,084 [Listener at 127.0.0.1/41395] INFO  http.BaseHttpServer (BaseHttpServer.java:<init>(106)) - Hadoop Security Enabled: false Ozone Security Enabled: false Ozone HTTP Security Enabled: false 
2021-03-15 13:21:25,085 [Listener at 127.0.0.1/41395] INFO  server.AuthenticationFilter (AuthenticationFilter.java:constructSecretProvider(240)) - Unable to initialize FileSignerSecretProvider, falling back to use random secrets.
2021-03-15 13:21:25,086 [org.apache.hadoop.util.JvmPauseMonitor$Monitor@4abf3ca2] INFO  util.JvmPauseMonitor (JvmPauseMonitor.java:run(188)) - Starting JVM pause monitor
2021-03-15 13:21:25,091 [Datanode State Machine Task Thread - 0] INFO  datanode.InitDatanodeState (InitDatanodeState.java:persistContainerDatanodeDetails(145)) - DatanodeDetails is persisted to /github/workspace/mnt/ozone/hadoop-ozone/integration-test/target/test-dir/MiniOzoneClusterImpl-10170ce6-1bcb-4b6c-85b7-fb1f14fc7e79/datanode-2/meta/datanode.id
2021-03-15 13:21:25,091 [Listener at 127.0.0.1/41395] WARN  http.HttpRequestLog (HttpRequestLog.java:getRequestLog(103)) - Jetty request log can only be enabled using Log4j
2021-03-15 13:21:25,092 [Listener at 127.0.0.1/41395] INFO  http.HttpServer2 (HttpServer2.java:addGlobalFilter(1020)) - Added global filter 'safety' (class=org.apache.hadoop.hdds.server.http.HttpServer2$QuotingInputFilter)
2021-03-15 13:21:25,093 [Listener at 127.0.0.1/41395] INFO  http.HttpServer2 (HttpServer2.java:addFilter(996)) - Added filter static_user_filter (class=org.apache.hadoop.http.lib.StaticUserWebFilter$StaticUserFilter) to context hddsDatanode
2021-03-15 13:21:25,093 [Listener at 127.0.0.1/41395] INFO  http.HttpServer2 (HttpServer2.java:addFilter(1004)) - Added filter static_user_filter (class=org.apache.hadoop.http.lib.StaticUserWebFilter$StaticUserFilter) to context logs
2021-03-15 13:21:25,094 [Listener at 127.0.0.1/41395] INFO  http.HttpServer2 (HttpServer2.java:addFilter(1004)) - Added filter static_user_filter (class=org.apache.hadoop.http.lib.StaticUserWebFilter$StaticUserFilter) to context static
2021-03-15 13:21:25,094 [Listener at 127.0.0.1/41395] INFO  http.HttpServer2 (HttpServer2.java:bindListener(1238)) - Jetty bound to port 33869
2021-03-15 13:21:25,094 [Listener at 127.0.0.1/41395] INFO  server.Server (Server.java:doStart(375)) - jetty-9.4.35.v20201120; built: 2020-11-20T21:17:03.964Z; git: bdc54f03a5e0a7e280fab27f55c3c75ee8da89fb; jvm 1.8.0_232-b09
2021-03-15 13:21:25,098 [Listener at 127.0.0.1/41395] INFO  server.session (DefaultSessionIdManager.java:doStart(334)) - DefaultSessionIdManager workerName=node0
2021-03-15 13:21:25,098 [Listener at 127.0.0.1/41395] INFO  server.session (DefaultSessionIdManager.java:doStart(339)) - No SessionScavenger set, using defaults
2021-03-15 13:21:25,099 [Listener at 127.0.0.1/41395] INFO  server.session (HouseKeeper.java:startScavenging(132)) - node0 Scavenging every 600000ms
2021-03-15 13:21:25,100 [Listener at 127.0.0.1/41395] INFO  handler.ContextHandler (ContextHandler.java:doStart(916)) - Started o.e.j.s.ServletContextHandler@44f4c296{logs,/logs,file:///github/workspace/mnt/ozone/hadoop-ozone/integration-test/target/log,AVAILABLE}
2021-03-15 13:21:25,101 [Listener at 127.0.0.1/41395] INFO  handler.ContextHandler (ContextHandler.java:doStart(916)) - Started o.e.j.s.ServletContextHandler@e08a2a0{static,/static,jar:file:/home/user/.m2/repository/org/apache/hadoop/hadoop-hdds-container-service/1.1.0-SNAPSHOT/hadoop-hdds-container-service-1.1.0-SNAPSHOT.jar!/webapps/static,AVAILABLE}
2021-03-15 13:21:25,262 [Listener at 127.0.0.1/41395] INFO  handler.ContextHandler (ContextHandler.java:doStart(916)) - Started o.e.j.w.WebAppContext@26a3714a{hddsDatanode,/,file:///tmp/jetty-0_0_0_0-33869-hadoop-hdds-container-service-1_1_0-SNAPSHOT_jar-_-any-2252724461655916881/webapp/,AVAILABLE}{jar:file:/home/user/.m2/repository/org/apache/hadoop/hadoop-hdds-container-service/1.1.0-SNAPSHOT/hadoop-hdds-container-service-1.1.0-SNAPSHOT.jar!/webapps/hddsDatanode}
2021-03-15 13:21:25,263 [Listener at 127.0.0.1/41395] INFO  server.AbstractConnector (AbstractConnector.java:doStart(331)) - Started ServerConnector@2903267b{HTTP/1.1, (http/1.1)}{0.0.0.0:33869}
2021-03-15 13:21:25,264 [Listener at 127.0.0.1/41395] INFO  server.Server (Server.java:doStart(415)) - Started @7464ms
2021-03-15 13:21:25,264 [Listener at 127.0.0.1/41395] WARN  impl.MetricsSystemImpl (MetricsSystemImpl.java:register(279)) - Sink prometheus already exists!
2021-03-15 13:21:25,267 [Listener at 127.0.0.1/41395] INFO  http.BaseHttpServer (BaseHttpServer.java:updateConnectorAddress(327)) - HTTP server of hddsDatanode listening at http://0.0.0.0:33869
2021-03-15 13:21:25,268 [Listener at 127.0.0.1/41395] INFO  impl.MetricsSystemImpl (MetricsSystemImpl.java:init(158)) - HddsDatanode metrics system started (again)
2021-03-15 13:21:25,269 [Listener at 127.0.0.1/41395] INFO  ozone.HddsDatanodeService (HddsDatanodeService.java:start(217)) - HddsDatanodeService host:287f2862ff4e ip:172.17.0.2
2021-03-15 13:21:25,271 [Listener at 127.0.0.1/41395] INFO  volume.HddsVolume (HddsVolume.java:<init>(176)) - Creating Volume: /github/workspace/mnt/ozone/hadoop-ozone/integration-test/target/test-dir/MiniOzoneClusterImpl-10170ce6-1bcb-4b6c-85b7-fb1f14fc7e79/datanode-4/data-0/containers/hdds of storage type : DISK and capacity : 9223372036854775807
2021-03-15 13:21:25,271 [Listener at 127.0.0.1/41395] INFO  volume.MutableVolumeSet (MutableVolumeSet.java:initializeVolumeSet(179)) - Added Volume : /github/workspace/mnt/ozone/hadoop-ozone/integration-test/target/test-dir/MiniOzoneClusterImpl-10170ce6-1bcb-4b6c-85b7-fb1f14fc7e79/datanode-4/data-0/containers/hdds to VolumeSet
2021-03-15 13:21:25,272 [Listener at 127.0.0.1/41395] INFO  volume.ThrottledAsyncChecker (ThrottledAsyncChecker.java:schedule(141)) - Scheduling a check for /github/workspace/mnt/ozone/hadoop-ozone/integration-test/target/test-dir/MiniOzoneClusterImpl-10170ce6-1bcb-4b6c-85b7-fb1f14fc7e79/datanode-4/data-0/containers/hdds
2021-03-15 13:21:25,285 [org.apache.hadoop.util.JvmPauseMonitor$Monitor@22baa235] INFO  util.JvmPauseMonitor (JvmPauseMonitor.java:run(188)) - Starting JVM pause monitor
2021-03-15 13:21:25,287 [Datanode State Machine Task Thread - 0] INFO  datanode.InitDatanodeState (InitDatanodeState.java:persistContainerDatanodeDetails(145)) - DatanodeDetails is persisted to /github/workspace/mnt/ozone/hadoop-ozone/integration-test/target/test-dir/MiniOzoneClusterImpl-10170ce6-1bcb-4b6c-85b7-fb1f14fc7e79/datanode-3/meta/datanode.id
2021-03-15 13:21:25,288 [Listener at 127.0.0.1/41395] INFO  volume.HddsVolumeChecker (HddsVolumeChecker.java:checkAllVolumes(200)) - Scheduled health check for volume /github/workspace/mnt/ozone/hadoop-ozone/integration-test/target/test-dir/MiniOzoneClusterImpl-10170ce6-1bcb-4b6c-85b7-fb1f14fc7e79/datanode-4/data-0/containers/hdds
2021-03-15 13:21:25,305 [Thread-177] INFO  ozoneimpl.ContainerReader (ContainerReader.java:readVolume(125)) - Start to verify containers on volume /github/workspace/mnt/ozone/hadoop-ozone/integration-test/target/test-dir/MiniOzoneClusterImpl-10170ce6-1bcb-4b6c-85b7-fb1f14fc7e79/datanode-4/data-0/containers/hdds
2021-03-15 13:21:25,306 [Thread-177] INFO  ozoneimpl.ContainerReader (ContainerReader.java:readVolume(150)) - Finish verifying containers on volume /github/workspace/mnt/ozone/hadoop-ozone/integration-test/target/test-dir/MiniOzoneClusterImpl-10170ce6-1bcb-4b6c-85b7-fb1f14fc7e79/datanode-4/data-0/containers/hdds
2021-03-15 13:21:25,306 [Listener at 127.0.0.1/41395] INFO  ozoneimpl.OzoneContainer (OzoneContainer.java:buildContainerSet(206)) - Build ContainerSet costs 0s
2021-03-15 13:21:25,309 [Listener at 127.0.0.1/41395] INFO  server.RaftServer (ConfUtils.java:logGet(44)) - raft.rpc.type = GRPC (default)
2021-03-15 13:21:25,309 [Listener at 127.0.0.1/41395] INFO  grpc.GrpcFactory (GrpcFactory.java:checkPooledByteBufAllocatorUseCacheForAllThreads(48)) - PERFORMANCE WARNING: useCacheForAllThreads is true that may cause Netty to create a lot garbage objects and, as a result, trigger GC.
	It is recommended to disable useCacheForAllThreads by setting -Dorg.apache.ratis.thirdparty.io.netty.allocator.useCacheForAllThreads=false in command line.
2021-03-15 13:21:25,309 [Listener at 127.0.0.1/41395] INFO  grpc.GrpcConfigKeys (ConfUtils.java:logGet(44)) - raft.grpc.admin.port = 0 (custom)
2021-03-15 13:21:25,309 [Listener at 127.0.0.1/41395] INFO  grpc.GrpcConfigKeys (ConfUtils.java:logGet(44)) - raft.grpc.client.port = 0 (custom)
2021-03-15 13:21:25,310 [Listener at 127.0.0.1/41395] INFO  grpc.GrpcConfigKeys (ConfUtils.java:logGet(44)) - raft.grpc.server.port = 0 (default)
2021-03-15 13:21:25,310 [Listener at 127.0.0.1/41395] INFO  server.GrpcService (ConfUtils.java:logGet(44)) - raft.grpc.message.size.max = 32MB (=33554432) (custom)
2021-03-15 13:21:25,310 [Listener at 127.0.0.1/41395] INFO  server.RaftServerConfigKeys (ConfUtils.java:logGet(44)) - raft.server.log.appender.buffer.byte-limit = 33554432 (custom)
2021-03-15 13:21:25,310 [Listener at 127.0.0.1/41395] INFO  server.GrpcService (ConfUtils.java:logGet(44)) - raft.grpc.flow.control.window = 5MB (=5242880) (custom)
2021-03-15 13:21:25,310 [Listener at 127.0.0.1/41395] INFO  server.RaftServerConfigKeys (ConfUtils.java:logGet(44)) - raft.server.rpc.request.timeout = 3000ms (default)
2021-03-15 13:21:25,311 [Listener at 127.0.0.1/41395] INFO  impl.DataStreamServerImpl (ConfUtils.java:logGet(44)) - raft.datastream.type = DISABLED (default)
2021-03-15 13:21:25,311 [Listener at 127.0.0.1/41395] INFO  server.RaftServerConfigKeys (ConfUtils.java:logGet(44)) - raft.server.rpc.slowness.timeout = 300000ms (custom)
2021-03-15 13:21:25,312 [Listener at 127.0.0.1/41395] INFO  server.RaftServerConfigKeys (ConfUtils.java:logGet(44)) - raft.server.leaderelection.leader.step-down.wait-time = 10s (default)
2021-03-15 13:21:25,312 [Listener at 127.0.0.1/41395] INFO  server.RaftServerConfigKeys (ConfUtils.java:logGet(44)) - raft.server.storage.dir = [/github/workspace/mnt/ozone/hadoop-ozone/integration-test/target/test-dir/MiniOzoneClusterImpl-10170ce6-1bcb-4b6c-85b7-fb1f14fc7e79/datanode-4/data/ratis] (custom)
2021-03-15 13:21:25,319 [Listener at 127.0.0.1/41395] INFO  http.BaseHttpServer (BaseHttpServer.java:newHttpServer2BuilderForOzone(207)) - Starting Web-server for hddsDatanode at: http://0.0.0.0:0
2021-03-15 13:21:25,319 [Listener at 127.0.0.1/41395] INFO  http.BaseHttpServer (BaseHttpServer.java:<init>(106)) - Hadoop Security Enabled: false Ozone Security Enabled: false Ozone HTTP Security Enabled: false 
2021-03-15 13:21:25,322 [Listener at 127.0.0.1/41395] INFO  server.AuthenticationFilter (AuthenticationFilter.java:constructSecretProvider(240)) - Unable to initialize FileSignerSecretProvider, falling back to use random secrets.
2021-03-15 13:21:25,324 [Listener at 127.0.0.1/41395] WARN  http.HttpRequestLog (HttpRequestLog.java:getRequestLog(103)) - Jetty request log can only be enabled using Log4j
2021-03-15 13:21:25,330 [Listener at 127.0.0.1/41395] INFO  http.HttpServer2 (HttpServer2.java:addGlobalFilter(1020)) - Added global filter 'safety' (class=org.apache.hadoop.hdds.server.http.HttpServer2$QuotingInputFilter)
2021-03-15 13:21:25,331 [Listener at 127.0.0.1/41395] INFO  http.HttpServer2 (HttpServer2.java:addFilter(996)) - Added filter static_user_filter (class=org.apache.hadoop.http.lib.StaticUserWebFilter$StaticUserFilter) to context hddsDatanode
2021-03-15 13:21:25,332 [Listener at 127.0.0.1/41395] INFO  http.HttpServer2 (HttpServer2.java:addFilter(1004)) - Added filter static_user_filter (class=org.apache.hadoop.http.lib.StaticUserWebFilter$StaticUserFilter) to context logs
2021-03-15 13:21:25,332 [Listener at 127.0.0.1/41395] INFO  http.HttpServer2 (HttpServer2.java:addFilter(1004)) - Added filter static_user_filter (class=org.apache.hadoop.http.lib.StaticUserWebFilter$StaticUserFilter) to context static
2021-03-15 13:21:25,332 [Listener at 127.0.0.1/41395] INFO  http.HttpServer2 (HttpServer2.java:bindListener(1238)) - Jetty bound to port 34973
2021-03-15 13:21:25,333 [Listener at 127.0.0.1/41395] INFO  server.Server (Server.java:doStart(375)) - jetty-9.4.35.v20201120; built: 2020-11-20T21:17:03.964Z; git: bdc54f03a5e0a7e280fab27f55c3c75ee8da89fb; jvm 1.8.0_232-b09
2021-03-15 13:21:25,336 [Listener at 127.0.0.1/41395] INFO  server.session (DefaultSessionIdManager.java:doStart(334)) - DefaultSessionIdManager workerName=node0
2021-03-15 13:21:25,336 [Listener at 127.0.0.1/41395] INFO  server.session (DefaultSessionIdManager.java:doStart(339)) - No SessionScavenger set, using defaults
2021-03-15 13:21:25,336 [Listener at 127.0.0.1/41395] INFO  server.session (HouseKeeper.java:startScavenging(132)) - node0 Scavenging every 660000ms
2021-03-15 13:21:25,337 [Listener at 127.0.0.1/41395] INFO  handler.ContextHandler (ContextHandler.java:doStart(916)) - Started o.e.j.s.ServletContextHandler@79ae7644{logs,/logs,file:///github/workspace/mnt/ozone/hadoop-ozone/integration-test/target/log,AVAILABLE}
2021-03-15 13:21:25,338 [Listener at 127.0.0.1/41395] INFO  handler.ContextHandler (ContextHandler.java:doStart(916)) - Started o.e.j.s.ServletContextHandler@e30bddf{static,/static,jar:file:/home/user/.m2/repository/org/apache/hadoop/hadoop-hdds-container-service/1.1.0-SNAPSHOT/hadoop-hdds-container-service-1.1.0-SNAPSHOT.jar!/webapps/static,AVAILABLE}
2021-03-15 13:21:25,507 [Listener at 127.0.0.1/41395] INFO  handler.ContextHandler (ContextHandler.java:doStart(916)) - Started o.e.j.w.WebAppContext@4fe10acb{hddsDatanode,/,file:///tmp/jetty-0_0_0_0-34973-hadoop-hdds-container-service-1_1_0-SNAPSHOT_jar-_-any-1746043476977767580/webapp/,AVAILABLE}{jar:file:/home/user/.m2/repository/org/apache/hadoop/hadoop-hdds-container-service/1.1.0-SNAPSHOT/hadoop-hdds-container-service-1.1.0-SNAPSHOT.jar!/webapps/hddsDatanode}
2021-03-15 13:21:25,509 [Listener at 127.0.0.1/41395] INFO  server.AbstractConnector (AbstractConnector.java:doStart(331)) - Started ServerConnector@3359a0ea{HTTP/1.1, (http/1.1)}{0.0.0.0:34973}
2021-03-15 13:21:25,509 [Listener at 127.0.0.1/41395] INFO  server.Server (Server.java:doStart(415)) - Started @7709ms
2021-03-15 13:21:25,509 [Listener at 127.0.0.1/41395] WARN  impl.MetricsSystemImpl (MetricsSystemImpl.java:register(279)) - Sink prometheus already exists!
2021-03-15 13:21:25,520 [Listener at 127.0.0.1/41395] INFO  http.BaseHttpServer (BaseHttpServer.java:updateConnectorAddress(327)) - HTTP server of hddsDatanode listening at http://0.0.0.0:34973
2021-03-15 13:21:25,520 [Listener at 127.0.0.1/41395] INFO  impl.MetricsSystemImpl (MetricsSystemImpl.java:init(158)) - HddsDatanode metrics system started (again)
2021-03-15 13:21:25,523 [Listener at 127.0.0.1/41395] INFO  ozone.HddsDatanodeService (HddsDatanodeService.java:start(217)) - HddsDatanodeService host:287f2862ff4e ip:172.17.0.2
2021-03-15 13:21:25,524 [org.apache.hadoop.util.JvmPauseMonitor$Monitor@6b66a9fd] INFO  util.JvmPauseMonitor (JvmPauseMonitor.java:run(188)) - Starting JVM pause monitor
2021-03-15 13:21:25,525 [Listener at 127.0.0.1/41395] INFO  volume.HddsVolume (HddsVolume.java:<init>(176)) - Creating Volume: /github/workspace/mnt/ozone/hadoop-ozone/integration-test/target/test-dir/MiniOzoneClusterImpl-10170ce6-1bcb-4b6c-85b7-fb1f14fc7e79/datanode-5/data-0/containers/hdds of storage type : DISK and capacity : 9223372036854775807
2021-03-15 13:21:25,526 [Listener at 127.0.0.1/41395] INFO  volume.MutableVolumeSet (MutableVolumeSet.java:initializeVolumeSet(179)) - Added Volume : /github/workspace/mnt/ozone/hadoop-ozone/integration-test/target/test-dir/MiniOzoneClusterImpl-10170ce6-1bcb-4b6c-85b7-fb1f14fc7e79/datanode-5/data-0/containers/hdds to VolumeSet
2021-03-15 13:21:25,526 [Listener at 127.0.0.1/41395] INFO  volume.ThrottledAsyncChecker (ThrottledAsyncChecker.java:schedule(141)) - Scheduling a check for /github/workspace/mnt/ozone/hadoop-ozone/integration-test/target/test-dir/MiniOzoneClusterImpl-10170ce6-1bcb-4b6c-85b7-fb1f14fc7e79/datanode-5/data-0/containers/hdds
2021-03-15 13:21:25,534 [Listener at 127.0.0.1/41395] INFO  volume.HddsVolumeChecker (HddsVolumeChecker.java:checkAllVolumes(200)) - Scheduled health check for volume /github/workspace/mnt/ozone/hadoop-ozone/integration-test/target/test-dir/MiniOzoneClusterImpl-10170ce6-1bcb-4b6c-85b7-fb1f14fc7e79/datanode-5/data-0/containers/hdds
2021-03-15 13:21:25,534 [Datanode State Machine Task Thread - 0] INFO  datanode.InitDatanodeState (InitDatanodeState.java:persistContainerDatanodeDetails(145)) - DatanodeDetails is persisted to /github/workspace/mnt/ozone/hadoop-ozone/integration-test/target/test-dir/MiniOzoneClusterImpl-10170ce6-1bcb-4b6c-85b7-fb1f14fc7e79/datanode-4/meta/datanode.id
2021-03-15 13:21:25,549 [Thread-188] INFO  ozoneimpl.ContainerReader (ContainerReader.java:readVolume(125)) - Start to verify containers on volume /github/workspace/mnt/ozone/hadoop-ozone/integration-test/target/test-dir/MiniOzoneClusterImpl-10170ce6-1bcb-4b6c-85b7-fb1f14fc7e79/datanode-5/data-0/containers/hdds
2021-03-15 13:21:25,549 [Thread-188] INFO  ozoneimpl.ContainerReader (ContainerReader.java:readVolume(150)) - Finish verifying containers on volume /github/workspace/mnt/ozone/hadoop-ozone/integration-test/target/test-dir/MiniOzoneClusterImpl-10170ce6-1bcb-4b6c-85b7-fb1f14fc7e79/datanode-5/data-0/containers/hdds
2021-03-15 13:21:25,549 [Listener at 127.0.0.1/41395] INFO  ozoneimpl.OzoneContainer (OzoneContainer.java:buildContainerSet(206)) - Build ContainerSet costs 0s
2021-03-15 13:21:25,552 [Listener at 127.0.0.1/41395] INFO  server.RaftServer (ConfUtils.java:logGet(44)) - raft.rpc.type = GRPC (default)
2021-03-15 13:21:25,552 [Listener at 127.0.0.1/41395] INFO  grpc.GrpcFactory (GrpcFactory.java:checkPooledByteBufAllocatorUseCacheForAllThreads(48)) - PERFORMANCE WARNING: useCacheForAllThreads is true that may cause Netty to create a lot garbage objects and, as a result, trigger GC.
	It is recommended to disable useCacheForAllThreads by setting -Dorg.apache.ratis.thirdparty.io.netty.allocator.useCacheForAllThreads=false in command line.
2021-03-15 13:21:25,552 [Listener at 127.0.0.1/41395] INFO  grpc.GrpcConfigKeys (ConfUtils.java:logGet(44)) - raft.grpc.admin.port = 0 (custom)
2021-03-15 13:21:25,553 [Listener at 127.0.0.1/41395] INFO  grpc.GrpcConfigKeys (ConfUtils.java:logGet(44)) - raft.grpc.client.port = 0 (custom)
2021-03-15 13:21:25,553 [Listener at 127.0.0.1/41395] INFO  grpc.GrpcConfigKeys (ConfUtils.java:logGet(44)) - raft.grpc.server.port = 0 (default)
2021-03-15 13:21:25,553 [Listener at 127.0.0.1/41395] INFO  server.GrpcService (ConfUtils.java:logGet(44)) - raft.grpc.message.size.max = 32MB (=33554432) (custom)
2021-03-15 13:21:25,553 [Listener at 127.0.0.1/41395] INFO  server.RaftServerConfigKeys (ConfUtils.java:logGet(44)) - raft.server.log.appender.buffer.byte-limit = 33554432 (custom)
2021-03-15 13:21:25,553 [Listener at 127.0.0.1/41395] INFO  server.GrpcService (ConfUtils.java:logGet(44)) - raft.grpc.flow.control.window = 5MB (=5242880) (custom)
2021-03-15 13:21:25,554 [Listener at 127.0.0.1/41395] INFO  server.RaftServerConfigKeys (ConfUtils.java:logGet(44)) - raft.server.rpc.request.timeout = 3000ms (default)
2021-03-15 13:21:25,555 [Listener at 127.0.0.1/41395] INFO  impl.DataStreamServerImpl (ConfUtils.java:logGet(44)) - raft.datastream.type = DISABLED (default)
2021-03-15 13:21:25,555 [Listener at 127.0.0.1/41395] INFO  server.RaftServerConfigKeys (ConfUtils.java:logGet(44)) - raft.server.rpc.slowness.timeout = 300000ms (custom)
2021-03-15 13:21:25,555 [Listener at 127.0.0.1/41395] INFO  server.RaftServerConfigKeys (ConfUtils.java:logGet(44)) - raft.server.leaderelection.leader.step-down.wait-time = 10s (default)
2021-03-15 13:21:25,556 [Listener at 127.0.0.1/41395] INFO  server.RaftServerConfigKeys (ConfUtils.java:logGet(44)) - raft.server.storage.dir = [/github/workspace/mnt/ozone/hadoop-ozone/integration-test/target/test-dir/MiniOzoneClusterImpl-10170ce6-1bcb-4b6c-85b7-fb1f14fc7e79/datanode-5/data/ratis] (custom)
2021-03-15 13:21:25,633 [Listener at 127.0.0.1/41395] INFO  http.BaseHttpServer (BaseHttpServer.java:newHttpServer2BuilderForOzone(207)) - Starting Web-server for hddsDatanode at: http://0.0.0.0:0
2021-03-15 13:21:25,633 [Listener at 127.0.0.1/41395] INFO  http.BaseHttpServer (BaseHttpServer.java:<init>(106)) - Hadoop Security Enabled: false Ozone Security Enabled: false Ozone HTTP Security Enabled: false 
2021-03-15 13:21:25,635 [Listener at 127.0.0.1/41395] INFO  server.AuthenticationFilter (AuthenticationFilter.java:constructSecretProvider(240)) - Unable to initialize FileSignerSecretProvider, falling back to use random secrets.
2021-03-15 13:21:25,636 [Listener at 127.0.0.1/41395] WARN  http.HttpRequestLog (HttpRequestLog.java:getRequestLog(103)) - Jetty request log can only be enabled using Log4j
2021-03-15 13:21:25,637 [Listener at 127.0.0.1/41395] INFO  http.HttpServer2 (HttpServer2.java:addGlobalFilter(1020)) - Added global filter 'safety' (class=org.apache.hadoop.hdds.server.http.HttpServer2$QuotingInputFilter)
2021-03-15 13:21:25,638 [Listener at 127.0.0.1/41395] INFO  http.HttpServer2 (HttpServer2.java:addFilter(996)) - Added filter static_user_filter (class=org.apache.hadoop.http.lib.StaticUserWebFilter$StaticUserFilter) to context hddsDatanode
2021-03-15 13:21:25,638 [Listener at 127.0.0.1/41395] INFO  http.HttpServer2 (HttpServer2.java:addFilter(1004)) - Added filter static_user_filter (class=org.apache.hadoop.http.lib.StaticUserWebFilter$StaticUserFilter) to context logs
2021-03-15 13:21:25,638 [Listener at 127.0.0.1/41395] INFO  http.HttpServer2 (HttpServer2.java:addFilter(1004)) - Added filter static_user_filter (class=org.apache.hadoop.http.lib.StaticUserWebFilter$StaticUserFilter) to context static
2021-03-15 13:21:25,639 [Listener at 127.0.0.1/41395] INFO  http.HttpServer2 (HttpServer2.java:bindListener(1238)) - Jetty bound to port 36507
2021-03-15 13:21:25,639 [Listener at 127.0.0.1/41395] INFO  server.Server (Server.java:doStart(375)) - jetty-9.4.35.v20201120; built: 2020-11-20T21:17:03.964Z; git: bdc54f03a5e0a7e280fab27f55c3c75ee8da89fb; jvm 1.8.0_232-b09
2021-03-15 13:21:25,641 [Listener at 127.0.0.1/41395] INFO  server.session (DefaultSessionIdManager.java:doStart(334)) - DefaultSessionIdManager workerName=node0
2021-03-15 13:21:25,641 [Listener at 127.0.0.1/41395] INFO  server.session (DefaultSessionIdManager.java:doStart(339)) - No SessionScavenger set, using defaults
2021-03-15 13:21:25,641 [Listener at 127.0.0.1/41395] INFO  server.session (HouseKeeper.java:startScavenging(132)) - node0 Scavenging every 600000ms
2021-03-15 13:21:25,642 [Listener at 127.0.0.1/41395] INFO  handler.ContextHandler (ContextHandler.java:doStart(916)) - Started o.e.j.s.ServletContextHandler@5c7995a9{logs,/logs,file:///github/workspace/mnt/ozone/hadoop-ozone/integration-test/target/log,AVAILABLE}
2021-03-15 13:21:25,642 [Listener at 127.0.0.1/41395] INFO  handler.ContextHandler (ContextHandler.java:doStart(916)) - Started o.e.j.s.ServletContextHandler@22832503{static,/static,jar:file:/home/user/.m2/repository/org/apache/hadoop/hadoop-hdds-container-service/1.1.0-SNAPSHOT/hadoop-hdds-container-service-1.1.0-SNAPSHOT.jar!/webapps/static,AVAILABLE}
2021-03-15 13:21:25,804 [Listener at 127.0.0.1/41395] INFO  handler.ContextHandler (ContextHandler.java:doStart(916)) - Started o.e.j.w.WebAppContext@24c8b5d4{hddsDatanode,/,file:///tmp/jetty-0_0_0_0-36507-hadoop-hdds-container-service-1_1_0-SNAPSHOT_jar-_-any-2978729819712529304/webapp/,AVAILABLE}{jar:file:/home/user/.m2/repository/org/apache/hadoop/hadoop-hdds-container-service/1.1.0-SNAPSHOT/hadoop-hdds-container-service-1.1.0-SNAPSHOT.jar!/webapps/hddsDatanode}
2021-03-15 13:21:25,805 [Listener at 127.0.0.1/41395] INFO  server.AbstractConnector (AbstractConnector.java:doStart(331)) - Started ServerConnector@106cc1af{HTTP/1.1, (http/1.1)}{0.0.0.0:36507}
2021-03-15 13:21:25,805 [Listener at 127.0.0.1/41395] INFO  server.Server (Server.java:doStart(415)) - Started @8006ms
2021-03-15 13:21:25,806 [Listener at 127.0.0.1/41395] WARN  impl.MetricsSystemImpl (MetricsSystemImpl.java:register(279)) - Sink prometheus already exists!
2021-03-15 13:21:25,808 [Listener at 127.0.0.1/41395] INFO  http.BaseHttpServer (BaseHttpServer.java:updateConnectorAddress(327)) - HTTP server of hddsDatanode listening at http://0.0.0.0:36507
2021-03-15 13:21:25,812 [Listener at 127.0.0.1/41395] INFO  impl.MetricsSystemImpl (MetricsSystemImpl.java:init(158)) - HddsDatanode metrics system started (again)
2021-03-15 13:21:25,815 [Listener at 127.0.0.1/41395] INFO  ozone.HddsDatanodeService (HddsDatanodeService.java:start(217)) - HddsDatanodeService host:287f2862ff4e ip:172.17.0.2
2021-03-15 13:21:25,817 [Listener at 127.0.0.1/41395] INFO  volume.HddsVolume (HddsVolume.java:<init>(176)) - Creating Volume: /github/workspace/mnt/ozone/hadoop-ozone/integration-test/target/test-dir/MiniOzoneClusterImpl-10170ce6-1bcb-4b6c-85b7-fb1f14fc7e79/datanode-6/data-0/containers/hdds of storage type : DISK and capacity : 9223372036854775807
2021-03-15 13:21:25,817 [Listener at 127.0.0.1/41395] INFO  volume.MutableVolumeSet (MutableVolumeSet.java:initializeVolumeSet(179)) - Added Volume : /github/workspace/mnt/ozone/hadoop-ozone/integration-test/target/test-dir/MiniOzoneClusterImpl-10170ce6-1bcb-4b6c-85b7-fb1f14fc7e79/datanode-6/data-0/containers/hdds to VolumeSet
2021-03-15 13:21:25,817 [Listener at 127.0.0.1/41395] INFO  volume.ThrottledAsyncChecker (ThrottledAsyncChecker.java:schedule(141)) - Scheduling a check for /github/workspace/mnt/ozone/hadoop-ozone/integration-test/target/test-dir/MiniOzoneClusterImpl-10170ce6-1bcb-4b6c-85b7-fb1f14fc7e79/datanode-6/data-0/containers/hdds
2021-03-15 13:21:25,822 [Listener at 127.0.0.1/41395] INFO  volume.HddsVolumeChecker (HddsVolumeChecker.java:checkAllVolumes(200)) - Scheduled health check for volume /github/workspace/mnt/ozone/hadoop-ozone/integration-test/target/test-dir/MiniOzoneClusterImpl-10170ce6-1bcb-4b6c-85b7-fb1f14fc7e79/datanode-6/data-0/containers/hdds
2021-03-15 13:21:25,843 [org.apache.hadoop.util.JvmPauseMonitor$Monitor@107edc0b] INFO  util.JvmPauseMonitor (JvmPauseMonitor.java:run(188)) - Starting JVM pause monitor
2021-03-15 13:21:25,846 [Thread-199] INFO  ozoneimpl.ContainerReader (ContainerReader.java:readVolume(125)) - Start to verify containers on volume /github/workspace/mnt/ozone/hadoop-ozone/integration-test/target/test-dir/MiniOzoneClusterImpl-10170ce6-1bcb-4b6c-85b7-fb1f14fc7e79/datanode-6/data-0/containers/hdds
2021-03-15 13:21:25,847 [Thread-199] INFO  ozoneimpl.ContainerReader (ContainerReader.java:readVolume(150)) - Finish verifying containers on volume /github/workspace/mnt/ozone/hadoop-ozone/integration-test/target/test-dir/MiniOzoneClusterImpl-10170ce6-1bcb-4b6c-85b7-fb1f14fc7e79/datanode-6/data-0/containers/hdds
2021-03-15 13:21:25,847 [Listener at 127.0.0.1/41395] INFO  ozoneimpl.OzoneContainer (OzoneContainer.java:buildContainerSet(206)) - Build ContainerSet costs 0s
2021-03-15 13:21:25,849 [Listener at 127.0.0.1/41395] INFO  server.RaftServer (ConfUtils.java:logGet(44)) - raft.rpc.type = GRPC (default)
2021-03-15 13:21:25,849 [Listener at 127.0.0.1/41395] INFO  grpc.GrpcFactory (GrpcFactory.java:checkPooledByteBufAllocatorUseCacheForAllThreads(48)) - PERFORMANCE WARNING: useCacheForAllThreads is true that may cause Netty to create a lot garbage objects and, as a result, trigger GC.
	It is recommended to disable useCacheForAllThreads by setting -Dorg.apache.ratis.thirdparty.io.netty.allocator.useCacheForAllThreads=false in command line.
2021-03-15 13:21:25,850 [Listener at 127.0.0.1/41395] INFO  grpc.GrpcConfigKeys (ConfUtils.java:logGet(44)) - raft.grpc.admin.port = 0 (custom)
2021-03-15 13:21:25,850 [Listener at 127.0.0.1/41395] INFO  grpc.GrpcConfigKeys (ConfUtils.java:logGet(44)) - raft.grpc.client.port = 0 (custom)
2021-03-15 13:21:25,850 [Listener at 127.0.0.1/41395] INFO  grpc.GrpcConfigKeys (ConfUtils.java:logGet(44)) - raft.grpc.server.port = 0 (default)
2021-03-15 13:21:25,850 [Listener at 127.0.0.1/41395] INFO  server.GrpcService (ConfUtils.java:logGet(44)) - raft.grpc.message.size.max = 32MB (=33554432) (custom)
2021-03-15 13:21:25,850 [Listener at 127.0.0.1/41395] INFO  server.RaftServerConfigKeys (ConfUtils.java:logGet(44)) - raft.server.log.appender.buffer.byte-limit = 33554432 (custom)
2021-03-15 13:21:25,850 [Listener at 127.0.0.1/41395] INFO  server.GrpcService (ConfUtils.java:logGet(44)) - raft.grpc.flow.control.window = 5MB (=5242880) (custom)
2021-03-15 13:21:25,850 [Listener at 127.0.0.1/41395] INFO  server.RaftServerConfigKeys (ConfUtils.java:logGet(44)) - raft.server.rpc.request.timeout = 3000ms (default)
2021-03-15 13:21:25,851 [Listener at 127.0.0.1/41395] INFO  impl.DataStreamServerImpl (ConfUtils.java:logGet(44)) - raft.datastream.type = DISABLED (default)
2021-03-15 13:21:25,852 [Listener at 127.0.0.1/41395] INFO  server.RaftServerConfigKeys (ConfUtils.java:logGet(44)) - raft.server.rpc.slowness.timeout = 300000ms (custom)
2021-03-15 13:21:25,852 [Listener at 127.0.0.1/41395] INFO  server.RaftServerConfigKeys (ConfUtils.java:logGet(44)) - raft.server.leaderelection.leader.step-down.wait-time = 10s (default)
2021-03-15 13:21:25,852 [Listener at 127.0.0.1/41395] INFO  server.RaftServerConfigKeys (ConfUtils.java:logGet(44)) - raft.server.storage.dir = [/github/workspace/mnt/ozone/hadoop-ozone/integration-test/target/test-dir/MiniOzoneClusterImpl-10170ce6-1bcb-4b6c-85b7-fb1f14fc7e79/datanode-6/data/ratis] (custom)
2021-03-15 13:21:25,854 [Datanode State Machine Task Thread - 0] INFO  datanode.InitDatanodeState (InitDatanodeState.java:persistContainerDatanodeDetails(145)) - DatanodeDetails is persisted to /github/workspace/mnt/ozone/hadoop-ozone/integration-test/target/test-dir/MiniOzoneClusterImpl-10170ce6-1bcb-4b6c-85b7-fb1f14fc7e79/datanode-5/meta/datanode.id
2021-03-15 13:21:25,862 [Listener at 127.0.0.1/41395] INFO  http.BaseHttpServer (BaseHttpServer.java:newHttpServer2BuilderForOzone(207)) - Starting Web-server for hddsDatanode at: http://0.0.0.0:0
2021-03-15 13:21:25,862 [Listener at 127.0.0.1/41395] INFO  http.BaseHttpServer (BaseHttpServer.java:<init>(106)) - Hadoop Security Enabled: false Ozone Security Enabled: false Ozone HTTP Security Enabled: false 
2021-03-15 13:21:25,863 [Listener at 127.0.0.1/41395] INFO  server.AuthenticationFilter (AuthenticationFilter.java:constructSecretProvider(240)) - Unable to initialize FileSignerSecretProvider, falling back to use random secrets.
2021-03-15 13:21:25,864 [Listener at 127.0.0.1/41395] WARN  http.HttpRequestLog (HttpRequestLog.java:getRequestLog(103)) - Jetty request log can only be enabled using Log4j
2021-03-15 13:21:25,865 [Listener at 127.0.0.1/41395] INFO  http.HttpServer2 (HttpServer2.java:addGlobalFilter(1020)) - Added global filter 'safety' (class=org.apache.hadoop.hdds.server.http.HttpServer2$QuotingInputFilter)
2021-03-15 13:21:25,866 [Listener at 127.0.0.1/41395] INFO  http.HttpServer2 (HttpServer2.java:addFilter(996)) - Added filter static_user_filter (class=org.apache.hadoop.http.lib.StaticUserWebFilter$StaticUserFilter) to context hddsDatanode
2021-03-15 13:21:25,866 [Listener at 127.0.0.1/41395] INFO  http.HttpServer2 (HttpServer2.java:addFilter(1004)) - Added filter static_user_filter (class=org.apache.hadoop.http.lib.StaticUserWebFilter$StaticUserFilter) to context static
2021-03-15 13:21:25,866 [Listener at 127.0.0.1/41395] INFO  http.HttpServer2 (HttpServer2.java:addFilter(1004)) - Added filter static_user_filter (class=org.apache.hadoop.http.lib.StaticUserWebFilter$StaticUserFilter) to context logs
2021-03-15 13:21:25,866 [Listener at 127.0.0.1/41395] INFO  http.HttpServer2 (HttpServer2.java:bindListener(1238)) - Jetty bound to port 43809
2021-03-15 13:21:25,867 [Listener at 127.0.0.1/41395] INFO  server.Server (Server.java:doStart(375)) - jetty-9.4.35.v20201120; built: 2020-11-20T21:17:03.964Z; git: bdc54f03a5e0a7e280fab27f55c3c75ee8da89fb; jvm 1.8.0_232-b09
2021-03-15 13:21:25,868 [Listener at 127.0.0.1/41395] INFO  server.session (DefaultSessionIdManager.java:doStart(334)) - DefaultSessionIdManager workerName=node0
2021-03-15 13:21:25,869 [Listener at 127.0.0.1/41395] INFO  server.session (DefaultSessionIdManager.java:doStart(339)) - No SessionScavenger set, using defaults
2021-03-15 13:21:25,869 [Listener at 127.0.0.1/41395] INFO  server.session (HouseKeeper.java:startScavenging(132)) - node0 Scavenging every 600000ms
2021-03-15 13:21:25,870 [Listener at 127.0.0.1/41395] INFO  handler.ContextHandler (ContextHandler.java:doStart(916)) - Started o.e.j.s.ServletContextHandler@59fd3784{logs,/logs,file:///github/workspace/mnt/ozone/hadoop-ozone/integration-test/target/log,AVAILABLE}
2021-03-15 13:21:25,870 [Listener at 127.0.0.1/41395] INFO  handler.ContextHandler (ContextHandler.java:doStart(916)) - Started o.e.j.s.ServletContextHandler@444770f6{static,/static,jar:file:/home/user/.m2/repository/org/apache/hadoop/hadoop-hdds-container-service/1.1.0-SNAPSHOT/hadoop-hdds-container-service-1.1.0-SNAPSHOT.jar!/webapps/static,AVAILABLE}
2021-03-15 13:21:26,028 [Listener at 127.0.0.1/41395] INFO  handler.ContextHandler (ContextHandler.java:doStart(916)) - Started o.e.j.w.WebAppContext@6ca98aad{hddsDatanode,/,file:///tmp/jetty-0_0_0_0-43809-hadoop-hdds-container-service-1_1_0-SNAPSHOT_jar-_-any-9125484414351145165/webapp/,AVAILABLE}{jar:file:/home/user/.m2/repository/org/apache/hadoop/hadoop-hdds-container-service/1.1.0-SNAPSHOT/hadoop-hdds-container-service-1.1.0-SNAPSHOT.jar!/webapps/hddsDatanode}
2021-03-15 13:21:26,029 [Listener at 127.0.0.1/41395] INFO  server.AbstractConnector (AbstractConnector.java:doStart(331)) - Started ServerConnector@5e688357{HTTP/1.1, (http/1.1)}{0.0.0.0:43809}
2021-03-15 13:21:26,030 [Listener at 127.0.0.1/41395] INFO  server.Server (Server.java:doStart(415)) - Started @8230ms
2021-03-15 13:21:26,030 [Listener at 127.0.0.1/41395] WARN  impl.MetricsSystemImpl (MetricsSystemImpl.java:register(279)) - Sink prometheus already exists!
2021-03-15 13:21:26,033 [Listener at 127.0.0.1/41395] INFO  http.BaseHttpServer (BaseHttpServer.java:updateConnectorAddress(327)) - HTTP server of hddsDatanode listening at http://0.0.0.0:43809
2021-03-15 13:21:26,036 [Listener at 127.0.0.1/41395] INFO  ozone.MiniOzoneClusterImpl (MiniOzoneClusterImpl.java:lambda$waitForClusterToBeReady$0(187)) - Waiting for nodes to be ready. Got 0 of 7 DN Heartbeats.
2021-03-15 13:21:26,036 [Listener at 127.0.0.1/41395] INFO  ozone.MiniOzoneClusterImpl (MiniOzoneClusterImpl.java:lambda$waitForClusterToBeReady$0(190)) - Waiting for cluster to exit safe mode
2021-03-15 13:21:26,049 [org.apache.hadoop.util.JvmPauseMonitor$Monitor@46223c39] INFO  util.JvmPauseMonitor (JvmPauseMonitor.java:run(188)) - Starting JVM pause monitor
2021-03-15 13:21:26,051 [Datanode State Machine Task Thread - 0] INFO  datanode.InitDatanodeState (InitDatanodeState.java:persistContainerDatanodeDetails(145)) - DatanodeDetails is persisted to /github/workspace/mnt/ozone/hadoop-ozone/integration-test/target/test-dir/MiniOzoneClusterImpl-10170ce6-1bcb-4b6c-85b7-fb1f14fc7e79/datanode-6/meta/datanode.id
2021-03-15 13:21:26,320 [EndpointStateMachine task thread for /0.0.0.0:39607 - 0 ] INFO  ozoneimpl.OzoneContainer (OzoneContainer.java:start(255)) - Attempting to start container services.
2021-03-15 13:21:26,323 [EndpointStateMachine task thread for /0.0.0.0:39607 - 0 ] INFO  ozoneimpl.OzoneContainer (OzoneContainer.java:startContainerScrub(219)) - Background container scanner has been disabled.
2021-03-15 13:21:26,331 [EndpointStateMachine task thread for /0.0.0.0:39607 - 0 ] INFO  replication.ReplicationServer (ReplicationServer.java:start(106)) - ReplicationServer is started using port 46731
2021-03-15 13:21:26,335 [EndpointStateMachine task thread for /0.0.0.0:39607 - 0 ] INFO  ratis.XceiverServerRatis (XceiverServerRatis.java:start(486)) - Starting XceiverServerRatis c8823aab-1c49-422a-a51c-c7b83b859fa6
2021-03-15 13:21:26,336 [EndpointStateMachine task thread for /0.0.0.0:39607 - 0 ] INFO  server.RaftServer (RaftServerProxy.java:lambda$start$5(374)) - c8823aab-1c49-422a-a51c-c7b83b859fa6: start RPC server
2021-03-15 13:21:26,346 [EndpointStateMachine task thread for /0.0.0.0:39607 - 0 ] INFO  server.GrpcService (GrpcService.java:startImpl(253)) - c8823aab-1c49-422a-a51c-c7b83b859fa6: GrpcService started, listening on 38877
2021-03-15 13:21:26,346 [EndpointStateMachine task thread for /0.0.0.0:39607 - 0 ] INFO  ratis.XceiverServerRatis (XceiverServerRatis.java:getRealPort(507)) - XceiverServerRatis c8823aab-1c49-422a-a51c-c7b83b859fa6 is started using port 38877 for RATIS
2021-03-15 13:21:26,346 [EndpointStateMachine task thread for /0.0.0.0:39607 - 0 ] INFO  ratis.XceiverServerRatis (XceiverServerRatis.java:getRealPort(507)) - XceiverServerRatis c8823aab-1c49-422a-a51c-c7b83b859fa6 is started using port 38877 for RATIS_ADMIN
2021-03-15 13:21:26,346 [EndpointStateMachine task thread for /0.0.0.0:39607 - 0 ] INFO  ratis.XceiverServerRatis (XceiverServerRatis.java:getRealPort(507)) - XceiverServerRatis c8823aab-1c49-422a-a51c-c7b83b859fa6 is started using port 38877 for RATIS_SERVER
2021-03-15 13:21:26,357 [EndpointStateMachine task thread for /0.0.0.0:39607 - 0 ] INFO  server.XceiverServerGrpc (XceiverServerGrpc.java:start(135)) - XceiverServerGrpc c8823aab-1c49-422a-a51c-c7b83b859fa6 is started using port 44487
2021-03-15 13:21:26,357 [org.apache.ratis.util.JvmPauseMonitor$$Lambda$504/75164635@1d085d75] INFO  util.JvmPauseMonitor (JvmPauseMonitor.java:run(103)) - JvmPauseMonitor-c8823aab-1c49-422a-a51c-c7b83b859fa6: Started
2021-03-15 13:21:26,692 [EndpointStateMachine task thread for /0.0.0.0:39607 - 0 ] INFO  ozoneimpl.OzoneContainer (OzoneContainer.java:start(255)) - Attempting to start container services.
2021-03-15 13:21:26,693 [EndpointStateMachine task thread for /0.0.0.0:39607 - 0 ] INFO  ozoneimpl.OzoneContainer (OzoneContainer.java:startContainerScrub(219)) - Background container scanner has been disabled.
2021-03-15 13:21:26,700 [EndpointStateMachine task thread for /0.0.0.0:39607 - 0 ] INFO  replication.ReplicationServer (ReplicationServer.java:start(106)) - ReplicationServer is started using port 36101
2021-03-15 13:21:26,700 [EndpointStateMachine task thread for /0.0.0.0:39607 - 0 ] INFO  ratis.XceiverServerRatis (XceiverServerRatis.java:start(486)) - Starting XceiverServerRatis 29adc670-2c1e-4c6c-9558-1601f864128b
2021-03-15 13:21:26,702 [EndpointStateMachine task thread for /0.0.0.0:39607 - 0 ] INFO  server.RaftServer (RaftServerProxy.java:lambda$start$5(374)) - 29adc670-2c1e-4c6c-9558-1601f864128b: start RPC server
2021-03-15 13:21:26,711 [EndpointStateMachine task thread for /0.0.0.0:39607 - 0 ] INFO  server.GrpcService (GrpcService.java:startImpl(253)) - 29adc670-2c1e-4c6c-9558-1601f864128b: GrpcService started, listening on 37315
2021-03-15 13:21:26,711 [EndpointStateMachine task thread for /0.0.0.0:39607 - 0 ] INFO  ratis.XceiverServerRatis (XceiverServerRatis.java:getRealPort(507)) - XceiverServerRatis 29adc670-2c1e-4c6c-9558-1601f864128b is started using port 37315 for RATIS
2021-03-15 13:21:26,711 [EndpointStateMachine task thread for /0.0.0.0:39607 - 0 ] INFO  ratis.XceiverServerRatis (XceiverServerRatis.java:getRealPort(507)) - XceiverServerRatis 29adc670-2c1e-4c6c-9558-1601f864128b is started using port 37315 for RATIS_ADMIN
2021-03-15 13:21:26,711 [EndpointStateMachine task thread for /0.0.0.0:39607 - 0 ] INFO  ratis.XceiverServerRatis (XceiverServerRatis.java:getRealPort(507)) - XceiverServerRatis 29adc670-2c1e-4c6c-9558-1601f864128b is started using port 37315 for RATIS_SERVER
2021-03-15 13:21:26,717 [org.apache.ratis.util.JvmPauseMonitor$$Lambda$504/75164635@34474c72] INFO  util.JvmPauseMonitor (JvmPauseMonitor.java:run(103)) - JvmPauseMonitor-29adc670-2c1e-4c6c-9558-1601f864128b: Started
2021-03-15 13:21:26,717 [EndpointStateMachine task thread for /0.0.0.0:39607 - 0 ] INFO  server.XceiverServerGrpc (XceiverServerGrpc.java:start(135)) - XceiverServerGrpc 29adc670-2c1e-4c6c-9558-1601f864128b is started using port 46417
2021-03-15 13:21:27,037 [Listener at 127.0.0.1/41395] INFO  ozone.MiniOzoneClusterImpl (MiniOzoneClusterImpl.java:lambda$waitForClusterToBeReady$0(187)) - Waiting for nodes to be ready. Got 0 of 7 DN Heartbeats.
2021-03-15 13:21:27,037 [Listener at 127.0.0.1/41395] INFO  ozone.MiniOzoneClusterImpl (MiniOzoneClusterImpl.java:lambda$waitForClusterToBeReady$0(190)) - Waiting for cluster to exit safe mode
2021-03-15 13:21:27,090 [EndpointStateMachine task thread for /0.0.0.0:39607 - 0 ] INFO  ozoneimpl.OzoneContainer (OzoneContainer.java:start(255)) - Attempting to start container services.
2021-03-15 13:21:27,092 [EndpointStateMachine task thread for /0.0.0.0:39607 - 0 ] INFO  ozoneimpl.OzoneContainer (OzoneContainer.java:startContainerScrub(219)) - Background container scanner has been disabled.
2021-03-15 13:21:27,097 [EndpointStateMachine task thread for /0.0.0.0:39607 - 0 ] INFO  replication.ReplicationServer (ReplicationServer.java:start(106)) - ReplicationServer is started using port 39657
2021-03-15 13:21:27,098 [EndpointStateMachine task thread for /0.0.0.0:39607 - 0 ] INFO  ratis.XceiverServerRatis (XceiverServerRatis.java:start(486)) - Starting XceiverServerRatis 2bcf9514-6eaf-4328-a021-870a209d39c4
2021-03-15 13:21:27,098 [EndpointStateMachine task thread for /0.0.0.0:39607 - 0 ] INFO  server.RaftServer (RaftServerProxy.java:lambda$start$5(374)) - 2bcf9514-6eaf-4328-a021-870a209d39c4: start RPC server
2021-03-15 13:21:27,099 [EndpointStateMachine task thread for /0.0.0.0:39607 - 0 ] INFO  server.GrpcService (GrpcService.java:startImpl(253)) - 2bcf9514-6eaf-4328-a021-870a209d39c4: GrpcService started, listening on 43919
2021-03-15 13:21:27,100 [EndpointStateMachine task thread for /0.0.0.0:39607 - 0 ] INFO  ratis.XceiverServerRatis (XceiverServerRatis.java:getRealPort(507)) - XceiverServerRatis 2bcf9514-6eaf-4328-a021-870a209d39c4 is started using port 43919 for RATIS
2021-03-15 13:21:27,100 [EndpointStateMachine task thread for /0.0.0.0:39607 - 0 ] INFO  ratis.XceiverServerRatis (XceiverServerRatis.java:getRealPort(507)) - XceiverServerRatis 2bcf9514-6eaf-4328-a021-870a209d39c4 is started using port 43919 for RATIS_ADMIN
2021-03-15 13:21:27,100 [EndpointStateMachine task thread for /0.0.0.0:39607 - 0 ] INFO  ratis.XceiverServerRatis (XceiverServerRatis.java:getRealPort(507)) - XceiverServerRatis 2bcf9514-6eaf-4328-a021-870a209d39c4 is started using port 43919 for RATIS_SERVER
2021-03-15 13:21:27,101 [org.apache.ratis.util.JvmPauseMonitor$$Lambda$504/75164635@74d28fa9] INFO  util.JvmPauseMonitor (JvmPauseMonitor.java:run(103)) - JvmPauseMonitor-2bcf9514-6eaf-4328-a021-870a209d39c4: Started
2021-03-15 13:21:27,102 [EndpointStateMachine task thread for /0.0.0.0:39607 - 0 ] INFO  server.XceiverServerGrpc (XceiverServerGrpc.java:start(135)) - XceiverServerGrpc 2bcf9514-6eaf-4328-a021-870a209d39c4 is started using port 43389
2021-03-15 13:21:27,289 [EndpointStateMachine task thread for /0.0.0.0:39607 - 0 ] INFO  ozoneimpl.OzoneContainer (OzoneContainer.java:start(255)) - Attempting to start container services.
2021-03-15 13:21:27,290 [EndpointStateMachine task thread for /0.0.0.0:39607 - 0 ] INFO  ozoneimpl.OzoneContainer (OzoneContainer.java:startContainerScrub(219)) - Background container scanner has been disabled.
2021-03-15 13:21:27,291 [EndpointStateMachine task thread for /0.0.0.0:39607 - 0 ] INFO  replication.ReplicationServer (ReplicationServer.java:start(106)) - ReplicationServer is started using port 39869
2021-03-15 13:21:27,291 [EndpointStateMachine task thread for /0.0.0.0:39607 - 0 ] INFO  ratis.XceiverServerRatis (XceiverServerRatis.java:start(486)) - Starting XceiverServerRatis 01124cd4-4ace-459c-9f52-5cd7a41fca7c
2021-03-15 13:21:27,294 [EndpointStateMachine task thread for /0.0.0.0:39607 - 0 ] INFO  server.RaftServer (RaftServerProxy.java:lambda$start$5(374)) - 01124cd4-4ace-459c-9f52-5cd7a41fca7c: start RPC server
2021-03-15 13:21:27,295 [EndpointStateMachine task thread for /0.0.0.0:39607 - 0 ] INFO  server.GrpcService (GrpcService.java:startImpl(253)) - 01124cd4-4ace-459c-9f52-5cd7a41fca7c: GrpcService started, listening on 40903
2021-03-15 13:21:27,295 [EndpointStateMachine task thread for /0.0.0.0:39607 - 0 ] INFO  ratis.XceiverServerRatis (XceiverServerRatis.java:getRealPort(507)) - XceiverServerRatis 01124cd4-4ace-459c-9f52-5cd7a41fca7c is started using port 40903 for RATIS
2021-03-15 13:21:27,295 [EndpointStateMachine task thread for /0.0.0.0:39607 - 0 ] INFO  ratis.XceiverServerRatis (XceiverServerRatis.java:getRealPort(507)) - XceiverServerRatis 01124cd4-4ace-459c-9f52-5cd7a41fca7c is started using port 40903 for RATIS_ADMIN
2021-03-15 13:21:27,295 [EndpointStateMachine task thread for /0.0.0.0:39607 - 0 ] INFO  ratis.XceiverServerRatis (XceiverServerRatis.java:getRealPort(507)) - XceiverServerRatis 01124cd4-4ace-459c-9f52-5cd7a41fca7c is started using port 40903 for RATIS_SERVER
2021-03-15 13:21:27,295 [org.apache.ratis.util.JvmPauseMonitor$$Lambda$504/75164635@5be76621] INFO  util.JvmPauseMonitor (JvmPauseMonitor.java:run(103)) - JvmPauseMonitor-01124cd4-4ace-459c-9f52-5cd7a41fca7c: Started
2021-03-15 13:21:27,297 [EndpointStateMachine task thread for /0.0.0.0:39607 - 0 ] INFO  server.XceiverServerGrpc (XceiverServerGrpc.java:start(135)) - XceiverServerGrpc 01124cd4-4ace-459c-9f52-5cd7a41fca7c is started using port 40093
2021-03-15 13:21:27,529 [EndpointStateMachine task thread for /0.0.0.0:39607 - 0 ] INFO  ozoneimpl.OzoneContainer (OzoneContainer.java:start(255)) - Attempting to start container services.
2021-03-15 13:21:27,529 [EndpointStateMachine task thread for /0.0.0.0:39607 - 0 ] INFO  ozoneimpl.OzoneContainer (OzoneContainer.java:startContainerScrub(219)) - Background container scanner has been disabled.
2021-03-15 13:21:27,531 [EndpointStateMachine task thread for /0.0.0.0:39607 - 0 ] INFO  replication.ReplicationServer (ReplicationServer.java:start(106)) - ReplicationServer is started using port 41745
2021-03-15 13:21:27,531 [EndpointStateMachine task thread for /0.0.0.0:39607 - 0 ] INFO  ratis.XceiverServerRatis (XceiverServerRatis.java:start(486)) - Starting XceiverServerRatis 8f544fba-ae2a-4c10-8316-b74b14cffb80
2021-03-15 13:21:27,533 [EndpointStateMachine task thread for /0.0.0.0:39607 - 0 ] INFO  server.RaftServer (RaftServerProxy.java:lambda$start$5(374)) - 8f544fba-ae2a-4c10-8316-b74b14cffb80: start RPC server
2021-03-15 13:21:27,534 [EndpointStateMachine task thread for /0.0.0.0:39607 - 0 ] INFO  server.GrpcService (GrpcService.java:startImpl(253)) - 8f544fba-ae2a-4c10-8316-b74b14cffb80: GrpcService started, listening on 35899
2021-03-15 13:21:27,534 [EndpointStateMachine task thread for /0.0.0.0:39607 - 0 ] INFO  ratis.XceiverServerRatis (XceiverServerRatis.java:getRealPort(507)) - XceiverServerRatis 8f544fba-ae2a-4c10-8316-b74b14cffb80 is started using port 35899 for RATIS
2021-03-15 13:21:27,535 [EndpointStateMachine task thread for /0.0.0.0:39607 - 0 ] INFO  ratis.XceiverServerRatis (XceiverServerRatis.java:getRealPort(507)) - XceiverServerRatis 8f544fba-ae2a-4c10-8316-b74b14cffb80 is started using port 35899 for RATIS_ADMIN
2021-03-15 13:21:27,534 [org.apache.ratis.util.JvmPauseMonitor$$Lambda$504/75164635@d267f86] INFO  util.JvmPauseMonitor (JvmPauseMonitor.java:run(103)) - JvmPauseMonitor-8f544fba-ae2a-4c10-8316-b74b14cffb80: Started
2021-03-15 13:21:27,535 [EndpointStateMachine task thread for /0.0.0.0:39607 - 0 ] INFO  ratis.XceiverServerRatis (XceiverServerRatis.java:getRealPort(507)) - XceiverServerRatis 8f544fba-ae2a-4c10-8316-b74b14cffb80 is started using port 35899 for RATIS_SERVER
2021-03-15 13:21:27,536 [EndpointStateMachine task thread for /0.0.0.0:39607 - 0 ] INFO  server.XceiverServerGrpc (XceiverServerGrpc.java:start(135)) - XceiverServerGrpc 8f544fba-ae2a-4c10-8316-b74b14cffb80 is started using port 36625
2021-03-15 13:21:27,848 [EndpointStateMachine task thread for /0.0.0.0:39607 - 0 ] INFO  ozoneimpl.OzoneContainer (OzoneContainer.java:start(255)) - Attempting to start container services.
2021-03-15 13:21:27,849 [EndpointStateMachine task thread for /0.0.0.0:39607 - 0 ] INFO  ozoneimpl.OzoneContainer (OzoneContainer.java:startContainerScrub(219)) - Background container scanner has been disabled.
2021-03-15 13:21:27,850 [EndpointStateMachine task thread for /0.0.0.0:39607 - 0 ] INFO  replication.ReplicationServer (ReplicationServer.java:start(106)) - ReplicationServer is started using port 40983
2021-03-15 13:21:27,850 [EndpointStateMachine task thread for /0.0.0.0:39607 - 0 ] INFO  ratis.XceiverServerRatis (XceiverServerRatis.java:start(486)) - Starting XceiverServerRatis 490c2edb-ef6d-43f1-a3fc-38f1bdb7d380
2021-03-15 13:21:27,853 [EndpointStateMachine task thread for /0.0.0.0:39607 - 0 ] INFO  server.RaftServer (RaftServerProxy.java:lambda$start$5(374)) - 490c2edb-ef6d-43f1-a3fc-38f1bdb7d380: start RPC server
2021-03-15 13:21:27,854 [EndpointStateMachine task thread for /0.0.0.0:39607 - 0 ] INFO  server.GrpcService (GrpcService.java:startImpl(253)) - 490c2edb-ef6d-43f1-a3fc-38f1bdb7d380: GrpcService started, listening on 35411
2021-03-15 13:21:27,855 [EndpointStateMachine task thread for /0.0.0.0:39607 - 0 ] INFO  ratis.XceiverServerRatis (XceiverServerRatis.java:getRealPort(507)) - XceiverServerRatis 490c2edb-ef6d-43f1-a3fc-38f1bdb7d380 is started using port 35411 for RATIS
2021-03-15 13:21:27,855 [org.apache.ratis.util.JvmPauseMonitor$$Lambda$504/75164635@74fd3a4f] INFO  util.JvmPauseMonitor (JvmPauseMonitor.java:run(103)) - JvmPauseMonitor-490c2edb-ef6d-43f1-a3fc-38f1bdb7d380: Started
2021-03-15 13:21:27,855 [EndpointStateMachine task thread for /0.0.0.0:39607 - 0 ] INFO  ratis.XceiverServerRatis (XceiverServerRatis.java:getRealPort(507)) - XceiverServerRatis 490c2edb-ef6d-43f1-a3fc-38f1bdb7d380 is started using port 35411 for RATIS_ADMIN
2021-03-15 13:21:27,855 [EndpointStateMachine task thread for /0.0.0.0:39607 - 0 ] INFO  ratis.XceiverServerRatis (XceiverServerRatis.java:getRealPort(507)) - XceiverServerRatis 490c2edb-ef6d-43f1-a3fc-38f1bdb7d380 is started using port 35411 for RATIS_SERVER
2021-03-15 13:21:27,856 [EndpointStateMachine task thread for /0.0.0.0:39607 - 0 ] INFO  server.XceiverServerGrpc (XceiverServerGrpc.java:start(135)) - XceiverServerGrpc 490c2edb-ef6d-43f1-a3fc-38f1bdb7d380 is started using port 40231
2021-03-15 13:21:28,038 [Listener at 127.0.0.1/41395] INFO  ozone.MiniOzoneClusterImpl (MiniOzoneClusterImpl.java:lambda$waitForClusterToBeReady$0(187)) - Waiting for nodes to be ready. Got 0 of 7 DN Heartbeats.
2021-03-15 13:21:28,038 [Listener at 127.0.0.1/41395] INFO  ozone.MiniOzoneClusterImpl (MiniOzoneClusterImpl.java:lambda$waitForClusterToBeReady$0(190)) - Waiting for cluster to exit safe mode
2021-03-15 13:21:28,053 [EndpointStateMachine task thread for /0.0.0.0:39607 - 0 ] INFO  ozoneimpl.OzoneContainer (OzoneContainer.java:start(255)) - Attempting to start container services.
2021-03-15 13:21:28,053 [EndpointStateMachine task thread for /0.0.0.0:39607 - 0 ] INFO  ozoneimpl.OzoneContainer (OzoneContainer.java:startContainerScrub(219)) - Background container scanner has been disabled.
2021-03-15 13:21:28,059 [EndpointStateMachine task thread for /0.0.0.0:39607 - 0 ] INFO  replication.ReplicationServer (ReplicationServer.java:start(106)) - ReplicationServer is started using port 44215
2021-03-15 13:21:28,059 [EndpointStateMachine task thread for /0.0.0.0:39607 - 0 ] INFO  ratis.XceiverServerRatis (XceiverServerRatis.java:start(486)) - Starting XceiverServerRatis fe63c344-5a2d-4322-bbac-49268a0984bd
2021-03-15 13:21:28,060 [EndpointStateMachine task thread for /0.0.0.0:39607 - 0 ] INFO  server.RaftServer (RaftServerProxy.java:lambda$start$5(374)) - fe63c344-5a2d-4322-bbac-49268a0984bd: start RPC server
2021-03-15 13:21:28,063 [EndpointStateMachine task thread for /0.0.0.0:39607 - 0 ] INFO  server.GrpcService (GrpcService.java:startImpl(253)) - fe63c344-5a2d-4322-bbac-49268a0984bd: GrpcService started, listening on 42479
2021-03-15 13:21:28,064 [EndpointStateMachine task thread for /0.0.0.0:39607 - 0 ] INFO  ratis.XceiverServerRatis (XceiverServerRatis.java:getRealPort(507)) - XceiverServerRatis fe63c344-5a2d-4322-bbac-49268a0984bd is started using port 42479 for RATIS
2021-03-15 13:21:28,064 [org.apache.ratis.util.JvmPauseMonitor$$Lambda$504/75164635@439c11f2] INFO  util.JvmPauseMonitor (JvmPauseMonitor.java:run(103)) - JvmPauseMonitor-fe63c344-5a2d-4322-bbac-49268a0984bd: Started
2021-03-15 13:21:28,064 [EndpointStateMachine task thread for /0.0.0.0:39607 - 0 ] INFO  ratis.XceiverServerRatis (XceiverServerRatis.java:getRealPort(507)) - XceiverServerRatis fe63c344-5a2d-4322-bbac-49268a0984bd is started using port 42479 for RATIS_ADMIN
2021-03-15 13:21:28,064 [EndpointStateMachine task thread for /0.0.0.0:39607 - 0 ] INFO  ratis.XceiverServerRatis (XceiverServerRatis.java:getRealPort(507)) - XceiverServerRatis fe63c344-5a2d-4322-bbac-49268a0984bd is started using port 42479 for RATIS_SERVER
2021-03-15 13:21:28,066 [EndpointStateMachine task thread for /0.0.0.0:39607 - 0 ] INFO  server.XceiverServerGrpc (XceiverServerGrpc.java:start(135)) - XceiverServerGrpc fe63c344-5a2d-4322-bbac-49268a0984bd is started using port 37705
2021-03-15 13:21:28,306 [IPC Server handler 5 on default port 39607] INFO  net.NetworkTopologyImpl (NetworkTopologyImpl.java:add(112)) - Added a new node: /default-rack/c8823aab-1c49-422a-a51c-c7b83b859fa6
2021-03-15 13:21:28,308 [IPC Server handler 5 on default port 39607] INFO  node.SCMNodeManager (SCMNodeManager.java:register(345)) - Registered Data node : c8823aab-1c49-422a-a51c-c7b83b859fa6{ip: 172.17.0.2, host: 287f2862ff4e, ports: [REPLICATION=46731, RATIS=38877, RATIS_ADMIN=38877, RATIS_SERVER=38877, STANDALONE=44487], networkLocation: /default-rack, certSerialId: null, persistedOpState: null, persistedOpStateExpiryEpochSec: 0}
2021-03-15 13:21:28,314 [EventQueue-NodeRegistrationContainerReportForContainerSafeModeRule] INFO  safemode.SCMSafeModeManager (SCMSafeModeManager.java:validateSafeModeExitRules(214)) - ContainerSafeModeRule rule is successfully validated
2021-03-15 13:21:28,314 [EventQueue-NodeRegistrationContainerReportForDataNodeSafeModeRule] INFO  safemode.SCMSafeModeManager (DataNodeSafeModeRule.java:process(71)) - SCM in safe mode. 1 DataNodes registered, 1 required.
2021-03-15 13:21:28,314 [EventQueue-NodeRegistrationContainerReportForDataNodeSafeModeRule] INFO  safemode.SCMSafeModeManager (SCMSafeModeManager.java:validateSafeModeExitRules(214)) - DataNodeSafeModeRule rule is successfully validated
2021-03-15 13:21:28,314 [EventQueue-NodeRegistrationContainerReportForDataNodeSafeModeRule] INFO  safemode.SCMSafeModeManager (SCMSafeModeManager.java:completePreCheck(242)) - All SCM safe mode pre check rules have passed
2021-03-15 13:21:28,325 [RatisPipelineUtilsThread] INFO  pipeline.RatisPipelineProvider (RatisPipelineProvider.java:lambda$create$0(161)) - Sending CreatePipelineCommand for pipeline:PipelineID=9f1add18-8dc6-4258-8066-6d25acfecdb7 to datanode:c8823aab-1c49-422a-a51c-c7b83b859fa6
2021-03-15 13:21:28,325 [EventQueue-PipelineReportForOneReplicaPipelineSafeModeRule] INFO  safemode.SCMSafeModeManager (SCMSafeModeManager.java:validateSafeModeExitRules(214)) - AtleastOneDatanodeReportedRule rule is successfully validated
2021-03-15 13:21:28,339 [RatisPipelineUtilsThread] INFO  pipeline.PipelineStateManager (PipelineStateManager.java:addPipeline(54)) - Created pipeline Pipeline[ Id: 9f1add18-8dc6-4258-8066-6d25acfecdb7, Nodes: c8823aab-1c49-422a-a51c-c7b83b859fa6{ip: 172.17.0.2, host: 287f2862ff4e, ports: [REPLICATION=46731, RATIS=38877, RATIS_ADMIN=38877, RATIS_SERVER=38877, STANDALONE=44487], networkLocation: /default-rack, certSerialId: null, persistedOpState: IN_SERVICE, persistedOpStateExpiryEpochSec: 0}, Type:RATIS, Factor:ONE, State:ALLOCATED, leaderId:, CreationTimestamp2021-03-15T13:21:28.321Z]
2021-03-15 13:21:28,343 [RatisPipelineUtilsThread] WARN  pipeline.PipelinePlacementPolicy (PipelinePlacementPolicy.java:filterViableNodes(142)) - Pipeline creation failed due to no sufficient healthy datanodes. Required 3. Found 1.
2021-03-15 13:21:28,689 [IPC Server handler 1 on default port 39607] INFO  net.NetworkTopologyImpl (NetworkTopologyImpl.java:add(112)) - Added a new node: /default-rack/29adc670-2c1e-4c6c-9558-1601f864128b
2021-03-15 13:21:28,689 [IPC Server handler 1 on default port 39607] INFO  node.SCMNodeManager (SCMNodeManager.java:register(345)) - Registered Data node : 29adc670-2c1e-4c6c-9558-1601f864128b{ip: 172.17.0.2, host: 287f2862ff4e, ports: [REPLICATION=36101, RATIS=37315, RATIS_ADMIN=37315, RATIS_SERVER=37315, STANDALONE=46417], networkLocation: /default-rack, certSerialId: null, persistedOpState: null, persistedOpStateExpiryEpochSec: 0}
2021-03-15 13:21:28,690 [EventQueue-NodeRegistrationContainerReportForContainerSafeModeRule] INFO  safemode.SCMSafeModeManager (SCMSafeModeManager.java:validateSafeModeExitRules(214)) - ContainerSafeModeRule rule is successfully validated
2021-03-15 13:21:28,690 [EventQueue-NodeRegistrationContainerReportForDataNodeSafeModeRule] INFO  safemode.SCMSafeModeManager (SCMSafeModeManager.java:validateSafeModeExitRules(214)) - DataNodeSafeModeRule rule is successfully validated
2021-03-15 13:21:28,690 [EventQueue-PipelineReportForOneReplicaPipelineSafeModeRule] INFO  safemode.SCMSafeModeManager (SCMSafeModeManager.java:validateSafeModeExitRules(214)) - AtleastOneDatanodeReportedRule rule is successfully validated
2021-03-15 13:21:28,693 [RatisPipelineUtilsThread] INFO  pipeline.RatisPipelineProvider (RatisPipelineProvider.java:lambda$create$0(161)) - Sending CreatePipelineCommand for pipeline:PipelineID=80380c97-8ba5-4cfd-9967-20f16fcd1309 to datanode:29adc670-2c1e-4c6c-9558-1601f864128b
2021-03-15 13:21:28,693 [RatisPipelineUtilsThread] INFO  pipeline.PipelineStateManager (PipelineStateManager.java:addPipeline(54)) - Created pipeline Pipeline[ Id: 80380c97-8ba5-4cfd-9967-20f16fcd1309, Nodes: 29adc670-2c1e-4c6c-9558-1601f864128b{ip: 172.17.0.2, host: 287f2862ff4e, ports: [REPLICATION=36101, RATIS=37315, RATIS_ADMIN=37315, RATIS_SERVER=37315, STANDALONE=46417], networkLocation: /default-rack, certSerialId: null, persistedOpState: IN_SERVICE, persistedOpStateExpiryEpochSec: 0}, Type:RATIS, Factor:ONE, State:ALLOCATED, leaderId:, CreationTimestamp2021-03-15T13:21:28.693Z]
2021-03-15 13:21:28,694 [RatisPipelineUtilsThread] WARN  pipeline.PipelinePlacementPolicy (PipelinePlacementPolicy.java:filterViableNodes(142)) - Pipeline creation failed due to no sufficient healthy datanodes. Required 3. Found 2.
2021-03-15 13:21:29,038 [Listener at 127.0.0.1/41395] INFO  ozone.MiniOzoneClusterImpl (MiniOzoneClusterImpl.java:lambda$waitForClusterToBeReady$0(187)) - Waiting for nodes to be ready. Got 2 of 7 DN Heartbeats.
2021-03-15 13:21:29,040 [Listener at 127.0.0.1/41395] INFO  ozone.MiniOzoneClusterImpl (MiniOzoneClusterImpl.java:lambda$waitForClusterToBeReady$0(190)) - Waiting for cluster to exit safe mode
2021-03-15 13:21:29,088 [IPC Server handler 4 on default port 39607] INFO  net.NetworkTopologyImpl (NetworkTopologyImpl.java:add(112)) - Added a new node: /default-rack/2bcf9514-6eaf-4328-a021-870a209d39c4
2021-03-15 13:21:29,089 [IPC Server handler 4 on default port 39607] INFO  node.SCMNodeManager (SCMNodeManager.java:register(345)) - Registered Data node : 2bcf9514-6eaf-4328-a021-870a209d39c4{ip: 172.17.0.2, host: 287f2862ff4e, ports: [REPLICATION=39657, RATIS=43919, RATIS_ADMIN=43919, RATIS_SERVER=43919, STANDALONE=43389], networkLocation: /default-rack, certSerialId: null, persistedOpState: null, persistedOpStateExpiryEpochSec: 0}
2021-03-15 13:21:29,089 [EventQueue-NodeRegistrationContainerReportForContainerSafeModeRule] INFO  safemode.SCMSafeModeManager (SCMSafeModeManager.java:validateSafeModeExitRules(214)) - ContainerSafeModeRule rule is successfully validated
2021-03-15 13:21:29,089 [EventQueue-NodeRegistrationContainerReportForDataNodeSafeModeRule] INFO  safemode.SCMSafeModeManager (SCMSafeModeManager.java:validateSafeModeExitRules(214)) - DataNodeSafeModeRule rule is successfully validated
2021-03-15 13:21:29,089 [EventQueue-PipelineReportForOneReplicaPipelineSafeModeRule] INFO  safemode.SCMSafeModeManager (SCMSafeModeManager.java:validateSafeModeExitRules(214)) - AtleastOneDatanodeReportedRule rule is successfully validated
2021-03-15 13:21:29,090 [RatisPipelineUtilsThread] INFO  pipeline.RatisPipelineProvider (RatisPipelineProvider.java:lambda$create$0(161)) - Sending CreatePipelineCommand for pipeline:PipelineID=cfed619c-994d-4625-bc70-3569b44ebdc6 to datanode:2bcf9514-6eaf-4328-a021-870a209d39c4
2021-03-15 13:21:29,090 [RatisPipelineUtilsThread] INFO  pipeline.PipelineStateManager (PipelineStateManager.java:addPipeline(54)) - Created pipeline Pipeline[ Id: cfed619c-994d-4625-bc70-3569b44ebdc6, Nodes: 2bcf9514-6eaf-4328-a021-870a209d39c4{ip: 172.17.0.2, host: 287f2862ff4e, ports: [REPLICATION=39657, RATIS=43919, RATIS_ADMIN=43919, RATIS_SERVER=43919, STANDALONE=43389], networkLocation: /default-rack, certSerialId: null, persistedOpState: IN_SERVICE, persistedOpStateExpiryEpochSec: 0}, Type:RATIS, Factor:ONE, State:ALLOCATED, leaderId:, CreationTimestamp2021-03-15T13:21:29.090Z]
2021-03-15 13:21:29,093 [RatisPipelineUtilsThread] INFO  pipeline.RatisPipelineProvider (RatisPipelineProvider.java:lambda$create$0(161)) - Sending CreatePipelineCommand for pipeline:PipelineID=ac74313d-67a1-459f-9117-7426fa8fac29 to datanode:c8823aab-1c49-422a-a51c-c7b83b859fa6
2021-03-15 13:21:29,093 [RatisPipelineUtilsThread] INFO  pipeline.RatisPipelineProvider (RatisPipelineProvider.java:lambda$create$0(161)) - Sending CreatePipelineCommand for pipeline:PipelineID=ac74313d-67a1-459f-9117-7426fa8fac29 to datanode:29adc670-2c1e-4c6c-9558-1601f864128b
2021-03-15 13:21:29,093 [RatisPipelineUtilsThread] INFO  pipeline.RatisPipelineProvider (RatisPipelineProvider.java:lambda$create$0(161)) - Sending CreatePipelineCommand for pipeline:PipelineID=ac74313d-67a1-459f-9117-7426fa8fac29 to datanode:2bcf9514-6eaf-4328-a021-870a209d39c4
2021-03-15 13:21:29,093 [RatisPipelineUtilsThread] INFO  pipeline.PipelineStateManager (PipelineStateManager.java:addPipeline(54)) - Created pipeline Pipeline[ Id: ac74313d-67a1-459f-9117-7426fa8fac29, Nodes: c8823aab-1c49-422a-a51c-c7b83b859fa6{ip: 172.17.0.2, host: 287f2862ff4e, ports: [REPLICATION=46731, RATIS=38877, RATIS_ADMIN=38877, RATIS_SERVER=38877, STANDALONE=44487], networkLocation: /default-rack, certSerialId: null, persistedOpState: IN_SERVICE, persistedOpStateExpiryEpochSec: 0}29adc670-2c1e-4c6c-9558-1601f864128b{ip: 172.17.0.2, host: 287f2862ff4e, ports: [REPLICATION=36101, RATIS=37315, RATIS_ADMIN=37315, RATIS_SERVER=37315, STANDALONE=46417], networkLocation: /default-rack, certSerialId: null, persistedOpState: IN_SERVICE, persistedOpStateExpiryEpochSec: 0}2bcf9514-6eaf-4328-a021-870a209d39c4{ip: 172.17.0.2, host: 287f2862ff4e, ports: [REPLICATION=39657, RATIS=43919, RATIS_ADMIN=43919, RATIS_SERVER=43919, STANDALONE=43389], networkLocation: /default-rack, certSerialId: null, persistedOpState: IN_SERVICE, persistedOpStateExpiryEpochSec: 0}, Type:RATIS, Factor:THREE, State:ALLOCATED, leaderId:, CreationTimestamp2021-03-15T13:21:29.093Z]
2021-03-15 13:21:29,094 [RatisPipelineUtilsThread] INFO  pipeline.RatisPipelineProvider (RatisPipelineProvider.java:lambda$create$0(161)) - Sending CreatePipelineCommand for pipeline:PipelineID=71864db7-4d39-4cb4-b48c-388b48ec2e2f to datanode:c8823aab-1c49-422a-a51c-c7b83b859fa6
2021-03-15 13:21:29,095 [RatisPipelineUtilsThread] INFO  pipeline.RatisPipelineProvider (RatisPipelineProvider.java:lambda$create$0(161)) - Sending CreatePipelineCommand for pipeline:PipelineID=71864db7-4d39-4cb4-b48c-388b48ec2e2f to datanode:29adc670-2c1e-4c6c-9558-1601f864128b
2021-03-15 13:21:29,095 [RatisPipelineUtilsThread] INFO  pipeline.RatisPipelineProvider (RatisPipelineProvider.java:lambda$create$0(161)) - Sending CreatePipelineCommand for pipeline:PipelineID=71864db7-4d39-4cb4-b48c-388b48ec2e2f to datanode:2bcf9514-6eaf-4328-a021-870a209d39c4
2021-03-15 13:21:29,096 [RatisPipelineUtilsThread] INFO  pipeline.PipelineStateManager (PipelineStateManager.java:addPipeline(54)) - Created pipeline Pipeline[ Id: 71864db7-4d39-4cb4-b48c-388b48ec2e2f, Nodes: c8823aab-1c49-422a-a51c-c7b83b859fa6{ip: 172.17.0.2, host: 287f2862ff4e, ports: [REPLICATION=46731, RATIS=38877, RATIS_ADMIN=38877, RATIS_SERVER=38877, STANDALONE=44487], networkLocation: /default-rack, certSerialId: null, persistedOpState: IN_SERVICE, persistedOpStateExpiryEpochSec: 0}29adc670-2c1e-4c6c-9558-1601f864128b{ip: 172.17.0.2, host: 287f2862ff4e, ports: [REPLICATION=36101, RATIS=37315, RATIS_ADMIN=37315, RATIS_SERVER=37315, STANDALONE=46417], networkLocation: /default-rack, certSerialId: null, persistedOpState: IN_SERVICE, persistedOpStateExpiryEpochSec: 0}2bcf9514-6eaf-4328-a021-870a209d39c4{ip: 172.17.0.2, host: 287f2862ff4e, ports: [REPLICATION=39657, RATIS=43919, RATIS_ADMIN=43919, RATIS_SERVER=43919, STANDALONE=43389], networkLocation: /default-rack, certSerialId: null, persistedOpState: IN_SERVICE, persistedOpStateExpiryEpochSec: 0}, Type:RATIS, Factor:THREE, State:ALLOCATED, leaderId:, CreationTimestamp2021-03-15T13:21:29.094Z]
2021-03-15 13:21:29,096 [RatisPipelineUtilsThread] INFO  pipeline.SCMPipelineManager (SCMPipelineManager.java:recordMetricsForPipeline(243)) - Pipeline: PipelineID=71864db7-4d39-4cb4-b48c-388b48ec2e2f contains same datanodes as previous pipelines: PipelineID=ac74313d-67a1-459f-9117-7426fa8fac29 nodeIds: c8823aab-1c49-422a-a51c-c7b83b859fa6, 29adc670-2c1e-4c6c-9558-1601f864128b, 2bcf9514-6eaf-4328-a021-870a209d39c4
2021-03-15 13:21:29,096 [RatisPipelineUtilsThread] INFO  pipeline.RatisPipelineProvider (RatisPipelineProvider.java:lambda$create$0(161)) - Sending CreatePipelineCommand for pipeline:PipelineID=79e449a0-20f2-4382-bd34-184eb8e85b35 to datanode:29adc670-2c1e-4c6c-9558-1601f864128b
2021-03-15 13:21:29,097 [RatisPipelineUtilsThread] INFO  pipeline.RatisPipelineProvider (RatisPipelineProvider.java:lambda$create$0(161)) - Sending CreatePipelineCommand for pipeline:PipelineID=79e449a0-20f2-4382-bd34-184eb8e85b35 to datanode:2bcf9514-6eaf-4328-a021-870a209d39c4
2021-03-15 13:21:29,097 [RatisPipelineUtilsThread] INFO  pipeline.RatisPipelineProvider (RatisPipelineProvider.java:lambda$create$0(161)) - Sending CreatePipelineCommand for pipeline:PipelineID=79e449a0-20f2-4382-bd34-184eb8e85b35 to datanode:c8823aab-1c49-422a-a51c-c7b83b859fa6
2021-03-15 13:21:29,097 [RatisPipelineUtilsThread] INFO  pipeline.PipelineStateManager (PipelineStateManager.java:addPipeline(54)) - Created pipeline Pipeline[ Id: 79e449a0-20f2-4382-bd34-184eb8e85b35, Nodes: 29adc670-2c1e-4c6c-9558-1601f864128b{ip: 172.17.0.2, host: 287f2862ff4e, ports: [REPLICATION=36101, RATIS=37315, RATIS_ADMIN=37315, RATIS_SERVER=37315, STANDALONE=46417], networkLocation: /default-rack, certSerialId: null, persistedOpState: IN_SERVICE, persistedOpStateExpiryEpochSec: 0}2bcf9514-6eaf-4328-a021-870a209d39c4{ip: 172.17.0.2, host: 287f2862ff4e, ports: [REPLICATION=39657, RATIS=43919, RATIS_ADMIN=43919, RATIS_SERVER=43919, STANDALONE=43389], networkLocation: /default-rack, certSerialId: null, persistedOpState: IN_SERVICE, persistedOpStateExpiryEpochSec: 0}c8823aab-1c49-422a-a51c-c7b83b859fa6{ip: 172.17.0.2, host: 287f2862ff4e, ports: [REPLICATION=46731, RATIS=38877, RATIS_ADMIN=38877, RATIS_SERVER=38877, STANDALONE=44487], networkLocation: /default-rack, certSerialId: null, persistedOpState: IN_SERVICE, persistedOpStateExpiryEpochSec: 0}, Type:RATIS, Factor:THREE, State:ALLOCATED, leaderId:, CreationTimestamp2021-03-15T13:21:29.096Z]
2021-03-15 13:21:29,097 [RatisPipelineUtilsThread] INFO  pipeline.SCMPipelineManager (SCMPipelineManager.java:recordMetricsForPipeline(243)) - Pipeline: PipelineID=79e449a0-20f2-4382-bd34-184eb8e85b35 contains same datanodes as previous pipelines: PipelineID=ac74313d-67a1-459f-9117-7426fa8fac29 nodeIds: 29adc670-2c1e-4c6c-9558-1601f864128b, 2bcf9514-6eaf-4328-a021-870a209d39c4, c8823aab-1c49-422a-a51c-c7b83b859fa6
2021-03-15 13:21:29,098 [RatisPipelineUtilsThread] INFO  pipeline.SCMPipelineManager (SCMPipelineManager.java:recordMetricsForPipeline(243)) - Pipeline: PipelineID=79e449a0-20f2-4382-bd34-184eb8e85b35 contains same datanodes as previous pipelines: PipelineID=71864db7-4d39-4cb4-b48c-388b48ec2e2f nodeIds: 29adc670-2c1e-4c6c-9558-1601f864128b, 2bcf9514-6eaf-4328-a021-870a209d39c4, c8823aab-1c49-422a-a51c-c7b83b859fa6
2021-03-15 13:21:29,287 [IPC Server handler 5 on default port 39607] INFO  net.NetworkTopologyImpl (NetworkTopologyImpl.java:add(112)) - Added a new node: /default-rack/01124cd4-4ace-459c-9f52-5cd7a41fca7c
2021-03-15 13:21:29,288 [IPC Server handler 5 on default port 39607] INFO  node.SCMNodeManager (SCMNodeManager.java:register(345)) - Registered Data node : 01124cd4-4ace-459c-9f52-5cd7a41fca7c{ip: 172.17.0.2, host: 287f2862ff4e, ports: [REPLICATION=39869, RATIS=40903, RATIS_ADMIN=40903, RATIS_SERVER=40903, STANDALONE=40093], networkLocation: /default-rack, certSerialId: null, persistedOpState: null, persistedOpStateExpiryEpochSec: 0}
2021-03-15 13:21:29,288 [EventQueue-NodeRegistrationContainerReportForContainerSafeModeRule] INFO  safemode.SCMSafeModeManager (SCMSafeModeManager.java:validateSafeModeExitRules(214)) - ContainerSafeModeRule rule is successfully validated
2021-03-15 13:21:29,288 [EventQueue-NodeRegistrationContainerReportForDataNodeSafeModeRule] INFO  safemode.SCMSafeModeManager (SCMSafeModeManager.java:validateSafeModeExitRules(214)) - DataNodeSafeModeRule rule is successfully validated
2021-03-15 13:21:29,288 [EventQueue-PipelineReportForOneReplicaPipelineSafeModeRule] INFO  safemode.SCMSafeModeManager (SCMSafeModeManager.java:validateSafeModeExitRules(214)) - AtleastOneDatanodeReportedRule rule is successfully validated
2021-03-15 13:21:29,289 [RatisPipelineUtilsThread] INFO  pipeline.RatisPipelineProvider (RatisPipelineProvider.java:lambda$create$0(161)) - Sending CreatePipelineCommand for pipeline:PipelineID=9afd33df-eae2-41e9-aae3-399d3b981c2e to datanode:01124cd4-4ace-459c-9f52-5cd7a41fca7c
2021-03-15 13:21:29,290 [RatisPipelineUtilsThread] INFO  pipeline.PipelineStateManager (PipelineStateManager.java:addPipeline(54)) - Created pipeline Pipeline[ Id: 9afd33df-eae2-41e9-aae3-399d3b981c2e, Nodes: 01124cd4-4ace-459c-9f52-5cd7a41fca7c{ip: 172.17.0.2, host: 287f2862ff4e, ports: [REPLICATION=39869, RATIS=40903, RATIS_ADMIN=40903, RATIS_SERVER=40903, STANDALONE=40093], networkLocation: /default-rack, certSerialId: null, persistedOpState: IN_SERVICE, persistedOpStateExpiryEpochSec: 0}, Type:RATIS, Factor:ONE, State:ALLOCATED, leaderId:, CreationTimestamp2021-03-15T13:21:29.289Z]
2021-03-15 13:21:29,528 [IPC Server handler 1 on default port 39607] INFO  net.NetworkTopologyImpl (NetworkTopologyImpl.java:add(112)) - Added a new node: /default-rack/8f544fba-ae2a-4c10-8316-b74b14cffb80
2021-03-15 13:21:29,528 [IPC Server handler 1 on default port 39607] INFO  node.SCMNodeManager (SCMNodeManager.java:register(345)) - Registered Data node : 8f544fba-ae2a-4c10-8316-b74b14cffb80{ip: 172.17.0.2, host: 287f2862ff4e, ports: [REPLICATION=41745, RATIS=35899, RATIS_ADMIN=35899, RATIS_SERVER=35899, STANDALONE=36625], networkLocation: /default-rack, certSerialId: null, persistedOpState: null, persistedOpStateExpiryEpochSec: 0}
2021-03-15 13:21:29,529 [EventQueue-NodeRegistrationContainerReportForDataNodeSafeModeRule] INFO  safemode.SCMSafeModeManager (SCMSafeModeManager.java:validateSafeModeExitRules(214)) - DataNodeSafeModeRule rule is successfully validated
2021-03-15 13:21:29,530 [EventQueue-PipelineReportForOneReplicaPipelineSafeModeRule] INFO  safemode.SCMSafeModeManager (SCMSafeModeManager.java:validateSafeModeExitRules(214)) - AtleastOneDatanodeReportedRule rule is successfully validated
2021-03-15 13:21:29,530 [EventQueue-NodeRegistrationContainerReportForContainerSafeModeRule] INFO  safemode.SCMSafeModeManager (SCMSafeModeManager.java:validateSafeModeExitRules(214)) - ContainerSafeModeRule rule is successfully validated
2021-03-15 13:21:29,531 [RatisPipelineUtilsThread] INFO  pipeline.RatisPipelineProvider (RatisPipelineProvider.java:lambda$create$0(161)) - Sending CreatePipelineCommand for pipeline:PipelineID=c8b00f4b-c710-4772-a5b0-8e469e476b4e to datanode:8f544fba-ae2a-4c10-8316-b74b14cffb80
2021-03-15 13:21:29,531 [RatisPipelineUtilsThread] INFO  pipeline.PipelineStateManager (PipelineStateManager.java:addPipeline(54)) - Created pipeline Pipeline[ Id: c8b00f4b-c710-4772-a5b0-8e469e476b4e, Nodes: 8f544fba-ae2a-4c10-8316-b74b14cffb80{ip: 172.17.0.2, host: 287f2862ff4e, ports: [REPLICATION=41745, RATIS=35899, RATIS_ADMIN=35899, RATIS_SERVER=35899, STANDALONE=36625], networkLocation: /default-rack, certSerialId: null, persistedOpState: IN_SERVICE, persistedOpStateExpiryEpochSec: 0}, Type:RATIS, Factor:ONE, State:ALLOCATED, leaderId:, CreationTimestamp2021-03-15T13:21:29.530Z]
2021-03-15 13:21:29,845 [IPC Server handler 0 on default port 39607] INFO  net.NetworkTopologyImpl (NetworkTopologyImpl.java:add(112)) - Added a new node: /default-rack/490c2edb-ef6d-43f1-a3fc-38f1bdb7d380
2021-03-15 13:21:29,846 [IPC Server handler 0 on default port 39607] INFO  node.SCMNodeManager (SCMNodeManager.java:register(345)) - Registered Data node : 490c2edb-ef6d-43f1-a3fc-38f1bdb7d380{ip: 172.17.0.2, host: 287f2862ff4e, ports: [REPLICATION=40983, RATIS=35411, RATIS_ADMIN=35411, RATIS_SERVER=35411, STANDALONE=40231], networkLocation: /default-rack, certSerialId: null, persistedOpState: null, persistedOpStateExpiryEpochSec: 0}
2021-03-15 13:21:29,846 [EventQueue-NodeRegistrationContainerReportForContainerSafeModeRule] INFO  safemode.SCMSafeModeManager (SCMSafeModeManager.java:validateSafeModeExitRules(214)) - ContainerSafeModeRule rule is successfully validated
2021-03-15 13:21:29,847 [EventQueue-PipelineReportForOneReplicaPipelineSafeModeRule] INFO  safemode.SCMSafeModeManager (SCMSafeModeManager.java:validateSafeModeExitRules(214)) - AtleastOneDatanodeReportedRule rule is successfully validated
2021-03-15 13:21:29,847 [EventQueue-NodeRegistrationContainerReportForDataNodeSafeModeRule] INFO  safemode.SCMSafeModeManager (SCMSafeModeManager.java:validateSafeModeExitRules(214)) - DataNodeSafeModeRule rule is successfully validated
2021-03-15 13:21:29,848 [RatisPipelineUtilsThread] INFO  pipeline.RatisPipelineProvider (RatisPipelineProvider.java:lambda$create$0(161)) - Sending CreatePipelineCommand for pipeline:PipelineID=5d7a0514-9f89-4d6d-8831-4c5a957e7ea6 to datanode:490c2edb-ef6d-43f1-a3fc-38f1bdb7d380
2021-03-15 13:21:29,848 [RatisPipelineUtilsThread] INFO  pipeline.PipelineStateManager (PipelineStateManager.java:addPipeline(54)) - Created pipeline Pipeline[ Id: 5d7a0514-9f89-4d6d-8831-4c5a957e7ea6, Nodes: 490c2edb-ef6d-43f1-a3fc-38f1bdb7d380{ip: 172.17.0.2, host: 287f2862ff4e, ports: [REPLICATION=40983, RATIS=35411, RATIS_ADMIN=35411, RATIS_SERVER=35411, STANDALONE=40231], networkLocation: /default-rack, certSerialId: null, persistedOpState: IN_SERVICE, persistedOpStateExpiryEpochSec: 0}, Type:RATIS, Factor:ONE, State:ALLOCATED, leaderId:, CreationTimestamp2021-03-15T13:21:29.848Z]
2021-03-15 13:21:29,849 [RatisPipelineUtilsThread] INFO  pipeline.RatisPipelineProvider (RatisPipelineProvider.java:lambda$create$0(161)) - Sending CreatePipelineCommand for pipeline:PipelineID=1efb9cfa-6e5b-42ab-9bfb-e860d21f6a2b to datanode:8f544fba-ae2a-4c10-8316-b74b14cffb80
2021-03-15 13:21:29,849 [RatisPipelineUtilsThread] INFO  pipeline.RatisPipelineProvider (RatisPipelineProvider.java:lambda$create$0(161)) - Sending CreatePipelineCommand for pipeline:PipelineID=1efb9cfa-6e5b-42ab-9bfb-e860d21f6a2b to datanode:01124cd4-4ace-459c-9f52-5cd7a41fca7c
2021-03-15 13:21:29,849 [RatisPipelineUtilsThread] INFO  pipeline.RatisPipelineProvider (RatisPipelineProvider.java:lambda$create$0(161)) - Sending CreatePipelineCommand for pipeline:PipelineID=1efb9cfa-6e5b-42ab-9bfb-e860d21f6a2b to datanode:490c2edb-ef6d-43f1-a3fc-38f1bdb7d380
2021-03-15 13:21:29,850 [RatisPipelineUtilsThread] INFO  pipeline.PipelineStateManager (PipelineStateManager.java:addPipeline(54)) - Created pipeline Pipeline[ Id: 1efb9cfa-6e5b-42ab-9bfb-e860d21f6a2b, Nodes: 8f544fba-ae2a-4c10-8316-b74b14cffb80{ip: 172.17.0.2, host: 287f2862ff4e, ports: [REPLICATION=41745, RATIS=35899, RATIS_ADMIN=35899, RATIS_SERVER=35899, STANDALONE=36625], networkLocation: /default-rack, certSerialId: null, persistedOpState: IN_SERVICE, persistedOpStateExpiryEpochSec: 0}01124cd4-4ace-459c-9f52-5cd7a41fca7c{ip: 172.17.0.2, host: 287f2862ff4e, ports: [REPLICATION=39869, RATIS=40903, RATIS_ADMIN=40903, RATIS_SERVER=40903, STANDALONE=40093], networkLocation: /default-rack, certSerialId: null, persistedOpState: IN_SERVICE, persistedOpStateExpiryEpochSec: 0}490c2edb-ef6d-43f1-a3fc-38f1bdb7d380{ip: 172.17.0.2, host: 287f2862ff4e, ports: [REPLICATION=40983, RATIS=35411, RATIS_ADMIN=35411, RATIS_SERVER=35411, STANDALONE=40231], networkLocation: /default-rack, certSerialId: null, persistedOpState: IN_SERVICE, persistedOpStateExpiryEpochSec: 0}, Type:RATIS, Factor:THREE, State:ALLOCATED, leaderId:, CreationTimestamp2021-03-15T13:21:29.849Z]
2021-03-15 13:21:29,850 [RatisPipelineUtilsThread] INFO  pipeline.RatisPipelineProvider (RatisPipelineProvider.java:lambda$create$0(161)) - Sending CreatePipelineCommand for pipeline:PipelineID=3131fd0c-3f52-4949-b04d-9eb71483e61b to datanode:01124cd4-4ace-459c-9f52-5cd7a41fca7c
2021-03-15 13:21:29,851 [RatisPipelineUtilsThread] INFO  pipeline.RatisPipelineProvider (RatisPipelineProvider.java:lambda$create$0(161)) - Sending CreatePipelineCommand for pipeline:PipelineID=3131fd0c-3f52-4949-b04d-9eb71483e61b to datanode:8f544fba-ae2a-4c10-8316-b74b14cffb80
2021-03-15 13:21:29,851 [RatisPipelineUtilsThread] INFO  pipeline.RatisPipelineProvider (RatisPipelineProvider.java:lambda$create$0(161)) - Sending CreatePipelineCommand for pipeline:PipelineID=3131fd0c-3f52-4949-b04d-9eb71483e61b to datanode:490c2edb-ef6d-43f1-a3fc-38f1bdb7d380
2021-03-15 13:21:29,851 [RatisPipelineUtilsThread] INFO  pipeline.PipelineStateManager (PipelineStateManager.java:addPipeline(54)) - Created pipeline Pipeline[ Id: 3131fd0c-3f52-4949-b04d-9eb71483e61b, Nodes: 01124cd4-4ace-459c-9f52-5cd7a41fca7c{ip: 172.17.0.2, host: 287f2862ff4e, ports: [REPLICATION=39869, RATIS=40903, RATIS_ADMIN=40903, RATIS_SERVER=40903, STANDALONE=40093], networkLocation: /default-rack, certSerialId: null, persistedOpState: IN_SERVICE, persistedOpStateExpiryEpochSec: 0}8f544fba-ae2a-4c10-8316-b74b14cffb80{ip: 172.17.0.2, host: 287f2862ff4e, ports: [REPLICATION=41745, RATIS=35899, RATIS_ADMIN=35899, RATIS_SERVER=35899, STANDALONE=36625], networkLocation: /default-rack, certSerialId: null, persistedOpState: IN_SERVICE, persistedOpStateExpiryEpochSec: 0}490c2edb-ef6d-43f1-a3fc-38f1bdb7d380{ip: 172.17.0.2, host: 287f2862ff4e, ports: [REPLICATION=40983, RATIS=35411, RATIS_ADMIN=35411, RATIS_SERVER=35411, STANDALONE=40231], networkLocation: /default-rack, certSerialId: null, persistedOpState: IN_SERVICE, persistedOpStateExpiryEpochSec: 0}, Type:RATIS, Factor:THREE, State:ALLOCATED, leaderId:, CreationTimestamp2021-03-15T13:21:29.850Z]
2021-03-15 13:21:29,852 [RatisPipelineUtilsThread] INFO  pipeline.SCMPipelineManager (SCMPipelineManager.java:recordMetricsForPipeline(243)) - Pipeline: PipelineID=3131fd0c-3f52-4949-b04d-9eb71483e61b contains same datanodes as previous pipelines: PipelineID=1efb9cfa-6e5b-42ab-9bfb-e860d21f6a2b nodeIds: 01124cd4-4ace-459c-9f52-5cd7a41fca7c, 8f544fba-ae2a-4c10-8316-b74b14cffb80, 490c2edb-ef6d-43f1-a3fc-38f1bdb7d380
2021-03-15 13:21:29,852 [RatisPipelineUtilsThread] INFO  pipeline.RatisPipelineProvider (RatisPipelineProvider.java:lambda$create$0(161)) - Sending CreatePipelineCommand for pipeline:PipelineID=a8a0e27c-b300-4a92-8e30-d764ff994818 to datanode:8f544fba-ae2a-4c10-8316-b74b14cffb80
2021-03-15 13:21:29,852 [RatisPipelineUtilsThread] INFO  pipeline.RatisPipelineProvider (RatisPipelineProvider.java:lambda$create$0(161)) - Sending CreatePipelineCommand for pipeline:PipelineID=a8a0e27c-b300-4a92-8e30-d764ff994818 to datanode:01124cd4-4ace-459c-9f52-5cd7a41fca7c
2021-03-15 13:21:29,852 [RatisPipelineUtilsThread] INFO  pipeline.RatisPipelineProvider (RatisPipelineProvider.java:lambda$create$0(161)) - Sending CreatePipelineCommand for pipeline:PipelineID=a8a0e27c-b300-4a92-8e30-d764ff994818 to datanode:490c2edb-ef6d-43f1-a3fc-38f1bdb7d380
2021-03-15 13:21:29,853 [RatisPipelineUtilsThread] INFO  pipeline.PipelineStateManager (PipelineStateManager.java:addPipeline(54)) - Created pipeline Pipeline[ Id: a8a0e27c-b300-4a92-8e30-d764ff994818, Nodes: 8f544fba-ae2a-4c10-8316-b74b14cffb80{ip: 172.17.0.2, host: 287f2862ff4e, ports: [REPLICATION=41745, RATIS=35899, RATIS_ADMIN=35899, RATIS_SERVER=35899, STANDALONE=36625], networkLocation: /default-rack, certSerialId: null, persistedOpState: IN_SERVICE, persistedOpStateExpiryEpochSec: 0}01124cd4-4ace-459c-9f52-5cd7a41fca7c{ip: 172.17.0.2, host: 287f2862ff4e, ports: [REPLICATION=39869, RATIS=40903, RATIS_ADMIN=40903, RATIS_SERVER=40903, STANDALONE=40093], networkLocation: /default-rack, certSerialId: null, persistedOpState: IN_SERVICE, persistedOpStateExpiryEpochSec: 0}490c2edb-ef6d-43f1-a3fc-38f1bdb7d380{ip: 172.17.0.2, host: 287f2862ff4e, ports: [REPLICATION=40983, RATIS=35411, RATIS_ADMIN=35411, RATIS_SERVER=35411, STANDALONE=40231], networkLocation: /default-rack, certSerialId: null, persistedOpState: IN_SERVICE, persistedOpStateExpiryEpochSec: 0}, Type:RATIS, Factor:THREE, State:ALLOCATED, leaderId:, CreationTimestamp2021-03-15T13:21:29.852Z]
2021-03-15 13:21:29,853 [RatisPipelineUtilsThread] INFO  pipeline.SCMPipelineManager (SCMPipelineManager.java:recordMetricsForPipeline(243)) - Pipeline: PipelineID=a8a0e27c-b300-4a92-8e30-d764ff994818 contains same datanodes as previous pipelines: PipelineID=3131fd0c-3f52-4949-b04d-9eb71483e61b nodeIds: 8f544fba-ae2a-4c10-8316-b74b14cffb80, 01124cd4-4ace-459c-9f52-5cd7a41fca7c, 490c2edb-ef6d-43f1-a3fc-38f1bdb7d380
2021-03-15 13:21:29,853 [RatisPipelineUtilsThread] INFO  pipeline.SCMPipelineManager (SCMPipelineManager.java:recordMetricsForPipeline(243)) - Pipeline: PipelineID=a8a0e27c-b300-4a92-8e30-d764ff994818 contains same datanodes as previous pipelines: PipelineID=1efb9cfa-6e5b-42ab-9bfb-e860d21f6a2b nodeIds: 8f544fba-ae2a-4c10-8316-b74b14cffb80, 01124cd4-4ace-459c-9f52-5cd7a41fca7c, 490c2edb-ef6d-43f1-a3fc-38f1bdb7d380
2021-03-15 13:21:30,040 [Listener at 127.0.0.1/41395] INFO  ozone.MiniOzoneClusterImpl (MiniOzoneClusterImpl.java:lambda$waitForClusterToBeReady$0(187)) - Waiting for nodes to be ready. Got 6 of 7 DN Heartbeats.
2021-03-15 13:21:30,041 [Listener at 127.0.0.1/41395] INFO  ozone.MiniOzoneClusterImpl (MiniOzoneClusterImpl.java:lambda$waitForClusterToBeReady$0(190)) - Waiting for cluster to exit safe mode
2021-03-15 13:21:30,052 [IPC Server handler 4 on default port 39607] INFO  net.NetworkTopologyImpl (NetworkTopologyImpl.java:add(112)) - Added a new node: /default-rack/fe63c344-5a2d-4322-bbac-49268a0984bd
2021-03-15 13:21:30,053 [IPC Server handler 4 on default port 39607] INFO  node.SCMNodeManager (SCMNodeManager.java:register(345)) - Registered Data node : fe63c344-5a2d-4322-bbac-49268a0984bd{ip: 172.17.0.2, host: 287f2862ff4e, ports: [REPLICATION=44215, RATIS=42479, RATIS_ADMIN=42479, RATIS_SERVER=42479, STANDALONE=37705], networkLocation: /default-rack, certSerialId: null, persistedOpState: null, persistedOpStateExpiryEpochSec: 0}
2021-03-15 13:21:30,053 [EventQueue-NodeRegistrationContainerReportForContainerSafeModeRule] INFO  safemode.SCMSafeModeManager (SCMSafeModeManager.java:validateSafeModeExitRules(214)) - ContainerSafeModeRule rule is successfully validated
2021-03-15 13:21:30,053 [EventQueue-NodeRegistrationContainerReportForDataNodeSafeModeRule] INFO  safemode.SCMSafeModeManager (SCMSafeModeManager.java:validateSafeModeExitRules(214)) - DataNodeSafeModeRule rule is successfully validated
2021-03-15 13:21:30,053 [EventQueue-PipelineReportForOneReplicaPipelineSafeModeRule] INFO  safemode.SCMSafeModeManager (SCMSafeModeManager.java:validateSafeModeExitRules(214)) - AtleastOneDatanodeReportedRule rule is successfully validated
2021-03-15 13:21:30,054 [RatisPipelineUtilsThread] INFO  pipeline.RatisPipelineProvider (RatisPipelineProvider.java:lambda$create$0(161)) - Sending CreatePipelineCommand for pipeline:PipelineID=b5a766e5-df5d-49f1-bf01-591f5d79c43e to datanode:fe63c344-5a2d-4322-bbac-49268a0984bd
2021-03-15 13:21:30,054 [RatisPipelineUtilsThread] INFO  pipeline.PipelineStateManager (PipelineStateManager.java:addPipeline(54)) - Created pipeline Pipeline[ Id: b5a766e5-df5d-49f1-bf01-591f5d79c43e, Nodes: fe63c344-5a2d-4322-bbac-49268a0984bd{ip: 172.17.0.2, host: 287f2862ff4e, ports: [REPLICATION=44215, RATIS=42479, RATIS_ADMIN=42479, RATIS_SERVER=42479, STANDALONE=37705], networkLocation: /default-rack, certSerialId: null, persistedOpState: IN_SERVICE, persistedOpStateExpiryEpochSec: 0}, Type:RATIS, Factor:ONE, State:ALLOCATED, leaderId:, CreationTimestamp2021-03-15T13:21:30.054Z]
2021-03-15 13:21:31,041 [Listener at 127.0.0.1/41395] INFO  ozone.MiniOzoneClusterImpl (MiniOzoneClusterImpl.java:lambda$waitForClusterToBeReady$0(187)) - Nodes are ready. Got 7 of 7 DN Heartbeats.
2021-03-15 13:21:31,042 [Listener at 127.0.0.1/41395] INFO  ozone.MiniOzoneClusterImpl (MiniOzoneClusterImpl.java:lambda$waitForClusterToBeReady$0(190)) - Waiting for cluster to exit safe mode
2021-03-15 13:21:31,275 [Command processor thread] INFO  server.RaftServer (RaftServerProxy.java:addNew(95)) - c8823aab-1c49-422a-a51c-c7b83b859fa6: addNew group-6D25ACFECDB7:[c8823aab-1c49-422a-a51c-c7b83b859fa6|rpc:172.17.0.2:38877|priority:1] returns group-6D25ACFECDB7:java.util.concurrent.CompletableFuture@133386de[Not completed]
2021-03-15 13:21:31,292 [pool-40-thread-1] INFO  server.RaftServer$Division (RaftServerImpl.java:<init>(180)) - c8823aab-1c49-422a-a51c-c7b83b859fa6: new RaftServerImpl for group-6D25ACFECDB7:[c8823aab-1c49-422a-a51c-c7b83b859fa6|rpc:172.17.0.2:38877|priority:1] with ContainerStateMachine:uninitialized
2021-03-15 13:21:31,295 [pool-40-thread-1] INFO  server.RaftServerConfigKeys (ConfUtils.java:logGet(44)) - raft.server.rpc.timeout.min = 5s (custom)
2021-03-15 13:21:31,295 [pool-40-thread-1] INFO  server.RaftServerConfigKeys (ConfUtils.java:logGet(44)) - raft.server.rpc.timeout.max = 5200ms (custom)
2021-03-15 13:21:31,295 [pool-40-thread-1] INFO  server.RaftServerConfigKeys (ConfUtils.java:logGet(44)) - raft.server.rpc.sleep.time = 25ms (default)
2021-03-15 13:21:31,295 [pool-40-thread-1] INFO  server.RaftServerConfigKeys (ConfUtils.java:logGet(44)) - raft.server.rpc.slowness.timeout = 300000ms (custom)
2021-03-15 13:21:31,295 [pool-40-thread-1] INFO  server.RaftServerConfigKeys (ConfUtils.java:logGet(44)) - raft.server.leaderelection.leader.step-down.wait-time = 10s (default)
2021-03-15 13:21:31,296 [pool-40-thread-1] INFO  server.RaftServerConfigKeys (ConfUtils.java:logGet(44)) - raft.server.sleep.deviation.threshold = 300ms (default)
2021-03-15 13:21:31,296 [pool-40-thread-1] INFO  server.RaftServerConfigKeys (ConfUtils.java:logGet(44)) - raft.server.log.appender.install.snapshot.enabled = false (custom)
2021-03-15 13:21:31,296 [pool-40-thread-1] INFO  server.RaftServer$Division (ServerState.java:<init>(105)) - c8823aab-1c49-422a-a51c-c7b83b859fa6@group-6D25ACFECDB7: ConfigurationManager, init=-1: [c8823aab-1c49-422a-a51c-c7b83b859fa6|rpc:172.17.0.2:38877|priority:1], old=null, confs=<EMPTY_MAP>
2021-03-15 13:21:31,296 [pool-40-thread-1] INFO  server.RaftServerConfigKeys (ConfUtils.java:logGet(44)) - raft.server.storage.dir = [/github/workspace/mnt/ozone/hadoop-ozone/integration-test/target/test-dir/MiniOzoneClusterImpl-10170ce6-1bcb-4b6c-85b7-fb1f14fc7e79/datanode-0/data/ratis] (custom)
2021-03-15 13:21:31,296 [pool-40-thread-1] INFO  server.RaftServerConfigKeys (ConfUtils.java:logGet(44)) - raft.server.log.corruption.policy = EXCEPTION (default)
2021-03-15 13:21:31,296 [pool-40-thread-1] INFO  storage.RaftStorageDirectory (RaftStorageDirectoryImpl.java:analyzeStorage(132)) - The storage directory /github/workspace/mnt/ozone/hadoop-ozone/integration-test/target/test-dir/MiniOzoneClusterImpl-10170ce6-1bcb-4b6c-85b7-fb1f14fc7e79/datanode-0/data/ratis/9f1add18-8dc6-4258-8066-6d25acfecdb7 does not exist. Creating ...
2021-03-15 13:21:31,309 [pool-40-thread-1] INFO  storage.RaftStorageDirectory (RaftStorageDirectoryImpl.java:tryLock(215)) - Lock on /github/workspace/mnt/ozone/hadoop-ozone/integration-test/target/test-dir/MiniOzoneClusterImpl-10170ce6-1bcb-4b6c-85b7-fb1f14fc7e79/datanode-0/data/ratis/9f1add18-8dc6-4258-8066-6d25acfecdb7/in_use.lock acquired by nodename 8797@287f2862ff4e
2021-03-15 13:21:31,311 [pool-40-thread-1] INFO  storage.RaftStorage (RaftStorageImpl.java:format(87)) - Storage directory /github/workspace/mnt/ozone/hadoop-ozone/integration-test/target/test-dir/MiniOzoneClusterImpl-10170ce6-1bcb-4b6c-85b7-fb1f14fc7e79/datanode-0/data/ratis/9f1add18-8dc6-4258-8066-6d25acfecdb7 has been successfully formatted.
2021-03-15 13:21:31,325 [pool-40-thread-1] INFO  ratis.ContainerStateMachine (ContainerStateMachine.java:loadSnapshot(223)) - group-6D25ACFECDB7: The snapshot info is null. Setting the last applied indexto:(t:0, i:~)
2021-03-15 13:21:31,326 [pool-40-thread-1] ERROR storage.RaftStorage (RaftStorageImpl.java:readRaftConfiguration(147)) - Failed reading configuration from file:/github/workspace/mnt/ozone/hadoop-ozone/integration-test/target/test-dir/MiniOzoneClusterImpl-10170ce6-1bcb-4b6c-85b7-fb1f14fc7e79/datanode-0/data/ratis/9f1add18-8dc6-4258-8066-6d25acfecdb7/current/raft-meta.conf
java.io.FileNotFoundException: /github/workspace/mnt/ozone/hadoop-ozone/integration-test/target/test-dir/MiniOzoneClusterImpl-10170ce6-1bcb-4b6c-85b7-fb1f14fc7e79/datanode-0/data/ratis/9f1add18-8dc6-4258-8066-6d25acfecdb7/current/raft-meta.conf (No such file or directory)
	at java.io.FileInputStream.open0(Native Method)
	at java.io.FileInputStream.open(FileInputStream.java:195)
	at java.io.FileInputStream.<init>(FileInputStream.java:138)
	at org.apache.ratis.server.storage.RaftStorageImpl.readRaftConfiguration(RaftStorageImpl.java:143)
	at org.apache.ratis.server.impl.ServerState.<init>(ServerState.java:122)
	at org.apache.ratis.server.impl.RaftServerImpl.<init>(RaftServerImpl.java:193)
	at org.apache.ratis.server.impl.RaftServerProxy.lambda$newRaftServerImpl$4(RaftServerProxy.java:266)
	at java.util.concurrent.CompletableFuture$AsyncSupply.run(CompletableFuture.java:1604)
	at java.util.concurrent.ThreadPoolExecutor.runWorker(ThreadPoolExecutor.java:1149)
	at java.util.concurrent.ThreadPoolExecutor$Worker.run(ThreadPoolExecutor.java:624)
	at java.lang.Thread.run(Thread.java:748)
2021-03-15 13:21:31,326 [pool-40-thread-1] INFO  server.RaftServerConfigKeys (ConfUtils.java:logGet(44)) - raft.server.notification.no-leader.timeout = 300000ms (custom)
2021-03-15 13:21:31,326 [pool-40-thread-1] INFO  server.RaftServerConfigKeys (ConfUtils.java:logGet(44)) - raft.server.log.use.memory = false (default)
2021-03-15 13:21:31,326 [pool-40-thread-1] INFO  server.RaftServerConfigKeys (ConfUtils.java:logGet(44)) - raft.server.log.purge.gap = 1000000 (custom)
2021-03-15 13:21:31,326 [pool-40-thread-1] INFO  server.RaftServerConfigKeys (ConfUtils.java:logGet(44)) - raft.server.log.appender.buffer.byte-limit = 33554432 (custom)
2021-03-15 13:21:31,327 [pool-40-thread-1] INFO  metrics.RatisMetrics (RatisMetrics.java:lambda$create$0(36)) - Creating Metrics Registry : ratis.log_worker.c8823aab-1c49-422a-a51c-c7b83b859fa6@group-6D25ACFECDB7
2021-03-15 13:21:31,327 [pool-40-thread-1] INFO  server.RaftServerConfigKeys (ConfUtils.java:logGet(44)) - raft.server.log.segment.size.max = 1048576 (custom)
2021-03-15 13:21:31,333 [pool-40-thread-1] INFO  server.RaftServerConfigKeys (ConfUtils.java:logGet(44)) - raft.server.log.segment.cache.num.max = 2 (custom)
2021-03-15 13:21:31,333 [pool-40-thread-1] INFO  server.RaftServerConfigKeys (ConfUtils.java:logGet(44)) - raft.server.log.segment.cache.size.max = 200MB (=209715200) (default)
2021-03-15 13:21:31,333 [pool-40-thread-1] INFO  segmented.SegmentedRaftLogWorker (SegmentedRaftLogWorker.java:<init>(181)) - new c8823aab-1c49-422a-a51c-c7b83b859fa6@group-6D25ACFECDB7-SegmentedRaftLogWorker for RaftStorageImpl:Storage Directory /github/workspace/mnt/ozone/hadoop-ozone/integration-test/target/test-dir/MiniOzoneClusterImpl-10170ce6-1bcb-4b6c-85b7-fb1f14fc7e79/datanode-0/data/ratis/9f1add18-8dc6-4258-8066-6d25acfecdb7
2021-03-15 13:21:31,334 [pool-40-thread-1] INFO  server.RaftServerConfigKeys (ConfUtils.java:logGet(44)) - raft.server.log.queue.byte-limit = 2147483647 (custom)
2021-03-15 13:21:31,334 [pool-40-thread-1] INFO  server.RaftServerConfigKeys (ConfUtils.java:logGet(44)) - raft.server.log.queue.element-limit = 1024 (custom)
2021-03-15 13:21:31,334 [pool-40-thread-1] INFO  server.RaftServerConfigKeys (ConfUtils.java:logGet(44)) - raft.server.log.segment.size.max = 1048576 (custom)
2021-03-15 13:21:31,337 [pool-40-thread-1] INFO  server.RaftServerConfigKeys (ConfUtils.java:logGet(44)) - raft.server.log.preallocated.size = 16384 (custom)
2021-03-15 13:21:31,337 [pool-40-thread-1] INFO  server.RaftServerConfigKeys (ConfUtils.java:logGet(44)) - raft.server.log.force.sync.num = 128 (default)
2021-03-15 13:21:31,337 [pool-40-thread-1] INFO  server.RaftServerConfigKeys (ConfUtils.java:logGet(44)) - raft.server.log.statemachine.data.sync = true (default)
2021-03-15 13:21:31,337 [pool-40-thread-1] INFO  server.RaftServerConfigKeys (ConfUtils.java:logGet(44)) - raft.server.log.statemachine.data.sync.timeout = 10s (default)
2021-03-15 13:21:31,337 [pool-40-thread-1] INFO  server.RaftServerConfigKeys (ConfUtils.java:logGet(44)) - raft.server.log.statemachine.data.sync.timeout.retry = -1 (default)
2021-03-15 13:21:31,340 [pool-40-thread-1] INFO  server.RaftServerConfigKeys (ConfUtils.java:logGet(44)) - raft.server.log.write.buffer.size = 1048576 (custom)
2021-03-15 13:21:31,346 [EventQueue-PipelineReportForOneReplicaPipelineSafeModeRule] INFO  safemode.SCMSafeModeManager (SCMSafeModeManager.java:validateSafeModeExitRules(214)) - AtleastOneDatanodeReportedRule rule is successfully validated
2021-03-15 13:21:31,346 [EventQueue-PipelineReportForPipelineReportHandler] INFO  pipeline.PipelineStateManager (PipelineStateManager.java:openPipeline(132)) - Pipeline Pipeline[ Id: 9f1add18-8dc6-4258-8066-6d25acfecdb7, Nodes: c8823aab-1c49-422a-a51c-c7b83b859fa6{ip: 172.17.0.2, host: 287f2862ff4e, ports: [REPLICATION=46731, RATIS=38877, RATIS_ADMIN=38877, RATIS_SERVER=38877, STANDALONE=44487], networkLocation: /default-rack, certSerialId: null, persistedOpState: IN_SERVICE, persistedOpStateExpiryEpochSec: 0}, Type:RATIS, Factor:ONE, State:ALLOCATED, leaderId:c8823aab-1c49-422a-a51c-c7b83b859fa6, CreationTimestamp2021-03-15T13:21:28.321Z] moved to OPEN state
2021-03-15 13:21:31,346 [pool-40-thread-1] INFO  server.RaftServerConfigKeys (ConfUtils.java:logGet(44)) - raft.server.log.statemachine.data.caching.enabled = true (custom)
2021-03-15 13:21:31,347 [pool-40-thread-1] INFO  segmented.SegmentedRaftLogWorker (SegmentedRaftLogWorker.java:lambda$new$0(132)) - c8823aab-1c49-422a-a51c-c7b83b859fa6@group-6D25ACFECDB7-SegmentedRaftLogWorker: flushIndex: setUnconditionally 0 -> -1
2021-03-15 13:21:31,347 [pool-40-thread-1] INFO  segmented.SegmentedRaftLogWorker (SegmentedRaftLogWorker.java:lambda$new$0(132)) - c8823aab-1c49-422a-a51c-c7b83b859fa6@group-6D25ACFECDB7-SegmentedRaftLogWorker: safeCacheEvictIndex: setUnconditionally 0 -> -1
2021-03-15 13:21:31,350 [EventQueue-OpenPipelineForHealthyPipelineSafeModeRule] INFO  safemode.SCMSafeModeManager (HealthyPipelineSafeModeRule.java:process(128)) - SCM in safe mode. Healthy pipelines reported count is 0, required healthy pipeline reported count is 1
2021-03-15 13:21:31,350 [pool-40-thread-1] INFO  server.RaftServerConfigKeys (ConfUtils.java:logGet(44)) - raft.server.snapshot.auto.trigger.enabled = true (custom)
2021-03-15 13:21:31,350 [pool-40-thread-1] INFO  server.RaftServerConfigKeys (ConfUtils.java:logGet(44)) - raft.server.snapshot.auto.trigger.threshold = 10000 (custom)
2021-03-15 13:21:31,351 [pool-40-thread-1] INFO  server.RaftServerConfigKeys (ConfUtils.java:logGet(44)) - raft.server.snapshot.retention.file.num = 5 (custom)
2021-03-15 13:21:31,351 [pool-40-thread-1] INFO  server.RaftServerConfigKeys (ConfUtils.java:logGet(44)) - raft.server.log.purge.upto.snapshot.index = false (default)
2021-03-15 13:21:31,351 [pool-40-thread-1] INFO  server.RaftServerConfigKeys (ConfUtils.java:logGet(44)) - raft.server.retrycache.expirytime = 600000ms (custom)
2021-03-15 13:21:31,351 [pool-40-thread-1] INFO  server.RaftServerConfigKeys (ConfUtils.java:logGet(44)) - raft.server.retrycache.statistics.expirytime = 100?s (default)
2021-03-15 13:21:31,351 [pool-40-thread-1] INFO  metrics.RatisMetrics (RatisMetrics.java:lambda$create$0(36)) - Creating Metrics Registry : ratis.leader_election.c8823aab-1c49-422a-a51c-c7b83b859fa6@group-6D25ACFECDB7
2021-03-15 13:21:31,352 [pool-40-thread-1] INFO  metrics.RatisMetrics (RatisMetrics.java:lambda$create$0(36)) - Creating Metrics Registry : ratis.server.c8823aab-1c49-422a-a51c-c7b83b859fa6@group-6D25ACFECDB7
2021-03-15 13:21:31,354 [pool-40-thread-1] INFO  server.RaftServer$Division (RaftServerImpl.java:start(295)) - c8823aab-1c49-422a-a51c-c7b83b859fa6@group-6D25ACFECDB7: start as a follower, conf=-1: [c8823aab-1c49-422a-a51c-c7b83b859fa6|rpc:172.17.0.2:38877|priority:1], old=null
2021-03-15 13:21:31,354 [pool-40-thread-1] INFO  server.RaftServer$Division (RaftServerImpl.java:setRole(284)) - c8823aab-1c49-422a-a51c-c7b83b859fa6@group-6D25ACFECDB7: changes role from      null to FOLLOWER at term 0 for startAsFollower
2021-03-15 13:21:31,355 [pool-40-thread-1] INFO  impl.RoleInfo (RoleInfo.java:updateAndGet(130)) - c8823aab-1c49-422a-a51c-c7b83b859fa6: start c8823aab-1c49-422a-a51c-c7b83b859fa6@group-6D25ACFECDB7-FollowerState
2021-03-15 13:21:31,355 [pool-40-thread-1] INFO  util.JmxRegister (JmxRegister.java:tryRegister(44)) - Successfully registered JMX Bean with object name Ratis:service=RaftServer,group=group-6D25ACFECDB7,id=c8823aab-1c49-422a-a51c-c7b83b859fa6
2021-03-15 13:21:31,355 [pool-40-thread-1] INFO  metrics.RatisMetrics (RatisMetrics.java:lambda$create$0(36)) - Creating Metrics Registry : ratis.state_machine.c8823aab-1c49-422a-a51c-c7b83b859fa6@group-6D25ACFECDB7
2021-03-15 13:21:31,531 [org.apache.ratis.util.JvmPauseMonitor$$Lambda$504/75164635@38871a6c] WARN  util.JvmPauseMonitor (JvmPauseMonitor.java:detectPause(124)) - JvmPauseMonitor-om1: Detected pause in JVM or host machine (eg GC): pause of approximately 155082408ns

GC pool 'PS MarkSweep' had collection(s): count=1 time=140ms
GC pool 'PS Scavenge' had collection(s): count=1 time=24ms
2021-03-15 13:21:31,531 [org.apache.ratis.util.JvmPauseMonitor$$Lambda$504/75164635@1d085d75] WARN  util.JvmPauseMonitor (JvmPauseMonitor.java:detectPause(124)) - JvmPauseMonitor-c8823aab-1c49-422a-a51c-c7b83b859fa6: Detected pause in JVM or host machine (eg GC): pause of approximately 158330359ns

GC pool 'PS MarkSweep' had collection(s): count=1 time=140ms
GC pool 'PS Scavenge' had collection(s): count=1 time=24ms
2021-03-15 13:21:31,538 [Command processor thread] INFO  commandhandler.CreatePipelineCommandHandler (CreatePipelineCommandHandler.java:handle(106)) - Created Pipeline RATIS ONE PipelineID=9f1add18-8dc6-4258-8066-6d25acfecdb7.
2021-03-15 13:21:31,539 [Command processor thread] INFO  server.RaftServer (RaftServerProxy.java:addNew(95)) - c8823aab-1c49-422a-a51c-c7b83b859fa6: addNew group-7426FA8FAC29:[29adc670-2c1e-4c6c-9558-1601f864128b|rpc:172.17.0.2:37315|priority:1, 2bcf9514-6eaf-4328-a021-870a209d39c4|rpc:172.17.0.2:43919|priority:0, c8823aab-1c49-422a-a51c-c7b83b859fa6|rpc:172.17.0.2:38877|priority:0] returns group-7426FA8FAC29:java.util.concurrent.CompletableFuture@673f5899[Not completed]
2021-03-15 13:21:31,540 [pool-40-thread-1] INFO  server.RaftServer$Division (RaftServerImpl.java:<init>(180)) - c8823aab-1c49-422a-a51c-c7b83b859fa6: new RaftServerImpl for group-7426FA8FAC29:[29adc670-2c1e-4c6c-9558-1601f864128b|rpc:172.17.0.2:37315|priority:1, 2bcf9514-6eaf-4328-a021-870a209d39c4|rpc:172.17.0.2:43919|priority:0, c8823aab-1c49-422a-a51c-c7b83b859fa6|rpc:172.17.0.2:38877|priority:0] with ContainerStateMachine:uninitialized
2021-03-15 13:21:31,542 [pool-40-thread-1] INFO  server.RaftServerConfigKeys (ConfUtils.java:logGet(44)) - raft.server.rpc.timeout.min = 5s (custom)
2021-03-15 13:21:31,543 [pool-40-thread-1] INFO  server.RaftServerConfigKeys (ConfUtils.java:logGet(44)) - raft.server.rpc.timeout.max = 5200ms (custom)
2021-03-15 13:21:31,543 [pool-40-thread-1] INFO  server.RaftServerConfigKeys (ConfUtils.java:logGet(44)) - raft.server.rpc.sleep.time = 25ms (default)
2021-03-15 13:21:31,543 [pool-40-thread-1] INFO  server.RaftServerConfigKeys (ConfUtils.java:logGet(44)) - raft.server.rpc.slowness.timeout = 300000ms (custom)
2021-03-15 13:21:31,543 [pool-40-thread-1] INFO  server.RaftServerConfigKeys (ConfUtils.java:logGet(44)) - raft.server.leaderelection.leader.step-down.wait-time = 10s (default)
2021-03-15 13:21:31,543 [pool-40-thread-1] INFO  server.RaftServerConfigKeys (ConfUtils.java:logGet(44)) - raft.server.sleep.deviation.threshold = 300ms (default)
2021-03-15 13:21:31,544 [pool-40-thread-1] INFO  server.RaftServerConfigKeys (ConfUtils.java:logGet(44)) - raft.server.log.appender.install.snapshot.enabled = false (custom)
2021-03-15 13:21:31,544 [pool-40-thread-1] INFO  server.RaftServer$Division (ServerState.java:<init>(105)) - c8823aab-1c49-422a-a51c-c7b83b859fa6@group-7426FA8FAC29: ConfigurationManager, init=-1: [29adc670-2c1e-4c6c-9558-1601f864128b|rpc:172.17.0.2:37315|priority:1, 2bcf9514-6eaf-4328-a021-870a209d39c4|rpc:172.17.0.2:43919|priority:0, c8823aab-1c49-422a-a51c-c7b83b859fa6|rpc:172.17.0.2:38877|priority:0], old=null, confs=<EMPTY_MAP>
2021-03-15 13:21:31,544 [pool-40-thread-1] INFO  server.RaftServerConfigKeys (ConfUtils.java:logGet(44)) - raft.server.storage.dir = [/github/workspace/mnt/ozone/hadoop-ozone/integration-test/target/test-dir/MiniOzoneClusterImpl-10170ce6-1bcb-4b6c-85b7-fb1f14fc7e79/datanode-0/data/ratis] (custom)
2021-03-15 13:21:31,544 [pool-40-thread-1] INFO  server.RaftServerConfigKeys (ConfUtils.java:logGet(44)) - raft.server.log.corruption.policy = EXCEPTION (default)
2021-03-15 13:21:31,550 [pool-40-thread-1] INFO  storage.RaftStorageDirectory (RaftStorageDirectoryImpl.java:analyzeStorage(132)) - The storage directory /github/workspace/mnt/ozone/hadoop-ozone/integration-test/target/test-dir/MiniOzoneClusterImpl-10170ce6-1bcb-4b6c-85b7-fb1f14fc7e79/datanode-0/data/ratis/ac74313d-67a1-459f-9117-7426fa8fac29 does not exist. Creating ...
2021-03-15 13:21:31,552 [pool-40-thread-1] INFO  storage.RaftStorageDirectory (RaftStorageDirectoryImpl.java:tryLock(215)) - Lock on /github/workspace/mnt/ozone/hadoop-ozone/integration-test/target/test-dir/MiniOzoneClusterImpl-10170ce6-1bcb-4b6c-85b7-fb1f14fc7e79/datanode-0/data/ratis/ac74313d-67a1-459f-9117-7426fa8fac29/in_use.lock acquired by nodename 8797@287f2862ff4e
2021-03-15 13:21:31,554 [pool-40-thread-1] INFO  storage.RaftStorage (RaftStorageImpl.java:format(87)) - Storage directory /github/workspace/mnt/ozone/hadoop-ozone/integration-test/target/test-dir/MiniOzoneClusterImpl-10170ce6-1bcb-4b6c-85b7-fb1f14fc7e79/datanode-0/data/ratis/ac74313d-67a1-459f-9117-7426fa8fac29 has been successfully formatted.
2021-03-15 13:21:31,555 [pool-40-thread-1] INFO  ratis.ContainerStateMachine (ContainerStateMachine.java:loadSnapshot(223)) - group-7426FA8FAC29: The snapshot info is null. Setting the last applied indexto:(t:0, i:~)
2021-03-15 13:21:31,555 [pool-40-thread-1] ERROR storage.RaftStorage (RaftStorageImpl.java:readRaftConfiguration(147)) - Failed reading configuration from file:/github/workspace/mnt/ozone/hadoop-ozone/integration-test/target/test-dir/MiniOzoneClusterImpl-10170ce6-1bcb-4b6c-85b7-fb1f14fc7e79/datanode-0/data/ratis/ac74313d-67a1-459f-9117-7426fa8fac29/current/raft-meta.conf
java.io.FileNotFoundException: /github/workspace/mnt/ozone/hadoop-ozone/integration-test/target/test-dir/MiniOzoneClusterImpl-10170ce6-1bcb-4b6c-85b7-fb1f14fc7e79/datanode-0/data/ratis/ac74313d-67a1-459f-9117-7426fa8fac29/current/raft-meta.conf (No such file or directory)
	at java.io.FileInputStream.open0(Native Method)
	at java.io.FileInputStream.open(FileInputStream.java:195)
	at java.io.FileInputStream.<init>(FileInputStream.java:138)
	at org.apache.ratis.server.storage.RaftStorageImpl.readRaftConfiguration(RaftStorageImpl.java:143)
	at org.apache.ratis.server.impl.ServerState.<init>(ServerState.java:122)
	at org.apache.ratis.server.impl.RaftServerImpl.<init>(RaftServerImpl.java:193)
	at org.apache.ratis.server.impl.RaftServerProxy.lambda$newRaftServerImpl$4(RaftServerProxy.java:266)
	at java.util.concurrent.CompletableFuture$AsyncSupply.run(CompletableFuture.java:1604)
	at java.util.concurrent.ThreadPoolExecutor.runWorker(ThreadPoolExecutor.java:1149)
	at java.util.concurrent.ThreadPoolExecutor$Worker.run(ThreadPoolExecutor.java:624)
	at java.lang.Thread.run(Thread.java:748)
2021-03-15 13:21:31,555 [pool-40-thread-1] INFO  server.RaftServerConfigKeys (ConfUtils.java:logGet(44)) - raft.server.notification.no-leader.timeout = 300000ms (custom)
2021-03-15 13:21:31,555 [pool-40-thread-1] INFO  server.RaftServerConfigKeys (ConfUtils.java:logGet(44)) - raft.server.log.use.memory = false (default)
2021-03-15 13:21:31,556 [pool-40-thread-1] INFO  server.RaftServerConfigKeys (ConfUtils.java:logGet(44)) - raft.server.log.purge.gap = 1000000 (custom)
2021-03-15 13:21:31,556 [pool-40-thread-1] INFO  server.RaftServerConfigKeys (ConfUtils.java:logGet(44)) - raft.server.log.appender.buffer.byte-limit = 33554432 (custom)
2021-03-15 13:21:31,556 [pool-40-thread-1] INFO  metrics.RatisMetrics (RatisMetrics.java:lambda$create$0(36)) - Creating Metrics Registry : ratis.log_worker.c8823aab-1c49-422a-a51c-c7b83b859fa6@group-7426FA8FAC29
2021-03-15 13:21:31,561 [EventQueue-PipelineReportForOneReplicaPipelineSafeModeRule] INFO  safemode.SCMSafeModeManager (SCMSafeModeManager.java:validateSafeModeExitRules(214)) - AtleastOneDatanodeReportedRule rule is successfully validated
2021-03-15 13:21:31,561 [EventQueue-OpenPipelineForHealthyPipelineSafeModeRule] INFO  safemode.SCMSafeModeManager (HealthyPipelineSafeModeRule.java:process(128)) - SCM in safe mode. Healthy pipelines reported count is 0, required healthy pipeline reported count is 1
2021-03-15 13:21:31,563 [pool-40-thread-1] INFO  server.RaftServerConfigKeys (ConfUtils.java:logGet(44)) - raft.server.log.segment.size.max = 1048576 (custom)
2021-03-15 13:21:31,565 [pool-40-thread-1] INFO  server.RaftServerConfigKeys (ConfUtils.java:logGet(44)) - raft.server.log.segment.cache.num.max = 2 (custom)
2021-03-15 13:21:31,565 [pool-40-thread-1] INFO  server.RaftServerConfigKeys (ConfUtils.java:logGet(44)) - raft.server.log.segment.cache.size.max = 200MB (=209715200) (default)
2021-03-15 13:21:31,565 [pool-40-thread-1] INFO  segmented.SegmentedRaftLogWorker (SegmentedRaftLogWorker.java:<init>(181)) - new c8823aab-1c49-422a-a51c-c7b83b859fa6@group-7426FA8FAC29-SegmentedRaftLogWorker for RaftStorageImpl:Storage Directory /github/workspace/mnt/ozone/hadoop-ozone/integration-test/target/test-dir/MiniOzoneClusterImpl-10170ce6-1bcb-4b6c-85b7-fb1f14fc7e79/datanode-0/data/ratis/ac74313d-67a1-459f-9117-7426fa8fac29
2021-03-15 13:21:31,565 [pool-40-thread-1] INFO  server.RaftServerConfigKeys (ConfUtils.java:logGet(44)) - raft.server.log.queue.byte-limit = 2147483647 (custom)
2021-03-15 13:21:31,565 [pool-40-thread-1] INFO  server.RaftServerConfigKeys (ConfUtils.java:logGet(44)) - raft.server.log.queue.element-limit = 1024 (custom)
2021-03-15 13:21:31,565 [pool-40-thread-1] INFO  server.RaftServerConfigKeys (ConfUtils.java:logGet(44)) - raft.server.log.segment.size.max = 1048576 (custom)
2021-03-15 13:21:31,565 [pool-40-thread-1] INFO  server.RaftServerConfigKeys (ConfUtils.java:logGet(44)) - raft.server.log.preallocated.size = 16384 (custom)
2021-03-15 13:21:31,565 [pool-40-thread-1] INFO  server.RaftServerConfigKeys (ConfUtils.java:logGet(44)) - raft.server.log.force.sync.num = 128 (default)
2021-03-15 13:21:31,565 [pool-40-thread-1] INFO  server.RaftServerConfigKeys (ConfUtils.java:logGet(44)) - raft.server.log.statemachine.data.sync = true (default)
2021-03-15 13:21:31,566 [pool-40-thread-1] INFO  server.RaftServerConfigKeys (ConfUtils.java:logGet(44)) - raft.server.log.statemachine.data.sync.timeout = 10s (default)
2021-03-15 13:21:31,566 [pool-40-thread-1] INFO  server.RaftServerConfigKeys (ConfUtils.java:logGet(44)) - raft.server.log.statemachine.data.sync.timeout.retry = -1 (default)
2021-03-15 13:21:31,568 [pool-40-thread-1] INFO  server.RaftServerConfigKeys (ConfUtils.java:logGet(44)) - raft.server.log.write.buffer.size = 1048576 (custom)
2021-03-15 13:21:31,575 [pool-40-thread-1] INFO  server.RaftServerConfigKeys (ConfUtils.java:logGet(44)) - raft.server.log.statemachine.data.caching.enabled = true (custom)
2021-03-15 13:21:31,577 [pool-40-thread-1] INFO  segmented.SegmentedRaftLogWorker (SegmentedRaftLogWorker.java:lambda$new$0(132)) - c8823aab-1c49-422a-a51c-c7b83b859fa6@group-7426FA8FAC29-SegmentedRaftLogWorker: flushIndex: setUnconditionally 0 -> -1
2021-03-15 13:21:31,577 [pool-40-thread-1] INFO  segmented.SegmentedRaftLogWorker (SegmentedRaftLogWorker.java:lambda$new$0(132)) - c8823aab-1c49-422a-a51c-c7b83b859fa6@group-7426FA8FAC29-SegmentedRaftLogWorker: safeCacheEvictIndex: setUnconditionally 0 -> -1
2021-03-15 13:21:31,580 [pool-40-thread-1] INFO  server.RaftServerConfigKeys (ConfUtils.java:logGet(44)) - raft.server.snapshot.auto.trigger.enabled = true (custom)
2021-03-15 13:21:31,580 [pool-40-thread-1] INFO  server.RaftServerConfigKeys (ConfUtils.java:logGet(44)) - raft.server.snapshot.auto.trigger.threshold = 10000 (custom)
2021-03-15 13:21:31,580 [pool-40-thread-1] INFO  server.RaftServerConfigKeys (ConfUtils.java:logGet(44)) - raft.server.snapshot.retention.file.num = 5 (custom)
2021-03-15 13:21:31,580 [pool-40-thread-1] INFO  server.RaftServerConfigKeys (ConfUtils.java:logGet(44)) - raft.server.log.purge.upto.snapshot.index = false (default)
2021-03-15 13:21:31,580 [pool-40-thread-1] INFO  server.RaftServerConfigKeys (ConfUtils.java:logGet(44)) - raft.server.retrycache.expirytime = 600000ms (custom)
2021-03-15 13:21:31,580 [pool-40-thread-1] INFO  server.RaftServerConfigKeys (ConfUtils.java:logGet(44)) - raft.server.retrycache.statistics.expirytime = 100?s (default)
2021-03-15 13:21:31,581 [pool-40-thread-1] INFO  metrics.RatisMetrics (RatisMetrics.java:lambda$create$0(36)) - Creating Metrics Registry : ratis.leader_election.c8823aab-1c49-422a-a51c-c7b83b859fa6@group-7426FA8FAC29
2021-03-15 13:21:31,582 [pool-40-thread-1] INFO  metrics.RatisMetrics (RatisMetrics.java:lambda$create$0(36)) - Creating Metrics Registry : ratis.server.c8823aab-1c49-422a-a51c-c7b83b859fa6@group-7426FA8FAC29
2021-03-15 13:21:31,584 [pool-40-thread-1] INFO  server.RaftServer$Division (RaftServerImpl.java:start(295)) - c8823aab-1c49-422a-a51c-c7b83b859fa6@group-7426FA8FAC29: start as a follower, conf=-1: [29adc670-2c1e-4c6c-9558-1601f864128b|rpc:172.17.0.2:37315|priority:1, 2bcf9514-6eaf-4328-a021-870a209d39c4|rpc:172.17.0.2:43919|priority:0, c8823aab-1c49-422a-a51c-c7b83b859fa6|rpc:172.17.0.2:38877|priority:0], old=null
2021-03-15 13:21:31,584 [pool-40-thread-1] INFO  server.RaftServer$Division (RaftServerImpl.java:setRole(284)) - c8823aab-1c49-422a-a51c-c7b83b859fa6@group-7426FA8FAC29: changes role from      null to FOLLOWER at term 0 for startAsFollower
2021-03-15 13:21:31,584 [pool-40-thread-1] INFO  impl.RoleInfo (RoleInfo.java:updateAndGet(130)) - c8823aab-1c49-422a-a51c-c7b83b859fa6: start c8823aab-1c49-422a-a51c-c7b83b859fa6@group-7426FA8FAC29-FollowerState
2021-03-15 13:21:31,585 [pool-40-thread-1] INFO  util.JmxRegister (JmxRegister.java:tryRegister(44)) - Successfully registered JMX Bean with object name Ratis:service=RaftServer,group=group-7426FA8FAC29,id=c8823aab-1c49-422a-a51c-c7b83b859fa6
2021-03-15 13:21:31,585 [pool-40-thread-1] INFO  metrics.RatisMetrics (RatisMetrics.java:lambda$create$0(36)) - Creating Metrics Registry : ratis.state_machine.c8823aab-1c49-422a-a51c-c7b83b859fa6@group-7426FA8FAC29
2021-03-15 13:21:31,623 [Command processor thread] INFO  metrics.RatisMetrics (RatisMetrics.java:lambda$create$0(36)) - Creating Metrics Registry : ratis.client_message_metrics.client-4AF948685AB0->29adc670-2c1e-4c6c-9558-1601f864128b
2021-03-15 13:21:31,687 [Command processor thread] INFO  server.RaftServer (RaftServerProxy.java:addNew(95)) - 29adc670-2c1e-4c6c-9558-1601f864128b: addNew group-20F16FCD1309:[29adc670-2c1e-4c6c-9558-1601f864128b|rpc:172.17.0.2:37315|priority:1] returns group-20F16FCD1309:java.util.concurrent.CompletableFuture@47aa1206[Not completed]
2021-03-15 13:21:31,704 [pool-55-thread-1] INFO  server.RaftServer$Division (RaftServerImpl.java:<init>(180)) - 29adc670-2c1e-4c6c-9558-1601f864128b: new RaftServerImpl for group-20F16FCD1309:[29adc670-2c1e-4c6c-9558-1601f864128b|rpc:172.17.0.2:37315|priority:1] with ContainerStateMachine:uninitialized
2021-03-15 13:21:31,706 [pool-55-thread-1] INFO  server.RaftServerConfigKeys (ConfUtils.java:logGet(44)) - raft.server.rpc.timeout.min = 5s (custom)
2021-03-15 13:21:31,706 [pool-55-thread-1] INFO  server.RaftServerConfigKeys (ConfUtils.java:logGet(44)) - raft.server.rpc.timeout.max = 5200ms (custom)
2021-03-15 13:21:31,706 [pool-55-thread-1] INFO  server.RaftServerConfigKeys (ConfUtils.java:logGet(44)) - raft.server.rpc.sleep.time = 25ms (default)
2021-03-15 13:21:31,706 [pool-55-thread-1] INFO  server.RaftServerConfigKeys (ConfUtils.java:logGet(44)) - raft.server.rpc.slowness.timeout = 300000ms (custom)
2021-03-15 13:21:31,707 [pool-55-thread-1] INFO  server.RaftServerConfigKeys (ConfUtils.java:logGet(44)) - raft.server.leaderelection.leader.step-down.wait-time = 10s (default)
2021-03-15 13:21:31,707 [pool-55-thread-1] INFO  server.RaftServerConfigKeys (ConfUtils.java:logGet(44)) - raft.server.sleep.deviation.threshold = 300ms (default)
2021-03-15 13:21:31,707 [pool-55-thread-1] INFO  server.RaftServerConfigKeys (ConfUtils.java:logGet(44)) - raft.server.log.appender.install.snapshot.enabled = false (custom)
2021-03-15 13:21:31,707 [pool-55-thread-1] INFO  server.RaftServer$Division (ServerState.java:<init>(105)) - 29adc670-2c1e-4c6c-9558-1601f864128b@group-20F16FCD1309: ConfigurationManager, init=-1: [29adc670-2c1e-4c6c-9558-1601f864128b|rpc:172.17.0.2:37315|priority:1], old=null, confs=<EMPTY_MAP>
2021-03-15 13:21:31,707 [pool-55-thread-1] INFO  server.RaftServerConfigKeys (ConfUtils.java:logGet(44)) - raft.server.storage.dir = [/github/workspace/mnt/ozone/hadoop-ozone/integration-test/target/test-dir/MiniOzoneClusterImpl-10170ce6-1bcb-4b6c-85b7-fb1f14fc7e79/datanode-1/data/ratis] (custom)
2021-03-15 13:21:31,708 [pool-55-thread-1] INFO  server.RaftServerConfigKeys (ConfUtils.java:logGet(44)) - raft.server.log.corruption.policy = EXCEPTION (default)
2021-03-15 13:21:31,708 [pool-55-thread-1] INFO  storage.RaftStorageDirectory (RaftStorageDirectoryImpl.java:analyzeStorage(132)) - The storage directory /github/workspace/mnt/ozone/hadoop-ozone/integration-test/target/test-dir/MiniOzoneClusterImpl-10170ce6-1bcb-4b6c-85b7-fb1f14fc7e79/datanode-1/data/ratis/80380c97-8ba5-4cfd-9967-20f16fcd1309 does not exist. Creating ...
2021-03-15 13:21:31,711 [pool-55-thread-1] INFO  storage.RaftStorageDirectory (RaftStorageDirectoryImpl.java:tryLock(215)) - Lock on /github/workspace/mnt/ozone/hadoop-ozone/integration-test/target/test-dir/MiniOzoneClusterImpl-10170ce6-1bcb-4b6c-85b7-fb1f14fc7e79/datanode-1/data/ratis/80380c97-8ba5-4cfd-9967-20f16fcd1309/in_use.lock acquired by nodename 8797@287f2862ff4e
2021-03-15 13:21:31,717 [pool-55-thread-1] INFO  storage.RaftStorage (RaftStorageImpl.java:format(87)) - Storage directory /github/workspace/mnt/ozone/hadoop-ozone/integration-test/target/test-dir/MiniOzoneClusterImpl-10170ce6-1bcb-4b6c-85b7-fb1f14fc7e79/datanode-1/data/ratis/80380c97-8ba5-4cfd-9967-20f16fcd1309 has been successfully formatted.
2021-03-15 13:21:31,718 [pool-55-thread-1] INFO  ratis.ContainerStateMachine (ContainerStateMachine.java:loadSnapshot(223)) - group-20F16FCD1309: The snapshot info is null. Setting the last applied indexto:(t:0, i:~)
2021-03-15 13:21:31,719 [pool-55-thread-1] ERROR storage.RaftStorage (RaftStorageImpl.java:readRaftConfiguration(147)) - Failed reading configuration from file:/github/workspace/mnt/ozone/hadoop-ozone/integration-test/target/test-dir/MiniOzoneClusterImpl-10170ce6-1bcb-4b6c-85b7-fb1f14fc7e79/datanode-1/data/ratis/80380c97-8ba5-4cfd-9967-20f16fcd1309/current/raft-meta.conf
java.io.FileNotFoundException: /github/workspace/mnt/ozone/hadoop-ozone/integration-test/target/test-dir/MiniOzoneClusterImpl-10170ce6-1bcb-4b6c-85b7-fb1f14fc7e79/datanode-1/data/ratis/80380c97-8ba5-4cfd-9967-20f16fcd1309/current/raft-meta.conf (No such file or directory)
	at java.io.FileInputStream.open0(Native Method)
	at java.io.FileInputStream.open(FileInputStream.java:195)
	at java.io.FileInputStream.<init>(FileInputStream.java:138)
	at org.apache.ratis.server.storage.RaftStorageImpl.readRaftConfiguration(RaftStorageImpl.java:143)
	at org.apache.ratis.server.impl.ServerState.<init>(ServerState.java:122)
	at org.apache.ratis.server.impl.RaftServerImpl.<init>(RaftServerImpl.java:193)
	at org.apache.ratis.server.impl.RaftServerProxy.lambda$newRaftServerImpl$4(RaftServerProxy.java:266)
	at java.util.concurrent.CompletableFuture$AsyncSupply.run(CompletableFuture.java:1604)
	at java.util.concurrent.ThreadPoolExecutor.runWorker(ThreadPoolExecutor.java:1149)
	at java.util.concurrent.ThreadPoolExecutor$Worker.run(ThreadPoolExecutor.java:624)
	at java.lang.Thread.run(Thread.java:748)
2021-03-15 13:21:31,719 [pool-55-thread-1] INFO  server.RaftServerConfigKeys (ConfUtils.java:logGet(44)) - raft.server.notification.no-leader.timeout = 300000ms (custom)
2021-03-15 13:21:31,719 [pool-55-thread-1] INFO  server.RaftServerConfigKeys (ConfUtils.java:logGet(44)) - raft.server.log.use.memory = false (default)
2021-03-15 13:21:31,719 [pool-55-thread-1] INFO  server.RaftServerConfigKeys (ConfUtils.java:logGet(44)) - raft.server.log.purge.gap = 1000000 (custom)
2021-03-15 13:21:31,720 [pool-55-thread-1] INFO  server.RaftServerConfigKeys (ConfUtils.java:logGet(44)) - raft.server.log.appender.buffer.byte-limit = 33554432 (custom)
2021-03-15 13:21:31,720 [pool-55-thread-1] INFO  metrics.RatisMetrics (RatisMetrics.java:lambda$create$0(36)) - Creating Metrics Registry : ratis.log_worker.29adc670-2c1e-4c6c-9558-1601f864128b@group-20F16FCD1309
2021-03-15 13:21:31,721 [EventQueue-PipelineReportForOneReplicaPipelineSafeModeRule] INFO  safemode.SCMSafeModeManager (SCMSafeModeManager.java:validateSafeModeExitRules(214)) - AtleastOneDatanodeReportedRule rule is successfully validated
2021-03-15 13:21:31,722 [EventQueue-PipelineReportForPipelineReportHandler] INFO  pipeline.PipelineStateManager (PipelineStateManager.java:openPipeline(132)) - Pipeline Pipeline[ Id: 80380c97-8ba5-4cfd-9967-20f16fcd1309, Nodes: 29adc670-2c1e-4c6c-9558-1601f864128b{ip: 172.17.0.2, host: 287f2862ff4e, ports: [REPLICATION=36101, RATIS=37315, RATIS_ADMIN=37315, RATIS_SERVER=37315, STANDALONE=46417], networkLocation: /default-rack, certSerialId: null, persistedOpState: IN_SERVICE, persistedOpStateExpiryEpochSec: 0}, Type:RATIS, Factor:ONE, State:ALLOCATED, leaderId:29adc670-2c1e-4c6c-9558-1601f864128b, CreationTimestamp2021-03-15T13:21:28.693Z] moved to OPEN state
2021-03-15 13:21:31,722 [EventQueue-OpenPipelineForHealthyPipelineSafeModeRule] INFO  safemode.SCMSafeModeManager (HealthyPipelineSafeModeRule.java:process(128)) - SCM in safe mode. Healthy pipelines reported count is 0, required healthy pipeline reported count is 1
2021-03-15 13:21:31,723 [pool-55-thread-1] INFO  server.RaftServerConfigKeys (ConfUtils.java:logGet(44)) - raft.server.log.segment.size.max = 1048576 (custom)
2021-03-15 13:21:31,724 [pool-55-thread-1] INFO  server.RaftServerConfigKeys (ConfUtils.java:logGet(44)) - raft.server.log.segment.cache.num.max = 2 (custom)
2021-03-15 13:21:31,724 [pool-55-thread-1] INFO  server.RaftServerConfigKeys (ConfUtils.java:logGet(44)) - raft.server.log.segment.cache.size.max = 200MB (=209715200) (default)
2021-03-15 13:21:31,724 [pool-55-thread-1] INFO  segmented.SegmentedRaftLogWorker (SegmentedRaftLogWorker.java:<init>(181)) - new 29adc670-2c1e-4c6c-9558-1601f864128b@group-20F16FCD1309-SegmentedRaftLogWorker for RaftStorageImpl:Storage Directory /github/workspace/mnt/ozone/hadoop-ozone/integration-test/target/test-dir/MiniOzoneClusterImpl-10170ce6-1bcb-4b6c-85b7-fb1f14fc7e79/datanode-1/data/ratis/80380c97-8ba5-4cfd-9967-20f16fcd1309
2021-03-15 13:21:31,724 [pool-55-thread-1] INFO  server.RaftServerConfigKeys (ConfUtils.java:logGet(44)) - raft.server.log.queue.byte-limit = 2147483647 (custom)
2021-03-15 13:21:31,724 [pool-55-thread-1] INFO  server.RaftServerConfigKeys (ConfUtils.java:logGet(44)) - raft.server.log.queue.element-limit = 1024 (custom)
2021-03-15 13:21:31,725 [pool-55-thread-1] INFO  server.RaftServerConfigKeys (ConfUtils.java:logGet(44)) - raft.server.log.segment.size.max = 1048576 (custom)
2021-03-15 13:21:31,725 [pool-55-thread-1] INFO  server.RaftServerConfigKeys (ConfUtils.java:logGet(44)) - raft.server.log.preallocated.size = 16384 (custom)
2021-03-15 13:21:31,725 [pool-55-thread-1] INFO  server.RaftServerConfigKeys (ConfUtils.java:logGet(44)) - raft.server.log.force.sync.num = 128 (default)
2021-03-15 13:21:31,725 [pool-55-thread-1] INFO  server.RaftServerConfigKeys (ConfUtils.java:logGet(44)) - raft.server.log.statemachine.data.sync = true (default)
2021-03-15 13:21:31,725 [pool-55-thread-1] INFO  server.RaftServerConfigKeys (ConfUtils.java:logGet(44)) - raft.server.log.statemachine.data.sync.timeout = 10s (default)
2021-03-15 13:21:31,725 [pool-55-thread-1] INFO  server.RaftServerConfigKeys (ConfUtils.java:logGet(44)) - raft.server.log.statemachine.data.sync.timeout.retry = -1 (default)
2021-03-15 13:21:31,738 [pool-55-thread-1] INFO  server.RaftServerConfigKeys (ConfUtils.java:logGet(44)) - raft.server.log.write.buffer.size = 1048576 (custom)
2021-03-15 13:21:31,739 [pool-55-thread-1] INFO  server.RaftServerConfigKeys (ConfUtils.java:logGet(44)) - raft.server.log.statemachine.data.caching.enabled = true (custom)
2021-03-15 13:21:31,739 [pool-55-thread-1] INFO  segmented.SegmentedRaftLogWorker (SegmentedRaftLogWorker.java:lambda$new$0(132)) - 29adc670-2c1e-4c6c-9558-1601f864128b@group-20F16FCD1309-SegmentedRaftLogWorker: flushIndex: setUnconditionally 0 -> -1
2021-03-15 13:21:31,739 [pool-55-thread-1] INFO  segmented.SegmentedRaftLogWorker (SegmentedRaftLogWorker.java:lambda$new$0(132)) - 29adc670-2c1e-4c6c-9558-1601f864128b@group-20F16FCD1309-SegmentedRaftLogWorker: safeCacheEvictIndex: setUnconditionally 0 -> -1
2021-03-15 13:21:31,749 [pool-55-thread-1] INFO  server.RaftServerConfigKeys (ConfUtils.java:logGet(44)) - raft.server.snapshot.auto.trigger.enabled = true (custom)
2021-03-15 13:21:31,749 [pool-55-thread-1] INFO  server.RaftServerConfigKeys (ConfUtils.java:logGet(44)) - raft.server.snapshot.auto.trigger.threshold = 10000 (custom)
2021-03-15 13:21:31,749 [pool-55-thread-1] INFO  server.RaftServerConfigKeys (ConfUtils.java:logGet(44)) - raft.server.snapshot.retention.file.num = 5 (custom)
2021-03-15 13:21:31,749 [pool-55-thread-1] INFO  server.RaftServerConfigKeys (ConfUtils.java:logGet(44)) - raft.server.log.purge.upto.snapshot.index = false (default)
2021-03-15 13:21:31,749 [pool-55-thread-1] INFO  server.RaftServerConfigKeys (ConfUtils.java:logGet(44)) - raft.server.retrycache.expirytime = 600000ms (custom)
2021-03-15 13:21:31,749 [pool-55-thread-1] INFO  server.RaftServerConfigKeys (ConfUtils.java:logGet(44)) - raft.server.retrycache.statistics.expirytime = 100?s (default)
2021-03-15 13:21:31,749 [pool-55-thread-1] INFO  metrics.RatisMetrics (RatisMetrics.java:lambda$create$0(36)) - Creating Metrics Registry : ratis.leader_election.29adc670-2c1e-4c6c-9558-1601f864128b@group-20F16FCD1309
2021-03-15 13:21:31,750 [pool-55-thread-1] INFO  metrics.RatisMetrics (RatisMetrics.java:lambda$create$0(36)) - Creating Metrics Registry : ratis.server.29adc670-2c1e-4c6c-9558-1601f864128b@group-20F16FCD1309
2021-03-15 13:21:31,756 [pool-55-thread-1] INFO  server.RaftServer$Division (RaftServerImpl.java:start(295)) - 29adc670-2c1e-4c6c-9558-1601f864128b@group-20F16FCD1309: start as a follower, conf=-1: [29adc670-2c1e-4c6c-9558-1601f864128b|rpc:172.17.0.2:37315|priority:1], old=null
2021-03-15 13:21:31,756 [pool-55-thread-1] INFO  server.RaftServer$Division (RaftServerImpl.java:setRole(284)) - 29adc670-2c1e-4c6c-9558-1601f864128b@group-20F16FCD1309: changes role from      null to FOLLOWER at term 0 for startAsFollower
2021-03-15 13:21:31,756 [pool-55-thread-1] INFO  impl.RoleInfo (RoleInfo.java:updateAndGet(130)) - 29adc670-2c1e-4c6c-9558-1601f864128b: start 29adc670-2c1e-4c6c-9558-1601f864128b@group-20F16FCD1309-FollowerState
2021-03-15 13:21:31,761 [pool-55-thread-1] INFO  util.JmxRegister (JmxRegister.java:tryRegister(44)) - Successfully registered JMX Bean with object name Ratis:service=RaftServer,group=group-20F16FCD1309,id=29adc670-2c1e-4c6c-9558-1601f864128b
2021-03-15 13:21:31,761 [pool-55-thread-1] INFO  metrics.RatisMetrics (RatisMetrics.java:lambda$create$0(36)) - Creating Metrics Registry : ratis.state_machine.29adc670-2c1e-4c6c-9558-1601f864128b@group-20F16FCD1309
2021-03-15 13:21:31,772 [Command processor thread] INFO  commandhandler.CreatePipelineCommandHandler (CreatePipelineCommandHandler.java:handle(106)) - Created Pipeline RATIS ONE PipelineID=80380c97-8ba5-4cfd-9967-20f16fcd1309.
2021-03-15 13:21:31,782 [Command processor thread] INFO  server.RaftServer (RaftServerProxy.java:addNew(95)) - 29adc670-2c1e-4c6c-9558-1601f864128b: addNew group-7426FA8FAC29:[29adc670-2c1e-4c6c-9558-1601f864128b|rpc:172.17.0.2:37315|priority:1, 2bcf9514-6eaf-4328-a021-870a209d39c4|rpc:172.17.0.2:43919|priority:0, c8823aab-1c49-422a-a51c-c7b83b859fa6|rpc:172.17.0.2:38877|priority:0] returns group-7426FA8FAC29:java.util.concurrent.CompletableFuture@43959e2b[Not completed]
2021-03-15 13:21:31,783 [pool-55-thread-1] INFO  server.RaftServer$Division (RaftServerImpl.java:<init>(180)) - 29adc670-2c1e-4c6c-9558-1601f864128b: new RaftServerImpl for group-7426FA8FAC29:[29adc670-2c1e-4c6c-9558-1601f864128b|rpc:172.17.0.2:37315|priority:1, 2bcf9514-6eaf-4328-a021-870a209d39c4|rpc:172.17.0.2:43919|priority:0, c8823aab-1c49-422a-a51c-c7b83b859fa6|rpc:172.17.0.2:38877|priority:0] with ContainerStateMachine:uninitialized
2021-03-15 13:21:31,783 [pool-55-thread-1] INFO  server.RaftServerConfigKeys (ConfUtils.java:logGet(44)) - raft.server.rpc.timeout.min = 5s (custom)
2021-03-15 13:21:31,783 [pool-55-thread-1] INFO  server.RaftServerConfigKeys (ConfUtils.java:logGet(44)) - raft.server.rpc.timeout.max = 5200ms (custom)
2021-03-15 13:21:31,784 [pool-55-thread-1] INFO  server.RaftServerConfigKeys (ConfUtils.java:logGet(44)) - raft.server.rpc.sleep.time = 25ms (default)
2021-03-15 13:21:31,784 [pool-55-thread-1] INFO  server.RaftServerConfigKeys (ConfUtils.java:logGet(44)) - raft.server.rpc.slowness.timeout = 300000ms (custom)
2021-03-15 13:21:31,784 [pool-55-thread-1] INFO  server.RaftServerConfigKeys (ConfUtils.java:logGet(44)) - raft.server.leaderelection.leader.step-down.wait-time = 10s (default)
2021-03-15 13:21:31,784 [pool-55-thread-1] INFO  server.RaftServerConfigKeys (ConfUtils.java:logGet(44)) - raft.server.sleep.deviation.threshold = 300ms (default)
2021-03-15 13:21:31,784 [pool-55-thread-1] INFO  server.RaftServerConfigKeys (ConfUtils.java:logGet(44)) - raft.server.log.appender.install.snapshot.enabled = false (custom)
2021-03-15 13:21:31,784 [pool-55-thread-1] INFO  server.RaftServer$Division (ServerState.java:<init>(105)) - 29adc670-2c1e-4c6c-9558-1601f864128b@group-7426FA8FAC29: ConfigurationManager, init=-1: [29adc670-2c1e-4c6c-9558-1601f864128b|rpc:172.17.0.2:37315|priority:1, 2bcf9514-6eaf-4328-a021-870a209d39c4|rpc:172.17.0.2:43919|priority:0, c8823aab-1c49-422a-a51c-c7b83b859fa6|rpc:172.17.0.2:38877|priority:0], old=null, confs=<EMPTY_MAP>
2021-03-15 13:21:31,784 [pool-55-thread-1] INFO  server.RaftServerConfigKeys (ConfUtils.java:logGet(44)) - raft.server.storage.dir = [/github/workspace/mnt/ozone/hadoop-ozone/integration-test/target/test-dir/MiniOzoneClusterImpl-10170ce6-1bcb-4b6c-85b7-fb1f14fc7e79/datanode-1/data/ratis] (custom)
2021-03-15 13:21:31,784 [pool-55-thread-1] INFO  server.RaftServerConfigKeys (ConfUtils.java:logGet(44)) - raft.server.log.corruption.policy = EXCEPTION (default)
2021-03-15 13:21:31,784 [pool-55-thread-1] INFO  storage.RaftStorageDirectory (RaftStorageDirectoryImpl.java:analyzeStorage(132)) - The storage directory /github/workspace/mnt/ozone/hadoop-ozone/integration-test/target/test-dir/MiniOzoneClusterImpl-10170ce6-1bcb-4b6c-85b7-fb1f14fc7e79/datanode-1/data/ratis/ac74313d-67a1-459f-9117-7426fa8fac29 does not exist. Creating ...
2021-03-15 13:21:31,793 [pool-55-thread-1] INFO  storage.RaftStorageDirectory (RaftStorageDirectoryImpl.java:tryLock(215)) - Lock on /github/workspace/mnt/ozone/hadoop-ozone/integration-test/target/test-dir/MiniOzoneClusterImpl-10170ce6-1bcb-4b6c-85b7-fb1f14fc7e79/datanode-1/data/ratis/ac74313d-67a1-459f-9117-7426fa8fac29/in_use.lock acquired by nodename 8797@287f2862ff4e
2021-03-15 13:21:31,796 [pool-55-thread-1] INFO  storage.RaftStorage (RaftStorageImpl.java:format(87)) - Storage directory /github/workspace/mnt/ozone/hadoop-ozone/integration-test/target/test-dir/MiniOzoneClusterImpl-10170ce6-1bcb-4b6c-85b7-fb1f14fc7e79/datanode-1/data/ratis/ac74313d-67a1-459f-9117-7426fa8fac29 has been successfully formatted.
2021-03-15 13:21:31,796 [pool-55-thread-1] INFO  ratis.ContainerStateMachine (ContainerStateMachine.java:loadSnapshot(223)) - group-7426FA8FAC29: The snapshot info is null. Setting the last applied indexto:(t:0, i:~)
2021-03-15 13:21:31,796 [pool-55-thread-1] ERROR storage.RaftStorage (RaftStorageImpl.java:readRaftConfiguration(147)) - Failed reading configuration from file:/github/workspace/mnt/ozone/hadoop-ozone/integration-test/target/test-dir/MiniOzoneClusterImpl-10170ce6-1bcb-4b6c-85b7-fb1f14fc7e79/datanode-1/data/ratis/ac74313d-67a1-459f-9117-7426fa8fac29/current/raft-meta.conf
java.io.FileNotFoundException: /github/workspace/mnt/ozone/hadoop-ozone/integration-test/target/test-dir/MiniOzoneClusterImpl-10170ce6-1bcb-4b6c-85b7-fb1f14fc7e79/datanode-1/data/ratis/ac74313d-67a1-459f-9117-7426fa8fac29/current/raft-meta.conf (No such file or directory)
	at java.io.FileInputStream.open0(Native Method)
	at java.io.FileInputStream.open(FileInputStream.java:195)
	at java.io.FileInputStream.<init>(FileInputStream.java:138)
	at org.apache.ratis.server.storage.RaftStorageImpl.readRaftConfiguration(RaftStorageImpl.java:143)
	at org.apache.ratis.server.impl.ServerState.<init>(ServerState.java:122)
	at org.apache.ratis.server.impl.RaftServerImpl.<init>(RaftServerImpl.java:193)
	at org.apache.ratis.server.impl.RaftServerProxy.lambda$newRaftServerImpl$4(RaftServerProxy.java:266)
	at java.util.concurrent.CompletableFuture$AsyncSupply.run(CompletableFuture.java:1604)
	at java.util.concurrent.ThreadPoolExecutor.runWorker(ThreadPoolExecutor.java:1149)
	at java.util.concurrent.ThreadPoolExecutor$Worker.run(ThreadPoolExecutor.java:624)
	at java.lang.Thread.run(Thread.java:748)
2021-03-15 13:21:31,797 [pool-55-thread-1] INFO  server.RaftServerConfigKeys (ConfUtils.java:logGet(44)) - raft.server.notification.no-leader.timeout = 300000ms (custom)
2021-03-15 13:21:31,797 [pool-55-thread-1] INFO  server.RaftServerConfigKeys (ConfUtils.java:logGet(44)) - raft.server.log.use.memory = false (default)
2021-03-15 13:21:31,797 [pool-55-thread-1] INFO  server.RaftServerConfigKeys (ConfUtils.java:logGet(44)) - raft.server.log.purge.gap = 1000000 (custom)
2021-03-15 13:21:31,798 [pool-55-thread-1] INFO  server.RaftServerConfigKeys (ConfUtils.java:logGet(44)) - raft.server.log.appender.buffer.byte-limit = 33554432 (custom)
2021-03-15 13:21:31,798 [pool-55-thread-1] INFO  metrics.RatisMetrics (RatisMetrics.java:lambda$create$0(36)) - Creating Metrics Registry : ratis.log_worker.29adc670-2c1e-4c6c-9558-1601f864128b@group-7426FA8FAC29
2021-03-15 13:21:31,798 [pool-55-thread-1] INFO  server.RaftServerConfigKeys (ConfUtils.java:logGet(44)) - raft.server.log.segment.size.max = 1048576 (custom)
2021-03-15 13:21:31,799 [pool-55-thread-1] INFO  server.RaftServerConfigKeys (ConfUtils.java:logGet(44)) - raft.server.log.segment.cache.num.max = 2 (custom)
2021-03-15 13:21:31,799 [pool-55-thread-1] INFO  server.RaftServerConfigKeys (ConfUtils.java:logGet(44)) - raft.server.log.segment.cache.size.max = 200MB (=209715200) (default)
2021-03-15 13:21:31,799 [pool-55-thread-1] INFO  segmented.SegmentedRaftLogWorker (SegmentedRaftLogWorker.java:<init>(181)) - new 29adc670-2c1e-4c6c-9558-1601f864128b@group-7426FA8FAC29-SegmentedRaftLogWorker for RaftStorageImpl:Storage Directory /github/workspace/mnt/ozone/hadoop-ozone/integration-test/target/test-dir/MiniOzoneClusterImpl-10170ce6-1bcb-4b6c-85b7-fb1f14fc7e79/datanode-1/data/ratis/ac74313d-67a1-459f-9117-7426fa8fac29
2021-03-15 13:21:31,799 [pool-55-thread-1] INFO  server.RaftServerConfigKeys (ConfUtils.java:logGet(44)) - raft.server.log.queue.byte-limit = 2147483647 (custom)
2021-03-15 13:21:31,799 [pool-55-thread-1] INFO  server.RaftServerConfigKeys (ConfUtils.java:logGet(44)) - raft.server.log.queue.element-limit = 1024 (custom)
2021-03-15 13:21:31,800 [pool-55-thread-1] INFO  server.RaftServerConfigKeys (ConfUtils.java:logGet(44)) - raft.server.log.segment.size.max = 1048576 (custom)
2021-03-15 13:21:31,803 [EventQueue-OpenPipelineForHealthyPipelineSafeModeRule] INFO  safemode.SCMSafeModeManager (HealthyPipelineSafeModeRule.java:process(128)) - SCM in safe mode. Healthy pipelines reported count is 0, required healthy pipeline reported count is 1
2021-03-15 13:21:31,802 [EventQueue-PipelineReportForOneReplicaPipelineSafeModeRule] INFO  safemode.SCMSafeModeManager (SCMSafeModeManager.java:validateSafeModeExitRules(214)) - AtleastOneDatanodeReportedRule rule is successfully validated
2021-03-15 13:21:31,804 [pool-55-thread-1] INFO  server.RaftServerConfigKeys (ConfUtils.java:logGet(44)) - raft.server.log.preallocated.size = 16384 (custom)
2021-03-15 13:21:31,804 [pool-55-thread-1] INFO  server.RaftServerConfigKeys (ConfUtils.java:logGet(44)) - raft.server.log.force.sync.num = 128 (default)
2021-03-15 13:21:31,804 [pool-55-thread-1] INFO  server.RaftServerConfigKeys (ConfUtils.java:logGet(44)) - raft.server.log.statemachine.data.sync = true (default)
2021-03-15 13:21:31,804 [pool-55-thread-1] INFO  server.RaftServerConfigKeys (ConfUtils.java:logGet(44)) - raft.server.log.statemachine.data.sync.timeout = 10s (default)
2021-03-15 13:21:31,804 [pool-55-thread-1] INFO  server.RaftServerConfigKeys (ConfUtils.java:logGet(44)) - raft.server.log.statemachine.data.sync.timeout.retry = -1 (default)
2021-03-15 13:21:31,806 [pool-55-thread-1] INFO  server.RaftServerConfigKeys (ConfUtils.java:logGet(44)) - raft.server.log.write.buffer.size = 1048576 (custom)
2021-03-15 13:21:31,809 [pool-55-thread-1] INFO  server.RaftServerConfigKeys (ConfUtils.java:logGet(44)) - raft.server.log.statemachine.data.caching.enabled = true (custom)
2021-03-15 13:21:31,810 [pool-55-thread-1] INFO  segmented.SegmentedRaftLogWorker (SegmentedRaftLogWorker.java:lambda$new$0(132)) - 29adc670-2c1e-4c6c-9558-1601f864128b@group-7426FA8FAC29-SegmentedRaftLogWorker: flushIndex: setUnconditionally 0 -> -1
2021-03-15 13:21:31,812 [pool-55-thread-1] INFO  segmented.SegmentedRaftLogWorker (SegmentedRaftLogWorker.java:lambda$new$0(132)) - 29adc670-2c1e-4c6c-9558-1601f864128b@group-7426FA8FAC29-SegmentedRaftLogWorker: safeCacheEvictIndex: setUnconditionally 0 -> -1
2021-03-15 13:21:31,825 [pool-55-thread-1] INFO  server.RaftServerConfigKeys (ConfUtils.java:logGet(44)) - raft.server.snapshot.auto.trigger.enabled = true (custom)
2021-03-15 13:21:31,825 [pool-55-thread-1] INFO  server.RaftServerConfigKeys (ConfUtils.java:logGet(44)) - raft.server.snapshot.auto.trigger.threshold = 10000 (custom)
2021-03-15 13:21:31,826 [pool-55-thread-1] INFO  server.RaftServerConfigKeys (ConfUtils.java:logGet(44)) - raft.server.snapshot.retention.file.num = 5 (custom)
2021-03-15 13:21:31,826 [pool-55-thread-1] INFO  server.RaftServerConfigKeys (ConfUtils.java:logGet(44)) - raft.server.log.purge.upto.snapshot.index = false (default)
2021-03-15 13:21:31,826 [pool-55-thread-1] INFO  server.RaftServerConfigKeys (ConfUtils.java:logGet(44)) - raft.server.retrycache.expirytime = 600000ms (custom)
2021-03-15 13:21:31,826 [pool-55-thread-1] INFO  server.RaftServerConfigKeys (ConfUtils.java:logGet(44)) - raft.server.retrycache.statistics.expirytime = 100?s (default)
2021-03-15 13:21:31,826 [pool-55-thread-1] INFO  metrics.RatisMetrics (RatisMetrics.java:lambda$create$0(36)) - Creating Metrics Registry : ratis.leader_election.29adc670-2c1e-4c6c-9558-1601f864128b@group-7426FA8FAC29
2021-03-15 13:21:31,827 [pool-55-thread-1] INFO  metrics.RatisMetrics (RatisMetrics.java:lambda$create$0(36)) - Creating Metrics Registry : ratis.server.29adc670-2c1e-4c6c-9558-1601f864128b@group-7426FA8FAC29
2021-03-15 13:21:31,828 [pool-55-thread-1] INFO  server.RaftServer$Division (RaftServerImpl.java:start(295)) - 29adc670-2c1e-4c6c-9558-1601f864128b@group-7426FA8FAC29: start as a follower, conf=-1: [29adc670-2c1e-4c6c-9558-1601f864128b|rpc:172.17.0.2:37315|priority:1, 2bcf9514-6eaf-4328-a021-870a209d39c4|rpc:172.17.0.2:43919|priority:0, c8823aab-1c49-422a-a51c-c7b83b859fa6|rpc:172.17.0.2:38877|priority:0], old=null
2021-03-15 13:21:31,833 [pool-55-thread-1] INFO  server.RaftServer$Division (RaftServerImpl.java:setRole(284)) - 29adc670-2c1e-4c6c-9558-1601f864128b@group-7426FA8FAC29: changes role from      null to FOLLOWER at term 0 for startAsFollower
2021-03-15 13:21:31,833 [pool-55-thread-1] INFO  impl.RoleInfo (RoleInfo.java:updateAndGet(130)) - 29adc670-2c1e-4c6c-9558-1601f864128b: start 29adc670-2c1e-4c6c-9558-1601f864128b@group-7426FA8FAC29-FollowerState
2021-03-15 13:21:31,838 [pool-55-thread-1] INFO  util.JmxRegister (JmxRegister.java:tryRegister(44)) - Successfully registered JMX Bean with object name Ratis:service=RaftServer,group=group-7426FA8FAC29,id=29adc670-2c1e-4c6c-9558-1601f864128b
2021-03-15 13:21:31,838 [pool-55-thread-1] INFO  metrics.RatisMetrics (RatisMetrics.java:lambda$create$0(36)) - Creating Metrics Registry : ratis.state_machine.29adc670-2c1e-4c6c-9558-1601f864128b@group-7426FA8FAC29
2021-03-15 13:21:31,846 [Command processor thread] INFO  metrics.RatisMetrics (RatisMetrics.java:lambda$create$0(36)) - Creating Metrics Registry : ratis.client_message_metrics.client-426BF2BD3E99->c8823aab-1c49-422a-a51c-c7b83b859fa6
2021-03-15 13:21:32,043 [Listener at 127.0.0.1/41395] INFO  ozone.MiniOzoneClusterImpl (MiniOzoneClusterImpl.java:lambda$waitForClusterToBeReady$0(187)) - Nodes are ready. Got 7 of 7 DN Heartbeats.
2021-03-15 13:21:32,043 [Listener at 127.0.0.1/41395] INFO  ozone.MiniOzoneClusterImpl (MiniOzoneClusterImpl.java:lambda$waitForClusterToBeReady$0(190)) - Waiting for cluster to exit safe mode
2021-03-15 13:21:32,111 [Command processor thread] INFO  server.RaftServer (RaftServerProxy.java:addNew(95)) - 2bcf9514-6eaf-4328-a021-870a209d39c4: addNew group-3569B44EBDC6:[2bcf9514-6eaf-4328-a021-870a209d39c4|rpc:172.17.0.2:43919|priority:1] returns group-3569B44EBDC6:java.util.concurrent.CompletableFuture@76482c1d[Not completed]
2021-03-15 13:21:32,165 [grpc-default-executor-1] INFO  metrics.RatisMetrics (RatisMetrics.java:lambda$create$0(36)) - Creating Metrics Registry : ratis.server_message_metrics.c8823aab-1c49-422a-a51c-c7b83b859fa6
2021-03-15 13:21:32,167 [grpc-default-executor-0] INFO  metrics.RatisMetrics (RatisMetrics.java:lambda$create$0(36)) - Creating Metrics Registry : ratis.server_message_metrics.29adc670-2c1e-4c6c-9558-1601f864128b
2021-03-15 13:21:32,175 [pool-72-thread-1] INFO  server.RaftServer$Division (RaftServerImpl.java:<init>(180)) - 2bcf9514-6eaf-4328-a021-870a209d39c4: new RaftServerImpl for group-3569B44EBDC6:[2bcf9514-6eaf-4328-a021-870a209d39c4|rpc:172.17.0.2:43919|priority:1] with ContainerStateMachine:uninitialized
2021-03-15 13:21:32,178 [pool-72-thread-1] INFO  server.RaftServerConfigKeys (ConfUtils.java:logGet(44)) - raft.server.rpc.timeout.min = 5s (custom)
2021-03-15 13:21:32,178 [pool-72-thread-1] INFO  server.RaftServerConfigKeys (ConfUtils.java:logGet(44)) - raft.server.rpc.timeout.max = 5200ms (custom)
2021-03-15 13:21:32,178 [pool-72-thread-1] INFO  server.RaftServerConfigKeys (ConfUtils.java:logGet(44)) - raft.server.rpc.sleep.time = 25ms (default)
2021-03-15 13:21:32,178 [pool-72-thread-1] INFO  server.RaftServerConfigKeys (ConfUtils.java:logGet(44)) - raft.server.rpc.slowness.timeout = 300000ms (custom)
2021-03-15 13:21:32,178 [pool-72-thread-1] INFO  server.RaftServerConfigKeys (ConfUtils.java:logGet(44)) - raft.server.leaderelection.leader.step-down.wait-time = 10s (default)
2021-03-15 13:21:32,178 [pool-72-thread-1] INFO  server.RaftServerConfigKeys (ConfUtils.java:logGet(44)) - raft.server.sleep.deviation.threshold = 300ms (default)
2021-03-15 13:21:32,178 [pool-72-thread-1] INFO  server.RaftServerConfigKeys (ConfUtils.java:logGet(44)) - raft.server.log.appender.install.snapshot.enabled = false (custom)
2021-03-15 13:21:32,178 [pool-72-thread-1] INFO  server.RaftServer$Division (ServerState.java:<init>(105)) - 2bcf9514-6eaf-4328-a021-870a209d39c4@group-3569B44EBDC6: ConfigurationManager, init=-1: [2bcf9514-6eaf-4328-a021-870a209d39c4|rpc:172.17.0.2:43919|priority:1], old=null, confs=<EMPTY_MAP>
2021-03-15 13:21:32,178 [pool-72-thread-1] INFO  server.RaftServerConfigKeys (ConfUtils.java:logGet(44)) - raft.server.storage.dir = [/github/workspace/mnt/ozone/hadoop-ozone/integration-test/target/test-dir/MiniOzoneClusterImpl-10170ce6-1bcb-4b6c-85b7-fb1f14fc7e79/datanode-2/data/ratis] (custom)
2021-03-15 13:21:32,179 [pool-72-thread-1] INFO  server.RaftServerConfigKeys (ConfUtils.java:logGet(44)) - raft.server.log.corruption.policy = EXCEPTION (default)
2021-03-15 13:21:32,179 [pool-72-thread-1] INFO  storage.RaftStorageDirectory (RaftStorageDirectoryImpl.java:analyzeStorage(132)) - The storage directory /github/workspace/mnt/ozone/hadoop-ozone/integration-test/target/test-dir/MiniOzoneClusterImpl-10170ce6-1bcb-4b6c-85b7-fb1f14fc7e79/datanode-2/data/ratis/cfed619c-994d-4625-bc70-3569b44ebdc6 does not exist. Creating ...
2021-03-15 13:21:32,185 [pool-72-thread-1] INFO  storage.RaftStorageDirectory (RaftStorageDirectoryImpl.java:tryLock(215)) - Lock on /github/workspace/mnt/ozone/hadoop-ozone/integration-test/target/test-dir/MiniOzoneClusterImpl-10170ce6-1bcb-4b6c-85b7-fb1f14fc7e79/datanode-2/data/ratis/cfed619c-994d-4625-bc70-3569b44ebdc6/in_use.lock acquired by nodename 8797@287f2862ff4e
2021-03-15 13:21:32,191 [pool-72-thread-1] INFO  storage.RaftStorage (RaftStorageImpl.java:format(87)) - Storage directory /github/workspace/mnt/ozone/hadoop-ozone/integration-test/target/test-dir/MiniOzoneClusterImpl-10170ce6-1bcb-4b6c-85b7-fb1f14fc7e79/datanode-2/data/ratis/cfed619c-994d-4625-bc70-3569b44ebdc6 has been successfully formatted.
2021-03-15 13:21:32,191 [pool-72-thread-1] INFO  ratis.ContainerStateMachine (ContainerStateMachine.java:loadSnapshot(223)) - group-3569B44EBDC6: The snapshot info is null. Setting the last applied indexto:(t:0, i:~)
2021-03-15 13:21:32,191 [pool-72-thread-1] ERROR storage.RaftStorage (RaftStorageImpl.java:readRaftConfiguration(147)) - Failed reading configuration from file:/github/workspace/mnt/ozone/hadoop-ozone/integration-test/target/test-dir/MiniOzoneClusterImpl-10170ce6-1bcb-4b6c-85b7-fb1f14fc7e79/datanode-2/data/ratis/cfed619c-994d-4625-bc70-3569b44ebdc6/current/raft-meta.conf
java.io.FileNotFoundException: /github/workspace/mnt/ozone/hadoop-ozone/integration-test/target/test-dir/MiniOzoneClusterImpl-10170ce6-1bcb-4b6c-85b7-fb1f14fc7e79/datanode-2/data/ratis/cfed619c-994d-4625-bc70-3569b44ebdc6/current/raft-meta.conf (No such file or directory)
	at java.io.FileInputStream.open0(Native Method)
	at java.io.FileInputStream.open(FileInputStream.java:195)
	at java.io.FileInputStream.<init>(FileInputStream.java:138)
	at org.apache.ratis.server.storage.RaftStorageImpl.readRaftConfiguration(RaftStorageImpl.java:143)
	at org.apache.ratis.server.impl.ServerState.<init>(ServerState.java:122)
	at org.apache.ratis.server.impl.RaftServerImpl.<init>(RaftServerImpl.java:193)
	at org.apache.ratis.server.impl.RaftServerProxy.lambda$newRaftServerImpl$4(RaftServerProxy.java:266)
	at java.util.concurrent.CompletableFuture$AsyncSupply.run(CompletableFuture.java:1604)
	at java.util.concurrent.ThreadPoolExecutor.runWorker(ThreadPoolExecutor.java:1149)
	at java.util.concurrent.ThreadPoolExecutor$Worker.run(ThreadPoolExecutor.java:624)
	at java.lang.Thread.run(Thread.java:748)
2021-03-15 13:21:32,192 [pool-72-thread-1] INFO  server.RaftServerConfigKeys (ConfUtils.java:logGet(44)) - raft.server.notification.no-leader.timeout = 300000ms (custom)
2021-03-15 13:21:32,192 [pool-72-thread-1] INFO  server.RaftServerConfigKeys (ConfUtils.java:logGet(44)) - raft.server.log.use.memory = false (default)
2021-03-15 13:21:32,192 [pool-72-thread-1] INFO  server.RaftServerConfigKeys (ConfUtils.java:logGet(44)) - raft.server.log.purge.gap = 1000000 (custom)
2021-03-15 13:21:32,192 [pool-72-thread-1] INFO  server.RaftServerConfigKeys (ConfUtils.java:logGet(44)) - raft.server.log.appender.buffer.byte-limit = 33554432 (custom)
2021-03-15 13:21:32,192 [pool-72-thread-1] INFO  metrics.RatisMetrics (RatisMetrics.java:lambda$create$0(36)) - Creating Metrics Registry : ratis.log_worker.2bcf9514-6eaf-4328-a021-870a209d39c4@group-3569B44EBDC6
2021-03-15 13:21:32,192 [pool-72-thread-1] INFO  server.RaftServerConfigKeys (ConfUtils.java:logGet(44)) - raft.server.log.segment.size.max = 1048576 (custom)
2021-03-15 13:21:32,193 [pool-72-thread-1] INFO  server.RaftServerConfigKeys (ConfUtils.java:logGet(44)) - raft.server.log.segment.cache.num.max = 2 (custom)
2021-03-15 13:21:32,193 [pool-72-thread-1] INFO  server.RaftServerConfigKeys (ConfUtils.java:logGet(44)) - raft.server.log.segment.cache.size.max = 200MB (=209715200) (default)
2021-03-15 13:21:32,194 [pool-72-thread-1] INFO  segmented.SegmentedRaftLogWorker (SegmentedRaftLogWorker.java:<init>(181)) - new 2bcf9514-6eaf-4328-a021-870a209d39c4@group-3569B44EBDC6-SegmentedRaftLogWorker for RaftStorageImpl:Storage Directory /github/workspace/mnt/ozone/hadoop-ozone/integration-test/target/test-dir/MiniOzoneClusterImpl-10170ce6-1bcb-4b6c-85b7-fb1f14fc7e79/datanode-2/data/ratis/cfed619c-994d-4625-bc70-3569b44ebdc6
2021-03-15 13:21:32,194 [pool-72-thread-1] INFO  server.RaftServerConfigKeys (ConfUtils.java:logGet(44)) - raft.server.log.queue.byte-limit = 2147483647 (custom)
2021-03-15 13:21:32,195 [pool-72-thread-1] INFO  server.RaftServerConfigKeys (ConfUtils.java:logGet(44)) - raft.server.log.queue.element-limit = 1024 (custom)
2021-03-15 13:21:32,195 [pool-72-thread-1] INFO  server.RaftServerConfigKeys (ConfUtils.java:logGet(44)) - raft.server.log.segment.size.max = 1048576 (custom)
2021-03-15 13:21:32,195 [pool-72-thread-1] INFO  server.RaftServerConfigKeys (ConfUtils.java:logGet(44)) - raft.server.log.preallocated.size = 16384 (custom)
2021-03-15 13:21:32,195 [pool-72-thread-1] INFO  server.RaftServerConfigKeys (ConfUtils.java:logGet(44)) - raft.server.log.force.sync.num = 128 (default)
2021-03-15 13:21:32,195 [pool-72-thread-1] INFO  server.RaftServerConfigKeys (ConfUtils.java:logGet(44)) - raft.server.log.statemachine.data.sync = true (default)
2021-03-15 13:21:32,196 [pool-72-thread-1] INFO  server.RaftServerConfigKeys (ConfUtils.java:logGet(44)) - raft.server.log.statemachine.data.sync.timeout = 10s (default)
2021-03-15 13:21:32,196 [pool-72-thread-1] INFO  server.RaftServerConfigKeys (ConfUtils.java:logGet(44)) - raft.server.log.statemachine.data.sync.timeout.retry = -1 (default)
2021-03-15 13:21:32,202 [pool-72-thread-1] INFO  server.RaftServerConfigKeys (ConfUtils.java:logGet(44)) - raft.server.log.write.buffer.size = 1048576 (custom)
2021-03-15 13:21:32,221 [pool-72-thread-1] INFO  server.RaftServerConfigKeys (ConfUtils.java:logGet(44)) - raft.server.log.statemachine.data.caching.enabled = true (custom)
2021-03-15 13:21:32,221 [pool-72-thread-1] INFO  segmented.SegmentedRaftLogWorker (SegmentedRaftLogWorker.java:lambda$new$0(132)) - 2bcf9514-6eaf-4328-a021-870a209d39c4@group-3569B44EBDC6-SegmentedRaftLogWorker: flushIndex: setUnconditionally 0 -> -1
2021-03-15 13:21:32,221 [pool-72-thread-1] INFO  segmented.SegmentedRaftLogWorker (SegmentedRaftLogWorker.java:lambda$new$0(132)) - 2bcf9514-6eaf-4328-a021-870a209d39c4@group-3569B44EBDC6-SegmentedRaftLogWorker: safeCacheEvictIndex: setUnconditionally 0 -> -1
2021-03-15 13:21:32,226 [EventQueue-PipelineReportForOneReplicaPipelineSafeModeRule] INFO  safemode.SCMSafeModeManager (SCMSafeModeManager.java:validateSafeModeExitRules(214)) - AtleastOneDatanodeReportedRule rule is successfully validated
2021-03-15 13:21:32,226 [EventQueue-PipelineReportForPipelineReportHandler] INFO  pipeline.PipelineStateManager (PipelineStateManager.java:openPipeline(132)) - Pipeline Pipeline[ Id: cfed619c-994d-4625-bc70-3569b44ebdc6, Nodes: 2bcf9514-6eaf-4328-a021-870a209d39c4{ip: 172.17.0.2, host: 287f2862ff4e, ports: [REPLICATION=39657, RATIS=43919, RATIS_ADMIN=43919, RATIS_SERVER=43919, STANDALONE=43389], networkLocation: /default-rack, certSerialId: null, persistedOpState: IN_SERVICE, persistedOpStateExpiryEpochSec: 0}, Type:RATIS, Factor:ONE, State:ALLOCATED, leaderId:2bcf9514-6eaf-4328-a021-870a209d39c4, CreationTimestamp2021-03-15T13:21:29.090Z] moved to OPEN state
2021-03-15 13:21:32,226 [EventQueue-OpenPipelineForHealthyPipelineSafeModeRule] INFO  safemode.SCMSafeModeManager (HealthyPipelineSafeModeRule.java:process(128)) - SCM in safe mode. Healthy pipelines reported count is 0, required healthy pipeline reported count is 1
2021-03-15 13:21:32,227 [pool-72-thread-1] INFO  server.RaftServerConfigKeys (ConfUtils.java:logGet(44)) - raft.server.snapshot.auto.trigger.enabled = true (custom)
2021-03-15 13:21:32,228 [pool-72-thread-1] INFO  server.RaftServerConfigKeys (ConfUtils.java:logGet(44)) - raft.server.snapshot.auto.trigger.threshold = 10000 (custom)
2021-03-15 13:21:32,228 [pool-72-thread-1] INFO  server.RaftServerConfigKeys (ConfUtils.java:logGet(44)) - raft.server.snapshot.retention.file.num = 5 (custom)
2021-03-15 13:21:32,228 [pool-72-thread-1] INFO  server.RaftServerConfigKeys (ConfUtils.java:logGet(44)) - raft.server.log.purge.upto.snapshot.index = false (default)
2021-03-15 13:21:32,228 [pool-72-thread-1] INFO  server.RaftServerConfigKeys (ConfUtils.java:logGet(44)) - raft.server.retrycache.expirytime = 600000ms (custom)
2021-03-15 13:21:32,228 [pool-72-thread-1] INFO  server.RaftServerConfigKeys (ConfUtils.java:logGet(44)) - raft.server.retrycache.statistics.expirytime = 100?s (default)
2021-03-15 13:21:32,228 [pool-72-thread-1] INFO  metrics.RatisMetrics (RatisMetrics.java:lambda$create$0(36)) - Creating Metrics Registry : ratis.leader_election.2bcf9514-6eaf-4328-a021-870a209d39c4@group-3569B44EBDC6
2021-03-15 13:21:32,229 [pool-72-thread-1] INFO  metrics.RatisMetrics (RatisMetrics.java:lambda$create$0(36)) - Creating Metrics Registry : ratis.server.2bcf9514-6eaf-4328-a021-870a209d39c4@group-3569B44EBDC6
2021-03-15 13:21:32,230 [pool-72-thread-1] INFO  server.RaftServer$Division (RaftServerImpl.java:start(295)) - 2bcf9514-6eaf-4328-a021-870a209d39c4@group-3569B44EBDC6: start as a follower, conf=-1: [2bcf9514-6eaf-4328-a021-870a209d39c4|rpc:172.17.0.2:43919|priority:1], old=null
2021-03-15 13:21:32,230 [pool-72-thread-1] INFO  server.RaftServer$Division (RaftServerImpl.java:setRole(284)) - 2bcf9514-6eaf-4328-a021-870a209d39c4@group-3569B44EBDC6: changes role from      null to FOLLOWER at term 0 for startAsFollower
2021-03-15 13:21:32,230 [pool-72-thread-1] INFO  impl.RoleInfo (RoleInfo.java:updateAndGet(130)) - 2bcf9514-6eaf-4328-a021-870a209d39c4: start 2bcf9514-6eaf-4328-a021-870a209d39c4@group-3569B44EBDC6-FollowerState
2021-03-15 13:21:32,237 [pool-72-thread-1] INFO  util.JmxRegister (JmxRegister.java:tryRegister(44)) - Successfully registered JMX Bean with object name Ratis:service=RaftServer,group=group-3569B44EBDC6,id=2bcf9514-6eaf-4328-a021-870a209d39c4
2021-03-15 13:21:32,237 [pool-72-thread-1] INFO  metrics.RatisMetrics (RatisMetrics.java:lambda$create$0(36)) - Creating Metrics Registry : ratis.state_machine.2bcf9514-6eaf-4328-a021-870a209d39c4@group-3569B44EBDC6
2021-03-15 13:21:32,245 [Command processor thread] INFO  commandhandler.CreatePipelineCommandHandler (CreatePipelineCommandHandler.java:handle(106)) - Created Pipeline RATIS ONE PipelineID=cfed619c-994d-4625-bc70-3569b44ebdc6.
2021-03-15 13:21:32,245 [Command processor thread] INFO  server.RaftServer (RaftServerProxy.java:addNew(95)) - 2bcf9514-6eaf-4328-a021-870a209d39c4: addNew group-7426FA8FAC29:[29adc670-2c1e-4c6c-9558-1601f864128b|rpc:172.17.0.2:37315|priority:1, 2bcf9514-6eaf-4328-a021-870a209d39c4|rpc:172.17.0.2:43919|priority:0, c8823aab-1c49-422a-a51c-c7b83b859fa6|rpc:172.17.0.2:38877|priority:0] returns group-7426FA8FAC29:java.util.concurrent.CompletableFuture@7277a60c[Not completed]
2021-03-15 13:21:32,253 [pool-72-thread-1] INFO  server.RaftServer$Division (RaftServerImpl.java:<init>(180)) - 2bcf9514-6eaf-4328-a021-870a209d39c4: new RaftServerImpl for group-7426FA8FAC29:[29adc670-2c1e-4c6c-9558-1601f864128b|rpc:172.17.0.2:37315|priority:1, 2bcf9514-6eaf-4328-a021-870a209d39c4|rpc:172.17.0.2:43919|priority:0, c8823aab-1c49-422a-a51c-c7b83b859fa6|rpc:172.17.0.2:38877|priority:0] with ContainerStateMachine:uninitialized
2021-03-15 13:21:32,253 [pool-72-thread-1] INFO  server.RaftServerConfigKeys (ConfUtils.java:logGet(44)) - raft.server.rpc.timeout.min = 5s (custom)
2021-03-15 13:21:32,253 [pool-72-thread-1] INFO  server.RaftServerConfigKeys (ConfUtils.java:logGet(44)) - raft.server.rpc.timeout.max = 5200ms (custom)
2021-03-15 13:21:32,253 [pool-72-thread-1] INFO  server.RaftServerConfigKeys (ConfUtils.java:logGet(44)) - raft.server.rpc.sleep.time = 25ms (default)
2021-03-15 13:21:32,253 [pool-72-thread-1] INFO  server.RaftServerConfigKeys (ConfUtils.java:logGet(44)) - raft.server.rpc.slowness.timeout = 300000ms (custom)
2021-03-15 13:21:32,253 [pool-72-thread-1] INFO  server.RaftServerConfigKeys (ConfUtils.java:logGet(44)) - raft.server.leaderelection.leader.step-down.wait-time = 10s (default)
2021-03-15 13:21:32,253 [pool-72-thread-1] INFO  server.RaftServerConfigKeys (ConfUtils.java:logGet(44)) - raft.server.sleep.deviation.threshold = 300ms (default)
2021-03-15 13:21:32,253 [pool-72-thread-1] INFO  server.RaftServerConfigKeys (ConfUtils.java:logGet(44)) - raft.server.log.appender.install.snapshot.enabled = false (custom)
2021-03-15 13:21:32,254 [pool-72-thread-1] INFO  server.RaftServer$Division (ServerState.java:<init>(105)) - 2bcf9514-6eaf-4328-a021-870a209d39c4@group-7426FA8FAC29: ConfigurationManager, init=-1: [29adc670-2c1e-4c6c-9558-1601f864128b|rpc:172.17.0.2:37315|priority:1, 2bcf9514-6eaf-4328-a021-870a209d39c4|rpc:172.17.0.2:43919|priority:0, c8823aab-1c49-422a-a51c-c7b83b859fa6|rpc:172.17.0.2:38877|priority:0], old=null, confs=<EMPTY_MAP>
2021-03-15 13:21:32,254 [pool-72-thread-1] INFO  server.RaftServerConfigKeys (ConfUtils.java:logGet(44)) - raft.server.storage.dir = [/github/workspace/mnt/ozone/hadoop-ozone/integration-test/target/test-dir/MiniOzoneClusterImpl-10170ce6-1bcb-4b6c-85b7-fb1f14fc7e79/datanode-2/data/ratis] (custom)
2021-03-15 13:21:32,254 [pool-72-thread-1] INFO  server.RaftServerConfigKeys (ConfUtils.java:logGet(44)) - raft.server.log.corruption.policy = EXCEPTION (default)
2021-03-15 13:21:32,254 [pool-72-thread-1] INFO  storage.RaftStorageDirectory (RaftStorageDirectoryImpl.java:analyzeStorage(132)) - The storage directory /github/workspace/mnt/ozone/hadoop-ozone/integration-test/target/test-dir/MiniOzoneClusterImpl-10170ce6-1bcb-4b6c-85b7-fb1f14fc7e79/datanode-2/data/ratis/ac74313d-67a1-459f-9117-7426fa8fac29 does not exist. Creating ...
2021-03-15 13:21:32,261 [pool-72-thread-1] INFO  storage.RaftStorageDirectory (RaftStorageDirectoryImpl.java:tryLock(215)) - Lock on /github/workspace/mnt/ozone/hadoop-ozone/integration-test/target/test-dir/MiniOzoneClusterImpl-10170ce6-1bcb-4b6c-85b7-fb1f14fc7e79/datanode-2/data/ratis/ac74313d-67a1-459f-9117-7426fa8fac29/in_use.lock acquired by nodename 8797@287f2862ff4e
2021-03-15 13:21:32,264 [pool-72-thread-1] INFO  storage.RaftStorage (RaftStorageImpl.java:format(87)) - Storage directory /github/workspace/mnt/ozone/hadoop-ozone/integration-test/target/test-dir/MiniOzoneClusterImpl-10170ce6-1bcb-4b6c-85b7-fb1f14fc7e79/datanode-2/data/ratis/ac74313d-67a1-459f-9117-7426fa8fac29 has been successfully formatted.
2021-03-15 13:21:32,264 [pool-72-thread-1] INFO  ratis.ContainerStateMachine (ContainerStateMachine.java:loadSnapshot(223)) - group-7426FA8FAC29: The snapshot info is null. Setting the last applied indexto:(t:0, i:~)
2021-03-15 13:21:32,264 [pool-72-thread-1] ERROR storage.RaftStorage (RaftStorageImpl.java:readRaftConfiguration(147)) - Failed reading configuration from file:/github/workspace/mnt/ozone/hadoop-ozone/integration-test/target/test-dir/MiniOzoneClusterImpl-10170ce6-1bcb-4b6c-85b7-fb1f14fc7e79/datanode-2/data/ratis/ac74313d-67a1-459f-9117-7426fa8fac29/current/raft-meta.conf
java.io.FileNotFoundException: /github/workspace/mnt/ozone/hadoop-ozone/integration-test/target/test-dir/MiniOzoneClusterImpl-10170ce6-1bcb-4b6c-85b7-fb1f14fc7e79/datanode-2/data/ratis/ac74313d-67a1-459f-9117-7426fa8fac29/current/raft-meta.conf (No such file or directory)
	at java.io.FileInputStream.open0(Native Method)
	at java.io.FileInputStream.open(FileInputStream.java:195)
	at java.io.FileInputStream.<init>(FileInputStream.java:138)
	at org.apache.ratis.server.storage.RaftStorageImpl.readRaftConfiguration(RaftStorageImpl.java:143)
	at org.apache.ratis.server.impl.ServerState.<init>(ServerState.java:122)
	at org.apache.ratis.server.impl.RaftServerImpl.<init>(RaftServerImpl.java:193)
	at org.apache.ratis.server.impl.RaftServerProxy.lambda$newRaftServerImpl$4(RaftServerProxy.java:266)
	at java.util.concurrent.CompletableFuture$AsyncSupply.run(CompletableFuture.java:1604)
	at java.util.concurrent.ThreadPoolExecutor.runWorker(ThreadPoolExecutor.java:1149)
	at java.util.concurrent.ThreadPoolExecutor$Worker.run(ThreadPoolExecutor.java:624)
	at java.lang.Thread.run(Thread.java:748)
2021-03-15 13:21:32,265 [pool-72-thread-1] INFO  server.RaftServerConfigKeys (ConfUtils.java:logGet(44)) - raft.server.notification.no-leader.timeout = 300000ms (custom)
2021-03-15 13:21:32,265 [pool-72-thread-1] INFO  server.RaftServerConfigKeys (ConfUtils.java:logGet(44)) - raft.server.log.use.memory = false (default)
2021-03-15 13:21:32,265 [pool-72-thread-1] INFO  server.RaftServerConfigKeys (ConfUtils.java:logGet(44)) - raft.server.log.purge.gap = 1000000 (custom)
2021-03-15 13:21:32,274 [pool-72-thread-1] INFO  server.RaftServerConfigKeys (ConfUtils.java:logGet(44)) - raft.server.log.appender.buffer.byte-limit = 33554432 (custom)
2021-03-15 13:21:32,274 [pool-72-thread-1] INFO  metrics.RatisMetrics (RatisMetrics.java:lambda$create$0(36)) - Creating Metrics Registry : ratis.log_worker.2bcf9514-6eaf-4328-a021-870a209d39c4@group-7426FA8FAC29
2021-03-15 13:21:32,274 [pool-72-thread-1] INFO  server.RaftServerConfigKeys (ConfUtils.java:logGet(44)) - raft.server.log.segment.size.max = 1048576 (custom)
2021-03-15 13:21:32,275 [pool-72-thread-1] INFO  server.RaftServerConfigKeys (ConfUtils.java:logGet(44)) - raft.server.log.segment.cache.num.max = 2 (custom)
2021-03-15 13:21:32,275 [pool-72-thread-1] INFO  server.RaftServerConfigKeys (ConfUtils.java:logGet(44)) - raft.server.log.segment.cache.size.max = 200MB (=209715200) (default)
2021-03-15 13:21:32,275 [pool-72-thread-1] INFO  segmented.SegmentedRaftLogWorker (SegmentedRaftLogWorker.java:<init>(181)) - new 2bcf9514-6eaf-4328-a021-870a209d39c4@group-7426FA8FAC29-SegmentedRaftLogWorker for RaftStorageImpl:Storage Directory /github/workspace/mnt/ozone/hadoop-ozone/integration-test/target/test-dir/MiniOzoneClusterImpl-10170ce6-1bcb-4b6c-85b7-fb1f14fc7e79/datanode-2/data/ratis/ac74313d-67a1-459f-9117-7426fa8fac29
2021-03-15 13:21:32,275 [pool-72-thread-1] INFO  server.RaftServerConfigKeys (ConfUtils.java:logGet(44)) - raft.server.log.queue.byte-limit = 2147483647 (custom)
2021-03-15 13:21:32,275 [pool-72-thread-1] INFO  server.RaftServerConfigKeys (ConfUtils.java:logGet(44)) - raft.server.log.queue.element-limit = 1024 (custom)
2021-03-15 13:21:32,275 [pool-72-thread-1] INFO  server.RaftServerConfigKeys (ConfUtils.java:logGet(44)) - raft.server.log.segment.size.max = 1048576 (custom)
2021-03-15 13:21:32,275 [pool-72-thread-1] INFO  server.RaftServerConfigKeys (ConfUtils.java:logGet(44)) - raft.server.log.preallocated.size = 16384 (custom)
2021-03-15 13:21:32,275 [pool-72-thread-1] INFO  server.RaftServerConfigKeys (ConfUtils.java:logGet(44)) - raft.server.log.force.sync.num = 128 (default)
2021-03-15 13:21:32,276 [pool-72-thread-1] INFO  server.RaftServerConfigKeys (ConfUtils.java:logGet(44)) - raft.server.log.statemachine.data.sync = true (default)
2021-03-15 13:21:32,276 [pool-72-thread-1] INFO  server.RaftServerConfigKeys (ConfUtils.java:logGet(44)) - raft.server.log.statemachine.data.sync.timeout = 10s (default)
2021-03-15 13:21:32,276 [pool-72-thread-1] INFO  server.RaftServerConfigKeys (ConfUtils.java:logGet(44)) - raft.server.log.statemachine.data.sync.timeout.retry = -1 (default)
2021-03-15 13:21:32,281 [EventQueue-OpenPipelineForHealthyPipelineSafeModeRule] INFO  safemode.SCMSafeModeManager (HealthyPipelineSafeModeRule.java:process(128)) - SCM in safe mode. Healthy pipelines reported count is 0, required healthy pipeline reported count is 1
2021-03-15 13:21:32,284 [EventQueue-PipelineReportForOneReplicaPipelineSafeModeRule] INFO  safemode.SCMSafeModeManager (SCMSafeModeManager.java:validateSafeModeExitRules(214)) - AtleastOneDatanodeReportedRule rule is successfully validated
2021-03-15 13:21:32,285 [pool-72-thread-1] INFO  server.RaftServerConfigKeys (ConfUtils.java:logGet(44)) - raft.server.log.write.buffer.size = 1048576 (custom)
2021-03-15 13:21:32,286 [pool-72-thread-1] INFO  server.RaftServerConfigKeys (ConfUtils.java:logGet(44)) - raft.server.log.statemachine.data.caching.enabled = true (custom)
2021-03-15 13:21:32,289 [pool-72-thread-1] INFO  segmented.SegmentedRaftLogWorker (SegmentedRaftLogWorker.java:lambda$new$0(132)) - 2bcf9514-6eaf-4328-a021-870a209d39c4@group-7426FA8FAC29-SegmentedRaftLogWorker: flushIndex: setUnconditionally 0 -> -1
2021-03-15 13:21:32,296 [pool-72-thread-1] INFO  segmented.SegmentedRaftLogWorker (SegmentedRaftLogWorker.java:lambda$new$0(132)) - 2bcf9514-6eaf-4328-a021-870a209d39c4@group-7426FA8FAC29-SegmentedRaftLogWorker: safeCacheEvictIndex: setUnconditionally 0 -> -1
2021-03-15 13:21:32,297 [pool-72-thread-1] INFO  server.RaftServerConfigKeys (ConfUtils.java:logGet(44)) - raft.server.snapshot.auto.trigger.enabled = true (custom)
2021-03-15 13:21:32,297 [pool-72-thread-1] INFO  server.RaftServerConfigKeys (ConfUtils.java:logGet(44)) - raft.server.snapshot.auto.trigger.threshold = 10000 (custom)
2021-03-15 13:21:32,297 [pool-72-thread-1] INFO  server.RaftServerConfigKeys (ConfUtils.java:logGet(44)) - raft.server.snapshot.retention.file.num = 5 (custom)
2021-03-15 13:21:32,297 [pool-72-thread-1] INFO  server.RaftServerConfigKeys (ConfUtils.java:logGet(44)) - raft.server.log.purge.upto.snapshot.index = false (default)
2021-03-15 13:21:32,297 [pool-72-thread-1] INFO  server.RaftServerConfigKeys (ConfUtils.java:logGet(44)) - raft.server.retrycache.expirytime = 600000ms (custom)
2021-03-15 13:21:32,297 [pool-72-thread-1] INFO  server.RaftServerConfigKeys (ConfUtils.java:logGet(44)) - raft.server.retrycache.statistics.expirytime = 100?s (default)
2021-03-15 13:21:32,298 [pool-72-thread-1] INFO  metrics.RatisMetrics (RatisMetrics.java:lambda$create$0(36)) - Creating Metrics Registry : ratis.leader_election.2bcf9514-6eaf-4328-a021-870a209d39c4@group-7426FA8FAC29
2021-03-15 13:21:32,298 [pool-72-thread-1] INFO  metrics.RatisMetrics (RatisMetrics.java:lambda$create$0(36)) - Creating Metrics Registry : ratis.server.2bcf9514-6eaf-4328-a021-870a209d39c4@group-7426FA8FAC29
2021-03-15 13:21:32,306 [Command processor thread] INFO  server.RaftServer (RaftServerProxy.java:addNew(95)) - 01124cd4-4ace-459c-9f52-5cd7a41fca7c: addNew group-399D3B981C2E:[01124cd4-4ace-459c-9f52-5cd7a41fca7c|rpc:172.17.0.2:40903|priority:1] returns group-399D3B981C2E:java.util.concurrent.CompletableFuture@5becc142[Not completed]
2021-03-15 13:21:32,310 [pool-72-thread-1] INFO  server.RaftServer$Division (RaftServerImpl.java:start(295)) - 2bcf9514-6eaf-4328-a021-870a209d39c4@group-7426FA8FAC29: start as a follower, conf=-1: [29adc670-2c1e-4c6c-9558-1601f864128b|rpc:172.17.0.2:37315|priority:1, 2bcf9514-6eaf-4328-a021-870a209d39c4|rpc:172.17.0.2:43919|priority:0, c8823aab-1c49-422a-a51c-c7b83b859fa6|rpc:172.17.0.2:38877|priority:0], old=null
2021-03-15 13:21:32,310 [pool-72-thread-1] INFO  server.RaftServer$Division (RaftServerImpl.java:setRole(284)) - 2bcf9514-6eaf-4328-a021-870a209d39c4@group-7426FA8FAC29: changes role from      null to FOLLOWER at term 0 for startAsFollower
2021-03-15 13:21:32,310 [pool-72-thread-1] INFO  impl.RoleInfo (RoleInfo.java:updateAndGet(130)) - 2bcf9514-6eaf-4328-a021-870a209d39c4: start 2bcf9514-6eaf-4328-a021-870a209d39c4@group-7426FA8FAC29-FollowerState
2021-03-15 13:21:32,337 [pool-72-thread-1] INFO  util.JmxRegister (JmxRegister.java:tryRegister(44)) - Successfully registered JMX Bean with object name Ratis:service=RaftServer,group=group-7426FA8FAC29,id=2bcf9514-6eaf-4328-a021-870a209d39c4
2021-03-15 13:21:32,337 [pool-72-thread-1] INFO  metrics.RatisMetrics (RatisMetrics.java:lambda$create$0(36)) - Creating Metrics Registry : ratis.state_machine.2bcf9514-6eaf-4328-a021-870a209d39c4@group-7426FA8FAC29
2021-03-15 13:21:32,341 [Command processor thread] INFO  metrics.RatisMetrics (RatisMetrics.java:lambda$create$0(36)) - Creating Metrics Registry : ratis.client_message_metrics.client-01C63BD220B7->2bcf9514-6eaf-4328-a021-870a209d39c4
2021-03-15 13:21:32,344 [Command processor thread] INFO  metrics.RatisMetrics (RatisMetrics.java:lambda$create$0(36)) - Creating Metrics Registry : ratis.client_message_metrics.client-4F4D187D3EB3->2bcf9514-6eaf-4328-a021-870a209d39c4
2021-03-15 13:21:32,347 [Command processor thread] INFO  metrics.RatisMetrics (RatisMetrics.java:lambda$create$0(36)) - Creating Metrics Registry : ratis.client_message_metrics.client-7CA1D4196FBA->c8823aab-1c49-422a-a51c-c7b83b859fa6
2021-03-15 13:21:32,351 [pool-87-thread-1] INFO  server.RaftServer$Division (RaftServerImpl.java:<init>(180)) - 01124cd4-4ace-459c-9f52-5cd7a41fca7c: new RaftServerImpl for group-399D3B981C2E:[01124cd4-4ace-459c-9f52-5cd7a41fca7c|rpc:172.17.0.2:40903|priority:1] with ContainerStateMachine:uninitialized
2021-03-15 13:21:32,355 [pool-87-thread-1] INFO  server.RaftServerConfigKeys (ConfUtils.java:logGet(44)) - raft.server.rpc.timeout.min = 5s (custom)
2021-03-15 13:21:32,355 [pool-87-thread-1] INFO  server.RaftServerConfigKeys (ConfUtils.java:logGet(44)) - raft.server.rpc.timeout.max = 5200ms (custom)
2021-03-15 13:21:32,355 [pool-87-thread-1] INFO  server.RaftServerConfigKeys (ConfUtils.java:logGet(44)) - raft.server.rpc.sleep.time = 25ms (default)
2021-03-15 13:21:32,355 [pool-87-thread-1] INFO  server.RaftServerConfigKeys (ConfUtils.java:logGet(44)) - raft.server.rpc.slowness.timeout = 300000ms (custom)
2021-03-15 13:21:32,355 [pool-87-thread-1] INFO  server.RaftServerConfigKeys (ConfUtils.java:logGet(44)) - raft.server.leaderelection.leader.step-down.wait-time = 10s (default)
2021-03-15 13:21:32,355 [pool-87-thread-1] INFO  server.RaftServerConfigKeys (ConfUtils.java:logGet(44)) - raft.server.sleep.deviation.threshold = 300ms (default)
2021-03-15 13:21:32,355 [pool-87-thread-1] INFO  server.RaftServerConfigKeys (ConfUtils.java:logGet(44)) - raft.server.log.appender.install.snapshot.enabled = false (custom)
2021-03-15 13:21:32,355 [pool-87-thread-1] INFO  server.RaftServer$Division (ServerState.java:<init>(105)) - 01124cd4-4ace-459c-9f52-5cd7a41fca7c@group-399D3B981C2E: ConfigurationManager, init=-1: [01124cd4-4ace-459c-9f52-5cd7a41fca7c|rpc:172.17.0.2:40903|priority:1], old=null, confs=<EMPTY_MAP>
2021-03-15 13:21:32,355 [pool-87-thread-1] INFO  server.RaftServerConfigKeys (ConfUtils.java:logGet(44)) - raft.server.storage.dir = [/github/workspace/mnt/ozone/hadoop-ozone/integration-test/target/test-dir/MiniOzoneClusterImpl-10170ce6-1bcb-4b6c-85b7-fb1f14fc7e79/datanode-3/data/ratis] (custom)
2021-03-15 13:21:32,355 [pool-87-thread-1] INFO  server.RaftServerConfigKeys (ConfUtils.java:logGet(44)) - raft.server.log.corruption.policy = EXCEPTION (default)
2021-03-15 13:21:32,356 [pool-87-thread-1] INFO  storage.RaftStorageDirectory (RaftStorageDirectoryImpl.java:analyzeStorage(132)) - The storage directory /github/workspace/mnt/ozone/hadoop-ozone/integration-test/target/test-dir/MiniOzoneClusterImpl-10170ce6-1bcb-4b6c-85b7-fb1f14fc7e79/datanode-3/data/ratis/9afd33df-eae2-41e9-aae3-399d3b981c2e does not exist. Creating ...
2021-03-15 13:21:32,358 [pool-87-thread-1] INFO  storage.RaftStorageDirectory (RaftStorageDirectoryImpl.java:tryLock(215)) - Lock on /github/workspace/mnt/ozone/hadoop-ozone/integration-test/target/test-dir/MiniOzoneClusterImpl-10170ce6-1bcb-4b6c-85b7-fb1f14fc7e79/datanode-3/data/ratis/9afd33df-eae2-41e9-aae3-399d3b981c2e/in_use.lock acquired by nodename 8797@287f2862ff4e
2021-03-15 13:21:32,362 [pool-87-thread-1] INFO  storage.RaftStorage (RaftStorageImpl.java:format(87)) - Storage directory /github/workspace/mnt/ozone/hadoop-ozone/integration-test/target/test-dir/MiniOzoneClusterImpl-10170ce6-1bcb-4b6c-85b7-fb1f14fc7e79/datanode-3/data/ratis/9afd33df-eae2-41e9-aae3-399d3b981c2e has been successfully formatted.
2021-03-15 13:21:32,362 [pool-87-thread-1] INFO  ratis.ContainerStateMachine (ContainerStateMachine.java:loadSnapshot(223)) - group-399D3B981C2E: The snapshot info is null. Setting the last applied indexto:(t:0, i:~)
2021-03-15 13:21:32,362 [pool-87-thread-1] ERROR storage.RaftStorage (RaftStorageImpl.java:readRaftConfiguration(147)) - Failed reading configuration from file:/github/workspace/mnt/ozone/hadoop-ozone/integration-test/target/test-dir/MiniOzoneClusterImpl-10170ce6-1bcb-4b6c-85b7-fb1f14fc7e79/datanode-3/data/ratis/9afd33df-eae2-41e9-aae3-399d3b981c2e/current/raft-meta.conf
java.io.FileNotFoundException: /github/workspace/mnt/ozone/hadoop-ozone/integration-test/target/test-dir/MiniOzoneClusterImpl-10170ce6-1bcb-4b6c-85b7-fb1f14fc7e79/datanode-3/data/ratis/9afd33df-eae2-41e9-aae3-399d3b981c2e/current/raft-meta.conf (No such file or directory)
	at java.io.FileInputStream.open0(Native Method)
	at java.io.FileInputStream.open(FileInputStream.java:195)
	at java.io.FileInputStream.<init>(FileInputStream.java:138)
	at org.apache.ratis.server.storage.RaftStorageImpl.readRaftConfiguration(RaftStorageImpl.java:143)
	at org.apache.ratis.server.impl.ServerState.<init>(ServerState.java:122)
	at org.apache.ratis.server.impl.RaftServerImpl.<init>(RaftServerImpl.java:193)
	at org.apache.ratis.server.impl.RaftServerProxy.lambda$newRaftServerImpl$4(RaftServerProxy.java:266)
	at java.util.concurrent.CompletableFuture$AsyncSupply.run(CompletableFuture.java:1604)
	at java.util.concurrent.ThreadPoolExecutor.runWorker(ThreadPoolExecutor.java:1149)
	at java.util.concurrent.ThreadPoolExecutor$Worker.run(ThreadPoolExecutor.java:624)
	at java.lang.Thread.run(Thread.java:748)
2021-03-15 13:21:32,362 [pool-87-thread-1] INFO  server.RaftServerConfigKeys (ConfUtils.java:logGet(44)) - raft.server.notification.no-leader.timeout = 300000ms (custom)
2021-03-15 13:21:32,363 [pool-87-thread-1] INFO  server.RaftServerConfigKeys (ConfUtils.java:logGet(44)) - raft.server.log.use.memory = false (default)
2021-03-15 13:21:32,363 [pool-87-thread-1] INFO  server.RaftServerConfigKeys (ConfUtils.java:logGet(44)) - raft.server.log.purge.gap = 1000000 (custom)
2021-03-15 13:21:32,363 [pool-87-thread-1] INFO  server.RaftServerConfigKeys (ConfUtils.java:logGet(44)) - raft.server.log.appender.buffer.byte-limit = 33554432 (custom)
2021-03-15 13:21:32,363 [pool-87-thread-1] INFO  metrics.RatisMetrics (RatisMetrics.java:lambda$create$0(36)) - Creating Metrics Registry : ratis.log_worker.01124cd4-4ace-459c-9f52-5cd7a41fca7c@group-399D3B981C2E
2021-03-15 13:21:32,363 [pool-87-thread-1] INFO  server.RaftServerConfigKeys (ConfUtils.java:logGet(44)) - raft.server.log.segment.size.max = 1048576 (custom)
2021-03-15 13:21:32,365 [pool-87-thread-1] INFO  server.RaftServerConfigKeys (ConfUtils.java:logGet(44)) - raft.server.log.segment.cache.num.max = 2 (custom)
2021-03-15 13:21:32,365 [pool-87-thread-1] INFO  server.RaftServerConfigKeys (ConfUtils.java:logGet(44)) - raft.server.log.segment.cache.size.max = 200MB (=209715200) (default)
2021-03-15 13:21:32,365 [pool-87-thread-1] INFO  segmented.SegmentedRaftLogWorker (SegmentedRaftLogWorker.java:<init>(181)) - new 01124cd4-4ace-459c-9f52-5cd7a41fca7c@group-399D3B981C2E-SegmentedRaftLogWorker for RaftStorageImpl:Storage Directory /github/workspace/mnt/ozone/hadoop-ozone/integration-test/target/test-dir/MiniOzoneClusterImpl-10170ce6-1bcb-4b6c-85b7-fb1f14fc7e79/datanode-3/data/ratis/9afd33df-eae2-41e9-aae3-399d3b981c2e
2021-03-15 13:21:32,365 [pool-87-thread-1] INFO  server.RaftServerConfigKeys (ConfUtils.java:logGet(44)) - raft.server.log.queue.byte-limit = 2147483647 (custom)
2021-03-15 13:21:32,365 [pool-87-thread-1] INFO  server.RaftServerConfigKeys (ConfUtils.java:logGet(44)) - raft.server.log.queue.element-limit = 1024 (custom)
2021-03-15 13:21:32,366 [pool-87-thread-1] INFO  server.RaftServerConfigKeys (ConfUtils.java:logGet(44)) - raft.server.log.segment.size.max = 1048576 (custom)
2021-03-15 13:21:32,366 [pool-87-thread-1] INFO  server.RaftServerConfigKeys (ConfUtils.java:logGet(44)) - raft.server.log.preallocated.size = 16384 (custom)
2021-03-15 13:21:32,366 [pool-87-thread-1] INFO  server.RaftServerConfigKeys (ConfUtils.java:logGet(44)) - raft.server.log.force.sync.num = 128 (default)
2021-03-15 13:21:32,366 [pool-87-thread-1] INFO  server.RaftServerConfigKeys (ConfUtils.java:logGet(44)) - raft.server.log.statemachine.data.sync = true (default)
2021-03-15 13:21:32,366 [pool-87-thread-1] INFO  server.RaftServerConfigKeys (ConfUtils.java:logGet(44)) - raft.server.log.statemachine.data.sync.timeout = 10s (default)
2021-03-15 13:21:32,366 [pool-87-thread-1] INFO  server.RaftServerConfigKeys (ConfUtils.java:logGet(44)) - raft.server.log.statemachine.data.sync.timeout.retry = -1 (default)
2021-03-15 13:21:32,368 [pool-87-thread-1] INFO  server.RaftServerConfigKeys (ConfUtils.java:logGet(44)) - raft.server.log.write.buffer.size = 1048576 (custom)
2021-03-15 13:21:32,370 [pool-87-thread-1] INFO  server.RaftServerConfigKeys (ConfUtils.java:logGet(44)) - raft.server.log.statemachine.data.caching.enabled = true (custom)
2021-03-15 13:21:32,371 [pool-87-thread-1] INFO  segmented.SegmentedRaftLogWorker (SegmentedRaftLogWorker.java:lambda$new$0(132)) - 01124cd4-4ace-459c-9f52-5cd7a41fca7c@group-399D3B981C2E-SegmentedRaftLogWorker: flushIndex: setUnconditionally 0 -> -1
2021-03-15 13:21:32,371 [pool-87-thread-1] INFO  segmented.SegmentedRaftLogWorker (SegmentedRaftLogWorker.java:lambda$new$0(132)) - 01124cd4-4ace-459c-9f52-5cd7a41fca7c@group-399D3B981C2E-SegmentedRaftLogWorker: safeCacheEvictIndex: setUnconditionally 0 -> -1
2021-03-15 13:21:32,373 [EventQueue-PipelineReportForPipelineReportHandler] INFO  pipeline.PipelineStateManager (PipelineStateManager.java:openPipeline(132)) - Pipeline Pipeline[ Id: 9afd33df-eae2-41e9-aae3-399d3b981c2e, Nodes: 01124cd4-4ace-459c-9f52-5cd7a41fca7c{ip: 172.17.0.2, host: 287f2862ff4e, ports: [REPLICATION=39869, RATIS=40903, RATIS_ADMIN=40903, RATIS_SERVER=40903, STANDALONE=40093], networkLocation: /default-rack, certSerialId: null, persistedOpState: IN_SERVICE, persistedOpStateExpiryEpochSec: 0}, Type:RATIS, Factor:ONE, State:ALLOCATED, leaderId:01124cd4-4ace-459c-9f52-5cd7a41fca7c, CreationTimestamp2021-03-15T13:21:29.289Z] moved to OPEN state
2021-03-15 13:21:32,373 [EventQueue-PipelineReportForOneReplicaPipelineSafeModeRule] INFO  safemode.SCMSafeModeManager (SCMSafeModeManager.java:validateSafeModeExitRules(214)) - AtleastOneDatanodeReportedRule rule is successfully validated
2021-03-15 13:21:32,373 [EventQueue-OpenPipelineForHealthyPipelineSafeModeRule] INFO  safemode.SCMSafeModeManager (HealthyPipelineSafeModeRule.java:process(128)) - SCM in safe mode. Healthy pipelines reported count is 0, required healthy pipeline reported count is 1
2021-03-15 13:21:32,377 [pool-87-thread-1] INFO  server.RaftServerConfigKeys (ConfUtils.java:logGet(44)) - raft.server.snapshot.auto.trigger.enabled = true (custom)
2021-03-15 13:21:32,382 [pool-87-thread-1] INFO  server.RaftServerConfigKeys (ConfUtils.java:logGet(44)) - raft.server.snapshot.auto.trigger.threshold = 10000 (custom)
2021-03-15 13:21:32,382 [pool-87-thread-1] INFO  server.RaftServerConfigKeys (ConfUtils.java:logGet(44)) - raft.server.snapshot.retention.file.num = 5 (custom)
2021-03-15 13:21:32,385 [pool-87-thread-1] INFO  server.RaftServerConfigKeys (ConfUtils.java:logGet(44)) - raft.server.log.purge.upto.snapshot.index = false (default)
2021-03-15 13:21:32,385 [pool-87-thread-1] INFO  server.RaftServerConfigKeys (ConfUtils.java:logGet(44)) - raft.server.retrycache.expirytime = 600000ms (custom)
2021-03-15 13:21:32,385 [pool-87-thread-1] INFO  server.RaftServerConfigKeys (ConfUtils.java:logGet(44)) - raft.server.retrycache.statistics.expirytime = 100?s (default)
2021-03-15 13:21:32,385 [pool-87-thread-1] INFO  metrics.RatisMetrics (RatisMetrics.java:lambda$create$0(36)) - Creating Metrics Registry : ratis.leader_election.01124cd4-4ace-459c-9f52-5cd7a41fca7c@group-399D3B981C2E
2021-03-15 13:21:32,386 [pool-87-thread-1] INFO  metrics.RatisMetrics (RatisMetrics.java:lambda$create$0(36)) - Creating Metrics Registry : ratis.server.01124cd4-4ace-459c-9f52-5cd7a41fca7c@group-399D3B981C2E
2021-03-15 13:21:32,389 [grpc-default-executor-0] INFO  metrics.RatisMetrics (RatisMetrics.java:lambda$create$0(36)) - Creating Metrics Registry : ratis.server_message_metrics.2bcf9514-6eaf-4328-a021-870a209d39c4
2021-03-15 13:21:32,395 [pool-87-thread-1] INFO  server.RaftServer$Division (RaftServerImpl.java:start(295)) - 01124cd4-4ace-459c-9f52-5cd7a41fca7c@group-399D3B981C2E: start as a follower, conf=-1: [01124cd4-4ace-459c-9f52-5cd7a41fca7c|rpc:172.17.0.2:40903|priority:1], old=null
2021-03-15 13:21:32,395 [pool-87-thread-1] INFO  server.RaftServer$Division (RaftServerImpl.java:setRole(284)) - 01124cd4-4ace-459c-9f52-5cd7a41fca7c@group-399D3B981C2E: changes role from      null to FOLLOWER at term 0 for startAsFollower
2021-03-15 13:21:32,395 [pool-87-thread-1] INFO  impl.RoleInfo (RoleInfo.java:updateAndGet(130)) - 01124cd4-4ace-459c-9f52-5cd7a41fca7c: start 01124cd4-4ace-459c-9f52-5cd7a41fca7c@group-399D3B981C2E-FollowerState
2021-03-15 13:21:32,396 [pool-87-thread-1] INFO  util.JmxRegister (JmxRegister.java:tryRegister(44)) - Successfully registered JMX Bean with object name Ratis:service=RaftServer,group=group-399D3B981C2E,id=01124cd4-4ace-459c-9f52-5cd7a41fca7c
2021-03-15 13:21:32,397 [pool-87-thread-1] INFO  metrics.RatisMetrics (RatisMetrics.java:lambda$create$0(36)) - Creating Metrics Registry : ratis.state_machine.01124cd4-4ace-459c-9f52-5cd7a41fca7c@group-399D3B981C2E
2021-03-15 13:21:32,401 [Command processor thread] INFO  commandhandler.CreatePipelineCommandHandler (CreatePipelineCommandHandler.java:handle(106)) - Created Pipeline RATIS ONE PipelineID=9afd33df-eae2-41e9-aae3-399d3b981c2e.
2021-03-15 13:21:32,401 [Command processor thread] INFO  server.RaftServer (RaftServerProxy.java:addNew(95)) - 01124cd4-4ace-459c-9f52-5cd7a41fca7c: addNew group-E860D21F6A2B:[01124cd4-4ace-459c-9f52-5cd7a41fca7c|rpc:172.17.0.2:40903|priority:0, 8f544fba-ae2a-4c10-8316-b74b14cffb80|rpc:172.17.0.2:35899|priority:0, 490c2edb-ef6d-43f1-a3fc-38f1bdb7d380|rpc:172.17.0.2:35411|priority:1] returns group-E860D21F6A2B:java.util.concurrent.CompletableFuture@5fd34ee7[Not completed]
2021-03-15 13:21:32,403 [pool-87-thread-1] INFO  server.RaftServer$Division (RaftServerImpl.java:<init>(180)) - 01124cd4-4ace-459c-9f52-5cd7a41fca7c: new RaftServerImpl for group-E860D21F6A2B:[01124cd4-4ace-459c-9f52-5cd7a41fca7c|rpc:172.17.0.2:40903|priority:0, 8f544fba-ae2a-4c10-8316-b74b14cffb80|rpc:172.17.0.2:35899|priority:0, 490c2edb-ef6d-43f1-a3fc-38f1bdb7d380|rpc:172.17.0.2:35411|priority:1] with ContainerStateMachine:uninitialized
2021-03-15 13:21:32,403 [pool-87-thread-1] INFO  server.RaftServerConfigKeys (ConfUtils.java:logGet(44)) - raft.server.rpc.timeout.min = 5s (custom)
2021-03-15 13:21:32,403 [pool-87-thread-1] INFO  server.RaftServerConfigKeys (ConfUtils.java:logGet(44)) - raft.server.rpc.timeout.max = 5200ms (custom)
2021-03-15 13:21:32,403 [pool-87-thread-1] INFO  server.RaftServerConfigKeys (ConfUtils.java:logGet(44)) - raft.server.rpc.sleep.time = 25ms (default)
2021-03-15 13:21:32,403 [pool-87-thread-1] INFO  server.RaftServerConfigKeys (ConfUtils.java:logGet(44)) - raft.server.rpc.slowness.timeout = 300000ms (custom)
2021-03-15 13:21:32,403 [pool-87-thread-1] INFO  server.RaftServerConfigKeys (ConfUtils.java:logGet(44)) - raft.server.leaderelection.leader.step-down.wait-time = 10s (default)
2021-03-15 13:21:32,403 [pool-87-thread-1] INFO  server.RaftServerConfigKeys (ConfUtils.java:logGet(44)) - raft.server.sleep.deviation.threshold = 300ms (default)
2021-03-15 13:21:32,403 [pool-87-thread-1] INFO  server.RaftServerConfigKeys (ConfUtils.java:logGet(44)) - raft.server.log.appender.install.snapshot.enabled = false (custom)
2021-03-15 13:21:32,403 [pool-87-thread-1] INFO  server.RaftServer$Division (ServerState.java:<init>(105)) - 01124cd4-4ace-459c-9f52-5cd7a41fca7c@group-E860D21F6A2B: ConfigurationManager, init=-1: [01124cd4-4ace-459c-9f52-5cd7a41fca7c|rpc:172.17.0.2:40903|priority:0, 8f544fba-ae2a-4c10-8316-b74b14cffb80|rpc:172.17.0.2:35899|priority:0, 490c2edb-ef6d-43f1-a3fc-38f1bdb7d380|rpc:172.17.0.2:35411|priority:1], old=null, confs=<EMPTY_MAP>
2021-03-15 13:21:32,403 [pool-87-thread-1] INFO  server.RaftServerConfigKeys (ConfUtils.java:logGet(44)) - raft.server.storage.dir = [/github/workspace/mnt/ozone/hadoop-ozone/integration-test/target/test-dir/MiniOzoneClusterImpl-10170ce6-1bcb-4b6c-85b7-fb1f14fc7e79/datanode-3/data/ratis] (custom)
2021-03-15 13:21:32,404 [pool-87-thread-1] INFO  server.RaftServerConfigKeys (ConfUtils.java:logGet(44)) - raft.server.log.corruption.policy = EXCEPTION (default)
2021-03-15 13:21:32,404 [pool-87-thread-1] INFO  storage.RaftStorageDirectory (RaftStorageDirectoryImpl.java:analyzeStorage(132)) - The storage directory /github/workspace/mnt/ozone/hadoop-ozone/integration-test/target/test-dir/MiniOzoneClusterImpl-10170ce6-1bcb-4b6c-85b7-fb1f14fc7e79/datanode-3/data/ratis/1efb9cfa-6e5b-42ab-9bfb-e860d21f6a2b does not exist. Creating ...
2021-03-15 13:21:32,405 [pool-87-thread-1] INFO  storage.RaftStorageDirectory (RaftStorageDirectoryImpl.java:tryLock(215)) - Lock on /github/workspace/mnt/ozone/hadoop-ozone/integration-test/target/test-dir/MiniOzoneClusterImpl-10170ce6-1bcb-4b6c-85b7-fb1f14fc7e79/datanode-3/data/ratis/1efb9cfa-6e5b-42ab-9bfb-e860d21f6a2b/in_use.lock acquired by nodename 8797@287f2862ff4e
2021-03-15 13:21:32,412 [pool-87-thread-1] INFO  storage.RaftStorage (RaftStorageImpl.java:format(87)) - Storage directory /github/workspace/mnt/ozone/hadoop-ozone/integration-test/target/test-dir/MiniOzoneClusterImpl-10170ce6-1bcb-4b6c-85b7-fb1f14fc7e79/datanode-3/data/ratis/1efb9cfa-6e5b-42ab-9bfb-e860d21f6a2b has been successfully formatted.
2021-03-15 13:21:32,413 [pool-87-thread-1] INFO  ratis.ContainerStateMachine (ContainerStateMachine.java:loadSnapshot(223)) - group-E860D21F6A2B: The snapshot info is null. Setting the last applied indexto:(t:0, i:~)
2021-03-15 13:21:32,413 [pool-87-thread-1] ERROR storage.RaftStorage (RaftStorageImpl.java:readRaftConfiguration(147)) - Failed reading configuration from file:/github/workspace/mnt/ozone/hadoop-ozone/integration-test/target/test-dir/MiniOzoneClusterImpl-10170ce6-1bcb-4b6c-85b7-fb1f14fc7e79/datanode-3/data/ratis/1efb9cfa-6e5b-42ab-9bfb-e860d21f6a2b/current/raft-meta.conf
java.io.FileNotFoundException: /github/workspace/mnt/ozone/hadoop-ozone/integration-test/target/test-dir/MiniOzoneClusterImpl-10170ce6-1bcb-4b6c-85b7-fb1f14fc7e79/datanode-3/data/ratis/1efb9cfa-6e5b-42ab-9bfb-e860d21f6a2b/current/raft-meta.conf (No such file or directory)
	at java.io.FileInputStream.open0(Native Method)
	at java.io.FileInputStream.open(FileInputStream.java:195)
	at java.io.FileInputStream.<init>(FileInputStream.java:138)
	at org.apache.ratis.server.storage.RaftStorageImpl.readRaftConfiguration(RaftStorageImpl.java:143)
	at org.apache.ratis.server.impl.ServerState.<init>(ServerState.java:122)
	at org.apache.ratis.server.impl.RaftServerImpl.<init>(RaftServerImpl.java:193)
	at org.apache.ratis.server.impl.RaftServerProxy.lambda$newRaftServerImpl$4(RaftServerProxy.java:266)
	at java.util.concurrent.CompletableFuture$AsyncSupply.run(CompletableFuture.java:1604)
	at java.util.concurrent.ThreadPoolExecutor.runWorker(ThreadPoolExecutor.java:1149)
	at java.util.concurrent.ThreadPoolExecutor$Worker.run(ThreadPoolExecutor.java:624)
	at java.lang.Thread.run(Thread.java:748)
2021-03-15 13:21:32,413 [pool-87-thread-1] INFO  server.RaftServerConfigKeys (ConfUtils.java:logGet(44)) - raft.server.notification.no-leader.timeout = 300000ms (custom)
2021-03-15 13:21:32,413 [pool-87-thread-1] INFO  server.RaftServerConfigKeys (ConfUtils.java:logGet(44)) - raft.server.log.use.memory = false (default)
2021-03-15 13:21:32,413 [pool-87-thread-1] INFO  server.RaftServerConfigKeys (ConfUtils.java:logGet(44)) - raft.server.log.purge.gap = 1000000 (custom)
2021-03-15 13:21:32,413 [pool-87-thread-1] INFO  server.RaftServerConfigKeys (ConfUtils.java:logGet(44)) - raft.server.log.appender.buffer.byte-limit = 33554432 (custom)
2021-03-15 13:21:32,413 [pool-87-thread-1] INFO  metrics.RatisMetrics (RatisMetrics.java:lambda$create$0(36)) - Creating Metrics Registry : ratis.log_worker.01124cd4-4ace-459c-9f52-5cd7a41fca7c@group-E860D21F6A2B
2021-03-15 13:21:32,414 [pool-87-thread-1] INFO  server.RaftServerConfigKeys (ConfUtils.java:logGet(44)) - raft.server.log.segment.size.max = 1048576 (custom)
2021-03-15 13:21:32,414 [pool-87-thread-1] INFO  server.RaftServerConfigKeys (ConfUtils.java:logGet(44)) - raft.server.log.segment.cache.num.max = 2 (custom)
2021-03-15 13:21:32,414 [pool-87-thread-1] INFO  server.RaftServerConfigKeys (ConfUtils.java:logGet(44)) - raft.server.log.segment.cache.size.max = 200MB (=209715200) (default)
2021-03-15 13:21:32,414 [pool-87-thread-1] INFO  segmented.SegmentedRaftLogWorker (SegmentedRaftLogWorker.java:<init>(181)) - new 01124cd4-4ace-459c-9f52-5cd7a41fca7c@group-E860D21F6A2B-SegmentedRaftLogWorker for RaftStorageImpl:Storage Directory /github/workspace/mnt/ozone/hadoop-ozone/integration-test/target/test-dir/MiniOzoneClusterImpl-10170ce6-1bcb-4b6c-85b7-fb1f14fc7e79/datanode-3/data/ratis/1efb9cfa-6e5b-42ab-9bfb-e860d21f6a2b
2021-03-15 13:21:32,414 [pool-87-thread-1] INFO  server.RaftServerConfigKeys (ConfUtils.java:logGet(44)) - raft.server.log.queue.byte-limit = 2147483647 (custom)
2021-03-15 13:21:32,415 [pool-87-thread-1] INFO  server.RaftServerConfigKeys (ConfUtils.java:logGet(44)) - raft.server.log.queue.element-limit = 1024 (custom)
2021-03-15 13:21:32,415 [pool-87-thread-1] INFO  server.RaftServerConfigKeys (ConfUtils.java:logGet(44)) - raft.server.log.segment.size.max = 1048576 (custom)
2021-03-15 13:21:32,415 [pool-87-thread-1] INFO  server.RaftServerConfigKeys (ConfUtils.java:logGet(44)) - raft.server.log.preallocated.size = 16384 (custom)
2021-03-15 13:21:32,415 [pool-87-thread-1] INFO  server.RaftServerConfigKeys (ConfUtils.java:logGet(44)) - raft.server.log.force.sync.num = 128 (default)
2021-03-15 13:21:32,415 [pool-87-thread-1] INFO  server.RaftServerConfigKeys (ConfUtils.java:logGet(44)) - raft.server.log.statemachine.data.sync = true (default)
2021-03-15 13:21:32,415 [pool-87-thread-1] INFO  server.RaftServerConfigKeys (ConfUtils.java:logGet(44)) - raft.server.log.statemachine.data.sync.timeout = 10s (default)
2021-03-15 13:21:32,415 [pool-87-thread-1] INFO  server.RaftServerConfigKeys (ConfUtils.java:logGet(44)) - raft.server.log.statemachine.data.sync.timeout.retry = -1 (default)
2021-03-15 13:21:32,416 [pool-87-thread-1] INFO  server.RaftServerConfigKeys (ConfUtils.java:logGet(44)) - raft.server.log.write.buffer.size = 1048576 (custom)
2021-03-15 13:21:32,418 [pool-87-thread-1] INFO  server.RaftServerConfigKeys (ConfUtils.java:logGet(44)) - raft.server.log.statemachine.data.caching.enabled = true (custom)
2021-03-15 13:21:32,419 [EventQueue-OpenPipelineForHealthyPipelineSafeModeRule] INFO  safemode.SCMSafeModeManager (HealthyPipelineSafeModeRule.java:process(128)) - SCM in safe mode. Healthy pipelines reported count is 0, required healthy pipeline reported count is 1
2021-03-15 13:21:32,420 [EventQueue-PipelineReportForOneReplicaPipelineSafeModeRule] INFO  safemode.SCMSafeModeManager (SCMSafeModeManager.java:validateSafeModeExitRules(214)) - AtleastOneDatanodeReportedRule rule is successfully validated
2021-03-15 13:21:32,421 [pool-87-thread-1] INFO  segmented.SegmentedRaftLogWorker (SegmentedRaftLogWorker.java:lambda$new$0(132)) - 01124cd4-4ace-459c-9f52-5cd7a41fca7c@group-E860D21F6A2B-SegmentedRaftLogWorker: flushIndex: setUnconditionally 0 -> -1
2021-03-15 13:21:32,421 [pool-87-thread-1] INFO  segmented.SegmentedRaftLogWorker (SegmentedRaftLogWorker.java:lambda$new$0(132)) - 01124cd4-4ace-459c-9f52-5cd7a41fca7c@group-E860D21F6A2B-SegmentedRaftLogWorker: safeCacheEvictIndex: setUnconditionally 0 -> -1
2021-03-15 13:21:32,422 [pool-87-thread-1] INFO  server.RaftServerConfigKeys (ConfUtils.java:logGet(44)) - raft.server.snapshot.auto.trigger.enabled = true (custom)
2021-03-15 13:21:32,422 [pool-87-thread-1] INFO  server.RaftServerConfigKeys (ConfUtils.java:logGet(44)) - raft.server.snapshot.auto.trigger.threshold = 10000 (custom)
2021-03-15 13:21:32,422 [pool-87-thread-1] INFO  server.RaftServerConfigKeys (ConfUtils.java:logGet(44)) - raft.server.snapshot.retention.file.num = 5 (custom)
2021-03-15 13:21:32,422 [pool-87-thread-1] INFO  server.RaftServerConfigKeys (ConfUtils.java:logGet(44)) - raft.server.log.purge.upto.snapshot.index = false (default)
2021-03-15 13:21:32,422 [pool-87-thread-1] INFO  server.RaftServerConfigKeys (ConfUtils.java:logGet(44)) - raft.server.retrycache.expirytime = 600000ms (custom)
2021-03-15 13:21:32,422 [pool-87-thread-1] INFO  server.RaftServerConfigKeys (ConfUtils.java:logGet(44)) - raft.server.retrycache.statistics.expirytime = 100?s (default)
2021-03-15 13:21:32,422 [pool-87-thread-1] INFO  metrics.RatisMetrics (RatisMetrics.java:lambda$create$0(36)) - Creating Metrics Registry : ratis.leader_election.01124cd4-4ace-459c-9f52-5cd7a41fca7c@group-E860D21F6A2B
2021-03-15 13:21:32,423 [pool-87-thread-1] INFO  metrics.RatisMetrics (RatisMetrics.java:lambda$create$0(36)) - Creating Metrics Registry : ratis.server.01124cd4-4ace-459c-9f52-5cd7a41fca7c@group-E860D21F6A2B
2021-03-15 13:21:32,425 [pool-87-thread-1] INFO  server.RaftServer$Division (RaftServerImpl.java:start(295)) - 01124cd4-4ace-459c-9f52-5cd7a41fca7c@group-E860D21F6A2B: start as a follower, conf=-1: [01124cd4-4ace-459c-9f52-5cd7a41fca7c|rpc:172.17.0.2:40903|priority:0, 8f544fba-ae2a-4c10-8316-b74b14cffb80|rpc:172.17.0.2:35899|priority:0, 490c2edb-ef6d-43f1-a3fc-38f1bdb7d380|rpc:172.17.0.2:35411|priority:1], old=null
2021-03-15 13:21:32,426 [pool-87-thread-1] INFO  server.RaftServer$Division (RaftServerImpl.java:setRole(284)) - 01124cd4-4ace-459c-9f52-5cd7a41fca7c@group-E860D21F6A2B: changes role from      null to FOLLOWER at term 0 for startAsFollower
2021-03-15 13:21:32,426 [pool-87-thread-1] INFO  impl.RoleInfo (RoleInfo.java:updateAndGet(130)) - 01124cd4-4ace-459c-9f52-5cd7a41fca7c: start 01124cd4-4ace-459c-9f52-5cd7a41fca7c@group-E860D21F6A2B-FollowerState
2021-03-15 13:21:32,426 [pool-87-thread-1] INFO  util.JmxRegister (JmxRegister.java:tryRegister(44)) - Successfully registered JMX Bean with object name Ratis:service=RaftServer,group=group-E860D21F6A2B,id=01124cd4-4ace-459c-9f52-5cd7a41fca7c
2021-03-15 13:21:32,426 [pool-87-thread-1] INFO  metrics.RatisMetrics (RatisMetrics.java:lambda$create$0(36)) - Creating Metrics Registry : ratis.state_machine.01124cd4-4ace-459c-9f52-5cd7a41fca7c@group-E860D21F6A2B
2021-03-15 13:21:32,426 [Command processor thread] INFO  metrics.RatisMetrics (RatisMetrics.java:lambda$create$0(36)) - Creating Metrics Registry : ratis.client_message_metrics.client-45685F369CBF->29adc670-2c1e-4c6c-9558-1601f864128b
2021-03-15 13:21:32,428 [Command processor thread] INFO  metrics.RatisMetrics (RatisMetrics.java:lambda$create$0(36)) - Creating Metrics Registry : ratis.client_message_metrics.client-33178E2A2583->8f544fba-ae2a-4c10-8316-b74b14cffb80
2021-03-15 13:21:32,447 [Command processor thread] INFO  commandhandler.CreatePipelineCommandHandler (CreatePipelineCommandHandler.java:handle(106)) - Created Pipeline RATIS THREE PipelineID=ac74313d-67a1-459f-9117-7426fa8fac29.
2021-03-15 13:21:32,448 [Command processor thread] INFO  server.RaftServer (RaftServerProxy.java:addNew(95)) - c8823aab-1c49-422a-a51c-c7b83b859fa6: addNew group-388B48EC2E2F:[29adc670-2c1e-4c6c-9558-1601f864128b|rpc:172.17.0.2:37315|priority:0, 2bcf9514-6eaf-4328-a021-870a209d39c4|rpc:172.17.0.2:43919|priority:0, c8823aab-1c49-422a-a51c-c7b83b859fa6|rpc:172.17.0.2:38877|priority:1] returns group-388B48EC2E2F:java.util.concurrent.CompletableFuture@4e3e06a[Not completed]
2021-03-15 13:21:32,451 [Command processor thread] INFO  commandhandler.CreatePipelineCommandHandler (CreatePipelineCommandHandler.java:handle(106)) - Created Pipeline RATIS THREE PipelineID=ac74313d-67a1-459f-9117-7426fa8fac29.
2021-03-15 13:21:32,451 [Command processor thread] INFO  server.RaftServer (RaftServerProxy.java:addNew(95)) - 29adc670-2c1e-4c6c-9558-1601f864128b: addNew group-388B48EC2E2F:[29adc670-2c1e-4c6c-9558-1601f864128b|rpc:172.17.0.2:37315|priority:0, 2bcf9514-6eaf-4328-a021-870a209d39c4|rpc:172.17.0.2:43919|priority:0, c8823aab-1c49-422a-a51c-c7b83b859fa6|rpc:172.17.0.2:38877|priority:1] returns group-388B48EC2E2F:java.util.concurrent.CompletableFuture@36fa568f[Not completed]
2021-03-15 13:21:32,458 [pool-55-thread-1] INFO  server.RaftServer$Division (RaftServerImpl.java:<init>(180)) - 29adc670-2c1e-4c6c-9558-1601f864128b: new RaftServerImpl for group-388B48EC2E2F:[29adc670-2c1e-4c6c-9558-1601f864128b|rpc:172.17.0.2:37315|priority:0, 2bcf9514-6eaf-4328-a021-870a209d39c4|rpc:172.17.0.2:43919|priority:0, c8823aab-1c49-422a-a51c-c7b83b859fa6|rpc:172.17.0.2:38877|priority:1] with ContainerStateMachine:uninitialized
2021-03-15 13:21:32,458 [grpc-default-executor-2] INFO  metrics.RatisMetrics (RatisMetrics.java:lambda$create$0(36)) - Creating Metrics Registry : ratis.server_message_metrics.8f544fba-ae2a-4c10-8316-b74b14cffb80
2021-03-15 13:21:32,458 [pool-55-thread-1] INFO  server.RaftServerConfigKeys (ConfUtils.java:logGet(44)) - raft.server.rpc.timeout.min = 5s (custom)
2021-03-15 13:21:32,458 [pool-55-thread-1] INFO  server.RaftServerConfigKeys (ConfUtils.java:logGet(44)) - raft.server.rpc.timeout.max = 5200ms (custom)
2021-03-15 13:21:32,458 [pool-55-thread-1] INFO  server.RaftServerConfigKeys (ConfUtils.java:logGet(44)) - raft.server.rpc.sleep.time = 25ms (default)
2021-03-15 13:21:32,458 [pool-55-thread-1] INFO  server.RaftServerConfigKeys (ConfUtils.java:logGet(44)) - raft.server.rpc.slowness.timeout = 300000ms (custom)
2021-03-15 13:21:32,458 [pool-55-thread-1] INFO  server.RaftServerConfigKeys (ConfUtils.java:logGet(44)) - raft.server.leaderelection.leader.step-down.wait-time = 10s (default)
2021-03-15 13:21:32,458 [pool-55-thread-1] INFO  server.RaftServerConfigKeys (ConfUtils.java:logGet(44)) - raft.server.sleep.deviation.threshold = 300ms (default)
2021-03-15 13:21:32,459 [pool-55-thread-1] INFO  server.RaftServerConfigKeys (ConfUtils.java:logGet(44)) - raft.server.log.appender.install.snapshot.enabled = false (custom)
2021-03-15 13:21:32,459 [pool-55-thread-1] INFO  server.RaftServer$Division (ServerState.java:<init>(105)) - 29adc670-2c1e-4c6c-9558-1601f864128b@group-388B48EC2E2F: ConfigurationManager, init=-1: [29adc670-2c1e-4c6c-9558-1601f864128b|rpc:172.17.0.2:37315|priority:0, 2bcf9514-6eaf-4328-a021-870a209d39c4|rpc:172.17.0.2:43919|priority:0, c8823aab-1c49-422a-a51c-c7b83b859fa6|rpc:172.17.0.2:38877|priority:1], old=null, confs=<EMPTY_MAP>
2021-03-15 13:21:32,459 [pool-55-thread-1] INFO  server.RaftServerConfigKeys (ConfUtils.java:logGet(44)) - raft.server.storage.dir = [/github/workspace/mnt/ozone/hadoop-ozone/integration-test/target/test-dir/MiniOzoneClusterImpl-10170ce6-1bcb-4b6c-85b7-fb1f14fc7e79/datanode-1/data/ratis] (custom)
2021-03-15 13:21:32,459 [pool-55-thread-1] INFO  server.RaftServerConfigKeys (ConfUtils.java:logGet(44)) - raft.server.log.corruption.policy = EXCEPTION (default)
2021-03-15 13:21:32,459 [pool-55-thread-1] INFO  storage.RaftStorageDirectory (RaftStorageDirectoryImpl.java:analyzeStorage(132)) - The storage directory /github/workspace/mnt/ozone/hadoop-ozone/integration-test/target/test-dir/MiniOzoneClusterImpl-10170ce6-1bcb-4b6c-85b7-fb1f14fc7e79/datanode-1/data/ratis/71864db7-4d39-4cb4-b48c-388b48ec2e2f does not exist. Creating ...
2021-03-15 13:21:32,460 [pool-40-thread-1] INFO  server.RaftServer$Division (RaftServerImpl.java:<init>(180)) - c8823aab-1c49-422a-a51c-c7b83b859fa6: new RaftServerImpl for group-388B48EC2E2F:[29adc670-2c1e-4c6c-9558-1601f864128b|rpc:172.17.0.2:37315|priority:0, 2bcf9514-6eaf-4328-a021-870a209d39c4|rpc:172.17.0.2:43919|priority:0, c8823aab-1c49-422a-a51c-c7b83b859fa6|rpc:172.17.0.2:38877|priority:1] with ContainerStateMachine:uninitialized
2021-03-15 13:21:32,460 [pool-40-thread-1] INFO  server.RaftServerConfigKeys (ConfUtils.java:logGet(44)) - raft.server.rpc.timeout.min = 5s (custom)
2021-03-15 13:21:32,460 [pool-40-thread-1] INFO  server.RaftServerConfigKeys (ConfUtils.java:logGet(44)) - raft.server.rpc.timeout.max = 5200ms (custom)
2021-03-15 13:21:32,460 [pool-40-thread-1] INFO  server.RaftServerConfigKeys (ConfUtils.java:logGet(44)) - raft.server.rpc.sleep.time = 25ms (default)
2021-03-15 13:21:32,460 [pool-40-thread-1] INFO  server.RaftServerConfigKeys (ConfUtils.java:logGet(44)) - raft.server.rpc.slowness.timeout = 300000ms (custom)
2021-03-15 13:21:32,461 [pool-40-thread-1] INFO  server.RaftServerConfigKeys (ConfUtils.java:logGet(44)) - raft.server.leaderelection.leader.step-down.wait-time = 10s (default)
2021-03-15 13:21:32,461 [pool-40-thread-1] INFO  server.RaftServerConfigKeys (ConfUtils.java:logGet(44)) - raft.server.sleep.deviation.threshold = 300ms (default)
2021-03-15 13:21:32,461 [pool-40-thread-1] INFO  server.RaftServerConfigKeys (ConfUtils.java:logGet(44)) - raft.server.log.appender.install.snapshot.enabled = false (custom)
2021-03-15 13:21:32,461 [pool-40-thread-1] INFO  server.RaftServer$Division (ServerState.java:<init>(105)) - c8823aab-1c49-422a-a51c-c7b83b859fa6@group-388B48EC2E2F: ConfigurationManager, init=-1: [29adc670-2c1e-4c6c-9558-1601f864128b|rpc:172.17.0.2:37315|priority:0, 2bcf9514-6eaf-4328-a021-870a209d39c4|rpc:172.17.0.2:43919|priority:0, c8823aab-1c49-422a-a51c-c7b83b859fa6|rpc:172.17.0.2:38877|priority:1], old=null, confs=<EMPTY_MAP>
2021-03-15 13:21:32,461 [pool-40-thread-1] INFO  server.RaftServerConfigKeys (ConfUtils.java:logGet(44)) - raft.server.storage.dir = [/github/workspace/mnt/ozone/hadoop-ozone/integration-test/target/test-dir/MiniOzoneClusterImpl-10170ce6-1bcb-4b6c-85b7-fb1f14fc7e79/datanode-0/data/ratis] (custom)
2021-03-15 13:21:32,461 [pool-55-thread-1] INFO  storage.RaftStorageDirectory (RaftStorageDirectoryImpl.java:tryLock(215)) - Lock on /github/workspace/mnt/ozone/hadoop-ozone/integration-test/target/test-dir/MiniOzoneClusterImpl-10170ce6-1bcb-4b6c-85b7-fb1f14fc7e79/datanode-1/data/ratis/71864db7-4d39-4cb4-b48c-388b48ec2e2f/in_use.lock acquired by nodename 8797@287f2862ff4e
2021-03-15 13:21:32,462 [pool-40-thread-1] INFO  server.RaftServerConfigKeys (ConfUtils.java:logGet(44)) - raft.server.log.corruption.policy = EXCEPTION (default)
2021-03-15 13:21:32,462 [pool-40-thread-1] INFO  storage.RaftStorageDirectory (RaftStorageDirectoryImpl.java:analyzeStorage(132)) - The storage directory /github/workspace/mnt/ozone/hadoop-ozone/integration-test/target/test-dir/MiniOzoneClusterImpl-10170ce6-1bcb-4b6c-85b7-fb1f14fc7e79/datanode-0/data/ratis/71864db7-4d39-4cb4-b48c-388b48ec2e2f does not exist. Creating ...
2021-03-15 13:21:32,463 [pool-55-thread-1] INFO  storage.RaftStorage (RaftStorageImpl.java:format(87)) - Storage directory /github/workspace/mnt/ozone/hadoop-ozone/integration-test/target/test-dir/MiniOzoneClusterImpl-10170ce6-1bcb-4b6c-85b7-fb1f14fc7e79/datanode-1/data/ratis/71864db7-4d39-4cb4-b48c-388b48ec2e2f has been successfully formatted.
2021-03-15 13:21:32,463 [pool-40-thread-1] INFO  storage.RaftStorageDirectory (RaftStorageDirectoryImpl.java:tryLock(215)) - Lock on /github/workspace/mnt/ozone/hadoop-ozone/integration-test/target/test-dir/MiniOzoneClusterImpl-10170ce6-1bcb-4b6c-85b7-fb1f14fc7e79/datanode-0/data/ratis/71864db7-4d39-4cb4-b48c-388b48ec2e2f/in_use.lock acquired by nodename 8797@287f2862ff4e
2021-03-15 13:21:32,465 [pool-55-thread-1] INFO  ratis.ContainerStateMachine (ContainerStateMachine.java:loadSnapshot(223)) - group-388B48EC2E2F: The snapshot info is null. Setting the last applied indexto:(t:0, i:~)
2021-03-15 13:21:32,465 [pool-55-thread-1] ERROR storage.RaftStorage (RaftStorageImpl.java:readRaftConfiguration(147)) - Failed reading configuration from file:/github/workspace/mnt/ozone/hadoop-ozone/integration-test/target/test-dir/MiniOzoneClusterImpl-10170ce6-1bcb-4b6c-85b7-fb1f14fc7e79/datanode-1/data/ratis/71864db7-4d39-4cb4-b48c-388b48ec2e2f/current/raft-meta.conf
java.io.FileNotFoundException: /github/workspace/mnt/ozone/hadoop-ozone/integration-test/target/test-dir/MiniOzoneClusterImpl-10170ce6-1bcb-4b6c-85b7-fb1f14fc7e79/datanode-1/data/ratis/71864db7-4d39-4cb4-b48c-388b48ec2e2f/current/raft-meta.conf (No such file or directory)
	at java.io.FileInputStream.open0(Native Method)
	at java.io.FileInputStream.open(FileInputStream.java:195)
	at java.io.FileInputStream.<init>(FileInputStream.java:138)
	at org.apache.ratis.server.storage.RaftStorageImpl.readRaftConfiguration(RaftStorageImpl.java:143)
	at org.apache.ratis.server.impl.ServerState.<init>(ServerState.java:122)
	at org.apache.ratis.server.impl.RaftServerImpl.<init>(RaftServerImpl.java:193)
	at org.apache.ratis.server.impl.RaftServerProxy.lambda$newRaftServerImpl$4(RaftServerProxy.java:266)
	at java.util.concurrent.CompletableFuture$AsyncSupply.run(CompletableFuture.java:1604)
	at java.util.concurrent.ThreadPoolExecutor.runWorker(ThreadPoolExecutor.java:1149)
	at java.util.concurrent.ThreadPoolExecutor$Worker.run(ThreadPoolExecutor.java:624)
	at java.lang.Thread.run(Thread.java:748)
2021-03-15 13:21:32,466 [pool-55-thread-1] INFO  server.RaftServerConfigKeys (ConfUtils.java:logGet(44)) - raft.server.notification.no-leader.timeout = 300000ms (custom)
2021-03-15 13:21:32,466 [pool-55-thread-1] INFO  server.RaftServerConfigKeys (ConfUtils.java:logGet(44)) - raft.server.log.use.memory = false (default)
2021-03-15 13:21:32,466 [pool-55-thread-1] INFO  server.RaftServerConfigKeys (ConfUtils.java:logGet(44)) - raft.server.log.purge.gap = 1000000 (custom)
2021-03-15 13:21:32,466 [pool-55-thread-1] INFO  server.RaftServerConfigKeys (ConfUtils.java:logGet(44)) - raft.server.log.appender.buffer.byte-limit = 33554432 (custom)
2021-03-15 13:21:32,466 [pool-55-thread-1] INFO  metrics.RatisMetrics (RatisMetrics.java:lambda$create$0(36)) - Creating Metrics Registry : ratis.log_worker.29adc670-2c1e-4c6c-9558-1601f864128b@group-388B48EC2E2F
2021-03-15 13:21:32,466 [pool-55-thread-1] INFO  server.RaftServerConfigKeys (ConfUtils.java:logGet(44)) - raft.server.log.segment.size.max = 1048576 (custom)
2021-03-15 13:21:32,467 [pool-55-thread-1] INFO  server.RaftServerConfigKeys (ConfUtils.java:logGet(44)) - raft.server.log.segment.cache.num.max = 2 (custom)
2021-03-15 13:21:32,467 [pool-55-thread-1] INFO  server.RaftServerConfigKeys (ConfUtils.java:logGet(44)) - raft.server.log.segment.cache.size.max = 200MB (=209715200) (default)
2021-03-15 13:21:32,467 [pool-55-thread-1] INFO  segmented.SegmentedRaftLogWorker (SegmentedRaftLogWorker.java:<init>(181)) - new 29adc670-2c1e-4c6c-9558-1601f864128b@group-388B48EC2E2F-SegmentedRaftLogWorker for RaftStorageImpl:Storage Directory /github/workspace/mnt/ozone/hadoop-ozone/integration-test/target/test-dir/MiniOzoneClusterImpl-10170ce6-1bcb-4b6c-85b7-fb1f14fc7e79/datanode-1/data/ratis/71864db7-4d39-4cb4-b48c-388b48ec2e2f
2021-03-15 13:21:32,467 [pool-55-thread-1] INFO  server.RaftServerConfigKeys (ConfUtils.java:logGet(44)) - raft.server.log.queue.byte-limit = 2147483647 (custom)
2021-03-15 13:21:32,467 [pool-55-thread-1] INFO  server.RaftServerConfigKeys (ConfUtils.java:logGet(44)) - raft.server.log.queue.element-limit = 1024 (custom)
2021-03-15 13:21:32,468 [pool-55-thread-1] INFO  server.RaftServerConfigKeys (ConfUtils.java:logGet(44)) - raft.server.log.segment.size.max = 1048576 (custom)
2021-03-15 13:21:32,472 [pool-55-thread-1] INFO  server.RaftServerConfigKeys (ConfUtils.java:logGet(44)) - raft.server.log.preallocated.size = 16384 (custom)
2021-03-15 13:21:32,472 [pool-55-thread-1] INFO  server.RaftServerConfigKeys (ConfUtils.java:logGet(44)) - raft.server.log.force.sync.num = 128 (default)
2021-03-15 13:21:32,472 [pool-55-thread-1] INFO  server.RaftServerConfigKeys (ConfUtils.java:logGet(44)) - raft.server.log.statemachine.data.sync = true (default)
2021-03-15 13:21:32,472 [pool-55-thread-1] INFO  server.RaftServerConfigKeys (ConfUtils.java:logGet(44)) - raft.server.log.statemachine.data.sync.timeout = 10s (default)
2021-03-15 13:21:32,473 [pool-55-thread-1] INFO  server.RaftServerConfigKeys (ConfUtils.java:logGet(44)) - raft.server.log.statemachine.data.sync.timeout.retry = -1 (default)
2021-03-15 13:21:32,472 [pool-40-thread-1] INFO  storage.RaftStorage (RaftStorageImpl.java:format(87)) - Storage directory /github/workspace/mnt/ozone/hadoop-ozone/integration-test/target/test-dir/MiniOzoneClusterImpl-10170ce6-1bcb-4b6c-85b7-fb1f14fc7e79/datanode-0/data/ratis/71864db7-4d39-4cb4-b48c-388b48ec2e2f has been successfully formatted.
2021-03-15 13:21:32,473 [EventQueue-OpenPipelineForHealthyPipelineSafeModeRule] INFO  safemode.SCMSafeModeManager (HealthyPipelineSafeModeRule.java:process(128)) - SCM in safe mode. Healthy pipelines reported count is 0, required healthy pipeline reported count is 1
2021-03-15 13:21:32,473 [EventQueue-PipelineReportForOneReplicaPipelineSafeModeRule] INFO  safemode.SCMSafeModeManager (SCMSafeModeManager.java:validateSafeModeExitRules(214)) - AtleastOneDatanodeReportedRule rule is successfully validated
2021-03-15 13:21:32,475 [pool-40-thread-1] INFO  ratis.ContainerStateMachine (ContainerStateMachine.java:loadSnapshot(223)) - group-388B48EC2E2F: The snapshot info is null. Setting the last applied indexto:(t:0, i:~)
2021-03-15 13:21:32,475 [pool-40-thread-1] ERROR storage.RaftStorage (RaftStorageImpl.java:readRaftConfiguration(147)) - Failed reading configuration from file:/github/workspace/mnt/ozone/hadoop-ozone/integration-test/target/test-dir/MiniOzoneClusterImpl-10170ce6-1bcb-4b6c-85b7-fb1f14fc7e79/datanode-0/data/ratis/71864db7-4d39-4cb4-b48c-388b48ec2e2f/current/raft-meta.conf
java.io.FileNotFoundException: /github/workspace/mnt/ozone/hadoop-ozone/integration-test/target/test-dir/MiniOzoneClusterImpl-10170ce6-1bcb-4b6c-85b7-fb1f14fc7e79/datanode-0/data/ratis/71864db7-4d39-4cb4-b48c-388b48ec2e2f/current/raft-meta.conf (No such file or directory)
	at java.io.FileInputStream.open0(Native Method)
	at java.io.FileInputStream.open(FileInputStream.java:195)
	at java.io.FileInputStream.<init>(FileInputStream.java:138)
	at org.apache.ratis.server.storage.RaftStorageImpl.readRaftConfiguration(RaftStorageImpl.java:143)
	at org.apache.ratis.server.impl.ServerState.<init>(ServerState.java:122)
	at org.apache.ratis.server.impl.RaftServerImpl.<init>(RaftServerImpl.java:193)
	at org.apache.ratis.server.impl.RaftServerProxy.lambda$newRaftServerImpl$4(RaftServerProxy.java:266)
	at java.util.concurrent.CompletableFuture$AsyncSupply.run(CompletableFuture.java:1604)
	at java.util.concurrent.ThreadPoolExecutor.runWorker(ThreadPoolExecutor.java:1149)
	at java.util.concurrent.ThreadPoolExecutor$Worker.run(ThreadPoolExecutor.java:624)
	at java.lang.Thread.run(Thread.java:748)
2021-03-15 13:21:32,475 [pool-40-thread-1] INFO  server.RaftServerConfigKeys (ConfUtils.java:logGet(44)) - raft.server.notification.no-leader.timeout = 300000ms (custom)
2021-03-15 13:21:32,475 [pool-40-thread-1] INFO  server.RaftServerConfigKeys (ConfUtils.java:logGet(44)) - raft.server.log.use.memory = false (default)
2021-03-15 13:21:32,475 [pool-40-thread-1] INFO  server.RaftServerConfigKeys (ConfUtils.java:logGet(44)) - raft.server.log.purge.gap = 1000000 (custom)
2021-03-15 13:21:32,476 [pool-40-thread-1] INFO  server.RaftServerConfigKeys (ConfUtils.java:logGet(44)) - raft.server.log.appender.buffer.byte-limit = 33554432 (custom)
2021-03-15 13:21:32,476 [pool-40-thread-1] INFO  metrics.RatisMetrics (RatisMetrics.java:lambda$create$0(36)) - Creating Metrics Registry : ratis.log_worker.c8823aab-1c49-422a-a51c-c7b83b859fa6@group-388B48EC2E2F
2021-03-15 13:21:32,476 [pool-40-thread-1] INFO  server.RaftServerConfigKeys (ConfUtils.java:logGet(44)) - raft.server.log.segment.size.max = 1048576 (custom)
2021-03-15 13:21:32,477 [pool-40-thread-1] INFO  server.RaftServerConfigKeys (ConfUtils.java:logGet(44)) - raft.server.log.segment.cache.num.max = 2 (custom)
2021-03-15 13:21:32,477 [pool-40-thread-1] INFO  server.RaftServerConfigKeys (ConfUtils.java:logGet(44)) - raft.server.log.segment.cache.size.max = 200MB (=209715200) (default)
2021-03-15 13:21:32,477 [pool-40-thread-1] INFO  segmented.SegmentedRaftLogWorker (SegmentedRaftLogWorker.java:<init>(181)) - new c8823aab-1c49-422a-a51c-c7b83b859fa6@group-388B48EC2E2F-SegmentedRaftLogWorker for RaftStorageImpl:Storage Directory /github/workspace/mnt/ozone/hadoop-ozone/integration-test/target/test-dir/MiniOzoneClusterImpl-10170ce6-1bcb-4b6c-85b7-fb1f14fc7e79/datanode-0/data/ratis/71864db7-4d39-4cb4-b48c-388b48ec2e2f
2021-03-15 13:21:32,477 [pool-40-thread-1] INFO  server.RaftServerConfigKeys (ConfUtils.java:logGet(44)) - raft.server.log.queue.byte-limit = 2147483647 (custom)
2021-03-15 13:21:32,477 [pool-40-thread-1] INFO  server.RaftServerConfigKeys (ConfUtils.java:logGet(44)) - raft.server.log.queue.element-limit = 1024 (custom)
2021-03-15 13:21:32,477 [pool-40-thread-1] INFO  server.RaftServerConfigKeys (ConfUtils.java:logGet(44)) - raft.server.log.segment.size.max = 1048576 (custom)
2021-03-15 13:21:32,477 [pool-40-thread-1] INFO  server.RaftServerConfigKeys (ConfUtils.java:logGet(44)) - raft.server.log.preallocated.size = 16384 (custom)
2021-03-15 13:21:32,477 [pool-40-thread-1] INFO  server.RaftServerConfigKeys (ConfUtils.java:logGet(44)) - raft.server.log.force.sync.num = 128 (default)
2021-03-15 13:21:32,477 [pool-40-thread-1] INFO  server.RaftServerConfigKeys (ConfUtils.java:logGet(44)) - raft.server.log.statemachine.data.sync = true (default)
2021-03-15 13:21:32,478 [pool-40-thread-1] INFO  server.RaftServerConfigKeys (ConfUtils.java:logGet(44)) - raft.server.log.statemachine.data.sync.timeout = 10s (default)
2021-03-15 13:21:32,478 [pool-40-thread-1] INFO  server.RaftServerConfigKeys (ConfUtils.java:logGet(44)) - raft.server.log.statemachine.data.sync.timeout.retry = -1 (default)
2021-03-15 13:21:32,479 [pool-40-thread-1] INFO  server.RaftServerConfigKeys (ConfUtils.java:logGet(44)) - raft.server.log.write.buffer.size = 1048576 (custom)
2021-03-15 13:21:32,476 [pool-55-thread-1] INFO  server.RaftServerConfigKeys (ConfUtils.java:logGet(44)) - raft.server.log.write.buffer.size = 1048576 (custom)
2021-03-15 13:21:32,480 [EventQueue-OpenPipelineForHealthyPipelineSafeModeRule] INFO  safemode.SCMSafeModeManager (HealthyPipelineSafeModeRule.java:process(128)) - SCM in safe mode. Healthy pipelines reported count is 0, required healthy pipeline reported count is 1
2021-03-15 13:21:32,480 [EventQueue-PipelineReportForOneReplicaPipelineSafeModeRule] INFO  safemode.SCMSafeModeManager (SCMSafeModeManager.java:validateSafeModeExitRules(214)) - AtleastOneDatanodeReportedRule rule is successfully validated
2021-03-15 13:21:32,481 [pool-55-thread-1] INFO  server.RaftServerConfigKeys (ConfUtils.java:logGet(44)) - raft.server.log.statemachine.data.caching.enabled = true (custom)
2021-03-15 13:21:32,481 [pool-55-thread-1] INFO  segmented.SegmentedRaftLogWorker (SegmentedRaftLogWorker.java:lambda$new$0(132)) - 29adc670-2c1e-4c6c-9558-1601f864128b@group-388B48EC2E2F-SegmentedRaftLogWorker: flushIndex: setUnconditionally 0 -> -1
2021-03-15 13:21:32,481 [pool-55-thread-1] INFO  segmented.SegmentedRaftLogWorker (SegmentedRaftLogWorker.java:lambda$new$0(132)) - 29adc670-2c1e-4c6c-9558-1601f864128b@group-388B48EC2E2F-SegmentedRaftLogWorker: safeCacheEvictIndex: setUnconditionally 0 -> -1
2021-03-15 13:21:32,482 [pool-40-thread-1] INFO  server.RaftServerConfigKeys (ConfUtils.java:logGet(44)) - raft.server.log.statemachine.data.caching.enabled = true (custom)
2021-03-15 13:21:32,482 [pool-40-thread-1] INFO  segmented.SegmentedRaftLogWorker (SegmentedRaftLogWorker.java:lambda$new$0(132)) - c8823aab-1c49-422a-a51c-c7b83b859fa6@group-388B48EC2E2F-SegmentedRaftLogWorker: flushIndex: setUnconditionally 0 -> -1
2021-03-15 13:21:32,482 [pool-40-thread-1] INFO  segmented.SegmentedRaftLogWorker (SegmentedRaftLogWorker.java:lambda$new$0(132)) - c8823aab-1c49-422a-a51c-c7b83b859fa6@group-388B48EC2E2F-SegmentedRaftLogWorker: safeCacheEvictIndex: setUnconditionally 0 -> -1
2021-03-15 13:21:32,482 [grpc-default-executor-2] INFO  server.RaftServer (RaftServerProxy.java:addNew(95)) - 8f544fba-ae2a-4c10-8316-b74b14cffb80: addNew group-E860D21F6A2B:[01124cd4-4ace-459c-9f52-5cd7a41fca7c|rpc:172.17.0.2:40903|dataStream:|priority:0, 8f544fba-ae2a-4c10-8316-b74b14cffb80|rpc:172.17.0.2:35899|dataStream:|priority:0, 490c2edb-ef6d-43f1-a3fc-38f1bdb7d380|rpc:172.17.0.2:35411|dataStream:|priority:1] returns group-E860D21F6A2B:java.util.concurrent.CompletableFuture@60a82e7a[Not completed]
2021-03-15 13:21:32,485 [pool-40-thread-1] INFO  server.RaftServerConfigKeys (ConfUtils.java:logGet(44)) - raft.server.snapshot.auto.trigger.enabled = true (custom)
2021-03-15 13:21:32,485 [pool-40-thread-1] INFO  server.RaftServerConfigKeys (ConfUtils.java:logGet(44)) - raft.server.snapshot.auto.trigger.threshold = 10000 (custom)
2021-03-15 13:21:32,485 [pool-40-thread-1] INFO  server.RaftServerConfigKeys (ConfUtils.java:logGet(44)) - raft.server.snapshot.retention.file.num = 5 (custom)
2021-03-15 13:21:32,485 [pool-40-thread-1] INFO  server.RaftServerConfigKeys (ConfUtils.java:logGet(44)) - raft.server.log.purge.upto.snapshot.index = false (default)
2021-03-15 13:21:32,485 [pool-40-thread-1] INFO  server.RaftServerConfigKeys (ConfUtils.java:logGet(44)) - raft.server.retrycache.expirytime = 600000ms (custom)
2021-03-15 13:21:32,486 [pool-40-thread-1] INFO  server.RaftServerConfigKeys (ConfUtils.java:logGet(44)) - raft.server.retrycache.statistics.expirytime = 100?s (default)
2021-03-15 13:21:32,486 [pool-40-thread-1] INFO  metrics.RatisMetrics (RatisMetrics.java:lambda$create$0(36)) - Creating Metrics Registry : ratis.leader_election.c8823aab-1c49-422a-a51c-c7b83b859fa6@group-388B48EC2E2F
2021-03-15 13:21:32,486 [pool-40-thread-1] INFO  metrics.RatisMetrics (RatisMetrics.java:lambda$create$0(36)) - Creating Metrics Registry : ratis.server.c8823aab-1c49-422a-a51c-c7b83b859fa6@group-388B48EC2E2F
2021-03-15 13:21:32,487 [pool-40-thread-1] INFO  server.RaftServer$Division (RaftServerImpl.java:start(295)) - c8823aab-1c49-422a-a51c-c7b83b859fa6@group-388B48EC2E2F: start as a follower, conf=-1: [29adc670-2c1e-4c6c-9558-1601f864128b|rpc:172.17.0.2:37315|priority:0, 2bcf9514-6eaf-4328-a021-870a209d39c4|rpc:172.17.0.2:43919|priority:0, c8823aab-1c49-422a-a51c-c7b83b859fa6|rpc:172.17.0.2:38877|priority:1], old=null
2021-03-15 13:21:32,487 [pool-40-thread-1] INFO  server.RaftServer$Division (RaftServerImpl.java:setRole(284)) - c8823aab-1c49-422a-a51c-c7b83b859fa6@group-388B48EC2E2F: changes role from      null to FOLLOWER at term 0 for startAsFollower
2021-03-15 13:21:32,487 [pool-40-thread-1] INFO  impl.RoleInfo (RoleInfo.java:updateAndGet(130)) - c8823aab-1c49-422a-a51c-c7b83b859fa6: start c8823aab-1c49-422a-a51c-c7b83b859fa6@group-388B48EC2E2F-FollowerState
2021-03-15 13:21:32,489 [pool-40-thread-1] INFO  util.JmxRegister (JmxRegister.java:tryRegister(44)) - Successfully registered JMX Bean with object name Ratis:service=RaftServer,group=group-388B48EC2E2F,id=c8823aab-1c49-422a-a51c-c7b83b859fa6
2021-03-15 13:21:32,489 [pool-40-thread-1] INFO  metrics.RatisMetrics (RatisMetrics.java:lambda$create$0(36)) - Creating Metrics Registry : ratis.state_machine.c8823aab-1c49-422a-a51c-c7b83b859fa6@group-388B48EC2E2F
2021-03-15 13:21:32,492 [Command processor thread] INFO  metrics.RatisMetrics (RatisMetrics.java:lambda$create$0(36)) - Creating Metrics Registry : ratis.client_message_metrics.client-5BACF2208111->29adc670-2c1e-4c6c-9558-1601f864128b
2021-03-15 13:21:32,496 [pool-104-thread-1] INFO  server.RaftServer$Division (RaftServerImpl.java:<init>(180)) - 8f544fba-ae2a-4c10-8316-b74b14cffb80: new RaftServerImpl for group-E860D21F6A2B:[01124cd4-4ace-459c-9f52-5cd7a41fca7c|rpc:172.17.0.2:40903|dataStream:|priority:0, 8f544fba-ae2a-4c10-8316-b74b14cffb80|rpc:172.17.0.2:35899|dataStream:|priority:0, 490c2edb-ef6d-43f1-a3fc-38f1bdb7d380|rpc:172.17.0.2:35411|dataStream:|priority:1] with ContainerStateMachine:uninitialized
2021-03-15 13:21:32,497 [pool-104-thread-1] INFO  server.RaftServerConfigKeys (ConfUtils.java:logGet(44)) - raft.server.rpc.timeout.min = 5s (custom)
2021-03-15 13:21:32,497 [pool-104-thread-1] INFO  server.RaftServerConfigKeys (ConfUtils.java:logGet(44)) - raft.server.rpc.timeout.max = 5200ms (custom)
2021-03-15 13:21:32,497 [pool-104-thread-1] INFO  server.RaftServerConfigKeys (ConfUtils.java:logGet(44)) - raft.server.rpc.sleep.time = 25ms (default)
2021-03-15 13:21:32,497 [pool-104-thread-1] INFO  server.RaftServerConfigKeys (ConfUtils.java:logGet(44)) - raft.server.rpc.slowness.timeout = 300000ms (custom)
2021-03-15 13:21:32,497 [pool-104-thread-1] INFO  server.RaftServerConfigKeys (ConfUtils.java:logGet(44)) - raft.server.leaderelection.leader.step-down.wait-time = 10s (default)
2021-03-15 13:21:32,497 [pool-104-thread-1] INFO  server.RaftServerConfigKeys (ConfUtils.java:logGet(44)) - raft.server.sleep.deviation.threshold = 300ms (default)
2021-03-15 13:21:32,497 [pool-104-thread-1] INFO  server.RaftServerConfigKeys (ConfUtils.java:logGet(44)) - raft.server.log.appender.install.snapshot.enabled = false (custom)
2021-03-15 13:21:32,497 [pool-104-thread-1] INFO  server.RaftServer$Division (ServerState.java:<init>(105)) - 8f544fba-ae2a-4c10-8316-b74b14cffb80@group-E860D21F6A2B: ConfigurationManager, init=-1: [01124cd4-4ace-459c-9f52-5cd7a41fca7c|rpc:172.17.0.2:40903|dataStream:|priority:0, 8f544fba-ae2a-4c10-8316-b74b14cffb80|rpc:172.17.0.2:35899|dataStream:|priority:0, 490c2edb-ef6d-43f1-a3fc-38f1bdb7d380|rpc:172.17.0.2:35411|dataStream:|priority:1], old=null, confs=<EMPTY_MAP>
2021-03-15 13:21:32,497 [pool-104-thread-1] INFO  server.RaftServerConfigKeys (ConfUtils.java:logGet(44)) - raft.server.storage.dir = [/github/workspace/mnt/ozone/hadoop-ozone/integration-test/target/test-dir/MiniOzoneClusterImpl-10170ce6-1bcb-4b6c-85b7-fb1f14fc7e79/datanode-4/data/ratis] (custom)
2021-03-15 13:21:32,497 [pool-104-thread-1] INFO  server.RaftServerConfigKeys (ConfUtils.java:logGet(44)) - raft.server.log.corruption.policy = EXCEPTION (default)
2021-03-15 13:21:32,498 [pool-104-thread-1] INFO  storage.RaftStorageDirectory (RaftStorageDirectoryImpl.java:analyzeStorage(132)) - The storage directory /github/workspace/mnt/ozone/hadoop-ozone/integration-test/target/test-dir/MiniOzoneClusterImpl-10170ce6-1bcb-4b6c-85b7-fb1f14fc7e79/datanode-4/data/ratis/1efb9cfa-6e5b-42ab-9bfb-e860d21f6a2b does not exist. Creating ...
2021-03-15 13:21:32,498 [Command processor thread] INFO  commandhandler.CreatePipelineCommandHandler (CreatePipelineCommandHandler.java:handle(106)) - Created Pipeline RATIS THREE PipelineID=ac74313d-67a1-459f-9117-7426fa8fac29.
2021-03-15 13:21:32,499 [Command processor thread] INFO  server.RaftServer (RaftServerProxy.java:addNew(95)) - 2bcf9514-6eaf-4328-a021-870a209d39c4: addNew group-388B48EC2E2F:[29adc670-2c1e-4c6c-9558-1601f864128b|rpc:172.17.0.2:37315|priority:0, 2bcf9514-6eaf-4328-a021-870a209d39c4|rpc:172.17.0.2:43919|priority:0, c8823aab-1c49-422a-a51c-c7b83b859fa6|rpc:172.17.0.2:38877|priority:1] returns group-388B48EC2E2F:java.util.concurrent.CompletableFuture@401f7066[Not completed]
2021-03-15 13:21:32,500 [pool-72-thread-1] INFO  server.RaftServer$Division (RaftServerImpl.java:<init>(180)) - 2bcf9514-6eaf-4328-a021-870a209d39c4: new RaftServerImpl for group-388B48EC2E2F:[29adc670-2c1e-4c6c-9558-1601f864128b|rpc:172.17.0.2:37315|priority:0, 2bcf9514-6eaf-4328-a021-870a209d39c4|rpc:172.17.0.2:43919|priority:0, c8823aab-1c49-422a-a51c-c7b83b859fa6|rpc:172.17.0.2:38877|priority:1] with ContainerStateMachine:uninitialized
2021-03-15 13:21:32,500 [pool-72-thread-1] INFO  server.RaftServerConfigKeys (ConfUtils.java:logGet(44)) - raft.server.rpc.timeout.min = 5s (custom)
2021-03-15 13:21:32,500 [pool-72-thread-1] INFO  server.RaftServerConfigKeys (ConfUtils.java:logGet(44)) - raft.server.rpc.timeout.max = 5200ms (custom)
2021-03-15 13:21:32,500 [pool-72-thread-1] INFO  server.RaftServerConfigKeys (ConfUtils.java:logGet(44)) - raft.server.rpc.sleep.time = 25ms (default)
2021-03-15 13:21:32,500 [pool-72-thread-1] INFO  server.RaftServerConfigKeys (ConfUtils.java:logGet(44)) - raft.server.rpc.slowness.timeout = 300000ms (custom)
2021-03-15 13:21:32,500 [pool-72-thread-1] INFO  server.RaftServerConfigKeys (ConfUtils.java:logGet(44)) - raft.server.leaderelection.leader.step-down.wait-time = 10s (default)
2021-03-15 13:21:32,500 [pool-72-thread-1] INFO  server.RaftServerConfigKeys (ConfUtils.java:logGet(44)) - raft.server.sleep.deviation.threshold = 300ms (default)
2021-03-15 13:21:32,500 [pool-72-thread-1] INFO  server.RaftServerConfigKeys (ConfUtils.java:logGet(44)) - raft.server.log.appender.install.snapshot.enabled = false (custom)
2021-03-15 13:21:32,500 [pool-72-thread-1] INFO  server.RaftServer$Division (ServerState.java:<init>(105)) - 2bcf9514-6eaf-4328-a021-870a209d39c4@group-388B48EC2E2F: ConfigurationManager, init=-1: [29adc670-2c1e-4c6c-9558-1601f864128b|rpc:172.17.0.2:37315|priority:0, 2bcf9514-6eaf-4328-a021-870a209d39c4|rpc:172.17.0.2:43919|priority:0, c8823aab-1c49-422a-a51c-c7b83b859fa6|rpc:172.17.0.2:38877|priority:1], old=null, confs=<EMPTY_MAP>
2021-03-15 13:21:32,500 [pool-72-thread-1] INFO  server.RaftServerConfigKeys (ConfUtils.java:logGet(44)) - raft.server.storage.dir = [/github/workspace/mnt/ozone/hadoop-ozone/integration-test/target/test-dir/MiniOzoneClusterImpl-10170ce6-1bcb-4b6c-85b7-fb1f14fc7e79/datanode-2/data/ratis] (custom)
2021-03-15 13:21:32,500 [pool-72-thread-1] INFO  server.RaftServerConfigKeys (ConfUtils.java:logGet(44)) - raft.server.log.corruption.policy = EXCEPTION (default)
2021-03-15 13:21:32,501 [pool-72-thread-1] INFO  storage.RaftStorageDirectory (RaftStorageDirectoryImpl.java:analyzeStorage(132)) - The storage directory /github/workspace/mnt/ozone/hadoop-ozone/integration-test/target/test-dir/MiniOzoneClusterImpl-10170ce6-1bcb-4b6c-85b7-fb1f14fc7e79/datanode-2/data/ratis/71864db7-4d39-4cb4-b48c-388b48ec2e2f does not exist. Creating ...
2021-03-15 13:21:32,502 [pool-55-thread-1] INFO  server.RaftServerConfigKeys (ConfUtils.java:logGet(44)) - raft.server.snapshot.auto.trigger.enabled = true (custom)
2021-03-15 13:21:32,502 [pool-55-thread-1] INFO  server.RaftServerConfigKeys (ConfUtils.java:logGet(44)) - raft.server.snapshot.auto.trigger.threshold = 10000 (custom)
2021-03-15 13:21:32,502 [pool-55-thread-1] INFO  server.RaftServerConfigKeys (ConfUtils.java:logGet(44)) - raft.server.snapshot.retention.file.num = 5 (custom)
2021-03-15 13:21:32,502 [pool-55-thread-1] INFO  server.RaftServerConfigKeys (ConfUtils.java:logGet(44)) - raft.server.log.purge.upto.snapshot.index = false (default)
2021-03-15 13:21:32,502 [pool-55-thread-1] INFO  server.RaftServerConfigKeys (ConfUtils.java:logGet(44)) - raft.server.retrycache.expirytime = 600000ms (custom)
2021-03-15 13:21:32,502 [pool-55-thread-1] INFO  server.RaftServerConfigKeys (ConfUtils.java:logGet(44)) - raft.server.retrycache.statistics.expirytime = 100?s (default)
2021-03-15 13:21:32,502 [pool-55-thread-1] INFO  metrics.RatisMetrics (RatisMetrics.java:lambda$create$0(36)) - Creating Metrics Registry : ratis.leader_election.29adc670-2c1e-4c6c-9558-1601f864128b@group-388B48EC2E2F
2021-03-15 13:21:32,502 [pool-72-thread-1] INFO  storage.RaftStorageDirectory (RaftStorageDirectoryImpl.java:tryLock(215)) - Lock on /github/workspace/mnt/ozone/hadoop-ozone/integration-test/target/test-dir/MiniOzoneClusterImpl-10170ce6-1bcb-4b6c-85b7-fb1f14fc7e79/datanode-2/data/ratis/71864db7-4d39-4cb4-b48c-388b48ec2e2f/in_use.lock acquired by nodename 8797@287f2862ff4e
2021-03-15 13:21:32,506 [pool-55-thread-1] INFO  metrics.RatisMetrics (RatisMetrics.java:lambda$create$0(36)) - Creating Metrics Registry : ratis.server.29adc670-2c1e-4c6c-9558-1601f864128b@group-388B48EC2E2F
2021-03-15 13:21:32,507 [pool-55-thread-1] INFO  server.RaftServer$Division (RaftServerImpl.java:start(295)) - 29adc670-2c1e-4c6c-9558-1601f864128b@group-388B48EC2E2F: start as a follower, conf=-1: [29adc670-2c1e-4c6c-9558-1601f864128b|rpc:172.17.0.2:37315|priority:0, 2bcf9514-6eaf-4328-a021-870a209d39c4|rpc:172.17.0.2:43919|priority:0, c8823aab-1c49-422a-a51c-c7b83b859fa6|rpc:172.17.0.2:38877|priority:1], old=null
2021-03-15 13:21:32,507 [pool-55-thread-1] INFO  server.RaftServer$Division (RaftServerImpl.java:setRole(284)) - 29adc670-2c1e-4c6c-9558-1601f864128b@group-388B48EC2E2F: changes role from      null to FOLLOWER at term 0 for startAsFollower
2021-03-15 13:21:32,507 [pool-55-thread-1] INFO  impl.RoleInfo (RoleInfo.java:updateAndGet(130)) - 29adc670-2c1e-4c6c-9558-1601f864128b: start 29adc670-2c1e-4c6c-9558-1601f864128b@group-388B48EC2E2F-FollowerState
2021-03-15 13:21:32,508 [pool-104-thread-1] INFO  storage.RaftStorageDirectory (RaftStorageDirectoryImpl.java:tryLock(215)) - Lock on /github/workspace/mnt/ozone/hadoop-ozone/integration-test/target/test-dir/MiniOzoneClusterImpl-10170ce6-1bcb-4b6c-85b7-fb1f14fc7e79/datanode-4/data/ratis/1efb9cfa-6e5b-42ab-9bfb-e860d21f6a2b/in_use.lock acquired by nodename 8797@287f2862ff4e
2021-03-15 13:21:32,508 [pool-72-thread-1] INFO  storage.RaftStorage (RaftStorageImpl.java:format(87)) - Storage directory /github/workspace/mnt/ozone/hadoop-ozone/integration-test/target/test-dir/MiniOzoneClusterImpl-10170ce6-1bcb-4b6c-85b7-fb1f14fc7e79/datanode-2/data/ratis/71864db7-4d39-4cb4-b48c-388b48ec2e2f has been successfully formatted.
2021-03-15 13:21:32,509 [pool-104-thread-1] INFO  storage.RaftStorage (RaftStorageImpl.java:format(87)) - Storage directory /github/workspace/mnt/ozone/hadoop-ozone/integration-test/target/test-dir/MiniOzoneClusterImpl-10170ce6-1bcb-4b6c-85b7-fb1f14fc7e79/datanode-4/data/ratis/1efb9cfa-6e5b-42ab-9bfb-e860d21f6a2b has been successfully formatted.
2021-03-15 13:21:32,509 [pool-104-thread-1] INFO  ratis.ContainerStateMachine (ContainerStateMachine.java:loadSnapshot(223)) - group-E860D21F6A2B: The snapshot info is null. Setting the last applied indexto:(t:0, i:~)
2021-03-15 13:21:32,509 [pool-55-thread-1] INFO  util.JmxRegister (JmxRegister.java:tryRegister(44)) - Successfully registered JMX Bean with object name Ratis:service=RaftServer,group=group-388B48EC2E2F,id=29adc670-2c1e-4c6c-9558-1601f864128b
2021-03-15 13:21:32,509 [pool-104-thread-1] ERROR storage.RaftStorage (RaftStorageImpl.java:readRaftConfiguration(147)) - Failed reading configuration from file:/github/workspace/mnt/ozone/hadoop-ozone/integration-test/target/test-dir/MiniOzoneClusterImpl-10170ce6-1bcb-4b6c-85b7-fb1f14fc7e79/datanode-4/data/ratis/1efb9cfa-6e5b-42ab-9bfb-e860d21f6a2b/current/raft-meta.conf
java.io.FileNotFoundException: /github/workspace/mnt/ozone/hadoop-ozone/integration-test/target/test-dir/MiniOzoneClusterImpl-10170ce6-1bcb-4b6c-85b7-fb1f14fc7e79/datanode-4/data/ratis/1efb9cfa-6e5b-42ab-9bfb-e860d21f6a2b/current/raft-meta.conf (No such file or directory)
	at java.io.FileInputStream.open0(Native Method)
	at java.io.FileInputStream.open(FileInputStream.java:195)
	at java.io.FileInputStream.<init>(FileInputStream.java:138)
	at org.apache.ratis.server.storage.RaftStorageImpl.readRaftConfiguration(RaftStorageImpl.java:143)
	at org.apache.ratis.server.impl.ServerState.<init>(ServerState.java:122)
	at org.apache.ratis.server.impl.RaftServerImpl.<init>(RaftServerImpl.java:193)
	at org.apache.ratis.server.impl.RaftServerProxy.lambda$newRaftServerImpl$4(RaftServerProxy.java:266)
	at java.util.concurrent.CompletableFuture$AsyncSupply.run(CompletableFuture.java:1604)
	at java.util.concurrent.ThreadPoolExecutor.runWorker(ThreadPoolExecutor.java:1149)
	at java.util.concurrent.ThreadPoolExecutor$Worker.run(ThreadPoolExecutor.java:624)
	at java.lang.Thread.run(Thread.java:748)
2021-03-15 13:21:32,513 [pool-72-thread-1] INFO  ratis.ContainerStateMachine (ContainerStateMachine.java:loadSnapshot(223)) - group-388B48EC2E2F: The snapshot info is null. Setting the last applied indexto:(t:0, i:~)
2021-03-15 13:21:32,515 [pool-72-thread-1] ERROR storage.RaftStorage (RaftStorageImpl.java:readRaftConfiguration(147)) - Failed reading configuration from file:/github/workspace/mnt/ozone/hadoop-ozone/integration-test/target/test-dir/MiniOzoneClusterImpl-10170ce6-1bcb-4b6c-85b7-fb1f14fc7e79/datanode-2/data/ratis/71864db7-4d39-4cb4-b48c-388b48ec2e2f/current/raft-meta.conf
java.io.FileNotFoundException: /github/workspace/mnt/ozone/hadoop-ozone/integration-test/target/test-dir/MiniOzoneClusterImpl-10170ce6-1bcb-4b6c-85b7-fb1f14fc7e79/datanode-2/data/ratis/71864db7-4d39-4cb4-b48c-388b48ec2e2f/current/raft-meta.conf (No such file or directory)
	at java.io.FileInputStream.open0(Native Method)
	at java.io.FileInputStream.open(FileInputStream.java:195)
	at java.io.FileInputStream.<init>(FileInputStream.java:138)
	at org.apache.ratis.server.storage.RaftStorageImpl.readRaftConfiguration(RaftStorageImpl.java:143)
	at org.apache.ratis.server.impl.ServerState.<init>(ServerState.java:122)
	at org.apache.ratis.server.impl.RaftServerImpl.<init>(RaftServerImpl.java:193)
	at org.apache.ratis.server.impl.RaftServerProxy.lambda$newRaftServerImpl$4(RaftServerProxy.java:266)
	at java.util.concurrent.CompletableFuture$AsyncSupply.run(CompletableFuture.java:1604)
	at java.util.concurrent.ThreadPoolExecutor.runWorker(ThreadPoolExecutor.java:1149)
	at java.util.concurrent.ThreadPoolExecutor$Worker.run(ThreadPoolExecutor.java:624)
	at java.lang.Thread.run(Thread.java:748)
2021-03-15 13:21:32,523 [pool-72-thread-1] INFO  server.RaftServerConfigKeys (ConfUtils.java:logGet(44)) - raft.server.notification.no-leader.timeout = 300000ms (custom)
2021-03-15 13:21:32,523 [pool-72-thread-1] INFO  server.RaftServerConfigKeys (ConfUtils.java:logGet(44)) - raft.server.log.use.memory = false (default)
2021-03-15 13:21:32,523 [pool-72-thread-1] INFO  server.RaftServerConfigKeys (ConfUtils.java:logGet(44)) - raft.server.log.purge.gap = 1000000 (custom)
2021-03-15 13:21:32,523 [pool-72-thread-1] INFO  server.RaftServerConfigKeys (ConfUtils.java:logGet(44)) - raft.server.log.appender.buffer.byte-limit = 33554432 (custom)
2021-03-15 13:21:32,523 [pool-72-thread-1] INFO  metrics.RatisMetrics (RatisMetrics.java:lambda$create$0(36)) - Creating Metrics Registry : ratis.log_worker.2bcf9514-6eaf-4328-a021-870a209d39c4@group-388B48EC2E2F
2021-03-15 13:21:32,509 [pool-55-thread-1] INFO  metrics.RatisMetrics (RatisMetrics.java:lambda$create$0(36)) - Creating Metrics Registry : ratis.state_machine.29adc670-2c1e-4c6c-9558-1601f864128b@group-388B48EC2E2F
2021-03-15 13:21:32,522 [pool-104-thread-1] INFO  server.RaftServerConfigKeys (ConfUtils.java:logGet(44)) - raft.server.notification.no-leader.timeout = 300000ms (custom)
2021-03-15 13:21:32,517 [EventQueue-OpenPipelineForHealthyPipelineSafeModeRule] INFO  safemode.SCMSafeModeManager (HealthyPipelineSafeModeRule.java:process(128)) - SCM in safe mode. Healthy pipelines reported count is 0, required healthy pipeline reported count is 1
2021-03-15 13:21:32,516 [EventQueue-PipelineReportForOneReplicaPipelineSafeModeRule] INFO  safemode.SCMSafeModeManager (SCMSafeModeManager.java:validateSafeModeExitRules(214)) - AtleastOneDatanodeReportedRule rule is successfully validated
2021-03-15 13:21:32,526 [pool-104-thread-1] INFO  server.RaftServerConfigKeys (ConfUtils.java:logGet(44)) - raft.server.log.use.memory = false (default)
2021-03-15 13:21:32,526 [pool-104-thread-1] INFO  server.RaftServerConfigKeys (ConfUtils.java:logGet(44)) - raft.server.log.purge.gap = 1000000 (custom)
2021-03-15 13:21:32,526 [pool-104-thread-1] INFO  server.RaftServerConfigKeys (ConfUtils.java:logGet(44)) - raft.server.log.appender.buffer.byte-limit = 33554432 (custom)
2021-03-15 13:21:32,526 [pool-104-thread-1] INFO  metrics.RatisMetrics (RatisMetrics.java:lambda$create$0(36)) - Creating Metrics Registry : ratis.log_worker.8f544fba-ae2a-4c10-8316-b74b14cffb80@group-E860D21F6A2B
2021-03-15 13:21:32,528 [EventQueue-PipelineReportForOneReplicaPipelineSafeModeRule] INFO  safemode.SCMSafeModeManager (SCMSafeModeManager.java:validateSafeModeExitRules(214)) - AtleastOneDatanodeReportedRule rule is successfully validated
2021-03-15 13:21:32,529 [Command processor thread] INFO  server.RaftServer (RaftServerProxy.java:addNew(95)) - 8f544fba-ae2a-4c10-8316-b74b14cffb80: addNew group-8E469E476B4E:[8f544fba-ae2a-4c10-8316-b74b14cffb80|rpc:172.17.0.2:35899|priority:1] returns group-8E469E476B4E:java.util.concurrent.CompletableFuture@1b79f150[Not completed]
2021-03-15 13:21:32,531 [pool-72-thread-1] INFO  server.RaftServerConfigKeys (ConfUtils.java:logGet(44)) - raft.server.log.segment.size.max = 1048576 (custom)
2021-03-15 13:21:32,533 [pool-104-thread-1] INFO  server.RaftServerConfigKeys (ConfUtils.java:logGet(44)) - raft.server.log.segment.size.max = 1048576 (custom)
2021-03-15 13:21:32,533 [pool-104-thread-1] INFO  server.RaftServerConfigKeys (ConfUtils.java:logGet(44)) - raft.server.log.segment.cache.num.max = 2 (custom)
2021-03-15 13:21:32,534 [pool-104-thread-1] INFO  server.RaftServerConfigKeys (ConfUtils.java:logGet(44)) - raft.server.log.segment.cache.size.max = 200MB (=209715200) (default)
2021-03-15 13:21:32,536 [pool-104-thread-1] INFO  segmented.SegmentedRaftLogWorker (SegmentedRaftLogWorker.java:<init>(181)) - new 8f544fba-ae2a-4c10-8316-b74b14cffb80@group-E860D21F6A2B-SegmentedRaftLogWorker for RaftStorageImpl:Storage Directory /github/workspace/mnt/ozone/hadoop-ozone/integration-test/target/test-dir/MiniOzoneClusterImpl-10170ce6-1bcb-4b6c-85b7-fb1f14fc7e79/datanode-4/data/ratis/1efb9cfa-6e5b-42ab-9bfb-e860d21f6a2b
2021-03-15 13:21:32,536 [pool-104-thread-1] INFO  server.RaftServerConfigKeys (ConfUtils.java:logGet(44)) - raft.server.log.queue.byte-limit = 2147483647 (custom)
2021-03-15 13:21:32,536 [pool-104-thread-1] INFO  server.RaftServerConfigKeys (ConfUtils.java:logGet(44)) - raft.server.log.queue.element-limit = 1024 (custom)
2021-03-15 13:21:32,536 [pool-104-thread-1] INFO  server.RaftServerConfigKeys (ConfUtils.java:logGet(44)) - raft.server.log.segment.size.max = 1048576 (custom)
2021-03-15 13:21:32,536 [pool-104-thread-1] INFO  server.RaftServerConfigKeys (ConfUtils.java:logGet(44)) - raft.server.log.preallocated.size = 16384 (custom)
2021-03-15 13:21:32,536 [pool-104-thread-1] INFO  server.RaftServerConfigKeys (ConfUtils.java:logGet(44)) - raft.server.log.force.sync.num = 128 (default)
2021-03-15 13:21:32,536 [pool-104-thread-1] INFO  server.RaftServerConfigKeys (ConfUtils.java:logGet(44)) - raft.server.log.statemachine.data.sync = true (default)
2021-03-15 13:21:32,536 [pool-104-thread-1] INFO  server.RaftServerConfigKeys (ConfUtils.java:logGet(44)) - raft.server.log.statemachine.data.sync.timeout = 10s (default)
2021-03-15 13:21:32,536 [pool-104-thread-1] INFO  server.RaftServerConfigKeys (ConfUtils.java:logGet(44)) - raft.server.log.statemachine.data.sync.timeout.retry = -1 (default)
2021-03-15 13:21:32,535 [pool-72-thread-1] INFO  server.RaftServerConfigKeys (ConfUtils.java:logGet(44)) - raft.server.log.segment.cache.num.max = 2 (custom)
2021-03-15 13:21:32,536 [pool-72-thread-1] INFO  server.RaftServerConfigKeys (ConfUtils.java:logGet(44)) - raft.server.log.segment.cache.size.max = 200MB (=209715200) (default)
2021-03-15 13:21:32,537 [pool-72-thread-1] INFO  segmented.SegmentedRaftLogWorker (SegmentedRaftLogWorker.java:<init>(181)) - new 2bcf9514-6eaf-4328-a021-870a209d39c4@group-388B48EC2E2F-SegmentedRaftLogWorker for RaftStorageImpl:Storage Directory /github/workspace/mnt/ozone/hadoop-ozone/integration-test/target/test-dir/MiniOzoneClusterImpl-10170ce6-1bcb-4b6c-85b7-fb1f14fc7e79/datanode-2/data/ratis/71864db7-4d39-4cb4-b48c-388b48ec2e2f
2021-03-15 13:21:32,537 [pool-72-thread-1] INFO  server.RaftServerConfigKeys (ConfUtils.java:logGet(44)) - raft.server.log.queue.byte-limit = 2147483647 (custom)
2021-03-15 13:21:32,537 [pool-72-thread-1] INFO  server.RaftServerConfigKeys (ConfUtils.java:logGet(44)) - raft.server.log.queue.element-limit = 1024 (custom)
2021-03-15 13:21:32,537 [pool-72-thread-1] INFO  server.RaftServerConfigKeys (ConfUtils.java:logGet(44)) - raft.server.log.segment.size.max = 1048576 (custom)
2021-03-15 13:21:32,537 [pool-72-thread-1] INFO  server.RaftServerConfigKeys (ConfUtils.java:logGet(44)) - raft.server.log.preallocated.size = 16384 (custom)
2021-03-15 13:21:32,537 [pool-72-thread-1] INFO  server.RaftServerConfigKeys (ConfUtils.java:logGet(44)) - raft.server.log.force.sync.num = 128 (default)
2021-03-15 13:21:32,537 [pool-72-thread-1] INFO  server.RaftServerConfigKeys (ConfUtils.java:logGet(44)) - raft.server.log.statemachine.data.sync = true (default)
2021-03-15 13:21:32,537 [pool-72-thread-1] INFO  server.RaftServerConfigKeys (ConfUtils.java:logGet(44)) - raft.server.log.statemachine.data.sync.timeout = 10s (default)
2021-03-15 13:21:32,537 [pool-72-thread-1] INFO  server.RaftServerConfigKeys (ConfUtils.java:logGet(44)) - raft.server.log.statemachine.data.sync.timeout.retry = -1 (default)
2021-03-15 13:21:32,548 [Command processor thread] INFO  metrics.RatisMetrics (RatisMetrics.java:lambda$create$0(36)) - Creating Metrics Registry : ratis.client_message_metrics.client-271E87A88118->c8823aab-1c49-422a-a51c-c7b83b859fa6
2021-03-15 13:21:32,552 [pool-72-thread-1] INFO  server.RaftServerConfigKeys (ConfUtils.java:logGet(44)) - raft.server.log.write.buffer.size = 1048576 (custom)
2021-03-15 13:21:32,552 [pool-72-thread-1] INFO  server.RaftServerConfigKeys (ConfUtils.java:logGet(44)) - raft.server.log.statemachine.data.caching.enabled = true (custom)
2021-03-15 13:21:32,552 [pool-72-thread-1] INFO  segmented.SegmentedRaftLogWorker (SegmentedRaftLogWorker.java:lambda$new$0(132)) - 2bcf9514-6eaf-4328-a021-870a209d39c4@group-388B48EC2E2F-SegmentedRaftLogWorker: flushIndex: setUnconditionally 0 -> -1
2021-03-15 13:21:32,552 [pool-72-thread-1] INFO  segmented.SegmentedRaftLogWorker (SegmentedRaftLogWorker.java:lambda$new$0(132)) - 2bcf9514-6eaf-4328-a021-870a209d39c4@group-388B48EC2E2F-SegmentedRaftLogWorker: safeCacheEvictIndex: setUnconditionally 0 -> -1
2021-03-15 13:21:32,557 [pool-72-thread-1] INFO  server.RaftServerConfigKeys (ConfUtils.java:logGet(44)) - raft.server.snapshot.auto.trigger.enabled = true (custom)
2021-03-15 13:21:32,557 [pool-72-thread-1] INFO  server.RaftServerConfigKeys (ConfUtils.java:logGet(44)) - raft.server.snapshot.auto.trigger.threshold = 10000 (custom)
2021-03-15 13:21:32,557 [pool-72-thread-1] INFO  server.RaftServerConfigKeys (ConfUtils.java:logGet(44)) - raft.server.snapshot.retention.file.num = 5 (custom)
2021-03-15 13:21:32,557 [pool-72-thread-1] INFO  server.RaftServerConfigKeys (ConfUtils.java:logGet(44)) - raft.server.log.purge.upto.snapshot.index = false (default)
2021-03-15 13:21:32,557 [pool-72-thread-1] INFO  server.RaftServerConfigKeys (ConfUtils.java:logGet(44)) - raft.server.retrycache.expirytime = 600000ms (custom)
2021-03-15 13:21:32,557 [pool-72-thread-1] INFO  server.RaftServerConfigKeys (ConfUtils.java:logGet(44)) - raft.server.retrycache.statistics.expirytime = 100?s (default)
2021-03-15 13:21:32,557 [pool-72-thread-1] INFO  metrics.RatisMetrics (RatisMetrics.java:lambda$create$0(36)) - Creating Metrics Registry : ratis.leader_election.2bcf9514-6eaf-4328-a021-870a209d39c4@group-388B48EC2E2F
2021-03-15 13:21:32,558 [pool-72-thread-1] INFO  metrics.RatisMetrics (RatisMetrics.java:lambda$create$0(36)) - Creating Metrics Registry : ratis.server.2bcf9514-6eaf-4328-a021-870a209d39c4@group-388B48EC2E2F
2021-03-15 13:21:32,559 [pool-72-thread-1] INFO  server.RaftServer$Division (RaftServerImpl.java:start(295)) - 2bcf9514-6eaf-4328-a021-870a209d39c4@group-388B48EC2E2F: start as a follower, conf=-1: [29adc670-2c1e-4c6c-9558-1601f864128b|rpc:172.17.0.2:37315|priority:0, 2bcf9514-6eaf-4328-a021-870a209d39c4|rpc:172.17.0.2:43919|priority:0, c8823aab-1c49-422a-a51c-c7b83b859fa6|rpc:172.17.0.2:38877|priority:1], old=null
2021-03-15 13:21:32,559 [pool-72-thread-1] INFO  server.RaftServer$Division (RaftServerImpl.java:setRole(284)) - 2bcf9514-6eaf-4328-a021-870a209d39c4@group-388B48EC2E2F: changes role from      null to FOLLOWER at term 0 for startAsFollower
2021-03-15 13:21:32,559 [pool-72-thread-1] INFO  impl.RoleInfo (RoleInfo.java:updateAndGet(130)) - 2bcf9514-6eaf-4328-a021-870a209d39c4: start 2bcf9514-6eaf-4328-a021-870a209d39c4@group-388B48EC2E2F-FollowerState
2021-03-15 13:21:32,561 [pool-72-thread-1] INFO  util.JmxRegister (JmxRegister.java:tryRegister(44)) - Successfully registered JMX Bean with object name Ratis:service=RaftServer,group=group-388B48EC2E2F,id=2bcf9514-6eaf-4328-a021-870a209d39c4
2021-03-15 13:21:32,561 [pool-72-thread-1] INFO  metrics.RatisMetrics (RatisMetrics.java:lambda$create$0(36)) - Creating Metrics Registry : ratis.state_machine.2bcf9514-6eaf-4328-a021-870a209d39c4@group-388B48EC2E2F
2021-03-15 13:21:32,566 [pool-104-thread-1] INFO  server.RaftServerConfigKeys (ConfUtils.java:logGet(44)) - raft.server.log.write.buffer.size = 1048576 (custom)
2021-03-15 13:21:32,566 [Command processor thread] INFO  metrics.RatisMetrics (RatisMetrics.java:lambda$create$0(36)) - Creating Metrics Registry : ratis.client_message_metrics.client-105B072FC701->c8823aab-1c49-422a-a51c-c7b83b859fa6
2021-03-15 13:21:32,566 [pool-104-thread-1] INFO  server.RaftServerConfigKeys (ConfUtils.java:logGet(44)) - raft.server.log.statemachine.data.caching.enabled = true (custom)
2021-03-15 13:21:32,567 [pool-104-thread-1] INFO  segmented.SegmentedRaftLogWorker (SegmentedRaftLogWorker.java:lambda$new$0(132)) - 8f544fba-ae2a-4c10-8316-b74b14cffb80@group-E860D21F6A2B-SegmentedRaftLogWorker: flushIndex: setUnconditionally 0 -> -1
2021-03-15 13:21:32,567 [pool-104-thread-1] INFO  segmented.SegmentedRaftLogWorker (SegmentedRaftLogWorker.java:lambda$new$0(132)) - 8f544fba-ae2a-4c10-8316-b74b14cffb80@group-E860D21F6A2B-SegmentedRaftLogWorker: safeCacheEvictIndex: setUnconditionally 0 -> -1
2021-03-15 13:21:32,573 [pool-104-thread-1] INFO  server.RaftServerConfigKeys (ConfUtils.java:logGet(44)) - raft.server.snapshot.auto.trigger.enabled = true (custom)
2021-03-15 13:21:32,574 [pool-104-thread-1] INFO  server.RaftServerConfigKeys (ConfUtils.java:logGet(44)) - raft.server.snapshot.auto.trigger.threshold = 10000 (custom)
2021-03-15 13:21:32,574 [pool-104-thread-1] INFO  server.RaftServerConfigKeys (ConfUtils.java:logGet(44)) - raft.server.snapshot.retention.file.num = 5 (custom)
2021-03-15 13:21:32,574 [pool-104-thread-1] INFO  server.RaftServerConfigKeys (ConfUtils.java:logGet(44)) - raft.server.log.purge.upto.snapshot.index = false (default)
2021-03-15 13:21:32,574 [pool-104-thread-1] INFO  server.RaftServerConfigKeys (ConfUtils.java:logGet(44)) - raft.server.retrycache.expirytime = 600000ms (custom)
2021-03-15 13:21:32,574 [pool-104-thread-1] INFO  server.RaftServerConfigKeys (ConfUtils.java:logGet(44)) - raft.server.retrycache.statistics.expirytime = 100?s (default)
2021-03-15 13:21:32,574 [pool-104-thread-1] INFO  metrics.RatisMetrics (RatisMetrics.java:lambda$create$0(36)) - Creating Metrics Registry : ratis.leader_election.8f544fba-ae2a-4c10-8316-b74b14cffb80@group-E860D21F6A2B
2021-03-15 13:21:32,575 [pool-104-thread-1] INFO  metrics.RatisMetrics (RatisMetrics.java:lambda$create$0(36)) - Creating Metrics Registry : ratis.server.8f544fba-ae2a-4c10-8316-b74b14cffb80@group-E860D21F6A2B
2021-03-15 13:21:32,580 [pool-104-thread-1] INFO  server.RaftServer$Division (RaftServerImpl.java:<init>(180)) - 8f544fba-ae2a-4c10-8316-b74b14cffb80: new RaftServerImpl for group-8E469E476B4E:[8f544fba-ae2a-4c10-8316-b74b14cffb80|rpc:172.17.0.2:35899|priority:1] with ContainerStateMachine:uninitialized
2021-03-15 13:21:32,580 [pool-104-thread-1] INFO  server.RaftServerConfigKeys (ConfUtils.java:logGet(44)) - raft.server.rpc.timeout.min = 5s (custom)
2021-03-15 13:21:32,580 [pool-104-thread-1] INFO  server.RaftServerConfigKeys (ConfUtils.java:logGet(44)) - raft.server.rpc.timeout.max = 5200ms (custom)
2021-03-15 13:21:32,580 [pool-104-thread-1] INFO  server.RaftServerConfigKeys (ConfUtils.java:logGet(44)) - raft.server.rpc.sleep.time = 25ms (default)
2021-03-15 13:21:32,580 [pool-104-thread-1] INFO  server.RaftServerConfigKeys (ConfUtils.java:logGet(44)) - raft.server.rpc.slowness.timeout = 300000ms (custom)
2021-03-15 13:21:32,580 [pool-104-thread-1] INFO  server.RaftServerConfigKeys (ConfUtils.java:logGet(44)) - raft.server.leaderelection.leader.step-down.wait-time = 10s (default)
2021-03-15 13:21:32,580 [pool-104-thread-1] INFO  server.RaftServerConfigKeys (ConfUtils.java:logGet(44)) - raft.server.sleep.deviation.threshold = 300ms (default)
2021-03-15 13:21:32,580 [pool-104-thread-1] INFO  server.RaftServerConfigKeys (ConfUtils.java:logGet(44)) - raft.server.log.appender.install.snapshot.enabled = false (custom)
2021-03-15 13:21:32,580 [pool-104-thread-1] INFO  server.RaftServer$Division (ServerState.java:<init>(105)) - 8f544fba-ae2a-4c10-8316-b74b14cffb80@group-8E469E476B4E: ConfigurationManager, init=-1: [8f544fba-ae2a-4c10-8316-b74b14cffb80|rpc:172.17.0.2:35899|priority:1], old=null, confs=<EMPTY_MAP>
2021-03-15 13:21:32,580 [pool-104-thread-1] INFO  server.RaftServerConfigKeys (ConfUtils.java:logGet(44)) - raft.server.storage.dir = [/github/workspace/mnt/ozone/hadoop-ozone/integration-test/target/test-dir/MiniOzoneClusterImpl-10170ce6-1bcb-4b6c-85b7-fb1f14fc7e79/datanode-4/data/ratis] (custom)
2021-03-15 13:21:32,588 [pool-104-thread-1] INFO  server.RaftServerConfigKeys (ConfUtils.java:logGet(44)) - raft.server.log.corruption.policy = EXCEPTION (default)
2021-03-15 13:21:32,588 [pool-104-thread-1] INFO  storage.RaftStorageDirectory (RaftStorageDirectoryImpl.java:analyzeStorage(132)) - The storage directory /github/workspace/mnt/ozone/hadoop-ozone/integration-test/target/test-dir/MiniOzoneClusterImpl-10170ce6-1bcb-4b6c-85b7-fb1f14fc7e79/datanode-4/data/ratis/c8b00f4b-c710-4772-a5b0-8e469e476b4e does not exist. Creating ...
2021-03-15 13:21:32,590 [pool-104-thread-1] INFO  storage.RaftStorageDirectory (RaftStorageDirectoryImpl.java:tryLock(215)) - Lock on /github/workspace/mnt/ozone/hadoop-ozone/integration-test/target/test-dir/MiniOzoneClusterImpl-10170ce6-1bcb-4b6c-85b7-fb1f14fc7e79/datanode-4/data/ratis/c8b00f4b-c710-4772-a5b0-8e469e476b4e/in_use.lock acquired by nodename 8797@287f2862ff4e
2021-03-15 13:21:32,593 [pool-104-thread-1] INFO  storage.RaftStorage (RaftStorageImpl.java:format(87)) - Storage directory /github/workspace/mnt/ozone/hadoop-ozone/integration-test/target/test-dir/MiniOzoneClusterImpl-10170ce6-1bcb-4b6c-85b7-fb1f14fc7e79/datanode-4/data/ratis/c8b00f4b-c710-4772-a5b0-8e469e476b4e has been successfully formatted.
2021-03-15 13:21:32,594 [pool-104-thread-1] INFO  ratis.ContainerStateMachine (ContainerStateMachine.java:loadSnapshot(223)) - group-8E469E476B4E: The snapshot info is null. Setting the last applied indexto:(t:0, i:~)
2021-03-15 13:21:32,594 [pool-104-thread-1] ERROR storage.RaftStorage (RaftStorageImpl.java:readRaftConfiguration(147)) - Failed reading configuration from file:/github/workspace/mnt/ozone/hadoop-ozone/integration-test/target/test-dir/MiniOzoneClusterImpl-10170ce6-1bcb-4b6c-85b7-fb1f14fc7e79/datanode-4/data/ratis/c8b00f4b-c710-4772-a5b0-8e469e476b4e/current/raft-meta.conf
java.io.FileNotFoundException: /github/workspace/mnt/ozone/hadoop-ozone/integration-test/target/test-dir/MiniOzoneClusterImpl-10170ce6-1bcb-4b6c-85b7-fb1f14fc7e79/datanode-4/data/ratis/c8b00f4b-c710-4772-a5b0-8e469e476b4e/current/raft-meta.conf (No such file or directory)
	at java.io.FileInputStream.open0(Native Method)
	at java.io.FileInputStream.open(FileInputStream.java:195)
	at java.io.FileInputStream.<init>(FileInputStream.java:138)
	at org.apache.ratis.server.storage.RaftStorageImpl.readRaftConfiguration(RaftStorageImpl.java:143)
	at org.apache.ratis.server.impl.ServerState.<init>(ServerState.java:122)
	at org.apache.ratis.server.impl.RaftServerImpl.<init>(RaftServerImpl.java:193)
	at org.apache.ratis.server.impl.RaftServerProxy.lambda$newRaftServerImpl$4(RaftServerProxy.java:266)
	at java.util.concurrent.CompletableFuture$AsyncSupply.run(CompletableFuture.java:1604)
	at java.util.concurrent.ThreadPoolExecutor.runWorker(ThreadPoolExecutor.java:1149)
	at java.util.concurrent.ThreadPoolExecutor$Worker.run(ThreadPoolExecutor.java:624)
	at java.lang.Thread.run(Thread.java:748)
2021-03-15 13:21:32,594 [pool-104-thread-1] INFO  server.RaftServerConfigKeys (ConfUtils.java:logGet(44)) - raft.server.notification.no-leader.timeout = 300000ms (custom)
2021-03-15 13:21:32,595 [pool-104-thread-1] INFO  server.RaftServerConfigKeys (ConfUtils.java:logGet(44)) - raft.server.log.use.memory = false (default)
2021-03-15 13:21:32,595 [pool-104-thread-1] INFO  server.RaftServerConfigKeys (ConfUtils.java:logGet(44)) - raft.server.log.purge.gap = 1000000 (custom)
2021-03-15 13:21:32,595 [pool-104-thread-1] INFO  server.RaftServerConfigKeys (ConfUtils.java:logGet(44)) - raft.server.log.appender.buffer.byte-limit = 33554432 (custom)
2021-03-15 13:21:32,595 [pool-104-thread-1] INFO  metrics.RatisMetrics (RatisMetrics.java:lambda$create$0(36)) - Creating Metrics Registry : ratis.log_worker.8f544fba-ae2a-4c10-8316-b74b14cffb80@group-8E469E476B4E
2021-03-15 13:21:32,595 [pool-104-thread-1] INFO  server.RaftServerConfigKeys (ConfUtils.java:logGet(44)) - raft.server.log.segment.size.max = 1048576 (custom)
2021-03-15 13:21:32,598 [EventQueue-PipelineReportForPipelineReportHandler] INFO  pipeline.PipelineStateManager (PipelineStateManager.java:openPipeline(132)) - Pipeline Pipeline[ Id: c8b00f4b-c710-4772-a5b0-8e469e476b4e, Nodes: 8f544fba-ae2a-4c10-8316-b74b14cffb80{ip: 172.17.0.2, host: 287f2862ff4e, ports: [REPLICATION=41745, RATIS=35899, RATIS_ADMIN=35899, RATIS_SERVER=35899, STANDALONE=36625], networkLocation: /default-rack, certSerialId: null, persistedOpState: IN_SERVICE, persistedOpStateExpiryEpochSec: 0}, Type:RATIS, Factor:ONE, State:ALLOCATED, leaderId:8f544fba-ae2a-4c10-8316-b74b14cffb80, CreationTimestamp2021-03-15T13:21:29.530Z] moved to OPEN state
2021-03-15 13:21:32,598 [EventQueue-PipelineReportForOneReplicaPipelineSafeModeRule] INFO  safemode.SCMSafeModeManager (SCMSafeModeManager.java:validateSafeModeExitRules(214)) - AtleastOneDatanodeReportedRule rule is successfully validated
2021-03-15 13:21:32,600 [EventQueue-OpenPipelineForHealthyPipelineSafeModeRule] INFO  safemode.SCMSafeModeManager (HealthyPipelineSafeModeRule.java:process(128)) - SCM in safe mode. Healthy pipelines reported count is 0, required healthy pipeline reported count is 1
2021-03-15 13:21:32,607 [pool-104-thread-1] INFO  server.RaftServerConfigKeys (ConfUtils.java:logGet(44)) - raft.server.log.segment.cache.num.max = 2 (custom)
2021-03-15 13:21:32,607 [pool-104-thread-1] INFO  server.RaftServerConfigKeys (ConfUtils.java:logGet(44)) - raft.server.log.segment.cache.size.max = 200MB (=209715200) (default)
2021-03-15 13:21:32,607 [pool-104-thread-1] INFO  segmented.SegmentedRaftLogWorker (SegmentedRaftLogWorker.java:<init>(181)) - new 8f544fba-ae2a-4c10-8316-b74b14cffb80@group-8E469E476B4E-SegmentedRaftLogWorker for RaftStorageImpl:Storage Directory /github/workspace/mnt/ozone/hadoop-ozone/integration-test/target/test-dir/MiniOzoneClusterImpl-10170ce6-1bcb-4b6c-85b7-fb1f14fc7e79/datanode-4/data/ratis/c8b00f4b-c710-4772-a5b0-8e469e476b4e
2021-03-15 13:21:32,607 [pool-104-thread-1] INFO  server.RaftServerConfigKeys (ConfUtils.java:logGet(44)) - raft.server.log.queue.byte-limit = 2147483647 (custom)
2021-03-15 13:21:32,607 [pool-104-thread-1] INFO  server.RaftServerConfigKeys (ConfUtils.java:logGet(44)) - raft.server.log.queue.element-limit = 1024 (custom)
2021-03-15 13:21:32,620 [pool-104-thread-1] INFO  server.RaftServerConfigKeys (ConfUtils.java:logGet(44)) - raft.server.log.segment.size.max = 1048576 (custom)
2021-03-15 13:21:32,630 [Command processor thread] INFO  metrics.RatisMetrics (RatisMetrics.java:lambda$create$0(36)) - Creating Metrics Registry : ratis.client_message_metrics.client-48C7E3A25A26->2bcf9514-6eaf-4328-a021-870a209d39c4
2021-03-15 13:21:32,630 [Command processor thread] INFO  metrics.RatisMetrics (RatisMetrics.java:lambda$create$0(36)) - Creating Metrics Registry : ratis.client_message_metrics.client-9DEAC571C11F->2bcf9514-6eaf-4328-a021-870a209d39c4
2021-03-15 13:21:32,647 [pool-104-thread-1] INFO  server.RaftServerConfigKeys (ConfUtils.java:logGet(44)) - raft.server.log.preallocated.size = 16384 (custom)
2021-03-15 13:21:32,648 [pool-104-thread-1] INFO  server.RaftServerConfigKeys (ConfUtils.java:logGet(44)) - raft.server.log.force.sync.num = 128 (default)
2021-03-15 13:21:32,648 [pool-104-thread-1] INFO  server.RaftServerConfigKeys (ConfUtils.java:logGet(44)) - raft.server.log.statemachine.data.sync = true (default)
2021-03-15 13:21:32,648 [pool-104-thread-1] INFO  server.RaftServerConfigKeys (ConfUtils.java:logGet(44)) - raft.server.log.statemachine.data.sync.timeout = 10s (default)
2021-03-15 13:21:32,648 [pool-104-thread-1] INFO  server.RaftServerConfigKeys (ConfUtils.java:logGet(44)) - raft.server.log.statemachine.data.sync.timeout.retry = -1 (default)
2021-03-15 13:21:32,649 [pool-104-thread-1] INFO  server.RaftServerConfigKeys (ConfUtils.java:logGet(44)) - raft.server.log.write.buffer.size = 1048576 (custom)
2021-03-15 13:21:32,655 [pool-104-thread-1] INFO  server.RaftServerConfigKeys (ConfUtils.java:logGet(44)) - raft.server.log.statemachine.data.caching.enabled = true (custom)
2021-03-15 13:21:32,656 [pool-104-thread-1] INFO  segmented.SegmentedRaftLogWorker (SegmentedRaftLogWorker.java:lambda$new$0(132)) - 8f544fba-ae2a-4c10-8316-b74b14cffb80@group-8E469E476B4E-SegmentedRaftLogWorker: flushIndex: setUnconditionally 0 -> -1
2021-03-15 13:21:32,656 [pool-104-thread-1] INFO  segmented.SegmentedRaftLogWorker (SegmentedRaftLogWorker.java:lambda$new$0(132)) - 8f544fba-ae2a-4c10-8316-b74b14cffb80@group-8E469E476B4E-SegmentedRaftLogWorker: safeCacheEvictIndex: setUnconditionally 0 -> -1
2021-03-15 13:21:32,660 [Command processor thread] INFO  metrics.RatisMetrics (RatisMetrics.java:lambda$create$0(36)) - Creating Metrics Registry : ratis.client_message_metrics.client-2EBC6DEB7DCD->29adc670-2c1e-4c6c-9558-1601f864128b
2021-03-15 13:21:32,675 [pool-104-thread-1] INFO  server.RaftServerConfigKeys (ConfUtils.java:logGet(44)) - raft.server.snapshot.auto.trigger.enabled = true (custom)
2021-03-15 13:21:32,675 [pool-104-thread-1] INFO  server.RaftServerConfigKeys (ConfUtils.java:logGet(44)) - raft.server.snapshot.auto.trigger.threshold = 10000 (custom)
2021-03-15 13:21:32,675 [pool-104-thread-1] INFO  server.RaftServerConfigKeys (ConfUtils.java:logGet(44)) - raft.server.snapshot.retention.file.num = 5 (custom)
2021-03-15 13:21:32,675 [pool-104-thread-1] INFO  server.RaftServerConfigKeys (ConfUtils.java:logGet(44)) - raft.server.log.purge.upto.snapshot.index = false (default)
2021-03-15 13:21:32,675 [pool-104-thread-1] INFO  server.RaftServerConfigKeys (ConfUtils.java:logGet(44)) - raft.server.retrycache.expirytime = 600000ms (custom)
2021-03-15 13:21:32,676 [pool-104-thread-1] INFO  server.RaftServerConfigKeys (ConfUtils.java:logGet(44)) - raft.server.retrycache.statistics.expirytime = 100?s (default)
2021-03-15 13:21:32,676 [pool-104-thread-1] INFO  metrics.RatisMetrics (RatisMetrics.java:lambda$create$0(36)) - Creating Metrics Registry : ratis.leader_election.8f544fba-ae2a-4c10-8316-b74b14cffb80@group-8E469E476B4E
2021-03-15 13:21:32,676 [pool-104-thread-1] INFO  metrics.RatisMetrics (RatisMetrics.java:lambda$create$0(36)) - Creating Metrics Registry : ratis.server.8f544fba-ae2a-4c10-8316-b74b14cffb80@group-8E469E476B4E
2021-03-15 13:21:32,682 [pool-104-thread-1] INFO  server.RaftServer$Division (RaftServerImpl.java:start(295)) - 8f544fba-ae2a-4c10-8316-b74b14cffb80@group-E860D21F6A2B: start as a follower, conf=-1: [01124cd4-4ace-459c-9f52-5cd7a41fca7c|rpc:172.17.0.2:40903|dataStream:|priority:0, 8f544fba-ae2a-4c10-8316-b74b14cffb80|rpc:172.17.0.2:35899|dataStream:|priority:0, 490c2edb-ef6d-43f1-a3fc-38f1bdb7d380|rpc:172.17.0.2:35411|dataStream:|priority:1], old=null
2021-03-15 13:21:32,683 [pool-104-thread-1] INFO  server.RaftServer$Division (RaftServerImpl.java:setRole(284)) - 8f544fba-ae2a-4c10-8316-b74b14cffb80@group-E860D21F6A2B: changes role from      null to FOLLOWER at term 0 for startAsFollower
2021-03-15 13:21:32,689 [pool-104-thread-1] INFO  impl.RoleInfo (RoleInfo.java:updateAndGet(130)) - 8f544fba-ae2a-4c10-8316-b74b14cffb80: start 8f544fba-ae2a-4c10-8316-b74b14cffb80@group-E860D21F6A2B-FollowerState
2021-03-15 13:21:32,693 [pool-104-thread-1] INFO  util.JmxRegister (JmxRegister.java:tryRegister(44)) - Successfully registered JMX Bean with object name Ratis:service=RaftServer,group=group-E860D21F6A2B,id=8f544fba-ae2a-4c10-8316-b74b14cffb80
2021-03-15 13:21:32,693 [pool-104-thread-1] INFO  metrics.RatisMetrics (RatisMetrics.java:lambda$create$0(36)) - Creating Metrics Registry : ratis.state_machine.8f544fba-ae2a-4c10-8316-b74b14cffb80@group-E860D21F6A2B
2021-03-15 13:21:32,695 [pool-104-thread-1] INFO  server.RaftServer$Division (RaftServerImpl.java:start(295)) - 8f544fba-ae2a-4c10-8316-b74b14cffb80@group-8E469E476B4E: start as a follower, conf=-1: [8f544fba-ae2a-4c10-8316-b74b14cffb80|rpc:172.17.0.2:35899|priority:1], old=null
2021-03-15 13:21:32,695 [pool-104-thread-1] INFO  server.RaftServer$Division (RaftServerImpl.java:setRole(284)) - 8f544fba-ae2a-4c10-8316-b74b14cffb80@group-8E469E476B4E: changes role from      null to FOLLOWER at term 0 for startAsFollower
2021-03-15 13:21:32,695 [pool-104-thread-1] INFO  impl.RoleInfo (RoleInfo.java:updateAndGet(130)) - 8f544fba-ae2a-4c10-8316-b74b14cffb80: start 8f544fba-ae2a-4c10-8316-b74b14cffb80@group-8E469E476B4E-FollowerState
2021-03-15 13:21:32,699 [pool-104-thread-1] INFO  util.JmxRegister (JmxRegister.java:tryRegister(44)) - Successfully registered JMX Bean with object name Ratis:service=RaftServer,group=group-8E469E476B4E,id=8f544fba-ae2a-4c10-8316-b74b14cffb80
2021-03-15 13:21:32,699 [pool-104-thread-1] INFO  metrics.RatisMetrics (RatisMetrics.java:lambda$create$0(36)) - Creating Metrics Registry : ratis.state_machine.8f544fba-ae2a-4c10-8316-b74b14cffb80@group-8E469E476B4E
2021-03-15 13:21:32,705 [Command processor thread] INFO  commandhandler.CreatePipelineCommandHandler (CreatePipelineCommandHandler.java:handle(106)) - Created Pipeline RATIS ONE PipelineID=c8b00f4b-c710-4772-a5b0-8e469e476b4e.
2021-03-15 13:21:32,714 [Command processor thread] INFO  server.RaftServer (RaftServerProxy.java:addNew(95)) - 8f544fba-ae2a-4c10-8316-b74b14cffb80: addNew group-9EB71483E61B:[01124cd4-4ace-459c-9f52-5cd7a41fca7c|rpc:172.17.0.2:40903|priority:1, 8f544fba-ae2a-4c10-8316-b74b14cffb80|rpc:172.17.0.2:35899|priority:0, 490c2edb-ef6d-43f1-a3fc-38f1bdb7d380|rpc:172.17.0.2:35411|priority:0] returns group-9EB71483E61B:java.util.concurrent.CompletableFuture@15be0c4f[Not completed]
2021-03-15 13:21:32,715 [pool-104-thread-1] INFO  server.RaftServer$Division (RaftServerImpl.java:<init>(180)) - 8f544fba-ae2a-4c10-8316-b74b14cffb80: new RaftServerImpl for group-9EB71483E61B:[01124cd4-4ace-459c-9f52-5cd7a41fca7c|rpc:172.17.0.2:40903|priority:1, 8f544fba-ae2a-4c10-8316-b74b14cffb80|rpc:172.17.0.2:35899|priority:0, 490c2edb-ef6d-43f1-a3fc-38f1bdb7d380|rpc:172.17.0.2:35411|priority:0] with ContainerStateMachine:uninitialized
2021-03-15 13:21:32,715 [pool-104-thread-1] INFO  server.RaftServerConfigKeys (ConfUtils.java:logGet(44)) - raft.server.rpc.timeout.min = 5s (custom)
2021-03-15 13:21:32,715 [pool-104-thread-1] INFO  server.RaftServerConfigKeys (ConfUtils.java:logGet(44)) - raft.server.rpc.timeout.max = 5200ms (custom)
2021-03-15 13:21:32,716 [pool-104-thread-1] INFO  server.RaftServerConfigKeys (ConfUtils.java:logGet(44)) - raft.server.rpc.sleep.time = 25ms (default)
2021-03-15 13:21:32,716 [pool-104-thread-1] INFO  server.RaftServerConfigKeys (ConfUtils.java:logGet(44)) - raft.server.rpc.slowness.timeout = 300000ms (custom)
2021-03-15 13:21:32,716 [pool-104-thread-1] INFO  server.RaftServerConfigKeys (ConfUtils.java:logGet(44)) - raft.server.leaderelection.leader.step-down.wait-time = 10s (default)
2021-03-15 13:21:32,716 [pool-104-thread-1] INFO  server.RaftServerConfigKeys (ConfUtils.java:logGet(44)) - raft.server.sleep.deviation.threshold = 300ms (default)
2021-03-15 13:21:32,716 [pool-104-thread-1] INFO  server.RaftServerConfigKeys (ConfUtils.java:logGet(44)) - raft.server.log.appender.install.snapshot.enabled = false (custom)
2021-03-15 13:21:32,716 [pool-104-thread-1] INFO  server.RaftServer$Division (ServerState.java:<init>(105)) - 8f544fba-ae2a-4c10-8316-b74b14cffb80@group-9EB71483E61B: ConfigurationManager, init=-1: [01124cd4-4ace-459c-9f52-5cd7a41fca7c|rpc:172.17.0.2:40903|priority:1, 8f544fba-ae2a-4c10-8316-b74b14cffb80|rpc:172.17.0.2:35899|priority:0, 490c2edb-ef6d-43f1-a3fc-38f1bdb7d380|rpc:172.17.0.2:35411|priority:0], old=null, confs=<EMPTY_MAP>
2021-03-15 13:21:32,717 [pool-104-thread-1] INFO  server.RaftServerConfigKeys (ConfUtils.java:logGet(44)) - raft.server.storage.dir = [/github/workspace/mnt/ozone/hadoop-ozone/integration-test/target/test-dir/MiniOzoneClusterImpl-10170ce6-1bcb-4b6c-85b7-fb1f14fc7e79/datanode-4/data/ratis] (custom)
2021-03-15 13:21:32,717 [pool-104-thread-1] INFO  server.RaftServerConfigKeys (ConfUtils.java:logGet(44)) - raft.server.log.corruption.policy = EXCEPTION (default)
2021-03-15 13:21:32,717 [pool-104-thread-1] INFO  storage.RaftStorageDirectory (RaftStorageDirectoryImpl.java:analyzeStorage(132)) - The storage directory /github/workspace/mnt/ozone/hadoop-ozone/integration-test/target/test-dir/MiniOzoneClusterImpl-10170ce6-1bcb-4b6c-85b7-fb1f14fc7e79/datanode-4/data/ratis/3131fd0c-3f52-4949-b04d-9eb71483e61b does not exist. Creating ...
2021-03-15 13:21:32,718 [pool-104-thread-1] INFO  storage.RaftStorageDirectory (RaftStorageDirectoryImpl.java:tryLock(215)) - Lock on /github/workspace/mnt/ozone/hadoop-ozone/integration-test/target/test-dir/MiniOzoneClusterImpl-10170ce6-1bcb-4b6c-85b7-fb1f14fc7e79/datanode-4/data/ratis/3131fd0c-3f52-4949-b04d-9eb71483e61b/in_use.lock acquired by nodename 8797@287f2862ff4e
2021-03-15 13:21:32,725 [Command processor thread] INFO  commandhandler.CreatePipelineCommandHandler (CreatePipelineCommandHandler.java:handle(106)) - Created Pipeline RATIS THREE PipelineID=71864db7-4d39-4cb4-b48c-388b48ec2e2f.
2021-03-15 13:21:32,726 [Command processor thread] INFO  server.RaftServer (RaftServerProxy.java:addNew(95)) - 29adc670-2c1e-4c6c-9558-1601f864128b: addNew group-184EB8E85B35:[29adc670-2c1e-4c6c-9558-1601f864128b|rpc:172.17.0.2:37315|priority:0, 2bcf9514-6eaf-4328-a021-870a209d39c4|rpc:172.17.0.2:43919|priority:1, c8823aab-1c49-422a-a51c-c7b83b859fa6|rpc:172.17.0.2:38877|priority:0] returns group-184EB8E85B35:java.util.concurrent.CompletableFuture@621d3244[Not completed]
2021-03-15 13:21:32,728 [pool-55-thread-1] INFO  server.RaftServer$Division (RaftServerImpl.java:<init>(180)) - 29adc670-2c1e-4c6c-9558-1601f864128b: new RaftServerImpl for group-184EB8E85B35:[29adc670-2c1e-4c6c-9558-1601f864128b|rpc:172.17.0.2:37315|priority:0, 2bcf9514-6eaf-4328-a021-870a209d39c4|rpc:172.17.0.2:43919|priority:1, c8823aab-1c49-422a-a51c-c7b83b859fa6|rpc:172.17.0.2:38877|priority:0] with ContainerStateMachine:uninitialized
2021-03-15 13:21:32,728 [pool-55-thread-1] INFO  server.RaftServerConfigKeys (ConfUtils.java:logGet(44)) - raft.server.rpc.timeout.min = 5s (custom)
2021-03-15 13:21:32,728 [pool-55-thread-1] INFO  server.RaftServerConfigKeys (ConfUtils.java:logGet(44)) - raft.server.rpc.timeout.max = 5200ms (custom)
2021-03-15 13:21:32,728 [pool-55-thread-1] INFO  server.RaftServerConfigKeys (ConfUtils.java:logGet(44)) - raft.server.rpc.sleep.time = 25ms (default)
2021-03-15 13:21:32,728 [pool-55-thread-1] INFO  server.RaftServerConfigKeys (ConfUtils.java:logGet(44)) - raft.server.rpc.slowness.timeout = 300000ms (custom)
2021-03-15 13:21:32,728 [pool-55-thread-1] INFO  server.RaftServerConfigKeys (ConfUtils.java:logGet(44)) - raft.server.leaderelection.leader.step-down.wait-time = 10s (default)
2021-03-15 13:21:32,728 [pool-55-thread-1] INFO  server.RaftServerConfigKeys (ConfUtils.java:logGet(44)) - raft.server.sleep.deviation.threshold = 300ms (default)
2021-03-15 13:21:32,728 [pool-55-thread-1] INFO  server.RaftServerConfigKeys (ConfUtils.java:logGet(44)) - raft.server.log.appender.install.snapshot.enabled = false (custom)
2021-03-15 13:21:32,728 [pool-55-thread-1] INFO  server.RaftServer$Division (ServerState.java:<init>(105)) - 29adc670-2c1e-4c6c-9558-1601f864128b@group-184EB8E85B35: ConfigurationManager, init=-1: [29adc670-2c1e-4c6c-9558-1601f864128b|rpc:172.17.0.2:37315|priority:0, 2bcf9514-6eaf-4328-a021-870a209d39c4|rpc:172.17.0.2:43919|priority:1, c8823aab-1c49-422a-a51c-c7b83b859fa6|rpc:172.17.0.2:38877|priority:0], old=null, confs=<EMPTY_MAP>
2021-03-15 13:21:32,728 [pool-55-thread-1] INFO  server.RaftServerConfigKeys (ConfUtils.java:logGet(44)) - raft.server.storage.dir = [/github/workspace/mnt/ozone/hadoop-ozone/integration-test/target/test-dir/MiniOzoneClusterImpl-10170ce6-1bcb-4b6c-85b7-fb1f14fc7e79/datanode-1/data/ratis] (custom)
2021-03-15 13:21:32,728 [pool-55-thread-1] INFO  server.RaftServerConfigKeys (ConfUtils.java:logGet(44)) - raft.server.log.corruption.policy = EXCEPTION (default)
2021-03-15 13:21:32,729 [pool-104-thread-1] INFO  storage.RaftStorage (RaftStorageImpl.java:format(87)) - Storage directory /github/workspace/mnt/ozone/hadoop-ozone/integration-test/target/test-dir/MiniOzoneClusterImpl-10170ce6-1bcb-4b6c-85b7-fb1f14fc7e79/datanode-4/data/ratis/3131fd0c-3f52-4949-b04d-9eb71483e61b has been successfully formatted.
2021-03-15 13:21:32,729 [pool-55-thread-1] INFO  storage.RaftStorageDirectory (RaftStorageDirectoryImpl.java:analyzeStorage(132)) - The storage directory /github/workspace/mnt/ozone/hadoop-ozone/integration-test/target/test-dir/MiniOzoneClusterImpl-10170ce6-1bcb-4b6c-85b7-fb1f14fc7e79/datanode-1/data/ratis/79e449a0-20f2-4382-bd34-184eb8e85b35 does not exist. Creating ...
2021-03-15 13:21:32,730 [pool-104-thread-1] INFO  ratis.ContainerStateMachine (ContainerStateMachine.java:loadSnapshot(223)) - group-9EB71483E61B: The snapshot info is null. Setting the last applied indexto:(t:0, i:~)
2021-03-15 13:21:32,731 [pool-104-thread-1] ERROR storage.RaftStorage (RaftStorageImpl.java:readRaftConfiguration(147)) - Failed reading configuration from file:/github/workspace/mnt/ozone/hadoop-ozone/integration-test/target/test-dir/MiniOzoneClusterImpl-10170ce6-1bcb-4b6c-85b7-fb1f14fc7e79/datanode-4/data/ratis/3131fd0c-3f52-4949-b04d-9eb71483e61b/current/raft-meta.conf
java.io.FileNotFoundException: /github/workspace/mnt/ozone/hadoop-ozone/integration-test/target/test-dir/MiniOzoneClusterImpl-10170ce6-1bcb-4b6c-85b7-fb1f14fc7e79/datanode-4/data/ratis/3131fd0c-3f52-4949-b04d-9eb71483e61b/current/raft-meta.conf (No such file or directory)
	at java.io.FileInputStream.open0(Native Method)
	at java.io.FileInputStream.open(FileInputStream.java:195)
	at java.io.FileInputStream.<init>(FileInputStream.java:138)
	at org.apache.ratis.server.storage.RaftStorageImpl.readRaftConfiguration(RaftStorageImpl.java:143)
	at org.apache.ratis.server.impl.ServerState.<init>(ServerState.java:122)
	at org.apache.ratis.server.impl.RaftServerImpl.<init>(RaftServerImpl.java:193)
	at org.apache.ratis.server.impl.RaftServerProxy.lambda$newRaftServerImpl$4(RaftServerProxy.java:266)
	at java.util.concurrent.CompletableFuture$AsyncSupply.run(CompletableFuture.java:1604)
	at java.util.concurrent.ThreadPoolExecutor.runWorker(ThreadPoolExecutor.java:1149)
	at java.util.concurrent.ThreadPoolExecutor$Worker.run(ThreadPoolExecutor.java:624)
	at java.lang.Thread.run(Thread.java:748)
2021-03-15 13:21:32,731 [pool-104-thread-1] INFO  server.RaftServerConfigKeys (ConfUtils.java:logGet(44)) - raft.server.notification.no-leader.timeout = 300000ms (custom)
2021-03-15 13:21:32,731 [pool-104-thread-1] INFO  server.RaftServerConfigKeys (ConfUtils.java:logGet(44)) - raft.server.log.use.memory = false (default)
2021-03-15 13:21:32,731 [pool-104-thread-1] INFO  server.RaftServerConfigKeys (ConfUtils.java:logGet(44)) - raft.server.log.purge.gap = 1000000 (custom)
2021-03-15 13:21:32,731 [pool-104-thread-1] INFO  server.RaftServerConfigKeys (ConfUtils.java:logGet(44)) - raft.server.log.appender.buffer.byte-limit = 33554432 (custom)
2021-03-15 13:21:32,731 [pool-104-thread-1] INFO  metrics.RatisMetrics (RatisMetrics.java:lambda$create$0(36)) - Creating Metrics Registry : ratis.log_worker.8f544fba-ae2a-4c10-8316-b74b14cffb80@group-9EB71483E61B
2021-03-15 13:21:32,731 [pool-104-thread-1] INFO  server.RaftServerConfigKeys (ConfUtils.java:logGet(44)) - raft.server.log.segment.size.max = 1048576 (custom)
2021-03-15 13:21:32,732 [pool-104-thread-1] INFO  server.RaftServerConfigKeys (ConfUtils.java:logGet(44)) - raft.server.log.segment.cache.num.max = 2 (custom)
2021-03-15 13:21:32,732 [pool-104-thread-1] INFO  server.RaftServerConfigKeys (ConfUtils.java:logGet(44)) - raft.server.log.segment.cache.size.max = 200MB (=209715200) (default)
2021-03-15 13:21:32,732 [pool-104-thread-1] INFO  segmented.SegmentedRaftLogWorker (SegmentedRaftLogWorker.java:<init>(181)) - new 8f544fba-ae2a-4c10-8316-b74b14cffb80@group-9EB71483E61B-SegmentedRaftLogWorker for RaftStorageImpl:Storage Directory /github/workspace/mnt/ozone/hadoop-ozone/integration-test/target/test-dir/MiniOzoneClusterImpl-10170ce6-1bcb-4b6c-85b7-fb1f14fc7e79/datanode-4/data/ratis/3131fd0c-3f52-4949-b04d-9eb71483e61b
2021-03-15 13:21:32,732 [pool-104-thread-1] INFO  server.RaftServerConfigKeys (ConfUtils.java:logGet(44)) - raft.server.log.queue.byte-limit = 2147483647 (custom)
2021-03-15 13:21:32,732 [pool-104-thread-1] INFO  server.RaftServerConfigKeys (ConfUtils.java:logGet(44)) - raft.server.log.queue.element-limit = 1024 (custom)
2021-03-15 13:21:32,732 [pool-104-thread-1] INFO  server.RaftServerConfigKeys (ConfUtils.java:logGet(44)) - raft.server.log.segment.size.max = 1048576 (custom)
2021-03-15 13:21:32,732 [pool-104-thread-1] INFO  server.RaftServerConfigKeys (ConfUtils.java:logGet(44)) - raft.server.log.preallocated.size = 16384 (custom)
2021-03-15 13:21:32,735 [EventQueue-PipelineReportForOneReplicaPipelineSafeModeRule] INFO  safemode.SCMSafeModeManager (SCMSafeModeManager.java:validateSafeModeExitRules(214)) - AtleastOneDatanodeReportedRule rule is successfully validated
2021-03-15 13:21:32,735 [EventQueue-OpenPipelineForHealthyPipelineSafeModeRule] INFO  safemode.SCMSafeModeManager (HealthyPipelineSafeModeRule.java:process(128)) - SCM in safe mode. Healthy pipelines reported count is 0, required healthy pipeline reported count is 1
2021-03-15 13:21:32,730 [pool-55-thread-1] INFO  storage.RaftStorageDirectory (RaftStorageDirectoryImpl.java:tryLock(215)) - Lock on /github/workspace/mnt/ozone/hadoop-ozone/integration-test/target/test-dir/MiniOzoneClusterImpl-10170ce6-1bcb-4b6c-85b7-fb1f14fc7e79/datanode-1/data/ratis/79e449a0-20f2-4382-bd34-184eb8e85b35/in_use.lock acquired by nodename 8797@287f2862ff4e
2021-03-15 13:21:32,736 [pool-104-thread-1] INFO  server.RaftServerConfigKeys (ConfUtils.java:logGet(44)) - raft.server.log.force.sync.num = 128 (default)
2021-03-15 13:21:32,736 [pool-104-thread-1] INFO  server.RaftServerConfigKeys (ConfUtils.java:logGet(44)) - raft.server.log.statemachine.data.sync = true (default)
2021-03-15 13:21:32,736 [pool-104-thread-1] INFO  server.RaftServerConfigKeys (ConfUtils.java:logGet(44)) - raft.server.log.statemachine.data.sync.timeout = 10s (default)
2021-03-15 13:21:32,745 [pool-104-thread-1] INFO  server.RaftServerConfigKeys (ConfUtils.java:logGet(44)) - raft.server.log.statemachine.data.sync.timeout.retry = -1 (default)
2021-03-15 13:21:32,746 [pool-104-thread-1] INFO  server.RaftServerConfigKeys (ConfUtils.java:logGet(44)) - raft.server.log.write.buffer.size = 1048576 (custom)
2021-03-15 13:21:32,747 [pool-104-thread-1] INFO  server.RaftServerConfigKeys (ConfUtils.java:logGet(44)) - raft.server.log.statemachine.data.caching.enabled = true (custom)
2021-03-15 13:21:32,747 [pool-104-thread-1] INFO  segmented.SegmentedRaftLogWorker (SegmentedRaftLogWorker.java:lambda$new$0(132)) - 8f544fba-ae2a-4c10-8316-b74b14cffb80@group-9EB71483E61B-SegmentedRaftLogWorker: flushIndex: setUnconditionally 0 -> -1
2021-03-15 13:21:32,747 [pool-104-thread-1] INFO  segmented.SegmentedRaftLogWorker (SegmentedRaftLogWorker.java:lambda$new$0(132)) - 8f544fba-ae2a-4c10-8316-b74b14cffb80@group-9EB71483E61B-SegmentedRaftLogWorker: safeCacheEvictIndex: setUnconditionally 0 -> -1
2021-03-15 13:21:32,750 [pool-55-thread-1] INFO  storage.RaftStorage (RaftStorageImpl.java:format(87)) - Storage directory /github/workspace/mnt/ozone/hadoop-ozone/integration-test/target/test-dir/MiniOzoneClusterImpl-10170ce6-1bcb-4b6c-85b7-fb1f14fc7e79/datanode-1/data/ratis/79e449a0-20f2-4382-bd34-184eb8e85b35 has been successfully formatted.
2021-03-15 13:21:32,751 [pool-55-thread-1] INFO  ratis.ContainerStateMachine (ContainerStateMachine.java:loadSnapshot(223)) - group-184EB8E85B35: The snapshot info is null. Setting the last applied indexto:(t:0, i:~)
2021-03-15 13:21:32,751 [pool-55-thread-1] ERROR storage.RaftStorage (RaftStorageImpl.java:readRaftConfiguration(147)) - Failed reading configuration from file:/github/workspace/mnt/ozone/hadoop-ozone/integration-test/target/test-dir/MiniOzoneClusterImpl-10170ce6-1bcb-4b6c-85b7-fb1f14fc7e79/datanode-1/data/ratis/79e449a0-20f2-4382-bd34-184eb8e85b35/current/raft-meta.conf
java.io.FileNotFoundException: /github/workspace/mnt/ozone/hadoop-ozone/integration-test/target/test-dir/MiniOzoneClusterImpl-10170ce6-1bcb-4b6c-85b7-fb1f14fc7e79/datanode-1/data/ratis/79e449a0-20f2-4382-bd34-184eb8e85b35/current/raft-meta.conf (No such file or directory)
	at java.io.FileInputStream.open0(Native Method)
	at java.io.FileInputStream.open(FileInputStream.java:195)
	at java.io.FileInputStream.<init>(FileInputStream.java:138)
	at org.apache.ratis.server.storage.RaftStorageImpl.readRaftConfiguration(RaftStorageImpl.java:143)
	at org.apache.ratis.server.impl.ServerState.<init>(ServerState.java:122)
	at org.apache.ratis.server.impl.RaftServerImpl.<init>(RaftServerImpl.java:193)
	at org.apache.ratis.server.impl.RaftServerProxy.lambda$newRaftServerImpl$4(RaftServerProxy.java:266)
	at java.util.concurrent.CompletableFuture$AsyncSupply.run(CompletableFuture.java:1604)
	at java.util.concurrent.ThreadPoolExecutor.runWorker(ThreadPoolExecutor.java:1149)
	at java.util.concurrent.ThreadPoolExecutor$Worker.run(ThreadPoolExecutor.java:624)
	at java.lang.Thread.run(Thread.java:748)
2021-03-15 13:21:32,751 [pool-55-thread-1] INFO  server.RaftServerConfigKeys (ConfUtils.java:logGet(44)) - raft.server.notification.no-leader.timeout = 300000ms (custom)
2021-03-15 13:21:32,751 [pool-55-thread-1] INFO  server.RaftServerConfigKeys (ConfUtils.java:logGet(44)) - raft.server.log.use.memory = false (default)
2021-03-15 13:21:32,752 [pool-55-thread-1] INFO  server.RaftServerConfigKeys (ConfUtils.java:logGet(44)) - raft.server.log.purge.gap = 1000000 (custom)
2021-03-15 13:21:32,752 [pool-55-thread-1] INFO  server.RaftServerConfigKeys (ConfUtils.java:logGet(44)) - raft.server.log.appender.buffer.byte-limit = 33554432 (custom)
2021-03-15 13:21:32,752 [pool-55-thread-1] INFO  metrics.RatisMetrics (RatisMetrics.java:lambda$create$0(36)) - Creating Metrics Registry : ratis.log_worker.29adc670-2c1e-4c6c-9558-1601f864128b@group-184EB8E85B35
2021-03-15 13:21:32,752 [pool-55-thread-1] INFO  server.RaftServerConfigKeys (ConfUtils.java:logGet(44)) - raft.server.log.segment.size.max = 1048576 (custom)
2021-03-15 13:21:32,752 [pool-55-thread-1] INFO  server.RaftServerConfigKeys (ConfUtils.java:logGet(44)) - raft.server.log.segment.cache.num.max = 2 (custom)
2021-03-15 13:21:32,752 [pool-55-thread-1] INFO  server.RaftServerConfigKeys (ConfUtils.java:logGet(44)) - raft.server.log.segment.cache.size.max = 200MB (=209715200) (default)
2021-03-15 13:21:32,753 [pool-55-thread-1] INFO  segmented.SegmentedRaftLogWorker (SegmentedRaftLogWorker.java:<init>(181)) - new 29adc670-2c1e-4c6c-9558-1601f864128b@group-184EB8E85B35-SegmentedRaftLogWorker for RaftStorageImpl:Storage Directory /github/workspace/mnt/ozone/hadoop-ozone/integration-test/target/test-dir/MiniOzoneClusterImpl-10170ce6-1bcb-4b6c-85b7-fb1f14fc7e79/datanode-1/data/ratis/79e449a0-20f2-4382-bd34-184eb8e85b35
2021-03-15 13:21:32,753 [pool-55-thread-1] INFO  server.RaftServerConfigKeys (ConfUtils.java:logGet(44)) - raft.server.log.queue.byte-limit = 2147483647 (custom)
2021-03-15 13:21:32,753 [pool-55-thread-1] INFO  server.RaftServerConfigKeys (ConfUtils.java:logGet(44)) - raft.server.log.queue.element-limit = 1024 (custom)
2021-03-15 13:21:32,753 [pool-55-thread-1] INFO  server.RaftServerConfigKeys (ConfUtils.java:logGet(44)) - raft.server.log.segment.size.max = 1048576 (custom)
2021-03-15 13:21:32,753 [pool-55-thread-1] INFO  server.RaftServerConfigKeys (ConfUtils.java:logGet(44)) - raft.server.log.preallocated.size = 16384 (custom)
2021-03-15 13:21:32,753 [pool-55-thread-1] INFO  server.RaftServerConfigKeys (ConfUtils.java:logGet(44)) - raft.server.log.force.sync.num = 128 (default)
2021-03-15 13:21:32,753 [pool-55-thread-1] INFO  server.RaftServerConfigKeys (ConfUtils.java:logGet(44)) - raft.server.log.statemachine.data.sync = true (default)
2021-03-15 13:21:32,753 [pool-55-thread-1] INFO  server.RaftServerConfigKeys (ConfUtils.java:logGet(44)) - raft.server.log.statemachine.data.sync.timeout = 10s (default)
2021-03-15 13:21:32,753 [pool-55-thread-1] INFO  server.RaftServerConfigKeys (ConfUtils.java:logGet(44)) - raft.server.log.statemachine.data.sync.timeout.retry = -1 (default)
2021-03-15 13:21:32,754 [pool-55-thread-1] INFO  server.RaftServerConfigKeys (ConfUtils.java:logGet(44)) - raft.server.log.write.buffer.size = 1048576 (custom)
2021-03-15 13:21:32,755 [pool-55-thread-1] INFO  server.RaftServerConfigKeys (ConfUtils.java:logGet(44)) - raft.server.log.statemachine.data.caching.enabled = true (custom)
2021-03-15 13:21:32,755 [pool-55-thread-1] INFO  segmented.SegmentedRaftLogWorker (SegmentedRaftLogWorker.java:lambda$new$0(132)) - 29adc670-2c1e-4c6c-9558-1601f864128b@group-184EB8E85B35-SegmentedRaftLogWorker: flushIndex: setUnconditionally 0 -> -1
2021-03-15 13:21:32,755 [pool-55-thread-1] INFO  segmented.SegmentedRaftLogWorker (SegmentedRaftLogWorker.java:lambda$new$0(132)) - 29adc670-2c1e-4c6c-9558-1601f864128b@group-184EB8E85B35-SegmentedRaftLogWorker: safeCacheEvictIndex: setUnconditionally 0 -> -1
2021-03-15 13:21:32,756 [pool-104-thread-1] INFO  server.RaftServerConfigKeys (ConfUtils.java:logGet(44)) - raft.server.snapshot.auto.trigger.enabled = true (custom)
2021-03-15 13:21:32,756 [pool-104-thread-1] INFO  server.RaftServerConfigKeys (ConfUtils.java:logGet(44)) - raft.server.snapshot.auto.trigger.threshold = 10000 (custom)
2021-03-15 13:21:32,756 [pool-104-thread-1] INFO  server.RaftServerConfigKeys (ConfUtils.java:logGet(44)) - raft.server.snapshot.retention.file.num = 5 (custom)
2021-03-15 13:21:32,756 [pool-104-thread-1] INFO  server.RaftServerConfigKeys (ConfUtils.java:logGet(44)) - raft.server.log.purge.upto.snapshot.index = false (default)
2021-03-15 13:21:32,756 [pool-55-thread-1] INFO  server.RaftServerConfigKeys (ConfUtils.java:logGet(44)) - raft.server.snapshot.auto.trigger.enabled = true (custom)
2021-03-15 13:21:32,756 [pool-55-thread-1] INFO  server.RaftServerConfigKeys (ConfUtils.java:logGet(44)) - raft.server.snapshot.auto.trigger.threshold = 10000 (custom)
2021-03-15 13:21:32,756 [pool-55-thread-1] INFO  server.RaftServerConfigKeys (ConfUtils.java:logGet(44)) - raft.server.snapshot.retention.file.num = 5 (custom)
2021-03-15 13:21:32,756 [pool-55-thread-1] INFO  server.RaftServerConfigKeys (ConfUtils.java:logGet(44)) - raft.server.log.purge.upto.snapshot.index = false (default)
2021-03-15 13:21:32,756 [pool-55-thread-1] INFO  server.RaftServerConfigKeys (ConfUtils.java:logGet(44)) - raft.server.retrycache.expirytime = 600000ms (custom)
2021-03-15 13:21:32,756 [pool-55-thread-1] INFO  server.RaftServerConfigKeys (ConfUtils.java:logGet(44)) - raft.server.retrycache.statistics.expirytime = 100?s (default)
2021-03-15 13:21:32,756 [pool-55-thread-1] INFO  metrics.RatisMetrics (RatisMetrics.java:lambda$create$0(36)) - Creating Metrics Registry : ratis.leader_election.29adc670-2c1e-4c6c-9558-1601f864128b@group-184EB8E85B35
2021-03-15 13:21:32,757 [pool-55-thread-1] INFO  metrics.RatisMetrics (RatisMetrics.java:lambda$create$0(36)) - Creating Metrics Registry : ratis.server.29adc670-2c1e-4c6c-9558-1601f864128b@group-184EB8E85B35
2021-03-15 13:21:32,758 [pool-55-thread-1] INFO  server.RaftServer$Division (RaftServerImpl.java:start(295)) - 29adc670-2c1e-4c6c-9558-1601f864128b@group-184EB8E85B35: start as a follower, conf=-1: [29adc670-2c1e-4c6c-9558-1601f864128b|rpc:172.17.0.2:37315|priority:0, 2bcf9514-6eaf-4328-a021-870a209d39c4|rpc:172.17.0.2:43919|priority:1, c8823aab-1c49-422a-a51c-c7b83b859fa6|rpc:172.17.0.2:38877|priority:0], old=null
2021-03-15 13:21:32,758 [pool-55-thread-1] INFO  server.RaftServer$Division (RaftServerImpl.java:setRole(284)) - 29adc670-2c1e-4c6c-9558-1601f864128b@group-184EB8E85B35: changes role from      null to FOLLOWER at term 0 for startAsFollower
2021-03-15 13:21:32,758 [pool-55-thread-1] INFO  impl.RoleInfo (RoleInfo.java:updateAndGet(130)) - 29adc670-2c1e-4c6c-9558-1601f864128b: start 29adc670-2c1e-4c6c-9558-1601f864128b@group-184EB8E85B35-FollowerState
2021-03-15 13:21:32,770 [Command processor thread] INFO  commandhandler.CreatePipelineCommandHandler (CreatePipelineCommandHandler.java:handle(106)) - Created Pipeline RATIS THREE PipelineID=71864db7-4d39-4cb4-b48c-388b48ec2e2f.
2021-03-15 13:21:32,771 [Command processor thread] INFO  server.RaftServer (RaftServerProxy.java:addNew(95)) - 2bcf9514-6eaf-4328-a021-870a209d39c4: addNew group-184EB8E85B35:[29adc670-2c1e-4c6c-9558-1601f864128b|rpc:172.17.0.2:37315|priority:0, 2bcf9514-6eaf-4328-a021-870a209d39c4|rpc:172.17.0.2:43919|priority:1, c8823aab-1c49-422a-a51c-c7b83b859fa6|rpc:172.17.0.2:38877|priority:0] returns group-184EB8E85B35:java.util.concurrent.CompletableFuture@64016360[Not completed]
2021-03-15 13:21:32,773 [pool-72-thread-1] INFO  server.RaftServer$Division (RaftServerImpl.java:<init>(180)) - 2bcf9514-6eaf-4328-a021-870a209d39c4: new RaftServerImpl for group-184EB8E85B35:[29adc670-2c1e-4c6c-9558-1601f864128b|rpc:172.17.0.2:37315|priority:0, 2bcf9514-6eaf-4328-a021-870a209d39c4|rpc:172.17.0.2:43919|priority:1, c8823aab-1c49-422a-a51c-c7b83b859fa6|rpc:172.17.0.2:38877|priority:0] with ContainerStateMachine:uninitialized
2021-03-15 13:21:32,773 [pool-72-thread-1] INFO  server.RaftServerConfigKeys (ConfUtils.java:logGet(44)) - raft.server.rpc.timeout.min = 5s (custom)
2021-03-15 13:21:32,773 [pool-72-thread-1] INFO  server.RaftServerConfigKeys (ConfUtils.java:logGet(44)) - raft.server.rpc.timeout.max = 5200ms (custom)
2021-03-15 13:21:32,773 [pool-72-thread-1] INFO  server.RaftServerConfigKeys (ConfUtils.java:logGet(44)) - raft.server.rpc.sleep.time = 25ms (default)
2021-03-15 13:21:32,773 [pool-72-thread-1] INFO  server.RaftServerConfigKeys (ConfUtils.java:logGet(44)) - raft.server.rpc.slowness.timeout = 300000ms (custom)
2021-03-15 13:21:32,773 [pool-72-thread-1] INFO  server.RaftServerConfigKeys (ConfUtils.java:logGet(44)) - raft.server.leaderelection.leader.step-down.wait-time = 10s (default)
2021-03-15 13:21:32,773 [pool-72-thread-1] INFO  server.RaftServerConfigKeys (ConfUtils.java:logGet(44)) - raft.server.sleep.deviation.threshold = 300ms (default)
2021-03-15 13:21:32,773 [pool-72-thread-1] INFO  server.RaftServerConfigKeys (ConfUtils.java:logGet(44)) - raft.server.log.appender.install.snapshot.enabled = false (custom)
2021-03-15 13:21:32,773 [pool-72-thread-1] INFO  server.RaftServer$Division (ServerState.java:<init>(105)) - 2bcf9514-6eaf-4328-a021-870a209d39c4@group-184EB8E85B35: ConfigurationManager, init=-1: [29adc670-2c1e-4c6c-9558-1601f864128b|rpc:172.17.0.2:37315|priority:0, 2bcf9514-6eaf-4328-a021-870a209d39c4|rpc:172.17.0.2:43919|priority:1, c8823aab-1c49-422a-a51c-c7b83b859fa6|rpc:172.17.0.2:38877|priority:0], old=null, confs=<EMPTY_MAP>
2021-03-15 13:21:32,773 [pool-72-thread-1] INFO  server.RaftServerConfigKeys (ConfUtils.java:logGet(44)) - raft.server.storage.dir = [/github/workspace/mnt/ozone/hadoop-ozone/integration-test/target/test-dir/MiniOzoneClusterImpl-10170ce6-1bcb-4b6c-85b7-fb1f14fc7e79/datanode-2/data/ratis] (custom)
2021-03-15 13:21:32,774 [pool-72-thread-1] INFO  server.RaftServerConfigKeys (ConfUtils.java:logGet(44)) - raft.server.log.corruption.policy = EXCEPTION (default)
2021-03-15 13:21:32,774 [pool-72-thread-1] INFO  storage.RaftStorageDirectory (RaftStorageDirectoryImpl.java:analyzeStorage(132)) - The storage directory /github/workspace/mnt/ozone/hadoop-ozone/integration-test/target/test-dir/MiniOzoneClusterImpl-10170ce6-1bcb-4b6c-85b7-fb1f14fc7e79/datanode-2/data/ratis/79e449a0-20f2-4382-bd34-184eb8e85b35 does not exist. Creating ...
2021-03-15 13:21:32,776 [pool-55-thread-1] INFO  util.JmxRegister (JmxRegister.java:tryRegister(44)) - Successfully registered JMX Bean with object name Ratis:service=RaftServer,group=group-184EB8E85B35,id=29adc670-2c1e-4c6c-9558-1601f864128b
2021-03-15 13:21:32,776 [pool-55-thread-1] INFO  metrics.RatisMetrics (RatisMetrics.java:lambda$create$0(36)) - Creating Metrics Registry : ratis.state_machine.29adc670-2c1e-4c6c-9558-1601f864128b@group-184EB8E85B35
2021-03-15 13:21:32,776 [pool-72-thread-1] INFO  storage.RaftStorageDirectory (RaftStorageDirectoryImpl.java:tryLock(215)) - Lock on /github/workspace/mnt/ozone/hadoop-ozone/integration-test/target/test-dir/MiniOzoneClusterImpl-10170ce6-1bcb-4b6c-85b7-fb1f14fc7e79/datanode-2/data/ratis/79e449a0-20f2-4382-bd34-184eb8e85b35/in_use.lock acquired by nodename 8797@287f2862ff4e
2021-03-15 13:21:32,777 [EventQueue-OpenPipelineForHealthyPipelineSafeModeRule] INFO  safemode.SCMSafeModeManager (HealthyPipelineSafeModeRule.java:process(128)) - SCM in safe mode. Healthy pipelines reported count is 0, required healthy pipeline reported count is 1
2021-03-15 13:21:32,777 [EventQueue-PipelineReportForOneReplicaPipelineSafeModeRule] INFO  safemode.SCMSafeModeManager (SCMSafeModeManager.java:validateSafeModeExitRules(214)) - AtleastOneDatanodeReportedRule rule is successfully validated
2021-03-15 13:21:32,779 [Command processor thread] INFO  commandhandler.CreatePipelineCommandHandler (CreatePipelineCommandHandler.java:handle(106)) - Created Pipeline RATIS THREE PipelineID=71864db7-4d39-4cb4-b48c-388b48ec2e2f.
2021-03-15 13:21:32,779 [Command processor thread] INFO  server.RaftServer (RaftServerProxy.java:addNew(95)) - c8823aab-1c49-422a-a51c-c7b83b859fa6: addNew group-184EB8E85B35:[29adc670-2c1e-4c6c-9558-1601f864128b|rpc:172.17.0.2:37315|priority:0, 2bcf9514-6eaf-4328-a021-870a209d39c4|rpc:172.17.0.2:43919|priority:1, c8823aab-1c49-422a-a51c-c7b83b859fa6|rpc:172.17.0.2:38877|priority:0] returns group-184EB8E85B35:java.util.concurrent.CompletableFuture@5cb8d24c[Not completed]
2021-03-15 13:21:32,780 [pool-40-thread-1] INFO  server.RaftServer$Division (RaftServerImpl.java:<init>(180)) - c8823aab-1c49-422a-a51c-c7b83b859fa6: new RaftServerImpl for group-184EB8E85B35:[29adc670-2c1e-4c6c-9558-1601f864128b|rpc:172.17.0.2:37315|priority:0, 2bcf9514-6eaf-4328-a021-870a209d39c4|rpc:172.17.0.2:43919|priority:1, c8823aab-1c49-422a-a51c-c7b83b859fa6|rpc:172.17.0.2:38877|priority:0] with ContainerStateMachine:uninitialized
2021-03-15 13:21:32,780 [pool-40-thread-1] INFO  server.RaftServerConfigKeys (ConfUtils.java:logGet(44)) - raft.server.rpc.timeout.min = 5s (custom)
2021-03-15 13:21:32,780 [pool-40-thread-1] INFO  server.RaftServerConfigKeys (ConfUtils.java:logGet(44)) - raft.server.rpc.timeout.max = 5200ms (custom)
2021-03-15 13:21:32,780 [pool-40-thread-1] INFO  server.RaftServerConfigKeys (ConfUtils.java:logGet(44)) - raft.server.rpc.sleep.time = 25ms (default)
2021-03-15 13:21:32,780 [pool-40-thread-1] INFO  server.RaftServerConfigKeys (ConfUtils.java:logGet(44)) - raft.server.rpc.slowness.timeout = 300000ms (custom)
2021-03-15 13:21:32,780 [pool-40-thread-1] INFO  server.RaftServerConfigKeys (ConfUtils.java:logGet(44)) - raft.server.leaderelection.leader.step-down.wait-time = 10s (default)
2021-03-15 13:21:32,781 [pool-40-thread-1] INFO  server.RaftServerConfigKeys (ConfUtils.java:logGet(44)) - raft.server.sleep.deviation.threshold = 300ms (default)
2021-03-15 13:21:32,781 [pool-40-thread-1] INFO  server.RaftServerConfigKeys (ConfUtils.java:logGet(44)) - raft.server.log.appender.install.snapshot.enabled = false (custom)
2021-03-15 13:21:32,781 [pool-40-thread-1] INFO  server.RaftServer$Division (ServerState.java:<init>(105)) - c8823aab-1c49-422a-a51c-c7b83b859fa6@group-184EB8E85B35: ConfigurationManager, init=-1: [29adc670-2c1e-4c6c-9558-1601f864128b|rpc:172.17.0.2:37315|priority:0, 2bcf9514-6eaf-4328-a021-870a209d39c4|rpc:172.17.0.2:43919|priority:1, c8823aab-1c49-422a-a51c-c7b83b859fa6|rpc:172.17.0.2:38877|priority:0], old=null, confs=<EMPTY_MAP>
2021-03-15 13:21:32,781 [pool-40-thread-1] INFO  server.RaftServerConfigKeys (ConfUtils.java:logGet(44)) - raft.server.storage.dir = [/github/workspace/mnt/ozone/hadoop-ozone/integration-test/target/test-dir/MiniOzoneClusterImpl-10170ce6-1bcb-4b6c-85b7-fb1f14fc7e79/datanode-0/data/ratis] (custom)
2021-03-15 13:21:32,781 [pool-40-thread-1] INFO  server.RaftServerConfigKeys (ConfUtils.java:logGet(44)) - raft.server.log.corruption.policy = EXCEPTION (default)
2021-03-15 13:21:32,781 [pool-40-thread-1] INFO  storage.RaftStorageDirectory (RaftStorageDirectoryImpl.java:analyzeStorage(132)) - The storage directory /github/workspace/mnt/ozone/hadoop-ozone/integration-test/target/test-dir/MiniOzoneClusterImpl-10170ce6-1bcb-4b6c-85b7-fb1f14fc7e79/datanode-0/data/ratis/79e449a0-20f2-4382-bd34-184eb8e85b35 does not exist. Creating ...
2021-03-15 13:21:32,781 [Command processor thread] INFO  metrics.RatisMetrics (RatisMetrics.java:lambda$create$0(36)) - Creating Metrics Registry : ratis.client_message_metrics.client-5314DA937A26->490c2edb-ef6d-43f1-a3fc-38f1bdb7d380
2021-03-15 13:21:32,783 [pool-104-thread-1] INFO  server.RaftServerConfigKeys (ConfUtils.java:logGet(44)) - raft.server.retrycache.expirytime = 600000ms (custom)
2021-03-15 13:21:32,783 [pool-72-thread-1] INFO  storage.RaftStorage (RaftStorageImpl.java:format(87)) - Storage directory /github/workspace/mnt/ozone/hadoop-ozone/integration-test/target/test-dir/MiniOzoneClusterImpl-10170ce6-1bcb-4b6c-85b7-fb1f14fc7e79/datanode-2/data/ratis/79e449a0-20f2-4382-bd34-184eb8e85b35 has been successfully formatted.
2021-03-15 13:21:32,783 [pool-40-thread-1] INFO  storage.RaftStorageDirectory (RaftStorageDirectoryImpl.java:tryLock(215)) - Lock on /github/workspace/mnt/ozone/hadoop-ozone/integration-test/target/test-dir/MiniOzoneClusterImpl-10170ce6-1bcb-4b6c-85b7-fb1f14fc7e79/datanode-0/data/ratis/79e449a0-20f2-4382-bd34-184eb8e85b35/in_use.lock acquired by nodename 8797@287f2862ff4e
2021-03-15 13:21:32,784 [pool-72-thread-1] INFO  ratis.ContainerStateMachine (ContainerStateMachine.java:loadSnapshot(223)) - group-184EB8E85B35: The snapshot info is null. Setting the last applied indexto:(t:0, i:~)
2021-03-15 13:21:32,784 [pool-72-thread-1] ERROR storage.RaftStorage (RaftStorageImpl.java:readRaftConfiguration(147)) - Failed reading configuration from file:/github/workspace/mnt/ozone/hadoop-ozone/integration-test/target/test-dir/MiniOzoneClusterImpl-10170ce6-1bcb-4b6c-85b7-fb1f14fc7e79/datanode-2/data/ratis/79e449a0-20f2-4382-bd34-184eb8e85b35/current/raft-meta.conf
java.io.FileNotFoundException: /github/workspace/mnt/ozone/hadoop-ozone/integration-test/target/test-dir/MiniOzoneClusterImpl-10170ce6-1bcb-4b6c-85b7-fb1f14fc7e79/datanode-2/data/ratis/79e449a0-20f2-4382-bd34-184eb8e85b35/current/raft-meta.conf (No such file or directory)
	at java.io.FileInputStream.open0(Native Method)
	at java.io.FileInputStream.open(FileInputStream.java:195)
	at java.io.FileInputStream.<init>(FileInputStream.java:138)
	at org.apache.ratis.server.storage.RaftStorageImpl.readRaftConfiguration(RaftStorageImpl.java:143)
	at org.apache.ratis.server.impl.ServerState.<init>(ServerState.java:122)
	at org.apache.ratis.server.impl.RaftServerImpl.<init>(RaftServerImpl.java:193)
	at org.apache.ratis.server.impl.RaftServerProxy.lambda$newRaftServerImpl$4(RaftServerProxy.java:266)
	at java.util.concurrent.CompletableFuture$AsyncSupply.run(CompletableFuture.java:1604)
	at java.util.concurrent.ThreadPoolExecutor.runWorker(ThreadPoolExecutor.java:1149)
	at java.util.concurrent.ThreadPoolExecutor$Worker.run(ThreadPoolExecutor.java:624)
	at java.lang.Thread.run(Thread.java:748)
2021-03-15 13:21:32,784 [pool-72-thread-1] INFO  server.RaftServerConfigKeys (ConfUtils.java:logGet(44)) - raft.server.notification.no-leader.timeout = 300000ms (custom)
2021-03-15 13:21:32,783 [pool-104-thread-1] INFO  server.RaftServerConfigKeys (ConfUtils.java:logGet(44)) - raft.server.retrycache.statistics.expirytime = 100?s (default)
2021-03-15 13:21:32,784 [pool-104-thread-1] INFO  metrics.RatisMetrics (RatisMetrics.java:lambda$create$0(36)) - Creating Metrics Registry : ratis.leader_election.8f544fba-ae2a-4c10-8316-b74b14cffb80@group-9EB71483E61B
2021-03-15 13:21:32,785 [pool-104-thread-1] INFO  metrics.RatisMetrics (RatisMetrics.java:lambda$create$0(36)) - Creating Metrics Registry : ratis.server.8f544fba-ae2a-4c10-8316-b74b14cffb80@group-9EB71483E61B
2021-03-15 13:21:32,786 [EventQueue-PipelineReportForOneReplicaPipelineSafeModeRule] INFO  safemode.SCMSafeModeManager (SCMSafeModeManager.java:validateSafeModeExitRules(214)) - AtleastOneDatanodeReportedRule rule is successfully validated
2021-03-15 13:21:32,784 [pool-72-thread-1] INFO  server.RaftServerConfigKeys (ConfUtils.java:logGet(44)) - raft.server.log.use.memory = false (default)
2021-03-15 13:21:32,786 [EventQueue-OpenPipelineForHealthyPipelineSafeModeRule] INFO  safemode.SCMSafeModeManager (HealthyPipelineSafeModeRule.java:process(128)) - SCM in safe mode. Healthy pipelines reported count is 0, required healthy pipeline reported count is 1
2021-03-15 13:21:32,786 [pool-72-thread-1] INFO  server.RaftServerConfigKeys (ConfUtils.java:logGet(44)) - raft.server.log.purge.gap = 1000000 (custom)
2021-03-15 13:21:32,786 [pool-72-thread-1] INFO  server.RaftServerConfigKeys (ConfUtils.java:logGet(44)) - raft.server.log.appender.buffer.byte-limit = 33554432 (custom)
2021-03-15 13:21:32,786 [pool-72-thread-1] INFO  metrics.RatisMetrics (RatisMetrics.java:lambda$create$0(36)) - Creating Metrics Registry : ratis.log_worker.2bcf9514-6eaf-4328-a021-870a209d39c4@group-184EB8E85B35
2021-03-15 13:21:32,787 [pool-72-thread-1] INFO  server.RaftServerConfigKeys (ConfUtils.java:logGet(44)) - raft.server.log.segment.size.max = 1048576 (custom)
2021-03-15 13:21:32,787 [pool-72-thread-1] INFO  server.RaftServerConfigKeys (ConfUtils.java:logGet(44)) - raft.server.log.segment.cache.num.max = 2 (custom)
2021-03-15 13:21:32,787 [pool-72-thread-1] INFO  server.RaftServerConfigKeys (ConfUtils.java:logGet(44)) - raft.server.log.segment.cache.size.max = 200MB (=209715200) (default)
2021-03-15 13:21:32,787 [pool-72-thread-1] INFO  segmented.SegmentedRaftLogWorker (SegmentedRaftLogWorker.java:<init>(181)) - new 2bcf9514-6eaf-4328-a021-870a209d39c4@group-184EB8E85B35-SegmentedRaftLogWorker for RaftStorageImpl:Storage Directory /github/workspace/mnt/ozone/hadoop-ozone/integration-test/target/test-dir/MiniOzoneClusterImpl-10170ce6-1bcb-4b6c-85b7-fb1f14fc7e79/datanode-2/data/ratis/79e449a0-20f2-4382-bd34-184eb8e85b35
2021-03-15 13:21:32,787 [pool-72-thread-1] INFO  server.RaftServerConfigKeys (ConfUtils.java:logGet(44)) - raft.server.log.queue.byte-limit = 2147483647 (custom)
2021-03-15 13:21:32,787 [pool-72-thread-1] INFO  server.RaftServerConfigKeys (ConfUtils.java:logGet(44)) - raft.server.log.queue.element-limit = 1024 (custom)
2021-03-15 13:21:32,787 [pool-72-thread-1] INFO  server.RaftServerConfigKeys (ConfUtils.java:logGet(44)) - raft.server.log.segment.size.max = 1048576 (custom)
2021-03-15 13:21:32,787 [pool-72-thread-1] INFO  server.RaftServerConfigKeys (ConfUtils.java:logGet(44)) - raft.server.log.preallocated.size = 16384 (custom)
2021-03-15 13:21:32,788 [pool-72-thread-1] INFO  server.RaftServerConfigKeys (ConfUtils.java:logGet(44)) - raft.server.log.force.sync.num = 128 (default)
2021-03-15 13:21:32,788 [pool-72-thread-1] INFO  server.RaftServerConfigKeys (ConfUtils.java:logGet(44)) - raft.server.log.statemachine.data.sync = true (default)
2021-03-15 13:21:32,788 [pool-72-thread-1] INFO  server.RaftServerConfigKeys (ConfUtils.java:logGet(44)) - raft.server.log.statemachine.data.sync.timeout = 10s (default)
2021-03-15 13:21:32,788 [pool-72-thread-1] INFO  server.RaftServerConfigKeys (ConfUtils.java:logGet(44)) - raft.server.log.statemachine.data.sync.timeout.retry = -1 (default)
2021-03-15 13:21:32,789 [pool-72-thread-1] INFO  server.RaftServerConfigKeys (ConfUtils.java:logGet(44)) - raft.server.log.write.buffer.size = 1048576 (custom)
2021-03-15 13:21:32,789 [pool-72-thread-1] INFO  server.RaftServerConfigKeys (ConfUtils.java:logGet(44)) - raft.server.log.statemachine.data.caching.enabled = true (custom)
2021-03-15 13:21:32,789 [pool-72-thread-1] INFO  segmented.SegmentedRaftLogWorker (SegmentedRaftLogWorker.java:lambda$new$0(132)) - 2bcf9514-6eaf-4328-a021-870a209d39c4@group-184EB8E85B35-SegmentedRaftLogWorker: flushIndex: setUnconditionally 0 -> -1
2021-03-15 13:21:32,789 [pool-72-thread-1] INFO  segmented.SegmentedRaftLogWorker (SegmentedRaftLogWorker.java:lambda$new$0(132)) - 2bcf9514-6eaf-4328-a021-870a209d39c4@group-184EB8E85B35-SegmentedRaftLogWorker: safeCacheEvictIndex: setUnconditionally 0 -> -1
2021-03-15 13:21:32,790 [pool-104-thread-1] INFO  server.RaftServer$Division (RaftServerImpl.java:start(295)) - 8f544fba-ae2a-4c10-8316-b74b14cffb80@group-9EB71483E61B: start as a follower, conf=-1: [01124cd4-4ace-459c-9f52-5cd7a41fca7c|rpc:172.17.0.2:40903|priority:1, 8f544fba-ae2a-4c10-8316-b74b14cffb80|rpc:172.17.0.2:35899|priority:0, 490c2edb-ef6d-43f1-a3fc-38f1bdb7d380|rpc:172.17.0.2:35411|priority:0], old=null
2021-03-15 13:21:32,790 [pool-104-thread-1] INFO  server.RaftServer$Division (RaftServerImpl.java:setRole(284)) - 8f544fba-ae2a-4c10-8316-b74b14cffb80@group-9EB71483E61B: changes role from      null to FOLLOWER at term 0 for startAsFollower
2021-03-15 13:21:32,790 [pool-40-thread-1] INFO  storage.RaftStorage (RaftStorageImpl.java:format(87)) - Storage directory /github/workspace/mnt/ozone/hadoop-ozone/integration-test/target/test-dir/MiniOzoneClusterImpl-10170ce6-1bcb-4b6c-85b7-fb1f14fc7e79/datanode-0/data/ratis/79e449a0-20f2-4382-bd34-184eb8e85b35 has been successfully formatted.
2021-03-15 13:21:32,795 [Command processor thread] INFO  metrics.RatisMetrics (RatisMetrics.java:lambda$create$0(36)) - Creating Metrics Registry : ratis.client_message_metrics.client-B8B83A9381D7->2bcf9514-6eaf-4328-a021-870a209d39c4
2021-03-15 13:21:32,797 [pool-40-thread-1] INFO  ratis.ContainerStateMachine (ContainerStateMachine.java:loadSnapshot(223)) - group-184EB8E85B35: The snapshot info is null. Setting the last applied indexto:(t:0, i:~)
2021-03-15 13:21:32,798 [pool-40-thread-1] ERROR storage.RaftStorage (RaftStorageImpl.java:readRaftConfiguration(147)) - Failed reading configuration from file:/github/workspace/mnt/ozone/hadoop-ozone/integration-test/target/test-dir/MiniOzoneClusterImpl-10170ce6-1bcb-4b6c-85b7-fb1f14fc7e79/datanode-0/data/ratis/79e449a0-20f2-4382-bd34-184eb8e85b35/current/raft-meta.conf
java.io.FileNotFoundException: /github/workspace/mnt/ozone/hadoop-ozone/integration-test/target/test-dir/MiniOzoneClusterImpl-10170ce6-1bcb-4b6c-85b7-fb1f14fc7e79/datanode-0/data/ratis/79e449a0-20f2-4382-bd34-184eb8e85b35/current/raft-meta.conf (No such file or directory)
	at java.io.FileInputStream.open0(Native Method)
	at java.io.FileInputStream.open(FileInputStream.java:195)
	at java.io.FileInputStream.<init>(FileInputStream.java:138)
	at org.apache.ratis.server.storage.RaftStorageImpl.readRaftConfiguration(RaftStorageImpl.java:143)
	at org.apache.ratis.server.impl.ServerState.<init>(ServerState.java:122)
	at org.apache.ratis.server.impl.RaftServerImpl.<init>(RaftServerImpl.java:193)
	at org.apache.ratis.server.impl.RaftServerProxy.lambda$newRaftServerImpl$4(RaftServerProxy.java:266)
	at java.util.concurrent.CompletableFuture$AsyncSupply.run(CompletableFuture.java:1604)
	at java.util.concurrent.ThreadPoolExecutor.runWorker(ThreadPoolExecutor.java:1149)
	at java.util.concurrent.ThreadPoolExecutor$Worker.run(ThreadPoolExecutor.java:624)
	at java.lang.Thread.run(Thread.java:748)
2021-03-15 13:21:32,799 [EventQueue-PipelineReportForOneReplicaPipelineSafeModeRule] INFO  safemode.SCMSafeModeManager (SCMSafeModeManager.java:validateSafeModeExitRules(214)) - AtleastOneDatanodeReportedRule rule is successfully validated
2021-03-15 13:21:32,800 [EventQueue-OpenPipelineForHealthyPipelineSafeModeRule] INFO  safemode.SCMSafeModeManager (HealthyPipelineSafeModeRule.java:process(128)) - SCM in safe mode. Healthy pipelines reported count is 0, required healthy pipeline reported count is 1
2021-03-15 13:21:32,800 [pool-104-thread-1] INFO  impl.RoleInfo (RoleInfo.java:updateAndGet(130)) - 8f544fba-ae2a-4c10-8316-b74b14cffb80: start 8f544fba-ae2a-4c10-8316-b74b14cffb80@group-9EB71483E61B-FollowerState
2021-03-15 13:21:32,800 [pool-40-thread-1] INFO  server.RaftServerConfigKeys (ConfUtils.java:logGet(44)) - raft.server.notification.no-leader.timeout = 300000ms (custom)
2021-03-15 13:21:32,800 [pool-40-thread-1] INFO  server.RaftServerConfigKeys (ConfUtils.java:logGet(44)) - raft.server.log.use.memory = false (default)
2021-03-15 13:21:32,800 [pool-40-thread-1] INFO  server.RaftServerConfigKeys (ConfUtils.java:logGet(44)) - raft.server.log.purge.gap = 1000000 (custom)
2021-03-15 13:21:32,800 [pool-40-thread-1] INFO  server.RaftServerConfigKeys (ConfUtils.java:logGet(44)) - raft.server.log.appender.buffer.byte-limit = 33554432 (custom)
2021-03-15 13:21:32,800 [pool-40-thread-1] INFO  metrics.RatisMetrics (RatisMetrics.java:lambda$create$0(36)) - Creating Metrics Registry : ratis.log_worker.c8823aab-1c49-422a-a51c-c7b83b859fa6@group-184EB8E85B35
2021-03-15 13:21:32,801 [pool-40-thread-1] INFO  server.RaftServerConfigKeys (ConfUtils.java:logGet(44)) - raft.server.log.segment.size.max = 1048576 (custom)
2021-03-15 13:21:32,801 [pool-40-thread-1] INFO  server.RaftServerConfigKeys (ConfUtils.java:logGet(44)) - raft.server.log.segment.cache.num.max = 2 (custom)
2021-03-15 13:21:32,801 [pool-40-thread-1] INFO  server.RaftServerConfigKeys (ConfUtils.java:logGet(44)) - raft.server.log.segment.cache.size.max = 200MB (=209715200) (default)
2021-03-15 13:21:32,801 [pool-40-thread-1] INFO  segmented.SegmentedRaftLogWorker (SegmentedRaftLogWorker.java:<init>(181)) - new c8823aab-1c49-422a-a51c-c7b83b859fa6@group-184EB8E85B35-SegmentedRaftLogWorker for RaftStorageImpl:Storage Directory /github/workspace/mnt/ozone/hadoop-ozone/integration-test/target/test-dir/MiniOzoneClusterImpl-10170ce6-1bcb-4b6c-85b7-fb1f14fc7e79/datanode-0/data/ratis/79e449a0-20f2-4382-bd34-184eb8e85b35
2021-03-15 13:21:32,801 [pool-40-thread-1] INFO  server.RaftServerConfigKeys (ConfUtils.java:logGet(44)) - raft.server.log.queue.byte-limit = 2147483647 (custom)
2021-03-15 13:21:32,801 [pool-40-thread-1] INFO  server.RaftServerConfigKeys (ConfUtils.java:logGet(44)) - raft.server.log.queue.element-limit = 1024 (custom)
2021-03-15 13:21:32,801 [pool-40-thread-1] INFO  server.RaftServerConfigKeys (ConfUtils.java:logGet(44)) - raft.server.log.segment.size.max = 1048576 (custom)
2021-03-15 13:21:32,802 [pool-40-thread-1] INFO  server.RaftServerConfigKeys (ConfUtils.java:logGet(44)) - raft.server.log.preallocated.size = 16384 (custom)
2021-03-15 13:21:32,802 [pool-40-thread-1] INFO  server.RaftServerConfigKeys (ConfUtils.java:logGet(44)) - raft.server.log.force.sync.num = 128 (default)
2021-03-15 13:21:32,802 [pool-40-thread-1] INFO  server.RaftServerConfigKeys (ConfUtils.java:logGet(44)) - raft.server.log.statemachine.data.sync = true (default)
2021-03-15 13:21:32,802 [pool-40-thread-1] INFO  server.RaftServerConfigKeys (ConfUtils.java:logGet(44)) - raft.server.log.statemachine.data.sync.timeout = 10s (default)
2021-03-15 13:21:32,802 [pool-40-thread-1] INFO  server.RaftServerConfigKeys (ConfUtils.java:logGet(44)) - raft.server.log.statemachine.data.sync.timeout.retry = -1 (default)
2021-03-15 13:21:32,803 [pool-72-thread-1] INFO  server.RaftServerConfigKeys (ConfUtils.java:logGet(44)) - raft.server.snapshot.auto.trigger.enabled = true (custom)
2021-03-15 13:21:32,803 [pool-72-thread-1] INFO  server.RaftServerConfigKeys (ConfUtils.java:logGet(44)) - raft.server.snapshot.auto.trigger.threshold = 10000 (custom)
2021-03-15 13:21:32,803 [pool-72-thread-1] INFO  server.RaftServerConfigKeys (ConfUtils.java:logGet(44)) - raft.server.snapshot.retention.file.num = 5 (custom)
2021-03-15 13:21:32,803 [pool-72-thread-1] INFO  server.RaftServerConfigKeys (ConfUtils.java:logGet(44)) - raft.server.log.purge.upto.snapshot.index = false (default)
2021-03-15 13:21:32,803 [pool-104-thread-1] INFO  util.JmxRegister (JmxRegister.java:tryRegister(44)) - Successfully registered JMX Bean with object name Ratis:service=RaftServer,group=group-9EB71483E61B,id=8f544fba-ae2a-4c10-8316-b74b14cffb80
2021-03-15 13:21:32,803 [pool-104-thread-1] INFO  metrics.RatisMetrics (RatisMetrics.java:lambda$create$0(36)) - Creating Metrics Registry : ratis.state_machine.8f544fba-ae2a-4c10-8316-b74b14cffb80@group-9EB71483E61B
2021-03-15 13:21:32,810 [grpc-default-executor-0] INFO  metrics.RatisMetrics (RatisMetrics.java:lambda$create$0(36)) - Creating Metrics Registry : ratis.server_message_metrics.490c2edb-ef6d-43f1-a3fc-38f1bdb7d380
2021-03-15 13:21:32,810 [Command processor thread] INFO  metrics.RatisMetrics (RatisMetrics.java:lambda$create$0(36)) - Creating Metrics Registry : ratis.client_message_metrics.client-BC5023840755->01124cd4-4ace-459c-9f52-5cd7a41fca7c
2021-03-15 13:21:32,812 [pool-72-thread-1] INFO  server.RaftServerConfigKeys (ConfUtils.java:logGet(44)) - raft.server.retrycache.expirytime = 600000ms (custom)
2021-03-15 13:21:32,812 [pool-72-thread-1] INFO  server.RaftServerConfigKeys (ConfUtils.java:logGet(44)) - raft.server.retrycache.statistics.expirytime = 100?s (default)
2021-03-15 13:21:32,812 [pool-72-thread-1] INFO  metrics.RatisMetrics (RatisMetrics.java:lambda$create$0(36)) - Creating Metrics Registry : ratis.leader_election.2bcf9514-6eaf-4328-a021-870a209d39c4@group-184EB8E85B35
2021-03-15 13:21:32,813 [pool-72-thread-1] INFO  metrics.RatisMetrics (RatisMetrics.java:lambda$create$0(36)) - Creating Metrics Registry : ratis.server.2bcf9514-6eaf-4328-a021-870a209d39c4@group-184EB8E85B35
2021-03-15 13:21:32,814 [pool-72-thread-1] INFO  server.RaftServer$Division (RaftServerImpl.java:start(295)) - 2bcf9514-6eaf-4328-a021-870a209d39c4@group-184EB8E85B35: start as a follower, conf=-1: [29adc670-2c1e-4c6c-9558-1601f864128b|rpc:172.17.0.2:37315|priority:0, 2bcf9514-6eaf-4328-a021-870a209d39c4|rpc:172.17.0.2:43919|priority:1, c8823aab-1c49-422a-a51c-c7b83b859fa6|rpc:172.17.0.2:38877|priority:0], old=null
2021-03-15 13:21:32,814 [pool-72-thread-1] INFO  server.RaftServer$Division (RaftServerImpl.java:setRole(284)) - 2bcf9514-6eaf-4328-a021-870a209d39c4@group-184EB8E85B35: changes role from      null to FOLLOWER at term 0 for startAsFollower
2021-03-15 13:21:32,814 [pool-72-thread-1] INFO  impl.RoleInfo (RoleInfo.java:updateAndGet(130)) - 2bcf9514-6eaf-4328-a021-870a209d39c4: start 2bcf9514-6eaf-4328-a021-870a209d39c4@group-184EB8E85B35-FollowerState
2021-03-15 13:21:32,817 [pool-72-thread-1] INFO  util.JmxRegister (JmxRegister.java:tryRegister(44)) - Successfully registered JMX Bean with object name Ratis:service=RaftServer,group=group-184EB8E85B35,id=2bcf9514-6eaf-4328-a021-870a209d39c4
2021-03-15 13:21:32,817 [pool-72-thread-1] INFO  metrics.RatisMetrics (RatisMetrics.java:lambda$create$0(36)) - Creating Metrics Registry : ratis.state_machine.2bcf9514-6eaf-4328-a021-870a209d39c4@group-184EB8E85B35
2021-03-15 13:21:32,826 [pool-40-thread-1] INFO  server.RaftServerConfigKeys (ConfUtils.java:logGet(44)) - raft.server.log.write.buffer.size = 1048576 (custom)
2021-03-15 13:21:32,827 [pool-40-thread-1] INFO  server.RaftServerConfigKeys (ConfUtils.java:logGet(44)) - raft.server.log.statemachine.data.caching.enabled = true (custom)
2021-03-15 13:21:32,827 [pool-40-thread-1] INFO  segmented.SegmentedRaftLogWorker (SegmentedRaftLogWorker.java:lambda$new$0(132)) - c8823aab-1c49-422a-a51c-c7b83b859fa6@group-184EB8E85B35-SegmentedRaftLogWorker: flushIndex: setUnconditionally 0 -> -1
2021-03-15 13:21:32,827 [pool-40-thread-1] INFO  segmented.SegmentedRaftLogWorker (SegmentedRaftLogWorker.java:lambda$new$0(132)) - c8823aab-1c49-422a-a51c-c7b83b859fa6@group-184EB8E85B35-SegmentedRaftLogWorker: safeCacheEvictIndex: setUnconditionally 0 -> -1
2021-03-15 13:21:32,827 [grpc-default-executor-2] INFO  metrics.RatisMetrics (RatisMetrics.java:lambda$create$0(36)) - Creating Metrics Registry : ratis.server_message_metrics.01124cd4-4ace-459c-9f52-5cd7a41fca7c
2021-03-15 13:21:32,830 [grpc-default-executor-2] INFO  server.RaftServer (RaftServerProxy.java:addNew(95)) - 01124cd4-4ace-459c-9f52-5cd7a41fca7c: addNew group-9EB71483E61B:[01124cd4-4ace-459c-9f52-5cd7a41fca7c|rpc:172.17.0.2:40903|dataStream:|priority:1, 8f544fba-ae2a-4c10-8316-b74b14cffb80|rpc:172.17.0.2:35899|dataStream:|priority:0, 490c2edb-ef6d-43f1-a3fc-38f1bdb7d380|rpc:172.17.0.2:35411|dataStream:|priority:0] returns group-9EB71483E61B:java.util.concurrent.CompletableFuture@7e3c76a9[Not completed]
2021-03-15 13:21:32,838 [Command processor thread] INFO  metrics.RatisMetrics (RatisMetrics.java:lambda$create$0(36)) - Creating Metrics Registry : ratis.client_message_metrics.client-9E34C248243E->29adc670-2c1e-4c6c-9558-1601f864128b
2021-03-15 13:21:32,830 [pool-40-thread-1] INFO  server.RaftServerConfigKeys (ConfUtils.java:logGet(44)) - raft.server.snapshot.auto.trigger.enabled = true (custom)
2021-03-15 13:21:32,840 [pool-40-thread-1] INFO  server.RaftServerConfigKeys (ConfUtils.java:logGet(44)) - raft.server.snapshot.auto.trigger.threshold = 10000 (custom)
2021-03-15 13:21:32,840 [pool-40-thread-1] INFO  server.RaftServerConfigKeys (ConfUtils.java:logGet(44)) - raft.server.snapshot.retention.file.num = 5 (custom)
2021-03-15 13:21:32,840 [pool-40-thread-1] INFO  server.RaftServerConfigKeys (ConfUtils.java:logGet(44)) - raft.server.log.purge.upto.snapshot.index = false (default)
2021-03-15 13:21:32,840 [pool-40-thread-1] INFO  server.RaftServerConfigKeys (ConfUtils.java:logGet(44)) - raft.server.retrycache.expirytime = 600000ms (custom)
2021-03-15 13:21:32,840 [pool-40-thread-1] INFO  server.RaftServerConfigKeys (ConfUtils.java:logGet(44)) - raft.server.retrycache.statistics.expirytime = 100?s (default)
2021-03-15 13:21:32,840 [pool-40-thread-1] INFO  metrics.RatisMetrics (RatisMetrics.java:lambda$create$0(36)) - Creating Metrics Registry : ratis.leader_election.c8823aab-1c49-422a-a51c-c7b83b859fa6@group-184EB8E85B35
2021-03-15 13:21:32,841 [pool-40-thread-1] INFO  metrics.RatisMetrics (RatisMetrics.java:lambda$create$0(36)) - Creating Metrics Registry : ratis.server.c8823aab-1c49-422a-a51c-c7b83b859fa6@group-184EB8E85B35
2021-03-15 13:21:32,833 [grpc-default-executor-0] INFO  server.RaftServer (RaftServerProxy.java:addNew(95)) - 490c2edb-ef6d-43f1-a3fc-38f1bdb7d380: addNew group-E860D21F6A2B:[01124cd4-4ace-459c-9f52-5cd7a41fca7c|rpc:172.17.0.2:40903|dataStream:|priority:0, 8f544fba-ae2a-4c10-8316-b74b14cffb80|rpc:172.17.0.2:35899|dataStream:|priority:0, 490c2edb-ef6d-43f1-a3fc-38f1bdb7d380|rpc:172.17.0.2:35411|dataStream:|priority:1] returns group-E860D21F6A2B:java.util.concurrent.CompletableFuture@29c01e59[Not completed]
2021-03-15 13:21:32,842 [pool-40-thread-1] INFO  server.RaftServer$Division (RaftServerImpl.java:start(295)) - c8823aab-1c49-422a-a51c-c7b83b859fa6@group-184EB8E85B35: start as a follower, conf=-1: [29adc670-2c1e-4c6c-9558-1601f864128b|rpc:172.17.0.2:37315|priority:0, 2bcf9514-6eaf-4328-a021-870a209d39c4|rpc:172.17.0.2:43919|priority:1, c8823aab-1c49-422a-a51c-c7b83b859fa6|rpc:172.17.0.2:38877|priority:0], old=null
2021-03-15 13:21:32,842 [pool-40-thread-1] INFO  server.RaftServer$Division (RaftServerImpl.java:setRole(284)) - c8823aab-1c49-422a-a51c-c7b83b859fa6@group-184EB8E85B35: changes role from      null to FOLLOWER at term 0 for startAsFollower
2021-03-15 13:21:32,842 [pool-40-thread-1] INFO  impl.RoleInfo (RoleInfo.java:updateAndGet(130)) - c8823aab-1c49-422a-a51c-c7b83b859fa6: start c8823aab-1c49-422a-a51c-c7b83b859fa6@group-184EB8E85B35-FollowerState
2021-03-15 13:21:32,843 [pool-87-thread-1] INFO  server.RaftServer$Division (RaftServerImpl.java:<init>(180)) - 01124cd4-4ace-459c-9f52-5cd7a41fca7c: new RaftServerImpl for group-9EB71483E61B:[01124cd4-4ace-459c-9f52-5cd7a41fca7c|rpc:172.17.0.2:40903|dataStream:|priority:1, 8f544fba-ae2a-4c10-8316-b74b14cffb80|rpc:172.17.0.2:35899|dataStream:|priority:0, 490c2edb-ef6d-43f1-a3fc-38f1bdb7d380|rpc:172.17.0.2:35411|dataStream:|priority:0] with ContainerStateMachine:uninitialized
2021-03-15 13:21:32,843 [pool-87-thread-1] INFO  server.RaftServerConfigKeys (ConfUtils.java:logGet(44)) - raft.server.rpc.timeout.min = 5s (custom)
2021-03-15 13:21:32,844 [pool-87-thread-1] INFO  server.RaftServerConfigKeys (ConfUtils.java:logGet(44)) - raft.server.rpc.timeout.max = 5200ms (custom)
2021-03-15 13:21:32,844 [pool-87-thread-1] INFO  server.RaftServerConfigKeys (ConfUtils.java:logGet(44)) - raft.server.rpc.sleep.time = 25ms (default)
2021-03-15 13:21:32,844 [pool-87-thread-1] INFO  server.RaftServerConfigKeys (ConfUtils.java:logGet(44)) - raft.server.rpc.slowness.timeout = 300000ms (custom)
2021-03-15 13:21:32,844 [pool-87-thread-1] INFO  server.RaftServerConfigKeys (ConfUtils.java:logGet(44)) - raft.server.leaderelection.leader.step-down.wait-time = 10s (default)
2021-03-15 13:21:32,844 [pool-87-thread-1] INFO  server.RaftServerConfigKeys (ConfUtils.java:logGet(44)) - raft.server.sleep.deviation.threshold = 300ms (default)
2021-03-15 13:21:32,844 [pool-87-thread-1] INFO  server.RaftServerConfigKeys (ConfUtils.java:logGet(44)) - raft.server.log.appender.install.snapshot.enabled = false (custom)
2021-03-15 13:21:32,844 [pool-87-thread-1] INFO  server.RaftServer$Division (ServerState.java:<init>(105)) - 01124cd4-4ace-459c-9f52-5cd7a41fca7c@group-9EB71483E61B: ConfigurationManager, init=-1: [01124cd4-4ace-459c-9f52-5cd7a41fca7c|rpc:172.17.0.2:40903|dataStream:|priority:1, 8f544fba-ae2a-4c10-8316-b74b14cffb80|rpc:172.17.0.2:35899|dataStream:|priority:0, 490c2edb-ef6d-43f1-a3fc-38f1bdb7d380|rpc:172.17.0.2:35411|dataStream:|priority:0], old=null, confs=<EMPTY_MAP>
2021-03-15 13:21:32,844 [Command processor thread] INFO  server.RaftServer (RaftServerProxy.java:addNew(95)) - 490c2edb-ef6d-43f1-a3fc-38f1bdb7d380: addNew group-4C5A957E7EA6:[490c2edb-ef6d-43f1-a3fc-38f1bdb7d380|rpc:172.17.0.2:35411|priority:1] returns group-4C5A957E7EA6:java.util.concurrent.CompletableFuture@736121ea[Not completed]
2021-03-15 13:21:32,844 [pool-87-thread-1] INFO  server.RaftServerConfigKeys (ConfUtils.java:logGet(44)) - raft.server.storage.dir = [/github/workspace/mnt/ozone/hadoop-ozone/integration-test/target/test-dir/MiniOzoneClusterImpl-10170ce6-1bcb-4b6c-85b7-fb1f14fc7e79/datanode-3/data/ratis] (custom)
2021-03-15 13:21:32,845 [pool-87-thread-1] INFO  server.RaftServerConfigKeys (ConfUtils.java:logGet(44)) - raft.server.log.corruption.policy = EXCEPTION (default)
2021-03-15 13:21:32,845 [pool-87-thread-1] INFO  storage.RaftStorageDirectory (RaftStorageDirectoryImpl.java:analyzeStorage(132)) - The storage directory /github/workspace/mnt/ozone/hadoop-ozone/integration-test/target/test-dir/MiniOzoneClusterImpl-10170ce6-1bcb-4b6c-85b7-fb1f14fc7e79/datanode-3/data/ratis/3131fd0c-3f52-4949-b04d-9eb71483e61b does not exist. Creating ...
2021-03-15 13:21:32,848 [pool-87-thread-1] INFO  storage.RaftStorageDirectory (RaftStorageDirectoryImpl.java:tryLock(215)) - Lock on /github/workspace/mnt/ozone/hadoop-ozone/integration-test/target/test-dir/MiniOzoneClusterImpl-10170ce6-1bcb-4b6c-85b7-fb1f14fc7e79/datanode-3/data/ratis/3131fd0c-3f52-4949-b04d-9eb71483e61b/in_use.lock acquired by nodename 8797@287f2862ff4e
2021-03-15 13:21:32,853 [pool-87-thread-1] INFO  storage.RaftStorage (RaftStorageImpl.java:format(87)) - Storage directory /github/workspace/mnt/ozone/hadoop-ozone/integration-test/target/test-dir/MiniOzoneClusterImpl-10170ce6-1bcb-4b6c-85b7-fb1f14fc7e79/datanode-3/data/ratis/3131fd0c-3f52-4949-b04d-9eb71483e61b has been successfully formatted.
2021-03-15 13:21:32,853 [pool-120-thread-1] INFO  server.RaftServer$Division (RaftServerImpl.java:<init>(180)) - 490c2edb-ef6d-43f1-a3fc-38f1bdb7d380: new RaftServerImpl for group-E860D21F6A2B:[01124cd4-4ace-459c-9f52-5cd7a41fca7c|rpc:172.17.0.2:40903|dataStream:|priority:0, 8f544fba-ae2a-4c10-8316-b74b14cffb80|rpc:172.17.0.2:35899|dataStream:|priority:0, 490c2edb-ef6d-43f1-a3fc-38f1bdb7d380|rpc:172.17.0.2:35411|dataStream:|priority:1] with ContainerStateMachine:uninitialized
2021-03-15 13:21:32,853 [pool-120-thread-1] INFO  server.RaftServerConfigKeys (ConfUtils.java:logGet(44)) - raft.server.rpc.timeout.min = 5s (custom)
2021-03-15 13:21:32,853 [pool-120-thread-1] INFO  server.RaftServerConfigKeys (ConfUtils.java:logGet(44)) - raft.server.rpc.timeout.max = 5200ms (custom)
2021-03-15 13:21:32,854 [pool-120-thread-1] INFO  server.RaftServerConfigKeys (ConfUtils.java:logGet(44)) - raft.server.rpc.sleep.time = 25ms (default)
2021-03-15 13:21:32,854 [pool-120-thread-1] INFO  server.RaftServerConfigKeys (ConfUtils.java:logGet(44)) - raft.server.rpc.slowness.timeout = 300000ms (custom)
2021-03-15 13:21:32,854 [pool-120-thread-1] INFO  server.RaftServerConfigKeys (ConfUtils.java:logGet(44)) - raft.server.leaderelection.leader.step-down.wait-time = 10s (default)
2021-03-15 13:21:32,854 [pool-120-thread-1] INFO  server.RaftServerConfigKeys (ConfUtils.java:logGet(44)) - raft.server.sleep.deviation.threshold = 300ms (default)
2021-03-15 13:21:32,854 [pool-120-thread-1] INFO  server.RaftServerConfigKeys (ConfUtils.java:logGet(44)) - raft.server.log.appender.install.snapshot.enabled = false (custom)
2021-03-15 13:21:32,854 [pool-120-thread-1] INFO  server.RaftServer$Division (ServerState.java:<init>(105)) - 490c2edb-ef6d-43f1-a3fc-38f1bdb7d380@group-E860D21F6A2B: ConfigurationManager, init=-1: [01124cd4-4ace-459c-9f52-5cd7a41fca7c|rpc:172.17.0.2:40903|dataStream:|priority:0, 8f544fba-ae2a-4c10-8316-b74b14cffb80|rpc:172.17.0.2:35899|dataStream:|priority:0, 490c2edb-ef6d-43f1-a3fc-38f1bdb7d380|rpc:172.17.0.2:35411|dataStream:|priority:1], old=null, confs=<EMPTY_MAP>
2021-03-15 13:21:32,854 [pool-120-thread-1] INFO  server.RaftServerConfigKeys (ConfUtils.java:logGet(44)) - raft.server.storage.dir = [/github/workspace/mnt/ozone/hadoop-ozone/integration-test/target/test-dir/MiniOzoneClusterImpl-10170ce6-1bcb-4b6c-85b7-fb1f14fc7e79/datanode-5/data/ratis] (custom)
2021-03-15 13:21:32,854 [pool-120-thread-1] INFO  server.RaftServerConfigKeys (ConfUtils.java:logGet(44)) - raft.server.log.corruption.policy = EXCEPTION (default)
2021-03-15 13:21:32,854 [pool-120-thread-1] INFO  storage.RaftStorageDirectory (RaftStorageDirectoryImpl.java:analyzeStorage(132)) - The storage directory /github/workspace/mnt/ozone/hadoop-ozone/integration-test/target/test-dir/MiniOzoneClusterImpl-10170ce6-1bcb-4b6c-85b7-fb1f14fc7e79/datanode-5/data/ratis/1efb9cfa-6e5b-42ab-9bfb-e860d21f6a2b does not exist. Creating ...
2021-03-15 13:21:32,855 [pool-120-thread-1] INFO  storage.RaftStorageDirectory (RaftStorageDirectoryImpl.java:tryLock(215)) - Lock on /github/workspace/mnt/ozone/hadoop-ozone/integration-test/target/test-dir/MiniOzoneClusterImpl-10170ce6-1bcb-4b6c-85b7-fb1f14fc7e79/datanode-5/data/ratis/1efb9cfa-6e5b-42ab-9bfb-e860d21f6a2b/in_use.lock acquired by nodename 8797@287f2862ff4e
2021-03-15 13:21:32,857 [pool-87-thread-1] INFO  ratis.ContainerStateMachine (ContainerStateMachine.java:loadSnapshot(223)) - group-9EB71483E61B: The snapshot info is null. Setting the last applied indexto:(t:0, i:~)
2021-03-15 13:21:32,857 [pool-40-thread-1] INFO  util.JmxRegister (JmxRegister.java:tryRegister(44)) - Successfully registered JMX Bean with object name Ratis:service=RaftServer,group=group-184EB8E85B35,id=c8823aab-1c49-422a-a51c-c7b83b859fa6
2021-03-15 13:21:32,857 [pool-40-thread-1] INFO  metrics.RatisMetrics (RatisMetrics.java:lambda$create$0(36)) - Creating Metrics Registry : ratis.state_machine.c8823aab-1c49-422a-a51c-c7b83b859fa6@group-184EB8E85B35
2021-03-15 13:21:32,858 [EventQueue-PipelineReportForOneReplicaPipelineSafeModeRule] INFO  safemode.SCMSafeModeManager (SCMSafeModeManager.java:validateSafeModeExitRules(214)) - AtleastOneDatanodeReportedRule rule is successfully validated
2021-03-15 13:21:32,858 [EventQueue-OpenPipelineForHealthyPipelineSafeModeRule] INFO  safemode.SCMSafeModeManager (HealthyPipelineSafeModeRule.java:process(128)) - SCM in safe mode. Healthy pipelines reported count is 0, required healthy pipeline reported count is 1
2021-03-15 13:21:32,857 [pool-87-thread-1] ERROR storage.RaftStorage (RaftStorageImpl.java:readRaftConfiguration(147)) - Failed reading configuration from file:/github/workspace/mnt/ozone/hadoop-ozone/integration-test/target/test-dir/MiniOzoneClusterImpl-10170ce6-1bcb-4b6c-85b7-fb1f14fc7e79/datanode-3/data/ratis/3131fd0c-3f52-4949-b04d-9eb71483e61b/current/raft-meta.conf
java.io.FileNotFoundException: /github/workspace/mnt/ozone/hadoop-ozone/integration-test/target/test-dir/MiniOzoneClusterImpl-10170ce6-1bcb-4b6c-85b7-fb1f14fc7e79/datanode-3/data/ratis/3131fd0c-3f52-4949-b04d-9eb71483e61b/current/raft-meta.conf (No such file or directory)
	at java.io.FileInputStream.open0(Native Method)
	at java.io.FileInputStream.open(FileInputStream.java:195)
	at java.io.FileInputStream.<init>(FileInputStream.java:138)
	at org.apache.ratis.server.storage.RaftStorageImpl.readRaftConfiguration(RaftStorageImpl.java:143)
	at org.apache.ratis.server.impl.ServerState.<init>(ServerState.java:122)
	at org.apache.ratis.server.impl.RaftServerImpl.<init>(RaftServerImpl.java:193)
	at org.apache.ratis.server.impl.RaftServerProxy.lambda$newRaftServerImpl$4(RaftServerProxy.java:266)
	at java.util.concurrent.CompletableFuture$AsyncSupply.run(CompletableFuture.java:1604)
	at java.util.concurrent.ThreadPoolExecutor.runWorker(ThreadPoolExecutor.java:1149)
	at java.util.concurrent.ThreadPoolExecutor$Worker.run(ThreadPoolExecutor.java:624)
	at java.lang.Thread.run(Thread.java:748)
2021-03-15 13:21:32,859 [pool-87-thread-1] INFO  server.RaftServerConfigKeys (ConfUtils.java:logGet(44)) - raft.server.notification.no-leader.timeout = 300000ms (custom)
2021-03-15 13:21:32,859 [pool-87-thread-1] INFO  server.RaftServerConfigKeys (ConfUtils.java:logGet(44)) - raft.server.log.use.memory = false (default)
2021-03-15 13:21:32,859 [pool-87-thread-1] INFO  server.RaftServerConfigKeys (ConfUtils.java:logGet(44)) - raft.server.log.purge.gap = 1000000 (custom)
2021-03-15 13:21:32,859 [pool-87-thread-1] INFO  server.RaftServerConfigKeys (ConfUtils.java:logGet(44)) - raft.server.log.appender.buffer.byte-limit = 33554432 (custom)
2021-03-15 13:21:32,859 [pool-120-thread-1] INFO  storage.RaftStorage (RaftStorageImpl.java:format(87)) - Storage directory /github/workspace/mnt/ozone/hadoop-ozone/integration-test/target/test-dir/MiniOzoneClusterImpl-10170ce6-1bcb-4b6c-85b7-fb1f14fc7e79/datanode-5/data/ratis/1efb9cfa-6e5b-42ab-9bfb-e860d21f6a2b has been successfully formatted.
2021-03-15 13:21:32,859 [pool-87-thread-1] INFO  metrics.RatisMetrics (RatisMetrics.java:lambda$create$0(36)) - Creating Metrics Registry : ratis.log_worker.01124cd4-4ace-459c-9f52-5cd7a41fca7c@group-9EB71483E61B
2021-03-15 13:21:32,859 [pool-87-thread-1] INFO  server.RaftServerConfigKeys (ConfUtils.java:logGet(44)) - raft.server.log.segment.size.max = 1048576 (custom)
2021-03-15 13:21:32,860 [pool-87-thread-1] INFO  server.RaftServerConfigKeys (ConfUtils.java:logGet(44)) - raft.server.log.segment.cache.num.max = 2 (custom)
2021-03-15 13:21:32,861 [pool-87-thread-1] INFO  server.RaftServerConfigKeys (ConfUtils.java:logGet(44)) - raft.server.log.segment.cache.size.max = 200MB (=209715200) (default)
2021-03-15 13:21:32,861 [pool-87-thread-1] INFO  segmented.SegmentedRaftLogWorker (SegmentedRaftLogWorker.java:<init>(181)) - new 01124cd4-4ace-459c-9f52-5cd7a41fca7c@group-9EB71483E61B-SegmentedRaftLogWorker for RaftStorageImpl:Storage Directory /github/workspace/mnt/ozone/hadoop-ozone/integration-test/target/test-dir/MiniOzoneClusterImpl-10170ce6-1bcb-4b6c-85b7-fb1f14fc7e79/datanode-3/data/ratis/3131fd0c-3f52-4949-b04d-9eb71483e61b
2021-03-15 13:21:32,861 [pool-87-thread-1] INFO  server.RaftServerConfigKeys (ConfUtils.java:logGet(44)) - raft.server.log.queue.byte-limit = 2147483647 (custom)
2021-03-15 13:21:32,861 [pool-87-thread-1] INFO  server.RaftServerConfigKeys (ConfUtils.java:logGet(44)) - raft.server.log.queue.element-limit = 1024 (custom)
2021-03-15 13:21:32,861 [pool-87-thread-1] INFO  server.RaftServerConfigKeys (ConfUtils.java:logGet(44)) - raft.server.log.segment.size.max = 1048576 (custom)
2021-03-15 13:21:32,861 [pool-87-thread-1] INFO  server.RaftServerConfigKeys (ConfUtils.java:logGet(44)) - raft.server.log.preallocated.size = 16384 (custom)
2021-03-15 13:21:32,861 [pool-87-thread-1] INFO  server.RaftServerConfigKeys (ConfUtils.java:logGet(44)) - raft.server.log.force.sync.num = 128 (default)
2021-03-15 13:21:32,861 [pool-87-thread-1] INFO  server.RaftServerConfigKeys (ConfUtils.java:logGet(44)) - raft.server.log.statemachine.data.sync = true (default)
2021-03-15 13:21:32,861 [pool-87-thread-1] INFO  server.RaftServerConfigKeys (ConfUtils.java:logGet(44)) - raft.server.log.statemachine.data.sync.timeout = 10s (default)
2021-03-15 13:21:32,861 [pool-87-thread-1] INFO  server.RaftServerConfigKeys (ConfUtils.java:logGet(44)) - raft.server.log.statemachine.data.sync.timeout.retry = -1 (default)
2021-03-15 13:21:32,868 [Command processor thread] INFO  metrics.RatisMetrics (RatisMetrics.java:lambda$create$0(36)) - Creating Metrics Registry : ratis.client_message_metrics.client-DF2BB6172D8F->c8823aab-1c49-422a-a51c-c7b83b859fa6
2021-03-15 13:21:32,869 [Command processor thread] INFO  metrics.RatisMetrics (RatisMetrics.java:lambda$create$0(36)) - Creating Metrics Registry : ratis.client_message_metrics.client-062C48B1A72A->29adc670-2c1e-4c6c-9558-1601f864128b
2021-03-15 13:21:32,872 [EventQueue-PipelineReportForOneReplicaPipelineSafeModeRule] INFO  safemode.SCMSafeModeManager (SCMSafeModeManager.java:validateSafeModeExitRules(214)) - AtleastOneDatanodeReportedRule rule is successfully validated
2021-03-15 13:21:32,872 [EventQueue-PipelineReportForPipelineReportHandler] INFO  pipeline.PipelineStateManager (PipelineStateManager.java:openPipeline(132)) - Pipeline Pipeline[ Id: 5d7a0514-9f89-4d6d-8831-4c5a957e7ea6, Nodes: 490c2edb-ef6d-43f1-a3fc-38f1bdb7d380{ip: 172.17.0.2, host: 287f2862ff4e, ports: [REPLICATION=40983, RATIS=35411, RATIS_ADMIN=35411, RATIS_SERVER=35411, STANDALONE=40231], networkLocation: /default-rack, certSerialId: null, persistedOpState: IN_SERVICE, persistedOpStateExpiryEpochSec: 0}, Type:RATIS, Factor:ONE, State:ALLOCATED, leaderId:490c2edb-ef6d-43f1-a3fc-38f1bdb7d380, CreationTimestamp2021-03-15T13:21:29.848Z] moved to OPEN state
2021-03-15 13:21:32,872 [pool-87-thread-1] INFO  server.RaftServerConfigKeys (ConfUtils.java:logGet(44)) - raft.server.log.write.buffer.size = 1048576 (custom)
2021-03-15 13:21:32,873 [EventQueue-OpenPipelineForHealthyPipelineSafeModeRule] INFO  safemode.SCMSafeModeManager (HealthyPipelineSafeModeRule.java:process(128)) - SCM in safe mode. Healthy pipelines reported count is 0, required healthy pipeline reported count is 1
2021-03-15 13:21:32,880 [pool-120-thread-1] INFO  ratis.ContainerStateMachine (ContainerStateMachine.java:loadSnapshot(223)) - group-E860D21F6A2B: The snapshot info is null. Setting the last applied indexto:(t:0, i:~)
2021-03-15 13:21:32,880 [pool-120-thread-1] ERROR storage.RaftStorage (RaftStorageImpl.java:readRaftConfiguration(147)) - Failed reading configuration from file:/github/workspace/mnt/ozone/hadoop-ozone/integration-test/target/test-dir/MiniOzoneClusterImpl-10170ce6-1bcb-4b6c-85b7-fb1f14fc7e79/datanode-5/data/ratis/1efb9cfa-6e5b-42ab-9bfb-e860d21f6a2b/current/raft-meta.conf
java.io.FileNotFoundException: /github/workspace/mnt/ozone/hadoop-ozone/integration-test/target/test-dir/MiniOzoneClusterImpl-10170ce6-1bcb-4b6c-85b7-fb1f14fc7e79/datanode-5/data/ratis/1efb9cfa-6e5b-42ab-9bfb-e860d21f6a2b/current/raft-meta.conf (No such file or directory)
	at java.io.FileInputStream.open0(Native Method)
	at java.io.FileInputStream.open(FileInputStream.java:195)
	at java.io.FileInputStream.<init>(FileInputStream.java:138)
	at org.apache.ratis.server.storage.RaftStorageImpl.readRaftConfiguration(RaftStorageImpl.java:143)
	at org.apache.ratis.server.impl.ServerState.<init>(ServerState.java:122)
	at org.apache.ratis.server.impl.RaftServerImpl.<init>(RaftServerImpl.java:193)
	at org.apache.ratis.server.impl.RaftServerProxy.lambda$newRaftServerImpl$4(RaftServerProxy.java:266)
	at java.util.concurrent.CompletableFuture$AsyncSupply.run(CompletableFuture.java:1604)
	at java.util.concurrent.ThreadPoolExecutor.runWorker(ThreadPoolExecutor.java:1149)
	at java.util.concurrent.ThreadPoolExecutor$Worker.run(ThreadPoolExecutor.java:624)
	at java.lang.Thread.run(Thread.java:748)
2021-03-15 13:21:32,889 [pool-120-thread-1] INFO  server.RaftServerConfigKeys (ConfUtils.java:logGet(44)) - raft.server.notification.no-leader.timeout = 300000ms (custom)
2021-03-15 13:21:32,889 [pool-120-thread-1] INFO  server.RaftServerConfigKeys (ConfUtils.java:logGet(44)) - raft.server.log.use.memory = false (default)
2021-03-15 13:21:32,889 [pool-120-thread-1] INFO  server.RaftServerConfigKeys (ConfUtils.java:logGet(44)) - raft.server.log.purge.gap = 1000000 (custom)
2021-03-15 13:21:32,889 [pool-120-thread-1] INFO  server.RaftServerConfigKeys (ConfUtils.java:logGet(44)) - raft.server.log.appender.buffer.byte-limit = 33554432 (custom)
2021-03-15 13:21:32,889 [pool-120-thread-1] INFO  metrics.RatisMetrics (RatisMetrics.java:lambda$create$0(36)) - Creating Metrics Registry : ratis.log_worker.490c2edb-ef6d-43f1-a3fc-38f1bdb7d380@group-E860D21F6A2B
2021-03-15 13:21:32,889 [pool-120-thread-1] INFO  server.RaftServerConfigKeys (ConfUtils.java:logGet(44)) - raft.server.log.segment.size.max = 1048576 (custom)
2021-03-15 13:21:32,880 [pool-87-thread-1] INFO  server.RaftServerConfigKeys (ConfUtils.java:logGet(44)) - raft.server.log.statemachine.data.caching.enabled = true (custom)
2021-03-15 13:21:32,898 [pool-120-thread-1] INFO  server.RaftServerConfigKeys (ConfUtils.java:logGet(44)) - raft.server.log.segment.cache.num.max = 2 (custom)
2021-03-15 13:21:32,898 [pool-120-thread-1] INFO  server.RaftServerConfigKeys (ConfUtils.java:logGet(44)) - raft.server.log.segment.cache.size.max = 200MB (=209715200) (default)
2021-03-15 13:21:32,898 [pool-120-thread-1] INFO  segmented.SegmentedRaftLogWorker (SegmentedRaftLogWorker.java:<init>(181)) - new 490c2edb-ef6d-43f1-a3fc-38f1bdb7d380@group-E860D21F6A2B-SegmentedRaftLogWorker for RaftStorageImpl:Storage Directory /github/workspace/mnt/ozone/hadoop-ozone/integration-test/target/test-dir/MiniOzoneClusterImpl-10170ce6-1bcb-4b6c-85b7-fb1f14fc7e79/datanode-5/data/ratis/1efb9cfa-6e5b-42ab-9bfb-e860d21f6a2b
2021-03-15 13:21:32,898 [pool-120-thread-1] INFO  server.RaftServerConfigKeys (ConfUtils.java:logGet(44)) - raft.server.log.queue.byte-limit = 2147483647 (custom)
2021-03-15 13:21:32,898 [pool-120-thread-1] INFO  server.RaftServerConfigKeys (ConfUtils.java:logGet(44)) - raft.server.log.queue.element-limit = 1024 (custom)
2021-03-15 13:21:32,898 [pool-120-thread-1] INFO  server.RaftServerConfigKeys (ConfUtils.java:logGet(44)) - raft.server.log.segment.size.max = 1048576 (custom)
2021-03-15 13:21:32,898 [pool-120-thread-1] INFO  server.RaftServerConfigKeys (ConfUtils.java:logGet(44)) - raft.server.log.preallocated.size = 16384 (custom)
2021-03-15 13:21:32,898 [pool-120-thread-1] INFO  server.RaftServerConfigKeys (ConfUtils.java:logGet(44)) - raft.server.log.force.sync.num = 128 (default)
2021-03-15 13:21:32,898 [pool-120-thread-1] INFO  server.RaftServerConfigKeys (ConfUtils.java:logGet(44)) - raft.server.log.statemachine.data.sync = true (default)
2021-03-15 13:21:32,898 [pool-120-thread-1] INFO  server.RaftServerConfigKeys (ConfUtils.java:logGet(44)) - raft.server.log.statemachine.data.sync.timeout = 10s (default)
2021-03-15 13:21:32,898 [pool-120-thread-1] INFO  server.RaftServerConfigKeys (ConfUtils.java:logGet(44)) - raft.server.log.statemachine.data.sync.timeout.retry = -1 (default)
2021-03-15 13:21:32,899 [pool-120-thread-1] INFO  server.RaftServerConfigKeys (ConfUtils.java:logGet(44)) - raft.server.log.write.buffer.size = 1048576 (custom)
2021-03-15 13:21:32,900 [pool-120-thread-1] INFO  server.RaftServerConfigKeys (ConfUtils.java:logGet(44)) - raft.server.log.statemachine.data.caching.enabled = true (custom)
2021-03-15 13:21:32,900 [pool-120-thread-1] INFO  segmented.SegmentedRaftLogWorker (SegmentedRaftLogWorker.java:lambda$new$0(132)) - 490c2edb-ef6d-43f1-a3fc-38f1bdb7d380@group-E860D21F6A2B-SegmentedRaftLogWorker: flushIndex: setUnconditionally 0 -> -1
2021-03-15 13:21:32,900 [pool-120-thread-1] INFO  segmented.SegmentedRaftLogWorker (SegmentedRaftLogWorker.java:lambda$new$0(132)) - 490c2edb-ef6d-43f1-a3fc-38f1bdb7d380@group-E860D21F6A2B-SegmentedRaftLogWorker: safeCacheEvictIndex: setUnconditionally 0 -> -1
2021-03-15 13:21:32,905 [pool-120-thread-1] INFO  server.RaftServerConfigKeys (ConfUtils.java:logGet(44)) - raft.server.snapshot.auto.trigger.enabled = true (custom)
2021-03-15 13:21:32,905 [pool-120-thread-1] INFO  server.RaftServerConfigKeys (ConfUtils.java:logGet(44)) - raft.server.snapshot.auto.trigger.threshold = 10000 (custom)
2021-03-15 13:21:32,905 [pool-120-thread-1] INFO  server.RaftServerConfigKeys (ConfUtils.java:logGet(44)) - raft.server.snapshot.retention.file.num = 5 (custom)
2021-03-15 13:21:32,905 [pool-120-thread-1] INFO  server.RaftServerConfigKeys (ConfUtils.java:logGet(44)) - raft.server.log.purge.upto.snapshot.index = false (default)
2021-03-15 13:21:32,905 [pool-120-thread-1] INFO  server.RaftServerConfigKeys (ConfUtils.java:logGet(44)) - raft.server.retrycache.expirytime = 600000ms (custom)
2021-03-15 13:21:32,905 [pool-120-thread-1] INFO  server.RaftServerConfigKeys (ConfUtils.java:logGet(44)) - raft.server.retrycache.statistics.expirytime = 100?s (default)
2021-03-15 13:21:32,905 [pool-120-thread-1] INFO  metrics.RatisMetrics (RatisMetrics.java:lambda$create$0(36)) - Creating Metrics Registry : ratis.leader_election.490c2edb-ef6d-43f1-a3fc-38f1bdb7d380@group-E860D21F6A2B
2021-03-15 13:21:32,906 [pool-120-thread-1] INFO  metrics.RatisMetrics (RatisMetrics.java:lambda$create$0(36)) - Creating Metrics Registry : ratis.server.490c2edb-ef6d-43f1-a3fc-38f1bdb7d380@group-E860D21F6A2B
2021-03-15 13:21:32,908 [pool-120-thread-1] INFO  server.RaftServer$Division (RaftServerImpl.java:<init>(180)) - 490c2edb-ef6d-43f1-a3fc-38f1bdb7d380: new RaftServerImpl for group-4C5A957E7EA6:[490c2edb-ef6d-43f1-a3fc-38f1bdb7d380|rpc:172.17.0.2:35411|priority:1] with ContainerStateMachine:uninitialized
2021-03-15 13:21:32,908 [pool-120-thread-1] INFO  server.RaftServerConfigKeys (ConfUtils.java:logGet(44)) - raft.server.rpc.timeout.min = 5s (custom)
2021-03-15 13:21:32,908 [pool-120-thread-1] INFO  server.RaftServerConfigKeys (ConfUtils.java:logGet(44)) - raft.server.rpc.timeout.max = 5200ms (custom)
2021-03-15 13:21:32,908 [pool-120-thread-1] INFO  server.RaftServerConfigKeys (ConfUtils.java:logGet(44)) - raft.server.rpc.sleep.time = 25ms (default)
2021-03-15 13:21:32,921 [pool-120-thread-1] INFO  server.RaftServerConfigKeys (ConfUtils.java:logGet(44)) - raft.server.rpc.slowness.timeout = 300000ms (custom)
2021-03-15 13:21:32,924 [pool-120-thread-1] INFO  server.RaftServerConfigKeys (ConfUtils.java:logGet(44)) - raft.server.leaderelection.leader.step-down.wait-time = 10s (default)
2021-03-15 13:21:32,924 [pool-120-thread-1] INFO  server.RaftServerConfigKeys (ConfUtils.java:logGet(44)) - raft.server.sleep.deviation.threshold = 300ms (default)
2021-03-15 13:21:32,924 [pool-120-thread-1] INFO  server.RaftServerConfigKeys (ConfUtils.java:logGet(44)) - raft.server.log.appender.install.snapshot.enabled = false (custom)
2021-03-15 13:21:32,925 [pool-120-thread-1] INFO  server.RaftServer$Division (ServerState.java:<init>(105)) - 490c2edb-ef6d-43f1-a3fc-38f1bdb7d380@group-4C5A957E7EA6: ConfigurationManager, init=-1: [490c2edb-ef6d-43f1-a3fc-38f1bdb7d380|rpc:172.17.0.2:35411|priority:1], old=null, confs=<EMPTY_MAP>
2021-03-15 13:21:32,925 [pool-120-thread-1] INFO  server.RaftServerConfigKeys (ConfUtils.java:logGet(44)) - raft.server.storage.dir = [/github/workspace/mnt/ozone/hadoop-ozone/integration-test/target/test-dir/MiniOzoneClusterImpl-10170ce6-1bcb-4b6c-85b7-fb1f14fc7e79/datanode-5/data/ratis] (custom)
2021-03-15 13:21:32,925 [pool-120-thread-1] INFO  server.RaftServerConfigKeys (ConfUtils.java:logGet(44)) - raft.server.log.corruption.policy = EXCEPTION (default)
2021-03-15 13:21:32,925 [pool-120-thread-1] INFO  storage.RaftStorageDirectory (RaftStorageDirectoryImpl.java:analyzeStorage(132)) - The storage directory /github/workspace/mnt/ozone/hadoop-ozone/integration-test/target/test-dir/MiniOzoneClusterImpl-10170ce6-1bcb-4b6c-85b7-fb1f14fc7e79/datanode-5/data/ratis/5d7a0514-9f89-4d6d-8831-4c5a957e7ea6 does not exist. Creating ...
2021-03-15 13:21:32,926 [pool-87-thread-1] INFO  segmented.SegmentedRaftLogWorker (SegmentedRaftLogWorker.java:lambda$new$0(132)) - 01124cd4-4ace-459c-9f52-5cd7a41fca7c@group-9EB71483E61B-SegmentedRaftLogWorker: flushIndex: setUnconditionally 0 -> -1
2021-03-15 13:21:32,926 [pool-87-thread-1] INFO  segmented.SegmentedRaftLogWorker (SegmentedRaftLogWorker.java:lambda$new$0(132)) - 01124cd4-4ace-459c-9f52-5cd7a41fca7c@group-9EB71483E61B-SegmentedRaftLogWorker: safeCacheEvictIndex: setUnconditionally 0 -> -1
2021-03-15 13:21:32,928 [Command processor thread] INFO  metrics.RatisMetrics (RatisMetrics.java:lambda$create$0(36)) - Creating Metrics Registry : ratis.client_message_metrics.client-901C04597BDF->2bcf9514-6eaf-4328-a021-870a209d39c4
2021-03-15 13:21:32,931 [pool-120-thread-1] INFO  storage.RaftStorageDirectory (RaftStorageDirectoryImpl.java:tryLock(215)) - Lock on /github/workspace/mnt/ozone/hadoop-ozone/integration-test/target/test-dir/MiniOzoneClusterImpl-10170ce6-1bcb-4b6c-85b7-fb1f14fc7e79/datanode-5/data/ratis/5d7a0514-9f89-4d6d-8831-4c5a957e7ea6/in_use.lock acquired by nodename 8797@287f2862ff4e
2021-03-15 13:21:32,935 [pool-87-thread-1] INFO  server.RaftServerConfigKeys (ConfUtils.java:logGet(44)) - raft.server.snapshot.auto.trigger.enabled = true (custom)
2021-03-15 13:21:32,936 [pool-87-thread-1] INFO  server.RaftServerConfigKeys (ConfUtils.java:logGet(44)) - raft.server.snapshot.auto.trigger.threshold = 10000 (custom)
2021-03-15 13:21:32,936 [pool-87-thread-1] INFO  server.RaftServerConfigKeys (ConfUtils.java:logGet(44)) - raft.server.snapshot.retention.file.num = 5 (custom)
2021-03-15 13:21:32,936 [pool-87-thread-1] INFO  server.RaftServerConfigKeys (ConfUtils.java:logGet(44)) - raft.server.log.purge.upto.snapshot.index = false (default)
2021-03-15 13:21:32,936 [pool-87-thread-1] INFO  server.RaftServerConfigKeys (ConfUtils.java:logGet(44)) - raft.server.retrycache.expirytime = 600000ms (custom)
2021-03-15 13:21:32,936 [pool-120-thread-1] INFO  storage.RaftStorage (RaftStorageImpl.java:format(87)) - Storage directory /github/workspace/mnt/ozone/hadoop-ozone/integration-test/target/test-dir/MiniOzoneClusterImpl-10170ce6-1bcb-4b6c-85b7-fb1f14fc7e79/datanode-5/data/ratis/5d7a0514-9f89-4d6d-8831-4c5a957e7ea6 has been successfully formatted.
2021-03-15 13:21:32,936 [pool-87-thread-1] INFO  server.RaftServerConfigKeys (ConfUtils.java:logGet(44)) - raft.server.retrycache.statistics.expirytime = 100?s (default)
2021-03-15 13:21:32,953 [pool-87-thread-1] INFO  metrics.RatisMetrics (RatisMetrics.java:lambda$create$0(36)) - Creating Metrics Registry : ratis.leader_election.01124cd4-4ace-459c-9f52-5cd7a41fca7c@group-9EB71483E61B
2021-03-15 13:21:32,953 [pool-87-thread-1] INFO  metrics.RatisMetrics (RatisMetrics.java:lambda$create$0(36)) - Creating Metrics Registry : ratis.server.01124cd4-4ace-459c-9f52-5cd7a41fca7c@group-9EB71483E61B
2021-03-15 13:21:32,954 [pool-87-thread-1] INFO  server.RaftServer$Division (RaftServerImpl.java:start(295)) - 01124cd4-4ace-459c-9f52-5cd7a41fca7c@group-9EB71483E61B: start as a follower, conf=-1: [01124cd4-4ace-459c-9f52-5cd7a41fca7c|rpc:172.17.0.2:40903|dataStream:|priority:1, 8f544fba-ae2a-4c10-8316-b74b14cffb80|rpc:172.17.0.2:35899|dataStream:|priority:0, 490c2edb-ef6d-43f1-a3fc-38f1bdb7d380|rpc:172.17.0.2:35411|dataStream:|priority:0], old=null
2021-03-15 13:21:32,954 [pool-87-thread-1] INFO  server.RaftServer$Division (RaftServerImpl.java:setRole(284)) - 01124cd4-4ace-459c-9f52-5cd7a41fca7c@group-9EB71483E61B: changes role from      null to FOLLOWER at term 0 for startAsFollower
2021-03-15 13:21:32,954 [pool-87-thread-1] INFO  impl.RoleInfo (RoleInfo.java:updateAndGet(130)) - 01124cd4-4ace-459c-9f52-5cd7a41fca7c: start 01124cd4-4ace-459c-9f52-5cd7a41fca7c@group-9EB71483E61B-FollowerState
2021-03-15 13:21:32,952 [Command processor thread] INFO  metrics.RatisMetrics (RatisMetrics.java:lambda$create$0(36)) - Creating Metrics Registry : ratis.client_message_metrics.client-EF184A36917E->c8823aab-1c49-422a-a51c-c7b83b859fa6
2021-03-15 13:21:32,959 [pool-120-thread-1] INFO  ratis.ContainerStateMachine (ContainerStateMachine.java:loadSnapshot(223)) - group-4C5A957E7EA6: The snapshot info is null. Setting the last applied indexto:(t:0, i:~)
2021-03-15 13:21:32,959 [pool-120-thread-1] ERROR storage.RaftStorage (RaftStorageImpl.java:readRaftConfiguration(147)) - Failed reading configuration from file:/github/workspace/mnt/ozone/hadoop-ozone/integration-test/target/test-dir/MiniOzoneClusterImpl-10170ce6-1bcb-4b6c-85b7-fb1f14fc7e79/datanode-5/data/ratis/5d7a0514-9f89-4d6d-8831-4c5a957e7ea6/current/raft-meta.conf
java.io.FileNotFoundException: /github/workspace/mnt/ozone/hadoop-ozone/integration-test/target/test-dir/MiniOzoneClusterImpl-10170ce6-1bcb-4b6c-85b7-fb1f14fc7e79/datanode-5/data/ratis/5d7a0514-9f89-4d6d-8831-4c5a957e7ea6/current/raft-meta.conf (No such file or directory)
	at java.io.FileInputStream.open0(Native Method)
	at java.io.FileInputStream.open(FileInputStream.java:195)
	at java.io.FileInputStream.<init>(FileInputStream.java:138)
	at org.apache.ratis.server.storage.RaftStorageImpl.readRaftConfiguration(RaftStorageImpl.java:143)
	at org.apache.ratis.server.impl.ServerState.<init>(ServerState.java:122)
	at org.apache.ratis.server.impl.RaftServerImpl.<init>(RaftServerImpl.java:193)
	at org.apache.ratis.server.impl.RaftServerProxy.lambda$newRaftServerImpl$4(RaftServerProxy.java:266)
	at java.util.concurrent.CompletableFuture$AsyncSupply.run(CompletableFuture.java:1604)
	at java.util.concurrent.ThreadPoolExecutor.runWorker(ThreadPoolExecutor.java:1149)
	at java.util.concurrent.ThreadPoolExecutor$Worker.run(ThreadPoolExecutor.java:624)
	at java.lang.Thread.run(Thread.java:748)
2021-03-15 13:21:32,960 [pool-120-thread-1] INFO  server.RaftServerConfigKeys (ConfUtils.java:logGet(44)) - raft.server.notification.no-leader.timeout = 300000ms (custom)
2021-03-15 13:21:32,960 [pool-120-thread-1] INFO  server.RaftServerConfigKeys (ConfUtils.java:logGet(44)) - raft.server.log.use.memory = false (default)
2021-03-15 13:21:32,960 [pool-120-thread-1] INFO  server.RaftServerConfigKeys (ConfUtils.java:logGet(44)) - raft.server.log.purge.gap = 1000000 (custom)
2021-03-15 13:21:32,960 [pool-120-thread-1] INFO  server.RaftServerConfigKeys (ConfUtils.java:logGet(44)) - raft.server.log.appender.buffer.byte-limit = 33554432 (custom)
2021-03-15 13:21:32,960 [pool-120-thread-1] INFO  metrics.RatisMetrics (RatisMetrics.java:lambda$create$0(36)) - Creating Metrics Registry : ratis.log_worker.490c2edb-ef6d-43f1-a3fc-38f1bdb7d380@group-4C5A957E7EA6
2021-03-15 13:21:32,960 [pool-120-thread-1] INFO  server.RaftServerConfigKeys (ConfUtils.java:logGet(44)) - raft.server.log.segment.size.max = 1048576 (custom)
2021-03-15 13:21:32,960 [pool-120-thread-1] INFO  server.RaftServerConfigKeys (ConfUtils.java:logGet(44)) - raft.server.log.segment.cache.num.max = 2 (custom)
2021-03-15 13:21:32,961 [pool-120-thread-1] INFO  server.RaftServerConfigKeys (ConfUtils.java:logGet(44)) - raft.server.log.segment.cache.size.max = 200MB (=209715200) (default)
2021-03-15 13:21:32,961 [pool-120-thread-1] INFO  segmented.SegmentedRaftLogWorker (SegmentedRaftLogWorker.java:<init>(181)) - new 490c2edb-ef6d-43f1-a3fc-38f1bdb7d380@group-4C5A957E7EA6-SegmentedRaftLogWorker for RaftStorageImpl:Storage Directory /github/workspace/mnt/ozone/hadoop-ozone/integration-test/target/test-dir/MiniOzoneClusterImpl-10170ce6-1bcb-4b6c-85b7-fb1f14fc7e79/datanode-5/data/ratis/5d7a0514-9f89-4d6d-8831-4c5a957e7ea6
2021-03-15 13:21:32,961 [pool-120-thread-1] INFO  server.RaftServerConfigKeys (ConfUtils.java:logGet(44)) - raft.server.log.queue.byte-limit = 2147483647 (custom)
2021-03-15 13:21:32,961 [pool-120-thread-1] INFO  server.RaftServerConfigKeys (ConfUtils.java:logGet(44)) - raft.server.log.queue.element-limit = 1024 (custom)
2021-03-15 13:21:32,961 [pool-120-thread-1] INFO  server.RaftServerConfigKeys (ConfUtils.java:logGet(44)) - raft.server.log.segment.size.max = 1048576 (custom)
2021-03-15 13:21:32,961 [pool-120-thread-1] INFO  server.RaftServerConfigKeys (ConfUtils.java:logGet(44)) - raft.server.log.preallocated.size = 16384 (custom)
2021-03-15 13:21:32,961 [pool-120-thread-1] INFO  server.RaftServerConfigKeys (ConfUtils.java:logGet(44)) - raft.server.log.force.sync.num = 128 (default)
2021-03-15 13:21:32,961 [pool-120-thread-1] INFO  server.RaftServerConfigKeys (ConfUtils.java:logGet(44)) - raft.server.log.statemachine.data.sync = true (default)
2021-03-15 13:21:32,961 [pool-120-thread-1] INFO  server.RaftServerConfigKeys (ConfUtils.java:logGet(44)) - raft.server.log.statemachine.data.sync.timeout = 10s (default)
2021-03-15 13:21:32,961 [pool-120-thread-1] INFO  server.RaftServerConfigKeys (ConfUtils.java:logGet(44)) - raft.server.log.statemachine.data.sync.timeout.retry = -1 (default)
2021-03-15 13:21:32,962 [EventQueue-PipelineReportForOneReplicaPipelineSafeModeRule] INFO  safemode.SCMSafeModeManager (SCMSafeModeManager.java:validateSafeModeExitRules(214)) - AtleastOneDatanodeReportedRule rule is successfully validated
2021-03-15 13:21:32,961 [pool-87-thread-1] INFO  util.JmxRegister (JmxRegister.java:tryRegister(44)) - Successfully registered JMX Bean with object name Ratis:service=RaftServer,group=group-9EB71483E61B,id=01124cd4-4ace-459c-9f52-5cd7a41fca7c
2021-03-15 13:21:32,962 [pool-87-thread-1] INFO  metrics.RatisMetrics (RatisMetrics.java:lambda$create$0(36)) - Creating Metrics Registry : ratis.state_machine.01124cd4-4ace-459c-9f52-5cd7a41fca7c@group-9EB71483E61B
2021-03-15 13:21:32,963 [EventQueue-OpenPipelineForHealthyPipelineSafeModeRule] INFO  safemode.SCMSafeModeManager (HealthyPipelineSafeModeRule.java:process(128)) - SCM in safe mode. Healthy pipelines reported count is 0, required healthy pipeline reported count is 1
2021-03-15 13:21:32,966 [pool-120-thread-1] INFO  server.RaftServerConfigKeys (ConfUtils.java:logGet(44)) - raft.server.log.write.buffer.size = 1048576 (custom)
2021-03-15 13:21:32,968 [pool-120-thread-1] INFO  server.RaftServerConfigKeys (ConfUtils.java:logGet(44)) - raft.server.log.statemachine.data.caching.enabled = true (custom)
2021-03-15 13:21:32,968 [pool-120-thread-1] INFO  segmented.SegmentedRaftLogWorker (SegmentedRaftLogWorker.java:lambda$new$0(132)) - 490c2edb-ef6d-43f1-a3fc-38f1bdb7d380@group-4C5A957E7EA6-SegmentedRaftLogWorker: flushIndex: setUnconditionally 0 -> -1
2021-03-15 13:21:32,968 [pool-120-thread-1] INFO  segmented.SegmentedRaftLogWorker (SegmentedRaftLogWorker.java:lambda$new$0(132)) - 490c2edb-ef6d-43f1-a3fc-38f1bdb7d380@group-4C5A957E7EA6-SegmentedRaftLogWorker: safeCacheEvictIndex: setUnconditionally 0 -> -1
2021-03-15 13:21:32,977 [pool-120-thread-1] INFO  server.RaftServerConfigKeys (ConfUtils.java:logGet(44)) - raft.server.snapshot.auto.trigger.enabled = true (custom)
2021-03-15 13:21:32,977 [pool-120-thread-1] INFO  server.RaftServerConfigKeys (ConfUtils.java:logGet(44)) - raft.server.snapshot.auto.trigger.threshold = 10000 (custom)
2021-03-15 13:21:32,977 [pool-120-thread-1] INFO  server.RaftServerConfigKeys (ConfUtils.java:logGet(44)) - raft.server.snapshot.retention.file.num = 5 (custom)
2021-03-15 13:21:32,978 [pool-120-thread-1] INFO  server.RaftServerConfigKeys (ConfUtils.java:logGet(44)) - raft.server.log.purge.upto.snapshot.index = false (default)
2021-03-15 13:21:32,978 [pool-120-thread-1] INFO  server.RaftServerConfigKeys (ConfUtils.java:logGet(44)) - raft.server.retrycache.expirytime = 600000ms (custom)
2021-03-15 13:21:32,978 [pool-120-thread-1] INFO  server.RaftServerConfigKeys (ConfUtils.java:logGet(44)) - raft.server.retrycache.statistics.expirytime = 100?s (default)
2021-03-15 13:21:32,978 [pool-120-thread-1] INFO  metrics.RatisMetrics (RatisMetrics.java:lambda$create$0(36)) - Creating Metrics Registry : ratis.leader_election.490c2edb-ef6d-43f1-a3fc-38f1bdb7d380@group-4C5A957E7EA6
2021-03-15 13:21:32,978 [Command processor thread] INFO  commandhandler.CreatePipelineCommandHandler (CreatePipelineCommandHandler.java:handle(106)) - Created Pipeline RATIS THREE PipelineID=79e449a0-20f2-4382-bd34-184eb8e85b35.
2021-03-15 13:21:32,978 [pool-120-thread-1] INFO  metrics.RatisMetrics (RatisMetrics.java:lambda$create$0(36)) - Creating Metrics Registry : ratis.server.490c2edb-ef6d-43f1-a3fc-38f1bdb7d380@group-4C5A957E7EA6
2021-03-15 13:21:32,984 [pool-120-thread-1] INFO  server.RaftServer$Division (RaftServerImpl.java:start(295)) - 490c2edb-ef6d-43f1-a3fc-38f1bdb7d380@group-E860D21F6A2B: start as a follower, conf=-1: [01124cd4-4ace-459c-9f52-5cd7a41fca7c|rpc:172.17.0.2:40903|dataStream:|priority:0, 8f544fba-ae2a-4c10-8316-b74b14cffb80|rpc:172.17.0.2:35899|dataStream:|priority:0, 490c2edb-ef6d-43f1-a3fc-38f1bdb7d380|rpc:172.17.0.2:35411|dataStream:|priority:1], old=null
2021-03-15 13:21:32,984 [pool-120-thread-1] INFO  server.RaftServer$Division (RaftServerImpl.java:setRole(284)) - 490c2edb-ef6d-43f1-a3fc-38f1bdb7d380@group-E860D21F6A2B: changes role from      null to FOLLOWER at term 0 for startAsFollower
2021-03-15 13:21:32,984 [pool-120-thread-1] INFO  impl.RoleInfo (RoleInfo.java:updateAndGet(130)) - 490c2edb-ef6d-43f1-a3fc-38f1bdb7d380: start 490c2edb-ef6d-43f1-a3fc-38f1bdb7d380@group-E860D21F6A2B-FollowerState
2021-03-15 13:21:32,995 [pool-120-thread-1] INFO  util.JmxRegister (JmxRegister.java:tryRegister(44)) - Successfully registered JMX Bean with object name Ratis:service=RaftServer,group=group-E860D21F6A2B,id=490c2edb-ef6d-43f1-a3fc-38f1bdb7d380
2021-03-15 13:21:32,995 [pool-120-thread-1] INFO  metrics.RatisMetrics (RatisMetrics.java:lambda$create$0(36)) - Creating Metrics Registry : ratis.state_machine.490c2edb-ef6d-43f1-a3fc-38f1bdb7d380@group-E860D21F6A2B
2021-03-15 13:21:32,997 [pool-120-thread-1] INFO  server.RaftServer$Division (RaftServerImpl.java:start(295)) - 490c2edb-ef6d-43f1-a3fc-38f1bdb7d380@group-4C5A957E7EA6: start as a follower, conf=-1: [490c2edb-ef6d-43f1-a3fc-38f1bdb7d380|rpc:172.17.0.2:35411|priority:1], old=null
2021-03-15 13:21:32,997 [pool-120-thread-1] INFO  server.RaftServer$Division (RaftServerImpl.java:setRole(284)) - 490c2edb-ef6d-43f1-a3fc-38f1bdb7d380@group-4C5A957E7EA6: changes role from      null to FOLLOWER at term 0 for startAsFollower
2021-03-15 13:21:32,997 [pool-120-thread-1] INFO  impl.RoleInfo (RoleInfo.java:updateAndGet(130)) - 490c2edb-ef6d-43f1-a3fc-38f1bdb7d380: start 490c2edb-ef6d-43f1-a3fc-38f1bdb7d380@group-4C5A957E7EA6-FollowerState
2021-03-15 13:21:32,997 [pool-120-thread-1] INFO  util.JmxRegister (JmxRegister.java:tryRegister(44)) - Successfully registered JMX Bean with object name Ratis:service=RaftServer,group=group-4C5A957E7EA6,id=490c2edb-ef6d-43f1-a3fc-38f1bdb7d380
2021-03-15 13:21:32,997 [pool-120-thread-1] INFO  metrics.RatisMetrics (RatisMetrics.java:lambda$create$0(36)) - Creating Metrics Registry : ratis.state_machine.490c2edb-ef6d-43f1-a3fc-38f1bdb7d380@group-4C5A957E7EA6
2021-03-15 13:21:33,007 [Command processor thread] INFO  commandhandler.CreatePipelineCommandHandler (CreatePipelineCommandHandler.java:handle(106)) - Created Pipeline RATIS THREE PipelineID=79e449a0-20f2-4382-bd34-184eb8e85b35.
2021-03-15 13:21:33,009 [Command processor thread] INFO  commandhandler.CreatePipelineCommandHandler (CreatePipelineCommandHandler.java:handle(106)) - Created Pipeline RATIS ONE PipelineID=5d7a0514-9f89-4d6d-8831-4c5a957e7ea6.
2021-03-15 13:21:33,011 [Command processor thread] INFO  server.RaftServer (RaftServerProxy.java:addNew(95)) - 490c2edb-ef6d-43f1-a3fc-38f1bdb7d380: addNew group-9EB71483E61B:[01124cd4-4ace-459c-9f52-5cd7a41fca7c|rpc:172.17.0.2:40903|priority:1, 8f544fba-ae2a-4c10-8316-b74b14cffb80|rpc:172.17.0.2:35899|priority:0, 490c2edb-ef6d-43f1-a3fc-38f1bdb7d380|rpc:172.17.0.2:35411|priority:0] returns group-9EB71483E61B:java.util.concurrent.CompletableFuture@7da6c1f6[Not completed]
2021-03-15 13:21:33,012 [pool-120-thread-1] INFO  server.RaftServer$Division (RaftServerImpl.java:<init>(180)) - 490c2edb-ef6d-43f1-a3fc-38f1bdb7d380: new RaftServerImpl for group-9EB71483E61B:[01124cd4-4ace-459c-9f52-5cd7a41fca7c|rpc:172.17.0.2:40903|priority:1, 8f544fba-ae2a-4c10-8316-b74b14cffb80|rpc:172.17.0.2:35899|priority:0, 490c2edb-ef6d-43f1-a3fc-38f1bdb7d380|rpc:172.17.0.2:35411|priority:0] with ContainerStateMachine:uninitialized
2021-03-15 13:21:33,012 [pool-120-thread-1] INFO  server.RaftServerConfigKeys (ConfUtils.java:logGet(44)) - raft.server.rpc.timeout.min = 5s (custom)
2021-03-15 13:21:33,012 [pool-120-thread-1] INFO  server.RaftServerConfigKeys (ConfUtils.java:logGet(44)) - raft.server.rpc.timeout.max = 5200ms (custom)
2021-03-15 13:21:33,012 [pool-120-thread-1] INFO  server.RaftServerConfigKeys (ConfUtils.java:logGet(44)) - raft.server.rpc.sleep.time = 25ms (default)
2021-03-15 13:21:33,012 [pool-120-thread-1] INFO  server.RaftServerConfigKeys (ConfUtils.java:logGet(44)) - raft.server.rpc.slowness.timeout = 300000ms (custom)
2021-03-15 13:21:33,012 [pool-120-thread-1] INFO  server.RaftServerConfigKeys (ConfUtils.java:logGet(44)) - raft.server.leaderelection.leader.step-down.wait-time = 10s (default)
2021-03-15 13:21:33,012 [pool-120-thread-1] INFO  server.RaftServerConfigKeys (ConfUtils.java:logGet(44)) - raft.server.sleep.deviation.threshold = 300ms (default)
2021-03-15 13:21:33,012 [pool-120-thread-1] INFO  server.RaftServerConfigKeys (ConfUtils.java:logGet(44)) - raft.server.log.appender.install.snapshot.enabled = false (custom)
2021-03-15 13:21:33,012 [pool-120-thread-1] INFO  server.RaftServer$Division (ServerState.java:<init>(105)) - 490c2edb-ef6d-43f1-a3fc-38f1bdb7d380@group-9EB71483E61B: ConfigurationManager, init=-1: [01124cd4-4ace-459c-9f52-5cd7a41fca7c|rpc:172.17.0.2:40903|priority:1, 8f544fba-ae2a-4c10-8316-b74b14cffb80|rpc:172.17.0.2:35899|priority:0, 490c2edb-ef6d-43f1-a3fc-38f1bdb7d380|rpc:172.17.0.2:35411|priority:0], old=null, confs=<EMPTY_MAP>
2021-03-15 13:21:33,013 [pool-120-thread-1] INFO  server.RaftServerConfigKeys (ConfUtils.java:logGet(44)) - raft.server.storage.dir = [/github/workspace/mnt/ozone/hadoop-ozone/integration-test/target/test-dir/MiniOzoneClusterImpl-10170ce6-1bcb-4b6c-85b7-fb1f14fc7e79/datanode-5/data/ratis] (custom)
2021-03-15 13:21:33,013 [pool-120-thread-1] INFO  server.RaftServerConfigKeys (ConfUtils.java:logGet(44)) - raft.server.log.corruption.policy = EXCEPTION (default)
2021-03-15 13:21:33,013 [pool-120-thread-1] INFO  storage.RaftStorageDirectory (RaftStorageDirectoryImpl.java:analyzeStorage(132)) - The storage directory /github/workspace/mnt/ozone/hadoop-ozone/integration-test/target/test-dir/MiniOzoneClusterImpl-10170ce6-1bcb-4b6c-85b7-fb1f14fc7e79/datanode-5/data/ratis/3131fd0c-3f52-4949-b04d-9eb71483e61b does not exist. Creating ...
2021-03-15 13:21:33,014 [Command processor thread] INFO  metrics.RatisMetrics (RatisMetrics.java:lambda$create$0(36)) - Creating Metrics Registry : ratis.client_message_metrics.client-158995101908->490c2edb-ef6d-43f1-a3fc-38f1bdb7d380
2021-03-15 13:21:33,014 [pool-120-thread-1] INFO  storage.RaftStorageDirectory (RaftStorageDirectoryImpl.java:tryLock(215)) - Lock on /github/workspace/mnt/ozone/hadoop-ozone/integration-test/target/test-dir/MiniOzoneClusterImpl-10170ce6-1bcb-4b6c-85b7-fb1f14fc7e79/datanode-5/data/ratis/3131fd0c-3f52-4949-b04d-9eb71483e61b/in_use.lock acquired by nodename 8797@287f2862ff4e
2021-03-15 13:21:33,015 [pool-120-thread-1] INFO  storage.RaftStorage (RaftStorageImpl.java:format(87)) - Storage directory /github/workspace/mnt/ozone/hadoop-ozone/integration-test/target/test-dir/MiniOzoneClusterImpl-10170ce6-1bcb-4b6c-85b7-fb1f14fc7e79/datanode-5/data/ratis/3131fd0c-3f52-4949-b04d-9eb71483e61b has been successfully formatted.
2021-03-15 13:21:33,020 [pool-120-thread-1] INFO  ratis.ContainerStateMachine (ContainerStateMachine.java:loadSnapshot(223)) - group-9EB71483E61B: The snapshot info is null. Setting the last applied indexto:(t:0, i:~)
2021-03-15 13:21:33,021 [pool-120-thread-1] ERROR storage.RaftStorage (RaftStorageImpl.java:readRaftConfiguration(147)) - Failed reading configuration from file:/github/workspace/mnt/ozone/hadoop-ozone/integration-test/target/test-dir/MiniOzoneClusterImpl-10170ce6-1bcb-4b6c-85b7-fb1f14fc7e79/datanode-5/data/ratis/3131fd0c-3f52-4949-b04d-9eb71483e61b/current/raft-meta.conf
java.io.FileNotFoundException: /github/workspace/mnt/ozone/hadoop-ozone/integration-test/target/test-dir/MiniOzoneClusterImpl-10170ce6-1bcb-4b6c-85b7-fb1f14fc7e79/datanode-5/data/ratis/3131fd0c-3f52-4949-b04d-9eb71483e61b/current/raft-meta.conf (No such file or directory)
	at java.io.FileInputStream.open0(Native Method)
	at java.io.FileInputStream.open(FileInputStream.java:195)
	at java.io.FileInputStream.<init>(FileInputStream.java:138)
	at org.apache.ratis.server.storage.RaftStorageImpl.readRaftConfiguration(RaftStorageImpl.java:143)
	at org.apache.ratis.server.impl.ServerState.<init>(ServerState.java:122)
	at org.apache.ratis.server.impl.RaftServerImpl.<init>(RaftServerImpl.java:193)
	at org.apache.ratis.server.impl.RaftServerProxy.lambda$newRaftServerImpl$4(RaftServerProxy.java:266)
	at java.util.concurrent.CompletableFuture$AsyncSupply.run(CompletableFuture.java:1604)
	at java.util.concurrent.ThreadPoolExecutor.runWorker(ThreadPoolExecutor.java:1149)
	at java.util.concurrent.ThreadPoolExecutor$Worker.run(ThreadPoolExecutor.java:624)
	at java.lang.Thread.run(Thread.java:748)
2021-03-15 13:21:33,021 [pool-120-thread-1] INFO  server.RaftServerConfigKeys (ConfUtils.java:logGet(44)) - raft.server.notification.no-leader.timeout = 300000ms (custom)
2021-03-15 13:21:33,021 [pool-120-thread-1] INFO  server.RaftServerConfigKeys (ConfUtils.java:logGet(44)) - raft.server.log.use.memory = false (default)
2021-03-15 13:21:33,021 [pool-120-thread-1] INFO  server.RaftServerConfigKeys (ConfUtils.java:logGet(44)) - raft.server.log.purge.gap = 1000000 (custom)
2021-03-15 13:21:33,021 [pool-120-thread-1] INFO  server.RaftServerConfigKeys (ConfUtils.java:logGet(44)) - raft.server.log.appender.buffer.byte-limit = 33554432 (custom)
2021-03-15 13:21:33,021 [pool-120-thread-1] INFO  metrics.RatisMetrics (RatisMetrics.java:lambda$create$0(36)) - Creating Metrics Registry : ratis.log_worker.490c2edb-ef6d-43f1-a3fc-38f1bdb7d380@group-9EB71483E61B
2021-03-15 13:21:33,023 [pool-120-thread-1] INFO  server.RaftServerConfigKeys (ConfUtils.java:logGet(44)) - raft.server.log.segment.size.max = 1048576 (custom)
2021-03-15 13:21:33,023 [EventQueue-OpenPipelineForHealthyPipelineSafeModeRule] INFO  safemode.SCMSafeModeManager (HealthyPipelineSafeModeRule.java:process(128)) - SCM in safe mode. Healthy pipelines reported count is 0, required healthy pipeline reported count is 1
2021-03-15 13:21:33,023 [EventQueue-PipelineReportForOneReplicaPipelineSafeModeRule] INFO  safemode.SCMSafeModeManager (SCMSafeModeManager.java:validateSafeModeExitRules(214)) - AtleastOneDatanodeReportedRule rule is successfully validated
2021-03-15 13:21:33,024 [pool-120-thread-1] INFO  server.RaftServerConfigKeys (ConfUtils.java:logGet(44)) - raft.server.log.segment.cache.num.max = 2 (custom)
2021-03-15 13:21:33,024 [pool-120-thread-1] INFO  server.RaftServerConfigKeys (ConfUtils.java:logGet(44)) - raft.server.log.segment.cache.size.max = 200MB (=209715200) (default)
2021-03-15 13:21:33,024 [pool-120-thread-1] INFO  segmented.SegmentedRaftLogWorker (SegmentedRaftLogWorker.java:<init>(181)) - new 490c2edb-ef6d-43f1-a3fc-38f1bdb7d380@group-9EB71483E61B-SegmentedRaftLogWorker for RaftStorageImpl:Storage Directory /github/workspace/mnt/ozone/hadoop-ozone/integration-test/target/test-dir/MiniOzoneClusterImpl-10170ce6-1bcb-4b6c-85b7-fb1f14fc7e79/datanode-5/data/ratis/3131fd0c-3f52-4949-b04d-9eb71483e61b
2021-03-15 13:21:33,024 [pool-120-thread-1] INFO  server.RaftServerConfigKeys (ConfUtils.java:logGet(44)) - raft.server.log.queue.byte-limit = 2147483647 (custom)
2021-03-15 13:21:33,024 [pool-120-thread-1] INFO  server.RaftServerConfigKeys (ConfUtils.java:logGet(44)) - raft.server.log.queue.element-limit = 1024 (custom)
2021-03-15 13:21:33,024 [pool-120-thread-1] INFO  server.RaftServerConfigKeys (ConfUtils.java:logGet(44)) - raft.server.log.segment.size.max = 1048576 (custom)
2021-03-15 13:21:33,025 [pool-120-thread-1] INFO  server.RaftServerConfigKeys (ConfUtils.java:logGet(44)) - raft.server.log.preallocated.size = 16384 (custom)
2021-03-15 13:21:33,028 [pool-120-thread-1] INFO  server.RaftServerConfigKeys (ConfUtils.java:logGet(44)) - raft.server.log.force.sync.num = 128 (default)
2021-03-15 13:21:33,028 [pool-120-thread-1] INFO  server.RaftServerConfigKeys (ConfUtils.java:logGet(44)) - raft.server.log.statemachine.data.sync = true (default)
2021-03-15 13:21:33,028 [pool-120-thread-1] INFO  server.RaftServerConfigKeys (ConfUtils.java:logGet(44)) - raft.server.log.statemachine.data.sync.timeout = 10s (default)
2021-03-15 13:21:33,028 [pool-120-thread-1] INFO  server.RaftServerConfigKeys (ConfUtils.java:logGet(44)) - raft.server.log.statemachine.data.sync.timeout.retry = -1 (default)
2021-03-15 13:21:33,031 [pool-120-thread-1] INFO  server.RaftServerConfigKeys (ConfUtils.java:logGet(44)) - raft.server.log.write.buffer.size = 1048576 (custom)
2021-03-15 13:21:33,039 [pool-120-thread-1] INFO  server.RaftServerConfigKeys (ConfUtils.java:logGet(44)) - raft.server.log.statemachine.data.caching.enabled = true (custom)
2021-03-15 13:21:33,040 [pool-120-thread-1] INFO  segmented.SegmentedRaftLogWorker (SegmentedRaftLogWorker.java:lambda$new$0(132)) - 490c2edb-ef6d-43f1-a3fc-38f1bdb7d380@group-9EB71483E61B-SegmentedRaftLogWorker: flushIndex: setUnconditionally 0 -> -1
2021-03-15 13:21:33,040 [pool-120-thread-1] INFO  segmented.SegmentedRaftLogWorker (SegmentedRaftLogWorker.java:lambda$new$0(132)) - 490c2edb-ef6d-43f1-a3fc-38f1bdb7d380@group-9EB71483E61B-SegmentedRaftLogWorker: safeCacheEvictIndex: setUnconditionally 0 -> -1
2021-03-15 13:21:33,040 [pool-120-thread-1] INFO  server.RaftServerConfigKeys (ConfUtils.java:logGet(44)) - raft.server.snapshot.auto.trigger.enabled = true (custom)
2021-03-15 13:21:33,040 [pool-120-thread-1] INFO  server.RaftServerConfigKeys (ConfUtils.java:logGet(44)) - raft.server.snapshot.auto.trigger.threshold = 10000 (custom)
2021-03-15 13:21:33,040 [pool-120-thread-1] INFO  server.RaftServerConfigKeys (ConfUtils.java:logGet(44)) - raft.server.snapshot.retention.file.num = 5 (custom)
2021-03-15 13:21:33,040 [pool-120-thread-1] INFO  server.RaftServerConfigKeys (ConfUtils.java:logGet(44)) - raft.server.log.purge.upto.snapshot.index = false (default)
2021-03-15 13:21:33,040 [pool-120-thread-1] INFO  server.RaftServerConfigKeys (ConfUtils.java:logGet(44)) - raft.server.retrycache.expirytime = 600000ms (custom)
2021-03-15 13:21:33,040 [pool-120-thread-1] INFO  server.RaftServerConfigKeys (ConfUtils.java:logGet(44)) - raft.server.retrycache.statistics.expirytime = 100?s (default)
2021-03-15 13:21:33,041 [Command processor thread] INFO  commandhandler.CreatePipelineCommandHandler (CreatePipelineCommandHandler.java:handle(106)) - Created Pipeline RATIS THREE PipelineID=79e449a0-20f2-4382-bd34-184eb8e85b35.
2021-03-15 13:21:33,041 [pool-120-thread-1] INFO  metrics.RatisMetrics (RatisMetrics.java:lambda$create$0(36)) - Creating Metrics Registry : ratis.leader_election.490c2edb-ef6d-43f1-a3fc-38f1bdb7d380@group-9EB71483E61B
2021-03-15 13:21:33,041 [Command processor thread] INFO  commandhandler.CreatePipelineCommandHandler (CreatePipelineCommandHandler.java:handle(106)) - Created Pipeline RATIS THREE PipelineID=1efb9cfa-6e5b-42ab-9bfb-e860d21f6a2b.
2021-03-15 13:21:33,041 [Command processor thread] INFO  server.RaftServer (RaftServerProxy.java:addNew(95)) - 01124cd4-4ace-459c-9f52-5cd7a41fca7c: addNew group-D764FF994818:[01124cd4-4ace-459c-9f52-5cd7a41fca7c|rpc:172.17.0.2:40903|priority:0, 8f544fba-ae2a-4c10-8316-b74b14cffb80|rpc:172.17.0.2:35899|priority:1, 490c2edb-ef6d-43f1-a3fc-38f1bdb7d380|rpc:172.17.0.2:35411|priority:0] returns group-D764FF994818:java.util.concurrent.CompletableFuture@28a57922[Not completed]
2021-03-15 13:21:33,041 [pool-120-thread-1] INFO  metrics.RatisMetrics (RatisMetrics.java:lambda$create$0(36)) - Creating Metrics Registry : ratis.server.490c2edb-ef6d-43f1-a3fc-38f1bdb7d380@group-9EB71483E61B
2021-03-15 13:21:33,042 [pool-120-thread-1] INFO  server.RaftServer$Division (RaftServerImpl.java:start(295)) - 490c2edb-ef6d-43f1-a3fc-38f1bdb7d380@group-9EB71483E61B: start as a follower, conf=-1: [01124cd4-4ace-459c-9f52-5cd7a41fca7c|rpc:172.17.0.2:40903|priority:1, 8f544fba-ae2a-4c10-8316-b74b14cffb80|rpc:172.17.0.2:35899|priority:0, 490c2edb-ef6d-43f1-a3fc-38f1bdb7d380|rpc:172.17.0.2:35411|priority:0], old=null
2021-03-15 13:21:33,042 [pool-120-thread-1] INFO  server.RaftServer$Division (RaftServerImpl.java:setRole(284)) - 490c2edb-ef6d-43f1-a3fc-38f1bdb7d380@group-9EB71483E61B: changes role from      null to FOLLOWER at term 0 for startAsFollower
2021-03-15 13:21:33,042 [pool-120-thread-1] INFO  impl.RoleInfo (RoleInfo.java:updateAndGet(130)) - 490c2edb-ef6d-43f1-a3fc-38f1bdb7d380: start 490c2edb-ef6d-43f1-a3fc-38f1bdb7d380@group-9EB71483E61B-FollowerState
2021-03-15 13:21:33,042 [pool-87-thread-1] INFO  server.RaftServer$Division (RaftServerImpl.java:<init>(180)) - 01124cd4-4ace-459c-9f52-5cd7a41fca7c: new RaftServerImpl for group-D764FF994818:[01124cd4-4ace-459c-9f52-5cd7a41fca7c|rpc:172.17.0.2:40903|priority:0, 8f544fba-ae2a-4c10-8316-b74b14cffb80|rpc:172.17.0.2:35899|priority:1, 490c2edb-ef6d-43f1-a3fc-38f1bdb7d380|rpc:172.17.0.2:35411|priority:0] with ContainerStateMachine:uninitialized
2021-03-15 13:21:33,043 [pool-120-thread-1] INFO  util.JmxRegister (JmxRegister.java:tryRegister(44)) - Successfully registered JMX Bean with object name Ratis:service=RaftServer,group=group-9EB71483E61B,id=490c2edb-ef6d-43f1-a3fc-38f1bdb7d380
2021-03-15 13:21:33,043 [pool-120-thread-1] INFO  metrics.RatisMetrics (RatisMetrics.java:lambda$create$0(36)) - Creating Metrics Registry : ratis.state_machine.490c2edb-ef6d-43f1-a3fc-38f1bdb7d380@group-9EB71483E61B
2021-03-15 13:21:33,043 [pool-87-thread-1] INFO  server.RaftServerConfigKeys (ConfUtils.java:logGet(44)) - raft.server.rpc.timeout.min = 5s (custom)
2021-03-15 13:21:33,043 [pool-87-thread-1] INFO  server.RaftServerConfigKeys (ConfUtils.java:logGet(44)) - raft.server.rpc.timeout.max = 5200ms (custom)
2021-03-15 13:21:33,043 [pool-87-thread-1] INFO  server.RaftServerConfigKeys (ConfUtils.java:logGet(44)) - raft.server.rpc.sleep.time = 25ms (default)
2021-03-15 13:21:33,043 [Listener at 127.0.0.1/41395] INFO  ozone.MiniOzoneClusterImpl (MiniOzoneClusterImpl.java:lambda$waitForClusterToBeReady$0(187)) - Nodes are ready. Got 7 of 7 DN Heartbeats.
2021-03-15 13:21:33,044 [Listener at 127.0.0.1/41395] INFO  ozone.MiniOzoneClusterImpl (MiniOzoneClusterImpl.java:lambda$waitForClusterToBeReady$0(190)) - Waiting for cluster to exit safe mode
2021-03-15 13:21:33,044 [pool-87-thread-1] INFO  server.RaftServerConfigKeys (ConfUtils.java:logGet(44)) - raft.server.rpc.slowness.timeout = 300000ms (custom)
2021-03-15 13:21:33,044 [pool-87-thread-1] INFO  server.RaftServerConfigKeys (ConfUtils.java:logGet(44)) - raft.server.leaderelection.leader.step-down.wait-time = 10s (default)
2021-03-15 13:21:33,044 [pool-87-thread-1] INFO  server.RaftServerConfigKeys (ConfUtils.java:logGet(44)) - raft.server.sleep.deviation.threshold = 300ms (default)
2021-03-15 13:21:33,044 [pool-87-thread-1] INFO  server.RaftServerConfigKeys (ConfUtils.java:logGet(44)) - raft.server.log.appender.install.snapshot.enabled = false (custom)
2021-03-15 13:21:33,044 [pool-87-thread-1] INFO  server.RaftServer$Division (ServerState.java:<init>(105)) - 01124cd4-4ace-459c-9f52-5cd7a41fca7c@group-D764FF994818: ConfigurationManager, init=-1: [01124cd4-4ace-459c-9f52-5cd7a41fca7c|rpc:172.17.0.2:40903|priority:0, 8f544fba-ae2a-4c10-8316-b74b14cffb80|rpc:172.17.0.2:35899|priority:1, 490c2edb-ef6d-43f1-a3fc-38f1bdb7d380|rpc:172.17.0.2:35411|priority:0], old=null, confs=<EMPTY_MAP>
2021-03-15 13:21:33,044 [pool-87-thread-1] INFO  server.RaftServerConfigKeys (ConfUtils.java:logGet(44)) - raft.server.storage.dir = [/github/workspace/mnt/ozone/hadoop-ozone/integration-test/target/test-dir/MiniOzoneClusterImpl-10170ce6-1bcb-4b6c-85b7-fb1f14fc7e79/datanode-3/data/ratis] (custom)
2021-03-15 13:21:33,044 [pool-87-thread-1] INFO  server.RaftServerConfigKeys (ConfUtils.java:logGet(44)) - raft.server.log.corruption.policy = EXCEPTION (default)
2021-03-15 13:21:33,045 [pool-87-thread-1] INFO  storage.RaftStorageDirectory (RaftStorageDirectoryImpl.java:analyzeStorage(132)) - The storage directory /github/workspace/mnt/ozone/hadoop-ozone/integration-test/target/test-dir/MiniOzoneClusterImpl-10170ce6-1bcb-4b6c-85b7-fb1f14fc7e79/datanode-3/data/ratis/a8a0e27c-b300-4a92-8e30-d764ff994818 does not exist. Creating ...
2021-03-15 13:21:33,047 [Command processor thread] INFO  metrics.RatisMetrics (RatisMetrics.java:lambda$create$0(36)) - Creating Metrics Registry : ratis.client_message_metrics.client-72E91D512D52->01124cd4-4ace-459c-9f52-5cd7a41fca7c
2021-03-15 13:21:33,051 [pool-87-thread-1] INFO  storage.RaftStorageDirectory (RaftStorageDirectoryImpl.java:tryLock(215)) - Lock on /github/workspace/mnt/ozone/hadoop-ozone/integration-test/target/test-dir/MiniOzoneClusterImpl-10170ce6-1bcb-4b6c-85b7-fb1f14fc7e79/datanode-3/data/ratis/a8a0e27c-b300-4a92-8e30-d764ff994818/in_use.lock acquired by nodename 8797@287f2862ff4e
2021-03-15 13:21:33,052 [pool-87-thread-1] INFO  storage.RaftStorage (RaftStorageImpl.java:format(87)) - Storage directory /github/workspace/mnt/ozone/hadoop-ozone/integration-test/target/test-dir/MiniOzoneClusterImpl-10170ce6-1bcb-4b6c-85b7-fb1f14fc7e79/datanode-3/data/ratis/a8a0e27c-b300-4a92-8e30-d764ff994818 has been successfully formatted.
2021-03-15 13:21:33,061 [pool-87-thread-1] INFO  ratis.ContainerStateMachine (ContainerStateMachine.java:loadSnapshot(223)) - group-D764FF994818: The snapshot info is null. Setting the last applied indexto:(t:0, i:~)
2021-03-15 13:21:33,061 [pool-87-thread-1] ERROR storage.RaftStorage (RaftStorageImpl.java:readRaftConfiguration(147)) - Failed reading configuration from file:/github/workspace/mnt/ozone/hadoop-ozone/integration-test/target/test-dir/MiniOzoneClusterImpl-10170ce6-1bcb-4b6c-85b7-fb1f14fc7e79/datanode-3/data/ratis/a8a0e27c-b300-4a92-8e30-d764ff994818/current/raft-meta.conf
java.io.FileNotFoundException: /github/workspace/mnt/ozone/hadoop-ozone/integration-test/target/test-dir/MiniOzoneClusterImpl-10170ce6-1bcb-4b6c-85b7-fb1f14fc7e79/datanode-3/data/ratis/a8a0e27c-b300-4a92-8e30-d764ff994818/current/raft-meta.conf (No such file or directory)
	at java.io.FileInputStream.open0(Native Method)
	at java.io.FileInputStream.open(FileInputStream.java:195)
	at java.io.FileInputStream.<init>(FileInputStream.java:138)
	at org.apache.ratis.server.storage.RaftStorageImpl.readRaftConfiguration(RaftStorageImpl.java:143)
	at org.apache.ratis.server.impl.ServerState.<init>(ServerState.java:122)
	at org.apache.ratis.server.impl.RaftServerImpl.<init>(RaftServerImpl.java:193)
	at org.apache.ratis.server.impl.RaftServerProxy.lambda$newRaftServerImpl$4(RaftServerProxy.java:266)
	at java.util.concurrent.CompletableFuture$AsyncSupply.run(CompletableFuture.java:1604)
	at java.util.concurrent.ThreadPoolExecutor.runWorker(ThreadPoolExecutor.java:1149)
	at java.util.concurrent.ThreadPoolExecutor$Worker.run(ThreadPoolExecutor.java:624)
	at java.lang.Thread.run(Thread.java:748)
2021-03-15 13:21:33,062 [pool-87-thread-1] INFO  server.RaftServerConfigKeys (ConfUtils.java:logGet(44)) - raft.server.notification.no-leader.timeout = 300000ms (custom)
2021-03-15 13:21:33,062 [pool-87-thread-1] INFO  server.RaftServerConfigKeys (ConfUtils.java:logGet(44)) - raft.server.log.use.memory = false (default)
2021-03-15 13:21:33,062 [pool-87-thread-1] INFO  server.RaftServerConfigKeys (ConfUtils.java:logGet(44)) - raft.server.log.purge.gap = 1000000 (custom)
2021-03-15 13:21:33,062 [pool-87-thread-1] INFO  server.RaftServerConfigKeys (ConfUtils.java:logGet(44)) - raft.server.log.appender.buffer.byte-limit = 33554432 (custom)
2021-03-15 13:21:33,062 [pool-87-thread-1] INFO  metrics.RatisMetrics (RatisMetrics.java:lambda$create$0(36)) - Creating Metrics Registry : ratis.log_worker.01124cd4-4ace-459c-9f52-5cd7a41fca7c@group-D764FF994818
2021-03-15 13:21:33,062 [pool-87-thread-1] INFO  server.RaftServerConfigKeys (ConfUtils.java:logGet(44)) - raft.server.log.segment.size.max = 1048576 (custom)
2021-03-15 13:21:33,063 [pool-87-thread-1] INFO  server.RaftServerConfigKeys (ConfUtils.java:logGet(44)) - raft.server.log.segment.cache.num.max = 2 (custom)
2021-03-15 13:21:33,063 [pool-87-thread-1] INFO  server.RaftServerConfigKeys (ConfUtils.java:logGet(44)) - raft.server.log.segment.cache.size.max = 200MB (=209715200) (default)
2021-03-15 13:21:33,064 [pool-87-thread-1] INFO  segmented.SegmentedRaftLogWorker (SegmentedRaftLogWorker.java:<init>(181)) - new 01124cd4-4ace-459c-9f52-5cd7a41fca7c@group-D764FF994818-SegmentedRaftLogWorker for RaftStorageImpl:Storage Directory /github/workspace/mnt/ozone/hadoop-ozone/integration-test/target/test-dir/MiniOzoneClusterImpl-10170ce6-1bcb-4b6c-85b7-fb1f14fc7e79/datanode-3/data/ratis/a8a0e27c-b300-4a92-8e30-d764ff994818
2021-03-15 13:21:33,064 [pool-87-thread-1] INFO  server.RaftServerConfigKeys (ConfUtils.java:logGet(44)) - raft.server.log.queue.byte-limit = 2147483647 (custom)
2021-03-15 13:21:33,064 [pool-87-thread-1] INFO  server.RaftServerConfigKeys (ConfUtils.java:logGet(44)) - raft.server.log.queue.element-limit = 1024 (custom)
2021-03-15 13:21:33,064 [pool-87-thread-1] INFO  server.RaftServerConfigKeys (ConfUtils.java:logGet(44)) - raft.server.log.segment.size.max = 1048576 (custom)
2021-03-15 13:21:33,064 [pool-87-thread-1] INFO  server.RaftServerConfigKeys (ConfUtils.java:logGet(44)) - raft.server.log.preallocated.size = 16384 (custom)
2021-03-15 13:21:33,064 [pool-87-thread-1] INFO  server.RaftServerConfigKeys (ConfUtils.java:logGet(44)) - raft.server.log.force.sync.num = 128 (default)
2021-03-15 13:21:33,064 [pool-87-thread-1] INFO  server.RaftServerConfigKeys (ConfUtils.java:logGet(44)) - raft.server.log.statemachine.data.sync = true (default)
2021-03-15 13:21:33,064 [pool-87-thread-1] INFO  server.RaftServerConfigKeys (ConfUtils.java:logGet(44)) - raft.server.log.statemachine.data.sync.timeout = 10s (default)
2021-03-15 13:21:33,064 [pool-87-thread-1] INFO  server.RaftServerConfigKeys (ConfUtils.java:logGet(44)) - raft.server.log.statemachine.data.sync.timeout.retry = -1 (default)
2021-03-15 13:21:33,066 [EventQueue-PipelineReportForOneReplicaPipelineSafeModeRule] INFO  safemode.SCMSafeModeManager (SCMSafeModeManager.java:validateSafeModeExitRules(214)) - AtleastOneDatanodeReportedRule rule is successfully validated
2021-03-15 13:21:33,066 [EventQueue-OpenPipelineForHealthyPipelineSafeModeRule] INFO  safemode.SCMSafeModeManager (HealthyPipelineSafeModeRule.java:process(128)) - SCM in safe mode. Healthy pipelines reported count is 0, required healthy pipeline reported count is 1
2021-03-15 13:21:33,066 [Command processor thread] INFO  server.RaftServer (RaftServerProxy.java:addNew(95)) - fe63c344-5a2d-4322-bbac-49268a0984bd: addNew group-591F5D79C43E:[fe63c344-5a2d-4322-bbac-49268a0984bd|rpc:172.17.0.2:42479|priority:1] returns group-591F5D79C43E:java.util.concurrent.CompletableFuture@32d0833e[Not completed]
2021-03-15 13:21:33,076 [pool-135-thread-1] INFO  server.RaftServer$Division (RaftServerImpl.java:<init>(180)) - fe63c344-5a2d-4322-bbac-49268a0984bd: new RaftServerImpl for group-591F5D79C43E:[fe63c344-5a2d-4322-bbac-49268a0984bd|rpc:172.17.0.2:42479|priority:1] with ContainerStateMachine:uninitialized
2021-03-15 13:21:33,077 [pool-135-thread-1] INFO  server.RaftServerConfigKeys (ConfUtils.java:logGet(44)) - raft.server.rpc.timeout.min = 5s (custom)
2021-03-15 13:21:33,077 [pool-135-thread-1] INFO  server.RaftServerConfigKeys (ConfUtils.java:logGet(44)) - raft.server.rpc.timeout.max = 5200ms (custom)
2021-03-15 13:21:33,077 [pool-135-thread-1] INFO  server.RaftServerConfigKeys (ConfUtils.java:logGet(44)) - raft.server.rpc.sleep.time = 25ms (default)
2021-03-15 13:21:33,077 [pool-135-thread-1] INFO  server.RaftServerConfigKeys (ConfUtils.java:logGet(44)) - raft.server.rpc.slowness.timeout = 300000ms (custom)
2021-03-15 13:21:33,077 [pool-135-thread-1] INFO  server.RaftServerConfigKeys (ConfUtils.java:logGet(44)) - raft.server.leaderelection.leader.step-down.wait-time = 10s (default)
2021-03-15 13:21:33,077 [pool-135-thread-1] INFO  server.RaftServerConfigKeys (ConfUtils.java:logGet(44)) - raft.server.sleep.deviation.threshold = 300ms (default)
2021-03-15 13:21:33,077 [pool-135-thread-1] INFO  server.RaftServerConfigKeys (ConfUtils.java:logGet(44)) - raft.server.log.appender.install.snapshot.enabled = false (custom)
2021-03-15 13:21:33,077 [pool-135-thread-1] INFO  server.RaftServer$Division (ServerState.java:<init>(105)) - fe63c344-5a2d-4322-bbac-49268a0984bd@group-591F5D79C43E: ConfigurationManager, init=-1: [fe63c344-5a2d-4322-bbac-49268a0984bd|rpc:172.17.0.2:42479|priority:1], old=null, confs=<EMPTY_MAP>
2021-03-15 13:21:33,077 [pool-135-thread-1] INFO  server.RaftServerConfigKeys (ConfUtils.java:logGet(44)) - raft.server.storage.dir = [/github/workspace/mnt/ozone/hadoop-ozone/integration-test/target/test-dir/MiniOzoneClusterImpl-10170ce6-1bcb-4b6c-85b7-fb1f14fc7e79/datanode-6/data/ratis] (custom)
2021-03-15 13:21:33,078 [pool-135-thread-1] INFO  server.RaftServerConfigKeys (ConfUtils.java:logGet(44)) - raft.server.log.corruption.policy = EXCEPTION (default)
2021-03-15 13:21:33,078 [pool-135-thread-1] INFO  storage.RaftStorageDirectory (RaftStorageDirectoryImpl.java:analyzeStorage(132)) - The storage directory /github/workspace/mnt/ozone/hadoop-ozone/integration-test/target/test-dir/MiniOzoneClusterImpl-10170ce6-1bcb-4b6c-85b7-fb1f14fc7e79/datanode-6/data/ratis/b5a766e5-df5d-49f1-bf01-591f5d79c43e does not exist. Creating ...
2021-03-15 13:21:33,080 [pool-87-thread-1] INFO  server.RaftServerConfigKeys (ConfUtils.java:logGet(44)) - raft.server.log.write.buffer.size = 1048576 (custom)
2021-03-15 13:21:33,081 [pool-87-thread-1] INFO  server.RaftServerConfigKeys (ConfUtils.java:logGet(44)) - raft.server.log.statemachine.data.caching.enabled = true (custom)
2021-03-15 13:21:33,081 [pool-87-thread-1] INFO  segmented.SegmentedRaftLogWorker (SegmentedRaftLogWorker.java:lambda$new$0(132)) - 01124cd4-4ace-459c-9f52-5cd7a41fca7c@group-D764FF994818-SegmentedRaftLogWorker: flushIndex: setUnconditionally 0 -> -1
2021-03-15 13:21:33,081 [pool-87-thread-1] INFO  segmented.SegmentedRaftLogWorker (SegmentedRaftLogWorker.java:lambda$new$0(132)) - 01124cd4-4ace-459c-9f52-5cd7a41fca7c@group-D764FF994818-SegmentedRaftLogWorker: safeCacheEvictIndex: setUnconditionally 0 -> -1
2021-03-15 13:21:33,081 [pool-87-thread-1] INFO  server.RaftServerConfigKeys (ConfUtils.java:logGet(44)) - raft.server.snapshot.auto.trigger.enabled = true (custom)
2021-03-15 13:21:33,082 [pool-87-thread-1] INFO  server.RaftServerConfigKeys (ConfUtils.java:logGet(44)) - raft.server.snapshot.auto.trigger.threshold = 10000 (custom)
2021-03-15 13:21:33,082 [pool-87-thread-1] INFO  server.RaftServerConfigKeys (ConfUtils.java:logGet(44)) - raft.server.snapshot.retention.file.num = 5 (custom)
2021-03-15 13:21:33,082 [pool-87-thread-1] INFO  server.RaftServerConfigKeys (ConfUtils.java:logGet(44)) - raft.server.log.purge.upto.snapshot.index = false (default)
2021-03-15 13:21:33,082 [pool-87-thread-1] INFO  server.RaftServerConfigKeys (ConfUtils.java:logGet(44)) - raft.server.retrycache.expirytime = 600000ms (custom)
2021-03-15 13:21:33,082 [pool-87-thread-1] INFO  server.RaftServerConfigKeys (ConfUtils.java:logGet(44)) - raft.server.retrycache.statistics.expirytime = 100?s (default)
2021-03-15 13:21:33,082 [pool-87-thread-1] INFO  metrics.RatisMetrics (RatisMetrics.java:lambda$create$0(36)) - Creating Metrics Registry : ratis.leader_election.01124cd4-4ace-459c-9f52-5cd7a41fca7c@group-D764FF994818
2021-03-15 13:21:33,082 [pool-87-thread-1] INFO  metrics.RatisMetrics (RatisMetrics.java:lambda$create$0(36)) - Creating Metrics Registry : ratis.server.01124cd4-4ace-459c-9f52-5cd7a41fca7c@group-D764FF994818
2021-03-15 13:21:33,083 [Command processor thread] INFO  commandhandler.CreatePipelineCommandHandler (CreatePipelineCommandHandler.java:handle(106)) - Created Pipeline RATIS THREE PipelineID=3131fd0c-3f52-4949-b04d-9eb71483e61b.
2021-03-15 13:21:33,083 [Command processor thread] INFO  server.RaftServer (RaftServerProxy.java:addNew(95)) - 8f544fba-ae2a-4c10-8316-b74b14cffb80: addNew group-D764FF994818:[01124cd4-4ace-459c-9f52-5cd7a41fca7c|rpc:172.17.0.2:40903|priority:0, 8f544fba-ae2a-4c10-8316-b74b14cffb80|rpc:172.17.0.2:35899|priority:1, 490c2edb-ef6d-43f1-a3fc-38f1bdb7d380|rpc:172.17.0.2:35411|priority:0] returns group-D764FF994818:java.util.concurrent.CompletableFuture@37c0108e[Not completed]
2021-03-15 13:21:33,083 [pool-87-thread-1] INFO  server.RaftServer$Division (RaftServerImpl.java:start(295)) - 01124cd4-4ace-459c-9f52-5cd7a41fca7c@group-D764FF994818: start as a follower, conf=-1: [01124cd4-4ace-459c-9f52-5cd7a41fca7c|rpc:172.17.0.2:40903|priority:0, 8f544fba-ae2a-4c10-8316-b74b14cffb80|rpc:172.17.0.2:35899|priority:1, 490c2edb-ef6d-43f1-a3fc-38f1bdb7d380|rpc:172.17.0.2:35411|priority:0], old=null
2021-03-15 13:21:33,083 [pool-87-thread-1] INFO  server.RaftServer$Division (RaftServerImpl.java:setRole(284)) - 01124cd4-4ace-459c-9f52-5cd7a41fca7c@group-D764FF994818: changes role from      null to FOLLOWER at term 0 for startAsFollower
2021-03-15 13:21:33,083 [pool-87-thread-1] INFO  impl.RoleInfo (RoleInfo.java:updateAndGet(130)) - 01124cd4-4ace-459c-9f52-5cd7a41fca7c: start 01124cd4-4ace-459c-9f52-5cd7a41fca7c@group-D764FF994818-FollowerState
2021-03-15 13:21:33,084 [pool-104-thread-1] INFO  server.RaftServer$Division (RaftServerImpl.java:<init>(180)) - 8f544fba-ae2a-4c10-8316-b74b14cffb80: new RaftServerImpl for group-D764FF994818:[01124cd4-4ace-459c-9f52-5cd7a41fca7c|rpc:172.17.0.2:40903|priority:0, 8f544fba-ae2a-4c10-8316-b74b14cffb80|rpc:172.17.0.2:35899|priority:1, 490c2edb-ef6d-43f1-a3fc-38f1bdb7d380|rpc:172.17.0.2:35411|priority:0] with ContainerStateMachine:uninitialized
2021-03-15 13:21:33,084 [pool-104-thread-1] INFO  server.RaftServerConfigKeys (ConfUtils.java:logGet(44)) - raft.server.rpc.timeout.min = 5s (custom)
2021-03-15 13:21:33,084 [pool-104-thread-1] INFO  server.RaftServerConfigKeys (ConfUtils.java:logGet(44)) - raft.server.rpc.timeout.max = 5200ms (custom)
2021-03-15 13:21:33,084 [pool-104-thread-1] INFO  server.RaftServerConfigKeys (ConfUtils.java:logGet(44)) - raft.server.rpc.sleep.time = 25ms (default)
2021-03-15 13:21:33,084 [pool-104-thread-1] INFO  server.RaftServerConfigKeys (ConfUtils.java:logGet(44)) - raft.server.rpc.slowness.timeout = 300000ms (custom)
2021-03-15 13:21:33,084 [pool-104-thread-1] INFO  server.RaftServerConfigKeys (ConfUtils.java:logGet(44)) - raft.server.leaderelection.leader.step-down.wait-time = 10s (default)
2021-03-15 13:21:33,084 [pool-104-thread-1] INFO  server.RaftServerConfigKeys (ConfUtils.java:logGet(44)) - raft.server.sleep.deviation.threshold = 300ms (default)
2021-03-15 13:21:33,084 [pool-104-thread-1] INFO  server.RaftServerConfigKeys (ConfUtils.java:logGet(44)) - raft.server.log.appender.install.snapshot.enabled = false (custom)
2021-03-15 13:21:33,084 [pool-104-thread-1] INFO  server.RaftServer$Division (ServerState.java:<init>(105)) - 8f544fba-ae2a-4c10-8316-b74b14cffb80@group-D764FF994818: ConfigurationManager, init=-1: [01124cd4-4ace-459c-9f52-5cd7a41fca7c|rpc:172.17.0.2:40903|priority:0, 8f544fba-ae2a-4c10-8316-b74b14cffb80|rpc:172.17.0.2:35899|priority:1, 490c2edb-ef6d-43f1-a3fc-38f1bdb7d380|rpc:172.17.0.2:35411|priority:0], old=null, confs=<EMPTY_MAP>
2021-03-15 13:21:33,085 [pool-104-thread-1] INFO  server.RaftServerConfigKeys (ConfUtils.java:logGet(44)) - raft.server.storage.dir = [/github/workspace/mnt/ozone/hadoop-ozone/integration-test/target/test-dir/MiniOzoneClusterImpl-10170ce6-1bcb-4b6c-85b7-fb1f14fc7e79/datanode-4/data/ratis] (custom)
2021-03-15 13:21:33,085 [pool-104-thread-1] INFO  server.RaftServerConfigKeys (ConfUtils.java:logGet(44)) - raft.server.log.corruption.policy = EXCEPTION (default)
2021-03-15 13:21:33,085 [pool-104-thread-1] INFO  storage.RaftStorageDirectory (RaftStorageDirectoryImpl.java:analyzeStorage(132)) - The storage directory /github/workspace/mnt/ozone/hadoop-ozone/integration-test/target/test-dir/MiniOzoneClusterImpl-10170ce6-1bcb-4b6c-85b7-fb1f14fc7e79/datanode-4/data/ratis/a8a0e27c-b300-4a92-8e30-d764ff994818 does not exist. Creating ...
2021-03-15 13:21:33,086 [pool-135-thread-1] INFO  storage.RaftStorageDirectory (RaftStorageDirectoryImpl.java:tryLock(215)) - Lock on /github/workspace/mnt/ozone/hadoop-ozone/integration-test/target/test-dir/MiniOzoneClusterImpl-10170ce6-1bcb-4b6c-85b7-fb1f14fc7e79/datanode-6/data/ratis/b5a766e5-df5d-49f1-bf01-591f5d79c43e/in_use.lock acquired by nodename 8797@287f2862ff4e
2021-03-15 13:21:33,086 [pool-104-thread-1] INFO  storage.RaftStorageDirectory (RaftStorageDirectoryImpl.java:tryLock(215)) - Lock on /github/workspace/mnt/ozone/hadoop-ozone/integration-test/target/test-dir/MiniOzoneClusterImpl-10170ce6-1bcb-4b6c-85b7-fb1f14fc7e79/datanode-4/data/ratis/a8a0e27c-b300-4a92-8e30-d764ff994818/in_use.lock acquired by nodename 8797@287f2862ff4e
2021-03-15 13:21:33,088 [pool-104-thread-1] INFO  storage.RaftStorage (RaftStorageImpl.java:format(87)) - Storage directory /github/workspace/mnt/ozone/hadoop-ozone/integration-test/target/test-dir/MiniOzoneClusterImpl-10170ce6-1bcb-4b6c-85b7-fb1f14fc7e79/datanode-4/data/ratis/a8a0e27c-b300-4a92-8e30-d764ff994818 has been successfully formatted.
2021-03-15 13:21:33,089 [pool-87-thread-1] INFO  util.JmxRegister (JmxRegister.java:tryRegister(44)) - Successfully registered JMX Bean with object name Ratis:service=RaftServer,group=group-D764FF994818,id=01124cd4-4ace-459c-9f52-5cd7a41fca7c
2021-03-15 13:21:33,089 [pool-87-thread-1] INFO  metrics.RatisMetrics (RatisMetrics.java:lambda$create$0(36)) - Creating Metrics Registry : ratis.state_machine.01124cd4-4ace-459c-9f52-5cd7a41fca7c@group-D764FF994818
2021-03-15 13:21:33,089 [pool-135-thread-1] INFO  storage.RaftStorage (RaftStorageImpl.java:format(87)) - Storage directory /github/workspace/mnt/ozone/hadoop-ozone/integration-test/target/test-dir/MiniOzoneClusterImpl-10170ce6-1bcb-4b6c-85b7-fb1f14fc7e79/datanode-6/data/ratis/b5a766e5-df5d-49f1-bf01-591f5d79c43e has been successfully formatted.
2021-03-15 13:21:33,093 [Command processor thread] INFO  metrics.RatisMetrics (RatisMetrics.java:lambda$create$0(36)) - Creating Metrics Registry : ratis.client_message_metrics.client-FE4DE4DAD387->8f544fba-ae2a-4c10-8316-b74b14cffb80
2021-03-15 13:21:33,097 [pool-104-thread-1] INFO  ratis.ContainerStateMachine (ContainerStateMachine.java:loadSnapshot(223)) - group-D764FF994818: The snapshot info is null. Setting the last applied indexto:(t:0, i:~)
2021-03-15 13:21:33,098 [pool-104-thread-1] ERROR storage.RaftStorage (RaftStorageImpl.java:readRaftConfiguration(147)) - Failed reading configuration from file:/github/workspace/mnt/ozone/hadoop-ozone/integration-test/target/test-dir/MiniOzoneClusterImpl-10170ce6-1bcb-4b6c-85b7-fb1f14fc7e79/datanode-4/data/ratis/a8a0e27c-b300-4a92-8e30-d764ff994818/current/raft-meta.conf
java.io.FileNotFoundException: /github/workspace/mnt/ozone/hadoop-ozone/integration-test/target/test-dir/MiniOzoneClusterImpl-10170ce6-1bcb-4b6c-85b7-fb1f14fc7e79/datanode-4/data/ratis/a8a0e27c-b300-4a92-8e30-d764ff994818/current/raft-meta.conf (No such file or directory)
	at java.io.FileInputStream.open0(Native Method)
	at java.io.FileInputStream.open(FileInputStream.java:195)
	at java.io.FileInputStream.<init>(FileInputStream.java:138)
	at org.apache.ratis.server.storage.RaftStorageImpl.readRaftConfiguration(RaftStorageImpl.java:143)
	at org.apache.ratis.server.impl.ServerState.<init>(ServerState.java:122)
	at org.apache.ratis.server.impl.RaftServerImpl.<init>(RaftServerImpl.java:193)
	at org.apache.ratis.server.impl.RaftServerProxy.lambda$newRaftServerImpl$4(RaftServerProxy.java:266)
	at java.util.concurrent.CompletableFuture$AsyncSupply.run(CompletableFuture.java:1604)
	at java.util.concurrent.ThreadPoolExecutor.runWorker(ThreadPoolExecutor.java:1149)
	at java.util.concurrent.ThreadPoolExecutor$Worker.run(ThreadPoolExecutor.java:624)
	at java.lang.Thread.run(Thread.java:748)
2021-03-15 13:21:33,098 [pool-104-thread-1] INFO  server.RaftServerConfigKeys (ConfUtils.java:logGet(44)) - raft.server.notification.no-leader.timeout = 300000ms (custom)
2021-03-15 13:21:33,098 [pool-104-thread-1] INFO  server.RaftServerConfigKeys (ConfUtils.java:logGet(44)) - raft.server.log.use.memory = false (default)
2021-03-15 13:21:33,098 [pool-104-thread-1] INFO  server.RaftServerConfigKeys (ConfUtils.java:logGet(44)) - raft.server.log.purge.gap = 1000000 (custom)
2021-03-15 13:21:33,098 [pool-104-thread-1] INFO  server.RaftServerConfigKeys (ConfUtils.java:logGet(44)) - raft.server.log.appender.buffer.byte-limit = 33554432 (custom)
2021-03-15 13:21:33,098 [pool-104-thread-1] INFO  metrics.RatisMetrics (RatisMetrics.java:lambda$create$0(36)) - Creating Metrics Registry : ratis.log_worker.8f544fba-ae2a-4c10-8316-b74b14cffb80@group-D764FF994818
2021-03-15 13:21:33,098 [pool-104-thread-1] INFO  server.RaftServerConfigKeys (ConfUtils.java:logGet(44)) - raft.server.log.segment.size.max = 1048576 (custom)
2021-03-15 13:21:33,099 [pool-104-thread-1] INFO  server.RaftServerConfigKeys (ConfUtils.java:logGet(44)) - raft.server.log.segment.cache.num.max = 2 (custom)
2021-03-15 13:21:33,099 [pool-104-thread-1] INFO  server.RaftServerConfigKeys (ConfUtils.java:logGet(44)) - raft.server.log.segment.cache.size.max = 200MB (=209715200) (default)
2021-03-15 13:21:33,099 [pool-104-thread-1] INFO  segmented.SegmentedRaftLogWorker (SegmentedRaftLogWorker.java:<init>(181)) - new 8f544fba-ae2a-4c10-8316-b74b14cffb80@group-D764FF994818-SegmentedRaftLogWorker for RaftStorageImpl:Storage Directory /github/workspace/mnt/ozone/hadoop-ozone/integration-test/target/test-dir/MiniOzoneClusterImpl-10170ce6-1bcb-4b6c-85b7-fb1f14fc7e79/datanode-4/data/ratis/a8a0e27c-b300-4a92-8e30-d764ff994818
2021-03-15 13:21:33,099 [pool-104-thread-1] INFO  server.RaftServerConfigKeys (ConfUtils.java:logGet(44)) - raft.server.log.queue.byte-limit = 2147483647 (custom)
2021-03-15 13:21:33,099 [pool-104-thread-1] INFO  server.RaftServerConfigKeys (ConfUtils.java:logGet(44)) - raft.server.log.queue.element-limit = 1024 (custom)
2021-03-15 13:21:33,099 [EventQueue-PipelineReportForOneReplicaPipelineSafeModeRule] INFO  safemode.SCMSafeModeManager (SCMSafeModeManager.java:validateSafeModeExitRules(214)) - AtleastOneDatanodeReportedRule rule is successfully validated
2021-03-15 13:21:33,100 [EventQueue-OpenPipelineForHealthyPipelineSafeModeRule] INFO  safemode.SCMSafeModeManager (HealthyPipelineSafeModeRule.java:process(128)) - SCM in safe mode. Healthy pipelines reported count is 0, required healthy pipeline reported count is 1
2021-03-15 13:21:33,099 [pool-104-thread-1] INFO  server.RaftServerConfigKeys (ConfUtils.java:logGet(44)) - raft.server.log.segment.size.max = 1048576 (custom)
2021-03-15 13:21:33,100 [pool-104-thread-1] INFO  server.RaftServerConfigKeys (ConfUtils.java:logGet(44)) - raft.server.log.preallocated.size = 16384 (custom)
2021-03-15 13:21:33,100 [pool-104-thread-1] INFO  server.RaftServerConfigKeys (ConfUtils.java:logGet(44)) - raft.server.log.force.sync.num = 128 (default)
2021-03-15 13:21:33,100 [pool-104-thread-1] INFO  server.RaftServerConfigKeys (ConfUtils.java:logGet(44)) - raft.server.log.statemachine.data.sync = true (default)
2021-03-15 13:21:33,100 [pool-104-thread-1] INFO  server.RaftServerConfigKeys (ConfUtils.java:logGet(44)) - raft.server.log.statemachine.data.sync.timeout = 10s (default)
2021-03-15 13:21:33,100 [pool-104-thread-1] INFO  server.RaftServerConfigKeys (ConfUtils.java:logGet(44)) - raft.server.log.statemachine.data.sync.timeout.retry = -1 (default)
2021-03-15 13:21:33,101 [pool-135-thread-1] INFO  ratis.ContainerStateMachine (ContainerStateMachine.java:loadSnapshot(223)) - group-591F5D79C43E: The snapshot info is null. Setting the last applied indexto:(t:0, i:~)
2021-03-15 13:21:33,101 [pool-135-thread-1] ERROR storage.RaftStorage (RaftStorageImpl.java:readRaftConfiguration(147)) - Failed reading configuration from file:/github/workspace/mnt/ozone/hadoop-ozone/integration-test/target/test-dir/MiniOzoneClusterImpl-10170ce6-1bcb-4b6c-85b7-fb1f14fc7e79/datanode-6/data/ratis/b5a766e5-df5d-49f1-bf01-591f5d79c43e/current/raft-meta.conf
java.io.FileNotFoundException: /github/workspace/mnt/ozone/hadoop-ozone/integration-test/target/test-dir/MiniOzoneClusterImpl-10170ce6-1bcb-4b6c-85b7-fb1f14fc7e79/datanode-6/data/ratis/b5a766e5-df5d-49f1-bf01-591f5d79c43e/current/raft-meta.conf (No such file or directory)
	at java.io.FileInputStream.open0(Native Method)
	at java.io.FileInputStream.open(FileInputStream.java:195)
	at java.io.FileInputStream.<init>(FileInputStream.java:138)
	at org.apache.ratis.server.storage.RaftStorageImpl.readRaftConfiguration(RaftStorageImpl.java:143)
	at org.apache.ratis.server.impl.ServerState.<init>(ServerState.java:122)
	at org.apache.ratis.server.impl.RaftServerImpl.<init>(RaftServerImpl.java:193)
	at org.apache.ratis.server.impl.RaftServerProxy.lambda$newRaftServerImpl$4(RaftServerProxy.java:266)
	at java.util.concurrent.CompletableFuture$AsyncSupply.run(CompletableFuture.java:1604)
	at java.util.concurrent.ThreadPoolExecutor.runWorker(ThreadPoolExecutor.java:1149)
	at java.util.concurrent.ThreadPoolExecutor$Worker.run(ThreadPoolExecutor.java:624)
	at java.lang.Thread.run(Thread.java:748)
2021-03-15 13:21:33,102 [pool-135-thread-1] INFO  server.RaftServerConfigKeys (ConfUtils.java:logGet(44)) - raft.server.notification.no-leader.timeout = 300000ms (custom)
2021-03-15 13:21:33,102 [pool-135-thread-1] INFO  server.RaftServerConfigKeys (ConfUtils.java:logGet(44)) - raft.server.log.use.memory = false (default)
2021-03-15 13:21:33,103 [pool-135-thread-1] INFO  server.RaftServerConfigKeys (ConfUtils.java:logGet(44)) - raft.server.log.purge.gap = 1000000 (custom)
2021-03-15 13:21:33,103 [pool-135-thread-1] INFO  server.RaftServerConfigKeys (ConfUtils.java:logGet(44)) - raft.server.log.appender.buffer.byte-limit = 33554432 (custom)
2021-03-15 13:21:33,103 [pool-135-thread-1] INFO  metrics.RatisMetrics (RatisMetrics.java:lambda$create$0(36)) - Creating Metrics Registry : ratis.log_worker.fe63c344-5a2d-4322-bbac-49268a0984bd@group-591F5D79C43E
2021-03-15 13:21:33,103 [pool-135-thread-1] INFO  server.RaftServerConfigKeys (ConfUtils.java:logGet(44)) - raft.server.log.segment.size.max = 1048576 (custom)
2021-03-15 13:21:33,103 [pool-135-thread-1] INFO  server.RaftServerConfigKeys (ConfUtils.java:logGet(44)) - raft.server.log.segment.cache.num.max = 2 (custom)
2021-03-15 13:21:33,103 [pool-135-thread-1] INFO  server.RaftServerConfigKeys (ConfUtils.java:logGet(44)) - raft.server.log.segment.cache.size.max = 200MB (=209715200) (default)
2021-03-15 13:21:33,103 [pool-135-thread-1] INFO  segmented.SegmentedRaftLogWorker (SegmentedRaftLogWorker.java:<init>(181)) - new fe63c344-5a2d-4322-bbac-49268a0984bd@group-591F5D79C43E-SegmentedRaftLogWorker for RaftStorageImpl:Storage Directory /github/workspace/mnt/ozone/hadoop-ozone/integration-test/target/test-dir/MiniOzoneClusterImpl-10170ce6-1bcb-4b6c-85b7-fb1f14fc7e79/datanode-6/data/ratis/b5a766e5-df5d-49f1-bf01-591f5d79c43e
2021-03-15 13:21:33,104 [pool-135-thread-1] INFO  server.RaftServerConfigKeys (ConfUtils.java:logGet(44)) - raft.server.log.queue.byte-limit = 2147483647 (custom)
2021-03-15 13:21:33,104 [pool-135-thread-1] INFO  server.RaftServerConfigKeys (ConfUtils.java:logGet(44)) - raft.server.log.queue.element-limit = 1024 (custom)
2021-03-15 13:21:33,104 [pool-135-thread-1] INFO  server.RaftServerConfigKeys (ConfUtils.java:logGet(44)) - raft.server.log.segment.size.max = 1048576 (custom)
2021-03-15 13:21:33,104 [pool-135-thread-1] INFO  server.RaftServerConfigKeys (ConfUtils.java:logGet(44)) - raft.server.log.preallocated.size = 16384 (custom)
2021-03-15 13:21:33,104 [pool-135-thread-1] INFO  server.RaftServerConfigKeys (ConfUtils.java:logGet(44)) - raft.server.log.force.sync.num = 128 (default)
2021-03-15 13:21:33,104 [pool-135-thread-1] INFO  server.RaftServerConfigKeys (ConfUtils.java:logGet(44)) - raft.server.log.statemachine.data.sync = true (default)
2021-03-15 13:21:33,104 [pool-135-thread-1] INFO  server.RaftServerConfigKeys (ConfUtils.java:logGet(44)) - raft.server.log.statemachine.data.sync.timeout = 10s (default)
2021-03-15 13:21:33,104 [pool-135-thread-1] INFO  server.RaftServerConfigKeys (ConfUtils.java:logGet(44)) - raft.server.log.statemachine.data.sync.timeout.retry = -1 (default)
2021-03-15 13:21:33,112 [pool-135-thread-1] INFO  server.RaftServerConfigKeys (ConfUtils.java:logGet(44)) - raft.server.log.write.buffer.size = 1048576 (custom)
2021-03-15 13:21:33,113 [pool-135-thread-1] INFO  server.RaftServerConfigKeys (ConfUtils.java:logGet(44)) - raft.server.log.statemachine.data.caching.enabled = true (custom)
2021-03-15 13:21:33,113 [pool-135-thread-1] INFO  segmented.SegmentedRaftLogWorker (SegmentedRaftLogWorker.java:lambda$new$0(132)) - fe63c344-5a2d-4322-bbac-49268a0984bd@group-591F5D79C43E-SegmentedRaftLogWorker: flushIndex: setUnconditionally 0 -> -1
2021-03-15 13:21:33,113 [pool-135-thread-1] INFO  segmented.SegmentedRaftLogWorker (SegmentedRaftLogWorker.java:lambda$new$0(132)) - fe63c344-5a2d-4322-bbac-49268a0984bd@group-591F5D79C43E-SegmentedRaftLogWorker: safeCacheEvictIndex: setUnconditionally 0 -> -1
2021-03-15 13:21:33,102 [pool-104-thread-1] INFO  server.RaftServerConfigKeys (ConfUtils.java:logGet(44)) - raft.server.log.write.buffer.size = 1048576 (custom)
2021-03-15 13:21:33,114 [pool-104-thread-1] INFO  server.RaftServerConfigKeys (ConfUtils.java:logGet(44)) - raft.server.log.statemachine.data.caching.enabled = true (custom)
2021-03-15 13:21:33,114 [pool-104-thread-1] INFO  segmented.SegmentedRaftLogWorker (SegmentedRaftLogWorker.java:lambda$new$0(132)) - 8f544fba-ae2a-4c10-8316-b74b14cffb80@group-D764FF994818-SegmentedRaftLogWorker: flushIndex: setUnconditionally 0 -> -1
2021-03-15 13:21:33,114 [pool-104-thread-1] INFO  segmented.SegmentedRaftLogWorker (SegmentedRaftLogWorker.java:lambda$new$0(132)) - 8f544fba-ae2a-4c10-8316-b74b14cffb80@group-D764FF994818-SegmentedRaftLogWorker: safeCacheEvictIndex: setUnconditionally 0 -> -1
2021-03-15 13:21:33,101 [EventQueue-PipelineReportForPipelineReportHandler] INFO  pipeline.PipelineStateManager (PipelineStateManager.java:openPipeline(132)) - Pipeline Pipeline[ Id: b5a766e5-df5d-49f1-bf01-591f5d79c43e, Nodes: fe63c344-5a2d-4322-bbac-49268a0984bd{ip: 172.17.0.2, host: 287f2862ff4e, ports: [REPLICATION=44215, RATIS=42479, RATIS_ADMIN=42479, RATIS_SERVER=42479, STANDALONE=37705], networkLocation: /default-rack, certSerialId: null, persistedOpState: IN_SERVICE, persistedOpStateExpiryEpochSec: 0}, Type:RATIS, Factor:ONE, State:ALLOCATED, leaderId:fe63c344-5a2d-4322-bbac-49268a0984bd, CreationTimestamp2021-03-15T13:21:30.054Z] moved to OPEN state
2021-03-15 13:21:33,101 [EventQueue-PipelineReportForOneReplicaPipelineSafeModeRule] INFO  safemode.SCMSafeModeManager (SCMSafeModeManager.java:validateSafeModeExitRules(214)) - AtleastOneDatanodeReportedRule rule is successfully validated
2021-03-15 13:21:33,115 [EventQueue-OpenPipelineForHealthyPipelineSafeModeRule] INFO  safemode.SCMSafeModeManager (HealthyPipelineSafeModeRule.java:process(128)) - SCM in safe mode. Healthy pipelines reported count is 0, required healthy pipeline reported count is 1
2021-03-15 13:21:33,115 [pool-104-thread-1] INFO  server.RaftServerConfigKeys (ConfUtils.java:logGet(44)) - raft.server.snapshot.auto.trigger.enabled = true (custom)
2021-03-15 13:21:33,117 [pool-104-thread-1] INFO  server.RaftServerConfigKeys (ConfUtils.java:logGet(44)) - raft.server.snapshot.auto.trigger.threshold = 10000 (custom)
2021-03-15 13:21:33,117 [pool-104-thread-1] INFO  server.RaftServerConfigKeys (ConfUtils.java:logGet(44)) - raft.server.snapshot.retention.file.num = 5 (custom)
2021-03-15 13:21:33,117 [pool-104-thread-1] INFO  server.RaftServerConfigKeys (ConfUtils.java:logGet(44)) - raft.server.log.purge.upto.snapshot.index = false (default)
2021-03-15 13:21:33,114 [pool-135-thread-1] INFO  server.RaftServerConfigKeys (ConfUtils.java:logGet(44)) - raft.server.snapshot.auto.trigger.enabled = true (custom)
2021-03-15 13:21:33,109 [Command processor thread] INFO  metrics.RatisMetrics (RatisMetrics.java:lambda$create$0(36)) - Creating Metrics Registry : ratis.client_message_metrics.client-704F9F3F7337->8f544fba-ae2a-4c10-8316-b74b14cffb80
2021-03-15 13:21:33,119 [pool-135-thread-1] INFO  server.RaftServerConfigKeys (ConfUtils.java:logGet(44)) - raft.server.snapshot.auto.trigger.threshold = 10000 (custom)
2021-03-15 13:21:33,119 [pool-135-thread-1] INFO  server.RaftServerConfigKeys (ConfUtils.java:logGet(44)) - raft.server.snapshot.retention.file.num = 5 (custom)
2021-03-15 13:21:33,119 [pool-135-thread-1] INFO  server.RaftServerConfigKeys (ConfUtils.java:logGet(44)) - raft.server.log.purge.upto.snapshot.index = false (default)
2021-03-15 13:21:33,120 [pool-135-thread-1] INFO  server.RaftServerConfigKeys (ConfUtils.java:logGet(44)) - raft.server.retrycache.expirytime = 600000ms (custom)
2021-03-15 13:21:33,120 [pool-135-thread-1] INFO  server.RaftServerConfigKeys (ConfUtils.java:logGet(44)) - raft.server.retrycache.statistics.expirytime = 100?s (default)
2021-03-15 13:21:33,120 [pool-135-thread-1] INFO  metrics.RatisMetrics (RatisMetrics.java:lambda$create$0(36)) - Creating Metrics Registry : ratis.leader_election.fe63c344-5a2d-4322-bbac-49268a0984bd@group-591F5D79C43E
2021-03-15 13:21:33,120 [pool-135-thread-1] INFO  metrics.RatisMetrics (RatisMetrics.java:lambda$create$0(36)) - Creating Metrics Registry : ratis.server.fe63c344-5a2d-4322-bbac-49268a0984bd@group-591F5D79C43E
2021-03-15 13:21:33,121 [pool-135-thread-1] INFO  server.RaftServer$Division (RaftServerImpl.java:start(295)) - fe63c344-5a2d-4322-bbac-49268a0984bd@group-591F5D79C43E: start as a follower, conf=-1: [fe63c344-5a2d-4322-bbac-49268a0984bd|rpc:172.17.0.2:42479|priority:1], old=null
2021-03-15 13:21:33,121 [pool-135-thread-1] INFO  server.RaftServer$Division (RaftServerImpl.java:setRole(284)) - fe63c344-5a2d-4322-bbac-49268a0984bd@group-591F5D79C43E: changes role from      null to FOLLOWER at term 0 for startAsFollower
2021-03-15 13:21:33,121 [pool-135-thread-1] INFO  impl.RoleInfo (RoleInfo.java:updateAndGet(130)) - fe63c344-5a2d-4322-bbac-49268a0984bd: start fe63c344-5a2d-4322-bbac-49268a0984bd@group-591F5D79C43E-FollowerState
2021-03-15 13:21:33,120 [pool-104-thread-1] INFO  server.RaftServerConfigKeys (ConfUtils.java:logGet(44)) - raft.server.retrycache.expirytime = 600000ms (custom)
2021-03-15 13:21:33,122 [pool-104-thread-1] INFO  server.RaftServerConfigKeys (ConfUtils.java:logGet(44)) - raft.server.retrycache.statistics.expirytime = 100?s (default)
2021-03-15 13:21:33,122 [pool-104-thread-1] INFO  metrics.RatisMetrics (RatisMetrics.java:lambda$create$0(36)) - Creating Metrics Registry : ratis.leader_election.8f544fba-ae2a-4c10-8316-b74b14cffb80@group-D764FF994818
2021-03-15 13:21:33,122 [pool-104-thread-1] INFO  metrics.RatisMetrics (RatisMetrics.java:lambda$create$0(36)) - Creating Metrics Registry : ratis.server.8f544fba-ae2a-4c10-8316-b74b14cffb80@group-D764FF994818
2021-03-15 13:21:33,130 [pool-104-thread-1] INFO  server.RaftServer$Division (RaftServerImpl.java:start(295)) - 8f544fba-ae2a-4c10-8316-b74b14cffb80@group-D764FF994818: start as a follower, conf=-1: [01124cd4-4ace-459c-9f52-5cd7a41fca7c|rpc:172.17.0.2:40903|priority:0, 8f544fba-ae2a-4c10-8316-b74b14cffb80|rpc:172.17.0.2:35899|priority:1, 490c2edb-ef6d-43f1-a3fc-38f1bdb7d380|rpc:172.17.0.2:35411|priority:0], old=null
2021-03-15 13:21:33,130 [pool-104-thread-1] INFO  server.RaftServer$Division (RaftServerImpl.java:setRole(284)) - 8f544fba-ae2a-4c10-8316-b74b14cffb80@group-D764FF994818: changes role from      null to FOLLOWER at term 0 for startAsFollower
2021-03-15 13:21:33,134 [pool-104-thread-1] INFO  impl.RoleInfo (RoleInfo.java:updateAndGet(130)) - 8f544fba-ae2a-4c10-8316-b74b14cffb80: start 8f544fba-ae2a-4c10-8316-b74b14cffb80@group-D764FF994818-FollowerState
2021-03-15 13:21:33,134 [pool-135-thread-1] INFO  util.JmxRegister (JmxRegister.java:tryRegister(44)) - Successfully registered JMX Bean with object name Ratis:service=RaftServer,group=group-591F5D79C43E,id=fe63c344-5a2d-4322-bbac-49268a0984bd
2021-03-15 13:21:33,134 [pool-135-thread-1] INFO  metrics.RatisMetrics (RatisMetrics.java:lambda$create$0(36)) - Creating Metrics Registry : ratis.state_machine.fe63c344-5a2d-4322-bbac-49268a0984bd@group-591F5D79C43E
2021-03-15 13:21:33,134 [pool-104-thread-1] INFO  util.JmxRegister (JmxRegister.java:tryRegister(44)) - Successfully registered JMX Bean with object name Ratis:service=RaftServer,group=group-D764FF994818,id=8f544fba-ae2a-4c10-8316-b74b14cffb80
2021-03-15 13:21:33,134 [pool-104-thread-1] INFO  metrics.RatisMetrics (RatisMetrics.java:lambda$create$0(36)) - Creating Metrics Registry : ratis.state_machine.8f544fba-ae2a-4c10-8316-b74b14cffb80@group-D764FF994818
2021-03-15 13:21:33,142 [Command processor thread] INFO  commandhandler.CreatePipelineCommandHandler (CreatePipelineCommandHandler.java:handle(106)) - Created Pipeline RATIS ONE PipelineID=b5a766e5-df5d-49f1-bf01-591f5d79c43e.
2021-03-15 13:21:33,144 [Command processor thread] INFO  metrics.RatisMetrics (RatisMetrics.java:lambda$create$0(36)) - Creating Metrics Registry : ratis.client_message_metrics.client-F69105E613C8->01124cd4-4ace-459c-9f52-5cd7a41fca7c
2021-03-15 13:21:33,150 [Command processor thread] INFO  metrics.RatisMetrics (RatisMetrics.java:lambda$create$0(36)) - Creating Metrics Registry : ratis.client_message_metrics.client-17A19A20FC36->490c2edb-ef6d-43f1-a3fc-38f1bdb7d380
2021-03-15 13:21:33,162 [grpc-default-executor-0] INFO  server.RaftServer (RaftServerProxy.java:addNew(95)) - 490c2edb-ef6d-43f1-a3fc-38f1bdb7d380: addNew group-D764FF994818:[01124cd4-4ace-459c-9f52-5cd7a41fca7c|rpc:172.17.0.2:40903|dataStream:|priority:0, 8f544fba-ae2a-4c10-8316-b74b14cffb80|rpc:172.17.0.2:35899|dataStream:|priority:1, 490c2edb-ef6d-43f1-a3fc-38f1bdb7d380|rpc:172.17.0.2:35411|dataStream:|priority:0] returns group-D764FF994818:java.util.concurrent.CompletableFuture@67327bb4[Not completed]
2021-03-15 13:21:33,163 [pool-120-thread-1] INFO  server.RaftServer$Division (RaftServerImpl.java:<init>(180)) - 490c2edb-ef6d-43f1-a3fc-38f1bdb7d380: new RaftServerImpl for group-D764FF994818:[01124cd4-4ace-459c-9f52-5cd7a41fca7c|rpc:172.17.0.2:40903|dataStream:|priority:0, 8f544fba-ae2a-4c10-8316-b74b14cffb80|rpc:172.17.0.2:35899|dataStream:|priority:1, 490c2edb-ef6d-43f1-a3fc-38f1bdb7d380|rpc:172.17.0.2:35411|dataStream:|priority:0] with ContainerStateMachine:uninitialized
2021-03-15 13:21:33,164 [pool-120-thread-1] INFO  server.RaftServerConfigKeys (ConfUtils.java:logGet(44)) - raft.server.rpc.timeout.min = 5s (custom)
2021-03-15 13:21:33,164 [pool-120-thread-1] INFO  server.RaftServerConfigKeys (ConfUtils.java:logGet(44)) - raft.server.rpc.timeout.max = 5200ms (custom)
2021-03-15 13:21:33,164 [pool-120-thread-1] INFO  server.RaftServerConfigKeys (ConfUtils.java:logGet(44)) - raft.server.rpc.sleep.time = 25ms (default)
2021-03-15 13:21:33,164 [pool-120-thread-1] INFO  server.RaftServerConfigKeys (ConfUtils.java:logGet(44)) - raft.server.rpc.slowness.timeout = 300000ms (custom)
2021-03-15 13:21:33,164 [pool-120-thread-1] INFO  server.RaftServerConfigKeys (ConfUtils.java:logGet(44)) - raft.server.leaderelection.leader.step-down.wait-time = 10s (default)
2021-03-15 13:21:33,164 [pool-120-thread-1] INFO  server.RaftServerConfigKeys (ConfUtils.java:logGet(44)) - raft.server.sleep.deviation.threshold = 300ms (default)
2021-03-15 13:21:33,164 [pool-120-thread-1] INFO  server.RaftServerConfigKeys (ConfUtils.java:logGet(44)) - raft.server.log.appender.install.snapshot.enabled = false (custom)
2021-03-15 13:21:33,164 [pool-120-thread-1] INFO  server.RaftServer$Division (ServerState.java:<init>(105)) - 490c2edb-ef6d-43f1-a3fc-38f1bdb7d380@group-D764FF994818: ConfigurationManager, init=-1: [01124cd4-4ace-459c-9f52-5cd7a41fca7c|rpc:172.17.0.2:40903|dataStream:|priority:0, 8f544fba-ae2a-4c10-8316-b74b14cffb80|rpc:172.17.0.2:35899|dataStream:|priority:1, 490c2edb-ef6d-43f1-a3fc-38f1bdb7d380|rpc:172.17.0.2:35411|dataStream:|priority:0], old=null, confs=<EMPTY_MAP>
2021-03-15 13:21:33,164 [pool-120-thread-1] INFO  server.RaftServerConfigKeys (ConfUtils.java:logGet(44)) - raft.server.storage.dir = [/github/workspace/mnt/ozone/hadoop-ozone/integration-test/target/test-dir/MiniOzoneClusterImpl-10170ce6-1bcb-4b6c-85b7-fb1f14fc7e79/datanode-5/data/ratis] (custom)
2021-03-15 13:21:33,165 [pool-120-thread-1] INFO  server.RaftServerConfigKeys (ConfUtils.java:logGet(44)) - raft.server.log.corruption.policy = EXCEPTION (default)
2021-03-15 13:21:33,165 [pool-120-thread-1] INFO  storage.RaftStorageDirectory (RaftStorageDirectoryImpl.java:analyzeStorage(132)) - The storage directory /github/workspace/mnt/ozone/hadoop-ozone/integration-test/target/test-dir/MiniOzoneClusterImpl-10170ce6-1bcb-4b6c-85b7-fb1f14fc7e79/datanode-5/data/ratis/a8a0e27c-b300-4a92-8e30-d764ff994818 does not exist. Creating ...
2021-03-15 13:21:33,166 [pool-120-thread-1] INFO  storage.RaftStorageDirectory (RaftStorageDirectoryImpl.java:tryLock(215)) - Lock on /github/workspace/mnt/ozone/hadoop-ozone/integration-test/target/test-dir/MiniOzoneClusterImpl-10170ce6-1bcb-4b6c-85b7-fb1f14fc7e79/datanode-5/data/ratis/a8a0e27c-b300-4a92-8e30-d764ff994818/in_use.lock acquired by nodename 8797@287f2862ff4e
2021-03-15 13:21:33,168 [pool-120-thread-1] INFO  storage.RaftStorage (RaftStorageImpl.java:format(87)) - Storage directory /github/workspace/mnt/ozone/hadoop-ozone/integration-test/target/test-dir/MiniOzoneClusterImpl-10170ce6-1bcb-4b6c-85b7-fb1f14fc7e79/datanode-5/data/ratis/a8a0e27c-b300-4a92-8e30-d764ff994818 has been successfully formatted.
2021-03-15 13:21:33,173 [pool-120-thread-1] INFO  ratis.ContainerStateMachine (ContainerStateMachine.java:loadSnapshot(223)) - group-D764FF994818: The snapshot info is null. Setting the last applied indexto:(t:0, i:~)
2021-03-15 13:21:33,173 [pool-120-thread-1] ERROR storage.RaftStorage (RaftStorageImpl.java:readRaftConfiguration(147)) - Failed reading configuration from file:/github/workspace/mnt/ozone/hadoop-ozone/integration-test/target/test-dir/MiniOzoneClusterImpl-10170ce6-1bcb-4b6c-85b7-fb1f14fc7e79/datanode-5/data/ratis/a8a0e27c-b300-4a92-8e30-d764ff994818/current/raft-meta.conf
java.io.FileNotFoundException: /github/workspace/mnt/ozone/hadoop-ozone/integration-test/target/test-dir/MiniOzoneClusterImpl-10170ce6-1bcb-4b6c-85b7-fb1f14fc7e79/datanode-5/data/ratis/a8a0e27c-b300-4a92-8e30-d764ff994818/current/raft-meta.conf (No such file or directory)
	at java.io.FileInputStream.open0(Native Method)
	at java.io.FileInputStream.open(FileInputStream.java:195)
	at java.io.FileInputStream.<init>(FileInputStream.java:138)
	at org.apache.ratis.server.storage.RaftStorageImpl.readRaftConfiguration(RaftStorageImpl.java:143)
	at org.apache.ratis.server.impl.ServerState.<init>(ServerState.java:122)
	at org.apache.ratis.server.impl.RaftServerImpl.<init>(RaftServerImpl.java:193)
	at org.apache.ratis.server.impl.RaftServerProxy.lambda$newRaftServerImpl$4(RaftServerProxy.java:266)
	at java.util.concurrent.CompletableFuture$AsyncSupply.run(CompletableFuture.java:1604)
	at java.util.concurrent.ThreadPoolExecutor.runWorker(ThreadPoolExecutor.java:1149)
	at java.util.concurrent.ThreadPoolExecutor$Worker.run(ThreadPoolExecutor.java:624)
	at java.lang.Thread.run(Thread.java:748)
2021-03-15 13:21:33,174 [pool-120-thread-1] INFO  server.RaftServerConfigKeys (ConfUtils.java:logGet(44)) - raft.server.notification.no-leader.timeout = 300000ms (custom)
2021-03-15 13:21:33,174 [pool-120-thread-1] INFO  server.RaftServerConfigKeys (ConfUtils.java:logGet(44)) - raft.server.log.use.memory = false (default)
2021-03-15 13:21:33,174 [pool-120-thread-1] INFO  server.RaftServerConfigKeys (ConfUtils.java:logGet(44)) - raft.server.log.purge.gap = 1000000 (custom)
2021-03-15 13:21:33,174 [pool-120-thread-1] INFO  server.RaftServerConfigKeys (ConfUtils.java:logGet(44)) - raft.server.log.appender.buffer.byte-limit = 33554432 (custom)
2021-03-15 13:21:33,174 [pool-120-thread-1] INFO  metrics.RatisMetrics (RatisMetrics.java:lambda$create$0(36)) - Creating Metrics Registry : ratis.log_worker.490c2edb-ef6d-43f1-a3fc-38f1bdb7d380@group-D764FF994818
2021-03-15 13:21:33,174 [pool-120-thread-1] INFO  server.RaftServerConfigKeys (ConfUtils.java:logGet(44)) - raft.server.log.segment.size.max = 1048576 (custom)
2021-03-15 13:21:33,175 [pool-120-thread-1] INFO  server.RaftServerConfigKeys (ConfUtils.java:logGet(44)) - raft.server.log.segment.cache.num.max = 2 (custom)
2021-03-15 13:21:33,175 [pool-120-thread-1] INFO  server.RaftServerConfigKeys (ConfUtils.java:logGet(44)) - raft.server.log.segment.cache.size.max = 200MB (=209715200) (default)
2021-03-15 13:21:33,175 [pool-120-thread-1] INFO  segmented.SegmentedRaftLogWorker (SegmentedRaftLogWorker.java:<init>(181)) - new 490c2edb-ef6d-43f1-a3fc-38f1bdb7d380@group-D764FF994818-SegmentedRaftLogWorker for RaftStorageImpl:Storage Directory /github/workspace/mnt/ozone/hadoop-ozone/integration-test/target/test-dir/MiniOzoneClusterImpl-10170ce6-1bcb-4b6c-85b7-fb1f14fc7e79/datanode-5/data/ratis/a8a0e27c-b300-4a92-8e30-d764ff994818
2021-03-15 13:21:33,181 [Command processor thread] INFO  commandhandler.CreatePipelineCommandHandler (CreatePipelineCommandHandler.java:handle(106)) - Created Pipeline RATIS THREE PipelineID=3131fd0c-3f52-4949-b04d-9eb71483e61b.
2021-03-15 13:21:33,181 [pool-120-thread-1] INFO  server.RaftServerConfigKeys (ConfUtils.java:logGet(44)) - raft.server.log.queue.byte-limit = 2147483647 (custom)
2021-03-15 13:21:33,181 [pool-120-thread-1] INFO  server.RaftServerConfigKeys (ConfUtils.java:logGet(44)) - raft.server.log.queue.element-limit = 1024 (custom)
2021-03-15 13:21:33,182 [EventQueue-OpenPipelineForHealthyPipelineSafeModeRule] INFO  safemode.SCMSafeModeManager (HealthyPipelineSafeModeRule.java:process(128)) - SCM in safe mode. Healthy pipelines reported count is 0, required healthy pipeline reported count is 1
2021-03-15 13:21:33,182 [EventQueue-PipelineReportForOneReplicaPipelineSafeModeRule] INFO  safemode.SCMSafeModeManager (SCMSafeModeManager.java:validateSafeModeExitRules(214)) - AtleastOneDatanodeReportedRule rule is successfully validated
2021-03-15 13:21:33,183 [pool-120-thread-1] INFO  server.RaftServerConfigKeys (ConfUtils.java:logGet(44)) - raft.server.log.segment.size.max = 1048576 (custom)
2021-03-15 13:21:33,183 [pool-120-thread-1] INFO  server.RaftServerConfigKeys (ConfUtils.java:logGet(44)) - raft.server.log.preallocated.size = 16384 (custom)
2021-03-15 13:21:33,183 [pool-120-thread-1] INFO  server.RaftServerConfigKeys (ConfUtils.java:logGet(44)) - raft.server.log.force.sync.num = 128 (default)
2021-03-15 13:21:33,183 [pool-120-thread-1] INFO  server.RaftServerConfigKeys (ConfUtils.java:logGet(44)) - raft.server.log.statemachine.data.sync = true (default)
2021-03-15 13:21:33,183 [pool-120-thread-1] INFO  server.RaftServerConfigKeys (ConfUtils.java:logGet(44)) - raft.server.log.statemachine.data.sync.timeout = 10s (default)
2021-03-15 13:21:33,183 [pool-120-thread-1] INFO  server.RaftServerConfigKeys (ConfUtils.java:logGet(44)) - raft.server.log.statemachine.data.sync.timeout.retry = -1 (default)
2021-03-15 13:21:33,184 [pool-120-thread-1] INFO  server.RaftServerConfigKeys (ConfUtils.java:logGet(44)) - raft.server.log.write.buffer.size = 1048576 (custom)
2021-03-15 13:21:33,187 [pool-120-thread-1] INFO  server.RaftServerConfigKeys (ConfUtils.java:logGet(44)) - raft.server.log.statemachine.data.caching.enabled = true (custom)
2021-03-15 13:21:33,187 [pool-120-thread-1] INFO  segmented.SegmentedRaftLogWorker (SegmentedRaftLogWorker.java:lambda$new$0(132)) - 490c2edb-ef6d-43f1-a3fc-38f1bdb7d380@group-D764FF994818-SegmentedRaftLogWorker: flushIndex: setUnconditionally 0 -> -1
2021-03-15 13:21:33,188 [pool-120-thread-1] INFO  segmented.SegmentedRaftLogWorker (SegmentedRaftLogWorker.java:lambda$new$0(132)) - 490c2edb-ef6d-43f1-a3fc-38f1bdb7d380@group-D764FF994818-SegmentedRaftLogWorker: safeCacheEvictIndex: setUnconditionally 0 -> -1
2021-03-15 13:21:33,199 [Command processor thread] INFO  metrics.RatisMetrics (RatisMetrics.java:lambda$create$0(36)) - Creating Metrics Registry : ratis.client_message_metrics.client-22E05BC04B3F->490c2edb-ef6d-43f1-a3fc-38f1bdb7d380
2021-03-15 13:21:33,201 [pool-120-thread-1] INFO  server.RaftServerConfigKeys (ConfUtils.java:logGet(44)) - raft.server.snapshot.auto.trigger.enabled = true (custom)
2021-03-15 13:21:33,201 [pool-120-thread-1] INFO  server.RaftServerConfigKeys (ConfUtils.java:logGet(44)) - raft.server.snapshot.auto.trigger.threshold = 10000 (custom)
2021-03-15 13:21:33,201 [pool-120-thread-1] INFO  server.RaftServerConfigKeys (ConfUtils.java:logGet(44)) - raft.server.snapshot.retention.file.num = 5 (custom)
2021-03-15 13:21:33,201 [pool-120-thread-1] INFO  server.RaftServerConfigKeys (ConfUtils.java:logGet(44)) - raft.server.log.purge.upto.snapshot.index = false (default)
2021-03-15 13:21:33,201 [pool-120-thread-1] INFO  server.RaftServerConfigKeys (ConfUtils.java:logGet(44)) - raft.server.retrycache.expirytime = 600000ms (custom)
2021-03-15 13:21:33,201 [pool-120-thread-1] INFO  server.RaftServerConfigKeys (ConfUtils.java:logGet(44)) - raft.server.retrycache.statistics.expirytime = 100?s (default)
2021-03-15 13:21:33,201 [pool-120-thread-1] INFO  metrics.RatisMetrics (RatisMetrics.java:lambda$create$0(36)) - Creating Metrics Registry : ratis.leader_election.490c2edb-ef6d-43f1-a3fc-38f1bdb7d380@group-D764FF994818
2021-03-15 13:21:33,202 [pool-120-thread-1] INFO  metrics.RatisMetrics (RatisMetrics.java:lambda$create$0(36)) - Creating Metrics Registry : ratis.server.490c2edb-ef6d-43f1-a3fc-38f1bdb7d380@group-D764FF994818
2021-03-15 13:21:33,202 [pool-120-thread-1] INFO  server.RaftServer$Division (RaftServerImpl.java:start(295)) - 490c2edb-ef6d-43f1-a3fc-38f1bdb7d380@group-D764FF994818: start as a follower, conf=-1: [01124cd4-4ace-459c-9f52-5cd7a41fca7c|rpc:172.17.0.2:40903|dataStream:|priority:0, 8f544fba-ae2a-4c10-8316-b74b14cffb80|rpc:172.17.0.2:35899|dataStream:|priority:1, 490c2edb-ef6d-43f1-a3fc-38f1bdb7d380|rpc:172.17.0.2:35411|dataStream:|priority:0], old=null
2021-03-15 13:21:33,203 [pool-120-thread-1] INFO  server.RaftServer$Division (RaftServerImpl.java:setRole(284)) - 490c2edb-ef6d-43f1-a3fc-38f1bdb7d380@group-D764FF994818: changes role from      null to FOLLOWER at term 0 for startAsFollower
2021-03-15 13:21:33,203 [pool-120-thread-1] INFO  impl.RoleInfo (RoleInfo.java:updateAndGet(130)) - 490c2edb-ef6d-43f1-a3fc-38f1bdb7d380: start 490c2edb-ef6d-43f1-a3fc-38f1bdb7d380@group-D764FF994818-FollowerState
2021-03-15 13:21:33,207 [pool-120-thread-1] INFO  util.JmxRegister (JmxRegister.java:tryRegister(44)) - Successfully registered JMX Bean with object name Ratis:service=RaftServer,group=group-D764FF994818,id=490c2edb-ef6d-43f1-a3fc-38f1bdb7d380
2021-03-15 13:21:33,207 [pool-120-thread-1] INFO  metrics.RatisMetrics (RatisMetrics.java:lambda$create$0(36)) - Creating Metrics Registry : ratis.state_machine.490c2edb-ef6d-43f1-a3fc-38f1bdb7d380@group-D764FF994818
2021-03-15 13:21:33,229 [Command processor thread] INFO  commandhandler.CreatePipelineCommandHandler (CreatePipelineCommandHandler.java:handle(106)) - Created Pipeline RATIS THREE PipelineID=a8a0e27c-b300-4a92-8e30-d764ff994818.
2021-03-15 13:21:33,232 [Command processor thread] INFO  commandhandler.CreatePipelineCommandHandler (CreatePipelineCommandHandler.java:handle(106)) - Created Pipeline RATIS THREE PipelineID=a8a0e27c-b300-4a92-8e30-d764ff994818.
2021-03-15 13:21:33,753 [EventQueue-PipelineReportForOneReplicaPipelineSafeModeRule] INFO  safemode.SCMSafeModeManager (SCMSafeModeManager.java:validateSafeModeExitRules(214)) - AtleastOneDatanodeReportedRule rule is successfully validated
2021-03-15 13:21:33,753 [EventQueue-OpenPipelineForHealthyPipelineSafeModeRule] INFO  safemode.SCMSafeModeManager (HealthyPipelineSafeModeRule.java:process(128)) - SCM in safe mode. Healthy pipelines reported count is 0, required healthy pipeline reported count is 1
2021-03-15 13:21:33,787 [EventQueue-PipelineReportForOneReplicaPipelineSafeModeRule] INFO  safemode.SCMSafeModeManager (SCMSafeModeManager.java:validateSafeModeExitRules(214)) - AtleastOneDatanodeReportedRule rule is successfully validated
2021-03-15 13:21:33,787 [EventQueue-OpenPipelineForHealthyPipelineSafeModeRule] INFO  safemode.SCMSafeModeManager (HealthyPipelineSafeModeRule.java:process(128)) - SCM in safe mode. Healthy pipelines reported count is 0, required healthy pipeline reported count is 1
2021-03-15 13:21:33,798 [EventQueue-OpenPipelineForHealthyPipelineSafeModeRule] INFO  safemode.SCMSafeModeManager (HealthyPipelineSafeModeRule.java:process(128)) - SCM in safe mode. Healthy pipelines reported count is 0, required healthy pipeline reported count is 1
2021-03-15 13:21:33,798 [EventQueue-PipelineReportForOneReplicaPipelineSafeModeRule] INFO  safemode.SCMSafeModeManager (SCMSafeModeManager.java:validateSafeModeExitRules(214)) - AtleastOneDatanodeReportedRule rule is successfully validated
2021-03-15 13:21:34,044 [Listener at 127.0.0.1/41395] INFO  ozone.MiniOzoneClusterImpl (MiniOzoneClusterImpl.java:lambda$waitForClusterToBeReady$0(187)) - Nodes are ready. Got 7 of 7 DN Heartbeats.
2021-03-15 13:21:34,044 [Listener at 127.0.0.1/41395] INFO  ozone.MiniOzoneClusterImpl (MiniOzoneClusterImpl.java:lambda$waitForClusterToBeReady$0(190)) - Waiting for cluster to exit safe mode
2021-03-15 13:21:34,064 [EventQueue-OpenPipelineForHealthyPipelineSafeModeRule] INFO  safemode.SCMSafeModeManager (HealthyPipelineSafeModeRule.java:process(128)) - SCM in safe mode. Healthy pipelines reported count is 0, required healthy pipeline reported count is 1
2021-03-15 13:21:34,064 [EventQueue-PipelineReportForOneReplicaPipelineSafeModeRule] INFO  safemode.SCMSafeModeManager (SCMSafeModeManager.java:validateSafeModeExitRules(214)) - AtleastOneDatanodeReportedRule rule is successfully validated
2021-03-15 13:21:34,099 [EventQueue-PipelineReportForOneReplicaPipelineSafeModeRule] INFO  safemode.SCMSafeModeManager (SCMSafeModeManager.java:validateSafeModeExitRules(214)) - AtleastOneDatanodeReportedRule rule is successfully validated
2021-03-15 13:21:34,099 [EventQueue-PipelineReportForOneReplicaPipelineSafeModeRule] INFO  safemode.SCMSafeModeManager (SCMSafeModeManager.java:validateSafeModeExitRules(214)) - AtleastOneDatanodeReportedRule rule is successfully validated
2021-03-15 13:21:34,100 [EventQueue-OpenPipelineForHealthyPipelineSafeModeRule] INFO  safemode.SCMSafeModeManager (HealthyPipelineSafeModeRule.java:process(128)) - SCM in safe mode. Healthy pipelines reported count is 0, required healthy pipeline reported count is 1
2021-03-15 13:21:34,100 [EventQueue-OpenPipelineForHealthyPipelineSafeModeRule] INFO  safemode.SCMSafeModeManager (HealthyPipelineSafeModeRule.java:process(128)) - SCM in safe mode. Healthy pipelines reported count is 0, required healthy pipeline reported count is 1
2021-03-15 13:21:34,179 [EventQueue-PipelineReportForOneReplicaPipelineSafeModeRule] INFO  safemode.SCMSafeModeManager (SCMSafeModeManager.java:validateSafeModeExitRules(214)) - AtleastOneDatanodeReportedRule rule is successfully validated
2021-03-15 13:21:34,179 [EventQueue-OpenPipelineForHealthyPipelineSafeModeRule] INFO  safemode.SCMSafeModeManager (HealthyPipelineSafeModeRule.java:process(128)) - SCM in safe mode. Healthy pipelines reported count is 0, required healthy pipeline reported count is 1
2021-03-15 13:21:34,754 [EventQueue-PipelineReportForOneReplicaPipelineSafeModeRule] INFO  safemode.SCMSafeModeManager (SCMSafeModeManager.java:validateSafeModeExitRules(214)) - AtleastOneDatanodeReportedRule rule is successfully validated
2021-03-15 13:21:34,755 [EventQueue-OpenPipelineForHealthyPipelineSafeModeRule] INFO  safemode.SCMSafeModeManager (HealthyPipelineSafeModeRule.java:process(128)) - SCM in safe mode. Healthy pipelines reported count is 0, required healthy pipeline reported count is 1
2021-03-15 13:21:34,787 [EventQueue-PipelineReportForOneReplicaPipelineSafeModeRule] INFO  safemode.SCMSafeModeManager (SCMSafeModeManager.java:validateSafeModeExitRules(214)) - AtleastOneDatanodeReportedRule rule is successfully validated
2021-03-15 13:21:34,787 [EventQueue-OpenPipelineForHealthyPipelineSafeModeRule] INFO  safemode.SCMSafeModeManager (HealthyPipelineSafeModeRule.java:process(128)) - SCM in safe mode. Healthy pipelines reported count is 0, required healthy pipeline reported count is 1
2021-03-15 13:21:34,798 [EventQueue-PipelineReportForOneReplicaPipelineSafeModeRule] INFO  safemode.SCMSafeModeManager (SCMSafeModeManager.java:validateSafeModeExitRules(214)) - AtleastOneDatanodeReportedRule rule is successfully validated
2021-03-15 13:21:34,798 [EventQueue-OpenPipelineForHealthyPipelineSafeModeRule] INFO  safemode.SCMSafeModeManager (HealthyPipelineSafeModeRule.java:process(128)) - SCM in safe mode. Healthy pipelines reported count is 0, required healthy pipeline reported count is 1
2021-03-15 13:21:35,044 [Listener at 127.0.0.1/41395] INFO  ozone.MiniOzoneClusterImpl (MiniOzoneClusterImpl.java:lambda$waitForClusterToBeReady$0(187)) - Nodes are ready. Got 7 of 7 DN Heartbeats.
2021-03-15 13:21:35,045 [Listener at 127.0.0.1/41395] INFO  ozone.MiniOzoneClusterImpl (MiniOzoneClusterImpl.java:lambda$waitForClusterToBeReady$0(190)) - Waiting for cluster to exit safe mode
2021-03-15 13:21:35,064 [EventQueue-PipelineReportForOneReplicaPipelineSafeModeRule] INFO  safemode.SCMSafeModeManager (SCMSafeModeManager.java:validateSafeModeExitRules(214)) - AtleastOneDatanodeReportedRule rule is successfully validated
2021-03-15 13:21:35,064 [EventQueue-OpenPipelineForHealthyPipelineSafeModeRule] INFO  safemode.SCMSafeModeManager (HealthyPipelineSafeModeRule.java:process(128)) - SCM in safe mode. Healthy pipelines reported count is 0, required healthy pipeline reported count is 1
2021-03-15 13:21:35,099 [EventQueue-PipelineReportForOneReplicaPipelineSafeModeRule] INFO  safemode.SCMSafeModeManager (SCMSafeModeManager.java:validateSafeModeExitRules(214)) - AtleastOneDatanodeReportedRule rule is successfully validated
2021-03-15 13:21:35,100 [EventQueue-OpenPipelineForHealthyPipelineSafeModeRule] INFO  safemode.SCMSafeModeManager (HealthyPipelineSafeModeRule.java:process(128)) - SCM in safe mode. Healthy pipelines reported count is 0, required healthy pipeline reported count is 1
2021-03-15 13:21:35,100 [EventQueue-PipelineReportForOneReplicaPipelineSafeModeRule] INFO  safemode.SCMSafeModeManager (SCMSafeModeManager.java:validateSafeModeExitRules(214)) - AtleastOneDatanodeReportedRule rule is successfully validated
2021-03-15 13:21:35,101 [EventQueue-OpenPipelineForHealthyPipelineSafeModeRule] INFO  safemode.SCMSafeModeManager (HealthyPipelineSafeModeRule.java:process(128)) - SCM in safe mode. Healthy pipelines reported count is 0, required healthy pipeline reported count is 1
2021-03-15 13:21:35,180 [EventQueue-PipelineReportForOneReplicaPipelineSafeModeRule] INFO  safemode.SCMSafeModeManager (SCMSafeModeManager.java:validateSafeModeExitRules(214)) - AtleastOneDatanodeReportedRule rule is successfully validated
2021-03-15 13:21:35,181 [EventQueue-OpenPipelineForHealthyPipelineSafeModeRule] INFO  safemode.SCMSafeModeManager (HealthyPipelineSafeModeRule.java:process(128)) - SCM in safe mode. Healthy pipelines reported count is 0, required healthy pipeline reported count is 1
2021-03-15 13:21:35,754 [EventQueue-OpenPipelineForHealthyPipelineSafeModeRule] INFO  safemode.SCMSafeModeManager (HealthyPipelineSafeModeRule.java:process(128)) - SCM in safe mode. Healthy pipelines reported count is 0, required healthy pipeline reported count is 1
2021-03-15 13:21:35,755 [EventQueue-PipelineReportForOneReplicaPipelineSafeModeRule] INFO  safemode.SCMSafeModeManager (SCMSafeModeManager.java:validateSafeModeExitRules(214)) - AtleastOneDatanodeReportedRule rule is successfully validated
2021-03-15 13:21:35,786 [EventQueue-PipelineReportForOneReplicaPipelineSafeModeRule] INFO  safemode.SCMSafeModeManager (SCMSafeModeManager.java:validateSafeModeExitRules(214)) - AtleastOneDatanodeReportedRule rule is successfully validated
2021-03-15 13:21:35,786 [EventQueue-OpenPipelineForHealthyPipelineSafeModeRule] INFO  safemode.SCMSafeModeManager (HealthyPipelineSafeModeRule.java:process(128)) - SCM in safe mode. Healthy pipelines reported count is 0, required healthy pipeline reported count is 1
2021-03-15 13:21:35,797 [EventQueue-PipelineReportForOneReplicaPipelineSafeModeRule] INFO  safemode.SCMSafeModeManager (SCMSafeModeManager.java:validateSafeModeExitRules(214)) - AtleastOneDatanodeReportedRule rule is successfully validated
2021-03-15 13:21:35,797 [EventQueue-OpenPipelineForHealthyPipelineSafeModeRule] INFO  safemode.SCMSafeModeManager (HealthyPipelineSafeModeRule.java:process(128)) - SCM in safe mode. Healthy pipelines reported count is 0, required healthy pipeline reported count is 1
2021-03-15 13:21:36,045 [Listener at 127.0.0.1/41395] INFO  ozone.MiniOzoneClusterImpl (MiniOzoneClusterImpl.java:lambda$waitForClusterToBeReady$0(187)) - Nodes are ready. Got 7 of 7 DN Heartbeats.
2021-03-15 13:21:36,045 [Listener at 127.0.0.1/41395] INFO  ozone.MiniOzoneClusterImpl (MiniOzoneClusterImpl.java:lambda$waitForClusterToBeReady$0(190)) - Waiting for cluster to exit safe mode
2021-03-15 13:21:36,064 [EventQueue-PipelineReportForOneReplicaPipelineSafeModeRule] INFO  safemode.SCMSafeModeManager (SCMSafeModeManager.java:validateSafeModeExitRules(214)) - AtleastOneDatanodeReportedRule rule is successfully validated
2021-03-15 13:21:36,064 [EventQueue-OpenPipelineForHealthyPipelineSafeModeRule] INFO  safemode.SCMSafeModeManager (HealthyPipelineSafeModeRule.java:process(128)) - SCM in safe mode. Healthy pipelines reported count is 0, required healthy pipeline reported count is 1
2021-03-15 13:21:36,099 [EventQueue-PipelineReportForOneReplicaPipelineSafeModeRule] INFO  safemode.SCMSafeModeManager (SCMSafeModeManager.java:validateSafeModeExitRules(214)) - AtleastOneDatanodeReportedRule rule is successfully validated
2021-03-15 13:21:36,099 [EventQueue-OpenPipelineForHealthyPipelineSafeModeRule] INFO  safemode.SCMSafeModeManager (HealthyPipelineSafeModeRule.java:process(128)) - SCM in safe mode. Healthy pipelines reported count is 0, required healthy pipeline reported count is 1
2021-03-15 13:21:36,100 [EventQueue-PipelineReportForOneReplicaPipelineSafeModeRule] INFO  safemode.SCMSafeModeManager (SCMSafeModeManager.java:validateSafeModeExitRules(214)) - AtleastOneDatanodeReportedRule rule is successfully validated
2021-03-15 13:21:36,100 [EventQueue-OpenPipelineForHealthyPipelineSafeModeRule] INFO  safemode.SCMSafeModeManager (HealthyPipelineSafeModeRule.java:process(128)) - SCM in safe mode. Healthy pipelines reported count is 0, required healthy pipeline reported count is 1
2021-03-15 13:21:36,181 [EventQueue-PipelineReportForOneReplicaPipelineSafeModeRule] INFO  safemode.SCMSafeModeManager (SCMSafeModeManager.java:validateSafeModeExitRules(214)) - AtleastOneDatanodeReportedRule rule is successfully validated
2021-03-15 13:21:36,181 [EventQueue-OpenPipelineForHealthyPipelineSafeModeRule] INFO  safemode.SCMSafeModeManager (HealthyPipelineSafeModeRule.java:process(128)) - SCM in safe mode. Healthy pipelines reported count is 0, required healthy pipeline reported count is 1
2021-03-15 13:21:36,408 [Thread-241] INFO  impl.FollowerState (FollowerState.java:run(133)) - c8823aab-1c49-422a-a51c-c7b83b859fa6@group-6D25ACFECDB7-FollowerState: change to CANDIDATE, lastRpcElapsedTime:5053595512ns, electionTimeout:5052ms
2021-03-15 13:21:36,411 [Thread-241] INFO  impl.RoleInfo (RoleInfo.java:shutdownFollowerState(108)) - c8823aab-1c49-422a-a51c-c7b83b859fa6: shutdown c8823aab-1c49-422a-a51c-c7b83b859fa6@group-6D25ACFECDB7-FollowerState
2021-03-15 13:21:36,412 [Thread-241] INFO  server.RaftServer$Division (RaftServerImpl.java:setRole(284)) - c8823aab-1c49-422a-a51c-c7b83b859fa6@group-6D25ACFECDB7: changes role from  FOLLOWER to CANDIDATE at term 0 for changeToCandidate
2021-03-15 13:21:36,412 [Thread-241] INFO  server.RaftServerConfigKeys (ConfUtils.java:logGet(44)) - raft.server.leaderelection.pre-vote = false (custom)
2021-03-15 13:21:36,412 [Thread-241] INFO  impl.RoleInfo (RoleInfo.java:updateAndGet(130)) - c8823aab-1c49-422a-a51c-c7b83b859fa6: start c8823aab-1c49-422a-a51c-c7b83b859fa6@group-6D25ACFECDB7-LeaderElection2
2021-03-15 13:21:36,415 [c8823aab-1c49-422a-a51c-c7b83b859fa6@group-6D25ACFECDB7-LeaderElection2] INFO  impl.LeaderElection (LeaderElection.java:askForVotes(307)) - c8823aab-1c49-422a-a51c-c7b83b859fa6@group-6D25ACFECDB7-LeaderElection2 ELECTION round 0: submit vote requests at term 1 for -1: [c8823aab-1c49-422a-a51c-c7b83b859fa6|rpc:172.17.0.2:38877|priority:1], old=null
2021-03-15 13:21:36,416 [c8823aab-1c49-422a-a51c-c7b83b859fa6@group-6D25ACFECDB7-LeaderElection2] INFO  impl.LeaderElection (LeaderElection.java:askForVotes(309)) - c8823aab-1c49-422a-a51c-c7b83b859fa6@group-6D25ACFECDB7-LeaderElection2 ELECTION round 0: result PASSED (term=1)
2021-03-15 13:21:36,416 [c8823aab-1c49-422a-a51c-c7b83b859fa6@group-6D25ACFECDB7-LeaderElection2] INFO  impl.RoleInfo (RoleInfo.java:shutdownLeaderElection(121)) - c8823aab-1c49-422a-a51c-c7b83b859fa6: shutdown c8823aab-1c49-422a-a51c-c7b83b859fa6@group-6D25ACFECDB7-LeaderElection2
2021-03-15 13:21:36,416 [c8823aab-1c49-422a-a51c-c7b83b859fa6@group-6D25ACFECDB7-LeaderElection2] INFO  server.RaftServer$Division (RaftServerImpl.java:setRole(284)) - c8823aab-1c49-422a-a51c-c7b83b859fa6@group-6D25ACFECDB7: changes role from CANDIDATE to LEADER at term 1 for changeToLeader
2021-03-15 13:21:36,416 [c8823aab-1c49-422a-a51c-c7b83b859fa6@group-6D25ACFECDB7-LeaderElection2] INFO  ratis.XceiverServerRatis (XceiverServerRatis.java:handleLeaderChangedNotification(899)) - Leader change notification received for group: group-6D25ACFECDB7 with new leaderId: c8823aab-1c49-422a-a51c-c7b83b859fa6
2021-03-15 13:21:36,416 [c8823aab-1c49-422a-a51c-c7b83b859fa6@group-6D25ACFECDB7-LeaderElection2] INFO  server.RaftServer$Division (ServerState.java:setLeader(271)) - c8823aab-1c49-422a-a51c-c7b83b859fa6@group-6D25ACFECDB7: change Leader from null to c8823aab-1c49-422a-a51c-c7b83b859fa6 at term 1 for becomeLeader, leader elected after 5089ms
2021-03-15 13:21:36,417 [c8823aab-1c49-422a-a51c-c7b83b859fa6@group-6D25ACFECDB7-LeaderElection2] INFO  server.RaftServerConfigKeys (ConfUtils.java:logGet(44)) - raft.server.staging.catchup.gap = 1000 (default)
2021-03-15 13:21:36,417 [c8823aab-1c49-422a-a51c-c7b83b859fa6@group-6D25ACFECDB7-LeaderElection2] INFO  metrics.RatisMetrics (RatisMetrics.java:lambda$create$0(36)) - Creating Metrics Registry : ratis.log_appender.c8823aab-1c49-422a-a51c-c7b83b859fa6@group-6D25ACFECDB7
2021-03-15 13:21:36,418 [EventQueue-OpenPipelineForHealthyPipelineSafeModeRule] INFO  safemode.SCMSafeModeManager (HealthyPipelineSafeModeRule.java:process(128)) - SCM in safe mode. Healthy pipelines reported count is 0, required healthy pipeline reported count is 1
2021-03-15 13:21:36,418 [EventQueue-PipelineReportForOneReplicaPipelineSafeModeRule] INFO  safemode.SCMSafeModeManager (SCMSafeModeManager.java:validateSafeModeExitRules(214)) - AtleastOneDatanodeReportedRule rule is successfully validated
2021-03-15 13:21:36,419 [c8823aab-1c49-422a-a51c-c7b83b859fa6@group-6D25ACFECDB7-LeaderElection2] INFO  server.RaftServerConfigKeys (ConfUtils.java:logGet(44)) - raft.server.write.element-limit = 1024 (custom)
2021-03-15 13:21:36,419 [c8823aab-1c49-422a-a51c-c7b83b859fa6@group-6D25ACFECDB7-LeaderElection2] INFO  server.RaftServerConfigKeys (ConfUtils.java:logGet(44)) - raft.server.write.byte-limit = 1073741824 (custom)
2021-03-15 13:21:36,419 [c8823aab-1c49-422a-a51c-c7b83b859fa6@group-6D25ACFECDB7-LeaderElection2] INFO  server.RaftServerConfigKeys (ConfUtils.java:logGet(44)) - raft.server.watch.timeout = 3000ms (custom)
2021-03-15 13:21:36,420 [c8823aab-1c49-422a-a51c-c7b83b859fa6@group-6D25ACFECDB7-LeaderElection2] INFO  server.RaftServerConfigKeys (ConfUtils.java:logGet(44)) - raft.server.watch.timeout.denomination = 1s (default)
2021-03-15 13:21:36,420 [c8823aab-1c49-422a-a51c-c7b83b859fa6@group-6D25ACFECDB7-LeaderElection2] INFO  server.RaftServerConfigKeys (ConfUtils.java:logGet(44)) - raft.server.watch.element-limit = 65536 (default)
2021-03-15 13:21:36,420 [c8823aab-1c49-422a-a51c-c7b83b859fa6@group-6D25ACFECDB7-LeaderElection2] INFO  impl.RoleInfo (RoleInfo.java:updateAndGet(130)) - c8823aab-1c49-422a-a51c-c7b83b859fa6: start c8823aab-1c49-422a-a51c-c7b83b859fa6@group-6D25ACFECDB7-LeaderStateImpl
2021-03-15 13:21:36,420 [c8823aab-1c49-422a-a51c-c7b83b859fa6@group-6D25ACFECDB7-LeaderElection2] INFO  segmented.SegmentedRaftLogWorker (SegmentedRaftLogWorker.java:startLogSegment(392)) - c8823aab-1c49-422a-a51c-c7b83b859fa6@group-6D25ACFECDB7-SegmentedRaftLogWorker: Starting segment from index:0
2021-03-15 13:21:36,423 [c8823aab-1c49-422a-a51c-c7b83b859fa6@group-6D25ACFECDB7-LeaderElection2] INFO  server.RaftServer$Division (ServerState.java:setRaftConf(373)) - c8823aab-1c49-422a-a51c-c7b83b859fa6@group-6D25ACFECDB7: set configuration 0: [c8823aab-1c49-422a-a51c-c7b83b859fa6|rpc:172.17.0.2:38877|dataStream:|priority:1], old=null
2021-03-15 13:21:36,424 [c8823aab-1c49-422a-a51c-c7b83b859fa6@group-6D25ACFECDB7-SegmentedRaftLogWorker] INFO  segmented.SegmentedRaftLogWorker (SegmentedRaftLogWorker.java:execute(599)) - c8823aab-1c49-422a-a51c-c7b83b859fa6@group-6D25ACFECDB7-SegmentedRaftLogWorker: created new log segment /github/workspace/mnt/ozone/hadoop-ozone/integration-test/target/test-dir/MiniOzoneClusterImpl-10170ce6-1bcb-4b6c-85b7-fb1f14fc7e79/datanode-0/data/ratis/9f1add18-8dc6-4258-8066-6d25acfecdb7/current/log_inprogress_0
2021-03-15 13:21:36,637 [Thread-243] INFO  impl.FollowerState (FollowerState.java:run(133)) - c8823aab-1c49-422a-a51c-c7b83b859fa6@group-7426FA8FAC29-FollowerState: change to CANDIDATE, lastRpcElapsedTime:5053266203ns, electionTimeout:5050ms
2021-03-15 13:21:36,639 [Thread-243] INFO  impl.RoleInfo (RoleInfo.java:shutdownFollowerState(108)) - c8823aab-1c49-422a-a51c-c7b83b859fa6: shutdown c8823aab-1c49-422a-a51c-c7b83b859fa6@group-7426FA8FAC29-FollowerState
2021-03-15 13:21:36,639 [Thread-243] INFO  server.RaftServer$Division (RaftServerImpl.java:setRole(284)) - c8823aab-1c49-422a-a51c-c7b83b859fa6@group-7426FA8FAC29: changes role from  FOLLOWER to CANDIDATE at term 0 for changeToCandidate
2021-03-15 13:21:36,639 [Thread-243] INFO  server.RaftServerConfigKeys (ConfUtils.java:logGet(44)) - raft.server.leaderelection.pre-vote = false (custom)
2021-03-15 13:21:36,639 [Thread-243] INFO  impl.RoleInfo (RoleInfo.java:updateAndGet(130)) - c8823aab-1c49-422a-a51c-c7b83b859fa6: start c8823aab-1c49-422a-a51c-c7b83b859fa6@group-7426FA8FAC29-LeaderElection3
2021-03-15 13:21:36,642 [c8823aab-1c49-422a-a51c-c7b83b859fa6@group-7426FA8FAC29-LeaderElection3] INFO  impl.LeaderElection (LeaderElection.java:askForVotes(307)) - c8823aab-1c49-422a-a51c-c7b83b859fa6@group-7426FA8FAC29-LeaderElection3 ELECTION round 0: submit vote requests at term 1 for -1: [29adc670-2c1e-4c6c-9558-1601f864128b|rpc:172.17.0.2:37315|priority:1, 2bcf9514-6eaf-4328-a021-870a209d39c4|rpc:172.17.0.2:43919|priority:0, c8823aab-1c49-422a-a51c-c7b83b859fa6|rpc:172.17.0.2:38877|priority:0], old=null
2021-03-15 13:21:36,661 [grpc-default-executor-0] INFO  server.RaftServer$Division (RaftServerImpl.java:requestVote(1025)) - 2bcf9514-6eaf-4328-a021-870a209d39c4@group-7426FA8FAC29: receive requestVote(ELECTION, c8823aab-1c49-422a-a51c-c7b83b859fa6, group-7426FA8FAC29, 1, (t:0, i:0))
2021-03-15 13:21:36,663 [grpc-default-executor-0] INFO  impl.VoteContext (VoteContext.java:log(48)) - 2bcf9514-6eaf-4328-a021-870a209d39c4@group-7426FA8FAC29-FOLLOWER: accept ELECTION from c8823aab-1c49-422a-a51c-c7b83b859fa6: our priority 0 <= candidate's priority 0
2021-03-15 13:21:36,663 [grpc-default-executor-0] INFO  server.RaftServer$Division (RaftServerImpl.java:setRole(284)) - 2bcf9514-6eaf-4328-a021-870a209d39c4@group-7426FA8FAC29: changes role from  FOLLOWER to FOLLOWER at term 1 for candidate:c8823aab-1c49-422a-a51c-c7b83b859fa6
2021-03-15 13:21:36,664 [grpc-default-executor-0] INFO  impl.RoleInfo (RoleInfo.java:shutdownFollowerState(108)) - 2bcf9514-6eaf-4328-a021-870a209d39c4: shutdown 2bcf9514-6eaf-4328-a021-870a209d39c4@group-7426FA8FAC29-FollowerState
2021-03-15 13:21:36,665 [Thread-253] INFO  impl.FollowerState (FollowerState.java:run(142)) - 2bcf9514-6eaf-4328-a021-870a209d39c4@group-7426FA8FAC29-FollowerState was interrupted: {}
java.lang.InterruptedException: sleep interrupted
	at java.lang.Thread.sleep(Native Method)
	at java.lang.Thread.sleep(Thread.java:340)
	at java.util.concurrent.TimeUnit.sleep(TimeUnit.java:386)
	at org.apache.ratis.util.TimeDuration.sleep(TimeDuration.java:324)
	at org.apache.ratis.util.TimeDuration.sleep(TimeDuration.java:309)
	at org.apache.ratis.server.impl.FollowerState.run(FollowerState.java:117)
2021-03-15 13:21:36,666 [grpc-default-executor-0] INFO  impl.RoleInfo (RoleInfo.java:updateAndGet(130)) - 2bcf9514-6eaf-4328-a021-870a209d39c4: start 2bcf9514-6eaf-4328-a021-870a209d39c4@group-7426FA8FAC29-FollowerState
2021-03-15 13:21:36,672 [grpc-default-executor-1] INFO  server.RaftServer$Division (RaftServerImpl.java:requestVote(1025)) - 29adc670-2c1e-4c6c-9558-1601f864128b@group-7426FA8FAC29: receive requestVote(ELECTION, c8823aab-1c49-422a-a51c-c7b83b859fa6, group-7426FA8FAC29, 1, (t:0, i:0))
2021-03-15 13:21:36,672 [grpc-default-executor-1] INFO  impl.VoteContext (VoteContext.java:log(48)) - 29adc670-2c1e-4c6c-9558-1601f864128b@group-7426FA8FAC29-FOLLOWER: reject ELECTION from c8823aab-1c49-422a-a51c-c7b83b859fa6: our priority 1 > candidate's priority 0
2021-03-15 13:21:36,673 [grpc-default-executor-1] INFO  server.RaftServer$Division (RaftServerImpl.java:setRole(284)) - 29adc670-2c1e-4c6c-9558-1601f864128b@group-7426FA8FAC29: changes role from  FOLLOWER to FOLLOWER at term 1 for candidate:c8823aab-1c49-422a-a51c-c7b83b859fa6
2021-03-15 13:21:36,673 [grpc-default-executor-1] INFO  impl.RoleInfo (RoleInfo.java:shutdownFollowerState(108)) - 29adc670-2c1e-4c6c-9558-1601f864128b: shutdown 29adc670-2c1e-4c6c-9558-1601f864128b@group-7426FA8FAC29-FollowerState
2021-03-15 13:21:36,673 [grpc-default-executor-1] INFO  impl.RoleInfo (RoleInfo.java:updateAndGet(130)) - 29adc670-2c1e-4c6c-9558-1601f864128b: start 29adc670-2c1e-4c6c-9558-1601f864128b@group-7426FA8FAC29-FollowerState
2021-03-15 13:21:36,673 [Thread-247] INFO  impl.FollowerState (FollowerState.java:run(142)) - 29adc670-2c1e-4c6c-9558-1601f864128b@group-7426FA8FAC29-FollowerState was interrupted: {}
java.lang.InterruptedException: sleep interrupted
	at java.lang.Thread.sleep(Native Method)
	at java.lang.Thread.sleep(Thread.java:340)
	at java.util.concurrent.TimeUnit.sleep(TimeUnit.java:386)
	at org.apache.ratis.util.TimeDuration.sleep(TimeDuration.java:324)
	at org.apache.ratis.util.TimeDuration.sleep(TimeDuration.java:309)
	at org.apache.ratis.server.impl.FollowerState.run(FollowerState.java:117)
2021-03-15 13:21:36,678 [grpc-default-executor-0] INFO  server.RaftServer$Division (RaftServerImpl.java:requestVote(1057)) - 2bcf9514-6eaf-4328-a021-870a209d39c4@group-7426FA8FAC29 replies to ELECTION vote request: c8823aab-1c49-422a-a51c-c7b83b859fa6<-2bcf9514-6eaf-4328-a021-870a209d39c4#0:OK-t1. Peer's state: 2bcf9514-6eaf-4328-a021-870a209d39c4@group-7426FA8FAC29:t1, leader=null, voted=c8823aab-1c49-422a-a51c-c7b83b859fa6, raftlog=2bcf9514-6eaf-4328-a021-870a209d39c4@group-7426FA8FAC29-SegmentedRaftLog:OPENED:c-1,f-1,i0, conf=-1: [29adc670-2c1e-4c6c-9558-1601f864128b|rpc:172.17.0.2:37315|priority:1, 2bcf9514-6eaf-4328-a021-870a209d39c4|rpc:172.17.0.2:43919|priority:0, c8823aab-1c49-422a-a51c-c7b83b859fa6|rpc:172.17.0.2:38877|priority:0], old=null
2021-03-15 13:21:36,677 [grpc-default-executor-1] INFO  server.RaftServer$Division (RaftServerImpl.java:requestVote(1057)) - 29adc670-2c1e-4c6c-9558-1601f864128b@group-7426FA8FAC29 replies to ELECTION vote request: c8823aab-1c49-422a-a51c-c7b83b859fa6<-29adc670-2c1e-4c6c-9558-1601f864128b#0:FAIL-t1. Peer's state: 29adc670-2c1e-4c6c-9558-1601f864128b@group-7426FA8FAC29:t1, leader=null, voted=null, raftlog=29adc670-2c1e-4c6c-9558-1601f864128b@group-7426FA8FAC29-SegmentedRaftLog:OPENED:c-1,f-1,i0, conf=-1: [29adc670-2c1e-4c6c-9558-1601f864128b|rpc:172.17.0.2:37315|priority:1, 2bcf9514-6eaf-4328-a021-870a209d39c4|rpc:172.17.0.2:43919|priority:0, c8823aab-1c49-422a-a51c-c7b83b859fa6|rpc:172.17.0.2:38877|priority:0], old=null
2021-03-15 13:21:36,680 [c8823aab-1c49-422a-a51c-c7b83b859fa6@group-7426FA8FAC29-LeaderElection3] INFO  impl.LeaderElection (LeaderElection.java:logAndReturn(89)) - c8823aab-1c49-422a-a51c-c7b83b859fa6@group-7426FA8FAC29-LeaderElection3: ELECTION REJECTED received 1 response(s) and 0 exception(s):
2021-03-15 13:21:36,680 [c8823aab-1c49-422a-a51c-c7b83b859fa6@group-7426FA8FAC29-LeaderElection3] INFO  impl.LeaderElection (LeaderElection.java:logAndReturn(93)) -   Response 0: c8823aab-1c49-422a-a51c-c7b83b859fa6<-29adc670-2c1e-4c6c-9558-1601f864128b#0:FAIL-t1
2021-03-15 13:21:36,681 [c8823aab-1c49-422a-a51c-c7b83b859fa6@group-7426FA8FAC29-LeaderElection3] INFO  impl.LeaderElection (LeaderElection.java:askForVotes(309)) - c8823aab-1c49-422a-a51c-c7b83b859fa6@group-7426FA8FAC29-LeaderElection3 ELECTION round 0: result REJECTED
2021-03-15 13:21:36,681 [c8823aab-1c49-422a-a51c-c7b83b859fa6@group-7426FA8FAC29-LeaderElection3] INFO  server.RaftServer$Division (RaftServerImpl.java:setRole(284)) - c8823aab-1c49-422a-a51c-c7b83b859fa6@group-7426FA8FAC29: changes role from CANDIDATE to FOLLOWER at term 1 for REJECTED
2021-03-15 13:21:36,681 [c8823aab-1c49-422a-a51c-c7b83b859fa6@group-7426FA8FAC29-LeaderElection3] INFO  impl.RoleInfo (RoleInfo.java:shutdownLeaderElection(121)) - c8823aab-1c49-422a-a51c-c7b83b859fa6: shutdown c8823aab-1c49-422a-a51c-c7b83b859fa6@group-7426FA8FAC29-LeaderElection3
2021-03-15 13:21:36,682 [c8823aab-1c49-422a-a51c-c7b83b859fa6@group-7426FA8FAC29-LeaderElection3] INFO  impl.RoleInfo (RoleInfo.java:updateAndGet(130)) - c8823aab-1c49-422a-a51c-c7b83b859fa6: start c8823aab-1c49-422a-a51c-c7b83b859fa6@group-7426FA8FAC29-FollowerState
2021-03-15 13:21:36,785 [EventQueue-OpenPipelineForHealthyPipelineSafeModeRule] INFO  safemode.SCMSafeModeManager (HealthyPipelineSafeModeRule.java:process(128)) - SCM in safe mode. Healthy pipelines reported count is 0, required healthy pipeline reported count is 1
2021-03-15 13:21:36,786 [EventQueue-PipelineReportForOneReplicaPipelineSafeModeRule] INFO  safemode.SCMSafeModeManager (SCMSafeModeManager.java:validateSafeModeExitRules(214)) - AtleastOneDatanodeReportedRule rule is successfully validated
2021-03-15 13:21:36,788 [EventQueue-PipelineReportForOneReplicaPipelineSafeModeRule] INFO  safemode.SCMSafeModeManager (SCMSafeModeManager.java:validateSafeModeExitRules(214)) - AtleastOneDatanodeReportedRule rule is successfully validated
2021-03-15 13:21:36,788 [EventQueue-OpenPipelineForHealthyPipelineSafeModeRule] INFO  safemode.SCMSafeModeManager (HealthyPipelineSafeModeRule.java:process(128)) - SCM in safe mode. Healthy pipelines reported count is 0, required healthy pipeline reported count is 1
2021-03-15 13:21:36,932 [Thread-245] INFO  impl.FollowerState (FollowerState.java:run(133)) - 29adc670-2c1e-4c6c-9558-1601f864128b@group-20F16FCD1309-FollowerState: change to CANDIDATE, lastRpcElapsedTime:5176019211ns, electionTimeout:5165ms
2021-03-15 13:21:36,933 [Thread-245] INFO  impl.RoleInfo (RoleInfo.java:shutdownFollowerState(108)) - 29adc670-2c1e-4c6c-9558-1601f864128b: shutdown 29adc670-2c1e-4c6c-9558-1601f864128b@group-20F16FCD1309-FollowerState
2021-03-15 13:21:36,933 [Thread-245] INFO  server.RaftServer$Division (RaftServerImpl.java:setRole(284)) - 29adc670-2c1e-4c6c-9558-1601f864128b@group-20F16FCD1309: changes role from  FOLLOWER to CANDIDATE at term 0 for changeToCandidate
2021-03-15 13:21:36,933 [Thread-245] INFO  server.RaftServerConfigKeys (ConfUtils.java:logGet(44)) - raft.server.leaderelection.pre-vote = false (custom)
2021-03-15 13:21:36,933 [Thread-245] INFO  impl.RoleInfo (RoleInfo.java:updateAndGet(130)) - 29adc670-2c1e-4c6c-9558-1601f864128b: start 29adc670-2c1e-4c6c-9558-1601f864128b@group-20F16FCD1309-LeaderElection4
2021-03-15 13:21:36,938 [29adc670-2c1e-4c6c-9558-1601f864128b@group-20F16FCD1309-LeaderElection4] INFO  impl.LeaderElection (LeaderElection.java:askForVotes(307)) - 29adc670-2c1e-4c6c-9558-1601f864128b@group-20F16FCD1309-LeaderElection4 ELECTION round 0: submit vote requests at term 1 for -1: [29adc670-2c1e-4c6c-9558-1601f864128b|rpc:172.17.0.2:37315|priority:1], old=null
2021-03-15 13:21:36,938 [29adc670-2c1e-4c6c-9558-1601f864128b@group-20F16FCD1309-LeaderElection4] INFO  impl.LeaderElection (LeaderElection.java:askForVotes(309)) - 29adc670-2c1e-4c6c-9558-1601f864128b@group-20F16FCD1309-LeaderElection4 ELECTION round 0: result PASSED (term=1)
2021-03-15 13:21:36,938 [29adc670-2c1e-4c6c-9558-1601f864128b@group-20F16FCD1309-LeaderElection4] INFO  impl.RoleInfo (RoleInfo.java:shutdownLeaderElection(121)) - 29adc670-2c1e-4c6c-9558-1601f864128b: shutdown 29adc670-2c1e-4c6c-9558-1601f864128b@group-20F16FCD1309-LeaderElection4
2021-03-15 13:21:36,938 [29adc670-2c1e-4c6c-9558-1601f864128b@group-20F16FCD1309-LeaderElection4] INFO  server.RaftServer$Division (RaftServerImpl.java:setRole(284)) - 29adc670-2c1e-4c6c-9558-1601f864128b@group-20F16FCD1309: changes role from CANDIDATE to LEADER at term 1 for changeToLeader
2021-03-15 13:21:36,938 [29adc670-2c1e-4c6c-9558-1601f864128b@group-20F16FCD1309-LeaderElection4] INFO  ratis.XceiverServerRatis (XceiverServerRatis.java:handleLeaderChangedNotification(899)) - Leader change notification received for group: group-20F16FCD1309 with new leaderId: 29adc670-2c1e-4c6c-9558-1601f864128b
2021-03-15 13:21:36,938 [29adc670-2c1e-4c6c-9558-1601f864128b@group-20F16FCD1309-LeaderElection4] INFO  server.RaftServer$Division (ServerState.java:setLeader(271)) - 29adc670-2c1e-4c6c-9558-1601f864128b@group-20F16FCD1309: change Leader from null to 29adc670-2c1e-4c6c-9558-1601f864128b at term 1 for becomeLeader, leader elected after 5219ms
2021-03-15 13:21:36,938 [29adc670-2c1e-4c6c-9558-1601f864128b@group-20F16FCD1309-LeaderElection4] INFO  server.RaftServerConfigKeys (ConfUtils.java:logGet(44)) - raft.server.staging.catchup.gap = 1000 (default)
2021-03-15 13:21:36,939 [29adc670-2c1e-4c6c-9558-1601f864128b@group-20F16FCD1309-LeaderElection4] INFO  metrics.RatisMetrics (RatisMetrics.java:lambda$create$0(36)) - Creating Metrics Registry : ratis.log_appender.29adc670-2c1e-4c6c-9558-1601f864128b@group-20F16FCD1309
2021-03-15 13:21:36,939 [29adc670-2c1e-4c6c-9558-1601f864128b@group-20F16FCD1309-LeaderElection4] INFO  server.RaftServerConfigKeys (ConfUtils.java:logGet(44)) - raft.server.write.element-limit = 1024 (custom)
2021-03-15 13:21:36,939 [29adc670-2c1e-4c6c-9558-1601f864128b@group-20F16FCD1309-LeaderElection4] INFO  server.RaftServerConfigKeys (ConfUtils.java:logGet(44)) - raft.server.write.byte-limit = 1073741824 (custom)
2021-03-15 13:21:36,939 [29adc670-2c1e-4c6c-9558-1601f864128b@group-20F16FCD1309-LeaderElection4] INFO  server.RaftServerConfigKeys (ConfUtils.java:logGet(44)) - raft.server.watch.timeout = 3000ms (custom)
2021-03-15 13:21:36,940 [29adc670-2c1e-4c6c-9558-1601f864128b@group-20F16FCD1309-LeaderElection4] INFO  server.RaftServerConfigKeys (ConfUtils.java:logGet(44)) - raft.server.watch.timeout.denomination = 1s (default)
2021-03-15 13:21:36,940 [29adc670-2c1e-4c6c-9558-1601f864128b@group-20F16FCD1309-LeaderElection4] INFO  server.RaftServerConfigKeys (ConfUtils.java:logGet(44)) - raft.server.watch.element-limit = 65536 (default)
2021-03-15 13:21:36,940 [29adc670-2c1e-4c6c-9558-1601f864128b@group-20F16FCD1309-LeaderElection4] INFO  impl.RoleInfo (RoleInfo.java:updateAndGet(130)) - 29adc670-2c1e-4c6c-9558-1601f864128b: start 29adc670-2c1e-4c6c-9558-1601f864128b@group-20F16FCD1309-LeaderStateImpl
2021-03-15 13:21:36,940 [29adc670-2c1e-4c6c-9558-1601f864128b@group-20F16FCD1309-LeaderElection4] INFO  segmented.SegmentedRaftLogWorker (SegmentedRaftLogWorker.java:startLogSegment(392)) - 29adc670-2c1e-4c6c-9558-1601f864128b@group-20F16FCD1309-SegmentedRaftLogWorker: Starting segment from index:0
2021-03-15 13:21:36,947 [29adc670-2c1e-4c6c-9558-1601f864128b@group-20F16FCD1309-LeaderElection4] INFO  server.RaftServer$Division (ServerState.java:setRaftConf(373)) - 29adc670-2c1e-4c6c-9558-1601f864128b@group-20F16FCD1309: set configuration 0: [29adc670-2c1e-4c6c-9558-1601f864128b|rpc:172.17.0.2:37315|dataStream:|priority:1], old=null
2021-03-15 13:21:36,947 [EventQueue-PipelineReportForOneReplicaPipelineSafeModeRule] INFO  safemode.SCMSafeModeManager (SCMSafeModeManager.java:validateSafeModeExitRules(214)) - AtleastOneDatanodeReportedRule rule is successfully validated
2021-03-15 13:21:36,948 [EventQueue-OpenPipelineForHealthyPipelineSafeModeRule] INFO  safemode.SCMSafeModeManager (HealthyPipelineSafeModeRule.java:process(128)) - SCM in safe mode. Healthy pipelines reported count is 0, required healthy pipeline reported count is 1
2021-03-15 13:21:36,948 [29adc670-2c1e-4c6c-9558-1601f864128b@group-20F16FCD1309-SegmentedRaftLogWorker] INFO  segmented.SegmentedRaftLogWorker (SegmentedRaftLogWorker.java:execute(599)) - 29adc670-2c1e-4c6c-9558-1601f864128b@group-20F16FCD1309-SegmentedRaftLogWorker: created new log segment /github/workspace/mnt/ozone/hadoop-ozone/integration-test/target/test-dir/MiniOzoneClusterImpl-10170ce6-1bcb-4b6c-85b7-fb1f14fc7e79/datanode-1/data/ratis/80380c97-8ba5-4cfd-9967-20f16fcd1309/current/log_inprogress_0
2021-03-15 13:21:37,049 [Listener at 127.0.0.1/41395] INFO  ozone.MiniOzoneClusterImpl (MiniOzoneClusterImpl.java:lambda$waitForClusterToBeReady$0(187)) - Nodes are ready. Got 7 of 7 DN Heartbeats.
2021-03-15 13:21:37,049 [Listener at 127.0.0.1/41395] INFO  ozone.MiniOzoneClusterImpl (MiniOzoneClusterImpl.java:lambda$waitForClusterToBeReady$0(190)) - Waiting for cluster to exit safe mode
2021-03-15 13:21:37,064 [EventQueue-PipelineReportForOneReplicaPipelineSafeModeRule] INFO  safemode.SCMSafeModeManager (SCMSafeModeManager.java:validateSafeModeExitRules(214)) - AtleastOneDatanodeReportedRule rule is successfully validated
2021-03-15 13:21:37,064 [EventQueue-OpenPipelineForHealthyPipelineSafeModeRule] INFO  safemode.SCMSafeModeManager (HealthyPipelineSafeModeRule.java:process(128)) - SCM in safe mode. Healthy pipelines reported count is 0, required healthy pipeline reported count is 1
2021-03-15 13:21:37,102 [EventQueue-OpenPipelineForHealthyPipelineSafeModeRule] INFO  safemode.SCMSafeModeManager (HealthyPipelineSafeModeRule.java:process(128)) - SCM in safe mode. Healthy pipelines reported count is 0, required healthy pipeline reported count is 1
2021-03-15 13:21:37,102 [EventQueue-PipelineReportForOneReplicaPipelineSafeModeRule] INFO  safemode.SCMSafeModeManager (SCMSafeModeManager.java:validateSafeModeExitRules(214)) - AtleastOneDatanodeReportedRule rule is successfully validated
2021-03-15 13:21:37,103 [EventQueue-PipelineReportForOneReplicaPipelineSafeModeRule] INFO  safemode.SCMSafeModeManager (SCMSafeModeManager.java:validateSafeModeExitRules(214)) - AtleastOneDatanodeReportedRule rule is successfully validated
2021-03-15 13:21:37,103 [EventQueue-OpenPipelineForHealthyPipelineSafeModeRule] INFO  safemode.SCMSafeModeManager (HealthyPipelineSafeModeRule.java:process(128)) - SCM in safe mode. Healthy pipelines reported count is 0, required healthy pipeline reported count is 1
2021-03-15 13:21:37,180 [EventQueue-PipelineReportForOneReplicaPipelineSafeModeRule] INFO  safemode.SCMSafeModeManager (SCMSafeModeManager.java:validateSafeModeExitRules(214)) - AtleastOneDatanodeReportedRule rule is successfully validated
2021-03-15 13:21:37,180 [EventQueue-OpenPipelineForHealthyPipelineSafeModeRule] INFO  safemode.SCMSafeModeManager (HealthyPipelineSafeModeRule.java:process(128)) - SCM in safe mode. Healthy pipelines reported count is 0, required healthy pipeline reported count is 1
2021-03-15 13:21:37,372 [Thread-251] INFO  impl.FollowerState (FollowerState.java:run(133)) - 2bcf9514-6eaf-4328-a021-870a209d39c4@group-3569B44EBDC6-FollowerState: change to CANDIDATE, lastRpcElapsedTime:5141520366ns, electionTimeout:5135ms
2021-03-15 13:21:37,372 [Thread-251] INFO  impl.RoleInfo (RoleInfo.java:shutdownFollowerState(108)) - 2bcf9514-6eaf-4328-a021-870a209d39c4: shutdown 2bcf9514-6eaf-4328-a021-870a209d39c4@group-3569B44EBDC6-FollowerState
2021-03-15 13:21:37,372 [Thread-251] INFO  server.RaftServer$Division (RaftServerImpl.java:setRole(284)) - 2bcf9514-6eaf-4328-a021-870a209d39c4@group-3569B44EBDC6: changes role from  FOLLOWER to CANDIDATE at term 0 for changeToCandidate
2021-03-15 13:21:37,373 [Thread-251] INFO  server.RaftServerConfigKeys (ConfUtils.java:logGet(44)) - raft.server.leaderelection.pre-vote = false (custom)
2021-03-15 13:21:37,373 [Thread-251] INFO  impl.RoleInfo (RoleInfo.java:updateAndGet(130)) - 2bcf9514-6eaf-4328-a021-870a209d39c4: start 2bcf9514-6eaf-4328-a021-870a209d39c4@group-3569B44EBDC6-LeaderElection5
2021-03-15 13:21:37,377 [2bcf9514-6eaf-4328-a021-870a209d39c4@group-3569B44EBDC6-LeaderElection5] INFO  impl.LeaderElection (LeaderElection.java:askForVotes(307)) - 2bcf9514-6eaf-4328-a021-870a209d39c4@group-3569B44EBDC6-LeaderElection5 ELECTION round 0: submit vote requests at term 1 for -1: [2bcf9514-6eaf-4328-a021-870a209d39c4|rpc:172.17.0.2:43919|priority:1], old=null
2021-03-15 13:21:37,377 [2bcf9514-6eaf-4328-a021-870a209d39c4@group-3569B44EBDC6-LeaderElection5] INFO  impl.LeaderElection (LeaderElection.java:askForVotes(309)) - 2bcf9514-6eaf-4328-a021-870a209d39c4@group-3569B44EBDC6-LeaderElection5 ELECTION round 0: result PASSED (term=1)
2021-03-15 13:21:37,377 [2bcf9514-6eaf-4328-a021-870a209d39c4@group-3569B44EBDC6-LeaderElection5] INFO  impl.RoleInfo (RoleInfo.java:shutdownLeaderElection(121)) - 2bcf9514-6eaf-4328-a021-870a209d39c4: shutdown 2bcf9514-6eaf-4328-a021-870a209d39c4@group-3569B44EBDC6-LeaderElection5
2021-03-15 13:21:37,378 [2bcf9514-6eaf-4328-a021-870a209d39c4@group-3569B44EBDC6-LeaderElection5] INFO  server.RaftServer$Division (RaftServerImpl.java:setRole(284)) - 2bcf9514-6eaf-4328-a021-870a209d39c4@group-3569B44EBDC6: changes role from CANDIDATE to LEADER at term 1 for changeToLeader
2021-03-15 13:21:37,378 [2bcf9514-6eaf-4328-a021-870a209d39c4@group-3569B44EBDC6-LeaderElection5] INFO  ratis.XceiverServerRatis (XceiverServerRatis.java:handleLeaderChangedNotification(899)) - Leader change notification received for group: group-3569B44EBDC6 with new leaderId: 2bcf9514-6eaf-4328-a021-870a209d39c4
2021-03-15 13:21:37,378 [2bcf9514-6eaf-4328-a021-870a209d39c4@group-3569B44EBDC6-LeaderElection5] INFO  server.RaftServer$Division (ServerState.java:setLeader(271)) - 2bcf9514-6eaf-4328-a021-870a209d39c4@group-3569B44EBDC6: change Leader from null to 2bcf9514-6eaf-4328-a021-870a209d39c4 at term 1 for becomeLeader, leader elected after 5186ms
2021-03-15 13:21:37,379 [EventQueue-OpenPipelineForHealthyPipelineSafeModeRule] INFO  safemode.SCMSafeModeManager (HealthyPipelineSafeModeRule.java:process(128)) - SCM in safe mode. Healthy pipelines reported count is 0, required healthy pipeline reported count is 1
2021-03-15 13:21:37,379 [EventQueue-PipelineReportForOneReplicaPipelineSafeModeRule] INFO  safemode.SCMSafeModeManager (SCMSafeModeManager.java:validateSafeModeExitRules(214)) - AtleastOneDatanodeReportedRule rule is successfully validated
2021-03-15 13:21:37,380 [2bcf9514-6eaf-4328-a021-870a209d39c4@group-3569B44EBDC6-LeaderElection5] INFO  server.RaftServerConfigKeys (ConfUtils.java:logGet(44)) - raft.server.staging.catchup.gap = 1000 (default)
2021-03-15 13:21:37,380 [2bcf9514-6eaf-4328-a021-870a209d39c4@group-3569B44EBDC6-LeaderElection5] INFO  metrics.RatisMetrics (RatisMetrics.java:lambda$create$0(36)) - Creating Metrics Registry : ratis.log_appender.2bcf9514-6eaf-4328-a021-870a209d39c4@group-3569B44EBDC6
2021-03-15 13:21:37,380 [2bcf9514-6eaf-4328-a021-870a209d39c4@group-3569B44EBDC6-LeaderElection5] INFO  server.RaftServerConfigKeys (ConfUtils.java:logGet(44)) - raft.server.write.element-limit = 1024 (custom)
2021-03-15 13:21:37,382 [2bcf9514-6eaf-4328-a021-870a209d39c4@group-3569B44EBDC6-LeaderElection5] INFO  server.RaftServerConfigKeys (ConfUtils.java:logGet(44)) - raft.server.write.byte-limit = 1073741824 (custom)
2021-03-15 13:21:37,382 [2bcf9514-6eaf-4328-a021-870a209d39c4@group-3569B44EBDC6-LeaderElection5] INFO  server.RaftServerConfigKeys (ConfUtils.java:logGet(44)) - raft.server.watch.timeout = 3000ms (custom)
2021-03-15 13:21:37,382 [2bcf9514-6eaf-4328-a021-870a209d39c4@group-3569B44EBDC6-LeaderElection5] INFO  server.RaftServerConfigKeys (ConfUtils.java:logGet(44)) - raft.server.watch.timeout.denomination = 1s (default)
2021-03-15 13:21:37,382 [2bcf9514-6eaf-4328-a021-870a209d39c4@group-3569B44EBDC6-LeaderElection5] INFO  server.RaftServerConfigKeys (ConfUtils.java:logGet(44)) - raft.server.watch.element-limit = 65536 (default)
2021-03-15 13:21:37,383 [2bcf9514-6eaf-4328-a021-870a209d39c4@group-3569B44EBDC6-LeaderElection5] INFO  impl.RoleInfo (RoleInfo.java:updateAndGet(130)) - 2bcf9514-6eaf-4328-a021-870a209d39c4: start 2bcf9514-6eaf-4328-a021-870a209d39c4@group-3569B44EBDC6-LeaderStateImpl
2021-03-15 13:21:37,383 [2bcf9514-6eaf-4328-a021-870a209d39c4@group-3569B44EBDC6-LeaderElection5] INFO  segmented.SegmentedRaftLogWorker (SegmentedRaftLogWorker.java:startLogSegment(392)) - 2bcf9514-6eaf-4328-a021-870a209d39c4@group-3569B44EBDC6-SegmentedRaftLogWorker: Starting segment from index:0
2021-03-15 13:21:37,385 [2bcf9514-6eaf-4328-a021-870a209d39c4@group-3569B44EBDC6-SegmentedRaftLogWorker] INFO  segmented.SegmentedRaftLogWorker (SegmentedRaftLogWorker.java:execute(599)) - 2bcf9514-6eaf-4328-a021-870a209d39c4@group-3569B44EBDC6-SegmentedRaftLogWorker: created new log segment /github/workspace/mnt/ozone/hadoop-ozone/integration-test/target/test-dir/MiniOzoneClusterImpl-10170ce6-1bcb-4b6c-85b7-fb1f14fc7e79/datanode-2/data/ratis/cfed619c-994d-4625-bc70-3569b44ebdc6/current/log_inprogress_0
2021-03-15 13:21:37,386 [2bcf9514-6eaf-4328-a021-870a209d39c4@group-3569B44EBDC6-LeaderElection5] INFO  server.RaftServer$Division (ServerState.java:setRaftConf(373)) - 2bcf9514-6eaf-4328-a021-870a209d39c4@group-3569B44EBDC6: set configuration 0: [2bcf9514-6eaf-4328-a021-870a209d39c4|rpc:172.17.0.2:43919|dataStream:|priority:1], old=null
2021-03-15 13:21:37,418 [EventQueue-PipelineReportForOneReplicaPipelineSafeModeRule] INFO  safemode.SCMSafeModeManager (SCMSafeModeManager.java:validateSafeModeExitRules(214)) - AtleastOneDatanodeReportedRule rule is successfully validated
2021-03-15 13:21:37,418 [EventQueue-OpenPipelineForHealthyPipelineSafeModeRule] INFO  safemode.SCMSafeModeManager (HealthyPipelineSafeModeRule.java:process(128)) - SCM in safe mode. Healthy pipelines reported count is 0, required healthy pipeline reported count is 1
2021-03-15 13:21:37,502 [Thread-260] INFO  impl.FollowerState (FollowerState.java:run(133)) - 01124cd4-4ace-459c-9f52-5cd7a41fca7c@group-E860D21F6A2B-FollowerState: change to CANDIDATE, lastRpcElapsedTime:5076065444ns, electionTimeout:5075ms
2021-03-15 13:21:37,502 [Thread-260] INFO  impl.RoleInfo (RoleInfo.java:shutdownFollowerState(108)) - 01124cd4-4ace-459c-9f52-5cd7a41fca7c: shutdown 01124cd4-4ace-459c-9f52-5cd7a41fca7c@group-E860D21F6A2B-FollowerState
2021-03-15 13:21:37,502 [Thread-260] INFO  server.RaftServer$Division (RaftServerImpl.java:setRole(284)) - 01124cd4-4ace-459c-9f52-5cd7a41fca7c@group-E860D21F6A2B: changes role from  FOLLOWER to CANDIDATE at term 0 for changeToCandidate
2021-03-15 13:21:37,503 [Thread-260] INFO  server.RaftServerConfigKeys (ConfUtils.java:logGet(44)) - raft.server.leaderelection.pre-vote = false (custom)
2021-03-15 13:21:37,503 [Thread-260] INFO  impl.RoleInfo (RoleInfo.java:updateAndGet(130)) - 01124cd4-4ace-459c-9f52-5cd7a41fca7c: start 01124cd4-4ace-459c-9f52-5cd7a41fca7c@group-E860D21F6A2B-LeaderElection6
2021-03-15 13:21:37,506 [01124cd4-4ace-459c-9f52-5cd7a41fca7c@group-E860D21F6A2B-LeaderElection6] INFO  impl.LeaderElection (LeaderElection.java:askForVotes(307)) - 01124cd4-4ace-459c-9f52-5cd7a41fca7c@group-E860D21F6A2B-LeaderElection6 ELECTION round 0: submit vote requests at term 1 for -1: [01124cd4-4ace-459c-9f52-5cd7a41fca7c|rpc:172.17.0.2:40903|priority:0, 8f544fba-ae2a-4c10-8316-b74b14cffb80|rpc:172.17.0.2:35899|priority:0, 490c2edb-ef6d-43f1-a3fc-38f1bdb7d380|rpc:172.17.0.2:35411|priority:1], old=null
2021-03-15 13:21:37,517 [grpc-default-executor-0] INFO  server.RaftServer$Division (RaftServerImpl.java:requestVote(1025)) - 8f544fba-ae2a-4c10-8316-b74b14cffb80@group-E860D21F6A2B: receive requestVote(ELECTION, 01124cd4-4ace-459c-9f52-5cd7a41fca7c, group-E860D21F6A2B, 1, (t:0, i:0))
2021-03-15 13:21:37,517 [grpc-default-executor-0] INFO  impl.VoteContext (VoteContext.java:log(48)) - 8f544fba-ae2a-4c10-8316-b74b14cffb80@group-E860D21F6A2B-FOLLOWER: accept ELECTION from 01124cd4-4ace-459c-9f52-5cd7a41fca7c: our priority 0 <= candidate's priority 0
2021-03-15 13:21:37,517 [grpc-default-executor-0] INFO  server.RaftServer$Division (RaftServerImpl.java:setRole(284)) - 8f544fba-ae2a-4c10-8316-b74b14cffb80@group-E860D21F6A2B: changes role from  FOLLOWER to FOLLOWER at term 1 for candidate:01124cd4-4ace-459c-9f52-5cd7a41fca7c
2021-03-15 13:21:37,518 [grpc-default-executor-0] INFO  impl.RoleInfo (RoleInfo.java:shutdownFollowerState(108)) - 8f544fba-ae2a-4c10-8316-b74b14cffb80: shutdown 8f544fba-ae2a-4c10-8316-b74b14cffb80@group-E860D21F6A2B-FollowerState
2021-03-15 13:21:37,518 [grpc-default-executor-0] INFO  impl.RoleInfo (RoleInfo.java:updateAndGet(130)) - 8f544fba-ae2a-4c10-8316-b74b14cffb80: start 8f544fba-ae2a-4c10-8316-b74b14cffb80@group-E860D21F6A2B-FollowerState
2021-03-15 13:21:37,518 [Thread-274] INFO  impl.FollowerState (FollowerState.java:run(142)) - 8f544fba-ae2a-4c10-8316-b74b14cffb80@group-E860D21F6A2B-FollowerState was interrupted: {}
java.lang.InterruptedException: sleep interrupted
	at java.lang.Thread.sleep(Native Method)
	at java.lang.Thread.sleep(Thread.java:340)
	at java.util.concurrent.TimeUnit.sleep(TimeUnit.java:386)
	at org.apache.ratis.util.TimeDuration.sleep(TimeDuration.java:324)
	at org.apache.ratis.util.TimeDuration.sleep(TimeDuration.java:309)
	at org.apache.ratis.server.impl.FollowerState.run(FollowerState.java:117)
2021-03-15 13:21:37,519 [grpc-default-executor-0] INFO  server.RaftServer$Division (RaftServerImpl.java:requestVote(1057)) - 8f544fba-ae2a-4c10-8316-b74b14cffb80@group-E860D21F6A2B replies to ELECTION vote request: 01124cd4-4ace-459c-9f52-5cd7a41fca7c<-8f544fba-ae2a-4c10-8316-b74b14cffb80#0:OK-t1. Peer's state: 8f544fba-ae2a-4c10-8316-b74b14cffb80@group-E860D21F6A2B:t1, leader=null, voted=01124cd4-4ace-459c-9f52-5cd7a41fca7c, raftlog=8f544fba-ae2a-4c10-8316-b74b14cffb80@group-E860D21F6A2B-SegmentedRaftLog:OPENED:c-1,f-1,i0, conf=-1: [01124cd4-4ace-459c-9f52-5cd7a41fca7c|rpc:172.17.0.2:40903|dataStream:|priority:0, 8f544fba-ae2a-4c10-8316-b74b14cffb80|rpc:172.17.0.2:35899|dataStream:|priority:0, 490c2edb-ef6d-43f1-a3fc-38f1bdb7d380|rpc:172.17.0.2:35411|dataStream:|priority:1], old=null
2021-03-15 13:21:37,529 [grpc-default-executor-0] INFO  server.RaftServer$Division (RaftServerImpl.java:requestVote(1025)) - 490c2edb-ef6d-43f1-a3fc-38f1bdb7d380@group-E860D21F6A2B: receive requestVote(ELECTION, 01124cd4-4ace-459c-9f52-5cd7a41fca7c, group-E860D21F6A2B, 1, (t:0, i:0))
2021-03-15 13:21:37,529 [grpc-default-executor-0] INFO  impl.VoteContext (VoteContext.java:log(48)) - 490c2edb-ef6d-43f1-a3fc-38f1bdb7d380@group-E860D21F6A2B-FOLLOWER: reject ELECTION from 01124cd4-4ace-459c-9f52-5cd7a41fca7c: our priority 1 > candidate's priority 0
2021-03-15 13:21:37,529 [grpc-default-executor-0] INFO  server.RaftServer$Division (RaftServerImpl.java:setRole(284)) - 490c2edb-ef6d-43f1-a3fc-38f1bdb7d380@group-E860D21F6A2B: changes role from  FOLLOWER to FOLLOWER at term 1 for candidate:01124cd4-4ace-459c-9f52-5cd7a41fca7c
2021-03-15 13:21:37,529 [grpc-default-executor-0] INFO  impl.RoleInfo (RoleInfo.java:shutdownFollowerState(108)) - 490c2edb-ef6d-43f1-a3fc-38f1bdb7d380: shutdown 490c2edb-ef6d-43f1-a3fc-38f1bdb7d380@group-E860D21F6A2B-FollowerState
2021-03-15 13:21:37,529 [grpc-default-executor-0] INFO  impl.RoleInfo (RoleInfo.java:updateAndGet(130)) - 490c2edb-ef6d-43f1-a3fc-38f1bdb7d380: start 490c2edb-ef6d-43f1-a3fc-38f1bdb7d380@group-E860D21F6A2B-FollowerState
2021-03-15 13:21:37,529 [Thread-298] INFO  impl.FollowerState (FollowerState.java:run(142)) - 490c2edb-ef6d-43f1-a3fc-38f1bdb7d380@group-E860D21F6A2B-FollowerState was interrupted: {}
java.lang.InterruptedException: sleep interrupted
	at java.lang.Thread.sleep(Native Method)
	at java.lang.Thread.sleep(Thread.java:340)
	at java.util.concurrent.TimeUnit.sleep(TimeUnit.java:386)
	at org.apache.ratis.util.TimeDuration.sleep(TimeDuration.java:324)
	at org.apache.ratis.util.TimeDuration.sleep(TimeDuration.java:309)
	at org.apache.ratis.server.impl.FollowerState.run(FollowerState.java:117)
2021-03-15 13:21:37,534 [grpc-default-executor-0] INFO  server.RaftServer$Division (RaftServerImpl.java:requestVote(1057)) - 490c2edb-ef6d-43f1-a3fc-38f1bdb7d380@group-E860D21F6A2B replies to ELECTION vote request: 01124cd4-4ace-459c-9f52-5cd7a41fca7c<-490c2edb-ef6d-43f1-a3fc-38f1bdb7d380#0:FAIL-t1. Peer's state: 490c2edb-ef6d-43f1-a3fc-38f1bdb7d380@group-E860D21F6A2B:t1, leader=null, voted=null, raftlog=490c2edb-ef6d-43f1-a3fc-38f1bdb7d380@group-E860D21F6A2B-SegmentedRaftLog:OPENED:c-1,f-1,i0, conf=-1: [01124cd4-4ace-459c-9f52-5cd7a41fca7c|rpc:172.17.0.2:40903|dataStream:|priority:0, 8f544fba-ae2a-4c10-8316-b74b14cffb80|rpc:172.17.0.2:35899|dataStream:|priority:0, 490c2edb-ef6d-43f1-a3fc-38f1bdb7d380|rpc:172.17.0.2:35411|dataStream:|priority:1], old=null
2021-03-15 13:21:37,536 [01124cd4-4ace-459c-9f52-5cd7a41fca7c@group-E860D21F6A2B-LeaderElection6] INFO  impl.LeaderElection (LeaderElection.java:logAndReturn(89)) - 01124cd4-4ace-459c-9f52-5cd7a41fca7c@group-E860D21F6A2B-LeaderElection6: ELECTION REJECTED received 2 response(s) and 0 exception(s):
2021-03-15 13:21:37,536 [01124cd4-4ace-459c-9f52-5cd7a41fca7c@group-E860D21F6A2B-LeaderElection6] INFO  impl.LeaderElection (LeaderElection.java:logAndReturn(93)) -   Response 0: 01124cd4-4ace-459c-9f52-5cd7a41fca7c<-8f544fba-ae2a-4c10-8316-b74b14cffb80#0:OK-t1
2021-03-15 13:21:37,536 [01124cd4-4ace-459c-9f52-5cd7a41fca7c@group-E860D21F6A2B-LeaderElection6] INFO  impl.LeaderElection (LeaderElection.java:logAndReturn(93)) -   Response 1: 01124cd4-4ace-459c-9f52-5cd7a41fca7c<-490c2edb-ef6d-43f1-a3fc-38f1bdb7d380#0:FAIL-t1
2021-03-15 13:21:37,536 [01124cd4-4ace-459c-9f52-5cd7a41fca7c@group-E860D21F6A2B-LeaderElection6] INFO  impl.LeaderElection (LeaderElection.java:askForVotes(309)) - 01124cd4-4ace-459c-9f52-5cd7a41fca7c@group-E860D21F6A2B-LeaderElection6 ELECTION round 0: result REJECTED
2021-03-15 13:21:37,536 [01124cd4-4ace-459c-9f52-5cd7a41fca7c@group-E860D21F6A2B-LeaderElection6] INFO  server.RaftServer$Division (RaftServerImpl.java:setRole(284)) - 01124cd4-4ace-459c-9f52-5cd7a41fca7c@group-E860D21F6A2B: changes role from CANDIDATE to FOLLOWER at term 1 for REJECTED
2021-03-15 13:21:37,537 [01124cd4-4ace-459c-9f52-5cd7a41fca7c@group-E860D21F6A2B-LeaderElection6] INFO  impl.RoleInfo (RoleInfo.java:shutdownLeaderElection(121)) - 01124cd4-4ace-459c-9f52-5cd7a41fca7c: shutdown 01124cd4-4ace-459c-9f52-5cd7a41fca7c@group-E860D21F6A2B-LeaderElection6
2021-03-15 13:21:37,537 [01124cd4-4ace-459c-9f52-5cd7a41fca7c@group-E860D21F6A2B-LeaderElection6] INFO  impl.RoleInfo (RoleInfo.java:updateAndGet(130)) - 01124cd4-4ace-459c-9f52-5cd7a41fca7c: start 01124cd4-4ace-459c-9f52-5cd7a41fca7c@group-E860D21F6A2B-FollowerState
2021-03-15 13:21:37,554 [Thread-256] INFO  impl.FollowerState (FollowerState.java:run(133)) - 01124cd4-4ace-459c-9f52-5cd7a41fca7c@group-399D3B981C2E-FollowerState: change to CANDIDATE, lastRpcElapsedTime:5158370026ns, electionTimeout:5154ms
2021-03-15 13:21:37,556 [Thread-256] INFO  impl.RoleInfo (RoleInfo.java:shutdownFollowerState(108)) - 01124cd4-4ace-459c-9f52-5cd7a41fca7c: shutdown 01124cd4-4ace-459c-9f52-5cd7a41fca7c@group-399D3B981C2E-FollowerState
2021-03-15 13:21:37,556 [Thread-256] INFO  server.RaftServer$Division (RaftServerImpl.java:setRole(284)) - 01124cd4-4ace-459c-9f52-5cd7a41fca7c@group-399D3B981C2E: changes role from  FOLLOWER to CANDIDATE at term 0 for changeToCandidate
2021-03-15 13:21:37,556 [Thread-256] INFO  server.RaftServerConfigKeys (ConfUtils.java:logGet(44)) - raft.server.leaderelection.pre-vote = false (custom)
2021-03-15 13:21:37,556 [Thread-256] INFO  impl.RoleInfo (RoleInfo.java:updateAndGet(130)) - 01124cd4-4ace-459c-9f52-5cd7a41fca7c: start 01124cd4-4ace-459c-9f52-5cd7a41fca7c@group-399D3B981C2E-LeaderElection7
2021-03-15 13:21:37,563 [01124cd4-4ace-459c-9f52-5cd7a41fca7c@group-399D3B981C2E-LeaderElection7] INFO  impl.LeaderElection (LeaderElection.java:askForVotes(307)) - 01124cd4-4ace-459c-9f52-5cd7a41fca7c@group-399D3B981C2E-LeaderElection7 ELECTION round 0: submit vote requests at term 1 for -1: [01124cd4-4ace-459c-9f52-5cd7a41fca7c|rpc:172.17.0.2:40903|priority:1], old=null
2021-03-15 13:21:37,564 [01124cd4-4ace-459c-9f52-5cd7a41fca7c@group-399D3B981C2E-LeaderElection7] INFO  impl.LeaderElection (LeaderElection.java:askForVotes(309)) - 01124cd4-4ace-459c-9f52-5cd7a41fca7c@group-399D3B981C2E-LeaderElection7 ELECTION round 0: result PASSED (term=1)
2021-03-15 13:21:37,564 [01124cd4-4ace-459c-9f52-5cd7a41fca7c@group-399D3B981C2E-LeaderElection7] INFO  impl.RoleInfo (RoleInfo.java:shutdownLeaderElection(121)) - 01124cd4-4ace-459c-9f52-5cd7a41fca7c: shutdown 01124cd4-4ace-459c-9f52-5cd7a41fca7c@group-399D3B981C2E-LeaderElection7
2021-03-15 13:21:37,564 [01124cd4-4ace-459c-9f52-5cd7a41fca7c@group-399D3B981C2E-LeaderElection7] INFO  server.RaftServer$Division (RaftServerImpl.java:setRole(284)) - 01124cd4-4ace-459c-9f52-5cd7a41fca7c@group-399D3B981C2E: changes role from CANDIDATE to LEADER at term 1 for changeToLeader
2021-03-15 13:21:37,564 [01124cd4-4ace-459c-9f52-5cd7a41fca7c@group-399D3B981C2E-LeaderElection7] INFO  ratis.XceiverServerRatis (XceiverServerRatis.java:handleLeaderChangedNotification(899)) - Leader change notification received for group: group-399D3B981C2E with new leaderId: 01124cd4-4ace-459c-9f52-5cd7a41fca7c
2021-03-15 13:21:37,564 [01124cd4-4ace-459c-9f52-5cd7a41fca7c@group-399D3B981C2E-LeaderElection7] INFO  server.RaftServer$Division (ServerState.java:setLeader(271)) - 01124cd4-4ace-459c-9f52-5cd7a41fca7c@group-399D3B981C2E: change Leader from null to 01124cd4-4ace-459c-9f52-5cd7a41fca7c at term 1 for becomeLeader, leader elected after 5201ms
2021-03-15 13:21:37,564 [01124cd4-4ace-459c-9f52-5cd7a41fca7c@group-399D3B981C2E-LeaderElection7] INFO  server.RaftServerConfigKeys (ConfUtils.java:logGet(44)) - raft.server.staging.catchup.gap = 1000 (default)
2021-03-15 13:21:37,564 [01124cd4-4ace-459c-9f52-5cd7a41fca7c@group-399D3B981C2E-LeaderElection7] INFO  metrics.RatisMetrics (RatisMetrics.java:lambda$create$0(36)) - Creating Metrics Registry : ratis.log_appender.01124cd4-4ace-459c-9f52-5cd7a41fca7c@group-399D3B981C2E
2021-03-15 13:21:37,564 [01124cd4-4ace-459c-9f52-5cd7a41fca7c@group-399D3B981C2E-LeaderElection7] INFO  server.RaftServerConfigKeys (ConfUtils.java:logGet(44)) - raft.server.write.element-limit = 1024 (custom)
2021-03-15 13:21:37,565 [01124cd4-4ace-459c-9f52-5cd7a41fca7c@group-399D3B981C2E-LeaderElection7] INFO  server.RaftServerConfigKeys (ConfUtils.java:logGet(44)) - raft.server.write.byte-limit = 1073741824 (custom)
2021-03-15 13:21:37,565 [01124cd4-4ace-459c-9f52-5cd7a41fca7c@group-399D3B981C2E-LeaderElection7] INFO  server.RaftServerConfigKeys (ConfUtils.java:logGet(44)) - raft.server.watch.timeout = 3000ms (custom)
2021-03-15 13:21:37,565 [01124cd4-4ace-459c-9f52-5cd7a41fca7c@group-399D3B981C2E-LeaderElection7] INFO  server.RaftServerConfigKeys (ConfUtils.java:logGet(44)) - raft.server.watch.timeout.denomination = 1s (default)
2021-03-15 13:21:37,565 [01124cd4-4ace-459c-9f52-5cd7a41fca7c@group-399D3B981C2E-LeaderElection7] INFO  server.RaftServerConfigKeys (ConfUtils.java:logGet(44)) - raft.server.watch.element-limit = 65536 (default)
2021-03-15 13:21:37,566 [EventQueue-PipelineReportForOneReplicaPipelineSafeModeRule] INFO  safemode.SCMSafeModeManager (SCMSafeModeManager.java:validateSafeModeExitRules(214)) - AtleastOneDatanodeReportedRule rule is successfully validated
2021-03-15 13:21:37,566 [EventQueue-OpenPipelineForHealthyPipelineSafeModeRule] INFO  safemode.SCMSafeModeManager (HealthyPipelineSafeModeRule.java:process(128)) - SCM in safe mode. Healthy pipelines reported count is 0, required healthy pipeline reported count is 1
2021-03-15 13:21:37,567 [01124cd4-4ace-459c-9f52-5cd7a41fca7c@group-399D3B981C2E-LeaderElection7] INFO  impl.RoleInfo (RoleInfo.java:updateAndGet(130)) - 01124cd4-4ace-459c-9f52-5cd7a41fca7c: start 01124cd4-4ace-459c-9f52-5cd7a41fca7c@group-399D3B981C2E-LeaderStateImpl
2021-03-15 13:21:37,568 [01124cd4-4ace-459c-9f52-5cd7a41fca7c@group-399D3B981C2E-LeaderElection7] INFO  segmented.SegmentedRaftLogWorker (SegmentedRaftLogWorker.java:startLogSegment(392)) - 01124cd4-4ace-459c-9f52-5cd7a41fca7c@group-399D3B981C2E-SegmentedRaftLogWorker: Starting segment from index:0
2021-03-15 13:21:37,569 [01124cd4-4ace-459c-9f52-5cd7a41fca7c@group-399D3B981C2E-SegmentedRaftLogWorker] INFO  segmented.SegmentedRaftLogWorker (SegmentedRaftLogWorker.java:execute(599)) - 01124cd4-4ace-459c-9f52-5cd7a41fca7c@group-399D3B981C2E-SegmentedRaftLogWorker: created new log segment /github/workspace/mnt/ozone/hadoop-ozone/integration-test/target/test-dir/MiniOzoneClusterImpl-10170ce6-1bcb-4b6c-85b7-fb1f14fc7e79/datanode-3/data/ratis/9afd33df-eae2-41e9-aae3-399d3b981c2e/current/log_inprogress_0
2021-03-15 13:21:37,577 [Thread-263] INFO  impl.FollowerState (FollowerState.java:run(133)) - c8823aab-1c49-422a-a51c-c7b83b859fa6@group-388B48EC2E2F-FollowerState: change to CANDIDATE, lastRpcElapsedTime:5089279349ns, electionTimeout:5087ms
2021-03-15 13:21:37,577 [Thread-263] INFO  impl.RoleInfo (RoleInfo.java:shutdownFollowerState(108)) - c8823aab-1c49-422a-a51c-c7b83b859fa6: shutdown c8823aab-1c49-422a-a51c-c7b83b859fa6@group-388B48EC2E2F-FollowerState
2021-03-15 13:21:37,577 [Thread-263] INFO  server.RaftServer$Division (RaftServerImpl.java:setRole(284)) - c8823aab-1c49-422a-a51c-c7b83b859fa6@group-388B48EC2E2F: changes role from  FOLLOWER to CANDIDATE at term 0 for changeToCandidate
2021-03-15 13:21:37,577 [Thread-263] INFO  server.RaftServerConfigKeys (ConfUtils.java:logGet(44)) - raft.server.leaderelection.pre-vote = false (custom)
2021-03-15 13:21:37,577 [Thread-263] INFO  impl.RoleInfo (RoleInfo.java:updateAndGet(130)) - c8823aab-1c49-422a-a51c-c7b83b859fa6: start c8823aab-1c49-422a-a51c-c7b83b859fa6@group-388B48EC2E2F-LeaderElection8
2021-03-15 13:21:37,589 [01124cd4-4ace-459c-9f52-5cd7a41fca7c@group-399D3B981C2E-LeaderElection7] INFO  server.RaftServer$Division (ServerState.java:setRaftConf(373)) - 01124cd4-4ace-459c-9f52-5cd7a41fca7c@group-399D3B981C2E: set configuration 0: [01124cd4-4ace-459c-9f52-5cd7a41fca7c|rpc:172.17.0.2:40903|dataStream:|priority:1], old=null
2021-03-15 13:21:37,593 [c8823aab-1c49-422a-a51c-c7b83b859fa6@group-388B48EC2E2F-LeaderElection8] INFO  impl.LeaderElection (LeaderElection.java:askForVotes(307)) - c8823aab-1c49-422a-a51c-c7b83b859fa6@group-388B48EC2E2F-LeaderElection8 ELECTION round 0: submit vote requests at term 1 for -1: [29adc670-2c1e-4c6c-9558-1601f864128b|rpc:172.17.0.2:37315|priority:0, 2bcf9514-6eaf-4328-a021-870a209d39c4|rpc:172.17.0.2:43919|priority:0, c8823aab-1c49-422a-a51c-c7b83b859fa6|rpc:172.17.0.2:38877|priority:1], old=null
2021-03-15 13:21:37,600 [grpc-default-executor-0] INFO  server.RaftServer$Division (RaftServerImpl.java:requestVote(1025)) - 2bcf9514-6eaf-4328-a021-870a209d39c4@group-388B48EC2E2F: receive requestVote(ELECTION, c8823aab-1c49-422a-a51c-c7b83b859fa6, group-388B48EC2E2F, 1, (t:0, i:0))
2021-03-15 13:21:37,600 [grpc-default-executor-1] INFO  server.RaftServer$Division (RaftServerImpl.java:requestVote(1025)) - 29adc670-2c1e-4c6c-9558-1601f864128b@group-388B48EC2E2F: receive requestVote(ELECTION, c8823aab-1c49-422a-a51c-c7b83b859fa6, group-388B48EC2E2F, 1, (t:0, i:0))
2021-03-15 13:21:37,603 [grpc-default-executor-1] INFO  impl.VoteContext (VoteContext.java:log(48)) - 29adc670-2c1e-4c6c-9558-1601f864128b@group-388B48EC2E2F-FOLLOWER: accept ELECTION from c8823aab-1c49-422a-a51c-c7b83b859fa6: our priority 0 <= candidate's priority 1
2021-03-15 13:21:37,603 [grpc-default-executor-1] INFO  server.RaftServer$Division (RaftServerImpl.java:setRole(284)) - 29adc670-2c1e-4c6c-9558-1601f864128b@group-388B48EC2E2F: changes role from  FOLLOWER to FOLLOWER at term 1 for candidate:c8823aab-1c49-422a-a51c-c7b83b859fa6
2021-03-15 13:21:37,603 [grpc-default-executor-1] INFO  impl.RoleInfo (RoleInfo.java:shutdownFollowerState(108)) - 29adc670-2c1e-4c6c-9558-1601f864128b: shutdown 29adc670-2c1e-4c6c-9558-1601f864128b@group-388B48EC2E2F-FollowerState
2021-03-15 13:21:37,604 [grpc-default-executor-1] INFO  impl.RoleInfo (RoleInfo.java:updateAndGet(130)) - 29adc670-2c1e-4c6c-9558-1601f864128b: start 29adc670-2c1e-4c6c-9558-1601f864128b@group-388B48EC2E2F-FollowerState
2021-03-15 13:21:37,600 [grpc-default-executor-0] INFO  impl.VoteContext (VoteContext.java:log(48)) - 2bcf9514-6eaf-4328-a021-870a209d39c4@group-388B48EC2E2F-FOLLOWER: accept ELECTION from c8823aab-1c49-422a-a51c-c7b83b859fa6: our priority 0 <= candidate's priority 1
2021-03-15 13:21:37,604 [grpc-default-executor-0] INFO  server.RaftServer$Division (RaftServerImpl.java:setRole(284)) - 2bcf9514-6eaf-4328-a021-870a209d39c4@group-388B48EC2E2F: changes role from  FOLLOWER to FOLLOWER at term 1 for candidate:c8823aab-1c49-422a-a51c-c7b83b859fa6
2021-03-15 13:21:37,604 [grpc-default-executor-0] INFO  impl.RoleInfo (RoleInfo.java:shutdownFollowerState(108)) - 2bcf9514-6eaf-4328-a021-870a209d39c4: shutdown 2bcf9514-6eaf-4328-a021-870a209d39c4@group-388B48EC2E2F-FollowerState
2021-03-15 13:21:37,604 [grpc-default-executor-0] INFO  impl.RoleInfo (RoleInfo.java:updateAndGet(130)) - 2bcf9514-6eaf-4328-a021-870a209d39c4: start 2bcf9514-6eaf-4328-a021-870a209d39c4@group-388B48EC2E2F-FollowerState
2021-03-15 13:21:37,604 [Thread-268] INFO  impl.FollowerState (FollowerState.java:run(142)) - 2bcf9514-6eaf-4328-a021-870a209d39c4@group-388B48EC2E2F-FollowerState was interrupted: {}
java.lang.InterruptedException: sleep interrupted
	at java.lang.Thread.sleep(Native Method)
	at java.lang.Thread.sleep(Thread.java:340)
	at java.util.concurrent.TimeUnit.sleep(TimeUnit.java:386)
	at org.apache.ratis.util.TimeDuration.sleep(TimeDuration.java:324)
	at org.apache.ratis.util.TimeDuration.sleep(TimeDuration.java:309)
	at org.apache.ratis.server.impl.FollowerState.run(FollowerState.java:117)
2021-03-15 13:21:37,608 [grpc-default-executor-1] INFO  server.RaftServer$Division (RaftServerImpl.java:requestVote(1057)) - 29adc670-2c1e-4c6c-9558-1601f864128b@group-388B48EC2E2F replies to ELECTION vote request: c8823aab-1c49-422a-a51c-c7b83b859fa6<-29adc670-2c1e-4c6c-9558-1601f864128b#0:OK-t1. Peer's state: 29adc670-2c1e-4c6c-9558-1601f864128b@group-388B48EC2E2F:t1, leader=null, voted=c8823aab-1c49-422a-a51c-c7b83b859fa6, raftlog=29adc670-2c1e-4c6c-9558-1601f864128b@group-388B48EC2E2F-SegmentedRaftLog:OPENED:c-1,f-1,i0, conf=-1: [29adc670-2c1e-4c6c-9558-1601f864128b|rpc:172.17.0.2:37315|priority:0, 2bcf9514-6eaf-4328-a021-870a209d39c4|rpc:172.17.0.2:43919|priority:0, c8823aab-1c49-422a-a51c-c7b83b859fa6|rpc:172.17.0.2:38877|priority:1], old=null
2021-03-15 13:21:37,609 [Thread-265] INFO  impl.FollowerState (FollowerState.java:run(133)) - 29adc670-2c1e-4c6c-9558-1601f864128b@group-388B48EC2E2F-FollowerState: change to CANDIDATE, lastRpcElapsedTime:5101774243ns, electionTimeout:5079ms
2021-03-15 13:21:37,609 [Thread-265] INFO  impl.RoleInfo (RoleInfo.java:shutdownFollowerState(108)) - 29adc670-2c1e-4c6c-9558-1601f864128b: shutdown 29adc670-2c1e-4c6c-9558-1601f864128b@group-388B48EC2E2F-FollowerState
2021-03-15 13:21:37,609 [Thread-265] INFO  server.RaftServer$Division (RaftServerImpl.java:setRole(284)) - 29adc670-2c1e-4c6c-9558-1601f864128b@group-388B48EC2E2F: changes role from  FOLLOWER to CANDIDATE at term 1 for changeToCandidate
2021-03-15 13:21:37,609 [Thread-265] INFO  server.RaftServerConfigKeys (ConfUtils.java:logGet(44)) - raft.server.leaderelection.pre-vote = false (custom)
2021-03-15 13:21:37,609 [Thread-265] INFO  impl.RoleInfo (RoleInfo.java:updateAndGet(130)) - 29adc670-2c1e-4c6c-9558-1601f864128b: start 29adc670-2c1e-4c6c-9558-1601f864128b@group-388B48EC2E2F-LeaderElection9
2021-03-15 13:21:37,613 [grpc-default-executor-0] INFO  server.RaftServer$Division (RaftServerImpl.java:requestVote(1057)) - 2bcf9514-6eaf-4328-a021-870a209d39c4@group-388B48EC2E2F replies to ELECTION vote request: c8823aab-1c49-422a-a51c-c7b83b859fa6<-2bcf9514-6eaf-4328-a021-870a209d39c4#0:OK-t1. Peer's state: 2bcf9514-6eaf-4328-a021-870a209d39c4@group-388B48EC2E2F:t1, leader=null, voted=c8823aab-1c49-422a-a51c-c7b83b859fa6, raftlog=2bcf9514-6eaf-4328-a021-870a209d39c4@group-388B48EC2E2F-SegmentedRaftLog:OPENED:c-1,f-1,i0, conf=-1: [29adc670-2c1e-4c6c-9558-1601f864128b|rpc:172.17.0.2:37315|priority:0, 2bcf9514-6eaf-4328-a021-870a209d39c4|rpc:172.17.0.2:43919|priority:0, c8823aab-1c49-422a-a51c-c7b83b859fa6|rpc:172.17.0.2:38877|priority:1], old=null
2021-03-15 13:21:37,613 [Thread-341] INFO  impl.FollowerState (FollowerState.java:run(142)) - 29adc670-2c1e-4c6c-9558-1601f864128b@group-388B48EC2E2F-FollowerState was interrupted: {}
java.lang.InterruptedException: sleep interrupted
	at java.lang.Thread.sleep(Native Method)
	at java.lang.Thread.sleep(Thread.java:340)
	at java.util.concurrent.TimeUnit.sleep(TimeUnit.java:386)
	at org.apache.ratis.util.TimeDuration.sleep(TimeDuration.java:324)
	at org.apache.ratis.util.TimeDuration.sleep(TimeDuration.java:309)
	at org.apache.ratis.server.impl.FollowerState.run(FollowerState.java:117)
2021-03-15 13:21:37,615 [c8823aab-1c49-422a-a51c-c7b83b859fa6@group-388B48EC2E2F-LeaderElection8] INFO  impl.LeaderElection (LeaderElection.java:logAndReturn(89)) - c8823aab-1c49-422a-a51c-c7b83b859fa6@group-388B48EC2E2F-LeaderElection8: ELECTION PASSED received 1 response(s) and 0 exception(s):
2021-03-15 13:21:37,616 [c8823aab-1c49-422a-a51c-c7b83b859fa6@group-388B48EC2E2F-LeaderElection8] INFO  impl.LeaderElection (LeaderElection.java:logAndReturn(93)) -   Response 0: c8823aab-1c49-422a-a51c-c7b83b859fa6<-2bcf9514-6eaf-4328-a021-870a209d39c4#0:OK-t1
2021-03-15 13:21:37,616 [c8823aab-1c49-422a-a51c-c7b83b859fa6@group-388B48EC2E2F-LeaderElection8] INFO  impl.LeaderElection (LeaderElection.java:askForVotes(309)) - c8823aab-1c49-422a-a51c-c7b83b859fa6@group-388B48EC2E2F-LeaderElection8 ELECTION round 0: result PASSED
2021-03-15 13:21:37,616 [c8823aab-1c49-422a-a51c-c7b83b859fa6@group-388B48EC2E2F-LeaderElection8] INFO  impl.RoleInfo (RoleInfo.java:shutdownLeaderElection(121)) - c8823aab-1c49-422a-a51c-c7b83b859fa6: shutdown c8823aab-1c49-422a-a51c-c7b83b859fa6@group-388B48EC2E2F-LeaderElection8
2021-03-15 13:21:37,616 [c8823aab-1c49-422a-a51c-c7b83b859fa6@group-388B48EC2E2F-LeaderElection8] INFO  server.RaftServer$Division (RaftServerImpl.java:setRole(284)) - c8823aab-1c49-422a-a51c-c7b83b859fa6@group-388B48EC2E2F: changes role from CANDIDATE to LEADER at term 1 for changeToLeader
2021-03-15 13:21:37,616 [c8823aab-1c49-422a-a51c-c7b83b859fa6@group-388B48EC2E2F-LeaderElection8] INFO  ratis.XceiverServerRatis (XceiverServerRatis.java:handleLeaderChangedNotification(899)) - Leader change notification received for group: group-388B48EC2E2F with new leaderId: c8823aab-1c49-422a-a51c-c7b83b859fa6
2021-03-15 13:21:37,617 [c8823aab-1c49-422a-a51c-c7b83b859fa6@group-388B48EC2E2F-LeaderElection8] INFO  server.RaftServer$Division (ServerState.java:setLeader(271)) - c8823aab-1c49-422a-a51c-c7b83b859fa6@group-388B48EC2E2F: change Leader from null to c8823aab-1c49-422a-a51c-c7b83b859fa6 at term 1 for becomeLeader, leader elected after 5141ms
2021-03-15 13:21:37,617 [c8823aab-1c49-422a-a51c-c7b83b859fa6@group-388B48EC2E2F-LeaderElection8] INFO  server.RaftServerConfigKeys (ConfUtils.java:logGet(44)) - raft.server.staging.catchup.gap = 1000 (default)
2021-03-15 13:21:37,617 [c8823aab-1c49-422a-a51c-c7b83b859fa6@group-388B48EC2E2F-LeaderElection8] INFO  metrics.RatisMetrics (RatisMetrics.java:lambda$create$0(36)) - Creating Metrics Registry : ratis.log_appender.c8823aab-1c49-422a-a51c-c7b83b859fa6@group-388B48EC2E2F
2021-03-15 13:21:37,617 [c8823aab-1c49-422a-a51c-c7b83b859fa6@group-388B48EC2E2F-LeaderElection8] INFO  server.RaftServerConfigKeys (ConfUtils.java:logGet(44)) - raft.server.write.element-limit = 1024 (custom)
2021-03-15 13:21:37,617 [c8823aab-1c49-422a-a51c-c7b83b859fa6@group-388B48EC2E2F-LeaderElection8] INFO  server.RaftServerConfigKeys (ConfUtils.java:logGet(44)) - raft.server.write.byte-limit = 1073741824 (custom)
2021-03-15 13:21:37,617 [c8823aab-1c49-422a-a51c-c7b83b859fa6@group-388B48EC2E2F-LeaderElection8] INFO  server.RaftServerConfigKeys (ConfUtils.java:logGet(44)) - raft.server.watch.timeout = 3000ms (custom)
2021-03-15 13:21:37,618 [c8823aab-1c49-422a-a51c-c7b83b859fa6@group-388B48EC2E2F-LeaderElection8] INFO  server.RaftServerConfigKeys (ConfUtils.java:logGet(44)) - raft.server.watch.timeout.denomination = 1s (default)
2021-03-15 13:21:37,618 [c8823aab-1c49-422a-a51c-c7b83b859fa6@group-388B48EC2E2F-LeaderElection8] INFO  server.RaftServerConfigKeys (ConfUtils.java:logGet(44)) - raft.server.watch.element-limit = 65536 (default)
2021-03-15 13:21:37,622 [EventQueue-PipelineReportForPipelineReportHandler] INFO  pipeline.PipelineStateManager (PipelineStateManager.java:openPipeline(132)) - Pipeline Pipeline[ Id: 71864db7-4d39-4cb4-b48c-388b48ec2e2f, Nodes: c8823aab-1c49-422a-a51c-c7b83b859fa6{ip: 172.17.0.2, host: 287f2862ff4e, ports: [REPLICATION=46731, RATIS=38877, RATIS_ADMIN=38877, RATIS_SERVER=38877, STANDALONE=44487], networkLocation: /default-rack, certSerialId: null, persistedOpState: IN_SERVICE, persistedOpStateExpiryEpochSec: 0}29adc670-2c1e-4c6c-9558-1601f864128b{ip: 172.17.0.2, host: 287f2862ff4e, ports: [REPLICATION=36101, RATIS=37315, RATIS_ADMIN=37315, RATIS_SERVER=37315, STANDALONE=46417], networkLocation: /default-rack, certSerialId: null, persistedOpState: IN_SERVICE, persistedOpStateExpiryEpochSec: 0}2bcf9514-6eaf-4328-a021-870a209d39c4{ip: 172.17.0.2, host: 287f2862ff4e, ports: [REPLICATION=39657, RATIS=43919, RATIS_ADMIN=43919, RATIS_SERVER=43919, STANDALONE=43389], networkLocation: /default-rack, certSerialId: null, persistedOpState: IN_SERVICE, persistedOpStateExpiryEpochSec: 0}, Type:RATIS, Factor:THREE, State:ALLOCATED, leaderId:c8823aab-1c49-422a-a51c-c7b83b859fa6, CreationTimestamp2021-03-15T13:21:29.094Z] moved to OPEN state
2021-03-15 13:21:37,622 [EventQueue-PipelineReportForOneReplicaPipelineSafeModeRule] INFO  safemode.SCMSafeModeManager (SCMSafeModeManager.java:validateSafeModeExitRules(214)) - AtleastOneDatanodeReportedRule rule is successfully validated
2021-03-15 13:21:37,623 [EventQueue-OpenPipelineForHealthyPipelineSafeModeRule] INFO  safemode.SCMSafeModeManager (HealthyPipelineSafeModeRule.java:process(128)) - SCM in safe mode. Healthy pipelines reported count is 0, required healthy pipeline reported count is 1
2021-03-15 13:21:37,624 [EventQueue-OpenPipelineForHealthyPipelineSafeModeRule] INFO  safemode.SCMSafeModeManager (HealthyPipelineSafeModeRule.java:process(128)) - SCM in safe mode. Healthy pipelines reported count is 1, required healthy pipeline reported count is 1
2021-03-15 13:21:37,624 [EventQueue-OpenPipelineForHealthyPipelineSafeModeRule] INFO  safemode.SCMSafeModeManager (SCMSafeModeManager.java:validateSafeModeExitRules(214)) - HealthyPipelineSafeModeRule rule is successfully validated
2021-03-15 13:21:37,624 [EventQueue-OpenPipelineForHealthyPipelineSafeModeRule] INFO  safemode.SCMSafeModeManager (SCMSafeModeManager.java:validateSafeModeExitRules(228)) - ScmSafeModeManager, all rules are successfully validated
2021-03-15 13:21:37,624 [EventQueue-OpenPipelineForHealthyPipelineSafeModeRule] INFO  safemode.SCMSafeModeManager (SCMSafeModeManager.java:exitSafeMode(257)) - SCM exiting safe mode.
2021-03-15 13:21:37,627 [29adc670-2c1e-4c6c-9558-1601f864128b@group-388B48EC2E2F-LeaderElection9] INFO  impl.LeaderElection (LeaderElection.java:askForVotes(307)) - 29adc670-2c1e-4c6c-9558-1601f864128b@group-388B48EC2E2F-LeaderElection9 ELECTION round 0: submit vote requests at term 2 for -1: [29adc670-2c1e-4c6c-9558-1601f864128b|rpc:172.17.0.2:37315|priority:0, 2bcf9514-6eaf-4328-a021-870a209d39c4|rpc:172.17.0.2:43919|priority:0, c8823aab-1c49-422a-a51c-c7b83b859fa6|rpc:172.17.0.2:38877|priority:1], old=null
2021-03-15 13:21:37,627 [c8823aab-1c49-422a-a51c-c7b83b859fa6@group-388B48EC2E2F-LeaderElection8] INFO  server.RaftServerConfigKeys (ConfUtils.java:logGet(44)) - raft.server.log.appender.snapshot.chunk.size.max = 16MB (=16777216) (default)
2021-03-15 13:21:37,627 [c8823aab-1c49-422a-a51c-c7b83b859fa6@group-388B48EC2E2F-LeaderElection8] INFO  server.RaftServerConfigKeys (ConfUtils.java:logGet(44)) - raft.server.log.appender.buffer.byte-limit = 33554432 (custom)
2021-03-15 13:21:37,628 [c8823aab-1c49-422a-a51c-c7b83b859fa6@group-388B48EC2E2F-LeaderElection8] INFO  server.RaftServerConfigKeys (ConfUtils.java:logGet(44)) - raft.server.log.appender.buffer.element-limit = 1 (custom)
2021-03-15 13:21:37,631 [c8823aab-1c49-422a-a51c-c7b83b859fa6@group-388B48EC2E2F-LeaderElection8] INFO  grpc.GrpcConfigKeys (ConfUtils.java:logGet(44)) - raft.grpc.server.leader.outstanding.appends.max = 128 (default)
2021-03-15 13:21:37,632 [c8823aab-1c49-422a-a51c-c7b83b859fa6@group-388B48EC2E2F-LeaderElection8] INFO  server.RaftServerConfigKeys (ConfUtils.java:logGet(44)) - raft.server.rpc.request.timeout = 3000ms (default)
2021-03-15 13:21:37,632 [c8823aab-1c49-422a-a51c-c7b83b859fa6@group-388B48EC2E2F-LeaderElection8] INFO  server.RaftServerConfigKeys (ConfUtils.java:logGet(44)) - raft.server.log.appender.install.snapshot.enabled = false (custom)
2021-03-15 13:21:37,632 [c8823aab-1c49-422a-a51c-c7b83b859fa6@group-388B48EC2E2F-LeaderElection8] INFO  metrics.RatisMetrics (RatisMetrics.java:lambda$create$0(36)) - Creating Metrics Registry : ratis_grpc.log_appender.c8823aab-1c49-422a-a51c-c7b83b859fa6@group-388B48EC2E2F
2021-03-15 13:21:37,639 [c8823aab-1c49-422a-a51c-c7b83b859fa6@group-388B48EC2E2F-LeaderElection8] INFO  server.RaftServerConfigKeys (ConfUtils.java:logGet(44)) - raft.server.log.appender.snapshot.chunk.size.max = 16MB (=16777216) (default)
2021-03-15 13:21:37,639 [c8823aab-1c49-422a-a51c-c7b83b859fa6@group-388B48EC2E2F-LeaderElection8] INFO  server.RaftServerConfigKeys (ConfUtils.java:logGet(44)) - raft.server.log.appender.buffer.byte-limit = 33554432 (custom)
2021-03-15 13:21:37,640 [grpc-default-executor-0] INFO  server.RaftServer$Division (RaftServerImpl.java:requestVote(1025)) - 2bcf9514-6eaf-4328-a021-870a209d39c4@group-388B48EC2E2F: receive requestVote(ELECTION, 29adc670-2c1e-4c6c-9558-1601f864128b, group-388B48EC2E2F, 2, (t:0, i:0))
2021-03-15 13:21:37,641 [grpc-default-executor-0] INFO  impl.VoteContext (VoteContext.java:log(48)) - 2bcf9514-6eaf-4328-a021-870a209d39c4@group-388B48EC2E2F-FOLLOWER: accept ELECTION from 29adc670-2c1e-4c6c-9558-1601f864128b: our priority 0 <= candidate's priority 0
2021-03-15 13:21:37,641 [grpc-default-executor-0] INFO  server.RaftServer$Division (RaftServerImpl.java:setRole(284)) - 2bcf9514-6eaf-4328-a021-870a209d39c4@group-388B48EC2E2F: changes role from  FOLLOWER to FOLLOWER at term 2 for candidate:29adc670-2c1e-4c6c-9558-1601f864128b
2021-03-15 13:21:37,641 [grpc-default-executor-0] INFO  impl.RoleInfo (RoleInfo.java:shutdownFollowerState(108)) - 2bcf9514-6eaf-4328-a021-870a209d39c4: shutdown 2bcf9514-6eaf-4328-a021-870a209d39c4@group-388B48EC2E2F-FollowerState
2021-03-15 13:21:37,641 [grpc-default-executor-0] INFO  impl.RoleInfo (RoleInfo.java:updateAndGet(130)) - 2bcf9514-6eaf-4328-a021-870a209d39c4: start 2bcf9514-6eaf-4328-a021-870a209d39c4@group-388B48EC2E2F-FollowerState
2021-03-15 13:21:37,642 [Thread-342] INFO  impl.FollowerState (FollowerState.java:run(142)) - 2bcf9514-6eaf-4328-a021-870a209d39c4@group-388B48EC2E2F-FollowerState was interrupted: {}
java.lang.InterruptedException: sleep interrupted
	at java.lang.Thread.sleep(Native Method)
	at java.lang.Thread.sleep(Thread.java:340)
	at java.util.concurrent.TimeUnit.sleep(TimeUnit.java:386)
	at org.apache.ratis.util.TimeDuration.sleep(TimeDuration.java:324)
	at org.apache.ratis.util.TimeDuration.sleep(TimeDuration.java:309)
	at org.apache.ratis.server.impl.FollowerState.run(FollowerState.java:117)
2021-03-15 13:21:37,643 [c8823aab-1c49-422a-a51c-c7b83b859fa6@group-388B48EC2E2F-LeaderElection8] INFO  server.RaftServerConfigKeys (ConfUtils.java:logGet(44)) - raft.server.log.appender.buffer.element-limit = 1 (custom)
2021-03-15 13:21:37,644 [c8823aab-1c49-422a-a51c-c7b83b859fa6@group-388B48EC2E2F-LeaderElection8] INFO  grpc.GrpcConfigKeys (ConfUtils.java:logGet(44)) - raft.grpc.server.leader.outstanding.appends.max = 128 (default)
2021-03-15 13:21:37,644 [c8823aab-1c49-422a-a51c-c7b83b859fa6@group-388B48EC2E2F-LeaderElection8] INFO  server.RaftServerConfigKeys (ConfUtils.java:logGet(44)) - raft.server.rpc.request.timeout = 3000ms (default)
2021-03-15 13:21:37,644 [grpc-default-executor-1] INFO  server.RaftServer$Division (RaftServerImpl.java:requestVote(1025)) - c8823aab-1c49-422a-a51c-c7b83b859fa6@group-388B48EC2E2F: receive requestVote(ELECTION, 29adc670-2c1e-4c6c-9558-1601f864128b, group-388B48EC2E2F, 2, (t:0, i:0))
2021-03-15 13:21:37,644 [c8823aab-1c49-422a-a51c-c7b83b859fa6@group-388B48EC2E2F-LeaderElection8] INFO  server.RaftServerConfigKeys (ConfUtils.java:logGet(44)) - raft.server.log.appender.install.snapshot.enabled = false (custom)
2021-03-15 13:21:37,646 [grpc-default-executor-0] INFO  server.RaftServer$Division (RaftServerImpl.java:requestVote(1057)) - 2bcf9514-6eaf-4328-a021-870a209d39c4@group-388B48EC2E2F replies to ELECTION vote request: 29adc670-2c1e-4c6c-9558-1601f864128b<-2bcf9514-6eaf-4328-a021-870a209d39c4#0:OK-t2. Peer's state: 2bcf9514-6eaf-4328-a021-870a209d39c4@group-388B48EC2E2F:t2, leader=null, voted=29adc670-2c1e-4c6c-9558-1601f864128b, raftlog=2bcf9514-6eaf-4328-a021-870a209d39c4@group-388B48EC2E2F-SegmentedRaftLog:OPENED:c-1,f-1,i0, conf=-1: [29adc670-2c1e-4c6c-9558-1601f864128b|rpc:172.17.0.2:37315|priority:0, 2bcf9514-6eaf-4328-a021-870a209d39c4|rpc:172.17.0.2:43919|priority:0, c8823aab-1c49-422a-a51c-c7b83b859fa6|rpc:172.17.0.2:38877|priority:1], old=null
2021-03-15 13:21:37,646 [c8823aab-1c49-422a-a51c-c7b83b859fa6@group-388B48EC2E2F-LeaderElection8] INFO  impl.RoleInfo (RoleInfo.java:updateAndGet(130)) - c8823aab-1c49-422a-a51c-c7b83b859fa6: start c8823aab-1c49-422a-a51c-c7b83b859fa6@group-388B48EC2E2F-LeaderStateImpl
2021-03-15 13:21:37,646 [c8823aab-1c49-422a-a51c-c7b83b859fa6@group-388B48EC2E2F-LeaderElection8] INFO  segmented.SegmentedRaftLogWorker (SegmentedRaftLogWorker.java:startLogSegment(392)) - c8823aab-1c49-422a-a51c-c7b83b859fa6@group-388B48EC2E2F-SegmentedRaftLogWorker: Starting segment from index:0
2021-03-15 13:21:37,648 [c8823aab-1c49-422a-a51c-c7b83b859fa6@group-388B48EC2E2F-SegmentedRaftLogWorker] INFO  segmented.SegmentedRaftLogWorker (SegmentedRaftLogWorker.java:execute(599)) - c8823aab-1c49-422a-a51c-c7b83b859fa6@group-388B48EC2E2F-SegmentedRaftLogWorker: created new log segment /github/workspace/mnt/ozone/hadoop-ozone/integration-test/target/test-dir/MiniOzoneClusterImpl-10170ce6-1bcb-4b6c-85b7-fb1f14fc7e79/datanode-0/data/ratis/71864db7-4d39-4cb4-b48c-388b48ec2e2f/current/log_inprogress_0
2021-03-15 13:21:37,650 [c8823aab-1c49-422a-a51c-c7b83b859fa6@group-388B48EC2E2F-LeaderElection8] INFO  server.RaftServer$Division (ServerState.java:setRaftConf(373)) - c8823aab-1c49-422a-a51c-c7b83b859fa6@group-388B48EC2E2F: set configuration 0: [29adc670-2c1e-4c6c-9558-1601f864128b|rpc:172.17.0.2:37315|dataStream:|priority:0, 2bcf9514-6eaf-4328-a021-870a209d39c4|rpc:172.17.0.2:43919|dataStream:|priority:0, c8823aab-1c49-422a-a51c-c7b83b859fa6|rpc:172.17.0.2:38877|dataStream:|priority:1], old=null
2021-03-15 13:21:37,652 [grpc-default-executor-1] INFO  impl.VoteContext (VoteContext.java:log(48)) - c8823aab-1c49-422a-a51c-c7b83b859fa6@group-388B48EC2E2F-LEADER: reject ELECTION from 29adc670-2c1e-4c6c-9558-1601f864128b: our last entry (t:1, i:0) > candidate's last entry (t:0, i:0)
2021-03-15 13:21:37,652 [grpc-default-executor-1] INFO  server.RaftServer$Division (ServerState.java:setLeader(271)) - c8823aab-1c49-422a-a51c-c7b83b859fa6@group-388B48EC2E2F: change Leader from c8823aab-1c49-422a-a51c-c7b83b859fa6 to null at term 2 for updateCurrentTerm
2021-03-15 13:21:37,652 [grpc-default-executor-1] INFO  server.RaftServer$Division (RaftServerImpl.java:setRole(284)) - c8823aab-1c49-422a-a51c-c7b83b859fa6@group-388B48EC2E2F: changes role from    LEADER to FOLLOWER at term 2 for candidate:29adc670-2c1e-4c6c-9558-1601f864128b
2021-03-15 13:21:37,652 [grpc-default-executor-1] INFO  impl.RoleInfo (RoleInfo.java:shutdownLeaderState(91)) - c8823aab-1c49-422a-a51c-c7b83b859fa6: shutdown c8823aab-1c49-422a-a51c-c7b83b859fa6@group-388B48EC2E2F-LeaderStateImpl
2021-03-15 13:21:37,652 [grpc-default-executor-1] INFO  metrics.RatisMetrics (RatisMetrics.java:unregister(43)) - Unregistering Metrics Registry : ratis_grpc.log_appender.c8823aab-1c49-422a-a51c-c7b83b859fa6@group-388B48EC2E2F
2021-03-15 13:21:37,657 [grpc-default-executor-1] INFO  metrics.RatisMetrics (RatisMetrics.java:unregister(43)) - Unregistering Metrics Registry : ratis_grpc.log_appender.c8823aab-1c49-422a-a51c-c7b83b859fa6@group-388B48EC2E2F
2021-03-15 13:21:37,658 [grpc-default-executor-1] INFO  impl.PendingRequests (PendingRequests.java:sendNotLeaderResponses(249)) - c8823aab-1c49-422a-a51c-c7b83b859fa6@group-388B48EC2E2F-PendingRequests: sendNotLeaderResponses
2021-03-15 13:21:37,659 [grpc-default-executor-1] INFO  metrics.RatisMetrics (RatisMetrics.java:unregister(43)) - Unregistering Metrics Registry : ratis.log_appender.c8823aab-1c49-422a-a51c-c7b83b859fa6@group-388B48EC2E2F
2021-03-15 13:21:37,669 [grpc-default-executor-1] INFO  metrics.RatisMetrics (RatisMetrics.java:unregister(43)) - Unregistering Metrics Registry : ratis.server.c8823aab-1c49-422a-a51c-c7b83b859fa6@group-388B48EC2E2F
2021-03-15 13:21:37,665 [grpc-default-executor-2] INFO  server.GrpcServerProtocolService (GrpcServerProtocolService.java:onCompleted(138)) - 29adc670-2c1e-4c6c-9558-1601f864128b: Completed APPEND_ENTRIES, lastRequest: null
2021-03-15 13:21:37,670 [grpc-default-executor-1] INFO  impl.RoleInfo (RoleInfo.java:updateAndGet(130)) - c8823aab-1c49-422a-a51c-c7b83b859fa6: start c8823aab-1c49-422a-a51c-c7b83b859fa6@group-388B48EC2E2F-FollowerState
2021-03-15 13:21:37,670 [grpc-default-executor-0] INFO  server.GrpcLogAppender (GrpcLogAppender.java:onCompleted(344)) - c8823aab-1c49-422a-a51c-c7b83b859fa6@group-388B48EC2E2F->29adc670-2c1e-4c6c-9558-1601f864128b-AppendLogResponseHandler: follower responses appendEntries COMPLETED
2021-03-15 13:21:37,679 [grpc-default-executor-1] INFO  server.RaftServer$Division (RaftServerImpl.java:requestVote(1057)) - c8823aab-1c49-422a-a51c-c7b83b859fa6@group-388B48EC2E2F replies to ELECTION vote request: 29adc670-2c1e-4c6c-9558-1601f864128b<-c8823aab-1c49-422a-a51c-c7b83b859fa6#0:FAIL-t2. Peer's state: c8823aab-1c49-422a-a51c-c7b83b859fa6@group-388B48EC2E2F:t2, leader=null, voted=null, raftlog=c8823aab-1c49-422a-a51c-c7b83b859fa6@group-388B48EC2E2F-SegmentedRaftLog:OPENED:c-1,f0,i0, conf=0: [29adc670-2c1e-4c6c-9558-1601f864128b|rpc:172.17.0.2:37315|dataStream:|priority:0, 2bcf9514-6eaf-4328-a021-870a209d39c4|rpc:172.17.0.2:43919|dataStream:|priority:0, c8823aab-1c49-422a-a51c-c7b83b859fa6|rpc:172.17.0.2:38877|dataStream:|priority:1], old=null
2021-03-15 13:21:37,680 [grpc-default-executor-0] INFO  leader.FollowerInfo (FollowerInfoImpl.java:lambda$new$0(46)) - c8823aab-1c49-422a-a51c-c7b83b859fa6@group-388B48EC2E2F->29adc670-2c1e-4c6c-9558-1601f864128b: nextIndex: updateUnconditionally 0 -> 0
2021-03-15 13:21:37,682 [29adc670-2c1e-4c6c-9558-1601f864128b@group-388B48EC2E2F-LeaderElection9] INFO  impl.LeaderElection (LeaderElection.java:logAndReturn(89)) - 29adc670-2c1e-4c6c-9558-1601f864128b@group-388B48EC2E2F-LeaderElection9: ELECTION REJECTED received 2 response(s) and 0 exception(s):
2021-03-15 13:21:37,684 [29adc670-2c1e-4c6c-9558-1601f864128b@group-388B48EC2E2F-LeaderElection9] INFO  impl.LeaderElection (LeaderElection.java:logAndReturn(93)) -   Response 0: 29adc670-2c1e-4c6c-9558-1601f864128b<-2bcf9514-6eaf-4328-a021-870a209d39c4#0:OK-t2
2021-03-15 13:21:37,684 [29adc670-2c1e-4c6c-9558-1601f864128b@group-388B48EC2E2F-LeaderElection9] INFO  impl.LeaderElection (LeaderElection.java:logAndReturn(93)) -   Response 1: 29adc670-2c1e-4c6c-9558-1601f864128b<-c8823aab-1c49-422a-a51c-c7b83b859fa6#0:FAIL-t2
2021-03-15 13:21:37,684 [29adc670-2c1e-4c6c-9558-1601f864128b@group-388B48EC2E2F-LeaderElection9] INFO  impl.LeaderElection (LeaderElection.java:askForVotes(309)) - 29adc670-2c1e-4c6c-9558-1601f864128b@group-388B48EC2E2F-LeaderElection9 ELECTION round 0: result REJECTED
2021-03-15 13:21:37,684 [29adc670-2c1e-4c6c-9558-1601f864128b@group-388B48EC2E2F-LeaderElection9] INFO  server.RaftServer$Division (RaftServerImpl.java:setRole(284)) - 29adc670-2c1e-4c6c-9558-1601f864128b@group-388B48EC2E2F: changes role from CANDIDATE to FOLLOWER at term 2 for REJECTED
2021-03-15 13:21:37,684 [29adc670-2c1e-4c6c-9558-1601f864128b@group-388B48EC2E2F-LeaderElection9] INFO  impl.RoleInfo (RoleInfo.java:shutdownLeaderElection(121)) - 29adc670-2c1e-4c6c-9558-1601f864128b: shutdown 29adc670-2c1e-4c6c-9558-1601f864128b@group-388B48EC2E2F-LeaderElection9
2021-03-15 13:21:37,684 [29adc670-2c1e-4c6c-9558-1601f864128b@group-388B48EC2E2F-LeaderElection9] INFO  impl.RoleInfo (RoleInfo.java:updateAndGet(130)) - 29adc670-2c1e-4c6c-9558-1601f864128b: start 29adc670-2c1e-4c6c-9558-1601f864128b@group-388B48EC2E2F-FollowerState
2021-03-15 13:21:37,717 [Thread-278] INFO  impl.FollowerState (FollowerState.java:run(133)) - 8f544fba-ae2a-4c10-8316-b74b14cffb80@group-8E469E476B4E-FollowerState: change to CANDIDATE, lastRpcElapsedTime:5021889797ns, electionTimeout:5005ms
2021-03-15 13:21:37,717 [Thread-278] INFO  impl.RoleInfo (RoleInfo.java:shutdownFollowerState(108)) - 8f544fba-ae2a-4c10-8316-b74b14cffb80: shutdown 8f544fba-ae2a-4c10-8316-b74b14cffb80@group-8E469E476B4E-FollowerState
2021-03-15 13:21:37,717 [Thread-278] INFO  server.RaftServer$Division (RaftServerImpl.java:setRole(284)) - 8f544fba-ae2a-4c10-8316-b74b14cffb80@group-8E469E476B4E: changes role from  FOLLOWER to CANDIDATE at term 0 for changeToCandidate
2021-03-15 13:21:37,718 [Thread-278] INFO  server.RaftServerConfigKeys (ConfUtils.java:logGet(44)) - raft.server.leaderelection.pre-vote = false (custom)
2021-03-15 13:21:37,718 [Thread-278] INFO  impl.RoleInfo (RoleInfo.java:updateAndGet(130)) - 8f544fba-ae2a-4c10-8316-b74b14cffb80: start 8f544fba-ae2a-4c10-8316-b74b14cffb80@group-8E469E476B4E-LeaderElection10
2021-03-15 13:21:37,724 [8f544fba-ae2a-4c10-8316-b74b14cffb80@group-8E469E476B4E-LeaderElection10] INFO  impl.LeaderElection (LeaderElection.java:askForVotes(307)) - 8f544fba-ae2a-4c10-8316-b74b14cffb80@group-8E469E476B4E-LeaderElection10 ELECTION round 0: submit vote requests at term 1 for -1: [8f544fba-ae2a-4c10-8316-b74b14cffb80|rpc:172.17.0.2:35899|priority:1], old=null
2021-03-15 13:21:37,724 [8f544fba-ae2a-4c10-8316-b74b14cffb80@group-8E469E476B4E-LeaderElection10] INFO  impl.LeaderElection (LeaderElection.java:askForVotes(309)) - 8f544fba-ae2a-4c10-8316-b74b14cffb80@group-8E469E476B4E-LeaderElection10 ELECTION round 0: result PASSED (term=1)
2021-03-15 13:21:37,725 [8f544fba-ae2a-4c10-8316-b74b14cffb80@group-8E469E476B4E-LeaderElection10] INFO  impl.RoleInfo (RoleInfo.java:shutdownLeaderElection(121)) - 8f544fba-ae2a-4c10-8316-b74b14cffb80: shutdown 8f544fba-ae2a-4c10-8316-b74b14cffb80@group-8E469E476B4E-LeaderElection10
2021-03-15 13:21:37,725 [8f544fba-ae2a-4c10-8316-b74b14cffb80@group-8E469E476B4E-LeaderElection10] INFO  server.RaftServer$Division (RaftServerImpl.java:setRole(284)) - 8f544fba-ae2a-4c10-8316-b74b14cffb80@group-8E469E476B4E: changes role from CANDIDATE to LEADER at term 1 for changeToLeader
2021-03-15 13:21:37,725 [8f544fba-ae2a-4c10-8316-b74b14cffb80@group-8E469E476B4E-LeaderElection10] INFO  ratis.XceiverServerRatis (XceiverServerRatis.java:handleLeaderChangedNotification(899)) - Leader change notification received for group: group-8E469E476B4E with new leaderId: 8f544fba-ae2a-4c10-8316-b74b14cffb80
2021-03-15 13:21:37,728 [8f544fba-ae2a-4c10-8316-b74b14cffb80@group-8E469E476B4E-LeaderElection10] INFO  server.RaftServer$Division (ServerState.java:setLeader(271)) - 8f544fba-ae2a-4c10-8316-b74b14cffb80@group-8E469E476B4E: change Leader from null to 8f544fba-ae2a-4c10-8316-b74b14cffb80 at term 1 for becomeLeader, leader elected after 5130ms
2021-03-15 13:21:37,728 [8f544fba-ae2a-4c10-8316-b74b14cffb80@group-8E469E476B4E-LeaderElection10] INFO  server.RaftServerConfigKeys (ConfUtils.java:logGet(44)) - raft.server.staging.catchup.gap = 1000 (default)
2021-03-15 13:21:37,728 [8f544fba-ae2a-4c10-8316-b74b14cffb80@group-8E469E476B4E-LeaderElection10] INFO  metrics.RatisMetrics (RatisMetrics.java:lambda$create$0(36)) - Creating Metrics Registry : ratis.log_appender.8f544fba-ae2a-4c10-8316-b74b14cffb80@group-8E469E476B4E
2021-03-15 13:21:37,728 [8f544fba-ae2a-4c10-8316-b74b14cffb80@group-8E469E476B4E-LeaderElection10] INFO  server.RaftServerConfigKeys (ConfUtils.java:logGet(44)) - raft.server.write.element-limit = 1024 (custom)
2021-03-15 13:21:37,728 [8f544fba-ae2a-4c10-8316-b74b14cffb80@group-8E469E476B4E-LeaderElection10] INFO  server.RaftServerConfigKeys (ConfUtils.java:logGet(44)) - raft.server.write.byte-limit = 1073741824 (custom)
2021-03-15 13:21:37,729 [8f544fba-ae2a-4c10-8316-b74b14cffb80@group-8E469E476B4E-LeaderElection10] INFO  server.RaftServerConfigKeys (ConfUtils.java:logGet(44)) - raft.server.watch.timeout = 3000ms (custom)
2021-03-15 13:21:37,729 [8f544fba-ae2a-4c10-8316-b74b14cffb80@group-8E469E476B4E-LeaderElection10] INFO  server.RaftServerConfigKeys (ConfUtils.java:logGet(44)) - raft.server.watch.timeout.denomination = 1s (default)
2021-03-15 13:21:37,730 [8f544fba-ae2a-4c10-8316-b74b14cffb80@group-8E469E476B4E-LeaderElection10] INFO  server.RaftServerConfigKeys (ConfUtils.java:logGet(44)) - raft.server.watch.element-limit = 65536 (default)
2021-03-15 13:21:37,730 [8f544fba-ae2a-4c10-8316-b74b14cffb80@group-8E469E476B4E-LeaderElection10] INFO  impl.RoleInfo (RoleInfo.java:updateAndGet(130)) - 8f544fba-ae2a-4c10-8316-b74b14cffb80: start 8f544fba-ae2a-4c10-8316-b74b14cffb80@group-8E469E476B4E-LeaderStateImpl
2021-03-15 13:21:37,730 [8f544fba-ae2a-4c10-8316-b74b14cffb80@group-8E469E476B4E-LeaderElection10] INFO  segmented.SegmentedRaftLogWorker (SegmentedRaftLogWorker.java:startLogSegment(392)) - 8f544fba-ae2a-4c10-8316-b74b14cffb80@group-8E469E476B4E-SegmentedRaftLogWorker: Starting segment from index:0
2021-03-15 13:21:37,732 [8f544fba-ae2a-4c10-8316-b74b14cffb80@group-8E469E476B4E-LeaderElection10] INFO  server.RaftServer$Division (ServerState.java:setRaftConf(373)) - 8f544fba-ae2a-4c10-8316-b74b14cffb80@group-8E469E476B4E: set configuration 0: [8f544fba-ae2a-4c10-8316-b74b14cffb80|rpc:172.17.0.2:35899|dataStream:|priority:1], old=null
2021-03-15 13:21:37,798 [8f544fba-ae2a-4c10-8316-b74b14cffb80@group-8E469E476B4E-SegmentedRaftLogWorker] INFO  segmented.SegmentedRaftLogWorker (SegmentedRaftLogWorker.java:execute(599)) - 8f544fba-ae2a-4c10-8316-b74b14cffb80@group-8E469E476B4E-SegmentedRaftLogWorker: created new log segment /github/workspace/mnt/ozone/hadoop-ozone/integration-test/target/test-dir/MiniOzoneClusterImpl-10170ce6-1bcb-4b6c-85b7-fb1f14fc7e79/datanode-4/data/ratis/c8b00f4b-c710-4772-a5b0-8e469e476b4e/current/log_inprogress_0
2021-03-15 13:21:37,799 [Thread-281] INFO  impl.FollowerState (FollowerState.java:run(133)) - 29adc670-2c1e-4c6c-9558-1601f864128b@group-184EB8E85B35-FollowerState: change to CANDIDATE, lastRpcElapsedTime:5041118195ns, electionTimeout:5016ms
2021-03-15 13:21:37,800 [Thread-281] INFO  impl.RoleInfo (RoleInfo.java:shutdownFollowerState(108)) - 29adc670-2c1e-4c6c-9558-1601f864128b: shutdown 29adc670-2c1e-4c6c-9558-1601f864128b@group-184EB8E85B35-FollowerState
2021-03-15 13:21:37,800 [Thread-281] INFO  server.RaftServer$Division (RaftServerImpl.java:setRole(284)) - 29adc670-2c1e-4c6c-9558-1601f864128b@group-184EB8E85B35: changes role from  FOLLOWER to CANDIDATE at term 0 for changeToCandidate
2021-03-15 13:21:37,800 [Thread-281] INFO  server.RaftServerConfigKeys (ConfUtils.java:logGet(44)) - raft.server.leaderelection.pre-vote = false (custom)
2021-03-15 13:21:37,800 [Thread-281] INFO  impl.RoleInfo (RoleInfo.java:updateAndGet(130)) - 29adc670-2c1e-4c6c-9558-1601f864128b: start 29adc670-2c1e-4c6c-9558-1601f864128b@group-184EB8E85B35-LeaderElection11
2021-03-15 13:21:37,820 [Thread-284] INFO  impl.FollowerState (FollowerState.java:run(133)) - 2bcf9514-6eaf-4328-a021-870a209d39c4@group-184EB8E85B35-FollowerState: change to CANDIDATE, lastRpcElapsedTime:5005192635ns, electionTimeout:5002ms
2021-03-15 13:21:37,820 [Thread-284] INFO  impl.RoleInfo (RoleInfo.java:shutdownFollowerState(108)) - 2bcf9514-6eaf-4328-a021-870a209d39c4: shutdown 2bcf9514-6eaf-4328-a021-870a209d39c4@group-184EB8E85B35-FollowerState
2021-03-15 13:21:37,820 [Thread-284] INFO  server.RaftServer$Division (RaftServerImpl.java:setRole(284)) - 2bcf9514-6eaf-4328-a021-870a209d39c4@group-184EB8E85B35: changes role from  FOLLOWER to CANDIDATE at term 0 for changeToCandidate
2021-03-15 13:21:37,820 [Thread-284] INFO  server.RaftServerConfigKeys (ConfUtils.java:logGet(44)) - raft.server.leaderelection.pre-vote = false (custom)
2021-03-15 13:21:37,821 [Thread-284] INFO  impl.RoleInfo (RoleInfo.java:updateAndGet(130)) - 2bcf9514-6eaf-4328-a021-870a209d39c4: start 2bcf9514-6eaf-4328-a021-870a209d39c4@group-184EB8E85B35-LeaderElection12
2021-03-15 13:21:37,845 [2bcf9514-6eaf-4328-a021-870a209d39c4@group-184EB8E85B35-LeaderElection12] INFO  impl.LeaderElection (LeaderElection.java:askForVotes(307)) - 2bcf9514-6eaf-4328-a021-870a209d39c4@group-184EB8E85B35-LeaderElection12 ELECTION round 0: submit vote requests at term 1 for -1: [29adc670-2c1e-4c6c-9558-1601f864128b|rpc:172.17.0.2:37315|priority:0, 2bcf9514-6eaf-4328-a021-870a209d39c4|rpc:172.17.0.2:43919|priority:1, c8823aab-1c49-422a-a51c-c7b83b859fa6|rpc:172.17.0.2:38877|priority:0], old=null
2021-03-15 13:21:37,845 [29adc670-2c1e-4c6c-9558-1601f864128b@group-184EB8E85B35-LeaderElection11] INFO  impl.LeaderElection (LeaderElection.java:askForVotes(307)) - 29adc670-2c1e-4c6c-9558-1601f864128b@group-184EB8E85B35-LeaderElection11 ELECTION round 0: submit vote requests at term 1 for -1: [29adc670-2c1e-4c6c-9558-1601f864128b|rpc:172.17.0.2:37315|priority:0, 2bcf9514-6eaf-4328-a021-870a209d39c4|rpc:172.17.0.2:43919|priority:1, c8823aab-1c49-422a-a51c-c7b83b859fa6|rpc:172.17.0.2:38877|priority:0], old=null
2021-03-15 13:21:37,856 [grpc-default-executor-1] INFO  server.RaftServer$Division (RaftServerImpl.java:requestVote(1025)) - 29adc670-2c1e-4c6c-9558-1601f864128b@group-184EB8E85B35: receive requestVote(ELECTION, 2bcf9514-6eaf-4328-a021-870a209d39c4, group-184EB8E85B35, 1, (t:0, i:0))
2021-03-15 13:21:37,856 [grpc-default-executor-1] INFO  impl.VoteContext (VoteContext.java:log(48)) - 29adc670-2c1e-4c6c-9558-1601f864128b@group-184EB8E85B35-CANDIDATE: reject ELECTION from 2bcf9514-6eaf-4328-a021-870a209d39c4: already has voted for 29adc670-2c1e-4c6c-9558-1601f864128b at current term 1
2021-03-15 13:21:37,856 [grpc-default-executor-1] INFO  server.RaftServer$Division (RaftServerImpl.java:requestVote(1057)) - 29adc670-2c1e-4c6c-9558-1601f864128b@group-184EB8E85B35 replies to ELECTION vote request: 2bcf9514-6eaf-4328-a021-870a209d39c4<-29adc670-2c1e-4c6c-9558-1601f864128b#0:FAIL-t1. Peer's state: 29adc670-2c1e-4c6c-9558-1601f864128b@group-184EB8E85B35:t1, leader=null, voted=29adc670-2c1e-4c6c-9558-1601f864128b, raftlog=29adc670-2c1e-4c6c-9558-1601f864128b@group-184EB8E85B35-SegmentedRaftLog:OPENED:c-1,f-1,i0, conf=-1: [29adc670-2c1e-4c6c-9558-1601f864128b|rpc:172.17.0.2:37315|priority:0, 2bcf9514-6eaf-4328-a021-870a209d39c4|rpc:172.17.0.2:43919|priority:1, c8823aab-1c49-422a-a51c-c7b83b859fa6|rpc:172.17.0.2:38877|priority:0], old=null
2021-03-15 13:21:37,862 [grpc-default-executor-1] INFO  server.RaftServer$Division (RaftServerImpl.java:requestVote(1025)) - c8823aab-1c49-422a-a51c-c7b83b859fa6@group-184EB8E85B35: receive requestVote(ELECTION, 2bcf9514-6eaf-4328-a021-870a209d39c4, group-184EB8E85B35, 1, (t:0, i:0))
2021-03-15 13:21:37,862 [grpc-default-executor-1] INFO  impl.VoteContext (VoteContext.java:log(48)) - c8823aab-1c49-422a-a51c-c7b83b859fa6@group-184EB8E85B35-FOLLOWER: accept ELECTION from 2bcf9514-6eaf-4328-a021-870a209d39c4: our priority 0 <= candidate's priority 1
2021-03-15 13:21:37,862 [grpc-default-executor-1] INFO  server.RaftServer$Division (RaftServerImpl.java:setRole(284)) - c8823aab-1c49-422a-a51c-c7b83b859fa6@group-184EB8E85B35: changes role from  FOLLOWER to FOLLOWER at term 1 for candidate:2bcf9514-6eaf-4328-a021-870a209d39c4
2021-03-15 13:21:37,862 [grpc-default-executor-1] INFO  impl.RoleInfo (RoleInfo.java:shutdownFollowerState(108)) - c8823aab-1c49-422a-a51c-c7b83b859fa6: shutdown c8823aab-1c49-422a-a51c-c7b83b859fa6@group-184EB8E85B35-FollowerState
2021-03-15 13:21:37,862 [grpc-default-executor-1] INFO  impl.RoleInfo (RoleInfo.java:updateAndGet(130)) - c8823aab-1c49-422a-a51c-c7b83b859fa6: start c8823aab-1c49-422a-a51c-c7b83b859fa6@group-184EB8E85B35-FollowerState
2021-03-15 13:21:37,862 [Thread-287] INFO  impl.FollowerState (FollowerState.java:run(142)) - c8823aab-1c49-422a-a51c-c7b83b859fa6@group-184EB8E85B35-FollowerState was interrupted: {}
java.lang.InterruptedException: sleep interrupted
	at java.lang.Thread.sleep(Native Method)
	at java.lang.Thread.sleep(Thread.java:340)
	at java.util.concurrent.TimeUnit.sleep(TimeUnit.java:386)
	at org.apache.ratis.util.TimeDuration.sleep(TimeDuration.java:324)
	at org.apache.ratis.util.TimeDuration.sleep(TimeDuration.java:309)
	at org.apache.ratis.server.impl.FollowerState.run(FollowerState.java:117)
2021-03-15 13:21:37,866 [grpc-default-executor-1] INFO  server.RaftServer$Division (RaftServerImpl.java:requestVote(1057)) - c8823aab-1c49-422a-a51c-c7b83b859fa6@group-184EB8E85B35 replies to ELECTION vote request: 2bcf9514-6eaf-4328-a021-870a209d39c4<-c8823aab-1c49-422a-a51c-c7b83b859fa6#0:OK-t1. Peer's state: c8823aab-1c49-422a-a51c-c7b83b859fa6@group-184EB8E85B35:t1, leader=null, voted=2bcf9514-6eaf-4328-a021-870a209d39c4, raftlog=c8823aab-1c49-422a-a51c-c7b83b859fa6@group-184EB8E85B35-SegmentedRaftLog:OPENED:c-1,f-1,i0, conf=-1: [29adc670-2c1e-4c6c-9558-1601f864128b|rpc:172.17.0.2:37315|priority:0, 2bcf9514-6eaf-4328-a021-870a209d39c4|rpc:172.17.0.2:43919|priority:1, c8823aab-1c49-422a-a51c-c7b83b859fa6|rpc:172.17.0.2:38877|priority:0], old=null
2021-03-15 13:21:37,867 [grpc-default-executor-1] INFO  server.RaftServer$Division (RaftServerImpl.java:requestVote(1025)) - 2bcf9514-6eaf-4328-a021-870a209d39c4@group-184EB8E85B35: receive requestVote(ELECTION, 29adc670-2c1e-4c6c-9558-1601f864128b, group-184EB8E85B35, 1, (t:0, i:0))
2021-03-15 13:21:37,867 [grpc-default-executor-1] INFO  impl.VoteContext (VoteContext.java:log(48)) - 2bcf9514-6eaf-4328-a021-870a209d39c4@group-184EB8E85B35-CANDIDATE: reject ELECTION from 29adc670-2c1e-4c6c-9558-1601f864128b: already has voted for 2bcf9514-6eaf-4328-a021-870a209d39c4 at current term 1
2021-03-15 13:21:37,867 [grpc-default-executor-1] INFO  server.RaftServer$Division (RaftServerImpl.java:requestVote(1057)) - 2bcf9514-6eaf-4328-a021-870a209d39c4@group-184EB8E85B35 replies to ELECTION vote request: 29adc670-2c1e-4c6c-9558-1601f864128b<-2bcf9514-6eaf-4328-a021-870a209d39c4#0:FAIL-t1. Peer's state: 2bcf9514-6eaf-4328-a021-870a209d39c4@group-184EB8E85B35:t1, leader=null, voted=2bcf9514-6eaf-4328-a021-870a209d39c4, raftlog=2bcf9514-6eaf-4328-a021-870a209d39c4@group-184EB8E85B35-SegmentedRaftLog:OPENED:c-1,f-1,i0, conf=-1: [29adc670-2c1e-4c6c-9558-1601f864128b|rpc:172.17.0.2:37315|priority:0, 2bcf9514-6eaf-4328-a021-870a209d39c4|rpc:172.17.0.2:43919|priority:1, c8823aab-1c49-422a-a51c-c7b83b859fa6|rpc:172.17.0.2:38877|priority:0], old=null
2021-03-15 13:21:37,868 [29adc670-2c1e-4c6c-9558-1601f864128b@group-184EB8E85B35-LeaderElection11] INFO  impl.LeaderElection (LeaderElection.java:logAndReturn(89)) - 29adc670-2c1e-4c6c-9558-1601f864128b@group-184EB8E85B35-LeaderElection11: ELECTION REJECTED received 1 response(s) and 0 exception(s):
2021-03-15 13:21:37,869 [29adc670-2c1e-4c6c-9558-1601f864128b@group-184EB8E85B35-LeaderElection11] INFO  impl.LeaderElection (LeaderElection.java:logAndReturn(93)) -   Response 0: 29adc670-2c1e-4c6c-9558-1601f864128b<-2bcf9514-6eaf-4328-a021-870a209d39c4#0:FAIL-t1
2021-03-15 13:21:37,869 [29adc670-2c1e-4c6c-9558-1601f864128b@group-184EB8E85B35-LeaderElection11] INFO  impl.LeaderElection (LeaderElection.java:askForVotes(309)) - 29adc670-2c1e-4c6c-9558-1601f864128b@group-184EB8E85B35-LeaderElection11 ELECTION round 0: result REJECTED
2021-03-15 13:21:37,870 [29adc670-2c1e-4c6c-9558-1601f864128b@group-184EB8E85B35-LeaderElection11] INFO  server.RaftServer$Division (RaftServerImpl.java:setRole(284)) - 29adc670-2c1e-4c6c-9558-1601f864128b@group-184EB8E85B35: changes role from CANDIDATE to FOLLOWER at term 1 for REJECTED
2021-03-15 13:21:37,870 [29adc670-2c1e-4c6c-9558-1601f864128b@group-184EB8E85B35-LeaderElection11] INFO  impl.RoleInfo (RoleInfo.java:shutdownLeaderElection(121)) - 29adc670-2c1e-4c6c-9558-1601f864128b: shutdown 29adc670-2c1e-4c6c-9558-1601f864128b@group-184EB8E85B35-LeaderElection11
2021-03-15 13:21:37,870 [29adc670-2c1e-4c6c-9558-1601f864128b@group-184EB8E85B35-LeaderElection11] INFO  impl.RoleInfo (RoleInfo.java:updateAndGet(130)) - 29adc670-2c1e-4c6c-9558-1601f864128b: start 29adc670-2c1e-4c6c-9558-1601f864128b@group-184EB8E85B35-FollowerState
2021-03-15 13:21:37,874 [2bcf9514-6eaf-4328-a021-870a209d39c4@group-184EB8E85B35-LeaderElection12] INFO  impl.LeaderElection (LeaderElection.java:logAndReturn(89)) - 2bcf9514-6eaf-4328-a021-870a209d39c4@group-184EB8E85B35-LeaderElection12: ELECTION PASSED received 2 response(s) and 0 exception(s):
2021-03-15 13:21:37,878 [grpc-default-executor-1] INFO  server.RaftServer$Division (RaftServerImpl.java:requestVote(1025)) - c8823aab-1c49-422a-a51c-c7b83b859fa6@group-184EB8E85B35: receive requestVote(ELECTION, 29adc670-2c1e-4c6c-9558-1601f864128b, group-184EB8E85B35, 1, (t:0, i:0))
2021-03-15 13:21:37,878 [2bcf9514-6eaf-4328-a021-870a209d39c4@group-184EB8E85B35-LeaderElection12] INFO  impl.LeaderElection (LeaderElection.java:logAndReturn(93)) -   Response 0: 2bcf9514-6eaf-4328-a021-870a209d39c4<-29adc670-2c1e-4c6c-9558-1601f864128b#0:FAIL-t1
2021-03-15 13:21:37,879 [2bcf9514-6eaf-4328-a021-870a209d39c4@group-184EB8E85B35-LeaderElection12] INFO  impl.LeaderElection (LeaderElection.java:logAndReturn(93)) -   Response 1: 2bcf9514-6eaf-4328-a021-870a209d39c4<-c8823aab-1c49-422a-a51c-c7b83b859fa6#0:OK-t1
2021-03-15 13:21:37,878 [grpc-default-executor-1] INFO  impl.VoteContext (VoteContext.java:log(48)) - c8823aab-1c49-422a-a51c-c7b83b859fa6@group-184EB8E85B35-FOLLOWER: reject ELECTION from 29adc670-2c1e-4c6c-9558-1601f864128b: already has voted for 2bcf9514-6eaf-4328-a021-870a209d39c4 at current term 1
2021-03-15 13:21:37,879 [2bcf9514-6eaf-4328-a021-870a209d39c4@group-184EB8E85B35-LeaderElection12] INFO  impl.LeaderElection (LeaderElection.java:askForVotes(309)) - 2bcf9514-6eaf-4328-a021-870a209d39c4@group-184EB8E85B35-LeaderElection12 ELECTION round 0: result PASSED
2021-03-15 13:21:37,879 [grpc-default-executor-1] INFO  server.RaftServer$Division (RaftServerImpl.java:requestVote(1057)) - c8823aab-1c49-422a-a51c-c7b83b859fa6@group-184EB8E85B35 replies to ELECTION vote request: 29adc670-2c1e-4c6c-9558-1601f864128b<-c8823aab-1c49-422a-a51c-c7b83b859fa6#0:FAIL-t1. Peer's state: c8823aab-1c49-422a-a51c-c7b83b859fa6@group-184EB8E85B35:t1, leader=null, voted=2bcf9514-6eaf-4328-a021-870a209d39c4, raftlog=c8823aab-1c49-422a-a51c-c7b83b859fa6@group-184EB8E85B35-SegmentedRaftLog:OPENED:c-1,f-1,i0, conf=-1: [29adc670-2c1e-4c6c-9558-1601f864128b|rpc:172.17.0.2:37315|priority:0, 2bcf9514-6eaf-4328-a021-870a209d39c4|rpc:172.17.0.2:43919|priority:1, c8823aab-1c49-422a-a51c-c7b83b859fa6|rpc:172.17.0.2:38877|priority:0], old=null
2021-03-15 13:21:37,879 [2bcf9514-6eaf-4328-a021-870a209d39c4@group-184EB8E85B35-LeaderElection12] INFO  impl.RoleInfo (RoleInfo.java:shutdownLeaderElection(121)) - 2bcf9514-6eaf-4328-a021-870a209d39c4: shutdown 2bcf9514-6eaf-4328-a021-870a209d39c4@group-184EB8E85B35-LeaderElection12
2021-03-15 13:21:37,879 [2bcf9514-6eaf-4328-a021-870a209d39c4@group-184EB8E85B35-LeaderElection12] INFO  server.RaftServer$Division (RaftServerImpl.java:setRole(284)) - 2bcf9514-6eaf-4328-a021-870a209d39c4@group-184EB8E85B35: changes role from CANDIDATE to LEADER at term 1 for changeToLeader
2021-03-15 13:21:37,879 [2bcf9514-6eaf-4328-a021-870a209d39c4@group-184EB8E85B35-LeaderElection12] INFO  ratis.XceiverServerRatis (XceiverServerRatis.java:handleLeaderChangedNotification(899)) - Leader change notification received for group: group-184EB8E85B35 with new leaderId: 2bcf9514-6eaf-4328-a021-870a209d39c4
2021-03-15 13:21:37,880 [2bcf9514-6eaf-4328-a021-870a209d39c4@group-184EB8E85B35-LeaderElection12] INFO  server.RaftServer$Division (ServerState.java:setLeader(271)) - 2bcf9514-6eaf-4328-a021-870a209d39c4@group-184EB8E85B35: change Leader from null to 2bcf9514-6eaf-4328-a021-870a209d39c4 at term 1 for becomeLeader, leader elected after 5095ms
2021-03-15 13:21:37,880 [2bcf9514-6eaf-4328-a021-870a209d39c4@group-184EB8E85B35-LeaderElection12] INFO  server.RaftServerConfigKeys (ConfUtils.java:logGet(44)) - raft.server.staging.catchup.gap = 1000 (default)
2021-03-15 13:21:37,880 [2bcf9514-6eaf-4328-a021-870a209d39c4@group-184EB8E85B35-LeaderElection12] INFO  metrics.RatisMetrics (RatisMetrics.java:lambda$create$0(36)) - Creating Metrics Registry : ratis.log_appender.2bcf9514-6eaf-4328-a021-870a209d39c4@group-184EB8E85B35
2021-03-15 13:21:37,880 [2bcf9514-6eaf-4328-a021-870a209d39c4@group-184EB8E85B35-LeaderElection12] INFO  server.RaftServerConfigKeys (ConfUtils.java:logGet(44)) - raft.server.write.element-limit = 1024 (custom)
2021-03-15 13:21:37,880 [2bcf9514-6eaf-4328-a021-870a209d39c4@group-184EB8E85B35-LeaderElection12] INFO  server.RaftServerConfigKeys (ConfUtils.java:logGet(44)) - raft.server.write.byte-limit = 1073741824 (custom)
2021-03-15 13:21:37,881 [2bcf9514-6eaf-4328-a021-870a209d39c4@group-184EB8E85B35-LeaderElection12] INFO  server.RaftServerConfigKeys (ConfUtils.java:logGet(44)) - raft.server.watch.timeout = 3000ms (custom)
2021-03-15 13:21:37,881 [2bcf9514-6eaf-4328-a021-870a209d39c4@group-184EB8E85B35-LeaderElection12] INFO  server.RaftServerConfigKeys (ConfUtils.java:logGet(44)) - raft.server.watch.timeout.denomination = 1s (default)
2021-03-15 13:21:37,881 [2bcf9514-6eaf-4328-a021-870a209d39c4@group-184EB8E85B35-LeaderElection12] INFO  server.RaftServerConfigKeys (ConfUtils.java:logGet(44)) - raft.server.watch.element-limit = 65536 (default)
2021-03-15 13:21:37,881 [2bcf9514-6eaf-4328-a021-870a209d39c4@group-184EB8E85B35-LeaderElection12] INFO  server.RaftServerConfigKeys (ConfUtils.java:logGet(44)) - raft.server.log.appender.snapshot.chunk.size.max = 16MB (=16777216) (default)
2021-03-15 13:21:37,881 [2bcf9514-6eaf-4328-a021-870a209d39c4@group-184EB8E85B35-LeaderElection12] INFO  server.RaftServerConfigKeys (ConfUtils.java:logGet(44)) - raft.server.log.appender.buffer.byte-limit = 33554432 (custom)
2021-03-15 13:21:37,881 [2bcf9514-6eaf-4328-a021-870a209d39c4@group-184EB8E85B35-LeaderElection12] INFO  server.RaftServerConfigKeys (ConfUtils.java:logGet(44)) - raft.server.log.appender.buffer.element-limit = 1 (custom)
2021-03-15 13:21:37,883 [EventQueue-PipelineReportForPipelineReportHandler] INFO  pipeline.PipelineStateManager (PipelineStateManager.java:openPipeline(132)) - Pipeline Pipeline[ Id: 79e449a0-20f2-4382-bd34-184eb8e85b35, Nodes: 29adc670-2c1e-4c6c-9558-1601f864128b{ip: 172.17.0.2, host: 287f2862ff4e, ports: [REPLICATION=36101, RATIS=37315, RATIS_ADMIN=37315, RATIS_SERVER=37315, STANDALONE=46417], networkLocation: /default-rack, certSerialId: null, persistedOpState: IN_SERVICE, persistedOpStateExpiryEpochSec: 0}2bcf9514-6eaf-4328-a021-870a209d39c4{ip: 172.17.0.2, host: 287f2862ff4e, ports: [REPLICATION=39657, RATIS=43919, RATIS_ADMIN=43919, RATIS_SERVER=43919, STANDALONE=43389], networkLocation: /default-rack, certSerialId: null, persistedOpState: IN_SERVICE, persistedOpStateExpiryEpochSec: 0}c8823aab-1c49-422a-a51c-c7b83b859fa6{ip: 172.17.0.2, host: 287f2862ff4e, ports: [REPLICATION=46731, RATIS=38877, RATIS_ADMIN=38877, RATIS_SERVER=38877, STANDALONE=44487], networkLocation: /default-rack, certSerialId: null, persistedOpState: IN_SERVICE, persistedOpStateExpiryEpochSec: 0}, Type:RATIS, Factor:THREE, State:ALLOCATED, leaderId:2bcf9514-6eaf-4328-a021-870a209d39c4, CreationTimestamp2021-03-15T13:21:29.096Z] moved to OPEN state
2021-03-15 13:21:37,882 [2bcf9514-6eaf-4328-a021-870a209d39c4@group-184EB8E85B35-LeaderElection12] INFO  grpc.GrpcConfigKeys (ConfUtils.java:logGet(44)) - raft.grpc.server.leader.outstanding.appends.max = 128 (default)
2021-03-15 13:21:37,884 [2bcf9514-6eaf-4328-a021-870a209d39c4@group-184EB8E85B35-LeaderElection12] INFO  server.RaftServerConfigKeys (ConfUtils.java:logGet(44)) - raft.server.rpc.request.timeout = 3000ms (default)
2021-03-15 13:21:37,885 [2bcf9514-6eaf-4328-a021-870a209d39c4@group-184EB8E85B35-LeaderElection12] INFO  server.RaftServerConfigKeys (ConfUtils.java:logGet(44)) - raft.server.log.appender.install.snapshot.enabled = false (custom)
2021-03-15 13:21:37,885 [2bcf9514-6eaf-4328-a021-870a209d39c4@group-184EB8E85B35-LeaderElection12] INFO  metrics.RatisMetrics (RatisMetrics.java:lambda$create$0(36)) - Creating Metrics Registry : ratis_grpc.log_appender.2bcf9514-6eaf-4328-a021-870a209d39c4@group-184EB8E85B35
2021-03-15 13:21:37,886 [2bcf9514-6eaf-4328-a021-870a209d39c4@group-184EB8E85B35-LeaderElection12] INFO  server.RaftServerConfigKeys (ConfUtils.java:logGet(44)) - raft.server.log.appender.snapshot.chunk.size.max = 16MB (=16777216) (default)
2021-03-15 13:21:37,886 [2bcf9514-6eaf-4328-a021-870a209d39c4@group-184EB8E85B35-LeaderElection12] INFO  server.RaftServerConfigKeys (ConfUtils.java:logGet(44)) - raft.server.log.appender.buffer.byte-limit = 33554432 (custom)
2021-03-15 13:21:37,886 [2bcf9514-6eaf-4328-a021-870a209d39c4@group-184EB8E85B35-LeaderElection12] INFO  server.RaftServerConfigKeys (ConfUtils.java:logGet(44)) - raft.server.log.appender.buffer.element-limit = 1 (custom)
2021-03-15 13:21:37,886 [2bcf9514-6eaf-4328-a021-870a209d39c4@group-184EB8E85B35-LeaderElection12] INFO  grpc.GrpcConfigKeys (ConfUtils.java:logGet(44)) - raft.grpc.server.leader.outstanding.appends.max = 128 (default)
2021-03-15 13:21:37,886 [2bcf9514-6eaf-4328-a021-870a209d39c4@group-184EB8E85B35-LeaderElection12] INFO  server.RaftServerConfigKeys (ConfUtils.java:logGet(44)) - raft.server.rpc.request.timeout = 3000ms (default)
2021-03-15 13:21:37,886 [2bcf9514-6eaf-4328-a021-870a209d39c4@group-184EB8E85B35-LeaderElection12] INFO  server.RaftServerConfigKeys (ConfUtils.java:logGet(44)) - raft.server.log.appender.install.snapshot.enabled = false (custom)
2021-03-15 13:21:37,887 [2bcf9514-6eaf-4328-a021-870a209d39c4@group-184EB8E85B35-LeaderElection12] INFO  impl.RoleInfo (RoleInfo.java:updateAndGet(130)) - 2bcf9514-6eaf-4328-a021-870a209d39c4: start 2bcf9514-6eaf-4328-a021-870a209d39c4@group-184EB8E85B35-LeaderStateImpl
2021-03-15 13:21:37,887 [2bcf9514-6eaf-4328-a021-870a209d39c4@group-184EB8E85B35-LeaderElection12] INFO  segmented.SegmentedRaftLogWorker (SegmentedRaftLogWorker.java:startLogSegment(392)) - 2bcf9514-6eaf-4328-a021-870a209d39c4@group-184EB8E85B35-SegmentedRaftLogWorker: Starting segment from index:0
2021-03-15 13:21:37,892 [2bcf9514-6eaf-4328-a021-870a209d39c4@group-184EB8E85B35-SegmentedRaftLogWorker] INFO  segmented.SegmentedRaftLogWorker (SegmentedRaftLogWorker.java:execute(599)) - 2bcf9514-6eaf-4328-a021-870a209d39c4@group-184EB8E85B35-SegmentedRaftLogWorker: created new log segment /github/workspace/mnt/ozone/hadoop-ozone/integration-test/target/test-dir/MiniOzoneClusterImpl-10170ce6-1bcb-4b6c-85b7-fb1f14fc7e79/datanode-2/data/ratis/79e449a0-20f2-4382-bd34-184eb8e85b35/current/log_inprogress_0
2021-03-15 13:21:37,904 [2bcf9514-6eaf-4328-a021-870a209d39c4@group-184EB8E85B35-LeaderElection12] INFO  server.RaftServer$Division (ServerState.java:setRaftConf(373)) - 2bcf9514-6eaf-4328-a021-870a209d39c4@group-184EB8E85B35: set configuration 0: [29adc670-2c1e-4c6c-9558-1601f864128b|rpc:172.17.0.2:37315|dataStream:|priority:0, 2bcf9514-6eaf-4328-a021-870a209d39c4|rpc:172.17.0.2:43919|dataStream:|priority:1, c8823aab-1c49-422a-a51c-c7b83b859fa6|rpc:172.17.0.2:38877|dataStream:|priority:0], old=null
2021-03-15 13:21:37,900 [grpc-default-executor-0] INFO  ratis.XceiverServerRatis (XceiverServerRatis.java:handleLeaderChangedNotification(899)) - Leader change notification received for group: group-184EB8E85B35 with new leaderId: 2bcf9514-6eaf-4328-a021-870a209d39c4
2021-03-15 13:21:37,906 [grpc-default-executor-0] INFO  server.RaftServer$Division (ServerState.java:setLeader(271)) - 29adc670-2c1e-4c6c-9558-1601f864128b@group-184EB8E85B35: change Leader from null to 2bcf9514-6eaf-4328-a021-870a209d39c4 at term 1 for appendEntries, leader elected after 5148ms
2021-03-15 13:21:37,924 [grpc-default-executor-2] INFO  ratis.XceiverServerRatis (XceiverServerRatis.java:handleLeaderChangedNotification(899)) - Leader change notification received for group: group-184EB8E85B35 with new leaderId: 2bcf9514-6eaf-4328-a021-870a209d39c4
2021-03-15 13:21:37,924 [grpc-default-executor-2] INFO  server.RaftServer$Division (ServerState.java:setLeader(271)) - c8823aab-1c49-422a-a51c-c7b83b859fa6@group-184EB8E85B35: change Leader from null to 2bcf9514-6eaf-4328-a021-870a209d39c4 at term 1 for appendEntries, leader elected after 5126ms
2021-03-15 13:21:37,931 [Thread-282] INFO  impl.FollowerState (FollowerState.java:run(133)) - 8f544fba-ae2a-4c10-8316-b74b14cffb80@group-9EB71483E61B-FollowerState: change to CANDIDATE, lastRpcElapsedTime:5130628087ns, electionTimeout:5126ms
2021-03-15 13:21:37,931 [Thread-282] INFO  impl.RoleInfo (RoleInfo.java:shutdownFollowerState(108)) - 8f544fba-ae2a-4c10-8316-b74b14cffb80: shutdown 8f544fba-ae2a-4c10-8316-b74b14cffb80@group-9EB71483E61B-FollowerState
2021-03-15 13:21:37,931 [Thread-282] INFO  server.RaftServer$Division (RaftServerImpl.java:setRole(284)) - 8f544fba-ae2a-4c10-8316-b74b14cffb80@group-9EB71483E61B: changes role from  FOLLOWER to CANDIDATE at term 0 for changeToCandidate
2021-03-15 13:21:37,939 [Thread-282] INFO  server.RaftServerConfigKeys (ConfUtils.java:logGet(44)) - raft.server.leaderelection.pre-vote = false (custom)
2021-03-15 13:21:37,939 [Thread-282] INFO  impl.RoleInfo (RoleInfo.java:updateAndGet(130)) - 8f544fba-ae2a-4c10-8316-b74b14cffb80: start 8f544fba-ae2a-4c10-8316-b74b14cffb80@group-9EB71483E61B-LeaderElection13
2021-03-15 13:21:37,947 [grpc-default-executor-0] INFO  server.RaftServer$Division (ServerState.java:setRaftConf(373)) - 29adc670-2c1e-4c6c-9558-1601f864128b@group-184EB8E85B35: set configuration 0: [29adc670-2c1e-4c6c-9558-1601f864128b|rpc:172.17.0.2:37315|dataStream:|priority:0, 2bcf9514-6eaf-4328-a021-870a209d39c4|rpc:172.17.0.2:43919|dataStream:|priority:1, c8823aab-1c49-422a-a51c-c7b83b859fa6|rpc:172.17.0.2:38877|dataStream:|priority:0], old=null
2021-03-15 13:21:37,947 [grpc-default-executor-2] INFO  server.RaftServer$Division (ServerState.java:setRaftConf(373)) - c8823aab-1c49-422a-a51c-c7b83b859fa6@group-184EB8E85B35: set configuration 0: [29adc670-2c1e-4c6c-9558-1601f864128b|rpc:172.17.0.2:37315|dataStream:|priority:0, 2bcf9514-6eaf-4328-a021-870a209d39c4|rpc:172.17.0.2:43919|dataStream:|priority:1, c8823aab-1c49-422a-a51c-c7b83b859fa6|rpc:172.17.0.2:38877|dataStream:|priority:0], old=null
2021-03-15 13:21:37,948 [grpc-default-executor-0] INFO  segmented.SegmentedRaftLogWorker (SegmentedRaftLogWorker.java:startLogSegment(392)) - 29adc670-2c1e-4c6c-9558-1601f864128b@group-184EB8E85B35-SegmentedRaftLogWorker: Starting segment from index:0
2021-03-15 13:21:37,948 [grpc-default-executor-2] INFO  segmented.SegmentedRaftLogWorker (SegmentedRaftLogWorker.java:startLogSegment(392)) - c8823aab-1c49-422a-a51c-c7b83b859fa6@group-184EB8E85B35-SegmentedRaftLogWorker: Starting segment from index:0
2021-03-15 13:21:37,951 [29adc670-2c1e-4c6c-9558-1601f864128b@group-184EB8E85B35-SegmentedRaftLogWorker] INFO  segmented.SegmentedRaftLogWorker (SegmentedRaftLogWorker.java:execute(599)) - 29adc670-2c1e-4c6c-9558-1601f864128b@group-184EB8E85B35-SegmentedRaftLogWorker: created new log segment /github/workspace/mnt/ozone/hadoop-ozone/integration-test/target/test-dir/MiniOzoneClusterImpl-10170ce6-1bcb-4b6c-85b7-fb1f14fc7e79/datanode-1/data/ratis/79e449a0-20f2-4382-bd34-184eb8e85b35/current/log_inprogress_0
2021-03-15 13:21:37,951 [c8823aab-1c49-422a-a51c-c7b83b859fa6@group-184EB8E85B35-SegmentedRaftLogWorker] INFO  segmented.SegmentedRaftLogWorker (SegmentedRaftLogWorker.java:execute(599)) - c8823aab-1c49-422a-a51c-c7b83b859fa6@group-184EB8E85B35-SegmentedRaftLogWorker: created new log segment /github/workspace/mnt/ozone/hadoop-ozone/integration-test/target/test-dir/MiniOzoneClusterImpl-10170ce6-1bcb-4b6c-85b7-fb1f14fc7e79/datanode-0/data/ratis/79e449a0-20f2-4382-bd34-184eb8e85b35/current/log_inprogress_0
2021-03-15 13:21:37,954 [8f544fba-ae2a-4c10-8316-b74b14cffb80@group-9EB71483E61B-LeaderElection13] INFO  impl.LeaderElection (LeaderElection.java:askForVotes(307)) - 8f544fba-ae2a-4c10-8316-b74b14cffb80@group-9EB71483E61B-LeaderElection13 ELECTION round 0: submit vote requests at term 1 for -1: [01124cd4-4ace-459c-9f52-5cd7a41fca7c|rpc:172.17.0.2:40903|priority:1, 8f544fba-ae2a-4c10-8316-b74b14cffb80|rpc:172.17.0.2:35899|priority:0, 490c2edb-ef6d-43f1-a3fc-38f1bdb7d380|rpc:172.17.0.2:35411|priority:0], old=null
2021-03-15 13:21:37,986 [grpc-default-executor-0] INFO  server.RaftServer$Division (RaftServerImpl.java:requestVote(1025)) - 01124cd4-4ace-459c-9f52-5cd7a41fca7c@group-9EB71483E61B: receive requestVote(ELECTION, 8f544fba-ae2a-4c10-8316-b74b14cffb80, group-9EB71483E61B, 1, (t:0, i:0))
2021-03-15 13:21:37,986 [grpc-default-executor-0] INFO  impl.VoteContext (VoteContext.java:log(48)) - 01124cd4-4ace-459c-9f52-5cd7a41fca7c@group-9EB71483E61B-FOLLOWER: reject ELECTION from 8f544fba-ae2a-4c10-8316-b74b14cffb80: our priority 1 > candidate's priority 0
2021-03-15 13:21:37,986 [grpc-default-executor-0] INFO  server.RaftServer$Division (RaftServerImpl.java:setRole(284)) - 01124cd4-4ace-459c-9f52-5cd7a41fca7c@group-9EB71483E61B: changes role from  FOLLOWER to FOLLOWER at term 1 for candidate:8f544fba-ae2a-4c10-8316-b74b14cffb80
2021-03-15 13:21:37,986 [grpc-default-executor-0] INFO  impl.RoleInfo (RoleInfo.java:shutdownFollowerState(108)) - 01124cd4-4ace-459c-9f52-5cd7a41fca7c: shutdown 01124cd4-4ace-459c-9f52-5cd7a41fca7c@group-9EB71483E61B-FollowerState
2021-03-15 13:21:37,986 [grpc-default-executor-0] INFO  impl.RoleInfo (RoleInfo.java:updateAndGet(130)) - 01124cd4-4ace-459c-9f52-5cd7a41fca7c: start 01124cd4-4ace-459c-9f52-5cd7a41fca7c@group-9EB71483E61B-FollowerState
2021-03-15 13:21:37,986 [Thread-294] INFO  impl.FollowerState (FollowerState.java:run(142)) - 01124cd4-4ace-459c-9f52-5cd7a41fca7c@group-9EB71483E61B-FollowerState was interrupted: {}
java.lang.InterruptedException: sleep interrupted
	at java.lang.Thread.sleep(Native Method)
	at java.lang.Thread.sleep(Thread.java:340)
	at java.util.concurrent.TimeUnit.sleep(TimeUnit.java:386)
	at org.apache.ratis.util.TimeDuration.sleep(TimeDuration.java:324)
	at org.apache.ratis.util.TimeDuration.sleep(TimeDuration.java:309)
	at org.apache.ratis.server.impl.FollowerState.run(FollowerState.java:117)
2021-03-15 13:21:37,987 [grpc-default-executor-2] INFO  server.RaftServer$Division (RaftServerImpl.java:requestVote(1025)) - 490c2edb-ef6d-43f1-a3fc-38f1bdb7d380@group-9EB71483E61B: receive requestVote(ELECTION, 8f544fba-ae2a-4c10-8316-b74b14cffb80, group-9EB71483E61B, 1, (t:0, i:0))
2021-03-15 13:21:37,993 [grpc-default-executor-2] INFO  impl.VoteContext (VoteContext.java:log(48)) - 490c2edb-ef6d-43f1-a3fc-38f1bdb7d380@group-9EB71483E61B-FOLLOWER: accept ELECTION from 8f544fba-ae2a-4c10-8316-b74b14cffb80: our priority 0 <= candidate's priority 0
2021-03-15 13:21:37,993 [grpc-default-executor-2] INFO  server.RaftServer$Division (RaftServerImpl.java:setRole(284)) - 490c2edb-ef6d-43f1-a3fc-38f1bdb7d380@group-9EB71483E61B: changes role from  FOLLOWER to FOLLOWER at term 1 for candidate:8f544fba-ae2a-4c10-8316-b74b14cffb80
2021-03-15 13:21:37,993 [grpc-default-executor-2] INFO  impl.RoleInfo (RoleInfo.java:shutdownFollowerState(108)) - 490c2edb-ef6d-43f1-a3fc-38f1bdb7d380: shutdown 490c2edb-ef6d-43f1-a3fc-38f1bdb7d380@group-9EB71483E61B-FollowerState
2021-03-15 13:21:37,993 [grpc-default-executor-2] INFO  impl.RoleInfo (RoleInfo.java:updateAndGet(130)) - 490c2edb-ef6d-43f1-a3fc-38f1bdb7d380: start 490c2edb-ef6d-43f1-a3fc-38f1bdb7d380@group-9EB71483E61B-FollowerState
2021-03-15 13:21:37,993 [Thread-302] INFO  impl.FollowerState (FollowerState.java:run(142)) - 490c2edb-ef6d-43f1-a3fc-38f1bdb7d380@group-9EB71483E61B-FollowerState was interrupted: {}
java.lang.InterruptedException: sleep interrupted
	at java.lang.Thread.sleep(Native Method)
	at java.lang.Thread.sleep(Thread.java:340)
	at java.util.concurrent.TimeUnit.sleep(TimeUnit.java:386)
	at org.apache.ratis.util.TimeDuration.sleep(TimeDuration.java:324)
	at org.apache.ratis.util.TimeDuration.sleep(TimeDuration.java:309)
	at org.apache.ratis.server.impl.FollowerState.run(FollowerState.java:117)
2021-03-15 13:21:37,994 [grpc-default-executor-0] INFO  server.RaftServer$Division (RaftServerImpl.java:requestVote(1057)) - 01124cd4-4ace-459c-9f52-5cd7a41fca7c@group-9EB71483E61B replies to ELECTION vote request: 8f544fba-ae2a-4c10-8316-b74b14cffb80<-01124cd4-4ace-459c-9f52-5cd7a41fca7c#0:FAIL-t1. Peer's state: 01124cd4-4ace-459c-9f52-5cd7a41fca7c@group-9EB71483E61B:t1, leader=null, voted=null, raftlog=01124cd4-4ace-459c-9f52-5cd7a41fca7c@group-9EB71483E61B-SegmentedRaftLog:OPENED:c-1,f-1,i0, conf=-1: [01124cd4-4ace-459c-9f52-5cd7a41fca7c|rpc:172.17.0.2:40903|dataStream:|priority:1, 8f544fba-ae2a-4c10-8316-b74b14cffb80|rpc:172.17.0.2:35899|dataStream:|priority:0, 490c2edb-ef6d-43f1-a3fc-38f1bdb7d380|rpc:172.17.0.2:35411|dataStream:|priority:0], old=null
2021-03-15 13:21:38,002 [grpc-default-executor-2] INFO  server.RaftServer$Division (RaftServerImpl.java:requestVote(1057)) - 490c2edb-ef6d-43f1-a3fc-38f1bdb7d380@group-9EB71483E61B replies to ELECTION vote request: 8f544fba-ae2a-4c10-8316-b74b14cffb80<-490c2edb-ef6d-43f1-a3fc-38f1bdb7d380#0:OK-t1. Peer's state: 490c2edb-ef6d-43f1-a3fc-38f1bdb7d380@group-9EB71483E61B:t1, leader=null, voted=8f544fba-ae2a-4c10-8316-b74b14cffb80, raftlog=490c2edb-ef6d-43f1-a3fc-38f1bdb7d380@group-9EB71483E61B-SegmentedRaftLog:OPENED:c-1,f-1,i0, conf=-1: [01124cd4-4ace-459c-9f52-5cd7a41fca7c|rpc:172.17.0.2:40903|priority:1, 8f544fba-ae2a-4c10-8316-b74b14cffb80|rpc:172.17.0.2:35899|priority:0, 490c2edb-ef6d-43f1-a3fc-38f1bdb7d380|rpc:172.17.0.2:35411|priority:0], old=null
2021-03-15 13:21:38,002 [8f544fba-ae2a-4c10-8316-b74b14cffb80@group-9EB71483E61B-LeaderElection13] INFO  impl.LeaderElection (LeaderElection.java:logAndReturn(89)) - 8f544fba-ae2a-4c10-8316-b74b14cffb80@group-9EB71483E61B-LeaderElection13: ELECTION REJECTED received 1 response(s) and 0 exception(s):
2021-03-15 13:21:38,003 [8f544fba-ae2a-4c10-8316-b74b14cffb80@group-9EB71483E61B-LeaderElection13] INFO  impl.LeaderElection (LeaderElection.java:logAndReturn(93)) -   Response 0: 8f544fba-ae2a-4c10-8316-b74b14cffb80<-01124cd4-4ace-459c-9f52-5cd7a41fca7c#0:FAIL-t1
2021-03-15 13:21:38,003 [8f544fba-ae2a-4c10-8316-b74b14cffb80@group-9EB71483E61B-LeaderElection13] INFO  impl.LeaderElection (LeaderElection.java:askForVotes(309)) - 8f544fba-ae2a-4c10-8316-b74b14cffb80@group-9EB71483E61B-LeaderElection13 ELECTION round 0: result REJECTED
2021-03-15 13:21:38,003 [8f544fba-ae2a-4c10-8316-b74b14cffb80@group-9EB71483E61B-LeaderElection13] INFO  server.RaftServer$Division (RaftServerImpl.java:setRole(284)) - 8f544fba-ae2a-4c10-8316-b74b14cffb80@group-9EB71483E61B: changes role from CANDIDATE to FOLLOWER at term 1 for REJECTED
2021-03-15 13:21:38,003 [8f544fba-ae2a-4c10-8316-b74b14cffb80@group-9EB71483E61B-LeaderElection13] INFO  impl.RoleInfo (RoleInfo.java:shutdownLeaderElection(121)) - 8f544fba-ae2a-4c10-8316-b74b14cffb80: shutdown 8f544fba-ae2a-4c10-8316-b74b14cffb80@group-9EB71483E61B-LeaderElection13
2021-03-15 13:21:38,003 [8f544fba-ae2a-4c10-8316-b74b14cffb80@group-9EB71483E61B-LeaderElection13] INFO  impl.RoleInfo (RoleInfo.java:updateAndGet(130)) - 8f544fba-ae2a-4c10-8316-b74b14cffb80: start 8f544fba-ae2a-4c10-8316-b74b14cffb80@group-9EB71483E61B-FollowerState
2021-03-15 13:21:38,049 [Listener at 127.0.0.1/41395] INFO  ozone.MiniOzoneClusterImpl (MiniOzoneClusterImpl.java:lambda$waitForClusterToBeReady$0(187)) - Nodes are ready. Got 7 of 7 DN Heartbeats.
2021-03-15 13:21:38,051 [Listener at 127.0.0.1/41395] INFO  ozone.MiniOzoneClusterImpl (MiniOzoneClusterImpl.java:lambda$waitForClusterToBeReady$0(190)) - Cluster exits safe mode
2021-03-15 13:21:38,060 [Thread-300] INFO  impl.FollowerState (FollowerState.java:run(133)) - 490c2edb-ef6d-43f1-a3fc-38f1bdb7d380@group-4C5A957E7EA6-FollowerState: change to CANDIDATE, lastRpcElapsedTime:5063017032ns, electionTimeout:5051ms
2021-03-15 13:21:38,060 [Thread-300] INFO  impl.RoleInfo (RoleInfo.java:shutdownFollowerState(108)) - 490c2edb-ef6d-43f1-a3fc-38f1bdb7d380: shutdown 490c2edb-ef6d-43f1-a3fc-38f1bdb7d380@group-4C5A957E7EA6-FollowerState
2021-03-15 13:21:38,060 [Thread-300] INFO  server.RaftServer$Division (RaftServerImpl.java:setRole(284)) - 490c2edb-ef6d-43f1-a3fc-38f1bdb7d380@group-4C5A957E7EA6: changes role from  FOLLOWER to CANDIDATE at term 0 for changeToCandidate
2021-03-15 13:21:38,061 [Thread-300] INFO  server.RaftServerConfigKeys (ConfUtils.java:logGet(44)) - raft.server.leaderelection.pre-vote = false (custom)
2021-03-15 13:21:38,061 [Thread-300] INFO  impl.RoleInfo (RoleInfo.java:updateAndGet(130)) - 490c2edb-ef6d-43f1-a3fc-38f1bdb7d380: start 490c2edb-ef6d-43f1-a3fc-38f1bdb7d380@group-4C5A957E7EA6-LeaderElection14
2021-03-15 13:21:38,066 [490c2edb-ef6d-43f1-a3fc-38f1bdb7d380@group-4C5A957E7EA6-LeaderElection14] INFO  impl.LeaderElection (LeaderElection.java:askForVotes(307)) - 490c2edb-ef6d-43f1-a3fc-38f1bdb7d380@group-4C5A957E7EA6-LeaderElection14 ELECTION round 0: submit vote requests at term 1 for -1: [490c2edb-ef6d-43f1-a3fc-38f1bdb7d380|rpc:172.17.0.2:35411|priority:1], old=null
2021-03-15 13:21:38,066 [490c2edb-ef6d-43f1-a3fc-38f1bdb7d380@group-4C5A957E7EA6-LeaderElection14] INFO  impl.LeaderElection (LeaderElection.java:askForVotes(309)) - 490c2edb-ef6d-43f1-a3fc-38f1bdb7d380@group-4C5A957E7EA6-LeaderElection14 ELECTION round 0: result PASSED (term=1)
2021-03-15 13:21:38,066 [490c2edb-ef6d-43f1-a3fc-38f1bdb7d380@group-4C5A957E7EA6-LeaderElection14] INFO  impl.RoleInfo (RoleInfo.java:shutdownLeaderElection(121)) - 490c2edb-ef6d-43f1-a3fc-38f1bdb7d380: shutdown 490c2edb-ef6d-43f1-a3fc-38f1bdb7d380@group-4C5A957E7EA6-LeaderElection14
2021-03-15 13:21:38,066 [490c2edb-ef6d-43f1-a3fc-38f1bdb7d380@group-4C5A957E7EA6-LeaderElection14] INFO  server.RaftServer$Division (RaftServerImpl.java:setRole(284)) - 490c2edb-ef6d-43f1-a3fc-38f1bdb7d380@group-4C5A957E7EA6: changes role from CANDIDATE to LEADER at term 1 for changeToLeader
2021-03-15 13:21:38,066 [490c2edb-ef6d-43f1-a3fc-38f1bdb7d380@group-4C5A957E7EA6-LeaderElection14] INFO  ratis.XceiverServerRatis (XceiverServerRatis.java:handleLeaderChangedNotification(899)) - Leader change notification received for group: group-4C5A957E7EA6 with new leaderId: 490c2edb-ef6d-43f1-a3fc-38f1bdb7d380
2021-03-15 13:21:38,067 [490c2edb-ef6d-43f1-a3fc-38f1bdb7d380@group-4C5A957E7EA6-LeaderElection14] INFO  server.RaftServer$Division (ServerState.java:setLeader(271)) - 490c2edb-ef6d-43f1-a3fc-38f1bdb7d380@group-4C5A957E7EA6: change Leader from null to 490c2edb-ef6d-43f1-a3fc-38f1bdb7d380 at term 1 for becomeLeader, leader elected after 5106ms
2021-03-15 13:21:38,067 [490c2edb-ef6d-43f1-a3fc-38f1bdb7d380@group-4C5A957E7EA6-LeaderElection14] INFO  server.RaftServerConfigKeys (ConfUtils.java:logGet(44)) - raft.server.staging.catchup.gap = 1000 (default)
2021-03-15 13:21:38,067 [490c2edb-ef6d-43f1-a3fc-38f1bdb7d380@group-4C5A957E7EA6-LeaderElection14] INFO  metrics.RatisMetrics (RatisMetrics.java:lambda$create$0(36)) - Creating Metrics Registry : ratis.log_appender.490c2edb-ef6d-43f1-a3fc-38f1bdb7d380@group-4C5A957E7EA6
2021-03-15 13:21:38,067 [490c2edb-ef6d-43f1-a3fc-38f1bdb7d380@group-4C5A957E7EA6-LeaderElection14] INFO  server.RaftServerConfigKeys (ConfUtils.java:logGet(44)) - raft.server.write.element-limit = 1024 (custom)
2021-03-15 13:21:38,067 [490c2edb-ef6d-43f1-a3fc-38f1bdb7d380@group-4C5A957E7EA6-LeaderElection14] INFO  server.RaftServerConfigKeys (ConfUtils.java:logGet(44)) - raft.server.write.byte-limit = 1073741824 (custom)
2021-03-15 13:21:38,068 [490c2edb-ef6d-43f1-a3fc-38f1bdb7d380@group-4C5A957E7EA6-LeaderElection14] INFO  server.RaftServerConfigKeys (ConfUtils.java:logGet(44)) - raft.server.watch.timeout = 3000ms (custom)
2021-03-15 13:21:38,068 [490c2edb-ef6d-43f1-a3fc-38f1bdb7d380@group-4C5A957E7EA6-LeaderElection14] INFO  server.RaftServerConfigKeys (ConfUtils.java:logGet(44)) - raft.server.watch.timeout.denomination = 1s (default)
2021-03-15 13:21:38,068 [490c2edb-ef6d-43f1-a3fc-38f1bdb7d380@group-4C5A957E7EA6-LeaderElection14] INFO  server.RaftServerConfigKeys (ConfUtils.java:logGet(44)) - raft.server.watch.element-limit = 65536 (default)
2021-03-15 13:21:38,068 [490c2edb-ef6d-43f1-a3fc-38f1bdb7d380@group-4C5A957E7EA6-LeaderElection14] INFO  impl.RoleInfo (RoleInfo.java:updateAndGet(130)) - 490c2edb-ef6d-43f1-a3fc-38f1bdb7d380: start 490c2edb-ef6d-43f1-a3fc-38f1bdb7d380@group-4C5A957E7EA6-LeaderStateImpl
2021-03-15 13:21:38,068 [490c2edb-ef6d-43f1-a3fc-38f1bdb7d380@group-4C5A957E7EA6-LeaderElection14] INFO  segmented.SegmentedRaftLogWorker (SegmentedRaftLogWorker.java:startLogSegment(392)) - 490c2edb-ef6d-43f1-a3fc-38f1bdb7d380@group-4C5A957E7EA6-SegmentedRaftLogWorker: Starting segment from index:0
2021-03-15 13:21:38,070 [490c2edb-ef6d-43f1-a3fc-38f1bdb7d380@group-4C5A957E7EA6-SegmentedRaftLogWorker] INFO  segmented.SegmentedRaftLogWorker (SegmentedRaftLogWorker.java:execute(599)) - 490c2edb-ef6d-43f1-a3fc-38f1bdb7d380@group-4C5A957E7EA6-SegmentedRaftLogWorker: created new log segment /github/workspace/mnt/ozone/hadoop-ozone/integration-test/target/test-dir/MiniOzoneClusterImpl-10170ce6-1bcb-4b6c-85b7-fb1f14fc7e79/datanode-5/data/ratis/5d7a0514-9f89-4d6d-8831-4c5a957e7ea6/current/log_inprogress_0
2021-03-15 13:21:38,074 [490c2edb-ef6d-43f1-a3fc-38f1bdb7d380@group-4C5A957E7EA6-LeaderElection14] INFO  server.RaftServer$Division (ServerState.java:setRaftConf(373)) - 490c2edb-ef6d-43f1-a3fc-38f1bdb7d380@group-4C5A957E7EA6: set configuration 0: [490c2edb-ef6d-43f1-a3fc-38f1bdb7d380|rpc:172.17.0.2:35411|dataStream:|priority:1], old=null
2021-03-15 13:21:38,166 [Thread-306] INFO  impl.FollowerState (FollowerState.java:run(133)) - 01124cd4-4ace-459c-9f52-5cd7a41fca7c@group-D764FF994818-FollowerState: change to CANDIDATE, lastRpcElapsedTime:5082701337ns, electionTimeout:5076ms
2021-03-15 13:21:38,166 [Thread-306] INFO  impl.RoleInfo (RoleInfo.java:shutdownFollowerState(108)) - 01124cd4-4ace-459c-9f52-5cd7a41fca7c: shutdown 01124cd4-4ace-459c-9f52-5cd7a41fca7c@group-D764FF994818-FollowerState
2021-03-15 13:21:38,167 [Thread-306] INFO  server.RaftServer$Division (RaftServerImpl.java:setRole(284)) - 01124cd4-4ace-459c-9f52-5cd7a41fca7c@group-D764FF994818: changes role from  FOLLOWER to CANDIDATE at term 0 for changeToCandidate
2021-03-15 13:21:38,167 [Thread-306] INFO  server.RaftServerConfigKeys (ConfUtils.java:logGet(44)) - raft.server.leaderelection.pre-vote = false (custom)
2021-03-15 13:21:38,167 [Thread-306] INFO  impl.RoleInfo (RoleInfo.java:updateAndGet(130)) - 01124cd4-4ace-459c-9f52-5cd7a41fca7c: start 01124cd4-4ace-459c-9f52-5cd7a41fca7c@group-D764FF994818-LeaderElection15
2021-03-15 13:21:38,181 [01124cd4-4ace-459c-9f52-5cd7a41fca7c@group-D764FF994818-LeaderElection15] INFO  impl.LeaderElection (LeaderElection.java:askForVotes(307)) - 01124cd4-4ace-459c-9f52-5cd7a41fca7c@group-D764FF994818-LeaderElection15 ELECTION round 0: submit vote requests at term 1 for -1: [01124cd4-4ace-459c-9f52-5cd7a41fca7c|rpc:172.17.0.2:40903|priority:0, 8f544fba-ae2a-4c10-8316-b74b14cffb80|rpc:172.17.0.2:35899|priority:1, 490c2edb-ef6d-43f1-a3fc-38f1bdb7d380|rpc:172.17.0.2:35411|priority:0], old=null
2021-03-15 13:21:38,191 [grpc-default-executor-2] INFO  server.RaftServer$Division (RaftServerImpl.java:requestVote(1025)) - 8f544fba-ae2a-4c10-8316-b74b14cffb80@group-D764FF994818: receive requestVote(ELECTION, 01124cd4-4ace-459c-9f52-5cd7a41fca7c, group-D764FF994818, 1, (t:0, i:0))
2021-03-15 13:21:38,191 [grpc-default-executor-2] INFO  impl.VoteContext (VoteContext.java:log(48)) - 8f544fba-ae2a-4c10-8316-b74b14cffb80@group-D764FF994818-FOLLOWER: reject ELECTION from 01124cd4-4ace-459c-9f52-5cd7a41fca7c: our priority 1 > candidate's priority 0
2021-03-15 13:21:38,191 [grpc-default-executor-2] INFO  server.RaftServer$Division (RaftServerImpl.java:setRole(284)) - 8f544fba-ae2a-4c10-8316-b74b14cffb80@group-D764FF994818: changes role from  FOLLOWER to FOLLOWER at term 1 for candidate:01124cd4-4ace-459c-9f52-5cd7a41fca7c
2021-03-15 13:21:38,191 [grpc-default-executor-2] INFO  impl.RoleInfo (RoleInfo.java:shutdownFollowerState(108)) - 8f544fba-ae2a-4c10-8316-b74b14cffb80: shutdown 8f544fba-ae2a-4c10-8316-b74b14cffb80@group-D764FF994818-FollowerState
2021-03-15 13:21:38,191 [grpc-default-executor-2] INFO  impl.RoleInfo (RoleInfo.java:updateAndGet(130)) - 8f544fba-ae2a-4c10-8316-b74b14cffb80: start 8f544fba-ae2a-4c10-8316-b74b14cffb80@group-D764FF994818-FollowerState
2021-03-15 13:21:38,192 [Thread-311] INFO  impl.FollowerState (FollowerState.java:run(142)) - 8f544fba-ae2a-4c10-8316-b74b14cffb80@group-D764FF994818-FollowerState was interrupted: {}
java.lang.InterruptedException: sleep interrupted
	at java.lang.Thread.sleep(Native Method)
	at java.lang.Thread.sleep(Thread.java:340)
	at java.util.concurrent.TimeUnit.sleep(TimeUnit.java:386)
	at org.apache.ratis.util.TimeDuration.sleep(TimeDuration.java:324)
	at org.apache.ratis.util.TimeDuration.sleep(TimeDuration.java:309)
	at org.apache.ratis.server.impl.FollowerState.run(FollowerState.java:117)
2021-03-15 13:21:38,193 [grpc-default-executor-0] INFO  server.RaftServer$Division (RaftServerImpl.java:requestVote(1025)) - 490c2edb-ef6d-43f1-a3fc-38f1bdb7d380@group-D764FF994818: receive requestVote(ELECTION, 01124cd4-4ace-459c-9f52-5cd7a41fca7c, group-D764FF994818, 1, (t:0, i:0))
2021-03-15 13:21:38,207 [grpc-default-executor-0] INFO  impl.VoteContext (VoteContext.java:log(48)) - 490c2edb-ef6d-43f1-a3fc-38f1bdb7d380@group-D764FF994818-FOLLOWER: accept ELECTION from 01124cd4-4ace-459c-9f52-5cd7a41fca7c: our priority 0 <= candidate's priority 0
2021-03-15 13:21:38,207 [grpc-default-executor-0] INFO  server.RaftServer$Division (RaftServerImpl.java:setRole(284)) - 490c2edb-ef6d-43f1-a3fc-38f1bdb7d380@group-D764FF994818: changes role from  FOLLOWER to FOLLOWER at term 1 for candidate:01124cd4-4ace-459c-9f52-5cd7a41fca7c
2021-03-15 13:21:38,207 [grpc-default-executor-0] INFO  impl.RoleInfo (RoleInfo.java:shutdownFollowerState(108)) - 490c2edb-ef6d-43f1-a3fc-38f1bdb7d380: shutdown 490c2edb-ef6d-43f1-a3fc-38f1bdb7d380@group-D764FF994818-FollowerState
2021-03-15 13:21:38,208 [grpc-default-executor-0] INFO  impl.RoleInfo (RoleInfo.java:updateAndGet(130)) - 490c2edb-ef6d-43f1-a3fc-38f1bdb7d380: start 490c2edb-ef6d-43f1-a3fc-38f1bdb7d380@group-D764FF994818-FollowerState
2021-03-15 13:21:38,208 [Thread-315] INFO  impl.FollowerState (FollowerState.java:run(142)) - 490c2edb-ef6d-43f1-a3fc-38f1bdb7d380@group-D764FF994818-FollowerState was interrupted: {}
java.lang.InterruptedException: sleep interrupted
	at java.lang.Thread.sleep(Native Method)
	at java.lang.Thread.sleep(Thread.java:340)
	at java.util.concurrent.TimeUnit.sleep(TimeUnit.java:386)
	at org.apache.ratis.util.TimeDuration.sleep(TimeDuration.java:324)
	at org.apache.ratis.util.TimeDuration.sleep(TimeDuration.java:309)
	at org.apache.ratis.server.impl.FollowerState.run(FollowerState.java:117)
2021-03-15 13:21:38,209 [grpc-default-executor-0] INFO  server.RaftServer$Division (RaftServerImpl.java:requestVote(1057)) - 490c2edb-ef6d-43f1-a3fc-38f1bdb7d380@group-D764FF994818 replies to ELECTION vote request: 01124cd4-4ace-459c-9f52-5cd7a41fca7c<-490c2edb-ef6d-43f1-a3fc-38f1bdb7d380#0:OK-t1. Peer's state: 490c2edb-ef6d-43f1-a3fc-38f1bdb7d380@group-D764FF994818:t1, leader=null, voted=01124cd4-4ace-459c-9f52-5cd7a41fca7c, raftlog=490c2edb-ef6d-43f1-a3fc-38f1bdb7d380@group-D764FF994818-SegmentedRaftLog:OPENED:c-1,f-1,i0, conf=-1: [01124cd4-4ace-459c-9f52-5cd7a41fca7c|rpc:172.17.0.2:40903|dataStream:|priority:0, 8f544fba-ae2a-4c10-8316-b74b14cffb80|rpc:172.17.0.2:35899|dataStream:|priority:1, 490c2edb-ef6d-43f1-a3fc-38f1bdb7d380|rpc:172.17.0.2:35411|dataStream:|priority:0], old=null
2021-03-15 13:21:38,218 [grpc-default-executor-2] INFO  server.RaftServer$Division (RaftServerImpl.java:requestVote(1057)) - 8f544fba-ae2a-4c10-8316-b74b14cffb80@group-D764FF994818 replies to ELECTION vote request: 01124cd4-4ace-459c-9f52-5cd7a41fca7c<-8f544fba-ae2a-4c10-8316-b74b14cffb80#0:FAIL-t1. Peer's state: 8f544fba-ae2a-4c10-8316-b74b14cffb80@group-D764FF994818:t1, leader=null, voted=null, raftlog=8f544fba-ae2a-4c10-8316-b74b14cffb80@group-D764FF994818-SegmentedRaftLog:OPENED:c-1,f-1,i0, conf=-1: [01124cd4-4ace-459c-9f52-5cd7a41fca7c|rpc:172.17.0.2:40903|priority:0, 8f544fba-ae2a-4c10-8316-b74b14cffb80|rpc:172.17.0.2:35899|priority:1, 490c2edb-ef6d-43f1-a3fc-38f1bdb7d380|rpc:172.17.0.2:35411|priority:0], old=null
2021-03-15 13:21:38,221 [01124cd4-4ace-459c-9f52-5cd7a41fca7c@group-D764FF994818-LeaderElection15] INFO  impl.LeaderElection (LeaderElection.java:logAndReturn(89)) - 01124cd4-4ace-459c-9f52-5cd7a41fca7c@group-D764FF994818-LeaderElection15: ELECTION REJECTED received 2 response(s) and 0 exception(s):
2021-03-15 13:21:38,222 [01124cd4-4ace-459c-9f52-5cd7a41fca7c@group-D764FF994818-LeaderElection15] INFO  impl.LeaderElection (LeaderElection.java:logAndReturn(93)) -   Response 0: 01124cd4-4ace-459c-9f52-5cd7a41fca7c<-490c2edb-ef6d-43f1-a3fc-38f1bdb7d380#0:OK-t1
2021-03-15 13:21:38,222 [01124cd4-4ace-459c-9f52-5cd7a41fca7c@group-D764FF994818-LeaderElection15] INFO  impl.LeaderElection (LeaderElection.java:logAndReturn(93)) -   Response 1: 01124cd4-4ace-459c-9f52-5cd7a41fca7c<-8f544fba-ae2a-4c10-8316-b74b14cffb80#0:FAIL-t1
2021-03-15 13:21:38,222 [01124cd4-4ace-459c-9f52-5cd7a41fca7c@group-D764FF994818-LeaderElection15] INFO  impl.LeaderElection (LeaderElection.java:askForVotes(309)) - 01124cd4-4ace-459c-9f52-5cd7a41fca7c@group-D764FF994818-LeaderElection15 ELECTION round 0: result REJECTED
2021-03-15 13:21:38,222 [01124cd4-4ace-459c-9f52-5cd7a41fca7c@group-D764FF994818-LeaderElection15] INFO  server.RaftServer$Division (RaftServerImpl.java:setRole(284)) - 01124cd4-4ace-459c-9f52-5cd7a41fca7c@group-D764FF994818: changes role from CANDIDATE to FOLLOWER at term 1 for REJECTED
2021-03-15 13:21:38,222 [01124cd4-4ace-459c-9f52-5cd7a41fca7c@group-D764FF994818-LeaderElection15] INFO  impl.RoleInfo (RoleInfo.java:shutdownLeaderElection(121)) - 01124cd4-4ace-459c-9f52-5cd7a41fca7c: shutdown 01124cd4-4ace-459c-9f52-5cd7a41fca7c@group-D764FF994818-LeaderElection15
2021-03-15 13:21:38,222 [01124cd4-4ace-459c-9f52-5cd7a41fca7c@group-D764FF994818-LeaderElection15] INFO  impl.RoleInfo (RoleInfo.java:updateAndGet(130)) - 01124cd4-4ace-459c-9f52-5cd7a41fca7c: start 01124cd4-4ace-459c-9f52-5cd7a41fca7c@group-D764FF994818-FollowerState
2021-03-15 13:21:38,250 [Thread-310] INFO  impl.FollowerState (FollowerState.java:run(133)) - fe63c344-5a2d-4322-bbac-49268a0984bd@group-591F5D79C43E-FollowerState: change to CANDIDATE, lastRpcElapsedTime:5128748853ns, electionTimeout:5116ms
2021-03-15 13:21:38,277 [Thread-310] INFO  impl.RoleInfo (RoleInfo.java:shutdownFollowerState(108)) - fe63c344-5a2d-4322-bbac-49268a0984bd: shutdown fe63c344-5a2d-4322-bbac-49268a0984bd@group-591F5D79C43E-FollowerState
2021-03-15 13:21:38,277 [Thread-310] INFO  server.RaftServer$Division (RaftServerImpl.java:setRole(284)) - fe63c344-5a2d-4322-bbac-49268a0984bd@group-591F5D79C43E: changes role from  FOLLOWER to CANDIDATE at term 0 for changeToCandidate
2021-03-15 13:21:38,278 [Thread-310] INFO  server.RaftServerConfigKeys (ConfUtils.java:logGet(44)) - raft.server.leaderelection.pre-vote = false (custom)
2021-03-15 13:21:38,278 [Thread-310] INFO  impl.RoleInfo (RoleInfo.java:updateAndGet(130)) - fe63c344-5a2d-4322-bbac-49268a0984bd: start fe63c344-5a2d-4322-bbac-49268a0984bd@group-591F5D79C43E-LeaderElection16
2021-03-15 13:21:38,304 [fe63c344-5a2d-4322-bbac-49268a0984bd@group-591F5D79C43E-LeaderElection16] INFO  impl.LeaderElection (LeaderElection.java:askForVotes(307)) - fe63c344-5a2d-4322-bbac-49268a0984bd@group-591F5D79C43E-LeaderElection16 ELECTION round 0: submit vote requests at term 1 for -1: [fe63c344-5a2d-4322-bbac-49268a0984bd|rpc:172.17.0.2:42479|priority:1], old=null
2021-03-15 13:21:38,304 [fe63c344-5a2d-4322-bbac-49268a0984bd@group-591F5D79C43E-LeaderElection16] INFO  impl.LeaderElection (LeaderElection.java:askForVotes(309)) - fe63c344-5a2d-4322-bbac-49268a0984bd@group-591F5D79C43E-LeaderElection16 ELECTION round 0: result PASSED (term=1)
2021-03-15 13:21:38,304 [fe63c344-5a2d-4322-bbac-49268a0984bd@group-591F5D79C43E-LeaderElection16] INFO  impl.RoleInfo (RoleInfo.java:shutdownLeaderElection(121)) - fe63c344-5a2d-4322-bbac-49268a0984bd: shutdown fe63c344-5a2d-4322-bbac-49268a0984bd@group-591F5D79C43E-LeaderElection16
2021-03-15 13:21:38,304 [fe63c344-5a2d-4322-bbac-49268a0984bd@group-591F5D79C43E-LeaderElection16] INFO  server.RaftServer$Division (RaftServerImpl.java:setRole(284)) - fe63c344-5a2d-4322-bbac-49268a0984bd@group-591F5D79C43E: changes role from CANDIDATE to LEADER at term 1 for changeToLeader
2021-03-15 13:21:38,304 [fe63c344-5a2d-4322-bbac-49268a0984bd@group-591F5D79C43E-LeaderElection16] INFO  ratis.XceiverServerRatis (XceiverServerRatis.java:handleLeaderChangedNotification(899)) - Leader change notification received for group: group-591F5D79C43E with new leaderId: fe63c344-5a2d-4322-bbac-49268a0984bd
2021-03-15 13:21:38,304 [fe63c344-5a2d-4322-bbac-49268a0984bd@group-591F5D79C43E-LeaderElection16] INFO  server.RaftServer$Division (ServerState.java:setLeader(271)) - fe63c344-5a2d-4322-bbac-49268a0984bd@group-591F5D79C43E: change Leader from null to fe63c344-5a2d-4322-bbac-49268a0984bd at term 1 for becomeLeader, leader elected after 5201ms
2021-03-15 13:21:38,304 [fe63c344-5a2d-4322-bbac-49268a0984bd@group-591F5D79C43E-LeaderElection16] INFO  server.RaftServerConfigKeys (ConfUtils.java:logGet(44)) - raft.server.staging.catchup.gap = 1000 (default)
2021-03-15 13:21:38,304 [fe63c344-5a2d-4322-bbac-49268a0984bd@group-591F5D79C43E-LeaderElection16] INFO  metrics.RatisMetrics (RatisMetrics.java:lambda$create$0(36)) - Creating Metrics Registry : ratis.log_appender.fe63c344-5a2d-4322-bbac-49268a0984bd@group-591F5D79C43E
2021-03-15 13:21:38,305 [fe63c344-5a2d-4322-bbac-49268a0984bd@group-591F5D79C43E-LeaderElection16] INFO  server.RaftServerConfigKeys (ConfUtils.java:logGet(44)) - raft.server.write.element-limit = 1024 (custom)
2021-03-15 13:21:38,305 [fe63c344-5a2d-4322-bbac-49268a0984bd@group-591F5D79C43E-LeaderElection16] INFO  server.RaftServerConfigKeys (ConfUtils.java:logGet(44)) - raft.server.write.byte-limit = 1073741824 (custom)
2021-03-15 13:21:38,305 [fe63c344-5a2d-4322-bbac-49268a0984bd@group-591F5D79C43E-LeaderElection16] INFO  server.RaftServerConfigKeys (ConfUtils.java:logGet(44)) - raft.server.watch.timeout = 3000ms (custom)
2021-03-15 13:21:38,306 [fe63c344-5a2d-4322-bbac-49268a0984bd@group-591F5D79C43E-LeaderElection16] INFO  server.RaftServerConfigKeys (ConfUtils.java:logGet(44)) - raft.server.watch.timeout.denomination = 1s (default)
2021-03-15 13:21:38,306 [fe63c344-5a2d-4322-bbac-49268a0984bd@group-591F5D79C43E-LeaderElection16] INFO  server.RaftServerConfigKeys (ConfUtils.java:logGet(44)) - raft.server.watch.element-limit = 65536 (default)
2021-03-15 13:21:38,306 [fe63c344-5a2d-4322-bbac-49268a0984bd@group-591F5D79C43E-LeaderElection16] INFO  impl.RoleInfo (RoleInfo.java:updateAndGet(130)) - fe63c344-5a2d-4322-bbac-49268a0984bd: start fe63c344-5a2d-4322-bbac-49268a0984bd@group-591F5D79C43E-LeaderStateImpl
2021-03-15 13:21:38,306 [fe63c344-5a2d-4322-bbac-49268a0984bd@group-591F5D79C43E-LeaderElection16] INFO  segmented.SegmentedRaftLogWorker (SegmentedRaftLogWorker.java:startLogSegment(392)) - fe63c344-5a2d-4322-bbac-49268a0984bd@group-591F5D79C43E-SegmentedRaftLogWorker: Starting segment from index:0
2021-03-15 13:21:38,308 [fe63c344-5a2d-4322-bbac-49268a0984bd@group-591F5D79C43E-SegmentedRaftLogWorker] INFO  segmented.SegmentedRaftLogWorker (SegmentedRaftLogWorker.java:execute(599)) - fe63c344-5a2d-4322-bbac-49268a0984bd@group-591F5D79C43E-SegmentedRaftLogWorker: created new log segment /github/workspace/mnt/ozone/hadoop-ozone/integration-test/target/test-dir/MiniOzoneClusterImpl-10170ce6-1bcb-4b6c-85b7-fb1f14fc7e79/datanode-6/data/ratis/b5a766e5-df5d-49f1-bf01-591f5d79c43e/current/log_inprogress_0
2021-03-15 13:21:38,314 [fe63c344-5a2d-4322-bbac-49268a0984bd@group-591F5D79C43E-LeaderElection16] INFO  server.RaftServer$Division (ServerState.java:setRaftConf(373)) - fe63c344-5a2d-4322-bbac-49268a0984bd@group-591F5D79C43E: set configuration 0: [fe63c344-5a2d-4322-bbac-49268a0984bd|rpc:172.17.0.2:42479|dataStream:|priority:1], old=null
2021-03-15 13:21:38,615 [Listener at 127.0.0.1/41395] INFO  rpc.RpcClient (RpcClient.java:createVolume(279)) - Creating Volume: testblockoutputstream, with jenkins1001 as owner and space quota set to -1 bytes, counts quota set to -1
2021-03-15 13:21:38,732 [OM StateMachine ApplyTransaction Thread - 0] INFO  volume.OMVolumeCreateRequest (OMVolumeCreateRequest.java:validateAndUpdateCache(196)) - created volume:testblockoutputstream for user:jenkins1001
2021-03-15 13:21:38,760 [Listener at 127.0.0.1/41395] INFO  rpc.RpcClient (RpcClient.java:createBucket(441)) - Creating Bucket: testblockoutputstream/testblockoutputstream, with Versioning false and Storage Type set to DISK and Encryption set to false 
2021-03-15 13:21:38,966 [Listener at 127.0.0.1/41395] INFO  impl.MetricsSystemImpl (MetricsSystemImpl.java:init(158)) - XceiverClientMetrics metrics system started (again)
2021-03-15 13:21:39,038 [Listener at 127.0.0.1/41395] INFO  metrics.RatisMetrics (RatisMetrics.java:lambda$create$0(36)) - Creating Metrics Registry : ratis.client_message_metrics.client-D2395CE2BFCF->c8823aab-1c49-422a-a51c-c7b83b859fa6
2021-03-15 13:21:40,629 [EventQueue-Delayed safe mode statusForReplicationManager] INFO  container.ReplicationManager (ReplicationManager.java:start(186)) - Starting Replication Monitor Thread.
2021-03-15 13:21:40,632 [ReplicationMonitor] INFO  container.ReplicationManager (ReplicationManager.java:run(250)) - Replication Monitor Thread took 3 milliseconds for processing 1 containers.
2021-03-15 13:21:41,712 [Thread-325] INFO  impl.FollowerState (FollowerState.java:run(133)) - c8823aab-1c49-422a-a51c-c7b83b859fa6@group-7426FA8FAC29-FollowerState: change to CANDIDATE, lastRpcElapsedTime:5029047543ns, electionTimeout:5026ms
2021-03-15 13:21:41,712 [Thread-325] INFO  impl.RoleInfo (RoleInfo.java:shutdownFollowerState(108)) - c8823aab-1c49-422a-a51c-c7b83b859fa6: shutdown c8823aab-1c49-422a-a51c-c7b83b859fa6@group-7426FA8FAC29-FollowerState
2021-03-15 13:21:41,712 [Thread-325] INFO  server.RaftServer$Division (RaftServerImpl.java:setRole(284)) - c8823aab-1c49-422a-a51c-c7b83b859fa6@group-7426FA8FAC29: changes role from  FOLLOWER to CANDIDATE at term 1 for changeToCandidate
2021-03-15 13:21:41,712 [Thread-325] INFO  server.RaftServerConfigKeys (ConfUtils.java:logGet(44)) - raft.server.leaderelection.pre-vote = false (custom)
2021-03-15 13:21:41,712 [Thread-325] INFO  impl.RoleInfo (RoleInfo.java:updateAndGet(130)) - c8823aab-1c49-422a-a51c-c7b83b859fa6: start c8823aab-1c49-422a-a51c-c7b83b859fa6@group-7426FA8FAC29-LeaderElection17
2021-03-15 13:21:41,715 [c8823aab-1c49-422a-a51c-c7b83b859fa6@group-7426FA8FAC29-LeaderElection17] INFO  impl.LeaderElection (LeaderElection.java:askForVotes(307)) - c8823aab-1c49-422a-a51c-c7b83b859fa6@group-7426FA8FAC29-LeaderElection17 ELECTION round 0: submit vote requests at term 2 for -1: [29adc670-2c1e-4c6c-9558-1601f864128b|rpc:172.17.0.2:37315|priority:1, 2bcf9514-6eaf-4328-a021-870a209d39c4|rpc:172.17.0.2:43919|priority:0, c8823aab-1c49-422a-a51c-c7b83b859fa6|rpc:172.17.0.2:38877|priority:0], old=null
2021-03-15 13:21:41,718 [grpc-default-executor-2] INFO  server.RaftServer$Division (RaftServerImpl.java:requestVote(1025)) - 2bcf9514-6eaf-4328-a021-870a209d39c4@group-7426FA8FAC29: receive requestVote(ELECTION, c8823aab-1c49-422a-a51c-c7b83b859fa6, group-7426FA8FAC29, 2, (t:0, i:0))
2021-03-15 13:21:41,721 [grpc-default-executor-2] INFO  impl.VoteContext (VoteContext.java:log(48)) - 2bcf9514-6eaf-4328-a021-870a209d39c4@group-7426FA8FAC29-FOLLOWER: accept ELECTION from c8823aab-1c49-422a-a51c-c7b83b859fa6: our priority 0 <= candidate's priority 0
2021-03-15 13:21:41,721 [grpc-default-executor-2] INFO  server.RaftServer$Division (RaftServerImpl.java:setRole(284)) - 2bcf9514-6eaf-4328-a021-870a209d39c4@group-7426FA8FAC29: changes role from  FOLLOWER to FOLLOWER at term 2 for candidate:c8823aab-1c49-422a-a51c-c7b83b859fa6
2021-03-15 13:21:41,721 [grpc-default-executor-2] INFO  impl.RoleInfo (RoleInfo.java:shutdownFollowerState(108)) - 2bcf9514-6eaf-4328-a021-870a209d39c4: shutdown 2bcf9514-6eaf-4328-a021-870a209d39c4@group-7426FA8FAC29-FollowerState
2021-03-15 13:21:41,722 [grpc-default-executor-2] INFO  impl.RoleInfo (RoleInfo.java:updateAndGet(130)) - 2bcf9514-6eaf-4328-a021-870a209d39c4: start 2bcf9514-6eaf-4328-a021-870a209d39c4@group-7426FA8FAC29-FollowerState
2021-03-15 13:21:41,722 [Thread-323] INFO  impl.FollowerState (FollowerState.java:run(142)) - 2bcf9514-6eaf-4328-a021-870a209d39c4@group-7426FA8FAC29-FollowerState was interrupted: {}
java.lang.InterruptedException: sleep interrupted
	at java.lang.Thread.sleep(Native Method)
	at java.lang.Thread.sleep(Thread.java:340)
	at java.util.concurrent.TimeUnit.sleep(TimeUnit.java:386)
	at org.apache.ratis.util.TimeDuration.sleep(TimeDuration.java:324)
	at org.apache.ratis.util.TimeDuration.sleep(TimeDuration.java:309)
	at org.apache.ratis.server.impl.FollowerState.run(FollowerState.java:117)
2021-03-15 13:21:41,722 [grpc-default-executor-0] INFO  server.RaftServer$Division (RaftServerImpl.java:requestVote(1025)) - 29adc670-2c1e-4c6c-9558-1601f864128b@group-7426FA8FAC29: receive requestVote(ELECTION, c8823aab-1c49-422a-a51c-c7b83b859fa6, group-7426FA8FAC29, 2, (t:0, i:0))
2021-03-15 13:21:41,729 [grpc-default-executor-0] INFO  impl.VoteContext (VoteContext.java:log(48)) - 29adc670-2c1e-4c6c-9558-1601f864128b@group-7426FA8FAC29-FOLLOWER: reject ELECTION from c8823aab-1c49-422a-a51c-c7b83b859fa6: our priority 1 > candidate's priority 0
2021-03-15 13:21:41,729 [grpc-default-executor-0] INFO  server.RaftServer$Division (RaftServerImpl.java:setRole(284)) - 29adc670-2c1e-4c6c-9558-1601f864128b@group-7426FA8FAC29: changes role from  FOLLOWER to FOLLOWER at term 2 for candidate:c8823aab-1c49-422a-a51c-c7b83b859fa6
2021-03-15 13:21:41,729 [grpc-default-executor-0] INFO  impl.RoleInfo (RoleInfo.java:shutdownFollowerState(108)) - 29adc670-2c1e-4c6c-9558-1601f864128b: shutdown 29adc670-2c1e-4c6c-9558-1601f864128b@group-7426FA8FAC29-FollowerState
2021-03-15 13:21:41,729 [grpc-default-executor-2] INFO  server.RaftServer$Division (RaftServerImpl.java:requestVote(1057)) - 2bcf9514-6eaf-4328-a021-870a209d39c4@group-7426FA8FAC29 replies to ELECTION vote request: c8823aab-1c49-422a-a51c-c7b83b859fa6<-2bcf9514-6eaf-4328-a021-870a209d39c4#0:OK-t2. Peer's state: 2bcf9514-6eaf-4328-a021-870a209d39c4@group-7426FA8FAC29:t2, leader=null, voted=c8823aab-1c49-422a-a51c-c7b83b859fa6, raftlog=2bcf9514-6eaf-4328-a021-870a209d39c4@group-7426FA8FAC29-SegmentedRaftLog:OPENED:c-1,f-1,i0, conf=-1: [29adc670-2c1e-4c6c-9558-1601f864128b|rpc:172.17.0.2:37315|priority:1, 2bcf9514-6eaf-4328-a021-870a209d39c4|rpc:172.17.0.2:43919|priority:0, c8823aab-1c49-422a-a51c-c7b83b859fa6|rpc:172.17.0.2:38877|priority:0], old=null
2021-03-15 13:21:41,729 [Thread-324] INFO  impl.FollowerState (FollowerState.java:run(142)) - 29adc670-2c1e-4c6c-9558-1601f864128b@group-7426FA8FAC29-FollowerState was interrupted: {}
java.lang.InterruptedException: sleep interrupted
	at java.lang.Thread.sleep(Native Method)
	at java.lang.Thread.sleep(Thread.java:340)
	at java.util.concurrent.TimeUnit.sleep(TimeUnit.java:386)
	at org.apache.ratis.util.TimeDuration.sleep(TimeDuration.java:324)
	at org.apache.ratis.util.TimeDuration.sleep(TimeDuration.java:309)
	at org.apache.ratis.server.impl.FollowerState.run(FollowerState.java:117)
2021-03-15 13:21:41,729 [grpc-default-executor-0] INFO  impl.RoleInfo (RoleInfo.java:updateAndGet(130)) - 29adc670-2c1e-4c6c-9558-1601f864128b: start 29adc670-2c1e-4c6c-9558-1601f864128b@group-7426FA8FAC29-FollowerState
2021-03-15 13:21:41,734 [grpc-default-executor-0] INFO  server.RaftServer$Division (RaftServerImpl.java:requestVote(1057)) - 29adc670-2c1e-4c6c-9558-1601f864128b@group-7426FA8FAC29 replies to ELECTION vote request: c8823aab-1c49-422a-a51c-c7b83b859fa6<-29adc670-2c1e-4c6c-9558-1601f864128b#0:FAIL-t2. Peer's state: 29adc670-2c1e-4c6c-9558-1601f864128b@group-7426FA8FAC29:t2, leader=null, voted=null, raftlog=29adc670-2c1e-4c6c-9558-1601f864128b@group-7426FA8FAC29-SegmentedRaftLog:OPENED:c-1,f-1,i0, conf=-1: [29adc670-2c1e-4c6c-9558-1601f864128b|rpc:172.17.0.2:37315|priority:1, 2bcf9514-6eaf-4328-a021-870a209d39c4|rpc:172.17.0.2:43919|priority:0, c8823aab-1c49-422a-a51c-c7b83b859fa6|rpc:172.17.0.2:38877|priority:0], old=null
2021-03-15 13:21:41,735 [c8823aab-1c49-422a-a51c-c7b83b859fa6@group-7426FA8FAC29-LeaderElection17] INFO  impl.LeaderElection (LeaderElection.java:logAndReturn(89)) - c8823aab-1c49-422a-a51c-c7b83b859fa6@group-7426FA8FAC29-LeaderElection17: ELECTION REJECTED received 2 response(s) and 0 exception(s):
2021-03-15 13:21:41,736 [c8823aab-1c49-422a-a51c-c7b83b859fa6@group-7426FA8FAC29-LeaderElection17] INFO  impl.LeaderElection (LeaderElection.java:logAndReturn(93)) -   Response 0: c8823aab-1c49-422a-a51c-c7b83b859fa6<-29adc670-2c1e-4c6c-9558-1601f864128b#0:FAIL-t2
2021-03-15 13:21:41,736 [c8823aab-1c49-422a-a51c-c7b83b859fa6@group-7426FA8FAC29-LeaderElection17] INFO  impl.LeaderElection (LeaderElection.java:logAndReturn(93)) -   Response 1: c8823aab-1c49-422a-a51c-c7b83b859fa6<-2bcf9514-6eaf-4328-a021-870a209d39c4#0:OK-t2
2021-03-15 13:21:41,736 [c8823aab-1c49-422a-a51c-c7b83b859fa6@group-7426FA8FAC29-LeaderElection17] INFO  impl.LeaderElection (LeaderElection.java:askForVotes(309)) - c8823aab-1c49-422a-a51c-c7b83b859fa6@group-7426FA8FAC29-LeaderElection17 ELECTION round 0: result REJECTED
2021-03-15 13:21:41,736 [c8823aab-1c49-422a-a51c-c7b83b859fa6@group-7426FA8FAC29-LeaderElection17] INFO  server.RaftServer$Division (RaftServerImpl.java:setRole(284)) - c8823aab-1c49-422a-a51c-c7b83b859fa6@group-7426FA8FAC29: changes role from CANDIDATE to FOLLOWER at term 2 for REJECTED
2021-03-15 13:21:41,736 [c8823aab-1c49-422a-a51c-c7b83b859fa6@group-7426FA8FAC29-LeaderElection17] INFO  impl.RoleInfo (RoleInfo.java:shutdownLeaderElection(121)) - c8823aab-1c49-422a-a51c-c7b83b859fa6: shutdown c8823aab-1c49-422a-a51c-c7b83b859fa6@group-7426FA8FAC29-LeaderElection17
2021-03-15 13:21:41,736 [c8823aab-1c49-422a-a51c-c7b83b859fa6@group-7426FA8FAC29-LeaderElection17] INFO  impl.RoleInfo (RoleInfo.java:updateAndGet(130)) - c8823aab-1c49-422a-a51c-c7b83b859fa6: start c8823aab-1c49-422a-a51c-c7b83b859fa6@group-7426FA8FAC29-FollowerState
2021-03-15 13:21:42,433 [java.util.concurrent.ThreadPoolExecutor$Worker@1eb5ff75[State = -1, empty queue]] INFO  metrics.RatisMetrics (RatisMetrics.java:lambda$create$0(36)) - Creating Metrics Registry : ratis.client_message_metrics.client-D2395CE2BFCF->29adc670-2c1e-4c6c-9558-1601f864128b
2021-03-15 13:21:42,655 [Thread-334] INFO  impl.FollowerState (FollowerState.java:run(133)) - 490c2edb-ef6d-43f1-a3fc-38f1bdb7d380@group-E860D21F6A2B-FollowerState: change to CANDIDATE, lastRpcElapsedTime:5126108439ns, electionTimeout:5115ms
2021-03-15 13:21:42,655 [Thread-334] INFO  impl.RoleInfo (RoleInfo.java:shutdownFollowerState(108)) - 490c2edb-ef6d-43f1-a3fc-38f1bdb7d380: shutdown 490c2edb-ef6d-43f1-a3fc-38f1bdb7d380@group-E860D21F6A2B-FollowerState
2021-03-15 13:21:42,656 [Thread-334] INFO  server.RaftServer$Division (RaftServerImpl.java:setRole(284)) - 490c2edb-ef6d-43f1-a3fc-38f1bdb7d380@group-E860D21F6A2B: changes role from  FOLLOWER to CANDIDATE at term 1 for changeToCandidate
2021-03-15 13:21:42,656 [Thread-334] INFO  server.RaftServerConfigKeys (ConfUtils.java:logGet(44)) - raft.server.leaderelection.pre-vote = false (custom)
2021-03-15 13:21:42,656 [Thread-334] INFO  impl.RoleInfo (RoleInfo.java:updateAndGet(130)) - 490c2edb-ef6d-43f1-a3fc-38f1bdb7d380: start 490c2edb-ef6d-43f1-a3fc-38f1bdb7d380@group-E860D21F6A2B-LeaderElection18
2021-03-15 13:21:42,659 [490c2edb-ef6d-43f1-a3fc-38f1bdb7d380@group-E860D21F6A2B-LeaderElection18] INFO  impl.LeaderElection (LeaderElection.java:askForVotes(307)) - 490c2edb-ef6d-43f1-a3fc-38f1bdb7d380@group-E860D21F6A2B-LeaderElection18 ELECTION round 0: submit vote requests at term 2 for -1: [01124cd4-4ace-459c-9f52-5cd7a41fca7c|rpc:172.17.0.2:40903|dataStream:|priority:0, 8f544fba-ae2a-4c10-8316-b74b14cffb80|rpc:172.17.0.2:35899|dataStream:|priority:0, 490c2edb-ef6d-43f1-a3fc-38f1bdb7d380|rpc:172.17.0.2:35411|dataStream:|priority:1], old=null
2021-03-15 13:21:42,672 [grpc-default-executor-0] INFO  server.RaftServer$Division (RaftServerImpl.java:requestVote(1025)) - 8f544fba-ae2a-4c10-8316-b74b14cffb80@group-E860D21F6A2B: receive requestVote(ELECTION, 490c2edb-ef6d-43f1-a3fc-38f1bdb7d380, group-E860D21F6A2B, 2, (t:0, i:0))
2021-03-15 13:21:42,672 [grpc-default-executor-0] INFO  impl.VoteContext (VoteContext.java:log(48)) - 8f544fba-ae2a-4c10-8316-b74b14cffb80@group-E860D21F6A2B-FOLLOWER: accept ELECTION from 490c2edb-ef6d-43f1-a3fc-38f1bdb7d380: our priority 0 <= candidate's priority 1
2021-03-15 13:21:42,673 [grpc-default-executor-0] INFO  server.RaftServer$Division (RaftServerImpl.java:setRole(284)) - 8f544fba-ae2a-4c10-8316-b74b14cffb80@group-E860D21F6A2B: changes role from  FOLLOWER to FOLLOWER at term 2 for candidate:490c2edb-ef6d-43f1-a3fc-38f1bdb7d380
2021-03-15 13:21:42,673 [grpc-default-executor-0] INFO  impl.RoleInfo (RoleInfo.java:shutdownFollowerState(108)) - 8f544fba-ae2a-4c10-8316-b74b14cffb80: shutdown 8f544fba-ae2a-4c10-8316-b74b14cffb80@group-E860D21F6A2B-FollowerState
2021-03-15 13:21:42,674 [grpc-default-executor-0] INFO  impl.RoleInfo (RoleInfo.java:updateAndGet(130)) - 8f544fba-ae2a-4c10-8316-b74b14cffb80: start 8f544fba-ae2a-4c10-8316-b74b14cffb80@group-E860D21F6A2B-FollowerState
2021-03-15 13:21:42,673 [grpc-default-executor-2] INFO  server.RaftServer$Division (RaftServerImpl.java:requestVote(1025)) - 01124cd4-4ace-459c-9f52-5cd7a41fca7c@group-E860D21F6A2B: receive requestVote(ELECTION, 490c2edb-ef6d-43f1-a3fc-38f1bdb7d380, group-E860D21F6A2B, 2, (t:0, i:0))
2021-03-15 13:21:42,674 [grpc-default-executor-2] INFO  impl.VoteContext (VoteContext.java:log(48)) - 01124cd4-4ace-459c-9f52-5cd7a41fca7c@group-E860D21F6A2B-FOLLOWER: accept ELECTION from 490c2edb-ef6d-43f1-a3fc-38f1bdb7d380: our priority 0 <= candidate's priority 1
2021-03-15 13:21:42,675 [grpc-default-executor-2] INFO  server.RaftServer$Division (RaftServerImpl.java:setRole(284)) - 01124cd4-4ace-459c-9f52-5cd7a41fca7c@group-E860D21F6A2B: changes role from  FOLLOWER to FOLLOWER at term 2 for candidate:490c2edb-ef6d-43f1-a3fc-38f1bdb7d380
2021-03-15 13:21:42,675 [grpc-default-executor-2] INFO  impl.RoleInfo (RoleInfo.java:shutdownFollowerState(108)) - 01124cd4-4ace-459c-9f52-5cd7a41fca7c: shutdown 01124cd4-4ace-459c-9f52-5cd7a41fca7c@group-E860D21F6A2B-FollowerState
2021-03-15 13:21:42,675 [grpc-default-executor-2] INFO  impl.RoleInfo (RoleInfo.java:updateAndGet(130)) - 01124cd4-4ace-459c-9f52-5cd7a41fca7c: start 01124cd4-4ace-459c-9f52-5cd7a41fca7c@group-E860D21F6A2B-FollowerState
2021-03-15 13:21:42,675 [Thread-335] INFO  impl.FollowerState (FollowerState.java:run(142)) - 01124cd4-4ace-459c-9f52-5cd7a41fca7c@group-E860D21F6A2B-FollowerState was interrupted: {}
java.lang.InterruptedException: sleep interrupted
	at java.lang.Thread.sleep(Native Method)
	at java.lang.Thread.sleep(Thread.java:340)
	at java.util.concurrent.TimeUnit.sleep(TimeUnit.java:386)
	at org.apache.ratis.util.TimeDuration.sleep(TimeDuration.java:324)
	at org.apache.ratis.util.TimeDuration.sleep(TimeDuration.java:309)
	at org.apache.ratis.server.impl.FollowerState.run(FollowerState.java:117)
2021-03-15 13:21:42,677 [grpc-default-executor-0] INFO  server.RaftServer$Division (RaftServerImpl.java:requestVote(1057)) - 8f544fba-ae2a-4c10-8316-b74b14cffb80@group-E860D21F6A2B replies to ELECTION vote request: 490c2edb-ef6d-43f1-a3fc-38f1bdb7d380<-8f544fba-ae2a-4c10-8316-b74b14cffb80#0:OK-t2. Peer's state: 8f544fba-ae2a-4c10-8316-b74b14cffb80@group-E860D21F6A2B:t2, leader=null, voted=490c2edb-ef6d-43f1-a3fc-38f1bdb7d380, raftlog=8f544fba-ae2a-4c10-8316-b74b14cffb80@group-E860D21F6A2B-SegmentedRaftLog:OPENED:c-1,f-1,i0, conf=-1: [01124cd4-4ace-459c-9f52-5cd7a41fca7c|rpc:172.17.0.2:40903|dataStream:|priority:0, 8f544fba-ae2a-4c10-8316-b74b14cffb80|rpc:172.17.0.2:35899|dataStream:|priority:0, 490c2edb-ef6d-43f1-a3fc-38f1bdb7d380|rpc:172.17.0.2:35411|dataStream:|priority:1], old=null
2021-03-15 13:21:42,680 [grpc-default-executor-2] INFO  server.RaftServer$Division (RaftServerImpl.java:requestVote(1057)) - 01124cd4-4ace-459c-9f52-5cd7a41fca7c@group-E860D21F6A2B replies to ELECTION vote request: 490c2edb-ef6d-43f1-a3fc-38f1bdb7d380<-01124cd4-4ace-459c-9f52-5cd7a41fca7c#0:OK-t2. Peer's state: 01124cd4-4ace-459c-9f52-5cd7a41fca7c@group-E860D21F6A2B:t2, leader=null, voted=490c2edb-ef6d-43f1-a3fc-38f1bdb7d380, raftlog=01124cd4-4ace-459c-9f52-5cd7a41fca7c@group-E860D21F6A2B-SegmentedRaftLog:OPENED:c-1,f-1,i0, conf=-1: [01124cd4-4ace-459c-9f52-5cd7a41fca7c|rpc:172.17.0.2:40903|priority:0, 8f544fba-ae2a-4c10-8316-b74b14cffb80|rpc:172.17.0.2:35899|priority:0, 490c2edb-ef6d-43f1-a3fc-38f1bdb7d380|rpc:172.17.0.2:35411|priority:1], old=null
2021-03-15 13:21:42,680 [Thread-333] INFO  impl.FollowerState (FollowerState.java:run(133)) - 8f544fba-ae2a-4c10-8316-b74b14cffb80@group-E860D21F6A2B-FollowerState: change to CANDIDATE, lastRpcElapsedTime:5161410788ns, electionTimeout:5155ms
2021-03-15 13:21:42,681 [Thread-333] INFO  impl.RoleInfo (RoleInfo.java:shutdownFollowerState(108)) - 8f544fba-ae2a-4c10-8316-b74b14cffb80: shutdown 8f544fba-ae2a-4c10-8316-b74b14cffb80@group-E860D21F6A2B-FollowerState
2021-03-15 13:21:42,681 [Thread-333] INFO  server.RaftServer$Division (RaftServerImpl.java:setRole(284)) - 8f544fba-ae2a-4c10-8316-b74b14cffb80@group-E860D21F6A2B: changes role from  FOLLOWER to CANDIDATE at term 2 for changeToCandidate
2021-03-15 13:21:42,681 [Thread-333] INFO  server.RaftServerConfigKeys (ConfUtils.java:logGet(44)) - raft.server.leaderelection.pre-vote = false (custom)
2021-03-15 13:21:42,681 [Thread-333] INFO  impl.RoleInfo (RoleInfo.java:updateAndGet(130)) - 8f544fba-ae2a-4c10-8316-b74b14cffb80: start 8f544fba-ae2a-4c10-8316-b74b14cffb80@group-E860D21F6A2B-LeaderElection19
2021-03-15 13:21:42,686 [Thread-349] INFO  impl.FollowerState (FollowerState.java:run(133)) - 2bcf9514-6eaf-4328-a021-870a209d39c4@group-388B48EC2E2F-FollowerState: change to CANDIDATE, lastRpcElapsedTime:5040389004ns, electionTimeout:5034ms
2021-03-15 13:21:42,686 [Thread-349] INFO  impl.RoleInfo (RoleInfo.java:shutdownFollowerState(108)) - 2bcf9514-6eaf-4328-a021-870a209d39c4: shutdown 2bcf9514-6eaf-4328-a021-870a209d39c4@group-388B48EC2E2F-FollowerState
2021-03-15 13:21:42,686 [Thread-349] INFO  server.RaftServer$Division (RaftServerImpl.java:setRole(284)) - 2bcf9514-6eaf-4328-a021-870a209d39c4@group-388B48EC2E2F: changes role from  FOLLOWER to CANDIDATE at term 2 for changeToCandidate
2021-03-15 13:21:42,686 [Thread-405] INFO  impl.FollowerState (FollowerState.java:run(142)) - 8f544fba-ae2a-4c10-8316-b74b14cffb80@group-E860D21F6A2B-FollowerState was interrupted: {}
java.lang.InterruptedException: sleep interrupted
	at java.lang.Thread.sleep(Native Method)
	at java.lang.Thread.sleep(Thread.java:340)
	at java.util.concurrent.TimeUnit.sleep(TimeUnit.java:386)
	at org.apache.ratis.util.TimeDuration.sleep(TimeDuration.java:324)
	at org.apache.ratis.util.TimeDuration.sleep(TimeDuration.java:309)
	at org.apache.ratis.server.impl.FollowerState.run(FollowerState.java:117)
2021-03-15 13:21:42,687 [Thread-349] INFO  server.RaftServerConfigKeys (ConfUtils.java:logGet(44)) - raft.server.leaderelection.pre-vote = false (custom)
2021-03-15 13:21:42,688 [Thread-349] INFO  impl.RoleInfo (RoleInfo.java:updateAndGet(130)) - 2bcf9514-6eaf-4328-a021-870a209d39c4: start 2bcf9514-6eaf-4328-a021-870a209d39c4@group-388B48EC2E2F-LeaderElection20
2021-03-15 13:21:42,686 [490c2edb-ef6d-43f1-a3fc-38f1bdb7d380@group-E860D21F6A2B-LeaderElection18] INFO  impl.LeaderElection (LeaderElection.java:logAndReturn(89)) - 490c2edb-ef6d-43f1-a3fc-38f1bdb7d380@group-E860D21F6A2B-LeaderElection18: ELECTION PASSED received 1 response(s) and 0 exception(s):
2021-03-15 13:21:42,688 [490c2edb-ef6d-43f1-a3fc-38f1bdb7d380@group-E860D21F6A2B-LeaderElection18] INFO  impl.LeaderElection (LeaderElection.java:logAndReturn(93)) -   Response 0: 490c2edb-ef6d-43f1-a3fc-38f1bdb7d380<-8f544fba-ae2a-4c10-8316-b74b14cffb80#0:OK-t2
2021-03-15 13:21:42,689 [490c2edb-ef6d-43f1-a3fc-38f1bdb7d380@group-E860D21F6A2B-LeaderElection18] INFO  impl.LeaderElection (LeaderElection.java:askForVotes(309)) - 490c2edb-ef6d-43f1-a3fc-38f1bdb7d380@group-E860D21F6A2B-LeaderElection18 ELECTION round 0: result PASSED
2021-03-15 13:21:42,693 [490c2edb-ef6d-43f1-a3fc-38f1bdb7d380@group-E860D21F6A2B-LeaderElection18] INFO  impl.RoleInfo (RoleInfo.java:shutdownLeaderElection(121)) - 490c2edb-ef6d-43f1-a3fc-38f1bdb7d380: shutdown 490c2edb-ef6d-43f1-a3fc-38f1bdb7d380@group-E860D21F6A2B-LeaderElection18
2021-03-15 13:21:42,693 [490c2edb-ef6d-43f1-a3fc-38f1bdb7d380@group-E860D21F6A2B-LeaderElection18] INFO  server.RaftServer$Division (RaftServerImpl.java:setRole(284)) - 490c2edb-ef6d-43f1-a3fc-38f1bdb7d380@group-E860D21F6A2B: changes role from CANDIDATE to LEADER at term 2 for changeToLeader
2021-03-15 13:21:42,693 [490c2edb-ef6d-43f1-a3fc-38f1bdb7d380@group-E860D21F6A2B-LeaderElection18] INFO  ratis.XceiverServerRatis (XceiverServerRatis.java:handleLeaderChangedNotification(899)) - Leader change notification received for group: group-E860D21F6A2B with new leaderId: 490c2edb-ef6d-43f1-a3fc-38f1bdb7d380
2021-03-15 13:21:42,694 [490c2edb-ef6d-43f1-a3fc-38f1bdb7d380@group-E860D21F6A2B-LeaderElection18] INFO  server.RaftServer$Division (ServerState.java:setLeader(271)) - 490c2edb-ef6d-43f1-a3fc-38f1bdb7d380@group-E860D21F6A2B: change Leader from null to 490c2edb-ef6d-43f1-a3fc-38f1bdb7d380 at term 2 for becomeLeader, leader elected after 9804ms
2021-03-15 13:21:42,694 [490c2edb-ef6d-43f1-a3fc-38f1bdb7d380@group-E860D21F6A2B-LeaderElection18] INFO  server.RaftServerConfigKeys (ConfUtils.java:logGet(44)) - raft.server.staging.catchup.gap = 1000 (default)
2021-03-15 13:21:42,694 [2bcf9514-6eaf-4328-a021-870a209d39c4@group-388B48EC2E2F-LeaderElection20] INFO  impl.LeaderElection (LeaderElection.java:askForVotes(307)) - 2bcf9514-6eaf-4328-a021-870a209d39c4@group-388B48EC2E2F-LeaderElection20 ELECTION round 0: submit vote requests at term 3 for -1: [29adc670-2c1e-4c6c-9558-1601f864128b|rpc:172.17.0.2:37315|priority:0, 2bcf9514-6eaf-4328-a021-870a209d39c4|rpc:172.17.0.2:43919|priority:0, c8823aab-1c49-422a-a51c-c7b83b859fa6|rpc:172.17.0.2:38877|priority:1], old=null
2021-03-15 13:21:42,696 [EventQueue-PipelineReportForPipelineReportHandler] INFO  pipeline.PipelineStateManager (PipelineStateManager.java:openPipeline(132)) - Pipeline Pipeline[ Id: 1efb9cfa-6e5b-42ab-9bfb-e860d21f6a2b, Nodes: 8f544fba-ae2a-4c10-8316-b74b14cffb80{ip: 172.17.0.2, host: 287f2862ff4e, ports: [REPLICATION=41745, RATIS=35899, RATIS_ADMIN=35899, RATIS_SERVER=35899, STANDALONE=36625], networkLocation: /default-rack, certSerialId: null, persistedOpState: IN_SERVICE, persistedOpStateExpiryEpochSec: 0}01124cd4-4ace-459c-9f52-5cd7a41fca7c{ip: 172.17.0.2, host: 287f2862ff4e, ports: [REPLICATION=39869, RATIS=40903, RATIS_ADMIN=40903, RATIS_SERVER=40903, STANDALONE=40093], networkLocation: /default-rack, certSerialId: null, persistedOpState: IN_SERVICE, persistedOpStateExpiryEpochSec: 0}490c2edb-ef6d-43f1-a3fc-38f1bdb7d380{ip: 172.17.0.2, host: 287f2862ff4e, ports: [REPLICATION=40983, RATIS=35411, RATIS_ADMIN=35411, RATIS_SERVER=35411, STANDALONE=40231], networkLocation: /default-rack, certSerialId: null, persistedOpState: IN_SERVICE, persistedOpStateExpiryEpochSec: 0}, Type:RATIS, Factor:THREE, State:ALLOCATED, leaderId:490c2edb-ef6d-43f1-a3fc-38f1bdb7d380, CreationTimestamp2021-03-15T13:21:29.849Z] moved to OPEN state
2021-03-15 13:21:42,695 [490c2edb-ef6d-43f1-a3fc-38f1bdb7d380@group-E860D21F6A2B-LeaderElection18] INFO  metrics.RatisMetrics (RatisMetrics.java:lambda$create$0(36)) - Creating Metrics Registry : ratis.log_appender.490c2edb-ef6d-43f1-a3fc-38f1bdb7d380@group-E860D21F6A2B
2021-03-15 13:21:42,697 [490c2edb-ef6d-43f1-a3fc-38f1bdb7d380@group-E860D21F6A2B-LeaderElection18] INFO  server.RaftServerConfigKeys (ConfUtils.java:logGet(44)) - raft.server.write.element-limit = 1024 (custom)
2021-03-15 13:21:42,697 [490c2edb-ef6d-43f1-a3fc-38f1bdb7d380@group-E860D21F6A2B-LeaderElection18] INFO  server.RaftServerConfigKeys (ConfUtils.java:logGet(44)) - raft.server.write.byte-limit = 1073741824 (custom)
2021-03-15 13:21:42,697 [490c2edb-ef6d-43f1-a3fc-38f1bdb7d380@group-E860D21F6A2B-LeaderElection18] INFO  server.RaftServerConfigKeys (ConfUtils.java:logGet(44)) - raft.server.watch.timeout = 3000ms (custom)
2021-03-15 13:21:42,697 [490c2edb-ef6d-43f1-a3fc-38f1bdb7d380@group-E860D21F6A2B-LeaderElection18] INFO  server.RaftServerConfigKeys (ConfUtils.java:logGet(44)) - raft.server.watch.timeout.denomination = 1s (default)
2021-03-15 13:21:42,697 [490c2edb-ef6d-43f1-a3fc-38f1bdb7d380@group-E860D21F6A2B-LeaderElection18] INFO  server.RaftServerConfigKeys (ConfUtils.java:logGet(44)) - raft.server.watch.element-limit = 65536 (default)
2021-03-15 13:21:42,697 [490c2edb-ef6d-43f1-a3fc-38f1bdb7d380@group-E860D21F6A2B-LeaderElection18] INFO  server.RaftServerConfigKeys (ConfUtils.java:logGet(44)) - raft.server.log.appender.snapshot.chunk.size.max = 16MB (=16777216) (default)
2021-03-15 13:21:42,698 [490c2edb-ef6d-43f1-a3fc-38f1bdb7d380@group-E860D21F6A2B-LeaderElection18] INFO  server.RaftServerConfigKeys (ConfUtils.java:logGet(44)) - raft.server.log.appender.buffer.byte-limit = 33554432 (custom)
2021-03-15 13:21:42,698 [490c2edb-ef6d-43f1-a3fc-38f1bdb7d380@group-E860D21F6A2B-LeaderElection18] INFO  server.RaftServerConfigKeys (ConfUtils.java:logGet(44)) - raft.server.log.appender.buffer.element-limit = 1 (custom)
2021-03-15 13:21:42,695 [8f544fba-ae2a-4c10-8316-b74b14cffb80@group-E860D21F6A2B-LeaderElection19] INFO  impl.LeaderElection (LeaderElection.java:askForVotes(307)) - 8f544fba-ae2a-4c10-8316-b74b14cffb80@group-E860D21F6A2B-LeaderElection19 ELECTION round 0: submit vote requests at term 3 for -1: [01124cd4-4ace-459c-9f52-5cd7a41fca7c|rpc:172.17.0.2:40903|dataStream:|priority:0, 8f544fba-ae2a-4c10-8316-b74b14cffb80|rpc:172.17.0.2:35899|dataStream:|priority:0, 490c2edb-ef6d-43f1-a3fc-38f1bdb7d380|rpc:172.17.0.2:35411|dataStream:|priority:1], old=null
2021-03-15 13:21:42,698 [grpc-default-executor-2] INFO  server.RaftServer$Division (RaftServerImpl.java:requestVote(1025)) - 29adc670-2c1e-4c6c-9558-1601f864128b@group-388B48EC2E2F: receive requestVote(ELECTION, 2bcf9514-6eaf-4328-a021-870a209d39c4, group-388B48EC2E2F, 3, (t:0, i:0))
2021-03-15 13:21:42,698 [grpc-default-executor-2] INFO  impl.VoteContext (VoteContext.java:log(48)) - 29adc670-2c1e-4c6c-9558-1601f864128b@group-388B48EC2E2F-FOLLOWER: accept ELECTION from 2bcf9514-6eaf-4328-a021-870a209d39c4: our priority 0 <= candidate's priority 0
2021-03-15 13:21:42,698 [grpc-default-executor-2] INFO  server.RaftServer$Division (RaftServerImpl.java:setRole(284)) - 29adc670-2c1e-4c6c-9558-1601f864128b@group-388B48EC2E2F: changes role from  FOLLOWER to FOLLOWER at term 3 for candidate:2bcf9514-6eaf-4328-a021-870a209d39c4
2021-03-15 13:21:42,698 [grpc-default-executor-2] INFO  impl.RoleInfo (RoleInfo.java:shutdownFollowerState(108)) - 29adc670-2c1e-4c6c-9558-1601f864128b: shutdown 29adc670-2c1e-4c6c-9558-1601f864128b@group-388B48EC2E2F-FollowerState
2021-03-15 13:21:42,699 [grpc-default-executor-2] INFO  impl.RoleInfo (RoleInfo.java:updateAndGet(130)) - 29adc670-2c1e-4c6c-9558-1601f864128b: start 29adc670-2c1e-4c6c-9558-1601f864128b@group-388B48EC2E2F-FollowerState
2021-03-15 13:21:42,699 [Thread-352] INFO  impl.FollowerState (FollowerState.java:run(142)) - 29adc670-2c1e-4c6c-9558-1601f864128b@group-388B48EC2E2F-FollowerState was interrupted: {}
java.lang.InterruptedException: sleep interrupted
	at java.lang.Thread.sleep(Native Method)
	at java.lang.Thread.sleep(Thread.java:340)
	at java.util.concurrent.TimeUnit.sleep(TimeUnit.java:386)
	at org.apache.ratis.util.TimeDuration.sleep(TimeDuration.java:324)
	at org.apache.ratis.util.TimeDuration.sleep(TimeDuration.java:309)
	at org.apache.ratis.server.impl.FollowerState.run(FollowerState.java:117)
2021-03-15 13:21:42,700 [grpc-default-executor-0] INFO  server.RaftServer$Division (RaftServerImpl.java:requestVote(1025)) - c8823aab-1c49-422a-a51c-c7b83b859fa6@group-388B48EC2E2F: receive requestVote(ELECTION, 2bcf9514-6eaf-4328-a021-870a209d39c4, group-388B48EC2E2F, 3, (t:0, i:0))
2021-03-15 13:21:42,700 [grpc-default-executor-0] INFO  impl.VoteContext (VoteContext.java:log(48)) - c8823aab-1c49-422a-a51c-c7b83b859fa6@group-388B48EC2E2F-FOLLOWER: reject ELECTION from 2bcf9514-6eaf-4328-a021-870a209d39c4: our last entry (t:1, i:0) > candidate's last entry (t:0, i:0)
2021-03-15 13:21:42,700 [grpc-default-executor-0] INFO  server.RaftServer$Division (RaftServerImpl.java:setRole(284)) - c8823aab-1c49-422a-a51c-c7b83b859fa6@group-388B48EC2E2F: changes role from  FOLLOWER to FOLLOWER at term 3 for candidate:2bcf9514-6eaf-4328-a021-870a209d39c4
2021-03-15 13:21:42,700 [grpc-default-executor-0] INFO  impl.RoleInfo (RoleInfo.java:shutdownFollowerState(108)) - c8823aab-1c49-422a-a51c-c7b83b859fa6: shutdown c8823aab-1c49-422a-a51c-c7b83b859fa6@group-388B48EC2E2F-FollowerState
2021-03-15 13:21:42,705 [490c2edb-ef6d-43f1-a3fc-38f1bdb7d380@group-E860D21F6A2B-LeaderElection18] INFO  grpc.GrpcConfigKeys (ConfUtils.java:logGet(44)) - raft.grpc.server.leader.outstanding.appends.max = 128 (default)
2021-03-15 13:21:42,705 [490c2edb-ef6d-43f1-a3fc-38f1bdb7d380@group-E860D21F6A2B-LeaderElection18] INFO  server.RaftServerConfigKeys (ConfUtils.java:logGet(44)) - raft.server.rpc.request.timeout = 3000ms (default)
2021-03-15 13:21:42,705 [490c2edb-ef6d-43f1-a3fc-38f1bdb7d380@group-E860D21F6A2B-LeaderElection18] INFO  server.RaftServerConfigKeys (ConfUtils.java:logGet(44)) - raft.server.log.appender.install.snapshot.enabled = false (custom)
2021-03-15 13:21:42,706 [490c2edb-ef6d-43f1-a3fc-38f1bdb7d380@group-E860D21F6A2B-LeaderElection18] INFO  metrics.RatisMetrics (RatisMetrics.java:lambda$create$0(36)) - Creating Metrics Registry : ratis_grpc.log_appender.490c2edb-ef6d-43f1-a3fc-38f1bdb7d380@group-E860D21F6A2B
2021-03-15 13:21:42,706 [490c2edb-ef6d-43f1-a3fc-38f1bdb7d380@group-E860D21F6A2B-LeaderElection18] INFO  server.RaftServerConfigKeys (ConfUtils.java:logGet(44)) - raft.server.log.appender.snapshot.chunk.size.max = 16MB (=16777216) (default)
2021-03-15 13:21:42,707 [490c2edb-ef6d-43f1-a3fc-38f1bdb7d380@group-E860D21F6A2B-LeaderElection18] INFO  server.RaftServerConfigKeys (ConfUtils.java:logGet(44)) - raft.server.log.appender.buffer.byte-limit = 33554432 (custom)
2021-03-15 13:21:42,707 [490c2edb-ef6d-43f1-a3fc-38f1bdb7d380@group-E860D21F6A2B-LeaderElection18] INFO  server.RaftServerConfigKeys (ConfUtils.java:logGet(44)) - raft.server.log.appender.buffer.element-limit = 1 (custom)
2021-03-15 13:21:42,709 [grpc-default-executor-1] INFO  server.RaftServer$Division (RaftServerImpl.java:requestVote(1025)) - 01124cd4-4ace-459c-9f52-5cd7a41fca7c@group-E860D21F6A2B: receive requestVote(ELECTION, 8f544fba-ae2a-4c10-8316-b74b14cffb80, group-E860D21F6A2B, 3, (t:0, i:0))
2021-03-15 13:21:42,709 [grpc-default-executor-1] INFO  impl.VoteContext (VoteContext.java:log(48)) - 01124cd4-4ace-459c-9f52-5cd7a41fca7c@group-E860D21F6A2B-FOLLOWER: accept ELECTION from 8f544fba-ae2a-4c10-8316-b74b14cffb80: our priority 0 <= candidate's priority 0
2021-03-15 13:21:42,709 [grpc-default-executor-0] INFO  impl.RoleInfo (RoleInfo.java:updateAndGet(130)) - c8823aab-1c49-422a-a51c-c7b83b859fa6: start c8823aab-1c49-422a-a51c-c7b83b859fa6@group-388B48EC2E2F-FollowerState
2021-03-15 13:21:42,709 [Thread-351] INFO  impl.FollowerState (FollowerState.java:run(142)) - c8823aab-1c49-422a-a51c-c7b83b859fa6@group-388B48EC2E2F-FollowerState was interrupted: {}
java.lang.InterruptedException: sleep interrupted
	at java.lang.Thread.sleep(Native Method)
	at java.lang.Thread.sleep(Thread.java:340)
	at java.util.concurrent.TimeUnit.sleep(TimeUnit.java:386)
	at org.apache.ratis.util.TimeDuration.sleep(TimeDuration.java:324)
	at org.apache.ratis.util.TimeDuration.sleep(TimeDuration.java:309)
	at org.apache.ratis.server.impl.FollowerState.run(FollowerState.java:117)
2021-03-15 13:21:42,709 [grpc-default-executor-1] INFO  server.RaftServer$Division (RaftServerImpl.java:setRole(284)) - 01124cd4-4ace-459c-9f52-5cd7a41fca7c@group-E860D21F6A2B: changes role from  FOLLOWER to FOLLOWER at term 3 for candidate:8f544fba-ae2a-4c10-8316-b74b14cffb80
2021-03-15 13:21:42,709 [grpc-default-executor-1] INFO  impl.RoleInfo (RoleInfo.java:shutdownFollowerState(108)) - 01124cd4-4ace-459c-9f52-5cd7a41fca7c: shutdown 01124cd4-4ace-459c-9f52-5cd7a41fca7c@group-E860D21F6A2B-FollowerState
2021-03-15 13:21:42,712 [grpc-default-executor-1] INFO  impl.RoleInfo (RoleInfo.java:updateAndGet(130)) - 01124cd4-4ace-459c-9f52-5cd7a41fca7c: start 01124cd4-4ace-459c-9f52-5cd7a41fca7c@group-E860D21F6A2B-FollowerState
2021-03-15 13:21:42,712 [Thread-406] INFO  impl.FollowerState (FollowerState.java:run(142)) - 01124cd4-4ace-459c-9f52-5cd7a41fca7c@group-E860D21F6A2B-FollowerState was interrupted: {}
java.lang.InterruptedException: sleep interrupted
	at java.lang.Thread.sleep(Native Method)
	at java.lang.Thread.sleep(Thread.java:340)
	at java.util.concurrent.TimeUnit.sleep(TimeUnit.java:386)
	at org.apache.ratis.util.TimeDuration.sleep(TimeDuration.java:324)
	at org.apache.ratis.util.TimeDuration.sleep(TimeDuration.java:309)
	at org.apache.ratis.server.impl.FollowerState.run(FollowerState.java:117)
2021-03-15 13:21:42,717 [490c2edb-ef6d-43f1-a3fc-38f1bdb7d380@group-E860D21F6A2B-LeaderElection18] INFO  grpc.GrpcConfigKeys (ConfUtils.java:logGet(44)) - raft.grpc.server.leader.outstanding.appends.max = 128 (default)
2021-03-15 13:21:42,718 [490c2edb-ef6d-43f1-a3fc-38f1bdb7d380@group-E860D21F6A2B-LeaderElection18] INFO  server.RaftServerConfigKeys (ConfUtils.java:logGet(44)) - raft.server.rpc.request.timeout = 3000ms (default)
2021-03-15 13:21:42,718 [490c2edb-ef6d-43f1-a3fc-38f1bdb7d380@group-E860D21F6A2B-LeaderElection18] INFO  server.RaftServerConfigKeys (ConfUtils.java:logGet(44)) - raft.server.log.appender.install.snapshot.enabled = false (custom)
2021-03-15 13:21:42,719 [490c2edb-ef6d-43f1-a3fc-38f1bdb7d380@group-E860D21F6A2B-LeaderElection18] INFO  impl.RoleInfo (RoleInfo.java:updateAndGet(130)) - 490c2edb-ef6d-43f1-a3fc-38f1bdb7d380: start 490c2edb-ef6d-43f1-a3fc-38f1bdb7d380@group-E860D21F6A2B-LeaderStateImpl
2021-03-15 13:21:42,719 [490c2edb-ef6d-43f1-a3fc-38f1bdb7d380@group-E860D21F6A2B-LeaderElection18] INFO  segmented.SegmentedRaftLogWorker (SegmentedRaftLogWorker.java:startLogSegment(392)) - 490c2edb-ef6d-43f1-a3fc-38f1bdb7d380@group-E860D21F6A2B-SegmentedRaftLogWorker: Starting segment from index:0
2021-03-15 13:21:42,723 [grpc-default-executor-1] INFO  server.RaftServer$Division (RaftServerImpl.java:requestVote(1057)) - 01124cd4-4ace-459c-9f52-5cd7a41fca7c@group-E860D21F6A2B replies to ELECTION vote request: 8f544fba-ae2a-4c10-8316-b74b14cffb80<-01124cd4-4ace-459c-9f52-5cd7a41fca7c#0:OK-t3. Peer's state: 01124cd4-4ace-459c-9f52-5cd7a41fca7c@group-E860D21F6A2B:t3, leader=null, voted=8f544fba-ae2a-4c10-8316-b74b14cffb80, raftlog=01124cd4-4ace-459c-9f52-5cd7a41fca7c@group-E860D21F6A2B-SegmentedRaftLog:OPENED:c-1,f-1,i0, conf=-1: [01124cd4-4ace-459c-9f52-5cd7a41fca7c|rpc:172.17.0.2:40903|priority:0, 8f544fba-ae2a-4c10-8316-b74b14cffb80|rpc:172.17.0.2:35899|priority:0, 490c2edb-ef6d-43f1-a3fc-38f1bdb7d380|rpc:172.17.0.2:35411|priority:1], old=null
2021-03-15 13:21:42,724 [grpc-default-executor-0] INFO  server.RaftServer$Division (RaftServerImpl.java:requestVote(1057)) - c8823aab-1c49-422a-a51c-c7b83b859fa6@group-388B48EC2E2F replies to ELECTION vote request: 2bcf9514-6eaf-4328-a021-870a209d39c4<-c8823aab-1c49-422a-a51c-c7b83b859fa6#0:FAIL-t3. Peer's state: c8823aab-1c49-422a-a51c-c7b83b859fa6@group-388B48EC2E2F:t3, leader=null, voted=null, raftlog=c8823aab-1c49-422a-a51c-c7b83b859fa6@group-388B48EC2E2F-SegmentedRaftLog:OPENED:c-1,f0,i0, conf=0: [29adc670-2c1e-4c6c-9558-1601f864128b|rpc:172.17.0.2:37315|dataStream:|priority:0, 2bcf9514-6eaf-4328-a021-870a209d39c4|rpc:172.17.0.2:43919|dataStream:|priority:0, c8823aab-1c49-422a-a51c-c7b83b859fa6|rpc:172.17.0.2:38877|dataStream:|priority:1], old=null
2021-03-15 13:21:42,726 [490c2edb-ef6d-43f1-a3fc-38f1bdb7d380@group-E860D21F6A2B-LeaderElection18] INFO  server.RaftServer$Division (ServerState.java:setRaftConf(373)) - 490c2edb-ef6d-43f1-a3fc-38f1bdb7d380@group-E860D21F6A2B: set configuration 0: [01124cd4-4ace-459c-9f52-5cd7a41fca7c|rpc:172.17.0.2:40903|dataStream:|priority:0, 8f544fba-ae2a-4c10-8316-b74b14cffb80|rpc:172.17.0.2:35899|dataStream:|priority:0, 490c2edb-ef6d-43f1-a3fc-38f1bdb7d380|rpc:172.17.0.2:35411|dataStream:|priority:1], old=null
2021-03-15 13:21:42,727 [490c2edb-ef6d-43f1-a3fc-38f1bdb7d380@group-E860D21F6A2B-SegmentedRaftLogWorker] INFO  segmented.SegmentedRaftLogWorker (SegmentedRaftLogWorker.java:execute(599)) - 490c2edb-ef6d-43f1-a3fc-38f1bdb7d380@group-E860D21F6A2B-SegmentedRaftLogWorker: created new log segment /github/workspace/mnt/ozone/hadoop-ozone/integration-test/target/test-dir/MiniOzoneClusterImpl-10170ce6-1bcb-4b6c-85b7-fb1f14fc7e79/datanode-5/data/ratis/1efb9cfa-6e5b-42ab-9bfb-e860d21f6a2b/current/log_inprogress_0
2021-03-15 13:21:42,729 [2bcf9514-6eaf-4328-a021-870a209d39c4@group-388B48EC2E2F-LeaderElection20] INFO  impl.LeaderElection (LeaderElection.java:logAndReturn(89)) - 2bcf9514-6eaf-4328-a021-870a209d39c4@group-388B48EC2E2F-LeaderElection20: ELECTION REJECTED received 1 response(s) and 0 exception(s):
2021-03-15 13:21:42,729 [2bcf9514-6eaf-4328-a021-870a209d39c4@group-388B48EC2E2F-LeaderElection20] INFO  impl.LeaderElection (LeaderElection.java:logAndReturn(93)) -   Response 0: 2bcf9514-6eaf-4328-a021-870a209d39c4<-c8823aab-1c49-422a-a51c-c7b83b859fa6#0:FAIL-t3
2021-03-15 13:21:42,730 [2bcf9514-6eaf-4328-a021-870a209d39c4@group-388B48EC2E2F-LeaderElection20] INFO  impl.LeaderElection (LeaderElection.java:askForVotes(309)) - 2bcf9514-6eaf-4328-a021-870a209d39c4@group-388B48EC2E2F-LeaderElection20 ELECTION round 0: result REJECTED
2021-03-15 13:21:42,731 [2bcf9514-6eaf-4328-a021-870a209d39c4@group-388B48EC2E2F-LeaderElection20] INFO  server.RaftServer$Division (RaftServerImpl.java:setRole(284)) - 2bcf9514-6eaf-4328-a021-870a209d39c4@group-388B48EC2E2F: changes role from CANDIDATE to FOLLOWER at term 3 for REJECTED
2021-03-15 13:21:42,731 [2bcf9514-6eaf-4328-a021-870a209d39c4@group-388B48EC2E2F-LeaderElection20] INFO  impl.RoleInfo (RoleInfo.java:shutdownLeaderElection(121)) - 2bcf9514-6eaf-4328-a021-870a209d39c4: shutdown 2bcf9514-6eaf-4328-a021-870a209d39c4@group-388B48EC2E2F-LeaderElection20
2021-03-15 13:21:42,731 [2bcf9514-6eaf-4328-a021-870a209d39c4@group-388B48EC2E2F-LeaderElection20] INFO  impl.RoleInfo (RoleInfo.java:updateAndGet(130)) - 2bcf9514-6eaf-4328-a021-870a209d39c4: start 2bcf9514-6eaf-4328-a021-870a209d39c4@group-388B48EC2E2F-FollowerState
2021-03-15 13:21:42,731 [grpc-default-executor-0] INFO  server.RaftServer$Division (RaftServerImpl.java:requestVote(1025)) - 490c2edb-ef6d-43f1-a3fc-38f1bdb7d380@group-E860D21F6A2B: receive requestVote(ELECTION, 8f544fba-ae2a-4c10-8316-b74b14cffb80, group-E860D21F6A2B, 3, (t:0, i:0))
2021-03-15 13:21:42,730 [grpc-default-executor-2] INFO  server.RaftServer$Division (RaftServerImpl.java:requestVote(1057)) - 29adc670-2c1e-4c6c-9558-1601f864128b@group-388B48EC2E2F replies to ELECTION vote request: 2bcf9514-6eaf-4328-a021-870a209d39c4<-29adc670-2c1e-4c6c-9558-1601f864128b#0:OK-t3. Peer's state: 29adc670-2c1e-4c6c-9558-1601f864128b@group-388B48EC2E2F:t3, leader=null, voted=2bcf9514-6eaf-4328-a021-870a209d39c4, raftlog=29adc670-2c1e-4c6c-9558-1601f864128b@group-388B48EC2E2F-SegmentedRaftLog:OPENED:c-1,f-1,i0, conf=-1: [29adc670-2c1e-4c6c-9558-1601f864128b|rpc:172.17.0.2:37315|priority:0, 2bcf9514-6eaf-4328-a021-870a209d39c4|rpc:172.17.0.2:43919|priority:0, c8823aab-1c49-422a-a51c-c7b83b859fa6|rpc:172.17.0.2:38877|priority:1], old=null
2021-03-15 13:21:42,744 [grpc-default-executor-0] INFO  impl.VoteContext (VoteContext.java:log(48)) - 490c2edb-ef6d-43f1-a3fc-38f1bdb7d380@group-E860D21F6A2B-LEADER: reject ELECTION from 8f544fba-ae2a-4c10-8316-b74b14cffb80: our last entry (t:2, i:0) > candidate's last entry (t:0, i:0)
2021-03-15 13:21:42,744 [grpc-default-executor-0] INFO  server.RaftServer$Division (ServerState.java:setLeader(271)) - 490c2edb-ef6d-43f1-a3fc-38f1bdb7d380@group-E860D21F6A2B: change Leader from 490c2edb-ef6d-43f1-a3fc-38f1bdb7d380 to null at term 3 for updateCurrentTerm
2021-03-15 13:21:42,744 [grpc-default-executor-0] INFO  server.RaftServer$Division (RaftServerImpl.java:setRole(284)) - 490c2edb-ef6d-43f1-a3fc-38f1bdb7d380@group-E860D21F6A2B: changes role from    LEADER to FOLLOWER at term 3 for candidate:8f544fba-ae2a-4c10-8316-b74b14cffb80
2021-03-15 13:21:42,744 [grpc-default-executor-0] INFO  impl.RoleInfo (RoleInfo.java:shutdownLeaderState(91)) - 490c2edb-ef6d-43f1-a3fc-38f1bdb7d380: shutdown 490c2edb-ef6d-43f1-a3fc-38f1bdb7d380@group-E860D21F6A2B-LeaderStateImpl
2021-03-15 13:21:42,744 [grpc-default-executor-0] INFO  metrics.RatisMetrics (RatisMetrics.java:unregister(43)) - Unregistering Metrics Registry : ratis_grpc.log_appender.490c2edb-ef6d-43f1-a3fc-38f1bdb7d380@group-E860D21F6A2B
2021-03-15 13:21:42,745 [grpc-default-executor-0] INFO  metrics.RatisMetrics (RatisMetrics.java:unregister(43)) - Unregistering Metrics Registry : ratis_grpc.log_appender.490c2edb-ef6d-43f1-a3fc-38f1bdb7d380@group-E860D21F6A2B
2021-03-15 13:21:42,745 [490c2edb-ef6d-43f1-a3fc-38f1bdb7d380@group-E860D21F6A2B->8f544fba-ae2a-4c10-8316-b74b14cffb80-GrpcLogAppender-LogAppenderDaemon] WARN  server.GrpcLogAppender (GrpcLogAppender.java:mayWait(175)) - 490c2edb-ef6d-43f1-a3fc-38f1bdb7d380@group-E860D21F6A2B->8f544fba-ae2a-4c10-8316-b74b14cffb80-GrpcLogAppender: Wait interrupted by java.lang.InterruptedException
2021-03-15 13:21:42,745 [grpc-default-executor-0] INFO  impl.PendingRequests (PendingRequests.java:sendNotLeaderResponses(249)) - 490c2edb-ef6d-43f1-a3fc-38f1bdb7d380@group-E860D21F6A2B-PendingRequests: sendNotLeaderResponses
2021-03-15 13:21:42,746 [grpc-default-executor-0] INFO  metrics.RatisMetrics (RatisMetrics.java:unregister(43)) - Unregistering Metrics Registry : ratis.log_appender.490c2edb-ef6d-43f1-a3fc-38f1bdb7d380@group-E860D21F6A2B
2021-03-15 13:21:42,746 [grpc-default-executor-0] INFO  metrics.RatisMetrics (RatisMetrics.java:unregister(43)) - Unregistering Metrics Registry : ratis.server.490c2edb-ef6d-43f1-a3fc-38f1bdb7d380@group-E860D21F6A2B
2021-03-15 13:21:42,746 [grpc-default-executor-0] INFO  impl.RoleInfo (RoleInfo.java:updateAndGet(130)) - 490c2edb-ef6d-43f1-a3fc-38f1bdb7d380: start 490c2edb-ef6d-43f1-a3fc-38f1bdb7d380@group-E860D21F6A2B-FollowerState
2021-03-15 13:21:42,758 [grpc-default-executor-2] INFO  server.GrpcServerProtocolService (GrpcServerProtocolService.java:onCompleted(138)) - 01124cd4-4ace-459c-9f52-5cd7a41fca7c: Completed APPEND_ENTRIES, lastRequest: 490c2edb-ef6d-43f1-a3fc-38f1bdb7d380->01124cd4-4ace-459c-9f52-5cd7a41fca7c#1-t2,previous=(t:0, i:0),leaderCommit=0,initializing? true,entries: size=1, first=(t:2, i:0), CONFIGURATIONENTRY
2021-03-15 13:21:42,759 [grpc-default-executor-0] INFO  server.RaftServer$Division (RaftServerImpl.java:requestVote(1057)) - 490c2edb-ef6d-43f1-a3fc-38f1bdb7d380@group-E860D21F6A2B replies to ELECTION vote request: 8f544fba-ae2a-4c10-8316-b74b14cffb80<-490c2edb-ef6d-43f1-a3fc-38f1bdb7d380#0:FAIL-t3. Peer's state: 490c2edb-ef6d-43f1-a3fc-38f1bdb7d380@group-E860D21F6A2B:t3, leader=null, voted=null, raftlog=490c2edb-ef6d-43f1-a3fc-38f1bdb7d380@group-E860D21F6A2B-SegmentedRaftLog:OPENED:c0,f0,i0, conf=0: [01124cd4-4ace-459c-9f52-5cd7a41fca7c|rpc:172.17.0.2:40903|dataStream:|priority:0, 8f544fba-ae2a-4c10-8316-b74b14cffb80|rpc:172.17.0.2:35899|dataStream:|priority:0, 490c2edb-ef6d-43f1-a3fc-38f1bdb7d380|rpc:172.17.0.2:35411|dataStream:|priority:1], old=null
2021-03-15 13:21:42,763 [8f544fba-ae2a-4c10-8316-b74b14cffb80@group-E860D21F6A2B-LeaderElection19] INFO  impl.LeaderElection (LeaderElection.java:logAndReturn(89)) - 8f544fba-ae2a-4c10-8316-b74b14cffb80@group-E860D21F6A2B-LeaderElection19: ELECTION REJECTED received 2 response(s) and 0 exception(s):
2021-03-15 13:21:42,763 [8f544fba-ae2a-4c10-8316-b74b14cffb80@group-E860D21F6A2B-LeaderElection19] INFO  impl.LeaderElection (LeaderElection.java:logAndReturn(93)) -   Response 0: 8f544fba-ae2a-4c10-8316-b74b14cffb80<-01124cd4-4ace-459c-9f52-5cd7a41fca7c#0:OK-t3
2021-03-15 13:21:42,763 [8f544fba-ae2a-4c10-8316-b74b14cffb80@group-E860D21F6A2B-LeaderElection19] INFO  impl.LeaderElection (LeaderElection.java:logAndReturn(93)) -   Response 1: 8f544fba-ae2a-4c10-8316-b74b14cffb80<-490c2edb-ef6d-43f1-a3fc-38f1bdb7d380#0:FAIL-t3
2021-03-15 13:21:42,763 [8f544fba-ae2a-4c10-8316-b74b14cffb80@group-E860D21F6A2B-LeaderElection19] INFO  impl.LeaderElection (LeaderElection.java:askForVotes(309)) - 8f544fba-ae2a-4c10-8316-b74b14cffb80@group-E860D21F6A2B-LeaderElection19 ELECTION round 0: result REJECTED
2021-03-15 13:21:42,763 [8f544fba-ae2a-4c10-8316-b74b14cffb80@group-E860D21F6A2B-LeaderElection19] INFO  server.RaftServer$Division (RaftServerImpl.java:setRole(284)) - 8f544fba-ae2a-4c10-8316-b74b14cffb80@group-E860D21F6A2B: changes role from CANDIDATE to FOLLOWER at term 3 for REJECTED
2021-03-15 13:21:42,763 [8f544fba-ae2a-4c10-8316-b74b14cffb80@group-E860D21F6A2B-LeaderElection19] INFO  impl.RoleInfo (RoleInfo.java:shutdownLeaderElection(121)) - 8f544fba-ae2a-4c10-8316-b74b14cffb80: shutdown 8f544fba-ae2a-4c10-8316-b74b14cffb80@group-E860D21F6A2B-LeaderElection19
2021-03-15 13:21:42,763 [8f544fba-ae2a-4c10-8316-b74b14cffb80@group-E860D21F6A2B-LeaderElection19] INFO  impl.RoleInfo (RoleInfo.java:updateAndGet(130)) - 8f544fba-ae2a-4c10-8316-b74b14cffb80: start 8f544fba-ae2a-4c10-8316-b74b14cffb80@group-E860D21F6A2B-FollowerState
2021-03-15 13:21:42,767 [grpc-default-executor-4] INFO  server.GrpcLogAppender (GrpcLogAppender.java:onCompleted(344)) - 490c2edb-ef6d-43f1-a3fc-38f1bdb7d380@group-E860D21F6A2B->01124cd4-4ace-459c-9f52-5cd7a41fca7c-AppendLogResponseHandler: follower responses appendEntries COMPLETED
2021-03-15 13:21:42,767 [grpc-default-executor-4] INFO  leader.FollowerInfo (FollowerInfoImpl.java:lambda$new$0(46)) - 490c2edb-ef6d-43f1-a3fc-38f1bdb7d380@group-E860D21F6A2B->01124cd4-4ace-459c-9f52-5cd7a41fca7c: nextIndex: updateUnconditionally 1 -> 0
2021-03-15 13:21:42,775 [grpc-default-executor-0] INFO  server.GrpcServerProtocolService (GrpcServerProtocolService.java:onCompleted(138)) - 8f544fba-ae2a-4c10-8316-b74b14cffb80: Completed APPEND_ENTRIES, lastRequest: 490c2edb-ef6d-43f1-a3fc-38f1bdb7d380->8f544fba-ae2a-4c10-8316-b74b14cffb80#1-t2,previous=(t:0, i:0),leaderCommit=0,initializing? true,entries: size=1, first=(t:2, i:0), CONFIGURATIONENTRY
2021-03-15 13:21:42,776 [grpc-default-executor-0] INFO  server.GrpcLogAppender (GrpcLogAppender.java:onCompleted(344)) - 490c2edb-ef6d-43f1-a3fc-38f1bdb7d380@group-E860D21F6A2B->8f544fba-ae2a-4c10-8316-b74b14cffb80-AppendLogResponseHandler: follower responses appendEntries COMPLETED
2021-03-15 13:21:42,777 [grpc-default-executor-0] INFO  leader.FollowerInfo (FollowerInfoImpl.java:lambda$new$0(46)) - 490c2edb-ef6d-43f1-a3fc-38f1bdb7d380@group-E860D21F6A2B->8f544fba-ae2a-4c10-8316-b74b14cffb80: nextIndex: updateUnconditionally 1 -> 0
2021-03-15 13:21:43,009 [Thread-376] INFO  impl.FollowerState (FollowerState.java:run(133)) - 8f544fba-ae2a-4c10-8316-b74b14cffb80@group-9EB71483E61B-FollowerState: change to CANDIDATE, lastRpcElapsedTime:5005375655ns, electionTimeout:5001ms
2021-03-15 13:21:43,009 [Thread-376] INFO  impl.RoleInfo (RoleInfo.java:shutdownFollowerState(108)) - 8f544fba-ae2a-4c10-8316-b74b14cffb80: shutdown 8f544fba-ae2a-4c10-8316-b74b14cffb80@group-9EB71483E61B-FollowerState
2021-03-15 13:21:43,009 [Thread-376] INFO  server.RaftServer$Division (RaftServerImpl.java:setRole(284)) - 8f544fba-ae2a-4c10-8316-b74b14cffb80@group-9EB71483E61B: changes role from  FOLLOWER to CANDIDATE at term 1 for changeToCandidate
2021-03-15 13:21:43,009 [Thread-376] INFO  server.RaftServerConfigKeys (ConfUtils.java:logGet(44)) - raft.server.leaderelection.pre-vote = false (custom)
2021-03-15 13:21:43,009 [Thread-376] INFO  impl.RoleInfo (RoleInfo.java:updateAndGet(130)) - 8f544fba-ae2a-4c10-8316-b74b14cffb80: start 8f544fba-ae2a-4c10-8316-b74b14cffb80@group-9EB71483E61B-LeaderElection21
2021-03-15 13:21:43,053 [8f544fba-ae2a-4c10-8316-b74b14cffb80@group-9EB71483E61B-LeaderElection21] INFO  impl.LeaderElection (LeaderElection.java:askForVotes(307)) - 8f544fba-ae2a-4c10-8316-b74b14cffb80@group-9EB71483E61B-LeaderElection21 ELECTION round 0: submit vote requests at term 2 for -1: [01124cd4-4ace-459c-9f52-5cd7a41fca7c|rpc:172.17.0.2:40903|priority:1, 8f544fba-ae2a-4c10-8316-b74b14cffb80|rpc:172.17.0.2:35899|priority:0, 490c2edb-ef6d-43f1-a3fc-38f1bdb7d380|rpc:172.17.0.2:35411|priority:0], old=null
2021-03-15 13:21:43,055 [grpc-default-executor-0] INFO  server.RaftServer$Division (RaftServerImpl.java:requestVote(1025)) - 01124cd4-4ace-459c-9f52-5cd7a41fca7c@group-9EB71483E61B: receive requestVote(ELECTION, 8f544fba-ae2a-4c10-8316-b74b14cffb80, group-9EB71483E61B, 2, (t:0, i:0))
2021-03-15 13:21:43,056 [grpc-default-executor-0] INFO  impl.VoteContext (VoteContext.java:log(48)) - 01124cd4-4ace-459c-9f52-5cd7a41fca7c@group-9EB71483E61B-FOLLOWER: reject ELECTION from 8f544fba-ae2a-4c10-8316-b74b14cffb80: our priority 1 > candidate's priority 0
2021-03-15 13:21:43,056 [grpc-default-executor-0] INFO  server.RaftServer$Division (RaftServerImpl.java:setRole(284)) - 01124cd4-4ace-459c-9f52-5cd7a41fca7c@group-9EB71483E61B: changes role from  FOLLOWER to FOLLOWER at term 2 for candidate:8f544fba-ae2a-4c10-8316-b74b14cffb80
2021-03-15 13:21:43,056 [grpc-default-executor-0] INFO  impl.RoleInfo (RoleInfo.java:shutdownFollowerState(108)) - 01124cd4-4ace-459c-9f52-5cd7a41fca7c: shutdown 01124cd4-4ace-459c-9f52-5cd7a41fca7c@group-9EB71483E61B-FollowerState
2021-03-15 13:21:43,056 [grpc-default-executor-0] INFO  impl.RoleInfo (RoleInfo.java:updateAndGet(130)) - 01124cd4-4ace-459c-9f52-5cd7a41fca7c: start 01124cd4-4ace-459c-9f52-5cd7a41fca7c@group-9EB71483E61B-FollowerState
2021-03-15 13:21:43,056 [Thread-374] INFO  impl.FollowerState (FollowerState.java:run(142)) - 01124cd4-4ace-459c-9f52-5cd7a41fca7c@group-9EB71483E61B-FollowerState was interrupted: {}
java.lang.InterruptedException: sleep interrupted
	at java.lang.Thread.sleep(Native Method)
	at java.lang.Thread.sleep(Thread.java:340)
	at java.util.concurrent.TimeUnit.sleep(TimeUnit.java:386)
	at org.apache.ratis.util.TimeDuration.sleep(TimeDuration.java:324)
	at org.apache.ratis.util.TimeDuration.sleep(TimeDuration.java:309)
	at org.apache.ratis.server.impl.FollowerState.run(FollowerState.java:117)
2021-03-15 13:21:43,066 [grpc-default-executor-4] INFO  server.RaftServer$Division (RaftServerImpl.java:requestVote(1025)) - 490c2edb-ef6d-43f1-a3fc-38f1bdb7d380@group-9EB71483E61B: receive requestVote(ELECTION, 8f544fba-ae2a-4c10-8316-b74b14cffb80, group-9EB71483E61B, 2, (t:0, i:0))
2021-03-15 13:21:43,067 [grpc-default-executor-4] INFO  impl.VoteContext (VoteContext.java:log(48)) - 490c2edb-ef6d-43f1-a3fc-38f1bdb7d380@group-9EB71483E61B-FOLLOWER: accept ELECTION from 8f544fba-ae2a-4c10-8316-b74b14cffb80: our priority 0 <= candidate's priority 0
2021-03-15 13:21:43,067 [grpc-default-executor-4] INFO  server.RaftServer$Division (RaftServerImpl.java:setRole(284)) - 490c2edb-ef6d-43f1-a3fc-38f1bdb7d380@group-9EB71483E61B: changes role from  FOLLOWER to FOLLOWER at term 2 for candidate:8f544fba-ae2a-4c10-8316-b74b14cffb80
2021-03-15 13:21:43,067 [grpc-default-executor-4] INFO  impl.RoleInfo (RoleInfo.java:shutdownFollowerState(108)) - 490c2edb-ef6d-43f1-a3fc-38f1bdb7d380: shutdown 490c2edb-ef6d-43f1-a3fc-38f1bdb7d380@group-9EB71483E61B-FollowerState
2021-03-15 13:21:43,067 [grpc-default-executor-4] INFO  impl.RoleInfo (RoleInfo.java:updateAndGet(130)) - 490c2edb-ef6d-43f1-a3fc-38f1bdb7d380: start 490c2edb-ef6d-43f1-a3fc-38f1bdb7d380@group-9EB71483E61B-FollowerState
2021-03-15 13:21:43,067 [Thread-375] INFO  impl.FollowerState (FollowerState.java:run(142)) - 490c2edb-ef6d-43f1-a3fc-38f1bdb7d380@group-9EB71483E61B-FollowerState was interrupted: {}
java.lang.InterruptedException: sleep interrupted
	at java.lang.Thread.sleep(Native Method)
	at java.lang.Thread.sleep(Thread.java:340)
	at java.util.concurrent.TimeUnit.sleep(TimeUnit.java:386)
	at org.apache.ratis.util.TimeDuration.sleep(TimeDuration.java:324)
	at org.apache.ratis.util.TimeDuration.sleep(TimeDuration.java:309)
	at org.apache.ratis.server.impl.FollowerState.run(FollowerState.java:117)
2021-03-15 13:21:43,189 [grpc-default-executor-4] INFO  server.RaftServer$Division (RaftServerImpl.java:requestVote(1057)) - 490c2edb-ef6d-43f1-a3fc-38f1bdb7d380@group-9EB71483E61B replies to ELECTION vote request: 8f544fba-ae2a-4c10-8316-b74b14cffb80<-490c2edb-ef6d-43f1-a3fc-38f1bdb7d380#0:OK-t2. Peer's state: 490c2edb-ef6d-43f1-a3fc-38f1bdb7d380@group-9EB71483E61B:t2, leader=null, voted=8f544fba-ae2a-4c10-8316-b74b14cffb80, raftlog=490c2edb-ef6d-43f1-a3fc-38f1bdb7d380@group-9EB71483E61B-SegmentedRaftLog:OPENED:c-1,f-1,i0, conf=-1: [01124cd4-4ace-459c-9f52-5cd7a41fca7c|rpc:172.17.0.2:40903|priority:1, 8f544fba-ae2a-4c10-8316-b74b14cffb80|rpc:172.17.0.2:35899|priority:0, 490c2edb-ef6d-43f1-a3fc-38f1bdb7d380|rpc:172.17.0.2:35411|priority:0], old=null
2021-03-15 13:21:43,189 [grpc-default-executor-0] INFO  server.RaftServer$Division (RaftServerImpl.java:requestVote(1057)) - 01124cd4-4ace-459c-9f52-5cd7a41fca7c@group-9EB71483E61B replies to ELECTION vote request: 8f544fba-ae2a-4c10-8316-b74b14cffb80<-01124cd4-4ace-459c-9f52-5cd7a41fca7c#0:FAIL-t2. Peer's state: 01124cd4-4ace-459c-9f52-5cd7a41fca7c@group-9EB71483E61B:t2, leader=null, voted=null, raftlog=01124cd4-4ace-459c-9f52-5cd7a41fca7c@group-9EB71483E61B-SegmentedRaftLog:OPENED:c-1,f-1,i0, conf=-1: [01124cd4-4ace-459c-9f52-5cd7a41fca7c|rpc:172.17.0.2:40903|dataStream:|priority:1, 8f544fba-ae2a-4c10-8316-b74b14cffb80|rpc:172.17.0.2:35899|dataStream:|priority:0, 490c2edb-ef6d-43f1-a3fc-38f1bdb7d380|rpc:172.17.0.2:35411|dataStream:|priority:0], old=null
2021-03-15 13:21:43,193 [8f544fba-ae2a-4c10-8316-b74b14cffb80@group-9EB71483E61B-LeaderElection21] INFO  impl.LeaderElection (LeaderElection.java:logAndReturn(89)) - 8f544fba-ae2a-4c10-8316-b74b14cffb80@group-9EB71483E61B-LeaderElection21: ELECTION REJECTED received 1 response(s) and 0 exception(s):
2021-03-15 13:21:43,193 [8f544fba-ae2a-4c10-8316-b74b14cffb80@group-9EB71483E61B-LeaderElection21] INFO  impl.LeaderElection (LeaderElection.java:logAndReturn(93)) -   Response 0: 8f544fba-ae2a-4c10-8316-b74b14cffb80<-01124cd4-4ace-459c-9f52-5cd7a41fca7c#0:FAIL-t2
2021-03-15 13:21:43,193 [8f544fba-ae2a-4c10-8316-b74b14cffb80@group-9EB71483E61B-LeaderElection21] INFO  impl.LeaderElection (LeaderElection.java:askForVotes(309)) - 8f544fba-ae2a-4c10-8316-b74b14cffb80@group-9EB71483E61B-LeaderElection21 ELECTION round 0: result REJECTED
2021-03-15 13:21:43,193 [8f544fba-ae2a-4c10-8316-b74b14cffb80@group-9EB71483E61B-LeaderElection21] INFO  server.RaftServer$Division (RaftServerImpl.java:setRole(284)) - 8f544fba-ae2a-4c10-8316-b74b14cffb80@group-9EB71483E61B: changes role from CANDIDATE to FOLLOWER at term 2 for REJECTED
2021-03-15 13:21:43,193 [8f544fba-ae2a-4c10-8316-b74b14cffb80@group-9EB71483E61B-LeaderElection21] INFO  impl.RoleInfo (RoleInfo.java:shutdownLeaderElection(121)) - 8f544fba-ae2a-4c10-8316-b74b14cffb80: shutdown 8f544fba-ae2a-4c10-8316-b74b14cffb80@group-9EB71483E61B-LeaderElection21
2021-03-15 13:21:43,193 [8f544fba-ae2a-4c10-8316-b74b14cffb80@group-9EB71483E61B-LeaderElection21] INFO  impl.RoleInfo (RoleInfo.java:updateAndGet(130)) - 8f544fba-ae2a-4c10-8316-b74b14cffb80: start 8f544fba-ae2a-4c10-8316-b74b14cffb80@group-9EB71483E61B-FollowerState
2021-03-15 13:21:43,237 [Thread-384] INFO  impl.FollowerState (FollowerState.java:run(133)) - 01124cd4-4ace-459c-9f52-5cd7a41fca7c@group-D764FF994818-FollowerState: change to CANDIDATE, lastRpcElapsedTime:5015326506ns, electionTimeout:5004ms
2021-03-15 13:21:43,237 [Thread-384] INFO  impl.RoleInfo (RoleInfo.java:shutdownFollowerState(108)) - 01124cd4-4ace-459c-9f52-5cd7a41fca7c: shutdown 01124cd4-4ace-459c-9f52-5cd7a41fca7c@group-D764FF994818-FollowerState
2021-03-15 13:21:43,238 [Thread-384] INFO  server.RaftServer$Division (RaftServerImpl.java:setRole(284)) - 01124cd4-4ace-459c-9f52-5cd7a41fca7c@group-D764FF994818: changes role from  FOLLOWER to CANDIDATE at term 1 for changeToCandidate
2021-03-15 13:21:43,238 [Thread-384] INFO  server.RaftServerConfigKeys (ConfUtils.java:logGet(44)) - raft.server.leaderelection.pre-vote = false (custom)
2021-03-15 13:21:43,238 [Thread-384] INFO  impl.RoleInfo (RoleInfo.java:updateAndGet(130)) - 01124cd4-4ace-459c-9f52-5cd7a41fca7c: start 01124cd4-4ace-459c-9f52-5cd7a41fca7c@group-D764FF994818-LeaderElection22
2021-03-15 13:21:43,327 [Thread-382] INFO  impl.FollowerState (FollowerState.java:run(133)) - 8f544fba-ae2a-4c10-8316-b74b14cffb80@group-D764FF994818-FollowerState: change to CANDIDATE, lastRpcElapsedTime:5135435973ns, electionTimeout:5114ms
2021-03-15 13:21:43,327 [Thread-382] INFO  impl.RoleInfo (RoleInfo.java:shutdownFollowerState(108)) - 8f544fba-ae2a-4c10-8316-b74b14cffb80: shutdown 8f544fba-ae2a-4c10-8316-b74b14cffb80@group-D764FF994818-FollowerState
2021-03-15 13:21:43,327 [Thread-382] INFO  server.RaftServer$Division (RaftServerImpl.java:setRole(284)) - 8f544fba-ae2a-4c10-8316-b74b14cffb80@group-D764FF994818: changes role from  FOLLOWER to CANDIDATE at term 1 for changeToCandidate
2021-03-15 13:21:43,327 [Thread-382] INFO  server.RaftServerConfigKeys (ConfUtils.java:logGet(44)) - raft.server.leaderelection.pre-vote = false (custom)
2021-03-15 13:21:43,327 [Thread-382] INFO  impl.RoleInfo (RoleInfo.java:updateAndGet(130)) - 8f544fba-ae2a-4c10-8316-b74b14cffb80: start 8f544fba-ae2a-4c10-8316-b74b14cffb80@group-D764FF994818-LeaderElection23
2021-03-15 13:21:43,754 [01124cd4-4ace-459c-9f52-5cd7a41fca7c@group-D764FF994818-LeaderElection22] INFO  impl.LeaderElection (LeaderElection.java:askForVotes(307)) - 01124cd4-4ace-459c-9f52-5cd7a41fca7c@group-D764FF994818-LeaderElection22 ELECTION round 0: submit vote requests at term 2 for -1: [01124cd4-4ace-459c-9f52-5cd7a41fca7c|rpc:172.17.0.2:40903|priority:0, 8f544fba-ae2a-4c10-8316-b74b14cffb80|rpc:172.17.0.2:35899|priority:1, 490c2edb-ef6d-43f1-a3fc-38f1bdb7d380|rpc:172.17.0.2:35411|priority:0], old=null
2021-03-15 13:21:43,754 [8f544fba-ae2a-4c10-8316-b74b14cffb80@group-D764FF994818-LeaderElection23] INFO  impl.LeaderElection (LeaderElection.java:askForVotes(307)) - 8f544fba-ae2a-4c10-8316-b74b14cffb80@group-D764FF994818-LeaderElection23 ELECTION round 0: submit vote requests at term 2 for -1: [01124cd4-4ace-459c-9f52-5cd7a41fca7c|rpc:172.17.0.2:40903|priority:0, 8f544fba-ae2a-4c10-8316-b74b14cffb80|rpc:172.17.0.2:35899|priority:1, 490c2edb-ef6d-43f1-a3fc-38f1bdb7d380|rpc:172.17.0.2:35411|priority:0], old=null
2021-03-15 13:21:43,759 [grpc-default-executor-0] INFO  server.RaftServer$Division (RaftServerImpl.java:requestVote(1025)) - 8f544fba-ae2a-4c10-8316-b74b14cffb80@group-D764FF994818: receive requestVote(ELECTION, 01124cd4-4ace-459c-9f52-5cd7a41fca7c, group-D764FF994818, 2, (t:0, i:0))
2021-03-15 13:21:43,759 [grpc-default-executor-0] INFO  impl.VoteContext (VoteContext.java:log(48)) - 8f544fba-ae2a-4c10-8316-b74b14cffb80@group-D764FF994818-CANDIDATE: reject ELECTION from 01124cd4-4ace-459c-9f52-5cd7a41fca7c: already has voted for 8f544fba-ae2a-4c10-8316-b74b14cffb80 at current term 2
2021-03-15 13:21:43,759 [grpc-default-executor-0] INFO  server.RaftServer$Division (RaftServerImpl.java:requestVote(1057)) - 8f544fba-ae2a-4c10-8316-b74b14cffb80@group-D764FF994818 replies to ELECTION vote request: 01124cd4-4ace-459c-9f52-5cd7a41fca7c<-8f544fba-ae2a-4c10-8316-b74b14cffb80#0:FAIL-t2. Peer's state: 8f544fba-ae2a-4c10-8316-b74b14cffb80@group-D764FF994818:t2, leader=null, voted=8f544fba-ae2a-4c10-8316-b74b14cffb80, raftlog=8f544fba-ae2a-4c10-8316-b74b14cffb80@group-D764FF994818-SegmentedRaftLog:OPENED:c-1,f-1,i0, conf=-1: [01124cd4-4ace-459c-9f52-5cd7a41fca7c|rpc:172.17.0.2:40903|priority:0, 8f544fba-ae2a-4c10-8316-b74b14cffb80|rpc:172.17.0.2:35899|priority:1, 490c2edb-ef6d-43f1-a3fc-38f1bdb7d380|rpc:172.17.0.2:35411|priority:0], old=null
2021-03-15 13:21:43,760 [grpc-default-executor-0] INFO  server.RaftServer$Division (RaftServerImpl.java:requestVote(1025)) - 01124cd4-4ace-459c-9f52-5cd7a41fca7c@group-D764FF994818: receive requestVote(ELECTION, 8f544fba-ae2a-4c10-8316-b74b14cffb80, group-D764FF994818, 2, (t:0, i:0))
2021-03-15 13:21:43,760 [grpc-default-executor-0] INFO  impl.VoteContext (VoteContext.java:log(48)) - 01124cd4-4ace-459c-9f52-5cd7a41fca7c@group-D764FF994818-CANDIDATE: reject ELECTION from 8f544fba-ae2a-4c10-8316-b74b14cffb80: already has voted for 01124cd4-4ace-459c-9f52-5cd7a41fca7c at current term 2
2021-03-15 13:21:43,760 [grpc-default-executor-0] INFO  server.RaftServer$Division (RaftServerImpl.java:requestVote(1057)) - 01124cd4-4ace-459c-9f52-5cd7a41fca7c@group-D764FF994818 replies to ELECTION vote request: 8f544fba-ae2a-4c10-8316-b74b14cffb80<-01124cd4-4ace-459c-9f52-5cd7a41fca7c#0:FAIL-t2. Peer's state: 01124cd4-4ace-459c-9f52-5cd7a41fca7c@group-D764FF994818:t2, leader=null, voted=01124cd4-4ace-459c-9f52-5cd7a41fca7c, raftlog=01124cd4-4ace-459c-9f52-5cd7a41fca7c@group-D764FF994818-SegmentedRaftLog:OPENED:c-1,f-1,i0, conf=-1: [01124cd4-4ace-459c-9f52-5cd7a41fca7c|rpc:172.17.0.2:40903|priority:0, 8f544fba-ae2a-4c10-8316-b74b14cffb80|rpc:172.17.0.2:35899|priority:1, 490c2edb-ef6d-43f1-a3fc-38f1bdb7d380|rpc:172.17.0.2:35411|priority:0], old=null
2021-03-15 13:21:43,763 [01124cd4-4ace-459c-9f52-5cd7a41fca7c@group-D764FF994818-LeaderElection22] INFO  impl.LeaderElection (LeaderElection.java:logAndReturn(89)) - 01124cd4-4ace-459c-9f52-5cd7a41fca7c@group-D764FF994818-LeaderElection22: ELECTION REJECTED received 1 response(s) and 0 exception(s):
2021-03-15 13:21:43,763 [01124cd4-4ace-459c-9f52-5cd7a41fca7c@group-D764FF994818-LeaderElection22] INFO  impl.LeaderElection (LeaderElection.java:logAndReturn(93)) -   Response 0: 01124cd4-4ace-459c-9f52-5cd7a41fca7c<-8f544fba-ae2a-4c10-8316-b74b14cffb80#0:FAIL-t2
2021-03-15 13:21:43,763 [01124cd4-4ace-459c-9f52-5cd7a41fca7c@group-D764FF994818-LeaderElection22] INFO  impl.LeaderElection (LeaderElection.java:askForVotes(309)) - 01124cd4-4ace-459c-9f52-5cd7a41fca7c@group-D764FF994818-LeaderElection22 ELECTION round 0: result REJECTED
2021-03-15 13:21:43,763 [01124cd4-4ace-459c-9f52-5cd7a41fca7c@group-D764FF994818-LeaderElection22] INFO  server.RaftServer$Division (RaftServerImpl.java:setRole(284)) - 01124cd4-4ace-459c-9f52-5cd7a41fca7c@group-D764FF994818: changes role from CANDIDATE to FOLLOWER at term 2 for REJECTED
2021-03-15 13:21:43,763 [01124cd4-4ace-459c-9f52-5cd7a41fca7c@group-D764FF994818-LeaderElection22] INFO  impl.RoleInfo (RoleInfo.java:shutdownLeaderElection(121)) - 01124cd4-4ace-459c-9f52-5cd7a41fca7c: shutdown 01124cd4-4ace-459c-9f52-5cd7a41fca7c@group-D764FF994818-LeaderElection22
2021-03-15 13:21:43,764 [01124cd4-4ace-459c-9f52-5cd7a41fca7c@group-D764FF994818-LeaderElection22] INFO  impl.RoleInfo (RoleInfo.java:updateAndGet(130)) - 01124cd4-4ace-459c-9f52-5cd7a41fca7c: start 01124cd4-4ace-459c-9f52-5cd7a41fca7c@group-D764FF994818-FollowerState
2021-03-15 13:21:43,765 [grpc-default-executor-0] INFO  server.RaftServer$Division (RaftServerImpl.java:requestVote(1025)) - 490c2edb-ef6d-43f1-a3fc-38f1bdb7d380@group-D764FF994818: receive requestVote(ELECTION, 01124cd4-4ace-459c-9f52-5cd7a41fca7c, group-D764FF994818, 2, (t:0, i:0))
2021-03-15 13:21:43,766 [grpc-default-executor-4] INFO  server.RaftServer$Division (RaftServerImpl.java:requestVote(1025)) - 490c2edb-ef6d-43f1-a3fc-38f1bdb7d380@group-D764FF994818: receive requestVote(ELECTION, 8f544fba-ae2a-4c10-8316-b74b14cffb80, group-D764FF994818, 2, (t:0, i:0))
2021-03-15 13:21:43,771 [grpc-default-executor-0] INFO  impl.VoteContext (VoteContext.java:log(48)) - 490c2edb-ef6d-43f1-a3fc-38f1bdb7d380@group-D764FF994818-FOLLOWER: accept ELECTION from 01124cd4-4ace-459c-9f52-5cd7a41fca7c: our priority 0 <= candidate's priority 0
2021-03-15 13:21:43,771 [grpc-default-executor-0] INFO  server.RaftServer$Division (RaftServerImpl.java:setRole(284)) - 490c2edb-ef6d-43f1-a3fc-38f1bdb7d380@group-D764FF994818: changes role from  FOLLOWER to FOLLOWER at term 2 for candidate:01124cd4-4ace-459c-9f52-5cd7a41fca7c
2021-03-15 13:21:43,771 [grpc-default-executor-0] INFO  impl.RoleInfo (RoleInfo.java:shutdownFollowerState(108)) - 490c2edb-ef6d-43f1-a3fc-38f1bdb7d380: shutdown 490c2edb-ef6d-43f1-a3fc-38f1bdb7d380@group-D764FF994818-FollowerState
2021-03-15 13:21:43,771 [grpc-default-executor-0] INFO  impl.RoleInfo (RoleInfo.java:updateAndGet(130)) - 490c2edb-ef6d-43f1-a3fc-38f1bdb7d380: start 490c2edb-ef6d-43f1-a3fc-38f1bdb7d380@group-D764FF994818-FollowerState
2021-03-15 13:21:43,771 [Thread-383] INFO  impl.FollowerState (FollowerState.java:run(142)) - 490c2edb-ef6d-43f1-a3fc-38f1bdb7d380@group-D764FF994818-FollowerState was interrupted: {}
java.lang.InterruptedException: sleep interrupted
	at java.lang.Thread.sleep(Native Method)
	at java.lang.Thread.sleep(Thread.java:340)
	at java.util.concurrent.TimeUnit.sleep(TimeUnit.java:386)
	at org.apache.ratis.util.TimeDuration.sleep(TimeDuration.java:324)
	at org.apache.ratis.util.TimeDuration.sleep(TimeDuration.java:309)
	at org.apache.ratis.server.impl.FollowerState.run(FollowerState.java:117)
2021-03-15 13:21:43,773 [grpc-default-executor-0] INFO  server.RaftServer$Division (RaftServerImpl.java:requestVote(1057)) - 490c2edb-ef6d-43f1-a3fc-38f1bdb7d380@group-D764FF994818 replies to ELECTION vote request: 01124cd4-4ace-459c-9f52-5cd7a41fca7c<-490c2edb-ef6d-43f1-a3fc-38f1bdb7d380#0:OK-t2. Peer's state: 490c2edb-ef6d-43f1-a3fc-38f1bdb7d380@group-D764FF994818:t2, leader=null, voted=01124cd4-4ace-459c-9f52-5cd7a41fca7c, raftlog=490c2edb-ef6d-43f1-a3fc-38f1bdb7d380@group-D764FF994818-SegmentedRaftLog:OPENED:c-1,f-1,i0, conf=-1: [01124cd4-4ace-459c-9f52-5cd7a41fca7c|rpc:172.17.0.2:40903|dataStream:|priority:0, 8f544fba-ae2a-4c10-8316-b74b14cffb80|rpc:172.17.0.2:35899|dataStream:|priority:1, 490c2edb-ef6d-43f1-a3fc-38f1bdb7d380|rpc:172.17.0.2:35411|dataStream:|priority:0], old=null
2021-03-15 13:21:43,773 [grpc-default-executor-4] INFO  impl.VoteContext (VoteContext.java:log(48)) - 490c2edb-ef6d-43f1-a3fc-38f1bdb7d380@group-D764FF994818-FOLLOWER: reject ELECTION from 8f544fba-ae2a-4c10-8316-b74b14cffb80: already has voted for 01124cd4-4ace-459c-9f52-5cd7a41fca7c at current term 2
2021-03-15 13:21:43,773 [grpc-default-executor-4] INFO  server.RaftServer$Division (RaftServerImpl.java:requestVote(1057)) - 490c2edb-ef6d-43f1-a3fc-38f1bdb7d380@group-D764FF994818 replies to ELECTION vote request: 8f544fba-ae2a-4c10-8316-b74b14cffb80<-490c2edb-ef6d-43f1-a3fc-38f1bdb7d380#0:FAIL-t2. Peer's state: 490c2edb-ef6d-43f1-a3fc-38f1bdb7d380@group-D764FF994818:t2, leader=null, voted=01124cd4-4ace-459c-9f52-5cd7a41fca7c, raftlog=490c2edb-ef6d-43f1-a3fc-38f1bdb7d380@group-D764FF994818-SegmentedRaftLog:OPENED:c-1,f-1,i0, conf=-1: [01124cd4-4ace-459c-9f52-5cd7a41fca7c|rpc:172.17.0.2:40903|dataStream:|priority:0, 8f544fba-ae2a-4c10-8316-b74b14cffb80|rpc:172.17.0.2:35899|dataStream:|priority:1, 490c2edb-ef6d-43f1-a3fc-38f1bdb7d380|rpc:172.17.0.2:35411|dataStream:|priority:0], old=null
2021-03-15 13:21:43,774 [8f544fba-ae2a-4c10-8316-b74b14cffb80@group-D764FF994818-LeaderElection23] INFO  impl.LeaderElection (LeaderElection.java:logAndReturn(89)) - 8f544fba-ae2a-4c10-8316-b74b14cffb80@group-D764FF994818-LeaderElection23: ELECTION REJECTED received 2 response(s) and 0 exception(s):
2021-03-15 13:21:43,774 [8f544fba-ae2a-4c10-8316-b74b14cffb80@group-D764FF994818-LeaderElection23] INFO  impl.LeaderElection (LeaderElection.java:logAndReturn(93)) -   Response 0: 8f544fba-ae2a-4c10-8316-b74b14cffb80<-01124cd4-4ace-459c-9f52-5cd7a41fca7c#0:FAIL-t2
2021-03-15 13:21:43,774 [8f544fba-ae2a-4c10-8316-b74b14cffb80@group-D764FF994818-LeaderElection23] INFO  impl.LeaderElection (LeaderElection.java:logAndReturn(93)) -   Response 1: 8f544fba-ae2a-4c10-8316-b74b14cffb80<-490c2edb-ef6d-43f1-a3fc-38f1bdb7d380#0:FAIL-t2
2021-03-15 13:21:43,775 [8f544fba-ae2a-4c10-8316-b74b14cffb80@group-D764FF994818-LeaderElection23] INFO  impl.LeaderElection (LeaderElection.java:askForVotes(309)) - 8f544fba-ae2a-4c10-8316-b74b14cffb80@group-D764FF994818-LeaderElection23 ELECTION round 0: result REJECTED
2021-03-15 13:21:43,775 [8f544fba-ae2a-4c10-8316-b74b14cffb80@group-D764FF994818-LeaderElection23] INFO  server.RaftServer$Division (RaftServerImpl.java:setRole(284)) - 8f544fba-ae2a-4c10-8316-b74b14cffb80@group-D764FF994818: changes role from CANDIDATE to FOLLOWER at term 2 for REJECTED
2021-03-15 13:21:43,775 [8f544fba-ae2a-4c10-8316-b74b14cffb80@group-D764FF994818-LeaderElection23] INFO  impl.RoleInfo (RoleInfo.java:shutdownLeaderElection(121)) - 8f544fba-ae2a-4c10-8316-b74b14cffb80: shutdown 8f544fba-ae2a-4c10-8316-b74b14cffb80@group-D764FF994818-LeaderElection23
2021-03-15 13:21:43,775 [8f544fba-ae2a-4c10-8316-b74b14cffb80@group-D764FF994818-LeaderElection23] INFO  impl.RoleInfo (RoleInfo.java:updateAndGet(130)) - 8f544fba-ae2a-4c10-8316-b74b14cffb80: start 8f544fba-ae2a-4c10-8316-b74b14cffb80@group-D764FF994818-FollowerState
2021-03-15 13:21:46,767 [Thread-399] INFO  impl.FollowerState (FollowerState.java:run(133)) - c8823aab-1c49-422a-a51c-c7b83b859fa6@group-7426FA8FAC29-FollowerState: change to CANDIDATE, lastRpcElapsedTime:5030949693ns, electionTimeout:5016ms
2021-03-15 13:21:46,767 [Thread-399] INFO  impl.RoleInfo (RoleInfo.java:shutdownFollowerState(108)) - c8823aab-1c49-422a-a51c-c7b83b859fa6: shutdown c8823aab-1c49-422a-a51c-c7b83b859fa6@group-7426FA8FAC29-FollowerState
2021-03-15 13:21:46,767 [Thread-399] INFO  server.RaftServer$Division (RaftServerImpl.java:setRole(284)) - c8823aab-1c49-422a-a51c-c7b83b859fa6@group-7426FA8FAC29: changes role from  FOLLOWER to CANDIDATE at term 2 for changeToCandidate
2021-03-15 13:21:46,767 [Thread-399] INFO  server.RaftServerConfigKeys (ConfUtils.java:logGet(44)) - raft.server.leaderelection.pre-vote = false (custom)
2021-03-15 13:21:46,768 [Thread-399] INFO  impl.RoleInfo (RoleInfo.java:updateAndGet(130)) - c8823aab-1c49-422a-a51c-c7b83b859fa6: start c8823aab-1c49-422a-a51c-c7b83b859fa6@group-7426FA8FAC29-LeaderElection24
2021-03-15 13:21:46,771 [c8823aab-1c49-422a-a51c-c7b83b859fa6@group-7426FA8FAC29-LeaderElection24] INFO  impl.LeaderElection (LeaderElection.java:askForVotes(307)) - c8823aab-1c49-422a-a51c-c7b83b859fa6@group-7426FA8FAC29-LeaderElection24 ELECTION round 0: submit vote requests at term 3 for -1: [29adc670-2c1e-4c6c-9558-1601f864128b|rpc:172.17.0.2:37315|priority:1, 2bcf9514-6eaf-4328-a021-870a209d39c4|rpc:172.17.0.2:43919|priority:0, c8823aab-1c49-422a-a51c-c7b83b859fa6|rpc:172.17.0.2:38877|priority:0], old=null
2021-03-15 13:21:46,773 [grpc-default-executor-0] INFO  server.RaftServer$Division (RaftServerImpl.java:requestVote(1025)) - 29adc670-2c1e-4c6c-9558-1601f864128b@group-7426FA8FAC29: receive requestVote(ELECTION, c8823aab-1c49-422a-a51c-c7b83b859fa6, group-7426FA8FAC29, 3, (t:0, i:0))
2021-03-15 13:21:46,773 [grpc-default-executor-0] INFO  impl.VoteContext (VoteContext.java:log(48)) - 29adc670-2c1e-4c6c-9558-1601f864128b@group-7426FA8FAC29-FOLLOWER: reject ELECTION from c8823aab-1c49-422a-a51c-c7b83b859fa6: our priority 1 > candidate's priority 0
2021-03-15 13:21:46,774 [grpc-default-executor-0] INFO  server.RaftServer$Division (RaftServerImpl.java:setRole(284)) - 29adc670-2c1e-4c6c-9558-1601f864128b@group-7426FA8FAC29: changes role from  FOLLOWER to FOLLOWER at term 3 for candidate:c8823aab-1c49-422a-a51c-c7b83b859fa6
2021-03-15 13:21:46,774 [grpc-default-executor-0] INFO  impl.RoleInfo (RoleInfo.java:shutdownFollowerState(108)) - 29adc670-2c1e-4c6c-9558-1601f864128b: shutdown 29adc670-2c1e-4c6c-9558-1601f864128b@group-7426FA8FAC29-FollowerState
2021-03-15 13:21:46,774 [grpc-default-executor-0] INFO  impl.RoleInfo (RoleInfo.java:updateAndGet(130)) - 29adc670-2c1e-4c6c-9558-1601f864128b: start 29adc670-2c1e-4c6c-9558-1601f864128b@group-7426FA8FAC29-FollowerState
2021-03-15 13:21:46,774 [Thread-398] INFO  impl.FollowerState (FollowerState.java:run(142)) - 29adc670-2c1e-4c6c-9558-1601f864128b@group-7426FA8FAC29-FollowerState was interrupted: {}
java.lang.InterruptedException: sleep interrupted
	at java.lang.Thread.sleep(Native Method)
	at java.lang.Thread.sleep(Thread.java:340)
	at java.util.concurrent.TimeUnit.sleep(TimeUnit.java:386)
	at org.apache.ratis.util.TimeDuration.sleep(TimeDuration.java:324)
	at org.apache.ratis.util.TimeDuration.sleep(TimeDuration.java:309)
	at org.apache.ratis.server.impl.FollowerState.run(FollowerState.java:117)
2021-03-15 13:21:46,774 [grpc-default-executor-4] INFO  server.RaftServer$Division (RaftServerImpl.java:requestVote(1025)) - 2bcf9514-6eaf-4328-a021-870a209d39c4@group-7426FA8FAC29: receive requestVote(ELECTION, c8823aab-1c49-422a-a51c-c7b83b859fa6, group-7426FA8FAC29, 3, (t:0, i:0))
2021-03-15 13:21:46,774 [grpc-default-executor-4] INFO  impl.VoteContext (VoteContext.java:log(48)) - 2bcf9514-6eaf-4328-a021-870a209d39c4@group-7426FA8FAC29-FOLLOWER: accept ELECTION from c8823aab-1c49-422a-a51c-c7b83b859fa6: our priority 0 <= candidate's priority 0
2021-03-15 13:21:46,774 [grpc-default-executor-4] INFO  server.RaftServer$Division (RaftServerImpl.java:setRole(284)) - 2bcf9514-6eaf-4328-a021-870a209d39c4@group-7426FA8FAC29: changes role from  FOLLOWER to FOLLOWER at term 3 for candidate:c8823aab-1c49-422a-a51c-c7b83b859fa6
2021-03-15 13:21:46,775 [grpc-default-executor-4] INFO  impl.RoleInfo (RoleInfo.java:shutdownFollowerState(108)) - 2bcf9514-6eaf-4328-a021-870a209d39c4: shutdown 2bcf9514-6eaf-4328-a021-870a209d39c4@group-7426FA8FAC29-FollowerState
2021-03-15 13:21:46,776 [grpc-default-executor-4] INFO  impl.RoleInfo (RoleInfo.java:updateAndGet(130)) - 2bcf9514-6eaf-4328-a021-870a209d39c4: start 2bcf9514-6eaf-4328-a021-870a209d39c4@group-7426FA8FAC29-FollowerState
2021-03-15 13:21:46,776 [Thread-397] INFO  impl.FollowerState (FollowerState.java:run(142)) - 2bcf9514-6eaf-4328-a021-870a209d39c4@group-7426FA8FAC29-FollowerState was interrupted: {}
java.lang.InterruptedException: sleep interrupted
	at java.lang.Thread.sleep(Native Method)
	at java.lang.Thread.sleep(Thread.java:340)
	at java.util.concurrent.TimeUnit.sleep(TimeUnit.java:386)
	at org.apache.ratis.util.TimeDuration.sleep(TimeDuration.java:324)
	at org.apache.ratis.util.TimeDuration.sleep(TimeDuration.java:309)
	at org.apache.ratis.server.impl.FollowerState.run(FollowerState.java:117)
2021-03-15 13:21:46,778 [grpc-default-executor-0] INFO  server.RaftServer$Division (RaftServerImpl.java:requestVote(1057)) - 29adc670-2c1e-4c6c-9558-1601f864128b@group-7426FA8FAC29 replies to ELECTION vote request: c8823aab-1c49-422a-a51c-c7b83b859fa6<-29adc670-2c1e-4c6c-9558-1601f864128b#0:FAIL-t3. Peer's state: 29adc670-2c1e-4c6c-9558-1601f864128b@group-7426FA8FAC29:t3, leader=null, voted=null, raftlog=29adc670-2c1e-4c6c-9558-1601f864128b@group-7426FA8FAC29-SegmentedRaftLog:OPENED:c-1,f-1,i0, conf=-1: [29adc670-2c1e-4c6c-9558-1601f864128b|rpc:172.17.0.2:37315|priority:1, 2bcf9514-6eaf-4328-a021-870a209d39c4|rpc:172.17.0.2:43919|priority:0, c8823aab-1c49-422a-a51c-c7b83b859fa6|rpc:172.17.0.2:38877|priority:0], old=null
2021-03-15 13:21:46,786 [grpc-default-executor-4] INFO  server.RaftServer$Division (RaftServerImpl.java:requestVote(1057)) - 2bcf9514-6eaf-4328-a021-870a209d39c4@group-7426FA8FAC29 replies to ELECTION vote request: c8823aab-1c49-422a-a51c-c7b83b859fa6<-2bcf9514-6eaf-4328-a021-870a209d39c4#0:OK-t3. Peer's state: 2bcf9514-6eaf-4328-a021-870a209d39c4@group-7426FA8FAC29:t3, leader=null, voted=c8823aab-1c49-422a-a51c-c7b83b859fa6, raftlog=2bcf9514-6eaf-4328-a021-870a209d39c4@group-7426FA8FAC29-SegmentedRaftLog:OPENED:c-1,f-1,i0, conf=-1: [29adc670-2c1e-4c6c-9558-1601f864128b|rpc:172.17.0.2:37315|priority:1, 2bcf9514-6eaf-4328-a021-870a209d39c4|rpc:172.17.0.2:43919|priority:0, c8823aab-1c49-422a-a51c-c7b83b859fa6|rpc:172.17.0.2:38877|priority:0], old=null
2021-03-15 13:21:46,788 [c8823aab-1c49-422a-a51c-c7b83b859fa6@group-7426FA8FAC29-LeaderElection24] INFO  impl.LeaderElection (LeaderElection.java:logAndReturn(89)) - c8823aab-1c49-422a-a51c-c7b83b859fa6@group-7426FA8FAC29-LeaderElection24: ELECTION REJECTED received 1 response(s) and 0 exception(s):
2021-03-15 13:21:46,788 [c8823aab-1c49-422a-a51c-c7b83b859fa6@group-7426FA8FAC29-LeaderElection24] INFO  impl.LeaderElection (LeaderElection.java:logAndReturn(93)) -   Response 0: c8823aab-1c49-422a-a51c-c7b83b859fa6<-29adc670-2c1e-4c6c-9558-1601f864128b#0:FAIL-t3
2021-03-15 13:21:46,788 [c8823aab-1c49-422a-a51c-c7b83b859fa6@group-7426FA8FAC29-LeaderElection24] INFO  impl.LeaderElection (LeaderElection.java:askForVotes(309)) - c8823aab-1c49-422a-a51c-c7b83b859fa6@group-7426FA8FAC29-LeaderElection24 ELECTION round 0: result REJECTED
2021-03-15 13:21:46,788 [c8823aab-1c49-422a-a51c-c7b83b859fa6@group-7426FA8FAC29-LeaderElection24] INFO  server.RaftServer$Division (RaftServerImpl.java:setRole(284)) - c8823aab-1c49-422a-a51c-c7b83b859fa6@group-7426FA8FAC29: changes role from CANDIDATE to FOLLOWER at term 3 for REJECTED
2021-03-15 13:21:46,788 [c8823aab-1c49-422a-a51c-c7b83b859fa6@group-7426FA8FAC29-LeaderElection24] INFO  impl.RoleInfo (RoleInfo.java:shutdownLeaderElection(121)) - c8823aab-1c49-422a-a51c-c7b83b859fa6: shutdown c8823aab-1c49-422a-a51c-c7b83b859fa6@group-7426FA8FAC29-LeaderElection24
2021-03-15 13:21:46,788 [c8823aab-1c49-422a-a51c-c7b83b859fa6@group-7426FA8FAC29-LeaderElection24] INFO  impl.RoleInfo (RoleInfo.java:updateAndGet(130)) - c8823aab-1c49-422a-a51c-c7b83b859fa6: start c8823aab-1c49-422a-a51c-c7b83b859fa6@group-7426FA8FAC29-FollowerState
2021-03-15 13:21:47,746 [Thread-418] INFO  impl.FollowerState (FollowerState.java:run(133)) - 01124cd4-4ace-459c-9f52-5cd7a41fca7c@group-E860D21F6A2B-FollowerState: change to CANDIDATE, lastRpcElapsedTime:5022544046ns, electionTimeout:5022ms
2021-03-15 13:21:47,746 [Thread-418] INFO  impl.RoleInfo (RoleInfo.java:shutdownFollowerState(108)) - 01124cd4-4ace-459c-9f52-5cd7a41fca7c: shutdown 01124cd4-4ace-459c-9f52-5cd7a41fca7c@group-E860D21F6A2B-FollowerState
2021-03-15 13:21:47,746 [Thread-418] INFO  server.RaftServer$Division (RaftServerImpl.java:setRole(284)) - 01124cd4-4ace-459c-9f52-5cd7a41fca7c@group-E860D21F6A2B: changes role from  FOLLOWER to CANDIDATE at term 3 for changeToCandidate
2021-03-15 13:21:47,746 [Thread-418] INFO  server.RaftServerConfigKeys (ConfUtils.java:logGet(44)) - raft.server.leaderelection.pre-vote = false (custom)
2021-03-15 13:21:47,746 [Thread-418] INFO  impl.RoleInfo (RoleInfo.java:updateAndGet(130)) - 01124cd4-4ace-459c-9f52-5cd7a41fca7c: start 01124cd4-4ace-459c-9f52-5cd7a41fca7c@group-E860D21F6A2B-LeaderElection25
2021-03-15 13:21:47,749 [01124cd4-4ace-459c-9f52-5cd7a41fca7c@group-E860D21F6A2B-LeaderElection25] INFO  impl.LeaderElection (LeaderElection.java:askForVotes(307)) - 01124cd4-4ace-459c-9f52-5cd7a41fca7c@group-E860D21F6A2B-LeaderElection25 ELECTION round 0: submit vote requests at term 4 for -1: [01124cd4-4ace-459c-9f52-5cd7a41fca7c|rpc:172.17.0.2:40903|priority:0, 8f544fba-ae2a-4c10-8316-b74b14cffb80|rpc:172.17.0.2:35899|priority:0, 490c2edb-ef6d-43f1-a3fc-38f1bdb7d380|rpc:172.17.0.2:35411|priority:1], old=null
2021-03-15 13:21:47,752 [grpc-default-executor-4] INFO  server.RaftServer$Division (RaftServerImpl.java:requestVote(1025)) - 8f544fba-ae2a-4c10-8316-b74b14cffb80@group-E860D21F6A2B: receive requestVote(ELECTION, 01124cd4-4ace-459c-9f52-5cd7a41fca7c, group-E860D21F6A2B, 4, (t:0, i:0))
2021-03-15 13:21:47,752 [grpc-default-executor-4] INFO  impl.VoteContext (VoteContext.java:log(48)) - 8f544fba-ae2a-4c10-8316-b74b14cffb80@group-E860D21F6A2B-FOLLOWER: accept ELECTION from 01124cd4-4ace-459c-9f52-5cd7a41fca7c: our priority 0 <= candidate's priority 0
2021-03-15 13:21:47,752 [grpc-default-executor-4] INFO  server.RaftServer$Division (RaftServerImpl.java:setRole(284)) - 8f544fba-ae2a-4c10-8316-b74b14cffb80@group-E860D21F6A2B: changes role from  FOLLOWER to FOLLOWER at term 4 for candidate:01124cd4-4ace-459c-9f52-5cd7a41fca7c
2021-03-15 13:21:47,752 [grpc-default-executor-4] INFO  impl.RoleInfo (RoleInfo.java:shutdownFollowerState(108)) - 8f544fba-ae2a-4c10-8316-b74b14cffb80: shutdown 8f544fba-ae2a-4c10-8316-b74b14cffb80@group-E860D21F6A2B-FollowerState
2021-03-15 13:21:47,752 [grpc-default-executor-4] INFO  impl.RoleInfo (RoleInfo.java:updateAndGet(130)) - 8f544fba-ae2a-4c10-8316-b74b14cffb80: start 8f544fba-ae2a-4c10-8316-b74b14cffb80@group-E860D21F6A2B-FollowerState
2021-03-15 13:21:47,752 [Thread-421] INFO  impl.FollowerState (FollowerState.java:run(142)) - 8f544fba-ae2a-4c10-8316-b74b14cffb80@group-E860D21F6A2B-FollowerState was interrupted: {}
java.lang.InterruptedException: sleep interrupted
	at java.lang.Thread.sleep(Native Method)
	at java.lang.Thread.sleep(Thread.java:340)
	at java.util.concurrent.TimeUnit.sleep(TimeUnit.java:386)
	at org.apache.ratis.util.TimeDuration.sleep(TimeDuration.java:324)
	at org.apache.ratis.util.TimeDuration.sleep(TimeDuration.java:309)
	at org.apache.ratis.server.impl.FollowerState.run(FollowerState.java:117)
2021-03-15 13:21:47,754 [grpc-default-executor-4] INFO  server.RaftServer$Division (RaftServerImpl.java:requestVote(1057)) - 8f544fba-ae2a-4c10-8316-b74b14cffb80@group-E860D21F6A2B replies to ELECTION vote request: 01124cd4-4ace-459c-9f52-5cd7a41fca7c<-8f544fba-ae2a-4c10-8316-b74b14cffb80#0:OK-t4. Peer's state: 8f544fba-ae2a-4c10-8316-b74b14cffb80@group-E860D21F6A2B:t4, leader=null, voted=01124cd4-4ace-459c-9f52-5cd7a41fca7c, raftlog=8f544fba-ae2a-4c10-8316-b74b14cffb80@group-E860D21F6A2B-SegmentedRaftLog:OPENED:c-1,f-1,i0, conf=-1: [01124cd4-4ace-459c-9f52-5cd7a41fca7c|rpc:172.17.0.2:40903|dataStream:|priority:0, 8f544fba-ae2a-4c10-8316-b74b14cffb80|rpc:172.17.0.2:35899|dataStream:|priority:0, 490c2edb-ef6d-43f1-a3fc-38f1bdb7d380|rpc:172.17.0.2:35411|dataStream:|priority:1], old=null
2021-03-15 13:21:47,754 [grpc-default-executor-4] INFO  server.RaftServer$Division (RaftServerImpl.java:requestVote(1025)) - 490c2edb-ef6d-43f1-a3fc-38f1bdb7d380@group-E860D21F6A2B: receive requestVote(ELECTION, 01124cd4-4ace-459c-9f52-5cd7a41fca7c, group-E860D21F6A2B, 4, (t:0, i:0))
2021-03-15 13:21:47,755 [grpc-default-executor-4] INFO  impl.VoteContext (VoteContext.java:log(48)) - 490c2edb-ef6d-43f1-a3fc-38f1bdb7d380@group-E860D21F6A2B-FOLLOWER: reject ELECTION from 01124cd4-4ace-459c-9f52-5cd7a41fca7c: our last entry (t:2, i:0) > candidate's last entry (t:0, i:0)
2021-03-15 13:21:47,755 [grpc-default-executor-4] INFO  server.RaftServer$Division (RaftServerImpl.java:setRole(284)) - 490c2edb-ef6d-43f1-a3fc-38f1bdb7d380@group-E860D21F6A2B: changes role from  FOLLOWER to FOLLOWER at term 4 for candidate:01124cd4-4ace-459c-9f52-5cd7a41fca7c
2021-03-15 13:21:47,755 [grpc-default-executor-4] INFO  impl.RoleInfo (RoleInfo.java:shutdownFollowerState(108)) - 490c2edb-ef6d-43f1-a3fc-38f1bdb7d380: shutdown 490c2edb-ef6d-43f1-a3fc-38f1bdb7d380@group-E860D21F6A2B-FollowerState
2021-03-15 13:21:47,755 [grpc-default-executor-4] INFO  impl.RoleInfo (RoleInfo.java:updateAndGet(130)) - 490c2edb-ef6d-43f1-a3fc-38f1bdb7d380: start 490c2edb-ef6d-43f1-a3fc-38f1bdb7d380@group-E860D21F6A2B-FollowerState
2021-03-15 13:21:47,755 [Thread-420] INFO  impl.FollowerState (FollowerState.java:run(142)) - 490c2edb-ef6d-43f1-a3fc-38f1bdb7d380@group-E860D21F6A2B-FollowerState was interrupted: {}
java.lang.InterruptedException: sleep interrupted
	at java.lang.Thread.sleep(Native Method)
	at java.lang.Thread.sleep(Thread.java:340)
	at java.util.concurrent.TimeUnit.sleep(TimeUnit.java:386)
	at org.apache.ratis.util.TimeDuration.sleep(TimeDuration.java:324)
	at org.apache.ratis.util.TimeDuration.sleep(TimeDuration.java:309)
	at org.apache.ratis.server.impl.FollowerState.run(FollowerState.java:117)
2021-03-15 13:21:47,756 [grpc-default-executor-4] INFO  server.RaftServer$Division (RaftServerImpl.java:requestVote(1057)) - 490c2edb-ef6d-43f1-a3fc-38f1bdb7d380@group-E860D21F6A2B replies to ELECTION vote request: 01124cd4-4ace-459c-9f52-5cd7a41fca7c<-490c2edb-ef6d-43f1-a3fc-38f1bdb7d380#0:FAIL-t4. Peer's state: 490c2edb-ef6d-43f1-a3fc-38f1bdb7d380@group-E860D21F6A2B:t4, leader=null, voted=null, raftlog=490c2edb-ef6d-43f1-a3fc-38f1bdb7d380@group-E860D21F6A2B-SegmentedRaftLog:OPENED:c0,f0,i0, conf=0: [01124cd4-4ace-459c-9f52-5cd7a41fca7c|rpc:172.17.0.2:40903|dataStream:|priority:0, 8f544fba-ae2a-4c10-8316-b74b14cffb80|rpc:172.17.0.2:35899|dataStream:|priority:0, 490c2edb-ef6d-43f1-a3fc-38f1bdb7d380|rpc:172.17.0.2:35411|dataStream:|priority:1], old=null
2021-03-15 13:21:47,760 [01124cd4-4ace-459c-9f52-5cd7a41fca7c@group-E860D21F6A2B-LeaderElection25] INFO  impl.LeaderElection (LeaderElection.java:logAndReturn(89)) - 01124cd4-4ace-459c-9f52-5cd7a41fca7c@group-E860D21F6A2B-LeaderElection25: ELECTION REJECTED received 2 response(s) and 0 exception(s):
2021-03-15 13:21:47,760 [01124cd4-4ace-459c-9f52-5cd7a41fca7c@group-E860D21F6A2B-LeaderElection25] INFO  impl.LeaderElection (LeaderElection.java:logAndReturn(93)) -   Response 0: 01124cd4-4ace-459c-9f52-5cd7a41fca7c<-8f544fba-ae2a-4c10-8316-b74b14cffb80#0:OK-t4
2021-03-15 13:21:47,760 [01124cd4-4ace-459c-9f52-5cd7a41fca7c@group-E860D21F6A2B-LeaderElection25] INFO  impl.LeaderElection (LeaderElection.java:logAndReturn(93)) -   Response 1: 01124cd4-4ace-459c-9f52-5cd7a41fca7c<-490c2edb-ef6d-43f1-a3fc-38f1bdb7d380#0:FAIL-t4
2021-03-15 13:21:47,760 [01124cd4-4ace-459c-9f52-5cd7a41fca7c@group-E860D21F6A2B-LeaderElection25] INFO  impl.LeaderElection (LeaderElection.java:askForVotes(309)) - 01124cd4-4ace-459c-9f52-5cd7a41fca7c@group-E860D21F6A2B-LeaderElection25 ELECTION round 0: result REJECTED
2021-03-15 13:21:47,760 [01124cd4-4ace-459c-9f52-5cd7a41fca7c@group-E860D21F6A2B-LeaderElection25] INFO  server.RaftServer$Division (RaftServerImpl.java:setRole(284)) - 01124cd4-4ace-459c-9f52-5cd7a41fca7c@group-E860D21F6A2B: changes role from CANDIDATE to FOLLOWER at term 4 for REJECTED
2021-03-15 13:21:47,760 [01124cd4-4ace-459c-9f52-5cd7a41fca7c@group-E860D21F6A2B-LeaderElection25] INFO  impl.RoleInfo (RoleInfo.java:shutdownLeaderElection(121)) - 01124cd4-4ace-459c-9f52-5cd7a41fca7c: shutdown 01124cd4-4ace-459c-9f52-5cd7a41fca7c@group-E860D21F6A2B-LeaderElection25
2021-03-15 13:21:47,760 [01124cd4-4ace-459c-9f52-5cd7a41fca7c@group-E860D21F6A2B-LeaderElection25] INFO  impl.RoleInfo (RoleInfo.java:updateAndGet(130)) - 01124cd4-4ace-459c-9f52-5cd7a41fca7c: start 01124cd4-4ace-459c-9f52-5cd7a41fca7c@group-E860D21F6A2B-FollowerState
2021-03-15 13:21:47,874 [Thread-417] INFO  impl.FollowerState (FollowerState.java:run(133)) - c8823aab-1c49-422a-a51c-c7b83b859fa6@group-388B48EC2E2F-FollowerState: change to CANDIDATE, lastRpcElapsedTime:5165317763ns, electionTimeout:5163ms
2021-03-15 13:21:47,874 [Thread-417] INFO  impl.RoleInfo (RoleInfo.java:shutdownFollowerState(108)) - c8823aab-1c49-422a-a51c-c7b83b859fa6: shutdown c8823aab-1c49-422a-a51c-c7b83b859fa6@group-388B48EC2E2F-FollowerState
2021-03-15 13:21:47,874 [Thread-417] INFO  server.RaftServer$Division (RaftServerImpl.java:setRole(284)) - c8823aab-1c49-422a-a51c-c7b83b859fa6@group-388B48EC2E2F: changes role from  FOLLOWER to CANDIDATE at term 3 for changeToCandidate
2021-03-15 13:21:47,875 [Thread-417] INFO  server.RaftServerConfigKeys (ConfUtils.java:logGet(44)) - raft.server.leaderelection.pre-vote = false (custom)
2021-03-15 13:21:47,875 [Thread-417] INFO  impl.RoleInfo (RoleInfo.java:updateAndGet(130)) - c8823aab-1c49-422a-a51c-c7b83b859fa6: start c8823aab-1c49-422a-a51c-c7b83b859fa6@group-388B48EC2E2F-LeaderElection26
2021-03-15 13:21:47,878 [c8823aab-1c49-422a-a51c-c7b83b859fa6@group-388B48EC2E2F-LeaderElection26] INFO  impl.LeaderElection (LeaderElection.java:askForVotes(307)) - c8823aab-1c49-422a-a51c-c7b83b859fa6@group-388B48EC2E2F-LeaderElection26 ELECTION round 0: submit vote requests at term 4 for 0: [29adc670-2c1e-4c6c-9558-1601f864128b|rpc:172.17.0.2:37315|dataStream:|priority:0, 2bcf9514-6eaf-4328-a021-870a209d39c4|rpc:172.17.0.2:43919|dataStream:|priority:0, c8823aab-1c49-422a-a51c-c7b83b859fa6|rpc:172.17.0.2:38877|dataStream:|priority:1], old=null
2021-03-15 13:21:47,886 [grpc-default-executor-4] INFO  server.RaftServer$Division (RaftServerImpl.java:requestVote(1025)) - 29adc670-2c1e-4c6c-9558-1601f864128b@group-388B48EC2E2F: receive requestVote(ELECTION, c8823aab-1c49-422a-a51c-c7b83b859fa6, group-388B48EC2E2F, 4, (t:1, i:0))
2021-03-15 13:21:47,886 [grpc-default-executor-4] INFO  impl.VoteContext (VoteContext.java:log(48)) - 29adc670-2c1e-4c6c-9558-1601f864128b@group-388B48EC2E2F-FOLLOWER: accept ELECTION from c8823aab-1c49-422a-a51c-c7b83b859fa6: our last entry null < candidate's last entry (t:1, i:0)
2021-03-15 13:21:47,886 [grpc-default-executor-4] INFO  server.RaftServer$Division (RaftServerImpl.java:setRole(284)) - 29adc670-2c1e-4c6c-9558-1601f864128b@group-388B48EC2E2F: changes role from  FOLLOWER to FOLLOWER at term 4 for candidate:c8823aab-1c49-422a-a51c-c7b83b859fa6
2021-03-15 13:21:47,886 [grpc-default-executor-4] INFO  impl.RoleInfo (RoleInfo.java:shutdownFollowerState(108)) - 29adc670-2c1e-4c6c-9558-1601f864128b: shutdown 29adc670-2c1e-4c6c-9558-1601f864128b@group-388B48EC2E2F-FollowerState
2021-03-15 13:21:47,886 [grpc-default-executor-4] INFO  impl.RoleInfo (RoleInfo.java:updateAndGet(130)) - 29adc670-2c1e-4c6c-9558-1601f864128b: start 29adc670-2c1e-4c6c-9558-1601f864128b@group-388B48EC2E2F-FollowerState
2021-03-15 13:21:47,887 [Thread-414] INFO  impl.FollowerState (FollowerState.java:run(142)) - 29adc670-2c1e-4c6c-9558-1601f864128b@group-388B48EC2E2F-FollowerState was interrupted: {}
java.lang.InterruptedException: sleep interrupted
	at java.lang.Thread.sleep(Native Method)
	at java.lang.Thread.sleep(Thread.java:340)
	at java.util.concurrent.TimeUnit.sleep(TimeUnit.java:386)
	at org.apache.ratis.util.TimeDuration.sleep(TimeDuration.java:324)
	at org.apache.ratis.util.TimeDuration.sleep(TimeDuration.java:309)
	at org.apache.ratis.server.impl.FollowerState.run(FollowerState.java:117)
2021-03-15 13:21:47,888 [grpc-default-executor-0] INFO  server.RaftServer$Division (RaftServerImpl.java:requestVote(1025)) - 2bcf9514-6eaf-4328-a021-870a209d39c4@group-388B48EC2E2F: receive requestVote(ELECTION, c8823aab-1c49-422a-a51c-c7b83b859fa6, group-388B48EC2E2F, 4, (t:1, i:0))
2021-03-15 13:21:47,888 [grpc-default-executor-4] INFO  server.RaftServer$Division (RaftServerImpl.java:requestVote(1057)) - 29adc670-2c1e-4c6c-9558-1601f864128b@group-388B48EC2E2F replies to ELECTION vote request: c8823aab-1c49-422a-a51c-c7b83b859fa6<-29adc670-2c1e-4c6c-9558-1601f864128b#0:OK-t4. Peer's state: 29adc670-2c1e-4c6c-9558-1601f864128b@group-388B48EC2E2F:t4, leader=null, voted=c8823aab-1c49-422a-a51c-c7b83b859fa6, raftlog=29adc670-2c1e-4c6c-9558-1601f864128b@group-388B48EC2E2F-SegmentedRaftLog:OPENED:c-1,f-1,i0, conf=-1: [29adc670-2c1e-4c6c-9558-1601f864128b|rpc:172.17.0.2:37315|priority:0, 2bcf9514-6eaf-4328-a021-870a209d39c4|rpc:172.17.0.2:43919|priority:0, c8823aab-1c49-422a-a51c-c7b83b859fa6|rpc:172.17.0.2:38877|priority:1], old=null
2021-03-15 13:21:47,889 [c8823aab-1c49-422a-a51c-c7b83b859fa6@group-388B48EC2E2F-LeaderElection26] INFO  impl.LeaderElection (LeaderElection.java:logAndReturn(89)) - c8823aab-1c49-422a-a51c-c7b83b859fa6@group-388B48EC2E2F-LeaderElection26: ELECTION PASSED received 1 response(s) and 0 exception(s):
2021-03-15 13:21:47,890 [c8823aab-1c49-422a-a51c-c7b83b859fa6@group-388B48EC2E2F-LeaderElection26] INFO  impl.LeaderElection (LeaderElection.java:logAndReturn(93)) -   Response 0: c8823aab-1c49-422a-a51c-c7b83b859fa6<-29adc670-2c1e-4c6c-9558-1601f864128b#0:OK-t4
2021-03-15 13:21:47,890 [c8823aab-1c49-422a-a51c-c7b83b859fa6@group-388B48EC2E2F-LeaderElection26] INFO  impl.LeaderElection (LeaderElection.java:askForVotes(309)) - c8823aab-1c49-422a-a51c-c7b83b859fa6@group-388B48EC2E2F-LeaderElection26 ELECTION round 0: result PASSED
2021-03-15 13:21:47,890 [c8823aab-1c49-422a-a51c-c7b83b859fa6@group-388B48EC2E2F-LeaderElection26] INFO  impl.RoleInfo (RoleInfo.java:shutdownLeaderElection(121)) - c8823aab-1c49-422a-a51c-c7b83b859fa6: shutdown c8823aab-1c49-422a-a51c-c7b83b859fa6@group-388B48EC2E2F-LeaderElection26
2021-03-15 13:21:47,890 [c8823aab-1c49-422a-a51c-c7b83b859fa6@group-388B48EC2E2F-LeaderElection26] INFO  server.RaftServer$Division (RaftServerImpl.java:setRole(284)) - c8823aab-1c49-422a-a51c-c7b83b859fa6@group-388B48EC2E2F: changes role from CANDIDATE to LEADER at term 4 for changeToLeader
2021-03-15 13:21:47,890 [c8823aab-1c49-422a-a51c-c7b83b859fa6@group-388B48EC2E2F-LeaderElection26] INFO  ratis.XceiverServerRatis (XceiverServerRatis.java:handleLeaderChangedNotification(899)) - Leader change notification received for group: group-388B48EC2E2F with new leaderId: c8823aab-1c49-422a-a51c-c7b83b859fa6
2021-03-15 13:21:47,890 [c8823aab-1c49-422a-a51c-c7b83b859fa6@group-388B48EC2E2F-LeaderElection26] INFO  server.RaftServer$Division (ServerState.java:setLeader(271)) - c8823aab-1c49-422a-a51c-c7b83b859fa6@group-388B48EC2E2F: change Leader from null to c8823aab-1c49-422a-a51c-c7b83b859fa6 at term 4 for becomeLeader, leader elected after 10237ms
2021-03-15 13:21:47,890 [c8823aab-1c49-422a-a51c-c7b83b859fa6@group-388B48EC2E2F-LeaderElection26] INFO  server.RaftServerConfigKeys (ConfUtils.java:logGet(44)) - raft.server.staging.catchup.gap = 1000 (default)
2021-03-15 13:21:47,890 [c8823aab-1c49-422a-a51c-c7b83b859fa6@group-388B48EC2E2F-LeaderElection26] INFO  metrics.RatisMetrics (RatisMetrics.java:lambda$create$0(36)) - Creating Metrics Registry : ratis.log_appender.c8823aab-1c49-422a-a51c-c7b83b859fa6@group-388B48EC2E2F
2021-03-15 13:21:47,890 [c8823aab-1c49-422a-a51c-c7b83b859fa6@group-388B48EC2E2F-LeaderElection26] INFO  server.RaftServerConfigKeys (ConfUtils.java:logGet(44)) - raft.server.write.element-limit = 1024 (custom)
2021-03-15 13:21:47,890 [c8823aab-1c49-422a-a51c-c7b83b859fa6@group-388B48EC2E2F-LeaderElection26] INFO  server.RaftServerConfigKeys (ConfUtils.java:logGet(44)) - raft.server.write.byte-limit = 1073741824 (custom)
2021-03-15 13:21:47,891 [c8823aab-1c49-422a-a51c-c7b83b859fa6@group-388B48EC2E2F-LeaderElection26] INFO  server.RaftServerConfigKeys (ConfUtils.java:logGet(44)) - raft.server.watch.timeout = 3000ms (custom)
2021-03-15 13:21:47,891 [c8823aab-1c49-422a-a51c-c7b83b859fa6@group-388B48EC2E2F-LeaderElection26] INFO  server.RaftServerConfigKeys (ConfUtils.java:logGet(44)) - raft.server.watch.timeout.denomination = 1s (default)
2021-03-15 13:21:47,891 [c8823aab-1c49-422a-a51c-c7b83b859fa6@group-388B48EC2E2F-LeaderElection26] INFO  server.RaftServerConfigKeys (ConfUtils.java:logGet(44)) - raft.server.watch.element-limit = 65536 (default)
2021-03-15 13:21:47,891 [c8823aab-1c49-422a-a51c-c7b83b859fa6@group-388B48EC2E2F-LeaderElection26] INFO  server.RaftServerConfigKeys (ConfUtils.java:logGet(44)) - raft.server.log.appender.snapshot.chunk.size.max = 16MB (=16777216) (default)
2021-03-15 13:21:47,892 [c8823aab-1c49-422a-a51c-c7b83b859fa6@group-388B48EC2E2F-LeaderElection26] INFO  server.RaftServerConfigKeys (ConfUtils.java:logGet(44)) - raft.server.log.appender.buffer.byte-limit = 33554432 (custom)
2021-03-15 13:21:47,892 [c8823aab-1c49-422a-a51c-c7b83b859fa6@group-388B48EC2E2F-LeaderElection26] INFO  server.RaftServerConfigKeys (ConfUtils.java:logGet(44)) - raft.server.log.appender.buffer.element-limit = 1 (custom)
2021-03-15 13:21:47,892 [c8823aab-1c49-422a-a51c-c7b83b859fa6@group-388B48EC2E2F-LeaderElection26] INFO  grpc.GrpcConfigKeys (ConfUtils.java:logGet(44)) - raft.grpc.server.leader.outstanding.appends.max = 128 (default)
2021-03-15 13:21:47,893 [c8823aab-1c49-422a-a51c-c7b83b859fa6@group-388B48EC2E2F-LeaderElection26] INFO  server.RaftServerConfigKeys (ConfUtils.java:logGet(44)) - raft.server.rpc.request.timeout = 3000ms (default)
2021-03-15 13:21:47,893 [c8823aab-1c49-422a-a51c-c7b83b859fa6@group-388B48EC2E2F-LeaderElection26] INFO  server.RaftServerConfigKeys (ConfUtils.java:logGet(44)) - raft.server.log.appender.install.snapshot.enabled = false (custom)
2021-03-15 13:21:47,893 [c8823aab-1c49-422a-a51c-c7b83b859fa6@group-388B48EC2E2F-LeaderElection26] INFO  metrics.RatisMetrics (RatisMetrics.java:lambda$create$0(36)) - Creating Metrics Registry : ratis_grpc.log_appender.c8823aab-1c49-422a-a51c-c7b83b859fa6@group-388B48EC2E2F
2021-03-15 13:21:47,888 [grpc-default-executor-0] INFO  impl.VoteContext (VoteContext.java:log(48)) - 2bcf9514-6eaf-4328-a021-870a209d39c4@group-388B48EC2E2F-FOLLOWER: accept ELECTION from c8823aab-1c49-422a-a51c-c7b83b859fa6: our last entry null < candidate's last entry (t:1, i:0)
2021-03-15 13:21:47,894 [c8823aab-1c49-422a-a51c-c7b83b859fa6@group-388B48EC2E2F-LeaderElection26] INFO  server.RaftServerConfigKeys (ConfUtils.java:logGet(44)) - raft.server.log.appender.snapshot.chunk.size.max = 16MB (=16777216) (default)
2021-03-15 13:21:47,894 [c8823aab-1c49-422a-a51c-c7b83b859fa6@group-388B48EC2E2F-LeaderElection26] INFO  server.RaftServerConfigKeys (ConfUtils.java:logGet(44)) - raft.server.log.appender.buffer.byte-limit = 33554432 (custom)
2021-03-15 13:21:47,894 [c8823aab-1c49-422a-a51c-c7b83b859fa6@group-388B48EC2E2F-LeaderElection26] INFO  server.RaftServerConfigKeys (ConfUtils.java:logGet(44)) - raft.server.log.appender.buffer.element-limit = 1 (custom)
2021-03-15 13:21:47,894 [grpc-default-executor-0] INFO  server.RaftServer$Division (RaftServerImpl.java:setRole(284)) - 2bcf9514-6eaf-4328-a021-870a209d39c4@group-388B48EC2E2F: changes role from  FOLLOWER to FOLLOWER at term 4 for candidate:c8823aab-1c49-422a-a51c-c7b83b859fa6
2021-03-15 13:21:47,895 [grpc-default-executor-0] INFO  impl.RoleInfo (RoleInfo.java:shutdownFollowerState(108)) - 2bcf9514-6eaf-4328-a021-870a209d39c4: shutdown 2bcf9514-6eaf-4328-a021-870a209d39c4@group-388B48EC2E2F-FollowerState
2021-03-15 13:21:47,895 [grpc-default-executor-0] INFO  impl.RoleInfo (RoleInfo.java:updateAndGet(130)) - 2bcf9514-6eaf-4328-a021-870a209d39c4: start 2bcf9514-6eaf-4328-a021-870a209d39c4@group-388B48EC2E2F-FollowerState
2021-03-15 13:21:47,895 [c8823aab-1c49-422a-a51c-c7b83b859fa6@group-388B48EC2E2F-LeaderElection26] INFO  grpc.GrpcConfigKeys (ConfUtils.java:logGet(44)) - raft.grpc.server.leader.outstanding.appends.max = 128 (default)
2021-03-15 13:21:47,895 [c8823aab-1c49-422a-a51c-c7b83b859fa6@group-388B48EC2E2F-LeaderElection26] INFO  server.RaftServerConfigKeys (ConfUtils.java:logGet(44)) - raft.server.rpc.request.timeout = 3000ms (default)
2021-03-15 13:21:47,895 [c8823aab-1c49-422a-a51c-c7b83b859fa6@group-388B48EC2E2F-LeaderElection26] INFO  server.RaftServerConfigKeys (ConfUtils.java:logGet(44)) - raft.server.log.appender.install.snapshot.enabled = false (custom)
2021-03-15 13:21:47,896 [c8823aab-1c49-422a-a51c-c7b83b859fa6@group-388B48EC2E2F-LeaderElection26] INFO  impl.RoleInfo (RoleInfo.java:updateAndGet(130)) - c8823aab-1c49-422a-a51c-c7b83b859fa6: start c8823aab-1c49-422a-a51c-c7b83b859fa6@group-388B48EC2E2F-LeaderStateImpl
2021-03-15 13:21:47,897 [c8823aab-1c49-422a-a51c-c7b83b859fa6@group-388B48EC2E2F-LeaderElection26] INFO  segmented.SegmentedRaftLogWorker (SegmentedRaftLogWorker.java:rollLogSegment(397)) - c8823aab-1c49-422a-a51c-c7b83b859fa6@group-388B48EC2E2F-SegmentedRaftLogWorker: Rolling segment log-0_0 to index:0
2021-03-15 13:21:47,898 [c8823aab-1c49-422a-a51c-c7b83b859fa6@group-388B48EC2E2F-SegmentedRaftLogWorker] INFO  segmented.SegmentedRaftLogWorker (SegmentedRaftLogWorker.java:execute(556)) - c8823aab-1c49-422a-a51c-c7b83b859fa6@group-388B48EC2E2F-SegmentedRaftLogWorker: Rolled log segment from /github/workspace/mnt/ozone/hadoop-ozone/integration-test/target/test-dir/MiniOzoneClusterImpl-10170ce6-1bcb-4b6c-85b7-fb1f14fc7e79/datanode-0/data/ratis/71864db7-4d39-4cb4-b48c-388b48ec2e2f/current/log_inprogress_0 to /github/workspace/mnt/ozone/hadoop-ozone/integration-test/target/test-dir/MiniOzoneClusterImpl-10170ce6-1bcb-4b6c-85b7-fb1f14fc7e79/datanode-0/data/ratis/71864db7-4d39-4cb4-b48c-388b48ec2e2f/current/log_0-0
2021-03-15 13:21:47,899 [grpc-default-executor-0] INFO  server.RaftServer$Division (RaftServerImpl.java:requestVote(1057)) - 2bcf9514-6eaf-4328-a021-870a209d39c4@group-388B48EC2E2F replies to ELECTION vote request: c8823aab-1c49-422a-a51c-c7b83b859fa6<-2bcf9514-6eaf-4328-a021-870a209d39c4#0:OK-t4. Peer's state: 2bcf9514-6eaf-4328-a021-870a209d39c4@group-388B48EC2E2F:t4, leader=null, voted=c8823aab-1c49-422a-a51c-c7b83b859fa6, raftlog=2bcf9514-6eaf-4328-a021-870a209d39c4@group-388B48EC2E2F-SegmentedRaftLog:OPENED:c-1,f-1,i0, conf=-1: [29adc670-2c1e-4c6c-9558-1601f864128b|rpc:172.17.0.2:37315|priority:0, 2bcf9514-6eaf-4328-a021-870a209d39c4|rpc:172.17.0.2:43919|priority:0, c8823aab-1c49-422a-a51c-c7b83b859fa6|rpc:172.17.0.2:38877|priority:1], old=null
2021-03-15 13:21:47,900 [Thread-419] INFO  impl.FollowerState (FollowerState.java:run(133)) - 2bcf9514-6eaf-4328-a021-870a209d39c4@group-388B48EC2E2F-FollowerState: change to CANDIDATE, lastRpcElapsedTime:5168945719ns, electionTimeout:5161ms
2021-03-15 13:21:47,900 [Thread-419] INFO  impl.RoleInfo (RoleInfo.java:shutdownFollowerState(108)) - 2bcf9514-6eaf-4328-a021-870a209d39c4: shutdown 2bcf9514-6eaf-4328-a021-870a209d39c4@group-388B48EC2E2F-FollowerState
2021-03-15 13:21:47,900 [c8823aab-1c49-422a-a51c-c7b83b859fa6@group-388B48EC2E2F-SegmentedRaftLogWorker] INFO  segmented.SegmentedRaftLogWorker (SegmentedRaftLogWorker.java:execute(599)) - c8823aab-1c49-422a-a51c-c7b83b859fa6@group-388B48EC2E2F-SegmentedRaftLogWorker: created new log segment /github/workspace/mnt/ozone/hadoop-ozone/integration-test/target/test-dir/MiniOzoneClusterImpl-10170ce6-1bcb-4b6c-85b7-fb1f14fc7e79/datanode-0/data/ratis/71864db7-4d39-4cb4-b48c-388b48ec2e2f/current/log_inprogress_1
2021-03-15 13:21:47,901 [Thread-419] INFO  server.RaftServer$Division (RaftServerImpl.java:setRole(284)) - 2bcf9514-6eaf-4328-a021-870a209d39c4@group-388B48EC2E2F: changes role from  FOLLOWER to CANDIDATE at term 4 for changeToCandidate
2021-03-15 13:21:47,901 [Thread-419] INFO  server.RaftServerConfigKeys (ConfUtils.java:logGet(44)) - raft.server.leaderelection.pre-vote = false (custom)
2021-03-15 13:21:47,901 [Thread-419] INFO  impl.RoleInfo (RoleInfo.java:updateAndGet(130)) - 2bcf9514-6eaf-4328-a021-870a209d39c4: start 2bcf9514-6eaf-4328-a021-870a209d39c4@group-388B48EC2E2F-LeaderElection27
2021-03-15 13:21:47,901 [Thread-460] INFO  impl.FollowerState (FollowerState.java:run(142)) - 2bcf9514-6eaf-4328-a021-870a209d39c4@group-388B48EC2E2F-FollowerState was interrupted: {}
java.lang.InterruptedException: sleep interrupted
	at java.lang.Thread.sleep(Native Method)
	at java.lang.Thread.sleep(Thread.java:340)
	at java.util.concurrent.TimeUnit.sleep(TimeUnit.java:386)
	at org.apache.ratis.util.TimeDuration.sleep(TimeDuration.java:324)
	at org.apache.ratis.util.TimeDuration.sleep(TimeDuration.java:309)
	at org.apache.ratis.server.impl.FollowerState.run(FollowerState.java:117)
2021-03-15 13:21:47,908 [grpc-default-executor-4] INFO  ratis.XceiverServerRatis (XceiverServerRatis.java:handleLeaderChangedNotification(899)) - Leader change notification received for group: group-388B48EC2E2F with new leaderId: c8823aab-1c49-422a-a51c-c7b83b859fa6
2021-03-15 13:21:47,908 [grpc-default-executor-4] INFO  server.RaftServer$Division (ServerState.java:setLeader(271)) - 29adc670-2c1e-4c6c-9558-1601f864128b@group-388B48EC2E2F: change Leader from null to c8823aab-1c49-422a-a51c-c7b83b859fa6 at term 4 for appendEntries, leader elected after 15442ms
2021-03-15 13:21:47,909 [grpc-default-executor-4] INFO  server.RaftServer$Division (RaftServerImpl.java:checkInconsistentAppendEntries(1301)) - 29adc670-2c1e-4c6c-9558-1601f864128b@group-388B48EC2E2F: Failed appendEntries as previous log entry ((t:1, i:0)) is not found
2021-03-15 13:21:47,909 [grpc-default-executor-4] INFO  server.RaftServer$Division (RaftServerImpl.java:checkInconsistentAppendEntries(1267)) - 29adc670-2c1e-4c6c-9558-1601f864128b@group-388B48EC2E2F: inconsistency entries. Reply:c8823aab-1c49-422a-a51c-c7b83b859fa6<-29adc670-2c1e-4c6c-9558-1601f864128b#0:FAIL-t4,INCONSISTENCY,nextIndex=0,followerCommit=-1
2021-03-15 13:21:47,917 [2bcf9514-6eaf-4328-a021-870a209d39c4@group-388B48EC2E2F-LeaderElection27] INFO  impl.LeaderElection (LeaderElection.java:askForVotes(307)) - 2bcf9514-6eaf-4328-a021-870a209d39c4@group-388B48EC2E2F-LeaderElection27 ELECTION round 0: submit vote requests at term 5 for -1: [29adc670-2c1e-4c6c-9558-1601f864128b|rpc:172.17.0.2:37315|priority:0, 2bcf9514-6eaf-4328-a021-870a209d39c4|rpc:172.17.0.2:43919|priority:0, c8823aab-1c49-422a-a51c-c7b83b859fa6|rpc:172.17.0.2:38877|priority:1], old=null
2021-03-15 13:21:47,917 [grpc-default-executor-4] INFO  leader.FollowerInfo (FollowerInfoImpl.java:lambda$new$0(46)) - c8823aab-1c49-422a-a51c-c7b83b859fa6@group-388B48EC2E2F->29adc670-2c1e-4c6c-9558-1601f864128b: nextIndex: updateUnconditionally 1 -> 0
2021-03-15 13:21:47,919 [c8823aab-1c49-422a-a51c-c7b83b859fa6@group-388B48EC2E2F-LeaderElection26] INFO  server.RaftServer$Division (ServerState.java:setRaftConf(373)) - c8823aab-1c49-422a-a51c-c7b83b859fa6@group-388B48EC2E2F: set configuration 1: [29adc670-2c1e-4c6c-9558-1601f864128b|rpc:172.17.0.2:37315|dataStream:|priority:0, 2bcf9514-6eaf-4328-a021-870a209d39c4|rpc:172.17.0.2:43919|dataStream:|priority:0, c8823aab-1c49-422a-a51c-c7b83b859fa6|rpc:172.17.0.2:38877|dataStream:|priority:1], old=null
2021-03-15 13:21:47,920 [grpc-default-executor-4] INFO  server.RaftServer$Division (ServerState.java:setRaftConf(373)) - 29adc670-2c1e-4c6c-9558-1601f864128b@group-388B48EC2E2F: set configuration 0: [29adc670-2c1e-4c6c-9558-1601f864128b|rpc:172.17.0.2:37315|dataStream:|priority:0, 2bcf9514-6eaf-4328-a021-870a209d39c4|rpc:172.17.0.2:43919|dataStream:|priority:0, c8823aab-1c49-422a-a51c-c7b83b859fa6|rpc:172.17.0.2:38877|dataStream:|priority:1], old=null
2021-03-15 13:21:47,925 [grpc-default-executor-4] INFO  segmented.SegmentedRaftLogWorker (SegmentedRaftLogWorker.java:startLogSegment(392)) - 29adc670-2c1e-4c6c-9558-1601f864128b@group-388B48EC2E2F-SegmentedRaftLogWorker: Starting segment from index:0
2021-03-15 13:21:47,925 [grpc-default-executor-0] INFO  server.RaftServer$Division (RaftServerImpl.java:requestVote(1025)) - 29adc670-2c1e-4c6c-9558-1601f864128b@group-388B48EC2E2F: receive requestVote(ELECTION, 2bcf9514-6eaf-4328-a021-870a209d39c4, group-388B48EC2E2F, 5, (t:0, i:0))
2021-03-15 13:21:47,925 [grpc-default-executor-0] INFO  impl.VoteContext (VoteContext.java:log(48)) - 29adc670-2c1e-4c6c-9558-1601f864128b@group-388B48EC2E2F-FOLLOWER: reject ELECTION from 2bcf9514-6eaf-4328-a021-870a209d39c4: our last entry (t:1, i:0) > candidate's last entry (t:0, i:0)
2021-03-15 13:21:47,926 [grpc-default-executor-0] INFO  server.RaftServer$Division (ServerState.java:setLeader(271)) - 29adc670-2c1e-4c6c-9558-1601f864128b@group-388B48EC2E2F: change Leader from c8823aab-1c49-422a-a51c-c7b83b859fa6 to null at term 5 for updateCurrentTerm
2021-03-15 13:21:47,926 [grpc-default-executor-0] INFO  server.RaftServer$Division (RaftServerImpl.java:setRole(284)) - 29adc670-2c1e-4c6c-9558-1601f864128b@group-388B48EC2E2F: changes role from  FOLLOWER to FOLLOWER at term 5 for candidate:2bcf9514-6eaf-4328-a021-870a209d39c4
2021-03-15 13:21:47,926 [grpc-default-executor-0] INFO  impl.RoleInfo (RoleInfo.java:shutdownFollowerState(108)) - 29adc670-2c1e-4c6c-9558-1601f864128b: shutdown 29adc670-2c1e-4c6c-9558-1601f864128b@group-388B48EC2E2F-FollowerState
2021-03-15 13:21:47,926 [grpc-default-executor-0] INFO  impl.RoleInfo (RoleInfo.java:updateAndGet(130)) - 29adc670-2c1e-4c6c-9558-1601f864128b: start 29adc670-2c1e-4c6c-9558-1601f864128b@group-388B48EC2E2F-FollowerState
2021-03-15 13:21:47,926 [Thread-456] INFO  impl.FollowerState (FollowerState.java:run(142)) - 29adc670-2c1e-4c6c-9558-1601f864128b@group-388B48EC2E2F-FollowerState was interrupted: {}
java.lang.InterruptedException: sleep interrupted
	at java.lang.Thread.sleep(Native Method)
	at java.lang.Thread.sleep(Thread.java:340)
	at java.util.concurrent.TimeUnit.sleep(TimeUnit.java:386)
	at org.apache.ratis.util.TimeDuration.sleep(TimeDuration.java:324)
	at org.apache.ratis.util.TimeDuration.sleep(TimeDuration.java:309)
	at org.apache.ratis.server.impl.FollowerState.run(FollowerState.java:117)
2021-03-15 13:21:47,927 [grpc-default-executor-4] INFO  server.RaftServer$Division (RaftServerImpl.java:requestVote(1025)) - c8823aab-1c49-422a-a51c-c7b83b859fa6@group-388B48EC2E2F: receive requestVote(ELECTION, 2bcf9514-6eaf-4328-a021-870a209d39c4, group-388B48EC2E2F, 5, (t:0, i:0))
2021-03-15 13:21:47,927 [grpc-default-executor-4] INFO  impl.VoteContext (VoteContext.java:log(48)) - c8823aab-1c49-422a-a51c-c7b83b859fa6@group-388B48EC2E2F-LEADER: reject ELECTION from 2bcf9514-6eaf-4328-a021-870a209d39c4: our last entry (t:4, i:1) > candidate's last entry (t:0, i:0)
2021-03-15 13:21:47,927 [grpc-default-executor-4] INFO  server.RaftServer$Division (ServerState.java:setLeader(271)) - c8823aab-1c49-422a-a51c-c7b83b859fa6@group-388B48EC2E2F: change Leader from c8823aab-1c49-422a-a51c-c7b83b859fa6 to null at term 5 for updateCurrentTerm
2021-03-15 13:21:47,927 [grpc-default-executor-4] INFO  server.RaftServer$Division (RaftServerImpl.java:setRole(284)) - c8823aab-1c49-422a-a51c-c7b83b859fa6@group-388B48EC2E2F: changes role from    LEADER to FOLLOWER at term 5 for candidate:2bcf9514-6eaf-4328-a021-870a209d39c4
2021-03-15 13:21:47,927 [grpc-default-executor-4] INFO  impl.RoleInfo (RoleInfo.java:shutdownLeaderState(91)) - c8823aab-1c49-422a-a51c-c7b83b859fa6: shutdown c8823aab-1c49-422a-a51c-c7b83b859fa6@group-388B48EC2E2F-LeaderStateImpl
2021-03-15 13:21:47,927 [grpc-default-executor-4] INFO  metrics.RatisMetrics (RatisMetrics.java:unregister(43)) - Unregistering Metrics Registry : ratis_grpc.log_appender.c8823aab-1c49-422a-a51c-c7b83b859fa6@group-388B48EC2E2F
2021-03-15 13:21:47,929 [grpc-default-executor-4] INFO  metrics.RatisMetrics (RatisMetrics.java:unregister(43)) - Unregistering Metrics Registry : ratis_grpc.log_appender.c8823aab-1c49-422a-a51c-c7b83b859fa6@group-388B48EC2E2F
2021-03-15 13:21:47,929 [grpc-default-executor-4] INFO  impl.PendingRequests (PendingRequests.java:sendNotLeaderResponses(249)) - c8823aab-1c49-422a-a51c-c7b83b859fa6@group-388B48EC2E2F-PendingRequests: sendNotLeaderResponses
2021-03-15 13:21:47,930 [grpc-default-executor-4] INFO  metrics.RatisMetrics (RatisMetrics.java:unregister(43)) - Unregistering Metrics Registry : ratis.log_appender.c8823aab-1c49-422a-a51c-c7b83b859fa6@group-388B48EC2E2F
2021-03-15 13:21:47,930 [grpc-default-executor-4] INFO  metrics.RatisMetrics (RatisMetrics.java:unregister(43)) - Unregistering Metrics Registry : ratis.server.c8823aab-1c49-422a-a51c-c7b83b859fa6@group-388B48EC2E2F
2021-03-15 13:21:47,930 [c8823aab-1c49-422a-a51c-c7b83b859fa6@group-388B48EC2E2F->29adc670-2c1e-4c6c-9558-1601f864128b-GrpcLogAppender-LogAppenderDaemon] WARN  server.GrpcLogAppender (GrpcLogAppender.java:mayWait(175)) - c8823aab-1c49-422a-a51c-c7b83b859fa6@group-388B48EC2E2F->29adc670-2c1e-4c6c-9558-1601f864128b-GrpcLogAppender: Wait interrupted by java.lang.InterruptedException
2021-03-15 13:21:47,931 [grpc-default-executor-0] INFO  server.RaftServer$Division (RaftServerImpl.java:requestVote(1057)) - 29adc670-2c1e-4c6c-9558-1601f864128b@group-388B48EC2E2F replies to ELECTION vote request: 2bcf9514-6eaf-4328-a021-870a209d39c4<-29adc670-2c1e-4c6c-9558-1601f864128b#0:FAIL-t5. Peer's state: 29adc670-2c1e-4c6c-9558-1601f864128b@group-388B48EC2E2F:t5, leader=null, voted=null, raftlog=29adc670-2c1e-4c6c-9558-1601f864128b@group-388B48EC2E2F-SegmentedRaftLog:OPENED:c-1,f-1,i0, conf=0: [29adc670-2c1e-4c6c-9558-1601f864128b|rpc:172.17.0.2:37315|dataStream:|priority:0, 2bcf9514-6eaf-4328-a021-870a209d39c4|rpc:172.17.0.2:43919|dataStream:|priority:0, c8823aab-1c49-422a-a51c-c7b83b859fa6|rpc:172.17.0.2:38877|dataStream:|priority:1], old=null
2021-03-15 13:21:47,931 [grpc-default-executor-2] INFO  server.GrpcServerProtocolService (GrpcServerProtocolService.java:onCompleted(138)) - 29adc670-2c1e-4c6c-9558-1601f864128b: Completed APPEND_ENTRIES, lastRequest: c8823aab-1c49-422a-a51c-c7b83b859fa6->29adc670-2c1e-4c6c-9558-1601f864128b#2-t4,previous=(t:1, i:0),leaderCommit=-1,initializing? true,entries: size=1, first=(t:4, i:1), CONFIGURATIONENTRY
2021-03-15 13:21:47,932 [grpc-default-executor-0] INFO  server.GrpcLogAppender (GrpcLogAppender.java:onCompleted(344)) - c8823aab-1c49-422a-a51c-c7b83b859fa6@group-388B48EC2E2F->29adc670-2c1e-4c6c-9558-1601f864128b-AppendLogResponseHandler: follower responses appendEntries COMPLETED
2021-03-15 13:21:47,932 [grpc-default-executor-0] INFO  leader.FollowerInfo (FollowerInfoImpl.java:lambda$new$0(46)) - c8823aab-1c49-422a-a51c-c7b83b859fa6@group-388B48EC2E2F->29adc670-2c1e-4c6c-9558-1601f864128b: nextIndex: updateUnconditionally 2 -> 1
2021-03-15 13:21:47,933 [grpc-default-executor-4] INFO  impl.RoleInfo (RoleInfo.java:updateAndGet(130)) - c8823aab-1c49-422a-a51c-c7b83b859fa6: start c8823aab-1c49-422a-a51c-c7b83b859fa6@group-388B48EC2E2F-FollowerState
2021-03-15 13:21:47,933 [29adc670-2c1e-4c6c-9558-1601f864128b@group-388B48EC2E2F-SegmentedRaftLogWorker] INFO  segmented.SegmentedRaftLogWorker (SegmentedRaftLogWorker.java:execute(599)) - 29adc670-2c1e-4c6c-9558-1601f864128b@group-388B48EC2E2F-SegmentedRaftLogWorker: created new log segment /github/workspace/mnt/ozone/hadoop-ozone/integration-test/target/test-dir/MiniOzoneClusterImpl-10170ce6-1bcb-4b6c-85b7-fb1f14fc7e79/datanode-1/data/ratis/71864db7-4d39-4cb4-b48c-388b48ec2e2f/current/log_inprogress_0
2021-03-15 13:21:47,934 [c8823aab-1c49-422a-a51c-c7b83b859fa6@group-388B48EC2E2F->2bcf9514-6eaf-4328-a021-870a209d39c4-GrpcLogAppender-LogAppenderDaemon] WARN  server.GrpcLogAppender (GrpcLogAppender.java:mayWait(175)) - c8823aab-1c49-422a-a51c-c7b83b859fa6@group-388B48EC2E2F->2bcf9514-6eaf-4328-a021-870a209d39c4-GrpcLogAppender: Wait interrupted by java.lang.InterruptedException
2021-03-15 13:21:47,934 [grpc-default-executor-0] INFO  server.GrpcServerProtocolService (GrpcServerProtocolService.java:onCompleted(138)) - 2bcf9514-6eaf-4328-a021-870a209d39c4: Completed APPEND_ENTRIES, lastRequest: null
2021-03-15 13:21:47,937 [grpc-default-executor-4] INFO  server.RaftServer$Division (RaftServerImpl.java:requestVote(1057)) - c8823aab-1c49-422a-a51c-c7b83b859fa6@group-388B48EC2E2F replies to ELECTION vote request: 2bcf9514-6eaf-4328-a021-870a209d39c4<-c8823aab-1c49-422a-a51c-c7b83b859fa6#0:FAIL-t5. Peer's state: c8823aab-1c49-422a-a51c-c7b83b859fa6@group-388B48EC2E2F:t5, leader=null, voted=null, raftlog=c8823aab-1c49-422a-a51c-c7b83b859fa6@group-388B48EC2E2F-SegmentedRaftLog:OPENED:c-1,f1,i1, conf=1: [29adc670-2c1e-4c6c-9558-1601f864128b|rpc:172.17.0.2:37315|dataStream:|priority:0, 2bcf9514-6eaf-4328-a021-870a209d39c4|rpc:172.17.0.2:43919|dataStream:|priority:0, c8823aab-1c49-422a-a51c-c7b83b859fa6|rpc:172.17.0.2:38877|dataStream:|priority:1], old=null
2021-03-15 13:21:47,938 [grpc-default-executor-3] INFO  server.GrpcLogAppender (GrpcLogAppender.java:onCompleted(344)) - c8823aab-1c49-422a-a51c-c7b83b859fa6@group-388B48EC2E2F->2bcf9514-6eaf-4328-a021-870a209d39c4-AppendLogResponseHandler: follower responses appendEntries COMPLETED
2021-03-15 13:21:47,938 [grpc-default-executor-3] INFO  leader.FollowerInfo (FollowerInfoImpl.java:lambda$new$0(46)) - c8823aab-1c49-422a-a51c-c7b83b859fa6@group-388B48EC2E2F->2bcf9514-6eaf-4328-a021-870a209d39c4: nextIndex: updateUnconditionally 2 -> 1
2021-03-15 13:21:47,941 [2bcf9514-6eaf-4328-a021-870a209d39c4@group-388B48EC2E2F-LeaderElection27] INFO  impl.LeaderElection (LeaderElection.java:logAndReturn(89)) - 2bcf9514-6eaf-4328-a021-870a209d39c4@group-388B48EC2E2F-LeaderElection27: ELECTION REJECTED received 2 response(s) and 0 exception(s):
2021-03-15 13:21:47,941 [2bcf9514-6eaf-4328-a021-870a209d39c4@group-388B48EC2E2F-LeaderElection27] INFO  impl.LeaderElection (LeaderElection.java:logAndReturn(93)) -   Response 0: 2bcf9514-6eaf-4328-a021-870a209d39c4<-29adc670-2c1e-4c6c-9558-1601f864128b#0:FAIL-t5
2021-03-15 13:21:47,941 [2bcf9514-6eaf-4328-a021-870a209d39c4@group-388B48EC2E2F-LeaderElection27] INFO  impl.LeaderElection (LeaderElection.java:logAndReturn(93)) -   Response 1: 2bcf9514-6eaf-4328-a021-870a209d39c4<-c8823aab-1c49-422a-a51c-c7b83b859fa6#0:FAIL-t5
2021-03-15 13:21:47,941 [2bcf9514-6eaf-4328-a021-870a209d39c4@group-388B48EC2E2F-LeaderElection27] INFO  impl.LeaderElection (LeaderElection.java:askForVotes(309)) - 2bcf9514-6eaf-4328-a021-870a209d39c4@group-388B48EC2E2F-LeaderElection27 ELECTION round 0: result REJECTED
2021-03-15 13:21:47,941 [2bcf9514-6eaf-4328-a021-870a209d39c4@group-388B48EC2E2F-LeaderElection27] INFO  server.RaftServer$Division (RaftServerImpl.java:setRole(284)) - 2bcf9514-6eaf-4328-a021-870a209d39c4@group-388B48EC2E2F: changes role from CANDIDATE to FOLLOWER at term 5 for REJECTED
2021-03-15 13:21:47,941 [2bcf9514-6eaf-4328-a021-870a209d39c4@group-388B48EC2E2F-LeaderElection27] INFO  impl.RoleInfo (RoleInfo.java:shutdownLeaderElection(121)) - 2bcf9514-6eaf-4328-a021-870a209d39c4: shutdown 2bcf9514-6eaf-4328-a021-870a209d39c4@group-388B48EC2E2F-LeaderElection27
2021-03-15 13:21:47,941 [2bcf9514-6eaf-4328-a021-870a209d39c4@group-388B48EC2E2F-LeaderElection27] INFO  impl.RoleInfo (RoleInfo.java:updateAndGet(130)) - 2bcf9514-6eaf-4328-a021-870a209d39c4: start 2bcf9514-6eaf-4328-a021-870a209d39c4@group-388B48EC2E2F-FollowerState
2021-03-15 13:21:48,227 [Thread-427] INFO  impl.FollowerState (FollowerState.java:run(133)) - 01124cd4-4ace-459c-9f52-5cd7a41fca7c@group-9EB71483E61B-FollowerState: change to CANDIDATE, lastRpcElapsedTime:5170848043ns, electionTimeout:5161ms
2021-03-15 13:21:48,227 [Thread-427] INFO  impl.RoleInfo (RoleInfo.java:shutdownFollowerState(108)) - 01124cd4-4ace-459c-9f52-5cd7a41fca7c: shutdown 01124cd4-4ace-459c-9f52-5cd7a41fca7c@group-9EB71483E61B-FollowerState
2021-03-15 13:21:48,227 [Thread-427] INFO  server.RaftServer$Division (RaftServerImpl.java:setRole(284)) - 01124cd4-4ace-459c-9f52-5cd7a41fca7c@group-9EB71483E61B: changes role from  FOLLOWER to CANDIDATE at term 2 for changeToCandidate
2021-03-15 13:21:48,227 [Thread-427] INFO  server.RaftServerConfigKeys (ConfUtils.java:logGet(44)) - raft.server.leaderelection.pre-vote = false (custom)
2021-03-15 13:21:48,228 [Thread-427] INFO  impl.RoleInfo (RoleInfo.java:updateAndGet(130)) - 01124cd4-4ace-459c-9f52-5cd7a41fca7c: start 01124cd4-4ace-459c-9f52-5cd7a41fca7c@group-9EB71483E61B-LeaderElection28
2021-03-15 13:21:48,232 [01124cd4-4ace-459c-9f52-5cd7a41fca7c@group-9EB71483E61B-LeaderElection28] INFO  impl.LeaderElection (LeaderElection.java:askForVotes(307)) - 01124cd4-4ace-459c-9f52-5cd7a41fca7c@group-9EB71483E61B-LeaderElection28 ELECTION round 0: submit vote requests at term 3 for -1: [01124cd4-4ace-459c-9f52-5cd7a41fca7c|rpc:172.17.0.2:40903|dataStream:|priority:1, 8f544fba-ae2a-4c10-8316-b74b14cffb80|rpc:172.17.0.2:35899|dataStream:|priority:0, 490c2edb-ef6d-43f1-a3fc-38f1bdb7d380|rpc:172.17.0.2:35411|dataStream:|priority:0], old=null
2021-03-15 13:21:48,237 [grpc-default-executor-3] INFO  server.RaftServer$Division (RaftServerImpl.java:requestVote(1025)) - 490c2edb-ef6d-43f1-a3fc-38f1bdb7d380@group-9EB71483E61B: receive requestVote(ELECTION, 01124cd4-4ace-459c-9f52-5cd7a41fca7c, group-9EB71483E61B, 3, (t:0, i:0))
2021-03-15 13:21:48,237 [grpc-default-executor-3] INFO  impl.VoteContext (VoteContext.java:log(48)) - 490c2edb-ef6d-43f1-a3fc-38f1bdb7d380@group-9EB71483E61B-FOLLOWER: accept ELECTION from 01124cd4-4ace-459c-9f52-5cd7a41fca7c: our priority 0 <= candidate's priority 1
2021-03-15 13:21:48,237 [grpc-default-executor-3] INFO  server.RaftServer$Division (RaftServerImpl.java:setRole(284)) - 490c2edb-ef6d-43f1-a3fc-38f1bdb7d380@group-9EB71483E61B: changes role from  FOLLOWER to FOLLOWER at term 3 for candidate:01124cd4-4ace-459c-9f52-5cd7a41fca7c
2021-03-15 13:21:48,237 [grpc-default-executor-3] INFO  impl.RoleInfo (RoleInfo.java:shutdownFollowerState(108)) - 490c2edb-ef6d-43f1-a3fc-38f1bdb7d380: shutdown 490c2edb-ef6d-43f1-a3fc-38f1bdb7d380@group-9EB71483E61B-FollowerState
2021-03-15 13:21:48,237 [grpc-default-executor-3] INFO  impl.RoleInfo (RoleInfo.java:updateAndGet(130)) - 490c2edb-ef6d-43f1-a3fc-38f1bdb7d380: start 490c2edb-ef6d-43f1-a3fc-38f1bdb7d380@group-9EB71483E61B-FollowerState
2021-03-15 13:21:48,238 [Thread-428] INFO  impl.FollowerState (FollowerState.java:run(142)) - 490c2edb-ef6d-43f1-a3fc-38f1bdb7d380@group-9EB71483E61B-FollowerState was interrupted: {}
java.lang.InterruptedException: sleep interrupted
	at java.lang.Thread.sleep(Native Method)
	at java.lang.Thread.sleep(Thread.java:340)
	at java.util.concurrent.TimeUnit.sleep(TimeUnit.java:386)
	at org.apache.ratis.util.TimeDuration.sleep(TimeDuration.java:324)
	at org.apache.ratis.util.TimeDuration.sleep(TimeDuration.java:309)
	at org.apache.ratis.server.impl.FollowerState.run(FollowerState.java:117)
2021-03-15 13:21:48,240 [grpc-default-executor-4] INFO  server.RaftServer$Division (RaftServerImpl.java:requestVote(1025)) - 8f544fba-ae2a-4c10-8316-b74b14cffb80@group-9EB71483E61B: receive requestVote(ELECTION, 01124cd4-4ace-459c-9f52-5cd7a41fca7c, group-9EB71483E61B, 3, (t:0, i:0))
2021-03-15 13:21:48,240 [grpc-default-executor-4] INFO  impl.VoteContext (VoteContext.java:log(48)) - 8f544fba-ae2a-4c10-8316-b74b14cffb80@group-9EB71483E61B-FOLLOWER: accept ELECTION from 01124cd4-4ace-459c-9f52-5cd7a41fca7c: our priority 0 <= candidate's priority 1
2021-03-15 13:21:48,240 [grpc-default-executor-4] INFO  server.RaftServer$Division (RaftServerImpl.java:setRole(284)) - 8f544fba-ae2a-4c10-8316-b74b14cffb80@group-9EB71483E61B: changes role from  FOLLOWER to FOLLOWER at term 3 for candidate:01124cd4-4ace-459c-9f52-5cd7a41fca7c
2021-03-15 13:21:48,240 [grpc-default-executor-4] INFO  impl.RoleInfo (RoleInfo.java:shutdownFollowerState(108)) - 8f544fba-ae2a-4c10-8316-b74b14cffb80: shutdown 8f544fba-ae2a-4c10-8316-b74b14cffb80@group-9EB71483E61B-FollowerState
2021-03-15 13:21:48,240 [grpc-default-executor-4] INFO  impl.RoleInfo (RoleInfo.java:updateAndGet(130)) - 8f544fba-ae2a-4c10-8316-b74b14cffb80: start 8f544fba-ae2a-4c10-8316-b74b14cffb80@group-9EB71483E61B-FollowerState
2021-03-15 13:21:48,240 [Thread-429] INFO  impl.FollowerState (FollowerState.java:run(142)) - 8f544fba-ae2a-4c10-8316-b74b14cffb80@group-9EB71483E61B-FollowerState was interrupted: {}
java.lang.InterruptedException: sleep interrupted
	at java.lang.Thread.sleep(Native Method)
	at java.lang.Thread.sleep(Thread.java:340)
	at java.util.concurrent.TimeUnit.sleep(TimeUnit.java:386)
	at org.apache.ratis.util.TimeDuration.sleep(TimeDuration.java:324)
	at org.apache.ratis.util.TimeDuration.sleep(TimeDuration.java:309)
	at org.apache.ratis.server.impl.FollowerState.run(FollowerState.java:117)
2021-03-15 13:21:48,241 [grpc-default-executor-3] INFO  server.RaftServer$Division (RaftServerImpl.java:requestVote(1057)) - 490c2edb-ef6d-43f1-a3fc-38f1bdb7d380@group-9EB71483E61B replies to ELECTION vote request: 01124cd4-4ace-459c-9f52-5cd7a41fca7c<-490c2edb-ef6d-43f1-a3fc-38f1bdb7d380#0:OK-t3. Peer's state: 490c2edb-ef6d-43f1-a3fc-38f1bdb7d380@group-9EB71483E61B:t3, leader=null, voted=01124cd4-4ace-459c-9f52-5cd7a41fca7c, raftlog=490c2edb-ef6d-43f1-a3fc-38f1bdb7d380@group-9EB71483E61B-SegmentedRaftLog:OPENED:c-1,f-1,i0, conf=-1: [01124cd4-4ace-459c-9f52-5cd7a41fca7c|rpc:172.17.0.2:40903|priority:1, 8f544fba-ae2a-4c10-8316-b74b14cffb80|rpc:172.17.0.2:35899|priority:0, 490c2edb-ef6d-43f1-a3fc-38f1bdb7d380|rpc:172.17.0.2:35411|priority:0], old=null
2021-03-15 13:21:48,244 [01124cd4-4ace-459c-9f52-5cd7a41fca7c@group-9EB71483E61B-LeaderElection28] INFO  impl.LeaderElection (LeaderElection.java:logAndReturn(89)) - 01124cd4-4ace-459c-9f52-5cd7a41fca7c@group-9EB71483E61B-LeaderElection28: ELECTION PASSED received 1 response(s) and 0 exception(s):
2021-03-15 13:21:48,244 [01124cd4-4ace-459c-9f52-5cd7a41fca7c@group-9EB71483E61B-LeaderElection28] INFO  impl.LeaderElection (LeaderElection.java:logAndReturn(93)) -   Response 0: 01124cd4-4ace-459c-9f52-5cd7a41fca7c<-490c2edb-ef6d-43f1-a3fc-38f1bdb7d380#0:OK-t3
2021-03-15 13:21:48,244 [01124cd4-4ace-459c-9f52-5cd7a41fca7c@group-9EB71483E61B-LeaderElection28] INFO  impl.LeaderElection (LeaderElection.java:askForVotes(309)) - 01124cd4-4ace-459c-9f52-5cd7a41fca7c@group-9EB71483E61B-LeaderElection28 ELECTION round 0: result PASSED
2021-03-15 13:21:48,244 [01124cd4-4ace-459c-9f52-5cd7a41fca7c@group-9EB71483E61B-LeaderElection28] INFO  impl.RoleInfo (RoleInfo.java:shutdownLeaderElection(121)) - 01124cd4-4ace-459c-9f52-5cd7a41fca7c: shutdown 01124cd4-4ace-459c-9f52-5cd7a41fca7c@group-9EB71483E61B-LeaderElection28
2021-03-15 13:21:48,244 [01124cd4-4ace-459c-9f52-5cd7a41fca7c@group-9EB71483E61B-LeaderElection28] INFO  server.RaftServer$Division (RaftServerImpl.java:setRole(284)) - 01124cd4-4ace-459c-9f52-5cd7a41fca7c@group-9EB71483E61B: changes role from CANDIDATE to LEADER at term 3 for changeToLeader
2021-03-15 13:21:48,244 [01124cd4-4ace-459c-9f52-5cd7a41fca7c@group-9EB71483E61B-LeaderElection28] INFO  ratis.XceiverServerRatis (XceiverServerRatis.java:handleLeaderChangedNotification(899)) - Leader change notification received for group: group-9EB71483E61B with new leaderId: 01124cd4-4ace-459c-9f52-5cd7a41fca7c
2021-03-15 13:21:48,245 [01124cd4-4ace-459c-9f52-5cd7a41fca7c@group-9EB71483E61B-LeaderElection28] INFO  server.RaftServer$Division (ServerState.java:setLeader(271)) - 01124cd4-4ace-459c-9f52-5cd7a41fca7c@group-9EB71483E61B: change Leader from null to 01124cd4-4ace-459c-9f52-5cd7a41fca7c at term 3 for becomeLeader, leader elected after 15385ms
2021-03-15 13:21:48,245 [01124cd4-4ace-459c-9f52-5cd7a41fca7c@group-9EB71483E61B-LeaderElection28] INFO  server.RaftServerConfigKeys (ConfUtils.java:logGet(44)) - raft.server.staging.catchup.gap = 1000 (default)
2021-03-15 13:21:48,245 [01124cd4-4ace-459c-9f52-5cd7a41fca7c@group-9EB71483E61B-LeaderElection28] INFO  metrics.RatisMetrics (RatisMetrics.java:lambda$create$0(36)) - Creating Metrics Registry : ratis.log_appender.01124cd4-4ace-459c-9f52-5cd7a41fca7c@group-9EB71483E61B
2021-03-15 13:21:48,245 [01124cd4-4ace-459c-9f52-5cd7a41fca7c@group-9EB71483E61B-LeaderElection28] INFO  server.RaftServerConfigKeys (ConfUtils.java:logGet(44)) - raft.server.write.element-limit = 1024 (custom)
2021-03-15 13:21:48,245 [01124cd4-4ace-459c-9f52-5cd7a41fca7c@group-9EB71483E61B-LeaderElection28] INFO  server.RaftServerConfigKeys (ConfUtils.java:logGet(44)) - raft.server.write.byte-limit = 1073741824 (custom)
2021-03-15 13:21:48,246 [01124cd4-4ace-459c-9f52-5cd7a41fca7c@group-9EB71483E61B-LeaderElection28] INFO  server.RaftServerConfigKeys (ConfUtils.java:logGet(44)) - raft.server.watch.timeout = 3000ms (custom)
2021-03-15 13:21:48,246 [01124cd4-4ace-459c-9f52-5cd7a41fca7c@group-9EB71483E61B-LeaderElection28] INFO  server.RaftServerConfigKeys (ConfUtils.java:logGet(44)) - raft.server.watch.timeout.denomination = 1s (default)
2021-03-15 13:21:48,246 [01124cd4-4ace-459c-9f52-5cd7a41fca7c@group-9EB71483E61B-LeaderElection28] INFO  server.RaftServerConfigKeys (ConfUtils.java:logGet(44)) - raft.server.watch.element-limit = 65536 (default)
2021-03-15 13:21:48,246 [01124cd4-4ace-459c-9f52-5cd7a41fca7c@group-9EB71483E61B-LeaderElection28] INFO  server.RaftServerConfigKeys (ConfUtils.java:logGet(44)) - raft.server.log.appender.snapshot.chunk.size.max = 16MB (=16777216) (default)
2021-03-15 13:21:48,246 [01124cd4-4ace-459c-9f52-5cd7a41fca7c@group-9EB71483E61B-LeaderElection28] INFO  server.RaftServerConfigKeys (ConfUtils.java:logGet(44)) - raft.server.log.appender.buffer.byte-limit = 33554432 (custom)
2021-03-15 13:21:48,246 [01124cd4-4ace-459c-9f52-5cd7a41fca7c@group-9EB71483E61B-LeaderElection28] INFO  server.RaftServerConfigKeys (ConfUtils.java:logGet(44)) - raft.server.log.appender.buffer.element-limit = 1 (custom)
2021-03-15 13:21:48,246 [01124cd4-4ace-459c-9f52-5cd7a41fca7c@group-9EB71483E61B-LeaderElection28] INFO  grpc.GrpcConfigKeys (ConfUtils.java:logGet(44)) - raft.grpc.server.leader.outstanding.appends.max = 128 (default)
2021-03-15 13:21:48,246 [01124cd4-4ace-459c-9f52-5cd7a41fca7c@group-9EB71483E61B-LeaderElection28] INFO  server.RaftServerConfigKeys (ConfUtils.java:logGet(44)) - raft.server.rpc.request.timeout = 3000ms (default)
2021-03-15 13:21:48,246 [01124cd4-4ace-459c-9f52-5cd7a41fca7c@group-9EB71483E61B-LeaderElection28] INFO  server.RaftServerConfigKeys (ConfUtils.java:logGet(44)) - raft.server.log.appender.install.snapshot.enabled = false (custom)
2021-03-15 13:21:48,247 [01124cd4-4ace-459c-9f52-5cd7a41fca7c@group-9EB71483E61B-LeaderElection28] INFO  metrics.RatisMetrics (RatisMetrics.java:lambda$create$0(36)) - Creating Metrics Registry : ratis_grpc.log_appender.01124cd4-4ace-459c-9f52-5cd7a41fca7c@group-9EB71483E61B
2021-03-15 13:21:48,247 [01124cd4-4ace-459c-9f52-5cd7a41fca7c@group-9EB71483E61B-LeaderElection28] INFO  server.RaftServerConfigKeys (ConfUtils.java:logGet(44)) - raft.server.log.appender.snapshot.chunk.size.max = 16MB (=16777216) (default)
2021-03-15 13:21:48,247 [01124cd4-4ace-459c-9f52-5cd7a41fca7c@group-9EB71483E61B-LeaderElection28] INFO  server.RaftServerConfigKeys (ConfUtils.java:logGet(44)) - raft.server.log.appender.buffer.byte-limit = 33554432 (custom)
2021-03-15 13:21:48,248 [01124cd4-4ace-459c-9f52-5cd7a41fca7c@group-9EB71483E61B-LeaderElection28] INFO  server.RaftServerConfigKeys (ConfUtils.java:logGet(44)) - raft.server.log.appender.buffer.element-limit = 1 (custom)
2021-03-15 13:21:48,248 [01124cd4-4ace-459c-9f52-5cd7a41fca7c@group-9EB71483E61B-LeaderElection28] INFO  grpc.GrpcConfigKeys (ConfUtils.java:logGet(44)) - raft.grpc.server.leader.outstanding.appends.max = 128 (default)
2021-03-15 13:21:48,248 [01124cd4-4ace-459c-9f52-5cd7a41fca7c@group-9EB71483E61B-LeaderElection28] INFO  server.RaftServerConfigKeys (ConfUtils.java:logGet(44)) - raft.server.rpc.request.timeout = 3000ms (default)
2021-03-15 13:21:48,248 [01124cd4-4ace-459c-9f52-5cd7a41fca7c@group-9EB71483E61B-LeaderElection28] INFO  server.RaftServerConfigKeys (ConfUtils.java:logGet(44)) - raft.server.log.appender.install.snapshot.enabled = false (custom)
2021-03-15 13:21:48,248 [EventQueue-PipelineReportForPipelineReportHandler] INFO  pipeline.PipelineStateManager (PipelineStateManager.java:openPipeline(132)) - Pipeline Pipeline[ Id: 3131fd0c-3f52-4949-b04d-9eb71483e61b, Nodes: 01124cd4-4ace-459c-9f52-5cd7a41fca7c{ip: 172.17.0.2, host: 287f2862ff4e, ports: [REPLICATION=39869, RATIS=40903, RATIS_ADMIN=40903, RATIS_SERVER=40903, STANDALONE=40093], networkLocation: /default-rack, certSerialId: null, persistedOpState: IN_SERVICE, persistedOpStateExpiryEpochSec: 0}8f544fba-ae2a-4c10-8316-b74b14cffb80{ip: 172.17.0.2, host: 287f2862ff4e, ports: [REPLICATION=41745, RATIS=35899, RATIS_ADMIN=35899, RATIS_SERVER=35899, STANDALONE=36625], networkLocation: /default-rack, certSerialId: null, persistedOpState: IN_SERVICE, persistedOpStateExpiryEpochSec: 0}490c2edb-ef6d-43f1-a3fc-38f1bdb7d380{ip: 172.17.0.2, host: 287f2862ff4e, ports: [REPLICATION=40983, RATIS=35411, RATIS_ADMIN=35411, RATIS_SERVER=35411, STANDALONE=40231], networkLocation: /default-rack, certSerialId: null, persistedOpState: IN_SERVICE, persistedOpStateExpiryEpochSec: 0}, Type:RATIS, Factor:THREE, State:ALLOCATED, leaderId:01124cd4-4ace-459c-9f52-5cd7a41fca7c, CreationTimestamp2021-03-15T13:21:29.850Z] moved to OPEN state
2021-03-15 13:21:48,249 [grpc-default-executor-4] INFO  server.RaftServer$Division (RaftServerImpl.java:requestVote(1057)) - 8f544fba-ae2a-4c10-8316-b74b14cffb80@group-9EB71483E61B replies to ELECTION vote request: 01124cd4-4ace-459c-9f52-5cd7a41fca7c<-8f544fba-ae2a-4c10-8316-b74b14cffb80#0:OK-t3. Peer's state: 8f544fba-ae2a-4c10-8316-b74b14cffb80@group-9EB71483E61B:t3, leader=null, voted=01124cd4-4ace-459c-9f52-5cd7a41fca7c, raftlog=8f544fba-ae2a-4c10-8316-b74b14cffb80@group-9EB71483E61B-SegmentedRaftLog:OPENED:c-1,f-1,i0, conf=-1: [01124cd4-4ace-459c-9f52-5cd7a41fca7c|rpc:172.17.0.2:40903|priority:1, 8f544fba-ae2a-4c10-8316-b74b14cffb80|rpc:172.17.0.2:35899|priority:0, 490c2edb-ef6d-43f1-a3fc-38f1bdb7d380|rpc:172.17.0.2:35411|priority:0], old=null
2021-03-15 13:21:48,253 [01124cd4-4ace-459c-9f52-5cd7a41fca7c@group-9EB71483E61B-LeaderElection28] INFO  impl.RoleInfo (RoleInfo.java:updateAndGet(130)) - 01124cd4-4ace-459c-9f52-5cd7a41fca7c: start 01124cd4-4ace-459c-9f52-5cd7a41fca7c@group-9EB71483E61B-LeaderStateImpl
2021-03-15 13:21:48,254 [01124cd4-4ace-459c-9f52-5cd7a41fca7c@group-9EB71483E61B-LeaderElection28] INFO  segmented.SegmentedRaftLogWorker (SegmentedRaftLogWorker.java:startLogSegment(392)) - 01124cd4-4ace-459c-9f52-5cd7a41fca7c@group-9EB71483E61B-SegmentedRaftLogWorker: Starting segment from index:0
2021-03-15 13:21:48,258 [01124cd4-4ace-459c-9f52-5cd7a41fca7c@group-9EB71483E61B-SegmentedRaftLogWorker] INFO  segmented.SegmentedRaftLogWorker (SegmentedRaftLogWorker.java:execute(599)) - 01124cd4-4ace-459c-9f52-5cd7a41fca7c@group-9EB71483E61B-SegmentedRaftLogWorker: created new log segment /github/workspace/mnt/ozone/hadoop-ozone/integration-test/target/test-dir/MiniOzoneClusterImpl-10170ce6-1bcb-4b6c-85b7-fb1f14fc7e79/datanode-3/data/ratis/3131fd0c-3f52-4949-b04d-9eb71483e61b/current/log_inprogress_0
2021-03-15 13:21:48,260 [grpc-default-executor-4] INFO  ratis.XceiverServerRatis (XceiverServerRatis.java:handleLeaderChangedNotification(899)) - Leader change notification received for group: group-9EB71483E61B with new leaderId: 01124cd4-4ace-459c-9f52-5cd7a41fca7c
2021-03-15 13:21:48,261 [grpc-default-executor-4] INFO  server.RaftServer$Division (ServerState.java:setLeader(271)) - 8f544fba-ae2a-4c10-8316-b74b14cffb80@group-9EB71483E61B: change Leader from null to 01124cd4-4ace-459c-9f52-5cd7a41fca7c at term 3 for appendEntries, leader elected after 15529ms
2021-03-15 13:21:48,266 [01124cd4-4ace-459c-9f52-5cd7a41fca7c@group-9EB71483E61B-LeaderElection28] INFO  server.RaftServer$Division (ServerState.java:setRaftConf(373)) - 01124cd4-4ace-459c-9f52-5cd7a41fca7c@group-9EB71483E61B: set configuration 0: [01124cd4-4ace-459c-9f52-5cd7a41fca7c|rpc:172.17.0.2:40903|dataStream:|priority:1, 8f544fba-ae2a-4c10-8316-b74b14cffb80|rpc:172.17.0.2:35899|dataStream:|priority:0, 490c2edb-ef6d-43f1-a3fc-38f1bdb7d380|rpc:172.17.0.2:35411|dataStream:|priority:0], old=null
2021-03-15 13:21:48,270 [grpc-default-executor-0] INFO  server.RaftServer$Division (ServerState.java:setRaftConf(373)) - 8f544fba-ae2a-4c10-8316-b74b14cffb80@group-9EB71483E61B: set configuration 0: [01124cd4-4ace-459c-9f52-5cd7a41fca7c|rpc:172.17.0.2:40903|dataStream:|priority:1, 8f544fba-ae2a-4c10-8316-b74b14cffb80|rpc:172.17.0.2:35899|dataStream:|priority:0, 490c2edb-ef6d-43f1-a3fc-38f1bdb7d380|rpc:172.17.0.2:35411|dataStream:|priority:0], old=null
2021-03-15 13:21:48,270 [grpc-default-executor-0] INFO  segmented.SegmentedRaftLogWorker (SegmentedRaftLogWorker.java:startLogSegment(392)) - 8f544fba-ae2a-4c10-8316-b74b14cffb80@group-9EB71483E61B-SegmentedRaftLogWorker: Starting segment from index:0
2021-03-15 13:21:48,273 [grpc-default-executor-4] INFO  ratis.XceiverServerRatis (XceiverServerRatis.java:handleLeaderChangedNotification(899)) - Leader change notification received for group: group-9EB71483E61B with new leaderId: 01124cd4-4ace-459c-9f52-5cd7a41fca7c
2021-03-15 13:21:48,273 [grpc-default-executor-4] INFO  server.RaftServer$Division (ServerState.java:setLeader(271)) - 490c2edb-ef6d-43f1-a3fc-38f1bdb7d380@group-9EB71483E61B: change Leader from null to 01124cd4-4ace-459c-9f52-5cd7a41fca7c at term 3 for appendEntries, leader elected after 15251ms
2021-03-15 13:21:48,274 [8f544fba-ae2a-4c10-8316-b74b14cffb80@group-9EB71483E61B-SegmentedRaftLogWorker] INFO  segmented.SegmentedRaftLogWorker (SegmentedRaftLogWorker.java:execute(599)) - 8f544fba-ae2a-4c10-8316-b74b14cffb80@group-9EB71483E61B-SegmentedRaftLogWorker: created new log segment /github/workspace/mnt/ozone/hadoop-ozone/integration-test/target/test-dir/MiniOzoneClusterImpl-10170ce6-1bcb-4b6c-85b7-fb1f14fc7e79/datanode-4/data/ratis/3131fd0c-3f52-4949-b04d-9eb71483e61b/current/log_inprogress_0
2021-03-15 13:21:48,281 [grpc-default-executor-4] INFO  server.RaftServer$Division (ServerState.java:setRaftConf(373)) - 490c2edb-ef6d-43f1-a3fc-38f1bdb7d380@group-9EB71483E61B: set configuration 0: [01124cd4-4ace-459c-9f52-5cd7a41fca7c|rpc:172.17.0.2:40903|dataStream:|priority:1, 8f544fba-ae2a-4c10-8316-b74b14cffb80|rpc:172.17.0.2:35899|dataStream:|priority:0, 490c2edb-ef6d-43f1-a3fc-38f1bdb7d380|rpc:172.17.0.2:35411|dataStream:|priority:0], old=null
2021-03-15 13:21:48,282 [grpc-default-executor-4] INFO  segmented.SegmentedRaftLogWorker (SegmentedRaftLogWorker.java:startLogSegment(392)) - 490c2edb-ef6d-43f1-a3fc-38f1bdb7d380@group-9EB71483E61B-SegmentedRaftLogWorker: Starting segment from index:0
2021-03-15 13:21:48,283 [490c2edb-ef6d-43f1-a3fc-38f1bdb7d380@group-9EB71483E61B-SegmentedRaftLogWorker] INFO  segmented.SegmentedRaftLogWorker (SegmentedRaftLogWorker.java:execute(599)) - 490c2edb-ef6d-43f1-a3fc-38f1bdb7d380@group-9EB71483E61B-SegmentedRaftLogWorker: created new log segment /github/workspace/mnt/ozone/hadoop-ozone/integration-test/target/test-dir/MiniOzoneClusterImpl-10170ce6-1bcb-4b6c-85b7-fb1f14fc7e79/datanode-5/data/ratis/3131fd0c-3f52-4949-b04d-9eb71483e61b/current/log_inprogress_0
2021-03-15 13:21:48,785 [Thread-437] INFO  impl.FollowerState (FollowerState.java:run(133)) - 490c2edb-ef6d-43f1-a3fc-38f1bdb7d380@group-D764FF994818-FollowerState: change to CANDIDATE, lastRpcElapsedTime:5012931680ns, electionTimeout:5012ms
2021-03-15 13:21:48,786 [Thread-437] INFO  impl.RoleInfo (RoleInfo.java:shutdownFollowerState(108)) - 490c2edb-ef6d-43f1-a3fc-38f1bdb7d380: shutdown 490c2edb-ef6d-43f1-a3fc-38f1bdb7d380@group-D764FF994818-FollowerState
2021-03-15 13:21:48,786 [Thread-437] INFO  server.RaftServer$Division (RaftServerImpl.java:setRole(284)) - 490c2edb-ef6d-43f1-a3fc-38f1bdb7d380@group-D764FF994818: changes role from  FOLLOWER to CANDIDATE at term 2 for changeToCandidate
2021-03-15 13:21:48,786 [Thread-437] INFO  server.RaftServerConfigKeys (ConfUtils.java:logGet(44)) - raft.server.leaderelection.pre-vote = false (custom)
2021-03-15 13:21:48,786 [Thread-437] INFO  impl.RoleInfo (RoleInfo.java:updateAndGet(130)) - 490c2edb-ef6d-43f1-a3fc-38f1bdb7d380: start 490c2edb-ef6d-43f1-a3fc-38f1bdb7d380@group-D764FF994818-LeaderElection29
2021-03-15 13:21:48,789 [490c2edb-ef6d-43f1-a3fc-38f1bdb7d380@group-D764FF994818-LeaderElection29] INFO  impl.LeaderElection (LeaderElection.java:askForVotes(307)) - 490c2edb-ef6d-43f1-a3fc-38f1bdb7d380@group-D764FF994818-LeaderElection29 ELECTION round 0: submit vote requests at term 3 for -1: [01124cd4-4ace-459c-9f52-5cd7a41fca7c|rpc:172.17.0.2:40903|dataStream:|priority:0, 8f544fba-ae2a-4c10-8316-b74b14cffb80|rpc:172.17.0.2:35899|dataStream:|priority:1, 490c2edb-ef6d-43f1-a3fc-38f1bdb7d380|rpc:172.17.0.2:35411|dataStream:|priority:0], old=null
2021-03-15 13:21:48,791 [grpc-default-executor-4] INFO  server.RaftServer$Division (RaftServerImpl.java:requestVote(1025)) - 01124cd4-4ace-459c-9f52-5cd7a41fca7c@group-D764FF994818: receive requestVote(ELECTION, 490c2edb-ef6d-43f1-a3fc-38f1bdb7d380, group-D764FF994818, 3, (t:0, i:0))
2021-03-15 13:21:48,791 [grpc-default-executor-4] INFO  impl.VoteContext (VoteContext.java:log(48)) - 01124cd4-4ace-459c-9f52-5cd7a41fca7c@group-D764FF994818-FOLLOWER: accept ELECTION from 490c2edb-ef6d-43f1-a3fc-38f1bdb7d380: our priority 0 <= candidate's priority 0
2021-03-15 13:21:48,791 [grpc-default-executor-4] INFO  server.RaftServer$Division (RaftServerImpl.java:setRole(284)) - 01124cd4-4ace-459c-9f52-5cd7a41fca7c@group-D764FF994818: changes role from  FOLLOWER to FOLLOWER at term 3 for candidate:490c2edb-ef6d-43f1-a3fc-38f1bdb7d380
2021-03-15 13:21:48,792 [grpc-default-executor-4] INFO  impl.RoleInfo (RoleInfo.java:shutdownFollowerState(108)) - 01124cd4-4ace-459c-9f52-5cd7a41fca7c: shutdown 01124cd4-4ace-459c-9f52-5cd7a41fca7c@group-D764FF994818-FollowerState
2021-03-15 13:21:48,792 [grpc-default-executor-4] INFO  impl.RoleInfo (RoleInfo.java:updateAndGet(130)) - 01124cd4-4ace-459c-9f52-5cd7a41fca7c: start 01124cd4-4ace-459c-9f52-5cd7a41fca7c@group-D764FF994818-FollowerState
2021-03-15 13:21:48,792 [Thread-436] INFO  impl.FollowerState (FollowerState.java:run(142)) - 01124cd4-4ace-459c-9f52-5cd7a41fca7c@group-D764FF994818-FollowerState was interrupted: {}
java.lang.InterruptedException: sleep interrupted
	at java.lang.Thread.sleep(Native Method)
	at java.lang.Thread.sleep(Thread.java:340)
	at java.util.concurrent.TimeUnit.sleep(TimeUnit.java:386)
	at org.apache.ratis.util.TimeDuration.sleep(TimeDuration.java:324)
	at org.apache.ratis.util.TimeDuration.sleep(TimeDuration.java:309)
	at org.apache.ratis.server.impl.FollowerState.run(FollowerState.java:117)
2021-03-15 13:21:48,793 [grpc-default-executor-4] INFO  server.RaftServer$Division (RaftServerImpl.java:requestVote(1057)) - 01124cd4-4ace-459c-9f52-5cd7a41fca7c@group-D764FF994818 replies to ELECTION vote request: 490c2edb-ef6d-43f1-a3fc-38f1bdb7d380<-01124cd4-4ace-459c-9f52-5cd7a41fca7c#0:OK-t3. Peer's state: 01124cd4-4ace-459c-9f52-5cd7a41fca7c@group-D764FF994818:t3, leader=null, voted=490c2edb-ef6d-43f1-a3fc-38f1bdb7d380, raftlog=01124cd4-4ace-459c-9f52-5cd7a41fca7c@group-D764FF994818-SegmentedRaftLog:OPENED:c-1,f-1,i0, conf=-1: [01124cd4-4ace-459c-9f52-5cd7a41fca7c|rpc:172.17.0.2:40903|priority:0, 8f544fba-ae2a-4c10-8316-b74b14cffb80|rpc:172.17.0.2:35899|priority:1, 490c2edb-ef6d-43f1-a3fc-38f1bdb7d380|rpc:172.17.0.2:35411|priority:0], old=null
2021-03-15 13:21:48,794 [grpc-default-executor-3] INFO  server.RaftServer$Division (RaftServerImpl.java:requestVote(1025)) - 8f544fba-ae2a-4c10-8316-b74b14cffb80@group-D764FF994818: receive requestVote(ELECTION, 490c2edb-ef6d-43f1-a3fc-38f1bdb7d380, group-D764FF994818, 3, (t:0, i:0))
2021-03-15 13:21:48,794 [grpc-default-executor-3] INFO  impl.VoteContext (VoteContext.java:log(48)) - 8f544fba-ae2a-4c10-8316-b74b14cffb80@group-D764FF994818-FOLLOWER: reject ELECTION from 490c2edb-ef6d-43f1-a3fc-38f1bdb7d380: our priority 1 > candidate's priority 0
2021-03-15 13:21:48,795 [grpc-default-executor-3] INFO  server.RaftServer$Division (RaftServerImpl.java:setRole(284)) - 8f544fba-ae2a-4c10-8316-b74b14cffb80@group-D764FF994818: changes role from  FOLLOWER to FOLLOWER at term 3 for candidate:490c2edb-ef6d-43f1-a3fc-38f1bdb7d380
2021-03-15 13:21:48,795 [grpc-default-executor-3] INFO  impl.RoleInfo (RoleInfo.java:shutdownFollowerState(108)) - 8f544fba-ae2a-4c10-8316-b74b14cffb80: shutdown 8f544fba-ae2a-4c10-8316-b74b14cffb80@group-D764FF994818-FollowerState
2021-03-15 13:21:48,795 [grpc-default-executor-3] INFO  impl.RoleInfo (RoleInfo.java:updateAndGet(130)) - 8f544fba-ae2a-4c10-8316-b74b14cffb80: start 8f544fba-ae2a-4c10-8316-b74b14cffb80@group-D764FF994818-FollowerState
2021-03-15 13:21:48,795 [Thread-438] INFO  impl.FollowerState (FollowerState.java:run(142)) - 8f544fba-ae2a-4c10-8316-b74b14cffb80@group-D764FF994818-FollowerState was interrupted: {}
java.lang.InterruptedException: sleep interrupted
	at java.lang.Thread.sleep(Native Method)
	at java.lang.Thread.sleep(Thread.java:340)
	at java.util.concurrent.TimeUnit.sleep(TimeUnit.java:386)
	at org.apache.ratis.util.TimeDuration.sleep(TimeDuration.java:324)
	at org.apache.ratis.util.TimeDuration.sleep(TimeDuration.java:309)
	at org.apache.ratis.server.impl.FollowerState.run(FollowerState.java:117)
2021-03-15 13:21:48,808 [grpc-default-executor-3] INFO  server.RaftServer$Division (RaftServerImpl.java:requestVote(1057)) - 8f544fba-ae2a-4c10-8316-b74b14cffb80@group-D764FF994818 replies to ELECTION vote request: 490c2edb-ef6d-43f1-a3fc-38f1bdb7d380<-8f544fba-ae2a-4c10-8316-b74b14cffb80#0:FAIL-t3. Peer's state: 8f544fba-ae2a-4c10-8316-b74b14cffb80@group-D764FF994818:t3, leader=null, voted=null, raftlog=8f544fba-ae2a-4c10-8316-b74b14cffb80@group-D764FF994818-SegmentedRaftLog:OPENED:c-1,f-1,i0, conf=-1: [01124cd4-4ace-459c-9f52-5cd7a41fca7c|rpc:172.17.0.2:40903|priority:0, 8f544fba-ae2a-4c10-8316-b74b14cffb80|rpc:172.17.0.2:35899|priority:1, 490c2edb-ef6d-43f1-a3fc-38f1bdb7d380|rpc:172.17.0.2:35411|priority:0], old=null
2021-03-15 13:21:48,810 [490c2edb-ef6d-43f1-a3fc-38f1bdb7d380@group-D764FF994818-LeaderElection29] INFO  impl.LeaderElection (LeaderElection.java:logAndReturn(89)) - 490c2edb-ef6d-43f1-a3fc-38f1bdb7d380@group-D764FF994818-LeaderElection29: ELECTION REJECTED received 2 response(s) and 0 exception(s):
2021-03-15 13:21:48,811 [490c2edb-ef6d-43f1-a3fc-38f1bdb7d380@group-D764FF994818-LeaderElection29] INFO  impl.LeaderElection (LeaderElection.java:logAndReturn(93)) -   Response 0: 490c2edb-ef6d-43f1-a3fc-38f1bdb7d380<-01124cd4-4ace-459c-9f52-5cd7a41fca7c#0:OK-t3
2021-03-15 13:21:48,811 [490c2edb-ef6d-43f1-a3fc-38f1bdb7d380@group-D764FF994818-LeaderElection29] INFO  impl.LeaderElection (LeaderElection.java:logAndReturn(93)) -   Response 1: 490c2edb-ef6d-43f1-a3fc-38f1bdb7d380<-8f544fba-ae2a-4c10-8316-b74b14cffb80#0:FAIL-t3
2021-03-15 13:21:48,811 [490c2edb-ef6d-43f1-a3fc-38f1bdb7d380@group-D764FF994818-LeaderElection29] INFO  impl.LeaderElection (LeaderElection.java:askForVotes(309)) - 490c2edb-ef6d-43f1-a3fc-38f1bdb7d380@group-D764FF994818-LeaderElection29 ELECTION round 0: result REJECTED
2021-03-15 13:21:48,811 [490c2edb-ef6d-43f1-a3fc-38f1bdb7d380@group-D764FF994818-LeaderElection29] INFO  server.RaftServer$Division (RaftServerImpl.java:setRole(284)) - 490c2edb-ef6d-43f1-a3fc-38f1bdb7d380@group-D764FF994818: changes role from CANDIDATE to FOLLOWER at term 3 for REJECTED
2021-03-15 13:21:48,811 [490c2edb-ef6d-43f1-a3fc-38f1bdb7d380@group-D764FF994818-LeaderElection29] INFO  impl.RoleInfo (RoleInfo.java:shutdownLeaderElection(121)) - 490c2edb-ef6d-43f1-a3fc-38f1bdb7d380: shutdown 490c2edb-ef6d-43f1-a3fc-38f1bdb7d380@group-D764FF994818-LeaderElection29
2021-03-15 13:21:48,811 [490c2edb-ef6d-43f1-a3fc-38f1bdb7d380@group-D764FF994818-LeaderElection29] INFO  impl.RoleInfo (RoleInfo.java:updateAndGet(130)) - 490c2edb-ef6d-43f1-a3fc-38f1bdb7d380: start 490c2edb-ef6d-43f1-a3fc-38f1bdb7d380@group-D764FF994818-FollowerState
2021-03-15 13:21:51,790 [Thread-444] INFO  impl.FollowerState (FollowerState.java:run(133)) - 29adc670-2c1e-4c6c-9558-1601f864128b@group-7426FA8FAC29-FollowerState: change to CANDIDATE, lastRpcElapsedTime:5016423186ns, electionTimeout:5014ms
2021-03-15 13:21:51,791 [Thread-444] INFO  impl.RoleInfo (RoleInfo.java:shutdownFollowerState(108)) - 29adc670-2c1e-4c6c-9558-1601f864128b: shutdown 29adc670-2c1e-4c6c-9558-1601f864128b@group-7426FA8FAC29-FollowerState
2021-03-15 13:21:51,791 [Thread-444] INFO  server.RaftServer$Division (RaftServerImpl.java:setRole(284)) - 29adc670-2c1e-4c6c-9558-1601f864128b@group-7426FA8FAC29: changes role from  FOLLOWER to CANDIDATE at term 3 for changeToCandidate
2021-03-15 13:21:51,791 [Thread-444] INFO  server.RaftServerConfigKeys (ConfUtils.java:logGet(44)) - raft.server.leaderelection.pre-vote = false (custom)
2021-03-15 13:21:51,791 [Thread-444] INFO  impl.RoleInfo (RoleInfo.java:updateAndGet(130)) - 29adc670-2c1e-4c6c-9558-1601f864128b: start 29adc670-2c1e-4c6c-9558-1601f864128b@group-7426FA8FAC29-LeaderElection30
2021-03-15 13:21:51,794 [29adc670-2c1e-4c6c-9558-1601f864128b@group-7426FA8FAC29-LeaderElection30] INFO  impl.LeaderElection (LeaderElection.java:askForVotes(307)) - 29adc670-2c1e-4c6c-9558-1601f864128b@group-7426FA8FAC29-LeaderElection30 ELECTION round 0: submit vote requests at term 4 for -1: [29adc670-2c1e-4c6c-9558-1601f864128b|rpc:172.17.0.2:37315|priority:1, 2bcf9514-6eaf-4328-a021-870a209d39c4|rpc:172.17.0.2:43919|priority:0, c8823aab-1c49-422a-a51c-c7b83b859fa6|rpc:172.17.0.2:38877|priority:0], old=null
2021-03-15 13:21:51,796 [grpc-default-executor-3] INFO  server.RaftServer$Division (RaftServerImpl.java:requestVote(1025)) - c8823aab-1c49-422a-a51c-c7b83b859fa6@group-7426FA8FAC29: receive requestVote(ELECTION, 29adc670-2c1e-4c6c-9558-1601f864128b, group-7426FA8FAC29, 4, (t:0, i:0))
2021-03-15 13:21:51,796 [grpc-default-executor-0] INFO  server.RaftServer$Division (RaftServerImpl.java:requestVote(1025)) - 2bcf9514-6eaf-4328-a021-870a209d39c4@group-7426FA8FAC29: receive requestVote(ELECTION, 29adc670-2c1e-4c6c-9558-1601f864128b, group-7426FA8FAC29, 4, (t:0, i:0))
2021-03-15 13:21:51,796 [grpc-default-executor-0] INFO  impl.VoteContext (VoteContext.java:log(48)) - 2bcf9514-6eaf-4328-a021-870a209d39c4@group-7426FA8FAC29-FOLLOWER: accept ELECTION from 29adc670-2c1e-4c6c-9558-1601f864128b: our priority 0 <= candidate's priority 1
2021-03-15 13:21:51,797 [grpc-default-executor-0] INFO  server.RaftServer$Division (RaftServerImpl.java:setRole(284)) - 2bcf9514-6eaf-4328-a021-870a209d39c4@group-7426FA8FAC29: changes role from  FOLLOWER to FOLLOWER at term 4 for candidate:29adc670-2c1e-4c6c-9558-1601f864128b
2021-03-15 13:21:51,797 [grpc-default-executor-0] INFO  impl.RoleInfo (RoleInfo.java:shutdownFollowerState(108)) - 2bcf9514-6eaf-4328-a021-870a209d39c4: shutdown 2bcf9514-6eaf-4328-a021-870a209d39c4@group-7426FA8FAC29-FollowerState
2021-03-15 13:21:51,797 [grpc-default-executor-0] INFO  impl.RoleInfo (RoleInfo.java:updateAndGet(130)) - 2bcf9514-6eaf-4328-a021-870a209d39c4: start 2bcf9514-6eaf-4328-a021-870a209d39c4@group-7426FA8FAC29-FollowerState
2021-03-15 13:21:51,796 [grpc-default-executor-3] INFO  impl.VoteContext (VoteContext.java:log(48)) - c8823aab-1c49-422a-a51c-c7b83b859fa6@group-7426FA8FAC29-FOLLOWER: accept ELECTION from 29adc670-2c1e-4c6c-9558-1601f864128b: our priority 0 <= candidate's priority 1
2021-03-15 13:21:51,797 [grpc-default-executor-3] INFO  server.RaftServer$Division (RaftServerImpl.java:setRole(284)) - c8823aab-1c49-422a-a51c-c7b83b859fa6@group-7426FA8FAC29: changes role from  FOLLOWER to FOLLOWER at term 4 for candidate:29adc670-2c1e-4c6c-9558-1601f864128b
2021-03-15 13:21:51,797 [grpc-default-executor-3] INFO  impl.RoleInfo (RoleInfo.java:shutdownFollowerState(108)) - c8823aab-1c49-422a-a51c-c7b83b859fa6: shutdown c8823aab-1c49-422a-a51c-c7b83b859fa6@group-7426FA8FAC29-FollowerState
2021-03-15 13:21:51,798 [grpc-default-executor-3] INFO  impl.RoleInfo (RoleInfo.java:updateAndGet(130)) - c8823aab-1c49-422a-a51c-c7b83b859fa6: start c8823aab-1c49-422a-a51c-c7b83b859fa6@group-7426FA8FAC29-FollowerState
2021-03-15 13:21:51,798 [Thread-446] INFO  impl.FollowerState (FollowerState.java:run(142)) - c8823aab-1c49-422a-a51c-c7b83b859fa6@group-7426FA8FAC29-FollowerState was interrupted: {}
java.lang.InterruptedException: sleep interrupted
	at java.lang.Thread.sleep(Native Method)
	at java.lang.Thread.sleep(Thread.java:340)
	at java.util.concurrent.TimeUnit.sleep(TimeUnit.java:386)
	at org.apache.ratis.util.TimeDuration.sleep(TimeDuration.java:324)
	at org.apache.ratis.util.TimeDuration.sleep(TimeDuration.java:309)
	at org.apache.ratis.server.impl.FollowerState.run(FollowerState.java:117)
2021-03-15 13:21:51,798 [Thread-445] INFO  impl.FollowerState (FollowerState.java:run(142)) - 2bcf9514-6eaf-4328-a021-870a209d39c4@group-7426FA8FAC29-FollowerState was interrupted: {}
java.lang.InterruptedException: sleep interrupted
	at java.lang.Thread.sleep(Native Method)
	at java.lang.Thread.sleep(Thread.java:340)
	at java.util.concurrent.TimeUnit.sleep(TimeUnit.java:386)
	at org.apache.ratis.util.TimeDuration.sleep(TimeDuration.java:324)
	at org.apache.ratis.util.TimeDuration.sleep(TimeDuration.java:309)
	at org.apache.ratis.server.impl.FollowerState.run(FollowerState.java:117)
2021-03-15 13:21:51,801 [grpc-default-executor-0] INFO  server.RaftServer$Division (RaftServerImpl.java:requestVote(1057)) - 2bcf9514-6eaf-4328-a021-870a209d39c4@group-7426FA8FAC29 replies to ELECTION vote request: 29adc670-2c1e-4c6c-9558-1601f864128b<-2bcf9514-6eaf-4328-a021-870a209d39c4#0:OK-t4. Peer's state: 2bcf9514-6eaf-4328-a021-870a209d39c4@group-7426FA8FAC29:t4, leader=null, voted=29adc670-2c1e-4c6c-9558-1601f864128b, raftlog=2bcf9514-6eaf-4328-a021-870a209d39c4@group-7426FA8FAC29-SegmentedRaftLog:OPENED:c-1,f-1,i0, conf=-1: [29adc670-2c1e-4c6c-9558-1601f864128b|rpc:172.17.0.2:37315|priority:1, 2bcf9514-6eaf-4328-a021-870a209d39c4|rpc:172.17.0.2:43919|priority:0, c8823aab-1c49-422a-a51c-c7b83b859fa6|rpc:172.17.0.2:38877|priority:0], old=null
2021-03-15 13:21:51,802 [29adc670-2c1e-4c6c-9558-1601f864128b@group-7426FA8FAC29-LeaderElection30] INFO  impl.LeaderElection (LeaderElection.java:logAndReturn(89)) - 29adc670-2c1e-4c6c-9558-1601f864128b@group-7426FA8FAC29-LeaderElection30: ELECTION PASSED received 1 response(s) and 0 exception(s):
2021-03-15 13:21:51,802 [29adc670-2c1e-4c6c-9558-1601f864128b@group-7426FA8FAC29-LeaderElection30] INFO  impl.LeaderElection (LeaderElection.java:logAndReturn(93)) -   Response 0: 29adc670-2c1e-4c6c-9558-1601f864128b<-2bcf9514-6eaf-4328-a021-870a209d39c4#0:OK-t4
2021-03-15 13:21:51,802 [29adc670-2c1e-4c6c-9558-1601f864128b@group-7426FA8FAC29-LeaderElection30] INFO  impl.LeaderElection (LeaderElection.java:askForVotes(309)) - 29adc670-2c1e-4c6c-9558-1601f864128b@group-7426FA8FAC29-LeaderElection30 ELECTION round 0: result PASSED
2021-03-15 13:21:51,802 [29adc670-2c1e-4c6c-9558-1601f864128b@group-7426FA8FAC29-LeaderElection30] INFO  impl.RoleInfo (RoleInfo.java:shutdownLeaderElection(121)) - 29adc670-2c1e-4c6c-9558-1601f864128b: shutdown 29adc670-2c1e-4c6c-9558-1601f864128b@group-7426FA8FAC29-LeaderElection30
2021-03-15 13:21:51,802 [grpc-default-executor-3] INFO  server.RaftServer$Division (RaftServerImpl.java:requestVote(1057)) - c8823aab-1c49-422a-a51c-c7b83b859fa6@group-7426FA8FAC29 replies to ELECTION vote request: 29adc670-2c1e-4c6c-9558-1601f864128b<-c8823aab-1c49-422a-a51c-c7b83b859fa6#0:OK-t4. Peer's state: c8823aab-1c49-422a-a51c-c7b83b859fa6@group-7426FA8FAC29:t4, leader=null, voted=29adc670-2c1e-4c6c-9558-1601f864128b, raftlog=c8823aab-1c49-422a-a51c-c7b83b859fa6@group-7426FA8FAC29-SegmentedRaftLog:OPENED:c-1,f-1,i0, conf=-1: [29adc670-2c1e-4c6c-9558-1601f864128b|rpc:172.17.0.2:37315|priority:1, 2bcf9514-6eaf-4328-a021-870a209d39c4|rpc:172.17.0.2:43919|priority:0, c8823aab-1c49-422a-a51c-c7b83b859fa6|rpc:172.17.0.2:38877|priority:0], old=null
2021-03-15 13:21:51,802 [29adc670-2c1e-4c6c-9558-1601f864128b@group-7426FA8FAC29-LeaderElection30] INFO  server.RaftServer$Division (RaftServerImpl.java:setRole(284)) - 29adc670-2c1e-4c6c-9558-1601f864128b@group-7426FA8FAC29: changes role from CANDIDATE to LEADER at term 4 for changeToLeader
2021-03-15 13:21:51,802 [29adc670-2c1e-4c6c-9558-1601f864128b@group-7426FA8FAC29-LeaderElection30] INFO  ratis.XceiverServerRatis (XceiverServerRatis.java:handleLeaderChangedNotification(899)) - Leader change notification received for group: group-7426FA8FAC29 with new leaderId: 29adc670-2c1e-4c6c-9558-1601f864128b
2021-03-15 13:21:51,803 [29adc670-2c1e-4c6c-9558-1601f864128b@group-7426FA8FAC29-LeaderElection30] INFO  server.RaftServer$Division (ServerState.java:setLeader(271)) - 29adc670-2c1e-4c6c-9558-1601f864128b@group-7426FA8FAC29: change Leader from null to 29adc670-2c1e-4c6c-9558-1601f864128b at term 4 for becomeLeader, leader elected after 20005ms
2021-03-15 13:21:51,803 [29adc670-2c1e-4c6c-9558-1601f864128b@group-7426FA8FAC29-LeaderElection30] INFO  server.RaftServerConfigKeys (ConfUtils.java:logGet(44)) - raft.server.staging.catchup.gap = 1000 (default)
2021-03-15 13:21:51,803 [29adc670-2c1e-4c6c-9558-1601f864128b@group-7426FA8FAC29-LeaderElection30] INFO  metrics.RatisMetrics (RatisMetrics.java:lambda$create$0(36)) - Creating Metrics Registry : ratis.log_appender.29adc670-2c1e-4c6c-9558-1601f864128b@group-7426FA8FAC29
2021-03-15 13:21:51,803 [29adc670-2c1e-4c6c-9558-1601f864128b@group-7426FA8FAC29-LeaderElection30] INFO  server.RaftServerConfigKeys (ConfUtils.java:logGet(44)) - raft.server.write.element-limit = 1024 (custom)
2021-03-15 13:21:51,803 [29adc670-2c1e-4c6c-9558-1601f864128b@group-7426FA8FAC29-LeaderElection30] INFO  server.RaftServerConfigKeys (ConfUtils.java:logGet(44)) - raft.server.write.byte-limit = 1073741824 (custom)
2021-03-15 13:21:51,804 [29adc670-2c1e-4c6c-9558-1601f864128b@group-7426FA8FAC29-LeaderElection30] INFO  server.RaftServerConfigKeys (ConfUtils.java:logGet(44)) - raft.server.watch.timeout = 3000ms (custom)
2021-03-15 13:21:51,804 [29adc670-2c1e-4c6c-9558-1601f864128b@group-7426FA8FAC29-LeaderElection30] INFO  server.RaftServerConfigKeys (ConfUtils.java:logGet(44)) - raft.server.watch.timeout.denomination = 1s (default)
2021-03-15 13:21:51,804 [29adc670-2c1e-4c6c-9558-1601f864128b@group-7426FA8FAC29-LeaderElection30] INFO  server.RaftServerConfigKeys (ConfUtils.java:logGet(44)) - raft.server.watch.element-limit = 65536 (default)
2021-03-15 13:21:51,804 [29adc670-2c1e-4c6c-9558-1601f864128b@group-7426FA8FAC29-LeaderElection30] INFO  server.RaftServerConfigKeys (ConfUtils.java:logGet(44)) - raft.server.log.appender.snapshot.chunk.size.max = 16MB (=16777216) (default)
2021-03-15 13:21:51,804 [29adc670-2c1e-4c6c-9558-1601f864128b@group-7426FA8FAC29-LeaderElection30] INFO  server.RaftServerConfigKeys (ConfUtils.java:logGet(44)) - raft.server.log.appender.buffer.byte-limit = 33554432 (custom)
2021-03-15 13:21:51,804 [29adc670-2c1e-4c6c-9558-1601f864128b@group-7426FA8FAC29-LeaderElection30] INFO  server.RaftServerConfigKeys (ConfUtils.java:logGet(44)) - raft.server.log.appender.buffer.element-limit = 1 (custom)
2021-03-15 13:21:51,804 [29adc670-2c1e-4c6c-9558-1601f864128b@group-7426FA8FAC29-LeaderElection30] INFO  grpc.GrpcConfigKeys (ConfUtils.java:logGet(44)) - raft.grpc.server.leader.outstanding.appends.max = 128 (default)
2021-03-15 13:21:51,804 [29adc670-2c1e-4c6c-9558-1601f864128b@group-7426FA8FAC29-LeaderElection30] INFO  server.RaftServerConfigKeys (ConfUtils.java:logGet(44)) - raft.server.rpc.request.timeout = 3000ms (default)
2021-03-15 13:21:51,804 [29adc670-2c1e-4c6c-9558-1601f864128b@group-7426FA8FAC29-LeaderElection30] INFO  server.RaftServerConfigKeys (ConfUtils.java:logGet(44)) - raft.server.log.appender.install.snapshot.enabled = false (custom)
2021-03-15 13:21:51,805 [29adc670-2c1e-4c6c-9558-1601f864128b@group-7426FA8FAC29-LeaderElection30] INFO  metrics.RatisMetrics (RatisMetrics.java:lambda$create$0(36)) - Creating Metrics Registry : ratis_grpc.log_appender.29adc670-2c1e-4c6c-9558-1601f864128b@group-7426FA8FAC29
2021-03-15 13:21:51,810 [29adc670-2c1e-4c6c-9558-1601f864128b@group-7426FA8FAC29-LeaderElection30] INFO  server.RaftServerConfigKeys (ConfUtils.java:logGet(44)) - raft.server.log.appender.snapshot.chunk.size.max = 16MB (=16777216) (default)
2021-03-15 13:21:51,810 [29adc670-2c1e-4c6c-9558-1601f864128b@group-7426FA8FAC29-LeaderElection30] INFO  server.RaftServerConfigKeys (ConfUtils.java:logGet(44)) - raft.server.log.appender.buffer.byte-limit = 33554432 (custom)
2021-03-15 13:21:51,812 [29adc670-2c1e-4c6c-9558-1601f864128b@group-7426FA8FAC29-LeaderElection30] INFO  server.RaftServerConfigKeys (ConfUtils.java:logGet(44)) - raft.server.log.appender.buffer.element-limit = 1 (custom)
2021-03-15 13:21:51,812 [EventQueue-PipelineReportForPipelineReportHandler] INFO  pipeline.PipelineStateManager (PipelineStateManager.java:openPipeline(132)) - Pipeline Pipeline[ Id: ac74313d-67a1-459f-9117-7426fa8fac29, Nodes: c8823aab-1c49-422a-a51c-c7b83b859fa6{ip: 172.17.0.2, host: 287f2862ff4e, ports: [REPLICATION=46731, RATIS=38877, RATIS_ADMIN=38877, RATIS_SERVER=38877, STANDALONE=44487], networkLocation: /default-rack, certSerialId: null, persistedOpState: IN_SERVICE, persistedOpStateExpiryEpochSec: 0}29adc670-2c1e-4c6c-9558-1601f864128b{ip: 172.17.0.2, host: 287f2862ff4e, ports: [REPLICATION=36101, RATIS=37315, RATIS_ADMIN=37315, RATIS_SERVER=37315, STANDALONE=46417], networkLocation: /default-rack, certSerialId: null, persistedOpState: IN_SERVICE, persistedOpStateExpiryEpochSec: 0}2bcf9514-6eaf-4328-a021-870a209d39c4{ip: 172.17.0.2, host: 287f2862ff4e, ports: [REPLICATION=39657, RATIS=43919, RATIS_ADMIN=43919, RATIS_SERVER=43919, STANDALONE=43389], networkLocation: /default-rack, certSerialId: null, persistedOpState: IN_SERVICE, persistedOpStateExpiryEpochSec: 0}, Type:RATIS, Factor:THREE, State:ALLOCATED, leaderId:29adc670-2c1e-4c6c-9558-1601f864128b, CreationTimestamp2021-03-15T13:21:29.093Z] moved to OPEN state
2021-03-15 13:21:51,813 [29adc670-2c1e-4c6c-9558-1601f864128b@group-7426FA8FAC29-LeaderElection30] INFO  grpc.GrpcConfigKeys (ConfUtils.java:logGet(44)) - raft.grpc.server.leader.outstanding.appends.max = 128 (default)
2021-03-15 13:21:51,813 [29adc670-2c1e-4c6c-9558-1601f864128b@group-7426FA8FAC29-LeaderElection30] INFO  server.RaftServerConfigKeys (ConfUtils.java:logGet(44)) - raft.server.rpc.request.timeout = 3000ms (default)
2021-03-15 13:21:51,813 [29adc670-2c1e-4c6c-9558-1601f864128b@group-7426FA8FAC29-LeaderElection30] INFO  server.RaftServerConfigKeys (ConfUtils.java:logGet(44)) - raft.server.log.appender.install.snapshot.enabled = false (custom)
2021-03-15 13:21:51,815 [29adc670-2c1e-4c6c-9558-1601f864128b@group-7426FA8FAC29-LeaderElection30] INFO  impl.RoleInfo (RoleInfo.java:updateAndGet(130)) - 29adc670-2c1e-4c6c-9558-1601f864128b: start 29adc670-2c1e-4c6c-9558-1601f864128b@group-7426FA8FAC29-LeaderStateImpl
2021-03-15 13:21:51,816 [29adc670-2c1e-4c6c-9558-1601f864128b@group-7426FA8FAC29-LeaderElection30] INFO  segmented.SegmentedRaftLogWorker (SegmentedRaftLogWorker.java:startLogSegment(392)) - 29adc670-2c1e-4c6c-9558-1601f864128b@group-7426FA8FAC29-SegmentedRaftLogWorker: Starting segment from index:0
2021-03-15 13:21:51,817 [29adc670-2c1e-4c6c-9558-1601f864128b@group-7426FA8FAC29-SegmentedRaftLogWorker] INFO  segmented.SegmentedRaftLogWorker (SegmentedRaftLogWorker.java:execute(599)) - 29adc670-2c1e-4c6c-9558-1601f864128b@group-7426FA8FAC29-SegmentedRaftLogWorker: created new log segment /github/workspace/mnt/ozone/hadoop-ozone/integration-test/target/test-dir/MiniOzoneClusterImpl-10170ce6-1bcb-4b6c-85b7-fb1f14fc7e79/datanode-1/data/ratis/ac74313d-67a1-459f-9117-7426fa8fac29/current/log_inprogress_0
2021-03-15 13:21:51,824 [grpc-default-executor-3] INFO  ratis.XceiverServerRatis (XceiverServerRatis.java:handleLeaderChangedNotification(899)) - Leader change notification received for group: group-7426FA8FAC29 with new leaderId: 29adc670-2c1e-4c6c-9558-1601f864128b
2021-03-15 13:21:51,825 [grpc-default-executor-3] INFO  server.RaftServer$Division (ServerState.java:setLeader(271)) - 2bcf9514-6eaf-4328-a021-870a209d39c4@group-7426FA8FAC29: change Leader from null to 29adc670-2c1e-4c6c-9558-1601f864128b at term 4 for appendEntries, leader elected after 19559ms
2021-03-15 13:21:51,829 [grpc-default-executor-4] INFO  ratis.XceiverServerRatis (XceiverServerRatis.java:handleLeaderChangedNotification(899)) - Leader change notification received for group: group-7426FA8FAC29 with new leaderId: 29adc670-2c1e-4c6c-9558-1601f864128b
2021-03-15 13:21:51,829 [grpc-default-executor-4] INFO  server.RaftServer$Division (ServerState.java:setLeader(271)) - c8823aab-1c49-422a-a51c-c7b83b859fa6@group-7426FA8FAC29: change Leader from null to 29adc670-2c1e-4c6c-9558-1601f864128b at term 4 for appendEntries, leader elected after 20273ms
2021-03-15 13:21:51,836 [29adc670-2c1e-4c6c-9558-1601f864128b@group-7426FA8FAC29-LeaderElection30] INFO  server.RaftServer$Division (ServerState.java:setRaftConf(373)) - 29adc670-2c1e-4c6c-9558-1601f864128b@group-7426FA8FAC29: set configuration 0: [29adc670-2c1e-4c6c-9558-1601f864128b|rpc:172.17.0.2:37315|dataStream:|priority:1, 2bcf9514-6eaf-4328-a021-870a209d39c4|rpc:172.17.0.2:43919|dataStream:|priority:0, c8823aab-1c49-422a-a51c-c7b83b859fa6|rpc:172.17.0.2:38877|dataStream:|priority:0], old=null
2021-03-15 13:21:51,836 [grpc-default-executor-3] INFO  server.RaftServer$Division (ServerState.java:setRaftConf(373)) - 2bcf9514-6eaf-4328-a021-870a209d39c4@group-7426FA8FAC29: set configuration 0: [29adc670-2c1e-4c6c-9558-1601f864128b|rpc:172.17.0.2:37315|dataStream:|priority:1, 2bcf9514-6eaf-4328-a021-870a209d39c4|rpc:172.17.0.2:43919|dataStream:|priority:0, c8823aab-1c49-422a-a51c-c7b83b859fa6|rpc:172.17.0.2:38877|dataStream:|priority:0], old=null
2021-03-15 13:21:51,837 [grpc-default-executor-3] INFO  segmented.SegmentedRaftLogWorker (SegmentedRaftLogWorker.java:startLogSegment(392)) - 2bcf9514-6eaf-4328-a021-870a209d39c4@group-7426FA8FAC29-SegmentedRaftLogWorker: Starting segment from index:0
2021-03-15 13:21:51,839 [2bcf9514-6eaf-4328-a021-870a209d39c4@group-7426FA8FAC29-SegmentedRaftLogWorker] INFO  segmented.SegmentedRaftLogWorker (SegmentedRaftLogWorker.java:execute(599)) - 2bcf9514-6eaf-4328-a021-870a209d39c4@group-7426FA8FAC29-SegmentedRaftLogWorker: created new log segment /github/workspace/mnt/ozone/hadoop-ozone/integration-test/target/test-dir/MiniOzoneClusterImpl-10170ce6-1bcb-4b6c-85b7-fb1f14fc7e79/datanode-2/data/ratis/ac74313d-67a1-459f-9117-7426fa8fac29/current/log_inprogress_0
2021-03-15 13:21:51,847 [grpc-default-executor-3] INFO  server.RaftServer$Division (ServerState.java:setRaftConf(373)) - c8823aab-1c49-422a-a51c-c7b83b859fa6@group-7426FA8FAC29: set configuration 0: [29adc670-2c1e-4c6c-9558-1601f864128b|rpc:172.17.0.2:37315|dataStream:|priority:1, 2bcf9514-6eaf-4328-a021-870a209d39c4|rpc:172.17.0.2:43919|dataStream:|priority:0, c8823aab-1c49-422a-a51c-c7b83b859fa6|rpc:172.17.0.2:38877|dataStream:|priority:0], old=null
2021-03-15 13:21:51,847 [grpc-default-executor-3] INFO  segmented.SegmentedRaftLogWorker (SegmentedRaftLogWorker.java:startLogSegment(392)) - c8823aab-1c49-422a-a51c-c7b83b859fa6@group-7426FA8FAC29-SegmentedRaftLogWorker: Starting segment from index:0
2021-03-15 13:21:51,852 [c8823aab-1c49-422a-a51c-c7b83b859fa6@group-7426FA8FAC29-SegmentedRaftLogWorker] INFO  segmented.SegmentedRaftLogWorker (SegmentedRaftLogWorker.java:execute(599)) - c8823aab-1c49-422a-a51c-c7b83b859fa6@group-7426FA8FAC29-SegmentedRaftLogWorker: created new log segment /github/workspace/mnt/ozone/hadoop-ozone/integration-test/target/test-dir/MiniOzoneClusterImpl-10170ce6-1bcb-4b6c-85b7-fb1f14fc7e79/datanode-0/data/ratis/ac74313d-67a1-459f-9117-7426fa8fac29/current/log_inprogress_0
2021-03-15 13:21:52,798 [Thread-452] INFO  impl.FollowerState (FollowerState.java:run(133)) - 01124cd4-4ace-459c-9f52-5cd7a41fca7c@group-E860D21F6A2B-FollowerState: change to CANDIDATE, lastRpcElapsedTime:5037481498ns, electionTimeout:5037ms
2021-03-15 13:21:52,798 [Thread-452] INFO  impl.RoleInfo (RoleInfo.java:shutdownFollowerState(108)) - 01124cd4-4ace-459c-9f52-5cd7a41fca7c: shutdown 01124cd4-4ace-459c-9f52-5cd7a41fca7c@group-E860D21F6A2B-FollowerState
2021-03-15 13:21:52,798 [Thread-452] INFO  server.RaftServer$Division (RaftServerImpl.java:setRole(284)) - 01124cd4-4ace-459c-9f52-5cd7a41fca7c@group-E860D21F6A2B: changes role from  FOLLOWER to CANDIDATE at term 4 for changeToCandidate
2021-03-15 13:21:52,798 [Thread-452] INFO  server.RaftServerConfigKeys (ConfUtils.java:logGet(44)) - raft.server.leaderelection.pre-vote = false (custom)
2021-03-15 13:21:52,798 [Thread-452] INFO  impl.RoleInfo (RoleInfo.java:updateAndGet(130)) - 01124cd4-4ace-459c-9f52-5cd7a41fca7c: start 01124cd4-4ace-459c-9f52-5cd7a41fca7c@group-E860D21F6A2B-LeaderElection31
2021-03-15 13:21:52,801 [01124cd4-4ace-459c-9f52-5cd7a41fca7c@group-E860D21F6A2B-LeaderElection31] INFO  impl.LeaderElection (LeaderElection.java:askForVotes(307)) - 01124cd4-4ace-459c-9f52-5cd7a41fca7c@group-E860D21F6A2B-LeaderElection31 ELECTION round 0: submit vote requests at term 5 for -1: [01124cd4-4ace-459c-9f52-5cd7a41fca7c|rpc:172.17.0.2:40903|priority:0, 8f544fba-ae2a-4c10-8316-b74b14cffb80|rpc:172.17.0.2:35899|priority:0, 490c2edb-ef6d-43f1-a3fc-38f1bdb7d380|rpc:172.17.0.2:35411|priority:1], old=null
2021-03-15 13:21:52,804 [grpc-default-executor-0] INFO  server.RaftServer$Division (RaftServerImpl.java:requestVote(1025)) - 490c2edb-ef6d-43f1-a3fc-38f1bdb7d380@group-E860D21F6A2B: receive requestVote(ELECTION, 01124cd4-4ace-459c-9f52-5cd7a41fca7c, group-E860D21F6A2B, 5, (t:0, i:0))
2021-03-15 13:21:52,805 [grpc-default-executor-0] INFO  impl.VoteContext (VoteContext.java:log(48)) - 490c2edb-ef6d-43f1-a3fc-38f1bdb7d380@group-E860D21F6A2B-FOLLOWER: reject ELECTION from 01124cd4-4ace-459c-9f52-5cd7a41fca7c: our last entry (t:2, i:0) > candidate's last entry (t:0, i:0)
2021-03-15 13:21:52,805 [grpc-default-executor-0] INFO  server.RaftServer$Division (RaftServerImpl.java:setRole(284)) - 490c2edb-ef6d-43f1-a3fc-38f1bdb7d380@group-E860D21F6A2B: changes role from  FOLLOWER to FOLLOWER at term 5 for candidate:01124cd4-4ace-459c-9f52-5cd7a41fca7c
2021-03-15 13:21:52,805 [grpc-default-executor-0] INFO  impl.RoleInfo (RoleInfo.java:shutdownFollowerState(108)) - 490c2edb-ef6d-43f1-a3fc-38f1bdb7d380: shutdown 490c2edb-ef6d-43f1-a3fc-38f1bdb7d380@group-E860D21F6A2B-FollowerState
2021-03-15 13:21:52,805 [grpc-default-executor-0] INFO  impl.RoleInfo (RoleInfo.java:updateAndGet(130)) - 490c2edb-ef6d-43f1-a3fc-38f1bdb7d380: start 490c2edb-ef6d-43f1-a3fc-38f1bdb7d380@group-E860D21F6A2B-FollowerState
2021-03-15 13:21:52,805 [Thread-451] INFO  impl.FollowerState (FollowerState.java:run(142)) - 490c2edb-ef6d-43f1-a3fc-38f1bdb7d380@group-E860D21F6A2B-FollowerState was interrupted: {}
java.lang.InterruptedException: sleep interrupted
	at java.lang.Thread.sleep(Native Method)
	at java.lang.Thread.sleep(Thread.java:340)
	at java.util.concurrent.TimeUnit.sleep(TimeUnit.java:386)
	at org.apache.ratis.util.TimeDuration.sleep(TimeDuration.java:324)
	at org.apache.ratis.util.TimeDuration.sleep(TimeDuration.java:309)
	at org.apache.ratis.server.impl.FollowerState.run(FollowerState.java:117)
2021-03-15 13:21:52,807 [grpc-default-executor-3] INFO  server.RaftServer$Division (RaftServerImpl.java:requestVote(1025)) - 8f544fba-ae2a-4c10-8316-b74b14cffb80@group-E860D21F6A2B: receive requestVote(ELECTION, 01124cd4-4ace-459c-9f52-5cd7a41fca7c, group-E860D21F6A2B, 5, (t:0, i:0))
2021-03-15 13:21:52,807 [grpc-default-executor-3] INFO  impl.VoteContext (VoteContext.java:log(48)) - 8f544fba-ae2a-4c10-8316-b74b14cffb80@group-E860D21F6A2B-FOLLOWER: accept ELECTION from 01124cd4-4ace-459c-9f52-5cd7a41fca7c: our priority 0 <= candidate's priority 0
2021-03-15 13:21:52,807 [grpc-default-executor-3] INFO  server.RaftServer$Division (RaftServerImpl.java:setRole(284)) - 8f544fba-ae2a-4c10-8316-b74b14cffb80@group-E860D21F6A2B: changes role from  FOLLOWER to FOLLOWER at term 5 for candidate:01124cd4-4ace-459c-9f52-5cd7a41fca7c
2021-03-15 13:21:52,807 [grpc-default-executor-3] INFO  impl.RoleInfo (RoleInfo.java:shutdownFollowerState(108)) - 8f544fba-ae2a-4c10-8316-b74b14cffb80: shutdown 8f544fba-ae2a-4c10-8316-b74b14cffb80@group-E860D21F6A2B-FollowerState
2021-03-15 13:21:52,807 [grpc-default-executor-3] INFO  impl.RoleInfo (RoleInfo.java:updateAndGet(130)) - 8f544fba-ae2a-4c10-8316-b74b14cffb80: start 8f544fba-ae2a-4c10-8316-b74b14cffb80@group-E860D21F6A2B-FollowerState
2021-03-15 13:21:52,807 [Thread-450] INFO  impl.FollowerState (FollowerState.java:run(142)) - 8f544fba-ae2a-4c10-8316-b74b14cffb80@group-E860D21F6A2B-FollowerState was interrupted: {}
java.lang.InterruptedException: sleep interrupted
	at java.lang.Thread.sleep(Native Method)
	at java.lang.Thread.sleep(Thread.java:340)
	at java.util.concurrent.TimeUnit.sleep(TimeUnit.java:386)
	at org.apache.ratis.util.TimeDuration.sleep(TimeDuration.java:324)
	at org.apache.ratis.util.TimeDuration.sleep(TimeDuration.java:309)
	at org.apache.ratis.server.impl.FollowerState.run(FollowerState.java:117)
2021-03-15 13:21:52,809 [grpc-default-executor-3] INFO  server.RaftServer$Division (RaftServerImpl.java:requestVote(1057)) - 8f544fba-ae2a-4c10-8316-b74b14cffb80@group-E860D21F6A2B replies to ELECTION vote request: 01124cd4-4ace-459c-9f52-5cd7a41fca7c<-8f544fba-ae2a-4c10-8316-b74b14cffb80#0:OK-t5. Peer's state: 8f544fba-ae2a-4c10-8316-b74b14cffb80@group-E860D21F6A2B:t5, leader=null, voted=01124cd4-4ace-459c-9f52-5cd7a41fca7c, raftlog=8f544fba-ae2a-4c10-8316-b74b14cffb80@group-E860D21F6A2B-SegmentedRaftLog:OPENED:c-1,f-1,i0, conf=-1: [01124cd4-4ace-459c-9f52-5cd7a41fca7c|rpc:172.17.0.2:40903|dataStream:|priority:0, 8f544fba-ae2a-4c10-8316-b74b14cffb80|rpc:172.17.0.2:35899|dataStream:|priority:0, 490c2edb-ef6d-43f1-a3fc-38f1bdb7d380|rpc:172.17.0.2:35411|dataStream:|priority:1], old=null
2021-03-15 13:21:52,809 [grpc-default-executor-0] INFO  server.RaftServer$Division (RaftServerImpl.java:requestVote(1057)) - 490c2edb-ef6d-43f1-a3fc-38f1bdb7d380@group-E860D21F6A2B replies to ELECTION vote request: 01124cd4-4ace-459c-9f52-5cd7a41fca7c<-490c2edb-ef6d-43f1-a3fc-38f1bdb7d380#0:FAIL-t5. Peer's state: 490c2edb-ef6d-43f1-a3fc-38f1bdb7d380@group-E860D21F6A2B:t5, leader=null, voted=null, raftlog=490c2edb-ef6d-43f1-a3fc-38f1bdb7d380@group-E860D21F6A2B-SegmentedRaftLog:OPENED:c0,f0,i0, conf=0: [01124cd4-4ace-459c-9f52-5cd7a41fca7c|rpc:172.17.0.2:40903|dataStream:|priority:0, 8f544fba-ae2a-4c10-8316-b74b14cffb80|rpc:172.17.0.2:35899|dataStream:|priority:0, 490c2edb-ef6d-43f1-a3fc-38f1bdb7d380|rpc:172.17.0.2:35411|dataStream:|priority:1], old=null
2021-03-15 13:21:52,813 [01124cd4-4ace-459c-9f52-5cd7a41fca7c@group-E860D21F6A2B-LeaderElection31] INFO  impl.LeaderElection (LeaderElection.java:logAndReturn(89)) - 01124cd4-4ace-459c-9f52-5cd7a41fca7c@group-E860D21F6A2B-LeaderElection31: ELECTION REJECTED received 2 response(s) and 0 exception(s):
2021-03-15 13:21:52,813 [01124cd4-4ace-459c-9f52-5cd7a41fca7c@group-E860D21F6A2B-LeaderElection31] INFO  impl.LeaderElection (LeaderElection.java:logAndReturn(93)) -   Response 0: 01124cd4-4ace-459c-9f52-5cd7a41fca7c<-8f544fba-ae2a-4c10-8316-b74b14cffb80#0:OK-t5
2021-03-15 13:21:52,813 [01124cd4-4ace-459c-9f52-5cd7a41fca7c@group-E860D21F6A2B-LeaderElection31] INFO  impl.LeaderElection (LeaderElection.java:logAndReturn(93)) -   Response 1: 01124cd4-4ace-459c-9f52-5cd7a41fca7c<-490c2edb-ef6d-43f1-a3fc-38f1bdb7d380#0:FAIL-t5
2021-03-15 13:21:52,813 [01124cd4-4ace-459c-9f52-5cd7a41fca7c@group-E860D21F6A2B-LeaderElection31] INFO  impl.LeaderElection (LeaderElection.java:askForVotes(309)) - 01124cd4-4ace-459c-9f52-5cd7a41fca7c@group-E860D21F6A2B-LeaderElection31 ELECTION round 0: result REJECTED
2021-03-15 13:21:52,813 [01124cd4-4ace-459c-9f52-5cd7a41fca7c@group-E860D21F6A2B-LeaderElection31] INFO  server.RaftServer$Division (RaftServerImpl.java:setRole(284)) - 01124cd4-4ace-459c-9f52-5cd7a41fca7c@group-E860D21F6A2B: changes role from CANDIDATE to FOLLOWER at term 5 for REJECTED
2021-03-15 13:21:52,813 [01124cd4-4ace-459c-9f52-5cd7a41fca7c@group-E860D21F6A2B-LeaderElection31] INFO  impl.RoleInfo (RoleInfo.java:shutdownLeaderElection(121)) - 01124cd4-4ace-459c-9f52-5cd7a41fca7c: shutdown 01124cd4-4ace-459c-9f52-5cd7a41fca7c@group-E860D21F6A2B-LeaderElection31
2021-03-15 13:21:52,814 [01124cd4-4ace-459c-9f52-5cd7a41fca7c@group-E860D21F6A2B-LeaderElection31] INFO  impl.RoleInfo (RoleInfo.java:updateAndGet(130)) - 01124cd4-4ace-459c-9f52-5cd7a41fca7c: start 01124cd4-4ace-459c-9f52-5cd7a41fca7c@group-E860D21F6A2B-FollowerState
2021-03-15 13:21:53,012 [Thread-464] INFO  impl.FollowerState (FollowerState.java:run(133)) - 29adc670-2c1e-4c6c-9558-1601f864128b@group-388B48EC2E2F-FollowerState: change to CANDIDATE, lastRpcElapsedTime:5086083950ns, electionTimeout:5084ms
2021-03-15 13:21:53,012 [Thread-464] INFO  impl.RoleInfo (RoleInfo.java:shutdownFollowerState(108)) - 29adc670-2c1e-4c6c-9558-1601f864128b: shutdown 29adc670-2c1e-4c6c-9558-1601f864128b@group-388B48EC2E2F-FollowerState
2021-03-15 13:21:53,012 [Thread-464] INFO  server.RaftServer$Division (RaftServerImpl.java:setRole(284)) - 29adc670-2c1e-4c6c-9558-1601f864128b@group-388B48EC2E2F: changes role from  FOLLOWER to CANDIDATE at term 5 for changeToCandidate
2021-03-15 13:21:53,012 [Thread-464] INFO  server.RaftServerConfigKeys (ConfUtils.java:logGet(44)) - raft.server.leaderelection.pre-vote = false (custom)
2021-03-15 13:21:53,012 [Thread-464] INFO  impl.RoleInfo (RoleInfo.java:updateAndGet(130)) - 29adc670-2c1e-4c6c-9558-1601f864128b: start 29adc670-2c1e-4c6c-9558-1601f864128b@group-388B48EC2E2F-LeaderElection32
2021-03-15 13:21:53,014 [29adc670-2c1e-4c6c-9558-1601f864128b@group-388B48EC2E2F-LeaderElection32] INFO  impl.LeaderElection (LeaderElection.java:askForVotes(307)) - 29adc670-2c1e-4c6c-9558-1601f864128b@group-388B48EC2E2F-LeaderElection32 ELECTION round 0: submit vote requests at term 6 for 0: [29adc670-2c1e-4c6c-9558-1601f864128b|rpc:172.17.0.2:37315|dataStream:|priority:0, 2bcf9514-6eaf-4328-a021-870a209d39c4|rpc:172.17.0.2:43919|dataStream:|priority:0, c8823aab-1c49-422a-a51c-c7b83b859fa6|rpc:172.17.0.2:38877|dataStream:|priority:1], old=null
2021-03-15 13:21:53,017 [grpc-default-executor-0] INFO  server.RaftServer$Division (RaftServerImpl.java:requestVote(1025)) - c8823aab-1c49-422a-a51c-c7b83b859fa6@group-388B48EC2E2F: receive requestVote(ELECTION, 29adc670-2c1e-4c6c-9558-1601f864128b, group-388B48EC2E2F, 6, (t:1, i:0))
2021-03-15 13:21:53,018 [grpc-default-executor-0] INFO  impl.VoteContext (VoteContext.java:log(48)) - c8823aab-1c49-422a-a51c-c7b83b859fa6@group-388B48EC2E2F-FOLLOWER: reject ELECTION from 29adc670-2c1e-4c6c-9558-1601f864128b: our last entry (t:4, i:1) > candidate's last entry (t:1, i:0)
2021-03-15 13:21:53,018 [grpc-default-executor-0] INFO  server.RaftServer$Division (RaftServerImpl.java:setRole(284)) - c8823aab-1c49-422a-a51c-c7b83b859fa6@group-388B48EC2E2F: changes role from  FOLLOWER to FOLLOWER at term 6 for candidate:29adc670-2c1e-4c6c-9558-1601f864128b
2021-03-15 13:21:53,018 [grpc-default-executor-0] INFO  impl.RoleInfo (RoleInfo.java:shutdownFollowerState(108)) - c8823aab-1c49-422a-a51c-c7b83b859fa6: shutdown c8823aab-1c49-422a-a51c-c7b83b859fa6@group-388B48EC2E2F-FollowerState
2021-03-15 13:21:53,018 [grpc-default-executor-0] INFO  impl.RoleInfo (RoleInfo.java:updateAndGet(130)) - c8823aab-1c49-422a-a51c-c7b83b859fa6: start c8823aab-1c49-422a-a51c-c7b83b859fa6@group-388B48EC2E2F-FollowerState
2021-03-15 13:21:53,018 [Thread-465] INFO  impl.FollowerState (FollowerState.java:run(142)) - c8823aab-1c49-422a-a51c-c7b83b859fa6@group-388B48EC2E2F-FollowerState was interrupted: {}
java.lang.InterruptedException: sleep interrupted
	at java.lang.Thread.sleep(Native Method)
	at java.lang.Thread.sleep(Thread.java:340)
	at java.util.concurrent.TimeUnit.sleep(TimeUnit.java:386)
	at org.apache.ratis.util.TimeDuration.sleep(TimeDuration.java:324)
	at org.apache.ratis.util.TimeDuration.sleep(TimeDuration.java:309)
	at org.apache.ratis.server.impl.FollowerState.run(FollowerState.java:117)
2021-03-15 13:21:53,023 [grpc-default-executor-0] INFO  server.RaftServer$Division (RaftServerImpl.java:requestVote(1057)) - c8823aab-1c49-422a-a51c-c7b83b859fa6@group-388B48EC2E2F replies to ELECTION vote request: 29adc670-2c1e-4c6c-9558-1601f864128b<-c8823aab-1c49-422a-a51c-c7b83b859fa6#0:FAIL-t6. Peer's state: c8823aab-1c49-422a-a51c-c7b83b859fa6@group-388B48EC2E2F:t6, leader=null, voted=null, raftlog=c8823aab-1c49-422a-a51c-c7b83b859fa6@group-388B48EC2E2F-SegmentedRaftLog:OPENED:c-1,f1,i1, conf=1: [29adc670-2c1e-4c6c-9558-1601f864128b|rpc:172.17.0.2:37315|dataStream:|priority:0, 2bcf9514-6eaf-4328-a021-870a209d39c4|rpc:172.17.0.2:43919|dataStream:|priority:0, c8823aab-1c49-422a-a51c-c7b83b859fa6|rpc:172.17.0.2:38877|dataStream:|priority:1], old=null
2021-03-15 13:21:53,024 [29adc670-2c1e-4c6c-9558-1601f864128b@group-388B48EC2E2F-LeaderElection32] INFO  impl.LeaderElection (LeaderElection.java:logAndReturn(89)) - 29adc670-2c1e-4c6c-9558-1601f864128b@group-388B48EC2E2F-LeaderElection32: ELECTION REJECTED received 1 response(s) and 0 exception(s):
2021-03-15 13:21:53,024 [29adc670-2c1e-4c6c-9558-1601f864128b@group-388B48EC2E2F-LeaderElection32] INFO  impl.LeaderElection (LeaderElection.java:logAndReturn(93)) -   Response 0: 29adc670-2c1e-4c6c-9558-1601f864128b<-c8823aab-1c49-422a-a51c-c7b83b859fa6#0:FAIL-t6
2021-03-15 13:21:53,024 [29adc670-2c1e-4c6c-9558-1601f864128b@group-388B48EC2E2F-LeaderElection32] INFO  impl.LeaderElection (LeaderElection.java:askForVotes(309)) - 29adc670-2c1e-4c6c-9558-1601f864128b@group-388B48EC2E2F-LeaderElection32 ELECTION round 0: result REJECTED
2021-03-15 13:21:53,024 [29adc670-2c1e-4c6c-9558-1601f864128b@group-388B48EC2E2F-LeaderElection32] INFO  server.RaftServer$Division (RaftServerImpl.java:setRole(284)) - 29adc670-2c1e-4c6c-9558-1601f864128b@group-388B48EC2E2F: changes role from CANDIDATE to FOLLOWER at term 6 for REJECTED
2021-03-15 13:21:53,025 [29adc670-2c1e-4c6c-9558-1601f864128b@group-388B48EC2E2F-LeaderElection32] INFO  impl.RoleInfo (RoleInfo.java:shutdownLeaderElection(121)) - 29adc670-2c1e-4c6c-9558-1601f864128b: shutdown 29adc670-2c1e-4c6c-9558-1601f864128b@group-388B48EC2E2F-LeaderElection32
2021-03-15 13:21:53,025 [29adc670-2c1e-4c6c-9558-1601f864128b@group-388B48EC2E2F-LeaderElection32] INFO  impl.RoleInfo (RoleInfo.java:updateAndGet(130)) - 29adc670-2c1e-4c6c-9558-1601f864128b: start 29adc670-2c1e-4c6c-9558-1601f864128b@group-388B48EC2E2F-FollowerState
2021-03-15 13:21:53,025 [grpc-default-executor-3] INFO  server.RaftServer$Division (RaftServerImpl.java:requestVote(1025)) - 2bcf9514-6eaf-4328-a021-870a209d39c4@group-388B48EC2E2F: receive requestVote(ELECTION, 29adc670-2c1e-4c6c-9558-1601f864128b, group-388B48EC2E2F, 6, (t:1, i:0))
2021-03-15 13:21:53,025 [grpc-default-executor-3] INFO  impl.VoteContext (VoteContext.java:log(48)) - 2bcf9514-6eaf-4328-a021-870a209d39c4@group-388B48EC2E2F-FOLLOWER: accept ELECTION from 29adc670-2c1e-4c6c-9558-1601f864128b: our last entry null < candidate's last entry (t:1, i:0)
2021-03-15 13:21:53,025 [grpc-default-executor-3] INFO  server.RaftServer$Division (RaftServerImpl.java:setRole(284)) - 2bcf9514-6eaf-4328-a021-870a209d39c4@group-388B48EC2E2F: changes role from  FOLLOWER to FOLLOWER at term 6 for candidate:29adc670-2c1e-4c6c-9558-1601f864128b
2021-03-15 13:21:53,025 [grpc-default-executor-3] INFO  impl.RoleInfo (RoleInfo.java:shutdownFollowerState(108)) - 2bcf9514-6eaf-4328-a021-870a209d39c4: shutdown 2bcf9514-6eaf-4328-a021-870a209d39c4@group-388B48EC2E2F-FollowerState
2021-03-15 13:21:53,042 [grpc-default-executor-3] INFO  impl.RoleInfo (RoleInfo.java:updateAndGet(130)) - 2bcf9514-6eaf-4328-a021-870a209d39c4: start 2bcf9514-6eaf-4328-a021-870a209d39c4@group-388B48EC2E2F-FollowerState
2021-03-15 13:21:53,042 [Thread-467] INFO  impl.FollowerState (FollowerState.java:run(142)) - 2bcf9514-6eaf-4328-a021-870a209d39c4@group-388B48EC2E2F-FollowerState was interrupted: {}
java.lang.InterruptedException: sleep interrupted
	at java.lang.Thread.sleep(Native Method)
	at java.lang.Thread.sleep(Thread.java:340)
	at java.util.concurrent.TimeUnit.sleep(TimeUnit.java:386)
	at org.apache.ratis.util.TimeDuration.sleep(TimeDuration.java:324)
	at org.apache.ratis.util.TimeDuration.sleep(TimeDuration.java:309)
	at org.apache.ratis.server.impl.FollowerState.run(FollowerState.java:117)
2021-03-15 13:21:53,044 [grpc-default-executor-3] INFO  server.RaftServer$Division (RaftServerImpl.java:requestVote(1057)) - 2bcf9514-6eaf-4328-a021-870a209d39c4@group-388B48EC2E2F replies to ELECTION vote request: 29adc670-2c1e-4c6c-9558-1601f864128b<-2bcf9514-6eaf-4328-a021-870a209d39c4#0:OK-t6. Peer's state: 2bcf9514-6eaf-4328-a021-870a209d39c4@group-388B48EC2E2F:t6, leader=null, voted=29adc670-2c1e-4c6c-9558-1601f864128b, raftlog=2bcf9514-6eaf-4328-a021-870a209d39c4@group-388B48EC2E2F-SegmentedRaftLog:OPENED:c-1,f-1,i0, conf=-1: [29adc670-2c1e-4c6c-9558-1601f864128b|rpc:172.17.0.2:37315|priority:0, 2bcf9514-6eaf-4328-a021-870a209d39c4|rpc:172.17.0.2:43919|priority:0, c8823aab-1c49-422a-a51c-c7b83b859fa6|rpc:172.17.0.2:38877|priority:1], old=null
2021-03-15 13:21:53,940 [Thread-489] INFO  impl.FollowerState (FollowerState.java:run(133)) - 490c2edb-ef6d-43f1-a3fc-38f1bdb7d380@group-D764FF994818-FollowerState: change to CANDIDATE, lastRpcElapsedTime:5128725597ns, electionTimeout:5128ms
2021-03-15 13:21:53,940 [Thread-489] INFO  impl.RoleInfo (RoleInfo.java:shutdownFollowerState(108)) - 490c2edb-ef6d-43f1-a3fc-38f1bdb7d380: shutdown 490c2edb-ef6d-43f1-a3fc-38f1bdb7d380@group-D764FF994818-FollowerState
2021-03-15 13:21:53,940 [Thread-489] INFO  server.RaftServer$Division (RaftServerImpl.java:setRole(284)) - 490c2edb-ef6d-43f1-a3fc-38f1bdb7d380@group-D764FF994818: changes role from  FOLLOWER to CANDIDATE at term 3 for changeToCandidate
2021-03-15 13:21:53,940 [Thread-489] INFO  server.RaftServerConfigKeys (ConfUtils.java:logGet(44)) - raft.server.leaderelection.pre-vote = false (custom)
2021-03-15 13:21:53,940 [Thread-489] INFO  impl.RoleInfo (RoleInfo.java:updateAndGet(130)) - 490c2edb-ef6d-43f1-a3fc-38f1bdb7d380: start 490c2edb-ef6d-43f1-a3fc-38f1bdb7d380@group-D764FF994818-LeaderElection33
2021-03-15 13:21:53,943 [490c2edb-ef6d-43f1-a3fc-38f1bdb7d380@group-D764FF994818-LeaderElection33] INFO  impl.LeaderElection (LeaderElection.java:askForVotes(307)) - 490c2edb-ef6d-43f1-a3fc-38f1bdb7d380@group-D764FF994818-LeaderElection33 ELECTION round 0: submit vote requests at term 4 for -1: [01124cd4-4ace-459c-9f52-5cd7a41fca7c|rpc:172.17.0.2:40903|dataStream:|priority:0, 8f544fba-ae2a-4c10-8316-b74b14cffb80|rpc:172.17.0.2:35899|dataStream:|priority:1, 490c2edb-ef6d-43f1-a3fc-38f1bdb7d380|rpc:172.17.0.2:35411|dataStream:|priority:0], old=null
2021-03-15 13:21:53,947 [grpc-default-executor-3] INFO  server.RaftServer$Division (RaftServerImpl.java:requestVote(1025)) - 01124cd4-4ace-459c-9f52-5cd7a41fca7c@group-D764FF994818: receive requestVote(ELECTION, 490c2edb-ef6d-43f1-a3fc-38f1bdb7d380, group-D764FF994818, 4, (t:0, i:0))
2021-03-15 13:21:53,947 [grpc-default-executor-3] INFO  impl.VoteContext (VoteContext.java:log(48)) - 01124cd4-4ace-459c-9f52-5cd7a41fca7c@group-D764FF994818-FOLLOWER: accept ELECTION from 490c2edb-ef6d-43f1-a3fc-38f1bdb7d380: our priority 0 <= candidate's priority 0
2021-03-15 13:21:53,947 [grpc-default-executor-3] INFO  server.RaftServer$Division (RaftServerImpl.java:setRole(284)) - 01124cd4-4ace-459c-9f52-5cd7a41fca7c@group-D764FF994818: changes role from  FOLLOWER to FOLLOWER at term 4 for candidate:490c2edb-ef6d-43f1-a3fc-38f1bdb7d380
2021-03-15 13:21:53,947 [grpc-default-executor-3] INFO  impl.RoleInfo (RoleInfo.java:shutdownFollowerState(108)) - 01124cd4-4ace-459c-9f52-5cd7a41fca7c: shutdown 01124cd4-4ace-459c-9f52-5cd7a41fca7c@group-D764FF994818-FollowerState
2021-03-15 13:21:53,948 [grpc-default-executor-3] INFO  impl.RoleInfo (RoleInfo.java:updateAndGet(130)) - 01124cd4-4ace-459c-9f52-5cd7a41fca7c: start 01124cd4-4ace-459c-9f52-5cd7a41fca7c@group-D764FF994818-FollowerState
2021-03-15 13:21:53,948 [Thread-487] INFO  impl.FollowerState (FollowerState.java:run(142)) - 01124cd4-4ace-459c-9f52-5cd7a41fca7c@group-D764FF994818-FollowerState was interrupted: {}
java.lang.InterruptedException: sleep interrupted
	at java.lang.Thread.sleep(Native Method)
	at java.lang.Thread.sleep(Thread.java:340)
	at java.util.concurrent.TimeUnit.sleep(TimeUnit.java:386)
	at org.apache.ratis.util.TimeDuration.sleep(TimeDuration.java:324)
	at org.apache.ratis.util.TimeDuration.sleep(TimeDuration.java:309)
	at org.apache.ratis.server.impl.FollowerState.run(FollowerState.java:117)
2021-03-15 13:21:53,951 [Thread-488] INFO  impl.FollowerState (FollowerState.java:run(133)) - 8f544fba-ae2a-4c10-8316-b74b14cffb80@group-D764FF994818-FollowerState: change to CANDIDATE, lastRpcElapsedTime:5156097022ns, electionTimeout:5147ms
2021-03-15 13:21:53,950 [grpc-default-executor-0] INFO  server.RaftServer$Division (RaftServerImpl.java:requestVote(1025)) - 8f544fba-ae2a-4c10-8316-b74b14cffb80@group-D764FF994818: receive requestVote(ELECTION, 490c2edb-ef6d-43f1-a3fc-38f1bdb7d380, group-D764FF994818, 4, (t:0, i:0))
2021-03-15 13:21:53,955 [Thread-488] INFO  impl.RoleInfo (RoleInfo.java:shutdownFollowerState(108)) - 8f544fba-ae2a-4c10-8316-b74b14cffb80: shutdown 8f544fba-ae2a-4c10-8316-b74b14cffb80@group-D764FF994818-FollowerState
2021-03-15 13:21:53,955 [Thread-488] INFO  server.RaftServer$Division (RaftServerImpl.java:setRole(284)) - 8f544fba-ae2a-4c10-8316-b74b14cffb80@group-D764FF994818: changes role from  FOLLOWER to CANDIDATE at term 3 for changeToCandidate
2021-03-15 13:21:53,955 [Thread-488] INFO  server.RaftServerConfigKeys (ConfUtils.java:logGet(44)) - raft.server.leaderelection.pre-vote = false (custom)
2021-03-15 13:21:53,955 [Thread-488] INFO  impl.RoleInfo (RoleInfo.java:updateAndGet(130)) - 8f544fba-ae2a-4c10-8316-b74b14cffb80: start 8f544fba-ae2a-4c10-8316-b74b14cffb80@group-D764FF994818-LeaderElection34
2021-03-15 13:21:53,956 [grpc-default-executor-0] INFO  impl.VoteContext (VoteContext.java:log(48)) - 8f544fba-ae2a-4c10-8316-b74b14cffb80@group-D764FF994818-CANDIDATE: reject ELECTION from 490c2edb-ef6d-43f1-a3fc-38f1bdb7d380: our priority 1 > candidate's priority 0
2021-03-15 13:21:53,956 [grpc-default-executor-0] INFO  server.RaftServer$Division (RaftServerImpl.java:setRole(284)) - 8f544fba-ae2a-4c10-8316-b74b14cffb80@group-D764FF994818: changes role from CANDIDATE to FOLLOWER at term 4 for candidate:490c2edb-ef6d-43f1-a3fc-38f1bdb7d380
2021-03-15 13:21:53,956 [grpc-default-executor-0] INFO  impl.RoleInfo (RoleInfo.java:shutdownLeaderElection(121)) - 8f544fba-ae2a-4c10-8316-b74b14cffb80: shutdown 8f544fba-ae2a-4c10-8316-b74b14cffb80@group-D764FF994818-LeaderElection34
2021-03-15 13:21:53,956 [grpc-default-executor-0] INFO  impl.RoleInfo (RoleInfo.java:updateAndGet(130)) - 8f544fba-ae2a-4c10-8316-b74b14cffb80: start 8f544fba-ae2a-4c10-8316-b74b14cffb80@group-D764FF994818-FollowerState
2021-03-15 13:21:53,956 [grpc-default-executor-3] INFO  server.RaftServer$Division (RaftServerImpl.java:requestVote(1057)) - 01124cd4-4ace-459c-9f52-5cd7a41fca7c@group-D764FF994818 replies to ELECTION vote request: 490c2edb-ef6d-43f1-a3fc-38f1bdb7d380<-01124cd4-4ace-459c-9f52-5cd7a41fca7c#0:OK-t4. Peer's state: 01124cd4-4ace-459c-9f52-5cd7a41fca7c@group-D764FF994818:t4, leader=null, voted=490c2edb-ef6d-43f1-a3fc-38f1bdb7d380, raftlog=01124cd4-4ace-459c-9f52-5cd7a41fca7c@group-D764FF994818-SegmentedRaftLog:OPENED:c-1,f-1,i0, conf=-1: [01124cd4-4ace-459c-9f52-5cd7a41fca7c|rpc:172.17.0.2:40903|priority:0, 8f544fba-ae2a-4c10-8316-b74b14cffb80|rpc:172.17.0.2:35899|priority:1, 490c2edb-ef6d-43f1-a3fc-38f1bdb7d380|rpc:172.17.0.2:35411|priority:0], old=null
2021-03-15 13:21:53,962 [grpc-default-executor-0] INFO  server.RaftServer$Division (RaftServerImpl.java:requestVote(1057)) - 8f544fba-ae2a-4c10-8316-b74b14cffb80@group-D764FF994818 replies to ELECTION vote request: 490c2edb-ef6d-43f1-a3fc-38f1bdb7d380<-8f544fba-ae2a-4c10-8316-b74b14cffb80#0:FAIL-t4. Peer's state: 8f544fba-ae2a-4c10-8316-b74b14cffb80@group-D764FF994818:t4, leader=null, voted=null, raftlog=8f544fba-ae2a-4c10-8316-b74b14cffb80@group-D764FF994818-SegmentedRaftLog:OPENED:c-1,f-1,i0, conf=-1: [01124cd4-4ace-459c-9f52-5cd7a41fca7c|rpc:172.17.0.2:40903|priority:0, 8f544fba-ae2a-4c10-8316-b74b14cffb80|rpc:172.17.0.2:35899|priority:1, 490c2edb-ef6d-43f1-a3fc-38f1bdb7d380|rpc:172.17.0.2:35411|priority:0], old=null
2021-03-15 13:21:53,963 [490c2edb-ef6d-43f1-a3fc-38f1bdb7d380@group-D764FF994818-LeaderElection33] INFO  impl.LeaderElection (LeaderElection.java:logAndReturn(89)) - 490c2edb-ef6d-43f1-a3fc-38f1bdb7d380@group-D764FF994818-LeaderElection33: ELECTION REJECTED received 2 response(s) and 0 exception(s):
2021-03-15 13:21:53,963 [490c2edb-ef6d-43f1-a3fc-38f1bdb7d380@group-D764FF994818-LeaderElection33] INFO  impl.LeaderElection (LeaderElection.java:logAndReturn(93)) -   Response 0: 490c2edb-ef6d-43f1-a3fc-38f1bdb7d380<-01124cd4-4ace-459c-9f52-5cd7a41fca7c#0:OK-t4
2021-03-15 13:21:53,963 [490c2edb-ef6d-43f1-a3fc-38f1bdb7d380@group-D764FF994818-LeaderElection33] INFO  impl.LeaderElection (LeaderElection.java:logAndReturn(93)) -   Response 1: 490c2edb-ef6d-43f1-a3fc-38f1bdb7d380<-8f544fba-ae2a-4c10-8316-b74b14cffb80#0:FAIL-t4
2021-03-15 13:21:53,963 [490c2edb-ef6d-43f1-a3fc-38f1bdb7d380@group-D764FF994818-LeaderElection33] INFO  impl.LeaderElection (LeaderElection.java:askForVotes(309)) - 490c2edb-ef6d-43f1-a3fc-38f1bdb7d380@group-D764FF994818-LeaderElection33 ELECTION round 0: result REJECTED
2021-03-15 13:21:53,963 [490c2edb-ef6d-43f1-a3fc-38f1bdb7d380@group-D764FF994818-LeaderElection33] INFO  server.RaftServer$Division (RaftServerImpl.java:setRole(284)) - 490c2edb-ef6d-43f1-a3fc-38f1bdb7d380@group-D764FF994818: changes role from CANDIDATE to FOLLOWER at term 4 for REJECTED
2021-03-15 13:21:53,963 [490c2edb-ef6d-43f1-a3fc-38f1bdb7d380@group-D764FF994818-LeaderElection33] INFO  impl.RoleInfo (RoleInfo.java:shutdownLeaderElection(121)) - 490c2edb-ef6d-43f1-a3fc-38f1bdb7d380: shutdown 490c2edb-ef6d-43f1-a3fc-38f1bdb7d380@group-D764FF994818-LeaderElection33
2021-03-15 13:21:53,963 [490c2edb-ef6d-43f1-a3fc-38f1bdb7d380@group-D764FF994818-LeaderElection33] INFO  impl.RoleInfo (RoleInfo.java:updateAndGet(130)) - 490c2edb-ef6d-43f1-a3fc-38f1bdb7d380: start 490c2edb-ef6d-43f1-a3fc-38f1bdb7d380@group-D764FF994818-FollowerState
2021-03-15 13:21:56,210 [java.util.concurrent.ThreadPoolExecutor$Worker@3a9c9896[State = -1, empty queue]] INFO  metrics.RatisMetrics (RatisMetrics.java:lambda$create$0(36)) - Creating Metrics Registry : ratis.client_message_metrics.client-D2395CE2BFCF->2bcf9514-6eaf-4328-a021-870a209d39c4
2021-03-15 13:21:57,851 [Thread-515] INFO  impl.FollowerState (FollowerState.java:run(133)) - 490c2edb-ef6d-43f1-a3fc-38f1bdb7d380@group-E860D21F6A2B-FollowerState: change to CANDIDATE, lastRpcElapsedTime:5046436257ns, electionTimeout:5044ms
2021-03-15 13:21:57,852 [Thread-515] INFO  impl.RoleInfo (RoleInfo.java:shutdownFollowerState(108)) - 490c2edb-ef6d-43f1-a3fc-38f1bdb7d380: shutdown 490c2edb-ef6d-43f1-a3fc-38f1bdb7d380@group-E860D21F6A2B-FollowerState
2021-03-15 13:21:57,852 [Thread-515] INFO  server.RaftServer$Division (RaftServerImpl.java:setRole(284)) - 490c2edb-ef6d-43f1-a3fc-38f1bdb7d380@group-E860D21F6A2B: changes role from  FOLLOWER to CANDIDATE at term 5 for changeToCandidate
2021-03-15 13:21:57,852 [Thread-515] INFO  server.RaftServerConfigKeys (ConfUtils.java:logGet(44)) - raft.server.leaderelection.pre-vote = false (custom)
2021-03-15 13:21:57,852 [Thread-515] INFO  impl.RoleInfo (RoleInfo.java:updateAndGet(130)) - 490c2edb-ef6d-43f1-a3fc-38f1bdb7d380: start 490c2edb-ef6d-43f1-a3fc-38f1bdb7d380@group-E860D21F6A2B-LeaderElection35
2021-03-15 13:21:57,854 [490c2edb-ef6d-43f1-a3fc-38f1bdb7d380@group-E860D21F6A2B-LeaderElection35] INFO  impl.LeaderElection (LeaderElection.java:askForVotes(307)) - 490c2edb-ef6d-43f1-a3fc-38f1bdb7d380@group-E860D21F6A2B-LeaderElection35 ELECTION round 0: submit vote requests at term 6 for 0: [01124cd4-4ace-459c-9f52-5cd7a41fca7c|rpc:172.17.0.2:40903|dataStream:|priority:0, 8f544fba-ae2a-4c10-8316-b74b14cffb80|rpc:172.17.0.2:35899|dataStream:|priority:0, 490c2edb-ef6d-43f1-a3fc-38f1bdb7d380|rpc:172.17.0.2:35411|dataStream:|priority:1], old=null
2021-03-15 13:21:57,856 [grpc-default-executor-0] INFO  server.RaftServer$Division (RaftServerImpl.java:requestVote(1025)) - 01124cd4-4ace-459c-9f52-5cd7a41fca7c@group-E860D21F6A2B: receive requestVote(ELECTION, 490c2edb-ef6d-43f1-a3fc-38f1bdb7d380, group-E860D21F6A2B, 6, (t:2, i:0))
2021-03-15 13:21:57,856 [grpc-default-executor-0] INFO  impl.VoteContext (VoteContext.java:log(48)) - 01124cd4-4ace-459c-9f52-5cd7a41fca7c@group-E860D21F6A2B-FOLLOWER: accept ELECTION from 490c2edb-ef6d-43f1-a3fc-38f1bdb7d380: our last entry null < candidate's last entry (t:2, i:0)
2021-03-15 13:21:57,856 [grpc-default-executor-0] INFO  server.RaftServer$Division (RaftServerImpl.java:setRole(284)) - 01124cd4-4ace-459c-9f52-5cd7a41fca7c@group-E860D21F6A2B: changes role from  FOLLOWER to FOLLOWER at term 6 for candidate:490c2edb-ef6d-43f1-a3fc-38f1bdb7d380
2021-03-15 13:21:57,856 [grpc-default-executor-0] INFO  impl.RoleInfo (RoleInfo.java:shutdownFollowerState(108)) - 01124cd4-4ace-459c-9f52-5cd7a41fca7c: shutdown 01124cd4-4ace-459c-9f52-5cd7a41fca7c@group-E860D21F6A2B-FollowerState
2021-03-15 13:21:57,856 [grpc-default-executor-0] INFO  impl.RoleInfo (RoleInfo.java:updateAndGet(130)) - 01124cd4-4ace-459c-9f52-5cd7a41fca7c: start 01124cd4-4ace-459c-9f52-5cd7a41fca7c@group-E860D21F6A2B-FollowerState
2021-03-15 13:21:57,856 [Thread-517] INFO  impl.FollowerState (FollowerState.java:run(142)) - 01124cd4-4ace-459c-9f52-5cd7a41fca7c@group-E860D21F6A2B-FollowerState was interrupted: {}
java.lang.InterruptedException: sleep interrupted
	at java.lang.Thread.sleep(Native Method)
	at java.lang.Thread.sleep(Thread.java:340)
	at java.util.concurrent.TimeUnit.sleep(TimeUnit.java:386)
	at org.apache.ratis.util.TimeDuration.sleep(TimeDuration.java:324)
	at org.apache.ratis.util.TimeDuration.sleep(TimeDuration.java:309)
	at org.apache.ratis.server.impl.FollowerState.run(FollowerState.java:117)
2021-03-15 13:21:57,856 [grpc-default-executor-3] INFO  server.RaftServer$Division (RaftServerImpl.java:requestVote(1025)) - 8f544fba-ae2a-4c10-8316-b74b14cffb80@group-E860D21F6A2B: receive requestVote(ELECTION, 490c2edb-ef6d-43f1-a3fc-38f1bdb7d380, group-E860D21F6A2B, 6, (t:2, i:0))
2021-03-15 13:21:57,857 [grpc-default-executor-3] INFO  impl.VoteContext (VoteContext.java:log(48)) - 8f544fba-ae2a-4c10-8316-b74b14cffb80@group-E860D21F6A2B-FOLLOWER: accept ELECTION from 490c2edb-ef6d-43f1-a3fc-38f1bdb7d380: our last entry null < candidate's last entry (t:2, i:0)
2021-03-15 13:21:57,857 [grpc-default-executor-3] INFO  server.RaftServer$Division (RaftServerImpl.java:setRole(284)) - 8f544fba-ae2a-4c10-8316-b74b14cffb80@group-E860D21F6A2B: changes role from  FOLLOWER to FOLLOWER at term 6 for candidate:490c2edb-ef6d-43f1-a3fc-38f1bdb7d380
2021-03-15 13:21:57,857 [grpc-default-executor-3] INFO  impl.RoleInfo (RoleInfo.java:shutdownFollowerState(108)) - 8f544fba-ae2a-4c10-8316-b74b14cffb80: shutdown 8f544fba-ae2a-4c10-8316-b74b14cffb80@group-E860D21F6A2B-FollowerState
2021-03-15 13:21:57,857 [grpc-default-executor-3] INFO  impl.RoleInfo (RoleInfo.java:updateAndGet(130)) - 8f544fba-ae2a-4c10-8316-b74b14cffb80: start 8f544fba-ae2a-4c10-8316-b74b14cffb80@group-E860D21F6A2B-FollowerState
2021-03-15 13:21:57,857 [Thread-516] INFO  impl.FollowerState (FollowerState.java:run(142)) - 8f544fba-ae2a-4c10-8316-b74b14cffb80@group-E860D21F6A2B-FollowerState was interrupted: {}
java.lang.InterruptedException: sleep interrupted
	at java.lang.Thread.sleep(Native Method)
	at java.lang.Thread.sleep(Thread.java:340)
	at java.util.concurrent.TimeUnit.sleep(TimeUnit.java:386)
	at org.apache.ratis.util.TimeDuration.sleep(TimeDuration.java:324)
	at org.apache.ratis.util.TimeDuration.sleep(TimeDuration.java:309)
	at org.apache.ratis.server.impl.FollowerState.run(FollowerState.java:117)
2021-03-15 13:21:57,859 [grpc-default-executor-0] INFO  server.RaftServer$Division (RaftServerImpl.java:requestVote(1057)) - 01124cd4-4ace-459c-9f52-5cd7a41fca7c@group-E860D21F6A2B replies to ELECTION vote request: 490c2edb-ef6d-43f1-a3fc-38f1bdb7d380<-01124cd4-4ace-459c-9f52-5cd7a41fca7c#0:OK-t6. Peer's state: 01124cd4-4ace-459c-9f52-5cd7a41fca7c@group-E860D21F6A2B:t6, leader=null, voted=490c2edb-ef6d-43f1-a3fc-38f1bdb7d380, raftlog=01124cd4-4ace-459c-9f52-5cd7a41fca7c@group-E860D21F6A2B-SegmentedRaftLog:OPENED:c-1,f-1,i0, conf=-1: [01124cd4-4ace-459c-9f52-5cd7a41fca7c|rpc:172.17.0.2:40903|priority:0, 8f544fba-ae2a-4c10-8316-b74b14cffb80|rpc:172.17.0.2:35899|priority:0, 490c2edb-ef6d-43f1-a3fc-38f1bdb7d380|rpc:172.17.0.2:35411|priority:1], old=null
2021-03-15 13:21:57,862 [490c2edb-ef6d-43f1-a3fc-38f1bdb7d380@group-E860D21F6A2B-LeaderElection35] INFO  impl.LeaderElection (LeaderElection.java:logAndReturn(89)) - 490c2edb-ef6d-43f1-a3fc-38f1bdb7d380@group-E860D21F6A2B-LeaderElection35: ELECTION PASSED received 1 response(s) and 0 exception(s):
2021-03-15 13:21:57,862 [490c2edb-ef6d-43f1-a3fc-38f1bdb7d380@group-E860D21F6A2B-LeaderElection35] INFO  impl.LeaderElection (LeaderElection.java:logAndReturn(93)) -   Response 0: 490c2edb-ef6d-43f1-a3fc-38f1bdb7d380<-01124cd4-4ace-459c-9f52-5cd7a41fca7c#0:OK-t6
2021-03-15 13:21:57,862 [490c2edb-ef6d-43f1-a3fc-38f1bdb7d380@group-E860D21F6A2B-LeaderElection35] INFO  impl.LeaderElection (LeaderElection.java:askForVotes(309)) - 490c2edb-ef6d-43f1-a3fc-38f1bdb7d380@group-E860D21F6A2B-LeaderElection35 ELECTION round 0: result PASSED
2021-03-15 13:21:57,862 [490c2edb-ef6d-43f1-a3fc-38f1bdb7d380@group-E860D21F6A2B-LeaderElection35] INFO  impl.RoleInfo (RoleInfo.java:shutdownLeaderElection(121)) - 490c2edb-ef6d-43f1-a3fc-38f1bdb7d380: shutdown 490c2edb-ef6d-43f1-a3fc-38f1bdb7d380@group-E860D21F6A2B-LeaderElection35
2021-03-15 13:21:57,862 [490c2edb-ef6d-43f1-a3fc-38f1bdb7d380@group-E860D21F6A2B-LeaderElection35] INFO  server.RaftServer$Division (RaftServerImpl.java:setRole(284)) - 490c2edb-ef6d-43f1-a3fc-38f1bdb7d380@group-E860D21F6A2B: changes role from CANDIDATE to LEADER at term 6 for changeToLeader
2021-03-15 13:21:57,863 [490c2edb-ef6d-43f1-a3fc-38f1bdb7d380@group-E860D21F6A2B-LeaderElection35] INFO  ratis.XceiverServerRatis (XceiverServerRatis.java:handleLeaderChangedNotification(899)) - Leader change notification received for group: group-E860D21F6A2B with new leaderId: 490c2edb-ef6d-43f1-a3fc-38f1bdb7d380
2021-03-15 13:21:57,863 [grpc-default-executor-3] INFO  server.RaftServer$Division (RaftServerImpl.java:requestVote(1057)) - 8f544fba-ae2a-4c10-8316-b74b14cffb80@group-E860D21F6A2B replies to ELECTION vote request: 490c2edb-ef6d-43f1-a3fc-38f1bdb7d380<-8f544fba-ae2a-4c10-8316-b74b14cffb80#0:OK-t6. Peer's state: 8f544fba-ae2a-4c10-8316-b74b14cffb80@group-E860D21F6A2B:t6, leader=null, voted=490c2edb-ef6d-43f1-a3fc-38f1bdb7d380, raftlog=8f544fba-ae2a-4c10-8316-b74b14cffb80@group-E860D21F6A2B-SegmentedRaftLog:OPENED:c-1,f-1,i0, conf=-1: [01124cd4-4ace-459c-9f52-5cd7a41fca7c|rpc:172.17.0.2:40903|dataStream:|priority:0, 8f544fba-ae2a-4c10-8316-b74b14cffb80|rpc:172.17.0.2:35899|dataStream:|priority:0, 490c2edb-ef6d-43f1-a3fc-38f1bdb7d380|rpc:172.17.0.2:35411|dataStream:|priority:1], old=null
2021-03-15 13:21:57,863 [490c2edb-ef6d-43f1-a3fc-38f1bdb7d380@group-E860D21F6A2B-LeaderElection35] INFO  server.RaftServer$Division (ServerState.java:setLeader(271)) - 490c2edb-ef6d-43f1-a3fc-38f1bdb7d380@group-E860D21F6A2B: change Leader from null to 490c2edb-ef6d-43f1-a3fc-38f1bdb7d380 at term 6 for becomeLeader, leader elected after 15118ms
2021-03-15 13:21:57,864 [490c2edb-ef6d-43f1-a3fc-38f1bdb7d380@group-E860D21F6A2B-LeaderElection35] INFO  server.RaftServerConfigKeys (ConfUtils.java:logGet(44)) - raft.server.staging.catchup.gap = 1000 (default)
2021-03-15 13:21:57,864 [490c2edb-ef6d-43f1-a3fc-38f1bdb7d380@group-E860D21F6A2B-LeaderElection35] INFO  metrics.RatisMetrics (RatisMetrics.java:lambda$create$0(36)) - Creating Metrics Registry : ratis.log_appender.490c2edb-ef6d-43f1-a3fc-38f1bdb7d380@group-E860D21F6A2B
2021-03-15 13:21:57,864 [490c2edb-ef6d-43f1-a3fc-38f1bdb7d380@group-E860D21F6A2B-LeaderElection35] INFO  server.RaftServerConfigKeys (ConfUtils.java:logGet(44)) - raft.server.write.element-limit = 1024 (custom)
2021-03-15 13:21:57,864 [490c2edb-ef6d-43f1-a3fc-38f1bdb7d380@group-E860D21F6A2B-LeaderElection35] INFO  server.RaftServerConfigKeys (ConfUtils.java:logGet(44)) - raft.server.write.byte-limit = 1073741824 (custom)
2021-03-15 13:21:57,864 [490c2edb-ef6d-43f1-a3fc-38f1bdb7d380@group-E860D21F6A2B-LeaderElection35] INFO  server.RaftServerConfigKeys (ConfUtils.java:logGet(44)) - raft.server.watch.timeout = 3000ms (custom)
2021-03-15 13:21:57,864 [490c2edb-ef6d-43f1-a3fc-38f1bdb7d380@group-E860D21F6A2B-LeaderElection35] INFO  server.RaftServerConfigKeys (ConfUtils.java:logGet(44)) - raft.server.watch.timeout.denomination = 1s (default)
2021-03-15 13:21:57,865 [490c2edb-ef6d-43f1-a3fc-38f1bdb7d380@group-E860D21F6A2B-LeaderElection35] INFO  server.RaftServerConfigKeys (ConfUtils.java:logGet(44)) - raft.server.watch.element-limit = 65536 (default)
2021-03-15 13:21:57,865 [490c2edb-ef6d-43f1-a3fc-38f1bdb7d380@group-E860D21F6A2B-LeaderElection35] INFO  server.RaftServerConfigKeys (ConfUtils.java:logGet(44)) - raft.server.log.appender.snapshot.chunk.size.max = 16MB (=16777216) (default)
2021-03-15 13:21:57,865 [490c2edb-ef6d-43f1-a3fc-38f1bdb7d380@group-E860D21F6A2B-LeaderElection35] INFO  server.RaftServerConfigKeys (ConfUtils.java:logGet(44)) - raft.server.log.appender.buffer.byte-limit = 33554432 (custom)
2021-03-15 13:21:57,865 [490c2edb-ef6d-43f1-a3fc-38f1bdb7d380@group-E860D21F6A2B-LeaderElection35] INFO  server.RaftServerConfigKeys (ConfUtils.java:logGet(44)) - raft.server.log.appender.buffer.element-limit = 1 (custom)
2021-03-15 13:21:57,865 [490c2edb-ef6d-43f1-a3fc-38f1bdb7d380@group-E860D21F6A2B-LeaderElection35] INFO  grpc.GrpcConfigKeys (ConfUtils.java:logGet(44)) - raft.grpc.server.leader.outstanding.appends.max = 128 (default)
2021-03-15 13:21:57,865 [490c2edb-ef6d-43f1-a3fc-38f1bdb7d380@group-E860D21F6A2B-LeaderElection35] INFO  server.RaftServerConfigKeys (ConfUtils.java:logGet(44)) - raft.server.rpc.request.timeout = 3000ms (default)
2021-03-15 13:21:57,865 [490c2edb-ef6d-43f1-a3fc-38f1bdb7d380@group-E860D21F6A2B-LeaderElection35] INFO  server.RaftServerConfigKeys (ConfUtils.java:logGet(44)) - raft.server.log.appender.install.snapshot.enabled = false (custom)
2021-03-15 13:21:57,865 [490c2edb-ef6d-43f1-a3fc-38f1bdb7d380@group-E860D21F6A2B-LeaderElection35] INFO  metrics.RatisMetrics (RatisMetrics.java:lambda$create$0(36)) - Creating Metrics Registry : ratis_grpc.log_appender.490c2edb-ef6d-43f1-a3fc-38f1bdb7d380@group-E860D21F6A2B
2021-03-15 13:21:57,866 [490c2edb-ef6d-43f1-a3fc-38f1bdb7d380@group-E860D21F6A2B-LeaderElection35] INFO  server.RaftServerConfigKeys (ConfUtils.java:logGet(44)) - raft.server.log.appender.snapshot.chunk.size.max = 16MB (=16777216) (default)
2021-03-15 13:21:57,866 [490c2edb-ef6d-43f1-a3fc-38f1bdb7d380@group-E860D21F6A2B-LeaderElection35] INFO  server.RaftServerConfigKeys (ConfUtils.java:logGet(44)) - raft.server.log.appender.buffer.byte-limit = 33554432 (custom)
2021-03-15 13:21:57,866 [490c2edb-ef6d-43f1-a3fc-38f1bdb7d380@group-E860D21F6A2B-LeaderElection35] INFO  server.RaftServerConfigKeys (ConfUtils.java:logGet(44)) - raft.server.log.appender.buffer.element-limit = 1 (custom)
2021-03-15 13:21:57,866 [490c2edb-ef6d-43f1-a3fc-38f1bdb7d380@group-E860D21F6A2B-LeaderElection35] INFO  grpc.GrpcConfigKeys (ConfUtils.java:logGet(44)) - raft.grpc.server.leader.outstanding.appends.max = 128 (default)
2021-03-15 13:21:57,866 [490c2edb-ef6d-43f1-a3fc-38f1bdb7d380@group-E860D21F6A2B-LeaderElection35] INFO  server.RaftServerConfigKeys (ConfUtils.java:logGet(44)) - raft.server.rpc.request.timeout = 3000ms (default)
2021-03-15 13:21:57,867 [490c2edb-ef6d-43f1-a3fc-38f1bdb7d380@group-E860D21F6A2B-LeaderElection35] INFO  server.RaftServerConfigKeys (ConfUtils.java:logGet(44)) - raft.server.log.appender.install.snapshot.enabled = false (custom)
2021-03-15 13:21:57,867 [490c2edb-ef6d-43f1-a3fc-38f1bdb7d380@group-E860D21F6A2B-LeaderElection35] INFO  impl.RoleInfo (RoleInfo.java:updateAndGet(130)) - 490c2edb-ef6d-43f1-a3fc-38f1bdb7d380: start 490c2edb-ef6d-43f1-a3fc-38f1bdb7d380@group-E860D21F6A2B-LeaderStateImpl
2021-03-15 13:21:57,867 [490c2edb-ef6d-43f1-a3fc-38f1bdb7d380@group-E860D21F6A2B-LeaderElection35] INFO  segmented.SegmentedRaftLogWorker (SegmentedRaftLogWorker.java:rollLogSegment(397)) - 490c2edb-ef6d-43f1-a3fc-38f1bdb7d380@group-E860D21F6A2B-SegmentedRaftLogWorker: Rolling segment log-0_0 to index:0
2021-03-15 13:21:57,868 [490c2edb-ef6d-43f1-a3fc-38f1bdb7d380@group-E860D21F6A2B-SegmentedRaftLogWorker] INFO  segmented.SegmentedRaftLogWorker (SegmentedRaftLogWorker.java:execute(556)) - 490c2edb-ef6d-43f1-a3fc-38f1bdb7d380@group-E860D21F6A2B-SegmentedRaftLogWorker: Rolled log segment from /github/workspace/mnt/ozone/hadoop-ozone/integration-test/target/test-dir/MiniOzoneClusterImpl-10170ce6-1bcb-4b6c-85b7-fb1f14fc7e79/datanode-5/data/ratis/1efb9cfa-6e5b-42ab-9bfb-e860d21f6a2b/current/log_inprogress_0 to /github/workspace/mnt/ozone/hadoop-ozone/integration-test/target/test-dir/MiniOzoneClusterImpl-10170ce6-1bcb-4b6c-85b7-fb1f14fc7e79/datanode-5/data/ratis/1efb9cfa-6e5b-42ab-9bfb-e860d21f6a2b/current/log_0-0
2021-03-15 13:21:57,869 [490c2edb-ef6d-43f1-a3fc-38f1bdb7d380@group-E860D21F6A2B-SegmentedRaftLogWorker] INFO  segmented.SegmentedRaftLogWorker (SegmentedRaftLogWorker.java:execute(599)) - 490c2edb-ef6d-43f1-a3fc-38f1bdb7d380@group-E860D21F6A2B-SegmentedRaftLogWorker: created new log segment /github/workspace/mnt/ozone/hadoop-ozone/integration-test/target/test-dir/MiniOzoneClusterImpl-10170ce6-1bcb-4b6c-85b7-fb1f14fc7e79/datanode-5/data/ratis/1efb9cfa-6e5b-42ab-9bfb-e860d21f6a2b/current/log_inprogress_1
2021-03-15 13:21:57,871 [490c2edb-ef6d-43f1-a3fc-38f1bdb7d380@group-E860D21F6A2B-LeaderElection35] INFO  server.RaftServer$Division (ServerState.java:setRaftConf(373)) - 490c2edb-ef6d-43f1-a3fc-38f1bdb7d380@group-E860D21F6A2B: set configuration 1: [01124cd4-4ace-459c-9f52-5cd7a41fca7c|rpc:172.17.0.2:40903|dataStream:|priority:0, 8f544fba-ae2a-4c10-8316-b74b14cffb80|rpc:172.17.0.2:35899|dataStream:|priority:0, 490c2edb-ef6d-43f1-a3fc-38f1bdb7d380|rpc:172.17.0.2:35411|dataStream:|priority:1], old=null
2021-03-15 13:21:57,871 [grpc-default-executor-0] INFO  ratis.XceiverServerRatis (XceiverServerRatis.java:handleLeaderChangedNotification(899)) - Leader change notification received for group: group-E860D21F6A2B with new leaderId: 490c2edb-ef6d-43f1-a3fc-38f1bdb7d380
2021-03-15 13:21:57,871 [grpc-default-executor-0] INFO  server.RaftServer$Division (ServerState.java:setLeader(271)) - 01124cd4-4ace-459c-9f52-5cd7a41fca7c@group-E860D21F6A2B: change Leader from null to 490c2edb-ef6d-43f1-a3fc-38f1bdb7d380 at term 6 for appendEntries, leader elected after 25457ms
2021-03-15 13:21:57,871 [grpc-default-executor-0] INFO  server.RaftServer$Division (RaftServerImpl.java:checkInconsistentAppendEntries(1301)) - 01124cd4-4ace-459c-9f52-5cd7a41fca7c@group-E860D21F6A2B: Failed appendEntries as previous log entry ((t:2, i:0)) is not found
2021-03-15 13:21:57,871 [grpc-default-executor-0] INFO  server.RaftServer$Division (RaftServerImpl.java:checkInconsistentAppendEntries(1267)) - 01124cd4-4ace-459c-9f52-5cd7a41fca7c@group-E860D21F6A2B: inconsistency entries. Reply:490c2edb-ef6d-43f1-a3fc-38f1bdb7d380<-01124cd4-4ace-459c-9f52-5cd7a41fca7c#0:FAIL-t6,INCONSISTENCY,nextIndex=0,followerCommit=-1
2021-03-15 13:21:57,872 [grpc-default-executor-2] INFO  server.RaftServer$Division (RaftServerImpl.java:checkInconsistentAppendEntries(1301)) - 01124cd4-4ace-459c-9f52-5cd7a41fca7c@group-E860D21F6A2B: Failed appendEntries as previous log entry ((t:2, i:0)) is not found
2021-03-15 13:21:57,872 [grpc-default-executor-2] INFO  server.RaftServer$Division (RaftServerImpl.java:checkInconsistentAppendEntries(1267)) - 01124cd4-4ace-459c-9f52-5cd7a41fca7c@group-E860D21F6A2B: inconsistency entries. Reply:490c2edb-ef6d-43f1-a3fc-38f1bdb7d380<-01124cd4-4ace-459c-9f52-5cd7a41fca7c#1:FAIL-t6,INCONSISTENCY,nextIndex=0,followerCommit=-1
2021-03-15 13:21:57,872 [grpc-default-executor-4] INFO  leader.FollowerInfo (FollowerInfoImpl.java:lambda$new$0(46)) - 490c2edb-ef6d-43f1-a3fc-38f1bdb7d380@group-E860D21F6A2B->01124cd4-4ace-459c-9f52-5cd7a41fca7c: nextIndex: updateUnconditionally 2 -> 0
2021-03-15 13:21:57,874 [grpc-default-executor-4] INFO  leader.FollowerInfo (FollowerInfoImpl.java:lambda$new$0(46)) - 490c2edb-ef6d-43f1-a3fc-38f1bdb7d380@group-E860D21F6A2B->01124cd4-4ace-459c-9f52-5cd7a41fca7c: nextIndex: updateUnconditionally 1 -> 0
2021-03-15 13:21:57,875 [grpc-default-executor-4] INFO  server.RaftServer$Division (ServerState.java:setRaftConf(373)) - 01124cd4-4ace-459c-9f52-5cd7a41fca7c@group-E860D21F6A2B: set configuration 0: [01124cd4-4ace-459c-9f52-5cd7a41fca7c|rpc:172.17.0.2:40903|dataStream:|priority:0, 8f544fba-ae2a-4c10-8316-b74b14cffb80|rpc:172.17.0.2:35899|dataStream:|priority:0, 490c2edb-ef6d-43f1-a3fc-38f1bdb7d380|rpc:172.17.0.2:35411|dataStream:|priority:1], old=null
2021-03-15 13:21:57,875 [grpc-default-executor-4] INFO  segmented.SegmentedRaftLogWorker (SegmentedRaftLogWorker.java:startLogSegment(392)) - 01124cd4-4ace-459c-9f52-5cd7a41fca7c@group-E860D21F6A2B-SegmentedRaftLogWorker: Starting segment from index:0
2021-03-15 13:21:57,877 [01124cd4-4ace-459c-9f52-5cd7a41fca7c@group-E860D21F6A2B-SegmentedRaftLogWorker] INFO  segmented.SegmentedRaftLogWorker (SegmentedRaftLogWorker.java:execute(599)) - 01124cd4-4ace-459c-9f52-5cd7a41fca7c@group-E860D21F6A2B-SegmentedRaftLogWorker: created new log segment /github/workspace/mnt/ozone/hadoop-ozone/integration-test/target/test-dir/MiniOzoneClusterImpl-10170ce6-1bcb-4b6c-85b7-fb1f14fc7e79/datanode-3/data/ratis/1efb9cfa-6e5b-42ab-9bfb-e860d21f6a2b/current/log_inprogress_0
2021-03-15 13:21:57,885 [grpc-default-executor-2] INFO  server.RaftServer$Division (ServerState.java:setRaftConf(373)) - 01124cd4-4ace-459c-9f52-5cd7a41fca7c@group-E860D21F6A2B: set configuration 0: [01124cd4-4ace-459c-9f52-5cd7a41fca7c|rpc:172.17.0.2:40903|dataStream:|priority:0, 8f544fba-ae2a-4c10-8316-b74b14cffb80|rpc:172.17.0.2:35899|dataStream:|priority:0, 490c2edb-ef6d-43f1-a3fc-38f1bdb7d380|rpc:172.17.0.2:35411|dataStream:|priority:1], old=null
2021-03-15 13:21:57,887 [grpc-default-executor-4] INFO  ratis.XceiverServerRatis (XceiverServerRatis.java:handleLeaderChangedNotification(899)) - Leader change notification received for group: group-E860D21F6A2B with new leaderId: 490c2edb-ef6d-43f1-a3fc-38f1bdb7d380
2021-03-15 13:21:57,888 [grpc-default-executor-4] INFO  server.RaftServer$Division (ServerState.java:setLeader(271)) - 8f544fba-ae2a-4c10-8316-b74b14cffb80@group-E860D21F6A2B: change Leader from null to 490c2edb-ef6d-43f1-a3fc-38f1bdb7d380 at term 6 for appendEntries, leader elected after 25365ms
2021-03-15 13:21:57,888 [grpc-default-executor-4] INFO  server.RaftServer$Division (RaftServerImpl.java:checkInconsistentAppendEntries(1301)) - 8f544fba-ae2a-4c10-8316-b74b14cffb80@group-E860D21F6A2B: Failed appendEntries as previous log entry ((t:2, i:0)) is not found
2021-03-15 13:21:57,888 [grpc-default-executor-4] INFO  server.RaftServer$Division (RaftServerImpl.java:checkInconsistentAppendEntries(1267)) - 8f544fba-ae2a-4c10-8316-b74b14cffb80@group-E860D21F6A2B: inconsistency entries. Reply:490c2edb-ef6d-43f1-a3fc-38f1bdb7d380<-8f544fba-ae2a-4c10-8316-b74b14cffb80#0:FAIL-t6,INCONSISTENCY,nextIndex=0,followerCommit=-1
2021-03-15 13:21:57,889 [grpc-default-executor-2] INFO  server.RaftServer$Division (ServerState.java:setRaftConf(373)) - 01124cd4-4ace-459c-9f52-5cd7a41fca7c@group-E860D21F6A2B: set configuration 1: [01124cd4-4ace-459c-9f52-5cd7a41fca7c|rpc:172.17.0.2:40903|dataStream:|priority:0, 8f544fba-ae2a-4c10-8316-b74b14cffb80|rpc:172.17.0.2:35899|dataStream:|priority:0, 490c2edb-ef6d-43f1-a3fc-38f1bdb7d380|rpc:172.17.0.2:35411|dataStream:|priority:1], old=null
2021-03-15 13:21:57,889 [grpc-default-executor-2] INFO  segmented.SegmentedRaftLogWorker (SegmentedRaftLogWorker.java:rollLogSegment(397)) - 01124cd4-4ace-459c-9f52-5cd7a41fca7c@group-E860D21F6A2B-SegmentedRaftLogWorker: Rolling segment log-0_0 to index:0
2021-03-15 13:21:57,889 [grpc-default-executor-0] INFO  leader.FollowerInfo (FollowerInfoImpl.java:lambda$new$0(46)) - 490c2edb-ef6d-43f1-a3fc-38f1bdb7d380@group-E860D21F6A2B->8f544fba-ae2a-4c10-8316-b74b14cffb80: nextIndex: updateUnconditionally 2 -> 0
2021-03-15 13:21:57,890 [01124cd4-4ace-459c-9f52-5cd7a41fca7c@group-E860D21F6A2B-SegmentedRaftLogWorker] INFO  segmented.SegmentedRaftLogWorker (SegmentedRaftLogWorker.java:execute(556)) - 01124cd4-4ace-459c-9f52-5cd7a41fca7c@group-E860D21F6A2B-SegmentedRaftLogWorker: Rolled log segment from /github/workspace/mnt/ozone/hadoop-ozone/integration-test/target/test-dir/MiniOzoneClusterImpl-10170ce6-1bcb-4b6c-85b7-fb1f14fc7e79/datanode-3/data/ratis/1efb9cfa-6e5b-42ab-9bfb-e860d21f6a2b/current/log_inprogress_0 to /github/workspace/mnt/ozone/hadoop-ozone/integration-test/target/test-dir/MiniOzoneClusterImpl-10170ce6-1bcb-4b6c-85b7-fb1f14fc7e79/datanode-3/data/ratis/1efb9cfa-6e5b-42ab-9bfb-e860d21f6a2b/current/log_0-0
2021-03-15 13:21:57,890 [grpc-default-executor-4] INFO  server.RaftServer$Division (RaftServerImpl.java:checkInconsistentAppendEntries(1301)) - 8f544fba-ae2a-4c10-8316-b74b14cffb80@group-E860D21F6A2B: Failed appendEntries as previous log entry ((t:2, i:0)) is not found
2021-03-15 13:21:57,890 [grpc-default-executor-4] INFO  server.RaftServer$Division (RaftServerImpl.java:checkInconsistentAppendEntries(1267)) - 8f544fba-ae2a-4c10-8316-b74b14cffb80@group-E860D21F6A2B: inconsistency entries. Reply:490c2edb-ef6d-43f1-a3fc-38f1bdb7d380<-8f544fba-ae2a-4c10-8316-b74b14cffb80#1:FAIL-t6,INCONSISTENCY,nextIndex=0,followerCommit=-1
2021-03-15 13:21:57,891 [grpc-default-executor-0] INFO  server.RaftServer$Division (ServerState.java:setRaftConf(373)) - 8f544fba-ae2a-4c10-8316-b74b14cffb80@group-E860D21F6A2B: set configuration 0: [01124cd4-4ace-459c-9f52-5cd7a41fca7c|rpc:172.17.0.2:40903|dataStream:|priority:0, 8f544fba-ae2a-4c10-8316-b74b14cffb80|rpc:172.17.0.2:35899|dataStream:|priority:0, 490c2edb-ef6d-43f1-a3fc-38f1bdb7d380|rpc:172.17.0.2:35411|dataStream:|priority:1], old=null
2021-03-15 13:21:57,891 [grpc-default-executor-0] INFO  segmented.SegmentedRaftLogWorker (SegmentedRaftLogWorker.java:startLogSegment(392)) - 8f544fba-ae2a-4c10-8316-b74b14cffb80@group-E860D21F6A2B-SegmentedRaftLogWorker: Starting segment from index:0
2021-03-15 13:21:57,891 [01124cd4-4ace-459c-9f52-5cd7a41fca7c@group-E860D21F6A2B-SegmentedRaftLogWorker] INFO  segmented.SegmentedRaftLogWorker (SegmentedRaftLogWorker.java:execute(599)) - 01124cd4-4ace-459c-9f52-5cd7a41fca7c@group-E860D21F6A2B-SegmentedRaftLogWorker: created new log segment /github/workspace/mnt/ozone/hadoop-ozone/integration-test/target/test-dir/MiniOzoneClusterImpl-10170ce6-1bcb-4b6c-85b7-fb1f14fc7e79/datanode-3/data/ratis/1efb9cfa-6e5b-42ab-9bfb-e860d21f6a2b/current/log_inprogress_1
2021-03-15 13:21:57,892 [grpc-default-executor-0] INFO  server.RaftServer$Division (ServerState.java:setRaftConf(373)) - 8f544fba-ae2a-4c10-8316-b74b14cffb80@group-E860D21F6A2B: set configuration 1: [01124cd4-4ace-459c-9f52-5cd7a41fca7c|rpc:172.17.0.2:40903|dataStream:|priority:0, 8f544fba-ae2a-4c10-8316-b74b14cffb80|rpc:172.17.0.2:35899|dataStream:|priority:0, 490c2edb-ef6d-43f1-a3fc-38f1bdb7d380|rpc:172.17.0.2:35411|dataStream:|priority:1], old=null
2021-03-15 13:21:57,892 [grpc-default-executor-0] INFO  segmented.SegmentedRaftLogWorker (SegmentedRaftLogWorker.java:rollLogSegment(397)) - 8f544fba-ae2a-4c10-8316-b74b14cffb80@group-E860D21F6A2B-SegmentedRaftLogWorker: Rolling segment log-0_0 to index:0
2021-03-15 13:21:57,892 [grpc-default-executor-4] INFO  leader.FollowerInfo (FollowerInfoImpl.java:lambda$new$0(46)) - 490c2edb-ef6d-43f1-a3fc-38f1bdb7d380@group-E860D21F6A2B->8f544fba-ae2a-4c10-8316-b74b14cffb80: nextIndex: updateUnconditionally 2 -> 0
2021-03-15 13:21:57,893 [8f544fba-ae2a-4c10-8316-b74b14cffb80@group-E860D21F6A2B-SegmentedRaftLogWorker] INFO  segmented.SegmentedRaftLogWorker (SegmentedRaftLogWorker.java:execute(599)) - 8f544fba-ae2a-4c10-8316-b74b14cffb80@group-E860D21F6A2B-SegmentedRaftLogWorker: created new log segment /github/workspace/mnt/ozone/hadoop-ozone/integration-test/target/test-dir/MiniOzoneClusterImpl-10170ce6-1bcb-4b6c-85b7-fb1f14fc7e79/datanode-4/data/ratis/1efb9cfa-6e5b-42ab-9bfb-e860d21f6a2b/current/log_inprogress_0
2021-03-15 13:21:57,894 [grpc-default-executor-4] INFO  server.RaftServer$Division (ServerState.java:setRaftConf(373)) - 8f544fba-ae2a-4c10-8316-b74b14cffb80@group-E860D21F6A2B: set configuration 0: [01124cd4-4ace-459c-9f52-5cd7a41fca7c|rpc:172.17.0.2:40903|dataStream:|priority:0, 8f544fba-ae2a-4c10-8316-b74b14cffb80|rpc:172.17.0.2:35899|dataStream:|priority:0, 490c2edb-ef6d-43f1-a3fc-38f1bdb7d380|rpc:172.17.0.2:35411|dataStream:|priority:1], old=null
2021-03-15 13:21:57,897 [grpc-default-executor-4] INFO  server.RaftServer$Division (ServerState.java:setRaftConf(373)) - 8f544fba-ae2a-4c10-8316-b74b14cffb80@group-E860D21F6A2B: set configuration 1: [01124cd4-4ace-459c-9f52-5cd7a41fca7c|rpc:172.17.0.2:40903|dataStream:|priority:0, 8f544fba-ae2a-4c10-8316-b74b14cffb80|rpc:172.17.0.2:35899|dataStream:|priority:0, 490c2edb-ef6d-43f1-a3fc-38f1bdb7d380|rpc:172.17.0.2:35411|dataStream:|priority:1], old=null
2021-03-15 13:21:57,904 [8f544fba-ae2a-4c10-8316-b74b14cffb80@group-E860D21F6A2B-SegmentedRaftLogWorker] INFO  segmented.SegmentedRaftLogWorker (SegmentedRaftLogWorker.java:execute(556)) - 8f544fba-ae2a-4c10-8316-b74b14cffb80@group-E860D21F6A2B-SegmentedRaftLogWorker: Rolled log segment from /github/workspace/mnt/ozone/hadoop-ozone/integration-test/target/test-dir/MiniOzoneClusterImpl-10170ce6-1bcb-4b6c-85b7-fb1f14fc7e79/datanode-4/data/ratis/1efb9cfa-6e5b-42ab-9bfb-e860d21f6a2b/current/log_inprogress_0 to /github/workspace/mnt/ozone/hadoop-ozone/integration-test/target/test-dir/MiniOzoneClusterImpl-10170ce6-1bcb-4b6c-85b7-fb1f14fc7e79/datanode-4/data/ratis/1efb9cfa-6e5b-42ab-9bfb-e860d21f6a2b/current/log_0-0
2021-03-15 13:21:57,906 [8f544fba-ae2a-4c10-8316-b74b14cffb80@group-E860D21F6A2B-SegmentedRaftLogWorker] INFO  segmented.SegmentedRaftLogWorker (SegmentedRaftLogWorker.java:execute(599)) - 8f544fba-ae2a-4c10-8316-b74b14cffb80@group-E860D21F6A2B-SegmentedRaftLogWorker: created new log segment /github/workspace/mnt/ozone/hadoop-ozone/integration-test/target/test-dir/MiniOzoneClusterImpl-10170ce6-1bcb-4b6c-85b7-fb1f14fc7e79/datanode-4/data/ratis/1efb9cfa-6e5b-42ab-9bfb-e860d21f6a2b/current/log_inprogress_1
2021-03-15 13:21:58,121 [Thread-525] INFO  impl.FollowerState (FollowerState.java:run(133)) - 2bcf9514-6eaf-4328-a021-870a209d39c4@group-388B48EC2E2F-FollowerState: change to CANDIDATE, lastRpcElapsedTime:5076732023ns, electionTimeout:5076ms
2021-03-15 13:21:58,121 [Thread-525] INFO  impl.RoleInfo (RoleInfo.java:shutdownFollowerState(108)) - 2bcf9514-6eaf-4328-a021-870a209d39c4: shutdown 2bcf9514-6eaf-4328-a021-870a209d39c4@group-388B48EC2E2F-FollowerState
2021-03-15 13:21:58,121 [Thread-525] INFO  server.RaftServer$Division (RaftServerImpl.java:setRole(284)) - 2bcf9514-6eaf-4328-a021-870a209d39c4@group-388B48EC2E2F: changes role from  FOLLOWER to CANDIDATE at term 6 for changeToCandidate
2021-03-15 13:21:58,121 [Thread-525] INFO  server.RaftServerConfigKeys (ConfUtils.java:logGet(44)) - raft.server.leaderelection.pre-vote = false (custom)
2021-03-15 13:21:58,121 [Thread-525] INFO  impl.RoleInfo (RoleInfo.java:updateAndGet(130)) - 2bcf9514-6eaf-4328-a021-870a209d39c4: start 2bcf9514-6eaf-4328-a021-870a209d39c4@group-388B48EC2E2F-LeaderElection36
2021-03-15 13:21:58,123 [2bcf9514-6eaf-4328-a021-870a209d39c4@group-388B48EC2E2F-LeaderElection36] INFO  impl.LeaderElection (LeaderElection.java:askForVotes(307)) - 2bcf9514-6eaf-4328-a021-870a209d39c4@group-388B48EC2E2F-LeaderElection36 ELECTION round 0: submit vote requests at term 7 for -1: [29adc670-2c1e-4c6c-9558-1601f864128b|rpc:172.17.0.2:37315|priority:0, 2bcf9514-6eaf-4328-a021-870a209d39c4|rpc:172.17.0.2:43919|priority:0, c8823aab-1c49-422a-a51c-c7b83b859fa6|rpc:172.17.0.2:38877|priority:1], old=null
2021-03-15 13:21:58,125 [grpc-default-executor-0] INFO  server.RaftServer$Division (RaftServerImpl.java:requestVote(1025)) - 29adc670-2c1e-4c6c-9558-1601f864128b@group-388B48EC2E2F: receive requestVote(ELECTION, 2bcf9514-6eaf-4328-a021-870a209d39c4, group-388B48EC2E2F, 7, (t:0, i:0))
2021-03-15 13:21:58,126 [grpc-default-executor-0] INFO  impl.VoteContext (VoteContext.java:log(48)) - 29adc670-2c1e-4c6c-9558-1601f864128b@group-388B48EC2E2F-FOLLOWER: reject ELECTION from 2bcf9514-6eaf-4328-a021-870a209d39c4: our last entry (t:1, i:0) > candidate's last entry (t:0, i:0)
2021-03-15 13:21:58,126 [grpc-default-executor-0] INFO  server.RaftServer$Division (RaftServerImpl.java:setRole(284)) - 29adc670-2c1e-4c6c-9558-1601f864128b@group-388B48EC2E2F: changes role from  FOLLOWER to FOLLOWER at term 7 for candidate:2bcf9514-6eaf-4328-a021-870a209d39c4
2021-03-15 13:21:58,126 [grpc-default-executor-0] INFO  impl.RoleInfo (RoleInfo.java:shutdownFollowerState(108)) - 29adc670-2c1e-4c6c-9558-1601f864128b: shutdown 29adc670-2c1e-4c6c-9558-1601f864128b@group-388B48EC2E2F-FollowerState
2021-03-15 13:21:58,126 [grpc-default-executor-0] INFO  impl.RoleInfo (RoleInfo.java:updateAndGet(130)) - 29adc670-2c1e-4c6c-9558-1601f864128b: start 29adc670-2c1e-4c6c-9558-1601f864128b@group-388B48EC2E2F-FollowerState
2021-03-15 13:21:58,126 [Thread-524] INFO  impl.FollowerState (FollowerState.java:run(142)) - 29adc670-2c1e-4c6c-9558-1601f864128b@group-388B48EC2E2F-FollowerState was interrupted: {}
java.lang.InterruptedException: sleep interrupted
	at java.lang.Thread.sleep(Native Method)
	at java.lang.Thread.sleep(Thread.java:340)
	at java.util.concurrent.TimeUnit.sleep(TimeUnit.java:386)
	at org.apache.ratis.util.TimeDuration.sleep(TimeDuration.java:324)
	at org.apache.ratis.util.TimeDuration.sleep(TimeDuration.java:309)
	at org.apache.ratis.server.impl.FollowerState.run(FollowerState.java:117)
2021-03-15 13:21:58,126 [grpc-default-executor-4] INFO  server.RaftServer$Division (RaftServerImpl.java:requestVote(1025)) - c8823aab-1c49-422a-a51c-c7b83b859fa6@group-388B48EC2E2F: receive requestVote(ELECTION, 2bcf9514-6eaf-4328-a021-870a209d39c4, group-388B48EC2E2F, 7, (t:0, i:0))
2021-03-15 13:21:58,126 [grpc-default-executor-4] INFO  impl.VoteContext (VoteContext.java:log(48)) - c8823aab-1c49-422a-a51c-c7b83b859fa6@group-388B48EC2E2F-FOLLOWER: reject ELECTION from 2bcf9514-6eaf-4328-a021-870a209d39c4: our last entry (t:4, i:1) > candidate's last entry (t:0, i:0)
2021-03-15 13:21:58,126 [grpc-default-executor-4] INFO  server.RaftServer$Division (RaftServerImpl.java:setRole(284)) - c8823aab-1c49-422a-a51c-c7b83b859fa6@group-388B48EC2E2F: changes role from  FOLLOWER to FOLLOWER at term 7 for candidate:2bcf9514-6eaf-4328-a021-870a209d39c4
2021-03-15 13:21:58,126 [grpc-default-executor-4] INFO  impl.RoleInfo (RoleInfo.java:shutdownFollowerState(108)) - c8823aab-1c49-422a-a51c-c7b83b859fa6: shutdown c8823aab-1c49-422a-a51c-c7b83b859fa6@group-388B48EC2E2F-FollowerState
2021-03-15 13:21:58,127 [grpc-default-executor-4] INFO  impl.RoleInfo (RoleInfo.java:updateAndGet(130)) - c8823aab-1c49-422a-a51c-c7b83b859fa6: start c8823aab-1c49-422a-a51c-c7b83b859fa6@group-388B48EC2E2F-FollowerState
2021-03-15 13:21:58,127 [Thread-523] INFO  impl.FollowerState (FollowerState.java:run(142)) - c8823aab-1c49-422a-a51c-c7b83b859fa6@group-388B48EC2E2F-FollowerState was interrupted: {}
java.lang.InterruptedException: sleep interrupted
	at java.lang.Thread.sleep(Native Method)
	at java.lang.Thread.sleep(Thread.java:340)
	at java.util.concurrent.TimeUnit.sleep(TimeUnit.java:386)
	at org.apache.ratis.util.TimeDuration.sleep(TimeDuration.java:324)
	at org.apache.ratis.util.TimeDuration.sleep(TimeDuration.java:309)
	at org.apache.ratis.server.impl.FollowerState.run(FollowerState.java:117)
2021-03-15 13:21:58,128 [grpc-default-executor-0] INFO  server.RaftServer$Division (RaftServerImpl.java:requestVote(1057)) - 29adc670-2c1e-4c6c-9558-1601f864128b@group-388B48EC2E2F replies to ELECTION vote request: 2bcf9514-6eaf-4328-a021-870a209d39c4<-29adc670-2c1e-4c6c-9558-1601f864128b#0:FAIL-t7. Peer's state: 29adc670-2c1e-4c6c-9558-1601f864128b@group-388B48EC2E2F:t7, leader=null, voted=null, raftlog=29adc670-2c1e-4c6c-9558-1601f864128b@group-388B48EC2E2F-SegmentedRaftLog:OPENED:c-1,f0,i0, conf=0: [29adc670-2c1e-4c6c-9558-1601f864128b|rpc:172.17.0.2:37315|dataStream:|priority:0, 2bcf9514-6eaf-4328-a021-870a209d39c4|rpc:172.17.0.2:43919|dataStream:|priority:0, c8823aab-1c49-422a-a51c-c7b83b859fa6|rpc:172.17.0.2:38877|dataStream:|priority:1], old=null
2021-03-15 13:21:58,128 [grpc-default-executor-4] INFO  server.RaftServer$Division (RaftServerImpl.java:requestVote(1057)) - c8823aab-1c49-422a-a51c-c7b83b859fa6@group-388B48EC2E2F replies to ELECTION vote request: 2bcf9514-6eaf-4328-a021-870a209d39c4<-c8823aab-1c49-422a-a51c-c7b83b859fa6#0:FAIL-t7. Peer's state: c8823aab-1c49-422a-a51c-c7b83b859fa6@group-388B48EC2E2F:t7, leader=null, voted=null, raftlog=c8823aab-1c49-422a-a51c-c7b83b859fa6@group-388B48EC2E2F-SegmentedRaftLog:OPENED:c-1,f1,i1, conf=1: [29adc670-2c1e-4c6c-9558-1601f864128b|rpc:172.17.0.2:37315|dataStream:|priority:0, 2bcf9514-6eaf-4328-a021-870a209d39c4|rpc:172.17.0.2:43919|dataStream:|priority:0, c8823aab-1c49-422a-a51c-c7b83b859fa6|rpc:172.17.0.2:38877|dataStream:|priority:1], old=null
2021-03-15 13:21:58,130 [2bcf9514-6eaf-4328-a021-870a209d39c4@group-388B48EC2E2F-LeaderElection36] INFO  impl.LeaderElection (LeaderElection.java:logAndReturn(89)) - 2bcf9514-6eaf-4328-a021-870a209d39c4@group-388B48EC2E2F-LeaderElection36: ELECTION REJECTED received 2 response(s) and 0 exception(s):
2021-03-15 13:21:58,130 [2bcf9514-6eaf-4328-a021-870a209d39c4@group-388B48EC2E2F-LeaderElection36] INFO  impl.LeaderElection (LeaderElection.java:logAndReturn(93)) -   Response 0: 2bcf9514-6eaf-4328-a021-870a209d39c4<-29adc670-2c1e-4c6c-9558-1601f864128b#0:FAIL-t7
2021-03-15 13:21:58,130 [2bcf9514-6eaf-4328-a021-870a209d39c4@group-388B48EC2E2F-LeaderElection36] INFO  impl.LeaderElection (LeaderElection.java:logAndReturn(93)) -   Response 1: 2bcf9514-6eaf-4328-a021-870a209d39c4<-c8823aab-1c49-422a-a51c-c7b83b859fa6#0:FAIL-t7
2021-03-15 13:21:58,130 [2bcf9514-6eaf-4328-a021-870a209d39c4@group-388B48EC2E2F-LeaderElection36] INFO  impl.LeaderElection (LeaderElection.java:askForVotes(309)) - 2bcf9514-6eaf-4328-a021-870a209d39c4@group-388B48EC2E2F-LeaderElection36 ELECTION round 0: result REJECTED
2021-03-15 13:21:58,130 [2bcf9514-6eaf-4328-a021-870a209d39c4@group-388B48EC2E2F-LeaderElection36] INFO  server.RaftServer$Division (RaftServerImpl.java:setRole(284)) - 2bcf9514-6eaf-4328-a021-870a209d39c4@group-388B48EC2E2F: changes role from CANDIDATE to FOLLOWER at term 7 for REJECTED
2021-03-15 13:21:58,130 [2bcf9514-6eaf-4328-a021-870a209d39c4@group-388B48EC2E2F-LeaderElection36] INFO  impl.RoleInfo (RoleInfo.java:shutdownLeaderElection(121)) - 2bcf9514-6eaf-4328-a021-870a209d39c4: shutdown 2bcf9514-6eaf-4328-a021-870a209d39c4@group-388B48EC2E2F-LeaderElection36
2021-03-15 13:21:58,130 [2bcf9514-6eaf-4328-a021-870a209d39c4@group-388B48EC2E2F-LeaderElection36] INFO  impl.RoleInfo (RoleInfo.java:updateAndGet(130)) - 2bcf9514-6eaf-4328-a021-870a209d39c4: start 2bcf9514-6eaf-4328-a021-870a209d39c4@group-388B48EC2E2F-FollowerState
2021-03-15 13:21:59,024 [Thread-534] INFO  impl.FollowerState (FollowerState.java:run(133)) - 490c2edb-ef6d-43f1-a3fc-38f1bdb7d380@group-D764FF994818-FollowerState: change to CANDIDATE, lastRpcElapsedTime:5061355670ns, electionTimeout:5054ms
2021-03-15 13:21:59,025 [Thread-534] INFO  impl.RoleInfo (RoleInfo.java:shutdownFollowerState(108)) - 490c2edb-ef6d-43f1-a3fc-38f1bdb7d380: shutdown 490c2edb-ef6d-43f1-a3fc-38f1bdb7d380@group-D764FF994818-FollowerState
2021-03-15 13:21:59,025 [Thread-534] INFO  server.RaftServer$Division (RaftServerImpl.java:setRole(284)) - 490c2edb-ef6d-43f1-a3fc-38f1bdb7d380@group-D764FF994818: changes role from  FOLLOWER to CANDIDATE at term 4 for changeToCandidate
2021-03-15 13:21:59,025 [Thread-534] INFO  server.RaftServerConfigKeys (ConfUtils.java:logGet(44)) - raft.server.leaderelection.pre-vote = false (custom)
2021-03-15 13:21:59,025 [Thread-534] INFO  impl.RoleInfo (RoleInfo.java:updateAndGet(130)) - 490c2edb-ef6d-43f1-a3fc-38f1bdb7d380: start 490c2edb-ef6d-43f1-a3fc-38f1bdb7d380@group-D764FF994818-LeaderElection37
2021-03-15 13:21:59,026 [490c2edb-ef6d-43f1-a3fc-38f1bdb7d380@group-D764FF994818-LeaderElection37] INFO  impl.LeaderElection (LeaderElection.java:askForVotes(307)) - 490c2edb-ef6d-43f1-a3fc-38f1bdb7d380@group-D764FF994818-LeaderElection37 ELECTION round 0: submit vote requests at term 5 for -1: [01124cd4-4ace-459c-9f52-5cd7a41fca7c|rpc:172.17.0.2:40903|dataStream:|priority:0, 8f544fba-ae2a-4c10-8316-b74b14cffb80|rpc:172.17.0.2:35899|dataStream:|priority:1, 490c2edb-ef6d-43f1-a3fc-38f1bdb7d380|rpc:172.17.0.2:35411|dataStream:|priority:0], old=null
2021-03-15 13:21:59,029 [grpc-default-executor-0] INFO  server.RaftServer$Division (RaftServerImpl.java:requestVote(1025)) - 01124cd4-4ace-459c-9f52-5cd7a41fca7c@group-D764FF994818: receive requestVote(ELECTION, 490c2edb-ef6d-43f1-a3fc-38f1bdb7d380, group-D764FF994818, 5, (t:0, i:0))
2021-03-15 13:21:59,029 [grpc-default-executor-0] INFO  impl.VoteContext (VoteContext.java:log(48)) - 01124cd4-4ace-459c-9f52-5cd7a41fca7c@group-D764FF994818-FOLLOWER: accept ELECTION from 490c2edb-ef6d-43f1-a3fc-38f1bdb7d380: our priority 0 <= candidate's priority 0
2021-03-15 13:21:59,029 [grpc-default-executor-0] INFO  server.RaftServer$Division (RaftServerImpl.java:setRole(284)) - 01124cd4-4ace-459c-9f52-5cd7a41fca7c@group-D764FF994818: changes role from  FOLLOWER to FOLLOWER at term 5 for candidate:490c2edb-ef6d-43f1-a3fc-38f1bdb7d380
2021-03-15 13:21:59,029 [grpc-default-executor-0] INFO  impl.RoleInfo (RoleInfo.java:shutdownFollowerState(108)) - 01124cd4-4ace-459c-9f52-5cd7a41fca7c: shutdown 01124cd4-4ace-459c-9f52-5cd7a41fca7c@group-D764FF994818-FollowerState
2021-03-15 13:21:59,029 [grpc-default-executor-0] INFO  impl.RoleInfo (RoleInfo.java:updateAndGet(130)) - 01124cd4-4ace-459c-9f52-5cd7a41fca7c: start 01124cd4-4ace-459c-9f52-5cd7a41fca7c@group-D764FF994818-FollowerState
2021-03-15 13:21:59,031 [Thread-531] INFO  impl.FollowerState (FollowerState.java:run(142)) - 01124cd4-4ace-459c-9f52-5cd7a41fca7c@group-D764FF994818-FollowerState was interrupted: {}
java.lang.InterruptedException: sleep interrupted
	at java.lang.Thread.sleep(Native Method)
	at java.lang.Thread.sleep(Thread.java:340)
	at java.util.concurrent.TimeUnit.sleep(TimeUnit.java:386)
	at org.apache.ratis.util.TimeDuration.sleep(TimeDuration.java:324)
	at org.apache.ratis.util.TimeDuration.sleep(TimeDuration.java:309)
	at org.apache.ratis.server.impl.FollowerState.run(FollowerState.java:117)
2021-03-15 13:21:59,031 [grpc-default-executor-2] INFO  server.RaftServer$Division (RaftServerImpl.java:requestVote(1025)) - 8f544fba-ae2a-4c10-8316-b74b14cffb80@group-D764FF994818: receive requestVote(ELECTION, 490c2edb-ef6d-43f1-a3fc-38f1bdb7d380, group-D764FF994818, 5, (t:0, i:0))
2021-03-15 13:21:59,031 [grpc-default-executor-2] INFO  impl.VoteContext (VoteContext.java:log(48)) - 8f544fba-ae2a-4c10-8316-b74b14cffb80@group-D764FF994818-FOLLOWER: reject ELECTION from 490c2edb-ef6d-43f1-a3fc-38f1bdb7d380: our priority 1 > candidate's priority 0
2021-03-15 13:21:59,031 [grpc-default-executor-2] INFO  server.RaftServer$Division (RaftServerImpl.java:setRole(284)) - 8f544fba-ae2a-4c10-8316-b74b14cffb80@group-D764FF994818: changes role from  FOLLOWER to FOLLOWER at term 5 for candidate:490c2edb-ef6d-43f1-a3fc-38f1bdb7d380
2021-03-15 13:21:59,031 [grpc-default-executor-2] INFO  impl.RoleInfo (RoleInfo.java:shutdownFollowerState(108)) - 8f544fba-ae2a-4c10-8316-b74b14cffb80: shutdown 8f544fba-ae2a-4c10-8316-b74b14cffb80@group-D764FF994818-FollowerState
2021-03-15 13:21:59,032 [grpc-default-executor-2] INFO  impl.RoleInfo (RoleInfo.java:updateAndGet(130)) - 8f544fba-ae2a-4c10-8316-b74b14cffb80: start 8f544fba-ae2a-4c10-8316-b74b14cffb80@group-D764FF994818-FollowerState
2021-03-15 13:21:59,032 [Thread-533] INFO  impl.FollowerState (FollowerState.java:run(142)) - 8f544fba-ae2a-4c10-8316-b74b14cffb80@group-D764FF994818-FollowerState was interrupted: {}
java.lang.InterruptedException: sleep interrupted
	at java.lang.Thread.sleep(Native Method)
	at java.lang.Thread.sleep(Thread.java:340)
	at java.util.concurrent.TimeUnit.sleep(TimeUnit.java:386)
	at org.apache.ratis.util.TimeDuration.sleep(TimeDuration.java:324)
	at org.apache.ratis.util.TimeDuration.sleep(TimeDuration.java:309)
	at org.apache.ratis.server.impl.FollowerState.run(FollowerState.java:117)
2021-03-15 13:21:59,033 [grpc-default-executor-0] INFO  server.RaftServer$Division (RaftServerImpl.java:requestVote(1057)) - 01124cd4-4ace-459c-9f52-5cd7a41fca7c@group-D764FF994818 replies to ELECTION vote request: 490c2edb-ef6d-43f1-a3fc-38f1bdb7d380<-01124cd4-4ace-459c-9f52-5cd7a41fca7c#0:OK-t5. Peer's state: 01124cd4-4ace-459c-9f52-5cd7a41fca7c@group-D764FF994818:t5, leader=null, voted=490c2edb-ef6d-43f1-a3fc-38f1bdb7d380, raftlog=01124cd4-4ace-459c-9f52-5cd7a41fca7c@group-D764FF994818-SegmentedRaftLog:OPENED:c-1,f-1,i0, conf=-1: [01124cd4-4ace-459c-9f52-5cd7a41fca7c|rpc:172.17.0.2:40903|priority:0, 8f544fba-ae2a-4c10-8316-b74b14cffb80|rpc:172.17.0.2:35899|priority:1, 490c2edb-ef6d-43f1-a3fc-38f1bdb7d380|rpc:172.17.0.2:35411|priority:0], old=null
2021-03-15 13:21:59,033 [grpc-default-executor-2] INFO  server.RaftServer$Division (RaftServerImpl.java:requestVote(1057)) - 8f544fba-ae2a-4c10-8316-b74b14cffb80@group-D764FF994818 replies to ELECTION vote request: 490c2edb-ef6d-43f1-a3fc-38f1bdb7d380<-8f544fba-ae2a-4c10-8316-b74b14cffb80#0:FAIL-t5. Peer's state: 8f544fba-ae2a-4c10-8316-b74b14cffb80@group-D764FF994818:t5, leader=null, voted=null, raftlog=8f544fba-ae2a-4c10-8316-b74b14cffb80@group-D764FF994818-SegmentedRaftLog:OPENED:c-1,f-1,i0, conf=-1: [01124cd4-4ace-459c-9f52-5cd7a41fca7c|rpc:172.17.0.2:40903|priority:0, 8f544fba-ae2a-4c10-8316-b74b14cffb80|rpc:172.17.0.2:35899|priority:1, 490c2edb-ef6d-43f1-a3fc-38f1bdb7d380|rpc:172.17.0.2:35411|priority:0], old=null
2021-03-15 13:21:59,034 [490c2edb-ef6d-43f1-a3fc-38f1bdb7d380@group-D764FF994818-LeaderElection37] INFO  impl.LeaderElection (LeaderElection.java:logAndReturn(89)) - 490c2edb-ef6d-43f1-a3fc-38f1bdb7d380@group-D764FF994818-LeaderElection37: ELECTION REJECTED received 1 response(s) and 0 exception(s):
2021-03-15 13:21:59,034 [490c2edb-ef6d-43f1-a3fc-38f1bdb7d380@group-D764FF994818-LeaderElection37] INFO  impl.LeaderElection (LeaderElection.java:logAndReturn(93)) -   Response 0: 490c2edb-ef6d-43f1-a3fc-38f1bdb7d380<-8f544fba-ae2a-4c10-8316-b74b14cffb80#0:FAIL-t5
2021-03-15 13:21:59,034 [490c2edb-ef6d-43f1-a3fc-38f1bdb7d380@group-D764FF994818-LeaderElection37] INFO  impl.LeaderElection (LeaderElection.java:askForVotes(309)) - 490c2edb-ef6d-43f1-a3fc-38f1bdb7d380@group-D764FF994818-LeaderElection37 ELECTION round 0: result REJECTED
2021-03-15 13:21:59,035 [490c2edb-ef6d-43f1-a3fc-38f1bdb7d380@group-D764FF994818-LeaderElection37] INFO  server.RaftServer$Division (RaftServerImpl.java:setRole(284)) - 490c2edb-ef6d-43f1-a3fc-38f1bdb7d380@group-D764FF994818: changes role from CANDIDATE to FOLLOWER at term 5 for REJECTED
2021-03-15 13:21:59,035 [490c2edb-ef6d-43f1-a3fc-38f1bdb7d380@group-D764FF994818-LeaderElection37] INFO  impl.RoleInfo (RoleInfo.java:shutdownLeaderElection(121)) - 490c2edb-ef6d-43f1-a3fc-38f1bdb7d380: shutdown 490c2edb-ef6d-43f1-a3fc-38f1bdb7d380@group-D764FF994818-LeaderElection37
2021-03-15 13:21:59,035 [490c2edb-ef6d-43f1-a3fc-38f1bdb7d380@group-D764FF994818-LeaderElection37] INFO  impl.RoleInfo (RoleInfo.java:updateAndGet(130)) - 490c2edb-ef6d-43f1-a3fc-38f1bdb7d380: start 490c2edb-ef6d-43f1-a3fc-38f1bdb7d380@group-D764FF994818-FollowerState
2021-03-15 13:22:03,209 [Thread-569] INFO  impl.FollowerState (FollowerState.java:run(133)) - 2bcf9514-6eaf-4328-a021-870a209d39c4@group-388B48EC2E2F-FollowerState: change to CANDIDATE, lastRpcElapsedTime:5078298967ns, electionTimeout:5078ms
2021-03-15 13:22:03,209 [Thread-569] INFO  impl.RoleInfo (RoleInfo.java:shutdownFollowerState(108)) - 2bcf9514-6eaf-4328-a021-870a209d39c4: shutdown 2bcf9514-6eaf-4328-a021-870a209d39c4@group-388B48EC2E2F-FollowerState
2021-03-15 13:22:03,209 [Thread-569] INFO  server.RaftServer$Division (RaftServerImpl.java:setRole(284)) - 2bcf9514-6eaf-4328-a021-870a209d39c4@group-388B48EC2E2F: changes role from  FOLLOWER to CANDIDATE at term 7 for changeToCandidate
2021-03-15 13:22:03,209 [Thread-569] INFO  server.RaftServerConfigKeys (ConfUtils.java:logGet(44)) - raft.server.leaderelection.pre-vote = false (custom)
2021-03-15 13:22:03,209 [Thread-569] INFO  impl.RoleInfo (RoleInfo.java:updateAndGet(130)) - 2bcf9514-6eaf-4328-a021-870a209d39c4: start 2bcf9514-6eaf-4328-a021-870a209d39c4@group-388B48EC2E2F-LeaderElection38
2021-03-15 13:22:03,211 [2bcf9514-6eaf-4328-a021-870a209d39c4@group-388B48EC2E2F-LeaderElection38] INFO  impl.LeaderElection (LeaderElection.java:askForVotes(307)) - 2bcf9514-6eaf-4328-a021-870a209d39c4@group-388B48EC2E2F-LeaderElection38 ELECTION round 0: submit vote requests at term 8 for -1: [29adc670-2c1e-4c6c-9558-1601f864128b|rpc:172.17.0.2:37315|priority:0, 2bcf9514-6eaf-4328-a021-870a209d39c4|rpc:172.17.0.2:43919|priority:0, c8823aab-1c49-422a-a51c-c7b83b859fa6|rpc:172.17.0.2:38877|priority:1], old=null
2021-03-15 13:22:03,212 [Thread-568] INFO  impl.FollowerState (FollowerState.java:run(133)) - c8823aab-1c49-422a-a51c-c7b83b859fa6@group-388B48EC2E2F-FollowerState: change to CANDIDATE, lastRpcElapsedTime:5085565080ns, electionTimeout:5085ms
2021-03-15 13:22:03,212 [Thread-568] INFO  impl.RoleInfo (RoleInfo.java:shutdownFollowerState(108)) - c8823aab-1c49-422a-a51c-c7b83b859fa6: shutdown c8823aab-1c49-422a-a51c-c7b83b859fa6@group-388B48EC2E2F-FollowerState
2021-03-15 13:22:03,212 [Thread-568] INFO  server.RaftServer$Division (RaftServerImpl.java:setRole(284)) - c8823aab-1c49-422a-a51c-c7b83b859fa6@group-388B48EC2E2F: changes role from  FOLLOWER to CANDIDATE at term 7 for changeToCandidate
2021-03-15 13:22:03,212 [Thread-568] INFO  server.RaftServerConfigKeys (ConfUtils.java:logGet(44)) - raft.server.leaderelection.pre-vote = false (custom)
2021-03-15 13:22:03,212 [Thread-568] INFO  impl.RoleInfo (RoleInfo.java:updateAndGet(130)) - c8823aab-1c49-422a-a51c-c7b83b859fa6: start c8823aab-1c49-422a-a51c-c7b83b859fa6@group-388B48EC2E2F-LeaderElection39
2021-03-15 13:22:03,213 [grpc-default-executor-0] INFO  server.RaftServer$Division (RaftServerImpl.java:requestVote(1025)) - 29adc670-2c1e-4c6c-9558-1601f864128b@group-388B48EC2E2F: receive requestVote(ELECTION, 2bcf9514-6eaf-4328-a021-870a209d39c4, group-388B48EC2E2F, 8, (t:0, i:0))
2021-03-15 13:22:03,213 [grpc-default-executor-0] INFO  impl.VoteContext (VoteContext.java:log(48)) - 29adc670-2c1e-4c6c-9558-1601f864128b@group-388B48EC2E2F-FOLLOWER: reject ELECTION from 2bcf9514-6eaf-4328-a021-870a209d39c4: our last entry (t:1, i:0) > candidate's last entry (t:0, i:0)
2021-03-15 13:22:03,213 [grpc-default-executor-0] INFO  server.RaftServer$Division (RaftServerImpl.java:setRole(284)) - 29adc670-2c1e-4c6c-9558-1601f864128b@group-388B48EC2E2F: changes role from  FOLLOWER to FOLLOWER at term 8 for candidate:2bcf9514-6eaf-4328-a021-870a209d39c4
2021-03-15 13:22:03,214 [grpc-default-executor-0] INFO  impl.RoleInfo (RoleInfo.java:shutdownFollowerState(108)) - 29adc670-2c1e-4c6c-9558-1601f864128b: shutdown 29adc670-2c1e-4c6c-9558-1601f864128b@group-388B48EC2E2F-FollowerState
2021-03-15 13:22:03,214 [grpc-default-executor-2] INFO  server.RaftServer$Division (RaftServerImpl.java:requestVote(1025)) - c8823aab-1c49-422a-a51c-c7b83b859fa6@group-388B48EC2E2F: receive requestVote(ELECTION, 2bcf9514-6eaf-4328-a021-870a209d39c4, group-388B48EC2E2F, 8, (t:0, i:0))
2021-03-15 13:22:03,214 [grpc-default-executor-2] INFO  impl.VoteContext (VoteContext.java:log(48)) - c8823aab-1c49-422a-a51c-c7b83b859fa6@group-388B48EC2E2F-CANDIDATE: reject ELECTION from 2bcf9514-6eaf-4328-a021-870a209d39c4: our last entry (t:4, i:1) > candidate's last entry (t:0, i:0)
2021-03-15 13:22:03,214 [grpc-default-executor-2] INFO  server.RaftServer$Division (RaftServerImpl.java:setRole(284)) - c8823aab-1c49-422a-a51c-c7b83b859fa6@group-388B48EC2E2F: changes role from CANDIDATE to FOLLOWER at term 8 for candidate:2bcf9514-6eaf-4328-a021-870a209d39c4
2021-03-15 13:22:03,214 [grpc-default-executor-2] INFO  impl.RoleInfo (RoleInfo.java:shutdownLeaderElection(121)) - c8823aab-1c49-422a-a51c-c7b83b859fa6: shutdown c8823aab-1c49-422a-a51c-c7b83b859fa6@group-388B48EC2E2F-LeaderElection39
2021-03-15 13:22:03,214 [grpc-default-executor-2] INFO  impl.RoleInfo (RoleInfo.java:updateAndGet(130)) - c8823aab-1c49-422a-a51c-c7b83b859fa6: start c8823aab-1c49-422a-a51c-c7b83b859fa6@group-388B48EC2E2F-FollowerState
2021-03-15 13:22:03,214 [grpc-default-executor-0] INFO  impl.RoleInfo (RoleInfo.java:updateAndGet(130)) - 29adc670-2c1e-4c6c-9558-1601f864128b: start 29adc670-2c1e-4c6c-9558-1601f864128b@group-388B48EC2E2F-FollowerState
2021-03-15 13:22:03,215 [Thread-567] INFO  impl.FollowerState (FollowerState.java:run(142)) - 29adc670-2c1e-4c6c-9558-1601f864128b@group-388B48EC2E2F-FollowerState was interrupted: {}
java.lang.InterruptedException: sleep interrupted
	at java.lang.Thread.sleep(Native Method)
	at java.lang.Thread.sleep(Thread.java:340)
	at java.util.concurrent.TimeUnit.sleep(TimeUnit.java:386)
	at org.apache.ratis.util.TimeDuration.sleep(TimeDuration.java:324)
	at org.apache.ratis.util.TimeDuration.sleep(TimeDuration.java:309)
	at org.apache.ratis.server.impl.FollowerState.run(FollowerState.java:117)
2021-03-15 13:22:03,216 [grpc-default-executor-2] INFO  server.RaftServer$Division (RaftServerImpl.java:requestVote(1057)) - c8823aab-1c49-422a-a51c-c7b83b859fa6@group-388B48EC2E2F replies to ELECTION vote request: 2bcf9514-6eaf-4328-a021-870a209d39c4<-c8823aab-1c49-422a-a51c-c7b83b859fa6#0:FAIL-t8. Peer's state: c8823aab-1c49-422a-a51c-c7b83b859fa6@group-388B48EC2E2F:t8, leader=null, voted=null, raftlog=c8823aab-1c49-422a-a51c-c7b83b859fa6@group-388B48EC2E2F-SegmentedRaftLog:OPENED:c-1,f1,i1, conf=1: [29adc670-2c1e-4c6c-9558-1601f864128b|rpc:172.17.0.2:37315|dataStream:|priority:0, 2bcf9514-6eaf-4328-a021-870a209d39c4|rpc:172.17.0.2:43919|dataStream:|priority:0, c8823aab-1c49-422a-a51c-c7b83b859fa6|rpc:172.17.0.2:38877|dataStream:|priority:1], old=null
2021-03-15 13:22:03,216 [grpc-default-executor-0] INFO  server.RaftServer$Division (RaftServerImpl.java:requestVote(1057)) - 29adc670-2c1e-4c6c-9558-1601f864128b@group-388B48EC2E2F replies to ELECTION vote request: 2bcf9514-6eaf-4328-a021-870a209d39c4<-29adc670-2c1e-4c6c-9558-1601f864128b#0:FAIL-t8. Peer's state: 29adc670-2c1e-4c6c-9558-1601f864128b@group-388B48EC2E2F:t8, leader=null, voted=null, raftlog=29adc670-2c1e-4c6c-9558-1601f864128b@group-388B48EC2E2F-SegmentedRaftLog:OPENED:c-1,f0,i0, conf=0: [29adc670-2c1e-4c6c-9558-1601f864128b|rpc:172.17.0.2:37315|dataStream:|priority:0, 2bcf9514-6eaf-4328-a021-870a209d39c4|rpc:172.17.0.2:43919|dataStream:|priority:0, c8823aab-1c49-422a-a51c-c7b83b859fa6|rpc:172.17.0.2:38877|dataStream:|priority:1], old=null
2021-03-15 13:22:03,219 [2bcf9514-6eaf-4328-a021-870a209d39c4@group-388B48EC2E2F-LeaderElection38] INFO  impl.LeaderElection (LeaderElection.java:logAndReturn(89)) - 2bcf9514-6eaf-4328-a021-870a209d39c4@group-388B48EC2E2F-LeaderElection38: ELECTION REJECTED received 2 response(s) and 0 exception(s):
2021-03-15 13:22:03,219 [2bcf9514-6eaf-4328-a021-870a209d39c4@group-388B48EC2E2F-LeaderElection38] INFO  impl.LeaderElection (LeaderElection.java:logAndReturn(93)) -   Response 0: 2bcf9514-6eaf-4328-a021-870a209d39c4<-29adc670-2c1e-4c6c-9558-1601f864128b#0:FAIL-t8
2021-03-15 13:22:03,219 [2bcf9514-6eaf-4328-a021-870a209d39c4@group-388B48EC2E2F-LeaderElection38] INFO  impl.LeaderElection (LeaderElection.java:logAndReturn(93)) -   Response 1: 2bcf9514-6eaf-4328-a021-870a209d39c4<-c8823aab-1c49-422a-a51c-c7b83b859fa6#0:FAIL-t8
2021-03-15 13:22:03,219 [2bcf9514-6eaf-4328-a021-870a209d39c4@group-388B48EC2E2F-LeaderElection38] INFO  impl.LeaderElection (LeaderElection.java:askForVotes(309)) - 2bcf9514-6eaf-4328-a021-870a209d39c4@group-388B48EC2E2F-LeaderElection38 ELECTION round 0: result REJECTED
2021-03-15 13:22:03,219 [2bcf9514-6eaf-4328-a021-870a209d39c4@group-388B48EC2E2F-LeaderElection38] INFO  server.RaftServer$Division (RaftServerImpl.java:setRole(284)) - 2bcf9514-6eaf-4328-a021-870a209d39c4@group-388B48EC2E2F: changes role from CANDIDATE to FOLLOWER at term 8 for REJECTED
2021-03-15 13:22:03,219 [2bcf9514-6eaf-4328-a021-870a209d39c4@group-388B48EC2E2F-LeaderElection38] INFO  impl.RoleInfo (RoleInfo.java:shutdownLeaderElection(121)) - 2bcf9514-6eaf-4328-a021-870a209d39c4: shutdown 2bcf9514-6eaf-4328-a021-870a209d39c4@group-388B48EC2E2F-LeaderElection38
2021-03-15 13:22:03,219 [2bcf9514-6eaf-4328-a021-870a209d39c4@group-388B48EC2E2F-LeaderElection38] INFO  impl.RoleInfo (RoleInfo.java:updateAndGet(130)) - 2bcf9514-6eaf-4328-a021-870a209d39c4: start 2bcf9514-6eaf-4328-a021-870a209d39c4@group-388B48EC2E2F-FollowerState
2021-03-15 13:22:04,168 [Thread-579] INFO  impl.FollowerState (FollowerState.java:run(133)) - 490c2edb-ef6d-43f1-a3fc-38f1bdb7d380@group-D764FF994818-FollowerState: change to CANDIDATE, lastRpcElapsedTime:5133512508ns, electionTimeout:5133ms
2021-03-15 13:22:04,169 [Thread-579] INFO  impl.RoleInfo (RoleInfo.java:shutdownFollowerState(108)) - 490c2edb-ef6d-43f1-a3fc-38f1bdb7d380: shutdown 490c2edb-ef6d-43f1-a3fc-38f1bdb7d380@group-D764FF994818-FollowerState
2021-03-15 13:22:04,169 [Thread-579] INFO  server.RaftServer$Division (RaftServerImpl.java:setRole(284)) - 490c2edb-ef6d-43f1-a3fc-38f1bdb7d380@group-D764FF994818: changes role from  FOLLOWER to CANDIDATE at term 5 for changeToCandidate
2021-03-15 13:22:04,169 [Thread-579] INFO  server.RaftServerConfigKeys (ConfUtils.java:logGet(44)) - raft.server.leaderelection.pre-vote = false (custom)
2021-03-15 13:22:04,169 [Thread-579] INFO  impl.RoleInfo (RoleInfo.java:updateAndGet(130)) - 490c2edb-ef6d-43f1-a3fc-38f1bdb7d380: start 490c2edb-ef6d-43f1-a3fc-38f1bdb7d380@group-D764FF994818-LeaderElection40
2021-03-15 13:22:04,171 [490c2edb-ef6d-43f1-a3fc-38f1bdb7d380@group-D764FF994818-LeaderElection40] INFO  impl.LeaderElection (LeaderElection.java:askForVotes(307)) - 490c2edb-ef6d-43f1-a3fc-38f1bdb7d380@group-D764FF994818-LeaderElection40 ELECTION round 0: submit vote requests at term 6 for -1: [01124cd4-4ace-459c-9f52-5cd7a41fca7c|rpc:172.17.0.2:40903|dataStream:|priority:0, 8f544fba-ae2a-4c10-8316-b74b14cffb80|rpc:172.17.0.2:35899|dataStream:|priority:1, 490c2edb-ef6d-43f1-a3fc-38f1bdb7d380|rpc:172.17.0.2:35411|dataStream:|priority:0], old=null
2021-03-15 13:22:04,173 [grpc-default-executor-0] INFO  server.RaftServer$Division (RaftServerImpl.java:requestVote(1025)) - 01124cd4-4ace-459c-9f52-5cd7a41fca7c@group-D764FF994818: receive requestVote(ELECTION, 490c2edb-ef6d-43f1-a3fc-38f1bdb7d380, group-D764FF994818, 6, (t:0, i:0))
2021-03-15 13:22:04,173 [grpc-default-executor-0] INFO  impl.VoteContext (VoteContext.java:log(48)) - 01124cd4-4ace-459c-9f52-5cd7a41fca7c@group-D764FF994818-FOLLOWER: accept ELECTION from 490c2edb-ef6d-43f1-a3fc-38f1bdb7d380: our priority 0 <= candidate's priority 0
2021-03-15 13:22:04,173 [grpc-default-executor-0] INFO  server.RaftServer$Division (RaftServerImpl.java:setRole(284)) - 01124cd4-4ace-459c-9f52-5cd7a41fca7c@group-D764FF994818: changes role from  FOLLOWER to FOLLOWER at term 6 for candidate:490c2edb-ef6d-43f1-a3fc-38f1bdb7d380
2021-03-15 13:22:04,173 [grpc-default-executor-0] INFO  impl.RoleInfo (RoleInfo.java:shutdownFollowerState(108)) - 01124cd4-4ace-459c-9f52-5cd7a41fca7c: shutdown 01124cd4-4ace-459c-9f52-5cd7a41fca7c@group-D764FF994818-FollowerState
2021-03-15 13:22:04,173 [grpc-default-executor-0] INFO  impl.RoleInfo (RoleInfo.java:updateAndGet(130)) - 01124cd4-4ace-459c-9f52-5cd7a41fca7c: start 01124cd4-4ace-459c-9f52-5cd7a41fca7c@group-D764FF994818-FollowerState
2021-03-15 13:22:04,173 [Thread-577] INFO  impl.FollowerState (FollowerState.java:run(142)) - 01124cd4-4ace-459c-9f52-5cd7a41fca7c@group-D764FF994818-FollowerState was interrupted: {}
java.lang.InterruptedException: sleep interrupted
	at java.lang.Thread.sleep(Native Method)
	at java.lang.Thread.sleep(Thread.java:340)
	at java.util.concurrent.TimeUnit.sleep(TimeUnit.java:386)
	at org.apache.ratis.util.TimeDuration.sleep(TimeDuration.java:324)
	at org.apache.ratis.util.TimeDuration.sleep(TimeDuration.java:309)
	at org.apache.ratis.server.impl.FollowerState.run(FollowerState.java:117)
2021-03-15 13:22:04,174 [grpc-default-executor-2] INFO  server.RaftServer$Division (RaftServerImpl.java:requestVote(1025)) - 8f544fba-ae2a-4c10-8316-b74b14cffb80@group-D764FF994818: receive requestVote(ELECTION, 490c2edb-ef6d-43f1-a3fc-38f1bdb7d380, group-D764FF994818, 6, (t:0, i:0))
2021-03-15 13:22:04,174 [grpc-default-executor-2] INFO  impl.VoteContext (VoteContext.java:log(48)) - 8f544fba-ae2a-4c10-8316-b74b14cffb80@group-D764FF994818-FOLLOWER: reject ELECTION from 490c2edb-ef6d-43f1-a3fc-38f1bdb7d380: our priority 1 > candidate's priority 0
2021-03-15 13:22:04,174 [grpc-default-executor-2] INFO  server.RaftServer$Division (RaftServerImpl.java:setRole(284)) - 8f544fba-ae2a-4c10-8316-b74b14cffb80@group-D764FF994818: changes role from  FOLLOWER to FOLLOWER at term 6 for candidate:490c2edb-ef6d-43f1-a3fc-38f1bdb7d380
2021-03-15 13:22:04,174 [grpc-default-executor-2] INFO  impl.RoleInfo (RoleInfo.java:shutdownFollowerState(108)) - 8f544fba-ae2a-4c10-8316-b74b14cffb80: shutdown 8f544fba-ae2a-4c10-8316-b74b14cffb80@group-D764FF994818-FollowerState
2021-03-15 13:22:04,174 [grpc-default-executor-2] INFO  impl.RoleInfo (RoleInfo.java:updateAndGet(130)) - 8f544fba-ae2a-4c10-8316-b74b14cffb80: start 8f544fba-ae2a-4c10-8316-b74b14cffb80@group-D764FF994818-FollowerState
2021-03-15 13:22:04,174 [Thread-578] INFO  impl.FollowerState (FollowerState.java:run(142)) - 8f544fba-ae2a-4c10-8316-b74b14cffb80@group-D764FF994818-FollowerState was interrupted: {}
java.lang.InterruptedException: sleep interrupted
	at java.lang.Thread.sleep(Native Method)
	at java.lang.Thread.sleep(Thread.java:340)
	at java.util.concurrent.TimeUnit.sleep(TimeUnit.java:386)
	at org.apache.ratis.util.TimeDuration.sleep(TimeDuration.java:324)
	at org.apache.ratis.util.TimeDuration.sleep(TimeDuration.java:309)
	at org.apache.ratis.server.impl.FollowerState.run(FollowerState.java:117)
2021-03-15 13:22:04,175 [grpc-default-executor-0] INFO  server.RaftServer$Division (RaftServerImpl.java:requestVote(1057)) - 01124cd4-4ace-459c-9f52-5cd7a41fca7c@group-D764FF994818 replies to ELECTION vote request: 490c2edb-ef6d-43f1-a3fc-38f1bdb7d380<-01124cd4-4ace-459c-9f52-5cd7a41fca7c#0:OK-t6. Peer's state: 01124cd4-4ace-459c-9f52-5cd7a41fca7c@group-D764FF994818:t6, leader=null, voted=490c2edb-ef6d-43f1-a3fc-38f1bdb7d380, raftlog=01124cd4-4ace-459c-9f52-5cd7a41fca7c@group-D764FF994818-SegmentedRaftLog:OPENED:c-1,f-1,i0, conf=-1: [01124cd4-4ace-459c-9f52-5cd7a41fca7c|rpc:172.17.0.2:40903|priority:0, 8f544fba-ae2a-4c10-8316-b74b14cffb80|rpc:172.17.0.2:35899|priority:1, 490c2edb-ef6d-43f1-a3fc-38f1bdb7d380|rpc:172.17.0.2:35411|priority:0], old=null
2021-03-15 13:22:04,177 [grpc-default-executor-2] INFO  server.RaftServer$Division (RaftServerImpl.java:requestVote(1057)) - 8f544fba-ae2a-4c10-8316-b74b14cffb80@group-D764FF994818 replies to ELECTION vote request: 490c2edb-ef6d-43f1-a3fc-38f1bdb7d380<-8f544fba-ae2a-4c10-8316-b74b14cffb80#0:FAIL-t6. Peer's state: 8f544fba-ae2a-4c10-8316-b74b14cffb80@group-D764FF994818:t6, leader=null, voted=null, raftlog=8f544fba-ae2a-4c10-8316-b74b14cffb80@group-D764FF994818-SegmentedRaftLog:OPENED:c-1,f-1,i0, conf=-1: [01124cd4-4ace-459c-9f52-5cd7a41fca7c|rpc:172.17.0.2:40903|priority:0, 8f544fba-ae2a-4c10-8316-b74b14cffb80|rpc:172.17.0.2:35899|priority:1, 490c2edb-ef6d-43f1-a3fc-38f1bdb7d380|rpc:172.17.0.2:35411|priority:0], old=null
2021-03-15 13:22:04,180 [490c2edb-ef6d-43f1-a3fc-38f1bdb7d380@group-D764FF994818-LeaderElection40] INFO  impl.LeaderElection (LeaderElection.java:logAndReturn(89)) - 490c2edb-ef6d-43f1-a3fc-38f1bdb7d380@group-D764FF994818-LeaderElection40: ELECTION REJECTED received 2 response(s) and 0 exception(s):
2021-03-15 13:22:04,180 [490c2edb-ef6d-43f1-a3fc-38f1bdb7d380@group-D764FF994818-LeaderElection40] INFO  impl.LeaderElection (LeaderElection.java:logAndReturn(93)) -   Response 0: 490c2edb-ef6d-43f1-a3fc-38f1bdb7d380<-01124cd4-4ace-459c-9f52-5cd7a41fca7c#0:OK-t6
2021-03-15 13:22:04,180 [490c2edb-ef6d-43f1-a3fc-38f1bdb7d380@group-D764FF994818-LeaderElection40] INFO  impl.LeaderElection (LeaderElection.java:logAndReturn(93)) -   Response 1: 490c2edb-ef6d-43f1-a3fc-38f1bdb7d380<-8f544fba-ae2a-4c10-8316-b74b14cffb80#0:FAIL-t6
2021-03-15 13:22:04,180 [490c2edb-ef6d-43f1-a3fc-38f1bdb7d380@group-D764FF994818-LeaderElection40] INFO  impl.LeaderElection (LeaderElection.java:askForVotes(309)) - 490c2edb-ef6d-43f1-a3fc-38f1bdb7d380@group-D764FF994818-LeaderElection40 ELECTION round 0: result REJECTED
2021-03-15 13:22:04,180 [490c2edb-ef6d-43f1-a3fc-38f1bdb7d380@group-D764FF994818-LeaderElection40] INFO  server.RaftServer$Division (RaftServerImpl.java:setRole(284)) - 490c2edb-ef6d-43f1-a3fc-38f1bdb7d380@group-D764FF994818: changes role from CANDIDATE to FOLLOWER at term 6 for REJECTED
2021-03-15 13:22:04,180 [490c2edb-ef6d-43f1-a3fc-38f1bdb7d380@group-D764FF994818-LeaderElection40] INFO  impl.RoleInfo (RoleInfo.java:shutdownLeaderElection(121)) - 490c2edb-ef6d-43f1-a3fc-38f1bdb7d380: shutdown 490c2edb-ef6d-43f1-a3fc-38f1bdb7d380@group-D764FF994818-LeaderElection40
2021-03-15 13:22:04,180 [490c2edb-ef6d-43f1-a3fc-38f1bdb7d380@group-D764FF994818-LeaderElection40] INFO  impl.RoleInfo (RoleInfo.java:updateAndGet(130)) - 490c2edb-ef6d-43f1-a3fc-38f1bdb7d380: start 490c2edb-ef6d-43f1-a3fc-38f1bdb7d380@group-D764FF994818-FollowerState
2021-03-15 13:22:08,305 [Thread-599] INFO  impl.FollowerState (FollowerState.java:run(133)) - 29adc670-2c1e-4c6c-9558-1601f864128b@group-388B48EC2E2F-FollowerState: change to CANDIDATE, lastRpcElapsedTime:5090964385ns, electionTimeout:5090ms
2021-03-15 13:22:08,306 [Thread-599] INFO  impl.RoleInfo (RoleInfo.java:shutdownFollowerState(108)) - 29adc670-2c1e-4c6c-9558-1601f864128b: shutdown 29adc670-2c1e-4c6c-9558-1601f864128b@group-388B48EC2E2F-FollowerState
2021-03-15 13:22:08,306 [Thread-599] INFO  server.RaftServer$Division (RaftServerImpl.java:setRole(284)) - 29adc670-2c1e-4c6c-9558-1601f864128b@group-388B48EC2E2F: changes role from  FOLLOWER to CANDIDATE at term 8 for changeToCandidate
2021-03-15 13:22:08,306 [Thread-599] INFO  server.RaftServerConfigKeys (ConfUtils.java:logGet(44)) - raft.server.leaderelection.pre-vote = false (custom)
2021-03-15 13:22:08,306 [Thread-599] INFO  impl.RoleInfo (RoleInfo.java:updateAndGet(130)) - 29adc670-2c1e-4c6c-9558-1601f864128b: start 29adc670-2c1e-4c6c-9558-1601f864128b@group-388B48EC2E2F-LeaderElection41
2021-03-15 13:22:08,308 [29adc670-2c1e-4c6c-9558-1601f864128b@group-388B48EC2E2F-LeaderElection41] INFO  impl.LeaderElection (LeaderElection.java:askForVotes(307)) - 29adc670-2c1e-4c6c-9558-1601f864128b@group-388B48EC2E2F-LeaderElection41 ELECTION round 0: submit vote requests at term 9 for 0: [29adc670-2c1e-4c6c-9558-1601f864128b|rpc:172.17.0.2:37315|dataStream:|priority:0, 2bcf9514-6eaf-4328-a021-870a209d39c4|rpc:172.17.0.2:43919|dataStream:|priority:0, c8823aab-1c49-422a-a51c-c7b83b859fa6|rpc:172.17.0.2:38877|dataStream:|priority:1], old=null
2021-03-15 13:22:08,313 [grpc-default-executor-2] INFO  server.RaftServer$Division (RaftServerImpl.java:requestVote(1025)) - 2bcf9514-6eaf-4328-a021-870a209d39c4@group-388B48EC2E2F: receive requestVote(ELECTION, 29adc670-2c1e-4c6c-9558-1601f864128b, group-388B48EC2E2F, 9, (t:1, i:0))
2021-03-15 13:22:08,314 [grpc-default-executor-2] INFO  impl.VoteContext (VoteContext.java:log(48)) - 2bcf9514-6eaf-4328-a021-870a209d39c4@group-388B48EC2E2F-FOLLOWER: accept ELECTION from 29adc670-2c1e-4c6c-9558-1601f864128b: our last entry null < candidate's last entry (t:1, i:0)
2021-03-15 13:22:08,314 [grpc-default-executor-2] INFO  server.RaftServer$Division (RaftServerImpl.java:setRole(284)) - 2bcf9514-6eaf-4328-a021-870a209d39c4@group-388B48EC2E2F: changes role from  FOLLOWER to FOLLOWER at term 9 for candidate:29adc670-2c1e-4c6c-9558-1601f864128b
2021-03-15 13:22:08,314 [grpc-default-executor-2] INFO  impl.RoleInfo (RoleInfo.java:shutdownFollowerState(108)) - 2bcf9514-6eaf-4328-a021-870a209d39c4: shutdown 2bcf9514-6eaf-4328-a021-870a209d39c4@group-388B48EC2E2F-FollowerState
2021-03-15 13:22:08,315 [Thread-600] INFO  impl.FollowerState (FollowerState.java:run(126)) - 2bcf9514-6eaf-4328-a021-870a209d39c4@group-388B48EC2E2F-FollowerState: Stopping now (isRunning? false, isFollower? true)
2021-03-15 13:22:08,315 [grpc-default-executor-2] INFO  impl.RoleInfo (RoleInfo.java:updateAndGet(130)) - 2bcf9514-6eaf-4328-a021-870a209d39c4: start 2bcf9514-6eaf-4328-a021-870a209d39c4@group-388B48EC2E2F-FollowerState
2021-03-15 13:22:08,316 [grpc-default-executor-2] INFO  server.RaftServer$Division (RaftServerImpl.java:requestVote(1057)) - 2bcf9514-6eaf-4328-a021-870a209d39c4@group-388B48EC2E2F replies to ELECTION vote request: 29adc670-2c1e-4c6c-9558-1601f864128b<-2bcf9514-6eaf-4328-a021-870a209d39c4#0:OK-t9. Peer's state: 2bcf9514-6eaf-4328-a021-870a209d39c4@group-388B48EC2E2F:t9, leader=null, voted=29adc670-2c1e-4c6c-9558-1601f864128b, raftlog=2bcf9514-6eaf-4328-a021-870a209d39c4@group-388B48EC2E2F-SegmentedRaftLog:OPENED:c-1,f-1,i0, conf=-1: [29adc670-2c1e-4c6c-9558-1601f864128b|rpc:172.17.0.2:37315|priority:0, 2bcf9514-6eaf-4328-a021-870a209d39c4|rpc:172.17.0.2:43919|priority:0, c8823aab-1c49-422a-a51c-c7b83b859fa6|rpc:172.17.0.2:38877|priority:1], old=null
2021-03-15 13:22:08,318 [grpc-default-executor-0] INFO  server.RaftServer$Division (RaftServerImpl.java:requestVote(1025)) - c8823aab-1c49-422a-a51c-c7b83b859fa6@group-388B48EC2E2F: receive requestVote(ELECTION, 29adc670-2c1e-4c6c-9558-1601f864128b, group-388B48EC2E2F, 9, (t:1, i:0))
2021-03-15 13:22:08,318 [grpc-default-executor-0] INFO  impl.VoteContext (VoteContext.java:log(48)) - c8823aab-1c49-422a-a51c-c7b83b859fa6@group-388B48EC2E2F-FOLLOWER: reject ELECTION from 29adc670-2c1e-4c6c-9558-1601f864128b: our last entry (t:4, i:1) > candidate's last entry (t:1, i:0)
2021-03-15 13:22:08,318 [grpc-default-executor-0] INFO  server.RaftServer$Division (RaftServerImpl.java:setRole(284)) - c8823aab-1c49-422a-a51c-c7b83b859fa6@group-388B48EC2E2F: changes role from  FOLLOWER to FOLLOWER at term 9 for candidate:29adc670-2c1e-4c6c-9558-1601f864128b
2021-03-15 13:22:08,318 [grpc-default-executor-0] INFO  impl.RoleInfo (RoleInfo.java:shutdownFollowerState(108)) - c8823aab-1c49-422a-a51c-c7b83b859fa6: shutdown c8823aab-1c49-422a-a51c-c7b83b859fa6@group-388B48EC2E2F-FollowerState
2021-03-15 13:22:08,318 [grpc-default-executor-0] INFO  impl.RoleInfo (RoleInfo.java:updateAndGet(130)) - c8823aab-1c49-422a-a51c-c7b83b859fa6: start c8823aab-1c49-422a-a51c-c7b83b859fa6@group-388B48EC2E2F-FollowerState
2021-03-15 13:22:08,318 [Thread-598] INFO  impl.FollowerState (FollowerState.java:run(142)) - c8823aab-1c49-422a-a51c-c7b83b859fa6@group-388B48EC2E2F-FollowerState was interrupted: {}
java.lang.InterruptedException: sleep interrupted
	at java.lang.Thread.sleep(Native Method)
	at java.lang.Thread.sleep(Thread.java:340)
	at java.util.concurrent.TimeUnit.sleep(TimeUnit.java:386)
	at org.apache.ratis.util.TimeDuration.sleep(TimeDuration.java:324)
	at org.apache.ratis.util.TimeDuration.sleep(TimeDuration.java:309)
	at org.apache.ratis.server.impl.FollowerState.run(FollowerState.java:117)
2021-03-15 13:22:08,320 [grpc-default-executor-0] INFO  server.RaftServer$Division (RaftServerImpl.java:requestVote(1057)) - c8823aab-1c49-422a-a51c-c7b83b859fa6@group-388B48EC2E2F replies to ELECTION vote request: 29adc670-2c1e-4c6c-9558-1601f864128b<-c8823aab-1c49-422a-a51c-c7b83b859fa6#0:FAIL-t9. Peer's state: c8823aab-1c49-422a-a51c-c7b83b859fa6@group-388B48EC2E2F:t9, leader=null, voted=null, raftlog=c8823aab-1c49-422a-a51c-c7b83b859fa6@group-388B48EC2E2F-SegmentedRaftLog:OPENED:c-1,f1,i1, conf=1: [29adc670-2c1e-4c6c-9558-1601f864128b|rpc:172.17.0.2:37315|dataStream:|priority:0, 2bcf9514-6eaf-4328-a021-870a209d39c4|rpc:172.17.0.2:43919|dataStream:|priority:0, c8823aab-1c49-422a-a51c-c7b83b859fa6|rpc:172.17.0.2:38877|dataStream:|priority:1], old=null
2021-03-15 13:22:08,321 [29adc670-2c1e-4c6c-9558-1601f864128b@group-388B48EC2E2F-LeaderElection41] INFO  impl.LeaderElection (LeaderElection.java:logAndReturn(89)) - 29adc670-2c1e-4c6c-9558-1601f864128b@group-388B48EC2E2F-LeaderElection41: ELECTION REJECTED received 2 response(s) and 0 exception(s):
2021-03-15 13:22:08,321 [29adc670-2c1e-4c6c-9558-1601f864128b@group-388B48EC2E2F-LeaderElection41] INFO  impl.LeaderElection (LeaderElection.java:logAndReturn(93)) -   Response 0: 29adc670-2c1e-4c6c-9558-1601f864128b<-2bcf9514-6eaf-4328-a021-870a209d39c4#0:OK-t9
2021-03-15 13:22:08,321 [29adc670-2c1e-4c6c-9558-1601f864128b@group-388B48EC2E2F-LeaderElection41] INFO  impl.LeaderElection (LeaderElection.java:logAndReturn(93)) -   Response 1: 29adc670-2c1e-4c6c-9558-1601f864128b<-c8823aab-1c49-422a-a51c-c7b83b859fa6#0:FAIL-t9
2021-03-15 13:22:08,321 [29adc670-2c1e-4c6c-9558-1601f864128b@group-388B48EC2E2F-LeaderElection41] INFO  impl.LeaderElection (LeaderElection.java:askForVotes(309)) - 29adc670-2c1e-4c6c-9558-1601f864128b@group-388B48EC2E2F-LeaderElection41 ELECTION round 0: result REJECTED
2021-03-15 13:22:08,321 [29adc670-2c1e-4c6c-9558-1601f864128b@group-388B48EC2E2F-LeaderElection41] INFO  server.RaftServer$Division (RaftServerImpl.java:setRole(284)) - 29adc670-2c1e-4c6c-9558-1601f864128b@group-388B48EC2E2F: changes role from CANDIDATE to FOLLOWER at term 9 for REJECTED
2021-03-15 13:22:08,321 [29adc670-2c1e-4c6c-9558-1601f864128b@group-388B48EC2E2F-LeaderElection41] INFO  impl.RoleInfo (RoleInfo.java:shutdownLeaderElection(121)) - 29adc670-2c1e-4c6c-9558-1601f864128b: shutdown 29adc670-2c1e-4c6c-9558-1601f864128b@group-388B48EC2E2F-LeaderElection41
2021-03-15 13:22:08,322 [29adc670-2c1e-4c6c-9558-1601f864128b@group-388B48EC2E2F-LeaderElection41] INFO  impl.RoleInfo (RoleInfo.java:updateAndGet(130)) - 29adc670-2c1e-4c6c-9558-1601f864128b: start 29adc670-2c1e-4c6c-9558-1601f864128b@group-388B48EC2E2F-FollowerState
2021-03-15 13:22:09,300 [Thread-608] INFO  impl.FollowerState (FollowerState.java:run(133)) - 490c2edb-ef6d-43f1-a3fc-38f1bdb7d380@group-D764FF994818-FollowerState: change to CANDIDATE, lastRpcElapsedTime:5119547711ns, electionTimeout:5119ms
2021-03-15 13:22:09,300 [Thread-608] INFO  impl.RoleInfo (RoleInfo.java:shutdownFollowerState(108)) - 490c2edb-ef6d-43f1-a3fc-38f1bdb7d380: shutdown 490c2edb-ef6d-43f1-a3fc-38f1bdb7d380@group-D764FF994818-FollowerState
2021-03-15 13:22:09,300 [Thread-608] INFO  server.RaftServer$Division (RaftServerImpl.java:setRole(284)) - 490c2edb-ef6d-43f1-a3fc-38f1bdb7d380@group-D764FF994818: changes role from  FOLLOWER to CANDIDATE at term 6 for changeToCandidate
2021-03-15 13:22:09,300 [Thread-608] INFO  server.RaftServerConfigKeys (ConfUtils.java:logGet(44)) - raft.server.leaderelection.pre-vote = false (custom)
2021-03-15 13:22:09,300 [Thread-608] INFO  impl.RoleInfo (RoleInfo.java:updateAndGet(130)) - 490c2edb-ef6d-43f1-a3fc-38f1bdb7d380: start 490c2edb-ef6d-43f1-a3fc-38f1bdb7d380@group-D764FF994818-LeaderElection42
2021-03-15 13:22:09,302 [490c2edb-ef6d-43f1-a3fc-38f1bdb7d380@group-D764FF994818-LeaderElection42] INFO  impl.LeaderElection (LeaderElection.java:askForVotes(307)) - 490c2edb-ef6d-43f1-a3fc-38f1bdb7d380@group-D764FF994818-LeaderElection42 ELECTION round 0: submit vote requests at term 7 for -1: [01124cd4-4ace-459c-9f52-5cd7a41fca7c|rpc:172.17.0.2:40903|dataStream:|priority:0, 8f544fba-ae2a-4c10-8316-b74b14cffb80|rpc:172.17.0.2:35899|dataStream:|priority:1, 490c2edb-ef6d-43f1-a3fc-38f1bdb7d380|rpc:172.17.0.2:35411|dataStream:|priority:0], old=null
2021-03-15 13:22:09,304 [grpc-default-executor-0] INFO  server.RaftServer$Division (RaftServerImpl.java:requestVote(1025)) - 01124cd4-4ace-459c-9f52-5cd7a41fca7c@group-D764FF994818: receive requestVote(ELECTION, 490c2edb-ef6d-43f1-a3fc-38f1bdb7d380, group-D764FF994818, 7, (t:0, i:0))
2021-03-15 13:22:09,305 [grpc-default-executor-0] INFO  impl.VoteContext (VoteContext.java:log(48)) - 01124cd4-4ace-459c-9f52-5cd7a41fca7c@group-D764FF994818-FOLLOWER: accept ELECTION from 490c2edb-ef6d-43f1-a3fc-38f1bdb7d380: our priority 0 <= candidate's priority 0
2021-03-15 13:22:09,305 [grpc-default-executor-0] INFO  server.RaftServer$Division (RaftServerImpl.java:setRole(284)) - 01124cd4-4ace-459c-9f52-5cd7a41fca7c@group-D764FF994818: changes role from  FOLLOWER to FOLLOWER at term 7 for candidate:490c2edb-ef6d-43f1-a3fc-38f1bdb7d380
2021-03-15 13:22:09,305 [grpc-default-executor-0] INFO  impl.RoleInfo (RoleInfo.java:shutdownFollowerState(108)) - 01124cd4-4ace-459c-9f52-5cd7a41fca7c: shutdown 01124cd4-4ace-459c-9f52-5cd7a41fca7c@group-D764FF994818-FollowerState
2021-03-15 13:22:09,305 [grpc-default-executor-0] INFO  impl.RoleInfo (RoleInfo.java:updateAndGet(130)) - 01124cd4-4ace-459c-9f52-5cd7a41fca7c: start 01124cd4-4ace-459c-9f52-5cd7a41fca7c@group-D764FF994818-FollowerState
2021-03-15 13:22:09,304 [grpc-default-executor-2] INFO  server.RaftServer$Division (RaftServerImpl.java:requestVote(1025)) - 8f544fba-ae2a-4c10-8316-b74b14cffb80@group-D764FF994818: receive requestVote(ELECTION, 490c2edb-ef6d-43f1-a3fc-38f1bdb7d380, group-D764FF994818, 7, (t:0, i:0))
2021-03-15 13:22:09,305 [grpc-default-executor-2] INFO  impl.VoteContext (VoteContext.java:log(48)) - 8f544fba-ae2a-4c10-8316-b74b14cffb80@group-D764FF994818-FOLLOWER: reject ELECTION from 490c2edb-ef6d-43f1-a3fc-38f1bdb7d380: our priority 1 > candidate's priority 0
2021-03-15 13:22:09,305 [grpc-default-executor-2] INFO  server.RaftServer$Division (RaftServerImpl.java:setRole(284)) - 8f544fba-ae2a-4c10-8316-b74b14cffb80@group-D764FF994818: changes role from  FOLLOWER to FOLLOWER at term 7 for candidate:490c2edb-ef6d-43f1-a3fc-38f1bdb7d380
2021-03-15 13:22:09,305 [grpc-default-executor-2] INFO  impl.RoleInfo (RoleInfo.java:shutdownFollowerState(108)) - 8f544fba-ae2a-4c10-8316-b74b14cffb80: shutdown 8f544fba-ae2a-4c10-8316-b74b14cffb80@group-D764FF994818-FollowerState
2021-03-15 13:22:09,305 [Thread-606] INFO  impl.FollowerState (FollowerState.java:run(142)) - 01124cd4-4ace-459c-9f52-5cd7a41fca7c@group-D764FF994818-FollowerState was interrupted: {}
java.lang.InterruptedException: sleep interrupted
	at java.lang.Thread.sleep(Native Method)
	at java.lang.Thread.sleep(Thread.java:340)
	at java.util.concurrent.TimeUnit.sleep(TimeUnit.java:386)
	at org.apache.ratis.util.TimeDuration.sleep(TimeDuration.java:324)
	at org.apache.ratis.util.TimeDuration.sleep(TimeDuration.java:309)
	at org.apache.ratis.server.impl.FollowerState.run(FollowerState.java:117)
2021-03-15 13:22:09,306 [grpc-default-executor-2] INFO  impl.RoleInfo (RoleInfo.java:updateAndGet(130)) - 8f544fba-ae2a-4c10-8316-b74b14cffb80: start 8f544fba-ae2a-4c10-8316-b74b14cffb80@group-D764FF994818-FollowerState
2021-03-15 13:22:09,306 [Thread-607] INFO  impl.FollowerState (FollowerState.java:run(142)) - 8f544fba-ae2a-4c10-8316-b74b14cffb80@group-D764FF994818-FollowerState was interrupted: {}
java.lang.InterruptedException: sleep interrupted
	at java.lang.Thread.sleep(Native Method)
	at java.lang.Thread.sleep(Thread.java:340)
	at java.util.concurrent.TimeUnit.sleep(TimeUnit.java:386)
	at org.apache.ratis.util.TimeDuration.sleep(TimeDuration.java:324)
	at org.apache.ratis.util.TimeDuration.sleep(TimeDuration.java:309)
	at org.apache.ratis.server.impl.FollowerState.run(FollowerState.java:117)
2021-03-15 13:22:09,308 [grpc-default-executor-0] INFO  server.RaftServer$Division (RaftServerImpl.java:requestVote(1057)) - 01124cd4-4ace-459c-9f52-5cd7a41fca7c@group-D764FF994818 replies to ELECTION vote request: 490c2edb-ef6d-43f1-a3fc-38f1bdb7d380<-01124cd4-4ace-459c-9f52-5cd7a41fca7c#0:OK-t7. Peer's state: 01124cd4-4ace-459c-9f52-5cd7a41fca7c@group-D764FF994818:t7, leader=null, voted=490c2edb-ef6d-43f1-a3fc-38f1bdb7d380, raftlog=01124cd4-4ace-459c-9f52-5cd7a41fca7c@group-D764FF994818-SegmentedRaftLog:OPENED:c-1,f-1,i0, conf=-1: [01124cd4-4ace-459c-9f52-5cd7a41fca7c|rpc:172.17.0.2:40903|priority:0, 8f544fba-ae2a-4c10-8316-b74b14cffb80|rpc:172.17.0.2:35899|priority:1, 490c2edb-ef6d-43f1-a3fc-38f1bdb7d380|rpc:172.17.0.2:35411|priority:0], old=null
2021-03-15 13:22:09,308 [grpc-default-executor-2] INFO  server.RaftServer$Division (RaftServerImpl.java:requestVote(1057)) - 8f544fba-ae2a-4c10-8316-b74b14cffb80@group-D764FF994818 replies to ELECTION vote request: 490c2edb-ef6d-43f1-a3fc-38f1bdb7d380<-8f544fba-ae2a-4c10-8316-b74b14cffb80#0:FAIL-t7. Peer's state: 8f544fba-ae2a-4c10-8316-b74b14cffb80@group-D764FF994818:t7, leader=null, voted=null, raftlog=8f544fba-ae2a-4c10-8316-b74b14cffb80@group-D764FF994818-SegmentedRaftLog:OPENED:c-1,f-1,i0, conf=-1: [01124cd4-4ace-459c-9f52-5cd7a41fca7c|rpc:172.17.0.2:40903|priority:0, 8f544fba-ae2a-4c10-8316-b74b14cffb80|rpc:172.17.0.2:35899|priority:1, 490c2edb-ef6d-43f1-a3fc-38f1bdb7d380|rpc:172.17.0.2:35411|priority:0], old=null
2021-03-15 13:22:09,316 [490c2edb-ef6d-43f1-a3fc-38f1bdb7d380@group-D764FF994818-LeaderElection42] INFO  impl.LeaderElection (LeaderElection.java:logAndReturn(89)) - 490c2edb-ef6d-43f1-a3fc-38f1bdb7d380@group-D764FF994818-LeaderElection42: ELECTION REJECTED received 2 response(s) and 0 exception(s):
2021-03-15 13:22:09,316 [490c2edb-ef6d-43f1-a3fc-38f1bdb7d380@group-D764FF994818-LeaderElection42] INFO  impl.LeaderElection (LeaderElection.java:logAndReturn(93)) -   Response 0: 490c2edb-ef6d-43f1-a3fc-38f1bdb7d380<-01124cd4-4ace-459c-9f52-5cd7a41fca7c#0:OK-t7
2021-03-15 13:22:09,316 [490c2edb-ef6d-43f1-a3fc-38f1bdb7d380@group-D764FF994818-LeaderElection42] INFO  impl.LeaderElection (LeaderElection.java:logAndReturn(93)) -   Response 1: 490c2edb-ef6d-43f1-a3fc-38f1bdb7d380<-8f544fba-ae2a-4c10-8316-b74b14cffb80#0:FAIL-t7
2021-03-15 13:22:09,316 [490c2edb-ef6d-43f1-a3fc-38f1bdb7d380@group-D764FF994818-LeaderElection42] INFO  impl.LeaderElection (LeaderElection.java:askForVotes(309)) - 490c2edb-ef6d-43f1-a3fc-38f1bdb7d380@group-D764FF994818-LeaderElection42 ELECTION round 0: result REJECTED
2021-03-15 13:22:09,316 [490c2edb-ef6d-43f1-a3fc-38f1bdb7d380@group-D764FF994818-LeaderElection42] INFO  server.RaftServer$Division (RaftServerImpl.java:setRole(284)) - 490c2edb-ef6d-43f1-a3fc-38f1bdb7d380@group-D764FF994818: changes role from CANDIDATE to FOLLOWER at term 7 for REJECTED
2021-03-15 13:22:09,316 [490c2edb-ef6d-43f1-a3fc-38f1bdb7d380@group-D764FF994818-LeaderElection42] INFO  impl.RoleInfo (RoleInfo.java:shutdownLeaderElection(121)) - 490c2edb-ef6d-43f1-a3fc-38f1bdb7d380: shutdown 490c2edb-ef6d-43f1-a3fc-38f1bdb7d380@group-D764FF994818-LeaderElection42
2021-03-15 13:22:09,316 [490c2edb-ef6d-43f1-a3fc-38f1bdb7d380@group-D764FF994818-LeaderElection42] INFO  impl.RoleInfo (RoleInfo.java:updateAndGet(130)) - 490c2edb-ef6d-43f1-a3fc-38f1bdb7d380: start 490c2edb-ef6d-43f1-a3fc-38f1bdb7d380@group-D764FF994818-FollowerState
2021-03-15 13:22:09,617 [grpc-default-executor-0] ERROR storage.BlockOutputStream (BlockOutputStream.java:lambda$writeChunkToContainer$3(676)) - writing chunk failed 105894018997354496_chunk_1 blockID conID: 1 locID: 105894018997354496 bcsId: 0 with exception org.apache.ratis.protocol.exceptions.AlreadyClosedException: SlidingWindow$Client:client-D2395CE2BFCF->RAFT is closed.
2021-03-15 13:22:09,617 [grpc-default-executor-0] ERROR storage.BlockOutputStream (BlockOutputStream.java:lambda$writeChunkToContainer$3(676)) - writing chunk failed 105894018997354496_chunk_2 blockID conID: 1 locID: 105894018997354496 bcsId: 0 with exception org.apache.ratis.protocol.exceptions.AlreadyClosedException: SlidingWindow$Client:client-D2395CE2BFCF->RAFT is closed.
2021-03-15 13:22:09,618 [grpc-default-executor-0] ERROR storage.BlockOutputStream (BlockOutputStream.java:lambda$writeChunkToContainer$3(676)) - writing chunk failed 105894018997354496_chunk_3 blockID conID: 1 locID: 105894018997354496 bcsId: 0 with exception org.apache.ratis.protocol.exceptions.AlreadyClosedException: SlidingWindow$Client:client-D2395CE2BFCF->RAFT is closed.
2021-03-15 13:22:09,618 [grpc-default-executor-0] ERROR storage.BlockOutputStream (BlockOutputStream.java:lambda$writeChunkToContainer$3(676)) - writing chunk failed 105894018997354496_chunk_4 blockID conID: 1 locID: 105894018997354496 bcsId: 0 with exception org.apache.ratis.protocol.exceptions.AlreadyClosedException: SlidingWindow$Client:client-D2395CE2BFCF->RAFT is closed.
2021-03-15 13:22:09,625 [Listener at 127.0.0.1/41395] WARN  io.KeyOutputStream (KeyOutputStream.java:handleException(312)) - Encountered exception java.io.IOException: Unexpected Storage Container Exception: java.util.concurrent.CompletionException: java.util.concurrent.CompletionException: org.apache.ratis.protocol.exceptions.AlreadyClosedException: SlidingWindow$Client:client-D2395CE2BFCF->RAFT is closed. on the pipeline Pipeline[ Id: 71864db7-4d39-4cb4-b48c-388b48ec2e2f, Nodes: c8823aab-1c49-422a-a51c-c7b83b859fa6{ip: 172.17.0.2, host: 287f2862ff4e, ports: [REPLICATION=46731, RATIS=38877, RATIS_ADMIN=38877, RATIS_SERVER=38877, STANDALONE=44487], networkLocation: /default-rack, certSerialId: null, persistedOpState: IN_SERVICE, persistedOpStateExpiryEpochSec: 0}29adc670-2c1e-4c6c-9558-1601f864128b{ip: 172.17.0.2, host: 287f2862ff4e, ports: [REPLICATION=36101, RATIS=37315, RATIS_ADMIN=37315, RATIS_SERVER=37315, STANDALONE=46417], networkLocation: /default-rack, certSerialId: null, persistedOpState: IN_SERVICE, persistedOpStateExpiryEpochSec: 0}2bcf9514-6eaf-4328-a021-870a209d39c4{ip: 172.17.0.2, host: 287f2862ff4e, ports: [REPLICATION=39657, RATIS=43919, RATIS_ADMIN=43919, RATIS_SERVER=43919, STANDALONE=43389], networkLocation: /default-rack, certSerialId: null, persistedOpState: IN_SERVICE, persistedOpStateExpiryEpochSec: 0}, Type:RATIS, Factor:THREE, State:OPEN, leaderId:c8823aab-1c49-422a-a51c-c7b83b859fa6, CreationTimestamp2021-03-15T13:21:29.094Z]. The last committed block length is 0, uncommitted data length is 400 retry count 0
2021-03-15 13:22:09,628 [Listener at 127.0.0.1/41395] INFO  io.BlockOutputStreamEntryPool (BlockOutputStreamEntryPool.java:allocateNewBlock(241)) - Allocating block with ExcludeList {datanodes = [], containerIds = [], pipelineIds = [PipelineID=71864db7-4d39-4cb4-b48c-388b48ec2e2f]}
2021-03-15 13:22:09,668 [Listener at 127.0.0.1/41395] INFO  metrics.RatisMetrics (RatisMetrics.java:lambda$create$0(36)) - Creating Metrics Registry : ratis.client_message_metrics.client-497CB20E2F98->2bcf9514-6eaf-4328-a021-870a209d39c4
2021-03-15 13:22:10,050 [Listener at 127.0.0.1/41395] INFO  ozone.MiniOzoneClusterImpl (MiniOzoneClusterImpl.java:shutdown(400)) - Shutting down the Mini Ozone Cluster
2021-03-15 13:22:10,050 [Listener at 127.0.0.1/41395] INFO  ozone.MiniOzoneClusterImpl (MiniOzoneClusterImpl.java:stop(415)) - Stopping the Mini Ozone Cluster
2021-03-15 13:22:10,051 [Listener at 127.0.0.1/41395] INFO  ozone.MiniOzoneClusterImpl (MiniOzoneClusterImpl.java:stopOM(497)) - Stopping the OzoneManager
2021-03-15 13:22:10,051 [Listener at 127.0.0.1/41395] INFO  ipc.Server (Server.java:stop(3403)) - Stopping server on 41395
2021-03-15 13:22:10,066 [IPC Server listener on 0] INFO  ipc.Server (Server.java:run(1366)) - Stopping IPC Server listener on 0
2021-03-15 13:22:10,067 [IPC Server Responder] INFO  ipc.Server (Server.java:run(1502)) - Stopping IPC Server Responder
2021-03-15 13:22:10,077 [Listener at 127.0.0.1/41395] INFO  server.RaftServer (RaftServerProxy.java:lambda$close$6(391)) - om1: close
2021-03-15 13:22:10,078 [Listener at 127.0.0.1/41395] INFO  server.RaftServer$Division (RaftServerImpl.java:lambda$close$4(406)) - om1@group-C5BA1605619E: shutdown
2021-03-15 13:22:10,078 [Listener at 127.0.0.1/41395] INFO  util.JmxRegister (JmxRegister.java:unregister(73)) - Successfully un-registered JMX Bean with object name Ratis:service=RaftServer,group=group-C5BA1605619E,id=om1
2021-03-15 13:22:10,078 [Listener at 127.0.0.1/41395] INFO  impl.RoleInfo (RoleInfo.java:shutdownLeaderState(91)) - om1: shutdown om1@group-C5BA1605619E-LeaderStateImpl
2021-03-15 13:22:10,078 [Listener at 127.0.0.1/41395] INFO  impl.PendingRequests (PendingRequests.java:sendNotLeaderResponses(249)) - om1@group-C5BA1605619E-PendingRequests: sendNotLeaderResponses
2021-03-15 13:22:10,082 [Listener at 127.0.0.1/41395] INFO  metrics.RatisMetrics (RatisMetrics.java:unregister(43)) - Unregistering Metrics Registry : ratis.log_appender.om1@group-C5BA1605619E
2021-03-15 13:22:10,082 [Listener at 127.0.0.1/41395] INFO  metrics.RatisMetrics (RatisMetrics.java:unregister(43)) - Unregistering Metrics Registry : ratis.server.om1@group-C5BA1605619E
2021-03-15 13:22:10,083 [om1@group-C5BA1605619E-StateMachineUpdater] INFO  ratis.OzoneManagerStateMachine (OzoneManagerStateMachine.java:takeSnapshot(345)) - Current Snapshot Index (t:1, i:8)
2021-03-15 13:22:10,084 [om1@group-C5BA1605619E-StateMachineUpdater] INFO  impl.StateMachineUpdater (StateMachineUpdater.java:takeSnapshot(279)) - om1@group-C5BA1605619E-StateMachineUpdater: Took a snapshot at index 8
2021-03-15 13:22:10,084 [om1@group-C5BA1605619E-StateMachineUpdater] INFO  impl.StateMachineUpdater (StateMachineUpdater.java:lambda$new$0(88)) - om1@group-C5BA1605619E-StateMachineUpdater: snapshotIndex: updateIncreasingly -1 -> 8
2021-03-15 13:22:10,084 [om1@group-C5BA1605619E-StateMachineUpdater] INFO  metrics.RatisMetrics (RatisMetrics.java:unregister(43)) - Unregistering Metrics Registry : ratis.state_machine.om1@group-C5BA1605619E
2021-03-15 13:22:10,085 [Listener at 127.0.0.1/41395] INFO  impl.StateMachineUpdater (StateMachineUpdater.java:stopAndJoin(148)) - om1@group-C5BA1605619E-StateMachineUpdater: set stopIndex = 8
2021-03-15 13:22:10,086 [Listener at 127.0.0.1/41395] INFO  server.RaftServer$Division (ServerState.java:close(405)) - om1@group-C5BA1605619E: closes. applyIndex: 8
2021-03-15 13:22:10,087 [om1@group-C5BA1605619E-SegmentedRaftLogWorker] INFO  segmented.SegmentedRaftLogWorker (SegmentedRaftLogWorker.java:run(326)) - om1@group-C5BA1605619E-SegmentedRaftLogWorker was interrupted, exiting. There are 0 tasks remaining in the queue.
2021-03-15 13:22:10,088 [Listener at 127.0.0.1/41395] INFO  segmented.SegmentedRaftLogWorker (SegmentedRaftLogWorker.java:close(236)) - om1@group-C5BA1605619E-SegmentedRaftLogWorker close()
2021-03-15 13:22:10,089 [Listener at 127.0.0.1/41395] INFO  metrics.RatisMetrics (RatisMetrics.java:unregister(43)) - Unregistering Metrics Registry : ratis.log_worker.om1@group-C5BA1605619E
2021-03-15 13:22:10,089 [Listener at 127.0.0.1/41395] INFO  metrics.RatisMetrics (RatisMetrics.java:unregister(43)) - Unregistering Metrics Registry : ratis.leader_election.om1@group-C5BA1605619E
2021-03-15 13:22:10,089 [Listener at 127.0.0.1/41395] INFO  metrics.RatisMetrics (RatisMetrics.java:unregister(43)) - Unregistering Metrics Registry : ratis.server.om1@group-C5BA1605619E
2021-03-15 13:22:10,090 [Listener at 127.0.0.1/41395] INFO  server.GrpcService (GrpcService.java:closeImpl(262)) - om1: shutdown server with port 9872 now
2021-03-15 13:22:10,093 [Listener at 127.0.0.1/41395] INFO  server.GrpcService (GrpcService.java:closeImpl(271)) - om1: shutdown server with port 9872 successfully
2021-03-15 13:22:10,093 [org.apache.ratis.util.JvmPauseMonitor$$Lambda$504/75164635@38871a6c] INFO  util.JvmPauseMonitor (JvmPauseMonitor.java:run(109)) - JvmPauseMonitor-om1: Stopped
2021-03-15 13:22:10,093 [Listener at 127.0.0.1/41395] INFO  ratis.OzoneManagerDoubleBuffer (OzoneManagerDoubleBuffer.java:stop(425)) - Stopping OMDoubleBuffer flush thread
2021-03-15 13:22:10,093 [OMDoubleBufferFlushThread] INFO  ratis.OzoneManagerDoubleBuffer (OzoneManagerDoubleBuffer.java:flushTransactions(352)) - OMDoubleBuffer flush thread OMDoubleBufferFlushThread is interrupted and will exit. OMDoubleBufferFlushThread
2021-03-15 13:22:10,094 [Listener at 127.0.0.1/41395] INFO  ratis.OzoneManagerStateMachine (HadoopExecutors.java:shutdown(118)) - Gracefully shutting down executor service. Waiting max 5 SECONDS
2021-03-15 13:22:10,094 [Listener at 127.0.0.1/41395] INFO  ratis.OzoneManagerStateMachine (HadoopExecutors.java:shutdown(129)) - Succesfully shutdown executor service
2021-03-15 13:22:10,094 [Listener at 127.0.0.1/41395] INFO  ratis.OzoneManagerStateMachine (HadoopExecutors.java:shutdown(118)) - Gracefully shutting down executor service. Waiting max 5 SECONDS
2021-03-15 13:22:10,095 [Listener at 127.0.0.1/41395] INFO  ratis.OzoneManagerStateMachine (HadoopExecutors.java:shutdown(129)) - Succesfully shutdown executor service
2021-03-15 13:22:10,095 [Listener at 127.0.0.1/41395] INFO  utils.BackgroundService (BackgroundService.java:shutdown(132)) - Shutting down service KeyDeletingService
2021-03-15 13:22:10,097 [Listener at 127.0.0.1/41395] INFO  handler.ContextHandler (ContextHandler.java:doStop(1154)) - Stopped o.e.j.w.WebAppContext@5b201618{ozoneManager,/,null,STOPPED}{file:/github/workspace/mnt/ozone/hadoop-ozone/integration-test/target/test-classes/webapps/ozoneManager}
2021-03-15 13:22:10,101 [Listener at 127.0.0.1/41395] INFO  server.AbstractConnector (AbstractConnector.java:doStop(381)) - Stopped ServerConnector@32b47bc{HTTP/1.1, (http/1.1)}{0.0.0.0:0}
2021-03-15 13:22:10,101 [Listener at 127.0.0.1/41395] INFO  server.session (HouseKeeper.java:stopScavenging(149)) - node0 Stopped scavenging
2021-03-15 13:22:10,102 [Listener at 127.0.0.1/41395] INFO  handler.ContextHandler (ContextHandler.java:doStop(1154)) - Stopped o.e.j.s.ServletContextHandler@594ded2e{static,/static,file:///github/workspace/mnt/ozone/hadoop-ozone/integration-test/target/test-classes/webapps/static,STOPPED}
2021-03-15 13:22:10,102 [Listener at 127.0.0.1/41395] INFO  handler.ContextHandler (ContextHandler.java:doStop(1154)) - Stopped o.e.j.s.ServletContextHandler@16b79ecc{logs,/logs,file:///github/workspace/mnt/ozone/hadoop-ozone/integration-test/target/log,STOPPED}
2021-03-15 13:22:10,105 [Listener at 127.0.0.1/41395] INFO  ozone.MiniOzoneClusterImpl (MiniOzoneClusterImpl.java:stopDatanodes(474)) - Stopping the HddsDatanodes
2021-03-15 13:22:10,733 [Datanode State Machine Thread - 0] INFO  statemachine.DatanodeStateMachine (DatanodeStateMachine.java:lambda$startDaemon$0(411)) - Ozone container server started.
2021-03-15 13:22:10,977 [Datanode State Machine Thread - 0] INFO  statemachine.DatanodeStateMachine (DatanodeStateMachine.java:lambda$startDaemon$0(411)) - Ozone container server started.
2021-03-15 13:22:13,425 [Thread-627] INFO  impl.FollowerState (FollowerState.java:run(133)) - c8823aab-1c49-422a-a51c-c7b83b859fa6@group-388B48EC2E2F-FollowerState: change to CANDIDATE, lastRpcElapsedTime:5106662448ns, electionTimeout:5105ms
2021-03-15 13:22:13,425 [Thread-627] INFO  impl.RoleInfo (RoleInfo.java:shutdownFollowerState(108)) - c8823aab-1c49-422a-a51c-c7b83b859fa6: shutdown c8823aab-1c49-422a-a51c-c7b83b859fa6@group-388B48EC2E2F-FollowerState
2021-03-15 13:22:13,425 [Thread-627] INFO  server.RaftServer$Division (RaftServerImpl.java:setRole(284)) - c8823aab-1c49-422a-a51c-c7b83b859fa6@group-388B48EC2E2F: changes role from  FOLLOWER to CANDIDATE at term 9 for changeToCandidate
2021-03-15 13:22:13,425 [Thread-627] INFO  server.RaftServerConfigKeys (ConfUtils.java:logGet(44)) - raft.server.leaderelection.pre-vote = false (custom)
2021-03-15 13:22:13,425 [Thread-627] INFO  impl.RoleInfo (RoleInfo.java:updateAndGet(130)) - c8823aab-1c49-422a-a51c-c7b83b859fa6: start c8823aab-1c49-422a-a51c-c7b83b859fa6@group-388B48EC2E2F-LeaderElection43
2021-03-15 13:22:13,428 [c8823aab-1c49-422a-a51c-c7b83b859fa6@group-388B48EC2E2F-LeaderElection43] INFO  impl.LeaderElection (LeaderElection.java:askForVotes(307)) - c8823aab-1c49-422a-a51c-c7b83b859fa6@group-388B48EC2E2F-LeaderElection43 ELECTION round 0: submit vote requests at term 10 for 1: [29adc670-2c1e-4c6c-9558-1601f864128b|rpc:172.17.0.2:37315|dataStream:|priority:0, 2bcf9514-6eaf-4328-a021-870a209d39c4|rpc:172.17.0.2:43919|dataStream:|priority:0, c8823aab-1c49-422a-a51c-c7b83b859fa6|rpc:172.17.0.2:38877|dataStream:|priority:1], old=null
2021-03-15 13:22:13,431 [grpc-default-executor-4] INFO  server.RaftServer$Division (RaftServerImpl.java:requestVote(1025)) - 29adc670-2c1e-4c6c-9558-1601f864128b@group-388B48EC2E2F: receive requestVote(ELECTION, c8823aab-1c49-422a-a51c-c7b83b859fa6, group-388B48EC2E2F, 10, (t:4, i:1))
2021-03-15 13:22:13,431 [grpc-default-executor-4] INFO  impl.VoteContext (VoteContext.java:log(48)) - 29adc670-2c1e-4c6c-9558-1601f864128b@group-388B48EC2E2F-FOLLOWER: accept ELECTION from c8823aab-1c49-422a-a51c-c7b83b859fa6: our last entry (t:1, i:0) < candidate's last entry (t:4, i:1)
2021-03-15 13:22:13,431 [grpc-default-executor-4] INFO  server.RaftServer$Division (RaftServerImpl.java:setRole(284)) - 29adc670-2c1e-4c6c-9558-1601f864128b@group-388B48EC2E2F: changes role from  FOLLOWER to FOLLOWER at term 10 for candidate:c8823aab-1c49-422a-a51c-c7b83b859fa6
2021-03-15 13:22:13,431 [grpc-default-executor-4] INFO  impl.RoleInfo (RoleInfo.java:shutdownFollowerState(108)) - 29adc670-2c1e-4c6c-9558-1601f864128b: shutdown 29adc670-2c1e-4c6c-9558-1601f864128b@group-388B48EC2E2F-FollowerState
2021-03-15 13:22:13,431 [grpc-default-executor-4] INFO  impl.RoleInfo (RoleInfo.java:updateAndGet(130)) - 29adc670-2c1e-4c6c-9558-1601f864128b: start 29adc670-2c1e-4c6c-9558-1601f864128b@group-388B48EC2E2F-FollowerState
2021-03-15 13:22:13,431 [Thread-628] INFO  impl.FollowerState (FollowerState.java:run(142)) - 29adc670-2c1e-4c6c-9558-1601f864128b@group-388B48EC2E2F-FollowerState was interrupted: {}
java.lang.InterruptedException: sleep interrupted
	at java.lang.Thread.sleep(Native Method)
	at java.lang.Thread.sleep(Thread.java:340)
	at java.util.concurrent.TimeUnit.sleep(TimeUnit.java:386)
	at org.apache.ratis.util.TimeDuration.sleep(TimeDuration.java:324)
	at org.apache.ratis.util.TimeDuration.sleep(TimeDuration.java:309)
	at org.apache.ratis.server.impl.FollowerState.run(FollowerState.java:117)
2021-03-15 13:22:13,433 [grpc-default-executor-2] INFO  server.RaftServer$Division (RaftServerImpl.java:requestVote(1025)) - 2bcf9514-6eaf-4328-a021-870a209d39c4@group-388B48EC2E2F: receive requestVote(ELECTION, c8823aab-1c49-422a-a51c-c7b83b859fa6, group-388B48EC2E2F, 10, (t:4, i:1))
2021-03-15 13:22:13,433 [grpc-default-executor-2] INFO  impl.VoteContext (VoteContext.java:log(48)) - 2bcf9514-6eaf-4328-a021-870a209d39c4@group-388B48EC2E2F-FOLLOWER: accept ELECTION from c8823aab-1c49-422a-a51c-c7b83b859fa6: our last entry null < candidate's last entry (t:4, i:1)
2021-03-15 13:22:13,433 [grpc-default-executor-2] INFO  server.RaftServer$Division (RaftServerImpl.java:setRole(284)) - 2bcf9514-6eaf-4328-a021-870a209d39c4@group-388B48EC2E2F: changes role from  FOLLOWER to FOLLOWER at term 10 for candidate:c8823aab-1c49-422a-a51c-c7b83b859fa6
2021-03-15 13:22:13,434 [grpc-default-executor-2] INFO  impl.RoleInfo (RoleInfo.java:shutdownFollowerState(108)) - 2bcf9514-6eaf-4328-a021-870a209d39c4: shutdown 2bcf9514-6eaf-4328-a021-870a209d39c4@group-388B48EC2E2F-FollowerState
2021-03-15 13:22:13,434 [grpc-default-executor-2] INFO  impl.RoleInfo (RoleInfo.java:updateAndGet(130)) - 2bcf9514-6eaf-4328-a021-870a209d39c4: start 2bcf9514-6eaf-4328-a021-870a209d39c4@group-388B48EC2E2F-FollowerState
2021-03-15 13:22:13,434 [Thread-626] INFO  impl.FollowerState (FollowerState.java:run(142)) - 2bcf9514-6eaf-4328-a021-870a209d39c4@group-388B48EC2E2F-FollowerState was interrupted: {}
java.lang.InterruptedException: sleep interrupted
	at java.lang.Thread.sleep(Native Method)
	at java.lang.Thread.sleep(Thread.java:340)
	at java.util.concurrent.TimeUnit.sleep(TimeUnit.java:386)
	at org.apache.ratis.util.TimeDuration.sleep(TimeDuration.java:324)
	at org.apache.ratis.util.TimeDuration.sleep(TimeDuration.java:309)
	at org.apache.ratis.server.impl.FollowerState.run(FollowerState.java:117)
2021-03-15 13:22:13,435 [grpc-default-executor-4] INFO  server.RaftServer$Division (RaftServerImpl.java:requestVote(1057)) - 29adc670-2c1e-4c6c-9558-1601f864128b@group-388B48EC2E2F replies to ELECTION vote request: c8823aab-1c49-422a-a51c-c7b83b859fa6<-29adc670-2c1e-4c6c-9558-1601f864128b#0:OK-t10. Peer's state: 29adc670-2c1e-4c6c-9558-1601f864128b@group-388B48EC2E2F:t10, leader=null, voted=c8823aab-1c49-422a-a51c-c7b83b859fa6, raftlog=29adc670-2c1e-4c6c-9558-1601f864128b@group-388B48EC2E2F-SegmentedRaftLog:OPENED:c-1,f0,i0, conf=0: [29adc670-2c1e-4c6c-9558-1601f864128b|rpc:172.17.0.2:37315|dataStream:|priority:0, 2bcf9514-6eaf-4328-a021-870a209d39c4|rpc:172.17.0.2:43919|dataStream:|priority:0, c8823aab-1c49-422a-a51c-c7b83b859fa6|rpc:172.17.0.2:38877|dataStream:|priority:1], old=null
2021-03-15 13:22:13,436 [grpc-default-executor-2] INFO  server.RaftServer$Division (RaftServerImpl.java:requestVote(1057)) - 2bcf9514-6eaf-4328-a021-870a209d39c4@group-388B48EC2E2F replies to ELECTION vote request: c8823aab-1c49-422a-a51c-c7b83b859fa6<-2bcf9514-6eaf-4328-a021-870a209d39c4#0:OK-t10. Peer's state: 2bcf9514-6eaf-4328-a021-870a209d39c4@group-388B48EC2E2F:t10, leader=null, voted=c8823aab-1c49-422a-a51c-c7b83b859fa6, raftlog=2bcf9514-6eaf-4328-a021-870a209d39c4@group-388B48EC2E2F-SegmentedRaftLog:OPENED:c-1,f-1,i0, conf=-1: [29adc670-2c1e-4c6c-9558-1601f864128b|rpc:172.17.0.2:37315|priority:0, 2bcf9514-6eaf-4328-a021-870a209d39c4|rpc:172.17.0.2:43919|priority:0, c8823aab-1c49-422a-a51c-c7b83b859fa6|rpc:172.17.0.2:38877|priority:1], old=null
2021-03-15 13:22:13,436 [c8823aab-1c49-422a-a51c-c7b83b859fa6@group-388B48EC2E2F-LeaderElection43] INFO  impl.LeaderElection (LeaderElection.java:logAndReturn(89)) - c8823aab-1c49-422a-a51c-c7b83b859fa6@group-388B48EC2E2F-LeaderElection43: ELECTION PASSED received 1 response(s) and 0 exception(s):
2021-03-15 13:22:13,436 [c8823aab-1c49-422a-a51c-c7b83b859fa6@group-388B48EC2E2F-LeaderElection43] INFO  impl.LeaderElection (LeaderElection.java:logAndReturn(93)) -   Response 0: c8823aab-1c49-422a-a51c-c7b83b859fa6<-29adc670-2c1e-4c6c-9558-1601f864128b#0:OK-t10
2021-03-15 13:22:13,436 [c8823aab-1c49-422a-a51c-c7b83b859fa6@group-388B48EC2E2F-LeaderElection43] INFO  impl.LeaderElection (LeaderElection.java:askForVotes(309)) - c8823aab-1c49-422a-a51c-c7b83b859fa6@group-388B48EC2E2F-LeaderElection43 ELECTION round 0: result PASSED
2021-03-15 13:22:13,436 [c8823aab-1c49-422a-a51c-c7b83b859fa6@group-388B48EC2E2F-LeaderElection43] INFO  impl.RoleInfo (RoleInfo.java:shutdownLeaderElection(121)) - c8823aab-1c49-422a-a51c-c7b83b859fa6: shutdown c8823aab-1c49-422a-a51c-c7b83b859fa6@group-388B48EC2E2F-LeaderElection43
2021-03-15 13:22:13,436 [c8823aab-1c49-422a-a51c-c7b83b859fa6@group-388B48EC2E2F-LeaderElection43] INFO  server.RaftServer$Division (RaftServerImpl.java:setRole(284)) - c8823aab-1c49-422a-a51c-c7b83b859fa6@group-388B48EC2E2F: changes role from CANDIDATE to LEADER at term 10 for changeToLeader
2021-03-15 13:22:13,437 [c8823aab-1c49-422a-a51c-c7b83b859fa6@group-388B48EC2E2F-LeaderElection43] INFO  ratis.XceiverServerRatis (XceiverServerRatis.java:handleLeaderChangedNotification(899)) - Leader change notification received for group: group-388B48EC2E2F with new leaderId: c8823aab-1c49-422a-a51c-c7b83b859fa6
2021-03-15 13:22:13,437 [c8823aab-1c49-422a-a51c-c7b83b859fa6@group-388B48EC2E2F-LeaderElection43] INFO  server.RaftServer$Division (ServerState.java:setLeader(271)) - c8823aab-1c49-422a-a51c-c7b83b859fa6@group-388B48EC2E2F: change Leader from null to c8823aab-1c49-422a-a51c-c7b83b859fa6 at term 10 for becomeLeader, leader elected after 25509ms
2021-03-15 13:22:13,437 [c8823aab-1c49-422a-a51c-c7b83b859fa6@group-388B48EC2E2F-LeaderElection43] INFO  server.RaftServerConfigKeys (ConfUtils.java:logGet(44)) - raft.server.staging.catchup.gap = 1000 (default)
2021-03-15 13:22:13,437 [c8823aab-1c49-422a-a51c-c7b83b859fa6@group-388B48EC2E2F-LeaderElection43] INFO  metrics.RatisMetrics (RatisMetrics.java:lambda$create$0(36)) - Creating Metrics Registry : ratis.log_appender.c8823aab-1c49-422a-a51c-c7b83b859fa6@group-388B48EC2E2F
2021-03-15 13:22:13,437 [c8823aab-1c49-422a-a51c-c7b83b859fa6@group-388B48EC2E2F-LeaderElection43] INFO  server.RaftServerConfigKeys (ConfUtils.java:logGet(44)) - raft.server.write.element-limit = 1024 (custom)
2021-03-15 13:22:13,437 [c8823aab-1c49-422a-a51c-c7b83b859fa6@group-388B48EC2E2F-LeaderElection43] INFO  server.RaftServerConfigKeys (ConfUtils.java:logGet(44)) - raft.server.write.byte-limit = 1073741824 (custom)
2021-03-15 13:22:13,438 [c8823aab-1c49-422a-a51c-c7b83b859fa6@group-388B48EC2E2F-LeaderElection43] INFO  server.RaftServerConfigKeys (ConfUtils.java:logGet(44)) - raft.server.watch.timeout = 3000ms (custom)
2021-03-15 13:22:13,438 [c8823aab-1c49-422a-a51c-c7b83b859fa6@group-388B48EC2E2F-LeaderElection43] INFO  server.RaftServerConfigKeys (ConfUtils.java:logGet(44)) - raft.server.watch.timeout.denomination = 1s (default)
2021-03-15 13:22:13,438 [c8823aab-1c49-422a-a51c-c7b83b859fa6@group-388B48EC2E2F-LeaderElection43] INFO  server.RaftServerConfigKeys (ConfUtils.java:logGet(44)) - raft.server.watch.element-limit = 65536 (default)
2021-03-15 13:22:13,438 [c8823aab-1c49-422a-a51c-c7b83b859fa6@group-388B48EC2E2F-LeaderElection43] INFO  server.RaftServerConfigKeys (ConfUtils.java:logGet(44)) - raft.server.log.appender.snapshot.chunk.size.max = 16MB (=16777216) (default)
2021-03-15 13:22:13,438 [c8823aab-1c49-422a-a51c-c7b83b859fa6@group-388B48EC2E2F-LeaderElection43] INFO  server.RaftServerConfigKeys (ConfUtils.java:logGet(44)) - raft.server.log.appender.buffer.byte-limit = 33554432 (custom)
2021-03-15 13:22:13,438 [c8823aab-1c49-422a-a51c-c7b83b859fa6@group-388B48EC2E2F-LeaderElection43] INFO  server.RaftServerConfigKeys (ConfUtils.java:logGet(44)) - raft.server.log.appender.buffer.element-limit = 1 (custom)
2021-03-15 13:22:13,438 [c8823aab-1c49-422a-a51c-c7b83b859fa6@group-388B48EC2E2F-LeaderElection43] INFO  grpc.GrpcConfigKeys (ConfUtils.java:logGet(44)) - raft.grpc.server.leader.outstanding.appends.max = 128 (default)
2021-03-15 13:22:13,438 [c8823aab-1c49-422a-a51c-c7b83b859fa6@group-388B48EC2E2F-LeaderElection43] INFO  server.RaftServerConfigKeys (ConfUtils.java:logGet(44)) - raft.server.rpc.request.timeout = 3000ms (default)
2021-03-15 13:22:13,438 [c8823aab-1c49-422a-a51c-c7b83b859fa6@group-388B48EC2E2F-LeaderElection43] INFO  server.RaftServerConfigKeys (ConfUtils.java:logGet(44)) - raft.server.log.appender.install.snapshot.enabled = false (custom)
2021-03-15 13:22:13,439 [c8823aab-1c49-422a-a51c-c7b83b859fa6@group-388B48EC2E2F-LeaderElection43] INFO  metrics.RatisMetrics (RatisMetrics.java:lambda$create$0(36)) - Creating Metrics Registry : ratis_grpc.log_appender.c8823aab-1c49-422a-a51c-c7b83b859fa6@group-388B48EC2E2F
2021-03-15 13:22:13,439 [c8823aab-1c49-422a-a51c-c7b83b859fa6@group-388B48EC2E2F-LeaderElection43] INFO  server.RaftServerConfigKeys (ConfUtils.java:logGet(44)) - raft.server.log.appender.snapshot.chunk.size.max = 16MB (=16777216) (default)
2021-03-15 13:22:13,439 [c8823aab-1c49-422a-a51c-c7b83b859fa6@group-388B48EC2E2F-LeaderElection43] INFO  server.RaftServerConfigKeys (ConfUtils.java:logGet(44)) - raft.server.log.appender.buffer.byte-limit = 33554432 (custom)
2021-03-15 13:22:13,439 [c8823aab-1c49-422a-a51c-c7b83b859fa6@group-388B48EC2E2F-LeaderElection43] INFO  server.RaftServerConfigKeys (ConfUtils.java:logGet(44)) - raft.server.log.appender.buffer.element-limit = 1 (custom)
2021-03-15 13:22:13,439 [c8823aab-1c49-422a-a51c-c7b83b859fa6@group-388B48EC2E2F-LeaderElection43] INFO  grpc.GrpcConfigKeys (ConfUtils.java:logGet(44)) - raft.grpc.server.leader.outstanding.appends.max = 128 (default)
2021-03-15 13:22:13,440 [c8823aab-1c49-422a-a51c-c7b83b859fa6@group-388B48EC2E2F-LeaderElection43] INFO  server.RaftServerConfigKeys (ConfUtils.java:logGet(44)) - raft.server.rpc.request.timeout = 3000ms (default)
2021-03-15 13:22:13,440 [c8823aab-1c49-422a-a51c-c7b83b859fa6@group-388B48EC2E2F-LeaderElection43] INFO  server.RaftServerConfigKeys (ConfUtils.java:logGet(44)) - raft.server.log.appender.install.snapshot.enabled = false (custom)
2021-03-15 13:22:13,440 [c8823aab-1c49-422a-a51c-c7b83b859fa6@group-388B48EC2E2F-LeaderElection43] INFO  impl.RoleInfo (RoleInfo.java:updateAndGet(130)) - c8823aab-1c49-422a-a51c-c7b83b859fa6: start c8823aab-1c49-422a-a51c-c7b83b859fa6@group-388B48EC2E2F-LeaderStateImpl
2021-03-15 13:22:13,440 [c8823aab-1c49-422a-a51c-c7b83b859fa6@group-388B48EC2E2F-LeaderElection43] INFO  segmented.SegmentedRaftLogWorker (SegmentedRaftLogWorker.java:rollLogSegment(397)) - c8823aab-1c49-422a-a51c-c7b83b859fa6@group-388B48EC2E2F-SegmentedRaftLogWorker: Rolling segment log-1_1 to index:1
2021-03-15 13:22:13,441 [c8823aab-1c49-422a-a51c-c7b83b859fa6@group-388B48EC2E2F-SegmentedRaftLogWorker] INFO  segmented.SegmentedRaftLogWorker (SegmentedRaftLogWorker.java:execute(556)) - c8823aab-1c49-422a-a51c-c7b83b859fa6@group-388B48EC2E2F-SegmentedRaftLogWorker: Rolled log segment from /github/workspace/mnt/ozone/hadoop-ozone/integration-test/target/test-dir/MiniOzoneClusterImpl-10170ce6-1bcb-4b6c-85b7-fb1f14fc7e79/datanode-0/data/ratis/71864db7-4d39-4cb4-b48c-388b48ec2e2f/current/log_inprogress_1 to /github/workspace/mnt/ozone/hadoop-ozone/integration-test/target/test-dir/MiniOzoneClusterImpl-10170ce6-1bcb-4b6c-85b7-fb1f14fc7e79/datanode-0/data/ratis/71864db7-4d39-4cb4-b48c-388b48ec2e2f/current/log_1-1
2021-03-15 13:22:13,442 [c8823aab-1c49-422a-a51c-c7b83b859fa6@group-388B48EC2E2F-SegmentedRaftLogWorker] INFO  segmented.SegmentedRaftLogWorker (SegmentedRaftLogWorker.java:execute(599)) - c8823aab-1c49-422a-a51c-c7b83b859fa6@group-388B48EC2E2F-SegmentedRaftLogWorker: created new log segment /github/workspace/mnt/ozone/hadoop-ozone/integration-test/target/test-dir/MiniOzoneClusterImpl-10170ce6-1bcb-4b6c-85b7-fb1f14fc7e79/datanode-0/data/ratis/71864db7-4d39-4cb4-b48c-388b48ec2e2f/current/log_inprogress_2
2021-03-15 13:22:13,445 [grpc-default-executor-2] INFO  ratis.XceiverServerRatis (XceiverServerRatis.java:handleLeaderChangedNotification(899)) - Leader change notification received for group: group-388B48EC2E2F with new leaderId: c8823aab-1c49-422a-a51c-c7b83b859fa6
2021-03-15 13:22:13,445 [grpc-default-executor-2] INFO  server.RaftServer$Division (ServerState.java:setLeader(271)) - 29adc670-2c1e-4c6c-9558-1601f864128b@group-388B48EC2E2F: change Leader from null to c8823aab-1c49-422a-a51c-c7b83b859fa6 at term 10 for appendEntries, leader elected after 25519ms
2021-03-15 13:22:13,445 [grpc-default-executor-2] INFO  server.RaftServer$Division (RaftServerImpl.java:checkInconsistentAppendEntries(1301)) - 29adc670-2c1e-4c6c-9558-1601f864128b@group-388B48EC2E2F: Failed appendEntries as previous log entry ((t:4, i:1)) is not found
2021-03-15 13:22:13,446 [grpc-default-executor-2] INFO  server.RaftServer$Division (RaftServerImpl.java:checkInconsistentAppendEntries(1267)) - 29adc670-2c1e-4c6c-9558-1601f864128b@group-388B48EC2E2F: inconsistency entries. Reply:c8823aab-1c49-422a-a51c-c7b83b859fa6<-29adc670-2c1e-4c6c-9558-1601f864128b#0:FAIL-t10,INCONSISTENCY,nextIndex=1,followerCommit=-1
2021-03-15 13:22:13,448 [c8823aab-1c49-422a-a51c-c7b83b859fa6@group-388B48EC2E2F-LeaderElection43] INFO  server.RaftServer$Division (ServerState.java:setRaftConf(373)) - c8823aab-1c49-422a-a51c-c7b83b859fa6@group-388B48EC2E2F: set configuration 2: [29adc670-2c1e-4c6c-9558-1601f864128b|rpc:172.17.0.2:37315|dataStream:|priority:0, 2bcf9514-6eaf-4328-a021-870a209d39c4|rpc:172.17.0.2:43919|dataStream:|priority:0, c8823aab-1c49-422a-a51c-c7b83b859fa6|rpc:172.17.0.2:38877|dataStream:|priority:1], old=null
2021-03-15 13:22:13,452 [grpc-default-executor-2] INFO  leader.FollowerInfo (FollowerInfoImpl.java:lambda$new$0(46)) - c8823aab-1c49-422a-a51c-c7b83b859fa6@group-388B48EC2E2F->29adc670-2c1e-4c6c-9558-1601f864128b: nextIndex: updateUnconditionally 3 -> 1
2021-03-15 13:22:13,448 [grpc-default-executor-4] INFO  server.RaftServer$Division (RaftServerImpl.java:checkInconsistentAppendEntries(1301)) - 29adc670-2c1e-4c6c-9558-1601f864128b@group-388B48EC2E2F: Failed appendEntries as previous log entry ((t:4, i:1)) is not found
2021-03-15 13:22:13,453 [grpc-default-executor-4] INFO  server.RaftServer$Division (RaftServerImpl.java:checkInconsistentAppendEntries(1267)) - 29adc670-2c1e-4c6c-9558-1601f864128b@group-388B48EC2E2F: inconsistency entries. Reply:c8823aab-1c49-422a-a51c-c7b83b859fa6<-29adc670-2c1e-4c6c-9558-1601f864128b#1:FAIL-t10,INCONSISTENCY,nextIndex=1,followerCommit=-1
2021-03-15 13:22:13,458 [grpc-default-executor-0] INFO  leader.FollowerInfo (FollowerInfoImpl.java:lambda$new$0(46)) - c8823aab-1c49-422a-a51c-c7b83b859fa6@group-388B48EC2E2F->29adc670-2c1e-4c6c-9558-1601f864128b: nextIndex: updateUnconditionally 3 -> 1
2021-03-15 13:22:13,458 [grpc-default-executor-4] INFO  ratis.XceiverServerRatis (XceiverServerRatis.java:handleLeaderChangedNotification(899)) - Leader change notification received for group: group-388B48EC2E2F with new leaderId: c8823aab-1c49-422a-a51c-c7b83b859fa6
2021-03-15 13:22:13,458 [grpc-default-executor-4] INFO  server.RaftServer$Division (ServerState.java:setLeader(271)) - 2bcf9514-6eaf-4328-a021-870a209d39c4@group-388B48EC2E2F: change Leader from null to c8823aab-1c49-422a-a51c-c7b83b859fa6 at term 10 for appendEntries, leader elected after 40935ms
2021-03-15 13:22:13,458 [grpc-default-executor-4] INFO  server.RaftServer$Division (RaftServerImpl.java:checkInconsistentAppendEntries(1301)) - 2bcf9514-6eaf-4328-a021-870a209d39c4@group-388B48EC2E2F: Failed appendEntries as previous log entry ((t:4, i:1)) is not found
2021-03-15 13:22:13,458 [grpc-default-executor-4] INFO  server.RaftServer$Division (RaftServerImpl.java:checkInconsistentAppendEntries(1267)) - 2bcf9514-6eaf-4328-a021-870a209d39c4@group-388B48EC2E2F: inconsistency entries. Reply:c8823aab-1c49-422a-a51c-c7b83b859fa6<-2bcf9514-6eaf-4328-a021-870a209d39c4#0:FAIL-t10,INCONSISTENCY,nextIndex=1,followerCommit=-1
2021-03-15 13:22:13,459 [grpc-default-executor-2] INFO  server.RaftServer$Division (ServerState.java:setRaftConf(373)) - 29adc670-2c1e-4c6c-9558-1601f864128b@group-388B48EC2E2F: set configuration 1: [29adc670-2c1e-4c6c-9558-1601f864128b|rpc:172.17.0.2:37315|dataStream:|priority:0, 2bcf9514-6eaf-4328-a021-870a209d39c4|rpc:172.17.0.2:43919|dataStream:|priority:0, c8823aab-1c49-422a-a51c-c7b83b859fa6|rpc:172.17.0.2:38877|dataStream:|priority:1], old=null
2021-03-15 13:22:13,459 [grpc-default-executor-2] INFO  segmented.SegmentedRaftLogWorker (SegmentedRaftLogWorker.java:rollLogSegment(397)) - 29adc670-2c1e-4c6c-9558-1601f864128b@group-388B48EC2E2F-SegmentedRaftLogWorker: Rolling segment log-0_0 to index:0
2021-03-15 13:22:13,460 [29adc670-2c1e-4c6c-9558-1601f864128b@group-388B48EC2E2F-SegmentedRaftLogWorker] INFO  segmented.SegmentedRaftLogWorker (SegmentedRaftLogWorker.java:execute(556)) - 29adc670-2c1e-4c6c-9558-1601f864128b@group-388B48EC2E2F-SegmentedRaftLogWorker: Rolled log segment from /github/workspace/mnt/ozone/hadoop-ozone/integration-test/target/test-dir/MiniOzoneClusterImpl-10170ce6-1bcb-4b6c-85b7-fb1f14fc7e79/datanode-1/data/ratis/71864db7-4d39-4cb4-b48c-388b48ec2e2f/current/log_inprogress_0 to /github/workspace/mnt/ozone/hadoop-ozone/integration-test/target/test-dir/MiniOzoneClusterImpl-10170ce6-1bcb-4b6c-85b7-fb1f14fc7e79/datanode-1/data/ratis/71864db7-4d39-4cb4-b48c-388b48ec2e2f/current/log_0-0
2021-03-15 13:22:13,460 [grpc-default-executor-4] INFO  leader.FollowerInfo (FollowerInfoImpl.java:lambda$new$0(46)) - c8823aab-1c49-422a-a51c-c7b83b859fa6@group-388B48EC2E2F->2bcf9514-6eaf-4328-a021-870a209d39c4: nextIndex: updateUnconditionally 3 -> 1
2021-03-15 13:22:13,460 [grpc-default-executor-2] INFO  server.RaftServer$Division (RaftServerImpl.java:checkInconsistentAppendEntries(1301)) - 2bcf9514-6eaf-4328-a021-870a209d39c4@group-388B48EC2E2F: Failed appendEntries as previous log entry ((t:4, i:1)) is not found
2021-03-15 13:22:13,460 [grpc-default-executor-2] INFO  server.RaftServer$Division (RaftServerImpl.java:checkInconsistentAppendEntries(1267)) - 2bcf9514-6eaf-4328-a021-870a209d39c4@group-388B48EC2E2F: inconsistency entries. Reply:c8823aab-1c49-422a-a51c-c7b83b859fa6<-2bcf9514-6eaf-4328-a021-870a209d39c4#1:FAIL-t10,INCONSISTENCY,nextIndex=1,followerCommit=-1
2021-03-15 13:22:13,461 [29adc670-2c1e-4c6c-9558-1601f864128b@group-388B48EC2E2F-SegmentedRaftLogWorker] INFO  segmented.SegmentedRaftLogWorker (SegmentedRaftLogWorker.java:execute(599)) - 29adc670-2c1e-4c6c-9558-1601f864128b@group-388B48EC2E2F-SegmentedRaftLogWorker: created new log segment /github/workspace/mnt/ozone/hadoop-ozone/integration-test/target/test-dir/MiniOzoneClusterImpl-10170ce6-1bcb-4b6c-85b7-fb1f14fc7e79/datanode-1/data/ratis/71864db7-4d39-4cb4-b48c-388b48ec2e2f/current/log_inprogress_1
2021-03-15 13:22:13,463 [grpc-default-executor-2] INFO  server.RaftServer$Division (ServerState.java:setRaftConf(373)) - 29adc670-2c1e-4c6c-9558-1601f864128b@group-388B48EC2E2F: set configuration 2: [29adc670-2c1e-4c6c-9558-1601f864128b|rpc:172.17.0.2:37315|dataStream:|priority:0, 2bcf9514-6eaf-4328-a021-870a209d39c4|rpc:172.17.0.2:43919|dataStream:|priority:0, c8823aab-1c49-422a-a51c-c7b83b859fa6|rpc:172.17.0.2:38877|dataStream:|priority:1], old=null
2021-03-15 13:22:13,463 [grpc-default-executor-2] INFO  segmented.SegmentedRaftLogWorker (SegmentedRaftLogWorker.java:rollLogSegment(397)) - 29adc670-2c1e-4c6c-9558-1601f864128b@group-388B48EC2E2F-SegmentedRaftLogWorker: Rolling segment log-1_1 to index:1
2021-03-15 13:22:13,464 [grpc-default-executor-4] INFO  leader.FollowerInfo (FollowerInfoImpl.java:lambda$new$0(46)) - c8823aab-1c49-422a-a51c-c7b83b859fa6@group-388B48EC2E2F->2bcf9514-6eaf-4328-a021-870a209d39c4: nextIndex: updateUnconditionally 3 -> 1
2021-03-15 13:22:13,464 [grpc-default-executor-2] INFO  server.RaftServer$Division (RaftServerImpl.java:checkInconsistentAppendEntries(1301)) - 2bcf9514-6eaf-4328-a021-870a209d39c4@group-388B48EC2E2F: Failed appendEntries as previous log entry ((t:1, i:0)) is not found
2021-03-15 13:22:13,464 [grpc-default-executor-2] INFO  server.RaftServer$Division (RaftServerImpl.java:checkInconsistentAppendEntries(1267)) - 2bcf9514-6eaf-4328-a021-870a209d39c4@group-388B48EC2E2F: inconsistency entries. Reply:c8823aab-1c49-422a-a51c-c7b83b859fa6<-2bcf9514-6eaf-4328-a021-870a209d39c4#2:FAIL-t10,INCONSISTENCY,nextIndex=0,followerCommit=-1
2021-03-15 13:22:13,465 [grpc-default-executor-2] INFO  server.RaftServer$Division (RaftServerImpl.java:checkInconsistentAppendEntries(1301)) - 2bcf9514-6eaf-4328-a021-870a209d39c4@group-388B48EC2E2F: Failed appendEntries as previous log entry ((t:4, i:1)) is not found
2021-03-15 13:22:13,465 [grpc-default-executor-2] INFO  server.RaftServer$Division (RaftServerImpl.java:checkInconsistentAppendEntries(1267)) - 2bcf9514-6eaf-4328-a021-870a209d39c4@group-388B48EC2E2F: inconsistency entries. Reply:c8823aab-1c49-422a-a51c-c7b83b859fa6<-2bcf9514-6eaf-4328-a021-870a209d39c4#3:FAIL-t10,INCONSISTENCY,nextIndex=1,followerCommit=-1
2021-03-15 13:22:13,465 [29adc670-2c1e-4c6c-9558-1601f864128b@group-388B48EC2E2F-SegmentedRaftLogWorker] INFO  segmented.SegmentedRaftLogWorker (SegmentedRaftLogWorker.java:execute(556)) - 29adc670-2c1e-4c6c-9558-1601f864128b@group-388B48EC2E2F-SegmentedRaftLogWorker: Rolled log segment from /github/workspace/mnt/ozone/hadoop-ozone/integration-test/target/test-dir/MiniOzoneClusterImpl-10170ce6-1bcb-4b6c-85b7-fb1f14fc7e79/datanode-1/data/ratis/71864db7-4d39-4cb4-b48c-388b48ec2e2f/current/log_inprogress_1 to /github/workspace/mnt/ozone/hadoop-ozone/integration-test/target/test-dir/MiniOzoneClusterImpl-10170ce6-1bcb-4b6c-85b7-fb1f14fc7e79/datanode-1/data/ratis/71864db7-4d39-4cb4-b48c-388b48ec2e2f/current/log_1-1
2021-03-15 13:22:13,466 [grpc-default-executor-4] INFO  leader.FollowerInfo (FollowerInfoImpl.java:lambda$new$0(46)) - c8823aab-1c49-422a-a51c-c7b83b859fa6@group-388B48EC2E2F->2bcf9514-6eaf-4328-a021-870a209d39c4: nextIndex: updateUnconditionally 3 -> 0
2021-03-15 13:22:13,466 [grpc-default-executor-2] INFO  server.RaftServer$Division (ServerState.java:setRaftConf(373)) - 29adc670-2c1e-4c6c-9558-1601f864128b@group-388B48EC2E2F: set configuration 1: [29adc670-2c1e-4c6c-9558-1601f864128b|rpc:172.17.0.2:37315|dataStream:|priority:0, 2bcf9514-6eaf-4328-a021-870a209d39c4|rpc:172.17.0.2:43919|dataStream:|priority:0, c8823aab-1c49-422a-a51c-c7b83b859fa6|rpc:172.17.0.2:38877|dataStream:|priority:1], old=null
2021-03-15 13:22:13,466 [29adc670-2c1e-4c6c-9558-1601f864128b@group-388B48EC2E2F-SegmentedRaftLogWorker] INFO  segmented.SegmentedRaftLogWorker (SegmentedRaftLogWorker.java:execute(599)) - 29adc670-2c1e-4c6c-9558-1601f864128b@group-388B48EC2E2F-SegmentedRaftLogWorker: created new log segment /github/workspace/mnt/ozone/hadoop-ozone/integration-test/target/test-dir/MiniOzoneClusterImpl-10170ce6-1bcb-4b6c-85b7-fb1f14fc7e79/datanode-1/data/ratis/71864db7-4d39-4cb4-b48c-388b48ec2e2f/current/log_inprogress_2
2021-03-15 13:22:13,467 [grpc-default-executor-0] INFO  leader.FollowerInfo (FollowerInfoImpl.java:lambda$new$0(46)) - c8823aab-1c49-422a-a51c-c7b83b859fa6@group-388B48EC2E2F->2bcf9514-6eaf-4328-a021-870a209d39c4: nextIndex: updateUnconditionally 0 -> 1
2021-03-15 13:22:13,469 [grpc-default-executor-4] INFO  server.RaftServer$Division (RaftServerImpl.java:checkInconsistentAppendEntries(1301)) - 2bcf9514-6eaf-4328-a021-870a209d39c4@group-388B48EC2E2F: Failed appendEntries as previous log entry ((t:1, i:0)) is not found
2021-03-15 13:22:13,469 [grpc-default-executor-4] INFO  server.RaftServer$Division (RaftServerImpl.java:checkInconsistentAppendEntries(1267)) - 2bcf9514-6eaf-4328-a021-870a209d39c4@group-388B48EC2E2F: inconsistency entries. Reply:c8823aab-1c49-422a-a51c-c7b83b859fa6<-2bcf9514-6eaf-4328-a021-870a209d39c4#4:FAIL-t10,INCONSISTENCY,nextIndex=0,followerCommit=-1
2021-03-15 13:22:13,469 [grpc-default-executor-4] INFO  server.RaftServer$Division (RaftServerImpl.java:checkInconsistentAppendEntries(1301)) - 2bcf9514-6eaf-4328-a021-870a209d39c4@group-388B48EC2E2F: Failed appendEntries as previous log entry ((t:4, i:1)) is not found
2021-03-15 13:22:13,469 [grpc-default-executor-4] INFO  server.RaftServer$Division (RaftServerImpl.java:checkInconsistentAppendEntries(1267)) - 2bcf9514-6eaf-4328-a021-870a209d39c4@group-388B48EC2E2F: inconsistency entries. Reply:c8823aab-1c49-422a-a51c-c7b83b859fa6<-2bcf9514-6eaf-4328-a021-870a209d39c4#5:FAIL-t10,INCONSISTENCY,nextIndex=1,followerCommit=-1
2021-03-15 13:22:13,470 [grpc-default-executor-3] INFO  leader.FollowerInfo (FollowerInfoImpl.java:lambda$new$0(46)) - c8823aab-1c49-422a-a51c-c7b83b859fa6@group-388B48EC2E2F->2bcf9514-6eaf-4328-a021-870a209d39c4: nextIndex: updateUnconditionally 3 -> 0
2021-03-15 13:22:13,470 [grpc-default-executor-4] INFO  server.RaftServer$Division (RaftServerImpl.java:checkInconsistentAppendEntries(1301)) - 2bcf9514-6eaf-4328-a021-870a209d39c4@group-388B48EC2E2F: Failed appendEntries as previous log entry ((t:1, i:0)) is not found
2021-03-15 13:22:13,471 [grpc-default-executor-4] INFO  server.RaftServer$Division (RaftServerImpl.java:checkInconsistentAppendEntries(1267)) - 2bcf9514-6eaf-4328-a021-870a209d39c4@group-388B48EC2E2F: inconsistency entries. Reply:c8823aab-1c49-422a-a51c-c7b83b859fa6<-2bcf9514-6eaf-4328-a021-870a209d39c4#6:FAIL-t10,INCONSISTENCY,nextIndex=0,followerCommit=-1
2021-03-15 13:22:13,471 [grpc-default-executor-3] INFO  leader.FollowerInfo (FollowerInfoImpl.java:lambda$new$0(46)) - c8823aab-1c49-422a-a51c-c7b83b859fa6@group-388B48EC2E2F->2bcf9514-6eaf-4328-a021-870a209d39c4: nextIndex: updateUnconditionally 2 -> 1
2021-03-15 13:22:13,471 [grpc-default-executor-3] INFO  server.RaftServer$Division (RaftServerImpl.java:checkInconsistentAppendEntries(1301)) - 2bcf9514-6eaf-4328-a021-870a209d39c4@group-388B48EC2E2F: Failed appendEntries as previous log entry ((t:4, i:1)) is not found
2021-03-15 13:22:13,472 [grpc-default-executor-3] INFO  server.RaftServer$Division (RaftServerImpl.java:checkInconsistentAppendEntries(1267)) - 2bcf9514-6eaf-4328-a021-870a209d39c4@group-388B48EC2E2F: inconsistency entries. Reply:c8823aab-1c49-422a-a51c-c7b83b859fa6<-2bcf9514-6eaf-4328-a021-870a209d39c4#7:FAIL-t10,INCONSISTENCY,nextIndex=1,followerCommit=-1
2021-03-15 13:22:13,472 [grpc-default-executor-3] INFO  server.RaftServer$Division (ServerState.java:setRaftConf(373)) - 2bcf9514-6eaf-4328-a021-870a209d39c4@group-388B48EC2E2F: set configuration 0: [29adc670-2c1e-4c6c-9558-1601f864128b|rpc:172.17.0.2:37315|dataStream:|priority:0, 2bcf9514-6eaf-4328-a021-870a209d39c4|rpc:172.17.0.2:43919|dataStream:|priority:0, c8823aab-1c49-422a-a51c-c7b83b859fa6|rpc:172.17.0.2:38877|dataStream:|priority:1], old=null
2021-03-15 13:22:13,472 [grpc-default-executor-3] INFO  segmented.SegmentedRaftLogWorker (SegmentedRaftLogWorker.java:startLogSegment(392)) - 2bcf9514-6eaf-4328-a021-870a209d39c4@group-388B48EC2E2F-SegmentedRaftLogWorker: Starting segment from index:0
2021-03-15 13:22:13,473 [grpc-default-executor-4] INFO  leader.FollowerInfo (FollowerInfoImpl.java:lambda$new$0(46)) - c8823aab-1c49-422a-a51c-c7b83b859fa6@group-388B48EC2E2F->2bcf9514-6eaf-4328-a021-870a209d39c4: nextIndex: updateUnconditionally 3 -> 0
2021-03-15 13:22:13,473 [grpc-default-executor-4] INFO  leader.FollowerInfo (FollowerInfoImpl.java:lambda$new$0(46)) - c8823aab-1c49-422a-a51c-c7b83b859fa6@group-388B48EC2E2F->2bcf9514-6eaf-4328-a021-870a209d39c4: nextIndex: updateUnconditionally 1 -> 1
2021-03-15 13:22:13,475 [grpc-default-executor-3] INFO  server.RaftServer$Division (ServerState.java:setRaftConf(373)) - 2bcf9514-6eaf-4328-a021-870a209d39c4@group-388B48EC2E2F: set configuration 1: [29adc670-2c1e-4c6c-9558-1601f864128b|rpc:172.17.0.2:37315|dataStream:|priority:0, 2bcf9514-6eaf-4328-a021-870a209d39c4|rpc:172.17.0.2:43919|dataStream:|priority:0, c8823aab-1c49-422a-a51c-c7b83b859fa6|rpc:172.17.0.2:38877|dataStream:|priority:1], old=null
2021-03-15 13:22:13,475 [grpc-default-executor-3] INFO  segmented.SegmentedRaftLogWorker (SegmentedRaftLogWorker.java:rollLogSegment(397)) - 2bcf9514-6eaf-4328-a021-870a209d39c4@group-388B48EC2E2F-SegmentedRaftLogWorker: Rolling segment log-0_0 to index:0
2021-03-15 13:22:13,475 [2bcf9514-6eaf-4328-a021-870a209d39c4@group-388B48EC2E2F-SegmentedRaftLogWorker] INFO  segmented.SegmentedRaftLogWorker (SegmentedRaftLogWorker.java:execute(599)) - 2bcf9514-6eaf-4328-a021-870a209d39c4@group-388B48EC2E2F-SegmentedRaftLogWorker: created new log segment /github/workspace/mnt/ozone/hadoop-ozone/integration-test/target/test-dir/MiniOzoneClusterImpl-10170ce6-1bcb-4b6c-85b7-fb1f14fc7e79/datanode-2/data/ratis/71864db7-4d39-4cb4-b48c-388b48ec2e2f/current/log_inprogress_0
2021-03-15 13:22:13,476 [grpc-default-executor-3] INFO  server.RaftServer$Division (ServerState.java:setRaftConf(373)) - 2bcf9514-6eaf-4328-a021-870a209d39c4@group-388B48EC2E2F: set configuration 1: [29adc670-2c1e-4c6c-9558-1601f864128b|rpc:172.17.0.2:37315|dataStream:|priority:0, 2bcf9514-6eaf-4328-a021-870a209d39c4|rpc:172.17.0.2:43919|dataStream:|priority:0, c8823aab-1c49-422a-a51c-c7b83b859fa6|rpc:172.17.0.2:38877|dataStream:|priority:1], old=null
2021-03-15 13:22:13,476 [grpc-default-executor-0] INFO  server.RaftServer$Division (ServerState.java:setRaftConf(373)) - 29adc670-2c1e-4c6c-9558-1601f864128b@group-388B48EC2E2F: set configuration 2: [29adc670-2c1e-4c6c-9558-1601f864128b|rpc:172.17.0.2:37315|dataStream:|priority:0, 2bcf9514-6eaf-4328-a021-870a209d39c4|rpc:172.17.0.2:43919|dataStream:|priority:0, c8823aab-1c49-422a-a51c-c7b83b859fa6|rpc:172.17.0.2:38877|dataStream:|priority:1], old=null
2021-03-15 13:22:13,477 [grpc-default-executor-3] INFO  server.RaftServer$Division (ServerState.java:setRaftConf(373)) - 2bcf9514-6eaf-4328-a021-870a209d39c4@group-388B48EC2E2F: set configuration 2: [29adc670-2c1e-4c6c-9558-1601f864128b|rpc:172.17.0.2:37315|dataStream:|priority:0, 2bcf9514-6eaf-4328-a021-870a209d39c4|rpc:172.17.0.2:43919|dataStream:|priority:0, c8823aab-1c49-422a-a51c-c7b83b859fa6|rpc:172.17.0.2:38877|dataStream:|priority:1], old=null
2021-03-15 13:22:13,477 [grpc-default-executor-3] INFO  segmented.SegmentedRaftLogWorker (SegmentedRaftLogWorker.java:rollLogSegment(397)) - 2bcf9514-6eaf-4328-a021-870a209d39c4@group-388B48EC2E2F-SegmentedRaftLogWorker: Rolling segment log-1_1 to index:1
2021-03-15 13:22:13,478 [grpc-default-executor-3] INFO  server.RaftServer$Division (ServerState.java:setRaftConf(373)) - 2bcf9514-6eaf-4328-a021-870a209d39c4@group-388B48EC2E2F: set configuration 0: [29adc670-2c1e-4c6c-9558-1601f864128b|rpc:172.17.0.2:37315|dataStream:|priority:0, 2bcf9514-6eaf-4328-a021-870a209d39c4|rpc:172.17.0.2:43919|dataStream:|priority:0, c8823aab-1c49-422a-a51c-c7b83b859fa6|rpc:172.17.0.2:38877|dataStream:|priority:1], old=null
2021-03-15 13:22:13,479 [2bcf9514-6eaf-4328-a021-870a209d39c4@group-388B48EC2E2F-SegmentedRaftLogWorker] INFO  segmented.SegmentedRaftLogWorker (SegmentedRaftLogWorker.java:execute(556)) - 2bcf9514-6eaf-4328-a021-870a209d39c4@group-388B48EC2E2F-SegmentedRaftLogWorker: Rolled log segment from /github/workspace/mnt/ozone/hadoop-ozone/integration-test/target/test-dir/MiniOzoneClusterImpl-10170ce6-1bcb-4b6c-85b7-fb1f14fc7e79/datanode-2/data/ratis/71864db7-4d39-4cb4-b48c-388b48ec2e2f/current/log_inprogress_0 to /github/workspace/mnt/ozone/hadoop-ozone/integration-test/target/test-dir/MiniOzoneClusterImpl-10170ce6-1bcb-4b6c-85b7-fb1f14fc7e79/datanode-2/data/ratis/71864db7-4d39-4cb4-b48c-388b48ec2e2f/current/log_0-0
2021-03-15 13:22:13,486 [grpc-default-executor-0] INFO  server.RaftServer$Division (ServerState.java:setRaftConf(373)) - 2bcf9514-6eaf-4328-a021-870a209d39c4@group-388B48EC2E2F: set configuration 1: [29adc670-2c1e-4c6c-9558-1601f864128b|rpc:172.17.0.2:37315|dataStream:|priority:0, 2bcf9514-6eaf-4328-a021-870a209d39c4|rpc:172.17.0.2:43919|dataStream:|priority:0, c8823aab-1c49-422a-a51c-c7b83b859fa6|rpc:172.17.0.2:38877|dataStream:|priority:1], old=null
2021-03-15 13:22:13,486 [2bcf9514-6eaf-4328-a021-870a209d39c4@group-388B48EC2E2F-SegmentedRaftLogWorker] INFO  segmented.SegmentedRaftLogWorker (SegmentedRaftLogWorker.java:execute(599)) - 2bcf9514-6eaf-4328-a021-870a209d39c4@group-388B48EC2E2F-SegmentedRaftLogWorker: created new log segment /github/workspace/mnt/ozone/hadoop-ozone/integration-test/target/test-dir/MiniOzoneClusterImpl-10170ce6-1bcb-4b6c-85b7-fb1f14fc7e79/datanode-2/data/ratis/71864db7-4d39-4cb4-b48c-388b48ec2e2f/current/log_inprogress_1
2021-03-15 13:22:13,487 [grpc-default-executor-0] INFO  server.RaftServer$Division (ServerState.java:setRaftConf(373)) - 2bcf9514-6eaf-4328-a021-870a209d39c4@group-388B48EC2E2F: set configuration 2: [29adc670-2c1e-4c6c-9558-1601f864128b|rpc:172.17.0.2:37315|dataStream:|priority:0, 2bcf9514-6eaf-4328-a021-870a209d39c4|rpc:172.17.0.2:43919|dataStream:|priority:0, c8823aab-1c49-422a-a51c-c7b83b859fa6|rpc:172.17.0.2:38877|dataStream:|priority:1], old=null
2021-03-15 13:22:13,487 [2bcf9514-6eaf-4328-a021-870a209d39c4@group-388B48EC2E2F-SegmentedRaftLogWorker] INFO  segmented.SegmentedRaftLogWorker (SegmentedRaftLogWorker.java:execute(556)) - 2bcf9514-6eaf-4328-a021-870a209d39c4@group-388B48EC2E2F-SegmentedRaftLogWorker: Rolled log segment from /github/workspace/mnt/ozone/hadoop-ozone/integration-test/target/test-dir/MiniOzoneClusterImpl-10170ce6-1bcb-4b6c-85b7-fb1f14fc7e79/datanode-2/data/ratis/71864db7-4d39-4cb4-b48c-388b48ec2e2f/current/log_inprogress_1 to /github/workspace/mnt/ozone/hadoop-ozone/integration-test/target/test-dir/MiniOzoneClusterImpl-10170ce6-1bcb-4b6c-85b7-fb1f14fc7e79/datanode-2/data/ratis/71864db7-4d39-4cb4-b48c-388b48ec2e2f/current/log_1-1
2021-03-15 13:22:13,494 [2bcf9514-6eaf-4328-a021-870a209d39c4@group-388B48EC2E2F-SegmentedRaftLogWorker] INFO  segmented.SegmentedRaftLogWorker (SegmentedRaftLogWorker.java:execute(599)) - 2bcf9514-6eaf-4328-a021-870a209d39c4@group-388B48EC2E2F-SegmentedRaftLogWorker: created new log segment /github/workspace/mnt/ozone/hadoop-ozone/integration-test/target/test-dir/MiniOzoneClusterImpl-10170ce6-1bcb-4b6c-85b7-fb1f14fc7e79/datanode-2/data/ratis/71864db7-4d39-4cb4-b48c-388b48ec2e2f/current/log_inprogress_2
2021-03-15 13:22:14,324 [Thread-635] INFO  impl.FollowerState (FollowerState.java:run(133)) - 8f544fba-ae2a-4c10-8316-b74b14cffb80@group-D764FF994818-FollowerState: change to CANDIDATE, lastRpcElapsedTime:5017992463ns, electionTimeout:5017ms
2021-03-15 13:22:14,324 [Thread-635] INFO  impl.RoleInfo (RoleInfo.java:shutdownFollowerState(108)) - 8f544fba-ae2a-4c10-8316-b74b14cffb80: shutdown 8f544fba-ae2a-4c10-8316-b74b14cffb80@group-D764FF994818-FollowerState
2021-03-15 13:22:14,325 [Thread-635] INFO  server.RaftServer$Division (RaftServerImpl.java:setRole(284)) - 8f544fba-ae2a-4c10-8316-b74b14cffb80@group-D764FF994818: changes role from  FOLLOWER to CANDIDATE at term 7 for changeToCandidate
2021-03-15 13:22:14,325 [Thread-635] INFO  server.RaftServerConfigKeys (ConfUtils.java:logGet(44)) - raft.server.leaderelection.pre-vote = false (custom)
2021-03-15 13:22:14,325 [Thread-635] INFO  impl.RoleInfo (RoleInfo.java:updateAndGet(130)) - 8f544fba-ae2a-4c10-8316-b74b14cffb80: start 8f544fba-ae2a-4c10-8316-b74b14cffb80@group-D764FF994818-LeaderElection44
2021-03-15 13:22:14,326 [8f544fba-ae2a-4c10-8316-b74b14cffb80@group-D764FF994818-LeaderElection44] INFO  impl.LeaderElection (LeaderElection.java:askForVotes(307)) - 8f544fba-ae2a-4c10-8316-b74b14cffb80@group-D764FF994818-LeaderElection44 ELECTION round 0: submit vote requests at term 8 for -1: [01124cd4-4ace-459c-9f52-5cd7a41fca7c|rpc:172.17.0.2:40903|priority:0, 8f544fba-ae2a-4c10-8316-b74b14cffb80|rpc:172.17.0.2:35899|priority:1, 490c2edb-ef6d-43f1-a3fc-38f1bdb7d380|rpc:172.17.0.2:35411|priority:0], old=null
2021-03-15 13:22:14,328 [grpc-default-executor-0] INFO  server.RaftServer$Division (RaftServerImpl.java:requestVote(1025)) - 490c2edb-ef6d-43f1-a3fc-38f1bdb7d380@group-D764FF994818: receive requestVote(ELECTION, 8f544fba-ae2a-4c10-8316-b74b14cffb80, group-D764FF994818, 8, (t:0, i:0))
2021-03-15 13:22:14,329 [grpc-default-executor-0] INFO  impl.VoteContext (VoteContext.java:log(48)) - 490c2edb-ef6d-43f1-a3fc-38f1bdb7d380@group-D764FF994818-FOLLOWER: accept ELECTION from 8f544fba-ae2a-4c10-8316-b74b14cffb80: our priority 0 <= candidate's priority 1
2021-03-15 13:22:14,329 [grpc-default-executor-0] INFO  server.RaftServer$Division (RaftServerImpl.java:setRole(284)) - 490c2edb-ef6d-43f1-a3fc-38f1bdb7d380@group-D764FF994818: changes role from  FOLLOWER to FOLLOWER at term 8 for candidate:8f544fba-ae2a-4c10-8316-b74b14cffb80
2021-03-15 13:22:14,329 [grpc-default-executor-0] INFO  impl.RoleInfo (RoleInfo.java:shutdownFollowerState(108)) - 490c2edb-ef6d-43f1-a3fc-38f1bdb7d380: shutdown 490c2edb-ef6d-43f1-a3fc-38f1bdb7d380@group-D764FF994818-FollowerState
2021-03-15 13:22:14,329 [grpc-default-executor-0] INFO  impl.RoleInfo (RoleInfo.java:updateAndGet(130)) - 490c2edb-ef6d-43f1-a3fc-38f1bdb7d380: start 490c2edb-ef6d-43f1-a3fc-38f1bdb7d380@group-D764FF994818-FollowerState
2021-03-15 13:22:14,329 [Thread-636] INFO  impl.FollowerState (FollowerState.java:run(142)) - 490c2edb-ef6d-43f1-a3fc-38f1bdb7d380@group-D764FF994818-FollowerState was interrupted: {}
java.lang.InterruptedException: sleep interrupted
	at java.lang.Thread.sleep(Native Method)
	at java.lang.Thread.sleep(Thread.java:340)
	at java.util.concurrent.TimeUnit.sleep(TimeUnit.java:386)
	at org.apache.ratis.util.TimeDuration.sleep(TimeDuration.java:324)
	at org.apache.ratis.util.TimeDuration.sleep(TimeDuration.java:309)
	at org.apache.ratis.server.impl.FollowerState.run(FollowerState.java:117)
2021-03-15 13:22:14,329 [grpc-default-executor-3] INFO  server.RaftServer$Division (RaftServerImpl.java:requestVote(1025)) - 01124cd4-4ace-459c-9f52-5cd7a41fca7c@group-D764FF994818: receive requestVote(ELECTION, 8f544fba-ae2a-4c10-8316-b74b14cffb80, group-D764FF994818, 8, (t:0, i:0))
2021-03-15 13:22:14,329 [grpc-default-executor-3] INFO  impl.VoteContext (VoteContext.java:log(48)) - 01124cd4-4ace-459c-9f52-5cd7a41fca7c@group-D764FF994818-FOLLOWER: accept ELECTION from 8f544fba-ae2a-4c10-8316-b74b14cffb80: our priority 0 <= candidate's priority 1
2021-03-15 13:22:14,329 [grpc-default-executor-3] INFO  server.RaftServer$Division (RaftServerImpl.java:setRole(284)) - 01124cd4-4ace-459c-9f52-5cd7a41fca7c@group-D764FF994818: changes role from  FOLLOWER to FOLLOWER at term 8 for candidate:8f544fba-ae2a-4c10-8316-b74b14cffb80
2021-03-15 13:22:14,329 [grpc-default-executor-3] INFO  impl.RoleInfo (RoleInfo.java:shutdownFollowerState(108)) - 01124cd4-4ace-459c-9f52-5cd7a41fca7c: shutdown 01124cd4-4ace-459c-9f52-5cd7a41fca7c@group-D764FF994818-FollowerState
2021-03-15 13:22:14,330 [grpc-default-executor-3] INFO  impl.RoleInfo (RoleInfo.java:updateAndGet(130)) - 01124cd4-4ace-459c-9f52-5cd7a41fca7c: start 01124cd4-4ace-459c-9f52-5cd7a41fca7c@group-D764FF994818-FollowerState
2021-03-15 13:22:14,330 [Thread-634] INFO  impl.FollowerState (FollowerState.java:run(142)) - 01124cd4-4ace-459c-9f52-5cd7a41fca7c@group-D764FF994818-FollowerState was interrupted: {}
java.lang.InterruptedException: sleep interrupted
	at java.lang.Thread.sleep(Native Method)
	at java.lang.Thread.sleep(Thread.java:340)
	at java.util.concurrent.TimeUnit.sleep(TimeUnit.java:386)
	at org.apache.ratis.util.TimeDuration.sleep(TimeDuration.java:324)
	at org.apache.ratis.util.TimeDuration.sleep(TimeDuration.java:309)
	at org.apache.ratis.server.impl.FollowerState.run(FollowerState.java:117)
2021-03-15 13:22:14,331 [grpc-default-executor-0] INFO  server.RaftServer$Division (RaftServerImpl.java:requestVote(1057)) - 490c2edb-ef6d-43f1-a3fc-38f1bdb7d380@group-D764FF994818 replies to ELECTION vote request: 8f544fba-ae2a-4c10-8316-b74b14cffb80<-490c2edb-ef6d-43f1-a3fc-38f1bdb7d380#0:OK-t8. Peer's state: 490c2edb-ef6d-43f1-a3fc-38f1bdb7d380@group-D764FF994818:t8, leader=null, voted=8f544fba-ae2a-4c10-8316-b74b14cffb80, raftlog=490c2edb-ef6d-43f1-a3fc-38f1bdb7d380@group-D764FF994818-SegmentedRaftLog:OPENED:c-1,f-1,i0, conf=-1: [01124cd4-4ace-459c-9f52-5cd7a41fca7c|rpc:172.17.0.2:40903|dataStream:|priority:0, 8f544fba-ae2a-4c10-8316-b74b14cffb80|rpc:172.17.0.2:35899|dataStream:|priority:1, 490c2edb-ef6d-43f1-a3fc-38f1bdb7d380|rpc:172.17.0.2:35411|dataStream:|priority:0], old=null
2021-03-15 13:22:14,331 [8f544fba-ae2a-4c10-8316-b74b14cffb80@group-D764FF994818-LeaderElection44] INFO  impl.LeaderElection (LeaderElection.java:logAndReturn(89)) - 8f544fba-ae2a-4c10-8316-b74b14cffb80@group-D764FF994818-LeaderElection44: ELECTION PASSED received 1 response(s) and 0 exception(s):
2021-03-15 13:22:14,332 [8f544fba-ae2a-4c10-8316-b74b14cffb80@group-D764FF994818-LeaderElection44] INFO  impl.LeaderElection (LeaderElection.java:logAndReturn(93)) -   Response 0: 8f544fba-ae2a-4c10-8316-b74b14cffb80<-490c2edb-ef6d-43f1-a3fc-38f1bdb7d380#0:OK-t8
2021-03-15 13:22:14,332 [8f544fba-ae2a-4c10-8316-b74b14cffb80@group-D764FF994818-LeaderElection44] INFO  impl.LeaderElection (LeaderElection.java:askForVotes(309)) - 8f544fba-ae2a-4c10-8316-b74b14cffb80@group-D764FF994818-LeaderElection44 ELECTION round 0: result PASSED
2021-03-15 13:22:14,332 [8f544fba-ae2a-4c10-8316-b74b14cffb80@group-D764FF994818-LeaderElection44] INFO  impl.RoleInfo (RoleInfo.java:shutdownLeaderElection(121)) - 8f544fba-ae2a-4c10-8316-b74b14cffb80: shutdown 8f544fba-ae2a-4c10-8316-b74b14cffb80@group-D764FF994818-LeaderElection44
2021-03-15 13:22:14,332 [8f544fba-ae2a-4c10-8316-b74b14cffb80@group-D764FF994818-LeaderElection44] INFO  server.RaftServer$Division (RaftServerImpl.java:setRole(284)) - 8f544fba-ae2a-4c10-8316-b74b14cffb80@group-D764FF994818: changes role from CANDIDATE to LEADER at term 8 for changeToLeader
2021-03-15 13:22:14,332 [8f544fba-ae2a-4c10-8316-b74b14cffb80@group-D764FF994818-LeaderElection44] INFO  ratis.XceiverServerRatis (XceiverServerRatis.java:handleLeaderChangedNotification(899)) - Leader change notification received for group: group-D764FF994818 with new leaderId: 8f544fba-ae2a-4c10-8316-b74b14cffb80
2021-03-15 13:22:14,332 [8f544fba-ae2a-4c10-8316-b74b14cffb80@group-D764FF994818-LeaderElection44] INFO  server.RaftServer$Division (ServerState.java:setLeader(271)) - 8f544fba-ae2a-4c10-8316-b74b14cffb80@group-D764FF994818: change Leader from null to 8f544fba-ae2a-4c10-8316-b74b14cffb80 at term 8 for becomeLeader, leader elected after 41234ms
2021-03-15 13:22:14,332 [8f544fba-ae2a-4c10-8316-b74b14cffb80@group-D764FF994818-LeaderElection44] INFO  server.RaftServerConfigKeys (ConfUtils.java:logGet(44)) - raft.server.staging.catchup.gap = 1000 (default)
2021-03-15 13:22:14,332 [8f544fba-ae2a-4c10-8316-b74b14cffb80@group-D764FF994818-LeaderElection44] INFO  metrics.RatisMetrics (RatisMetrics.java:lambda$create$0(36)) - Creating Metrics Registry : ratis.log_appender.8f544fba-ae2a-4c10-8316-b74b14cffb80@group-D764FF994818
2021-03-15 13:22:14,332 [8f544fba-ae2a-4c10-8316-b74b14cffb80@group-D764FF994818-LeaderElection44] INFO  server.RaftServerConfigKeys (ConfUtils.java:logGet(44)) - raft.server.write.element-limit = 1024 (custom)
2021-03-15 13:22:14,332 [8f544fba-ae2a-4c10-8316-b74b14cffb80@group-D764FF994818-LeaderElection44] INFO  server.RaftServerConfigKeys (ConfUtils.java:logGet(44)) - raft.server.write.byte-limit = 1073741824 (custom)
2021-03-15 13:22:14,333 [8f544fba-ae2a-4c10-8316-b74b14cffb80@group-D764FF994818-LeaderElection44] INFO  server.RaftServerConfigKeys (ConfUtils.java:logGet(44)) - raft.server.watch.timeout = 3000ms (custom)
2021-03-15 13:22:14,333 [8f544fba-ae2a-4c10-8316-b74b14cffb80@group-D764FF994818-LeaderElection44] INFO  server.RaftServerConfigKeys (ConfUtils.java:logGet(44)) - raft.server.watch.timeout.denomination = 1s (default)
2021-03-15 13:22:14,333 [8f544fba-ae2a-4c10-8316-b74b14cffb80@group-D764FF994818-LeaderElection44] INFO  server.RaftServerConfigKeys (ConfUtils.java:logGet(44)) - raft.server.watch.element-limit = 65536 (default)
2021-03-15 13:22:14,333 [8f544fba-ae2a-4c10-8316-b74b14cffb80@group-D764FF994818-LeaderElection44] INFO  server.RaftServerConfigKeys (ConfUtils.java:logGet(44)) - raft.server.log.appender.snapshot.chunk.size.max = 16MB (=16777216) (default)
2021-03-15 13:22:14,333 [8f544fba-ae2a-4c10-8316-b74b14cffb80@group-D764FF994818-LeaderElection44] INFO  server.RaftServerConfigKeys (ConfUtils.java:logGet(44)) - raft.server.log.appender.buffer.byte-limit = 33554432 (custom)
2021-03-15 13:22:14,333 [8f544fba-ae2a-4c10-8316-b74b14cffb80@group-D764FF994818-LeaderElection44] INFO  server.RaftServerConfigKeys (ConfUtils.java:logGet(44)) - raft.server.log.appender.buffer.element-limit = 1 (custom)
2021-03-15 13:22:14,333 [8f544fba-ae2a-4c10-8316-b74b14cffb80@group-D764FF994818-LeaderElection44] INFO  grpc.GrpcConfigKeys (ConfUtils.java:logGet(44)) - raft.grpc.server.leader.outstanding.appends.max = 128 (default)
2021-03-15 13:22:14,333 [8f544fba-ae2a-4c10-8316-b74b14cffb80@group-D764FF994818-LeaderElection44] INFO  server.RaftServerConfigKeys (ConfUtils.java:logGet(44)) - raft.server.rpc.request.timeout = 3000ms (default)
2021-03-15 13:22:14,334 [8f544fba-ae2a-4c10-8316-b74b14cffb80@group-D764FF994818-LeaderElection44] INFO  server.RaftServerConfigKeys (ConfUtils.java:logGet(44)) - raft.server.log.appender.install.snapshot.enabled = false (custom)
2021-03-15 13:22:14,334 [8f544fba-ae2a-4c10-8316-b74b14cffb80@group-D764FF994818-LeaderElection44] INFO  metrics.RatisMetrics (RatisMetrics.java:lambda$create$0(36)) - Creating Metrics Registry : ratis_grpc.log_appender.8f544fba-ae2a-4c10-8316-b74b14cffb80@group-D764FF994818
2021-03-15 13:22:14,334 [8f544fba-ae2a-4c10-8316-b74b14cffb80@group-D764FF994818-LeaderElection44] INFO  server.RaftServerConfigKeys (ConfUtils.java:logGet(44)) - raft.server.log.appender.snapshot.chunk.size.max = 16MB (=16777216) (default)
2021-03-15 13:22:14,334 [grpc-default-executor-3] INFO  server.RaftServer$Division (RaftServerImpl.java:requestVote(1057)) - 01124cd4-4ace-459c-9f52-5cd7a41fca7c@group-D764FF994818 replies to ELECTION vote request: 8f544fba-ae2a-4c10-8316-b74b14cffb80<-01124cd4-4ace-459c-9f52-5cd7a41fca7c#0:OK-t8. Peer's state: 01124cd4-4ace-459c-9f52-5cd7a41fca7c@group-D764FF994818:t8, leader=null, voted=8f544fba-ae2a-4c10-8316-b74b14cffb80, raftlog=01124cd4-4ace-459c-9f52-5cd7a41fca7c@group-D764FF994818-SegmentedRaftLog:OPENED:c-1,f-1,i0, conf=-1: [01124cd4-4ace-459c-9f52-5cd7a41fca7c|rpc:172.17.0.2:40903|priority:0, 8f544fba-ae2a-4c10-8316-b74b14cffb80|rpc:172.17.0.2:35899|priority:1, 490c2edb-ef6d-43f1-a3fc-38f1bdb7d380|rpc:172.17.0.2:35411|priority:0], old=null
2021-03-15 13:22:14,335 [8f544fba-ae2a-4c10-8316-b74b14cffb80@group-D764FF994818-LeaderElection44] INFO  server.RaftServerConfigKeys (ConfUtils.java:logGet(44)) - raft.server.log.appender.buffer.byte-limit = 33554432 (custom)
2021-03-15 13:22:14,335 [8f544fba-ae2a-4c10-8316-b74b14cffb80@group-D764FF994818-LeaderElection44] INFO  server.RaftServerConfigKeys (ConfUtils.java:logGet(44)) - raft.server.log.appender.buffer.element-limit = 1 (custom)
2021-03-15 13:22:14,335 [8f544fba-ae2a-4c10-8316-b74b14cffb80@group-D764FF994818-LeaderElection44] INFO  grpc.GrpcConfigKeys (ConfUtils.java:logGet(44)) - raft.grpc.server.leader.outstanding.appends.max = 128 (default)
2021-03-15 13:22:14,335 [8f544fba-ae2a-4c10-8316-b74b14cffb80@group-D764FF994818-LeaderElection44] INFO  server.RaftServerConfigKeys (ConfUtils.java:logGet(44)) - raft.server.rpc.request.timeout = 3000ms (default)
2021-03-15 13:22:14,335 [8f544fba-ae2a-4c10-8316-b74b14cffb80@group-D764FF994818-LeaderElection44] INFO  server.RaftServerConfigKeys (ConfUtils.java:logGet(44)) - raft.server.log.appender.install.snapshot.enabled = false (custom)
2021-03-15 13:22:14,336 [8f544fba-ae2a-4c10-8316-b74b14cffb80@group-D764FF994818-LeaderElection44] INFO  impl.RoleInfo (RoleInfo.java:updateAndGet(130)) - 8f544fba-ae2a-4c10-8316-b74b14cffb80: start 8f544fba-ae2a-4c10-8316-b74b14cffb80@group-D764FF994818-LeaderStateImpl
2021-03-15 13:22:14,336 [8f544fba-ae2a-4c10-8316-b74b14cffb80@group-D764FF994818-LeaderElection44] INFO  segmented.SegmentedRaftLogWorker (SegmentedRaftLogWorker.java:startLogSegment(392)) - 8f544fba-ae2a-4c10-8316-b74b14cffb80@group-D764FF994818-SegmentedRaftLogWorker: Starting segment from index:0
2021-03-15 13:22:14,338 [8f544fba-ae2a-4c10-8316-b74b14cffb80@group-D764FF994818-SegmentedRaftLogWorker] INFO  segmented.SegmentedRaftLogWorker (SegmentedRaftLogWorker.java:execute(599)) - 8f544fba-ae2a-4c10-8316-b74b14cffb80@group-D764FF994818-SegmentedRaftLogWorker: created new log segment /github/workspace/mnt/ozone/hadoop-ozone/integration-test/target/test-dir/MiniOzoneClusterImpl-10170ce6-1bcb-4b6c-85b7-fb1f14fc7e79/datanode-4/data/ratis/a8a0e27c-b300-4a92-8e30-d764ff994818/current/log_inprogress_0
2021-03-15 13:22:14,345 [8f544fba-ae2a-4c10-8316-b74b14cffb80@group-D764FF994818-LeaderElection44] INFO  server.RaftServer$Division (ServerState.java:setRaftConf(373)) - 8f544fba-ae2a-4c10-8316-b74b14cffb80@group-D764FF994818: set configuration 0: [01124cd4-4ace-459c-9f52-5cd7a41fca7c|rpc:172.17.0.2:40903|dataStream:|priority:0, 8f544fba-ae2a-4c10-8316-b74b14cffb80|rpc:172.17.0.2:35899|dataStream:|priority:1, 490c2edb-ef6d-43f1-a3fc-38f1bdb7d380|rpc:172.17.0.2:35411|dataStream:|priority:0], old=null
2021-03-15 13:22:14,355 [grpc-default-executor-3] INFO  ratis.XceiverServerRatis (XceiverServerRatis.java:handleLeaderChangedNotification(899)) - Leader change notification received for group: group-D764FF994818 with new leaderId: 8f544fba-ae2a-4c10-8316-b74b14cffb80
2021-03-15 13:22:14,355 [grpc-default-executor-3] INFO  server.RaftServer$Division (ServerState.java:setLeader(271)) - 01124cd4-4ace-459c-9f52-5cd7a41fca7c@group-D764FF994818: change Leader from null to 8f544fba-ae2a-4c10-8316-b74b14cffb80 at term 8 for appendEntries, leader elected after 41292ms
2021-03-15 13:22:14,357 [grpc-default-executor-0] INFO  ratis.XceiverServerRatis (XceiverServerRatis.java:handleLeaderChangedNotification(899)) - Leader change notification received for group: group-D764FF994818 with new leaderId: 8f544fba-ae2a-4c10-8316-b74b14cffb80
2021-03-15 13:22:14,357 [grpc-default-executor-0] INFO  server.RaftServer$Division (ServerState.java:setLeader(271)) - 490c2edb-ef6d-43f1-a3fc-38f1bdb7d380@group-D764FF994818: change Leader from null to 8f544fba-ae2a-4c10-8316-b74b14cffb80 at term 8 for appendEntries, leader elected after 41183ms
2021-03-15 13:22:14,358 [grpc-default-executor-3] INFO  server.RaftServer$Division (ServerState.java:setRaftConf(373)) - 01124cd4-4ace-459c-9f52-5cd7a41fca7c@group-D764FF994818: set configuration 0: [01124cd4-4ace-459c-9f52-5cd7a41fca7c|rpc:172.17.0.2:40903|dataStream:|priority:0, 8f544fba-ae2a-4c10-8316-b74b14cffb80|rpc:172.17.0.2:35899|dataStream:|priority:1, 490c2edb-ef6d-43f1-a3fc-38f1bdb7d380|rpc:172.17.0.2:35411|dataStream:|priority:0], old=null
2021-03-15 13:22:14,358 [grpc-default-executor-3] INFO  segmented.SegmentedRaftLogWorker (SegmentedRaftLogWorker.java:startLogSegment(392)) - 01124cd4-4ace-459c-9f52-5cd7a41fca7c@group-D764FF994818-SegmentedRaftLogWorker: Starting segment from index:0
2021-03-15 13:22:14,364 [grpc-default-executor-3] INFO  server.RaftServer$Division (ServerState.java:setRaftConf(373)) - 490c2edb-ef6d-43f1-a3fc-38f1bdb7d380@group-D764FF994818: set configuration 0: [01124cd4-4ace-459c-9f52-5cd7a41fca7c|rpc:172.17.0.2:40903|dataStream:|priority:0, 8f544fba-ae2a-4c10-8316-b74b14cffb80|rpc:172.17.0.2:35899|dataStream:|priority:1, 490c2edb-ef6d-43f1-a3fc-38f1bdb7d380|rpc:172.17.0.2:35411|dataStream:|priority:0], old=null
2021-03-15 13:22:14,364 [grpc-default-executor-3] INFO  segmented.SegmentedRaftLogWorker (SegmentedRaftLogWorker.java:startLogSegment(392)) - 490c2edb-ef6d-43f1-a3fc-38f1bdb7d380@group-D764FF994818-SegmentedRaftLogWorker: Starting segment from index:0
2021-03-15 13:22:14,365 [01124cd4-4ace-459c-9f52-5cd7a41fca7c@group-D764FF994818-SegmentedRaftLogWorker] INFO  segmented.SegmentedRaftLogWorker (SegmentedRaftLogWorker.java:execute(599)) - 01124cd4-4ace-459c-9f52-5cd7a41fca7c@group-D764FF994818-SegmentedRaftLogWorker: created new log segment /github/workspace/mnt/ozone/hadoop-ozone/integration-test/target/test-dir/MiniOzoneClusterImpl-10170ce6-1bcb-4b6c-85b7-fb1f14fc7e79/datanode-3/data/ratis/a8a0e27c-b300-4a92-8e30-d764ff994818/current/log_inprogress_0
2021-03-15 13:22:14,366 [490c2edb-ef6d-43f1-a3fc-38f1bdb7d380@group-D764FF994818-SegmentedRaftLogWorker] INFO  segmented.SegmentedRaftLogWorker (SegmentedRaftLogWorker.java:execute(599)) - 490c2edb-ef6d-43f1-a3fc-38f1bdb7d380@group-D764FF994818-SegmentedRaftLogWorker: created new log segment /github/workspace/mnt/ozone/hadoop-ozone/integration-test/target/test-dir/MiniOzoneClusterImpl-10170ce6-1bcb-4b6c-85b7-fb1f14fc7e79/datanode-5/data/ratis/a8a0e27c-b300-4a92-8e30-d764ff994818/current/log_inprogress_0
2021-03-15 13:22:15,107 [Listener at 127.0.0.1/41395] INFO  ozoneimpl.OzoneContainer (OzoneContainer.java:stop(273)) - Attempting to stop container services.
2021-03-15 13:22:15,108 [Listener at 127.0.0.1/41395] INFO  server.RaftServer (RaftServerProxy.java:lambda$close$6(391)) - 8f544fba-ae2a-4c10-8316-b74b14cffb80: close
2021-03-15 13:22:15,107 [ForkJoinPool.commonPool-worker-1] INFO  ozoneimpl.OzoneContainer (OzoneContainer.java:stop(273)) - Attempting to stop container services.
2021-03-15 13:22:15,109 [Listener at 127.0.0.1/41395] INFO  server.RaftServer$Division (RaftServerImpl.java:lambda$close$4(406)) - 8f544fba-ae2a-4c10-8316-b74b14cffb80@group-9EB71483E61B: shutdown
2021-03-15 13:22:15,109 [ForkJoinPool.commonPool-worker-1] INFO  server.RaftServer (RaftServerProxy.java:lambda$close$6(391)) - 29adc670-2c1e-4c6c-9558-1601f864128b: close
2021-03-15 13:22:15,109 [ForkJoinPool.commonPool-worker-1] INFO  server.RaftServer$Division (RaftServerImpl.java:lambda$close$4(406)) - 29adc670-2c1e-4c6c-9558-1601f864128b@group-20F16FCD1309: shutdown
2021-03-15 13:22:15,109 [Listener at 127.0.0.1/41395] INFO  util.JmxRegister (JmxRegister.java:unregister(73)) - Successfully un-registered JMX Bean with object name Ratis:service=RaftServer,group=group-9EB71483E61B,id=8f544fba-ae2a-4c10-8316-b74b14cffb80
2021-03-15 13:22:15,110 [Listener at 127.0.0.1/41395] INFO  impl.RoleInfo (RoleInfo.java:shutdownFollowerState(108)) - 8f544fba-ae2a-4c10-8316-b74b14cffb80: shutdown 8f544fba-ae2a-4c10-8316-b74b14cffb80@group-9EB71483E61B-FollowerState
2021-03-15 13:22:15,109 [ForkJoinPool.commonPool-worker-1] INFO  util.JmxRegister (JmxRegister.java:unregister(73)) - Successfully un-registered JMX Bean with object name Ratis:service=RaftServer,group=group-20F16FCD1309,id=29adc670-2c1e-4c6c-9558-1601f864128b
2021-03-15 13:22:15,110 [ForkJoinPool.commonPool-worker-1] INFO  impl.RoleInfo (RoleInfo.java:shutdownLeaderState(91)) - 29adc670-2c1e-4c6c-9558-1601f864128b: shutdown 29adc670-2c1e-4c6c-9558-1601f864128b@group-20F16FCD1309-LeaderStateImpl
2021-03-15 13:22:15,110 [Thread-474] INFO  impl.FollowerState (FollowerState.java:run(142)) - 8f544fba-ae2a-4c10-8316-b74b14cffb80@group-9EB71483E61B-FollowerState was interrupted: {}
java.lang.InterruptedException: sleep interrupted
	at java.lang.Thread.sleep(Native Method)
	at java.lang.Thread.sleep(Thread.java:340)
	at java.util.concurrent.TimeUnit.sleep(TimeUnit.java:386)
	at org.apache.ratis.util.TimeDuration.sleep(TimeDuration.java:324)
	at org.apache.ratis.util.TimeDuration.sleep(TimeDuration.java:309)
	at org.apache.ratis.server.impl.FollowerState.run(FollowerState.java:117)
2021-03-15 13:22:15,110 [ForkJoinPool.commonPool-worker-1] INFO  impl.PendingRequests (PendingRequests.java:sendNotLeaderResponses(249)) - 29adc670-2c1e-4c6c-9558-1601f864128b@group-20F16FCD1309-PendingRequests: sendNotLeaderResponses
2021-03-15 13:22:15,111 [8f544fba-ae2a-4c10-8316-b74b14cffb80@group-9EB71483E61B-StateMachineUpdater] INFO  ratis.ContainerStateMachine (ContainerStateMachine.java:takeSnapshot(291)) - group-9EB71483E61B: Taking a snapshot at:(t:3, i:0) file /github/workspace/mnt/ozone/hadoop-ozone/integration-test/target/test-dir/MiniOzoneClusterImpl-10170ce6-1bcb-4b6c-85b7-fb1f14fc7e79/datanode-4/data/ratis/3131fd0c-3f52-4949-b04d-9eb71483e61b/sm/snapshot.3_0
2021-03-15 13:22:15,113 [Listener at 127.0.0.1/41395] INFO  impl.StateMachineUpdater (StateMachineUpdater.java:stopAndJoin(148)) - 8f544fba-ae2a-4c10-8316-b74b14cffb80@group-9EB71483E61B-StateMachineUpdater: set stopIndex = 0
2021-03-15 13:22:15,116 [ForkJoinPool.commonPool-worker-1] INFO  metrics.RatisMetrics (RatisMetrics.java:unregister(43)) - Unregistering Metrics Registry : ratis.log_appender.29adc670-2c1e-4c6c-9558-1601f864128b@group-20F16FCD1309
2021-03-15 13:22:15,116 [ForkJoinPool.commonPool-worker-1] INFO  metrics.RatisMetrics (RatisMetrics.java:unregister(43)) - Unregistering Metrics Registry : ratis.server.29adc670-2c1e-4c6c-9558-1601f864128b@group-20F16FCD1309
2021-03-15 13:22:15,118 [ForkJoinPool.commonPool-worker-1] INFO  impl.StateMachineUpdater (StateMachineUpdater.java:stopAndJoin(148)) - 29adc670-2c1e-4c6c-9558-1601f864128b@group-20F16FCD1309-StateMachineUpdater: set stopIndex = 0
2021-03-15 13:22:15,118 [29adc670-2c1e-4c6c-9558-1601f864128b@group-20F16FCD1309-StateMachineUpdater] INFO  ratis.ContainerStateMachine (ContainerStateMachine.java:takeSnapshot(291)) - group-20F16FCD1309: Taking a snapshot at:(t:1, i:0) file /github/workspace/mnt/ozone/hadoop-ozone/integration-test/target/test-dir/MiniOzoneClusterImpl-10170ce6-1bcb-4b6c-85b7-fb1f14fc7e79/datanode-1/data/ratis/80380c97-8ba5-4cfd-9967-20f16fcd1309/sm/snapshot.1_0
2021-03-15 13:22:15,123 [29adc670-2c1e-4c6c-9558-1601f864128b@group-20F16FCD1309-StateMachineUpdater] INFO  ratis.ContainerStateMachine (ContainerStateMachine.java:takeSnapshot(302)) - group-20F16FCD1309: Finished taking a snapshot at:(t:1, i:0) file:/github/workspace/mnt/ozone/hadoop-ozone/integration-test/target/test-dir/MiniOzoneClusterImpl-10170ce6-1bcb-4b6c-85b7-fb1f14fc7e79/datanode-1/data/ratis/80380c97-8ba5-4cfd-9967-20f16fcd1309/sm/snapshot.1_0 took: 5 ms
2021-03-15 13:22:15,124 [29adc670-2c1e-4c6c-9558-1601f864128b@group-20F16FCD1309-StateMachineUpdater] INFO  impl.StateMachineUpdater (StateMachineUpdater.java:takeSnapshot(279)) - 29adc670-2c1e-4c6c-9558-1601f864128b@group-20F16FCD1309-StateMachineUpdater: Took a snapshot at index 0
2021-03-15 13:22:15,124 [29adc670-2c1e-4c6c-9558-1601f864128b@group-20F16FCD1309-StateMachineUpdater] INFO  impl.StateMachineUpdater (StateMachineUpdater.java:lambda$new$0(88)) - 29adc670-2c1e-4c6c-9558-1601f864128b@group-20F16FCD1309-StateMachineUpdater: snapshotIndex: updateIncreasingly -1 -> 0
2021-03-15 13:22:15,128 [8f544fba-ae2a-4c10-8316-b74b14cffb80@group-9EB71483E61B-StateMachineUpdater] INFO  ratis.ContainerStateMachine (ContainerStateMachine.java:takeSnapshot(302)) - group-9EB71483E61B: Finished taking a snapshot at:(t:3, i:0) file:/github/workspace/mnt/ozone/hadoop-ozone/integration-test/target/test-dir/MiniOzoneClusterImpl-10170ce6-1bcb-4b6c-85b7-fb1f14fc7e79/datanode-4/data/ratis/3131fd0c-3f52-4949-b04d-9eb71483e61b/sm/snapshot.3_0 took: 15 ms
2021-03-15 13:22:15,128 [8f544fba-ae2a-4c10-8316-b74b14cffb80@group-9EB71483E61B-StateMachineUpdater] INFO  impl.StateMachineUpdater (StateMachineUpdater.java:takeSnapshot(279)) - 8f544fba-ae2a-4c10-8316-b74b14cffb80@group-9EB71483E61B-StateMachineUpdater: Took a snapshot at index 0
2021-03-15 13:22:15,128 [8f544fba-ae2a-4c10-8316-b74b14cffb80@group-9EB71483E61B-StateMachineUpdater] INFO  impl.StateMachineUpdater (StateMachineUpdater.java:lambda$new$0(88)) - 8f544fba-ae2a-4c10-8316-b74b14cffb80@group-9EB71483E61B-StateMachineUpdater: snapshotIndex: updateIncreasingly -1 -> 0
2021-03-15 13:22:15,128 [29adc670-2c1e-4c6c-9558-1601f864128b@group-20F16FCD1309-StateMachineUpdater] INFO  metrics.RatisMetrics (RatisMetrics.java:unregister(43)) - Unregistering Metrics Registry : ratis.state_machine.29adc670-2c1e-4c6c-9558-1601f864128b@group-20F16FCD1309
2021-03-15 13:22:15,128 [8f544fba-ae2a-4c10-8316-b74b14cffb80@group-9EB71483E61B-StateMachineUpdater] INFO  metrics.RatisMetrics (RatisMetrics.java:unregister(43)) - Unregistering Metrics Registry : ratis.state_machine.8f544fba-ae2a-4c10-8316-b74b14cffb80@group-9EB71483E61B
2021-03-15 13:22:15,129 [ForkJoinPool.commonPool-worker-1] INFO  server.RaftServer$Division (ServerState.java:close(405)) - 29adc670-2c1e-4c6c-9558-1601f864128b@group-20F16FCD1309: closes. applyIndex: 0
2021-03-15 13:22:15,129 [29adc670-2c1e-4c6c-9558-1601f864128b@group-20F16FCD1309-SegmentedRaftLogWorker] INFO  segmented.SegmentedRaftLogWorker (SegmentedRaftLogWorker.java:run(326)) - 29adc670-2c1e-4c6c-9558-1601f864128b@group-20F16FCD1309-SegmentedRaftLogWorker was interrupted, exiting. There are 0 tasks remaining in the queue.
2021-03-15 13:22:15,130 [ForkJoinPool.commonPool-worker-1] INFO  segmented.SegmentedRaftLogWorker (SegmentedRaftLogWorker.java:close(236)) - 29adc670-2c1e-4c6c-9558-1601f864128b@group-20F16FCD1309-SegmentedRaftLogWorker close()
2021-03-15 13:22:15,135 [ForkJoinPool.commonPool-worker-1] INFO  metrics.RatisMetrics (RatisMetrics.java:unregister(43)) - Unregistering Metrics Registry : ratis.log_worker.29adc670-2c1e-4c6c-9558-1601f864128b@group-20F16FCD1309
2021-03-15 13:22:15,136 [ForkJoinPool.commonPool-worker-1] INFO  metrics.RatisMetrics (RatisMetrics.java:unregister(43)) - Unregistering Metrics Registry : ratis.leader_election.29adc670-2c1e-4c6c-9558-1601f864128b@group-20F16FCD1309
2021-03-15 13:22:15,136 [ForkJoinPool.commonPool-worker-1] INFO  metrics.RatisMetrics (RatisMetrics.java:unregister(43)) - Unregistering Metrics Registry : ratis.server.29adc670-2c1e-4c6c-9558-1601f864128b@group-20F16FCD1309
2021-03-15 13:22:15,136 [ForkJoinPool.commonPool-worker-1] INFO  server.RaftServer$Division (RaftServerImpl.java:lambda$close$4(406)) - 29adc670-2c1e-4c6c-9558-1601f864128b@group-7426FA8FAC29: shutdown
2021-03-15 13:22:15,136 [ForkJoinPool.commonPool-worker-1] INFO  util.JmxRegister (JmxRegister.java:unregister(73)) - Successfully un-registered JMX Bean with object name Ratis:service=RaftServer,group=group-7426FA8FAC29,id=29adc670-2c1e-4c6c-9558-1601f864128b
2021-03-15 13:22:15,136 [ForkJoinPool.commonPool-worker-1] INFO  impl.RoleInfo (RoleInfo.java:shutdownLeaderState(91)) - 29adc670-2c1e-4c6c-9558-1601f864128b: shutdown 29adc670-2c1e-4c6c-9558-1601f864128b@group-7426FA8FAC29-LeaderStateImpl
2021-03-15 13:22:15,136 [ForkJoinPool.commonPool-worker-1] INFO  metrics.RatisMetrics (RatisMetrics.java:unregister(43)) - Unregistering Metrics Registry : ratis_grpc.log_appender.29adc670-2c1e-4c6c-9558-1601f864128b@group-7426FA8FAC29
2021-03-15 13:22:15,137 [ForkJoinPool.commonPool-worker-1] INFO  metrics.RatisMetrics (RatisMetrics.java:unregister(43)) - Unregistering Metrics Registry : ratis_grpc.log_appender.29adc670-2c1e-4c6c-9558-1601f864128b@group-7426FA8FAC29
2021-03-15 13:22:15,137 [Listener at 127.0.0.1/41395] INFO  server.RaftServer$Division (ServerState.java:close(405)) - 8f544fba-ae2a-4c10-8316-b74b14cffb80@group-9EB71483E61B: closes. applyIndex: 0
2021-03-15 13:22:15,137 [29adc670-2c1e-4c6c-9558-1601f864128b@group-7426FA8FAC29->2bcf9514-6eaf-4328-a021-870a209d39c4-GrpcLogAppender-LogAppenderDaemon] WARN  server.GrpcLogAppender (GrpcLogAppender.java:mayWait(175)) - 29adc670-2c1e-4c6c-9558-1601f864128b@group-7426FA8FAC29->2bcf9514-6eaf-4328-a021-870a209d39c4-GrpcLogAppender: Wait interrupted by java.lang.InterruptedException
2021-03-15 13:22:15,137 [29adc670-2c1e-4c6c-9558-1601f864128b@group-7426FA8FAC29->c8823aab-1c49-422a-a51c-c7b83b859fa6-GrpcLogAppender-LogAppenderDaemon] WARN  server.GrpcLogAppender (GrpcLogAppender.java:mayWait(175)) - 29adc670-2c1e-4c6c-9558-1601f864128b@group-7426FA8FAC29->c8823aab-1c49-422a-a51c-c7b83b859fa6-GrpcLogAppender: Wait interrupted by java.lang.InterruptedException
2021-03-15 13:22:15,137 [8f544fba-ae2a-4c10-8316-b74b14cffb80@group-9EB71483E61B-SegmentedRaftLogWorker] INFO  segmented.SegmentedRaftLogWorker (SegmentedRaftLogWorker.java:run(326)) - 8f544fba-ae2a-4c10-8316-b74b14cffb80@group-9EB71483E61B-SegmentedRaftLogWorker was interrupted, exiting. There are 0 tasks remaining in the queue.
2021-03-15 13:22:15,138 [ForkJoinPool.commonPool-worker-1] INFO  impl.PendingRequests (PendingRequests.java:sendNotLeaderResponses(249)) - 29adc670-2c1e-4c6c-9558-1601f864128b@group-7426FA8FAC29-PendingRequests: sendNotLeaderResponses
2021-03-15 13:22:15,138 [ForkJoinPool.commonPool-worker-1] INFO  metrics.RatisMetrics (RatisMetrics.java:unregister(43)) - Unregistering Metrics Registry : ratis.log_appender.29adc670-2c1e-4c6c-9558-1601f864128b@group-7426FA8FAC29
2021-03-15 13:22:15,138 [ForkJoinPool.commonPool-worker-1] INFO  metrics.RatisMetrics (RatisMetrics.java:unregister(43)) - Unregistering Metrics Registry : ratis.server.29adc670-2c1e-4c6c-9558-1601f864128b@group-7426FA8FAC29
2021-03-15 13:22:15,138 [grpc-default-executor-0] INFO  server.GrpcServerProtocolService (GrpcServerProtocolService.java:onCompleted(138)) - 2bcf9514-6eaf-4328-a021-870a209d39c4: Completed APPEND_ENTRIES, lastRequest: 29adc670-2c1e-4c6c-9558-1601f864128b->2bcf9514-6eaf-4328-a021-870a209d39c4#1-t4,previous=(t:0, i:0),leaderCommit=-1,initializing? true,entries: size=1, first=(t:4, i:0), CONFIGURATIONENTRY
2021-03-15 13:22:15,139 [29adc670-2c1e-4c6c-9558-1601f864128b@group-7426FA8FAC29-StateMachineUpdater] INFO  ratis.ContainerStateMachine (ContainerStateMachine.java:takeSnapshot(291)) - group-7426FA8FAC29: Taking a snapshot at:(t:4, i:0) file /github/workspace/mnt/ozone/hadoop-ozone/integration-test/target/test-dir/MiniOzoneClusterImpl-10170ce6-1bcb-4b6c-85b7-fb1f14fc7e79/datanode-1/data/ratis/ac74313d-67a1-459f-9117-7426fa8fac29/sm/snapshot.4_0
2021-03-15 13:22:15,138 [ForkJoinPool.commonPool-worker-1] INFO  impl.StateMachineUpdater (StateMachineUpdater.java:stopAndJoin(148)) - 29adc670-2c1e-4c6c-9558-1601f864128b@group-7426FA8FAC29-StateMachineUpdater: set stopIndex = 0
2021-03-15 13:22:15,138 [grpc-default-executor-3] INFO  server.GrpcServerProtocolService (GrpcServerProtocolService.java:onCompleted(138)) - c8823aab-1c49-422a-a51c-c7b83b859fa6: Completed APPEND_ENTRIES, lastRequest: 29adc670-2c1e-4c6c-9558-1601f864128b->c8823aab-1c49-422a-a51c-c7b83b859fa6#1-t4,previous=(t:0, i:0),leaderCommit=-1,initializing? true,entries: size=1, first=(t:4, i:0), CONFIGURATIONENTRY
2021-03-15 13:22:15,139 [Listener at 127.0.0.1/41395] INFO  segmented.SegmentedRaftLogWorker (SegmentedRaftLogWorker.java:close(236)) - 8f544fba-ae2a-4c10-8316-b74b14cffb80@group-9EB71483E61B-SegmentedRaftLogWorker close()
2021-03-15 13:22:15,141 [Listener at 127.0.0.1/41395] INFO  metrics.RatisMetrics (RatisMetrics.java:unregister(43)) - Unregistering Metrics Registry : ratis.log_worker.8f544fba-ae2a-4c10-8316-b74b14cffb80@group-9EB71483E61B
2021-03-15 13:22:15,141 [Listener at 127.0.0.1/41395] INFO  metrics.RatisMetrics (RatisMetrics.java:unregister(43)) - Unregistering Metrics Registry : ratis.leader_election.8f544fba-ae2a-4c10-8316-b74b14cffb80@group-9EB71483E61B
2021-03-15 13:22:15,141 [Listener at 127.0.0.1/41395] INFO  metrics.RatisMetrics (RatisMetrics.java:unregister(43)) - Unregistering Metrics Registry : ratis.server.8f544fba-ae2a-4c10-8316-b74b14cffb80@group-9EB71483E61B
2021-03-15 13:22:15,141 [Listener at 127.0.0.1/41395] INFO  server.RaftServer$Division (RaftServerImpl.java:lambda$close$4(406)) - 8f544fba-ae2a-4c10-8316-b74b14cffb80@group-8E469E476B4E: shutdown
2021-03-15 13:22:15,141 [Listener at 127.0.0.1/41395] INFO  util.JmxRegister (JmxRegister.java:unregister(73)) - Successfully un-registered JMX Bean with object name Ratis:service=RaftServer,group=group-8E469E476B4E,id=8f544fba-ae2a-4c10-8316-b74b14cffb80
2021-03-15 13:22:15,142 [Listener at 127.0.0.1/41395] INFO  impl.RoleInfo (RoleInfo.java:shutdownLeaderState(91)) - 8f544fba-ae2a-4c10-8316-b74b14cffb80: shutdown 8f544fba-ae2a-4c10-8316-b74b14cffb80@group-8E469E476B4E-LeaderStateImpl
2021-03-15 13:22:15,143 [Listener at 127.0.0.1/41395] INFO  impl.PendingRequests (PendingRequests.java:sendNotLeaderResponses(249)) - 8f544fba-ae2a-4c10-8316-b74b14cffb80@group-8E469E476B4E-PendingRequests: sendNotLeaderResponses
2021-03-15 13:22:15,143 [Listener at 127.0.0.1/41395] INFO  metrics.RatisMetrics (RatisMetrics.java:unregister(43)) - Unregistering Metrics Registry : ratis.log_appender.8f544fba-ae2a-4c10-8316-b74b14cffb80@group-8E469E476B4E
2021-03-15 13:22:15,143 [Listener at 127.0.0.1/41395] INFO  metrics.RatisMetrics (RatisMetrics.java:unregister(43)) - Unregistering Metrics Registry : ratis.server.8f544fba-ae2a-4c10-8316-b74b14cffb80@group-8E469E476B4E
2021-03-15 13:22:15,143 [Listener at 127.0.0.1/41395] INFO  impl.StateMachineUpdater (StateMachineUpdater.java:stopAndJoin(148)) - 8f544fba-ae2a-4c10-8316-b74b14cffb80@group-8E469E476B4E-StateMachineUpdater: set stopIndex = 0
2021-03-15 13:22:15,144 [8f544fba-ae2a-4c10-8316-b74b14cffb80@group-8E469E476B4E-StateMachineUpdater] INFO  ratis.ContainerStateMachine (ContainerStateMachine.java:takeSnapshot(291)) - group-8E469E476B4E: Taking a snapshot at:(t:1, i:0) file /github/workspace/mnt/ozone/hadoop-ozone/integration-test/target/test-dir/MiniOzoneClusterImpl-10170ce6-1bcb-4b6c-85b7-fb1f14fc7e79/datanode-4/data/ratis/c8b00f4b-c710-4772-a5b0-8e469e476b4e/sm/snapshot.1_0
2021-03-15 13:22:15,144 [29adc670-2c1e-4c6c-9558-1601f864128b@group-7426FA8FAC29-StateMachineUpdater] INFO  ratis.ContainerStateMachine (ContainerStateMachine.java:takeSnapshot(302)) - group-7426FA8FAC29: Finished taking a snapshot at:(t:4, i:0) file:/github/workspace/mnt/ozone/hadoop-ozone/integration-test/target/test-dir/MiniOzoneClusterImpl-10170ce6-1bcb-4b6c-85b7-fb1f14fc7e79/datanode-1/data/ratis/ac74313d-67a1-459f-9117-7426fa8fac29/sm/snapshot.4_0 took: 4 ms
2021-03-15 13:22:15,144 [29adc670-2c1e-4c6c-9558-1601f864128b@group-7426FA8FAC29-StateMachineUpdater] INFO  impl.StateMachineUpdater (StateMachineUpdater.java:takeSnapshot(279)) - 29adc670-2c1e-4c6c-9558-1601f864128b@group-7426FA8FAC29-StateMachineUpdater: Took a snapshot at index 0
2021-03-15 13:22:15,144 [29adc670-2c1e-4c6c-9558-1601f864128b@group-7426FA8FAC29-StateMachineUpdater] INFO  impl.StateMachineUpdater (StateMachineUpdater.java:lambda$new$0(88)) - 29adc670-2c1e-4c6c-9558-1601f864128b@group-7426FA8FAC29-StateMachineUpdater: snapshotIndex: updateIncreasingly -1 -> 0
2021-03-15 13:22:15,144 [29adc670-2c1e-4c6c-9558-1601f864128b@group-7426FA8FAC29-StateMachineUpdater] INFO  metrics.RatisMetrics (RatisMetrics.java:unregister(43)) - Unregistering Metrics Registry : ratis.state_machine.29adc670-2c1e-4c6c-9558-1601f864128b@group-7426FA8FAC29
2021-03-15 13:22:15,144 [ForkJoinPool.commonPool-worker-1] INFO  server.RaftServer$Division (ServerState.java:close(405)) - 29adc670-2c1e-4c6c-9558-1601f864128b@group-7426FA8FAC29: closes. applyIndex: 0
2021-03-15 13:22:15,145 [29adc670-2c1e-4c6c-9558-1601f864128b@group-7426FA8FAC29-SegmentedRaftLogWorker] INFO  segmented.SegmentedRaftLogWorker (SegmentedRaftLogWorker.java:run(326)) - 29adc670-2c1e-4c6c-9558-1601f864128b@group-7426FA8FAC29-SegmentedRaftLogWorker was interrupted, exiting. There are 0 tasks remaining in the queue.
2021-03-15 13:22:15,146 [ForkJoinPool.commonPool-worker-1] INFO  segmented.SegmentedRaftLogWorker (SegmentedRaftLogWorker.java:close(236)) - 29adc670-2c1e-4c6c-9558-1601f864128b@group-7426FA8FAC29-SegmentedRaftLogWorker close()
2021-03-15 13:22:15,147 [ForkJoinPool.commonPool-worker-1] INFO  metrics.RatisMetrics (RatisMetrics.java:unregister(43)) - Unregistering Metrics Registry : ratis.log_worker.29adc670-2c1e-4c6c-9558-1601f864128b@group-7426FA8FAC29
2021-03-15 13:22:15,147 [ForkJoinPool.commonPool-worker-1] INFO  metrics.RatisMetrics (RatisMetrics.java:unregister(43)) - Unregistering Metrics Registry : ratis.leader_election.29adc670-2c1e-4c6c-9558-1601f864128b@group-7426FA8FAC29
2021-03-15 13:22:15,147 [8f544fba-ae2a-4c10-8316-b74b14cffb80@group-8E469E476B4E-StateMachineUpdater] INFO  ratis.ContainerStateMachine (ContainerStateMachine.java:takeSnapshot(302)) - group-8E469E476B4E: Finished taking a snapshot at:(t:1, i:0) file:/github/workspace/mnt/ozone/hadoop-ozone/integration-test/target/test-dir/MiniOzoneClusterImpl-10170ce6-1bcb-4b6c-85b7-fb1f14fc7e79/datanode-4/data/ratis/c8b00f4b-c710-4772-a5b0-8e469e476b4e/sm/snapshot.1_0 took: 2 ms
2021-03-15 13:22:15,147 [ForkJoinPool.commonPool-worker-1] INFO  metrics.RatisMetrics (RatisMetrics.java:unregister(43)) - Unregistering Metrics Registry : ratis.server.29adc670-2c1e-4c6c-9558-1601f864128b@group-7426FA8FAC29
2021-03-15 13:22:15,147 [grpc-default-executor-3] INFO  server.GrpcLogAppender (GrpcLogAppender.java:onCompleted(344)) - 29adc670-2c1e-4c6c-9558-1601f864128b@group-7426FA8FAC29->2bcf9514-6eaf-4328-a021-870a209d39c4-AppendLogResponseHandler: follower responses appendEntries COMPLETED
2021-03-15 13:22:15,147 [grpc-default-executor-3] INFO  leader.FollowerInfo (FollowerInfoImpl.java:lambda$new$0(46)) - 29adc670-2c1e-4c6c-9558-1601f864128b@group-7426FA8FAC29->2bcf9514-6eaf-4328-a021-870a209d39c4: nextIndex: updateUnconditionally 1 -> 0
2021-03-15 13:22:15,147 [8f544fba-ae2a-4c10-8316-b74b14cffb80@group-8E469E476B4E-StateMachineUpdater] INFO  impl.StateMachineUpdater (StateMachineUpdater.java:takeSnapshot(279)) - 8f544fba-ae2a-4c10-8316-b74b14cffb80@group-8E469E476B4E-StateMachineUpdater: Took a snapshot at index 0
2021-03-15 13:22:15,147 [8f544fba-ae2a-4c10-8316-b74b14cffb80@group-8E469E476B4E-StateMachineUpdater] INFO  impl.StateMachineUpdater (StateMachineUpdater.java:lambda$new$0(88)) - 8f544fba-ae2a-4c10-8316-b74b14cffb80@group-8E469E476B4E-StateMachineUpdater: snapshotIndex: updateIncreasingly -1 -> 0
2021-03-15 13:22:15,147 [ForkJoinPool.commonPool-worker-1] INFO  server.RaftServer$Division (RaftServerImpl.java:lambda$close$4(406)) - 29adc670-2c1e-4c6c-9558-1601f864128b@group-184EB8E85B35: shutdown
2021-03-15 13:22:15,148 [ForkJoinPool.commonPool-worker-1] INFO  util.JmxRegister (JmxRegister.java:unregister(73)) - Successfully un-registered JMX Bean with object name Ratis:service=RaftServer,group=group-184EB8E85B35,id=29adc670-2c1e-4c6c-9558-1601f864128b
2021-03-15 13:22:15,147 [8f544fba-ae2a-4c10-8316-b74b14cffb80@group-8E469E476B4E-StateMachineUpdater] INFO  metrics.RatisMetrics (RatisMetrics.java:unregister(43)) - Unregistering Metrics Registry : ratis.state_machine.8f544fba-ae2a-4c10-8316-b74b14cffb80@group-8E469E476B4E
2021-03-15 13:22:15,148 [ForkJoinPool.commonPool-worker-1] INFO  impl.RoleInfo (RoleInfo.java:shutdownFollowerState(108)) - 29adc670-2c1e-4c6c-9558-1601f864128b: shutdown 29adc670-2c1e-4c6c-9558-1601f864128b@group-184EB8E85B35-FollowerState
2021-03-15 13:22:15,148 [grpc-default-executor-3] INFO  server.GrpcLogAppender (GrpcLogAppender.java:onCompleted(344)) - 29adc670-2c1e-4c6c-9558-1601f864128b@group-7426FA8FAC29->c8823aab-1c49-422a-a51c-c7b83b859fa6-AppendLogResponseHandler: follower responses appendEntries COMPLETED
2021-03-15 13:22:15,148 [grpc-default-executor-3] INFO  leader.FollowerInfo (FollowerInfoImpl.java:lambda$new$0(46)) - 29adc670-2c1e-4c6c-9558-1601f864128b@group-7426FA8FAC29->c8823aab-1c49-422a-a51c-c7b83b859fa6: nextIndex: updateUnconditionally 1 -> 0
2021-03-15 13:22:15,148 [ForkJoinPool.commonPool-worker-1] INFO  impl.StateMachineUpdater (StateMachineUpdater.java:stopAndJoin(148)) - 29adc670-2c1e-4c6c-9558-1601f864128b@group-184EB8E85B35-StateMachineUpdater: set stopIndex = 14
2021-03-15 13:22:15,148 [29adc670-2c1e-4c6c-9558-1601f864128b@group-184EB8E85B35-StateMachineUpdater] INFO  ratis.ContainerStateMachine (ContainerStateMachine.java:takeSnapshot(291)) - group-184EB8E85B35: Taking a snapshot at:(t:1, i:14) file /github/workspace/mnt/ozone/hadoop-ozone/integration-test/target/test-dir/MiniOzoneClusterImpl-10170ce6-1bcb-4b6c-85b7-fb1f14fc7e79/datanode-1/data/ratis/79e449a0-20f2-4382-bd34-184eb8e85b35/sm/snapshot.1_14
2021-03-15 13:22:15,148 [Listener at 127.0.0.1/41395] INFO  server.RaftServer$Division (ServerState.java:close(405)) - 8f544fba-ae2a-4c10-8316-b74b14cffb80@group-8E469E476B4E: closes. applyIndex: 0
2021-03-15 13:22:15,149 [8f544fba-ae2a-4c10-8316-b74b14cffb80@group-8E469E476B4E-SegmentedRaftLogWorker] INFO  segmented.SegmentedRaftLogWorker (SegmentedRaftLogWorker.java:run(326)) - 8f544fba-ae2a-4c10-8316-b74b14cffb80@group-8E469E476B4E-SegmentedRaftLogWorker was interrupted, exiting. There are 0 tasks remaining in the queue.
2021-03-15 13:22:15,148 [Thread-362] INFO  impl.FollowerState (FollowerState.java:run(142)) - 29adc670-2c1e-4c6c-9558-1601f864128b@group-184EB8E85B35-FollowerState was interrupted: {}
java.lang.InterruptedException: sleep interrupted
	at java.lang.Thread.sleep(Native Method)
	at java.lang.Thread.sleep(Thread.java:340)
	at java.util.concurrent.TimeUnit.sleep(TimeUnit.java:386)
	at org.apache.ratis.util.TimeDuration.sleep(TimeDuration.java:324)
	at org.apache.ratis.util.TimeDuration.sleep(TimeDuration.java:309)
	at org.apache.ratis.server.impl.FollowerState.run(FollowerState.java:117)
2021-03-15 13:22:15,149 [Listener at 127.0.0.1/41395] INFO  segmented.SegmentedRaftLogWorker (SegmentedRaftLogWorker.java:close(236)) - 8f544fba-ae2a-4c10-8316-b74b14cffb80@group-8E469E476B4E-SegmentedRaftLogWorker close()
2021-03-15 13:22:15,152 [29adc670-2c1e-4c6c-9558-1601f864128b@group-184EB8E85B35-StateMachineUpdater] INFO  ratis.ContainerStateMachine (ContainerStateMachine.java:takeSnapshot(302)) - group-184EB8E85B35: Finished taking a snapshot at:(t:1, i:14) file:/github/workspace/mnt/ozone/hadoop-ozone/integration-test/target/test-dir/MiniOzoneClusterImpl-10170ce6-1bcb-4b6c-85b7-fb1f14fc7e79/datanode-1/data/ratis/79e449a0-20f2-4382-bd34-184eb8e85b35/sm/snapshot.1_14 took: 5 ms
2021-03-15 13:22:15,153 [29adc670-2c1e-4c6c-9558-1601f864128b@group-184EB8E85B35-StateMachineUpdater] INFO  impl.StateMachineUpdater (StateMachineUpdater.java:takeSnapshot(279)) - 29adc670-2c1e-4c6c-9558-1601f864128b@group-184EB8E85B35-StateMachineUpdater: Took a snapshot at index 14
2021-03-15 13:22:15,153 [29adc670-2c1e-4c6c-9558-1601f864128b@group-184EB8E85B35-StateMachineUpdater] INFO  impl.StateMachineUpdater (StateMachineUpdater.java:lambda$new$0(88)) - 29adc670-2c1e-4c6c-9558-1601f864128b@group-184EB8E85B35-StateMachineUpdater: snapshotIndex: updateIncreasingly -1 -> 14
2021-03-15 13:22:15,153 [29adc670-2c1e-4c6c-9558-1601f864128b@group-184EB8E85B35-StateMachineUpdater] INFO  metrics.RatisMetrics (RatisMetrics.java:unregister(43)) - Unregistering Metrics Registry : ratis.state_machine.29adc670-2c1e-4c6c-9558-1601f864128b@group-184EB8E85B35
2021-03-15 13:22:15,153 [ForkJoinPool.commonPool-worker-1] INFO  server.RaftServer$Division (ServerState.java:close(405)) - 29adc670-2c1e-4c6c-9558-1601f864128b@group-184EB8E85B35: closes. applyIndex: 14
2021-03-15 13:22:15,153 [29adc670-2c1e-4c6c-9558-1601f864128b@group-184EB8E85B35-SegmentedRaftLogWorker] INFO  segmented.SegmentedRaftLogWorker (SegmentedRaftLogWorker.java:run(326)) - 29adc670-2c1e-4c6c-9558-1601f864128b@group-184EB8E85B35-SegmentedRaftLogWorker was interrupted, exiting. There are 0 tasks remaining in the queue.
2021-03-15 13:22:15,156 [ForkJoinPool.commonPool-worker-1] INFO  segmented.SegmentedRaftLogWorker (SegmentedRaftLogWorker.java:close(236)) - 29adc670-2c1e-4c6c-9558-1601f864128b@group-184EB8E85B35-SegmentedRaftLogWorker close()
2021-03-15 13:22:15,156 [Listener at 127.0.0.1/41395] INFO  metrics.RatisMetrics (RatisMetrics.java:unregister(43)) - Unregistering Metrics Registry : ratis.log_worker.8f544fba-ae2a-4c10-8316-b74b14cffb80@group-8E469E476B4E
2021-03-15 13:22:15,157 [Listener at 127.0.0.1/41395] INFO  metrics.RatisMetrics (RatisMetrics.java:unregister(43)) - Unregistering Metrics Registry : ratis.leader_election.8f544fba-ae2a-4c10-8316-b74b14cffb80@group-8E469E476B4E
2021-03-15 13:22:15,157 [Listener at 127.0.0.1/41395] INFO  metrics.RatisMetrics (RatisMetrics.java:unregister(43)) - Unregistering Metrics Registry : ratis.server.8f544fba-ae2a-4c10-8316-b74b14cffb80@group-8E469E476B4E
2021-03-15 13:22:15,157 [Listener at 127.0.0.1/41395] INFO  server.RaftServer$Division (RaftServerImpl.java:lambda$close$4(406)) - 8f544fba-ae2a-4c10-8316-b74b14cffb80@group-D764FF994818: shutdown
2021-03-15 13:22:15,158 [Listener at 127.0.0.1/41395] INFO  util.JmxRegister (JmxRegister.java:unregister(73)) - Successfully un-registered JMX Bean with object name Ratis:service=RaftServer,group=group-D764FF994818,id=8f544fba-ae2a-4c10-8316-b74b14cffb80
2021-03-15 13:22:15,159 [Listener at 127.0.0.1/41395] INFO  impl.RoleInfo (RoleInfo.java:shutdownLeaderState(91)) - 8f544fba-ae2a-4c10-8316-b74b14cffb80: shutdown 8f544fba-ae2a-4c10-8316-b74b14cffb80@group-D764FF994818-LeaderStateImpl
2021-03-15 13:22:15,159 [Listener at 127.0.0.1/41395] INFO  metrics.RatisMetrics (RatisMetrics.java:unregister(43)) - Unregistering Metrics Registry : ratis_grpc.log_appender.8f544fba-ae2a-4c10-8316-b74b14cffb80@group-D764FF994818
2021-03-15 13:22:15,158 [ForkJoinPool.commonPool-worker-1] INFO  metrics.RatisMetrics (RatisMetrics.java:unregister(43)) - Unregistering Metrics Registry : ratis.log_worker.29adc670-2c1e-4c6c-9558-1601f864128b@group-184EB8E85B35
2021-03-15 13:22:15,159 [ForkJoinPool.commonPool-worker-1] INFO  metrics.RatisMetrics (RatisMetrics.java:unregister(43)) - Unregistering Metrics Registry : ratis.leader_election.29adc670-2c1e-4c6c-9558-1601f864128b@group-184EB8E85B35
2021-03-15 13:22:15,159 [ForkJoinPool.commonPool-worker-1] INFO  metrics.RatisMetrics (RatisMetrics.java:unregister(43)) - Unregistering Metrics Registry : ratis.server.29adc670-2c1e-4c6c-9558-1601f864128b@group-184EB8E85B35
2021-03-15 13:22:15,160 [ForkJoinPool.commonPool-worker-1] INFO  server.RaftServer$Division (RaftServerImpl.java:lambda$close$4(406)) - 29adc670-2c1e-4c6c-9558-1601f864128b@group-388B48EC2E2F: shutdown
2021-03-15 13:22:15,160 [ForkJoinPool.commonPool-worker-1] INFO  util.JmxRegister (JmxRegister.java:unregister(73)) - Successfully un-registered JMX Bean with object name Ratis:service=RaftServer,group=group-388B48EC2E2F,id=29adc670-2c1e-4c6c-9558-1601f864128b
2021-03-15 13:22:15,160 [ForkJoinPool.commonPool-worker-1] INFO  impl.RoleInfo (RoleInfo.java:shutdownFollowerState(108)) - 29adc670-2c1e-4c6c-9558-1601f864128b: shutdown 29adc670-2c1e-4c6c-9558-1601f864128b@group-388B48EC2E2F-FollowerState
2021-03-15 13:22:15,160 [ForkJoinPool.commonPool-worker-1] INFO  impl.StateMachineUpdater (StateMachineUpdater.java:stopAndJoin(148)) - 29adc670-2c1e-4c6c-9558-1601f864128b@group-388B48EC2E2F-StateMachineUpdater: set stopIndex = 2
2021-03-15 13:22:15,160 [Listener at 127.0.0.1/41395] INFO  metrics.RatisMetrics (RatisMetrics.java:unregister(43)) - Unregistering Metrics Registry : ratis_grpc.log_appender.8f544fba-ae2a-4c10-8316-b74b14cffb80@group-D764FF994818
2021-03-15 13:22:15,160 [Thread-698] INFO  impl.FollowerState (FollowerState.java:run(142)) - 29adc670-2c1e-4c6c-9558-1601f864128b@group-388B48EC2E2F-FollowerState was interrupted: {}
java.lang.InterruptedException: sleep interrupted
	at java.lang.Thread.sleep(Native Method)
	at java.lang.Thread.sleep(Thread.java:340)
	at java.util.concurrent.TimeUnit.sleep(TimeUnit.java:386)
	at org.apache.ratis.util.TimeDuration.sleep(TimeDuration.java:324)
	at org.apache.ratis.util.TimeDuration.sleep(TimeDuration.java:309)
	at org.apache.ratis.server.impl.FollowerState.run(FollowerState.java:117)
2021-03-15 13:22:15,162 [Listener at 127.0.0.1/41395] INFO  impl.PendingRequests (PendingRequests.java:sendNotLeaderResponses(249)) - 8f544fba-ae2a-4c10-8316-b74b14cffb80@group-D764FF994818-PendingRequests: sendNotLeaderResponses
2021-03-15 13:22:15,162 [8f544fba-ae2a-4c10-8316-b74b14cffb80@group-D764FF994818->490c2edb-ef6d-43f1-a3fc-38f1bdb7d380-GrpcLogAppender-LogAppenderDaemon] WARN  server.GrpcLogAppender (GrpcLogAppender.java:mayWait(175)) - 8f544fba-ae2a-4c10-8316-b74b14cffb80@group-D764FF994818->490c2edb-ef6d-43f1-a3fc-38f1bdb7d380-GrpcLogAppender: Wait interrupted by java.lang.InterruptedException
2021-03-15 13:22:15,160 [8f544fba-ae2a-4c10-8316-b74b14cffb80@group-D764FF994818->01124cd4-4ace-459c-9f52-5cd7a41fca7c-GrpcLogAppender-LogAppenderDaemon] WARN  server.GrpcLogAppender (GrpcLogAppender.java:mayWait(175)) - 8f544fba-ae2a-4c10-8316-b74b14cffb80@group-D764FF994818->01124cd4-4ace-459c-9f52-5cd7a41fca7c-GrpcLogAppender: Wait interrupted by java.lang.InterruptedException
2021-03-15 13:22:15,163 [Listener at 127.0.0.1/41395] INFO  metrics.RatisMetrics (RatisMetrics.java:unregister(43)) - Unregistering Metrics Registry : ratis.log_appender.8f544fba-ae2a-4c10-8316-b74b14cffb80@group-D764FF994818
2021-03-15 13:22:15,163 [Listener at 127.0.0.1/41395] INFO  metrics.RatisMetrics (RatisMetrics.java:unregister(43)) - Unregistering Metrics Registry : ratis.server.8f544fba-ae2a-4c10-8316-b74b14cffb80@group-D764FF994818
2021-03-15 13:22:15,163 [grpc-default-executor-0] INFO  server.GrpcServerProtocolService (GrpcServerProtocolService.java:onCompleted(138)) - 490c2edb-ef6d-43f1-a3fc-38f1bdb7d380: Completed APPEND_ENTRIES, lastRequest: 8f544fba-ae2a-4c10-8316-b74b14cffb80->490c2edb-ef6d-43f1-a3fc-38f1bdb7d380#1-t8,previous=(t:0, i:0),leaderCommit=0,initializing? true,entries: size=1, first=(t:8, i:0), CONFIGURATIONENTRY
2021-03-15 13:22:15,163 [Listener at 127.0.0.1/41395] INFO  impl.StateMachineUpdater (StateMachineUpdater.java:stopAndJoin(148)) - 8f544fba-ae2a-4c10-8316-b74b14cffb80@group-D764FF994818-StateMachineUpdater: set stopIndex = 0
2021-03-15 13:22:15,164 [8f544fba-ae2a-4c10-8316-b74b14cffb80@group-D764FF994818-StateMachineUpdater] INFO  ratis.ContainerStateMachine (ContainerStateMachine.java:takeSnapshot(291)) - group-D764FF994818: Taking a snapshot at:(t:8, i:0) file /github/workspace/mnt/ozone/hadoop-ozone/integration-test/target/test-dir/MiniOzoneClusterImpl-10170ce6-1bcb-4b6c-85b7-fb1f14fc7e79/datanode-4/data/ratis/a8a0e27c-b300-4a92-8e30-d764ff994818/sm/snapshot.8_0
2021-03-15 13:22:15,160 [29adc670-2c1e-4c6c-9558-1601f864128b@group-388B48EC2E2F-StateMachineUpdater] INFO  ratis.ContainerStateMachine (ContainerStateMachine.java:takeSnapshot(291)) - group-388B48EC2E2F: Taking a snapshot at:(t:10, i:2) file /github/workspace/mnt/ozone/hadoop-ozone/integration-test/target/test-dir/MiniOzoneClusterImpl-10170ce6-1bcb-4b6c-85b7-fb1f14fc7e79/datanode-1/data/ratis/71864db7-4d39-4cb4-b48c-388b48ec2e2f/sm/snapshot.10_2
2021-03-15 13:22:15,163 [grpc-default-executor-3] INFO  server.GrpcServerProtocolService (GrpcServerProtocolService.java:onCompleted(138)) - 01124cd4-4ace-459c-9f52-5cd7a41fca7c: Completed APPEND_ENTRIES, lastRequest: 8f544fba-ae2a-4c10-8316-b74b14cffb80->01124cd4-4ace-459c-9f52-5cd7a41fca7c#1-t8,previous=(t:0, i:0),leaderCommit=0,initializing? true,entries: size=1, first=(t:8, i:0), CONFIGURATIONENTRY
2021-03-15 13:22:15,164 [grpc-default-executor-2] INFO  server.GrpcLogAppender (GrpcLogAppender.java:onCompleted(344)) - 8f544fba-ae2a-4c10-8316-b74b14cffb80@group-D764FF994818->490c2edb-ef6d-43f1-a3fc-38f1bdb7d380-AppendLogResponseHandler: follower responses appendEntries COMPLETED
2021-03-15 13:22:15,165 [grpc-default-executor-2] INFO  leader.FollowerInfo (FollowerInfoImpl.java:lambda$new$0(46)) - 8f544fba-ae2a-4c10-8316-b74b14cffb80@group-D764FF994818->490c2edb-ef6d-43f1-a3fc-38f1bdb7d380: nextIndex: updateUnconditionally 1 -> 0
2021-03-15 13:22:15,164 [grpc-default-executor-4] INFO  server.GrpcLogAppender (GrpcLogAppender.java:onCompleted(344)) - 8f544fba-ae2a-4c10-8316-b74b14cffb80@group-D764FF994818->01124cd4-4ace-459c-9f52-5cd7a41fca7c-AppendLogResponseHandler: follower responses appendEntries COMPLETED
2021-03-15 13:22:15,165 [grpc-default-executor-4] INFO  leader.FollowerInfo (FollowerInfoImpl.java:lambda$new$0(46)) - 8f544fba-ae2a-4c10-8316-b74b14cffb80@group-D764FF994818->01124cd4-4ace-459c-9f52-5cd7a41fca7c: nextIndex: updateUnconditionally 1 -> 0
2021-03-15 13:22:15,165 [8f544fba-ae2a-4c10-8316-b74b14cffb80@group-D764FF994818-StateMachineUpdater] INFO  ratis.ContainerStateMachine (ContainerStateMachine.java:takeSnapshot(302)) - group-D764FF994818: Finished taking a snapshot at:(t:8, i:0) file:/github/workspace/mnt/ozone/hadoop-ozone/integration-test/target/test-dir/MiniOzoneClusterImpl-10170ce6-1bcb-4b6c-85b7-fb1f14fc7e79/datanode-4/data/ratis/a8a0e27c-b300-4a92-8e30-d764ff994818/sm/snapshot.8_0 took: 1 ms
2021-03-15 13:22:15,165 [8f544fba-ae2a-4c10-8316-b74b14cffb80@group-D764FF994818-StateMachineUpdater] INFO  impl.StateMachineUpdater (StateMachineUpdater.java:takeSnapshot(279)) - 8f544fba-ae2a-4c10-8316-b74b14cffb80@group-D764FF994818-StateMachineUpdater: Took a snapshot at index 0
2021-03-15 13:22:15,165 [8f544fba-ae2a-4c10-8316-b74b14cffb80@group-D764FF994818-StateMachineUpdater] INFO  impl.StateMachineUpdater (StateMachineUpdater.java:lambda$new$0(88)) - 8f544fba-ae2a-4c10-8316-b74b14cffb80@group-D764FF994818-StateMachineUpdater: snapshotIndex: updateIncreasingly -1 -> 0
2021-03-15 13:22:15,165 [8f544fba-ae2a-4c10-8316-b74b14cffb80@group-D764FF994818-StateMachineUpdater] INFO  metrics.RatisMetrics (RatisMetrics.java:unregister(43)) - Unregistering Metrics Registry : ratis.state_machine.8f544fba-ae2a-4c10-8316-b74b14cffb80@group-D764FF994818
2021-03-15 13:22:15,166 [Listener at 127.0.0.1/41395] INFO  server.RaftServer$Division (ServerState.java:close(405)) - 8f544fba-ae2a-4c10-8316-b74b14cffb80@group-D764FF994818: closes. applyIndex: 0
2021-03-15 13:22:15,166 [29adc670-2c1e-4c6c-9558-1601f864128b@group-388B48EC2E2F-StateMachineUpdater] INFO  ratis.ContainerStateMachine (ContainerStateMachine.java:takeSnapshot(302)) - group-388B48EC2E2F: Finished taking a snapshot at:(t:10, i:2) file:/github/workspace/mnt/ozone/hadoop-ozone/integration-test/target/test-dir/MiniOzoneClusterImpl-10170ce6-1bcb-4b6c-85b7-fb1f14fc7e79/datanode-1/data/ratis/71864db7-4d39-4cb4-b48c-388b48ec2e2f/sm/snapshot.10_2 took: 6 ms
2021-03-15 13:22:15,167 [8f544fba-ae2a-4c10-8316-b74b14cffb80@group-D764FF994818-SegmentedRaftLogWorker] INFO  segmented.SegmentedRaftLogWorker (SegmentedRaftLogWorker.java:run(326)) - 8f544fba-ae2a-4c10-8316-b74b14cffb80@group-D764FF994818-SegmentedRaftLogWorker was interrupted, exiting. There are 0 tasks remaining in the queue.
2021-03-15 13:22:15,167 [29adc670-2c1e-4c6c-9558-1601f864128b@group-388B48EC2E2F-StateMachineUpdater] INFO  impl.StateMachineUpdater (StateMachineUpdater.java:takeSnapshot(279)) - 29adc670-2c1e-4c6c-9558-1601f864128b@group-388B48EC2E2F-StateMachineUpdater: Took a snapshot at index 2
2021-03-15 13:22:15,168 [29adc670-2c1e-4c6c-9558-1601f864128b@group-388B48EC2E2F-StateMachineUpdater] INFO  impl.StateMachineUpdater (StateMachineUpdater.java:lambda$new$0(88)) - 29adc670-2c1e-4c6c-9558-1601f864128b@group-388B48EC2E2F-StateMachineUpdater: snapshotIndex: updateIncreasingly -1 -> 2
2021-03-15 13:22:15,168 [29adc670-2c1e-4c6c-9558-1601f864128b@group-388B48EC2E2F-StateMachineUpdater] INFO  metrics.RatisMetrics (RatisMetrics.java:unregister(43)) - Unregistering Metrics Registry : ratis.state_machine.29adc670-2c1e-4c6c-9558-1601f864128b@group-388B48EC2E2F
2021-03-15 13:22:15,168 [Listener at 127.0.0.1/41395] INFO  segmented.SegmentedRaftLogWorker (SegmentedRaftLogWorker.java:close(236)) - 8f544fba-ae2a-4c10-8316-b74b14cffb80@group-D764FF994818-SegmentedRaftLogWorker close()
2021-03-15 13:22:15,169 [ForkJoinPool.commonPool-worker-1] INFO  server.RaftServer$Division (ServerState.java:close(405)) - 29adc670-2c1e-4c6c-9558-1601f864128b@group-388B48EC2E2F: closes. applyIndex: 2
2021-03-15 13:22:15,170 [29adc670-2c1e-4c6c-9558-1601f864128b@group-388B48EC2E2F-SegmentedRaftLogWorker] INFO  segmented.SegmentedRaftLogWorker (SegmentedRaftLogWorker.java:run(326)) - 29adc670-2c1e-4c6c-9558-1601f864128b@group-388B48EC2E2F-SegmentedRaftLogWorker was interrupted, exiting. There are 0 tasks remaining in the queue.
2021-03-15 13:22:15,176 [ForkJoinPool.commonPool-worker-1] INFO  segmented.SegmentedRaftLogWorker (SegmentedRaftLogWorker.java:close(236)) - 29adc670-2c1e-4c6c-9558-1601f864128b@group-388B48EC2E2F-SegmentedRaftLogWorker close()
2021-03-15 13:22:15,177 [ForkJoinPool.commonPool-worker-1] INFO  metrics.RatisMetrics (RatisMetrics.java:unregister(43)) - Unregistering Metrics Registry : ratis.log_worker.29adc670-2c1e-4c6c-9558-1601f864128b@group-388B48EC2E2F
2021-03-15 13:22:15,177 [ForkJoinPool.commonPool-worker-1] INFO  metrics.RatisMetrics (RatisMetrics.java:unregister(43)) - Unregistering Metrics Registry : ratis.leader_election.29adc670-2c1e-4c6c-9558-1601f864128b@group-388B48EC2E2F
2021-03-15 13:22:15,177 [ForkJoinPool.commonPool-worker-1] INFO  metrics.RatisMetrics (RatisMetrics.java:unregister(43)) - Unregistering Metrics Registry : ratis.server.29adc670-2c1e-4c6c-9558-1601f864128b@group-388B48EC2E2F
2021-03-15 13:22:15,178 [ForkJoinPool.commonPool-worker-1] INFO  server.GrpcService (GrpcService.java:closeImpl(262)) - 29adc670-2c1e-4c6c-9558-1601f864128b: shutdown server with port 37315 now
2021-03-15 13:22:15,178 [Listener at 127.0.0.1/41395] INFO  metrics.RatisMetrics (RatisMetrics.java:unregister(43)) - Unregistering Metrics Registry : ratis.log_worker.8f544fba-ae2a-4c10-8316-b74b14cffb80@group-D764FF994818
2021-03-15 13:22:15,179 [Listener at 127.0.0.1/41395] INFO  metrics.RatisMetrics (RatisMetrics.java:unregister(43)) - Unregistering Metrics Registry : ratis.leader_election.8f544fba-ae2a-4c10-8316-b74b14cffb80@group-D764FF994818
2021-03-15 13:22:15,179 [Listener at 127.0.0.1/41395] INFO  metrics.RatisMetrics (RatisMetrics.java:unregister(43)) - Unregistering Metrics Registry : ratis.server.8f544fba-ae2a-4c10-8316-b74b14cffb80@group-D764FF994818
2021-03-15 13:22:15,179 [Listener at 127.0.0.1/41395] INFO  server.RaftServer$Division (RaftServerImpl.java:lambda$close$4(406)) - 8f544fba-ae2a-4c10-8316-b74b14cffb80@group-E860D21F6A2B: shutdown
2021-03-15 13:22:15,180 [Listener at 127.0.0.1/41395] INFO  util.JmxRegister (JmxRegister.java:unregister(73)) - Successfully un-registered JMX Bean with object name Ratis:service=RaftServer,group=group-E860D21F6A2B,id=8f544fba-ae2a-4c10-8316-b74b14cffb80
2021-03-15 13:22:15,180 [Listener at 127.0.0.1/41395] INFO  impl.RoleInfo (RoleInfo.java:shutdownFollowerState(108)) - 8f544fba-ae2a-4c10-8316-b74b14cffb80: shutdown 8f544fba-ae2a-4c10-8316-b74b14cffb80@group-E860D21F6A2B-FollowerState
2021-03-15 13:22:15,180 [Thread-549] INFO  impl.FollowerState (FollowerState.java:run(142)) - 8f544fba-ae2a-4c10-8316-b74b14cffb80@group-E860D21F6A2B-FollowerState was interrupted: {}
java.lang.InterruptedException: sleep interrupted
	at java.lang.Thread.sleep(Native Method)
	at java.lang.Thread.sleep(Thread.java:340)
	at java.util.concurrent.TimeUnit.sleep(TimeUnit.java:386)
	at org.apache.ratis.util.TimeDuration.sleep(TimeDuration.java:324)
	at org.apache.ratis.util.TimeDuration.sleep(TimeDuration.java:309)
	at org.apache.ratis.server.impl.FollowerState.run(FollowerState.java:117)
2021-03-15 13:22:15,180 [8f544fba-ae2a-4c10-8316-b74b14cffb80@group-E860D21F6A2B-StateMachineUpdater] INFO  ratis.ContainerStateMachine (ContainerStateMachine.java:takeSnapshot(291)) - group-E860D21F6A2B: Taking a snapshot at:(t:6, i:2) file /github/workspace/mnt/ozone/hadoop-ozone/integration-test/target/test-dir/MiniOzoneClusterImpl-10170ce6-1bcb-4b6c-85b7-fb1f14fc7e79/datanode-4/data/ratis/1efb9cfa-6e5b-42ab-9bfb-e860d21f6a2b/sm/snapshot.6_2
2021-03-15 13:22:15,181 [Listener at 127.0.0.1/41395] INFO  impl.StateMachineUpdater (StateMachineUpdater.java:stopAndJoin(148)) - 8f544fba-ae2a-4c10-8316-b74b14cffb80@group-E860D21F6A2B-StateMachineUpdater: set stopIndex = 2
2021-03-15 13:22:15,183 [grpc-default-executor-4] WARN  server.GrpcServerProtocolService (LogUtils.java:warn(122)) - 29adc670-2c1e-4c6c-9558-1601f864128b: installSnapshot onError, lastRequest: c8823aab-1c49-422a-a51c-c7b83b859fa6->29adc670-2c1e-4c6c-9558-1601f864128b#6-t10,previous=(t:10, i:2),leaderCommit=2,initializing? true,entries: size=1, first=(t:10, i:3), METADATAENTRY(c:2): org.apache.ratis.thirdparty.io.grpc.StatusRuntimeException: CANCELLED: client cancelled
2021-03-15 13:22:15,182 [8f544fba-ae2a-4c10-8316-b74b14cffb80@group-E860D21F6A2B-StateMachineUpdater] INFO  ratis.ContainerStateMachine (ContainerStateMachine.java:takeSnapshot(302)) - group-E860D21F6A2B: Finished taking a snapshot at:(t:6, i:2) file:/github/workspace/mnt/ozone/hadoop-ozone/integration-test/target/test-dir/MiniOzoneClusterImpl-10170ce6-1bcb-4b6c-85b7-fb1f14fc7e79/datanode-4/data/ratis/1efb9cfa-6e5b-42ab-9bfb-e860d21f6a2b/sm/snapshot.6_2 took: 1 ms
2021-03-15 13:22:15,181 [grpc-default-executor-3] WARN  server.GrpcServerProtocolService (LogUtils.java:warn(122)) - 29adc670-2c1e-4c6c-9558-1601f864128b: installSnapshot onError, lastRequest: 2bcf9514-6eaf-4328-a021-870a209d39c4->29adc670-2c1e-4c6c-9558-1601f864128b#50-t1,previous=(t:1, i:13),leaderCommit=13,initializing? true,entries: size=1, first=(t:1, i:14), METADATAENTRY(c:13): org.apache.ratis.thirdparty.io.grpc.StatusRuntimeException: CANCELLED: client cancelled
2021-03-15 13:22:15,188 [grpc-default-executor-0] WARN  server.GrpcLogAppender (LogUtils.java:warn(122)) - 2bcf9514-6eaf-4328-a021-870a209d39c4@group-184EB8E85B35->29adc670-2c1e-4c6c-9558-1601f864128b-AppendLogResponseHandler: Failed appendEntries: org.apache.ratis.thirdparty.io.grpc.StatusRuntimeException: CANCELLED: HTTP/2 error code: CANCEL
Received Rst Stream
2021-03-15 13:22:15,189 [grpc-default-executor-0] INFO  leader.FollowerInfo (FollowerInfoImpl.java:lambda$new$0(46)) - 2bcf9514-6eaf-4328-a021-870a209d39c4@group-184EB8E85B35->29adc670-2c1e-4c6c-9558-1601f864128b: nextIndex: updateUnconditionally 15 -> 14
2021-03-15 13:22:15,190 [8f544fba-ae2a-4c10-8316-b74b14cffb80@group-E860D21F6A2B-StateMachineUpdater] INFO  impl.StateMachineUpdater (StateMachineUpdater.java:takeSnapshot(279)) - 8f544fba-ae2a-4c10-8316-b74b14cffb80@group-E860D21F6A2B-StateMachineUpdater: Took a snapshot at index 2
2021-03-15 13:22:15,190 [8f544fba-ae2a-4c10-8316-b74b14cffb80@group-E860D21F6A2B-StateMachineUpdater] INFO  impl.StateMachineUpdater (StateMachineUpdater.java:lambda$new$0(88)) - 8f544fba-ae2a-4c10-8316-b74b14cffb80@group-E860D21F6A2B-StateMachineUpdater: snapshotIndex: updateIncreasingly -1 -> 2
2021-03-15 13:22:15,190 [8f544fba-ae2a-4c10-8316-b74b14cffb80@group-E860D21F6A2B-StateMachineUpdater] INFO  metrics.RatisMetrics (RatisMetrics.java:unregister(43)) - Unregistering Metrics Registry : ratis.state_machine.8f544fba-ae2a-4c10-8316-b74b14cffb80@group-E860D21F6A2B
2021-03-15 13:22:15,190 [Listener at 127.0.0.1/41395] INFO  server.RaftServer$Division (ServerState.java:close(405)) - 8f544fba-ae2a-4c10-8316-b74b14cffb80@group-E860D21F6A2B: closes. applyIndex: 2
2021-03-15 13:22:15,191 [8f544fba-ae2a-4c10-8316-b74b14cffb80@group-E860D21F6A2B-SegmentedRaftLogWorker] INFO  segmented.SegmentedRaftLogWorker (SegmentedRaftLogWorker.java:run(326)) - 8f544fba-ae2a-4c10-8316-b74b14cffb80@group-E860D21F6A2B-SegmentedRaftLogWorker was interrupted, exiting. There are 0 tasks remaining in the queue.
2021-03-15 13:22:15,191 [grpc-default-executor-1] WARN  server.GrpcLogAppender (LogUtils.java:warn(122)) - c8823aab-1c49-422a-a51c-c7b83b859fa6@group-388B48EC2E2F->29adc670-2c1e-4c6c-9558-1601f864128b-AppendLogResponseHandler: Failed appendEntries: org.apache.ratis.thirdparty.io.grpc.StatusRuntimeException: CANCELLED: HTTP/2 error code: CANCEL
Received Rst Stream
2021-03-15 13:22:15,191 [grpc-default-executor-1] INFO  leader.FollowerInfo (FollowerInfoImpl.java:lambda$new$0(46)) - c8823aab-1c49-422a-a51c-c7b83b859fa6@group-388B48EC2E2F->29adc670-2c1e-4c6c-9558-1601f864128b: nextIndex: updateUnconditionally 4 -> 3
2021-03-15 13:22:15,195 [Listener at 127.0.0.1/41395] INFO  segmented.SegmentedRaftLogWorker (SegmentedRaftLogWorker.java:close(236)) - 8f544fba-ae2a-4c10-8316-b74b14cffb80@group-E860D21F6A2B-SegmentedRaftLogWorker close()
2021-03-15 13:22:15,196 [Listener at 127.0.0.1/41395] INFO  metrics.RatisMetrics (RatisMetrics.java:unregister(43)) - Unregistering Metrics Registry : ratis.log_worker.8f544fba-ae2a-4c10-8316-b74b14cffb80@group-E860D21F6A2B
2021-03-15 13:22:15,196 [Listener at 127.0.0.1/41395] INFO  metrics.RatisMetrics (RatisMetrics.java:unregister(43)) - Unregistering Metrics Registry : ratis.leader_election.8f544fba-ae2a-4c10-8316-b74b14cffb80@group-E860D21F6A2B
2021-03-15 13:22:15,196 [Listener at 127.0.0.1/41395] INFO  metrics.RatisMetrics (RatisMetrics.java:unregister(43)) - Unregistering Metrics Registry : ratis.server.8f544fba-ae2a-4c10-8316-b74b14cffb80@group-E860D21F6A2B
2021-03-15 13:22:15,197 [Listener at 127.0.0.1/41395] INFO  server.GrpcService (GrpcService.java:closeImpl(262)) - 8f544fba-ae2a-4c10-8316-b74b14cffb80: shutdown server with port 35899 now
2021-03-15 13:22:15,199 [grpc-default-executor-0] WARN  server.GrpcServerProtocolService (LogUtils.java:warn(122)) - 8f544fba-ae2a-4c10-8316-b74b14cffb80: installSnapshot onError, lastRequest: 490c2edb-ef6d-43f1-a3fc-38f1bdb7d380->8f544fba-ae2a-4c10-8316-b74b14cffb80#7-t6,previous=(t:6, i:1),leaderCommit=1,initializing? true,entries: size=1, first=(t:6, i:2), METADATAENTRY(c:1): org.apache.ratis.thirdparty.io.grpc.StatusRuntimeException: CANCELLED: client cancelled
2021-03-15 13:22:15,199 [grpc-default-executor-3] WARN  server.GrpcServerProtocolService (LogUtils.java:warn(122)) - 8f544fba-ae2a-4c10-8316-b74b14cffb80: installSnapshot onError, lastRequest: 01124cd4-4ace-459c-9f52-5cd7a41fca7c->8f544fba-ae2a-4c10-8316-b74b14cffb80#1-t3,previous=(t:0, i:0),leaderCommit=-1,initializing? true,entries: size=1, first=(t:3, i:0), CONFIGURATIONENTRY: org.apache.ratis.thirdparty.io.grpc.StatusRuntimeException: CANCELLED: client cancelled
2021-03-15 13:22:15,202 [grpc-default-executor-3] WARN  server.GrpcLogAppender (LogUtils.java:warn(122)) - 490c2edb-ef6d-43f1-a3fc-38f1bdb7d380@group-E860D21F6A2B->8f544fba-ae2a-4c10-8316-b74b14cffb80-AppendLogResponseHandler: Failed appendEntries: org.apache.ratis.thirdparty.io.grpc.StatusRuntimeException: CANCELLED: HTTP/2 error code: CANCEL
Received Rst Stream
2021-03-15 13:22:15,202 [grpc-default-executor-3] INFO  leader.FollowerInfo (FollowerInfoImpl.java:lambda$new$0(46)) - 490c2edb-ef6d-43f1-a3fc-38f1bdb7d380@group-E860D21F6A2B->8f544fba-ae2a-4c10-8316-b74b14cffb80: nextIndex: updateUnconditionally 3 -> 2
2021-03-15 13:22:15,205 [grpc-default-executor-0] WARN  server.GrpcLogAppender (LogUtils.java:warn(122)) - 01124cd4-4ace-459c-9f52-5cd7a41fca7c@group-9EB71483E61B->8f544fba-ae2a-4c10-8316-b74b14cffb80-AppendLogResponseHandler: Failed appendEntries: org.apache.ratis.thirdparty.io.grpc.StatusRuntimeException: CANCELLED: HTTP/2 error code: CANCEL
Received Rst Stream
2021-03-15 13:22:15,205 [grpc-default-executor-0] WARN  server.GrpcLogAppender (GrpcLogAppender.java:resetClient(111)) - 01124cd4-4ace-459c-9f52-5cd7a41fca7c@group-9EB71483E61B->8f544fba-ae2a-4c10-8316-b74b14cffb80-GrpcLogAppender: Leader has not got in touch with Follower 01124cd4-4ace-459c-9f52-5cd7a41fca7c@group-9EB71483E61B->8f544fba-ae2a-4c10-8316-b74b14cffb80(c0,m0,n1, attendVote=true, lastRpcSendTime=1872, lastRpcResponseTime=1871) yet, just keep nextIndex unchanged and retry.
2021-03-15 13:22:15,208 [ForkJoinPool.commonPool-worker-1] INFO  server.GrpcService (GrpcService.java:closeImpl(271)) - 29adc670-2c1e-4c6c-9558-1601f864128b: shutdown server with port 37315 successfully
2021-03-15 13:22:15,208 [org.apache.ratis.util.JvmPauseMonitor$$Lambda$504/75164635@34474c72] INFO  util.JvmPauseMonitor (JvmPauseMonitor.java:run(109)) - JvmPauseMonitor-29adc670-2c1e-4c6c-9558-1601f864128b: Stopped
2021-03-15 13:22:15,208 [grpc-default-executor-1] WARN  server.GrpcLogAppender (LogUtils.java:warn(122)) - c8823aab-1c49-422a-a51c-c7b83b859fa6@group-388B48EC2E2F->29adc670-2c1e-4c6c-9558-1601f864128b-AppendLogResponseHandler: Failed appendEntries: org.apache.ratis.thirdparty.io.grpc.StatusRuntimeException: UNAVAILABLE: io exception
2021-03-15 13:22:15,209 [grpc-default-executor-1] INFO  leader.FollowerInfo (FollowerInfoImpl.java:lambda$new$0(46)) - c8823aab-1c49-422a-a51c-c7b83b859fa6@group-388B48EC2E2F->29adc670-2c1e-4c6c-9558-1601f864128b: nextIndex: updateUnconditionally 4 -> 3
2021-03-15 13:22:15,213 [grpc-default-executor-3] WARN  server.GrpcLogAppender (LogUtils.java:warn(122)) - 490c2edb-ef6d-43f1-a3fc-38f1bdb7d380@group-E860D21F6A2B->8f544fba-ae2a-4c10-8316-b74b14cffb80-AppendLogResponseHandler: Failed appendEntries: org.apache.ratis.thirdparty.io.grpc.StatusRuntimeException: UNAVAILABLE: io exception
2021-03-15 13:22:15,213 [grpc-default-executor-0] WARN  server.GrpcLogAppender (LogUtils.java:warn(122)) - 2bcf9514-6eaf-4328-a021-870a209d39c4@group-184EB8E85B35->29adc670-2c1e-4c6c-9558-1601f864128b-AppendLogResponseHandler: Failed appendEntries: org.apache.ratis.thirdparty.io.grpc.StatusRuntimeException: UNAVAILABLE: io exception
2021-03-15 13:22:15,213 [grpc-default-executor-0] INFO  leader.FollowerInfo (FollowerInfoImpl.java:lambda$new$0(46)) - 2bcf9514-6eaf-4328-a021-870a209d39c4@group-184EB8E85B35->29adc670-2c1e-4c6c-9558-1601f864128b: nextIndex: updateUnconditionally 15 -> 14
2021-03-15 13:22:15,219 [grpc-default-executor-3] INFO  leader.FollowerInfo (FollowerInfoImpl.java:lambda$new$0(46)) - 490c2edb-ef6d-43f1-a3fc-38f1bdb7d380@group-E860D21F6A2B->8f544fba-ae2a-4c10-8316-b74b14cffb80: nextIndex: updateUnconditionally 3 -> 2
2021-03-15 13:22:15,226 [Listener at 127.0.0.1/41395] INFO  server.GrpcService (GrpcService.java:closeImpl(271)) - 8f544fba-ae2a-4c10-8316-b74b14cffb80: shutdown server with port 35899 successfully
2021-03-15 13:22:15,228 [org.apache.ratis.util.JvmPauseMonitor$$Lambda$504/75164635@d267f86] INFO  util.JvmPauseMonitor (JvmPauseMonitor.java:run(109)) - JvmPauseMonitor-8f544fba-ae2a-4c10-8316-b74b14cffb80: Stopped
2021-03-15 13:22:15,229 [Listener at 127.0.0.1/41395] INFO  utils.BackgroundService (BackgroundService.java:shutdown(132)) - Shutting down service BlockDeletingService
2021-03-15 13:22:15,241 [ForkJoinPool.commonPool-worker-1] INFO  utils.BackgroundService (BackgroundService.java:shutdown(132)) - Shutting down service BlockDeletingService
2021-03-15 13:22:15,243 [Listener at 127.0.0.1/41395] INFO  statemachine.DatanodeStateMachine (DatanodeStateMachine.java:stopDaemon(469)) - Ozone container server stopped.
2021-03-15 13:22:15,247 [ForkJoinPool.commonPool-worker-1] INFO  statemachine.DatanodeStateMachine (DatanodeStateMachine.java:stopDaemon(469)) - Ozone container server stopped.
2021-03-15 13:22:15,267 [ForkJoinPool.commonPool-worker-1] INFO  handler.ContextHandler (ContextHandler.java:doStop(1154)) - Stopped o.e.j.w.WebAppContext@394b046{hddsDatanode,/,null,STOPPED}{jar:file:/home/user/.m2/repository/org/apache/hadoop/hadoop-hdds-container-service/1.1.0-SNAPSHOT/hadoop-hdds-container-service-1.1.0-SNAPSHOT.jar!/webapps/hddsDatanode}
2021-03-15 13:22:15,269 [ForkJoinPool.commonPool-worker-1] INFO  server.AbstractConnector (AbstractConnector.java:doStop(381)) - Stopped ServerConnector@57d78c92{HTTP/1.1, (http/1.1)}{0.0.0.0:0}
2021-03-15 13:22:15,269 [ForkJoinPool.commonPool-worker-1] INFO  server.session (HouseKeeper.java:stopScavenging(149)) - node0 Stopped scavenging
2021-03-15 13:22:15,271 [Listener at 127.0.0.1/41395] INFO  handler.ContextHandler (ContextHandler.java:doStop(1154)) - Stopped o.e.j.w.WebAppContext@4fe10acb{hddsDatanode,/,null,STOPPED}{jar:file:/home/user/.m2/repository/org/apache/hadoop/hadoop-hdds-container-service/1.1.0-SNAPSHOT/hadoop-hdds-container-service-1.1.0-SNAPSHOT.jar!/webapps/hddsDatanode}
2021-03-15 13:22:15,276 [ForkJoinPool.commonPool-worker-1] INFO  handler.ContextHandler (ContextHandler.java:doStop(1154)) - Stopped o.e.j.s.ServletContextHandler@4c8f402{static,/static,jar:file:/home/user/.m2/repository/org/apache/hadoop/hadoop-hdds-container-service/1.1.0-SNAPSHOT/hadoop-hdds-container-service-1.1.0-SNAPSHOT.jar!/webapps/static,STOPPED}
2021-03-15 13:22:15,276 [Listener at 127.0.0.1/41395] INFO  server.AbstractConnector (AbstractConnector.java:doStop(381)) - Stopped ServerConnector@3359a0ea{HTTP/1.1, (http/1.1)}{0.0.0.0:0}
2021-03-15 13:22:15,277 [Listener at 127.0.0.1/41395] INFO  server.session (HouseKeeper.java:stopScavenging(149)) - node0 Stopped scavenging
2021-03-15 13:22:15,277 [Listener at 127.0.0.1/41395] INFO  handler.ContextHandler (ContextHandler.java:doStop(1154)) - Stopped o.e.j.s.ServletContextHandler@e30bddf{static,/static,jar:file:/home/user/.m2/repository/org/apache/hadoop/hadoop-hdds-container-service/1.1.0-SNAPSHOT/hadoop-hdds-container-service-1.1.0-SNAPSHOT.jar!/webapps/static,STOPPED}
2021-03-15 13:22:15,277 [Listener at 127.0.0.1/41395] INFO  handler.ContextHandler (ContextHandler.java:doStop(1154)) - Stopped o.e.j.s.ServletContextHandler@79ae7644{logs,/logs,file:///github/workspace/mnt/ozone/hadoop-ozone/integration-test/target/log,STOPPED}
2021-03-15 13:22:15,278 [ForkJoinPool.commonPool-worker-1] INFO  handler.ContextHandler (ContextHandler.java:doStop(1154)) - Stopped o.e.j.s.ServletContextHandler@75f23525{logs,/logs,file:///github/workspace/mnt/ozone/hadoop-ozone/integration-test/target/log,STOPPED}
2021-03-15 13:22:15,836 [grpc-default-executor-0] WARN  server.GrpcLogAppender (LogUtils.java:warn(122)) - 01124cd4-4ace-459c-9f52-5cd7a41fca7c@group-9EB71483E61B->8f544fba-ae2a-4c10-8316-b74b14cffb80-AppendLogResponseHandler: Failed appendEntries: org.apache.ratis.thirdparty.io.grpc.StatusRuntimeException: UNAVAILABLE: io exception
2021-03-15 13:22:15,836 [grpc-default-executor-0] WARN  server.GrpcLogAppender (GrpcLogAppender.java:resetClient(111)) - 01124cd4-4ace-459c-9f52-5cd7a41fca7c@group-9EB71483E61B->8f544fba-ae2a-4c10-8316-b74b14cffb80-GrpcLogAppender: Leader has not got in touch with Follower 01124cd4-4ace-459c-9f52-5cd7a41fca7c@group-9EB71483E61B->8f544fba-ae2a-4c10-8316-b74b14cffb80(c0,m0,n1, attendVote=true, lastRpcSendTime=1, lastRpcResponseTime=2502) yet, just keep nextIndex unchanged and retry.
2021-03-15 13:22:15,877 [Datanode State Machine Thread - 0] INFO  statemachine.DatanodeStateMachine (DatanodeStateMachine.java:lambda$startDaemon$0(411)) - Ozone container server started.
2021-03-15 13:22:16,011 [grpc-default-executor-0] WARN  server.GrpcLogAppender (LogUtils.java:warn(122)) - c8823aab-1c49-422a-a51c-c7b83b859fa6@group-388B48EC2E2F->29adc670-2c1e-4c6c-9558-1601f864128b-AppendLogResponseHandler: Failed appendEntries: org.apache.ratis.thirdparty.io.grpc.StatusRuntimeException: UNAVAILABLE: io exception
2021-03-15 13:22:16,012 [grpc-default-executor-0] INFO  leader.FollowerInfo (FollowerInfoImpl.java:lambda$new$0(46)) - c8823aab-1c49-422a-a51c-c7b83b859fa6@group-388B48EC2E2F->29adc670-2c1e-4c6c-9558-1601f864128b: nextIndex: updateUnconditionally 4 -> 3
2021-03-15 13:22:16,252 [Datanode State Machine Thread - 0] INFO  statemachine.DatanodeStateMachine (DatanodeStateMachine.java:lambda$startDaemon$0(411)) - Ozone container server started.
2021-03-15 13:22:17,701 [grpc-default-executor-0] WARN  server.GrpcLogAppender (LogUtils.java:warn(122)) - 2bcf9514-6eaf-4328-a021-870a209d39c4@group-184EB8E85B35->29adc670-2c1e-4c6c-9558-1601f864128b-AppendLogResponseHandler: Failed appendEntries: org.apache.ratis.thirdparty.io.grpc.StatusRuntimeException: UNAVAILABLE: io exception
2021-03-15 13:22:17,702 [grpc-default-executor-0] INFO  leader.FollowerInfo (FollowerInfoImpl.java:lambda$new$0(46)) - 2bcf9514-6eaf-4328-a021-870a209d39c4@group-184EB8E85B35->29adc670-2c1e-4c6c-9558-1601f864128b: nextIndex: updateUnconditionally 15 -> 14
2021-03-15 13:22:17,711 [grpc-default-executor-0] WARN  server.GrpcLogAppender (LogUtils.java:warn(122)) - 490c2edb-ef6d-43f1-a3fc-38f1bdb7d380@group-E860D21F6A2B->8f544fba-ae2a-4c10-8316-b74b14cffb80-AppendLogResponseHandler: Failed appendEntries: org.apache.ratis.thirdparty.io.grpc.StatusRuntimeException: UNAVAILABLE: io exception
2021-03-15 13:22:17,712 [grpc-default-executor-0] INFO  leader.FollowerInfo (FollowerInfoImpl.java:lambda$new$0(46)) - 490c2edb-ef6d-43f1-a3fc-38f1bdb7d380@group-E860D21F6A2B->8f544fba-ae2a-4c10-8316-b74b14cffb80: nextIndex: updateUnconditionally 3 -> 2
2021-03-15 13:22:18,336 [grpc-default-executor-0] WARN  server.GrpcLogAppender (LogUtils.java:warn(122)) - 01124cd4-4ace-459c-9f52-5cd7a41fca7c@group-9EB71483E61B->8f544fba-ae2a-4c10-8316-b74b14cffb80-AppendLogResponseHandler: Failed appendEntries: org.apache.ratis.thirdparty.io.grpc.StatusRuntimeException: UNAVAILABLE: io exception
2021-03-15 13:22:18,337 [grpc-default-executor-0] WARN  server.GrpcLogAppender (GrpcLogAppender.java:resetClient(111)) - 01124cd4-4ace-459c-9f52-5cd7a41fca7c@group-9EB71483E61B->8f544fba-ae2a-4c10-8316-b74b14cffb80-GrpcLogAppender: Leader has not got in touch with Follower 01124cd4-4ace-459c-9f52-5cd7a41fca7c@group-9EB71483E61B->8f544fba-ae2a-4c10-8316-b74b14cffb80(c0,m0,n1, attendVote=true, lastRpcSendTime=0, lastRpcResponseTime=5002) yet, just keep nextIndex unchanged and retry.
2021-03-15 13:22:18,512 [grpc-default-executor-0] WARN  server.GrpcLogAppender (LogUtils.java:warn(122)) - c8823aab-1c49-422a-a51c-c7b83b859fa6@group-388B48EC2E2F->29adc670-2c1e-4c6c-9558-1601f864128b-AppendLogResponseHandler: Failed appendEntries: org.apache.ratis.thirdparty.io.grpc.StatusRuntimeException: UNAVAILABLE: io exception
2021-03-15 13:22:18,513 [grpc-default-executor-0] INFO  leader.FollowerInfo (FollowerInfoImpl.java:lambda$new$0(46)) - c8823aab-1c49-422a-a51c-c7b83b859fa6@group-388B48EC2E2F->29adc670-2c1e-4c6c-9558-1601f864128b: nextIndex: updateUnconditionally 4 -> 3
2021-03-15 13:22:19,819 [EventQueue-StaleNodeForStaleNodeHandler] INFO  node.StaleNodeHandler (StaleNodeHandler.java:onMessage(58)) - Datanode 8f544fba-ae2a-4c10-8316-b74b14cffb80{ip: 172.17.0.2, host: 287f2862ff4e, ports: [REPLICATION=41745, RATIS=35899, RATIS_ADMIN=35899, RATIS_SERVER=35899, STANDALONE=36625], networkLocation: /default-rack, certSerialId: null, persistedOpState: IN_SERVICE, persistedOpStateExpiryEpochSec: 0} moved to stale state. Finalizing its pipelines [PipelineID=3131fd0c-3f52-4949-b04d-9eb71483e61b, PipelineID=c8b00f4b-c710-4772-a5b0-8e469e476b4e, PipelineID=a8a0e27c-b300-4a92-8e30-d764ff994818, PipelineID=1efb9cfa-6e5b-42ab-9bfb-e860d21f6a2b]
2021-03-15 13:22:19,819 [EventQueue-StaleNodeForStaleNodeHandler] INFO  pipeline.SCMPipelineManager (SCMPipelineManager.java:finalizeAndDestroyPipeline(483)) - Destroying pipeline:Pipeline[ Id: 3131fd0c-3f52-4949-b04d-9eb71483e61b, Nodes: 01124cd4-4ace-459c-9f52-5cd7a41fca7c{ip: 172.17.0.2, host: 287f2862ff4e, ports: [REPLICATION=39869, RATIS=40903, RATIS_ADMIN=40903, RATIS_SERVER=40903, STANDALONE=40093], networkLocation: /default-rack, certSerialId: null, persistedOpState: IN_SERVICE, persistedOpStateExpiryEpochSec: 0}8f544fba-ae2a-4c10-8316-b74b14cffb80{ip: 172.17.0.2, host: 287f2862ff4e, ports: [REPLICATION=41745, RATIS=35899, RATIS_ADMIN=35899, RATIS_SERVER=35899, STANDALONE=36625], networkLocation: /default-rack, certSerialId: null, persistedOpState: IN_SERVICE, persistedOpStateExpiryEpochSec: 0}490c2edb-ef6d-43f1-a3fc-38f1bdb7d380{ip: 172.17.0.2, host: 287f2862ff4e, ports: [REPLICATION=40983, RATIS=35411, RATIS_ADMIN=35411, RATIS_SERVER=35411, STANDALONE=40231], networkLocation: /default-rack, certSerialId: null, persistedOpState: IN_SERVICE, persistedOpStateExpiryEpochSec: 0}, Type:RATIS, Factor:THREE, State:OPEN, leaderId:01124cd4-4ace-459c-9f52-5cd7a41fca7c, CreationTimestamp2021-03-15T13:21:29.850Z]
2021-03-15 13:22:19,820 [EventQueue-StaleNodeForStaleNodeHandler] INFO  pipeline.PipelineStateManager (PipelineStateManager.java:finalizePipeline(121)) - Pipeline Pipeline[ Id: 3131fd0c-3f52-4949-b04d-9eb71483e61b, Nodes: 01124cd4-4ace-459c-9f52-5cd7a41fca7c{ip: 172.17.0.2, host: 287f2862ff4e, ports: [REPLICATION=39869, RATIS=40903, RATIS_ADMIN=40903, RATIS_SERVER=40903, STANDALONE=40093], networkLocation: /default-rack, certSerialId: null, persistedOpState: IN_SERVICE, persistedOpStateExpiryEpochSec: 0}8f544fba-ae2a-4c10-8316-b74b14cffb80{ip: 172.17.0.2, host: 287f2862ff4e, ports: [REPLICATION=41745, RATIS=35899, RATIS_ADMIN=35899, RATIS_SERVER=35899, STANDALONE=36625], networkLocation: /default-rack, certSerialId: null, persistedOpState: IN_SERVICE, persistedOpStateExpiryEpochSec: 0}490c2edb-ef6d-43f1-a3fc-38f1bdb7d380{ip: 172.17.0.2, host: 287f2862ff4e, ports: [REPLICATION=40983, RATIS=35411, RATIS_ADMIN=35411, RATIS_SERVER=35411, STANDALONE=40231], networkLocation: /default-rack, certSerialId: null, persistedOpState: IN_SERVICE, persistedOpStateExpiryEpochSec: 0}, Type:RATIS, Factor:THREE, State:CLOSED, leaderId:01124cd4-4ace-459c-9f52-5cd7a41fca7c, CreationTimestamp2021-03-15T13:21:29.850Z] moved to CLOSED state
2021-03-15 13:22:19,822 [EventQueue-StaleNodeForStaleNodeHandler] INFO  pipeline.SCMPipelineManager (SCMPipelineManager.java:finalizeAndDestroyPipeline(483)) - Destroying pipeline:Pipeline[ Id: c8b00f4b-c710-4772-a5b0-8e469e476b4e, Nodes: 8f544fba-ae2a-4c10-8316-b74b14cffb80{ip: 172.17.0.2, host: 287f2862ff4e, ports: [REPLICATION=41745, RATIS=35899, RATIS_ADMIN=35899, RATIS_SERVER=35899, STANDALONE=36625], networkLocation: /default-rack, certSerialId: null, persistedOpState: IN_SERVICE, persistedOpStateExpiryEpochSec: 0}, Type:RATIS, Factor:ONE, State:OPEN, leaderId:8f544fba-ae2a-4c10-8316-b74b14cffb80, CreationTimestamp2021-03-15T13:21:29.530Z]
2021-03-15 13:22:19,823 [EventQueue-StaleNodeForStaleNodeHandler] INFO  pipeline.PipelineStateManager (PipelineStateManager.java:finalizePipeline(121)) - Pipeline Pipeline[ Id: c8b00f4b-c710-4772-a5b0-8e469e476b4e, Nodes: 8f544fba-ae2a-4c10-8316-b74b14cffb80{ip: 172.17.0.2, host: 287f2862ff4e, ports: [REPLICATION=41745, RATIS=35899, RATIS_ADMIN=35899, RATIS_SERVER=35899, STANDALONE=36625], networkLocation: /default-rack, certSerialId: null, persistedOpState: IN_SERVICE, persistedOpStateExpiryEpochSec: 0}, Type:RATIS, Factor:ONE, State:CLOSED, leaderId:8f544fba-ae2a-4c10-8316-b74b14cffb80, CreationTimestamp2021-03-15T13:21:29.530Z] moved to CLOSED state
2021-03-15 13:22:19,824 [EventQueue-StaleNodeForStaleNodeHandler] INFO  pipeline.SCMPipelineManager (SCMPipelineManager.java:finalizeAndDestroyPipeline(483)) - Destroying pipeline:Pipeline[ Id: a8a0e27c-b300-4a92-8e30-d764ff994818, Nodes: 8f544fba-ae2a-4c10-8316-b74b14cffb80{ip: 172.17.0.2, host: 287f2862ff4e, ports: [REPLICATION=41745, RATIS=35899, RATIS_ADMIN=35899, RATIS_SERVER=35899, STANDALONE=36625], networkLocation: /default-rack, certSerialId: null, persistedOpState: IN_SERVICE, persistedOpStateExpiryEpochSec: 0}01124cd4-4ace-459c-9f52-5cd7a41fca7c{ip: 172.17.0.2, host: 287f2862ff4e, ports: [REPLICATION=39869, RATIS=40903, RATIS_ADMIN=40903, RATIS_SERVER=40903, STANDALONE=40093], networkLocation: /default-rack, certSerialId: null, persistedOpState: IN_SERVICE, persistedOpStateExpiryEpochSec: 0}490c2edb-ef6d-43f1-a3fc-38f1bdb7d380{ip: 172.17.0.2, host: 287f2862ff4e, ports: [REPLICATION=40983, RATIS=35411, RATIS_ADMIN=35411, RATIS_SERVER=35411, STANDALONE=40231], networkLocation: /default-rack, certSerialId: null, persistedOpState: IN_SERVICE, persistedOpStateExpiryEpochSec: 0}, Type:RATIS, Factor:THREE, State:ALLOCATED, leaderId:, CreationTimestamp2021-03-15T13:21:29.852Z]
2021-03-15 13:22:19,824 [EventQueue-StaleNodeForStaleNodeHandler] INFO  pipeline.PipelineStateManager (PipelineStateManager.java:finalizePipeline(121)) - Pipeline Pipeline[ Id: a8a0e27c-b300-4a92-8e30-d764ff994818, Nodes: 8f544fba-ae2a-4c10-8316-b74b14cffb80{ip: 172.17.0.2, host: 287f2862ff4e, ports: [REPLICATION=41745, RATIS=35899, RATIS_ADMIN=35899, RATIS_SERVER=35899, STANDALONE=36625], networkLocation: /default-rack, certSerialId: null, persistedOpState: IN_SERVICE, persistedOpStateExpiryEpochSec: 0}01124cd4-4ace-459c-9f52-5cd7a41fca7c{ip: 172.17.0.2, host: 287f2862ff4e, ports: [REPLICATION=39869, RATIS=40903, RATIS_ADMIN=40903, RATIS_SERVER=40903, STANDALONE=40093], networkLocation: /default-rack, certSerialId: null, persistedOpState: IN_SERVICE, persistedOpStateExpiryEpochSec: 0}490c2edb-ef6d-43f1-a3fc-38f1bdb7d380{ip: 172.17.0.2, host: 287f2862ff4e, ports: [REPLICATION=40983, RATIS=35411, RATIS_ADMIN=35411, RATIS_SERVER=35411, STANDALONE=40231], networkLocation: /default-rack, certSerialId: null, persistedOpState: IN_SERVICE, persistedOpStateExpiryEpochSec: 0}, Type:RATIS, Factor:THREE, State:CLOSED, leaderId:, CreationTimestamp2021-03-15T13:21:29.852Z] moved to CLOSED state
2021-03-15 13:22:19,825 [EventQueue-StaleNodeForStaleNodeHandler] INFO  pipeline.SCMPipelineManager (SCMPipelineManager.java:finalizeAndDestroyPipeline(483)) - Destroying pipeline:Pipeline[ Id: 1efb9cfa-6e5b-42ab-9bfb-e860d21f6a2b, Nodes: 8f544fba-ae2a-4c10-8316-b74b14cffb80{ip: 172.17.0.2, host: 287f2862ff4e, ports: [REPLICATION=41745, RATIS=35899, RATIS_ADMIN=35899, RATIS_SERVER=35899, STANDALONE=36625], networkLocation: /default-rack, certSerialId: null, persistedOpState: IN_SERVICE, persistedOpStateExpiryEpochSec: 0}01124cd4-4ace-459c-9f52-5cd7a41fca7c{ip: 172.17.0.2, host: 287f2862ff4e, ports: [REPLICATION=39869, RATIS=40903, RATIS_ADMIN=40903, RATIS_SERVER=40903, STANDALONE=40093], networkLocation: /default-rack, certSerialId: null, persistedOpState: IN_SERVICE, persistedOpStateExpiryEpochSec: 0}490c2edb-ef6d-43f1-a3fc-38f1bdb7d380{ip: 172.17.0.2, host: 287f2862ff4e, ports: [REPLICATION=40983, RATIS=35411, RATIS_ADMIN=35411, RATIS_SERVER=35411, STANDALONE=40231], networkLocation: /default-rack, certSerialId: null, persistedOpState: IN_SERVICE, persistedOpStateExpiryEpochSec: 0}, Type:RATIS, Factor:THREE, State:OPEN, leaderId:490c2edb-ef6d-43f1-a3fc-38f1bdb7d380, CreationTimestamp2021-03-15T13:21:29.849Z]
2021-03-15 13:22:19,825 [EventQueue-StaleNodeForStaleNodeHandler] INFO  pipeline.PipelineStateManager (PipelineStateManager.java:finalizePipeline(121)) - Pipeline Pipeline[ Id: 1efb9cfa-6e5b-42ab-9bfb-e860d21f6a2b, Nodes: 8f544fba-ae2a-4c10-8316-b74b14cffb80{ip: 172.17.0.2, host: 287f2862ff4e, ports: [REPLICATION=41745, RATIS=35899, RATIS_ADMIN=35899, RATIS_SERVER=35899, STANDALONE=36625], networkLocation: /default-rack, certSerialId: null, persistedOpState: IN_SERVICE, persistedOpStateExpiryEpochSec: 0}01124cd4-4ace-459c-9f52-5cd7a41fca7c{ip: 172.17.0.2, host: 287f2862ff4e, ports: [REPLICATION=39869, RATIS=40903, RATIS_ADMIN=40903, RATIS_SERVER=40903, STANDALONE=40093], networkLocation: /default-rack, certSerialId: null, persistedOpState: IN_SERVICE, persistedOpStateExpiryEpochSec: 0}490c2edb-ef6d-43f1-a3fc-38f1bdb7d380{ip: 172.17.0.2, host: 287f2862ff4e, ports: [REPLICATION=40983, RATIS=35411, RATIS_ADMIN=35411, RATIS_SERVER=35411, STANDALONE=40231], networkLocation: /default-rack, certSerialId: null, persistedOpState: IN_SERVICE, persistedOpStateExpiryEpochSec: 0}, Type:RATIS, Factor:THREE, State:CLOSED, leaderId:490c2edb-ef6d-43f1-a3fc-38f1bdb7d380, CreationTimestamp2021-03-15T13:21:29.849Z] moved to CLOSED state
2021-03-15 13:22:20,019 [EventQueue-StaleNodeForStaleNodeHandler] INFO  node.StaleNodeHandler (StaleNodeHandler.java:onMessage(58)) - Datanode 29adc670-2c1e-4c6c-9558-1601f864128b{ip: 172.17.0.2, host: 287f2862ff4e, ports: [REPLICATION=36101, RATIS=37315, RATIS_ADMIN=37315, RATIS_SERVER=37315, STANDALONE=46417], networkLocation: /default-rack, certSerialId: null, persistedOpState: IN_SERVICE, persistedOpStateExpiryEpochSec: 0} moved to stale state. Finalizing its pipelines [PipelineID=ac74313d-67a1-459f-9117-7426fa8fac29, PipelineID=79e449a0-20f2-4382-bd34-184eb8e85b35, PipelineID=80380c97-8ba5-4cfd-9967-20f16fcd1309, PipelineID=71864db7-4d39-4cb4-b48c-388b48ec2e2f]
2021-03-15 13:22:20,020 [EventQueue-StaleNodeForStaleNodeHandler] INFO  pipeline.SCMPipelineManager (SCMPipelineManager.java:finalizeAndDestroyPipeline(483)) - Destroying pipeline:Pipeline[ Id: ac74313d-67a1-459f-9117-7426fa8fac29, Nodes: c8823aab-1c49-422a-a51c-c7b83b859fa6{ip: 172.17.0.2, host: 287f2862ff4e, ports: [REPLICATION=46731, RATIS=38877, RATIS_ADMIN=38877, RATIS_SERVER=38877, STANDALONE=44487], networkLocation: /default-rack, certSerialId: null, persistedOpState: IN_SERVICE, persistedOpStateExpiryEpochSec: 0}29adc670-2c1e-4c6c-9558-1601f864128b{ip: 172.17.0.2, host: 287f2862ff4e, ports: [REPLICATION=36101, RATIS=37315, RATIS_ADMIN=37315, RATIS_SERVER=37315, STANDALONE=46417], networkLocation: /default-rack, certSerialId: null, persistedOpState: IN_SERVICE, persistedOpStateExpiryEpochSec: 0}2bcf9514-6eaf-4328-a021-870a209d39c4{ip: 172.17.0.2, host: 287f2862ff4e, ports: [REPLICATION=39657, RATIS=43919, RATIS_ADMIN=43919, RATIS_SERVER=43919, STANDALONE=43389], networkLocation: /default-rack, certSerialId: null, persistedOpState: IN_SERVICE, persistedOpStateExpiryEpochSec: 0}, Type:RATIS, Factor:THREE, State:OPEN, leaderId:29adc670-2c1e-4c6c-9558-1601f864128b, CreationTimestamp2021-03-15T13:21:29.093Z]
2021-03-15 13:22:20,020 [EventQueue-StaleNodeForStaleNodeHandler] INFO  pipeline.PipelineStateManager (PipelineStateManager.java:finalizePipeline(121)) - Pipeline Pipeline[ Id: ac74313d-67a1-459f-9117-7426fa8fac29, Nodes: c8823aab-1c49-422a-a51c-c7b83b859fa6{ip: 172.17.0.2, host: 287f2862ff4e, ports: [REPLICATION=46731, RATIS=38877, RATIS_ADMIN=38877, RATIS_SERVER=38877, STANDALONE=44487], networkLocation: /default-rack, certSerialId: null, persistedOpState: IN_SERVICE, persistedOpStateExpiryEpochSec: 0}29adc670-2c1e-4c6c-9558-1601f864128b{ip: 172.17.0.2, host: 287f2862ff4e, ports: [REPLICATION=36101, RATIS=37315, RATIS_ADMIN=37315, RATIS_SERVER=37315, STANDALONE=46417], networkLocation: /default-rack, certSerialId: null, persistedOpState: IN_SERVICE, persistedOpStateExpiryEpochSec: 0}2bcf9514-6eaf-4328-a021-870a209d39c4{ip: 172.17.0.2, host: 287f2862ff4e, ports: [REPLICATION=39657, RATIS=43919, RATIS_ADMIN=43919, RATIS_SERVER=43919, STANDALONE=43389], networkLocation: /default-rack, certSerialId: null, persistedOpState: IN_SERVICE, persistedOpStateExpiryEpochSec: 0}, Type:RATIS, Factor:THREE, State:CLOSED, leaderId:29adc670-2c1e-4c6c-9558-1601f864128b, CreationTimestamp2021-03-15T13:21:29.093Z] moved to CLOSED state
2021-03-15 13:22:20,021 [EventQueue-StaleNodeForStaleNodeHandler] INFO  pipeline.SCMPipelineManager (SCMPipelineManager.java:finalizeAndDestroyPipeline(483)) - Destroying pipeline:Pipeline[ Id: 79e449a0-20f2-4382-bd34-184eb8e85b35, Nodes: 29adc670-2c1e-4c6c-9558-1601f864128b{ip: 172.17.0.2, host: 287f2862ff4e, ports: [REPLICATION=36101, RATIS=37315, RATIS_ADMIN=37315, RATIS_SERVER=37315, STANDALONE=46417], networkLocation: /default-rack, certSerialId: null, persistedOpState: IN_SERVICE, persistedOpStateExpiryEpochSec: 0}2bcf9514-6eaf-4328-a021-870a209d39c4{ip: 172.17.0.2, host: 287f2862ff4e, ports: [REPLICATION=39657, RATIS=43919, RATIS_ADMIN=43919, RATIS_SERVER=43919, STANDALONE=43389], networkLocation: /default-rack, certSerialId: null, persistedOpState: IN_SERVICE, persistedOpStateExpiryEpochSec: 0}c8823aab-1c49-422a-a51c-c7b83b859fa6{ip: 172.17.0.2, host: 287f2862ff4e, ports: [REPLICATION=46731, RATIS=38877, RATIS_ADMIN=38877, RATIS_SERVER=38877, STANDALONE=44487], networkLocation: /default-rack, certSerialId: null, persistedOpState: IN_SERVICE, persistedOpStateExpiryEpochSec: 0}, Type:RATIS, Factor:THREE, State:OPEN, leaderId:2bcf9514-6eaf-4328-a021-870a209d39c4, CreationTimestamp2021-03-15T13:21:29.096Z]
2021-03-15 13:22:20,022 [EventQueue-StaleNodeForStaleNodeHandler] INFO  pipeline.PipelineStateManager (PipelineStateManager.java:finalizePipeline(121)) - Pipeline Pipeline[ Id: 79e449a0-20f2-4382-bd34-184eb8e85b35, Nodes: 29adc670-2c1e-4c6c-9558-1601f864128b{ip: 172.17.0.2, host: 287f2862ff4e, ports: [REPLICATION=36101, RATIS=37315, RATIS_ADMIN=37315, RATIS_SERVER=37315, STANDALONE=46417], networkLocation: /default-rack, certSerialId: null, persistedOpState: IN_SERVICE, persistedOpStateExpiryEpochSec: 0}2bcf9514-6eaf-4328-a021-870a209d39c4{ip: 172.17.0.2, host: 287f2862ff4e, ports: [REPLICATION=39657, RATIS=43919, RATIS_ADMIN=43919, RATIS_SERVER=43919, STANDALONE=43389], networkLocation: /default-rack, certSerialId: null, persistedOpState: IN_SERVICE, persistedOpStateExpiryEpochSec: 0}c8823aab-1c49-422a-a51c-c7b83b859fa6{ip: 172.17.0.2, host: 287f2862ff4e, ports: [REPLICATION=46731, RATIS=38877, RATIS_ADMIN=38877, RATIS_SERVER=38877, STANDALONE=44487], networkLocation: /default-rack, certSerialId: null, persistedOpState: IN_SERVICE, persistedOpStateExpiryEpochSec: 0}, Type:RATIS, Factor:THREE, State:CLOSED, leaderId:2bcf9514-6eaf-4328-a021-870a209d39c4, CreationTimestamp2021-03-15T13:21:29.096Z] moved to CLOSED state
2021-03-15 13:22:20,022 [EventQueue-StaleNodeForStaleNodeHandler] INFO  pipeline.SCMPipelineManager (SCMPipelineManager.java:finalizeAndDestroyPipeline(483)) - Destroying pipeline:Pipeline[ Id: 80380c97-8ba5-4cfd-9967-20f16fcd1309, Nodes: 29adc670-2c1e-4c6c-9558-1601f864128b{ip: 172.17.0.2, host: 287f2862ff4e, ports: [REPLICATION=36101, RATIS=37315, RATIS_ADMIN=37315, RATIS_SERVER=37315, STANDALONE=46417], networkLocation: /default-rack, certSerialId: null, persistedOpState: IN_SERVICE, persistedOpStateExpiryEpochSec: 0}, Type:RATIS, Factor:ONE, State:OPEN, leaderId:29adc670-2c1e-4c6c-9558-1601f864128b, CreationTimestamp2021-03-15T13:21:28.693Z]
2021-03-15 13:22:20,022 [EventQueue-StaleNodeForStaleNodeHandler] INFO  pipeline.PipelineStateManager (PipelineStateManager.java:finalizePipeline(121)) - Pipeline Pipeline[ Id: 80380c97-8ba5-4cfd-9967-20f16fcd1309, Nodes: 29adc670-2c1e-4c6c-9558-1601f864128b{ip: 172.17.0.2, host: 287f2862ff4e, ports: [REPLICATION=36101, RATIS=37315, RATIS_ADMIN=37315, RATIS_SERVER=37315, STANDALONE=46417], networkLocation: /default-rack, certSerialId: null, persistedOpState: IN_SERVICE, persistedOpStateExpiryEpochSec: 0}, Type:RATIS, Factor:ONE, State:CLOSED, leaderId:29adc670-2c1e-4c6c-9558-1601f864128b, CreationTimestamp2021-03-15T13:21:28.693Z] moved to CLOSED state
2021-03-15 13:22:20,023 [EventQueue-StaleNodeForStaleNodeHandler] INFO  pipeline.SCMPipelineManager (SCMPipelineManager.java:finalizeAndDestroyPipeline(483)) - Destroying pipeline:Pipeline[ Id: 71864db7-4d39-4cb4-b48c-388b48ec2e2f, Nodes: c8823aab-1c49-422a-a51c-c7b83b859fa6{ip: 172.17.0.2, host: 287f2862ff4e, ports: [REPLICATION=46731, RATIS=38877, RATIS_ADMIN=38877, RATIS_SERVER=38877, STANDALONE=44487], networkLocation: /default-rack, certSerialId: null, persistedOpState: IN_SERVICE, persistedOpStateExpiryEpochSec: 0}29adc670-2c1e-4c6c-9558-1601f864128b{ip: 172.17.0.2, host: 287f2862ff4e, ports: [REPLICATION=36101, RATIS=37315, RATIS_ADMIN=37315, RATIS_SERVER=37315, STANDALONE=46417], networkLocation: /default-rack, certSerialId: null, persistedOpState: IN_SERVICE, persistedOpStateExpiryEpochSec: 0}2bcf9514-6eaf-4328-a021-870a209d39c4{ip: 172.17.0.2, host: 287f2862ff4e, ports: [REPLICATION=39657, RATIS=43919, RATIS_ADMIN=43919, RATIS_SERVER=43919, STANDALONE=43389], networkLocation: /default-rack, certSerialId: null, persistedOpState: IN_SERVICE, persistedOpStateExpiryEpochSec: 0}, Type:RATIS, Factor:THREE, State:OPEN, leaderId:c8823aab-1c49-422a-a51c-c7b83b859fa6, CreationTimestamp2021-03-15T13:21:29.094Z]
2021-03-15 13:22:20,023 [EventQueue-StaleNodeForStaleNodeHandler] INFO  pipeline.PipelineStateManager (PipelineStateManager.java:finalizePipeline(121)) - Pipeline Pipeline[ Id: 71864db7-4d39-4cb4-b48c-388b48ec2e2f, Nodes: c8823aab-1c49-422a-a51c-c7b83b859fa6{ip: 172.17.0.2, host: 287f2862ff4e, ports: [REPLICATION=46731, RATIS=38877, RATIS_ADMIN=38877, RATIS_SERVER=38877, STANDALONE=44487], networkLocation: /default-rack, certSerialId: null, persistedOpState: IN_SERVICE, persistedOpStateExpiryEpochSec: 0}29adc670-2c1e-4c6c-9558-1601f864128b{ip: 172.17.0.2, host: 287f2862ff4e, ports: [REPLICATION=36101, RATIS=37315, RATIS_ADMIN=37315, RATIS_SERVER=37315, STANDALONE=46417], networkLocation: /default-rack, certSerialId: null, persistedOpState: IN_SERVICE, persistedOpStateExpiryEpochSec: 0}2bcf9514-6eaf-4328-a021-870a209d39c4{ip: 172.17.0.2, host: 287f2862ff4e, ports: [REPLICATION=39657, RATIS=43919, RATIS_ADMIN=43919, RATIS_SERVER=43919, STANDALONE=43389], networkLocation: /default-rack, certSerialId: null, persistedOpState: IN_SERVICE, persistedOpStateExpiryEpochSec: 0}, Type:RATIS, Factor:THREE, State:CLOSED, leaderId:c8823aab-1c49-422a-a51c-c7b83b859fa6, CreationTimestamp2021-03-15T13:21:29.094Z] moved to CLOSED state
2021-03-15 13:22:20,031 [EventQueue-CloseContainerForCloseContainerEventHandler] INFO  container.CloseContainerEventHandler (CloseContainerEventHandler.java:onMessage(61)) - Close container Event triggered for container : #2
2021-03-15 13:22:20,039 [EventQueue-CloseContainerForCloseContainerEventHandler] INFO  container.CloseContainerEventHandler (CloseContainerEventHandler.java:onMessage(61)) - Close container Event triggered for container : #1
2021-03-15 13:22:20,199 [grpc-default-executor-0] WARN  server.GrpcLogAppender (LogUtils.java:warn(122)) - 2bcf9514-6eaf-4328-a021-870a209d39c4@group-184EB8E85B35->29adc670-2c1e-4c6c-9558-1601f864128b-AppendLogResponseHandler: Failed appendEntries: org.apache.ratis.thirdparty.io.grpc.StatusRuntimeException: UNAVAILABLE: io exception
2021-03-15 13:22:20,200 [grpc-default-executor-0] INFO  leader.FollowerInfo (FollowerInfoImpl.java:lambda$new$0(46)) - 2bcf9514-6eaf-4328-a021-870a209d39c4@group-184EB8E85B35->29adc670-2c1e-4c6c-9558-1601f864128b: nextIndex: updateUnconditionally 15 -> 14
2021-03-15 13:22:20,212 [grpc-default-executor-0] WARN  server.GrpcLogAppender (LogUtils.java:warn(122)) - 490c2edb-ef6d-43f1-a3fc-38f1bdb7d380@group-E860D21F6A2B->8f544fba-ae2a-4c10-8316-b74b14cffb80-AppendLogResponseHandler: Failed appendEntries: org.apache.ratis.thirdparty.io.grpc.StatusRuntimeException: UNAVAILABLE: io exception
2021-03-15 13:22:20,212 [grpc-default-executor-0] INFO  leader.FollowerInfo (FollowerInfoImpl.java:lambda$new$0(46)) - 490c2edb-ef6d-43f1-a3fc-38f1bdb7d380@group-E860D21F6A2B->8f544fba-ae2a-4c10-8316-b74b14cffb80: nextIndex: updateUnconditionally 3 -> 2
2021-03-15 13:22:20,281 [ForkJoinPool.commonPool-worker-1] INFO  ozoneimpl.OzoneContainer (OzoneContainer.java:stop(273)) - Attempting to stop container services.
2021-03-15 13:22:20,283 [ForkJoinPool.commonPool-worker-1] INFO  server.RaftServer (RaftServerProxy.java:lambda$close$6(391)) - 2bcf9514-6eaf-4328-a021-870a209d39c4: close
2021-03-15 13:22:20,283 [ForkJoinPool.commonPool-worker-1] INFO  server.RaftServer$Division (RaftServerImpl.java:lambda$close$4(406)) - 2bcf9514-6eaf-4328-a021-870a209d39c4@group-7426FA8FAC29: shutdown
2021-03-15 13:22:20,283 [ForkJoinPool.commonPool-worker-1] INFO  util.JmxRegister (JmxRegister.java:unregister(73)) - Successfully un-registered JMX Bean with object name Ratis:service=RaftServer,group=group-7426FA8FAC29,id=2bcf9514-6eaf-4328-a021-870a209d39c4
2021-03-15 13:22:20,283 [ForkJoinPool.commonPool-worker-1] INFO  impl.RoleInfo (RoleInfo.java:shutdownFollowerState(108)) - 2bcf9514-6eaf-4328-a021-870a209d39c4: shutdown 2bcf9514-6eaf-4328-a021-870a209d39c4@group-7426FA8FAC29-FollowerState
2021-03-15 13:22:20,284 [ForkJoinPool.commonPool-worker-1] INFO  impl.StateMachineUpdater (StateMachineUpdater.java:stopAndJoin(148)) - 2bcf9514-6eaf-4328-a021-870a209d39c4@group-7426FA8FAC29-StateMachineUpdater: set stopIndex = 0
2021-03-15 13:22:20,284 [Thread-499] INFO  impl.FollowerState (FollowerState.java:run(142)) - 2bcf9514-6eaf-4328-a021-870a209d39c4@group-7426FA8FAC29-FollowerState was interrupted: {}
java.lang.InterruptedException: sleep interrupted
	at java.lang.Thread.sleep(Native Method)
	at java.lang.Thread.sleep(Thread.java:340)
	at java.util.concurrent.TimeUnit.sleep(TimeUnit.java:386)
	at org.apache.ratis.util.TimeDuration.sleep(TimeDuration.java:324)
	at org.apache.ratis.util.TimeDuration.sleep(TimeDuration.java:309)
	at org.apache.ratis.server.impl.FollowerState.run(FollowerState.java:117)
2021-03-15 13:22:20,285 [Listener at 127.0.0.1/41395] INFO  ozoneimpl.OzoneContainer (OzoneContainer.java:stop(273)) - Attempting to stop container services.
2021-03-15 13:22:20,285 [2bcf9514-6eaf-4328-a021-870a209d39c4@group-7426FA8FAC29-StateMachineUpdater] INFO  ratis.ContainerStateMachine (ContainerStateMachine.java:takeSnapshot(291)) - group-7426FA8FAC29: Taking a snapshot at:(t:4, i:0) file /github/workspace/mnt/ozone/hadoop-ozone/integration-test/target/test-dir/MiniOzoneClusterImpl-10170ce6-1bcb-4b6c-85b7-fb1f14fc7e79/datanode-2/data/ratis/ac74313d-67a1-459f-9117-7426fa8fac29/sm/snapshot.4_0
2021-03-15 13:22:20,286 [Listener at 127.0.0.1/41395] INFO  server.RaftServer (RaftServerProxy.java:lambda$close$6(391)) - 01124cd4-4ace-459c-9f52-5cd7a41fca7c: close
2021-03-15 13:22:20,286 [Listener at 127.0.0.1/41395] INFO  server.RaftServer$Division (RaftServerImpl.java:lambda$close$4(406)) - 01124cd4-4ace-459c-9f52-5cd7a41fca7c@group-9EB71483E61B: shutdown
2021-03-15 13:22:20,287 [Listener at 127.0.0.1/41395] INFO  util.JmxRegister (JmxRegister.java:unregister(73)) - Successfully un-registered JMX Bean with object name Ratis:service=RaftServer,group=group-9EB71483E61B,id=01124cd4-4ace-459c-9f52-5cd7a41fca7c
2021-03-15 13:22:20,287 [Listener at 127.0.0.1/41395] INFO  impl.RoleInfo (RoleInfo.java:shutdownLeaderState(91)) - 01124cd4-4ace-459c-9f52-5cd7a41fca7c: shutdown 01124cd4-4ace-459c-9f52-5cd7a41fca7c@group-9EB71483E61B-LeaderStateImpl
2021-03-15 13:22:20,287 [Listener at 127.0.0.1/41395] INFO  metrics.RatisMetrics (RatisMetrics.java:unregister(43)) - Unregistering Metrics Registry : ratis_grpc.log_appender.01124cd4-4ace-459c-9f52-5cd7a41fca7c@group-9EB71483E61B
2021-03-15 13:22:20,287 [Listener at 127.0.0.1/41395] INFO  metrics.RatisMetrics (RatisMetrics.java:unregister(43)) - Unregistering Metrics Registry : ratis_grpc.log_appender.01124cd4-4ace-459c-9f52-5cd7a41fca7c@group-9EB71483E61B
2021-03-15 13:22:20,286 [2bcf9514-6eaf-4328-a021-870a209d39c4@group-7426FA8FAC29-StateMachineUpdater] INFO  ratis.ContainerStateMachine (ContainerStateMachine.java:takeSnapshot(302)) - group-7426FA8FAC29: Finished taking a snapshot at:(t:4, i:0) file:/github/workspace/mnt/ozone/hadoop-ozone/integration-test/target/test-dir/MiniOzoneClusterImpl-10170ce6-1bcb-4b6c-85b7-fb1f14fc7e79/datanode-2/data/ratis/ac74313d-67a1-459f-9117-7426fa8fac29/sm/snapshot.4_0 took: 1 ms
2021-03-15 13:22:20,288 [Listener at 127.0.0.1/41395] INFO  impl.PendingRequests (PendingRequests.java:sendNotLeaderResponses(249)) - 01124cd4-4ace-459c-9f52-5cd7a41fca7c@group-9EB71483E61B-PendingRequests: sendNotLeaderResponses
2021-03-15 13:22:20,288 [2bcf9514-6eaf-4328-a021-870a209d39c4@group-7426FA8FAC29-StateMachineUpdater] INFO  impl.StateMachineUpdater (StateMachineUpdater.java:takeSnapshot(279)) - 2bcf9514-6eaf-4328-a021-870a209d39c4@group-7426FA8FAC29-StateMachineUpdater: Took a snapshot at index 0
2021-03-15 13:22:20,288 [Listener at 127.0.0.1/41395] INFO  metrics.RatisMetrics (RatisMetrics.java:unregister(43)) - Unregistering Metrics Registry : ratis.log_appender.01124cd4-4ace-459c-9f52-5cd7a41fca7c@group-9EB71483E61B
2021-03-15 13:22:20,288 [01124cd4-4ace-459c-9f52-5cd7a41fca7c@group-9EB71483E61B->490c2edb-ef6d-43f1-a3fc-38f1bdb7d380-GrpcLogAppender-LogAppenderDaemon] WARN  server.GrpcLogAppender (GrpcLogAppender.java:mayWait(175)) - 01124cd4-4ace-459c-9f52-5cd7a41fca7c@group-9EB71483E61B->490c2edb-ef6d-43f1-a3fc-38f1bdb7d380-GrpcLogAppender: Wait interrupted by java.lang.InterruptedException
2021-03-15 13:22:20,288 [2bcf9514-6eaf-4328-a021-870a209d39c4@group-7426FA8FAC29-StateMachineUpdater] INFO  impl.StateMachineUpdater (StateMachineUpdater.java:lambda$new$0(88)) - 2bcf9514-6eaf-4328-a021-870a209d39c4@group-7426FA8FAC29-StateMachineUpdater: snapshotIndex: updateIncreasingly -1 -> 0
2021-03-15 13:22:20,289 [2bcf9514-6eaf-4328-a021-870a209d39c4@group-7426FA8FAC29-StateMachineUpdater] INFO  metrics.RatisMetrics (RatisMetrics.java:unregister(43)) - Unregistering Metrics Registry : ratis.state_machine.2bcf9514-6eaf-4328-a021-870a209d39c4@group-7426FA8FAC29
2021-03-15 13:22:20,289 [grpc-default-executor-0] INFO  server.GrpcServerProtocolService (GrpcServerProtocolService.java:onCompleted(138)) - 490c2edb-ef6d-43f1-a3fc-38f1bdb7d380: Completed APPEND_ENTRIES, lastRequest: 01124cd4-4ace-459c-9f52-5cd7a41fca7c->490c2edb-ef6d-43f1-a3fc-38f1bdb7d380#1-t3,previous=(t:0, i:0),leaderCommit=-1,initializing? true,entries: size=1, first=(t:3, i:0), CONFIGURATIONENTRY
2021-03-15 13:22:20,289 [Listener at 127.0.0.1/41395] INFO  metrics.RatisMetrics (RatisMetrics.java:unregister(43)) - Unregistering Metrics Registry : ratis.server.01124cd4-4ace-459c-9f52-5cd7a41fca7c@group-9EB71483E61B
2021-03-15 13:22:20,290 [grpc-default-executor-0] INFO  server.GrpcLogAppender (GrpcLogAppender.java:onCompleted(344)) - 01124cd4-4ace-459c-9f52-5cd7a41fca7c@group-9EB71483E61B->490c2edb-ef6d-43f1-a3fc-38f1bdb7d380-AppendLogResponseHandler: follower responses appendEntries COMPLETED
2021-03-15 13:22:20,290 [grpc-default-executor-0] INFO  leader.FollowerInfo (FollowerInfoImpl.java:lambda$new$0(46)) - 01124cd4-4ace-459c-9f52-5cd7a41fca7c@group-9EB71483E61B->490c2edb-ef6d-43f1-a3fc-38f1bdb7d380: nextIndex: updateUnconditionally 1 -> 0
2021-03-15 13:22:20,290 [01124cd4-4ace-459c-9f52-5cd7a41fca7c@group-9EB71483E61B-StateMachineUpdater] INFO  ratis.ContainerStateMachine (ContainerStateMachine.java:takeSnapshot(291)) - group-9EB71483E61B: Taking a snapshot at:(t:3, i:0) file /github/workspace/mnt/ozone/hadoop-ozone/integration-test/target/test-dir/MiniOzoneClusterImpl-10170ce6-1bcb-4b6c-85b7-fb1f14fc7e79/datanode-3/data/ratis/3131fd0c-3f52-4949-b04d-9eb71483e61b/sm/snapshot.3_0
2021-03-15 13:22:20,290 [ForkJoinPool.commonPool-worker-1] INFO  server.RaftServer$Division (ServerState.java:close(405)) - 2bcf9514-6eaf-4328-a021-870a209d39c4@group-7426FA8FAC29: closes. applyIndex: 0
2021-03-15 13:22:20,290 [2bcf9514-6eaf-4328-a021-870a209d39c4@group-7426FA8FAC29-SegmentedRaftLogWorker] INFO  segmented.SegmentedRaftLogWorker (SegmentedRaftLogWorker.java:run(326)) - 2bcf9514-6eaf-4328-a021-870a209d39c4@group-7426FA8FAC29-SegmentedRaftLogWorker was interrupted, exiting. There are 0 tasks remaining in the queue.
2021-03-15 13:22:20,290 [Listener at 127.0.0.1/41395] INFO  impl.StateMachineUpdater (StateMachineUpdater.java:stopAndJoin(148)) - 01124cd4-4ace-459c-9f52-5cd7a41fca7c@group-9EB71483E61B-StateMachineUpdater: set stopIndex = 0
2021-03-15 13:22:20,290 [ForkJoinPool.commonPool-worker-1] INFO  segmented.SegmentedRaftLogWorker (SegmentedRaftLogWorker.java:close(236)) - 2bcf9514-6eaf-4328-a021-870a209d39c4@group-7426FA8FAC29-SegmentedRaftLogWorker close()
2021-03-15 13:22:20,292 [01124cd4-4ace-459c-9f52-5cd7a41fca7c@group-9EB71483E61B-StateMachineUpdater] INFO  ratis.ContainerStateMachine (ContainerStateMachine.java:takeSnapshot(302)) - group-9EB71483E61B: Finished taking a snapshot at:(t:3, i:0) file:/github/workspace/mnt/ozone/hadoop-ozone/integration-test/target/test-dir/MiniOzoneClusterImpl-10170ce6-1bcb-4b6c-85b7-fb1f14fc7e79/datanode-3/data/ratis/3131fd0c-3f52-4949-b04d-9eb71483e61b/sm/snapshot.3_0 took: 2 ms
2021-03-15 13:22:20,292 [01124cd4-4ace-459c-9f52-5cd7a41fca7c@group-9EB71483E61B-StateMachineUpdater] INFO  impl.StateMachineUpdater (StateMachineUpdater.java:takeSnapshot(279)) - 01124cd4-4ace-459c-9f52-5cd7a41fca7c@group-9EB71483E61B-StateMachineUpdater: Took a snapshot at index 0
2021-03-15 13:22:20,292 [01124cd4-4ace-459c-9f52-5cd7a41fca7c@group-9EB71483E61B-StateMachineUpdater] INFO  impl.StateMachineUpdater (StateMachineUpdater.java:lambda$new$0(88)) - 01124cd4-4ace-459c-9f52-5cd7a41fca7c@group-9EB71483E61B-StateMachineUpdater: snapshotIndex: updateIncreasingly -1 -> 0
2021-03-15 13:22:20,292 [01124cd4-4ace-459c-9f52-5cd7a41fca7c@group-9EB71483E61B-StateMachineUpdater] INFO  metrics.RatisMetrics (RatisMetrics.java:unregister(43)) - Unregistering Metrics Registry : ratis.state_machine.01124cd4-4ace-459c-9f52-5cd7a41fca7c@group-9EB71483E61B
2021-03-15 13:22:20,292 [ForkJoinPool.commonPool-worker-1] INFO  metrics.RatisMetrics (RatisMetrics.java:unregister(43)) - Unregistering Metrics Registry : ratis.log_worker.2bcf9514-6eaf-4328-a021-870a209d39c4@group-7426FA8FAC29
2021-03-15 13:22:20,292 [ForkJoinPool.commonPool-worker-1] INFO  metrics.RatisMetrics (RatisMetrics.java:unregister(43)) - Unregistering Metrics Registry : ratis.leader_election.2bcf9514-6eaf-4328-a021-870a209d39c4@group-7426FA8FAC29
2021-03-15 13:22:20,293 [ForkJoinPool.commonPool-worker-1] INFO  metrics.RatisMetrics (RatisMetrics.java:unregister(43)) - Unregistering Metrics Registry : ratis.server.2bcf9514-6eaf-4328-a021-870a209d39c4@group-7426FA8FAC29
2021-03-15 13:22:20,293 [ForkJoinPool.commonPool-worker-1] INFO  server.RaftServer$Division (RaftServerImpl.java:lambda$close$4(406)) - 2bcf9514-6eaf-4328-a021-870a209d39c4@group-184EB8E85B35: shutdown
2021-03-15 13:22:20,293 [ForkJoinPool.commonPool-worker-1] INFO  util.JmxRegister (JmxRegister.java:unregister(73)) - Successfully un-registered JMX Bean with object name Ratis:service=RaftServer,group=group-184EB8E85B35,id=2bcf9514-6eaf-4328-a021-870a209d39c4
2021-03-15 13:22:20,293 [ForkJoinPool.commonPool-worker-1] INFO  impl.RoleInfo (RoleInfo.java:shutdownLeaderState(91)) - 2bcf9514-6eaf-4328-a021-870a209d39c4: shutdown 2bcf9514-6eaf-4328-a021-870a209d39c4@group-184EB8E85B35-LeaderStateImpl
2021-03-15 13:22:20,293 [ForkJoinPool.commonPool-worker-1] INFO  metrics.RatisMetrics (RatisMetrics.java:unregister(43)) - Unregistering Metrics Registry : ratis_grpc.log_appender.2bcf9514-6eaf-4328-a021-870a209d39c4@group-184EB8E85B35
2021-03-15 13:22:20,293 [ForkJoinPool.commonPool-worker-1] INFO  metrics.RatisMetrics (RatisMetrics.java:unregister(43)) - Unregistering Metrics Registry : ratis_grpc.log_appender.2bcf9514-6eaf-4328-a021-870a209d39c4@group-184EB8E85B35
2021-03-15 13:22:20,293 [2bcf9514-6eaf-4328-a021-870a209d39c4@group-184EB8E85B35->29adc670-2c1e-4c6c-9558-1601f864128b-GrpcLogAppender-LogAppenderDaemon] WARN  server.GrpcLogAppender (GrpcLogAppender.java:mayWait(175)) - 2bcf9514-6eaf-4328-a021-870a209d39c4@group-184EB8E85B35->29adc670-2c1e-4c6c-9558-1601f864128b-GrpcLogAppender: Wait interrupted by java.lang.InterruptedException
2021-03-15 13:22:20,293 [ForkJoinPool.commonPool-worker-1] INFO  impl.PendingRequests (PendingRequests.java:sendNotLeaderResponses(249)) - 2bcf9514-6eaf-4328-a021-870a209d39c4@group-184EB8E85B35-PendingRequests: sendNotLeaderResponses
2021-03-15 13:22:20,293 [2bcf9514-6eaf-4328-a021-870a209d39c4@group-184EB8E85B35->c8823aab-1c49-422a-a51c-c7b83b859fa6-GrpcLogAppender-LogAppenderDaemon] WARN  server.GrpcLogAppender (GrpcLogAppender.java:mayWait(175)) - 2bcf9514-6eaf-4328-a021-870a209d39c4@group-184EB8E85B35->c8823aab-1c49-422a-a51c-c7b83b859fa6-GrpcLogAppender: Wait interrupted by java.lang.InterruptedException
2021-03-15 13:22:20,294 [Listener at 127.0.0.1/41395] INFO  server.RaftServer$Division (ServerState.java:close(405)) - 01124cd4-4ace-459c-9f52-5cd7a41fca7c@group-9EB71483E61B: closes. applyIndex: 0
2021-03-15 13:22:20,294 [01124cd4-4ace-459c-9f52-5cd7a41fca7c@group-9EB71483E61B-SegmentedRaftLogWorker] INFO  segmented.SegmentedRaftLogWorker (SegmentedRaftLogWorker.java:run(326)) - 01124cd4-4ace-459c-9f52-5cd7a41fca7c@group-9EB71483E61B-SegmentedRaftLogWorker was interrupted, exiting. There are 0 tasks remaining in the queue.
2021-03-15 13:22:20,294 [grpc-default-executor-0] INFO  server.GrpcServerProtocolService (GrpcServerProtocolService.java:onCompleted(138)) - c8823aab-1c49-422a-a51c-c7b83b859fa6: Completed APPEND_ENTRIES, lastRequest: 2bcf9514-6eaf-4328-a021-870a209d39c4->c8823aab-1c49-422a-a51c-c7b83b859fa6#45-t1,previous=(t:1, i:13),leaderCommit=13,initializing? true,entries: size=1, first=(t:1, i:14), METADATAENTRY(c:13)
2021-03-15 13:22:20,295 [ForkJoinPool.commonPool-worker-1] INFO  metrics.RatisMetrics (RatisMetrics.java:unregister(43)) - Unregistering Metrics Registry : ratis.log_appender.2bcf9514-6eaf-4328-a021-870a209d39c4@group-184EB8E85B35
2021-03-15 13:22:20,295 [ForkJoinPool.commonPool-worker-1] INFO  metrics.RatisMetrics (RatisMetrics.java:unregister(43)) - Unregistering Metrics Registry : ratis.server.2bcf9514-6eaf-4328-a021-870a209d39c4@group-184EB8E85B35
2021-03-15 13:22:20,295 [Listener at 127.0.0.1/41395] INFO  segmented.SegmentedRaftLogWorker (SegmentedRaftLogWorker.java:close(236)) - 01124cd4-4ace-459c-9f52-5cd7a41fca7c@group-9EB71483E61B-SegmentedRaftLogWorker close()
2021-03-15 13:22:20,296 [grpc-default-executor-0] INFO  server.GrpcLogAppender (GrpcLogAppender.java:onCompleted(344)) - 2bcf9514-6eaf-4328-a021-870a209d39c4@group-184EB8E85B35->c8823aab-1c49-422a-a51c-c7b83b859fa6-AppendLogResponseHandler: follower responses appendEntries COMPLETED
2021-03-15 13:22:20,296 [grpc-default-executor-0] INFO  leader.FollowerInfo (FollowerInfoImpl.java:lambda$new$0(46)) - 2bcf9514-6eaf-4328-a021-870a209d39c4@group-184EB8E85B35->c8823aab-1c49-422a-a51c-c7b83b859fa6: nextIndex: updateUnconditionally 15 -> 14
2021-03-15 13:22:20,297 [Listener at 127.0.0.1/41395] INFO  metrics.RatisMetrics (RatisMetrics.java:unregister(43)) - Unregistering Metrics Registry : ratis.log_worker.01124cd4-4ace-459c-9f52-5cd7a41fca7c@group-9EB71483E61B
2021-03-15 13:22:20,297 [Listener at 127.0.0.1/41395] INFO  metrics.RatisMetrics (RatisMetrics.java:unregister(43)) - Unregistering Metrics Registry : ratis.leader_election.01124cd4-4ace-459c-9f52-5cd7a41fca7c@group-9EB71483E61B
2021-03-15 13:22:20,297 [Listener at 127.0.0.1/41395] INFO  metrics.RatisMetrics (RatisMetrics.java:unregister(43)) - Unregistering Metrics Registry : ratis.server.01124cd4-4ace-459c-9f52-5cd7a41fca7c@group-9EB71483E61B
2021-03-15 13:22:20,298 [Listener at 127.0.0.1/41395] INFO  server.RaftServer$Division (RaftServerImpl.java:lambda$close$4(406)) - 01124cd4-4ace-459c-9f52-5cd7a41fca7c@group-399D3B981C2E: shutdown
2021-03-15 13:22:20,297 [2bcf9514-6eaf-4328-a021-870a209d39c4@group-184EB8E85B35-StateMachineUpdater] INFO  ratis.ContainerStateMachine (ContainerStateMachine.java:takeSnapshot(291)) - group-184EB8E85B35: Taking a snapshot at:(t:1, i:14) file /github/workspace/mnt/ozone/hadoop-ozone/integration-test/target/test-dir/MiniOzoneClusterImpl-10170ce6-1bcb-4b6c-85b7-fb1f14fc7e79/datanode-2/data/ratis/79e449a0-20f2-4382-bd34-184eb8e85b35/sm/snapshot.1_14
2021-03-15 13:22:20,297 [ForkJoinPool.commonPool-worker-1] INFO  impl.StateMachineUpdater (StateMachineUpdater.java:stopAndJoin(148)) - 2bcf9514-6eaf-4328-a021-870a209d39c4@group-184EB8E85B35-StateMachineUpdater: set stopIndex = 14
2021-03-15 13:22:20,299 [Listener at 127.0.0.1/41395] INFO  util.JmxRegister (JmxRegister.java:unregister(73)) - Successfully un-registered JMX Bean with object name Ratis:service=RaftServer,group=group-399D3B981C2E,id=01124cd4-4ace-459c-9f52-5cd7a41fca7c
2021-03-15 13:22:20,299 [Listener at 127.0.0.1/41395] INFO  impl.RoleInfo (RoleInfo.java:shutdownLeaderState(91)) - 01124cd4-4ace-459c-9f52-5cd7a41fca7c: shutdown 01124cd4-4ace-459c-9f52-5cd7a41fca7c@group-399D3B981C2E-LeaderStateImpl
2021-03-15 13:22:20,299 [2bcf9514-6eaf-4328-a021-870a209d39c4@group-184EB8E85B35-StateMachineUpdater] INFO  ratis.ContainerStateMachine (ContainerStateMachine.java:takeSnapshot(302)) - group-184EB8E85B35: Finished taking a snapshot at:(t:1, i:14) file:/github/workspace/mnt/ozone/hadoop-ozone/integration-test/target/test-dir/MiniOzoneClusterImpl-10170ce6-1bcb-4b6c-85b7-fb1f14fc7e79/datanode-2/data/ratis/79e449a0-20f2-4382-bd34-184eb8e85b35/sm/snapshot.1_14 took: 2 ms
2021-03-15 13:22:20,300 [2bcf9514-6eaf-4328-a021-870a209d39c4@group-184EB8E85B35-StateMachineUpdater] INFO  impl.StateMachineUpdater (StateMachineUpdater.java:takeSnapshot(279)) - 2bcf9514-6eaf-4328-a021-870a209d39c4@group-184EB8E85B35-StateMachineUpdater: Took a snapshot at index 14
2021-03-15 13:22:20,300 [2bcf9514-6eaf-4328-a021-870a209d39c4@group-184EB8E85B35-StateMachineUpdater] INFO  impl.StateMachineUpdater (StateMachineUpdater.java:lambda$new$0(88)) - 2bcf9514-6eaf-4328-a021-870a209d39c4@group-184EB8E85B35-StateMachineUpdater: snapshotIndex: updateIncreasingly -1 -> 14
2021-03-15 13:22:20,300 [2bcf9514-6eaf-4328-a021-870a209d39c4@group-184EB8E85B35-StateMachineUpdater] INFO  metrics.RatisMetrics (RatisMetrics.java:unregister(43)) - Unregistering Metrics Registry : ratis.state_machine.2bcf9514-6eaf-4328-a021-870a209d39c4@group-184EB8E85B35
2021-03-15 13:22:20,300 [ForkJoinPool.commonPool-worker-1] INFO  server.RaftServer$Division (ServerState.java:close(405)) - 2bcf9514-6eaf-4328-a021-870a209d39c4@group-184EB8E85B35: closes. applyIndex: 14
2021-03-15 13:22:20,300 [2bcf9514-6eaf-4328-a021-870a209d39c4@group-184EB8E85B35-SegmentedRaftLogWorker] INFO  segmented.SegmentedRaftLogWorker (SegmentedRaftLogWorker.java:run(326)) - 2bcf9514-6eaf-4328-a021-870a209d39c4@group-184EB8E85B35-SegmentedRaftLogWorker was interrupted, exiting. There are 0 tasks remaining in the queue.
2021-03-15 13:22:20,301 [ForkJoinPool.commonPool-worker-1] INFO  segmented.SegmentedRaftLogWorker (SegmentedRaftLogWorker.java:close(236)) - 2bcf9514-6eaf-4328-a021-870a209d39c4@group-184EB8E85B35-SegmentedRaftLogWorker close()
2021-03-15 13:22:20,301 [Listener at 127.0.0.1/41395] INFO  impl.PendingRequests (PendingRequests.java:sendNotLeaderResponses(249)) - 01124cd4-4ace-459c-9f52-5cd7a41fca7c@group-399D3B981C2E-PendingRequests: sendNotLeaderResponses
2021-03-15 13:22:20,301 [Listener at 127.0.0.1/41395] INFO  metrics.RatisMetrics (RatisMetrics.java:unregister(43)) - Unregistering Metrics Registry : ratis.log_appender.01124cd4-4ace-459c-9f52-5cd7a41fca7c@group-399D3B981C2E
2021-03-15 13:22:20,302 [Listener at 127.0.0.1/41395] INFO  metrics.RatisMetrics (RatisMetrics.java:unregister(43)) - Unregistering Metrics Registry : ratis.server.01124cd4-4ace-459c-9f52-5cd7a41fca7c@group-399D3B981C2E
2021-03-15 13:22:20,301 [ForkJoinPool.commonPool-worker-1] INFO  metrics.RatisMetrics (RatisMetrics.java:unregister(43)) - Unregistering Metrics Registry : ratis.log_worker.2bcf9514-6eaf-4328-a021-870a209d39c4@group-184EB8E85B35
2021-03-15 13:22:20,303 [01124cd4-4ace-459c-9f52-5cd7a41fca7c@group-399D3B981C2E-StateMachineUpdater] INFO  ratis.ContainerStateMachine (ContainerStateMachine.java:takeSnapshot(291)) - group-399D3B981C2E: Taking a snapshot at:(t:1, i:0) file /github/workspace/mnt/ozone/hadoop-ozone/integration-test/target/test-dir/MiniOzoneClusterImpl-10170ce6-1bcb-4b6c-85b7-fb1f14fc7e79/datanode-3/data/ratis/9afd33df-eae2-41e9-aae3-399d3b981c2e/sm/snapshot.1_0
2021-03-15 13:22:20,303 [ForkJoinPool.commonPool-worker-1] INFO  metrics.RatisMetrics (RatisMetrics.java:unregister(43)) - Unregistering Metrics Registry : ratis.leader_election.2bcf9514-6eaf-4328-a021-870a209d39c4@group-184EB8E85B35
2021-03-15 13:22:20,303 [ForkJoinPool.commonPool-worker-1] INFO  metrics.RatisMetrics (RatisMetrics.java:unregister(43)) - Unregistering Metrics Registry : ratis.server.2bcf9514-6eaf-4328-a021-870a209d39c4@group-184EB8E85B35
2021-03-15 13:22:20,303 [ForkJoinPool.commonPool-worker-1] INFO  server.RaftServer$Division (RaftServerImpl.java:lambda$close$4(406)) - 2bcf9514-6eaf-4328-a021-870a209d39c4@group-3569B44EBDC6: shutdown
2021-03-15 13:22:20,303 [Listener at 127.0.0.1/41395] INFO  impl.StateMachineUpdater (StateMachineUpdater.java:stopAndJoin(148)) - 01124cd4-4ace-459c-9f52-5cd7a41fca7c@group-399D3B981C2E-StateMachineUpdater: set stopIndex = 0
2021-03-15 13:22:20,303 [01124cd4-4ace-459c-9f52-5cd7a41fca7c@group-399D3B981C2E-StateMachineUpdater] INFO  ratis.ContainerStateMachine (ContainerStateMachine.java:takeSnapshot(302)) - group-399D3B981C2E: Finished taking a snapshot at:(t:1, i:0) file:/github/workspace/mnt/ozone/hadoop-ozone/integration-test/target/test-dir/MiniOzoneClusterImpl-10170ce6-1bcb-4b6c-85b7-fb1f14fc7e79/datanode-3/data/ratis/9afd33df-eae2-41e9-aae3-399d3b981c2e/sm/snapshot.1_0 took: 1 ms
2021-03-15 13:22:20,304 [01124cd4-4ace-459c-9f52-5cd7a41fca7c@group-399D3B981C2E-StateMachineUpdater] INFO  impl.StateMachineUpdater (StateMachineUpdater.java:takeSnapshot(279)) - 01124cd4-4ace-459c-9f52-5cd7a41fca7c@group-399D3B981C2E-StateMachineUpdater: Took a snapshot at index 0
2021-03-15 13:22:20,304 [01124cd4-4ace-459c-9f52-5cd7a41fca7c@group-399D3B981C2E-StateMachineUpdater] INFO  impl.StateMachineUpdater (StateMachineUpdater.java:lambda$new$0(88)) - 01124cd4-4ace-459c-9f52-5cd7a41fca7c@group-399D3B981C2E-StateMachineUpdater: snapshotIndex: updateIncreasingly -1 -> 0
2021-03-15 13:22:20,304 [01124cd4-4ace-459c-9f52-5cd7a41fca7c@group-399D3B981C2E-StateMachineUpdater] INFO  metrics.RatisMetrics (RatisMetrics.java:unregister(43)) - Unregistering Metrics Registry : ratis.state_machine.01124cd4-4ace-459c-9f52-5cd7a41fca7c@group-399D3B981C2E
2021-03-15 13:22:20,304 [ForkJoinPool.commonPool-worker-1] INFO  util.JmxRegister (JmxRegister.java:unregister(73)) - Successfully un-registered JMX Bean with object name Ratis:service=RaftServer,group=group-3569B44EBDC6,id=2bcf9514-6eaf-4328-a021-870a209d39c4
2021-03-15 13:22:20,304 [ForkJoinPool.commonPool-worker-1] INFO  impl.RoleInfo (RoleInfo.java:shutdownLeaderState(91)) - 2bcf9514-6eaf-4328-a021-870a209d39c4: shutdown 2bcf9514-6eaf-4328-a021-870a209d39c4@group-3569B44EBDC6-LeaderStateImpl
2021-03-15 13:22:20,305 [ForkJoinPool.commonPool-worker-1] INFO  impl.PendingRequests (PendingRequests.java:sendNotLeaderResponses(249)) - 2bcf9514-6eaf-4328-a021-870a209d39c4@group-3569B44EBDC6-PendingRequests: sendNotLeaderResponses
2021-03-15 13:22:20,305 [ForkJoinPool.commonPool-worker-1] INFO  metrics.RatisMetrics (RatisMetrics.java:unregister(43)) - Unregistering Metrics Registry : ratis.log_appender.2bcf9514-6eaf-4328-a021-870a209d39c4@group-3569B44EBDC6
2021-03-15 13:22:20,305 [ForkJoinPool.commonPool-worker-1] INFO  metrics.RatisMetrics (RatisMetrics.java:unregister(43)) - Unregistering Metrics Registry : ratis.server.2bcf9514-6eaf-4328-a021-870a209d39c4@group-3569B44EBDC6
2021-03-15 13:22:20,306 [Listener at 127.0.0.1/41395] INFO  server.RaftServer$Division (ServerState.java:close(405)) - 01124cd4-4ace-459c-9f52-5cd7a41fca7c@group-399D3B981C2E: closes. applyIndex: 0
2021-03-15 13:22:20,306 [ForkJoinPool.commonPool-worker-1] INFO  impl.StateMachineUpdater (StateMachineUpdater.java:stopAndJoin(148)) - 2bcf9514-6eaf-4328-a021-870a209d39c4@group-3569B44EBDC6-StateMachineUpdater: set stopIndex = 0
2021-03-15 13:22:20,306 [2bcf9514-6eaf-4328-a021-870a209d39c4@group-3569B44EBDC6-StateMachineUpdater] INFO  ratis.ContainerStateMachine (ContainerStateMachine.java:takeSnapshot(291)) - group-3569B44EBDC6: Taking a snapshot at:(t:1, i:0) file /github/workspace/mnt/ozone/hadoop-ozone/integration-test/target/test-dir/MiniOzoneClusterImpl-10170ce6-1bcb-4b6c-85b7-fb1f14fc7e79/datanode-2/data/ratis/cfed619c-994d-4625-bc70-3569b44ebdc6/sm/snapshot.1_0
2021-03-15 13:22:20,306 [01124cd4-4ace-459c-9f52-5cd7a41fca7c@group-399D3B981C2E-SegmentedRaftLogWorker] INFO  segmented.SegmentedRaftLogWorker (SegmentedRaftLogWorker.java:run(326)) - 01124cd4-4ace-459c-9f52-5cd7a41fca7c@group-399D3B981C2E-SegmentedRaftLogWorker was interrupted, exiting. There are 0 tasks remaining in the queue.
2021-03-15 13:22:20,307 [Listener at 127.0.0.1/41395] INFO  segmented.SegmentedRaftLogWorker (SegmentedRaftLogWorker.java:close(236)) - 01124cd4-4ace-459c-9f52-5cd7a41fca7c@group-399D3B981C2E-SegmentedRaftLogWorker close()
2021-03-15 13:22:20,307 [2bcf9514-6eaf-4328-a021-870a209d39c4@group-3569B44EBDC6-StateMachineUpdater] INFO  ratis.ContainerStateMachine (ContainerStateMachine.java:takeSnapshot(302)) - group-3569B44EBDC6: Finished taking a snapshot at:(t:1, i:0) file:/github/workspace/mnt/ozone/hadoop-ozone/integration-test/target/test-dir/MiniOzoneClusterImpl-10170ce6-1bcb-4b6c-85b7-fb1f14fc7e79/datanode-2/data/ratis/cfed619c-994d-4625-bc70-3569b44ebdc6/sm/snapshot.1_0 took: 2 ms
2021-03-15 13:22:20,307 [2bcf9514-6eaf-4328-a021-870a209d39c4@group-3569B44EBDC6-StateMachineUpdater] INFO  impl.StateMachineUpdater (StateMachineUpdater.java:takeSnapshot(279)) - 2bcf9514-6eaf-4328-a021-870a209d39c4@group-3569B44EBDC6-StateMachineUpdater: Took a snapshot at index 0
2021-03-15 13:22:20,308 [2bcf9514-6eaf-4328-a021-870a209d39c4@group-3569B44EBDC6-StateMachineUpdater] INFO  impl.StateMachineUpdater (StateMachineUpdater.java:lambda$new$0(88)) - 2bcf9514-6eaf-4328-a021-870a209d39c4@group-3569B44EBDC6-StateMachineUpdater: snapshotIndex: updateIncreasingly -1 -> 0
2021-03-15 13:22:20,308 [2bcf9514-6eaf-4328-a021-870a209d39c4@group-3569B44EBDC6-StateMachineUpdater] INFO  metrics.RatisMetrics (RatisMetrics.java:unregister(43)) - Unregistering Metrics Registry : ratis.state_machine.2bcf9514-6eaf-4328-a021-870a209d39c4@group-3569B44EBDC6
2021-03-15 13:22:20,308 [ForkJoinPool.commonPool-worker-1] INFO  server.RaftServer$Division (ServerState.java:close(405)) - 2bcf9514-6eaf-4328-a021-870a209d39c4@group-3569B44EBDC6: closes. applyIndex: 0
2021-03-15 13:22:20,308 [Listener at 127.0.0.1/41395] INFO  metrics.RatisMetrics (RatisMetrics.java:unregister(43)) - Unregistering Metrics Registry : ratis.log_worker.01124cd4-4ace-459c-9f52-5cd7a41fca7c@group-399D3B981C2E
2021-03-15 13:22:20,308 [2bcf9514-6eaf-4328-a021-870a209d39c4@group-3569B44EBDC6-SegmentedRaftLogWorker] INFO  segmented.SegmentedRaftLogWorker (SegmentedRaftLogWorker.java:run(326)) - 2bcf9514-6eaf-4328-a021-870a209d39c4@group-3569B44EBDC6-SegmentedRaftLogWorker was interrupted, exiting. There are 0 tasks remaining in the queue.
2021-03-15 13:22:20,308 [ForkJoinPool.commonPool-worker-1] INFO  segmented.SegmentedRaftLogWorker (SegmentedRaftLogWorker.java:close(236)) - 2bcf9514-6eaf-4328-a021-870a209d39c4@group-3569B44EBDC6-SegmentedRaftLogWorker close()
2021-03-15 13:22:20,308 [Listener at 127.0.0.1/41395] INFO  metrics.RatisMetrics (RatisMetrics.java:unregister(43)) - Unregistering Metrics Registry : ratis.leader_election.01124cd4-4ace-459c-9f52-5cd7a41fca7c@group-399D3B981C2E
2021-03-15 13:22:20,309 [Listener at 127.0.0.1/41395] INFO  metrics.RatisMetrics (RatisMetrics.java:unregister(43)) - Unregistering Metrics Registry : ratis.server.01124cd4-4ace-459c-9f52-5cd7a41fca7c@group-399D3B981C2E
2021-03-15 13:22:20,309 [ForkJoinPool.commonPool-worker-1] INFO  metrics.RatisMetrics (RatisMetrics.java:unregister(43)) - Unregistering Metrics Registry : ratis.log_worker.2bcf9514-6eaf-4328-a021-870a209d39c4@group-3569B44EBDC6
2021-03-15 13:22:20,309 [ForkJoinPool.commonPool-worker-1] INFO  metrics.RatisMetrics (RatisMetrics.java:unregister(43)) - Unregistering Metrics Registry : ratis.leader_election.2bcf9514-6eaf-4328-a021-870a209d39c4@group-3569B44EBDC6
2021-03-15 13:22:20,309 [ForkJoinPool.commonPool-worker-1] INFO  metrics.RatisMetrics (RatisMetrics.java:unregister(43)) - Unregistering Metrics Registry : ratis.server.2bcf9514-6eaf-4328-a021-870a209d39c4@group-3569B44EBDC6
2021-03-15 13:22:20,310 [ForkJoinPool.commonPool-worker-1] INFO  server.RaftServer$Division (RaftServerImpl.java:lambda$close$4(406)) - 2bcf9514-6eaf-4328-a021-870a209d39c4@group-388B48EC2E2F: shutdown
2021-03-15 13:22:20,310 [ForkJoinPool.commonPool-worker-1] INFO  util.JmxRegister (JmxRegister.java:unregister(73)) - Successfully un-registered JMX Bean with object name Ratis:service=RaftServer,group=group-388B48EC2E2F,id=2bcf9514-6eaf-4328-a021-870a209d39c4
2021-03-15 13:22:20,310 [ForkJoinPool.commonPool-worker-1] INFO  impl.RoleInfo (RoleInfo.java:shutdownFollowerState(108)) - 2bcf9514-6eaf-4328-a021-870a209d39c4: shutdown 2bcf9514-6eaf-4328-a021-870a209d39c4@group-388B48EC2E2F-FollowerState
2021-03-15 13:22:20,309 [Listener at 127.0.0.1/41395] INFO  server.RaftServer$Division (RaftServerImpl.java:lambda$close$4(406)) - 01124cd4-4ace-459c-9f52-5cd7a41fca7c@group-D764FF994818: shutdown
2021-03-15 13:22:20,310 [2bcf9514-6eaf-4328-a021-870a209d39c4@group-388B48EC2E2F-StateMachineUpdater] INFO  ratis.ContainerStateMachine (ContainerStateMachine.java:takeSnapshot(291)) - group-388B48EC2E2F: Taking a snapshot at:(t:10, i:3) file /github/workspace/mnt/ozone/hadoop-ozone/integration-test/target/test-dir/MiniOzoneClusterImpl-10170ce6-1bcb-4b6c-85b7-fb1f14fc7e79/datanode-2/data/ratis/71864db7-4d39-4cb4-b48c-388b48ec2e2f/sm/snapshot.10_3
2021-03-15 13:22:20,311 [Listener at 127.0.0.1/41395] INFO  util.JmxRegister (JmxRegister.java:unregister(73)) - Successfully un-registered JMX Bean with object name Ratis:service=RaftServer,group=group-D764FF994818,id=01124cd4-4ace-459c-9f52-5cd7a41fca7c
2021-03-15 13:22:20,311 [Listener at 127.0.0.1/41395] INFO  impl.RoleInfo (RoleInfo.java:shutdownFollowerState(108)) - 01124cd4-4ace-459c-9f52-5cd7a41fca7c: shutdown 01124cd4-4ace-459c-9f52-5cd7a41fca7c@group-D764FF994818-FollowerState
2021-03-15 13:22:20,310 [ForkJoinPool.commonPool-worker-1] INFO  impl.StateMachineUpdater (StateMachineUpdater.java:stopAndJoin(148)) - 2bcf9514-6eaf-4328-a021-870a209d39c4@group-388B48EC2E2F-StateMachineUpdater: set stopIndex = 3
2021-03-15 13:22:20,310 [Thread-699] INFO  impl.FollowerState (FollowerState.java:run(142)) - 2bcf9514-6eaf-4328-a021-870a209d39c4@group-388B48EC2E2F-FollowerState was interrupted: {}
java.lang.InterruptedException: sleep interrupted
	at java.lang.Thread.sleep(Native Method)
	at java.lang.Thread.sleep(Thread.java:340)
	at java.util.concurrent.TimeUnit.sleep(TimeUnit.java:386)
	at org.apache.ratis.util.TimeDuration.sleep(TimeDuration.java:324)
	at org.apache.ratis.util.TimeDuration.sleep(TimeDuration.java:309)
	at org.apache.ratis.server.impl.FollowerState.run(FollowerState.java:117)
2021-03-15 13:22:20,311 [2bcf9514-6eaf-4328-a021-870a209d39c4@group-388B48EC2E2F-StateMachineUpdater] INFO  ratis.ContainerStateMachine (ContainerStateMachine.java:takeSnapshot(302)) - group-388B48EC2E2F: Finished taking a snapshot at:(t:10, i:3) file:/github/workspace/mnt/ozone/hadoop-ozone/integration-test/target/test-dir/MiniOzoneClusterImpl-10170ce6-1bcb-4b6c-85b7-fb1f14fc7e79/datanode-2/data/ratis/71864db7-4d39-4cb4-b48c-388b48ec2e2f/sm/snapshot.10_3 took: 2 ms
2021-03-15 13:22:20,312 [2bcf9514-6eaf-4328-a021-870a209d39c4@group-388B48EC2E2F-StateMachineUpdater] INFO  impl.StateMachineUpdater (StateMachineUpdater.java:takeSnapshot(279)) - 2bcf9514-6eaf-4328-a021-870a209d39c4@group-388B48EC2E2F-StateMachineUpdater: Took a snapshot at index 3
2021-03-15 13:22:20,312 [2bcf9514-6eaf-4328-a021-870a209d39c4@group-388B48EC2E2F-StateMachineUpdater] INFO  impl.StateMachineUpdater (StateMachineUpdater.java:lambda$new$0(88)) - 2bcf9514-6eaf-4328-a021-870a209d39c4@group-388B48EC2E2F-StateMachineUpdater: snapshotIndex: updateIncreasingly -1 -> 3
2021-03-15 13:22:20,312 [2bcf9514-6eaf-4328-a021-870a209d39c4@group-388B48EC2E2F-StateMachineUpdater] INFO  metrics.RatisMetrics (RatisMetrics.java:unregister(43)) - Unregistering Metrics Registry : ratis.state_machine.2bcf9514-6eaf-4328-a021-870a209d39c4@group-388B48EC2E2F
2021-03-15 13:22:20,311 [01124cd4-4ace-459c-9f52-5cd7a41fca7c@group-D764FF994818-StateMachineUpdater] INFO  ratis.ContainerStateMachine (ContainerStateMachine.java:takeSnapshot(291)) - group-D764FF994818: Taking a snapshot at:(t:8, i:0) file /github/workspace/mnt/ozone/hadoop-ozone/integration-test/target/test-dir/MiniOzoneClusterImpl-10170ce6-1bcb-4b6c-85b7-fb1f14fc7e79/datanode-3/data/ratis/a8a0e27c-b300-4a92-8e30-d764ff994818/sm/snapshot.8_0
2021-03-15 13:22:20,311 [Thread-720] INFO  impl.FollowerState (FollowerState.java:run(142)) - 01124cd4-4ace-459c-9f52-5cd7a41fca7c@group-D764FF994818-FollowerState was interrupted: {}
java.lang.InterruptedException: sleep interrupted
	at java.lang.Thread.sleep(Native Method)
	at java.lang.Thread.sleep(Thread.java:340)
	at java.util.concurrent.TimeUnit.sleep(TimeUnit.java:386)
	at org.apache.ratis.util.TimeDuration.sleep(TimeDuration.java:324)
	at org.apache.ratis.util.TimeDuration.sleep(TimeDuration.java:309)
	at org.apache.ratis.server.impl.FollowerState.run(FollowerState.java:117)
2021-03-15 13:22:20,312 [ForkJoinPool.commonPool-worker-1] INFO  server.RaftServer$Division (ServerState.java:close(405)) - 2bcf9514-6eaf-4328-a021-870a209d39c4@group-388B48EC2E2F: closes. applyIndex: 3
2021-03-15 13:22:20,312 [Listener at 127.0.0.1/41395] INFO  impl.StateMachineUpdater (StateMachineUpdater.java:stopAndJoin(148)) - 01124cd4-4ace-459c-9f52-5cd7a41fca7c@group-D764FF994818-StateMachineUpdater: set stopIndex = 0
2021-03-15 13:22:20,313 [01124cd4-4ace-459c-9f52-5cd7a41fca7c@group-D764FF994818-StateMachineUpdater] INFO  ratis.ContainerStateMachine (ContainerStateMachine.java:takeSnapshot(302)) - group-D764FF994818: Finished taking a snapshot at:(t:8, i:0) file:/github/workspace/mnt/ozone/hadoop-ozone/integration-test/target/test-dir/MiniOzoneClusterImpl-10170ce6-1bcb-4b6c-85b7-fb1f14fc7e79/datanode-3/data/ratis/a8a0e27c-b300-4a92-8e30-d764ff994818/sm/snapshot.8_0 took: 1 ms
2021-03-15 13:22:20,312 [2bcf9514-6eaf-4328-a021-870a209d39c4@group-388B48EC2E2F-SegmentedRaftLogWorker] INFO  segmented.SegmentedRaftLogWorker (SegmentedRaftLogWorker.java:run(326)) - 2bcf9514-6eaf-4328-a021-870a209d39c4@group-388B48EC2E2F-SegmentedRaftLogWorker was interrupted, exiting. There are 0 tasks remaining in the queue.
2021-03-15 13:22:20,313 [01124cd4-4ace-459c-9f52-5cd7a41fca7c@group-D764FF994818-StateMachineUpdater] INFO  impl.StateMachineUpdater (StateMachineUpdater.java:takeSnapshot(279)) - 01124cd4-4ace-459c-9f52-5cd7a41fca7c@group-D764FF994818-StateMachineUpdater: Took a snapshot at index 0
2021-03-15 13:22:20,313 [01124cd4-4ace-459c-9f52-5cd7a41fca7c@group-D764FF994818-StateMachineUpdater] INFO  impl.StateMachineUpdater (StateMachineUpdater.java:lambda$new$0(88)) - 01124cd4-4ace-459c-9f52-5cd7a41fca7c@group-D764FF994818-StateMachineUpdater: snapshotIndex: updateIncreasingly -1 -> 0
2021-03-15 13:22:20,313 [01124cd4-4ace-459c-9f52-5cd7a41fca7c@group-D764FF994818-StateMachineUpdater] INFO  metrics.RatisMetrics (RatisMetrics.java:unregister(43)) - Unregistering Metrics Registry : ratis.state_machine.01124cd4-4ace-459c-9f52-5cd7a41fca7c@group-D764FF994818
2021-03-15 13:22:20,313 [ForkJoinPool.commonPool-worker-1] INFO  segmented.SegmentedRaftLogWorker (SegmentedRaftLogWorker.java:close(236)) - 2bcf9514-6eaf-4328-a021-870a209d39c4@group-388B48EC2E2F-SegmentedRaftLogWorker close()
2021-03-15 13:22:20,315 [Listener at 127.0.0.1/41395] INFO  server.RaftServer$Division (ServerState.java:close(405)) - 01124cd4-4ace-459c-9f52-5cd7a41fca7c@group-D764FF994818: closes. applyIndex: 0
2021-03-15 13:22:20,315 [ForkJoinPool.commonPool-worker-1] INFO  metrics.RatisMetrics (RatisMetrics.java:unregister(43)) - Unregistering Metrics Registry : ratis.log_worker.2bcf9514-6eaf-4328-a021-870a209d39c4@group-388B48EC2E2F
2021-03-15 13:22:20,315 [01124cd4-4ace-459c-9f52-5cd7a41fca7c@group-D764FF994818-SegmentedRaftLogWorker] INFO  segmented.SegmentedRaftLogWorker (SegmentedRaftLogWorker.java:run(326)) - 01124cd4-4ace-459c-9f52-5cd7a41fca7c@group-D764FF994818-SegmentedRaftLogWorker was interrupted, exiting. There are 0 tasks remaining in the queue.
2021-03-15 13:22:20,316 [Listener at 127.0.0.1/41395] INFO  segmented.SegmentedRaftLogWorker (SegmentedRaftLogWorker.java:close(236)) - 01124cd4-4ace-459c-9f52-5cd7a41fca7c@group-D764FF994818-SegmentedRaftLogWorker close()
2021-03-15 13:22:20,316 [ForkJoinPool.commonPool-worker-1] INFO  metrics.RatisMetrics (RatisMetrics.java:unregister(43)) - Unregistering Metrics Registry : ratis.leader_election.2bcf9514-6eaf-4328-a021-870a209d39c4@group-388B48EC2E2F
2021-03-15 13:22:20,316 [ForkJoinPool.commonPool-worker-1] INFO  metrics.RatisMetrics (RatisMetrics.java:unregister(43)) - Unregistering Metrics Registry : ratis.server.2bcf9514-6eaf-4328-a021-870a209d39c4@group-388B48EC2E2F
2021-03-15 13:22:20,317 [ForkJoinPool.commonPool-worker-1] INFO  server.GrpcService (GrpcService.java:closeImpl(262)) - 2bcf9514-6eaf-4328-a021-870a209d39c4: shutdown server with port 43919 now
2021-03-15 13:22:20,316 [Listener at 127.0.0.1/41395] INFO  metrics.RatisMetrics (RatisMetrics.java:unregister(43)) - Unregistering Metrics Registry : ratis.log_worker.01124cd4-4ace-459c-9f52-5cd7a41fca7c@group-D764FF994818
2021-03-15 13:22:20,322 [Listener at 127.0.0.1/41395] INFO  metrics.RatisMetrics (RatisMetrics.java:unregister(43)) - Unregistering Metrics Registry : ratis.leader_election.01124cd4-4ace-459c-9f52-5cd7a41fca7c@group-D764FF994818
2021-03-15 13:22:20,322 [Listener at 127.0.0.1/41395] INFO  metrics.RatisMetrics (RatisMetrics.java:unregister(43)) - Unregistering Metrics Registry : ratis.server.01124cd4-4ace-459c-9f52-5cd7a41fca7c@group-D764FF994818
2021-03-15 13:22:20,323 [Listener at 127.0.0.1/41395] INFO  server.RaftServer$Division (RaftServerImpl.java:lambda$close$4(406)) - 01124cd4-4ace-459c-9f52-5cd7a41fca7c@group-E860D21F6A2B: shutdown
2021-03-15 13:22:20,323 [Listener at 127.0.0.1/41395] INFO  util.JmxRegister (JmxRegister.java:unregister(73)) - Successfully un-registered JMX Bean with object name Ratis:service=RaftServer,group=group-E860D21F6A2B,id=01124cd4-4ace-459c-9f52-5cd7a41fca7c
2021-03-15 13:22:20,323 [Listener at 127.0.0.1/41395] INFO  impl.RoleInfo (RoleInfo.java:shutdownFollowerState(108)) - 01124cd4-4ace-459c-9f52-5cd7a41fca7c: shutdown 01124cd4-4ace-459c-9f52-5cd7a41fca7c@group-E860D21F6A2B-FollowerState
2021-03-15 13:22:20,323 [Thread-548] INFO  impl.FollowerState (FollowerState.java:run(142)) - 01124cd4-4ace-459c-9f52-5cd7a41fca7c@group-E860D21F6A2B-FollowerState was interrupted: {}
java.lang.InterruptedException: sleep interrupted
	at java.lang.Thread.sleep(Native Method)
	at java.lang.Thread.sleep(Thread.java:340)
	at java.util.concurrent.TimeUnit.sleep(TimeUnit.java:386)
	at org.apache.ratis.util.TimeDuration.sleep(TimeDuration.java:324)
	at org.apache.ratis.util.TimeDuration.sleep(TimeDuration.java:309)
	at org.apache.ratis.server.impl.FollowerState.run(FollowerState.java:117)
2021-03-15 13:22:20,324 [01124cd4-4ace-459c-9f52-5cd7a41fca7c@group-E860D21F6A2B-StateMachineUpdater] INFO  ratis.ContainerStateMachine (ContainerStateMachine.java:takeSnapshot(291)) - group-E860D21F6A2B: Taking a snapshot at:(t:6, i:2) file /github/workspace/mnt/ozone/hadoop-ozone/integration-test/target/test-dir/MiniOzoneClusterImpl-10170ce6-1bcb-4b6c-85b7-fb1f14fc7e79/datanode-3/data/ratis/1efb9cfa-6e5b-42ab-9bfb-e860d21f6a2b/sm/snapshot.6_2
2021-03-15 13:22:20,324 [Listener at 127.0.0.1/41395] INFO  impl.StateMachineUpdater (StateMachineUpdater.java:stopAndJoin(148)) - 01124cd4-4ace-459c-9f52-5cd7a41fca7c@group-E860D21F6A2B-StateMachineUpdater: set stopIndex = 2
2021-03-15 13:22:20,324 [01124cd4-4ace-459c-9f52-5cd7a41fca7c@group-E860D21F6A2B-StateMachineUpdater] INFO  ratis.ContainerStateMachine (ContainerStateMachine.java:takeSnapshot(302)) - group-E860D21F6A2B: Finished taking a snapshot at:(t:6, i:2) file:/github/workspace/mnt/ozone/hadoop-ozone/integration-test/target/test-dir/MiniOzoneClusterImpl-10170ce6-1bcb-4b6c-85b7-fb1f14fc7e79/datanode-3/data/ratis/1efb9cfa-6e5b-42ab-9bfb-e860d21f6a2b/sm/snapshot.6_2 took: 1 ms
2021-03-15 13:22:20,330 [01124cd4-4ace-459c-9f52-5cd7a41fca7c@group-E860D21F6A2B-StateMachineUpdater] INFO  impl.StateMachineUpdater (StateMachineUpdater.java:takeSnapshot(279)) - 01124cd4-4ace-459c-9f52-5cd7a41fca7c@group-E860D21F6A2B-StateMachineUpdater: Took a snapshot at index 2
2021-03-15 13:22:20,330 [01124cd4-4ace-459c-9f52-5cd7a41fca7c@group-E860D21F6A2B-StateMachineUpdater] INFO  impl.StateMachineUpdater (StateMachineUpdater.java:lambda$new$0(88)) - 01124cd4-4ace-459c-9f52-5cd7a41fca7c@group-E860D21F6A2B-StateMachineUpdater: snapshotIndex: updateIncreasingly -1 -> 2
2021-03-15 13:22:20,330 [01124cd4-4ace-459c-9f52-5cd7a41fca7c@group-E860D21F6A2B-StateMachineUpdater] INFO  metrics.RatisMetrics (RatisMetrics.java:unregister(43)) - Unregistering Metrics Registry : ratis.state_machine.01124cd4-4ace-459c-9f52-5cd7a41fca7c@group-E860D21F6A2B
2021-03-15 13:22:20,330 [Listener at 127.0.0.1/41395] INFO  server.RaftServer$Division (ServerState.java:close(405)) - 01124cd4-4ace-459c-9f52-5cd7a41fca7c@group-E860D21F6A2B: closes. applyIndex: 2
2021-03-15 13:22:20,330 [01124cd4-4ace-459c-9f52-5cd7a41fca7c@group-E860D21F6A2B-SegmentedRaftLogWorker] INFO  segmented.SegmentedRaftLogWorker (SegmentedRaftLogWorker.java:run(326)) - 01124cd4-4ace-459c-9f52-5cd7a41fca7c@group-E860D21F6A2B-SegmentedRaftLogWorker was interrupted, exiting. There are 0 tasks remaining in the queue.
2021-03-15 13:22:20,331 [Listener at 127.0.0.1/41395] INFO  segmented.SegmentedRaftLogWorker (SegmentedRaftLogWorker.java:close(236)) - 01124cd4-4ace-459c-9f52-5cd7a41fca7c@group-E860D21F6A2B-SegmentedRaftLogWorker close()
2021-03-15 13:22:20,337 [Listener at 127.0.0.1/41395] INFO  metrics.RatisMetrics (RatisMetrics.java:unregister(43)) - Unregistering Metrics Registry : ratis.log_worker.01124cd4-4ace-459c-9f52-5cd7a41fca7c@group-E860D21F6A2B
2021-03-15 13:22:20,337 [Listener at 127.0.0.1/41395] INFO  metrics.RatisMetrics (RatisMetrics.java:unregister(43)) - Unregistering Metrics Registry : ratis.leader_election.01124cd4-4ace-459c-9f52-5cd7a41fca7c@group-E860D21F6A2B
2021-03-15 13:22:20,337 [Listener at 127.0.0.1/41395] INFO  metrics.RatisMetrics (RatisMetrics.java:unregister(43)) - Unregistering Metrics Registry : ratis.server.01124cd4-4ace-459c-9f52-5cd7a41fca7c@group-E860D21F6A2B
2021-03-15 13:22:20,337 [Listener at 127.0.0.1/41395] INFO  server.GrpcService (GrpcService.java:closeImpl(262)) - 01124cd4-4ace-459c-9f52-5cd7a41fca7c: shutdown server with port 40903 now
2021-03-15 13:22:20,340 [grpc-default-executor-3] WARN  server.GrpcServerProtocolService (LogUtils.java:warn(122)) - 01124cd4-4ace-459c-9f52-5cd7a41fca7c: installSnapshot onError, lastRequest: 490c2edb-ef6d-43f1-a3fc-38f1bdb7d380->01124cd4-4ace-459c-9f52-5cd7a41fca7c#7-t6,previous=(t:6, i:1),leaderCommit=1,initializing? true,entries: size=1, first=(t:6, i:2), METADATAENTRY(c:1): org.apache.ratis.thirdparty.io.grpc.StatusRuntimeException: CANCELLED: client cancelled
2021-03-15 13:22:20,341 [Listener at 127.0.0.1/41395] INFO  server.GrpcService (GrpcService.java:closeImpl(271)) - 01124cd4-4ace-459c-9f52-5cd7a41fca7c: shutdown server with port 40903 successfully
2021-03-15 13:22:20,341 [org.apache.ratis.util.JvmPauseMonitor$$Lambda$504/75164635@5be76621] INFO  util.JvmPauseMonitor (JvmPauseMonitor.java:run(109)) - JvmPauseMonitor-01124cd4-4ace-459c-9f52-5cd7a41fca7c: Stopped
2021-03-15 13:22:20,344 [grpc-default-executor-1] WARN  server.GrpcServerProtocolService (LogUtils.java:warn(122)) - 2bcf9514-6eaf-4328-a021-870a209d39c4: installSnapshot onError, lastRequest: c8823aab-1c49-422a-a51c-c7b83b859fa6->2bcf9514-6eaf-4328-a021-870a209d39c4#15-t10,previous=(t:10, i:2),leaderCommit=2,initializing? true,entries: size=1, first=(t:10, i:3), METADATAENTRY(c:2): org.apache.ratis.thirdparty.io.grpc.StatusRuntimeException: CANCELLED: client cancelled
2021-03-15 13:22:20,345 [grpc-default-executor-0] WARN  server.GrpcLogAppender (LogUtils.java:warn(122)) - c8823aab-1c49-422a-a51c-c7b83b859fa6@group-388B48EC2E2F->2bcf9514-6eaf-4328-a021-870a209d39c4-AppendLogResponseHandler: Failed appendEntries: org.apache.ratis.thirdparty.io.grpc.StatusRuntimeException: CANCELLED: HTTP/2 error code: CANCEL
Received Rst Stream
2021-03-15 13:22:20,345 [grpc-default-executor-4] WARN  server.GrpcLogAppender (LogUtils.java:warn(122)) - 490c2edb-ef6d-43f1-a3fc-38f1bdb7d380@group-E860D21F6A2B->01124cd4-4ace-459c-9f52-5cd7a41fca7c-AppendLogResponseHandler: Failed appendEntries: org.apache.ratis.thirdparty.io.grpc.StatusRuntimeException: CANCELLED: HTTP/2 error code: CANCEL
Received Rst Stream
2021-03-15 13:22:20,345 [grpc-default-executor-0] INFO  leader.FollowerInfo (FollowerInfoImpl.java:lambda$new$0(46)) - c8823aab-1c49-422a-a51c-c7b83b859fa6@group-388B48EC2E2F->2bcf9514-6eaf-4328-a021-870a209d39c4: nextIndex: updateUnconditionally 4 -> 3
2021-03-15 13:22:20,345 [grpc-default-executor-4] INFO  leader.FollowerInfo (FollowerInfoImpl.java:lambda$new$0(46)) - 490c2edb-ef6d-43f1-a3fc-38f1bdb7d380@group-E860D21F6A2B->01124cd4-4ace-459c-9f52-5cd7a41fca7c: nextIndex: updateUnconditionally 3 -> 2
2021-03-15 13:22:20,353 [Listener at 127.0.0.1/41395] INFO  utils.BackgroundService (BackgroundService.java:shutdown(132)) - Shutting down service BlockDeletingService
2021-03-15 13:22:20,354 [ForkJoinPool.commonPool-worker-1] INFO  server.GrpcService (GrpcService.java:closeImpl(271)) - 2bcf9514-6eaf-4328-a021-870a209d39c4: shutdown server with port 43919 successfully
2021-03-15 13:22:20,354 [org.apache.ratis.util.JvmPauseMonitor$$Lambda$504/75164635@74d28fa9] INFO  util.JvmPauseMonitor (JvmPauseMonitor.java:run(109)) - JvmPauseMonitor-2bcf9514-6eaf-4328-a021-870a209d39c4: Stopped
2021-03-15 13:22:20,357 [grpc-default-executor-0] WARN  server.GrpcLogAppender (LogUtils.java:warn(122)) - c8823aab-1c49-422a-a51c-c7b83b859fa6@group-388B48EC2E2F->2bcf9514-6eaf-4328-a021-870a209d39c4-AppendLogResponseHandler: Failed appendEntries: org.apache.ratis.thirdparty.io.grpc.StatusRuntimeException: UNAVAILABLE: io exception
2021-03-15 13:22:20,357 [grpc-default-executor-0] INFO  leader.FollowerInfo (FollowerInfoImpl.java:lambda$new$0(46)) - c8823aab-1c49-422a-a51c-c7b83b859fa6@group-388B48EC2E2F->2bcf9514-6eaf-4328-a021-870a209d39c4: nextIndex: updateUnconditionally 4 -> 3
2021-03-15 13:22:20,357 [grpc-default-executor-3] WARN  server.GrpcLogAppender (LogUtils.java:warn(122)) - 490c2edb-ef6d-43f1-a3fc-38f1bdb7d380@group-E860D21F6A2B->01124cd4-4ace-459c-9f52-5cd7a41fca7c-AppendLogResponseHandler: Failed appendEntries: org.apache.ratis.thirdparty.io.grpc.StatusRuntimeException: UNAVAILABLE: io exception
2021-03-15 13:22:20,358 [grpc-default-executor-3] INFO  leader.FollowerInfo (FollowerInfoImpl.java:lambda$new$0(46)) - 490c2edb-ef6d-43f1-a3fc-38f1bdb7d380@group-E860D21F6A2B->01124cd4-4ace-459c-9f52-5cd7a41fca7c: nextIndex: updateUnconditionally 3 -> 2
2021-03-15 13:22:20,362 [ForkJoinPool.commonPool-worker-1] INFO  utils.BackgroundService (BackgroundService.java:shutdown(132)) - Shutting down service BlockDeletingService
2021-03-15 13:22:20,364 [ForkJoinPool.commonPool-worker-1] INFO  statemachine.DatanodeStateMachine (DatanodeStateMachine.java:stopDaemon(469)) - Ozone container server stopped.
2021-03-15 13:22:20,364 [Listener at 127.0.0.1/41395] INFO  statemachine.DatanodeStateMachine (DatanodeStateMachine.java:stopDaemon(469)) - Ozone container server stopped.
2021-03-15 13:22:20,384 [Listener at 127.0.0.1/41395] INFO  handler.ContextHandler (ContextHandler.java:doStop(1154)) - Stopped o.e.j.w.WebAppContext@26a3714a{hddsDatanode,/,null,STOPPED}{jar:file:/home/user/.m2/repository/org/apache/hadoop/hadoop-hdds-container-service/1.1.0-SNAPSHOT/hadoop-hdds-container-service-1.1.0-SNAPSHOT.jar!/webapps/hddsDatanode}
2021-03-15 13:22:20,385 [ForkJoinPool.commonPool-worker-1] INFO  handler.ContextHandler (ContextHandler.java:doStop(1154)) - Stopped o.e.j.w.WebAppContext@10fd864a{hddsDatanode,/,null,STOPPED}{jar:file:/home/user/.m2/repository/org/apache/hadoop/hadoop-hdds-container-service/1.1.0-SNAPSHOT/hadoop-hdds-container-service-1.1.0-SNAPSHOT.jar!/webapps/hddsDatanode}
2021-03-15 13:22:20,385 [ForkJoinPool.commonPool-worker-1] INFO  server.AbstractConnector (AbstractConnector.java:doStop(381)) - Stopped ServerConnector@114c0c27{HTTP/1.1, (http/1.1)}{0.0.0.0:0}
2021-03-15 13:22:20,386 [Listener at 127.0.0.1/41395] INFO  server.AbstractConnector (AbstractConnector.java:doStop(381)) - Stopped ServerConnector@2903267b{HTTP/1.1, (http/1.1)}{0.0.0.0:0}
2021-03-15 13:22:20,386 [Listener at 127.0.0.1/41395] INFO  server.session (HouseKeeper.java:stopScavenging(149)) - node0 Stopped scavenging
2021-03-15 13:22:20,386 [ForkJoinPool.commonPool-worker-1] INFO  server.session (HouseKeeper.java:stopScavenging(149)) - node0 Stopped scavenging
2021-03-15 13:22:20,387 [ForkJoinPool.commonPool-worker-1] INFO  handler.ContextHandler (ContextHandler.java:doStop(1154)) - Stopped o.e.j.s.ServletContextHandler@42db2989{static,/static,jar:file:/home/user/.m2/repository/org/apache/hadoop/hadoop-hdds-container-service/1.1.0-SNAPSHOT/hadoop-hdds-container-service-1.1.0-SNAPSHOT.jar!/webapps/static,STOPPED}
2021-03-15 13:22:20,387 [Listener at 127.0.0.1/41395] INFO  handler.ContextHandler (ContextHandler.java:doStop(1154)) - Stopped o.e.j.s.ServletContextHandler@e08a2a0{static,/static,jar:file:/home/user/.m2/repository/org/apache/hadoop/hadoop-hdds-container-service/1.1.0-SNAPSHOT/hadoop-hdds-container-service-1.1.0-SNAPSHOT.jar!/webapps/static,STOPPED}
2021-03-15 13:22:20,388 [ForkJoinPool.commonPool-worker-1] INFO  handler.ContextHandler (ContextHandler.java:doStop(1154)) - Stopped o.e.j.s.ServletContextHandler@2d00a799{logs,/logs,file:///github/workspace/mnt/ozone/hadoop-ozone/integration-test/target/log,STOPPED}
2021-03-15 13:22:20,388 [Listener at 127.0.0.1/41395] INFO  handler.ContextHandler (ContextHandler.java:doStop(1154)) - Stopped o.e.j.s.ServletContextHandler@44f4c296{logs,/logs,file:///github/workspace/mnt/ozone/hadoop-ozone/integration-test/target/log,STOPPED}
2021-03-15 13:22:20,444 [Datanode State Machine Thread - 0] INFO  statemachine.DatanodeStateMachine (DatanodeStateMachine.java:lambda$startDaemon$0(411)) - Ozone container server started.
2021-03-15 13:22:21,012 [grpc-default-executor-3] WARN  server.GrpcLogAppender (LogUtils.java:warn(122)) - c8823aab-1c49-422a-a51c-c7b83b859fa6@group-388B48EC2E2F->29adc670-2c1e-4c6c-9558-1601f864128b-AppendLogResponseHandler: Failed appendEntries: org.apache.ratis.thirdparty.io.grpc.StatusRuntimeException: UNAVAILABLE: io exception
2021-03-15 13:22:21,013 [grpc-default-executor-3] INFO  leader.FollowerInfo (FollowerInfoImpl.java:lambda$new$0(46)) - c8823aab-1c49-422a-a51c-c7b83b859fa6@group-388B48EC2E2F->29adc670-2c1e-4c6c-9558-1601f864128b: nextIndex: updateUnconditionally 4 -> 3
2021-03-15 13:22:21,317 [Datanode State Machine Thread - 0] INFO  statemachine.DatanodeStateMachine (DatanodeStateMachine.java:lambda$startDaemon$0(411)) - Ozone container server started.
2021-03-15 13:22:22,549 [Thread-500] INFO  impl.FollowerState (FollowerState.java:run(133)) - c8823aab-1c49-422a-a51c-c7b83b859fa6@group-7426FA8FAC29-FollowerState: change to CANDIDATE, lastRpcElapsedTime:8167447682ns, electionTimeout:5161ms
2021-03-15 13:22:22,549 [Thread-500] INFO  impl.RoleInfo (RoleInfo.java:shutdownFollowerState(108)) - c8823aab-1c49-422a-a51c-c7b83b859fa6: shutdown c8823aab-1c49-422a-a51c-c7b83b859fa6@group-7426FA8FAC29-FollowerState
2021-03-15 13:22:22,549 [Thread-500] INFO  server.RaftServer$Division (RaftServerImpl.java:setRole(284)) - c8823aab-1c49-422a-a51c-c7b83b859fa6@group-7426FA8FAC29: changes role from  FOLLOWER to CANDIDATE at term 4 for changeToCandidate
2021-03-15 13:22:22,549 [Thread-500] INFO  server.RaftServerConfigKeys (ConfUtils.java:logGet(44)) - raft.server.leaderelection.pre-vote = false (custom)
2021-03-15 13:22:22,550 [Thread-500] INFO  impl.RoleInfo (RoleInfo.java:updateAndGet(130)) - c8823aab-1c49-422a-a51c-c7b83b859fa6: start c8823aab-1c49-422a-a51c-c7b83b859fa6@group-7426FA8FAC29-LeaderElection45
2021-03-15 13:22:22,550 [c8823aab-1c49-422a-a51c-c7b83b859fa6@group-7426FA8FAC29-LeaderElection45] INFO  server.RaftServer$Division (ServerState.java:setLeader(271)) - c8823aab-1c49-422a-a51c-c7b83b859fa6@group-7426FA8FAC29: change Leader from 29adc670-2c1e-4c6c-9558-1601f864128b to null at term 4 for ELECTION
2021-03-15 13:22:22,551 [c8823aab-1c49-422a-a51c-c7b83b859fa6@group-7426FA8FAC29-LeaderElection45] INFO  impl.LeaderElection (LeaderElection.java:askForVotes(307)) - c8823aab-1c49-422a-a51c-c7b83b859fa6@group-7426FA8FAC29-LeaderElection45 ELECTION round 0: submit vote requests at term 5 for 0: [29adc670-2c1e-4c6c-9558-1601f864128b|rpc:172.17.0.2:37315|dataStream:|priority:1, 2bcf9514-6eaf-4328-a021-870a209d39c4|rpc:172.17.0.2:43919|dataStream:|priority:0, c8823aab-1c49-422a-a51c-c7b83b859fa6|rpc:172.17.0.2:38877|dataStream:|priority:0], old=null
2021-03-15 13:22:22,553 [c8823aab-1c49-422a-a51c-c7b83b859fa6@group-7426FA8FAC29-LeaderElection45] INFO  impl.LeaderElection (LogUtils.java:infoOrTrace(137)) - c8823aab-1c49-422a-a51c-c7b83b859fa6@group-7426FA8FAC29-LeaderElection45 got exception when requesting votes: java.util.concurrent.ExecutionException: org.apache.ratis.thirdparty.io.grpc.StatusRuntimeException: UNAVAILABLE: io exception
2021-03-15 13:22:22,553 [c8823aab-1c49-422a-a51c-c7b83b859fa6@group-7426FA8FAC29-LeaderElection45] INFO  impl.LeaderElection (LogUtils.java:infoOrTrace(137)) - c8823aab-1c49-422a-a51c-c7b83b859fa6@group-7426FA8FAC29-LeaderElection45 got exception when requesting votes: java.util.concurrent.ExecutionException: org.apache.ratis.thirdparty.io.grpc.StatusRuntimeException: UNAVAILABLE: io exception
2021-03-15 13:22:22,553 [c8823aab-1c49-422a-a51c-c7b83b859fa6@group-7426FA8FAC29-LeaderElection45] INFO  impl.LeaderElection (LeaderElection.java:logAndReturn(89)) - c8823aab-1c49-422a-a51c-c7b83b859fa6@group-7426FA8FAC29-LeaderElection45: ELECTION REJECTED received 0 response(s) and 2 exception(s):
2021-03-15 13:22:22,553 [c8823aab-1c49-422a-a51c-c7b83b859fa6@group-7426FA8FAC29-LeaderElection45] INFO  impl.LeaderElection (LogUtils.java:infoOrTrace(137)) -   Exception 0: java.util.concurrent.ExecutionException: org.apache.ratis.thirdparty.io.grpc.StatusRuntimeException: UNAVAILABLE: io exception
2021-03-15 13:22:22,553 [c8823aab-1c49-422a-a51c-c7b83b859fa6@group-7426FA8FAC29-LeaderElection45] INFO  impl.LeaderElection (LogUtils.java:infoOrTrace(137)) -   Exception 1: java.util.concurrent.ExecutionException: org.apache.ratis.thirdparty.io.grpc.StatusRuntimeException: UNAVAILABLE: io exception
2021-03-15 13:22:22,553 [c8823aab-1c49-422a-a51c-c7b83b859fa6@group-7426FA8FAC29-LeaderElection45] INFO  impl.LeaderElection (LeaderElection.java:askForVotes(309)) - c8823aab-1c49-422a-a51c-c7b83b859fa6@group-7426FA8FAC29-LeaderElection45 ELECTION round 0: result REJECTED
2021-03-15 13:22:22,554 [c8823aab-1c49-422a-a51c-c7b83b859fa6@group-7426FA8FAC29-LeaderElection45] INFO  server.RaftServer$Division (RaftServerImpl.java:setRole(284)) - c8823aab-1c49-422a-a51c-c7b83b859fa6@group-7426FA8FAC29: changes role from CANDIDATE to FOLLOWER at term 5 for REJECTED
2021-03-15 13:22:22,554 [c8823aab-1c49-422a-a51c-c7b83b859fa6@group-7426FA8FAC29-LeaderElection45] INFO  impl.RoleInfo (RoleInfo.java:shutdownLeaderElection(121)) - c8823aab-1c49-422a-a51c-c7b83b859fa6: shutdown c8823aab-1c49-422a-a51c-c7b83b859fa6@group-7426FA8FAC29-LeaderElection45
2021-03-15 13:22:22,554 [c8823aab-1c49-422a-a51c-c7b83b859fa6@group-7426FA8FAC29-LeaderElection45] INFO  impl.RoleInfo (RoleInfo.java:updateAndGet(130)) - c8823aab-1c49-422a-a51c-c7b83b859fa6: start c8823aab-1c49-422a-a51c-c7b83b859fa6@group-7426FA8FAC29-FollowerState
2021-03-15 13:22:22,712 [grpc-default-executor-3] WARN  server.GrpcLogAppender (LogUtils.java:warn(122)) - 490c2edb-ef6d-43f1-a3fc-38f1bdb7d380@group-E860D21F6A2B->8f544fba-ae2a-4c10-8316-b74b14cffb80-AppendLogResponseHandler: Failed appendEntries: org.apache.ratis.thirdparty.io.grpc.StatusRuntimeException: UNAVAILABLE: io exception
2021-03-15 13:22:22,713 [grpc-default-executor-3] INFO  leader.FollowerInfo (FollowerInfoImpl.java:lambda$new$0(46)) - 490c2edb-ef6d-43f1-a3fc-38f1bdb7d380@group-E860D21F6A2B->8f544fba-ae2a-4c10-8316-b74b14cffb80: nextIndex: updateUnconditionally 3 -> 2
2021-03-15 13:22:22,857 [grpc-default-executor-0] WARN  server.GrpcLogAppender (LogUtils.java:warn(122)) - c8823aab-1c49-422a-a51c-c7b83b859fa6@group-388B48EC2E2F->2bcf9514-6eaf-4328-a021-870a209d39c4-AppendLogResponseHandler: Failed appendEntries: org.apache.ratis.thirdparty.io.grpc.StatusRuntimeException: UNAVAILABLE: io exception
2021-03-15 13:22:22,857 [grpc-default-executor-0] INFO  leader.FollowerInfo (FollowerInfoImpl.java:lambda$new$0(46)) - c8823aab-1c49-422a-a51c-c7b83b859fa6@group-388B48EC2E2F->2bcf9514-6eaf-4328-a021-870a209d39c4: nextIndex: updateUnconditionally 4 -> 3
2021-03-15 13:22:22,857 [grpc-default-executor-3] WARN  server.GrpcLogAppender (LogUtils.java:warn(122)) - 490c2edb-ef6d-43f1-a3fc-38f1bdb7d380@group-E860D21F6A2B->01124cd4-4ace-459c-9f52-5cd7a41fca7c-AppendLogResponseHandler: Failed appendEntries: org.apache.ratis.thirdparty.io.grpc.StatusRuntimeException: UNAVAILABLE: io exception
2021-03-15 13:22:22,858 [grpc-default-executor-3] INFO  leader.FollowerInfo (FollowerInfoImpl.java:lambda$new$0(46)) - 490c2edb-ef6d-43f1-a3fc-38f1bdb7d380@group-E860D21F6A2B->01124cd4-4ace-459c-9f52-5cd7a41fca7c: nextIndex: updateUnconditionally 3 -> 2
2021-03-15 13:22:23,513 [grpc-default-executor-3] WARN  server.GrpcLogAppender (LogUtils.java:warn(122)) - c8823aab-1c49-422a-a51c-c7b83b859fa6@group-388B48EC2E2F->29adc670-2c1e-4c6c-9558-1601f864128b-AppendLogResponseHandler: Failed appendEntries: org.apache.ratis.thirdparty.io.grpc.StatusRuntimeException: UNAVAILABLE: io exception
2021-03-15 13:22:23,514 [grpc-default-executor-3] INFO  leader.FollowerInfo (FollowerInfoImpl.java:lambda$new$0(46)) - c8823aab-1c49-422a-a51c-c7b83b859fa6@group-388B48EC2E2F->29adc670-2c1e-4c6c-9558-1601f864128b: nextIndex: updateUnconditionally 4 -> 3
2021-03-15 13:22:23,895 [Thread-473] INFO  impl.FollowerState (FollowerState.java:run(133)) - 490c2edb-ef6d-43f1-a3fc-38f1bdb7d380@group-9EB71483E61B-FollowerState: change to CANDIDATE, lastRpcElapsedTime:5554357100ns, electionTimeout:5200ms
2021-03-15 13:22:23,895 [Thread-473] INFO  impl.RoleInfo (RoleInfo.java:shutdownFollowerState(108)) - 490c2edb-ef6d-43f1-a3fc-38f1bdb7d380: shutdown 490c2edb-ef6d-43f1-a3fc-38f1bdb7d380@group-9EB71483E61B-FollowerState
2021-03-15 13:22:23,895 [Thread-473] INFO  server.RaftServer$Division (RaftServerImpl.java:setRole(284)) - 490c2edb-ef6d-43f1-a3fc-38f1bdb7d380@group-9EB71483E61B: changes role from  FOLLOWER to CANDIDATE at term 3 for changeToCandidate
2021-03-15 13:22:23,895 [Thread-473] INFO  server.RaftServerConfigKeys (ConfUtils.java:logGet(44)) - raft.server.leaderelection.pre-vote = false (custom)
2021-03-15 13:22:23,895 [Thread-473] INFO  impl.RoleInfo (RoleInfo.java:updateAndGet(130)) - 490c2edb-ef6d-43f1-a3fc-38f1bdb7d380: start 490c2edb-ef6d-43f1-a3fc-38f1bdb7d380@group-9EB71483E61B-LeaderElection46
2021-03-15 13:22:23,896 [490c2edb-ef6d-43f1-a3fc-38f1bdb7d380@group-9EB71483E61B-LeaderElection46] INFO  server.RaftServer$Division (ServerState.java:setLeader(271)) - 490c2edb-ef6d-43f1-a3fc-38f1bdb7d380@group-9EB71483E61B: change Leader from 01124cd4-4ace-459c-9f52-5cd7a41fca7c to null at term 3 for ELECTION
2021-03-15 13:22:23,897 [490c2edb-ef6d-43f1-a3fc-38f1bdb7d380@group-9EB71483E61B-LeaderElection46] INFO  impl.LeaderElection (LeaderElection.java:askForVotes(307)) - 490c2edb-ef6d-43f1-a3fc-38f1bdb7d380@group-9EB71483E61B-LeaderElection46 ELECTION round 0: submit vote requests at term 4 for 0: [01124cd4-4ace-459c-9f52-5cd7a41fca7c|rpc:172.17.0.2:40903|dataStream:|priority:1, 8f544fba-ae2a-4c10-8316-b74b14cffb80|rpc:172.17.0.2:35899|dataStream:|priority:0, 490c2edb-ef6d-43f1-a3fc-38f1bdb7d380|rpc:172.17.0.2:35411|dataStream:|priority:0], old=null
2021-03-15 13:22:23,899 [490c2edb-ef6d-43f1-a3fc-38f1bdb7d380@group-9EB71483E61B-LeaderElection46] INFO  impl.LeaderElection (LogUtils.java:infoOrTrace(137)) - 490c2edb-ef6d-43f1-a3fc-38f1bdb7d380@group-9EB71483E61B-LeaderElection46 got exception when requesting votes: java.util.concurrent.ExecutionException: org.apache.ratis.thirdparty.io.grpc.StatusRuntimeException: UNAVAILABLE: io exception
2021-03-15 13:22:23,899 [490c2edb-ef6d-43f1-a3fc-38f1bdb7d380@group-9EB71483E61B-LeaderElection46] INFO  impl.LeaderElection (LogUtils.java:infoOrTrace(137)) - 490c2edb-ef6d-43f1-a3fc-38f1bdb7d380@group-9EB71483E61B-LeaderElection46 got exception when requesting votes: java.util.concurrent.ExecutionException: org.apache.ratis.thirdparty.io.grpc.StatusRuntimeException: UNAVAILABLE: io exception
2021-03-15 13:22:23,899 [490c2edb-ef6d-43f1-a3fc-38f1bdb7d380@group-9EB71483E61B-LeaderElection46] INFO  impl.LeaderElection (LeaderElection.java:logAndReturn(89)) - 490c2edb-ef6d-43f1-a3fc-38f1bdb7d380@group-9EB71483E61B-LeaderElection46: ELECTION REJECTED received 0 response(s) and 2 exception(s):
2021-03-15 13:22:23,899 [490c2edb-ef6d-43f1-a3fc-38f1bdb7d380@group-9EB71483E61B-LeaderElection46] INFO  impl.LeaderElection (LogUtils.java:infoOrTrace(137)) -   Exception 0: java.util.concurrent.ExecutionException: org.apache.ratis.thirdparty.io.grpc.StatusRuntimeException: UNAVAILABLE: io exception
2021-03-15 13:22:23,899 [490c2edb-ef6d-43f1-a3fc-38f1bdb7d380@group-9EB71483E61B-LeaderElection46] INFO  impl.LeaderElection (LogUtils.java:infoOrTrace(137)) -   Exception 1: java.util.concurrent.ExecutionException: org.apache.ratis.thirdparty.io.grpc.StatusRuntimeException: UNAVAILABLE: io exception
2021-03-15 13:22:23,899 [490c2edb-ef6d-43f1-a3fc-38f1bdb7d380@group-9EB71483E61B-LeaderElection46] INFO  impl.LeaderElection (LeaderElection.java:askForVotes(309)) - 490c2edb-ef6d-43f1-a3fc-38f1bdb7d380@group-9EB71483E61B-LeaderElection46 ELECTION round 0: result REJECTED
2021-03-15 13:22:23,899 [490c2edb-ef6d-43f1-a3fc-38f1bdb7d380@group-9EB71483E61B-LeaderElection46] INFO  server.RaftServer$Division (RaftServerImpl.java:setRole(284)) - 490c2edb-ef6d-43f1-a3fc-38f1bdb7d380@group-9EB71483E61B: changes role from CANDIDATE to FOLLOWER at term 4 for REJECTED
2021-03-15 13:22:23,899 [490c2edb-ef6d-43f1-a3fc-38f1bdb7d380@group-9EB71483E61B-LeaderElection46] INFO  impl.RoleInfo (RoleInfo.java:shutdownLeaderElection(121)) - 490c2edb-ef6d-43f1-a3fc-38f1bdb7d380: shutdown 490c2edb-ef6d-43f1-a3fc-38f1bdb7d380@group-9EB71483E61B-LeaderElection46
2021-03-15 13:22:23,899 [490c2edb-ef6d-43f1-a3fc-38f1bdb7d380@group-9EB71483E61B-LeaderElection46] INFO  impl.RoleInfo (RoleInfo.java:updateAndGet(130)) - 490c2edb-ef6d-43f1-a3fc-38f1bdb7d380: start 490c2edb-ef6d-43f1-a3fc-38f1bdb7d380@group-9EB71483E61B-FollowerState
2021-03-15 13:22:23,908 [Thread-700] WARN  server.RaftServer$Division (LeaderStateImpl.java:checkLeadership(941)) - c8823aab-1c49-422a-a51c-c7b83b859fa6@group-388B48EC2E2F-LeaderStateImpl: Lost leadership on term: 10. Election timeout: 5200ms. In charge for: 10471ms. Conf: 2: [29adc670-2c1e-4c6c-9558-1601f864128b|rpc:172.17.0.2:37315|dataStream:|priority:0, 2bcf9514-6eaf-4328-a021-870a209d39c4|rpc:172.17.0.2:43919|dataStream:|priority:0, c8823aab-1c49-422a-a51c-c7b83b859fa6|rpc:172.17.0.2:38877|dataStream:|priority:1], old=null
2021-03-15 13:22:23,909 [Thread-700] WARN  server.RaftServer$Division (LeaderStateImpl.java:lambda$checkLeadership$15(945)) - Follower c8823aab-1c49-422a-a51c-c7b83b859fa6@group-388B48EC2E2F->29adc670-2c1e-4c6c-9558-1601f864128b(c2,m3,n3, attendVote=true, lastRpcSendTime=395, lastRpcResponseTime=10407)
2021-03-15 13:22:23,909 [Thread-700] WARN  server.RaftServer$Division (LeaderStateImpl.java:lambda$checkLeadership$15(945)) - Follower c8823aab-1c49-422a-a51c-c7b83b859fa6@group-388B48EC2E2F->2bcf9514-6eaf-4328-a021-870a209d39c4(c3,m3,n3, attendVote=true, lastRpcSendTime=1052, lastRpcResponseTime=5393)
2021-03-15 13:22:23,909 [Thread-700] INFO  server.RaftServer$Division (RaftServerImpl.java:setRole(284)) - c8823aab-1c49-422a-a51c-c7b83b859fa6@group-388B48EC2E2F: changes role from    LEADER to FOLLOWER at term 10 for StepDownReason:LOST_MAJORITY_HEARTBEATS
2021-03-15 13:22:23,909 [Thread-700] INFO  impl.RoleInfo (RoleInfo.java:shutdownLeaderState(91)) - c8823aab-1c49-422a-a51c-c7b83b859fa6: shutdown c8823aab-1c49-422a-a51c-c7b83b859fa6@group-388B48EC2E2F-LeaderStateImpl
2021-03-15 13:22:23,909 [Thread-700] INFO  metrics.RatisMetrics (RatisMetrics.java:unregister(43)) - Unregistering Metrics Registry : ratis_grpc.log_appender.c8823aab-1c49-422a-a51c-c7b83b859fa6@group-388B48EC2E2F
2021-03-15 13:22:23,909 [Thread-700] INFO  metrics.RatisMetrics (RatisMetrics.java:unregister(43)) - Unregistering Metrics Registry : ratis_grpc.log_appender.c8823aab-1c49-422a-a51c-c7b83b859fa6@group-388B48EC2E2F
2021-03-15 13:22:23,910 [Thread-700] INFO  impl.PendingRequests (PendingRequests.java:sendNotLeaderResponses(249)) - c8823aab-1c49-422a-a51c-c7b83b859fa6@group-388B48EC2E2F-PendingRequests: sendNotLeaderResponses
2021-03-15 13:22:23,910 [c8823aab-1c49-422a-a51c-c7b83b859fa6@group-388B48EC2E2F->29adc670-2c1e-4c6c-9558-1601f864128b-GrpcLogAppender-LogAppenderDaemon] WARN  server.GrpcLogAppender (GrpcLogAppender.java:mayWait(175)) - c8823aab-1c49-422a-a51c-c7b83b859fa6@group-388B48EC2E2F->29adc670-2c1e-4c6c-9558-1601f864128b-GrpcLogAppender: Wait interrupted by java.lang.InterruptedException
2021-03-15 13:22:23,911 [Thread-700] INFO  metrics.RatisMetrics (RatisMetrics.java:unregister(43)) - Unregistering Metrics Registry : ratis.log_appender.c8823aab-1c49-422a-a51c-c7b83b859fa6@group-388B48EC2E2F
2021-03-15 13:22:23,911 [c8823aab-1c49-422a-a51c-c7b83b859fa6@group-388B48EC2E2F->2bcf9514-6eaf-4328-a021-870a209d39c4-GrpcLogAppender-LogAppenderDaemon] WARN  server.GrpcLogAppender (GrpcLogAppender.java:mayWait(175)) - c8823aab-1c49-422a-a51c-c7b83b859fa6@group-388B48EC2E2F->2bcf9514-6eaf-4328-a021-870a209d39c4-GrpcLogAppender: Wait interrupted by java.lang.InterruptedException
2021-03-15 13:22:23,911 [Thread-700] INFO  metrics.RatisMetrics (RatisMetrics.java:unregister(43)) - Unregistering Metrics Registry : ratis.server.c8823aab-1c49-422a-a51c-c7b83b859fa6@group-388B48EC2E2F
2021-03-15 13:22:23,911 [Thread-700] INFO  impl.RoleInfo (RoleInfo.java:updateAndGet(130)) - c8823aab-1c49-422a-a51c-c7b83b859fa6: start c8823aab-1c49-422a-a51c-c7b83b859fa6@group-388B48EC2E2F-FollowerState
2021-03-15 13:22:23,919 [Thread-550] WARN  server.RaftServer$Division (LeaderStateImpl.java:checkLeadership(941)) - 490c2edb-ef6d-43f1-a3fc-38f1bdb7d380@group-E860D21F6A2B-LeaderStateImpl: Lost leadership on term: 6. Election timeout: 5200ms. In charge for: 26056ms. Conf: 1: [01124cd4-4ace-459c-9f52-5cd7a41fca7c|rpc:172.17.0.2:40903|dataStream:|priority:0, 8f544fba-ae2a-4c10-8316-b74b14cffb80|rpc:172.17.0.2:35899|dataStream:|priority:0, 490c2edb-ef6d-43f1-a3fc-38f1bdb7d380|rpc:172.17.0.2:35411|dataStream:|priority:1], old=null
2021-03-15 13:22:23,919 [Thread-550] WARN  server.RaftServer$Division (LeaderStateImpl.java:lambda$checkLeadership$15(945)) - Follower 490c2edb-ef6d-43f1-a3fc-38f1bdb7d380@group-E860D21F6A2B->01124cd4-4ace-459c-9f52-5cd7a41fca7c(c2,m2,n2, attendVote=true, lastRpcSendTime=1062, lastRpcResponseTime=5972)
2021-03-15 13:22:23,919 [Thread-550] WARN  server.RaftServer$Division (LeaderStateImpl.java:lambda$checkLeadership$15(945)) - Follower 490c2edb-ef6d-43f1-a3fc-38f1bdb7d380@group-E860D21F6A2B->8f544fba-ae2a-4c10-8316-b74b14cffb80(c2,m2,n2, attendVote=true, lastRpcSendTime=1207, lastRpcResponseTime=10982)
2021-03-15 13:22:23,919 [Thread-550] INFO  server.RaftServer$Division (RaftServerImpl.java:setRole(284)) - 490c2edb-ef6d-43f1-a3fc-38f1bdb7d380@group-E860D21F6A2B: changes role from    LEADER to FOLLOWER at term 6 for StepDownReason:LOST_MAJORITY_HEARTBEATS
2021-03-15 13:22:23,919 [Thread-550] INFO  impl.RoleInfo (RoleInfo.java:shutdownLeaderState(91)) - 490c2edb-ef6d-43f1-a3fc-38f1bdb7d380: shutdown 490c2edb-ef6d-43f1-a3fc-38f1bdb7d380@group-E860D21F6A2B-LeaderStateImpl
2021-03-15 13:22:23,920 [Thread-550] INFO  metrics.RatisMetrics (RatisMetrics.java:unregister(43)) - Unregistering Metrics Registry : ratis_grpc.log_appender.490c2edb-ef6d-43f1-a3fc-38f1bdb7d380@group-E860D21F6A2B
2021-03-15 13:22:23,920 [Thread-550] INFO  metrics.RatisMetrics (RatisMetrics.java:unregister(43)) - Unregistering Metrics Registry : ratis_grpc.log_appender.490c2edb-ef6d-43f1-a3fc-38f1bdb7d380@group-E860D21F6A2B
2021-03-15 13:22:23,920 [490c2edb-ef6d-43f1-a3fc-38f1bdb7d380@group-E860D21F6A2B->01124cd4-4ace-459c-9f52-5cd7a41fca7c-GrpcLogAppender-LogAppenderDaemon] WARN  server.GrpcLogAppender (GrpcLogAppender.java:mayWait(175)) - 490c2edb-ef6d-43f1-a3fc-38f1bdb7d380@group-E860D21F6A2B->01124cd4-4ace-459c-9f52-5cd7a41fca7c-GrpcLogAppender: Wait interrupted by java.lang.InterruptedException
2021-03-15 13:22:23,920 [Thread-550] INFO  impl.PendingRequests (PendingRequests.java:sendNotLeaderResponses(249)) - 490c2edb-ef6d-43f1-a3fc-38f1bdb7d380@group-E860D21F6A2B-PendingRequests: sendNotLeaderResponses
2021-03-15 13:22:23,920 [Thread-550] INFO  metrics.RatisMetrics (RatisMetrics.java:unregister(43)) - Unregistering Metrics Registry : ratis.log_appender.490c2edb-ef6d-43f1-a3fc-38f1bdb7d380@group-E860D21F6A2B
2021-03-15 13:22:23,920 [Thread-550] INFO  metrics.RatisMetrics (RatisMetrics.java:unregister(43)) - Unregistering Metrics Registry : ratis.server.490c2edb-ef6d-43f1-a3fc-38f1bdb7d380@group-E860D21F6A2B
2021-03-15 13:22:23,920 [Thread-550] INFO  impl.RoleInfo (RoleInfo.java:updateAndGet(130)) - 490c2edb-ef6d-43f1-a3fc-38f1bdb7d380: start 490c2edb-ef6d-43f1-a3fc-38f1bdb7d380@group-E860D21F6A2B-FollowerState
2021-03-15 13:22:23,920 [490c2edb-ef6d-43f1-a3fc-38f1bdb7d380@group-E860D21F6A2B->8f544fba-ae2a-4c10-8316-b74b14cffb80-GrpcLogAppender-LogAppenderDaemon] WARN  server.GrpcLogAppender (GrpcLogAppender.java:mayWait(175)) - 490c2edb-ef6d-43f1-a3fc-38f1bdb7d380@group-E860D21F6A2B->8f544fba-ae2a-4c10-8316-b74b14cffb80-GrpcLogAppender: Wait interrupted by java.lang.InterruptedException
2021-03-15 13:22:24,535 [Thread-719] INFO  impl.FollowerState (FollowerState.java:run(133)) - 490c2edb-ef6d-43f1-a3fc-38f1bdb7d380@group-D764FF994818-FollowerState: change to CANDIDATE, lastRpcElapsedTime:10159387603ns, electionTimeout:5023ms
2021-03-15 13:22:24,535 [Thread-719] INFO  impl.RoleInfo (RoleInfo.java:shutdownFollowerState(108)) - 490c2edb-ef6d-43f1-a3fc-38f1bdb7d380: shutdown 490c2edb-ef6d-43f1-a3fc-38f1bdb7d380@group-D764FF994818-FollowerState
2021-03-15 13:22:24,535 [Thread-719] INFO  server.RaftServer$Division (RaftServerImpl.java:setRole(284)) - 490c2edb-ef6d-43f1-a3fc-38f1bdb7d380@group-D764FF994818: changes role from  FOLLOWER to CANDIDATE at term 8 for changeToCandidate
2021-03-15 13:22:24,535 [Thread-719] INFO  server.RaftServerConfigKeys (ConfUtils.java:logGet(44)) - raft.server.leaderelection.pre-vote = false (custom)
2021-03-15 13:22:24,535 [Thread-719] INFO  impl.RoleInfo (RoleInfo.java:updateAndGet(130)) - 490c2edb-ef6d-43f1-a3fc-38f1bdb7d380: start 490c2edb-ef6d-43f1-a3fc-38f1bdb7d380@group-D764FF994818-LeaderElection47
2021-03-15 13:22:24,536 [490c2edb-ef6d-43f1-a3fc-38f1bdb7d380@group-D764FF994818-LeaderElection47] INFO  server.RaftServer$Division (ServerState.java:setLeader(271)) - 490c2edb-ef6d-43f1-a3fc-38f1bdb7d380@group-D764FF994818: change Leader from 8f544fba-ae2a-4c10-8316-b74b14cffb80 to null at term 8 for ELECTION
2021-03-15 13:22:24,537 [490c2edb-ef6d-43f1-a3fc-38f1bdb7d380@group-D764FF994818-LeaderElection47] INFO  impl.LeaderElection (LeaderElection.java:askForVotes(307)) - 490c2edb-ef6d-43f1-a3fc-38f1bdb7d380@group-D764FF994818-LeaderElection47 ELECTION round 0: submit vote requests at term 9 for 0: [01124cd4-4ace-459c-9f52-5cd7a41fca7c|rpc:172.17.0.2:40903|dataStream:|priority:0, 8f544fba-ae2a-4c10-8316-b74b14cffb80|rpc:172.17.0.2:35899|dataStream:|priority:1, 490c2edb-ef6d-43f1-a3fc-38f1bdb7d380|rpc:172.17.0.2:35411|dataStream:|priority:0], old=null
2021-03-15 13:22:24,538 [490c2edb-ef6d-43f1-a3fc-38f1bdb7d380@group-D764FF994818-LeaderElection47] INFO  impl.LeaderElection (LogUtils.java:infoOrTrace(137)) - 490c2edb-ef6d-43f1-a3fc-38f1bdb7d380@group-D764FF994818-LeaderElection47 got exception when requesting votes: java.util.concurrent.ExecutionException: org.apache.ratis.thirdparty.io.grpc.StatusRuntimeException: UNAVAILABLE: io exception
2021-03-15 13:22:24,538 [490c2edb-ef6d-43f1-a3fc-38f1bdb7d380@group-D764FF994818-LeaderElection47] INFO  impl.LeaderElection (LogUtils.java:infoOrTrace(137)) - 490c2edb-ef6d-43f1-a3fc-38f1bdb7d380@group-D764FF994818-LeaderElection47 got exception when requesting votes: java.util.concurrent.ExecutionException: org.apache.ratis.thirdparty.io.grpc.StatusRuntimeException: UNAVAILABLE: io exception
2021-03-15 13:22:24,539 [490c2edb-ef6d-43f1-a3fc-38f1bdb7d380@group-D764FF994818-LeaderElection47] INFO  impl.LeaderElection (LeaderElection.java:logAndReturn(89)) - 490c2edb-ef6d-43f1-a3fc-38f1bdb7d380@group-D764FF994818-LeaderElection47: ELECTION REJECTED received 0 response(s) and 2 exception(s):
2021-03-15 13:22:24,539 [490c2edb-ef6d-43f1-a3fc-38f1bdb7d380@group-D764FF994818-LeaderElection47] INFO  impl.LeaderElection (LogUtils.java:infoOrTrace(137)) -   Exception 0: java.util.concurrent.ExecutionException: org.apache.ratis.thirdparty.io.grpc.StatusRuntimeException: UNAVAILABLE: io exception
2021-03-15 13:22:24,539 [490c2edb-ef6d-43f1-a3fc-38f1bdb7d380@group-D764FF994818-LeaderElection47] INFO  impl.LeaderElection (LogUtils.java:infoOrTrace(137)) -   Exception 1: java.util.concurrent.ExecutionException: org.apache.ratis.thirdparty.io.grpc.StatusRuntimeException: UNAVAILABLE: io exception
2021-03-15 13:22:24,539 [490c2edb-ef6d-43f1-a3fc-38f1bdb7d380@group-D764FF994818-LeaderElection47] INFO  impl.LeaderElection (LeaderElection.java:askForVotes(309)) - 490c2edb-ef6d-43f1-a3fc-38f1bdb7d380@group-D764FF994818-LeaderElection47 ELECTION round 0: result REJECTED
2021-03-15 13:22:24,539 [490c2edb-ef6d-43f1-a3fc-38f1bdb7d380@group-D764FF994818-LeaderElection47] INFO  server.RaftServer$Division (RaftServerImpl.java:setRole(284)) - 490c2edb-ef6d-43f1-a3fc-38f1bdb7d380@group-D764FF994818: changes role from CANDIDATE to FOLLOWER at term 9 for REJECTED
2021-03-15 13:22:24,539 [490c2edb-ef6d-43f1-a3fc-38f1bdb7d380@group-D764FF994818-LeaderElection47] INFO  impl.RoleInfo (RoleInfo.java:shutdownLeaderElection(121)) - 490c2edb-ef6d-43f1-a3fc-38f1bdb7d380: shutdown 490c2edb-ef6d-43f1-a3fc-38f1bdb7d380@group-D764FF994818-LeaderElection47
2021-03-15 13:22:24,539 [490c2edb-ef6d-43f1-a3fc-38f1bdb7d380@group-D764FF994818-LeaderElection47] INFO  impl.RoleInfo (RoleInfo.java:updateAndGet(130)) - 490c2edb-ef6d-43f1-a3fc-38f1bdb7d380: start 490c2edb-ef6d-43f1-a3fc-38f1bdb7d380@group-D764FF994818-FollowerState
2021-03-15 13:22:24,928 [EventQueue-StaleNodeForStaleNodeHandler] INFO  node.StaleNodeHandler (StaleNodeHandler.java:onMessage(58)) - Datanode 2bcf9514-6eaf-4328-a021-870a209d39c4{ip: 172.17.0.2, host: 287f2862ff4e, ports: [REPLICATION=39657, RATIS=43919, RATIS_ADMIN=43919, RATIS_SERVER=43919, STANDALONE=43389], networkLocation: /default-rack, certSerialId: null, persistedOpState: IN_SERVICE, persistedOpStateExpiryEpochSec: 0} moved to stale state. Finalizing its pipelines [PipelineID=ac74313d-67a1-459f-9117-7426fa8fac29, PipelineID=79e449a0-20f2-4382-bd34-184eb8e85b35, PipelineID=cfed619c-994d-4625-bc70-3569b44ebdc6, PipelineID=71864db7-4d39-4cb4-b48c-388b48ec2e2f]
2021-03-15 13:22:24,928 [EventQueue-StaleNodeForStaleNodeHandler] INFO  pipeline.SCMPipelineManager (SCMPipelineManager.java:finalizeAndDestroyPipeline(483)) - Destroying pipeline:Pipeline[ Id: ac74313d-67a1-459f-9117-7426fa8fac29, Nodes: c8823aab-1c49-422a-a51c-c7b83b859fa6{ip: 172.17.0.2, host: 287f2862ff4e, ports: [REPLICATION=46731, RATIS=38877, RATIS_ADMIN=38877, RATIS_SERVER=38877, STANDALONE=44487], networkLocation: /default-rack, certSerialId: null, persistedOpState: IN_SERVICE, persistedOpStateExpiryEpochSec: 0}29adc670-2c1e-4c6c-9558-1601f864128b{ip: 172.17.0.2, host: 287f2862ff4e, ports: [REPLICATION=36101, RATIS=37315, RATIS_ADMIN=37315, RATIS_SERVER=37315, STANDALONE=46417], networkLocation: /default-rack, certSerialId: null, persistedOpState: IN_SERVICE, persistedOpStateExpiryEpochSec: 0}2bcf9514-6eaf-4328-a021-870a209d39c4{ip: 172.17.0.2, host: 287f2862ff4e, ports: [REPLICATION=39657, RATIS=43919, RATIS_ADMIN=43919, RATIS_SERVER=43919, STANDALONE=43389], networkLocation: /default-rack, certSerialId: null, persistedOpState: IN_SERVICE, persistedOpStateExpiryEpochSec: 0}, Type:RATIS, Factor:THREE, State:CLOSED, leaderId:29adc670-2c1e-4c6c-9558-1601f864128b, CreationTimestamp2021-03-15T13:21:29.093Z]
2021-03-15 13:22:24,929 [EventQueue-StaleNodeForStaleNodeHandler] INFO  pipeline.SCMPipelineManager (SCMPipelineManager.java:finalizeAndDestroyPipeline(483)) - Destroying pipeline:Pipeline[ Id: 79e449a0-20f2-4382-bd34-184eb8e85b35, Nodes: 29adc670-2c1e-4c6c-9558-1601f864128b{ip: 172.17.0.2, host: 287f2862ff4e, ports: [REPLICATION=36101, RATIS=37315, RATIS_ADMIN=37315, RATIS_SERVER=37315, STANDALONE=46417], networkLocation: /default-rack, certSerialId: null, persistedOpState: IN_SERVICE, persistedOpStateExpiryEpochSec: 0}2bcf9514-6eaf-4328-a021-870a209d39c4{ip: 172.17.0.2, host: 287f2862ff4e, ports: [REPLICATION=39657, RATIS=43919, RATIS_ADMIN=43919, RATIS_SERVER=43919, STANDALONE=43389], networkLocation: /default-rack, certSerialId: null, persistedOpState: IN_SERVICE, persistedOpStateExpiryEpochSec: 0}c8823aab-1c49-422a-a51c-c7b83b859fa6{ip: 172.17.0.2, host: 287f2862ff4e, ports: [REPLICATION=46731, RATIS=38877, RATIS_ADMIN=38877, RATIS_SERVER=38877, STANDALONE=44487], networkLocation: /default-rack, certSerialId: null, persistedOpState: IN_SERVICE, persistedOpStateExpiryEpochSec: 0}, Type:RATIS, Factor:THREE, State:CLOSED, leaderId:2bcf9514-6eaf-4328-a021-870a209d39c4, CreationTimestamp2021-03-15T13:21:29.096Z]
2021-03-15 13:22:24,929 [EventQueue-StaleNodeForStaleNodeHandler] INFO  pipeline.SCMPipelineManager (SCMPipelineManager.java:finalizeAndDestroyPipeline(483)) - Destroying pipeline:Pipeline[ Id: cfed619c-994d-4625-bc70-3569b44ebdc6, Nodes: 2bcf9514-6eaf-4328-a021-870a209d39c4{ip: 172.17.0.2, host: 287f2862ff4e, ports: [REPLICATION=39657, RATIS=43919, RATIS_ADMIN=43919, RATIS_SERVER=43919, STANDALONE=43389], networkLocation: /default-rack, certSerialId: null, persistedOpState: IN_SERVICE, persistedOpStateExpiryEpochSec: 0}, Type:RATIS, Factor:ONE, State:OPEN, leaderId:2bcf9514-6eaf-4328-a021-870a209d39c4, CreationTimestamp2021-03-15T13:21:29.090Z]
2021-03-15 13:22:24,929 [EventQueue-StaleNodeForStaleNodeHandler] INFO  pipeline.PipelineStateManager (PipelineStateManager.java:finalizePipeline(121)) - Pipeline Pipeline[ Id: cfed619c-994d-4625-bc70-3569b44ebdc6, Nodes: 2bcf9514-6eaf-4328-a021-870a209d39c4{ip: 172.17.0.2, host: 287f2862ff4e, ports: [REPLICATION=39657, RATIS=43919, RATIS_ADMIN=43919, RATIS_SERVER=43919, STANDALONE=43389], networkLocation: /default-rack, certSerialId: null, persistedOpState: IN_SERVICE, persistedOpStateExpiryEpochSec: 0}, Type:RATIS, Factor:ONE, State:CLOSED, leaderId:2bcf9514-6eaf-4328-a021-870a209d39c4, CreationTimestamp2021-03-15T13:21:29.090Z] moved to CLOSED state
2021-03-15 13:22:24,929 [EventQueue-StaleNodeForStaleNodeHandler] INFO  pipeline.SCMPipelineManager (SCMPipelineManager.java:finalizeAndDestroyPipeline(483)) - Destroying pipeline:Pipeline[ Id: 71864db7-4d39-4cb4-b48c-388b48ec2e2f, Nodes: c8823aab-1c49-422a-a51c-c7b83b859fa6{ip: 172.17.0.2, host: 287f2862ff4e, ports: [REPLICATION=46731, RATIS=38877, RATIS_ADMIN=38877, RATIS_SERVER=38877, STANDALONE=44487], networkLocation: /default-rack, certSerialId: null, persistedOpState: IN_SERVICE, persistedOpStateExpiryEpochSec: 0}29adc670-2c1e-4c6c-9558-1601f864128b{ip: 172.17.0.2, host: 287f2862ff4e, ports: [REPLICATION=36101, RATIS=37315, RATIS_ADMIN=37315, RATIS_SERVER=37315, STANDALONE=46417], networkLocation: /default-rack, certSerialId: null, persistedOpState: IN_SERVICE, persistedOpStateExpiryEpochSec: 0}2bcf9514-6eaf-4328-a021-870a209d39c4{ip: 172.17.0.2, host: 287f2862ff4e, ports: [REPLICATION=39657, RATIS=43919, RATIS_ADMIN=43919, RATIS_SERVER=43919, STANDALONE=43389], networkLocation: /default-rack, certSerialId: null, persistedOpState: IN_SERVICE, persistedOpStateExpiryEpochSec: 0}, Type:RATIS, Factor:THREE, State:CLOSED, leaderId:c8823aab-1c49-422a-a51c-c7b83b859fa6, CreationTimestamp2021-03-15T13:21:29.094Z]
2021-03-15 13:22:25,329 [EventQueue-StaleNodeForStaleNodeHandler] INFO  node.StaleNodeHandler (StaleNodeHandler.java:onMessage(58)) - Datanode 01124cd4-4ace-459c-9f52-5cd7a41fca7c{ip: 172.17.0.2, host: 287f2862ff4e, ports: [REPLICATION=39869, RATIS=40903, RATIS_ADMIN=40903, RATIS_SERVER=40903, STANDALONE=40093], networkLocation: /default-rack, certSerialId: null, persistedOpState: IN_SERVICE, persistedOpStateExpiryEpochSec: 0} moved to stale state. Finalizing its pipelines [PipelineID=9afd33df-eae2-41e9-aae3-399d3b981c2e, PipelineID=3131fd0c-3f52-4949-b04d-9eb71483e61b, PipelineID=a8a0e27c-b300-4a92-8e30-d764ff994818, PipelineID=1efb9cfa-6e5b-42ab-9bfb-e860d21f6a2b]
2021-03-15 13:22:25,329 [EventQueue-StaleNodeForStaleNodeHandler] INFO  pipeline.SCMPipelineManager (SCMPipelineManager.java:finalizeAndDestroyPipeline(483)) - Destroying pipeline:Pipeline[ Id: 9afd33df-eae2-41e9-aae3-399d3b981c2e, Nodes: 01124cd4-4ace-459c-9f52-5cd7a41fca7c{ip: 172.17.0.2, host: 287f2862ff4e, ports: [REPLICATION=39869, RATIS=40903, RATIS_ADMIN=40903, RATIS_SERVER=40903, STANDALONE=40093], networkLocation: /default-rack, certSerialId: null, persistedOpState: IN_SERVICE, persistedOpStateExpiryEpochSec: 0}, Type:RATIS, Factor:ONE, State:OPEN, leaderId:01124cd4-4ace-459c-9f52-5cd7a41fca7c, CreationTimestamp2021-03-15T13:21:29.289Z]
2021-03-15 13:22:25,329 [EventQueue-StaleNodeForStaleNodeHandler] INFO  pipeline.PipelineStateManager (PipelineStateManager.java:finalizePipeline(121)) - Pipeline Pipeline[ Id: 9afd33df-eae2-41e9-aae3-399d3b981c2e, Nodes: 01124cd4-4ace-459c-9f52-5cd7a41fca7c{ip: 172.17.0.2, host: 287f2862ff4e, ports: [REPLICATION=39869, RATIS=40903, RATIS_ADMIN=40903, RATIS_SERVER=40903, STANDALONE=40093], networkLocation: /default-rack, certSerialId: null, persistedOpState: IN_SERVICE, persistedOpStateExpiryEpochSec: 0}, Type:RATIS, Factor:ONE, State:CLOSED, leaderId:01124cd4-4ace-459c-9f52-5cd7a41fca7c, CreationTimestamp2021-03-15T13:21:29.289Z] moved to CLOSED state
2021-03-15 13:22:25,330 [EventQueue-StaleNodeForStaleNodeHandler] INFO  pipeline.SCMPipelineManager (SCMPipelineManager.java:finalizeAndDestroyPipeline(483)) - Destroying pipeline:Pipeline[ Id: 3131fd0c-3f52-4949-b04d-9eb71483e61b, Nodes: 01124cd4-4ace-459c-9f52-5cd7a41fca7c{ip: 172.17.0.2, host: 287f2862ff4e, ports: [REPLICATION=39869, RATIS=40903, RATIS_ADMIN=40903, RATIS_SERVER=40903, STANDALONE=40093], networkLocation: /default-rack, certSerialId: null, persistedOpState: IN_SERVICE, persistedOpStateExpiryEpochSec: 0}8f544fba-ae2a-4c10-8316-b74b14cffb80{ip: 172.17.0.2, host: 287f2862ff4e, ports: [REPLICATION=41745, RATIS=35899, RATIS_ADMIN=35899, RATIS_SERVER=35899, STANDALONE=36625], networkLocation: /default-rack, certSerialId: null, persistedOpState: IN_SERVICE, persistedOpStateExpiryEpochSec: 0}490c2edb-ef6d-43f1-a3fc-38f1bdb7d380{ip: 172.17.0.2, host: 287f2862ff4e, ports: [REPLICATION=40983, RATIS=35411, RATIS_ADMIN=35411, RATIS_SERVER=35411, STANDALONE=40231], networkLocation: /default-rack, certSerialId: null, persistedOpState: IN_SERVICE, persistedOpStateExpiryEpochSec: 0}, Type:RATIS, Factor:THREE, State:CLOSED, leaderId:01124cd4-4ace-459c-9f52-5cd7a41fca7c, CreationTimestamp2021-03-15T13:21:29.850Z]
2021-03-15 13:22:25,330 [EventQueue-StaleNodeForStaleNodeHandler] INFO  pipeline.SCMPipelineManager (SCMPipelineManager.java:finalizeAndDestroyPipeline(483)) - Destroying pipeline:Pipeline[ Id: a8a0e27c-b300-4a92-8e30-d764ff994818, Nodes: 8f544fba-ae2a-4c10-8316-b74b14cffb80{ip: 172.17.0.2, host: 287f2862ff4e, ports: [REPLICATION=41745, RATIS=35899, RATIS_ADMIN=35899, RATIS_SERVER=35899, STANDALONE=36625], networkLocation: /default-rack, certSerialId: null, persistedOpState: IN_SERVICE, persistedOpStateExpiryEpochSec: 0}01124cd4-4ace-459c-9f52-5cd7a41fca7c{ip: 172.17.0.2, host: 287f2862ff4e, ports: [REPLICATION=39869, RATIS=40903, RATIS_ADMIN=40903, RATIS_SERVER=40903, STANDALONE=40093], networkLocation: /default-rack, certSerialId: null, persistedOpState: IN_SERVICE, persistedOpStateExpiryEpochSec: 0}490c2edb-ef6d-43f1-a3fc-38f1bdb7d380{ip: 172.17.0.2, host: 287f2862ff4e, ports: [REPLICATION=40983, RATIS=35411, RATIS_ADMIN=35411, RATIS_SERVER=35411, STANDALONE=40231], networkLocation: /default-rack, certSerialId: null, persistedOpState: IN_SERVICE, persistedOpStateExpiryEpochSec: 0}, Type:RATIS, Factor:THREE, State:CLOSED, leaderId:, CreationTimestamp2021-03-15T13:21:29.852Z]
2021-03-15 13:22:25,330 [EventQueue-StaleNodeForStaleNodeHandler] INFO  pipeline.SCMPipelineManager (SCMPipelineManager.java:finalizeAndDestroyPipeline(483)) - Destroying pipeline:Pipeline[ Id: 1efb9cfa-6e5b-42ab-9bfb-e860d21f6a2b, Nodes: 8f544fba-ae2a-4c10-8316-b74b14cffb80{ip: 172.17.0.2, host: 287f2862ff4e, ports: [REPLICATION=41745, RATIS=35899, RATIS_ADMIN=35899, RATIS_SERVER=35899, STANDALONE=36625], networkLocation: /default-rack, certSerialId: null, persistedOpState: IN_SERVICE, persistedOpStateExpiryEpochSec: 0}01124cd4-4ace-459c-9f52-5cd7a41fca7c{ip: 172.17.0.2, host: 287f2862ff4e, ports: [REPLICATION=39869, RATIS=40903, RATIS_ADMIN=40903, RATIS_SERVER=40903, STANDALONE=40093], networkLocation: /default-rack, certSerialId: null, persistedOpState: IN_SERVICE, persistedOpStateExpiryEpochSec: 0}490c2edb-ef6d-43f1-a3fc-38f1bdb7d380{ip: 172.17.0.2, host: 287f2862ff4e, ports: [REPLICATION=40983, RATIS=35411, RATIS_ADMIN=35411, RATIS_SERVER=35411, STANDALONE=40231], networkLocation: /default-rack, certSerialId: null, persistedOpState: IN_SERVICE, persistedOpStateExpiryEpochSec: 0}, Type:RATIS, Factor:THREE, State:CLOSED, leaderId:490c2edb-ef6d-43f1-a3fc-38f1bdb7d380, CreationTimestamp2021-03-15T13:21:29.849Z]
2021-03-15 13:22:25,391 [ForkJoinPool.commonPool-worker-1] INFO  ozoneimpl.OzoneContainer (OzoneContainer.java:stop(273)) - Attempting to stop container services.
2021-03-15 13:22:25,392 [Listener at 127.0.0.1/41395] INFO  ozoneimpl.OzoneContainer (OzoneContainer.java:stop(273)) - Attempting to stop container services.
2021-03-15 13:22:25,392 [ForkJoinPool.commonPool-worker-1] INFO  server.RaftServer (RaftServerProxy.java:lambda$close$6(391)) - c8823aab-1c49-422a-a51c-c7b83b859fa6: close
2021-03-15 13:22:25,392 [ForkJoinPool.commonPool-worker-1] INFO  server.RaftServer$Division (RaftServerImpl.java:lambda$close$4(406)) - c8823aab-1c49-422a-a51c-c7b83b859fa6@group-6D25ACFECDB7: shutdown
2021-03-15 13:22:25,392 [ForkJoinPool.commonPool-worker-1] INFO  util.JmxRegister (JmxRegister.java:unregister(73)) - Successfully un-registered JMX Bean with object name Ratis:service=RaftServer,group=group-6D25ACFECDB7,id=c8823aab-1c49-422a-a51c-c7b83b859fa6
2021-03-15 13:22:25,392 [ForkJoinPool.commonPool-worker-1] INFO  impl.RoleInfo (RoleInfo.java:shutdownLeaderState(91)) - c8823aab-1c49-422a-a51c-c7b83b859fa6: shutdown c8823aab-1c49-422a-a51c-c7b83b859fa6@group-6D25ACFECDB7-LeaderStateImpl
2021-03-15 13:22:25,392 [Listener at 127.0.0.1/41395] INFO  server.RaftServer (RaftServerProxy.java:lambda$close$6(391)) - fe63c344-5a2d-4322-bbac-49268a0984bd: close
2021-03-15 13:22:25,393 [Listener at 127.0.0.1/41395] INFO  server.RaftServer$Division (RaftServerImpl.java:lambda$close$4(406)) - fe63c344-5a2d-4322-bbac-49268a0984bd@group-591F5D79C43E: shutdown
2021-03-15 13:22:25,393 [Listener at 127.0.0.1/41395] INFO  util.JmxRegister (JmxRegister.java:unregister(73)) - Successfully un-registered JMX Bean with object name Ratis:service=RaftServer,group=group-591F5D79C43E,id=fe63c344-5a2d-4322-bbac-49268a0984bd
2021-03-15 13:22:25,393 [Listener at 127.0.0.1/41395] INFO  impl.RoleInfo (RoleInfo.java:shutdownLeaderState(91)) - fe63c344-5a2d-4322-bbac-49268a0984bd: shutdown fe63c344-5a2d-4322-bbac-49268a0984bd@group-591F5D79C43E-LeaderStateImpl
2021-03-15 13:22:25,393 [Listener at 127.0.0.1/41395] INFO  impl.PendingRequests (PendingRequests.java:sendNotLeaderResponses(249)) - fe63c344-5a2d-4322-bbac-49268a0984bd@group-591F5D79C43E-PendingRequests: sendNotLeaderResponses
2021-03-15 13:22:25,393 [Listener at 127.0.0.1/41395] INFO  metrics.RatisMetrics (RatisMetrics.java:unregister(43)) - Unregistering Metrics Registry : ratis.log_appender.fe63c344-5a2d-4322-bbac-49268a0984bd@group-591F5D79C43E
2021-03-15 13:22:25,394 [Listener at 127.0.0.1/41395] INFO  metrics.RatisMetrics (RatisMetrics.java:unregister(43)) - Unregistering Metrics Registry : ratis.server.fe63c344-5a2d-4322-bbac-49268a0984bd@group-591F5D79C43E
2021-03-15 13:22:25,394 [ForkJoinPool.commonPool-worker-1] INFO  impl.PendingRequests (PendingRequests.java:sendNotLeaderResponses(249)) - c8823aab-1c49-422a-a51c-c7b83b859fa6@group-6D25ACFECDB7-PendingRequests: sendNotLeaderResponses
2021-03-15 13:22:25,394 [ForkJoinPool.commonPool-worker-1] INFO  metrics.RatisMetrics (RatisMetrics.java:unregister(43)) - Unregistering Metrics Registry : ratis.log_appender.c8823aab-1c49-422a-a51c-c7b83b859fa6@group-6D25ACFECDB7
2021-03-15 13:22:25,394 [Listener at 127.0.0.1/41395] INFO  impl.StateMachineUpdater (StateMachineUpdater.java:stopAndJoin(148)) - fe63c344-5a2d-4322-bbac-49268a0984bd@group-591F5D79C43E-StateMachineUpdater: set stopIndex = 0
2021-03-15 13:22:25,394 [ForkJoinPool.commonPool-worker-1] INFO  metrics.RatisMetrics (RatisMetrics.java:unregister(43)) - Unregistering Metrics Registry : ratis.server.c8823aab-1c49-422a-a51c-c7b83b859fa6@group-6D25ACFECDB7
2021-03-15 13:22:25,395 [ForkJoinPool.commonPool-worker-1] INFO  impl.StateMachineUpdater (StateMachineUpdater.java:stopAndJoin(148)) - c8823aab-1c49-422a-a51c-c7b83b859fa6@group-6D25ACFECDB7-StateMachineUpdater: set stopIndex = 0
2021-03-15 13:22:25,394 [fe63c344-5a2d-4322-bbac-49268a0984bd@group-591F5D79C43E-StateMachineUpdater] INFO  ratis.ContainerStateMachine (ContainerStateMachine.java:takeSnapshot(291)) - group-591F5D79C43E: Taking a snapshot at:(t:1, i:0) file /github/workspace/mnt/ozone/hadoop-ozone/integration-test/target/test-dir/MiniOzoneClusterImpl-10170ce6-1bcb-4b6c-85b7-fb1f14fc7e79/datanode-6/data/ratis/b5a766e5-df5d-49f1-bf01-591f5d79c43e/sm/snapshot.1_0
2021-03-15 13:22:25,395 [c8823aab-1c49-422a-a51c-c7b83b859fa6@group-6D25ACFECDB7-StateMachineUpdater] INFO  ratis.ContainerStateMachine (ContainerStateMachine.java:takeSnapshot(291)) - group-6D25ACFECDB7: Taking a snapshot at:(t:1, i:0) file /github/workspace/mnt/ozone/hadoop-ozone/integration-test/target/test-dir/MiniOzoneClusterImpl-10170ce6-1bcb-4b6c-85b7-fb1f14fc7e79/datanode-0/data/ratis/9f1add18-8dc6-4258-8066-6d25acfecdb7/sm/snapshot.1_0
2021-03-15 13:22:25,396 [fe63c344-5a2d-4322-bbac-49268a0984bd@group-591F5D79C43E-StateMachineUpdater] INFO  ratis.ContainerStateMachine (ContainerStateMachine.java:takeSnapshot(302)) - group-591F5D79C43E: Finished taking a snapshot at:(t:1, i:0) file:/github/workspace/mnt/ozone/hadoop-ozone/integration-test/target/test-dir/MiniOzoneClusterImpl-10170ce6-1bcb-4b6c-85b7-fb1f14fc7e79/datanode-6/data/ratis/b5a766e5-df5d-49f1-bf01-591f5d79c43e/sm/snapshot.1_0 took: 1 ms
2021-03-15 13:22:25,396 [fe63c344-5a2d-4322-bbac-49268a0984bd@group-591F5D79C43E-StateMachineUpdater] INFO  impl.StateMachineUpdater (StateMachineUpdater.java:takeSnapshot(279)) - fe63c344-5a2d-4322-bbac-49268a0984bd@group-591F5D79C43E-StateMachineUpdater: Took a snapshot at index 0
2021-03-15 13:22:25,396 [fe63c344-5a2d-4322-bbac-49268a0984bd@group-591F5D79C43E-StateMachineUpdater] INFO  impl.StateMachineUpdater (StateMachineUpdater.java:lambda$new$0(88)) - fe63c344-5a2d-4322-bbac-49268a0984bd@group-591F5D79C43E-StateMachineUpdater: snapshotIndex: updateIncreasingly -1 -> 0
2021-03-15 13:22:25,396 [fe63c344-5a2d-4322-bbac-49268a0984bd@group-591F5D79C43E-StateMachineUpdater] INFO  metrics.RatisMetrics (RatisMetrics.java:unregister(43)) - Unregistering Metrics Registry : ratis.state_machine.fe63c344-5a2d-4322-bbac-49268a0984bd@group-591F5D79C43E
2021-03-15 13:22:25,397 [Listener at 127.0.0.1/41395] INFO  server.RaftServer$Division (ServerState.java:close(405)) - fe63c344-5a2d-4322-bbac-49268a0984bd@group-591F5D79C43E: closes. applyIndex: 0
2021-03-15 13:22:25,397 [c8823aab-1c49-422a-a51c-c7b83b859fa6@group-6D25ACFECDB7-StateMachineUpdater] INFO  ratis.ContainerStateMachine (ContainerStateMachine.java:takeSnapshot(302)) - group-6D25ACFECDB7: Finished taking a snapshot at:(t:1, i:0) file:/github/workspace/mnt/ozone/hadoop-ozone/integration-test/target/test-dir/MiniOzoneClusterImpl-10170ce6-1bcb-4b6c-85b7-fb1f14fc7e79/datanode-0/data/ratis/9f1add18-8dc6-4258-8066-6d25acfecdb7/sm/snapshot.1_0 took: 2 ms
2021-03-15 13:22:25,397 [c8823aab-1c49-422a-a51c-c7b83b859fa6@group-6D25ACFECDB7-StateMachineUpdater] INFO  impl.StateMachineUpdater (StateMachineUpdater.java:takeSnapshot(279)) - c8823aab-1c49-422a-a51c-c7b83b859fa6@group-6D25ACFECDB7-StateMachineUpdater: Took a snapshot at index 0
2021-03-15 13:22:25,397 [c8823aab-1c49-422a-a51c-c7b83b859fa6@group-6D25ACFECDB7-StateMachineUpdater] INFO  impl.StateMachineUpdater (StateMachineUpdater.java:lambda$new$0(88)) - c8823aab-1c49-422a-a51c-c7b83b859fa6@group-6D25ACFECDB7-StateMachineUpdater: snapshotIndex: updateIncreasingly -1 -> 0
2021-03-15 13:22:25,397 [c8823aab-1c49-422a-a51c-c7b83b859fa6@group-6D25ACFECDB7-StateMachineUpdater] INFO  metrics.RatisMetrics (RatisMetrics.java:unregister(43)) - Unregistering Metrics Registry : ratis.state_machine.c8823aab-1c49-422a-a51c-c7b83b859fa6@group-6D25ACFECDB7
2021-03-15 13:22:25,397 [fe63c344-5a2d-4322-bbac-49268a0984bd@group-591F5D79C43E-SegmentedRaftLogWorker] INFO  segmented.SegmentedRaftLogWorker (SegmentedRaftLogWorker.java:run(326)) - fe63c344-5a2d-4322-bbac-49268a0984bd@group-591F5D79C43E-SegmentedRaftLogWorker was interrupted, exiting. There are 0 tasks remaining in the queue.
2021-03-15 13:22:25,399 [ForkJoinPool.commonPool-worker-1] INFO  server.RaftServer$Division (ServerState.java:close(405)) - c8823aab-1c49-422a-a51c-c7b83b859fa6@group-6D25ACFECDB7: closes. applyIndex: 0
2021-03-15 13:22:25,399 [c8823aab-1c49-422a-a51c-c7b83b859fa6@group-6D25ACFECDB7-SegmentedRaftLogWorker] INFO  segmented.SegmentedRaftLogWorker (SegmentedRaftLogWorker.java:run(326)) - c8823aab-1c49-422a-a51c-c7b83b859fa6@group-6D25ACFECDB7-SegmentedRaftLogWorker was interrupted, exiting. There are 0 tasks remaining in the queue.
2021-03-15 13:22:25,399 [Listener at 127.0.0.1/41395] INFO  segmented.SegmentedRaftLogWorker (SegmentedRaftLogWorker.java:close(236)) - fe63c344-5a2d-4322-bbac-49268a0984bd@group-591F5D79C43E-SegmentedRaftLogWorker close()
2021-03-15 13:22:25,399 [ForkJoinPool.commonPool-worker-1] INFO  segmented.SegmentedRaftLogWorker (SegmentedRaftLogWorker.java:close(236)) - c8823aab-1c49-422a-a51c-c7b83b859fa6@group-6D25ACFECDB7-SegmentedRaftLogWorker close()
2021-03-15 13:22:25,400 [Listener at 127.0.0.1/41395] INFO  metrics.RatisMetrics (RatisMetrics.java:unregister(43)) - Unregistering Metrics Registry : ratis.log_worker.fe63c344-5a2d-4322-bbac-49268a0984bd@group-591F5D79C43E
2021-03-15 13:22:25,401 [ForkJoinPool.commonPool-worker-1] INFO  metrics.RatisMetrics (RatisMetrics.java:unregister(43)) - Unregistering Metrics Registry : ratis.log_worker.c8823aab-1c49-422a-a51c-c7b83b859fa6@group-6D25ACFECDB7
2021-03-15 13:22:25,402 [Listener at 127.0.0.1/41395] INFO  metrics.RatisMetrics (RatisMetrics.java:unregister(43)) - Unregistering Metrics Registry : ratis.leader_election.fe63c344-5a2d-4322-bbac-49268a0984bd@group-591F5D79C43E
2021-03-15 13:22:25,403 [ForkJoinPool.commonPool-worker-1] INFO  metrics.RatisMetrics (RatisMetrics.java:unregister(43)) - Unregistering Metrics Registry : ratis.leader_election.c8823aab-1c49-422a-a51c-c7b83b859fa6@group-6D25ACFECDB7
2021-03-15 13:22:25,403 [ForkJoinPool.commonPool-worker-1] INFO  metrics.RatisMetrics (RatisMetrics.java:unregister(43)) - Unregistering Metrics Registry : ratis.server.c8823aab-1c49-422a-a51c-c7b83b859fa6@group-6D25ACFECDB7
2021-03-15 13:22:25,403 [Listener at 127.0.0.1/41395] INFO  metrics.RatisMetrics (RatisMetrics.java:unregister(43)) - Unregistering Metrics Registry : ratis.server.fe63c344-5a2d-4322-bbac-49268a0984bd@group-591F5D79C43E
2021-03-15 13:22:25,403 [ForkJoinPool.commonPool-worker-1] INFO  server.RaftServer$Division (RaftServerImpl.java:lambda$close$4(406)) - c8823aab-1c49-422a-a51c-c7b83b859fa6@group-7426FA8FAC29: shutdown
2021-03-15 13:22:25,404 [ForkJoinPool.commonPool-worker-1] INFO  util.JmxRegister (JmxRegister.java:unregister(73)) - Successfully un-registered JMX Bean with object name Ratis:service=RaftServer,group=group-7426FA8FAC29,id=c8823aab-1c49-422a-a51c-c7b83b859fa6
2021-03-15 13:22:25,404 [ForkJoinPool.commonPool-worker-1] INFO  impl.RoleInfo (RoleInfo.java:shutdownFollowerState(108)) - c8823aab-1c49-422a-a51c-c7b83b859fa6: shutdown c8823aab-1c49-422a-a51c-c7b83b859fa6@group-7426FA8FAC29-FollowerState
2021-03-15 13:22:25,404 [Thread-745] INFO  impl.FollowerState (FollowerState.java:run(142)) - c8823aab-1c49-422a-a51c-c7b83b859fa6@group-7426FA8FAC29-FollowerState was interrupted: {}
java.lang.InterruptedException: sleep interrupted
	at java.lang.Thread.sleep(Native Method)
	at java.lang.Thread.sleep(Thread.java:340)
	at java.util.concurrent.TimeUnit.sleep(TimeUnit.java:386)
	at org.apache.ratis.util.TimeDuration.sleep(TimeDuration.java:324)
	at org.apache.ratis.util.TimeDuration.sleep(TimeDuration.java:309)
	at org.apache.ratis.server.impl.FollowerState.run(FollowerState.java:117)
2021-03-15 13:22:25,404 [Listener at 127.0.0.1/41395] INFO  server.GrpcService (GrpcService.java:closeImpl(262)) - fe63c344-5a2d-4322-bbac-49268a0984bd: shutdown server with port 42479 now
2021-03-15 13:22:25,404 [c8823aab-1c49-422a-a51c-c7b83b859fa6@group-7426FA8FAC29-StateMachineUpdater] INFO  ratis.ContainerStateMachine (ContainerStateMachine.java:takeSnapshot(291)) - group-7426FA8FAC29: Taking a snapshot at:(t:4, i:0) file /github/workspace/mnt/ozone/hadoop-ozone/integration-test/target/test-dir/MiniOzoneClusterImpl-10170ce6-1bcb-4b6c-85b7-fb1f14fc7e79/datanode-0/data/ratis/ac74313d-67a1-459f-9117-7426fa8fac29/sm/snapshot.4_0
2021-03-15 13:22:25,405 [ForkJoinPool.commonPool-worker-1] INFO  impl.StateMachineUpdater (StateMachineUpdater.java:stopAndJoin(148)) - c8823aab-1c49-422a-a51c-c7b83b859fa6@group-7426FA8FAC29-StateMachineUpdater: set stopIndex = 0
2021-03-15 13:22:25,405 [Listener at 127.0.0.1/41395] INFO  server.GrpcService (GrpcService.java:closeImpl(271)) - fe63c344-5a2d-4322-bbac-49268a0984bd: shutdown server with port 42479 successfully
2021-03-15 13:22:25,405 [org.apache.ratis.util.JvmPauseMonitor$$Lambda$504/75164635@439c11f2] INFO  util.JvmPauseMonitor (JvmPauseMonitor.java:run(109)) - JvmPauseMonitor-fe63c344-5a2d-4322-bbac-49268a0984bd: Stopped
2021-03-15 13:22:25,405 [c8823aab-1c49-422a-a51c-c7b83b859fa6@group-7426FA8FAC29-StateMachineUpdater] INFO  ratis.ContainerStateMachine (ContainerStateMachine.java:takeSnapshot(302)) - group-7426FA8FAC29: Finished taking a snapshot at:(t:4, i:0) file:/github/workspace/mnt/ozone/hadoop-ozone/integration-test/target/test-dir/MiniOzoneClusterImpl-10170ce6-1bcb-4b6c-85b7-fb1f14fc7e79/datanode-0/data/ratis/ac74313d-67a1-459f-9117-7426fa8fac29/sm/snapshot.4_0 took: 0 ms
2021-03-15 13:22:25,405 [c8823aab-1c49-422a-a51c-c7b83b859fa6@group-7426FA8FAC29-StateMachineUpdater] INFO  impl.StateMachineUpdater (StateMachineUpdater.java:takeSnapshot(279)) - c8823aab-1c49-422a-a51c-c7b83b859fa6@group-7426FA8FAC29-StateMachineUpdater: Took a snapshot at index 0
2021-03-15 13:22:25,405 [c8823aab-1c49-422a-a51c-c7b83b859fa6@group-7426FA8FAC29-StateMachineUpdater] INFO  impl.StateMachineUpdater (StateMachineUpdater.java:lambda$new$0(88)) - c8823aab-1c49-422a-a51c-c7b83b859fa6@group-7426FA8FAC29-StateMachineUpdater: snapshotIndex: updateIncreasingly -1 -> 0
2021-03-15 13:22:25,406 [c8823aab-1c49-422a-a51c-c7b83b859fa6@group-7426FA8FAC29-StateMachineUpdater] INFO  metrics.RatisMetrics (RatisMetrics.java:unregister(43)) - Unregistering Metrics Registry : ratis.state_machine.c8823aab-1c49-422a-a51c-c7b83b859fa6@group-7426FA8FAC29
2021-03-15 13:22:25,406 [ForkJoinPool.commonPool-worker-1] INFO  server.RaftServer$Division (ServerState.java:close(405)) - c8823aab-1c49-422a-a51c-c7b83b859fa6@group-7426FA8FAC29: closes. applyIndex: 0
2021-03-15 13:22:25,407 [Listener at 127.0.0.1/41395] INFO  utils.BackgroundService (BackgroundService.java:shutdown(132)) - Shutting down service BlockDeletingService
2021-03-15 13:22:25,407 [c8823aab-1c49-422a-a51c-c7b83b859fa6@group-7426FA8FAC29-SegmentedRaftLogWorker] INFO  segmented.SegmentedRaftLogWorker (SegmentedRaftLogWorker.java:run(326)) - c8823aab-1c49-422a-a51c-c7b83b859fa6@group-7426FA8FAC29-SegmentedRaftLogWorker was interrupted, exiting. There are 0 tasks remaining in the queue.
2021-03-15 13:22:25,407 [ForkJoinPool.commonPool-worker-1] INFO  segmented.SegmentedRaftLogWorker (SegmentedRaftLogWorker.java:close(236)) - c8823aab-1c49-422a-a51c-c7b83b859fa6@group-7426FA8FAC29-SegmentedRaftLogWorker close()
2021-03-15 13:22:25,410 [ForkJoinPool.commonPool-worker-1] INFO  metrics.RatisMetrics (RatisMetrics.java:unregister(43)) - Unregistering Metrics Registry : ratis.log_worker.c8823aab-1c49-422a-a51c-c7b83b859fa6@group-7426FA8FAC29
2021-03-15 13:22:25,413 [ForkJoinPool.commonPool-worker-1] INFO  metrics.RatisMetrics (RatisMetrics.java:unregister(43)) - Unregistering Metrics Registry : ratis.leader_election.c8823aab-1c49-422a-a51c-c7b83b859fa6@group-7426FA8FAC29
2021-03-15 13:22:25,413 [ForkJoinPool.commonPool-worker-1] INFO  metrics.RatisMetrics (RatisMetrics.java:unregister(43)) - Unregistering Metrics Registry : ratis.server.c8823aab-1c49-422a-a51c-c7b83b859fa6@group-7426FA8FAC29
2021-03-15 13:22:25,413 [ForkJoinPool.commonPool-worker-1] INFO  server.RaftServer$Division (RaftServerImpl.java:lambda$close$4(406)) - c8823aab-1c49-422a-a51c-c7b83b859fa6@group-184EB8E85B35: shutdown
2021-03-15 13:22:25,413 [ForkJoinPool.commonPool-worker-1] INFO  util.JmxRegister (JmxRegister.java:unregister(73)) - Successfully un-registered JMX Bean with object name Ratis:service=RaftServer,group=group-184EB8E85B35,id=c8823aab-1c49-422a-a51c-c7b83b859fa6
2021-03-15 13:22:25,414 [ForkJoinPool.commonPool-worker-1] INFO  impl.RoleInfo (RoleInfo.java:shutdownFollowerState(108)) - c8823aab-1c49-422a-a51c-c7b83b859fa6: shutdown c8823aab-1c49-422a-a51c-c7b83b859fa6@group-184EB8E85B35-FollowerState
2021-03-15 13:22:25,414 [Thread-361] INFO  impl.FollowerState (FollowerState.java:run(142)) - c8823aab-1c49-422a-a51c-c7b83b859fa6@group-184EB8E85B35-FollowerState was interrupted: {}
java.lang.InterruptedException: sleep interrupted
	at java.lang.Thread.sleep(Native Method)
	at java.lang.Thread.sleep(Thread.java:340)
	at java.util.concurrent.TimeUnit.sleep(TimeUnit.java:386)
	at org.apache.ratis.util.TimeDuration.sleep(TimeDuration.java:324)
	at org.apache.ratis.util.TimeDuration.sleep(TimeDuration.java:309)
	at org.apache.ratis.server.impl.FollowerState.run(FollowerState.java:117)
2021-03-15 13:22:25,414 [c8823aab-1c49-422a-a51c-c7b83b859fa6@group-184EB8E85B35-StateMachineUpdater] INFO  ratis.ContainerStateMachine (ContainerStateMachine.java:takeSnapshot(291)) - group-184EB8E85B35: Taking a snapshot at:(t:1, i:14) file /github/workspace/mnt/ozone/hadoop-ozone/integration-test/target/test-dir/MiniOzoneClusterImpl-10170ce6-1bcb-4b6c-85b7-fb1f14fc7e79/datanode-0/data/ratis/79e449a0-20f2-4382-bd34-184eb8e85b35/sm/snapshot.1_14
2021-03-15 13:22:25,414 [ForkJoinPool.commonPool-worker-1] INFO  impl.StateMachineUpdater (StateMachineUpdater.java:stopAndJoin(148)) - c8823aab-1c49-422a-a51c-c7b83b859fa6@group-184EB8E85B35-StateMachineUpdater: set stopIndex = 14
2021-03-15 13:22:25,415 [Listener at 127.0.0.1/41395] INFO  statemachine.DatanodeStateMachine (DatanodeStateMachine.java:stopDaemon(469)) - Ozone container server stopped.
2021-03-15 13:22:25,415 [c8823aab-1c49-422a-a51c-c7b83b859fa6@group-184EB8E85B35-StateMachineUpdater] INFO  ratis.ContainerStateMachine (ContainerStateMachine.java:takeSnapshot(302)) - group-184EB8E85B35: Finished taking a snapshot at:(t:1, i:14) file:/github/workspace/mnt/ozone/hadoop-ozone/integration-test/target/test-dir/MiniOzoneClusterImpl-10170ce6-1bcb-4b6c-85b7-fb1f14fc7e79/datanode-0/data/ratis/79e449a0-20f2-4382-bd34-184eb8e85b35/sm/snapshot.1_14 took: 2 ms
2021-03-15 13:22:25,415 [c8823aab-1c49-422a-a51c-c7b83b859fa6@group-184EB8E85B35-StateMachineUpdater] INFO  impl.StateMachineUpdater (StateMachineUpdater.java:takeSnapshot(279)) - c8823aab-1c49-422a-a51c-c7b83b859fa6@group-184EB8E85B35-StateMachineUpdater: Took a snapshot at index 14
2021-03-15 13:22:25,416 [c8823aab-1c49-422a-a51c-c7b83b859fa6@group-184EB8E85B35-StateMachineUpdater] INFO  impl.StateMachineUpdater (StateMachineUpdater.java:lambda$new$0(88)) - c8823aab-1c49-422a-a51c-c7b83b859fa6@group-184EB8E85B35-StateMachineUpdater: snapshotIndex: updateIncreasingly -1 -> 14
2021-03-15 13:22:25,416 [c8823aab-1c49-422a-a51c-c7b83b859fa6@group-184EB8E85B35-StateMachineUpdater] INFO  metrics.RatisMetrics (RatisMetrics.java:unregister(43)) - Unregistering Metrics Registry : ratis.state_machine.c8823aab-1c49-422a-a51c-c7b83b859fa6@group-184EB8E85B35
2021-03-15 13:22:25,421 [ForkJoinPool.commonPool-worker-1] INFO  server.RaftServer$Division (ServerState.java:close(405)) - c8823aab-1c49-422a-a51c-c7b83b859fa6@group-184EB8E85B35: closes. applyIndex: 14
2021-03-15 13:22:25,421 [c8823aab-1c49-422a-a51c-c7b83b859fa6@group-184EB8E85B35-SegmentedRaftLogWorker] INFO  segmented.SegmentedRaftLogWorker (SegmentedRaftLogWorker.java:run(326)) - c8823aab-1c49-422a-a51c-c7b83b859fa6@group-184EB8E85B35-SegmentedRaftLogWorker was interrupted, exiting. There are 0 tasks remaining in the queue.
2021-03-15 13:22:25,421 [ForkJoinPool.commonPool-worker-1] INFO  segmented.SegmentedRaftLogWorker (SegmentedRaftLogWorker.java:close(236)) - c8823aab-1c49-422a-a51c-c7b83b859fa6@group-184EB8E85B35-SegmentedRaftLogWorker close()
2021-03-15 13:22:25,421 [ForkJoinPool.commonPool-worker-1] INFO  metrics.RatisMetrics (RatisMetrics.java:unregister(43)) - Unregistering Metrics Registry : ratis.log_worker.c8823aab-1c49-422a-a51c-c7b83b859fa6@group-184EB8E85B35
2021-03-15 13:22:25,421 [ForkJoinPool.commonPool-worker-1] INFO  metrics.RatisMetrics (RatisMetrics.java:unregister(43)) - Unregistering Metrics Registry : ratis.leader_election.c8823aab-1c49-422a-a51c-c7b83b859fa6@group-184EB8E85B35
2021-03-15 13:22:25,422 [ForkJoinPool.commonPool-worker-1] INFO  metrics.RatisMetrics (RatisMetrics.java:unregister(43)) - Unregistering Metrics Registry : ratis.server.c8823aab-1c49-422a-a51c-c7b83b859fa6@group-184EB8E85B35
2021-03-15 13:22:25,422 [ForkJoinPool.commonPool-worker-1] INFO  server.RaftServer$Division (RaftServerImpl.java:lambda$close$4(406)) - c8823aab-1c49-422a-a51c-c7b83b859fa6@group-388B48EC2E2F: shutdown
2021-03-15 13:22:25,422 [ForkJoinPool.commonPool-worker-1] INFO  util.JmxRegister (JmxRegister.java:unregister(73)) - Successfully un-registered JMX Bean with object name Ratis:service=RaftServer,group=group-388B48EC2E2F,id=c8823aab-1c49-422a-a51c-c7b83b859fa6
2021-03-15 13:22:25,422 [ForkJoinPool.commonPool-worker-1] INFO  impl.RoleInfo (RoleInfo.java:shutdownFollowerState(108)) - c8823aab-1c49-422a-a51c-c7b83b859fa6: shutdown c8823aab-1c49-422a-a51c-c7b83b859fa6@group-388B48EC2E2F-FollowerState
2021-03-15 13:22:25,422 [Thread-750] INFO  impl.FollowerState (FollowerState.java:run(142)) - c8823aab-1c49-422a-a51c-c7b83b859fa6@group-388B48EC2E2F-FollowerState was interrupted: {}
java.lang.InterruptedException: sleep interrupted
	at java.lang.Thread.sleep(Native Method)
	at java.lang.Thread.sleep(Thread.java:340)
	at java.util.concurrent.TimeUnit.sleep(TimeUnit.java:386)
	at org.apache.ratis.util.TimeDuration.sleep(TimeDuration.java:324)
	at org.apache.ratis.util.TimeDuration.sleep(TimeDuration.java:309)
	at org.apache.ratis.server.impl.FollowerState.run(FollowerState.java:117)
2021-03-15 13:22:25,423 [ForkJoinPool.commonPool-worker-1] INFO  impl.StateMachineUpdater (StateMachineUpdater.java:stopAndJoin(148)) - c8823aab-1c49-422a-a51c-c7b83b859fa6@group-388B48EC2E2F-StateMachineUpdater: set stopIndex = 3
2021-03-15 13:22:25,423 [c8823aab-1c49-422a-a51c-c7b83b859fa6@group-388B48EC2E2F-StateMachineUpdater] INFO  ratis.ContainerStateMachine (ContainerStateMachine.java:takeSnapshot(291)) - group-388B48EC2E2F: Taking a snapshot at:(t:10, i:3) file /github/workspace/mnt/ozone/hadoop-ozone/integration-test/target/test-dir/MiniOzoneClusterImpl-10170ce6-1bcb-4b6c-85b7-fb1f14fc7e79/datanode-0/data/ratis/71864db7-4d39-4cb4-b48c-388b48ec2e2f/sm/snapshot.10_3
2021-03-15 13:22:25,423 [c8823aab-1c49-422a-a51c-c7b83b859fa6@group-388B48EC2E2F-StateMachineUpdater] INFO  ratis.ContainerStateMachine (ContainerStateMachine.java:takeSnapshot(302)) - group-388B48EC2E2F: Finished taking a snapshot at:(t:10, i:3) file:/github/workspace/mnt/ozone/hadoop-ozone/integration-test/target/test-dir/MiniOzoneClusterImpl-10170ce6-1bcb-4b6c-85b7-fb1f14fc7e79/datanode-0/data/ratis/71864db7-4d39-4cb4-b48c-388b48ec2e2f/sm/snapshot.10_3 took: 1 ms
2021-03-15 13:22:25,424 [c8823aab-1c49-422a-a51c-c7b83b859fa6@group-388B48EC2E2F-StateMachineUpdater] INFO  impl.StateMachineUpdater (StateMachineUpdater.java:takeSnapshot(279)) - c8823aab-1c49-422a-a51c-c7b83b859fa6@group-388B48EC2E2F-StateMachineUpdater: Took a snapshot at index 3
2021-03-15 13:22:25,424 [c8823aab-1c49-422a-a51c-c7b83b859fa6@group-388B48EC2E2F-StateMachineUpdater] INFO  impl.StateMachineUpdater (StateMachineUpdater.java:lambda$new$0(88)) - c8823aab-1c49-422a-a51c-c7b83b859fa6@group-388B48EC2E2F-StateMachineUpdater: snapshotIndex: updateIncreasingly -1 -> 3
2021-03-15 13:22:25,424 [c8823aab-1c49-422a-a51c-c7b83b859fa6@group-388B48EC2E2F-StateMachineUpdater] INFO  metrics.RatisMetrics (RatisMetrics.java:unregister(43)) - Unregistering Metrics Registry : ratis.state_machine.c8823aab-1c49-422a-a51c-c7b83b859fa6@group-388B48EC2E2F
2021-03-15 13:22:25,424 [ForkJoinPool.commonPool-worker-1] INFO  server.RaftServer$Division (ServerState.java:close(405)) - c8823aab-1c49-422a-a51c-c7b83b859fa6@group-388B48EC2E2F: closes. applyIndex: 3
2021-03-15 13:22:25,424 [c8823aab-1c49-422a-a51c-c7b83b859fa6@group-388B48EC2E2F-SegmentedRaftLogWorker] INFO  segmented.SegmentedRaftLogWorker (SegmentedRaftLogWorker.java:run(326)) - c8823aab-1c49-422a-a51c-c7b83b859fa6@group-388B48EC2E2F-SegmentedRaftLogWorker was interrupted, exiting. There are 0 tasks remaining in the queue.
2021-03-15 13:22:25,425 [ForkJoinPool.commonPool-worker-1] INFO  segmented.SegmentedRaftLogWorker (SegmentedRaftLogWorker.java:close(236)) - c8823aab-1c49-422a-a51c-c7b83b859fa6@group-388B48EC2E2F-SegmentedRaftLogWorker close()
2021-03-15 13:22:25,425 [ForkJoinPool.commonPool-worker-1] INFO  metrics.RatisMetrics (RatisMetrics.java:unregister(43)) - Unregistering Metrics Registry : ratis.log_worker.c8823aab-1c49-422a-a51c-c7b83b859fa6@group-388B48EC2E2F
2021-03-15 13:22:25,425 [ForkJoinPool.commonPool-worker-1] INFO  metrics.RatisMetrics (RatisMetrics.java:unregister(43)) - Unregistering Metrics Registry : ratis.leader_election.c8823aab-1c49-422a-a51c-c7b83b859fa6@group-388B48EC2E2F
2021-03-15 13:22:25,425 [ForkJoinPool.commonPool-worker-1] INFO  metrics.RatisMetrics (RatisMetrics.java:unregister(43)) - Unregistering Metrics Registry : ratis.server.c8823aab-1c49-422a-a51c-c7b83b859fa6@group-388B48EC2E2F
2021-03-15 13:22:25,425 [ForkJoinPool.commonPool-worker-1] INFO  server.GrpcService (GrpcService.java:closeImpl(262)) - c8823aab-1c49-422a-a51c-c7b83b859fa6: shutdown server with port 38877 now
2021-03-15 13:22:25,427 [ForkJoinPool.commonPool-worker-1] INFO  server.GrpcService (GrpcService.java:closeImpl(271)) - c8823aab-1c49-422a-a51c-c7b83b859fa6: shutdown server with port 38877 successfully
2021-03-15 13:22:25,427 [org.apache.ratis.util.JvmPauseMonitor$$Lambda$504/75164635@1d085d75] INFO  util.JvmPauseMonitor (JvmPauseMonitor.java:run(109)) - JvmPauseMonitor-c8823aab-1c49-422a-a51c-c7b83b859fa6: Stopped
2021-03-15 13:22:25,429 [Listener at 127.0.0.1/41395] INFO  handler.ContextHandler (ContextHandler.java:doStop(1154)) - Stopped o.e.j.w.WebAppContext@6ca98aad{hddsDatanode,/,null,STOPPED}{jar:file:/home/user/.m2/repository/org/apache/hadoop/hadoop-hdds-container-service/1.1.0-SNAPSHOT/hadoop-hdds-container-service-1.1.0-SNAPSHOT.jar!/webapps/hddsDatanode}
2021-03-15 13:22:25,429 [ForkJoinPool.commonPool-worker-1] INFO  utils.BackgroundService (BackgroundService.java:shutdown(132)) - Shutting down service BlockDeletingService
2021-03-15 13:22:25,430 [Listener at 127.0.0.1/41395] INFO  server.AbstractConnector (AbstractConnector.java:doStop(381)) - Stopped ServerConnector@5e688357{HTTP/1.1, (http/1.1)}{0.0.0.0:0}
2021-03-15 13:22:25,430 [Listener at 127.0.0.1/41395] INFO  server.session (HouseKeeper.java:stopScavenging(149)) - node0 Stopped scavenging
2021-03-15 13:22:25,430 [Listener at 127.0.0.1/41395] INFO  handler.ContextHandler (ContextHandler.java:doStop(1154)) - Stopped o.e.j.s.ServletContextHandler@444770f6{static,/static,jar:file:/home/user/.m2/repository/org/apache/hadoop/hadoop-hdds-container-service/1.1.0-SNAPSHOT/hadoop-hdds-container-service-1.1.0-SNAPSHOT.jar!/webapps/static,STOPPED}
2021-03-15 13:22:25,430 [Listener at 127.0.0.1/41395] INFO  handler.ContextHandler (ContextHandler.java:doStop(1154)) - Stopped o.e.j.s.ServletContextHandler@59fd3784{logs,/logs,file:///github/workspace/mnt/ozone/hadoop-ozone/integration-test/target/log,STOPPED}
2021-03-15 13:22:25,432 [ForkJoinPool.commonPool-worker-1] INFO  statemachine.DatanodeStateMachine (DatanodeStateMachine.java:stopDaemon(469)) - Ozone container server stopped.
2021-03-15 13:22:25,447 [ForkJoinPool.commonPool-worker-1] INFO  handler.ContextHandler (ContextHandler.java:doStop(1154)) - Stopped o.e.j.w.WebAppContext@15a34a95{hddsDatanode,/,null,STOPPED}{jar:file:/home/user/.m2/repository/org/apache/hadoop/hadoop-hdds-container-service/1.1.0-SNAPSHOT/hadoop-hdds-container-service-1.1.0-SNAPSHOT.jar!/webapps/hddsDatanode}
2021-03-15 13:22:25,448 [ForkJoinPool.commonPool-worker-1] INFO  server.AbstractConnector (AbstractConnector.java:doStop(381)) - Stopped ServerConnector@3c72a25b{HTTP/1.1, (http/1.1)}{0.0.0.0:0}
2021-03-15 13:22:25,448 [ForkJoinPool.commonPool-worker-1] INFO  server.session (HouseKeeper.java:stopScavenging(149)) - node0 Stopped scavenging
2021-03-15 13:22:25,450 [ForkJoinPool.commonPool-worker-1] INFO  handler.ContextHandler (ContextHandler.java:doStop(1154)) - Stopped o.e.j.s.ServletContextHandler@384bade3{static,/static,jar:file:/home/user/.m2/repository/org/apache/hadoop/hadoop-hdds-container-service/1.1.0-SNAPSHOT/hadoop-hdds-container-service-1.1.0-SNAPSHOT.jar!/webapps/static,STOPPED}
2021-03-15 13:22:25,451 [ForkJoinPool.commonPool-worker-1] INFO  handler.ContextHandler (ContextHandler.java:doStop(1154)) - Stopped o.e.j.s.ServletContextHandler@7c20f781{logs,/logs,file:///github/workspace/mnt/ozone/hadoop-ozone/integration-test/target/log,STOPPED}
2021-03-15 13:22:25,881 [Datanode State Machine Thread - 0] INFO  statemachine.DatanodeStateMachine (DatanodeStateMachine.java:lambda$startDaemon$0(411)) - Ozone container server started.
2021-03-15 13:22:28,986 [Thread-749] INFO  impl.FollowerState (FollowerState.java:run(133)) - 490c2edb-ef6d-43f1-a3fc-38f1bdb7d380@group-9EB71483E61B-FollowerState: change to CANDIDATE, lastRpcElapsedTime:5086345600ns, electionTimeout:5086ms
2021-03-15 13:22:28,986 [Thread-749] INFO  impl.RoleInfo (RoleInfo.java:shutdownFollowerState(108)) - 490c2edb-ef6d-43f1-a3fc-38f1bdb7d380: shutdown 490c2edb-ef6d-43f1-a3fc-38f1bdb7d380@group-9EB71483E61B-FollowerState
2021-03-15 13:22:28,986 [Thread-749] INFO  server.RaftServer$Division (RaftServerImpl.java:setRole(284)) - 490c2edb-ef6d-43f1-a3fc-38f1bdb7d380@group-9EB71483E61B: changes role from  FOLLOWER to CANDIDATE at term 4 for changeToCandidate
2021-03-15 13:22:28,986 [Thread-749] INFO  server.RaftServerConfigKeys (ConfUtils.java:logGet(44)) - raft.server.leaderelection.pre-vote = false (custom)
2021-03-15 13:22:28,986 [Thread-749] INFO  impl.RoleInfo (RoleInfo.java:updateAndGet(130)) - 490c2edb-ef6d-43f1-a3fc-38f1bdb7d380: start 490c2edb-ef6d-43f1-a3fc-38f1bdb7d380@group-9EB71483E61B-LeaderElection48
2021-03-15 13:22:28,988 [490c2edb-ef6d-43f1-a3fc-38f1bdb7d380@group-9EB71483E61B-LeaderElection48] INFO  impl.LeaderElection (LeaderElection.java:askForVotes(307)) - 490c2edb-ef6d-43f1-a3fc-38f1bdb7d380@group-9EB71483E61B-LeaderElection48 ELECTION round 0: submit vote requests at term 5 for 0: [01124cd4-4ace-459c-9f52-5cd7a41fca7c|rpc:172.17.0.2:40903|dataStream:|priority:1, 8f544fba-ae2a-4c10-8316-b74b14cffb80|rpc:172.17.0.2:35899|dataStream:|priority:0, 490c2edb-ef6d-43f1-a3fc-38f1bdb7d380|rpc:172.17.0.2:35411|dataStream:|priority:0], old=null
2021-03-15 13:22:28,989 [490c2edb-ef6d-43f1-a3fc-38f1bdb7d380@group-9EB71483E61B-LeaderElection48] INFO  impl.LeaderElection (LogUtils.java:infoOrTrace(137)) - 490c2edb-ef6d-43f1-a3fc-38f1bdb7d380@group-9EB71483E61B-LeaderElection48 got exception when requesting votes: java.util.concurrent.ExecutionException: org.apache.ratis.thirdparty.io.grpc.StatusRuntimeException: UNAVAILABLE: io exception
2021-03-15 13:22:28,989 [490c2edb-ef6d-43f1-a3fc-38f1bdb7d380@group-9EB71483E61B-LeaderElection48] INFO  impl.LeaderElection (LogUtils.java:infoOrTrace(137)) - 490c2edb-ef6d-43f1-a3fc-38f1bdb7d380@group-9EB71483E61B-LeaderElection48 got exception when requesting votes: java.util.concurrent.ExecutionException: org.apache.ratis.thirdparty.io.grpc.StatusRuntimeException: UNAVAILABLE: io exception
2021-03-15 13:22:28,989 [490c2edb-ef6d-43f1-a3fc-38f1bdb7d380@group-9EB71483E61B-LeaderElection48] INFO  impl.LeaderElection (LeaderElection.java:logAndReturn(89)) - 490c2edb-ef6d-43f1-a3fc-38f1bdb7d380@group-9EB71483E61B-LeaderElection48: ELECTION REJECTED received 0 response(s) and 2 exception(s):
2021-03-15 13:22:28,989 [490c2edb-ef6d-43f1-a3fc-38f1bdb7d380@group-9EB71483E61B-LeaderElection48] INFO  impl.LeaderElection (LogUtils.java:infoOrTrace(137)) -   Exception 0: java.util.concurrent.ExecutionException: org.apache.ratis.thirdparty.io.grpc.StatusRuntimeException: UNAVAILABLE: io exception
2021-03-15 13:22:28,989 [490c2edb-ef6d-43f1-a3fc-38f1bdb7d380@group-9EB71483E61B-LeaderElection48] INFO  impl.LeaderElection (LogUtils.java:infoOrTrace(137)) -   Exception 1: java.util.concurrent.ExecutionException: org.apache.ratis.thirdparty.io.grpc.StatusRuntimeException: UNAVAILABLE: io exception
2021-03-15 13:22:28,989 [490c2edb-ef6d-43f1-a3fc-38f1bdb7d380@group-9EB71483E61B-LeaderElection48] INFO  impl.LeaderElection (LeaderElection.java:askForVotes(309)) - 490c2edb-ef6d-43f1-a3fc-38f1bdb7d380@group-9EB71483E61B-LeaderElection48 ELECTION round 0: result REJECTED
2021-03-15 13:22:28,989 [490c2edb-ef6d-43f1-a3fc-38f1bdb7d380@group-9EB71483E61B-LeaderElection48] INFO  server.RaftServer$Division (RaftServerImpl.java:setRole(284)) - 490c2edb-ef6d-43f1-a3fc-38f1bdb7d380@group-9EB71483E61B: changes role from CANDIDATE to FOLLOWER at term 5 for REJECTED
2021-03-15 13:22:28,989 [490c2edb-ef6d-43f1-a3fc-38f1bdb7d380@group-9EB71483E61B-LeaderElection48] INFO  impl.RoleInfo (RoleInfo.java:shutdownLeaderElection(121)) - 490c2edb-ef6d-43f1-a3fc-38f1bdb7d380: shutdown 490c2edb-ef6d-43f1-a3fc-38f1bdb7d380@group-9EB71483E61B-LeaderElection48
2021-03-15 13:22:28,989 [490c2edb-ef6d-43f1-a3fc-38f1bdb7d380@group-9EB71483E61B-LeaderElection48] INFO  impl.RoleInfo (RoleInfo.java:updateAndGet(130)) - 490c2edb-ef6d-43f1-a3fc-38f1bdb7d380: start 490c2edb-ef6d-43f1-a3fc-38f1bdb7d380@group-9EB71483E61B-FollowerState
2021-03-15 13:22:29,029 [Thread-751] INFO  impl.FollowerState (FollowerState.java:lostMajorityHeartbeatsRecently(106)) - 490c2edb-ef6d-43f1-a3fc-38f1bdb7d380@group-E860D21F6A2B-FollowerState: Skipping leader election since it stepped down recently (elapsed = 5108ms < waitTime = 10s)
2021-03-15 13:22:29,536 [EventQueue-StaleNodeForStaleNodeHandler] INFO  node.StaleNodeHandler (StaleNodeHandler.java:onMessage(58)) - Datanode c8823aab-1c49-422a-a51c-c7b83b859fa6{ip: 172.17.0.2, host: 287f2862ff4e, ports: [REPLICATION=46731, RATIS=38877, RATIS_ADMIN=38877, RATIS_SERVER=38877, STANDALONE=44487], networkLocation: /default-rack, certSerialId: null, persistedOpState: IN_SERVICE, persistedOpStateExpiryEpochSec: 0} moved to stale state. Finalizing its pipelines [PipelineID=ac74313d-67a1-459f-9117-7426fa8fac29, PipelineID=79e449a0-20f2-4382-bd34-184eb8e85b35, PipelineID=9f1add18-8dc6-4258-8066-6d25acfecdb7, PipelineID=71864db7-4d39-4cb4-b48c-388b48ec2e2f]
2021-03-15 13:22:29,536 [EventQueue-StaleNodeForStaleNodeHandler] INFO  pipeline.SCMPipelineManager (SCMPipelineManager.java:finalizeAndDestroyPipeline(483)) - Destroying pipeline:Pipeline[ Id: ac74313d-67a1-459f-9117-7426fa8fac29, Nodes: c8823aab-1c49-422a-a51c-c7b83b859fa6{ip: 172.17.0.2, host: 287f2862ff4e, ports: [REPLICATION=46731, RATIS=38877, RATIS_ADMIN=38877, RATIS_SERVER=38877, STANDALONE=44487], networkLocation: /default-rack, certSerialId: null, persistedOpState: IN_SERVICE, persistedOpStateExpiryEpochSec: 0}29adc670-2c1e-4c6c-9558-1601f864128b{ip: 172.17.0.2, host: 287f2862ff4e, ports: [REPLICATION=36101, RATIS=37315, RATIS_ADMIN=37315, RATIS_SERVER=37315, STANDALONE=46417], networkLocation: /default-rack, certSerialId: null, persistedOpState: IN_SERVICE, persistedOpStateExpiryEpochSec: 0}2bcf9514-6eaf-4328-a021-870a209d39c4{ip: 172.17.0.2, host: 287f2862ff4e, ports: [REPLICATION=39657, RATIS=43919, RATIS_ADMIN=43919, RATIS_SERVER=43919, STANDALONE=43389], networkLocation: /default-rack, certSerialId: null, persistedOpState: IN_SERVICE, persistedOpStateExpiryEpochSec: 0}, Type:RATIS, Factor:THREE, State:CLOSED, leaderId:29adc670-2c1e-4c6c-9558-1601f864128b, CreationTimestamp2021-03-15T13:21:29.093Z]
2021-03-15 13:22:29,537 [EventQueue-StaleNodeForStaleNodeHandler] INFO  pipeline.SCMPipelineManager (SCMPipelineManager.java:finalizeAndDestroyPipeline(483)) - Destroying pipeline:Pipeline[ Id: 79e449a0-20f2-4382-bd34-184eb8e85b35, Nodes: 29adc670-2c1e-4c6c-9558-1601f864128b{ip: 172.17.0.2, host: 287f2862ff4e, ports: [REPLICATION=36101, RATIS=37315, RATIS_ADMIN=37315, RATIS_SERVER=37315, STANDALONE=46417], networkLocation: /default-rack, certSerialId: null, persistedOpState: IN_SERVICE, persistedOpStateExpiryEpochSec: 0}2bcf9514-6eaf-4328-a021-870a209d39c4{ip: 172.17.0.2, host: 287f2862ff4e, ports: [REPLICATION=39657, RATIS=43919, RATIS_ADMIN=43919, RATIS_SERVER=43919, STANDALONE=43389], networkLocation: /default-rack, certSerialId: null, persistedOpState: IN_SERVICE, persistedOpStateExpiryEpochSec: 0}c8823aab-1c49-422a-a51c-c7b83b859fa6{ip: 172.17.0.2, host: 287f2862ff4e, ports: [REPLICATION=46731, RATIS=38877, RATIS_ADMIN=38877, RATIS_SERVER=38877, STANDALONE=44487], networkLocation: /default-rack, certSerialId: null, persistedOpState: IN_SERVICE, persistedOpStateExpiryEpochSec: 0}, Type:RATIS, Factor:THREE, State:CLOSED, leaderId:2bcf9514-6eaf-4328-a021-870a209d39c4, CreationTimestamp2021-03-15T13:21:29.096Z]
2021-03-15 13:22:29,537 [EventQueue-StaleNodeForStaleNodeHandler] INFO  pipeline.SCMPipelineManager (SCMPipelineManager.java:finalizeAndDestroyPipeline(483)) - Destroying pipeline:Pipeline[ Id: 9f1add18-8dc6-4258-8066-6d25acfecdb7, Nodes: c8823aab-1c49-422a-a51c-c7b83b859fa6{ip: 172.17.0.2, host: 287f2862ff4e, ports: [REPLICATION=46731, RATIS=38877, RATIS_ADMIN=38877, RATIS_SERVER=38877, STANDALONE=44487], networkLocation: /default-rack, certSerialId: null, persistedOpState: IN_SERVICE, persistedOpStateExpiryEpochSec: 0}, Type:RATIS, Factor:ONE, State:OPEN, leaderId:c8823aab-1c49-422a-a51c-c7b83b859fa6, CreationTimestamp2021-03-15T13:21:28.321Z]
2021-03-15 13:22:29,538 [EventQueue-StaleNodeForStaleNodeHandler] INFO  pipeline.PipelineStateManager (PipelineStateManager.java:finalizePipeline(121)) - Pipeline Pipeline[ Id: 9f1add18-8dc6-4258-8066-6d25acfecdb7, Nodes: c8823aab-1c49-422a-a51c-c7b83b859fa6{ip: 172.17.0.2, host: 287f2862ff4e, ports: [REPLICATION=46731, RATIS=38877, RATIS_ADMIN=38877, RATIS_SERVER=38877, STANDALONE=44487], networkLocation: /default-rack, certSerialId: null, persistedOpState: IN_SERVICE, persistedOpStateExpiryEpochSec: 0}, Type:RATIS, Factor:ONE, State:CLOSED, leaderId:c8823aab-1c49-422a-a51c-c7b83b859fa6, CreationTimestamp2021-03-15T13:21:28.321Z] moved to CLOSED state
2021-03-15 13:22:29,538 [EventQueue-StaleNodeForStaleNodeHandler] INFO  pipeline.SCMPipelineManager (SCMPipelineManager.java:finalizeAndDestroyPipeline(483)) - Destroying pipeline:Pipeline[ Id: 71864db7-4d39-4cb4-b48c-388b48ec2e2f, Nodes: c8823aab-1c49-422a-a51c-c7b83b859fa6{ip: 172.17.0.2, host: 287f2862ff4e, ports: [REPLICATION=46731, RATIS=38877, RATIS_ADMIN=38877, RATIS_SERVER=38877, STANDALONE=44487], networkLocation: /default-rack, certSerialId: null, persistedOpState: IN_SERVICE, persistedOpStateExpiryEpochSec: 0}29adc670-2c1e-4c6c-9558-1601f864128b{ip: 172.17.0.2, host: 287f2862ff4e, ports: [REPLICATION=36101, RATIS=37315, RATIS_ADMIN=37315, RATIS_SERVER=37315, STANDALONE=46417], networkLocation: /default-rack, certSerialId: null, persistedOpState: IN_SERVICE, persistedOpStateExpiryEpochSec: 0}2bcf9514-6eaf-4328-a021-870a209d39c4{ip: 172.17.0.2, host: 287f2862ff4e, ports: [REPLICATION=39657, RATIS=43919, RATIS_ADMIN=43919, RATIS_SERVER=43919, STANDALONE=43389], networkLocation: /default-rack, certSerialId: null, persistedOpState: IN_SERVICE, persistedOpStateExpiryEpochSec: 0}, Type:RATIS, Factor:THREE, State:CLOSED, leaderId:c8823aab-1c49-422a-a51c-c7b83b859fa6, CreationTimestamp2021-03-15T13:21:29.094Z]
2021-03-15 13:22:29,589 [Thread-755] INFO  impl.FollowerState (FollowerState.java:run(133)) - 490c2edb-ef6d-43f1-a3fc-38f1bdb7d380@group-D764FF994818-FollowerState: change to CANDIDATE, lastRpcElapsedTime:5050494838ns, electionTimeout:5050ms
2021-03-15 13:22:29,590 [Thread-755] INFO  impl.RoleInfo (RoleInfo.java:shutdownFollowerState(108)) - 490c2edb-ef6d-43f1-a3fc-38f1bdb7d380: shutdown 490c2edb-ef6d-43f1-a3fc-38f1bdb7d380@group-D764FF994818-FollowerState
2021-03-15 13:22:29,590 [Thread-755] INFO  server.RaftServer$Division (RaftServerImpl.java:setRole(284)) - 490c2edb-ef6d-43f1-a3fc-38f1bdb7d380@group-D764FF994818: changes role from  FOLLOWER to CANDIDATE at term 9 for changeToCandidate
2021-03-15 13:22:29,590 [Thread-755] INFO  server.RaftServerConfigKeys (ConfUtils.java:logGet(44)) - raft.server.leaderelection.pre-vote = false (custom)
2021-03-15 13:22:29,590 [Thread-755] INFO  impl.RoleInfo (RoleInfo.java:updateAndGet(130)) - 490c2edb-ef6d-43f1-a3fc-38f1bdb7d380: start 490c2edb-ef6d-43f1-a3fc-38f1bdb7d380@group-D764FF994818-LeaderElection49
2021-03-15 13:22:29,592 [490c2edb-ef6d-43f1-a3fc-38f1bdb7d380@group-D764FF994818-LeaderElection49] INFO  impl.LeaderElection (LeaderElection.java:askForVotes(307)) - 490c2edb-ef6d-43f1-a3fc-38f1bdb7d380@group-D764FF994818-LeaderElection49 ELECTION round 0: submit vote requests at term 10 for 0: [01124cd4-4ace-459c-9f52-5cd7a41fca7c|rpc:172.17.0.2:40903|dataStream:|priority:0, 8f544fba-ae2a-4c10-8316-b74b14cffb80|rpc:172.17.0.2:35899|dataStream:|priority:1, 490c2edb-ef6d-43f1-a3fc-38f1bdb7d380|rpc:172.17.0.2:35411|dataStream:|priority:0], old=null
2021-03-15 13:22:29,593 [490c2edb-ef6d-43f1-a3fc-38f1bdb7d380@group-D764FF994818-LeaderElection49] INFO  impl.LeaderElection (LogUtils.java:infoOrTrace(137)) - 490c2edb-ef6d-43f1-a3fc-38f1bdb7d380@group-D764FF994818-LeaderElection49 got exception when requesting votes: java.util.concurrent.ExecutionException: org.apache.ratis.thirdparty.io.grpc.StatusRuntimeException: UNAVAILABLE: io exception
2021-03-15 13:22:29,593 [490c2edb-ef6d-43f1-a3fc-38f1bdb7d380@group-D764FF994818-LeaderElection49] INFO  impl.LeaderElection (LogUtils.java:infoOrTrace(137)) - 490c2edb-ef6d-43f1-a3fc-38f1bdb7d380@group-D764FF994818-LeaderElection49 got exception when requesting votes: java.util.concurrent.ExecutionException: org.apache.ratis.thirdparty.io.grpc.StatusRuntimeException: UNAVAILABLE: io exception
2021-03-15 13:22:29,593 [490c2edb-ef6d-43f1-a3fc-38f1bdb7d380@group-D764FF994818-LeaderElection49] INFO  impl.LeaderElection (LeaderElection.java:logAndReturn(89)) - 490c2edb-ef6d-43f1-a3fc-38f1bdb7d380@group-D764FF994818-LeaderElection49: ELECTION REJECTED received 0 response(s) and 2 exception(s):
2021-03-15 13:22:29,593 [490c2edb-ef6d-43f1-a3fc-38f1bdb7d380@group-D764FF994818-LeaderElection49] INFO  impl.LeaderElection (LogUtils.java:infoOrTrace(137)) -   Exception 0: java.util.concurrent.ExecutionException: org.apache.ratis.thirdparty.io.grpc.StatusRuntimeException: UNAVAILABLE: io exception
2021-03-15 13:22:29,593 [490c2edb-ef6d-43f1-a3fc-38f1bdb7d380@group-D764FF994818-LeaderElection49] INFO  impl.LeaderElection (LogUtils.java:infoOrTrace(137)) -   Exception 1: java.util.concurrent.ExecutionException: org.apache.ratis.thirdparty.io.grpc.StatusRuntimeException: UNAVAILABLE: io exception
2021-03-15 13:22:29,593 [490c2edb-ef6d-43f1-a3fc-38f1bdb7d380@group-D764FF994818-LeaderElection49] INFO  impl.LeaderElection (LeaderElection.java:askForVotes(309)) - 490c2edb-ef6d-43f1-a3fc-38f1bdb7d380@group-D764FF994818-LeaderElection49 ELECTION round 0: result REJECTED
2021-03-15 13:22:29,593 [490c2edb-ef6d-43f1-a3fc-38f1bdb7d380@group-D764FF994818-LeaderElection49] INFO  server.RaftServer$Division (RaftServerImpl.java:setRole(284)) - 490c2edb-ef6d-43f1-a3fc-38f1bdb7d380@group-D764FF994818: changes role from CANDIDATE to FOLLOWER at term 10 for REJECTED
2021-03-15 13:22:29,593 [490c2edb-ef6d-43f1-a3fc-38f1bdb7d380@group-D764FF994818-LeaderElection49] INFO  impl.RoleInfo (RoleInfo.java:shutdownLeaderElection(121)) - 490c2edb-ef6d-43f1-a3fc-38f1bdb7d380: shutdown 490c2edb-ef6d-43f1-a3fc-38f1bdb7d380@group-D764FF994818-LeaderElection49
2021-03-15 13:22:29,593 [490c2edb-ef6d-43f1-a3fc-38f1bdb7d380@group-D764FF994818-LeaderElection49] INFO  impl.RoleInfo (RoleInfo.java:updateAndGet(130)) - 490c2edb-ef6d-43f1-a3fc-38f1bdb7d380: start 490c2edb-ef6d-43f1-a3fc-38f1bdb7d380@group-D764FF994818-FollowerState
2021-03-15 13:22:29,737 [EventQueue-DeadNodeForDeadNodeHandler] INFO  node.DeadNodeHandler (DeadNodeHandler.java:onMessage(77)) - A dead datanode is detected. 8f544fba-ae2a-4c10-8316-b74b14cffb80{ip: 172.17.0.2, host: 287f2862ff4e, ports: [REPLICATION=41745, RATIS=35899, RATIS_ADMIN=35899, RATIS_SERVER=35899, STANDALONE=36625], networkLocation: /default-rack, certSerialId: null, persistedOpState: IN_SERVICE, persistedOpStateExpiryEpochSec: 0}
2021-03-15 13:22:29,738 [EventQueue-DeadNodeForDeadNodeHandler] INFO  pipeline.SCMPipelineManager (SCMPipelineManager.java:finalizeAndDestroyPipeline(483)) - Destroying pipeline:Pipeline[ Id: 3131fd0c-3f52-4949-b04d-9eb71483e61b, Nodes: 01124cd4-4ace-459c-9f52-5cd7a41fca7c{ip: 172.17.0.2, host: 287f2862ff4e, ports: [REPLICATION=39869, RATIS=40903, RATIS_ADMIN=40903, RATIS_SERVER=40903, STANDALONE=40093], networkLocation: /default-rack, certSerialId: null, persistedOpState: IN_SERVICE, persistedOpStateExpiryEpochSec: 0}8f544fba-ae2a-4c10-8316-b74b14cffb80{ip: 172.17.0.2, host: 287f2862ff4e, ports: [REPLICATION=41745, RATIS=35899, RATIS_ADMIN=35899, RATIS_SERVER=35899, STANDALONE=36625], networkLocation: /default-rack, certSerialId: null, persistedOpState: IN_SERVICE, persistedOpStateExpiryEpochSec: 0}490c2edb-ef6d-43f1-a3fc-38f1bdb7d380{ip: 172.17.0.2, host: 287f2862ff4e, ports: [REPLICATION=40983, RATIS=35411, RATIS_ADMIN=35411, RATIS_SERVER=35411, STANDALONE=40231], networkLocation: /default-rack, certSerialId: null, persistedOpState: IN_SERVICE, persistedOpStateExpiryEpochSec: 0}, Type:RATIS, Factor:THREE, State:CLOSED, leaderId:01124cd4-4ace-459c-9f52-5cd7a41fca7c, CreationTimestamp2021-03-15T13:21:29.850Z]
2021-03-15 13:22:29,739 [EventQueue-DeadNodeForDeadNodeHandler] INFO  pipeline.RatisPipelineProvider (RatisPipelineProvider.java:lambda$close$1(200)) - Send pipeline:PipelineID=3131fd0c-3f52-4949-b04d-9eb71483e61b close command to datanode 01124cd4-4ace-459c-9f52-5cd7a41fca7c
2021-03-15 13:22:29,739 [EventQueue-DeadNodeForDeadNodeHandler] INFO  pipeline.RatisPipelineProvider (RatisPipelineProvider.java:lambda$close$1(200)) - Send pipeline:PipelineID=3131fd0c-3f52-4949-b04d-9eb71483e61b close command to datanode 8f544fba-ae2a-4c10-8316-b74b14cffb80
2021-03-15 13:22:29,739 [EventQueue-DeadNodeForDeadNodeHandler] INFO  pipeline.RatisPipelineProvider (RatisPipelineProvider.java:lambda$close$1(200)) - Send pipeline:PipelineID=3131fd0c-3f52-4949-b04d-9eb71483e61b close command to datanode 490c2edb-ef6d-43f1-a3fc-38f1bdb7d380
2021-03-15 13:22:29,739 [EventQueue-DeadNodeForDeadNodeHandler] INFO  pipeline.PipelineStateManager (PipelineStateManager.java:removePipeline(106)) - Pipeline Pipeline[ Id: 3131fd0c-3f52-4949-b04d-9eb71483e61b, Nodes: 01124cd4-4ace-459c-9f52-5cd7a41fca7c{ip: 172.17.0.2, host: 287f2862ff4e, ports: [REPLICATION=39869, RATIS=40903, RATIS_ADMIN=40903, RATIS_SERVER=40903, STANDALONE=40093], networkLocation: /default-rack, certSerialId: null, persistedOpState: IN_SERVICE, persistedOpStateExpiryEpochSec: 0}8f544fba-ae2a-4c10-8316-b74b14cffb80{ip: 172.17.0.2, host: 287f2862ff4e, ports: [REPLICATION=41745, RATIS=35899, RATIS_ADMIN=35899, RATIS_SERVER=35899, STANDALONE=36625], networkLocation: /default-rack, certSerialId: null, persistedOpState: IN_SERVICE, persistedOpStateExpiryEpochSec: 0}490c2edb-ef6d-43f1-a3fc-38f1bdb7d380{ip: 172.17.0.2, host: 287f2862ff4e, ports: [REPLICATION=40983, RATIS=35411, RATIS_ADMIN=35411, RATIS_SERVER=35411, STANDALONE=40231], networkLocation: /default-rack, certSerialId: null, persistedOpState: IN_SERVICE, persistedOpStateExpiryEpochSec: 0}, Type:RATIS, Factor:THREE, State:CLOSED, leaderId:01124cd4-4ace-459c-9f52-5cd7a41fca7c, CreationTimestamp2021-03-15T13:21:29.850Z] removed from db
2021-03-15 13:22:29,740 [EventQueue-DeadNodeForDeadNodeHandler] INFO  pipeline.SCMPipelineManager (SCMPipelineManager.java:finalizeAndDestroyPipeline(483)) - Destroying pipeline:Pipeline[ Id: c8b00f4b-c710-4772-a5b0-8e469e476b4e, Nodes: 8f544fba-ae2a-4c10-8316-b74b14cffb80{ip: 172.17.0.2, host: 287f2862ff4e, ports: [REPLICATION=41745, RATIS=35899, RATIS_ADMIN=35899, RATIS_SERVER=35899, STANDALONE=36625], networkLocation: /default-rack, certSerialId: null, persistedOpState: IN_SERVICE, persistedOpStateExpiryEpochSec: 0}, Type:RATIS, Factor:ONE, State:CLOSED, leaderId:8f544fba-ae2a-4c10-8316-b74b14cffb80, CreationTimestamp2021-03-15T13:21:29.530Z]
2021-03-15 13:22:29,740 [EventQueue-DeadNodeForDeadNodeHandler] INFO  pipeline.RatisPipelineProvider (RatisPipelineProvider.java:lambda$close$1(200)) - Send pipeline:PipelineID=c8b00f4b-c710-4772-a5b0-8e469e476b4e close command to datanode 8f544fba-ae2a-4c10-8316-b74b14cffb80
2021-03-15 13:22:29,740 [EventQueue-DeadNodeForDeadNodeHandler] INFO  pipeline.PipelineStateManager (PipelineStateManager.java:removePipeline(106)) - Pipeline Pipeline[ Id: c8b00f4b-c710-4772-a5b0-8e469e476b4e, Nodes: 8f544fba-ae2a-4c10-8316-b74b14cffb80{ip: 172.17.0.2, host: 287f2862ff4e, ports: [REPLICATION=41745, RATIS=35899, RATIS_ADMIN=35899, RATIS_SERVER=35899, STANDALONE=36625], networkLocation: /default-rack, certSerialId: null, persistedOpState: IN_SERVICE, persistedOpStateExpiryEpochSec: 0}, Type:RATIS, Factor:ONE, State:CLOSED, leaderId:8f544fba-ae2a-4c10-8316-b74b14cffb80, CreationTimestamp2021-03-15T13:21:29.530Z] removed from db
2021-03-15 13:22:29,740 [EventQueue-DeadNodeForDeadNodeHandler] INFO  pipeline.SCMPipelineManager (SCMPipelineManager.java:finalizeAndDestroyPipeline(483)) - Destroying pipeline:Pipeline[ Id: a8a0e27c-b300-4a92-8e30-d764ff994818, Nodes: 8f544fba-ae2a-4c10-8316-b74b14cffb80{ip: 172.17.0.2, host: 287f2862ff4e, ports: [REPLICATION=41745, RATIS=35899, RATIS_ADMIN=35899, RATIS_SERVER=35899, STANDALONE=36625], networkLocation: /default-rack, certSerialId: null, persistedOpState: IN_SERVICE, persistedOpStateExpiryEpochSec: 0}01124cd4-4ace-459c-9f52-5cd7a41fca7c{ip: 172.17.0.2, host: 287f2862ff4e, ports: [REPLICATION=39869, RATIS=40903, RATIS_ADMIN=40903, RATIS_SERVER=40903, STANDALONE=40093], networkLocation: /default-rack, certSerialId: null, persistedOpState: IN_SERVICE, persistedOpStateExpiryEpochSec: 0}490c2edb-ef6d-43f1-a3fc-38f1bdb7d380{ip: 172.17.0.2, host: 287f2862ff4e, ports: [REPLICATION=40983, RATIS=35411, RATIS_ADMIN=35411, RATIS_SERVER=35411, STANDALONE=40231], networkLocation: /default-rack, certSerialId: null, persistedOpState: IN_SERVICE, persistedOpStateExpiryEpochSec: 0}, Type:RATIS, Factor:THREE, State:CLOSED, leaderId:, CreationTimestamp2021-03-15T13:21:29.852Z]
2021-03-15 13:22:29,741 [RatisPipelineUtilsThread] WARN  pipeline.PipelinePlacementPolicy (PipelinePlacementPolicy.java:filterViableNodes(142)) - Pipeline creation failed due to no sufficient healthy datanodes. Required 3. Found 2.
2021-03-15 13:22:29,741 [EventQueue-DeadNodeForDeadNodeHandler] INFO  pipeline.RatisPipelineProvider (RatisPipelineProvider.java:lambda$close$1(200)) - Send pipeline:PipelineID=a8a0e27c-b300-4a92-8e30-d764ff994818 close command to datanode 8f544fba-ae2a-4c10-8316-b74b14cffb80
2021-03-15 13:22:29,741 [EventQueue-DeadNodeForDeadNodeHandler] INFO  pipeline.RatisPipelineProvider (RatisPipelineProvider.java:lambda$close$1(200)) - Send pipeline:PipelineID=a8a0e27c-b300-4a92-8e30-d764ff994818 close command to datanode 01124cd4-4ace-459c-9f52-5cd7a41fca7c
2021-03-15 13:22:29,741 [EventQueue-DeadNodeForDeadNodeHandler] INFO  pipeline.RatisPipelineProvider (RatisPipelineProvider.java:lambda$close$1(200)) - Send pipeline:PipelineID=a8a0e27c-b300-4a92-8e30-d764ff994818 close command to datanode 490c2edb-ef6d-43f1-a3fc-38f1bdb7d380
2021-03-15 13:22:29,742 [EventQueue-DeadNodeForDeadNodeHandler] INFO  pipeline.PipelineStateManager (PipelineStateManager.java:removePipeline(106)) - Pipeline Pipeline[ Id: a8a0e27c-b300-4a92-8e30-d764ff994818, Nodes: 8f544fba-ae2a-4c10-8316-b74b14cffb80{ip: 172.17.0.2, host: 287f2862ff4e, ports: [REPLICATION=41745, RATIS=35899, RATIS_ADMIN=35899, RATIS_SERVER=35899, STANDALONE=36625], networkLocation: /default-rack, certSerialId: null, persistedOpState: IN_SERVICE, persistedOpStateExpiryEpochSec: 0}01124cd4-4ace-459c-9f52-5cd7a41fca7c{ip: 172.17.0.2, host: 287f2862ff4e, ports: [REPLICATION=39869, RATIS=40903, RATIS_ADMIN=40903, RATIS_SERVER=40903, STANDALONE=40093], networkLocation: /default-rack, certSerialId: null, persistedOpState: IN_SERVICE, persistedOpStateExpiryEpochSec: 0}490c2edb-ef6d-43f1-a3fc-38f1bdb7d380{ip: 172.17.0.2, host: 287f2862ff4e, ports: [REPLICATION=40983, RATIS=35411, RATIS_ADMIN=35411, RATIS_SERVER=35411, STANDALONE=40231], networkLocation: /default-rack, certSerialId: null, persistedOpState: IN_SERVICE, persistedOpStateExpiryEpochSec: 0}, Type:RATIS, Factor:THREE, State:CLOSED, leaderId:, CreationTimestamp2021-03-15T13:21:29.852Z] removed from db
2021-03-15 13:22:29,742 [RatisPipelineUtilsThread] WARN  pipeline.PipelinePlacementPolicy (PipelinePlacementPolicy.java:filterViableNodes(142)) - Pipeline creation failed due to no sufficient healthy datanodes. Required 3. Found 2.
2021-03-15 13:22:29,743 [EventQueue-DeadNodeForDeadNodeHandler] INFO  pipeline.SCMPipelineManager (SCMPipelineManager.java:finalizeAndDestroyPipeline(483)) - Destroying pipeline:Pipeline[ Id: 1efb9cfa-6e5b-42ab-9bfb-e860d21f6a2b, Nodes: 8f544fba-ae2a-4c10-8316-b74b14cffb80{ip: 172.17.0.2, host: 287f2862ff4e, ports: [REPLICATION=41745, RATIS=35899, RATIS_ADMIN=35899, RATIS_SERVER=35899, STANDALONE=36625], networkLocation: /default-rack, certSerialId: null, persistedOpState: IN_SERVICE, persistedOpStateExpiryEpochSec: 0}01124cd4-4ace-459c-9f52-5cd7a41fca7c{ip: 172.17.0.2, host: 287f2862ff4e, ports: [REPLICATION=39869, RATIS=40903, RATIS_ADMIN=40903, RATIS_SERVER=40903, STANDALONE=40093], networkLocation: /default-rack, certSerialId: null, persistedOpState: IN_SERVICE, persistedOpStateExpiryEpochSec: 0}490c2edb-ef6d-43f1-a3fc-38f1bdb7d380{ip: 172.17.0.2, host: 287f2862ff4e, ports: [REPLICATION=40983, RATIS=35411, RATIS_ADMIN=35411, RATIS_SERVER=35411, STANDALONE=40231], networkLocation: /default-rack, certSerialId: null, persistedOpState: IN_SERVICE, persistedOpStateExpiryEpochSec: 0}, Type:RATIS, Factor:THREE, State:CLOSED, leaderId:490c2edb-ef6d-43f1-a3fc-38f1bdb7d380, CreationTimestamp2021-03-15T13:21:29.849Z]
2021-03-15 13:22:29,743 [EventQueue-DeadNodeForDeadNodeHandler] INFO  pipeline.RatisPipelineProvider (RatisPipelineProvider.java:lambda$close$1(200)) - Send pipeline:PipelineID=1efb9cfa-6e5b-42ab-9bfb-e860d21f6a2b close command to datanode 8f544fba-ae2a-4c10-8316-b74b14cffb80
2021-03-15 13:22:29,743 [EventQueue-DeadNodeForDeadNodeHandler] INFO  pipeline.RatisPipelineProvider (RatisPipelineProvider.java:lambda$close$1(200)) - Send pipeline:PipelineID=1efb9cfa-6e5b-42ab-9bfb-e860d21f6a2b close command to datanode 01124cd4-4ace-459c-9f52-5cd7a41fca7c
2021-03-15 13:22:29,743 [EventQueue-DeadNodeForDeadNodeHandler] INFO  pipeline.RatisPipelineProvider (RatisPipelineProvider.java:lambda$close$1(200)) - Send pipeline:PipelineID=1efb9cfa-6e5b-42ab-9bfb-e860d21f6a2b close command to datanode 490c2edb-ef6d-43f1-a3fc-38f1bdb7d380
2021-03-15 13:22:29,744 [EventQueue-DeadNodeForDeadNodeHandler] INFO  pipeline.PipelineStateManager (PipelineStateManager.java:removePipeline(106)) - Pipeline Pipeline[ Id: 1efb9cfa-6e5b-42ab-9bfb-e860d21f6a2b, Nodes: 8f544fba-ae2a-4c10-8316-b74b14cffb80{ip: 172.17.0.2, host: 287f2862ff4e, ports: [REPLICATION=41745, RATIS=35899, RATIS_ADMIN=35899, RATIS_SERVER=35899, STANDALONE=36625], networkLocation: /default-rack, certSerialId: null, persistedOpState: IN_SERVICE, persistedOpStateExpiryEpochSec: 0}01124cd4-4ace-459c-9f52-5cd7a41fca7c{ip: 172.17.0.2, host: 287f2862ff4e, ports: [REPLICATION=39869, RATIS=40903, RATIS_ADMIN=40903, RATIS_SERVER=40903, STANDALONE=40093], networkLocation: /default-rack, certSerialId: null, persistedOpState: IN_SERVICE, persistedOpStateExpiryEpochSec: 0}490c2edb-ef6d-43f1-a3fc-38f1bdb7d380{ip: 172.17.0.2, host: 287f2862ff4e, ports: [REPLICATION=40983, RATIS=35411, RATIS_ADMIN=35411, RATIS_SERVER=35411, STANDALONE=40231], networkLocation: /default-rack, certSerialId: null, persistedOpState: IN_SERVICE, persistedOpStateExpiryEpochSec: 0}, Type:RATIS, Factor:THREE, State:CLOSED, leaderId:490c2edb-ef6d-43f1-a3fc-38f1bdb7d380, CreationTimestamp2021-03-15T13:21:29.849Z] removed from db
2021-03-15 13:22:29,744 [RatisPipelineUtilsThread] WARN  pipeline.PipelinePlacementPolicy (PipelinePlacementPolicy.java:filterViableNodes(142)) - Pipeline creation failed due to no sufficient healthy datanodes. Required 3. Found 2.
2021-03-15 13:22:30,037 [EventQueue-DeadNodeForDeadNodeHandler] INFO  node.DeadNodeHandler (DeadNodeHandler.java:onMessage(77)) - A dead datanode is detected. 29adc670-2c1e-4c6c-9558-1601f864128b{ip: 172.17.0.2, host: 287f2862ff4e, ports: [REPLICATION=36101, RATIS=37315, RATIS_ADMIN=37315, RATIS_SERVER=37315, STANDALONE=46417], networkLocation: /default-rack, certSerialId: null, persistedOpState: IN_SERVICE, persistedOpStateExpiryEpochSec: 0}
2021-03-15 13:22:30,038 [EventQueue-DeadNodeForDeadNodeHandler] INFO  pipeline.SCMPipelineManager (SCMPipelineManager.java:finalizeAndDestroyPipeline(483)) - Destroying pipeline:Pipeline[ Id: ac74313d-67a1-459f-9117-7426fa8fac29, Nodes: c8823aab-1c49-422a-a51c-c7b83b859fa6{ip: 172.17.0.2, host: 287f2862ff4e, ports: [REPLICATION=46731, RATIS=38877, RATIS_ADMIN=38877, RATIS_SERVER=38877, STANDALONE=44487], networkLocation: /default-rack, certSerialId: null, persistedOpState: IN_SERVICE, persistedOpStateExpiryEpochSec: 0}29adc670-2c1e-4c6c-9558-1601f864128b{ip: 172.17.0.2, host: 287f2862ff4e, ports: [REPLICATION=36101, RATIS=37315, RATIS_ADMIN=37315, RATIS_SERVER=37315, STANDALONE=46417], networkLocation: /default-rack, certSerialId: null, persistedOpState: IN_SERVICE, persistedOpStateExpiryEpochSec: 0}2bcf9514-6eaf-4328-a021-870a209d39c4{ip: 172.17.0.2, host: 287f2862ff4e, ports: [REPLICATION=39657, RATIS=43919, RATIS_ADMIN=43919, RATIS_SERVER=43919, STANDALONE=43389], networkLocation: /default-rack, certSerialId: null, persistedOpState: IN_SERVICE, persistedOpStateExpiryEpochSec: 0}, Type:RATIS, Factor:THREE, State:CLOSED, leaderId:29adc670-2c1e-4c6c-9558-1601f864128b, CreationTimestamp2021-03-15T13:21:29.093Z]
2021-03-15 13:22:30,038 [EventQueue-DeadNodeForDeadNodeHandler] INFO  pipeline.RatisPipelineProvider (RatisPipelineProvider.java:lambda$close$1(200)) - Send pipeline:PipelineID=ac74313d-67a1-459f-9117-7426fa8fac29 close command to datanode c8823aab-1c49-422a-a51c-c7b83b859fa6
2021-03-15 13:22:30,038 [EventQueue-DeadNodeForDeadNodeHandler] INFO  pipeline.RatisPipelineProvider (RatisPipelineProvider.java:lambda$close$1(200)) - Send pipeline:PipelineID=ac74313d-67a1-459f-9117-7426fa8fac29 close command to datanode 29adc670-2c1e-4c6c-9558-1601f864128b
2021-03-15 13:22:30,038 [EventQueue-DeadNodeForDeadNodeHandler] INFO  pipeline.RatisPipelineProvider (RatisPipelineProvider.java:lambda$close$1(200)) - Send pipeline:PipelineID=ac74313d-67a1-459f-9117-7426fa8fac29 close command to datanode 2bcf9514-6eaf-4328-a021-870a209d39c4
2021-03-15 13:22:30,039 [EventQueue-DeadNodeForDeadNodeHandler] INFO  pipeline.PipelineStateManager (PipelineStateManager.java:removePipeline(106)) - Pipeline Pipeline[ Id: ac74313d-67a1-459f-9117-7426fa8fac29, Nodes: c8823aab-1c49-422a-a51c-c7b83b859fa6{ip: 172.17.0.2, host: 287f2862ff4e, ports: [REPLICATION=46731, RATIS=38877, RATIS_ADMIN=38877, RATIS_SERVER=38877, STANDALONE=44487], networkLocation: /default-rack, certSerialId: null, persistedOpState: IN_SERVICE, persistedOpStateExpiryEpochSec: 0}29adc670-2c1e-4c6c-9558-1601f864128b{ip: 172.17.0.2, host: 287f2862ff4e, ports: [REPLICATION=36101, RATIS=37315, RATIS_ADMIN=37315, RATIS_SERVER=37315, STANDALONE=46417], networkLocation: /default-rack, certSerialId: null, persistedOpState: IN_SERVICE, persistedOpStateExpiryEpochSec: 0}2bcf9514-6eaf-4328-a021-870a209d39c4{ip: 172.17.0.2, host: 287f2862ff4e, ports: [REPLICATION=39657, RATIS=43919, RATIS_ADMIN=43919, RATIS_SERVER=43919, STANDALONE=43389], networkLocation: /default-rack, certSerialId: null, persistedOpState: IN_SERVICE, persistedOpStateExpiryEpochSec: 0}, Type:RATIS, Factor:THREE, State:CLOSED, leaderId:29adc670-2c1e-4c6c-9558-1601f864128b, CreationTimestamp2021-03-15T13:21:29.093Z] removed from db
2021-03-15 13:22:30,039 [EventQueue-DeadNodeForDeadNodeHandler] INFO  pipeline.SCMPipelineManager (SCMPipelineManager.java:finalizeAndDestroyPipeline(483)) - Destroying pipeline:Pipeline[ Id: 79e449a0-20f2-4382-bd34-184eb8e85b35, Nodes: 29adc670-2c1e-4c6c-9558-1601f864128b{ip: 172.17.0.2, host: 287f2862ff4e, ports: [REPLICATION=36101, RATIS=37315, RATIS_ADMIN=37315, RATIS_SERVER=37315, STANDALONE=46417], networkLocation: /default-rack, certSerialId: null, persistedOpState: IN_SERVICE, persistedOpStateExpiryEpochSec: 0}2bcf9514-6eaf-4328-a021-870a209d39c4{ip: 172.17.0.2, host: 287f2862ff4e, ports: [REPLICATION=39657, RATIS=43919, RATIS_ADMIN=43919, RATIS_SERVER=43919, STANDALONE=43389], networkLocation: /default-rack, certSerialId: null, persistedOpState: IN_SERVICE, persistedOpStateExpiryEpochSec: 0}c8823aab-1c49-422a-a51c-c7b83b859fa6{ip: 172.17.0.2, host: 287f2862ff4e, ports: [REPLICATION=46731, RATIS=38877, RATIS_ADMIN=38877, RATIS_SERVER=38877, STANDALONE=44487], networkLocation: /default-rack, certSerialId: null, persistedOpState: IN_SERVICE, persistedOpStateExpiryEpochSec: 0}, Type:RATIS, Factor:THREE, State:CLOSED, leaderId:2bcf9514-6eaf-4328-a021-870a209d39c4, CreationTimestamp2021-03-15T13:21:29.096Z]
2021-03-15 13:22:30,039 [RatisPipelineUtilsThread] WARN  pipeline.PipelinePlacementPolicy (PipelinePlacementPolicy.java:filterViableNodes(142)) - Pipeline creation failed due to no sufficient healthy datanodes. Required 3. Found 2.
2021-03-15 13:22:30,040 [EventQueue-DeadNodeForDeadNodeHandler] INFO  pipeline.RatisPipelineProvider (RatisPipelineProvider.java:lambda$close$1(200)) - Send pipeline:PipelineID=79e449a0-20f2-4382-bd34-184eb8e85b35 close command to datanode 29adc670-2c1e-4c6c-9558-1601f864128b
2021-03-15 13:22:30,040 [EventQueue-DeadNodeForDeadNodeHandler] INFO  pipeline.RatisPipelineProvider (RatisPipelineProvider.java:lambda$close$1(200)) - Send pipeline:PipelineID=79e449a0-20f2-4382-bd34-184eb8e85b35 close command to datanode 2bcf9514-6eaf-4328-a021-870a209d39c4
2021-03-15 13:22:30,040 [EventQueue-DeadNodeForDeadNodeHandler] INFO  pipeline.RatisPipelineProvider (RatisPipelineProvider.java:lambda$close$1(200)) - Send pipeline:PipelineID=79e449a0-20f2-4382-bd34-184eb8e85b35 close command to datanode c8823aab-1c49-422a-a51c-c7b83b859fa6
2021-03-15 13:22:30,040 [EventQueue-DeadNodeForDeadNodeHandler] INFO  pipeline.PipelineStateManager (PipelineStateManager.java:removePipeline(106)) - Pipeline Pipeline[ Id: 79e449a0-20f2-4382-bd34-184eb8e85b35, Nodes: 29adc670-2c1e-4c6c-9558-1601f864128b{ip: 172.17.0.2, host: 287f2862ff4e, ports: [REPLICATION=36101, RATIS=37315, RATIS_ADMIN=37315, RATIS_SERVER=37315, STANDALONE=46417], networkLocation: /default-rack, certSerialId: null, persistedOpState: IN_SERVICE, persistedOpStateExpiryEpochSec: 0}2bcf9514-6eaf-4328-a021-870a209d39c4{ip: 172.17.0.2, host: 287f2862ff4e, ports: [REPLICATION=39657, RATIS=43919, RATIS_ADMIN=43919, RATIS_SERVER=43919, STANDALONE=43389], networkLocation: /default-rack, certSerialId: null, persistedOpState: IN_SERVICE, persistedOpStateExpiryEpochSec: 0}c8823aab-1c49-422a-a51c-c7b83b859fa6{ip: 172.17.0.2, host: 287f2862ff4e, ports: [REPLICATION=46731, RATIS=38877, RATIS_ADMIN=38877, RATIS_SERVER=38877, STANDALONE=44487], networkLocation: /default-rack, certSerialId: null, persistedOpState: IN_SERVICE, persistedOpStateExpiryEpochSec: 0}, Type:RATIS, Factor:THREE, State:CLOSED, leaderId:2bcf9514-6eaf-4328-a021-870a209d39c4, CreationTimestamp2021-03-15T13:21:29.096Z] removed from db
2021-03-15 13:22:30,040 [RatisPipelineUtilsThread] WARN  pipeline.PipelinePlacementPolicy (PipelinePlacementPolicy.java:filterViableNodes(142)) - Pipeline creation failed due to no sufficient healthy datanodes. Required 3. Found 2.
2021-03-15 13:22:30,041 [EventQueue-DeadNodeForDeadNodeHandler] INFO  pipeline.SCMPipelineManager (SCMPipelineManager.java:finalizeAndDestroyPipeline(483)) - Destroying pipeline:Pipeline[ Id: 80380c97-8ba5-4cfd-9967-20f16fcd1309, Nodes: 29adc670-2c1e-4c6c-9558-1601f864128b{ip: 172.17.0.2, host: 287f2862ff4e, ports: [REPLICATION=36101, RATIS=37315, RATIS_ADMIN=37315, RATIS_SERVER=37315, STANDALONE=46417], networkLocation: /default-rack, certSerialId: null, persistedOpState: IN_SERVICE, persistedOpStateExpiryEpochSec: 0}, Type:RATIS, Factor:ONE, State:CLOSED, leaderId:29adc670-2c1e-4c6c-9558-1601f864128b, CreationTimestamp2021-03-15T13:21:28.693Z]
2021-03-15 13:22:30,041 [EventQueue-DeadNodeForDeadNodeHandler] INFO  pipeline.RatisPipelineProvider (RatisPipelineProvider.java:lambda$close$1(200)) - Send pipeline:PipelineID=80380c97-8ba5-4cfd-9967-20f16fcd1309 close command to datanode 29adc670-2c1e-4c6c-9558-1601f864128b
2021-03-15 13:22:30,041 [EventQueue-DeadNodeForDeadNodeHandler] INFO  pipeline.PipelineStateManager (PipelineStateManager.java:removePipeline(106)) - Pipeline Pipeline[ Id: 80380c97-8ba5-4cfd-9967-20f16fcd1309, Nodes: 29adc670-2c1e-4c6c-9558-1601f864128b{ip: 172.17.0.2, host: 287f2862ff4e, ports: [REPLICATION=36101, RATIS=37315, RATIS_ADMIN=37315, RATIS_SERVER=37315, STANDALONE=46417], networkLocation: /default-rack, certSerialId: null, persistedOpState: IN_SERVICE, persistedOpStateExpiryEpochSec: 0}, Type:RATIS, Factor:ONE, State:CLOSED, leaderId:29adc670-2c1e-4c6c-9558-1601f864128b, CreationTimestamp2021-03-15T13:21:28.693Z] removed from db
2021-03-15 13:22:30,041 [RatisPipelineUtilsThread] WARN  pipeline.PipelinePlacementPolicy (PipelinePlacementPolicy.java:filterViableNodes(142)) - Pipeline creation failed due to no sufficient healthy datanodes. Required 3. Found 2.
2021-03-15 13:22:30,042 [EventQueue-DeadNodeForDeadNodeHandler] INFO  pipeline.SCMPipelineManager (SCMPipelineManager.java:finalizeAndDestroyPipeline(483)) - Destroying pipeline:Pipeline[ Id: 71864db7-4d39-4cb4-b48c-388b48ec2e2f, Nodes: c8823aab-1c49-422a-a51c-c7b83b859fa6{ip: 172.17.0.2, host: 287f2862ff4e, ports: [REPLICATION=46731, RATIS=38877, RATIS_ADMIN=38877, RATIS_SERVER=38877, STANDALONE=44487], networkLocation: /default-rack, certSerialId: null, persistedOpState: IN_SERVICE, persistedOpStateExpiryEpochSec: 0}29adc670-2c1e-4c6c-9558-1601f864128b{ip: 172.17.0.2, host: 287f2862ff4e, ports: [REPLICATION=36101, RATIS=37315, RATIS_ADMIN=37315, RATIS_SERVER=37315, STANDALONE=46417], networkLocation: /default-rack, certSerialId: null, persistedOpState: IN_SERVICE, persistedOpStateExpiryEpochSec: 0}2bcf9514-6eaf-4328-a021-870a209d39c4{ip: 172.17.0.2, host: 287f2862ff4e, ports: [REPLICATION=39657, RATIS=43919, RATIS_ADMIN=43919, RATIS_SERVER=43919, STANDALONE=43389], networkLocation: /default-rack, certSerialId: null, persistedOpState: IN_SERVICE, persistedOpStateExpiryEpochSec: 0}, Type:RATIS, Factor:THREE, State:CLOSED, leaderId:c8823aab-1c49-422a-a51c-c7b83b859fa6, CreationTimestamp2021-03-15T13:21:29.094Z]
2021-03-15 13:22:30,042 [EventQueue-DeadNodeForDeadNodeHandler] INFO  pipeline.RatisPipelineProvider (RatisPipelineProvider.java:lambda$close$1(200)) - Send pipeline:PipelineID=71864db7-4d39-4cb4-b48c-388b48ec2e2f close command to datanode c8823aab-1c49-422a-a51c-c7b83b859fa6
2021-03-15 13:22:30,042 [EventQueue-DeadNodeForDeadNodeHandler] INFO  pipeline.RatisPipelineProvider (RatisPipelineProvider.java:lambda$close$1(200)) - Send pipeline:PipelineID=71864db7-4d39-4cb4-b48c-388b48ec2e2f close command to datanode 29adc670-2c1e-4c6c-9558-1601f864128b
2021-03-15 13:22:30,042 [EventQueue-DeadNodeForDeadNodeHandler] INFO  pipeline.RatisPipelineProvider (RatisPipelineProvider.java:lambda$close$1(200)) - Send pipeline:PipelineID=71864db7-4d39-4cb4-b48c-388b48ec2e2f close command to datanode 2bcf9514-6eaf-4328-a021-870a209d39c4
2021-03-15 13:22:30,042 [EventQueue-DeadNodeForDeadNodeHandler] INFO  pipeline.PipelineStateManager (PipelineStateManager.java:removePipeline(106)) - Pipeline Pipeline[ Id: 71864db7-4d39-4cb4-b48c-388b48ec2e2f, Nodes: c8823aab-1c49-422a-a51c-c7b83b859fa6{ip: 172.17.0.2, host: 287f2862ff4e, ports: [REPLICATION=46731, RATIS=38877, RATIS_ADMIN=38877, RATIS_SERVER=38877, STANDALONE=44487], networkLocation: /default-rack, certSerialId: null, persistedOpState: IN_SERVICE, persistedOpStateExpiryEpochSec: 0}29adc670-2c1e-4c6c-9558-1601f864128b{ip: 172.17.0.2, host: 287f2862ff4e, ports: [REPLICATION=36101, RATIS=37315, RATIS_ADMIN=37315, RATIS_SERVER=37315, STANDALONE=46417], networkLocation: /default-rack, certSerialId: null, persistedOpState: IN_SERVICE, persistedOpStateExpiryEpochSec: 0}2bcf9514-6eaf-4328-a021-870a209d39c4{ip: 172.17.0.2, host: 287f2862ff4e, ports: [REPLICATION=39657, RATIS=43919, RATIS_ADMIN=43919, RATIS_SERVER=43919, STANDALONE=43389], networkLocation: /default-rack, certSerialId: null, persistedOpState: IN_SERVICE, persistedOpStateExpiryEpochSec: 0}, Type:RATIS, Factor:THREE, State:CLOSED, leaderId:c8823aab-1c49-422a-a51c-c7b83b859fa6, CreationTimestamp2021-03-15T13:21:29.094Z] removed from db
2021-03-15 13:22:30,043 [RatisPipelineUtilsThread] WARN  pipeline.PipelinePlacementPolicy (PipelinePlacementPolicy.java:filterViableNodes(142)) - Pipeline creation failed due to no sufficient healthy datanodes. Required 3. Found 2.
2021-03-15 13:22:30,338 [EventQueue-StaleNodeForStaleNodeHandler] INFO  node.StaleNodeHandler (StaleNodeHandler.java:onMessage(58)) - Datanode fe63c344-5a2d-4322-bbac-49268a0984bd{ip: 172.17.0.2, host: 287f2862ff4e, ports: [REPLICATION=44215, RATIS=42479, RATIS_ADMIN=42479, RATIS_SERVER=42479, STANDALONE=37705], networkLocation: /default-rack, certSerialId: null, persistedOpState: IN_SERVICE, persistedOpStateExpiryEpochSec: 0} moved to stale state. Finalizing its pipelines [PipelineID=b5a766e5-df5d-49f1-bf01-591f5d79c43e]
2021-03-15 13:22:30,338 [EventQueue-StaleNodeForStaleNodeHandler] INFO  pipeline.SCMPipelineManager (SCMPipelineManager.java:finalizeAndDestroyPipeline(483)) - Destroying pipeline:Pipeline[ Id: b5a766e5-df5d-49f1-bf01-591f5d79c43e, Nodes: fe63c344-5a2d-4322-bbac-49268a0984bd{ip: 172.17.0.2, host: 287f2862ff4e, ports: [REPLICATION=44215, RATIS=42479, RATIS_ADMIN=42479, RATIS_SERVER=42479, STANDALONE=37705], networkLocation: /default-rack, certSerialId: null, persistedOpState: IN_SERVICE, persistedOpStateExpiryEpochSec: 0}, Type:RATIS, Factor:ONE, State:OPEN, leaderId:fe63c344-5a2d-4322-bbac-49268a0984bd, CreationTimestamp2021-03-15T13:21:30.054Z]
2021-03-15 13:22:30,338 [EventQueue-StaleNodeForStaleNodeHandler] INFO  pipeline.PipelineStateManager (PipelineStateManager.java:finalizePipeline(121)) - Pipeline Pipeline[ Id: b5a766e5-df5d-49f1-bf01-591f5d79c43e, Nodes: fe63c344-5a2d-4322-bbac-49268a0984bd{ip: 172.17.0.2, host: 287f2862ff4e, ports: [REPLICATION=44215, RATIS=42479, RATIS_ADMIN=42479, RATIS_SERVER=42479, STANDALONE=37705], networkLocation: /default-rack, certSerialId: null, persistedOpState: IN_SERVICE, persistedOpStateExpiryEpochSec: 0}, Type:RATIS, Factor:ONE, State:CLOSED, leaderId:fe63c344-5a2d-4322-bbac-49268a0984bd, CreationTimestamp2021-03-15T13:21:30.054Z] moved to CLOSED state
2021-03-15 13:22:30,432 [Listener at 127.0.0.1/41395] INFO  ozoneimpl.OzoneContainer (OzoneContainer.java:stop(273)) - Attempting to stop container services.
2021-03-15 13:22:30,433 [Listener at 127.0.0.1/41395] INFO  server.RaftServer (RaftServerProxy.java:lambda$close$6(391)) - 490c2edb-ef6d-43f1-a3fc-38f1bdb7d380: close
2021-03-15 13:22:30,433 [Listener at 127.0.0.1/41395] INFO  server.RaftServer$Division (RaftServerImpl.java:lambda$close$4(406)) - 490c2edb-ef6d-43f1-a3fc-38f1bdb7d380@group-9EB71483E61B: shutdown
2021-03-15 13:22:30,433 [ForkJoinPool.commonPool-worker-0] INFO  server.RaftServer$Division (RaftServerImpl.java:lambda$close$4(406)) - 490c2edb-ef6d-43f1-a3fc-38f1bdb7d380@group-4C5A957E7EA6: shutdown
2021-03-15 13:22:30,433 [Listener at 127.0.0.1/41395] INFO  util.JmxRegister (JmxRegister.java:unregister(73)) - Successfully un-registered JMX Bean with object name Ratis:service=RaftServer,group=group-9EB71483E61B,id=490c2edb-ef6d-43f1-a3fc-38f1bdb7d380
2021-03-15 13:22:30,433 [Listener at 127.0.0.1/41395] INFO  impl.RoleInfo (RoleInfo.java:shutdownFollowerState(108)) - 490c2edb-ef6d-43f1-a3fc-38f1bdb7d380: shutdown 490c2edb-ef6d-43f1-a3fc-38f1bdb7d380@group-9EB71483E61B-FollowerState
2021-03-15 13:22:30,433 [ForkJoinPool.commonPool-worker-0] INFO  util.JmxRegister (JmxRegister.java:unregister(73)) - Successfully un-registered JMX Bean with object name Ratis:service=RaftServer,group=group-4C5A957E7EA6,id=490c2edb-ef6d-43f1-a3fc-38f1bdb7d380
2021-03-15 13:22:30,434 [ForkJoinPool.commonPool-worker-0] INFO  impl.RoleInfo (RoleInfo.java:shutdownLeaderState(91)) - 490c2edb-ef6d-43f1-a3fc-38f1bdb7d380: shutdown 490c2edb-ef6d-43f1-a3fc-38f1bdb7d380@group-4C5A957E7EA6-LeaderStateImpl
2021-03-15 13:22:30,434 [ForkJoinPool.commonPool-worker-0] INFO  impl.PendingRequests (PendingRequests.java:sendNotLeaderResponses(249)) - 490c2edb-ef6d-43f1-a3fc-38f1bdb7d380@group-4C5A957E7EA6-PendingRequests: sendNotLeaderResponses
2021-03-15 13:22:30,434 [Listener at 127.0.0.1/41395] INFO  impl.StateMachineUpdater (StateMachineUpdater.java:stopAndJoin(148)) - 490c2edb-ef6d-43f1-a3fc-38f1bdb7d380@group-9EB71483E61B-StateMachineUpdater: set stopIndex = 0
2021-03-15 13:22:30,434 [Thread-760] INFO  impl.FollowerState (FollowerState.java:run(142)) - 490c2edb-ef6d-43f1-a3fc-38f1bdb7d380@group-9EB71483E61B-FollowerState was interrupted: {}
java.lang.InterruptedException: sleep interrupted
	at java.lang.Thread.sleep(Native Method)
	at java.lang.Thread.sleep(Thread.java:340)
	at java.util.concurrent.TimeUnit.sleep(TimeUnit.java:386)
	at org.apache.ratis.util.TimeDuration.sleep(TimeDuration.java:324)
	at org.apache.ratis.util.TimeDuration.sleep(TimeDuration.java:309)
	at org.apache.ratis.server.impl.FollowerState.run(FollowerState.java:117)
2021-03-15 13:22:30,434 [ForkJoinPool.commonPool-worker-0] INFO  metrics.RatisMetrics (RatisMetrics.java:unregister(43)) - Unregistering Metrics Registry : ratis.log_appender.490c2edb-ef6d-43f1-a3fc-38f1bdb7d380@group-4C5A957E7EA6
2021-03-15 13:22:30,434 [490c2edb-ef6d-43f1-a3fc-38f1bdb7d380@group-9EB71483E61B-StateMachineUpdater] INFO  ratis.ContainerStateMachine (ContainerStateMachine.java:takeSnapshot(291)) - group-9EB71483E61B: Taking a snapshot at:(t:3, i:0) file /github/workspace/mnt/ozone/hadoop-ozone/integration-test/target/test-dir/MiniOzoneClusterImpl-10170ce6-1bcb-4b6c-85b7-fb1f14fc7e79/datanode-5/data/ratis/3131fd0c-3f52-4949-b04d-9eb71483e61b/sm/snapshot.3_0
2021-03-15 13:22:30,435 [ForkJoinPool.commonPool-worker-0] INFO  metrics.RatisMetrics (RatisMetrics.java:unregister(43)) - Unregistering Metrics Registry : ratis.server.490c2edb-ef6d-43f1-a3fc-38f1bdb7d380@group-4C5A957E7EA6
2021-03-15 13:22:30,435 [ForkJoinPool.commonPool-worker-0] INFO  impl.StateMachineUpdater (StateMachineUpdater.java:stopAndJoin(148)) - 490c2edb-ef6d-43f1-a3fc-38f1bdb7d380@group-4C5A957E7EA6-StateMachineUpdater: set stopIndex = 0
2021-03-15 13:22:30,436 [490c2edb-ef6d-43f1-a3fc-38f1bdb7d380@group-9EB71483E61B-StateMachineUpdater] INFO  ratis.ContainerStateMachine (ContainerStateMachine.java:takeSnapshot(302)) - group-9EB71483E61B: Finished taking a snapshot at:(t:3, i:0) file:/github/workspace/mnt/ozone/hadoop-ozone/integration-test/target/test-dir/MiniOzoneClusterImpl-10170ce6-1bcb-4b6c-85b7-fb1f14fc7e79/datanode-5/data/ratis/3131fd0c-3f52-4949-b04d-9eb71483e61b/sm/snapshot.3_0 took: 2 ms
2021-03-15 13:22:30,436 [490c2edb-ef6d-43f1-a3fc-38f1bdb7d380@group-4C5A957E7EA6-StateMachineUpdater] INFO  ratis.ContainerStateMachine (ContainerStateMachine.java:takeSnapshot(291)) - group-4C5A957E7EA6: Taking a snapshot at:(t:1, i:0) file /github/workspace/mnt/ozone/hadoop-ozone/integration-test/target/test-dir/MiniOzoneClusterImpl-10170ce6-1bcb-4b6c-85b7-fb1f14fc7e79/datanode-5/data/ratis/5d7a0514-9f89-4d6d-8831-4c5a957e7ea6/sm/snapshot.1_0
2021-03-15 13:22:30,442 [490c2edb-ef6d-43f1-a3fc-38f1bdb7d380@group-9EB71483E61B-StateMachineUpdater] INFO  impl.StateMachineUpdater (StateMachineUpdater.java:takeSnapshot(279)) - 490c2edb-ef6d-43f1-a3fc-38f1bdb7d380@group-9EB71483E61B-StateMachineUpdater: Took a snapshot at index 0
2021-03-15 13:22:30,442 [490c2edb-ef6d-43f1-a3fc-38f1bdb7d380@group-9EB71483E61B-StateMachineUpdater] INFO  impl.StateMachineUpdater (StateMachineUpdater.java:lambda$new$0(88)) - 490c2edb-ef6d-43f1-a3fc-38f1bdb7d380@group-9EB71483E61B-StateMachineUpdater: snapshotIndex: updateIncreasingly -1 -> 0
2021-03-15 13:22:30,442 [490c2edb-ef6d-43f1-a3fc-38f1bdb7d380@group-9EB71483E61B-StateMachineUpdater] INFO  metrics.RatisMetrics (RatisMetrics.java:unregister(43)) - Unregistering Metrics Registry : ratis.state_machine.490c2edb-ef6d-43f1-a3fc-38f1bdb7d380@group-9EB71483E61B
2021-03-15 13:22:30,442 [490c2edb-ef6d-43f1-a3fc-38f1bdb7d380@group-4C5A957E7EA6-StateMachineUpdater] INFO  ratis.ContainerStateMachine (ContainerStateMachine.java:takeSnapshot(302)) - group-4C5A957E7EA6: Finished taking a snapshot at:(t:1, i:0) file:/github/workspace/mnt/ozone/hadoop-ozone/integration-test/target/test-dir/MiniOzoneClusterImpl-10170ce6-1bcb-4b6c-85b7-fb1f14fc7e79/datanode-5/data/ratis/5d7a0514-9f89-4d6d-8831-4c5a957e7ea6/sm/snapshot.1_0 took: 7 ms
2021-03-15 13:22:30,443 [490c2edb-ef6d-43f1-a3fc-38f1bdb7d380@group-4C5A957E7EA6-StateMachineUpdater] INFO  impl.StateMachineUpdater (StateMachineUpdater.java:takeSnapshot(279)) - 490c2edb-ef6d-43f1-a3fc-38f1bdb7d380@group-4C5A957E7EA6-StateMachineUpdater: Took a snapshot at index 0
2021-03-15 13:22:30,443 [490c2edb-ef6d-43f1-a3fc-38f1bdb7d380@group-4C5A957E7EA6-StateMachineUpdater] INFO  impl.StateMachineUpdater (StateMachineUpdater.java:lambda$new$0(88)) - 490c2edb-ef6d-43f1-a3fc-38f1bdb7d380@group-4C5A957E7EA6-StateMachineUpdater: snapshotIndex: updateIncreasingly -1 -> 0
2021-03-15 13:22:30,443 [490c2edb-ef6d-43f1-a3fc-38f1bdb7d380@group-4C5A957E7EA6-StateMachineUpdater] INFO  metrics.RatisMetrics (RatisMetrics.java:unregister(43)) - Unregistering Metrics Registry : ratis.state_machine.490c2edb-ef6d-43f1-a3fc-38f1bdb7d380@group-4C5A957E7EA6
2021-03-15 13:22:30,443 [ForkJoinPool.commonPool-worker-0] INFO  server.RaftServer$Division (ServerState.java:close(405)) - 490c2edb-ef6d-43f1-a3fc-38f1bdb7d380@group-4C5A957E7EA6: closes. applyIndex: 0
2021-03-15 13:22:30,443 [490c2edb-ef6d-43f1-a3fc-38f1bdb7d380@group-4C5A957E7EA6-SegmentedRaftLogWorker] INFO  segmented.SegmentedRaftLogWorker (SegmentedRaftLogWorker.java:run(326)) - 490c2edb-ef6d-43f1-a3fc-38f1bdb7d380@group-4C5A957E7EA6-SegmentedRaftLogWorker was interrupted, exiting. There are 0 tasks remaining in the queue.
2021-03-15 13:22:30,444 [ForkJoinPool.commonPool-worker-0] INFO  segmented.SegmentedRaftLogWorker (SegmentedRaftLogWorker.java:close(236)) - 490c2edb-ef6d-43f1-a3fc-38f1bdb7d380@group-4C5A957E7EA6-SegmentedRaftLogWorker close()
2021-03-15 13:22:30,444 [ForkJoinPool.commonPool-worker-0] INFO  metrics.RatisMetrics (RatisMetrics.java:unregister(43)) - Unregistering Metrics Registry : ratis.log_worker.490c2edb-ef6d-43f1-a3fc-38f1bdb7d380@group-4C5A957E7EA6
2021-03-15 13:22:30,444 [ForkJoinPool.commonPool-worker-0] INFO  metrics.RatisMetrics (RatisMetrics.java:unregister(43)) - Unregistering Metrics Registry : ratis.leader_election.490c2edb-ef6d-43f1-a3fc-38f1bdb7d380@group-4C5A957E7EA6
2021-03-15 13:22:30,444 [ForkJoinPool.commonPool-worker-0] INFO  metrics.RatisMetrics (RatisMetrics.java:unregister(43)) - Unregistering Metrics Registry : ratis.server.490c2edb-ef6d-43f1-a3fc-38f1bdb7d380@group-4C5A957E7EA6
2021-03-15 13:22:30,444 [ForkJoinPool.commonPool-worker-0] INFO  server.RaftServer$Division (RaftServerImpl.java:lambda$close$4(406)) - 490c2edb-ef6d-43f1-a3fc-38f1bdb7d380@group-D764FF994818: shutdown
2021-03-15 13:22:30,444 [ForkJoinPool.commonPool-worker-0] INFO  util.JmxRegister (JmxRegister.java:unregister(73)) - Successfully un-registered JMX Bean with object name Ratis:service=RaftServer,group=group-D764FF994818,id=490c2edb-ef6d-43f1-a3fc-38f1bdb7d380
2021-03-15 13:22:30,444 [ForkJoinPool.commonPool-worker-0] INFO  impl.RoleInfo (RoleInfo.java:shutdownFollowerState(108)) - 490c2edb-ef6d-43f1-a3fc-38f1bdb7d380: shutdown 490c2edb-ef6d-43f1-a3fc-38f1bdb7d380@group-D764FF994818-FollowerState
2021-03-15 13:22:30,445 [Listener at 127.0.0.1/41395] INFO  server.RaftServer$Division (ServerState.java:close(405)) - 490c2edb-ef6d-43f1-a3fc-38f1bdb7d380@group-9EB71483E61B: closes. applyIndex: 0
2021-03-15 13:22:30,445 [Thread-764] INFO  impl.FollowerState (FollowerState.java:run(142)) - 490c2edb-ef6d-43f1-a3fc-38f1bdb7d380@group-D764FF994818-FollowerState was interrupted: {}
java.lang.InterruptedException: sleep interrupted
	at java.lang.Thread.sleep(Native Method)
	at java.lang.Thread.sleep(Thread.java:340)
	at java.util.concurrent.TimeUnit.sleep(TimeUnit.java:386)
	at org.apache.ratis.util.TimeDuration.sleep(TimeDuration.java:324)
	at org.apache.ratis.util.TimeDuration.sleep(TimeDuration.java:309)
	at org.apache.ratis.server.impl.FollowerState.run(FollowerState.java:117)
2021-03-15 13:22:30,446 [490c2edb-ef6d-43f1-a3fc-38f1bdb7d380@group-9EB71483E61B-SegmentedRaftLogWorker] INFO  segmented.SegmentedRaftLogWorker (SegmentedRaftLogWorker.java:run(326)) - 490c2edb-ef6d-43f1-a3fc-38f1bdb7d380@group-9EB71483E61B-SegmentedRaftLogWorker was interrupted, exiting. There are 0 tasks remaining in the queue.
2021-03-15 13:22:30,446 [Listener at 127.0.0.1/41395] INFO  segmented.SegmentedRaftLogWorker (SegmentedRaftLogWorker.java:close(236)) - 490c2edb-ef6d-43f1-a3fc-38f1bdb7d380@group-9EB71483E61B-SegmentedRaftLogWorker close()
2021-03-15 13:22:30,446 [Listener at 127.0.0.1/41395] INFO  metrics.RatisMetrics (RatisMetrics.java:unregister(43)) - Unregistering Metrics Registry : ratis.log_worker.490c2edb-ef6d-43f1-a3fc-38f1bdb7d380@group-9EB71483E61B
2021-03-15 13:22:30,446 [Listener at 127.0.0.1/41395] INFO  metrics.RatisMetrics (RatisMetrics.java:unregister(43)) - Unregistering Metrics Registry : ratis.leader_election.490c2edb-ef6d-43f1-a3fc-38f1bdb7d380@group-9EB71483E61B
2021-03-15 13:22:30,446 [Listener at 127.0.0.1/41395] INFO  metrics.RatisMetrics (RatisMetrics.java:unregister(43)) - Unregistering Metrics Registry : ratis.server.490c2edb-ef6d-43f1-a3fc-38f1bdb7d380@group-9EB71483E61B
2021-03-15 13:22:30,447 [Listener at 127.0.0.1/41395] INFO  server.RaftServer$Division (RaftServerImpl.java:lambda$close$4(406)) - 490c2edb-ef6d-43f1-a3fc-38f1bdb7d380@group-E860D21F6A2B: shutdown
2021-03-15 13:22:30,447 [Listener at 127.0.0.1/41395] INFO  util.JmxRegister (JmxRegister.java:unregister(73)) - Successfully un-registered JMX Bean with object name Ratis:service=RaftServer,group=group-E860D21F6A2B,id=490c2edb-ef6d-43f1-a3fc-38f1bdb7d380
2021-03-15 13:22:30,447 [Listener at 127.0.0.1/41395] INFO  impl.RoleInfo (RoleInfo.java:shutdownFollowerState(108)) - 490c2edb-ef6d-43f1-a3fc-38f1bdb7d380: shutdown 490c2edb-ef6d-43f1-a3fc-38f1bdb7d380@group-E860D21F6A2B-FollowerState
2021-03-15 13:22:30,447 [Thread-751] INFO  impl.FollowerState (FollowerState.java:run(142)) - 490c2edb-ef6d-43f1-a3fc-38f1bdb7d380@group-E860D21F6A2B-FollowerState was interrupted: {}
java.lang.InterruptedException: sleep interrupted
	at java.lang.Thread.sleep(Native Method)
	at java.lang.Thread.sleep(Thread.java:340)
	at java.util.concurrent.TimeUnit.sleep(TimeUnit.java:386)
	at org.apache.ratis.util.TimeDuration.sleep(TimeDuration.java:324)
	at org.apache.ratis.util.TimeDuration.sleep(TimeDuration.java:309)
	at org.apache.ratis.server.impl.FollowerState.run(FollowerState.java:117)
2021-03-15 13:22:30,447 [ForkJoinPool.commonPool-worker-0] INFO  impl.StateMachineUpdater (StateMachineUpdater.java:stopAndJoin(148)) - 490c2edb-ef6d-43f1-a3fc-38f1bdb7d380@group-D764FF994818-StateMachineUpdater: set stopIndex = 0
2021-03-15 13:22:30,447 [490c2edb-ef6d-43f1-a3fc-38f1bdb7d380@group-D764FF994818-StateMachineUpdater] INFO  ratis.ContainerStateMachine (ContainerStateMachine.java:takeSnapshot(291)) - group-D764FF994818: Taking a snapshot at:(t:8, i:0) file /github/workspace/mnt/ozone/hadoop-ozone/integration-test/target/test-dir/MiniOzoneClusterImpl-10170ce6-1bcb-4b6c-85b7-fb1f14fc7e79/datanode-5/data/ratis/a8a0e27c-b300-4a92-8e30-d764ff994818/sm/snapshot.8_0
2021-03-15 13:22:30,448 [490c2edb-ef6d-43f1-a3fc-38f1bdb7d380@group-E860D21F6A2B-StateMachineUpdater] INFO  ratis.ContainerStateMachine (ContainerStateMachine.java:takeSnapshot(291)) - group-E860D21F6A2B: Taking a snapshot at:(t:6, i:2) file /github/workspace/mnt/ozone/hadoop-ozone/integration-test/target/test-dir/MiniOzoneClusterImpl-10170ce6-1bcb-4b6c-85b7-fb1f14fc7e79/datanode-5/data/ratis/1efb9cfa-6e5b-42ab-9bfb-e860d21f6a2b/sm/snapshot.6_2
2021-03-15 13:22:30,448 [490c2edb-ef6d-43f1-a3fc-38f1bdb7d380@group-D764FF994818-StateMachineUpdater] INFO  ratis.ContainerStateMachine (ContainerStateMachine.java:takeSnapshot(302)) - group-D764FF994818: Finished taking a snapshot at:(t:8, i:0) file:/github/workspace/mnt/ozone/hadoop-ozone/integration-test/target/test-dir/MiniOzoneClusterImpl-10170ce6-1bcb-4b6c-85b7-fb1f14fc7e79/datanode-5/data/ratis/a8a0e27c-b300-4a92-8e30-d764ff994818/sm/snapshot.8_0 took: 0 ms
2021-03-15 13:22:30,448 [Listener at 127.0.0.1/41395] INFO  impl.StateMachineUpdater (StateMachineUpdater.java:stopAndJoin(148)) - 490c2edb-ef6d-43f1-a3fc-38f1bdb7d380@group-E860D21F6A2B-StateMachineUpdater: set stopIndex = 2
2021-03-15 13:22:30,448 [490c2edb-ef6d-43f1-a3fc-38f1bdb7d380@group-D764FF994818-StateMachineUpdater] INFO  impl.StateMachineUpdater (StateMachineUpdater.java:takeSnapshot(279)) - 490c2edb-ef6d-43f1-a3fc-38f1bdb7d380@group-D764FF994818-StateMachineUpdater: Took a snapshot at index 0
2021-03-15 13:22:30,449 [490c2edb-ef6d-43f1-a3fc-38f1bdb7d380@group-D764FF994818-StateMachineUpdater] INFO  impl.StateMachineUpdater (StateMachineUpdater.java:lambda$new$0(88)) - 490c2edb-ef6d-43f1-a3fc-38f1bdb7d380@group-D764FF994818-StateMachineUpdater: snapshotIndex: updateIncreasingly -1 -> 0
2021-03-15 13:22:30,449 [490c2edb-ef6d-43f1-a3fc-38f1bdb7d380@group-D764FF994818-StateMachineUpdater] INFO  metrics.RatisMetrics (RatisMetrics.java:unregister(43)) - Unregistering Metrics Registry : ratis.state_machine.490c2edb-ef6d-43f1-a3fc-38f1bdb7d380@group-D764FF994818
2021-03-15 13:22:30,449 [490c2edb-ef6d-43f1-a3fc-38f1bdb7d380@group-E860D21F6A2B-StateMachineUpdater] INFO  ratis.ContainerStateMachine (ContainerStateMachine.java:takeSnapshot(302)) - group-E860D21F6A2B: Finished taking a snapshot at:(t:6, i:2) file:/github/workspace/mnt/ozone/hadoop-ozone/integration-test/target/test-dir/MiniOzoneClusterImpl-10170ce6-1bcb-4b6c-85b7-fb1f14fc7e79/datanode-5/data/ratis/1efb9cfa-6e5b-42ab-9bfb-e860d21f6a2b/sm/snapshot.6_2 took: 1 ms
2021-03-15 13:22:30,449 [490c2edb-ef6d-43f1-a3fc-38f1bdb7d380@group-E860D21F6A2B-StateMachineUpdater] INFO  impl.StateMachineUpdater (StateMachineUpdater.java:takeSnapshot(279)) - 490c2edb-ef6d-43f1-a3fc-38f1bdb7d380@group-E860D21F6A2B-StateMachineUpdater: Took a snapshot at index 2
2021-03-15 13:22:30,449 [490c2edb-ef6d-43f1-a3fc-38f1bdb7d380@group-E860D21F6A2B-StateMachineUpdater] INFO  impl.StateMachineUpdater (StateMachineUpdater.java:lambda$new$0(88)) - 490c2edb-ef6d-43f1-a3fc-38f1bdb7d380@group-E860D21F6A2B-StateMachineUpdater: snapshotIndex: updateIncreasingly -1 -> 2
2021-03-15 13:22:30,449 [490c2edb-ef6d-43f1-a3fc-38f1bdb7d380@group-E860D21F6A2B-StateMachineUpdater] INFO  metrics.RatisMetrics (RatisMetrics.java:unregister(43)) - Unregistering Metrics Registry : ratis.state_machine.490c2edb-ef6d-43f1-a3fc-38f1bdb7d380@group-E860D21F6A2B
2021-03-15 13:22:30,450 [ForkJoinPool.commonPool-worker-0] INFO  server.RaftServer$Division (ServerState.java:close(405)) - 490c2edb-ef6d-43f1-a3fc-38f1bdb7d380@group-D764FF994818: closes. applyIndex: 0
2021-03-15 13:22:30,450 [490c2edb-ef6d-43f1-a3fc-38f1bdb7d380@group-D764FF994818-SegmentedRaftLogWorker] INFO  segmented.SegmentedRaftLogWorker (SegmentedRaftLogWorker.java:run(326)) - 490c2edb-ef6d-43f1-a3fc-38f1bdb7d380@group-D764FF994818-SegmentedRaftLogWorker was interrupted, exiting. There are 0 tasks remaining in the queue.
2021-03-15 13:22:30,450 [ForkJoinPool.commonPool-worker-0] INFO  segmented.SegmentedRaftLogWorker (SegmentedRaftLogWorker.java:close(236)) - 490c2edb-ef6d-43f1-a3fc-38f1bdb7d380@group-D764FF994818-SegmentedRaftLogWorker close()
2021-03-15 13:22:30,450 [ForkJoinPool.commonPool-worker-0] INFO  metrics.RatisMetrics (RatisMetrics.java:unregister(43)) - Unregistering Metrics Registry : ratis.log_worker.490c2edb-ef6d-43f1-a3fc-38f1bdb7d380@group-D764FF994818
2021-03-15 13:22:30,450 [ForkJoinPool.commonPool-worker-0] INFO  metrics.RatisMetrics (RatisMetrics.java:unregister(43)) - Unregistering Metrics Registry : ratis.leader_election.490c2edb-ef6d-43f1-a3fc-38f1bdb7d380@group-D764FF994818
2021-03-15 13:22:30,450 [ForkJoinPool.commonPool-worker-0] INFO  metrics.RatisMetrics (RatisMetrics.java:unregister(43)) - Unregistering Metrics Registry : ratis.server.490c2edb-ef6d-43f1-a3fc-38f1bdb7d380@group-D764FF994818
2021-03-15 13:22:30,451 [Listener at 127.0.0.1/41395] INFO  server.RaftServer$Division (ServerState.java:close(405)) - 490c2edb-ef6d-43f1-a3fc-38f1bdb7d380@group-E860D21F6A2B: closes. applyIndex: 2
2021-03-15 13:22:30,451 [490c2edb-ef6d-43f1-a3fc-38f1bdb7d380@group-E860D21F6A2B-SegmentedRaftLogWorker] INFO  segmented.SegmentedRaftLogWorker (SegmentedRaftLogWorker.java:run(326)) - 490c2edb-ef6d-43f1-a3fc-38f1bdb7d380@group-E860D21F6A2B-SegmentedRaftLogWorker was interrupted, exiting. There are 0 tasks remaining in the queue.
2021-03-15 13:22:30,451 [Listener at 127.0.0.1/41395] INFO  segmented.SegmentedRaftLogWorker (SegmentedRaftLogWorker.java:close(236)) - 490c2edb-ef6d-43f1-a3fc-38f1bdb7d380@group-E860D21F6A2B-SegmentedRaftLogWorker close()
2021-03-15 13:22:30,451 [Listener at 127.0.0.1/41395] INFO  metrics.RatisMetrics (RatisMetrics.java:unregister(43)) - Unregistering Metrics Registry : ratis.log_worker.490c2edb-ef6d-43f1-a3fc-38f1bdb7d380@group-E860D21F6A2B
2021-03-15 13:22:30,451 [Listener at 127.0.0.1/41395] INFO  metrics.RatisMetrics (RatisMetrics.java:unregister(43)) - Unregistering Metrics Registry : ratis.leader_election.490c2edb-ef6d-43f1-a3fc-38f1bdb7d380@group-E860D21F6A2B
2021-03-15 13:22:30,452 [Listener at 127.0.0.1/41395] INFO  metrics.RatisMetrics (RatisMetrics.java:unregister(43)) - Unregistering Metrics Registry : ratis.server.490c2edb-ef6d-43f1-a3fc-38f1bdb7d380@group-E860D21F6A2B
2021-03-15 13:22:30,452 [Listener at 127.0.0.1/41395] INFO  server.GrpcService (GrpcService.java:closeImpl(262)) - 490c2edb-ef6d-43f1-a3fc-38f1bdb7d380: shutdown server with port 35411 now
2021-03-15 13:22:30,454 [Listener at 127.0.0.1/41395] INFO  server.GrpcService (GrpcService.java:closeImpl(271)) - 490c2edb-ef6d-43f1-a3fc-38f1bdb7d380: shutdown server with port 35411 successfully
2021-03-15 13:22:30,454 [org.apache.ratis.util.JvmPauseMonitor$$Lambda$504/75164635@74fd3a4f] INFO  util.JvmPauseMonitor (JvmPauseMonitor.java:run(109)) - JvmPauseMonitor-490c2edb-ef6d-43f1-a3fc-38f1bdb7d380: Stopped
2021-03-15 13:22:30,458 [Listener at 127.0.0.1/41395] INFO  utils.BackgroundService (BackgroundService.java:shutdown(132)) - Shutting down service BlockDeletingService
2021-03-15 13:22:30,460 [Listener at 127.0.0.1/41395] INFO  statemachine.DatanodeStateMachine (DatanodeStateMachine.java:stopDaemon(469)) - Ozone container server stopped.
2021-03-15 13:22:30,471 [Listener at 127.0.0.1/41395] INFO  handler.ContextHandler (ContextHandler.java:doStop(1154)) - Stopped o.e.j.w.WebAppContext@24c8b5d4{hddsDatanode,/,null,STOPPED}{jar:file:/home/user/.m2/repository/org/apache/hadoop/hadoop-hdds-container-service/1.1.0-SNAPSHOT/hadoop-hdds-container-service-1.1.0-SNAPSHOT.jar!/webapps/hddsDatanode}
2021-03-15 13:22:30,472 [Listener at 127.0.0.1/41395] INFO  server.AbstractConnector (AbstractConnector.java:doStop(381)) - Stopped ServerConnector@106cc1af{HTTP/1.1, (http/1.1)}{0.0.0.0:0}
2021-03-15 13:22:30,472 [Listener at 127.0.0.1/41395] INFO  server.session (HouseKeeper.java:stopScavenging(149)) - node0 Stopped scavenging
2021-03-15 13:22:30,472 [Listener at 127.0.0.1/41395] INFO  handler.ContextHandler (ContextHandler.java:doStop(1154)) - Stopped o.e.j.s.ServletContextHandler@22832503{static,/static,jar:file:/home/user/.m2/repository/org/apache/hadoop/hadoop-hdds-container-service/1.1.0-SNAPSHOT/hadoop-hdds-container-service-1.1.0-SNAPSHOT.jar!/webapps/static,STOPPED}
2021-03-15 13:22:30,473 [Listener at 127.0.0.1/41395] INFO  handler.ContextHandler (ContextHandler.java:doStop(1154)) - Stopped o.e.j.s.ServletContextHandler@5c7995a9{logs,/logs,file:///github/workspace/mnt/ozone/hadoop-ozone/integration-test/target/log,STOPPED}
2021-03-15 13:22:30,474 [Listener at 127.0.0.1/41395] INFO  ozone.MiniOzoneClusterImpl (MiniOzoneClusterImpl.java:stopSCM(489)) - Stopping the StorageContainerManager
2021-03-15 13:22:30,474 [Listener at 127.0.0.1/41395] INFO  server.StorageContainerManager (StorageContainerManager.java:stop(861)) - Stopping Replication Manager Service.
2021-03-15 13:22:30,474 [Listener at 127.0.0.1/41395] INFO  container.ReplicationManager (ReplicationManager.java:stop(227)) - Stopping Replication Monitor Thread.
2021-03-15 13:22:30,475 [Listener at 127.0.0.1/41395] INFO  server.StorageContainerManager (StorageContainerManager.java:stop(868)) - Stopping the Datanode Admin Monitor.
2021-03-15 13:22:30,475 [Listener at 127.0.0.1/41395] INFO  server.StorageContainerManager (StorageContainerManager.java:stop(875)) - Stopping Lease Manager of the command watchers
2021-03-15 13:22:30,475 [Listener at 127.0.0.1/41395] INFO  server.StorageContainerManager (StorageContainerManager.java:stop(882)) - Stopping datanode service RPC server
2021-03-15 13:22:30,475 [Listener at 127.0.0.1/41395] INFO  server.SCMDatanodeProtocolServer (SCMDatanodeProtocolServer.java:stop(369)) - Stopping the RPC server for DataNodes
2021-03-15 13:22:30,475 [Listener at 127.0.0.1/41395] INFO  ipc.Server (Server.java:stop(3403)) - Stopping server on 39607
2021-03-15 13:22:30,477 [IPC Server Responder] INFO  ipc.Server (Server.java:run(1502)) - Stopping IPC Server Responder
2021-03-15 13:22:30,478 [IPC Server listener on 0] INFO  ipc.Server (Server.java:run(1366)) - Stopping IPC Server listener on 0
2021-03-15 13:22:30,538 [SCM Heartbeat Processing Thread - 0] WARN  node.NodeStateManager (NodeStateManager.java:scheduleNextHealthCheck(688)) - Current Thread is interrupted, shutting down HB processing thread for Node Manager.
2021-03-15 13:22:30,539 [Listener at 127.0.0.1/41395] INFO  server.StorageContainerManager (StorageContainerManager.java:stop(890)) - Stopping block service RPC server
2021-03-15 13:22:30,539 [Listener at 127.0.0.1/41395] INFO  server.SCMBlockProtocolServer (SCMBlockProtocolServer.java:stop(159)) - Stopping the RPC server for Block Protocol
2021-03-15 13:22:30,539 [Listener at 127.0.0.1/41395] INFO  ipc.Server (Server.java:stop(3403)) - Stopping server on 45927
2021-03-15 13:22:30,541 [IPC Server listener on 0] INFO  ipc.Server (Server.java:run(1366)) - Stopping IPC Server listener on 0
2021-03-15 13:22:30,542 [IPC Server Responder] INFO  ipc.Server (Server.java:run(1502)) - Stopping IPC Server Responder
2021-03-15 13:22:30,542 [Listener at 127.0.0.1/41395] INFO  server.StorageContainerManager (StorageContainerManager.java:stop(897)) - Stopping the StorageContainerLocationProtocol RPC server
2021-03-15 13:22:30,542 [Listener at 127.0.0.1/41395] INFO  server.SCMClientProtocolServer (SCMClientProtocolServer.java:stop(170)) - Stopping the RPC server for Client Protocol
2021-03-15 13:22:30,542 [Listener at 127.0.0.1/41395] INFO  ipc.Server (Server.java:stop(3403)) - Stopping server on 42927
2021-03-15 13:22:30,543 [IPC Server listener on 0] INFO  ipc.Server (Server.java:run(1366)) - Stopping IPC Server listener on 0
2021-03-15 13:22:30,544 [IPC Server Responder] INFO  ipc.Server (Server.java:run(1502)) - Stopping IPC Server Responder
2021-03-15 13:22:30,544 [Listener at 127.0.0.1/41395] INFO  server.StorageContainerManager (StorageContainerManager.java:stop(904)) - Stopping Storage Container Manager HTTP server.
2021-03-15 13:22:30,545 [Listener at 127.0.0.1/41395] INFO  handler.ContextHandler (ContextHandler.java:doStop(1154)) - Stopped o.e.j.w.WebAppContext@6529c225{scm,/,null,STOPPED}{file:/github/workspace/mnt/ozone/hadoop-ozone/integration-test/target/test-classes/webapps/scm}
2021-03-15 13:22:30,545 [Listener at 127.0.0.1/41395] INFO  server.AbstractConnector (AbstractConnector.java:doStop(381)) - Stopped ServerConnector@a5a44c0{HTTP/1.1, (http/1.1)}{0.0.0.0:0}
2021-03-15 13:22:30,545 [Listener at 127.0.0.1/41395] INFO  server.session (HouseKeeper.java:stopScavenging(149)) - node0 Stopped scavenging
2021-03-15 13:22:30,546 [Listener at 127.0.0.1/41395] INFO  handler.ContextHandler (ContextHandler.java:doStop(1154)) - Stopped o.e.j.s.ServletContextHandler@6fff8bb2{static,/static,file:///github/workspace/mnt/ozone/hadoop-ozone/integration-test/target/test-classes/webapps/static,STOPPED}
2021-03-15 13:22:30,546 [Listener at 127.0.0.1/41395] INFO  handler.ContextHandler (ContextHandler.java:doStop(1154)) - Stopped o.e.j.s.ServletContextHandler@32ce475a{logs,/logs,file:///github/workspace/mnt/ozone/hadoop-ozone/integration-test/target/log,STOPPED}
2021-03-15 13:22:30,547 [Listener at 127.0.0.1/41395] INFO  server.StorageContainerManager (StorageContainerManager.java:stop(915)) - Stopping Block Manager Service.
2021-03-15 13:22:30,547 [Listener at 127.0.0.1/41395] INFO  utils.BackgroundService (BackgroundService.java:shutdown(132)) - Shutting down service SCMBlockDeletingService
2021-03-15 13:22:30,547 [Listener at 127.0.0.1/41395] INFO  utils.BackgroundService (BackgroundService.java:shutdown(132)) - Shutting down service SCMBlockDeletingService
2021-03-15 13:22:30,547 [Listener at 127.0.0.1/41395] INFO  server.StorageContainerManager (StorageContainerManager.java:stop(940)) - Stopping SCM Event Queue.
2021-03-15 13:22:30,552 [Listener at 127.0.0.1/41395] INFO  impl.MetricsSystemImpl (MetricsSystemImpl.java:stop(210)) - Stopping XceiverClientMetrics metrics system...
2021-03-15 13:22:30,556 [prometheus] INFO  impl.MetricsSinkAdapter (MetricsSinkAdapter.java:publishMetricsFromQueue(141)) - prometheus thread interrupted.
2021-03-15 13:22:30,556 [Listener at 127.0.0.1/41395] INFO  impl.MetricsSystemImpl (MetricsSystemImpl.java:stop(216)) - XceiverClientMetrics metrics system stopped.
]]></system-out>
  </testcase>
  <testcase name="testDatanodeFailureWithPreAllocation" classname="org.apache.hadoop.ozone.client.rpc.TestBlockOutputStreamWithFailuresFlushDelay" time="83.459"/>
  <testcase name="testDatanodeFailureWithSingleNodeRatis" classname="org.apache.hadoop.ozone.client.rpc.TestBlockOutputStreamWithFailuresFlushDelay" time="85.954"/>
  <testcase name="testWatchForCommitWithSingleNodeRatis" classname="org.apache.hadoop.ozone.client.rpc.TestBlockOutputStreamWithFailuresFlushDelay" time="48.802"/>
  <testcase name="testWatchForCommitDatanodeFailure" classname="org.apache.hadoop.ozone.client.rpc.TestBlockOutputStreamWithFailuresFlushDelay" time="48.985"/>
  <testcase name="testFailureWithPrimeSizedData" classname="org.apache.hadoop.ozone.client.rpc.TestBlockOutputStreamWithFailuresFlushDelay" time="36.022"/>
  <testcase name="testWatchForCommitWithCloseContainerException" classname="org.apache.hadoop.ozone.client.rpc.TestBlockOutputStreamWithFailuresFlushDelay" time="36.111"/>
  <testcase name="testExceptionDuringClose" classname="org.apache.hadoop.ozone.client.rpc.TestBlockOutputStreamWithFailuresFlushDelay" time="37.102"/>
</testsuite>