<?xml version="1.0" encoding="UTF-8"?>
<testsuite xmlns:xsi="http://www.w3.org/2001/XMLSchema-instance" xsi:noNamespaceSchemaLocation="https://maven.apache.org/surefire/maven-surefire-plugin/xsd/surefire-test-report-3.0.xsd" version="3.0" name="org.apache.hadoop.ozone.TestStorageContainerManager" time="223.928" tests="13" errors="0" skipped="0" failures="1">
  <properties>
    <property name="awt.toolkit" value="sun.awt.X11.XToolkit"/>
    <property name="file.encoding.pkg" value="sun.io"/>
    <property name="java.specification.version" value="1.8"/>
    <property name="sun.cpu.isalist" value=""/>
    <property name="sun.jnu.encoding" value="UTF-8"/>
    <property name="java.class.path" value="/home/runner/work/ozone/ozone/hadoop-ozone/integration-test/target/test-classes:/home/runner/work/ozone/ozone/hadoop-ozone/integration-test/target/classes:/home/runner/.m2/repository/org/apache/ozone/ozone-common/1.4.0-SNAPSHOT/ozone-common-1.4.0-SNAPSHOT.jar:/home/runner/.m2/repository/io/grpc/grpc-netty/1.51.1/grpc-netty-1.51.1.jar:/home/runner/.m2/repository/io/grpc/grpc-core/1.51.1/grpc-core-1.51.1.jar:/home/runner/.m2/repository/com/google/android/annotations/4.1.1.4/annotations-4.1.1.4.jar:/home/runner/.m2/repository/org/codehaus/mojo/animal-sniffer-annotations/1.21/animal-sniffer-annotations-1.21.jar:/home/runner/.m2/repository/com/google/errorprone/error_prone_annotations/2.2.0/error_prone_annotations-2.2.0.jar:/home/runner/.m2/repository/io/perfmark/perfmark-api/0.25.0/perfmark-api-0.25.0.jar:/home/runner/.m2/repository/io/netty/netty-codec-http2/4.1.86.Final/netty-codec-http2-4.1.86.Final.jar:/home/runner/.m2/repository/io/netty/netty-common/4.1.86.Final/netty-common-4.1.86.Final.jar:/home/runner/.m2/repository/io/netty/netty-buffer/4.1.86.Final/netty-buffer-4.1.86.Final.jar:/home/runner/.m2/repository/io/netty/netty-codec-http/4.1.86.Final/netty-codec-http-4.1.86.Final.jar:/home/runner/.m2/repository/io/netty/netty-handler-proxy/4.1.86.Final/netty-handler-proxy-4.1.86.Final.jar:/home/runner/.m2/repository/io/netty/netty-codec-socks/4.1.86.Final/netty-codec-socks-4.1.86.Final.jar:/home/runner/.m2/repository/io/netty/netty-tcnative-boringssl-static/2.0.54.Final/netty-tcnative-boringssl-static-2.0.54.Final.jar:/home/runner/.m2/repository/io/netty/netty-tcnative-classes/2.0.54.Final/netty-tcnative-classes-2.0.54.Final.jar:/home/runner/.m2/repository/io/netty/netty-tcnative-boringssl-static/2.0.54.Final/netty-tcnative-boringssl-static-2.0.54.Final-linux-x86_64.jar:/home/runner/.m2/repository/io/netty/netty-tcnative-boringssl-static/2.0.54.Final/netty-tcnative-boringssl-static-2.0.54.Final-linux-aarch_64.jar:/home/runner/.m2/repository/io/netty/netty-tcnative-boringssl-static/2.0.54.Final/netty-tcnative-boringssl-static-2.0.54.Final-osx-x86_64.jar:/home/runner/.m2/repository/io/netty/netty-tcnative-boringssl-static/2.0.54.Final/netty-tcnative-boringssl-static-2.0.54.Final-osx-aarch_64.jar:/home/runner/.m2/repository/io/netty/netty-tcnative-boringssl-static/2.0.54.Final/netty-tcnative-boringssl-static-2.0.54.Final-windows-x86_64.jar:/home/runner/.m2/repository/org/apache/commons/commons-compress/1.21/commons-compress-1.21.jar:/home/runner/.m2/repository/org/apache/ozone/hdds-common/1.4.0-SNAPSHOT/hdds-common-1.4.0-SNAPSHOT.jar:/home/runner/.m2/repository/org/apache/ozone/hdds-client/1.4.0-SNAPSHOT/hdds-client-1.4.0-SNAPSHOT.jar:/home/runner/.m2/repository/org/apache/ozone/ozone-interface-client/1.4.0-SNAPSHOT/ozone-interface-client-1.4.0-SNAPSHOT.jar:/home/runner/.m2/repository/org/apache/hadoop/hadoop-hdfs-client/3.3.5/hadoop-hdfs-client-3.3.5.jar:/home/runner/.m2/repository/com/squareup/okhttp3/okhttp/4.9.3/okhttp-4.9.3.jar:/home/runner/.m2/repository/com/squareup/okio/okio/2.8.0/okio-2.8.0.jar:/home/runner/.m2/repository/org/jetbrains/kotlin/kotlin-stdlib-common/1.6.21/kotlin-stdlib-common-1.6.21.jar:/home/runner/.m2/repository/org/apache/ozone/hdds-test-utils/1.4.0-SNAPSHOT/hdds-test-utils-1.4.0-SNAPSHOT.jar:/home/runner/.m2/repository/com/google/guava/guava/31.1-jre/guava-31.1-jre.jar:/home/runner/.m2/repository/com/google/guava/failureaccess/1.0.1/failureaccess-1.0.1.jar:/home/runner/.m2/repository/com/google/guava/listenablefuture/9999.0-empty-to-avoid-conflict-with-guava/listenablefuture-9999.0-empty-to-avoid-conflict-with-guava.jar:/home/runner/.m2/repository/com/google/code/findbugs/jsr305/3.0.0/jsr305-3.0.0.jar:/home/runner/.m2/repository/org/checkerframework/checker-qual/3.12.0/checker-qual-3.12.0.jar:/home/runner/.m2/repository/com/google/j2objc/j2objc-annotations/1.3/j2objc-annotations-1.3.jar:/home/runner/.m2/repository/commons-io/commons-io/2.11.0/commons-io-2.11.0.jar:/home/runner/.m2/repository/commons-logging/commons-logging/1.2/commons-logging-1.2.jar:/home/runner/.m2/repository/ch/qos/reload4j/reload4j/1.2.22/reload4j-1.2.22.jar:/home/runner/.m2/repository/org/slf4j/slf4j-api/1.7.36/slf4j-api-1.7.36.jar:/home/runner/.m2/repository/org/apache/ozone/hdds-server-scm/1.4.0-SNAPSHOT/hdds-server-scm-1.4.0-SNAPSHOT.jar:/home/runner/.m2/repository/org/apache/ozone/hdds-container-service/1.4.0-SNAPSHOT/hdds-container-service-1.4.0-SNAPSHOT.jar:/home/runner/.m2/repository/org/apache/ozone/hdds-hadoop-dependency-server/1.4.0-SNAPSHOT/hdds-hadoop-dependency-server-1.4.0-SNAPSHOT.jar:/home/runner/.m2/repository/org/apache/hadoop/hadoop-hdfs/3.3.5/hadoop-hdfs-3.3.5.jar:/home/runner/.m2/repository/commons-daemon/commons-daemon/1.0.13/commons-daemon-1.0.13.jar:/home/runner/.m2/repository/org/apache/ozone/hdds-server-framework/1.4.0-SNAPSHOT/hdds-server-framework-1.4.0-SNAPSHOT.jar:/home/runner/.m2/repository/io/dropwizard/metrics/metrics-core/3.2.4/metrics-core-3.2.4.jar:/home/runner/.m2/repository/org/apache/commons/commons-text/1.4/commons-text-1.4.jar:/home/runner/.m2/repository/org/bouncycastle/bcprov-jdk15on/1.67/bcprov-jdk15on-1.67.jar:/home/runner/.m2/repository/com/google/protobuf/protobuf-java/2.5.0/protobuf-java-2.5.0.jar:/home/runner/.m2/repository/org/apache/ozone/hdds-server-framework/1.4.0-SNAPSHOT/hdds-server-framework-1.4.0-SNAPSHOT-tests.jar:/home/runner/.m2/repository/org/apache/ozone/hdds-interface-server/1.4.0-SNAPSHOT/hdds-interface-server-1.4.0-SNAPSHOT.jar:/home/runner/.m2/repository/org/apache/ozone/hdds-interface-admin/1.4.0-SNAPSHOT/hdds-interface-admin-1.4.0-SNAPSHOT.jar:/home/runner/.m2/repository/org/apache/ozone/hdds-managed-rocksdb/1.4.0-SNAPSHOT/hdds-managed-rocksdb-1.4.0-SNAPSHOT.jar:/home/runner/.m2/repository/org/rocksdb/rocksdbjni/7.7.3/rocksdbjni-7.7.3.jar:/home/runner/.m2/repository/org/slf4j/slf4j-reload4j/1.7.36/slf4j-reload4j-1.7.36.jar:/home/runner/.m2/repository/org/apache/commons/commons-configuration2/2.1.1/commons-configuration2-2.1.1.jar:/home/runner/.m2/repository/org/apache/logging/log4j/log4j-core/2.17.1/log4j-core-2.17.1.jar:/home/runner/.m2/repository/com/lmax/disruptor/3.4.2/disruptor-3.4.2.jar:/home/runner/.m2/repository/org/eclipse/jetty/jetty-util/9.4.51.v20230217/jetty-util-9.4.51.v20230217.jar:/home/runner/.m2/repository/org/eclipse/jetty/jetty-server/9.4.51.v20230217/jetty-server-9.4.51.v20230217.jar:/home/runner/.m2/repository/org/eclipse/jetty/jetty-http/9.4.51.v20230217/jetty-http-9.4.51.v20230217.jar:/home/runner/.m2/repository/org/eclipse/jetty/jetty-io/9.4.51.v20230217/jetty-io-9.4.51.v20230217.jar:/home/runner/.m2/repository/org/eclipse/jetty/jetty-servlet/9.4.51.v20230217/jetty-servlet-9.4.51.v20230217.jar:/home/runner/.m2/repository/org/eclipse/jetty/jetty-security/9.4.51.v20230217/jetty-security-9.4.51.v20230217.jar:/home/runner/.m2/repository/org/eclipse/jetty/jetty-util-ajax/9.4.51.v20230217/jetty-util-ajax-9.4.51.v20230217.jar:/home/runner/.m2/repository/org/eclipse/jetty/jetty-webapp/9.4.51.v20230217/jetty-webapp-9.4.51.v20230217.jar:/home/runner/.m2/repository/org/eclipse/jetty/jetty-xml/9.4.51.v20230217/jetty-xml-9.4.51.v20230217.jar:/home/runner/.m2/repository/org/apache/ratis/ratis-server/2.4.2-8b8bdda-SNAPSHOT/ratis-server-2.4.2-8b8bdda-SNAPSHOT.jar:/home/runner/.m2/repository/org/apache/ratis/ratis-thirdparty-misc/1.0.3/ratis-thirdparty-misc-1.0.3.jar:/home/runner/.m2/repository/org/apache/ratis/ratis-proto/2.4.2-8b8bdda-SNAPSHOT/ratis-proto-2.4.2-8b8bdda-SNAPSHOT.jar:/home/runner/.m2/repository/org/apache/ratis/ratis-common/2.4.2-8b8bdda-SNAPSHOT/ratis-common-2.4.2-8b8bdda-SNAPSHOT.jar:/home/runner/.m2/repository/org/apache/ratis/ratis-client/2.4.2-8b8bdda-SNAPSHOT/ratis-client-2.4.2-8b8bdda-SNAPSHOT.jar:/home/runner/.m2/repository/org/apache/ratis/ratis-server-api/2.4.2-8b8bdda-SNAPSHOT/ratis-server-api-2.4.2-8b8bdda-SNAPSHOT.jar:/home/runner/.m2/repository/org/apache/ratis/ratis-metrics/2.4.2-8b8bdda-SNAPSHOT/ratis-metrics-2.4.2-8b8bdda-SNAPSHOT.jar:/home/runner/.m2/repository/io/prometheus/simpleclient_dropwizard/0.7.0/simpleclient_dropwizard-0.7.0.jar:/home/runner/.m2/repository/io/prometheus/simpleclient/0.7.0/simpleclient-0.7.0.jar:/home/runner/.m2/repository/io/prometheus/simpleclient_common/0.7.0/simpleclient_common-0.7.0.jar:/home/runner/.m2/repository/com/fasterxml/jackson/datatype/jackson-datatype-jsr310/2.13.4/jackson-datatype-jsr310-2.13.4.jar:/home/runner/.m2/repository/com/fasterxml/jackson/core/jackson-core/2.13.4/jackson-core-2.13.4.jar:/home/runner/.m2/repository/com/github/spotbugs/spotbugs-annotations/3.1.12/spotbugs-annotations-3.1.12.jar:/home/runner/.m2/repository/org/apache/ozone/rocksdb-checkpoint-differ/1.4.0-SNAPSHOT/rocksdb-checkpoint-differ-1.4.0-SNAPSHOT.jar:/home/runner/.m2/repository/org/awaitility/awaitility/4.2.0/awaitility-4.2.0.jar:/home/runner/.m2/repository/org/hamcrest/hamcrest/2.1/hamcrest-2.1.jar:/home/runner/.m2/repository/org/apache/ozone/ozone-manager/1.4.0-SNAPSHOT/ozone-manager-1.4.0-SNAPSHOT.jar:/home/runner/.m2/repository/org/aspectj/aspectjrt/1.9.7/aspectjrt-1.9.7.jar:/home/runner/.m2/repository/org/aspectj/aspectjweaver/1.9.7/aspectjweaver-1.9.7.jar:/home/runner/.m2/repository/org/apache/ozone/hdds-interface-client/1.4.0-SNAPSHOT/hdds-interface-client-1.4.0-SNAPSHOT.jar:/home/runner/.m2/repository/org/apache/hadoop/thirdparty/hadoop-shaded-protobuf_3_7/1.1.1/hadoop-shaded-protobuf_3_7-1.1.1.jar:/home/runner/.m2/repository/org/apache/ozone/ozone-interface-storage/1.4.0-SNAPSHOT/ozone-interface-storage-1.4.0-SNAPSHOT.jar:/home/runner/.m2/repository/org/reflections/reflections/0.9.11/reflections-0.9.11.jar:/home/runner/.m2/repository/com/sun/jersey/jersey-client/1.19/jersey-client-1.19.jar:/home/runner/.m2/repository/org/codehaus/jackson/jackson-core-asl/1.9.13/jackson-core-asl-1.9.13.jar:/home/runner/.m2/repository/org/codehaus/jackson/jackson-mapper-asl/1.9.13/jackson-mapper-asl-1.9.13.jar:/home/runner/.m2/repository/org/codehaus/jackson/jackson-jaxrs/1.9.13/jackson-jaxrs-1.9.13.jar:/home/runner/.m2/repository/org/apache/ranger/ranger-intg/2.3.0/ranger-intg-2.3.0.jar:/home/runner/.m2/repository/org/apache/ranger/ranger-plugins-common/2.3.0/ranger-plugins-common-2.3.0.jar:/home/runner/.m2/repository/commons-lang/commons-lang/2.6/commons-lang-2.6.jar:/home/runner/.m2/repository/org/apache/ranger/ranger-plugins-cred/2.3.0/ranger-plugins-cred-2.3.0.jar:/home/runner/.m2/repository/org/apache/ranger/ranger-plugins-audit/2.3.0/ranger-plugins-audit-2.3.0.jar:/home/runner/.m2/repository/org/eclipse/jetty/jetty-client/9.4.51.v20230217/jetty-client-9.4.51.v20230217.jar:/home/runner/.m2/repository/org/apache/httpcomponents/httpmime/4.5.6/httpmime-4.5.6.jar:/home/runner/.m2/repository/org/apache/httpcomponents/httpcore-nio/4.4.13/httpcore-nio-4.4.13.jar:/home/runner/.m2/repository/org/apache/httpcomponents/httpasyncclient/4.1.3/httpasyncclient-4.1.3.jar:/home/runner/.m2/repository/com/carrotsearch/hppc/0.8.0/hppc-0.8.0.jar:/home/runner/.m2/repository/org/apache/orc/orc-core/1.5.8/orc-core-1.5.8.jar:/home/runner/.m2/repository/net/java/dev/jna/jna/5.2.0/jna-5.2.0.jar:/home/runner/.m2/repository/net/java/dev/jna/jna-platform/5.2.0/jna-platform-5.2.0.jar:/home/runner/.m2/repository/com/kstruct/gethostname4j/0.0.2/gethostname4j-0.0.2.jar:/home/runner/.m2/repository/org/apache/ranger/ranger-plugin-classloader/2.3.0/ranger-plugin-classloader-2.3.0.jar:/home/runner/.m2/repository/org/apache/ozone/hdds-rocks-native/1.4.0-SNAPSHOT/hdds-rocks-native-1.4.0-SNAPSHOT.jar:/home/runner/.m2/repository/org/apache/hadoop/hadoop-minikdc/3.3.5/hadoop-minikdc-3.3.5.jar:/home/runner/.m2/repository/org/apache/kerby/kerb-simplekdc/1.0.1/kerb-simplekdc-1.0.1.jar:/home/runner/.m2/repository/org/apache/kerby/kerb-client/1.0.1/kerb-client-1.0.1.jar:/home/runner/.m2/repository/org/apache/kerby/kerby-config/1.0.1/kerby-config-1.0.1.jar:/home/runner/.m2/repository/org/apache/kerby/kerb-common/1.0.1/kerb-common-1.0.1.jar:/home/runner/.m2/repository/org/apache/kerby/kerb-crypto/1.0.1/kerb-crypto-1.0.1.jar:/home/runner/.m2/repository/org/apache/kerby/kerb-util/1.0.1/kerb-util-1.0.1.jar:/home/runner/.m2/repository/org/apache/kerby/token-provider/1.0.1/token-provider-1.0.1.jar:/home/runner/.m2/repository/org/apache/kerby/kerb-admin/1.0.1/kerb-admin-1.0.1.jar:/home/runner/.m2/repository/org/apache/kerby/kerb-server/1.0.1/kerb-server-1.0.1.jar:/home/runner/.m2/repository/org/apache/kerby/kerb-identity/1.0.1/kerb-identity-1.0.1.jar:/home/runner/.m2/repository/org/apache/kerby/kerby-xdr/1.0.1/kerby-xdr-1.0.1.jar:/home/runner/.m2/repository/org/apache/ozone/ozone-s3gateway/1.4.0-SNAPSHOT/ozone-s3gateway-1.4.0-SNAPSHOT.jar:/home/runner/.m2/repository/org/javassist/javassist/3.21.0-GA/javassist-3.21.0-GA.jar:/home/runner/.m2/repository/org/jboss/weld/servlet/weld-servlet-shaded/3.1.9.Final/weld-servlet-shaded-3.1.9.Final.jar:/home/runner/.m2/repository/org/glassfish/jersey/containers/jersey-container-servlet-core/2.34/jersey-container-servlet-core-2.34.jar:/home/runner/.m2/repository/org/glassfish/hk2/external/jakarta.inject/2.6.1/jakarta.inject-2.6.1.jar:/home/runner/.m2/repository/org/glassfish/jersey/core/jersey-common/2.34/jersey-common-2.34.jar:/home/runner/.m2/repository/jakarta/ws/rs/jakarta.ws.rs-api/2.1.6/jakarta.ws.rs-api-2.1.6.jar:/home/runner/.m2/repository/org/glassfish/jersey/ext/cdi/jersey-cdi1x/2.34/jersey-cdi1x-2.34.jar:/home/runner/.m2/repository/org/glassfish/jersey/inject/jersey-hk2/2.34/jersey-hk2-2.34.jar:/home/runner/.m2/repository/org/glassfish/hk2/hk2-locator/2.6.1/hk2-locator-2.6.1.jar:/home/runner/.m2/repository/org/glassfish/jersey/media/jersey-media-jaxb/2.34/jersey-media-jaxb-2.34.jar:/home/runner/.m2/repository/org/glassfish/hk2/osgi-resource-locator/1.0.3/osgi-resource-locator-1.0.3.jar:/home/runner/.m2/repository/org/glassfish/hk2/hk2-api/2.5.0/hk2-api-2.5.0.jar:/home/runner/.m2/repository/org/glassfish/hk2/hk2-utils/2.5.0/hk2-utils-2.5.0.jar:/home/runner/.m2/repository/org/glassfish/hk2/external/aopalliance-repackaged/2.5.0/aopalliance-repackaged-2.5.0.jar:/home/runner/.m2/repository/com/fasterxml/jackson/dataformat/jackson-dataformat-xml/2.13.4/jackson-dataformat-xml-2.13.4.jar:/home/runner/.m2/repository/org/codehaus/woodstox/stax2-api/4.2.1/stax2-api-4.2.1.jar:/home/runner/.m2/repository/com/fasterxml/woodstox/woodstox-core/5.4.0/woodstox-core-5.4.0.jar:/home/runner/.m2/repository/com/fasterxml/jackson/module/jackson-module-jaxb-annotations/2.13.4/jackson-module-jaxb-annotations-2.13.4.jar:/home/runner/.m2/repository/jakarta/xml/bind/jakarta.xml.bind-api/2.3.3/jakarta.xml.bind-api-2.3.3.jar:/home/runner/.m2/repository/jakarta/activation/jakarta.activation-api/1.2.2/jakarta.activation-api-1.2.2.jar:/home/runner/.m2/repository/javax/enterprise/cdi-api/2.0/cdi-api-2.0.jar:/home/runner/.m2/repository/javax/el/javax.el-api/3.0.0/javax.el-api-3.0.0.jar:/home/runner/.m2/repository/javax/interceptor/javax.interceptor-api/1.2/javax.interceptor-api-1.2.jar:/home/runner/.m2/repository/javax/inject/javax.inject/1/javax.inject-1.jar:/home/runner/.m2/repository/javax/xml/bind/jaxb-api/2.3.0/jaxb-api-2.3.0.jar:/home/runner/.m2/repository/org/glassfish/jaxb/jaxb-runtime/2.3.0.1/jaxb-runtime-2.3.0.1.jar:/home/runner/.m2/repository/org/glassfish/jaxb/jaxb-core/2.3.0.1/jaxb-core-2.3.0.1.jar:/home/runner/.m2/repository/org/glassfish/jaxb/txw2/2.3.0.1/txw2-2.3.0.1.jar:/home/runner/.m2/repository/com/sun/istack/istack-commons-runtime/3.0.5/istack-commons-runtime-3.0.5.jar:/home/runner/.m2/repository/org/jvnet/staxex/stax-ex/1.7.8/stax-ex-1.7.8.jar:/home/runner/.m2/repository/com/sun/xml/fastinfoset/FastInfoset/1.2.13/FastInfoset-1.2.13.jar:/home/runner/.m2/repository/javax/activation/activation/1.1.1/activation-1.1.1.jar:/home/runner/.m2/repository/io/grpc/grpc-protobuf/1.51.1/grpc-protobuf-1.51.1.jar:/home/runner/.m2/repository/io/grpc/grpc-api/1.51.1/grpc-api-1.51.1.jar:/home/runner/.m2/repository/io/grpc/grpc-context/1.51.1/grpc-context-1.51.1.jar:/home/runner/.m2/repository/com/google/api/grpc/proto-google-common-protos/2.9.0/proto-google-common-protos-2.9.0.jar:/home/runner/.m2/repository/io/grpc/grpc-protobuf-lite/1.51.1/grpc-protobuf-lite-1.51.1.jar:/home/runner/.m2/repository/io/grpc/grpc-stub/1.51.1/grpc-stub-1.51.1.jar:/home/runner/.m2/repository/io/netty/netty-transport/4.1.86.Final/netty-transport-4.1.86.Final.jar:/home/runner/.m2/repository/io/netty/netty-resolver/4.1.86.Final/netty-resolver-4.1.86.Final.jar:/home/runner/.m2/repository/org/apache/ozone/ozone-csi/1.4.0-SNAPSHOT/ozone-csi-1.4.0-SNAPSHOT.jar:/home/runner/.m2/repository/com/google/protobuf/protobuf-java-util/3.19.6/protobuf-java-util-3.19.6.jar:/home/runner/.m2/repository/com/google/code/gson/gson/2.9.0/gson-2.9.0.jar:/home/runner/.m2/repository/org/apache/ozone/hdds-config/1.4.0-SNAPSHOT/hdds-config-1.4.0-SNAPSHOT.jar:/home/runner/.m2/repository/io/netty/netty-transport-native-epoll/4.1.86.Final/netty-transport-native-epoll-4.1.86.Final-linux-x86_64.jar:/home/runner/.m2/repository/io/netty/netty-transport-classes-epoll/4.1.86.Final/netty-transport-classes-epoll-4.1.86.Final.jar:/home/runner/.m2/repository/io/netty/netty-transport-native-unix-common/4.1.86.Final/netty-transport-native-unix-common-4.1.86.Final.jar:/home/runner/.m2/repository/org/apache/ozone/ozone-recon/1.4.0-SNAPSHOT/ozone-recon-1.4.0-SNAPSHOT.jar:/home/runner/.m2/repository/org/apache/ozone/ozone-reconcodegen/1.4.0-SNAPSHOT/ozone-reconcodegen-1.4.0-SNAPSHOT.jar:/home/runner/.m2/repository/com/google/inject/guice/5.1.0/guice-5.1.0.jar:/home/runner/.m2/repository/aopalliance/aopalliance/1.0/aopalliance-1.0.jar:/home/runner/.m2/repository/com/google/inject/extensions/guice-assistedinject/5.1.0/guice-assistedinject-5.1.0.jar:/home/runner/.m2/repository/com/google/inject/extensions/guice-servlet/5.1.0/guice-servlet-5.1.0.jar:/home/runner/.m2/repository/org/glassfish/jersey/containers/jersey-container-servlet/2.34/jersey-container-servlet-2.34.jar:/home/runner/.m2/repository/org/glassfish/hk2/guice-bridge/2.5.0/guice-bridge-2.5.0.jar:/home/runner/.m2/repository/org/glassfish/jersey/core/jersey-server/2.34/jersey-server-2.34.jar:/home/runner/.m2/repository/org/glassfish/jersey/core/jersey-client/2.34/jersey-client-2.34.jar:/home/runner/.m2/repository/jakarta/annotation/jakarta.annotation-api/1.3.5/jakarta.annotation-api-1.3.5.jar:/home/runner/.m2/repository/jakarta/validation/jakarta.validation-api/2.0.2/jakarta.validation-api-2.0.2.jar:/home/runner/.m2/repository/org/glassfish/jersey/media/jersey-media-json-jackson/2.34/jersey-media-json-jackson-2.34.jar:/home/runner/.m2/repository/org/glassfish/jersey/ext/jersey-entity-filtering/2.34/jersey-entity-filtering-2.34.jar:/home/runner/.m2/repository/org/jooq/jooq/3.11.10/jooq-3.11.10.jar:/home/runner/.m2/repository/org/jooq/jooq-meta/3.11.10/jooq-meta-3.11.10.jar:/home/runner/.m2/repository/org/jooq/jooq-codegen/3.11.10/jooq-codegen-3.11.10.jar:/home/runner/.m2/repository/com/jolbox/bonecp/0.8.0.RELEASE/bonecp-0.8.0.RELEASE.jar:/home/runner/.m2/repository/org/apache/derby/derby/10.14.2.0/derby-10.14.2.0.jar:/home/runner/.m2/repository/org/xerial/sqlite-jdbc/3.25.2/sqlite-jdbc-3.25.2.jar:/home/runner/.m2/repository/org/springframework/spring-jdbc/5.3.27/spring-jdbc-5.3.27.jar:/home/runner/.m2/repository/org/springframework/spring-beans/5.3.27/spring-beans-5.3.27.jar:/home/runner/.m2/repository/org/springframework/spring-core/5.3.27/spring-core-5.3.27.jar:/home/runner/.m2/repository/org/springframework/spring-tx/5.3.27/spring-tx-5.3.27.jar:/home/runner/.m2/repository/org/apache/ozone/ozone-client/1.4.0-SNAPSHOT/ozone-client-1.4.0-SNAPSHOT.jar:/home/runner/.m2/repository/org/apache/ozone/hdds-erasurecode/1.4.0-SNAPSHOT/hdds-erasurecode-1.4.0-SNAPSHOT.jar:/home/runner/.m2/repository/org/apache/ozone/ozone-filesystem/1.4.0-SNAPSHOT/ozone-filesystem-1.4.0-SNAPSHOT.jar:/home/runner/.m2/repository/org/apache/ozone/ozone-filesystem-common/1.4.0-SNAPSHOT/ozone-filesystem-common-1.4.0-SNAPSHOT.jar:/home/runner/.m2/repository/org/apache/ozone/ozone-tools/1.4.0-SNAPSHOT/ozone-tools-1.4.0-SNAPSHOT.jar:/home/runner/.m2/repository/com/amazonaws/aws-java-sdk-core/1.12.261/aws-java-sdk-core-1.12.261.jar:/home/runner/.m2/repository/org/apache/httpcomponents/httpclient/4.5.13/httpclient-4.5.13.jar:/home/runner/.m2/repository/org/apache/httpcomponents/httpcore/4.4.13/httpcore-4.4.13.jar:/home/runner/.m2/repository/software/amazon/ion/ion-java/1.0.2/ion-java-1.0.2.jar:/home/runner/.m2/repository/com/fasterxml/jackson/dataformat/jackson-dataformat-cbor/2.13.4/jackson-dataformat-cbor-2.13.4.jar:/home/runner/.m2/repository/joda-time/joda-time/2.10.6/joda-time-2.10.6.jar:/home/runner/.m2/repository/com/amazonaws/aws-java-sdk-s3/1.12.261/aws-java-sdk-s3-1.12.261.jar:/home/runner/.m2/repository/com/amazonaws/aws-java-sdk-kms/1.12.261/aws-java-sdk-kms-1.12.261.jar:/home/runner/.m2/repository/com/amazonaws/jmespath-java/1.12.261/jmespath-java-1.12.261.jar:/home/runner/.m2/repository/org/kohsuke/metainf-services/metainf-services/1.8/metainf-services-1.8.jar:/home/runner/.m2/repository/org/apache/ozone/hdds-tools/1.4.0-SNAPSHOT/hdds-tools-1.4.0-SNAPSHOT.jar:/home/runner/.m2/repository/org/apache/ratis/ratis-tools/2.4.2-8b8bdda-SNAPSHOT/ratis-tools-2.4.2-8b8bdda-SNAPSHOT.jar:/home/runner/.m2/repository/commons-cli/commons-cli/1.2/commons-cli-1.2.jar:/home/runner/.m2/repository/org/apache/commons/commons-lang3/3.7/commons-lang3-3.7.jar:/home/runner/.m2/repository/org/apache/ozone/ozone-manager/1.4.0-SNAPSHOT/ozone-manager-1.4.0-SNAPSHOT-tests.jar:/home/runner/.m2/repository/org/apache/ozone/hdds-common/1.4.0-SNAPSHOT/hdds-common-1.4.0-SNAPSHOT-tests.jar:/home/runner/.m2/repository/org/apache/ozone/hdds-hadoop-dependency-client/1.4.0-SNAPSHOT/hdds-hadoop-dependency-client-1.4.0-SNAPSHOT.jar:/home/runner/.m2/repository/info/picocli/picocli/4.6.1/picocli-4.6.1.jar:/home/runner/.m2/repository/com/fasterxml/jackson/core/jackson-annotations/2.13.4/jackson-annotations-2.13.4.jar:/home/runner/.m2/repository/org/apache/ozone/hdds-annotation-processing/1.4.0-SNAPSHOT/hdds-annotation-processing-1.4.0-SNAPSHOT.jar:/home/runner/.m2/repository/javax/annotation/javax.annotation-api/1.2/javax.annotation-api-1.2.jar:/home/runner/.m2/repository/org/apache/ratis/ratis-netty/2.4.2-8b8bdda-SNAPSHOT/ratis-netty-2.4.2-8b8bdda-SNAPSHOT.jar:/home/runner/.m2/repository/org/apache/ratis/ratis-grpc/2.4.2-8b8bdda-SNAPSHOT/ratis-grpc-2.4.2-8b8bdda-SNAPSHOT.jar:/home/runner/.m2/repository/org/apache/logging/log4j/log4j-api/2.17.1/log4j-api-2.17.1.jar:/home/runner/.m2/repository/org/apache/commons/commons-pool2/2.6.0/commons-pool2-2.6.0.jar:/home/runner/.m2/repository/org/bouncycastle/bcpkix-jdk15on/1.67/bcpkix-jdk15on-1.67.jar:/home/runner/.m2/repository/commons-validator/commons-validator/1.6/commons-validator-1.6.jar:/home/runner/.m2/repository/commons-beanutils/commons-beanutils/1.9.4/commons-beanutils-1.9.4.jar:/home/runner/.m2/repository/commons-digester/commons-digester/1.8.1/commons-digester-1.8.1.jar:/home/runner/.m2/repository/commons-collections/commons-collections/3.2.2/commons-collections-3.2.2.jar:/home/runner/.m2/repository/io/jaegertracing/jaeger-client/1.6.0/jaeger-client-1.6.0.jar:/home/runner/.m2/repository/io/jaegertracing/jaeger-thrift/1.6.0/jaeger-thrift-1.6.0.jar:/home/runner/.m2/repository/org/apache/thrift/libthrift/0.14.1/libthrift-0.14.1.jar:/home/runner/.m2/repository/io/jaegertracing/jaeger-core/1.6.0/jaeger-core-1.6.0.jar:/home/runner/.m2/repository/io/jaegertracing/jaeger-tracerresolver/1.6.0/jaeger-tracerresolver-1.6.0.jar:/home/runner/.m2/repository/io/opentracing/contrib/opentracing-tracerresolver/0.1.8/opentracing-tracerresolver-0.1.8.jar:/home/runner/.m2/repository/org/jetbrains/kotlin/kotlin-stdlib/1.6.21/kotlin-stdlib-1.6.21.jar:/home/runner/.m2/repository/org/jetbrains/annotations/13.0/annotations-13.0.jar:/home/runner/.m2/repository/io/opentracing/opentracing-util/0.33.0/opentracing-util-0.33.0.jar:/home/runner/.m2/repository/io/opentracing/opentracing-api/0.33.0/opentracing-api-0.33.0.jar:/home/runner/.m2/repository/io/opentracing/opentracing-noop/0.33.0/opentracing-noop-0.33.0.jar:/home/runner/.m2/repository/org/yaml/snakeyaml/2.0/snakeyaml-2.0.jar:/home/runner/.m2/repository/junit/junit/4.13.1/junit-4.13.1.jar:/home/runner/.m2/repository/org/hamcrest/hamcrest-core/1.3/hamcrest-core-1.3.jar:/home/runner/.m2/repository/org/junit/jupiter/junit-jupiter-api/5.8.2/junit-jupiter-api-5.8.2.jar:/home/runner/.m2/repository/org/opentest4j/opentest4j/1.2.0/opentest4j-1.2.0.jar:/home/runner/.m2/repository/org/junit/platform/junit-platform-commons/1.8.2/junit-platform-commons-1.8.2.jar:/home/runner/.m2/repository/org/apiguardian/apiguardian-api/1.1.2/apiguardian-api-1.1.2.jar:/home/runner/.m2/repository/org/junit/jupiter/junit-jupiter-params/5.8.2/junit-jupiter-params-5.8.2.jar:/home/runner/.m2/repository/org/junit/jupiter/junit-jupiter-migrationsupport/5.8.2/junit-jupiter-migrationsupport-5.8.2.jar:/home/runner/.m2/repository/org/junit/jupiter/junit-jupiter-engine/5.8.2/junit-jupiter-engine-5.8.2.jar:/home/runner/.m2/repository/org/junit/platform/junit-platform-engine/1.8.2/junit-platform-engine-1.8.2.jar:/home/runner/.m2/repository/org/junit/vintage/junit-vintage-engine/5.8.2/junit-vintage-engine-5.8.2.jar:/home/runner/.m2/repository/org/junit/platform/junit-platform-launcher/1.8.2/junit-platform-launcher-1.8.2.jar:/home/runner/.m2/repository/org/mockito/mockito-core/2.28.2/mockito-core-2.28.2.jar:/home/runner/.m2/repository/net/bytebuddy/byte-buddy/1.9.10/byte-buddy-1.9.10.jar:/home/runner/.m2/repository/net/bytebuddy/byte-buddy-agent/1.9.10/byte-buddy-agent-1.9.10.jar:/home/runner/.m2/repository/org/objenesis/objenesis/1.0/objenesis-1.0.jar:/home/runner/.m2/repository/org/apache/hadoop/hadoop-kms/3.3.5/hadoop-kms-3.3.5.jar:/home/runner/.m2/repository/org/apache/hadoop/hadoop-auth/3.3.5/hadoop-auth-3.3.5.jar:/home/runner/.m2/repository/com/nimbusds/nimbus-jose-jwt/9.8.1/nimbus-jose-jwt-9.8.1.jar:/home/runner/.m2/repository/com/github/stephenc/jcip/jcip-annotations/1.0-1/jcip-annotations-1.0-1.jar:/home/runner/.m2/repository/net/minidev/json-smart/2.4.7/json-smart-2.4.7.jar:/home/runner/.m2/repository/net/minidev/accessors-smart/2.4.7/accessors-smart-2.4.7.jar:/home/runner/.m2/repository/org/ow2/asm/asm/5.0.4/asm-5.0.4.jar:/home/runner/.m2/repository/org/apache/zookeeper/zookeeper/3.5.6/zookeeper-3.5.6.jar:/home/runner/.m2/repository/org/apache/zookeeper/zookeeper-jute/3.5.6/zookeeper-jute-3.5.6.jar:/home/runner/.m2/repository/org/apache/yetus/audience-annotations/0.5.0/audience-annotations-0.5.0.jar:/home/runner/.m2/repository/org/apache/curator/curator-framework/4.2.0/curator-framework-4.2.0.jar:/home/runner/.m2/repository/org/apache/hadoop/thirdparty/hadoop-shaded-guava/1.1.1/hadoop-shaded-guava-1.1.1.jar:/home/runner/.m2/repository/com/sun/jersey/jersey-core/1.19/jersey-core-1.19.jar:/home/runner/.m2/repository/javax/ws/rs/jsr311-api/1.1.1/jsr311-api-1.1.1.jar:/home/runner/.m2/repository/com/sun/jersey/jersey-server/1.19/jersey-server-1.19.jar:/home/runner/.m2/repository/javax/servlet/javax.servlet-api/3.1.0/javax.servlet-api-3.1.0.jar:/home/runner/.m2/repository/org/apache/hadoop/hadoop-common/3.3.5/hadoop-common-3.3.5.jar:/home/runner/.m2/repository/org/apache/commons/commons-math3/3.1.1/commons-math3-3.1.1.jar:/home/runner/.m2/repository/commons-net/commons-net/3.9.0/commons-net-3.9.0.jar:/home/runner/.m2/repository/com/sun/jersey/jersey-servlet/1.19/jersey-servlet-1.19.jar:/home/runner/.m2/repository/com/github/pjfanning/jersey-json/1.20/jersey-json-1.20.jar:/home/runner/.m2/repository/org/codehaus/jettison/jettison/1.1/jettison-1.1.jar:/home/runner/.m2/repository/com/sun/xml/bind/jaxb-impl/2.2.3-1/jaxb-impl-2.2.3-1.jar:/home/runner/.m2/repository/com/google/re2j/re2j/1.1/re2j-1.1.jar:/home/runner/.m2/repository/com/jcraft/jsch/0.1.54/jsch-0.1.54.jar:/home/runner/.m2/repository/org/apache/curator/curator-client/4.2.0/curator-client-4.2.0.jar:/home/runner/.m2/repository/org/apache/curator/curator-recipes/4.2.0/curator-recipes-4.2.0.jar:/home/runner/.m2/repository/org/apache/kerby/kerb-core/1.0.1/kerb-core-1.0.1.jar:/home/runner/.m2/repository/org/apache/kerby/kerby-pkix/1.0.1/kerby-pkix-1.0.1.jar:/home/runner/.m2/repository/org/apache/kerby/kerby-asn1/1.0.1/kerby-asn1-1.0.1.jar:/home/runner/.m2/repository/org/apache/kerby/kerby-util/1.0.1/kerby-util-1.0.1.jar:/home/runner/.m2/repository/dnsjava/dnsjava/2.1.7/dnsjava-2.1.7.jar:/home/runner/.m2/repository/org/xerial/snappy/snappy-java/1.1.8.2/snappy-java-1.1.8.2.jar:/home/runner/.m2/repository/com/fasterxml/jackson/core/jackson-databind/2.13.4.2/jackson-databind-2.13.4.2.jar:/home/runner/.m2/repository/org/apache/hadoop/hadoop-kms/3.3.5/hadoop-kms-3.3.5-tests.jar:/home/runner/.m2/repository/org/apache/ozone/hdds-server-scm/1.4.0-SNAPSHOT/hdds-server-scm-1.4.0-SNAPSHOT-tests.jar:/home/runner/.m2/repository/org/apache/ozone/hdds-container-service/1.4.0-SNAPSHOT/hdds-container-service-1.4.0-SNAPSHOT-tests.jar:/home/runner/.m2/repository/com/github/luben/zstd-jni/1.5.2-5/zstd-jni-1.5.2-5.jar:/home/runner/.m2/repository/commons-codec/commons-codec/1.15/commons-codec-1.15.jar:/home/runner/.m2/repository/io/netty/netty-codec/4.1.86.Final/netty-codec-4.1.86.Final.jar:/home/runner/.m2/repository/io/netty/netty-handler/4.1.86.Final/netty-handler-4.1.86.Final.jar:/home/runner/.m2/repository/org/apache/ozone/hdds-hadoop-dependency-test/1.4.0-SNAPSHOT/hdds-hadoop-dependency-test-1.4.0-SNAPSHOT.jar:/home/runner/.m2/repository/org/apache/hadoop/hadoop-common/3.3.5/hadoop-common-3.3.5-tests.jar:/home/runner/.m2/repository/org/apache/hadoop/hadoop-hdfs/3.3.5/hadoop-hdfs-3.3.5-tests.jar:/home/runner/.m2/repository/org/assertj/assertj-core/3.12.2/assertj-core-3.12.2.jar:/home/runner/.m2/repository/org/apache/hadoop/hadoop-distcp/3.3.5/hadoop-distcp-3.3.5.jar:/home/runner/.m2/repository/org/apache/hadoop/hadoop-mapreduce-client-jobclient/3.3.5/hadoop-mapreduce-client-jobclient-3.3.5.jar:/home/runner/.m2/repository/org/apache/hadoop/hadoop-mapreduce-client-common/3.3.5/hadoop-mapreduce-client-common-3.3.5.jar:/home/runner/.m2/repository/org/apache/hadoop/hadoop-yarn-common/3.3.5/hadoop-yarn-common-3.3.5.jar:/home/runner/.m2/repository/org/apache/hadoop/hadoop-yarn-api/3.3.5/hadoop-yarn-api-3.3.5.jar:/home/runner/.m2/repository/com/sun/jersey/contribs/jersey-guice/1.19/jersey-guice-1.19.jar:/home/runner/.m2/repository/com/fasterxml/jackson/jaxrs/jackson-jaxrs-json-provider/2.13.4/jackson-jaxrs-json-provider-2.13.4.jar:/home/runner/.m2/repository/com/fasterxml/jackson/jaxrs/jackson-jaxrs-base/2.13.4/jackson-jaxrs-base-2.13.4.jar:/home/runner/.m2/repository/org/apache/hadoop/hadoop-yarn-client/3.3.5/hadoop-yarn-client-3.3.5.jar:/home/runner/.m2/repository/org/eclipse/jetty/websocket/websocket-client/9.4.48.v20220622/websocket-client-9.4.48.v20220622.jar:/home/runner/.m2/repository/org/eclipse/jetty/websocket/websocket-common/9.4.48.v20220622/websocket-common-9.4.48.v20220622.jar:/home/runner/.m2/repository/org/eclipse/jetty/websocket/websocket-api/9.4.48.v20220622/websocket-api-9.4.48.v20220622.jar:/home/runner/.m2/repository/org/jline/jline/3.9.0/jline-3.9.0.jar:/home/runner/.m2/repository/org/apache/hadoop/hadoop-mapreduce-client-core/3.3.5/hadoop-mapreduce-client-core-3.3.5.jar:/home/runner/.m2/repository/org/apache/avro/avro/1.7.7/avro-1.7.7.jar:/home/runner/.m2/repository/com/thoughtworks/paranamer/paranamer/2.3/paranamer-2.3.jar:/home/runner/.m2/repository/org/apache/hadoop/hadoop-annotations/3.3.5/hadoop-annotations-3.3.5.jar:/usr/lib/jvm/temurin-8-jdk-amd64/jre/../lib/tools.jar:/home/runner/.m2/repository/io/netty/netty/3.10.6.Final/netty-3.10.6.Final.jar:/home/runner/.m2/repository/org/apache/hadoop/hadoop-distcp/3.3.5/hadoop-distcp-3.3.5-tests.jar:/home/runner/.m2/repository/org/slf4j/jul-to-slf4j/1.7.36/jul-to-slf4j-1.7.36.jar:"/>
    <property name="java.vm.vendor" value="Temurin"/>
    <property name="sun.arch.data.model" value="64"/>
    <property name="test.build.dir" value="/home/runner/work/ozone/ozone/hadoop-ozone/integration-test/target/test-dir"/>
    <property name="test.cache.data" value=""/>
    <property name="java.vendor.url" value="https://adoptium.net/"/>
    <property name="user.timezone" value="Etc/UTC"/>
    <property name="java.vm.specification.version" value="1.8"/>
    <property name="os.name" value="Linux"/>
    <property name="test.build.data" value="/home/runner/work/ozone/ozone/hadoop-ozone/integration-test/target/test-dir"/>
    <property name="sun.java.launcher" value="SUN_STANDARD"/>
    <property name="sun.boot.library.path" value="/usr/lib/jvm/temurin-8-jdk-amd64/jre/lib/amd64"/>
    <property name="sun.java.command" value="/home/runner/work/ozone/ozone/hadoop-ozone/integration-test/target/surefire/surefirebooter8720612856848957271.jar /home/runner/work/ozone/ozone/hadoop-ozone/integration-test/target/surefire 2023-05-08T09-29-09_936-jvmRun1 surefire837057788648935625tmp surefire_46571490484542600237tmp"/>
    <property name="surefire.test.class.path" value="/home/runner/work/ozone/ozone/hadoop-ozone/integration-test/target/test-classes:/home/runner/work/ozone/ozone/hadoop-ozone/integration-test/target/classes:/home/runner/.m2/repository/org/apache/ozone/ozone-common/1.4.0-SNAPSHOT/ozone-common-1.4.0-SNAPSHOT.jar:/home/runner/.m2/repository/io/grpc/grpc-netty/1.51.1/grpc-netty-1.51.1.jar:/home/runner/.m2/repository/io/grpc/grpc-core/1.51.1/grpc-core-1.51.1.jar:/home/runner/.m2/repository/com/google/android/annotations/4.1.1.4/annotations-4.1.1.4.jar:/home/runner/.m2/repository/org/codehaus/mojo/animal-sniffer-annotations/1.21/animal-sniffer-annotations-1.21.jar:/home/runner/.m2/repository/com/google/errorprone/error_prone_annotations/2.2.0/error_prone_annotations-2.2.0.jar:/home/runner/.m2/repository/io/perfmark/perfmark-api/0.25.0/perfmark-api-0.25.0.jar:/home/runner/.m2/repository/io/netty/netty-codec-http2/4.1.86.Final/netty-codec-http2-4.1.86.Final.jar:/home/runner/.m2/repository/io/netty/netty-common/4.1.86.Final/netty-common-4.1.86.Final.jar:/home/runner/.m2/repository/io/netty/netty-buffer/4.1.86.Final/netty-buffer-4.1.86.Final.jar:/home/runner/.m2/repository/io/netty/netty-codec-http/4.1.86.Final/netty-codec-http-4.1.86.Final.jar:/home/runner/.m2/repository/io/netty/netty-handler-proxy/4.1.86.Final/netty-handler-proxy-4.1.86.Final.jar:/home/runner/.m2/repository/io/netty/netty-codec-socks/4.1.86.Final/netty-codec-socks-4.1.86.Final.jar:/home/runner/.m2/repository/io/netty/netty-tcnative-boringssl-static/2.0.54.Final/netty-tcnative-boringssl-static-2.0.54.Final.jar:/home/runner/.m2/repository/io/netty/netty-tcnative-classes/2.0.54.Final/netty-tcnative-classes-2.0.54.Final.jar:/home/runner/.m2/repository/io/netty/netty-tcnative-boringssl-static/2.0.54.Final/netty-tcnative-boringssl-static-2.0.54.Final-linux-x86_64.jar:/home/runner/.m2/repository/io/netty/netty-tcnative-boringssl-static/2.0.54.Final/netty-tcnative-boringssl-static-2.0.54.Final-linux-aarch_64.jar:/home/runner/.m2/repository/io/netty/netty-tcnative-boringssl-static/2.0.54.Final/netty-tcnative-boringssl-static-2.0.54.Final-osx-x86_64.jar:/home/runner/.m2/repository/io/netty/netty-tcnative-boringssl-static/2.0.54.Final/netty-tcnative-boringssl-static-2.0.54.Final-osx-aarch_64.jar:/home/runner/.m2/repository/io/netty/netty-tcnative-boringssl-static/2.0.54.Final/netty-tcnative-boringssl-static-2.0.54.Final-windows-x86_64.jar:/home/runner/.m2/repository/org/apache/commons/commons-compress/1.21/commons-compress-1.21.jar:/home/runner/.m2/repository/org/apache/ozone/hdds-common/1.4.0-SNAPSHOT/hdds-common-1.4.0-SNAPSHOT.jar:/home/runner/.m2/repository/org/apache/ozone/hdds-client/1.4.0-SNAPSHOT/hdds-client-1.4.0-SNAPSHOT.jar:/home/runner/.m2/repository/org/apache/ozone/ozone-interface-client/1.4.0-SNAPSHOT/ozone-interface-client-1.4.0-SNAPSHOT.jar:/home/runner/.m2/repository/org/apache/hadoop/hadoop-hdfs-client/3.3.5/hadoop-hdfs-client-3.3.5.jar:/home/runner/.m2/repository/com/squareup/okhttp3/okhttp/4.9.3/okhttp-4.9.3.jar:/home/runner/.m2/repository/com/squareup/okio/okio/2.8.0/okio-2.8.0.jar:/home/runner/.m2/repository/org/jetbrains/kotlin/kotlin-stdlib-common/1.6.21/kotlin-stdlib-common-1.6.21.jar:/home/runner/.m2/repository/org/apache/ozone/hdds-test-utils/1.4.0-SNAPSHOT/hdds-test-utils-1.4.0-SNAPSHOT.jar:/home/runner/.m2/repository/com/google/guava/guava/31.1-jre/guava-31.1-jre.jar:/home/runner/.m2/repository/com/google/guava/failureaccess/1.0.1/failureaccess-1.0.1.jar:/home/runner/.m2/repository/com/google/guava/listenablefuture/9999.0-empty-to-avoid-conflict-with-guava/listenablefuture-9999.0-empty-to-avoid-conflict-with-guava.jar:/home/runner/.m2/repository/com/google/code/findbugs/jsr305/3.0.0/jsr305-3.0.0.jar:/home/runner/.m2/repository/org/checkerframework/checker-qual/3.12.0/checker-qual-3.12.0.jar:/home/runner/.m2/repository/com/google/j2objc/j2objc-annotations/1.3/j2objc-annotations-1.3.jar:/home/runner/.m2/repository/commons-io/commons-io/2.11.0/commons-io-2.11.0.jar:/home/runner/.m2/repository/commons-logging/commons-logging/1.2/commons-logging-1.2.jar:/home/runner/.m2/repository/ch/qos/reload4j/reload4j/1.2.22/reload4j-1.2.22.jar:/home/runner/.m2/repository/org/slf4j/slf4j-api/1.7.36/slf4j-api-1.7.36.jar:/home/runner/.m2/repository/org/apache/ozone/hdds-server-scm/1.4.0-SNAPSHOT/hdds-server-scm-1.4.0-SNAPSHOT.jar:/home/runner/.m2/repository/org/apache/ozone/hdds-container-service/1.4.0-SNAPSHOT/hdds-container-service-1.4.0-SNAPSHOT.jar:/home/runner/.m2/repository/org/apache/ozone/hdds-hadoop-dependency-server/1.4.0-SNAPSHOT/hdds-hadoop-dependency-server-1.4.0-SNAPSHOT.jar:/home/runner/.m2/repository/org/apache/hadoop/hadoop-hdfs/3.3.5/hadoop-hdfs-3.3.5.jar:/home/runner/.m2/repository/commons-daemon/commons-daemon/1.0.13/commons-daemon-1.0.13.jar:/home/runner/.m2/repository/org/apache/ozone/hdds-server-framework/1.4.0-SNAPSHOT/hdds-server-framework-1.4.0-SNAPSHOT.jar:/home/runner/.m2/repository/io/dropwizard/metrics/metrics-core/3.2.4/metrics-core-3.2.4.jar:/home/runner/.m2/repository/org/apache/commons/commons-text/1.4/commons-text-1.4.jar:/home/runner/.m2/repository/org/bouncycastle/bcprov-jdk15on/1.67/bcprov-jdk15on-1.67.jar:/home/runner/.m2/repository/com/google/protobuf/protobuf-java/2.5.0/protobuf-java-2.5.0.jar:/home/runner/.m2/repository/org/apache/ozone/hdds-server-framework/1.4.0-SNAPSHOT/hdds-server-framework-1.4.0-SNAPSHOT-tests.jar:/home/runner/.m2/repository/org/apache/ozone/hdds-interface-server/1.4.0-SNAPSHOT/hdds-interface-server-1.4.0-SNAPSHOT.jar:/home/runner/.m2/repository/org/apache/ozone/hdds-interface-admin/1.4.0-SNAPSHOT/hdds-interface-admin-1.4.0-SNAPSHOT.jar:/home/runner/.m2/repository/org/apache/ozone/hdds-managed-rocksdb/1.4.0-SNAPSHOT/hdds-managed-rocksdb-1.4.0-SNAPSHOT.jar:/home/runner/.m2/repository/org/rocksdb/rocksdbjni/7.7.3/rocksdbjni-7.7.3.jar:/home/runner/.m2/repository/org/slf4j/slf4j-reload4j/1.7.36/slf4j-reload4j-1.7.36.jar:/home/runner/.m2/repository/org/apache/commons/commons-configuration2/2.1.1/commons-configuration2-2.1.1.jar:/home/runner/.m2/repository/org/apache/logging/log4j/log4j-core/2.17.1/log4j-core-2.17.1.jar:/home/runner/.m2/repository/com/lmax/disruptor/3.4.2/disruptor-3.4.2.jar:/home/runner/.m2/repository/org/eclipse/jetty/jetty-util/9.4.51.v20230217/jetty-util-9.4.51.v20230217.jar:/home/runner/.m2/repository/org/eclipse/jetty/jetty-server/9.4.51.v20230217/jetty-server-9.4.51.v20230217.jar:/home/runner/.m2/repository/org/eclipse/jetty/jetty-http/9.4.51.v20230217/jetty-http-9.4.51.v20230217.jar:/home/runner/.m2/repository/org/eclipse/jetty/jetty-io/9.4.51.v20230217/jetty-io-9.4.51.v20230217.jar:/home/runner/.m2/repository/org/eclipse/jetty/jetty-servlet/9.4.51.v20230217/jetty-servlet-9.4.51.v20230217.jar:/home/runner/.m2/repository/org/eclipse/jetty/jetty-security/9.4.51.v20230217/jetty-security-9.4.51.v20230217.jar:/home/runner/.m2/repository/org/eclipse/jetty/jetty-util-ajax/9.4.51.v20230217/jetty-util-ajax-9.4.51.v20230217.jar:/home/runner/.m2/repository/org/eclipse/jetty/jetty-webapp/9.4.51.v20230217/jetty-webapp-9.4.51.v20230217.jar:/home/runner/.m2/repository/org/eclipse/jetty/jetty-xml/9.4.51.v20230217/jetty-xml-9.4.51.v20230217.jar:/home/runner/.m2/repository/org/apache/ratis/ratis-server/2.4.2-8b8bdda-SNAPSHOT/ratis-server-2.4.2-8b8bdda-SNAPSHOT.jar:/home/runner/.m2/repository/org/apache/ratis/ratis-thirdparty-misc/1.0.3/ratis-thirdparty-misc-1.0.3.jar:/home/runner/.m2/repository/org/apache/ratis/ratis-proto/2.4.2-8b8bdda-SNAPSHOT/ratis-proto-2.4.2-8b8bdda-SNAPSHOT.jar:/home/runner/.m2/repository/org/apache/ratis/ratis-common/2.4.2-8b8bdda-SNAPSHOT/ratis-common-2.4.2-8b8bdda-SNAPSHOT.jar:/home/runner/.m2/repository/org/apache/ratis/ratis-client/2.4.2-8b8bdda-SNAPSHOT/ratis-client-2.4.2-8b8bdda-SNAPSHOT.jar:/home/runner/.m2/repository/org/apache/ratis/ratis-server-api/2.4.2-8b8bdda-SNAPSHOT/ratis-server-api-2.4.2-8b8bdda-SNAPSHOT.jar:/home/runner/.m2/repository/org/apache/ratis/ratis-metrics/2.4.2-8b8bdda-SNAPSHOT/ratis-metrics-2.4.2-8b8bdda-SNAPSHOT.jar:/home/runner/.m2/repository/io/prometheus/simpleclient_dropwizard/0.7.0/simpleclient_dropwizard-0.7.0.jar:/home/runner/.m2/repository/io/prometheus/simpleclient/0.7.0/simpleclient-0.7.0.jar:/home/runner/.m2/repository/io/prometheus/simpleclient_common/0.7.0/simpleclient_common-0.7.0.jar:/home/runner/.m2/repository/com/fasterxml/jackson/datatype/jackson-datatype-jsr310/2.13.4/jackson-datatype-jsr310-2.13.4.jar:/home/runner/.m2/repository/com/fasterxml/jackson/core/jackson-core/2.13.4/jackson-core-2.13.4.jar:/home/runner/.m2/repository/com/github/spotbugs/spotbugs-annotations/3.1.12/spotbugs-annotations-3.1.12.jar:/home/runner/.m2/repository/org/apache/ozone/rocksdb-checkpoint-differ/1.4.0-SNAPSHOT/rocksdb-checkpoint-differ-1.4.0-SNAPSHOT.jar:/home/runner/.m2/repository/org/awaitility/awaitility/4.2.0/awaitility-4.2.0.jar:/home/runner/.m2/repository/org/hamcrest/hamcrest/2.1/hamcrest-2.1.jar:/home/runner/.m2/repository/org/apache/ozone/ozone-manager/1.4.0-SNAPSHOT/ozone-manager-1.4.0-SNAPSHOT.jar:/home/runner/.m2/repository/org/aspectj/aspectjrt/1.9.7/aspectjrt-1.9.7.jar:/home/runner/.m2/repository/org/aspectj/aspectjweaver/1.9.7/aspectjweaver-1.9.7.jar:/home/runner/.m2/repository/org/apache/ozone/hdds-interface-client/1.4.0-SNAPSHOT/hdds-interface-client-1.4.0-SNAPSHOT.jar:/home/runner/.m2/repository/org/apache/hadoop/thirdparty/hadoop-shaded-protobuf_3_7/1.1.1/hadoop-shaded-protobuf_3_7-1.1.1.jar:/home/runner/.m2/repository/org/apache/ozone/ozone-interface-storage/1.4.0-SNAPSHOT/ozone-interface-storage-1.4.0-SNAPSHOT.jar:/home/runner/.m2/repository/org/reflections/reflections/0.9.11/reflections-0.9.11.jar:/home/runner/.m2/repository/com/sun/jersey/jersey-client/1.19/jersey-client-1.19.jar:/home/runner/.m2/repository/org/codehaus/jackson/jackson-core-asl/1.9.13/jackson-core-asl-1.9.13.jar:/home/runner/.m2/repository/org/codehaus/jackson/jackson-mapper-asl/1.9.13/jackson-mapper-asl-1.9.13.jar:/home/runner/.m2/repository/org/codehaus/jackson/jackson-jaxrs/1.9.13/jackson-jaxrs-1.9.13.jar:/home/runner/.m2/repository/org/apache/ranger/ranger-intg/2.3.0/ranger-intg-2.3.0.jar:/home/runner/.m2/repository/org/apache/ranger/ranger-plugins-common/2.3.0/ranger-plugins-common-2.3.0.jar:/home/runner/.m2/repository/commons-lang/commons-lang/2.6/commons-lang-2.6.jar:/home/runner/.m2/repository/org/apache/ranger/ranger-plugins-cred/2.3.0/ranger-plugins-cred-2.3.0.jar:/home/runner/.m2/repository/org/apache/ranger/ranger-plugins-audit/2.3.0/ranger-plugins-audit-2.3.0.jar:/home/runner/.m2/repository/org/eclipse/jetty/jetty-client/9.4.51.v20230217/jetty-client-9.4.51.v20230217.jar:/home/runner/.m2/repository/org/apache/httpcomponents/httpmime/4.5.6/httpmime-4.5.6.jar:/home/runner/.m2/repository/org/apache/httpcomponents/httpcore-nio/4.4.13/httpcore-nio-4.4.13.jar:/home/runner/.m2/repository/org/apache/httpcomponents/httpasyncclient/4.1.3/httpasyncclient-4.1.3.jar:/home/runner/.m2/repository/com/carrotsearch/hppc/0.8.0/hppc-0.8.0.jar:/home/runner/.m2/repository/org/apache/orc/orc-core/1.5.8/orc-core-1.5.8.jar:/home/runner/.m2/repository/net/java/dev/jna/jna/5.2.0/jna-5.2.0.jar:/home/runner/.m2/repository/net/java/dev/jna/jna-platform/5.2.0/jna-platform-5.2.0.jar:/home/runner/.m2/repository/com/kstruct/gethostname4j/0.0.2/gethostname4j-0.0.2.jar:/home/runner/.m2/repository/org/apache/ranger/ranger-plugin-classloader/2.3.0/ranger-plugin-classloader-2.3.0.jar:/home/runner/.m2/repository/org/apache/ozone/hdds-rocks-native/1.4.0-SNAPSHOT/hdds-rocks-native-1.4.0-SNAPSHOT.jar:/home/runner/.m2/repository/org/apache/hadoop/hadoop-minikdc/3.3.5/hadoop-minikdc-3.3.5.jar:/home/runner/.m2/repository/org/apache/kerby/kerb-simplekdc/1.0.1/kerb-simplekdc-1.0.1.jar:/home/runner/.m2/repository/org/apache/kerby/kerb-client/1.0.1/kerb-client-1.0.1.jar:/home/runner/.m2/repository/org/apache/kerby/kerby-config/1.0.1/kerby-config-1.0.1.jar:/home/runner/.m2/repository/org/apache/kerby/kerb-common/1.0.1/kerb-common-1.0.1.jar:/home/runner/.m2/repository/org/apache/kerby/kerb-crypto/1.0.1/kerb-crypto-1.0.1.jar:/home/runner/.m2/repository/org/apache/kerby/kerb-util/1.0.1/kerb-util-1.0.1.jar:/home/runner/.m2/repository/org/apache/kerby/token-provider/1.0.1/token-provider-1.0.1.jar:/home/runner/.m2/repository/org/apache/kerby/kerb-admin/1.0.1/kerb-admin-1.0.1.jar:/home/runner/.m2/repository/org/apache/kerby/kerb-server/1.0.1/kerb-server-1.0.1.jar:/home/runner/.m2/repository/org/apache/kerby/kerb-identity/1.0.1/kerb-identity-1.0.1.jar:/home/runner/.m2/repository/org/apache/kerby/kerby-xdr/1.0.1/kerby-xdr-1.0.1.jar:/home/runner/.m2/repository/org/apache/ozone/ozone-s3gateway/1.4.0-SNAPSHOT/ozone-s3gateway-1.4.0-SNAPSHOT.jar:/home/runner/.m2/repository/org/javassist/javassist/3.21.0-GA/javassist-3.21.0-GA.jar:/home/runner/.m2/repository/org/jboss/weld/servlet/weld-servlet-shaded/3.1.9.Final/weld-servlet-shaded-3.1.9.Final.jar:/home/runner/.m2/repository/org/glassfish/jersey/containers/jersey-container-servlet-core/2.34/jersey-container-servlet-core-2.34.jar:/home/runner/.m2/repository/org/glassfish/hk2/external/jakarta.inject/2.6.1/jakarta.inject-2.6.1.jar:/home/runner/.m2/repository/org/glassfish/jersey/core/jersey-common/2.34/jersey-common-2.34.jar:/home/runner/.m2/repository/jakarta/ws/rs/jakarta.ws.rs-api/2.1.6/jakarta.ws.rs-api-2.1.6.jar:/home/runner/.m2/repository/org/glassfish/jersey/ext/cdi/jersey-cdi1x/2.34/jersey-cdi1x-2.34.jar:/home/runner/.m2/repository/org/glassfish/jersey/inject/jersey-hk2/2.34/jersey-hk2-2.34.jar:/home/runner/.m2/repository/org/glassfish/hk2/hk2-locator/2.6.1/hk2-locator-2.6.1.jar:/home/runner/.m2/repository/org/glassfish/jersey/media/jersey-media-jaxb/2.34/jersey-media-jaxb-2.34.jar:/home/runner/.m2/repository/org/glassfish/hk2/osgi-resource-locator/1.0.3/osgi-resource-locator-1.0.3.jar:/home/runner/.m2/repository/org/glassfish/hk2/hk2-api/2.5.0/hk2-api-2.5.0.jar:/home/runner/.m2/repository/org/glassfish/hk2/hk2-utils/2.5.0/hk2-utils-2.5.0.jar:/home/runner/.m2/repository/org/glassfish/hk2/external/aopalliance-repackaged/2.5.0/aopalliance-repackaged-2.5.0.jar:/home/runner/.m2/repository/com/fasterxml/jackson/dataformat/jackson-dataformat-xml/2.13.4/jackson-dataformat-xml-2.13.4.jar:/home/runner/.m2/repository/org/codehaus/woodstox/stax2-api/4.2.1/stax2-api-4.2.1.jar:/home/runner/.m2/repository/com/fasterxml/woodstox/woodstox-core/5.4.0/woodstox-core-5.4.0.jar:/home/runner/.m2/repository/com/fasterxml/jackson/module/jackson-module-jaxb-annotations/2.13.4/jackson-module-jaxb-annotations-2.13.4.jar:/home/runner/.m2/repository/jakarta/xml/bind/jakarta.xml.bind-api/2.3.3/jakarta.xml.bind-api-2.3.3.jar:/home/runner/.m2/repository/jakarta/activation/jakarta.activation-api/1.2.2/jakarta.activation-api-1.2.2.jar:/home/runner/.m2/repository/javax/enterprise/cdi-api/2.0/cdi-api-2.0.jar:/home/runner/.m2/repository/javax/el/javax.el-api/3.0.0/javax.el-api-3.0.0.jar:/home/runner/.m2/repository/javax/interceptor/javax.interceptor-api/1.2/javax.interceptor-api-1.2.jar:/home/runner/.m2/repository/javax/inject/javax.inject/1/javax.inject-1.jar:/home/runner/.m2/repository/javax/xml/bind/jaxb-api/2.3.0/jaxb-api-2.3.0.jar:/home/runner/.m2/repository/org/glassfish/jaxb/jaxb-runtime/2.3.0.1/jaxb-runtime-2.3.0.1.jar:/home/runner/.m2/repository/org/glassfish/jaxb/jaxb-core/2.3.0.1/jaxb-core-2.3.0.1.jar:/home/runner/.m2/repository/org/glassfish/jaxb/txw2/2.3.0.1/txw2-2.3.0.1.jar:/home/runner/.m2/repository/com/sun/istack/istack-commons-runtime/3.0.5/istack-commons-runtime-3.0.5.jar:/home/runner/.m2/repository/org/jvnet/staxex/stax-ex/1.7.8/stax-ex-1.7.8.jar:/home/runner/.m2/repository/com/sun/xml/fastinfoset/FastInfoset/1.2.13/FastInfoset-1.2.13.jar:/home/runner/.m2/repository/javax/activation/activation/1.1.1/activation-1.1.1.jar:/home/runner/.m2/repository/io/grpc/grpc-protobuf/1.51.1/grpc-protobuf-1.51.1.jar:/home/runner/.m2/repository/io/grpc/grpc-api/1.51.1/grpc-api-1.51.1.jar:/home/runner/.m2/repository/io/grpc/grpc-context/1.51.1/grpc-context-1.51.1.jar:/home/runner/.m2/repository/com/google/api/grpc/proto-google-common-protos/2.9.0/proto-google-common-protos-2.9.0.jar:/home/runner/.m2/repository/io/grpc/grpc-protobuf-lite/1.51.1/grpc-protobuf-lite-1.51.1.jar:/home/runner/.m2/repository/io/grpc/grpc-stub/1.51.1/grpc-stub-1.51.1.jar:/home/runner/.m2/repository/io/netty/netty-transport/4.1.86.Final/netty-transport-4.1.86.Final.jar:/home/runner/.m2/repository/io/netty/netty-resolver/4.1.86.Final/netty-resolver-4.1.86.Final.jar:/home/runner/.m2/repository/org/apache/ozone/ozone-csi/1.4.0-SNAPSHOT/ozone-csi-1.4.0-SNAPSHOT.jar:/home/runner/.m2/repository/com/google/protobuf/protobuf-java-util/3.19.6/protobuf-java-util-3.19.6.jar:/home/runner/.m2/repository/com/google/code/gson/gson/2.9.0/gson-2.9.0.jar:/home/runner/.m2/repository/org/apache/ozone/hdds-config/1.4.0-SNAPSHOT/hdds-config-1.4.0-SNAPSHOT.jar:/home/runner/.m2/repository/io/netty/netty-transport-native-epoll/4.1.86.Final/netty-transport-native-epoll-4.1.86.Final-linux-x86_64.jar:/home/runner/.m2/repository/io/netty/netty-transport-classes-epoll/4.1.86.Final/netty-transport-classes-epoll-4.1.86.Final.jar:/home/runner/.m2/repository/io/netty/netty-transport-native-unix-common/4.1.86.Final/netty-transport-native-unix-common-4.1.86.Final.jar:/home/runner/.m2/repository/org/apache/ozone/ozone-recon/1.4.0-SNAPSHOT/ozone-recon-1.4.0-SNAPSHOT.jar:/home/runner/.m2/repository/org/apache/ozone/ozone-reconcodegen/1.4.0-SNAPSHOT/ozone-reconcodegen-1.4.0-SNAPSHOT.jar:/home/runner/.m2/repository/com/google/inject/guice/5.1.0/guice-5.1.0.jar:/home/runner/.m2/repository/aopalliance/aopalliance/1.0/aopalliance-1.0.jar:/home/runner/.m2/repository/com/google/inject/extensions/guice-assistedinject/5.1.0/guice-assistedinject-5.1.0.jar:/home/runner/.m2/repository/com/google/inject/extensions/guice-servlet/5.1.0/guice-servlet-5.1.0.jar:/home/runner/.m2/repository/org/glassfish/jersey/containers/jersey-container-servlet/2.34/jersey-container-servlet-2.34.jar:/home/runner/.m2/repository/org/glassfish/hk2/guice-bridge/2.5.0/guice-bridge-2.5.0.jar:/home/runner/.m2/repository/org/glassfish/jersey/core/jersey-server/2.34/jersey-server-2.34.jar:/home/runner/.m2/repository/org/glassfish/jersey/core/jersey-client/2.34/jersey-client-2.34.jar:/home/runner/.m2/repository/jakarta/annotation/jakarta.annotation-api/1.3.5/jakarta.annotation-api-1.3.5.jar:/home/runner/.m2/repository/jakarta/validation/jakarta.validation-api/2.0.2/jakarta.validation-api-2.0.2.jar:/home/runner/.m2/repository/org/glassfish/jersey/media/jersey-media-json-jackson/2.34/jersey-media-json-jackson-2.34.jar:/home/runner/.m2/repository/org/glassfish/jersey/ext/jersey-entity-filtering/2.34/jersey-entity-filtering-2.34.jar:/home/runner/.m2/repository/org/jooq/jooq/3.11.10/jooq-3.11.10.jar:/home/runner/.m2/repository/org/jooq/jooq-meta/3.11.10/jooq-meta-3.11.10.jar:/home/runner/.m2/repository/org/jooq/jooq-codegen/3.11.10/jooq-codegen-3.11.10.jar:/home/runner/.m2/repository/com/jolbox/bonecp/0.8.0.RELEASE/bonecp-0.8.0.RELEASE.jar:/home/runner/.m2/repository/org/apache/derby/derby/10.14.2.0/derby-10.14.2.0.jar:/home/runner/.m2/repository/org/xerial/sqlite-jdbc/3.25.2/sqlite-jdbc-3.25.2.jar:/home/runner/.m2/repository/org/springframework/spring-jdbc/5.3.27/spring-jdbc-5.3.27.jar:/home/runner/.m2/repository/org/springframework/spring-beans/5.3.27/spring-beans-5.3.27.jar:/home/runner/.m2/repository/org/springframework/spring-core/5.3.27/spring-core-5.3.27.jar:/home/runner/.m2/repository/org/springframework/spring-tx/5.3.27/spring-tx-5.3.27.jar:/home/runner/.m2/repository/org/apache/ozone/ozone-client/1.4.0-SNAPSHOT/ozone-client-1.4.0-SNAPSHOT.jar:/home/runner/.m2/repository/org/apache/ozone/hdds-erasurecode/1.4.0-SNAPSHOT/hdds-erasurecode-1.4.0-SNAPSHOT.jar:/home/runner/.m2/repository/org/apache/ozone/ozone-filesystem/1.4.0-SNAPSHOT/ozone-filesystem-1.4.0-SNAPSHOT.jar:/home/runner/.m2/repository/org/apache/ozone/ozone-filesystem-common/1.4.0-SNAPSHOT/ozone-filesystem-common-1.4.0-SNAPSHOT.jar:/home/runner/.m2/repository/org/apache/ozone/ozone-tools/1.4.0-SNAPSHOT/ozone-tools-1.4.0-SNAPSHOT.jar:/home/runner/.m2/repository/com/amazonaws/aws-java-sdk-core/1.12.261/aws-java-sdk-core-1.12.261.jar:/home/runner/.m2/repository/org/apache/httpcomponents/httpclient/4.5.13/httpclient-4.5.13.jar:/home/runner/.m2/repository/org/apache/httpcomponents/httpcore/4.4.13/httpcore-4.4.13.jar:/home/runner/.m2/repository/software/amazon/ion/ion-java/1.0.2/ion-java-1.0.2.jar:/home/runner/.m2/repository/com/fasterxml/jackson/dataformat/jackson-dataformat-cbor/2.13.4/jackson-dataformat-cbor-2.13.4.jar:/home/runner/.m2/repository/joda-time/joda-time/2.10.6/joda-time-2.10.6.jar:/home/runner/.m2/repository/com/amazonaws/aws-java-sdk-s3/1.12.261/aws-java-sdk-s3-1.12.261.jar:/home/runner/.m2/repository/com/amazonaws/aws-java-sdk-kms/1.12.261/aws-java-sdk-kms-1.12.261.jar:/home/runner/.m2/repository/com/amazonaws/jmespath-java/1.12.261/jmespath-java-1.12.261.jar:/home/runner/.m2/repository/org/kohsuke/metainf-services/metainf-services/1.8/metainf-services-1.8.jar:/home/runner/.m2/repository/org/apache/ozone/hdds-tools/1.4.0-SNAPSHOT/hdds-tools-1.4.0-SNAPSHOT.jar:/home/runner/.m2/repository/org/apache/ratis/ratis-tools/2.4.2-8b8bdda-SNAPSHOT/ratis-tools-2.4.2-8b8bdda-SNAPSHOT.jar:/home/runner/.m2/repository/commons-cli/commons-cli/1.2/commons-cli-1.2.jar:/home/runner/.m2/repository/org/apache/commons/commons-lang3/3.7/commons-lang3-3.7.jar:/home/runner/.m2/repository/org/apache/ozone/ozone-manager/1.4.0-SNAPSHOT/ozone-manager-1.4.0-SNAPSHOT-tests.jar:/home/runner/.m2/repository/org/apache/ozone/hdds-common/1.4.0-SNAPSHOT/hdds-common-1.4.0-SNAPSHOT-tests.jar:/home/runner/.m2/repository/org/apache/ozone/hdds-hadoop-dependency-client/1.4.0-SNAPSHOT/hdds-hadoop-dependency-client-1.4.0-SNAPSHOT.jar:/home/runner/.m2/repository/info/picocli/picocli/4.6.1/picocli-4.6.1.jar:/home/runner/.m2/repository/com/fasterxml/jackson/core/jackson-annotations/2.13.4/jackson-annotations-2.13.4.jar:/home/runner/.m2/repository/org/apache/ozone/hdds-annotation-processing/1.4.0-SNAPSHOT/hdds-annotation-processing-1.4.0-SNAPSHOT.jar:/home/runner/.m2/repository/javax/annotation/javax.annotation-api/1.2/javax.annotation-api-1.2.jar:/home/runner/.m2/repository/org/apache/ratis/ratis-netty/2.4.2-8b8bdda-SNAPSHOT/ratis-netty-2.4.2-8b8bdda-SNAPSHOT.jar:/home/runner/.m2/repository/org/apache/ratis/ratis-grpc/2.4.2-8b8bdda-SNAPSHOT/ratis-grpc-2.4.2-8b8bdda-SNAPSHOT.jar:/home/runner/.m2/repository/org/apache/logging/log4j/log4j-api/2.17.1/log4j-api-2.17.1.jar:/home/runner/.m2/repository/org/apache/commons/commons-pool2/2.6.0/commons-pool2-2.6.0.jar:/home/runner/.m2/repository/org/bouncycastle/bcpkix-jdk15on/1.67/bcpkix-jdk15on-1.67.jar:/home/runner/.m2/repository/commons-validator/commons-validator/1.6/commons-validator-1.6.jar:/home/runner/.m2/repository/commons-beanutils/commons-beanutils/1.9.4/commons-beanutils-1.9.4.jar:/home/runner/.m2/repository/commons-digester/commons-digester/1.8.1/commons-digester-1.8.1.jar:/home/runner/.m2/repository/commons-collections/commons-collections/3.2.2/commons-collections-3.2.2.jar:/home/runner/.m2/repository/io/jaegertracing/jaeger-client/1.6.0/jaeger-client-1.6.0.jar:/home/runner/.m2/repository/io/jaegertracing/jaeger-thrift/1.6.0/jaeger-thrift-1.6.0.jar:/home/runner/.m2/repository/org/apache/thrift/libthrift/0.14.1/libthrift-0.14.1.jar:/home/runner/.m2/repository/io/jaegertracing/jaeger-core/1.6.0/jaeger-core-1.6.0.jar:/home/runner/.m2/repository/io/jaegertracing/jaeger-tracerresolver/1.6.0/jaeger-tracerresolver-1.6.0.jar:/home/runner/.m2/repository/io/opentracing/contrib/opentracing-tracerresolver/0.1.8/opentracing-tracerresolver-0.1.8.jar:/home/runner/.m2/repository/org/jetbrains/kotlin/kotlin-stdlib/1.6.21/kotlin-stdlib-1.6.21.jar:/home/runner/.m2/repository/org/jetbrains/annotations/13.0/annotations-13.0.jar:/home/runner/.m2/repository/io/opentracing/opentracing-util/0.33.0/opentracing-util-0.33.0.jar:/home/runner/.m2/repository/io/opentracing/opentracing-api/0.33.0/opentracing-api-0.33.0.jar:/home/runner/.m2/repository/io/opentracing/opentracing-noop/0.33.0/opentracing-noop-0.33.0.jar:/home/runner/.m2/repository/org/yaml/snakeyaml/2.0/snakeyaml-2.0.jar:/home/runner/.m2/repository/junit/junit/4.13.1/junit-4.13.1.jar:/home/runner/.m2/repository/org/hamcrest/hamcrest-core/1.3/hamcrest-core-1.3.jar:/home/runner/.m2/repository/org/junit/jupiter/junit-jupiter-api/5.8.2/junit-jupiter-api-5.8.2.jar:/home/runner/.m2/repository/org/opentest4j/opentest4j/1.2.0/opentest4j-1.2.0.jar:/home/runner/.m2/repository/org/junit/platform/junit-platform-commons/1.8.2/junit-platform-commons-1.8.2.jar:/home/runner/.m2/repository/org/apiguardian/apiguardian-api/1.1.2/apiguardian-api-1.1.2.jar:/home/runner/.m2/repository/org/junit/jupiter/junit-jupiter-params/5.8.2/junit-jupiter-params-5.8.2.jar:/home/runner/.m2/repository/org/junit/jupiter/junit-jupiter-migrationsupport/5.8.2/junit-jupiter-migrationsupport-5.8.2.jar:/home/runner/.m2/repository/org/junit/jupiter/junit-jupiter-engine/5.8.2/junit-jupiter-engine-5.8.2.jar:/home/runner/.m2/repository/org/junit/platform/junit-platform-engine/1.8.2/junit-platform-engine-1.8.2.jar:/home/runner/.m2/repository/org/junit/vintage/junit-vintage-engine/5.8.2/junit-vintage-engine-5.8.2.jar:/home/runner/.m2/repository/org/junit/platform/junit-platform-launcher/1.8.2/junit-platform-launcher-1.8.2.jar:/home/runner/.m2/repository/org/mockito/mockito-core/2.28.2/mockito-core-2.28.2.jar:/home/runner/.m2/repository/net/bytebuddy/byte-buddy/1.9.10/byte-buddy-1.9.10.jar:/home/runner/.m2/repository/net/bytebuddy/byte-buddy-agent/1.9.10/byte-buddy-agent-1.9.10.jar:/home/runner/.m2/repository/org/objenesis/objenesis/1.0/objenesis-1.0.jar:/home/runner/.m2/repository/org/apache/hadoop/hadoop-kms/3.3.5/hadoop-kms-3.3.5.jar:/home/runner/.m2/repository/org/apache/hadoop/hadoop-auth/3.3.5/hadoop-auth-3.3.5.jar:/home/runner/.m2/repository/com/nimbusds/nimbus-jose-jwt/9.8.1/nimbus-jose-jwt-9.8.1.jar:/home/runner/.m2/repository/com/github/stephenc/jcip/jcip-annotations/1.0-1/jcip-annotations-1.0-1.jar:/home/runner/.m2/repository/net/minidev/json-smart/2.4.7/json-smart-2.4.7.jar:/home/runner/.m2/repository/net/minidev/accessors-smart/2.4.7/accessors-smart-2.4.7.jar:/home/runner/.m2/repository/org/ow2/asm/asm/5.0.4/asm-5.0.4.jar:/home/runner/.m2/repository/org/apache/zookeeper/zookeeper/3.5.6/zookeeper-3.5.6.jar:/home/runner/.m2/repository/org/apache/zookeeper/zookeeper-jute/3.5.6/zookeeper-jute-3.5.6.jar:/home/runner/.m2/repository/org/apache/yetus/audience-annotations/0.5.0/audience-annotations-0.5.0.jar:/home/runner/.m2/repository/org/apache/curator/curator-framework/4.2.0/curator-framework-4.2.0.jar:/home/runner/.m2/repository/org/apache/hadoop/thirdparty/hadoop-shaded-guava/1.1.1/hadoop-shaded-guava-1.1.1.jar:/home/runner/.m2/repository/com/sun/jersey/jersey-core/1.19/jersey-core-1.19.jar:/home/runner/.m2/repository/javax/ws/rs/jsr311-api/1.1.1/jsr311-api-1.1.1.jar:/home/runner/.m2/repository/com/sun/jersey/jersey-server/1.19/jersey-server-1.19.jar:/home/runner/.m2/repository/javax/servlet/javax.servlet-api/3.1.0/javax.servlet-api-3.1.0.jar:/home/runner/.m2/repository/org/apache/hadoop/hadoop-common/3.3.5/hadoop-common-3.3.5.jar:/home/runner/.m2/repository/org/apache/commons/commons-math3/3.1.1/commons-math3-3.1.1.jar:/home/runner/.m2/repository/commons-net/commons-net/3.9.0/commons-net-3.9.0.jar:/home/runner/.m2/repository/com/sun/jersey/jersey-servlet/1.19/jersey-servlet-1.19.jar:/home/runner/.m2/repository/com/github/pjfanning/jersey-json/1.20/jersey-json-1.20.jar:/home/runner/.m2/repository/org/codehaus/jettison/jettison/1.1/jettison-1.1.jar:/home/runner/.m2/repository/com/sun/xml/bind/jaxb-impl/2.2.3-1/jaxb-impl-2.2.3-1.jar:/home/runner/.m2/repository/com/google/re2j/re2j/1.1/re2j-1.1.jar:/home/runner/.m2/repository/com/jcraft/jsch/0.1.54/jsch-0.1.54.jar:/home/runner/.m2/repository/org/apache/curator/curator-client/4.2.0/curator-client-4.2.0.jar:/home/runner/.m2/repository/org/apache/curator/curator-recipes/4.2.0/curator-recipes-4.2.0.jar:/home/runner/.m2/repository/org/apache/kerby/kerb-core/1.0.1/kerb-core-1.0.1.jar:/home/runner/.m2/repository/org/apache/kerby/kerby-pkix/1.0.1/kerby-pkix-1.0.1.jar:/home/runner/.m2/repository/org/apache/kerby/kerby-asn1/1.0.1/kerby-asn1-1.0.1.jar:/home/runner/.m2/repository/org/apache/kerby/kerby-util/1.0.1/kerby-util-1.0.1.jar:/home/runner/.m2/repository/dnsjava/dnsjava/2.1.7/dnsjava-2.1.7.jar:/home/runner/.m2/repository/org/xerial/snappy/snappy-java/1.1.8.2/snappy-java-1.1.8.2.jar:/home/runner/.m2/repository/com/fasterxml/jackson/core/jackson-databind/2.13.4.2/jackson-databind-2.13.4.2.jar:/home/runner/.m2/repository/org/apache/hadoop/hadoop-kms/3.3.5/hadoop-kms-3.3.5-tests.jar:/home/runner/.m2/repository/org/apache/ozone/hdds-server-scm/1.4.0-SNAPSHOT/hdds-server-scm-1.4.0-SNAPSHOT-tests.jar:/home/runner/.m2/repository/org/apache/ozone/hdds-container-service/1.4.0-SNAPSHOT/hdds-container-service-1.4.0-SNAPSHOT-tests.jar:/home/runner/.m2/repository/com/github/luben/zstd-jni/1.5.2-5/zstd-jni-1.5.2-5.jar:/home/runner/.m2/repository/commons-codec/commons-codec/1.15/commons-codec-1.15.jar:/home/runner/.m2/repository/io/netty/netty-codec/4.1.86.Final/netty-codec-4.1.86.Final.jar:/home/runner/.m2/repository/io/netty/netty-handler/4.1.86.Final/netty-handler-4.1.86.Final.jar:/home/runner/.m2/repository/org/apache/ozone/hdds-hadoop-dependency-test/1.4.0-SNAPSHOT/hdds-hadoop-dependency-test-1.4.0-SNAPSHOT.jar:/home/runner/.m2/repository/org/apache/hadoop/hadoop-common/3.3.5/hadoop-common-3.3.5-tests.jar:/home/runner/.m2/repository/org/apache/hadoop/hadoop-hdfs/3.3.5/hadoop-hdfs-3.3.5-tests.jar:/home/runner/.m2/repository/org/assertj/assertj-core/3.12.2/assertj-core-3.12.2.jar:/home/runner/.m2/repository/org/apache/hadoop/hadoop-distcp/3.3.5/hadoop-distcp-3.3.5.jar:/home/runner/.m2/repository/org/apache/hadoop/hadoop-mapreduce-client-jobclient/3.3.5/hadoop-mapreduce-client-jobclient-3.3.5.jar:/home/runner/.m2/repository/org/apache/hadoop/hadoop-mapreduce-client-common/3.3.5/hadoop-mapreduce-client-common-3.3.5.jar:/home/runner/.m2/repository/org/apache/hadoop/hadoop-yarn-common/3.3.5/hadoop-yarn-common-3.3.5.jar:/home/runner/.m2/repository/org/apache/hadoop/hadoop-yarn-api/3.3.5/hadoop-yarn-api-3.3.5.jar:/home/runner/.m2/repository/com/sun/jersey/contribs/jersey-guice/1.19/jersey-guice-1.19.jar:/home/runner/.m2/repository/com/fasterxml/jackson/jaxrs/jackson-jaxrs-json-provider/2.13.4/jackson-jaxrs-json-provider-2.13.4.jar:/home/runner/.m2/repository/com/fasterxml/jackson/jaxrs/jackson-jaxrs-base/2.13.4/jackson-jaxrs-base-2.13.4.jar:/home/runner/.m2/repository/org/apache/hadoop/hadoop-yarn-client/3.3.5/hadoop-yarn-client-3.3.5.jar:/home/runner/.m2/repository/org/eclipse/jetty/websocket/websocket-client/9.4.48.v20220622/websocket-client-9.4.48.v20220622.jar:/home/runner/.m2/repository/org/eclipse/jetty/websocket/websocket-common/9.4.48.v20220622/websocket-common-9.4.48.v20220622.jar:/home/runner/.m2/repository/org/eclipse/jetty/websocket/websocket-api/9.4.48.v20220622/websocket-api-9.4.48.v20220622.jar:/home/runner/.m2/repository/org/jline/jline/3.9.0/jline-3.9.0.jar:/home/runner/.m2/repository/org/apache/hadoop/hadoop-mapreduce-client-core/3.3.5/hadoop-mapreduce-client-core-3.3.5.jar:/home/runner/.m2/repository/org/apache/avro/avro/1.7.7/avro-1.7.7.jar:/home/runner/.m2/repository/com/thoughtworks/paranamer/paranamer/2.3/paranamer-2.3.jar:/home/runner/.m2/repository/org/apache/hadoop/hadoop-annotations/3.3.5/hadoop-annotations-3.3.5.jar:/usr/lib/jvm/temurin-8-jdk-amd64/jre/../lib/tools.jar:/home/runner/.m2/repository/io/netty/netty/3.10.6.Final/netty-3.10.6.Final.jar:/home/runner/.m2/repository/org/apache/hadoop/hadoop-distcp/3.3.5/hadoop-distcp-3.3.5-tests.jar:/home/runner/.m2/repository/org/slf4j/jul-to-slf4j/1.7.36/jul-to-slf4j-1.7.36.jar:"/>
    <property name="sun.cpu.endian" value="little"/>
    <property name="user.home" value="/home/runner"/>
    <property name="user.language" value="en"/>
    <property name="java.specification.vendor" value="Oracle Corporation"/>
    <property name="java.home" value="/usr/lib/jvm/temurin-8-jdk-amd64/jre"/>
    <property name="java.security.krb5.conf" value="/home/runner/work/ozone/ozone/hadoop-ozone/integration-test/target/test-classes/krb5.conf"/>
    <property name="basedir" value="/home/runner/work/ozone/ozone/hadoop-ozone/integration-test"/>
    <property name="file.separator" value="/"/>
    <property name="line.separator" value="&#10;"/>
    <property name="java.vm.specification.vendor" value="Oracle Corporation"/>
    <property name="java.specification.name" value="Java Platform API Specification"/>
    <property name="java.awt.graphicsenv" value="sun.awt.X11GraphicsEnvironment"/>
    <property name="skip.installnpx" value="true"/>
    <property name="surefire.real.class.path" value="/home/runner/work/ozone/ozone/hadoop-ozone/integration-test/target/surefire/surefirebooter8720612856848957271.jar:/home/runner/.m2/repository/org/jacoco/org.jacoco.agent/0.8.5/org.jacoco.agent-0.8.5-runtime.jar"/>
    <property name="hadoop.log.dir" value="/home/runner/work/ozone/ozone/hadoop-ozone/integration-test/target/log"/>
    <property name="sun.boot.class.path" value="/usr/lib/jvm/temurin-8-jdk-amd64/jre/lib/resources.jar:/usr/lib/jvm/temurin-8-jdk-amd64/jre/lib/rt.jar:/usr/lib/jvm/temurin-8-jdk-amd64/jre/lib/sunrsasign.jar:/usr/lib/jvm/temurin-8-jdk-amd64/jre/lib/jsse.jar:/usr/lib/jvm/temurin-8-jdk-amd64/jre/lib/jce.jar:/usr/lib/jvm/temurin-8-jdk-amd64/jre/lib/charsets.jar:/usr/lib/jvm/temurin-8-jdk-amd64/jre/lib/jfr.jar:/usr/lib/jvm/temurin-8-jdk-amd64/jre/classes"/>
    <property name="sun.management.compiler" value="HotSpot 64-Bit Tiered Compilers"/>
    <property name="skip.npx" value="true"/>
    <property name="java.runtime.version" value="1.8.0_362-b09"/>
    <property name="java.net.preferIPv4Stack" value="true"/>
    <property name="user.name" value="runner"/>
    <property name="path.separator" value=":"/>
    <property name="java.security.egd" value="file:///dev/urandom"/>
    <property name="os.version" value="5.15.0-1036-azure"/>
    <property name="java.endorsed.dirs" value="/usr/lib/jvm/temurin-8-jdk-amd64/jre/lib/endorsed"/>
    <property name="java.runtime.name" value="OpenJDK Runtime Environment"/>
    <property name="file.encoding" value="UTF-8"/>
    <property name="java.vm.name" value="OpenJDK 64-Bit Server VM"/>
    <property name="test.build.webapps" value=""/>
    <property name="localRepository" value="/home/runner/.m2/repository"/>
    <property name="jetty.git.hash" value="b45c405e4544384de066f814ed42ae3dceacdd49"/>
    <property name="java.vendor.url.bug" value="https://github.com/adoptium/adoptium-support/issues"/>
    <property name="java.io.tmpdir" value="/tmp"/>
    <property name="require.test.libhadoop" value=""/>
    <property name="java.version" value="1.8.0_362"/>
    <property name="user.dir" value="/home/runner/work/ozone/ozone/hadoop-ozone/integration-test"/>
    <property name="os.arch" value="amd64"/>
    <property name="java.vm.specification.name" value="Java Virtual Machine Specification"/>
    <property name="test.build.classes" value="/home/runner/work/ozone/ozone/hadoop-ozone/integration-test/target/test-classes"/>
    <property name="java.awt.printerjob" value="sun.print.PSPrinterJob"/>
    <property name="sun.os.patch.level" value="unknown"/>
    <property name="org.apache.ratis.thirdparty.io.netty.allocator.useCacheForAllThreads" value="false"/>
    <property name="hadoop.tmp.dir" value="/home/runner/work/ozone/ozone/hadoop-ozone/integration-test/target/tmp"/>
    <property name="java.library.path" value="/usr/java/packages/lib/amd64:/usr/lib64:/lib64:/lib:/usr/lib"/>
    <property name="java.vm.info" value="mixed mode"/>
    <property name="java.vendor" value="Temurin"/>
    <property name="java.vm.version" value="25.362-b09"/>
    <property name="java.specification.maintenance.version" value="4"/>
    <property name="java.ext.dirs" value="/usr/lib/jvm/temurin-8-jdk-amd64/jre/lib/ext:/usr/java/packages/lib/ext"/>
    <property name="sun.io.unicode.encoding" value="UnicodeLittle"/>
    <property name="java.class.version" value="52.0"/>
  </properties>
  <testcase name="testBlockDeletionTransactions" classname="org.apache.hadoop.ozone.TestStorageContainerManager" time="31.316">
    <system-out><![CDATA[2023-05-08 09:33:13,333 [Time-limited test] WARN  server.ServerUtils (ServerUtils.java:getScmDbDir(148)) - ozone.scm.db.dirs is not configured. We recommend adding this setting. Falling back to ozone.metadata.dirs instead.
2023-05-08 09:33:13,431 [Time-limited test] WARN  server.ServerUtils (ServerUtils.java:getScmDbDir(148)) - ozone.scm.db.dirs is not configured. We recommend adding this setting. Falling back to ozone.metadata.dirs instead.
2023-05-08 09:33:13,434 [Time-limited test] INFO  ha.SCMHANodeDetails (SCMHANodeDetails.java:loadSCMHAConfig(209)) - ServiceID for StorageContainerManager is null
2023-05-08 09:33:13,439 [Time-limited test] WARN  ha.SCMHANodeDetails (SCMHANodeDetails.java:validateSCMHAConfig(182)) - Invalid config ozone.scm.ratis.enable. The config was not specified, but the default value true conflicts with the expected config value false. Falling back to the expected value. Current State of SCM: SCM is running in Non-HA without Ratis Ratis SCM -> Non Ratis SCM or Non HA SCM -> HA SCM is not supported
2023-05-08 09:33:13,439 [Time-limited test] INFO  ha.SCMHANodeDetails (SCMHANodeDetails.java:loadSCMHAConfig(214)) - ozone.scm.default.service.id is not defined, falling back to ozone.scm.service.ids to find serviceID for StorageContainerManager if it is HA enabled cluster
2023-05-08 09:33:14,009 [Time-limited test] WARN  utils.HAUtils (HAUtils.java:getMetaDir(350)) - ozone.scm.db.dirs is not configured. We recommend adding this setting. Falling back to ozone.metadata.dirs instead.
2023-05-08 09:33:14,150 [Time-limited test] WARN  db.DBStoreBuilder (DBStoreBuilder.java:applyDBDefinition(164)) - ozone.scm.db.dirs is not configured. We recommend adding this setting. Falling back to ozone.metadata.dirs instead.
2023-05-08 09:33:14,356 [Time-limited test] INFO  net.NodeSchemaLoader (NodeSchemaLoader.java:loadSchemaFromFile(129)) - Loading schema from [jar:file:/home/runner/.m2/repository/org/apache/ozone/hdds-common/1.4.0-SNAPSHOT/hdds-common-1.4.0-SNAPSHOT.jar!/network-topology-default.xml]
2023-05-08 09:33:14,357 [Time-limited test] INFO  net.NodeSchemaLoader (NodeSchemaLoader.java:loadSchema(176)) - Loading network topology layer schema file
2023-05-08 09:33:14,394 [Time-limited test] INFO  metrics.MetricRegistries (MetricRegistriesLoader.java:load(64)) - Loaded MetricRegistries class org.apache.ratis.metrics.impl.MetricRegistriesImpl
2023-05-08 09:33:14,407 [Time-limited test] INFO  upgrade.AbstractLayoutVersionManager (AbstractLayoutVersionManager.java:init(83)) - Initializing Layout version manager with metadata layout = WEBUI_PORTS_IN_DATANODEDETAILS (version = 6), software layout = WEBUI_PORTS_IN_DATANODEDETAILS (version = 6)
2023-05-08 09:33:14,601 [Time-limited test] INFO  reflections.Reflections (Reflections.java:scan(232)) - Reflections took 132 ms to scan 7 urls, producing 156 keys and 369 values 
2023-05-08 09:33:14,779 [Time-limited test] INFO  ha.SequenceIdGenerator (SequenceIdGenerator.java:upgradeToSequenceId(349)) - upgrade localId to 111677748019200000
2023-05-08 09:33:14,780 [Time-limited test] INFO  ha.SequenceIdGenerator (SequenceIdGenerator.java:upgradeToSequenceId(359)) - upgrade delTxnId to 0
2023-05-08 09:33:14,783 [Time-limited test] INFO  ha.SequenceIdGenerator (SequenceIdGenerator.java:upgradeToSequenceId(376)) - upgrade containerId to 0
2023-05-08 09:33:14,785 [Time-limited test] INFO  ha.SequenceIdGenerator (SequenceIdGenerator.java:<init>(220)) - Init the HA SequenceIdGenerator.
2023-05-08 09:33:14,817 [Time-limited test] WARN  server.ServerUtils (ServerUtils.java:sanitizeUserArgs(73)) - ozone.scm.stale.node.interval value = 300000 is larger than max = 100000 based on the key value of ozone.scm.heartbeat.thread.interval, reset to the max value 100000.
2023-05-08 09:33:14,818 [Time-limited test] WARN  server.ServerUtils (ServerUtils.java:sanitizeUserArgs(73)) - ozone.scm.stale.node.interval value = 300000 is larger than max = 100000 based on the key value of ozone.scm.heartbeat.thread.interval, reset to the max value 100000.
2023-05-08 09:33:14,823 [Time-limited test] INFO  node.SCMNodeManager (SCMNodeManager.java:<init>(159)) - Entering startup safe mode.
2023-05-08 09:33:14,838 [Time-limited test] INFO  algorithms.ContainerPlacementPolicyFactory (ContainerPlacementPolicyFactory.java:getPolicyInternal(86)) - Create container placement policy of type org.apache.hadoop.hdds.scm.container.placement.algorithms.SCMContainerPlacementRackAware
2023-05-08 09:33:14,841 [Time-limited test] INFO  algorithms.ContainerPlacementPolicyFactory (ContainerPlacementPolicyFactory.java:getPolicyInternal(86)) - Create container placement policy of type org.apache.hadoop.hdds.scm.container.placement.algorithms.SCMContainerPlacementRackScatter
2023-05-08 09:33:14,850 [Time-limited test] INFO  pipeline.PipelineStateManagerImpl (PipelineStateManagerImpl.java:initialize(78)) - No pipeline exists in current db
2023-05-08 09:33:14,881 [Time-limited test] INFO  algorithms.LeaderChoosePolicyFactory (LeaderChoosePolicyFactory.java:getPolicy(57)) - Create leader choose policy of type org.apache.hadoop.hdds.scm.pipeline.leader.choose.algorithms.MinLeaderCountChoosePolicy
2023-05-08 09:33:14,881 [Time-limited test] INFO  algorithms.ContainerPlacementPolicyFactory (ContainerPlacementPolicyFactory.java:getPolicyInternal(86)) - Create container placement policy of type org.apache.hadoop.hdds.scm.container.placement.algorithms.SCMContainerPlacementRackScatter
2023-05-08 09:33:14,886 [Time-limited test] INFO  ha.SCMServiceManager (SCMServiceManager.java:register(42)) - Registering service BackgroundPipelineCreator.
2023-05-08 09:33:14,886 [Time-limited test] INFO  pipeline.BackgroundPipelineCreator (BackgroundPipelineCreator.java:start(124)) - Starting RatisPipelineUtilsThread.
2023-05-08 09:33:14,889 [Time-limited test] INFO  BackgroundPipelineScrubber (BackgroundSCMService.java:start(68)) - Starting BackgroundPipelineScrubber Service.
2023-05-08 09:33:14,890 [Time-limited test] INFO  ha.SCMServiceManager (SCMServiceManager.java:register(42)) - Registering service BackgroundPipelineScrubber.
2023-05-08 09:33:14,896 [Time-limited test] INFO  ExpiredContainerReplicaOpScrubber (BackgroundSCMService.java:start(68)) - Starting ExpiredContainerReplicaOpScrubber Service.
2023-05-08 09:33:14,896 [Time-limited test] INFO  ha.SCMServiceManager (SCMServiceManager.java:register(42)) - Registering service ExpiredContainerReplicaOpScrubber.
2023-05-08 09:33:14,934 [Time-limited test] INFO  algorithms.PipelineChoosePolicyFactory (PipelineChoosePolicyFactory.java:createPipelineChoosePolicyFromClass(73)) - Create pipeline choose policy of type org.apache.hadoop.hdds.scm.pipeline.choose.algorithms.RandomPipelineChoosePolicy
2023-05-08 09:33:14,956 [Time-limited test] INFO  ha.SCMServiceManager (SCMServiceManager.java:register(42)) - Registering service SCMBlockDeletingService.
2023-05-08 09:33:15,018 [Time-limited test] INFO  replication.ReplicationManager (ReplicationManager.java:start(293)) - Starting Replication Monitor Thread.
2023-05-08 09:33:15,032 [Time-limited test] INFO  ha.SCMServiceManager (SCMServiceManager.java:register(42)) - Registering service ReplicationManager.
2023-05-08 09:33:15,035 [ReplicationMonitor] INFO  replication.ReplicationManager (ReplicationManager.java:processAll(368)) - Replication Manager is not ready to run until 3000ms after safemode exit
2023-05-08 09:33:15,044 [Time-limited test] INFO  safemode.ContainerSafeModeRule (ContainerSafeModeRule.java:<init>(89)) - containers with one replica threshold count 0
2023-05-08 09:33:15,048 [Time-limited test] INFO  safemode.HealthyPipelineSafeModeRule (HealthyPipelineSafeModeRule.java:initializeRule(169)) - Total pipeline count is 0, healthy pipeline threshold count is 1
2023-05-08 09:33:15,051 [Time-limited test] INFO  safemode.OneReplicaPipelineSafeModeRule (OneReplicaPipelineSafeModeRule.java:initializeRule(180)) - Total pipeline count is 0, pipeline's with at least one datanode reported threshold count is 0
2023-05-08 09:33:15,096 [Time-limited test] INFO  server.StorageContainerManager (StorageContainerManager.java:<init>(403)) - SCM start with adminUsers: [runner]
2023-05-08 09:33:15,426 [Time-limited test] INFO  audit.AuditLogger (AuditLogger.java:refreshDebugCmdSet(126)) - Refresh DebugCmdSet for SCMAudit to [].
2023-05-08 09:33:15,455 [Time-limited test] INFO  ipc.CallQueueManager (CallQueueManager.java:<init>(90)) - Using callQueue: class java.util.concurrent.LinkedBlockingQueue, queueCapacity: 2000, scheduler: class org.apache.hadoop.ipc.DefaultRpcScheduler, ipcBackoff: false.
2023-05-08 09:33:15,491 [Socket Reader #1 for port 0] INFO  ipc.Server (Server.java:run(1319)) - Starting Socket Reader #1 for port 0
2023-05-08 09:33:15,545 [Listener at 0.0.0.0/39863] INFO  audit.AuditLogger (AuditLogger.java:refreshDebugCmdSet(126)) - Refresh DebugCmdSet for SCMAudit to [].
2023-05-08 09:33:15,550 [Listener at 0.0.0.0/39863] INFO  ipc.CallQueueManager (CallQueueManager.java:<init>(90)) - Using callQueue: class java.util.concurrent.LinkedBlockingQueue, queueCapacity: 2000, scheduler: class org.apache.hadoop.ipc.DefaultRpcScheduler, ipcBackoff: false.
2023-05-08 09:33:15,551 [Socket Reader #1 for port 0] INFO  ipc.Server (Server.java:run(1319)) - Starting Socket Reader #1 for port 0
2023-05-08 09:33:15,584 [Listener at 0.0.0.0/45271] INFO  audit.AuditLogger (AuditLogger.java:refreshDebugCmdSet(126)) - Refresh DebugCmdSet for SCMAudit to [].
2023-05-08 09:33:15,594 [Listener at 0.0.0.0/45271] INFO  ipc.CallQueueManager (CallQueueManager.java:<init>(90)) - Using callQueue: class java.util.concurrent.LinkedBlockingQueue, queueCapacity: 2000, scheduler: class org.apache.hadoop.ipc.DefaultRpcScheduler, ipcBackoff: false.
2023-05-08 09:33:15,595 [Socket Reader #1 for port 0] INFO  ipc.Server (Server.java:run(1319)) - Starting Socket Reader #1 for port 0
2023-05-08 09:33:15,650 [Listener at 0.0.0.0/34775] INFO  ha.SCMServiceManager (SCMServiceManager.java:register(42)) - Registering service ContainerBalancer.
2023-05-08 09:33:15,651 [Listener at 0.0.0.0/34775] INFO  server.StorageContainerManager (StorageContainerManager.java:<init>(420)) - 
Container Balancer status:
Key                            Value
Running                        false
Container Balancer Configuration values:
Key                                                Value
Threshold                                          10
Max Datanodes to Involve per Iteration(percent)    20
Max Size to Move per Iteration                     500GB
Max Size Entering Target per Iteration             26GB
Max Size Leaving Source per Iteration              26GB

2023-05-08 09:33:15,652 [Listener at 0.0.0.0/34775] INFO  ha.SCMContext (SCMContext.java:updateSafeModeStatus(228)) - Update SafeModeStatus from SafeModeStatus{safeModeStatus=true, preCheckPassed=false} to SafeModeStatus{safeModeStatus=true, preCheckPassed=false}.
2023-05-08 09:33:15,658 [Listener at 0.0.0.0/34775] INFO  server.StorageContainerManager (StorageContainerManager.java:start(1477)) - StorageContainerLocationProtocol RPC server is listening at /0.0.0.0:34775
2023-05-08 09:33:15,727 [Listener at 0.0.0.0/34775] WARN  impl.MetricsConfig (MetricsConfig.java:loadFirst(136)) - Cannot locate configuration: tried hadoop-metrics2-storagecontainermanager.properties,hadoop-metrics2.properties
2023-05-08 09:33:15,741 [Listener at 0.0.0.0/34775] INFO  impl.MetricsSystemImpl (MetricsSystemImpl.java:startTimer(378)) - Scheduled Metric snapshot period at 10 second(s).
2023-05-08 09:33:15,741 [Listener at 0.0.0.0/34775] INFO  impl.MetricsSystemImpl (MetricsSystemImpl.java:start(191)) - StorageContainerManager metrics system started
2023-05-08 09:33:16,022 [Listener at 0.0.0.0/34775] INFO  server.SCMClientProtocolServer (SCMClientProtocolServer.java:start(199)) - RPC server for Client  is listening at /0.0.0.0:34775
2023-05-08 09:33:16,022 [IPC Server Responder] INFO  ipc.Server (Server.java:run(1558)) - IPC Server Responder: starting
2023-05-08 09:33:16,024 [IPC Server listener on 0] INFO  ipc.Server (Server.java:run(1398)) - IPC Server listener on 0: starting
2023-05-08 09:33:16,036 [Listener at 0.0.0.0/34775] INFO  server.StorageContainerManager (StorageContainerManager.java:start(1491)) - ScmBlockLocationProtocol RPC server is listening at /0.0.0.0:45271
2023-05-08 09:33:16,036 [Listener at 0.0.0.0/34775] INFO  server.SCMBlockProtocolServer (SCMBlockProtocolServer.java:start(152)) - RPC server for Block Protocol is listening at /0.0.0.0:45271
2023-05-08 09:33:16,038 [IPC Server Responder] INFO  ipc.Server (Server.java:run(1558)) - IPC Server Responder: starting
2023-05-08 09:33:16,039 [IPC Server listener on 0] INFO  ipc.Server (Server.java:run(1398)) - IPC Server listener on 0: starting
2023-05-08 09:33:16,052 [Listener at 0.0.0.0/34775] INFO  server.SCMDatanodeProtocolServer (SCMDatanodeProtocolServer.java:start(193)) - ScmDatanodeProtocol RPC server for DataNodes is listening at /0.0.0.0:39863
2023-05-08 09:33:16,058 [IPC Server Responder] INFO  ipc.Server (Server.java:run(1558)) - IPC Server Responder: starting
2023-05-08 09:33:16,058 [IPC Server listener on 0] INFO  ipc.Server (Server.java:run(1398)) - IPC Server listener on 0: starting
2023-05-08 09:33:16,081 [org.apache.hadoop.util.JvmPauseMonitor$Monitor@3eb0f509] INFO  util.JvmPauseMonitor (JvmPauseMonitor.java:run(188)) - Starting JVM pause monitor
2023-05-08 09:33:16,086 [Listener at 0.0.0.0/34775] INFO  http.BaseHttpServer (BaseHttpServer.java:newHttpServer2BuilderForOzone(224)) - Starting Web-server for scm at: http://0.0.0.0:0
2023-05-08 09:33:16,086 [Listener at 0.0.0.0/34775] INFO  http.BaseHttpServer (BaseHttpServer.java:<init>(111)) - Hadoop Security Enabled: false Ozone Security Enabled: false Ozone HTTP Security Enabled: false 
2023-05-08 09:33:16,110 [Listener at 0.0.0.0/34775] INFO  util.log (Log.java:initialized(170)) - Logging initialized @4217ms to org.eclipse.jetty.util.log.Slf4jLog
2023-05-08 09:33:16,204 [Listener at 0.0.0.0/34775] WARN  server.AuthenticationFilter (AuthenticationFilter.java:constructSecretProvider(240)) - Unable to initialize FileSignerSecretProvider, falling back to use random secrets. Reason: Could not read signature secret file: /home/runner/hadoop-http-auth-signature-secret
2023-05-08 09:33:16,209 [Listener at 0.0.0.0/34775] INFO  http.HttpRequestLog (HttpRequestLog.java:getRequestLog(86)) - Http request log for http.requests.scm is not defined
2023-05-08 09:33:16,217 [Listener at 0.0.0.0/34775] INFO  http.HttpServer2 (HttpServer2.java:addGlobalFilter(1031)) - Added global filter 'safety' (class=org.apache.hadoop.hdds.server.http.HttpServer2$QuotingInputFilter)
2023-05-08 09:33:16,220 [Listener at 0.0.0.0/34775] INFO  http.HttpServer2 (HttpServer2.java:addFilter(1007)) - Added filter static_user_filter (class=org.apache.hadoop.http.lib.StaticUserWebFilter$StaticUserFilter) to context scm
2023-05-08 09:33:16,220 [Listener at 0.0.0.0/34775] INFO  http.HttpServer2 (HttpServer2.java:addFilter(1015)) - Added filter static_user_filter (class=org.apache.hadoop.http.lib.StaticUserWebFilter$StaticUserFilter) to context static
2023-05-08 09:33:16,221 [Listener at 0.0.0.0/34775] INFO  http.HttpServer2 (HttpServer2.java:addFilter(1015)) - Added filter static_user_filter (class=org.apache.hadoop.http.lib.StaticUserWebFilter$StaticUserFilter) to context logs
2023-05-08 09:33:16,258 [Listener at 0.0.0.0/34775] INFO  http.BaseHttpServer (BaseHttpServer.java:<init>(190)) - HTTP server of scm uses base directory /home/runner/work/ozone/ozone/hadoop-ozone/integration-test/target/test-dir/MiniOzoneClusterImpl-9831f382-72e6-431b-adf3-2f9efd8fb9d7/ozone-meta/webserver
2023-05-08 09:33:16,259 [Listener at 0.0.0.0/34775] INFO  http.HttpServer2 (HttpServer2.java:bindListener(1250)) - Jetty bound to port 42823
2023-05-08 09:33:16,260 [Listener at 0.0.0.0/34775] INFO  server.Server (Server.java:doStart(375)) - jetty-9.4.51.v20230217; built: 2023-02-17T08:19:37.309Z; git: b45c405e4544384de066f814ed42ae3dceacdd49; jvm 1.8.0_362-b09
2023-05-08 09:33:16,291 [Listener at 0.0.0.0/34775] INFO  server.session (DefaultSessionIdManager.java:doStart(334)) - DefaultSessionIdManager workerName=node0
2023-05-08 09:33:16,291 [Listener at 0.0.0.0/34775] INFO  server.session (DefaultSessionIdManager.java:doStart(339)) - No SessionScavenger set, using defaults
2023-05-08 09:33:16,300 [Listener at 0.0.0.0/34775] INFO  server.session (HouseKeeper.java:startScavenging(132)) - node0 Scavenging every 660000ms
2023-05-08 09:33:16,319 [Listener at 0.0.0.0/34775] INFO  handler.ContextHandler (ContextHandler.java:doStart(921)) - Started o.e.j.s.ServletContextHandler@1ac93c54{logs,/logs,file:///home/runner/work/ozone/ozone/hadoop-ozone/integration-test/target/log,AVAILABLE}
2023-05-08 09:33:16,320 [Listener at 0.0.0.0/34775] INFO  handler.ContextHandler (ContextHandler.java:doStart(921)) - Started o.e.j.s.ServletContextHandler@66db970e{static,/static,file:///home/runner/work/ozone/ozone/hadoop-ozone/integration-test/target/test-classes/webapps/static,AVAILABLE}
2023-05-08 09:33:16,374 [Listener at 0.0.0.0/34775] INFO  handler.ContextHandler (ContextHandler.java:doStart(921)) - Started o.e.j.w.WebAppContext@768bb2bf{scm,/,file:///home/runner/work/ozone/ozone/hadoop-ozone/integration-test/target/test-classes/webapps/scm/,AVAILABLE}{file:/home/runner/work/ozone/ozone/hadoop-ozone/integration-test/target/test-classes/webapps/scm}
2023-05-08 09:33:16,382 [Listener at 0.0.0.0/34775] INFO  server.AbstractConnector (AbstractConnector.java:doStart(333)) - Started ServerConnector@4ffccb3d{HTTP/1.1, (http/1.1)}{0.0.0.0:42823}
2023-05-08 09:33:16,382 [Listener at 0.0.0.0/34775] INFO  server.Server (Server.java:doStart(415)) - Started @4489ms
2023-05-08 09:33:16,385 [Listener at 0.0.0.0/34775] INFO  impl.MetricsSinkAdapter (MetricsSinkAdapter.java:start(204)) - Sink prometheus started
2023-05-08 09:33:16,385 [Listener at 0.0.0.0/34775] INFO  impl.MetricsSystemImpl (MetricsSystemImpl.java:registerSink(305)) - Registered sink prometheus
2023-05-08 09:33:16,386 [Listener at 0.0.0.0/34775] INFO  http.BaseHttpServer (BaseHttpServer.java:updateConnectorAddress(344)) - HTTP server of scm listening at http://0.0.0.0:42823
2023-05-08 09:33:16,390 [Listener at 0.0.0.0/34775] WARN  server.ServerUtils (ServerUtils.java:getDBPath(225)) - ozone.om.db.dirs is not configured. We recommend adding this setting. Falling back to ozone.metadata.dirs instead.
2023-05-08 09:33:16,452 [Listener at 0.0.0.0/34775] INFO  audit.AuditLogger (AuditLogger.java:refreshDebugCmdSet(126)) - Refresh DebugCmdSet for OMAudit to [].
2023-05-08 09:33:16,534 [Listener at 0.0.0.0/34775] INFO  ha.OMHANodeDetails (OMHANodeDetails.java:loadOMHAConfig(115)) - ozone.om.internal.service.id is not defined, falling back to ozone.om.service.ids to find serviceID for OzoneManager if it is HA enabled cluster
2023-05-08 09:33:16,537 [Listener at 0.0.0.0/34775] INFO  ha.OMHANodeDetails (OMHANodeDetails.java:loadOMHAConfig(226)) - Configuration does not have ozone.om.address set. Falling back to the default OM address /127.0.0.1:0
2023-05-08 09:33:16,537 [Listener at 0.0.0.0/34775] INFO  ha.OMHANodeDetails (OMHANodeDetails.java:getOMNodeDetailsForNonHA(254)) - OM Service ID is not set. Setting it to the default ID: omServiceIdDefault
2023-05-08 09:33:16,538 [Listener at 0.0.0.0/34775] INFO  ha.OMHANodeDetails (OMHANodeDetails.java:getOMNodeDetailsForNonHA(261)) - OM Node ID is not set. Setting it to the default ID: om1
2023-05-08 09:33:16,542 [Listener at 0.0.0.0/34775] WARN  server.ServerUtils (ServerUtils.java:getDBPath(225)) - ozone.om.db.dirs is not configured. We recommend adding this setting. Falling back to ozone.metadata.dirs instead.
2023-05-08 09:33:16,544 [Listener at 0.0.0.0/34775] INFO  upgrade.AbstractLayoutVersionManager (AbstractLayoutVersionManager.java:init(83)) - Initializing Layout version manager with metadata layout = HSYNC (version = 4), software layout = HSYNC (version = 4)
2023-05-08 09:33:16,636 [Listener at 0.0.0.0/34775] INFO  reflections.Reflections (Reflections.java:scan(232)) - Reflections took 88 ms to scan 2 urls, producing 172 keys and 479 values [using 2 cores]
2023-05-08 09:33:16,644 [Listener at 0.0.0.0/34775] INFO  upgrade.OMLayoutVersionManager (OMLayoutVersionManager.java:lambda$0(115)) - Skipping Upgrade Action MockOmUpgradeAction since it has been finalized.
2023-05-08 09:33:16,648 [Listener at 0.0.0.0/34775] WARN  server.ServerUtils (ServerUtils.java:getDBPath(225)) - ozone.om.db.dirs is not configured. We recommend adding this setting. Falling back to ozone.metadata.dirs instead.
2023-05-08 09:33:16,820 [Listener at 0.0.0.0/34775] INFO  proxy.SCMBlockLocationFailoverProxyProvider (SCMBlockLocationFailoverProxyProvider.java:<init>(114)) - Created block location fail-over proxy with 1 nodes: [nodeId=scmNodeId,nodeAddress=/0.0.0.0:45271]
2023-05-08 09:33:16,879 [Listener at 0.0.0.0/34775] INFO  proxy.SCMBlockLocationFailoverProxyProvider (SCMBlockLocationFailoverProxyProvider.java:<init>(114)) - Created block location fail-over proxy with 1 nodes: [nodeId=scmNodeId,nodeAddress=/0.0.0.0:45271]
2023-05-08 09:33:17,080 [Listener at 0.0.0.0/34775] INFO  om.OzoneManager (OzoneManager.java:<init>(640)) - OM start with adminUsers: [runner]
2023-05-08 09:33:17,094 [Listener at 0.0.0.0/34775] WARN  server.ServerUtils (ServerUtils.java:getDBPath(225)) - ozone.om.db.dirs is not configured. We recommend adding this setting. Falling back to ozone.metadata.dirs instead.
2023-05-08 09:33:17,101 [Listener at 0.0.0.0/34775] INFO  codec.OmKeyInfoCodec (OmKeyInfoCodec.java:<init>(49)) - OmKeyInfoCodec ignorePipeline = true
2023-05-08 09:33:17,102 [Listener at 0.0.0.0/34775] INFO  codec.RepeatedOmKeyInfoCodec (RepeatedOmKeyInfoCodec.java:<init>(41)) - RepeatedOmKeyInfoCodec ignorePipeline = true
2023-05-08 09:33:17,334 [Listener at 0.0.0.0/34775] INFO  om.OzoneManager (OzoneManager.java:instantiateServices(770)) - S3 Multi-Tenancy is disabled
2023-05-08 09:33:17,360 [Listener at 0.0.0.0/34775] INFO  om.OmSnapshotManager (OmSnapshotManager.java:<init>(169)) - Ozone filesystem snapshot feature is enabled.
2023-05-08 09:33:17,362 [Listener at 0.0.0.0/34775] WARN  server.ServerUtils (ServerUtils.java:getDBPath(225)) - ozone.om.snapshot.diff.db.dir is not configured. We recommend adding this setting. Falling back to ozone.metadata.dirs instead.
2023-05-08 09:33:17,462 [Listener at 0.0.0.0/34775] INFO  om.OzoneManager (OzoneManager.java:addS3GVolumeToDB(4278)) - Created Volume s3v With Owner runner required for S3Gateway operations.
2023-05-08 09:33:17,520 [Listener at 0.0.0.0/34775] WARN  server.ServerUtils (ServerUtils.java:getDefaultRatisDirectory(237)) - Storage directory for Ratis is not configured. It is a good idea to map this to an SSD disk. Falling back to ozone.metadata.dirs
2023-05-08 09:33:17,521 [Listener at 0.0.0.0/34775] WARN  utils.OzoneManagerRatisUtils (OzoneManagerRatisUtils.java:getOMRatisSnapshotDirectory(456)) - ozone.om.ratis.snapshot.dir is not configured. Falling back to ozone.metadata.dirs config
2023-05-08 09:33:17,539 [Listener at 0.0.0.0/34775] WARN  server.ServerUtils (ServerUtils.java:getDefaultRatisDirectory(237)) - Storage directory for Ratis is not configured. It is a good idea to map this to an SSD disk. Falling back to ozone.metadata.dirs
2023-05-08 09:33:17,569 [Listener at 0.0.0.0/34775] INFO  ratis.OzoneManagerRatisServer (OzoneManagerRatisServer.java:<init>(163)) - Instantiating OM Ratis server with groupID: omServiceIdDefault and peers: localhost:9872
2023-05-08 09:33:17,577 [Listener at 0.0.0.0/34775] INFO  ratis.OzoneManagerStateMachine (OzoneManagerStateMachine.java:loadSnapshotInfoFromDB(670)) - LastAppliedIndex is set from TransactionInfo from OM DB as (t:0, i:~)
2023-05-08 09:33:17,622 [Listener at 0.0.0.0/34775] INFO  server.RaftServer (ConfUtils.java:logGet(46)) - raft.rpc.type = GRPC (default)
2023-05-08 09:33:17,630 [Listener at 0.0.0.0/34775] INFO  grpc.GrpcConfigKeys (ConfUtils.java:logFallback(53)) - raft.grpc.admin.host = null (fallback to raft.grpc.server.host)
2023-05-08 09:33:17,632 [Listener at 0.0.0.0/34775] INFO  grpc.GrpcConfigKeys (ConfUtils.java:logFallback(53)) - raft.grpc.admin.port = 9872 (fallback to raft.grpc.server.port)
2023-05-08 09:33:17,632 [Listener at 0.0.0.0/34775] INFO  grpc.GrpcConfigKeys (ConfUtils.java:logFallback(53)) - raft.grpc.client.host = null (fallback to raft.grpc.server.host)
2023-05-08 09:33:17,632 [Listener at 0.0.0.0/34775] INFO  grpc.GrpcConfigKeys (ConfUtils.java:logFallback(53)) - raft.grpc.client.port = 9872 (fallback to raft.grpc.server.port)
2023-05-08 09:33:17,633 [Listener at 0.0.0.0/34775] INFO  grpc.GrpcConfigKeys (ConfUtils.java:logGet(46)) - raft.grpc.server.host = null (default)
2023-05-08 09:33:17,633 [Listener at 0.0.0.0/34775] INFO  grpc.GrpcConfigKeys (ConfUtils.java:logGet(46)) - raft.grpc.server.port = 9872 (custom)
2023-05-08 09:33:17,633 [Listener at 0.0.0.0/34775] INFO  server.GrpcService (ConfUtils.java:logGet(46)) - raft.grpc.message.size.max = 33554432 (custom)
2023-05-08 09:33:17,635 [Listener at 0.0.0.0/34775] INFO  server.RaftServerConfigKeys (ConfUtils.java:logGet(46)) - raft.server.log.appender.buffer.byte-limit = 33554432 (custom)
2023-05-08 09:33:17,635 [Listener at 0.0.0.0/34775] INFO  server.GrpcService (ConfUtils.java:logGet(46)) - raft.grpc.flow.control.window = 1MB (=1048576) (default)
2023-05-08 09:33:17,636 [Listener at 0.0.0.0/34775] INFO  server.RaftServerConfigKeys (ConfUtils.java:logGet(46)) - raft.server.rpc.request.timeout = 3000ms (default)
2023-05-08 09:33:17,647 [Listener at 0.0.0.0/34775] INFO  grpc.GrpcConfigKeys (ConfUtils.java:logGet(46)) - raft.grpc.server.heartbeat.channel = true (default)
2023-05-08 09:33:17,650 [Listener at 0.0.0.0/34775] INFO  grpc.GrpcConfigKeys (ConfUtils.java:logGet(46)) - raft.grpc.server.async.request.thread.pool.cached = true (default)
2023-05-08 09:33:17,650 [Listener at 0.0.0.0/34775] INFO  grpc.GrpcConfigKeys (ConfUtils.java:logGet(46)) - raft.grpc.server.async.request.thread.pool.size = 32 (default)
2023-05-08 09:33:17,850 [Listener at 0.0.0.0/34775] INFO  impl.DataStreamServerImpl (ConfUtils.java:logGet(46)) - raft.datastream.type = DISABLED (default)
2023-05-08 09:33:17,852 [Listener at 0.0.0.0/34775] INFO  server.RaftServerConfigKeys (ConfUtils.java:logGet(46)) - raft.server.threadpool.proxy.cached = true (default)
2023-05-08 09:33:17,853 [Listener at 0.0.0.0/34775] INFO  server.RaftServerConfigKeys (ConfUtils.java:logGet(46)) - raft.server.threadpool.proxy.size = 0 (default)
2023-05-08 09:33:17,853 [Listener at 0.0.0.0/34775] INFO  server.RaftServerConfigKeys (ConfUtils.java:logGet(46)) - raft.server.rpc.slowness.timeout = 120s (custom)
2023-05-08 09:33:17,853 [Listener at 0.0.0.0/34775] INFO  server.RaftServerConfigKeys (ConfUtils.java:logGet(46)) - raft.server.leaderelection.leader.step-down.wait-time = 10s (default)
2023-05-08 09:33:17,856 [Listener at 0.0.0.0/34775] INFO  server.RaftServerConfigKeys (ConfUtils.java:logGet(46)) - raft.server.storage.dir = [/home/runner/work/ozone/ozone/hadoop-ozone/integration-test/target/test-dir/MiniOzoneClusterImpl-9831f382-72e6-431b-adf3-2f9efd8fb9d7/ozone-meta/ratis] (custom)
2023-05-08 09:33:17,863 [Listener at 0.0.0.0/34775] INFO  server.RaftServer (RaftServerProxy.java:addNew(96)) - om1: addNew group-C5BA1605619E:[om1|rpc:localhost:9872|priority:0|startupRole:FOLLOWER] returns group-C5BA1605619E:java.util.concurrent.CompletableFuture@38889ea5[Not completed]
2023-05-08 09:33:17,863 [Listener at 0.0.0.0/34775] INFO  om.OzoneManager (OzoneManager.java:initializeRatisServer(2114)) - OzoneManager Ratis server initialized at port 9872
2023-05-08 09:33:17,886 [Listener at 0.0.0.0/34775] INFO  om.OzoneManager (OzoneManager.java:getRpcServer(1161)) - Creating RPC Server
2023-05-08 09:33:17,912 [pool-61-thread-1] INFO  server.RaftServer$Division (RaftServerImpl.java:<init>(195)) - om1: new RaftServerImpl for group-C5BA1605619E:[om1|rpc:localhost:9872|priority:0|startupRole:FOLLOWER] with OzoneManagerStateMachine:uninitialized
2023-05-08 09:33:17,914 [pool-61-thread-1] INFO  server.RaftServerConfigKeys (ConfUtils.java:logGet(46)) - raft.server.rpc.timeout.min = 1s (custom)
2023-05-08 09:33:17,915 [pool-61-thread-1] INFO  server.RaftServerConfigKeys (ConfUtils.java:logGet(46)) - raft.server.rpc.timeout.max = 1200ms (custom)
2023-05-08 09:33:17,915 [pool-61-thread-1] INFO  server.RaftServerConfigKeys (ConfUtils.java:logGet(46)) - raft.server.rpc.sleep.time = 25ms (default)
2023-05-08 09:33:17,915 [pool-61-thread-1] INFO  server.RaftServerConfigKeys (ConfUtils.java:logGet(46)) - raft.server.rpc.slowness.timeout = 120s (custom)
2023-05-08 09:33:17,915 [pool-61-thread-1] INFO  server.RaftServerConfigKeys (ConfUtils.java:logGet(46)) - raft.server.leaderelection.leader.step-down.wait-time = 10s (default)
2023-05-08 09:33:17,915 [pool-61-thread-1] INFO  server.RaftServerConfigKeys (ConfUtils.java:logGet(46)) - raft.server.sleep.deviation.threshold = 300ms (default)
2023-05-08 09:33:17,922 [pool-61-thread-1] INFO  server.RaftServer$Division (ServerState.java:<init>(118)) - om1@group-C5BA1605619E: ConfigurationManager, init=-1: peers:[om1|rpc:localhost:9872|priority:0|startupRole:FOLLOWER]|listeners:[], old=null, confs=<EMPTY_MAP>
2023-05-08 09:33:17,922 [pool-61-thread-1] INFO  server.RaftServerConfigKeys (ConfUtils.java:logGet(46)) - raft.server.storage.dir = [/home/runner/work/ozone/ozone/hadoop-ozone/integration-test/target/test-dir/MiniOzoneClusterImpl-9831f382-72e6-431b-adf3-2f9efd8fb9d7/ozone-meta/ratis] (custom)
2023-05-08 09:33:17,939 [pool-61-thread-1] INFO  server.RaftServerConfigKeys (ConfUtils.java:logGet(46)) - raft.server.log.corruption.policy = EXCEPTION (default)
2023-05-08 09:33:17,939 [pool-61-thread-1] INFO  server.RaftServerConfigKeys (ConfUtils.java:logGet(46)) - raft.server.storage.free-space.min = 0MB (=0) (default)
2023-05-08 09:33:17,954 [pool-61-thread-1] INFO  server.RaftServerConfigKeys (ConfUtils.java:logGet(46)) - raft.server.notification.no-leader.timeout = 120s (custom)
2023-05-08 09:33:17,960 [pool-61-thread-1] INFO  server.RaftServerConfigKeys (ConfUtils.java:logGet(46)) - raft.server.retrycache.expirytime = 300s (custom)
2023-05-08 09:33:17,960 [pool-61-thread-1] INFO  server.RaftServerConfigKeys (ConfUtils.java:logGet(46)) - raft.server.retrycache.statistics.expirytime = 100μs (default)
2023-05-08 09:33:18,063 [pool-61-thread-1] INFO  server.RaftServerConfigKeys (ConfUtils.java:logGet(46)) - raft.server.log.appender.install.snapshot.enabled = false (custom)
2023-05-08 09:33:18,065 [pool-61-thread-1] INFO  server.RaftServerConfigKeys (ConfUtils.java:logGet(46)) - raft.server.threadpool.server.cached = true (default)
2023-05-08 09:33:18,065 [pool-61-thread-1] INFO  server.RaftServerConfigKeys (ConfUtils.java:logGet(46)) - raft.server.threadpool.server.size = 0 (default)
2023-05-08 09:33:18,067 [pool-61-thread-1] INFO  server.RaftServerConfigKeys (ConfUtils.java:logGet(46)) - raft.server.threadpool.client.cached = true (default)
2023-05-08 09:33:18,068 [pool-61-thread-1] INFO  server.RaftServerConfigKeys (ConfUtils.java:logGet(46)) - raft.server.threadpool.client.size = 0 (default)
2023-05-08 09:33:18,600 [Listener at 0.0.0.0/34775] INFO  reflections.Reflections (Reflections.java:scan(232)) - Reflections took 641 ms to scan 19 urls, producing 69 keys and 5166 values [using 2 cores]
2023-05-08 09:33:18,934 [Listener at 0.0.0.0/34775] INFO  ipc.CallQueueManager (CallQueueManager.java:<init>(90)) - Using callQueue: class java.util.concurrent.LinkedBlockingQueue, queueCapacity: 2000, scheduler: class org.apache.hadoop.ipc.DefaultRpcScheduler, ipcBackoff: false.
2023-05-08 09:33:18,934 [Socket Reader #1 for port 0] INFO  ipc.Server (Server.java:run(1319)) - Starting Socket Reader #1 for port 0
2023-05-08 09:33:18,967 [Listener at 127.0.0.1/45613] INFO  impl.MetricsSystemImpl (MetricsSystemImpl.java:init(158)) - OzoneManager metrics system started (again)
2023-05-08 09:33:18,979 [Listener at 127.0.0.1/45613] INFO  om.OzoneManager (OzoneManager.java:start(1582)) - OzoneManager RPC server is listening at localhost/127.0.0.1:45613
2023-05-08 09:33:18,979 [Listener at 127.0.0.1/45613] INFO  ratis.OzoneManagerRatisServer (OzoneManagerRatisServer.java:start(558)) - Starting OzoneManagerRatisServer om1 at port 9872
2023-05-08 09:33:18,982 [om1-impl-thread1] INFO  storage.RaftStorageDirectory (RaftStorageDirectoryImpl.java:analyzeStorage(137)) - The storage directory /home/runner/work/ozone/ozone/hadoop-ozone/integration-test/target/test-dir/MiniOzoneClusterImpl-9831f382-72e6-431b-adf3-2f9efd8fb9d7/ozone-meta/ratis/bf265839-605b-3f16-9796-c5ba1605619e does not exist. Creating ...
2023-05-08 09:33:18,986 [om1-impl-thread1] INFO  storage.RaftStorageDirectory (RaftStorageDirectoryImpl.java:tryLock(231)) - Lock on /home/runner/work/ozone/ozone/hadoop-ozone/integration-test/target/test-dir/MiniOzoneClusterImpl-9831f382-72e6-431b-adf3-2f9efd8fb9d7/ozone-meta/ratis/bf265839-605b-3f16-9796-c5ba1605619e/in_use.lock acquired by nodename 7572@fv-az96-539
2023-05-08 09:33:18,991 [om1-impl-thread1] INFO  storage.RaftStorage (RaftStorageImpl.java:format(96)) - Storage directory /home/runner/work/ozone/ozone/hadoop-ozone/integration-test/target/test-dir/MiniOzoneClusterImpl-9831f382-72e6-431b-adf3-2f9efd8fb9d7/ozone-meta/ratis/bf265839-605b-3f16-9796-c5ba1605619e has been successfully formatted.
2023-05-08 09:33:18,993 [om1-impl-thread1] INFO  server.RaftServerConfigKeys (ConfUtils.java:logGet(46)) - raft.server.log.use.memory = false (default)
2023-05-08 09:33:19,002 [om1-impl-thread1] INFO  server.RaftServerConfigKeys (ConfUtils.java:logGet(46)) - raft.server.log.purge.gap = 1000000 (custom)
2023-05-08 09:33:19,003 [om1-impl-thread1] INFO  server.RaftServerConfigKeys (ConfUtils.java:logGet(46)) - raft.server.log.appender.buffer.byte-limit = 33554432 (custom)
2023-05-08 09:33:19,004 [om1-impl-thread1] INFO  server.RaftServerConfigKeys (ConfUtils.java:logGet(46)) - raft.server.log.statemachine.data.read.timeout = 1000ms (default)
2023-05-08 09:33:19,005 [om1-impl-thread1] INFO  server.RaftServerConfigKeys (ConfUtils.java:logGet(46)) - raft.server.log.purge.preservation.log.num = 0 (default)
2023-05-08 09:33:19,007 [om1-impl-thread1] INFO  server.RaftServerConfigKeys (ConfUtils.java:logGet(46)) - raft.server.log.segment.size.max = 4194304 (custom)
2023-05-08 09:33:19,013 [om1-impl-thread1] INFO  server.RaftServerConfigKeys (ConfUtils.java:logGet(46)) - raft.server.log.segment.cache.num.max = 2 (custom)
2023-05-08 09:33:19,013 [om1-impl-thread1] INFO  server.RaftServerConfigKeys (ConfUtils.java:logGet(46)) - raft.server.log.segment.cache.size.max = 200MB (=209715200) (default)
2023-05-08 09:33:19,018 [om1-impl-thread1] INFO  segmented.SegmentedRaftLogWorker (SegmentedRaftLogWorker.java:<init>(189)) - new om1@group-C5BA1605619E-SegmentedRaftLogWorker for RaftStorageImpl:Storage Directory /home/runner/work/ozone/ozone/hadoop-ozone/integration-test/target/test-dir/MiniOzoneClusterImpl-9831f382-72e6-431b-adf3-2f9efd8fb9d7/ozone-meta/ratis/bf265839-605b-3f16-9796-c5ba1605619e
2023-05-08 09:33:19,019 [om1-impl-thread1] INFO  server.RaftServerConfigKeys (ConfUtils.java:logGet(46)) - raft.server.log.queue.byte-limit = 64MB (=67108864) (default)
2023-05-08 09:33:19,019 [om1-impl-thread1] INFO  server.RaftServerConfigKeys (ConfUtils.java:logGet(46)) - raft.server.log.queue.element-limit = 4096 (default)
2023-05-08 09:33:19,020 [om1-impl-thread1] INFO  server.RaftServerConfigKeys (ConfUtils.java:logGet(46)) - raft.server.log.segment.size.max = 4194304 (custom)
2023-05-08 09:33:19,020 [om1-impl-thread1] INFO  server.RaftServerConfigKeys (ConfUtils.java:logGet(46)) - raft.server.log.preallocated.size = 4194304 (custom)
2023-05-08 09:33:19,021 [om1-impl-thread1] INFO  server.RaftServerConfigKeys (ConfUtils.java:logGet(46)) - raft.server.log.force.sync.num = 128 (default)
2023-05-08 09:33:19,022 [om1-impl-thread1] INFO  server.RaftServerConfigKeys (ConfUtils.java:logGet(46)) - raft.server.log.statemachine.data.sync = true (default)
2023-05-08 09:33:19,022 [om1-impl-thread1] INFO  server.RaftServerConfigKeys (ConfUtils.java:logGet(46)) - raft.server.log.statemachine.data.sync.timeout = 10s (default)
2023-05-08 09:33:19,023 [om1-impl-thread1] INFO  server.RaftServerConfigKeys (ConfUtils.java:logGet(46)) - raft.server.log.statemachine.data.sync.timeout.retry = -1 (default)
2023-05-08 09:33:19,035 [om1-impl-thread1] INFO  server.RaftServerConfigKeys (ConfUtils.java:logGet(46)) - raft.server.log.write.buffer.size = 64KB (=65536) (default)
2023-05-08 09:33:19,035 [om1-impl-thread1] INFO  server.RaftServerConfigKeys (ConfUtils.java:logGet(46)) - raft.server.log.appender.buffer.byte-limit = 33554432 (custom)
2023-05-08 09:33:19,040 [om1-impl-thread1] INFO  server.RaftServerConfigKeys (ConfUtils.java:logGet(46)) - raft.server.log.unsafe-flush.enabled = false (default)
2023-05-08 09:33:19,041 [om1-impl-thread1] INFO  server.RaftServerConfigKeys (ConfUtils.java:logGet(46)) - raft.server.log.async-flush.enabled = false (default)
2023-05-08 09:33:19,041 [om1-impl-thread1] INFO  server.RaftServerConfigKeys (ConfUtils.java:logGet(46)) - raft.server.log.statemachine.data.caching.enabled = false (default)
2023-05-08 09:33:19,047 [om1-impl-thread1] INFO  segmented.SegmentedRaftLogWorker (SegmentedRaftLogWorker.java:lambda$new$0(135)) - om1@group-C5BA1605619E-SegmentedRaftLogWorker: flushIndex: setUnconditionally 0 -> -1
2023-05-08 09:33:19,048 [om1-impl-thread1] INFO  segmented.SegmentedRaftLogWorker (SegmentedRaftLogWorker.java:lambda$new$0(135)) - om1@group-C5BA1605619E-SegmentedRaftLogWorker: safeCacheEvictIndex: setUnconditionally 0 -> -1
2023-05-08 09:33:19,054 [om1-impl-thread1] INFO  server.RaftServer$Division (RaftServerImpl.java:start(334)) - om1@group-C5BA1605619E: start as a follower, conf=-1: peers:[om1|rpc:localhost:9872|priority:0|startupRole:FOLLOWER]|listeners:[], old=null
2023-05-08 09:33:19,059 [om1-impl-thread1] INFO  server.RaftServer$Division (RaftServerImpl.java:setRole(321)) - om1@group-C5BA1605619E: changes role from      null to FOLLOWER at term 0 for startAsFollower
2023-05-08 09:33:19,062 [om1-impl-thread1] INFO  impl.RoleInfo (RoleInfo.java:updateAndGet(139)) - om1: start om1@group-C5BA1605619E-FollowerState
2023-05-08 09:33:19,063 [om1-impl-thread1] INFO  util.JmxRegister (JmxRegister.java:tryRegister(44)) - Successfully registered JMX Bean with object name Ratis:service=RaftServer,group=group-C5BA1605619E,id=om1
2023-05-08 09:33:19,066 [om1-impl-thread1] INFO  server.RaftServerConfigKeys (ConfUtils.java:logGet(46)) - raft.server.snapshot.auto.trigger.enabled = true (custom)
2023-05-08 09:33:19,068 [om1-impl-thread1] INFO  server.RaftServerConfigKeys (ConfUtils.java:logGet(46)) - raft.server.snapshot.auto.trigger.threshold = 400000 (default)
2023-05-08 09:33:19,069 [om1-impl-thread1] INFO  server.RaftServerConfigKeys (ConfUtils.java:logGet(46)) - raft.server.snapshot.retention.file.num = -1 (default)
2023-05-08 09:33:19,070 [om1-impl-thread1] INFO  server.RaftServerConfigKeys (ConfUtils.java:logGet(46)) - raft.server.log.purge.upto.snapshot.index = true (custom)
2023-05-08 09:33:19,073 [om1@group-C5BA1605619E-FollowerState] INFO  server.RaftServerConfigKeys (ConfUtils.java:logFallback(53)) - raft.server.rpc.first-election.timeout.min = 1s (fallback to raft.server.rpc.timeout.min)
2023-05-08 09:33:19,073 [om1@group-C5BA1605619E-FollowerState] INFO  server.RaftServerConfigKeys (ConfUtils.java:logFallback(53)) - raft.server.rpc.first-election.timeout.max = 1200ms (fallback to raft.server.rpc.timeout.max)
2023-05-08 09:33:19,074 [Listener at 127.0.0.1/45613] INFO  server.RaftServer (RaftServerProxy.java:startImpl(393)) - om1: start RPC server
2023-05-08 09:33:19,123 [Listener at 127.0.0.1/45613] INFO  server.GrpcService (GrpcService.java:startImpl(262)) - om1: GrpcService started, listening on 9872
2023-05-08 09:33:19,128 [Listener at 127.0.0.1/45613] INFO  om.OzoneManager (OzoneManager.java:start(1598)) - Version File has different layout version (4) than OM DB (null). That is expected if this OM has never been finalized to a newer layout version.
2023-05-08 09:33:19,131 [JvmPauseMonitor0] INFO  util.JvmPauseMonitor (JvmPauseMonitor.java:run(105)) - JvmPauseMonitor-om1: Started
2023-05-08 09:33:19,161 [Listener at 127.0.0.1/45613] INFO  http.BaseHttpServer (BaseHttpServer.java:newHttpServer2BuilderForOzone(224)) - Starting Web-server for ozoneManager at: http://0.0.0.0:0
2023-05-08 09:33:19,162 [Listener at 127.0.0.1/45613] INFO  http.BaseHttpServer (BaseHttpServer.java:<init>(111)) - Hadoop Security Enabled: false Ozone Security Enabled: false Ozone HTTP Security Enabled: false 
2023-05-08 09:33:19,163 [Listener at 127.0.0.1/45613] WARN  server.AuthenticationFilter (AuthenticationFilter.java:constructSecretProvider(240)) - Unable to initialize FileSignerSecretProvider, falling back to use random secrets. Reason: Could not read signature secret file: /home/runner/hadoop-http-auth-signature-secret
2023-05-08 09:33:19,165 [Listener at 127.0.0.1/45613] INFO  http.HttpRequestLog (HttpRequestLog.java:getRequestLog(86)) - Http request log for http.requests.ozoneManager is not defined
2023-05-08 09:33:19,167 [Listener at 127.0.0.1/45613] INFO  http.HttpServer2 (HttpServer2.java:addGlobalFilter(1031)) - Added global filter 'safety' (class=org.apache.hadoop.hdds.server.http.HttpServer2$QuotingInputFilter)
2023-05-08 09:33:19,168 [Listener at 127.0.0.1/45613] INFO  http.HttpServer2 (HttpServer2.java:addFilter(1007)) - Added filter static_user_filter (class=org.apache.hadoop.http.lib.StaticUserWebFilter$StaticUserFilter) to context ozoneManager
2023-05-08 09:33:19,168 [Listener at 127.0.0.1/45613] INFO  http.HttpServer2 (HttpServer2.java:addFilter(1015)) - Added filter static_user_filter (class=org.apache.hadoop.http.lib.StaticUserWebFilter$StaticUserFilter) to context logs
2023-05-08 09:33:19,168 [Listener at 127.0.0.1/45613] INFO  http.HttpServer2 (HttpServer2.java:addFilter(1015)) - Added filter static_user_filter (class=org.apache.hadoop.http.lib.StaticUserWebFilter$StaticUserFilter) to context static
2023-05-08 09:33:19,170 [Listener at 127.0.0.1/45613] INFO  http.BaseHttpServer (BaseHttpServer.java:<init>(190)) - HTTP server of ozoneManager uses base directory /home/runner/work/ozone/ozone/hadoop-ozone/integration-test/target/test-dir/MiniOzoneClusterImpl-9831f382-72e6-431b-adf3-2f9efd8fb9d7/ozone-meta/webserver
2023-05-08 09:33:19,174 [Listener at 127.0.0.1/45613] INFO  http.HttpServer2 (HttpServer2.java:bindListener(1250)) - Jetty bound to port 36497
2023-05-08 09:33:19,175 [Listener at 127.0.0.1/45613] INFO  server.Server (Server.java:doStart(375)) - jetty-9.4.51.v20230217; built: 2023-02-17T08:19:37.309Z; git: b45c405e4544384de066f814ed42ae3dceacdd49; jvm 1.8.0_362-b09
2023-05-08 09:33:19,176 [Listener at 127.0.0.1/45613] INFO  server.session (DefaultSessionIdManager.java:doStart(334)) - DefaultSessionIdManager workerName=node0
2023-05-08 09:33:19,176 [Listener at 127.0.0.1/45613] INFO  server.session (DefaultSessionIdManager.java:doStart(339)) - No SessionScavenger set, using defaults
2023-05-08 09:33:19,177 [Listener at 127.0.0.1/45613] INFO  server.session (HouseKeeper.java:startScavenging(132)) - node0 Scavenging every 660000ms
2023-05-08 09:33:19,177 [Listener at 127.0.0.1/45613] INFO  handler.ContextHandler (ContextHandler.java:doStart(921)) - Started o.e.j.s.ServletContextHandler@56062653{logs,/logs,file:///home/runner/work/ozone/ozone/hadoop-ozone/integration-test/target/log,AVAILABLE}
2023-05-08 09:33:19,178 [Listener at 127.0.0.1/45613] INFO  handler.ContextHandler (ContextHandler.java:doStart(921)) - Started o.e.j.s.ServletContextHandler@5d05bb59{static,/static,file:///home/runner/work/ozone/ozone/hadoop-ozone/integration-test/target/test-classes/webapps/static,AVAILABLE}
2023-05-08 09:33:19,182 [Listener at 127.0.0.1/45613] INFO  handler.ContextHandler (ContextHandler.java:doStart(921)) - Started o.e.j.w.WebAppContext@29dc59d6{ozoneManager,/,file:///home/runner/work/ozone/ozone/hadoop-ozone/integration-test/target/test-classes/webapps/ozoneManager/,AVAILABLE}{file:/home/runner/work/ozone/ozone/hadoop-ozone/integration-test/target/test-classes/webapps/ozoneManager}
2023-05-08 09:33:19,184 [Listener at 127.0.0.1/45613] INFO  server.AbstractConnector (AbstractConnector.java:doStart(333)) - Started ServerConnector@56c8bb0a{HTTP/1.1, (http/1.1)}{0.0.0.0:36497}
2023-05-08 09:33:19,184 [Listener at 127.0.0.1/45613] INFO  server.Server (Server.java:doStart(415)) - Started @7291ms
2023-05-08 09:33:19,184 [Listener at 127.0.0.1/45613] WARN  impl.MetricsSystemImpl (MetricsSystemImpl.java:register(279)) - Sink prometheus already exists!
2023-05-08 09:33:19,185 [Listener at 127.0.0.1/45613] INFO  http.BaseHttpServer (BaseHttpServer.java:updateConnectorAddress(344)) - HTTP server of ozoneManager listening at http://0.0.0.0:36497
2023-05-08 09:33:19,185 [IPC Server Responder] INFO  ipc.Server (Server.java:run(1558)) - IPC Server Responder: starting
2023-05-08 09:33:19,185 [IPC Server listener on 0] INFO  ipc.Server (Server.java:run(1398)) - IPC Server listener on 0: starting
2023-05-08 09:33:19,189 [Listener at 127.0.0.1/45613] INFO  om.OzoneManager (OzoneManager.java:startTrashEmptier(2058)) - Trash Interval set to 0. Files deleted won't move to trash
2023-05-08 09:33:19,194 [org.apache.hadoop.util.JvmPauseMonitor$Monitor@7c6a2ed8] INFO  util.JvmPauseMonitor (JvmPauseMonitor.java:run(188)) - Starting JVM pause monitor
2023-05-08 09:33:19,322 [Listener at 127.0.0.1/45613] WARN  impl.MetricRegistriesImpl (MetricRegistriesImpl.java:addReporterRegistration(111)) - New reporters are added after registries were created. Some metrics will be missing from the reporter. Please add reporter before adding any new registry.
2023-05-08 09:33:19,323 [Listener at 127.0.0.1/45613] WARN  impl.MetricRegistriesImpl (MetricRegistriesImpl.java:addReporterRegistration(111)) - New reporters are added after registries were created. Some metrics will be missing from the reporter. Please add reporter before adding any new registry.
2023-05-08 09:33:19,323 [Listener at 127.0.0.1/45613] INFO  impl.MetricsSystemImpl (MetricsSystemImpl.java:init(158)) - HddsDatanode metrics system started (again)
2023-05-08 09:33:19,341 [Listener at 127.0.0.1/45613] INFO  ozone.HddsDatanodeService (HddsDatanodeService.java:start(252)) - HddsDatanodeService host:fv-az96-539 ip:10.1.0.160
2023-05-08 09:33:19,377 [Listener at 127.0.0.1/45613] INFO  upgrade.AbstractLayoutVersionManager (AbstractLayoutVersionManager.java:init(83)) - Initializing Layout version manager with metadata layout = WEBUI_PORTS_IN_DATANODEDETAILS (version = 6), software layout = WEBUI_PORTS_IN_DATANODEDETAILS (version = 6)
2023-05-08 09:33:19,428 [Listener at 127.0.0.1/45613] INFO  reflections.Reflections (Reflections.java:scan(232)) - Reflections took 49 ms to scan 7 urls, producing 156 keys and 369 values 
2023-05-08 09:33:19,432 [Listener at 127.0.0.1/45613] INFO  statemachine.DatanodeStateMachine (DatanodeStateMachine.java:getEndPointTaskThreadPoolSize(267)) - Datanode State Machine Task Thread Pool size 2
2023-05-08 09:33:19,490 [Listener at 127.0.0.1/45613] INFO  volume.HddsVolume (HddsVolume.java:<init>(130)) - Creating HddsVolume: /home/runner/work/ozone/ozone/hadoop-ozone/integration-test/target/test-dir/MiniOzoneClusterImpl-9831f382-72e6-431b-adf3-2f9efd8fb9d7/datanode-0/data-0/containers/hdds of storage type : DISK capacity : 9223372036854775807
2023-05-08 09:33:19,493 [Listener at 127.0.0.1/45613] INFO  volume.MutableVolumeSet (MutableVolumeSet.java:initializeVolumeSet(175)) - Added Volume : /home/runner/work/ozone/ozone/hadoop-ozone/integration-test/target/test-dir/MiniOzoneClusterImpl-9831f382-72e6-431b-adf3-2f9efd8fb9d7/datanode-0/data-0/containers/hdds to VolumeSet
2023-05-08 09:33:19,494 [Listener at 127.0.0.1/45613] INFO  volume.ThrottledAsyncChecker (ThrottledAsyncChecker.java:schedule(141)) - Scheduling a check for /home/runner/work/ozone/ozone/hadoop-ozone/integration-test/target/test-dir/MiniOzoneClusterImpl-9831f382-72e6-431b-adf3-2f9efd8fb9d7/datanode-0/data-0/containers/hdds
2023-05-08 09:33:19,512 [Listener at 127.0.0.1/45613] INFO  volume.StorageVolumeChecker (StorageVolumeChecker.java:checkAllVolumes(202)) - Scheduled health check for volume /home/runner/work/ozone/ozone/hadoop-ozone/integration-test/target/test-dir/MiniOzoneClusterImpl-9831f382-72e6-431b-adf3-2f9efd8fb9d7/datanode-0/data-0/containers/hdds
2023-05-08 09:33:19,529 [Listener at 127.0.0.1/45613] INFO  volume.MutableVolumeSet (MutableVolumeSet.java:initializeVolumeSet(175)) - Added Volume : /home/runner/work/ozone/ozone/hadoop-ozone/integration-test/target/test-dir/MiniOzoneClusterImpl-9831f382-72e6-431b-adf3-2f9efd8fb9d7/datanode-0/data/ratis to VolumeSet
2023-05-08 09:33:19,529 [Listener at 127.0.0.1/45613] INFO  volume.ThrottledAsyncChecker (ThrottledAsyncChecker.java:schedule(141)) - Scheduling a check for /home/runner/work/ozone/ozone/hadoop-ozone/integration-test/target/test-dir/MiniOzoneClusterImpl-9831f382-72e6-431b-adf3-2f9efd8fb9d7/datanode-0/data/ratis
2023-05-08 09:33:19,529 [Listener at 127.0.0.1/45613] INFO  volume.StorageVolumeChecker (StorageVolumeChecker.java:checkAllVolumes(202)) - Scheduled health check for volume /home/runner/work/ozone/ozone/hadoop-ozone/integration-test/target/test-dir/MiniOzoneClusterImpl-9831f382-72e6-431b-adf3-2f9efd8fb9d7/datanode-0/data/ratis
2023-05-08 09:33:19,555 [Thread-139] INFO  ozoneimpl.ContainerReader (ContainerReader.java:readVolume(175)) - Finish verifying containers on volume /home/runner/work/ozone/ozone/hadoop-ozone/integration-test/target/test-dir/MiniOzoneClusterImpl-9831f382-72e6-431b-adf3-2f9efd8fb9d7/datanode-0/data-0/containers/hdds
2023-05-08 09:33:19,555 [Listener at 127.0.0.1/45613] INFO  ozoneimpl.OzoneContainer (OzoneContainer.java:buildContainerSet(303)) - Build ContainerSet costs 0s
2023-05-08 09:33:19,603 [Listener at 127.0.0.1/45613] INFO  audit.AuditLogger (AuditLogger.java:refreshDebugCmdSet(126)) - Refresh DebugCmdSet for DNAudit to [].
2023-05-08 09:33:19,632 [Listener at 127.0.0.1/45613] INFO  server.RaftServer (ConfUtils.java:logGet(46)) - raft.rpc.type = GRPC (default)
2023-05-08 09:33:19,633 [Listener at 127.0.0.1/45613] INFO  grpc.GrpcConfigKeys (ConfUtils.java:logFallback(53)) - raft.grpc.admin.host = null (fallback to raft.grpc.server.host)
2023-05-08 09:33:19,633 [Listener at 127.0.0.1/45613] INFO  grpc.GrpcConfigKeys (ConfUtils.java:logGet(46)) - raft.grpc.admin.port = 0 (custom)
2023-05-08 09:33:19,633 [Listener at 127.0.0.1/45613] INFO  grpc.GrpcConfigKeys (ConfUtils.java:logFallback(53)) - raft.grpc.client.host = null (fallback to raft.grpc.server.host)
2023-05-08 09:33:19,633 [Listener at 127.0.0.1/45613] INFO  grpc.GrpcConfigKeys (ConfUtils.java:logGet(46)) - raft.grpc.client.port = 0 (custom)
2023-05-08 09:33:19,634 [Listener at 127.0.0.1/45613] INFO  grpc.GrpcConfigKeys (ConfUtils.java:logGet(46)) - raft.grpc.server.host = null (default)
2023-05-08 09:33:19,634 [Listener at 127.0.0.1/45613] INFO  grpc.GrpcConfigKeys (ConfUtils.java:logGet(46)) - raft.grpc.server.port = 0 (default)
2023-05-08 09:33:19,634 [Listener at 127.0.0.1/45613] INFO  server.GrpcService (ConfUtils.java:logGet(46)) - raft.grpc.message.size.max = 32MB (=33554432) (custom)
2023-05-08 09:33:19,634 [Listener at 127.0.0.1/45613] INFO  server.RaftServerConfigKeys (ConfUtils.java:logGet(46)) - raft.server.log.appender.buffer.byte-limit = 33554432 (custom)
2023-05-08 09:33:19,634 [Listener at 127.0.0.1/45613] INFO  server.GrpcService (ConfUtils.java:logGet(46)) - raft.grpc.flow.control.window = 5MB (=5242880) (custom)
2023-05-08 09:33:19,634 [Listener at 127.0.0.1/45613] INFO  server.RaftServerConfigKeys (ConfUtils.java:logGet(46)) - raft.server.rpc.request.timeout = 60s (custom)
2023-05-08 09:33:19,634 [Listener at 127.0.0.1/45613] INFO  grpc.GrpcConfigKeys (ConfUtils.java:logGet(46)) - raft.grpc.server.heartbeat.channel = true (default)
2023-05-08 09:33:19,634 [Listener at 127.0.0.1/45613] INFO  grpc.GrpcConfigKeys (ConfUtils.java:logGet(46)) - raft.grpc.server.async.request.thread.pool.cached = true (default)
2023-05-08 09:33:19,635 [Listener at 127.0.0.1/45613] INFO  grpc.GrpcConfigKeys (ConfUtils.java:logGet(46)) - raft.grpc.server.async.request.thread.pool.size = 32 (default)
2023-05-08 09:33:19,636 [Listener at 127.0.0.1/45613] INFO  impl.DataStreamServerImpl (ConfUtils.java:logGet(46)) - raft.datastream.type = NETTY (custom)
2023-05-08 09:33:19,645 [Listener at 127.0.0.1/45613] INFO  server.RaftServerConfigKeys (ConfUtils.java:logGet(46)) - raft.server.data-stream.async.request.thread.pool.cached = false (default)
2023-05-08 09:33:19,645 [Listener at 127.0.0.1/45613] INFO  server.RaftServerConfigKeys (ConfUtils.java:logGet(46)) - raft.server.data-stream.async.request.thread.pool.size = 20 (custom)
2023-05-08 09:33:19,645 [Listener at 127.0.0.1/45613] INFO  server.RaftServerConfigKeys (ConfUtils.java:logGet(46)) - raft.server.data-stream.async.write.thread.pool.size = 16 (default)
2023-05-08 09:33:19,646 [Listener at 127.0.0.1/45613] INFO  server.RaftServerConfigKeys (ConfUtils.java:logGet(46)) - raft.server.data-stream.client.pool.size = 10 (default)
2023-05-08 09:33:19,649 [Listener at 127.0.0.1/45613] INFO  netty.NettyConfigKeys$DataStream (ConfUtils.java:logGet(46)) - raft.netty.dataStream.server.use-epoll = false (default)
2023-05-08 09:33:19,650 [Listener at 127.0.0.1/45613] INFO  netty.NettyConfigKeys$DataStream (ConfUtils.java:logGet(46)) - raft.netty.dataStream.server.boss-group.size = 0 (default)
2023-05-08 09:33:19,656 [Listener at 127.0.0.1/45613] INFO  netty.NettyConfigKeys$DataStream (ConfUtils.java:logGet(46)) - raft.netty.dataStream.server.worker-group.size = 0 (default)
2023-05-08 09:33:19,657 [Listener at 127.0.0.1/45613] INFO  netty.NettyConfigKeys$DataStream (ConfUtils.java:logGet(46)) - raft.netty.dataStream.server.tls.conf = null (default)
2023-05-08 09:33:19,658 [Listener at 127.0.0.1/45613] INFO  netty.NettyConfigKeys$DataStream (ConfUtils.java:logGet(46)) - raft.netty.dataStream.host = null (default)
2023-05-08 09:33:19,658 [Listener at 127.0.0.1/45613] INFO  netty.NettyConfigKeys$DataStream (ConfUtils.java:logGet(46)) - raft.netty.dataStream.port = 0 (default)
2023-05-08 09:33:19,667 [Listener at 127.0.0.1/45613] INFO  server.RaftServerConfigKeys (ConfUtils.java:logGet(46)) - raft.server.threadpool.proxy.cached = true (default)
2023-05-08 09:33:19,667 [Listener at 127.0.0.1/45613] INFO  server.RaftServerConfigKeys (ConfUtils.java:logGet(46)) - raft.server.threadpool.proxy.size = 0 (default)
2023-05-08 09:33:19,667 [Listener at 127.0.0.1/45613] INFO  server.RaftServerConfigKeys (ConfUtils.java:logGet(46)) - raft.server.rpc.slowness.timeout = 300s (custom)
2023-05-08 09:33:19,667 [Listener at 127.0.0.1/45613] INFO  server.RaftServerConfigKeys (ConfUtils.java:logGet(46)) - raft.server.leaderelection.leader.step-down.wait-time = 10s (default)
2023-05-08 09:33:19,667 [Listener at 127.0.0.1/45613] INFO  server.RaftServerConfigKeys (ConfUtils.java:logGet(46)) - raft.server.storage.dir = [/home/runner/work/ozone/ozone/hadoop-ozone/integration-test/target/test-dir/MiniOzoneClusterImpl-9831f382-72e6-431b-adf3-2f9efd8fb9d7/datanode-0/data/ratis] (custom)
2023-05-08 09:33:19,691 [6682b1a5-9385-4106-b4a0-cef9873e4e75-NettyServerStreamRpc-bossGroup--thread1] INFO  logging.LoggingHandler (AbstractInternalLogger.java:log(148)) - [id: 0x4c12dabb] REGISTERED
2023-05-08 09:33:19,693 [6682b1a5-9385-4106-b4a0-cef9873e4e75-NettyServerStreamRpc-bossGroup--thread1] INFO  logging.LoggingHandler (AbstractInternalLogger.java:log(148)) - [id: 0x4c12dabb] BIND: 0.0.0.0/0.0.0.0:0
2023-05-08 09:33:19,693 [6682b1a5-9385-4106-b4a0-cef9873e4e75-NettyServerStreamRpc-bossGroup--thread1] INFO  logging.LoggingHandler (AbstractInternalLogger.java:log(148)) - [id: 0x4c12dabb, L:/0:0:0:0:0:0:0:0:41803] ACTIVE
2023-05-08 09:33:19,699 [Listener at 127.0.0.1/45613] INFO  server.XceiverServerGrpc (XceiverServerGrpc.java:<init>(132)) - GrpcServer channel type EpollServerSocketChannel
2023-05-08 09:33:19,734 [Listener at 127.0.0.1/45613] INFO  replication.ReplicationSupervisor (ReplicationSupervisor.java:nodeStateUpdated(295)) - Node state updated to IN_SERVICE, scaling executor pool size to 10
2023-05-08 09:33:19,776 [Listener at 127.0.0.1/45613] INFO  http.BaseHttpServer (BaseHttpServer.java:newHttpServer2BuilderForOzone(224)) - Starting Web-server for hddsDatanode at: http://0.0.0.0:0
2023-05-08 09:33:19,777 [Listener at 127.0.0.1/45613] INFO  http.BaseHttpServer (BaseHttpServer.java:<init>(111)) - Hadoop Security Enabled: false Ozone Security Enabled: false Ozone HTTP Security Enabled: false 
2023-05-08 09:33:19,778 [Listener at 127.0.0.1/45613] WARN  server.AuthenticationFilter (AuthenticationFilter.java:constructSecretProvider(240)) - Unable to initialize FileSignerSecretProvider, falling back to use random secrets. Reason: Could not read signature secret file: /home/runner/hadoop-http-auth-signature-secret
2023-05-08 09:33:19,780 [Listener at 127.0.0.1/45613] INFO  http.HttpRequestLog (HttpRequestLog.java:getRequestLog(86)) - Http request log for http.requests.hddsDatanode is not defined
2023-05-08 09:33:19,782 [Listener at 127.0.0.1/45613] INFO  http.HttpServer2 (HttpServer2.java:addGlobalFilter(1031)) - Added global filter 'safety' (class=org.apache.hadoop.hdds.server.http.HttpServer2$QuotingInputFilter)
2023-05-08 09:33:19,783 [Listener at 127.0.0.1/45613] INFO  http.HttpServer2 (HttpServer2.java:addFilter(1007)) - Added filter static_user_filter (class=org.apache.hadoop.http.lib.StaticUserWebFilter$StaticUserFilter) to context hddsDatanode
2023-05-08 09:33:19,783 [Listener at 127.0.0.1/45613] INFO  http.HttpServer2 (HttpServer2.java:addFilter(1015)) - Added filter static_user_filter (class=org.apache.hadoop.http.lib.StaticUserWebFilter$StaticUserFilter) to context logs
2023-05-08 09:33:19,783 [Listener at 127.0.0.1/45613] INFO  http.HttpServer2 (HttpServer2.java:addFilter(1015)) - Added filter static_user_filter (class=org.apache.hadoop.http.lib.StaticUserWebFilter$StaticUserFilter) to context static
2023-05-08 09:33:19,784 [Listener at 127.0.0.1/45613] INFO  http.BaseHttpServer (BaseHttpServer.java:<init>(190)) - HTTP server of hddsDatanode uses base directory /home/runner/work/ozone/ozone/hadoop-ozone/integration-test/target/test-dir/MiniOzoneClusterImpl-9831f382-72e6-431b-adf3-2f9efd8fb9d7/datanode-0/meta/webserver
2023-05-08 09:33:19,784 [Listener at 127.0.0.1/45613] INFO  http.HttpServer2 (HttpServer2.java:bindListener(1250)) - Jetty bound to port 41171
2023-05-08 09:33:19,784 [Listener at 127.0.0.1/45613] INFO  server.Server (Server.java:doStart(375)) - jetty-9.4.51.v20230217; built: 2023-02-17T08:19:37.309Z; git: b45c405e4544384de066f814ed42ae3dceacdd49; jvm 1.8.0_362-b09
2023-05-08 09:33:19,790 [Listener at 127.0.0.1/45613] INFO  server.session (DefaultSessionIdManager.java:doStart(334)) - DefaultSessionIdManager workerName=node0
2023-05-08 09:33:19,790 [Listener at 127.0.0.1/45613] INFO  server.session (DefaultSessionIdManager.java:doStart(339)) - No SessionScavenger set, using defaults
2023-05-08 09:33:19,790 [Listener at 127.0.0.1/45613] INFO  server.session (HouseKeeper.java:startScavenging(132)) - node0 Scavenging every 660000ms
2023-05-08 09:33:19,791 [Listener at 127.0.0.1/45613] INFO  handler.ContextHandler (ContextHandler.java:doStart(921)) - Started o.e.j.s.ServletContextHandler@6ebdb61a{logs,/logs,file:///home/runner/work/ozone/ozone/hadoop-ozone/integration-test/target/log,AVAILABLE}
2023-05-08 09:33:19,791 [Listener at 127.0.0.1/45613] INFO  handler.ContextHandler (ContextHandler.java:doStart(921)) - Started o.e.j.s.ServletContextHandler@38585c6f{static,/static,jar:file:/home/runner/.m2/repository/org/apache/ozone/hdds-container-service/1.4.0-SNAPSHOT/hdds-container-service-1.4.0-SNAPSHOT.jar!/webapps/static,AVAILABLE}
2023-05-08 09:33:20,021 [Listener at 127.0.0.1/45613] INFO  handler.ContextHandler (ContextHandler.java:doStart(921)) - Started o.e.j.w.WebAppContext@30e8ec65{hddsDatanode,/,file:///home/runner/work/ozone/ozone/hadoop-ozone/integration-test/target/test-dir/MiniOzoneClusterImpl-9831f382-72e6-431b-adf3-2f9efd8fb9d7/datanode-0/meta/webserver/jetty-0_0_0_0-41171-hdds-container-service-1_4_0-SNAPSHOT_jar-_-any-6107599276260013311/webapp/,AVAILABLE}{jar:file:/home/runner/.m2/repository/org/apache/ozone/hdds-container-service/1.4.0-SNAPSHOT/hdds-container-service-1.4.0-SNAPSHOT.jar!/webapps/hddsDatanode}
2023-05-08 09:33:20,022 [Listener at 127.0.0.1/45613] INFO  server.AbstractConnector (AbstractConnector.java:doStart(333)) - Started ServerConnector@15796ef3{HTTP/1.1, (http/1.1)}{0.0.0.0:41171}
2023-05-08 09:33:20,023 [Listener at 127.0.0.1/45613] INFO  server.Server (Server.java:doStart(415)) - Started @8129ms
2023-05-08 09:33:20,023 [Listener at 127.0.0.1/45613] WARN  impl.MetricsSystemImpl (MetricsSystemImpl.java:register(279)) - Sink prometheus already exists!
2023-05-08 09:33:20,023 [Listener at 127.0.0.1/45613] INFO  http.BaseHttpServer (BaseHttpServer.java:updateConnectorAddress(344)) - HTTP server of hddsDatanode listening at http://0.0.0.0:41171
2023-05-08 09:33:20,030 [Listener at 127.0.0.1/45613] WARN  impl.MetricRegistriesImpl (MetricRegistriesImpl.java:addReporterRegistration(111)) - New reporters are added after registries were created. Some metrics will be missing from the reporter. Please add reporter before adding any new registry.
2023-05-08 09:33:20,031 [Listener at 127.0.0.1/45613] WARN  impl.MetricRegistriesImpl (MetricRegistriesImpl.java:addReporterRegistration(111)) - New reporters are added after registries were created. Some metrics will be missing from the reporter. Please add reporter before adding any new registry.
2023-05-08 09:33:20,032 [Listener at 127.0.0.1/45613] INFO  impl.MetricsSystemImpl (MetricsSystemImpl.java:init(158)) - HddsDatanode metrics system started (again)
2023-05-08 09:33:20,031 [Datanode State Machine Daemon Thread] INFO  statemachine.DatanodeStateMachine (DatanodeStateMachine.java:lambda$startDaemon$0(524)) - Ozone container server started.
2023-05-08 09:33:20,044 [org.apache.hadoop.util.JvmPauseMonitor$Monitor@65e141fd] INFO  util.JvmPauseMonitor (JvmPauseMonitor.java:run(188)) - Starting JVM pause monitor
2023-05-08 09:33:20,075 [Listener at 127.0.0.1/45613] INFO  ozone.HddsDatanodeService (HddsDatanodeService.java:start(252)) - HddsDatanodeService host:fv-az96-539 ip:10.1.0.160
2023-05-08 09:33:20,107 [Listener at 127.0.0.1/45613] INFO  upgrade.AbstractLayoutVersionManager (AbstractLayoutVersionManager.java:init(83)) - Initializing Layout version manager with metadata layout = WEBUI_PORTS_IN_DATANODEDETAILS (version = 6), software layout = WEBUI_PORTS_IN_DATANODEDETAILS (version = 6)
2023-05-08 09:33:20,263 [om1@group-C5BA1605619E-FollowerState] INFO  impl.FollowerState (FollowerState.java:run(143)) - om1@group-C5BA1605619E-FollowerState: change to CANDIDATE, lastRpcElapsedTime:1201053215ns, electionTimeout:1189ms
2023-05-08 09:33:20,264 [om1@group-C5BA1605619E-FollowerState] INFO  impl.RoleInfo (RoleInfo.java:shutdownFollowerState(110)) - om1: shutdown om1@group-C5BA1605619E-FollowerState
2023-05-08 09:33:20,264 [om1@group-C5BA1605619E-FollowerState] INFO  server.RaftServer$Division (RaftServerImpl.java:setRole(321)) - om1@group-C5BA1605619E: changes role from  FOLLOWER to CANDIDATE at term 0 for changeToCandidate
2023-05-08 09:33:20,267 [om1@group-C5BA1605619E-FollowerState] INFO  server.RaftServerConfigKeys (ConfUtils.java:logGet(46)) - raft.server.leaderelection.pre-vote = true (default)
2023-05-08 09:33:20,267 [om1@group-C5BA1605619E-FollowerState] INFO  impl.RoleInfo (RoleInfo.java:updateAndGet(139)) - om1: start om1@group-C5BA1605619E-LeaderElection1
2023-05-08 09:33:20,273 [Listener at 127.0.0.1/45613] INFO  reflections.Reflections (Reflections.java:scan(232)) - Reflections took 165 ms to scan 7 urls, producing 156 keys and 369 values 
2023-05-08 09:33:20,275 [om1@group-C5BA1605619E-LeaderElection1] INFO  impl.LeaderElection (LeaderElection.java:askForVotes(312)) - om1@group-C5BA1605619E-LeaderElection1 PRE_VOTE round 0: submit vote requests at term 0 for -1: peers:[om1|rpc:localhost:9872|priority:0|startupRole:FOLLOWER]|listeners:[], old=null
2023-05-08 09:33:20,275 [om1@group-C5BA1605619E-LeaderElection1] INFO  impl.LeaderElection (LeaderElection.java:askForVotes(314)) - om1@group-C5BA1605619E-LeaderElection1 PRE_VOTE round 0: result PASSED (term=0)
2023-05-08 09:33:20,286 [om1@group-C5BA1605619E-LeaderElection1] INFO  impl.LeaderElection (LeaderElection.java:askForVotes(312)) - om1@group-C5BA1605619E-LeaderElection1 ELECTION round 0: submit vote requests at term 1 for -1: peers:[om1|rpc:localhost:9872|priority:0|startupRole:FOLLOWER]|listeners:[], old=null
2023-05-08 09:33:20,286 [om1@group-C5BA1605619E-LeaderElection1] INFO  impl.LeaderElection (LeaderElection.java:askForVotes(314)) - om1@group-C5BA1605619E-LeaderElection1 ELECTION round 0: result PASSED (term=1)
2023-05-08 09:33:20,286 [om1@group-C5BA1605619E-LeaderElection1] INFO  impl.RoleInfo (RoleInfo.java:shutdownLeaderElection(130)) - om1: shutdown om1@group-C5BA1605619E-LeaderElection1
2023-05-08 09:33:20,287 [Listener at 127.0.0.1/45613] INFO  statemachine.DatanodeStateMachine (DatanodeStateMachine.java:getEndPointTaskThreadPoolSize(267)) - Datanode State Machine Task Thread Pool size 2
2023-05-08 09:33:20,288 [om1@group-C5BA1605619E-LeaderElection1] INFO  server.RaftServer$Division (RaftServerImpl.java:setRole(321)) - om1@group-C5BA1605619E: changes role from CANDIDATE to LEADER at term 1 for changeToLeader
2023-05-08 09:33:20,291 [om1@group-C5BA1605619E-LeaderElection1] INFO  server.RaftServer$Division (ServerState.java:setLeader(313)) - om1@group-C5BA1605619E: change Leader from null to om1 at term 1 for becomeLeader, leader elected after 2334ms
2023-05-08 09:33:20,300 [Listener at 127.0.0.1/45613] INFO  volume.HddsVolume (HddsVolume.java:<init>(130)) - Creating HddsVolume: /home/runner/work/ozone/ozone/hadoop-ozone/integration-test/target/test-dir/MiniOzoneClusterImpl-9831f382-72e6-431b-adf3-2f9efd8fb9d7/datanode-1/data-0/containers/hdds of storage type : DISK capacity : 9223372036854775807
2023-05-08 09:33:20,300 [Listener at 127.0.0.1/45613] INFO  volume.MutableVolumeSet (MutableVolumeSet.java:initializeVolumeSet(175)) - Added Volume : /home/runner/work/ozone/ozone/hadoop-ozone/integration-test/target/test-dir/MiniOzoneClusterImpl-9831f382-72e6-431b-adf3-2f9efd8fb9d7/datanode-1/data-0/containers/hdds to VolumeSet
2023-05-08 09:33:20,301 [Listener at 127.0.0.1/45613] INFO  volume.ThrottledAsyncChecker (ThrottledAsyncChecker.java:schedule(141)) - Scheduling a check for /home/runner/work/ozone/ozone/hadoop-ozone/integration-test/target/test-dir/MiniOzoneClusterImpl-9831f382-72e6-431b-adf3-2f9efd8fb9d7/datanode-1/data-0/containers/hdds
2023-05-08 09:33:20,308 [om1@group-C5BA1605619E-LeaderElection1] INFO  server.RaftServerConfigKeys (ConfUtils.java:logGet(46)) - raft.server.staging.catchup.gap = 1000 (default)
2023-05-08 09:33:20,309 [Listener at 127.0.0.1/45613] INFO  volume.StorageVolumeChecker (StorageVolumeChecker.java:checkAllVolumes(202)) - Scheduled health check for volume /home/runner/work/ozone/ozone/hadoop-ozone/integration-test/target/test-dir/MiniOzoneClusterImpl-9831f382-72e6-431b-adf3-2f9efd8fb9d7/datanode-1/data-0/containers/hdds
2023-05-08 09:33:20,322 [om1@group-C5BA1605619E-LeaderElection1] INFO  server.RaftServerConfigKeys (ConfUtils.java:logGet(46)) - raft.server.write.element-limit = 4096 (default)
2023-05-08 09:33:20,323 [om1@group-C5BA1605619E-LeaderElection1] INFO  server.RaftServerConfigKeys (ConfUtils.java:logGet(46)) - raft.server.write.byte-limit = 64MB (=67108864) (default)
2023-05-08 09:33:20,339 [Listener at 127.0.0.1/45613] INFO  volume.MutableVolumeSet (MutableVolumeSet.java:initializeVolumeSet(175)) - Added Volume : /home/runner/work/ozone/ozone/hadoop-ozone/integration-test/target/test-dir/MiniOzoneClusterImpl-9831f382-72e6-431b-adf3-2f9efd8fb9d7/datanode-1/data/ratis to VolumeSet
2023-05-08 09:33:20,339 [Listener at 127.0.0.1/45613] INFO  volume.ThrottledAsyncChecker (ThrottledAsyncChecker.java:schedule(141)) - Scheduling a check for /home/runner/work/ozone/ozone/hadoop-ozone/integration-test/target/test-dir/MiniOzoneClusterImpl-9831f382-72e6-431b-adf3-2f9efd8fb9d7/datanode-1/data/ratis
2023-05-08 09:33:20,339 [Listener at 127.0.0.1/45613] INFO  volume.StorageVolumeChecker (StorageVolumeChecker.java:checkAllVolumes(202)) - Scheduled health check for volume /home/runner/work/ozone/ozone/hadoop-ozone/integration-test/target/test-dir/MiniOzoneClusterImpl-9831f382-72e6-431b-adf3-2f9efd8fb9d7/datanode-1/data/ratis
2023-05-08 09:33:20,343 [om1@group-C5BA1605619E-LeaderElection1] INFO  server.RaftServerConfigKeys (ConfUtils.java:logGet(46)) - raft.server.watch.timeout = 10s (default)
2023-05-08 09:33:20,343 [om1@group-C5BA1605619E-LeaderElection1] INFO  server.RaftServerConfigKeys (ConfUtils.java:logGet(46)) - raft.server.watch.timeout.denomination = 1s (default)
2023-05-08 09:33:20,346 [om1@group-C5BA1605619E-LeaderElection1] INFO  server.RaftServerConfigKeys (ConfUtils.java:logGet(46)) - raft.server.watch.element-limit = 65536 (default)
2023-05-08 09:33:20,356 [om1@group-C5BA1605619E-LeaderElection1] INFO  server.RaftServerConfigKeys (ConfUtils.java:logGet(46)) - raft.server.write.element-limit = 4096 (default)
2023-05-08 09:33:20,360 [Datanode State Machine Task Thread - 0] INFO  datanode.InitDatanodeState (InitDatanodeState.java:persistContainerDatanodeDetails(138)) - DatanodeDetails is persisted to /home/runner/work/ozone/ozone/hadoop-ozone/integration-test/target/test-dir/MiniOzoneClusterImpl-9831f382-72e6-431b-adf3-2f9efd8fb9d7/datanode-0/meta/datanode.id
2023-05-08 09:33:20,360 [om1@group-C5BA1605619E-LeaderElection1] INFO  server.RaftServerConfigKeys (ConfUtils.java:logGet(46)) - raft.server.write.follower.gap.ratio.max = -1.0 (default)
2023-05-08 09:33:20,365 [om1@group-C5BA1605619E-LeaderElection1] INFO  impl.RoleInfo (RoleInfo.java:updateAndGet(139)) - om1: start om1@group-C5BA1605619E-LeaderStateImpl
2023-05-08 09:33:20,375 [Thread-155] INFO  ozoneimpl.ContainerReader (ContainerReader.java:readVolume(175)) - Finish verifying containers on volume /home/runner/work/ozone/ozone/hadoop-ozone/integration-test/target/test-dir/MiniOzoneClusterImpl-9831f382-72e6-431b-adf3-2f9efd8fb9d7/datanode-1/data-0/containers/hdds
2023-05-08 09:33:20,376 [Listener at 127.0.0.1/45613] INFO  ozoneimpl.OzoneContainer (OzoneContainer.java:buildContainerSet(303)) - Build ContainerSet costs 0s
2023-05-08 09:33:20,380 [Listener at 127.0.0.1/45613] INFO  server.RaftServer (ConfUtils.java:logGet(46)) - raft.rpc.type = GRPC (default)
2023-05-08 09:33:20,380 [Listener at 127.0.0.1/45613] INFO  grpc.GrpcConfigKeys (ConfUtils.java:logFallback(53)) - raft.grpc.admin.host = null (fallback to raft.grpc.server.host)
2023-05-08 09:33:20,380 [Listener at 127.0.0.1/45613] INFO  grpc.GrpcConfigKeys (ConfUtils.java:logGet(46)) - raft.grpc.admin.port = 0 (custom)
2023-05-08 09:33:20,380 [Listener at 127.0.0.1/45613] INFO  grpc.GrpcConfigKeys (ConfUtils.java:logFallback(53)) - raft.grpc.client.host = null (fallback to raft.grpc.server.host)
2023-05-08 09:33:20,380 [Listener at 127.0.0.1/45613] INFO  grpc.GrpcConfigKeys (ConfUtils.java:logGet(46)) - raft.grpc.client.port = 0 (custom)
2023-05-08 09:33:20,380 [Listener at 127.0.0.1/45613] INFO  grpc.GrpcConfigKeys (ConfUtils.java:logGet(46)) - raft.grpc.server.host = null (default)
2023-05-08 09:33:20,381 [Listener at 127.0.0.1/45613] INFO  grpc.GrpcConfigKeys (ConfUtils.java:logGet(46)) - raft.grpc.server.port = 0 (default)
2023-05-08 09:33:20,381 [Listener at 127.0.0.1/45613] INFO  server.GrpcService (ConfUtils.java:logGet(46)) - raft.grpc.message.size.max = 32MB (=33554432) (custom)
2023-05-08 09:33:20,381 [Listener at 127.0.0.1/45613] INFO  server.RaftServerConfigKeys (ConfUtils.java:logGet(46)) - raft.server.log.appender.buffer.byte-limit = 33554432 (custom)
2023-05-08 09:33:20,381 [Listener at 127.0.0.1/45613] INFO  server.GrpcService (ConfUtils.java:logGet(46)) - raft.grpc.flow.control.window = 5MB (=5242880) (custom)
2023-05-08 09:33:20,381 [Listener at 127.0.0.1/45613] INFO  server.RaftServerConfigKeys (ConfUtils.java:logGet(46)) - raft.server.rpc.request.timeout = 60s (custom)
2023-05-08 09:33:20,381 [Listener at 127.0.0.1/45613] INFO  grpc.GrpcConfigKeys (ConfUtils.java:logGet(46)) - raft.grpc.server.heartbeat.channel = true (default)
2023-05-08 09:33:20,381 [Listener at 127.0.0.1/45613] INFO  grpc.GrpcConfigKeys (ConfUtils.java:logGet(46)) - raft.grpc.server.async.request.thread.pool.cached = true (default)
2023-05-08 09:33:20,381 [Listener at 127.0.0.1/45613] INFO  grpc.GrpcConfigKeys (ConfUtils.java:logGet(46)) - raft.grpc.server.async.request.thread.pool.size = 32 (default)
2023-05-08 09:33:20,382 [Listener at 127.0.0.1/45613] INFO  impl.DataStreamServerImpl (ConfUtils.java:logGet(46)) - raft.datastream.type = NETTY (custom)
2023-05-08 09:33:20,383 [Listener at 127.0.0.1/45613] INFO  server.RaftServerConfigKeys (ConfUtils.java:logGet(46)) - raft.server.data-stream.async.request.thread.pool.cached = false (default)
2023-05-08 09:33:20,383 [Listener at 127.0.0.1/45613] INFO  server.RaftServerConfigKeys (ConfUtils.java:logGet(46)) - raft.server.data-stream.async.request.thread.pool.size = 20 (custom)
2023-05-08 09:33:20,383 [Listener at 127.0.0.1/45613] INFO  server.RaftServerConfigKeys (ConfUtils.java:logGet(46)) - raft.server.data-stream.async.write.thread.pool.size = 16 (default)
2023-05-08 09:33:20,383 [Listener at 127.0.0.1/45613] INFO  server.RaftServerConfigKeys (ConfUtils.java:logGet(46)) - raft.server.data-stream.client.pool.size = 10 (default)
2023-05-08 09:33:20,383 [Listener at 127.0.0.1/45613] INFO  netty.NettyConfigKeys$DataStream (ConfUtils.java:logGet(46)) - raft.netty.dataStream.server.use-epoll = false (default)
2023-05-08 09:33:20,383 [Listener at 127.0.0.1/45613] INFO  netty.NettyConfigKeys$DataStream (ConfUtils.java:logGet(46)) - raft.netty.dataStream.server.boss-group.size = 0 (default)
2023-05-08 09:33:20,385 [Listener at 127.0.0.1/45613] INFO  netty.NettyConfigKeys$DataStream (ConfUtils.java:logGet(46)) - raft.netty.dataStream.server.worker-group.size = 0 (default)
2023-05-08 09:33:20,385 [Listener at 127.0.0.1/45613] INFO  netty.NettyConfigKeys$DataStream (ConfUtils.java:logGet(46)) - raft.netty.dataStream.server.tls.conf = null (default)
2023-05-08 09:33:20,385 [Listener at 127.0.0.1/45613] INFO  netty.NettyConfigKeys$DataStream (ConfUtils.java:logGet(46)) - raft.netty.dataStream.host = null (default)
2023-05-08 09:33:20,385 [Listener at 127.0.0.1/45613] INFO  netty.NettyConfigKeys$DataStream (ConfUtils.java:logGet(46)) - raft.netty.dataStream.port = 0 (default)
2023-05-08 09:33:20,392 [Listener at 127.0.0.1/45613] INFO  server.RaftServerConfigKeys (ConfUtils.java:logGet(46)) - raft.server.threadpool.proxy.cached = true (default)
2023-05-08 09:33:20,396 [Listener at 127.0.0.1/45613] INFO  server.RaftServerConfigKeys (ConfUtils.java:logGet(46)) - raft.server.threadpool.proxy.size = 0 (default)
2023-05-08 09:33:20,397 [Listener at 127.0.0.1/45613] INFO  server.RaftServerConfigKeys (ConfUtils.java:logGet(46)) - raft.server.rpc.slowness.timeout = 300s (custom)
2023-05-08 09:33:20,397 [Listener at 127.0.0.1/45613] INFO  server.RaftServerConfigKeys (ConfUtils.java:logGet(46)) - raft.server.leaderelection.leader.step-down.wait-time = 10s (default)
2023-05-08 09:33:20,397 [Listener at 127.0.0.1/45613] INFO  server.RaftServerConfigKeys (ConfUtils.java:logGet(46)) - raft.server.storage.dir = [/home/runner/work/ozone/ozone/hadoop-ozone/integration-test/target/test-dir/MiniOzoneClusterImpl-9831f382-72e6-431b-adf3-2f9efd8fb9d7/datanode-1/data/ratis] (custom)
2023-05-08 09:33:20,399 [d7c57734-1d74-411b-8fcc-d057f09568f6-NettyServerStreamRpc-bossGroup--thread1] INFO  logging.LoggingHandler (AbstractInternalLogger.java:log(148)) - [id: 0x53cd6f23] REGISTERED
2023-05-08 09:33:20,401 [d7c57734-1d74-411b-8fcc-d057f09568f6-NettyServerStreamRpc-bossGroup--thread1] INFO  logging.LoggingHandler (AbstractInternalLogger.java:log(148)) - [id: 0x53cd6f23] BIND: 0.0.0.0/0.0.0.0:0
2023-05-08 09:33:20,401 [d7c57734-1d74-411b-8fcc-d057f09568f6-NettyServerStreamRpc-bossGroup--thread1] INFO  logging.LoggingHandler (AbstractInternalLogger.java:log(148)) - [id: 0x53cd6f23, L:/0:0:0:0:0:0:0:0:34857] ACTIVE
2023-05-08 09:33:20,406 [Listener at 127.0.0.1/45613] INFO  server.XceiverServerGrpc (XceiverServerGrpc.java:<init>(132)) - GrpcServer channel type EpollServerSocketChannel
2023-05-08 09:33:20,408 [Listener at 127.0.0.1/45613] INFO  replication.ReplicationSupervisor (ReplicationSupervisor.java:nodeStateUpdated(295)) - Node state updated to IN_SERVICE, scaling executor pool size to 10
2023-05-08 09:33:20,406 [om1@group-C5BA1605619E-LeaderElection1] INFO  segmented.SegmentedRaftLogWorker (SegmentedRaftLogWorker.java:startLogSegment(452)) - om1@group-C5BA1605619E-SegmentedRaftLogWorker: Starting segment from index:0
2023-05-08 09:33:20,427 [Listener at 127.0.0.1/45613] INFO  http.BaseHttpServer (BaseHttpServer.java:newHttpServer2BuilderForOzone(224)) - Starting Web-server for hddsDatanode at: http://0.0.0.0:0
2023-05-08 09:33:20,427 [Listener at 127.0.0.1/45613] INFO  http.BaseHttpServer (BaseHttpServer.java:<init>(111)) - Hadoop Security Enabled: false Ozone Security Enabled: false Ozone HTTP Security Enabled: false 
2023-05-08 09:33:20,429 [Listener at 127.0.0.1/45613] WARN  server.AuthenticationFilter (AuthenticationFilter.java:constructSecretProvider(240)) - Unable to initialize FileSignerSecretProvider, falling back to use random secrets. Reason: Could not read signature secret file: /home/runner/hadoop-http-auth-signature-secret
2023-05-08 09:33:20,435 [Listener at 127.0.0.1/45613] INFO  http.HttpRequestLog (HttpRequestLog.java:getRequestLog(86)) - Http request log for http.requests.hddsDatanode is not defined
2023-05-08 09:33:20,436 [Listener at 127.0.0.1/45613] INFO  http.HttpServer2 (HttpServer2.java:addGlobalFilter(1031)) - Added global filter 'safety' (class=org.apache.hadoop.hdds.server.http.HttpServer2$QuotingInputFilter)
2023-05-08 09:33:20,437 [Listener at 127.0.0.1/45613] INFO  http.HttpServer2 (HttpServer2.java:addFilter(1007)) - Added filter static_user_filter (class=org.apache.hadoop.http.lib.StaticUserWebFilter$StaticUserFilter) to context hddsDatanode
2023-05-08 09:33:20,437 [Listener at 127.0.0.1/45613] INFO  http.HttpServer2 (HttpServer2.java:addFilter(1015)) - Added filter static_user_filter (class=org.apache.hadoop.http.lib.StaticUserWebFilter$StaticUserFilter) to context static
2023-05-08 09:33:20,437 [Listener at 127.0.0.1/45613] INFO  http.HttpServer2 (HttpServer2.java:addFilter(1015)) - Added filter static_user_filter (class=org.apache.hadoop.http.lib.StaticUserWebFilter$StaticUserFilter) to context logs
2023-05-08 09:33:20,438 [Listener at 127.0.0.1/45613] INFO  http.BaseHttpServer (BaseHttpServer.java:<init>(190)) - HTTP server of hddsDatanode uses base directory /home/runner/work/ozone/ozone/hadoop-ozone/integration-test/target/test-dir/MiniOzoneClusterImpl-9831f382-72e6-431b-adf3-2f9efd8fb9d7/datanode-1/meta/webserver
2023-05-08 09:33:20,438 [Listener at 127.0.0.1/45613] INFO  http.HttpServer2 (HttpServer2.java:bindListener(1250)) - Jetty bound to port 44157
2023-05-08 09:33:20,438 [Listener at 127.0.0.1/45613] INFO  server.Server (Server.java:doStart(375)) - jetty-9.4.51.v20230217; built: 2023-02-17T08:19:37.309Z; git: b45c405e4544384de066f814ed42ae3dceacdd49; jvm 1.8.0_362-b09
2023-05-08 09:33:20,472 [Listener at 127.0.0.1/45613] INFO  server.session (DefaultSessionIdManager.java:doStart(334)) - DefaultSessionIdManager workerName=node0
2023-05-08 09:33:20,473 [Listener at 127.0.0.1/45613] INFO  server.session (DefaultSessionIdManager.java:doStart(339)) - No SessionScavenger set, using defaults
2023-05-08 09:33:20,473 [Listener at 127.0.0.1/45613] INFO  server.session (HouseKeeper.java:startScavenging(132)) - node0 Scavenging every 600000ms
2023-05-08 09:33:20,474 [Listener at 127.0.0.1/45613] INFO  handler.ContextHandler (ContextHandler.java:doStart(921)) - Started o.e.j.s.ServletContextHandler@1dd238f8{logs,/logs,file:///home/runner/work/ozone/ozone/hadoop-ozone/integration-test/target/log,AVAILABLE}
2023-05-08 09:33:20,475 [Listener at 127.0.0.1/45613] INFO  handler.ContextHandler (ContextHandler.java:doStart(921)) - Started o.e.j.s.ServletContextHandler@2f74d7e0{static,/static,jar:file:/home/runner/.m2/repository/org/apache/ozone/hdds-container-service/1.4.0-SNAPSHOT/hdds-container-service-1.4.0-SNAPSHOT.jar!/webapps/static,AVAILABLE}
2023-05-08 09:33:20,483 [om1@group-C5BA1605619E-LeaderElection1] INFO  server.RaftServer$Division (ServerState.java:setRaftConf(430)) - om1@group-C5BA1605619E: set configuration 0: peers:[om1|rpc:localhost:9872|admin:|client:|dataStream:|priority:0|startupRole:FOLLOWER]|listeners:[], old=null
2023-05-08 09:33:20,539 [om1@group-C5BA1605619E-SegmentedRaftLogWorker] INFO  segmented.SegmentedRaftLogWorker (SegmentedRaftLogWorker.java:execute(656)) - om1@group-C5BA1605619E-SegmentedRaftLogWorker: created new log segment /home/runner/work/ozone/ozone/hadoop-ozone/integration-test/target/test-dir/MiniOzoneClusterImpl-9831f382-72e6-431b-adf3-2f9efd8fb9d7/ozone-meta/ratis/bf265839-605b-3f16-9796-c5ba1605619e/current/log_inprogress_0
2023-05-08 09:33:20,689 [om1@group-C5BA1605619E-StateMachineUpdater] INFO  ratis.OzoneManagerStateMachine (OzoneManagerStateMachine.java:notifyConfigurationChanged(201)) - Received Configuration change notification from Ratis. New Peer list:
[id: "om1"
address: "localhost:9872"
startupRole: FOLLOWER
]
2023-05-08 09:33:20,729 [Listener at 127.0.0.1/45613] INFO  handler.ContextHandler (ContextHandler.java:doStart(921)) - Started o.e.j.w.WebAppContext@5200598a{hddsDatanode,/,file:///home/runner/work/ozone/ozone/hadoop-ozone/integration-test/target/test-dir/MiniOzoneClusterImpl-9831f382-72e6-431b-adf3-2f9efd8fb9d7/datanode-1/meta/webserver/jetty-0_0_0_0-44157-hdds-container-service-1_4_0-SNAPSHOT_jar-_-any-6186447932247319924/webapp/,AVAILABLE}{jar:file:/home/runner/.m2/repository/org/apache/ozone/hdds-container-service/1.4.0-SNAPSHOT/hdds-container-service-1.4.0-SNAPSHOT.jar!/webapps/hddsDatanode}
2023-05-08 09:33:20,730 [Listener at 127.0.0.1/45613] INFO  server.AbstractConnector (AbstractConnector.java:doStart(333)) - Started ServerConnector@71e6b217{HTTP/1.1, (http/1.1)}{0.0.0.0:44157}
2023-05-08 09:33:20,730 [Listener at 127.0.0.1/45613] INFO  server.Server (Server.java:doStart(415)) - Started @8837ms
2023-05-08 09:33:20,731 [Listener at 127.0.0.1/45613] WARN  impl.MetricsSystemImpl (MetricsSystemImpl.java:register(279)) - Sink prometheus already exists!
2023-05-08 09:33:20,731 [Listener at 127.0.0.1/45613] INFO  http.BaseHttpServer (BaseHttpServer.java:updateConnectorAddress(344)) - HTTP server of hddsDatanode listening at http://0.0.0.0:44157
2023-05-08 09:33:20,732 [Datanode State Machine Daemon Thread] INFO  statemachine.DatanodeStateMachine (DatanodeStateMachine.java:lambda$startDaemon$0(524)) - Ozone container server started.
2023-05-08 09:33:20,740 [Listener at 127.0.0.1/45613] WARN  impl.MetricRegistriesImpl (MetricRegistriesImpl.java:addReporterRegistration(111)) - New reporters are added after registries were created. Some metrics will be missing from the reporter. Please add reporter before adding any new registry.
2023-05-08 09:33:20,741 [Listener at 127.0.0.1/45613] WARN  impl.MetricRegistriesImpl (MetricRegistriesImpl.java:addReporterRegistration(111)) - New reporters are added after registries were created. Some metrics will be missing from the reporter. Please add reporter before adding any new registry.
2023-05-08 09:33:20,741 [Listener at 127.0.0.1/45613] INFO  impl.MetricsSystemImpl (MetricsSystemImpl.java:init(158)) - HddsDatanode metrics system started (again)
2023-05-08 09:33:20,745 [org.apache.hadoop.util.JvmPauseMonitor$Monitor@5d3b6f9a] INFO  util.JvmPauseMonitor (JvmPauseMonitor.java:run(188)) - Starting JVM pause monitor
2023-05-08 09:33:20,761 [Datanode State Machine Task Thread - 0] INFO  datanode.InitDatanodeState (InitDatanodeState.java:persistContainerDatanodeDetails(138)) - DatanodeDetails is persisted to /home/runner/work/ozone/ozone/hadoop-ozone/integration-test/target/test-dir/MiniOzoneClusterImpl-9831f382-72e6-431b-adf3-2f9efd8fb9d7/datanode-1/meta/datanode.id
2023-05-08 09:33:20,770 [Listener at 127.0.0.1/45613] INFO  ozone.HddsDatanodeService (HddsDatanodeService.java:start(252)) - HddsDatanodeService host:fv-az96-539 ip:10.1.0.160
2023-05-08 09:33:20,796 [Listener at 127.0.0.1/45613] INFO  upgrade.AbstractLayoutVersionManager (AbstractLayoutVersionManager.java:init(83)) - Initializing Layout version manager with metadata layout = WEBUI_PORTS_IN_DATANODEDETAILS (version = 6), software layout = WEBUI_PORTS_IN_DATANODEDETAILS (version = 6)
2023-05-08 09:33:20,855 [Listener at 127.0.0.1/45613] INFO  reflections.Reflections (Reflections.java:scan(232)) - Reflections took 54 ms to scan 7 urls, producing 156 keys and 369 values 
2023-05-08 09:33:20,858 [Listener at 127.0.0.1/45613] INFO  statemachine.DatanodeStateMachine (DatanodeStateMachine.java:getEndPointTaskThreadPoolSize(267)) - Datanode State Machine Task Thread Pool size 2
2023-05-08 09:33:20,863 [Listener at 127.0.0.1/45613] INFO  volume.HddsVolume (HddsVolume.java:<init>(130)) - Creating HddsVolume: /home/runner/work/ozone/ozone/hadoop-ozone/integration-test/target/test-dir/MiniOzoneClusterImpl-9831f382-72e6-431b-adf3-2f9efd8fb9d7/datanode-2/data-0/containers/hdds of storage type : DISK capacity : 9223372036854775807
2023-05-08 09:33:20,863 [Listener at 127.0.0.1/45613] INFO  volume.MutableVolumeSet (MutableVolumeSet.java:initializeVolumeSet(175)) - Added Volume : /home/runner/work/ozone/ozone/hadoop-ozone/integration-test/target/test-dir/MiniOzoneClusterImpl-9831f382-72e6-431b-adf3-2f9efd8fb9d7/datanode-2/data-0/containers/hdds to VolumeSet
2023-05-08 09:33:20,863 [Listener at 127.0.0.1/45613] INFO  volume.ThrottledAsyncChecker (ThrottledAsyncChecker.java:schedule(141)) - Scheduling a check for /home/runner/work/ozone/ozone/hadoop-ozone/integration-test/target/test-dir/MiniOzoneClusterImpl-9831f382-72e6-431b-adf3-2f9efd8fb9d7/datanode-2/data-0/containers/hdds
2023-05-08 09:33:20,866 [Listener at 127.0.0.1/45613] INFO  volume.StorageVolumeChecker (StorageVolumeChecker.java:checkAllVolumes(202)) - Scheduled health check for volume /home/runner/work/ozone/ozone/hadoop-ozone/integration-test/target/test-dir/MiniOzoneClusterImpl-9831f382-72e6-431b-adf3-2f9efd8fb9d7/datanode-2/data-0/containers/hdds
2023-05-08 09:33:20,878 [Listener at 127.0.0.1/45613] INFO  volume.MutableVolumeSet (MutableVolumeSet.java:initializeVolumeSet(175)) - Added Volume : /home/runner/work/ozone/ozone/hadoop-ozone/integration-test/target/test-dir/MiniOzoneClusterImpl-9831f382-72e6-431b-adf3-2f9efd8fb9d7/datanode-2/data/ratis to VolumeSet
2023-05-08 09:33:20,878 [Listener at 127.0.0.1/45613] INFO  volume.ThrottledAsyncChecker (ThrottledAsyncChecker.java:schedule(141)) - Scheduling a check for /home/runner/work/ozone/ozone/hadoop-ozone/integration-test/target/test-dir/MiniOzoneClusterImpl-9831f382-72e6-431b-adf3-2f9efd8fb9d7/datanode-2/data/ratis
2023-05-08 09:33:20,878 [Listener at 127.0.0.1/45613] INFO  volume.StorageVolumeChecker (StorageVolumeChecker.java:checkAllVolumes(202)) - Scheduled health check for volume /home/runner/work/ozone/ozone/hadoop-ozone/integration-test/target/test-dir/MiniOzoneClusterImpl-9831f382-72e6-431b-adf3-2f9efd8fb9d7/datanode-2/data/ratis
2023-05-08 09:33:20,889 [Thread-169] INFO  ozoneimpl.ContainerReader (ContainerReader.java:readVolume(175)) - Finish verifying containers on volume /home/runner/work/ozone/ozone/hadoop-ozone/integration-test/target/test-dir/MiniOzoneClusterImpl-9831f382-72e6-431b-adf3-2f9efd8fb9d7/datanode-2/data-0/containers/hdds
2023-05-08 09:33:20,890 [Listener at 127.0.0.1/45613] INFO  ozoneimpl.OzoneContainer (OzoneContainer.java:buildContainerSet(303)) - Build ContainerSet costs 0s
2023-05-08 09:33:20,893 [Listener at 127.0.0.1/45613] INFO  server.RaftServer (ConfUtils.java:logGet(46)) - raft.rpc.type = GRPC (default)
2023-05-08 09:33:20,893 [Listener at 127.0.0.1/45613] INFO  grpc.GrpcConfigKeys (ConfUtils.java:logFallback(53)) - raft.grpc.admin.host = null (fallback to raft.grpc.server.host)
2023-05-08 09:33:20,893 [Listener at 127.0.0.1/45613] INFO  grpc.GrpcConfigKeys (ConfUtils.java:logGet(46)) - raft.grpc.admin.port = 0 (custom)
2023-05-08 09:33:20,893 [Listener at 127.0.0.1/45613] INFO  grpc.GrpcConfigKeys (ConfUtils.java:logFallback(53)) - raft.grpc.client.host = null (fallback to raft.grpc.server.host)
2023-05-08 09:33:20,893 [Listener at 127.0.0.1/45613] INFO  grpc.GrpcConfigKeys (ConfUtils.java:logGet(46)) - raft.grpc.client.port = 0 (custom)
2023-05-08 09:33:20,893 [Listener at 127.0.0.1/45613] INFO  grpc.GrpcConfigKeys (ConfUtils.java:logGet(46)) - raft.grpc.server.host = null (default)
2023-05-08 09:33:20,893 [Listener at 127.0.0.1/45613] INFO  grpc.GrpcConfigKeys (ConfUtils.java:logGet(46)) - raft.grpc.server.port = 0 (default)
2023-05-08 09:33:20,893 [Listener at 127.0.0.1/45613] INFO  server.GrpcService (ConfUtils.java:logGet(46)) - raft.grpc.message.size.max = 32MB (=33554432) (custom)
2023-05-08 09:33:20,894 [Listener at 127.0.0.1/45613] INFO  server.RaftServerConfigKeys (ConfUtils.java:logGet(46)) - raft.server.log.appender.buffer.byte-limit = 33554432 (custom)
2023-05-08 09:33:20,894 [Listener at 127.0.0.1/45613] INFO  server.GrpcService (ConfUtils.java:logGet(46)) - raft.grpc.flow.control.window = 5MB (=5242880) (custom)
2023-05-08 09:33:20,894 [Listener at 127.0.0.1/45613] INFO  server.RaftServerConfigKeys (ConfUtils.java:logGet(46)) - raft.server.rpc.request.timeout = 60s (custom)
2023-05-08 09:33:20,894 [Listener at 127.0.0.1/45613] INFO  grpc.GrpcConfigKeys (ConfUtils.java:logGet(46)) - raft.grpc.server.heartbeat.channel = true (default)
2023-05-08 09:33:20,894 [Listener at 127.0.0.1/45613] INFO  grpc.GrpcConfigKeys (ConfUtils.java:logGet(46)) - raft.grpc.server.async.request.thread.pool.cached = true (default)
2023-05-08 09:33:20,894 [Listener at 127.0.0.1/45613] INFO  grpc.GrpcConfigKeys (ConfUtils.java:logGet(46)) - raft.grpc.server.async.request.thread.pool.size = 32 (default)
2023-05-08 09:33:20,895 [Listener at 127.0.0.1/45613] INFO  impl.DataStreamServerImpl (ConfUtils.java:logGet(46)) - raft.datastream.type = NETTY (custom)
2023-05-08 09:33:20,896 [Listener at 127.0.0.1/45613] INFO  server.RaftServerConfigKeys (ConfUtils.java:logGet(46)) - raft.server.data-stream.async.request.thread.pool.cached = false (default)
2023-05-08 09:33:20,896 [Listener at 127.0.0.1/45613] INFO  server.RaftServerConfigKeys (ConfUtils.java:logGet(46)) - raft.server.data-stream.async.request.thread.pool.size = 20 (custom)
2023-05-08 09:33:20,896 [Listener at 127.0.0.1/45613] INFO  server.RaftServerConfigKeys (ConfUtils.java:logGet(46)) - raft.server.data-stream.async.write.thread.pool.size = 16 (default)
2023-05-08 09:33:20,896 [Listener at 127.0.0.1/45613] INFO  server.RaftServerConfigKeys (ConfUtils.java:logGet(46)) - raft.server.data-stream.client.pool.size = 10 (default)
2023-05-08 09:33:20,896 [Listener at 127.0.0.1/45613] INFO  netty.NettyConfigKeys$DataStream (ConfUtils.java:logGet(46)) - raft.netty.dataStream.server.use-epoll = false (default)
2023-05-08 09:33:20,896 [Listener at 127.0.0.1/45613] INFO  netty.NettyConfigKeys$DataStream (ConfUtils.java:logGet(46)) - raft.netty.dataStream.server.boss-group.size = 0 (default)
2023-05-08 09:33:20,897 [Listener at 127.0.0.1/45613] INFO  netty.NettyConfigKeys$DataStream (ConfUtils.java:logGet(46)) - raft.netty.dataStream.server.worker-group.size = 0 (default)
2023-05-08 09:33:20,897 [Listener at 127.0.0.1/45613] INFO  netty.NettyConfigKeys$DataStream (ConfUtils.java:logGet(46)) - raft.netty.dataStream.server.tls.conf = null (default)
2023-05-08 09:33:20,897 [Listener at 127.0.0.1/45613] INFO  netty.NettyConfigKeys$DataStream (ConfUtils.java:logGet(46)) - raft.netty.dataStream.host = null (default)
2023-05-08 09:33:20,897 [Listener at 127.0.0.1/45613] INFO  netty.NettyConfigKeys$DataStream (ConfUtils.java:logGet(46)) - raft.netty.dataStream.port = 0 (default)
2023-05-08 09:33:20,899 [Listener at 127.0.0.1/45613] INFO  server.RaftServerConfigKeys (ConfUtils.java:logGet(46)) - raft.server.threadpool.proxy.cached = true (default)
2023-05-08 09:33:20,899 [Listener at 127.0.0.1/45613] INFO  server.RaftServerConfigKeys (ConfUtils.java:logGet(46)) - raft.server.threadpool.proxy.size = 0 (default)
2023-05-08 09:33:20,899 [Listener at 127.0.0.1/45613] INFO  server.RaftServerConfigKeys (ConfUtils.java:logGet(46)) - raft.server.rpc.slowness.timeout = 300s (custom)
2023-05-08 09:33:20,899 [Listener at 127.0.0.1/45613] INFO  server.RaftServerConfigKeys (ConfUtils.java:logGet(46)) - raft.server.leaderelection.leader.step-down.wait-time = 10s (default)
2023-05-08 09:33:20,899 [Listener at 127.0.0.1/45613] INFO  server.RaftServerConfigKeys (ConfUtils.java:logGet(46)) - raft.server.storage.dir = [/home/runner/work/ozone/ozone/hadoop-ozone/integration-test/target/test-dir/MiniOzoneClusterImpl-9831f382-72e6-431b-adf3-2f9efd8fb9d7/datanode-2/data/ratis] (custom)
2023-05-08 09:33:20,901 [e50fc3ca-175c-4331-888e-9d5a4b4ffc01-NettyServerStreamRpc-bossGroup--thread1] INFO  logging.LoggingHandler (AbstractInternalLogger.java:log(148)) - [id: 0x24cb78e8] REGISTERED
2023-05-08 09:33:20,901 [e50fc3ca-175c-4331-888e-9d5a4b4ffc01-NettyServerStreamRpc-bossGroup--thread1] INFO  logging.LoggingHandler (AbstractInternalLogger.java:log(148)) - [id: 0x24cb78e8] BIND: 0.0.0.0/0.0.0.0:0
2023-05-08 09:33:20,901 [e50fc3ca-175c-4331-888e-9d5a4b4ffc01-NettyServerStreamRpc-bossGroup--thread1] INFO  logging.LoggingHandler (AbstractInternalLogger.java:log(148)) - [id: 0x24cb78e8, L:/0:0:0:0:0:0:0:0:41371] ACTIVE
2023-05-08 09:33:20,903 [Listener at 127.0.0.1/45613] INFO  server.XceiverServerGrpc (XceiverServerGrpc.java:<init>(132)) - GrpcServer channel type EpollServerSocketChannel
2023-05-08 09:33:20,908 [Listener at 127.0.0.1/45613] INFO  replication.ReplicationSupervisor (ReplicationSupervisor.java:nodeStateUpdated(295)) - Node state updated to IN_SERVICE, scaling executor pool size to 10
2023-05-08 09:33:20,911 [Listener at 127.0.0.1/45613] INFO  http.BaseHttpServer (BaseHttpServer.java:newHttpServer2BuilderForOzone(224)) - Starting Web-server for hddsDatanode at: http://0.0.0.0:0
2023-05-08 09:33:20,912 [Listener at 127.0.0.1/45613] INFO  http.BaseHttpServer (BaseHttpServer.java:<init>(111)) - Hadoop Security Enabled: false Ozone Security Enabled: false Ozone HTTP Security Enabled: false 
2023-05-08 09:33:20,913 [Listener at 127.0.0.1/45613] WARN  server.AuthenticationFilter (AuthenticationFilter.java:constructSecretProvider(240)) - Unable to initialize FileSignerSecretProvider, falling back to use random secrets. Reason: Could not read signature secret file: /home/runner/hadoop-http-auth-signature-secret
2023-05-08 09:33:20,914 [Listener at 127.0.0.1/45613] INFO  http.HttpRequestLog (HttpRequestLog.java:getRequestLog(86)) - Http request log for http.requests.hddsDatanode is not defined
2023-05-08 09:33:20,915 [Listener at 127.0.0.1/45613] INFO  http.HttpServer2 (HttpServer2.java:addGlobalFilter(1031)) - Added global filter 'safety' (class=org.apache.hadoop.hdds.server.http.HttpServer2$QuotingInputFilter)
2023-05-08 09:33:20,916 [Listener at 127.0.0.1/45613] INFO  http.HttpServer2 (HttpServer2.java:addFilter(1007)) - Added filter static_user_filter (class=org.apache.hadoop.http.lib.StaticUserWebFilter$StaticUserFilter) to context hddsDatanode
2023-05-08 09:33:20,916 [Listener at 127.0.0.1/45613] INFO  http.HttpServer2 (HttpServer2.java:addFilter(1015)) - Added filter static_user_filter (class=org.apache.hadoop.http.lib.StaticUserWebFilter$StaticUserFilter) to context logs
2023-05-08 09:33:20,916 [Listener at 127.0.0.1/45613] INFO  http.HttpServer2 (HttpServer2.java:addFilter(1015)) - Added filter static_user_filter (class=org.apache.hadoop.http.lib.StaticUserWebFilter$StaticUserFilter) to context static
2023-05-08 09:33:20,917 [Listener at 127.0.0.1/45613] INFO  http.BaseHttpServer (BaseHttpServer.java:<init>(190)) - HTTP server of hddsDatanode uses base directory /home/runner/work/ozone/ozone/hadoop-ozone/integration-test/target/test-dir/MiniOzoneClusterImpl-9831f382-72e6-431b-adf3-2f9efd8fb9d7/datanode-2/meta/webserver
2023-05-08 09:33:20,917 [Listener at 127.0.0.1/45613] INFO  http.HttpServer2 (HttpServer2.java:bindListener(1250)) - Jetty bound to port 33703
2023-05-08 09:33:20,917 [Listener at 127.0.0.1/45613] INFO  server.Server (Server.java:doStart(375)) - jetty-9.4.51.v20230217; built: 2023-02-17T08:19:37.309Z; git: b45c405e4544384de066f814ed42ae3dceacdd49; jvm 1.8.0_362-b09
2023-05-08 09:33:20,922 [Listener at 127.0.0.1/45613] INFO  server.session (DefaultSessionIdManager.java:doStart(334)) - DefaultSessionIdManager workerName=node0
2023-05-08 09:33:20,922 [Listener at 127.0.0.1/45613] INFO  server.session (DefaultSessionIdManager.java:doStart(339)) - No SessionScavenger set, using defaults
2023-05-08 09:33:20,922 [Listener at 127.0.0.1/45613] INFO  server.session (HouseKeeper.java:startScavenging(132)) - node0 Scavenging every 660000ms
2023-05-08 09:33:20,923 [Listener at 127.0.0.1/45613] INFO  handler.ContextHandler (ContextHandler.java:doStart(921)) - Started o.e.j.s.ServletContextHandler@4612321c{logs,/logs,file:///home/runner/work/ozone/ozone/hadoop-ozone/integration-test/target/log,AVAILABLE}
2023-05-08 09:33:20,923 [Listener at 127.0.0.1/45613] INFO  handler.ContextHandler (ContextHandler.java:doStart(921)) - Started o.e.j.s.ServletContextHandler@7d72888d{static,/static,jar:file:/home/runner/.m2/repository/org/apache/ozone/hdds-container-service/1.4.0-SNAPSHOT/hdds-container-service-1.4.0-SNAPSHOT.jar!/webapps/static,AVAILABLE}
2023-05-08 09:33:21,124 [Listener at 127.0.0.1/45613] INFO  handler.ContextHandler (ContextHandler.java:doStart(921)) - Started o.e.j.w.WebAppContext@2ab94da4{hddsDatanode,/,file:///home/runner/work/ozone/ozone/hadoop-ozone/integration-test/target/test-dir/MiniOzoneClusterImpl-9831f382-72e6-431b-adf3-2f9efd8fb9d7/datanode-2/meta/webserver/jetty-0_0_0_0-33703-hdds-container-service-1_4_0-SNAPSHOT_jar-_-any-8079554847974650182/webapp/,AVAILABLE}{jar:file:/home/runner/.m2/repository/org/apache/ozone/hdds-container-service/1.4.0-SNAPSHOT/hdds-container-service-1.4.0-SNAPSHOT.jar!/webapps/hddsDatanode}
2023-05-08 09:33:21,126 [Listener at 127.0.0.1/45613] INFO  server.AbstractConnector (AbstractConnector.java:doStart(333)) - Started ServerConnector@526a8ab5{HTTP/1.1, (http/1.1)}{0.0.0.0:33703}
2023-05-08 09:33:21,127 [Listener at 127.0.0.1/45613] INFO  server.Server (Server.java:doStart(415)) - Started @9233ms
2023-05-08 09:33:21,127 [Listener at 127.0.0.1/45613] WARN  impl.MetricsSystemImpl (MetricsSystemImpl.java:register(279)) - Sink prometheus already exists!
2023-05-08 09:33:21,127 [Listener at 127.0.0.1/45613] INFO  http.BaseHttpServer (BaseHttpServer.java:updateConnectorAddress(344)) - HTTP server of hddsDatanode listening at http://0.0.0.0:33703
2023-05-08 09:33:21,128 [Datanode State Machine Daemon Thread] INFO  statemachine.DatanodeStateMachine (DatanodeStateMachine.java:lambda$startDaemon$0(524)) - Ozone container server started.
2023-05-08 09:33:21,131 [Listener at 127.0.0.1/45613] INFO  ozone.MiniOzoneClusterImpl (MiniOzoneClusterImpl.java:lambda$waitForClusterToBeReady$0(224)) - Waiting for nodes to be ready. Got 0 of 3 DN Heartbeats.
2023-05-08 09:33:21,131 [Listener at 127.0.0.1/45613] INFO  ozone.MiniOzoneClusterImpl (MiniOzoneClusterImpl.java:lambda$waitForClusterToBeReady$0(227)) - Waiting for cluster to exit safe mode
2023-05-08 09:33:21,131 [Listener at 127.0.0.1/45613] INFO  ozone.MiniOzoneClusterImpl (MiniOzoneClusterImpl.java:lambda$waitForClusterToBeReady$0(229)) - SCM became leader
2023-05-08 09:33:21,141 [org.apache.hadoop.util.JvmPauseMonitor$Monitor@1b4ac29a] INFO  util.JvmPauseMonitor (JvmPauseMonitor.java:run(188)) - Starting JVM pause monitor
2023-05-08 09:33:21,145 [Datanode State Machine Task Thread - 0] INFO  datanode.InitDatanodeState (InitDatanodeState.java:persistContainerDatanodeDetails(138)) - DatanodeDetails is persisted to /home/runner/work/ozone/ozone/hadoop-ozone/integration-test/target/test-dir/MiniOzoneClusterImpl-9831f382-72e6-431b-adf3-2f9efd8fb9d7/datanode-2/meta/datanode.id
2023-05-08 09:33:22,131 [Listener at 127.0.0.1/45613] INFO  ozone.MiniOzoneClusterImpl (MiniOzoneClusterImpl.java:lambda$waitForClusterToBeReady$0(224)) - Waiting for nodes to be ready. Got 0 of 3 DN Heartbeats.
2023-05-08 09:33:22,131 [Listener at 127.0.0.1/45613] INFO  ozone.MiniOzoneClusterImpl (MiniOzoneClusterImpl.java:lambda$waitForClusterToBeReady$0(227)) - Waiting for cluster to exit safe mode
2023-05-08 09:33:22,132 [Listener at 127.0.0.1/45613] INFO  ozone.MiniOzoneClusterImpl (MiniOzoneClusterImpl.java:lambda$waitForClusterToBeReady$0(229)) - SCM became leader
2023-05-08 09:33:22,152 [EndpointStateMachine task thread for /0.0.0.0:39863 - 0 ] INFO  utils.DatanodeStoreCache (DatanodeStoreCache.java:addDB(58)) - Added db /home/runner/work/ozone/ozone/hadoop-ozone/integration-test/target/test-dir/MiniOzoneClusterImpl-9831f382-72e6-431b-adf3-2f9efd8fb9d7/datanode-0/data-0/containers/hdds/9831f382-72e6-431b-adf3-2f9efd8fb9d7/DS-732521fb-9a86-4d89-8582-56a40e02d0ca/container.db to cache
2023-05-08 09:33:22,152 [EndpointStateMachine task thread for /0.0.0.0:39863 - 0 ] INFO  volume.HddsVolume (HddsVolume.java:createDbStore(350)) - SchemaV3 db is created and loaded at /home/runner/work/ozone/ozone/hadoop-ozone/integration-test/target/test-dir/MiniOzoneClusterImpl-9831f382-72e6-431b-adf3-2f9efd8fb9d7/datanode-0/data-0/containers/hdds/9831f382-72e6-431b-adf3-2f9efd8fb9d7/DS-732521fb-9a86-4d89-8582-56a40e02d0ca/container.db for volume DS-732521fb-9a86-4d89-8582-56a40e02d0ca
2023-05-08 09:33:22,155 [EndpointStateMachine task thread for /0.0.0.0:39863 - 0 ] INFO  ozoneimpl.OzoneContainer (OzoneContainer.java:start(397)) - Attempting to start container services.
2023-05-08 09:33:22,157 [EndpointStateMachine task thread for /0.0.0.0:39863 - 0 ] INFO  ozoneimpl.OzoneContainer (OzoneContainer.java:startContainerScrub(314)) - Scheduled background container scanners and the on-demand container scanner have been disabled.
2023-05-08 09:33:22,159 [EndpointStateMachine task thread for /0.0.0.0:39863 - 0 ] INFO  replication.ReplicationServer (ReplicationServer.java:start(109)) - ReplicationServer is started using port 34005
2023-05-08 09:33:22,159 [EndpointStateMachine task thread for /0.0.0.0:39863 - 0 ] INFO  ratis.XceiverServerRatis (XceiverServerRatis.java:start(517)) - Starting XceiverServerRatis 6682b1a5-9385-4106-b4a0-cef9873e4e75
2023-05-08 09:33:22,164 [EndpointStateMachine task thread for /0.0.0.0:39863 - 0 ] INFO  server.RaftServer (RaftServerProxy.java:startImpl(393)) - 6682b1a5-9385-4106-b4a0-cef9873e4e75: start RPC server
2023-05-08 09:33:22,166 [EndpointStateMachine task thread for /0.0.0.0:39863 - 0 ] INFO  server.GrpcService (GrpcService.java:startImpl(262)) - 6682b1a5-9385-4106-b4a0-cef9873e4e75: GrpcService started, listening on 45305
2023-05-08 09:33:22,166 [EndpointStateMachine task thread for /0.0.0.0:39863 - 0 ] INFO  ratis.XceiverServerRatis (XceiverServerRatis.java:getRealPort(543)) - XceiverServerRatis 6682b1a5-9385-4106-b4a0-cef9873e4e75 is started using port 45305 for RATIS
2023-05-08 09:33:22,166 [EndpointStateMachine task thread for /0.0.0.0:39863 - 0 ] INFO  ratis.XceiverServerRatis (XceiverServerRatis.java:getRealPort(543)) - XceiverServerRatis 6682b1a5-9385-4106-b4a0-cef9873e4e75 is started using port 45305 for RATIS_ADMIN
2023-05-08 09:33:22,166 [EndpointStateMachine task thread for /0.0.0.0:39863 - 0 ] INFO  ratis.XceiverServerRatis (XceiverServerRatis.java:getRealPort(543)) - XceiverServerRatis 6682b1a5-9385-4106-b4a0-cef9873e4e75 is started using port 45305 for RATIS_SERVER
2023-05-08 09:33:22,167 [EndpointStateMachine task thread for /0.0.0.0:39863 - 0 ] INFO  ratis.XceiverServerRatis (XceiverServerRatis.java:getRealPort(543)) - XceiverServerRatis 6682b1a5-9385-4106-b4a0-cef9873e4e75 is started using port 41803 for RATIS_DATASTREAM
2023-05-08 09:33:22,167 [JvmPauseMonitor1] INFO  util.JvmPauseMonitor (JvmPauseMonitor.java:run(105)) - JvmPauseMonitor-6682b1a5-9385-4106-b4a0-cef9873e4e75: Started
2023-05-08 09:33:22,170 [EndpointStateMachine task thread for /0.0.0.0:39863 - 0 ] INFO  server.XceiverServerGrpc (XceiverServerGrpc.java:start(180)) - XceiverServerGrpc 6682b1a5-9385-4106-b4a0-cef9873e4e75 is started using port 36729
2023-05-08 09:33:22,179 [BlockDeletingService#0] INFO  interfaces.ContainerDeletionChoosingPolicyTemplate (ContainerDeletionChoosingPolicyTemplate.java:chooseContainerForBlockDeletion(83)) - Chosen 0/5000 blocks from 0 candidate containers.
2023-05-08 09:33:22,781 [EndpointStateMachine task thread for /0.0.0.0:39863 - 0 ] INFO  utils.DatanodeStoreCache (DatanodeStoreCache.java:addDB(58)) - Added db /home/runner/work/ozone/ozone/hadoop-ozone/integration-test/target/test-dir/MiniOzoneClusterImpl-9831f382-72e6-431b-adf3-2f9efd8fb9d7/datanode-1/data-0/containers/hdds/9831f382-72e6-431b-adf3-2f9efd8fb9d7/DS-9eb95151-d639-4316-a159-7cd7e0a0aef5/container.db to cache
2023-05-08 09:33:22,782 [EndpointStateMachine task thread for /0.0.0.0:39863 - 0 ] INFO  volume.HddsVolume (HddsVolume.java:createDbStore(350)) - SchemaV3 db is created and loaded at /home/runner/work/ozone/ozone/hadoop-ozone/integration-test/target/test-dir/MiniOzoneClusterImpl-9831f382-72e6-431b-adf3-2f9efd8fb9d7/datanode-1/data-0/containers/hdds/9831f382-72e6-431b-adf3-2f9efd8fb9d7/DS-9eb95151-d639-4316-a159-7cd7e0a0aef5/container.db for volume DS-9eb95151-d639-4316-a159-7cd7e0a0aef5
2023-05-08 09:33:22,783 [EndpointStateMachine task thread for /0.0.0.0:39863 - 0 ] INFO  ozoneimpl.OzoneContainer (OzoneContainer.java:start(397)) - Attempting to start container services.
2023-05-08 09:33:22,783 [EndpointStateMachine task thread for /0.0.0.0:39863 - 0 ] INFO  ozoneimpl.OzoneContainer (OzoneContainer.java:startContainerScrub(314)) - Scheduled background container scanners and the on-demand container scanner have been disabled.
2023-05-08 09:33:22,784 [EndpointStateMachine task thread for /0.0.0.0:39863 - 0 ] INFO  replication.ReplicationServer (ReplicationServer.java:start(109)) - ReplicationServer is started using port 36419
2023-05-08 09:33:22,785 [EndpointStateMachine task thread for /0.0.0.0:39863 - 0 ] INFO  ratis.XceiverServerRatis (XceiverServerRatis.java:start(517)) - Starting XceiverServerRatis d7c57734-1d74-411b-8fcc-d057f09568f6
2023-05-08 09:33:22,786 [EndpointStateMachine task thread for /0.0.0.0:39863 - 0 ] INFO  server.RaftServer (RaftServerProxy.java:startImpl(393)) - d7c57734-1d74-411b-8fcc-d057f09568f6: start RPC server
2023-05-08 09:33:22,787 [EndpointStateMachine task thread for /0.0.0.0:39863 - 0 ] INFO  server.GrpcService (GrpcService.java:startImpl(262)) - d7c57734-1d74-411b-8fcc-d057f09568f6: GrpcService started, listening on 36437
2023-05-08 09:33:22,788 [EndpointStateMachine task thread for /0.0.0.0:39863 - 0 ] INFO  ratis.XceiverServerRatis (XceiverServerRatis.java:getRealPort(543)) - XceiverServerRatis d7c57734-1d74-411b-8fcc-d057f09568f6 is started using port 36437 for RATIS
2023-05-08 09:33:22,788 [JvmPauseMonitor2] INFO  util.JvmPauseMonitor (JvmPauseMonitor.java:run(105)) - JvmPauseMonitor-d7c57734-1d74-411b-8fcc-d057f09568f6: Started
2023-05-08 09:33:22,788 [EndpointStateMachine task thread for /0.0.0.0:39863 - 0 ] INFO  ratis.XceiverServerRatis (XceiverServerRatis.java:getRealPort(543)) - XceiverServerRatis d7c57734-1d74-411b-8fcc-d057f09568f6 is started using port 36437 for RATIS_ADMIN
2023-05-08 09:33:22,789 [EndpointStateMachine task thread for /0.0.0.0:39863 - 0 ] INFO  ratis.XceiverServerRatis (XceiverServerRatis.java:getRealPort(543)) - XceiverServerRatis d7c57734-1d74-411b-8fcc-d057f09568f6 is started using port 36437 for RATIS_SERVER
2023-05-08 09:33:22,789 [EndpointStateMachine task thread for /0.0.0.0:39863 - 0 ] INFO  ratis.XceiverServerRatis (XceiverServerRatis.java:getRealPort(543)) - XceiverServerRatis d7c57734-1d74-411b-8fcc-d057f09568f6 is started using port 34857 for RATIS_DATASTREAM
2023-05-08 09:33:22,798 [EndpointStateMachine task thread for /0.0.0.0:39863 - 0 ] INFO  server.XceiverServerGrpc (XceiverServerGrpc.java:start(180)) - XceiverServerGrpc d7c57734-1d74-411b-8fcc-d057f09568f6 is started using port 44905
2023-05-08 09:33:22,804 [BlockDeletingService#0] INFO  interfaces.ContainerDeletionChoosingPolicyTemplate (ContainerDeletionChoosingPolicyTemplate.java:chooseContainerForBlockDeletion(83)) - Chosen 0/5000 blocks from 0 candidate containers.
2023-05-08 09:33:23,132 [Listener at 127.0.0.1/45613] INFO  ozone.MiniOzoneClusterImpl (MiniOzoneClusterImpl.java:lambda$waitForClusterToBeReady$0(224)) - Waiting for nodes to be ready. Got 0 of 3 DN Heartbeats.
2023-05-08 09:33:23,132 [Listener at 127.0.0.1/45613] INFO  ozone.MiniOzoneClusterImpl (MiniOzoneClusterImpl.java:lambda$waitForClusterToBeReady$0(227)) - Waiting for cluster to exit safe mode
2023-05-08 09:33:23,132 [Listener at 127.0.0.1/45613] INFO  ozone.MiniOzoneClusterImpl (MiniOzoneClusterImpl.java:lambda$waitForClusterToBeReady$0(229)) - SCM became leader
2023-05-08 09:33:23,176 [EndpointStateMachine task thread for /0.0.0.0:39863 - 0 ] INFO  utils.DatanodeStoreCache (DatanodeStoreCache.java:addDB(58)) - Added db /home/runner/work/ozone/ozone/hadoop-ozone/integration-test/target/test-dir/MiniOzoneClusterImpl-9831f382-72e6-431b-adf3-2f9efd8fb9d7/datanode-2/data-0/containers/hdds/9831f382-72e6-431b-adf3-2f9efd8fb9d7/DS-b2ed8503-216e-46d6-876d-b02105ca1cd2/container.db to cache
2023-05-08 09:33:23,176 [EndpointStateMachine task thread for /0.0.0.0:39863 - 0 ] INFO  volume.HddsVolume (HddsVolume.java:createDbStore(350)) - SchemaV3 db is created and loaded at /home/runner/work/ozone/ozone/hadoop-ozone/integration-test/target/test-dir/MiniOzoneClusterImpl-9831f382-72e6-431b-adf3-2f9efd8fb9d7/datanode-2/data-0/containers/hdds/9831f382-72e6-431b-adf3-2f9efd8fb9d7/DS-b2ed8503-216e-46d6-876d-b02105ca1cd2/container.db for volume DS-b2ed8503-216e-46d6-876d-b02105ca1cd2
2023-05-08 09:33:23,176 [EndpointStateMachine task thread for /0.0.0.0:39863 - 0 ] INFO  ozoneimpl.OzoneContainer (OzoneContainer.java:start(397)) - Attempting to start container services.
2023-05-08 09:33:23,177 [EndpointStateMachine task thread for /0.0.0.0:39863 - 0 ] INFO  ozoneimpl.OzoneContainer (OzoneContainer.java:startContainerScrub(314)) - Scheduled background container scanners and the on-demand container scanner have been disabled.
2023-05-08 09:33:23,178 [EndpointStateMachine task thread for /0.0.0.0:39863 - 0 ] INFO  replication.ReplicationServer (ReplicationServer.java:start(109)) - ReplicationServer is started using port 36659
2023-05-08 09:33:23,178 [EndpointStateMachine task thread for /0.0.0.0:39863 - 0 ] INFO  ratis.XceiverServerRatis (XceiverServerRatis.java:start(517)) - Starting XceiverServerRatis e50fc3ca-175c-4331-888e-9d5a4b4ffc01
2023-05-08 09:33:23,180 [EndpointStateMachine task thread for /0.0.0.0:39863 - 0 ] INFO  server.RaftServer (RaftServerProxy.java:startImpl(393)) - e50fc3ca-175c-4331-888e-9d5a4b4ffc01: start RPC server
2023-05-08 09:33:23,185 [EndpointStateMachine task thread for /0.0.0.0:39863 - 0 ] INFO  server.GrpcService (GrpcService.java:startImpl(262)) - e50fc3ca-175c-4331-888e-9d5a4b4ffc01: GrpcService started, listening on 37363
2023-05-08 09:33:23,185 [EndpointStateMachine task thread for /0.0.0.0:39863 - 0 ] INFO  ratis.XceiverServerRatis (XceiverServerRatis.java:getRealPort(543)) - XceiverServerRatis e50fc3ca-175c-4331-888e-9d5a4b4ffc01 is started using port 37363 for RATIS
2023-05-08 09:33:23,185 [JvmPauseMonitor3] INFO  util.JvmPauseMonitor (JvmPauseMonitor.java:run(105)) - JvmPauseMonitor-e50fc3ca-175c-4331-888e-9d5a4b4ffc01: Started
2023-05-08 09:33:23,186 [EndpointStateMachine task thread for /0.0.0.0:39863 - 0 ] INFO  ratis.XceiverServerRatis (XceiverServerRatis.java:getRealPort(543)) - XceiverServerRatis e50fc3ca-175c-4331-888e-9d5a4b4ffc01 is started using port 37363 for RATIS_ADMIN
2023-05-08 09:33:23,186 [EndpointStateMachine task thread for /0.0.0.0:39863 - 0 ] INFO  ratis.XceiverServerRatis (XceiverServerRatis.java:getRealPort(543)) - XceiverServerRatis e50fc3ca-175c-4331-888e-9d5a4b4ffc01 is started using port 37363 for RATIS_SERVER
2023-05-08 09:33:23,186 [EndpointStateMachine task thread for /0.0.0.0:39863 - 0 ] INFO  ratis.XceiverServerRatis (XceiverServerRatis.java:getRealPort(543)) - XceiverServerRatis e50fc3ca-175c-4331-888e-9d5a4b4ffc01 is started using port 41371 for RATIS_DATASTREAM
2023-05-08 09:33:23,190 [EndpointStateMachine task thread for /0.0.0.0:39863 - 0 ] INFO  server.XceiverServerGrpc (XceiverServerGrpc.java:start(180)) - XceiverServerGrpc e50fc3ca-175c-4331-888e-9d5a4b4ffc01 is started using port 45087
2023-05-08 09:33:23,193 [BlockDeletingService#0] INFO  interfaces.ContainerDeletionChoosingPolicyTemplate (ContainerDeletionChoosingPolicyTemplate.java:chooseContainerForBlockDeletion(83)) - Chosen 0/5000 blocks from 0 candidate containers.
2023-05-08 09:33:24,078 [IPC Server handler 1 on default port 39863] INFO  net.NetworkTopologyImpl (NetworkTopologyImpl.java:add(112)) - Added a new node: /default-rack/6682b1a5-9385-4106-b4a0-cef9873e4e75
2023-05-08 09:33:24,080 [IPC Server handler 1 on default port 39863] INFO  node.SCMNodeManager (SCMNodeManager.java:register(407)) - Registered Data node : 6682b1a5-9385-4106-b4a0-cef9873e4e75{ip: 10.1.0.160, host: fv-az96-539, ports: [HTTP=41171, REPLICATION=34005, RATIS=45305, RATIS_ADMIN=45305, RATIS_SERVER=45305, RATIS_DATASTREAM=41803, STANDALONE=36729], networkLocation: /default-rack, certSerialId: null, persistedOpState: null, persistedOpStateExpiryEpochSec: 0}
2023-05-08 09:33:24,083 [EventQueue-NewNodeForNewNodeHandler] INFO  pipeline.BackgroundPipelineCreator (BackgroundPipelineCreator.java:notifyEventTriggered(276)) - trigger a one-shot run on RatisPipelineUtilsThread.
2023-05-08 09:33:24,090 [RatisPipelineUtilsThread - 0] INFO  pipeline.RatisPipelineProvider (RatisPipelineProvider.java:lambda$create$0(206)) - Sending CreatePipelineCommand for pipeline:PipelineID=a2cacae4-47c0-42ef-9c1d-dc8708c6939a to datanode:6682b1a5-9385-4106-b4a0-cef9873e4e75
2023-05-08 09:33:24,099 [RatisPipelineUtilsThread - 0] INFO  pipeline.PipelineStateManagerImpl (PipelineStateManagerImpl.java:addPipeline(103)) - Created pipeline Pipeline[ Id: a2cacae4-47c0-42ef-9c1d-dc8708c6939a, Nodes: 6682b1a5-9385-4106-b4a0-cef9873e4e75(fv-az96-539/10.1.0.160), ReplicationConfig: RATIS/ONE, State:ALLOCATED, leaderId:, CreationTimestamp2023-05-08T09:33:24.089Z[Etc/UTC]].
2023-05-08 09:33:24,100 [EventQueue-NodeRegistrationContainerReportForDataNodeSafeModeRule] INFO  safemode.SCMSafeModeManager (DataNodeSafeModeRule.java:process(71)) - SCM in safe mode. 1 DataNodes registered, 3 required.
2023-05-08 09:33:24,102 [EventQueue-NodeRegistrationContainerReportForContainerSafeModeRule] INFO  safemode.SCMSafeModeManager (SCMSafeModeManager.java:validateSafeModeExitRules(200)) - ContainerSafeModeRule rule is successfully validated
2023-05-08 09:33:24,102 [EventQueue-PipelineReportForOneReplicaPipelineSafeModeRule] INFO  safemode.SCMSafeModeManager (SCMSafeModeManager.java:validateSafeModeExitRules(200)) - AtleastOneDatanodeReportedRule rule is successfully validated
2023-05-08 09:33:24,132 [Listener at 127.0.0.1/45613] INFO  ozone.MiniOzoneClusterImpl (MiniOzoneClusterImpl.java:lambda$waitForClusterToBeReady$0(224)) - Waiting for nodes to be ready. Got 1 of 3 DN Heartbeats.
2023-05-08 09:33:24,133 [Listener at 127.0.0.1/45613] INFO  ozone.MiniOzoneClusterImpl (MiniOzoneClusterImpl.java:lambda$waitForClusterToBeReady$0(227)) - Waiting for cluster to exit safe mode
2023-05-08 09:33:24,133 [Listener at 127.0.0.1/45613] INFO  ozone.MiniOzoneClusterImpl (MiniOzoneClusterImpl.java:lambda$waitForClusterToBeReady$0(229)) - SCM became leader
2023-05-08 09:33:24,743 [IPC Server handler 3 on default port 39863] INFO  net.NetworkTopologyImpl (NetworkTopologyImpl.java:add(112)) - Added a new node: /default-rack/d7c57734-1d74-411b-8fcc-d057f09568f6
2023-05-08 09:33:24,744 [IPC Server handler 3 on default port 39863] INFO  node.SCMNodeManager (SCMNodeManager.java:register(407)) - Registered Data node : d7c57734-1d74-411b-8fcc-d057f09568f6{ip: 10.1.0.160, host: fv-az96-539, ports: [HTTP=44157, REPLICATION=36419, RATIS=36437, RATIS_ADMIN=36437, RATIS_SERVER=36437, RATIS_DATASTREAM=34857, STANDALONE=44905], networkLocation: /default-rack, certSerialId: null, persistedOpState: null, persistedOpStateExpiryEpochSec: 0}
2023-05-08 09:33:24,744 [EventQueue-NewNodeForNewNodeHandler] INFO  pipeline.BackgroundPipelineCreator (BackgroundPipelineCreator.java:notifyEventTriggered(276)) - trigger a one-shot run on RatisPipelineUtilsThread.
2023-05-08 09:33:24,744 [EventQueue-NodeRegistrationContainerReportForDataNodeSafeModeRule] INFO  safemode.SCMSafeModeManager (DataNodeSafeModeRule.java:process(71)) - SCM in safe mode. 2 DataNodes registered, 3 required.
2023-05-08 09:33:24,745 [RatisPipelineUtilsThread - 0] INFO  pipeline.RatisPipelineProvider (RatisPipelineProvider.java:lambda$create$0(206)) - Sending CreatePipelineCommand for pipeline:PipelineID=c2056d17-1c1a-465c-9da9-d03369549a76 to datanode:d7c57734-1d74-411b-8fcc-d057f09568f6
2023-05-08 09:33:24,746 [RatisPipelineUtilsThread - 0] INFO  pipeline.PipelineStateManagerImpl (PipelineStateManagerImpl.java:addPipeline(103)) - Created pipeline Pipeline[ Id: c2056d17-1c1a-465c-9da9-d03369549a76, Nodes: d7c57734-1d74-411b-8fcc-d057f09568f6(fv-az96-539/10.1.0.160), ReplicationConfig: RATIS/ONE, State:ALLOCATED, leaderId:, CreationTimestamp2023-05-08T09:33:24.745Z[Etc/UTC]].
2023-05-08 09:33:25,133 [Listener at 127.0.0.1/45613] INFO  ozone.MiniOzoneClusterImpl (MiniOzoneClusterImpl.java:lambda$waitForClusterToBeReady$0(224)) - Waiting for nodes to be ready. Got 2 of 3 DN Heartbeats.
2023-05-08 09:33:25,133 [Listener at 127.0.0.1/45613] INFO  ozone.MiniOzoneClusterImpl (MiniOzoneClusterImpl.java:lambda$waitForClusterToBeReady$0(227)) - Waiting for cluster to exit safe mode
2023-05-08 09:33:25,133 [Listener at 127.0.0.1/45613] INFO  ozone.MiniOzoneClusterImpl (MiniOzoneClusterImpl.java:lambda$waitForClusterToBeReady$0(229)) - SCM became leader
2023-05-08 09:33:25,144 [IPC Server handler 2 on default port 39863] INFO  net.NetworkTopologyImpl (NetworkTopologyImpl.java:add(112)) - Added a new node: /default-rack/e50fc3ca-175c-4331-888e-9d5a4b4ffc01
2023-05-08 09:33:25,144 [IPC Server handler 2 on default port 39863] INFO  node.SCMNodeManager (SCMNodeManager.java:register(407)) - Registered Data node : e50fc3ca-175c-4331-888e-9d5a4b4ffc01{ip: 10.1.0.160, host: fv-az96-539, ports: [HTTP=33703, REPLICATION=36659, RATIS=37363, RATIS_ADMIN=37363, RATIS_SERVER=37363, RATIS_DATASTREAM=41371, STANDALONE=45087], networkLocation: /default-rack, certSerialId: null, persistedOpState: null, persistedOpStateExpiryEpochSec: 0}
2023-05-08 09:33:25,144 [EventQueue-NodeRegistrationContainerReportForDataNodeSafeModeRule] INFO  safemode.SCMSafeModeManager (DataNodeSafeModeRule.java:process(71)) - SCM in safe mode. 3 DataNodes registered, 3 required.
2023-05-08 09:33:25,144 [EventQueue-NodeRegistrationContainerReportForDataNodeSafeModeRule] INFO  safemode.SCMSafeModeManager (SCMSafeModeManager.java:validateSafeModeExitRules(200)) - DataNodeSafeModeRule rule is successfully validated
2023-05-08 09:33:25,144 [EventQueue-NodeRegistrationContainerReportForDataNodeSafeModeRule] INFO  safemode.SCMSafeModeManager (SCMSafeModeManager.java:completePreCheck(229)) - All SCM safe mode pre check rules have passed
2023-05-08 09:33:25,145 [EventQueue-NodeRegistrationContainerReportForDataNodeSafeModeRule] INFO  ha.SCMContext (SCMContext.java:updateSafeModeStatus(228)) - Update SafeModeStatus from SafeModeStatus{safeModeStatus=true, preCheckPassed=false} to SafeModeStatus{safeModeStatus=true, preCheckPassed=true}.
2023-05-08 09:33:25,145 [EventQueue-NodeRegistrationContainerReportForDataNodeSafeModeRule] INFO  pipeline.BackgroundPipelineCreator (BackgroundPipelineCreator.java:notifyEventTriggered(276)) - trigger a one-shot run on RatisPipelineUtilsThread.
2023-05-08 09:33:25,145 [EventQueue-NewNodeForNewNodeHandler] INFO  pipeline.BackgroundPipelineCreator (BackgroundPipelineCreator.java:notifyEventTriggered(276)) - trigger a one-shot run on RatisPipelineUtilsThread.
2023-05-08 09:33:25,145 [RatisPipelineUtilsThread - 0] INFO  pipeline.RatisPipelineProvider (RatisPipelineProvider.java:lambda$create$0(206)) - Sending CreatePipelineCommand for pipeline:PipelineID=e98d93f5-ae52-4fa7-ada1-ed35a89a728b to datanode:e50fc3ca-175c-4331-888e-9d5a4b4ffc01
2023-05-08 09:33:25,146 [RatisPipelineUtilsThread - 0] INFO  pipeline.PipelineStateManagerImpl (PipelineStateManagerImpl.java:addPipeline(103)) - Created pipeline Pipeline[ Id: e98d93f5-ae52-4fa7-ada1-ed35a89a728b, Nodes: e50fc3ca-175c-4331-888e-9d5a4b4ffc01(fv-az96-539/10.1.0.160), ReplicationConfig: RATIS/ONE, State:ALLOCATED, leaderId:, CreationTimestamp2023-05-08T09:33:25.145Z[Etc/UTC]].
2023-05-08 09:33:25,150 [RatisPipelineUtilsThread - 0] INFO  pipeline.RatisPipelineProvider (RatisPipelineProvider.java:lambda$create$0(206)) - Sending CreatePipelineCommand for pipeline:PipelineID=2d1bfc3e-e8ef-4ba8-b2a0-0b99c00588b9 to datanode:d7c57734-1d74-411b-8fcc-d057f09568f6
2023-05-08 09:33:25,150 [RatisPipelineUtilsThread - 0] INFO  pipeline.RatisPipelineProvider (RatisPipelineProvider.java:lambda$create$0(206)) - Sending CreatePipelineCommand for pipeline:PipelineID=2d1bfc3e-e8ef-4ba8-b2a0-0b99c00588b9 to datanode:e50fc3ca-175c-4331-888e-9d5a4b4ffc01
2023-05-08 09:33:25,150 [RatisPipelineUtilsThread - 0] INFO  pipeline.RatisPipelineProvider (RatisPipelineProvider.java:lambda$create$0(206)) - Sending CreatePipelineCommand for pipeline:PipelineID=2d1bfc3e-e8ef-4ba8-b2a0-0b99c00588b9 to datanode:6682b1a5-9385-4106-b4a0-cef9873e4e75
2023-05-08 09:33:25,151 [RatisPipelineUtilsThread - 0] INFO  pipeline.PipelineStateManagerImpl (PipelineStateManagerImpl.java:addPipeline(103)) - Created pipeline Pipeline[ Id: 2d1bfc3e-e8ef-4ba8-b2a0-0b99c00588b9, Nodes: d7c57734-1d74-411b-8fcc-d057f09568f6(fv-az96-539/10.1.0.160)e50fc3ca-175c-4331-888e-9d5a4b4ffc01(fv-az96-539/10.1.0.160)6682b1a5-9385-4106-b4a0-cef9873e4e75(fv-az96-539/10.1.0.160), ReplicationConfig: RATIS/THREE, State:ALLOCATED, leaderId:, CreationTimestamp2023-05-08T09:33:25.150Z[Etc/UTC]].
2023-05-08 09:33:25,152 [RatisPipelineUtilsThread - 0] INFO  pipeline.RatisPipelineProvider (RatisPipelineProvider.java:lambda$create$0(206)) - Sending CreatePipelineCommand for pipeline:PipelineID=cf46c7d8-7583-46ff-a254-1ca41fb13f41 to datanode:6682b1a5-9385-4106-b4a0-cef9873e4e75
2023-05-08 09:33:25,152 [RatisPipelineUtilsThread - 0] INFO  pipeline.RatisPipelineProvider (RatisPipelineProvider.java:lambda$create$0(206)) - Sending CreatePipelineCommand for pipeline:PipelineID=cf46c7d8-7583-46ff-a254-1ca41fb13f41 to datanode:e50fc3ca-175c-4331-888e-9d5a4b4ffc01
2023-05-08 09:33:25,162 [RatisPipelineUtilsThread - 0] INFO  pipeline.RatisPipelineProvider (RatisPipelineProvider.java:lambda$create$0(206)) - Sending CreatePipelineCommand for pipeline:PipelineID=cf46c7d8-7583-46ff-a254-1ca41fb13f41 to datanode:d7c57734-1d74-411b-8fcc-d057f09568f6
2023-05-08 09:33:25,164 [RatisPipelineUtilsThread - 0] INFO  pipeline.PipelineStateManagerImpl (PipelineStateManagerImpl.java:addPipeline(103)) - Created pipeline Pipeline[ Id: cf46c7d8-7583-46ff-a254-1ca41fb13f41, Nodes: 6682b1a5-9385-4106-b4a0-cef9873e4e75(fv-az96-539/10.1.0.160)e50fc3ca-175c-4331-888e-9d5a4b4ffc01(fv-az96-539/10.1.0.160)d7c57734-1d74-411b-8fcc-d057f09568f6(fv-az96-539/10.1.0.160), ReplicationConfig: RATIS/THREE, State:ALLOCATED, leaderId:, CreationTimestamp2023-05-08T09:33:25.152Z[Etc/UTC]].
2023-05-08 09:33:25,164 [RatisPipelineUtilsThread - 0] INFO  pipeline.PipelineManagerImpl (PipelineManagerImpl.java:recordMetricsForPipeline(826)) - Pipeline: PipelineID=cf46c7d8-7583-46ff-a254-1ca41fb13f41 contains same datanodes as previous pipelines: PipelineID=2d1bfc3e-e8ef-4ba8-b2a0-0b99c00588b9 nodeIds: 6682b1a5-9385-4106-b4a0-cef9873e4e75, e50fc3ca-175c-4331-888e-9d5a4b4ffc01, d7c57734-1d74-411b-8fcc-d057f09568f6
2023-05-08 09:33:25,166 [RatisPipelineUtilsThread - 0] WARN  pipeline.PipelinePlacementPolicy (PipelinePlacementPolicy.java:filterViableNodes(160)) - Pipeline creation failed due to no sufficient healthy datanodes. Required 3. Found 0. Excluded 3.
2023-05-08 09:33:26,134 [Listener at 127.0.0.1/45613] INFO  ozone.MiniOzoneClusterImpl (MiniOzoneClusterImpl.java:lambda$waitForClusterToBeReady$0(224)) - Nodes are ready. Got 3 of 3 DN Heartbeats.
2023-05-08 09:33:26,134 [Listener at 127.0.0.1/45613] INFO  ozone.MiniOzoneClusterImpl (MiniOzoneClusterImpl.java:lambda$waitForClusterToBeReady$0(227)) - Waiting for cluster to exit safe mode
2023-05-08 09:33:26,134 [Listener at 127.0.0.1/45613] INFO  ozone.MiniOzoneClusterImpl (MiniOzoneClusterImpl.java:lambda$waitForClusterToBeReady$0(229)) - SCM became leader
2023-05-08 09:33:27,077 [Command processor thread] INFO  server.RaftServer (RaftServerProxy.java:addNew(96)) - 6682b1a5-9385-4106-b4a0-cef9873e4e75: addNew group-DC8708C6939A:[6682b1a5-9385-4106-b4a0-cef9873e4e75|rpc:10.1.0.160:45305|dataStream:10.1.0.160:41803|priority:1|startupRole:FOLLOWER] returns group-DC8708C6939A:java.util.concurrent.CompletableFuture@6a5e05be[Not completed]
2023-05-08 09:33:27,090 [pool-79-thread-1] INFO  server.RaftServer$Division (RaftServerImpl.java:<init>(195)) - 6682b1a5-9385-4106-b4a0-cef9873e4e75: new RaftServerImpl for group-DC8708C6939A:[6682b1a5-9385-4106-b4a0-cef9873e4e75|rpc:10.1.0.160:45305|dataStream:10.1.0.160:41803|priority:1|startupRole:FOLLOWER] with ContainerStateMachine:uninitialized
2023-05-08 09:33:27,090 [pool-79-thread-1] INFO  server.RaftServerConfigKeys (ConfUtils.java:logGet(46)) - raft.server.rpc.timeout.min = 5s (custom)
2023-05-08 09:33:27,090 [pool-79-thread-1] INFO  server.RaftServerConfigKeys (ConfUtils.java:logGet(46)) - raft.server.rpc.timeout.max = 5200ms (custom)
2023-05-08 09:33:27,090 [pool-79-thread-1] INFO  server.RaftServerConfigKeys (ConfUtils.java:logGet(46)) - raft.server.rpc.sleep.time = 25ms (default)
2023-05-08 09:33:27,090 [pool-79-thread-1] INFO  server.RaftServerConfigKeys (ConfUtils.java:logGet(46)) - raft.server.rpc.slowness.timeout = 300s (custom)
2023-05-08 09:33:27,090 [pool-79-thread-1] INFO  server.RaftServerConfigKeys (ConfUtils.java:logGet(46)) - raft.server.leaderelection.leader.step-down.wait-time = 10s (default)
2023-05-08 09:33:27,090 [pool-79-thread-1] INFO  server.RaftServerConfigKeys (ConfUtils.java:logGet(46)) - raft.server.sleep.deviation.threshold = 300ms (default)
2023-05-08 09:33:27,090 [pool-79-thread-1] INFO  server.RaftServer$Division (ServerState.java:<init>(118)) - 6682b1a5-9385-4106-b4a0-cef9873e4e75@group-DC8708C6939A: ConfigurationManager, init=-1: peers:[6682b1a5-9385-4106-b4a0-cef9873e4e75|rpc:10.1.0.160:45305|dataStream:10.1.0.160:41803|priority:1|startupRole:FOLLOWER]|listeners:[], old=null, confs=<EMPTY_MAP>
2023-05-08 09:33:27,091 [pool-79-thread-1] INFO  server.RaftServerConfigKeys (ConfUtils.java:logGet(46)) - raft.server.storage.dir = [/home/runner/work/ozone/ozone/hadoop-ozone/integration-test/target/test-dir/MiniOzoneClusterImpl-9831f382-72e6-431b-adf3-2f9efd8fb9d7/datanode-0/data/ratis] (custom)
2023-05-08 09:33:27,091 [pool-79-thread-1] INFO  server.RaftServerConfigKeys (ConfUtils.java:logGet(46)) - raft.server.log.corruption.policy = EXCEPTION (default)
2023-05-08 09:33:27,091 [pool-79-thread-1] INFO  server.RaftServerConfigKeys (ConfUtils.java:logGet(46)) - raft.server.storage.free-space.min = 0MB (=0) (default)
2023-05-08 09:33:27,091 [pool-79-thread-1] INFO  server.RaftServerConfigKeys (ConfUtils.java:logGet(46)) - raft.server.notification.no-leader.timeout = 300s (custom)
2023-05-08 09:33:27,091 [pool-79-thread-1] INFO  server.RaftServerConfigKeys (ConfUtils.java:logGet(46)) - raft.server.retrycache.expirytime = 600000ms (custom)
2023-05-08 09:33:27,091 [pool-79-thread-1] INFO  server.RaftServerConfigKeys (ConfUtils.java:logGet(46)) - raft.server.retrycache.statistics.expirytime = 100μs (default)
2023-05-08 09:33:27,093 [pool-79-thread-1] INFO  server.RaftServerConfigKeys (ConfUtils.java:logGet(46)) - raft.server.log.appender.install.snapshot.enabled = false (custom)
2023-05-08 09:33:27,093 [pool-79-thread-1] INFO  server.RaftServerConfigKeys (ConfUtils.java:logGet(46)) - raft.server.threadpool.server.cached = true (default)
2023-05-08 09:33:27,093 [pool-79-thread-1] INFO  server.RaftServerConfigKeys (ConfUtils.java:logGet(46)) - raft.server.threadpool.server.size = 0 (default)
2023-05-08 09:33:27,093 [pool-79-thread-1] INFO  server.RaftServerConfigKeys (ConfUtils.java:logGet(46)) - raft.server.threadpool.client.cached = true (default)
2023-05-08 09:33:27,093 [pool-79-thread-1] INFO  server.RaftServerConfigKeys (ConfUtils.java:logGet(46)) - raft.server.threadpool.client.size = 0 (default)
2023-05-08 09:33:27,093 [pool-79-thread-1] INFO  storage.RaftStorageDirectory (RaftStorageDirectoryImpl.java:analyzeStorage(137)) - The storage directory /home/runner/work/ozone/ozone/hadoop-ozone/integration-test/target/test-dir/MiniOzoneClusterImpl-9831f382-72e6-431b-adf3-2f9efd8fb9d7/datanode-0/data/ratis/a2cacae4-47c0-42ef-9c1d-dc8708c6939a does not exist. Creating ...
2023-05-08 09:33:27,096 [pool-79-thread-1] INFO  storage.RaftStorageDirectory (RaftStorageDirectoryImpl.java:tryLock(231)) - Lock on /home/runner/work/ozone/ozone/hadoop-ozone/integration-test/target/test-dir/MiniOzoneClusterImpl-9831f382-72e6-431b-adf3-2f9efd8fb9d7/datanode-0/data/ratis/a2cacae4-47c0-42ef-9c1d-dc8708c6939a/in_use.lock acquired by nodename 7572@fv-az96-539
2023-05-08 09:33:27,097 [pool-79-thread-1] INFO  storage.RaftStorage (RaftStorageImpl.java:format(96)) - Storage directory /home/runner/work/ozone/ozone/hadoop-ozone/integration-test/target/test-dir/MiniOzoneClusterImpl-9831f382-72e6-431b-adf3-2f9efd8fb9d7/datanode-0/data/ratis/a2cacae4-47c0-42ef-9c1d-dc8708c6939a has been successfully formatted.
2023-05-08 09:33:27,100 [pool-79-thread-1] INFO  ratis.ContainerStateMachine (ContainerStateMachine.java:loadSnapshot(262)) - group-DC8708C6939A: The snapshot info is null. Setting the last applied indexto:(t:0, i:~)
2023-05-08 09:33:27,101 [pool-79-thread-1] INFO  server.RaftServerConfigKeys (ConfUtils.java:logGet(46)) - raft.server.log.use.memory = false (default)
2023-05-08 09:33:27,101 [pool-79-thread-1] INFO  server.RaftServerConfigKeys (ConfUtils.java:logGet(46)) - raft.server.log.purge.gap = 1000000 (custom)
2023-05-08 09:33:27,101 [pool-79-thread-1] INFO  server.RaftServerConfigKeys (ConfUtils.java:logGet(46)) - raft.server.log.appender.buffer.byte-limit = 33554432 (custom)
2023-05-08 09:33:27,101 [pool-79-thread-1] INFO  server.RaftServerConfigKeys (ConfUtils.java:logGet(46)) - raft.server.log.statemachine.data.read.timeout = 1000ms (default)
2023-05-08 09:33:27,101 [pool-79-thread-1] INFO  server.RaftServerConfigKeys (ConfUtils.java:logGet(46)) - raft.server.log.purge.preservation.log.num = 0 (default)
2023-05-08 09:33:27,101 [pool-79-thread-1] INFO  server.RaftServerConfigKeys (ConfUtils.java:logGet(46)) - raft.server.log.segment.size.max = 1048576 (custom)
2023-05-08 09:33:27,103 [pool-79-thread-1] INFO  server.RaftServerConfigKeys (ConfUtils.java:logGet(46)) - raft.server.log.segment.cache.num.max = 2 (custom)
2023-05-08 09:33:27,103 [pool-79-thread-1] INFO  server.RaftServerConfigKeys (ConfUtils.java:logGet(46)) - raft.server.log.segment.cache.size.max = 200MB (=209715200) (default)
2023-05-08 09:33:27,103 [pool-79-thread-1] INFO  segmented.SegmentedRaftLogWorker (SegmentedRaftLogWorker.java:<init>(189)) - new 6682b1a5-9385-4106-b4a0-cef9873e4e75@group-DC8708C6939A-SegmentedRaftLogWorker for RaftStorageImpl:Storage Directory /home/runner/work/ozone/ozone/hadoop-ozone/integration-test/target/test-dir/MiniOzoneClusterImpl-9831f382-72e6-431b-adf3-2f9efd8fb9d7/datanode-0/data/ratis/a2cacae4-47c0-42ef-9c1d-dc8708c6939a
2023-05-08 09:33:27,103 [pool-79-thread-1] INFO  server.RaftServerConfigKeys (ConfUtils.java:logGet(46)) - raft.server.log.queue.byte-limit = 4294967296 (custom)
2023-05-08 09:33:27,103 [pool-79-thread-1] INFO  server.RaftServerConfigKeys (ConfUtils.java:logGet(46)) - raft.server.log.queue.element-limit = 1024 (custom)
2023-05-08 09:33:27,103 [pool-79-thread-1] INFO  server.RaftServerConfigKeys (ConfUtils.java:logGet(46)) - raft.server.log.segment.size.max = 1048576 (custom)
2023-05-08 09:33:27,103 [pool-79-thread-1] INFO  server.RaftServerConfigKeys (ConfUtils.java:logGet(46)) - raft.server.log.preallocated.size = 16384 (custom)
2023-05-08 09:33:27,103 [pool-79-thread-1] INFO  server.RaftServerConfigKeys (ConfUtils.java:logGet(46)) - raft.server.log.force.sync.num = 128 (default)
2023-05-08 09:33:27,103 [pool-79-thread-1] INFO  server.RaftServerConfigKeys (ConfUtils.java:logGet(46)) - raft.server.log.statemachine.data.sync = true (default)
2023-05-08 09:33:27,103 [EventQueue-PipelineReportForPipelineReportHandler] INFO  pipeline.PipelineManagerImpl (PipelineManagerImpl.java:openPipeline(367)) - Pipeline Pipeline[ Id: a2cacae4-47c0-42ef-9c1d-dc8708c6939a, Nodes: 6682b1a5-9385-4106-b4a0-cef9873e4e75(fv-az96-539/10.1.0.160), ReplicationConfig: RATIS/ONE, State:ALLOCATED, leaderId:6682b1a5-9385-4106-b4a0-cef9873e4e75, CreationTimestamp2023-05-08T09:33:24.089Z[Etc/UTC]] moved to OPEN state
2023-05-08 09:33:27,103 [pool-79-thread-1] INFO  server.RaftServerConfigKeys (ConfUtils.java:logGet(46)) - raft.server.log.statemachine.data.sync.timeout = 10s (default)
2023-05-08 09:33:27,103 [pool-79-thread-1] INFO  server.RaftServerConfigKeys (ConfUtils.java:logGet(46)) - raft.server.log.statemachine.data.sync.timeout.retry = -1 (default)
2023-05-08 09:33:27,109 [pool-79-thread-1] INFO  server.RaftServerConfigKeys (ConfUtils.java:logGet(46)) - raft.server.log.write.buffer.size = 1048576 (custom)
2023-05-08 09:33:27,110 [pool-79-thread-1] INFO  server.RaftServerConfigKeys (ConfUtils.java:logGet(46)) - raft.server.log.appender.buffer.byte-limit = 33554432 (custom)
2023-05-08 09:33:27,120 [EventQueue-OpenPipelineForHealthyPipelineSafeModeRule] INFO  safemode.SCMSafeModeManager (HealthyPipelineSafeModeRule.java:process(137)) - SCM in safe mode. Healthy pipelines reported count is 0, required healthy pipeline reported count is 1
2023-05-08 09:33:27,123 [pool-79-thread-1] INFO  server.RaftServerConfigKeys (ConfUtils.java:logGet(46)) - raft.server.log.unsafe-flush.enabled = false (default)
2023-05-08 09:33:27,123 [pool-79-thread-1] INFO  server.RaftServerConfigKeys (ConfUtils.java:logGet(46)) - raft.server.log.async-flush.enabled = false (default)
2023-05-08 09:33:27,123 [pool-79-thread-1] INFO  server.RaftServerConfigKeys (ConfUtils.java:logGet(46)) - raft.server.log.statemachine.data.caching.enabled = true (custom)
2023-05-08 09:33:27,124 [pool-79-thread-1] INFO  segmented.SegmentedRaftLogWorker (SegmentedRaftLogWorker.java:lambda$new$0(135)) - 6682b1a5-9385-4106-b4a0-cef9873e4e75@group-DC8708C6939A-SegmentedRaftLogWorker: flushIndex: setUnconditionally 0 -> -1
2023-05-08 09:33:27,124 [pool-79-thread-1] INFO  segmented.SegmentedRaftLogWorker (SegmentedRaftLogWorker.java:lambda$new$0(135)) - 6682b1a5-9385-4106-b4a0-cef9873e4e75@group-DC8708C6939A-SegmentedRaftLogWorker: safeCacheEvictIndex: setUnconditionally 0 -> -1
2023-05-08 09:33:27,124 [pool-79-thread-1] INFO  server.RaftServer$Division (RaftServerImpl.java:start(334)) - 6682b1a5-9385-4106-b4a0-cef9873e4e75@group-DC8708C6939A: start as a follower, conf=-1: peers:[6682b1a5-9385-4106-b4a0-cef9873e4e75|rpc:10.1.0.160:45305|dataStream:10.1.0.160:41803|priority:1|startupRole:FOLLOWER]|listeners:[], old=null
2023-05-08 09:33:27,124 [pool-79-thread-1] INFO  server.RaftServer$Division (RaftServerImpl.java:setRole(321)) - 6682b1a5-9385-4106-b4a0-cef9873e4e75@group-DC8708C6939A: changes role from      null to FOLLOWER at term 0 for startAsFollower
2023-05-08 09:33:27,124 [pool-79-thread-1] INFO  impl.RoleInfo (RoleInfo.java:updateAndGet(139)) - 6682b1a5-9385-4106-b4a0-cef9873e4e75: start 6682b1a5-9385-4106-b4a0-cef9873e4e75@group-DC8708C6939A-FollowerState
2023-05-08 09:33:27,124 [pool-79-thread-1] INFO  util.JmxRegister (JmxRegister.java:tryRegister(44)) - Successfully registered JMX Bean with object name Ratis:service=RaftServer,group=group-DC8708C6939A,id=6682b1a5-9385-4106-b4a0-cef9873e4e75
2023-05-08 09:33:27,124 [pool-79-thread-1] INFO  server.RaftServerConfigKeys (ConfUtils.java:logGet(46)) - raft.server.snapshot.auto.trigger.enabled = true (custom)
2023-05-08 09:33:27,125 [pool-79-thread-1] INFO  server.RaftServerConfigKeys (ConfUtils.java:logGet(46)) - raft.server.snapshot.auto.trigger.threshold = 10000 (custom)
2023-05-08 09:33:27,125 [pool-79-thread-1] INFO  server.RaftServerConfigKeys (ConfUtils.java:logGet(46)) - raft.server.snapshot.retention.file.num = 5 (custom)
2023-05-08 09:33:27,125 [pool-79-thread-1] INFO  server.RaftServerConfigKeys (ConfUtils.java:logGet(46)) - raft.server.log.purge.upto.snapshot.index = false (default)
2023-05-08 09:33:27,125 [6682b1a5-9385-4106-b4a0-cef9873e4e75@group-DC8708C6939A-FollowerState] INFO  server.RaftServerConfigKeys (ConfUtils.java:logFallback(53)) - raft.server.rpc.first-election.timeout.min = 5s (fallback to raft.server.rpc.timeout.min)
2023-05-08 09:33:27,126 [6682b1a5-9385-4106-b4a0-cef9873e4e75@group-DC8708C6939A-FollowerState] INFO  server.RaftServerConfigKeys (ConfUtils.java:logFallback(53)) - raft.server.rpc.first-election.timeout.max = 5200ms (fallback to raft.server.rpc.timeout.max)
2023-05-08 09:33:27,135 [Listener at 127.0.0.1/45613] INFO  ozone.MiniOzoneClusterImpl (MiniOzoneClusterImpl.java:lambda$waitForClusterToBeReady$0(224)) - Nodes are ready. Got 3 of 3 DN Heartbeats.
2023-05-08 09:33:27,135 [Listener at 127.0.0.1/45613] INFO  ozone.MiniOzoneClusterImpl (MiniOzoneClusterImpl.java:lambda$waitForClusterToBeReady$0(227)) - Waiting for cluster to exit safe mode
2023-05-08 09:33:27,135 [Listener at 127.0.0.1/45613] INFO  ozone.MiniOzoneClusterImpl (MiniOzoneClusterImpl.java:lambda$waitForClusterToBeReady$0(229)) - SCM became leader
2023-05-08 09:33:27,139 [Command processor thread] INFO  ratis.XceiverServerRatis (XceiverServerRatis.java:addGroup(806)) - Created group PipelineID=a2cacae4-47c0-42ef-9c1d-dc8708c6939a
2023-05-08 09:33:27,139 [Command processor thread] INFO  commandhandler.CreatePipelineCommandHandler (CreatePipelineCommandHandler.java:handle(113)) - Created Pipeline RATIS ONE PipelineID=a2cacae4-47c0-42ef-9c1d-dc8708c6939a.
2023-05-08 09:33:27,140 [Command processor thread] INFO  server.RaftServer (RaftServerProxy.java:addNew(96)) - 6682b1a5-9385-4106-b4a0-cef9873e4e75: addNew group-0B99C00588B9:[d7c57734-1d74-411b-8fcc-d057f09568f6|rpc:10.1.0.160:36437|dataStream:10.1.0.160:34857|priority:0|startupRole:FOLLOWER, e50fc3ca-175c-4331-888e-9d5a4b4ffc01|rpc:10.1.0.160:37363|dataStream:10.1.0.160:41371|priority:1|startupRole:FOLLOWER, 6682b1a5-9385-4106-b4a0-cef9873e4e75|rpc:10.1.0.160:45305|dataStream:10.1.0.160:41803|priority:0|startupRole:FOLLOWER] returns group-0B99C00588B9:java.util.concurrent.CompletableFuture@78d84254[Not completed]
2023-05-08 09:33:27,141 [pool-79-thread-1] INFO  server.RaftServer$Division (RaftServerImpl.java:<init>(195)) - 6682b1a5-9385-4106-b4a0-cef9873e4e75: new RaftServerImpl for group-0B99C00588B9:[d7c57734-1d74-411b-8fcc-d057f09568f6|rpc:10.1.0.160:36437|dataStream:10.1.0.160:34857|priority:0|startupRole:FOLLOWER, e50fc3ca-175c-4331-888e-9d5a4b4ffc01|rpc:10.1.0.160:37363|dataStream:10.1.0.160:41371|priority:1|startupRole:FOLLOWER, 6682b1a5-9385-4106-b4a0-cef9873e4e75|rpc:10.1.0.160:45305|dataStream:10.1.0.160:41803|priority:0|startupRole:FOLLOWER] with ContainerStateMachine:uninitialized
2023-05-08 09:33:27,141 [pool-79-thread-1] INFO  server.RaftServerConfigKeys (ConfUtils.java:logGet(46)) - raft.server.rpc.timeout.min = 5s (custom)
2023-05-08 09:33:27,141 [pool-79-thread-1] INFO  server.RaftServerConfigKeys (ConfUtils.java:logGet(46)) - raft.server.rpc.timeout.max = 5200ms (custom)
2023-05-08 09:33:27,141 [pool-79-thread-1] INFO  server.RaftServerConfigKeys (ConfUtils.java:logGet(46)) - raft.server.rpc.sleep.time = 25ms (default)
2023-05-08 09:33:27,141 [pool-79-thread-1] INFO  server.RaftServerConfigKeys (ConfUtils.java:logGet(46)) - raft.server.rpc.slowness.timeout = 300s (custom)
2023-05-08 09:33:27,142 [pool-79-thread-1] INFO  server.RaftServerConfigKeys (ConfUtils.java:logGet(46)) - raft.server.leaderelection.leader.step-down.wait-time = 10s (default)
2023-05-08 09:33:27,142 [pool-79-thread-1] INFO  server.RaftServerConfigKeys (ConfUtils.java:logGet(46)) - raft.server.sleep.deviation.threshold = 300ms (default)
2023-05-08 09:33:27,142 [pool-79-thread-1] INFO  server.RaftServer$Division (ServerState.java:<init>(118)) - 6682b1a5-9385-4106-b4a0-cef9873e4e75@group-0B99C00588B9: ConfigurationManager, init=-1: peers:[d7c57734-1d74-411b-8fcc-d057f09568f6|rpc:10.1.0.160:36437|dataStream:10.1.0.160:34857|priority:0|startupRole:FOLLOWER, e50fc3ca-175c-4331-888e-9d5a4b4ffc01|rpc:10.1.0.160:37363|dataStream:10.1.0.160:41371|priority:1|startupRole:FOLLOWER, 6682b1a5-9385-4106-b4a0-cef9873e4e75|rpc:10.1.0.160:45305|dataStream:10.1.0.160:41803|priority:0|startupRole:FOLLOWER]|listeners:[], old=null, confs=<EMPTY_MAP>
2023-05-08 09:33:27,149 [pool-79-thread-1] INFO  server.RaftServerConfigKeys (ConfUtils.java:logGet(46)) - raft.server.storage.dir = [/home/runner/work/ozone/ozone/hadoop-ozone/integration-test/target/test-dir/MiniOzoneClusterImpl-9831f382-72e6-431b-adf3-2f9efd8fb9d7/datanode-0/data/ratis] (custom)
2023-05-08 09:33:27,151 [pool-79-thread-1] INFO  server.RaftServerConfigKeys (ConfUtils.java:logGet(46)) - raft.server.log.corruption.policy = EXCEPTION (default)
2023-05-08 09:33:27,151 [pool-79-thread-1] INFO  server.RaftServerConfigKeys (ConfUtils.java:logGet(46)) - raft.server.storage.free-space.min = 0MB (=0) (default)
2023-05-08 09:33:27,151 [pool-79-thread-1] INFO  server.RaftServerConfigKeys (ConfUtils.java:logGet(46)) - raft.server.notification.no-leader.timeout = 300s (custom)
2023-05-08 09:33:27,151 [pool-79-thread-1] INFO  server.RaftServerConfigKeys (ConfUtils.java:logGet(46)) - raft.server.retrycache.expirytime = 600000ms (custom)
2023-05-08 09:33:27,151 [pool-79-thread-1] INFO  server.RaftServerConfigKeys (ConfUtils.java:logGet(46)) - raft.server.retrycache.statistics.expirytime = 100μs (default)
2023-05-08 09:33:27,153 [pool-79-thread-1] INFO  server.RaftServerConfigKeys (ConfUtils.java:logGet(46)) - raft.server.log.appender.install.snapshot.enabled = false (custom)
2023-05-08 09:33:27,153 [pool-79-thread-1] INFO  server.RaftServerConfigKeys (ConfUtils.java:logGet(46)) - raft.server.threadpool.server.cached = true (default)
2023-05-08 09:33:27,153 [pool-79-thread-1] INFO  server.RaftServerConfigKeys (ConfUtils.java:logGet(46)) - raft.server.threadpool.server.size = 0 (default)
2023-05-08 09:33:27,153 [pool-79-thread-1] INFO  server.RaftServerConfigKeys (ConfUtils.java:logGet(46)) - raft.server.threadpool.client.cached = true (default)
2023-05-08 09:33:27,153 [pool-79-thread-1] INFO  server.RaftServerConfigKeys (ConfUtils.java:logGet(46)) - raft.server.threadpool.client.size = 0 (default)
2023-05-08 09:33:27,153 [pool-79-thread-1] INFO  storage.RaftStorageDirectory (RaftStorageDirectoryImpl.java:analyzeStorage(137)) - The storage directory /home/runner/work/ozone/ozone/hadoop-ozone/integration-test/target/test-dir/MiniOzoneClusterImpl-9831f382-72e6-431b-adf3-2f9efd8fb9d7/datanode-0/data/ratis/2d1bfc3e-e8ef-4ba8-b2a0-0b99c00588b9 does not exist. Creating ...
2023-05-08 09:33:27,154 [pool-79-thread-1] INFO  storage.RaftStorageDirectory (RaftStorageDirectoryImpl.java:tryLock(231)) - Lock on /home/runner/work/ozone/ozone/hadoop-ozone/integration-test/target/test-dir/MiniOzoneClusterImpl-9831f382-72e6-431b-adf3-2f9efd8fb9d7/datanode-0/data/ratis/2d1bfc3e-e8ef-4ba8-b2a0-0b99c00588b9/in_use.lock acquired by nodename 7572@fv-az96-539
2023-05-08 09:33:27,155 [pool-79-thread-1] INFO  storage.RaftStorage (RaftStorageImpl.java:format(96)) - Storage directory /home/runner/work/ozone/ozone/hadoop-ozone/integration-test/target/test-dir/MiniOzoneClusterImpl-9831f382-72e6-431b-adf3-2f9efd8fb9d7/datanode-0/data/ratis/2d1bfc3e-e8ef-4ba8-b2a0-0b99c00588b9 has been successfully formatted.
2023-05-08 09:33:27,155 [pool-79-thread-1] INFO  ratis.ContainerStateMachine (ContainerStateMachine.java:loadSnapshot(262)) - group-0B99C00588B9: The snapshot info is null. Setting the last applied indexto:(t:0, i:~)
2023-05-08 09:33:27,155 [pool-79-thread-1] INFO  server.RaftServerConfigKeys (ConfUtils.java:logGet(46)) - raft.server.log.use.memory = false (default)
2023-05-08 09:33:27,156 [pool-79-thread-1] INFO  server.RaftServerConfigKeys (ConfUtils.java:logGet(46)) - raft.server.log.purge.gap = 1000000 (custom)
2023-05-08 09:33:27,156 [pool-79-thread-1] INFO  server.RaftServerConfigKeys (ConfUtils.java:logGet(46)) - raft.server.log.appender.buffer.byte-limit = 33554432 (custom)
2023-05-08 09:33:27,156 [pool-79-thread-1] INFO  server.RaftServerConfigKeys (ConfUtils.java:logGet(46)) - raft.server.log.statemachine.data.read.timeout = 1000ms (default)
2023-05-08 09:33:27,156 [pool-79-thread-1] INFO  server.RaftServerConfigKeys (ConfUtils.java:logGet(46)) - raft.server.log.purge.preservation.log.num = 0 (default)
2023-05-08 09:33:27,156 [pool-79-thread-1] INFO  server.RaftServerConfigKeys (ConfUtils.java:logGet(46)) - raft.server.log.segment.size.max = 1048576 (custom)
2023-05-08 09:33:27,157 [EventQueue-OpenPipelineForHealthyPipelineSafeModeRule] INFO  safemode.SCMSafeModeManager (HealthyPipelineSafeModeRule.java:process(137)) - SCM in safe mode. Healthy pipelines reported count is 0, required healthy pipeline reported count is 1
2023-05-08 09:33:27,158 [pool-79-thread-1] INFO  server.RaftServerConfigKeys (ConfUtils.java:logGet(46)) - raft.server.log.segment.cache.num.max = 2 (custom)
2023-05-08 09:33:27,158 [pool-79-thread-1] INFO  server.RaftServerConfigKeys (ConfUtils.java:logGet(46)) - raft.server.log.segment.cache.size.max = 200MB (=209715200) (default)
2023-05-08 09:33:27,159 [pool-79-thread-1] INFO  segmented.SegmentedRaftLogWorker (SegmentedRaftLogWorker.java:<init>(189)) - new 6682b1a5-9385-4106-b4a0-cef9873e4e75@group-0B99C00588B9-SegmentedRaftLogWorker for RaftStorageImpl:Storage Directory /home/runner/work/ozone/ozone/hadoop-ozone/integration-test/target/test-dir/MiniOzoneClusterImpl-9831f382-72e6-431b-adf3-2f9efd8fb9d7/datanode-0/data/ratis/2d1bfc3e-e8ef-4ba8-b2a0-0b99c00588b9
2023-05-08 09:33:27,159 [pool-79-thread-1] INFO  server.RaftServerConfigKeys (ConfUtils.java:logGet(46)) - raft.server.log.queue.byte-limit = 4294967296 (custom)
2023-05-08 09:33:27,159 [pool-79-thread-1] INFO  server.RaftServerConfigKeys (ConfUtils.java:logGet(46)) - raft.server.log.queue.element-limit = 1024 (custom)
2023-05-08 09:33:27,159 [pool-79-thread-1] INFO  server.RaftServerConfigKeys (ConfUtils.java:logGet(46)) - raft.server.log.segment.size.max = 1048576 (custom)
2023-05-08 09:33:27,159 [pool-79-thread-1] INFO  server.RaftServerConfigKeys (ConfUtils.java:logGet(46)) - raft.server.log.preallocated.size = 16384 (custom)
2023-05-08 09:33:27,159 [pool-79-thread-1] INFO  server.RaftServerConfigKeys (ConfUtils.java:logGet(46)) - raft.server.log.force.sync.num = 128 (default)
2023-05-08 09:33:27,159 [pool-79-thread-1] INFO  server.RaftServerConfigKeys (ConfUtils.java:logGet(46)) - raft.server.log.statemachine.data.sync = true (default)
2023-05-08 09:33:27,159 [pool-79-thread-1] INFO  server.RaftServerConfigKeys (ConfUtils.java:logGet(46)) - raft.server.log.statemachine.data.sync.timeout = 10s (default)
2023-05-08 09:33:27,159 [pool-79-thread-1] INFO  server.RaftServerConfigKeys (ConfUtils.java:logGet(46)) - raft.server.log.statemachine.data.sync.timeout.retry = -1 (default)
2023-05-08 09:33:27,161 [pool-79-thread-1] INFO  server.RaftServerConfigKeys (ConfUtils.java:logGet(46)) - raft.server.log.write.buffer.size = 1048576 (custom)
2023-05-08 09:33:27,163 [pool-79-thread-1] INFO  server.RaftServerConfigKeys (ConfUtils.java:logGet(46)) - raft.server.log.appender.buffer.byte-limit = 33554432 (custom)
2023-05-08 09:33:27,175 [pool-79-thread-1] INFO  server.RaftServerConfigKeys (ConfUtils.java:logGet(46)) - raft.server.log.unsafe-flush.enabled = false (default)
2023-05-08 09:33:27,175 [pool-79-thread-1] INFO  server.RaftServerConfigKeys (ConfUtils.java:logGet(46)) - raft.server.log.async-flush.enabled = false (default)
2023-05-08 09:33:27,175 [pool-79-thread-1] INFO  server.RaftServerConfigKeys (ConfUtils.java:logGet(46)) - raft.server.log.statemachine.data.caching.enabled = true (custom)
2023-05-08 09:33:27,176 [pool-79-thread-1] INFO  segmented.SegmentedRaftLogWorker (SegmentedRaftLogWorker.java:lambda$new$0(135)) - 6682b1a5-9385-4106-b4a0-cef9873e4e75@group-0B99C00588B9-SegmentedRaftLogWorker: flushIndex: setUnconditionally 0 -> -1
2023-05-08 09:33:27,176 [pool-79-thread-1] INFO  segmented.SegmentedRaftLogWorker (SegmentedRaftLogWorker.java:lambda$new$0(135)) - 6682b1a5-9385-4106-b4a0-cef9873e4e75@group-0B99C00588B9-SegmentedRaftLogWorker: safeCacheEvictIndex: setUnconditionally 0 -> -1
2023-05-08 09:33:27,176 [pool-79-thread-1] INFO  server.RaftServer$Division (RaftServerImpl.java:start(334)) - 6682b1a5-9385-4106-b4a0-cef9873e4e75@group-0B99C00588B9: start as a follower, conf=-1: peers:[d7c57734-1d74-411b-8fcc-d057f09568f6|rpc:10.1.0.160:36437|dataStream:10.1.0.160:34857|priority:0|startupRole:FOLLOWER, e50fc3ca-175c-4331-888e-9d5a4b4ffc01|rpc:10.1.0.160:37363|dataStream:10.1.0.160:41371|priority:1|startupRole:FOLLOWER, 6682b1a5-9385-4106-b4a0-cef9873e4e75|rpc:10.1.0.160:45305|dataStream:10.1.0.160:41803|priority:0|startupRole:FOLLOWER]|listeners:[], old=null
2023-05-08 09:33:27,176 [pool-79-thread-1] INFO  server.RaftServer$Division (RaftServerImpl.java:setRole(321)) - 6682b1a5-9385-4106-b4a0-cef9873e4e75@group-0B99C00588B9: changes role from      null to FOLLOWER at term 0 for startAsFollower
2023-05-08 09:33:27,176 [pool-79-thread-1] INFO  impl.RoleInfo (RoleInfo.java:updateAndGet(139)) - 6682b1a5-9385-4106-b4a0-cef9873e4e75: start 6682b1a5-9385-4106-b4a0-cef9873e4e75@group-0B99C00588B9-FollowerState
2023-05-08 09:33:27,176 [pool-79-thread-1] INFO  util.JmxRegister (JmxRegister.java:tryRegister(44)) - Successfully registered JMX Bean with object name Ratis:service=RaftServer,group=group-0B99C00588B9,id=6682b1a5-9385-4106-b4a0-cef9873e4e75
2023-05-08 09:33:27,176 [pool-79-thread-1] INFO  server.RaftServerConfigKeys (ConfUtils.java:logGet(46)) - raft.server.snapshot.auto.trigger.enabled = true (custom)
2023-05-08 09:33:27,176 [pool-79-thread-1] INFO  server.RaftServerConfigKeys (ConfUtils.java:logGet(46)) - raft.server.snapshot.auto.trigger.threshold = 10000 (custom)
2023-05-08 09:33:27,177 [pool-79-thread-1] INFO  server.RaftServerConfigKeys (ConfUtils.java:logGet(46)) - raft.server.snapshot.retention.file.num = 5 (custom)
2023-05-08 09:33:27,177 [pool-79-thread-1] INFO  server.RaftServerConfigKeys (ConfUtils.java:logGet(46)) - raft.server.log.purge.upto.snapshot.index = false (default)
2023-05-08 09:33:27,177 [6682b1a5-9385-4106-b4a0-cef9873e4e75@group-0B99C00588B9-FollowerState] INFO  server.RaftServerConfigKeys (ConfUtils.java:logFallback(53)) - raft.server.rpc.first-election.timeout.min = 5s (fallback to raft.server.rpc.timeout.min)
2023-05-08 09:33:27,177 [Command processor thread] INFO  ratis.XceiverServerRatis (XceiverServerRatis.java:addGroup(806)) - Created group PipelineID=2d1bfc3e-e8ef-4ba8-b2a0-0b99c00588b9
2023-05-08 09:33:27,178 [6682b1a5-9385-4106-b4a0-cef9873e4e75@group-0B99C00588B9-FollowerState] INFO  server.RaftServerConfigKeys (ConfUtils.java:logFallback(53)) - raft.server.rpc.first-election.timeout.max = 5200ms (fallback to raft.server.rpc.timeout.max)
2023-05-08 09:33:27,721 [grpc-default-executor-0] INFO  server.RaftServer (RaftServerProxy.java:addNew(96)) - d7c57734-1d74-411b-8fcc-d057f09568f6: addNew group-0B99C00588B9:[d7c57734-1d74-411b-8fcc-d057f09568f6|rpc:10.1.0.160:36437|dataStream:10.1.0.160:34857|priority:0|startupRole:FOLLOWER, e50fc3ca-175c-4331-888e-9d5a4b4ffc01|rpc:10.1.0.160:37363|dataStream:10.1.0.160:41371|priority:1|startupRole:FOLLOWER, 6682b1a5-9385-4106-b4a0-cef9873e4e75|rpc:10.1.0.160:45305|dataStream:10.1.0.160:41803|priority:0|startupRole:FOLLOWER] returns group-0B99C00588B9:java.util.concurrent.CompletableFuture@1f80c7fe[Not completed]
2023-05-08 09:33:27,728 [pool-101-thread-1] INFO  server.RaftServer$Division (RaftServerImpl.java:<init>(195)) - d7c57734-1d74-411b-8fcc-d057f09568f6: new RaftServerImpl for group-0B99C00588B9:[d7c57734-1d74-411b-8fcc-d057f09568f6|rpc:10.1.0.160:36437|dataStream:10.1.0.160:34857|priority:0|startupRole:FOLLOWER, e50fc3ca-175c-4331-888e-9d5a4b4ffc01|rpc:10.1.0.160:37363|dataStream:10.1.0.160:41371|priority:1|startupRole:FOLLOWER, 6682b1a5-9385-4106-b4a0-cef9873e4e75|rpc:10.1.0.160:45305|dataStream:10.1.0.160:41803|priority:0|startupRole:FOLLOWER] with ContainerStateMachine:uninitialized
2023-05-08 09:33:27,728 [pool-101-thread-1] INFO  server.RaftServerConfigKeys (ConfUtils.java:logGet(46)) - raft.server.rpc.timeout.min = 5s (custom)
2023-05-08 09:33:27,728 [pool-101-thread-1] INFO  server.RaftServerConfigKeys (ConfUtils.java:logGet(46)) - raft.server.rpc.timeout.max = 5200ms (custom)
2023-05-08 09:33:27,728 [pool-101-thread-1] INFO  server.RaftServerConfigKeys (ConfUtils.java:logGet(46)) - raft.server.rpc.sleep.time = 25ms (default)
2023-05-08 09:33:27,728 [pool-101-thread-1] INFO  server.RaftServerConfigKeys (ConfUtils.java:logGet(46)) - raft.server.rpc.slowness.timeout = 300s (custom)
2023-05-08 09:33:27,728 [pool-101-thread-1] INFO  server.RaftServerConfigKeys (ConfUtils.java:logGet(46)) - raft.server.leaderelection.leader.step-down.wait-time = 10s (default)
2023-05-08 09:33:27,729 [pool-101-thread-1] INFO  server.RaftServerConfigKeys (ConfUtils.java:logGet(46)) - raft.server.sleep.deviation.threshold = 300ms (default)
2023-05-08 09:33:27,729 [pool-101-thread-1] INFO  server.RaftServer$Division (ServerState.java:<init>(118)) - d7c57734-1d74-411b-8fcc-d057f09568f6@group-0B99C00588B9: ConfigurationManager, init=-1: peers:[d7c57734-1d74-411b-8fcc-d057f09568f6|rpc:10.1.0.160:36437|dataStream:10.1.0.160:34857|priority:0|startupRole:FOLLOWER, e50fc3ca-175c-4331-888e-9d5a4b4ffc01|rpc:10.1.0.160:37363|dataStream:10.1.0.160:41371|priority:1|startupRole:FOLLOWER, 6682b1a5-9385-4106-b4a0-cef9873e4e75|rpc:10.1.0.160:45305|dataStream:10.1.0.160:41803|priority:0|startupRole:FOLLOWER]|listeners:[], old=null, confs=<EMPTY_MAP>
2023-05-08 09:33:27,729 [pool-101-thread-1] INFO  server.RaftServerConfigKeys (ConfUtils.java:logGet(46)) - raft.server.storage.dir = [/home/runner/work/ozone/ozone/hadoop-ozone/integration-test/target/test-dir/MiniOzoneClusterImpl-9831f382-72e6-431b-adf3-2f9efd8fb9d7/datanode-1/data/ratis] (custom)
2023-05-08 09:33:27,729 [pool-101-thread-1] INFO  server.RaftServerConfigKeys (ConfUtils.java:logGet(46)) - raft.server.log.corruption.policy = EXCEPTION (default)
2023-05-08 09:33:27,729 [pool-101-thread-1] INFO  server.RaftServerConfigKeys (ConfUtils.java:logGet(46)) - raft.server.storage.free-space.min = 0MB (=0) (default)
2023-05-08 09:33:27,729 [pool-101-thread-1] INFO  server.RaftServerConfigKeys (ConfUtils.java:logGet(46)) - raft.server.notification.no-leader.timeout = 300s (custom)
2023-05-08 09:33:27,729 [pool-101-thread-1] INFO  server.RaftServerConfigKeys (ConfUtils.java:logGet(46)) - raft.server.retrycache.expirytime = 600000ms (custom)
2023-05-08 09:33:27,729 [pool-101-thread-1] INFO  server.RaftServerConfigKeys (ConfUtils.java:logGet(46)) - raft.server.retrycache.statistics.expirytime = 100μs (default)
2023-05-08 09:33:27,730 [pool-101-thread-1] INFO  server.RaftServerConfigKeys (ConfUtils.java:logGet(46)) - raft.server.log.appender.install.snapshot.enabled = false (custom)
2023-05-08 09:33:27,730 [pool-101-thread-1] INFO  server.RaftServerConfigKeys (ConfUtils.java:logGet(46)) - raft.server.threadpool.server.cached = true (default)
2023-05-08 09:33:27,731 [pool-101-thread-1] INFO  server.RaftServerConfigKeys (ConfUtils.java:logGet(46)) - raft.server.threadpool.server.size = 0 (default)
2023-05-08 09:33:27,731 [pool-101-thread-1] INFO  server.RaftServerConfigKeys (ConfUtils.java:logGet(46)) - raft.server.threadpool.client.cached = true (default)
2023-05-08 09:33:27,731 [pool-101-thread-1] INFO  server.RaftServerConfigKeys (ConfUtils.java:logGet(46)) - raft.server.threadpool.client.size = 0 (default)
2023-05-08 09:33:27,731 [pool-101-thread-1] INFO  storage.RaftStorageDirectory (RaftStorageDirectoryImpl.java:analyzeStorage(137)) - The storage directory /home/runner/work/ozone/ozone/hadoop-ozone/integration-test/target/test-dir/MiniOzoneClusterImpl-9831f382-72e6-431b-adf3-2f9efd8fb9d7/datanode-1/data/ratis/2d1bfc3e-e8ef-4ba8-b2a0-0b99c00588b9 does not exist. Creating ...
2023-05-08 09:33:27,733 [pool-101-thread-1] INFO  storage.RaftStorageDirectory (RaftStorageDirectoryImpl.java:tryLock(231)) - Lock on /home/runner/work/ozone/ozone/hadoop-ozone/integration-test/target/test-dir/MiniOzoneClusterImpl-9831f382-72e6-431b-adf3-2f9efd8fb9d7/datanode-1/data/ratis/2d1bfc3e-e8ef-4ba8-b2a0-0b99c00588b9/in_use.lock acquired by nodename 7572@fv-az96-539
2023-05-08 09:33:27,734 [pool-101-thread-1] INFO  storage.RaftStorage (RaftStorageImpl.java:format(96)) - Storage directory /home/runner/work/ozone/ozone/hadoop-ozone/integration-test/target/test-dir/MiniOzoneClusterImpl-9831f382-72e6-431b-adf3-2f9efd8fb9d7/datanode-1/data/ratis/2d1bfc3e-e8ef-4ba8-b2a0-0b99c00588b9 has been successfully formatted.
2023-05-08 09:33:27,736 [pool-101-thread-1] INFO  ratis.ContainerStateMachine (ContainerStateMachine.java:loadSnapshot(262)) - group-0B99C00588B9: The snapshot info is null. Setting the last applied indexto:(t:0, i:~)
2023-05-08 09:33:27,736 [pool-101-thread-1] INFO  server.RaftServerConfigKeys (ConfUtils.java:logGet(46)) - raft.server.log.use.memory = false (default)
2023-05-08 09:33:27,736 [pool-101-thread-1] INFO  server.RaftServerConfigKeys (ConfUtils.java:logGet(46)) - raft.server.log.purge.gap = 1000000 (custom)
2023-05-08 09:33:27,738 [pool-101-thread-1] INFO  server.RaftServerConfigKeys (ConfUtils.java:logGet(46)) - raft.server.log.appender.buffer.byte-limit = 33554432 (custom)
2023-05-08 09:33:27,738 [pool-101-thread-1] INFO  server.RaftServerConfigKeys (ConfUtils.java:logGet(46)) - raft.server.log.statemachine.data.read.timeout = 1000ms (default)
2023-05-08 09:33:27,738 [pool-101-thread-1] INFO  server.RaftServerConfigKeys (ConfUtils.java:logGet(46)) - raft.server.log.purge.preservation.log.num = 0 (default)
2023-05-08 09:33:27,738 [pool-101-thread-1] INFO  server.RaftServerConfigKeys (ConfUtils.java:logGet(46)) - raft.server.log.segment.size.max = 1048576 (custom)
2023-05-08 09:33:27,739 [pool-101-thread-1] INFO  server.RaftServerConfigKeys (ConfUtils.java:logGet(46)) - raft.server.log.segment.cache.num.max = 2 (custom)
2023-05-08 09:33:27,739 [pool-101-thread-1] INFO  server.RaftServerConfigKeys (ConfUtils.java:logGet(46)) - raft.server.log.segment.cache.size.max = 200MB (=209715200) (default)
2023-05-08 09:33:27,739 [pool-101-thread-1] INFO  segmented.SegmentedRaftLogWorker (SegmentedRaftLogWorker.java:<init>(189)) - new d7c57734-1d74-411b-8fcc-d057f09568f6@group-0B99C00588B9-SegmentedRaftLogWorker for RaftStorageImpl:Storage Directory /home/runner/work/ozone/ozone/hadoop-ozone/integration-test/target/test-dir/MiniOzoneClusterImpl-9831f382-72e6-431b-adf3-2f9efd8fb9d7/datanode-1/data/ratis/2d1bfc3e-e8ef-4ba8-b2a0-0b99c00588b9
2023-05-08 09:33:27,739 [pool-101-thread-1] INFO  server.RaftServerConfigKeys (ConfUtils.java:logGet(46)) - raft.server.log.queue.byte-limit = 4294967296 (custom)
2023-05-08 09:33:27,739 [pool-101-thread-1] INFO  server.RaftServerConfigKeys (ConfUtils.java:logGet(46)) - raft.server.log.queue.element-limit = 1024 (custom)
2023-05-08 09:33:27,739 [pool-101-thread-1] INFO  server.RaftServerConfigKeys (ConfUtils.java:logGet(46)) - raft.server.log.segment.size.max = 1048576 (custom)
2023-05-08 09:33:27,739 [pool-101-thread-1] INFO  server.RaftServerConfigKeys (ConfUtils.java:logGet(46)) - raft.server.log.preallocated.size = 16384 (custom)
2023-05-08 09:33:27,739 [pool-101-thread-1] INFO  server.RaftServerConfigKeys (ConfUtils.java:logGet(46)) - raft.server.log.force.sync.num = 128 (default)
2023-05-08 09:33:27,739 [pool-101-thread-1] INFO  server.RaftServerConfigKeys (ConfUtils.java:logGet(46)) - raft.server.log.statemachine.data.sync = true (default)
2023-05-08 09:33:27,740 [pool-101-thread-1] INFO  server.RaftServerConfigKeys (ConfUtils.java:logGet(46)) - raft.server.log.statemachine.data.sync.timeout = 10s (default)
2023-05-08 09:33:27,740 [pool-101-thread-1] INFO  server.RaftServerConfigKeys (ConfUtils.java:logGet(46)) - raft.server.log.statemachine.data.sync.timeout.retry = -1 (default)
2023-05-08 09:33:27,745 [Command processor thread] INFO  server.RaftServer (RaftServerProxy.java:addNew(96)) - d7c57734-1d74-411b-8fcc-d057f09568f6: addNew group-D03369549A76:[d7c57734-1d74-411b-8fcc-d057f09568f6|rpc:10.1.0.160:36437|dataStream:10.1.0.160:34857|priority:1|startupRole:FOLLOWER] returns group-D03369549A76:java.util.concurrent.CompletableFuture@5cba3daf[Not completed]
2023-05-08 09:33:27,747 [pool-101-thread-1] INFO  server.RaftServerConfigKeys (ConfUtils.java:logGet(46)) - raft.server.log.write.buffer.size = 1048576 (custom)
2023-05-08 09:33:27,755 [pool-101-thread-1] INFO  server.RaftServerConfigKeys (ConfUtils.java:logGet(46)) - raft.server.log.appender.buffer.byte-limit = 33554432 (custom)
2023-05-08 09:33:27,760 [pool-101-thread-1] INFO  server.RaftServerConfigKeys (ConfUtils.java:logGet(46)) - raft.server.log.unsafe-flush.enabled = false (default)
2023-05-08 09:33:27,760 [pool-101-thread-1] INFO  server.RaftServerConfigKeys (ConfUtils.java:logGet(46)) - raft.server.log.async-flush.enabled = false (default)
2023-05-08 09:33:27,760 [pool-101-thread-1] INFO  server.RaftServerConfigKeys (ConfUtils.java:logGet(46)) - raft.server.log.statemachine.data.caching.enabled = true (custom)
2023-05-08 09:33:27,760 [pool-101-thread-1] INFO  segmented.SegmentedRaftLogWorker (SegmentedRaftLogWorker.java:lambda$new$0(135)) - d7c57734-1d74-411b-8fcc-d057f09568f6@group-0B99C00588B9-SegmentedRaftLogWorker: flushIndex: setUnconditionally 0 -> -1
2023-05-08 09:33:27,760 [pool-101-thread-1] INFO  segmented.SegmentedRaftLogWorker (SegmentedRaftLogWorker.java:lambda$new$0(135)) - d7c57734-1d74-411b-8fcc-d057f09568f6@group-0B99C00588B9-SegmentedRaftLogWorker: safeCacheEvictIndex: setUnconditionally 0 -> -1
2023-05-08 09:33:27,762 [pool-101-thread-1] INFO  server.RaftServer$Division (RaftServerImpl.java:start(334)) - d7c57734-1d74-411b-8fcc-d057f09568f6@group-0B99C00588B9: start as a follower, conf=-1: peers:[d7c57734-1d74-411b-8fcc-d057f09568f6|rpc:10.1.0.160:36437|dataStream:10.1.0.160:34857|priority:0|startupRole:FOLLOWER, e50fc3ca-175c-4331-888e-9d5a4b4ffc01|rpc:10.1.0.160:37363|dataStream:10.1.0.160:41371|priority:1|startupRole:FOLLOWER, 6682b1a5-9385-4106-b4a0-cef9873e4e75|rpc:10.1.0.160:45305|dataStream:10.1.0.160:41803|priority:0|startupRole:FOLLOWER]|listeners:[], old=null
2023-05-08 09:33:27,762 [pool-101-thread-1] INFO  server.RaftServer$Division (RaftServerImpl.java:setRole(321)) - d7c57734-1d74-411b-8fcc-d057f09568f6@group-0B99C00588B9: changes role from      null to FOLLOWER at term 0 for startAsFollower
2023-05-08 09:33:27,762 [pool-101-thread-1] INFO  impl.RoleInfo (RoleInfo.java:updateAndGet(139)) - d7c57734-1d74-411b-8fcc-d057f09568f6: start d7c57734-1d74-411b-8fcc-d057f09568f6@group-0B99C00588B9-FollowerState
2023-05-08 09:33:27,764 [pool-101-thread-1] INFO  util.JmxRegister (JmxRegister.java:tryRegister(44)) - Successfully registered JMX Bean with object name Ratis:service=RaftServer,group=group-0B99C00588B9,id=d7c57734-1d74-411b-8fcc-d057f09568f6
2023-05-08 09:33:27,770 [pool-101-thread-1] INFO  server.RaftServerConfigKeys (ConfUtils.java:logGet(46)) - raft.server.snapshot.auto.trigger.enabled = true (custom)
2023-05-08 09:33:27,770 [pool-101-thread-1] INFO  server.RaftServerConfigKeys (ConfUtils.java:logGet(46)) - raft.server.snapshot.auto.trigger.threshold = 10000 (custom)
2023-05-08 09:33:27,770 [pool-101-thread-1] INFO  server.RaftServerConfigKeys (ConfUtils.java:logGet(46)) - raft.server.snapshot.retention.file.num = 5 (custom)
2023-05-08 09:33:27,770 [pool-101-thread-1] INFO  server.RaftServerConfigKeys (ConfUtils.java:logGet(46)) - raft.server.log.purge.upto.snapshot.index = false (default)
2023-05-08 09:33:27,772 [pool-101-thread-1] INFO  server.RaftServer$Division (RaftServerImpl.java:<init>(195)) - d7c57734-1d74-411b-8fcc-d057f09568f6: new RaftServerImpl for group-D03369549A76:[d7c57734-1d74-411b-8fcc-d057f09568f6|rpc:10.1.0.160:36437|dataStream:10.1.0.160:34857|priority:1|startupRole:FOLLOWER] with ContainerStateMachine:uninitialized
2023-05-08 09:33:27,772 [pool-101-thread-1] INFO  server.RaftServerConfigKeys (ConfUtils.java:logGet(46)) - raft.server.rpc.timeout.min = 5s (custom)
2023-05-08 09:33:27,772 [d7c57734-1d74-411b-8fcc-d057f09568f6@group-0B99C00588B9-FollowerState] INFO  server.RaftServerConfigKeys (ConfUtils.java:logFallback(53)) - raft.server.rpc.first-election.timeout.min = 5s (fallback to raft.server.rpc.timeout.min)
2023-05-08 09:33:27,781 [d7c57734-1d74-411b-8fcc-d057f09568f6@group-0B99C00588B9-FollowerState] INFO  server.RaftServerConfigKeys (ConfUtils.java:logFallback(53)) - raft.server.rpc.first-election.timeout.max = 5200ms (fallback to raft.server.rpc.timeout.max)
2023-05-08 09:33:27,772 [pool-101-thread-1] INFO  server.RaftServerConfigKeys (ConfUtils.java:logGet(46)) - raft.server.rpc.timeout.max = 5200ms (custom)
2023-05-08 09:33:27,781 [pool-101-thread-1] INFO  server.RaftServerConfigKeys (ConfUtils.java:logGet(46)) - raft.server.rpc.sleep.time = 25ms (default)
2023-05-08 09:33:27,781 [pool-101-thread-1] INFO  server.RaftServerConfigKeys (ConfUtils.java:logGet(46)) - raft.server.rpc.slowness.timeout = 300s (custom)
2023-05-08 09:33:27,781 [pool-101-thread-1] INFO  server.RaftServerConfigKeys (ConfUtils.java:logGet(46)) - raft.server.leaderelection.leader.step-down.wait-time = 10s (default)
2023-05-08 09:33:27,781 [pool-101-thread-1] INFO  server.RaftServerConfigKeys (ConfUtils.java:logGet(46)) - raft.server.sleep.deviation.threshold = 300ms (default)
2023-05-08 09:33:27,781 [pool-101-thread-1] INFO  server.RaftServer$Division (ServerState.java:<init>(118)) - d7c57734-1d74-411b-8fcc-d057f09568f6@group-D03369549A76: ConfigurationManager, init=-1: peers:[d7c57734-1d74-411b-8fcc-d057f09568f6|rpc:10.1.0.160:36437|dataStream:10.1.0.160:34857|priority:1|startupRole:FOLLOWER]|listeners:[], old=null, confs=<EMPTY_MAP>
2023-05-08 09:33:27,781 [pool-101-thread-1] INFO  server.RaftServerConfigKeys (ConfUtils.java:logGet(46)) - raft.server.storage.dir = [/home/runner/work/ozone/ozone/hadoop-ozone/integration-test/target/test-dir/MiniOzoneClusterImpl-9831f382-72e6-431b-adf3-2f9efd8fb9d7/datanode-1/data/ratis] (custom)
2023-05-08 09:33:27,782 [pool-101-thread-1] INFO  server.RaftServerConfigKeys (ConfUtils.java:logGet(46)) - raft.server.log.corruption.policy = EXCEPTION (default)
2023-05-08 09:33:27,782 [pool-101-thread-1] INFO  server.RaftServerConfigKeys (ConfUtils.java:logGet(46)) - raft.server.storage.free-space.min = 0MB (=0) (default)
2023-05-08 09:33:27,782 [pool-101-thread-1] INFO  server.RaftServerConfigKeys (ConfUtils.java:logGet(46)) - raft.server.notification.no-leader.timeout = 300s (custom)
2023-05-08 09:33:27,782 [pool-101-thread-1] INFO  server.RaftServerConfigKeys (ConfUtils.java:logGet(46)) - raft.server.retrycache.expirytime = 600000ms (custom)
2023-05-08 09:33:27,782 [pool-101-thread-1] INFO  server.RaftServerConfigKeys (ConfUtils.java:logGet(46)) - raft.server.retrycache.statistics.expirytime = 100μs (default)
2023-05-08 09:33:27,783 [pool-101-thread-1] INFO  server.RaftServerConfigKeys (ConfUtils.java:logGet(46)) - raft.server.log.appender.install.snapshot.enabled = false (custom)
2023-05-08 09:33:27,783 [pool-101-thread-1] INFO  server.RaftServerConfigKeys (ConfUtils.java:logGet(46)) - raft.server.threadpool.server.cached = true (default)
2023-05-08 09:33:27,783 [pool-101-thread-1] INFO  server.RaftServerConfigKeys (ConfUtils.java:logGet(46)) - raft.server.threadpool.server.size = 0 (default)
2023-05-08 09:33:27,783 [pool-101-thread-1] INFO  server.RaftServerConfigKeys (ConfUtils.java:logGet(46)) - raft.server.threadpool.client.cached = true (default)
2023-05-08 09:33:27,783 [pool-101-thread-1] INFO  server.RaftServerConfigKeys (ConfUtils.java:logGet(46)) - raft.server.threadpool.client.size = 0 (default)
2023-05-08 09:33:27,784 [pool-101-thread-1] INFO  storage.RaftStorageDirectory (RaftStorageDirectoryImpl.java:analyzeStorage(137)) - The storage directory /home/runner/work/ozone/ozone/hadoop-ozone/integration-test/target/test-dir/MiniOzoneClusterImpl-9831f382-72e6-431b-adf3-2f9efd8fb9d7/datanode-1/data/ratis/c2056d17-1c1a-465c-9da9-d03369549a76 does not exist. Creating ...
2023-05-08 09:33:27,790 [pool-101-thread-1] INFO  storage.RaftStorageDirectory (RaftStorageDirectoryImpl.java:tryLock(231)) - Lock on /home/runner/work/ozone/ozone/hadoop-ozone/integration-test/target/test-dir/MiniOzoneClusterImpl-9831f382-72e6-431b-adf3-2f9efd8fb9d7/datanode-1/data/ratis/c2056d17-1c1a-465c-9da9-d03369549a76/in_use.lock acquired by nodename 7572@fv-az96-539
2023-05-08 09:33:27,794 [pool-101-thread-1] INFO  storage.RaftStorage (RaftStorageImpl.java:format(96)) - Storage directory /home/runner/work/ozone/ozone/hadoop-ozone/integration-test/target/test-dir/MiniOzoneClusterImpl-9831f382-72e6-431b-adf3-2f9efd8fb9d7/datanode-1/data/ratis/c2056d17-1c1a-465c-9da9-d03369549a76 has been successfully formatted.
2023-05-08 09:33:27,794 [pool-101-thread-1] INFO  ratis.ContainerStateMachine (ContainerStateMachine.java:loadSnapshot(262)) - group-D03369549A76: The snapshot info is null. Setting the last applied indexto:(t:0, i:~)
2023-05-08 09:33:27,794 [pool-101-thread-1] INFO  server.RaftServerConfigKeys (ConfUtils.java:logGet(46)) - raft.server.log.use.memory = false (default)
2023-05-08 09:33:27,794 [pool-101-thread-1] INFO  server.RaftServerConfigKeys (ConfUtils.java:logGet(46)) - raft.server.log.purge.gap = 1000000 (custom)
2023-05-08 09:33:27,794 [pool-101-thread-1] INFO  server.RaftServerConfigKeys (ConfUtils.java:logGet(46)) - raft.server.log.appender.buffer.byte-limit = 33554432 (custom)
2023-05-08 09:33:27,794 [pool-101-thread-1] INFO  server.RaftServerConfigKeys (ConfUtils.java:logGet(46)) - raft.server.log.statemachine.data.read.timeout = 1000ms (default)
2023-05-08 09:33:27,794 [pool-101-thread-1] INFO  server.RaftServerConfigKeys (ConfUtils.java:logGet(46)) - raft.server.log.purge.preservation.log.num = 0 (default)
2023-05-08 09:33:27,795 [pool-101-thread-1] INFO  server.RaftServerConfigKeys (ConfUtils.java:logGet(46)) - raft.server.log.segment.size.max = 1048576 (custom)
2023-05-08 09:33:27,795 [EventQueue-PipelineReportForPipelineReportHandler] INFO  pipeline.PipelineManagerImpl (PipelineManagerImpl.java:openPipeline(367)) - Pipeline Pipeline[ Id: c2056d17-1c1a-465c-9da9-d03369549a76, Nodes: d7c57734-1d74-411b-8fcc-d057f09568f6(fv-az96-539/10.1.0.160), ReplicationConfig: RATIS/ONE, State:ALLOCATED, leaderId:d7c57734-1d74-411b-8fcc-d057f09568f6, CreationTimestamp2023-05-08T09:33:24.745Z[Etc/UTC]] moved to OPEN state
2023-05-08 09:33:27,796 [pool-101-thread-1] INFO  server.RaftServerConfigKeys (ConfUtils.java:logGet(46)) - raft.server.log.segment.cache.num.max = 2 (custom)
2023-05-08 09:33:27,796 [pool-101-thread-1] INFO  server.RaftServerConfigKeys (ConfUtils.java:logGet(46)) - raft.server.log.segment.cache.size.max = 200MB (=209715200) (default)
2023-05-08 09:33:27,796 [EventQueue-OpenPipelineForHealthyPipelineSafeModeRule] INFO  safemode.SCMSafeModeManager (HealthyPipelineSafeModeRule.java:process(137)) - SCM in safe mode. Healthy pipelines reported count is 0, required healthy pipeline reported count is 1
2023-05-08 09:33:27,796 [pool-101-thread-1] INFO  segmented.SegmentedRaftLogWorker (SegmentedRaftLogWorker.java:<init>(189)) - new d7c57734-1d74-411b-8fcc-d057f09568f6@group-D03369549A76-SegmentedRaftLogWorker for RaftStorageImpl:Storage Directory /home/runner/work/ozone/ozone/hadoop-ozone/integration-test/target/test-dir/MiniOzoneClusterImpl-9831f382-72e6-431b-adf3-2f9efd8fb9d7/datanode-1/data/ratis/c2056d17-1c1a-465c-9da9-d03369549a76
2023-05-08 09:33:27,797 [pool-101-thread-1] INFO  server.RaftServerConfigKeys (ConfUtils.java:logGet(46)) - raft.server.log.queue.byte-limit = 4294967296 (custom)
2023-05-08 09:33:27,797 [pool-101-thread-1] INFO  server.RaftServerConfigKeys (ConfUtils.java:logGet(46)) - raft.server.log.queue.element-limit = 1024 (custom)
2023-05-08 09:33:27,797 [pool-101-thread-1] INFO  server.RaftServerConfigKeys (ConfUtils.java:logGet(46)) - raft.server.log.segment.size.max = 1048576 (custom)
2023-05-08 09:33:27,797 [pool-101-thread-1] INFO  server.RaftServerConfigKeys (ConfUtils.java:logGet(46)) - raft.server.log.preallocated.size = 16384 (custom)
2023-05-08 09:33:27,797 [pool-101-thread-1] INFO  server.RaftServerConfigKeys (ConfUtils.java:logGet(46)) - raft.server.log.force.sync.num = 128 (default)
2023-05-08 09:33:27,797 [pool-101-thread-1] INFO  server.RaftServerConfigKeys (ConfUtils.java:logGet(46)) - raft.server.log.statemachine.data.sync = true (default)
2023-05-08 09:33:27,797 [pool-101-thread-1] INFO  server.RaftServerConfigKeys (ConfUtils.java:logGet(46)) - raft.server.log.statemachine.data.sync.timeout = 10s (default)
2023-05-08 09:33:27,798 [pool-101-thread-1] INFO  server.RaftServerConfigKeys (ConfUtils.java:logGet(46)) - raft.server.log.statemachine.data.sync.timeout.retry = -1 (default)
2023-05-08 09:33:27,799 [pool-101-thread-1] INFO  server.RaftServerConfigKeys (ConfUtils.java:logGet(46)) - raft.server.log.write.buffer.size = 1048576 (custom)
2023-05-08 09:33:27,801 [pool-101-thread-1] INFO  server.RaftServerConfigKeys (ConfUtils.java:logGet(46)) - raft.server.log.appender.buffer.byte-limit = 33554432 (custom)
2023-05-08 09:33:27,812 [pool-101-thread-1] INFO  server.RaftServerConfigKeys (ConfUtils.java:logGet(46)) - raft.server.log.unsafe-flush.enabled = false (default)
2023-05-08 09:33:27,812 [pool-101-thread-1] INFO  server.RaftServerConfigKeys (ConfUtils.java:logGet(46)) - raft.server.log.async-flush.enabled = false (default)
2023-05-08 09:33:27,812 [pool-101-thread-1] INFO  server.RaftServerConfigKeys (ConfUtils.java:logGet(46)) - raft.server.log.statemachine.data.caching.enabled = true (custom)
2023-05-08 09:33:27,812 [pool-101-thread-1] INFO  segmented.SegmentedRaftLogWorker (SegmentedRaftLogWorker.java:lambda$new$0(135)) - d7c57734-1d74-411b-8fcc-d057f09568f6@group-D03369549A76-SegmentedRaftLogWorker: flushIndex: setUnconditionally 0 -> -1
2023-05-08 09:33:27,812 [pool-101-thread-1] INFO  segmented.SegmentedRaftLogWorker (SegmentedRaftLogWorker.java:lambda$new$0(135)) - d7c57734-1d74-411b-8fcc-d057f09568f6@group-D03369549A76-SegmentedRaftLogWorker: safeCacheEvictIndex: setUnconditionally 0 -> -1
2023-05-08 09:33:27,812 [pool-101-thread-1] INFO  server.RaftServer$Division (RaftServerImpl.java:start(334)) - d7c57734-1d74-411b-8fcc-d057f09568f6@group-D03369549A76: start as a follower, conf=-1: peers:[d7c57734-1d74-411b-8fcc-d057f09568f6|rpc:10.1.0.160:36437|dataStream:10.1.0.160:34857|priority:1|startupRole:FOLLOWER]|listeners:[], old=null
2023-05-08 09:33:27,812 [pool-101-thread-1] INFO  server.RaftServer$Division (RaftServerImpl.java:setRole(321)) - d7c57734-1d74-411b-8fcc-d057f09568f6@group-D03369549A76: changes role from      null to FOLLOWER at term 0 for startAsFollower
2023-05-08 09:33:27,813 [pool-101-thread-1] INFO  impl.RoleInfo (RoleInfo.java:updateAndGet(139)) - d7c57734-1d74-411b-8fcc-d057f09568f6: start d7c57734-1d74-411b-8fcc-d057f09568f6@group-D03369549A76-FollowerState
2023-05-08 09:33:27,813 [pool-101-thread-1] INFO  util.JmxRegister (JmxRegister.java:tryRegister(44)) - Successfully registered JMX Bean with object name Ratis:service=RaftServer,group=group-D03369549A76,id=d7c57734-1d74-411b-8fcc-d057f09568f6
2023-05-08 09:33:27,813 [pool-101-thread-1] INFO  server.RaftServerConfigKeys (ConfUtils.java:logGet(46)) - raft.server.snapshot.auto.trigger.enabled = true (custom)
2023-05-08 09:33:27,813 [pool-101-thread-1] INFO  server.RaftServerConfigKeys (ConfUtils.java:logGet(46)) - raft.server.snapshot.auto.trigger.threshold = 10000 (custom)
2023-05-08 09:33:27,813 [pool-101-thread-1] INFO  server.RaftServerConfigKeys (ConfUtils.java:logGet(46)) - raft.server.snapshot.retention.file.num = 5 (custom)
2023-05-08 09:33:27,813 [pool-101-thread-1] INFO  server.RaftServerConfigKeys (ConfUtils.java:logGet(46)) - raft.server.log.purge.upto.snapshot.index = false (default)
2023-05-08 09:33:27,814 [Command processor thread] INFO  ratis.XceiverServerRatis (XceiverServerRatis.java:addGroup(806)) - Created group PipelineID=c2056d17-1c1a-465c-9da9-d03369549a76
2023-05-08 09:33:27,814 [Command processor thread] INFO  commandhandler.CreatePipelineCommandHandler (CreatePipelineCommandHandler.java:handle(113)) - Created Pipeline RATIS ONE PipelineID=c2056d17-1c1a-465c-9da9-d03369549a76.
2023-05-08 09:33:27,815 [Command processor thread] INFO  server.RaftServer (RaftServerProxy.java:addNew(96)) - d7c57734-1d74-411b-8fcc-d057f09568f6: addNew group-1CA41FB13F41:[d7c57734-1d74-411b-8fcc-d057f09568f6|rpc:10.1.0.160:36437|dataStream:10.1.0.160:34857|priority:0|startupRole:FOLLOWER, e50fc3ca-175c-4331-888e-9d5a4b4ffc01|rpc:10.1.0.160:37363|dataStream:10.1.0.160:41371|priority:0|startupRole:FOLLOWER, 6682b1a5-9385-4106-b4a0-cef9873e4e75|rpc:10.1.0.160:45305|dataStream:10.1.0.160:41803|priority:1|startupRole:FOLLOWER] returns group-1CA41FB13F41:java.util.concurrent.CompletableFuture@527dc848[Not completed]
2023-05-08 09:33:27,816 [pool-101-thread-1] INFO  server.RaftServer$Division (RaftServerImpl.java:<init>(195)) - d7c57734-1d74-411b-8fcc-d057f09568f6: new RaftServerImpl for group-1CA41FB13F41:[d7c57734-1d74-411b-8fcc-d057f09568f6|rpc:10.1.0.160:36437|dataStream:10.1.0.160:34857|priority:0|startupRole:FOLLOWER, e50fc3ca-175c-4331-888e-9d5a4b4ffc01|rpc:10.1.0.160:37363|dataStream:10.1.0.160:41371|priority:0|startupRole:FOLLOWER, 6682b1a5-9385-4106-b4a0-cef9873e4e75|rpc:10.1.0.160:45305|dataStream:10.1.0.160:41803|priority:1|startupRole:FOLLOWER] with ContainerStateMachine:uninitialized
2023-05-08 09:33:27,817 [pool-101-thread-1] INFO  server.RaftServerConfigKeys (ConfUtils.java:logGet(46)) - raft.server.rpc.timeout.min = 5s (custom)
2023-05-08 09:33:27,817 [pool-101-thread-1] INFO  server.RaftServerConfigKeys (ConfUtils.java:logGet(46)) - raft.server.rpc.timeout.max = 5200ms (custom)
2023-05-08 09:33:27,817 [pool-101-thread-1] INFO  server.RaftServerConfigKeys (ConfUtils.java:logGet(46)) - raft.server.rpc.sleep.time = 25ms (default)
2023-05-08 09:33:27,817 [pool-101-thread-1] INFO  server.RaftServerConfigKeys (ConfUtils.java:logGet(46)) - raft.server.rpc.slowness.timeout = 300s (custom)
2023-05-08 09:33:27,817 [pool-101-thread-1] INFO  server.RaftServerConfigKeys (ConfUtils.java:logGet(46)) - raft.server.leaderelection.leader.step-down.wait-time = 10s (default)
2023-05-08 09:33:27,817 [pool-101-thread-1] INFO  server.RaftServerConfigKeys (ConfUtils.java:logGet(46)) - raft.server.sleep.deviation.threshold = 300ms (default)
2023-05-08 09:33:27,817 [pool-101-thread-1] INFO  server.RaftServer$Division (ServerState.java:<init>(118)) - d7c57734-1d74-411b-8fcc-d057f09568f6@group-1CA41FB13F41: ConfigurationManager, init=-1: peers:[d7c57734-1d74-411b-8fcc-d057f09568f6|rpc:10.1.0.160:36437|dataStream:10.1.0.160:34857|priority:0|startupRole:FOLLOWER, e50fc3ca-175c-4331-888e-9d5a4b4ffc01|rpc:10.1.0.160:37363|dataStream:10.1.0.160:41371|priority:0|startupRole:FOLLOWER, 6682b1a5-9385-4106-b4a0-cef9873e4e75|rpc:10.1.0.160:45305|dataStream:10.1.0.160:41803|priority:1|startupRole:FOLLOWER]|listeners:[], old=null, confs=<EMPTY_MAP>
2023-05-08 09:33:27,817 [pool-101-thread-1] INFO  server.RaftServerConfigKeys (ConfUtils.java:logGet(46)) - raft.server.storage.dir = [/home/runner/work/ozone/ozone/hadoop-ozone/integration-test/target/test-dir/MiniOzoneClusterImpl-9831f382-72e6-431b-adf3-2f9efd8fb9d7/datanode-1/data/ratis] (custom)
2023-05-08 09:33:27,817 [pool-101-thread-1] INFO  server.RaftServerConfigKeys (ConfUtils.java:logGet(46)) - raft.server.log.corruption.policy = EXCEPTION (default)
2023-05-08 09:33:27,817 [pool-101-thread-1] INFO  server.RaftServerConfigKeys (ConfUtils.java:logGet(46)) - raft.server.storage.free-space.min = 0MB (=0) (default)
2023-05-08 09:33:27,817 [pool-101-thread-1] INFO  server.RaftServerConfigKeys (ConfUtils.java:logGet(46)) - raft.server.notification.no-leader.timeout = 300s (custom)
2023-05-08 09:33:27,817 [pool-101-thread-1] INFO  server.RaftServerConfigKeys (ConfUtils.java:logGet(46)) - raft.server.retrycache.expirytime = 600000ms (custom)
2023-05-08 09:33:27,817 [pool-101-thread-1] INFO  server.RaftServerConfigKeys (ConfUtils.java:logGet(46)) - raft.server.retrycache.statistics.expirytime = 100μs (default)
2023-05-08 09:33:27,819 [pool-101-thread-1] INFO  server.RaftServerConfigKeys (ConfUtils.java:logGet(46)) - raft.server.log.appender.install.snapshot.enabled = false (custom)
2023-05-08 09:33:27,819 [pool-101-thread-1] INFO  server.RaftServerConfigKeys (ConfUtils.java:logGet(46)) - raft.server.threadpool.server.cached = true (default)
2023-05-08 09:33:27,819 [pool-101-thread-1] INFO  server.RaftServerConfigKeys (ConfUtils.java:logGet(46)) - raft.server.threadpool.server.size = 0 (default)
2023-05-08 09:33:27,819 [pool-101-thread-1] INFO  server.RaftServerConfigKeys (ConfUtils.java:logGet(46)) - raft.server.threadpool.client.cached = true (default)
2023-05-08 09:33:27,820 [pool-101-thread-1] INFO  server.RaftServerConfigKeys (ConfUtils.java:logGet(46)) - raft.server.threadpool.client.size = 0 (default)
2023-05-08 09:33:27,820 [pool-101-thread-1] INFO  storage.RaftStorageDirectory (RaftStorageDirectoryImpl.java:analyzeStorage(137)) - The storage directory /home/runner/work/ozone/ozone/hadoop-ozone/integration-test/target/test-dir/MiniOzoneClusterImpl-9831f382-72e6-431b-adf3-2f9efd8fb9d7/datanode-1/data/ratis/cf46c7d8-7583-46ff-a254-1ca41fb13f41 does not exist. Creating ...
2023-05-08 09:33:27,821 [pool-101-thread-1] INFO  storage.RaftStorageDirectory (RaftStorageDirectoryImpl.java:tryLock(231)) - Lock on /home/runner/work/ozone/ozone/hadoop-ozone/integration-test/target/test-dir/MiniOzoneClusterImpl-9831f382-72e6-431b-adf3-2f9efd8fb9d7/datanode-1/data/ratis/cf46c7d8-7583-46ff-a254-1ca41fb13f41/in_use.lock acquired by nodename 7572@fv-az96-539
2023-05-08 09:33:27,822 [pool-101-thread-1] INFO  storage.RaftStorage (RaftStorageImpl.java:format(96)) - Storage directory /home/runner/work/ozone/ozone/hadoop-ozone/integration-test/target/test-dir/MiniOzoneClusterImpl-9831f382-72e6-431b-adf3-2f9efd8fb9d7/datanode-1/data/ratis/cf46c7d8-7583-46ff-a254-1ca41fb13f41 has been successfully formatted.
2023-05-08 09:33:27,822 [pool-101-thread-1] INFO  ratis.ContainerStateMachine (ContainerStateMachine.java:loadSnapshot(262)) - group-1CA41FB13F41: The snapshot info is null. Setting the last applied indexto:(t:0, i:~)
2023-05-08 09:33:27,822 [pool-101-thread-1] INFO  server.RaftServerConfigKeys (ConfUtils.java:logGet(46)) - raft.server.log.use.memory = false (default)
2023-05-08 09:33:27,822 [pool-101-thread-1] INFO  server.RaftServerConfigKeys (ConfUtils.java:logGet(46)) - raft.server.log.purge.gap = 1000000 (custom)
2023-05-08 09:33:27,822 [pool-101-thread-1] INFO  server.RaftServerConfigKeys (ConfUtils.java:logGet(46)) - raft.server.log.appender.buffer.byte-limit = 33554432 (custom)
2023-05-08 09:33:27,822 [pool-101-thread-1] INFO  server.RaftServerConfigKeys (ConfUtils.java:logGet(46)) - raft.server.log.statemachine.data.read.timeout = 1000ms (default)
2023-05-08 09:33:27,822 [pool-101-thread-1] INFO  server.RaftServerConfigKeys (ConfUtils.java:logGet(46)) - raft.server.log.purge.preservation.log.num = 0 (default)
2023-05-08 09:33:27,825 [d7c57734-1d74-411b-8fcc-d057f09568f6@group-D03369549A76-FollowerState] INFO  server.RaftServerConfigKeys (ConfUtils.java:logFallback(53)) - raft.server.rpc.first-election.timeout.min = 5s (fallback to raft.server.rpc.timeout.min)
2023-05-08 09:33:27,830 [pool-101-thread-1] INFO  server.RaftServerConfigKeys (ConfUtils.java:logGet(46)) - raft.server.log.segment.size.max = 1048576 (custom)
2023-05-08 09:33:27,828 [EventQueue-OpenPipelineForHealthyPipelineSafeModeRule] INFO  safemode.SCMSafeModeManager (HealthyPipelineSafeModeRule.java:process(137)) - SCM in safe mode. Healthy pipelines reported count is 0, required healthy pipeline reported count is 1
2023-05-08 09:33:27,830 [d7c57734-1d74-411b-8fcc-d057f09568f6@group-D03369549A76-FollowerState] INFO  server.RaftServerConfigKeys (ConfUtils.java:logFallback(53)) - raft.server.rpc.first-election.timeout.max = 5200ms (fallback to raft.server.rpc.timeout.max)
2023-05-08 09:33:27,831 [pool-101-thread-1] INFO  server.RaftServerConfigKeys (ConfUtils.java:logGet(46)) - raft.server.log.segment.cache.num.max = 2 (custom)
2023-05-08 09:33:27,831 [pool-101-thread-1] INFO  server.RaftServerConfigKeys (ConfUtils.java:logGet(46)) - raft.server.log.segment.cache.size.max = 200MB (=209715200) (default)
2023-05-08 09:33:27,831 [pool-101-thread-1] INFO  segmented.SegmentedRaftLogWorker (SegmentedRaftLogWorker.java:<init>(189)) - new d7c57734-1d74-411b-8fcc-d057f09568f6@group-1CA41FB13F41-SegmentedRaftLogWorker for RaftStorageImpl:Storage Directory /home/runner/work/ozone/ozone/hadoop-ozone/integration-test/target/test-dir/MiniOzoneClusterImpl-9831f382-72e6-431b-adf3-2f9efd8fb9d7/datanode-1/data/ratis/cf46c7d8-7583-46ff-a254-1ca41fb13f41
2023-05-08 09:33:27,832 [pool-101-thread-1] INFO  server.RaftServerConfigKeys (ConfUtils.java:logGet(46)) - raft.server.log.queue.byte-limit = 4294967296 (custom)
2023-05-08 09:33:27,832 [pool-101-thread-1] INFO  server.RaftServerConfigKeys (ConfUtils.java:logGet(46)) - raft.server.log.queue.element-limit = 1024 (custom)
2023-05-08 09:33:27,832 [pool-101-thread-1] INFO  server.RaftServerConfigKeys (ConfUtils.java:logGet(46)) - raft.server.log.segment.size.max = 1048576 (custom)
2023-05-08 09:33:27,832 [pool-101-thread-1] INFO  server.RaftServerConfigKeys (ConfUtils.java:logGet(46)) - raft.server.log.preallocated.size = 16384 (custom)
2023-05-08 09:33:27,832 [pool-101-thread-1] INFO  server.RaftServerConfigKeys (ConfUtils.java:logGet(46)) - raft.server.log.force.sync.num = 128 (default)
2023-05-08 09:33:27,832 [pool-101-thread-1] INFO  server.RaftServerConfigKeys (ConfUtils.java:logGet(46)) - raft.server.log.statemachine.data.sync = true (default)
2023-05-08 09:33:27,832 [pool-101-thread-1] INFO  server.RaftServerConfigKeys (ConfUtils.java:logGet(46)) - raft.server.log.statemachine.data.sync.timeout = 10s (default)
2023-05-08 09:33:27,833 [pool-101-thread-1] INFO  server.RaftServerConfigKeys (ConfUtils.java:logGet(46)) - raft.server.log.statemachine.data.sync.timeout.retry = -1 (default)
2023-05-08 09:33:27,834 [pool-101-thread-1] INFO  server.RaftServerConfigKeys (ConfUtils.java:logGet(46)) - raft.server.log.write.buffer.size = 1048576 (custom)
2023-05-08 09:33:27,834 [pool-101-thread-1] INFO  server.RaftServerConfigKeys (ConfUtils.java:logGet(46)) - raft.server.log.appender.buffer.byte-limit = 33554432 (custom)
2023-05-08 09:33:27,842 [pool-101-thread-1] INFO  server.RaftServerConfigKeys (ConfUtils.java:logGet(46)) - raft.server.log.unsafe-flush.enabled = false (default)
2023-05-08 09:33:27,842 [pool-101-thread-1] INFO  server.RaftServerConfigKeys (ConfUtils.java:logGet(46)) - raft.server.log.async-flush.enabled = false (default)
2023-05-08 09:33:27,842 [pool-101-thread-1] INFO  server.RaftServerConfigKeys (ConfUtils.java:logGet(46)) - raft.server.log.statemachine.data.caching.enabled = true (custom)
2023-05-08 09:33:27,842 [pool-101-thread-1] INFO  segmented.SegmentedRaftLogWorker (SegmentedRaftLogWorker.java:lambda$new$0(135)) - d7c57734-1d74-411b-8fcc-d057f09568f6@group-1CA41FB13F41-SegmentedRaftLogWorker: flushIndex: setUnconditionally 0 -> -1
2023-05-08 09:33:27,842 [pool-101-thread-1] INFO  segmented.SegmentedRaftLogWorker (SegmentedRaftLogWorker.java:lambda$new$0(135)) - d7c57734-1d74-411b-8fcc-d057f09568f6@group-1CA41FB13F41-SegmentedRaftLogWorker: safeCacheEvictIndex: setUnconditionally 0 -> -1
2023-05-08 09:33:27,842 [pool-101-thread-1] INFO  server.RaftServer$Division (RaftServerImpl.java:start(334)) - d7c57734-1d74-411b-8fcc-d057f09568f6@group-1CA41FB13F41: start as a follower, conf=-1: peers:[d7c57734-1d74-411b-8fcc-d057f09568f6|rpc:10.1.0.160:36437|dataStream:10.1.0.160:34857|priority:0|startupRole:FOLLOWER, e50fc3ca-175c-4331-888e-9d5a4b4ffc01|rpc:10.1.0.160:37363|dataStream:10.1.0.160:41371|priority:0|startupRole:FOLLOWER, 6682b1a5-9385-4106-b4a0-cef9873e4e75|rpc:10.1.0.160:45305|dataStream:10.1.0.160:41803|priority:1|startupRole:FOLLOWER]|listeners:[], old=null
2023-05-08 09:33:27,843 [pool-101-thread-1] INFO  server.RaftServer$Division (RaftServerImpl.java:setRole(321)) - d7c57734-1d74-411b-8fcc-d057f09568f6@group-1CA41FB13F41: changes role from      null to FOLLOWER at term 0 for startAsFollower
2023-05-08 09:33:27,843 [pool-101-thread-1] INFO  impl.RoleInfo (RoleInfo.java:updateAndGet(139)) - d7c57734-1d74-411b-8fcc-d057f09568f6: start d7c57734-1d74-411b-8fcc-d057f09568f6@group-1CA41FB13F41-FollowerState
2023-05-08 09:33:27,844 [pool-101-thread-1] INFO  util.JmxRegister (JmxRegister.java:tryRegister(44)) - Successfully registered JMX Bean with object name Ratis:service=RaftServer,group=group-1CA41FB13F41,id=d7c57734-1d74-411b-8fcc-d057f09568f6
2023-05-08 09:33:27,844 [d7c57734-1d74-411b-8fcc-d057f09568f6@group-1CA41FB13F41-FollowerState] INFO  server.RaftServerConfigKeys (ConfUtils.java:logFallback(53)) - raft.server.rpc.first-election.timeout.min = 5s (fallback to raft.server.rpc.timeout.min)
2023-05-08 09:33:27,844 [pool-101-thread-1] INFO  server.RaftServerConfigKeys (ConfUtils.java:logGet(46)) - raft.server.snapshot.auto.trigger.enabled = true (custom)
2023-05-08 09:33:27,845 [pool-101-thread-1] INFO  server.RaftServerConfigKeys (ConfUtils.java:logGet(46)) - raft.server.snapshot.auto.trigger.threshold = 10000 (custom)
2023-05-08 09:33:27,845 [pool-101-thread-1] INFO  server.RaftServerConfigKeys (ConfUtils.java:logGet(46)) - raft.server.snapshot.retention.file.num = 5 (custom)
2023-05-08 09:33:27,845 [pool-101-thread-1] INFO  server.RaftServerConfigKeys (ConfUtils.java:logGet(46)) - raft.server.log.purge.upto.snapshot.index = false (default)
2023-05-08 09:33:27,848 [d7c57734-1d74-411b-8fcc-d057f09568f6@group-1CA41FB13F41-FollowerState] INFO  server.RaftServerConfigKeys (ConfUtils.java:logFallback(53)) - raft.server.rpc.first-election.timeout.max = 5200ms (fallback to raft.server.rpc.timeout.max)
2023-05-08 09:33:27,853 [Command processor thread] INFO  ratis.XceiverServerRatis (XceiverServerRatis.java:addGroup(806)) - Created group PipelineID=cf46c7d8-7583-46ff-a254-1ca41fb13f41
2023-05-08 09:33:27,887 [grpc-default-executor-0] INFO  server.RaftServer (RaftServerProxy.java:addNew(96)) - e50fc3ca-175c-4331-888e-9d5a4b4ffc01: addNew group-0B99C00588B9:[d7c57734-1d74-411b-8fcc-d057f09568f6|rpc:10.1.0.160:36437|dataStream:10.1.0.160:34857|priority:0|startupRole:FOLLOWER, e50fc3ca-175c-4331-888e-9d5a4b4ffc01|rpc:10.1.0.160:37363|dataStream:10.1.0.160:41371|priority:1|startupRole:FOLLOWER, 6682b1a5-9385-4106-b4a0-cef9873e4e75|rpc:10.1.0.160:45305|dataStream:10.1.0.160:41803|priority:0|startupRole:FOLLOWER] returns group-0B99C00588B9:java.util.concurrent.CompletableFuture@27f1c1fd[Not completed]
2023-05-08 09:33:27,889 [pool-123-thread-1] INFO  server.RaftServer$Division (RaftServerImpl.java:<init>(195)) - e50fc3ca-175c-4331-888e-9d5a4b4ffc01: new RaftServerImpl for group-0B99C00588B9:[d7c57734-1d74-411b-8fcc-d057f09568f6|rpc:10.1.0.160:36437|dataStream:10.1.0.160:34857|priority:0|startupRole:FOLLOWER, e50fc3ca-175c-4331-888e-9d5a4b4ffc01|rpc:10.1.0.160:37363|dataStream:10.1.0.160:41371|priority:1|startupRole:FOLLOWER, 6682b1a5-9385-4106-b4a0-cef9873e4e75|rpc:10.1.0.160:45305|dataStream:10.1.0.160:41803|priority:0|startupRole:FOLLOWER] with ContainerStateMachine:uninitialized
2023-05-08 09:33:27,891 [pool-79-thread-1] INFO  server.RaftServer$Division (RaftServerImpl.java:<init>(195)) - 6682b1a5-9385-4106-b4a0-cef9873e4e75: new RaftServerImpl for group-1CA41FB13F41:[d7c57734-1d74-411b-8fcc-d057f09568f6|rpc:10.1.0.160:36437|dataStream:10.1.0.160:34857|priority:0|startupRole:FOLLOWER, e50fc3ca-175c-4331-888e-9d5a4b4ffc01|rpc:10.1.0.160:37363|dataStream:10.1.0.160:41371|priority:0|startupRole:FOLLOWER, 6682b1a5-9385-4106-b4a0-cef9873e4e75|rpc:10.1.0.160:45305|dataStream:10.1.0.160:41803|priority:1|startupRole:FOLLOWER] with ContainerStateMachine:uninitialized
2023-05-08 09:33:27,894 [pool-79-thread-1] INFO  server.RaftServerConfigKeys (ConfUtils.java:logGet(46)) - raft.server.rpc.timeout.min = 5s (custom)
2023-05-08 09:33:27,894 [pool-79-thread-1] INFO  server.RaftServerConfigKeys (ConfUtils.java:logGet(46)) - raft.server.rpc.timeout.max = 5200ms (custom)
2023-05-08 09:33:27,893 [grpc-default-executor-1] INFO  server.RaftServer (RaftServerProxy.java:addNew(96)) - 6682b1a5-9385-4106-b4a0-cef9873e4e75: addNew group-1CA41FB13F41:[d7c57734-1d74-411b-8fcc-d057f09568f6|rpc:10.1.0.160:36437|dataStream:10.1.0.160:34857|priority:0|startupRole:FOLLOWER, e50fc3ca-175c-4331-888e-9d5a4b4ffc01|rpc:10.1.0.160:37363|dataStream:10.1.0.160:41371|priority:0|startupRole:FOLLOWER, 6682b1a5-9385-4106-b4a0-cef9873e4e75|rpc:10.1.0.160:45305|dataStream:10.1.0.160:41803|priority:1|startupRole:FOLLOWER] returns group-1CA41FB13F41:java.util.concurrent.CompletableFuture@38a4ad7a[Not completed]
2023-05-08 09:33:27,892 [pool-123-thread-1] INFO  server.RaftServerConfigKeys (ConfUtils.java:logGet(46)) - raft.server.rpc.timeout.min = 5s (custom)
2023-05-08 09:33:27,894 [pool-79-thread-1] INFO  server.RaftServerConfigKeys (ConfUtils.java:logGet(46)) - raft.server.rpc.sleep.time = 25ms (default)
2023-05-08 09:33:27,895 [pool-79-thread-1] INFO  server.RaftServerConfigKeys (ConfUtils.java:logGet(46)) - raft.server.rpc.slowness.timeout = 300s (custom)
2023-05-08 09:33:27,895 [pool-79-thread-1] INFO  server.RaftServerConfigKeys (ConfUtils.java:logGet(46)) - raft.server.leaderelection.leader.step-down.wait-time = 10s (default)
2023-05-08 09:33:27,895 [pool-79-thread-1] INFO  server.RaftServerConfigKeys (ConfUtils.java:logGet(46)) - raft.server.sleep.deviation.threshold = 300ms (default)
2023-05-08 09:33:27,895 [pool-79-thread-1] INFO  server.RaftServer$Division (ServerState.java:<init>(118)) - 6682b1a5-9385-4106-b4a0-cef9873e4e75@group-1CA41FB13F41: ConfigurationManager, init=-1: peers:[d7c57734-1d74-411b-8fcc-d057f09568f6|rpc:10.1.0.160:36437|dataStream:10.1.0.160:34857|priority:0|startupRole:FOLLOWER, e50fc3ca-175c-4331-888e-9d5a4b4ffc01|rpc:10.1.0.160:37363|dataStream:10.1.0.160:41371|priority:0|startupRole:FOLLOWER, 6682b1a5-9385-4106-b4a0-cef9873e4e75|rpc:10.1.0.160:45305|dataStream:10.1.0.160:41803|priority:1|startupRole:FOLLOWER]|listeners:[], old=null, confs=<EMPTY_MAP>
2023-05-08 09:33:27,895 [pool-79-thread-1] INFO  server.RaftServerConfigKeys (ConfUtils.java:logGet(46)) - raft.server.storage.dir = [/home/runner/work/ozone/ozone/hadoop-ozone/integration-test/target/test-dir/MiniOzoneClusterImpl-9831f382-72e6-431b-adf3-2f9efd8fb9d7/datanode-0/data/ratis] (custom)
2023-05-08 09:33:27,896 [pool-79-thread-1] INFO  server.RaftServerConfigKeys (ConfUtils.java:logGet(46)) - raft.server.log.corruption.policy = EXCEPTION (default)
2023-05-08 09:33:27,896 [pool-79-thread-1] INFO  server.RaftServerConfigKeys (ConfUtils.java:logGet(46)) - raft.server.storage.free-space.min = 0MB (=0) (default)
2023-05-08 09:33:27,896 [pool-79-thread-1] INFO  server.RaftServerConfigKeys (ConfUtils.java:logGet(46)) - raft.server.notification.no-leader.timeout = 300s (custom)
2023-05-08 09:33:27,896 [pool-79-thread-1] INFO  server.RaftServerConfigKeys (ConfUtils.java:logGet(46)) - raft.server.retrycache.expirytime = 600000ms (custom)
2023-05-08 09:33:27,896 [pool-79-thread-1] INFO  server.RaftServerConfigKeys (ConfUtils.java:logGet(46)) - raft.server.retrycache.statistics.expirytime = 100μs (default)
2023-05-08 09:33:27,897 [pool-79-thread-1] INFO  server.RaftServerConfigKeys (ConfUtils.java:logGet(46)) - raft.server.log.appender.install.snapshot.enabled = false (custom)
2023-05-08 09:33:27,897 [pool-79-thread-1] INFO  server.RaftServerConfigKeys (ConfUtils.java:logGet(46)) - raft.server.threadpool.server.cached = true (default)
2023-05-08 09:33:27,897 [pool-79-thread-1] INFO  server.RaftServerConfigKeys (ConfUtils.java:logGet(46)) - raft.server.threadpool.server.size = 0 (default)
2023-05-08 09:33:27,897 [pool-79-thread-1] INFO  server.RaftServerConfigKeys (ConfUtils.java:logGet(46)) - raft.server.threadpool.client.cached = true (default)
2023-05-08 09:33:27,897 [pool-79-thread-1] INFO  server.RaftServerConfigKeys (ConfUtils.java:logGet(46)) - raft.server.threadpool.client.size = 0 (default)
2023-05-08 09:33:27,897 [pool-79-thread-1] INFO  storage.RaftStorageDirectory (RaftStorageDirectoryImpl.java:analyzeStorage(137)) - The storage directory /home/runner/work/ozone/ozone/hadoop-ozone/integration-test/target/test-dir/MiniOzoneClusterImpl-9831f382-72e6-431b-adf3-2f9efd8fb9d7/datanode-0/data/ratis/cf46c7d8-7583-46ff-a254-1ca41fb13f41 does not exist. Creating ...
2023-05-08 09:33:27,897 [pool-123-thread-1] INFO  server.RaftServerConfigKeys (ConfUtils.java:logGet(46)) - raft.server.rpc.timeout.max = 5200ms (custom)
2023-05-08 09:33:27,898 [pool-79-thread-1] INFO  storage.RaftStorageDirectory (RaftStorageDirectoryImpl.java:tryLock(231)) - Lock on /home/runner/work/ozone/ozone/hadoop-ozone/integration-test/target/test-dir/MiniOzoneClusterImpl-9831f382-72e6-431b-adf3-2f9efd8fb9d7/datanode-0/data/ratis/cf46c7d8-7583-46ff-a254-1ca41fb13f41/in_use.lock acquired by nodename 7572@fv-az96-539
2023-05-08 09:33:27,899 [pool-123-thread-1] INFO  server.RaftServerConfigKeys (ConfUtils.java:logGet(46)) - raft.server.rpc.sleep.time = 25ms (default)
2023-05-08 09:33:27,899 [pool-123-thread-1] INFO  server.RaftServerConfigKeys (ConfUtils.java:logGet(46)) - raft.server.rpc.slowness.timeout = 300s (custom)
2023-05-08 09:33:27,899 [pool-123-thread-1] INFO  server.RaftServerConfigKeys (ConfUtils.java:logGet(46)) - raft.server.leaderelection.leader.step-down.wait-time = 10s (default)
2023-05-08 09:33:27,899 [pool-123-thread-1] INFO  server.RaftServerConfigKeys (ConfUtils.java:logGet(46)) - raft.server.sleep.deviation.threshold = 300ms (default)
2023-05-08 09:33:27,899 [pool-123-thread-1] INFO  server.RaftServer$Division (ServerState.java:<init>(118)) - e50fc3ca-175c-4331-888e-9d5a4b4ffc01@group-0B99C00588B9: ConfigurationManager, init=-1: peers:[d7c57734-1d74-411b-8fcc-d057f09568f6|rpc:10.1.0.160:36437|dataStream:10.1.0.160:34857|priority:0|startupRole:FOLLOWER, e50fc3ca-175c-4331-888e-9d5a4b4ffc01|rpc:10.1.0.160:37363|dataStream:10.1.0.160:41371|priority:1|startupRole:FOLLOWER, 6682b1a5-9385-4106-b4a0-cef9873e4e75|rpc:10.1.0.160:45305|dataStream:10.1.0.160:41803|priority:0|startupRole:FOLLOWER]|listeners:[], old=null, confs=<EMPTY_MAP>
2023-05-08 09:33:27,899 [pool-123-thread-1] INFO  server.RaftServerConfigKeys (ConfUtils.java:logGet(46)) - raft.server.storage.dir = [/home/runner/work/ozone/ozone/hadoop-ozone/integration-test/target/test-dir/MiniOzoneClusterImpl-9831f382-72e6-431b-adf3-2f9efd8fb9d7/datanode-2/data/ratis] (custom)
2023-05-08 09:33:27,899 [pool-123-thread-1] INFO  server.RaftServerConfigKeys (ConfUtils.java:logGet(46)) - raft.server.log.corruption.policy = EXCEPTION (default)
2023-05-08 09:33:27,899 [pool-123-thread-1] INFO  server.RaftServerConfigKeys (ConfUtils.java:logGet(46)) - raft.server.storage.free-space.min = 0MB (=0) (default)
2023-05-08 09:33:27,899 [pool-123-thread-1] INFO  server.RaftServerConfigKeys (ConfUtils.java:logGet(46)) - raft.server.notification.no-leader.timeout = 300s (custom)
2023-05-08 09:33:27,899 [pool-123-thread-1] INFO  server.RaftServerConfigKeys (ConfUtils.java:logGet(46)) - raft.server.retrycache.expirytime = 600000ms (custom)
2023-05-08 09:33:27,900 [pool-79-thread-1] INFO  storage.RaftStorage (RaftStorageImpl.java:format(96)) - Storage directory /home/runner/work/ozone/ozone/hadoop-ozone/integration-test/target/test-dir/MiniOzoneClusterImpl-9831f382-72e6-431b-adf3-2f9efd8fb9d7/datanode-0/data/ratis/cf46c7d8-7583-46ff-a254-1ca41fb13f41 has been successfully formatted.
2023-05-08 09:33:27,900 [pool-79-thread-1] INFO  ratis.ContainerStateMachine (ContainerStateMachine.java:loadSnapshot(262)) - group-1CA41FB13F41: The snapshot info is null. Setting the last applied indexto:(t:0, i:~)
2023-05-08 09:33:27,900 [pool-79-thread-1] INFO  server.RaftServerConfigKeys (ConfUtils.java:logGet(46)) - raft.server.log.use.memory = false (default)
2023-05-08 09:33:27,901 [pool-79-thread-1] INFO  server.RaftServerConfigKeys (ConfUtils.java:logGet(46)) - raft.server.log.purge.gap = 1000000 (custom)
2023-05-08 09:33:27,901 [pool-79-thread-1] INFO  server.RaftServerConfigKeys (ConfUtils.java:logGet(46)) - raft.server.log.appender.buffer.byte-limit = 33554432 (custom)
2023-05-08 09:33:27,901 [pool-79-thread-1] INFO  server.RaftServerConfigKeys (ConfUtils.java:logGet(46)) - raft.server.log.statemachine.data.read.timeout = 1000ms (default)
2023-05-08 09:33:27,901 [pool-79-thread-1] INFO  server.RaftServerConfigKeys (ConfUtils.java:logGet(46)) - raft.server.log.purge.preservation.log.num = 0 (default)
2023-05-08 09:33:27,901 [pool-79-thread-1] INFO  server.RaftServerConfigKeys (ConfUtils.java:logGet(46)) - raft.server.log.segment.size.max = 1048576 (custom)
2023-05-08 09:33:27,902 [EventQueue-OpenPipelineForHealthyPipelineSafeModeRule] INFO  safemode.SCMSafeModeManager (HealthyPipelineSafeModeRule.java:process(137)) - SCM in safe mode. Healthy pipelines reported count is 0, required healthy pipeline reported count is 1
2023-05-08 09:33:27,900 [pool-123-thread-1] INFO  server.RaftServerConfigKeys (ConfUtils.java:logGet(46)) - raft.server.retrycache.statistics.expirytime = 100μs (default)
2023-05-08 09:33:27,908 [pool-79-thread-1] INFO  server.RaftServerConfigKeys (ConfUtils.java:logGet(46)) - raft.server.log.segment.cache.num.max = 2 (custom)
2023-05-08 09:33:27,908 [pool-79-thread-1] INFO  server.RaftServerConfigKeys (ConfUtils.java:logGet(46)) - raft.server.log.segment.cache.size.max = 200MB (=209715200) (default)
2023-05-08 09:33:27,908 [pool-79-thread-1] INFO  segmented.SegmentedRaftLogWorker (SegmentedRaftLogWorker.java:<init>(189)) - new 6682b1a5-9385-4106-b4a0-cef9873e4e75@group-1CA41FB13F41-SegmentedRaftLogWorker for RaftStorageImpl:Storage Directory /home/runner/work/ozone/ozone/hadoop-ozone/integration-test/target/test-dir/MiniOzoneClusterImpl-9831f382-72e6-431b-adf3-2f9efd8fb9d7/datanode-0/data/ratis/cf46c7d8-7583-46ff-a254-1ca41fb13f41
2023-05-08 09:33:27,909 [pool-79-thread-1] INFO  server.RaftServerConfigKeys (ConfUtils.java:logGet(46)) - raft.server.log.queue.byte-limit = 4294967296 (custom)
2023-05-08 09:33:27,909 [pool-79-thread-1] INFO  server.RaftServerConfigKeys (ConfUtils.java:logGet(46)) - raft.server.log.queue.element-limit = 1024 (custom)
2023-05-08 09:33:27,909 [pool-79-thread-1] INFO  server.RaftServerConfigKeys (ConfUtils.java:logGet(46)) - raft.server.log.segment.size.max = 1048576 (custom)
2023-05-08 09:33:27,909 [pool-79-thread-1] INFO  server.RaftServerConfigKeys (ConfUtils.java:logGet(46)) - raft.server.log.preallocated.size = 16384 (custom)
2023-05-08 09:33:27,909 [pool-79-thread-1] INFO  server.RaftServerConfigKeys (ConfUtils.java:logGet(46)) - raft.server.log.force.sync.num = 128 (default)
2023-05-08 09:33:27,911 [pool-123-thread-1] INFO  server.RaftServerConfigKeys (ConfUtils.java:logGet(46)) - raft.server.log.appender.install.snapshot.enabled = false (custom)
2023-05-08 09:33:27,911 [pool-79-thread-1] INFO  server.RaftServerConfigKeys (ConfUtils.java:logGet(46)) - raft.server.log.statemachine.data.sync = true (default)
2023-05-08 09:33:27,911 [pool-79-thread-1] INFO  server.RaftServerConfigKeys (ConfUtils.java:logGet(46)) - raft.server.log.statemachine.data.sync.timeout = 10s (default)
2023-05-08 09:33:27,911 [pool-123-thread-1] INFO  server.RaftServerConfigKeys (ConfUtils.java:logGet(46)) - raft.server.threadpool.server.cached = true (default)
2023-05-08 09:33:27,911 [pool-123-thread-1] INFO  server.RaftServerConfigKeys (ConfUtils.java:logGet(46)) - raft.server.threadpool.server.size = 0 (default)
2023-05-08 09:33:27,911 [pool-123-thread-1] INFO  server.RaftServerConfigKeys (ConfUtils.java:logGet(46)) - raft.server.threadpool.client.cached = true (default)
2023-05-08 09:33:27,911 [pool-123-thread-1] INFO  server.RaftServerConfigKeys (ConfUtils.java:logGet(46)) - raft.server.threadpool.client.size = 0 (default)
2023-05-08 09:33:27,911 [pool-123-thread-1] INFO  storage.RaftStorageDirectory (RaftStorageDirectoryImpl.java:analyzeStorage(137)) - The storage directory /home/runner/work/ozone/ozone/hadoop-ozone/integration-test/target/test-dir/MiniOzoneClusterImpl-9831f382-72e6-431b-adf3-2f9efd8fb9d7/datanode-2/data/ratis/2d1bfc3e-e8ef-4ba8-b2a0-0b99c00588b9 does not exist. Creating ...
2023-05-08 09:33:27,911 [pool-79-thread-1] INFO  server.RaftServerConfigKeys (ConfUtils.java:logGet(46)) - raft.server.log.statemachine.data.sync.timeout.retry = -1 (default)
2023-05-08 09:33:27,912 [pool-79-thread-1] INFO  server.RaftServerConfigKeys (ConfUtils.java:logGet(46)) - raft.server.log.write.buffer.size = 1048576 (custom)
2023-05-08 09:33:27,913 [pool-79-thread-1] INFO  server.RaftServerConfigKeys (ConfUtils.java:logGet(46)) - raft.server.log.appender.buffer.byte-limit = 33554432 (custom)
2023-05-08 09:33:27,915 [pool-123-thread-1] INFO  storage.RaftStorageDirectory (RaftStorageDirectoryImpl.java:tryLock(231)) - Lock on /home/runner/work/ozone/ozone/hadoop-ozone/integration-test/target/test-dir/MiniOzoneClusterImpl-9831f382-72e6-431b-adf3-2f9efd8fb9d7/datanode-2/data/ratis/2d1bfc3e-e8ef-4ba8-b2a0-0b99c00588b9/in_use.lock acquired by nodename 7572@fv-az96-539
2023-05-08 09:33:27,916 [pool-123-thread-1] INFO  storage.RaftStorage (RaftStorageImpl.java:format(96)) - Storage directory /home/runner/work/ozone/ozone/hadoop-ozone/integration-test/target/test-dir/MiniOzoneClusterImpl-9831f382-72e6-431b-adf3-2f9efd8fb9d7/datanode-2/data/ratis/2d1bfc3e-e8ef-4ba8-b2a0-0b99c00588b9 has been successfully formatted.
2023-05-08 09:33:27,919 [pool-123-thread-1] INFO  ratis.ContainerStateMachine (ContainerStateMachine.java:loadSnapshot(262)) - group-0B99C00588B9: The snapshot info is null. Setting the last applied indexto:(t:0, i:~)
2023-05-08 09:33:27,919 [pool-123-thread-1] INFO  server.RaftServerConfigKeys (ConfUtils.java:logGet(46)) - raft.server.log.use.memory = false (default)
2023-05-08 09:33:27,919 [pool-123-thread-1] INFO  server.RaftServerConfigKeys (ConfUtils.java:logGet(46)) - raft.server.log.purge.gap = 1000000 (custom)
2023-05-08 09:33:27,919 [pool-123-thread-1] INFO  server.RaftServerConfigKeys (ConfUtils.java:logGet(46)) - raft.server.log.appender.buffer.byte-limit = 33554432 (custom)
2023-05-08 09:33:27,919 [pool-123-thread-1] INFO  server.RaftServerConfigKeys (ConfUtils.java:logGet(46)) - raft.server.log.statemachine.data.read.timeout = 1000ms (default)
2023-05-08 09:33:27,919 [pool-123-thread-1] INFO  server.RaftServerConfigKeys (ConfUtils.java:logGet(46)) - raft.server.log.purge.preservation.log.num = 0 (default)
2023-05-08 09:33:27,920 [pool-123-thread-1] INFO  server.RaftServerConfigKeys (ConfUtils.java:logGet(46)) - raft.server.log.segment.size.max = 1048576 (custom)
2023-05-08 09:33:27,921 [pool-123-thread-1] INFO  server.RaftServerConfigKeys (ConfUtils.java:logGet(46)) - raft.server.log.segment.cache.num.max = 2 (custom)
2023-05-08 09:33:27,921 [pool-123-thread-1] INFO  server.RaftServerConfigKeys (ConfUtils.java:logGet(46)) - raft.server.log.segment.cache.size.max = 200MB (=209715200) (default)
2023-05-08 09:33:27,921 [pool-123-thread-1] INFO  segmented.SegmentedRaftLogWorker (SegmentedRaftLogWorker.java:<init>(189)) - new e50fc3ca-175c-4331-888e-9d5a4b4ffc01@group-0B99C00588B9-SegmentedRaftLogWorker for RaftStorageImpl:Storage Directory /home/runner/work/ozone/ozone/hadoop-ozone/integration-test/target/test-dir/MiniOzoneClusterImpl-9831f382-72e6-431b-adf3-2f9efd8fb9d7/datanode-2/data/ratis/2d1bfc3e-e8ef-4ba8-b2a0-0b99c00588b9
2023-05-08 09:33:27,921 [pool-123-thread-1] INFO  server.RaftServerConfigKeys (ConfUtils.java:logGet(46)) - raft.server.log.queue.byte-limit = 4294967296 (custom)
2023-05-08 09:33:27,921 [pool-123-thread-1] INFO  server.RaftServerConfigKeys (ConfUtils.java:logGet(46)) - raft.server.log.queue.element-limit = 1024 (custom)
2023-05-08 09:33:27,921 [pool-123-thread-1] INFO  server.RaftServerConfigKeys (ConfUtils.java:logGet(46)) - raft.server.log.segment.size.max = 1048576 (custom)
2023-05-08 09:33:27,921 [pool-123-thread-1] INFO  server.RaftServerConfigKeys (ConfUtils.java:logGet(46)) - raft.server.log.preallocated.size = 16384 (custom)
2023-05-08 09:33:27,921 [pool-123-thread-1] INFO  server.RaftServerConfigKeys (ConfUtils.java:logGet(46)) - raft.server.log.force.sync.num = 128 (default)
2023-05-08 09:33:27,921 [pool-123-thread-1] INFO  server.RaftServerConfigKeys (ConfUtils.java:logGet(46)) - raft.server.log.statemachine.data.sync = true (default)
2023-05-08 09:33:27,921 [pool-123-thread-1] INFO  server.RaftServerConfigKeys (ConfUtils.java:logGet(46)) - raft.server.log.statemachine.data.sync.timeout = 10s (default)
2023-05-08 09:33:27,921 [pool-123-thread-1] INFO  server.RaftServerConfigKeys (ConfUtils.java:logGet(46)) - raft.server.log.statemachine.data.sync.timeout.retry = -1 (default)
2023-05-08 09:33:27,925 [pool-79-thread-1] INFO  server.RaftServerConfigKeys (ConfUtils.java:logGet(46)) - raft.server.log.unsafe-flush.enabled = false (default)
2023-05-08 09:33:27,925 [pool-79-thread-1] INFO  server.RaftServerConfigKeys (ConfUtils.java:logGet(46)) - raft.server.log.async-flush.enabled = false (default)
2023-05-08 09:33:27,925 [pool-79-thread-1] INFO  server.RaftServerConfigKeys (ConfUtils.java:logGet(46)) - raft.server.log.statemachine.data.caching.enabled = true (custom)
2023-05-08 09:33:27,925 [pool-123-thread-1] INFO  server.RaftServerConfigKeys (ConfUtils.java:logGet(46)) - raft.server.log.write.buffer.size = 1048576 (custom)
2023-05-08 09:33:27,926 [pool-123-thread-1] INFO  server.RaftServerConfigKeys (ConfUtils.java:logGet(46)) - raft.server.log.appender.buffer.byte-limit = 33554432 (custom)
2023-05-08 09:33:27,926 [pool-79-thread-1] INFO  segmented.SegmentedRaftLogWorker (SegmentedRaftLogWorker.java:lambda$new$0(135)) - 6682b1a5-9385-4106-b4a0-cef9873e4e75@group-1CA41FB13F41-SegmentedRaftLogWorker: flushIndex: setUnconditionally 0 -> -1
2023-05-08 09:33:27,926 [pool-79-thread-1] INFO  segmented.SegmentedRaftLogWorker (SegmentedRaftLogWorker.java:lambda$new$0(135)) - 6682b1a5-9385-4106-b4a0-cef9873e4e75@group-1CA41FB13F41-SegmentedRaftLogWorker: safeCacheEvictIndex: setUnconditionally 0 -> -1
2023-05-08 09:33:27,931 [pool-123-thread-1] INFO  server.RaftServerConfigKeys (ConfUtils.java:logGet(46)) - raft.server.log.unsafe-flush.enabled = false (default)
2023-05-08 09:33:27,931 [pool-123-thread-1] INFO  server.RaftServerConfigKeys (ConfUtils.java:logGet(46)) - raft.server.log.async-flush.enabled = false (default)
2023-05-08 09:33:27,931 [pool-123-thread-1] INFO  server.RaftServerConfigKeys (ConfUtils.java:logGet(46)) - raft.server.log.statemachine.data.caching.enabled = true (custom)
2023-05-08 09:33:27,931 [pool-79-thread-1] INFO  server.RaftServer$Division (RaftServerImpl.java:start(334)) - 6682b1a5-9385-4106-b4a0-cef9873e4e75@group-1CA41FB13F41: start as a follower, conf=-1: peers:[d7c57734-1d74-411b-8fcc-d057f09568f6|rpc:10.1.0.160:36437|dataStream:10.1.0.160:34857|priority:0|startupRole:FOLLOWER, e50fc3ca-175c-4331-888e-9d5a4b4ffc01|rpc:10.1.0.160:37363|dataStream:10.1.0.160:41371|priority:0|startupRole:FOLLOWER, 6682b1a5-9385-4106-b4a0-cef9873e4e75|rpc:10.1.0.160:45305|dataStream:10.1.0.160:41803|priority:1|startupRole:FOLLOWER]|listeners:[], old=null
2023-05-08 09:33:27,932 [pool-79-thread-1] INFO  server.RaftServer$Division (RaftServerImpl.java:setRole(321)) - 6682b1a5-9385-4106-b4a0-cef9873e4e75@group-1CA41FB13F41: changes role from      null to FOLLOWER at term 0 for startAsFollower
2023-05-08 09:33:27,932 [pool-79-thread-1] INFO  impl.RoleInfo (RoleInfo.java:updateAndGet(139)) - 6682b1a5-9385-4106-b4a0-cef9873e4e75: start 6682b1a5-9385-4106-b4a0-cef9873e4e75@group-1CA41FB13F41-FollowerState
2023-05-08 09:33:27,932 [pool-79-thread-1] INFO  util.JmxRegister (JmxRegister.java:tryRegister(44)) - Successfully registered JMX Bean with object name Ratis:service=RaftServer,group=group-1CA41FB13F41,id=6682b1a5-9385-4106-b4a0-cef9873e4e75
2023-05-08 09:33:27,932 [pool-123-thread-1] INFO  segmented.SegmentedRaftLogWorker (SegmentedRaftLogWorker.java:lambda$new$0(135)) - e50fc3ca-175c-4331-888e-9d5a4b4ffc01@group-0B99C00588B9-SegmentedRaftLogWorker: flushIndex: setUnconditionally 0 -> -1
2023-05-08 09:33:27,933 [6682b1a5-9385-4106-b4a0-cef9873e4e75@group-1CA41FB13F41-FollowerState] INFO  server.RaftServerConfigKeys (ConfUtils.java:logFallback(53)) - raft.server.rpc.first-election.timeout.min = 5s (fallback to raft.server.rpc.timeout.min)
2023-05-08 09:33:27,933 [pool-123-thread-1] INFO  segmented.SegmentedRaftLogWorker (SegmentedRaftLogWorker.java:lambda$new$0(135)) - e50fc3ca-175c-4331-888e-9d5a4b4ffc01@group-0B99C00588B9-SegmentedRaftLogWorker: safeCacheEvictIndex: setUnconditionally 0 -> -1
2023-05-08 09:33:27,933 [pool-79-thread-1] INFO  server.RaftServerConfigKeys (ConfUtils.java:logGet(46)) - raft.server.snapshot.auto.trigger.enabled = true (custom)
2023-05-08 09:33:27,933 [pool-79-thread-1] INFO  server.RaftServerConfigKeys (ConfUtils.java:logGet(46)) - raft.server.snapshot.auto.trigger.threshold = 10000 (custom)
2023-05-08 09:33:27,933 [pool-79-thread-1] INFO  server.RaftServerConfigKeys (ConfUtils.java:logGet(46)) - raft.server.snapshot.retention.file.num = 5 (custom)
2023-05-08 09:33:27,933 [pool-79-thread-1] INFO  server.RaftServerConfigKeys (ConfUtils.java:logGet(46)) - raft.server.log.purge.upto.snapshot.index = false (default)
2023-05-08 09:33:27,935 [pool-123-thread-1] INFO  server.RaftServer$Division (RaftServerImpl.java:start(334)) - e50fc3ca-175c-4331-888e-9d5a4b4ffc01@group-0B99C00588B9: start as a follower, conf=-1: peers:[d7c57734-1d74-411b-8fcc-d057f09568f6|rpc:10.1.0.160:36437|dataStream:10.1.0.160:34857|priority:0|startupRole:FOLLOWER, e50fc3ca-175c-4331-888e-9d5a4b4ffc01|rpc:10.1.0.160:37363|dataStream:10.1.0.160:41371|priority:1|startupRole:FOLLOWER, 6682b1a5-9385-4106-b4a0-cef9873e4e75|rpc:10.1.0.160:45305|dataStream:10.1.0.160:41803|priority:0|startupRole:FOLLOWER]|listeners:[], old=null
2023-05-08 09:33:27,935 [pool-123-thread-1] INFO  server.RaftServer$Division (RaftServerImpl.java:setRole(321)) - e50fc3ca-175c-4331-888e-9d5a4b4ffc01@group-0B99C00588B9: changes role from      null to FOLLOWER at term 0 for startAsFollower
2023-05-08 09:33:27,935 [pool-123-thread-1] INFO  impl.RoleInfo (RoleInfo.java:updateAndGet(139)) - e50fc3ca-175c-4331-888e-9d5a4b4ffc01: start e50fc3ca-175c-4331-888e-9d5a4b4ffc01@group-0B99C00588B9-FollowerState
2023-05-08 09:33:27,933 [6682b1a5-9385-4106-b4a0-cef9873e4e75@group-1CA41FB13F41-FollowerState] INFO  server.RaftServerConfigKeys (ConfUtils.java:logFallback(53)) - raft.server.rpc.first-election.timeout.max = 5200ms (fallback to raft.server.rpc.timeout.max)
2023-05-08 09:33:27,936 [pool-123-thread-1] INFO  util.JmxRegister (JmxRegister.java:tryRegister(44)) - Successfully registered JMX Bean with object name Ratis:service=RaftServer,group=group-0B99C00588B9,id=e50fc3ca-175c-4331-888e-9d5a4b4ffc01
2023-05-08 09:33:27,936 [e50fc3ca-175c-4331-888e-9d5a4b4ffc01@group-0B99C00588B9-FollowerState] INFO  server.RaftServerConfigKeys (ConfUtils.java:logFallback(53)) - raft.server.rpc.first-election.timeout.min = 5s (fallback to raft.server.rpc.timeout.min)
2023-05-08 09:33:27,937 [pool-123-thread-1] INFO  server.RaftServerConfigKeys (ConfUtils.java:logGet(46)) - raft.server.snapshot.auto.trigger.enabled = true (custom)
2023-05-08 09:33:27,937 [e50fc3ca-175c-4331-888e-9d5a4b4ffc01@group-0B99C00588B9-FollowerState] INFO  server.RaftServerConfigKeys (ConfUtils.java:logFallback(53)) - raft.server.rpc.first-election.timeout.max = 5200ms (fallback to raft.server.rpc.timeout.max)
2023-05-08 09:33:27,937 [pool-123-thread-1] INFO  server.RaftServerConfigKeys (ConfUtils.java:logGet(46)) - raft.server.snapshot.auto.trigger.threshold = 10000 (custom)
2023-05-08 09:33:27,937 [pool-123-thread-1] INFO  server.RaftServerConfigKeys (ConfUtils.java:logGet(46)) - raft.server.snapshot.retention.file.num = 5 (custom)
2023-05-08 09:33:27,937 [pool-123-thread-1] INFO  server.RaftServerConfigKeys (ConfUtils.java:logGet(46)) - raft.server.log.purge.upto.snapshot.index = false (default)
2023-05-08 09:33:27,956 [Command processor thread] INFO  commandhandler.CreatePipelineCommandHandler (CreatePipelineCommandHandler.java:handle(113)) - Created Pipeline RATIS THREE PipelineID=2d1bfc3e-e8ef-4ba8-b2a0-0b99c00588b9.
2023-05-08 09:33:27,959 [grpc-default-executor-1] INFO  server.RaftServer (RaftServerProxy.java:addNew(96)) - e50fc3ca-175c-4331-888e-9d5a4b4ffc01: addNew group-1CA41FB13F41:[d7c57734-1d74-411b-8fcc-d057f09568f6|rpc:10.1.0.160:36437|dataStream:10.1.0.160:34857|priority:0|startupRole:FOLLOWER, e50fc3ca-175c-4331-888e-9d5a4b4ffc01|rpc:10.1.0.160:37363|dataStream:10.1.0.160:41371|priority:0|startupRole:FOLLOWER, 6682b1a5-9385-4106-b4a0-cef9873e4e75|rpc:10.1.0.160:45305|dataStream:10.1.0.160:41803|priority:1|startupRole:FOLLOWER] returns group-1CA41FB13F41:java.util.concurrent.CompletableFuture@593aee84[Not completed]
2023-05-08 09:33:27,960 [pool-123-thread-1] INFO  server.RaftServer$Division (RaftServerImpl.java:<init>(195)) - e50fc3ca-175c-4331-888e-9d5a4b4ffc01: new RaftServerImpl for group-1CA41FB13F41:[d7c57734-1d74-411b-8fcc-d057f09568f6|rpc:10.1.0.160:36437|dataStream:10.1.0.160:34857|priority:0|startupRole:FOLLOWER, e50fc3ca-175c-4331-888e-9d5a4b4ffc01|rpc:10.1.0.160:37363|dataStream:10.1.0.160:41371|priority:0|startupRole:FOLLOWER, 6682b1a5-9385-4106-b4a0-cef9873e4e75|rpc:10.1.0.160:45305|dataStream:10.1.0.160:41803|priority:1|startupRole:FOLLOWER] with ContainerStateMachine:uninitialized
2023-05-08 09:33:27,961 [pool-123-thread-1] INFO  server.RaftServerConfigKeys (ConfUtils.java:logGet(46)) - raft.server.rpc.timeout.min = 5s (custom)
2023-05-08 09:33:27,961 [pool-123-thread-1] INFO  server.RaftServerConfigKeys (ConfUtils.java:logGet(46)) - raft.server.rpc.timeout.max = 5200ms (custom)
2023-05-08 09:33:27,961 [pool-123-thread-1] INFO  server.RaftServerConfigKeys (ConfUtils.java:logGet(46)) - raft.server.rpc.sleep.time = 25ms (default)
2023-05-08 09:33:27,961 [pool-123-thread-1] INFO  server.RaftServerConfigKeys (ConfUtils.java:logGet(46)) - raft.server.rpc.slowness.timeout = 300s (custom)
2023-05-08 09:33:27,961 [pool-123-thread-1] INFO  server.RaftServerConfigKeys (ConfUtils.java:logGet(46)) - raft.server.leaderelection.leader.step-down.wait-time = 10s (default)
2023-05-08 09:33:27,961 [pool-123-thread-1] INFO  server.RaftServerConfigKeys (ConfUtils.java:logGet(46)) - raft.server.sleep.deviation.threshold = 300ms (default)
2023-05-08 09:33:27,961 [pool-123-thread-1] INFO  server.RaftServer$Division (ServerState.java:<init>(118)) - e50fc3ca-175c-4331-888e-9d5a4b4ffc01@group-1CA41FB13F41: ConfigurationManager, init=-1: peers:[d7c57734-1d74-411b-8fcc-d057f09568f6|rpc:10.1.0.160:36437|dataStream:10.1.0.160:34857|priority:0|startupRole:FOLLOWER, e50fc3ca-175c-4331-888e-9d5a4b4ffc01|rpc:10.1.0.160:37363|dataStream:10.1.0.160:41371|priority:0|startupRole:FOLLOWER, 6682b1a5-9385-4106-b4a0-cef9873e4e75|rpc:10.1.0.160:45305|dataStream:10.1.0.160:41803|priority:1|startupRole:FOLLOWER]|listeners:[], old=null, confs=<EMPTY_MAP>
2023-05-08 09:33:27,961 [pool-123-thread-1] INFO  server.RaftServerConfigKeys (ConfUtils.java:logGet(46)) - raft.server.storage.dir = [/home/runner/work/ozone/ozone/hadoop-ozone/integration-test/target/test-dir/MiniOzoneClusterImpl-9831f382-72e6-431b-adf3-2f9efd8fb9d7/datanode-2/data/ratis] (custom)
2023-05-08 09:33:27,961 [pool-123-thread-1] INFO  server.RaftServerConfigKeys (ConfUtils.java:logGet(46)) - raft.server.log.corruption.policy = EXCEPTION (default)
2023-05-08 09:33:27,962 [pool-123-thread-1] INFO  server.RaftServerConfigKeys (ConfUtils.java:logGet(46)) - raft.server.storage.free-space.min = 0MB (=0) (default)
2023-05-08 09:33:27,962 [pool-123-thread-1] INFO  server.RaftServerConfigKeys (ConfUtils.java:logGet(46)) - raft.server.notification.no-leader.timeout = 300s (custom)
2023-05-08 09:33:27,962 [pool-123-thread-1] INFO  server.RaftServerConfigKeys (ConfUtils.java:logGet(46)) - raft.server.retrycache.expirytime = 600000ms (custom)
2023-05-08 09:33:27,962 [pool-123-thread-1] INFO  server.RaftServerConfigKeys (ConfUtils.java:logGet(46)) - raft.server.retrycache.statistics.expirytime = 100μs (default)
2023-05-08 09:33:27,962 [pool-123-thread-1] INFO  server.RaftServerConfigKeys (ConfUtils.java:logGet(46)) - raft.server.log.appender.install.snapshot.enabled = false (custom)
2023-05-08 09:33:27,963 [pool-123-thread-1] INFO  server.RaftServerConfigKeys (ConfUtils.java:logGet(46)) - raft.server.threadpool.server.cached = true (default)
2023-05-08 09:33:27,963 [pool-123-thread-1] INFO  server.RaftServerConfigKeys (ConfUtils.java:logGet(46)) - raft.server.threadpool.server.size = 0 (default)
2023-05-08 09:33:27,963 [pool-123-thread-1] INFO  server.RaftServerConfigKeys (ConfUtils.java:logGet(46)) - raft.server.threadpool.client.cached = true (default)
2023-05-08 09:33:27,963 [pool-123-thread-1] INFO  server.RaftServerConfigKeys (ConfUtils.java:logGet(46)) - raft.server.threadpool.client.size = 0 (default)
2023-05-08 09:33:27,963 [pool-123-thread-1] INFO  storage.RaftStorageDirectory (RaftStorageDirectoryImpl.java:analyzeStorage(137)) - The storage directory /home/runner/work/ozone/ozone/hadoop-ozone/integration-test/target/test-dir/MiniOzoneClusterImpl-9831f382-72e6-431b-adf3-2f9efd8fb9d7/datanode-2/data/ratis/cf46c7d8-7583-46ff-a254-1ca41fb13f41 does not exist. Creating ...
2023-05-08 09:33:27,964 [pool-123-thread-1] INFO  storage.RaftStorageDirectory (RaftStorageDirectoryImpl.java:tryLock(231)) - Lock on /home/runner/work/ozone/ozone/hadoop-ozone/integration-test/target/test-dir/MiniOzoneClusterImpl-9831f382-72e6-431b-adf3-2f9efd8fb9d7/datanode-2/data/ratis/cf46c7d8-7583-46ff-a254-1ca41fb13f41/in_use.lock acquired by nodename 7572@fv-az96-539
2023-05-08 09:33:27,966 [pool-123-thread-1] INFO  storage.RaftStorage (RaftStorageImpl.java:format(96)) - Storage directory /home/runner/work/ozone/ozone/hadoop-ozone/integration-test/target/test-dir/MiniOzoneClusterImpl-9831f382-72e6-431b-adf3-2f9efd8fb9d7/datanode-2/data/ratis/cf46c7d8-7583-46ff-a254-1ca41fb13f41 has been successfully formatted.
2023-05-08 09:33:27,966 [pool-123-thread-1] INFO  ratis.ContainerStateMachine (ContainerStateMachine.java:loadSnapshot(262)) - group-1CA41FB13F41: The snapshot info is null. Setting the last applied indexto:(t:0, i:~)
2023-05-08 09:33:27,966 [pool-123-thread-1] INFO  server.RaftServerConfigKeys (ConfUtils.java:logGet(46)) - raft.server.log.use.memory = false (default)
2023-05-08 09:33:27,966 [pool-123-thread-1] INFO  server.RaftServerConfigKeys (ConfUtils.java:logGet(46)) - raft.server.log.purge.gap = 1000000 (custom)
2023-05-08 09:33:27,966 [pool-123-thread-1] INFO  server.RaftServerConfigKeys (ConfUtils.java:logGet(46)) - raft.server.log.appender.buffer.byte-limit = 33554432 (custom)
2023-05-08 09:33:27,967 [pool-123-thread-1] INFO  server.RaftServerConfigKeys (ConfUtils.java:logGet(46)) - raft.server.log.statemachine.data.read.timeout = 1000ms (default)
2023-05-08 09:33:27,967 [pool-123-thread-1] INFO  server.RaftServerConfigKeys (ConfUtils.java:logGet(46)) - raft.server.log.purge.preservation.log.num = 0 (default)
2023-05-08 09:33:27,967 [pool-123-thread-1] INFO  server.RaftServerConfigKeys (ConfUtils.java:logGet(46)) - raft.server.log.segment.size.max = 1048576 (custom)
2023-05-08 09:33:27,968 [pool-123-thread-1] INFO  server.RaftServerConfigKeys (ConfUtils.java:logGet(46)) - raft.server.log.segment.cache.num.max = 2 (custom)
2023-05-08 09:33:27,968 [pool-123-thread-1] INFO  server.RaftServerConfigKeys (ConfUtils.java:logGet(46)) - raft.server.log.segment.cache.size.max = 200MB (=209715200) (default)
2023-05-08 09:33:27,968 [pool-123-thread-1] INFO  segmented.SegmentedRaftLogWorker (SegmentedRaftLogWorker.java:<init>(189)) - new e50fc3ca-175c-4331-888e-9d5a4b4ffc01@group-1CA41FB13F41-SegmentedRaftLogWorker for RaftStorageImpl:Storage Directory /home/runner/work/ozone/ozone/hadoop-ozone/integration-test/target/test-dir/MiniOzoneClusterImpl-9831f382-72e6-431b-adf3-2f9efd8fb9d7/datanode-2/data/ratis/cf46c7d8-7583-46ff-a254-1ca41fb13f41
2023-05-08 09:33:27,968 [pool-123-thread-1] INFO  server.RaftServerConfigKeys (ConfUtils.java:logGet(46)) - raft.server.log.queue.byte-limit = 4294967296 (custom)
2023-05-08 09:33:27,968 [pool-123-thread-1] INFO  server.RaftServerConfigKeys (ConfUtils.java:logGet(46)) - raft.server.log.queue.element-limit = 1024 (custom)
2023-05-08 09:33:27,968 [pool-123-thread-1] INFO  server.RaftServerConfigKeys (ConfUtils.java:logGet(46)) - raft.server.log.segment.size.max = 1048576 (custom)
2023-05-08 09:33:27,968 [pool-123-thread-1] INFO  server.RaftServerConfigKeys (ConfUtils.java:logGet(46)) - raft.server.log.preallocated.size = 16384 (custom)
2023-05-08 09:33:27,968 [pool-123-thread-1] INFO  server.RaftServerConfigKeys (ConfUtils.java:logGet(46)) - raft.server.log.force.sync.num = 128 (default)
2023-05-08 09:33:27,968 [pool-123-thread-1] INFO  server.RaftServerConfigKeys (ConfUtils.java:logGet(46)) - raft.server.log.statemachine.data.sync = true (default)
2023-05-08 09:33:27,968 [pool-123-thread-1] INFO  server.RaftServerConfigKeys (ConfUtils.java:logGet(46)) - raft.server.log.statemachine.data.sync.timeout = 10s (default)
2023-05-08 09:33:27,969 [pool-123-thread-1] INFO  server.RaftServerConfigKeys (ConfUtils.java:logGet(46)) - raft.server.log.statemachine.data.sync.timeout.retry = -1 (default)
2023-05-08 09:33:27,969 [pool-123-thread-1] INFO  server.RaftServerConfigKeys (ConfUtils.java:logGet(46)) - raft.server.log.write.buffer.size = 1048576 (custom)
2023-05-08 09:33:27,970 [pool-123-thread-1] INFO  server.RaftServerConfigKeys (ConfUtils.java:logGet(46)) - raft.server.log.appender.buffer.byte-limit = 33554432 (custom)
2023-05-08 09:33:27,976 [pool-123-thread-1] INFO  server.RaftServerConfigKeys (ConfUtils.java:logGet(46)) - raft.server.log.unsafe-flush.enabled = false (default)
2023-05-08 09:33:27,976 [pool-123-thread-1] INFO  server.RaftServerConfigKeys (ConfUtils.java:logGet(46)) - raft.server.log.async-flush.enabled = false (default)
2023-05-08 09:33:27,976 [pool-123-thread-1] INFO  server.RaftServerConfigKeys (ConfUtils.java:logGet(46)) - raft.server.log.statemachine.data.caching.enabled = true (custom)
2023-05-08 09:33:27,976 [pool-123-thread-1] INFO  segmented.SegmentedRaftLogWorker (SegmentedRaftLogWorker.java:lambda$new$0(135)) - e50fc3ca-175c-4331-888e-9d5a4b4ffc01@group-1CA41FB13F41-SegmentedRaftLogWorker: flushIndex: setUnconditionally 0 -> -1
2023-05-08 09:33:27,976 [pool-123-thread-1] INFO  segmented.SegmentedRaftLogWorker (SegmentedRaftLogWorker.java:lambda$new$0(135)) - e50fc3ca-175c-4331-888e-9d5a4b4ffc01@group-1CA41FB13F41-SegmentedRaftLogWorker: safeCacheEvictIndex: setUnconditionally 0 -> -1
2023-05-08 09:33:27,976 [pool-123-thread-1] INFO  server.RaftServer$Division (RaftServerImpl.java:start(334)) - e50fc3ca-175c-4331-888e-9d5a4b4ffc01@group-1CA41FB13F41: start as a follower, conf=-1: peers:[d7c57734-1d74-411b-8fcc-d057f09568f6|rpc:10.1.0.160:36437|dataStream:10.1.0.160:34857|priority:0|startupRole:FOLLOWER, e50fc3ca-175c-4331-888e-9d5a4b4ffc01|rpc:10.1.0.160:37363|dataStream:10.1.0.160:41371|priority:0|startupRole:FOLLOWER, 6682b1a5-9385-4106-b4a0-cef9873e4e75|rpc:10.1.0.160:45305|dataStream:10.1.0.160:41803|priority:1|startupRole:FOLLOWER]|listeners:[], old=null
2023-05-08 09:33:27,976 [pool-123-thread-1] INFO  server.RaftServer$Division (RaftServerImpl.java:setRole(321)) - e50fc3ca-175c-4331-888e-9d5a4b4ffc01@group-1CA41FB13F41: changes role from      null to FOLLOWER at term 0 for startAsFollower
2023-05-08 09:33:27,977 [pool-123-thread-1] INFO  impl.RoleInfo (RoleInfo.java:updateAndGet(139)) - e50fc3ca-175c-4331-888e-9d5a4b4ffc01: start e50fc3ca-175c-4331-888e-9d5a4b4ffc01@group-1CA41FB13F41-FollowerState
2023-05-08 09:33:27,977 [pool-123-thread-1] INFO  util.JmxRegister (JmxRegister.java:tryRegister(44)) - Successfully registered JMX Bean with object name Ratis:service=RaftServer,group=group-1CA41FB13F41,id=e50fc3ca-175c-4331-888e-9d5a4b4ffc01
2023-05-08 09:33:27,977 [pool-123-thread-1] INFO  server.RaftServerConfigKeys (ConfUtils.java:logGet(46)) - raft.server.snapshot.auto.trigger.enabled = true (custom)
2023-05-08 09:33:27,977 [pool-123-thread-1] INFO  server.RaftServerConfigKeys (ConfUtils.java:logGet(46)) - raft.server.snapshot.auto.trigger.threshold = 10000 (custom)
2023-05-08 09:33:27,977 [pool-123-thread-1] INFO  server.RaftServerConfigKeys (ConfUtils.java:logGet(46)) - raft.server.snapshot.retention.file.num = 5 (custom)
2023-05-08 09:33:27,977 [pool-123-thread-1] INFO  server.RaftServerConfigKeys (ConfUtils.java:logGet(46)) - raft.server.log.purge.upto.snapshot.index = false (default)
2023-05-08 09:33:27,978 [e50fc3ca-175c-4331-888e-9d5a4b4ffc01@group-1CA41FB13F41-FollowerState] INFO  server.RaftServerConfigKeys (ConfUtils.java:logFallback(53)) - raft.server.rpc.first-election.timeout.min = 5s (fallback to raft.server.rpc.timeout.min)
2023-05-08 09:33:27,981 [e50fc3ca-175c-4331-888e-9d5a4b4ffc01@group-1CA41FB13F41-FollowerState] INFO  server.RaftServerConfigKeys (ConfUtils.java:logFallback(53)) - raft.server.rpc.first-election.timeout.max = 5200ms (fallback to raft.server.rpc.timeout.max)
2023-05-08 09:33:27,987 [Command processor thread] INFO  commandhandler.CreatePipelineCommandHandler (CreatePipelineCommandHandler.java:handle(113)) - Created Pipeline RATIS THREE PipelineID=cf46c7d8-7583-46ff-a254-1ca41fb13f41.
2023-05-08 09:33:28,135 [Listener at 127.0.0.1/45613] INFO  ozone.MiniOzoneClusterImpl (MiniOzoneClusterImpl.java:lambda$waitForClusterToBeReady$0(224)) - Nodes are ready. Got 3 of 3 DN Heartbeats.
2023-05-08 09:33:28,135 [Listener at 127.0.0.1/45613] INFO  ozone.MiniOzoneClusterImpl (MiniOzoneClusterImpl.java:lambda$waitForClusterToBeReady$0(227)) - Waiting for cluster to exit safe mode
2023-05-08 09:33:28,135 [Listener at 127.0.0.1/45613] INFO  ozone.MiniOzoneClusterImpl (MiniOzoneClusterImpl.java:lambda$waitForClusterToBeReady$0(229)) - SCM became leader
2023-05-08 09:33:28,142 [Command processor thread] INFO  server.RaftServer (RaftServerProxy.java:addNew(96)) - e50fc3ca-175c-4331-888e-9d5a4b4ffc01: addNew group-ED35A89A728B:[e50fc3ca-175c-4331-888e-9d5a4b4ffc01|rpc:10.1.0.160:37363|dataStream:10.1.0.160:41371|priority:1|startupRole:FOLLOWER] returns group-ED35A89A728B:java.util.concurrent.CompletableFuture@28045c39[Not completed]
2023-05-08 09:33:28,143 [pool-123-thread-1] INFO  server.RaftServer$Division (RaftServerImpl.java:<init>(195)) - e50fc3ca-175c-4331-888e-9d5a4b4ffc01: new RaftServerImpl for group-ED35A89A728B:[e50fc3ca-175c-4331-888e-9d5a4b4ffc01|rpc:10.1.0.160:37363|dataStream:10.1.0.160:41371|priority:1|startupRole:FOLLOWER] with ContainerStateMachine:uninitialized
2023-05-08 09:33:28,143 [pool-123-thread-1] INFO  server.RaftServerConfigKeys (ConfUtils.java:logGet(46)) - raft.server.rpc.timeout.min = 5s (custom)
2023-05-08 09:33:28,143 [pool-123-thread-1] INFO  server.RaftServerConfigKeys (ConfUtils.java:logGet(46)) - raft.server.rpc.timeout.max = 5200ms (custom)
2023-05-08 09:33:28,143 [pool-123-thread-1] INFO  server.RaftServerConfigKeys (ConfUtils.java:logGet(46)) - raft.server.rpc.sleep.time = 25ms (default)
2023-05-08 09:33:28,143 [pool-123-thread-1] INFO  server.RaftServerConfigKeys (ConfUtils.java:logGet(46)) - raft.server.rpc.slowness.timeout = 300s (custom)
2023-05-08 09:33:28,143 [pool-123-thread-1] INFO  server.RaftServerConfigKeys (ConfUtils.java:logGet(46)) - raft.server.leaderelection.leader.step-down.wait-time = 10s (default)
2023-05-08 09:33:28,143 [pool-123-thread-1] INFO  server.RaftServerConfigKeys (ConfUtils.java:logGet(46)) - raft.server.sleep.deviation.threshold = 300ms (default)
2023-05-08 09:33:28,143 [pool-123-thread-1] INFO  server.RaftServer$Division (ServerState.java:<init>(118)) - e50fc3ca-175c-4331-888e-9d5a4b4ffc01@group-ED35A89A728B: ConfigurationManager, init=-1: peers:[e50fc3ca-175c-4331-888e-9d5a4b4ffc01|rpc:10.1.0.160:37363|dataStream:10.1.0.160:41371|priority:1|startupRole:FOLLOWER]|listeners:[], old=null, confs=<EMPTY_MAP>
2023-05-08 09:33:28,143 [pool-123-thread-1] INFO  server.RaftServerConfigKeys (ConfUtils.java:logGet(46)) - raft.server.storage.dir = [/home/runner/work/ozone/ozone/hadoop-ozone/integration-test/target/test-dir/MiniOzoneClusterImpl-9831f382-72e6-431b-adf3-2f9efd8fb9d7/datanode-2/data/ratis] (custom)
2023-05-08 09:33:28,143 [pool-123-thread-1] INFO  server.RaftServerConfigKeys (ConfUtils.java:logGet(46)) - raft.server.log.corruption.policy = EXCEPTION (default)
2023-05-08 09:33:28,143 [pool-123-thread-1] INFO  server.RaftServerConfigKeys (ConfUtils.java:logGet(46)) - raft.server.storage.free-space.min = 0MB (=0) (default)
2023-05-08 09:33:28,144 [pool-123-thread-1] INFO  server.RaftServerConfigKeys (ConfUtils.java:logGet(46)) - raft.server.notification.no-leader.timeout = 300s (custom)
2023-05-08 09:33:28,144 [pool-123-thread-1] INFO  server.RaftServerConfigKeys (ConfUtils.java:logGet(46)) - raft.server.retrycache.expirytime = 600000ms (custom)
2023-05-08 09:33:28,144 [pool-123-thread-1] INFO  server.RaftServerConfigKeys (ConfUtils.java:logGet(46)) - raft.server.retrycache.statistics.expirytime = 100μs (default)
2023-05-08 09:33:28,145 [pool-123-thread-1] INFO  server.RaftServerConfigKeys (ConfUtils.java:logGet(46)) - raft.server.log.appender.install.snapshot.enabled = false (custom)
2023-05-08 09:33:28,145 [pool-123-thread-1] INFO  server.RaftServerConfigKeys (ConfUtils.java:logGet(46)) - raft.server.threadpool.server.cached = true (default)
2023-05-08 09:33:28,145 [pool-123-thread-1] INFO  server.RaftServerConfigKeys (ConfUtils.java:logGet(46)) - raft.server.threadpool.server.size = 0 (default)
2023-05-08 09:33:28,145 [pool-123-thread-1] INFO  server.RaftServerConfigKeys (ConfUtils.java:logGet(46)) - raft.server.threadpool.client.cached = true (default)
2023-05-08 09:33:28,145 [pool-123-thread-1] INFO  server.RaftServerConfigKeys (ConfUtils.java:logGet(46)) - raft.server.threadpool.client.size = 0 (default)
2023-05-08 09:33:28,145 [pool-123-thread-1] INFO  storage.RaftStorageDirectory (RaftStorageDirectoryImpl.java:analyzeStorage(137)) - The storage directory /home/runner/work/ozone/ozone/hadoop-ozone/integration-test/target/test-dir/MiniOzoneClusterImpl-9831f382-72e6-431b-adf3-2f9efd8fb9d7/datanode-2/data/ratis/e98d93f5-ae52-4fa7-ada1-ed35a89a728b does not exist. Creating ...
2023-05-08 09:33:28,146 [pool-123-thread-1] INFO  storage.RaftStorageDirectory (RaftStorageDirectoryImpl.java:tryLock(231)) - Lock on /home/runner/work/ozone/ozone/hadoop-ozone/integration-test/target/test-dir/MiniOzoneClusterImpl-9831f382-72e6-431b-adf3-2f9efd8fb9d7/datanode-2/data/ratis/e98d93f5-ae52-4fa7-ada1-ed35a89a728b/in_use.lock acquired by nodename 7572@fv-az96-539
2023-05-08 09:33:28,147 [pool-123-thread-1] INFO  storage.RaftStorage (RaftStorageImpl.java:format(96)) - Storage directory /home/runner/work/ozone/ozone/hadoop-ozone/integration-test/target/test-dir/MiniOzoneClusterImpl-9831f382-72e6-431b-adf3-2f9efd8fb9d7/datanode-2/data/ratis/e98d93f5-ae52-4fa7-ada1-ed35a89a728b has been successfully formatted.
2023-05-08 09:33:28,148 [pool-123-thread-1] INFO  ratis.ContainerStateMachine (ContainerStateMachine.java:loadSnapshot(262)) - group-ED35A89A728B: The snapshot info is null. Setting the last applied indexto:(t:0, i:~)
2023-05-08 09:33:28,148 [pool-123-thread-1] INFO  server.RaftServerConfigKeys (ConfUtils.java:logGet(46)) - raft.server.log.use.memory = false (default)
2023-05-08 09:33:28,148 [pool-123-thread-1] INFO  server.RaftServerConfigKeys (ConfUtils.java:logGet(46)) - raft.server.log.purge.gap = 1000000 (custom)
2023-05-08 09:33:28,148 [pool-123-thread-1] INFO  server.RaftServerConfigKeys (ConfUtils.java:logGet(46)) - raft.server.log.appender.buffer.byte-limit = 33554432 (custom)
2023-05-08 09:33:28,148 [pool-123-thread-1] INFO  server.RaftServerConfigKeys (ConfUtils.java:logGet(46)) - raft.server.log.statemachine.data.read.timeout = 1000ms (default)
2023-05-08 09:33:28,149 [pool-123-thread-1] INFO  server.RaftServerConfigKeys (ConfUtils.java:logGet(46)) - raft.server.log.purge.preservation.log.num = 0 (default)
2023-05-08 09:33:28,149 [pool-123-thread-1] INFO  server.RaftServerConfigKeys (ConfUtils.java:logGet(46)) - raft.server.log.segment.size.max = 1048576 (custom)
2023-05-08 09:33:28,149 [pool-123-thread-1] INFO  server.RaftServerConfigKeys (ConfUtils.java:logGet(46)) - raft.server.log.segment.cache.num.max = 2 (custom)
2023-05-08 09:33:28,149 [EventQueue-PipelineReportForPipelineReportHandler] INFO  pipeline.PipelineManagerImpl (PipelineManagerImpl.java:openPipeline(367)) - Pipeline Pipeline[ Id: e98d93f5-ae52-4fa7-ada1-ed35a89a728b, Nodes: e50fc3ca-175c-4331-888e-9d5a4b4ffc01(fv-az96-539/10.1.0.160), ReplicationConfig: RATIS/ONE, State:ALLOCATED, leaderId:e50fc3ca-175c-4331-888e-9d5a4b4ffc01, CreationTimestamp2023-05-08T09:33:25.145Z[Etc/UTC]] moved to OPEN state
2023-05-08 09:33:28,153 [EventQueue-OpenPipelineForHealthyPipelineSafeModeRule] INFO  safemode.SCMSafeModeManager (HealthyPipelineSafeModeRule.java:process(137)) - SCM in safe mode. Healthy pipelines reported count is 0, required healthy pipeline reported count is 1
2023-05-08 09:33:28,153 [pool-123-thread-1] INFO  server.RaftServerConfigKeys (ConfUtils.java:logGet(46)) - raft.server.log.segment.cache.size.max = 200MB (=209715200) (default)
2023-05-08 09:33:28,153 [pool-123-thread-1] INFO  segmented.SegmentedRaftLogWorker (SegmentedRaftLogWorker.java:<init>(189)) - new e50fc3ca-175c-4331-888e-9d5a4b4ffc01@group-ED35A89A728B-SegmentedRaftLogWorker for RaftStorageImpl:Storage Directory /home/runner/work/ozone/ozone/hadoop-ozone/integration-test/target/test-dir/MiniOzoneClusterImpl-9831f382-72e6-431b-adf3-2f9efd8fb9d7/datanode-2/data/ratis/e98d93f5-ae52-4fa7-ada1-ed35a89a728b
2023-05-08 09:33:28,153 [pool-123-thread-1] INFO  server.RaftServerConfigKeys (ConfUtils.java:logGet(46)) - raft.server.log.queue.byte-limit = 4294967296 (custom)
2023-05-08 09:33:28,153 [pool-123-thread-1] INFO  server.RaftServerConfigKeys (ConfUtils.java:logGet(46)) - raft.server.log.queue.element-limit = 1024 (custom)
2023-05-08 09:33:28,153 [pool-123-thread-1] INFO  server.RaftServerConfigKeys (ConfUtils.java:logGet(46)) - raft.server.log.segment.size.max = 1048576 (custom)
2023-05-08 09:33:28,153 [pool-123-thread-1] INFO  server.RaftServerConfigKeys (ConfUtils.java:logGet(46)) - raft.server.log.preallocated.size = 16384 (custom)
2023-05-08 09:33:28,153 [pool-123-thread-1] INFO  server.RaftServerConfigKeys (ConfUtils.java:logGet(46)) - raft.server.log.force.sync.num = 128 (default)
2023-05-08 09:33:28,154 [pool-123-thread-1] INFO  server.RaftServerConfigKeys (ConfUtils.java:logGet(46)) - raft.server.log.statemachine.data.sync = true (default)
2023-05-08 09:33:28,154 [pool-123-thread-1] INFO  server.RaftServerConfigKeys (ConfUtils.java:logGet(46)) - raft.server.log.statemachine.data.sync.timeout = 10s (default)
2023-05-08 09:33:28,154 [pool-123-thread-1] INFO  server.RaftServerConfigKeys (ConfUtils.java:logGet(46)) - raft.server.log.statemachine.data.sync.timeout.retry = -1 (default)
2023-05-08 09:33:28,155 [pool-123-thread-1] INFO  server.RaftServerConfigKeys (ConfUtils.java:logGet(46)) - raft.server.log.write.buffer.size = 1048576 (custom)
2023-05-08 09:33:28,155 [pool-123-thread-1] INFO  server.RaftServerConfigKeys (ConfUtils.java:logGet(46)) - raft.server.log.appender.buffer.byte-limit = 33554432 (custom)
2023-05-08 09:33:28,160 [pool-123-thread-1] INFO  server.RaftServerConfigKeys (ConfUtils.java:logGet(46)) - raft.server.log.unsafe-flush.enabled = false (default)
2023-05-08 09:33:28,160 [pool-123-thread-1] INFO  server.RaftServerConfigKeys (ConfUtils.java:logGet(46)) - raft.server.log.async-flush.enabled = false (default)
2023-05-08 09:33:28,161 [pool-123-thread-1] INFO  server.RaftServerConfigKeys (ConfUtils.java:logGet(46)) - raft.server.log.statemachine.data.caching.enabled = true (custom)
2023-05-08 09:33:28,161 [pool-123-thread-1] INFO  segmented.SegmentedRaftLogWorker (SegmentedRaftLogWorker.java:lambda$new$0(135)) - e50fc3ca-175c-4331-888e-9d5a4b4ffc01@group-ED35A89A728B-SegmentedRaftLogWorker: flushIndex: setUnconditionally 0 -> -1
2023-05-08 09:33:28,161 [pool-123-thread-1] INFO  segmented.SegmentedRaftLogWorker (SegmentedRaftLogWorker.java:lambda$new$0(135)) - e50fc3ca-175c-4331-888e-9d5a4b4ffc01@group-ED35A89A728B-SegmentedRaftLogWorker: safeCacheEvictIndex: setUnconditionally 0 -> -1
2023-05-08 09:33:28,161 [pool-123-thread-1] INFO  server.RaftServer$Division (RaftServerImpl.java:start(334)) - e50fc3ca-175c-4331-888e-9d5a4b4ffc01@group-ED35A89A728B: start as a follower, conf=-1: peers:[e50fc3ca-175c-4331-888e-9d5a4b4ffc01|rpc:10.1.0.160:37363|dataStream:10.1.0.160:41371|priority:1|startupRole:FOLLOWER]|listeners:[], old=null
2023-05-08 09:33:28,161 [pool-123-thread-1] INFO  server.RaftServer$Division (RaftServerImpl.java:setRole(321)) - e50fc3ca-175c-4331-888e-9d5a4b4ffc01@group-ED35A89A728B: changes role from      null to FOLLOWER at term 0 for startAsFollower
2023-05-08 09:33:28,161 [pool-123-thread-1] INFO  impl.RoleInfo (RoleInfo.java:updateAndGet(139)) - e50fc3ca-175c-4331-888e-9d5a4b4ffc01: start e50fc3ca-175c-4331-888e-9d5a4b4ffc01@group-ED35A89A728B-FollowerState
2023-05-08 09:33:28,161 [pool-123-thread-1] INFO  util.JmxRegister (JmxRegister.java:tryRegister(44)) - Successfully registered JMX Bean with object name Ratis:service=RaftServer,group=group-ED35A89A728B,id=e50fc3ca-175c-4331-888e-9d5a4b4ffc01
2023-05-08 09:33:28,161 [e50fc3ca-175c-4331-888e-9d5a4b4ffc01@group-ED35A89A728B-FollowerState] INFO  server.RaftServerConfigKeys (ConfUtils.java:logFallback(53)) - raft.server.rpc.first-election.timeout.min = 5s (fallback to raft.server.rpc.timeout.min)
2023-05-08 09:33:28,162 [pool-123-thread-1] INFO  server.RaftServerConfigKeys (ConfUtils.java:logGet(46)) - raft.server.snapshot.auto.trigger.enabled = true (custom)
2023-05-08 09:33:28,162 [e50fc3ca-175c-4331-888e-9d5a4b4ffc01@group-ED35A89A728B-FollowerState] INFO  server.RaftServerConfigKeys (ConfUtils.java:logFallback(53)) - raft.server.rpc.first-election.timeout.max = 5200ms (fallback to raft.server.rpc.timeout.max)
2023-05-08 09:33:28,162 [pool-123-thread-1] INFO  server.RaftServerConfigKeys (ConfUtils.java:logGet(46)) - raft.server.snapshot.auto.trigger.threshold = 10000 (custom)
2023-05-08 09:33:28,162 [pool-123-thread-1] INFO  server.RaftServerConfigKeys (ConfUtils.java:logGet(46)) - raft.server.snapshot.retention.file.num = 5 (custom)
2023-05-08 09:33:28,162 [pool-123-thread-1] INFO  server.RaftServerConfigKeys (ConfUtils.java:logGet(46)) - raft.server.log.purge.upto.snapshot.index = false (default)
2023-05-08 09:33:28,162 [Command processor thread] INFO  ratis.XceiverServerRatis (XceiverServerRatis.java:addGroup(806)) - Created group PipelineID=e98d93f5-ae52-4fa7-ada1-ed35a89a728b
2023-05-08 09:33:28,163 [Command processor thread] INFO  commandhandler.CreatePipelineCommandHandler (CreatePipelineCommandHandler.java:handle(113)) - Created Pipeline RATIS ONE PipelineID=e98d93f5-ae52-4fa7-ada1-ed35a89a728b.
2023-05-08 09:33:29,136 [Listener at 127.0.0.1/45613] INFO  ozone.MiniOzoneClusterImpl (MiniOzoneClusterImpl.java:lambda$waitForClusterToBeReady$0(224)) - Nodes are ready. Got 3 of 3 DN Heartbeats.
2023-05-08 09:33:29,136 [Listener at 127.0.0.1/45613] INFO  ozone.MiniOzoneClusterImpl (MiniOzoneClusterImpl.java:lambda$waitForClusterToBeReady$0(227)) - Waiting for cluster to exit safe mode
2023-05-08 09:33:29,136 [Listener at 127.0.0.1/45613] INFO  ozone.MiniOzoneClusterImpl (MiniOzoneClusterImpl.java:lambda$waitForClusterToBeReady$0(229)) - SCM became leader
2023-05-08 09:33:30,136 [Listener at 127.0.0.1/45613] INFO  ozone.MiniOzoneClusterImpl (MiniOzoneClusterImpl.java:lambda$waitForClusterToBeReady$0(224)) - Nodes are ready. Got 3 of 3 DN Heartbeats.
2023-05-08 09:33:30,136 [Listener at 127.0.0.1/45613] INFO  ozone.MiniOzoneClusterImpl (MiniOzoneClusterImpl.java:lambda$waitForClusterToBeReady$0(227)) - Waiting for cluster to exit safe mode
2023-05-08 09:33:30,136 [Listener at 127.0.0.1/45613] INFO  ozone.MiniOzoneClusterImpl (MiniOzoneClusterImpl.java:lambda$waitForClusterToBeReady$0(229)) - SCM became leader
2023-05-08 09:33:31,136 [Listener at 127.0.0.1/45613] INFO  ozone.MiniOzoneClusterImpl (MiniOzoneClusterImpl.java:lambda$waitForClusterToBeReady$0(224)) - Nodes are ready. Got 3 of 3 DN Heartbeats.
2023-05-08 09:33:31,137 [Listener at 127.0.0.1/45613] INFO  ozone.MiniOzoneClusterImpl (MiniOzoneClusterImpl.java:lambda$waitForClusterToBeReady$0(227)) - Waiting for cluster to exit safe mode
2023-05-08 09:33:31,137 [Listener at 127.0.0.1/45613] INFO  ozone.MiniOzoneClusterImpl (MiniOzoneClusterImpl.java:lambda$waitForClusterToBeReady$0(229)) - SCM became leader
2023-05-08 09:33:32,137 [Listener at 127.0.0.1/45613] INFO  ozone.MiniOzoneClusterImpl (MiniOzoneClusterImpl.java:lambda$waitForClusterToBeReady$0(224)) - Nodes are ready. Got 3 of 3 DN Heartbeats.
2023-05-08 09:33:32,137 [Listener at 127.0.0.1/45613] INFO  ozone.MiniOzoneClusterImpl (MiniOzoneClusterImpl.java:lambda$waitForClusterToBeReady$0(227)) - Waiting for cluster to exit safe mode
2023-05-08 09:33:32,137 [Listener at 127.0.0.1/45613] INFO  ozone.MiniOzoneClusterImpl (MiniOzoneClusterImpl.java:lambda$waitForClusterToBeReady$0(229)) - SCM became leader
2023-05-08 09:33:32,177 [6682b1a5-9385-4106-b4a0-cef9873e4e75@group-DC8708C6939A-FollowerState] INFO  impl.FollowerState (FollowerState.java:run(143)) - 6682b1a5-9385-4106-b4a0-cef9873e4e75@group-DC8708C6939A-FollowerState: change to CANDIDATE, lastRpcElapsedTime:5052668422ns, electionTimeout:5051ms
2023-05-08 09:33:32,177 [6682b1a5-9385-4106-b4a0-cef9873e4e75@group-DC8708C6939A-FollowerState] INFO  impl.RoleInfo (RoleInfo.java:shutdownFollowerState(110)) - 6682b1a5-9385-4106-b4a0-cef9873e4e75: shutdown 6682b1a5-9385-4106-b4a0-cef9873e4e75@group-DC8708C6939A-FollowerState
2023-05-08 09:33:32,177 [6682b1a5-9385-4106-b4a0-cef9873e4e75@group-DC8708C6939A-FollowerState] INFO  server.RaftServer$Division (RaftServerImpl.java:setRole(321)) - 6682b1a5-9385-4106-b4a0-cef9873e4e75@group-DC8708C6939A: changes role from  FOLLOWER to CANDIDATE at term 0 for changeToCandidate
2023-05-08 09:33:32,178 [6682b1a5-9385-4106-b4a0-cef9873e4e75@group-DC8708C6939A-FollowerState] INFO  server.RaftServerConfigKeys (ConfUtils.java:logGet(46)) - raft.server.leaderelection.pre-vote = true (default)
2023-05-08 09:33:32,178 [6682b1a5-9385-4106-b4a0-cef9873e4e75@group-DC8708C6939A-FollowerState] INFO  impl.RoleInfo (RoleInfo.java:updateAndGet(139)) - 6682b1a5-9385-4106-b4a0-cef9873e4e75: start 6682b1a5-9385-4106-b4a0-cef9873e4e75@group-DC8708C6939A-LeaderElection2
2023-05-08 09:33:32,181 [6682b1a5-9385-4106-b4a0-cef9873e4e75@group-DC8708C6939A-LeaderElection2] INFO  impl.LeaderElection (LeaderElection.java:askForVotes(312)) - 6682b1a5-9385-4106-b4a0-cef9873e4e75@group-DC8708C6939A-LeaderElection2 PRE_VOTE round 0: submit vote requests at term 0 for -1: peers:[6682b1a5-9385-4106-b4a0-cef9873e4e75|rpc:10.1.0.160:45305|dataStream:10.1.0.160:41803|priority:1|startupRole:FOLLOWER]|listeners:[], old=null
2023-05-08 09:33:32,182 [6682b1a5-9385-4106-b4a0-cef9873e4e75@group-DC8708C6939A-LeaderElection2] INFO  impl.LeaderElection (LeaderElection.java:askForVotes(314)) - 6682b1a5-9385-4106-b4a0-cef9873e4e75@group-DC8708C6939A-LeaderElection2 PRE_VOTE round 0: result PASSED (term=0)
2023-05-08 09:33:32,183 [6682b1a5-9385-4106-b4a0-cef9873e4e75@group-DC8708C6939A-LeaderElection2] INFO  impl.LeaderElection (LeaderElection.java:askForVotes(312)) - 6682b1a5-9385-4106-b4a0-cef9873e4e75@group-DC8708C6939A-LeaderElection2 ELECTION round 0: submit vote requests at term 1 for -1: peers:[6682b1a5-9385-4106-b4a0-cef9873e4e75|rpc:10.1.0.160:45305|dataStream:10.1.0.160:41803|priority:1|startupRole:FOLLOWER]|listeners:[], old=null
2023-05-08 09:33:32,183 [6682b1a5-9385-4106-b4a0-cef9873e4e75@group-DC8708C6939A-LeaderElection2] INFO  impl.LeaderElection (LeaderElection.java:askForVotes(314)) - 6682b1a5-9385-4106-b4a0-cef9873e4e75@group-DC8708C6939A-LeaderElection2 ELECTION round 0: result PASSED (term=1)
2023-05-08 09:33:32,183 [6682b1a5-9385-4106-b4a0-cef9873e4e75@group-DC8708C6939A-LeaderElection2] INFO  impl.RoleInfo (RoleInfo.java:shutdownLeaderElection(130)) - 6682b1a5-9385-4106-b4a0-cef9873e4e75: shutdown 6682b1a5-9385-4106-b4a0-cef9873e4e75@group-DC8708C6939A-LeaderElection2
2023-05-08 09:33:32,183 [6682b1a5-9385-4106-b4a0-cef9873e4e75@group-DC8708C6939A-LeaderElection2] INFO  server.RaftServer$Division (RaftServerImpl.java:setRole(321)) - 6682b1a5-9385-4106-b4a0-cef9873e4e75@group-DC8708C6939A: changes role from CANDIDATE to LEADER at term 1 for changeToLeader
2023-05-08 09:33:32,183 [6682b1a5-9385-4106-b4a0-cef9873e4e75@group-DC8708C6939A-LeaderElection2] INFO  ratis.XceiverServerRatis (XceiverServerRatis.java:handleLeaderChangedNotification(904)) - Leader change notification received for group: group-DC8708C6939A with new leaderId: 6682b1a5-9385-4106-b4a0-cef9873e4e75
2023-05-08 09:33:32,184 [6682b1a5-9385-4106-b4a0-cef9873e4e75@group-DC8708C6939A-LeaderElection2] INFO  server.RaftServer$Division (ServerState.java:setLeader(313)) - 6682b1a5-9385-4106-b4a0-cef9873e4e75@group-DC8708C6939A: change Leader from null to 6682b1a5-9385-4106-b4a0-cef9873e4e75 at term 1 for becomeLeader, leader elected after 5092ms
2023-05-08 09:33:32,184 [6682b1a5-9385-4106-b4a0-cef9873e4e75@group-DC8708C6939A-LeaderElection2] INFO  server.RaftServerConfigKeys (ConfUtils.java:logGet(46)) - raft.server.staging.catchup.gap = 1000 (default)
2023-05-08 09:33:32,185 [6682b1a5-9385-4106-b4a0-cef9873e4e75@group-DC8708C6939A-LeaderElection2] INFO  server.RaftServerConfigKeys (ConfUtils.java:logGet(46)) - raft.server.write.element-limit = 1024 (custom)
2023-05-08 09:33:32,185 [6682b1a5-9385-4106-b4a0-cef9873e4e75@group-DC8708C6939A-LeaderElection2] INFO  server.RaftServerConfigKeys (ConfUtils.java:logGet(46)) - raft.server.write.byte-limit = 1024 M (=1073741824) (custom)
2023-05-08 09:33:32,185 [6682b1a5-9385-4106-b4a0-cef9873e4e75@group-DC8708C6939A-LeaderElection2] INFO  server.RaftServerConfigKeys (ConfUtils.java:logGet(46)) - raft.server.watch.timeout = 180s (custom)
2023-05-08 09:33:32,185 [6682b1a5-9385-4106-b4a0-cef9873e4e75@group-DC8708C6939A-LeaderElection2] INFO  server.RaftServerConfigKeys (ConfUtils.java:logGet(46)) - raft.server.watch.timeout.denomination = 1s (default)
2023-05-08 09:33:32,185 [6682b1a5-9385-4106-b4a0-cef9873e4e75@group-DC8708C6939A-LeaderElection2] INFO  server.RaftServerConfigKeys (ConfUtils.java:logGet(46)) - raft.server.watch.element-limit = 65536 (default)
2023-05-08 09:33:32,185 [6682b1a5-9385-4106-b4a0-cef9873e4e75@group-DC8708C6939A-LeaderElection2] INFO  server.RaftServerConfigKeys (ConfUtils.java:logGet(46)) - raft.server.write.element-limit = 1024 (custom)
2023-05-08 09:33:32,185 [6682b1a5-9385-4106-b4a0-cef9873e4e75@group-DC8708C6939A-LeaderElection2] INFO  server.RaftServerConfigKeys (ConfUtils.java:logGet(46)) - raft.server.write.follower.gap.ratio.max = -1.0 (default)
2023-05-08 09:33:32,185 [EventQueue-OpenPipelineForHealthyPipelineSafeModeRule] INFO  safemode.SCMSafeModeManager (HealthyPipelineSafeModeRule.java:process(137)) - SCM in safe mode. Healthy pipelines reported count is 0, required healthy pipeline reported count is 1
2023-05-08 09:33:32,185 [6682b1a5-9385-4106-b4a0-cef9873e4e75@group-DC8708C6939A-LeaderElection2] INFO  impl.RoleInfo (RoleInfo.java:updateAndGet(139)) - 6682b1a5-9385-4106-b4a0-cef9873e4e75: start 6682b1a5-9385-4106-b4a0-cef9873e4e75@group-DC8708C6939A-LeaderStateImpl
2023-05-08 09:33:32,186 [6682b1a5-9385-4106-b4a0-cef9873e4e75@group-DC8708C6939A-LeaderElection2] INFO  segmented.SegmentedRaftLogWorker (SegmentedRaftLogWorker.java:startLogSegment(452)) - 6682b1a5-9385-4106-b4a0-cef9873e4e75@group-DC8708C6939A-SegmentedRaftLogWorker: Starting segment from index:0
2023-05-08 09:33:32,187 [6682b1a5-9385-4106-b4a0-cef9873e4e75@group-DC8708C6939A-SegmentedRaftLogWorker] INFO  segmented.SegmentedRaftLogWorker (SegmentedRaftLogWorker.java:execute(656)) - 6682b1a5-9385-4106-b4a0-cef9873e4e75@group-DC8708C6939A-SegmentedRaftLogWorker: created new log segment /home/runner/work/ozone/ozone/hadoop-ozone/integration-test/target/test-dir/MiniOzoneClusterImpl-9831f382-72e6-431b-adf3-2f9efd8fb9d7/datanode-0/data/ratis/a2cacae4-47c0-42ef-9c1d-dc8708c6939a/current/log_inprogress_0
2023-05-08 09:33:32,190 [6682b1a5-9385-4106-b4a0-cef9873e4e75@group-DC8708C6939A-LeaderElection2] INFO  server.RaftServer$Division (ServerState.java:setRaftConf(430)) - 6682b1a5-9385-4106-b4a0-cef9873e4e75@group-DC8708C6939A: set configuration 0: peers:[6682b1a5-9385-4106-b4a0-cef9873e4e75|rpc:10.1.0.160:45305|dataStream:10.1.0.160:41803|priority:1|startupRole:FOLLOWER]|listeners:[], old=null
2023-05-08 09:33:32,324 [6682b1a5-9385-4106-b4a0-cef9873e4e75@group-0B99C00588B9-FollowerState] INFO  impl.FollowerState (FollowerState.java:run(143)) - 6682b1a5-9385-4106-b4a0-cef9873e4e75@group-0B99C00588B9-FollowerState: change to CANDIDATE, lastRpcElapsedTime:5148444352ns, electionTimeout:5146ms
2023-05-08 09:33:32,326 [6682b1a5-9385-4106-b4a0-cef9873e4e75@group-0B99C00588B9-FollowerState] INFO  impl.RoleInfo (RoleInfo.java:shutdownFollowerState(110)) - 6682b1a5-9385-4106-b4a0-cef9873e4e75: shutdown 6682b1a5-9385-4106-b4a0-cef9873e4e75@group-0B99C00588B9-FollowerState
2023-05-08 09:33:32,326 [6682b1a5-9385-4106-b4a0-cef9873e4e75@group-0B99C00588B9-FollowerState] INFO  server.RaftServer$Division (RaftServerImpl.java:setRole(321)) - 6682b1a5-9385-4106-b4a0-cef9873e4e75@group-0B99C00588B9: changes role from  FOLLOWER to CANDIDATE at term 0 for changeToCandidate
2023-05-08 09:33:32,326 [6682b1a5-9385-4106-b4a0-cef9873e4e75@group-0B99C00588B9-FollowerState] INFO  server.RaftServerConfigKeys (ConfUtils.java:logGet(46)) - raft.server.leaderelection.pre-vote = true (default)
2023-05-08 09:33:32,326 [6682b1a5-9385-4106-b4a0-cef9873e4e75@group-0B99C00588B9-FollowerState] INFO  impl.RoleInfo (RoleInfo.java:updateAndGet(139)) - 6682b1a5-9385-4106-b4a0-cef9873e4e75: start 6682b1a5-9385-4106-b4a0-cef9873e4e75@group-0B99C00588B9-LeaderElection3
2023-05-08 09:33:32,329 [6682b1a5-9385-4106-b4a0-cef9873e4e75@group-0B99C00588B9-LeaderElection3] INFO  impl.LeaderElection (LeaderElection.java:askForVotes(312)) - 6682b1a5-9385-4106-b4a0-cef9873e4e75@group-0B99C00588B9-LeaderElection3 PRE_VOTE round 0: submit vote requests at term 0 for -1: peers:[d7c57734-1d74-411b-8fcc-d057f09568f6|rpc:10.1.0.160:36437|dataStream:10.1.0.160:34857|priority:0|startupRole:FOLLOWER, e50fc3ca-175c-4331-888e-9d5a4b4ffc01|rpc:10.1.0.160:37363|dataStream:10.1.0.160:41371|priority:1|startupRole:FOLLOWER, 6682b1a5-9385-4106-b4a0-cef9873e4e75|rpc:10.1.0.160:45305|dataStream:10.1.0.160:41803|priority:0|startupRole:FOLLOWER]|listeners:[], old=null
2023-05-08 09:33:32,336 [6682b1a5-9385-4106-b4a0-cef9873e4e75@group-0B99C00588B9-LeaderElection3-1] INFO  server.GrpcServerProtocolClient (GrpcServerProtocolClient.java:<init>(63)) - Build channel for d7c57734-1d74-411b-8fcc-d057f09568f6
2023-05-08 09:33:32,340 [6682b1a5-9385-4106-b4a0-cef9873e4e75@group-0B99C00588B9-LeaderElection3] INFO  server.RaftServerConfigKeys (ConfUtils.java:logFallback(53)) - raft.server.rpc.first-election.timeout.min = 5s (fallback to raft.server.rpc.timeout.min)
2023-05-08 09:33:32,340 [6682b1a5-9385-4106-b4a0-cef9873e4e75@group-0B99C00588B9-LeaderElection3] INFO  server.RaftServerConfigKeys (ConfUtils.java:logFallback(53)) - raft.server.rpc.first-election.timeout.max = 5200ms (fallback to raft.server.rpc.timeout.max)
2023-05-08 09:33:32,342 [6682b1a5-9385-4106-b4a0-cef9873e4e75@group-0B99C00588B9-LeaderElection3-2] INFO  server.GrpcServerProtocolClient (GrpcServerProtocolClient.java:<init>(63)) - Build channel for e50fc3ca-175c-4331-888e-9d5a4b4ffc01
2023-05-08 09:33:32,360 [grpc-default-executor-1] INFO  server.RaftServer$Division (RaftServerImpl.java:requestVote(1218)) - d7c57734-1d74-411b-8fcc-d057f09568f6@group-0B99C00588B9: receive requestVote(PRE_VOTE, 6682b1a5-9385-4106-b4a0-cef9873e4e75, group-0B99C00588B9, 0, (t:0, i:0))
2023-05-08 09:33:32,362 [grpc-default-executor-1] INFO  impl.VoteContext (VoteContext.java:log(49)) - d7c57734-1d74-411b-8fcc-d057f09568f6@group-0B99C00588B9-FOLLOWER: accept PRE_VOTE from 6682b1a5-9385-4106-b4a0-cef9873e4e75: our priority 0 <= candidate's priority 0
2023-05-08 09:33:32,365 [grpc-default-executor-1] INFO  server.RaftServer$Division (RaftServerImpl.java:requestVote(1251)) - d7c57734-1d74-411b-8fcc-d057f09568f6@group-0B99C00588B9 replies to PRE_VOTE vote request: 6682b1a5-9385-4106-b4a0-cef9873e4e75<-d7c57734-1d74-411b-8fcc-d057f09568f6#0:OK-t0. Peer's state: d7c57734-1d74-411b-8fcc-d057f09568f6@group-0B99C00588B9:t0, leader=null, voted=, raftlog=Memoized:d7c57734-1d74-411b-8fcc-d057f09568f6@group-0B99C00588B9-SegmentedRaftLog:OPENED:c-1, conf=-1: peers:[d7c57734-1d74-411b-8fcc-d057f09568f6|rpc:10.1.0.160:36437|dataStream:10.1.0.160:34857|priority:0|startupRole:FOLLOWER, e50fc3ca-175c-4331-888e-9d5a4b4ffc01|rpc:10.1.0.160:37363|dataStream:10.1.0.160:41371|priority:1|startupRole:FOLLOWER, 6682b1a5-9385-4106-b4a0-cef9873e4e75|rpc:10.1.0.160:45305|dataStream:10.1.0.160:41803|priority:0|startupRole:FOLLOWER]|listeners:[], old=null
2023-05-08 09:33:32,367 [grpc-default-executor-0] INFO  server.RaftServer$Division (RaftServerImpl.java:requestVote(1218)) - e50fc3ca-175c-4331-888e-9d5a4b4ffc01@group-0B99C00588B9: receive requestVote(PRE_VOTE, 6682b1a5-9385-4106-b4a0-cef9873e4e75, group-0B99C00588B9, 0, (t:0, i:0))
2023-05-08 09:33:32,367 [grpc-default-executor-0] INFO  impl.VoteContext (VoteContext.java:log(49)) - e50fc3ca-175c-4331-888e-9d5a4b4ffc01@group-0B99C00588B9-FOLLOWER: reject PRE_VOTE from 6682b1a5-9385-4106-b4a0-cef9873e4e75: our priority 1 > candidate's priority 0
2023-05-08 09:33:32,368 [grpc-default-executor-0] INFO  server.RaftServer$Division (RaftServerImpl.java:requestVote(1251)) - e50fc3ca-175c-4331-888e-9d5a4b4ffc01@group-0B99C00588B9 replies to PRE_VOTE vote request: 6682b1a5-9385-4106-b4a0-cef9873e4e75<-e50fc3ca-175c-4331-888e-9d5a4b4ffc01#0:FAIL-t0. Peer's state: e50fc3ca-175c-4331-888e-9d5a4b4ffc01@group-0B99C00588B9:t0, leader=null, voted=, raftlog=Memoized:e50fc3ca-175c-4331-888e-9d5a4b4ffc01@group-0B99C00588B9-SegmentedRaftLog:OPENED:c-1, conf=-1: peers:[d7c57734-1d74-411b-8fcc-d057f09568f6|rpc:10.1.0.160:36437|dataStream:10.1.0.160:34857|priority:0|startupRole:FOLLOWER, e50fc3ca-175c-4331-888e-9d5a4b4ffc01|rpc:10.1.0.160:37363|dataStream:10.1.0.160:41371|priority:1|startupRole:FOLLOWER, 6682b1a5-9385-4106-b4a0-cef9873e4e75|rpc:10.1.0.160:45305|dataStream:10.1.0.160:41803|priority:0|startupRole:FOLLOWER]|listeners:[], old=null
2023-05-08 09:33:32,371 [6682b1a5-9385-4106-b4a0-cef9873e4e75@group-0B99C00588B9-LeaderElection3] INFO  impl.LeaderElection (LeaderElection.java:logAndReturn(90)) - 6682b1a5-9385-4106-b4a0-cef9873e4e75@group-0B99C00588B9-LeaderElection3: PRE_VOTE REJECTED received 2 response(s) and 0 exception(s):
2023-05-08 09:33:32,372 [6682b1a5-9385-4106-b4a0-cef9873e4e75@group-0B99C00588B9-LeaderElection3] INFO  impl.LeaderElection (LeaderElection.java:logAndReturn(94)) -   Response 0: 6682b1a5-9385-4106-b4a0-cef9873e4e75<-d7c57734-1d74-411b-8fcc-d057f09568f6#0:OK-t0
2023-05-08 09:33:32,372 [6682b1a5-9385-4106-b4a0-cef9873e4e75@group-0B99C00588B9-LeaderElection3] INFO  impl.LeaderElection (LeaderElection.java:logAndReturn(94)) -   Response 1: 6682b1a5-9385-4106-b4a0-cef9873e4e75<-e50fc3ca-175c-4331-888e-9d5a4b4ffc01#0:FAIL-t0
2023-05-08 09:33:32,372 [6682b1a5-9385-4106-b4a0-cef9873e4e75@group-0B99C00588B9-LeaderElection3] INFO  impl.LeaderElection (LeaderElection.java:askForVotes(314)) - 6682b1a5-9385-4106-b4a0-cef9873e4e75@group-0B99C00588B9-LeaderElection3 PRE_VOTE round 0: result REJECTED
2023-05-08 09:33:32,372 [6682b1a5-9385-4106-b4a0-cef9873e4e75@group-0B99C00588B9-LeaderElection3] INFO  server.RaftServer$Division (RaftServerImpl.java:setRole(321)) - 6682b1a5-9385-4106-b4a0-cef9873e4e75@group-0B99C00588B9: changes role from CANDIDATE to FOLLOWER at term 0 for REJECTED
2023-05-08 09:33:32,373 [6682b1a5-9385-4106-b4a0-cef9873e4e75@group-0B99C00588B9-LeaderElection3] INFO  impl.RoleInfo (RoleInfo.java:shutdownLeaderElection(130)) - 6682b1a5-9385-4106-b4a0-cef9873e4e75: shutdown 6682b1a5-9385-4106-b4a0-cef9873e4e75@group-0B99C00588B9-LeaderElection3
2023-05-08 09:33:32,373 [6682b1a5-9385-4106-b4a0-cef9873e4e75@group-0B99C00588B9-LeaderElection3] INFO  impl.RoleInfo (RoleInfo.java:updateAndGet(139)) - 6682b1a5-9385-4106-b4a0-cef9873e4e75: start 6682b1a5-9385-4106-b4a0-cef9873e4e75@group-0B99C00588B9-FollowerState
2023-05-08 09:33:32,377 [6682b1a5-9385-4106-b4a0-cef9873e4e75@group-0B99C00588B9-FollowerState] INFO  server.RaftServerConfigKeys (ConfUtils.java:logFallback(53)) - raft.server.rpc.first-election.timeout.min = 5s (fallback to raft.server.rpc.timeout.min)
2023-05-08 09:33:32,384 [6682b1a5-9385-4106-b4a0-cef9873e4e75@group-0B99C00588B9-FollowerState] INFO  server.RaftServerConfigKeys (ConfUtils.java:logFallback(53)) - raft.server.rpc.first-election.timeout.max = 5200ms (fallback to raft.server.rpc.timeout.max)
2023-05-08 09:33:32,812 [d7c57734-1d74-411b-8fcc-d057f09568f6@group-0B99C00588B9-FollowerState] INFO  server.RaftServerConfigKeys (ConfUtils.java:logFallback(53)) - raft.server.rpc.first-election.timeout.min = 5s (fallback to raft.server.rpc.timeout.min)
2023-05-08 09:33:32,812 [d7c57734-1d74-411b-8fcc-d057f09568f6@group-0B99C00588B9-FollowerState] INFO  server.RaftServerConfigKeys (ConfUtils.java:logFallback(53)) - raft.server.rpc.first-election.timeout.max = 5200ms (fallback to raft.server.rpc.timeout.max)
2023-05-08 09:33:32,864 [d7c57734-1d74-411b-8fcc-d057f09568f6@group-1CA41FB13F41-FollowerState] INFO  impl.FollowerState (FollowerState.java:run(143)) - d7c57734-1d74-411b-8fcc-d057f09568f6@group-1CA41FB13F41-FollowerState: change to CANDIDATE, lastRpcElapsedTime:5020560807ns, electionTimeout:5016ms
2023-05-08 09:33:32,864 [d7c57734-1d74-411b-8fcc-d057f09568f6@group-1CA41FB13F41-FollowerState] INFO  impl.RoleInfo (RoleInfo.java:shutdownFollowerState(110)) - d7c57734-1d74-411b-8fcc-d057f09568f6: shutdown d7c57734-1d74-411b-8fcc-d057f09568f6@group-1CA41FB13F41-FollowerState
2023-05-08 09:33:32,864 [d7c57734-1d74-411b-8fcc-d057f09568f6@group-1CA41FB13F41-FollowerState] INFO  server.RaftServer$Division (RaftServerImpl.java:setRole(321)) - d7c57734-1d74-411b-8fcc-d057f09568f6@group-1CA41FB13F41: changes role from  FOLLOWER to CANDIDATE at term 0 for changeToCandidate
2023-05-08 09:33:32,866 [d7c57734-1d74-411b-8fcc-d057f09568f6@group-1CA41FB13F41-FollowerState] INFO  server.RaftServerConfigKeys (ConfUtils.java:logGet(46)) - raft.server.leaderelection.pre-vote = true (default)
2023-05-08 09:33:32,866 [d7c57734-1d74-411b-8fcc-d057f09568f6@group-1CA41FB13F41-FollowerState] INFO  impl.RoleInfo (RoleInfo.java:updateAndGet(139)) - d7c57734-1d74-411b-8fcc-d057f09568f6: start d7c57734-1d74-411b-8fcc-d057f09568f6@group-1CA41FB13F41-LeaderElection4
2023-05-08 09:33:32,869 [d7c57734-1d74-411b-8fcc-d057f09568f6@group-1CA41FB13F41-LeaderElection4] INFO  impl.LeaderElection (LeaderElection.java:askForVotes(312)) - d7c57734-1d74-411b-8fcc-d057f09568f6@group-1CA41FB13F41-LeaderElection4 PRE_VOTE round 0: submit vote requests at term 0 for -1: peers:[d7c57734-1d74-411b-8fcc-d057f09568f6|rpc:10.1.0.160:36437|dataStream:10.1.0.160:34857|priority:0|startupRole:FOLLOWER, e50fc3ca-175c-4331-888e-9d5a4b4ffc01|rpc:10.1.0.160:37363|dataStream:10.1.0.160:41371|priority:0|startupRole:FOLLOWER, 6682b1a5-9385-4106-b4a0-cef9873e4e75|rpc:10.1.0.160:45305|dataStream:10.1.0.160:41803|priority:1|startupRole:FOLLOWER]|listeners:[], old=null
2023-05-08 09:33:32,870 [d7c57734-1d74-411b-8fcc-d057f09568f6@group-1CA41FB13F41-LeaderElection4-1] INFO  server.GrpcServerProtocolClient (GrpcServerProtocolClient.java:<init>(63)) - Build channel for e50fc3ca-175c-4331-888e-9d5a4b4ffc01
2023-05-08 09:33:32,870 [d7c57734-1d74-411b-8fcc-d057f09568f6@group-1CA41FB13F41-LeaderElection4] INFO  server.RaftServerConfigKeys (ConfUtils.java:logFallback(53)) - raft.server.rpc.first-election.timeout.min = 5s (fallback to raft.server.rpc.timeout.min)
2023-05-08 09:33:32,876 [d7c57734-1d74-411b-8fcc-d057f09568f6@group-1CA41FB13F41-LeaderElection4] INFO  server.RaftServerConfigKeys (ConfUtils.java:logFallback(53)) - raft.server.rpc.first-election.timeout.max = 5200ms (fallback to raft.server.rpc.timeout.max)
2023-05-08 09:33:32,876 [d7c57734-1d74-411b-8fcc-d057f09568f6@group-1CA41FB13F41-LeaderElection4-2] INFO  server.GrpcServerProtocolClient (GrpcServerProtocolClient.java:<init>(63)) - Build channel for 6682b1a5-9385-4106-b4a0-cef9873e4e75
2023-05-08 09:33:32,896 [grpc-default-executor-1] INFO  server.RaftServer$Division (RaftServerImpl.java:requestVote(1218)) - e50fc3ca-175c-4331-888e-9d5a4b4ffc01@group-1CA41FB13F41: receive requestVote(PRE_VOTE, d7c57734-1d74-411b-8fcc-d057f09568f6, group-1CA41FB13F41, 0, (t:0, i:0))
2023-05-08 09:33:32,896 [grpc-default-executor-1] INFO  impl.VoteContext (VoteContext.java:log(49)) - e50fc3ca-175c-4331-888e-9d5a4b4ffc01@group-1CA41FB13F41-FOLLOWER: accept PRE_VOTE from d7c57734-1d74-411b-8fcc-d057f09568f6: our priority 0 <= candidate's priority 0
2023-05-08 09:33:32,896 [grpc-default-executor-1] INFO  server.RaftServer$Division (RaftServerImpl.java:requestVote(1251)) - e50fc3ca-175c-4331-888e-9d5a4b4ffc01@group-1CA41FB13F41 replies to PRE_VOTE vote request: d7c57734-1d74-411b-8fcc-d057f09568f6<-e50fc3ca-175c-4331-888e-9d5a4b4ffc01#0:OK-t0. Peer's state: e50fc3ca-175c-4331-888e-9d5a4b4ffc01@group-1CA41FB13F41:t0, leader=null, voted=, raftlog=Memoized:e50fc3ca-175c-4331-888e-9d5a4b4ffc01@group-1CA41FB13F41-SegmentedRaftLog:OPENED:c-1, conf=-1: peers:[d7c57734-1d74-411b-8fcc-d057f09568f6|rpc:10.1.0.160:36437|dataStream:10.1.0.160:34857|priority:0|startupRole:FOLLOWER, e50fc3ca-175c-4331-888e-9d5a4b4ffc01|rpc:10.1.0.160:37363|dataStream:10.1.0.160:41371|priority:0|startupRole:FOLLOWER, 6682b1a5-9385-4106-b4a0-cef9873e4e75|rpc:10.1.0.160:45305|dataStream:10.1.0.160:41803|priority:1|startupRole:FOLLOWER]|listeners:[], old=null
2023-05-08 09:33:32,901 [grpc-default-executor-1] INFO  server.RaftServer$Division (RaftServerImpl.java:requestVote(1218)) - 6682b1a5-9385-4106-b4a0-cef9873e4e75@group-1CA41FB13F41: receive requestVote(PRE_VOTE, d7c57734-1d74-411b-8fcc-d057f09568f6, group-1CA41FB13F41, 0, (t:0, i:0))
2023-05-08 09:33:32,901 [grpc-default-executor-1] INFO  impl.VoteContext (VoteContext.java:log(49)) - 6682b1a5-9385-4106-b4a0-cef9873e4e75@group-1CA41FB13F41-FOLLOWER: reject PRE_VOTE from d7c57734-1d74-411b-8fcc-d057f09568f6: our priority 1 > candidate's priority 0
2023-05-08 09:33:32,901 [grpc-default-executor-1] INFO  server.RaftServer$Division (RaftServerImpl.java:requestVote(1251)) - 6682b1a5-9385-4106-b4a0-cef9873e4e75@group-1CA41FB13F41 replies to PRE_VOTE vote request: d7c57734-1d74-411b-8fcc-d057f09568f6<-6682b1a5-9385-4106-b4a0-cef9873e4e75#0:FAIL-t0. Peer's state: 6682b1a5-9385-4106-b4a0-cef9873e4e75@group-1CA41FB13F41:t0, leader=null, voted=, raftlog=Memoized:6682b1a5-9385-4106-b4a0-cef9873e4e75@group-1CA41FB13F41-SegmentedRaftLog:OPENED:c-1, conf=-1: peers:[d7c57734-1d74-411b-8fcc-d057f09568f6|rpc:10.1.0.160:36437|dataStream:10.1.0.160:34857|priority:0|startupRole:FOLLOWER, e50fc3ca-175c-4331-888e-9d5a4b4ffc01|rpc:10.1.0.160:37363|dataStream:10.1.0.160:41371|priority:0|startupRole:FOLLOWER, 6682b1a5-9385-4106-b4a0-cef9873e4e75|rpc:10.1.0.160:45305|dataStream:10.1.0.160:41803|priority:1|startupRole:FOLLOWER]|listeners:[], old=null
2023-05-08 09:33:32,905 [d7c57734-1d74-411b-8fcc-d057f09568f6@group-1CA41FB13F41-LeaderElection4] INFO  impl.LeaderElection (LeaderElection.java:logAndReturn(90)) - d7c57734-1d74-411b-8fcc-d057f09568f6@group-1CA41FB13F41-LeaderElection4: PRE_VOTE REJECTED received 2 response(s) and 0 exception(s):
2023-05-08 09:33:32,905 [d7c57734-1d74-411b-8fcc-d057f09568f6@group-1CA41FB13F41-LeaderElection4] INFO  impl.LeaderElection (LeaderElection.java:logAndReturn(94)) -   Response 0: d7c57734-1d74-411b-8fcc-d057f09568f6<-e50fc3ca-175c-4331-888e-9d5a4b4ffc01#0:OK-t0
2023-05-08 09:33:32,905 [d7c57734-1d74-411b-8fcc-d057f09568f6@group-1CA41FB13F41-LeaderElection4] INFO  impl.LeaderElection (LeaderElection.java:logAndReturn(94)) -   Response 1: d7c57734-1d74-411b-8fcc-d057f09568f6<-6682b1a5-9385-4106-b4a0-cef9873e4e75#0:FAIL-t0
2023-05-08 09:33:32,905 [d7c57734-1d74-411b-8fcc-d057f09568f6@group-1CA41FB13F41-LeaderElection4] INFO  impl.LeaderElection (LeaderElection.java:askForVotes(314)) - d7c57734-1d74-411b-8fcc-d057f09568f6@group-1CA41FB13F41-LeaderElection4 PRE_VOTE round 0: result REJECTED
2023-05-08 09:33:32,906 [d7c57734-1d74-411b-8fcc-d057f09568f6@group-1CA41FB13F41-LeaderElection4] INFO  server.RaftServer$Division (RaftServerImpl.java:setRole(321)) - d7c57734-1d74-411b-8fcc-d057f09568f6@group-1CA41FB13F41: changes role from CANDIDATE to FOLLOWER at term 0 for REJECTED
2023-05-08 09:33:32,906 [d7c57734-1d74-411b-8fcc-d057f09568f6@group-1CA41FB13F41-LeaderElection4] INFO  impl.RoleInfo (RoleInfo.java:shutdownLeaderElection(130)) - d7c57734-1d74-411b-8fcc-d057f09568f6: shutdown d7c57734-1d74-411b-8fcc-d057f09568f6@group-1CA41FB13F41-LeaderElection4
2023-05-08 09:33:32,906 [d7c57734-1d74-411b-8fcc-d057f09568f6@group-1CA41FB13F41-LeaderElection4] INFO  impl.RoleInfo (RoleInfo.java:updateAndGet(139)) - d7c57734-1d74-411b-8fcc-d057f09568f6: start d7c57734-1d74-411b-8fcc-d057f09568f6@group-1CA41FB13F41-FollowerState
2023-05-08 09:33:32,912 [d7c57734-1d74-411b-8fcc-d057f09568f6@group-1CA41FB13F41-FollowerState] INFO  server.RaftServerConfigKeys (ConfUtils.java:logFallback(53)) - raft.server.rpc.first-election.timeout.min = 5s (fallback to raft.server.rpc.timeout.min)
2023-05-08 09:33:32,913 [d7c57734-1d74-411b-8fcc-d057f09568f6@group-1CA41FB13F41-FollowerState] INFO  server.RaftServerConfigKeys (ConfUtils.java:logFallback(53)) - raft.server.rpc.first-election.timeout.max = 5200ms (fallback to raft.server.rpc.timeout.max)
2023-05-08 09:33:33,006 [d7c57734-1d74-411b-8fcc-d057f09568f6@group-D03369549A76-FollowerState] INFO  impl.FollowerState (FollowerState.java:run(143)) - d7c57734-1d74-411b-8fcc-d057f09568f6@group-D03369549A76-FollowerState: change to CANDIDATE, lastRpcElapsedTime:5193633958ns, electionTimeout:5175ms
2023-05-08 09:33:33,006 [d7c57734-1d74-411b-8fcc-d057f09568f6@group-D03369549A76-FollowerState] INFO  impl.RoleInfo (RoleInfo.java:shutdownFollowerState(110)) - d7c57734-1d74-411b-8fcc-d057f09568f6: shutdown d7c57734-1d74-411b-8fcc-d057f09568f6@group-D03369549A76-FollowerState
2023-05-08 09:33:33,007 [d7c57734-1d74-411b-8fcc-d057f09568f6@group-D03369549A76-FollowerState] INFO  server.RaftServer$Division (RaftServerImpl.java:setRole(321)) - d7c57734-1d74-411b-8fcc-d057f09568f6@group-D03369549A76: changes role from  FOLLOWER to CANDIDATE at term 0 for changeToCandidate
2023-05-08 09:33:33,007 [d7c57734-1d74-411b-8fcc-d057f09568f6@group-D03369549A76-FollowerState] INFO  server.RaftServerConfigKeys (ConfUtils.java:logGet(46)) - raft.server.leaderelection.pre-vote = true (default)
2023-05-08 09:33:33,007 [d7c57734-1d74-411b-8fcc-d057f09568f6@group-D03369549A76-FollowerState] INFO  impl.RoleInfo (RoleInfo.java:updateAndGet(139)) - d7c57734-1d74-411b-8fcc-d057f09568f6: start d7c57734-1d74-411b-8fcc-d057f09568f6@group-D03369549A76-LeaderElection5
2023-05-08 09:33:33,009 [d7c57734-1d74-411b-8fcc-d057f09568f6@group-D03369549A76-LeaderElection5] INFO  impl.LeaderElection (LeaderElection.java:askForVotes(312)) - d7c57734-1d74-411b-8fcc-d057f09568f6@group-D03369549A76-LeaderElection5 PRE_VOTE round 0: submit vote requests at term 0 for -1: peers:[d7c57734-1d74-411b-8fcc-d057f09568f6|rpc:10.1.0.160:36437|dataStream:10.1.0.160:34857|priority:1|startupRole:FOLLOWER]|listeners:[], old=null
2023-05-08 09:33:33,009 [d7c57734-1d74-411b-8fcc-d057f09568f6@group-D03369549A76-LeaderElection5] INFO  impl.LeaderElection (LeaderElection.java:askForVotes(314)) - d7c57734-1d74-411b-8fcc-d057f09568f6@group-D03369549A76-LeaderElection5 PRE_VOTE round 0: result PASSED (term=0)
2023-05-08 09:33:33,011 [d7c57734-1d74-411b-8fcc-d057f09568f6@group-D03369549A76-LeaderElection5] INFO  impl.LeaderElection (LeaderElection.java:askForVotes(312)) - d7c57734-1d74-411b-8fcc-d057f09568f6@group-D03369549A76-LeaderElection5 ELECTION round 0: submit vote requests at term 1 for -1: peers:[d7c57734-1d74-411b-8fcc-d057f09568f6|rpc:10.1.0.160:36437|dataStream:10.1.0.160:34857|priority:1|startupRole:FOLLOWER]|listeners:[], old=null
2023-05-08 09:33:33,011 [d7c57734-1d74-411b-8fcc-d057f09568f6@group-D03369549A76-LeaderElection5] INFO  impl.LeaderElection (LeaderElection.java:askForVotes(314)) - d7c57734-1d74-411b-8fcc-d057f09568f6@group-D03369549A76-LeaderElection5 ELECTION round 0: result PASSED (term=1)
2023-05-08 09:33:33,011 [d7c57734-1d74-411b-8fcc-d057f09568f6@group-D03369549A76-LeaderElection5] INFO  impl.RoleInfo (RoleInfo.java:shutdownLeaderElection(130)) - d7c57734-1d74-411b-8fcc-d057f09568f6: shutdown d7c57734-1d74-411b-8fcc-d057f09568f6@group-D03369549A76-LeaderElection5
2023-05-08 09:33:33,011 [d7c57734-1d74-411b-8fcc-d057f09568f6@group-D03369549A76-LeaderElection5] INFO  server.RaftServer$Division (RaftServerImpl.java:setRole(321)) - d7c57734-1d74-411b-8fcc-d057f09568f6@group-D03369549A76: changes role from CANDIDATE to LEADER at term 1 for changeToLeader
2023-05-08 09:33:33,011 [d7c57734-1d74-411b-8fcc-d057f09568f6@group-D03369549A76-LeaderElection5] INFO  ratis.XceiverServerRatis (XceiverServerRatis.java:handleLeaderChangedNotification(904)) - Leader change notification received for group: group-D03369549A76 with new leaderId: d7c57734-1d74-411b-8fcc-d057f09568f6
2023-05-08 09:33:33,011 [d7c57734-1d74-411b-8fcc-d057f09568f6@group-D03369549A76-LeaderElection5] INFO  server.RaftServer$Division (ServerState.java:setLeader(313)) - d7c57734-1d74-411b-8fcc-d057f09568f6@group-D03369549A76: change Leader from null to d7c57734-1d74-411b-8fcc-d057f09568f6 at term 1 for becomeLeader, leader elected after 5229ms
2023-05-08 09:33:33,011 [d7c57734-1d74-411b-8fcc-d057f09568f6@group-D03369549A76-LeaderElection5] INFO  server.RaftServerConfigKeys (ConfUtils.java:logGet(46)) - raft.server.staging.catchup.gap = 1000 (default)
2023-05-08 09:33:33,012 [d7c57734-1d74-411b-8fcc-d057f09568f6@group-D03369549A76-LeaderElection5] INFO  server.RaftServerConfigKeys (ConfUtils.java:logGet(46)) - raft.server.write.element-limit = 1024 (custom)
2023-05-08 09:33:33,012 [d7c57734-1d74-411b-8fcc-d057f09568f6@group-D03369549A76-LeaderElection5] INFO  server.RaftServerConfigKeys (ConfUtils.java:logGet(46)) - raft.server.write.byte-limit = 1024 M (=1073741824) (custom)
2023-05-08 09:33:33,013 [d7c57734-1d74-411b-8fcc-d057f09568f6@group-D03369549A76-LeaderElection5] INFO  server.RaftServerConfigKeys (ConfUtils.java:logGet(46)) - raft.server.watch.timeout = 180s (custom)
2023-05-08 09:33:33,013 [d7c57734-1d74-411b-8fcc-d057f09568f6@group-D03369549A76-LeaderElection5] INFO  server.RaftServerConfigKeys (ConfUtils.java:logGet(46)) - raft.server.watch.timeout.denomination = 1s (default)
2023-05-08 09:33:33,013 [d7c57734-1d74-411b-8fcc-d057f09568f6@group-D03369549A76-LeaderElection5] INFO  server.RaftServerConfigKeys (ConfUtils.java:logGet(46)) - raft.server.watch.element-limit = 65536 (default)
2023-05-08 09:33:33,013 [d7c57734-1d74-411b-8fcc-d057f09568f6@group-D03369549A76-LeaderElection5] INFO  server.RaftServerConfigKeys (ConfUtils.java:logGet(46)) - raft.server.write.element-limit = 1024 (custom)
2023-05-08 09:33:33,013 [EventQueue-OpenPipelineForHealthyPipelineSafeModeRule] INFO  safemode.SCMSafeModeManager (HealthyPipelineSafeModeRule.java:process(137)) - SCM in safe mode. Healthy pipelines reported count is 0, required healthy pipeline reported count is 1
2023-05-08 09:33:33,013 [d7c57734-1d74-411b-8fcc-d057f09568f6@group-D03369549A76-LeaderElection5] INFO  server.RaftServerConfigKeys (ConfUtils.java:logGet(46)) - raft.server.write.follower.gap.ratio.max = -1.0 (default)
2023-05-08 09:33:33,013 [d7c57734-1d74-411b-8fcc-d057f09568f6@group-D03369549A76-LeaderElection5] INFO  impl.RoleInfo (RoleInfo.java:updateAndGet(139)) - d7c57734-1d74-411b-8fcc-d057f09568f6: start d7c57734-1d74-411b-8fcc-d057f09568f6@group-D03369549A76-LeaderStateImpl
2023-05-08 09:33:33,014 [d7c57734-1d74-411b-8fcc-d057f09568f6@group-D03369549A76-LeaderElection5] INFO  segmented.SegmentedRaftLogWorker (SegmentedRaftLogWorker.java:startLogSegment(452)) - d7c57734-1d74-411b-8fcc-d057f09568f6@group-D03369549A76-SegmentedRaftLogWorker: Starting segment from index:0
2023-05-08 09:33:33,015 [e50fc3ca-175c-4331-888e-9d5a4b4ffc01@group-0B99C00588B9-FollowerState] INFO  impl.FollowerState (FollowerState.java:run(143)) - e50fc3ca-175c-4331-888e-9d5a4b4ffc01@group-0B99C00588B9-FollowerState: change to CANDIDATE, lastRpcElapsedTime:5079825239ns, electionTimeout:5077ms
2023-05-08 09:33:33,015 [e50fc3ca-175c-4331-888e-9d5a4b4ffc01@group-0B99C00588B9-FollowerState] INFO  impl.RoleInfo (RoleInfo.java:shutdownFollowerState(110)) - e50fc3ca-175c-4331-888e-9d5a4b4ffc01: shutdown e50fc3ca-175c-4331-888e-9d5a4b4ffc01@group-0B99C00588B9-FollowerState
2023-05-08 09:33:33,015 [e50fc3ca-175c-4331-888e-9d5a4b4ffc01@group-0B99C00588B9-FollowerState] INFO  server.RaftServer$Division (RaftServerImpl.java:setRole(321)) - e50fc3ca-175c-4331-888e-9d5a4b4ffc01@group-0B99C00588B9: changes role from  FOLLOWER to CANDIDATE at term 0 for changeToCandidate
2023-05-08 09:33:33,015 [e50fc3ca-175c-4331-888e-9d5a4b4ffc01@group-0B99C00588B9-FollowerState] INFO  server.RaftServerConfigKeys (ConfUtils.java:logGet(46)) - raft.server.leaderelection.pre-vote = true (default)
2023-05-08 09:33:33,015 [e50fc3ca-175c-4331-888e-9d5a4b4ffc01@group-0B99C00588B9-FollowerState] INFO  impl.RoleInfo (RoleInfo.java:updateAndGet(139)) - e50fc3ca-175c-4331-888e-9d5a4b4ffc01: start e50fc3ca-175c-4331-888e-9d5a4b4ffc01@group-0B99C00588B9-LeaderElection6
2023-05-08 09:33:33,015 [d7c57734-1d74-411b-8fcc-d057f09568f6@group-D03369549A76-SegmentedRaftLogWorker] INFO  segmented.SegmentedRaftLogWorker (SegmentedRaftLogWorker.java:execute(656)) - d7c57734-1d74-411b-8fcc-d057f09568f6@group-D03369549A76-SegmentedRaftLogWorker: created new log segment /home/runner/work/ozone/ozone/hadoop-ozone/integration-test/target/test-dir/MiniOzoneClusterImpl-9831f382-72e6-431b-adf3-2f9efd8fb9d7/datanode-1/data/ratis/c2056d17-1c1a-465c-9da9-d03369549a76/current/log_inprogress_0
2023-05-08 09:33:33,020 [d7c57734-1d74-411b-8fcc-d057f09568f6@group-D03369549A76-LeaderElection5] INFO  server.RaftServer$Division (ServerState.java:setRaftConf(430)) - d7c57734-1d74-411b-8fcc-d057f09568f6@group-D03369549A76: set configuration 0: peers:[d7c57734-1d74-411b-8fcc-d057f09568f6|rpc:10.1.0.160:36437|dataStream:10.1.0.160:34857|priority:1|startupRole:FOLLOWER]|listeners:[], old=null
2023-05-08 09:33:33,021 [e50fc3ca-175c-4331-888e-9d5a4b4ffc01@group-0B99C00588B9-LeaderElection6] INFO  impl.LeaderElection (LeaderElection.java:askForVotes(312)) - e50fc3ca-175c-4331-888e-9d5a4b4ffc01@group-0B99C00588B9-LeaderElection6 PRE_VOTE round 0: submit vote requests at term 0 for -1: peers:[d7c57734-1d74-411b-8fcc-d057f09568f6|rpc:10.1.0.160:36437|dataStream:10.1.0.160:34857|priority:0|startupRole:FOLLOWER, e50fc3ca-175c-4331-888e-9d5a4b4ffc01|rpc:10.1.0.160:37363|dataStream:10.1.0.160:41371|priority:1|startupRole:FOLLOWER, 6682b1a5-9385-4106-b4a0-cef9873e4e75|rpc:10.1.0.160:45305|dataStream:10.1.0.160:41803|priority:0|startupRole:FOLLOWER]|listeners:[], old=null
2023-05-08 09:33:33,022 [e50fc3ca-175c-4331-888e-9d5a4b4ffc01@group-1CA41FB13F41-FollowerState] INFO  server.RaftServerConfigKeys (ConfUtils.java:logFallback(53)) - raft.server.rpc.first-election.timeout.min = 5s (fallback to raft.server.rpc.timeout.min)
2023-05-08 09:33:33,022 [e50fc3ca-175c-4331-888e-9d5a4b4ffc01@group-1CA41FB13F41-FollowerState] INFO  server.RaftServerConfigKeys (ConfUtils.java:logFallback(53)) - raft.server.rpc.first-election.timeout.max = 5200ms (fallback to raft.server.rpc.timeout.max)
2023-05-08 09:33:33,022 [e50fc3ca-175c-4331-888e-9d5a4b4ffc01@group-0B99C00588B9-LeaderElection6-1] INFO  server.GrpcServerProtocolClient (GrpcServerProtocolClient.java:<init>(63)) - Build channel for d7c57734-1d74-411b-8fcc-d057f09568f6
2023-05-08 09:33:33,023 [e50fc3ca-175c-4331-888e-9d5a4b4ffc01@group-0B99C00588B9-LeaderElection6] INFO  server.RaftServerConfigKeys (ConfUtils.java:logFallback(53)) - raft.server.rpc.first-election.timeout.min = 5s (fallback to raft.server.rpc.timeout.min)
2023-05-08 09:33:33,025 [e50fc3ca-175c-4331-888e-9d5a4b4ffc01@group-0B99C00588B9-LeaderElection6] INFO  server.RaftServerConfigKeys (ConfUtils.java:logFallback(53)) - raft.server.rpc.first-election.timeout.max = 5200ms (fallback to raft.server.rpc.timeout.max)
2023-05-08 09:33:33,026 [e50fc3ca-175c-4331-888e-9d5a4b4ffc01@group-0B99C00588B9-LeaderElection6-2] INFO  server.GrpcServerProtocolClient (GrpcServerProtocolClient.java:<init>(63)) - Build channel for 6682b1a5-9385-4106-b4a0-cef9873e4e75
2023-05-08 09:33:33,043 [grpc-default-executor-1] INFO  server.RaftServer$Division (RaftServerImpl.java:requestVote(1218)) - d7c57734-1d74-411b-8fcc-d057f09568f6@group-0B99C00588B9: receive requestVote(PRE_VOTE, e50fc3ca-175c-4331-888e-9d5a4b4ffc01, group-0B99C00588B9, 0, (t:0, i:0))
2023-05-08 09:33:33,043 [grpc-default-executor-1] INFO  impl.VoteContext (VoteContext.java:log(49)) - d7c57734-1d74-411b-8fcc-d057f09568f6@group-0B99C00588B9-FOLLOWER: accept PRE_VOTE from e50fc3ca-175c-4331-888e-9d5a4b4ffc01: our priority 0 <= candidate's priority 1
2023-05-08 09:33:33,043 [grpc-default-executor-1] INFO  server.RaftServer$Division (RaftServerImpl.java:requestVote(1251)) - d7c57734-1d74-411b-8fcc-d057f09568f6@group-0B99C00588B9 replies to PRE_VOTE vote request: e50fc3ca-175c-4331-888e-9d5a4b4ffc01<-d7c57734-1d74-411b-8fcc-d057f09568f6#0:OK-t0. Peer's state: d7c57734-1d74-411b-8fcc-d057f09568f6@group-0B99C00588B9:t0, leader=null, voted=, raftlog=Memoized:d7c57734-1d74-411b-8fcc-d057f09568f6@group-0B99C00588B9-SegmentedRaftLog:OPENED:c-1, conf=-1: peers:[d7c57734-1d74-411b-8fcc-d057f09568f6|rpc:10.1.0.160:36437|dataStream:10.1.0.160:34857|priority:0|startupRole:FOLLOWER, e50fc3ca-175c-4331-888e-9d5a4b4ffc01|rpc:10.1.0.160:37363|dataStream:10.1.0.160:41371|priority:1|startupRole:FOLLOWER, 6682b1a5-9385-4106-b4a0-cef9873e4e75|rpc:10.1.0.160:45305|dataStream:10.1.0.160:41803|priority:0|startupRole:FOLLOWER]|listeners:[], old=null
2023-05-08 09:33:33,045 [e50fc3ca-175c-4331-888e-9d5a4b4ffc01@group-0B99C00588B9-LeaderElection6] INFO  impl.LeaderElection (LeaderElection.java:logAndReturn(90)) - e50fc3ca-175c-4331-888e-9d5a4b4ffc01@group-0B99C00588B9-LeaderElection6: PRE_VOTE PASSED received 1 response(s) and 0 exception(s):
2023-05-08 09:33:33,045 [e50fc3ca-175c-4331-888e-9d5a4b4ffc01@group-0B99C00588B9-LeaderElection6] INFO  impl.LeaderElection (LeaderElection.java:logAndReturn(94)) -   Response 0: e50fc3ca-175c-4331-888e-9d5a4b4ffc01<-d7c57734-1d74-411b-8fcc-d057f09568f6#0:OK-t0
2023-05-08 09:33:33,045 [e50fc3ca-175c-4331-888e-9d5a4b4ffc01@group-0B99C00588B9-LeaderElection6] INFO  impl.LeaderElection (LeaderElection.java:askForVotes(314)) - e50fc3ca-175c-4331-888e-9d5a4b4ffc01@group-0B99C00588B9-LeaderElection6 PRE_VOTE round 0: result PASSED
2023-05-08 09:33:33,047 [e50fc3ca-175c-4331-888e-9d5a4b4ffc01@group-0B99C00588B9-LeaderElection6] INFO  impl.LeaderElection (LeaderElection.java:askForVotes(312)) - e50fc3ca-175c-4331-888e-9d5a4b4ffc01@group-0B99C00588B9-LeaderElection6 ELECTION round 0: submit vote requests at term 1 for -1: peers:[d7c57734-1d74-411b-8fcc-d057f09568f6|rpc:10.1.0.160:36437|dataStream:10.1.0.160:34857|priority:0|startupRole:FOLLOWER, e50fc3ca-175c-4331-888e-9d5a4b4ffc01|rpc:10.1.0.160:37363|dataStream:10.1.0.160:41371|priority:1|startupRole:FOLLOWER, 6682b1a5-9385-4106-b4a0-cef9873e4e75|rpc:10.1.0.160:45305|dataStream:10.1.0.160:41803|priority:0|startupRole:FOLLOWER]|listeners:[], old=null
2023-05-08 09:33:33,051 [e50fc3ca-175c-4331-888e-9d5a4b4ffc01@group-0B99C00588B9-LeaderElection6] INFO  server.RaftServerConfigKeys (ConfUtils.java:logFallback(53)) - raft.server.rpc.first-election.timeout.min = 5s (fallback to raft.server.rpc.timeout.min)
2023-05-08 09:33:33,052 [e50fc3ca-175c-4331-888e-9d5a4b4ffc01@group-0B99C00588B9-LeaderElection6] INFO  server.RaftServerConfigKeys (ConfUtils.java:logFallback(53)) - raft.server.rpc.first-election.timeout.max = 5200ms (fallback to raft.server.rpc.timeout.max)
2023-05-08 09:33:33,055 [grpc-default-executor-1] INFO  server.RaftServer$Division (RaftServerImpl.java:requestVote(1218)) - d7c57734-1d74-411b-8fcc-d057f09568f6@group-0B99C00588B9: receive requestVote(ELECTION, e50fc3ca-175c-4331-888e-9d5a4b4ffc01, group-0B99C00588B9, 1, (t:0, i:0))
2023-05-08 09:33:33,056 [grpc-default-executor-1] INFO  impl.VoteContext (VoteContext.java:log(49)) - d7c57734-1d74-411b-8fcc-d057f09568f6@group-0B99C00588B9-FOLLOWER: accept ELECTION from e50fc3ca-175c-4331-888e-9d5a4b4ffc01: our priority 0 <= candidate's priority 1
2023-05-08 09:33:33,056 [grpc-default-executor-1] INFO  server.RaftServer$Division (RaftServerImpl.java:setRole(321)) - d7c57734-1d74-411b-8fcc-d057f09568f6@group-0B99C00588B9: changes role from  FOLLOWER to FOLLOWER at term 1 for candidate:e50fc3ca-175c-4331-888e-9d5a4b4ffc01
2023-05-08 09:33:33,056 [grpc-default-executor-1] INFO  impl.RoleInfo (RoleInfo.java:shutdownFollowerState(110)) - d7c57734-1d74-411b-8fcc-d057f09568f6: shutdown d7c57734-1d74-411b-8fcc-d057f09568f6@group-0B99C00588B9-FollowerState
2023-05-08 09:33:33,056 [grpc-default-executor-1] INFO  impl.RoleInfo (RoleInfo.java:updateAndGet(139)) - d7c57734-1d74-411b-8fcc-d057f09568f6: start d7c57734-1d74-411b-8fcc-d057f09568f6@group-0B99C00588B9-FollowerState
2023-05-08 09:33:33,056 [d7c57734-1d74-411b-8fcc-d057f09568f6@group-0B99C00588B9-FollowerState] INFO  impl.FollowerState (FollowerState.java:run(152)) - d7c57734-1d74-411b-8fcc-d057f09568f6@group-0B99C00588B9-FollowerState was interrupted
2023-05-08 09:33:33,061 [d7c57734-1d74-411b-8fcc-d057f09568f6@group-0B99C00588B9-FollowerState] INFO  server.RaftServerConfigKeys (ConfUtils.java:logFallback(53)) - raft.server.rpc.first-election.timeout.min = 5s (fallback to raft.server.rpc.timeout.min)
2023-05-08 09:33:33,061 [d7c57734-1d74-411b-8fcc-d057f09568f6@group-0B99C00588B9-FollowerState] INFO  server.RaftServerConfigKeys (ConfUtils.java:logFallback(53)) - raft.server.rpc.first-election.timeout.max = 5200ms (fallback to raft.server.rpc.timeout.max)
2023-05-08 09:33:33,068 [grpc-default-executor-1] INFO  server.RaftServer$Division (RaftServerImpl.java:requestVote(1251)) - d7c57734-1d74-411b-8fcc-d057f09568f6@group-0B99C00588B9 replies to ELECTION vote request: e50fc3ca-175c-4331-888e-9d5a4b4ffc01<-d7c57734-1d74-411b-8fcc-d057f09568f6#0:OK-t1. Peer's state: d7c57734-1d74-411b-8fcc-d057f09568f6@group-0B99C00588B9:t1, leader=null, voted=e50fc3ca-175c-4331-888e-9d5a4b4ffc01, raftlog=Memoized:d7c57734-1d74-411b-8fcc-d057f09568f6@group-0B99C00588B9-SegmentedRaftLog:OPENED:c-1, conf=-1: peers:[d7c57734-1d74-411b-8fcc-d057f09568f6|rpc:10.1.0.160:36437|dataStream:10.1.0.160:34857|priority:0|startupRole:FOLLOWER, e50fc3ca-175c-4331-888e-9d5a4b4ffc01|rpc:10.1.0.160:37363|dataStream:10.1.0.160:41371|priority:1|startupRole:FOLLOWER, 6682b1a5-9385-4106-b4a0-cef9873e4e75|rpc:10.1.0.160:45305|dataStream:10.1.0.160:41803|priority:0|startupRole:FOLLOWER]|listeners:[], old=null
2023-05-08 09:33:33,070 [e50fc3ca-175c-4331-888e-9d5a4b4ffc01@group-0B99C00588B9-LeaderElection6] INFO  impl.LeaderElection (LeaderElection.java:logAndReturn(90)) - e50fc3ca-175c-4331-888e-9d5a4b4ffc01@group-0B99C00588B9-LeaderElection6: ELECTION PASSED received 1 response(s) and 0 exception(s):
2023-05-08 09:33:33,070 [e50fc3ca-175c-4331-888e-9d5a4b4ffc01@group-0B99C00588B9-LeaderElection6] INFO  impl.LeaderElection (LeaderElection.java:logAndReturn(94)) -   Response 0: e50fc3ca-175c-4331-888e-9d5a4b4ffc01<-d7c57734-1d74-411b-8fcc-d057f09568f6#0:OK-t1
2023-05-08 09:33:33,070 [e50fc3ca-175c-4331-888e-9d5a4b4ffc01@group-0B99C00588B9-LeaderElection6] INFO  impl.LeaderElection (LeaderElection.java:askForVotes(314)) - e50fc3ca-175c-4331-888e-9d5a4b4ffc01@group-0B99C00588B9-LeaderElection6 ELECTION round 0: result PASSED
2023-05-08 09:33:33,070 [e50fc3ca-175c-4331-888e-9d5a4b4ffc01@group-0B99C00588B9-LeaderElection6] INFO  impl.RoleInfo (RoleInfo.java:shutdownLeaderElection(130)) - e50fc3ca-175c-4331-888e-9d5a4b4ffc01: shutdown e50fc3ca-175c-4331-888e-9d5a4b4ffc01@group-0B99C00588B9-LeaderElection6
2023-05-08 09:33:33,070 [e50fc3ca-175c-4331-888e-9d5a4b4ffc01@group-0B99C00588B9-LeaderElection6] INFO  server.RaftServer$Division (RaftServerImpl.java:setRole(321)) - e50fc3ca-175c-4331-888e-9d5a4b4ffc01@group-0B99C00588B9: changes role from CANDIDATE to LEADER at term 1 for changeToLeader
2023-05-08 09:33:33,070 [e50fc3ca-175c-4331-888e-9d5a4b4ffc01@group-0B99C00588B9-LeaderElection6] INFO  ratis.XceiverServerRatis (XceiverServerRatis.java:handleLeaderChangedNotification(904)) - Leader change notification received for group: group-0B99C00588B9 with new leaderId: e50fc3ca-175c-4331-888e-9d5a4b4ffc01
2023-05-08 09:33:33,071 [e50fc3ca-175c-4331-888e-9d5a4b4ffc01@group-0B99C00588B9-LeaderElection6] INFO  server.RaftServer$Division (ServerState.java:setLeader(313)) - e50fc3ca-175c-4331-888e-9d5a4b4ffc01@group-0B99C00588B9: change Leader from null to e50fc3ca-175c-4331-888e-9d5a4b4ffc01 at term 1 for becomeLeader, leader elected after 5171ms
2023-05-08 09:33:33,071 [e50fc3ca-175c-4331-888e-9d5a4b4ffc01@group-0B99C00588B9-LeaderElection6] INFO  server.RaftServerConfigKeys (ConfUtils.java:logGet(46)) - raft.server.staging.catchup.gap = 1000 (default)
2023-05-08 09:33:33,071 [e50fc3ca-175c-4331-888e-9d5a4b4ffc01@group-0B99C00588B9-LeaderElection6] INFO  server.RaftServerConfigKeys (ConfUtils.java:logGet(46)) - raft.server.write.element-limit = 1024 (custom)
2023-05-08 09:33:33,071 [e50fc3ca-175c-4331-888e-9d5a4b4ffc01@group-0B99C00588B9-LeaderElection6] INFO  server.RaftServerConfigKeys (ConfUtils.java:logGet(46)) - raft.server.write.byte-limit = 1024 M (=1073741824) (custom)
2023-05-08 09:33:33,071 [e50fc3ca-175c-4331-888e-9d5a4b4ffc01@group-0B99C00588B9-LeaderElection6] INFO  server.RaftServerConfigKeys (ConfUtils.java:logGet(46)) - raft.server.watch.timeout = 180s (custom)
2023-05-08 09:33:33,071 [e50fc3ca-175c-4331-888e-9d5a4b4ffc01@group-0B99C00588B9-LeaderElection6] INFO  server.RaftServerConfigKeys (ConfUtils.java:logGet(46)) - raft.server.watch.timeout.denomination = 1s (default)
2023-05-08 09:33:33,071 [e50fc3ca-175c-4331-888e-9d5a4b4ffc01@group-0B99C00588B9-LeaderElection6] INFO  server.RaftServerConfigKeys (ConfUtils.java:logGet(46)) - raft.server.watch.element-limit = 65536 (default)
2023-05-08 09:33:33,071 [e50fc3ca-175c-4331-888e-9d5a4b4ffc01@group-0B99C00588B9-LeaderElection6] INFO  server.RaftServerConfigKeys (ConfUtils.java:logGet(46)) - raft.server.write.element-limit = 1024 (custom)
2023-05-08 09:33:33,072 [e50fc3ca-175c-4331-888e-9d5a4b4ffc01@group-0B99C00588B9-LeaderElection6] INFO  server.RaftServerConfigKeys (ConfUtils.java:logGet(46)) - raft.server.write.follower.gap.ratio.max = -1.0 (default)
2023-05-08 09:33:33,062 [grpc-default-executor-3] INFO  server.RaftServer$Division (RaftServerImpl.java:requestVote(1218)) - 6682b1a5-9385-4106-b4a0-cef9873e4e75@group-0B99C00588B9: receive requestVote(PRE_VOTE, e50fc3ca-175c-4331-888e-9d5a4b4ffc01, group-0B99C00588B9, 0, (t:0, i:0))
2023-05-08 09:33:33,085 [EventQueue-PipelineReportForPipelineReportHandler] INFO  pipeline.PipelineManagerImpl (PipelineManagerImpl.java:openPipeline(367)) - Pipeline Pipeline[ Id: 2d1bfc3e-e8ef-4ba8-b2a0-0b99c00588b9, Nodes: d7c57734-1d74-411b-8fcc-d057f09568f6(fv-az96-539/10.1.0.160)e50fc3ca-175c-4331-888e-9d5a4b4ffc01(fv-az96-539/10.1.0.160)6682b1a5-9385-4106-b4a0-cef9873e4e75(fv-az96-539/10.1.0.160), ReplicationConfig: RATIS/THREE, State:ALLOCATED, leaderId:e50fc3ca-175c-4331-888e-9d5a4b4ffc01, CreationTimestamp2023-05-08T09:33:25.150Z[Etc/UTC]] moved to OPEN state
2023-05-08 09:33:33,082 [6682b1a5-9385-4106-b4a0-cef9873e4e75@group-1CA41FB13F41-FollowerState] INFO  impl.FollowerState (FollowerState.java:run(143)) - 6682b1a5-9385-4106-b4a0-cef9873e4e75@group-1CA41FB13F41-FollowerState: change to CANDIDATE, lastRpcElapsedTime:5150770044ns, electionTimeout:5127ms
2023-05-08 09:33:33,086 [6682b1a5-9385-4106-b4a0-cef9873e4e75@group-1CA41FB13F41-FollowerState] INFO  impl.RoleInfo (RoleInfo.java:shutdownFollowerState(110)) - 6682b1a5-9385-4106-b4a0-cef9873e4e75: shutdown 6682b1a5-9385-4106-b4a0-cef9873e4e75@group-1CA41FB13F41-FollowerState
2023-05-08 09:33:33,086 [6682b1a5-9385-4106-b4a0-cef9873e4e75@group-1CA41FB13F41-FollowerState] INFO  server.RaftServer$Division (RaftServerImpl.java:setRole(321)) - 6682b1a5-9385-4106-b4a0-cef9873e4e75@group-1CA41FB13F41: changes role from  FOLLOWER to CANDIDATE at term 0 for changeToCandidate
2023-05-08 09:33:33,086 [6682b1a5-9385-4106-b4a0-cef9873e4e75@group-1CA41FB13F41-FollowerState] INFO  server.RaftServerConfigKeys (ConfUtils.java:logGet(46)) - raft.server.leaderelection.pre-vote = true (default)
2023-05-08 09:33:33,086 [6682b1a5-9385-4106-b4a0-cef9873e4e75@group-1CA41FB13F41-FollowerState] INFO  impl.RoleInfo (RoleInfo.java:updateAndGet(139)) - 6682b1a5-9385-4106-b4a0-cef9873e4e75: start 6682b1a5-9385-4106-b4a0-cef9873e4e75@group-1CA41FB13F41-LeaderElection7
2023-05-08 09:33:33,081 [grpc-default-executor-2] INFO  server.RaftServer$Division (RaftServerImpl.java:requestVote(1218)) - 6682b1a5-9385-4106-b4a0-cef9873e4e75@group-0B99C00588B9: receive requestVote(ELECTION, e50fc3ca-175c-4331-888e-9d5a4b4ffc01, group-0B99C00588B9, 1, (t:0, i:0))
2023-05-08 09:33:33,091 [e50fc3ca-175c-4331-888e-9d5a4b4ffc01@group-0B99C00588B9-LeaderElection6] INFO  server.RaftServerConfigKeys (ConfUtils.java:logGet(46)) - raft.server.log.appender.snapshot.chunk.size.max = 16MB (=16777216) (default)
2023-05-08 09:33:33,086 [EventQueue-OpenPipelineForHealthyPipelineSafeModeRule] INFO  safemode.SCMSafeModeManager (HealthyPipelineSafeModeRule.java:process(137)) - SCM in safe mode. Healthy pipelines reported count is 1, required healthy pipeline reported count is 1
2023-05-08 09:33:33,091 [EventQueue-OpenPipelineForHealthyPipelineSafeModeRule] INFO  safemode.SCMSafeModeManager (SCMSafeModeManager.java:validateSafeModeExitRules(200)) - HealthyPipelineSafeModeRule rule is successfully validated
2023-05-08 09:33:33,092 [EventQueue-OpenPipelineForHealthyPipelineSafeModeRule] INFO  safemode.SCMSafeModeManager (SCMSafeModeManager.java:validateSafeModeExitRules(215)) - ScmSafeModeManager, all rules are successfully validated
2023-05-08 09:33:33,092 [EventQueue-OpenPipelineForHealthyPipelineSafeModeRule] INFO  safemode.SCMSafeModeManager (SCMSafeModeManager.java:exitSafeMode(244)) - SCM exiting safe mode.
2023-05-08 09:33:33,092 [EventQueue-OpenPipelineForHealthyPipelineSafeModeRule] INFO  ha.SCMContext (SCMContext.java:updateSafeModeStatus(228)) - Update SafeModeStatus from SafeModeStatus{safeModeStatus=true, preCheckPassed=true} to SafeModeStatus{safeModeStatus=false, preCheckPassed=true}.
2023-05-08 09:33:33,092 [EventQueue-OpenPipelineForHealthyPipelineSafeModeRule] INFO  pipeline.BackgroundPipelineCreator (BackgroundPipelineCreator.java:notifyStatusChanged(254)) - Service BackgroundPipelineCreator transitions to RUNNING.
2023-05-08 09:33:33,092 [EventQueue-OpenPipelineForHealthyPipelineSafeModeRule] INFO  BackgroundPipelineScrubber (BackgroundSCMService.java:notifyStatusChanged(82)) - Service BackgroundPipelineScrubber transitions to RUNNING.
2023-05-08 09:33:33,092 [EventQueue-OpenPipelineForHealthyPipelineSafeModeRule] INFO  ExpiredContainerReplicaOpScrubber (BackgroundSCMService.java:notifyStatusChanged(82)) - Service ExpiredContainerReplicaOpScrubber transitions to RUNNING.
2023-05-08 09:33:33,092 [EventQueue-OpenPipelineForHealthyPipelineSafeModeRule] INFO  replication.ReplicationManager (ReplicationManager.java:notifyStatusChanged(1370)) - Service ReplicationManager transitions to RUNNING.
2023-05-08 09:33:33,095 [EventQueue-OpenPipelineForHealthyPipelineSafeModeRule] WARN  balancer.ContainerBalancer (ContainerBalancer.java:shouldRun(132)) - Could not find persisted configuration for ContainerBalancer when checking if ContainerBalancer should run. ContainerBalancer should not run now.
2023-05-08 09:33:33,085 [grpc-default-executor-3] INFO  impl.VoteContext (VoteContext.java:log(49)) - 6682b1a5-9385-4106-b4a0-cef9873e4e75@group-0B99C00588B9-FOLLOWER: accept PRE_VOTE from e50fc3ca-175c-4331-888e-9d5a4b4ffc01: our priority 0 <= candidate's priority 1
2023-05-08 09:33:33,095 [grpc-default-executor-3] INFO  server.RaftServer$Division (RaftServerImpl.java:requestVote(1251)) - 6682b1a5-9385-4106-b4a0-cef9873e4e75@group-0B99C00588B9 replies to PRE_VOTE vote request: e50fc3ca-175c-4331-888e-9d5a4b4ffc01<-6682b1a5-9385-4106-b4a0-cef9873e4e75#0:OK-t0. Peer's state: 6682b1a5-9385-4106-b4a0-cef9873e4e75@group-0B99C00588B9:t0, leader=null, voted=, raftlog=Memoized:6682b1a5-9385-4106-b4a0-cef9873e4e75@group-0B99C00588B9-SegmentedRaftLog:OPENED:c-1, conf=-1: peers:[d7c57734-1d74-411b-8fcc-d057f09568f6|rpc:10.1.0.160:36437|dataStream:10.1.0.160:34857|priority:0|startupRole:FOLLOWER, e50fc3ca-175c-4331-888e-9d5a4b4ffc01|rpc:10.1.0.160:37363|dataStream:10.1.0.160:41371|priority:1|startupRole:FOLLOWER, 6682b1a5-9385-4106-b4a0-cef9873e4e75|rpc:10.1.0.160:45305|dataStream:10.1.0.160:41803|priority:0|startupRole:FOLLOWER]|listeners:[], old=null
2023-05-08 09:33:33,096 [grpc-default-executor-2] INFO  impl.VoteContext (VoteContext.java:log(49)) - 6682b1a5-9385-4106-b4a0-cef9873e4e75@group-0B99C00588B9-FOLLOWER: accept ELECTION from e50fc3ca-175c-4331-888e-9d5a4b4ffc01: our priority 0 <= candidate's priority 1
2023-05-08 09:33:33,096 [grpc-default-executor-2] INFO  server.RaftServer$Division (RaftServerImpl.java:setRole(321)) - 6682b1a5-9385-4106-b4a0-cef9873e4e75@group-0B99C00588B9: changes role from  FOLLOWER to FOLLOWER at term 1 for candidate:e50fc3ca-175c-4331-888e-9d5a4b4ffc01
2023-05-08 09:33:33,096 [grpc-default-executor-2] INFO  impl.RoleInfo (RoleInfo.java:shutdownFollowerState(110)) - 6682b1a5-9385-4106-b4a0-cef9873e4e75: shutdown 6682b1a5-9385-4106-b4a0-cef9873e4e75@group-0B99C00588B9-FollowerState
2023-05-08 09:33:33,096 [grpc-default-executor-2] INFO  impl.RoleInfo (RoleInfo.java:updateAndGet(139)) - 6682b1a5-9385-4106-b4a0-cef9873e4e75: start 6682b1a5-9385-4106-b4a0-cef9873e4e75@group-0B99C00588B9-FollowerState
2023-05-08 09:33:33,097 [6682b1a5-9385-4106-b4a0-cef9873e4e75@group-0B99C00588B9-FollowerState] INFO  impl.FollowerState (FollowerState.java:run(152)) - 6682b1a5-9385-4106-b4a0-cef9873e4e75@group-0B99C00588B9-FollowerState was interrupted
2023-05-08 09:33:33,105 [6682b1a5-9385-4106-b4a0-cef9873e4e75@group-0B99C00588B9-FollowerState] INFO  server.RaftServerConfigKeys (ConfUtils.java:logFallback(53)) - raft.server.rpc.first-election.timeout.min = 5s (fallback to raft.server.rpc.timeout.min)
2023-05-08 09:33:33,105 [6682b1a5-9385-4106-b4a0-cef9873e4e75@group-0B99C00588B9-FollowerState] INFO  server.RaftServerConfigKeys (ConfUtils.java:logFallback(53)) - raft.server.rpc.first-election.timeout.max = 5200ms (fallback to raft.server.rpc.timeout.max)
2023-05-08 09:33:33,105 [e50fc3ca-175c-4331-888e-9d5a4b4ffc01@group-0B99C00588B9-LeaderElection6] INFO  server.RaftServerConfigKeys (ConfUtils.java:logGet(46)) - raft.server.log.appender.buffer.byte-limit = 33554432 (custom)
2023-05-08 09:33:33,105 [grpc-default-executor-2] INFO  server.RaftServer$Division (RaftServerImpl.java:requestVote(1251)) - 6682b1a5-9385-4106-b4a0-cef9873e4e75@group-0B99C00588B9 replies to ELECTION vote request: e50fc3ca-175c-4331-888e-9d5a4b4ffc01<-6682b1a5-9385-4106-b4a0-cef9873e4e75#0:OK-t1. Peer's state: 6682b1a5-9385-4106-b4a0-cef9873e4e75@group-0B99C00588B9:t1, leader=null, voted=e50fc3ca-175c-4331-888e-9d5a4b4ffc01, raftlog=Memoized:6682b1a5-9385-4106-b4a0-cef9873e4e75@group-0B99C00588B9-SegmentedRaftLog:OPENED:c-1, conf=-1: peers:[d7c57734-1d74-411b-8fcc-d057f09568f6|rpc:10.1.0.160:36437|dataStream:10.1.0.160:34857|priority:0|startupRole:FOLLOWER, e50fc3ca-175c-4331-888e-9d5a4b4ffc01|rpc:10.1.0.160:37363|dataStream:10.1.0.160:41371|priority:1|startupRole:FOLLOWER, 6682b1a5-9385-4106-b4a0-cef9873e4e75|rpc:10.1.0.160:45305|dataStream:10.1.0.160:41803|priority:0|startupRole:FOLLOWER]|listeners:[], old=null
2023-05-08 09:33:33,106 [e50fc3ca-175c-4331-888e-9d5a4b4ffc01@group-0B99C00588B9-LeaderElection6] INFO  server.RaftServerConfigKeys (ConfUtils.java:logGet(46)) - raft.server.log.appender.buffer.element-limit = 1 (custom)
2023-05-08 09:33:33,108 [6682b1a5-9385-4106-b4a0-cef9873e4e75@group-1CA41FB13F41-LeaderElection7] INFO  impl.LeaderElection (LeaderElection.java:askForVotes(312)) - 6682b1a5-9385-4106-b4a0-cef9873e4e75@group-1CA41FB13F41-LeaderElection7 PRE_VOTE round 0: submit vote requests at term 0 for -1: peers:[d7c57734-1d74-411b-8fcc-d057f09568f6|rpc:10.1.0.160:36437|dataStream:10.1.0.160:34857|priority:0|startupRole:FOLLOWER, e50fc3ca-175c-4331-888e-9d5a4b4ffc01|rpc:10.1.0.160:37363|dataStream:10.1.0.160:41371|priority:0|startupRole:FOLLOWER, 6682b1a5-9385-4106-b4a0-cef9873e4e75|rpc:10.1.0.160:45305|dataStream:10.1.0.160:41803|priority:1|startupRole:FOLLOWER]|listeners:[], old=null
2023-05-08 09:33:33,122 [6682b1a5-9385-4106-b4a0-cef9873e4e75@group-1CA41FB13F41-LeaderElection7] INFO  server.RaftServerConfigKeys (ConfUtils.java:logFallback(53)) - raft.server.rpc.first-election.timeout.min = 5s (fallback to raft.server.rpc.timeout.min)
2023-05-08 09:33:33,122 [6682b1a5-9385-4106-b4a0-cef9873e4e75@group-1CA41FB13F41-LeaderElection7] INFO  server.RaftServerConfigKeys (ConfUtils.java:logFallback(53)) - raft.server.rpc.first-election.timeout.max = 5200ms (fallback to raft.server.rpc.timeout.max)
2023-05-08 09:33:33,123 [grpc-default-executor-2] INFO  server.RaftServer$Division (RaftServerImpl.java:requestVote(1218)) - d7c57734-1d74-411b-8fcc-d057f09568f6@group-1CA41FB13F41: receive requestVote(PRE_VOTE, 6682b1a5-9385-4106-b4a0-cef9873e4e75, group-1CA41FB13F41, 0, (t:0, i:0))
2023-05-08 09:33:33,124 [grpc-default-executor-2] INFO  impl.VoteContext (VoteContext.java:log(49)) - d7c57734-1d74-411b-8fcc-d057f09568f6@group-1CA41FB13F41-FOLLOWER: accept PRE_VOTE from 6682b1a5-9385-4106-b4a0-cef9873e4e75: our priority 0 <= candidate's priority 1
2023-05-08 09:33:33,124 [grpc-default-executor-2] INFO  server.RaftServer$Division (RaftServerImpl.java:requestVote(1251)) - d7c57734-1d74-411b-8fcc-d057f09568f6@group-1CA41FB13F41 replies to PRE_VOTE vote request: 6682b1a5-9385-4106-b4a0-cef9873e4e75<-d7c57734-1d74-411b-8fcc-d057f09568f6#0:OK-t0. Peer's state: d7c57734-1d74-411b-8fcc-d057f09568f6@group-1CA41FB13F41:t0, leader=null, voted=, raftlog=Memoized:d7c57734-1d74-411b-8fcc-d057f09568f6@group-1CA41FB13F41-SegmentedRaftLog:OPENED:c-1, conf=-1: peers:[d7c57734-1d74-411b-8fcc-d057f09568f6|rpc:10.1.0.160:36437|dataStream:10.1.0.160:34857|priority:0|startupRole:FOLLOWER, e50fc3ca-175c-4331-888e-9d5a4b4ffc01|rpc:10.1.0.160:37363|dataStream:10.1.0.160:41371|priority:0|startupRole:FOLLOWER, 6682b1a5-9385-4106-b4a0-cef9873e4e75|rpc:10.1.0.160:45305|dataStream:10.1.0.160:41803|priority:1|startupRole:FOLLOWER]|listeners:[], old=null
2023-05-08 09:33:33,125 [6682b1a5-9385-4106-b4a0-cef9873e4e75@group-1CA41FB13F41-LeaderElection7] INFO  impl.LeaderElection (LeaderElection.java:logAndReturn(90)) - 6682b1a5-9385-4106-b4a0-cef9873e4e75@group-1CA41FB13F41-LeaderElection7: PRE_VOTE PASSED received 1 response(s) and 0 exception(s):
2023-05-08 09:33:33,125 [6682b1a5-9385-4106-b4a0-cef9873e4e75@group-1CA41FB13F41-LeaderElection7] INFO  impl.LeaderElection (LeaderElection.java:logAndReturn(94)) -   Response 0: 6682b1a5-9385-4106-b4a0-cef9873e4e75<-d7c57734-1d74-411b-8fcc-d057f09568f6#0:OK-t0
2023-05-08 09:33:33,125 [6682b1a5-9385-4106-b4a0-cef9873e4e75@group-1CA41FB13F41-LeaderElection7] INFO  impl.LeaderElection (LeaderElection.java:askForVotes(314)) - 6682b1a5-9385-4106-b4a0-cef9873e4e75@group-1CA41FB13F41-LeaderElection7 PRE_VOTE round 0: result PASSED
2023-05-08 09:33:33,127 [e50fc3ca-175c-4331-888e-9d5a4b4ffc01@group-0B99C00588B9-LeaderElection6] INFO  grpc.GrpcConfigKeys (ConfUtils.java:logGet(46)) - raft.grpc.server.leader.outstanding.appends.max = 128 (default)
2023-05-08 09:33:33,127 [6682b1a5-9385-4106-b4a0-cef9873e4e75@group-1CA41FB13F41-LeaderElection7] INFO  impl.LeaderElection (LeaderElection.java:askForVotes(312)) - 6682b1a5-9385-4106-b4a0-cef9873e4e75@group-1CA41FB13F41-LeaderElection7 ELECTION round 0: submit vote requests at term 1 for -1: peers:[d7c57734-1d74-411b-8fcc-d057f09568f6|rpc:10.1.0.160:36437|dataStream:10.1.0.160:34857|priority:0|startupRole:FOLLOWER, e50fc3ca-175c-4331-888e-9d5a4b4ffc01|rpc:10.1.0.160:37363|dataStream:10.1.0.160:41371|priority:0|startupRole:FOLLOWER, 6682b1a5-9385-4106-b4a0-cef9873e4e75|rpc:10.1.0.160:45305|dataStream:10.1.0.160:41803|priority:1|startupRole:FOLLOWER]|listeners:[], old=null
2023-05-08 09:33:33,127 [e50fc3ca-175c-4331-888e-9d5a4b4ffc01@group-0B99C00588B9-LeaderElection6] INFO  server.RaftServerConfigKeys (ConfUtils.java:logGet(46)) - raft.server.rpc.request.timeout = 60s (custom)
2023-05-08 09:33:33,127 [e50fc3ca-175c-4331-888e-9d5a4b4ffc01@group-0B99C00588B9-LeaderElection6] INFO  server.RaftServerConfigKeys (ConfUtils.java:logGet(46)) - raft.server.log.appender.install.snapshot.enabled = false (custom)
2023-05-08 09:33:33,127 [e50fc3ca-175c-4331-888e-9d5a4b4ffc01@group-0B99C00588B9-LeaderElection6] INFO  grpc.GrpcConfigKeys (ConfUtils.java:logGet(46)) - raft.grpc.server.heartbeat.channel = true (default)
2023-05-08 09:33:33,127 [e50fc3ca-175c-4331-888e-9d5a4b4ffc01@group-0B99C00588B9-LeaderElection6] INFO  server.RaftServerConfigKeys (ConfUtils.java:logGet(46)) - raft.server.log.appender.wait-time.min = 10ms (default)
2023-05-08 09:33:33,129 [e50fc3ca-175c-4331-888e-9d5a4b4ffc01@group-0B99C00588B9-LeaderElection6] INFO  server.RaftServerConfigKeys (ConfUtils.java:logGet(46)) - raft.server.log.appender.snapshot.chunk.size.max = 16MB (=16777216) (default)
2023-05-08 09:33:33,130 [e50fc3ca-175c-4331-888e-9d5a4b4ffc01@group-0B99C00588B9-LeaderElection6] INFO  server.RaftServerConfigKeys (ConfUtils.java:logGet(46)) - raft.server.log.appender.buffer.byte-limit = 33554432 (custom)
2023-05-08 09:33:33,130 [e50fc3ca-175c-4331-888e-9d5a4b4ffc01@group-0B99C00588B9-LeaderElection6] INFO  server.RaftServerConfigKeys (ConfUtils.java:logGet(46)) - raft.server.log.appender.buffer.element-limit = 1 (custom)
2023-05-08 09:33:33,130 [6682b1a5-9385-4106-b4a0-cef9873e4e75@group-1CA41FB13F41-LeaderElection7] INFO  server.RaftServerConfigKeys (ConfUtils.java:logFallback(53)) - raft.server.rpc.first-election.timeout.min = 5s (fallback to raft.server.rpc.timeout.min)
2023-05-08 09:33:33,133 [6682b1a5-9385-4106-b4a0-cef9873e4e75@group-1CA41FB13F41-LeaderElection7] INFO  server.RaftServerConfigKeys (ConfUtils.java:logFallback(53)) - raft.server.rpc.first-election.timeout.max = 5200ms (fallback to raft.server.rpc.timeout.max)
2023-05-08 09:33:33,136 [e50fc3ca-175c-4331-888e-9d5a4b4ffc01@group-0B99C00588B9-LeaderElection6] INFO  grpc.GrpcConfigKeys (ConfUtils.java:logGet(46)) - raft.grpc.server.leader.outstanding.appends.max = 128 (default)
2023-05-08 09:33:33,136 [e50fc3ca-175c-4331-888e-9d5a4b4ffc01@group-0B99C00588B9-LeaderElection6] INFO  server.RaftServerConfigKeys (ConfUtils.java:logGet(46)) - raft.server.rpc.request.timeout = 60s (custom)
2023-05-08 09:33:33,136 [e50fc3ca-175c-4331-888e-9d5a4b4ffc01@group-0B99C00588B9-LeaderElection6] INFO  server.RaftServerConfigKeys (ConfUtils.java:logGet(46)) - raft.server.log.appender.install.snapshot.enabled = false (custom)
2023-05-08 09:33:33,136 [e50fc3ca-175c-4331-888e-9d5a4b4ffc01@group-0B99C00588B9-LeaderElection6] INFO  grpc.GrpcConfigKeys (ConfUtils.java:logGet(46)) - raft.grpc.server.heartbeat.channel = true (default)
2023-05-08 09:33:33,136 [e50fc3ca-175c-4331-888e-9d5a4b4ffc01@group-0B99C00588B9-LeaderElection6] INFO  server.RaftServerConfigKeys (ConfUtils.java:logGet(46)) - raft.server.log.appender.wait-time.min = 10ms (default)
2023-05-08 09:33:33,137 [Listener at 127.0.0.1/45613] INFO  ozone.MiniOzoneClusterImpl (MiniOzoneClusterImpl.java:lambda$waitForClusterToBeReady$0(224)) - Nodes are ready. Got 3 of 3 DN Heartbeats.
2023-05-08 09:33:33,137 [Listener at 127.0.0.1/45613] INFO  ozone.MiniOzoneClusterImpl (MiniOzoneClusterImpl.java:lambda$waitForClusterToBeReady$0(227)) - Cluster exits safe mode
2023-05-08 09:33:33,137 [Listener at 127.0.0.1/45613] INFO  ozone.MiniOzoneClusterImpl (MiniOzoneClusterImpl.java:lambda$waitForClusterToBeReady$0(229)) - SCM became leader
2023-05-08 09:33:33,138 [e50fc3ca-175c-4331-888e-9d5a4b4ffc01@group-0B99C00588B9-LeaderElection6] INFO  impl.RoleInfo (RoleInfo.java:updateAndGet(139)) - e50fc3ca-175c-4331-888e-9d5a4b4ffc01: start e50fc3ca-175c-4331-888e-9d5a4b4ffc01@group-0B99C00588B9-LeaderStateImpl
2023-05-08 09:33:33,138 [e50fc3ca-175c-4331-888e-9d5a4b4ffc01@group-0B99C00588B9-LeaderElection6] INFO  segmented.SegmentedRaftLogWorker (SegmentedRaftLogWorker.java:startLogSegment(452)) - e50fc3ca-175c-4331-888e-9d5a4b4ffc01@group-0B99C00588B9-SegmentedRaftLogWorker: Starting segment from index:0
2023-05-08 09:33:33,140 [e50fc3ca-175c-4331-888e-9d5a4b4ffc01@group-0B99C00588B9-SegmentedRaftLogWorker] INFO  segmented.SegmentedRaftLogWorker (SegmentedRaftLogWorker.java:execute(656)) - e50fc3ca-175c-4331-888e-9d5a4b4ffc01@group-0B99C00588B9-SegmentedRaftLogWorker: created new log segment /home/runner/work/ozone/ozone/hadoop-ozone/integration-test/target/test-dir/MiniOzoneClusterImpl-9831f382-72e6-431b-adf3-2f9efd8fb9d7/datanode-2/data/ratis/2d1bfc3e-e8ef-4ba8-b2a0-0b99c00588b9/current/log_inprogress_0
2023-05-08 09:33:33,149 [e50fc3ca-175c-4331-888e-9d5a4b4ffc01@group-0B99C00588B9-LeaderElection6] INFO  server.RaftServer$Division (ServerState.java:setRaftConf(430)) - e50fc3ca-175c-4331-888e-9d5a4b4ffc01@group-0B99C00588B9: set configuration 0: peers:[d7c57734-1d74-411b-8fcc-d057f09568f6|rpc:10.1.0.160:36437|dataStream:10.1.0.160:34857|priority:0|startupRole:FOLLOWER, e50fc3ca-175c-4331-888e-9d5a4b4ffc01|rpc:10.1.0.160:37363|dataStream:10.1.0.160:41371|priority:1|startupRole:FOLLOWER, 6682b1a5-9385-4106-b4a0-cef9873e4e75|rpc:10.1.0.160:45305|dataStream:10.1.0.160:41803|priority:0|startupRole:FOLLOWER]|listeners:[], old=null
2023-05-08 09:33:33,152 [grpc-default-executor-2] INFO  server.RaftServer$Division (RaftServerImpl.java:requestVote(1218)) - d7c57734-1d74-411b-8fcc-d057f09568f6@group-1CA41FB13F41: receive requestVote(ELECTION, 6682b1a5-9385-4106-b4a0-cef9873e4e75, group-1CA41FB13F41, 1, (t:0, i:0))
2023-05-08 09:33:33,152 [grpc-default-executor-2] INFO  impl.VoteContext (VoteContext.java:log(49)) - d7c57734-1d74-411b-8fcc-d057f09568f6@group-1CA41FB13F41-FOLLOWER: accept ELECTION from 6682b1a5-9385-4106-b4a0-cef9873e4e75: our priority 0 <= candidate's priority 1
2023-05-08 09:33:33,152 [grpc-default-executor-2] INFO  server.RaftServer$Division (RaftServerImpl.java:setRole(321)) - d7c57734-1d74-411b-8fcc-d057f09568f6@group-1CA41FB13F41: changes role from  FOLLOWER to FOLLOWER at term 1 for candidate:6682b1a5-9385-4106-b4a0-cef9873e4e75
2023-05-08 09:33:33,152 [grpc-default-executor-2] INFO  impl.RoleInfo (RoleInfo.java:shutdownFollowerState(110)) - d7c57734-1d74-411b-8fcc-d057f09568f6: shutdown d7c57734-1d74-411b-8fcc-d057f09568f6@group-1CA41FB13F41-FollowerState
2023-05-08 09:33:33,152 [grpc-default-executor-2] INFO  impl.RoleInfo (RoleInfo.java:updateAndGet(139)) - d7c57734-1d74-411b-8fcc-d057f09568f6: start d7c57734-1d74-411b-8fcc-d057f09568f6@group-1CA41FB13F41-FollowerState
2023-05-08 09:33:33,152 [d7c57734-1d74-411b-8fcc-d057f09568f6@group-1CA41FB13F41-FollowerState] INFO  impl.FollowerState (FollowerState.java:run(152)) - d7c57734-1d74-411b-8fcc-d057f09568f6@group-1CA41FB13F41-FollowerState was interrupted
2023-05-08 09:33:33,166 [grpc-default-executor-1] INFO  server.RaftServer$Division (RaftServerImpl.java:requestVote(1218)) - e50fc3ca-175c-4331-888e-9d5a4b4ffc01@group-1CA41FB13F41: receive requestVote(ELECTION, 6682b1a5-9385-4106-b4a0-cef9873e4e75, group-1CA41FB13F41, 1, (t:0, i:0))
2023-05-08 09:33:33,166 [grpc-default-executor-1] INFO  impl.VoteContext (VoteContext.java:log(49)) - e50fc3ca-175c-4331-888e-9d5a4b4ffc01@group-1CA41FB13F41-FOLLOWER: accept ELECTION from 6682b1a5-9385-4106-b4a0-cef9873e4e75: our priority 0 <= candidate's priority 1
2023-05-08 09:33:33,166 [grpc-default-executor-1] INFO  server.RaftServer$Division (RaftServerImpl.java:setRole(321)) - e50fc3ca-175c-4331-888e-9d5a4b4ffc01@group-1CA41FB13F41: changes role from  FOLLOWER to FOLLOWER at term 1 for candidate:6682b1a5-9385-4106-b4a0-cef9873e4e75
2023-05-08 09:33:33,166 [grpc-default-executor-1] INFO  impl.RoleInfo (RoleInfo.java:shutdownFollowerState(110)) - e50fc3ca-175c-4331-888e-9d5a4b4ffc01: shutdown e50fc3ca-175c-4331-888e-9d5a4b4ffc01@group-1CA41FB13F41-FollowerState
2023-05-08 09:33:33,166 [grpc-default-executor-1] INFO  impl.RoleInfo (RoleInfo.java:updateAndGet(139)) - e50fc3ca-175c-4331-888e-9d5a4b4ffc01: start e50fc3ca-175c-4331-888e-9d5a4b4ffc01@group-1CA41FB13F41-FollowerState
2023-05-08 09:33:33,161 [grpc-default-executor-2] INFO  server.RaftServer$Division (RaftServerImpl.java:requestVote(1251)) - d7c57734-1d74-411b-8fcc-d057f09568f6@group-1CA41FB13F41 replies to ELECTION vote request: 6682b1a5-9385-4106-b4a0-cef9873e4e75<-d7c57734-1d74-411b-8fcc-d057f09568f6#0:OK-t1. Peer's state: d7c57734-1d74-411b-8fcc-d057f09568f6@group-1CA41FB13F41:t1, leader=null, voted=6682b1a5-9385-4106-b4a0-cef9873e4e75, raftlog=Memoized:d7c57734-1d74-411b-8fcc-d057f09568f6@group-1CA41FB13F41-SegmentedRaftLog:OPENED:c-1, conf=-1: peers:[d7c57734-1d74-411b-8fcc-d057f09568f6|rpc:10.1.0.160:36437|dataStream:10.1.0.160:34857|priority:0|startupRole:FOLLOWER, e50fc3ca-175c-4331-888e-9d5a4b4ffc01|rpc:10.1.0.160:37363|dataStream:10.1.0.160:41371|priority:0|startupRole:FOLLOWER, 6682b1a5-9385-4106-b4a0-cef9873e4e75|rpc:10.1.0.160:45305|dataStream:10.1.0.160:41803|priority:1|startupRole:FOLLOWER]|listeners:[], old=null
2023-05-08 09:33:33,167 [grpc-default-executor-3] INFO  server.RaftServer$Division (RaftServerImpl.java:requestVote(1218)) - e50fc3ca-175c-4331-888e-9d5a4b4ffc01@group-1CA41FB13F41: receive requestVote(PRE_VOTE, 6682b1a5-9385-4106-b4a0-cef9873e4e75, group-1CA41FB13F41, 0, (t:0, i:0))
2023-05-08 09:33:33,167 [e50fc3ca-175c-4331-888e-9d5a4b4ffc01@group-1CA41FB13F41-FollowerState] INFO  impl.FollowerState (FollowerState.java:run(152)) - e50fc3ca-175c-4331-888e-9d5a4b4ffc01@group-1CA41FB13F41-FollowerState was interrupted
2023-05-08 09:33:33,161 [d7c57734-1d74-411b-8fcc-d057f09568f6@group-1CA41FB13F41-FollowerState] INFO  server.RaftServerConfigKeys (ConfUtils.java:logFallback(53)) - raft.server.rpc.first-election.timeout.min = 5s (fallback to raft.server.rpc.timeout.min)
2023-05-08 09:33:33,176 [d7c57734-1d74-411b-8fcc-d057f09568f6@group-1CA41FB13F41-FollowerState] INFO  server.RaftServerConfigKeys (ConfUtils.java:logFallback(53)) - raft.server.rpc.first-election.timeout.max = 5200ms (fallback to raft.server.rpc.timeout.max)
2023-05-08 09:33:33,173 [grpc-default-executor-1] INFO  server.RaftServer$Division (RaftServerImpl.java:requestVote(1251)) - e50fc3ca-175c-4331-888e-9d5a4b4ffc01@group-1CA41FB13F41 replies to ELECTION vote request: 6682b1a5-9385-4106-b4a0-cef9873e4e75<-e50fc3ca-175c-4331-888e-9d5a4b4ffc01#0:OK-t1. Peer's state: e50fc3ca-175c-4331-888e-9d5a4b4ffc01@group-1CA41FB13F41:t1, leader=null, voted=6682b1a5-9385-4106-b4a0-cef9873e4e75, raftlog=Memoized:e50fc3ca-175c-4331-888e-9d5a4b4ffc01@group-1CA41FB13F41-SegmentedRaftLog:OPENED:c-1, conf=-1: peers:[d7c57734-1d74-411b-8fcc-d057f09568f6|rpc:10.1.0.160:36437|dataStream:10.1.0.160:34857|priority:0|startupRole:FOLLOWER, e50fc3ca-175c-4331-888e-9d5a4b4ffc01|rpc:10.1.0.160:37363|dataStream:10.1.0.160:41371|priority:0|startupRole:FOLLOWER, 6682b1a5-9385-4106-b4a0-cef9873e4e75|rpc:10.1.0.160:45305|dataStream:10.1.0.160:41803|priority:1|startupRole:FOLLOWER]|listeners:[], old=null
2023-05-08 09:33:33,173 [e50fc3ca-175c-4331-888e-9d5a4b4ffc01@group-1CA41FB13F41-FollowerState] INFO  server.RaftServerConfigKeys (ConfUtils.java:logFallback(53)) - raft.server.rpc.first-election.timeout.min = 5s (fallback to raft.server.rpc.timeout.min)
2023-05-08 09:33:33,177 [grpc-default-executor-3] INFO  impl.VoteContext (VoteContext.java:log(49)) - e50fc3ca-175c-4331-888e-9d5a4b4ffc01@group-1CA41FB13F41-FOLLOWER: accept PRE_VOTE from 6682b1a5-9385-4106-b4a0-cef9873e4e75: our priority 0 <= candidate's priority 1
2023-05-08 09:33:33,188 [grpc-default-executor-3] INFO  server.RaftServer$Division (RaftServerImpl.java:requestVote(1251)) - e50fc3ca-175c-4331-888e-9d5a4b4ffc01@group-1CA41FB13F41 replies to PRE_VOTE vote request: 6682b1a5-9385-4106-b4a0-cef9873e4e75<-e50fc3ca-175c-4331-888e-9d5a4b4ffc01#0:OK-t1. Peer's state: e50fc3ca-175c-4331-888e-9d5a4b4ffc01@group-1CA41FB13F41:t1, leader=null, voted=6682b1a5-9385-4106-b4a0-cef9873e4e75, raftlog=Memoized:e50fc3ca-175c-4331-888e-9d5a4b4ffc01@group-1CA41FB13F41-SegmentedRaftLog:OPENED:c-1, conf=-1: peers:[d7c57734-1d74-411b-8fcc-d057f09568f6|rpc:10.1.0.160:36437|dataStream:10.1.0.160:34857|priority:0|startupRole:FOLLOWER, e50fc3ca-175c-4331-888e-9d5a4b4ffc01|rpc:10.1.0.160:37363|dataStream:10.1.0.160:41371|priority:0|startupRole:FOLLOWER, 6682b1a5-9385-4106-b4a0-cef9873e4e75|rpc:10.1.0.160:45305|dataStream:10.1.0.160:41803|priority:1|startupRole:FOLLOWER]|listeners:[], old=null
2023-05-08 09:33:33,177 [6682b1a5-9385-4106-b4a0-cef9873e4e75@group-1CA41FB13F41-LeaderElection7] INFO  impl.LeaderElection (LeaderElection.java:logAndReturn(90)) - 6682b1a5-9385-4106-b4a0-cef9873e4e75@group-1CA41FB13F41-LeaderElection7: ELECTION PASSED received 1 response(s) and 0 exception(s):
2023-05-08 09:33:33,178 [e50fc3ca-175c-4331-888e-9d5a4b4ffc01@group-1CA41FB13F41-FollowerState] INFO  server.RaftServerConfigKeys (ConfUtils.java:logFallback(53)) - raft.server.rpc.first-election.timeout.max = 5200ms (fallback to raft.server.rpc.timeout.max)
2023-05-08 09:33:33,190 [6682b1a5-9385-4106-b4a0-cef9873e4e75@group-1CA41FB13F41-LeaderElection7] INFO  impl.LeaderElection (LeaderElection.java:logAndReturn(94)) -   Response 0: 6682b1a5-9385-4106-b4a0-cef9873e4e75<-d7c57734-1d74-411b-8fcc-d057f09568f6#0:OK-t1
2023-05-08 09:33:33,206 [6682b1a5-9385-4106-b4a0-cef9873e4e75-server-thread1] INFO  ratis.XceiverServerRatis (XceiverServerRatis.java:handleLeaderChangedNotification(904)) - Leader change notification received for group: group-0B99C00588B9 with new leaderId: e50fc3ca-175c-4331-888e-9d5a4b4ffc01
2023-05-08 09:33:33,206 [6682b1a5-9385-4106-b4a0-cef9873e4e75-server-thread1] INFO  server.RaftServer$Division (ServerState.java:setLeader(313)) - 6682b1a5-9385-4106-b4a0-cef9873e4e75@group-0B99C00588B9: change Leader from null to e50fc3ca-175c-4331-888e-9d5a4b4ffc01 at term 1 for appendEntries, leader elected after 6054ms
2023-05-08 09:33:33,207 [d7c57734-1d74-411b-8fcc-d057f09568f6-server-thread1] INFO  ratis.XceiverServerRatis (XceiverServerRatis.java:handleLeaderChangedNotification(904)) - Leader change notification received for group: group-0B99C00588B9 with new leaderId: e50fc3ca-175c-4331-888e-9d5a4b4ffc01
2023-05-08 09:33:33,207 [d7c57734-1d74-411b-8fcc-d057f09568f6-server-thread1] INFO  server.RaftServer$Division (ServerState.java:setLeader(313)) - d7c57734-1d74-411b-8fcc-d057f09568f6@group-0B99C00588B9: change Leader from null to e50fc3ca-175c-4331-888e-9d5a4b4ffc01 at term 1 for appendEntries, leader elected after 5477ms
2023-05-08 09:33:33,208 [6682b1a5-9385-4106-b4a0-cef9873e4e75@group-1CA41FB13F41-LeaderElection7] INFO  impl.LeaderElection (LeaderElection.java:askForVotes(314)) - 6682b1a5-9385-4106-b4a0-cef9873e4e75@group-1CA41FB13F41-LeaderElection7 ELECTION round 0: result PASSED
2023-05-08 09:33:33,208 [6682b1a5-9385-4106-b4a0-cef9873e4e75@group-1CA41FB13F41-LeaderElection7] INFO  impl.RoleInfo (RoleInfo.java:shutdownLeaderElection(130)) - 6682b1a5-9385-4106-b4a0-cef9873e4e75: shutdown 6682b1a5-9385-4106-b4a0-cef9873e4e75@group-1CA41FB13F41-LeaderElection7
2023-05-08 09:33:33,208 [6682b1a5-9385-4106-b4a0-cef9873e4e75@group-1CA41FB13F41-LeaderElection7] INFO  server.RaftServer$Division (RaftServerImpl.java:setRole(321)) - 6682b1a5-9385-4106-b4a0-cef9873e4e75@group-1CA41FB13F41: changes role from CANDIDATE to LEADER at term 1 for changeToLeader
2023-05-08 09:33:33,208 [6682b1a5-9385-4106-b4a0-cef9873e4e75@group-1CA41FB13F41-LeaderElection7] INFO  ratis.XceiverServerRatis (XceiverServerRatis.java:handleLeaderChangedNotification(904)) - Leader change notification received for group: group-1CA41FB13F41 with new leaderId: 6682b1a5-9385-4106-b4a0-cef9873e4e75
2023-05-08 09:33:33,208 [6682b1a5-9385-4106-b4a0-cef9873e4e75@group-1CA41FB13F41-LeaderElection7] INFO  server.RaftServer$Division (ServerState.java:setLeader(313)) - 6682b1a5-9385-4106-b4a0-cef9873e4e75@group-1CA41FB13F41: change Leader from null to 6682b1a5-9385-4106-b4a0-cef9873e4e75 at term 1 for becomeLeader, leader elected after 5312ms
2023-05-08 09:33:33,209 [6682b1a5-9385-4106-b4a0-cef9873e4e75@group-1CA41FB13F41-LeaderElection7] INFO  server.RaftServerConfigKeys (ConfUtils.java:logGet(46)) - raft.server.staging.catchup.gap = 1000 (default)
2023-05-08 09:33:33,209 [6682b1a5-9385-4106-b4a0-cef9873e4e75@group-1CA41FB13F41-LeaderElection7] INFO  server.RaftServerConfigKeys (ConfUtils.java:logGet(46)) - raft.server.write.element-limit = 1024 (custom)
2023-05-08 09:33:33,209 [6682b1a5-9385-4106-b4a0-cef9873e4e75@group-1CA41FB13F41-LeaderElection7] INFO  server.RaftServerConfigKeys (ConfUtils.java:logGet(46)) - raft.server.write.byte-limit = 1024 M (=1073741824) (custom)
2023-05-08 09:33:33,209 [6682b1a5-9385-4106-b4a0-cef9873e4e75@group-1CA41FB13F41-LeaderElection7] INFO  server.RaftServerConfigKeys (ConfUtils.java:logGet(46)) - raft.server.watch.timeout = 180s (custom)
2023-05-08 09:33:33,209 [6682b1a5-9385-4106-b4a0-cef9873e4e75@group-1CA41FB13F41-LeaderElection7] INFO  server.RaftServerConfigKeys (ConfUtils.java:logGet(46)) - raft.server.watch.timeout.denomination = 1s (default)
2023-05-08 09:33:33,209 [6682b1a5-9385-4106-b4a0-cef9873e4e75@group-1CA41FB13F41-LeaderElection7] INFO  server.RaftServerConfigKeys (ConfUtils.java:logGet(46)) - raft.server.watch.element-limit = 65536 (default)
2023-05-08 09:33:33,209 [6682b1a5-9385-4106-b4a0-cef9873e4e75@group-1CA41FB13F41-LeaderElection7] INFO  server.RaftServerConfigKeys (ConfUtils.java:logGet(46)) - raft.server.write.element-limit = 1024 (custom)
2023-05-08 09:33:33,209 [6682b1a5-9385-4106-b4a0-cef9873e4e75@group-1CA41FB13F41-LeaderElection7] INFO  server.RaftServerConfigKeys (ConfUtils.java:logGet(46)) - raft.server.write.follower.gap.ratio.max = -1.0 (default)
2023-05-08 09:33:33,210 [6682b1a5-9385-4106-b4a0-cef9873e4e75@group-1CA41FB13F41-LeaderElection7] INFO  server.RaftServerConfigKeys (ConfUtils.java:logGet(46)) - raft.server.log.appender.snapshot.chunk.size.max = 16MB (=16777216) (default)
2023-05-08 09:33:33,210 [6682b1a5-9385-4106-b4a0-cef9873e4e75@group-1CA41FB13F41-LeaderElection7] INFO  server.RaftServerConfigKeys (ConfUtils.java:logGet(46)) - raft.server.log.appender.buffer.byte-limit = 33554432 (custom)
2023-05-08 09:33:33,210 [6682b1a5-9385-4106-b4a0-cef9873e4e75@group-1CA41FB13F41-LeaderElection7] INFO  server.RaftServerConfigKeys (ConfUtils.java:logGet(46)) - raft.server.log.appender.buffer.element-limit = 1 (custom)
2023-05-08 09:33:33,210 [6682b1a5-9385-4106-b4a0-cef9873e4e75@group-1CA41FB13F41-LeaderElection7] INFO  grpc.GrpcConfigKeys (ConfUtils.java:logGet(46)) - raft.grpc.server.leader.outstanding.appends.max = 128 (default)
2023-05-08 09:33:33,211 [6682b1a5-9385-4106-b4a0-cef9873e4e75@group-1CA41FB13F41-LeaderElection7] INFO  server.RaftServerConfigKeys (ConfUtils.java:logGet(46)) - raft.server.rpc.request.timeout = 60s (custom)
2023-05-08 09:33:33,211 [6682b1a5-9385-4106-b4a0-cef9873e4e75@group-1CA41FB13F41-LeaderElection7] INFO  server.RaftServerConfigKeys (ConfUtils.java:logGet(46)) - raft.server.log.appender.install.snapshot.enabled = false (custom)
2023-05-08 09:33:33,211 [6682b1a5-9385-4106-b4a0-cef9873e4e75@group-1CA41FB13F41-LeaderElection7] INFO  grpc.GrpcConfigKeys (ConfUtils.java:logGet(46)) - raft.grpc.server.heartbeat.channel = true (default)
2023-05-08 09:33:33,211 [6682b1a5-9385-4106-b4a0-cef9873e4e75@group-1CA41FB13F41-LeaderElection7] INFO  server.RaftServerConfigKeys (ConfUtils.java:logGet(46)) - raft.server.log.appender.wait-time.min = 10ms (default)
2023-05-08 09:33:33,215 [6682b1a5-9385-4106-b4a0-cef9873e4e75@group-1CA41FB13F41-LeaderElection7] INFO  server.RaftServerConfigKeys (ConfUtils.java:logGet(46)) - raft.server.log.appender.snapshot.chunk.size.max = 16MB (=16777216) (default)
2023-05-08 09:33:33,215 [6682b1a5-9385-4106-b4a0-cef9873e4e75@group-1CA41FB13F41-LeaderElection7] INFO  server.RaftServerConfigKeys (ConfUtils.java:logGet(46)) - raft.server.log.appender.buffer.byte-limit = 33554432 (custom)
2023-05-08 09:33:33,216 [6682b1a5-9385-4106-b4a0-cef9873e4e75@group-1CA41FB13F41-LeaderElection7] INFO  server.RaftServerConfigKeys (ConfUtils.java:logGet(46)) - raft.server.log.appender.buffer.element-limit = 1 (custom)
2023-05-08 09:33:33,216 [6682b1a5-9385-4106-b4a0-cef9873e4e75@group-1CA41FB13F41-LeaderElection7] INFO  grpc.GrpcConfigKeys (ConfUtils.java:logGet(46)) - raft.grpc.server.leader.outstanding.appends.max = 128 (default)
2023-05-08 09:33:33,216 [6682b1a5-9385-4106-b4a0-cef9873e4e75@group-1CA41FB13F41-LeaderElection7] INFO  server.RaftServerConfigKeys (ConfUtils.java:logGet(46)) - raft.server.rpc.request.timeout = 60s (custom)
2023-05-08 09:33:33,216 [6682b1a5-9385-4106-b4a0-cef9873e4e75@group-1CA41FB13F41-LeaderElection7] INFO  server.RaftServerConfigKeys (ConfUtils.java:logGet(46)) - raft.server.log.appender.install.snapshot.enabled = false (custom)
2023-05-08 09:33:33,216 [6682b1a5-9385-4106-b4a0-cef9873e4e75@group-1CA41FB13F41-LeaderElection7] INFO  grpc.GrpcConfigKeys (ConfUtils.java:logGet(46)) - raft.grpc.server.heartbeat.channel = true (default)
2023-05-08 09:33:33,216 [6682b1a5-9385-4106-b4a0-cef9873e4e75@group-1CA41FB13F41-LeaderElection7] INFO  server.RaftServerConfigKeys (ConfUtils.java:logGet(46)) - raft.server.log.appender.wait-time.min = 10ms (default)
2023-05-08 09:33:33,216 [6682b1a5-9385-4106-b4a0-cef9873e4e75@group-1CA41FB13F41-LeaderElection7] INFO  impl.RoleInfo (RoleInfo.java:updateAndGet(139)) - 6682b1a5-9385-4106-b4a0-cef9873e4e75: start 6682b1a5-9385-4106-b4a0-cef9873e4e75@group-1CA41FB13F41-LeaderStateImpl
2023-05-08 09:33:33,216 [EventQueue-PipelineReportForPipelineReportHandler] INFO  pipeline.PipelineManagerImpl (PipelineManagerImpl.java:openPipeline(367)) - Pipeline Pipeline[ Id: cf46c7d8-7583-46ff-a254-1ca41fb13f41, Nodes: 6682b1a5-9385-4106-b4a0-cef9873e4e75(fv-az96-539/10.1.0.160)e50fc3ca-175c-4331-888e-9d5a4b4ffc01(fv-az96-539/10.1.0.160)d7c57734-1d74-411b-8fcc-d057f09568f6(fv-az96-539/10.1.0.160), ReplicationConfig: RATIS/THREE, State:ALLOCATED, leaderId:6682b1a5-9385-4106-b4a0-cef9873e4e75, CreationTimestamp2023-05-08T09:33:25.152Z[Etc/UTC]] moved to OPEN state
2023-05-08 09:33:33,216 [6682b1a5-9385-4106-b4a0-cef9873e4e75@group-1CA41FB13F41-LeaderElection7] INFO  segmented.SegmentedRaftLogWorker (SegmentedRaftLogWorker.java:startLogSegment(452)) - 6682b1a5-9385-4106-b4a0-cef9873e4e75@group-1CA41FB13F41-SegmentedRaftLogWorker: Starting segment from index:0
2023-05-08 09:33:33,217 [e50fc3ca-175c-4331-888e-9d5a4b4ffc01@group-ED35A89A728B-FollowerState] INFO  impl.FollowerState (FollowerState.java:run(143)) - e50fc3ca-175c-4331-888e-9d5a4b4ffc01@group-ED35A89A728B-FollowerState: change to CANDIDATE, lastRpcElapsedTime:5055711506ns, electionTimeout:5055ms
2023-05-08 09:33:33,251 [e50fc3ca-175c-4331-888e-9d5a4b4ffc01@group-ED35A89A728B-FollowerState] INFO  impl.RoleInfo (RoleInfo.java:shutdownFollowerState(110)) - e50fc3ca-175c-4331-888e-9d5a4b4ffc01: shutdown e50fc3ca-175c-4331-888e-9d5a4b4ffc01@group-ED35A89A728B-FollowerState
2023-05-08 09:33:33,252 [e50fc3ca-175c-4331-888e-9d5a4b4ffc01@group-ED35A89A728B-FollowerState] INFO  server.RaftServer$Division (RaftServerImpl.java:setRole(321)) - e50fc3ca-175c-4331-888e-9d5a4b4ffc01@group-ED35A89A728B: changes role from  FOLLOWER to CANDIDATE at term 0 for changeToCandidate
2023-05-08 09:33:33,218 [6682b1a5-9385-4106-b4a0-cef9873e4e75@group-1CA41FB13F41-SegmentedRaftLogWorker] INFO  segmented.SegmentedRaftLogWorker (SegmentedRaftLogWorker.java:execute(656)) - 6682b1a5-9385-4106-b4a0-cef9873e4e75@group-1CA41FB13F41-SegmentedRaftLogWorker: created new log segment /home/runner/work/ozone/ozone/hadoop-ozone/integration-test/target/test-dir/MiniOzoneClusterImpl-9831f382-72e6-431b-adf3-2f9efd8fb9d7/datanode-0/data/ratis/cf46c7d8-7583-46ff-a254-1ca41fb13f41/current/log_inprogress_0
2023-05-08 09:33:33,253 [6682b1a5-9385-4106-b4a0-cef9873e4e75@group-1CA41FB13F41-LeaderElection7] INFO  server.RaftServer$Division (ServerState.java:setRaftConf(430)) - 6682b1a5-9385-4106-b4a0-cef9873e4e75@group-1CA41FB13F41: set configuration 0: peers:[d7c57734-1d74-411b-8fcc-d057f09568f6|rpc:10.1.0.160:36437|dataStream:10.1.0.160:34857|priority:0|startupRole:FOLLOWER, e50fc3ca-175c-4331-888e-9d5a4b4ffc01|rpc:10.1.0.160:37363|dataStream:10.1.0.160:41371|priority:0|startupRole:FOLLOWER, 6682b1a5-9385-4106-b4a0-cef9873e4e75|rpc:10.1.0.160:45305|dataStream:10.1.0.160:41803|priority:1|startupRole:FOLLOWER]|listeners:[], old=null
2023-05-08 09:33:33,256 [d7c57734-1d74-411b-8fcc-d057f09568f6-server-thread2] INFO  server.RaftServer$Division (ServerState.java:setRaftConf(430)) - d7c57734-1d74-411b-8fcc-d057f09568f6@group-0B99C00588B9: set configuration 0: peers:[d7c57734-1d74-411b-8fcc-d057f09568f6|rpc:10.1.0.160:36437|dataStream:10.1.0.160:34857|priority:0|startupRole:FOLLOWER, e50fc3ca-175c-4331-888e-9d5a4b4ffc01|rpc:10.1.0.160:37363|dataStream:10.1.0.160:41371|priority:1|startupRole:FOLLOWER, 6682b1a5-9385-4106-b4a0-cef9873e4e75|rpc:10.1.0.160:45305|dataStream:10.1.0.160:41803|priority:0|startupRole:FOLLOWER]|listeners:[], old=null
2023-05-08 09:33:33,256 [d7c57734-1d74-411b-8fcc-d057f09568f6-server-thread2] INFO  segmented.SegmentedRaftLogWorker (SegmentedRaftLogWorker.java:startLogSegment(452)) - d7c57734-1d74-411b-8fcc-d057f09568f6@group-0B99C00588B9-SegmentedRaftLogWorker: Starting segment from index:0
2023-05-08 09:33:33,256 [6682b1a5-9385-4106-b4a0-cef9873e4e75-server-thread2] INFO  server.RaftServer$Division (ServerState.java:setRaftConf(430)) - 6682b1a5-9385-4106-b4a0-cef9873e4e75@group-0B99C00588B9: set configuration 0: peers:[d7c57734-1d74-411b-8fcc-d057f09568f6|rpc:10.1.0.160:36437|dataStream:10.1.0.160:34857|priority:0|startupRole:FOLLOWER, e50fc3ca-175c-4331-888e-9d5a4b4ffc01|rpc:10.1.0.160:37363|dataStream:10.1.0.160:41371|priority:1|startupRole:FOLLOWER, 6682b1a5-9385-4106-b4a0-cef9873e4e75|rpc:10.1.0.160:45305|dataStream:10.1.0.160:41803|priority:0|startupRole:FOLLOWER]|listeners:[], old=null
2023-05-08 09:33:33,270 [6682b1a5-9385-4106-b4a0-cef9873e4e75-server-thread2] INFO  segmented.SegmentedRaftLogWorker (SegmentedRaftLogWorker.java:startLogSegment(452)) - 6682b1a5-9385-4106-b4a0-cef9873e4e75@group-0B99C00588B9-SegmentedRaftLogWorker: Starting segment from index:0
2023-05-08 09:33:33,268 [e50fc3ca-175c-4331-888e-9d5a4b4ffc01@group-ED35A89A728B-FollowerState] INFO  server.RaftServerConfigKeys (ConfUtils.java:logGet(46)) - raft.server.leaderelection.pre-vote = true (default)
2023-05-08 09:33:33,285 [6682b1a5-9385-4106-b4a0-cef9873e4e75@group-0B99C00588B9-SegmentedRaftLogWorker] INFO  segmented.SegmentedRaftLogWorker (SegmentedRaftLogWorker.java:execute(656)) - 6682b1a5-9385-4106-b4a0-cef9873e4e75@group-0B99C00588B9-SegmentedRaftLogWorker: created new log segment /home/runner/work/ozone/ozone/hadoop-ozone/integration-test/target/test-dir/MiniOzoneClusterImpl-9831f382-72e6-431b-adf3-2f9efd8fb9d7/datanode-0/data/ratis/2d1bfc3e-e8ef-4ba8-b2a0-0b99c00588b9/current/log_inprogress_0
2023-05-08 09:33:33,285 [e50fc3ca-175c-4331-888e-9d5a4b4ffc01@group-ED35A89A728B-FollowerState] INFO  impl.RoleInfo (RoleInfo.java:updateAndGet(139)) - e50fc3ca-175c-4331-888e-9d5a4b4ffc01: start e50fc3ca-175c-4331-888e-9d5a4b4ffc01@group-ED35A89A728B-LeaderElection8
2023-05-08 09:33:33,279 [d7c57734-1d74-411b-8fcc-d057f09568f6@group-0B99C00588B9-SegmentedRaftLogWorker] INFO  segmented.SegmentedRaftLogWorker (SegmentedRaftLogWorker.java:execute(656)) - d7c57734-1d74-411b-8fcc-d057f09568f6@group-0B99C00588B9-SegmentedRaftLogWorker: created new log segment /home/runner/work/ozone/ozone/hadoop-ozone/integration-test/target/test-dir/MiniOzoneClusterImpl-9831f382-72e6-431b-adf3-2f9efd8fb9d7/datanode-1/data/ratis/2d1bfc3e-e8ef-4ba8-b2a0-0b99c00588b9/current/log_inprogress_0
2023-05-08 09:33:33,296 [e50fc3ca-175c-4331-888e-9d5a4b4ffc01-server-thread1] INFO  ratis.XceiverServerRatis (XceiverServerRatis.java:handleLeaderChangedNotification(904)) - Leader change notification received for group: group-1CA41FB13F41 with new leaderId: 6682b1a5-9385-4106-b4a0-cef9873e4e75
2023-05-08 09:33:33,296 [e50fc3ca-175c-4331-888e-9d5a4b4ffc01-server-thread1] INFO  server.RaftServer$Division (ServerState.java:setLeader(313)) - e50fc3ca-175c-4331-888e-9d5a4b4ffc01@group-1CA41FB13F41: change Leader from null to 6682b1a5-9385-4106-b4a0-cef9873e4e75 at term 1 for appendEntries, leader elected after 5334ms
2023-05-08 09:33:33,299 [d7c57734-1d74-411b-8fcc-d057f09568f6-server-thread1] INFO  ratis.XceiverServerRatis (XceiverServerRatis.java:handleLeaderChangedNotification(904)) - Leader change notification received for group: group-1CA41FB13F41 with new leaderId: 6682b1a5-9385-4106-b4a0-cef9873e4e75
2023-05-08 09:33:33,299 [d7c57734-1d74-411b-8fcc-d057f09568f6-server-thread1] INFO  server.RaftServer$Division (ServerState.java:setLeader(313)) - d7c57734-1d74-411b-8fcc-d057f09568f6@group-1CA41FB13F41: change Leader from null to 6682b1a5-9385-4106-b4a0-cef9873e4e75 at term 1 for appendEntries, leader elected after 5481ms
2023-05-08 09:33:33,306 [e50fc3ca-175c-4331-888e-9d5a4b4ffc01-server-thread1] INFO  server.RaftServer$Division (ServerState.java:setRaftConf(430)) - e50fc3ca-175c-4331-888e-9d5a4b4ffc01@group-1CA41FB13F41: set configuration 0: peers:[d7c57734-1d74-411b-8fcc-d057f09568f6|rpc:10.1.0.160:36437|dataStream:10.1.0.160:34857|priority:0|startupRole:FOLLOWER, e50fc3ca-175c-4331-888e-9d5a4b4ffc01|rpc:10.1.0.160:37363|dataStream:10.1.0.160:41371|priority:0|startupRole:FOLLOWER, 6682b1a5-9385-4106-b4a0-cef9873e4e75|rpc:10.1.0.160:45305|dataStream:10.1.0.160:41803|priority:1|startupRole:FOLLOWER]|listeners:[], old=null
2023-05-08 09:33:33,306 [e50fc3ca-175c-4331-888e-9d5a4b4ffc01-server-thread1] INFO  segmented.SegmentedRaftLogWorker (SegmentedRaftLogWorker.java:startLogSegment(452)) - e50fc3ca-175c-4331-888e-9d5a4b4ffc01@group-1CA41FB13F41-SegmentedRaftLogWorker: Starting segment from index:0
2023-05-08 09:33:33,309 [e50fc3ca-175c-4331-888e-9d5a4b4ffc01@group-ED35A89A728B-LeaderElection8] INFO  impl.LeaderElection (LeaderElection.java:askForVotes(312)) - e50fc3ca-175c-4331-888e-9d5a4b4ffc01@group-ED35A89A728B-LeaderElection8 PRE_VOTE round 0: submit vote requests at term 0 for -1: peers:[e50fc3ca-175c-4331-888e-9d5a4b4ffc01|rpc:10.1.0.160:37363|dataStream:10.1.0.160:41371|priority:1|startupRole:FOLLOWER]|listeners:[], old=null
2023-05-08 09:33:33,309 [e50fc3ca-175c-4331-888e-9d5a4b4ffc01@group-ED35A89A728B-LeaderElection8] INFO  impl.LeaderElection (LeaderElection.java:askForVotes(314)) - e50fc3ca-175c-4331-888e-9d5a4b4ffc01@group-ED35A89A728B-LeaderElection8 PRE_VOTE round 0: result PASSED (term=0)
2023-05-08 09:33:33,310 [d7c57734-1d74-411b-8fcc-d057f09568f6-server-thread1] INFO  server.RaftServer$Division (ServerState.java:setRaftConf(430)) - d7c57734-1d74-411b-8fcc-d057f09568f6@group-1CA41FB13F41: set configuration 0: peers:[d7c57734-1d74-411b-8fcc-d057f09568f6|rpc:10.1.0.160:36437|dataStream:10.1.0.160:34857|priority:0|startupRole:FOLLOWER, e50fc3ca-175c-4331-888e-9d5a4b4ffc01|rpc:10.1.0.160:37363|dataStream:10.1.0.160:41371|priority:0|startupRole:FOLLOWER, 6682b1a5-9385-4106-b4a0-cef9873e4e75|rpc:10.1.0.160:45305|dataStream:10.1.0.160:41803|priority:1|startupRole:FOLLOWER]|listeners:[], old=null
2023-05-08 09:33:33,310 [d7c57734-1d74-411b-8fcc-d057f09568f6-server-thread1] INFO  segmented.SegmentedRaftLogWorker (SegmentedRaftLogWorker.java:startLogSegment(452)) - d7c57734-1d74-411b-8fcc-d057f09568f6@group-1CA41FB13F41-SegmentedRaftLogWorker: Starting segment from index:0
2023-05-08 09:33:33,311 [e50fc3ca-175c-4331-888e-9d5a4b4ffc01@group-1CA41FB13F41-SegmentedRaftLogWorker] INFO  segmented.SegmentedRaftLogWorker (SegmentedRaftLogWorker.java:execute(656)) - e50fc3ca-175c-4331-888e-9d5a4b4ffc01@group-1CA41FB13F41-SegmentedRaftLogWorker: created new log segment /home/runner/work/ozone/ozone/hadoop-ozone/integration-test/target/test-dir/MiniOzoneClusterImpl-9831f382-72e6-431b-adf3-2f9efd8fb9d7/datanode-2/data/ratis/cf46c7d8-7583-46ff-a254-1ca41fb13f41/current/log_inprogress_0
2023-05-08 09:33:33,316 [e50fc3ca-175c-4331-888e-9d5a4b4ffc01@group-ED35A89A728B-LeaderElection8] INFO  impl.LeaderElection (LeaderElection.java:askForVotes(312)) - e50fc3ca-175c-4331-888e-9d5a4b4ffc01@group-ED35A89A728B-LeaderElection8 ELECTION round 0: submit vote requests at term 1 for -1: peers:[e50fc3ca-175c-4331-888e-9d5a4b4ffc01|rpc:10.1.0.160:37363|dataStream:10.1.0.160:41371|priority:1|startupRole:FOLLOWER]|listeners:[], old=null
2023-05-08 09:33:33,316 [e50fc3ca-175c-4331-888e-9d5a4b4ffc01@group-ED35A89A728B-LeaderElection8] INFO  impl.LeaderElection (LeaderElection.java:askForVotes(314)) - e50fc3ca-175c-4331-888e-9d5a4b4ffc01@group-ED35A89A728B-LeaderElection8 ELECTION round 0: result PASSED (term=1)
2023-05-08 09:33:33,316 [e50fc3ca-175c-4331-888e-9d5a4b4ffc01@group-ED35A89A728B-LeaderElection8] INFO  impl.RoleInfo (RoleInfo.java:shutdownLeaderElection(130)) - e50fc3ca-175c-4331-888e-9d5a4b4ffc01: shutdown e50fc3ca-175c-4331-888e-9d5a4b4ffc01@group-ED35A89A728B-LeaderElection8
2023-05-08 09:33:33,316 [e50fc3ca-175c-4331-888e-9d5a4b4ffc01@group-ED35A89A728B-LeaderElection8] INFO  server.RaftServer$Division (RaftServerImpl.java:setRole(321)) - e50fc3ca-175c-4331-888e-9d5a4b4ffc01@group-ED35A89A728B: changes role from CANDIDATE to LEADER at term 1 for changeToLeader
2023-05-08 09:33:33,316 [e50fc3ca-175c-4331-888e-9d5a4b4ffc01@group-ED35A89A728B-LeaderElection8] INFO  ratis.XceiverServerRatis (XceiverServerRatis.java:handleLeaderChangedNotification(904)) - Leader change notification received for group: group-ED35A89A728B with new leaderId: e50fc3ca-175c-4331-888e-9d5a4b4ffc01
2023-05-08 09:33:33,316 [e50fc3ca-175c-4331-888e-9d5a4b4ffc01@group-ED35A89A728B-LeaderElection8] INFO  server.RaftServer$Division (ServerState.java:setLeader(313)) - e50fc3ca-175c-4331-888e-9d5a4b4ffc01@group-ED35A89A728B: change Leader from null to e50fc3ca-175c-4331-888e-9d5a4b4ffc01 at term 1 for becomeLeader, leader elected after 5172ms
2023-05-08 09:33:33,316 [e50fc3ca-175c-4331-888e-9d5a4b4ffc01@group-ED35A89A728B-LeaderElection8] INFO  server.RaftServerConfigKeys (ConfUtils.java:logGet(46)) - raft.server.staging.catchup.gap = 1000 (default)
2023-05-08 09:33:33,319 [d7c57734-1d74-411b-8fcc-d057f09568f6@group-1CA41FB13F41-SegmentedRaftLogWorker] INFO  segmented.SegmentedRaftLogWorker (SegmentedRaftLogWorker.java:execute(656)) - d7c57734-1d74-411b-8fcc-d057f09568f6@group-1CA41FB13F41-SegmentedRaftLogWorker: created new log segment /home/runner/work/ozone/ozone/hadoop-ozone/integration-test/target/test-dir/MiniOzoneClusterImpl-9831f382-72e6-431b-adf3-2f9efd8fb9d7/datanode-1/data/ratis/cf46c7d8-7583-46ff-a254-1ca41fb13f41/current/log_inprogress_0
2023-05-08 09:33:33,320 [e50fc3ca-175c-4331-888e-9d5a4b4ffc01@group-ED35A89A728B-LeaderElection8] INFO  server.RaftServerConfigKeys (ConfUtils.java:logGet(46)) - raft.server.write.element-limit = 1024 (custom)
2023-05-08 09:33:33,323 [e50fc3ca-175c-4331-888e-9d5a4b4ffc01@group-ED35A89A728B-LeaderElection8] INFO  server.RaftServerConfigKeys (ConfUtils.java:logGet(46)) - raft.server.write.byte-limit = 1024 M (=1073741824) (custom)
2023-05-08 09:33:33,323 [e50fc3ca-175c-4331-888e-9d5a4b4ffc01@group-ED35A89A728B-LeaderElection8] INFO  server.RaftServerConfigKeys (ConfUtils.java:logGet(46)) - raft.server.watch.timeout = 180s (custom)
2023-05-08 09:33:33,323 [e50fc3ca-175c-4331-888e-9d5a4b4ffc01@group-ED35A89A728B-LeaderElection8] INFO  server.RaftServerConfigKeys (ConfUtils.java:logGet(46)) - raft.server.watch.timeout.denomination = 1s (default)
2023-05-08 09:33:33,323 [e50fc3ca-175c-4331-888e-9d5a4b4ffc01@group-ED35A89A728B-LeaderElection8] INFO  server.RaftServerConfigKeys (ConfUtils.java:logGet(46)) - raft.server.watch.element-limit = 65536 (default)
2023-05-08 09:33:33,324 [e50fc3ca-175c-4331-888e-9d5a4b4ffc01@group-ED35A89A728B-LeaderElection8] INFO  server.RaftServerConfigKeys (ConfUtils.java:logGet(46)) - raft.server.write.element-limit = 1024 (custom)
2023-05-08 09:33:33,324 [e50fc3ca-175c-4331-888e-9d5a4b4ffc01@group-ED35A89A728B-LeaderElection8] INFO  server.RaftServerConfigKeys (ConfUtils.java:logGet(46)) - raft.server.write.follower.gap.ratio.max = -1.0 (default)
2023-05-08 09:33:33,324 [e50fc3ca-175c-4331-888e-9d5a4b4ffc01@group-ED35A89A728B-LeaderElection8] INFO  impl.RoleInfo (RoleInfo.java:updateAndGet(139)) - e50fc3ca-175c-4331-888e-9d5a4b4ffc01: start e50fc3ca-175c-4331-888e-9d5a4b4ffc01@group-ED35A89A728B-LeaderStateImpl
2023-05-08 09:33:33,324 [e50fc3ca-175c-4331-888e-9d5a4b4ffc01@group-ED35A89A728B-LeaderElection8] INFO  segmented.SegmentedRaftLogWorker (SegmentedRaftLogWorker.java:startLogSegment(452)) - e50fc3ca-175c-4331-888e-9d5a4b4ffc01@group-ED35A89A728B-SegmentedRaftLogWorker: Starting segment from index:0
2023-05-08 09:33:33,331 [e50fc3ca-175c-4331-888e-9d5a4b4ffc01@group-ED35A89A728B-SegmentedRaftLogWorker] INFO  segmented.SegmentedRaftLogWorker (SegmentedRaftLogWorker.java:execute(656)) - e50fc3ca-175c-4331-888e-9d5a4b4ffc01@group-ED35A89A728B-SegmentedRaftLogWorker: created new log segment /home/runner/work/ozone/ozone/hadoop-ozone/integration-test/target/test-dir/MiniOzoneClusterImpl-9831f382-72e6-431b-adf3-2f9efd8fb9d7/datanode-2/data/ratis/e98d93f5-ae52-4fa7-ada1-ed35a89a728b/current/log_inprogress_0
2023-05-08 09:33:33,335 [e50fc3ca-175c-4331-888e-9d5a4b4ffc01@group-ED35A89A728B-LeaderElection8] INFO  server.RaftServer$Division (ServerState.java:setRaftConf(430)) - e50fc3ca-175c-4331-888e-9d5a4b4ffc01@group-ED35A89A728B: set configuration 0: peers:[e50fc3ca-175c-4331-888e-9d5a4b4ffc01|rpc:10.1.0.160:37363|dataStream:10.1.0.160:41371|priority:1|startupRole:FOLLOWER]|listeners:[], old=null
2023-05-08 09:33:33,795 [JvmPauseMonitor0] WARN  util.JvmPauseMonitor (JvmPauseMonitor.java:detectPause(126)) - JvmPauseMonitor-om1: Detected pause in JVM or host machine (eg GC): pause of approximately 154246743ns.
GC pool 'PS MarkSweep' had collection(s): count=1 time=195ms
GC pool 'PS Scavenge' had collection(s): count=1 time=94ms
2023-05-08 09:33:33,798 [JvmPauseMonitor1] WARN  util.JvmPauseMonitor (JvmPauseMonitor.java:detectPause(126)) - JvmPauseMonitor-6682b1a5-9385-4106-b4a0-cef9873e4e75: Detected pause in JVM or host machine (eg GC): pause of approximately 117584326ns.
GC pool 'PS MarkSweep' had collection(s): count=1 time=195ms
GC pool 'PS Scavenge' had collection(s): count=1 time=94ms
2023-05-08 09:33:33,798 [JvmPauseMonitor3] WARN  util.JvmPauseMonitor (JvmPauseMonitor.java:detectPause(126)) - JvmPauseMonitor-e50fc3ca-175c-4331-888e-9d5a4b4ffc01: Detected pause in JVM or host machine (eg GC): pause of approximately 102343053ns.
GC pool 'PS MarkSweep' had collection(s): count=1 time=195ms
GC pool 'PS Scavenge' had collection(s): count=1 time=94ms
2023-05-08 09:33:34,078 [Listener at 127.0.0.1/45613] INFO  rpc.RpcClient (RpcClient.java:createVolume(476)) - Creating Volume: volume01601, with user67712 as owner and space quota set to -1 bytes, counts quota set to -1
2023-05-08 09:33:34,134 [OM StateMachine ApplyTransaction Thread - 0] INFO  volume.OMVolumeCreateRequest (OMVolumeCreateRequest.java:validateAndUpdateCache(196)) - created volume:volume01601 for user:user67712
2023-05-08 09:33:34,154 [Listener at 127.0.0.1/45613] INFO  rpc.RpcClient (RpcClient.java:createBucket(697)) - Creating Bucket: volume01601/bucket98759, with bucket layout LEGACY, runner as owner, Versioning false, Storage Type set to DISK and Encryption set to false, Replication Type set to server-side default replication type, Namespace Quota set to -1, Space Quota set to -1 
2023-05-08 09:33:34,168 [OM StateMachine ApplyTransaction Thread - 0] INFO  bucket.OMBucketCreateRequest (OMBucketCreateRequest.java:validateAndUpdateCache(270)) - created bucket: bucket98759 of layout LEGACY in volume: volume01601
2023-05-08 09:33:34,223 [IPC Server handler 5 on default port 45271] INFO  ha.SequenceIdGenerator (SequenceIdGenerator.java:getNextId(128)) - Allocate a batch for containerId, change lastId from 0 to 1000.
2023-05-08 09:33:34,233 [IPC Server handler 5 on default port 45271] WARN  ha.SequenceIdGenerator (SequenceIdGenerator.java:allocateBatch(237)) - Failed to allocate a batch for localId, expected lastId is 0, actual lastId is 111677748019200000.
2023-05-08 09:33:34,233 [IPC Server handler 5 on default port 45271] INFO  ha.SequenceIdGenerator (SequenceIdGenerator.java:getNextId(128)) - Allocate a batch for localId, change lastId from 111677748019200000 to 111677748019201000.
2023-05-08 09:33:34,316 [Listener at 127.0.0.1/45613] INFO  impl.MetricsSystemImpl (MetricsSystemImpl.java:init(158)) - XceiverClientMetrics metrics system started (again)
2023-05-08 09:33:34,316 [Listener at 127.0.0.1/45613] INFO  lib.Interns (Interns.java:removeEldestEntry(50)) - Metrics intern cache overflow at 2011 for MetricsSystem={MetricsSystem=MetricsInfoImpl{name=MetricsSystem, description=MetricsSystem}, MetricsSystem record=MetricsInfoImpl{name=MetricsSystem, description=MetricsSystem record}}
2023-05-08 09:33:35,993 [Listener at 127.0.0.1/45613] INFO  ha.SequenceIdGenerator (SequenceIdGenerator.java:getNextId(128)) - Allocate a batch for delTxnId, change lastId from 0 to 1000.
2023-05-08 09:33:37,074 [SCMBlockDeletingService#0] INFO  block.SCMBlockDeletingService (SCMBlockDeletingService.java:call(198)) - Totally added 5 blocks to be deleted for 2 datanodes, task elapsed time: 4ms
2023-05-08 09:33:37,796 [org.apache.hadoop.ozone.container.common.statemachine.commandhandler.DeleteBlocksCommandHandler$DeleteCmdWorker@70b7c399] INFO  commandhandler.DeleteBlocksCommandHandler (DeleteBlocksCommandHandler.java:processCmd(275)) - Start to delete container blocks, TXIDs=[2(0),3(0),4(0)], numOfContainers=3, numOfBlocks=4
2023-05-08 09:33:38,071 [SCMBlockDeletingService#0] INFO  block.SCMBlockDeletingService (SCMBlockDeletingService.java:call(198)) - Totally added 1 blocks to be deleted for 1 datanodes, task elapsed time: 1ms
2023-05-08 09:33:38,914 [org.apache.hadoop.ozone.container.common.statemachine.commandhandler.DeleteBlocksCommandHandler$DeleteCmdWorker@6a12685a] INFO  commandhandler.DeleteBlocksCommandHandler (DeleteBlocksCommandHandler.java:processCmd(275)) - Start to delete container blocks, TXIDs=[1(0)], numOfContainers=1, numOfBlocks=1
2023-05-08 09:33:38,916 [org.apache.hadoop.ozone.container.common.statemachine.commandhandler.DeleteBlocksCommandHandler$DeleteCmdWorker@6a12685a] INFO  commandhandler.DeleteBlocksCommandHandler (DeleteBlocksCommandHandler.java:processCmd(275)) - Start to delete container blocks, TXIDs=[1(1)], numOfContainers=1, numOfBlocks=1
2023-05-08 09:33:38,916 [DeleteBlocksCommandHandlerThread-1] INFO  commandhandler.DeleteBlocksCommandHandler (DeleteBlocksCommandHandler.java:logDeleteTransaction(493)) - Delete blocks for containerId: 1 is either received out of order or retried, 1 <= 1
2023-05-08 09:33:40,002 [Listener at 127.0.0.1/45613] INFO  ozone.MiniOzoneClusterImpl (MiniOzoneClusterImpl.java:shutdown(457)) - Shutting down the Mini Ozone Cluster
2023-05-08 09:33:40,003 [Listener at 127.0.0.1/45613] INFO  ozone.MiniOzoneClusterImpl (MiniOzoneClusterImpl.java:stop(476)) - Stopping the Mini Ozone Cluster
2023-05-08 09:33:40,003 [Listener at 127.0.0.1/45613] INFO  ozone.MiniOzoneClusterImpl (MiniOzoneClusterImpl.java:stopOM(562)) - Stopping the OzoneManager
2023-05-08 09:33:40,003 [Listener at 127.0.0.1/45613] INFO  om.OzoneManager (OzoneManager.java:stop(2173)) - om1[localhost:0]: Stopping Ozone Manager
2023-05-08 09:33:40,003 [Listener at 127.0.0.1/45613] INFO  ipc.Server (Server.java:stop(3501)) - Stopping server on 45613
2023-05-08 09:33:40,010 [IPC Server Responder] INFO  ipc.Server (Server.java:run(1563)) - Stopping IPC Server Responder
2023-05-08 09:33:40,010 [IPC Server listener on 0] INFO  ipc.Server (Server.java:run(1430)) - Stopping IPC Server listener on 0
2023-05-08 09:33:40,015 [Listener at 127.0.0.1/45613] INFO  server.RaftServer (RaftServerProxy.java:lambda$close$6(409)) - om1: close
2023-05-08 09:33:40,015 [om1-impl-thread1] INFO  server.RaftServer$Division (RaftServerImpl.java:lambda$close$4(458)) - om1@group-C5BA1605619E: shutdown
2023-05-08 09:33:40,015 [om1-impl-thread1] INFO  util.JmxRegister (JmxRegister.java:unregister(73)) - Successfully un-registered JMX Bean with object name Ratis:service=RaftServer,group=group-C5BA1605619E,id=om1
2023-05-08 09:33:40,015 [om1-impl-thread1] INFO  impl.RoleInfo (RoleInfo.java:shutdownLeaderState(93)) - om1: shutdown om1@group-C5BA1605619E-LeaderStateImpl
2023-05-08 09:33:40,016 [om1-impl-thread1] INFO  impl.PendingRequests (PendingRequests.java:sendNotLeaderResponses(282)) - om1@group-C5BA1605619E-PendingRequests: sendNotLeaderResponses
2023-05-08 09:33:40,016 [Listener at 127.0.0.1/45613] INFO  server.GrpcService (GrpcService.java:closeImpl(271)) - om1: shutdown server GrpcServerProtocolService now
2023-05-08 09:33:40,020 [om1-impl-thread1] INFO  impl.StateMachineUpdater (StateMachineUpdater.java:stopAndJoin(153)) - om1@group-C5BA1605619E-StateMachineUpdater: set stopIndex = 24
2023-05-08 09:33:40,021 [om1@group-C5BA1605619E-StateMachineUpdater] INFO  ratis.OzoneManagerStateMachine (OzoneManagerStateMachine.java:takeSnapshot(479)) - Current Snapshot Index (t:1, i:24)
2023-05-08 09:33:40,027 [Listener at 127.0.0.1/45613] INFO  server.GrpcService (GrpcService.java:closeImpl(280)) - om1: shutdown server GrpcServerProtocolService successfully
2023-05-08 09:33:40,045 [om1@group-C5BA1605619E-StateMachineUpdater] INFO  impl.StateMachineUpdater (StateMachineUpdater.java:takeSnapshot(287)) - om1@group-C5BA1605619E-StateMachineUpdater: Took a snapshot at index 24
2023-05-08 09:33:40,046 [om1@group-C5BA1605619E-StateMachineUpdater] INFO  impl.StateMachineUpdater (StateMachineUpdater.java:lambda$new$0(92)) - om1@group-C5BA1605619E-StateMachineUpdater: snapshotIndex: updateIncreasingly -1 -> 24
2023-05-08 09:33:40,046 [om1@group-C5BA1605619E-StateMachineUpdater] INFO  ratis.OzoneManagerStateMachine (OzoneManagerStateMachine.java:close(533)) - StateMachine has shutdown. Shutdown OzoneManager if not already shutdown.
2023-05-08 09:33:40,046 [om1@group-C5BA1605619E-StateMachineUpdater] INFO  ratis.OzoneManagerDoubleBuffer (OzoneManagerDoubleBuffer.java:stopDaemon(559)) - Stopping OMDoubleBuffer flush thread
2023-05-08 09:33:40,046 [OMDoubleBufferFlushThread] INFO  ratis.OzoneManagerDoubleBuffer (OzoneManagerDoubleBuffer.java:canFlush(648)) - OMDoubleBuffer flush thread OMDoubleBufferFlushThread is interrupted and will exit.
2023-05-08 09:33:40,047 [om1-impl-thread1] INFO  server.RaftServer$Division (ServerState.java:close(466)) - om1@group-C5BA1605619E: closes. applyIndex: 24
2023-05-08 09:33:40,048 [om1@group-C5BA1605619E-SegmentedRaftLogWorker] INFO  segmented.SegmentedRaftLogWorker (SegmentedRaftLogWorker.java:run(347)) - om1@group-C5BA1605619E-SegmentedRaftLogWorker was interrupted, exiting. There are 0 tasks remaining in the queue.
2023-05-08 09:33:40,049 [om1-impl-thread1] INFO  segmented.SegmentedRaftLogWorker (SegmentedRaftLogWorker.java:close(257)) - om1@group-C5BA1605619E-SegmentedRaftLogWorker close()
2023-05-08 09:33:40,050 [JvmPauseMonitor0] INFO  util.JvmPauseMonitor (JvmPauseMonitor.java:run(111)) - JvmPauseMonitor-om1: Stopped
2023-05-08 09:33:40,050 [Listener at 127.0.0.1/45613] INFO  ratis.OzoneManagerStateMachine (OzoneManagerStateMachine.java:close(533)) - StateMachine has shutdown. Shutdown OzoneManager if not already shutdown.
2023-05-08 09:33:40,050 [Listener at 127.0.0.1/45613] INFO  ratis.OzoneManagerDoubleBuffer (OzoneManagerDoubleBuffer.java:stopDaemon(568)) - OMDoubleBuffer flush thread is not running.
2023-05-08 09:33:40,051 [Listener at 127.0.0.1/45613] INFO  utils.BackgroundService (BackgroundService.java:shutdown(141)) - Shutting down service KeyDeletingService
2023-05-08 09:33:40,051 [Listener at 127.0.0.1/45613] INFO  utils.BackgroundService (BackgroundService.java:shutdown(141)) - Shutting down service KeyDeletingService
2023-05-08 09:33:40,051 [Listener at 127.0.0.1/45613] INFO  utils.BackgroundService (BackgroundService.java:shutdown(141)) - Shutting down service OpenKeyCleanupService
2023-05-08 09:33:40,051 [Listener at 127.0.0.1/45613] INFO  utils.BackgroundService (BackgroundService.java:shutdown(141)) - Shutting down service SstFilteringService
2023-05-08 09:33:40,051 [Listener at 127.0.0.1/45613] INFO  utils.BackgroundService (BackgroundService.java:shutdown(141)) - Shutting down service SnapshotDeletingService
2023-05-08 09:33:40,053 [Listener at 127.0.0.1/45613] INFO  handler.ContextHandler (ContextHandler.java:doStop(1159)) - Stopped o.e.j.w.WebAppContext@29dc59d6{ozoneManager,/,null,STOPPED}{file:/home/runner/work/ozone/ozone/hadoop-ozone/integration-test/target/test-classes/webapps/ozoneManager}
2023-05-08 09:33:40,056 [Listener at 127.0.0.1/45613] INFO  server.AbstractConnector (AbstractConnector.java:doStop(383)) - Stopped ServerConnector@56c8bb0a{HTTP/1.1, (http/1.1)}{0.0.0.0:0}
2023-05-08 09:33:40,057 [Listener at 127.0.0.1/45613] INFO  server.session (HouseKeeper.java:stopScavenging(149)) - node0 Stopped scavenging
2023-05-08 09:33:40,057 [Listener at 127.0.0.1/45613] INFO  handler.ContextHandler (ContextHandler.java:doStop(1159)) - Stopped o.e.j.s.ServletContextHandler@5d05bb59{static,/static,file:///home/runner/work/ozone/ozone/hadoop-ozone/integration-test/target/test-classes/webapps/static,STOPPED}
2023-05-08 09:33:40,057 [Listener at 127.0.0.1/45613] INFO  handler.ContextHandler (ContextHandler.java:doStop(1159)) - Stopped o.e.j.s.ServletContextHandler@56062653{logs,/logs,file:///home/runner/work/ozone/ozone/hadoop-ozone/integration-test/target/log,STOPPED}
2023-05-08 09:33:40,064 [Listener at 127.0.0.1/45613] INFO  utils.BackgroundService (BackgroundService.java:shutdown(141)) - Shutting down service SnapshotDiffCleanupService
2023-05-08 09:33:40,067 [Listener at 127.0.0.1/45613] INFO  ozone.MiniOzoneClusterImpl (MiniOzoneClusterImpl.java:stopDatanodes(539)) - Stopping the HddsDatanodes
2023-05-08 09:33:40,069 [Listener at 127.0.0.1/45613] INFO  ozoneimpl.OzoneContainer (OzoneContainer.java:stop(419)) - Attempting to stop container services.
2023-05-08 09:33:40,072 [SCMBlockDeletingService#0] INFO  block.SCMBlockDeletingService (SCMBlockDeletingService.java:call(198)) - Totally added 8 blocks to be deleted for 2 datanodes, task elapsed time: 0ms
2023-05-08 09:33:40,072 [Listener at 127.0.0.1/45613] INFO  server.RaftServer (RaftServerProxy.java:lambda$close$6(409)) - d7c57734-1d74-411b-8fcc-d057f09568f6: close
2023-05-08 09:33:40,072 [d7c57734-1d74-411b-8fcc-d057f09568f6-impl-thread1] INFO  server.RaftServer$Division (RaftServerImpl.java:lambda$close$4(458)) - d7c57734-1d74-411b-8fcc-d057f09568f6@group-1CA41FB13F41: shutdown
2023-05-08 09:33:40,072 [d7c57734-1d74-411b-8fcc-d057f09568f6-impl-thread1] INFO  util.JmxRegister (JmxRegister.java:unregister(73)) - Successfully un-registered JMX Bean with object name Ratis:service=RaftServer,group=group-1CA41FB13F41,id=d7c57734-1d74-411b-8fcc-d057f09568f6
2023-05-08 09:33:40,072 [d7c57734-1d74-411b-8fcc-d057f09568f6-impl-thread1] INFO  impl.RoleInfo (RoleInfo.java:shutdownFollowerState(110)) - d7c57734-1d74-411b-8fcc-d057f09568f6: shutdown d7c57734-1d74-411b-8fcc-d057f09568f6@group-1CA41FB13F41-FollowerState
2023-05-08 09:33:40,073 [d7c57734-1d74-411b-8fcc-d057f09568f6-impl-thread2] INFO  server.RaftServer$Division (RaftServerImpl.java:lambda$close$4(458)) - d7c57734-1d74-411b-8fcc-d057f09568f6@group-0B99C00588B9: shutdown
2023-05-08 09:33:40,073 [d7c57734-1d74-411b-8fcc-d057f09568f6-impl-thread2] INFO  util.JmxRegister (JmxRegister.java:unregister(73)) - Successfully un-registered JMX Bean with object name Ratis:service=RaftServer,group=group-0B99C00588B9,id=d7c57734-1d74-411b-8fcc-d057f09568f6
2023-05-08 09:33:40,073 [d7c57734-1d74-411b-8fcc-d057f09568f6-impl-thread2] INFO  impl.RoleInfo (RoleInfo.java:shutdownFollowerState(110)) - d7c57734-1d74-411b-8fcc-d057f09568f6: shutdown d7c57734-1d74-411b-8fcc-d057f09568f6@group-0B99C00588B9-FollowerState
2023-05-08 09:33:40,076 [Listener at 127.0.0.1/45613] INFO  server.GrpcService (GrpcService.java:closeImpl(271)) - d7c57734-1d74-411b-8fcc-d057f09568f6: shutdown server GrpcServerProtocolService now
2023-05-08 09:33:40,076 [d7c57734-1d74-411b-8fcc-d057f09568f6@group-1CA41FB13F41-FollowerState] INFO  impl.FollowerState (FollowerState.java:run(152)) - d7c57734-1d74-411b-8fcc-d057f09568f6@group-1CA41FB13F41-FollowerState was interrupted
2023-05-08 09:33:40,076 [ForkJoinPool.commonPool-worker-1] INFO  ozoneimpl.OzoneContainer (OzoneContainer.java:stop(419)) - Attempting to stop container services.
2023-05-08 09:33:40,076 [d7c57734-1d74-411b-8fcc-d057f09568f6-impl-thread1] INFO  impl.StateMachineUpdater (StateMachineUpdater.java:stopAndJoin(153)) - d7c57734-1d74-411b-8fcc-d057f09568f6@group-1CA41FB13F41-StateMachineUpdater: set stopIndex = 0
2023-05-08 09:33:40,077 [d7c57734-1d74-411b-8fcc-d057f09568f6@group-0B99C00588B9-StateMachineUpdater] INFO  ratis.ContainerStateMachine (ContainerStateMachine.java:takeSnapshot(330)) - group-0B99C00588B9: Taking a snapshot at:(t:1, i:0) file /home/runner/work/ozone/ozone/hadoop-ozone/integration-test/target/test-dir/MiniOzoneClusterImpl-9831f382-72e6-431b-adf3-2f9efd8fb9d7/datanode-1/data/ratis/2d1bfc3e-e8ef-4ba8-b2a0-0b99c00588b9/sm/snapshot.1_0
2023-05-08 09:33:40,077 [d7c57734-1d74-411b-8fcc-d057f09568f6-impl-thread2] INFO  impl.StateMachineUpdater (StateMachineUpdater.java:stopAndJoin(153)) - d7c57734-1d74-411b-8fcc-d057f09568f6@group-0B99C00588B9-StateMachineUpdater: set stopIndex = 0
2023-05-08 09:33:40,077 [d7c57734-1d74-411b-8fcc-d057f09568f6@group-0B99C00588B9-FollowerState] INFO  impl.FollowerState (FollowerState.java:run(152)) - d7c57734-1d74-411b-8fcc-d057f09568f6@group-0B99C00588B9-FollowerState was interrupted
2023-05-08 09:33:40,083 [Listener at 127.0.0.1/45613] INFO  server.GrpcServerProtocolClient (GrpcServerProtocolClient.java:close(101)) - e50fc3ca-175c-4331-888e-9d5a4b4ffc01 Close channels
2023-05-08 09:33:40,083 [d7c57734-1d74-411b-8fcc-d057f09568f6@group-1CA41FB13F41-StateMachineUpdater] INFO  ratis.ContainerStateMachine (ContainerStateMachine.java:takeSnapshot(330)) - group-1CA41FB13F41: Taking a snapshot at:(t:1, i:0) file /home/runner/work/ozone/ozone/hadoop-ozone/integration-test/target/test-dir/MiniOzoneClusterImpl-9831f382-72e6-431b-adf3-2f9efd8fb9d7/datanode-1/data/ratis/cf46c7d8-7583-46ff-a254-1ca41fb13f41/sm/snapshot.1_0
2023-05-08 09:33:40,084 [ForkJoinPool.commonPool-worker-1] INFO  server.RaftServer (RaftServerProxy.java:lambda$close$6(409)) - 6682b1a5-9385-4106-b4a0-cef9873e4e75: close
2023-05-08 09:33:40,084 [6682b1a5-9385-4106-b4a0-cef9873e4e75-impl-thread1] INFO  server.RaftServer$Division (RaftServerImpl.java:lambda$close$4(458)) - 6682b1a5-9385-4106-b4a0-cef9873e4e75@group-1CA41FB13F41: shutdown
2023-05-08 09:33:40,084 [6682b1a5-9385-4106-b4a0-cef9873e4e75-impl-thread1] INFO  util.JmxRegister (JmxRegister.java:unregister(73)) - Successfully un-registered JMX Bean with object name Ratis:service=RaftServer,group=group-1CA41FB13F41,id=6682b1a5-9385-4106-b4a0-cef9873e4e75
2023-05-08 09:33:40,084 [6682b1a5-9385-4106-b4a0-cef9873e4e75-impl-thread1] INFO  impl.RoleInfo (RoleInfo.java:shutdownLeaderState(93)) - 6682b1a5-9385-4106-b4a0-cef9873e4e75: shutdown 6682b1a5-9385-4106-b4a0-cef9873e4e75@group-1CA41FB13F41-LeaderStateImpl
2023-05-08 09:33:40,087 [6682b1a5-9385-4106-b4a0-cef9873e4e75-impl-thread2] INFO  server.RaftServer$Division (RaftServerImpl.java:lambda$close$4(458)) - 6682b1a5-9385-4106-b4a0-cef9873e4e75@group-DC8708C6939A: shutdown
2023-05-08 09:33:40,087 [6682b1a5-9385-4106-b4a0-cef9873e4e75-impl-thread2] INFO  util.JmxRegister (JmxRegister.java:unregister(73)) - Successfully un-registered JMX Bean with object name Ratis:service=RaftServer,group=group-DC8708C6939A,id=6682b1a5-9385-4106-b4a0-cef9873e4e75
2023-05-08 09:33:40,087 [6682b1a5-9385-4106-b4a0-cef9873e4e75-impl-thread2] INFO  impl.RoleInfo (RoleInfo.java:shutdownLeaderState(93)) - 6682b1a5-9385-4106-b4a0-cef9873e4e75: shutdown 6682b1a5-9385-4106-b4a0-cef9873e4e75@group-DC8708C6939A-LeaderStateImpl
2023-05-08 09:33:40,088 [ForkJoinPool.commonPool-worker-1] INFO  server.GrpcService (GrpcService.java:closeImpl(271)) - 6682b1a5-9385-4106-b4a0-cef9873e4e75: shutdown server GrpcServerProtocolService now
2023-05-08 09:33:40,090 [grpc-default-executor-2] WARN  server.GrpcServerProtocolService (LogUtils.java:warn(122)) - d7c57734-1d74-411b-8fcc-d057f09568f6: installSnapshot onError, lastRequest: null: org.apache.ratis.thirdparty.io.grpc.StatusRuntimeException: CANCELLED: client cancelled
2023-05-08 09:33:40,090 [6682b1a5-9385-4106-b4a0-cef9873e4e75-impl-thread3] INFO  server.RaftServer$Division (RaftServerImpl.java:lambda$close$4(458)) - 6682b1a5-9385-4106-b4a0-cef9873e4e75@group-0B99C00588B9: shutdown
2023-05-08 09:33:40,090 [6682b1a5-9385-4106-b4a0-cef9873e4e75-impl-thread3] INFO  util.JmxRegister (JmxRegister.java:unregister(73)) - Successfully un-registered JMX Bean with object name Ratis:service=RaftServer,group=group-0B99C00588B9,id=6682b1a5-9385-4106-b4a0-cef9873e4e75
2023-05-08 09:33:40,090 [6682b1a5-9385-4106-b4a0-cef9873e4e75-impl-thread3] INFO  impl.RoleInfo (RoleInfo.java:shutdownFollowerState(110)) - 6682b1a5-9385-4106-b4a0-cef9873e4e75: shutdown 6682b1a5-9385-4106-b4a0-cef9873e4e75@group-0B99C00588B9-FollowerState
2023-05-08 09:33:40,090 [6682b1a5-9385-4106-b4a0-cef9873e4e75-impl-thread3] INFO  impl.StateMachineUpdater (StateMachineUpdater.java:stopAndJoin(153)) - 6682b1a5-9385-4106-b4a0-cef9873e4e75@group-0B99C00588B9-StateMachineUpdater: set stopIndex = 0
2023-05-08 09:33:40,091 [6682b1a5-9385-4106-b4a0-cef9873e4e75@group-0B99C00588B9-StateMachineUpdater] INFO  ratis.ContainerStateMachine (ContainerStateMachine.java:takeSnapshot(330)) - group-0B99C00588B9: Taking a snapshot at:(t:1, i:0) file /home/runner/work/ozone/ozone/hadoop-ozone/integration-test/target/test-dir/MiniOzoneClusterImpl-9831f382-72e6-431b-adf3-2f9efd8fb9d7/datanode-0/data/ratis/2d1bfc3e-e8ef-4ba8-b2a0-0b99c00588b9/sm/snapshot.1_0
2023-05-08 09:33:40,091 [6682b1a5-9385-4106-b4a0-cef9873e4e75@group-0B99C00588B9-FollowerState] INFO  impl.FollowerState (FollowerState.java:run(152)) - 6682b1a5-9385-4106-b4a0-cef9873e4e75@group-0B99C00588B9-FollowerState was interrupted
2023-05-08 09:33:40,087 [6682b1a5-9385-4106-b4a0-cef9873e4e75-impl-thread2] INFO  impl.PendingRequests (PendingRequests.java:sendNotLeaderResponses(282)) - 6682b1a5-9385-4106-b4a0-cef9873e4e75@group-DC8708C6939A-PendingRequests: sendNotLeaderResponses
2023-05-08 09:33:40,094 [6682b1a5-9385-4106-b4a0-cef9873e4e75-impl-thread1] INFO  impl.PendingRequests (PendingRequests.java:sendNotLeaderResponses(282)) - 6682b1a5-9385-4106-b4a0-cef9873e4e75@group-1CA41FB13F41-PendingRequests: sendNotLeaderResponses
2023-05-08 09:33:40,095 [6682b1a5-9385-4106-b4a0-cef9873e4e75-impl-thread1] INFO  impl.StateMachineUpdater (StateMachineUpdater.java:stopAndJoin(153)) - 6682b1a5-9385-4106-b4a0-cef9873e4e75@group-1CA41FB13F41-StateMachineUpdater: set stopIndex = 0
2023-05-08 09:33:40,095 [6682b1a5-9385-4106-b4a0-cef9873e4e75@group-1CA41FB13F41->e50fc3ca-175c-4331-888e-9d5a4b4ffc01-GrpcLogAppender-LogAppenderDaemon] WARN  server.GrpcLogAppender (GrpcLogAppender.java:mayWait(200)) - 6682b1a5-9385-4106-b4a0-cef9873e4e75@group-1CA41FB13F41->e50fc3ca-175c-4331-888e-9d5a4b4ffc01-GrpcLogAppender: Wait interrupted by java.lang.InterruptedException
2023-05-08 09:33:40,095 [6682b1a5-9385-4106-b4a0-cef9873e4e75@group-1CA41FB13F41-StateMachineUpdater] INFO  ratis.ContainerStateMachine (ContainerStateMachine.java:takeSnapshot(330)) - group-1CA41FB13F41: Taking a snapshot at:(t:1, i:0) file /home/runner/work/ozone/ozone/hadoop-ozone/integration-test/target/test-dir/MiniOzoneClusterImpl-9831f382-72e6-431b-adf3-2f9efd8fb9d7/datanode-0/data/ratis/cf46c7d8-7583-46ff-a254-1ca41fb13f41/sm/snapshot.1_0
2023-05-08 09:33:40,095 [ForkJoinPool.commonPool-worker-1] INFO  server.GrpcServerProtocolClient (GrpcServerProtocolClient.java:close(101)) - d7c57734-1d74-411b-8fcc-d057f09568f6 Close channels
2023-05-08 09:33:40,090 [grpc-default-executor-4] WARN  server.GrpcServerProtocolService (LogUtils.java:warn(122)) - d7c57734-1d74-411b-8fcc-d057f09568f6: installSnapshot onError, lastRequest: 6682b1a5-9385-4106-b4a0-cef9873e4e75->d7c57734-1d74-411b-8fcc-d057f09568f6#1-t1,previous=(t:0, i:0),leaderCommit=-1,initializing? true,entries: size=1, first=(t:1, i:0), CONFIGURATIONENTRY(current:id: "d7c57734-1d74-411b-8fcc-d057f09568f6"
address: "10.1.0.160:36437"
dataStreamAddress: "10.1.0.160:34857"
clientAddress: "10.1.0.160:36437"
adminAddress: "10.1.0.160:36437"
startupRole: FOLLOWER
,id: "e50fc3ca-175c-4331-888e-9d5a4b4ffc01"
address: "10.1.0.160:37363"
dataStreamAddress: "10.1.0.160:41371"
clientAddress: "10.1.0.160:37363"
adminAddress: "10.1.0.160:37363"
startupRole: FOLLOWER
,id: "6682b1a5-9385-4106-b4a0-cef9873e4e75"
address: "10.1.0.160:45305"
priority: 1
dataStreamAddress: "10.1.0.160:41803"
clientAddress: "10.1.0.160:45305"
adminAddress: "10.1.0.160:45305"
startupRole: FOLLOWER
, old:): org.apache.ratis.thirdparty.io.grpc.StatusRuntimeException: CANCELLED: client cancelled
2023-05-08 09:33:40,091 [grpc-default-executor-0] WARN  server.GrpcServerProtocolService (LogUtils.java:warn(122)) - d7c57734-1d74-411b-8fcc-d057f09568f6: installSnapshot onError, lastRequest: null: org.apache.ratis.thirdparty.io.grpc.StatusRuntimeException: CANCELLED: client cancelled
2023-05-08 09:33:40,097 [grpc-default-executor-0] WARN  server.GrpcServerProtocolService (LogUtils.java:warn(122)) - 6682b1a5-9385-4106-b4a0-cef9873e4e75: installSnapshot onError, lastRequest: e50fc3ca-175c-4331-888e-9d5a4b4ffc01->6682b1a5-9385-4106-b4a0-cef9873e4e75#1-t1,previous=(t:0, i:0),leaderCommit=0,initializing? true,entries: size=1, first=(t:1, i:0), CONFIGURATIONENTRY(current:id: "d7c57734-1d74-411b-8fcc-d057f09568f6"
address: "10.1.0.160:36437"
dataStreamAddress: "10.1.0.160:34857"
clientAddress: "10.1.0.160:36437"
adminAddress: "10.1.0.160:36437"
startupRole: FOLLOWER
,id: "e50fc3ca-175c-4331-888e-9d5a4b4ffc01"
address: "10.1.0.160:37363"
priority: 1
dataStreamAddress: "10.1.0.160:41371"
clientAddress: "10.1.0.160:37363"
adminAddress: "10.1.0.160:37363"
startupRole: FOLLOWER
,id: "6682b1a5-9385-4106-b4a0-cef9873e4e75"
address: "10.1.0.160:45305"
dataStreamAddress: "10.1.0.160:41803"
clientAddress: "10.1.0.160:45305"
adminAddress: "10.1.0.160:45305"
startupRole: FOLLOWER
, old:): org.apache.ratis.thirdparty.io.grpc.StatusRuntimeException: CANCELLED: client cancelled
2023-05-08 09:33:40,102 [grpc-default-executor-5] WARN  server.GrpcServerProtocolService (LogUtils.java:warn(122)) - d7c57734-1d74-411b-8fcc-d057f09568f6: installSnapshot onError, lastRequest: e50fc3ca-175c-4331-888e-9d5a4b4ffc01->d7c57734-1d74-411b-8fcc-d057f09568f6#1-t1,previous=(t:0, i:0),leaderCommit=0,initializing? true,entries: size=1, first=(t:1, i:0), CONFIGURATIONENTRY(current:id: "d7c57734-1d74-411b-8fcc-d057f09568f6"
address: "10.1.0.160:36437"
dataStreamAddress: "10.1.0.160:34857"
clientAddress: "10.1.0.160:36437"
adminAddress: "10.1.0.160:36437"
startupRole: FOLLOWER
,id: "e50fc3ca-175c-4331-888e-9d5a4b4ffc01"
address: "10.1.0.160:37363"
priority: 1
dataStreamAddress: "10.1.0.160:41371"
clientAddress: "10.1.0.160:37363"
adminAddress: "10.1.0.160:37363"
startupRole: FOLLOWER
,id: "6682b1a5-9385-4106-b4a0-cef9873e4e75"
address: "10.1.0.160:45305"
dataStreamAddress: "10.1.0.160:41803"
clientAddress: "10.1.0.160:45305"
adminAddress: "10.1.0.160:45305"
startupRole: FOLLOWER
, old:): org.apache.ratis.thirdparty.io.grpc.StatusRuntimeException: CANCELLED: client cancelled
2023-05-08 09:33:40,103 [grpc-default-executor-5] WARN  server.GrpcServerProtocolService (LogUtils.java:warn(122)) - 6682b1a5-9385-4106-b4a0-cef9873e4e75: installSnapshot onError, lastRequest: null: org.apache.ratis.thirdparty.io.grpc.StatusRuntimeException: CANCELLED: client cancelled
2023-05-08 09:33:40,100 [grpc-default-executor-2] INFO  server.GrpcLogAppender (GrpcLogAppender.java:onError(404)) - 6682b1a5-9385-4106-b4a0-cef9873e4e75@group-1CA41FB13F41->d7c57734-1d74-411b-8fcc-d057f09568f6-GrpcLogAppender is already stopped
2023-05-08 09:33:40,107 [grpc-default-executor-2] INFO  server.GrpcLogAppender (GrpcLogAppender.java:onError(404)) - 6682b1a5-9385-4106-b4a0-cef9873e4e75@group-1CA41FB13F41->d7c57734-1d74-411b-8fcc-d057f09568f6-GrpcLogAppender is already stopped
2023-05-08 09:33:40,108 [Listener at 127.0.0.1/45613] INFO  server.GrpcServerProtocolClient (GrpcServerProtocolClient.java:close(101)) - 6682b1a5-9385-4106-b4a0-cef9873e4e75 Close channels
2023-05-08 09:33:40,109 [grpc-default-executor-2] INFO  server.GrpcServerProtocolService (GrpcServerProtocolService.java:onCompleted(143)) - e50fc3ca-175c-4331-888e-9d5a4b4ffc01: Completed APPEND_ENTRIES, lastRequest: 6682b1a5-9385-4106-b4a0-cef9873e4e75->e50fc3ca-175c-4331-888e-9d5a4b4ffc01#1-t1,previous=(t:0, i:0),leaderCommit=0,initializing? true,entries: size=1, first=(t:1, i:0), CONFIGURATIONENTRY(current:id: "d7c57734-1d74-411b-8fcc-d057f09568f6"
address: "10.1.0.160:36437"
dataStreamAddress: "10.1.0.160:34857"
clientAddress: "10.1.0.160:36437"
adminAddress: "10.1.0.160:36437"
startupRole: FOLLOWER
,id: "e50fc3ca-175c-4331-888e-9d5a4b4ffc01"
address: "10.1.0.160:37363"
dataStreamAddress: "10.1.0.160:41371"
clientAddress: "10.1.0.160:37363"
adminAddress: "10.1.0.160:37363"
startupRole: FOLLOWER
,id: "6682b1a5-9385-4106-b4a0-cef9873e4e75"
address: "10.1.0.160:45305"
priority: 1
dataStreamAddress: "10.1.0.160:41803"
clientAddress: "10.1.0.160:45305"
adminAddress: "10.1.0.160:45305"
startupRole: FOLLOWER
, old:)
2023-05-08 09:33:40,110 [grpc-default-executor-2] INFO  server.GrpcLogAppender (GrpcLogAppender.java:onCompleted(415)) - 6682b1a5-9385-4106-b4a0-cef9873e4e75@group-1CA41FB13F41->e50fc3ca-175c-4331-888e-9d5a4b4ffc01-AppendLogResponseHandler: follower responses appendEntries COMPLETED
2023-05-08 09:33:40,112 [grpc-default-executor-2] INFO  leader.FollowerInfo (FollowerInfoImpl.java:lambda$new$0(48)) - 6682b1a5-9385-4106-b4a0-cef9873e4e75@group-1CA41FB13F41->e50fc3ca-175c-4331-888e-9d5a4b4ffc01: nextIndex: updateUnconditionally 1 -> 0
2023-05-08 09:33:40,112 [d7c57734-1d74-411b-8fcc-d057f09568f6-impl-thread3] INFO  server.RaftServer$Division (RaftServerImpl.java:lambda$close$4(458)) - d7c57734-1d74-411b-8fcc-d057f09568f6@group-D03369549A76: shutdown
2023-05-08 09:33:40,122 [Listener at 127.0.0.1/45613] INFO  server.GrpcService (GrpcService.java:closeImpl(280)) - d7c57734-1d74-411b-8fcc-d057f09568f6: shutdown server GrpcServerProtocolService successfully
2023-05-08 09:33:40,121 [grpc-default-executor-5] WARN  server.GrpcLogAppender (LogUtils.java:warn(122)) - e50fc3ca-175c-4331-888e-9d5a4b4ffc01@group-0B99C00588B9->6682b1a5-9385-4106-b4a0-cef9873e4e75-AppendLogResponseHandler: Failed appendEntries: org.apache.ratis.thirdparty.io.grpc.StatusRuntimeException: CANCELLED: RST_STREAM closed stream. HTTP/2 error code: CANCEL
2023-05-08 09:33:40,125 [grpc-default-executor-5] WARN  server.GrpcLogAppender (GrpcLogAppender.java:resetClient(131)) - e50fc3ca-175c-4331-888e-9d5a4b4ffc01@group-0B99C00588B9->6682b1a5-9385-4106-b4a0-cef9873e4e75-GrpcLogAppender: Leader has not got in touch with Follower e50fc3ca-175c-4331-888e-9d5a4b4ffc01@group-0B99C00588B9->6682b1a5-9385-4106-b4a0-cef9873e4e75(c0,m0,n1, attendVote=true, lastRpcSendTime=1803, lastRpcResponseTime=1801) yet, just keep nextIndex unchanged and retry.
2023-05-08 09:33:40,119 [grpc-default-executor-4] INFO  server.GrpcServerProtocolService (GrpcServerProtocolService.java:onCompleted(143)) - e50fc3ca-175c-4331-888e-9d5a4b4ffc01: Completed APPEND_ENTRIES, lastRequest: null
2023-05-08 09:33:40,118 [grpc-default-executor-3] WARN  server.GrpcLogAppender (LogUtils.java:warn(122)) - e50fc3ca-175c-4331-888e-9d5a4b4ffc01@group-0B99C00588B9->6682b1a5-9385-4106-b4a0-cef9873e4e75-AppendLogResponseHandler: Failed appendEntries: org.apache.ratis.thirdparty.io.grpc.StatusRuntimeException: CANCELLED: RST_STREAM closed stream. HTTP/2 error code: CANCEL
2023-05-08 09:33:40,125 [grpc-default-executor-3] WARN  server.GrpcLogAppender (GrpcLogAppender.java:resetClient(131)) - e50fc3ca-175c-4331-888e-9d5a4b4ffc01@group-0B99C00588B9->6682b1a5-9385-4106-b4a0-cef9873e4e75-GrpcLogAppender: Leader has not got in touch with Follower e50fc3ca-175c-4331-888e-9d5a4b4ffc01@group-0B99C00588B9->6682b1a5-9385-4106-b4a0-cef9873e4e75(c0,m0,n1, attendVote=true, lastRpcSendTime=1803, lastRpcResponseTime=1801) yet, just keep nextIndex unchanged and retry.
2023-05-08 09:33:40,118 [grpc-default-executor-0] WARN  server.GrpcLogAppender (LogUtils.java:warn(122)) - e50fc3ca-175c-4331-888e-9d5a4b4ffc01@group-0B99C00588B9->d7c57734-1d74-411b-8fcc-d057f09568f6-AppendLogResponseHandler: Failed appendEntries: org.apache.ratis.thirdparty.io.grpc.StatusRuntimeException: CANCELLED: RST_STREAM closed stream. HTTP/2 error code: CANCEL
2023-05-08 09:33:40,125 [grpc-default-executor-0] WARN  server.GrpcLogAppender (GrpcLogAppender.java:resetClient(131)) - e50fc3ca-175c-4331-888e-9d5a4b4ffc01@group-0B99C00588B9->d7c57734-1d74-411b-8fcc-d057f09568f6-GrpcLogAppender: Leader has not got in touch with Follower e50fc3ca-175c-4331-888e-9d5a4b4ffc01@group-0B99C00588B9->d7c57734-1d74-411b-8fcc-d057f09568f6(c0,m0,n1, attendVote=true, lastRpcSendTime=1802, lastRpcResponseTime=1799) yet, just keep nextIndex unchanged and retry.
2023-05-08 09:33:40,116 [grpc-default-executor-2] WARN  server.GrpcLogAppender (LogUtils.java:warn(122)) - e50fc3ca-175c-4331-888e-9d5a4b4ffc01@group-0B99C00588B9->d7c57734-1d74-411b-8fcc-d057f09568f6-AppendLogResponseHandler: Failed appendEntries: org.apache.ratis.thirdparty.io.grpc.StatusRuntimeException: CANCELLED: RST_STREAM closed stream. HTTP/2 error code: CANCEL
2023-05-08 09:33:40,125 [grpc-default-executor-2] WARN  server.GrpcLogAppender (GrpcLogAppender.java:resetClient(131)) - e50fc3ca-175c-4331-888e-9d5a4b4ffc01@group-0B99C00588B9->d7c57734-1d74-411b-8fcc-d057f09568f6-GrpcLogAppender: Leader has not got in touch with Follower e50fc3ca-175c-4331-888e-9d5a4b4ffc01@group-0B99C00588B9->d7c57734-1d74-411b-8fcc-d057f09568f6(c0,m0,n1, attendVote=true, lastRpcSendTime=1802, lastRpcResponseTime=1800) yet, just keep nextIndex unchanged and retry.
2023-05-08 09:33:40,126 [d7c57734-1d74-411b-8fcc-d057f09568f6-NettyServerStreamRpc-bossGroup--thread1] INFO  logging.LoggingHandler (AbstractInternalLogger.java:log(148)) - [id: 0x53cd6f23, L:/0:0:0:0:0:0:0:0:34857] CLOSE
2023-05-08 09:33:40,126 [d7c57734-1d74-411b-8fcc-d057f09568f6-NettyServerStreamRpc-bossGroup--thread1] INFO  logging.LoggingHandler (AbstractInternalLogger.java:log(148)) - [id: 0x53cd6f23, L:/0:0:0:0:0:0:0:0:34857] INACTIVE
2023-05-08 09:33:40,126 [d7c57734-1d74-411b-8fcc-d057f09568f6-NettyServerStreamRpc-bossGroup--thread1] INFO  logging.LoggingHandler (AbstractInternalLogger.java:log(148)) - [id: 0x53cd6f23, L:/0:0:0:0:0:0:0:0:34857] UNREGISTERED
2023-05-08 09:33:40,115 [ForkJoinPool.commonPool-worker-1] INFO  server.GrpcServerProtocolClient (GrpcServerProtocolClient.java:close(101)) - e50fc3ca-175c-4331-888e-9d5a4b4ffc01 Close channels
2023-05-08 09:33:40,114 [6682b1a5-9385-4106-b4a0-cef9873e4e75-impl-thread2] INFO  impl.StateMachineUpdater (StateMachineUpdater.java:stopAndJoin(153)) - 6682b1a5-9385-4106-b4a0-cef9873e4e75@group-DC8708C6939A-StateMachineUpdater: set stopIndex = 13
2023-05-08 09:33:40,114 [6682b1a5-9385-4106-b4a0-cef9873e4e75@group-DC8708C6939A-StateMachineUpdater] INFO  ratis.ContainerStateMachine (ContainerStateMachine.java:takeSnapshot(330)) - group-DC8708C6939A: Taking a snapshot at:(t:1, i:13) file /home/runner/work/ozone/ozone/hadoop-ozone/integration-test/target/test-dir/MiniOzoneClusterImpl-9831f382-72e6-431b-adf3-2f9efd8fb9d7/datanode-0/data/ratis/a2cacae4-47c0-42ef-9c1d-dc8708c6939a/sm/snapshot.1_13
2023-05-08 09:33:40,124 [d7c57734-1d74-411b-8fcc-d057f09568f6-impl-thread3] INFO  util.JmxRegister (JmxRegister.java:unregister(73)) - Successfully un-registered JMX Bean with object name Ratis:service=RaftServer,group=group-D03369549A76,id=d7c57734-1d74-411b-8fcc-d057f09568f6
2023-05-08 09:33:40,127 [d7c57734-1d74-411b-8fcc-d057f09568f6-impl-thread3] INFO  impl.RoleInfo (RoleInfo.java:shutdownLeaderState(93)) - d7c57734-1d74-411b-8fcc-d057f09568f6: shutdown d7c57734-1d74-411b-8fcc-d057f09568f6@group-D03369549A76-LeaderStateImpl
2023-05-08 09:33:40,127 [d7c57734-1d74-411b-8fcc-d057f09568f6-impl-thread3] INFO  impl.PendingRequests (PendingRequests.java:sendNotLeaderResponses(282)) - d7c57734-1d74-411b-8fcc-d057f09568f6@group-D03369549A76-PendingRequests: sendNotLeaderResponses
2023-05-08 09:33:40,127 [grpc-default-executor-2] INFO  server.GrpcLogAppender (GrpcLogAppender.java:onCompleted(415)) - 6682b1a5-9385-4106-b4a0-cef9873e4e75@group-1CA41FB13F41->e50fc3ca-175c-4331-888e-9d5a4b4ffc01-AppendLogResponseHandler: follower responses appendEntries COMPLETED
2023-05-08 09:33:40,128 [d7c57734-1d74-411b-8fcc-d057f09568f6@group-D03369549A76-StateMachineUpdater] INFO  ratis.ContainerStateMachine (ContainerStateMachine.java:takeSnapshot(330)) - group-D03369549A76: Taking a snapshot at:(t:1, i:0) file /home/runner/work/ozone/ozone/hadoop-ozone/integration-test/target/test-dir/MiniOzoneClusterImpl-9831f382-72e6-431b-adf3-2f9efd8fb9d7/datanode-1/data/ratis/c2056d17-1c1a-465c-9da9-d03369549a76/sm/snapshot.1_0
2023-05-08 09:33:40,128 [grpc-default-executor-2] WARN  server.GrpcLogAppender (GrpcLogAppender.java:resetClient(137)) - 6682b1a5-9385-4106-b4a0-cef9873e4e75@group-1CA41FB13F41->e50fc3ca-175c-4331-888e-9d5a4b4ffc01-GrpcLogAppender: Failed to getClient for e50fc3ca-175c-4331-888e-9d5a4b4ffc01
org.apache.ratis.protocol.exceptions.AlreadyClosedException: 6682b1a5-9385-4106-b4a0-cef9873e4e75 is already CLOSED
	at org.apache.ratis.util.PeerProxyMap$PeerAndProxy.getProxy(PeerProxyMap.java:61)
	at org.apache.ratis.util.PeerProxyMap.getProxy(PeerProxyMap.java:115)
	at org.apache.ratis.grpc.server.GrpcLogAppender.getClient(GrpcLogAppender.java:116)
	at org.apache.ratis.grpc.server.GrpcLogAppender.resetClient(GrpcLogAppender.java:121)
	at org.apache.ratis.grpc.server.GrpcLogAppender.access$500(GrpcLogAppender.java:58)
	at org.apache.ratis.grpc.server.GrpcLogAppender$AppendLogResponseHandler.onCompleted(GrpcLogAppender.java:416)
	at org.apache.ratis.thirdparty.io.grpc.stub.ClientCalls$StreamObserverToCallListenerAdapter.onClose(ClientCalls.java:485)
	at org.apache.ratis.thirdparty.io.grpc.internal.ClientCallImpl.closeObserver(ClientCallImpl.java:562)
	at org.apache.ratis.thirdparty.io.grpc.internal.ClientCallImpl.access$300(ClientCallImpl.java:70)
	at org.apache.ratis.thirdparty.io.grpc.internal.ClientCallImpl$ClientStreamListenerImpl$1StreamClosed.runInternal(ClientCallImpl.java:743)
	at org.apache.ratis.thirdparty.io.grpc.internal.ClientCallImpl$ClientStreamListenerImpl$1StreamClosed.runInContext(ClientCallImpl.java:722)
	at org.apache.ratis.thirdparty.io.grpc.internal.ContextRunnable.run(ContextRunnable.java:37)
	at org.apache.ratis.thirdparty.io.grpc.internal.SerializingExecutor.run(SerializingExecutor.java:133)
	at java.util.concurrent.ThreadPoolExecutor.runWorker(ThreadPoolExecutor.java:1149)
	at java.util.concurrent.ThreadPoolExecutor$Worker.run(ThreadPoolExecutor.java:624)
	at java.lang.Thread.run(Thread.java:750)
2023-05-08 09:33:40,128 [d7c57734-1d74-411b-8fcc-d057f09568f6-impl-thread3] INFO  impl.StateMachineUpdater (StateMachineUpdater.java:stopAndJoin(153)) - d7c57734-1d74-411b-8fcc-d057f09568f6@group-D03369549A76-StateMachineUpdater: set stopIndex = 0
2023-05-08 09:33:40,152 [ForkJoinPool.commonPool-worker-1] INFO  server.GrpcService (GrpcService.java:closeImpl(280)) - 6682b1a5-9385-4106-b4a0-cef9873e4e75: shutdown server GrpcServerProtocolService successfully
2023-05-08 09:33:40,172 [6682b1a5-9385-4106-b4a0-cef9873e4e75-NettyServerStreamRpc-bossGroup--thread1] INFO  logging.LoggingHandler (AbstractInternalLogger.java:log(148)) - [id: 0x4c12dabb, L:/0:0:0:0:0:0:0:0:41803] CLOSE
2023-05-08 09:33:40,172 [6682b1a5-9385-4106-b4a0-cef9873e4e75-NettyServerStreamRpc-bossGroup--thread1] INFO  logging.LoggingHandler (AbstractInternalLogger.java:log(148)) - [id: 0x4c12dabb, L:/0:0:0:0:0:0:0:0:41803] INACTIVE
2023-05-08 09:33:40,172 [6682b1a5-9385-4106-b4a0-cef9873e4e75-NettyServerStreamRpc-bossGroup--thread1] INFO  logging.LoggingHandler (AbstractInternalLogger.java:log(148)) - [id: 0x4c12dabb, L:/0:0:0:0:0:0:0:0:41803] UNREGISTERED
2023-05-08 09:33:40,207 [6682b1a5-9385-4106-b4a0-cef9873e4e75@group-0B99C00588B9-StateMachineUpdater] INFO  ratis.ContainerStateMachine (ContainerStateMachine.java:takeSnapshot(341)) - group-0B99C00588B9: Finished taking a snapshot at:(t:1, i:0) file:/home/runner/work/ozone/ozone/hadoop-ozone/integration-test/target/test-dir/MiniOzoneClusterImpl-9831f382-72e6-431b-adf3-2f9efd8fb9d7/datanode-0/data/ratis/2d1bfc3e-e8ef-4ba8-b2a0-0b99c00588b9/sm/snapshot.1_0 took: 116 ms
2023-05-08 09:33:40,207 [6682b1a5-9385-4106-b4a0-cef9873e4e75@group-1CA41FB13F41-StateMachineUpdater] INFO  ratis.ContainerStateMachine (ContainerStateMachine.java:takeSnapshot(341)) - group-1CA41FB13F41: Finished taking a snapshot at:(t:1, i:0) file:/home/runner/work/ozone/ozone/hadoop-ozone/integration-test/target/test-dir/MiniOzoneClusterImpl-9831f382-72e6-431b-adf3-2f9efd8fb9d7/datanode-0/data/ratis/cf46c7d8-7583-46ff-a254-1ca41fb13f41/sm/snapshot.1_0 took: 111 ms
2023-05-08 09:33:40,207 [d7c57734-1d74-411b-8fcc-d057f09568f6@group-D03369549A76-StateMachineUpdater] INFO  ratis.ContainerStateMachine (ContainerStateMachine.java:takeSnapshot(341)) - group-D03369549A76: Finished taking a snapshot at:(t:1, i:0) file:/home/runner/work/ozone/ozone/hadoop-ozone/integration-test/target/test-dir/MiniOzoneClusterImpl-9831f382-72e6-431b-adf3-2f9efd8fb9d7/datanode-1/data/ratis/c2056d17-1c1a-465c-9da9-d03369549a76/sm/snapshot.1_0 took: 79 ms
2023-05-08 09:33:40,207 [d7c57734-1d74-411b-8fcc-d057f09568f6@group-0B99C00588B9-StateMachineUpdater] INFO  ratis.ContainerStateMachine (ContainerStateMachine.java:takeSnapshot(341)) - group-0B99C00588B9: Finished taking a snapshot at:(t:1, i:0) file:/home/runner/work/ozone/ozone/hadoop-ozone/integration-test/target/test-dir/MiniOzoneClusterImpl-9831f382-72e6-431b-adf3-2f9efd8fb9d7/datanode-1/data/ratis/2d1bfc3e-e8ef-4ba8-b2a0-0b99c00588b9/sm/snapshot.1_0 took: 129 ms
2023-05-08 09:33:40,208 [d7c57734-1d74-411b-8fcc-d057f09568f6@group-D03369549A76-StateMachineUpdater] INFO  impl.StateMachineUpdater (StateMachineUpdater.java:takeSnapshot(287)) - d7c57734-1d74-411b-8fcc-d057f09568f6@group-D03369549A76-StateMachineUpdater: Took a snapshot at index 0
2023-05-08 09:33:40,208 [d7c57734-1d74-411b-8fcc-d057f09568f6@group-D03369549A76-StateMachineUpdater] INFO  impl.StateMachineUpdater (StateMachineUpdater.java:lambda$new$0(92)) - d7c57734-1d74-411b-8fcc-d057f09568f6@group-D03369549A76-StateMachineUpdater: snapshotIndex: updateIncreasingly -1 -> 0
2023-05-08 09:33:40,208 [d7c57734-1d74-411b-8fcc-d057f09568f6@group-0B99C00588B9-StateMachineUpdater] INFO  impl.StateMachineUpdater (StateMachineUpdater.java:takeSnapshot(287)) - d7c57734-1d74-411b-8fcc-d057f09568f6@group-0B99C00588B9-StateMachineUpdater: Took a snapshot at index 0
2023-05-08 09:33:40,208 [d7c57734-1d74-411b-8fcc-d057f09568f6@group-0B99C00588B9-StateMachineUpdater] INFO  impl.StateMachineUpdater (StateMachineUpdater.java:lambda$new$0(92)) - d7c57734-1d74-411b-8fcc-d057f09568f6@group-0B99C00588B9-StateMachineUpdater: snapshotIndex: updateIncreasingly -1 -> 0
2023-05-08 09:33:40,208 [6682b1a5-9385-4106-b4a0-cef9873e4e75@group-1CA41FB13F41-StateMachineUpdater] INFO  impl.StateMachineUpdater (StateMachineUpdater.java:takeSnapshot(287)) - 6682b1a5-9385-4106-b4a0-cef9873e4e75@group-1CA41FB13F41-StateMachineUpdater: Took a snapshot at index 0
2023-05-08 09:33:40,208 [6682b1a5-9385-4106-b4a0-cef9873e4e75@group-1CA41FB13F41-StateMachineUpdater] INFO  impl.StateMachineUpdater (StateMachineUpdater.java:lambda$new$0(92)) - 6682b1a5-9385-4106-b4a0-cef9873e4e75@group-1CA41FB13F41-StateMachineUpdater: snapshotIndex: updateIncreasingly -1 -> 0
2023-05-08 09:33:40,216 [d7c57734-1d74-411b-8fcc-d057f09568f6@group-1CA41FB13F41-StateMachineUpdater] INFO  ratis.ContainerStateMachine (ContainerStateMachine.java:takeSnapshot(341)) - group-1CA41FB13F41: Finished taking a snapshot at:(t:1, i:0) file:/home/runner/work/ozone/ozone/hadoop-ozone/integration-test/target/test-dir/MiniOzoneClusterImpl-9831f382-72e6-431b-adf3-2f9efd8fb9d7/datanode-1/data/ratis/cf46c7d8-7583-46ff-a254-1ca41fb13f41/sm/snapshot.1_0 took: 133 ms
2023-05-08 09:33:40,216 [6682b1a5-9385-4106-b4a0-cef9873e4e75@group-0B99C00588B9-StateMachineUpdater] INFO  impl.StateMachineUpdater (StateMachineUpdater.java:takeSnapshot(287)) - 6682b1a5-9385-4106-b4a0-cef9873e4e75@group-0B99C00588B9-StateMachineUpdater: Took a snapshot at index 0
2023-05-08 09:33:40,216 [6682b1a5-9385-4106-b4a0-cef9873e4e75@group-0B99C00588B9-StateMachineUpdater] INFO  impl.StateMachineUpdater (StateMachineUpdater.java:lambda$new$0(92)) - 6682b1a5-9385-4106-b4a0-cef9873e4e75@group-0B99C00588B9-StateMachineUpdater: snapshotIndex: updateIncreasingly -1 -> 0
2023-05-08 09:33:40,217 [d7c57734-1d74-411b-8fcc-d057f09568f6@group-1CA41FB13F41-StateMachineUpdater] INFO  impl.StateMachineUpdater (StateMachineUpdater.java:takeSnapshot(287)) - d7c57734-1d74-411b-8fcc-d057f09568f6@group-1CA41FB13F41-StateMachineUpdater: Took a snapshot at index 0
2023-05-08 09:33:40,217 [d7c57734-1d74-411b-8fcc-d057f09568f6@group-1CA41FB13F41-StateMachineUpdater] INFO  impl.StateMachineUpdater (StateMachineUpdater.java:lambda$new$0(92)) - d7c57734-1d74-411b-8fcc-d057f09568f6@group-1CA41FB13F41-StateMachineUpdater: snapshotIndex: updateIncreasingly -1 -> 0
2023-05-08 09:33:40,220 [d7c57734-1d74-411b-8fcc-d057f09568f6-impl-thread1] INFO  server.RaftServer$Division (ServerState.java:close(466)) - d7c57734-1d74-411b-8fcc-d057f09568f6@group-1CA41FB13F41: closes. applyIndex: 0
2023-05-08 09:33:40,220 [d7c57734-1d74-411b-8fcc-d057f09568f6-impl-thread2] INFO  server.RaftServer$Division (ServerState.java:close(466)) - d7c57734-1d74-411b-8fcc-d057f09568f6@group-0B99C00588B9: closes. applyIndex: 0
2023-05-08 09:33:40,220 [d7c57734-1d74-411b-8fcc-d057f09568f6@group-1CA41FB13F41-SegmentedRaftLogWorker] INFO  segmented.SegmentedRaftLogWorker (SegmentedRaftLogWorker.java:run(347)) - d7c57734-1d74-411b-8fcc-d057f09568f6@group-1CA41FB13F41-SegmentedRaftLogWorker was interrupted, exiting. There are 0 tasks remaining in the queue.
2023-05-08 09:33:40,220 [d7c57734-1d74-411b-8fcc-d057f09568f6@group-0B99C00588B9-SegmentedRaftLogWorker] INFO  segmented.SegmentedRaftLogWorker (SegmentedRaftLogWorker.java:run(347)) - d7c57734-1d74-411b-8fcc-d057f09568f6@group-0B99C00588B9-SegmentedRaftLogWorker was interrupted, exiting. There are 0 tasks remaining in the queue.
2023-05-08 09:33:40,220 [6682b1a5-9385-4106-b4a0-cef9873e4e75@group-DC8708C6939A-StateMachineUpdater] INFO  ratis.ContainerStateMachine (ContainerStateMachine.java:takeSnapshot(341)) - group-DC8708C6939A: Finished taking a snapshot at:(t:1, i:13) file:/home/runner/work/ozone/ozone/hadoop-ozone/integration-test/target/test-dir/MiniOzoneClusterImpl-9831f382-72e6-431b-adf3-2f9efd8fb9d7/datanode-0/data/ratis/a2cacae4-47c0-42ef-9c1d-dc8708c6939a/sm/snapshot.1_13 took: 107 ms
2023-05-08 09:33:40,220 [6682b1a5-9385-4106-b4a0-cef9873e4e75@group-DC8708C6939A-StateMachineUpdater] INFO  impl.StateMachineUpdater (StateMachineUpdater.java:takeSnapshot(287)) - 6682b1a5-9385-4106-b4a0-cef9873e4e75@group-DC8708C6939A-StateMachineUpdater: Took a snapshot at index 13
2023-05-08 09:33:40,220 [6682b1a5-9385-4106-b4a0-cef9873e4e75-impl-thread3] INFO  server.RaftServer$Division (ServerState.java:close(466)) - 6682b1a5-9385-4106-b4a0-cef9873e4e75@group-0B99C00588B9: closes. applyIndex: 0
2023-05-08 09:33:40,221 [6682b1a5-9385-4106-b4a0-cef9873e4e75@group-0B99C00588B9-SegmentedRaftLogWorker] INFO  segmented.SegmentedRaftLogWorker (SegmentedRaftLogWorker.java:run(347)) - 6682b1a5-9385-4106-b4a0-cef9873e4e75@group-0B99C00588B9-SegmentedRaftLogWorker was interrupted, exiting. There are 0 tasks remaining in the queue.
2023-05-08 09:33:40,220 [6682b1a5-9385-4106-b4a0-cef9873e4e75@group-DC8708C6939A-StateMachineUpdater] INFO  impl.StateMachineUpdater (StateMachineUpdater.java:lambda$new$0(92)) - 6682b1a5-9385-4106-b4a0-cef9873e4e75@group-DC8708C6939A-StateMachineUpdater: snapshotIndex: updateIncreasingly -1 -> 13
2023-05-08 09:33:40,221 [6682b1a5-9385-4106-b4a0-cef9873e4e75-impl-thread1] INFO  server.RaftServer$Division (ServerState.java:close(466)) - 6682b1a5-9385-4106-b4a0-cef9873e4e75@group-1CA41FB13F41: closes. applyIndex: 0
2023-05-08 09:33:40,222 [d7c57734-1d74-411b-8fcc-d057f09568f6-impl-thread1] INFO  segmented.SegmentedRaftLogWorker (SegmentedRaftLogWorker.java:close(257)) - d7c57734-1d74-411b-8fcc-d057f09568f6@group-1CA41FB13F41-SegmentedRaftLogWorker close()
2023-05-08 09:33:40,222 [6682b1a5-9385-4106-b4a0-cef9873e4e75-impl-thread3] INFO  segmented.SegmentedRaftLogWorker (SegmentedRaftLogWorker.java:close(257)) - 6682b1a5-9385-4106-b4a0-cef9873e4e75@group-0B99C00588B9-SegmentedRaftLogWorker close()
2023-05-08 09:33:40,222 [d7c57734-1d74-411b-8fcc-d057f09568f6-impl-thread2] INFO  segmented.SegmentedRaftLogWorker (SegmentedRaftLogWorker.java:close(257)) - d7c57734-1d74-411b-8fcc-d057f09568f6@group-0B99C00588B9-SegmentedRaftLogWorker close()
2023-05-08 09:33:40,223 [d7c57734-1d74-411b-8fcc-d057f09568f6-impl-thread3] INFO  server.RaftServer$Division (ServerState.java:close(466)) - d7c57734-1d74-411b-8fcc-d057f09568f6@group-D03369549A76: closes. applyIndex: 0
2023-05-08 09:33:40,223 [d7c57734-1d74-411b-8fcc-d057f09568f6@group-D03369549A76-SegmentedRaftLogWorker] INFO  segmented.SegmentedRaftLogWorker (SegmentedRaftLogWorker.java:run(347)) - d7c57734-1d74-411b-8fcc-d057f09568f6@group-D03369549A76-SegmentedRaftLogWorker was interrupted, exiting. There are 0 tasks remaining in the queue.
2023-05-08 09:33:40,224 [6682b1a5-9385-4106-b4a0-cef9873e4e75@group-1CA41FB13F41-SegmentedRaftLogWorker] INFO  segmented.SegmentedRaftLogWorker (SegmentedRaftLogWorker.java:run(347)) - 6682b1a5-9385-4106-b4a0-cef9873e4e75@group-1CA41FB13F41-SegmentedRaftLogWorker was interrupted, exiting. There are 0 tasks remaining in the queue.
2023-05-08 09:33:40,224 [6682b1a5-9385-4106-b4a0-cef9873e4e75-impl-thread2] INFO  server.RaftServer$Division (ServerState.java:close(466)) - 6682b1a5-9385-4106-b4a0-cef9873e4e75@group-DC8708C6939A: closes. applyIndex: 13
2023-05-08 09:33:40,227 [6682b1a5-9385-4106-b4a0-cef9873e4e75-impl-thread1] INFO  segmented.SegmentedRaftLogWorker (SegmentedRaftLogWorker.java:close(257)) - 6682b1a5-9385-4106-b4a0-cef9873e4e75@group-1CA41FB13F41-SegmentedRaftLogWorker close()
2023-05-08 09:33:40,229 [6682b1a5-9385-4106-b4a0-cef9873e4e75@group-DC8708C6939A-SegmentedRaftLogWorker] INFO  segmented.SegmentedRaftLogWorker (SegmentedRaftLogWorker.java:run(347)) - 6682b1a5-9385-4106-b4a0-cef9873e4e75@group-DC8708C6939A-SegmentedRaftLogWorker was interrupted, exiting. There are 0 tasks remaining in the queue.
2023-05-08 09:33:40,226 [d7c57734-1d74-411b-8fcc-d057f09568f6-impl-thread3] INFO  segmented.SegmentedRaftLogWorker (SegmentedRaftLogWorker.java:close(257)) - d7c57734-1d74-411b-8fcc-d057f09568f6@group-D03369549A76-SegmentedRaftLogWorker close()
2023-05-08 09:33:40,234 [6682b1a5-9385-4106-b4a0-cef9873e4e75-impl-thread2] INFO  segmented.SegmentedRaftLogWorker (SegmentedRaftLogWorker.java:close(257)) - 6682b1a5-9385-4106-b4a0-cef9873e4e75@group-DC8708C6939A-SegmentedRaftLogWorker close()
2023-05-08 09:33:40,235 [JvmPauseMonitor1] INFO  util.JvmPauseMonitor (JvmPauseMonitor.java:run(111)) - JvmPauseMonitor-6682b1a5-9385-4106-b4a0-cef9873e4e75: Stopped
2023-05-08 09:33:40,237 [JvmPauseMonitor2] INFO  util.JvmPauseMonitor (JvmPauseMonitor.java:run(111)) - JvmPauseMonitor-d7c57734-1d74-411b-8fcc-d057f09568f6: Stopped
2023-05-08 09:33:40,836 [grpc-default-executor-3] WARN  server.GrpcLogAppender (LogUtils.java:warn(122)) - e50fc3ca-175c-4331-888e-9d5a4b4ffc01@group-0B99C00588B9->6682b1a5-9385-4106-b4a0-cef9873e4e75-AppendLogResponseHandler: Failed appendEntries: org.apache.ratis.thirdparty.io.grpc.StatusRuntimeException: UNAVAILABLE: io exception
2023-05-08 09:33:40,837 [grpc-default-executor-3] WARN  server.GrpcLogAppender (GrpcLogAppender.java:resetClient(131)) - e50fc3ca-175c-4331-888e-9d5a4b4ffc01@group-0B99C00588B9->6682b1a5-9385-4106-b4a0-cef9873e4e75-GrpcLogAppender: Leader has not got in touch with Follower e50fc3ca-175c-4331-888e-9d5a4b4ffc01@group-0B99C00588B9->6682b1a5-9385-4106-b4a0-cef9873e4e75(c0,m0,n1, attendVote=true, lastRpcSendTime=6, lastRpcResponseTime=2513) yet, just keep nextIndex unchanged and retry.
2023-05-08 09:33:40,838 [grpc-default-executor-0] WARN  server.GrpcLogAppender (LogUtils.java:warn(122)) - e50fc3ca-175c-4331-888e-9d5a4b4ffc01@group-0B99C00588B9->d7c57734-1d74-411b-8fcc-d057f09568f6-AppendLogResponseHandler: Failed appendEntries: org.apache.ratis.thirdparty.io.grpc.StatusRuntimeException: UNAVAILABLE: io exception
2023-05-08 09:33:40,838 [grpc-default-executor-0] WARN  server.GrpcLogAppender (GrpcLogAppender.java:resetClient(131)) - e50fc3ca-175c-4331-888e-9d5a4b4ffc01@group-0B99C00588B9->d7c57734-1d74-411b-8fcc-d057f09568f6-GrpcLogAppender: Leader has not got in touch with Follower e50fc3ca-175c-4331-888e-9d5a4b4ffc01@group-0B99C00588B9->d7c57734-1d74-411b-8fcc-d057f09568f6(c0,m0,n1, attendVote=true, lastRpcSendTime=7, lastRpcResponseTime=2512) yet, just keep nextIndex unchanged and retry.
2023-05-08 09:33:40,838 [grpc-default-executor-3] WARN  server.GrpcLogAppender (LogUtils.java:warn(122)) - e50fc3ca-175c-4331-888e-9d5a4b4ffc01@group-0B99C00588B9->6682b1a5-9385-4106-b4a0-cef9873e4e75-AppendLogResponseHandler: Failed appendEntries: org.apache.ratis.thirdparty.io.grpc.StatusRuntimeException: UNAVAILABLE: io exception
2023-05-08 09:33:40,838 [grpc-default-executor-3] WARN  server.GrpcLogAppender (GrpcLogAppender.java:resetClient(131)) - e50fc3ca-175c-4331-888e-9d5a4b4ffc01@group-0B99C00588B9->6682b1a5-9385-4106-b4a0-cef9873e4e75-GrpcLogAppender: Leader has not got in touch with Follower e50fc3ca-175c-4331-888e-9d5a4b4ffc01@group-0B99C00588B9->6682b1a5-9385-4106-b4a0-cef9873e4e75(c0,m0,n1, attendVote=true, lastRpcSendTime=7, lastRpcResponseTime=2515) yet, just keep nextIndex unchanged and retry.
2023-05-08 09:33:40,845 [grpc-default-executor-0] WARN  server.GrpcLogAppender (LogUtils.java:warn(122)) - e50fc3ca-175c-4331-888e-9d5a4b4ffc01@group-0B99C00588B9->d7c57734-1d74-411b-8fcc-d057f09568f6-AppendLogResponseHandler: Failed appendEntries: org.apache.ratis.thirdparty.io.grpc.StatusRuntimeException: UNAVAILABLE: io exception
2023-05-08 09:33:40,845 [grpc-default-executor-0] WARN  server.GrpcLogAppender (GrpcLogAppender.java:resetClient(131)) - e50fc3ca-175c-4331-888e-9d5a4b4ffc01@group-0B99C00588B9->d7c57734-1d74-411b-8fcc-d057f09568f6-GrpcLogAppender: Leader has not got in touch with Follower e50fc3ca-175c-4331-888e-9d5a4b4ffc01@group-0B99C00588B9->d7c57734-1d74-411b-8fcc-d057f09568f6(c0,m0,n1, attendVote=true, lastRpcSendTime=14, lastRpcResponseTime=2520) yet, just keep nextIndex unchanged and retry.
2023-05-08 09:33:40,917 [org.apache.hadoop.ozone.container.common.statemachine.commandhandler.DeleteBlocksCommandHandler$DeleteCmdWorker@6a12685a] INFO  commandhandler.DeleteBlocksCommandHandler (DeleteBlocksCommandHandler.java:processCmd(275)) - Start to delete container blocks, TXIDs=[5(0)], numOfContainers=1, numOfBlocks=2
2023-05-08 09:33:42,081 [grpc-default-executor-0] WARN  server.GrpcLogAppender (LogUtils.java:warn(122)) - e50fc3ca-175c-4331-888e-9d5a4b4ffc01@group-0B99C00588B9->d7c57734-1d74-411b-8fcc-d057f09568f6-AppendLogResponseHandler: Failed appendEntries: org.apache.ratis.thirdparty.io.grpc.StatusRuntimeException: UNAVAILABLE: io exception
2023-05-08 09:33:42,082 [grpc-default-executor-0] WARN  server.GrpcLogAppender (GrpcLogAppender.java:resetClient(131)) - e50fc3ca-175c-4331-888e-9d5a4b4ffc01@group-0B99C00588B9->d7c57734-1d74-411b-8fcc-d057f09568f6-GrpcLogAppender: Leader has not got in touch with Follower e50fc3ca-175c-4331-888e-9d5a4b4ffc01@group-0B99C00588B9->d7c57734-1d74-411b-8fcc-d057f09568f6(c0,m0,n1, attendVote=true, lastRpcSendTime=0, lastRpcResponseTime=3756) yet, just keep nextIndex unchanged and retry.
2023-05-08 09:33:42,082 [grpc-default-executor-3] WARN  server.GrpcLogAppender (LogUtils.java:warn(122)) - e50fc3ca-175c-4331-888e-9d5a4b4ffc01@group-0B99C00588B9->d7c57734-1d74-411b-8fcc-d057f09568f6-AppendLogResponseHandler: Failed appendEntries: org.apache.ratis.thirdparty.io.grpc.StatusRuntimeException: UNAVAILABLE: io exception
2023-05-08 09:33:42,082 [grpc-default-executor-3] WARN  server.GrpcLogAppender (GrpcLogAppender.java:resetClient(131)) - e50fc3ca-175c-4331-888e-9d5a4b4ffc01@group-0B99C00588B9->d7c57734-1d74-411b-8fcc-d057f09568f6-GrpcLogAppender: Leader has not got in touch with Follower e50fc3ca-175c-4331-888e-9d5a4b4ffc01@group-0B99C00588B9->d7c57734-1d74-411b-8fcc-d057f09568f6(c0,m0,n1, attendVote=true, lastRpcSendTime=1, lastRpcResponseTime=3757) yet, just keep nextIndex unchanged and retry.
2023-05-08 09:33:42,085 [grpc-default-executor-3] WARN  server.GrpcLogAppender (LogUtils.java:warn(122)) - e50fc3ca-175c-4331-888e-9d5a4b4ffc01@group-0B99C00588B9->6682b1a5-9385-4106-b4a0-cef9873e4e75-AppendLogResponseHandler: Failed appendEntries: org.apache.ratis.thirdparty.io.grpc.StatusRuntimeException: UNAVAILABLE: io exception
2023-05-08 09:33:42,086 [grpc-default-executor-3] WARN  server.GrpcLogAppender (GrpcLogAppender.java:resetClient(131)) - e50fc3ca-175c-4331-888e-9d5a4b4ffc01@group-0B99C00588B9->6682b1a5-9385-4106-b4a0-cef9873e4e75-GrpcLogAppender: Leader has not got in touch with Follower e50fc3ca-175c-4331-888e-9d5a4b4ffc01@group-0B99C00588B9->6682b1a5-9385-4106-b4a0-cef9873e4e75(c0,m0,n1, attendVote=true, lastRpcSendTime=0, lastRpcResponseTime=3762) yet, just keep nextIndex unchanged and retry.
2023-05-08 09:33:42,087 [grpc-default-executor-0] WARN  server.GrpcLogAppender (LogUtils.java:warn(122)) - e50fc3ca-175c-4331-888e-9d5a4b4ffc01@group-0B99C00588B9->6682b1a5-9385-4106-b4a0-cef9873e4e75-AppendLogResponseHandler: Failed appendEntries: org.apache.ratis.thirdparty.io.grpc.StatusRuntimeException: UNAVAILABLE: io exception
2023-05-08 09:33:42,087 [grpc-default-executor-0] WARN  server.GrpcLogAppender (GrpcLogAppender.java:resetClient(131)) - e50fc3ca-175c-4331-888e-9d5a4b4ffc01@group-0B99C00588B9->6682b1a5-9385-4106-b4a0-cef9873e4e75-GrpcLogAppender: Leader has not got in touch with Follower e50fc3ca-175c-4331-888e-9d5a4b4ffc01@group-0B99C00588B9->6682b1a5-9385-4106-b4a0-cef9873e4e75(c0,m0,n1, attendVote=true, lastRpcSendTime=2, lastRpcResponseTime=3763) yet, just keep nextIndex unchanged and retry.
2023-05-08 09:33:42,285 [ForkJoinPool.commonPool-worker-1] INFO  volume.HddsVolume (HddsVolume.java:closeDbStore(437)) - SchemaV3 db is stopped at /home/runner/work/ozone/ozone/hadoop-ozone/integration-test/target/test-dir/MiniOzoneClusterImpl-9831f382-72e6-431b-adf3-2f9efd8fb9d7/datanode-0/data-0/containers/hdds/9831f382-72e6-431b-adf3-2f9efd8fb9d7/DS-732521fb-9a86-4d89-8582-56a40e02d0ca/container.db for volume DS-732521fb-9a86-4d89-8582-56a40e02d0ca
2023-05-08 09:33:42,286 [ForkJoinPool.commonPool-worker-1] INFO  utils.BackgroundService (BackgroundService.java:shutdown(141)) - Shutting down service BlockDeletingService
2023-05-08 09:33:42,286 [ForkJoinPool.commonPool-worker-1] INFO  utils.BackgroundService (BackgroundService.java:shutdown(141)) - Shutting down service StaleRecoveringContainerScrubbingService
2023-05-08 09:33:42,288 [Listener at 127.0.0.1/45613] INFO  volume.HddsVolume (HddsVolume.java:closeDbStore(437)) - SchemaV3 db is stopped at /home/runner/work/ozone/ozone/hadoop-ozone/integration-test/target/test-dir/MiniOzoneClusterImpl-9831f382-72e6-431b-adf3-2f9efd8fb9d7/datanode-1/data-0/containers/hdds/9831f382-72e6-431b-adf3-2f9efd8fb9d7/DS-9eb95151-d639-4316-a159-7cd7e0a0aef5/container.db for volume DS-9eb95151-d639-4316-a159-7cd7e0a0aef5
2023-05-08 09:33:42,288 [Listener at 127.0.0.1/45613] INFO  utils.BackgroundService (BackgroundService.java:shutdown(141)) - Shutting down service BlockDeletingService
2023-05-08 09:33:42,290 [Listener at 127.0.0.1/45613] INFO  utils.BackgroundService (BackgroundService.java:shutdown(141)) - Shutting down service StaleRecoveringContainerScrubbingService
2023-05-08 09:33:42,292 [ForkJoinPool.commonPool-worker-1] INFO  statemachine.DatanodeStateMachine (DatanodeStateMachine.java:stopDaemon(608)) - Ozone container server stopped.
2023-05-08 09:33:42,310 [Listener at 127.0.0.1/45613] INFO  statemachine.DatanodeStateMachine (DatanodeStateMachine.java:stopDaemon(608)) - Ozone container server stopped.
2023-05-08 09:33:42,320 [ForkJoinPool.commonPool-worker-1] INFO  handler.ContextHandler (ContextHandler.java:doStop(1159)) - Stopped o.e.j.w.WebAppContext@30e8ec65{hddsDatanode,/,null,STOPPED}{jar:file:/home/runner/.m2/repository/org/apache/ozone/hdds-container-service/1.4.0-SNAPSHOT/hdds-container-service-1.4.0-SNAPSHOT.jar!/webapps/hddsDatanode}
2023-05-08 09:33:42,321 [ForkJoinPool.commonPool-worker-1] INFO  server.AbstractConnector (AbstractConnector.java:doStop(383)) - Stopped ServerConnector@15796ef3{HTTP/1.1, (http/1.1)}{0.0.0.0:0}
2023-05-08 09:33:42,323 [ForkJoinPool.commonPool-worker-1] INFO  server.session (HouseKeeper.java:stopScavenging(149)) - node0 Stopped scavenging
2023-05-08 09:33:42,324 [ForkJoinPool.commonPool-worker-1] INFO  handler.ContextHandler (ContextHandler.java:doStop(1159)) - Stopped o.e.j.s.ServletContextHandler@38585c6f{static,/static,jar:file:/home/runner/.m2/repository/org/apache/ozone/hdds-container-service/1.4.0-SNAPSHOT/hdds-container-service-1.4.0-SNAPSHOT.jar!/webapps/static,STOPPED}
2023-05-08 09:33:42,324 [ForkJoinPool.commonPool-worker-1] INFO  handler.ContextHandler (ContextHandler.java:doStop(1159)) - Stopped o.e.j.s.ServletContextHandler@6ebdb61a{logs,/logs,file:///home/runner/work/ozone/ozone/hadoop-ozone/integration-test/target/log,STOPPED}
2023-05-08 09:33:42,328 [Datanode State Machine Daemon Thread] WARN  statemachine.StateContext (StateContext.java:setState(258)) - Ignore disallowed transition from SHUTDOWN to RUNNING
2023-05-08 09:33:42,329 [ForkJoinPool.commonPool-worker-1] INFO  ozoneimpl.OzoneContainer (OzoneContainer.java:stop(419)) - Attempting to stop container services.
2023-05-08 09:33:42,333 [ForkJoinPool.commonPool-worker-1] INFO  server.RaftServer (RaftServerProxy.java:lambda$close$6(409)) - e50fc3ca-175c-4331-888e-9d5a4b4ffc01: close
2023-05-08 09:33:42,333 [e50fc3ca-175c-4331-888e-9d5a4b4ffc01-impl-thread1] INFO  server.RaftServer$Division (RaftServerImpl.java:lambda$close$4(458)) - e50fc3ca-175c-4331-888e-9d5a4b4ffc01@group-1CA41FB13F41: shutdown
2023-05-08 09:33:42,333 [e50fc3ca-175c-4331-888e-9d5a4b4ffc01-impl-thread1] INFO  util.JmxRegister (JmxRegister.java:unregister(73)) - Successfully un-registered JMX Bean with object name Ratis:service=RaftServer,group=group-1CA41FB13F41,id=e50fc3ca-175c-4331-888e-9d5a4b4ffc01
2023-05-08 09:33:42,333 [e50fc3ca-175c-4331-888e-9d5a4b4ffc01-impl-thread1] INFO  impl.RoleInfo (RoleInfo.java:shutdownFollowerState(110)) - e50fc3ca-175c-4331-888e-9d5a4b4ffc01: shutdown e50fc3ca-175c-4331-888e-9d5a4b4ffc01@group-1CA41FB13F41-FollowerState
2023-05-08 09:33:42,333 [e50fc3ca-175c-4331-888e-9d5a4b4ffc01-impl-thread1] INFO  impl.StateMachineUpdater (StateMachineUpdater.java:stopAndJoin(153)) - e50fc3ca-175c-4331-888e-9d5a4b4ffc01@group-1CA41FB13F41-StateMachineUpdater: set stopIndex = 0
2023-05-08 09:33:42,333 [e50fc3ca-175c-4331-888e-9d5a4b4ffc01@group-1CA41FB13F41-FollowerState] INFO  impl.FollowerState (FollowerState.java:run(152)) - e50fc3ca-175c-4331-888e-9d5a4b4ffc01@group-1CA41FB13F41-FollowerState was interrupted
2023-05-08 09:33:42,333 [e50fc3ca-175c-4331-888e-9d5a4b4ffc01@group-1CA41FB13F41-StateMachineUpdater] INFO  ratis.ContainerStateMachine (ContainerStateMachine.java:takeSnapshot(330)) - group-1CA41FB13F41: Taking a snapshot at:(t:1, i:0) file /home/runner/work/ozone/ozone/hadoop-ozone/integration-test/target/test-dir/MiniOzoneClusterImpl-9831f382-72e6-431b-adf3-2f9efd8fb9d7/datanode-2/data/ratis/cf46c7d8-7583-46ff-a254-1ca41fb13f41/sm/snapshot.1_0
2023-05-08 09:33:42,335 [e50fc3ca-175c-4331-888e-9d5a4b4ffc01@group-1CA41FB13F41-StateMachineUpdater] INFO  ratis.ContainerStateMachine (ContainerStateMachine.java:takeSnapshot(341)) - group-1CA41FB13F41: Finished taking a snapshot at:(t:1, i:0) file:/home/runner/work/ozone/ozone/hadoop-ozone/integration-test/target/test-dir/MiniOzoneClusterImpl-9831f382-72e6-431b-adf3-2f9efd8fb9d7/datanode-2/data/ratis/cf46c7d8-7583-46ff-a254-1ca41fb13f41/sm/snapshot.1_0 took: 1 ms
2023-05-08 09:33:42,335 [e50fc3ca-175c-4331-888e-9d5a4b4ffc01@group-1CA41FB13F41-StateMachineUpdater] INFO  impl.StateMachineUpdater (StateMachineUpdater.java:takeSnapshot(287)) - e50fc3ca-175c-4331-888e-9d5a4b4ffc01@group-1CA41FB13F41-StateMachineUpdater: Took a snapshot at index 0
2023-05-08 09:33:42,335 [e50fc3ca-175c-4331-888e-9d5a4b4ffc01@group-1CA41FB13F41-StateMachineUpdater] INFO  impl.StateMachineUpdater (StateMachineUpdater.java:lambda$new$0(92)) - e50fc3ca-175c-4331-888e-9d5a4b4ffc01@group-1CA41FB13F41-StateMachineUpdater: snapshotIndex: updateIncreasingly -1 -> 0
2023-05-08 09:33:42,336 [e50fc3ca-175c-4331-888e-9d5a4b4ffc01-impl-thread1] INFO  server.RaftServer$Division (ServerState.java:close(466)) - e50fc3ca-175c-4331-888e-9d5a4b4ffc01@group-1CA41FB13F41: closes. applyIndex: 0
2023-05-08 09:33:42,336 [e50fc3ca-175c-4331-888e-9d5a4b4ffc01@group-1CA41FB13F41-SegmentedRaftLogWorker] INFO  segmented.SegmentedRaftLogWorker (SegmentedRaftLogWorker.java:run(347)) - e50fc3ca-175c-4331-888e-9d5a4b4ffc01@group-1CA41FB13F41-SegmentedRaftLogWorker was interrupted, exiting. There are 0 tasks remaining in the queue.
2023-05-08 09:33:42,338 [e50fc3ca-175c-4331-888e-9d5a4b4ffc01-impl-thread1] INFO  segmented.SegmentedRaftLogWorker (SegmentedRaftLogWorker.java:close(257)) - e50fc3ca-175c-4331-888e-9d5a4b4ffc01@group-1CA41FB13F41-SegmentedRaftLogWorker close()
2023-05-08 09:33:42,340 [e50fc3ca-175c-4331-888e-9d5a4b4ffc01-impl-thread1] INFO  server.RaftServer$Division (RaftServerImpl.java:lambda$close$4(458)) - e50fc3ca-175c-4331-888e-9d5a4b4ffc01@group-0B99C00588B9: shutdown
2023-05-08 09:33:42,340 [e50fc3ca-175c-4331-888e-9d5a4b4ffc01-impl-thread1] INFO  util.JmxRegister (JmxRegister.java:unregister(73)) - Successfully un-registered JMX Bean with object name Ratis:service=RaftServer,group=group-0B99C00588B9,id=e50fc3ca-175c-4331-888e-9d5a4b4ffc01
2023-05-08 09:33:42,340 [e50fc3ca-175c-4331-888e-9d5a4b4ffc01-impl-thread1] INFO  impl.RoleInfo (RoleInfo.java:shutdownLeaderState(93)) - e50fc3ca-175c-4331-888e-9d5a4b4ffc01: shutdown e50fc3ca-175c-4331-888e-9d5a4b4ffc01@group-0B99C00588B9-LeaderStateImpl
2023-05-08 09:33:42,341 [e50fc3ca-175c-4331-888e-9d5a4b4ffc01-impl-thread1] INFO  impl.PendingRequests (PendingRequests.java:sendNotLeaderResponses(282)) - e50fc3ca-175c-4331-888e-9d5a4b4ffc01@group-0B99C00588B9-PendingRequests: sendNotLeaderResponses
2023-05-08 09:33:42,341 [e50fc3ca-175c-4331-888e-9d5a4b4ffc01-impl-thread1] INFO  impl.StateMachineUpdater (StateMachineUpdater.java:stopAndJoin(153)) - e50fc3ca-175c-4331-888e-9d5a4b4ffc01@group-0B99C00588B9-StateMachineUpdater: set stopIndex = 0
2023-05-08 09:33:42,341 [ForkJoinPool.commonPool-worker-1] INFO  server.GrpcService (GrpcService.java:closeImpl(271)) - e50fc3ca-175c-4331-888e-9d5a4b4ffc01: shutdown server GrpcServerProtocolService now
2023-05-08 09:33:42,341 [e50fc3ca-175c-4331-888e-9d5a4b4ffc01@group-0B99C00588B9-StateMachineUpdater] INFO  ratis.ContainerStateMachine (ContainerStateMachine.java:takeSnapshot(330)) - group-0B99C00588B9: Taking a snapshot at:(t:1, i:0) file /home/runner/work/ozone/ozone/hadoop-ozone/integration-test/target/test-dir/MiniOzoneClusterImpl-9831f382-72e6-431b-adf3-2f9efd8fb9d7/datanode-2/data/ratis/2d1bfc3e-e8ef-4ba8-b2a0-0b99c00588b9/sm/snapshot.1_0
2023-05-08 09:33:42,343 [Listener at 127.0.0.1/45613] INFO  handler.ContextHandler (ContextHandler.java:doStop(1159)) - Stopped o.e.j.w.WebAppContext@5200598a{hddsDatanode,/,null,STOPPED}{jar:file:/home/runner/.m2/repository/org/apache/ozone/hdds-container-service/1.4.0-SNAPSHOT/hdds-container-service-1.4.0-SNAPSHOT.jar!/webapps/hddsDatanode}
2023-05-08 09:33:42,344 [e50fc3ca-175c-4331-888e-9d5a4b4ffc01-impl-thread2] INFO  server.RaftServer$Division (RaftServerImpl.java:lambda$close$4(458)) - e50fc3ca-175c-4331-888e-9d5a4b4ffc01@group-ED35A89A728B: shutdown
2023-05-08 09:33:42,344 [ForkJoinPool.commonPool-worker-1] INFO  server.GrpcServerProtocolClient (GrpcServerProtocolClient.java:close(101)) - d7c57734-1d74-411b-8fcc-d057f09568f6 Close channels
2023-05-08 09:33:42,344 [e50fc3ca-175c-4331-888e-9d5a4b4ffc01-impl-thread2] INFO  util.JmxRegister (JmxRegister.java:unregister(73)) - Successfully un-registered JMX Bean with object name Ratis:service=RaftServer,group=group-ED35A89A728B,id=e50fc3ca-175c-4331-888e-9d5a4b4ffc01
2023-05-08 09:33:42,345 [e50fc3ca-175c-4331-888e-9d5a4b4ffc01-impl-thread2] INFO  impl.RoleInfo (RoleInfo.java:shutdownLeaderState(93)) - e50fc3ca-175c-4331-888e-9d5a4b4ffc01: shutdown e50fc3ca-175c-4331-888e-9d5a4b4ffc01@group-ED35A89A728B-LeaderStateImpl
2023-05-08 09:33:42,345 [e50fc3ca-175c-4331-888e-9d5a4b4ffc01@group-0B99C00588B9-StateMachineUpdater] INFO  ratis.ContainerStateMachine (ContainerStateMachine.java:takeSnapshot(341)) - group-0B99C00588B9: Finished taking a snapshot at:(t:1, i:0) file:/home/runner/work/ozone/ozone/hadoop-ozone/integration-test/target/test-dir/MiniOzoneClusterImpl-9831f382-72e6-431b-adf3-2f9efd8fb9d7/datanode-2/data/ratis/2d1bfc3e-e8ef-4ba8-b2a0-0b99c00588b9/sm/snapshot.1_0 took: 3 ms
2023-05-08 09:33:42,345 [e50fc3ca-175c-4331-888e-9d5a4b4ffc01@group-0B99C00588B9-StateMachineUpdater] INFO  impl.StateMachineUpdater (StateMachineUpdater.java:takeSnapshot(287)) - e50fc3ca-175c-4331-888e-9d5a4b4ffc01@group-0B99C00588B9-StateMachineUpdater: Took a snapshot at index 0
2023-05-08 09:33:42,345 [e50fc3ca-175c-4331-888e-9d5a4b4ffc01@group-0B99C00588B9-StateMachineUpdater] INFO  impl.StateMachineUpdater (StateMachineUpdater.java:lambda$new$0(92)) - e50fc3ca-175c-4331-888e-9d5a4b4ffc01@group-0B99C00588B9-StateMachineUpdater: snapshotIndex: updateIncreasingly -1 -> 0
2023-05-08 09:33:42,345 [e50fc3ca-175c-4331-888e-9d5a4b4ffc01-impl-thread1] INFO  server.RaftServer$Division (ServerState.java:close(466)) - e50fc3ca-175c-4331-888e-9d5a4b4ffc01@group-0B99C00588B9: closes. applyIndex: 0
2023-05-08 09:33:42,345 [e50fc3ca-175c-4331-888e-9d5a4b4ffc01@group-0B99C00588B9-SegmentedRaftLogWorker] INFO  segmented.SegmentedRaftLogWorker (SegmentedRaftLogWorker.java:run(347)) - e50fc3ca-175c-4331-888e-9d5a4b4ffc01@group-0B99C00588B9-SegmentedRaftLogWorker was interrupted, exiting. There are 0 tasks remaining in the queue.
2023-05-08 09:33:42,346 [e50fc3ca-175c-4331-888e-9d5a4b4ffc01-impl-thread2] INFO  impl.PendingRequests (PendingRequests.java:sendNotLeaderResponses(282)) - e50fc3ca-175c-4331-888e-9d5a4b4ffc01@group-ED35A89A728B-PendingRequests: sendNotLeaderResponses
2023-05-08 09:33:42,349 [Listener at 127.0.0.1/45613] INFO  server.AbstractConnector (AbstractConnector.java:doStop(383)) - Stopped ServerConnector@71e6b217{HTTP/1.1, (http/1.1)}{0.0.0.0:0}
2023-05-08 09:33:42,349 [Listener at 127.0.0.1/45613] INFO  server.session (HouseKeeper.java:stopScavenging(149)) - node0 Stopped scavenging
2023-05-08 09:33:42,349 [Listener at 127.0.0.1/45613] INFO  handler.ContextHandler (ContextHandler.java:doStop(1159)) - Stopped o.e.j.s.ServletContextHandler@2f74d7e0{static,/static,jar:file:/home/runner/.m2/repository/org/apache/ozone/hdds-container-service/1.4.0-SNAPSHOT/hdds-container-service-1.4.0-SNAPSHOT.jar!/webapps/static,STOPPED}
2023-05-08 09:33:42,350 [Listener at 127.0.0.1/45613] INFO  handler.ContextHandler (ContextHandler.java:doStop(1159)) - Stopped o.e.j.s.ServletContextHandler@1dd238f8{logs,/logs,file:///home/runner/work/ozone/ozone/hadoop-ozone/integration-test/target/log,STOPPED}
2023-05-08 09:33:42,350 [e50fc3ca-175c-4331-888e-9d5a4b4ffc01-impl-thread1] INFO  segmented.SegmentedRaftLogWorker (SegmentedRaftLogWorker.java:close(257)) - e50fc3ca-175c-4331-888e-9d5a4b4ffc01@group-0B99C00588B9-SegmentedRaftLogWorker close()
2023-05-08 09:33:42,351 [ForkJoinPool.commonPool-worker-1] INFO  server.GrpcServerProtocolClient (GrpcServerProtocolClient.java:close(101)) - 6682b1a5-9385-4106-b4a0-cef9873e4e75 Close channels
2023-05-08 09:33:42,352 [ForkJoinPool.commonPool-worker-1] INFO  server.GrpcService (GrpcService.java:closeImpl(280)) - e50fc3ca-175c-4331-888e-9d5a4b4ffc01: shutdown server GrpcServerProtocolService successfully
2023-05-08 09:33:42,352 [e50fc3ca-175c-4331-888e-9d5a4b4ffc01@group-ED35A89A728B-StateMachineUpdater] INFO  ratis.ContainerStateMachine (ContainerStateMachine.java:takeSnapshot(330)) - group-ED35A89A728B: Taking a snapshot at:(t:1, i:3) file /home/runner/work/ozone/ozone/hadoop-ozone/integration-test/target/test-dir/MiniOzoneClusterImpl-9831f382-72e6-431b-adf3-2f9efd8fb9d7/datanode-2/data/ratis/e98d93f5-ae52-4fa7-ada1-ed35a89a728b/sm/snapshot.1_3
2023-05-08 09:33:42,353 [e50fc3ca-175c-4331-888e-9d5a4b4ffc01-NettyServerStreamRpc-bossGroup--thread1] INFO  logging.LoggingHandler (AbstractInternalLogger.java:log(148)) - [id: 0x24cb78e8, L:/0:0:0:0:0:0:0:0:41371] CLOSE
2023-05-08 09:33:42,353 [e50fc3ca-175c-4331-888e-9d5a4b4ffc01-NettyServerStreamRpc-bossGroup--thread1] INFO  logging.LoggingHandler (AbstractInternalLogger.java:log(148)) - [id: 0x24cb78e8, L:/0:0:0:0:0:0:0:0:41371] INACTIVE
2023-05-08 09:33:42,353 [e50fc3ca-175c-4331-888e-9d5a4b4ffc01-NettyServerStreamRpc-bossGroup--thread1] INFO  logging.LoggingHandler (AbstractInternalLogger.java:log(148)) - [id: 0x24cb78e8, L:/0:0:0:0:0:0:0:0:41371] UNREGISTERED
2023-05-08 09:33:42,353 [e50fc3ca-175c-4331-888e-9d5a4b4ffc01-impl-thread2] INFO  impl.StateMachineUpdater (StateMachineUpdater.java:stopAndJoin(153)) - e50fc3ca-175c-4331-888e-9d5a4b4ffc01@group-ED35A89A728B-StateMachineUpdater: set stopIndex = 3
2023-05-08 09:33:42,354 [e50fc3ca-175c-4331-888e-9d5a4b4ffc01@group-ED35A89A728B-StateMachineUpdater] INFO  ratis.ContainerStateMachine (ContainerStateMachine.java:takeSnapshot(341)) - group-ED35A89A728B: Finished taking a snapshot at:(t:1, i:3) file:/home/runner/work/ozone/ozone/hadoop-ozone/integration-test/target/test-dir/MiniOzoneClusterImpl-9831f382-72e6-431b-adf3-2f9efd8fb9d7/datanode-2/data/ratis/e98d93f5-ae52-4fa7-ada1-ed35a89a728b/sm/snapshot.1_3 took: 2 ms
2023-05-08 09:33:42,354 [e50fc3ca-175c-4331-888e-9d5a4b4ffc01@group-ED35A89A728B-StateMachineUpdater] INFO  impl.StateMachineUpdater (StateMachineUpdater.java:takeSnapshot(287)) - e50fc3ca-175c-4331-888e-9d5a4b4ffc01@group-ED35A89A728B-StateMachineUpdater: Took a snapshot at index 3
2023-05-08 09:33:42,354 [e50fc3ca-175c-4331-888e-9d5a4b4ffc01@group-ED35A89A728B-StateMachineUpdater] INFO  impl.StateMachineUpdater (StateMachineUpdater.java:lambda$new$0(92)) - e50fc3ca-175c-4331-888e-9d5a4b4ffc01@group-ED35A89A728B-StateMachineUpdater: snapshotIndex: updateIncreasingly -1 -> 3
2023-05-08 09:33:42,362 [e50fc3ca-175c-4331-888e-9d5a4b4ffc01-impl-thread2] INFO  server.RaftServer$Division (ServerState.java:close(466)) - e50fc3ca-175c-4331-888e-9d5a4b4ffc01@group-ED35A89A728B: closes. applyIndex: 3
2023-05-08 09:33:42,362 [e50fc3ca-175c-4331-888e-9d5a4b4ffc01@group-ED35A89A728B-SegmentedRaftLogWorker] INFO  segmented.SegmentedRaftLogWorker (SegmentedRaftLogWorker.java:run(347)) - e50fc3ca-175c-4331-888e-9d5a4b4ffc01@group-ED35A89A728B-SegmentedRaftLogWorker was interrupted, exiting. There are 0 tasks remaining in the queue.
2023-05-08 09:33:42,362 [e50fc3ca-175c-4331-888e-9d5a4b4ffc01-impl-thread2] INFO  segmented.SegmentedRaftLogWorker (SegmentedRaftLogWorker.java:close(257)) - e50fc3ca-175c-4331-888e-9d5a4b4ffc01@group-ED35A89A728B-SegmentedRaftLogWorker close()
2023-05-08 09:33:42,363 [JvmPauseMonitor3] INFO  util.JvmPauseMonitor (JvmPauseMonitor.java:run(111)) - JvmPauseMonitor-e50fc3ca-175c-4331-888e-9d5a4b4ffc01: Stopped
2023-05-08 09:33:44,368 [ForkJoinPool.commonPool-worker-1] INFO  volume.HddsVolume (HddsVolume.java:closeDbStore(437)) - SchemaV3 db is stopped at /home/runner/work/ozone/ozone/hadoop-ozone/integration-test/target/test-dir/MiniOzoneClusterImpl-9831f382-72e6-431b-adf3-2f9efd8fb9d7/datanode-2/data-0/containers/hdds/9831f382-72e6-431b-adf3-2f9efd8fb9d7/DS-b2ed8503-216e-46d6-876d-b02105ca1cd2/container.db for volume DS-b2ed8503-216e-46d6-876d-b02105ca1cd2
2023-05-08 09:33:44,369 [ForkJoinPool.commonPool-worker-1] INFO  utils.BackgroundService (BackgroundService.java:shutdown(141)) - Shutting down service BlockDeletingService
2023-05-08 09:33:44,370 [ForkJoinPool.commonPool-worker-1] INFO  utils.BackgroundService (BackgroundService.java:shutdown(141)) - Shutting down service StaleRecoveringContainerScrubbingService
2023-05-08 09:33:44,372 [ForkJoinPool.commonPool-worker-1] INFO  statemachine.DatanodeStateMachine (DatanodeStateMachine.java:stopDaemon(608)) - Ozone container server stopped.
2023-05-08 09:33:44,381 [ForkJoinPool.commonPool-worker-1] INFO  handler.ContextHandler (ContextHandler.java:doStop(1159)) - Stopped o.e.j.w.WebAppContext@2ab94da4{hddsDatanode,/,null,STOPPED}{jar:file:/home/runner/.m2/repository/org/apache/ozone/hdds-container-service/1.4.0-SNAPSHOT/hdds-container-service-1.4.0-SNAPSHOT.jar!/webapps/hddsDatanode}
2023-05-08 09:33:44,381 [ForkJoinPool.commonPool-worker-1] INFO  server.AbstractConnector (AbstractConnector.java:doStop(383)) - Stopped ServerConnector@526a8ab5{HTTP/1.1, (http/1.1)}{0.0.0.0:0}
2023-05-08 09:33:44,381 [ForkJoinPool.commonPool-worker-1] INFO  server.session (HouseKeeper.java:stopScavenging(149)) - node0 Stopped scavenging
2023-05-08 09:33:44,382 [ForkJoinPool.commonPool-worker-1] INFO  handler.ContextHandler (ContextHandler.java:doStop(1159)) - Stopped o.e.j.s.ServletContextHandler@7d72888d{static,/static,jar:file:/home/runner/.m2/repository/org/apache/ozone/hdds-container-service/1.4.0-SNAPSHOT/hdds-container-service-1.4.0-SNAPSHOT.jar!/webapps/static,STOPPED}
2023-05-08 09:33:44,382 [ForkJoinPool.commonPool-worker-1] INFO  handler.ContextHandler (ContextHandler.java:doStop(1159)) - Stopped o.e.j.s.ServletContextHandler@4612321c{logs,/logs,file:///home/runner/work/ozone/ozone/hadoop-ozone/integration-test/target/log,STOPPED}
2023-05-08 09:33:44,384 [Listener at 127.0.0.1/45613] INFO  ozone.MiniOzoneClusterImpl (MiniOzoneClusterImpl.java:stopSCM(554)) - Stopping the StorageContainerManager
2023-05-08 09:33:44,384 [Listener at 127.0.0.1/45613] INFO  server.StorageContainerManager (StorageContainerManager.java:stop(1578)) - Container Balancer is not running.
2023-05-08 09:33:44,384 [Listener at 127.0.0.1/45613] INFO  server.StorageContainerManager (StorageContainerManager.java:stopReplicationManager(1709)) - Stopping Replication Manager Service.
2023-05-08 09:33:44,384 [Listener at 127.0.0.1/45613] INFO  replication.ReplicationManager (ReplicationManager.java:stop(326)) - Stopping Replication Monitor Thread.
2023-05-08 09:33:44,384 [Listener at 127.0.0.1/45613] INFO  server.StorageContainerManager (StorageContainerManager.java:stop(1587)) - Stopping the Datanode Admin Monitor.
2023-05-08 09:33:44,384 [Under Replicated Processor] WARN  replication.UnhealthyReplicationProcessor (UnhealthyReplicationProcessor.java:run(167)) - Under Replicated Processor interrupted. Exiting...
2023-05-08 09:33:44,384 [Over Replicated Processor] WARN  replication.UnhealthyReplicationProcessor (UnhealthyReplicationProcessor.java:run(167)) - Over Replicated Processor interrupted. Exiting...
2023-05-08 09:33:44,385 [ReplicationMonitor] INFO  replication.ReplicationManager (ReplicationManager.java:run(937)) - Replication Monitor Thread is stopped
2023-05-08 09:33:44,384 [Listener at 127.0.0.1/45613] INFO  server.StorageContainerManager (StorageContainerManager.java:stop(1594)) - Stopping datanode service RPC server
2023-05-08 09:33:44,385 [Listener at 127.0.0.1/45613] INFO  server.SCMDatanodeProtocolServer (SCMDatanodeProtocolServer.java:stop(424)) - Stopping the RPC server for DataNodes
2023-05-08 09:33:44,385 [Listener at 127.0.0.1/45613] INFO  ipc.Server (Server.java:stop(3501)) - Stopping server on 39863
2023-05-08 09:33:44,391 [IPC Server listener on 0] INFO  ipc.Server (Server.java:run(1430)) - Stopping IPC Server listener on 0
2023-05-08 09:33:44,392 [IPC Server Responder] INFO  ipc.Server (Server.java:run(1563)) - Stopping IPC Server Responder
2023-05-08 09:33:44,429 [SCM Heartbeat Processing Thread - 0] WARN  node.NodeStateManager (NodeStateManager.java:scheduleNextHealthCheck(870)) - Current Thread is interrupted, shutting down HB processing thread for Node Manager.
2023-05-08 09:33:44,429 [Listener at 127.0.0.1/45613] INFO  server.StorageContainerManager (StorageContainerManager.java:stop(1602)) - Stopping block service RPC server
2023-05-08 09:33:44,430 [Listener at 127.0.0.1/45613] INFO  server.SCMBlockProtocolServer (SCMBlockProtocolServer.java:stop(161)) - Stopping the RPC server for Block Protocol
2023-05-08 09:33:44,430 [Listener at 127.0.0.1/45613] INFO  ipc.Server (Server.java:stop(3501)) - Stopping server on 45271
2023-05-08 09:33:44,431 [IPC Server Responder] INFO  ipc.Server (Server.java:run(1563)) - Stopping IPC Server Responder
2023-05-08 09:33:44,431 [IPC Server listener on 0] INFO  ipc.Server (Server.java:run(1430)) - Stopping IPC Server listener on 0
2023-05-08 09:33:44,432 [Listener at 127.0.0.1/45613] INFO  server.StorageContainerManager (StorageContainerManager.java:stop(1609)) - Stopping the StorageContainerLocationProtocol RPC server
2023-05-08 09:33:44,432 [Listener at 127.0.0.1/45613] INFO  server.SCMClientProtocolServer (SCMClientProtocolServer.java:stop(208)) - Stopping the RPC server for Client Protocol
2023-05-08 09:33:44,432 [Listener at 127.0.0.1/45613] INFO  ipc.Server (Server.java:stop(3501)) - Stopping server on 34775
2023-05-08 09:33:44,432 [IPC Server listener on 0] INFO  ipc.Server (Server.java:run(1430)) - Stopping IPC Server listener on 0
2023-05-08 09:33:44,433 [Listener at 127.0.0.1/45613] INFO  server.StorageContainerManager (StorageContainerManager.java:stop(1616)) - Stopping Storage Container Manager HTTP server.
2023-05-08 09:33:44,433 [IPC Server Responder] INFO  ipc.Server (Server.java:run(1563)) - Stopping IPC Server Responder
2023-05-08 09:33:44,434 [Listener at 127.0.0.1/45613] INFO  handler.ContextHandler (ContextHandler.java:doStop(1159)) - Stopped o.e.j.w.WebAppContext@768bb2bf{scm,/,null,STOPPED}{file:/home/runner/work/ozone/ozone/hadoop-ozone/integration-test/target/test-classes/webapps/scm}
2023-05-08 09:33:44,435 [Listener at 127.0.0.1/45613] INFO  server.AbstractConnector (AbstractConnector.java:doStop(383)) - Stopped ServerConnector@4ffccb3d{HTTP/1.1, (http/1.1)}{0.0.0.0:0}
2023-05-08 09:33:44,435 [Listener at 127.0.0.1/45613] INFO  server.session (HouseKeeper.java:stopScavenging(149)) - node0 Stopped scavenging
2023-05-08 09:33:44,435 [Listener at 127.0.0.1/45613] INFO  handler.ContextHandler (ContextHandler.java:doStop(1159)) - Stopped o.e.j.s.ServletContextHandler@66db970e{static,/static,file:///home/runner/work/ozone/ozone/hadoop-ozone/integration-test/target/test-classes/webapps/static,STOPPED}
2023-05-08 09:33:44,435 [Listener at 127.0.0.1/45613] INFO  handler.ContextHandler (ContextHandler.java:doStop(1159)) - Stopped o.e.j.s.ServletContextHandler@1ac93c54{logs,/logs,file:///home/runner/work/ozone/ozone/hadoop-ozone/integration-test/target/log,STOPPED}
2023-05-08 09:33:44,436 [Listener at 127.0.0.1/45613] INFO  server.StorageContainerManager (StorageContainerManager.java:stop(1624)) - Stopping SCM LayoutVersionManager Service.
2023-05-08 09:33:44,436 [Listener at 127.0.0.1/45613] INFO  server.StorageContainerManager (StorageContainerManager.java:stop(1632)) - Stopping Block Manager Service.
2023-05-08 09:33:44,436 [Listener at 127.0.0.1/45613] INFO  utils.BackgroundService (BackgroundService.java:shutdown(141)) - Shutting down service SCMBlockDeletingService
2023-05-08 09:33:44,436 [Listener at 127.0.0.1/45613] INFO  utils.BackgroundService (BackgroundService.java:shutdown(141)) - Shutting down service SCMBlockDeletingService
2023-05-08 09:33:44,437 [Listener at 127.0.0.1/45613] INFO  server.StorageContainerManager (StorageContainerManager.java:stop(1654)) - Stopping SCM Event Queue.
2023-05-08 09:33:44,439 [Listener at 127.0.0.1/45613] INFO  server.StorageContainerManager (StorageContainerManager.java:stop(1665)) - Stopping SCM HA services.
2023-05-08 09:33:44,439 [Listener at 127.0.0.1/45613] INFO  pipeline.BackgroundPipelineCreator (BackgroundPipelineCreator.java:stop(149)) - Stopping RatisPipelineUtilsThread.
2023-05-08 09:33:44,440 [RatisPipelineUtilsThread - 0] WARN  pipeline.BackgroundPipelineCreator (BackgroundPipelineCreator.java:run(180)) - RatisPipelineUtilsThread is interrupted.
2023-05-08 09:33:44,440 [Listener at 127.0.0.1/45613] INFO  BackgroundPipelineScrubber (BackgroundSCMService.java:stop(131)) - Stopping BackgroundPipelineScrubber Service.
2023-05-08 09:33:44,440 [BackgroundPipelineScrubberThread] WARN  BackgroundPipelineScrubber (BackgroundSCMService.java:run(115)) - BackgroundPipelineScrubber is interrupted, exit
2023-05-08 09:33:44,441 [Listener at 127.0.0.1/45613] INFO  impl.MetricsSystemImpl (MetricsSystemImpl.java:stop(210)) - Stopping XceiverClientMetrics metrics system...
2023-05-08 09:33:44,446 [prometheus] INFO  impl.MetricsSinkAdapter (MetricsSinkAdapter.java:publishMetricsFromQueue(141)) - prometheus thread interrupted.
2023-05-08 09:33:44,446 [Listener at 127.0.0.1/45613] INFO  impl.MetricsSystemImpl (MetricsSystemImpl.java:stop(216)) - XceiverClientMetrics metrics system stopped.
2023-05-08 09:33:44,446 [Listener at 127.0.0.1/45613] WARN  pipeline.BackgroundPipelineCreator (BackgroundPipelineCreator.java:stop(145)) - RatisPipelineUtilsThread is not running, just ignore.
2023-05-08 09:33:44,446 [Listener at 127.0.0.1/45613] INFO  BackgroundPipelineScrubber (BackgroundSCMService.java:stop(126)) - BackgroundPipelineScrubber Service is not running, skip stop.
2023-05-08 09:33:44,446 [Listener at 127.0.0.1/45613] INFO  ExpiredContainerReplicaOpScrubber (BackgroundSCMService.java:stop(131)) - Stopping ExpiredContainerReplicaOpScrubber Service.
2023-05-08 09:33:44,446 [ExpiredContainerReplicaOpScrubberThread] WARN  ExpiredContainerReplicaOpScrubber (BackgroundSCMService.java:run(115)) - ExpiredContainerReplicaOpScrubber is interrupted, exit
2023-05-08 09:33:44,446 [Listener at 127.0.0.1/45613] INFO  utils.BackgroundService (BackgroundService.java:shutdown(141)) - Shutting down service SCMBlockDeletingService
2023-05-08 09:33:44,446 [Listener at 127.0.0.1/45613] INFO  replication.ReplicationManager (ReplicationManager.java:stop(336)) - Replication Monitor Thread is not running.
2023-05-08 09:33:44,447 [Listener at 127.0.0.1/45613] WARN  balancer.ContainerBalancer (ContainerBalancer.java:stop(324)) - Cannot stop Container Balancer because it's not running or stopping
2023-05-08 09:33:44,447 [Listener at 127.0.0.1/45613] INFO  server.StorageContainerManager (StorageContainerManager.java:stop(1700)) - Stopping SCM MetadataStore.
]]></system-out>
  </testcase>
  <testcase name="testBlockDeletingThrottling" classname="org.apache.hadoop.ozone.TestStorageContainerManager" time="27.213">
    <system-out><![CDATA[2023-05-08 09:33:44,503 [Time-limited test] WARN  server.ServerUtils (ServerUtils.java:getScmDbDir(148)) - ozone.scm.db.dirs is not configured. We recommend adding this setting. Falling back to ozone.metadata.dirs instead.
2023-05-08 09:33:44,505 [Time-limited test] WARN  server.ServerUtils (ServerUtils.java:getScmDbDir(148)) - ozone.scm.db.dirs is not configured. We recommend adding this setting. Falling back to ozone.metadata.dirs instead.
2023-05-08 09:33:44,506 [Time-limited test] INFO  ha.SCMHANodeDetails (SCMHANodeDetails.java:loadSCMHAConfig(209)) - ServiceID for StorageContainerManager is null
2023-05-08 09:33:44,506 [Time-limited test] WARN  ha.SCMHANodeDetails (SCMHANodeDetails.java:validateSCMHAConfig(182)) - Invalid config ozone.scm.ratis.enable. The config was not specified, but the default value true conflicts with the expected config value false. Falling back to the expected value. Current State of SCM: SCM is running in Non-HA without Ratis Ratis SCM -> Non Ratis SCM or Non HA SCM -> HA SCM is not supported
2023-05-08 09:33:44,506 [Time-limited test] INFO  ha.SCMHANodeDetails (SCMHANodeDetails.java:loadSCMHAConfig(214)) - ozone.scm.default.service.id is not defined, falling back to ozone.scm.service.ids to find serviceID for StorageContainerManager if it is HA enabled cluster
2023-05-08 09:33:44,507 [Time-limited test] WARN  utils.HAUtils (HAUtils.java:getMetaDir(350)) - ozone.scm.db.dirs is not configured. We recommend adding this setting. Falling back to ozone.metadata.dirs instead.
2023-05-08 09:33:44,507 [Time-limited test] WARN  db.DBStoreBuilder (DBStoreBuilder.java:applyDBDefinition(164)) - ozone.scm.db.dirs is not configured. We recommend adding this setting. Falling back to ozone.metadata.dirs instead.
2023-05-08 09:33:44,603 [Time-limited test] INFO  net.NodeSchemaLoader (NodeSchemaLoader.java:loadSchemaFromFile(129)) - Loading schema from [jar:file:/home/runner/.m2/repository/org/apache/ozone/hdds-common/1.4.0-SNAPSHOT/hdds-common-1.4.0-SNAPSHOT.jar!/network-topology-default.xml]
2023-05-08 09:33:44,603 [Time-limited test] INFO  net.NodeSchemaLoader (NodeSchemaLoader.java:loadSchema(176)) - Loading network topology layer schema file
2023-05-08 09:33:44,606 [Time-limited test] INFO  upgrade.AbstractLayoutVersionManager (AbstractLayoutVersionManager.java:init(83)) - Initializing Layout version manager with metadata layout = WEBUI_PORTS_IN_DATANODEDETAILS (version = 6), software layout = WEBUI_PORTS_IN_DATANODEDETAILS (version = 6)
2023-05-08 09:33:44,657 [Time-limited test] INFO  reflections.Reflections (Reflections.java:scan(232)) - Reflections took 50 ms to scan 7 urls, producing 156 keys and 369 values 
2023-05-08 09:33:44,659 [Time-limited test] INFO  ha.SequenceIdGenerator (SequenceIdGenerator.java:upgradeToSequenceId(349)) - upgrade localId to 111677748019200000
2023-05-08 09:33:44,659 [Time-limited test] INFO  ha.SequenceIdGenerator (SequenceIdGenerator.java:upgradeToSequenceId(359)) - upgrade delTxnId to 0
2023-05-08 09:33:44,659 [Time-limited test] INFO  ha.SequenceIdGenerator (SequenceIdGenerator.java:upgradeToSequenceId(376)) - upgrade containerId to 0
2023-05-08 09:33:44,659 [Time-limited test] INFO  ha.SequenceIdGenerator (SequenceIdGenerator.java:<init>(220)) - Init the HA SequenceIdGenerator.
2023-05-08 09:33:44,660 [Time-limited test] INFO  node.SCMNodeManager (SCMNodeManager.java:<init>(159)) - Entering startup safe mode.
2023-05-08 09:33:44,661 [Time-limited test] INFO  algorithms.ContainerPlacementPolicyFactory (ContainerPlacementPolicyFactory.java:getPolicyInternal(86)) - Create container placement policy of type org.apache.hadoop.hdds.scm.container.placement.algorithms.SCMContainerPlacementRackAware
2023-05-08 09:33:44,661 [Time-limited test] INFO  algorithms.ContainerPlacementPolicyFactory (ContainerPlacementPolicyFactory.java:getPolicyInternal(86)) - Create container placement policy of type org.apache.hadoop.hdds.scm.container.placement.algorithms.SCMContainerPlacementRackScatter
2023-05-08 09:33:44,661 [Time-limited test] INFO  pipeline.PipelineStateManagerImpl (PipelineStateManagerImpl.java:initialize(78)) - No pipeline exists in current db
2023-05-08 09:33:44,661 [Time-limited test] INFO  algorithms.LeaderChoosePolicyFactory (LeaderChoosePolicyFactory.java:getPolicy(57)) - Create leader choose policy of type org.apache.hadoop.hdds.scm.pipeline.leader.choose.algorithms.MinLeaderCountChoosePolicy
2023-05-08 09:33:44,661 [Time-limited test] INFO  algorithms.ContainerPlacementPolicyFactory (ContainerPlacementPolicyFactory.java:getPolicyInternal(86)) - Create container placement policy of type org.apache.hadoop.hdds.scm.container.placement.algorithms.SCMContainerPlacementRackScatter
2023-05-08 09:33:44,661 [Time-limited test] INFO  ha.SCMServiceManager (SCMServiceManager.java:register(42)) - Registering service BackgroundPipelineCreator.
2023-05-08 09:33:44,661 [Time-limited test] INFO  pipeline.BackgroundPipelineCreator (BackgroundPipelineCreator.java:start(124)) - Starting RatisPipelineUtilsThread.
2023-05-08 09:33:44,662 [Time-limited test] INFO  BackgroundPipelineScrubber (BackgroundSCMService.java:start(68)) - Starting BackgroundPipelineScrubber Service.
2023-05-08 09:33:44,662 [Time-limited test] INFO  ha.SCMServiceManager (SCMServiceManager.java:register(42)) - Registering service BackgroundPipelineScrubber.
2023-05-08 09:33:44,662 [Time-limited test] INFO  ExpiredContainerReplicaOpScrubber (BackgroundSCMService.java:start(68)) - Starting ExpiredContainerReplicaOpScrubber Service.
2023-05-08 09:33:44,662 [Time-limited test] INFO  ha.SCMServiceManager (SCMServiceManager.java:register(42)) - Registering service ExpiredContainerReplicaOpScrubber.
2023-05-08 09:33:44,663 [Time-limited test] INFO  algorithms.PipelineChoosePolicyFactory (PipelineChoosePolicyFactory.java:createPipelineChoosePolicyFromClass(73)) - Create pipeline choose policy of type org.apache.hadoop.hdds.scm.pipeline.choose.algorithms.RandomPipelineChoosePolicy
2023-05-08 09:33:44,664 [Time-limited test] INFO  ha.SCMServiceManager (SCMServiceManager.java:register(42)) - Registering service SCMBlockDeletingService.
2023-05-08 09:33:44,664 [Time-limited test] INFO  replication.ReplicationManager (ReplicationManager.java:start(293)) - Starting Replication Monitor Thread.
2023-05-08 09:33:44,668 [Time-limited test] INFO  ha.SCMServiceManager (SCMServiceManager.java:register(42)) - Registering service ReplicationManager.
2023-05-08 09:33:44,668 [Time-limited test] INFO  safemode.ContainerSafeModeRule (ContainerSafeModeRule.java:<init>(89)) - containers with one replica threshold count 0
2023-05-08 09:33:44,669 [Time-limited test] INFO  safemode.HealthyPipelineSafeModeRule (HealthyPipelineSafeModeRule.java:initializeRule(169)) - Total pipeline count is 0, healthy pipeline threshold count is 0
2023-05-08 09:33:44,669 [Time-limited test] INFO  safemode.OneReplicaPipelineSafeModeRule (OneReplicaPipelineSafeModeRule.java:initializeRule(180)) - Total pipeline count is 0, pipeline's with at least one datanode reported threshold count is 0
2023-05-08 09:33:44,669 [ReplicationMonitor] INFO  replication.ReplicationManager (ReplicationManager.java:processAll(368)) - Replication Manager is not ready to run until 3000ms after safemode exit
2023-05-08 09:33:44,669 [Time-limited test] INFO  server.StorageContainerManager (StorageContainerManager.java:<init>(403)) - SCM start with adminUsers: [runner]
2023-05-08 09:33:44,670 [Time-limited test] INFO  ipc.CallQueueManager (CallQueueManager.java:<init>(90)) - Using callQueue: class java.util.concurrent.LinkedBlockingQueue, queueCapacity: 2000, scheduler: class org.apache.hadoop.ipc.DefaultRpcScheduler, ipcBackoff: false.
2023-05-08 09:33:44,670 [Socket Reader #1 for port 0] INFO  ipc.Server (Server.java:run(1319)) - Starting Socket Reader #1 for port 0
2023-05-08 09:33:44,671 [Listener at 0.0.0.0/39945] INFO  ipc.CallQueueManager (CallQueueManager.java:<init>(90)) - Using callQueue: class java.util.concurrent.LinkedBlockingQueue, queueCapacity: 2000, scheduler: class org.apache.hadoop.ipc.DefaultRpcScheduler, ipcBackoff: false.
2023-05-08 09:33:44,672 [Socket Reader #1 for port 0] INFO  ipc.Server (Server.java:run(1319)) - Starting Socket Reader #1 for port 0
2023-05-08 09:33:44,672 [Listener at 0.0.0.0/34811] INFO  ipc.CallQueueManager (CallQueueManager.java:<init>(90)) - Using callQueue: class java.util.concurrent.LinkedBlockingQueue, queueCapacity: 2000, scheduler: class org.apache.hadoop.ipc.DefaultRpcScheduler, ipcBackoff: false.
2023-05-08 09:33:44,673 [Socket Reader #1 for port 0] INFO  ipc.Server (Server.java:run(1319)) - Starting Socket Reader #1 for port 0
2023-05-08 09:33:44,677 [Listener at 0.0.0.0/39887] INFO  ha.SCMServiceManager (SCMServiceManager.java:register(42)) - Registering service ContainerBalancer.
2023-05-08 09:33:44,677 [Listener at 0.0.0.0/39887] INFO  server.StorageContainerManager (StorageContainerManager.java:<init>(420)) - 
Container Balancer status:
Key                            Value
Running                        false
Container Balancer Configuration values:
Key                                                Value
Threshold                                          10
Max Datanodes to Involve per Iteration(percent)    20
Max Size to Move per Iteration                     500GB
Max Size Entering Target per Iteration             26GB
Max Size Leaving Source per Iteration              26GB

2023-05-08 09:33:44,677 [Listener at 0.0.0.0/39887] INFO  ha.SCMContext (SCMContext.java:updateSafeModeStatus(228)) - Update SafeModeStatus from SafeModeStatus{safeModeStatus=true, preCheckPassed=false} to SafeModeStatus{safeModeStatus=true, preCheckPassed=false}.
2023-05-08 09:33:44,677 [Listener at 0.0.0.0/39887] INFO  server.StorageContainerManager (StorageContainerManager.java:start(1477)) - StorageContainerLocationProtocol RPC server is listening at /0.0.0.0:39887
2023-05-08 09:33:44,678 [Listener at 0.0.0.0/39887] WARN  impl.MetricsConfig (MetricsConfig.java:loadFirst(136)) - Cannot locate configuration: tried hadoop-metrics2-storagecontainermanager.properties,hadoop-metrics2.properties
2023-05-08 09:33:44,679 [Listener at 0.0.0.0/39887] INFO  impl.MetricsSystemImpl (MetricsSystemImpl.java:startTimer(378)) - Scheduled Metric snapshot period at 10 second(s).
2023-05-08 09:33:44,679 [Listener at 0.0.0.0/39887] INFO  impl.MetricsSystemImpl (MetricsSystemImpl.java:start(191)) - StorageContainerManager metrics system started
2023-05-08 09:33:44,702 [Listener at 0.0.0.0/39887] INFO  impl.MetricsSinkAdapter (MetricsSinkAdapter.java:start(204)) - Sink prometheus started
2023-05-08 09:33:44,706 [Listener at 0.0.0.0/39887] INFO  impl.MetricsSystemImpl (MetricsSystemImpl.java:registerSink(305)) - Registered sink prometheus
2023-05-08 09:33:44,720 [Listener at 0.0.0.0/39887] INFO  server.SCMClientProtocolServer (SCMClientProtocolServer.java:start(199)) - RPC server for Client  is listening at /0.0.0.0:39887
2023-05-08 09:33:44,720 [IPC Server Responder] INFO  ipc.Server (Server.java:run(1558)) - IPC Server Responder: starting
2023-05-08 09:33:44,721 [IPC Server listener on 0] INFO  ipc.Server (Server.java:run(1398)) - IPC Server listener on 0: starting
2023-05-08 09:33:44,722 [Listener at 0.0.0.0/39887] INFO  server.StorageContainerManager (StorageContainerManager.java:start(1491)) - ScmBlockLocationProtocol RPC server is listening at /0.0.0.0:34811
2023-05-08 09:33:44,722 [Listener at 0.0.0.0/39887] INFO  server.SCMBlockProtocolServer (SCMBlockProtocolServer.java:start(152)) - RPC server for Block Protocol is listening at /0.0.0.0:34811
2023-05-08 09:33:44,723 [IPC Server Responder] INFO  ipc.Server (Server.java:run(1558)) - IPC Server Responder: starting
2023-05-08 09:33:44,723 [IPC Server listener on 0] INFO  ipc.Server (Server.java:run(1398)) - IPC Server listener on 0: starting
2023-05-08 09:33:44,725 [Listener at 0.0.0.0/39887] INFO  server.SCMDatanodeProtocolServer (SCMDatanodeProtocolServer.java:start(193)) - ScmDatanodeProtocol RPC server for DataNodes is listening at /0.0.0.0:39945
2023-05-08 09:33:44,727 [IPC Server Responder] INFO  ipc.Server (Server.java:run(1558)) - IPC Server Responder: starting
2023-05-08 09:33:44,727 [IPC Server listener on 0] INFO  ipc.Server (Server.java:run(1398)) - IPC Server listener on 0: starting
2023-05-08 09:33:44,733 [org.apache.hadoop.util.JvmPauseMonitor$Monitor@50d8cbb] INFO  util.JvmPauseMonitor (JvmPauseMonitor.java:run(188)) - Starting JVM pause monitor
2023-05-08 09:33:44,733 [Listener at 0.0.0.0/39887] INFO  http.BaseHttpServer (BaseHttpServer.java:newHttpServer2BuilderForOzone(224)) - Starting Web-server for scm at: http://0.0.0.0:0
2023-05-08 09:33:44,733 [Listener at 0.0.0.0/39887] INFO  http.BaseHttpServer (BaseHttpServer.java:<init>(111)) - Hadoop Security Enabled: false Ozone Security Enabled: false Ozone HTTP Security Enabled: false 
2023-05-08 09:33:44,735 [Listener at 0.0.0.0/39887] WARN  server.AuthenticationFilter (AuthenticationFilter.java:constructSecretProvider(240)) - Unable to initialize FileSignerSecretProvider, falling back to use random secrets. Reason: Could not read signature secret file: /home/runner/hadoop-http-auth-signature-secret
2023-05-08 09:33:44,737 [Listener at 0.0.0.0/39887] INFO  http.HttpRequestLog (HttpRequestLog.java:getRequestLog(86)) - Http request log for http.requests.scm is not defined
2023-05-08 09:33:44,739 [Listener at 0.0.0.0/39887] INFO  http.HttpServer2 (HttpServer2.java:addGlobalFilter(1031)) - Added global filter 'safety' (class=org.apache.hadoop.hdds.server.http.HttpServer2$QuotingInputFilter)
2023-05-08 09:33:44,741 [Listener at 0.0.0.0/39887] INFO  http.HttpServer2 (HttpServer2.java:addFilter(1007)) - Added filter static_user_filter (class=org.apache.hadoop.http.lib.StaticUserWebFilter$StaticUserFilter) to context scm
2023-05-08 09:33:44,741 [Listener at 0.0.0.0/39887] INFO  http.HttpServer2 (HttpServer2.java:addFilter(1015)) - Added filter static_user_filter (class=org.apache.hadoop.http.lib.StaticUserWebFilter$StaticUserFilter) to context logs
2023-05-08 09:33:44,741 [Listener at 0.0.0.0/39887] INFO  http.HttpServer2 (HttpServer2.java:addFilter(1015)) - Added filter static_user_filter (class=org.apache.hadoop.http.lib.StaticUserWebFilter$StaticUserFilter) to context static
2023-05-08 09:33:44,742 [Listener at 0.0.0.0/39887] INFO  http.BaseHttpServer (BaseHttpServer.java:<init>(190)) - HTTP server of scm uses base directory /home/runner/work/ozone/ozone/hadoop-ozone/integration-test/target/test-dir/MiniOzoneClusterImpl-a8211c11-f9c5-4609-bdf6-515b7eef327f/ozone-meta/webserver
2023-05-08 09:33:44,742 [Listener at 0.0.0.0/39887] INFO  http.HttpServer2 (HttpServer2.java:bindListener(1250)) - Jetty bound to port 40473
2023-05-08 09:33:44,742 [Listener at 0.0.0.0/39887] INFO  server.Server (Server.java:doStart(375)) - jetty-9.4.51.v20230217; built: 2023-02-17T08:19:37.309Z; git: b45c405e4544384de066f814ed42ae3dceacdd49; jvm 1.8.0_362-b09
2023-05-08 09:33:44,744 [Listener at 0.0.0.0/39887] INFO  server.session (DefaultSessionIdManager.java:doStart(334)) - DefaultSessionIdManager workerName=node0
2023-05-08 09:33:44,744 [Listener at 0.0.0.0/39887] INFO  server.session (DefaultSessionIdManager.java:doStart(339)) - No SessionScavenger set, using defaults
2023-05-08 09:33:44,744 [Listener at 0.0.0.0/39887] INFO  server.session (HouseKeeper.java:startScavenging(132)) - node0 Scavenging every 660000ms
2023-05-08 09:33:44,745 [Listener at 0.0.0.0/39887] INFO  handler.ContextHandler (ContextHandler.java:doStart(921)) - Started o.e.j.s.ServletContextHandler@3a764053{logs,/logs,file:///home/runner/work/ozone/ozone/hadoop-ozone/integration-test/target/log,AVAILABLE}
2023-05-08 09:33:44,745 [Listener at 0.0.0.0/39887] INFO  handler.ContextHandler (ContextHandler.java:doStart(921)) - Started o.e.j.s.ServletContextHandler@759c3052{static,/static,file:///home/runner/work/ozone/ozone/hadoop-ozone/integration-test/target/test-classes/webapps/static,AVAILABLE}
2023-05-08 09:33:44,749 [Listener at 0.0.0.0/39887] INFO  handler.ContextHandler (ContextHandler.java:doStart(921)) - Started o.e.j.w.WebAppContext@18f4a5e1{scm,/,file:///home/runner/work/ozone/ozone/hadoop-ozone/integration-test/target/test-classes/webapps/scm/,AVAILABLE}{file:/home/runner/work/ozone/ozone/hadoop-ozone/integration-test/target/test-classes/webapps/scm}
2023-05-08 09:33:44,750 [Listener at 0.0.0.0/39887] INFO  server.AbstractConnector (AbstractConnector.java:doStart(333)) - Started ServerConnector@575c35f6{HTTP/1.1, (http/1.1)}{0.0.0.0:40473}
2023-05-08 09:33:44,751 [Listener at 0.0.0.0/39887] INFO  server.Server (Server.java:doStart(415)) - Started @32857ms
2023-05-08 09:33:44,751 [Listener at 0.0.0.0/39887] WARN  impl.MetricsSystemImpl (MetricsSystemImpl.java:register(279)) - Sink prometheus already exists!
2023-05-08 09:33:44,751 [Listener at 0.0.0.0/39887] INFO  http.BaseHttpServer (BaseHttpServer.java:updateConnectorAddress(344)) - HTTP server of scm listening at http://0.0.0.0:40473
2023-05-08 09:33:44,751 [Listener at 0.0.0.0/39887] WARN  server.ServerUtils (ServerUtils.java:getDBPath(225)) - ozone.om.db.dirs is not configured. We recommend adding this setting. Falling back to ozone.metadata.dirs instead.
2023-05-08 09:33:44,753 [Listener at 0.0.0.0/39887] INFO  ha.OMHANodeDetails (OMHANodeDetails.java:loadOMHAConfig(115)) - ozone.om.internal.service.id is not defined, falling back to ozone.om.service.ids to find serviceID for OzoneManager if it is HA enabled cluster
2023-05-08 09:33:44,754 [Listener at 0.0.0.0/39887] INFO  ha.OMHANodeDetails (OMHANodeDetails.java:loadOMHAConfig(226)) - Configuration does not have ozone.om.address set. Falling back to the default OM address /127.0.0.1:0
2023-05-08 09:33:44,754 [Listener at 0.0.0.0/39887] INFO  ha.OMHANodeDetails (OMHANodeDetails.java:getOMNodeDetailsForNonHA(254)) - OM Service ID is not set. Setting it to the default ID: omServiceIdDefault
2023-05-08 09:33:44,754 [Listener at 0.0.0.0/39887] INFO  ha.OMHANodeDetails (OMHANodeDetails.java:getOMNodeDetailsForNonHA(261)) - OM Node ID is not set. Setting it to the default ID: om1
2023-05-08 09:33:44,754 [Listener at 0.0.0.0/39887] WARN  server.ServerUtils (ServerUtils.java:getDBPath(225)) - ozone.om.db.dirs is not configured. We recommend adding this setting. Falling back to ozone.metadata.dirs instead.
2023-05-08 09:33:44,755 [Listener at 0.0.0.0/39887] INFO  upgrade.AbstractLayoutVersionManager (AbstractLayoutVersionManager.java:init(83)) - Initializing Layout version manager with metadata layout = HSYNC (version = 4), software layout = HSYNC (version = 4)
2023-05-08 09:33:44,835 [Listener at 0.0.0.0/39887] INFO  reflections.Reflections (Reflections.java:scan(232)) - Reflections took 79 ms to scan 2 urls, producing 172 keys and 479 values [using 2 cores]
2023-05-08 09:33:44,835 [Listener at 0.0.0.0/39887] INFO  upgrade.OMLayoutVersionManager (OMLayoutVersionManager.java:lambda$0(115)) - Skipping Upgrade Action MockOmUpgradeAction since it has been finalized.
2023-05-08 09:33:44,836 [Listener at 0.0.0.0/39887] WARN  server.ServerUtils (ServerUtils.java:getDBPath(225)) - ozone.om.db.dirs is not configured. We recommend adding this setting. Falling back to ozone.metadata.dirs instead.
2023-05-08 09:33:44,837 [Listener at 0.0.0.0/39887] INFO  proxy.SCMBlockLocationFailoverProxyProvider (SCMBlockLocationFailoverProxyProvider.java:<init>(114)) - Created block location fail-over proxy with 1 nodes: [nodeId=scmNodeId,nodeAddress=/0.0.0.0:34811]
2023-05-08 09:33:44,839 [Listener at 0.0.0.0/39887] INFO  proxy.SCMBlockLocationFailoverProxyProvider (SCMBlockLocationFailoverProxyProvider.java:<init>(114)) - Created block location fail-over proxy with 1 nodes: [nodeId=scmNodeId,nodeAddress=/0.0.0.0:34811]
2023-05-08 09:33:44,845 [Listener at 0.0.0.0/39887] INFO  om.OzoneManager (OzoneManager.java:<init>(640)) - OM start with adminUsers: [runner]
2023-05-08 09:33:44,847 [Listener at 0.0.0.0/39887] WARN  server.ServerUtils (ServerUtils.java:getDBPath(225)) - ozone.om.db.dirs is not configured. We recommend adding this setting. Falling back to ozone.metadata.dirs instead.
2023-05-08 09:33:44,847 [Listener at 0.0.0.0/39887] INFO  codec.OmKeyInfoCodec (OmKeyInfoCodec.java:<init>(49)) - OmKeyInfoCodec ignorePipeline = true
2023-05-08 09:33:44,848 [Listener at 0.0.0.0/39887] INFO  codec.RepeatedOmKeyInfoCodec (RepeatedOmKeyInfoCodec.java:<init>(41)) - RepeatedOmKeyInfoCodec ignorePipeline = true
2023-05-08 09:33:45,029 [Listener at 0.0.0.0/39887] INFO  om.OzoneManager (OzoneManager.java:instantiateServices(770)) - S3 Multi-Tenancy is disabled
2023-05-08 09:33:45,029 [Listener at 0.0.0.0/39887] INFO  om.OmSnapshotManager (OmSnapshotManager.java:<init>(169)) - Ozone filesystem snapshot feature is enabled.
2023-05-08 09:33:45,029 [Listener at 0.0.0.0/39887] WARN  server.ServerUtils (ServerUtils.java:getDBPath(225)) - ozone.om.snapshot.diff.db.dir is not configured. We recommend adding this setting. Falling back to ozone.metadata.dirs instead.
2023-05-08 09:33:45,053 [Listener at 0.0.0.0/39887] INFO  om.OzoneManager (OzoneManager.java:addS3GVolumeToDB(4278)) - Created Volume s3v With Owner runner required for S3Gateway operations.
2023-05-08 09:33:45,053 [Listener at 0.0.0.0/39887] WARN  server.ServerUtils (ServerUtils.java:getDefaultRatisDirectory(237)) - Storage directory for Ratis is not configured. It is a good idea to map this to an SSD disk. Falling back to ozone.metadata.dirs
2023-05-08 09:33:45,054 [Listener at 0.0.0.0/39887] WARN  utils.OzoneManagerRatisUtils (OzoneManagerRatisUtils.java:getOMRatisSnapshotDirectory(456)) - ozone.om.ratis.snapshot.dir is not configured. Falling back to ozone.metadata.dirs config
2023-05-08 09:33:45,054 [Listener at 0.0.0.0/39887] WARN  server.ServerUtils (ServerUtils.java:getDefaultRatisDirectory(237)) - Storage directory for Ratis is not configured. It is a good idea to map this to an SSD disk. Falling back to ozone.metadata.dirs
2023-05-08 09:33:45,058 [Listener at 0.0.0.0/39887] INFO  ratis.OzoneManagerRatisServer (OzoneManagerRatisServer.java:<init>(163)) - Instantiating OM Ratis server with groupID: omServiceIdDefault and peers: localhost:9872
2023-05-08 09:33:45,058 [Listener at 0.0.0.0/39887] INFO  ratis.OzoneManagerStateMachine (OzoneManagerStateMachine.java:loadSnapshotInfoFromDB(670)) - LastAppliedIndex is set from TransactionInfo from OM DB as (t:0, i:~)
2023-05-08 09:33:45,058 [Listener at 0.0.0.0/39887] INFO  server.RaftServer (ConfUtils.java:logGet(46)) - raft.rpc.type = GRPC (default)
2023-05-08 09:33:45,058 [Listener at 0.0.0.0/39887] INFO  grpc.GrpcConfigKeys (ConfUtils.java:logFallback(53)) - raft.grpc.admin.host = null (fallback to raft.grpc.server.host)
2023-05-08 09:33:45,058 [Listener at 0.0.0.0/39887] INFO  grpc.GrpcConfigKeys (ConfUtils.java:logFallback(53)) - raft.grpc.admin.port = 9872 (fallback to raft.grpc.server.port)
2023-05-08 09:33:45,058 [Listener at 0.0.0.0/39887] INFO  grpc.GrpcConfigKeys (ConfUtils.java:logFallback(53)) - raft.grpc.client.host = null (fallback to raft.grpc.server.host)
2023-05-08 09:33:45,059 [Listener at 0.0.0.0/39887] INFO  grpc.GrpcConfigKeys (ConfUtils.java:logFallback(53)) - raft.grpc.client.port = 9872 (fallback to raft.grpc.server.port)
2023-05-08 09:33:45,059 [Listener at 0.0.0.0/39887] INFO  grpc.GrpcConfigKeys (ConfUtils.java:logGet(46)) - raft.grpc.server.host = null (default)
2023-05-08 09:33:45,059 [Listener at 0.0.0.0/39887] INFO  grpc.GrpcConfigKeys (ConfUtils.java:logGet(46)) - raft.grpc.server.port = 9872 (custom)
2023-05-08 09:33:45,059 [Listener at 0.0.0.0/39887] INFO  server.GrpcService (ConfUtils.java:logGet(46)) - raft.grpc.message.size.max = 33554432 (custom)
2023-05-08 09:33:45,059 [Listener at 0.0.0.0/39887] INFO  server.RaftServerConfigKeys (ConfUtils.java:logGet(46)) - raft.server.log.appender.buffer.byte-limit = 33554432 (custom)
2023-05-08 09:33:45,059 [Listener at 0.0.0.0/39887] INFO  server.GrpcService (ConfUtils.java:logGet(46)) - raft.grpc.flow.control.window = 1MB (=1048576) (default)
2023-05-08 09:33:45,059 [Listener at 0.0.0.0/39887] INFO  server.RaftServerConfigKeys (ConfUtils.java:logGet(46)) - raft.server.rpc.request.timeout = 3000ms (default)
2023-05-08 09:33:45,059 [Listener at 0.0.0.0/39887] INFO  grpc.GrpcConfigKeys (ConfUtils.java:logGet(46)) - raft.grpc.server.heartbeat.channel = true (default)
2023-05-08 09:33:45,060 [Listener at 0.0.0.0/39887] INFO  grpc.GrpcConfigKeys (ConfUtils.java:logGet(46)) - raft.grpc.server.async.request.thread.pool.cached = true (default)
2023-05-08 09:33:45,062 [Listener at 0.0.0.0/39887] INFO  grpc.GrpcConfigKeys (ConfUtils.java:logGet(46)) - raft.grpc.server.async.request.thread.pool.size = 32 (default)
2023-05-08 09:33:45,063 [Listener at 0.0.0.0/39887] INFO  impl.DataStreamServerImpl (ConfUtils.java:logGet(46)) - raft.datastream.type = DISABLED (default)
2023-05-08 09:33:45,064 [Listener at 0.0.0.0/39887] INFO  server.RaftServerConfigKeys (ConfUtils.java:logGet(46)) - raft.server.threadpool.proxy.cached = true (default)
2023-05-08 09:33:45,064 [Listener at 0.0.0.0/39887] INFO  server.RaftServerConfigKeys (ConfUtils.java:logGet(46)) - raft.server.threadpool.proxy.size = 0 (default)
2023-05-08 09:33:45,064 [Listener at 0.0.0.0/39887] INFO  server.RaftServerConfigKeys (ConfUtils.java:logGet(46)) - raft.server.rpc.slowness.timeout = 120s (custom)
2023-05-08 09:33:45,064 [Listener at 0.0.0.0/39887] INFO  server.RaftServerConfigKeys (ConfUtils.java:logGet(46)) - raft.server.leaderelection.leader.step-down.wait-time = 10s (default)
2023-05-08 09:33:45,064 [Listener at 0.0.0.0/39887] INFO  server.RaftServerConfigKeys (ConfUtils.java:logGet(46)) - raft.server.storage.dir = [/home/runner/work/ozone/ozone/hadoop-ozone/integration-test/target/test-dir/MiniOzoneClusterImpl-a8211c11-f9c5-4609-bdf6-515b7eef327f/ozone-meta/ratis] (custom)
2023-05-08 09:33:45,065 [Listener at 0.0.0.0/39887] INFO  server.RaftServer (RaftServerProxy.java:addNew(96)) - om1: addNew group-C5BA1605619E:[om1|rpc:localhost:9872|priority:0|startupRole:FOLLOWER] returns group-C5BA1605619E:java.util.concurrent.CompletableFuture@2559539c[Not completed]
2023-05-08 09:33:45,065 [pool-219-thread-1] INFO  server.RaftServer$Division (RaftServerImpl.java:<init>(195)) - om1: new RaftServerImpl for group-C5BA1605619E:[om1|rpc:localhost:9872|priority:0|startupRole:FOLLOWER] with OzoneManagerStateMachine:uninitialized
2023-05-08 09:33:45,065 [Listener at 0.0.0.0/39887] INFO  om.OzoneManager (OzoneManager.java:initializeRatisServer(2114)) - OzoneManager Ratis server initialized at port 9872
2023-05-08 09:33:45,065 [pool-219-thread-1] INFO  server.RaftServerConfigKeys (ConfUtils.java:logGet(46)) - raft.server.rpc.timeout.min = 1s (custom)
2023-05-08 09:33:45,065 [Listener at 0.0.0.0/39887] INFO  om.OzoneManager (OzoneManager.java:getRpcServer(1161)) - Creating RPC Server
2023-05-08 09:33:45,065 [pool-219-thread-1] INFO  server.RaftServerConfigKeys (ConfUtils.java:logGet(46)) - raft.server.rpc.timeout.max = 1200ms (custom)
2023-05-08 09:33:45,065 [pool-219-thread-1] INFO  server.RaftServerConfigKeys (ConfUtils.java:logGet(46)) - raft.server.rpc.sleep.time = 25ms (default)
2023-05-08 09:33:45,065 [pool-219-thread-1] INFO  server.RaftServerConfigKeys (ConfUtils.java:logGet(46)) - raft.server.rpc.slowness.timeout = 120s (custom)
2023-05-08 09:33:45,065 [pool-219-thread-1] INFO  server.RaftServerConfigKeys (ConfUtils.java:logGet(46)) - raft.server.leaderelection.leader.step-down.wait-time = 10s (default)
2023-05-08 09:33:45,065 [pool-219-thread-1] INFO  server.RaftServerConfigKeys (ConfUtils.java:logGet(46)) - raft.server.sleep.deviation.threshold = 300ms (default)
2023-05-08 09:33:45,065 [pool-219-thread-1] INFO  server.RaftServer$Division (ServerState.java:<init>(118)) - om1@group-C5BA1605619E: ConfigurationManager, init=-1: peers:[om1|rpc:localhost:9872|priority:0|startupRole:FOLLOWER]|listeners:[], old=null, confs=<EMPTY_MAP>
2023-05-08 09:33:45,066 [pool-219-thread-1] INFO  server.RaftServerConfigKeys (ConfUtils.java:logGet(46)) - raft.server.storage.dir = [/home/runner/work/ozone/ozone/hadoop-ozone/integration-test/target/test-dir/MiniOzoneClusterImpl-a8211c11-f9c5-4609-bdf6-515b7eef327f/ozone-meta/ratis] (custom)
2023-05-08 09:33:45,066 [pool-219-thread-1] INFO  server.RaftServerConfigKeys (ConfUtils.java:logGet(46)) - raft.server.log.corruption.policy = EXCEPTION (default)
2023-05-08 09:33:45,066 [pool-219-thread-1] INFO  server.RaftServerConfigKeys (ConfUtils.java:logGet(46)) - raft.server.storage.free-space.min = 0MB (=0) (default)
2023-05-08 09:33:45,066 [pool-219-thread-1] INFO  server.RaftServerConfigKeys (ConfUtils.java:logGet(46)) - raft.server.notification.no-leader.timeout = 120s (custom)
2023-05-08 09:33:45,066 [pool-219-thread-1] INFO  server.RaftServerConfigKeys (ConfUtils.java:logGet(46)) - raft.server.retrycache.expirytime = 300s (custom)
2023-05-08 09:33:45,066 [pool-219-thread-1] INFO  server.RaftServerConfigKeys (ConfUtils.java:logGet(46)) - raft.server.retrycache.statistics.expirytime = 100μs (default)
2023-05-08 09:33:45,067 [pool-219-thread-1] INFO  server.RaftServerConfigKeys (ConfUtils.java:logGet(46)) - raft.server.log.appender.install.snapshot.enabled = false (custom)
2023-05-08 09:33:45,067 [pool-219-thread-1] INFO  server.RaftServerConfigKeys (ConfUtils.java:logGet(46)) - raft.server.threadpool.server.cached = true (default)
2023-05-08 09:33:45,067 [pool-219-thread-1] INFO  server.RaftServerConfigKeys (ConfUtils.java:logGet(46)) - raft.server.threadpool.server.size = 0 (default)
2023-05-08 09:33:45,067 [pool-219-thread-1] INFO  server.RaftServerConfigKeys (ConfUtils.java:logGet(46)) - raft.server.threadpool.client.cached = true (default)
2023-05-08 09:33:45,067 [pool-219-thread-1] INFO  server.RaftServerConfigKeys (ConfUtils.java:logGet(46)) - raft.server.threadpool.client.size = 0 (default)
2023-05-08 09:33:45,443 [Listener at 0.0.0.0/39887] INFO  reflections.Reflections (Reflections.java:scan(232)) - Reflections took 373 ms to scan 19 urls, producing 69 keys and 5166 values [using 2 cores]
2023-05-08 09:33:45,444 [Listener at 0.0.0.0/39887] INFO  ipc.CallQueueManager (CallQueueManager.java:<init>(90)) - Using callQueue: class java.util.concurrent.LinkedBlockingQueue, queueCapacity: 2000, scheduler: class org.apache.hadoop.ipc.DefaultRpcScheduler, ipcBackoff: false.
2023-05-08 09:33:45,445 [Socket Reader #1 for port 0] INFO  ipc.Server (Server.java:run(1319)) - Starting Socket Reader #1 for port 0
2023-05-08 09:33:45,465 [Listener at 127.0.0.1/37825] INFO  impl.MetricsSystemImpl (MetricsSystemImpl.java:init(158)) - OzoneManager metrics system started (again)
2023-05-08 09:33:45,475 [Listener at 127.0.0.1/37825] INFO  om.OzoneManager (OzoneManager.java:start(1582)) - OzoneManager RPC server is listening at localhost/127.0.0.1:37825
2023-05-08 09:33:45,475 [Listener at 127.0.0.1/37825] INFO  ratis.OzoneManagerRatisServer (OzoneManagerRatisServer.java:start(558)) - Starting OzoneManagerRatisServer om1 at port 9872
2023-05-08 09:33:45,476 [om1-impl-thread1] INFO  storage.RaftStorageDirectory (RaftStorageDirectoryImpl.java:analyzeStorage(137)) - The storage directory /home/runner/work/ozone/ozone/hadoop-ozone/integration-test/target/test-dir/MiniOzoneClusterImpl-a8211c11-f9c5-4609-bdf6-515b7eef327f/ozone-meta/ratis/bf265839-605b-3f16-9796-c5ba1605619e does not exist. Creating ...
2023-05-08 09:33:45,477 [om1-impl-thread1] INFO  storage.RaftStorageDirectory (RaftStorageDirectoryImpl.java:tryLock(231)) - Lock on /home/runner/work/ozone/ozone/hadoop-ozone/integration-test/target/test-dir/MiniOzoneClusterImpl-a8211c11-f9c5-4609-bdf6-515b7eef327f/ozone-meta/ratis/bf265839-605b-3f16-9796-c5ba1605619e/in_use.lock acquired by nodename 7572@fv-az96-539
2023-05-08 09:33:45,479 [om1-impl-thread1] INFO  storage.RaftStorage (RaftStorageImpl.java:format(96)) - Storage directory /home/runner/work/ozone/ozone/hadoop-ozone/integration-test/target/test-dir/MiniOzoneClusterImpl-a8211c11-f9c5-4609-bdf6-515b7eef327f/ozone-meta/ratis/bf265839-605b-3f16-9796-c5ba1605619e has been successfully formatted.
2023-05-08 09:33:45,479 [om1-impl-thread1] INFO  server.RaftServerConfigKeys (ConfUtils.java:logGet(46)) - raft.server.log.use.memory = false (default)
2023-05-08 09:33:45,479 [om1-impl-thread1] INFO  server.RaftServerConfigKeys (ConfUtils.java:logGet(46)) - raft.server.log.purge.gap = 1000000 (custom)
2023-05-08 09:33:45,480 [om1-impl-thread1] INFO  server.RaftServerConfigKeys (ConfUtils.java:logGet(46)) - raft.server.log.appender.buffer.byte-limit = 33554432 (custom)
2023-05-08 09:33:45,480 [om1-impl-thread1] INFO  server.RaftServerConfigKeys (ConfUtils.java:logGet(46)) - raft.server.log.statemachine.data.read.timeout = 1000ms (default)
2023-05-08 09:33:45,480 [om1-impl-thread1] INFO  server.RaftServerConfigKeys (ConfUtils.java:logGet(46)) - raft.server.log.purge.preservation.log.num = 0 (default)
2023-05-08 09:33:45,480 [om1-impl-thread1] INFO  server.RaftServerConfigKeys (ConfUtils.java:logGet(46)) - raft.server.log.segment.size.max = 4194304 (custom)
2023-05-08 09:33:45,480 [om1-impl-thread1] INFO  server.RaftServerConfigKeys (ConfUtils.java:logGet(46)) - raft.server.log.segment.cache.num.max = 2 (custom)
2023-05-08 09:33:45,480 [om1-impl-thread1] INFO  server.RaftServerConfigKeys (ConfUtils.java:logGet(46)) - raft.server.log.segment.cache.size.max = 200MB (=209715200) (default)
2023-05-08 09:33:45,480 [om1-impl-thread1] INFO  segmented.SegmentedRaftLogWorker (SegmentedRaftLogWorker.java:<init>(189)) - new om1@group-C5BA1605619E-SegmentedRaftLogWorker for RaftStorageImpl:Storage Directory /home/runner/work/ozone/ozone/hadoop-ozone/integration-test/target/test-dir/MiniOzoneClusterImpl-a8211c11-f9c5-4609-bdf6-515b7eef327f/ozone-meta/ratis/bf265839-605b-3f16-9796-c5ba1605619e
2023-05-08 09:33:45,480 [om1-impl-thread1] INFO  server.RaftServerConfigKeys (ConfUtils.java:logGet(46)) - raft.server.log.queue.byte-limit = 64MB (=67108864) (default)
2023-05-08 09:33:45,480 [om1-impl-thread1] INFO  server.RaftServerConfigKeys (ConfUtils.java:logGet(46)) - raft.server.log.queue.element-limit = 4096 (default)
2023-05-08 09:33:45,480 [om1-impl-thread1] INFO  server.RaftServerConfigKeys (ConfUtils.java:logGet(46)) - raft.server.log.segment.size.max = 4194304 (custom)
2023-05-08 09:33:45,480 [om1-impl-thread1] INFO  server.RaftServerConfigKeys (ConfUtils.java:logGet(46)) - raft.server.log.preallocated.size = 4194304 (custom)
2023-05-08 09:33:45,480 [om1-impl-thread1] INFO  server.RaftServerConfigKeys (ConfUtils.java:logGet(46)) - raft.server.log.force.sync.num = 128 (default)
2023-05-08 09:33:45,480 [om1-impl-thread1] INFO  server.RaftServerConfigKeys (ConfUtils.java:logGet(46)) - raft.server.log.statemachine.data.sync = true (default)
2023-05-08 09:33:45,480 [om1-impl-thread1] INFO  server.RaftServerConfigKeys (ConfUtils.java:logGet(46)) - raft.server.log.statemachine.data.sync.timeout = 10s (default)
2023-05-08 09:33:45,480 [om1-impl-thread1] INFO  server.RaftServerConfigKeys (ConfUtils.java:logGet(46)) - raft.server.log.statemachine.data.sync.timeout.retry = -1 (default)
2023-05-08 09:33:45,481 [om1-impl-thread1] INFO  server.RaftServerConfigKeys (ConfUtils.java:logGet(46)) - raft.server.log.write.buffer.size = 64KB (=65536) (default)
2023-05-08 09:33:45,481 [om1-impl-thread1] INFO  server.RaftServerConfigKeys (ConfUtils.java:logGet(46)) - raft.server.log.appender.buffer.byte-limit = 33554432 (custom)
2023-05-08 09:33:45,489 [om1-impl-thread1] INFO  server.RaftServerConfigKeys (ConfUtils.java:logGet(46)) - raft.server.log.unsafe-flush.enabled = false (default)
2023-05-08 09:33:45,490 [om1-impl-thread1] INFO  server.RaftServerConfigKeys (ConfUtils.java:logGet(46)) - raft.server.log.async-flush.enabled = false (default)
2023-05-08 09:33:45,490 [om1-impl-thread1] INFO  server.RaftServerConfigKeys (ConfUtils.java:logGet(46)) - raft.server.log.statemachine.data.caching.enabled = false (default)
2023-05-08 09:33:45,490 [om1-impl-thread1] INFO  segmented.SegmentedRaftLogWorker (SegmentedRaftLogWorker.java:lambda$new$0(135)) - om1@group-C5BA1605619E-SegmentedRaftLogWorker: flushIndex: setUnconditionally 0 -> -1
2023-05-08 09:33:45,490 [om1-impl-thread1] INFO  segmented.SegmentedRaftLogWorker (SegmentedRaftLogWorker.java:lambda$new$0(135)) - om1@group-C5BA1605619E-SegmentedRaftLogWorker: safeCacheEvictIndex: setUnconditionally 0 -> -1
2023-05-08 09:33:45,490 [om1-impl-thread1] INFO  server.RaftServer$Division (RaftServerImpl.java:start(334)) - om1@group-C5BA1605619E: start as a follower, conf=-1: peers:[om1|rpc:localhost:9872|priority:0|startupRole:FOLLOWER]|listeners:[], old=null
2023-05-08 09:33:45,490 [om1-impl-thread1] INFO  server.RaftServer$Division (RaftServerImpl.java:setRole(321)) - om1@group-C5BA1605619E: changes role from      null to FOLLOWER at term 0 for startAsFollower
2023-05-08 09:33:45,491 [om1-impl-thread1] INFO  impl.RoleInfo (RoleInfo.java:updateAndGet(139)) - om1: start om1@group-C5BA1605619E-FollowerState
2023-05-08 09:33:45,491 [om1-impl-thread1] INFO  util.JmxRegister (JmxRegister.java:tryRegister(44)) - Successfully registered JMX Bean with object name Ratis:service=RaftServer,group=group-C5BA1605619E,id=om1
2023-05-08 09:33:45,491 [om1-impl-thread1] INFO  server.RaftServerConfigKeys (ConfUtils.java:logGet(46)) - raft.server.snapshot.auto.trigger.enabled = true (custom)
2023-05-08 09:33:45,491 [om1-impl-thread1] INFO  server.RaftServerConfigKeys (ConfUtils.java:logGet(46)) - raft.server.snapshot.auto.trigger.threshold = 400000 (default)
2023-05-08 09:33:45,491 [om1-impl-thread1] INFO  server.RaftServerConfigKeys (ConfUtils.java:logGet(46)) - raft.server.snapshot.retention.file.num = -1 (default)
2023-05-08 09:33:45,491 [om1-impl-thread1] INFO  server.RaftServerConfigKeys (ConfUtils.java:logGet(46)) - raft.server.log.purge.upto.snapshot.index = true (custom)
2023-05-08 09:33:45,491 [om1@group-C5BA1605619E-FollowerState] INFO  server.RaftServerConfigKeys (ConfUtils.java:logFallback(53)) - raft.server.rpc.first-election.timeout.min = 1s (fallback to raft.server.rpc.timeout.min)
2023-05-08 09:33:45,492 [om1@group-C5BA1605619E-FollowerState] INFO  server.RaftServerConfigKeys (ConfUtils.java:logFallback(53)) - raft.server.rpc.first-election.timeout.max = 1200ms (fallback to raft.server.rpc.timeout.max)
2023-05-08 09:33:45,492 [Listener at 127.0.0.1/37825] INFO  server.RaftServer (RaftServerProxy.java:startImpl(393)) - om1: start RPC server
2023-05-08 09:33:45,494 [Listener at 127.0.0.1/37825] INFO  server.GrpcService (GrpcService.java:startImpl(262)) - om1: GrpcService started, listening on 9872
2023-05-08 09:33:45,496 [JvmPauseMonitor4] INFO  util.JvmPauseMonitor (JvmPauseMonitor.java:run(105)) - JvmPauseMonitor-om1: Started
2023-05-08 09:33:45,496 [Listener at 127.0.0.1/37825] INFO  om.OzoneManager (OzoneManager.java:start(1598)) - Version File has different layout version (4) than OM DB (null). That is expected if this OM has never been finalized to a newer layout version.
2023-05-08 09:33:45,499 [Listener at 127.0.0.1/37825] INFO  http.BaseHttpServer (BaseHttpServer.java:newHttpServer2BuilderForOzone(224)) - Starting Web-server for ozoneManager at: http://0.0.0.0:0
2023-05-08 09:33:45,499 [Listener at 127.0.0.1/37825] INFO  http.BaseHttpServer (BaseHttpServer.java:<init>(111)) - Hadoop Security Enabled: false Ozone Security Enabled: false Ozone HTTP Security Enabled: false 
2023-05-08 09:33:45,500 [Listener at 127.0.0.1/37825] WARN  server.AuthenticationFilter (AuthenticationFilter.java:constructSecretProvider(240)) - Unable to initialize FileSignerSecretProvider, falling back to use random secrets. Reason: Could not read signature secret file: /home/runner/hadoop-http-auth-signature-secret
2023-05-08 09:33:45,501 [Listener at 127.0.0.1/37825] INFO  http.HttpRequestLog (HttpRequestLog.java:getRequestLog(86)) - Http request log for http.requests.ozoneManager is not defined
2023-05-08 09:33:45,502 [Listener at 127.0.0.1/37825] INFO  http.HttpServer2 (HttpServer2.java:addGlobalFilter(1031)) - Added global filter 'safety' (class=org.apache.hadoop.hdds.server.http.HttpServer2$QuotingInputFilter)
2023-05-08 09:33:45,503 [Listener at 127.0.0.1/37825] INFO  http.HttpServer2 (HttpServer2.java:addFilter(1007)) - Added filter static_user_filter (class=org.apache.hadoop.http.lib.StaticUserWebFilter$StaticUserFilter) to context ozoneManager
2023-05-08 09:33:45,503 [Listener at 127.0.0.1/37825] INFO  http.HttpServer2 (HttpServer2.java:addFilter(1015)) - Added filter static_user_filter (class=org.apache.hadoop.http.lib.StaticUserWebFilter$StaticUserFilter) to context logs
2023-05-08 09:33:45,503 [Listener at 127.0.0.1/37825] INFO  http.HttpServer2 (HttpServer2.java:addFilter(1015)) - Added filter static_user_filter (class=org.apache.hadoop.http.lib.StaticUserWebFilter$StaticUserFilter) to context static
2023-05-08 09:33:45,504 [Listener at 127.0.0.1/37825] INFO  http.BaseHttpServer (BaseHttpServer.java:<init>(190)) - HTTP server of ozoneManager uses base directory /home/runner/work/ozone/ozone/hadoop-ozone/integration-test/target/test-dir/MiniOzoneClusterImpl-a8211c11-f9c5-4609-bdf6-515b7eef327f/ozone-meta/webserver
2023-05-08 09:33:45,504 [Listener at 127.0.0.1/37825] INFO  http.HttpServer2 (HttpServer2.java:bindListener(1250)) - Jetty bound to port 37483
2023-05-08 09:33:45,504 [Listener at 127.0.0.1/37825] INFO  server.Server (Server.java:doStart(375)) - jetty-9.4.51.v20230217; built: 2023-02-17T08:19:37.309Z; git: b45c405e4544384de066f814ed42ae3dceacdd49; jvm 1.8.0_362-b09
2023-05-08 09:33:45,508 [Listener at 127.0.0.1/37825] INFO  server.session (DefaultSessionIdManager.java:doStart(334)) - DefaultSessionIdManager workerName=node0
2023-05-08 09:33:45,508 [Listener at 127.0.0.1/37825] INFO  server.session (DefaultSessionIdManager.java:doStart(339)) - No SessionScavenger set, using defaults
2023-05-08 09:33:45,508 [Listener at 127.0.0.1/37825] INFO  server.session (HouseKeeper.java:startScavenging(132)) - node0 Scavenging every 660000ms
2023-05-08 09:33:45,510 [Listener at 127.0.0.1/37825] INFO  handler.ContextHandler (ContextHandler.java:doStart(921)) - Started o.e.j.s.ServletContextHandler@65a711d5{logs,/logs,file:///home/runner/work/ozone/ozone/hadoop-ozone/integration-test/target/log,AVAILABLE}
2023-05-08 09:33:45,510 [Listener at 127.0.0.1/37825] INFO  handler.ContextHandler (ContextHandler.java:doStart(921)) - Started o.e.j.s.ServletContextHandler@14741838{static,/static,file:///home/runner/work/ozone/ozone/hadoop-ozone/integration-test/target/test-classes/webapps/static,AVAILABLE}
2023-05-08 09:33:45,514 [Listener at 127.0.0.1/37825] INFO  handler.ContextHandler (ContextHandler.java:doStart(921)) - Started o.e.j.w.WebAppContext@28be0989{ozoneManager,/,file:///home/runner/work/ozone/ozone/hadoop-ozone/integration-test/target/test-classes/webapps/ozoneManager/,AVAILABLE}{file:/home/runner/work/ozone/ozone/hadoop-ozone/integration-test/target/test-classes/webapps/ozoneManager}
2023-05-08 09:33:45,516 [Listener at 127.0.0.1/37825] INFO  server.AbstractConnector (AbstractConnector.java:doStart(333)) - Started ServerConnector@773001b{HTTP/1.1, (http/1.1)}{0.0.0.0:37483}
2023-05-08 09:33:45,516 [Listener at 127.0.0.1/37825] INFO  server.Server (Server.java:doStart(415)) - Started @33623ms
2023-05-08 09:33:45,516 [Listener at 127.0.0.1/37825] WARN  impl.MetricsSystemImpl (MetricsSystemImpl.java:register(279)) - Sink prometheus already exists!
2023-05-08 09:33:45,517 [Listener at 127.0.0.1/37825] INFO  http.BaseHttpServer (BaseHttpServer.java:updateConnectorAddress(344)) - HTTP server of ozoneManager listening at http://0.0.0.0:37483
2023-05-08 09:33:45,518 [IPC Server Responder] INFO  ipc.Server (Server.java:run(1558)) - IPC Server Responder: starting
2023-05-08 09:33:45,521 [IPC Server listener on 0] INFO  ipc.Server (Server.java:run(1398)) - IPC Server listener on 0: starting
2023-05-08 09:33:45,526 [Listener at 127.0.0.1/37825] INFO  om.OzoneManager (OzoneManager.java:startTrashEmptier(2058)) - Trash Interval set to 0. Files deleted won't move to trash
2023-05-08 09:33:45,526 [org.apache.hadoop.util.JvmPauseMonitor$Monitor@64206e72] INFO  util.JvmPauseMonitor (JvmPauseMonitor.java:run(188)) - Starting JVM pause monitor
2023-05-08 09:33:45,529 [Listener at 127.0.0.1/37825] WARN  impl.MetricRegistriesImpl (MetricRegistriesImpl.java:addReporterRegistration(111)) - New reporters are added after registries were created. Some metrics will be missing from the reporter. Please add reporter before adding any new registry.
2023-05-08 09:33:45,529 [Listener at 127.0.0.1/37825] WARN  impl.MetricRegistriesImpl (MetricRegistriesImpl.java:addReporterRegistration(111)) - New reporters are added after registries were created. Some metrics will be missing from the reporter. Please add reporter before adding any new registry.
2023-05-08 09:33:45,529 [Listener at 127.0.0.1/37825] INFO  impl.MetricsSystemImpl (MetricsSystemImpl.java:init(158)) - HddsDatanode metrics system started (again)
2023-05-08 09:33:45,541 [Listener at 127.0.0.1/37825] INFO  ozone.HddsDatanodeService (HddsDatanodeService.java:start(252)) - HddsDatanodeService host:fv-az96-539 ip:10.1.0.160
2023-05-08 09:33:45,562 [Listener at 127.0.0.1/37825] INFO  upgrade.AbstractLayoutVersionManager (AbstractLayoutVersionManager.java:init(83)) - Initializing Layout version manager with metadata layout = WEBUI_PORTS_IN_DATANODEDETAILS (version = 6), software layout = WEBUI_PORTS_IN_DATANODEDETAILS (version = 6)
2023-05-08 09:33:45,684 [Listener at 127.0.0.1/37825] INFO  reflections.Reflections (Reflections.java:scan(232)) - Reflections took 121 ms to scan 7 urls, producing 156 keys and 369 values 
2023-05-08 09:33:45,688 [Listener at 127.0.0.1/37825] INFO  statemachine.DatanodeStateMachine (DatanodeStateMachine.java:getEndPointTaskThreadPoolSize(267)) - Datanode State Machine Task Thread Pool size 2
2023-05-08 09:33:45,695 [Listener at 127.0.0.1/37825] INFO  volume.HddsVolume (HddsVolume.java:<init>(130)) - Creating HddsVolume: /home/runner/work/ozone/ozone/hadoop-ozone/integration-test/target/test-dir/MiniOzoneClusterImpl-a8211c11-f9c5-4609-bdf6-515b7eef327f/datanode-0/data-0/containers/hdds of storage type : DISK capacity : 9223372036854775807
2023-05-08 09:33:45,695 [Listener at 127.0.0.1/37825] INFO  volume.MutableVolumeSet (MutableVolumeSet.java:initializeVolumeSet(175)) - Added Volume : /home/runner/work/ozone/ozone/hadoop-ozone/integration-test/target/test-dir/MiniOzoneClusterImpl-a8211c11-f9c5-4609-bdf6-515b7eef327f/datanode-0/data-0/containers/hdds to VolumeSet
2023-05-08 09:33:45,695 [Listener at 127.0.0.1/37825] INFO  volume.ThrottledAsyncChecker (ThrottledAsyncChecker.java:schedule(141)) - Scheduling a check for /home/runner/work/ozone/ozone/hadoop-ozone/integration-test/target/test-dir/MiniOzoneClusterImpl-a8211c11-f9c5-4609-bdf6-515b7eef327f/datanode-0/data-0/containers/hdds
2023-05-08 09:33:45,697 [Listener at 127.0.0.1/37825] INFO  volume.StorageVolumeChecker (StorageVolumeChecker.java:checkAllVolumes(202)) - Scheduled health check for volume /home/runner/work/ozone/ozone/hadoop-ozone/integration-test/target/test-dir/MiniOzoneClusterImpl-a8211c11-f9c5-4609-bdf6-515b7eef327f/datanode-0/data-0/containers/hdds
2023-05-08 09:33:45,718 [Listener at 127.0.0.1/37825] INFO  volume.MutableVolumeSet (MutableVolumeSet.java:initializeVolumeSet(175)) - Added Volume : /home/runner/work/ozone/ozone/hadoop-ozone/integration-test/target/test-dir/MiniOzoneClusterImpl-a8211c11-f9c5-4609-bdf6-515b7eef327f/datanode-0/data/ratis to VolumeSet
2023-05-08 09:33:45,718 [Listener at 127.0.0.1/37825] INFO  volume.ThrottledAsyncChecker (ThrottledAsyncChecker.java:schedule(141)) - Scheduling a check for /home/runner/work/ozone/ozone/hadoop-ozone/integration-test/target/test-dir/MiniOzoneClusterImpl-a8211c11-f9c5-4609-bdf6-515b7eef327f/datanode-0/data/ratis
2023-05-08 09:33:45,719 [Listener at 127.0.0.1/37825] INFO  volume.StorageVolumeChecker (StorageVolumeChecker.java:checkAllVolumes(202)) - Scheduled health check for volume /home/runner/work/ozone/ozone/hadoop-ozone/integration-test/target/test-dir/MiniOzoneClusterImpl-a8211c11-f9c5-4609-bdf6-515b7eef327f/datanode-0/data/ratis
2023-05-08 09:33:45,731 [Thread-525] INFO  ozoneimpl.ContainerReader (ContainerReader.java:readVolume(175)) - Finish verifying containers on volume /home/runner/work/ozone/ozone/hadoop-ozone/integration-test/target/test-dir/MiniOzoneClusterImpl-a8211c11-f9c5-4609-bdf6-515b7eef327f/datanode-0/data-0/containers/hdds
2023-05-08 09:33:45,731 [Listener at 127.0.0.1/37825] INFO  ozoneimpl.OzoneContainer (OzoneContainer.java:buildContainerSet(303)) - Build ContainerSet costs 0s
2023-05-08 09:33:45,737 [Listener at 127.0.0.1/37825] INFO  server.RaftServer (ConfUtils.java:logGet(46)) - raft.rpc.type = GRPC (default)
2023-05-08 09:33:45,738 [Listener at 127.0.0.1/37825] INFO  grpc.GrpcConfigKeys (ConfUtils.java:logFallback(53)) - raft.grpc.admin.host = null (fallback to raft.grpc.server.host)
2023-05-08 09:33:45,738 [Listener at 127.0.0.1/37825] INFO  grpc.GrpcConfigKeys (ConfUtils.java:logGet(46)) - raft.grpc.admin.port = 0 (custom)
2023-05-08 09:33:45,738 [Listener at 127.0.0.1/37825] INFO  grpc.GrpcConfigKeys (ConfUtils.java:logFallback(53)) - raft.grpc.client.host = null (fallback to raft.grpc.server.host)
2023-05-08 09:33:45,738 [Listener at 127.0.0.1/37825] INFO  grpc.GrpcConfigKeys (ConfUtils.java:logGet(46)) - raft.grpc.client.port = 0 (custom)
2023-05-08 09:33:45,738 [Listener at 127.0.0.1/37825] INFO  grpc.GrpcConfigKeys (ConfUtils.java:logGet(46)) - raft.grpc.server.host = null (default)
2023-05-08 09:33:45,738 [Listener at 127.0.0.1/37825] INFO  grpc.GrpcConfigKeys (ConfUtils.java:logGet(46)) - raft.grpc.server.port = 0 (default)
2023-05-08 09:33:45,738 [Listener at 127.0.0.1/37825] INFO  server.GrpcService (ConfUtils.java:logGet(46)) - raft.grpc.message.size.max = 32MB (=33554432) (custom)
2023-05-08 09:33:45,738 [Listener at 127.0.0.1/37825] INFO  server.RaftServerConfigKeys (ConfUtils.java:logGet(46)) - raft.server.log.appender.buffer.byte-limit = 33554432 (custom)
2023-05-08 09:33:45,738 [Listener at 127.0.0.1/37825] INFO  server.GrpcService (ConfUtils.java:logGet(46)) - raft.grpc.flow.control.window = 5MB (=5242880) (custom)
2023-05-08 09:33:45,738 [Listener at 127.0.0.1/37825] INFO  server.RaftServerConfigKeys (ConfUtils.java:logGet(46)) - raft.server.rpc.request.timeout = 60s (custom)
2023-05-08 09:33:45,738 [Listener at 127.0.0.1/37825] INFO  grpc.GrpcConfigKeys (ConfUtils.java:logGet(46)) - raft.grpc.server.heartbeat.channel = true (default)
2023-05-08 09:33:45,738 [Listener at 127.0.0.1/37825] INFO  grpc.GrpcConfigKeys (ConfUtils.java:logGet(46)) - raft.grpc.server.async.request.thread.pool.cached = true (default)
2023-05-08 09:33:45,739 [Listener at 127.0.0.1/37825] INFO  grpc.GrpcConfigKeys (ConfUtils.java:logGet(46)) - raft.grpc.server.async.request.thread.pool.size = 32 (default)
2023-05-08 09:33:45,740 [Listener at 127.0.0.1/37825] INFO  impl.DataStreamServerImpl (ConfUtils.java:logGet(46)) - raft.datastream.type = NETTY (custom)
2023-05-08 09:33:45,740 [Listener at 127.0.0.1/37825] INFO  server.RaftServerConfigKeys (ConfUtils.java:logGet(46)) - raft.server.data-stream.async.request.thread.pool.cached = false (default)
2023-05-08 09:33:45,740 [Listener at 127.0.0.1/37825] INFO  server.RaftServerConfigKeys (ConfUtils.java:logGet(46)) - raft.server.data-stream.async.request.thread.pool.size = 20 (custom)
2023-05-08 09:33:45,740 [Listener at 127.0.0.1/37825] INFO  server.RaftServerConfigKeys (ConfUtils.java:logGet(46)) - raft.server.data-stream.async.write.thread.pool.size = 16 (default)
2023-05-08 09:33:45,740 [Listener at 127.0.0.1/37825] INFO  server.RaftServerConfigKeys (ConfUtils.java:logGet(46)) - raft.server.data-stream.client.pool.size = 10 (default)
2023-05-08 09:33:45,740 [Listener at 127.0.0.1/37825] INFO  netty.NettyConfigKeys$DataStream (ConfUtils.java:logGet(46)) - raft.netty.dataStream.server.use-epoll = false (default)
2023-05-08 09:33:45,740 [Listener at 127.0.0.1/37825] INFO  netty.NettyConfigKeys$DataStream (ConfUtils.java:logGet(46)) - raft.netty.dataStream.server.boss-group.size = 0 (default)
2023-05-08 09:33:45,741 [Listener at 127.0.0.1/37825] INFO  netty.NettyConfigKeys$DataStream (ConfUtils.java:logGet(46)) - raft.netty.dataStream.server.worker-group.size = 0 (default)
2023-05-08 09:33:45,741 [Listener at 127.0.0.1/37825] INFO  netty.NettyConfigKeys$DataStream (ConfUtils.java:logGet(46)) - raft.netty.dataStream.server.tls.conf = null (default)
2023-05-08 09:33:45,741 [Listener at 127.0.0.1/37825] INFO  netty.NettyConfigKeys$DataStream (ConfUtils.java:logGet(46)) - raft.netty.dataStream.host = null (default)
2023-05-08 09:33:45,741 [Listener at 127.0.0.1/37825] INFO  netty.NettyConfigKeys$DataStream (ConfUtils.java:logGet(46)) - raft.netty.dataStream.port = 0 (default)
2023-05-08 09:33:45,741 [Listener at 127.0.0.1/37825] INFO  server.RaftServerConfigKeys (ConfUtils.java:logGet(46)) - raft.server.threadpool.proxy.cached = true (default)
2023-05-08 09:33:45,742 [Listener at 127.0.0.1/37825] INFO  server.RaftServerConfigKeys (ConfUtils.java:logGet(46)) - raft.server.threadpool.proxy.size = 0 (default)
2023-05-08 09:33:45,742 [Listener at 127.0.0.1/37825] INFO  server.RaftServerConfigKeys (ConfUtils.java:logGet(46)) - raft.server.rpc.slowness.timeout = 300s (custom)
2023-05-08 09:33:45,742 [Listener at 127.0.0.1/37825] INFO  server.RaftServerConfigKeys (ConfUtils.java:logGet(46)) - raft.server.leaderelection.leader.step-down.wait-time = 10s (default)
2023-05-08 09:33:45,742 [5b751525-9248-4db6-b421-a26496cf91cc-NettyServerStreamRpc-bossGroup--thread1] INFO  logging.LoggingHandler (AbstractInternalLogger.java:log(148)) - [id: 0x0c24ecca] REGISTERED
2023-05-08 09:33:45,742 [Listener at 127.0.0.1/37825] INFO  server.RaftServerConfigKeys (ConfUtils.java:logGet(46)) - raft.server.storage.dir = [/home/runner/work/ozone/ozone/hadoop-ozone/integration-test/target/test-dir/MiniOzoneClusterImpl-a8211c11-f9c5-4609-bdf6-515b7eef327f/datanode-0/data/ratis] (custom)
2023-05-08 09:33:45,742 [5b751525-9248-4db6-b421-a26496cf91cc-NettyServerStreamRpc-bossGroup--thread1] INFO  logging.LoggingHandler (AbstractInternalLogger.java:log(148)) - [id: 0x0c24ecca] BIND: 0.0.0.0/0.0.0.0:0
2023-05-08 09:33:45,742 [5b751525-9248-4db6-b421-a26496cf91cc-NettyServerStreamRpc-bossGroup--thread1] INFO  logging.LoggingHandler (AbstractInternalLogger.java:log(148)) - [id: 0x0c24ecca, L:/0:0:0:0:0:0:0:0:36379] ACTIVE
2023-05-08 09:33:45,743 [Listener at 127.0.0.1/37825] INFO  server.XceiverServerGrpc (XceiverServerGrpc.java:<init>(132)) - GrpcServer channel type EpollServerSocketChannel
2023-05-08 09:33:45,745 [Listener at 127.0.0.1/37825] INFO  replication.ReplicationSupervisor (ReplicationSupervisor.java:nodeStateUpdated(295)) - Node state updated to IN_SERVICE, scaling executor pool size to 10
2023-05-08 09:33:45,748 [Listener at 127.0.0.1/37825] INFO  http.BaseHttpServer (BaseHttpServer.java:newHttpServer2BuilderForOzone(224)) - Starting Web-server for hddsDatanode at: http://0.0.0.0:0
2023-05-08 09:33:45,748 [Listener at 127.0.0.1/37825] INFO  http.BaseHttpServer (BaseHttpServer.java:<init>(111)) - Hadoop Security Enabled: false Ozone Security Enabled: false Ozone HTTP Security Enabled: false 
2023-05-08 09:33:45,749 [Listener at 127.0.0.1/37825] WARN  server.AuthenticationFilter (AuthenticationFilter.java:constructSecretProvider(240)) - Unable to initialize FileSignerSecretProvider, falling back to use random secrets. Reason: Could not read signature secret file: /home/runner/hadoop-http-auth-signature-secret
2023-05-08 09:33:45,749 [Listener at 127.0.0.1/37825] INFO  http.HttpRequestLog (HttpRequestLog.java:getRequestLog(86)) - Http request log for http.requests.hddsDatanode is not defined
2023-05-08 09:33:45,751 [Listener at 127.0.0.1/37825] INFO  http.HttpServer2 (HttpServer2.java:addGlobalFilter(1031)) - Added global filter 'safety' (class=org.apache.hadoop.hdds.server.http.HttpServer2$QuotingInputFilter)
2023-05-08 09:33:45,751 [Listener at 127.0.0.1/37825] INFO  http.HttpServer2 (HttpServer2.java:addFilter(1007)) - Added filter static_user_filter (class=org.apache.hadoop.http.lib.StaticUserWebFilter$StaticUserFilter) to context hddsDatanode
2023-05-08 09:33:45,752 [Listener at 127.0.0.1/37825] INFO  http.HttpServer2 (HttpServer2.java:addFilter(1015)) - Added filter static_user_filter (class=org.apache.hadoop.http.lib.StaticUserWebFilter$StaticUserFilter) to context static
2023-05-08 09:33:45,752 [Listener at 127.0.0.1/37825] INFO  http.HttpServer2 (HttpServer2.java:addFilter(1015)) - Added filter static_user_filter (class=org.apache.hadoop.http.lib.StaticUserWebFilter$StaticUserFilter) to context logs
2023-05-08 09:33:45,752 [Listener at 127.0.0.1/37825] INFO  http.BaseHttpServer (BaseHttpServer.java:<init>(190)) - HTTP server of hddsDatanode uses base directory /home/runner/work/ozone/ozone/hadoop-ozone/integration-test/target/test-dir/MiniOzoneClusterImpl-a8211c11-f9c5-4609-bdf6-515b7eef327f/datanode-0/meta/webserver
2023-05-08 09:33:45,752 [Listener at 127.0.0.1/37825] INFO  http.HttpServer2 (HttpServer2.java:bindListener(1250)) - Jetty bound to port 35007
2023-05-08 09:33:45,752 [Listener at 127.0.0.1/37825] INFO  server.Server (Server.java:doStart(375)) - jetty-9.4.51.v20230217; built: 2023-02-17T08:19:37.309Z; git: b45c405e4544384de066f814ed42ae3dceacdd49; jvm 1.8.0_362-b09
2023-05-08 09:33:45,754 [Listener at 127.0.0.1/37825] INFO  server.session (DefaultSessionIdManager.java:doStart(334)) - DefaultSessionIdManager workerName=node0
2023-05-08 09:33:45,754 [Listener at 127.0.0.1/37825] INFO  server.session (DefaultSessionIdManager.java:doStart(339)) - No SessionScavenger set, using defaults
2023-05-08 09:33:45,754 [Listener at 127.0.0.1/37825] INFO  server.session (HouseKeeper.java:startScavenging(132)) - node0 Scavenging every 660000ms
2023-05-08 09:33:45,756 [Listener at 127.0.0.1/37825] INFO  handler.ContextHandler (ContextHandler.java:doStart(921)) - Started o.e.j.s.ServletContextHandler@7aad49d6{logs,/logs,file:///home/runner/work/ozone/ozone/hadoop-ozone/integration-test/target/log,AVAILABLE}
2023-05-08 09:33:45,756 [Listener at 127.0.0.1/37825] INFO  handler.ContextHandler (ContextHandler.java:doStart(921)) - Started o.e.j.s.ServletContextHandler@3d6bc858{static,/static,jar:file:/home/runner/.m2/repository/org/apache/ozone/hdds-container-service/1.4.0-SNAPSHOT/hdds-container-service-1.4.0-SNAPSHOT.jar!/webapps/static,AVAILABLE}
2023-05-08 09:33:45,950 [Listener at 127.0.0.1/37825] INFO  handler.ContextHandler (ContextHandler.java:doStart(921)) - Started o.e.j.w.WebAppContext@6bd35628{hddsDatanode,/,file:///home/runner/work/ozone/ozone/hadoop-ozone/integration-test/target/test-dir/MiniOzoneClusterImpl-a8211c11-f9c5-4609-bdf6-515b7eef327f/datanode-0/meta/webserver/jetty-0_0_0_0-35007-hdds-container-service-1_4_0-SNAPSHOT_jar-_-any-2942198882785856207/webapp/,AVAILABLE}{jar:file:/home/runner/.m2/repository/org/apache/ozone/hdds-container-service/1.4.0-SNAPSHOT/hdds-container-service-1.4.0-SNAPSHOT.jar!/webapps/hddsDatanode}
2023-05-08 09:33:45,952 [Listener at 127.0.0.1/37825] INFO  server.AbstractConnector (AbstractConnector.java:doStart(333)) - Started ServerConnector@5221a21c{HTTP/1.1, (http/1.1)}{0.0.0.0:35007}
2023-05-08 09:33:45,952 [Listener at 127.0.0.1/37825] INFO  server.Server (Server.java:doStart(415)) - Started @34058ms
2023-05-08 09:33:45,952 [Listener at 127.0.0.1/37825] WARN  impl.MetricsSystemImpl (MetricsSystemImpl.java:register(279)) - Sink prometheus already exists!
2023-05-08 09:33:45,952 [Listener at 127.0.0.1/37825] INFO  http.BaseHttpServer (BaseHttpServer.java:updateConnectorAddress(344)) - HTTP server of hddsDatanode listening at http://0.0.0.0:35007
2023-05-08 09:33:45,961 [Datanode State Machine Daemon Thread] INFO  statemachine.DatanodeStateMachine (DatanodeStateMachine.java:lambda$startDaemon$0(524)) - Ozone container server started.
2023-05-08 09:33:45,954 [Listener at 127.0.0.1/37825] INFO  ozone.MiniOzoneClusterImpl (MiniOzoneClusterImpl.java:lambda$waitForClusterToBeReady$0(224)) - Waiting for nodes to be ready. Got 0 of 1 DN Heartbeats.
2023-05-08 09:33:45,963 [Listener at 127.0.0.1/37825] INFO  ozone.MiniOzoneClusterImpl (MiniOzoneClusterImpl.java:lambda$waitForClusterToBeReady$0(227)) - Waiting for cluster to exit safe mode
2023-05-08 09:33:45,963 [Listener at 127.0.0.1/37825] INFO  ozone.MiniOzoneClusterImpl (MiniOzoneClusterImpl.java:lambda$waitForClusterToBeReady$0(229)) - SCM became leader
2023-05-08 09:33:45,968 [org.apache.hadoop.util.JvmPauseMonitor$Monitor@8bb054b] INFO  util.JvmPauseMonitor (JvmPauseMonitor.java:run(188)) - Starting JVM pause monitor
2023-05-08 09:33:45,974 [Datanode State Machine Task Thread - 0] INFO  datanode.InitDatanodeState (InitDatanodeState.java:persistContainerDatanodeDetails(138)) - DatanodeDetails is persisted to /home/runner/work/ozone/ozone/hadoop-ozone/integration-test/target/test-dir/MiniOzoneClusterImpl-a8211c11-f9c5-4609-bdf6-515b7eef327f/datanode-0/meta/datanode.id
2023-05-08 09:33:46,516 [om1@group-C5BA1605619E-FollowerState] INFO  impl.FollowerState (FollowerState.java:run(143)) - om1@group-C5BA1605619E-FollowerState: change to CANDIDATE, lastRpcElapsedTime:1025175346ns, electionTimeout:1024ms
2023-05-08 09:33:46,516 [om1@group-C5BA1605619E-FollowerState] INFO  impl.RoleInfo (RoleInfo.java:shutdownFollowerState(110)) - om1: shutdown om1@group-C5BA1605619E-FollowerState
2023-05-08 09:33:46,516 [om1@group-C5BA1605619E-FollowerState] INFO  server.RaftServer$Division (RaftServerImpl.java:setRole(321)) - om1@group-C5BA1605619E: changes role from  FOLLOWER to CANDIDATE at term 0 for changeToCandidate
2023-05-08 09:33:46,516 [om1@group-C5BA1605619E-FollowerState] INFO  server.RaftServerConfigKeys (ConfUtils.java:logGet(46)) - raft.server.leaderelection.pre-vote = true (default)
2023-05-08 09:33:46,516 [om1@group-C5BA1605619E-FollowerState] INFO  impl.RoleInfo (RoleInfo.java:updateAndGet(139)) - om1: start om1@group-C5BA1605619E-LeaderElection9
2023-05-08 09:33:46,518 [om1@group-C5BA1605619E-LeaderElection9] INFO  impl.LeaderElection (LeaderElection.java:askForVotes(312)) - om1@group-C5BA1605619E-LeaderElection9 PRE_VOTE round 0: submit vote requests at term 0 for -1: peers:[om1|rpc:localhost:9872|priority:0|startupRole:FOLLOWER]|listeners:[], old=null
2023-05-08 09:33:46,518 [om1@group-C5BA1605619E-LeaderElection9] INFO  impl.LeaderElection (LeaderElection.java:askForVotes(314)) - om1@group-C5BA1605619E-LeaderElection9 PRE_VOTE round 0: result PASSED (term=0)
2023-05-08 09:33:46,520 [om1@group-C5BA1605619E-LeaderElection9] INFO  impl.LeaderElection (LeaderElection.java:askForVotes(312)) - om1@group-C5BA1605619E-LeaderElection9 ELECTION round 0: submit vote requests at term 1 for -1: peers:[om1|rpc:localhost:9872|priority:0|startupRole:FOLLOWER]|listeners:[], old=null
2023-05-08 09:33:46,520 [om1@group-C5BA1605619E-LeaderElection9] INFO  impl.LeaderElection (LeaderElection.java:askForVotes(314)) - om1@group-C5BA1605619E-LeaderElection9 ELECTION round 0: result PASSED (term=1)
2023-05-08 09:33:46,520 [om1@group-C5BA1605619E-LeaderElection9] INFO  impl.RoleInfo (RoleInfo.java:shutdownLeaderElection(130)) - om1: shutdown om1@group-C5BA1605619E-LeaderElection9
2023-05-08 09:33:46,520 [om1@group-C5BA1605619E-LeaderElection9] INFO  server.RaftServer$Division (RaftServerImpl.java:setRole(321)) - om1@group-C5BA1605619E: changes role from CANDIDATE to LEADER at term 1 for changeToLeader
2023-05-08 09:33:46,520 [om1@group-C5BA1605619E-LeaderElection9] INFO  server.RaftServer$Division (ServerState.java:setLeader(313)) - om1@group-C5BA1605619E: change Leader from null to om1 at term 1 for becomeLeader, leader elected after 1453ms
2023-05-08 09:33:46,520 [om1@group-C5BA1605619E-LeaderElection9] INFO  server.RaftServerConfigKeys (ConfUtils.java:logGet(46)) - raft.server.staging.catchup.gap = 1000 (default)
2023-05-08 09:33:46,521 [om1@group-C5BA1605619E-LeaderElection9] INFO  server.RaftServerConfigKeys (ConfUtils.java:logGet(46)) - raft.server.write.element-limit = 4096 (default)
2023-05-08 09:33:46,521 [om1@group-C5BA1605619E-LeaderElection9] INFO  server.RaftServerConfigKeys (ConfUtils.java:logGet(46)) - raft.server.write.byte-limit = 64MB (=67108864) (default)
2023-05-08 09:33:46,521 [om1@group-C5BA1605619E-LeaderElection9] INFO  server.RaftServerConfigKeys (ConfUtils.java:logGet(46)) - raft.server.watch.timeout = 10s (default)
2023-05-08 09:33:46,521 [om1@group-C5BA1605619E-LeaderElection9] INFO  server.RaftServerConfigKeys (ConfUtils.java:logGet(46)) - raft.server.watch.timeout.denomination = 1s (default)
2023-05-08 09:33:46,521 [om1@group-C5BA1605619E-LeaderElection9] INFO  server.RaftServerConfigKeys (ConfUtils.java:logGet(46)) - raft.server.watch.element-limit = 65536 (default)
2023-05-08 09:33:46,521 [om1@group-C5BA1605619E-LeaderElection9] INFO  server.RaftServerConfigKeys (ConfUtils.java:logGet(46)) - raft.server.write.element-limit = 4096 (default)
2023-05-08 09:33:46,521 [om1@group-C5BA1605619E-LeaderElection9] INFO  server.RaftServerConfigKeys (ConfUtils.java:logGet(46)) - raft.server.write.follower.gap.ratio.max = -1.0 (default)
2023-05-08 09:33:46,521 [om1@group-C5BA1605619E-LeaderElection9] INFO  impl.RoleInfo (RoleInfo.java:updateAndGet(139)) - om1: start om1@group-C5BA1605619E-LeaderStateImpl
2023-05-08 09:33:46,522 [om1@group-C5BA1605619E-LeaderElection9] INFO  segmented.SegmentedRaftLogWorker (SegmentedRaftLogWorker.java:startLogSegment(452)) - om1@group-C5BA1605619E-SegmentedRaftLogWorker: Starting segment from index:0
2023-05-08 09:33:46,524 [om1@group-C5BA1605619E-LeaderElection9] INFO  server.RaftServer$Division (ServerState.java:setRaftConf(430)) - om1@group-C5BA1605619E: set configuration 0: peers:[om1|rpc:localhost:9872|admin:|client:|dataStream:|priority:0|startupRole:FOLLOWER]|listeners:[], old=null
2023-05-08 09:33:46,534 [om1@group-C5BA1605619E-SegmentedRaftLogWorker] INFO  segmented.SegmentedRaftLogWorker (SegmentedRaftLogWorker.java:execute(656)) - om1@group-C5BA1605619E-SegmentedRaftLogWorker: created new log segment /home/runner/work/ozone/ozone/hadoop-ozone/integration-test/target/test-dir/MiniOzoneClusterImpl-a8211c11-f9c5-4609-bdf6-515b7eef327f/ozone-meta/ratis/bf265839-605b-3f16-9796-c5ba1605619e/current/log_inprogress_0
2023-05-08 09:33:46,536 [om1@group-C5BA1605619E-StateMachineUpdater] INFO  ratis.OzoneManagerStateMachine (OzoneManagerStateMachine.java:notifyConfigurationChanged(201)) - Received Configuration change notification from Ratis. New Peer list:
[id: "om1"
address: "localhost:9872"
startupRole: FOLLOWER
]
2023-05-08 09:33:46,963 [Listener at 127.0.0.1/37825] INFO  ozone.MiniOzoneClusterImpl (MiniOzoneClusterImpl.java:lambda$waitForClusterToBeReady$0(224)) - Waiting for nodes to be ready. Got 0 of 1 DN Heartbeats.
2023-05-08 09:33:46,964 [Listener at 127.0.0.1/37825] INFO  ozone.MiniOzoneClusterImpl (MiniOzoneClusterImpl.java:lambda$waitForClusterToBeReady$0(227)) - Waiting for cluster to exit safe mode
2023-05-08 09:33:46,964 [Listener at 127.0.0.1/37825] INFO  ozone.MiniOzoneClusterImpl (MiniOzoneClusterImpl.java:lambda$waitForClusterToBeReady$0(229)) - SCM became leader
2023-05-08 09:33:47,964 [Listener at 127.0.0.1/37825] INFO  ozone.MiniOzoneClusterImpl (MiniOzoneClusterImpl.java:lambda$waitForClusterToBeReady$0(224)) - Waiting for nodes to be ready. Got 0 of 1 DN Heartbeats.
2023-05-08 09:33:47,964 [Listener at 127.0.0.1/37825] INFO  ozone.MiniOzoneClusterImpl (MiniOzoneClusterImpl.java:lambda$waitForClusterToBeReady$0(227)) - Waiting for cluster to exit safe mode
2023-05-08 09:33:47,964 [Listener at 127.0.0.1/37825] INFO  ozone.MiniOzoneClusterImpl (MiniOzoneClusterImpl.java:lambda$waitForClusterToBeReady$0(229)) - SCM became leader
2023-05-08 09:33:47,999 [EndpointStateMachine task thread for /0.0.0.0:39945 - 0 ] INFO  utils.DatanodeStoreCache (DatanodeStoreCache.java:addDB(58)) - Added db /home/runner/work/ozone/ozone/hadoop-ozone/integration-test/target/test-dir/MiniOzoneClusterImpl-a8211c11-f9c5-4609-bdf6-515b7eef327f/datanode-0/data-0/containers/hdds/a8211c11-f9c5-4609-bdf6-515b7eef327f/DS-bc53ac5c-670c-4fe4-a12a-059dbd7f4539/container.db to cache
2023-05-08 09:33:47,999 [EndpointStateMachine task thread for /0.0.0.0:39945 - 0 ] INFO  volume.HddsVolume (HddsVolume.java:createDbStore(350)) - SchemaV3 db is created and loaded at /home/runner/work/ozone/ozone/hadoop-ozone/integration-test/target/test-dir/MiniOzoneClusterImpl-a8211c11-f9c5-4609-bdf6-515b7eef327f/datanode-0/data-0/containers/hdds/a8211c11-f9c5-4609-bdf6-515b7eef327f/DS-bc53ac5c-670c-4fe4-a12a-059dbd7f4539/container.db for volume DS-bc53ac5c-670c-4fe4-a12a-059dbd7f4539
2023-05-08 09:33:48,000 [EndpointStateMachine task thread for /0.0.0.0:39945 - 0 ] INFO  ozoneimpl.OzoneContainer (OzoneContainer.java:start(397)) - Attempting to start container services.
2023-05-08 09:33:48,000 [EndpointStateMachine task thread for /0.0.0.0:39945 - 0 ] INFO  ozoneimpl.OzoneContainer (OzoneContainer.java:startContainerScrub(314)) - Scheduled background container scanners and the on-demand container scanner have been disabled.
2023-05-08 09:33:48,006 [EndpointStateMachine task thread for /0.0.0.0:39945 - 0 ] INFO  replication.ReplicationServer (ReplicationServer.java:start(109)) - ReplicationServer is started using port 42469
2023-05-08 09:33:48,006 [EndpointStateMachine task thread for /0.0.0.0:39945 - 0 ] INFO  ratis.XceiverServerRatis (XceiverServerRatis.java:start(517)) - Starting XceiverServerRatis 5b751525-9248-4db6-b421-a26496cf91cc
2023-05-08 09:33:48,008 [EndpointStateMachine task thread for /0.0.0.0:39945 - 0 ] INFO  server.RaftServer (RaftServerProxy.java:startImpl(393)) - 5b751525-9248-4db6-b421-a26496cf91cc: start RPC server
2023-05-08 09:33:48,015 [EndpointStateMachine task thread for /0.0.0.0:39945 - 0 ] INFO  server.GrpcService (GrpcService.java:startImpl(262)) - 5b751525-9248-4db6-b421-a26496cf91cc: GrpcService started, listening on 34069
2023-05-08 09:33:48,016 [EndpointStateMachine task thread for /0.0.0.0:39945 - 0 ] INFO  ratis.XceiverServerRatis (XceiverServerRatis.java:getRealPort(543)) - XceiverServerRatis 5b751525-9248-4db6-b421-a26496cf91cc is started using port 34069 for RATIS
2023-05-08 09:33:48,016 [EndpointStateMachine task thread for /0.0.0.0:39945 - 0 ] INFO  ratis.XceiverServerRatis (XceiverServerRatis.java:getRealPort(543)) - XceiverServerRatis 5b751525-9248-4db6-b421-a26496cf91cc is started using port 34069 for RATIS_ADMIN
2023-05-08 09:33:48,016 [EndpointStateMachine task thread for /0.0.0.0:39945 - 0 ] INFO  ratis.XceiverServerRatis (XceiverServerRatis.java:getRealPort(543)) - XceiverServerRatis 5b751525-9248-4db6-b421-a26496cf91cc is started using port 34069 for RATIS_SERVER
2023-05-08 09:33:48,016 [EndpointStateMachine task thread for /0.0.0.0:39945 - 0 ] INFO  ratis.XceiverServerRatis (XceiverServerRatis.java:getRealPort(543)) - XceiverServerRatis 5b751525-9248-4db6-b421-a26496cf91cc is started using port 36379 for RATIS_DATASTREAM
2023-05-08 09:33:48,018 [JvmPauseMonitor5] INFO  util.JvmPauseMonitor (JvmPauseMonitor.java:run(105)) - JvmPauseMonitor-5b751525-9248-4db6-b421-a26496cf91cc: Started
2023-05-08 09:33:48,023 [EndpointStateMachine task thread for /0.0.0.0:39945 - 0 ] INFO  server.XceiverServerGrpc (XceiverServerGrpc.java:start(180)) - XceiverServerGrpc 5b751525-9248-4db6-b421-a26496cf91cc is started using port 46049
2023-05-08 09:33:48,023 [BlockDeletingService#0] INFO  interfaces.ContainerDeletionChoosingPolicyTemplate (ContainerDeletionChoosingPolicyTemplate.java:chooseContainerForBlockDeletion(83)) - Chosen 0/5000 blocks from 0 candidate containers.
2023-05-08 09:33:48,964 [Listener at 127.0.0.1/37825] INFO  ozone.MiniOzoneClusterImpl (MiniOzoneClusterImpl.java:lambda$waitForClusterToBeReady$0(224)) - Waiting for nodes to be ready. Got 0 of 1 DN Heartbeats.
2023-05-08 09:33:48,965 [Listener at 127.0.0.1/37825] INFO  ozone.MiniOzoneClusterImpl (MiniOzoneClusterImpl.java:lambda$waitForClusterToBeReady$0(227)) - Waiting for cluster to exit safe mode
2023-05-08 09:33:48,965 [Listener at 127.0.0.1/37825] INFO  ozone.MiniOzoneClusterImpl (MiniOzoneClusterImpl.java:lambda$waitForClusterToBeReady$0(229)) - SCM became leader
2023-05-08 09:33:49,965 [Listener at 127.0.0.1/37825] INFO  ozone.MiniOzoneClusterImpl (MiniOzoneClusterImpl.java:lambda$waitForClusterToBeReady$0(224)) - Waiting for nodes to be ready. Got 0 of 1 DN Heartbeats.
2023-05-08 09:33:49,965 [Listener at 127.0.0.1/37825] INFO  ozone.MiniOzoneClusterImpl (MiniOzoneClusterImpl.java:lambda$waitForClusterToBeReady$0(227)) - Waiting for cluster to exit safe mode
2023-05-08 09:33:49,965 [Listener at 127.0.0.1/37825] INFO  ozone.MiniOzoneClusterImpl (MiniOzoneClusterImpl.java:lambda$waitForClusterToBeReady$0(229)) - SCM became leader
2023-05-08 09:33:49,971 [IPC Server handler 0 on default port 39945] INFO  net.NetworkTopologyImpl (NetworkTopologyImpl.java:add(112)) - Added a new node: /default-rack/5b751525-9248-4db6-b421-a26496cf91cc
2023-05-08 09:33:49,971 [IPC Server handler 0 on default port 39945] INFO  node.SCMNodeManager (SCMNodeManager.java:register(407)) - Registered Data node : 5b751525-9248-4db6-b421-a26496cf91cc{ip: 10.1.0.160, host: fv-az96-539, ports: [HTTP=35007, REPLICATION=42469, RATIS=34069, RATIS_ADMIN=34069, RATIS_SERVER=34069, RATIS_DATASTREAM=36379, STANDALONE=46049], networkLocation: /default-rack, certSerialId: null, persistedOpState: null, persistedOpStateExpiryEpochSec: 0}
2023-05-08 09:33:49,973 [EventQueue-NodeRegistrationContainerReportForContainerSafeModeRule] INFO  safemode.SCMSafeModeManager (SCMSafeModeManager.java:validateSafeModeExitRules(200)) - ContainerSafeModeRule rule is successfully validated
2023-05-08 09:33:49,973 [EventQueue-NodeRegistrationContainerReportForDataNodeSafeModeRule] INFO  safemode.SCMSafeModeManager (DataNodeSafeModeRule.java:process(71)) - SCM in safe mode. 1 DataNodes registered, 1 required.
2023-05-08 09:33:49,976 [EventQueue-NewNodeForNewNodeHandler] INFO  pipeline.BackgroundPipelineCreator (BackgroundPipelineCreator.java:notifyEventTriggered(276)) - trigger a one-shot run on RatisPipelineUtilsThread.
2023-05-08 09:33:49,977 [EventQueue-NodeRegistrationContainerReportForDataNodeSafeModeRule] INFO  safemode.SCMSafeModeManager (SCMSafeModeManager.java:validateSafeModeExitRules(200)) - DataNodeSafeModeRule rule is successfully validated
2023-05-08 09:33:49,977 [EventQueue-NodeRegistrationContainerReportForDataNodeSafeModeRule] INFO  safemode.SCMSafeModeManager (SCMSafeModeManager.java:completePreCheck(229)) - All SCM safe mode pre check rules have passed
2023-05-08 09:33:49,977 [EventQueue-NodeRegistrationContainerReportForDataNodeSafeModeRule] INFO  ha.SCMContext (SCMContext.java:updateSafeModeStatus(228)) - Update SafeModeStatus from SafeModeStatus{safeModeStatus=true, preCheckPassed=false} to SafeModeStatus{safeModeStatus=true, preCheckPassed=true}.
2023-05-08 09:33:49,977 [RatisPipelineUtilsThread - 0] INFO  pipeline.RatisPipelineProvider (RatisPipelineProvider.java:lambda$create$0(206)) - Sending CreatePipelineCommand for pipeline:PipelineID=255122cb-17ce-45ce-9211-c6029dc5e7b3 to datanode:5b751525-9248-4db6-b421-a26496cf91cc
2023-05-08 09:33:49,978 [RatisPipelineUtilsThread - 0] INFO  pipeline.PipelineStateManagerImpl (PipelineStateManagerImpl.java:addPipeline(103)) - Created pipeline Pipeline[ Id: 255122cb-17ce-45ce-9211-c6029dc5e7b3, Nodes: 5b751525-9248-4db6-b421-a26496cf91cc(fv-az96-539/10.1.0.160), ReplicationConfig: RATIS/ONE, State:ALLOCATED, leaderId:, CreationTimestamp2023-05-08T09:33:49.977Z[Etc/UTC]].
2023-05-08 09:33:49,979 [RatisPipelineUtilsThread - 0] ERROR scm.SCMCommonPlacementPolicy (SCMCommonPlacementPolicy.java:filterNodesWithSpace(285)) - Unable to find enough nodes that meet the space requirement of 1073741824 bytes for metadata and 5368709120 bytes for data in healthy node set. Required 3. Found 1.
2023-05-08 09:33:49,980 [EventQueue-NodeRegistrationContainerReportForDataNodeSafeModeRule] INFO  pipeline.BackgroundPipelineCreator (BackgroundPipelineCreator.java:notifyEventTriggered(276)) - trigger a one-shot run on RatisPipelineUtilsThread.
2023-05-08 09:33:49,980 [RatisPipelineUtilsThread - 0] ERROR scm.SCMCommonPlacementPolicy (SCMCommonPlacementPolicy.java:filterNodesWithSpace(285)) - Unable to find enough nodes that meet the space requirement of 1073741824 bytes for metadata and 5368709120 bytes for data in healthy node set. Required 3. Found 1.
2023-05-08 09:33:49,980 [EventQueue-PipelineReportForOneReplicaPipelineSafeModeRule] INFO  safemode.SCMSafeModeManager (SCMSafeModeManager.java:validateSafeModeExitRules(200)) - AtleastOneDatanodeReportedRule rule is successfully validated
2023-05-08 09:33:50,965 [Listener at 127.0.0.1/37825] INFO  ozone.MiniOzoneClusterImpl (MiniOzoneClusterImpl.java:lambda$waitForClusterToBeReady$0(224)) - Nodes are ready. Got 1 of 1 DN Heartbeats.
2023-05-08 09:33:50,966 [Listener at 127.0.0.1/37825] INFO  ozone.MiniOzoneClusterImpl (MiniOzoneClusterImpl.java:lambda$waitForClusterToBeReady$0(227)) - Waiting for cluster to exit safe mode
2023-05-08 09:33:50,966 [Listener at 127.0.0.1/37825] INFO  ozone.MiniOzoneClusterImpl (MiniOzoneClusterImpl.java:lambda$waitForClusterToBeReady$0(229)) - SCM became leader
2023-05-08 09:33:51,966 [Listener at 127.0.0.1/37825] INFO  ozone.MiniOzoneClusterImpl (MiniOzoneClusterImpl.java:lambda$waitForClusterToBeReady$0(224)) - Nodes are ready. Got 1 of 1 DN Heartbeats.
2023-05-08 09:33:51,966 [Listener at 127.0.0.1/37825] INFO  ozone.MiniOzoneClusterImpl (MiniOzoneClusterImpl.java:lambda$waitForClusterToBeReady$0(227)) - Waiting for cluster to exit safe mode
2023-05-08 09:33:51,966 [Listener at 127.0.0.1/37825] INFO  ozone.MiniOzoneClusterImpl (MiniOzoneClusterImpl.java:lambda$waitForClusterToBeReady$0(229)) - SCM became leader
2023-05-08 09:33:52,966 [Listener at 127.0.0.1/37825] INFO  ozone.MiniOzoneClusterImpl (MiniOzoneClusterImpl.java:lambda$waitForClusterToBeReady$0(224)) - Nodes are ready. Got 1 of 1 DN Heartbeats.
2023-05-08 09:33:52,967 [Listener at 127.0.0.1/37825] INFO  ozone.MiniOzoneClusterImpl (MiniOzoneClusterImpl.java:lambda$waitForClusterToBeReady$0(227)) - Waiting for cluster to exit safe mode
2023-05-08 09:33:52,967 [Listener at 127.0.0.1/37825] INFO  ozone.MiniOzoneClusterImpl (MiniOzoneClusterImpl.java:lambda$waitForClusterToBeReady$0(229)) - SCM became leader
2023-05-08 09:33:52,970 [Command processor thread] INFO  server.RaftServer (RaftServerProxy.java:addNew(96)) - 5b751525-9248-4db6-b421-a26496cf91cc: addNew group-C6029DC5E7B3:[5b751525-9248-4db6-b421-a26496cf91cc|rpc:10.1.0.160:34069|dataStream:10.1.0.160:36379|priority:1|startupRole:FOLLOWER] returns group-C6029DC5E7B3:java.util.concurrent.CompletableFuture@43f31dca[Not completed]
2023-05-08 09:33:52,972 [pool-235-thread-1] INFO  server.RaftServer$Division (RaftServerImpl.java:<init>(195)) - 5b751525-9248-4db6-b421-a26496cf91cc: new RaftServerImpl for group-C6029DC5E7B3:[5b751525-9248-4db6-b421-a26496cf91cc|rpc:10.1.0.160:34069|dataStream:10.1.0.160:36379|priority:1|startupRole:FOLLOWER] with ContainerStateMachine:uninitialized
2023-05-08 09:33:52,972 [pool-235-thread-1] INFO  server.RaftServerConfigKeys (ConfUtils.java:logGet(46)) - raft.server.rpc.timeout.min = 5s (custom)
2023-05-08 09:33:52,972 [pool-235-thread-1] INFO  server.RaftServerConfigKeys (ConfUtils.java:logGet(46)) - raft.server.rpc.timeout.max = 5200ms (custom)
2023-05-08 09:33:52,972 [pool-235-thread-1] INFO  server.RaftServerConfigKeys (ConfUtils.java:logGet(46)) - raft.server.rpc.sleep.time = 25ms (default)
2023-05-08 09:33:52,972 [pool-235-thread-1] INFO  server.RaftServerConfigKeys (ConfUtils.java:logGet(46)) - raft.server.rpc.slowness.timeout = 300s (custom)
2023-05-08 09:33:52,972 [pool-235-thread-1] INFO  server.RaftServerConfigKeys (ConfUtils.java:logGet(46)) - raft.server.leaderelection.leader.step-down.wait-time = 10s (default)
2023-05-08 09:33:52,972 [pool-235-thread-1] INFO  server.RaftServerConfigKeys (ConfUtils.java:logGet(46)) - raft.server.sleep.deviation.threshold = 300ms (default)
2023-05-08 09:33:52,972 [pool-235-thread-1] INFO  server.RaftServer$Division (ServerState.java:<init>(118)) - 5b751525-9248-4db6-b421-a26496cf91cc@group-C6029DC5E7B3: ConfigurationManager, init=-1: peers:[5b751525-9248-4db6-b421-a26496cf91cc|rpc:10.1.0.160:34069|dataStream:10.1.0.160:36379|priority:1|startupRole:FOLLOWER]|listeners:[], old=null, confs=<EMPTY_MAP>
2023-05-08 09:33:52,972 [pool-235-thread-1] INFO  server.RaftServerConfigKeys (ConfUtils.java:logGet(46)) - raft.server.storage.dir = [/home/runner/work/ozone/ozone/hadoop-ozone/integration-test/target/test-dir/MiniOzoneClusterImpl-a8211c11-f9c5-4609-bdf6-515b7eef327f/datanode-0/data/ratis] (custom)
2023-05-08 09:33:52,972 [pool-235-thread-1] INFO  server.RaftServerConfigKeys (ConfUtils.java:logGet(46)) - raft.server.log.corruption.policy = EXCEPTION (default)
2023-05-08 09:33:52,972 [pool-235-thread-1] INFO  server.RaftServerConfigKeys (ConfUtils.java:logGet(46)) - raft.server.storage.free-space.min = 0MB (=0) (default)
2023-05-08 09:33:52,973 [pool-235-thread-1] INFO  server.RaftServerConfigKeys (ConfUtils.java:logGet(46)) - raft.server.notification.no-leader.timeout = 300s (custom)
2023-05-08 09:33:52,973 [pool-235-thread-1] INFO  server.RaftServerConfigKeys (ConfUtils.java:logGet(46)) - raft.server.retrycache.expirytime = 600000ms (custom)
2023-05-08 09:33:52,973 [pool-235-thread-1] INFO  server.RaftServerConfigKeys (ConfUtils.java:logGet(46)) - raft.server.retrycache.statistics.expirytime = 100μs (default)
2023-05-08 09:33:52,973 [pool-235-thread-1] INFO  server.RaftServerConfigKeys (ConfUtils.java:logGet(46)) - raft.server.log.appender.install.snapshot.enabled = false (custom)
2023-05-08 09:33:52,973 [pool-235-thread-1] INFO  server.RaftServerConfigKeys (ConfUtils.java:logGet(46)) - raft.server.threadpool.server.cached = true (default)
2023-05-08 09:33:52,973 [pool-235-thread-1] INFO  server.RaftServerConfigKeys (ConfUtils.java:logGet(46)) - raft.server.threadpool.server.size = 0 (default)
2023-05-08 09:33:52,973 [pool-235-thread-1] INFO  server.RaftServerConfigKeys (ConfUtils.java:logGet(46)) - raft.server.threadpool.client.cached = true (default)
2023-05-08 09:33:52,973 [pool-235-thread-1] INFO  server.RaftServerConfigKeys (ConfUtils.java:logGet(46)) - raft.server.threadpool.client.size = 0 (default)
2023-05-08 09:33:52,974 [pool-235-thread-1] INFO  storage.RaftStorageDirectory (RaftStorageDirectoryImpl.java:analyzeStorage(137)) - The storage directory /home/runner/work/ozone/ozone/hadoop-ozone/integration-test/target/test-dir/MiniOzoneClusterImpl-a8211c11-f9c5-4609-bdf6-515b7eef327f/datanode-0/data/ratis/255122cb-17ce-45ce-9211-c6029dc5e7b3 does not exist. Creating ...
2023-05-08 09:33:52,975 [pool-235-thread-1] INFO  storage.RaftStorageDirectory (RaftStorageDirectoryImpl.java:tryLock(231)) - Lock on /home/runner/work/ozone/ozone/hadoop-ozone/integration-test/target/test-dir/MiniOzoneClusterImpl-a8211c11-f9c5-4609-bdf6-515b7eef327f/datanode-0/data/ratis/255122cb-17ce-45ce-9211-c6029dc5e7b3/in_use.lock acquired by nodename 7572@fv-az96-539
2023-05-08 09:33:52,976 [pool-235-thread-1] INFO  storage.RaftStorage (RaftStorageImpl.java:format(96)) - Storage directory /home/runner/work/ozone/ozone/hadoop-ozone/integration-test/target/test-dir/MiniOzoneClusterImpl-a8211c11-f9c5-4609-bdf6-515b7eef327f/datanode-0/data/ratis/255122cb-17ce-45ce-9211-c6029dc5e7b3 has been successfully formatted.
2023-05-08 09:33:52,976 [pool-235-thread-1] INFO  ratis.ContainerStateMachine (ContainerStateMachine.java:loadSnapshot(262)) - group-C6029DC5E7B3: The snapshot info is null. Setting the last applied indexto:(t:0, i:~)
2023-05-08 09:33:52,976 [pool-235-thread-1] INFO  server.RaftServerConfigKeys (ConfUtils.java:logGet(46)) - raft.server.log.use.memory = false (default)
2023-05-08 09:33:52,976 [pool-235-thread-1] INFO  server.RaftServerConfigKeys (ConfUtils.java:logGet(46)) - raft.server.log.purge.gap = 1000000 (custom)
2023-05-08 09:33:52,977 [EventQueue-PipelineReportForPipelineReportHandler] INFO  pipeline.PipelineManagerImpl (PipelineManagerImpl.java:openPipeline(367)) - Pipeline Pipeline[ Id: 255122cb-17ce-45ce-9211-c6029dc5e7b3, Nodes: 5b751525-9248-4db6-b421-a26496cf91cc(fv-az96-539/10.1.0.160), ReplicationConfig: RATIS/ONE, State:ALLOCATED, leaderId:5b751525-9248-4db6-b421-a26496cf91cc, CreationTimestamp2023-05-08T09:33:49.977Z[Etc/UTC]] moved to OPEN state
2023-05-08 09:33:52,980 [pool-235-thread-1] INFO  server.RaftServerConfigKeys (ConfUtils.java:logGet(46)) - raft.server.log.appender.buffer.byte-limit = 33554432 (custom)
2023-05-08 09:33:52,980 [pool-235-thread-1] INFO  server.RaftServerConfigKeys (ConfUtils.java:logGet(46)) - raft.server.log.statemachine.data.read.timeout = 1000ms (default)
2023-05-08 09:33:52,980 [pool-235-thread-1] INFO  server.RaftServerConfigKeys (ConfUtils.java:logGet(46)) - raft.server.log.purge.preservation.log.num = 0 (default)
2023-05-08 09:33:52,980 [pool-235-thread-1] INFO  server.RaftServerConfigKeys (ConfUtils.java:logGet(46)) - raft.server.log.segment.size.max = 1048576 (custom)
2023-05-08 09:33:52,980 [pool-235-thread-1] INFO  server.RaftServerConfigKeys (ConfUtils.java:logGet(46)) - raft.server.log.segment.cache.num.max = 2 (custom)
2023-05-08 09:33:52,981 [pool-235-thread-1] INFO  server.RaftServerConfigKeys (ConfUtils.java:logGet(46)) - raft.server.log.segment.cache.size.max = 200MB (=209715200) (default)
2023-05-08 09:33:52,981 [pool-235-thread-1] INFO  segmented.SegmentedRaftLogWorker (SegmentedRaftLogWorker.java:<init>(189)) - new 5b751525-9248-4db6-b421-a26496cf91cc@group-C6029DC5E7B3-SegmentedRaftLogWorker for RaftStorageImpl:Storage Directory /home/runner/work/ozone/ozone/hadoop-ozone/integration-test/target/test-dir/MiniOzoneClusterImpl-a8211c11-f9c5-4609-bdf6-515b7eef327f/datanode-0/data/ratis/255122cb-17ce-45ce-9211-c6029dc5e7b3
2023-05-08 09:33:52,982 [EventQueue-OpenPipelineForHealthyPipelineSafeModeRule] INFO  safemode.SCMSafeModeManager (SCMSafeModeManager.java:validateSafeModeExitRules(200)) - HealthyPipelineSafeModeRule rule is successfully validated
2023-05-08 09:33:52,982 [EventQueue-OpenPipelineForHealthyPipelineSafeModeRule] INFO  safemode.SCMSafeModeManager (SCMSafeModeManager.java:validateSafeModeExitRules(215)) - ScmSafeModeManager, all rules are successfully validated
2023-05-08 09:33:52,982 [EventQueue-OpenPipelineForHealthyPipelineSafeModeRule] INFO  safemode.SCMSafeModeManager (SCMSafeModeManager.java:exitSafeMode(244)) - SCM exiting safe mode.
2023-05-08 09:33:52,982 [EventQueue-OpenPipelineForHealthyPipelineSafeModeRule] INFO  ha.SCMContext (SCMContext.java:updateSafeModeStatus(228)) - Update SafeModeStatus from SafeModeStatus{safeModeStatus=true, preCheckPassed=true} to SafeModeStatus{safeModeStatus=false, preCheckPassed=true}.
2023-05-08 09:33:52,982 [EventQueue-OpenPipelineForHealthyPipelineSafeModeRule] INFO  pipeline.BackgroundPipelineCreator (BackgroundPipelineCreator.java:notifyStatusChanged(254)) - Service BackgroundPipelineCreator transitions to RUNNING.
2023-05-08 09:33:52,982 [EventQueue-OpenPipelineForHealthyPipelineSafeModeRule] INFO  BackgroundPipelineScrubber (BackgroundSCMService.java:notifyStatusChanged(82)) - Service BackgroundPipelineScrubber transitions to RUNNING.
2023-05-08 09:33:52,982 [EventQueue-OpenPipelineForHealthyPipelineSafeModeRule] INFO  ExpiredContainerReplicaOpScrubber (BackgroundSCMService.java:notifyStatusChanged(82)) - Service ExpiredContainerReplicaOpScrubber transitions to RUNNING.
2023-05-08 09:33:52,982 [EventQueue-OpenPipelineForHealthyPipelineSafeModeRule] INFO  replication.ReplicationManager (ReplicationManager.java:notifyStatusChanged(1370)) - Service ReplicationManager transitions to RUNNING.
2023-05-08 09:33:52,982 [EventQueue-OpenPipelineForHealthyPipelineSafeModeRule] WARN  balancer.ContainerBalancer (ContainerBalancer.java:shouldRun(132)) - Could not find persisted configuration for ContainerBalancer when checking if ContainerBalancer should run. ContainerBalancer should not run now.
2023-05-08 09:33:52,985 [pool-235-thread-1] INFO  server.RaftServerConfigKeys (ConfUtils.java:logGet(46)) - raft.server.log.queue.byte-limit = 4294967296 (custom)
2023-05-08 09:33:52,985 [pool-235-thread-1] INFO  server.RaftServerConfigKeys (ConfUtils.java:logGet(46)) - raft.server.log.queue.element-limit = 1024 (custom)
2023-05-08 09:33:52,985 [pool-235-thread-1] INFO  server.RaftServerConfigKeys (ConfUtils.java:logGet(46)) - raft.server.log.segment.size.max = 1048576 (custom)
2023-05-08 09:33:52,985 [pool-235-thread-1] INFO  server.RaftServerConfigKeys (ConfUtils.java:logGet(46)) - raft.server.log.preallocated.size = 16384 (custom)
2023-05-08 09:33:52,985 [pool-235-thread-1] INFO  server.RaftServerConfigKeys (ConfUtils.java:logGet(46)) - raft.server.log.force.sync.num = 128 (default)
2023-05-08 09:33:52,985 [pool-235-thread-1] INFO  server.RaftServerConfigKeys (ConfUtils.java:logGet(46)) - raft.server.log.statemachine.data.sync = true (default)
2023-05-08 09:33:52,985 [pool-235-thread-1] INFO  server.RaftServerConfigKeys (ConfUtils.java:logGet(46)) - raft.server.log.statemachine.data.sync.timeout = 10s (default)
2023-05-08 09:33:52,985 [pool-235-thread-1] INFO  server.RaftServerConfigKeys (ConfUtils.java:logGet(46)) - raft.server.log.statemachine.data.sync.timeout.retry = -1 (default)
2023-05-08 09:33:52,986 [pool-235-thread-1] INFO  server.RaftServerConfigKeys (ConfUtils.java:logGet(46)) - raft.server.log.write.buffer.size = 1048576 (custom)
2023-05-08 09:33:52,987 [pool-235-thread-1] INFO  server.RaftServerConfigKeys (ConfUtils.java:logGet(46)) - raft.server.log.appender.buffer.byte-limit = 33554432 (custom)
2023-05-08 09:33:52,992 [pool-235-thread-1] INFO  server.RaftServerConfigKeys (ConfUtils.java:logGet(46)) - raft.server.log.unsafe-flush.enabled = false (default)
2023-05-08 09:33:52,992 [pool-235-thread-1] INFO  server.RaftServerConfigKeys (ConfUtils.java:logGet(46)) - raft.server.log.async-flush.enabled = false (default)
2023-05-08 09:33:52,992 [pool-235-thread-1] INFO  server.RaftServerConfigKeys (ConfUtils.java:logGet(46)) - raft.server.log.statemachine.data.caching.enabled = true (custom)
2023-05-08 09:33:52,992 [pool-235-thread-1] INFO  segmented.SegmentedRaftLogWorker (SegmentedRaftLogWorker.java:lambda$new$0(135)) - 5b751525-9248-4db6-b421-a26496cf91cc@group-C6029DC5E7B3-SegmentedRaftLogWorker: flushIndex: setUnconditionally 0 -> -1
2023-05-08 09:33:52,992 [pool-235-thread-1] INFO  segmented.SegmentedRaftLogWorker (SegmentedRaftLogWorker.java:lambda$new$0(135)) - 5b751525-9248-4db6-b421-a26496cf91cc@group-C6029DC5E7B3-SegmentedRaftLogWorker: safeCacheEvictIndex: setUnconditionally 0 -> -1
2023-05-08 09:33:52,999 [pool-235-thread-1] INFO  server.RaftServer$Division (RaftServerImpl.java:start(334)) - 5b751525-9248-4db6-b421-a26496cf91cc@group-C6029DC5E7B3: start as a follower, conf=-1: peers:[5b751525-9248-4db6-b421-a26496cf91cc|rpc:10.1.0.160:34069|dataStream:10.1.0.160:36379|priority:1|startupRole:FOLLOWER]|listeners:[], old=null
2023-05-08 09:33:52,999 [pool-235-thread-1] INFO  server.RaftServer$Division (RaftServerImpl.java:setRole(321)) - 5b751525-9248-4db6-b421-a26496cf91cc@group-C6029DC5E7B3: changes role from      null to FOLLOWER at term 0 for startAsFollower
2023-05-08 09:33:52,999 [pool-235-thread-1] INFO  impl.RoleInfo (RoleInfo.java:updateAndGet(139)) - 5b751525-9248-4db6-b421-a26496cf91cc: start 5b751525-9248-4db6-b421-a26496cf91cc@group-C6029DC5E7B3-FollowerState
2023-05-08 09:33:52,999 [5b751525-9248-4db6-b421-a26496cf91cc@group-C6029DC5E7B3-FollowerState] INFO  server.RaftServerConfigKeys (ConfUtils.java:logFallback(53)) - raft.server.rpc.first-election.timeout.min = 5s (fallback to raft.server.rpc.timeout.min)
2023-05-08 09:33:52,999 [pool-235-thread-1] INFO  util.JmxRegister (JmxRegister.java:tryRegister(44)) - Successfully registered JMX Bean with object name Ratis:service=RaftServer,group=group-C6029DC5E7B3,id=5b751525-9248-4db6-b421-a26496cf91cc
2023-05-08 09:33:52,999 [pool-235-thread-1] INFO  server.RaftServerConfigKeys (ConfUtils.java:logGet(46)) - raft.server.snapshot.auto.trigger.enabled = true (custom)
2023-05-08 09:33:52,999 [pool-235-thread-1] INFO  server.RaftServerConfigKeys (ConfUtils.java:logGet(46)) - raft.server.snapshot.auto.trigger.threshold = 10000 (custom)
2023-05-08 09:33:52,999 [pool-235-thread-1] INFO  server.RaftServerConfigKeys (ConfUtils.java:logGet(46)) - raft.server.snapshot.retention.file.num = 5 (custom)
2023-05-08 09:33:52,999 [pool-235-thread-1] INFO  server.RaftServerConfigKeys (ConfUtils.java:logGet(46)) - raft.server.log.purge.upto.snapshot.index = false (default)
2023-05-08 09:33:53,000 [5b751525-9248-4db6-b421-a26496cf91cc@group-C6029DC5E7B3-FollowerState] INFO  server.RaftServerConfigKeys (ConfUtils.java:logFallback(53)) - raft.server.rpc.first-election.timeout.max = 5200ms (fallback to raft.server.rpc.timeout.max)
2023-05-08 09:33:53,003 [Command processor thread] INFO  ratis.XceiverServerRatis (XceiverServerRatis.java:addGroup(806)) - Created group PipelineID=255122cb-17ce-45ce-9211-c6029dc5e7b3
2023-05-08 09:33:53,003 [Command processor thread] INFO  commandhandler.CreatePipelineCommandHandler (CreatePipelineCommandHandler.java:handle(113)) - Created Pipeline RATIS ONE PipelineID=255122cb-17ce-45ce-9211-c6029dc5e7b3.
2023-05-08 09:33:53,967 [Listener at 127.0.0.1/37825] INFO  ozone.MiniOzoneClusterImpl (MiniOzoneClusterImpl.java:lambda$waitForClusterToBeReady$0(224)) - Nodes are ready. Got 1 of 1 DN Heartbeats.
2023-05-08 09:33:53,967 [Listener at 127.0.0.1/37825] INFO  ozone.MiniOzoneClusterImpl (MiniOzoneClusterImpl.java:lambda$waitForClusterToBeReady$0(227)) - Cluster exits safe mode
2023-05-08 09:33:53,967 [Listener at 127.0.0.1/37825] INFO  ozone.MiniOzoneClusterImpl (MiniOzoneClusterImpl.java:lambda$waitForClusterToBeReady$0(229)) - SCM became leader
2023-05-08 09:33:53,985 [Listener at 127.0.0.1/37825] INFO  rpc.RpcClient (RpcClient.java:createVolume(476)) - Creating Volume: volume68994, with user50177 as owner and space quota set to -1 bytes, counts quota set to -1
2023-05-08 09:33:53,993 [OM StateMachine ApplyTransaction Thread - 0] INFO  volume.OMVolumeCreateRequest (OMVolumeCreateRequest.java:validateAndUpdateCache(196)) - created volume:volume68994 for user:user50177
2023-05-08 09:33:53,998 [Listener at 127.0.0.1/37825] INFO  rpc.RpcClient (RpcClient.java:createBucket(697)) - Creating Bucket: volume68994/bucket76662, with bucket layout LEGACY, runner as owner, Versioning false, Storage Type set to DISK and Encryption set to false, Replication Type set to server-side default replication type, Namespace Quota set to -1, Space Quota set to -1 
2023-05-08 09:33:54,001 [OM StateMachine ApplyTransaction Thread - 0] INFO  bucket.OMBucketCreateRequest (OMBucketCreateRequest.java:validateAndUpdateCache(270)) - created bucket: bucket76662 of layout LEGACY in volume: volume68994
2023-05-08 09:33:54,015 [IPC Server handler 1 on default port 34811] INFO  ha.SequenceIdGenerator (SequenceIdGenerator.java:getNextId(128)) - Allocate a batch for containerId, change lastId from 0 to 1000.
2023-05-08 09:33:54,016 [IPC Server handler 1 on default port 34811] WARN  ha.SequenceIdGenerator (SequenceIdGenerator.java:allocateBatch(237)) - Failed to allocate a batch for localId, expected lastId is 0, actual lastId is 111677748019200000.
2023-05-08 09:33:54,016 [IPC Server handler 1 on default port 34811] INFO  ha.SequenceIdGenerator (SequenceIdGenerator.java:getNextId(128)) - Allocate a batch for localId, change lastId from 111677748019200000 to 111677748019201000.
2023-05-08 09:33:58,044 [5b751525-9248-4db6-b421-a26496cf91cc@group-C6029DC5E7B3-FollowerState] INFO  impl.FollowerState (FollowerState.java:run(143)) - 5b751525-9248-4db6-b421-a26496cf91cc@group-C6029DC5E7B3-FollowerState: change to CANDIDATE, lastRpcElapsedTime:5045552854ns, electionTimeout:5044ms
2023-05-08 09:33:58,045 [5b751525-9248-4db6-b421-a26496cf91cc@group-C6029DC5E7B3-FollowerState] INFO  impl.RoleInfo (RoleInfo.java:shutdownFollowerState(110)) - 5b751525-9248-4db6-b421-a26496cf91cc: shutdown 5b751525-9248-4db6-b421-a26496cf91cc@group-C6029DC5E7B3-FollowerState
2023-05-08 09:33:58,045 [5b751525-9248-4db6-b421-a26496cf91cc@group-C6029DC5E7B3-FollowerState] INFO  server.RaftServer$Division (RaftServerImpl.java:setRole(321)) - 5b751525-9248-4db6-b421-a26496cf91cc@group-C6029DC5E7B3: changes role from  FOLLOWER to CANDIDATE at term 0 for changeToCandidate
2023-05-08 09:33:58,045 [5b751525-9248-4db6-b421-a26496cf91cc@group-C6029DC5E7B3-FollowerState] INFO  server.RaftServerConfigKeys (ConfUtils.java:logGet(46)) - raft.server.leaderelection.pre-vote = true (default)
2023-05-08 09:33:58,045 [5b751525-9248-4db6-b421-a26496cf91cc@group-C6029DC5E7B3-FollowerState] INFO  impl.RoleInfo (RoleInfo.java:updateAndGet(139)) - 5b751525-9248-4db6-b421-a26496cf91cc: start 5b751525-9248-4db6-b421-a26496cf91cc@group-C6029DC5E7B3-LeaderElection10
2023-05-08 09:33:58,046 [5b751525-9248-4db6-b421-a26496cf91cc@group-C6029DC5E7B3-LeaderElection10] INFO  impl.LeaderElection (LeaderElection.java:askForVotes(312)) - 5b751525-9248-4db6-b421-a26496cf91cc@group-C6029DC5E7B3-LeaderElection10 PRE_VOTE round 0: submit vote requests at term 0 for -1: peers:[5b751525-9248-4db6-b421-a26496cf91cc|rpc:10.1.0.160:34069|dataStream:10.1.0.160:36379|priority:1|startupRole:FOLLOWER]|listeners:[], old=null
2023-05-08 09:33:58,046 [5b751525-9248-4db6-b421-a26496cf91cc@group-C6029DC5E7B3-LeaderElection10] INFO  impl.LeaderElection (LeaderElection.java:askForVotes(314)) - 5b751525-9248-4db6-b421-a26496cf91cc@group-C6029DC5E7B3-LeaderElection10 PRE_VOTE round 0: result PASSED (term=0)
2023-05-08 09:33:58,048 [5b751525-9248-4db6-b421-a26496cf91cc@group-C6029DC5E7B3-LeaderElection10] INFO  impl.LeaderElection (LeaderElection.java:askForVotes(312)) - 5b751525-9248-4db6-b421-a26496cf91cc@group-C6029DC5E7B3-LeaderElection10 ELECTION round 0: submit vote requests at term 1 for -1: peers:[5b751525-9248-4db6-b421-a26496cf91cc|rpc:10.1.0.160:34069|dataStream:10.1.0.160:36379|priority:1|startupRole:FOLLOWER]|listeners:[], old=null
2023-05-08 09:33:58,048 [5b751525-9248-4db6-b421-a26496cf91cc@group-C6029DC5E7B3-LeaderElection10] INFO  impl.LeaderElection (LeaderElection.java:askForVotes(314)) - 5b751525-9248-4db6-b421-a26496cf91cc@group-C6029DC5E7B3-LeaderElection10 ELECTION round 0: result PASSED (term=1)
2023-05-08 09:33:58,048 [5b751525-9248-4db6-b421-a26496cf91cc@group-C6029DC5E7B3-LeaderElection10] INFO  impl.RoleInfo (RoleInfo.java:shutdownLeaderElection(130)) - 5b751525-9248-4db6-b421-a26496cf91cc: shutdown 5b751525-9248-4db6-b421-a26496cf91cc@group-C6029DC5E7B3-LeaderElection10
2023-05-08 09:33:58,048 [5b751525-9248-4db6-b421-a26496cf91cc@group-C6029DC5E7B3-LeaderElection10] INFO  server.RaftServer$Division (RaftServerImpl.java:setRole(321)) - 5b751525-9248-4db6-b421-a26496cf91cc@group-C6029DC5E7B3: changes role from CANDIDATE to LEADER at term 1 for changeToLeader
2023-05-08 09:33:58,048 [5b751525-9248-4db6-b421-a26496cf91cc@group-C6029DC5E7B3-LeaderElection10] INFO  ratis.XceiverServerRatis (XceiverServerRatis.java:handleLeaderChangedNotification(904)) - Leader change notification received for group: group-C6029DC5E7B3 with new leaderId: 5b751525-9248-4db6-b421-a26496cf91cc
2023-05-08 09:33:58,049 [5b751525-9248-4db6-b421-a26496cf91cc@group-C6029DC5E7B3-LeaderElection10] INFO  server.RaftServer$Division (ServerState.java:setLeader(313)) - 5b751525-9248-4db6-b421-a26496cf91cc@group-C6029DC5E7B3: change Leader from null to 5b751525-9248-4db6-b421-a26496cf91cc at term 1 for becomeLeader, leader elected after 5075ms
2023-05-08 09:33:58,049 [5b751525-9248-4db6-b421-a26496cf91cc@group-C6029DC5E7B3-LeaderElection10] INFO  server.RaftServerConfigKeys (ConfUtils.java:logGet(46)) - raft.server.staging.catchup.gap = 1000 (default)
2023-05-08 09:33:58,049 [5b751525-9248-4db6-b421-a26496cf91cc@group-C6029DC5E7B3-LeaderElection10] INFO  server.RaftServerConfigKeys (ConfUtils.java:logGet(46)) - raft.server.write.element-limit = 1024 (custom)
2023-05-08 09:33:58,050 [5b751525-9248-4db6-b421-a26496cf91cc@group-C6029DC5E7B3-LeaderElection10] INFO  server.RaftServerConfigKeys (ConfUtils.java:logGet(46)) - raft.server.write.byte-limit = 1024 M (=1073741824) (custom)
2023-05-08 09:33:58,050 [5b751525-9248-4db6-b421-a26496cf91cc@group-C6029DC5E7B3-LeaderElection10] INFO  server.RaftServerConfigKeys (ConfUtils.java:logGet(46)) - raft.server.watch.timeout = 180s (custom)
2023-05-08 09:33:58,050 [5b751525-9248-4db6-b421-a26496cf91cc@group-C6029DC5E7B3-LeaderElection10] INFO  server.RaftServerConfigKeys (ConfUtils.java:logGet(46)) - raft.server.watch.timeout.denomination = 1s (default)
2023-05-08 09:33:58,050 [5b751525-9248-4db6-b421-a26496cf91cc@group-C6029DC5E7B3-LeaderElection10] INFO  server.RaftServerConfigKeys (ConfUtils.java:logGet(46)) - raft.server.watch.element-limit = 65536 (default)
2023-05-08 09:33:58,050 [5b751525-9248-4db6-b421-a26496cf91cc@group-C6029DC5E7B3-LeaderElection10] INFO  server.RaftServerConfigKeys (ConfUtils.java:logGet(46)) - raft.server.write.element-limit = 1024 (custom)
2023-05-08 09:33:58,050 [5b751525-9248-4db6-b421-a26496cf91cc@group-C6029DC5E7B3-LeaderElection10] INFO  server.RaftServerConfigKeys (ConfUtils.java:logGet(46)) - raft.server.write.follower.gap.ratio.max = -1.0 (default)
2023-05-08 09:33:58,050 [5b751525-9248-4db6-b421-a26496cf91cc@group-C6029DC5E7B3-LeaderElection10] INFO  impl.RoleInfo (RoleInfo.java:updateAndGet(139)) - 5b751525-9248-4db6-b421-a26496cf91cc: start 5b751525-9248-4db6-b421-a26496cf91cc@group-C6029DC5E7B3-LeaderStateImpl
2023-05-08 09:33:58,051 [5b751525-9248-4db6-b421-a26496cf91cc@group-C6029DC5E7B3-LeaderElection10] INFO  segmented.SegmentedRaftLogWorker (SegmentedRaftLogWorker.java:startLogSegment(452)) - 5b751525-9248-4db6-b421-a26496cf91cc@group-C6029DC5E7B3-SegmentedRaftLogWorker: Starting segment from index:0
2023-05-08 09:33:58,051 [5b751525-9248-4db6-b421-a26496cf91cc@group-C6029DC5E7B3-LeaderElection10] INFO  server.RaftServer$Division (ServerState.java:setRaftConf(430)) - 5b751525-9248-4db6-b421-a26496cf91cc@group-C6029DC5E7B3: set configuration 0: peers:[5b751525-9248-4db6-b421-a26496cf91cc|rpc:10.1.0.160:34069|dataStream:10.1.0.160:36379|priority:1|startupRole:FOLLOWER]|listeners:[], old=null
2023-05-08 09:33:58,052 [5b751525-9248-4db6-b421-a26496cf91cc@group-C6029DC5E7B3-SegmentedRaftLogWorker] INFO  segmented.SegmentedRaftLogWorker (SegmentedRaftLogWorker.java:execute(656)) - 5b751525-9248-4db6-b421-a26496cf91cc@group-C6029DC5E7B3-SegmentedRaftLogWorker: created new log segment /home/runner/work/ozone/ozone/hadoop-ozone/integration-test/target/test-dir/MiniOzoneClusterImpl-a8211c11-f9c5-4609-bdf6-515b7eef327f/datanode-0/data/ratis/255122cb-17ce-45ce-9211-c6029dc5e7b3/current/log_inprogress_0
2023-05-08 09:34:08,730 [Listener at 127.0.0.1/37825] INFO  ha.SequenceIdGenerator (SequenceIdGenerator.java:getNextId(128)) - Allocate a batch for delTxnId, change lastId from 0 to 1000.
2023-05-08 09:34:08,758 [SCMBlockDeletingService#0] INFO  block.SCMBlockDeletingService (SCMBlockDeletingService.java:call(198)) - Totally added 2 blocks to be deleted for 1 datanodes, task elapsed time: 0ms
2023-05-08 09:34:09,233 [Listener at 127.0.0.1/37825] INFO  ozone.MiniOzoneClusterImpl (MiniOzoneClusterImpl.java:shutdown(457)) - Shutting down the Mini Ozone Cluster
2023-05-08 09:34:09,233 [Listener at 127.0.0.1/37825] INFO  ozone.MiniOzoneClusterImpl (MiniOzoneClusterImpl.java:stop(476)) - Stopping the Mini Ozone Cluster
2023-05-08 09:34:09,233 [Listener at 127.0.0.1/37825] INFO  ozone.MiniOzoneClusterImpl (MiniOzoneClusterImpl.java:stopOM(562)) - Stopping the OzoneManager
2023-05-08 09:34:09,233 [Listener at 127.0.0.1/37825] INFO  om.OzoneManager (OzoneManager.java:stop(2173)) - om1[localhost:0]: Stopping Ozone Manager
2023-05-08 09:34:09,233 [Listener at 127.0.0.1/37825] INFO  ipc.Server (Server.java:stop(3501)) - Stopping server on 37825
2023-05-08 09:34:09,234 [IPC Server listener on 0] INFO  ipc.Server (Server.java:run(1430)) - Stopping IPC Server listener on 0
2023-05-08 09:34:09,244 [IPC Server Responder] INFO  ipc.Server (Server.java:run(1563)) - Stopping IPC Server Responder
2023-05-08 09:34:09,244 [Listener at 127.0.0.1/37825] INFO  server.RaftServer (RaftServerProxy.java:lambda$close$6(409)) - om1: close
2023-05-08 09:34:09,245 [om1-impl-thread1] INFO  server.RaftServer$Division (RaftServerImpl.java:lambda$close$4(458)) - om1@group-C5BA1605619E: shutdown
2023-05-08 09:34:09,245 [om1-impl-thread1] INFO  util.JmxRegister (JmxRegister.java:unregister(73)) - Successfully un-registered JMX Bean with object name Ratis:service=RaftServer,group=group-C5BA1605619E,id=om1
2023-05-08 09:34:09,245 [om1-impl-thread1] INFO  impl.RoleInfo (RoleInfo.java:shutdownLeaderState(93)) - om1: shutdown om1@group-C5BA1605619E-LeaderStateImpl
2023-05-08 09:34:09,245 [om1-impl-thread1] INFO  impl.PendingRequests (PendingRequests.java:sendNotLeaderResponses(282)) - om1@group-C5BA1605619E-PendingRequests: sendNotLeaderResponses
2023-05-08 09:34:09,245 [Listener at 127.0.0.1/37825] INFO  server.GrpcService (GrpcService.java:closeImpl(271)) - om1: shutdown server GrpcServerProtocolService now
2023-05-08 09:34:09,250 [om1-impl-thread1] INFO  impl.StateMachineUpdater (StateMachineUpdater.java:stopAndJoin(153)) - om1@group-C5BA1605619E-StateMachineUpdater: set stopIndex = 64
2023-05-08 09:34:09,250 [om1@group-C5BA1605619E-StateMachineUpdater] INFO  ratis.OzoneManagerStateMachine (OzoneManagerStateMachine.java:takeSnapshot(479)) - Current Snapshot Index (t:1, i:64)
2023-05-08 09:34:09,250 [Listener at 127.0.0.1/37825] INFO  server.GrpcService (GrpcService.java:closeImpl(280)) - om1: shutdown server GrpcServerProtocolService successfully
2023-05-08 09:34:09,259 [SCMBlockDeletingService#0] INFO  block.SCMBlockDeletingService (SCMBlockDeletingService.java:call(198)) - Totally added 2 blocks to be deleted for 1 datanodes, task elapsed time: 1ms
2023-05-08 09:34:09,265 [om1@group-C5BA1605619E-StateMachineUpdater] INFO  impl.StateMachineUpdater (StateMachineUpdater.java:takeSnapshot(287)) - om1@group-C5BA1605619E-StateMachineUpdater: Took a snapshot at index 64
2023-05-08 09:34:09,265 [om1@group-C5BA1605619E-StateMachineUpdater] INFO  impl.StateMachineUpdater (StateMachineUpdater.java:lambda$new$0(92)) - om1@group-C5BA1605619E-StateMachineUpdater: snapshotIndex: updateIncreasingly -1 -> 64
2023-05-08 09:34:09,265 [om1@group-C5BA1605619E-StateMachineUpdater] INFO  ratis.OzoneManagerStateMachine (OzoneManagerStateMachine.java:close(533)) - StateMachine has shutdown. Shutdown OzoneManager if not already shutdown.
2023-05-08 09:34:09,265 [om1@group-C5BA1605619E-StateMachineUpdater] INFO  ratis.OzoneManagerDoubleBuffer (OzoneManagerDoubleBuffer.java:stopDaemon(559)) - Stopping OMDoubleBuffer flush thread
2023-05-08 09:34:09,265 [OMDoubleBufferFlushThread] INFO  ratis.OzoneManagerDoubleBuffer (OzoneManagerDoubleBuffer.java:canFlush(648)) - OMDoubleBuffer flush thread OMDoubleBufferFlushThread is interrupted and will exit.
2023-05-08 09:34:09,266 [om1-impl-thread1] INFO  server.RaftServer$Division (ServerState.java:close(466)) - om1@group-C5BA1605619E: closes. applyIndex: 64
2023-05-08 09:34:09,266 [om1@group-C5BA1605619E-SegmentedRaftLogWorker] INFO  segmented.SegmentedRaftLogWorker (SegmentedRaftLogWorker.java:run(347)) - om1@group-C5BA1605619E-SegmentedRaftLogWorker was interrupted, exiting. There are 0 tasks remaining in the queue.
2023-05-08 09:34:09,268 [om1-impl-thread1] INFO  segmented.SegmentedRaftLogWorker (SegmentedRaftLogWorker.java:close(257)) - om1@group-C5BA1605619E-SegmentedRaftLogWorker close()
2023-05-08 09:34:09,268 [JvmPauseMonitor4] INFO  util.JvmPauseMonitor (JvmPauseMonitor.java:run(111)) - JvmPauseMonitor-om1: Stopped
2023-05-08 09:34:09,268 [Listener at 127.0.0.1/37825] INFO  ratis.OzoneManagerStateMachine (OzoneManagerStateMachine.java:close(533)) - StateMachine has shutdown. Shutdown OzoneManager if not already shutdown.
2023-05-08 09:34:09,268 [Listener at 127.0.0.1/37825] INFO  ratis.OzoneManagerDoubleBuffer (OzoneManagerDoubleBuffer.java:stopDaemon(568)) - OMDoubleBuffer flush thread is not running.
2023-05-08 09:34:09,269 [Listener at 127.0.0.1/37825] INFO  utils.BackgroundService (BackgroundService.java:shutdown(141)) - Shutting down service KeyDeletingService
2023-05-08 09:34:09,269 [Listener at 127.0.0.1/37825] INFO  utils.BackgroundService (BackgroundService.java:shutdown(141)) - Shutting down service KeyDeletingService
2023-05-08 09:34:09,269 [Listener at 127.0.0.1/37825] INFO  utils.BackgroundService (BackgroundService.java:shutdown(141)) - Shutting down service OpenKeyCleanupService
2023-05-08 09:34:09,269 [Listener at 127.0.0.1/37825] INFO  utils.BackgroundService (BackgroundService.java:shutdown(141)) - Shutting down service SstFilteringService
2023-05-08 09:34:09,269 [Listener at 127.0.0.1/37825] INFO  utils.BackgroundService (BackgroundService.java:shutdown(141)) - Shutting down service SnapshotDeletingService
2023-05-08 09:34:09,270 [Listener at 127.0.0.1/37825] INFO  handler.ContextHandler (ContextHandler.java:doStop(1159)) - Stopped o.e.j.w.WebAppContext@28be0989{ozoneManager,/,null,STOPPED}{file:/home/runner/work/ozone/ozone/hadoop-ozone/integration-test/target/test-classes/webapps/ozoneManager}
2023-05-08 09:34:09,270 [Listener at 127.0.0.1/37825] INFO  server.AbstractConnector (AbstractConnector.java:doStop(383)) - Stopped ServerConnector@773001b{HTTP/1.1, (http/1.1)}{0.0.0.0:0}
2023-05-08 09:34:09,270 [Listener at 127.0.0.1/37825] INFO  server.session (HouseKeeper.java:stopScavenging(149)) - node0 Stopped scavenging
2023-05-08 09:34:09,271 [Listener at 127.0.0.1/37825] INFO  handler.ContextHandler (ContextHandler.java:doStop(1159)) - Stopped o.e.j.s.ServletContextHandler@14741838{static,/static,file:///home/runner/work/ozone/ozone/hadoop-ozone/integration-test/target/test-classes/webapps/static,STOPPED}
2023-05-08 09:34:09,271 [Listener at 127.0.0.1/37825] INFO  handler.ContextHandler (ContextHandler.java:doStop(1159)) - Stopped o.e.j.s.ServletContextHandler@65a711d5{logs,/logs,file:///home/runner/work/ozone/ozone/hadoop-ozone/integration-test/target/log,STOPPED}
2023-05-08 09:34:09,273 [Listener at 127.0.0.1/37825] INFO  utils.BackgroundService (BackgroundService.java:shutdown(141)) - Shutting down service SnapshotDiffCleanupService
2023-05-08 09:34:09,274 [Listener at 127.0.0.1/37825] INFO  ozone.MiniOzoneClusterImpl (MiniOzoneClusterImpl.java:stopDatanodes(539)) - Stopping the HddsDatanodes
2023-05-08 09:34:09,275 [Listener at 127.0.0.1/37825] INFO  ozoneimpl.OzoneContainer (OzoneContainer.java:stop(419)) - Attempting to stop container services.
2023-05-08 09:34:09,276 [Listener at 127.0.0.1/37825] INFO  server.RaftServer (RaftServerProxy.java:lambda$close$6(409)) - 5b751525-9248-4db6-b421-a26496cf91cc: close
2023-05-08 09:34:09,276 [Listener at 127.0.0.1/37825] INFO  server.GrpcService (GrpcService.java:closeImpl(271)) - 5b751525-9248-4db6-b421-a26496cf91cc: shutdown server GrpcServerProtocolService now
2023-05-08 09:34:09,276 [5b751525-9248-4db6-b421-a26496cf91cc-impl-thread1] INFO  server.RaftServer$Division (RaftServerImpl.java:lambda$close$4(458)) - 5b751525-9248-4db6-b421-a26496cf91cc@group-C6029DC5E7B3: shutdown
2023-05-08 09:34:09,276 [5b751525-9248-4db6-b421-a26496cf91cc-impl-thread1] INFO  util.JmxRegister (JmxRegister.java:unregister(73)) - Successfully un-registered JMX Bean with object name Ratis:service=RaftServer,group=group-C6029DC5E7B3,id=5b751525-9248-4db6-b421-a26496cf91cc
2023-05-08 09:34:09,276 [5b751525-9248-4db6-b421-a26496cf91cc-impl-thread1] INFO  impl.RoleInfo (RoleInfo.java:shutdownLeaderState(93)) - 5b751525-9248-4db6-b421-a26496cf91cc: shutdown 5b751525-9248-4db6-b421-a26496cf91cc@group-C6029DC5E7B3-LeaderStateImpl
2023-05-08 09:34:09,276 [5b751525-9248-4db6-b421-a26496cf91cc-impl-thread1] INFO  impl.PendingRequests (PendingRequests.java:sendNotLeaderResponses(282)) - 5b751525-9248-4db6-b421-a26496cf91cc@group-C6029DC5E7B3-PendingRequests: sendNotLeaderResponses
2023-05-08 09:34:09,282 [5b751525-9248-4db6-b421-a26496cf91cc-impl-thread1] INFO  impl.StateMachineUpdater (StateMachineUpdater.java:stopAndJoin(153)) - 5b751525-9248-4db6-b421-a26496cf91cc@group-C6029DC5E7B3-StateMachineUpdater: set stopIndex = 52
2023-05-08 09:34:09,282 [5b751525-9248-4db6-b421-a26496cf91cc@group-C6029DC5E7B3-StateMachineUpdater] INFO  ratis.ContainerStateMachine (ContainerStateMachine.java:takeSnapshot(330)) - group-C6029DC5E7B3: Taking a snapshot at:(t:1, i:52) file /home/runner/work/ozone/ozone/hadoop-ozone/integration-test/target/test-dir/MiniOzoneClusterImpl-a8211c11-f9c5-4609-bdf6-515b7eef327f/datanode-0/data/ratis/255122cb-17ce-45ce-9211-c6029dc5e7b3/sm/snapshot.1_52
2023-05-08 09:34:09,283 [Listener at 127.0.0.1/37825] INFO  server.GrpcService (GrpcService.java:closeImpl(280)) - 5b751525-9248-4db6-b421-a26496cf91cc: shutdown server GrpcServerProtocolService successfully
2023-05-08 09:34:09,283 [5b751525-9248-4db6-b421-a26496cf91cc@group-C6029DC5E7B3-StateMachineUpdater] INFO  ratis.ContainerStateMachine (ContainerStateMachine.java:takeSnapshot(341)) - group-C6029DC5E7B3: Finished taking a snapshot at:(t:1, i:52) file:/home/runner/work/ozone/ozone/hadoop-ozone/integration-test/target/test-dir/MiniOzoneClusterImpl-a8211c11-f9c5-4609-bdf6-515b7eef327f/datanode-0/data/ratis/255122cb-17ce-45ce-9211-c6029dc5e7b3/sm/snapshot.1_52 took: 1 ms
2023-05-08 09:34:09,283 [5b751525-9248-4db6-b421-a26496cf91cc@group-C6029DC5E7B3-StateMachineUpdater] INFO  impl.StateMachineUpdater (StateMachineUpdater.java:takeSnapshot(287)) - 5b751525-9248-4db6-b421-a26496cf91cc@group-C6029DC5E7B3-StateMachineUpdater: Took a snapshot at index 52
2023-05-08 09:34:09,283 [5b751525-9248-4db6-b421-a26496cf91cc-NettyServerStreamRpc-bossGroup--thread1] INFO  logging.LoggingHandler (AbstractInternalLogger.java:log(148)) - [id: 0x0c24ecca, L:/0:0:0:0:0:0:0:0:36379] CLOSE
2023-05-08 09:34:09,284 [5b751525-9248-4db6-b421-a26496cf91cc@group-C6029DC5E7B3-StateMachineUpdater] INFO  impl.StateMachineUpdater (StateMachineUpdater.java:lambda$new$0(92)) - 5b751525-9248-4db6-b421-a26496cf91cc@group-C6029DC5E7B3-StateMachineUpdater: snapshotIndex: updateIncreasingly -1 -> 52
2023-05-08 09:34:09,284 [5b751525-9248-4db6-b421-a26496cf91cc-NettyServerStreamRpc-bossGroup--thread1] INFO  logging.LoggingHandler (AbstractInternalLogger.java:log(148)) - [id: 0x0c24ecca, L:/0:0:0:0:0:0:0:0:36379] INACTIVE
2023-05-08 09:34:09,284 [5b751525-9248-4db6-b421-a26496cf91cc-NettyServerStreamRpc-bossGroup--thread1] INFO  logging.LoggingHandler (AbstractInternalLogger.java:log(148)) - [id: 0x0c24ecca, L:/0:0:0:0:0:0:0:0:36379] UNREGISTERED
2023-05-08 09:34:09,284 [5b751525-9248-4db6-b421-a26496cf91cc-impl-thread1] INFO  server.RaftServer$Division (ServerState.java:close(466)) - 5b751525-9248-4db6-b421-a26496cf91cc@group-C6029DC5E7B3: closes. applyIndex: 52
2023-05-08 09:34:09,284 [5b751525-9248-4db6-b421-a26496cf91cc@group-C6029DC5E7B3-SegmentedRaftLogWorker] INFO  segmented.SegmentedRaftLogWorker (SegmentedRaftLogWorker.java:run(347)) - 5b751525-9248-4db6-b421-a26496cf91cc@group-C6029DC5E7B3-SegmentedRaftLogWorker was interrupted, exiting. There are 0 tasks remaining in the queue.
2023-05-08 09:34:09,292 [5b751525-9248-4db6-b421-a26496cf91cc-impl-thread1] INFO  segmented.SegmentedRaftLogWorker (SegmentedRaftLogWorker.java:close(257)) - 5b751525-9248-4db6-b421-a26496cf91cc@group-C6029DC5E7B3-SegmentedRaftLogWorker close()
2023-05-08 09:34:09,301 [JvmPauseMonitor5] INFO  util.JvmPauseMonitor (JvmPauseMonitor.java:run(111)) - JvmPauseMonitor-5b751525-9248-4db6-b421-a26496cf91cc: Stopped
2023-05-08 09:34:11,308 [Listener at 127.0.0.1/37825] INFO  volume.HddsVolume (HddsVolume.java:closeDbStore(437)) - SchemaV3 db is stopped at /home/runner/work/ozone/ozone/hadoop-ozone/integration-test/target/test-dir/MiniOzoneClusterImpl-a8211c11-f9c5-4609-bdf6-515b7eef327f/datanode-0/data-0/containers/hdds/a8211c11-f9c5-4609-bdf6-515b7eef327f/DS-bc53ac5c-670c-4fe4-a12a-059dbd7f4539/container.db for volume DS-bc53ac5c-670c-4fe4-a12a-059dbd7f4539
2023-05-08 09:34:11,308 [Listener at 127.0.0.1/37825] INFO  utils.BackgroundService (BackgroundService.java:shutdown(141)) - Shutting down service BlockDeletingService
2023-05-08 09:34:11,308 [Listener at 127.0.0.1/37825] INFO  utils.BackgroundService (BackgroundService.java:shutdown(141)) - Shutting down service StaleRecoveringContainerScrubbingService
2023-05-08 09:34:11,310 [Listener at 127.0.0.1/37825] INFO  statemachine.DatanodeStateMachine (DatanodeStateMachine.java:stopDaemon(608)) - Ozone container server stopped.
2023-05-08 09:34:11,318 [Listener at 127.0.0.1/37825] INFO  handler.ContextHandler (ContextHandler.java:doStop(1159)) - Stopped o.e.j.w.WebAppContext@6bd35628{hddsDatanode,/,null,STOPPED}{jar:file:/home/runner/.m2/repository/org/apache/ozone/hdds-container-service/1.4.0-SNAPSHOT/hdds-container-service-1.4.0-SNAPSHOT.jar!/webapps/hddsDatanode}
2023-05-08 09:34:11,319 [Listener at 127.0.0.1/37825] INFO  server.AbstractConnector (AbstractConnector.java:doStop(383)) - Stopped ServerConnector@5221a21c{HTTP/1.1, (http/1.1)}{0.0.0.0:0}
2023-05-08 09:34:11,319 [Listener at 127.0.0.1/37825] INFO  server.session (HouseKeeper.java:stopScavenging(149)) - node0 Stopped scavenging
2023-05-08 09:34:11,319 [Listener at 127.0.0.1/37825] INFO  handler.ContextHandler (ContextHandler.java:doStop(1159)) - Stopped o.e.j.s.ServletContextHandler@3d6bc858{static,/static,jar:file:/home/runner/.m2/repository/org/apache/ozone/hdds-container-service/1.4.0-SNAPSHOT/hdds-container-service-1.4.0-SNAPSHOT.jar!/webapps/static,STOPPED}
2023-05-08 09:34:11,319 [Listener at 127.0.0.1/37825] INFO  handler.ContextHandler (ContextHandler.java:doStop(1159)) - Stopped o.e.j.s.ServletContextHandler@7aad49d6{logs,/logs,file:///home/runner/work/ozone/ozone/hadoop-ozone/integration-test/target/log,STOPPED}
2023-05-08 09:34:11,321 [Listener at 127.0.0.1/37825] INFO  ozone.MiniOzoneClusterImpl (MiniOzoneClusterImpl.java:stopSCM(554)) - Stopping the StorageContainerManager
2023-05-08 09:34:11,322 [Listener at 127.0.0.1/37825] INFO  server.StorageContainerManager (StorageContainerManager.java:stop(1578)) - Container Balancer is not running.
2023-05-08 09:34:11,322 [Listener at 127.0.0.1/37825] INFO  server.StorageContainerManager (StorageContainerManager.java:stopReplicationManager(1709)) - Stopping Replication Manager Service.
2023-05-08 09:34:11,322 [Listener at 127.0.0.1/37825] INFO  replication.ReplicationManager (ReplicationManager.java:stop(326)) - Stopping Replication Monitor Thread.
2023-05-08 09:34:11,322 [Listener at 127.0.0.1/37825] INFO  server.StorageContainerManager (StorageContainerManager.java:stop(1587)) - Stopping the Datanode Admin Monitor.
2023-05-08 09:34:11,322 [Under Replicated Processor] WARN  replication.UnhealthyReplicationProcessor (UnhealthyReplicationProcessor.java:run(167)) - Under Replicated Processor interrupted. Exiting...
2023-05-08 09:34:11,322 [Listener at 127.0.0.1/37825] INFO  server.StorageContainerManager (StorageContainerManager.java:stop(1594)) - Stopping datanode service RPC server
2023-05-08 09:34:11,322 [Listener at 127.0.0.1/37825] INFO  server.SCMDatanodeProtocolServer (SCMDatanodeProtocolServer.java:stop(424)) - Stopping the RPC server for DataNodes
2023-05-08 09:34:11,322 [Listener at 127.0.0.1/37825] INFO  ipc.Server (Server.java:stop(3501)) - Stopping server on 39945
2023-05-08 09:34:11,322 [Over Replicated Processor] WARN  replication.UnhealthyReplicationProcessor (UnhealthyReplicationProcessor.java:run(167)) - Over Replicated Processor interrupted. Exiting...
2023-05-08 09:34:11,322 [ReplicationMonitor] INFO  replication.ReplicationManager (ReplicationManager.java:run(937)) - Replication Monitor Thread is stopped
2023-05-08 09:34:11,324 [IPC Server listener on 0] INFO  ipc.Server (Server.java:run(1430)) - Stopping IPC Server listener on 0
2023-05-08 09:34:11,324 [IPC Server Responder] INFO  ipc.Server (Server.java:run(1563)) - Stopping IPC Server Responder
2023-05-08 09:34:11,661 [SCM Heartbeat Processing Thread - 0] WARN  node.NodeStateManager (NodeStateManager.java:scheduleNextHealthCheck(870)) - Current Thread is interrupted, shutting down HB processing thread for Node Manager.
2023-05-08 09:34:11,662 [Listener at 127.0.0.1/37825] INFO  server.StorageContainerManager (StorageContainerManager.java:stop(1602)) - Stopping block service RPC server
2023-05-08 09:34:11,662 [Listener at 127.0.0.1/37825] INFO  server.SCMBlockProtocolServer (SCMBlockProtocolServer.java:stop(161)) - Stopping the RPC server for Block Protocol
2023-05-08 09:34:11,662 [Listener at 127.0.0.1/37825] INFO  ipc.Server (Server.java:stop(3501)) - Stopping server on 34811
2023-05-08 09:34:11,663 [IPC Server listener on 0] INFO  ipc.Server (Server.java:run(1430)) - Stopping IPC Server listener on 0
2023-05-08 09:34:11,664 [IPC Server Responder] INFO  ipc.Server (Server.java:run(1563)) - Stopping IPC Server Responder
2023-05-08 09:34:11,666 [Listener at 127.0.0.1/37825] INFO  server.StorageContainerManager (StorageContainerManager.java:stop(1609)) - Stopping the StorageContainerLocationProtocol RPC server
2023-05-08 09:34:11,666 [Listener at 127.0.0.1/37825] INFO  server.SCMClientProtocolServer (SCMClientProtocolServer.java:stop(208)) - Stopping the RPC server for Client Protocol
2023-05-08 09:34:11,666 [Listener at 127.0.0.1/37825] INFO  ipc.Server (Server.java:stop(3501)) - Stopping server on 39887
2023-05-08 09:34:11,669 [IPC Server listener on 0] INFO  ipc.Server (Server.java:run(1430)) - Stopping IPC Server listener on 0
2023-05-08 09:34:11,669 [IPC Server Responder] INFO  ipc.Server (Server.java:run(1563)) - Stopping IPC Server Responder
2023-05-08 09:34:11,669 [Listener at 127.0.0.1/37825] INFO  server.StorageContainerManager (StorageContainerManager.java:stop(1616)) - Stopping Storage Container Manager HTTP server.
2023-05-08 09:34:11,670 [Listener at 127.0.0.1/37825] INFO  handler.ContextHandler (ContextHandler.java:doStop(1159)) - Stopped o.e.j.w.WebAppContext@18f4a5e1{scm,/,null,STOPPED}{file:/home/runner/work/ozone/ozone/hadoop-ozone/integration-test/target/test-classes/webapps/scm}
2023-05-08 09:34:11,671 [Listener at 127.0.0.1/37825] INFO  server.AbstractConnector (AbstractConnector.java:doStop(383)) - Stopped ServerConnector@575c35f6{HTTP/1.1, (http/1.1)}{0.0.0.0:0}
2023-05-08 09:34:11,678 [Listener at 127.0.0.1/37825] INFO  server.session (HouseKeeper.java:stopScavenging(149)) - node0 Stopped scavenging
2023-05-08 09:34:11,679 [Listener at 127.0.0.1/37825] INFO  handler.ContextHandler (ContextHandler.java:doStop(1159)) - Stopped o.e.j.s.ServletContextHandler@759c3052{static,/static,file:///home/runner/work/ozone/ozone/hadoop-ozone/integration-test/target/test-classes/webapps/static,STOPPED}
2023-05-08 09:34:11,679 [Listener at 127.0.0.1/37825] INFO  handler.ContextHandler (ContextHandler.java:doStop(1159)) - Stopped o.e.j.s.ServletContextHandler@3a764053{logs,/logs,file:///home/runner/work/ozone/ozone/hadoop-ozone/integration-test/target/log,STOPPED}
2023-05-08 09:34:11,680 [Listener at 127.0.0.1/37825] INFO  server.StorageContainerManager (StorageContainerManager.java:stop(1624)) - Stopping SCM LayoutVersionManager Service.
2023-05-08 09:34:11,681 [Listener at 127.0.0.1/37825] INFO  server.StorageContainerManager (StorageContainerManager.java:stop(1632)) - Stopping Block Manager Service.
2023-05-08 09:34:11,681 [Listener at 127.0.0.1/37825] INFO  utils.BackgroundService (BackgroundService.java:shutdown(141)) - Shutting down service SCMBlockDeletingService
2023-05-08 09:34:11,681 [Listener at 127.0.0.1/37825] INFO  utils.BackgroundService (BackgroundService.java:shutdown(141)) - Shutting down service SCMBlockDeletingService
2023-05-08 09:34:11,681 [Listener at 127.0.0.1/37825] INFO  server.StorageContainerManager (StorageContainerManager.java:stop(1654)) - Stopping SCM Event Queue.
2023-05-08 09:34:11,682 [Listener at 127.0.0.1/37825] INFO  server.StorageContainerManager (StorageContainerManager.java:stop(1665)) - Stopping SCM HA services.
2023-05-08 09:34:11,682 [Listener at 127.0.0.1/37825] INFO  pipeline.BackgroundPipelineCreator (BackgroundPipelineCreator.java:stop(149)) - Stopping RatisPipelineUtilsThread.
2023-05-08 09:34:11,682 [RatisPipelineUtilsThread - 0] WARN  pipeline.BackgroundPipelineCreator (BackgroundPipelineCreator.java:run(180)) - RatisPipelineUtilsThread is interrupted.
2023-05-08 09:34:11,682 [BackgroundPipelineScrubberThread] WARN  BackgroundPipelineScrubber (BackgroundSCMService.java:run(115)) - BackgroundPipelineScrubber is interrupted, exit
2023-05-08 09:34:11,682 [Listener at 127.0.0.1/37825] INFO  BackgroundPipelineScrubber (BackgroundSCMService.java:stop(131)) - Stopping BackgroundPipelineScrubber Service.
2023-05-08 09:34:11,683 [Listener at 127.0.0.1/37825] INFO  impl.MetricsSystemImpl (MetricsSystemImpl.java:stop(210)) - Stopping HddsDatanode metrics system...
2023-05-08 09:34:11,685 [prometheus] INFO  impl.MetricsSinkAdapter (MetricsSinkAdapter.java:publishMetricsFromQueue(141)) - prometheus thread interrupted.
2023-05-08 09:34:11,685 [Listener at 127.0.0.1/37825] INFO  impl.MetricsSystemImpl (MetricsSystemImpl.java:stop(216)) - HddsDatanode metrics system stopped.
2023-05-08 09:34:11,685 [Listener at 127.0.0.1/37825] WARN  pipeline.BackgroundPipelineCreator (BackgroundPipelineCreator.java:stop(145)) - RatisPipelineUtilsThread is not running, just ignore.
2023-05-08 09:34:11,685 [Listener at 127.0.0.1/37825] INFO  BackgroundPipelineScrubber (BackgroundSCMService.java:stop(126)) - BackgroundPipelineScrubber Service is not running, skip stop.
2023-05-08 09:34:11,685 [Listener at 127.0.0.1/37825] INFO  ExpiredContainerReplicaOpScrubber (BackgroundSCMService.java:stop(131)) - Stopping ExpiredContainerReplicaOpScrubber Service.
2023-05-08 09:34:11,685 [ExpiredContainerReplicaOpScrubberThread] WARN  ExpiredContainerReplicaOpScrubber (BackgroundSCMService.java:run(115)) - ExpiredContainerReplicaOpScrubber is interrupted, exit
2023-05-08 09:34:11,685 [Listener at 127.0.0.1/37825] INFO  utils.BackgroundService (BackgroundService.java:shutdown(141)) - Shutting down service SCMBlockDeletingService
2023-05-08 09:34:11,686 [Listener at 127.0.0.1/37825] INFO  replication.ReplicationManager (ReplicationManager.java:stop(336)) - Replication Monitor Thread is not running.
2023-05-08 09:34:11,686 [Listener at 127.0.0.1/37825] WARN  balancer.ContainerBalancer (ContainerBalancer.java:stop(324)) - Cannot stop Container Balancer because it's not running or stopping
2023-05-08 09:34:11,686 [Listener at 127.0.0.1/37825] INFO  server.StorageContainerManager (StorageContainerManager.java:stop(1700)) - Stopping SCM MetadataStore.
]]></system-out>
  </testcase>
  <testcase name="testSCMReinitialization" classname="org.apache.hadoop.ozone.TestStorageContainerManager" time="18.759">
    <system-out><![CDATA[2023-05-08 09:34:11,716 [Time-limited test] WARN  server.ServerUtils (ServerUtils.java:getScmDbDir(148)) - ozone.scm.db.dirs is not configured. We recommend adding this setting. Falling back to ozone.metadata.dirs instead.
2023-05-08 09:34:11,718 [Time-limited test] WARN  server.ServerUtils (ServerUtils.java:getScmDbDir(148)) - ozone.scm.db.dirs is not configured. We recommend adding this setting. Falling back to ozone.metadata.dirs instead.
2023-05-08 09:34:11,718 [Time-limited test] INFO  ha.SCMHANodeDetails (SCMHANodeDetails.java:loadSCMHAConfig(209)) - ServiceID for StorageContainerManager is null
2023-05-08 09:34:11,718 [Time-limited test] WARN  ha.SCMHANodeDetails (SCMHANodeDetails.java:validateSCMHAConfig(182)) - Invalid config ozone.scm.ratis.enable. The config was not specified, but the default value true conflicts with the expected config value false. Falling back to the expected value. Current State of SCM: SCM is running in Non-HA without Ratis Ratis SCM -> Non Ratis SCM or Non HA SCM -> HA SCM is not supported
2023-05-08 09:34:11,718 [Time-limited test] INFO  ha.SCMHANodeDetails (SCMHANodeDetails.java:loadSCMHAConfig(214)) - ozone.scm.default.service.id is not defined, falling back to ozone.scm.service.ids to find serviceID for StorageContainerManager if it is HA enabled cluster
2023-05-08 09:34:11,719 [Time-limited test] WARN  utils.HAUtils (HAUtils.java:getMetaDir(350)) - ozone.scm.db.dirs is not configured. We recommend adding this setting. Falling back to ozone.metadata.dirs instead.
2023-05-08 09:34:11,719 [Time-limited test] WARN  db.DBStoreBuilder (DBStoreBuilder.java:applyDBDefinition(164)) - ozone.scm.db.dirs is not configured. We recommend adding this setting. Falling back to ozone.metadata.dirs instead.
2023-05-08 09:34:11,821 [Time-limited test] INFO  net.NodeSchemaLoader (NodeSchemaLoader.java:loadSchemaFromFile(129)) - Loading schema from [jar:file:/home/runner/.m2/repository/org/apache/ozone/hdds-common/1.4.0-SNAPSHOT/hdds-common-1.4.0-SNAPSHOT.jar!/network-topology-default.xml]
2023-05-08 09:34:11,821 [Time-limited test] INFO  net.NodeSchemaLoader (NodeSchemaLoader.java:loadSchema(176)) - Loading network topology layer schema file
2023-05-08 09:34:11,824 [Time-limited test] INFO  upgrade.AbstractLayoutVersionManager (AbstractLayoutVersionManager.java:init(83)) - Initializing Layout version manager with metadata layout = WEBUI_PORTS_IN_DATANODEDETAILS (version = 6), software layout = WEBUI_PORTS_IN_DATANODEDETAILS (version = 6)
2023-05-08 09:34:11,870 [Time-limited test] INFO  reflections.Reflections (Reflections.java:scan(232)) - Reflections took 45 ms to scan 7 urls, producing 156 keys and 369 values 
2023-05-08 09:34:11,872 [Time-limited test] INFO  ha.SequenceIdGenerator (SequenceIdGenerator.java:upgradeToSequenceId(349)) - upgrade localId to 111677748019200000
2023-05-08 09:34:11,872 [Time-limited test] INFO  ha.SequenceIdGenerator (SequenceIdGenerator.java:upgradeToSequenceId(359)) - upgrade delTxnId to 0
2023-05-08 09:34:11,872 [Time-limited test] INFO  ha.SequenceIdGenerator (SequenceIdGenerator.java:upgradeToSequenceId(376)) - upgrade containerId to 0
2023-05-08 09:34:11,872 [Time-limited test] INFO  ha.SequenceIdGenerator (SequenceIdGenerator.java:<init>(220)) - Init the HA SequenceIdGenerator.
2023-05-08 09:34:11,872 [Time-limited test] WARN  server.ServerUtils (ServerUtils.java:sanitizeUserArgs(73)) - ozone.scm.stale.node.interval value = 300000 is larger than max = 100000 based on the key value of ozone.scm.heartbeat.thread.interval, reset to the max value 100000.
2023-05-08 09:34:11,873 [Time-limited test] WARN  server.ServerUtils (ServerUtils.java:sanitizeUserArgs(73)) - ozone.scm.stale.node.interval value = 300000 is larger than max = 100000 based on the key value of ozone.scm.heartbeat.thread.interval, reset to the max value 100000.
2023-05-08 09:34:11,873 [Time-limited test] INFO  node.SCMNodeManager (SCMNodeManager.java:<init>(159)) - Entering startup safe mode.
2023-05-08 09:34:11,873 [Time-limited test] INFO  algorithms.ContainerPlacementPolicyFactory (ContainerPlacementPolicyFactory.java:getPolicyInternal(86)) - Create container placement policy of type org.apache.hadoop.hdds.scm.container.placement.algorithms.SCMContainerPlacementRackAware
2023-05-08 09:34:11,873 [Time-limited test] INFO  algorithms.ContainerPlacementPolicyFactory (ContainerPlacementPolicyFactory.java:getPolicyInternal(86)) - Create container placement policy of type org.apache.hadoop.hdds.scm.container.placement.algorithms.SCMContainerPlacementRackScatter
2023-05-08 09:34:11,874 [Time-limited test] INFO  pipeline.PipelineStateManagerImpl (PipelineStateManagerImpl.java:initialize(78)) - No pipeline exists in current db
2023-05-08 09:34:11,874 [Time-limited test] INFO  algorithms.LeaderChoosePolicyFactory (LeaderChoosePolicyFactory.java:getPolicy(57)) - Create leader choose policy of type org.apache.hadoop.hdds.scm.pipeline.leader.choose.algorithms.MinLeaderCountChoosePolicy
2023-05-08 09:34:11,874 [Time-limited test] INFO  algorithms.ContainerPlacementPolicyFactory (ContainerPlacementPolicyFactory.java:getPolicyInternal(86)) - Create container placement policy of type org.apache.hadoop.hdds.scm.container.placement.algorithms.SCMContainerPlacementRackScatter
2023-05-08 09:34:11,874 [Time-limited test] INFO  ha.SCMServiceManager (SCMServiceManager.java:register(42)) - Registering service BackgroundPipelineCreator.
2023-05-08 09:34:11,880 [Time-limited test] INFO  pipeline.BackgroundPipelineCreator (BackgroundPipelineCreator.java:start(124)) - Starting RatisPipelineUtilsThread.
2023-05-08 09:34:11,880 [Time-limited test] INFO  BackgroundPipelineScrubber (BackgroundSCMService.java:start(68)) - Starting BackgroundPipelineScrubber Service.
2023-05-08 09:34:11,881 [Time-limited test] INFO  ha.SCMServiceManager (SCMServiceManager.java:register(42)) - Registering service BackgroundPipelineScrubber.
2023-05-08 09:34:11,881 [Time-limited test] INFO  ExpiredContainerReplicaOpScrubber (BackgroundSCMService.java:start(68)) - Starting ExpiredContainerReplicaOpScrubber Service.
2023-05-08 09:34:11,881 [Time-limited test] INFO  ha.SCMServiceManager (SCMServiceManager.java:register(42)) - Registering service ExpiredContainerReplicaOpScrubber.
2023-05-08 09:34:11,882 [Time-limited test] INFO  algorithms.PipelineChoosePolicyFactory (PipelineChoosePolicyFactory.java:createPipelineChoosePolicyFromClass(73)) - Create pipeline choose policy of type org.apache.hadoop.hdds.scm.pipeline.choose.algorithms.RandomPipelineChoosePolicy
2023-05-08 09:34:11,882 [Time-limited test] INFO  ha.SCMServiceManager (SCMServiceManager.java:register(42)) - Registering service SCMBlockDeletingService.
2023-05-08 09:34:11,883 [Time-limited test] INFO  replication.ReplicationManager (ReplicationManager.java:start(293)) - Starting Replication Monitor Thread.
2023-05-08 09:34:11,884 [Time-limited test] INFO  ha.SCMServiceManager (SCMServiceManager.java:register(42)) - Registering service ReplicationManager.
2023-05-08 09:34:11,884 [ReplicationMonitor] INFO  replication.ReplicationManager (ReplicationManager.java:processAll(368)) - Replication Manager is not ready to run until 3000ms after safemode exit
2023-05-08 09:34:11,884 [Time-limited test] INFO  safemode.ContainerSafeModeRule (ContainerSafeModeRule.java:<init>(89)) - containers with one replica threshold count 0
2023-05-08 09:34:11,885 [Time-limited test] INFO  safemode.HealthyPipelineSafeModeRule (HealthyPipelineSafeModeRule.java:initializeRule(169)) - Total pipeline count is 0, healthy pipeline threshold count is 1
2023-05-08 09:34:11,885 [Time-limited test] INFO  safemode.OneReplicaPipelineSafeModeRule (OneReplicaPipelineSafeModeRule.java:initializeRule(180)) - Total pipeline count is 0, pipeline's with at least one datanode reported threshold count is 0
2023-05-08 09:34:11,885 [Time-limited test] INFO  server.StorageContainerManager (StorageContainerManager.java:<init>(403)) - SCM start with adminUsers: [runner]
2023-05-08 09:34:11,885 [Time-limited test] INFO  ipc.CallQueueManager (CallQueueManager.java:<init>(90)) - Using callQueue: class java.util.concurrent.LinkedBlockingQueue, queueCapacity: 2000, scheduler: class org.apache.hadoop.ipc.DefaultRpcScheduler, ipcBackoff: false.
2023-05-08 09:34:11,886 [Socket Reader #1 for port 0] INFO  ipc.Server (Server.java:run(1319)) - Starting Socket Reader #1 for port 0
2023-05-08 09:34:11,887 [Listener at 0.0.0.0/42403] INFO  ipc.CallQueueManager (CallQueueManager.java:<init>(90)) - Using callQueue: class java.util.concurrent.LinkedBlockingQueue, queueCapacity: 2000, scheduler: class org.apache.hadoop.ipc.DefaultRpcScheduler, ipcBackoff: false.
2023-05-08 09:34:11,887 [Socket Reader #1 for port 0] INFO  ipc.Server (Server.java:run(1319)) - Starting Socket Reader #1 for port 0
2023-05-08 09:34:11,888 [Listener at 0.0.0.0/41913] INFO  ipc.CallQueueManager (CallQueueManager.java:<init>(90)) - Using callQueue: class java.util.concurrent.LinkedBlockingQueue, queueCapacity: 2000, scheduler: class org.apache.hadoop.ipc.DefaultRpcScheduler, ipcBackoff: false.
2023-05-08 09:34:11,889 [Socket Reader #1 for port 0] INFO  ipc.Server (Server.java:run(1319)) - Starting Socket Reader #1 for port 0
2023-05-08 09:34:11,893 [Listener at 0.0.0.0/39879] INFO  ha.SCMServiceManager (SCMServiceManager.java:register(42)) - Registering service ContainerBalancer.
2023-05-08 09:34:11,893 [Listener at 0.0.0.0/39879] INFO  server.StorageContainerManager (StorageContainerManager.java:<init>(420)) - 
Container Balancer status:
Key                            Value
Running                        false
Container Balancer Configuration values:
Key                                                Value
Threshold                                          10
Max Datanodes to Involve per Iteration(percent)    20
Max Size to Move per Iteration                     500GB
Max Size Entering Target per Iteration             26GB
Max Size Leaving Source per Iteration              26GB

2023-05-08 09:34:11,894 [Listener at 0.0.0.0/39879] INFO  ha.SCMContext (SCMContext.java:updateSafeModeStatus(228)) - Update SafeModeStatus from SafeModeStatus{safeModeStatus=true, preCheckPassed=false} to SafeModeStatus{safeModeStatus=true, preCheckPassed=false}.
2023-05-08 09:34:11,894 [Listener at 0.0.0.0/39879] INFO  server.StorageContainerManager (StorageContainerManager.java:start(1477)) - StorageContainerLocationProtocol RPC server is listening at /0.0.0.0:39879
2023-05-08 09:34:11,895 [Listener at 0.0.0.0/39879] WARN  impl.MetricsConfig (MetricsConfig.java:loadFirst(136)) - Cannot locate configuration: tried hadoop-metrics2-storagecontainermanager.properties,hadoop-metrics2.properties
2023-05-08 09:34:11,898 [Listener at 0.0.0.0/39879] INFO  impl.MetricsSystemImpl (MetricsSystemImpl.java:startTimer(378)) - Scheduled Metric snapshot period at 10 second(s).
2023-05-08 09:34:11,898 [Listener at 0.0.0.0/39879] INFO  impl.MetricsSystemImpl (MetricsSystemImpl.java:start(191)) - StorageContainerManager metrics system started
2023-05-08 09:34:11,912 [Listener at 0.0.0.0/39879] INFO  impl.MetricsSinkAdapter (MetricsSinkAdapter.java:start(204)) - Sink prometheus started
2023-05-08 09:34:11,912 [Listener at 0.0.0.0/39879] INFO  impl.MetricsSystemImpl (MetricsSystemImpl.java:registerSink(305)) - Registered sink prometheus
2023-05-08 09:34:11,924 [Listener at 0.0.0.0/39879] INFO  server.SCMClientProtocolServer (SCMClientProtocolServer.java:start(199)) - RPC server for Client  is listening at /0.0.0.0:39879
2023-05-08 09:34:11,928 [IPC Server Responder] INFO  ipc.Server (Server.java:run(1558)) - IPC Server Responder: starting
2023-05-08 09:34:11,936 [IPC Server listener on 0] INFO  ipc.Server (Server.java:run(1398)) - IPC Server listener on 0: starting
2023-05-08 09:34:11,971 [Listener at 0.0.0.0/39879] INFO  server.StorageContainerManager (StorageContainerManager.java:start(1491)) - ScmBlockLocationProtocol RPC server is listening at /0.0.0.0:41913
2023-05-08 09:34:11,971 [Listener at 0.0.0.0/39879] INFO  server.SCMBlockProtocolServer (SCMBlockProtocolServer.java:start(152)) - RPC server for Block Protocol is listening at /0.0.0.0:41913
2023-05-08 09:34:11,972 [IPC Server Responder] INFO  ipc.Server (Server.java:run(1558)) - IPC Server Responder: starting
2023-05-08 09:34:11,972 [IPC Server listener on 0] INFO  ipc.Server (Server.java:run(1398)) - IPC Server listener on 0: starting
2023-05-08 09:34:11,974 [Listener at 0.0.0.0/39879] INFO  server.SCMDatanodeProtocolServer (SCMDatanodeProtocolServer.java:start(193)) - ScmDatanodeProtocol RPC server for DataNodes is listening at /0.0.0.0:42403
2023-05-08 09:34:11,974 [IPC Server listener on 0] INFO  ipc.Server (Server.java:run(1398)) - IPC Server listener on 0: starting
2023-05-08 09:34:11,975 [IPC Server Responder] INFO  ipc.Server (Server.java:run(1558)) - IPC Server Responder: starting
2023-05-08 09:34:11,982 [Listener at 0.0.0.0/39879] INFO  http.BaseHttpServer (BaseHttpServer.java:newHttpServer2BuilderForOzone(224)) - Starting Web-server for scm at: http://0.0.0.0:0
2023-05-08 09:34:11,982 [Listener at 0.0.0.0/39879] INFO  http.BaseHttpServer (BaseHttpServer.java:<init>(111)) - Hadoop Security Enabled: false Ozone Security Enabled: false Ozone HTTP Security Enabled: false 
2023-05-08 09:34:11,983 [Listener at 0.0.0.0/39879] WARN  server.AuthenticationFilter (AuthenticationFilter.java:constructSecretProvider(240)) - Unable to initialize FileSignerSecretProvider, falling back to use random secrets. Reason: Could not read signature secret file: /home/runner/hadoop-http-auth-signature-secret
2023-05-08 09:34:11,984 [org.apache.hadoop.util.JvmPauseMonitor$Monitor@52291d81] INFO  util.JvmPauseMonitor (JvmPauseMonitor.java:run(188)) - Starting JVM pause monitor
2023-05-08 09:34:11,984 [Listener at 0.0.0.0/39879] INFO  http.HttpRequestLog (HttpRequestLog.java:getRequestLog(86)) - Http request log for http.requests.scm is not defined
2023-05-08 09:34:11,985 [Listener at 0.0.0.0/39879] INFO  http.HttpServer2 (HttpServer2.java:addGlobalFilter(1031)) - Added global filter 'safety' (class=org.apache.hadoop.hdds.server.http.HttpServer2$QuotingInputFilter)
2023-05-08 09:34:11,986 [Listener at 0.0.0.0/39879] INFO  http.HttpServer2 (HttpServer2.java:addFilter(1007)) - Added filter static_user_filter (class=org.apache.hadoop.http.lib.StaticUserWebFilter$StaticUserFilter) to context scm
2023-05-08 09:34:11,986 [Listener at 0.0.0.0/39879] INFO  http.HttpServer2 (HttpServer2.java:addFilter(1015)) - Added filter static_user_filter (class=org.apache.hadoop.http.lib.StaticUserWebFilter$StaticUserFilter) to context logs
2023-05-08 09:34:11,986 [Listener at 0.0.0.0/39879] INFO  http.HttpServer2 (HttpServer2.java:addFilter(1015)) - Added filter static_user_filter (class=org.apache.hadoop.http.lib.StaticUserWebFilter$StaticUserFilter) to context static
2023-05-08 09:34:11,987 [Listener at 0.0.0.0/39879] INFO  http.BaseHttpServer (BaseHttpServer.java:<init>(190)) - HTTP server of scm uses base directory /home/runner/work/ozone/ozone/hadoop-ozone/integration-test/target/test-dir/MiniOzoneClusterImpl-fa43fc2a-bf5b-4c12-844e-0f55669bff2c/ozone-meta/webserver
2023-05-08 09:34:11,987 [Listener at 0.0.0.0/39879] INFO  http.HttpServer2 (HttpServer2.java:bindListener(1250)) - Jetty bound to port 35401
2023-05-08 09:34:11,987 [Listener at 0.0.0.0/39879] INFO  server.Server (Server.java:doStart(375)) - jetty-9.4.51.v20230217; built: 2023-02-17T08:19:37.309Z; git: b45c405e4544384de066f814ed42ae3dceacdd49; jvm 1.8.0_362-b09
2023-05-08 09:34:11,988 [Listener at 0.0.0.0/39879] INFO  server.session (DefaultSessionIdManager.java:doStart(334)) - DefaultSessionIdManager workerName=node0
2023-05-08 09:34:11,988 [Listener at 0.0.0.0/39879] INFO  server.session (DefaultSessionIdManager.java:doStart(339)) - No SessionScavenger set, using defaults
2023-05-08 09:34:11,989 [Listener at 0.0.0.0/39879] INFO  server.session (HouseKeeper.java:startScavenging(132)) - node0 Scavenging every 660000ms
2023-05-08 09:34:11,989 [Listener at 0.0.0.0/39879] INFO  handler.ContextHandler (ContextHandler.java:doStart(921)) - Started o.e.j.s.ServletContextHandler@3eec918f{logs,/logs,file:///home/runner/work/ozone/ozone/hadoop-ozone/integration-test/target/log,AVAILABLE}
2023-05-08 09:34:11,989 [Listener at 0.0.0.0/39879] INFO  handler.ContextHandler (ContextHandler.java:doStart(921)) - Started o.e.j.s.ServletContextHandler@67c76f42{static,/static,file:///home/runner/work/ozone/ozone/hadoop-ozone/integration-test/target/test-classes/webapps/static,AVAILABLE}
2023-05-08 09:34:11,992 [Listener at 0.0.0.0/39879] INFO  handler.ContextHandler (ContextHandler.java:doStart(921)) - Started o.e.j.w.WebAppContext@493203f5{scm,/,file:///home/runner/work/ozone/ozone/hadoop-ozone/integration-test/target/test-classes/webapps/scm/,AVAILABLE}{file:/home/runner/work/ozone/ozone/hadoop-ozone/integration-test/target/test-classes/webapps/scm}
2023-05-08 09:34:11,993 [Listener at 0.0.0.0/39879] INFO  server.AbstractConnector (AbstractConnector.java:doStart(333)) - Started ServerConnector@61d82582{HTTP/1.1, (http/1.1)}{0.0.0.0:35401}
2023-05-08 09:34:11,993 [Listener at 0.0.0.0/39879] INFO  server.Server (Server.java:doStart(415)) - Started @60099ms
2023-05-08 09:34:11,993 [Listener at 0.0.0.0/39879] WARN  impl.MetricsSystemImpl (MetricsSystemImpl.java:register(279)) - Sink prometheus already exists!
2023-05-08 09:34:11,993 [Listener at 0.0.0.0/39879] INFO  http.BaseHttpServer (BaseHttpServer.java:updateConnectorAddress(344)) - HTTP server of scm listening at http://0.0.0.0:35401
2023-05-08 09:34:11,994 [Listener at 0.0.0.0/39879] WARN  server.ServerUtils (ServerUtils.java:getDBPath(225)) - ozone.om.db.dirs is not configured. We recommend adding this setting. Falling back to ozone.metadata.dirs instead.
2023-05-08 09:34:11,996 [Listener at 0.0.0.0/39879] INFO  ha.OMHANodeDetails (OMHANodeDetails.java:loadOMHAConfig(115)) - ozone.om.internal.service.id is not defined, falling back to ozone.om.service.ids to find serviceID for OzoneManager if it is HA enabled cluster
2023-05-08 09:34:11,996 [Listener at 0.0.0.0/39879] INFO  ha.OMHANodeDetails (OMHANodeDetails.java:loadOMHAConfig(226)) - Configuration does not have ozone.om.address set. Falling back to the default OM address /127.0.0.1:0
2023-05-08 09:34:11,996 [Listener at 0.0.0.0/39879] INFO  ha.OMHANodeDetails (OMHANodeDetails.java:getOMNodeDetailsForNonHA(254)) - OM Service ID is not set. Setting it to the default ID: omServiceIdDefault
2023-05-08 09:34:11,996 [Listener at 0.0.0.0/39879] INFO  ha.OMHANodeDetails (OMHANodeDetails.java:getOMNodeDetailsForNonHA(261)) - OM Node ID is not set. Setting it to the default ID: om1
2023-05-08 09:34:11,996 [Listener at 0.0.0.0/39879] WARN  server.ServerUtils (ServerUtils.java:getDBPath(225)) - ozone.om.db.dirs is not configured. We recommend adding this setting. Falling back to ozone.metadata.dirs instead.
2023-05-08 09:34:11,997 [Listener at 0.0.0.0/39879] INFO  upgrade.AbstractLayoutVersionManager (AbstractLayoutVersionManager.java:init(83)) - Initializing Layout version manager with metadata layout = HSYNC (version = 4), software layout = HSYNC (version = 4)
2023-05-08 09:34:12,063 [Listener at 0.0.0.0/39879] INFO  reflections.Reflections (Reflections.java:scan(232)) - Reflections took 65 ms to scan 2 urls, producing 172 keys and 479 values [using 2 cores]
2023-05-08 09:34:12,064 [Listener at 0.0.0.0/39879] INFO  upgrade.OMLayoutVersionManager (OMLayoutVersionManager.java:lambda$0(115)) - Skipping Upgrade Action MockOmUpgradeAction since it has been finalized.
2023-05-08 09:34:12,064 [Listener at 0.0.0.0/39879] WARN  server.ServerUtils (ServerUtils.java:getDBPath(225)) - ozone.om.db.dirs is not configured. We recommend adding this setting. Falling back to ozone.metadata.dirs instead.
2023-05-08 09:34:12,065 [Listener at 0.0.0.0/39879] INFO  proxy.SCMBlockLocationFailoverProxyProvider (SCMBlockLocationFailoverProxyProvider.java:<init>(114)) - Created block location fail-over proxy with 1 nodes: [nodeId=scmNodeId,nodeAddress=/0.0.0.0:41913]
2023-05-08 09:34:12,066 [Listener at 0.0.0.0/39879] INFO  proxy.SCMBlockLocationFailoverProxyProvider (SCMBlockLocationFailoverProxyProvider.java:<init>(114)) - Created block location fail-over proxy with 1 nodes: [nodeId=scmNodeId,nodeAddress=/0.0.0.0:41913]
2023-05-08 09:34:12,077 [Listener at 0.0.0.0/39879] INFO  om.OzoneManager (OzoneManager.java:<init>(640)) - OM start with adminUsers: [runner]
2023-05-08 09:34:12,078 [Listener at 0.0.0.0/39879] WARN  server.ServerUtils (ServerUtils.java:getDBPath(225)) - ozone.om.db.dirs is not configured. We recommend adding this setting. Falling back to ozone.metadata.dirs instead.
2023-05-08 09:34:12,079 [Listener at 0.0.0.0/39879] INFO  codec.OmKeyInfoCodec (OmKeyInfoCodec.java:<init>(49)) - OmKeyInfoCodec ignorePipeline = true
2023-05-08 09:34:12,079 [Listener at 0.0.0.0/39879] INFO  codec.RepeatedOmKeyInfoCodec (RepeatedOmKeyInfoCodec.java:<init>(41)) - RepeatedOmKeyInfoCodec ignorePipeline = true
2023-05-08 09:34:12,252 [Listener at 0.0.0.0/39879] INFO  om.OzoneManager (OzoneManager.java:instantiateServices(770)) - S3 Multi-Tenancy is disabled
2023-05-08 09:34:12,253 [Listener at 0.0.0.0/39879] INFO  om.OmSnapshotManager (OmSnapshotManager.java:<init>(169)) - Ozone filesystem snapshot feature is enabled.
2023-05-08 09:34:12,253 [Listener at 0.0.0.0/39879] WARN  server.ServerUtils (ServerUtils.java:getDBPath(225)) - ozone.om.snapshot.diff.db.dir is not configured. We recommend adding this setting. Falling back to ozone.metadata.dirs instead.
2023-05-08 09:34:12,276 [Listener at 0.0.0.0/39879] INFO  om.OzoneManager (OzoneManager.java:addS3GVolumeToDB(4278)) - Created Volume s3v With Owner runner required for S3Gateway operations.
2023-05-08 09:34:12,276 [Listener at 0.0.0.0/39879] WARN  server.ServerUtils (ServerUtils.java:getDefaultRatisDirectory(237)) - Storage directory for Ratis is not configured. It is a good idea to map this to an SSD disk. Falling back to ozone.metadata.dirs
2023-05-08 09:34:12,277 [Listener at 0.0.0.0/39879] WARN  utils.OzoneManagerRatisUtils (OzoneManagerRatisUtils.java:getOMRatisSnapshotDirectory(456)) - ozone.om.ratis.snapshot.dir is not configured. Falling back to ozone.metadata.dirs config
2023-05-08 09:34:12,277 [Listener at 0.0.0.0/39879] WARN  server.ServerUtils (ServerUtils.java:getDefaultRatisDirectory(237)) - Storage directory for Ratis is not configured. It is a good idea to map this to an SSD disk. Falling back to ozone.metadata.dirs
2023-05-08 09:34:12,279 [Listener at 0.0.0.0/39879] INFO  ratis.OzoneManagerRatisServer (OzoneManagerRatisServer.java:<init>(163)) - Instantiating OM Ratis server with groupID: omServiceIdDefault and peers: localhost:9872
2023-05-08 09:34:12,279 [Listener at 0.0.0.0/39879] INFO  ratis.OzoneManagerStateMachine (OzoneManagerStateMachine.java:loadSnapshotInfoFromDB(670)) - LastAppliedIndex is set from TransactionInfo from OM DB as (t:0, i:~)
2023-05-08 09:34:12,280 [Listener at 0.0.0.0/39879] INFO  server.RaftServer (ConfUtils.java:logGet(46)) - raft.rpc.type = GRPC (default)
2023-05-08 09:34:12,280 [Listener at 0.0.0.0/39879] INFO  grpc.GrpcConfigKeys (ConfUtils.java:logFallback(53)) - raft.grpc.admin.host = null (fallback to raft.grpc.server.host)
2023-05-08 09:34:12,280 [Listener at 0.0.0.0/39879] INFO  grpc.GrpcConfigKeys (ConfUtils.java:logFallback(53)) - raft.grpc.admin.port = 9872 (fallback to raft.grpc.server.port)
2023-05-08 09:34:12,280 [Listener at 0.0.0.0/39879] INFO  grpc.GrpcConfigKeys (ConfUtils.java:logFallback(53)) - raft.grpc.client.host = null (fallback to raft.grpc.server.host)
2023-05-08 09:34:12,280 [Listener at 0.0.0.0/39879] INFO  grpc.GrpcConfigKeys (ConfUtils.java:logFallback(53)) - raft.grpc.client.port = 9872 (fallback to raft.grpc.server.port)
2023-05-08 09:34:12,280 [Listener at 0.0.0.0/39879] INFO  grpc.GrpcConfigKeys (ConfUtils.java:logGet(46)) - raft.grpc.server.host = null (default)
2023-05-08 09:34:12,280 [Listener at 0.0.0.0/39879] INFO  grpc.GrpcConfigKeys (ConfUtils.java:logGet(46)) - raft.grpc.server.port = 9872 (custom)
2023-05-08 09:34:12,280 [Listener at 0.0.0.0/39879] INFO  server.GrpcService (ConfUtils.java:logGet(46)) - raft.grpc.message.size.max = 33554432 (custom)
2023-05-08 09:34:12,280 [Listener at 0.0.0.0/39879] INFO  server.RaftServerConfigKeys (ConfUtils.java:logGet(46)) - raft.server.log.appender.buffer.byte-limit = 33554432 (custom)
2023-05-08 09:34:12,280 [Listener at 0.0.0.0/39879] INFO  server.GrpcService (ConfUtils.java:logGet(46)) - raft.grpc.flow.control.window = 1MB (=1048576) (default)
2023-05-08 09:34:12,281 [Listener at 0.0.0.0/39879] INFO  server.RaftServerConfigKeys (ConfUtils.java:logGet(46)) - raft.server.rpc.request.timeout = 3000ms (default)
2023-05-08 09:34:12,281 [Listener at 0.0.0.0/39879] INFO  grpc.GrpcConfigKeys (ConfUtils.java:logGet(46)) - raft.grpc.server.heartbeat.channel = true (default)
2023-05-08 09:34:12,281 [Listener at 0.0.0.0/39879] INFO  grpc.GrpcConfigKeys (ConfUtils.java:logGet(46)) - raft.grpc.server.async.request.thread.pool.cached = true (default)
2023-05-08 09:34:12,281 [Listener at 0.0.0.0/39879] INFO  grpc.GrpcConfigKeys (ConfUtils.java:logGet(46)) - raft.grpc.server.async.request.thread.pool.size = 32 (default)
2023-05-08 09:34:12,283 [Listener at 0.0.0.0/39879] INFO  impl.DataStreamServerImpl (ConfUtils.java:logGet(46)) - raft.datastream.type = DISABLED (default)
2023-05-08 09:34:12,283 [Listener at 0.0.0.0/39879] INFO  server.RaftServerConfigKeys (ConfUtils.java:logGet(46)) - raft.server.threadpool.proxy.cached = true (default)
2023-05-08 09:34:12,284 [Listener at 0.0.0.0/39879] INFO  server.RaftServerConfigKeys (ConfUtils.java:logGet(46)) - raft.server.threadpool.proxy.size = 0 (default)
2023-05-08 09:34:12,284 [Listener at 0.0.0.0/39879] INFO  server.RaftServerConfigKeys (ConfUtils.java:logGet(46)) - raft.server.rpc.slowness.timeout = 120s (custom)
2023-05-08 09:34:12,284 [Listener at 0.0.0.0/39879] INFO  server.RaftServerConfigKeys (ConfUtils.java:logGet(46)) - raft.server.leaderelection.leader.step-down.wait-time = 10s (default)
2023-05-08 09:34:12,284 [Listener at 0.0.0.0/39879] INFO  server.RaftServerConfigKeys (ConfUtils.java:logGet(46)) - raft.server.storage.dir = [/home/runner/work/ozone/ozone/hadoop-ozone/integration-test/target/test-dir/MiniOzoneClusterImpl-fa43fc2a-bf5b-4c12-844e-0f55669bff2c/ozone-meta/ratis] (custom)
2023-05-08 09:34:12,284 [Listener at 0.0.0.0/39879] INFO  server.RaftServer (RaftServerProxy.java:addNew(96)) - om1: addNew group-C5BA1605619E:[om1|rpc:localhost:9872|priority:0|startupRole:FOLLOWER] returns group-C5BA1605619E:java.util.concurrent.CompletableFuture@7ac342b8[Not completed]
2023-05-08 09:34:12,284 [pool-325-thread-1] INFO  server.RaftServer$Division (RaftServerImpl.java:<init>(195)) - om1: new RaftServerImpl for group-C5BA1605619E:[om1|rpc:localhost:9872|priority:0|startupRole:FOLLOWER] with OzoneManagerStateMachine:uninitialized
2023-05-08 09:34:12,284 [Listener at 0.0.0.0/39879] INFO  om.OzoneManager (OzoneManager.java:initializeRatisServer(2114)) - OzoneManager Ratis server initialized at port 9872
2023-05-08 09:34:12,285 [pool-325-thread-1] INFO  server.RaftServerConfigKeys (ConfUtils.java:logGet(46)) - raft.server.rpc.timeout.min = 1s (custom)
2023-05-08 09:34:12,285 [Listener at 0.0.0.0/39879] INFO  om.OzoneManager (OzoneManager.java:getRpcServer(1161)) - Creating RPC Server
2023-05-08 09:34:12,285 [pool-325-thread-1] INFO  server.RaftServerConfigKeys (ConfUtils.java:logGet(46)) - raft.server.rpc.timeout.max = 1200ms (custom)
2023-05-08 09:34:12,285 [pool-325-thread-1] INFO  server.RaftServerConfigKeys (ConfUtils.java:logGet(46)) - raft.server.rpc.sleep.time = 25ms (default)
2023-05-08 09:34:12,285 [pool-325-thread-1] INFO  server.RaftServerConfigKeys (ConfUtils.java:logGet(46)) - raft.server.rpc.slowness.timeout = 120s (custom)
2023-05-08 09:34:12,285 [pool-325-thread-1] INFO  server.RaftServerConfigKeys (ConfUtils.java:logGet(46)) - raft.server.leaderelection.leader.step-down.wait-time = 10s (default)
2023-05-08 09:34:12,285 [pool-325-thread-1] INFO  server.RaftServerConfigKeys (ConfUtils.java:logGet(46)) - raft.server.sleep.deviation.threshold = 300ms (default)
2023-05-08 09:34:12,285 [pool-325-thread-1] INFO  server.RaftServer$Division (ServerState.java:<init>(118)) - om1@group-C5BA1605619E: ConfigurationManager, init=-1: peers:[om1|rpc:localhost:9872|priority:0|startupRole:FOLLOWER]|listeners:[], old=null, confs=<EMPTY_MAP>
2023-05-08 09:34:12,285 [pool-325-thread-1] INFO  server.RaftServerConfigKeys (ConfUtils.java:logGet(46)) - raft.server.storage.dir = [/home/runner/work/ozone/ozone/hadoop-ozone/integration-test/target/test-dir/MiniOzoneClusterImpl-fa43fc2a-bf5b-4c12-844e-0f55669bff2c/ozone-meta/ratis] (custom)
2023-05-08 09:34:12,285 [pool-325-thread-1] INFO  server.RaftServerConfigKeys (ConfUtils.java:logGet(46)) - raft.server.log.corruption.policy = EXCEPTION (default)
2023-05-08 09:34:12,285 [pool-325-thread-1] INFO  server.RaftServerConfigKeys (ConfUtils.java:logGet(46)) - raft.server.storage.free-space.min = 0MB (=0) (default)
2023-05-08 09:34:12,285 [pool-325-thread-1] INFO  server.RaftServerConfigKeys (ConfUtils.java:logGet(46)) - raft.server.notification.no-leader.timeout = 120s (custom)
2023-05-08 09:34:12,285 [pool-325-thread-1] INFO  server.RaftServerConfigKeys (ConfUtils.java:logGet(46)) - raft.server.retrycache.expirytime = 300s (custom)
2023-05-08 09:34:12,285 [pool-325-thread-1] INFO  server.RaftServerConfigKeys (ConfUtils.java:logGet(46)) - raft.server.retrycache.statistics.expirytime = 100μs (default)
2023-05-08 09:34:12,293 [pool-325-thread-1] INFO  server.RaftServerConfigKeys (ConfUtils.java:logGet(46)) - raft.server.log.appender.install.snapshot.enabled = false (custom)
2023-05-08 09:34:12,293 [pool-325-thread-1] INFO  server.RaftServerConfigKeys (ConfUtils.java:logGet(46)) - raft.server.threadpool.server.cached = true (default)
2023-05-08 09:34:12,293 [pool-325-thread-1] INFO  server.RaftServerConfigKeys (ConfUtils.java:logGet(46)) - raft.server.threadpool.server.size = 0 (default)
2023-05-08 09:34:12,293 [pool-325-thread-1] INFO  server.RaftServerConfigKeys (ConfUtils.java:logGet(46)) - raft.server.threadpool.client.cached = true (default)
2023-05-08 09:34:12,293 [pool-325-thread-1] INFO  server.RaftServerConfigKeys (ConfUtils.java:logGet(46)) - raft.server.threadpool.client.size = 0 (default)
2023-05-08 09:34:12,784 [Listener at 0.0.0.0/39879] INFO  reflections.Reflections (Reflections.java:scan(232)) - Reflections took 498 ms to scan 19 urls, producing 69 keys and 5166 values [using 2 cores]
2023-05-08 09:34:12,785 [Listener at 0.0.0.0/39879] INFO  ipc.CallQueueManager (CallQueueManager.java:<init>(90)) - Using callQueue: class java.util.concurrent.LinkedBlockingQueue, queueCapacity: 2000, scheduler: class org.apache.hadoop.ipc.DefaultRpcScheduler, ipcBackoff: false.
2023-05-08 09:34:12,787 [Socket Reader #1 for port 0] INFO  ipc.Server (Server.java:run(1319)) - Starting Socket Reader #1 for port 0
2023-05-08 09:34:12,804 [Listener at 127.0.0.1/36187] INFO  impl.MetricsSystemImpl (MetricsSystemImpl.java:init(158)) - OzoneManager metrics system started (again)
2023-05-08 09:34:12,814 [Listener at 127.0.0.1/36187] INFO  om.OzoneManager (OzoneManager.java:start(1582)) - OzoneManager RPC server is listening at localhost/127.0.0.1:36187
2023-05-08 09:34:12,814 [Listener at 127.0.0.1/36187] INFO  ratis.OzoneManagerRatisServer (OzoneManagerRatisServer.java:start(558)) - Starting OzoneManagerRatisServer om1 at port 9872
2023-05-08 09:34:12,815 [om1-impl-thread1] INFO  storage.RaftStorageDirectory (RaftStorageDirectoryImpl.java:analyzeStorage(137)) - The storage directory /home/runner/work/ozone/ozone/hadoop-ozone/integration-test/target/test-dir/MiniOzoneClusterImpl-fa43fc2a-bf5b-4c12-844e-0f55669bff2c/ozone-meta/ratis/bf265839-605b-3f16-9796-c5ba1605619e does not exist. Creating ...
2023-05-08 09:34:12,816 [om1-impl-thread1] INFO  storage.RaftStorageDirectory (RaftStorageDirectoryImpl.java:tryLock(231)) - Lock on /home/runner/work/ozone/ozone/hadoop-ozone/integration-test/target/test-dir/MiniOzoneClusterImpl-fa43fc2a-bf5b-4c12-844e-0f55669bff2c/ozone-meta/ratis/bf265839-605b-3f16-9796-c5ba1605619e/in_use.lock acquired by nodename 7572@fv-az96-539
2023-05-08 09:34:12,817 [om1-impl-thread1] INFO  storage.RaftStorage (RaftStorageImpl.java:format(96)) - Storage directory /home/runner/work/ozone/ozone/hadoop-ozone/integration-test/target/test-dir/MiniOzoneClusterImpl-fa43fc2a-bf5b-4c12-844e-0f55669bff2c/ozone-meta/ratis/bf265839-605b-3f16-9796-c5ba1605619e has been successfully formatted.
2023-05-08 09:34:12,817 [om1-impl-thread1] INFO  server.RaftServerConfigKeys (ConfUtils.java:logGet(46)) - raft.server.log.use.memory = false (default)
2023-05-08 09:34:12,817 [om1-impl-thread1] INFO  server.RaftServerConfigKeys (ConfUtils.java:logGet(46)) - raft.server.log.purge.gap = 1000000 (custom)
2023-05-08 09:34:12,817 [om1-impl-thread1] INFO  server.RaftServerConfigKeys (ConfUtils.java:logGet(46)) - raft.server.log.appender.buffer.byte-limit = 33554432 (custom)
2023-05-08 09:34:12,817 [om1-impl-thread1] INFO  server.RaftServerConfigKeys (ConfUtils.java:logGet(46)) - raft.server.log.statemachine.data.read.timeout = 1000ms (default)
2023-05-08 09:34:12,817 [om1-impl-thread1] INFO  server.RaftServerConfigKeys (ConfUtils.java:logGet(46)) - raft.server.log.purge.preservation.log.num = 0 (default)
2023-05-08 09:34:12,818 [om1-impl-thread1] INFO  server.RaftServerConfigKeys (ConfUtils.java:logGet(46)) - raft.server.log.segment.size.max = 4194304 (custom)
2023-05-08 09:34:12,818 [om1-impl-thread1] INFO  server.RaftServerConfigKeys (ConfUtils.java:logGet(46)) - raft.server.log.segment.cache.num.max = 2 (custom)
2023-05-08 09:34:12,818 [om1-impl-thread1] INFO  server.RaftServerConfigKeys (ConfUtils.java:logGet(46)) - raft.server.log.segment.cache.size.max = 200MB (=209715200) (default)
2023-05-08 09:34:12,818 [om1-impl-thread1] INFO  segmented.SegmentedRaftLogWorker (SegmentedRaftLogWorker.java:<init>(189)) - new om1@group-C5BA1605619E-SegmentedRaftLogWorker for RaftStorageImpl:Storage Directory /home/runner/work/ozone/ozone/hadoop-ozone/integration-test/target/test-dir/MiniOzoneClusterImpl-fa43fc2a-bf5b-4c12-844e-0f55669bff2c/ozone-meta/ratis/bf265839-605b-3f16-9796-c5ba1605619e
2023-05-08 09:34:12,818 [om1-impl-thread1] INFO  server.RaftServerConfigKeys (ConfUtils.java:logGet(46)) - raft.server.log.queue.byte-limit = 64MB (=67108864) (default)
2023-05-08 09:34:12,818 [om1-impl-thread1] INFO  server.RaftServerConfigKeys (ConfUtils.java:logGet(46)) - raft.server.log.queue.element-limit = 4096 (default)
2023-05-08 09:34:12,818 [om1-impl-thread1] INFO  server.RaftServerConfigKeys (ConfUtils.java:logGet(46)) - raft.server.log.segment.size.max = 4194304 (custom)
2023-05-08 09:34:12,818 [om1-impl-thread1] INFO  server.RaftServerConfigKeys (ConfUtils.java:logGet(46)) - raft.server.log.preallocated.size = 4194304 (custom)
2023-05-08 09:34:12,818 [om1-impl-thread1] INFO  server.RaftServerConfigKeys (ConfUtils.java:logGet(46)) - raft.server.log.force.sync.num = 128 (default)
2023-05-08 09:34:12,818 [om1-impl-thread1] INFO  server.RaftServerConfigKeys (ConfUtils.java:logGet(46)) - raft.server.log.statemachine.data.sync = true (default)
2023-05-08 09:34:12,818 [om1-impl-thread1] INFO  server.RaftServerConfigKeys (ConfUtils.java:logGet(46)) - raft.server.log.statemachine.data.sync.timeout = 10s (default)
2023-05-08 09:34:12,818 [om1-impl-thread1] INFO  server.RaftServerConfigKeys (ConfUtils.java:logGet(46)) - raft.server.log.statemachine.data.sync.timeout.retry = -1 (default)
2023-05-08 09:34:12,819 [om1-impl-thread1] INFO  server.RaftServerConfigKeys (ConfUtils.java:logGet(46)) - raft.server.log.write.buffer.size = 64KB (=65536) (default)
2023-05-08 09:34:12,819 [om1-impl-thread1] INFO  server.RaftServerConfigKeys (ConfUtils.java:logGet(46)) - raft.server.log.appender.buffer.byte-limit = 33554432 (custom)
2023-05-08 09:34:12,825 [om1-impl-thread1] INFO  server.RaftServerConfigKeys (ConfUtils.java:logGet(46)) - raft.server.log.unsafe-flush.enabled = false (default)
2023-05-08 09:34:12,825 [om1-impl-thread1] INFO  server.RaftServerConfigKeys (ConfUtils.java:logGet(46)) - raft.server.log.async-flush.enabled = false (default)
2023-05-08 09:34:12,825 [om1-impl-thread1] INFO  server.RaftServerConfigKeys (ConfUtils.java:logGet(46)) - raft.server.log.statemachine.data.caching.enabled = false (default)
2023-05-08 09:34:12,825 [om1-impl-thread1] INFO  segmented.SegmentedRaftLogWorker (SegmentedRaftLogWorker.java:lambda$new$0(135)) - om1@group-C5BA1605619E-SegmentedRaftLogWorker: flushIndex: setUnconditionally 0 -> -1
2023-05-08 09:34:12,825 [om1-impl-thread1] INFO  segmented.SegmentedRaftLogWorker (SegmentedRaftLogWorker.java:lambda$new$0(135)) - om1@group-C5BA1605619E-SegmentedRaftLogWorker: safeCacheEvictIndex: setUnconditionally 0 -> -1
2023-05-08 09:34:12,825 [om1-impl-thread1] INFO  server.RaftServer$Division (RaftServerImpl.java:start(334)) - om1@group-C5BA1605619E: start as a follower, conf=-1: peers:[om1|rpc:localhost:9872|priority:0|startupRole:FOLLOWER]|listeners:[], old=null
2023-05-08 09:34:12,825 [om1-impl-thread1] INFO  server.RaftServer$Division (RaftServerImpl.java:setRole(321)) - om1@group-C5BA1605619E: changes role from      null to FOLLOWER at term 0 for startAsFollower
2023-05-08 09:34:12,825 [om1-impl-thread1] INFO  impl.RoleInfo (RoleInfo.java:updateAndGet(139)) - om1: start om1@group-C5BA1605619E-FollowerState
2023-05-08 09:34:12,826 [om1-impl-thread1] INFO  util.JmxRegister (JmxRegister.java:tryRegister(44)) - Successfully registered JMX Bean with object name Ratis:service=RaftServer,group=group-C5BA1605619E,id=om1
2023-05-08 09:34:12,826 [om1-impl-thread1] INFO  server.RaftServerConfigKeys (ConfUtils.java:logGet(46)) - raft.server.snapshot.auto.trigger.enabled = true (custom)
2023-05-08 09:34:12,826 [om1-impl-thread1] INFO  server.RaftServerConfigKeys (ConfUtils.java:logGet(46)) - raft.server.snapshot.auto.trigger.threshold = 400000 (default)
2023-05-08 09:34:12,826 [om1-impl-thread1] INFO  server.RaftServerConfigKeys (ConfUtils.java:logGet(46)) - raft.server.snapshot.retention.file.num = -1 (default)
2023-05-08 09:34:12,826 [om1-impl-thread1] INFO  server.RaftServerConfigKeys (ConfUtils.java:logGet(46)) - raft.server.log.purge.upto.snapshot.index = true (custom)
2023-05-08 09:34:12,826 [om1@group-C5BA1605619E-FollowerState] INFO  server.RaftServerConfigKeys (ConfUtils.java:logFallback(53)) - raft.server.rpc.first-election.timeout.min = 1s (fallback to raft.server.rpc.timeout.min)
2023-05-08 09:34:12,827 [om1@group-C5BA1605619E-FollowerState] INFO  server.RaftServerConfigKeys (ConfUtils.java:logFallback(53)) - raft.server.rpc.first-election.timeout.max = 1200ms (fallback to raft.server.rpc.timeout.max)
2023-05-08 09:34:12,828 [Listener at 127.0.0.1/36187] INFO  server.RaftServer (RaftServerProxy.java:startImpl(393)) - om1: start RPC server
2023-05-08 09:34:12,831 [Listener at 127.0.0.1/36187] INFO  server.GrpcService (GrpcService.java:startImpl(262)) - om1: GrpcService started, listening on 9872
2023-05-08 09:34:12,832 [Listener at 127.0.0.1/36187] INFO  om.OzoneManager (OzoneManager.java:start(1598)) - Version File has different layout version (4) than OM DB (null). That is expected if this OM has never been finalized to a newer layout version.
2023-05-08 09:34:12,833 [JvmPauseMonitor6] INFO  util.JvmPauseMonitor (JvmPauseMonitor.java:run(105)) - JvmPauseMonitor-om1: Started
2023-05-08 09:34:12,837 [Listener at 127.0.0.1/36187] INFO  http.BaseHttpServer (BaseHttpServer.java:newHttpServer2BuilderForOzone(224)) - Starting Web-server for ozoneManager at: http://0.0.0.0:0
2023-05-08 09:34:12,837 [Listener at 127.0.0.1/36187] INFO  http.BaseHttpServer (BaseHttpServer.java:<init>(111)) - Hadoop Security Enabled: false Ozone Security Enabled: false Ozone HTTP Security Enabled: false 
2023-05-08 09:34:12,838 [Listener at 127.0.0.1/36187] WARN  server.AuthenticationFilter (AuthenticationFilter.java:constructSecretProvider(240)) - Unable to initialize FileSignerSecretProvider, falling back to use random secrets. Reason: Could not read signature secret file: /home/runner/hadoop-http-auth-signature-secret
2023-05-08 09:34:12,841 [Listener at 127.0.0.1/36187] INFO  http.HttpRequestLog (HttpRequestLog.java:getRequestLog(86)) - Http request log for http.requests.ozoneManager is not defined
2023-05-08 09:34:12,843 [Listener at 127.0.0.1/36187] INFO  http.HttpServer2 (HttpServer2.java:addGlobalFilter(1031)) - Added global filter 'safety' (class=org.apache.hadoop.hdds.server.http.HttpServer2$QuotingInputFilter)
2023-05-08 09:34:12,844 [Listener at 127.0.0.1/36187] INFO  http.HttpServer2 (HttpServer2.java:addFilter(1007)) - Added filter static_user_filter (class=org.apache.hadoop.http.lib.StaticUserWebFilter$StaticUserFilter) to context ozoneManager
2023-05-08 09:34:12,844 [Listener at 127.0.0.1/36187] INFO  http.HttpServer2 (HttpServer2.java:addFilter(1015)) - Added filter static_user_filter (class=org.apache.hadoop.http.lib.StaticUserWebFilter$StaticUserFilter) to context static
2023-05-08 09:34:12,844 [Listener at 127.0.0.1/36187] INFO  http.HttpServer2 (HttpServer2.java:addFilter(1015)) - Added filter static_user_filter (class=org.apache.hadoop.http.lib.StaticUserWebFilter$StaticUserFilter) to context logs
2023-05-08 09:34:12,845 [Listener at 127.0.0.1/36187] INFO  http.BaseHttpServer (BaseHttpServer.java:<init>(190)) - HTTP server of ozoneManager uses base directory /home/runner/work/ozone/ozone/hadoop-ozone/integration-test/target/test-dir/MiniOzoneClusterImpl-fa43fc2a-bf5b-4c12-844e-0f55669bff2c/ozone-meta/webserver
2023-05-08 09:34:12,845 [Listener at 127.0.0.1/36187] INFO  http.HttpServer2 (HttpServer2.java:bindListener(1250)) - Jetty bound to port 40385
2023-05-08 09:34:12,846 [Listener at 127.0.0.1/36187] INFO  server.Server (Server.java:doStart(375)) - jetty-9.4.51.v20230217; built: 2023-02-17T08:19:37.309Z; git: b45c405e4544384de066f814ed42ae3dceacdd49; jvm 1.8.0_362-b09
2023-05-08 09:34:12,847 [Listener at 127.0.0.1/36187] INFO  server.session (DefaultSessionIdManager.java:doStart(334)) - DefaultSessionIdManager workerName=node0
2023-05-08 09:34:12,847 [Listener at 127.0.0.1/36187] INFO  server.session (DefaultSessionIdManager.java:doStart(339)) - No SessionScavenger set, using defaults
2023-05-08 09:34:12,848 [Listener at 127.0.0.1/36187] INFO  server.session (HouseKeeper.java:startScavenging(132)) - node0 Scavenging every 660000ms
2023-05-08 09:34:12,849 [Listener at 127.0.0.1/36187] INFO  handler.ContextHandler (ContextHandler.java:doStart(921)) - Started o.e.j.s.ServletContextHandler@9f2dd23{logs,/logs,file:///home/runner/work/ozone/ozone/hadoop-ozone/integration-test/target/log,AVAILABLE}
2023-05-08 09:34:12,849 [Listener at 127.0.0.1/36187] INFO  handler.ContextHandler (ContextHandler.java:doStart(921)) - Started o.e.j.s.ServletContextHandler@79370c17{static,/static,file:///home/runner/work/ozone/ozone/hadoop-ozone/integration-test/target/test-classes/webapps/static,AVAILABLE}
2023-05-08 09:34:12,851 [Listener at 127.0.0.1/36187] INFO  handler.ContextHandler (ContextHandler.java:doStart(921)) - Started o.e.j.w.WebAppContext@43a8ee98{ozoneManager,/,file:///home/runner/work/ozone/ozone/hadoop-ozone/integration-test/target/test-classes/webapps/ozoneManager/,AVAILABLE}{file:/home/runner/work/ozone/ozone/hadoop-ozone/integration-test/target/test-classes/webapps/ozoneManager}
2023-05-08 09:34:12,853 [Listener at 127.0.0.1/36187] INFO  server.AbstractConnector (AbstractConnector.java:doStart(333)) - Started ServerConnector@797cbf5d{HTTP/1.1, (http/1.1)}{0.0.0.0:40385}
2023-05-08 09:34:12,853 [Listener at 127.0.0.1/36187] INFO  server.Server (Server.java:doStart(415)) - Started @60960ms
2023-05-08 09:34:12,853 [Listener at 127.0.0.1/36187] WARN  impl.MetricsSystemImpl (MetricsSystemImpl.java:register(279)) - Sink prometheus already exists!
2023-05-08 09:34:12,854 [Listener at 127.0.0.1/36187] INFO  http.BaseHttpServer (BaseHttpServer.java:updateConnectorAddress(344)) - HTTP server of ozoneManager listening at http://0.0.0.0:40385
2023-05-08 09:34:12,856 [IPC Server Responder] INFO  ipc.Server (Server.java:run(1558)) - IPC Server Responder: starting
2023-05-08 09:34:12,859 [IPC Server listener on 0] INFO  ipc.Server (Server.java:run(1398)) - IPC Server listener on 0: starting
2023-05-08 09:34:12,865 [Listener at 127.0.0.1/36187] INFO  om.OzoneManager (OzoneManager.java:startTrashEmptier(2058)) - Trash Interval set to 0. Files deleted won't move to trash
2023-05-08 09:34:12,875 [org.apache.hadoop.util.JvmPauseMonitor$Monitor@785e49db] INFO  util.JvmPauseMonitor (JvmPauseMonitor.java:run(188)) - Starting JVM pause monitor
2023-05-08 09:34:12,877 [Listener at 127.0.0.1/36187] WARN  impl.MetricRegistriesImpl (MetricRegistriesImpl.java:addReporterRegistration(111)) - New reporters are added after registries were created. Some metrics will be missing from the reporter. Please add reporter before adding any new registry.
2023-05-08 09:34:12,878 [Listener at 127.0.0.1/36187] WARN  impl.MetricRegistriesImpl (MetricRegistriesImpl.java:addReporterRegistration(111)) - New reporters are added after registries were created. Some metrics will be missing from the reporter. Please add reporter before adding any new registry.
2023-05-08 09:34:12,878 [Listener at 127.0.0.1/36187] INFO  impl.MetricsSystemImpl (MetricsSystemImpl.java:init(158)) - HddsDatanode metrics system started (again)
2023-05-08 09:34:12,888 [Listener at 127.0.0.1/36187] INFO  ozone.HddsDatanodeService (HddsDatanodeService.java:start(252)) - HddsDatanodeService host:fv-az96-539 ip:10.1.0.160
2023-05-08 09:34:12,916 [Listener at 127.0.0.1/36187] INFO  upgrade.AbstractLayoutVersionManager (AbstractLayoutVersionManager.java:init(83)) - Initializing Layout version manager with metadata layout = WEBUI_PORTS_IN_DATANODEDETAILS (version = 6), software layout = WEBUI_PORTS_IN_DATANODEDETAILS (version = 6)
2023-05-08 09:34:12,963 [Listener at 127.0.0.1/36187] INFO  reflections.Reflections (Reflections.java:scan(232)) - Reflections took 46 ms to scan 7 urls, producing 156 keys and 369 values 
2023-05-08 09:34:12,965 [Listener at 127.0.0.1/36187] INFO  statemachine.DatanodeStateMachine (DatanodeStateMachine.java:getEndPointTaskThreadPoolSize(267)) - Datanode State Machine Task Thread Pool size 2
2023-05-08 09:34:12,970 [Listener at 127.0.0.1/36187] INFO  volume.HddsVolume (HddsVolume.java:<init>(130)) - Creating HddsVolume: /home/runner/work/ozone/ozone/hadoop-ozone/integration-test/target/test-dir/MiniOzoneClusterImpl-fa43fc2a-bf5b-4c12-844e-0f55669bff2c/datanode-0/data-0/containers/hdds of storage type : DISK capacity : 9223372036854775807
2023-05-08 09:34:12,970 [Listener at 127.0.0.1/36187] INFO  volume.MutableVolumeSet (MutableVolumeSet.java:initializeVolumeSet(175)) - Added Volume : /home/runner/work/ozone/ozone/hadoop-ozone/integration-test/target/test-dir/MiniOzoneClusterImpl-fa43fc2a-bf5b-4c12-844e-0f55669bff2c/datanode-0/data-0/containers/hdds to VolumeSet
2023-05-08 09:34:12,970 [Listener at 127.0.0.1/36187] INFO  volume.ThrottledAsyncChecker (ThrottledAsyncChecker.java:schedule(141)) - Scheduling a check for /home/runner/work/ozone/ozone/hadoop-ozone/integration-test/target/test-dir/MiniOzoneClusterImpl-fa43fc2a-bf5b-4c12-844e-0f55669bff2c/datanode-0/data-0/containers/hdds
2023-05-08 09:34:12,976 [Listener at 127.0.0.1/36187] INFO  volume.StorageVolumeChecker (StorageVolumeChecker.java:checkAllVolumes(202)) - Scheduled health check for volume /home/runner/work/ozone/ozone/hadoop-ozone/integration-test/target/test-dir/MiniOzoneClusterImpl-fa43fc2a-bf5b-4c12-844e-0f55669bff2c/datanode-0/data-0/containers/hdds
2023-05-08 09:34:12,987 [Listener at 127.0.0.1/36187] INFO  volume.MutableVolumeSet (MutableVolumeSet.java:initializeVolumeSet(175)) - Added Volume : /home/runner/work/ozone/ozone/hadoop-ozone/integration-test/target/test-dir/MiniOzoneClusterImpl-fa43fc2a-bf5b-4c12-844e-0f55669bff2c/datanode-0/data/ratis to VolumeSet
2023-05-08 09:34:12,987 [Listener at 127.0.0.1/36187] INFO  volume.ThrottledAsyncChecker (ThrottledAsyncChecker.java:schedule(141)) - Scheduling a check for /home/runner/work/ozone/ozone/hadoop-ozone/integration-test/target/test-dir/MiniOzoneClusterImpl-fa43fc2a-bf5b-4c12-844e-0f55669bff2c/datanode-0/data/ratis
2023-05-08 09:34:12,988 [Listener at 127.0.0.1/36187] INFO  volume.StorageVolumeChecker (StorageVolumeChecker.java:checkAllVolumes(202)) - Scheduled health check for volume /home/runner/work/ozone/ozone/hadoop-ozone/integration-test/target/test-dir/MiniOzoneClusterImpl-fa43fc2a-bf5b-4c12-844e-0f55669bff2c/datanode-0/data/ratis
2023-05-08 09:34:13,000 [Thread-777] INFO  ozoneimpl.ContainerReader (ContainerReader.java:readVolume(175)) - Finish verifying containers on volume /home/runner/work/ozone/ozone/hadoop-ozone/integration-test/target/test-dir/MiniOzoneClusterImpl-fa43fc2a-bf5b-4c12-844e-0f55669bff2c/datanode-0/data-0/containers/hdds
2023-05-08 09:34:13,000 [Listener at 127.0.0.1/36187] INFO  ozoneimpl.OzoneContainer (OzoneContainer.java:buildContainerSet(303)) - Build ContainerSet costs 0s
2023-05-08 09:34:13,003 [Listener at 127.0.0.1/36187] INFO  server.RaftServer (ConfUtils.java:logGet(46)) - raft.rpc.type = GRPC (default)
2023-05-08 09:34:13,003 [Listener at 127.0.0.1/36187] INFO  grpc.GrpcConfigKeys (ConfUtils.java:logFallback(53)) - raft.grpc.admin.host = null (fallback to raft.grpc.server.host)
2023-05-08 09:34:13,003 [Listener at 127.0.0.1/36187] INFO  grpc.GrpcConfigKeys (ConfUtils.java:logGet(46)) - raft.grpc.admin.port = 0 (custom)
2023-05-08 09:34:13,004 [Listener at 127.0.0.1/36187] INFO  grpc.GrpcConfigKeys (ConfUtils.java:logFallback(53)) - raft.grpc.client.host = null (fallback to raft.grpc.server.host)
2023-05-08 09:34:13,004 [Listener at 127.0.0.1/36187] INFO  grpc.GrpcConfigKeys (ConfUtils.java:logGet(46)) - raft.grpc.client.port = 0 (custom)
2023-05-08 09:34:13,004 [Listener at 127.0.0.1/36187] INFO  grpc.GrpcConfigKeys (ConfUtils.java:logGet(46)) - raft.grpc.server.host = null (default)
2023-05-08 09:34:13,004 [Listener at 127.0.0.1/36187] INFO  grpc.GrpcConfigKeys (ConfUtils.java:logGet(46)) - raft.grpc.server.port = 0 (default)
2023-05-08 09:34:13,004 [Listener at 127.0.0.1/36187] INFO  server.GrpcService (ConfUtils.java:logGet(46)) - raft.grpc.message.size.max = 32MB (=33554432) (custom)
2023-05-08 09:34:13,004 [Listener at 127.0.0.1/36187] INFO  server.RaftServerConfigKeys (ConfUtils.java:logGet(46)) - raft.server.log.appender.buffer.byte-limit = 33554432 (custom)
2023-05-08 09:34:13,004 [Listener at 127.0.0.1/36187] INFO  server.GrpcService (ConfUtils.java:logGet(46)) - raft.grpc.flow.control.window = 5MB (=5242880) (custom)
2023-05-08 09:34:13,004 [Listener at 127.0.0.1/36187] INFO  server.RaftServerConfigKeys (ConfUtils.java:logGet(46)) - raft.server.rpc.request.timeout = 60s (custom)
2023-05-08 09:34:13,004 [Listener at 127.0.0.1/36187] INFO  grpc.GrpcConfigKeys (ConfUtils.java:logGet(46)) - raft.grpc.server.heartbeat.channel = true (default)
2023-05-08 09:34:13,004 [Listener at 127.0.0.1/36187] INFO  grpc.GrpcConfigKeys (ConfUtils.java:logGet(46)) - raft.grpc.server.async.request.thread.pool.cached = true (default)
2023-05-08 09:34:13,004 [Listener at 127.0.0.1/36187] INFO  grpc.GrpcConfigKeys (ConfUtils.java:logGet(46)) - raft.grpc.server.async.request.thread.pool.size = 32 (default)
2023-05-08 09:34:13,005 [Listener at 127.0.0.1/36187] INFO  impl.DataStreamServerImpl (ConfUtils.java:logGet(46)) - raft.datastream.type = NETTY (custom)
2023-05-08 09:34:13,006 [Listener at 127.0.0.1/36187] INFO  server.RaftServerConfigKeys (ConfUtils.java:logGet(46)) - raft.server.data-stream.async.request.thread.pool.cached = false (default)
2023-05-08 09:34:13,006 [Listener at 127.0.0.1/36187] INFO  server.RaftServerConfigKeys (ConfUtils.java:logGet(46)) - raft.server.data-stream.async.request.thread.pool.size = 20 (custom)
2023-05-08 09:34:13,006 [Listener at 127.0.0.1/36187] INFO  server.RaftServerConfigKeys (ConfUtils.java:logGet(46)) - raft.server.data-stream.async.write.thread.pool.size = 16 (default)
2023-05-08 09:34:13,006 [Listener at 127.0.0.1/36187] INFO  server.RaftServerConfigKeys (ConfUtils.java:logGet(46)) - raft.server.data-stream.client.pool.size = 10 (default)
2023-05-08 09:34:13,006 [Listener at 127.0.0.1/36187] INFO  netty.NettyConfigKeys$DataStream (ConfUtils.java:logGet(46)) - raft.netty.dataStream.server.use-epoll = false (default)
2023-05-08 09:34:13,006 [Listener at 127.0.0.1/36187] INFO  netty.NettyConfigKeys$DataStream (ConfUtils.java:logGet(46)) - raft.netty.dataStream.server.boss-group.size = 0 (default)
2023-05-08 09:34:13,007 [Listener at 127.0.0.1/36187] INFO  netty.NettyConfigKeys$DataStream (ConfUtils.java:logGet(46)) - raft.netty.dataStream.server.worker-group.size = 0 (default)
2023-05-08 09:34:13,007 [Listener at 127.0.0.1/36187] INFO  netty.NettyConfigKeys$DataStream (ConfUtils.java:logGet(46)) - raft.netty.dataStream.server.tls.conf = null (default)
2023-05-08 09:34:13,007 [Listener at 127.0.0.1/36187] INFO  netty.NettyConfigKeys$DataStream (ConfUtils.java:logGet(46)) - raft.netty.dataStream.host = null (default)
2023-05-08 09:34:13,007 [Listener at 127.0.0.1/36187] INFO  netty.NettyConfigKeys$DataStream (ConfUtils.java:logGet(46)) - raft.netty.dataStream.port = 0 (default)
2023-05-08 09:34:13,008 [Listener at 127.0.0.1/36187] INFO  server.RaftServerConfigKeys (ConfUtils.java:logGet(46)) - raft.server.threadpool.proxy.cached = true (default)
2023-05-08 09:34:13,008 [Listener at 127.0.0.1/36187] INFO  server.RaftServerConfigKeys (ConfUtils.java:logGet(46)) - raft.server.threadpool.proxy.size = 0 (default)
2023-05-08 09:34:13,008 [Listener at 127.0.0.1/36187] INFO  server.RaftServerConfigKeys (ConfUtils.java:logGet(46)) - raft.server.rpc.slowness.timeout = 300s (custom)
2023-05-08 09:34:13,008 [f5594809-1a1d-480b-9497-2673d29d2595-NettyServerStreamRpc-bossGroup--thread1] INFO  logging.LoggingHandler (AbstractInternalLogger.java:log(148)) - [id: 0xe2f720d6] REGISTERED
2023-05-08 09:34:13,008 [Listener at 127.0.0.1/36187] INFO  server.RaftServerConfigKeys (ConfUtils.java:logGet(46)) - raft.server.leaderelection.leader.step-down.wait-time = 10s (default)
2023-05-08 09:34:13,008 [f5594809-1a1d-480b-9497-2673d29d2595-NettyServerStreamRpc-bossGroup--thread1] INFO  logging.LoggingHandler (AbstractInternalLogger.java:log(148)) - [id: 0xe2f720d6] BIND: 0.0.0.0/0.0.0.0:0
2023-05-08 09:34:13,008 [Listener at 127.0.0.1/36187] INFO  server.RaftServerConfigKeys (ConfUtils.java:logGet(46)) - raft.server.storage.dir = [/home/runner/work/ozone/ozone/hadoop-ozone/integration-test/target/test-dir/MiniOzoneClusterImpl-fa43fc2a-bf5b-4c12-844e-0f55669bff2c/datanode-0/data/ratis] (custom)
2023-05-08 09:34:13,008 [f5594809-1a1d-480b-9497-2673d29d2595-NettyServerStreamRpc-bossGroup--thread1] INFO  logging.LoggingHandler (AbstractInternalLogger.java:log(148)) - [id: 0xe2f720d6, L:/0:0:0:0:0:0:0:0:33155] ACTIVE
2023-05-08 09:34:13,010 [Listener at 127.0.0.1/36187] INFO  server.XceiverServerGrpc (XceiverServerGrpc.java:<init>(132)) - GrpcServer channel type EpollServerSocketChannel
2023-05-08 09:34:13,011 [Listener at 127.0.0.1/36187] INFO  replication.ReplicationSupervisor (ReplicationSupervisor.java:nodeStateUpdated(295)) - Node state updated to IN_SERVICE, scaling executor pool size to 10
2023-05-08 09:34:13,013 [Listener at 127.0.0.1/36187] INFO  http.BaseHttpServer (BaseHttpServer.java:newHttpServer2BuilderForOzone(224)) - Starting Web-server for hddsDatanode at: http://0.0.0.0:0
2023-05-08 09:34:13,013 [Listener at 127.0.0.1/36187] INFO  http.BaseHttpServer (BaseHttpServer.java:<init>(111)) - Hadoop Security Enabled: false Ozone Security Enabled: false Ozone HTTP Security Enabled: false 
2023-05-08 09:34:13,014 [Listener at 127.0.0.1/36187] WARN  server.AuthenticationFilter (AuthenticationFilter.java:constructSecretProvider(240)) - Unable to initialize FileSignerSecretProvider, falling back to use random secrets. Reason: Could not read signature secret file: /home/runner/hadoop-http-auth-signature-secret
2023-05-08 09:34:13,015 [Listener at 127.0.0.1/36187] INFO  http.HttpRequestLog (HttpRequestLog.java:getRequestLog(86)) - Http request log for http.requests.hddsDatanode is not defined
2023-05-08 09:34:13,016 [Listener at 127.0.0.1/36187] INFO  http.HttpServer2 (HttpServer2.java:addGlobalFilter(1031)) - Added global filter 'safety' (class=org.apache.hadoop.hdds.server.http.HttpServer2$QuotingInputFilter)
2023-05-08 09:34:13,017 [Listener at 127.0.0.1/36187] INFO  http.HttpServer2 (HttpServer2.java:addFilter(1007)) - Added filter static_user_filter (class=org.apache.hadoop.http.lib.StaticUserWebFilter$StaticUserFilter) to context hddsDatanode
2023-05-08 09:34:13,017 [Listener at 127.0.0.1/36187] INFO  http.HttpServer2 (HttpServer2.java:addFilter(1015)) - Added filter static_user_filter (class=org.apache.hadoop.http.lib.StaticUserWebFilter$StaticUserFilter) to context logs
2023-05-08 09:34:13,017 [Listener at 127.0.0.1/36187] INFO  http.HttpServer2 (HttpServer2.java:addFilter(1015)) - Added filter static_user_filter (class=org.apache.hadoop.http.lib.StaticUserWebFilter$StaticUserFilter) to context static
2023-05-08 09:34:13,018 [Listener at 127.0.0.1/36187] INFO  http.BaseHttpServer (BaseHttpServer.java:<init>(190)) - HTTP server of hddsDatanode uses base directory /home/runner/work/ozone/ozone/hadoop-ozone/integration-test/target/test-dir/MiniOzoneClusterImpl-fa43fc2a-bf5b-4c12-844e-0f55669bff2c/datanode-0/meta/webserver
2023-05-08 09:34:13,018 [Listener at 127.0.0.1/36187] INFO  http.HttpServer2 (HttpServer2.java:bindListener(1250)) - Jetty bound to port 46357
2023-05-08 09:34:13,018 [Listener at 127.0.0.1/36187] INFO  server.Server (Server.java:doStart(375)) - jetty-9.4.51.v20230217; built: 2023-02-17T08:19:37.309Z; git: b45c405e4544384de066f814ed42ae3dceacdd49; jvm 1.8.0_362-b09
2023-05-08 09:34:13,019 [Listener at 127.0.0.1/36187] INFO  server.session (DefaultSessionIdManager.java:doStart(334)) - DefaultSessionIdManager workerName=node0
2023-05-08 09:34:13,019 [Listener at 127.0.0.1/36187] INFO  server.session (DefaultSessionIdManager.java:doStart(339)) - No SessionScavenger set, using defaults
2023-05-08 09:34:13,019 [Listener at 127.0.0.1/36187] INFO  server.session (HouseKeeper.java:startScavenging(132)) - node0 Scavenging every 600000ms
2023-05-08 09:34:13,020 [Listener at 127.0.0.1/36187] INFO  handler.ContextHandler (ContextHandler.java:doStart(921)) - Started o.e.j.s.ServletContextHandler@512fcb2a{logs,/logs,file:///home/runner/work/ozone/ozone/hadoop-ozone/integration-test/target/log,AVAILABLE}
2023-05-08 09:34:13,020 [Listener at 127.0.0.1/36187] INFO  handler.ContextHandler (ContextHandler.java:doStart(921)) - Started o.e.j.s.ServletContextHandler@69bf5cd7{static,/static,jar:file:/home/runner/.m2/repository/org/apache/ozone/hdds-container-service/1.4.0-SNAPSHOT/hdds-container-service-1.4.0-SNAPSHOT.jar!/webapps/static,AVAILABLE}
2023-05-08 09:34:13,214 [Listener at 127.0.0.1/36187] INFO  handler.ContextHandler (ContextHandler.java:doStart(921)) - Started o.e.j.w.WebAppContext@202a6ac0{hddsDatanode,/,file:///home/runner/work/ozone/ozone/hadoop-ozone/integration-test/target/test-dir/MiniOzoneClusterImpl-fa43fc2a-bf5b-4c12-844e-0f55669bff2c/datanode-0/meta/webserver/jetty-0_0_0_0-46357-hdds-container-service-1_4_0-SNAPSHOT_jar-_-any-6883134297541928162/webapp/,AVAILABLE}{jar:file:/home/runner/.m2/repository/org/apache/ozone/hdds-container-service/1.4.0-SNAPSHOT/hdds-container-service-1.4.0-SNAPSHOT.jar!/webapps/hddsDatanode}
2023-05-08 09:34:13,215 [Listener at 127.0.0.1/36187] INFO  server.AbstractConnector (AbstractConnector.java:doStart(333)) - Started ServerConnector@11b13af9{HTTP/1.1, (http/1.1)}{0.0.0.0:46357}
2023-05-08 09:34:13,215 [Listener at 127.0.0.1/36187] INFO  server.Server (Server.java:doStart(415)) - Started @61322ms
2023-05-08 09:34:13,215 [Listener at 127.0.0.1/36187] WARN  impl.MetricsSystemImpl (MetricsSystemImpl.java:register(279)) - Sink prometheus already exists!
2023-05-08 09:34:13,216 [Listener at 127.0.0.1/36187] INFO  http.BaseHttpServer (BaseHttpServer.java:updateConnectorAddress(344)) - HTTP server of hddsDatanode listening at http://0.0.0.0:46357
2023-05-08 09:34:13,216 [Datanode State Machine Daemon Thread] INFO  statemachine.DatanodeStateMachine (DatanodeStateMachine.java:lambda$startDaemon$0(524)) - Ozone container server started.
2023-05-08 09:34:13,216 [Listener at 127.0.0.1/36187] WARN  impl.MetricRegistriesImpl (MetricRegistriesImpl.java:addReporterRegistration(111)) - New reporters are added after registries were created. Some metrics will be missing from the reporter. Please add reporter before adding any new registry.
2023-05-08 09:34:13,217 [Listener at 127.0.0.1/36187] WARN  impl.MetricRegistriesImpl (MetricRegistriesImpl.java:addReporterRegistration(111)) - New reporters are added after registries were created. Some metrics will be missing from the reporter. Please add reporter before adding any new registry.
2023-05-08 09:34:13,217 [Listener at 127.0.0.1/36187] INFO  impl.MetricsSystemImpl (MetricsSystemImpl.java:init(158)) - HddsDatanode metrics system started (again)
2023-05-08 09:34:13,235 [Listener at 127.0.0.1/36187] INFO  ozone.HddsDatanodeService (HddsDatanodeService.java:start(252)) - HddsDatanodeService host:fv-az96-539 ip:10.1.0.160
2023-05-08 09:34:13,245 [org.apache.hadoop.util.JvmPauseMonitor$Monitor@77f0139b] INFO  util.JvmPauseMonitor (JvmPauseMonitor.java:run(188)) - Starting JVM pause monitor
2023-05-08 09:34:13,261 [Datanode State Machine Task Thread - 0] INFO  datanode.InitDatanodeState (InitDatanodeState.java:persistContainerDatanodeDetails(138)) - DatanodeDetails is persisted to /home/runner/work/ozone/ozone/hadoop-ozone/integration-test/target/test-dir/MiniOzoneClusterImpl-fa43fc2a-bf5b-4c12-844e-0f55669bff2c/datanode-0/meta/datanode.id
2023-05-08 09:34:13,272 [Listener at 127.0.0.1/36187] INFO  upgrade.AbstractLayoutVersionManager (AbstractLayoutVersionManager.java:init(83)) - Initializing Layout version manager with metadata layout = WEBUI_PORTS_IN_DATANODEDETAILS (version = 6), software layout = WEBUI_PORTS_IN_DATANODEDETAILS (version = 6)
2023-05-08 09:34:13,320 [Listener at 127.0.0.1/36187] INFO  reflections.Reflections (Reflections.java:scan(232)) - Reflections took 47 ms to scan 7 urls, producing 156 keys and 369 values 
2023-05-08 09:34:13,322 [Listener at 127.0.0.1/36187] INFO  statemachine.DatanodeStateMachine (DatanodeStateMachine.java:getEndPointTaskThreadPoolSize(267)) - Datanode State Machine Task Thread Pool size 2
2023-05-08 09:34:13,328 [Listener at 127.0.0.1/36187] INFO  volume.HddsVolume (HddsVolume.java:<init>(130)) - Creating HddsVolume: /home/runner/work/ozone/ozone/hadoop-ozone/integration-test/target/test-dir/MiniOzoneClusterImpl-fa43fc2a-bf5b-4c12-844e-0f55669bff2c/datanode-1/data-0/containers/hdds of storage type : DISK capacity : 9223372036854775807
2023-05-08 09:34:13,329 [Listener at 127.0.0.1/36187] INFO  volume.MutableVolumeSet (MutableVolumeSet.java:initializeVolumeSet(175)) - Added Volume : /home/runner/work/ozone/ozone/hadoop-ozone/integration-test/target/test-dir/MiniOzoneClusterImpl-fa43fc2a-bf5b-4c12-844e-0f55669bff2c/datanode-1/data-0/containers/hdds to VolumeSet
2023-05-08 09:34:13,329 [Listener at 127.0.0.1/36187] INFO  volume.ThrottledAsyncChecker (ThrottledAsyncChecker.java:schedule(141)) - Scheduling a check for /home/runner/work/ozone/ozone/hadoop-ozone/integration-test/target/test-dir/MiniOzoneClusterImpl-fa43fc2a-bf5b-4c12-844e-0f55669bff2c/datanode-1/data-0/containers/hdds
2023-05-08 09:34:13,329 [Listener at 127.0.0.1/36187] INFO  volume.StorageVolumeChecker (StorageVolumeChecker.java:checkAllVolumes(202)) - Scheduled health check for volume /home/runner/work/ozone/ozone/hadoop-ozone/integration-test/target/test-dir/MiniOzoneClusterImpl-fa43fc2a-bf5b-4c12-844e-0f55669bff2c/datanode-1/data-0/containers/hdds
2023-05-08 09:34:13,341 [Listener at 127.0.0.1/36187] INFO  volume.MutableVolumeSet (MutableVolumeSet.java:initializeVolumeSet(175)) - Added Volume : /home/runner/work/ozone/ozone/hadoop-ozone/integration-test/target/test-dir/MiniOzoneClusterImpl-fa43fc2a-bf5b-4c12-844e-0f55669bff2c/datanode-1/data/ratis to VolumeSet
2023-05-08 09:34:13,341 [Listener at 127.0.0.1/36187] INFO  volume.ThrottledAsyncChecker (ThrottledAsyncChecker.java:schedule(141)) - Scheduling a check for /home/runner/work/ozone/ozone/hadoop-ozone/integration-test/target/test-dir/MiniOzoneClusterImpl-fa43fc2a-bf5b-4c12-844e-0f55669bff2c/datanode-1/data/ratis
2023-05-08 09:34:13,341 [Listener at 127.0.0.1/36187] INFO  volume.StorageVolumeChecker (StorageVolumeChecker.java:checkAllVolumes(202)) - Scheduled health check for volume /home/runner/work/ozone/ozone/hadoop-ozone/integration-test/target/test-dir/MiniOzoneClusterImpl-fa43fc2a-bf5b-4c12-844e-0f55669bff2c/datanode-1/data/ratis
2023-05-08 09:34:13,352 [Thread-791] INFO  ozoneimpl.ContainerReader (ContainerReader.java:readVolume(175)) - Finish verifying containers on volume /home/runner/work/ozone/ozone/hadoop-ozone/integration-test/target/test-dir/MiniOzoneClusterImpl-fa43fc2a-bf5b-4c12-844e-0f55669bff2c/datanode-1/data-0/containers/hdds
2023-05-08 09:34:13,352 [Listener at 127.0.0.1/36187] INFO  ozoneimpl.OzoneContainer (OzoneContainer.java:buildContainerSet(303)) - Build ContainerSet costs 0s
2023-05-08 09:34:13,360 [Listener at 127.0.0.1/36187] INFO  server.RaftServer (ConfUtils.java:logGet(46)) - raft.rpc.type = GRPC (default)
2023-05-08 09:34:13,361 [Listener at 127.0.0.1/36187] INFO  grpc.GrpcConfigKeys (ConfUtils.java:logFallback(53)) - raft.grpc.admin.host = null (fallback to raft.grpc.server.host)
2023-05-08 09:34:13,361 [Listener at 127.0.0.1/36187] INFO  grpc.GrpcConfigKeys (ConfUtils.java:logGet(46)) - raft.grpc.admin.port = 0 (custom)
2023-05-08 09:34:13,361 [Listener at 127.0.0.1/36187] INFO  grpc.GrpcConfigKeys (ConfUtils.java:logFallback(53)) - raft.grpc.client.host = null (fallback to raft.grpc.server.host)
2023-05-08 09:34:13,361 [Listener at 127.0.0.1/36187] INFO  grpc.GrpcConfigKeys (ConfUtils.java:logGet(46)) - raft.grpc.client.port = 0 (custom)
2023-05-08 09:34:13,361 [Listener at 127.0.0.1/36187] INFO  grpc.GrpcConfigKeys (ConfUtils.java:logGet(46)) - raft.grpc.server.host = null (default)
2023-05-08 09:34:13,361 [Listener at 127.0.0.1/36187] INFO  grpc.GrpcConfigKeys (ConfUtils.java:logGet(46)) - raft.grpc.server.port = 0 (default)
2023-05-08 09:34:13,361 [Listener at 127.0.0.1/36187] INFO  server.GrpcService (ConfUtils.java:logGet(46)) - raft.grpc.message.size.max = 32MB (=33554432) (custom)
2023-05-08 09:34:13,361 [Listener at 127.0.0.1/36187] INFO  server.RaftServerConfigKeys (ConfUtils.java:logGet(46)) - raft.server.log.appender.buffer.byte-limit = 33554432 (custom)
2023-05-08 09:34:13,361 [Listener at 127.0.0.1/36187] INFO  server.GrpcService (ConfUtils.java:logGet(46)) - raft.grpc.flow.control.window = 5MB (=5242880) (custom)
2023-05-08 09:34:13,361 [Listener at 127.0.0.1/36187] INFO  server.RaftServerConfigKeys (ConfUtils.java:logGet(46)) - raft.server.rpc.request.timeout = 60s (custom)
2023-05-08 09:34:13,361 [Listener at 127.0.0.1/36187] INFO  grpc.GrpcConfigKeys (ConfUtils.java:logGet(46)) - raft.grpc.server.heartbeat.channel = true (default)
2023-05-08 09:34:13,361 [Listener at 127.0.0.1/36187] INFO  grpc.GrpcConfigKeys (ConfUtils.java:logGet(46)) - raft.grpc.server.async.request.thread.pool.cached = true (default)
2023-05-08 09:34:13,362 [Listener at 127.0.0.1/36187] INFO  grpc.GrpcConfigKeys (ConfUtils.java:logGet(46)) - raft.grpc.server.async.request.thread.pool.size = 32 (default)
2023-05-08 09:34:13,363 [Listener at 127.0.0.1/36187] INFO  impl.DataStreamServerImpl (ConfUtils.java:logGet(46)) - raft.datastream.type = NETTY (custom)
2023-05-08 09:34:13,363 [Listener at 127.0.0.1/36187] INFO  server.RaftServerConfigKeys (ConfUtils.java:logGet(46)) - raft.server.data-stream.async.request.thread.pool.cached = false (default)
2023-05-08 09:34:13,364 [Listener at 127.0.0.1/36187] INFO  server.RaftServerConfigKeys (ConfUtils.java:logGet(46)) - raft.server.data-stream.async.request.thread.pool.size = 20 (custom)
2023-05-08 09:34:13,364 [Listener at 127.0.0.1/36187] INFO  server.RaftServerConfigKeys (ConfUtils.java:logGet(46)) - raft.server.data-stream.async.write.thread.pool.size = 16 (default)
2023-05-08 09:34:13,364 [Listener at 127.0.0.1/36187] INFO  server.RaftServerConfigKeys (ConfUtils.java:logGet(46)) - raft.server.data-stream.client.pool.size = 10 (default)
2023-05-08 09:34:13,364 [Listener at 127.0.0.1/36187] INFO  netty.NettyConfigKeys$DataStream (ConfUtils.java:logGet(46)) - raft.netty.dataStream.server.use-epoll = false (default)
2023-05-08 09:34:13,365 [Listener at 127.0.0.1/36187] INFO  netty.NettyConfigKeys$DataStream (ConfUtils.java:logGet(46)) - raft.netty.dataStream.server.boss-group.size = 0 (default)
2023-05-08 09:34:13,365 [Listener at 127.0.0.1/36187] INFO  netty.NettyConfigKeys$DataStream (ConfUtils.java:logGet(46)) - raft.netty.dataStream.server.worker-group.size = 0 (default)
2023-05-08 09:34:13,365 [Listener at 127.0.0.1/36187] INFO  netty.NettyConfigKeys$DataStream (ConfUtils.java:logGet(46)) - raft.netty.dataStream.server.tls.conf = null (default)
2023-05-08 09:34:13,365 [Listener at 127.0.0.1/36187] INFO  netty.NettyConfigKeys$DataStream (ConfUtils.java:logGet(46)) - raft.netty.dataStream.host = null (default)
2023-05-08 09:34:13,365 [Listener at 127.0.0.1/36187] INFO  netty.NettyConfigKeys$DataStream (ConfUtils.java:logGet(46)) - raft.netty.dataStream.port = 0 (default)
2023-05-08 09:34:13,366 [Listener at 127.0.0.1/36187] INFO  server.RaftServerConfigKeys (ConfUtils.java:logGet(46)) - raft.server.threadpool.proxy.cached = true (default)
2023-05-08 09:34:13,366 [Listener at 127.0.0.1/36187] INFO  server.RaftServerConfigKeys (ConfUtils.java:logGet(46)) - raft.server.threadpool.proxy.size = 0 (default)
2023-05-08 09:34:13,366 [Listener at 127.0.0.1/36187] INFO  server.RaftServerConfigKeys (ConfUtils.java:logGet(46)) - raft.server.rpc.slowness.timeout = 300s (custom)
2023-05-08 09:34:13,366 [Listener at 127.0.0.1/36187] INFO  server.RaftServerConfigKeys (ConfUtils.java:logGet(46)) - raft.server.leaderelection.leader.step-down.wait-time = 10s (default)
2023-05-08 09:34:13,366 [Listener at 127.0.0.1/36187] INFO  server.RaftServerConfigKeys (ConfUtils.java:logGet(46)) - raft.server.storage.dir = [/home/runner/work/ozone/ozone/hadoop-ozone/integration-test/target/test-dir/MiniOzoneClusterImpl-fa43fc2a-bf5b-4c12-844e-0f55669bff2c/datanode-1/data/ratis] (custom)
2023-05-08 09:34:13,366 [8bb737d4-3739-4a89-bbd0-142b4bbbf932-NettyServerStreamRpc-bossGroup--thread1] INFO  logging.LoggingHandler (AbstractInternalLogger.java:log(148)) - [id: 0x72c74619] REGISTERED
2023-05-08 09:34:13,367 [8bb737d4-3739-4a89-bbd0-142b4bbbf932-NettyServerStreamRpc-bossGroup--thread1] INFO  logging.LoggingHandler (AbstractInternalLogger.java:log(148)) - [id: 0x72c74619] BIND: 0.0.0.0/0.0.0.0:0
2023-05-08 09:34:13,367 [8bb737d4-3739-4a89-bbd0-142b4bbbf932-NettyServerStreamRpc-bossGroup--thread1] INFO  logging.LoggingHandler (AbstractInternalLogger.java:log(148)) - [id: 0x72c74619, L:/0:0:0:0:0:0:0:0:41785] ACTIVE
2023-05-08 09:34:13,368 [Listener at 127.0.0.1/36187] INFO  server.XceiverServerGrpc (XceiverServerGrpc.java:<init>(132)) - GrpcServer channel type EpollServerSocketChannel
2023-05-08 09:34:13,370 [Listener at 127.0.0.1/36187] INFO  replication.ReplicationSupervisor (ReplicationSupervisor.java:nodeStateUpdated(295)) - Node state updated to IN_SERVICE, scaling executor pool size to 10
2023-05-08 09:34:13,371 [Listener at 127.0.0.1/36187] INFO  http.BaseHttpServer (BaseHttpServer.java:newHttpServer2BuilderForOzone(224)) - Starting Web-server for hddsDatanode at: http://0.0.0.0:0
2023-05-08 09:34:13,371 [Listener at 127.0.0.1/36187] INFO  http.BaseHttpServer (BaseHttpServer.java:<init>(111)) - Hadoop Security Enabled: false Ozone Security Enabled: false Ozone HTTP Security Enabled: false 
2023-05-08 09:34:13,373 [Listener at 127.0.0.1/36187] WARN  server.AuthenticationFilter (AuthenticationFilter.java:constructSecretProvider(240)) - Unable to initialize FileSignerSecretProvider, falling back to use random secrets. Reason: Could not read signature secret file: /home/runner/hadoop-http-auth-signature-secret
2023-05-08 09:34:13,373 [Listener at 127.0.0.1/36187] INFO  http.HttpRequestLog (HttpRequestLog.java:getRequestLog(86)) - Http request log for http.requests.hddsDatanode is not defined
2023-05-08 09:34:13,374 [Listener at 127.0.0.1/36187] INFO  http.HttpServer2 (HttpServer2.java:addGlobalFilter(1031)) - Added global filter 'safety' (class=org.apache.hadoop.hdds.server.http.HttpServer2$QuotingInputFilter)
2023-05-08 09:34:13,375 [Listener at 127.0.0.1/36187] INFO  http.HttpServer2 (HttpServer2.java:addFilter(1007)) - Added filter static_user_filter (class=org.apache.hadoop.http.lib.StaticUserWebFilter$StaticUserFilter) to context hddsDatanode
2023-05-08 09:34:13,375 [Listener at 127.0.0.1/36187] INFO  http.HttpServer2 (HttpServer2.java:addFilter(1015)) - Added filter static_user_filter (class=org.apache.hadoop.http.lib.StaticUserWebFilter$StaticUserFilter) to context static
2023-05-08 09:34:13,375 [Listener at 127.0.0.1/36187] INFO  http.HttpServer2 (HttpServer2.java:addFilter(1015)) - Added filter static_user_filter (class=org.apache.hadoop.http.lib.StaticUserWebFilter$StaticUserFilter) to context logs
2023-05-08 09:34:13,375 [Listener at 127.0.0.1/36187] INFO  http.BaseHttpServer (BaseHttpServer.java:<init>(190)) - HTTP server of hddsDatanode uses base directory /home/runner/work/ozone/ozone/hadoop-ozone/integration-test/target/test-dir/MiniOzoneClusterImpl-fa43fc2a-bf5b-4c12-844e-0f55669bff2c/datanode-1/meta/webserver
2023-05-08 09:34:13,375 [Listener at 127.0.0.1/36187] INFO  http.HttpServer2 (HttpServer2.java:bindListener(1250)) - Jetty bound to port 39127
2023-05-08 09:34:13,376 [Listener at 127.0.0.1/36187] INFO  server.Server (Server.java:doStart(375)) - jetty-9.4.51.v20230217; built: 2023-02-17T08:19:37.309Z; git: b45c405e4544384de066f814ed42ae3dceacdd49; jvm 1.8.0_362-b09
2023-05-08 09:34:13,377 [Listener at 127.0.0.1/36187] INFO  server.session (DefaultSessionIdManager.java:doStart(334)) - DefaultSessionIdManager workerName=node0
2023-05-08 09:34:13,377 [Listener at 127.0.0.1/36187] INFO  server.session (DefaultSessionIdManager.java:doStart(339)) - No SessionScavenger set, using defaults
2023-05-08 09:34:13,377 [Listener at 127.0.0.1/36187] INFO  server.session (HouseKeeper.java:startScavenging(132)) - node0 Scavenging every 600000ms
2023-05-08 09:34:13,378 [Listener at 127.0.0.1/36187] INFO  handler.ContextHandler (ContextHandler.java:doStart(921)) - Started o.e.j.s.ServletContextHandler@151e39ec{logs,/logs,file:///home/runner/work/ozone/ozone/hadoop-ozone/integration-test/target/log,AVAILABLE}
2023-05-08 09:34:13,378 [Listener at 127.0.0.1/36187] INFO  handler.ContextHandler (ContextHandler.java:doStart(921)) - Started o.e.j.s.ServletContextHandler@8144d65{static,/static,jar:file:/home/runner/.m2/repository/org/apache/ozone/hdds-container-service/1.4.0-SNAPSHOT/hdds-container-service-1.4.0-SNAPSHOT.jar!/webapps/static,AVAILABLE}
2023-05-08 09:34:13,567 [Listener at 127.0.0.1/36187] INFO  handler.ContextHandler (ContextHandler.java:doStart(921)) - Started o.e.j.w.WebAppContext@2d57f69b{hddsDatanode,/,file:///home/runner/work/ozone/ozone/hadoop-ozone/integration-test/target/test-dir/MiniOzoneClusterImpl-fa43fc2a-bf5b-4c12-844e-0f55669bff2c/datanode-1/meta/webserver/jetty-0_0_0_0-39127-hdds-container-service-1_4_0-SNAPSHOT_jar-_-any-8953267139133102848/webapp/,AVAILABLE}{jar:file:/home/runner/.m2/repository/org/apache/ozone/hdds-container-service/1.4.0-SNAPSHOT/hdds-container-service-1.4.0-SNAPSHOT.jar!/webapps/hddsDatanode}
2023-05-08 09:34:13,569 [Listener at 127.0.0.1/36187] INFO  server.AbstractConnector (AbstractConnector.java:doStart(333)) - Started ServerConnector@9a18130{HTTP/1.1, (http/1.1)}{0.0.0.0:39127}
2023-05-08 09:34:13,569 [Listener at 127.0.0.1/36187] INFO  server.Server (Server.java:doStart(415)) - Started @61676ms
2023-05-08 09:34:13,569 [Listener at 127.0.0.1/36187] WARN  impl.MetricsSystemImpl (MetricsSystemImpl.java:register(279)) - Sink prometheus already exists!
2023-05-08 09:34:13,570 [Listener at 127.0.0.1/36187] INFO  http.BaseHttpServer (BaseHttpServer.java:updateConnectorAddress(344)) - HTTP server of hddsDatanode listening at http://0.0.0.0:39127
2023-05-08 09:34:13,570 [Datanode State Machine Daemon Thread] INFO  statemachine.DatanodeStateMachine (DatanodeStateMachine.java:lambda$startDaemon$0(524)) - Ozone container server started.
2023-05-08 09:34:13,570 [Listener at 127.0.0.1/36187] WARN  impl.MetricRegistriesImpl (MetricRegistriesImpl.java:addReporterRegistration(111)) - New reporters are added after registries were created. Some metrics will be missing from the reporter. Please add reporter before adding any new registry.
2023-05-08 09:34:13,572 [Listener at 127.0.0.1/36187] WARN  impl.MetricRegistriesImpl (MetricRegistriesImpl.java:addReporterRegistration(111)) - New reporters are added after registries were created. Some metrics will be missing from the reporter. Please add reporter before adding any new registry.
2023-05-08 09:34:13,572 [Listener at 127.0.0.1/36187] INFO  impl.MetricsSystemImpl (MetricsSystemImpl.java:init(158)) - HddsDatanode metrics system started (again)
2023-05-08 09:34:13,580 [org.apache.hadoop.util.JvmPauseMonitor$Monitor@11715446] INFO  util.JvmPauseMonitor (JvmPauseMonitor.java:run(188)) - Starting JVM pause monitor
2023-05-08 09:34:13,584 [Listener at 127.0.0.1/36187] INFO  ozone.HddsDatanodeService (HddsDatanodeService.java:start(252)) - HddsDatanodeService host:fv-az96-539 ip:10.1.0.160
2023-05-08 09:34:13,594 [Datanode State Machine Task Thread - 0] INFO  datanode.InitDatanodeState (InitDatanodeState.java:persistContainerDatanodeDetails(138)) - DatanodeDetails is persisted to /home/runner/work/ozone/ozone/hadoop-ozone/integration-test/target/test-dir/MiniOzoneClusterImpl-fa43fc2a-bf5b-4c12-844e-0f55669bff2c/datanode-1/meta/datanode.id
2023-05-08 09:34:13,612 [Listener at 127.0.0.1/36187] INFO  upgrade.AbstractLayoutVersionManager (AbstractLayoutVersionManager.java:init(83)) - Initializing Layout version manager with metadata layout = WEBUI_PORTS_IN_DATANODEDETAILS (version = 6), software layout = WEBUI_PORTS_IN_DATANODEDETAILS (version = 6)
2023-05-08 09:34:13,658 [Listener at 127.0.0.1/36187] INFO  reflections.Reflections (Reflections.java:scan(232)) - Reflections took 45 ms to scan 7 urls, producing 156 keys and 369 values 
2023-05-08 09:34:13,659 [Listener at 127.0.0.1/36187] INFO  statemachine.DatanodeStateMachine (DatanodeStateMachine.java:getEndPointTaskThreadPoolSize(267)) - Datanode State Machine Task Thread Pool size 2
2023-05-08 09:34:13,665 [Listener at 127.0.0.1/36187] INFO  volume.HddsVolume (HddsVolume.java:<init>(130)) - Creating HddsVolume: /home/runner/work/ozone/ozone/hadoop-ozone/integration-test/target/test-dir/MiniOzoneClusterImpl-fa43fc2a-bf5b-4c12-844e-0f55669bff2c/datanode-2/data-0/containers/hdds of storage type : DISK capacity : 9223372036854775807
2023-05-08 09:34:13,665 [Listener at 127.0.0.1/36187] INFO  volume.MutableVolumeSet (MutableVolumeSet.java:initializeVolumeSet(175)) - Added Volume : /home/runner/work/ozone/ozone/hadoop-ozone/integration-test/target/test-dir/MiniOzoneClusterImpl-fa43fc2a-bf5b-4c12-844e-0f55669bff2c/datanode-2/data-0/containers/hdds to VolumeSet
2023-05-08 09:34:13,665 [Listener at 127.0.0.1/36187] INFO  volume.ThrottledAsyncChecker (ThrottledAsyncChecker.java:schedule(141)) - Scheduling a check for /home/runner/work/ozone/ozone/hadoop-ozone/integration-test/target/test-dir/MiniOzoneClusterImpl-fa43fc2a-bf5b-4c12-844e-0f55669bff2c/datanode-2/data-0/containers/hdds
2023-05-08 09:34:13,666 [Listener at 127.0.0.1/36187] INFO  volume.StorageVolumeChecker (StorageVolumeChecker.java:checkAllVolumes(202)) - Scheduled health check for volume /home/runner/work/ozone/ozone/hadoop-ozone/integration-test/target/test-dir/MiniOzoneClusterImpl-fa43fc2a-bf5b-4c12-844e-0f55669bff2c/datanode-2/data-0/containers/hdds
2023-05-08 09:34:13,677 [Listener at 127.0.0.1/36187] INFO  volume.MutableVolumeSet (MutableVolumeSet.java:initializeVolumeSet(175)) - Added Volume : /home/runner/work/ozone/ozone/hadoop-ozone/integration-test/target/test-dir/MiniOzoneClusterImpl-fa43fc2a-bf5b-4c12-844e-0f55669bff2c/datanode-2/data/ratis to VolumeSet
2023-05-08 09:34:13,677 [Listener at 127.0.0.1/36187] INFO  volume.ThrottledAsyncChecker (ThrottledAsyncChecker.java:schedule(141)) - Scheduling a check for /home/runner/work/ozone/ozone/hadoop-ozone/integration-test/target/test-dir/MiniOzoneClusterImpl-fa43fc2a-bf5b-4c12-844e-0f55669bff2c/datanode-2/data/ratis
2023-05-08 09:34:13,677 [Listener at 127.0.0.1/36187] INFO  volume.StorageVolumeChecker (StorageVolumeChecker.java:checkAllVolumes(202)) - Scheduled health check for volume /home/runner/work/ozone/ozone/hadoop-ozone/integration-test/target/test-dir/MiniOzoneClusterImpl-fa43fc2a-bf5b-4c12-844e-0f55669bff2c/datanode-2/data/ratis
2023-05-08 09:34:13,689 [Thread-805] INFO  ozoneimpl.ContainerReader (ContainerReader.java:readVolume(175)) - Finish verifying containers on volume /home/runner/work/ozone/ozone/hadoop-ozone/integration-test/target/test-dir/MiniOzoneClusterImpl-fa43fc2a-bf5b-4c12-844e-0f55669bff2c/datanode-2/data-0/containers/hdds
2023-05-08 09:34:13,690 [Listener at 127.0.0.1/36187] INFO  ozoneimpl.OzoneContainer (OzoneContainer.java:buildContainerSet(303)) - Build ContainerSet costs 0s
2023-05-08 09:34:13,692 [Listener at 127.0.0.1/36187] INFO  server.RaftServer (ConfUtils.java:logGet(46)) - raft.rpc.type = GRPC (default)
2023-05-08 09:34:13,692 [Listener at 127.0.0.1/36187] INFO  grpc.GrpcConfigKeys (ConfUtils.java:logFallback(53)) - raft.grpc.admin.host = null (fallback to raft.grpc.server.host)
2023-05-08 09:34:13,693 [Listener at 127.0.0.1/36187] INFO  grpc.GrpcConfigKeys (ConfUtils.java:logGet(46)) - raft.grpc.admin.port = 0 (custom)
2023-05-08 09:34:13,693 [Listener at 127.0.0.1/36187] INFO  grpc.GrpcConfigKeys (ConfUtils.java:logFallback(53)) - raft.grpc.client.host = null (fallback to raft.grpc.server.host)
2023-05-08 09:34:13,693 [Listener at 127.0.0.1/36187] INFO  grpc.GrpcConfigKeys (ConfUtils.java:logGet(46)) - raft.grpc.client.port = 0 (custom)
2023-05-08 09:34:13,693 [Listener at 127.0.0.1/36187] INFO  grpc.GrpcConfigKeys (ConfUtils.java:logGet(46)) - raft.grpc.server.host = null (default)
2023-05-08 09:34:13,693 [Listener at 127.0.0.1/36187] INFO  grpc.GrpcConfigKeys (ConfUtils.java:logGet(46)) - raft.grpc.server.port = 0 (default)
2023-05-08 09:34:13,693 [Listener at 127.0.0.1/36187] INFO  server.GrpcService (ConfUtils.java:logGet(46)) - raft.grpc.message.size.max = 32MB (=33554432) (custom)
2023-05-08 09:34:13,693 [Listener at 127.0.0.1/36187] INFO  server.RaftServerConfigKeys (ConfUtils.java:logGet(46)) - raft.server.log.appender.buffer.byte-limit = 33554432 (custom)
2023-05-08 09:34:13,693 [Listener at 127.0.0.1/36187] INFO  server.GrpcService (ConfUtils.java:logGet(46)) - raft.grpc.flow.control.window = 5MB (=5242880) (custom)
2023-05-08 09:34:13,693 [Listener at 127.0.0.1/36187] INFO  server.RaftServerConfigKeys (ConfUtils.java:logGet(46)) - raft.server.rpc.request.timeout = 60s (custom)
2023-05-08 09:34:13,693 [Listener at 127.0.0.1/36187] INFO  grpc.GrpcConfigKeys (ConfUtils.java:logGet(46)) - raft.grpc.server.heartbeat.channel = true (default)
2023-05-08 09:34:13,693 [Listener at 127.0.0.1/36187] INFO  grpc.GrpcConfigKeys (ConfUtils.java:logGet(46)) - raft.grpc.server.async.request.thread.pool.cached = true (default)
2023-05-08 09:34:13,693 [Listener at 127.0.0.1/36187] INFO  grpc.GrpcConfigKeys (ConfUtils.java:logGet(46)) - raft.grpc.server.async.request.thread.pool.size = 32 (default)
2023-05-08 09:34:13,694 [Listener at 127.0.0.1/36187] INFO  impl.DataStreamServerImpl (ConfUtils.java:logGet(46)) - raft.datastream.type = NETTY (custom)
2023-05-08 09:34:13,695 [Listener at 127.0.0.1/36187] INFO  server.RaftServerConfigKeys (ConfUtils.java:logGet(46)) - raft.server.data-stream.async.request.thread.pool.cached = false (default)
2023-05-08 09:34:13,695 [Listener at 127.0.0.1/36187] INFO  server.RaftServerConfigKeys (ConfUtils.java:logGet(46)) - raft.server.data-stream.async.request.thread.pool.size = 20 (custom)
2023-05-08 09:34:13,695 [Listener at 127.0.0.1/36187] INFO  server.RaftServerConfigKeys (ConfUtils.java:logGet(46)) - raft.server.data-stream.async.write.thread.pool.size = 16 (default)
2023-05-08 09:34:13,695 [Listener at 127.0.0.1/36187] INFO  server.RaftServerConfigKeys (ConfUtils.java:logGet(46)) - raft.server.data-stream.client.pool.size = 10 (default)
2023-05-08 09:34:13,695 [Listener at 127.0.0.1/36187] INFO  netty.NettyConfigKeys$DataStream (ConfUtils.java:logGet(46)) - raft.netty.dataStream.server.use-epoll = false (default)
2023-05-08 09:34:13,695 [Listener at 127.0.0.1/36187] INFO  netty.NettyConfigKeys$DataStream (ConfUtils.java:logGet(46)) - raft.netty.dataStream.server.boss-group.size = 0 (default)
2023-05-08 09:34:13,695 [Listener at 127.0.0.1/36187] INFO  netty.NettyConfigKeys$DataStream (ConfUtils.java:logGet(46)) - raft.netty.dataStream.server.worker-group.size = 0 (default)
2023-05-08 09:34:13,696 [Listener at 127.0.0.1/36187] INFO  netty.NettyConfigKeys$DataStream (ConfUtils.java:logGet(46)) - raft.netty.dataStream.server.tls.conf = null (default)
2023-05-08 09:34:13,696 [Listener at 127.0.0.1/36187] INFO  netty.NettyConfigKeys$DataStream (ConfUtils.java:logGet(46)) - raft.netty.dataStream.host = null (default)
2023-05-08 09:34:13,696 [Listener at 127.0.0.1/36187] INFO  netty.NettyConfigKeys$DataStream (ConfUtils.java:logGet(46)) - raft.netty.dataStream.port = 0 (default)
2023-05-08 09:34:13,696 [Listener at 127.0.0.1/36187] INFO  server.RaftServerConfigKeys (ConfUtils.java:logGet(46)) - raft.server.threadpool.proxy.cached = true (default)
2023-05-08 09:34:13,696 [Listener at 127.0.0.1/36187] INFO  server.RaftServerConfigKeys (ConfUtils.java:logGet(46)) - raft.server.threadpool.proxy.size = 0 (default)
2023-05-08 09:34:13,696 [Listener at 127.0.0.1/36187] INFO  server.RaftServerConfigKeys (ConfUtils.java:logGet(46)) - raft.server.rpc.slowness.timeout = 300s (custom)
2023-05-08 09:34:13,697 [31bb0062-e0a6-44a8-8078-5986d8d8cb42-NettyServerStreamRpc-bossGroup--thread1] INFO  logging.LoggingHandler (AbstractInternalLogger.java:log(148)) - [id: 0x327bf20e] REGISTERED
2023-05-08 09:34:13,697 [Listener at 127.0.0.1/36187] INFO  server.RaftServerConfigKeys (ConfUtils.java:logGet(46)) - raft.server.leaderelection.leader.step-down.wait-time = 10s (default)
2023-05-08 09:34:13,697 [31bb0062-e0a6-44a8-8078-5986d8d8cb42-NettyServerStreamRpc-bossGroup--thread1] INFO  logging.LoggingHandler (AbstractInternalLogger.java:log(148)) - [id: 0x327bf20e] BIND: 0.0.0.0/0.0.0.0:0
2023-05-08 09:34:13,697 [Listener at 127.0.0.1/36187] INFO  server.RaftServerConfigKeys (ConfUtils.java:logGet(46)) - raft.server.storage.dir = [/home/runner/work/ozone/ozone/hadoop-ozone/integration-test/target/test-dir/MiniOzoneClusterImpl-fa43fc2a-bf5b-4c12-844e-0f55669bff2c/datanode-2/data/ratis] (custom)
2023-05-08 09:34:13,698 [31bb0062-e0a6-44a8-8078-5986d8d8cb42-NettyServerStreamRpc-bossGroup--thread1] INFO  logging.LoggingHandler (AbstractInternalLogger.java:log(148)) - [id: 0x327bf20e, L:/0:0:0:0:0:0:0:0:36965] ACTIVE
2023-05-08 09:34:13,699 [Listener at 127.0.0.1/36187] INFO  server.XceiverServerGrpc (XceiverServerGrpc.java:<init>(132)) - GrpcServer channel type EpollServerSocketChannel
2023-05-08 09:34:13,700 [Listener at 127.0.0.1/36187] INFO  replication.ReplicationSupervisor (ReplicationSupervisor.java:nodeStateUpdated(295)) - Node state updated to IN_SERVICE, scaling executor pool size to 10
2023-05-08 09:34:13,701 [Listener at 127.0.0.1/36187] INFO  http.BaseHttpServer (BaseHttpServer.java:newHttpServer2BuilderForOzone(224)) - Starting Web-server for hddsDatanode at: http://0.0.0.0:0
2023-05-08 09:34:13,701 [Listener at 127.0.0.1/36187] INFO  http.BaseHttpServer (BaseHttpServer.java:<init>(111)) - Hadoop Security Enabled: false Ozone Security Enabled: false Ozone HTTP Security Enabled: false 
2023-05-08 09:34:13,702 [Listener at 127.0.0.1/36187] WARN  server.AuthenticationFilter (AuthenticationFilter.java:constructSecretProvider(240)) - Unable to initialize FileSignerSecretProvider, falling back to use random secrets. Reason: Could not read signature secret file: /home/runner/hadoop-http-auth-signature-secret
2023-05-08 09:34:13,705 [Listener at 127.0.0.1/36187] INFO  http.HttpRequestLog (HttpRequestLog.java:getRequestLog(86)) - Http request log for http.requests.hddsDatanode is not defined
2023-05-08 09:34:13,707 [Listener at 127.0.0.1/36187] INFO  http.HttpServer2 (HttpServer2.java:addGlobalFilter(1031)) - Added global filter 'safety' (class=org.apache.hadoop.hdds.server.http.HttpServer2$QuotingInputFilter)
2023-05-08 09:34:13,707 [Listener at 127.0.0.1/36187] INFO  http.HttpServer2 (HttpServer2.java:addFilter(1007)) - Added filter static_user_filter (class=org.apache.hadoop.http.lib.StaticUserWebFilter$StaticUserFilter) to context hddsDatanode
2023-05-08 09:34:13,707 [Listener at 127.0.0.1/36187] INFO  http.HttpServer2 (HttpServer2.java:addFilter(1015)) - Added filter static_user_filter (class=org.apache.hadoop.http.lib.StaticUserWebFilter$StaticUserFilter) to context static
2023-05-08 09:34:13,707 [Listener at 127.0.0.1/36187] INFO  http.HttpServer2 (HttpServer2.java:addFilter(1015)) - Added filter static_user_filter (class=org.apache.hadoop.http.lib.StaticUserWebFilter$StaticUserFilter) to context logs
2023-05-08 09:34:13,708 [Listener at 127.0.0.1/36187] INFO  http.BaseHttpServer (BaseHttpServer.java:<init>(190)) - HTTP server of hddsDatanode uses base directory /home/runner/work/ozone/ozone/hadoop-ozone/integration-test/target/test-dir/MiniOzoneClusterImpl-fa43fc2a-bf5b-4c12-844e-0f55669bff2c/datanode-2/meta/webserver
2023-05-08 09:34:13,708 [Listener at 127.0.0.1/36187] INFO  http.HttpServer2 (HttpServer2.java:bindListener(1250)) - Jetty bound to port 35643
2023-05-08 09:34:13,708 [Listener at 127.0.0.1/36187] INFO  server.Server (Server.java:doStart(375)) - jetty-9.4.51.v20230217; built: 2023-02-17T08:19:37.309Z; git: b45c405e4544384de066f814ed42ae3dceacdd49; jvm 1.8.0_362-b09
2023-05-08 09:34:13,709 [Listener at 127.0.0.1/36187] INFO  server.session (DefaultSessionIdManager.java:doStart(334)) - DefaultSessionIdManager workerName=node0
2023-05-08 09:34:13,709 [Listener at 127.0.0.1/36187] INFO  server.session (DefaultSessionIdManager.java:doStart(339)) - No SessionScavenger set, using defaults
2023-05-08 09:34:13,709 [Listener at 127.0.0.1/36187] INFO  server.session (HouseKeeper.java:startScavenging(132)) - node0 Scavenging every 600000ms
2023-05-08 09:34:13,710 [Listener at 127.0.0.1/36187] INFO  handler.ContextHandler (ContextHandler.java:doStart(921)) - Started o.e.j.s.ServletContextHandler@5cb94e47{logs,/logs,file:///home/runner/work/ozone/ozone/hadoop-ozone/integration-test/target/log,AVAILABLE}
2023-05-08 09:34:13,711 [Listener at 127.0.0.1/36187] INFO  handler.ContextHandler (ContextHandler.java:doStart(921)) - Started o.e.j.s.ServletContextHandler@230ff8f5{static,/static,jar:file:/home/runner/.m2/repository/org/apache/ozone/hdds-container-service/1.4.0-SNAPSHOT/hdds-container-service-1.4.0-SNAPSHOT.jar!/webapps/static,AVAILABLE}
2023-05-08 09:34:13,867 [om1@group-C5BA1605619E-FollowerState] INFO  impl.FollowerState (FollowerState.java:run(143)) - om1@group-C5BA1605619E-FollowerState: change to CANDIDATE, lastRpcElapsedTime:1041396766ns, electionTimeout:1040ms
2023-05-08 09:34:13,867 [om1@group-C5BA1605619E-FollowerState] INFO  impl.RoleInfo (RoleInfo.java:shutdownFollowerState(110)) - om1: shutdown om1@group-C5BA1605619E-FollowerState
2023-05-08 09:34:13,867 [om1@group-C5BA1605619E-FollowerState] INFO  server.RaftServer$Division (RaftServerImpl.java:setRole(321)) - om1@group-C5BA1605619E: changes role from  FOLLOWER to CANDIDATE at term 0 for changeToCandidate
2023-05-08 09:34:13,867 [om1@group-C5BA1605619E-FollowerState] INFO  server.RaftServerConfigKeys (ConfUtils.java:logGet(46)) - raft.server.leaderelection.pre-vote = true (default)
2023-05-08 09:34:13,867 [om1@group-C5BA1605619E-FollowerState] INFO  impl.RoleInfo (RoleInfo.java:updateAndGet(139)) - om1: start om1@group-C5BA1605619E-LeaderElection11
2023-05-08 09:34:13,869 [om1@group-C5BA1605619E-LeaderElection11] INFO  impl.LeaderElection (LeaderElection.java:askForVotes(312)) - om1@group-C5BA1605619E-LeaderElection11 PRE_VOTE round 0: submit vote requests at term 0 for -1: peers:[om1|rpc:localhost:9872|priority:0|startupRole:FOLLOWER]|listeners:[], old=null
2023-05-08 09:34:13,870 [om1@group-C5BA1605619E-LeaderElection11] INFO  impl.LeaderElection (LeaderElection.java:askForVotes(314)) - om1@group-C5BA1605619E-LeaderElection11 PRE_VOTE round 0: result PASSED (term=0)
2023-05-08 09:34:13,872 [om1@group-C5BA1605619E-LeaderElection11] INFO  impl.LeaderElection (LeaderElection.java:askForVotes(312)) - om1@group-C5BA1605619E-LeaderElection11 ELECTION round 0: submit vote requests at term 1 for -1: peers:[om1|rpc:localhost:9872|priority:0|startupRole:FOLLOWER]|listeners:[], old=null
2023-05-08 09:34:13,872 [om1@group-C5BA1605619E-LeaderElection11] INFO  impl.LeaderElection (LeaderElection.java:askForVotes(314)) - om1@group-C5BA1605619E-LeaderElection11 ELECTION round 0: result PASSED (term=1)
2023-05-08 09:34:13,872 [om1@group-C5BA1605619E-LeaderElection11] INFO  impl.RoleInfo (RoleInfo.java:shutdownLeaderElection(130)) - om1: shutdown om1@group-C5BA1605619E-LeaderElection11
2023-05-08 09:34:13,872 [om1@group-C5BA1605619E-LeaderElection11] INFO  server.RaftServer$Division (RaftServerImpl.java:setRole(321)) - om1@group-C5BA1605619E: changes role from CANDIDATE to LEADER at term 1 for changeToLeader
2023-05-08 09:34:13,872 [om1@group-C5BA1605619E-LeaderElection11] INFO  server.RaftServer$Division (ServerState.java:setLeader(313)) - om1@group-C5BA1605619E: change Leader from null to om1 at term 1 for becomeLeader, leader elected after 1586ms
2023-05-08 09:34:13,872 [om1@group-C5BA1605619E-LeaderElection11] INFO  server.RaftServerConfigKeys (ConfUtils.java:logGet(46)) - raft.server.staging.catchup.gap = 1000 (default)
2023-05-08 09:34:13,872 [om1@group-C5BA1605619E-LeaderElection11] INFO  server.RaftServerConfigKeys (ConfUtils.java:logGet(46)) - raft.server.write.element-limit = 4096 (default)
2023-05-08 09:34:13,872 [om1@group-C5BA1605619E-LeaderElection11] INFO  server.RaftServerConfigKeys (ConfUtils.java:logGet(46)) - raft.server.write.byte-limit = 64MB (=67108864) (default)
2023-05-08 09:34:13,873 [om1@group-C5BA1605619E-LeaderElection11] INFO  server.RaftServerConfigKeys (ConfUtils.java:logGet(46)) - raft.server.watch.timeout = 10s (default)
2023-05-08 09:34:13,873 [om1@group-C5BA1605619E-LeaderElection11] INFO  server.RaftServerConfigKeys (ConfUtils.java:logGet(46)) - raft.server.watch.timeout.denomination = 1s (default)
2023-05-08 09:34:13,873 [om1@group-C5BA1605619E-LeaderElection11] INFO  server.RaftServerConfigKeys (ConfUtils.java:logGet(46)) - raft.server.watch.element-limit = 65536 (default)
2023-05-08 09:34:13,873 [om1@group-C5BA1605619E-LeaderElection11] INFO  server.RaftServerConfigKeys (ConfUtils.java:logGet(46)) - raft.server.write.element-limit = 4096 (default)
2023-05-08 09:34:13,873 [om1@group-C5BA1605619E-LeaderElection11] INFO  server.RaftServerConfigKeys (ConfUtils.java:logGet(46)) - raft.server.write.follower.gap.ratio.max = -1.0 (default)
2023-05-08 09:34:13,873 [om1@group-C5BA1605619E-LeaderElection11] INFO  impl.RoleInfo (RoleInfo.java:updateAndGet(139)) - om1: start om1@group-C5BA1605619E-LeaderStateImpl
2023-05-08 09:34:13,873 [om1@group-C5BA1605619E-LeaderElection11] INFO  segmented.SegmentedRaftLogWorker (SegmentedRaftLogWorker.java:startLogSegment(452)) - om1@group-C5BA1605619E-SegmentedRaftLogWorker: Starting segment from index:0
2023-05-08 09:34:13,881 [om1@group-C5BA1605619E-LeaderElection11] INFO  server.RaftServer$Division (ServerState.java:setRaftConf(430)) - om1@group-C5BA1605619E: set configuration 0: peers:[om1|rpc:localhost:9872|admin:|client:|dataStream:|priority:0|startupRole:FOLLOWER]|listeners:[], old=null
2023-05-08 09:34:13,885 [om1@group-C5BA1605619E-SegmentedRaftLogWorker] INFO  segmented.SegmentedRaftLogWorker (SegmentedRaftLogWorker.java:execute(656)) - om1@group-C5BA1605619E-SegmentedRaftLogWorker: created new log segment /home/runner/work/ozone/ozone/hadoop-ozone/integration-test/target/test-dir/MiniOzoneClusterImpl-fa43fc2a-bf5b-4c12-844e-0f55669bff2c/ozone-meta/ratis/bf265839-605b-3f16-9796-c5ba1605619e/current/log_inprogress_0
2023-05-08 09:34:13,885 [om1@group-C5BA1605619E-StateMachineUpdater] INFO  ratis.OzoneManagerStateMachine (OzoneManagerStateMachine.java:notifyConfigurationChanged(201)) - Received Configuration change notification from Ratis. New Peer list:
[id: "om1"
address: "localhost:9872"
startupRole: FOLLOWER
]
2023-05-08 09:34:13,914 [Listener at 127.0.0.1/36187] INFO  handler.ContextHandler (ContextHandler.java:doStart(921)) - Started o.e.j.w.WebAppContext@4ec6e474{hddsDatanode,/,file:///home/runner/work/ozone/ozone/hadoop-ozone/integration-test/target/test-dir/MiniOzoneClusterImpl-fa43fc2a-bf5b-4c12-844e-0f55669bff2c/datanode-2/meta/webserver/jetty-0_0_0_0-35643-hdds-container-service-1_4_0-SNAPSHOT_jar-_-any-3532159105281032610/webapp/,AVAILABLE}{jar:file:/home/runner/.m2/repository/org/apache/ozone/hdds-container-service/1.4.0-SNAPSHOT/hdds-container-service-1.4.0-SNAPSHOT.jar!/webapps/hddsDatanode}
2023-05-08 09:34:13,915 [Listener at 127.0.0.1/36187] INFO  server.AbstractConnector (AbstractConnector.java:doStart(333)) - Started ServerConnector@7b27aca6{HTTP/1.1, (http/1.1)}{0.0.0.0:35643}
2023-05-08 09:34:13,915 [Listener at 127.0.0.1/36187] INFO  server.Server (Server.java:doStart(415)) - Started @62022ms
2023-05-08 09:34:13,915 [Listener at 127.0.0.1/36187] WARN  impl.MetricsSystemImpl (MetricsSystemImpl.java:register(279)) - Sink prometheus already exists!
2023-05-08 09:34:13,916 [Listener at 127.0.0.1/36187] INFO  http.BaseHttpServer (BaseHttpServer.java:updateConnectorAddress(344)) - HTTP server of hddsDatanode listening at http://0.0.0.0:35643
2023-05-08 09:34:13,916 [Datanode State Machine Daemon Thread] INFO  statemachine.DatanodeStateMachine (DatanodeStateMachine.java:lambda$startDaemon$0(524)) - Ozone container server started.
2023-05-08 09:34:13,924 [org.apache.hadoop.util.JvmPauseMonitor$Monitor@72b5b81] INFO  util.JvmPauseMonitor (JvmPauseMonitor.java:run(188)) - Starting JVM pause monitor
2023-05-08 09:34:13,924 [Listener at 127.0.0.1/36187] INFO  ozone.MiniOzoneClusterImpl (MiniOzoneClusterImpl.java:lambda$waitForClusterToBeReady$0(224)) - Waiting for nodes to be ready. Got 0 of 3 DN Heartbeats.
2023-05-08 09:34:13,925 [Listener at 127.0.0.1/36187] INFO  ozone.MiniOzoneClusterImpl (MiniOzoneClusterImpl.java:lambda$waitForClusterToBeReady$0(227)) - Waiting for cluster to exit safe mode
2023-05-08 09:34:13,925 [Listener at 127.0.0.1/36187] INFO  ozone.MiniOzoneClusterImpl (MiniOzoneClusterImpl.java:lambda$waitForClusterToBeReady$0(229)) - SCM became leader
2023-05-08 09:34:13,927 [Datanode State Machine Task Thread - 0] INFO  datanode.InitDatanodeState (InitDatanodeState.java:persistContainerDatanodeDetails(138)) - DatanodeDetails is persisted to /home/runner/work/ozone/ozone/hadoop-ozone/integration-test/target/test-dir/MiniOzoneClusterImpl-fa43fc2a-bf5b-4c12-844e-0f55669bff2c/datanode-2/meta/datanode.id
2023-05-08 09:34:14,925 [Listener at 127.0.0.1/36187] INFO  ozone.MiniOzoneClusterImpl (MiniOzoneClusterImpl.java:lambda$waitForClusterToBeReady$0(224)) - Waiting for nodes to be ready. Got 0 of 3 DN Heartbeats.
2023-05-08 09:34:14,925 [Listener at 127.0.0.1/36187] INFO  ozone.MiniOzoneClusterImpl (MiniOzoneClusterImpl.java:lambda$waitForClusterToBeReady$0(227)) - Waiting for cluster to exit safe mode
2023-05-08 09:34:14,925 [Listener at 127.0.0.1/36187] INFO  ozone.MiniOzoneClusterImpl (MiniOzoneClusterImpl.java:lambda$waitForClusterToBeReady$0(229)) - SCM became leader
2023-05-08 09:34:15,280 [EndpointStateMachine task thread for /0.0.0.0:42403 - 0 ] INFO  utils.DatanodeStoreCache (DatanodeStoreCache.java:addDB(58)) - Added db /home/runner/work/ozone/ozone/hadoop-ozone/integration-test/target/test-dir/MiniOzoneClusterImpl-fa43fc2a-bf5b-4c12-844e-0f55669bff2c/datanode-0/data-0/containers/hdds/fa43fc2a-bf5b-4c12-844e-0f55669bff2c/DS-6ad9d5e8-2fee-437c-8220-be4200015ce5/container.db to cache
2023-05-08 09:34:15,280 [EndpointStateMachine task thread for /0.0.0.0:42403 - 0 ] INFO  volume.HddsVolume (HddsVolume.java:createDbStore(350)) - SchemaV3 db is created and loaded at /home/runner/work/ozone/ozone/hadoop-ozone/integration-test/target/test-dir/MiniOzoneClusterImpl-fa43fc2a-bf5b-4c12-844e-0f55669bff2c/datanode-0/data-0/containers/hdds/fa43fc2a-bf5b-4c12-844e-0f55669bff2c/DS-6ad9d5e8-2fee-437c-8220-be4200015ce5/container.db for volume DS-6ad9d5e8-2fee-437c-8220-be4200015ce5
2023-05-08 09:34:15,280 [EndpointStateMachine task thread for /0.0.0.0:42403 - 0 ] INFO  ozoneimpl.OzoneContainer (OzoneContainer.java:start(397)) - Attempting to start container services.
2023-05-08 09:34:15,280 [EndpointStateMachine task thread for /0.0.0.0:42403 - 0 ] INFO  ozoneimpl.OzoneContainer (OzoneContainer.java:startContainerScrub(314)) - Scheduled background container scanners and the on-demand container scanner have been disabled.
2023-05-08 09:34:15,282 [EndpointStateMachine task thread for /0.0.0.0:42403 - 0 ] INFO  replication.ReplicationServer (ReplicationServer.java:start(109)) - ReplicationServer is started using port 46081
2023-05-08 09:34:15,283 [EndpointStateMachine task thread for /0.0.0.0:42403 - 0 ] INFO  ratis.XceiverServerRatis (XceiverServerRatis.java:start(517)) - Starting XceiverServerRatis f5594809-1a1d-480b-9497-2673d29d2595
2023-05-08 09:34:15,284 [EndpointStateMachine task thread for /0.0.0.0:42403 - 0 ] INFO  server.RaftServer (RaftServerProxy.java:startImpl(393)) - f5594809-1a1d-480b-9497-2673d29d2595: start RPC server
2023-05-08 09:34:15,287 [EndpointStateMachine task thread for /0.0.0.0:42403 - 0 ] INFO  server.GrpcService (GrpcService.java:startImpl(262)) - f5594809-1a1d-480b-9497-2673d29d2595: GrpcService started, listening on 42729
2023-05-08 09:34:15,287 [EndpointStateMachine task thread for /0.0.0.0:42403 - 0 ] INFO  ratis.XceiverServerRatis (XceiverServerRatis.java:getRealPort(543)) - XceiverServerRatis f5594809-1a1d-480b-9497-2673d29d2595 is started using port 42729 for RATIS
2023-05-08 09:34:15,287 [JvmPauseMonitor7] INFO  util.JvmPauseMonitor (JvmPauseMonitor.java:run(105)) - JvmPauseMonitor-f5594809-1a1d-480b-9497-2673d29d2595: Started
2023-05-08 09:34:15,287 [EndpointStateMachine task thread for /0.0.0.0:42403 - 0 ] INFO  ratis.XceiverServerRatis (XceiverServerRatis.java:getRealPort(543)) - XceiverServerRatis f5594809-1a1d-480b-9497-2673d29d2595 is started using port 42729 for RATIS_ADMIN
2023-05-08 09:34:15,289 [EndpointStateMachine task thread for /0.0.0.0:42403 - 0 ] INFO  ratis.XceiverServerRatis (XceiverServerRatis.java:getRealPort(543)) - XceiverServerRatis f5594809-1a1d-480b-9497-2673d29d2595 is started using port 42729 for RATIS_SERVER
2023-05-08 09:34:15,289 [EndpointStateMachine task thread for /0.0.0.0:42403 - 0 ] INFO  ratis.XceiverServerRatis (XceiverServerRatis.java:getRealPort(543)) - XceiverServerRatis f5594809-1a1d-480b-9497-2673d29d2595 is started using port 33155 for RATIS_DATASTREAM
2023-05-08 09:34:15,291 [EndpointStateMachine task thread for /0.0.0.0:42403 - 0 ] INFO  server.XceiverServerGrpc (XceiverServerGrpc.java:start(180)) - XceiverServerGrpc f5594809-1a1d-480b-9497-2673d29d2595 is started using port 36941
2023-05-08 09:34:15,292 [BlockDeletingService#0] INFO  interfaces.ContainerDeletionChoosingPolicyTemplate (ContainerDeletionChoosingPolicyTemplate.java:chooseContainerForBlockDeletion(83)) - Chosen 0/5000 blocks from 0 candidate containers.
2023-05-08 09:34:15,614 [EndpointStateMachine task thread for /0.0.0.0:42403 - 0 ] INFO  utils.DatanodeStoreCache (DatanodeStoreCache.java:addDB(58)) - Added db /home/runner/work/ozone/ozone/hadoop-ozone/integration-test/target/test-dir/MiniOzoneClusterImpl-fa43fc2a-bf5b-4c12-844e-0f55669bff2c/datanode-1/data-0/containers/hdds/fa43fc2a-bf5b-4c12-844e-0f55669bff2c/DS-1bbf2b14-0291-405a-bb05-146d991ab94a/container.db to cache
2023-05-08 09:34:15,614 [EndpointStateMachine task thread for /0.0.0.0:42403 - 0 ] INFO  volume.HddsVolume (HddsVolume.java:createDbStore(350)) - SchemaV3 db is created and loaded at /home/runner/work/ozone/ozone/hadoop-ozone/integration-test/target/test-dir/MiniOzoneClusterImpl-fa43fc2a-bf5b-4c12-844e-0f55669bff2c/datanode-1/data-0/containers/hdds/fa43fc2a-bf5b-4c12-844e-0f55669bff2c/DS-1bbf2b14-0291-405a-bb05-146d991ab94a/container.db for volume DS-1bbf2b14-0291-405a-bb05-146d991ab94a
2023-05-08 09:34:15,615 [EndpointStateMachine task thread for /0.0.0.0:42403 - 0 ] INFO  ozoneimpl.OzoneContainer (OzoneContainer.java:start(397)) - Attempting to start container services.
2023-05-08 09:34:15,615 [EndpointStateMachine task thread for /0.0.0.0:42403 - 0 ] INFO  ozoneimpl.OzoneContainer (OzoneContainer.java:startContainerScrub(314)) - Scheduled background container scanners and the on-demand container scanner have been disabled.
2023-05-08 09:34:15,622 [EndpointStateMachine task thread for /0.0.0.0:42403 - 0 ] INFO  replication.ReplicationServer (ReplicationServer.java:start(109)) - ReplicationServer is started using port 39307
2023-05-08 09:34:15,622 [EndpointStateMachine task thread for /0.0.0.0:42403 - 0 ] INFO  ratis.XceiverServerRatis (XceiverServerRatis.java:start(517)) - Starting XceiverServerRatis 8bb737d4-3739-4a89-bbd0-142b4bbbf932
2023-05-08 09:34:15,627 [EndpointStateMachine task thread for /0.0.0.0:42403 - 0 ] INFO  server.RaftServer (RaftServerProxy.java:startImpl(393)) - 8bb737d4-3739-4a89-bbd0-142b4bbbf932: start RPC server
2023-05-08 09:34:15,629 [EndpointStateMachine task thread for /0.0.0.0:42403 - 0 ] INFO  server.GrpcService (GrpcService.java:startImpl(262)) - 8bb737d4-3739-4a89-bbd0-142b4bbbf932: GrpcService started, listening on 40901
2023-05-08 09:34:15,630 [EndpointStateMachine task thread for /0.0.0.0:42403 - 0 ] INFO  ratis.XceiverServerRatis (XceiverServerRatis.java:getRealPort(543)) - XceiverServerRatis 8bb737d4-3739-4a89-bbd0-142b4bbbf932 is started using port 40901 for RATIS
2023-05-08 09:34:15,630 [JvmPauseMonitor8] INFO  util.JvmPauseMonitor (JvmPauseMonitor.java:run(105)) - JvmPauseMonitor-8bb737d4-3739-4a89-bbd0-142b4bbbf932: Started
2023-05-08 09:34:15,630 [EndpointStateMachine task thread for /0.0.0.0:42403 - 0 ] INFO  ratis.XceiverServerRatis (XceiverServerRatis.java:getRealPort(543)) - XceiverServerRatis 8bb737d4-3739-4a89-bbd0-142b4bbbf932 is started using port 40901 for RATIS_ADMIN
2023-05-08 09:34:15,630 [EndpointStateMachine task thread for /0.0.0.0:42403 - 0 ] INFO  ratis.XceiverServerRatis (XceiverServerRatis.java:getRealPort(543)) - XceiverServerRatis 8bb737d4-3739-4a89-bbd0-142b4bbbf932 is started using port 40901 for RATIS_SERVER
2023-05-08 09:34:15,630 [EndpointStateMachine task thread for /0.0.0.0:42403 - 0 ] INFO  ratis.XceiverServerRatis (XceiverServerRatis.java:getRealPort(543)) - XceiverServerRatis 8bb737d4-3739-4a89-bbd0-142b4bbbf932 is started using port 41785 for RATIS_DATASTREAM
2023-05-08 09:34:15,636 [EndpointStateMachine task thread for /0.0.0.0:42403 - 0 ] INFO  server.XceiverServerGrpc (XceiverServerGrpc.java:start(180)) - XceiverServerGrpc 8bb737d4-3739-4a89-bbd0-142b4bbbf932 is started using port 46165
2023-05-08 09:34:15,636 [BlockDeletingService#0] INFO  interfaces.ContainerDeletionChoosingPolicyTemplate (ContainerDeletionChoosingPolicyTemplate.java:chooseContainerForBlockDeletion(83)) - Chosen 0/5000 blocks from 0 candidate containers.
2023-05-08 09:34:15,925 [Listener at 127.0.0.1/36187] INFO  ozone.MiniOzoneClusterImpl (MiniOzoneClusterImpl.java:lambda$waitForClusterToBeReady$0(224)) - Waiting for nodes to be ready. Got 0 of 3 DN Heartbeats.
2023-05-08 09:34:15,925 [Listener at 127.0.0.1/36187] INFO  ozone.MiniOzoneClusterImpl (MiniOzoneClusterImpl.java:lambda$waitForClusterToBeReady$0(227)) - Waiting for cluster to exit safe mode
2023-05-08 09:34:15,925 [Listener at 127.0.0.1/36187] INFO  ozone.MiniOzoneClusterImpl (MiniOzoneClusterImpl.java:lambda$waitForClusterToBeReady$0(229)) - SCM became leader
2023-05-08 09:34:15,962 [EndpointStateMachine task thread for /0.0.0.0:42403 - 0 ] INFO  utils.DatanodeStoreCache (DatanodeStoreCache.java:addDB(58)) - Added db /home/runner/work/ozone/ozone/hadoop-ozone/integration-test/target/test-dir/MiniOzoneClusterImpl-fa43fc2a-bf5b-4c12-844e-0f55669bff2c/datanode-2/data-0/containers/hdds/fa43fc2a-bf5b-4c12-844e-0f55669bff2c/DS-feea9247-06d4-464c-a6d9-a71b5da76688/container.db to cache
2023-05-08 09:34:15,962 [EndpointStateMachine task thread for /0.0.0.0:42403 - 0 ] INFO  volume.HddsVolume (HddsVolume.java:createDbStore(350)) - SchemaV3 db is created and loaded at /home/runner/work/ozone/ozone/hadoop-ozone/integration-test/target/test-dir/MiniOzoneClusterImpl-fa43fc2a-bf5b-4c12-844e-0f55669bff2c/datanode-2/data-0/containers/hdds/fa43fc2a-bf5b-4c12-844e-0f55669bff2c/DS-feea9247-06d4-464c-a6d9-a71b5da76688/container.db for volume DS-feea9247-06d4-464c-a6d9-a71b5da76688
2023-05-08 09:34:15,963 [EndpointStateMachine task thread for /0.0.0.0:42403 - 0 ] INFO  ozoneimpl.OzoneContainer (OzoneContainer.java:start(397)) - Attempting to start container services.
2023-05-08 09:34:15,963 [EndpointStateMachine task thread for /0.0.0.0:42403 - 0 ] INFO  ozoneimpl.OzoneContainer (OzoneContainer.java:startContainerScrub(314)) - Scheduled background container scanners and the on-demand container scanner have been disabled.
2023-05-08 09:34:15,965 [EndpointStateMachine task thread for /0.0.0.0:42403 - 0 ] INFO  replication.ReplicationServer (ReplicationServer.java:start(109)) - ReplicationServer is started using port 39439
2023-05-08 09:34:15,965 [EndpointStateMachine task thread for /0.0.0.0:42403 - 0 ] INFO  ratis.XceiverServerRatis (XceiverServerRatis.java:start(517)) - Starting XceiverServerRatis 31bb0062-e0a6-44a8-8078-5986d8d8cb42
2023-05-08 09:34:15,966 [EndpointStateMachine task thread for /0.0.0.0:42403 - 0 ] INFO  server.RaftServer (RaftServerProxy.java:startImpl(393)) - 31bb0062-e0a6-44a8-8078-5986d8d8cb42: start RPC server
2023-05-08 09:34:15,969 [EndpointStateMachine task thread for /0.0.0.0:42403 - 0 ] INFO  server.GrpcService (GrpcService.java:startImpl(262)) - 31bb0062-e0a6-44a8-8078-5986d8d8cb42: GrpcService started, listening on 33403
2023-05-08 09:34:15,969 [EndpointStateMachine task thread for /0.0.0.0:42403 - 0 ] INFO  ratis.XceiverServerRatis (XceiverServerRatis.java:getRealPort(543)) - XceiverServerRatis 31bb0062-e0a6-44a8-8078-5986d8d8cb42 is started using port 33403 for RATIS
2023-05-08 09:34:15,969 [EndpointStateMachine task thread for /0.0.0.0:42403 - 0 ] INFO  ratis.XceiverServerRatis (XceiverServerRatis.java:getRealPort(543)) - XceiverServerRatis 31bb0062-e0a6-44a8-8078-5986d8d8cb42 is started using port 33403 for RATIS_ADMIN
2023-05-08 09:34:15,969 [EndpointStateMachine task thread for /0.0.0.0:42403 - 0 ] INFO  ratis.XceiverServerRatis (XceiverServerRatis.java:getRealPort(543)) - XceiverServerRatis 31bb0062-e0a6-44a8-8078-5986d8d8cb42 is started using port 33403 for RATIS_SERVER
2023-05-08 09:34:15,969 [EndpointStateMachine task thread for /0.0.0.0:42403 - 0 ] INFO  ratis.XceiverServerRatis (XceiverServerRatis.java:getRealPort(543)) - XceiverServerRatis 31bb0062-e0a6-44a8-8078-5986d8d8cb42 is started using port 36965 for RATIS_DATASTREAM
2023-05-08 09:34:15,969 [JvmPauseMonitor9] INFO  util.JvmPauseMonitor (JvmPauseMonitor.java:run(105)) - JvmPauseMonitor-31bb0062-e0a6-44a8-8078-5986d8d8cb42: Started
2023-05-08 09:34:15,972 [EndpointStateMachine task thread for /0.0.0.0:42403 - 0 ] INFO  server.XceiverServerGrpc (XceiverServerGrpc.java:start(180)) - XceiverServerGrpc 31bb0062-e0a6-44a8-8078-5986d8d8cb42 is started using port 45009
2023-05-08 09:34:15,972 [BlockDeletingService#0] INFO  interfaces.ContainerDeletionChoosingPolicyTemplate (ContainerDeletionChoosingPolicyTemplate.java:chooseContainerForBlockDeletion(83)) - Chosen 0/5000 blocks from 0 candidate containers.
2023-05-08 09:34:16,926 [Listener at 127.0.0.1/36187] INFO  ozone.MiniOzoneClusterImpl (MiniOzoneClusterImpl.java:lambda$waitForClusterToBeReady$0(224)) - Waiting for nodes to be ready. Got 0 of 3 DN Heartbeats.
2023-05-08 09:34:16,926 [Listener at 127.0.0.1/36187] INFO  ozone.MiniOzoneClusterImpl (MiniOzoneClusterImpl.java:lambda$waitForClusterToBeReady$0(227)) - Waiting for cluster to exit safe mode
2023-05-08 09:34:16,926 [Listener at 127.0.0.1/36187] INFO  ozone.MiniOzoneClusterImpl (MiniOzoneClusterImpl.java:lambda$waitForClusterToBeReady$0(229)) - SCM became leader
2023-05-08 09:34:17,247 [IPC Server handler 0 on default port 42403] INFO  net.NetworkTopologyImpl (NetworkTopologyImpl.java:add(112)) - Added a new node: /default-rack/f5594809-1a1d-480b-9497-2673d29d2595
2023-05-08 09:34:17,247 [IPC Server handler 0 on default port 42403] INFO  node.SCMNodeManager (SCMNodeManager.java:register(407)) - Registered Data node : f5594809-1a1d-480b-9497-2673d29d2595{ip: 10.1.0.160, host: fv-az96-539, ports: [HTTP=46357, REPLICATION=46081, RATIS=42729, RATIS_ADMIN=42729, RATIS_SERVER=42729, RATIS_DATASTREAM=33155, STANDALONE=36941], networkLocation: /default-rack, certSerialId: null, persistedOpState: null, persistedOpStateExpiryEpochSec: 0}
2023-05-08 09:34:17,250 [EventQueue-NodeRegistrationContainerReportForDataNodeSafeModeRule] INFO  safemode.SCMSafeModeManager (DataNodeSafeModeRule.java:process(71)) - SCM in safe mode. 1 DataNodes registered, 3 required.
2023-05-08 09:34:17,250 [EventQueue-NodeRegistrationContainerReportForContainerSafeModeRule] INFO  safemode.SCMSafeModeManager (SCMSafeModeManager.java:validateSafeModeExitRules(200)) - ContainerSafeModeRule rule is successfully validated
2023-05-08 09:34:17,252 [EventQueue-NewNodeForNewNodeHandler] INFO  pipeline.BackgroundPipelineCreator (BackgroundPipelineCreator.java:notifyEventTriggered(276)) - trigger a one-shot run on RatisPipelineUtilsThread.
2023-05-08 09:34:17,252 [EventQueue-PipelineReportForOneReplicaPipelineSafeModeRule] INFO  safemode.SCMSafeModeManager (SCMSafeModeManager.java:validateSafeModeExitRules(200)) - AtleastOneDatanodeReportedRule rule is successfully validated
2023-05-08 09:34:17,253 [RatisPipelineUtilsThread - 0] INFO  pipeline.RatisPipelineProvider (RatisPipelineProvider.java:lambda$create$0(206)) - Sending CreatePipelineCommand for pipeline:PipelineID=89efe5a9-869e-4cac-a636-0e38f6b8b936 to datanode:f5594809-1a1d-480b-9497-2673d29d2595
2023-05-08 09:34:17,254 [RatisPipelineUtilsThread - 0] INFO  pipeline.PipelineStateManagerImpl (PipelineStateManagerImpl.java:addPipeline(103)) - Created pipeline Pipeline[ Id: 89efe5a9-869e-4cac-a636-0e38f6b8b936, Nodes: f5594809-1a1d-480b-9497-2673d29d2595(fv-az96-539/10.1.0.160), ReplicationConfig: RATIS/ONE, State:ALLOCATED, leaderId:, CreationTimestamp2023-05-08T09:34:17.253Z[Etc/UTC]].
2023-05-08 09:34:17,581 [IPC Server handler 1 on default port 42403] INFO  net.NetworkTopologyImpl (NetworkTopologyImpl.java:add(112)) - Added a new node: /default-rack/8bb737d4-3739-4a89-bbd0-142b4bbbf932
2023-05-08 09:34:17,581 [IPC Server handler 1 on default port 42403] INFO  node.SCMNodeManager (SCMNodeManager.java:register(407)) - Registered Data node : 8bb737d4-3739-4a89-bbd0-142b4bbbf932{ip: 10.1.0.160, host: fv-az96-539, ports: [HTTP=39127, REPLICATION=39307, RATIS=40901, RATIS_ADMIN=40901, RATIS_SERVER=40901, RATIS_DATASTREAM=41785, STANDALONE=46165], networkLocation: /default-rack, certSerialId: null, persistedOpState: null, persistedOpStateExpiryEpochSec: 0}
2023-05-08 09:34:17,581 [EventQueue-NewNodeForNewNodeHandler] INFO  pipeline.BackgroundPipelineCreator (BackgroundPipelineCreator.java:notifyEventTriggered(276)) - trigger a one-shot run on RatisPipelineUtilsThread.
2023-05-08 09:34:17,581 [EventQueue-NodeRegistrationContainerReportForDataNodeSafeModeRule] INFO  safemode.SCMSafeModeManager (DataNodeSafeModeRule.java:process(71)) - SCM in safe mode. 2 DataNodes registered, 3 required.
2023-05-08 09:34:17,582 [RatisPipelineUtilsThread - 0] INFO  pipeline.RatisPipelineProvider (RatisPipelineProvider.java:lambda$create$0(206)) - Sending CreatePipelineCommand for pipeline:PipelineID=621ac379-ce2d-4860-93ed-50c932f8828d to datanode:8bb737d4-3739-4a89-bbd0-142b4bbbf932
2023-05-08 09:34:17,583 [RatisPipelineUtilsThread - 0] INFO  pipeline.PipelineStateManagerImpl (PipelineStateManagerImpl.java:addPipeline(103)) - Created pipeline Pipeline[ Id: 621ac379-ce2d-4860-93ed-50c932f8828d, Nodes: 8bb737d4-3739-4a89-bbd0-142b4bbbf932(fv-az96-539/10.1.0.160), ReplicationConfig: RATIS/ONE, State:ALLOCATED, leaderId:, CreationTimestamp2023-05-08T09:34:17.582Z[Etc/UTC]].
2023-05-08 09:34:17,926 [IPC Server handler 2 on default port 42403] INFO  net.NetworkTopologyImpl (NetworkTopologyImpl.java:add(112)) - Added a new node: /default-rack/31bb0062-e0a6-44a8-8078-5986d8d8cb42
2023-05-08 09:34:17,926 [Listener at 127.0.0.1/36187] INFO  ozone.MiniOzoneClusterImpl (MiniOzoneClusterImpl.java:lambda$waitForClusterToBeReady$0(224)) - Waiting for nodes to be ready. Got 2 of 3 DN Heartbeats.
2023-05-08 09:34:17,926 [Listener at 127.0.0.1/36187] INFO  ozone.MiniOzoneClusterImpl (MiniOzoneClusterImpl.java:lambda$waitForClusterToBeReady$0(227)) - Waiting for cluster to exit safe mode
2023-05-08 09:34:17,926 [Listener at 127.0.0.1/36187] INFO  ozone.MiniOzoneClusterImpl (MiniOzoneClusterImpl.java:lambda$waitForClusterToBeReady$0(229)) - SCM became leader
2023-05-08 09:34:17,926 [IPC Server handler 2 on default port 42403] INFO  node.SCMNodeManager (SCMNodeManager.java:register(407)) - Registered Data node : 31bb0062-e0a6-44a8-8078-5986d8d8cb42{ip: 10.1.0.160, host: fv-az96-539, ports: [HTTP=35643, REPLICATION=39439, RATIS=33403, RATIS_ADMIN=33403, RATIS_SERVER=33403, RATIS_DATASTREAM=36965, STANDALONE=45009], networkLocation: /default-rack, certSerialId: null, persistedOpState: null, persistedOpStateExpiryEpochSec: 0}
2023-05-08 09:34:17,928 [EventQueue-NodeRegistrationContainerReportForDataNodeSafeModeRule] INFO  safemode.SCMSafeModeManager (DataNodeSafeModeRule.java:process(71)) - SCM in safe mode. 3 DataNodes registered, 3 required.
2023-05-08 09:34:17,928 [EventQueue-NodeRegistrationContainerReportForDataNodeSafeModeRule] INFO  safemode.SCMSafeModeManager (SCMSafeModeManager.java:validateSafeModeExitRules(200)) - DataNodeSafeModeRule rule is successfully validated
2023-05-08 09:34:17,928 [EventQueue-NodeRegistrationContainerReportForDataNodeSafeModeRule] INFO  safemode.SCMSafeModeManager (SCMSafeModeManager.java:completePreCheck(229)) - All SCM safe mode pre check rules have passed
2023-05-08 09:34:17,928 [EventQueue-NodeRegistrationContainerReportForDataNodeSafeModeRule] INFO  ha.SCMContext (SCMContext.java:updateSafeModeStatus(228)) - Update SafeModeStatus from SafeModeStatus{safeModeStatus=true, preCheckPassed=false} to SafeModeStatus{safeModeStatus=true, preCheckPassed=true}.
2023-05-08 09:34:17,928 [EventQueue-NodeRegistrationContainerReportForDataNodeSafeModeRule] INFO  pipeline.BackgroundPipelineCreator (BackgroundPipelineCreator.java:notifyEventTriggered(276)) - trigger a one-shot run on RatisPipelineUtilsThread.
2023-05-08 09:34:17,928 [RatisPipelineUtilsThread - 0] INFO  pipeline.RatisPipelineProvider (RatisPipelineProvider.java:lambda$create$0(206)) - Sending CreatePipelineCommand for pipeline:PipelineID=e1819799-32ec-4bf9-ab7a-6ba7166beddd to datanode:31bb0062-e0a6-44a8-8078-5986d8d8cb42
2023-05-08 09:34:17,928 [EventQueue-NewNodeForNewNodeHandler] INFO  pipeline.BackgroundPipelineCreator (BackgroundPipelineCreator.java:notifyEventTriggered(276)) - trigger a one-shot run on RatisPipelineUtilsThread.
2023-05-08 09:34:17,929 [RatisPipelineUtilsThread - 0] INFO  pipeline.PipelineStateManagerImpl (PipelineStateManagerImpl.java:addPipeline(103)) - Created pipeline Pipeline[ Id: e1819799-32ec-4bf9-ab7a-6ba7166beddd, Nodes: 31bb0062-e0a6-44a8-8078-5986d8d8cb42(fv-az96-539/10.1.0.160), ReplicationConfig: RATIS/ONE, State:ALLOCATED, leaderId:, CreationTimestamp2023-05-08T09:34:17.928Z[Etc/UTC]].
2023-05-08 09:34:17,929 [RatisPipelineUtilsThread - 0] INFO  pipeline.RatisPipelineProvider (RatisPipelineProvider.java:lambda$create$0(206)) - Sending CreatePipelineCommand for pipeline:PipelineID=523f76e4-c63b-4f59-a2ac-2325fe0f4446 to datanode:31bb0062-e0a6-44a8-8078-5986d8d8cb42
2023-05-08 09:34:17,929 [RatisPipelineUtilsThread - 0] INFO  pipeline.RatisPipelineProvider (RatisPipelineProvider.java:lambda$create$0(206)) - Sending CreatePipelineCommand for pipeline:PipelineID=523f76e4-c63b-4f59-a2ac-2325fe0f4446 to datanode:f5594809-1a1d-480b-9497-2673d29d2595
2023-05-08 09:34:17,929 [RatisPipelineUtilsThread - 0] INFO  pipeline.RatisPipelineProvider (RatisPipelineProvider.java:lambda$create$0(206)) - Sending CreatePipelineCommand for pipeline:PipelineID=523f76e4-c63b-4f59-a2ac-2325fe0f4446 to datanode:8bb737d4-3739-4a89-bbd0-142b4bbbf932
2023-05-08 09:34:17,929 [RatisPipelineUtilsThread - 0] INFO  pipeline.PipelineStateManagerImpl (PipelineStateManagerImpl.java:addPipeline(103)) - Created pipeline Pipeline[ Id: 523f76e4-c63b-4f59-a2ac-2325fe0f4446, Nodes: 31bb0062-e0a6-44a8-8078-5986d8d8cb42(fv-az96-539/10.1.0.160)f5594809-1a1d-480b-9497-2673d29d2595(fv-az96-539/10.1.0.160)8bb737d4-3739-4a89-bbd0-142b4bbbf932(fv-az96-539/10.1.0.160), ReplicationConfig: RATIS/THREE, State:ALLOCATED, leaderId:, CreationTimestamp2023-05-08T09:34:17.929Z[Etc/UTC]].
2023-05-08 09:34:17,930 [RatisPipelineUtilsThread - 0] INFO  pipeline.RatisPipelineProvider (RatisPipelineProvider.java:lambda$create$0(206)) - Sending CreatePipelineCommand for pipeline:PipelineID=c60f1d6e-571f-4598-847d-0d7e76f6b348 to datanode:f5594809-1a1d-480b-9497-2673d29d2595
2023-05-08 09:34:17,930 [RatisPipelineUtilsThread - 0] INFO  pipeline.RatisPipelineProvider (RatisPipelineProvider.java:lambda$create$0(206)) - Sending CreatePipelineCommand for pipeline:PipelineID=c60f1d6e-571f-4598-847d-0d7e76f6b348 to datanode:31bb0062-e0a6-44a8-8078-5986d8d8cb42
2023-05-08 09:34:17,930 [RatisPipelineUtilsThread - 0] INFO  pipeline.RatisPipelineProvider (RatisPipelineProvider.java:lambda$create$0(206)) - Sending CreatePipelineCommand for pipeline:PipelineID=c60f1d6e-571f-4598-847d-0d7e76f6b348 to datanode:8bb737d4-3739-4a89-bbd0-142b4bbbf932
2023-05-08 09:34:17,931 [RatisPipelineUtilsThread - 0] INFO  pipeline.PipelineStateManagerImpl (PipelineStateManagerImpl.java:addPipeline(103)) - Created pipeline Pipeline[ Id: c60f1d6e-571f-4598-847d-0d7e76f6b348, Nodes: f5594809-1a1d-480b-9497-2673d29d2595(fv-az96-539/10.1.0.160)31bb0062-e0a6-44a8-8078-5986d8d8cb42(fv-az96-539/10.1.0.160)8bb737d4-3739-4a89-bbd0-142b4bbbf932(fv-az96-539/10.1.0.160), ReplicationConfig: RATIS/THREE, State:ALLOCATED, leaderId:, CreationTimestamp2023-05-08T09:34:17.930Z[Etc/UTC]].
2023-05-08 09:34:17,931 [RatisPipelineUtilsThread - 0] INFO  pipeline.PipelineManagerImpl (PipelineManagerImpl.java:recordMetricsForPipeline(826)) - Pipeline: PipelineID=c60f1d6e-571f-4598-847d-0d7e76f6b348 contains same datanodes as previous pipelines: PipelineID=523f76e4-c63b-4f59-a2ac-2325fe0f4446 nodeIds: f5594809-1a1d-480b-9497-2673d29d2595, 31bb0062-e0a6-44a8-8078-5986d8d8cb42, 8bb737d4-3739-4a89-bbd0-142b4bbbf932
2023-05-08 09:34:17,931 [RatisPipelineUtilsThread - 0] WARN  pipeline.PipelinePlacementPolicy (PipelinePlacementPolicy.java:filterViableNodes(160)) - Pipeline creation failed due to no sufficient healthy datanodes. Required 3. Found 0. Excluded 3.
2023-05-08 09:34:17,932 [RatisPipelineUtilsThread - 0] WARN  pipeline.PipelinePlacementPolicy (PipelinePlacementPolicy.java:filterViableNodes(160)) - Pipeline creation failed due to no sufficient healthy datanodes. Required 3. Found 0. Excluded 3.
2023-05-08 09:34:18,927 [Listener at 127.0.0.1/36187] INFO  ozone.MiniOzoneClusterImpl (MiniOzoneClusterImpl.java:lambda$waitForClusterToBeReady$0(224)) - Nodes are ready. Got 3 of 3 DN Heartbeats.
2023-05-08 09:34:18,927 [Listener at 127.0.0.1/36187] INFO  ozone.MiniOzoneClusterImpl (MiniOzoneClusterImpl.java:lambda$waitForClusterToBeReady$0(227)) - Waiting for cluster to exit safe mode
2023-05-08 09:34:18,927 [Listener at 127.0.0.1/36187] INFO  ozone.MiniOzoneClusterImpl (MiniOzoneClusterImpl.java:lambda$waitForClusterToBeReady$0(229)) - SCM became leader
2023-05-08 09:34:19,927 [Listener at 127.0.0.1/36187] INFO  ozone.MiniOzoneClusterImpl (MiniOzoneClusterImpl.java:lambda$waitForClusterToBeReady$0(224)) - Nodes are ready. Got 3 of 3 DN Heartbeats.
2023-05-08 09:34:19,927 [Listener at 127.0.0.1/36187] INFO  ozone.MiniOzoneClusterImpl (MiniOzoneClusterImpl.java:lambda$waitForClusterToBeReady$0(227)) - Waiting for cluster to exit safe mode
2023-05-08 09:34:19,927 [Listener at 127.0.0.1/36187] INFO  ozone.MiniOzoneClusterImpl (MiniOzoneClusterImpl.java:lambda$waitForClusterToBeReady$0(229)) - SCM became leader
2023-05-08 09:34:20,247 [Command processor thread] INFO  server.RaftServer (RaftServerProxy.java:addNew(96)) - f5594809-1a1d-480b-9497-2673d29d2595: addNew group-0E38F6B8B936:[f5594809-1a1d-480b-9497-2673d29d2595|rpc:10.1.0.160:42729|dataStream:10.1.0.160:33155|priority:1|startupRole:FOLLOWER] returns group-0E38F6B8B936:java.util.concurrent.CompletableFuture@45bf5671[Not completed]
2023-05-08 09:34:20,252 [pool-341-thread-1] INFO  server.RaftServer$Division (RaftServerImpl.java:<init>(195)) - f5594809-1a1d-480b-9497-2673d29d2595: new RaftServerImpl for group-0E38F6B8B936:[f5594809-1a1d-480b-9497-2673d29d2595|rpc:10.1.0.160:42729|dataStream:10.1.0.160:33155|priority:1|startupRole:FOLLOWER] with ContainerStateMachine:uninitialized
2023-05-08 09:34:20,252 [pool-341-thread-1] INFO  server.RaftServerConfigKeys (ConfUtils.java:logGet(46)) - raft.server.rpc.timeout.min = 5s (custom)
2023-05-08 09:34:20,252 [pool-341-thread-1] INFO  server.RaftServerConfigKeys (ConfUtils.java:logGet(46)) - raft.server.rpc.timeout.max = 5200ms (custom)
2023-05-08 09:34:20,252 [pool-341-thread-1] INFO  server.RaftServerConfigKeys (ConfUtils.java:logGet(46)) - raft.server.rpc.sleep.time = 25ms (default)
2023-05-08 09:34:20,252 [pool-341-thread-1] INFO  server.RaftServerConfigKeys (ConfUtils.java:logGet(46)) - raft.server.rpc.slowness.timeout = 300s (custom)
2023-05-08 09:34:20,252 [pool-341-thread-1] INFO  server.RaftServerConfigKeys (ConfUtils.java:logGet(46)) - raft.server.leaderelection.leader.step-down.wait-time = 10s (default)
2023-05-08 09:34:20,253 [pool-341-thread-1] INFO  server.RaftServerConfigKeys (ConfUtils.java:logGet(46)) - raft.server.sleep.deviation.threshold = 300ms (default)
2023-05-08 09:34:20,253 [pool-341-thread-1] INFO  server.RaftServer$Division (ServerState.java:<init>(118)) - f5594809-1a1d-480b-9497-2673d29d2595@group-0E38F6B8B936: ConfigurationManager, init=-1: peers:[f5594809-1a1d-480b-9497-2673d29d2595|rpc:10.1.0.160:42729|dataStream:10.1.0.160:33155|priority:1|startupRole:FOLLOWER]|listeners:[], old=null, confs=<EMPTY_MAP>
2023-05-08 09:34:20,253 [pool-341-thread-1] INFO  server.RaftServerConfigKeys (ConfUtils.java:logGet(46)) - raft.server.storage.dir = [/home/runner/work/ozone/ozone/hadoop-ozone/integration-test/target/test-dir/MiniOzoneClusterImpl-fa43fc2a-bf5b-4c12-844e-0f55669bff2c/datanode-0/data/ratis] (custom)
2023-05-08 09:34:20,253 [pool-341-thread-1] INFO  server.RaftServerConfigKeys (ConfUtils.java:logGet(46)) - raft.server.log.corruption.policy = EXCEPTION (default)
2023-05-08 09:34:20,253 [pool-341-thread-1] INFO  server.RaftServerConfigKeys (ConfUtils.java:logGet(46)) - raft.server.storage.free-space.min = 0MB (=0) (default)
2023-05-08 09:34:20,253 [pool-341-thread-1] INFO  server.RaftServerConfigKeys (ConfUtils.java:logGet(46)) - raft.server.notification.no-leader.timeout = 300s (custom)
2023-05-08 09:34:20,253 [pool-341-thread-1] INFO  server.RaftServerConfigKeys (ConfUtils.java:logGet(46)) - raft.server.retrycache.expirytime = 600000ms (custom)
2023-05-08 09:34:20,253 [pool-341-thread-1] INFO  server.RaftServerConfigKeys (ConfUtils.java:logGet(46)) - raft.server.retrycache.statistics.expirytime = 100μs (default)
2023-05-08 09:34:20,255 [pool-341-thread-1] INFO  server.RaftServerConfigKeys (ConfUtils.java:logGet(46)) - raft.server.log.appender.install.snapshot.enabled = false (custom)
2023-05-08 09:34:20,255 [pool-341-thread-1] INFO  server.RaftServerConfigKeys (ConfUtils.java:logGet(46)) - raft.server.threadpool.server.cached = true (default)
2023-05-08 09:34:20,255 [pool-341-thread-1] INFO  server.RaftServerConfigKeys (ConfUtils.java:logGet(46)) - raft.server.threadpool.server.size = 0 (default)
2023-05-08 09:34:20,255 [pool-341-thread-1] INFO  server.RaftServerConfigKeys (ConfUtils.java:logGet(46)) - raft.server.threadpool.client.cached = true (default)
2023-05-08 09:34:20,255 [pool-341-thread-1] INFO  server.RaftServerConfigKeys (ConfUtils.java:logGet(46)) - raft.server.threadpool.client.size = 0 (default)
2023-05-08 09:34:20,255 [pool-341-thread-1] INFO  storage.RaftStorageDirectory (RaftStorageDirectoryImpl.java:analyzeStorage(137)) - The storage directory /home/runner/work/ozone/ozone/hadoop-ozone/integration-test/target/test-dir/MiniOzoneClusterImpl-fa43fc2a-bf5b-4c12-844e-0f55669bff2c/datanode-0/data/ratis/89efe5a9-869e-4cac-a636-0e38f6b8b936 does not exist. Creating ...
2023-05-08 09:34:20,256 [pool-341-thread-1] INFO  storage.RaftStorageDirectory (RaftStorageDirectoryImpl.java:tryLock(231)) - Lock on /home/runner/work/ozone/ozone/hadoop-ozone/integration-test/target/test-dir/MiniOzoneClusterImpl-fa43fc2a-bf5b-4c12-844e-0f55669bff2c/datanode-0/data/ratis/89efe5a9-869e-4cac-a636-0e38f6b8b936/in_use.lock acquired by nodename 7572@fv-az96-539
2023-05-08 09:34:20,257 [pool-341-thread-1] INFO  storage.RaftStorage (RaftStorageImpl.java:format(96)) - Storage directory /home/runner/work/ozone/ozone/hadoop-ozone/integration-test/target/test-dir/MiniOzoneClusterImpl-fa43fc2a-bf5b-4c12-844e-0f55669bff2c/datanode-0/data/ratis/89efe5a9-869e-4cac-a636-0e38f6b8b936 has been successfully formatted.
2023-05-08 09:34:20,259 [pool-341-thread-1] INFO  ratis.ContainerStateMachine (ContainerStateMachine.java:loadSnapshot(262)) - group-0E38F6B8B936: The snapshot info is null. Setting the last applied indexto:(t:0, i:~)
2023-05-08 09:34:20,259 [pool-341-thread-1] INFO  server.RaftServerConfigKeys (ConfUtils.java:logGet(46)) - raft.server.log.use.memory = false (default)
2023-05-08 09:34:20,259 [pool-341-thread-1] INFO  server.RaftServerConfigKeys (ConfUtils.java:logGet(46)) - raft.server.log.purge.gap = 1000000 (custom)
2023-05-08 09:34:20,259 [pool-341-thread-1] INFO  server.RaftServerConfigKeys (ConfUtils.java:logGet(46)) - raft.server.log.appender.buffer.byte-limit = 33554432 (custom)
2023-05-08 09:34:20,259 [pool-341-thread-1] INFO  server.RaftServerConfigKeys (ConfUtils.java:logGet(46)) - raft.server.log.statemachine.data.read.timeout = 1000ms (default)
2023-05-08 09:34:20,260 [pool-341-thread-1] INFO  server.RaftServerConfigKeys (ConfUtils.java:logGet(46)) - raft.server.log.purge.preservation.log.num = 0 (default)
2023-05-08 09:34:20,260 [EventQueue-PipelineReportForPipelineReportHandler] INFO  pipeline.PipelineManagerImpl (PipelineManagerImpl.java:openPipeline(367)) - Pipeline Pipeline[ Id: 89efe5a9-869e-4cac-a636-0e38f6b8b936, Nodes: f5594809-1a1d-480b-9497-2673d29d2595(fv-az96-539/10.1.0.160), ReplicationConfig: RATIS/ONE, State:ALLOCATED, leaderId:f5594809-1a1d-480b-9497-2673d29d2595, CreationTimestamp2023-05-08T09:34:17.253Z[Etc/UTC]] moved to OPEN state
2023-05-08 09:34:20,260 [pool-341-thread-1] INFO  server.RaftServerConfigKeys (ConfUtils.java:logGet(46)) - raft.server.log.segment.size.max = 1048576 (custom)
2023-05-08 09:34:20,260 [pool-341-thread-1] INFO  server.RaftServerConfigKeys (ConfUtils.java:logGet(46)) - raft.server.log.segment.cache.num.max = 2 (custom)
2023-05-08 09:34:20,260 [pool-341-thread-1] INFO  server.RaftServerConfigKeys (ConfUtils.java:logGet(46)) - raft.server.log.segment.cache.size.max = 200MB (=209715200) (default)
2023-05-08 09:34:20,260 [pool-341-thread-1] INFO  segmented.SegmentedRaftLogWorker (SegmentedRaftLogWorker.java:<init>(189)) - new f5594809-1a1d-480b-9497-2673d29d2595@group-0E38F6B8B936-SegmentedRaftLogWorker for RaftStorageImpl:Storage Directory /home/runner/work/ozone/ozone/hadoop-ozone/integration-test/target/test-dir/MiniOzoneClusterImpl-fa43fc2a-bf5b-4c12-844e-0f55669bff2c/datanode-0/data/ratis/89efe5a9-869e-4cac-a636-0e38f6b8b936
2023-05-08 09:34:20,260 [pool-341-thread-1] INFO  server.RaftServerConfigKeys (ConfUtils.java:logGet(46)) - raft.server.log.queue.byte-limit = 4294967296 (custom)
2023-05-08 09:34:20,260 [pool-341-thread-1] INFO  server.RaftServerConfigKeys (ConfUtils.java:logGet(46)) - raft.server.log.queue.element-limit = 1024 (custom)
2023-05-08 09:34:20,261 [pool-341-thread-1] INFO  server.RaftServerConfigKeys (ConfUtils.java:logGet(46)) - raft.server.log.segment.size.max = 1048576 (custom)
2023-05-08 09:34:20,261 [pool-341-thread-1] INFO  server.RaftServerConfigKeys (ConfUtils.java:logGet(46)) - raft.server.log.preallocated.size = 16384 (custom)
2023-05-08 09:34:20,261 [pool-341-thread-1] INFO  server.RaftServerConfigKeys (ConfUtils.java:logGet(46)) - raft.server.log.force.sync.num = 128 (default)
2023-05-08 09:34:20,261 [pool-341-thread-1] INFO  server.RaftServerConfigKeys (ConfUtils.java:logGet(46)) - raft.server.log.statemachine.data.sync = true (default)
2023-05-08 09:34:20,261 [pool-341-thread-1] INFO  server.RaftServerConfigKeys (ConfUtils.java:logGet(46)) - raft.server.log.statemachine.data.sync.timeout = 10s (default)
2023-05-08 09:34:20,261 [pool-341-thread-1] INFO  server.RaftServerConfigKeys (ConfUtils.java:logGet(46)) - raft.server.log.statemachine.data.sync.timeout.retry = -1 (default)
2023-05-08 09:34:20,264 [pool-341-thread-1] INFO  server.RaftServerConfigKeys (ConfUtils.java:logGet(46)) - raft.server.log.write.buffer.size = 1048576 (custom)
2023-05-08 09:34:20,265 [pool-341-thread-1] INFO  server.RaftServerConfigKeys (ConfUtils.java:logGet(46)) - raft.server.log.appender.buffer.byte-limit = 33554432 (custom)
2023-05-08 09:34:20,270 [pool-341-thread-1] INFO  server.RaftServerConfigKeys (ConfUtils.java:logGet(46)) - raft.server.log.unsafe-flush.enabled = false (default)
2023-05-08 09:34:20,270 [EventQueue-OpenPipelineForHealthyPipelineSafeModeRule] INFO  safemode.SCMSafeModeManager (HealthyPipelineSafeModeRule.java:process(137)) - SCM in safe mode. Healthy pipelines reported count is 0, required healthy pipeline reported count is 1
2023-05-08 09:34:20,270 [pool-341-thread-1] INFO  server.RaftServerConfigKeys (ConfUtils.java:logGet(46)) - raft.server.log.async-flush.enabled = false (default)
2023-05-08 09:34:20,270 [pool-341-thread-1] INFO  server.RaftServerConfigKeys (ConfUtils.java:logGet(46)) - raft.server.log.statemachine.data.caching.enabled = true (custom)
2023-05-08 09:34:20,271 [pool-341-thread-1] INFO  segmented.SegmentedRaftLogWorker (SegmentedRaftLogWorker.java:lambda$new$0(135)) - f5594809-1a1d-480b-9497-2673d29d2595@group-0E38F6B8B936-SegmentedRaftLogWorker: flushIndex: setUnconditionally 0 -> -1
2023-05-08 09:34:20,271 [pool-341-thread-1] INFO  segmented.SegmentedRaftLogWorker (SegmentedRaftLogWorker.java:lambda$new$0(135)) - f5594809-1a1d-480b-9497-2673d29d2595@group-0E38F6B8B936-SegmentedRaftLogWorker: safeCacheEvictIndex: setUnconditionally 0 -> -1
2023-05-08 09:34:20,271 [pool-341-thread-1] INFO  server.RaftServer$Division (RaftServerImpl.java:start(334)) - f5594809-1a1d-480b-9497-2673d29d2595@group-0E38F6B8B936: start as a follower, conf=-1: peers:[f5594809-1a1d-480b-9497-2673d29d2595|rpc:10.1.0.160:42729|dataStream:10.1.0.160:33155|priority:1|startupRole:FOLLOWER]|listeners:[], old=null
2023-05-08 09:34:20,271 [pool-341-thread-1] INFO  server.RaftServer$Division (RaftServerImpl.java:setRole(321)) - f5594809-1a1d-480b-9497-2673d29d2595@group-0E38F6B8B936: changes role from      null to FOLLOWER at term 0 for startAsFollower
2023-05-08 09:34:20,271 [pool-341-thread-1] INFO  impl.RoleInfo (RoleInfo.java:updateAndGet(139)) - f5594809-1a1d-480b-9497-2673d29d2595: start f5594809-1a1d-480b-9497-2673d29d2595@group-0E38F6B8B936-FollowerState
2023-05-08 09:34:20,271 [pool-341-thread-1] INFO  util.JmxRegister (JmxRegister.java:tryRegister(44)) - Successfully registered JMX Bean with object name Ratis:service=RaftServer,group=group-0E38F6B8B936,id=f5594809-1a1d-480b-9497-2673d29d2595
2023-05-08 09:34:20,271 [f5594809-1a1d-480b-9497-2673d29d2595@group-0E38F6B8B936-FollowerState] INFO  server.RaftServerConfigKeys (ConfUtils.java:logFallback(53)) - raft.server.rpc.first-election.timeout.min = 5s (fallback to raft.server.rpc.timeout.min)
2023-05-08 09:34:20,271 [pool-341-thread-1] INFO  server.RaftServerConfigKeys (ConfUtils.java:logGet(46)) - raft.server.snapshot.auto.trigger.enabled = true (custom)
2023-05-08 09:34:20,271 [f5594809-1a1d-480b-9497-2673d29d2595@group-0E38F6B8B936-FollowerState] INFO  server.RaftServerConfigKeys (ConfUtils.java:logFallback(53)) - raft.server.rpc.first-election.timeout.max = 5200ms (fallback to raft.server.rpc.timeout.max)
2023-05-08 09:34:20,271 [pool-341-thread-1] INFO  server.RaftServerConfigKeys (ConfUtils.java:logGet(46)) - raft.server.snapshot.auto.trigger.threshold = 10000 (custom)
2023-05-08 09:34:20,272 [pool-341-thread-1] INFO  server.RaftServerConfigKeys (ConfUtils.java:logGet(46)) - raft.server.snapshot.retention.file.num = 5 (custom)
2023-05-08 09:34:20,272 [pool-341-thread-1] INFO  server.RaftServerConfigKeys (ConfUtils.java:logGet(46)) - raft.server.log.purge.upto.snapshot.index = false (default)
2023-05-08 09:34:20,272 [Command processor thread] INFO  ratis.XceiverServerRatis (XceiverServerRatis.java:addGroup(806)) - Created group PipelineID=89efe5a9-869e-4cac-a636-0e38f6b8b936
2023-05-08 09:34:20,272 [Command processor thread] INFO  commandhandler.CreatePipelineCommandHandler (CreatePipelineCommandHandler.java:handle(113)) - Created Pipeline RATIS ONE PipelineID=89efe5a9-869e-4cac-a636-0e38f6b8b936.
2023-05-08 09:34:20,272 [Command processor thread] INFO  server.RaftServer (RaftServerProxy.java:addNew(96)) - f5594809-1a1d-480b-9497-2673d29d2595: addNew group-2325FE0F4446:[f5594809-1a1d-480b-9497-2673d29d2595|rpc:10.1.0.160:42729|dataStream:10.1.0.160:33155|priority:0|startupRole:FOLLOWER, 8bb737d4-3739-4a89-bbd0-142b4bbbf932|rpc:10.1.0.160:40901|dataStream:10.1.0.160:41785|priority:1|startupRole:FOLLOWER, 31bb0062-e0a6-44a8-8078-5986d8d8cb42|rpc:10.1.0.160:33403|dataStream:10.1.0.160:36965|priority:0|startupRole:FOLLOWER] returns group-2325FE0F4446:java.util.concurrent.CompletableFuture@4180da1e[Not completed]
2023-05-08 09:34:20,273 [pool-341-thread-1] INFO  server.RaftServer$Division (RaftServerImpl.java:<init>(195)) - f5594809-1a1d-480b-9497-2673d29d2595: new RaftServerImpl for group-2325FE0F4446:[f5594809-1a1d-480b-9497-2673d29d2595|rpc:10.1.0.160:42729|dataStream:10.1.0.160:33155|priority:0|startupRole:FOLLOWER, 8bb737d4-3739-4a89-bbd0-142b4bbbf932|rpc:10.1.0.160:40901|dataStream:10.1.0.160:41785|priority:1|startupRole:FOLLOWER, 31bb0062-e0a6-44a8-8078-5986d8d8cb42|rpc:10.1.0.160:33403|dataStream:10.1.0.160:36965|priority:0|startupRole:FOLLOWER] with ContainerStateMachine:uninitialized
2023-05-08 09:34:20,273 [pool-341-thread-1] INFO  server.RaftServerConfigKeys (ConfUtils.java:logGet(46)) - raft.server.rpc.timeout.min = 5s (custom)
2023-05-08 09:34:20,274 [pool-341-thread-1] INFO  server.RaftServerConfigKeys (ConfUtils.java:logGet(46)) - raft.server.rpc.timeout.max = 5200ms (custom)
2023-05-08 09:34:20,274 [pool-341-thread-1] INFO  server.RaftServerConfigKeys (ConfUtils.java:logGet(46)) - raft.server.rpc.sleep.time = 25ms (default)
2023-05-08 09:34:20,274 [pool-341-thread-1] INFO  server.RaftServerConfigKeys (ConfUtils.java:logGet(46)) - raft.server.rpc.slowness.timeout = 300s (custom)
2023-05-08 09:34:20,274 [pool-341-thread-1] INFO  server.RaftServerConfigKeys (ConfUtils.java:logGet(46)) - raft.server.leaderelection.leader.step-down.wait-time = 10s (default)
2023-05-08 09:34:20,274 [pool-341-thread-1] INFO  server.RaftServerConfigKeys (ConfUtils.java:logGet(46)) - raft.server.sleep.deviation.threshold = 300ms (default)
2023-05-08 09:34:20,274 [pool-341-thread-1] INFO  server.RaftServer$Division (ServerState.java:<init>(118)) - f5594809-1a1d-480b-9497-2673d29d2595@group-2325FE0F4446: ConfigurationManager, init=-1: peers:[f5594809-1a1d-480b-9497-2673d29d2595|rpc:10.1.0.160:42729|dataStream:10.1.0.160:33155|priority:0|startupRole:FOLLOWER, 8bb737d4-3739-4a89-bbd0-142b4bbbf932|rpc:10.1.0.160:40901|dataStream:10.1.0.160:41785|priority:1|startupRole:FOLLOWER, 31bb0062-e0a6-44a8-8078-5986d8d8cb42|rpc:10.1.0.160:33403|dataStream:10.1.0.160:36965|priority:0|startupRole:FOLLOWER]|listeners:[], old=null, confs=<EMPTY_MAP>
2023-05-08 09:34:20,274 [pool-341-thread-1] INFO  server.RaftServerConfigKeys (ConfUtils.java:logGet(46)) - raft.server.storage.dir = [/home/runner/work/ozone/ozone/hadoop-ozone/integration-test/target/test-dir/MiniOzoneClusterImpl-fa43fc2a-bf5b-4c12-844e-0f55669bff2c/datanode-0/data/ratis] (custom)
2023-05-08 09:34:20,274 [pool-341-thread-1] INFO  server.RaftServerConfigKeys (ConfUtils.java:logGet(46)) - raft.server.log.corruption.policy = EXCEPTION (default)
2023-05-08 09:34:20,274 [pool-341-thread-1] INFO  server.RaftServerConfigKeys (ConfUtils.java:logGet(46)) - raft.server.storage.free-space.min = 0MB (=0) (default)
2023-05-08 09:34:20,274 [pool-341-thread-1] INFO  server.RaftServerConfigKeys (ConfUtils.java:logGet(46)) - raft.server.notification.no-leader.timeout = 300s (custom)
2023-05-08 09:34:20,274 [pool-341-thread-1] INFO  server.RaftServerConfigKeys (ConfUtils.java:logGet(46)) - raft.server.retrycache.expirytime = 600000ms (custom)
2023-05-08 09:34:20,274 [pool-341-thread-1] INFO  server.RaftServerConfigKeys (ConfUtils.java:logGet(46)) - raft.server.retrycache.statistics.expirytime = 100μs (default)
2023-05-08 09:34:20,275 [pool-341-thread-1] INFO  server.RaftServerConfigKeys (ConfUtils.java:logGet(46)) - raft.server.log.appender.install.snapshot.enabled = false (custom)
2023-05-08 09:34:20,275 [pool-341-thread-1] INFO  server.RaftServerConfigKeys (ConfUtils.java:logGet(46)) - raft.server.threadpool.server.cached = true (default)
2023-05-08 09:34:20,275 [pool-341-thread-1] INFO  server.RaftServerConfigKeys (ConfUtils.java:logGet(46)) - raft.server.threadpool.server.size = 0 (default)
2023-05-08 09:34:20,275 [pool-341-thread-1] INFO  server.RaftServerConfigKeys (ConfUtils.java:logGet(46)) - raft.server.threadpool.client.cached = true (default)
2023-05-08 09:34:20,275 [pool-341-thread-1] INFO  server.RaftServerConfigKeys (ConfUtils.java:logGet(46)) - raft.server.threadpool.client.size = 0 (default)
2023-05-08 09:34:20,275 [pool-341-thread-1] INFO  storage.RaftStorageDirectory (RaftStorageDirectoryImpl.java:analyzeStorage(137)) - The storage directory /home/runner/work/ozone/ozone/hadoop-ozone/integration-test/target/test-dir/MiniOzoneClusterImpl-fa43fc2a-bf5b-4c12-844e-0f55669bff2c/datanode-0/data/ratis/523f76e4-c63b-4f59-a2ac-2325fe0f4446 does not exist. Creating ...
2023-05-08 09:34:20,276 [pool-341-thread-1] INFO  storage.RaftStorageDirectory (RaftStorageDirectoryImpl.java:tryLock(231)) - Lock on /home/runner/work/ozone/ozone/hadoop-ozone/integration-test/target/test-dir/MiniOzoneClusterImpl-fa43fc2a-bf5b-4c12-844e-0f55669bff2c/datanode-0/data/ratis/523f76e4-c63b-4f59-a2ac-2325fe0f4446/in_use.lock acquired by nodename 7572@fv-az96-539
2023-05-08 09:34:20,277 [pool-341-thread-1] INFO  storage.RaftStorage (RaftStorageImpl.java:format(96)) - Storage directory /home/runner/work/ozone/ozone/hadoop-ozone/integration-test/target/test-dir/MiniOzoneClusterImpl-fa43fc2a-bf5b-4c12-844e-0f55669bff2c/datanode-0/data/ratis/523f76e4-c63b-4f59-a2ac-2325fe0f4446 has been successfully formatted.
2023-05-08 09:34:20,278 [pool-341-thread-1] INFO  ratis.ContainerStateMachine (ContainerStateMachine.java:loadSnapshot(262)) - group-2325FE0F4446: The snapshot info is null. Setting the last applied indexto:(t:0, i:~)
2023-05-08 09:34:20,278 [pool-341-thread-1] INFO  server.RaftServerConfigKeys (ConfUtils.java:logGet(46)) - raft.server.log.use.memory = false (default)
2023-05-08 09:34:20,278 [pool-341-thread-1] INFO  server.RaftServerConfigKeys (ConfUtils.java:logGet(46)) - raft.server.log.purge.gap = 1000000 (custom)
2023-05-08 09:34:20,278 [pool-341-thread-1] INFO  server.RaftServerConfigKeys (ConfUtils.java:logGet(46)) - raft.server.log.appender.buffer.byte-limit = 33554432 (custom)
2023-05-08 09:34:20,279 [pool-341-thread-1] INFO  server.RaftServerConfigKeys (ConfUtils.java:logGet(46)) - raft.server.log.statemachine.data.read.timeout = 1000ms (default)
2023-05-08 09:34:20,279 [pool-341-thread-1] INFO  server.RaftServerConfigKeys (ConfUtils.java:logGet(46)) - raft.server.log.purge.preservation.log.num = 0 (default)
2023-05-08 09:34:20,279 [EventQueue-OpenPipelineForHealthyPipelineSafeModeRule] INFO  safemode.SCMSafeModeManager (HealthyPipelineSafeModeRule.java:process(137)) - SCM in safe mode. Healthy pipelines reported count is 0, required healthy pipeline reported count is 1
2023-05-08 09:34:20,279 [pool-341-thread-1] INFO  server.RaftServerConfigKeys (ConfUtils.java:logGet(46)) - raft.server.log.segment.size.max = 1048576 (custom)
2023-05-08 09:34:20,279 [pool-341-thread-1] INFO  server.RaftServerConfigKeys (ConfUtils.java:logGet(46)) - raft.server.log.segment.cache.num.max = 2 (custom)
2023-05-08 09:34:20,279 [pool-341-thread-1] INFO  server.RaftServerConfigKeys (ConfUtils.java:logGet(46)) - raft.server.log.segment.cache.size.max = 200MB (=209715200) (default)
2023-05-08 09:34:20,279 [pool-341-thread-1] INFO  segmented.SegmentedRaftLogWorker (SegmentedRaftLogWorker.java:<init>(189)) - new f5594809-1a1d-480b-9497-2673d29d2595@group-2325FE0F4446-SegmentedRaftLogWorker for RaftStorageImpl:Storage Directory /home/runner/work/ozone/ozone/hadoop-ozone/integration-test/target/test-dir/MiniOzoneClusterImpl-fa43fc2a-bf5b-4c12-844e-0f55669bff2c/datanode-0/data/ratis/523f76e4-c63b-4f59-a2ac-2325fe0f4446
2023-05-08 09:34:20,279 [pool-341-thread-1] INFO  server.RaftServerConfigKeys (ConfUtils.java:logGet(46)) - raft.server.log.queue.byte-limit = 4294967296 (custom)
2023-05-08 09:34:20,279 [pool-341-thread-1] INFO  server.RaftServerConfigKeys (ConfUtils.java:logGet(46)) - raft.server.log.queue.element-limit = 1024 (custom)
2023-05-08 09:34:20,279 [pool-341-thread-1] INFO  server.RaftServerConfigKeys (ConfUtils.java:logGet(46)) - raft.server.log.segment.size.max = 1048576 (custom)
2023-05-08 09:34:20,280 [pool-341-thread-1] INFO  server.RaftServerConfigKeys (ConfUtils.java:logGet(46)) - raft.server.log.preallocated.size = 16384 (custom)
2023-05-08 09:34:20,280 [pool-341-thread-1] INFO  server.RaftServerConfigKeys (ConfUtils.java:logGet(46)) - raft.server.log.force.sync.num = 128 (default)
2023-05-08 09:34:20,280 [pool-341-thread-1] INFO  server.RaftServerConfigKeys (ConfUtils.java:logGet(46)) - raft.server.log.statemachine.data.sync = true (default)
2023-05-08 09:34:20,280 [pool-341-thread-1] INFO  server.RaftServerConfigKeys (ConfUtils.java:logGet(46)) - raft.server.log.statemachine.data.sync.timeout = 10s (default)
2023-05-08 09:34:20,280 [pool-341-thread-1] INFO  server.RaftServerConfigKeys (ConfUtils.java:logGet(46)) - raft.server.log.statemachine.data.sync.timeout.retry = -1 (default)
2023-05-08 09:34:20,280 [pool-341-thread-1] INFO  server.RaftServerConfigKeys (ConfUtils.java:logGet(46)) - raft.server.log.write.buffer.size = 1048576 (custom)
2023-05-08 09:34:20,280 [pool-341-thread-1] INFO  server.RaftServerConfigKeys (ConfUtils.java:logGet(46)) - raft.server.log.appender.buffer.byte-limit = 33554432 (custom)
2023-05-08 09:34:20,285 [pool-341-thread-1] INFO  server.RaftServerConfigKeys (ConfUtils.java:logGet(46)) - raft.server.log.unsafe-flush.enabled = false (default)
2023-05-08 09:34:20,286 [pool-341-thread-1] INFO  server.RaftServerConfigKeys (ConfUtils.java:logGet(46)) - raft.server.log.async-flush.enabled = false (default)
2023-05-08 09:34:20,286 [pool-341-thread-1] INFO  server.RaftServerConfigKeys (ConfUtils.java:logGet(46)) - raft.server.log.statemachine.data.caching.enabled = true (custom)
2023-05-08 09:34:20,286 [pool-341-thread-1] INFO  segmented.SegmentedRaftLogWorker (SegmentedRaftLogWorker.java:lambda$new$0(135)) - f5594809-1a1d-480b-9497-2673d29d2595@group-2325FE0F4446-SegmentedRaftLogWorker: flushIndex: setUnconditionally 0 -> -1
2023-05-08 09:34:20,286 [pool-341-thread-1] INFO  segmented.SegmentedRaftLogWorker (SegmentedRaftLogWorker.java:lambda$new$0(135)) - f5594809-1a1d-480b-9497-2673d29d2595@group-2325FE0F4446-SegmentedRaftLogWorker: safeCacheEvictIndex: setUnconditionally 0 -> -1
2023-05-08 09:34:20,286 [pool-341-thread-1] INFO  server.RaftServer$Division (RaftServerImpl.java:start(334)) - f5594809-1a1d-480b-9497-2673d29d2595@group-2325FE0F4446: start as a follower, conf=-1: peers:[f5594809-1a1d-480b-9497-2673d29d2595|rpc:10.1.0.160:42729|dataStream:10.1.0.160:33155|priority:0|startupRole:FOLLOWER, 8bb737d4-3739-4a89-bbd0-142b4bbbf932|rpc:10.1.0.160:40901|dataStream:10.1.0.160:41785|priority:1|startupRole:FOLLOWER, 31bb0062-e0a6-44a8-8078-5986d8d8cb42|rpc:10.1.0.160:33403|dataStream:10.1.0.160:36965|priority:0|startupRole:FOLLOWER]|listeners:[], old=null
2023-05-08 09:34:20,286 [pool-341-thread-1] INFO  server.RaftServer$Division (RaftServerImpl.java:setRole(321)) - f5594809-1a1d-480b-9497-2673d29d2595@group-2325FE0F4446: changes role from      null to FOLLOWER at term 0 for startAsFollower
2023-05-08 09:34:20,286 [pool-341-thread-1] INFO  impl.RoleInfo (RoleInfo.java:updateAndGet(139)) - f5594809-1a1d-480b-9497-2673d29d2595: start f5594809-1a1d-480b-9497-2673d29d2595@group-2325FE0F4446-FollowerState
2023-05-08 09:34:20,287 [pool-341-thread-1] INFO  util.JmxRegister (JmxRegister.java:tryRegister(44)) - Successfully registered JMX Bean with object name Ratis:service=RaftServer,group=group-2325FE0F4446,id=f5594809-1a1d-480b-9497-2673d29d2595
2023-05-08 09:34:20,287 [f5594809-1a1d-480b-9497-2673d29d2595@group-2325FE0F4446-FollowerState] INFO  server.RaftServerConfigKeys (ConfUtils.java:logFallback(53)) - raft.server.rpc.first-election.timeout.min = 5s (fallback to raft.server.rpc.timeout.min)
2023-05-08 09:34:20,287 [pool-341-thread-1] INFO  server.RaftServerConfigKeys (ConfUtils.java:logGet(46)) - raft.server.snapshot.auto.trigger.enabled = true (custom)
2023-05-08 09:34:20,287 [f5594809-1a1d-480b-9497-2673d29d2595@group-2325FE0F4446-FollowerState] INFO  server.RaftServerConfigKeys (ConfUtils.java:logFallback(53)) - raft.server.rpc.first-election.timeout.max = 5200ms (fallback to raft.server.rpc.timeout.max)
2023-05-08 09:34:20,287 [pool-341-thread-1] INFO  server.RaftServerConfigKeys (ConfUtils.java:logGet(46)) - raft.server.snapshot.auto.trigger.threshold = 10000 (custom)
2023-05-08 09:34:20,287 [pool-341-thread-1] INFO  server.RaftServerConfigKeys (ConfUtils.java:logGet(46)) - raft.server.snapshot.retention.file.num = 5 (custom)
2023-05-08 09:34:20,287 [pool-341-thread-1] INFO  server.RaftServerConfigKeys (ConfUtils.java:logGet(46)) - raft.server.log.purge.upto.snapshot.index = false (default)
2023-05-08 09:34:20,288 [Command processor thread] INFO  ratis.XceiverServerRatis (XceiverServerRatis.java:addGroup(806)) - Created group PipelineID=523f76e4-c63b-4f59-a2ac-2325fe0f4446
2023-05-08 09:34:20,306 [grpc-default-executor-0] INFO  server.RaftServer (RaftServerProxy.java:addNew(96)) - 31bb0062-e0a6-44a8-8078-5986d8d8cb42: addNew group-2325FE0F4446:[f5594809-1a1d-480b-9497-2673d29d2595|rpc:10.1.0.160:42729|dataStream:10.1.0.160:33155|priority:0|startupRole:FOLLOWER, 8bb737d4-3739-4a89-bbd0-142b4bbbf932|rpc:10.1.0.160:40901|dataStream:10.1.0.160:41785|priority:1|startupRole:FOLLOWER, 31bb0062-e0a6-44a8-8078-5986d8d8cb42|rpc:10.1.0.160:33403|dataStream:10.1.0.160:36965|priority:0|startupRole:FOLLOWER] returns group-2325FE0F4446:java.util.concurrent.CompletableFuture@5f2a2b12[Not completed]
2023-05-08 09:34:20,307 [pool-385-thread-1] INFO  server.RaftServer$Division (RaftServerImpl.java:<init>(195)) - 31bb0062-e0a6-44a8-8078-5986d8d8cb42: new RaftServerImpl for group-2325FE0F4446:[f5594809-1a1d-480b-9497-2673d29d2595|rpc:10.1.0.160:42729|dataStream:10.1.0.160:33155|priority:0|startupRole:FOLLOWER, 8bb737d4-3739-4a89-bbd0-142b4bbbf932|rpc:10.1.0.160:40901|dataStream:10.1.0.160:41785|priority:1|startupRole:FOLLOWER, 31bb0062-e0a6-44a8-8078-5986d8d8cb42|rpc:10.1.0.160:33403|dataStream:10.1.0.160:36965|priority:0|startupRole:FOLLOWER] with ContainerStateMachine:uninitialized
2023-05-08 09:34:20,307 [pool-385-thread-1] INFO  server.RaftServerConfigKeys (ConfUtils.java:logGet(46)) - raft.server.rpc.timeout.min = 5s (custom)
2023-05-08 09:34:20,307 [pool-385-thread-1] INFO  server.RaftServerConfigKeys (ConfUtils.java:logGet(46)) - raft.server.rpc.timeout.max = 5200ms (custom)
2023-05-08 09:34:20,307 [pool-385-thread-1] INFO  server.RaftServerConfigKeys (ConfUtils.java:logGet(46)) - raft.server.rpc.sleep.time = 25ms (default)
2023-05-08 09:34:20,307 [pool-385-thread-1] INFO  server.RaftServerConfigKeys (ConfUtils.java:logGet(46)) - raft.server.rpc.slowness.timeout = 300s (custom)
2023-05-08 09:34:20,307 [pool-385-thread-1] INFO  server.RaftServerConfigKeys (ConfUtils.java:logGet(46)) - raft.server.leaderelection.leader.step-down.wait-time = 10s (default)
2023-05-08 09:34:20,307 [pool-385-thread-1] INFO  server.RaftServerConfigKeys (ConfUtils.java:logGet(46)) - raft.server.sleep.deviation.threshold = 300ms (default)
2023-05-08 09:34:20,307 [pool-385-thread-1] INFO  server.RaftServer$Division (ServerState.java:<init>(118)) - 31bb0062-e0a6-44a8-8078-5986d8d8cb42@group-2325FE0F4446: ConfigurationManager, init=-1: peers:[f5594809-1a1d-480b-9497-2673d29d2595|rpc:10.1.0.160:42729|dataStream:10.1.0.160:33155|priority:0|startupRole:FOLLOWER, 8bb737d4-3739-4a89-bbd0-142b4bbbf932|rpc:10.1.0.160:40901|dataStream:10.1.0.160:41785|priority:1|startupRole:FOLLOWER, 31bb0062-e0a6-44a8-8078-5986d8d8cb42|rpc:10.1.0.160:33403|dataStream:10.1.0.160:36965|priority:0|startupRole:FOLLOWER]|listeners:[], old=null, confs=<EMPTY_MAP>
2023-05-08 09:34:20,307 [pool-385-thread-1] INFO  server.RaftServerConfigKeys (ConfUtils.java:logGet(46)) - raft.server.storage.dir = [/home/runner/work/ozone/ozone/hadoop-ozone/integration-test/target/test-dir/MiniOzoneClusterImpl-fa43fc2a-bf5b-4c12-844e-0f55669bff2c/datanode-2/data/ratis] (custom)
2023-05-08 09:34:20,307 [pool-385-thread-1] INFO  server.RaftServerConfigKeys (ConfUtils.java:logGet(46)) - raft.server.log.corruption.policy = EXCEPTION (default)
2023-05-08 09:34:20,307 [pool-385-thread-1] INFO  server.RaftServerConfigKeys (ConfUtils.java:logGet(46)) - raft.server.storage.free-space.min = 0MB (=0) (default)
2023-05-08 09:34:20,308 [pool-385-thread-1] INFO  server.RaftServerConfigKeys (ConfUtils.java:logGet(46)) - raft.server.notification.no-leader.timeout = 300s (custom)
2023-05-08 09:34:20,308 [pool-385-thread-1] INFO  server.RaftServerConfigKeys (ConfUtils.java:logGet(46)) - raft.server.retrycache.expirytime = 600000ms (custom)
2023-05-08 09:34:20,308 [pool-385-thread-1] INFO  server.RaftServerConfigKeys (ConfUtils.java:logGet(46)) - raft.server.retrycache.statistics.expirytime = 100μs (default)
2023-05-08 09:34:20,308 [pool-385-thread-1] INFO  server.RaftServerConfigKeys (ConfUtils.java:logGet(46)) - raft.server.log.appender.install.snapshot.enabled = false (custom)
2023-05-08 09:34:20,309 [pool-385-thread-1] INFO  server.RaftServerConfigKeys (ConfUtils.java:logGet(46)) - raft.server.threadpool.server.cached = true (default)
2023-05-08 09:34:20,309 [pool-385-thread-1] INFO  server.RaftServerConfigKeys (ConfUtils.java:logGet(46)) - raft.server.threadpool.server.size = 0 (default)
2023-05-08 09:34:20,309 [pool-385-thread-1] INFO  server.RaftServerConfigKeys (ConfUtils.java:logGet(46)) - raft.server.threadpool.client.cached = true (default)
2023-05-08 09:34:20,309 [pool-385-thread-1] INFO  server.RaftServerConfigKeys (ConfUtils.java:logGet(46)) - raft.server.threadpool.client.size = 0 (default)
2023-05-08 09:34:20,309 [pool-385-thread-1] INFO  storage.RaftStorageDirectory (RaftStorageDirectoryImpl.java:analyzeStorage(137)) - The storage directory /home/runner/work/ozone/ozone/hadoop-ozone/integration-test/target/test-dir/MiniOzoneClusterImpl-fa43fc2a-bf5b-4c12-844e-0f55669bff2c/datanode-2/data/ratis/523f76e4-c63b-4f59-a2ac-2325fe0f4446 does not exist. Creating ...
2023-05-08 09:34:20,310 [pool-385-thread-1] INFO  storage.RaftStorageDirectory (RaftStorageDirectoryImpl.java:tryLock(231)) - Lock on /home/runner/work/ozone/ozone/hadoop-ozone/integration-test/target/test-dir/MiniOzoneClusterImpl-fa43fc2a-bf5b-4c12-844e-0f55669bff2c/datanode-2/data/ratis/523f76e4-c63b-4f59-a2ac-2325fe0f4446/in_use.lock acquired by nodename 7572@fv-az96-539
2023-05-08 09:34:20,311 [pool-385-thread-1] INFO  storage.RaftStorage (RaftStorageImpl.java:format(96)) - Storage directory /home/runner/work/ozone/ozone/hadoop-ozone/integration-test/target/test-dir/MiniOzoneClusterImpl-fa43fc2a-bf5b-4c12-844e-0f55669bff2c/datanode-2/data/ratis/523f76e4-c63b-4f59-a2ac-2325fe0f4446 has been successfully formatted.
2023-05-08 09:34:20,313 [pool-385-thread-1] INFO  ratis.ContainerStateMachine (ContainerStateMachine.java:loadSnapshot(262)) - group-2325FE0F4446: The snapshot info is null. Setting the last applied indexto:(t:0, i:~)
2023-05-08 09:34:20,313 [pool-385-thread-1] INFO  server.RaftServerConfigKeys (ConfUtils.java:logGet(46)) - raft.server.log.use.memory = false (default)
2023-05-08 09:34:20,313 [pool-385-thread-1] INFO  server.RaftServerConfigKeys (ConfUtils.java:logGet(46)) - raft.server.log.purge.gap = 1000000 (custom)
2023-05-08 09:34:20,313 [pool-385-thread-1] INFO  server.RaftServerConfigKeys (ConfUtils.java:logGet(46)) - raft.server.log.appender.buffer.byte-limit = 33554432 (custom)
2023-05-08 09:34:20,313 [pool-385-thread-1] INFO  server.RaftServerConfigKeys (ConfUtils.java:logGet(46)) - raft.server.log.statemachine.data.read.timeout = 1000ms (default)
2023-05-08 09:34:20,313 [pool-385-thread-1] INFO  server.RaftServerConfigKeys (ConfUtils.java:logGet(46)) - raft.server.log.purge.preservation.log.num = 0 (default)
2023-05-08 09:34:20,314 [pool-385-thread-1] INFO  server.RaftServerConfigKeys (ConfUtils.java:logGet(46)) - raft.server.log.segment.size.max = 1048576 (custom)
2023-05-08 09:34:20,314 [pool-385-thread-1] INFO  server.RaftServerConfigKeys (ConfUtils.java:logGet(46)) - raft.server.log.segment.cache.num.max = 2 (custom)
2023-05-08 09:34:20,314 [pool-385-thread-1] INFO  server.RaftServerConfigKeys (ConfUtils.java:logGet(46)) - raft.server.log.segment.cache.size.max = 200MB (=209715200) (default)
2023-05-08 09:34:20,314 [pool-385-thread-1] INFO  segmented.SegmentedRaftLogWorker (SegmentedRaftLogWorker.java:<init>(189)) - new 31bb0062-e0a6-44a8-8078-5986d8d8cb42@group-2325FE0F4446-SegmentedRaftLogWorker for RaftStorageImpl:Storage Directory /home/runner/work/ozone/ozone/hadoop-ozone/integration-test/target/test-dir/MiniOzoneClusterImpl-fa43fc2a-bf5b-4c12-844e-0f55669bff2c/datanode-2/data/ratis/523f76e4-c63b-4f59-a2ac-2325fe0f4446
2023-05-08 09:34:20,314 [pool-385-thread-1] INFO  server.RaftServerConfigKeys (ConfUtils.java:logGet(46)) - raft.server.log.queue.byte-limit = 4294967296 (custom)
2023-05-08 09:34:20,314 [pool-385-thread-1] INFO  server.RaftServerConfigKeys (ConfUtils.java:logGet(46)) - raft.server.log.queue.element-limit = 1024 (custom)
2023-05-08 09:34:20,314 [pool-385-thread-1] INFO  server.RaftServerConfigKeys (ConfUtils.java:logGet(46)) - raft.server.log.segment.size.max = 1048576 (custom)
2023-05-08 09:34:20,314 [pool-385-thread-1] INFO  server.RaftServerConfigKeys (ConfUtils.java:logGet(46)) - raft.server.log.preallocated.size = 16384 (custom)
2023-05-08 09:34:20,314 [pool-385-thread-1] INFO  server.RaftServerConfigKeys (ConfUtils.java:logGet(46)) - raft.server.log.force.sync.num = 128 (default)
2023-05-08 09:34:20,314 [pool-385-thread-1] INFO  server.RaftServerConfigKeys (ConfUtils.java:logGet(46)) - raft.server.log.statemachine.data.sync = true (default)
2023-05-08 09:34:20,314 [pool-385-thread-1] INFO  server.RaftServerConfigKeys (ConfUtils.java:logGet(46)) - raft.server.log.statemachine.data.sync.timeout = 10s (default)
2023-05-08 09:34:20,314 [pool-385-thread-1] INFO  server.RaftServerConfigKeys (ConfUtils.java:logGet(46)) - raft.server.log.statemachine.data.sync.timeout.retry = -1 (default)
2023-05-08 09:34:20,315 [pool-385-thread-1] INFO  server.RaftServerConfigKeys (ConfUtils.java:logGet(46)) - raft.server.log.write.buffer.size = 1048576 (custom)
2023-05-08 09:34:20,316 [pool-385-thread-1] INFO  server.RaftServerConfigKeys (ConfUtils.java:logGet(46)) - raft.server.log.appender.buffer.byte-limit = 33554432 (custom)
2023-05-08 09:34:20,321 [pool-385-thread-1] INFO  server.RaftServerConfigKeys (ConfUtils.java:logGet(46)) - raft.server.log.unsafe-flush.enabled = false (default)
2023-05-08 09:34:20,321 [pool-385-thread-1] INFO  server.RaftServerConfigKeys (ConfUtils.java:logGet(46)) - raft.server.log.async-flush.enabled = false (default)
2023-05-08 09:34:20,321 [pool-385-thread-1] INFO  server.RaftServerConfigKeys (ConfUtils.java:logGet(46)) - raft.server.log.statemachine.data.caching.enabled = true (custom)
2023-05-08 09:34:20,321 [pool-385-thread-1] INFO  segmented.SegmentedRaftLogWorker (SegmentedRaftLogWorker.java:lambda$new$0(135)) - 31bb0062-e0a6-44a8-8078-5986d8d8cb42@group-2325FE0F4446-SegmentedRaftLogWorker: flushIndex: setUnconditionally 0 -> -1
2023-05-08 09:34:20,321 [pool-385-thread-1] INFO  segmented.SegmentedRaftLogWorker (SegmentedRaftLogWorker.java:lambda$new$0(135)) - 31bb0062-e0a6-44a8-8078-5986d8d8cb42@group-2325FE0F4446-SegmentedRaftLogWorker: safeCacheEvictIndex: setUnconditionally 0 -> -1
2023-05-08 09:34:20,328 [pool-385-thread-1] INFO  server.RaftServer$Division (RaftServerImpl.java:start(334)) - 31bb0062-e0a6-44a8-8078-5986d8d8cb42@group-2325FE0F4446: start as a follower, conf=-1: peers:[f5594809-1a1d-480b-9497-2673d29d2595|rpc:10.1.0.160:42729|dataStream:10.1.0.160:33155|priority:0|startupRole:FOLLOWER, 8bb737d4-3739-4a89-bbd0-142b4bbbf932|rpc:10.1.0.160:40901|dataStream:10.1.0.160:41785|priority:1|startupRole:FOLLOWER, 31bb0062-e0a6-44a8-8078-5986d8d8cb42|rpc:10.1.0.160:33403|dataStream:10.1.0.160:36965|priority:0|startupRole:FOLLOWER]|listeners:[], old=null
2023-05-08 09:34:20,328 [pool-385-thread-1] INFO  server.RaftServer$Division (RaftServerImpl.java:setRole(321)) - 31bb0062-e0a6-44a8-8078-5986d8d8cb42@group-2325FE0F4446: changes role from      null to FOLLOWER at term 0 for startAsFollower
2023-05-08 09:34:20,328 [pool-385-thread-1] INFO  impl.RoleInfo (RoleInfo.java:updateAndGet(139)) - 31bb0062-e0a6-44a8-8078-5986d8d8cb42: start 31bb0062-e0a6-44a8-8078-5986d8d8cb42@group-2325FE0F4446-FollowerState
2023-05-08 09:34:20,328 [pool-385-thread-1] INFO  util.JmxRegister (JmxRegister.java:tryRegister(44)) - Successfully registered JMX Bean with object name Ratis:service=RaftServer,group=group-2325FE0F4446,id=31bb0062-e0a6-44a8-8078-5986d8d8cb42
2023-05-08 09:34:20,328 [pool-385-thread-1] INFO  server.RaftServerConfigKeys (ConfUtils.java:logGet(46)) - raft.server.snapshot.auto.trigger.enabled = true (custom)
2023-05-08 09:34:20,328 [pool-385-thread-1] INFO  server.RaftServerConfigKeys (ConfUtils.java:logGet(46)) - raft.server.snapshot.auto.trigger.threshold = 10000 (custom)
2023-05-08 09:34:20,328 [pool-385-thread-1] INFO  server.RaftServerConfigKeys (ConfUtils.java:logGet(46)) - raft.server.snapshot.retention.file.num = 5 (custom)
2023-05-08 09:34:20,328 [pool-385-thread-1] INFO  server.RaftServerConfigKeys (ConfUtils.java:logGet(46)) - raft.server.log.purge.upto.snapshot.index = false (default)
2023-05-08 09:34:20,332 [31bb0062-e0a6-44a8-8078-5986d8d8cb42@group-2325FE0F4446-FollowerState] INFO  server.RaftServerConfigKeys (ConfUtils.java:logFallback(53)) - raft.server.rpc.first-election.timeout.min = 5s (fallback to raft.server.rpc.timeout.min)
2023-05-08 09:34:20,332 [31bb0062-e0a6-44a8-8078-5986d8d8cb42@group-2325FE0F4446-FollowerState] INFO  server.RaftServerConfigKeys (ConfUtils.java:logFallback(53)) - raft.server.rpc.first-election.timeout.max = 5200ms (fallback to raft.server.rpc.timeout.max)
2023-05-08 09:34:20,363 [grpc-default-executor-0] INFO  server.RaftServer (RaftServerProxy.java:addNew(96)) - 8bb737d4-3739-4a89-bbd0-142b4bbbf932: addNew group-2325FE0F4446:[f5594809-1a1d-480b-9497-2673d29d2595|rpc:10.1.0.160:42729|dataStream:10.1.0.160:33155|priority:0|startupRole:FOLLOWER, 8bb737d4-3739-4a89-bbd0-142b4bbbf932|rpc:10.1.0.160:40901|dataStream:10.1.0.160:41785|priority:1|startupRole:FOLLOWER, 31bb0062-e0a6-44a8-8078-5986d8d8cb42|rpc:10.1.0.160:33403|dataStream:10.1.0.160:36965|priority:0|startupRole:FOLLOWER] returns group-2325FE0F4446:java.util.concurrent.CompletableFuture@40d85a32[Not completed]
2023-05-08 09:34:20,365 [pool-363-thread-1] INFO  server.RaftServer$Division (RaftServerImpl.java:<init>(195)) - 8bb737d4-3739-4a89-bbd0-142b4bbbf932: new RaftServerImpl for group-2325FE0F4446:[f5594809-1a1d-480b-9497-2673d29d2595|rpc:10.1.0.160:42729|dataStream:10.1.0.160:33155|priority:0|startupRole:FOLLOWER, 8bb737d4-3739-4a89-bbd0-142b4bbbf932|rpc:10.1.0.160:40901|dataStream:10.1.0.160:41785|priority:1|startupRole:FOLLOWER, 31bb0062-e0a6-44a8-8078-5986d8d8cb42|rpc:10.1.0.160:33403|dataStream:10.1.0.160:36965|priority:0|startupRole:FOLLOWER] with ContainerStateMachine:uninitialized
2023-05-08 09:34:20,365 [pool-363-thread-1] INFO  server.RaftServerConfigKeys (ConfUtils.java:logGet(46)) - raft.server.rpc.timeout.min = 5s (custom)
2023-05-08 09:34:20,365 [pool-363-thread-1] INFO  server.RaftServerConfigKeys (ConfUtils.java:logGet(46)) - raft.server.rpc.timeout.max = 5200ms (custom)
2023-05-08 09:34:20,365 [pool-363-thread-1] INFO  server.RaftServerConfigKeys (ConfUtils.java:logGet(46)) - raft.server.rpc.sleep.time = 25ms (default)
2023-05-08 09:34:20,365 [pool-363-thread-1] INFO  server.RaftServerConfigKeys (ConfUtils.java:logGet(46)) - raft.server.rpc.slowness.timeout = 300s (custom)
2023-05-08 09:34:20,365 [pool-363-thread-1] INFO  server.RaftServerConfigKeys (ConfUtils.java:logGet(46)) - raft.server.leaderelection.leader.step-down.wait-time = 10s (default)
2023-05-08 09:34:20,365 [pool-363-thread-1] INFO  server.RaftServerConfigKeys (ConfUtils.java:logGet(46)) - raft.server.sleep.deviation.threshold = 300ms (default)
2023-05-08 09:34:20,365 [pool-363-thread-1] INFO  server.RaftServer$Division (ServerState.java:<init>(118)) - 8bb737d4-3739-4a89-bbd0-142b4bbbf932@group-2325FE0F4446: ConfigurationManager, init=-1: peers:[f5594809-1a1d-480b-9497-2673d29d2595|rpc:10.1.0.160:42729|dataStream:10.1.0.160:33155|priority:0|startupRole:FOLLOWER, 8bb737d4-3739-4a89-bbd0-142b4bbbf932|rpc:10.1.0.160:40901|dataStream:10.1.0.160:41785|priority:1|startupRole:FOLLOWER, 31bb0062-e0a6-44a8-8078-5986d8d8cb42|rpc:10.1.0.160:33403|dataStream:10.1.0.160:36965|priority:0|startupRole:FOLLOWER]|listeners:[], old=null, confs=<EMPTY_MAP>
2023-05-08 09:34:20,365 [pool-363-thread-1] INFO  server.RaftServerConfigKeys (ConfUtils.java:logGet(46)) - raft.server.storage.dir = [/home/runner/work/ozone/ozone/hadoop-ozone/integration-test/target/test-dir/MiniOzoneClusterImpl-fa43fc2a-bf5b-4c12-844e-0f55669bff2c/datanode-1/data/ratis] (custom)
2023-05-08 09:34:20,366 [pool-363-thread-1] INFO  server.RaftServerConfigKeys (ConfUtils.java:logGet(46)) - raft.server.log.corruption.policy = EXCEPTION (default)
2023-05-08 09:34:20,366 [pool-363-thread-1] INFO  server.RaftServerConfigKeys (ConfUtils.java:logGet(46)) - raft.server.storage.free-space.min = 0MB (=0) (default)
2023-05-08 09:34:20,366 [pool-363-thread-1] INFO  server.RaftServerConfigKeys (ConfUtils.java:logGet(46)) - raft.server.notification.no-leader.timeout = 300s (custom)
2023-05-08 09:34:20,366 [pool-363-thread-1] INFO  server.RaftServerConfigKeys (ConfUtils.java:logGet(46)) - raft.server.retrycache.expirytime = 600000ms (custom)
2023-05-08 09:34:20,366 [pool-363-thread-1] INFO  server.RaftServerConfigKeys (ConfUtils.java:logGet(46)) - raft.server.retrycache.statistics.expirytime = 100μs (default)
2023-05-08 09:34:20,366 [pool-363-thread-1] INFO  server.RaftServerConfigKeys (ConfUtils.java:logGet(46)) - raft.server.log.appender.install.snapshot.enabled = false (custom)
2023-05-08 09:34:20,366 [pool-363-thread-1] INFO  server.RaftServerConfigKeys (ConfUtils.java:logGet(46)) - raft.server.threadpool.server.cached = true (default)
2023-05-08 09:34:20,367 [pool-363-thread-1] INFO  server.RaftServerConfigKeys (ConfUtils.java:logGet(46)) - raft.server.threadpool.server.size = 0 (default)
2023-05-08 09:34:20,367 [pool-363-thread-1] INFO  server.RaftServerConfigKeys (ConfUtils.java:logGet(46)) - raft.server.threadpool.client.cached = true (default)
2023-05-08 09:34:20,367 [pool-363-thread-1] INFO  server.RaftServerConfigKeys (ConfUtils.java:logGet(46)) - raft.server.threadpool.client.size = 0 (default)
2023-05-08 09:34:20,367 [pool-363-thread-1] INFO  storage.RaftStorageDirectory (RaftStorageDirectoryImpl.java:analyzeStorage(137)) - The storage directory /home/runner/work/ozone/ozone/hadoop-ozone/integration-test/target/test-dir/MiniOzoneClusterImpl-fa43fc2a-bf5b-4c12-844e-0f55669bff2c/datanode-1/data/ratis/523f76e4-c63b-4f59-a2ac-2325fe0f4446 does not exist. Creating ...
2023-05-08 09:34:20,368 [pool-363-thread-1] INFO  storage.RaftStorageDirectory (RaftStorageDirectoryImpl.java:tryLock(231)) - Lock on /home/runner/work/ozone/ozone/hadoop-ozone/integration-test/target/test-dir/MiniOzoneClusterImpl-fa43fc2a-bf5b-4c12-844e-0f55669bff2c/datanode-1/data/ratis/523f76e4-c63b-4f59-a2ac-2325fe0f4446/in_use.lock acquired by nodename 7572@fv-az96-539
2023-05-08 09:34:20,369 [pool-363-thread-1] INFO  storage.RaftStorage (RaftStorageImpl.java:format(96)) - Storage directory /home/runner/work/ozone/ozone/hadoop-ozone/integration-test/target/test-dir/MiniOzoneClusterImpl-fa43fc2a-bf5b-4c12-844e-0f55669bff2c/datanode-1/data/ratis/523f76e4-c63b-4f59-a2ac-2325fe0f4446 has been successfully formatted.
2023-05-08 09:34:20,370 [pool-363-thread-1] INFO  ratis.ContainerStateMachine (ContainerStateMachine.java:loadSnapshot(262)) - group-2325FE0F4446: The snapshot info is null. Setting the last applied indexto:(t:0, i:~)
2023-05-08 09:34:20,370 [pool-363-thread-1] INFO  server.RaftServerConfigKeys (ConfUtils.java:logGet(46)) - raft.server.log.use.memory = false (default)
2023-05-08 09:34:20,370 [pool-363-thread-1] INFO  server.RaftServerConfigKeys (ConfUtils.java:logGet(46)) - raft.server.log.purge.gap = 1000000 (custom)
2023-05-08 09:34:20,370 [pool-363-thread-1] INFO  server.RaftServerConfigKeys (ConfUtils.java:logGet(46)) - raft.server.log.appender.buffer.byte-limit = 33554432 (custom)
2023-05-08 09:34:20,371 [pool-363-thread-1] INFO  server.RaftServerConfigKeys (ConfUtils.java:logGet(46)) - raft.server.log.statemachine.data.read.timeout = 1000ms (default)
2023-05-08 09:34:20,371 [pool-363-thread-1] INFO  server.RaftServerConfigKeys (ConfUtils.java:logGet(46)) - raft.server.log.purge.preservation.log.num = 0 (default)
2023-05-08 09:34:20,371 [pool-363-thread-1] INFO  server.RaftServerConfigKeys (ConfUtils.java:logGet(46)) - raft.server.log.segment.size.max = 1048576 (custom)
2023-05-08 09:34:20,371 [pool-363-thread-1] INFO  server.RaftServerConfigKeys (ConfUtils.java:logGet(46)) - raft.server.log.segment.cache.num.max = 2 (custom)
2023-05-08 09:34:20,371 [pool-363-thread-1] INFO  server.RaftServerConfigKeys (ConfUtils.java:logGet(46)) - raft.server.log.segment.cache.size.max = 200MB (=209715200) (default)
2023-05-08 09:34:20,371 [pool-363-thread-1] INFO  segmented.SegmentedRaftLogWorker (SegmentedRaftLogWorker.java:<init>(189)) - new 8bb737d4-3739-4a89-bbd0-142b4bbbf932@group-2325FE0F4446-SegmentedRaftLogWorker for RaftStorageImpl:Storage Directory /home/runner/work/ozone/ozone/hadoop-ozone/integration-test/target/test-dir/MiniOzoneClusterImpl-fa43fc2a-bf5b-4c12-844e-0f55669bff2c/datanode-1/data/ratis/523f76e4-c63b-4f59-a2ac-2325fe0f4446
2023-05-08 09:34:20,371 [pool-363-thread-1] INFO  server.RaftServerConfigKeys (ConfUtils.java:logGet(46)) - raft.server.log.queue.byte-limit = 4294967296 (custom)
2023-05-08 09:34:20,371 [pool-363-thread-1] INFO  server.RaftServerConfigKeys (ConfUtils.java:logGet(46)) - raft.server.log.queue.element-limit = 1024 (custom)
2023-05-08 09:34:20,372 [pool-363-thread-1] INFO  server.RaftServerConfigKeys (ConfUtils.java:logGet(46)) - raft.server.log.segment.size.max = 1048576 (custom)
2023-05-08 09:34:20,372 [pool-363-thread-1] INFO  server.RaftServerConfigKeys (ConfUtils.java:logGet(46)) - raft.server.log.preallocated.size = 16384 (custom)
2023-05-08 09:34:20,372 [pool-363-thread-1] INFO  server.RaftServerConfigKeys (ConfUtils.java:logGet(46)) - raft.server.log.force.sync.num = 128 (default)
2023-05-08 09:34:20,372 [pool-363-thread-1] INFO  server.RaftServerConfigKeys (ConfUtils.java:logGet(46)) - raft.server.log.statemachine.data.sync = true (default)
2023-05-08 09:34:20,372 [pool-363-thread-1] INFO  server.RaftServerConfigKeys (ConfUtils.java:logGet(46)) - raft.server.log.statemachine.data.sync.timeout = 10s (default)
2023-05-08 09:34:20,372 [pool-363-thread-1] INFO  server.RaftServerConfigKeys (ConfUtils.java:logGet(46)) - raft.server.log.statemachine.data.sync.timeout.retry = -1 (default)
2023-05-08 09:34:20,372 [pool-363-thread-1] INFO  server.RaftServerConfigKeys (ConfUtils.java:logGet(46)) - raft.server.log.write.buffer.size = 1048576 (custom)
2023-05-08 09:34:20,372 [pool-363-thread-1] INFO  server.RaftServerConfigKeys (ConfUtils.java:logGet(46)) - raft.server.log.appender.buffer.byte-limit = 33554432 (custom)
2023-05-08 09:34:20,377 [pool-363-thread-1] INFO  server.RaftServerConfigKeys (ConfUtils.java:logGet(46)) - raft.server.log.unsafe-flush.enabled = false (default)
2023-05-08 09:34:20,377 [pool-363-thread-1] INFO  server.RaftServerConfigKeys (ConfUtils.java:logGet(46)) - raft.server.log.async-flush.enabled = false (default)
2023-05-08 09:34:20,377 [pool-363-thread-1] INFO  server.RaftServerConfigKeys (ConfUtils.java:logGet(46)) - raft.server.log.statemachine.data.caching.enabled = true (custom)
2023-05-08 09:34:20,378 [pool-363-thread-1] INFO  segmented.SegmentedRaftLogWorker (SegmentedRaftLogWorker.java:lambda$new$0(135)) - 8bb737d4-3739-4a89-bbd0-142b4bbbf932@group-2325FE0F4446-SegmentedRaftLogWorker: flushIndex: setUnconditionally 0 -> -1
2023-05-08 09:34:20,378 [pool-363-thread-1] INFO  segmented.SegmentedRaftLogWorker (SegmentedRaftLogWorker.java:lambda$new$0(135)) - 8bb737d4-3739-4a89-bbd0-142b4bbbf932@group-2325FE0F4446-SegmentedRaftLogWorker: safeCacheEvictIndex: setUnconditionally 0 -> -1
2023-05-08 09:34:20,378 [pool-363-thread-1] INFO  server.RaftServer$Division (RaftServerImpl.java:start(334)) - 8bb737d4-3739-4a89-bbd0-142b4bbbf932@group-2325FE0F4446: start as a follower, conf=-1: peers:[f5594809-1a1d-480b-9497-2673d29d2595|rpc:10.1.0.160:42729|dataStream:10.1.0.160:33155|priority:0|startupRole:FOLLOWER, 8bb737d4-3739-4a89-bbd0-142b4bbbf932|rpc:10.1.0.160:40901|dataStream:10.1.0.160:41785|priority:1|startupRole:FOLLOWER, 31bb0062-e0a6-44a8-8078-5986d8d8cb42|rpc:10.1.0.160:33403|dataStream:10.1.0.160:36965|priority:0|startupRole:FOLLOWER]|listeners:[], old=null
2023-05-08 09:34:20,378 [pool-363-thread-1] INFO  server.RaftServer$Division (RaftServerImpl.java:setRole(321)) - 8bb737d4-3739-4a89-bbd0-142b4bbbf932@group-2325FE0F4446: changes role from      null to FOLLOWER at term 0 for startAsFollower
2023-05-08 09:34:20,378 [pool-363-thread-1] INFO  impl.RoleInfo (RoleInfo.java:updateAndGet(139)) - 8bb737d4-3739-4a89-bbd0-142b4bbbf932: start 8bb737d4-3739-4a89-bbd0-142b4bbbf932@group-2325FE0F4446-FollowerState
2023-05-08 09:34:20,378 [pool-363-thread-1] INFO  util.JmxRegister (JmxRegister.java:tryRegister(44)) - Successfully registered JMX Bean with object name Ratis:service=RaftServer,group=group-2325FE0F4446,id=8bb737d4-3739-4a89-bbd0-142b4bbbf932
2023-05-08 09:34:20,378 [pool-363-thread-1] INFO  server.RaftServerConfigKeys (ConfUtils.java:logGet(46)) - raft.server.snapshot.auto.trigger.enabled = true (custom)
2023-05-08 09:34:20,378 [pool-363-thread-1] INFO  server.RaftServerConfigKeys (ConfUtils.java:logGet(46)) - raft.server.snapshot.auto.trigger.threshold = 10000 (custom)
2023-05-08 09:34:20,378 [pool-363-thread-1] INFO  server.RaftServerConfigKeys (ConfUtils.java:logGet(46)) - raft.server.snapshot.retention.file.num = 5 (custom)
2023-05-08 09:34:20,378 [pool-363-thread-1] INFO  server.RaftServerConfigKeys (ConfUtils.java:logGet(46)) - raft.server.log.purge.upto.snapshot.index = false (default)
2023-05-08 09:34:20,379 [8bb737d4-3739-4a89-bbd0-142b4bbbf932@group-2325FE0F4446-FollowerState] INFO  server.RaftServerConfigKeys (ConfUtils.java:logFallback(53)) - raft.server.rpc.first-election.timeout.min = 5s (fallback to raft.server.rpc.timeout.min)
2023-05-08 09:34:20,379 [8bb737d4-3739-4a89-bbd0-142b4bbbf932@group-2325FE0F4446-FollowerState] INFO  server.RaftServerConfigKeys (ConfUtils.java:logFallback(53)) - raft.server.rpc.first-election.timeout.max = 5200ms (fallback to raft.server.rpc.timeout.max)
2023-05-08 09:34:20,388 [Command processor thread] INFO  commandhandler.CreatePipelineCommandHandler (CreatePipelineCommandHandler.java:handle(113)) - Created Pipeline RATIS THREE PipelineID=523f76e4-c63b-4f59-a2ac-2325fe0f4446.
2023-05-08 09:34:20,388 [Command processor thread] INFO  server.RaftServer (RaftServerProxy.java:addNew(96)) - f5594809-1a1d-480b-9497-2673d29d2595: addNew group-0D7E76F6B348:[f5594809-1a1d-480b-9497-2673d29d2595|rpc:10.1.0.160:42729|dataStream:10.1.0.160:33155|priority:0|startupRole:FOLLOWER, 8bb737d4-3739-4a89-bbd0-142b4bbbf932|rpc:10.1.0.160:40901|dataStream:10.1.0.160:41785|priority:0|startupRole:FOLLOWER, 31bb0062-e0a6-44a8-8078-5986d8d8cb42|rpc:10.1.0.160:33403|dataStream:10.1.0.160:36965|priority:1|startupRole:FOLLOWER] returns group-0D7E76F6B348:java.util.concurrent.CompletableFuture@42f5eb89[Not completed]
2023-05-08 09:34:20,389 [pool-341-thread-1] INFO  server.RaftServer$Division (RaftServerImpl.java:<init>(195)) - f5594809-1a1d-480b-9497-2673d29d2595: new RaftServerImpl for group-0D7E76F6B348:[f5594809-1a1d-480b-9497-2673d29d2595|rpc:10.1.0.160:42729|dataStream:10.1.0.160:33155|priority:0|startupRole:FOLLOWER, 8bb737d4-3739-4a89-bbd0-142b4bbbf932|rpc:10.1.0.160:40901|dataStream:10.1.0.160:41785|priority:0|startupRole:FOLLOWER, 31bb0062-e0a6-44a8-8078-5986d8d8cb42|rpc:10.1.0.160:33403|dataStream:10.1.0.160:36965|priority:1|startupRole:FOLLOWER] with ContainerStateMachine:uninitialized
2023-05-08 09:34:20,389 [pool-341-thread-1] INFO  server.RaftServerConfigKeys (ConfUtils.java:logGet(46)) - raft.server.rpc.timeout.min = 5s (custom)
2023-05-08 09:34:20,389 [pool-341-thread-1] INFO  server.RaftServerConfigKeys (ConfUtils.java:logGet(46)) - raft.server.rpc.timeout.max = 5200ms (custom)
2023-05-08 09:34:20,389 [pool-341-thread-1] INFO  server.RaftServerConfigKeys (ConfUtils.java:logGet(46)) - raft.server.rpc.sleep.time = 25ms (default)
2023-05-08 09:34:20,389 [pool-341-thread-1] INFO  server.RaftServerConfigKeys (ConfUtils.java:logGet(46)) - raft.server.rpc.slowness.timeout = 300s (custom)
2023-05-08 09:34:20,389 [pool-341-thread-1] INFO  server.RaftServerConfigKeys (ConfUtils.java:logGet(46)) - raft.server.leaderelection.leader.step-down.wait-time = 10s (default)
2023-05-08 09:34:20,389 [pool-341-thread-1] INFO  server.RaftServerConfigKeys (ConfUtils.java:logGet(46)) - raft.server.sleep.deviation.threshold = 300ms (default)
2023-05-08 09:34:20,389 [pool-341-thread-1] INFO  server.RaftServer$Division (ServerState.java:<init>(118)) - f5594809-1a1d-480b-9497-2673d29d2595@group-0D7E76F6B348: ConfigurationManager, init=-1: peers:[f5594809-1a1d-480b-9497-2673d29d2595|rpc:10.1.0.160:42729|dataStream:10.1.0.160:33155|priority:0|startupRole:FOLLOWER, 8bb737d4-3739-4a89-bbd0-142b4bbbf932|rpc:10.1.0.160:40901|dataStream:10.1.0.160:41785|priority:0|startupRole:FOLLOWER, 31bb0062-e0a6-44a8-8078-5986d8d8cb42|rpc:10.1.0.160:33403|dataStream:10.1.0.160:36965|priority:1|startupRole:FOLLOWER]|listeners:[], old=null, confs=<EMPTY_MAP>
2023-05-08 09:34:20,389 [pool-341-thread-1] INFO  server.RaftServerConfigKeys (ConfUtils.java:logGet(46)) - raft.server.storage.dir = [/home/runner/work/ozone/ozone/hadoop-ozone/integration-test/target/test-dir/MiniOzoneClusterImpl-fa43fc2a-bf5b-4c12-844e-0f55669bff2c/datanode-0/data/ratis] (custom)
2023-05-08 09:34:20,390 [pool-341-thread-1] INFO  server.RaftServerConfigKeys (ConfUtils.java:logGet(46)) - raft.server.log.corruption.policy = EXCEPTION (default)
2023-05-08 09:34:20,390 [pool-341-thread-1] INFO  server.RaftServerConfigKeys (ConfUtils.java:logGet(46)) - raft.server.storage.free-space.min = 0MB (=0) (default)
2023-05-08 09:34:20,390 [pool-341-thread-1] INFO  server.RaftServerConfigKeys (ConfUtils.java:logGet(46)) - raft.server.notification.no-leader.timeout = 300s (custom)
2023-05-08 09:34:20,390 [pool-341-thread-1] INFO  server.RaftServerConfigKeys (ConfUtils.java:logGet(46)) - raft.server.retrycache.expirytime = 600000ms (custom)
2023-05-08 09:34:20,390 [pool-341-thread-1] INFO  server.RaftServerConfigKeys (ConfUtils.java:logGet(46)) - raft.server.retrycache.statistics.expirytime = 100μs (default)
2023-05-08 09:34:20,390 [pool-341-thread-1] INFO  server.RaftServerConfigKeys (ConfUtils.java:logGet(46)) - raft.server.log.appender.install.snapshot.enabled = false (custom)
2023-05-08 09:34:20,390 [pool-341-thread-1] INFO  server.RaftServerConfigKeys (ConfUtils.java:logGet(46)) - raft.server.threadpool.server.cached = true (default)
2023-05-08 09:34:20,390 [pool-341-thread-1] INFO  server.RaftServerConfigKeys (ConfUtils.java:logGet(46)) - raft.server.threadpool.server.size = 0 (default)
2023-05-08 09:34:20,391 [pool-341-thread-1] INFO  server.RaftServerConfigKeys (ConfUtils.java:logGet(46)) - raft.server.threadpool.client.cached = true (default)
2023-05-08 09:34:20,391 [pool-341-thread-1] INFO  server.RaftServerConfigKeys (ConfUtils.java:logGet(46)) - raft.server.threadpool.client.size = 0 (default)
2023-05-08 09:34:20,391 [pool-341-thread-1] INFO  storage.RaftStorageDirectory (RaftStorageDirectoryImpl.java:analyzeStorage(137)) - The storage directory /home/runner/work/ozone/ozone/hadoop-ozone/integration-test/target/test-dir/MiniOzoneClusterImpl-fa43fc2a-bf5b-4c12-844e-0f55669bff2c/datanode-0/data/ratis/c60f1d6e-571f-4598-847d-0d7e76f6b348 does not exist. Creating ...
2023-05-08 09:34:20,392 [pool-341-thread-1] INFO  storage.RaftStorageDirectory (RaftStorageDirectoryImpl.java:tryLock(231)) - Lock on /home/runner/work/ozone/ozone/hadoop-ozone/integration-test/target/test-dir/MiniOzoneClusterImpl-fa43fc2a-bf5b-4c12-844e-0f55669bff2c/datanode-0/data/ratis/c60f1d6e-571f-4598-847d-0d7e76f6b348/in_use.lock acquired by nodename 7572@fv-az96-539
2023-05-08 09:34:20,393 [pool-341-thread-1] INFO  storage.RaftStorage (RaftStorageImpl.java:format(96)) - Storage directory /home/runner/work/ozone/ozone/hadoop-ozone/integration-test/target/test-dir/MiniOzoneClusterImpl-fa43fc2a-bf5b-4c12-844e-0f55669bff2c/datanode-0/data/ratis/c60f1d6e-571f-4598-847d-0d7e76f6b348 has been successfully formatted.
2023-05-08 09:34:20,394 [EventQueue-OpenPipelineForHealthyPipelineSafeModeRule] INFO  safemode.SCMSafeModeManager (HealthyPipelineSafeModeRule.java:process(137)) - SCM in safe mode. Healthy pipelines reported count is 0, required healthy pipeline reported count is 1
2023-05-08 09:34:20,394 [pool-341-thread-1] INFO  ratis.ContainerStateMachine (ContainerStateMachine.java:loadSnapshot(262)) - group-0D7E76F6B348: The snapshot info is null. Setting the last applied indexto:(t:0, i:~)
2023-05-08 09:34:20,394 [pool-341-thread-1] INFO  server.RaftServerConfigKeys (ConfUtils.java:logGet(46)) - raft.server.log.use.memory = false (default)
2023-05-08 09:34:20,394 [pool-341-thread-1] INFO  server.RaftServerConfigKeys (ConfUtils.java:logGet(46)) - raft.server.log.purge.gap = 1000000 (custom)
2023-05-08 09:34:20,394 [pool-341-thread-1] INFO  server.RaftServerConfigKeys (ConfUtils.java:logGet(46)) - raft.server.log.appender.buffer.byte-limit = 33554432 (custom)
2023-05-08 09:34:20,395 [pool-341-thread-1] INFO  server.RaftServerConfigKeys (ConfUtils.java:logGet(46)) - raft.server.log.statemachine.data.read.timeout = 1000ms (default)
2023-05-08 09:34:20,395 [pool-341-thread-1] INFO  server.RaftServerConfigKeys (ConfUtils.java:logGet(46)) - raft.server.log.purge.preservation.log.num = 0 (default)
2023-05-08 09:34:20,395 [pool-341-thread-1] INFO  server.RaftServerConfigKeys (ConfUtils.java:logGet(46)) - raft.server.log.segment.size.max = 1048576 (custom)
2023-05-08 09:34:20,395 [pool-341-thread-1] INFO  server.RaftServerConfigKeys (ConfUtils.java:logGet(46)) - raft.server.log.segment.cache.num.max = 2 (custom)
2023-05-08 09:34:20,395 [pool-341-thread-1] INFO  server.RaftServerConfigKeys (ConfUtils.java:logGet(46)) - raft.server.log.segment.cache.size.max = 200MB (=209715200) (default)
2023-05-08 09:34:20,395 [pool-341-thread-1] INFO  segmented.SegmentedRaftLogWorker (SegmentedRaftLogWorker.java:<init>(189)) - new f5594809-1a1d-480b-9497-2673d29d2595@group-0D7E76F6B348-SegmentedRaftLogWorker for RaftStorageImpl:Storage Directory /home/runner/work/ozone/ozone/hadoop-ozone/integration-test/target/test-dir/MiniOzoneClusterImpl-fa43fc2a-bf5b-4c12-844e-0f55669bff2c/datanode-0/data/ratis/c60f1d6e-571f-4598-847d-0d7e76f6b348
2023-05-08 09:34:20,395 [pool-341-thread-1] INFO  server.RaftServerConfigKeys (ConfUtils.java:logGet(46)) - raft.server.log.queue.byte-limit = 4294967296 (custom)
2023-05-08 09:34:20,395 [pool-341-thread-1] INFO  server.RaftServerConfigKeys (ConfUtils.java:logGet(46)) - raft.server.log.queue.element-limit = 1024 (custom)
2023-05-08 09:34:20,395 [pool-341-thread-1] INFO  server.RaftServerConfigKeys (ConfUtils.java:logGet(46)) - raft.server.log.segment.size.max = 1048576 (custom)
2023-05-08 09:34:20,395 [pool-341-thread-1] INFO  server.RaftServerConfigKeys (ConfUtils.java:logGet(46)) - raft.server.log.preallocated.size = 16384 (custom)
2023-05-08 09:34:20,395 [pool-341-thread-1] INFO  server.RaftServerConfigKeys (ConfUtils.java:logGet(46)) - raft.server.log.force.sync.num = 128 (default)
2023-05-08 09:34:20,395 [pool-341-thread-1] INFO  server.RaftServerConfigKeys (ConfUtils.java:logGet(46)) - raft.server.log.statemachine.data.sync = true (default)
2023-05-08 09:34:20,395 [pool-341-thread-1] INFO  server.RaftServerConfigKeys (ConfUtils.java:logGet(46)) - raft.server.log.statemachine.data.sync.timeout = 10s (default)
2023-05-08 09:34:20,395 [pool-341-thread-1] INFO  server.RaftServerConfigKeys (ConfUtils.java:logGet(46)) - raft.server.log.statemachine.data.sync.timeout.retry = -1 (default)
2023-05-08 09:34:20,396 [pool-341-thread-1] INFO  server.RaftServerConfigKeys (ConfUtils.java:logGet(46)) - raft.server.log.write.buffer.size = 1048576 (custom)
2023-05-08 09:34:20,396 [pool-341-thread-1] INFO  server.RaftServerConfigKeys (ConfUtils.java:logGet(46)) - raft.server.log.appender.buffer.byte-limit = 33554432 (custom)
2023-05-08 09:34:20,401 [pool-341-thread-1] INFO  server.RaftServerConfigKeys (ConfUtils.java:logGet(46)) - raft.server.log.unsafe-flush.enabled = false (default)
2023-05-08 09:34:20,401 [pool-341-thread-1] INFO  server.RaftServerConfigKeys (ConfUtils.java:logGet(46)) - raft.server.log.async-flush.enabled = false (default)
2023-05-08 09:34:20,401 [pool-341-thread-1] INFO  server.RaftServerConfigKeys (ConfUtils.java:logGet(46)) - raft.server.log.statemachine.data.caching.enabled = true (custom)
2023-05-08 09:34:20,401 [pool-341-thread-1] INFO  segmented.SegmentedRaftLogWorker (SegmentedRaftLogWorker.java:lambda$new$0(135)) - f5594809-1a1d-480b-9497-2673d29d2595@group-0D7E76F6B348-SegmentedRaftLogWorker: flushIndex: setUnconditionally 0 -> -1
2023-05-08 09:34:20,401 [pool-341-thread-1] INFO  segmented.SegmentedRaftLogWorker (SegmentedRaftLogWorker.java:lambda$new$0(135)) - f5594809-1a1d-480b-9497-2673d29d2595@group-0D7E76F6B348-SegmentedRaftLogWorker: safeCacheEvictIndex: setUnconditionally 0 -> -1
2023-05-08 09:34:20,401 [pool-341-thread-1] INFO  server.RaftServer$Division (RaftServerImpl.java:start(334)) - f5594809-1a1d-480b-9497-2673d29d2595@group-0D7E76F6B348: start as a follower, conf=-1: peers:[f5594809-1a1d-480b-9497-2673d29d2595|rpc:10.1.0.160:42729|dataStream:10.1.0.160:33155|priority:0|startupRole:FOLLOWER, 8bb737d4-3739-4a89-bbd0-142b4bbbf932|rpc:10.1.0.160:40901|dataStream:10.1.0.160:41785|priority:0|startupRole:FOLLOWER, 31bb0062-e0a6-44a8-8078-5986d8d8cb42|rpc:10.1.0.160:33403|dataStream:10.1.0.160:36965|priority:1|startupRole:FOLLOWER]|listeners:[], old=null
2023-05-08 09:34:20,401 [pool-341-thread-1] INFO  server.RaftServer$Division (RaftServerImpl.java:setRole(321)) - f5594809-1a1d-480b-9497-2673d29d2595@group-0D7E76F6B348: changes role from      null to FOLLOWER at term 0 for startAsFollower
2023-05-08 09:34:20,402 [pool-341-thread-1] INFO  impl.RoleInfo (RoleInfo.java:updateAndGet(139)) - f5594809-1a1d-480b-9497-2673d29d2595: start f5594809-1a1d-480b-9497-2673d29d2595@group-0D7E76F6B348-FollowerState
2023-05-08 09:34:20,404 [pool-341-thread-1] INFO  util.JmxRegister (JmxRegister.java:tryRegister(44)) - Successfully registered JMX Bean with object name Ratis:service=RaftServer,group=group-0D7E76F6B348,id=f5594809-1a1d-480b-9497-2673d29d2595
2023-05-08 09:34:20,404 [pool-341-thread-1] INFO  server.RaftServerConfigKeys (ConfUtils.java:logGet(46)) - raft.server.snapshot.auto.trigger.enabled = true (custom)
2023-05-08 09:34:20,404 [pool-341-thread-1] INFO  server.RaftServerConfigKeys (ConfUtils.java:logGet(46)) - raft.server.snapshot.auto.trigger.threshold = 10000 (custom)
2023-05-08 09:34:20,404 [pool-341-thread-1] INFO  server.RaftServerConfigKeys (ConfUtils.java:logGet(46)) - raft.server.snapshot.retention.file.num = 5 (custom)
2023-05-08 09:34:20,404 [pool-341-thread-1] INFO  server.RaftServerConfigKeys (ConfUtils.java:logGet(46)) - raft.server.log.purge.upto.snapshot.index = false (default)
2023-05-08 09:34:20,405 [f5594809-1a1d-480b-9497-2673d29d2595@group-0D7E76F6B348-FollowerState] INFO  server.RaftServerConfigKeys (ConfUtils.java:logFallback(53)) - raft.server.rpc.first-election.timeout.min = 5s (fallback to raft.server.rpc.timeout.min)
2023-05-08 09:34:20,405 [f5594809-1a1d-480b-9497-2673d29d2595@group-0D7E76F6B348-FollowerState] INFO  server.RaftServerConfigKeys (ConfUtils.java:logFallback(53)) - raft.server.rpc.first-election.timeout.max = 5200ms (fallback to raft.server.rpc.timeout.max)
2023-05-08 09:34:20,407 [Command processor thread] INFO  ratis.XceiverServerRatis (XceiverServerRatis.java:addGroup(806)) - Created group PipelineID=c60f1d6e-571f-4598-847d-0d7e76f6b348
2023-05-08 09:34:20,419 [grpc-default-executor-0] INFO  server.RaftServer (RaftServerProxy.java:addNew(96)) - 31bb0062-e0a6-44a8-8078-5986d8d8cb42: addNew group-0D7E76F6B348:[f5594809-1a1d-480b-9497-2673d29d2595|rpc:10.1.0.160:42729|dataStream:10.1.0.160:33155|priority:0|startupRole:FOLLOWER, 8bb737d4-3739-4a89-bbd0-142b4bbbf932|rpc:10.1.0.160:40901|dataStream:10.1.0.160:41785|priority:0|startupRole:FOLLOWER, 31bb0062-e0a6-44a8-8078-5986d8d8cb42|rpc:10.1.0.160:33403|dataStream:10.1.0.160:36965|priority:1|startupRole:FOLLOWER] returns group-0D7E76F6B348:java.util.concurrent.CompletableFuture@56c198cf[Not completed]
2023-05-08 09:34:20,420 [pool-385-thread-1] INFO  server.RaftServer$Division (RaftServerImpl.java:<init>(195)) - 31bb0062-e0a6-44a8-8078-5986d8d8cb42: new RaftServerImpl for group-0D7E76F6B348:[f5594809-1a1d-480b-9497-2673d29d2595|rpc:10.1.0.160:42729|dataStream:10.1.0.160:33155|priority:0|startupRole:FOLLOWER, 8bb737d4-3739-4a89-bbd0-142b4bbbf932|rpc:10.1.0.160:40901|dataStream:10.1.0.160:41785|priority:0|startupRole:FOLLOWER, 31bb0062-e0a6-44a8-8078-5986d8d8cb42|rpc:10.1.0.160:33403|dataStream:10.1.0.160:36965|priority:1|startupRole:FOLLOWER] with ContainerStateMachine:uninitialized
2023-05-08 09:34:20,420 [pool-385-thread-1] INFO  server.RaftServerConfigKeys (ConfUtils.java:logGet(46)) - raft.server.rpc.timeout.min = 5s (custom)
2023-05-08 09:34:20,420 [pool-385-thread-1] INFO  server.RaftServerConfigKeys (ConfUtils.java:logGet(46)) - raft.server.rpc.timeout.max = 5200ms (custom)
2023-05-08 09:34:20,420 [pool-385-thread-1] INFO  server.RaftServerConfigKeys (ConfUtils.java:logGet(46)) - raft.server.rpc.sleep.time = 25ms (default)
2023-05-08 09:34:20,420 [pool-385-thread-1] INFO  server.RaftServerConfigKeys (ConfUtils.java:logGet(46)) - raft.server.rpc.slowness.timeout = 300s (custom)
2023-05-08 09:34:20,420 [pool-385-thread-1] INFO  server.RaftServerConfigKeys (ConfUtils.java:logGet(46)) - raft.server.leaderelection.leader.step-down.wait-time = 10s (default)
2023-05-08 09:34:20,420 [pool-385-thread-1] INFO  server.RaftServerConfigKeys (ConfUtils.java:logGet(46)) - raft.server.sleep.deviation.threshold = 300ms (default)
2023-05-08 09:34:20,420 [pool-385-thread-1] INFO  server.RaftServer$Division (ServerState.java:<init>(118)) - 31bb0062-e0a6-44a8-8078-5986d8d8cb42@group-0D7E76F6B348: ConfigurationManager, init=-1: peers:[f5594809-1a1d-480b-9497-2673d29d2595|rpc:10.1.0.160:42729|dataStream:10.1.0.160:33155|priority:0|startupRole:FOLLOWER, 8bb737d4-3739-4a89-bbd0-142b4bbbf932|rpc:10.1.0.160:40901|dataStream:10.1.0.160:41785|priority:0|startupRole:FOLLOWER, 31bb0062-e0a6-44a8-8078-5986d8d8cb42|rpc:10.1.0.160:33403|dataStream:10.1.0.160:36965|priority:1|startupRole:FOLLOWER]|listeners:[], old=null, confs=<EMPTY_MAP>
2023-05-08 09:34:20,420 [pool-385-thread-1] INFO  server.RaftServerConfigKeys (ConfUtils.java:logGet(46)) - raft.server.storage.dir = [/home/runner/work/ozone/ozone/hadoop-ozone/integration-test/target/test-dir/MiniOzoneClusterImpl-fa43fc2a-bf5b-4c12-844e-0f55669bff2c/datanode-2/data/ratis] (custom)
2023-05-08 09:34:20,420 [pool-385-thread-1] INFO  server.RaftServerConfigKeys (ConfUtils.java:logGet(46)) - raft.server.log.corruption.policy = EXCEPTION (default)
2023-05-08 09:34:20,420 [pool-385-thread-1] INFO  server.RaftServerConfigKeys (ConfUtils.java:logGet(46)) - raft.server.storage.free-space.min = 0MB (=0) (default)
2023-05-08 09:34:20,420 [pool-385-thread-1] INFO  server.RaftServerConfigKeys (ConfUtils.java:logGet(46)) - raft.server.notification.no-leader.timeout = 300s (custom)
2023-05-08 09:34:20,420 [pool-385-thread-1] INFO  server.RaftServerConfigKeys (ConfUtils.java:logGet(46)) - raft.server.retrycache.expirytime = 600000ms (custom)
2023-05-08 09:34:20,420 [pool-385-thread-1] INFO  server.RaftServerConfigKeys (ConfUtils.java:logGet(46)) - raft.server.retrycache.statistics.expirytime = 100μs (default)
2023-05-08 09:34:20,421 [pool-385-thread-1] INFO  server.RaftServerConfigKeys (ConfUtils.java:logGet(46)) - raft.server.log.appender.install.snapshot.enabled = false (custom)
2023-05-08 09:34:20,421 [pool-385-thread-1] INFO  server.RaftServerConfigKeys (ConfUtils.java:logGet(46)) - raft.server.threadpool.server.cached = true (default)
2023-05-08 09:34:20,421 [pool-385-thread-1] INFO  server.RaftServerConfigKeys (ConfUtils.java:logGet(46)) - raft.server.threadpool.server.size = 0 (default)
2023-05-08 09:34:20,421 [pool-385-thread-1] INFO  server.RaftServerConfigKeys (ConfUtils.java:logGet(46)) - raft.server.threadpool.client.cached = true (default)
2023-05-08 09:34:20,421 [pool-385-thread-1] INFO  server.RaftServerConfigKeys (ConfUtils.java:logGet(46)) - raft.server.threadpool.client.size = 0 (default)
2023-05-08 09:34:20,421 [pool-385-thread-1] INFO  storage.RaftStorageDirectory (RaftStorageDirectoryImpl.java:analyzeStorage(137)) - The storage directory /home/runner/work/ozone/ozone/hadoop-ozone/integration-test/target/test-dir/MiniOzoneClusterImpl-fa43fc2a-bf5b-4c12-844e-0f55669bff2c/datanode-2/data/ratis/c60f1d6e-571f-4598-847d-0d7e76f6b348 does not exist. Creating ...
2023-05-08 09:34:20,423 [pool-385-thread-1] INFO  storage.RaftStorageDirectory (RaftStorageDirectoryImpl.java:tryLock(231)) - Lock on /home/runner/work/ozone/ozone/hadoop-ozone/integration-test/target/test-dir/MiniOzoneClusterImpl-fa43fc2a-bf5b-4c12-844e-0f55669bff2c/datanode-2/data/ratis/c60f1d6e-571f-4598-847d-0d7e76f6b348/in_use.lock acquired by nodename 7572@fv-az96-539
2023-05-08 09:34:20,424 [pool-385-thread-1] INFO  storage.RaftStorage (RaftStorageImpl.java:format(96)) - Storage directory /home/runner/work/ozone/ozone/hadoop-ozone/integration-test/target/test-dir/MiniOzoneClusterImpl-fa43fc2a-bf5b-4c12-844e-0f55669bff2c/datanode-2/data/ratis/c60f1d6e-571f-4598-847d-0d7e76f6b348 has been successfully formatted.
2023-05-08 09:34:20,425 [pool-385-thread-1] INFO  ratis.ContainerStateMachine (ContainerStateMachine.java:loadSnapshot(262)) - group-0D7E76F6B348: The snapshot info is null. Setting the last applied indexto:(t:0, i:~)
2023-05-08 09:34:20,425 [pool-385-thread-1] INFO  server.RaftServerConfigKeys (ConfUtils.java:logGet(46)) - raft.server.log.use.memory = false (default)
2023-05-08 09:34:20,425 [pool-385-thread-1] INFO  server.RaftServerConfigKeys (ConfUtils.java:logGet(46)) - raft.server.log.purge.gap = 1000000 (custom)
2023-05-08 09:34:20,425 [pool-385-thread-1] INFO  server.RaftServerConfigKeys (ConfUtils.java:logGet(46)) - raft.server.log.appender.buffer.byte-limit = 33554432 (custom)
2023-05-08 09:34:20,425 [pool-385-thread-1] INFO  server.RaftServerConfigKeys (ConfUtils.java:logGet(46)) - raft.server.log.statemachine.data.read.timeout = 1000ms (default)
2023-05-08 09:34:20,425 [pool-385-thread-1] INFO  server.RaftServerConfigKeys (ConfUtils.java:logGet(46)) - raft.server.log.purge.preservation.log.num = 0 (default)
2023-05-08 09:34:20,425 [pool-385-thread-1] INFO  server.RaftServerConfigKeys (ConfUtils.java:logGet(46)) - raft.server.log.segment.size.max = 1048576 (custom)
2023-05-08 09:34:20,426 [pool-385-thread-1] INFO  server.RaftServerConfigKeys (ConfUtils.java:logGet(46)) - raft.server.log.segment.cache.num.max = 2 (custom)
2023-05-08 09:34:20,426 [pool-385-thread-1] INFO  server.RaftServerConfigKeys (ConfUtils.java:logGet(46)) - raft.server.log.segment.cache.size.max = 200MB (=209715200) (default)
2023-05-08 09:34:20,426 [pool-385-thread-1] INFO  segmented.SegmentedRaftLogWorker (SegmentedRaftLogWorker.java:<init>(189)) - new 31bb0062-e0a6-44a8-8078-5986d8d8cb42@group-0D7E76F6B348-SegmentedRaftLogWorker for RaftStorageImpl:Storage Directory /home/runner/work/ozone/ozone/hadoop-ozone/integration-test/target/test-dir/MiniOzoneClusterImpl-fa43fc2a-bf5b-4c12-844e-0f55669bff2c/datanode-2/data/ratis/c60f1d6e-571f-4598-847d-0d7e76f6b348
2023-05-08 09:34:20,426 [pool-385-thread-1] INFO  server.RaftServerConfigKeys (ConfUtils.java:logGet(46)) - raft.server.log.queue.byte-limit = 4294967296 (custom)
2023-05-08 09:34:20,426 [pool-385-thread-1] INFO  server.RaftServerConfigKeys (ConfUtils.java:logGet(46)) - raft.server.log.queue.element-limit = 1024 (custom)
2023-05-08 09:34:20,426 [pool-385-thread-1] INFO  server.RaftServerConfigKeys (ConfUtils.java:logGet(46)) - raft.server.log.segment.size.max = 1048576 (custom)
2023-05-08 09:34:20,426 [pool-385-thread-1] INFO  server.RaftServerConfigKeys (ConfUtils.java:logGet(46)) - raft.server.log.preallocated.size = 16384 (custom)
2023-05-08 09:34:20,426 [pool-385-thread-1] INFO  server.RaftServerConfigKeys (ConfUtils.java:logGet(46)) - raft.server.log.force.sync.num = 128 (default)
2023-05-08 09:34:20,426 [pool-385-thread-1] INFO  server.RaftServerConfigKeys (ConfUtils.java:logGet(46)) - raft.server.log.statemachine.data.sync = true (default)
2023-05-08 09:34:20,426 [pool-385-thread-1] INFO  server.RaftServerConfigKeys (ConfUtils.java:logGet(46)) - raft.server.log.statemachine.data.sync.timeout = 10s (default)
2023-05-08 09:34:20,426 [pool-385-thread-1] INFO  server.RaftServerConfigKeys (ConfUtils.java:logGet(46)) - raft.server.log.statemachine.data.sync.timeout.retry = -1 (default)
2023-05-08 09:34:20,427 [pool-385-thread-1] INFO  server.RaftServerConfigKeys (ConfUtils.java:logGet(46)) - raft.server.log.write.buffer.size = 1048576 (custom)
2023-05-08 09:34:20,427 [pool-385-thread-1] INFO  server.RaftServerConfigKeys (ConfUtils.java:logGet(46)) - raft.server.log.appender.buffer.byte-limit = 33554432 (custom)
2023-05-08 09:34:20,432 [pool-385-thread-1] INFO  server.RaftServerConfigKeys (ConfUtils.java:logGet(46)) - raft.server.log.unsafe-flush.enabled = false (default)
2023-05-08 09:34:20,432 [pool-385-thread-1] INFO  server.RaftServerConfigKeys (ConfUtils.java:logGet(46)) - raft.server.log.async-flush.enabled = false (default)
2023-05-08 09:34:20,432 [pool-385-thread-1] INFO  server.RaftServerConfigKeys (ConfUtils.java:logGet(46)) - raft.server.log.statemachine.data.caching.enabled = true (custom)
2023-05-08 09:34:20,433 [pool-385-thread-1] INFO  segmented.SegmentedRaftLogWorker (SegmentedRaftLogWorker.java:lambda$new$0(135)) - 31bb0062-e0a6-44a8-8078-5986d8d8cb42@group-0D7E76F6B348-SegmentedRaftLogWorker: flushIndex: setUnconditionally 0 -> -1
2023-05-08 09:34:20,433 [pool-385-thread-1] INFO  segmented.SegmentedRaftLogWorker (SegmentedRaftLogWorker.java:lambda$new$0(135)) - 31bb0062-e0a6-44a8-8078-5986d8d8cb42@group-0D7E76F6B348-SegmentedRaftLogWorker: safeCacheEvictIndex: setUnconditionally 0 -> -1
2023-05-08 09:34:20,433 [pool-385-thread-1] INFO  server.RaftServer$Division (RaftServerImpl.java:start(334)) - 31bb0062-e0a6-44a8-8078-5986d8d8cb42@group-0D7E76F6B348: start as a follower, conf=-1: peers:[f5594809-1a1d-480b-9497-2673d29d2595|rpc:10.1.0.160:42729|dataStream:10.1.0.160:33155|priority:0|startupRole:FOLLOWER, 8bb737d4-3739-4a89-bbd0-142b4bbbf932|rpc:10.1.0.160:40901|dataStream:10.1.0.160:41785|priority:0|startupRole:FOLLOWER, 31bb0062-e0a6-44a8-8078-5986d8d8cb42|rpc:10.1.0.160:33403|dataStream:10.1.0.160:36965|priority:1|startupRole:FOLLOWER]|listeners:[], old=null
2023-05-08 09:34:20,433 [pool-385-thread-1] INFO  server.RaftServer$Division (RaftServerImpl.java:setRole(321)) - 31bb0062-e0a6-44a8-8078-5986d8d8cb42@group-0D7E76F6B348: changes role from      null to FOLLOWER at term 0 for startAsFollower
2023-05-08 09:34:20,433 [pool-385-thread-1] INFO  impl.RoleInfo (RoleInfo.java:updateAndGet(139)) - 31bb0062-e0a6-44a8-8078-5986d8d8cb42: start 31bb0062-e0a6-44a8-8078-5986d8d8cb42@group-0D7E76F6B348-FollowerState
2023-05-08 09:34:20,436 [pool-385-thread-1] INFO  util.JmxRegister (JmxRegister.java:tryRegister(44)) - Successfully registered JMX Bean with object name Ratis:service=RaftServer,group=group-0D7E76F6B348,id=31bb0062-e0a6-44a8-8078-5986d8d8cb42
2023-05-08 09:34:20,436 [pool-385-thread-1] INFO  server.RaftServerConfigKeys (ConfUtils.java:logGet(46)) - raft.server.snapshot.auto.trigger.enabled = true (custom)
2023-05-08 09:34:20,436 [pool-385-thread-1] INFO  server.RaftServerConfigKeys (ConfUtils.java:logGet(46)) - raft.server.snapshot.auto.trigger.threshold = 10000 (custom)
2023-05-08 09:34:20,436 [pool-385-thread-1] INFO  server.RaftServerConfigKeys (ConfUtils.java:logGet(46)) - raft.server.snapshot.retention.file.num = 5 (custom)
2023-05-08 09:34:20,436 [pool-385-thread-1] INFO  server.RaftServerConfigKeys (ConfUtils.java:logGet(46)) - raft.server.log.purge.upto.snapshot.index = false (default)
2023-05-08 09:34:20,438 [31bb0062-e0a6-44a8-8078-5986d8d8cb42@group-0D7E76F6B348-FollowerState] INFO  server.RaftServerConfigKeys (ConfUtils.java:logFallback(53)) - raft.server.rpc.first-election.timeout.min = 5s (fallback to raft.server.rpc.timeout.min)
2023-05-08 09:34:20,438 [31bb0062-e0a6-44a8-8078-5986d8d8cb42@group-0D7E76F6B348-FollowerState] INFO  server.RaftServerConfigKeys (ConfUtils.java:logFallback(53)) - raft.server.rpc.first-election.timeout.max = 5200ms (fallback to raft.server.rpc.timeout.max)
2023-05-08 09:34:20,451 [grpc-default-executor-0] INFO  server.RaftServer (RaftServerProxy.java:addNew(96)) - 8bb737d4-3739-4a89-bbd0-142b4bbbf932: addNew group-0D7E76F6B348:[f5594809-1a1d-480b-9497-2673d29d2595|rpc:10.1.0.160:42729|dataStream:10.1.0.160:33155|priority:0|startupRole:FOLLOWER, 8bb737d4-3739-4a89-bbd0-142b4bbbf932|rpc:10.1.0.160:40901|dataStream:10.1.0.160:41785|priority:0|startupRole:FOLLOWER, 31bb0062-e0a6-44a8-8078-5986d8d8cb42|rpc:10.1.0.160:33403|dataStream:10.1.0.160:36965|priority:1|startupRole:FOLLOWER] returns group-0D7E76F6B348:java.util.concurrent.CompletableFuture@772814b1[Not completed]
2023-05-08 09:34:20,452 [pool-363-thread-1] INFO  server.RaftServer$Division (RaftServerImpl.java:<init>(195)) - 8bb737d4-3739-4a89-bbd0-142b4bbbf932: new RaftServerImpl for group-0D7E76F6B348:[f5594809-1a1d-480b-9497-2673d29d2595|rpc:10.1.0.160:42729|dataStream:10.1.0.160:33155|priority:0|startupRole:FOLLOWER, 8bb737d4-3739-4a89-bbd0-142b4bbbf932|rpc:10.1.0.160:40901|dataStream:10.1.0.160:41785|priority:0|startupRole:FOLLOWER, 31bb0062-e0a6-44a8-8078-5986d8d8cb42|rpc:10.1.0.160:33403|dataStream:10.1.0.160:36965|priority:1|startupRole:FOLLOWER] with ContainerStateMachine:uninitialized
2023-05-08 09:34:20,452 [pool-363-thread-1] INFO  server.RaftServerConfigKeys (ConfUtils.java:logGet(46)) - raft.server.rpc.timeout.min = 5s (custom)
2023-05-08 09:34:20,452 [pool-363-thread-1] INFO  server.RaftServerConfigKeys (ConfUtils.java:logGet(46)) - raft.server.rpc.timeout.max = 5200ms (custom)
2023-05-08 09:34:20,452 [pool-363-thread-1] INFO  server.RaftServerConfigKeys (ConfUtils.java:logGet(46)) - raft.server.rpc.sleep.time = 25ms (default)
2023-05-08 09:34:20,452 [pool-363-thread-1] INFO  server.RaftServerConfigKeys (ConfUtils.java:logGet(46)) - raft.server.rpc.slowness.timeout = 300s (custom)
2023-05-08 09:34:20,452 [pool-363-thread-1] INFO  server.RaftServerConfigKeys (ConfUtils.java:logGet(46)) - raft.server.leaderelection.leader.step-down.wait-time = 10s (default)
2023-05-08 09:34:20,452 [pool-363-thread-1] INFO  server.RaftServerConfigKeys (ConfUtils.java:logGet(46)) - raft.server.sleep.deviation.threshold = 300ms (default)
2023-05-08 09:34:20,452 [pool-363-thread-1] INFO  server.RaftServer$Division (ServerState.java:<init>(118)) - 8bb737d4-3739-4a89-bbd0-142b4bbbf932@group-0D7E76F6B348: ConfigurationManager, init=-1: peers:[f5594809-1a1d-480b-9497-2673d29d2595|rpc:10.1.0.160:42729|dataStream:10.1.0.160:33155|priority:0|startupRole:FOLLOWER, 8bb737d4-3739-4a89-bbd0-142b4bbbf932|rpc:10.1.0.160:40901|dataStream:10.1.0.160:41785|priority:0|startupRole:FOLLOWER, 31bb0062-e0a6-44a8-8078-5986d8d8cb42|rpc:10.1.0.160:33403|dataStream:10.1.0.160:36965|priority:1|startupRole:FOLLOWER]|listeners:[], old=null, confs=<EMPTY_MAP>
2023-05-08 09:34:20,452 [pool-363-thread-1] INFO  server.RaftServerConfigKeys (ConfUtils.java:logGet(46)) - raft.server.storage.dir = [/home/runner/work/ozone/ozone/hadoop-ozone/integration-test/target/test-dir/MiniOzoneClusterImpl-fa43fc2a-bf5b-4c12-844e-0f55669bff2c/datanode-1/data/ratis] (custom)
2023-05-08 09:34:20,452 [pool-363-thread-1] INFO  server.RaftServerConfigKeys (ConfUtils.java:logGet(46)) - raft.server.log.corruption.policy = EXCEPTION (default)
2023-05-08 09:34:20,452 [pool-363-thread-1] INFO  server.RaftServerConfigKeys (ConfUtils.java:logGet(46)) - raft.server.storage.free-space.min = 0MB (=0) (default)
2023-05-08 09:34:20,452 [pool-363-thread-1] INFO  server.RaftServerConfigKeys (ConfUtils.java:logGet(46)) - raft.server.notification.no-leader.timeout = 300s (custom)
2023-05-08 09:34:20,452 [pool-363-thread-1] INFO  server.RaftServerConfigKeys (ConfUtils.java:logGet(46)) - raft.server.retrycache.expirytime = 600000ms (custom)
2023-05-08 09:34:20,452 [pool-363-thread-1] INFO  server.RaftServerConfigKeys (ConfUtils.java:logGet(46)) - raft.server.retrycache.statistics.expirytime = 100μs (default)
2023-05-08 09:34:20,453 [pool-363-thread-1] INFO  server.RaftServerConfigKeys (ConfUtils.java:logGet(46)) - raft.server.log.appender.install.snapshot.enabled = false (custom)
2023-05-08 09:34:20,453 [pool-363-thread-1] INFO  server.RaftServerConfigKeys (ConfUtils.java:logGet(46)) - raft.server.threadpool.server.cached = true (default)
2023-05-08 09:34:20,453 [pool-363-thread-1] INFO  server.RaftServerConfigKeys (ConfUtils.java:logGet(46)) - raft.server.threadpool.server.size = 0 (default)
2023-05-08 09:34:20,453 [pool-363-thread-1] INFO  server.RaftServerConfigKeys (ConfUtils.java:logGet(46)) - raft.server.threadpool.client.cached = true (default)
2023-05-08 09:34:20,453 [pool-363-thread-1] INFO  server.RaftServerConfigKeys (ConfUtils.java:logGet(46)) - raft.server.threadpool.client.size = 0 (default)
2023-05-08 09:34:20,453 [pool-363-thread-1] INFO  storage.RaftStorageDirectory (RaftStorageDirectoryImpl.java:analyzeStorage(137)) - The storage directory /home/runner/work/ozone/ozone/hadoop-ozone/integration-test/target/test-dir/MiniOzoneClusterImpl-fa43fc2a-bf5b-4c12-844e-0f55669bff2c/datanode-1/data/ratis/c60f1d6e-571f-4598-847d-0d7e76f6b348 does not exist. Creating ...
2023-05-08 09:34:20,456 [pool-363-thread-1] INFO  storage.RaftStorageDirectory (RaftStorageDirectoryImpl.java:tryLock(231)) - Lock on /home/runner/work/ozone/ozone/hadoop-ozone/integration-test/target/test-dir/MiniOzoneClusterImpl-fa43fc2a-bf5b-4c12-844e-0f55669bff2c/datanode-1/data/ratis/c60f1d6e-571f-4598-847d-0d7e76f6b348/in_use.lock acquired by nodename 7572@fv-az96-539
2023-05-08 09:34:20,457 [pool-363-thread-1] INFO  storage.RaftStorage (RaftStorageImpl.java:format(96)) - Storage directory /home/runner/work/ozone/ozone/hadoop-ozone/integration-test/target/test-dir/MiniOzoneClusterImpl-fa43fc2a-bf5b-4c12-844e-0f55669bff2c/datanode-1/data/ratis/c60f1d6e-571f-4598-847d-0d7e76f6b348 has been successfully formatted.
2023-05-08 09:34:20,458 [pool-363-thread-1] INFO  ratis.ContainerStateMachine (ContainerStateMachine.java:loadSnapshot(262)) - group-0D7E76F6B348: The snapshot info is null. Setting the last applied indexto:(t:0, i:~)
2023-05-08 09:34:20,458 [pool-363-thread-1] INFO  server.RaftServerConfigKeys (ConfUtils.java:logGet(46)) - raft.server.log.use.memory = false (default)
2023-05-08 09:34:20,459 [pool-363-thread-1] INFO  server.RaftServerConfigKeys (ConfUtils.java:logGet(46)) - raft.server.log.purge.gap = 1000000 (custom)
2023-05-08 09:34:20,459 [pool-363-thread-1] INFO  server.RaftServerConfigKeys (ConfUtils.java:logGet(46)) - raft.server.log.appender.buffer.byte-limit = 33554432 (custom)
2023-05-08 09:34:20,459 [pool-363-thread-1] INFO  server.RaftServerConfigKeys (ConfUtils.java:logGet(46)) - raft.server.log.statemachine.data.read.timeout = 1000ms (default)
2023-05-08 09:34:20,459 [pool-363-thread-1] INFO  server.RaftServerConfigKeys (ConfUtils.java:logGet(46)) - raft.server.log.purge.preservation.log.num = 0 (default)
2023-05-08 09:34:20,462 [pool-363-thread-1] INFO  server.RaftServerConfigKeys (ConfUtils.java:logGet(46)) - raft.server.log.segment.size.max = 1048576 (custom)
2023-05-08 09:34:20,462 [pool-363-thread-1] INFO  server.RaftServerConfigKeys (ConfUtils.java:logGet(46)) - raft.server.log.segment.cache.num.max = 2 (custom)
2023-05-08 09:34:20,462 [pool-363-thread-1] INFO  server.RaftServerConfigKeys (ConfUtils.java:logGet(46)) - raft.server.log.segment.cache.size.max = 200MB (=209715200) (default)
2023-05-08 09:34:20,463 [pool-363-thread-1] INFO  segmented.SegmentedRaftLogWorker (SegmentedRaftLogWorker.java:<init>(189)) - new 8bb737d4-3739-4a89-bbd0-142b4bbbf932@group-0D7E76F6B348-SegmentedRaftLogWorker for RaftStorageImpl:Storage Directory /home/runner/work/ozone/ozone/hadoop-ozone/integration-test/target/test-dir/MiniOzoneClusterImpl-fa43fc2a-bf5b-4c12-844e-0f55669bff2c/datanode-1/data/ratis/c60f1d6e-571f-4598-847d-0d7e76f6b348
2023-05-08 09:34:20,463 [pool-363-thread-1] INFO  server.RaftServerConfigKeys (ConfUtils.java:logGet(46)) - raft.server.log.queue.byte-limit = 4294967296 (custom)
2023-05-08 09:34:20,463 [pool-363-thread-1] INFO  server.RaftServerConfigKeys (ConfUtils.java:logGet(46)) - raft.server.log.queue.element-limit = 1024 (custom)
2023-05-08 09:34:20,463 [pool-363-thread-1] INFO  server.RaftServerConfigKeys (ConfUtils.java:logGet(46)) - raft.server.log.segment.size.max = 1048576 (custom)
2023-05-08 09:34:20,463 [pool-363-thread-1] INFO  server.RaftServerConfigKeys (ConfUtils.java:logGet(46)) - raft.server.log.preallocated.size = 16384 (custom)
2023-05-08 09:34:20,463 [pool-363-thread-1] INFO  server.RaftServerConfigKeys (ConfUtils.java:logGet(46)) - raft.server.log.force.sync.num = 128 (default)
2023-05-08 09:34:20,463 [pool-363-thread-1] INFO  server.RaftServerConfigKeys (ConfUtils.java:logGet(46)) - raft.server.log.statemachine.data.sync = true (default)
2023-05-08 09:34:20,463 [pool-363-thread-1] INFO  server.RaftServerConfigKeys (ConfUtils.java:logGet(46)) - raft.server.log.statemachine.data.sync.timeout = 10s (default)
2023-05-08 09:34:20,463 [pool-363-thread-1] INFO  server.RaftServerConfigKeys (ConfUtils.java:logGet(46)) - raft.server.log.statemachine.data.sync.timeout.retry = -1 (default)
2023-05-08 09:34:20,464 [pool-363-thread-1] INFO  server.RaftServerConfigKeys (ConfUtils.java:logGet(46)) - raft.server.log.write.buffer.size = 1048576 (custom)
2023-05-08 09:34:20,464 [pool-363-thread-1] INFO  server.RaftServerConfigKeys (ConfUtils.java:logGet(46)) - raft.server.log.appender.buffer.byte-limit = 33554432 (custom)
2023-05-08 09:34:20,469 [pool-363-thread-1] INFO  server.RaftServerConfigKeys (ConfUtils.java:logGet(46)) - raft.server.log.unsafe-flush.enabled = false (default)
2023-05-08 09:34:20,469 [pool-363-thread-1] INFO  server.RaftServerConfigKeys (ConfUtils.java:logGet(46)) - raft.server.log.async-flush.enabled = false (default)
2023-05-08 09:34:20,469 [pool-363-thread-1] INFO  server.RaftServerConfigKeys (ConfUtils.java:logGet(46)) - raft.server.log.statemachine.data.caching.enabled = true (custom)
2023-05-08 09:34:20,469 [pool-363-thread-1] INFO  segmented.SegmentedRaftLogWorker (SegmentedRaftLogWorker.java:lambda$new$0(135)) - 8bb737d4-3739-4a89-bbd0-142b4bbbf932@group-0D7E76F6B348-SegmentedRaftLogWorker: flushIndex: setUnconditionally 0 -> -1
2023-05-08 09:34:20,470 [pool-363-thread-1] INFO  segmented.SegmentedRaftLogWorker (SegmentedRaftLogWorker.java:lambda$new$0(135)) - 8bb737d4-3739-4a89-bbd0-142b4bbbf932@group-0D7E76F6B348-SegmentedRaftLogWorker: safeCacheEvictIndex: setUnconditionally 0 -> -1
2023-05-08 09:34:20,470 [pool-363-thread-1] INFO  server.RaftServer$Division (RaftServerImpl.java:start(334)) - 8bb737d4-3739-4a89-bbd0-142b4bbbf932@group-0D7E76F6B348: start as a follower, conf=-1: peers:[f5594809-1a1d-480b-9497-2673d29d2595|rpc:10.1.0.160:42729|dataStream:10.1.0.160:33155|priority:0|startupRole:FOLLOWER, 8bb737d4-3739-4a89-bbd0-142b4bbbf932|rpc:10.1.0.160:40901|dataStream:10.1.0.160:41785|priority:0|startupRole:FOLLOWER, 31bb0062-e0a6-44a8-8078-5986d8d8cb42|rpc:10.1.0.160:33403|dataStream:10.1.0.160:36965|priority:1|startupRole:FOLLOWER]|listeners:[], old=null
2023-05-08 09:34:20,470 [pool-363-thread-1] INFO  server.RaftServer$Division (RaftServerImpl.java:setRole(321)) - 8bb737d4-3739-4a89-bbd0-142b4bbbf932@group-0D7E76F6B348: changes role from      null to FOLLOWER at term 0 for startAsFollower
2023-05-08 09:34:20,470 [pool-363-thread-1] INFO  impl.RoleInfo (RoleInfo.java:updateAndGet(139)) - 8bb737d4-3739-4a89-bbd0-142b4bbbf932: start 8bb737d4-3739-4a89-bbd0-142b4bbbf932@group-0D7E76F6B348-FollowerState
2023-05-08 09:34:20,470 [8bb737d4-3739-4a89-bbd0-142b4bbbf932@group-0D7E76F6B348-FollowerState] INFO  server.RaftServerConfigKeys (ConfUtils.java:logFallback(53)) - raft.server.rpc.first-election.timeout.min = 5s (fallback to raft.server.rpc.timeout.min)
2023-05-08 09:34:20,472 [pool-363-thread-1] INFO  util.JmxRegister (JmxRegister.java:tryRegister(44)) - Successfully registered JMX Bean with object name Ratis:service=RaftServer,group=group-0D7E76F6B348,id=8bb737d4-3739-4a89-bbd0-142b4bbbf932
2023-05-08 09:34:20,472 [8bb737d4-3739-4a89-bbd0-142b4bbbf932@group-0D7E76F6B348-FollowerState] INFO  server.RaftServerConfigKeys (ConfUtils.java:logFallback(53)) - raft.server.rpc.first-election.timeout.max = 5200ms (fallback to raft.server.rpc.timeout.max)
2023-05-08 09:34:20,472 [pool-363-thread-1] INFO  server.RaftServerConfigKeys (ConfUtils.java:logGet(46)) - raft.server.snapshot.auto.trigger.enabled = true (custom)
2023-05-08 09:34:20,473 [pool-363-thread-1] INFO  server.RaftServerConfigKeys (ConfUtils.java:logGet(46)) - raft.server.snapshot.auto.trigger.threshold = 10000 (custom)
2023-05-08 09:34:20,473 [pool-363-thread-1] INFO  server.RaftServerConfigKeys (ConfUtils.java:logGet(46)) - raft.server.snapshot.retention.file.num = 5 (custom)
2023-05-08 09:34:20,473 [pool-363-thread-1] INFO  server.RaftServerConfigKeys (ConfUtils.java:logGet(46)) - raft.server.log.purge.upto.snapshot.index = false (default)
2023-05-08 09:34:20,480 [Command processor thread] INFO  commandhandler.CreatePipelineCommandHandler (CreatePipelineCommandHandler.java:handle(113)) - Created Pipeline RATIS THREE PipelineID=c60f1d6e-571f-4598-847d-0d7e76f6b348.
2023-05-08 09:34:20,580 [Command processor thread] INFO  server.RaftServer (RaftServerProxy.java:addNew(96)) - 8bb737d4-3739-4a89-bbd0-142b4bbbf932: addNew group-50C932F8828D:[8bb737d4-3739-4a89-bbd0-142b4bbbf932|rpc:10.1.0.160:40901|dataStream:10.1.0.160:41785|priority:1|startupRole:FOLLOWER] returns group-50C932F8828D:java.util.concurrent.CompletableFuture@6bf18324[Not completed]
2023-05-08 09:34:20,581 [pool-363-thread-1] INFO  server.RaftServer$Division (RaftServerImpl.java:<init>(195)) - 8bb737d4-3739-4a89-bbd0-142b4bbbf932: new RaftServerImpl for group-50C932F8828D:[8bb737d4-3739-4a89-bbd0-142b4bbbf932|rpc:10.1.0.160:40901|dataStream:10.1.0.160:41785|priority:1|startupRole:FOLLOWER] with ContainerStateMachine:uninitialized
2023-05-08 09:34:20,581 [pool-363-thread-1] INFO  server.RaftServerConfigKeys (ConfUtils.java:logGet(46)) - raft.server.rpc.timeout.min = 5s (custom)
2023-05-08 09:34:20,581 [pool-363-thread-1] INFO  server.RaftServerConfigKeys (ConfUtils.java:logGet(46)) - raft.server.rpc.timeout.max = 5200ms (custom)
2023-05-08 09:34:20,581 [pool-363-thread-1] INFO  server.RaftServerConfigKeys (ConfUtils.java:logGet(46)) - raft.server.rpc.sleep.time = 25ms (default)
2023-05-08 09:34:20,582 [pool-363-thread-1] INFO  server.RaftServerConfigKeys (ConfUtils.java:logGet(46)) - raft.server.rpc.slowness.timeout = 300s (custom)
2023-05-08 09:34:20,582 [pool-363-thread-1] INFO  server.RaftServerConfigKeys (ConfUtils.java:logGet(46)) - raft.server.leaderelection.leader.step-down.wait-time = 10s (default)
2023-05-08 09:34:20,582 [pool-363-thread-1] INFO  server.RaftServerConfigKeys (ConfUtils.java:logGet(46)) - raft.server.sleep.deviation.threshold = 300ms (default)
2023-05-08 09:34:20,582 [pool-363-thread-1] INFO  server.RaftServer$Division (ServerState.java:<init>(118)) - 8bb737d4-3739-4a89-bbd0-142b4bbbf932@group-50C932F8828D: ConfigurationManager, init=-1: peers:[8bb737d4-3739-4a89-bbd0-142b4bbbf932|rpc:10.1.0.160:40901|dataStream:10.1.0.160:41785|priority:1|startupRole:FOLLOWER]|listeners:[], old=null, confs=<EMPTY_MAP>
2023-05-08 09:34:20,582 [pool-363-thread-1] INFO  server.RaftServerConfigKeys (ConfUtils.java:logGet(46)) - raft.server.storage.dir = [/home/runner/work/ozone/ozone/hadoop-ozone/integration-test/target/test-dir/MiniOzoneClusterImpl-fa43fc2a-bf5b-4c12-844e-0f55669bff2c/datanode-1/data/ratis] (custom)
2023-05-08 09:34:20,582 [pool-363-thread-1] INFO  server.RaftServerConfigKeys (ConfUtils.java:logGet(46)) - raft.server.log.corruption.policy = EXCEPTION (default)
2023-05-08 09:34:20,582 [pool-363-thread-1] INFO  server.RaftServerConfigKeys (ConfUtils.java:logGet(46)) - raft.server.storage.free-space.min = 0MB (=0) (default)
2023-05-08 09:34:20,582 [pool-363-thread-1] INFO  server.RaftServerConfigKeys (ConfUtils.java:logGet(46)) - raft.server.notification.no-leader.timeout = 300s (custom)
2023-05-08 09:34:20,582 [pool-363-thread-1] INFO  server.RaftServerConfigKeys (ConfUtils.java:logGet(46)) - raft.server.retrycache.expirytime = 600000ms (custom)
2023-05-08 09:34:20,582 [pool-363-thread-1] INFO  server.RaftServerConfigKeys (ConfUtils.java:logGet(46)) - raft.server.retrycache.statistics.expirytime = 100μs (default)
2023-05-08 09:34:20,584 [pool-363-thread-1] INFO  server.RaftServerConfigKeys (ConfUtils.java:logGet(46)) - raft.server.log.appender.install.snapshot.enabled = false (custom)
2023-05-08 09:34:20,584 [pool-363-thread-1] INFO  server.RaftServerConfigKeys (ConfUtils.java:logGet(46)) - raft.server.threadpool.server.cached = true (default)
2023-05-08 09:34:20,584 [pool-363-thread-1] INFO  server.RaftServerConfigKeys (ConfUtils.java:logGet(46)) - raft.server.threadpool.server.size = 0 (default)
2023-05-08 09:34:20,584 [pool-363-thread-1] INFO  server.RaftServerConfigKeys (ConfUtils.java:logGet(46)) - raft.server.threadpool.client.cached = true (default)
2023-05-08 09:34:20,584 [pool-363-thread-1] INFO  server.RaftServerConfigKeys (ConfUtils.java:logGet(46)) - raft.server.threadpool.client.size = 0 (default)
2023-05-08 09:34:20,585 [pool-363-thread-1] INFO  storage.RaftStorageDirectory (RaftStorageDirectoryImpl.java:analyzeStorage(137)) - The storage directory /home/runner/work/ozone/ozone/hadoop-ozone/integration-test/target/test-dir/MiniOzoneClusterImpl-fa43fc2a-bf5b-4c12-844e-0f55669bff2c/datanode-1/data/ratis/621ac379-ce2d-4860-93ed-50c932f8828d does not exist. Creating ...
2023-05-08 09:34:20,586 [pool-363-thread-1] INFO  storage.RaftStorageDirectory (RaftStorageDirectoryImpl.java:tryLock(231)) - Lock on /home/runner/work/ozone/ozone/hadoop-ozone/integration-test/target/test-dir/MiniOzoneClusterImpl-fa43fc2a-bf5b-4c12-844e-0f55669bff2c/datanode-1/data/ratis/621ac379-ce2d-4860-93ed-50c932f8828d/in_use.lock acquired by nodename 7572@fv-az96-539
2023-05-08 09:34:20,587 [pool-363-thread-1] INFO  storage.RaftStorage (RaftStorageImpl.java:format(96)) - Storage directory /home/runner/work/ozone/ozone/hadoop-ozone/integration-test/target/test-dir/MiniOzoneClusterImpl-fa43fc2a-bf5b-4c12-844e-0f55669bff2c/datanode-1/data/ratis/621ac379-ce2d-4860-93ed-50c932f8828d has been successfully formatted.
2023-05-08 09:34:20,588 [pool-363-thread-1] INFO  ratis.ContainerStateMachine (ContainerStateMachine.java:loadSnapshot(262)) - group-50C932F8828D: The snapshot info is null. Setting the last applied indexto:(t:0, i:~)
2023-05-08 09:34:20,589 [EventQueue-PipelineReportForPipelineReportHandler] INFO  pipeline.PipelineManagerImpl (PipelineManagerImpl.java:openPipeline(367)) - Pipeline Pipeline[ Id: 621ac379-ce2d-4860-93ed-50c932f8828d, Nodes: 8bb737d4-3739-4a89-bbd0-142b4bbbf932(fv-az96-539/10.1.0.160), ReplicationConfig: RATIS/ONE, State:ALLOCATED, leaderId:8bb737d4-3739-4a89-bbd0-142b4bbbf932, CreationTimestamp2023-05-08T09:34:17.582Z[Etc/UTC]] moved to OPEN state
2023-05-08 09:34:20,590 [pool-363-thread-1] INFO  server.RaftServerConfigKeys (ConfUtils.java:logGet(46)) - raft.server.log.use.memory = false (default)
2023-05-08 09:34:20,590 [pool-363-thread-1] INFO  server.RaftServerConfigKeys (ConfUtils.java:logGet(46)) - raft.server.log.purge.gap = 1000000 (custom)
2023-05-08 09:34:20,590 [pool-363-thread-1] INFO  server.RaftServerConfigKeys (ConfUtils.java:logGet(46)) - raft.server.log.appender.buffer.byte-limit = 33554432 (custom)
2023-05-08 09:34:20,590 [pool-363-thread-1] INFO  server.RaftServerConfigKeys (ConfUtils.java:logGet(46)) - raft.server.log.statemachine.data.read.timeout = 1000ms (default)
2023-05-08 09:34:20,590 [pool-363-thread-1] INFO  server.RaftServerConfigKeys (ConfUtils.java:logGet(46)) - raft.server.log.purge.preservation.log.num = 0 (default)
2023-05-08 09:34:20,590 [EventQueue-OpenPipelineForHealthyPipelineSafeModeRule] INFO  safemode.SCMSafeModeManager (HealthyPipelineSafeModeRule.java:process(137)) - SCM in safe mode. Healthy pipelines reported count is 0, required healthy pipeline reported count is 1
2023-05-08 09:34:20,590 [pool-363-thread-1] INFO  server.RaftServerConfigKeys (ConfUtils.java:logGet(46)) - raft.server.log.segment.size.max = 1048576 (custom)
2023-05-08 09:34:20,590 [pool-363-thread-1] INFO  server.RaftServerConfigKeys (ConfUtils.java:logGet(46)) - raft.server.log.segment.cache.num.max = 2 (custom)
2023-05-08 09:34:20,590 [pool-363-thread-1] INFO  server.RaftServerConfigKeys (ConfUtils.java:logGet(46)) - raft.server.log.segment.cache.size.max = 200MB (=209715200) (default)
2023-05-08 09:34:20,590 [pool-363-thread-1] INFO  segmented.SegmentedRaftLogWorker (SegmentedRaftLogWorker.java:<init>(189)) - new 8bb737d4-3739-4a89-bbd0-142b4bbbf932@group-50C932F8828D-SegmentedRaftLogWorker for RaftStorageImpl:Storage Directory /home/runner/work/ozone/ozone/hadoop-ozone/integration-test/target/test-dir/MiniOzoneClusterImpl-fa43fc2a-bf5b-4c12-844e-0f55669bff2c/datanode-1/data/ratis/621ac379-ce2d-4860-93ed-50c932f8828d
2023-05-08 09:34:20,590 [pool-363-thread-1] INFO  server.RaftServerConfigKeys (ConfUtils.java:logGet(46)) - raft.server.log.queue.byte-limit = 4294967296 (custom)
2023-05-08 09:34:20,590 [pool-363-thread-1] INFO  server.RaftServerConfigKeys (ConfUtils.java:logGet(46)) - raft.server.log.queue.element-limit = 1024 (custom)
2023-05-08 09:34:20,591 [pool-363-thread-1] INFO  server.RaftServerConfigKeys (ConfUtils.java:logGet(46)) - raft.server.log.segment.size.max = 1048576 (custom)
2023-05-08 09:34:20,591 [pool-363-thread-1] INFO  server.RaftServerConfigKeys (ConfUtils.java:logGet(46)) - raft.server.log.preallocated.size = 16384 (custom)
2023-05-08 09:34:20,591 [pool-363-thread-1] INFO  server.RaftServerConfigKeys (ConfUtils.java:logGet(46)) - raft.server.log.force.sync.num = 128 (default)
2023-05-08 09:34:20,591 [pool-363-thread-1] INFO  server.RaftServerConfigKeys (ConfUtils.java:logGet(46)) - raft.server.log.statemachine.data.sync = true (default)
2023-05-08 09:34:20,591 [pool-363-thread-1] INFO  server.RaftServerConfigKeys (ConfUtils.java:logGet(46)) - raft.server.log.statemachine.data.sync.timeout = 10s (default)
2023-05-08 09:34:20,591 [pool-363-thread-1] INFO  server.RaftServerConfigKeys (ConfUtils.java:logGet(46)) - raft.server.log.statemachine.data.sync.timeout.retry = -1 (default)
2023-05-08 09:34:20,591 [pool-363-thread-1] INFO  server.RaftServerConfigKeys (ConfUtils.java:logGet(46)) - raft.server.log.write.buffer.size = 1048576 (custom)
2023-05-08 09:34:20,592 [pool-363-thread-1] INFO  server.RaftServerConfigKeys (ConfUtils.java:logGet(46)) - raft.server.log.appender.buffer.byte-limit = 33554432 (custom)
2023-05-08 09:34:20,596 [pool-363-thread-1] INFO  server.RaftServerConfigKeys (ConfUtils.java:logGet(46)) - raft.server.log.unsafe-flush.enabled = false (default)
2023-05-08 09:34:20,596 [pool-363-thread-1] INFO  server.RaftServerConfigKeys (ConfUtils.java:logGet(46)) - raft.server.log.async-flush.enabled = false (default)
2023-05-08 09:34:20,596 [pool-363-thread-1] INFO  server.RaftServerConfigKeys (ConfUtils.java:logGet(46)) - raft.server.log.statemachine.data.caching.enabled = true (custom)
2023-05-08 09:34:20,597 [pool-363-thread-1] INFO  segmented.SegmentedRaftLogWorker (SegmentedRaftLogWorker.java:lambda$new$0(135)) - 8bb737d4-3739-4a89-bbd0-142b4bbbf932@group-50C932F8828D-SegmentedRaftLogWorker: flushIndex: setUnconditionally 0 -> -1
2023-05-08 09:34:20,597 [pool-363-thread-1] INFO  segmented.SegmentedRaftLogWorker (SegmentedRaftLogWorker.java:lambda$new$0(135)) - 8bb737d4-3739-4a89-bbd0-142b4bbbf932@group-50C932F8828D-SegmentedRaftLogWorker: safeCacheEvictIndex: setUnconditionally 0 -> -1
2023-05-08 09:34:20,597 [pool-363-thread-1] INFO  server.RaftServer$Division (RaftServerImpl.java:start(334)) - 8bb737d4-3739-4a89-bbd0-142b4bbbf932@group-50C932F8828D: start as a follower, conf=-1: peers:[8bb737d4-3739-4a89-bbd0-142b4bbbf932|rpc:10.1.0.160:40901|dataStream:10.1.0.160:41785|priority:1|startupRole:FOLLOWER]|listeners:[], old=null
2023-05-08 09:34:20,597 [pool-363-thread-1] INFO  server.RaftServer$Division (RaftServerImpl.java:setRole(321)) - 8bb737d4-3739-4a89-bbd0-142b4bbbf932@group-50C932F8828D: changes role from      null to FOLLOWER at term 0 for startAsFollower
2023-05-08 09:34:20,597 [pool-363-thread-1] INFO  impl.RoleInfo (RoleInfo.java:updateAndGet(139)) - 8bb737d4-3739-4a89-bbd0-142b4bbbf932: start 8bb737d4-3739-4a89-bbd0-142b4bbbf932@group-50C932F8828D-FollowerState
2023-05-08 09:34:20,597 [pool-363-thread-1] INFO  util.JmxRegister (JmxRegister.java:tryRegister(44)) - Successfully registered JMX Bean with object name Ratis:service=RaftServer,group=group-50C932F8828D,id=8bb737d4-3739-4a89-bbd0-142b4bbbf932
2023-05-08 09:34:20,597 [8bb737d4-3739-4a89-bbd0-142b4bbbf932@group-50C932F8828D-FollowerState] INFO  server.RaftServerConfigKeys (ConfUtils.java:logFallback(53)) - raft.server.rpc.first-election.timeout.min = 5s (fallback to raft.server.rpc.timeout.min)
2023-05-08 09:34:20,597 [pool-363-thread-1] INFO  server.RaftServerConfigKeys (ConfUtils.java:logGet(46)) - raft.server.snapshot.auto.trigger.enabled = true (custom)
2023-05-08 09:34:20,597 [8bb737d4-3739-4a89-bbd0-142b4bbbf932@group-50C932F8828D-FollowerState] INFO  server.RaftServerConfigKeys (ConfUtils.java:logFallback(53)) - raft.server.rpc.first-election.timeout.max = 5200ms (fallback to raft.server.rpc.timeout.max)
2023-05-08 09:34:20,598 [pool-363-thread-1] INFO  server.RaftServerConfigKeys (ConfUtils.java:logGet(46)) - raft.server.snapshot.auto.trigger.threshold = 10000 (custom)
2023-05-08 09:34:20,598 [pool-363-thread-1] INFO  server.RaftServerConfigKeys (ConfUtils.java:logGet(46)) - raft.server.snapshot.retention.file.num = 5 (custom)
2023-05-08 09:34:20,598 [pool-363-thread-1] INFO  server.RaftServerConfigKeys (ConfUtils.java:logGet(46)) - raft.server.log.purge.upto.snapshot.index = false (default)
2023-05-08 09:34:20,598 [Command processor thread] INFO  ratis.XceiverServerRatis (XceiverServerRatis.java:addGroup(806)) - Created group PipelineID=621ac379-ce2d-4860-93ed-50c932f8828d
2023-05-08 09:34:20,598 [Command processor thread] INFO  commandhandler.CreatePipelineCommandHandler (CreatePipelineCommandHandler.java:handle(113)) - Created Pipeline RATIS ONE PipelineID=621ac379-ce2d-4860-93ed-50c932f8828d.
2023-05-08 09:34:20,925 [Command processor thread] INFO  server.RaftServer (RaftServerProxy.java:addNew(96)) - 31bb0062-e0a6-44a8-8078-5986d8d8cb42: addNew group-6BA7166BEDDD:[31bb0062-e0a6-44a8-8078-5986d8d8cb42|rpc:10.1.0.160:33403|dataStream:10.1.0.160:36965|priority:1|startupRole:FOLLOWER] returns group-6BA7166BEDDD:java.util.concurrent.CompletableFuture@410314b7[Not completed]
2023-05-08 09:34:20,926 [pool-385-thread-1] INFO  server.RaftServer$Division (RaftServerImpl.java:<init>(195)) - 31bb0062-e0a6-44a8-8078-5986d8d8cb42: new RaftServerImpl for group-6BA7166BEDDD:[31bb0062-e0a6-44a8-8078-5986d8d8cb42|rpc:10.1.0.160:33403|dataStream:10.1.0.160:36965|priority:1|startupRole:FOLLOWER] with ContainerStateMachine:uninitialized
2023-05-08 09:34:20,926 [pool-385-thread-1] INFO  server.RaftServerConfigKeys (ConfUtils.java:logGet(46)) - raft.server.rpc.timeout.min = 5s (custom)
2023-05-08 09:34:20,926 [pool-385-thread-1] INFO  server.RaftServerConfigKeys (ConfUtils.java:logGet(46)) - raft.server.rpc.timeout.max = 5200ms (custom)
2023-05-08 09:34:20,926 [pool-385-thread-1] INFO  server.RaftServerConfigKeys (ConfUtils.java:logGet(46)) - raft.server.rpc.sleep.time = 25ms (default)
2023-05-08 09:34:20,926 [pool-385-thread-1] INFO  server.RaftServerConfigKeys (ConfUtils.java:logGet(46)) - raft.server.rpc.slowness.timeout = 300s (custom)
2023-05-08 09:34:20,927 [pool-385-thread-1] INFO  server.RaftServerConfigKeys (ConfUtils.java:logGet(46)) - raft.server.leaderelection.leader.step-down.wait-time = 10s (default)
2023-05-08 09:34:20,927 [pool-385-thread-1] INFO  server.RaftServerConfigKeys (ConfUtils.java:logGet(46)) - raft.server.sleep.deviation.threshold = 300ms (default)
2023-05-08 09:34:20,927 [pool-385-thread-1] INFO  server.RaftServer$Division (ServerState.java:<init>(118)) - 31bb0062-e0a6-44a8-8078-5986d8d8cb42@group-6BA7166BEDDD: ConfigurationManager, init=-1: peers:[31bb0062-e0a6-44a8-8078-5986d8d8cb42|rpc:10.1.0.160:33403|dataStream:10.1.0.160:36965|priority:1|startupRole:FOLLOWER]|listeners:[], old=null, confs=<EMPTY_MAP>
2023-05-08 09:34:20,927 [pool-385-thread-1] INFO  server.RaftServerConfigKeys (ConfUtils.java:logGet(46)) - raft.server.storage.dir = [/home/runner/work/ozone/ozone/hadoop-ozone/integration-test/target/test-dir/MiniOzoneClusterImpl-fa43fc2a-bf5b-4c12-844e-0f55669bff2c/datanode-2/data/ratis] (custom)
2023-05-08 09:34:20,927 [pool-385-thread-1] INFO  server.RaftServerConfigKeys (ConfUtils.java:logGet(46)) - raft.server.log.corruption.policy = EXCEPTION (default)
2023-05-08 09:34:20,927 [pool-385-thread-1] INFO  server.RaftServerConfigKeys (ConfUtils.java:logGet(46)) - raft.server.storage.free-space.min = 0MB (=0) (default)
2023-05-08 09:34:20,927 [pool-385-thread-1] INFO  server.RaftServerConfigKeys (ConfUtils.java:logGet(46)) - raft.server.notification.no-leader.timeout = 300s (custom)
2023-05-08 09:34:20,927 [pool-385-thread-1] INFO  server.RaftServerConfigKeys (ConfUtils.java:logGet(46)) - raft.server.retrycache.expirytime = 600000ms (custom)
2023-05-08 09:34:20,927 [pool-385-thread-1] INFO  server.RaftServerConfigKeys (ConfUtils.java:logGet(46)) - raft.server.retrycache.statistics.expirytime = 100μs (default)
2023-05-08 09:34:20,928 [pool-385-thread-1] INFO  server.RaftServerConfigKeys (ConfUtils.java:logGet(46)) - raft.server.log.appender.install.snapshot.enabled = false (custom)
2023-05-08 09:34:20,928 [pool-385-thread-1] INFO  server.RaftServerConfigKeys (ConfUtils.java:logGet(46)) - raft.server.threadpool.server.cached = true (default)
2023-05-08 09:34:20,928 [pool-385-thread-1] INFO  server.RaftServerConfigKeys (ConfUtils.java:logGet(46)) - raft.server.threadpool.server.size = 0 (default)
2023-05-08 09:34:20,928 [pool-385-thread-1] INFO  server.RaftServerConfigKeys (ConfUtils.java:logGet(46)) - raft.server.threadpool.client.cached = true (default)
2023-05-08 09:34:20,928 [pool-385-thread-1] INFO  server.RaftServerConfigKeys (ConfUtils.java:logGet(46)) - raft.server.threadpool.client.size = 0 (default)
2023-05-08 09:34:20,928 [pool-385-thread-1] INFO  storage.RaftStorageDirectory (RaftStorageDirectoryImpl.java:analyzeStorage(137)) - The storage directory /home/runner/work/ozone/ozone/hadoop-ozone/integration-test/target/test-dir/MiniOzoneClusterImpl-fa43fc2a-bf5b-4c12-844e-0f55669bff2c/datanode-2/data/ratis/e1819799-32ec-4bf9-ab7a-6ba7166beddd does not exist. Creating ...
2023-05-08 09:34:20,928 [Listener at 127.0.0.1/36187] INFO  ozone.MiniOzoneClusterImpl (MiniOzoneClusterImpl.java:lambda$waitForClusterToBeReady$0(224)) - Nodes are ready. Got 3 of 3 DN Heartbeats.
2023-05-08 09:34:20,928 [Listener at 127.0.0.1/36187] INFO  ozone.MiniOzoneClusterImpl (MiniOzoneClusterImpl.java:lambda$waitForClusterToBeReady$0(227)) - Waiting for cluster to exit safe mode
2023-05-08 09:34:20,928 [Listener at 127.0.0.1/36187] INFO  ozone.MiniOzoneClusterImpl (MiniOzoneClusterImpl.java:lambda$waitForClusterToBeReady$0(229)) - SCM became leader
2023-05-08 09:34:20,930 [pool-385-thread-1] INFO  storage.RaftStorageDirectory (RaftStorageDirectoryImpl.java:tryLock(231)) - Lock on /home/runner/work/ozone/ozone/hadoop-ozone/integration-test/target/test-dir/MiniOzoneClusterImpl-fa43fc2a-bf5b-4c12-844e-0f55669bff2c/datanode-2/data/ratis/e1819799-32ec-4bf9-ab7a-6ba7166beddd/in_use.lock acquired by nodename 7572@fv-az96-539
2023-05-08 09:34:20,931 [pool-385-thread-1] INFO  storage.RaftStorage (RaftStorageImpl.java:format(96)) - Storage directory /home/runner/work/ozone/ozone/hadoop-ozone/integration-test/target/test-dir/MiniOzoneClusterImpl-fa43fc2a-bf5b-4c12-844e-0f55669bff2c/datanode-2/data/ratis/e1819799-32ec-4bf9-ab7a-6ba7166beddd has been successfully formatted.
2023-05-08 09:34:20,932 [pool-385-thread-1] INFO  ratis.ContainerStateMachine (ContainerStateMachine.java:loadSnapshot(262)) - group-6BA7166BEDDD: The snapshot info is null. Setting the last applied indexto:(t:0, i:~)
2023-05-08 09:34:20,932 [pool-385-thread-1] INFO  server.RaftServerConfigKeys (ConfUtils.java:logGet(46)) - raft.server.log.use.memory = false (default)
2023-05-08 09:34:20,932 [pool-385-thread-1] INFO  server.RaftServerConfigKeys (ConfUtils.java:logGet(46)) - raft.server.log.purge.gap = 1000000 (custom)
2023-05-08 09:34:20,932 [pool-385-thread-1] INFO  server.RaftServerConfigKeys (ConfUtils.java:logGet(46)) - raft.server.log.appender.buffer.byte-limit = 33554432 (custom)
2023-05-08 09:34:20,932 [pool-385-thread-1] INFO  server.RaftServerConfigKeys (ConfUtils.java:logGet(46)) - raft.server.log.statemachine.data.read.timeout = 1000ms (default)
2023-05-08 09:34:20,932 [pool-385-thread-1] INFO  server.RaftServerConfigKeys (ConfUtils.java:logGet(46)) - raft.server.log.purge.preservation.log.num = 0 (default)
2023-05-08 09:34:20,932 [pool-385-thread-1] INFO  server.RaftServerConfigKeys (ConfUtils.java:logGet(46)) - raft.server.log.segment.size.max = 1048576 (custom)
2023-05-08 09:34:20,933 [EventQueue-PipelineReportForPipelineReportHandler] INFO  pipeline.PipelineManagerImpl (PipelineManagerImpl.java:openPipeline(367)) - Pipeline Pipeline[ Id: e1819799-32ec-4bf9-ab7a-6ba7166beddd, Nodes: 31bb0062-e0a6-44a8-8078-5986d8d8cb42(fv-az96-539/10.1.0.160), ReplicationConfig: RATIS/ONE, State:ALLOCATED, leaderId:31bb0062-e0a6-44a8-8078-5986d8d8cb42, CreationTimestamp2023-05-08T09:34:17.928Z[Etc/UTC]] moved to OPEN state
2023-05-08 09:34:20,934 [EventQueue-OpenPipelineForHealthyPipelineSafeModeRule] INFO  safemode.SCMSafeModeManager (HealthyPipelineSafeModeRule.java:process(137)) - SCM in safe mode. Healthy pipelines reported count is 0, required healthy pipeline reported count is 1
2023-05-08 09:34:20,934 [pool-385-thread-1] INFO  server.RaftServerConfigKeys (ConfUtils.java:logGet(46)) - raft.server.log.segment.cache.num.max = 2 (custom)
2023-05-08 09:34:20,934 [pool-385-thread-1] INFO  server.RaftServerConfigKeys (ConfUtils.java:logGet(46)) - raft.server.log.segment.cache.size.max = 200MB (=209715200) (default)
2023-05-08 09:34:20,934 [pool-385-thread-1] INFO  segmented.SegmentedRaftLogWorker (SegmentedRaftLogWorker.java:<init>(189)) - new 31bb0062-e0a6-44a8-8078-5986d8d8cb42@group-6BA7166BEDDD-SegmentedRaftLogWorker for RaftStorageImpl:Storage Directory /home/runner/work/ozone/ozone/hadoop-ozone/integration-test/target/test-dir/MiniOzoneClusterImpl-fa43fc2a-bf5b-4c12-844e-0f55669bff2c/datanode-2/data/ratis/e1819799-32ec-4bf9-ab7a-6ba7166beddd
2023-05-08 09:34:20,934 [pool-385-thread-1] INFO  server.RaftServerConfigKeys (ConfUtils.java:logGet(46)) - raft.server.log.queue.byte-limit = 4294967296 (custom)
2023-05-08 09:34:20,934 [pool-385-thread-1] INFO  server.RaftServerConfigKeys (ConfUtils.java:logGet(46)) - raft.server.log.queue.element-limit = 1024 (custom)
2023-05-08 09:34:20,934 [pool-385-thread-1] INFO  server.RaftServerConfigKeys (ConfUtils.java:logGet(46)) - raft.server.log.segment.size.max = 1048576 (custom)
2023-05-08 09:34:20,934 [pool-385-thread-1] INFO  server.RaftServerConfigKeys (ConfUtils.java:logGet(46)) - raft.server.log.preallocated.size = 16384 (custom)
2023-05-08 09:34:20,934 [pool-385-thread-1] INFO  server.RaftServerConfigKeys (ConfUtils.java:logGet(46)) - raft.server.log.force.sync.num = 128 (default)
2023-05-08 09:34:20,934 [pool-385-thread-1] INFO  server.RaftServerConfigKeys (ConfUtils.java:logGet(46)) - raft.server.log.statemachine.data.sync = true (default)
2023-05-08 09:34:20,934 [pool-385-thread-1] INFO  server.RaftServerConfigKeys (ConfUtils.java:logGet(46)) - raft.server.log.statemachine.data.sync.timeout = 10s (default)
2023-05-08 09:34:20,934 [pool-385-thread-1] INFO  server.RaftServerConfigKeys (ConfUtils.java:logGet(46)) - raft.server.log.statemachine.data.sync.timeout.retry = -1 (default)
2023-05-08 09:34:20,935 [pool-385-thread-1] INFO  server.RaftServerConfigKeys (ConfUtils.java:logGet(46)) - raft.server.log.write.buffer.size = 1048576 (custom)
2023-05-08 09:34:20,936 [pool-385-thread-1] INFO  server.RaftServerConfigKeys (ConfUtils.java:logGet(46)) - raft.server.log.appender.buffer.byte-limit = 33554432 (custom)
2023-05-08 09:34:21,300 [JvmPauseMonitor8] WARN  util.JvmPauseMonitor (JvmPauseMonitor.java:detectPause(126)) - JvmPauseMonitor-8bb737d4-3739-4a89-bbd0-142b4bbbf932: Detected pause in JVM or host machine (eg GC): pause of approximately 169059112ns.
GC pool 'PS MarkSweep' had collection(s): count=1 time=201ms
GC pool 'PS Scavenge' had collection(s): count=1 time=161ms
2023-05-08 09:34:21,301 [JvmPauseMonitor9] WARN  util.JvmPauseMonitor (JvmPauseMonitor.java:detectPause(126)) - JvmPauseMonitor-31bb0062-e0a6-44a8-8078-5986d8d8cb42: Detected pause in JVM or host machine (eg GC): pause of approximately 329040813ns.
GC pool 'PS MarkSweep' had collection(s): count=1 time=201ms
GC pool 'PS Scavenge' had collection(s): count=1 time=161ms
2023-05-08 09:34:21,307 [pool-385-thread-1] INFO  server.RaftServerConfigKeys (ConfUtils.java:logGet(46)) - raft.server.log.unsafe-flush.enabled = false (default)
2023-05-08 09:34:21,307 [pool-385-thread-1] INFO  server.RaftServerConfigKeys (ConfUtils.java:logGet(46)) - raft.server.log.async-flush.enabled = false (default)
2023-05-08 09:34:21,307 [pool-385-thread-1] INFO  server.RaftServerConfigKeys (ConfUtils.java:logGet(46)) - raft.server.log.statemachine.data.caching.enabled = true (custom)
2023-05-08 09:34:21,308 [pool-385-thread-1] INFO  segmented.SegmentedRaftLogWorker (SegmentedRaftLogWorker.java:lambda$new$0(135)) - 31bb0062-e0a6-44a8-8078-5986d8d8cb42@group-6BA7166BEDDD-SegmentedRaftLogWorker: flushIndex: setUnconditionally 0 -> -1
2023-05-08 09:34:21,308 [pool-385-thread-1] INFO  segmented.SegmentedRaftLogWorker (SegmentedRaftLogWorker.java:lambda$new$0(135)) - 31bb0062-e0a6-44a8-8078-5986d8d8cb42@group-6BA7166BEDDD-SegmentedRaftLogWorker: safeCacheEvictIndex: setUnconditionally 0 -> -1
2023-05-08 09:34:21,308 [pool-385-thread-1] INFO  server.RaftServer$Division (RaftServerImpl.java:start(334)) - 31bb0062-e0a6-44a8-8078-5986d8d8cb42@group-6BA7166BEDDD: start as a follower, conf=-1: peers:[31bb0062-e0a6-44a8-8078-5986d8d8cb42|rpc:10.1.0.160:33403|dataStream:10.1.0.160:36965|priority:1|startupRole:FOLLOWER]|listeners:[], old=null
2023-05-08 09:34:21,308 [pool-385-thread-1] INFO  server.RaftServer$Division (RaftServerImpl.java:setRole(321)) - 31bb0062-e0a6-44a8-8078-5986d8d8cb42@group-6BA7166BEDDD: changes role from      null to FOLLOWER at term 0 for startAsFollower
2023-05-08 09:34:21,309 [pool-385-thread-1] INFO  impl.RoleInfo (RoleInfo.java:updateAndGet(139)) - 31bb0062-e0a6-44a8-8078-5986d8d8cb42: start 31bb0062-e0a6-44a8-8078-5986d8d8cb42@group-6BA7166BEDDD-FollowerState
2023-05-08 09:34:21,316 [31bb0062-e0a6-44a8-8078-5986d8d8cb42@group-6BA7166BEDDD-FollowerState] INFO  server.RaftServerConfigKeys (ConfUtils.java:logFallback(53)) - raft.server.rpc.first-election.timeout.min = 5s (fallback to raft.server.rpc.timeout.min)
2023-05-08 09:34:21,316 [31bb0062-e0a6-44a8-8078-5986d8d8cb42@group-6BA7166BEDDD-FollowerState] INFO  server.RaftServerConfigKeys (ConfUtils.java:logFallback(53)) - raft.server.rpc.first-election.timeout.max = 5200ms (fallback to raft.server.rpc.timeout.max)
2023-05-08 09:34:21,316 [pool-385-thread-1] INFO  util.JmxRegister (JmxRegister.java:tryRegister(44)) - Successfully registered JMX Bean with object name Ratis:service=RaftServer,group=group-6BA7166BEDDD,id=31bb0062-e0a6-44a8-8078-5986d8d8cb42
2023-05-08 09:34:21,317 [pool-385-thread-1] INFO  server.RaftServerConfigKeys (ConfUtils.java:logGet(46)) - raft.server.snapshot.auto.trigger.enabled = true (custom)
2023-05-08 09:34:21,317 [pool-385-thread-1] INFO  server.RaftServerConfigKeys (ConfUtils.java:logGet(46)) - raft.server.snapshot.auto.trigger.threshold = 10000 (custom)
2023-05-08 09:34:21,317 [pool-385-thread-1] INFO  server.RaftServerConfigKeys (ConfUtils.java:logGet(46)) - raft.server.snapshot.retention.file.num = 5 (custom)
2023-05-08 09:34:21,317 [pool-385-thread-1] INFO  server.RaftServerConfigKeys (ConfUtils.java:logGet(46)) - raft.server.log.purge.upto.snapshot.index = false (default)
2023-05-08 09:34:21,317 [Command processor thread] INFO  ratis.XceiverServerRatis (XceiverServerRatis.java:addGroup(806)) - Created group PipelineID=e1819799-32ec-4bf9-ab7a-6ba7166beddd
2023-05-08 09:34:21,317 [Command processor thread] INFO  commandhandler.CreatePipelineCommandHandler (CreatePipelineCommandHandler.java:handle(113)) - Created Pipeline RATIS ONE PipelineID=e1819799-32ec-4bf9-ab7a-6ba7166beddd.
2023-05-08 09:34:21,928 [Listener at 127.0.0.1/36187] INFO  ozone.MiniOzoneClusterImpl (MiniOzoneClusterImpl.java:lambda$waitForClusterToBeReady$0(224)) - Nodes are ready. Got 3 of 3 DN Heartbeats.
2023-05-08 09:34:21,929 [Listener at 127.0.0.1/36187] INFO  ozone.MiniOzoneClusterImpl (MiniOzoneClusterImpl.java:lambda$waitForClusterToBeReady$0(227)) - Waiting for cluster to exit safe mode
2023-05-08 09:34:21,929 [Listener at 127.0.0.1/36187] INFO  ozone.MiniOzoneClusterImpl (MiniOzoneClusterImpl.java:lambda$waitForClusterToBeReady$0(229)) - SCM became leader
2023-05-08 09:34:22,929 [Listener at 127.0.0.1/36187] INFO  ozone.MiniOzoneClusterImpl (MiniOzoneClusterImpl.java:lambda$waitForClusterToBeReady$0(224)) - Nodes are ready. Got 3 of 3 DN Heartbeats.
2023-05-08 09:34:22,929 [Listener at 127.0.0.1/36187] INFO  ozone.MiniOzoneClusterImpl (MiniOzoneClusterImpl.java:lambda$waitForClusterToBeReady$0(227)) - Waiting for cluster to exit safe mode
2023-05-08 09:34:22,929 [Listener at 127.0.0.1/36187] INFO  ozone.MiniOzoneClusterImpl (MiniOzoneClusterImpl.java:lambda$waitForClusterToBeReady$0(229)) - SCM became leader
2023-05-08 09:34:23,930 [Listener at 127.0.0.1/36187] INFO  ozone.MiniOzoneClusterImpl (MiniOzoneClusterImpl.java:lambda$waitForClusterToBeReady$0(224)) - Nodes are ready. Got 3 of 3 DN Heartbeats.
2023-05-08 09:34:23,930 [Listener at 127.0.0.1/36187] INFO  ozone.MiniOzoneClusterImpl (MiniOzoneClusterImpl.java:lambda$waitForClusterToBeReady$0(227)) - Waiting for cluster to exit safe mode
2023-05-08 09:34:23,930 [Listener at 127.0.0.1/36187] INFO  ozone.MiniOzoneClusterImpl (MiniOzoneClusterImpl.java:lambda$waitForClusterToBeReady$0(229)) - SCM became leader
2023-05-08 09:34:24,930 [Listener at 127.0.0.1/36187] INFO  ozone.MiniOzoneClusterImpl (MiniOzoneClusterImpl.java:lambda$waitForClusterToBeReady$0(224)) - Nodes are ready. Got 3 of 3 DN Heartbeats.
2023-05-08 09:34:24,930 [Listener at 127.0.0.1/36187] INFO  ozone.MiniOzoneClusterImpl (MiniOzoneClusterImpl.java:lambda$waitForClusterToBeReady$0(227)) - Waiting for cluster to exit safe mode
2023-05-08 09:34:24,930 [Listener at 127.0.0.1/36187] INFO  ozone.MiniOzoneClusterImpl (MiniOzoneClusterImpl.java:lambda$waitForClusterToBeReady$0(229)) - SCM became leader
2023-05-08 09:34:25,350 [f5594809-1a1d-480b-9497-2673d29d2595@group-0E38F6B8B936-FollowerState] INFO  impl.FollowerState (FollowerState.java:run(143)) - f5594809-1a1d-480b-9497-2673d29d2595@group-0E38F6B8B936-FollowerState: change to CANDIDATE, lastRpcElapsedTime:5078699888ns, electionTimeout:5078ms
2023-05-08 09:34:25,350 [f5594809-1a1d-480b-9497-2673d29d2595@group-0E38F6B8B936-FollowerState] INFO  impl.RoleInfo (RoleInfo.java:shutdownFollowerState(110)) - f5594809-1a1d-480b-9497-2673d29d2595: shutdown f5594809-1a1d-480b-9497-2673d29d2595@group-0E38F6B8B936-FollowerState
2023-05-08 09:34:25,350 [f5594809-1a1d-480b-9497-2673d29d2595@group-0E38F6B8B936-FollowerState] INFO  server.RaftServer$Division (RaftServerImpl.java:setRole(321)) - f5594809-1a1d-480b-9497-2673d29d2595@group-0E38F6B8B936: changes role from  FOLLOWER to CANDIDATE at term 0 for changeToCandidate
2023-05-08 09:34:25,351 [f5594809-1a1d-480b-9497-2673d29d2595@group-0E38F6B8B936-FollowerState] INFO  server.RaftServerConfigKeys (ConfUtils.java:logGet(46)) - raft.server.leaderelection.pre-vote = true (default)
2023-05-08 09:34:25,351 [f5594809-1a1d-480b-9497-2673d29d2595@group-0E38F6B8B936-FollowerState] INFO  impl.RoleInfo (RoleInfo.java:updateAndGet(139)) - f5594809-1a1d-480b-9497-2673d29d2595: start f5594809-1a1d-480b-9497-2673d29d2595@group-0E38F6B8B936-LeaderElection12
2023-05-08 09:34:25,354 [f5594809-1a1d-480b-9497-2673d29d2595@group-0E38F6B8B936-LeaderElection12] INFO  impl.LeaderElection (LeaderElection.java:askForVotes(312)) - f5594809-1a1d-480b-9497-2673d29d2595@group-0E38F6B8B936-LeaderElection12 PRE_VOTE round 0: submit vote requests at term 0 for -1: peers:[f5594809-1a1d-480b-9497-2673d29d2595|rpc:10.1.0.160:42729|dataStream:10.1.0.160:33155|priority:1|startupRole:FOLLOWER]|listeners:[], old=null
2023-05-08 09:34:25,354 [f5594809-1a1d-480b-9497-2673d29d2595@group-0E38F6B8B936-LeaderElection12] INFO  impl.LeaderElection (LeaderElection.java:askForVotes(314)) - f5594809-1a1d-480b-9497-2673d29d2595@group-0E38F6B8B936-LeaderElection12 PRE_VOTE round 0: result PASSED (term=0)
2023-05-08 09:34:25,355 [f5594809-1a1d-480b-9497-2673d29d2595@group-0E38F6B8B936-LeaderElection12] INFO  impl.LeaderElection (LeaderElection.java:askForVotes(312)) - f5594809-1a1d-480b-9497-2673d29d2595@group-0E38F6B8B936-LeaderElection12 ELECTION round 0: submit vote requests at term 1 for -1: peers:[f5594809-1a1d-480b-9497-2673d29d2595|rpc:10.1.0.160:42729|dataStream:10.1.0.160:33155|priority:1|startupRole:FOLLOWER]|listeners:[], old=null
2023-05-08 09:34:25,356 [f5594809-1a1d-480b-9497-2673d29d2595@group-0E38F6B8B936-LeaderElection12] INFO  impl.LeaderElection (LeaderElection.java:askForVotes(314)) - f5594809-1a1d-480b-9497-2673d29d2595@group-0E38F6B8B936-LeaderElection12 ELECTION round 0: result PASSED (term=1)
2023-05-08 09:34:25,356 [f5594809-1a1d-480b-9497-2673d29d2595@group-0E38F6B8B936-LeaderElection12] INFO  impl.RoleInfo (RoleInfo.java:shutdownLeaderElection(130)) - f5594809-1a1d-480b-9497-2673d29d2595: shutdown f5594809-1a1d-480b-9497-2673d29d2595@group-0E38F6B8B936-LeaderElection12
2023-05-08 09:34:25,356 [f5594809-1a1d-480b-9497-2673d29d2595@group-0E38F6B8B936-LeaderElection12] INFO  server.RaftServer$Division (RaftServerImpl.java:setRole(321)) - f5594809-1a1d-480b-9497-2673d29d2595@group-0E38F6B8B936: changes role from CANDIDATE to LEADER at term 1 for changeToLeader
2023-05-08 09:34:25,356 [f5594809-1a1d-480b-9497-2673d29d2595@group-0E38F6B8B936-LeaderElection12] INFO  ratis.XceiverServerRatis (XceiverServerRatis.java:handleLeaderChangedNotification(904)) - Leader change notification received for group: group-0E38F6B8B936 with new leaderId: f5594809-1a1d-480b-9497-2673d29d2595
2023-05-08 09:34:25,356 [f5594809-1a1d-480b-9497-2673d29d2595@group-0E38F6B8B936-LeaderElection12] INFO  server.RaftServer$Division (ServerState.java:setLeader(313)) - f5594809-1a1d-480b-9497-2673d29d2595@group-0E38F6B8B936: change Leader from null to f5594809-1a1d-480b-9497-2673d29d2595 at term 1 for becomeLeader, leader elected after 5102ms
2023-05-08 09:34:25,357 [f5594809-1a1d-480b-9497-2673d29d2595@group-0E38F6B8B936-LeaderElection12] INFO  server.RaftServerConfigKeys (ConfUtils.java:logGet(46)) - raft.server.staging.catchup.gap = 1000 (default)
2023-05-08 09:34:25,357 [f5594809-1a1d-480b-9497-2673d29d2595@group-0E38F6B8B936-LeaderElection12] INFO  server.RaftServerConfigKeys (ConfUtils.java:logGet(46)) - raft.server.write.element-limit = 1024 (custom)
2023-05-08 09:34:25,357 [f5594809-1a1d-480b-9497-2673d29d2595@group-0E38F6B8B936-LeaderElection12] INFO  server.RaftServerConfigKeys (ConfUtils.java:logGet(46)) - raft.server.write.byte-limit = 1024 M (=1073741824) (custom)
2023-05-08 09:34:25,357 [EventQueue-OpenPipelineForHealthyPipelineSafeModeRule] INFO  safemode.SCMSafeModeManager (HealthyPipelineSafeModeRule.java:process(137)) - SCM in safe mode. Healthy pipelines reported count is 0, required healthy pipeline reported count is 1
2023-05-08 09:34:25,357 [f5594809-1a1d-480b-9497-2673d29d2595@group-0E38F6B8B936-LeaderElection12] INFO  server.RaftServerConfigKeys (ConfUtils.java:logGet(46)) - raft.server.watch.timeout = 180s (custom)
2023-05-08 09:34:25,358 [f5594809-1a1d-480b-9497-2673d29d2595@group-0E38F6B8B936-LeaderElection12] INFO  server.RaftServerConfigKeys (ConfUtils.java:logGet(46)) - raft.server.watch.timeout.denomination = 1s (default)
2023-05-08 09:34:25,358 [f5594809-1a1d-480b-9497-2673d29d2595@group-0E38F6B8B936-LeaderElection12] INFO  server.RaftServerConfigKeys (ConfUtils.java:logGet(46)) - raft.server.watch.element-limit = 65536 (default)
2023-05-08 09:34:25,358 [f5594809-1a1d-480b-9497-2673d29d2595@group-0E38F6B8B936-LeaderElection12] INFO  server.RaftServerConfigKeys (ConfUtils.java:logGet(46)) - raft.server.write.element-limit = 1024 (custom)
2023-05-08 09:34:25,358 [f5594809-1a1d-480b-9497-2673d29d2595@group-0E38F6B8B936-LeaderElection12] INFO  server.RaftServerConfigKeys (ConfUtils.java:logGet(46)) - raft.server.write.follower.gap.ratio.max = -1.0 (default)
2023-05-08 09:34:25,358 [f5594809-1a1d-480b-9497-2673d29d2595@group-0E38F6B8B936-LeaderElection12] INFO  impl.RoleInfo (RoleInfo.java:updateAndGet(139)) - f5594809-1a1d-480b-9497-2673d29d2595: start f5594809-1a1d-480b-9497-2673d29d2595@group-0E38F6B8B936-LeaderStateImpl
2023-05-08 09:34:25,358 [f5594809-1a1d-480b-9497-2673d29d2595@group-0E38F6B8B936-LeaderElection12] INFO  segmented.SegmentedRaftLogWorker (SegmentedRaftLogWorker.java:startLogSegment(452)) - f5594809-1a1d-480b-9497-2673d29d2595@group-0E38F6B8B936-SegmentedRaftLogWorker: Starting segment from index:0
2023-05-08 09:34:25,361 [f5594809-1a1d-480b-9497-2673d29d2595@group-0E38F6B8B936-LeaderElection12] INFO  server.RaftServer$Division (ServerState.java:setRaftConf(430)) - f5594809-1a1d-480b-9497-2673d29d2595@group-0E38F6B8B936: set configuration 0: peers:[f5594809-1a1d-480b-9497-2673d29d2595|rpc:10.1.0.160:42729|dataStream:10.1.0.160:33155|priority:1|startupRole:FOLLOWER]|listeners:[], old=null
2023-05-08 09:34:25,361 [f5594809-1a1d-480b-9497-2673d29d2595@group-2325FE0F4446-FollowerState] INFO  impl.FollowerState (FollowerState.java:run(143)) - f5594809-1a1d-480b-9497-2673d29d2595@group-2325FE0F4446-FollowerState: change to CANDIDATE, lastRpcElapsedTime:5075272451ns, electionTimeout:5074ms
2023-05-08 09:34:25,361 [f5594809-1a1d-480b-9497-2673d29d2595@group-2325FE0F4446-FollowerState] INFO  impl.RoleInfo (RoleInfo.java:shutdownFollowerState(110)) - f5594809-1a1d-480b-9497-2673d29d2595: shutdown f5594809-1a1d-480b-9497-2673d29d2595@group-2325FE0F4446-FollowerState
2023-05-08 09:34:25,362 [f5594809-1a1d-480b-9497-2673d29d2595@group-2325FE0F4446-FollowerState] INFO  server.RaftServer$Division (RaftServerImpl.java:setRole(321)) - f5594809-1a1d-480b-9497-2673d29d2595@group-2325FE0F4446: changes role from  FOLLOWER to CANDIDATE at term 0 for changeToCandidate
2023-05-08 09:34:25,362 [f5594809-1a1d-480b-9497-2673d29d2595@group-2325FE0F4446-FollowerState] INFO  server.RaftServerConfigKeys (ConfUtils.java:logGet(46)) - raft.server.leaderelection.pre-vote = true (default)
2023-05-08 09:34:25,362 [f5594809-1a1d-480b-9497-2673d29d2595@group-2325FE0F4446-FollowerState] INFO  impl.RoleInfo (RoleInfo.java:updateAndGet(139)) - f5594809-1a1d-480b-9497-2673d29d2595: start f5594809-1a1d-480b-9497-2673d29d2595@group-2325FE0F4446-LeaderElection13
2023-05-08 09:34:25,362 [f5594809-1a1d-480b-9497-2673d29d2595@group-2325FE0F4446-LeaderElection13] INFO  impl.LeaderElection (LeaderElection.java:askForVotes(312)) - f5594809-1a1d-480b-9497-2673d29d2595@group-2325FE0F4446-LeaderElection13 PRE_VOTE round 0: submit vote requests at term 0 for -1: peers:[f5594809-1a1d-480b-9497-2673d29d2595|rpc:10.1.0.160:42729|dataStream:10.1.0.160:33155|priority:0|startupRole:FOLLOWER, 8bb737d4-3739-4a89-bbd0-142b4bbbf932|rpc:10.1.0.160:40901|dataStream:10.1.0.160:41785|priority:1|startupRole:FOLLOWER, 31bb0062-e0a6-44a8-8078-5986d8d8cb42|rpc:10.1.0.160:33403|dataStream:10.1.0.160:36965|priority:0|startupRole:FOLLOWER]|listeners:[], old=null
2023-05-08 09:34:25,363 [f5594809-1a1d-480b-9497-2673d29d2595@group-0E38F6B8B936-SegmentedRaftLogWorker] INFO  segmented.SegmentedRaftLogWorker (SegmentedRaftLogWorker.java:execute(656)) - f5594809-1a1d-480b-9497-2673d29d2595@group-0E38F6B8B936-SegmentedRaftLogWorker: created new log segment /home/runner/work/ozone/ozone/hadoop-ozone/integration-test/target/test-dir/MiniOzoneClusterImpl-fa43fc2a-bf5b-4c12-844e-0f55669bff2c/datanode-0/data/ratis/89efe5a9-869e-4cac-a636-0e38f6b8b936/current/log_inprogress_0
2023-05-08 09:34:25,363 [f5594809-1a1d-480b-9497-2673d29d2595@group-2325FE0F4446-LeaderElection13-1] INFO  server.GrpcServerProtocolClient (GrpcServerProtocolClient.java:<init>(63)) - Build channel for 8bb737d4-3739-4a89-bbd0-142b4bbbf932
2023-05-08 09:34:25,368 [f5594809-1a1d-480b-9497-2673d29d2595@group-2325FE0F4446-LeaderElection13] INFO  server.RaftServerConfigKeys (ConfUtils.java:logFallback(53)) - raft.server.rpc.first-election.timeout.min = 5s (fallback to raft.server.rpc.timeout.min)
2023-05-08 09:34:25,368 [f5594809-1a1d-480b-9497-2673d29d2595@group-2325FE0F4446-LeaderElection13] INFO  server.RaftServerConfigKeys (ConfUtils.java:logFallback(53)) - raft.server.rpc.first-election.timeout.max = 5200ms (fallback to raft.server.rpc.timeout.max)
2023-05-08 09:34:25,371 [grpc-default-executor-0] INFO  server.RaftServer$Division (RaftServerImpl.java:requestVote(1218)) - 8bb737d4-3739-4a89-bbd0-142b4bbbf932@group-2325FE0F4446: receive requestVote(PRE_VOTE, f5594809-1a1d-480b-9497-2673d29d2595, group-2325FE0F4446, 0, (t:0, i:0))
2023-05-08 09:34:25,372 [grpc-default-executor-0] INFO  impl.VoteContext (VoteContext.java:log(49)) - 8bb737d4-3739-4a89-bbd0-142b4bbbf932@group-2325FE0F4446-FOLLOWER: reject PRE_VOTE from f5594809-1a1d-480b-9497-2673d29d2595: our priority 1 > candidate's priority 0
2023-05-08 09:34:25,372 [grpc-default-executor-0] INFO  server.RaftServer$Division (RaftServerImpl.java:requestVote(1251)) - 8bb737d4-3739-4a89-bbd0-142b4bbbf932@group-2325FE0F4446 replies to PRE_VOTE vote request: f5594809-1a1d-480b-9497-2673d29d2595<-8bb737d4-3739-4a89-bbd0-142b4bbbf932#0:FAIL-t0. Peer's state: 8bb737d4-3739-4a89-bbd0-142b4bbbf932@group-2325FE0F4446:t0, leader=null, voted=, raftlog=Memoized:8bb737d4-3739-4a89-bbd0-142b4bbbf932@group-2325FE0F4446-SegmentedRaftLog:OPENED:c-1, conf=-1: peers:[f5594809-1a1d-480b-9497-2673d29d2595|rpc:10.1.0.160:42729|dataStream:10.1.0.160:33155|priority:0|startupRole:FOLLOWER, 8bb737d4-3739-4a89-bbd0-142b4bbbf932|rpc:10.1.0.160:40901|dataStream:10.1.0.160:41785|priority:1|startupRole:FOLLOWER, 31bb0062-e0a6-44a8-8078-5986d8d8cb42|rpc:10.1.0.160:33403|dataStream:10.1.0.160:36965|priority:0|startupRole:FOLLOWER]|listeners:[], old=null
2023-05-08 09:34:25,374 [f5594809-1a1d-480b-9497-2673d29d2595@group-2325FE0F4446-LeaderElection13] INFO  impl.LeaderElection (LeaderElection.java:logAndReturn(90)) - f5594809-1a1d-480b-9497-2673d29d2595@group-2325FE0F4446-LeaderElection13: PRE_VOTE REJECTED received 1 response(s) and 0 exception(s):
2023-05-08 09:34:25,374 [f5594809-1a1d-480b-9497-2673d29d2595@group-2325FE0F4446-LeaderElection13] INFO  impl.LeaderElection (LeaderElection.java:logAndReturn(94)) -   Response 0: f5594809-1a1d-480b-9497-2673d29d2595<-8bb737d4-3739-4a89-bbd0-142b4bbbf932#0:FAIL-t0
2023-05-08 09:34:25,374 [f5594809-1a1d-480b-9497-2673d29d2595@group-2325FE0F4446-LeaderElection13] INFO  impl.LeaderElection (LeaderElection.java:askForVotes(314)) - f5594809-1a1d-480b-9497-2673d29d2595@group-2325FE0F4446-LeaderElection13 PRE_VOTE round 0: result REJECTED
2023-05-08 09:34:25,374 [f5594809-1a1d-480b-9497-2673d29d2595@group-2325FE0F4446-LeaderElection13] INFO  server.RaftServer$Division (RaftServerImpl.java:setRole(321)) - f5594809-1a1d-480b-9497-2673d29d2595@group-2325FE0F4446: changes role from CANDIDATE to FOLLOWER at term 0 for REJECTED
2023-05-08 09:34:25,374 [f5594809-1a1d-480b-9497-2673d29d2595@group-2325FE0F4446-LeaderElection13] INFO  impl.RoleInfo (RoleInfo.java:shutdownLeaderElection(130)) - f5594809-1a1d-480b-9497-2673d29d2595: shutdown f5594809-1a1d-480b-9497-2673d29d2595@group-2325FE0F4446-LeaderElection13
2023-05-08 09:34:25,374 [f5594809-1a1d-480b-9497-2673d29d2595@group-2325FE0F4446-LeaderElection13] INFO  impl.RoleInfo (RoleInfo.java:updateAndGet(139)) - f5594809-1a1d-480b-9497-2673d29d2595: start f5594809-1a1d-480b-9497-2673d29d2595@group-2325FE0F4446-FollowerState
2023-05-08 09:34:25,375 [f5594809-1a1d-480b-9497-2673d29d2595@group-2325FE0F4446-LeaderElection13-2] INFO  server.GrpcServerProtocolClient (GrpcServerProtocolClient.java:<init>(63)) - Build channel for 31bb0062-e0a6-44a8-8078-5986d8d8cb42
2023-05-08 09:34:25,382 [grpc-default-executor-0] INFO  server.RaftServer$Division (RaftServerImpl.java:requestVote(1218)) - 31bb0062-e0a6-44a8-8078-5986d8d8cb42@group-2325FE0F4446: receive requestVote(PRE_VOTE, f5594809-1a1d-480b-9497-2673d29d2595, group-2325FE0F4446, 0, (t:0, i:0))
2023-05-08 09:34:25,382 [grpc-default-executor-0] INFO  impl.VoteContext (VoteContext.java:log(49)) - 31bb0062-e0a6-44a8-8078-5986d8d8cb42@group-2325FE0F4446-FOLLOWER: accept PRE_VOTE from f5594809-1a1d-480b-9497-2673d29d2595: our priority 0 <= candidate's priority 0
2023-05-08 09:34:25,382 [grpc-default-executor-0] INFO  server.RaftServer$Division (RaftServerImpl.java:requestVote(1251)) - 31bb0062-e0a6-44a8-8078-5986d8d8cb42@group-2325FE0F4446 replies to PRE_VOTE vote request: f5594809-1a1d-480b-9497-2673d29d2595<-31bb0062-e0a6-44a8-8078-5986d8d8cb42#0:OK-t0. Peer's state: 31bb0062-e0a6-44a8-8078-5986d8d8cb42@group-2325FE0F4446:t0, leader=null, voted=, raftlog=Memoized:31bb0062-e0a6-44a8-8078-5986d8d8cb42@group-2325FE0F4446-SegmentedRaftLog:OPENED:c-1, conf=-1: peers:[f5594809-1a1d-480b-9497-2673d29d2595|rpc:10.1.0.160:42729|dataStream:10.1.0.160:33155|priority:0|startupRole:FOLLOWER, 8bb737d4-3739-4a89-bbd0-142b4bbbf932|rpc:10.1.0.160:40901|dataStream:10.1.0.160:41785|priority:1|startupRole:FOLLOWER, 31bb0062-e0a6-44a8-8078-5986d8d8cb42|rpc:10.1.0.160:33403|dataStream:10.1.0.160:36965|priority:0|startupRole:FOLLOWER]|listeners:[], old=null
2023-05-08 09:34:25,386 [f5594809-1a1d-480b-9497-2673d29d2595@group-2325FE0F4446-FollowerState] INFO  server.RaftServerConfigKeys (ConfUtils.java:logFallback(53)) - raft.server.rpc.first-election.timeout.min = 5s (fallback to raft.server.rpc.timeout.min)
2023-05-08 09:34:25,387 [f5594809-1a1d-480b-9497-2673d29d2595@group-2325FE0F4446-FollowerState] INFO  server.RaftServerConfigKeys (ConfUtils.java:logFallback(53)) - raft.server.rpc.first-election.timeout.max = 5200ms (fallback to raft.server.rpc.timeout.max)
2023-05-08 09:34:25,422 [f5594809-1a1d-480b-9497-2673d29d2595@group-0D7E76F6B348-FollowerState] INFO  impl.FollowerState (FollowerState.java:run(143)) - f5594809-1a1d-480b-9497-2673d29d2595@group-0D7E76F6B348-FollowerState: change to CANDIDATE, lastRpcElapsedTime:5020550371ns, electionTimeout:5017ms
2023-05-08 09:34:25,422 [f5594809-1a1d-480b-9497-2673d29d2595@group-0D7E76F6B348-FollowerState] INFO  impl.RoleInfo (RoleInfo.java:shutdownFollowerState(110)) - f5594809-1a1d-480b-9497-2673d29d2595: shutdown f5594809-1a1d-480b-9497-2673d29d2595@group-0D7E76F6B348-FollowerState
2023-05-08 09:34:25,422 [f5594809-1a1d-480b-9497-2673d29d2595@group-0D7E76F6B348-FollowerState] INFO  server.RaftServer$Division (RaftServerImpl.java:setRole(321)) - f5594809-1a1d-480b-9497-2673d29d2595@group-0D7E76F6B348: changes role from  FOLLOWER to CANDIDATE at term 0 for changeToCandidate
2023-05-08 09:34:25,422 [f5594809-1a1d-480b-9497-2673d29d2595@group-0D7E76F6B348-FollowerState] INFO  server.RaftServerConfigKeys (ConfUtils.java:logGet(46)) - raft.server.leaderelection.pre-vote = true (default)
2023-05-08 09:34:25,422 [f5594809-1a1d-480b-9497-2673d29d2595@group-0D7E76F6B348-FollowerState] INFO  impl.RoleInfo (RoleInfo.java:updateAndGet(139)) - f5594809-1a1d-480b-9497-2673d29d2595: start f5594809-1a1d-480b-9497-2673d29d2595@group-0D7E76F6B348-LeaderElection14
2023-05-08 09:34:25,423 [f5594809-1a1d-480b-9497-2673d29d2595@group-0D7E76F6B348-LeaderElection14] INFO  impl.LeaderElection (LeaderElection.java:askForVotes(312)) - f5594809-1a1d-480b-9497-2673d29d2595@group-0D7E76F6B348-LeaderElection14 PRE_VOTE round 0: submit vote requests at term 0 for -1: peers:[f5594809-1a1d-480b-9497-2673d29d2595|rpc:10.1.0.160:42729|dataStream:10.1.0.160:33155|priority:0|startupRole:FOLLOWER, 8bb737d4-3739-4a89-bbd0-142b4bbbf932|rpc:10.1.0.160:40901|dataStream:10.1.0.160:41785|priority:0|startupRole:FOLLOWER, 31bb0062-e0a6-44a8-8078-5986d8d8cb42|rpc:10.1.0.160:33403|dataStream:10.1.0.160:36965|priority:1|startupRole:FOLLOWER]|listeners:[], old=null
2023-05-08 09:34:25,424 [f5594809-1a1d-480b-9497-2673d29d2595@group-0D7E76F6B348-LeaderElection14] INFO  server.RaftServerConfigKeys (ConfUtils.java:logFallback(53)) - raft.server.rpc.first-election.timeout.min = 5s (fallback to raft.server.rpc.timeout.min)
2023-05-08 09:34:25,424 [f5594809-1a1d-480b-9497-2673d29d2595@group-0D7E76F6B348-LeaderElection14] INFO  server.RaftServerConfigKeys (ConfUtils.java:logFallback(53)) - raft.server.rpc.first-election.timeout.max = 5200ms (fallback to raft.server.rpc.timeout.max)
2023-05-08 09:34:25,429 [grpc-default-executor-0] INFO  server.RaftServer$Division (RaftServerImpl.java:requestVote(1218)) - 31bb0062-e0a6-44a8-8078-5986d8d8cb42@group-0D7E76F6B348: receive requestVote(PRE_VOTE, f5594809-1a1d-480b-9497-2673d29d2595, group-0D7E76F6B348, 0, (t:0, i:0))
2023-05-08 09:34:25,429 [grpc-default-executor-0] INFO  impl.VoteContext (VoteContext.java:log(49)) - 31bb0062-e0a6-44a8-8078-5986d8d8cb42@group-0D7E76F6B348-FOLLOWER: reject PRE_VOTE from f5594809-1a1d-480b-9497-2673d29d2595: our priority 1 > candidate's priority 0
2023-05-08 09:34:25,429 [grpc-default-executor-0] INFO  server.RaftServer$Division (RaftServerImpl.java:requestVote(1251)) - 31bb0062-e0a6-44a8-8078-5986d8d8cb42@group-0D7E76F6B348 replies to PRE_VOTE vote request: f5594809-1a1d-480b-9497-2673d29d2595<-31bb0062-e0a6-44a8-8078-5986d8d8cb42#0:FAIL-t0. Peer's state: 31bb0062-e0a6-44a8-8078-5986d8d8cb42@group-0D7E76F6B348:t0, leader=null, voted=, raftlog=Memoized:31bb0062-e0a6-44a8-8078-5986d8d8cb42@group-0D7E76F6B348-SegmentedRaftLog:OPENED:c-1, conf=-1: peers:[f5594809-1a1d-480b-9497-2673d29d2595|rpc:10.1.0.160:42729|dataStream:10.1.0.160:33155|priority:0|startupRole:FOLLOWER, 8bb737d4-3739-4a89-bbd0-142b4bbbf932|rpc:10.1.0.160:40901|dataStream:10.1.0.160:41785|priority:0|startupRole:FOLLOWER, 31bb0062-e0a6-44a8-8078-5986d8d8cb42|rpc:10.1.0.160:33403|dataStream:10.1.0.160:36965|priority:1|startupRole:FOLLOWER]|listeners:[], old=null
2023-05-08 09:34:25,433 [f5594809-1a1d-480b-9497-2673d29d2595@group-0D7E76F6B348-LeaderElection14] INFO  impl.LeaderElection (LeaderElection.java:logAndReturn(90)) - f5594809-1a1d-480b-9497-2673d29d2595@group-0D7E76F6B348-LeaderElection14: PRE_VOTE REJECTED received 1 response(s) and 0 exception(s):
2023-05-08 09:34:25,433 [f5594809-1a1d-480b-9497-2673d29d2595@group-0D7E76F6B348-LeaderElection14] INFO  impl.LeaderElection (LeaderElection.java:logAndReturn(94)) -   Response 0: f5594809-1a1d-480b-9497-2673d29d2595<-31bb0062-e0a6-44a8-8078-5986d8d8cb42#0:FAIL-t0
2023-05-08 09:34:25,433 [f5594809-1a1d-480b-9497-2673d29d2595@group-0D7E76F6B348-LeaderElection14] INFO  impl.LeaderElection (LeaderElection.java:askForVotes(314)) - f5594809-1a1d-480b-9497-2673d29d2595@group-0D7E76F6B348-LeaderElection14 PRE_VOTE round 0: result REJECTED
2023-05-08 09:34:25,433 [f5594809-1a1d-480b-9497-2673d29d2595@group-0D7E76F6B348-LeaderElection14] INFO  server.RaftServer$Division (RaftServerImpl.java:setRole(321)) - f5594809-1a1d-480b-9497-2673d29d2595@group-0D7E76F6B348: changes role from CANDIDATE to FOLLOWER at term 0 for REJECTED
2023-05-08 09:34:25,433 [f5594809-1a1d-480b-9497-2673d29d2595@group-0D7E76F6B348-LeaderElection14] INFO  impl.RoleInfo (RoleInfo.java:shutdownLeaderElection(130)) - f5594809-1a1d-480b-9497-2673d29d2595: shutdown f5594809-1a1d-480b-9497-2673d29d2595@group-0D7E76F6B348-LeaderElection14
2023-05-08 09:34:25,433 [f5594809-1a1d-480b-9497-2673d29d2595@group-0D7E76F6B348-LeaderElection14] INFO  impl.RoleInfo (RoleInfo.java:updateAndGet(139)) - f5594809-1a1d-480b-9497-2673d29d2595: start f5594809-1a1d-480b-9497-2673d29d2595@group-0D7E76F6B348-FollowerState
2023-05-08 09:34:25,441 [f5594809-1a1d-480b-9497-2673d29d2595@group-0D7E76F6B348-FollowerState] INFO  server.RaftServerConfigKeys (ConfUtils.java:logFallback(53)) - raft.server.rpc.first-election.timeout.min = 5s (fallback to raft.server.rpc.timeout.min)
2023-05-08 09:34:25,441 [f5594809-1a1d-480b-9497-2673d29d2595@group-0D7E76F6B348-FollowerState] INFO  server.RaftServerConfigKeys (ConfUtils.java:logFallback(53)) - raft.server.rpc.first-election.timeout.max = 5200ms (fallback to raft.server.rpc.timeout.max)
2023-05-08 09:34:25,441 [grpc-default-executor-0] INFO  server.RaftServer$Division (RaftServerImpl.java:requestVote(1218)) - 8bb737d4-3739-4a89-bbd0-142b4bbbf932@group-0D7E76F6B348: receive requestVote(PRE_VOTE, f5594809-1a1d-480b-9497-2673d29d2595, group-0D7E76F6B348, 0, (t:0, i:0))
2023-05-08 09:34:25,441 [grpc-default-executor-0] INFO  impl.VoteContext (VoteContext.java:log(49)) - 8bb737d4-3739-4a89-bbd0-142b4bbbf932@group-0D7E76F6B348-FOLLOWER: accept PRE_VOTE from f5594809-1a1d-480b-9497-2673d29d2595: our priority 0 <= candidate's priority 0
2023-05-08 09:34:25,442 [grpc-default-executor-0] INFO  server.RaftServer$Division (RaftServerImpl.java:requestVote(1251)) - 8bb737d4-3739-4a89-bbd0-142b4bbbf932@group-0D7E76F6B348 replies to PRE_VOTE vote request: f5594809-1a1d-480b-9497-2673d29d2595<-8bb737d4-3739-4a89-bbd0-142b4bbbf932#0:OK-t0. Peer's state: 8bb737d4-3739-4a89-bbd0-142b4bbbf932@group-0D7E76F6B348:t0, leader=null, voted=, raftlog=Memoized:8bb737d4-3739-4a89-bbd0-142b4bbbf932@group-0D7E76F6B348-SegmentedRaftLog:OPENED:c-1, conf=-1: peers:[f5594809-1a1d-480b-9497-2673d29d2595|rpc:10.1.0.160:42729|dataStream:10.1.0.160:33155|priority:0|startupRole:FOLLOWER, 8bb737d4-3739-4a89-bbd0-142b4bbbf932|rpc:10.1.0.160:40901|dataStream:10.1.0.160:41785|priority:0|startupRole:FOLLOWER, 31bb0062-e0a6-44a8-8078-5986d8d8cb42|rpc:10.1.0.160:33403|dataStream:10.1.0.160:36965|priority:1|startupRole:FOLLOWER]|listeners:[], old=null
2023-05-08 09:34:25,473 [31bb0062-e0a6-44a8-8078-5986d8d8cb42@group-2325FE0F4446-FollowerState] INFO  server.RaftServerConfigKeys (ConfUtils.java:logFallback(53)) - raft.server.rpc.first-election.timeout.min = 5s (fallback to raft.server.rpc.timeout.min)
2023-05-08 09:34:25,473 [31bb0062-e0a6-44a8-8078-5986d8d8cb42@group-2325FE0F4446-FollowerState] INFO  server.RaftServerConfigKeys (ConfUtils.java:logFallback(53)) - raft.server.rpc.first-election.timeout.max = 5200ms (fallback to raft.server.rpc.timeout.max)
2023-05-08 09:34:25,550 [31bb0062-e0a6-44a8-8078-5986d8d8cb42@group-0D7E76F6B348-FollowerState] INFO  impl.FollowerState (FollowerState.java:run(143)) - 31bb0062-e0a6-44a8-8078-5986d8d8cb42@group-0D7E76F6B348-FollowerState: change to CANDIDATE, lastRpcElapsedTime:5117553202ns, electionTimeout:5112ms
2023-05-08 09:34:25,551 [31bb0062-e0a6-44a8-8078-5986d8d8cb42@group-0D7E76F6B348-FollowerState] INFO  impl.RoleInfo (RoleInfo.java:shutdownFollowerState(110)) - 31bb0062-e0a6-44a8-8078-5986d8d8cb42: shutdown 31bb0062-e0a6-44a8-8078-5986d8d8cb42@group-0D7E76F6B348-FollowerState
2023-05-08 09:34:25,551 [31bb0062-e0a6-44a8-8078-5986d8d8cb42@group-0D7E76F6B348-FollowerState] INFO  server.RaftServer$Division (RaftServerImpl.java:setRole(321)) - 31bb0062-e0a6-44a8-8078-5986d8d8cb42@group-0D7E76F6B348: changes role from  FOLLOWER to CANDIDATE at term 0 for changeToCandidate
2023-05-08 09:34:25,551 [31bb0062-e0a6-44a8-8078-5986d8d8cb42@group-0D7E76F6B348-FollowerState] INFO  server.RaftServerConfigKeys (ConfUtils.java:logGet(46)) - raft.server.leaderelection.pre-vote = true (default)
2023-05-08 09:34:25,551 [31bb0062-e0a6-44a8-8078-5986d8d8cb42@group-0D7E76F6B348-FollowerState] INFO  impl.RoleInfo (RoleInfo.java:updateAndGet(139)) - 31bb0062-e0a6-44a8-8078-5986d8d8cb42: start 31bb0062-e0a6-44a8-8078-5986d8d8cb42@group-0D7E76F6B348-LeaderElection15
2023-05-08 09:34:25,551 [31bb0062-e0a6-44a8-8078-5986d8d8cb42@group-0D7E76F6B348-LeaderElection15] INFO  impl.LeaderElection (LeaderElection.java:askForVotes(312)) - 31bb0062-e0a6-44a8-8078-5986d8d8cb42@group-0D7E76F6B348-LeaderElection15 PRE_VOTE round 0: submit vote requests at term 0 for -1: peers:[f5594809-1a1d-480b-9497-2673d29d2595|rpc:10.1.0.160:42729|dataStream:10.1.0.160:33155|priority:0|startupRole:FOLLOWER, 8bb737d4-3739-4a89-bbd0-142b4bbbf932|rpc:10.1.0.160:40901|dataStream:10.1.0.160:41785|priority:0|startupRole:FOLLOWER, 31bb0062-e0a6-44a8-8078-5986d8d8cb42|rpc:10.1.0.160:33403|dataStream:10.1.0.160:36965|priority:1|startupRole:FOLLOWER]|listeners:[], old=null
2023-05-08 09:34:25,552 [31bb0062-e0a6-44a8-8078-5986d8d8cb42@group-0D7E76F6B348-LeaderElection15-1] INFO  server.GrpcServerProtocolClient (GrpcServerProtocolClient.java:<init>(63)) - Build channel for f5594809-1a1d-480b-9497-2673d29d2595
2023-05-08 09:34:25,554 [31bb0062-e0a6-44a8-8078-5986d8d8cb42@group-0D7E76F6B348-LeaderElection15] INFO  server.RaftServerConfigKeys (ConfUtils.java:logFallback(53)) - raft.server.rpc.first-election.timeout.min = 5s (fallback to raft.server.rpc.timeout.min)
2023-05-08 09:34:25,554 [31bb0062-e0a6-44a8-8078-5986d8d8cb42@group-0D7E76F6B348-LeaderElection15] INFO  server.RaftServerConfigKeys (ConfUtils.java:logFallback(53)) - raft.server.rpc.first-election.timeout.max = 5200ms (fallback to raft.server.rpc.timeout.max)
2023-05-08 09:34:25,554 [31bb0062-e0a6-44a8-8078-5986d8d8cb42@group-0D7E76F6B348-LeaderElection15-2] INFO  server.GrpcServerProtocolClient (GrpcServerProtocolClient.java:<init>(63)) - Build channel for 8bb737d4-3739-4a89-bbd0-142b4bbbf932
2023-05-08 09:34:25,561 [grpc-default-executor-0] INFO  server.RaftServer$Division (RaftServerImpl.java:requestVote(1218)) - f5594809-1a1d-480b-9497-2673d29d2595@group-0D7E76F6B348: receive requestVote(PRE_VOTE, 31bb0062-e0a6-44a8-8078-5986d8d8cb42, group-0D7E76F6B348, 0, (t:0, i:0))
2023-05-08 09:34:25,561 [grpc-default-executor-0] INFO  impl.VoteContext (VoteContext.java:log(49)) - f5594809-1a1d-480b-9497-2673d29d2595@group-0D7E76F6B348-FOLLOWER: accept PRE_VOTE from 31bb0062-e0a6-44a8-8078-5986d8d8cb42: our priority 0 <= candidate's priority 1
2023-05-08 09:34:25,561 [grpc-default-executor-0] INFO  server.RaftServer$Division (RaftServerImpl.java:requestVote(1251)) - f5594809-1a1d-480b-9497-2673d29d2595@group-0D7E76F6B348 replies to PRE_VOTE vote request: 31bb0062-e0a6-44a8-8078-5986d8d8cb42<-f5594809-1a1d-480b-9497-2673d29d2595#0:OK-t0. Peer's state: f5594809-1a1d-480b-9497-2673d29d2595@group-0D7E76F6B348:t0, leader=null, voted=, raftlog=Memoized:f5594809-1a1d-480b-9497-2673d29d2595@group-0D7E76F6B348-SegmentedRaftLog:OPENED:c-1, conf=-1: peers:[f5594809-1a1d-480b-9497-2673d29d2595|rpc:10.1.0.160:42729|dataStream:10.1.0.160:33155|priority:0|startupRole:FOLLOWER, 8bb737d4-3739-4a89-bbd0-142b4bbbf932|rpc:10.1.0.160:40901|dataStream:10.1.0.160:41785|priority:0|startupRole:FOLLOWER, 31bb0062-e0a6-44a8-8078-5986d8d8cb42|rpc:10.1.0.160:33403|dataStream:10.1.0.160:36965|priority:1|startupRole:FOLLOWER]|listeners:[], old=null
2023-05-08 09:34:25,563 [grpc-default-executor-1] INFO  server.RaftServer$Division (RaftServerImpl.java:requestVote(1218)) - 8bb737d4-3739-4a89-bbd0-142b4bbbf932@group-0D7E76F6B348: receive requestVote(PRE_VOTE, 31bb0062-e0a6-44a8-8078-5986d8d8cb42, group-0D7E76F6B348, 0, (t:0, i:0))
2023-05-08 09:34:25,564 [grpc-default-executor-1] INFO  impl.VoteContext (VoteContext.java:log(49)) - 8bb737d4-3739-4a89-bbd0-142b4bbbf932@group-0D7E76F6B348-FOLLOWER: accept PRE_VOTE from 31bb0062-e0a6-44a8-8078-5986d8d8cb42: our priority 0 <= candidate's priority 1
2023-05-08 09:34:25,564 [grpc-default-executor-1] INFO  server.RaftServer$Division (RaftServerImpl.java:requestVote(1251)) - 8bb737d4-3739-4a89-bbd0-142b4bbbf932@group-0D7E76F6B348 replies to PRE_VOTE vote request: 31bb0062-e0a6-44a8-8078-5986d8d8cb42<-8bb737d4-3739-4a89-bbd0-142b4bbbf932#0:OK-t0. Peer's state: 8bb737d4-3739-4a89-bbd0-142b4bbbf932@group-0D7E76F6B348:t0, leader=null, voted=, raftlog=Memoized:8bb737d4-3739-4a89-bbd0-142b4bbbf932@group-0D7E76F6B348-SegmentedRaftLog:OPENED:c-1, conf=-1: peers:[f5594809-1a1d-480b-9497-2673d29d2595|rpc:10.1.0.160:42729|dataStream:10.1.0.160:33155|priority:0|startupRole:FOLLOWER, 8bb737d4-3739-4a89-bbd0-142b4bbbf932|rpc:10.1.0.160:40901|dataStream:10.1.0.160:41785|priority:0|startupRole:FOLLOWER, 31bb0062-e0a6-44a8-8078-5986d8d8cb42|rpc:10.1.0.160:33403|dataStream:10.1.0.160:36965|priority:1|startupRole:FOLLOWER]|listeners:[], old=null
2023-05-08 09:34:25,566 [31bb0062-e0a6-44a8-8078-5986d8d8cb42@group-0D7E76F6B348-LeaderElection15] INFO  impl.LeaderElection (LeaderElection.java:logAndReturn(90)) - 31bb0062-e0a6-44a8-8078-5986d8d8cb42@group-0D7E76F6B348-LeaderElection15: PRE_VOTE PASSED received 1 response(s) and 0 exception(s):
2023-05-08 09:34:25,566 [31bb0062-e0a6-44a8-8078-5986d8d8cb42@group-0D7E76F6B348-LeaderElection15] INFO  impl.LeaderElection (LeaderElection.java:logAndReturn(94)) -   Response 0: 31bb0062-e0a6-44a8-8078-5986d8d8cb42<-f5594809-1a1d-480b-9497-2673d29d2595#0:OK-t0
2023-05-08 09:34:25,566 [31bb0062-e0a6-44a8-8078-5986d8d8cb42@group-0D7E76F6B348-LeaderElection15] INFO  impl.LeaderElection (LeaderElection.java:askForVotes(314)) - 31bb0062-e0a6-44a8-8078-5986d8d8cb42@group-0D7E76F6B348-LeaderElection15 PRE_VOTE round 0: result PASSED
2023-05-08 09:34:25,573 [31bb0062-e0a6-44a8-8078-5986d8d8cb42@group-0D7E76F6B348-LeaderElection15] INFO  impl.LeaderElection (LeaderElection.java:askForVotes(312)) - 31bb0062-e0a6-44a8-8078-5986d8d8cb42@group-0D7E76F6B348-LeaderElection15 ELECTION round 0: submit vote requests at term 1 for -1: peers:[f5594809-1a1d-480b-9497-2673d29d2595|rpc:10.1.0.160:42729|dataStream:10.1.0.160:33155|priority:0|startupRole:FOLLOWER, 8bb737d4-3739-4a89-bbd0-142b4bbbf932|rpc:10.1.0.160:40901|dataStream:10.1.0.160:41785|priority:0|startupRole:FOLLOWER, 31bb0062-e0a6-44a8-8078-5986d8d8cb42|rpc:10.1.0.160:33403|dataStream:10.1.0.160:36965|priority:1|startupRole:FOLLOWER]|listeners:[], old=null
2023-05-08 09:34:25,574 [31bb0062-e0a6-44a8-8078-5986d8d8cb42@group-0D7E76F6B348-LeaderElection15] INFO  server.RaftServerConfigKeys (ConfUtils.java:logFallback(53)) - raft.server.rpc.first-election.timeout.min = 5s (fallback to raft.server.rpc.timeout.min)
2023-05-08 09:34:25,574 [31bb0062-e0a6-44a8-8078-5986d8d8cb42@group-0D7E76F6B348-LeaderElection15] INFO  server.RaftServerConfigKeys (ConfUtils.java:logFallback(53)) - raft.server.rpc.first-election.timeout.max = 5200ms (fallback to raft.server.rpc.timeout.max)
2023-05-08 09:34:25,576 [grpc-default-executor-1] INFO  server.RaftServer$Division (RaftServerImpl.java:requestVote(1218)) - f5594809-1a1d-480b-9497-2673d29d2595@group-0D7E76F6B348: receive requestVote(ELECTION, 31bb0062-e0a6-44a8-8078-5986d8d8cb42, group-0D7E76F6B348, 1, (t:0, i:0))
2023-05-08 09:34:25,576 [grpc-default-executor-0] INFO  server.RaftServer$Division (RaftServerImpl.java:requestVote(1218)) - 8bb737d4-3739-4a89-bbd0-142b4bbbf932@group-0D7E76F6B348: receive requestVote(ELECTION, 31bb0062-e0a6-44a8-8078-5986d8d8cb42, group-0D7E76F6B348, 1, (t:0, i:0))
2023-05-08 09:34:25,576 [grpc-default-executor-1] INFO  impl.VoteContext (VoteContext.java:log(49)) - f5594809-1a1d-480b-9497-2673d29d2595@group-0D7E76F6B348-FOLLOWER: accept ELECTION from 31bb0062-e0a6-44a8-8078-5986d8d8cb42: our priority 0 <= candidate's priority 1
2023-05-08 09:34:25,576 [grpc-default-executor-0] INFO  impl.VoteContext (VoteContext.java:log(49)) - 8bb737d4-3739-4a89-bbd0-142b4bbbf932@group-0D7E76F6B348-FOLLOWER: accept ELECTION from 31bb0062-e0a6-44a8-8078-5986d8d8cb42: our priority 0 <= candidate's priority 1
2023-05-08 09:34:25,576 [grpc-default-executor-1] INFO  server.RaftServer$Division (RaftServerImpl.java:setRole(321)) - f5594809-1a1d-480b-9497-2673d29d2595@group-0D7E76F6B348: changes role from  FOLLOWER to FOLLOWER at term 1 for candidate:31bb0062-e0a6-44a8-8078-5986d8d8cb42
2023-05-08 09:34:25,576 [grpc-default-executor-1] INFO  impl.RoleInfo (RoleInfo.java:shutdownFollowerState(110)) - f5594809-1a1d-480b-9497-2673d29d2595: shutdown f5594809-1a1d-480b-9497-2673d29d2595@group-0D7E76F6B348-FollowerState
2023-05-08 09:34:25,576 [grpc-default-executor-0] INFO  server.RaftServer$Division (RaftServerImpl.java:setRole(321)) - 8bb737d4-3739-4a89-bbd0-142b4bbbf932@group-0D7E76F6B348: changes role from  FOLLOWER to FOLLOWER at term 1 for candidate:31bb0062-e0a6-44a8-8078-5986d8d8cb42
2023-05-08 09:34:25,576 [grpc-default-executor-0] INFO  impl.RoleInfo (RoleInfo.java:shutdownFollowerState(110)) - 8bb737d4-3739-4a89-bbd0-142b4bbbf932: shutdown 8bb737d4-3739-4a89-bbd0-142b4bbbf932@group-0D7E76F6B348-FollowerState
2023-05-08 09:34:25,576 [8bb737d4-3739-4a89-bbd0-142b4bbbf932@group-0D7E76F6B348-FollowerState] INFO  impl.FollowerState (FollowerState.java:run(152)) - 8bb737d4-3739-4a89-bbd0-142b4bbbf932@group-0D7E76F6B348-FollowerState was interrupted
2023-05-08 09:34:25,576 [grpc-default-executor-0] INFO  impl.RoleInfo (RoleInfo.java:updateAndGet(139)) - 8bb737d4-3739-4a89-bbd0-142b4bbbf932: start 8bb737d4-3739-4a89-bbd0-142b4bbbf932@group-0D7E76F6B348-FollowerState
2023-05-08 09:34:25,576 [grpc-default-executor-1] INFO  impl.RoleInfo (RoleInfo.java:updateAndGet(139)) - f5594809-1a1d-480b-9497-2673d29d2595: start f5594809-1a1d-480b-9497-2673d29d2595@group-0D7E76F6B348-FollowerState
2023-05-08 09:34:25,576 [f5594809-1a1d-480b-9497-2673d29d2595@group-0D7E76F6B348-FollowerState] INFO  impl.FollowerState (FollowerState.java:run(152)) - f5594809-1a1d-480b-9497-2673d29d2595@group-0D7E76F6B348-FollowerState was interrupted
2023-05-08 09:34:25,579 [8bb737d4-3739-4a89-bbd0-142b4bbbf932@group-2325FE0F4446-FollowerState] INFO  impl.FollowerState (FollowerState.java:run(143)) - 8bb737d4-3739-4a89-bbd0-142b4bbbf932@group-2325FE0F4446-FollowerState: change to CANDIDATE, lastRpcElapsedTime:5200929488ns, electionTimeout:5198ms
2023-05-08 09:34:25,579 [8bb737d4-3739-4a89-bbd0-142b4bbbf932@group-2325FE0F4446-FollowerState] INFO  impl.RoleInfo (RoleInfo.java:shutdownFollowerState(110)) - 8bb737d4-3739-4a89-bbd0-142b4bbbf932: shutdown 8bb737d4-3739-4a89-bbd0-142b4bbbf932@group-2325FE0F4446-FollowerState
2023-05-08 09:34:25,579 [8bb737d4-3739-4a89-bbd0-142b4bbbf932@group-2325FE0F4446-FollowerState] INFO  server.RaftServer$Division (RaftServerImpl.java:setRole(321)) - 8bb737d4-3739-4a89-bbd0-142b4bbbf932@group-2325FE0F4446: changes role from  FOLLOWER to CANDIDATE at term 0 for changeToCandidate
2023-05-08 09:34:25,579 [8bb737d4-3739-4a89-bbd0-142b4bbbf932@group-2325FE0F4446-FollowerState] INFO  server.RaftServerConfigKeys (ConfUtils.java:logGet(46)) - raft.server.leaderelection.pre-vote = true (default)
2023-05-08 09:34:25,579 [8bb737d4-3739-4a89-bbd0-142b4bbbf932@group-2325FE0F4446-FollowerState] INFO  impl.RoleInfo (RoleInfo.java:updateAndGet(139)) - 8bb737d4-3739-4a89-bbd0-142b4bbbf932: start 8bb737d4-3739-4a89-bbd0-142b4bbbf932@group-2325FE0F4446-LeaderElection16
2023-05-08 09:34:25,579 [grpc-default-executor-1] INFO  server.RaftServer$Division (RaftServerImpl.java:requestVote(1251)) - f5594809-1a1d-480b-9497-2673d29d2595@group-0D7E76F6B348 replies to ELECTION vote request: 31bb0062-e0a6-44a8-8078-5986d8d8cb42<-f5594809-1a1d-480b-9497-2673d29d2595#0:OK-t1. Peer's state: f5594809-1a1d-480b-9497-2673d29d2595@group-0D7E76F6B348:t1, leader=null, voted=31bb0062-e0a6-44a8-8078-5986d8d8cb42, raftlog=Memoized:f5594809-1a1d-480b-9497-2673d29d2595@group-0D7E76F6B348-SegmentedRaftLog:OPENED:c-1, conf=-1: peers:[f5594809-1a1d-480b-9497-2673d29d2595|rpc:10.1.0.160:42729|dataStream:10.1.0.160:33155|priority:0|startupRole:FOLLOWER, 8bb737d4-3739-4a89-bbd0-142b4bbbf932|rpc:10.1.0.160:40901|dataStream:10.1.0.160:41785|priority:0|startupRole:FOLLOWER, 31bb0062-e0a6-44a8-8078-5986d8d8cb42|rpc:10.1.0.160:33403|dataStream:10.1.0.160:36965|priority:1|startupRole:FOLLOWER]|listeners:[], old=null
2023-05-08 09:34:25,580 [grpc-default-executor-0] INFO  server.RaftServer$Division (RaftServerImpl.java:requestVote(1251)) - 8bb737d4-3739-4a89-bbd0-142b4bbbf932@group-0D7E76F6B348 replies to ELECTION vote request: 31bb0062-e0a6-44a8-8078-5986d8d8cb42<-8bb737d4-3739-4a89-bbd0-142b4bbbf932#0:OK-t1. Peer's state: 8bb737d4-3739-4a89-bbd0-142b4bbbf932@group-0D7E76F6B348:t1, leader=null, voted=31bb0062-e0a6-44a8-8078-5986d8d8cb42, raftlog=Memoized:8bb737d4-3739-4a89-bbd0-142b4bbbf932@group-0D7E76F6B348-SegmentedRaftLog:OPENED:c-1, conf=-1: peers:[f5594809-1a1d-480b-9497-2673d29d2595|rpc:10.1.0.160:42729|dataStream:10.1.0.160:33155|priority:0|startupRole:FOLLOWER, 8bb737d4-3739-4a89-bbd0-142b4bbbf932|rpc:10.1.0.160:40901|dataStream:10.1.0.160:41785|priority:0|startupRole:FOLLOWER, 31bb0062-e0a6-44a8-8078-5986d8d8cb42|rpc:10.1.0.160:33403|dataStream:10.1.0.160:36965|priority:1|startupRole:FOLLOWER]|listeners:[], old=null
2023-05-08 09:34:25,580 [31bb0062-e0a6-44a8-8078-5986d8d8cb42@group-0D7E76F6B348-LeaderElection15] INFO  impl.LeaderElection (LeaderElection.java:logAndReturn(90)) - 31bb0062-e0a6-44a8-8078-5986d8d8cb42@group-0D7E76F6B348-LeaderElection15: ELECTION PASSED received 1 response(s) and 0 exception(s):
2023-05-08 09:34:25,580 [31bb0062-e0a6-44a8-8078-5986d8d8cb42@group-0D7E76F6B348-LeaderElection15] INFO  impl.LeaderElection (LeaderElection.java:logAndReturn(94)) -   Response 0: 31bb0062-e0a6-44a8-8078-5986d8d8cb42<-f5594809-1a1d-480b-9497-2673d29d2595#0:OK-t1
2023-05-08 09:34:25,581 [31bb0062-e0a6-44a8-8078-5986d8d8cb42@group-0D7E76F6B348-LeaderElection15] INFO  impl.LeaderElection (LeaderElection.java:askForVotes(314)) - 31bb0062-e0a6-44a8-8078-5986d8d8cb42@group-0D7E76F6B348-LeaderElection15 ELECTION round 0: result PASSED
2023-05-08 09:34:25,581 [31bb0062-e0a6-44a8-8078-5986d8d8cb42@group-0D7E76F6B348-LeaderElection15] INFO  impl.RoleInfo (RoleInfo.java:shutdownLeaderElection(130)) - 31bb0062-e0a6-44a8-8078-5986d8d8cb42: shutdown 31bb0062-e0a6-44a8-8078-5986d8d8cb42@group-0D7E76F6B348-LeaderElection15
2023-05-08 09:34:25,581 [31bb0062-e0a6-44a8-8078-5986d8d8cb42@group-0D7E76F6B348-LeaderElection15] INFO  server.RaftServer$Division (RaftServerImpl.java:setRole(321)) - 31bb0062-e0a6-44a8-8078-5986d8d8cb42@group-0D7E76F6B348: changes role from CANDIDATE to LEADER at term 1 for changeToLeader
2023-05-08 09:34:25,581 [31bb0062-e0a6-44a8-8078-5986d8d8cb42@group-0D7E76F6B348-LeaderElection15] INFO  ratis.XceiverServerRatis (XceiverServerRatis.java:handleLeaderChangedNotification(904)) - Leader change notification received for group: group-0D7E76F6B348 with new leaderId: 31bb0062-e0a6-44a8-8078-5986d8d8cb42
2023-05-08 09:34:25,581 [31bb0062-e0a6-44a8-8078-5986d8d8cb42@group-0D7E76F6B348-LeaderElection15] INFO  server.RaftServer$Division (ServerState.java:setLeader(313)) - 31bb0062-e0a6-44a8-8078-5986d8d8cb42@group-0D7E76F6B348: change Leader from null to 31bb0062-e0a6-44a8-8078-5986d8d8cb42 at term 1 for becomeLeader, leader elected after 5160ms
2023-05-08 09:34:25,581 [31bb0062-e0a6-44a8-8078-5986d8d8cb42@group-0D7E76F6B348-LeaderElection15] INFO  server.RaftServerConfigKeys (ConfUtils.java:logGet(46)) - raft.server.staging.catchup.gap = 1000 (default)
2023-05-08 09:34:25,581 [31bb0062-e0a6-44a8-8078-5986d8d8cb42@group-0D7E76F6B348-LeaderElection15] INFO  server.RaftServerConfigKeys (ConfUtils.java:logGet(46)) - raft.server.write.element-limit = 1024 (custom)
2023-05-08 09:34:25,581 [31bb0062-e0a6-44a8-8078-5986d8d8cb42@group-0D7E76F6B348-LeaderElection15] INFO  server.RaftServerConfigKeys (ConfUtils.java:logGet(46)) - raft.server.write.byte-limit = 1024 M (=1073741824) (custom)
2023-05-08 09:34:25,581 [31bb0062-e0a6-44a8-8078-5986d8d8cb42@group-0D7E76F6B348-LeaderElection15] INFO  server.RaftServerConfigKeys (ConfUtils.java:logGet(46)) - raft.server.watch.timeout = 180s (custom)
2023-05-08 09:34:25,581 [31bb0062-e0a6-44a8-8078-5986d8d8cb42@group-0D7E76F6B348-LeaderElection15] INFO  server.RaftServerConfigKeys (ConfUtils.java:logGet(46)) - raft.server.watch.timeout.denomination = 1s (default)
2023-05-08 09:34:25,581 [31bb0062-e0a6-44a8-8078-5986d8d8cb42@group-0D7E76F6B348-LeaderElection15] INFO  server.RaftServerConfigKeys (ConfUtils.java:logGet(46)) - raft.server.watch.element-limit = 65536 (default)
2023-05-08 09:34:25,581 [31bb0062-e0a6-44a8-8078-5986d8d8cb42@group-0D7E76F6B348-LeaderElection15] INFO  server.RaftServerConfigKeys (ConfUtils.java:logGet(46)) - raft.server.write.element-limit = 1024 (custom)
2023-05-08 09:34:25,581 [31bb0062-e0a6-44a8-8078-5986d8d8cb42@group-0D7E76F6B348-LeaderElection15] INFO  server.RaftServerConfigKeys (ConfUtils.java:logGet(46)) - raft.server.write.follower.gap.ratio.max = -1.0 (default)
2023-05-08 09:34:25,582 [31bb0062-e0a6-44a8-8078-5986d8d8cb42@group-0D7E76F6B348-LeaderElection15] INFO  server.RaftServerConfigKeys (ConfUtils.java:logGet(46)) - raft.server.log.appender.snapshot.chunk.size.max = 16MB (=16777216) (default)
2023-05-08 09:34:25,582 [31bb0062-e0a6-44a8-8078-5986d8d8cb42@group-0D7E76F6B348-LeaderElection15] INFO  server.RaftServerConfigKeys (ConfUtils.java:logGet(46)) - raft.server.log.appender.buffer.byte-limit = 33554432 (custom)
2023-05-08 09:34:25,582 [31bb0062-e0a6-44a8-8078-5986d8d8cb42@group-0D7E76F6B348-LeaderElection15] INFO  server.RaftServerConfigKeys (ConfUtils.java:logGet(46)) - raft.server.log.appender.buffer.element-limit = 1 (custom)
2023-05-08 09:34:25,582 [31bb0062-e0a6-44a8-8078-5986d8d8cb42@group-0D7E76F6B348-LeaderElection15] INFO  grpc.GrpcConfigKeys (ConfUtils.java:logGet(46)) - raft.grpc.server.leader.outstanding.appends.max = 128 (default)
2023-05-08 09:34:25,582 [31bb0062-e0a6-44a8-8078-5986d8d8cb42@group-0D7E76F6B348-LeaderElection15] INFO  server.RaftServerConfigKeys (ConfUtils.java:logGet(46)) - raft.server.rpc.request.timeout = 60s (custom)
2023-05-08 09:34:25,582 [31bb0062-e0a6-44a8-8078-5986d8d8cb42@group-0D7E76F6B348-LeaderElection15] INFO  server.RaftServerConfigKeys (ConfUtils.java:logGet(46)) - raft.server.log.appender.install.snapshot.enabled = false (custom)
2023-05-08 09:34:25,582 [31bb0062-e0a6-44a8-8078-5986d8d8cb42@group-0D7E76F6B348-LeaderElection15] INFO  grpc.GrpcConfigKeys (ConfUtils.java:logGet(46)) - raft.grpc.server.heartbeat.channel = true (default)
2023-05-08 09:34:25,582 [31bb0062-e0a6-44a8-8078-5986d8d8cb42@group-0D7E76F6B348-LeaderElection15] INFO  server.RaftServerConfigKeys (ConfUtils.java:logGet(46)) - raft.server.log.appender.wait-time.min = 10ms (default)
2023-05-08 09:34:25,583 [31bb0062-e0a6-44a8-8078-5986d8d8cb42@group-0D7E76F6B348-LeaderElection15] INFO  server.RaftServerConfigKeys (ConfUtils.java:logGet(46)) - raft.server.log.appender.snapshot.chunk.size.max = 16MB (=16777216) (default)
2023-05-08 09:34:25,583 [31bb0062-e0a6-44a8-8078-5986d8d8cb42@group-0D7E76F6B348-LeaderElection15] INFO  server.RaftServerConfigKeys (ConfUtils.java:logGet(46)) - raft.server.log.appender.buffer.byte-limit = 33554432 (custom)
2023-05-08 09:34:25,583 [31bb0062-e0a6-44a8-8078-5986d8d8cb42@group-0D7E76F6B348-LeaderElection15] INFO  server.RaftServerConfigKeys (ConfUtils.java:logGet(46)) - raft.server.log.appender.buffer.element-limit = 1 (custom)
2023-05-08 09:34:25,583 [31bb0062-e0a6-44a8-8078-5986d8d8cb42@group-0D7E76F6B348-LeaderElection15] INFO  grpc.GrpcConfigKeys (ConfUtils.java:logGet(46)) - raft.grpc.server.leader.outstanding.appends.max = 128 (default)
2023-05-08 09:34:25,583 [31bb0062-e0a6-44a8-8078-5986d8d8cb42@group-0D7E76F6B348-LeaderElection15] INFO  server.RaftServerConfigKeys (ConfUtils.java:logGet(46)) - raft.server.rpc.request.timeout = 60s (custom)
2023-05-08 09:34:25,583 [31bb0062-e0a6-44a8-8078-5986d8d8cb42@group-0D7E76F6B348-LeaderElection15] INFO  server.RaftServerConfigKeys (ConfUtils.java:logGet(46)) - raft.server.log.appender.install.snapshot.enabled = false (custom)
2023-05-08 09:34:25,583 [31bb0062-e0a6-44a8-8078-5986d8d8cb42@group-0D7E76F6B348-LeaderElection15] INFO  grpc.GrpcConfigKeys (ConfUtils.java:logGet(46)) - raft.grpc.server.heartbeat.channel = true (default)
2023-05-08 09:34:25,583 [31bb0062-e0a6-44a8-8078-5986d8d8cb42@group-0D7E76F6B348-LeaderElection15] INFO  server.RaftServerConfigKeys (ConfUtils.java:logGet(46)) - raft.server.log.appender.wait-time.min = 10ms (default)
2023-05-08 09:34:25,583 [31bb0062-e0a6-44a8-8078-5986d8d8cb42@group-0D7E76F6B348-LeaderElection15] INFO  impl.RoleInfo (RoleInfo.java:updateAndGet(139)) - 31bb0062-e0a6-44a8-8078-5986d8d8cb42: start 31bb0062-e0a6-44a8-8078-5986d8d8cb42@group-0D7E76F6B348-LeaderStateImpl
2023-05-08 09:34:25,583 [31bb0062-e0a6-44a8-8078-5986d8d8cb42@group-0D7E76F6B348-LeaderElection15] INFO  segmented.SegmentedRaftLogWorker (SegmentedRaftLogWorker.java:startLogSegment(452)) - 31bb0062-e0a6-44a8-8078-5986d8d8cb42@group-0D7E76F6B348-SegmentedRaftLogWorker: Starting segment from index:0
2023-05-08 09:34:25,586 [EventQueue-PipelineReportForPipelineReportHandler] INFO  pipeline.PipelineManagerImpl (PipelineManagerImpl.java:openPipeline(367)) - Pipeline Pipeline[ Id: c60f1d6e-571f-4598-847d-0d7e76f6b348, Nodes: f5594809-1a1d-480b-9497-2673d29d2595(fv-az96-539/10.1.0.160)31bb0062-e0a6-44a8-8078-5986d8d8cb42(fv-az96-539/10.1.0.160)8bb737d4-3739-4a89-bbd0-142b4bbbf932(fv-az96-539/10.1.0.160), ReplicationConfig: RATIS/THREE, State:ALLOCATED, leaderId:31bb0062-e0a6-44a8-8078-5986d8d8cb42, CreationTimestamp2023-05-08T09:34:17.930Z[Etc/UTC]] moved to OPEN state
2023-05-08 09:34:25,586 [EventQueue-OpenPipelineForHealthyPipelineSafeModeRule] INFO  safemode.SCMSafeModeManager (HealthyPipelineSafeModeRule.java:process(137)) - SCM in safe mode. Healthy pipelines reported count is 0, required healthy pipeline reported count is 1
2023-05-08 09:34:25,586 [EventQueue-OpenPipelineForHealthyPipelineSafeModeRule] INFO  safemode.SCMSafeModeManager (HealthyPipelineSafeModeRule.java:process(137)) - SCM in safe mode. Healthy pipelines reported count is 1, required healthy pipeline reported count is 1
2023-05-08 09:34:25,586 [EventQueue-OpenPipelineForHealthyPipelineSafeModeRule] INFO  safemode.SCMSafeModeManager (SCMSafeModeManager.java:validateSafeModeExitRules(200)) - HealthyPipelineSafeModeRule rule is successfully validated
2023-05-08 09:34:25,586 [EventQueue-OpenPipelineForHealthyPipelineSafeModeRule] INFO  safemode.SCMSafeModeManager (SCMSafeModeManager.java:validateSafeModeExitRules(215)) - ScmSafeModeManager, all rules are successfully validated
2023-05-08 09:34:25,586 [EventQueue-OpenPipelineForHealthyPipelineSafeModeRule] INFO  safemode.SCMSafeModeManager (SCMSafeModeManager.java:exitSafeMode(244)) - SCM exiting safe mode.
2023-05-08 09:34:25,586 [EventQueue-OpenPipelineForHealthyPipelineSafeModeRule] INFO  ha.SCMContext (SCMContext.java:updateSafeModeStatus(228)) - Update SafeModeStatus from SafeModeStatus{safeModeStatus=true, preCheckPassed=true} to SafeModeStatus{safeModeStatus=false, preCheckPassed=true}.
2023-05-08 09:34:25,586 [EventQueue-OpenPipelineForHealthyPipelineSafeModeRule] INFO  pipeline.BackgroundPipelineCreator (BackgroundPipelineCreator.java:notifyStatusChanged(254)) - Service BackgroundPipelineCreator transitions to RUNNING.
2023-05-08 09:34:25,586 [EventQueue-OpenPipelineForHealthyPipelineSafeModeRule] INFO  BackgroundPipelineScrubber (BackgroundSCMService.java:notifyStatusChanged(82)) - Service BackgroundPipelineScrubber transitions to RUNNING.
2023-05-08 09:34:25,586 [EventQueue-OpenPipelineForHealthyPipelineSafeModeRule] INFO  ExpiredContainerReplicaOpScrubber (BackgroundSCMService.java:notifyStatusChanged(82)) - Service ExpiredContainerReplicaOpScrubber transitions to RUNNING.
2023-05-08 09:34:25,586 [EventQueue-OpenPipelineForHealthyPipelineSafeModeRule] INFO  replication.ReplicationManager (ReplicationManager.java:notifyStatusChanged(1370)) - Service ReplicationManager transitions to RUNNING.
2023-05-08 09:34:25,587 [EventQueue-OpenPipelineForHealthyPipelineSafeModeRule] WARN  balancer.ContainerBalancer (ContainerBalancer.java:shouldRun(132)) - Could not find persisted configuration for ContainerBalancer when checking if ContainerBalancer should run. ContainerBalancer should not run now.
2023-05-08 09:34:25,587 [31bb0062-e0a6-44a8-8078-5986d8d8cb42@group-0D7E76F6B348-SegmentedRaftLogWorker] INFO  segmented.SegmentedRaftLogWorker (SegmentedRaftLogWorker.java:execute(656)) - 31bb0062-e0a6-44a8-8078-5986d8d8cb42@group-0D7E76F6B348-SegmentedRaftLogWorker: created new log segment /home/runner/work/ozone/ozone/hadoop-ozone/integration-test/target/test-dir/MiniOzoneClusterImpl-fa43fc2a-bf5b-4c12-844e-0f55669bff2c/datanode-2/data/ratis/c60f1d6e-571f-4598-847d-0d7e76f6b348/current/log_inprogress_0
2023-05-08 09:34:25,592 [8bb737d4-3739-4a89-bbd0-142b4bbbf932@group-0D7E76F6B348-FollowerState] INFO  server.RaftServerConfigKeys (ConfUtils.java:logFallback(53)) - raft.server.rpc.first-election.timeout.min = 5s (fallback to raft.server.rpc.timeout.min)
2023-05-08 09:34:25,592 [8bb737d4-3739-4a89-bbd0-142b4bbbf932@group-0D7E76F6B348-FollowerState] INFO  server.RaftServerConfigKeys (ConfUtils.java:logFallback(53)) - raft.server.rpc.first-election.timeout.max = 5200ms (fallback to raft.server.rpc.timeout.max)
2023-05-08 09:34:25,592 [f5594809-1a1d-480b-9497-2673d29d2595@group-0D7E76F6B348-FollowerState] INFO  server.RaftServerConfigKeys (ConfUtils.java:logFallback(53)) - raft.server.rpc.first-election.timeout.min = 5s (fallback to raft.server.rpc.timeout.min)
2023-05-08 09:34:25,592 [f5594809-1a1d-480b-9497-2673d29d2595@group-0D7E76F6B348-FollowerState] INFO  server.RaftServerConfigKeys (ConfUtils.java:logFallback(53)) - raft.server.rpc.first-election.timeout.max = 5200ms (fallback to raft.server.rpc.timeout.max)
2023-05-08 09:34:25,597 [8bb737d4-3739-4a89-bbd0-142b4bbbf932@group-2325FE0F4446-LeaderElection16] INFO  impl.LeaderElection (LeaderElection.java:askForVotes(312)) - 8bb737d4-3739-4a89-bbd0-142b4bbbf932@group-2325FE0F4446-LeaderElection16 PRE_VOTE round 0: submit vote requests at term 0 for -1: peers:[f5594809-1a1d-480b-9497-2673d29d2595|rpc:10.1.0.160:42729|dataStream:10.1.0.160:33155|priority:0|startupRole:FOLLOWER, 8bb737d4-3739-4a89-bbd0-142b4bbbf932|rpc:10.1.0.160:40901|dataStream:10.1.0.160:41785|priority:1|startupRole:FOLLOWER, 31bb0062-e0a6-44a8-8078-5986d8d8cb42|rpc:10.1.0.160:33403|dataStream:10.1.0.160:36965|priority:0|startupRole:FOLLOWER]|listeners:[], old=null
2023-05-08 09:34:25,597 [8bb737d4-3739-4a89-bbd0-142b4bbbf932@group-2325FE0F4446-LeaderElection16-1] INFO  server.GrpcServerProtocolClient (GrpcServerProtocolClient.java:<init>(63)) - Build channel for f5594809-1a1d-480b-9497-2673d29d2595
2023-05-08 09:34:25,600 [8bb737d4-3739-4a89-bbd0-142b4bbbf932@group-2325FE0F4446-LeaderElection16] INFO  server.RaftServerConfigKeys (ConfUtils.java:logFallback(53)) - raft.server.rpc.first-election.timeout.min = 5s (fallback to raft.server.rpc.timeout.min)
2023-05-08 09:34:25,600 [8bb737d4-3739-4a89-bbd0-142b4bbbf932@group-2325FE0F4446-LeaderElection16] INFO  server.RaftServerConfigKeys (ConfUtils.java:logFallback(53)) - raft.server.rpc.first-election.timeout.max = 5200ms (fallback to raft.server.rpc.timeout.max)
2023-05-08 09:34:25,600 [31bb0062-e0a6-44a8-8078-5986d8d8cb42@group-0D7E76F6B348-LeaderElection15] INFO  server.RaftServer$Division (ServerState.java:setRaftConf(430)) - 31bb0062-e0a6-44a8-8078-5986d8d8cb42@group-0D7E76F6B348: set configuration 0: peers:[f5594809-1a1d-480b-9497-2673d29d2595|rpc:10.1.0.160:42729|dataStream:10.1.0.160:33155|priority:0|startupRole:FOLLOWER, 8bb737d4-3739-4a89-bbd0-142b4bbbf932|rpc:10.1.0.160:40901|dataStream:10.1.0.160:41785|priority:0|startupRole:FOLLOWER, 31bb0062-e0a6-44a8-8078-5986d8d8cb42|rpc:10.1.0.160:33403|dataStream:10.1.0.160:36965|priority:1|startupRole:FOLLOWER]|listeners:[], old=null
2023-05-08 09:34:25,601 [8bb737d4-3739-4a89-bbd0-142b4bbbf932@group-2325FE0F4446-LeaderElection16-2] INFO  server.GrpcServerProtocolClient (GrpcServerProtocolClient.java:<init>(63)) - Build channel for 31bb0062-e0a6-44a8-8078-5986d8d8cb42
2023-05-08 09:34:25,615 [8bb737d4-3739-4a89-bbd0-142b4bbbf932-server-thread1] INFO  ratis.XceiverServerRatis (XceiverServerRatis.java:handleLeaderChangedNotification(904)) - Leader change notification received for group: group-0D7E76F6B348 with new leaderId: 31bb0062-e0a6-44a8-8078-5986d8d8cb42
2023-05-08 09:34:25,615 [8bb737d4-3739-4a89-bbd0-142b4bbbf932-server-thread1] INFO  server.RaftServer$Division (ServerState.java:setLeader(313)) - 8bb737d4-3739-4a89-bbd0-142b4bbbf932@group-0D7E76F6B348: change Leader from null to 31bb0062-e0a6-44a8-8078-5986d8d8cb42 at term 1 for appendEntries, leader elected after 5162ms
2023-05-08 09:34:25,618 [f5594809-1a1d-480b-9497-2673d29d2595-server-thread1] INFO  ratis.XceiverServerRatis (XceiverServerRatis.java:handleLeaderChangedNotification(904)) - Leader change notification received for group: group-0D7E76F6B348 with new leaderId: 31bb0062-e0a6-44a8-8078-5986d8d8cb42
2023-05-08 09:34:25,618 [f5594809-1a1d-480b-9497-2673d29d2595-server-thread1] INFO  server.RaftServer$Division (ServerState.java:setLeader(313)) - f5594809-1a1d-480b-9497-2673d29d2595@group-0D7E76F6B348: change Leader from null to 31bb0062-e0a6-44a8-8078-5986d8d8cb42 at term 1 for appendEntries, leader elected after 5227ms
2023-05-08 09:34:25,618 [8bb737d4-3739-4a89-bbd0-142b4bbbf932-server-thread1] INFO  server.RaftServer$Division (ServerState.java:setRaftConf(430)) - 8bb737d4-3739-4a89-bbd0-142b4bbbf932@group-0D7E76F6B348: set configuration 0: peers:[f5594809-1a1d-480b-9497-2673d29d2595|rpc:10.1.0.160:42729|dataStream:10.1.0.160:33155|priority:0|startupRole:FOLLOWER, 8bb737d4-3739-4a89-bbd0-142b4bbbf932|rpc:10.1.0.160:40901|dataStream:10.1.0.160:41785|priority:0|startupRole:FOLLOWER, 31bb0062-e0a6-44a8-8078-5986d8d8cb42|rpc:10.1.0.160:33403|dataStream:10.1.0.160:36965|priority:1|startupRole:FOLLOWER]|listeners:[], old=null
2023-05-08 09:34:25,618 [8bb737d4-3739-4a89-bbd0-142b4bbbf932-server-thread1] INFO  segmented.SegmentedRaftLogWorker (SegmentedRaftLogWorker.java:startLogSegment(452)) - 8bb737d4-3739-4a89-bbd0-142b4bbbf932@group-0D7E76F6B348-SegmentedRaftLogWorker: Starting segment from index:0
2023-05-08 09:34:25,620 [8bb737d4-3739-4a89-bbd0-142b4bbbf932@group-0D7E76F6B348-SegmentedRaftLogWorker] INFO  segmented.SegmentedRaftLogWorker (SegmentedRaftLogWorker.java:execute(656)) - 8bb737d4-3739-4a89-bbd0-142b4bbbf932@group-0D7E76F6B348-SegmentedRaftLogWorker: created new log segment /home/runner/work/ozone/ozone/hadoop-ozone/integration-test/target/test-dir/MiniOzoneClusterImpl-fa43fc2a-bf5b-4c12-844e-0f55669bff2c/datanode-1/data/ratis/c60f1d6e-571f-4598-847d-0d7e76f6b348/current/log_inprogress_0
2023-05-08 09:34:25,627 [grpc-default-executor-0] INFO  server.RaftServer$Division (RaftServerImpl.java:requestVote(1218)) - 31bb0062-e0a6-44a8-8078-5986d8d8cb42@group-2325FE0F4446: receive requestVote(PRE_VOTE, 8bb737d4-3739-4a89-bbd0-142b4bbbf932, group-2325FE0F4446, 0, (t:0, i:0))
2023-05-08 09:34:25,627 [grpc-default-executor-0] INFO  impl.VoteContext (VoteContext.java:log(49)) - 31bb0062-e0a6-44a8-8078-5986d8d8cb42@group-2325FE0F4446-FOLLOWER: accept PRE_VOTE from 8bb737d4-3739-4a89-bbd0-142b4bbbf932: our priority 0 <= candidate's priority 1
2023-05-08 09:34:25,627 [grpc-default-executor-0] INFO  server.RaftServer$Division (RaftServerImpl.java:requestVote(1251)) - 31bb0062-e0a6-44a8-8078-5986d8d8cb42@group-2325FE0F4446 replies to PRE_VOTE vote request: 8bb737d4-3739-4a89-bbd0-142b4bbbf932<-31bb0062-e0a6-44a8-8078-5986d8d8cb42#0:OK-t0. Peer's state: 31bb0062-e0a6-44a8-8078-5986d8d8cb42@group-2325FE0F4446:t0, leader=null, voted=, raftlog=Memoized:31bb0062-e0a6-44a8-8078-5986d8d8cb42@group-2325FE0F4446-SegmentedRaftLog:OPENED:c-1, conf=-1: peers:[f5594809-1a1d-480b-9497-2673d29d2595|rpc:10.1.0.160:42729|dataStream:10.1.0.160:33155|priority:0|startupRole:FOLLOWER, 8bb737d4-3739-4a89-bbd0-142b4bbbf932|rpc:10.1.0.160:40901|dataStream:10.1.0.160:41785|priority:1|startupRole:FOLLOWER, 31bb0062-e0a6-44a8-8078-5986d8d8cb42|rpc:10.1.0.160:33403|dataStream:10.1.0.160:36965|priority:0|startupRole:FOLLOWER]|listeners:[], old=null
2023-05-08 09:34:25,634 [8bb737d4-3739-4a89-bbd0-142b4bbbf932@group-2325FE0F4446-LeaderElection16] INFO  impl.LeaderElection (LeaderElection.java:logAndReturn(90)) - 8bb737d4-3739-4a89-bbd0-142b4bbbf932@group-2325FE0F4446-LeaderElection16: PRE_VOTE PASSED received 1 response(s) and 0 exception(s):
2023-05-08 09:34:25,635 [8bb737d4-3739-4a89-bbd0-142b4bbbf932@group-2325FE0F4446-LeaderElection16] INFO  impl.LeaderElection (LeaderElection.java:logAndReturn(94)) -   Response 0: 8bb737d4-3739-4a89-bbd0-142b4bbbf932<-31bb0062-e0a6-44a8-8078-5986d8d8cb42#0:OK-t0
2023-05-08 09:34:25,635 [8bb737d4-3739-4a89-bbd0-142b4bbbf932@group-2325FE0F4446-LeaderElection16] INFO  impl.LeaderElection (LeaderElection.java:askForVotes(314)) - 8bb737d4-3739-4a89-bbd0-142b4bbbf932@group-2325FE0F4446-LeaderElection16 PRE_VOTE round 0: result PASSED
2023-05-08 09:34:25,636 [8bb737d4-3739-4a89-bbd0-142b4bbbf932@group-2325FE0F4446-LeaderElection16] INFO  impl.LeaderElection (LeaderElection.java:askForVotes(312)) - 8bb737d4-3739-4a89-bbd0-142b4bbbf932@group-2325FE0F4446-LeaderElection16 ELECTION round 0: submit vote requests at term 1 for -1: peers:[f5594809-1a1d-480b-9497-2673d29d2595|rpc:10.1.0.160:42729|dataStream:10.1.0.160:33155|priority:0|startupRole:FOLLOWER, 8bb737d4-3739-4a89-bbd0-142b4bbbf932|rpc:10.1.0.160:40901|dataStream:10.1.0.160:41785|priority:1|startupRole:FOLLOWER, 31bb0062-e0a6-44a8-8078-5986d8d8cb42|rpc:10.1.0.160:33403|dataStream:10.1.0.160:36965|priority:0|startupRole:FOLLOWER]|listeners:[], old=null
2023-05-08 09:34:25,637 [8bb737d4-3739-4a89-bbd0-142b4bbbf932@group-2325FE0F4446-LeaderElection16] INFO  server.RaftServerConfigKeys (ConfUtils.java:logFallback(53)) - raft.server.rpc.first-election.timeout.min = 5s (fallback to raft.server.rpc.timeout.min)
2023-05-08 09:34:25,637 [8bb737d4-3739-4a89-bbd0-142b4bbbf932@group-2325FE0F4446-LeaderElection16] INFO  server.RaftServerConfigKeys (ConfUtils.java:logFallback(53)) - raft.server.rpc.first-election.timeout.max = 5200ms (fallback to raft.server.rpc.timeout.max)
2023-05-08 09:34:25,638 [f5594809-1a1d-480b-9497-2673d29d2595-server-thread2] INFO  server.RaftServer$Division (ServerState.java:setRaftConf(430)) - f5594809-1a1d-480b-9497-2673d29d2595@group-0D7E76F6B348: set configuration 0: peers:[f5594809-1a1d-480b-9497-2673d29d2595|rpc:10.1.0.160:42729|dataStream:10.1.0.160:33155|priority:0|startupRole:FOLLOWER, 8bb737d4-3739-4a89-bbd0-142b4bbbf932|rpc:10.1.0.160:40901|dataStream:10.1.0.160:41785|priority:0|startupRole:FOLLOWER, 31bb0062-e0a6-44a8-8078-5986d8d8cb42|rpc:10.1.0.160:33403|dataStream:10.1.0.160:36965|priority:1|startupRole:FOLLOWER]|listeners:[], old=null
2023-05-08 09:34:25,638 [f5594809-1a1d-480b-9497-2673d29d2595-server-thread2] INFO  segmented.SegmentedRaftLogWorker (SegmentedRaftLogWorker.java:startLogSegment(452)) - f5594809-1a1d-480b-9497-2673d29d2595@group-0D7E76F6B348-SegmentedRaftLogWorker: Starting segment from index:0
2023-05-08 09:34:25,640 [grpc-default-executor-4] INFO  server.RaftServer$Division (RaftServerImpl.java:requestVote(1218)) - f5594809-1a1d-480b-9497-2673d29d2595@group-2325FE0F4446: receive requestVote(PRE_VOTE, 8bb737d4-3739-4a89-bbd0-142b4bbbf932, group-2325FE0F4446, 0, (t:0, i:0))
2023-05-08 09:34:25,640 [grpc-default-executor-4] INFO  impl.VoteContext (VoteContext.java:log(49)) - f5594809-1a1d-480b-9497-2673d29d2595@group-2325FE0F4446-FOLLOWER: accept PRE_VOTE from 8bb737d4-3739-4a89-bbd0-142b4bbbf932: our priority 0 <= candidate's priority 1
2023-05-08 09:34:25,640 [grpc-default-executor-4] INFO  server.RaftServer$Division (RaftServerImpl.java:requestVote(1251)) - f5594809-1a1d-480b-9497-2673d29d2595@group-2325FE0F4446 replies to PRE_VOTE vote request: 8bb737d4-3739-4a89-bbd0-142b4bbbf932<-f5594809-1a1d-480b-9497-2673d29d2595#0:OK-t0. Peer's state: f5594809-1a1d-480b-9497-2673d29d2595@group-2325FE0F4446:t0, leader=null, voted=, raftlog=Memoized:f5594809-1a1d-480b-9497-2673d29d2595@group-2325FE0F4446-SegmentedRaftLog:OPENED:c-1, conf=-1: peers:[f5594809-1a1d-480b-9497-2673d29d2595|rpc:10.1.0.160:42729|dataStream:10.1.0.160:33155|priority:0|startupRole:FOLLOWER, 8bb737d4-3739-4a89-bbd0-142b4bbbf932|rpc:10.1.0.160:40901|dataStream:10.1.0.160:41785|priority:1|startupRole:FOLLOWER, 31bb0062-e0a6-44a8-8078-5986d8d8cb42|rpc:10.1.0.160:33403|dataStream:10.1.0.160:36965|priority:0|startupRole:FOLLOWER]|listeners:[], old=null
2023-05-08 09:34:25,640 [f5594809-1a1d-480b-9497-2673d29d2595@group-0D7E76F6B348-SegmentedRaftLogWorker] INFO  segmented.SegmentedRaftLogWorker (SegmentedRaftLogWorker.java:execute(656)) - f5594809-1a1d-480b-9497-2673d29d2595@group-0D7E76F6B348-SegmentedRaftLogWorker: created new log segment /home/runner/work/ozone/ozone/hadoop-ozone/integration-test/target/test-dir/MiniOzoneClusterImpl-fa43fc2a-bf5b-4c12-844e-0f55669bff2c/datanode-0/data/ratis/c60f1d6e-571f-4598-847d-0d7e76f6b348/current/log_inprogress_0
2023-05-08 09:34:25,641 [grpc-default-executor-1] INFO  server.RaftServer$Division (RaftServerImpl.java:requestVote(1218)) - f5594809-1a1d-480b-9497-2673d29d2595@group-2325FE0F4446: receive requestVote(ELECTION, 8bb737d4-3739-4a89-bbd0-142b4bbbf932, group-2325FE0F4446, 1, (t:0, i:0))
2023-05-08 09:34:25,641 [grpc-default-executor-1] INFO  impl.VoteContext (VoteContext.java:log(49)) - f5594809-1a1d-480b-9497-2673d29d2595@group-2325FE0F4446-FOLLOWER: accept ELECTION from 8bb737d4-3739-4a89-bbd0-142b4bbbf932: our priority 0 <= candidate's priority 1
2023-05-08 09:34:25,641 [grpc-default-executor-1] INFO  server.RaftServer$Division (RaftServerImpl.java:setRole(321)) - f5594809-1a1d-480b-9497-2673d29d2595@group-2325FE0F4446: changes role from  FOLLOWER to FOLLOWER at term 1 for candidate:8bb737d4-3739-4a89-bbd0-142b4bbbf932
2023-05-08 09:34:25,641 [grpc-default-executor-1] INFO  impl.RoleInfo (RoleInfo.java:shutdownFollowerState(110)) - f5594809-1a1d-480b-9497-2673d29d2595: shutdown f5594809-1a1d-480b-9497-2673d29d2595@group-2325FE0F4446-FollowerState
2023-05-08 09:34:25,641 [grpc-default-executor-1] INFO  impl.RoleInfo (RoleInfo.java:updateAndGet(139)) - f5594809-1a1d-480b-9497-2673d29d2595: start f5594809-1a1d-480b-9497-2673d29d2595@group-2325FE0F4446-FollowerState
2023-05-08 09:34:25,641 [f5594809-1a1d-480b-9497-2673d29d2595@group-2325FE0F4446-FollowerState] INFO  impl.FollowerState (FollowerState.java:run(152)) - f5594809-1a1d-480b-9497-2673d29d2595@group-2325FE0F4446-FollowerState was interrupted
2023-05-08 09:34:25,642 [grpc-default-executor-1] INFO  server.RaftServer$Division (RaftServerImpl.java:requestVote(1251)) - f5594809-1a1d-480b-9497-2673d29d2595@group-2325FE0F4446 replies to ELECTION vote request: 8bb737d4-3739-4a89-bbd0-142b4bbbf932<-f5594809-1a1d-480b-9497-2673d29d2595#0:OK-t1. Peer's state: f5594809-1a1d-480b-9497-2673d29d2595@group-2325FE0F4446:t1, leader=null, voted=8bb737d4-3739-4a89-bbd0-142b4bbbf932, raftlog=Memoized:f5594809-1a1d-480b-9497-2673d29d2595@group-2325FE0F4446-SegmentedRaftLog:OPENED:c-1, conf=-1: peers:[f5594809-1a1d-480b-9497-2673d29d2595|rpc:10.1.0.160:42729|dataStream:10.1.0.160:33155|priority:0|startupRole:FOLLOWER, 8bb737d4-3739-4a89-bbd0-142b4bbbf932|rpc:10.1.0.160:40901|dataStream:10.1.0.160:41785|priority:1|startupRole:FOLLOWER, 31bb0062-e0a6-44a8-8078-5986d8d8cb42|rpc:10.1.0.160:33403|dataStream:10.1.0.160:36965|priority:0|startupRole:FOLLOWER]|listeners:[], old=null
2023-05-08 09:34:25,645 [grpc-default-executor-0] INFO  server.RaftServer$Division (RaftServerImpl.java:requestVote(1218)) - 31bb0062-e0a6-44a8-8078-5986d8d8cb42@group-2325FE0F4446: receive requestVote(ELECTION, 8bb737d4-3739-4a89-bbd0-142b4bbbf932, group-2325FE0F4446, 1, (t:0, i:0))
2023-05-08 09:34:25,645 [grpc-default-executor-0] INFO  impl.VoteContext (VoteContext.java:log(49)) - 31bb0062-e0a6-44a8-8078-5986d8d8cb42@group-2325FE0F4446-FOLLOWER: accept ELECTION from 8bb737d4-3739-4a89-bbd0-142b4bbbf932: our priority 0 <= candidate's priority 1
2023-05-08 09:34:25,645 [grpc-default-executor-0] INFO  server.RaftServer$Division (RaftServerImpl.java:setRole(321)) - 31bb0062-e0a6-44a8-8078-5986d8d8cb42@group-2325FE0F4446: changes role from  FOLLOWER to FOLLOWER at term 1 for candidate:8bb737d4-3739-4a89-bbd0-142b4bbbf932
2023-05-08 09:34:25,645 [grpc-default-executor-0] INFO  impl.RoleInfo (RoleInfo.java:shutdownFollowerState(110)) - 31bb0062-e0a6-44a8-8078-5986d8d8cb42: shutdown 31bb0062-e0a6-44a8-8078-5986d8d8cb42@group-2325FE0F4446-FollowerState
2023-05-08 09:34:25,645 [31bb0062-e0a6-44a8-8078-5986d8d8cb42@group-2325FE0F4446-FollowerState] INFO  impl.FollowerState (FollowerState.java:run(152)) - 31bb0062-e0a6-44a8-8078-5986d8d8cb42@group-2325FE0F4446-FollowerState was interrupted
2023-05-08 09:34:25,645 [f5594809-1a1d-480b-9497-2673d29d2595@group-2325FE0F4446-FollowerState] INFO  server.RaftServerConfigKeys (ConfUtils.java:logFallback(53)) - raft.server.rpc.first-election.timeout.min = 5s (fallback to raft.server.rpc.timeout.min)
2023-05-08 09:34:25,645 [f5594809-1a1d-480b-9497-2673d29d2595@group-2325FE0F4446-FollowerState] INFO  server.RaftServerConfigKeys (ConfUtils.java:logFallback(53)) - raft.server.rpc.first-election.timeout.max = 5200ms (fallback to raft.server.rpc.timeout.max)
2023-05-08 09:34:25,646 [grpc-default-executor-0] INFO  impl.RoleInfo (RoleInfo.java:updateAndGet(139)) - 31bb0062-e0a6-44a8-8078-5986d8d8cb42: start 31bb0062-e0a6-44a8-8078-5986d8d8cb42@group-2325FE0F4446-FollowerState
2023-05-08 09:34:25,646 [8bb737d4-3739-4a89-bbd0-142b4bbbf932@group-2325FE0F4446-LeaderElection16] INFO  impl.LeaderElection (LeaderElection.java:logAndReturn(90)) - 8bb737d4-3739-4a89-bbd0-142b4bbbf932@group-2325FE0F4446-LeaderElection16: ELECTION PASSED received 1 response(s) and 0 exception(s):
2023-05-08 09:34:25,646 [8bb737d4-3739-4a89-bbd0-142b4bbbf932@group-2325FE0F4446-LeaderElection16] INFO  impl.LeaderElection (LeaderElection.java:logAndReturn(94)) -   Response 0: 8bb737d4-3739-4a89-bbd0-142b4bbbf932<-f5594809-1a1d-480b-9497-2673d29d2595#0:OK-t1
2023-05-08 09:34:25,646 [31bb0062-e0a6-44a8-8078-5986d8d8cb42@group-2325FE0F4446-FollowerState] INFO  server.RaftServerConfigKeys (ConfUtils.java:logFallback(53)) - raft.server.rpc.first-election.timeout.min = 5s (fallback to raft.server.rpc.timeout.min)
2023-05-08 09:34:25,646 [31bb0062-e0a6-44a8-8078-5986d8d8cb42@group-2325FE0F4446-FollowerState] INFO  server.RaftServerConfigKeys (ConfUtils.java:logFallback(53)) - raft.server.rpc.first-election.timeout.max = 5200ms (fallback to raft.server.rpc.timeout.max)
2023-05-08 09:34:25,647 [8bb737d4-3739-4a89-bbd0-142b4bbbf932@group-2325FE0F4446-LeaderElection16] INFO  impl.LeaderElection (LeaderElection.java:askForVotes(314)) - 8bb737d4-3739-4a89-bbd0-142b4bbbf932@group-2325FE0F4446-LeaderElection16 ELECTION round 0: result PASSED
2023-05-08 09:34:25,647 [8bb737d4-3739-4a89-bbd0-142b4bbbf932@group-2325FE0F4446-LeaderElection16] INFO  impl.RoleInfo (RoleInfo.java:shutdownLeaderElection(130)) - 8bb737d4-3739-4a89-bbd0-142b4bbbf932: shutdown 8bb737d4-3739-4a89-bbd0-142b4bbbf932@group-2325FE0F4446-LeaderElection16
2023-05-08 09:34:25,647 [8bb737d4-3739-4a89-bbd0-142b4bbbf932@group-2325FE0F4446-LeaderElection16] INFO  server.RaftServer$Division (RaftServerImpl.java:setRole(321)) - 8bb737d4-3739-4a89-bbd0-142b4bbbf932@group-2325FE0F4446: changes role from CANDIDATE to LEADER at term 1 for changeToLeader
2023-05-08 09:34:25,647 [8bb737d4-3739-4a89-bbd0-142b4bbbf932@group-2325FE0F4446-LeaderElection16] INFO  ratis.XceiverServerRatis (XceiverServerRatis.java:handleLeaderChangedNotification(904)) - Leader change notification received for group: group-2325FE0F4446 with new leaderId: 8bb737d4-3739-4a89-bbd0-142b4bbbf932
2023-05-08 09:34:25,647 [8bb737d4-3739-4a89-bbd0-142b4bbbf932@group-2325FE0F4446-LeaderElection16] INFO  server.RaftServer$Division (ServerState.java:setLeader(313)) - 8bb737d4-3739-4a89-bbd0-142b4bbbf932@group-2325FE0F4446: change Leader from null to 8bb737d4-3739-4a89-bbd0-142b4bbbf932 at term 1 for becomeLeader, leader elected after 5281ms
2023-05-08 09:34:25,647 [8bb737d4-3739-4a89-bbd0-142b4bbbf932@group-2325FE0F4446-LeaderElection16] INFO  server.RaftServerConfigKeys (ConfUtils.java:logGet(46)) - raft.server.staging.catchup.gap = 1000 (default)
2023-05-08 09:34:25,647 [8bb737d4-3739-4a89-bbd0-142b4bbbf932@group-2325FE0F4446-LeaderElection16] INFO  server.RaftServerConfigKeys (ConfUtils.java:logGet(46)) - raft.server.write.element-limit = 1024 (custom)
2023-05-08 09:34:25,647 [8bb737d4-3739-4a89-bbd0-142b4bbbf932@group-2325FE0F4446-LeaderElection16] INFO  server.RaftServerConfigKeys (ConfUtils.java:logGet(46)) - raft.server.write.byte-limit = 1024 M (=1073741824) (custom)
2023-05-08 09:34:25,647 [8bb737d4-3739-4a89-bbd0-142b4bbbf932@group-2325FE0F4446-LeaderElection16] INFO  server.RaftServerConfigKeys (ConfUtils.java:logGet(46)) - raft.server.watch.timeout = 180s (custom)
2023-05-08 09:34:25,647 [8bb737d4-3739-4a89-bbd0-142b4bbbf932@group-2325FE0F4446-LeaderElection16] INFO  server.RaftServerConfigKeys (ConfUtils.java:logGet(46)) - raft.server.watch.timeout.denomination = 1s (default)
2023-05-08 09:34:25,647 [8bb737d4-3739-4a89-bbd0-142b4bbbf932@group-2325FE0F4446-LeaderElection16] INFO  server.RaftServerConfigKeys (ConfUtils.java:logGet(46)) - raft.server.watch.element-limit = 65536 (default)
2023-05-08 09:34:25,648 [8bb737d4-3739-4a89-bbd0-142b4bbbf932@group-2325FE0F4446-LeaderElection16] INFO  server.RaftServerConfigKeys (ConfUtils.java:logGet(46)) - raft.server.write.element-limit = 1024 (custom)
2023-05-08 09:34:25,648 [8bb737d4-3739-4a89-bbd0-142b4bbbf932@group-2325FE0F4446-LeaderElection16] INFO  server.RaftServerConfigKeys (ConfUtils.java:logGet(46)) - raft.server.write.follower.gap.ratio.max = -1.0 (default)
2023-05-08 09:34:25,648 [8bb737d4-3739-4a89-bbd0-142b4bbbf932@group-2325FE0F4446-LeaderElection16] INFO  server.RaftServerConfigKeys (ConfUtils.java:logGet(46)) - raft.server.log.appender.snapshot.chunk.size.max = 16MB (=16777216) (default)
2023-05-08 09:34:25,648 [8bb737d4-3739-4a89-bbd0-142b4bbbf932@group-2325FE0F4446-LeaderElection16] INFO  server.RaftServerConfigKeys (ConfUtils.java:logGet(46)) - raft.server.log.appender.buffer.byte-limit = 33554432 (custom)
2023-05-08 09:34:25,648 [8bb737d4-3739-4a89-bbd0-142b4bbbf932@group-2325FE0F4446-LeaderElection16] INFO  server.RaftServerConfigKeys (ConfUtils.java:logGet(46)) - raft.server.log.appender.buffer.element-limit = 1 (custom)
2023-05-08 09:34:25,648 [8bb737d4-3739-4a89-bbd0-142b4bbbf932@group-2325FE0F4446-LeaderElection16] INFO  grpc.GrpcConfigKeys (ConfUtils.java:logGet(46)) - raft.grpc.server.leader.outstanding.appends.max = 128 (default)
2023-05-08 09:34:25,648 [8bb737d4-3739-4a89-bbd0-142b4bbbf932@group-2325FE0F4446-LeaderElection16] INFO  server.RaftServerConfigKeys (ConfUtils.java:logGet(46)) - raft.server.rpc.request.timeout = 60s (custom)
2023-05-08 09:34:25,648 [8bb737d4-3739-4a89-bbd0-142b4bbbf932@group-2325FE0F4446-LeaderElection16] INFO  server.RaftServerConfigKeys (ConfUtils.java:logGet(46)) - raft.server.log.appender.install.snapshot.enabled = false (custom)
2023-05-08 09:34:25,648 [8bb737d4-3739-4a89-bbd0-142b4bbbf932@group-2325FE0F4446-LeaderElection16] INFO  grpc.GrpcConfigKeys (ConfUtils.java:logGet(46)) - raft.grpc.server.heartbeat.channel = true (default)
2023-05-08 09:34:25,648 [8bb737d4-3739-4a89-bbd0-142b4bbbf932@group-2325FE0F4446-LeaderElection16] INFO  server.RaftServerConfigKeys (ConfUtils.java:logGet(46)) - raft.server.log.appender.wait-time.min = 10ms (default)
2023-05-08 09:34:25,649 [8bb737d4-3739-4a89-bbd0-142b4bbbf932@group-2325FE0F4446-LeaderElection16] INFO  server.RaftServerConfigKeys (ConfUtils.java:logGet(46)) - raft.server.log.appender.snapshot.chunk.size.max = 16MB (=16777216) (default)
2023-05-08 09:34:25,649 [8bb737d4-3739-4a89-bbd0-142b4bbbf932@group-2325FE0F4446-LeaderElection16] INFO  server.RaftServerConfigKeys (ConfUtils.java:logGet(46)) - raft.server.log.appender.buffer.byte-limit = 33554432 (custom)
2023-05-08 09:34:25,649 [8bb737d4-3739-4a89-bbd0-142b4bbbf932@group-2325FE0F4446-LeaderElection16] INFO  server.RaftServerConfigKeys (ConfUtils.java:logGet(46)) - raft.server.log.appender.buffer.element-limit = 1 (custom)
2023-05-08 09:34:25,649 [8bb737d4-3739-4a89-bbd0-142b4bbbf932@group-2325FE0F4446-LeaderElection16] INFO  grpc.GrpcConfigKeys (ConfUtils.java:logGet(46)) - raft.grpc.server.leader.outstanding.appends.max = 128 (default)
2023-05-08 09:34:25,649 [8bb737d4-3739-4a89-bbd0-142b4bbbf932@group-2325FE0F4446-LeaderElection16] INFO  server.RaftServerConfigKeys (ConfUtils.java:logGet(46)) - raft.server.rpc.request.timeout = 60s (custom)
2023-05-08 09:34:25,649 [8bb737d4-3739-4a89-bbd0-142b4bbbf932@group-2325FE0F4446-LeaderElection16] INFO  server.RaftServerConfigKeys (ConfUtils.java:logGet(46)) - raft.server.log.appender.install.snapshot.enabled = false (custom)
2023-05-08 09:34:25,649 [8bb737d4-3739-4a89-bbd0-142b4bbbf932@group-2325FE0F4446-LeaderElection16] INFO  grpc.GrpcConfigKeys (ConfUtils.java:logGet(46)) - raft.grpc.server.heartbeat.channel = true (default)
2023-05-08 09:34:25,649 [8bb737d4-3739-4a89-bbd0-142b4bbbf932@group-2325FE0F4446-LeaderElection16] INFO  server.RaftServerConfigKeys (ConfUtils.java:logGet(46)) - raft.server.log.appender.wait-time.min = 10ms (default)
2023-05-08 09:34:25,649 [8bb737d4-3739-4a89-bbd0-142b4bbbf932@group-2325FE0F4446-LeaderElection16] INFO  impl.RoleInfo (RoleInfo.java:updateAndGet(139)) - 8bb737d4-3739-4a89-bbd0-142b4bbbf932: start 8bb737d4-3739-4a89-bbd0-142b4bbbf932@group-2325FE0F4446-LeaderStateImpl
2023-05-08 09:34:25,649 [8bb737d4-3739-4a89-bbd0-142b4bbbf932@group-2325FE0F4446-LeaderElection16] INFO  segmented.SegmentedRaftLogWorker (SegmentedRaftLogWorker.java:startLogSegment(452)) - 8bb737d4-3739-4a89-bbd0-142b4bbbf932@group-2325FE0F4446-SegmentedRaftLogWorker: Starting segment from index:0
2023-05-08 09:34:25,651 [EventQueue-PipelineReportForPipelineReportHandler] INFO  pipeline.PipelineManagerImpl (PipelineManagerImpl.java:openPipeline(367)) - Pipeline Pipeline[ Id: 523f76e4-c63b-4f59-a2ac-2325fe0f4446, Nodes: 31bb0062-e0a6-44a8-8078-5986d8d8cb42(fv-az96-539/10.1.0.160)f5594809-1a1d-480b-9497-2673d29d2595(fv-az96-539/10.1.0.160)8bb737d4-3739-4a89-bbd0-142b4bbbf932(fv-az96-539/10.1.0.160), ReplicationConfig: RATIS/THREE, State:ALLOCATED, leaderId:8bb737d4-3739-4a89-bbd0-142b4bbbf932, CreationTimestamp2023-05-08T09:34:17.929Z[Etc/UTC]] moved to OPEN state
2023-05-08 09:34:25,651 [grpc-default-executor-0] INFO  server.RaftServer$Division (RaftServerImpl.java:requestVote(1251)) - 31bb0062-e0a6-44a8-8078-5986d8d8cb42@group-2325FE0F4446 replies to ELECTION vote request: 8bb737d4-3739-4a89-bbd0-142b4bbbf932<-31bb0062-e0a6-44a8-8078-5986d8d8cb42#0:OK-t1. Peer's state: 31bb0062-e0a6-44a8-8078-5986d8d8cb42@group-2325FE0F4446:t1, leader=null, voted=8bb737d4-3739-4a89-bbd0-142b4bbbf932, raftlog=Memoized:31bb0062-e0a6-44a8-8078-5986d8d8cb42@group-2325FE0F4446-SegmentedRaftLog:OPENED:c-1, conf=-1: peers:[f5594809-1a1d-480b-9497-2673d29d2595|rpc:10.1.0.160:42729|dataStream:10.1.0.160:33155|priority:0|startupRole:FOLLOWER, 8bb737d4-3739-4a89-bbd0-142b4bbbf932|rpc:10.1.0.160:40901|dataStream:10.1.0.160:41785|priority:1|startupRole:FOLLOWER, 31bb0062-e0a6-44a8-8078-5986d8d8cb42|rpc:10.1.0.160:33403|dataStream:10.1.0.160:36965|priority:0|startupRole:FOLLOWER]|listeners:[], old=null
2023-05-08 09:34:25,652 [8bb737d4-3739-4a89-bbd0-142b4bbbf932@group-2325FE0F4446-SegmentedRaftLogWorker] INFO  segmented.SegmentedRaftLogWorker (SegmentedRaftLogWorker.java:execute(656)) - 8bb737d4-3739-4a89-bbd0-142b4bbbf932@group-2325FE0F4446-SegmentedRaftLogWorker: created new log segment /home/runner/work/ozone/ozone/hadoop-ozone/integration-test/target/test-dir/MiniOzoneClusterImpl-fa43fc2a-bf5b-4c12-844e-0f55669bff2c/datanode-1/data/ratis/523f76e4-c63b-4f59-a2ac-2325fe0f4446/current/log_inprogress_0
2023-05-08 09:34:25,661 [8bb737d4-3739-4a89-bbd0-142b4bbbf932@group-2325FE0F4446-LeaderElection16] INFO  server.RaftServer$Division (ServerState.java:setRaftConf(430)) - 8bb737d4-3739-4a89-bbd0-142b4bbbf932@group-2325FE0F4446: set configuration 0: peers:[f5594809-1a1d-480b-9497-2673d29d2595|rpc:10.1.0.160:42729|dataStream:10.1.0.160:33155|priority:0|startupRole:FOLLOWER, 8bb737d4-3739-4a89-bbd0-142b4bbbf932|rpc:10.1.0.160:40901|dataStream:10.1.0.160:41785|priority:1|startupRole:FOLLOWER, 31bb0062-e0a6-44a8-8078-5986d8d8cb42|rpc:10.1.0.160:33403|dataStream:10.1.0.160:36965|priority:0|startupRole:FOLLOWER]|listeners:[], old=null
2023-05-08 09:34:25,670 [8bb737d4-3739-4a89-bbd0-142b4bbbf932@group-50C932F8828D-FollowerState] INFO  impl.FollowerState (FollowerState.java:run(143)) - 8bb737d4-3739-4a89-bbd0-142b4bbbf932@group-50C932F8828D-FollowerState: change to CANDIDATE, lastRpcElapsedTime:5072587724ns, electionTimeout:5072ms
2023-05-08 09:34:25,673 [f5594809-1a1d-480b-9497-2673d29d2595-server-thread1] INFO  ratis.XceiverServerRatis (XceiverServerRatis.java:handleLeaderChangedNotification(904)) - Leader change notification received for group: group-2325FE0F4446 with new leaderId: 8bb737d4-3739-4a89-bbd0-142b4bbbf932
2023-05-08 09:34:25,673 [f5594809-1a1d-480b-9497-2673d29d2595-server-thread1] INFO  server.RaftServer$Division (ServerState.java:setLeader(313)) - f5594809-1a1d-480b-9497-2673d29d2595@group-2325FE0F4446: change Leader from null to 8bb737d4-3739-4a89-bbd0-142b4bbbf932 at term 1 for appendEntries, leader elected after 5398ms
2023-05-08 09:34:25,673 [8bb737d4-3739-4a89-bbd0-142b4bbbf932@group-50C932F8828D-FollowerState] INFO  impl.RoleInfo (RoleInfo.java:shutdownFollowerState(110)) - 8bb737d4-3739-4a89-bbd0-142b4bbbf932: shutdown 8bb737d4-3739-4a89-bbd0-142b4bbbf932@group-50C932F8828D-FollowerState
2023-05-08 09:34:25,673 [8bb737d4-3739-4a89-bbd0-142b4bbbf932@group-50C932F8828D-FollowerState] INFO  server.RaftServer$Division (RaftServerImpl.java:setRole(321)) - 8bb737d4-3739-4a89-bbd0-142b4bbbf932@group-50C932F8828D: changes role from  FOLLOWER to CANDIDATE at term 0 for changeToCandidate
2023-05-08 09:34:25,675 [31bb0062-e0a6-44a8-8078-5986d8d8cb42-server-thread1] INFO  ratis.XceiverServerRatis (XceiverServerRatis.java:handleLeaderChangedNotification(904)) - Leader change notification received for group: group-2325FE0F4446 with new leaderId: 8bb737d4-3739-4a89-bbd0-142b4bbbf932
2023-05-08 09:34:25,675 [31bb0062-e0a6-44a8-8078-5986d8d8cb42-server-thread1] INFO  server.RaftServer$Division (ServerState.java:setLeader(313)) - 31bb0062-e0a6-44a8-8078-5986d8d8cb42@group-2325FE0F4446: change Leader from null to 8bb737d4-3739-4a89-bbd0-142b4bbbf932 at term 1 for appendEntries, leader elected after 5366ms
2023-05-08 09:34:25,676 [8bb737d4-3739-4a89-bbd0-142b4bbbf932@group-50C932F8828D-FollowerState] INFO  server.RaftServerConfigKeys (ConfUtils.java:logGet(46)) - raft.server.leaderelection.pre-vote = true (default)
2023-05-08 09:34:25,676 [8bb737d4-3739-4a89-bbd0-142b4bbbf932@group-50C932F8828D-FollowerState] INFO  impl.RoleInfo (RoleInfo.java:updateAndGet(139)) - 8bb737d4-3739-4a89-bbd0-142b4bbbf932: start 8bb737d4-3739-4a89-bbd0-142b4bbbf932@group-50C932F8828D-LeaderElection17
2023-05-08 09:34:25,681 [31bb0062-e0a6-44a8-8078-5986d8d8cb42-server-thread2] INFO  server.RaftServer$Division (ServerState.java:setRaftConf(430)) - 31bb0062-e0a6-44a8-8078-5986d8d8cb42@group-2325FE0F4446: set configuration 0: peers:[f5594809-1a1d-480b-9497-2673d29d2595|rpc:10.1.0.160:42729|dataStream:10.1.0.160:33155|priority:0|startupRole:FOLLOWER, 8bb737d4-3739-4a89-bbd0-142b4bbbf932|rpc:10.1.0.160:40901|dataStream:10.1.0.160:41785|priority:1|startupRole:FOLLOWER, 31bb0062-e0a6-44a8-8078-5986d8d8cb42|rpc:10.1.0.160:33403|dataStream:10.1.0.160:36965|priority:0|startupRole:FOLLOWER]|listeners:[], old=null
2023-05-08 09:34:25,682 [31bb0062-e0a6-44a8-8078-5986d8d8cb42-server-thread2] INFO  segmented.SegmentedRaftLogWorker (SegmentedRaftLogWorker.java:startLogSegment(452)) - 31bb0062-e0a6-44a8-8078-5986d8d8cb42@group-2325FE0F4446-SegmentedRaftLogWorker: Starting segment from index:0
2023-05-08 09:34:25,686 [f5594809-1a1d-480b-9497-2673d29d2595-server-thread2] INFO  server.RaftServer$Division (ServerState.java:setRaftConf(430)) - f5594809-1a1d-480b-9497-2673d29d2595@group-2325FE0F4446: set configuration 0: peers:[f5594809-1a1d-480b-9497-2673d29d2595|rpc:10.1.0.160:42729|dataStream:10.1.0.160:33155|priority:0|startupRole:FOLLOWER, 8bb737d4-3739-4a89-bbd0-142b4bbbf932|rpc:10.1.0.160:40901|dataStream:10.1.0.160:41785|priority:1|startupRole:FOLLOWER, 31bb0062-e0a6-44a8-8078-5986d8d8cb42|rpc:10.1.0.160:33403|dataStream:10.1.0.160:36965|priority:0|startupRole:FOLLOWER]|listeners:[], old=null
2023-05-08 09:34:25,686 [f5594809-1a1d-480b-9497-2673d29d2595-server-thread2] INFO  segmented.SegmentedRaftLogWorker (SegmentedRaftLogWorker.java:startLogSegment(452)) - f5594809-1a1d-480b-9497-2673d29d2595@group-2325FE0F4446-SegmentedRaftLogWorker: Starting segment from index:0
2023-05-08 09:34:25,686 [8bb737d4-3739-4a89-bbd0-142b4bbbf932@group-50C932F8828D-LeaderElection17] INFO  impl.LeaderElection (LeaderElection.java:askForVotes(312)) - 8bb737d4-3739-4a89-bbd0-142b4bbbf932@group-50C932F8828D-LeaderElection17 PRE_VOTE round 0: submit vote requests at term 0 for -1: peers:[8bb737d4-3739-4a89-bbd0-142b4bbbf932|rpc:10.1.0.160:40901|dataStream:10.1.0.160:41785|priority:1|startupRole:FOLLOWER]|listeners:[], old=null
2023-05-08 09:34:25,686 [8bb737d4-3739-4a89-bbd0-142b4bbbf932@group-50C932F8828D-LeaderElection17] INFO  impl.LeaderElection (LeaderElection.java:askForVotes(314)) - 8bb737d4-3739-4a89-bbd0-142b4bbbf932@group-50C932F8828D-LeaderElection17 PRE_VOTE round 0: result PASSED (term=0)
2023-05-08 09:34:25,687 [31bb0062-e0a6-44a8-8078-5986d8d8cb42@group-2325FE0F4446-SegmentedRaftLogWorker] INFO  segmented.SegmentedRaftLogWorker (SegmentedRaftLogWorker.java:execute(656)) - 31bb0062-e0a6-44a8-8078-5986d8d8cb42@group-2325FE0F4446-SegmentedRaftLogWorker: created new log segment /home/runner/work/ozone/ozone/hadoop-ozone/integration-test/target/test-dir/MiniOzoneClusterImpl-fa43fc2a-bf5b-4c12-844e-0f55669bff2c/datanode-2/data/ratis/523f76e4-c63b-4f59-a2ac-2325fe0f4446/current/log_inprogress_0
2023-05-08 09:34:25,688 [f5594809-1a1d-480b-9497-2673d29d2595@group-2325FE0F4446-SegmentedRaftLogWorker] INFO  segmented.SegmentedRaftLogWorker (SegmentedRaftLogWorker.java:execute(656)) - f5594809-1a1d-480b-9497-2673d29d2595@group-2325FE0F4446-SegmentedRaftLogWorker: created new log segment /home/runner/work/ozone/ozone/hadoop-ozone/integration-test/target/test-dir/MiniOzoneClusterImpl-fa43fc2a-bf5b-4c12-844e-0f55669bff2c/datanode-0/data/ratis/523f76e4-c63b-4f59-a2ac-2325fe0f4446/current/log_inprogress_0
2023-05-08 09:34:25,688 [8bb737d4-3739-4a89-bbd0-142b4bbbf932@group-50C932F8828D-LeaderElection17] INFO  impl.LeaderElection (LeaderElection.java:askForVotes(312)) - 8bb737d4-3739-4a89-bbd0-142b4bbbf932@group-50C932F8828D-LeaderElection17 ELECTION round 0: submit vote requests at term 1 for -1: peers:[8bb737d4-3739-4a89-bbd0-142b4bbbf932|rpc:10.1.0.160:40901|dataStream:10.1.0.160:41785|priority:1|startupRole:FOLLOWER]|listeners:[], old=null
2023-05-08 09:34:25,688 [8bb737d4-3739-4a89-bbd0-142b4bbbf932@group-50C932F8828D-LeaderElection17] INFO  impl.LeaderElection (LeaderElection.java:askForVotes(314)) - 8bb737d4-3739-4a89-bbd0-142b4bbbf932@group-50C932F8828D-LeaderElection17 ELECTION round 0: result PASSED (term=1)
2023-05-08 09:34:25,688 [8bb737d4-3739-4a89-bbd0-142b4bbbf932@group-50C932F8828D-LeaderElection17] INFO  impl.RoleInfo (RoleInfo.java:shutdownLeaderElection(130)) - 8bb737d4-3739-4a89-bbd0-142b4bbbf932: shutdown 8bb737d4-3739-4a89-bbd0-142b4bbbf932@group-50C932F8828D-LeaderElection17
2023-05-08 09:34:25,688 [8bb737d4-3739-4a89-bbd0-142b4bbbf932@group-50C932F8828D-LeaderElection17] INFO  server.RaftServer$Division (RaftServerImpl.java:setRole(321)) - 8bb737d4-3739-4a89-bbd0-142b4bbbf932@group-50C932F8828D: changes role from CANDIDATE to LEADER at term 1 for changeToLeader
2023-05-08 09:34:25,688 [8bb737d4-3739-4a89-bbd0-142b4bbbf932@group-50C932F8828D-LeaderElection17] INFO  ratis.XceiverServerRatis (XceiverServerRatis.java:handleLeaderChangedNotification(904)) - Leader change notification received for group: group-50C932F8828D with new leaderId: 8bb737d4-3739-4a89-bbd0-142b4bbbf932
2023-05-08 09:34:25,689 [8bb737d4-3739-4a89-bbd0-142b4bbbf932@group-50C932F8828D-LeaderElection17] INFO  server.RaftServer$Division (ServerState.java:setLeader(313)) - 8bb737d4-3739-4a89-bbd0-142b4bbbf932@group-50C932F8828D: change Leader from null to 8bb737d4-3739-4a89-bbd0-142b4bbbf932 at term 1 for becomeLeader, leader elected after 5106ms
2023-05-08 09:34:25,689 [8bb737d4-3739-4a89-bbd0-142b4bbbf932@group-50C932F8828D-LeaderElection17] INFO  server.RaftServerConfigKeys (ConfUtils.java:logGet(46)) - raft.server.staging.catchup.gap = 1000 (default)
2023-05-08 09:34:25,689 [8bb737d4-3739-4a89-bbd0-142b4bbbf932@group-50C932F8828D-LeaderElection17] INFO  server.RaftServerConfigKeys (ConfUtils.java:logGet(46)) - raft.server.write.element-limit = 1024 (custom)
2023-05-08 09:34:25,689 [8bb737d4-3739-4a89-bbd0-142b4bbbf932@group-50C932F8828D-LeaderElection17] INFO  server.RaftServerConfigKeys (ConfUtils.java:logGet(46)) - raft.server.write.byte-limit = 1024 M (=1073741824) (custom)
2023-05-08 09:34:25,689 [8bb737d4-3739-4a89-bbd0-142b4bbbf932@group-50C932F8828D-LeaderElection17] INFO  server.RaftServerConfigKeys (ConfUtils.java:logGet(46)) - raft.server.watch.timeout = 180s (custom)
2023-05-08 09:34:25,689 [8bb737d4-3739-4a89-bbd0-142b4bbbf932@group-50C932F8828D-LeaderElection17] INFO  server.RaftServerConfigKeys (ConfUtils.java:logGet(46)) - raft.server.watch.timeout.denomination = 1s (default)
2023-05-08 09:34:25,689 [8bb737d4-3739-4a89-bbd0-142b4bbbf932@group-50C932F8828D-LeaderElection17] INFO  server.RaftServerConfigKeys (ConfUtils.java:logGet(46)) - raft.server.watch.element-limit = 65536 (default)
2023-05-08 09:34:25,689 [8bb737d4-3739-4a89-bbd0-142b4bbbf932@group-50C932F8828D-LeaderElection17] INFO  server.RaftServerConfigKeys (ConfUtils.java:logGet(46)) - raft.server.write.element-limit = 1024 (custom)
2023-05-08 09:34:25,689 [8bb737d4-3739-4a89-bbd0-142b4bbbf932@group-50C932F8828D-LeaderElection17] INFO  server.RaftServerConfigKeys (ConfUtils.java:logGet(46)) - raft.server.write.follower.gap.ratio.max = -1.0 (default)
2023-05-08 09:34:25,689 [8bb737d4-3739-4a89-bbd0-142b4bbbf932@group-50C932F8828D-LeaderElection17] INFO  impl.RoleInfo (RoleInfo.java:updateAndGet(139)) - 8bb737d4-3739-4a89-bbd0-142b4bbbf932: start 8bb737d4-3739-4a89-bbd0-142b4bbbf932@group-50C932F8828D-LeaderStateImpl
2023-05-08 09:34:25,689 [8bb737d4-3739-4a89-bbd0-142b4bbbf932@group-50C932F8828D-LeaderElection17] INFO  segmented.SegmentedRaftLogWorker (SegmentedRaftLogWorker.java:startLogSegment(452)) - 8bb737d4-3739-4a89-bbd0-142b4bbbf932@group-50C932F8828D-SegmentedRaftLogWorker: Starting segment from index:0
2023-05-08 09:34:25,691 [8bb737d4-3739-4a89-bbd0-142b4bbbf932@group-50C932F8828D-SegmentedRaftLogWorker] INFO  segmented.SegmentedRaftLogWorker (SegmentedRaftLogWorker.java:execute(656)) - 8bb737d4-3739-4a89-bbd0-142b4bbbf932@group-50C932F8828D-SegmentedRaftLogWorker: created new log segment /home/runner/work/ozone/ozone/hadoop-ozone/integration-test/target/test-dir/MiniOzoneClusterImpl-fa43fc2a-bf5b-4c12-844e-0f55669bff2c/datanode-1/data/ratis/621ac379-ce2d-4860-93ed-50c932f8828d/current/log_inprogress_0
2023-05-08 09:34:25,696 [8bb737d4-3739-4a89-bbd0-142b4bbbf932@group-50C932F8828D-LeaderElection17] INFO  server.RaftServer$Division (ServerState.java:setRaftConf(430)) - 8bb737d4-3739-4a89-bbd0-142b4bbbf932@group-50C932F8828D: set configuration 0: peers:[8bb737d4-3739-4a89-bbd0-142b4bbbf932|rpc:10.1.0.160:40901|dataStream:10.1.0.160:41785|priority:1|startupRole:FOLLOWER]|listeners:[], old=null
2023-05-08 09:34:25,930 [Listener at 127.0.0.1/36187] INFO  ozone.MiniOzoneClusterImpl (MiniOzoneClusterImpl.java:lambda$waitForClusterToBeReady$0(224)) - Nodes are ready. Got 3 of 3 DN Heartbeats.
2023-05-08 09:34:25,931 [Listener at 127.0.0.1/36187] INFO  ozone.MiniOzoneClusterImpl (MiniOzoneClusterImpl.java:lambda$waitForClusterToBeReady$0(227)) - Cluster exits safe mode
2023-05-08 09:34:25,931 [Listener at 127.0.0.1/36187] INFO  ozone.MiniOzoneClusterImpl (MiniOzoneClusterImpl.java:lambda$waitForClusterToBeReady$0(229)) - SCM became leader
2023-05-08 09:34:25,931 [Listener at 127.0.0.1/36187] WARN  server.ServerUtils (ServerUtils.java:getScmDbDir(148)) - ozone.scm.db.dirs is not configured. We recommend adding this setting. Falling back to ozone.metadata.dirs instead.
2023-05-08 09:34:25,931 [Listener at 127.0.0.1/36187] INFO  ha.SCMHANodeDetails (SCMHANodeDetails.java:loadSCMHAConfig(209)) - ServiceID for StorageContainerManager is null
2023-05-08 09:34:25,931 [Listener at 127.0.0.1/36187] INFO  ha.SCMHANodeDetails (SCMHANodeDetails.java:loadSCMHAConfig(214)) - ozone.scm.default.service.id is not defined, falling back to ozone.scm.service.ids to find serviceID for StorageContainerManager if it is HA enabled cluster
2023-05-08 09:34:25,932 [Listener at 127.0.0.1/36187] INFO  upgrade.AbstractLayoutVersionManager (AbstractLayoutVersionManager.java:init(83)) - Initializing Layout version manager with metadata layout = WEBUI_PORTS_IN_DATANODEDETAILS (version = 6), software layout = WEBUI_PORTS_IN_DATANODEDETAILS (version = 6)
2023-05-08 09:34:25,981 [Listener at 127.0.0.1/36187] INFO  reflections.Reflections (Reflections.java:scan(232)) - Reflections took 48 ms to scan 7 urls, producing 156 keys and 369 values 
2023-05-08 09:34:25,983 [Listener at 127.0.0.1/36187] INFO  server.StorageContainerManager (StorageContainerManager.java:scmInit(1316)) - SCM already initialized. Reusing existing cluster id for sd=/home/runner/work/ozone/ozone/hadoop-ozone/integration-test/target/test-dir/MiniOzoneClusterImpl-fa43fc2a-bf5b-4c12-844e-0f55669bff2c/ozone-meta/scm;cid=fa43fc2a-bf5b-4c12-844e-0f55669bff2c; layoutVersion=6; HAEnabled=false
2023-05-08 09:34:25,983 [Listener at 127.0.0.1/36187] WARN  server.ServerUtils (ServerUtils.java:getScmDbDir(148)) - ozone.scm.db.dirs is not configured. We recommend adding this setting. Falling back to ozone.metadata.dirs instead.
2023-05-08 09:34:25,983 [Listener at 127.0.0.1/36187] INFO  ozone.MiniOzoneClusterImpl (MiniOzoneClusterImpl.java:shutdown(457)) - Shutting down the Mini Ozone Cluster
2023-05-08 09:34:25,983 [Listener at 127.0.0.1/36187] INFO  ozone.MiniOzoneClusterImpl (MiniOzoneClusterImpl.java:stop(476)) - Stopping the Mini Ozone Cluster
2023-05-08 09:34:25,984 [Listener at 127.0.0.1/36187] INFO  ozone.MiniOzoneClusterImpl (MiniOzoneClusterImpl.java:stopOM(562)) - Stopping the OzoneManager
2023-05-08 09:34:25,984 [Listener at 127.0.0.1/36187] INFO  om.OzoneManager (OzoneManager.java:stop(2173)) - om1[localhost:0]: Stopping Ozone Manager
2023-05-08 09:34:25,984 [Listener at 127.0.0.1/36187] INFO  ipc.Server (Server.java:stop(3501)) - Stopping server on 36187
2023-05-08 09:34:25,992 [IPC Server listener on 0] INFO  ipc.Server (Server.java:run(1430)) - Stopping IPC Server listener on 0
2023-05-08 09:34:25,999 [IPC Server Responder] INFO  ipc.Server (Server.java:run(1563)) - Stopping IPC Server Responder
2023-05-08 09:34:25,999 [Listener at 127.0.0.1/36187] INFO  server.RaftServer (RaftServerProxy.java:lambda$close$6(409)) - om1: close
2023-05-08 09:34:25,999 [Listener at 127.0.0.1/36187] INFO  server.GrpcService (GrpcService.java:closeImpl(271)) - om1: shutdown server GrpcServerProtocolService now
2023-05-08 09:34:25,999 [om1-impl-thread1] INFO  server.RaftServer$Division (RaftServerImpl.java:lambda$close$4(458)) - om1@group-C5BA1605619E: shutdown
2023-05-08 09:34:26,000 [om1-impl-thread1] INFO  util.JmxRegister (JmxRegister.java:unregister(73)) - Successfully un-registered JMX Bean with object name Ratis:service=RaftServer,group=group-C5BA1605619E,id=om1
2023-05-08 09:34:26,000 [om1-impl-thread1] INFO  impl.RoleInfo (RoleInfo.java:shutdownLeaderState(93)) - om1: shutdown om1@group-C5BA1605619E-LeaderStateImpl
2023-05-08 09:34:26,000 [om1-impl-thread1] INFO  impl.PendingRequests (PendingRequests.java:sendNotLeaderResponses(282)) - om1@group-C5BA1605619E-PendingRequests: sendNotLeaderResponses
2023-05-08 09:34:26,000 [om1-impl-thread1] INFO  impl.StateMachineUpdater (StateMachineUpdater.java:stopAndJoin(153)) - om1@group-C5BA1605619E-StateMachineUpdater: set stopIndex = 0
2023-05-08 09:34:26,000 [om1@group-C5BA1605619E-StateMachineUpdater] INFO  ratis.OzoneManagerStateMachine (OzoneManagerStateMachine.java:takeSnapshot(479)) - Current Snapshot Index (t:1, i:0)
2023-05-08 09:34:26,001 [Listener at 127.0.0.1/36187] INFO  server.GrpcService (GrpcService.java:closeImpl(280)) - om1: shutdown server GrpcServerProtocolService successfully
2023-05-08 09:34:26,011 [om1@group-C5BA1605619E-StateMachineUpdater] INFO  impl.StateMachineUpdater (StateMachineUpdater.java:takeSnapshot(287)) - om1@group-C5BA1605619E-StateMachineUpdater: Took a snapshot at index 0
2023-05-08 09:34:26,011 [om1@group-C5BA1605619E-StateMachineUpdater] INFO  impl.StateMachineUpdater (StateMachineUpdater.java:lambda$new$0(92)) - om1@group-C5BA1605619E-StateMachineUpdater: snapshotIndex: updateIncreasingly -1 -> 0
2023-05-08 09:34:26,011 [om1@group-C5BA1605619E-StateMachineUpdater] INFO  ratis.OzoneManagerStateMachine (OzoneManagerStateMachine.java:close(533)) - StateMachine has shutdown. Shutdown OzoneManager if not already shutdown.
2023-05-08 09:34:26,011 [om1@group-C5BA1605619E-StateMachineUpdater] INFO  ratis.OzoneManagerDoubleBuffer (OzoneManagerDoubleBuffer.java:stopDaemon(559)) - Stopping OMDoubleBuffer flush thread
2023-05-08 09:34:26,011 [OMDoubleBufferFlushThread] INFO  ratis.OzoneManagerDoubleBuffer (OzoneManagerDoubleBuffer.java:canFlush(648)) - OMDoubleBuffer flush thread OMDoubleBufferFlushThread is interrupted and will exit.
2023-05-08 09:34:26,013 [om1-impl-thread1] INFO  server.RaftServer$Division (ServerState.java:close(466)) - om1@group-C5BA1605619E: closes. applyIndex: 0
2023-05-08 09:34:26,013 [om1@group-C5BA1605619E-SegmentedRaftLogWorker] INFO  segmented.SegmentedRaftLogWorker (SegmentedRaftLogWorker.java:run(347)) - om1@group-C5BA1605619E-SegmentedRaftLogWorker was interrupted, exiting. There are 0 tasks remaining in the queue.
2023-05-08 09:34:26,015 [om1-impl-thread1] INFO  segmented.SegmentedRaftLogWorker (SegmentedRaftLogWorker.java:close(257)) - om1@group-C5BA1605619E-SegmentedRaftLogWorker close()
2023-05-08 09:34:26,015 [JvmPauseMonitor6] INFO  util.JvmPauseMonitor (JvmPauseMonitor.java:run(111)) - JvmPauseMonitor-om1: Stopped
2023-05-08 09:34:26,015 [Listener at 127.0.0.1/36187] INFO  ratis.OzoneManagerStateMachine (OzoneManagerStateMachine.java:close(533)) - StateMachine has shutdown. Shutdown OzoneManager if not already shutdown.
2023-05-08 09:34:26,015 [Listener at 127.0.0.1/36187] INFO  ratis.OzoneManagerDoubleBuffer (OzoneManagerDoubleBuffer.java:stopDaemon(568)) - OMDoubleBuffer flush thread is not running.
2023-05-08 09:34:26,016 [Listener at 127.0.0.1/36187] INFO  utils.BackgroundService (BackgroundService.java:shutdown(141)) - Shutting down service KeyDeletingService
2023-05-08 09:34:26,016 [Listener at 127.0.0.1/36187] INFO  utils.BackgroundService (BackgroundService.java:shutdown(141)) - Shutting down service KeyDeletingService
2023-05-08 09:34:26,016 [Listener at 127.0.0.1/36187] INFO  utils.BackgroundService (BackgroundService.java:shutdown(141)) - Shutting down service OpenKeyCleanupService
2023-05-08 09:34:26,016 [Listener at 127.0.0.1/36187] INFO  utils.BackgroundService (BackgroundService.java:shutdown(141)) - Shutting down service SstFilteringService
2023-05-08 09:34:26,017 [Listener at 127.0.0.1/36187] INFO  utils.BackgroundService (BackgroundService.java:shutdown(141)) - Shutting down service SnapshotDeletingService
2023-05-08 09:34:26,018 [Listener at 127.0.0.1/36187] INFO  handler.ContextHandler (ContextHandler.java:doStop(1159)) - Stopped o.e.j.w.WebAppContext@43a8ee98{ozoneManager,/,null,STOPPED}{file:/home/runner/work/ozone/ozone/hadoop-ozone/integration-test/target/test-classes/webapps/ozoneManager}
2023-05-08 09:34:26,019 [Listener at 127.0.0.1/36187] INFO  server.AbstractConnector (AbstractConnector.java:doStop(383)) - Stopped ServerConnector@797cbf5d{HTTP/1.1, (http/1.1)}{0.0.0.0:0}
2023-05-08 09:34:26,019 [Listener at 127.0.0.1/36187] INFO  server.session (HouseKeeper.java:stopScavenging(149)) - node0 Stopped scavenging
2023-05-08 09:34:26,019 [Listener at 127.0.0.1/36187] INFO  handler.ContextHandler (ContextHandler.java:doStop(1159)) - Stopped o.e.j.s.ServletContextHandler@79370c17{static,/static,file:///home/runner/work/ozone/ozone/hadoop-ozone/integration-test/target/test-classes/webapps/static,STOPPED}
2023-05-08 09:34:26,020 [Listener at 127.0.0.1/36187] INFO  handler.ContextHandler (ContextHandler.java:doStop(1159)) - Stopped o.e.j.s.ServletContextHandler@9f2dd23{logs,/logs,file:///home/runner/work/ozone/ozone/hadoop-ozone/integration-test/target/log,STOPPED}
2023-05-08 09:34:26,022 [Listener at 127.0.0.1/36187] INFO  utils.BackgroundService (BackgroundService.java:shutdown(141)) - Shutting down service SnapshotDiffCleanupService
2023-05-08 09:34:26,023 [Listener at 127.0.0.1/36187] INFO  ozone.MiniOzoneClusterImpl (MiniOzoneClusterImpl.java:stopDatanodes(539)) - Stopping the HddsDatanodes
2023-05-08 09:34:26,024 [Listener at 127.0.0.1/36187] INFO  ozoneimpl.OzoneContainer (OzoneContainer.java:stop(419)) - Attempting to stop container services.
2023-05-08 09:34:26,025 [Listener at 127.0.0.1/36187] INFO  server.RaftServer (RaftServerProxy.java:lambda$close$6(409)) - 8bb737d4-3739-4a89-bbd0-142b4bbbf932: close
2023-05-08 09:34:26,025 [8bb737d4-3739-4a89-bbd0-142b4bbbf932-impl-thread1] INFO  server.RaftServer$Division (RaftServerImpl.java:lambda$close$4(458)) - 8bb737d4-3739-4a89-bbd0-142b4bbbf932@group-2325FE0F4446: shutdown
2023-05-08 09:34:26,025 [8bb737d4-3739-4a89-bbd0-142b4bbbf932-impl-thread1] INFO  util.JmxRegister (JmxRegister.java:unregister(73)) - Successfully un-registered JMX Bean with object name Ratis:service=RaftServer,group=group-2325FE0F4446,id=8bb737d4-3739-4a89-bbd0-142b4bbbf932
2023-05-08 09:34:26,025 [8bb737d4-3739-4a89-bbd0-142b4bbbf932-impl-thread1] INFO  impl.RoleInfo (RoleInfo.java:shutdownLeaderState(93)) - 8bb737d4-3739-4a89-bbd0-142b4bbbf932: shutdown 8bb737d4-3739-4a89-bbd0-142b4bbbf932@group-2325FE0F4446-LeaderStateImpl
2023-05-08 09:34:26,025 [8bb737d4-3739-4a89-bbd0-142b4bbbf932-impl-thread2] INFO  server.RaftServer$Division (RaftServerImpl.java:lambda$close$4(458)) - 8bb737d4-3739-4a89-bbd0-142b4bbbf932@group-0D7E76F6B348: shutdown
2023-05-08 09:34:26,026 [8bb737d4-3739-4a89-bbd0-142b4bbbf932-impl-thread2] INFO  util.JmxRegister (JmxRegister.java:unregister(73)) - Successfully un-registered JMX Bean with object name Ratis:service=RaftServer,group=group-0D7E76F6B348,id=8bb737d4-3739-4a89-bbd0-142b4bbbf932
2023-05-08 09:34:26,026 [8bb737d4-3739-4a89-bbd0-142b4bbbf932-impl-thread2] INFO  impl.RoleInfo (RoleInfo.java:shutdownFollowerState(110)) - 8bb737d4-3739-4a89-bbd0-142b4bbbf932: shutdown 8bb737d4-3739-4a89-bbd0-142b4bbbf932@group-0D7E76F6B348-FollowerState
2023-05-08 09:34:26,026 [Listener at 127.0.0.1/36187] INFO  server.GrpcService (GrpcService.java:closeImpl(271)) - 8bb737d4-3739-4a89-bbd0-142b4bbbf932: shutdown server GrpcServerProtocolService now
2023-05-08 09:34:26,027 [ForkJoinPool.commonPool-worker-0] INFO  ozoneimpl.OzoneContainer (OzoneContainer.java:stop(419)) - Attempting to stop container services.
2023-05-08 09:34:26,027 [8bb737d4-3739-4a89-bbd0-142b4bbbf932@group-0D7E76F6B348-FollowerState] INFO  impl.FollowerState (FollowerState.java:run(152)) - 8bb737d4-3739-4a89-bbd0-142b4bbbf932@group-0D7E76F6B348-FollowerState was interrupted
2023-05-08 09:34:26,028 [8bb737d4-3739-4a89-bbd0-142b4bbbf932@group-0D7E76F6B348-StateMachineUpdater] INFO  ratis.ContainerStateMachine (ContainerStateMachine.java:takeSnapshot(330)) - group-0D7E76F6B348: Taking a snapshot at:(t:1, i:0) file /home/runner/work/ozone/ozone/hadoop-ozone/integration-test/target/test-dir/MiniOzoneClusterImpl-fa43fc2a-bf5b-4c12-844e-0f55669bff2c/datanode-1/data/ratis/c60f1d6e-571f-4598-847d-0d7e76f6b348/sm/snapshot.1_0
2023-05-08 09:34:26,028 [8bb737d4-3739-4a89-bbd0-142b4bbbf932-impl-thread2] INFO  impl.StateMachineUpdater (StateMachineUpdater.java:stopAndJoin(153)) - 8bb737d4-3739-4a89-bbd0-142b4bbbf932@group-0D7E76F6B348-StateMachineUpdater: set stopIndex = 0
2023-05-08 09:34:26,029 [8bb737d4-3739-4a89-bbd0-142b4bbbf932@group-0D7E76F6B348-StateMachineUpdater] INFO  ratis.ContainerStateMachine (ContainerStateMachine.java:takeSnapshot(341)) - group-0D7E76F6B348: Finished taking a snapshot at:(t:1, i:0) file:/home/runner/work/ozone/ozone/hadoop-ozone/integration-test/target/test-dir/MiniOzoneClusterImpl-fa43fc2a-bf5b-4c12-844e-0f55669bff2c/datanode-1/data/ratis/c60f1d6e-571f-4598-847d-0d7e76f6b348/sm/snapshot.1_0 took: 1 ms
2023-05-08 09:34:26,029 [8bb737d4-3739-4a89-bbd0-142b4bbbf932@group-0D7E76F6B348-StateMachineUpdater] INFO  impl.StateMachineUpdater (StateMachineUpdater.java:takeSnapshot(287)) - 8bb737d4-3739-4a89-bbd0-142b4bbbf932@group-0D7E76F6B348-StateMachineUpdater: Took a snapshot at index 0
2023-05-08 09:34:26,029 [8bb737d4-3739-4a89-bbd0-142b4bbbf932@group-0D7E76F6B348-StateMachineUpdater] INFO  impl.StateMachineUpdater (StateMachineUpdater.java:lambda$new$0(92)) - 8bb737d4-3739-4a89-bbd0-142b4bbbf932@group-0D7E76F6B348-StateMachineUpdater: snapshotIndex: updateIncreasingly -1 -> 0
2023-05-08 09:34:26,029 [8bb737d4-3739-4a89-bbd0-142b4bbbf932-impl-thread2] INFO  server.RaftServer$Division (ServerState.java:close(466)) - 8bb737d4-3739-4a89-bbd0-142b4bbbf932@group-0D7E76F6B348: closes. applyIndex: 0
2023-05-08 09:34:26,029 [grpc-default-executor-1] WARN  server.GrpcServerProtocolService (LogUtils.java:warn(122)) - 8bb737d4-3739-4a89-bbd0-142b4bbbf932: installSnapshot onError, lastRequest: null: org.apache.ratis.thirdparty.io.grpc.StatusRuntimeException: CANCELLED: client cancelled
2023-05-08 09:34:26,030 [grpc-default-executor-3] WARN  server.GrpcServerProtocolService (LogUtils.java:warn(122)) - 8bb737d4-3739-4a89-bbd0-142b4bbbf932: installSnapshot onError, lastRequest: 31bb0062-e0a6-44a8-8078-5986d8d8cb42->8bb737d4-3739-4a89-bbd0-142b4bbbf932#1-t1,previous=(t:0, i:0),leaderCommit=0,initializing? true,entries: size=1, first=(t:1, i:0), CONFIGURATIONENTRY(current:id: "f5594809-1a1d-480b-9497-2673d29d2595"
address: "10.1.0.160:42729"
dataStreamAddress: "10.1.0.160:33155"
clientAddress: "10.1.0.160:42729"
adminAddress: "10.1.0.160:42729"
startupRole: FOLLOWER
,id: "8bb737d4-3739-4a89-bbd0-142b4bbbf932"
address: "10.1.0.160:40901"
dataStreamAddress: "10.1.0.160:41785"
clientAddress: "10.1.0.160:40901"
adminAddress: "10.1.0.160:40901"
startupRole: FOLLOWER
,id: "31bb0062-e0a6-44a8-8078-5986d8d8cb42"
address: "10.1.0.160:33403"
priority: 1
dataStreamAddress: "10.1.0.160:36965"
clientAddress: "10.1.0.160:33403"
adminAddress: "10.1.0.160:33403"
startupRole: FOLLOWER
, old:): org.apache.ratis.thirdparty.io.grpc.StatusRuntimeException: CANCELLED: client cancelled
2023-05-08 09:34:26,031 [grpc-default-executor-5] WARN  server.GrpcLogAppender (LogUtils.java:warn(122)) - 31bb0062-e0a6-44a8-8078-5986d8d8cb42@group-0D7E76F6B348->8bb737d4-3739-4a89-bbd0-142b4bbbf932-AppendLogResponseHandler: Failed appendEntries: org.apache.ratis.thirdparty.io.grpc.StatusRuntimeException: CANCELLED: RST_STREAM closed stream. HTTP/2 error code: CANCEL
2023-05-08 09:34:26,031 [8bb737d4-3739-4a89-bbd0-142b4bbbf932-impl-thread1] INFO  impl.PendingRequests (PendingRequests.java:sendNotLeaderResponses(282)) - 8bb737d4-3739-4a89-bbd0-142b4bbbf932@group-2325FE0F4446-PendingRequests: sendNotLeaderResponses
2023-05-08 09:34:26,031 [8bb737d4-3739-4a89-bbd0-142b4bbbf932@group-2325FE0F4446->31bb0062-e0a6-44a8-8078-5986d8d8cb42-GrpcLogAppender-LogAppenderDaemon] WARN  server.GrpcLogAppender (GrpcLogAppender.java:mayWait(200)) - 8bb737d4-3739-4a89-bbd0-142b4bbbf932@group-2325FE0F4446->31bb0062-e0a6-44a8-8078-5986d8d8cb42-GrpcLogAppender: Wait interrupted by java.lang.InterruptedException
2023-05-08 09:34:26,031 [8bb737d4-3739-4a89-bbd0-142b4bbbf932@group-2325FE0F4446->f5594809-1a1d-480b-9497-2673d29d2595-GrpcLogAppender-LogAppenderDaemon] WARN  server.GrpcLogAppender (GrpcLogAppender.java:mayWait(200)) - 8bb737d4-3739-4a89-bbd0-142b4bbbf932@group-2325FE0F4446->f5594809-1a1d-480b-9497-2673d29d2595-GrpcLogAppender: Wait interrupted by java.lang.InterruptedException
2023-05-08 09:34:26,031 [8bb737d4-3739-4a89-bbd0-142b4bbbf932@group-0D7E76F6B348-SegmentedRaftLogWorker] INFO  segmented.SegmentedRaftLogWorker (SegmentedRaftLogWorker.java:run(347)) - 8bb737d4-3739-4a89-bbd0-142b4bbbf932@group-0D7E76F6B348-SegmentedRaftLogWorker was interrupted, exiting. There are 0 tasks remaining in the queue.
2023-05-08 09:34:26,031 [ForkJoinPool.commonPool-worker-0] INFO  server.RaftServer (RaftServerProxy.java:lambda$close$6(409)) - f5594809-1a1d-480b-9497-2673d29d2595: close
2023-05-08 09:34:26,032 [8bb737d4-3739-4a89-bbd0-142b4bbbf932-impl-thread1] INFO  impl.StateMachineUpdater (StateMachineUpdater.java:stopAndJoin(153)) - 8bb737d4-3739-4a89-bbd0-142b4bbbf932@group-2325FE0F4446-StateMachineUpdater: set stopIndex = 0
2023-05-08 09:34:26,032 [f5594809-1a1d-480b-9497-2673d29d2595-impl-thread1] INFO  server.RaftServer$Division (RaftServerImpl.java:lambda$close$4(458)) - f5594809-1a1d-480b-9497-2673d29d2595@group-0E38F6B8B936: shutdown
2023-05-08 09:34:26,032 [f5594809-1a1d-480b-9497-2673d29d2595-impl-thread1] INFO  util.JmxRegister (JmxRegister.java:unregister(73)) - Successfully un-registered JMX Bean with object name Ratis:service=RaftServer,group=group-0E38F6B8B936,id=f5594809-1a1d-480b-9497-2673d29d2595
2023-05-08 09:34:26,032 [f5594809-1a1d-480b-9497-2673d29d2595-impl-thread1] INFO  impl.RoleInfo (RoleInfo.java:shutdownLeaderState(93)) - f5594809-1a1d-480b-9497-2673d29d2595: shutdown f5594809-1a1d-480b-9497-2673d29d2595@group-0E38F6B8B936-LeaderStateImpl
2023-05-08 09:34:26,032 [f5594809-1a1d-480b-9497-2673d29d2595-impl-thread1] INFO  impl.PendingRequests (PendingRequests.java:sendNotLeaderResponses(282)) - f5594809-1a1d-480b-9497-2673d29d2595@group-0E38F6B8B936-PendingRequests: sendNotLeaderResponses
2023-05-08 09:34:26,032 [f5594809-1a1d-480b-9497-2673d29d2595-impl-thread1] INFO  impl.StateMachineUpdater (StateMachineUpdater.java:stopAndJoin(153)) - f5594809-1a1d-480b-9497-2673d29d2595@group-0E38F6B8B936-StateMachineUpdater: set stopIndex = 0
2023-05-08 09:34:26,032 [8bb737d4-3739-4a89-bbd0-142b4bbbf932@group-2325FE0F4446-StateMachineUpdater] INFO  ratis.ContainerStateMachine (ContainerStateMachine.java:takeSnapshot(330)) - group-2325FE0F4446: Taking a snapshot at:(t:1, i:0) file /home/runner/work/ozone/ozone/hadoop-ozone/integration-test/target/test-dir/MiniOzoneClusterImpl-fa43fc2a-bf5b-4c12-844e-0f55669bff2c/datanode-1/data/ratis/523f76e4-c63b-4f59-a2ac-2325fe0f4446/sm/snapshot.1_0
2023-05-08 09:34:26,033 [f5594809-1a1d-480b-9497-2673d29d2595@group-0E38F6B8B936-StateMachineUpdater] INFO  ratis.ContainerStateMachine (ContainerStateMachine.java:takeSnapshot(330)) - group-0E38F6B8B936: Taking a snapshot at:(t:1, i:0) file /home/runner/work/ozone/ozone/hadoop-ozone/integration-test/target/test-dir/MiniOzoneClusterImpl-fa43fc2a-bf5b-4c12-844e-0f55669bff2c/datanode-0/data/ratis/89efe5a9-869e-4cac-a636-0e38f6b8b936/sm/snapshot.1_0
2023-05-08 09:34:26,033 [8bb737d4-3739-4a89-bbd0-142b4bbbf932@group-2325FE0F4446-StateMachineUpdater] INFO  ratis.ContainerStateMachine (ContainerStateMachine.java:takeSnapshot(341)) - group-2325FE0F4446: Finished taking a snapshot at:(t:1, i:0) file:/home/runner/work/ozone/ozone/hadoop-ozone/integration-test/target/test-dir/MiniOzoneClusterImpl-fa43fc2a-bf5b-4c12-844e-0f55669bff2c/datanode-1/data/ratis/523f76e4-c63b-4f59-a2ac-2325fe0f4446/sm/snapshot.1_0 took: 0 ms
2023-05-08 09:34:26,033 [8bb737d4-3739-4a89-bbd0-142b4bbbf932@group-2325FE0F4446-StateMachineUpdater] INFO  impl.StateMachineUpdater (StateMachineUpdater.java:takeSnapshot(287)) - 8bb737d4-3739-4a89-bbd0-142b4bbbf932@group-2325FE0F4446-StateMachineUpdater: Took a snapshot at index 0
2023-05-08 09:34:26,033 [8bb737d4-3739-4a89-bbd0-142b4bbbf932@group-2325FE0F4446-StateMachineUpdater] INFO  impl.StateMachineUpdater (StateMachineUpdater.java:lambda$new$0(92)) - 8bb737d4-3739-4a89-bbd0-142b4bbbf932@group-2325FE0F4446-StateMachineUpdater: snapshotIndex: updateIncreasingly -1 -> 0
2023-05-08 09:34:26,033 [8bb737d4-3739-4a89-bbd0-142b4bbbf932-impl-thread1] INFO  server.RaftServer$Division (ServerState.java:close(466)) - 8bb737d4-3739-4a89-bbd0-142b4bbbf932@group-2325FE0F4446: closes. applyIndex: 0
2023-05-08 09:34:26,034 [grpc-default-executor-3] INFO  server.GrpcServerProtocolService (GrpcServerProtocolService.java:onCompleted(143)) - 31bb0062-e0a6-44a8-8078-5986d8d8cb42: Completed APPEND_ENTRIES, lastRequest: 8bb737d4-3739-4a89-bbd0-142b4bbbf932->31bb0062-e0a6-44a8-8078-5986d8d8cb42#1-t1,previous=(t:0, i:0),leaderCommit=0,initializing? true,entries: size=1, first=(t:1, i:0), CONFIGURATIONENTRY(current:id: "f5594809-1a1d-480b-9497-2673d29d2595"
address: "10.1.0.160:42729"
dataStreamAddress: "10.1.0.160:33155"
clientAddress: "10.1.0.160:42729"
adminAddress: "10.1.0.160:42729"
startupRole: FOLLOWER
,id: "8bb737d4-3739-4a89-bbd0-142b4bbbf932"
address: "10.1.0.160:40901"
priority: 1
dataStreamAddress: "10.1.0.160:41785"
clientAddress: "10.1.0.160:40901"
adminAddress: "10.1.0.160:40901"
startupRole: FOLLOWER
,id: "31bb0062-e0a6-44a8-8078-5986d8d8cb42"
address: "10.1.0.160:33403"
dataStreamAddress: "10.1.0.160:36965"
clientAddress: "10.1.0.160:33403"
adminAddress: "10.1.0.160:33403"
startupRole: FOLLOWER
, old:)
2023-05-08 09:34:26,034 [f5594809-1a1d-480b-9497-2673d29d2595@group-0E38F6B8B936-StateMachineUpdater] INFO  ratis.ContainerStateMachine (ContainerStateMachine.java:takeSnapshot(341)) - group-0E38F6B8B936: Finished taking a snapshot at:(t:1, i:0) file:/home/runner/work/ozone/ozone/hadoop-ozone/integration-test/target/test-dir/MiniOzoneClusterImpl-fa43fc2a-bf5b-4c12-844e-0f55669bff2c/datanode-0/data/ratis/89efe5a9-869e-4cac-a636-0e38f6b8b936/sm/snapshot.1_0 took: 1 ms
2023-05-08 09:34:26,034 [f5594809-1a1d-480b-9497-2673d29d2595@group-0E38F6B8B936-StateMachineUpdater] INFO  impl.StateMachineUpdater (StateMachineUpdater.java:takeSnapshot(287)) - f5594809-1a1d-480b-9497-2673d29d2595@group-0E38F6B8B936-StateMachineUpdater: Took a snapshot at index 0
2023-05-08 09:34:26,034 [f5594809-1a1d-480b-9497-2673d29d2595@group-0E38F6B8B936-StateMachineUpdater] INFO  impl.StateMachineUpdater (StateMachineUpdater.java:lambda$new$0(92)) - f5594809-1a1d-480b-9497-2673d29d2595@group-0E38F6B8B936-StateMachineUpdater: snapshotIndex: updateIncreasingly -1 -> 0
2023-05-08 09:34:26,034 [f5594809-1a1d-480b-9497-2673d29d2595-impl-thread1] INFO  server.RaftServer$Division (ServerState.java:close(466)) - f5594809-1a1d-480b-9497-2673d29d2595@group-0E38F6B8B936: closes. applyIndex: 0
2023-05-08 09:34:26,035 [grpc-default-executor-5] WARN  server.GrpcLogAppender (GrpcLogAppender.java:resetClient(131)) - 31bb0062-e0a6-44a8-8078-5986d8d8cb42@group-0D7E76F6B348->8bb737d4-3739-4a89-bbd0-142b4bbbf932-GrpcLogAppender: Leader has not got in touch with Follower 31bb0062-e0a6-44a8-8078-5986d8d8cb42@group-0D7E76F6B348->8bb737d4-3739-4a89-bbd0-142b4bbbf932(c0,m0,n1, attendVote=true, lastRpcSendTime=420, lastRpcResponseTime=401) yet, just keep nextIndex unchanged and retry.
2023-05-08 09:34:26,035 [8bb737d4-3739-4a89-bbd0-142b4bbbf932-impl-thread3] INFO  server.RaftServer$Division (RaftServerImpl.java:lambda$close$4(458)) - 8bb737d4-3739-4a89-bbd0-142b4bbbf932@group-50C932F8828D: shutdown
2023-05-08 09:34:26,035 [8bb737d4-3739-4a89-bbd0-142b4bbbf932-impl-thread3] INFO  util.JmxRegister (JmxRegister.java:unregister(73)) - Successfully un-registered JMX Bean with object name Ratis:service=RaftServer,group=group-50C932F8828D,id=8bb737d4-3739-4a89-bbd0-142b4bbbf932
2023-05-08 09:34:26,035 [8bb737d4-3739-4a89-bbd0-142b4bbbf932-impl-thread3] INFO  impl.RoleInfo (RoleInfo.java:shutdownLeaderState(93)) - 8bb737d4-3739-4a89-bbd0-142b4bbbf932: shutdown 8bb737d4-3739-4a89-bbd0-142b4bbbf932@group-50C932F8828D-LeaderStateImpl
2023-05-08 09:34:26,035 [8bb737d4-3739-4a89-bbd0-142b4bbbf932-impl-thread3] INFO  impl.PendingRequests (PendingRequests.java:sendNotLeaderResponses(282)) - 8bb737d4-3739-4a89-bbd0-142b4bbbf932@group-50C932F8828D-PendingRequests: sendNotLeaderResponses
2023-05-08 09:34:26,035 [8bb737d4-3739-4a89-bbd0-142b4bbbf932@group-50C932F8828D-StateMachineUpdater] INFO  ratis.ContainerStateMachine (ContainerStateMachine.java:takeSnapshot(330)) - group-50C932F8828D: Taking a snapshot at:(t:1, i:0) file /home/runner/work/ozone/ozone/hadoop-ozone/integration-test/target/test-dir/MiniOzoneClusterImpl-fa43fc2a-bf5b-4c12-844e-0f55669bff2c/datanode-1/data/ratis/621ac379-ce2d-4860-93ed-50c932f8828d/sm/snapshot.1_0
2023-05-08 09:34:26,035 [8bb737d4-3739-4a89-bbd0-142b4bbbf932-impl-thread3] INFO  impl.StateMachineUpdater (StateMachineUpdater.java:stopAndJoin(153)) - 8bb737d4-3739-4a89-bbd0-142b4bbbf932@group-50C932F8828D-StateMachineUpdater: set stopIndex = 0
2023-05-08 09:34:26,036 [f5594809-1a1d-480b-9497-2673d29d2595-impl-thread2] INFO  server.RaftServer$Division (RaftServerImpl.java:lambda$close$4(458)) - f5594809-1a1d-480b-9497-2673d29d2595@group-2325FE0F4446: shutdown
2023-05-08 09:34:26,036 [f5594809-1a1d-480b-9497-2673d29d2595-impl-thread2] INFO  util.JmxRegister (JmxRegister.java:unregister(73)) - Successfully un-registered JMX Bean with object name Ratis:service=RaftServer,group=group-2325FE0F4446,id=f5594809-1a1d-480b-9497-2673d29d2595
2023-05-08 09:34:26,036 [f5594809-1a1d-480b-9497-2673d29d2595-impl-thread2] INFO  impl.RoleInfo (RoleInfo.java:shutdownFollowerState(110)) - f5594809-1a1d-480b-9497-2673d29d2595: shutdown f5594809-1a1d-480b-9497-2673d29d2595@group-2325FE0F4446-FollowerState
2023-05-08 09:34:26,036 [8bb737d4-3739-4a89-bbd0-142b4bbbf932@group-50C932F8828D-StateMachineUpdater] INFO  ratis.ContainerStateMachine (ContainerStateMachine.java:takeSnapshot(341)) - group-50C932F8828D: Finished taking a snapshot at:(t:1, i:0) file:/home/runner/work/ozone/ozone/hadoop-ozone/integration-test/target/test-dir/MiniOzoneClusterImpl-fa43fc2a-bf5b-4c12-844e-0f55669bff2c/datanode-1/data/ratis/621ac379-ce2d-4860-93ed-50c932f8828d/sm/snapshot.1_0 took: 1 ms
2023-05-08 09:34:26,036 [8bb737d4-3739-4a89-bbd0-142b4bbbf932@group-50C932F8828D-StateMachineUpdater] INFO  impl.StateMachineUpdater (StateMachineUpdater.java:takeSnapshot(287)) - 8bb737d4-3739-4a89-bbd0-142b4bbbf932@group-50C932F8828D-StateMachineUpdater: Took a snapshot at index 0
2023-05-08 09:34:26,036 [8bb737d4-3739-4a89-bbd0-142b4bbbf932@group-50C932F8828D-StateMachineUpdater] INFO  impl.StateMachineUpdater (StateMachineUpdater.java:lambda$new$0(92)) - 8bb737d4-3739-4a89-bbd0-142b4bbbf932@group-50C932F8828D-StateMachineUpdater: snapshotIndex: updateIncreasingly -1 -> 0
2023-05-08 09:34:26,036 [8bb737d4-3739-4a89-bbd0-142b4bbbf932-impl-thread3] INFO  server.RaftServer$Division (ServerState.java:close(466)) - 8bb737d4-3739-4a89-bbd0-142b4bbbf932@group-50C932F8828D: closes. applyIndex: 0
2023-05-08 09:34:26,037 [ForkJoinPool.commonPool-worker-0] INFO  server.GrpcService (GrpcService.java:closeImpl(271)) - f5594809-1a1d-480b-9497-2673d29d2595: shutdown server GrpcServerProtocolService now
2023-05-08 09:34:26,037 [f5594809-1a1d-480b-9497-2673d29d2595@group-2325FE0F4446-FollowerState] INFO  impl.FollowerState (FollowerState.java:run(152)) - f5594809-1a1d-480b-9497-2673d29d2595@group-2325FE0F4446-FollowerState was interrupted
2023-05-08 09:34:26,037 [8bb737d4-3739-4a89-bbd0-142b4bbbf932@group-50C932F8828D-SegmentedRaftLogWorker] INFO  segmented.SegmentedRaftLogWorker (SegmentedRaftLogWorker.java:run(347)) - 8bb737d4-3739-4a89-bbd0-142b4bbbf932@group-50C932F8828D-SegmentedRaftLogWorker was interrupted, exiting. There are 0 tasks remaining in the queue.
2023-05-08 09:34:26,038 [f5594809-1a1d-480b-9497-2673d29d2595@group-2325FE0F4446-StateMachineUpdater] INFO  ratis.ContainerStateMachine (ContainerStateMachine.java:takeSnapshot(330)) - group-2325FE0F4446: Taking a snapshot at:(t:1, i:0) file /home/runner/work/ozone/ozone/hadoop-ozone/integration-test/target/test-dir/MiniOzoneClusterImpl-fa43fc2a-bf5b-4c12-844e-0f55669bff2c/datanode-0/data/ratis/523f76e4-c63b-4f59-a2ac-2325fe0f4446/sm/snapshot.1_0
2023-05-08 09:34:26,038 [f5594809-1a1d-480b-9497-2673d29d2595-impl-thread2] INFO  impl.StateMachineUpdater (StateMachineUpdater.java:stopAndJoin(153)) - f5594809-1a1d-480b-9497-2673d29d2595@group-2325FE0F4446-StateMachineUpdater: set stopIndex = 0
2023-05-08 09:34:26,038 [f5594809-1a1d-480b-9497-2673d29d2595-impl-thread3] INFO  server.RaftServer$Division (RaftServerImpl.java:lambda$close$4(458)) - f5594809-1a1d-480b-9497-2673d29d2595@group-0D7E76F6B348: shutdown
2023-05-08 09:34:26,038 [f5594809-1a1d-480b-9497-2673d29d2595-impl-thread3] INFO  util.JmxRegister (JmxRegister.java:unregister(73)) - Successfully un-registered JMX Bean with object name Ratis:service=RaftServer,group=group-0D7E76F6B348,id=f5594809-1a1d-480b-9497-2673d29d2595
2023-05-08 09:34:26,038 [f5594809-1a1d-480b-9497-2673d29d2595-impl-thread3] INFO  impl.RoleInfo (RoleInfo.java:shutdownFollowerState(110)) - f5594809-1a1d-480b-9497-2673d29d2595: shutdown f5594809-1a1d-480b-9497-2673d29d2595@group-0D7E76F6B348-FollowerState
2023-05-08 09:34:26,038 [f5594809-1a1d-480b-9497-2673d29d2595@group-0D7E76F6B348-StateMachineUpdater] INFO  ratis.ContainerStateMachine (ContainerStateMachine.java:takeSnapshot(330)) - group-0D7E76F6B348: Taking a snapshot at:(t:1, i:0) file /home/runner/work/ozone/ozone/hadoop-ozone/integration-test/target/test-dir/MiniOzoneClusterImpl-fa43fc2a-bf5b-4c12-844e-0f55669bff2c/datanode-0/data/ratis/c60f1d6e-571f-4598-847d-0d7e76f6b348/sm/snapshot.1_0
2023-05-08 09:34:26,038 [f5594809-1a1d-480b-9497-2673d29d2595-impl-thread3] INFO  impl.StateMachineUpdater (StateMachineUpdater.java:stopAndJoin(153)) - f5594809-1a1d-480b-9497-2673d29d2595@group-0D7E76F6B348-StateMachineUpdater: set stopIndex = 0
2023-05-08 09:34:26,039 [f5594809-1a1d-480b-9497-2673d29d2595@group-0D7E76F6B348-FollowerState] INFO  impl.FollowerState (FollowerState.java:run(152)) - f5594809-1a1d-480b-9497-2673d29d2595@group-0D7E76F6B348-FollowerState was interrupted
2023-05-08 09:34:26,039 [f5594809-1a1d-480b-9497-2673d29d2595@group-2325FE0F4446-StateMachineUpdater] INFO  ratis.ContainerStateMachine (ContainerStateMachine.java:takeSnapshot(341)) - group-2325FE0F4446: Finished taking a snapshot at:(t:1, i:0) file:/home/runner/work/ozone/ozone/hadoop-ozone/integration-test/target/test-dir/MiniOzoneClusterImpl-fa43fc2a-bf5b-4c12-844e-0f55669bff2c/datanode-0/data/ratis/523f76e4-c63b-4f59-a2ac-2325fe0f4446/sm/snapshot.1_0 took: 1 ms
2023-05-08 09:34:26,039 [f5594809-1a1d-480b-9497-2673d29d2595@group-0D7E76F6B348-StateMachineUpdater] INFO  ratis.ContainerStateMachine (ContainerStateMachine.java:takeSnapshot(341)) - group-0D7E76F6B348: Finished taking a snapshot at:(t:1, i:0) file:/home/runner/work/ozone/ozone/hadoop-ozone/integration-test/target/test-dir/MiniOzoneClusterImpl-fa43fc2a-bf5b-4c12-844e-0f55669bff2c/datanode-0/data/ratis/c60f1d6e-571f-4598-847d-0d7e76f6b348/sm/snapshot.1_0 took: 1 ms
2023-05-08 09:34:26,039 [f5594809-1a1d-480b-9497-2673d29d2595@group-0D7E76F6B348-StateMachineUpdater] INFO  impl.StateMachineUpdater (StateMachineUpdater.java:takeSnapshot(287)) - f5594809-1a1d-480b-9497-2673d29d2595@group-0D7E76F6B348-StateMachineUpdater: Took a snapshot at index 0
2023-05-08 09:34:26,039 [f5594809-1a1d-480b-9497-2673d29d2595@group-0D7E76F6B348-StateMachineUpdater] INFO  impl.StateMachineUpdater (StateMachineUpdater.java:lambda$new$0(92)) - f5594809-1a1d-480b-9497-2673d29d2595@group-0D7E76F6B348-StateMachineUpdater: snapshotIndex: updateIncreasingly -1 -> 0
2023-05-08 09:34:26,040 [f5594809-1a1d-480b-9497-2673d29d2595@group-2325FE0F4446-StateMachineUpdater] INFO  impl.StateMachineUpdater (StateMachineUpdater.java:takeSnapshot(287)) - f5594809-1a1d-480b-9497-2673d29d2595@group-2325FE0F4446-StateMachineUpdater: Took a snapshot at index 0
2023-05-08 09:34:26,040 [f5594809-1a1d-480b-9497-2673d29d2595@group-2325FE0F4446-StateMachineUpdater] INFO  impl.StateMachineUpdater (StateMachineUpdater.java:lambda$new$0(92)) - f5594809-1a1d-480b-9497-2673d29d2595@group-2325FE0F4446-StateMachineUpdater: snapshotIndex: updateIncreasingly -1 -> 0
2023-05-08 09:34:26,041 [grpc-default-executor-5] INFO  server.GrpcServerProtocolService (GrpcServerProtocolService.java:onCompleted(143)) - f5594809-1a1d-480b-9497-2673d29d2595: Completed APPEND_ENTRIES, lastRequest: 8bb737d4-3739-4a89-bbd0-142b4bbbf932->f5594809-1a1d-480b-9497-2673d29d2595#1-t1,previous=(t:0, i:0),leaderCommit=0,initializing? true,entries: size=1, first=(t:1, i:0), CONFIGURATIONENTRY(current:id: "f5594809-1a1d-480b-9497-2673d29d2595"
address: "10.1.0.160:42729"
dataStreamAddress: "10.1.0.160:33155"
clientAddress: "10.1.0.160:42729"
adminAddress: "10.1.0.160:42729"
startupRole: FOLLOWER
,id: "8bb737d4-3739-4a89-bbd0-142b4bbbf932"
address: "10.1.0.160:40901"
priority: 1
dataStreamAddress: "10.1.0.160:41785"
clientAddress: "10.1.0.160:40901"
adminAddress: "10.1.0.160:40901"
startupRole: FOLLOWER
,id: "31bb0062-e0a6-44a8-8078-5986d8d8cb42"
address: "10.1.0.160:33403"
dataStreamAddress: "10.1.0.160:36965"
clientAddress: "10.1.0.160:33403"
adminAddress: "10.1.0.160:33403"
startupRole: FOLLOWER
, old:)
2023-05-08 09:34:26,044 [f5594809-1a1d-480b-9497-2673d29d2595-impl-thread2] INFO  server.RaftServer$Division (ServerState.java:close(466)) - f5594809-1a1d-480b-9497-2673d29d2595@group-2325FE0F4446: closes. applyIndex: 0
2023-05-08 09:34:26,046 [grpc-default-executor-6] INFO  server.GrpcServerProtocolService (GrpcServerProtocolService.java:onCompleted(143)) - 31bb0062-e0a6-44a8-8078-5986d8d8cb42: Completed APPEND_ENTRIES, lastRequest: null
2023-05-08 09:34:26,048 [f5594809-1a1d-480b-9497-2673d29d2595-impl-thread3] INFO  server.RaftServer$Division (ServerState.java:close(466)) - f5594809-1a1d-480b-9497-2673d29d2595@group-0D7E76F6B348: closes. applyIndex: 0
2023-05-08 09:34:26,049 [grpc-default-executor-6] WARN  server.GrpcServerProtocolService (LogUtils.java:warn(122)) - f5594809-1a1d-480b-9497-2673d29d2595: installSnapshot onError, lastRequest: null: org.apache.ratis.thirdparty.io.grpc.StatusRuntimeException: CANCELLED: client cancelled
2023-05-08 09:34:26,057 [grpc-default-executor-10] INFO  server.GrpcLogAppender (GrpcLogAppender.java:onCompleted(415)) - 8bb737d4-3739-4a89-bbd0-142b4bbbf932@group-2325FE0F4446->31bb0062-e0a6-44a8-8078-5986d8d8cb42-AppendLogResponseHandler: follower responses appendEntries COMPLETED
2023-05-08 09:34:26,057 [grpc-default-executor-10] INFO  leader.FollowerInfo (FollowerInfoImpl.java:lambda$new$0(48)) - 8bb737d4-3739-4a89-bbd0-142b4bbbf932@group-2325FE0F4446->31bb0062-e0a6-44a8-8078-5986d8d8cb42: nextIndex: updateUnconditionally 1 -> 0
2023-05-08 09:34:26,061 [grpc-default-executor-10] WARN  server.GrpcServerProtocolService (LogUtils.java:warn(122)) - f5594809-1a1d-480b-9497-2673d29d2595: installSnapshot onError, lastRequest: 31bb0062-e0a6-44a8-8078-5986d8d8cb42->f5594809-1a1d-480b-9497-2673d29d2595#1-t1,previous=(t:0, i:0),leaderCommit=0,initializing? true,entries: size=1, first=(t:1, i:0), CONFIGURATIONENTRY(current:id: "f5594809-1a1d-480b-9497-2673d29d2595"
address: "10.1.0.160:42729"
dataStreamAddress: "10.1.0.160:33155"
clientAddress: "10.1.0.160:42729"
adminAddress: "10.1.0.160:42729"
startupRole: FOLLOWER
,id: "8bb737d4-3739-4a89-bbd0-142b4bbbf932"
address: "10.1.0.160:40901"
dataStreamAddress: "10.1.0.160:41785"
clientAddress: "10.1.0.160:40901"
adminAddress: "10.1.0.160:40901"
startupRole: FOLLOWER
,id: "31bb0062-e0a6-44a8-8078-5986d8d8cb42"
address: "10.1.0.160:33403"
priority: 1
dataStreamAddress: "10.1.0.160:36965"
clientAddress: "10.1.0.160:33403"
adminAddress: "10.1.0.160:33403"
startupRole: FOLLOWER
, old:): org.apache.ratis.thirdparty.io.grpc.StatusRuntimeException: CANCELLED: client cancelled
2023-05-08 09:34:26,069 [grpc-default-executor-13] WARN  server.GrpcServerProtocolService (LogUtils.java:warn(122)) - f5594809-1a1d-480b-9497-2673d29d2595: installSnapshot onError, lastRequest: null: org.apache.ratis.thirdparty.io.grpc.StatusRuntimeException: CANCELLED: client cancelled
2023-05-08 09:34:26,079 [f5594809-1a1d-480b-9497-2673d29d2595@group-0E38F6B8B936-SegmentedRaftLogWorker] INFO  segmented.SegmentedRaftLogWorker (SegmentedRaftLogWorker.java:run(347)) - f5594809-1a1d-480b-9497-2673d29d2595@group-0E38F6B8B936-SegmentedRaftLogWorker was interrupted, exiting. There are 0 tasks remaining in the queue.
2023-05-08 09:34:26,079 [8bb737d4-3739-4a89-bbd0-142b4bbbf932@group-2325FE0F4446-SegmentedRaftLogWorker] INFO  segmented.SegmentedRaftLogWorker (SegmentedRaftLogWorker.java:run(347)) - 8bb737d4-3739-4a89-bbd0-142b4bbbf932@group-2325FE0F4446-SegmentedRaftLogWorker was interrupted, exiting. There are 0 tasks remaining in the queue.
2023-05-08 09:34:26,086 [Listener at 127.0.0.1/36187] INFO  server.GrpcServerProtocolClient (GrpcServerProtocolClient.java:close(101)) - f5594809-1a1d-480b-9497-2673d29d2595 Close channels
2023-05-08 09:34:26,087 [grpc-default-executor-4] WARN  server.GrpcLogAppender (LogUtils.java:warn(122)) - 31bb0062-e0a6-44a8-8078-5986d8d8cb42@group-0D7E76F6B348->8bb737d4-3739-4a89-bbd0-142b4bbbf932-AppendLogResponseHandler: Failed appendEntries: org.apache.ratis.thirdparty.io.grpc.StatusRuntimeException: CANCELLED: RST_STREAM closed stream. HTTP/2 error code: CANCEL
2023-05-08 09:34:26,087 [grpc-default-executor-4] WARN  server.GrpcLogAppender (GrpcLogAppender.java:resetClient(131)) - 31bb0062-e0a6-44a8-8078-5986d8d8cb42@group-0D7E76F6B348->8bb737d4-3739-4a89-bbd0-142b4bbbf932-GrpcLogAppender: Leader has not got in touch with Follower 31bb0062-e0a6-44a8-8078-5986d8d8cb42@group-0D7E76F6B348->8bb737d4-3739-4a89-bbd0-142b4bbbf932(c0,m0,n1, attendVote=true, lastRpcSendTime=472, lastRpcResponseTime=453) yet, just keep nextIndex unchanged and retry.
2023-05-08 09:34:26,087 [grpc-default-executor-15] INFO  server.GrpcLogAppender (GrpcLogAppender.java:onError(404)) - 8bb737d4-3739-4a89-bbd0-142b4bbbf932@group-2325FE0F4446->f5594809-1a1d-480b-9497-2673d29d2595-GrpcLogAppender is already stopped
2023-05-08 09:34:26,089 [f5594809-1a1d-480b-9497-2673d29d2595@group-0D7E76F6B348-SegmentedRaftLogWorker] INFO  segmented.SegmentedRaftLogWorker (SegmentedRaftLogWorker.java:run(347)) - f5594809-1a1d-480b-9497-2673d29d2595@group-0D7E76F6B348-SegmentedRaftLogWorker was interrupted, exiting. There are 0 tasks remaining in the queue.
2023-05-08 09:34:26,090 [f5594809-1a1d-480b-9497-2673d29d2595@group-2325FE0F4446-SegmentedRaftLogWorker] INFO  segmented.SegmentedRaftLogWorker (SegmentedRaftLogWorker.java:run(347)) - f5594809-1a1d-480b-9497-2673d29d2595@group-2325FE0F4446-SegmentedRaftLogWorker was interrupted, exiting. There are 0 tasks remaining in the queue.
2023-05-08 09:34:26,091 [ForkJoinPool.commonPool-worker-0] INFO  server.GrpcServerProtocolClient (GrpcServerProtocolClient.java:close(101)) - 8bb737d4-3739-4a89-bbd0-142b4bbbf932 Close channels
2023-05-08 09:34:26,092 [grpc-default-executor-14] WARN  server.GrpcLogAppender (LogUtils.java:warn(122)) - 31bb0062-e0a6-44a8-8078-5986d8d8cb42@group-0D7E76F6B348->f5594809-1a1d-480b-9497-2673d29d2595-AppendLogResponseHandler: Failed appendEntries: org.apache.ratis.thirdparty.io.grpc.StatusRuntimeException: CANCELLED: RST_STREAM closed stream. HTTP/2 error code: CANCEL
2023-05-08 09:34:26,099 [grpc-default-executor-14] WARN  server.GrpcLogAppender (GrpcLogAppender.java:resetClient(131)) - 31bb0062-e0a6-44a8-8078-5986d8d8cb42@group-0D7E76F6B348->f5594809-1a1d-480b-9497-2673d29d2595-GrpcLogAppender: Leader has not got in touch with Follower 31bb0062-e0a6-44a8-8078-5986d8d8cb42@group-0D7E76F6B348->f5594809-1a1d-480b-9497-2673d29d2595(c0,m0,n1, attendVote=true, lastRpcSendTime=465, lastRpcResponseTime=436) yet, just keep nextIndex unchanged and retry.
2023-05-08 09:34:26,099 [8bb737d4-3739-4a89-bbd0-142b4bbbf932-impl-thread3] INFO  segmented.SegmentedRaftLogWorker (SegmentedRaftLogWorker.java:close(257)) - 8bb737d4-3739-4a89-bbd0-142b4bbbf932@group-50C932F8828D-SegmentedRaftLogWorker close()
2023-05-08 09:34:26,098 [8bb737d4-3739-4a89-bbd0-142b4bbbf932-impl-thread2] INFO  segmented.SegmentedRaftLogWorker (SegmentedRaftLogWorker.java:close(257)) - 8bb737d4-3739-4a89-bbd0-142b4bbbf932@group-0D7E76F6B348-SegmentedRaftLogWorker close()
2023-05-08 09:34:26,098 [grpc-default-executor-16] INFO  server.GrpcLogAppender (GrpcLogAppender.java:onCompleted(415)) - 8bb737d4-3739-4a89-bbd0-142b4bbbf932@group-2325FE0F4446->31bb0062-e0a6-44a8-8078-5986d8d8cb42-AppendLogResponseHandler: follower responses appendEntries COMPLETED
2023-05-08 09:34:26,099 [8bb737d4-3739-4a89-bbd0-142b4bbbf932-impl-thread1] INFO  segmented.SegmentedRaftLogWorker (SegmentedRaftLogWorker.java:close(257)) - 8bb737d4-3739-4a89-bbd0-142b4bbbf932@group-2325FE0F4446-SegmentedRaftLogWorker close()
2023-05-08 09:34:26,100 [grpc-default-executor-16] INFO  leader.FollowerInfo (FollowerInfoImpl.java:lambda$new$0(48)) - 8bb737d4-3739-4a89-bbd0-142b4bbbf932@group-2325FE0F4446->31bb0062-e0a6-44a8-8078-5986d8d8cb42: nextIndex: updateUnconditionally 0 -> 0
2023-05-08 09:34:26,100 [grpc-default-executor-15] INFO  server.GrpcLogAppender (GrpcLogAppender.java:onError(404)) - 8bb737d4-3739-4a89-bbd0-142b4bbbf932@group-2325FE0F4446->f5594809-1a1d-480b-9497-2673d29d2595-GrpcLogAppender is already stopped
2023-05-08 09:34:26,100 [grpc-default-executor-17] WARN  server.GrpcLogAppender (LogUtils.java:warn(122)) - 31bb0062-e0a6-44a8-8078-5986d8d8cb42@group-0D7E76F6B348->f5594809-1a1d-480b-9497-2673d29d2595-AppendLogResponseHandler: Failed appendEntries: org.apache.ratis.thirdparty.io.grpc.StatusRuntimeException: CANCELLED: RST_STREAM closed stream. HTTP/2 error code: CANCEL
2023-05-08 09:34:26,101 [grpc-default-executor-17] WARN  server.GrpcLogAppender (GrpcLogAppender.java:resetClient(131)) - 31bb0062-e0a6-44a8-8078-5986d8d8cb42@group-0D7E76F6B348->f5594809-1a1d-480b-9497-2673d29d2595-GrpcLogAppender: Leader has not got in touch with Follower 31bb0062-e0a6-44a8-8078-5986d8d8cb42@group-0D7E76F6B348->f5594809-1a1d-480b-9497-2673d29d2595(c0,m0,n1, attendVote=true, lastRpcSendTime=466, lastRpcResponseTime=438) yet, just keep nextIndex unchanged and retry.
2023-05-08 09:34:26,101 [ForkJoinPool.commonPool-worker-0] INFO  server.GrpcServerProtocolClient (GrpcServerProtocolClient.java:close(101)) - 31bb0062-e0a6-44a8-8078-5986d8d8cb42 Close channels
2023-05-08 09:34:26,101 [f5594809-1a1d-480b-9497-2673d29d2595-impl-thread3] INFO  segmented.SegmentedRaftLogWorker (SegmentedRaftLogWorker.java:close(257)) - f5594809-1a1d-480b-9497-2673d29d2595@group-0D7E76F6B348-SegmentedRaftLogWorker close()
2023-05-08 09:34:26,101 [f5594809-1a1d-480b-9497-2673d29d2595-impl-thread2] INFO  segmented.SegmentedRaftLogWorker (SegmentedRaftLogWorker.java:close(257)) - f5594809-1a1d-480b-9497-2673d29d2595@group-2325FE0F4446-SegmentedRaftLogWorker close()
2023-05-08 09:34:26,101 [f5594809-1a1d-480b-9497-2673d29d2595-impl-thread1] INFO  segmented.SegmentedRaftLogWorker (SegmentedRaftLogWorker.java:close(257)) - f5594809-1a1d-480b-9497-2673d29d2595@group-0E38F6B8B936-SegmentedRaftLogWorker close()
2023-05-08 09:34:26,108 [ForkJoinPool.commonPool-worker-0] INFO  server.GrpcService (GrpcService.java:closeImpl(280)) - f5594809-1a1d-480b-9497-2673d29d2595: shutdown server GrpcServerProtocolService successfully
2023-05-08 09:34:26,112 [f5594809-1a1d-480b-9497-2673d29d2595-NettyServerStreamRpc-bossGroup--thread1] INFO  logging.LoggingHandler (AbstractInternalLogger.java:log(148)) - [id: 0xe2f720d6, L:/0:0:0:0:0:0:0:0:33155] CLOSE
2023-05-08 09:34:26,112 [f5594809-1a1d-480b-9497-2673d29d2595-NettyServerStreamRpc-bossGroup--thread1] INFO  logging.LoggingHandler (AbstractInternalLogger.java:log(148)) - [id: 0xe2f720d6, L:/0:0:0:0:0:0:0:0:33155] INACTIVE
2023-05-08 09:34:26,112 [f5594809-1a1d-480b-9497-2673d29d2595-NettyServerStreamRpc-bossGroup--thread1] INFO  logging.LoggingHandler (AbstractInternalLogger.java:log(148)) - [id: 0xe2f720d6, L:/0:0:0:0:0:0:0:0:33155] UNREGISTERED
2023-05-08 09:34:26,112 [Listener at 127.0.0.1/36187] INFO  server.GrpcServerProtocolClient (GrpcServerProtocolClient.java:close(101)) - 31bb0062-e0a6-44a8-8078-5986d8d8cb42 Close channels
2023-05-08 09:34:26,169 [Listener at 127.0.0.1/36187] INFO  server.GrpcService (GrpcService.java:closeImpl(280)) - 8bb737d4-3739-4a89-bbd0-142b4bbbf932: shutdown server GrpcServerProtocolService successfully
2023-05-08 09:34:26,169 [8bb737d4-3739-4a89-bbd0-142b4bbbf932-NettyServerStreamRpc-bossGroup--thread1] INFO  logging.LoggingHandler (AbstractInternalLogger.java:log(148)) - [id: 0x72c74619, L:/0:0:0:0:0:0:0:0:41785] CLOSE
2023-05-08 09:34:26,169 [8bb737d4-3739-4a89-bbd0-142b4bbbf932-NettyServerStreamRpc-bossGroup--thread1] INFO  logging.LoggingHandler (AbstractInternalLogger.java:log(148)) - [id: 0x72c74619, L:/0:0:0:0:0:0:0:0:41785] INACTIVE
2023-05-08 09:34:26,169 [8bb737d4-3739-4a89-bbd0-142b4bbbf932-NettyServerStreamRpc-bossGroup--thread1] INFO  logging.LoggingHandler (AbstractInternalLogger.java:log(148)) - [id: 0x72c74619, L:/0:0:0:0:0:0:0:0:41785] UNREGISTERED
2023-05-08 09:34:26,212 [JvmPauseMonitor7] INFO  util.JvmPauseMonitor (JvmPauseMonitor.java:run(111)) - JvmPauseMonitor-f5594809-1a1d-480b-9497-2673d29d2595: Stopped
2023-05-08 09:34:26,221 [JvmPauseMonitor8] INFO  util.JvmPauseMonitor (JvmPauseMonitor.java:run(111)) - JvmPauseMonitor-8bb737d4-3739-4a89-bbd0-142b4bbbf932: Stopped
2023-05-08 09:34:26,389 [31bb0062-e0a6-44a8-8078-5986d8d8cb42@group-6BA7166BEDDD-FollowerState] INFO  impl.FollowerState (FollowerState.java:run(143)) - 31bb0062-e0a6-44a8-8078-5986d8d8cb42@group-6BA7166BEDDD-FollowerState: change to CANDIDATE, lastRpcElapsedTime:5079936002ns, electionTimeout:5072ms
2023-05-08 09:34:26,389 [31bb0062-e0a6-44a8-8078-5986d8d8cb42@group-6BA7166BEDDD-FollowerState] INFO  impl.RoleInfo (RoleInfo.java:shutdownFollowerState(110)) - 31bb0062-e0a6-44a8-8078-5986d8d8cb42: shutdown 31bb0062-e0a6-44a8-8078-5986d8d8cb42@group-6BA7166BEDDD-FollowerState
2023-05-08 09:34:26,389 [31bb0062-e0a6-44a8-8078-5986d8d8cb42@group-6BA7166BEDDD-FollowerState] INFO  server.RaftServer$Division (RaftServerImpl.java:setRole(321)) - 31bb0062-e0a6-44a8-8078-5986d8d8cb42@group-6BA7166BEDDD: changes role from  FOLLOWER to CANDIDATE at term 0 for changeToCandidate
2023-05-08 09:34:26,389 [31bb0062-e0a6-44a8-8078-5986d8d8cb42@group-6BA7166BEDDD-FollowerState] INFO  server.RaftServerConfigKeys (ConfUtils.java:logGet(46)) - raft.server.leaderelection.pre-vote = true (default)
2023-05-08 09:34:26,389 [31bb0062-e0a6-44a8-8078-5986d8d8cb42@group-6BA7166BEDDD-FollowerState] INFO  impl.RoleInfo (RoleInfo.java:updateAndGet(139)) - 31bb0062-e0a6-44a8-8078-5986d8d8cb42: start 31bb0062-e0a6-44a8-8078-5986d8d8cb42@group-6BA7166BEDDD-LeaderElection18
2023-05-08 09:34:26,401 [31bb0062-e0a6-44a8-8078-5986d8d8cb42@group-6BA7166BEDDD-LeaderElection18] INFO  impl.LeaderElection (LeaderElection.java:askForVotes(312)) - 31bb0062-e0a6-44a8-8078-5986d8d8cb42@group-6BA7166BEDDD-LeaderElection18 PRE_VOTE round 0: submit vote requests at term 0 for -1: peers:[31bb0062-e0a6-44a8-8078-5986d8d8cb42|rpc:10.1.0.160:33403|dataStream:10.1.0.160:36965|priority:1|startupRole:FOLLOWER]|listeners:[], old=null
2023-05-08 09:34:26,401 [31bb0062-e0a6-44a8-8078-5986d8d8cb42@group-6BA7166BEDDD-LeaderElection18] INFO  impl.LeaderElection (LeaderElection.java:askForVotes(314)) - 31bb0062-e0a6-44a8-8078-5986d8d8cb42@group-6BA7166BEDDD-LeaderElection18 PRE_VOTE round 0: result PASSED (term=0)
2023-05-08 09:34:26,402 [31bb0062-e0a6-44a8-8078-5986d8d8cb42@group-6BA7166BEDDD-LeaderElection18] INFO  impl.LeaderElection (LeaderElection.java:askForVotes(312)) - 31bb0062-e0a6-44a8-8078-5986d8d8cb42@group-6BA7166BEDDD-LeaderElection18 ELECTION round 0: submit vote requests at term 1 for -1: peers:[31bb0062-e0a6-44a8-8078-5986d8d8cb42|rpc:10.1.0.160:33403|dataStream:10.1.0.160:36965|priority:1|startupRole:FOLLOWER]|listeners:[], old=null
2023-05-08 09:34:26,403 [31bb0062-e0a6-44a8-8078-5986d8d8cb42@group-6BA7166BEDDD-LeaderElection18] INFO  impl.LeaderElection (LeaderElection.java:askForVotes(314)) - 31bb0062-e0a6-44a8-8078-5986d8d8cb42@group-6BA7166BEDDD-LeaderElection18 ELECTION round 0: result PASSED (term=1)
2023-05-08 09:34:26,403 [31bb0062-e0a6-44a8-8078-5986d8d8cb42@group-6BA7166BEDDD-LeaderElection18] INFO  impl.RoleInfo (RoleInfo.java:shutdownLeaderElection(130)) - 31bb0062-e0a6-44a8-8078-5986d8d8cb42: shutdown 31bb0062-e0a6-44a8-8078-5986d8d8cb42@group-6BA7166BEDDD-LeaderElection18
2023-05-08 09:34:26,403 [31bb0062-e0a6-44a8-8078-5986d8d8cb42@group-6BA7166BEDDD-LeaderElection18] INFO  server.RaftServer$Division (RaftServerImpl.java:setRole(321)) - 31bb0062-e0a6-44a8-8078-5986d8d8cb42@group-6BA7166BEDDD: changes role from CANDIDATE to LEADER at term 1 for changeToLeader
2023-05-08 09:34:26,403 [31bb0062-e0a6-44a8-8078-5986d8d8cb42@group-6BA7166BEDDD-LeaderElection18] INFO  ratis.XceiverServerRatis (XceiverServerRatis.java:handleLeaderChangedNotification(904)) - Leader change notification received for group: group-6BA7166BEDDD with new leaderId: 31bb0062-e0a6-44a8-8078-5986d8d8cb42
2023-05-08 09:34:26,403 [31bb0062-e0a6-44a8-8078-5986d8d8cb42@group-6BA7166BEDDD-LeaderElection18] INFO  server.RaftServer$Division (ServerState.java:setLeader(313)) - 31bb0062-e0a6-44a8-8078-5986d8d8cb42@group-6BA7166BEDDD: change Leader from null to 31bb0062-e0a6-44a8-8078-5986d8d8cb42 at term 1 for becomeLeader, leader elected after 5475ms
2023-05-08 09:34:26,404 [31bb0062-e0a6-44a8-8078-5986d8d8cb42@group-6BA7166BEDDD-LeaderElection18] INFO  server.RaftServerConfigKeys (ConfUtils.java:logGet(46)) - raft.server.staging.catchup.gap = 1000 (default)
2023-05-08 09:34:26,404 [31bb0062-e0a6-44a8-8078-5986d8d8cb42@group-6BA7166BEDDD-LeaderElection18] INFO  server.RaftServerConfigKeys (ConfUtils.java:logGet(46)) - raft.server.write.element-limit = 1024 (custom)
2023-05-08 09:34:26,404 [31bb0062-e0a6-44a8-8078-5986d8d8cb42@group-6BA7166BEDDD-LeaderElection18] INFO  server.RaftServerConfigKeys (ConfUtils.java:logGet(46)) - raft.server.write.byte-limit = 1024 M (=1073741824) (custom)
2023-05-08 09:34:26,404 [31bb0062-e0a6-44a8-8078-5986d8d8cb42@group-6BA7166BEDDD-LeaderElection18] INFO  server.RaftServerConfigKeys (ConfUtils.java:logGet(46)) - raft.server.watch.timeout = 180s (custom)
2023-05-08 09:34:26,404 [31bb0062-e0a6-44a8-8078-5986d8d8cb42@group-6BA7166BEDDD-LeaderElection18] INFO  server.RaftServerConfigKeys (ConfUtils.java:logGet(46)) - raft.server.watch.timeout.denomination = 1s (default)
2023-05-08 09:34:26,404 [31bb0062-e0a6-44a8-8078-5986d8d8cb42@group-6BA7166BEDDD-LeaderElection18] INFO  server.RaftServerConfigKeys (ConfUtils.java:logGet(46)) - raft.server.watch.element-limit = 65536 (default)
2023-05-08 09:34:26,405 [31bb0062-e0a6-44a8-8078-5986d8d8cb42@group-6BA7166BEDDD-LeaderElection18] INFO  server.RaftServerConfigKeys (ConfUtils.java:logGet(46)) - raft.server.write.element-limit = 1024 (custom)
2023-05-08 09:34:26,405 [31bb0062-e0a6-44a8-8078-5986d8d8cb42@group-6BA7166BEDDD-LeaderElection18] INFO  server.RaftServerConfigKeys (ConfUtils.java:logGet(46)) - raft.server.write.follower.gap.ratio.max = -1.0 (default)
2023-05-08 09:34:26,405 [31bb0062-e0a6-44a8-8078-5986d8d8cb42@group-6BA7166BEDDD-LeaderElection18] INFO  impl.RoleInfo (RoleInfo.java:updateAndGet(139)) - 31bb0062-e0a6-44a8-8078-5986d8d8cb42: start 31bb0062-e0a6-44a8-8078-5986d8d8cb42@group-6BA7166BEDDD-LeaderStateImpl
2023-05-08 09:34:26,405 [31bb0062-e0a6-44a8-8078-5986d8d8cb42@group-6BA7166BEDDD-LeaderElection18] INFO  segmented.SegmentedRaftLogWorker (SegmentedRaftLogWorker.java:startLogSegment(452)) - 31bb0062-e0a6-44a8-8078-5986d8d8cb42@group-6BA7166BEDDD-SegmentedRaftLogWorker: Starting segment from index:0
2023-05-08 09:34:26,407 [31bb0062-e0a6-44a8-8078-5986d8d8cb42@group-6BA7166BEDDD-SegmentedRaftLogWorker] INFO  segmented.SegmentedRaftLogWorker (SegmentedRaftLogWorker.java:execute(656)) - 31bb0062-e0a6-44a8-8078-5986d8d8cb42@group-6BA7166BEDDD-SegmentedRaftLogWorker: created new log segment /home/runner/work/ozone/ozone/hadoop-ozone/integration-test/target/test-dir/MiniOzoneClusterImpl-fa43fc2a-bf5b-4c12-844e-0f55669bff2c/datanode-2/data/ratis/e1819799-32ec-4bf9-ab7a-6ba7166beddd/current/log_inprogress_0
2023-05-08 09:34:26,412 [31bb0062-e0a6-44a8-8078-5986d8d8cb42@group-6BA7166BEDDD-LeaderElection18] INFO  server.RaftServer$Division (ServerState.java:setRaftConf(430)) - 31bb0062-e0a6-44a8-8078-5986d8d8cb42@group-6BA7166BEDDD: set configuration 0: peers:[31bb0062-e0a6-44a8-8078-5986d8d8cb42|rpc:10.1.0.160:33403|dataStream:10.1.0.160:36965|priority:1|startupRole:FOLLOWER]|listeners:[], old=null
2023-05-08 09:34:28,138 [grpc-default-executor-17] WARN  server.GrpcLogAppender (LogUtils.java:warn(122)) - 31bb0062-e0a6-44a8-8078-5986d8d8cb42@group-0D7E76F6B348->8bb737d4-3739-4a89-bbd0-142b4bbbf932-AppendLogResponseHandler: Failed appendEntries: org.apache.ratis.thirdparty.io.grpc.StatusRuntimeException: UNAVAILABLE: io exception
2023-05-08 09:34:28,139 [grpc-default-executor-17] WARN  server.GrpcLogAppender (GrpcLogAppender.java:resetClient(131)) - 31bb0062-e0a6-44a8-8078-5986d8d8cb42@group-0D7E76F6B348->8bb737d4-3739-4a89-bbd0-142b4bbbf932-GrpcLogAppender: Leader has not got in touch with Follower 31bb0062-e0a6-44a8-8078-5986d8d8cb42@group-0D7E76F6B348->8bb737d4-3739-4a89-bbd0-142b4bbbf932(c0,m0,n1, attendVote=true, lastRpcSendTime=2525, lastRpcResponseTime=2505) yet, just keep nextIndex unchanged and retry.
2023-05-08 09:34:28,143 [grpc-default-executor-17] WARN  server.GrpcLogAppender (LogUtils.java:warn(122)) - 31bb0062-e0a6-44a8-8078-5986d8d8cb42@group-0D7E76F6B348->8bb737d4-3739-4a89-bbd0-142b4bbbf932-AppendLogResponseHandler: Failed appendEntries: org.apache.ratis.thirdparty.io.grpc.StatusRuntimeException: UNAVAILABLE: io exception
2023-05-08 09:34:28,143 [grpc-default-executor-15] WARN  server.GrpcLogAppender (LogUtils.java:warn(122)) - 31bb0062-e0a6-44a8-8078-5986d8d8cb42@group-0D7E76F6B348->8bb737d4-3739-4a89-bbd0-142b4bbbf932-AppendLogResponseHandler: Failed appendEntries: org.apache.ratis.thirdparty.io.grpc.StatusRuntimeException: UNAVAILABLE: io exception
2023-05-08 09:34:28,144 [grpc-default-executor-16] WARN  server.GrpcLogAppender (LogUtils.java:warn(122)) - 31bb0062-e0a6-44a8-8078-5986d8d8cb42@group-0D7E76F6B348->8bb737d4-3739-4a89-bbd0-142b4bbbf932-AppendLogResponseHandler: Failed appendEntries: org.apache.ratis.thirdparty.io.grpc.StatusRuntimeException: UNAVAILABLE: io exception
2023-05-08 09:34:28,144 [grpc-default-executor-17] WARN  server.GrpcLogAppender (GrpcLogAppender.java:resetClient(131)) - 31bb0062-e0a6-44a8-8078-5986d8d8cb42@group-0D7E76F6B348->8bb737d4-3739-4a89-bbd0-142b4bbbf932-GrpcLogAppender: Leader has not got in touch with Follower 31bb0062-e0a6-44a8-8078-5986d8d8cb42@group-0D7E76F6B348->8bb737d4-3739-4a89-bbd0-142b4bbbf932(c0,m0,n1, attendVote=true, lastRpcSendTime=0, lastRpcResponseTime=2510) yet, just keep nextIndex unchanged and retry.
2023-05-08 09:34:28,146 [grpc-default-executor-15] WARN  server.GrpcLogAppender (GrpcLogAppender.java:resetClient(131)) - 31bb0062-e0a6-44a8-8078-5986d8d8cb42@group-0D7E76F6B348->8bb737d4-3739-4a89-bbd0-142b4bbbf932-GrpcLogAppender: Leader has not got in touch with Follower 31bb0062-e0a6-44a8-8078-5986d8d8cb42@group-0D7E76F6B348->8bb737d4-3739-4a89-bbd0-142b4bbbf932(c0,m0,n1, attendVote=true, lastRpcSendTime=1, lastRpcResponseTime=2512) yet, just keep nextIndex unchanged and retry.
2023-05-08 09:34:28,146 [grpc-default-executor-16] WARN  server.GrpcLogAppender (GrpcLogAppender.java:resetClient(131)) - 31bb0062-e0a6-44a8-8078-5986d8d8cb42@group-0D7E76F6B348->8bb737d4-3739-4a89-bbd0-142b4bbbf932-GrpcLogAppender: Leader has not got in touch with Follower 31bb0062-e0a6-44a8-8078-5986d8d8cb42@group-0D7E76F6B348->8bb737d4-3739-4a89-bbd0-142b4bbbf932(c0,m0,n1, attendVote=true, lastRpcSendTime=2, lastRpcResponseTime=2512) yet, just keep nextIndex unchanged and retry.
2023-05-08 09:34:28,165 [grpc-default-executor-16] WARN  server.GrpcLogAppender (LogUtils.java:warn(122)) - 31bb0062-e0a6-44a8-8078-5986d8d8cb42@group-0D7E76F6B348->f5594809-1a1d-480b-9497-2673d29d2595-AppendLogResponseHandler: Failed appendEntries: org.apache.ratis.thirdparty.io.grpc.StatusRuntimeException: UNAVAILABLE: io exception
2023-05-08 09:34:28,167 [grpc-default-executor-16] WARN  server.GrpcLogAppender (GrpcLogAppender.java:resetClient(131)) - 31bb0062-e0a6-44a8-8078-5986d8d8cb42@group-0D7E76F6B348->f5594809-1a1d-480b-9497-2673d29d2595-GrpcLogAppender: Leader has not got in touch with Follower 31bb0062-e0a6-44a8-8078-5986d8d8cb42@group-0D7E76F6B348->f5594809-1a1d-480b-9497-2673d29d2595(c0,m0,n1, attendVote=true, lastRpcSendTime=2533, lastRpcResponseTime=2504) yet, just keep nextIndex unchanged and retry.
2023-05-08 09:34:28,168 [grpc-default-executor-15] WARN  server.GrpcLogAppender (LogUtils.java:warn(122)) - 31bb0062-e0a6-44a8-8078-5986d8d8cb42@group-0D7E76F6B348->f5594809-1a1d-480b-9497-2673d29d2595-AppendLogResponseHandler: Failed appendEntries: org.apache.ratis.thirdparty.io.grpc.StatusRuntimeException: UNAVAILABLE: io exception
2023-05-08 09:34:28,168 [grpc-default-executor-15] WARN  server.GrpcLogAppender (GrpcLogAppender.java:resetClient(131)) - 31bb0062-e0a6-44a8-8078-5986d8d8cb42@group-0D7E76F6B348->f5594809-1a1d-480b-9497-2673d29d2595-GrpcLogAppender: Leader has not got in touch with Follower 31bb0062-e0a6-44a8-8078-5986d8d8cb42@group-0D7E76F6B348->f5594809-1a1d-480b-9497-2673d29d2595(c0,m0,n1, attendVote=true, lastRpcSendTime=0, lastRpcResponseTime=2505) yet, just keep nextIndex unchanged and retry.
2023-05-08 09:34:28,171 [grpc-default-executor-17] WARN  server.GrpcLogAppender (LogUtils.java:warn(122)) - 31bb0062-e0a6-44a8-8078-5986d8d8cb42@group-0D7E76F6B348->f5594809-1a1d-480b-9497-2673d29d2595-AppendLogResponseHandler: Failed appendEntries: org.apache.ratis.thirdparty.io.grpc.StatusRuntimeException: UNAVAILABLE: io exception
2023-05-08 09:34:28,171 [grpc-default-executor-17] WARN  server.GrpcLogAppender (GrpcLogAppender.java:resetClient(131)) - 31bb0062-e0a6-44a8-8078-5986d8d8cb42@group-0D7E76F6B348->f5594809-1a1d-480b-9497-2673d29d2595-GrpcLogAppender: Leader has not got in touch with Follower 31bb0062-e0a6-44a8-8078-5986d8d8cb42@group-0D7E76F6B348->f5594809-1a1d-480b-9497-2673d29d2595(c0,m0,n1, attendVote=true, lastRpcSendTime=3, lastRpcResponseTime=2509) yet, just keep nextIndex unchanged and retry.
2023-05-08 09:34:28,172 [grpc-default-executor-17] WARN  server.GrpcLogAppender (LogUtils.java:warn(122)) - 31bb0062-e0a6-44a8-8078-5986d8d8cb42@group-0D7E76F6B348->f5594809-1a1d-480b-9497-2673d29d2595-AppendLogResponseHandler: Failed appendEntries: org.apache.ratis.thirdparty.io.grpc.StatusRuntimeException: UNAVAILABLE: io exception
2023-05-08 09:34:28,172 [grpc-default-executor-17] WARN  server.GrpcLogAppender (GrpcLogAppender.java:resetClient(131)) - 31bb0062-e0a6-44a8-8078-5986d8d8cb42@group-0D7E76F6B348->f5594809-1a1d-480b-9497-2673d29d2595-GrpcLogAppender: Leader has not got in touch with Follower 31bb0062-e0a6-44a8-8078-5986d8d8cb42@group-0D7E76F6B348->f5594809-1a1d-480b-9497-2673d29d2595(c0,m0,n1, attendVote=true, lastRpcSendTime=4, lastRpcResponseTime=2509) yet, just keep nextIndex unchanged and retry.
2023-05-08 09:34:28,233 [ForkJoinPool.commonPool-worker-0] INFO  volume.HddsVolume (HddsVolume.java:closeDbStore(437)) - SchemaV3 db is stopped at /home/runner/work/ozone/ozone/hadoop-ozone/integration-test/target/test-dir/MiniOzoneClusterImpl-fa43fc2a-bf5b-4c12-844e-0f55669bff2c/datanode-0/data-0/containers/hdds/fa43fc2a-bf5b-4c12-844e-0f55669bff2c/DS-6ad9d5e8-2fee-437c-8220-be4200015ce5/container.db for volume DS-6ad9d5e8-2fee-437c-8220-be4200015ce5
2023-05-08 09:34:28,236 [ForkJoinPool.commonPool-worker-0] INFO  utils.BackgroundService (BackgroundService.java:shutdown(141)) - Shutting down service BlockDeletingService
2023-05-08 09:34:28,236 [ForkJoinPool.commonPool-worker-0] INFO  utils.BackgroundService (BackgroundService.java:shutdown(141)) - Shutting down service StaleRecoveringContainerScrubbingService
2023-05-08 09:34:28,253 [ForkJoinPool.commonPool-worker-0] INFO  statemachine.DatanodeStateMachine (DatanodeStateMachine.java:stopDaemon(608)) - Ozone container server stopped.
2023-05-08 09:34:28,272 [ForkJoinPool.commonPool-worker-0] INFO  handler.ContextHandler (ContextHandler.java:doStop(1159)) - Stopped o.e.j.w.WebAppContext@202a6ac0{hddsDatanode,/,null,STOPPED}{jar:file:/home/runner/.m2/repository/org/apache/ozone/hdds-container-service/1.4.0-SNAPSHOT/hdds-container-service-1.4.0-SNAPSHOT.jar!/webapps/hddsDatanode}
2023-05-08 09:34:28,274 [ForkJoinPool.commonPool-worker-0] INFO  server.AbstractConnector (AbstractConnector.java:doStop(383)) - Stopped ServerConnector@11b13af9{HTTP/1.1, (http/1.1)}{0.0.0.0:0}
2023-05-08 09:34:28,275 [ForkJoinPool.commonPool-worker-0] INFO  server.session (HouseKeeper.java:stopScavenging(149)) - node0 Stopped scavenging
2023-05-08 09:34:28,276 [ForkJoinPool.commonPool-worker-0] INFO  handler.ContextHandler (ContextHandler.java:doStop(1159)) - Stopped o.e.j.s.ServletContextHandler@69bf5cd7{static,/static,jar:file:/home/runner/.m2/repository/org/apache/ozone/hdds-container-service/1.4.0-SNAPSHOT/hdds-container-service-1.4.0-SNAPSHOT.jar!/webapps/static,STOPPED}
2023-05-08 09:34:28,276 [ForkJoinPool.commonPool-worker-0] INFO  handler.ContextHandler (ContextHandler.java:doStop(1159)) - Stopped o.e.j.s.ServletContextHandler@512fcb2a{logs,/logs,file:///home/runner/work/ozone/ozone/hadoop-ozone/integration-test/target/log,STOPPED}
2023-05-08 09:34:28,277 [Listener at 127.0.0.1/36187] INFO  volume.HddsVolume (HddsVolume.java:closeDbStore(437)) - SchemaV3 db is stopped at /home/runner/work/ozone/ozone/hadoop-ozone/integration-test/target/test-dir/MiniOzoneClusterImpl-fa43fc2a-bf5b-4c12-844e-0f55669bff2c/datanode-1/data-0/containers/hdds/fa43fc2a-bf5b-4c12-844e-0f55669bff2c/DS-1bbf2b14-0291-405a-bb05-146d991ab94a/container.db for volume DS-1bbf2b14-0291-405a-bb05-146d991ab94a
2023-05-08 09:34:28,278 [Listener at 127.0.0.1/36187] INFO  utils.BackgroundService (BackgroundService.java:shutdown(141)) - Shutting down service BlockDeletingService
2023-05-08 09:34:28,278 [Listener at 127.0.0.1/36187] INFO  utils.BackgroundService (BackgroundService.java:shutdown(141)) - Shutting down service StaleRecoveringContainerScrubbingService
2023-05-08 09:34:28,282 [ForkJoinPool.commonPool-worker-0] INFO  ozoneimpl.OzoneContainer (OzoneContainer.java:stop(419)) - Attempting to stop container services.
2023-05-08 09:34:28,283 [Listener at 127.0.0.1/36187] INFO  statemachine.DatanodeStateMachine (DatanodeStateMachine.java:stopDaemon(608)) - Ozone container server stopped.
2023-05-08 09:34:28,294 [Listener at 127.0.0.1/36187] INFO  handler.ContextHandler (ContextHandler.java:doStop(1159)) - Stopped o.e.j.w.WebAppContext@2d57f69b{hddsDatanode,/,null,STOPPED}{jar:file:/home/runner/.m2/repository/org/apache/ozone/hdds-container-service/1.4.0-SNAPSHOT/hdds-container-service-1.4.0-SNAPSHOT.jar!/webapps/hddsDatanode}
2023-05-08 09:34:28,294 [ForkJoinPool.commonPool-worker-0] INFO  server.RaftServer (RaftServerProxy.java:lambda$close$6(409)) - 31bb0062-e0a6-44a8-8078-5986d8d8cb42: close
2023-05-08 09:34:28,295 [31bb0062-e0a6-44a8-8078-5986d8d8cb42-impl-thread1] INFO  server.RaftServer$Division (RaftServerImpl.java:lambda$close$4(458)) - 31bb0062-e0a6-44a8-8078-5986d8d8cb42@group-6BA7166BEDDD: shutdown
2023-05-08 09:34:28,295 [31bb0062-e0a6-44a8-8078-5986d8d8cb42-impl-thread1] INFO  util.JmxRegister (JmxRegister.java:unregister(73)) - Successfully un-registered JMX Bean with object name Ratis:service=RaftServer,group=group-6BA7166BEDDD,id=31bb0062-e0a6-44a8-8078-5986d8d8cb42
2023-05-08 09:34:28,295 [31bb0062-e0a6-44a8-8078-5986d8d8cb42-impl-thread1] INFO  impl.RoleInfo (RoleInfo.java:shutdownLeaderState(93)) - 31bb0062-e0a6-44a8-8078-5986d8d8cb42: shutdown 31bb0062-e0a6-44a8-8078-5986d8d8cb42@group-6BA7166BEDDD-LeaderStateImpl
2023-05-08 09:34:28,295 [31bb0062-e0a6-44a8-8078-5986d8d8cb42-impl-thread2] INFO  server.RaftServer$Division (RaftServerImpl.java:lambda$close$4(458)) - 31bb0062-e0a6-44a8-8078-5986d8d8cb42@group-2325FE0F4446: shutdown
2023-05-08 09:34:28,295 [31bb0062-e0a6-44a8-8078-5986d8d8cb42-impl-thread1] INFO  impl.PendingRequests (PendingRequests.java:sendNotLeaderResponses(282)) - 31bb0062-e0a6-44a8-8078-5986d8d8cb42@group-6BA7166BEDDD-PendingRequests: sendNotLeaderResponses
2023-05-08 09:34:28,295 [ForkJoinPool.commonPool-worker-0] INFO  server.GrpcService (GrpcService.java:closeImpl(271)) - 31bb0062-e0a6-44a8-8078-5986d8d8cb42: shutdown server GrpcServerProtocolService now
2023-05-08 09:34:28,295 [31bb0062-e0a6-44a8-8078-5986d8d8cb42-impl-thread2] INFO  util.JmxRegister (JmxRegister.java:unregister(73)) - Successfully un-registered JMX Bean with object name Ratis:service=RaftServer,group=group-2325FE0F4446,id=31bb0062-e0a6-44a8-8078-5986d8d8cb42
2023-05-08 09:34:28,296 [31bb0062-e0a6-44a8-8078-5986d8d8cb42-impl-thread2] INFO  impl.RoleInfo (RoleInfo.java:shutdownFollowerState(110)) - 31bb0062-e0a6-44a8-8078-5986d8d8cb42: shutdown 31bb0062-e0a6-44a8-8078-5986d8d8cb42@group-2325FE0F4446-FollowerState
2023-05-08 09:34:28,296 [Listener at 127.0.0.1/36187] INFO  server.AbstractConnector (AbstractConnector.java:doStop(383)) - Stopped ServerConnector@9a18130{HTTP/1.1, (http/1.1)}{0.0.0.0:0}
2023-05-08 09:34:28,296 [Listener at 127.0.0.1/36187] INFO  server.session (HouseKeeper.java:stopScavenging(149)) - node0 Stopped scavenging
2023-05-08 09:34:28,295 [31bb0062-e0a6-44a8-8078-5986d8d8cb42@group-6BA7166BEDDD-StateMachineUpdater] INFO  ratis.ContainerStateMachine (ContainerStateMachine.java:takeSnapshot(330)) - group-6BA7166BEDDD: Taking a snapshot at:(t:1, i:0) file /home/runner/work/ozone/ozone/hadoop-ozone/integration-test/target/test-dir/MiniOzoneClusterImpl-fa43fc2a-bf5b-4c12-844e-0f55669bff2c/datanode-2/data/ratis/e1819799-32ec-4bf9-ab7a-6ba7166beddd/sm/snapshot.1_0
2023-05-08 09:34:28,295 [31bb0062-e0a6-44a8-8078-5986d8d8cb42-impl-thread1] INFO  impl.StateMachineUpdater (StateMachineUpdater.java:stopAndJoin(153)) - 31bb0062-e0a6-44a8-8078-5986d8d8cb42@group-6BA7166BEDDD-StateMachineUpdater: set stopIndex = 0
2023-05-08 09:34:28,297 [31bb0062-e0a6-44a8-8078-5986d8d8cb42-impl-thread3] INFO  server.RaftServer$Division (RaftServerImpl.java:lambda$close$4(458)) - 31bb0062-e0a6-44a8-8078-5986d8d8cb42@group-0D7E76F6B348: shutdown
2023-05-08 09:34:28,297 [31bb0062-e0a6-44a8-8078-5986d8d8cb42-impl-thread3] INFO  util.JmxRegister (JmxRegister.java:unregister(73)) - Successfully un-registered JMX Bean with object name Ratis:service=RaftServer,group=group-0D7E76F6B348,id=31bb0062-e0a6-44a8-8078-5986d8d8cb42
2023-05-08 09:34:28,297 [31bb0062-e0a6-44a8-8078-5986d8d8cb42-impl-thread3] INFO  impl.RoleInfo (RoleInfo.java:shutdownLeaderState(93)) - 31bb0062-e0a6-44a8-8078-5986d8d8cb42: shutdown 31bb0062-e0a6-44a8-8078-5986d8d8cb42@group-0D7E76F6B348-LeaderStateImpl
2023-05-08 09:34:28,298 [31bb0062-e0a6-44a8-8078-5986d8d8cb42@group-6BA7166BEDDD-StateMachineUpdater] INFO  ratis.ContainerStateMachine (ContainerStateMachine.java:takeSnapshot(341)) - group-6BA7166BEDDD: Finished taking a snapshot at:(t:1, i:0) file:/home/runner/work/ozone/ozone/hadoop-ozone/integration-test/target/test-dir/MiniOzoneClusterImpl-fa43fc2a-bf5b-4c12-844e-0f55669bff2c/datanode-2/data/ratis/e1819799-32ec-4bf9-ab7a-6ba7166beddd/sm/snapshot.1_0 took: 3 ms
2023-05-08 09:34:28,298 [31bb0062-e0a6-44a8-8078-5986d8d8cb42@group-6BA7166BEDDD-StateMachineUpdater] INFO  impl.StateMachineUpdater (StateMachineUpdater.java:takeSnapshot(287)) - 31bb0062-e0a6-44a8-8078-5986d8d8cb42@group-6BA7166BEDDD-StateMachineUpdater: Took a snapshot at index 0
2023-05-08 09:34:28,298 [31bb0062-e0a6-44a8-8078-5986d8d8cb42@group-6BA7166BEDDD-StateMachineUpdater] INFO  impl.StateMachineUpdater (StateMachineUpdater.java:lambda$new$0(92)) - 31bb0062-e0a6-44a8-8078-5986d8d8cb42@group-6BA7166BEDDD-StateMachineUpdater: snapshotIndex: updateIncreasingly -1 -> 0
2023-05-08 09:34:28,298 [31bb0062-e0a6-44a8-8078-5986d8d8cb42-impl-thread1] INFO  server.RaftServer$Division (ServerState.java:close(466)) - 31bb0062-e0a6-44a8-8078-5986d8d8cb42@group-6BA7166BEDDD: closes. applyIndex: 0
2023-05-08 09:34:28,299 [31bb0062-e0a6-44a8-8078-5986d8d8cb42@group-6BA7166BEDDD-SegmentedRaftLogWorker] INFO  segmented.SegmentedRaftLogWorker (SegmentedRaftLogWorker.java:run(347)) - 31bb0062-e0a6-44a8-8078-5986d8d8cb42@group-6BA7166BEDDD-SegmentedRaftLogWorker was interrupted, exiting. There are 0 tasks remaining in the queue.
2023-05-08 09:34:28,302 [Listener at 127.0.0.1/36187] INFO  handler.ContextHandler (ContextHandler.java:doStop(1159)) - Stopped o.e.j.s.ServletContextHandler@8144d65{static,/static,jar:file:/home/runner/.m2/repository/org/apache/ozone/hdds-container-service/1.4.0-SNAPSHOT/hdds-container-service-1.4.0-SNAPSHOT.jar!/webapps/static,STOPPED}
2023-05-08 09:34:28,302 [Listener at 127.0.0.1/36187] INFO  handler.ContextHandler (ContextHandler.java:doStop(1159)) - Stopped o.e.j.s.ServletContextHandler@151e39ec{logs,/logs,file:///home/runner/work/ozone/ozone/hadoop-ozone/integration-test/target/log,STOPPED}
2023-05-08 09:34:28,302 [31bb0062-e0a6-44a8-8078-5986d8d8cb42@group-2325FE0F4446-FollowerState] INFO  impl.FollowerState (FollowerState.java:run(152)) - 31bb0062-e0a6-44a8-8078-5986d8d8cb42@group-2325FE0F4446-FollowerState was interrupted
2023-05-08 09:34:28,303 [ForkJoinPool.commonPool-worker-0] INFO  server.GrpcServerProtocolClient (GrpcServerProtocolClient.java:close(101)) - f5594809-1a1d-480b-9497-2673d29d2595 Close channels
2023-05-08 09:34:28,303 [31bb0062-e0a6-44a8-8078-5986d8d8cb42-impl-thread1] INFO  segmented.SegmentedRaftLogWorker (SegmentedRaftLogWorker.java:close(257)) - 31bb0062-e0a6-44a8-8078-5986d8d8cb42@group-6BA7166BEDDD-SegmentedRaftLogWorker close()
2023-05-08 09:34:28,304 [31bb0062-e0a6-44a8-8078-5986d8d8cb42-impl-thread2] INFO  impl.StateMachineUpdater (StateMachineUpdater.java:stopAndJoin(153)) - 31bb0062-e0a6-44a8-8078-5986d8d8cb42@group-2325FE0F4446-StateMachineUpdater: set stopIndex = 0
2023-05-08 09:34:28,309 [31bb0062-e0a6-44a8-8078-5986d8d8cb42@group-2325FE0F4446-StateMachineUpdater] INFO  ratis.ContainerStateMachine (ContainerStateMachine.java:takeSnapshot(330)) - group-2325FE0F4446: Taking a snapshot at:(t:1, i:0) file /home/runner/work/ozone/ozone/hadoop-ozone/integration-test/target/test-dir/MiniOzoneClusterImpl-fa43fc2a-bf5b-4c12-844e-0f55669bff2c/datanode-2/data/ratis/523f76e4-c63b-4f59-a2ac-2325fe0f4446/sm/snapshot.1_0
2023-05-08 09:34:28,310 [31bb0062-e0a6-44a8-8078-5986d8d8cb42@group-2325FE0F4446-StateMachineUpdater] INFO  ratis.ContainerStateMachine (ContainerStateMachine.java:takeSnapshot(341)) - group-2325FE0F4446: Finished taking a snapshot at:(t:1, i:0) file:/home/runner/work/ozone/ozone/hadoop-ozone/integration-test/target/test-dir/MiniOzoneClusterImpl-fa43fc2a-bf5b-4c12-844e-0f55669bff2c/datanode-2/data/ratis/523f76e4-c63b-4f59-a2ac-2325fe0f4446/sm/snapshot.1_0 took: 1 ms
2023-05-08 09:34:28,310 [31bb0062-e0a6-44a8-8078-5986d8d8cb42@group-2325FE0F4446-StateMachineUpdater] INFO  impl.StateMachineUpdater (StateMachineUpdater.java:takeSnapshot(287)) - 31bb0062-e0a6-44a8-8078-5986d8d8cb42@group-2325FE0F4446-StateMachineUpdater: Took a snapshot at index 0
2023-05-08 09:34:28,310 [31bb0062-e0a6-44a8-8078-5986d8d8cb42@group-2325FE0F4446-StateMachineUpdater] INFO  impl.StateMachineUpdater (StateMachineUpdater.java:lambda$new$0(92)) - 31bb0062-e0a6-44a8-8078-5986d8d8cb42@group-2325FE0F4446-StateMachineUpdater: snapshotIndex: updateIncreasingly -1 -> 0
2023-05-08 09:34:28,310 [31bb0062-e0a6-44a8-8078-5986d8d8cb42-impl-thread2] INFO  server.RaftServer$Division (ServerState.java:close(466)) - 31bb0062-e0a6-44a8-8078-5986d8d8cb42@group-2325FE0F4446: closes. applyIndex: 0
2023-05-08 09:34:28,311 [31bb0062-e0a6-44a8-8078-5986d8d8cb42@group-2325FE0F4446-SegmentedRaftLogWorker] INFO  segmented.SegmentedRaftLogWorker (SegmentedRaftLogWorker.java:run(347)) - 31bb0062-e0a6-44a8-8078-5986d8d8cb42@group-2325FE0F4446-SegmentedRaftLogWorker was interrupted, exiting. There are 0 tasks remaining in the queue.
2023-05-08 09:34:28,311 [31bb0062-e0a6-44a8-8078-5986d8d8cb42-impl-thread3] INFO  impl.PendingRequests (PendingRequests.java:sendNotLeaderResponses(282)) - 31bb0062-e0a6-44a8-8078-5986d8d8cb42@group-0D7E76F6B348-PendingRequests: sendNotLeaderResponses
2023-05-08 09:34:28,311 [31bb0062-e0a6-44a8-8078-5986d8d8cb42-impl-thread3] INFO  impl.StateMachineUpdater (StateMachineUpdater.java:stopAndJoin(153)) - 31bb0062-e0a6-44a8-8078-5986d8d8cb42@group-0D7E76F6B348-StateMachineUpdater: set stopIndex = 0
2023-05-08 09:34:28,311 [31bb0062-e0a6-44a8-8078-5986d8d8cb42@group-0D7E76F6B348-StateMachineUpdater] INFO  ratis.ContainerStateMachine (ContainerStateMachine.java:takeSnapshot(330)) - group-0D7E76F6B348: Taking a snapshot at:(t:1, i:0) file /home/runner/work/ozone/ozone/hadoop-ozone/integration-test/target/test-dir/MiniOzoneClusterImpl-fa43fc2a-bf5b-4c12-844e-0f55669bff2c/datanode-2/data/ratis/c60f1d6e-571f-4598-847d-0d7e76f6b348/sm/snapshot.1_0
2023-05-08 09:34:28,313 [ForkJoinPool.commonPool-worker-0] INFO  server.GrpcServerProtocolClient (GrpcServerProtocolClient.java:close(101)) - 8bb737d4-3739-4a89-bbd0-142b4bbbf932 Close channels
2023-05-08 09:34:28,313 [ForkJoinPool.commonPool-worker-0] INFO  server.GrpcService (GrpcService.java:closeImpl(280)) - 31bb0062-e0a6-44a8-8078-5986d8d8cb42: shutdown server GrpcServerProtocolService successfully
2023-05-08 09:34:28,313 [31bb0062-e0a6-44a8-8078-5986d8d8cb42-NettyServerStreamRpc-bossGroup--thread1] INFO  logging.LoggingHandler (AbstractInternalLogger.java:log(148)) - [id: 0x327bf20e, L:/0:0:0:0:0:0:0:0:36965] CLOSE
2023-05-08 09:34:28,314 [31bb0062-e0a6-44a8-8078-5986d8d8cb42-NettyServerStreamRpc-bossGroup--thread1] INFO  logging.LoggingHandler (AbstractInternalLogger.java:log(148)) - [id: 0x327bf20e, L:/0:0:0:0:0:0:0:0:36965] INACTIVE
2023-05-08 09:34:28,314 [31bb0062-e0a6-44a8-8078-5986d8d8cb42-NettyServerStreamRpc-bossGroup--thread1] INFO  logging.LoggingHandler (AbstractInternalLogger.java:log(148)) - [id: 0x327bf20e, L:/0:0:0:0:0:0:0:0:36965] UNREGISTERED
2023-05-08 09:34:28,315 [31bb0062-e0a6-44a8-8078-5986d8d8cb42@group-0D7E76F6B348-StateMachineUpdater] INFO  ratis.ContainerStateMachine (ContainerStateMachine.java:takeSnapshot(341)) - group-0D7E76F6B348: Finished taking a snapshot at:(t:1, i:0) file:/home/runner/work/ozone/ozone/hadoop-ozone/integration-test/target/test-dir/MiniOzoneClusterImpl-fa43fc2a-bf5b-4c12-844e-0f55669bff2c/datanode-2/data/ratis/c60f1d6e-571f-4598-847d-0d7e76f6b348/sm/snapshot.1_0 took: 4 ms
2023-05-08 09:34:28,315 [31bb0062-e0a6-44a8-8078-5986d8d8cb42@group-0D7E76F6B348-StateMachineUpdater] INFO  impl.StateMachineUpdater (StateMachineUpdater.java:takeSnapshot(287)) - 31bb0062-e0a6-44a8-8078-5986d8d8cb42@group-0D7E76F6B348-StateMachineUpdater: Took a snapshot at index 0
2023-05-08 09:34:28,315 [31bb0062-e0a6-44a8-8078-5986d8d8cb42@group-0D7E76F6B348-StateMachineUpdater] INFO  impl.StateMachineUpdater (StateMachineUpdater.java:lambda$new$0(92)) - 31bb0062-e0a6-44a8-8078-5986d8d8cb42@group-0D7E76F6B348-StateMachineUpdater: snapshotIndex: updateIncreasingly -1 -> 0
2023-05-08 09:34:28,315 [31bb0062-e0a6-44a8-8078-5986d8d8cb42-impl-thread3] INFO  server.RaftServer$Division (ServerState.java:close(466)) - 31bb0062-e0a6-44a8-8078-5986d8d8cb42@group-0D7E76F6B348: closes. applyIndex: 0
2023-05-08 09:34:28,318 [31bb0062-e0a6-44a8-8078-5986d8d8cb42@group-0D7E76F6B348-SegmentedRaftLogWorker] INFO  segmented.SegmentedRaftLogWorker (SegmentedRaftLogWorker.java:run(347)) - 31bb0062-e0a6-44a8-8078-5986d8d8cb42@group-0D7E76F6B348-SegmentedRaftLogWorker was interrupted, exiting. There are 0 tasks remaining in the queue.
2023-05-08 09:34:28,318 [31bb0062-e0a6-44a8-8078-5986d8d8cb42-impl-thread2] INFO  segmented.SegmentedRaftLogWorker (SegmentedRaftLogWorker.java:close(257)) - 31bb0062-e0a6-44a8-8078-5986d8d8cb42@group-2325FE0F4446-SegmentedRaftLogWorker close()
2023-05-08 09:34:28,321 [31bb0062-e0a6-44a8-8078-5986d8d8cb42-impl-thread3] INFO  segmented.SegmentedRaftLogWorker (SegmentedRaftLogWorker.java:close(257)) - 31bb0062-e0a6-44a8-8078-5986d8d8cb42@group-0D7E76F6B348-SegmentedRaftLogWorker close()
2023-05-08 09:34:28,323 [JvmPauseMonitor9] INFO  util.JvmPauseMonitor (JvmPauseMonitor.java:run(111)) - JvmPauseMonitor-31bb0062-e0a6-44a8-8078-5986d8d8cb42: Stopped
2023-05-08 09:34:30,328 [ForkJoinPool.commonPool-worker-0] INFO  volume.HddsVolume (HddsVolume.java:closeDbStore(437)) - SchemaV3 db is stopped at /home/runner/work/ozone/ozone/hadoop-ozone/integration-test/target/test-dir/MiniOzoneClusterImpl-fa43fc2a-bf5b-4c12-844e-0f55669bff2c/datanode-2/data-0/containers/hdds/fa43fc2a-bf5b-4c12-844e-0f55669bff2c/DS-feea9247-06d4-464c-a6d9-a71b5da76688/container.db for volume DS-feea9247-06d4-464c-a6d9-a71b5da76688
2023-05-08 09:34:30,328 [ForkJoinPool.commonPool-worker-0] INFO  utils.BackgroundService (BackgroundService.java:shutdown(141)) - Shutting down service BlockDeletingService
2023-05-08 09:34:30,329 [ForkJoinPool.commonPool-worker-0] INFO  utils.BackgroundService (BackgroundService.java:shutdown(141)) - Shutting down service StaleRecoveringContainerScrubbingService
2023-05-08 09:34:30,330 [ForkJoinPool.commonPool-worker-0] INFO  statemachine.DatanodeStateMachine (DatanodeStateMachine.java:stopDaemon(608)) - Ozone container server stopped.
2023-05-08 09:34:30,340 [ForkJoinPool.commonPool-worker-0] INFO  handler.ContextHandler (ContextHandler.java:doStop(1159)) - Stopped o.e.j.w.WebAppContext@4ec6e474{hddsDatanode,/,null,STOPPED}{jar:file:/home/runner/.m2/repository/org/apache/ozone/hdds-container-service/1.4.0-SNAPSHOT/hdds-container-service-1.4.0-SNAPSHOT.jar!/webapps/hddsDatanode}
2023-05-08 09:34:30,342 [ForkJoinPool.commonPool-worker-0] INFO  server.AbstractConnector (AbstractConnector.java:doStop(383)) - Stopped ServerConnector@7b27aca6{HTTP/1.1, (http/1.1)}{0.0.0.0:0}
2023-05-08 09:34:30,342 [ForkJoinPool.commonPool-worker-0] INFO  server.session (HouseKeeper.java:stopScavenging(149)) - node0 Stopped scavenging
2023-05-08 09:34:30,344 [ForkJoinPool.commonPool-worker-0] INFO  handler.ContextHandler (ContextHandler.java:doStop(1159)) - Stopped o.e.j.s.ServletContextHandler@230ff8f5{static,/static,jar:file:/home/runner/.m2/repository/org/apache/ozone/hdds-container-service/1.4.0-SNAPSHOT/hdds-container-service-1.4.0-SNAPSHOT.jar!/webapps/static,STOPPED}
2023-05-08 09:34:30,344 [ForkJoinPool.commonPool-worker-0] INFO  handler.ContextHandler (ContextHandler.java:doStop(1159)) - Stopped o.e.j.s.ServletContextHandler@5cb94e47{logs,/logs,file:///home/runner/work/ozone/ozone/hadoop-ozone/integration-test/target/log,STOPPED}
2023-05-08 09:34:30,346 [Listener at 127.0.0.1/36187] INFO  ozone.MiniOzoneClusterImpl (MiniOzoneClusterImpl.java:stopSCM(554)) - Stopping the StorageContainerManager
2023-05-08 09:34:30,346 [Listener at 127.0.0.1/36187] INFO  server.StorageContainerManager (StorageContainerManager.java:stop(1578)) - Container Balancer is not running.
2023-05-08 09:34:30,346 [Listener at 127.0.0.1/36187] INFO  server.StorageContainerManager (StorageContainerManager.java:stopReplicationManager(1709)) - Stopping Replication Manager Service.
2023-05-08 09:34:30,346 [Listener at 127.0.0.1/36187] INFO  replication.ReplicationManager (ReplicationManager.java:stop(326)) - Stopping Replication Monitor Thread.
2023-05-08 09:34:30,346 [Listener at 127.0.0.1/36187] INFO  server.StorageContainerManager (StorageContainerManager.java:stop(1587)) - Stopping the Datanode Admin Monitor.
2023-05-08 09:34:30,346 [Under Replicated Processor] WARN  replication.UnhealthyReplicationProcessor (UnhealthyReplicationProcessor.java:run(167)) - Under Replicated Processor interrupted. Exiting...
2023-05-08 09:34:30,346 [Listener at 127.0.0.1/36187] INFO  server.StorageContainerManager (StorageContainerManager.java:stop(1594)) - Stopping datanode service RPC server
2023-05-08 09:34:30,346 [Listener at 127.0.0.1/36187] INFO  server.SCMDatanodeProtocolServer (SCMDatanodeProtocolServer.java:stop(424)) - Stopping the RPC server for DataNodes
2023-05-08 09:34:30,346 [Listener at 127.0.0.1/36187] INFO  ipc.Server (Server.java:stop(3501)) - Stopping server on 42403
2023-05-08 09:34:30,347 [ReplicationMonitor] INFO  replication.ReplicationManager (ReplicationManager.java:run(937)) - Replication Monitor Thread is stopped
2023-05-08 09:34:30,347 [Over Replicated Processor] WARN  replication.UnhealthyReplicationProcessor (UnhealthyReplicationProcessor.java:run(167)) - Over Replicated Processor interrupted. Exiting...
2023-05-08 09:34:30,351 [IPC Server Responder] INFO  ipc.Server (Server.java:run(1563)) - Stopping IPC Server Responder
2023-05-08 09:34:30,351 [IPC Server listener on 0] INFO  ipc.Server (Server.java:run(1430)) - Stopping IPC Server listener on 0
2023-05-08 09:34:30,421 [SCM Heartbeat Processing Thread - 0] WARN  node.NodeStateManager (NodeStateManager.java:scheduleNextHealthCheck(870)) - Current Thread is interrupted, shutting down HB processing thread for Node Manager.
2023-05-08 09:34:30,421 [Listener at 127.0.0.1/36187] INFO  server.StorageContainerManager (StorageContainerManager.java:stop(1602)) - Stopping block service RPC server
2023-05-08 09:34:30,421 [Listener at 127.0.0.1/36187] INFO  server.SCMBlockProtocolServer (SCMBlockProtocolServer.java:stop(161)) - Stopping the RPC server for Block Protocol
2023-05-08 09:34:30,421 [Listener at 127.0.0.1/36187] INFO  ipc.Server (Server.java:stop(3501)) - Stopping server on 41913
2023-05-08 09:34:30,425 [IPC Server Responder] INFO  ipc.Server (Server.java:run(1563)) - Stopping IPC Server Responder
2023-05-08 09:34:30,425 [IPC Server listener on 0] INFO  ipc.Server (Server.java:run(1430)) - Stopping IPC Server listener on 0
2023-05-08 09:34:30,426 [Listener at 127.0.0.1/36187] INFO  server.StorageContainerManager (StorageContainerManager.java:stop(1609)) - Stopping the StorageContainerLocationProtocol RPC server
2023-05-08 09:34:30,426 [Listener at 127.0.0.1/36187] INFO  server.SCMClientProtocolServer (SCMClientProtocolServer.java:stop(208)) - Stopping the RPC server for Client Protocol
2023-05-08 09:34:30,426 [Listener at 127.0.0.1/36187] INFO  ipc.Server (Server.java:stop(3501)) - Stopping server on 39879
2023-05-08 09:34:30,428 [IPC Server Responder] INFO  ipc.Server (Server.java:run(1563)) - Stopping IPC Server Responder
2023-05-08 09:34:30,428 [IPC Server listener on 0] INFO  ipc.Server (Server.java:run(1430)) - Stopping IPC Server listener on 0
2023-05-08 09:34:30,428 [Listener at 127.0.0.1/36187] INFO  server.StorageContainerManager (StorageContainerManager.java:stop(1616)) - Stopping Storage Container Manager HTTP server.
2023-05-08 09:34:30,429 [Listener at 127.0.0.1/36187] INFO  handler.ContextHandler (ContextHandler.java:doStop(1159)) - Stopped o.e.j.w.WebAppContext@493203f5{scm,/,null,STOPPED}{file:/home/runner/work/ozone/ozone/hadoop-ozone/integration-test/target/test-classes/webapps/scm}
2023-05-08 09:34:30,430 [Listener at 127.0.0.1/36187] INFO  server.AbstractConnector (AbstractConnector.java:doStop(383)) - Stopped ServerConnector@61d82582{HTTP/1.1, (http/1.1)}{0.0.0.0:0}
2023-05-08 09:34:30,430 [Listener at 127.0.0.1/36187] INFO  server.session (HouseKeeper.java:stopScavenging(149)) - node0 Stopped scavenging
2023-05-08 09:34:30,430 [Listener at 127.0.0.1/36187] INFO  handler.ContextHandler (ContextHandler.java:doStop(1159)) - Stopped o.e.j.s.ServletContextHandler@67c76f42{static,/static,file:///home/runner/work/ozone/ozone/hadoop-ozone/integration-test/target/test-classes/webapps/static,STOPPED}
2023-05-08 09:34:30,431 [Listener at 127.0.0.1/36187] INFO  handler.ContextHandler (ContextHandler.java:doStop(1159)) - Stopped o.e.j.s.ServletContextHandler@3eec918f{logs,/logs,file:///home/runner/work/ozone/ozone/hadoop-ozone/integration-test/target/log,STOPPED}
2023-05-08 09:34:30,431 [Listener at 127.0.0.1/36187] INFO  server.StorageContainerManager (StorageContainerManager.java:stop(1624)) - Stopping SCM LayoutVersionManager Service.
2023-05-08 09:34:30,431 [Listener at 127.0.0.1/36187] INFO  server.StorageContainerManager (StorageContainerManager.java:stop(1632)) - Stopping Block Manager Service.
2023-05-08 09:34:30,431 [Listener at 127.0.0.1/36187] INFO  utils.BackgroundService (BackgroundService.java:shutdown(141)) - Shutting down service SCMBlockDeletingService
2023-05-08 09:34:30,431 [Listener at 127.0.0.1/36187] INFO  utils.BackgroundService (BackgroundService.java:shutdown(141)) - Shutting down service SCMBlockDeletingService
2023-05-08 09:34:30,432 [Listener at 127.0.0.1/36187] INFO  server.StorageContainerManager (StorageContainerManager.java:stop(1654)) - Stopping SCM Event Queue.
2023-05-08 09:34:30,433 [Listener at 127.0.0.1/36187] INFO  server.StorageContainerManager (StorageContainerManager.java:stop(1665)) - Stopping SCM HA services.
2023-05-08 09:34:30,433 [Listener at 127.0.0.1/36187] INFO  pipeline.BackgroundPipelineCreator (BackgroundPipelineCreator.java:stop(149)) - Stopping RatisPipelineUtilsThread.
2023-05-08 09:34:30,433 [RatisPipelineUtilsThread - 0] WARN  pipeline.BackgroundPipelineCreator (BackgroundPipelineCreator.java:run(180)) - RatisPipelineUtilsThread is interrupted.
2023-05-08 09:34:30,433 [Listener at 127.0.0.1/36187] INFO  BackgroundPipelineScrubber (BackgroundSCMService.java:stop(131)) - Stopping BackgroundPipelineScrubber Service.
2023-05-08 09:34:30,433 [BackgroundPipelineScrubberThread] WARN  BackgroundPipelineScrubber (BackgroundSCMService.java:run(115)) - BackgroundPipelineScrubber is interrupted, exit
2023-05-08 09:34:30,433 [Listener at 127.0.0.1/36187] INFO  impl.MetricsSystemImpl (MetricsSystemImpl.java:stop(210)) - Stopping HddsDatanode metrics system...
2023-05-08 09:34:30,438 [prometheus] INFO  impl.MetricsSinkAdapter (MetricsSinkAdapter.java:publishMetricsFromQueue(141)) - prometheus thread interrupted.
2023-05-08 09:34:30,438 [Listener at 127.0.0.1/36187] INFO  impl.MetricsSystemImpl (MetricsSystemImpl.java:stop(216)) - HddsDatanode metrics system stopped.
2023-05-08 09:34:30,439 [Listener at 127.0.0.1/36187] WARN  pipeline.BackgroundPipelineCreator (BackgroundPipelineCreator.java:stop(145)) - RatisPipelineUtilsThread is not running, just ignore.
2023-05-08 09:34:30,439 [Listener at 127.0.0.1/36187] INFO  BackgroundPipelineScrubber (BackgroundSCMService.java:stop(126)) - BackgroundPipelineScrubber Service is not running, skip stop.
2023-05-08 09:34:30,439 [Listener at 127.0.0.1/36187] INFO  ExpiredContainerReplicaOpScrubber (BackgroundSCMService.java:stop(131)) - Stopping ExpiredContainerReplicaOpScrubber Service.
2023-05-08 09:34:30,439 [ExpiredContainerReplicaOpScrubberThread] WARN  ExpiredContainerReplicaOpScrubber (BackgroundSCMService.java:run(115)) - ExpiredContainerReplicaOpScrubber is interrupted, exit
2023-05-08 09:34:30,439 [Listener at 127.0.0.1/36187] INFO  utils.BackgroundService (BackgroundService.java:shutdown(141)) - Shutting down service SCMBlockDeletingService
2023-05-08 09:34:30,439 [Listener at 127.0.0.1/36187] INFO  replication.ReplicationManager (ReplicationManager.java:stop(336)) - Replication Monitor Thread is not running.
2023-05-08 09:34:30,439 [Listener at 127.0.0.1/36187] WARN  balancer.ContainerBalancer (ContainerBalancer.java:stop(324)) - Cannot stop Container Balancer because it's not running or stopping
2023-05-08 09:34:30,439 [Listener at 127.0.0.1/36187] INFO  server.StorageContainerManager (StorageContainerManager.java:stop(1700)) - Stopping SCM MetadataStore.
]]></system-out>
  </testcase>
  <testcase name="testCloseContainerCommandOnRestart" classname="org.apache.hadoop.ozone.TestStorageContainerManager" time="39.342">
    <system-out><![CDATA[2023-05-08 09:34:30,475 [Time-limited test] WARN  server.ServerUtils (ServerUtils.java:getScmDbDir(148)) - ozone.scm.db.dirs is not configured. We recommend adding this setting. Falling back to ozone.metadata.dirs instead.
2023-05-08 09:34:30,477 [Time-limited test] WARN  server.ServerUtils (ServerUtils.java:getScmDbDir(148)) - ozone.scm.db.dirs is not configured. We recommend adding this setting. Falling back to ozone.metadata.dirs instead.
2023-05-08 09:34:30,477 [Time-limited test] INFO  ha.SCMHANodeDetails (SCMHANodeDetails.java:loadSCMHAConfig(209)) - ServiceID for StorageContainerManager is null
2023-05-08 09:34:30,478 [Time-limited test] WARN  ha.SCMHANodeDetails (SCMHANodeDetails.java:validateSCMHAConfig(182)) - Invalid config ozone.scm.ratis.enable. The config was not specified, but the default value true conflicts with the expected config value false. Falling back to the expected value. Current State of SCM: SCM is running in Non-HA without Ratis Ratis SCM -> Non Ratis SCM or Non HA SCM -> HA SCM is not supported
2023-05-08 09:34:30,478 [Time-limited test] INFO  ha.SCMHANodeDetails (SCMHANodeDetails.java:loadSCMHAConfig(214)) - ozone.scm.default.service.id is not defined, falling back to ozone.scm.service.ids to find serviceID for StorageContainerManager if it is HA enabled cluster
2023-05-08 09:34:30,478 [Time-limited test] WARN  utils.HAUtils (HAUtils.java:getMetaDir(350)) - ozone.scm.db.dirs is not configured. We recommend adding this setting. Falling back to ozone.metadata.dirs instead.
2023-05-08 09:34:30,478 [Time-limited test] WARN  db.DBStoreBuilder (DBStoreBuilder.java:applyDBDefinition(164)) - ozone.scm.db.dirs is not configured. We recommend adding this setting. Falling back to ozone.metadata.dirs instead.
2023-05-08 09:34:30,571 [Time-limited test] INFO  net.NodeSchemaLoader (NodeSchemaLoader.java:loadSchemaFromFile(129)) - Loading schema from [jar:file:/home/runner/.m2/repository/org/apache/ozone/hdds-common/1.4.0-SNAPSHOT/hdds-common-1.4.0-SNAPSHOT.jar!/network-topology-default.xml]
2023-05-08 09:34:30,571 [Time-limited test] INFO  net.NodeSchemaLoader (NodeSchemaLoader.java:loadSchema(176)) - Loading network topology layer schema file
2023-05-08 09:34:30,576 [Time-limited test] INFO  upgrade.AbstractLayoutVersionManager (AbstractLayoutVersionManager.java:init(83)) - Initializing Layout version manager with metadata layout = WEBUI_PORTS_IN_DATANODEDETAILS (version = 6), software layout = WEBUI_PORTS_IN_DATANODEDETAILS (version = 6)
2023-05-08 09:34:30,634 [Time-limited test] INFO  reflections.Reflections (Reflections.java:scan(232)) - Reflections took 54 ms to scan 7 urls, producing 156 keys and 369 values 
2023-05-08 09:34:30,635 [Time-limited test] INFO  ha.SequenceIdGenerator (SequenceIdGenerator.java:upgradeToSequenceId(349)) - upgrade localId to 111677748019200000
2023-05-08 09:34:30,635 [Time-limited test] INFO  ha.SequenceIdGenerator (SequenceIdGenerator.java:upgradeToSequenceId(359)) - upgrade delTxnId to 0
2023-05-08 09:34:30,636 [Time-limited test] INFO  ha.SequenceIdGenerator (SequenceIdGenerator.java:upgradeToSequenceId(376)) - upgrade containerId to 0
2023-05-08 09:34:30,636 [Time-limited test] INFO  ha.SequenceIdGenerator (SequenceIdGenerator.java:<init>(220)) - Init the HA SequenceIdGenerator.
2023-05-08 09:34:30,637 [Time-limited test] INFO  node.SCMNodeManager (SCMNodeManager.java:<init>(159)) - Entering startup safe mode.
2023-05-08 09:34:30,637 [Time-limited test] INFO  algorithms.ContainerPlacementPolicyFactory (ContainerPlacementPolicyFactory.java:getPolicyInternal(86)) - Create container placement policy of type org.apache.hadoop.hdds.scm.container.placement.algorithms.SCMContainerPlacementRackAware
2023-05-08 09:34:30,637 [Time-limited test] INFO  algorithms.ContainerPlacementPolicyFactory (ContainerPlacementPolicyFactory.java:getPolicyInternal(86)) - Create container placement policy of type org.apache.hadoop.hdds.scm.container.placement.algorithms.SCMContainerPlacementRackScatter
2023-05-08 09:34:30,637 [Time-limited test] INFO  pipeline.PipelineStateManagerImpl (PipelineStateManagerImpl.java:initialize(78)) - No pipeline exists in current db
2023-05-08 09:34:30,637 [Time-limited test] INFO  algorithms.LeaderChoosePolicyFactory (LeaderChoosePolicyFactory.java:getPolicy(57)) - Create leader choose policy of type org.apache.hadoop.hdds.scm.pipeline.leader.choose.algorithms.MinLeaderCountChoosePolicy
2023-05-08 09:34:30,638 [Time-limited test] INFO  algorithms.ContainerPlacementPolicyFactory (ContainerPlacementPolicyFactory.java:getPolicyInternal(86)) - Create container placement policy of type org.apache.hadoop.hdds.scm.container.placement.algorithms.SCMContainerPlacementRackScatter
2023-05-08 09:34:30,638 [Time-limited test] INFO  ha.SCMServiceManager (SCMServiceManager.java:register(42)) - Registering service BackgroundPipelineCreator.
2023-05-08 09:34:30,638 [Time-limited test] INFO  pipeline.BackgroundPipelineCreator (BackgroundPipelineCreator.java:start(124)) - Starting RatisPipelineUtilsThread.
2023-05-08 09:34:30,638 [Time-limited test] INFO  BackgroundPipelineScrubber (BackgroundSCMService.java:start(68)) - Starting BackgroundPipelineScrubber Service.
2023-05-08 09:34:30,638 [Time-limited test] INFO  ha.SCMServiceManager (SCMServiceManager.java:register(42)) - Registering service BackgroundPipelineScrubber.
2023-05-08 09:34:30,638 [Time-limited test] INFO  ExpiredContainerReplicaOpScrubber (BackgroundSCMService.java:start(68)) - Starting ExpiredContainerReplicaOpScrubber Service.
2023-05-08 09:34:30,639 [Time-limited test] INFO  ha.SCMServiceManager (SCMServiceManager.java:register(42)) - Registering service ExpiredContainerReplicaOpScrubber.
2023-05-08 09:34:30,640 [Time-limited test] INFO  algorithms.PipelineChoosePolicyFactory (PipelineChoosePolicyFactory.java:createPipelineChoosePolicyFromClass(73)) - Create pipeline choose policy of type org.apache.hadoop.hdds.scm.pipeline.choose.algorithms.RandomPipelineChoosePolicy
2023-05-08 09:34:30,640 [Time-limited test] INFO  ha.SCMServiceManager (SCMServiceManager.java:register(42)) - Registering service SCMBlockDeletingService.
2023-05-08 09:34:30,641 [Time-limited test] INFO  replication.ReplicationManager (ReplicationManager.java:start(293)) - Starting Replication Monitor Thread.
2023-05-08 09:34:30,642 [Time-limited test] INFO  ha.SCMServiceManager (SCMServiceManager.java:register(42)) - Registering service ReplicationManager.
2023-05-08 09:34:30,642 [Time-limited test] INFO  safemode.ContainerSafeModeRule (ContainerSafeModeRule.java:<init>(89)) - containers with one replica threshold count 0
2023-05-08 09:34:30,642 [Time-limited test] INFO  safemode.HealthyPipelineSafeModeRule (HealthyPipelineSafeModeRule.java:initializeRule(169)) - Total pipeline count is 0, healthy pipeline threshold count is 0
2023-05-08 09:34:30,642 [Time-limited test] INFO  safemode.OneReplicaPipelineSafeModeRule (OneReplicaPipelineSafeModeRule.java:initializeRule(180)) - Total pipeline count is 0, pipeline's with at least one datanode reported threshold count is 0
2023-05-08 09:34:30,643 [Time-limited test] INFO  server.StorageContainerManager (StorageContainerManager.java:<init>(403)) - SCM start with adminUsers: [runner]
2023-05-08 09:34:30,643 [Time-limited test] INFO  ipc.CallQueueManager (CallQueueManager.java:<init>(90)) - Using callQueue: class java.util.concurrent.LinkedBlockingQueue, queueCapacity: 2000, scheduler: class org.apache.hadoop.ipc.DefaultRpcScheduler, ipcBackoff: false.
2023-05-08 09:34:30,644 [Socket Reader #1 for port 0] INFO  ipc.Server (Server.java:run(1319)) - Starting Socket Reader #1 for port 0
2023-05-08 09:34:30,644 [Listener at 0.0.0.0/37785] INFO  ipc.CallQueueManager (CallQueueManager.java:<init>(90)) - Using callQueue: class java.util.concurrent.LinkedBlockingQueue, queueCapacity: 2000, scheduler: class org.apache.hadoop.ipc.DefaultRpcScheduler, ipcBackoff: false.
2023-05-08 09:34:30,645 [Socket Reader #1 for port 0] INFO  ipc.Server (Server.java:run(1319)) - Starting Socket Reader #1 for port 0
2023-05-08 09:34:30,646 [Listener at 0.0.0.0/42845] INFO  ipc.CallQueueManager (CallQueueManager.java:<init>(90)) - Using callQueue: class java.util.concurrent.LinkedBlockingQueue, queueCapacity: 2000, scheduler: class org.apache.hadoop.ipc.DefaultRpcScheduler, ipcBackoff: false.
2023-05-08 09:34:30,646 [Socket Reader #1 for port 0] INFO  ipc.Server (Server.java:run(1319)) - Starting Socket Reader #1 for port 0
2023-05-08 09:34:30,650 [Listener at 0.0.0.0/40209] INFO  ha.SCMServiceManager (SCMServiceManager.java:register(42)) - Registering service ContainerBalancer.
2023-05-08 09:34:30,650 [Listener at 0.0.0.0/40209] INFO  server.StorageContainerManager (StorageContainerManager.java:<init>(420)) - 
Container Balancer status:
Key                            Value
Running                        false
Container Balancer Configuration values:
Key                                                Value
Threshold                                          10
Max Datanodes to Involve per Iteration(percent)    20
Max Size to Move per Iteration                     500GB
Max Size Entering Target per Iteration             26GB
Max Size Leaving Source per Iteration              26GB

2023-05-08 09:34:30,650 [Listener at 0.0.0.0/40209] INFO  ha.SCMContext (SCMContext.java:updateSafeModeStatus(228)) - Update SafeModeStatus from SafeModeStatus{safeModeStatus=true, preCheckPassed=false} to SafeModeStatus{safeModeStatus=true, preCheckPassed=false}.
2023-05-08 09:34:30,650 [Listener at 0.0.0.0/40209] INFO  server.StorageContainerManager (StorageContainerManager.java:start(1477)) - StorageContainerLocationProtocol RPC server is listening at /0.0.0.0:40209
2023-05-08 09:34:30,652 [Listener at 0.0.0.0/40209] WARN  impl.MetricsConfig (MetricsConfig.java:loadFirst(136)) - Cannot locate configuration: tried hadoop-metrics2-storagecontainermanager.properties,hadoop-metrics2.properties
2023-05-08 09:34:30,656 [ReplicationMonitor] INFO  replication.ReplicationManager (ReplicationManager.java:processAll(368)) - Replication Manager is not ready to run until 3000ms after safemode exit
2023-05-08 09:34:30,657 [Listener at 0.0.0.0/40209] INFO  impl.MetricsSystemImpl (MetricsSystemImpl.java:startTimer(378)) - Scheduled Metric snapshot period at 10 second(s).
2023-05-08 09:34:30,657 [Listener at 0.0.0.0/40209] INFO  impl.MetricsSystemImpl (MetricsSystemImpl.java:start(191)) - StorageContainerManager metrics system started
2023-05-08 09:34:30,670 [Listener at 0.0.0.0/40209] INFO  impl.MetricsSinkAdapter (MetricsSinkAdapter.java:start(204)) - Sink prometheus started
2023-05-08 09:34:30,670 [Listener at 0.0.0.0/40209] INFO  impl.MetricsSystemImpl (MetricsSystemImpl.java:registerSink(305)) - Registered sink prometheus
2023-05-08 09:34:30,688 [Listener at 0.0.0.0/40209] INFO  server.SCMClientProtocolServer (SCMClientProtocolServer.java:start(199)) - RPC server for Client  is listening at /0.0.0.0:40209
2023-05-08 09:34:30,688 [IPC Server Responder] INFO  ipc.Server (Server.java:run(1558)) - IPC Server Responder: starting
2023-05-08 09:34:30,688 [IPC Server listener on 0] INFO  ipc.Server (Server.java:run(1398)) - IPC Server listener on 0: starting
2023-05-08 09:34:30,694 [Listener at 0.0.0.0/40209] INFO  server.StorageContainerManager (StorageContainerManager.java:start(1491)) - ScmBlockLocationProtocol RPC server is listening at /0.0.0.0:42845
2023-05-08 09:34:30,694 [Listener at 0.0.0.0/40209] INFO  server.SCMBlockProtocolServer (SCMBlockProtocolServer.java:start(152)) - RPC server for Block Protocol is listening at /0.0.0.0:42845
2023-05-08 09:34:30,694 [IPC Server Responder] INFO  ipc.Server (Server.java:run(1558)) - IPC Server Responder: starting
2023-05-08 09:34:30,695 [IPC Server listener on 0] INFO  ipc.Server (Server.java:run(1398)) - IPC Server listener on 0: starting
2023-05-08 09:34:30,697 [Listener at 0.0.0.0/40209] INFO  server.SCMDatanodeProtocolServer (SCMDatanodeProtocolServer.java:start(193)) - ScmDatanodeProtocol RPC server for DataNodes is listening at /0.0.0.0:37785
2023-05-08 09:34:30,697 [IPC Server Responder] INFO  ipc.Server (Server.java:run(1558)) - IPC Server Responder: starting
2023-05-08 09:34:30,697 [IPC Server listener on 0] INFO  ipc.Server (Server.java:run(1398)) - IPC Server listener on 0: starting
2023-05-08 09:34:30,708 [Listener at 0.0.0.0/40209] INFO  http.BaseHttpServer (BaseHttpServer.java:newHttpServer2BuilderForOzone(224)) - Starting Web-server for scm at: http://0.0.0.0:0
2023-05-08 09:34:30,708 [Listener at 0.0.0.0/40209] INFO  http.BaseHttpServer (BaseHttpServer.java:<init>(111)) - Hadoop Security Enabled: false Ozone Security Enabled: false Ozone HTTP Security Enabled: false 
2023-05-08 09:34:30,708 [org.apache.hadoop.util.JvmPauseMonitor$Monitor@42abe4a1] INFO  util.JvmPauseMonitor (JvmPauseMonitor.java:run(188)) - Starting JVM pause monitor
2023-05-08 09:34:30,709 [Listener at 0.0.0.0/40209] WARN  server.AuthenticationFilter (AuthenticationFilter.java:constructSecretProvider(240)) - Unable to initialize FileSignerSecretProvider, falling back to use random secrets. Reason: Could not read signature secret file: /home/runner/hadoop-http-auth-signature-secret
2023-05-08 09:34:30,710 [Listener at 0.0.0.0/40209] INFO  http.HttpRequestLog (HttpRequestLog.java:getRequestLog(86)) - Http request log for http.requests.scm is not defined
2023-05-08 09:34:30,711 [Listener at 0.0.0.0/40209] INFO  http.HttpServer2 (HttpServer2.java:addGlobalFilter(1031)) - Added global filter 'safety' (class=org.apache.hadoop.hdds.server.http.HttpServer2$QuotingInputFilter)
2023-05-08 09:34:30,711 [Listener at 0.0.0.0/40209] INFO  http.HttpServer2 (HttpServer2.java:addFilter(1007)) - Added filter static_user_filter (class=org.apache.hadoop.http.lib.StaticUserWebFilter$StaticUserFilter) to context scm
2023-05-08 09:34:30,712 [Listener at 0.0.0.0/40209] INFO  http.HttpServer2 (HttpServer2.java:addFilter(1015)) - Added filter static_user_filter (class=org.apache.hadoop.http.lib.StaticUserWebFilter$StaticUserFilter) to context static
2023-05-08 09:34:30,712 [Listener at 0.0.0.0/40209] INFO  http.HttpServer2 (HttpServer2.java:addFilter(1015)) - Added filter static_user_filter (class=org.apache.hadoop.http.lib.StaticUserWebFilter$StaticUserFilter) to context logs
2023-05-08 09:34:30,712 [Listener at 0.0.0.0/40209] INFO  http.BaseHttpServer (BaseHttpServer.java:<init>(190)) - HTTP server of scm uses base directory /home/runner/work/ozone/ozone/hadoop-ozone/integration-test/target/test-dir/MiniOzoneClusterImpl-01576107-b0c1-4f3e-928e-95ca127bff40/ozone-meta/webserver
2023-05-08 09:34:30,712 [Listener at 0.0.0.0/40209] INFO  http.HttpServer2 (HttpServer2.java:bindListener(1250)) - Jetty bound to port 39655
2023-05-08 09:34:30,712 [Listener at 0.0.0.0/40209] INFO  server.Server (Server.java:doStart(375)) - jetty-9.4.51.v20230217; built: 2023-02-17T08:19:37.309Z; git: b45c405e4544384de066f814ed42ae3dceacdd49; jvm 1.8.0_362-b09
2023-05-08 09:34:30,713 [Listener at 0.0.0.0/40209] INFO  server.session (DefaultSessionIdManager.java:doStart(334)) - DefaultSessionIdManager workerName=node0
2023-05-08 09:34:30,714 [Listener at 0.0.0.0/40209] INFO  server.session (DefaultSessionIdManager.java:doStart(339)) - No SessionScavenger set, using defaults
2023-05-08 09:34:30,714 [Listener at 0.0.0.0/40209] INFO  server.session (HouseKeeper.java:startScavenging(132)) - node0 Scavenging every 660000ms
2023-05-08 09:34:30,714 [Listener at 0.0.0.0/40209] INFO  handler.ContextHandler (ContextHandler.java:doStart(921)) - Started o.e.j.s.ServletContextHandler@1386bc7{logs,/logs,file:///home/runner/work/ozone/ozone/hadoop-ozone/integration-test/target/log,AVAILABLE}
2023-05-08 09:34:30,715 [Listener at 0.0.0.0/40209] INFO  handler.ContextHandler (ContextHandler.java:doStart(921)) - Started o.e.j.s.ServletContextHandler@4642d8a3{static,/static,file:///home/runner/work/ozone/ozone/hadoop-ozone/integration-test/target/test-classes/webapps/static,AVAILABLE}
2023-05-08 09:34:30,717 [Listener at 0.0.0.0/40209] INFO  handler.ContextHandler (ContextHandler.java:doStart(921)) - Started o.e.j.w.WebAppContext@36e48fac{scm,/,file:///home/runner/work/ozone/ozone/hadoop-ozone/integration-test/target/test-classes/webapps/scm/,AVAILABLE}{file:/home/runner/work/ozone/ozone/hadoop-ozone/integration-test/target/test-classes/webapps/scm}
2023-05-08 09:34:30,720 [Listener at 0.0.0.0/40209] INFO  server.AbstractConnector (AbstractConnector.java:doStart(333)) - Started ServerConnector@242eb3c{HTTP/1.1, (http/1.1)}{0.0.0.0:39655}
2023-05-08 09:34:30,720 [Listener at 0.0.0.0/40209] INFO  server.Server (Server.java:doStart(415)) - Started @78827ms
2023-05-08 09:34:30,720 [Listener at 0.0.0.0/40209] WARN  impl.MetricsSystemImpl (MetricsSystemImpl.java:register(279)) - Sink prometheus already exists!
2023-05-08 09:34:30,721 [Listener at 0.0.0.0/40209] INFO  http.BaseHttpServer (BaseHttpServer.java:updateConnectorAddress(344)) - HTTP server of scm listening at http://0.0.0.0:39655
2023-05-08 09:34:30,721 [Listener at 0.0.0.0/40209] WARN  server.ServerUtils (ServerUtils.java:getDBPath(225)) - ozone.om.db.dirs is not configured. We recommend adding this setting. Falling back to ozone.metadata.dirs instead.
2023-05-08 09:34:30,723 [Listener at 0.0.0.0/40209] INFO  ha.OMHANodeDetails (OMHANodeDetails.java:loadOMHAConfig(115)) - ozone.om.internal.service.id is not defined, falling back to ozone.om.service.ids to find serviceID for OzoneManager if it is HA enabled cluster
2023-05-08 09:34:30,723 [Listener at 0.0.0.0/40209] INFO  ha.OMHANodeDetails (OMHANodeDetails.java:loadOMHAConfig(226)) - Configuration does not have ozone.om.address set. Falling back to the default OM address /127.0.0.1:0
2023-05-08 09:34:30,723 [Listener at 0.0.0.0/40209] INFO  ha.OMHANodeDetails (OMHANodeDetails.java:getOMNodeDetailsForNonHA(254)) - OM Service ID is not set. Setting it to the default ID: omServiceIdDefault
2023-05-08 09:34:30,723 [Listener at 0.0.0.0/40209] INFO  ha.OMHANodeDetails (OMHANodeDetails.java:getOMNodeDetailsForNonHA(261)) - OM Node ID is not set. Setting it to the default ID: om1
2023-05-08 09:34:30,723 [Listener at 0.0.0.0/40209] WARN  server.ServerUtils (ServerUtils.java:getDBPath(225)) - ozone.om.db.dirs is not configured. We recommend adding this setting. Falling back to ozone.metadata.dirs instead.
2023-05-08 09:34:30,724 [Listener at 0.0.0.0/40209] INFO  upgrade.AbstractLayoutVersionManager (AbstractLayoutVersionManager.java:init(83)) - Initializing Layout version manager with metadata layout = HSYNC (version = 4), software layout = HSYNC (version = 4)
2023-05-08 09:34:30,793 [Listener at 0.0.0.0/40209] INFO  reflections.Reflections (Reflections.java:scan(232)) - Reflections took 68 ms to scan 2 urls, producing 172 keys and 479 values [using 2 cores]
2023-05-08 09:34:30,793 [Listener at 0.0.0.0/40209] INFO  upgrade.OMLayoutVersionManager (OMLayoutVersionManager.java:lambda$0(115)) - Skipping Upgrade Action MockOmUpgradeAction since it has been finalized.
2023-05-08 09:34:30,794 [Listener at 0.0.0.0/40209] WARN  server.ServerUtils (ServerUtils.java:getDBPath(225)) - ozone.om.db.dirs is not configured. We recommend adding this setting. Falling back to ozone.metadata.dirs instead.
2023-05-08 09:34:30,794 [Listener at 0.0.0.0/40209] INFO  proxy.SCMBlockLocationFailoverProxyProvider (SCMBlockLocationFailoverProxyProvider.java:<init>(114)) - Created block location fail-over proxy with 1 nodes: [nodeId=scmNodeId,nodeAddress=/0.0.0.0:42845]
2023-05-08 09:34:30,799 [Listener at 0.0.0.0/40209] INFO  proxy.SCMBlockLocationFailoverProxyProvider (SCMBlockLocationFailoverProxyProvider.java:<init>(114)) - Created block location fail-over proxy with 1 nodes: [nodeId=scmNodeId,nodeAddress=/0.0.0.0:42845]
2023-05-08 09:34:30,808 [Listener at 0.0.0.0/40209] INFO  om.OzoneManager (OzoneManager.java:<init>(640)) - OM start with adminUsers: [runner]
2023-05-08 09:34:30,809 [Listener at 0.0.0.0/40209] WARN  server.ServerUtils (ServerUtils.java:getDBPath(225)) - ozone.om.db.dirs is not configured. We recommend adding this setting. Falling back to ozone.metadata.dirs instead.
2023-05-08 09:34:30,809 [Listener at 0.0.0.0/40209] INFO  codec.OmKeyInfoCodec (OmKeyInfoCodec.java:<init>(49)) - OmKeyInfoCodec ignorePipeline = true
2023-05-08 09:34:30,809 [Listener at 0.0.0.0/40209] INFO  codec.RepeatedOmKeyInfoCodec (RepeatedOmKeyInfoCodec.java:<init>(41)) - RepeatedOmKeyInfoCodec ignorePipeline = true
2023-05-08 09:34:30,981 [Listener at 0.0.0.0/40209] INFO  om.OzoneManager (OzoneManager.java:instantiateServices(770)) - S3 Multi-Tenancy is disabled
2023-05-08 09:34:30,982 [Listener at 0.0.0.0/40209] INFO  om.OmSnapshotManager (OmSnapshotManager.java:<init>(169)) - Ozone filesystem snapshot feature is enabled.
2023-05-08 09:34:30,982 [Listener at 0.0.0.0/40209] WARN  server.ServerUtils (ServerUtils.java:getDBPath(225)) - ozone.om.snapshot.diff.db.dir is not configured. We recommend adding this setting. Falling back to ozone.metadata.dirs instead.
2023-05-08 09:34:31,008 [Listener at 0.0.0.0/40209] INFO  om.OzoneManager (OzoneManager.java:addS3GVolumeToDB(4278)) - Created Volume s3v With Owner runner required for S3Gateway operations.
2023-05-08 09:34:31,008 [Listener at 0.0.0.0/40209] WARN  server.ServerUtils (ServerUtils.java:getDefaultRatisDirectory(237)) - Storage directory for Ratis is not configured. It is a good idea to map this to an SSD disk. Falling back to ozone.metadata.dirs
2023-05-08 09:34:31,008 [Listener at 0.0.0.0/40209] WARN  utils.OzoneManagerRatisUtils (OzoneManagerRatisUtils.java:getOMRatisSnapshotDirectory(456)) - ozone.om.ratis.snapshot.dir is not configured. Falling back to ozone.metadata.dirs config
2023-05-08 09:34:31,008 [Listener at 0.0.0.0/40209] WARN  server.ServerUtils (ServerUtils.java:getDefaultRatisDirectory(237)) - Storage directory for Ratis is not configured. It is a good idea to map this to an SSD disk. Falling back to ozone.metadata.dirs
2023-05-08 09:34:31,009 [Listener at 0.0.0.0/40209] INFO  ratis.OzoneManagerRatisServer (OzoneManagerRatisServer.java:<init>(163)) - Instantiating OM Ratis server with groupID: omServiceIdDefault and peers: localhost:9872
2023-05-08 09:34:31,009 [Listener at 0.0.0.0/40209] INFO  ratis.OzoneManagerStateMachine (OzoneManagerStateMachine.java:loadSnapshotInfoFromDB(670)) - LastAppliedIndex is set from TransactionInfo from OM DB as (t:0, i:~)
2023-05-08 09:34:31,010 [Listener at 0.0.0.0/40209] INFO  server.RaftServer (ConfUtils.java:logGet(46)) - raft.rpc.type = GRPC (default)
2023-05-08 09:34:31,010 [Listener at 0.0.0.0/40209] INFO  grpc.GrpcConfigKeys (ConfUtils.java:logFallback(53)) - raft.grpc.admin.host = null (fallback to raft.grpc.server.host)
2023-05-08 09:34:31,010 [Listener at 0.0.0.0/40209] INFO  grpc.GrpcConfigKeys (ConfUtils.java:logFallback(53)) - raft.grpc.admin.port = 9872 (fallback to raft.grpc.server.port)
2023-05-08 09:34:31,010 [Listener at 0.0.0.0/40209] INFO  grpc.GrpcConfigKeys (ConfUtils.java:logFallback(53)) - raft.grpc.client.host = null (fallback to raft.grpc.server.host)
2023-05-08 09:34:31,010 [Listener at 0.0.0.0/40209] INFO  grpc.GrpcConfigKeys (ConfUtils.java:logFallback(53)) - raft.grpc.client.port = 9872 (fallback to raft.grpc.server.port)
2023-05-08 09:34:31,010 [Listener at 0.0.0.0/40209] INFO  grpc.GrpcConfigKeys (ConfUtils.java:logGet(46)) - raft.grpc.server.host = null (default)
2023-05-08 09:34:31,010 [Listener at 0.0.0.0/40209] INFO  grpc.GrpcConfigKeys (ConfUtils.java:logGet(46)) - raft.grpc.server.port = 9872 (custom)
2023-05-08 09:34:31,010 [Listener at 0.0.0.0/40209] INFO  server.GrpcService (ConfUtils.java:logGet(46)) - raft.grpc.message.size.max = 33554432 (custom)
2023-05-08 09:34:31,010 [Listener at 0.0.0.0/40209] INFO  server.RaftServerConfigKeys (ConfUtils.java:logGet(46)) - raft.server.log.appender.buffer.byte-limit = 33554432 (custom)
2023-05-08 09:34:31,010 [Listener at 0.0.0.0/40209] INFO  server.GrpcService (ConfUtils.java:logGet(46)) - raft.grpc.flow.control.window = 1MB (=1048576) (default)
2023-05-08 09:34:31,010 [Listener at 0.0.0.0/40209] INFO  server.RaftServerConfigKeys (ConfUtils.java:logGet(46)) - raft.server.rpc.request.timeout = 3000ms (default)
2023-05-08 09:34:31,010 [Listener at 0.0.0.0/40209] INFO  grpc.GrpcConfigKeys (ConfUtils.java:logGet(46)) - raft.grpc.server.heartbeat.channel = true (default)
2023-05-08 09:34:31,011 [Listener at 0.0.0.0/40209] INFO  grpc.GrpcConfigKeys (ConfUtils.java:logGet(46)) - raft.grpc.server.async.request.thread.pool.cached = true (default)
2023-05-08 09:34:31,011 [Listener at 0.0.0.0/40209] INFO  grpc.GrpcConfigKeys (ConfUtils.java:logGet(46)) - raft.grpc.server.async.request.thread.pool.size = 32 (default)
2023-05-08 09:34:31,012 [Listener at 0.0.0.0/40209] INFO  impl.DataStreamServerImpl (ConfUtils.java:logGet(46)) - raft.datastream.type = DISABLED (default)
2023-05-08 09:34:31,012 [Listener at 0.0.0.0/40209] INFO  server.RaftServerConfigKeys (ConfUtils.java:logGet(46)) - raft.server.threadpool.proxy.cached = true (default)
2023-05-08 09:34:31,012 [Listener at 0.0.0.0/40209] INFO  server.RaftServerConfigKeys (ConfUtils.java:logGet(46)) - raft.server.threadpool.proxy.size = 0 (default)
2023-05-08 09:34:31,012 [Listener at 0.0.0.0/40209] INFO  server.RaftServerConfigKeys (ConfUtils.java:logGet(46)) - raft.server.rpc.slowness.timeout = 120s (custom)
2023-05-08 09:34:31,012 [Listener at 0.0.0.0/40209] INFO  server.RaftServerConfigKeys (ConfUtils.java:logGet(46)) - raft.server.leaderelection.leader.step-down.wait-time = 10s (default)
2023-05-08 09:34:31,012 [Listener at 0.0.0.0/40209] INFO  server.RaftServerConfigKeys (ConfUtils.java:logGet(46)) - raft.server.storage.dir = [/home/runner/work/ozone/ozone/hadoop-ozone/integration-test/target/test-dir/MiniOzoneClusterImpl-01576107-b0c1-4f3e-928e-95ca127bff40/ozone-meta/ratis] (custom)
2023-05-08 09:34:31,013 [Listener at 0.0.0.0/40209] INFO  server.RaftServer (RaftServerProxy.java:addNew(96)) - om1: addNew group-C5BA1605619E:[om1|rpc:localhost:9872|priority:0|startupRole:FOLLOWER] returns group-C5BA1605619E:java.util.concurrent.CompletableFuture@5599bba4[Not completed]
2023-05-08 09:34:31,013 [Listener at 0.0.0.0/40209] INFO  om.OzoneManager (OzoneManager.java:initializeRatisServer(2114)) - OzoneManager Ratis server initialized at port 9872
2023-05-08 09:34:31,013 [pool-476-thread-1] INFO  server.RaftServer$Division (RaftServerImpl.java:<init>(195)) - om1: new RaftServerImpl for group-C5BA1605619E:[om1|rpc:localhost:9872|priority:0|startupRole:FOLLOWER] with OzoneManagerStateMachine:uninitialized
2023-05-08 09:34:31,013 [Listener at 0.0.0.0/40209] INFO  om.OzoneManager (OzoneManager.java:getRpcServer(1161)) - Creating RPC Server
2023-05-08 09:34:31,013 [pool-476-thread-1] INFO  server.RaftServerConfigKeys (ConfUtils.java:logGet(46)) - raft.server.rpc.timeout.min = 1s (custom)
2023-05-08 09:34:31,013 [pool-476-thread-1] INFO  server.RaftServerConfigKeys (ConfUtils.java:logGet(46)) - raft.server.rpc.timeout.max = 1200ms (custom)
2023-05-08 09:34:31,013 [pool-476-thread-1] INFO  server.RaftServerConfigKeys (ConfUtils.java:logGet(46)) - raft.server.rpc.sleep.time = 25ms (default)
2023-05-08 09:34:31,013 [pool-476-thread-1] INFO  server.RaftServerConfigKeys (ConfUtils.java:logGet(46)) - raft.server.rpc.slowness.timeout = 120s (custom)
2023-05-08 09:34:31,013 [pool-476-thread-1] INFO  server.RaftServerConfigKeys (ConfUtils.java:logGet(46)) - raft.server.leaderelection.leader.step-down.wait-time = 10s (default)
2023-05-08 09:34:31,013 [pool-476-thread-1] INFO  server.RaftServerConfigKeys (ConfUtils.java:logGet(46)) - raft.server.sleep.deviation.threshold = 300ms (default)
2023-05-08 09:34:31,013 [pool-476-thread-1] INFO  server.RaftServer$Division (ServerState.java:<init>(118)) - om1@group-C5BA1605619E: ConfigurationManager, init=-1: peers:[om1|rpc:localhost:9872|priority:0|startupRole:FOLLOWER]|listeners:[], old=null, confs=<EMPTY_MAP>
2023-05-08 09:34:31,013 [pool-476-thread-1] INFO  server.RaftServerConfigKeys (ConfUtils.java:logGet(46)) - raft.server.storage.dir = [/home/runner/work/ozone/ozone/hadoop-ozone/integration-test/target/test-dir/MiniOzoneClusterImpl-01576107-b0c1-4f3e-928e-95ca127bff40/ozone-meta/ratis] (custom)
2023-05-08 09:34:31,013 [pool-476-thread-1] INFO  server.RaftServerConfigKeys (ConfUtils.java:logGet(46)) - raft.server.log.corruption.policy = EXCEPTION (default)
2023-05-08 09:34:31,014 [pool-476-thread-1] INFO  server.RaftServerConfigKeys (ConfUtils.java:logGet(46)) - raft.server.storage.free-space.min = 0MB (=0) (default)
2023-05-08 09:34:31,014 [pool-476-thread-1] INFO  server.RaftServerConfigKeys (ConfUtils.java:logGet(46)) - raft.server.notification.no-leader.timeout = 120s (custom)
2023-05-08 09:34:31,014 [pool-476-thread-1] INFO  server.RaftServerConfigKeys (ConfUtils.java:logGet(46)) - raft.server.retrycache.expirytime = 300s (custom)
2023-05-08 09:34:31,014 [pool-476-thread-1] INFO  server.RaftServerConfigKeys (ConfUtils.java:logGet(46)) - raft.server.retrycache.statistics.expirytime = 100μs (default)
2023-05-08 09:34:31,014 [pool-476-thread-1] INFO  server.RaftServerConfigKeys (ConfUtils.java:logGet(46)) - raft.server.log.appender.install.snapshot.enabled = false (custom)
2023-05-08 09:34:31,014 [pool-476-thread-1] INFO  server.RaftServerConfigKeys (ConfUtils.java:logGet(46)) - raft.server.threadpool.server.cached = true (default)
2023-05-08 09:34:31,014 [pool-476-thread-1] INFO  server.RaftServerConfigKeys (ConfUtils.java:logGet(46)) - raft.server.threadpool.server.size = 0 (default)
2023-05-08 09:34:31,015 [pool-476-thread-1] INFO  server.RaftServerConfigKeys (ConfUtils.java:logGet(46)) - raft.server.threadpool.client.cached = true (default)
2023-05-08 09:34:31,015 [pool-476-thread-1] INFO  server.RaftServerConfigKeys (ConfUtils.java:logGet(46)) - raft.server.threadpool.client.size = 0 (default)
2023-05-08 09:34:31,364 [Listener at 0.0.0.0/40209] INFO  reflections.Reflections (Reflections.java:scan(232)) - Reflections took 350 ms to scan 19 urls, producing 69 keys and 5166 values [using 2 cores]
2023-05-08 09:34:31,366 [Listener at 0.0.0.0/40209] INFO  ipc.CallQueueManager (CallQueueManager.java:<init>(90)) - Using callQueue: class java.util.concurrent.LinkedBlockingQueue, queueCapacity: 2000, scheduler: class org.apache.hadoop.ipc.DefaultRpcScheduler, ipcBackoff: false.
2023-05-08 09:34:31,367 [Socket Reader #1 for port 0] INFO  ipc.Server (Server.java:run(1319)) - Starting Socket Reader #1 for port 0
2023-05-08 09:34:31,384 [Listener at 127.0.0.1/45011] INFO  impl.MetricsSystemImpl (MetricsSystemImpl.java:init(158)) - OzoneManager metrics system started (again)
2023-05-08 09:34:31,393 [Listener at 127.0.0.1/45011] INFO  om.OzoneManager (OzoneManager.java:start(1582)) - OzoneManager RPC server is listening at localhost/127.0.0.1:45011
2023-05-08 09:34:31,394 [Listener at 127.0.0.1/45011] INFO  ratis.OzoneManagerRatisServer (OzoneManagerRatisServer.java:start(558)) - Starting OzoneManagerRatisServer om1 at port 9872
2023-05-08 09:34:31,394 [om1-impl-thread1] INFO  storage.RaftStorageDirectory (RaftStorageDirectoryImpl.java:analyzeStorage(137)) - The storage directory /home/runner/work/ozone/ozone/hadoop-ozone/integration-test/target/test-dir/MiniOzoneClusterImpl-01576107-b0c1-4f3e-928e-95ca127bff40/ozone-meta/ratis/bf265839-605b-3f16-9796-c5ba1605619e does not exist. Creating ...
2023-05-08 09:34:31,396 [om1-impl-thread1] INFO  storage.RaftStorageDirectory (RaftStorageDirectoryImpl.java:tryLock(231)) - Lock on /home/runner/work/ozone/ozone/hadoop-ozone/integration-test/target/test-dir/MiniOzoneClusterImpl-01576107-b0c1-4f3e-928e-95ca127bff40/ozone-meta/ratis/bf265839-605b-3f16-9796-c5ba1605619e/in_use.lock acquired by nodename 7572@fv-az96-539
2023-05-08 09:34:31,398 [om1-impl-thread1] INFO  storage.RaftStorage (RaftStorageImpl.java:format(96)) - Storage directory /home/runner/work/ozone/ozone/hadoop-ozone/integration-test/target/test-dir/MiniOzoneClusterImpl-01576107-b0c1-4f3e-928e-95ca127bff40/ozone-meta/ratis/bf265839-605b-3f16-9796-c5ba1605619e has been successfully formatted.
2023-05-08 09:34:31,398 [om1-impl-thread1] INFO  server.RaftServerConfigKeys (ConfUtils.java:logGet(46)) - raft.server.log.use.memory = false (default)
2023-05-08 09:34:31,399 [om1-impl-thread1] INFO  server.RaftServerConfigKeys (ConfUtils.java:logGet(46)) - raft.server.log.purge.gap = 1000000 (custom)
2023-05-08 09:34:31,399 [om1-impl-thread1] INFO  server.RaftServerConfigKeys (ConfUtils.java:logGet(46)) - raft.server.log.appender.buffer.byte-limit = 33554432 (custom)
2023-05-08 09:34:31,399 [om1-impl-thread1] INFO  server.RaftServerConfigKeys (ConfUtils.java:logGet(46)) - raft.server.log.statemachine.data.read.timeout = 1000ms (default)
2023-05-08 09:34:31,399 [om1-impl-thread1] INFO  server.RaftServerConfigKeys (ConfUtils.java:logGet(46)) - raft.server.log.purge.preservation.log.num = 0 (default)
2023-05-08 09:34:31,399 [om1-impl-thread1] INFO  server.RaftServerConfigKeys (ConfUtils.java:logGet(46)) - raft.server.log.segment.size.max = 4194304 (custom)
2023-05-08 09:34:31,399 [om1-impl-thread1] INFO  server.RaftServerConfigKeys (ConfUtils.java:logGet(46)) - raft.server.log.segment.cache.num.max = 2 (custom)
2023-05-08 09:34:31,399 [om1-impl-thread1] INFO  server.RaftServerConfigKeys (ConfUtils.java:logGet(46)) - raft.server.log.segment.cache.size.max = 200MB (=209715200) (default)
2023-05-08 09:34:31,399 [om1-impl-thread1] INFO  segmented.SegmentedRaftLogWorker (SegmentedRaftLogWorker.java:<init>(189)) - new om1@group-C5BA1605619E-SegmentedRaftLogWorker for RaftStorageImpl:Storage Directory /home/runner/work/ozone/ozone/hadoop-ozone/integration-test/target/test-dir/MiniOzoneClusterImpl-01576107-b0c1-4f3e-928e-95ca127bff40/ozone-meta/ratis/bf265839-605b-3f16-9796-c5ba1605619e
2023-05-08 09:34:31,399 [om1-impl-thread1] INFO  server.RaftServerConfigKeys (ConfUtils.java:logGet(46)) - raft.server.log.queue.byte-limit = 64MB (=67108864) (default)
2023-05-08 09:34:31,399 [om1-impl-thread1] INFO  server.RaftServerConfigKeys (ConfUtils.java:logGet(46)) - raft.server.log.queue.element-limit = 4096 (default)
2023-05-08 09:34:31,399 [om1-impl-thread1] INFO  server.RaftServerConfigKeys (ConfUtils.java:logGet(46)) - raft.server.log.segment.size.max = 4194304 (custom)
2023-05-08 09:34:31,399 [om1-impl-thread1] INFO  server.RaftServerConfigKeys (ConfUtils.java:logGet(46)) - raft.server.log.preallocated.size = 4194304 (custom)
2023-05-08 09:34:31,399 [om1-impl-thread1] INFO  server.RaftServerConfigKeys (ConfUtils.java:logGet(46)) - raft.server.log.force.sync.num = 128 (default)
2023-05-08 09:34:31,399 [om1-impl-thread1] INFO  server.RaftServerConfigKeys (ConfUtils.java:logGet(46)) - raft.server.log.statemachine.data.sync = true (default)
2023-05-08 09:34:31,399 [om1-impl-thread1] INFO  server.RaftServerConfigKeys (ConfUtils.java:logGet(46)) - raft.server.log.statemachine.data.sync.timeout = 10s (default)
2023-05-08 09:34:31,399 [om1-impl-thread1] INFO  server.RaftServerConfigKeys (ConfUtils.java:logGet(46)) - raft.server.log.statemachine.data.sync.timeout.retry = -1 (default)
2023-05-08 09:34:31,400 [om1-impl-thread1] INFO  server.RaftServerConfigKeys (ConfUtils.java:logGet(46)) - raft.server.log.write.buffer.size = 64KB (=65536) (default)
2023-05-08 09:34:31,400 [om1-impl-thread1] INFO  server.RaftServerConfigKeys (ConfUtils.java:logGet(46)) - raft.server.log.appender.buffer.byte-limit = 33554432 (custom)
2023-05-08 09:34:31,405 [om1-impl-thread1] INFO  server.RaftServerConfigKeys (ConfUtils.java:logGet(46)) - raft.server.log.unsafe-flush.enabled = false (default)
2023-05-08 09:34:31,405 [om1-impl-thread1] INFO  server.RaftServerConfigKeys (ConfUtils.java:logGet(46)) - raft.server.log.async-flush.enabled = false (default)
2023-05-08 09:34:31,405 [om1-impl-thread1] INFO  server.RaftServerConfigKeys (ConfUtils.java:logGet(46)) - raft.server.log.statemachine.data.caching.enabled = false (default)
2023-05-08 09:34:31,405 [om1-impl-thread1] INFO  segmented.SegmentedRaftLogWorker (SegmentedRaftLogWorker.java:lambda$new$0(135)) - om1@group-C5BA1605619E-SegmentedRaftLogWorker: flushIndex: setUnconditionally 0 -> -1
2023-05-08 09:34:31,405 [om1-impl-thread1] INFO  segmented.SegmentedRaftLogWorker (SegmentedRaftLogWorker.java:lambda$new$0(135)) - om1@group-C5BA1605619E-SegmentedRaftLogWorker: safeCacheEvictIndex: setUnconditionally 0 -> -1
2023-05-08 09:34:31,408 [om1-impl-thread1] INFO  server.RaftServer$Division (RaftServerImpl.java:start(334)) - om1@group-C5BA1605619E: start as a follower, conf=-1: peers:[om1|rpc:localhost:9872|priority:0|startupRole:FOLLOWER]|listeners:[], old=null
2023-05-08 09:34:31,408 [om1-impl-thread1] INFO  server.RaftServer$Division (RaftServerImpl.java:setRole(321)) - om1@group-C5BA1605619E: changes role from      null to FOLLOWER at term 0 for startAsFollower
2023-05-08 09:34:31,408 [om1-impl-thread1] INFO  impl.RoleInfo (RoleInfo.java:updateAndGet(139)) - om1: start om1@group-C5BA1605619E-FollowerState
2023-05-08 09:34:31,408 [om1-impl-thread1] INFO  util.JmxRegister (JmxRegister.java:tryRegister(44)) - Successfully registered JMX Bean with object name Ratis:service=RaftServer,group=group-C5BA1605619E,id=om1
2023-05-08 09:34:31,408 [om1-impl-thread1] INFO  server.RaftServerConfigKeys (ConfUtils.java:logGet(46)) - raft.server.snapshot.auto.trigger.enabled = true (custom)
2023-05-08 09:34:31,408 [om1-impl-thread1] INFO  server.RaftServerConfigKeys (ConfUtils.java:logGet(46)) - raft.server.snapshot.auto.trigger.threshold = 400000 (default)
2023-05-08 09:34:31,408 [om1-impl-thread1] INFO  server.RaftServerConfigKeys (ConfUtils.java:logGet(46)) - raft.server.snapshot.retention.file.num = -1 (default)
2023-05-08 09:34:31,408 [om1-impl-thread1] INFO  server.RaftServerConfigKeys (ConfUtils.java:logGet(46)) - raft.server.log.purge.upto.snapshot.index = true (custom)
2023-05-08 09:34:31,409 [om1@group-C5BA1605619E-FollowerState] INFO  server.RaftServerConfigKeys (ConfUtils.java:logFallback(53)) - raft.server.rpc.first-election.timeout.min = 1s (fallback to raft.server.rpc.timeout.min)
2023-05-08 09:34:31,409 [om1@group-C5BA1605619E-FollowerState] INFO  server.RaftServerConfigKeys (ConfUtils.java:logFallback(53)) - raft.server.rpc.first-election.timeout.max = 1200ms (fallback to raft.server.rpc.timeout.max)
2023-05-08 09:34:31,409 [Listener at 127.0.0.1/45011] INFO  server.RaftServer (RaftServerProxy.java:startImpl(393)) - om1: start RPC server
2023-05-08 09:34:31,415 [Listener at 127.0.0.1/45011] INFO  server.GrpcService (GrpcService.java:startImpl(262)) - om1: GrpcService started, listening on 9872
2023-05-08 09:34:31,416 [Listener at 127.0.0.1/45011] INFO  om.OzoneManager (OzoneManager.java:start(1598)) - Version File has different layout version (4) than OM DB (null). That is expected if this OM has never been finalized to a newer layout version.
2023-05-08 09:34:31,417 [JvmPauseMonitor10] INFO  util.JvmPauseMonitor (JvmPauseMonitor.java:run(105)) - JvmPauseMonitor-om1: Started
2023-05-08 09:34:31,425 [Listener at 127.0.0.1/45011] INFO  http.BaseHttpServer (BaseHttpServer.java:newHttpServer2BuilderForOzone(224)) - Starting Web-server for ozoneManager at: http://0.0.0.0:0
2023-05-08 09:34:31,426 [Listener at 127.0.0.1/45011] INFO  http.BaseHttpServer (BaseHttpServer.java:<init>(111)) - Hadoop Security Enabled: false Ozone Security Enabled: false Ozone HTTP Security Enabled: false 
2023-05-08 09:34:31,427 [Listener at 127.0.0.1/45011] WARN  server.AuthenticationFilter (AuthenticationFilter.java:constructSecretProvider(240)) - Unable to initialize FileSignerSecretProvider, falling back to use random secrets. Reason: Could not read signature secret file: /home/runner/hadoop-http-auth-signature-secret
2023-05-08 09:34:31,427 [Listener at 127.0.0.1/45011] INFO  http.HttpRequestLog (HttpRequestLog.java:getRequestLog(86)) - Http request log for http.requests.ozoneManager is not defined
2023-05-08 09:34:31,428 [Listener at 127.0.0.1/45011] INFO  http.HttpServer2 (HttpServer2.java:addGlobalFilter(1031)) - Added global filter 'safety' (class=org.apache.hadoop.hdds.server.http.HttpServer2$QuotingInputFilter)
2023-05-08 09:34:31,429 [Listener at 127.0.0.1/45011] INFO  http.HttpServer2 (HttpServer2.java:addFilter(1007)) - Added filter static_user_filter (class=org.apache.hadoop.http.lib.StaticUserWebFilter$StaticUserFilter) to context ozoneManager
2023-05-08 09:34:31,429 [Listener at 127.0.0.1/45011] INFO  http.HttpServer2 (HttpServer2.java:addFilter(1015)) - Added filter static_user_filter (class=org.apache.hadoop.http.lib.StaticUserWebFilter$StaticUserFilter) to context static
2023-05-08 09:34:31,429 [Listener at 127.0.0.1/45011] INFO  http.HttpServer2 (HttpServer2.java:addFilter(1015)) - Added filter static_user_filter (class=org.apache.hadoop.http.lib.StaticUserWebFilter$StaticUserFilter) to context logs
2023-05-08 09:34:31,430 [Listener at 127.0.0.1/45011] INFO  http.BaseHttpServer (BaseHttpServer.java:<init>(190)) - HTTP server of ozoneManager uses base directory /home/runner/work/ozone/ozone/hadoop-ozone/integration-test/target/test-dir/MiniOzoneClusterImpl-01576107-b0c1-4f3e-928e-95ca127bff40/ozone-meta/webserver
2023-05-08 09:34:31,430 [Listener at 127.0.0.1/45011] INFO  http.HttpServer2 (HttpServer2.java:bindListener(1250)) - Jetty bound to port 41257
2023-05-08 09:34:31,430 [Listener at 127.0.0.1/45011] INFO  server.Server (Server.java:doStart(375)) - jetty-9.4.51.v20230217; built: 2023-02-17T08:19:37.309Z; git: b45c405e4544384de066f814ed42ae3dceacdd49; jvm 1.8.0_362-b09
2023-05-08 09:34:31,433 [Listener at 127.0.0.1/45011] INFO  server.session (DefaultSessionIdManager.java:doStart(334)) - DefaultSessionIdManager workerName=node0
2023-05-08 09:34:31,433 [Listener at 127.0.0.1/45011] INFO  server.session (DefaultSessionIdManager.java:doStart(339)) - No SessionScavenger set, using defaults
2023-05-08 09:34:31,433 [Listener at 127.0.0.1/45011] INFO  server.session (HouseKeeper.java:startScavenging(132)) - node0 Scavenging every 600000ms
2023-05-08 09:34:31,434 [Listener at 127.0.0.1/45011] INFO  handler.ContextHandler (ContextHandler.java:doStart(921)) - Started o.e.j.s.ServletContextHandler@67b76dcf{logs,/logs,file:///home/runner/work/ozone/ozone/hadoop-ozone/integration-test/target/log,AVAILABLE}
2023-05-08 09:34:31,436 [Listener at 127.0.0.1/45011] INFO  handler.ContextHandler (ContextHandler.java:doStart(921)) - Started o.e.j.s.ServletContextHandler@6409e8cf{static,/static,file:///home/runner/work/ozone/ozone/hadoop-ozone/integration-test/target/test-classes/webapps/static,AVAILABLE}
2023-05-08 09:34:31,441 [Listener at 127.0.0.1/45011] INFO  handler.ContextHandler (ContextHandler.java:doStart(921)) - Started o.e.j.w.WebAppContext@70ae72a{ozoneManager,/,file:///home/runner/work/ozone/ozone/hadoop-ozone/integration-test/target/test-classes/webapps/ozoneManager/,AVAILABLE}{file:/home/runner/work/ozone/ozone/hadoop-ozone/integration-test/target/test-classes/webapps/ozoneManager}
2023-05-08 09:34:31,442 [Listener at 127.0.0.1/45011] INFO  server.AbstractConnector (AbstractConnector.java:doStart(333)) - Started ServerConnector@4404ad2a{HTTP/1.1, (http/1.1)}{0.0.0.0:41257}
2023-05-08 09:34:31,443 [Listener at 127.0.0.1/45011] INFO  server.Server (Server.java:doStart(415)) - Started @79549ms
2023-05-08 09:34:31,443 [Listener at 127.0.0.1/45011] WARN  impl.MetricsSystemImpl (MetricsSystemImpl.java:register(279)) - Sink prometheus already exists!
2023-05-08 09:34:31,443 [Listener at 127.0.0.1/45011] INFO  http.BaseHttpServer (BaseHttpServer.java:updateConnectorAddress(344)) - HTTP server of ozoneManager listening at http://0.0.0.0:41257
2023-05-08 09:34:31,443 [IPC Server Responder] INFO  ipc.Server (Server.java:run(1558)) - IPC Server Responder: starting
2023-05-08 09:34:31,444 [IPC Server listener on 0] INFO  ipc.Server (Server.java:run(1398)) - IPC Server listener on 0: starting
2023-05-08 09:34:31,445 [Listener at 127.0.0.1/45011] INFO  om.OzoneManager (OzoneManager.java:startTrashEmptier(2058)) - Trash Interval set to 0. Files deleted won't move to trash
2023-05-08 09:34:31,448 [Listener at 127.0.0.1/45011] WARN  impl.MetricRegistriesImpl (MetricRegistriesImpl.java:addReporterRegistration(111)) - New reporters are added after registries were created. Some metrics will be missing from the reporter. Please add reporter before adding any new registry.
2023-05-08 09:34:31,448 [Listener at 127.0.0.1/45011] WARN  impl.MetricRegistriesImpl (MetricRegistriesImpl.java:addReporterRegistration(111)) - New reporters are added after registries were created. Some metrics will be missing from the reporter. Please add reporter before adding any new registry.
2023-05-08 09:34:31,453 [org.apache.hadoop.util.JvmPauseMonitor$Monitor@40c443c7] INFO  util.JvmPauseMonitor (JvmPauseMonitor.java:run(188)) - Starting JVM pause monitor
2023-05-08 09:34:31,453 [Listener at 127.0.0.1/45011] INFO  impl.MetricsSystemImpl (MetricsSystemImpl.java:init(158)) - HddsDatanode metrics system started (again)
2023-05-08 09:34:31,463 [Listener at 127.0.0.1/45011] INFO  ozone.HddsDatanodeService (HddsDatanodeService.java:start(252)) - HddsDatanodeService host:fv-az96-539 ip:10.1.0.160
2023-05-08 09:34:31,490 [Listener at 127.0.0.1/45011] INFO  upgrade.AbstractLayoutVersionManager (AbstractLayoutVersionManager.java:init(83)) - Initializing Layout version manager with metadata layout = WEBUI_PORTS_IN_DATANODEDETAILS (version = 6), software layout = WEBUI_PORTS_IN_DATANODEDETAILS (version = 6)
2023-05-08 09:34:31,537 [Listener at 127.0.0.1/45011] INFO  reflections.Reflections (Reflections.java:scan(232)) - Reflections took 46 ms to scan 7 urls, producing 156 keys and 369 values 
2023-05-08 09:34:31,540 [Listener at 127.0.0.1/45011] INFO  statemachine.DatanodeStateMachine (DatanodeStateMachine.java:getEndPointTaskThreadPoolSize(267)) - Datanode State Machine Task Thread Pool size 2
2023-05-08 09:34:31,541 [Listener at 127.0.0.1/45011] INFO  volume.HddsVolume (HddsVolume.java:<init>(130)) - Creating HddsVolume: /home/runner/work/ozone/ozone/hadoop-ozone/integration-test/target/test-dir/MiniOzoneClusterImpl-01576107-b0c1-4f3e-928e-95ca127bff40/datanode-0/data-0/containers/hdds of storage type : DISK capacity : 9223372036854775807
2023-05-08 09:34:31,541 [Listener at 127.0.0.1/45011] INFO  volume.MutableVolumeSet (MutableVolumeSet.java:initializeVolumeSet(175)) - Added Volume : /home/runner/work/ozone/ozone/hadoop-ozone/integration-test/target/test-dir/MiniOzoneClusterImpl-01576107-b0c1-4f3e-928e-95ca127bff40/datanode-0/data-0/containers/hdds to VolumeSet
2023-05-08 09:34:31,542 [Listener at 127.0.0.1/45011] INFO  volume.ThrottledAsyncChecker (ThrottledAsyncChecker.java:schedule(141)) - Scheduling a check for /home/runner/work/ozone/ozone/hadoop-ozone/integration-test/target/test-dir/MiniOzoneClusterImpl-01576107-b0c1-4f3e-928e-95ca127bff40/datanode-0/data-0/containers/hdds
2023-05-08 09:34:31,544 [Listener at 127.0.0.1/45011] INFO  volume.StorageVolumeChecker (StorageVolumeChecker.java:checkAllVolumes(202)) - Scheduled health check for volume /home/runner/work/ozone/ozone/hadoop-ozone/integration-test/target/test-dir/MiniOzoneClusterImpl-01576107-b0c1-4f3e-928e-95ca127bff40/datanode-0/data-0/containers/hdds
2023-05-08 09:34:31,556 [Listener at 127.0.0.1/45011] INFO  volume.MutableVolumeSet (MutableVolumeSet.java:initializeVolumeSet(175)) - Added Volume : /home/runner/work/ozone/ozone/hadoop-ozone/integration-test/target/test-dir/MiniOzoneClusterImpl-01576107-b0c1-4f3e-928e-95ca127bff40/datanode-0/data/ratis to VolumeSet
2023-05-08 09:34:31,556 [Listener at 127.0.0.1/45011] INFO  volume.ThrottledAsyncChecker (ThrottledAsyncChecker.java:schedule(141)) - Scheduling a check for /home/runner/work/ozone/ozone/hadoop-ozone/integration-test/target/test-dir/MiniOzoneClusterImpl-01576107-b0c1-4f3e-928e-95ca127bff40/datanode-0/data/ratis
2023-05-08 09:34:31,556 [Listener at 127.0.0.1/45011] INFO  volume.StorageVolumeChecker (StorageVolumeChecker.java:checkAllVolumes(202)) - Scheduled health check for volume /home/runner/work/ozone/ozone/hadoop-ozone/integration-test/target/test-dir/MiniOzoneClusterImpl-01576107-b0c1-4f3e-928e-95ca127bff40/datanode-0/data/ratis
2023-05-08 09:34:31,571 [Thread-1108] INFO  ozoneimpl.ContainerReader (ContainerReader.java:readVolume(175)) - Finish verifying containers on volume /home/runner/work/ozone/ozone/hadoop-ozone/integration-test/target/test-dir/MiniOzoneClusterImpl-01576107-b0c1-4f3e-928e-95ca127bff40/datanode-0/data-0/containers/hdds
2023-05-08 09:34:31,571 [Listener at 127.0.0.1/45011] INFO  ozoneimpl.OzoneContainer (OzoneContainer.java:buildContainerSet(303)) - Build ContainerSet costs 0s
2023-05-08 09:34:31,573 [Listener at 127.0.0.1/45011] INFO  server.RaftServer (ConfUtils.java:logGet(46)) - raft.rpc.type = GRPC (default)
2023-05-08 09:34:31,573 [Listener at 127.0.0.1/45011] INFO  grpc.GrpcConfigKeys (ConfUtils.java:logFallback(53)) - raft.grpc.admin.host = null (fallback to raft.grpc.server.host)
2023-05-08 09:34:31,573 [Listener at 127.0.0.1/45011] INFO  grpc.GrpcConfigKeys (ConfUtils.java:logGet(46)) - raft.grpc.admin.port = 0 (custom)
2023-05-08 09:34:31,573 [Listener at 127.0.0.1/45011] INFO  grpc.GrpcConfigKeys (ConfUtils.java:logFallback(53)) - raft.grpc.client.host = null (fallback to raft.grpc.server.host)
2023-05-08 09:34:31,573 [Listener at 127.0.0.1/45011] INFO  grpc.GrpcConfigKeys (ConfUtils.java:logGet(46)) - raft.grpc.client.port = 0 (custom)
2023-05-08 09:34:31,573 [Listener at 127.0.0.1/45011] INFO  grpc.GrpcConfigKeys (ConfUtils.java:logGet(46)) - raft.grpc.server.host = null (default)
2023-05-08 09:34:31,573 [Listener at 127.0.0.1/45011] INFO  grpc.GrpcConfigKeys (ConfUtils.java:logGet(46)) - raft.grpc.server.port = 0 (default)
2023-05-08 09:34:31,573 [Listener at 127.0.0.1/45011] INFO  server.GrpcService (ConfUtils.java:logGet(46)) - raft.grpc.message.size.max = 32MB (=33554432) (custom)
2023-05-08 09:34:31,573 [Listener at 127.0.0.1/45011] INFO  server.RaftServerConfigKeys (ConfUtils.java:logGet(46)) - raft.server.log.appender.buffer.byte-limit = 33554432 (custom)
2023-05-08 09:34:31,573 [Listener at 127.0.0.1/45011] INFO  server.GrpcService (ConfUtils.java:logGet(46)) - raft.grpc.flow.control.window = 5MB (=5242880) (custom)
2023-05-08 09:34:31,573 [Listener at 127.0.0.1/45011] INFO  server.RaftServerConfigKeys (ConfUtils.java:logGet(46)) - raft.server.rpc.request.timeout = 60s (custom)
2023-05-08 09:34:31,573 [Listener at 127.0.0.1/45011] INFO  grpc.GrpcConfigKeys (ConfUtils.java:logGet(46)) - raft.grpc.server.heartbeat.channel = true (default)
2023-05-08 09:34:31,573 [Listener at 127.0.0.1/45011] INFO  grpc.GrpcConfigKeys (ConfUtils.java:logGet(46)) - raft.grpc.server.async.request.thread.pool.cached = true (default)
2023-05-08 09:34:31,574 [Listener at 127.0.0.1/45011] INFO  grpc.GrpcConfigKeys (ConfUtils.java:logGet(46)) - raft.grpc.server.async.request.thread.pool.size = 32 (default)
2023-05-08 09:34:31,575 [Listener at 127.0.0.1/45011] INFO  impl.DataStreamServerImpl (ConfUtils.java:logGet(46)) - raft.datastream.type = NETTY (custom)
2023-05-08 09:34:31,575 [Listener at 127.0.0.1/45011] INFO  server.RaftServerConfigKeys (ConfUtils.java:logGet(46)) - raft.server.data-stream.async.request.thread.pool.cached = false (default)
2023-05-08 09:34:31,575 [Listener at 127.0.0.1/45011] INFO  server.RaftServerConfigKeys (ConfUtils.java:logGet(46)) - raft.server.data-stream.async.request.thread.pool.size = 20 (custom)
2023-05-08 09:34:31,575 [Listener at 127.0.0.1/45011] INFO  server.RaftServerConfigKeys (ConfUtils.java:logGet(46)) - raft.server.data-stream.async.write.thread.pool.size = 16 (default)
2023-05-08 09:34:31,575 [Listener at 127.0.0.1/45011] INFO  server.RaftServerConfigKeys (ConfUtils.java:logGet(46)) - raft.server.data-stream.client.pool.size = 10 (default)
2023-05-08 09:34:31,575 [Listener at 127.0.0.1/45011] INFO  netty.NettyConfigKeys$DataStream (ConfUtils.java:logGet(46)) - raft.netty.dataStream.server.use-epoll = false (default)
2023-05-08 09:34:31,575 [Listener at 127.0.0.1/45011] INFO  netty.NettyConfigKeys$DataStream (ConfUtils.java:logGet(46)) - raft.netty.dataStream.server.boss-group.size = 0 (default)
2023-05-08 09:34:31,575 [Listener at 127.0.0.1/45011] INFO  netty.NettyConfigKeys$DataStream (ConfUtils.java:logGet(46)) - raft.netty.dataStream.server.worker-group.size = 0 (default)
2023-05-08 09:34:31,576 [Listener at 127.0.0.1/45011] INFO  netty.NettyConfigKeys$DataStream (ConfUtils.java:logGet(46)) - raft.netty.dataStream.server.tls.conf = null (default)
2023-05-08 09:34:31,576 [Listener at 127.0.0.1/45011] INFO  netty.NettyConfigKeys$DataStream (ConfUtils.java:logGet(46)) - raft.netty.dataStream.host = null (default)
2023-05-08 09:34:31,576 [Listener at 127.0.0.1/45011] INFO  netty.NettyConfigKeys$DataStream (ConfUtils.java:logGet(46)) - raft.netty.dataStream.port = 0 (default)
2023-05-08 09:34:31,576 [Listener at 127.0.0.1/45011] INFO  server.RaftServerConfigKeys (ConfUtils.java:logGet(46)) - raft.server.threadpool.proxy.cached = true (default)
2023-05-08 09:34:31,576 [Listener at 127.0.0.1/45011] INFO  server.RaftServerConfigKeys (ConfUtils.java:logGet(46)) - raft.server.threadpool.proxy.size = 0 (default)
2023-05-08 09:34:31,576 [Listener at 127.0.0.1/45011] INFO  server.RaftServerConfigKeys (ConfUtils.java:logGet(46)) - raft.server.rpc.slowness.timeout = 300s (custom)
2023-05-08 09:34:31,577 [Listener at 127.0.0.1/45011] INFO  server.RaftServerConfigKeys (ConfUtils.java:logGet(46)) - raft.server.leaderelection.leader.step-down.wait-time = 10s (default)
2023-05-08 09:34:31,577 [Listener at 127.0.0.1/45011] INFO  server.RaftServerConfigKeys (ConfUtils.java:logGet(46)) - raft.server.storage.dir = [/home/runner/work/ozone/ozone/hadoop-ozone/integration-test/target/test-dir/MiniOzoneClusterImpl-01576107-b0c1-4f3e-928e-95ca127bff40/datanode-0/data/ratis] (custom)
2023-05-08 09:34:31,577 [6616f055-76ca-43ad-ac05-7669e41b3072-NettyServerStreamRpc-bossGroup--thread1] INFO  logging.LoggingHandler (AbstractInternalLogger.java:log(148)) - [id: 0x90fcd5ae] REGISTERED
2023-05-08 09:34:31,577 [6616f055-76ca-43ad-ac05-7669e41b3072-NettyServerStreamRpc-bossGroup--thread1] INFO  logging.LoggingHandler (AbstractInternalLogger.java:log(148)) - [id: 0x90fcd5ae] BIND: 0.0.0.0/0.0.0.0:0
2023-05-08 09:34:31,577 [6616f055-76ca-43ad-ac05-7669e41b3072-NettyServerStreamRpc-bossGroup--thread1] INFO  logging.LoggingHandler (AbstractInternalLogger.java:log(148)) - [id: 0x90fcd5ae, L:/0:0:0:0:0:0:0:0:41001] ACTIVE
2023-05-08 09:34:31,579 [Listener at 127.0.0.1/45011] INFO  server.XceiverServerGrpc (XceiverServerGrpc.java:<init>(132)) - GrpcServer channel type EpollServerSocketChannel
2023-05-08 09:34:31,581 [Listener at 127.0.0.1/45011] INFO  replication.ReplicationSupervisor (ReplicationSupervisor.java:nodeStateUpdated(295)) - Node state updated to IN_SERVICE, scaling executor pool size to 10
2023-05-08 09:34:31,583 [Listener at 127.0.0.1/45011] INFO  http.BaseHttpServer (BaseHttpServer.java:newHttpServer2BuilderForOzone(224)) - Starting Web-server for hddsDatanode at: http://0.0.0.0:0
2023-05-08 09:34:31,583 [Listener at 127.0.0.1/45011] INFO  http.BaseHttpServer (BaseHttpServer.java:<init>(111)) - Hadoop Security Enabled: false Ozone Security Enabled: false Ozone HTTP Security Enabled: false 
2023-05-08 09:34:31,585 [Listener at 127.0.0.1/45011] WARN  server.AuthenticationFilter (AuthenticationFilter.java:constructSecretProvider(240)) - Unable to initialize FileSignerSecretProvider, falling back to use random secrets. Reason: Could not read signature secret file: /home/runner/hadoop-http-auth-signature-secret
2023-05-08 09:34:31,586 [Listener at 127.0.0.1/45011] INFO  http.HttpRequestLog (HttpRequestLog.java:getRequestLog(86)) - Http request log for http.requests.hddsDatanode is not defined
2023-05-08 09:34:31,587 [Listener at 127.0.0.1/45011] INFO  http.HttpServer2 (HttpServer2.java:addGlobalFilter(1031)) - Added global filter 'safety' (class=org.apache.hadoop.hdds.server.http.HttpServer2$QuotingInputFilter)
2023-05-08 09:34:31,588 [Listener at 127.0.0.1/45011] INFO  http.HttpServer2 (HttpServer2.java:addFilter(1007)) - Added filter static_user_filter (class=org.apache.hadoop.http.lib.StaticUserWebFilter$StaticUserFilter) to context hddsDatanode
2023-05-08 09:34:31,588 [Listener at 127.0.0.1/45011] INFO  http.HttpServer2 (HttpServer2.java:addFilter(1015)) - Added filter static_user_filter (class=org.apache.hadoop.http.lib.StaticUserWebFilter$StaticUserFilter) to context logs
2023-05-08 09:34:31,588 [Listener at 127.0.0.1/45011] INFO  http.HttpServer2 (HttpServer2.java:addFilter(1015)) - Added filter static_user_filter (class=org.apache.hadoop.http.lib.StaticUserWebFilter$StaticUserFilter) to context static
2023-05-08 09:34:31,589 [Listener at 127.0.0.1/45011] INFO  http.BaseHttpServer (BaseHttpServer.java:<init>(190)) - HTTP server of hddsDatanode uses base directory /home/runner/work/ozone/ozone/hadoop-ozone/integration-test/target/test-dir/MiniOzoneClusterImpl-01576107-b0c1-4f3e-928e-95ca127bff40/datanode-0/meta/webserver
2023-05-08 09:34:31,589 [Listener at 127.0.0.1/45011] INFO  http.HttpServer2 (HttpServer2.java:bindListener(1250)) - Jetty bound to port 44913
2023-05-08 09:34:31,589 [Listener at 127.0.0.1/45011] INFO  server.Server (Server.java:doStart(375)) - jetty-9.4.51.v20230217; built: 2023-02-17T08:19:37.309Z; git: b45c405e4544384de066f814ed42ae3dceacdd49; jvm 1.8.0_362-b09
2023-05-08 09:34:31,592 [Listener at 127.0.0.1/45011] INFO  server.session (DefaultSessionIdManager.java:doStart(334)) - DefaultSessionIdManager workerName=node0
2023-05-08 09:34:31,592 [Listener at 127.0.0.1/45011] INFO  server.session (DefaultSessionIdManager.java:doStart(339)) - No SessionScavenger set, using defaults
2023-05-08 09:34:31,592 [Listener at 127.0.0.1/45011] INFO  server.session (HouseKeeper.java:startScavenging(132)) - node0 Scavenging every 660000ms
2023-05-08 09:34:31,593 [Listener at 127.0.0.1/45011] INFO  handler.ContextHandler (ContextHandler.java:doStart(921)) - Started o.e.j.s.ServletContextHandler@192ffeea{logs,/logs,file:///home/runner/work/ozone/ozone/hadoop-ozone/integration-test/target/log,AVAILABLE}
2023-05-08 09:34:31,593 [Listener at 127.0.0.1/45011] INFO  handler.ContextHandler (ContextHandler.java:doStart(921)) - Started o.e.j.s.ServletContextHandler@6307e90a{static,/static,jar:file:/home/runner/.m2/repository/org/apache/ozone/hdds-container-service/1.4.0-SNAPSHOT/hdds-container-service-1.4.0-SNAPSHOT.jar!/webapps/static,AVAILABLE}
2023-05-08 09:34:31,787 [Listener at 127.0.0.1/45011] INFO  handler.ContextHandler (ContextHandler.java:doStart(921)) - Started o.e.j.w.WebAppContext@1dae0a14{hddsDatanode,/,file:///home/runner/work/ozone/ozone/hadoop-ozone/integration-test/target/test-dir/MiniOzoneClusterImpl-01576107-b0c1-4f3e-928e-95ca127bff40/datanode-0/meta/webserver/jetty-0_0_0_0-44913-hdds-container-service-1_4_0-SNAPSHOT_jar-_-any-7765565638942692474/webapp/,AVAILABLE}{jar:file:/home/runner/.m2/repository/org/apache/ozone/hdds-container-service/1.4.0-SNAPSHOT/hdds-container-service-1.4.0-SNAPSHOT.jar!/webapps/hddsDatanode}
2023-05-08 09:34:31,788 [Listener at 127.0.0.1/45011] INFO  server.AbstractConnector (AbstractConnector.java:doStart(333)) - Started ServerConnector@471e4ab5{HTTP/1.1, (http/1.1)}{0.0.0.0:44913}
2023-05-08 09:34:31,789 [Listener at 127.0.0.1/45011] INFO  server.Server (Server.java:doStart(415)) - Started @79895ms
2023-05-08 09:34:31,789 [Listener at 127.0.0.1/45011] WARN  impl.MetricsSystemImpl (MetricsSystemImpl.java:register(279)) - Sink prometheus already exists!
2023-05-08 09:34:31,789 [Listener at 127.0.0.1/45011] INFO  http.BaseHttpServer (BaseHttpServer.java:updateConnectorAddress(344)) - HTTP server of hddsDatanode listening at http://0.0.0.0:44913
2023-05-08 09:34:31,790 [Listener at 127.0.0.1/45011] INFO  ozone.MiniOzoneClusterImpl (MiniOzoneClusterImpl.java:lambda$waitForClusterToBeReady$0(224)) - Waiting for nodes to be ready. Got 0 of 1 DN Heartbeats.
2023-05-08 09:34:31,790 [Listener at 127.0.0.1/45011] INFO  ozone.MiniOzoneClusterImpl (MiniOzoneClusterImpl.java:lambda$waitForClusterToBeReady$0(227)) - Waiting for cluster to exit safe mode
2023-05-08 09:34:31,790 [Listener at 127.0.0.1/45011] INFO  ozone.MiniOzoneClusterImpl (MiniOzoneClusterImpl.java:lambda$waitForClusterToBeReady$0(229)) - SCM became leader
2023-05-08 09:34:31,790 [Datanode State Machine Daemon Thread] INFO  statemachine.DatanodeStateMachine (DatanodeStateMachine.java:lambda$startDaemon$0(524)) - Ozone container server started.
2023-05-08 09:34:31,802 [org.apache.hadoop.util.JvmPauseMonitor$Monitor@1eab4c52] INFO  util.JvmPauseMonitor (JvmPauseMonitor.java:run(188)) - Starting JVM pause monitor
2023-05-08 09:34:31,807 [Datanode State Machine Task Thread - 0] INFO  datanode.InitDatanodeState (InitDatanodeState.java:persistContainerDatanodeDetails(138)) - DatanodeDetails is persisted to /home/runner/work/ozone/ozone/hadoop-ozone/integration-test/target/test-dir/MiniOzoneClusterImpl-01576107-b0c1-4f3e-928e-95ca127bff40/datanode-0/meta/datanode.id
2023-05-08 09:34:32,417 [om1@group-C5BA1605619E-FollowerState] INFO  impl.FollowerState (FollowerState.java:run(143)) - om1@group-C5BA1605619E-FollowerState: change to CANDIDATE, lastRpcElapsedTime:1009162233ns, electionTimeout:1008ms
2023-05-08 09:34:32,417 [om1@group-C5BA1605619E-FollowerState] INFO  impl.RoleInfo (RoleInfo.java:shutdownFollowerState(110)) - om1: shutdown om1@group-C5BA1605619E-FollowerState
2023-05-08 09:34:32,417 [om1@group-C5BA1605619E-FollowerState] INFO  server.RaftServer$Division (RaftServerImpl.java:setRole(321)) - om1@group-C5BA1605619E: changes role from  FOLLOWER to CANDIDATE at term 0 for changeToCandidate
2023-05-08 09:34:32,417 [om1@group-C5BA1605619E-FollowerState] INFO  server.RaftServerConfigKeys (ConfUtils.java:logGet(46)) - raft.server.leaderelection.pre-vote = true (default)
2023-05-08 09:34:32,417 [om1@group-C5BA1605619E-FollowerState] INFO  impl.RoleInfo (RoleInfo.java:updateAndGet(139)) - om1: start om1@group-C5BA1605619E-LeaderElection19
2023-05-08 09:34:32,419 [om1@group-C5BA1605619E-LeaderElection19] INFO  impl.LeaderElection (LeaderElection.java:askForVotes(312)) - om1@group-C5BA1605619E-LeaderElection19 PRE_VOTE round 0: submit vote requests at term 0 for -1: peers:[om1|rpc:localhost:9872|priority:0|startupRole:FOLLOWER]|listeners:[], old=null
2023-05-08 09:34:32,419 [om1@group-C5BA1605619E-LeaderElection19] INFO  impl.LeaderElection (LeaderElection.java:askForVotes(314)) - om1@group-C5BA1605619E-LeaderElection19 PRE_VOTE round 0: result PASSED (term=0)
2023-05-08 09:34:32,421 [om1@group-C5BA1605619E-LeaderElection19] INFO  impl.LeaderElection (LeaderElection.java:askForVotes(312)) - om1@group-C5BA1605619E-LeaderElection19 ELECTION round 0: submit vote requests at term 1 for -1: peers:[om1|rpc:localhost:9872|priority:0|startupRole:FOLLOWER]|listeners:[], old=null
2023-05-08 09:34:32,421 [om1@group-C5BA1605619E-LeaderElection19] INFO  impl.LeaderElection (LeaderElection.java:askForVotes(314)) - om1@group-C5BA1605619E-LeaderElection19 ELECTION round 0: result PASSED (term=1)
2023-05-08 09:34:32,421 [om1@group-C5BA1605619E-LeaderElection19] INFO  impl.RoleInfo (RoleInfo.java:shutdownLeaderElection(130)) - om1: shutdown om1@group-C5BA1605619E-LeaderElection19
2023-05-08 09:34:32,421 [om1@group-C5BA1605619E-LeaderElection19] INFO  server.RaftServer$Division (RaftServerImpl.java:setRole(321)) - om1@group-C5BA1605619E: changes role from CANDIDATE to LEADER at term 1 for changeToLeader
2023-05-08 09:34:32,421 [om1@group-C5BA1605619E-LeaderElection19] INFO  server.RaftServer$Division (ServerState.java:setLeader(313)) - om1@group-C5BA1605619E: change Leader from null to om1 at term 1 for becomeLeader, leader elected after 1407ms
2023-05-08 09:34:32,422 [om1@group-C5BA1605619E-LeaderElection19] INFO  server.RaftServerConfigKeys (ConfUtils.java:logGet(46)) - raft.server.staging.catchup.gap = 1000 (default)
2023-05-08 09:34:32,422 [om1@group-C5BA1605619E-LeaderElection19] INFO  server.RaftServerConfigKeys (ConfUtils.java:logGet(46)) - raft.server.write.element-limit = 4096 (default)
2023-05-08 09:34:32,422 [om1@group-C5BA1605619E-LeaderElection19] INFO  server.RaftServerConfigKeys (ConfUtils.java:logGet(46)) - raft.server.write.byte-limit = 64MB (=67108864) (default)
2023-05-08 09:34:32,422 [om1@group-C5BA1605619E-LeaderElection19] INFO  server.RaftServerConfigKeys (ConfUtils.java:logGet(46)) - raft.server.watch.timeout = 10s (default)
2023-05-08 09:34:32,422 [om1@group-C5BA1605619E-LeaderElection19] INFO  server.RaftServerConfigKeys (ConfUtils.java:logGet(46)) - raft.server.watch.timeout.denomination = 1s (default)
2023-05-08 09:34:32,422 [om1@group-C5BA1605619E-LeaderElection19] INFO  server.RaftServerConfigKeys (ConfUtils.java:logGet(46)) - raft.server.watch.element-limit = 65536 (default)
2023-05-08 09:34:32,422 [om1@group-C5BA1605619E-LeaderElection19] INFO  server.RaftServerConfigKeys (ConfUtils.java:logGet(46)) - raft.server.write.element-limit = 4096 (default)
2023-05-08 09:34:32,422 [om1@group-C5BA1605619E-LeaderElection19] INFO  server.RaftServerConfigKeys (ConfUtils.java:logGet(46)) - raft.server.write.follower.gap.ratio.max = -1.0 (default)
2023-05-08 09:34:32,422 [om1@group-C5BA1605619E-LeaderElection19] INFO  impl.RoleInfo (RoleInfo.java:updateAndGet(139)) - om1: start om1@group-C5BA1605619E-LeaderStateImpl
2023-05-08 09:34:32,423 [om1@group-C5BA1605619E-LeaderElection19] INFO  segmented.SegmentedRaftLogWorker (SegmentedRaftLogWorker.java:startLogSegment(452)) - om1@group-C5BA1605619E-SegmentedRaftLogWorker: Starting segment from index:0
2023-05-08 09:34:32,424 [om1@group-C5BA1605619E-LeaderElection19] INFO  server.RaftServer$Division (ServerState.java:setRaftConf(430)) - om1@group-C5BA1605619E: set configuration 0: peers:[om1|rpc:localhost:9872|admin:|client:|dataStream:|priority:0|startupRole:FOLLOWER]|listeners:[], old=null
2023-05-08 09:34:32,435 [om1@group-C5BA1605619E-SegmentedRaftLogWorker] INFO  segmented.SegmentedRaftLogWorker (SegmentedRaftLogWorker.java:execute(656)) - om1@group-C5BA1605619E-SegmentedRaftLogWorker: created new log segment /home/runner/work/ozone/ozone/hadoop-ozone/integration-test/target/test-dir/MiniOzoneClusterImpl-01576107-b0c1-4f3e-928e-95ca127bff40/ozone-meta/ratis/bf265839-605b-3f16-9796-c5ba1605619e/current/log_inprogress_0
2023-05-08 09:34:32,436 [om1@group-C5BA1605619E-StateMachineUpdater] INFO  ratis.OzoneManagerStateMachine (OzoneManagerStateMachine.java:notifyConfigurationChanged(201)) - Received Configuration change notification from Ratis. New Peer list:
[id: "om1"
address: "localhost:9872"
startupRole: FOLLOWER
]
2023-05-08 09:34:32,790 [Listener at 127.0.0.1/45011] INFO  ozone.MiniOzoneClusterImpl (MiniOzoneClusterImpl.java:lambda$waitForClusterToBeReady$0(224)) - Waiting for nodes to be ready. Got 0 of 1 DN Heartbeats.
2023-05-08 09:34:32,790 [Listener at 127.0.0.1/45011] INFO  ozone.MiniOzoneClusterImpl (MiniOzoneClusterImpl.java:lambda$waitForClusterToBeReady$0(227)) - Waiting for cluster to exit safe mode
2023-05-08 09:34:32,790 [Listener at 127.0.0.1/45011] INFO  ozone.MiniOzoneClusterImpl (MiniOzoneClusterImpl.java:lambda$waitForClusterToBeReady$0(229)) - SCM became leader
2023-05-08 09:34:33,791 [Listener at 127.0.0.1/45011] INFO  ozone.MiniOzoneClusterImpl (MiniOzoneClusterImpl.java:lambda$waitForClusterToBeReady$0(224)) - Waiting for nodes to be ready. Got 0 of 1 DN Heartbeats.
2023-05-08 09:34:33,791 [Listener at 127.0.0.1/45011] INFO  ozone.MiniOzoneClusterImpl (MiniOzoneClusterImpl.java:lambda$waitForClusterToBeReady$0(227)) - Waiting for cluster to exit safe mode
2023-05-08 09:34:33,791 [Listener at 127.0.0.1/45011] INFO  ozone.MiniOzoneClusterImpl (MiniOzoneClusterImpl.java:lambda$waitForClusterToBeReady$0(229)) - SCM became leader
2023-05-08 09:34:33,841 [EndpointStateMachine task thread for /0.0.0.0:37785 - 0 ] INFO  utils.DatanodeStoreCache (DatanodeStoreCache.java:addDB(58)) - Added db /home/runner/work/ozone/ozone/hadoop-ozone/integration-test/target/test-dir/MiniOzoneClusterImpl-01576107-b0c1-4f3e-928e-95ca127bff40/datanode-0/data-0/containers/hdds/01576107-b0c1-4f3e-928e-95ca127bff40/DS-2468037e-2f72-49f0-b912-febcd6b51e04/container.db to cache
2023-05-08 09:34:33,841 [EndpointStateMachine task thread for /0.0.0.0:37785 - 0 ] INFO  volume.HddsVolume (HddsVolume.java:createDbStore(350)) - SchemaV3 db is created and loaded at /home/runner/work/ozone/ozone/hadoop-ozone/integration-test/target/test-dir/MiniOzoneClusterImpl-01576107-b0c1-4f3e-928e-95ca127bff40/datanode-0/data-0/containers/hdds/01576107-b0c1-4f3e-928e-95ca127bff40/DS-2468037e-2f72-49f0-b912-febcd6b51e04/container.db for volume DS-2468037e-2f72-49f0-b912-febcd6b51e04
2023-05-08 09:34:33,841 [EndpointStateMachine task thread for /0.0.0.0:37785 - 0 ] INFO  ozoneimpl.OzoneContainer (OzoneContainer.java:start(397)) - Attempting to start container services.
2023-05-08 09:34:33,841 [EndpointStateMachine task thread for /0.0.0.0:37785 - 0 ] INFO  ozoneimpl.OzoneContainer (OzoneContainer.java:startContainerScrub(314)) - Scheduled background container scanners and the on-demand container scanner have been disabled.
2023-05-08 09:34:33,844 [EndpointStateMachine task thread for /0.0.0.0:37785 - 0 ] INFO  replication.ReplicationServer (ReplicationServer.java:start(109)) - ReplicationServer is started using port 45715
2023-05-08 09:34:33,844 [EndpointStateMachine task thread for /0.0.0.0:37785 - 0 ] INFO  ratis.XceiverServerRatis (XceiverServerRatis.java:start(517)) - Starting XceiverServerRatis 6616f055-76ca-43ad-ac05-7669e41b3072
2023-05-08 09:34:33,844 [EndpointStateMachine task thread for /0.0.0.0:37785 - 0 ] INFO  server.RaftServer (RaftServerProxy.java:startImpl(393)) - 6616f055-76ca-43ad-ac05-7669e41b3072: start RPC server
2023-05-08 09:34:33,845 [EndpointStateMachine task thread for /0.0.0.0:37785 - 0 ] INFO  server.GrpcService (GrpcService.java:startImpl(262)) - 6616f055-76ca-43ad-ac05-7669e41b3072: GrpcService started, listening on 34545
2023-05-08 09:34:33,845 [EndpointStateMachine task thread for /0.0.0.0:37785 - 0 ] INFO  ratis.XceiverServerRatis (XceiverServerRatis.java:getRealPort(543)) - XceiverServerRatis 6616f055-76ca-43ad-ac05-7669e41b3072 is started using port 34545 for RATIS
2023-05-08 09:34:33,846 [EndpointStateMachine task thread for /0.0.0.0:37785 - 0 ] INFO  ratis.XceiverServerRatis (XceiverServerRatis.java:getRealPort(543)) - XceiverServerRatis 6616f055-76ca-43ad-ac05-7669e41b3072 is started using port 34545 for RATIS_ADMIN
2023-05-08 09:34:33,846 [JvmPauseMonitor11] INFO  util.JvmPauseMonitor (JvmPauseMonitor.java:run(105)) - JvmPauseMonitor-6616f055-76ca-43ad-ac05-7669e41b3072: Started
2023-05-08 09:34:33,846 [EndpointStateMachine task thread for /0.0.0.0:37785 - 0 ] INFO  ratis.XceiverServerRatis (XceiverServerRatis.java:getRealPort(543)) - XceiverServerRatis 6616f055-76ca-43ad-ac05-7669e41b3072 is started using port 34545 for RATIS_SERVER
2023-05-08 09:34:33,846 [EndpointStateMachine task thread for /0.0.0.0:37785 - 0 ] INFO  ratis.XceiverServerRatis (XceiverServerRatis.java:getRealPort(543)) - XceiverServerRatis 6616f055-76ca-43ad-ac05-7669e41b3072 is started using port 41001 for RATIS_DATASTREAM
2023-05-08 09:34:33,847 [EndpointStateMachine task thread for /0.0.0.0:37785 - 0 ] INFO  server.XceiverServerGrpc (XceiverServerGrpc.java:start(180)) - XceiverServerGrpc 6616f055-76ca-43ad-ac05-7669e41b3072 is started using port 44971
2023-05-08 09:34:33,848 [BlockDeletingService#0] INFO  interfaces.ContainerDeletionChoosingPolicyTemplate (ContainerDeletionChoosingPolicyTemplate.java:chooseContainerForBlockDeletion(83)) - Chosen 0/5000 blocks from 0 candidate containers.
2023-05-08 09:34:34,791 [Listener at 127.0.0.1/45011] INFO  ozone.MiniOzoneClusterImpl (MiniOzoneClusterImpl.java:lambda$waitForClusterToBeReady$0(224)) - Waiting for nodes to be ready. Got 0 of 1 DN Heartbeats.
2023-05-08 09:34:34,791 [Listener at 127.0.0.1/45011] INFO  ozone.MiniOzoneClusterImpl (MiniOzoneClusterImpl.java:lambda$waitForClusterToBeReady$0(227)) - Waiting for cluster to exit safe mode
2023-05-08 09:34:34,792 [Listener at 127.0.0.1/45011] INFO  ozone.MiniOzoneClusterImpl (MiniOzoneClusterImpl.java:lambda$waitForClusterToBeReady$0(229)) - SCM became leader
2023-05-08 09:34:35,792 [Listener at 127.0.0.1/45011] INFO  ozone.MiniOzoneClusterImpl (MiniOzoneClusterImpl.java:lambda$waitForClusterToBeReady$0(224)) - Waiting for nodes to be ready. Got 0 of 1 DN Heartbeats.
2023-05-08 09:34:35,792 [Listener at 127.0.0.1/45011] INFO  ozone.MiniOzoneClusterImpl (MiniOzoneClusterImpl.java:lambda$waitForClusterToBeReady$0(227)) - Waiting for cluster to exit safe mode
2023-05-08 09:34:35,792 [Listener at 127.0.0.1/45011] INFO  ozone.MiniOzoneClusterImpl (MiniOzoneClusterImpl.java:lambda$waitForClusterToBeReady$0(229)) - SCM became leader
2023-05-08 09:34:35,804 [IPC Server handler 0 on default port 37785] INFO  net.NetworkTopologyImpl (NetworkTopologyImpl.java:add(112)) - Added a new node: /default-rack/6616f055-76ca-43ad-ac05-7669e41b3072
2023-05-08 09:34:35,804 [IPC Server handler 0 on default port 37785] INFO  node.SCMNodeManager (SCMNodeManager.java:register(407)) - Registered Data node : 6616f055-76ca-43ad-ac05-7669e41b3072{ip: 10.1.0.160, host: fv-az96-539, ports: [HTTP=44913, REPLICATION=45715, RATIS=34545, RATIS_ADMIN=34545, RATIS_SERVER=34545, RATIS_DATASTREAM=41001, STANDALONE=44971], networkLocation: /default-rack, certSerialId: null, persistedOpState: null, persistedOpStateExpiryEpochSec: 0}
2023-05-08 09:34:35,806 [EventQueue-NodeRegistrationContainerReportForContainerSafeModeRule] INFO  safemode.SCMSafeModeManager (SCMSafeModeManager.java:validateSafeModeExitRules(200)) - ContainerSafeModeRule rule is successfully validated
2023-05-08 09:34:35,806 [EventQueue-NodeRegistrationContainerReportForDataNodeSafeModeRule] INFO  safemode.SCMSafeModeManager (DataNodeSafeModeRule.java:process(71)) - SCM in safe mode. 1 DataNodes registered, 1 required.
2023-05-08 09:34:35,808 [EventQueue-NodeRegistrationContainerReportForDataNodeSafeModeRule] INFO  safemode.SCMSafeModeManager (SCMSafeModeManager.java:validateSafeModeExitRules(200)) - DataNodeSafeModeRule rule is successfully validated
2023-05-08 09:34:35,808 [EventQueue-NodeRegistrationContainerReportForDataNodeSafeModeRule] INFO  safemode.SCMSafeModeManager (SCMSafeModeManager.java:completePreCheck(229)) - All SCM safe mode pre check rules have passed
2023-05-08 09:34:35,808 [EventQueue-NodeRegistrationContainerReportForDataNodeSafeModeRule] INFO  ha.SCMContext (SCMContext.java:updateSafeModeStatus(228)) - Update SafeModeStatus from SafeModeStatus{safeModeStatus=true, preCheckPassed=false} to SafeModeStatus{safeModeStatus=true, preCheckPassed=true}.
2023-05-08 09:34:35,809 [EventQueue-NewNodeForNewNodeHandler] INFO  pipeline.BackgroundPipelineCreator (BackgroundPipelineCreator.java:notifyEventTriggered(276)) - trigger a one-shot run on RatisPipelineUtilsThread.
2023-05-08 09:34:35,809 [RatisPipelineUtilsThread - 0] INFO  pipeline.RatisPipelineProvider (RatisPipelineProvider.java:lambda$create$0(206)) - Sending CreatePipelineCommand for pipeline:PipelineID=70d1c722-cb52-4c6a-ac20-b6cb6e91fdb5 to datanode:6616f055-76ca-43ad-ac05-7669e41b3072
2023-05-08 09:34:35,809 [EventQueue-NodeRegistrationContainerReportForDataNodeSafeModeRule] INFO  pipeline.BackgroundPipelineCreator (BackgroundPipelineCreator.java:notifyEventTriggered(276)) - trigger a one-shot run on RatisPipelineUtilsThread.
2023-05-08 09:34:35,809 [EventQueue-PipelineReportForOneReplicaPipelineSafeModeRule] INFO  safemode.SCMSafeModeManager (SCMSafeModeManager.java:validateSafeModeExitRules(200)) - AtleastOneDatanodeReportedRule rule is successfully validated
2023-05-08 09:34:35,810 [RatisPipelineUtilsThread - 0] INFO  pipeline.PipelineStateManagerImpl (PipelineStateManagerImpl.java:addPipeline(103)) - Created pipeline Pipeline[ Id: 70d1c722-cb52-4c6a-ac20-b6cb6e91fdb5, Nodes: 6616f055-76ca-43ad-ac05-7669e41b3072(fv-az96-539/10.1.0.160), ReplicationConfig: RATIS/ONE, State:ALLOCATED, leaderId:, CreationTimestamp2023-05-08T09:34:35.809Z[Etc/UTC]].
2023-05-08 09:34:35,810 [RatisPipelineUtilsThread - 0] ERROR scm.SCMCommonPlacementPolicy (SCMCommonPlacementPolicy.java:filterNodesWithSpace(285)) - Unable to find enough nodes that meet the space requirement of 1073741824 bytes for metadata and 5368709120 bytes for data in healthy node set. Required 3. Found 1.
2023-05-08 09:34:35,810 [RatisPipelineUtilsThread - 0] ERROR scm.SCMCommonPlacementPolicy (SCMCommonPlacementPolicy.java:filterNodesWithSpace(285)) - Unable to find enough nodes that meet the space requirement of 1073741824 bytes for metadata and 5368709120 bytes for data in healthy node set. Required 3. Found 1.
2023-05-08 09:34:36,792 [Listener at 127.0.0.1/45011] INFO  ozone.MiniOzoneClusterImpl (MiniOzoneClusterImpl.java:lambda$waitForClusterToBeReady$0(224)) - Nodes are ready. Got 1 of 1 DN Heartbeats.
2023-05-08 09:34:36,793 [Listener at 127.0.0.1/45011] INFO  ozone.MiniOzoneClusterImpl (MiniOzoneClusterImpl.java:lambda$waitForClusterToBeReady$0(227)) - Waiting for cluster to exit safe mode
2023-05-08 09:34:36,793 [Listener at 127.0.0.1/45011] INFO  ozone.MiniOzoneClusterImpl (MiniOzoneClusterImpl.java:lambda$waitForClusterToBeReady$0(229)) - SCM became leader
2023-05-08 09:34:37,793 [Listener at 127.0.0.1/45011] INFO  ozone.MiniOzoneClusterImpl (MiniOzoneClusterImpl.java:lambda$waitForClusterToBeReady$0(224)) - Nodes are ready. Got 1 of 1 DN Heartbeats.
2023-05-08 09:34:37,793 [Listener at 127.0.0.1/45011] INFO  ozone.MiniOzoneClusterImpl (MiniOzoneClusterImpl.java:lambda$waitForClusterToBeReady$0(227)) - Waiting for cluster to exit safe mode
2023-05-08 09:34:37,793 [Listener at 127.0.0.1/45011] INFO  ozone.MiniOzoneClusterImpl (MiniOzoneClusterImpl.java:lambda$waitForClusterToBeReady$0(229)) - SCM became leader
2023-05-08 09:34:38,793 [Listener at 127.0.0.1/45011] INFO  ozone.MiniOzoneClusterImpl (MiniOzoneClusterImpl.java:lambda$waitForClusterToBeReady$0(224)) - Nodes are ready. Got 1 of 1 DN Heartbeats.
2023-05-08 09:34:38,794 [Listener at 127.0.0.1/45011] INFO  ozone.MiniOzoneClusterImpl (MiniOzoneClusterImpl.java:lambda$waitForClusterToBeReady$0(227)) - Waiting for cluster to exit safe mode
2023-05-08 09:34:38,794 [Listener at 127.0.0.1/45011] INFO  ozone.MiniOzoneClusterImpl (MiniOzoneClusterImpl.java:lambda$waitForClusterToBeReady$0(229)) - SCM became leader
2023-05-08 09:34:38,802 [Command processor thread] INFO  server.RaftServer (RaftServerProxy.java:addNew(96)) - 6616f055-76ca-43ad-ac05-7669e41b3072: addNew group-B6CB6E91FDB5:[6616f055-76ca-43ad-ac05-7669e41b3072|rpc:10.1.0.160:34545|dataStream:10.1.0.160:41001|priority:1|startupRole:FOLLOWER] returns group-B6CB6E91FDB5:java.util.concurrent.CompletableFuture@2f295c7[Not completed]
2023-05-08 09:34:38,804 [pool-492-thread-1] INFO  server.RaftServer$Division (RaftServerImpl.java:<init>(195)) - 6616f055-76ca-43ad-ac05-7669e41b3072: new RaftServerImpl for group-B6CB6E91FDB5:[6616f055-76ca-43ad-ac05-7669e41b3072|rpc:10.1.0.160:34545|dataStream:10.1.0.160:41001|priority:1|startupRole:FOLLOWER] with ContainerStateMachine:uninitialized
2023-05-08 09:34:38,804 [pool-492-thread-1] INFO  server.RaftServerConfigKeys (ConfUtils.java:logGet(46)) - raft.server.rpc.timeout.min = 5s (custom)
2023-05-08 09:34:38,804 [pool-492-thread-1] INFO  server.RaftServerConfigKeys (ConfUtils.java:logGet(46)) - raft.server.rpc.timeout.max = 5200ms (custom)
2023-05-08 09:34:38,804 [pool-492-thread-1] INFO  server.RaftServerConfigKeys (ConfUtils.java:logGet(46)) - raft.server.rpc.sleep.time = 25ms (default)
2023-05-08 09:34:38,804 [pool-492-thread-1] INFO  server.RaftServerConfigKeys (ConfUtils.java:logGet(46)) - raft.server.rpc.slowness.timeout = 300s (custom)
2023-05-08 09:34:38,805 [pool-492-thread-1] INFO  server.RaftServerConfigKeys (ConfUtils.java:logGet(46)) - raft.server.leaderelection.leader.step-down.wait-time = 10s (default)
2023-05-08 09:34:38,805 [pool-492-thread-1] INFO  server.RaftServerConfigKeys (ConfUtils.java:logGet(46)) - raft.server.sleep.deviation.threshold = 300ms (default)
2023-05-08 09:34:38,805 [pool-492-thread-1] INFO  server.RaftServer$Division (ServerState.java:<init>(118)) - 6616f055-76ca-43ad-ac05-7669e41b3072@group-B6CB6E91FDB5: ConfigurationManager, init=-1: peers:[6616f055-76ca-43ad-ac05-7669e41b3072|rpc:10.1.0.160:34545|dataStream:10.1.0.160:41001|priority:1|startupRole:FOLLOWER]|listeners:[], old=null, confs=<EMPTY_MAP>
2023-05-08 09:34:38,805 [pool-492-thread-1] INFO  server.RaftServerConfigKeys (ConfUtils.java:logGet(46)) - raft.server.storage.dir = [/home/runner/work/ozone/ozone/hadoop-ozone/integration-test/target/test-dir/MiniOzoneClusterImpl-01576107-b0c1-4f3e-928e-95ca127bff40/datanode-0/data/ratis] (custom)
2023-05-08 09:34:38,805 [pool-492-thread-1] INFO  server.RaftServerConfigKeys (ConfUtils.java:logGet(46)) - raft.server.log.corruption.policy = EXCEPTION (default)
2023-05-08 09:34:38,805 [pool-492-thread-1] INFO  server.RaftServerConfigKeys (ConfUtils.java:logGet(46)) - raft.server.storage.free-space.min = 0MB (=0) (default)
2023-05-08 09:34:38,805 [pool-492-thread-1] INFO  server.RaftServerConfigKeys (ConfUtils.java:logGet(46)) - raft.server.notification.no-leader.timeout = 300s (custom)
2023-05-08 09:34:38,805 [pool-492-thread-1] INFO  server.RaftServerConfigKeys (ConfUtils.java:logGet(46)) - raft.server.retrycache.expirytime = 600000ms (custom)
2023-05-08 09:34:38,805 [pool-492-thread-1] INFO  server.RaftServerConfigKeys (ConfUtils.java:logGet(46)) - raft.server.retrycache.statistics.expirytime = 100μs (default)
2023-05-08 09:34:38,807 [pool-492-thread-1] INFO  server.RaftServerConfigKeys (ConfUtils.java:logGet(46)) - raft.server.log.appender.install.snapshot.enabled = false (custom)
2023-05-08 09:34:38,807 [pool-492-thread-1] INFO  server.RaftServerConfigKeys (ConfUtils.java:logGet(46)) - raft.server.threadpool.server.cached = true (default)
2023-05-08 09:34:38,807 [pool-492-thread-1] INFO  server.RaftServerConfigKeys (ConfUtils.java:logGet(46)) - raft.server.threadpool.server.size = 0 (default)
2023-05-08 09:34:38,807 [pool-492-thread-1] INFO  server.RaftServerConfigKeys (ConfUtils.java:logGet(46)) - raft.server.threadpool.client.cached = true (default)
2023-05-08 09:34:38,807 [pool-492-thread-1] INFO  server.RaftServerConfigKeys (ConfUtils.java:logGet(46)) - raft.server.threadpool.client.size = 0 (default)
2023-05-08 09:34:38,807 [pool-492-thread-1] INFO  storage.RaftStorageDirectory (RaftStorageDirectoryImpl.java:analyzeStorage(137)) - The storage directory /home/runner/work/ozone/ozone/hadoop-ozone/integration-test/target/test-dir/MiniOzoneClusterImpl-01576107-b0c1-4f3e-928e-95ca127bff40/datanode-0/data/ratis/70d1c722-cb52-4c6a-ac20-b6cb6e91fdb5 does not exist. Creating ...
2023-05-08 09:34:38,808 [pool-492-thread-1] INFO  storage.RaftStorageDirectory (RaftStorageDirectoryImpl.java:tryLock(231)) - Lock on /home/runner/work/ozone/ozone/hadoop-ozone/integration-test/target/test-dir/MiniOzoneClusterImpl-01576107-b0c1-4f3e-928e-95ca127bff40/datanode-0/data/ratis/70d1c722-cb52-4c6a-ac20-b6cb6e91fdb5/in_use.lock acquired by nodename 7572@fv-az96-539
2023-05-08 09:34:38,809 [pool-492-thread-1] INFO  storage.RaftStorage (RaftStorageImpl.java:format(96)) - Storage directory /home/runner/work/ozone/ozone/hadoop-ozone/integration-test/target/test-dir/MiniOzoneClusterImpl-01576107-b0c1-4f3e-928e-95ca127bff40/datanode-0/data/ratis/70d1c722-cb52-4c6a-ac20-b6cb6e91fdb5 has been successfully formatted.
2023-05-08 09:34:38,810 [pool-492-thread-1] INFO  ratis.ContainerStateMachine (ContainerStateMachine.java:loadSnapshot(262)) - group-B6CB6E91FDB5: The snapshot info is null. Setting the last applied indexto:(t:0, i:~)
2023-05-08 09:34:38,810 [pool-492-thread-1] INFO  server.RaftServerConfigKeys (ConfUtils.java:logGet(46)) - raft.server.log.use.memory = false (default)
2023-05-08 09:34:38,810 [pool-492-thread-1] INFO  server.RaftServerConfigKeys (ConfUtils.java:logGet(46)) - raft.server.log.purge.gap = 1000000 (custom)
2023-05-08 09:34:38,810 [pool-492-thread-1] INFO  server.RaftServerConfigKeys (ConfUtils.java:logGet(46)) - raft.server.log.appender.buffer.byte-limit = 33554432 (custom)
2023-05-08 09:34:38,810 [pool-492-thread-1] INFO  server.RaftServerConfigKeys (ConfUtils.java:logGet(46)) - raft.server.log.statemachine.data.read.timeout = 1000ms (default)
2023-05-08 09:34:38,810 [pool-492-thread-1] INFO  server.RaftServerConfigKeys (ConfUtils.java:logGet(46)) - raft.server.log.purge.preservation.log.num = 0 (default)
2023-05-08 09:34:38,810 [pool-492-thread-1] INFO  server.RaftServerConfigKeys (ConfUtils.java:logGet(46)) - raft.server.log.segment.size.max = 1048576 (custom)
2023-05-08 09:34:38,810 [pool-492-thread-1] INFO  server.RaftServerConfigKeys (ConfUtils.java:logGet(46)) - raft.server.log.segment.cache.num.max = 2 (custom)
2023-05-08 09:34:38,810 [pool-492-thread-1] INFO  server.RaftServerConfigKeys (ConfUtils.java:logGet(46)) - raft.server.log.segment.cache.size.max = 200MB (=209715200) (default)
2023-05-08 09:34:38,810 [pool-492-thread-1] INFO  segmented.SegmentedRaftLogWorker (SegmentedRaftLogWorker.java:<init>(189)) - new 6616f055-76ca-43ad-ac05-7669e41b3072@group-B6CB6E91FDB5-SegmentedRaftLogWorker for RaftStorageImpl:Storage Directory /home/runner/work/ozone/ozone/hadoop-ozone/integration-test/target/test-dir/MiniOzoneClusterImpl-01576107-b0c1-4f3e-928e-95ca127bff40/datanode-0/data/ratis/70d1c722-cb52-4c6a-ac20-b6cb6e91fdb5
2023-05-08 09:34:38,810 [pool-492-thread-1] INFO  server.RaftServerConfigKeys (ConfUtils.java:logGet(46)) - raft.server.log.queue.byte-limit = 4294967296 (custom)
2023-05-08 09:34:38,810 [pool-492-thread-1] INFO  server.RaftServerConfigKeys (ConfUtils.java:logGet(46)) - raft.server.log.queue.element-limit = 1024 (custom)
2023-05-08 09:34:38,810 [pool-492-thread-1] INFO  server.RaftServerConfigKeys (ConfUtils.java:logGet(46)) - raft.server.log.segment.size.max = 1048576 (custom)
2023-05-08 09:34:38,811 [pool-492-thread-1] INFO  server.RaftServerConfigKeys (ConfUtils.java:logGet(46)) - raft.server.log.preallocated.size = 16384 (custom)
2023-05-08 09:34:38,811 [pool-492-thread-1] INFO  server.RaftServerConfigKeys (ConfUtils.java:logGet(46)) - raft.server.log.force.sync.num = 128 (default)
2023-05-08 09:34:38,811 [pool-492-thread-1] INFO  server.RaftServerConfigKeys (ConfUtils.java:logGet(46)) - raft.server.log.statemachine.data.sync = true (default)
2023-05-08 09:34:38,811 [pool-492-thread-1] INFO  server.RaftServerConfigKeys (ConfUtils.java:logGet(46)) - raft.server.log.statemachine.data.sync.timeout = 10s (default)
2023-05-08 09:34:38,811 [EventQueue-PipelineReportForPipelineReportHandler] INFO  pipeline.PipelineManagerImpl (PipelineManagerImpl.java:openPipeline(367)) - Pipeline Pipeline[ Id: 70d1c722-cb52-4c6a-ac20-b6cb6e91fdb5, Nodes: 6616f055-76ca-43ad-ac05-7669e41b3072(fv-az96-539/10.1.0.160), ReplicationConfig: RATIS/ONE, State:ALLOCATED, leaderId:6616f055-76ca-43ad-ac05-7669e41b3072, CreationTimestamp2023-05-08T09:34:35.809Z[Etc/UTC]] moved to OPEN state
2023-05-08 09:34:38,811 [pool-492-thread-1] INFO  server.RaftServerConfigKeys (ConfUtils.java:logGet(46)) - raft.server.log.statemachine.data.sync.timeout.retry = -1 (default)
2023-05-08 09:34:38,811 [pool-492-thread-1] INFO  server.RaftServerConfigKeys (ConfUtils.java:logGet(46)) - raft.server.log.write.buffer.size = 1048576 (custom)
2023-05-08 09:34:38,812 [pool-492-thread-1] INFO  server.RaftServerConfigKeys (ConfUtils.java:logGet(46)) - raft.server.log.appender.buffer.byte-limit = 33554432 (custom)
2023-05-08 09:34:38,817 [pool-492-thread-1] INFO  server.RaftServerConfigKeys (ConfUtils.java:logGet(46)) - raft.server.log.unsafe-flush.enabled = false (default)
2023-05-08 09:34:38,817 [pool-492-thread-1] INFO  server.RaftServerConfigKeys (ConfUtils.java:logGet(46)) - raft.server.log.async-flush.enabled = false (default)
2023-05-08 09:34:38,817 [pool-492-thread-1] INFO  server.RaftServerConfigKeys (ConfUtils.java:logGet(46)) - raft.server.log.statemachine.data.caching.enabled = true (custom)
2023-05-08 09:34:38,818 [pool-492-thread-1] INFO  segmented.SegmentedRaftLogWorker (SegmentedRaftLogWorker.java:lambda$new$0(135)) - 6616f055-76ca-43ad-ac05-7669e41b3072@group-B6CB6E91FDB5-SegmentedRaftLogWorker: flushIndex: setUnconditionally 0 -> -1
2023-05-08 09:34:38,818 [pool-492-thread-1] INFO  segmented.SegmentedRaftLogWorker (SegmentedRaftLogWorker.java:lambda$new$0(135)) - 6616f055-76ca-43ad-ac05-7669e41b3072@group-B6CB6E91FDB5-SegmentedRaftLogWorker: safeCacheEvictIndex: setUnconditionally 0 -> -1
2023-05-08 09:34:38,818 [pool-492-thread-1] INFO  server.RaftServer$Division (RaftServerImpl.java:start(334)) - 6616f055-76ca-43ad-ac05-7669e41b3072@group-B6CB6E91FDB5: start as a follower, conf=-1: peers:[6616f055-76ca-43ad-ac05-7669e41b3072|rpc:10.1.0.160:34545|dataStream:10.1.0.160:41001|priority:1|startupRole:FOLLOWER]|listeners:[], old=null
2023-05-08 09:34:38,818 [pool-492-thread-1] INFO  server.RaftServer$Division (RaftServerImpl.java:setRole(321)) - 6616f055-76ca-43ad-ac05-7669e41b3072@group-B6CB6E91FDB5: changes role from      null to FOLLOWER at term 0 for startAsFollower
2023-05-08 09:34:38,818 [pool-492-thread-1] INFO  impl.RoleInfo (RoleInfo.java:updateAndGet(139)) - 6616f055-76ca-43ad-ac05-7669e41b3072: start 6616f055-76ca-43ad-ac05-7669e41b3072@group-B6CB6E91FDB5-FollowerState
2023-05-08 09:34:38,818 [pool-492-thread-1] INFO  util.JmxRegister (JmxRegister.java:tryRegister(44)) - Successfully registered JMX Bean with object name Ratis:service=RaftServer,group=group-B6CB6E91FDB5,id=6616f055-76ca-43ad-ac05-7669e41b3072
2023-05-08 09:34:38,818 [pool-492-thread-1] INFO  server.RaftServerConfigKeys (ConfUtils.java:logGet(46)) - raft.server.snapshot.auto.trigger.enabled = true (custom)
2023-05-08 09:34:38,819 [pool-492-thread-1] INFO  server.RaftServerConfigKeys (ConfUtils.java:logGet(46)) - raft.server.snapshot.auto.trigger.threshold = 10000 (custom)
2023-05-08 09:34:38,819 [pool-492-thread-1] INFO  server.RaftServerConfigKeys (ConfUtils.java:logGet(46)) - raft.server.snapshot.retention.file.num = 5 (custom)
2023-05-08 09:34:38,819 [pool-492-thread-1] INFO  server.RaftServerConfigKeys (ConfUtils.java:logGet(46)) - raft.server.log.purge.upto.snapshot.index = false (default)
2023-05-08 09:34:38,819 [6616f055-76ca-43ad-ac05-7669e41b3072@group-B6CB6E91FDB5-FollowerState] INFO  server.RaftServerConfigKeys (ConfUtils.java:logFallback(53)) - raft.server.rpc.first-election.timeout.min = 5s (fallback to raft.server.rpc.timeout.min)
2023-05-08 09:34:38,819 [6616f055-76ca-43ad-ac05-7669e41b3072@group-B6CB6E91FDB5-FollowerState] INFO  server.RaftServerConfigKeys (ConfUtils.java:logFallback(53)) - raft.server.rpc.first-election.timeout.max = 5200ms (fallback to raft.server.rpc.timeout.max)
2023-05-08 09:34:38,825 [EventQueue-OpenPipelineForHealthyPipelineSafeModeRule] INFO  safemode.SCMSafeModeManager (SCMSafeModeManager.java:validateSafeModeExitRules(200)) - HealthyPipelineSafeModeRule rule is successfully validated
2023-05-08 09:34:38,825 [EventQueue-OpenPipelineForHealthyPipelineSafeModeRule] INFO  safemode.SCMSafeModeManager (SCMSafeModeManager.java:validateSafeModeExitRules(215)) - ScmSafeModeManager, all rules are successfully validated
2023-05-08 09:34:38,825 [Command processor thread] INFO  ratis.XceiverServerRatis (XceiverServerRatis.java:addGroup(806)) - Created group PipelineID=70d1c722-cb52-4c6a-ac20-b6cb6e91fdb5
2023-05-08 09:34:38,825 [EventQueue-OpenPipelineForHealthyPipelineSafeModeRule] INFO  safemode.SCMSafeModeManager (SCMSafeModeManager.java:exitSafeMode(244)) - SCM exiting safe mode.
2023-05-08 09:34:38,825 [Command processor thread] INFO  commandhandler.CreatePipelineCommandHandler (CreatePipelineCommandHandler.java:handle(113)) - Created Pipeline RATIS ONE PipelineID=70d1c722-cb52-4c6a-ac20-b6cb6e91fdb5.
2023-05-08 09:34:38,825 [EventQueue-OpenPipelineForHealthyPipelineSafeModeRule] INFO  ha.SCMContext (SCMContext.java:updateSafeModeStatus(228)) - Update SafeModeStatus from SafeModeStatus{safeModeStatus=true, preCheckPassed=true} to SafeModeStatus{safeModeStatus=false, preCheckPassed=true}.
2023-05-08 09:34:38,825 [EventQueue-OpenPipelineForHealthyPipelineSafeModeRule] INFO  pipeline.BackgroundPipelineCreator (BackgroundPipelineCreator.java:notifyStatusChanged(254)) - Service BackgroundPipelineCreator transitions to RUNNING.
2023-05-08 09:34:38,825 [EventQueue-OpenPipelineForHealthyPipelineSafeModeRule] INFO  BackgroundPipelineScrubber (BackgroundSCMService.java:notifyStatusChanged(82)) - Service BackgroundPipelineScrubber transitions to RUNNING.
2023-05-08 09:34:38,825 [EventQueue-OpenPipelineForHealthyPipelineSafeModeRule] INFO  ExpiredContainerReplicaOpScrubber (BackgroundSCMService.java:notifyStatusChanged(82)) - Service ExpiredContainerReplicaOpScrubber transitions to RUNNING.
2023-05-08 09:34:38,825 [EventQueue-OpenPipelineForHealthyPipelineSafeModeRule] INFO  replication.ReplicationManager (ReplicationManager.java:notifyStatusChanged(1370)) - Service ReplicationManager transitions to RUNNING.
2023-05-08 09:34:38,825 [EventQueue-OpenPipelineForHealthyPipelineSafeModeRule] WARN  balancer.ContainerBalancer (ContainerBalancer.java:shouldRun(132)) - Could not find persisted configuration for ContainerBalancer when checking if ContainerBalancer should run. ContainerBalancer should not run now.
2023-05-08 09:34:39,794 [Listener at 127.0.0.1/45011] INFO  ozone.MiniOzoneClusterImpl (MiniOzoneClusterImpl.java:lambda$waitForClusterToBeReady$0(224)) - Nodes are ready. Got 1 of 1 DN Heartbeats.
2023-05-08 09:34:39,794 [Listener at 127.0.0.1/45011] INFO  ozone.MiniOzoneClusterImpl (MiniOzoneClusterImpl.java:lambda$waitForClusterToBeReady$0(227)) - Cluster exits safe mode
2023-05-08 09:34:39,795 [Listener at 127.0.0.1/45011] INFO  ozone.MiniOzoneClusterImpl (MiniOzoneClusterImpl.java:lambda$waitForClusterToBeReady$0(229)) - SCM became leader
2023-05-08 09:34:39,812 [Listener at 127.0.0.1/45011] INFO  rpc.RpcClient (RpcClient.java:createVolume(476)) - Creating Volume: volume52032, with user27903 as owner and space quota set to -1 bytes, counts quota set to -1
2023-05-08 09:34:39,819 [OM StateMachine ApplyTransaction Thread - 0] INFO  volume.OMVolumeCreateRequest (OMVolumeCreateRequest.java:validateAndUpdateCache(196)) - created volume:volume52032 for user:user27903
2023-05-08 09:34:39,827 [Listener at 127.0.0.1/45011] INFO  rpc.RpcClient (RpcClient.java:createBucket(697)) - Creating Bucket: volume52032/bucket63991, with bucket layout LEGACY, runner as owner, Versioning false, Storage Type set to DISK and Encryption set to false, Replication Type set to server-side default replication type, Namespace Quota set to -1, Space Quota set to -1 
2023-05-08 09:34:39,831 [OM StateMachine ApplyTransaction Thread - 0] INFO  bucket.OMBucketCreateRequest (OMBucketCreateRequest.java:validateAndUpdateCache(270)) - created bucket: bucket63991 of layout LEGACY in volume: volume52032
2023-05-08 09:34:39,839 [IPC Server handler 1 on default port 42845] INFO  ha.SequenceIdGenerator (SequenceIdGenerator.java:getNextId(128)) - Allocate a batch for containerId, change lastId from 0 to 1000.
2023-05-08 09:34:39,840 [IPC Server handler 1 on default port 42845] WARN  ha.SequenceIdGenerator (SequenceIdGenerator.java:allocateBatch(237)) - Failed to allocate a batch for localId, expected lastId is 0, actual lastId is 111677748019200000.
2023-05-08 09:34:39,840 [IPC Server handler 1 on default port 42845] INFO  ha.SequenceIdGenerator (SequenceIdGenerator.java:getNextId(128)) - Allocate a batch for localId, change lastId from 111677748019200000 to 111677748019201000.
2023-05-08 09:34:43,995 [6616f055-76ca-43ad-ac05-7669e41b3072@group-B6CB6E91FDB5-FollowerState] INFO  impl.FollowerState (FollowerState.java:run(143)) - 6616f055-76ca-43ad-ac05-7669e41b3072@group-B6CB6E91FDB5-FollowerState: change to CANDIDATE, lastRpcElapsedTime:5177195131ns, electionTimeout:5176ms
2023-05-08 09:34:43,996 [6616f055-76ca-43ad-ac05-7669e41b3072@group-B6CB6E91FDB5-FollowerState] INFO  impl.RoleInfo (RoleInfo.java:shutdownFollowerState(110)) - 6616f055-76ca-43ad-ac05-7669e41b3072: shutdown 6616f055-76ca-43ad-ac05-7669e41b3072@group-B6CB6E91FDB5-FollowerState
2023-05-08 09:34:43,996 [6616f055-76ca-43ad-ac05-7669e41b3072@group-B6CB6E91FDB5-FollowerState] INFO  server.RaftServer$Division (RaftServerImpl.java:setRole(321)) - 6616f055-76ca-43ad-ac05-7669e41b3072@group-B6CB6E91FDB5: changes role from  FOLLOWER to CANDIDATE at term 0 for changeToCandidate
2023-05-08 09:34:43,996 [6616f055-76ca-43ad-ac05-7669e41b3072@group-B6CB6E91FDB5-FollowerState] INFO  server.RaftServerConfigKeys (ConfUtils.java:logGet(46)) - raft.server.leaderelection.pre-vote = true (default)
2023-05-08 09:34:43,996 [6616f055-76ca-43ad-ac05-7669e41b3072@group-B6CB6E91FDB5-FollowerState] INFO  impl.RoleInfo (RoleInfo.java:updateAndGet(139)) - 6616f055-76ca-43ad-ac05-7669e41b3072: start 6616f055-76ca-43ad-ac05-7669e41b3072@group-B6CB6E91FDB5-LeaderElection20
2023-05-08 09:34:44,001 [6616f055-76ca-43ad-ac05-7669e41b3072@group-B6CB6E91FDB5-LeaderElection20] INFO  impl.LeaderElection (LeaderElection.java:askForVotes(312)) - 6616f055-76ca-43ad-ac05-7669e41b3072@group-B6CB6E91FDB5-LeaderElection20 PRE_VOTE round 0: submit vote requests at term 0 for -1: peers:[6616f055-76ca-43ad-ac05-7669e41b3072|rpc:10.1.0.160:34545|dataStream:10.1.0.160:41001|priority:1|startupRole:FOLLOWER]|listeners:[], old=null
2023-05-08 09:34:44,001 [6616f055-76ca-43ad-ac05-7669e41b3072@group-B6CB6E91FDB5-LeaderElection20] INFO  impl.LeaderElection (LeaderElection.java:askForVotes(314)) - 6616f055-76ca-43ad-ac05-7669e41b3072@group-B6CB6E91FDB5-LeaderElection20 PRE_VOTE round 0: result PASSED (term=0)
2023-05-08 09:34:44,002 [6616f055-76ca-43ad-ac05-7669e41b3072@group-B6CB6E91FDB5-LeaderElection20] INFO  impl.LeaderElection (LeaderElection.java:askForVotes(312)) - 6616f055-76ca-43ad-ac05-7669e41b3072@group-B6CB6E91FDB5-LeaderElection20 ELECTION round 0: submit vote requests at term 1 for -1: peers:[6616f055-76ca-43ad-ac05-7669e41b3072|rpc:10.1.0.160:34545|dataStream:10.1.0.160:41001|priority:1|startupRole:FOLLOWER]|listeners:[], old=null
2023-05-08 09:34:44,002 [6616f055-76ca-43ad-ac05-7669e41b3072@group-B6CB6E91FDB5-LeaderElection20] INFO  impl.LeaderElection (LeaderElection.java:askForVotes(314)) - 6616f055-76ca-43ad-ac05-7669e41b3072@group-B6CB6E91FDB5-LeaderElection20 ELECTION round 0: result PASSED (term=1)
2023-05-08 09:34:44,002 [6616f055-76ca-43ad-ac05-7669e41b3072@group-B6CB6E91FDB5-LeaderElection20] INFO  impl.RoleInfo (RoleInfo.java:shutdownLeaderElection(130)) - 6616f055-76ca-43ad-ac05-7669e41b3072: shutdown 6616f055-76ca-43ad-ac05-7669e41b3072@group-B6CB6E91FDB5-LeaderElection20
2023-05-08 09:34:44,003 [6616f055-76ca-43ad-ac05-7669e41b3072@group-B6CB6E91FDB5-LeaderElection20] INFO  server.RaftServer$Division (RaftServerImpl.java:setRole(321)) - 6616f055-76ca-43ad-ac05-7669e41b3072@group-B6CB6E91FDB5: changes role from CANDIDATE to LEADER at term 1 for changeToLeader
2023-05-08 09:34:44,003 [6616f055-76ca-43ad-ac05-7669e41b3072@group-B6CB6E91FDB5-LeaderElection20] INFO  ratis.XceiverServerRatis (XceiverServerRatis.java:handleLeaderChangedNotification(904)) - Leader change notification received for group: group-B6CB6E91FDB5 with new leaderId: 6616f055-76ca-43ad-ac05-7669e41b3072
2023-05-08 09:34:44,003 [6616f055-76ca-43ad-ac05-7669e41b3072@group-B6CB6E91FDB5-LeaderElection20] INFO  server.RaftServer$Division (ServerState.java:setLeader(313)) - 6616f055-76ca-43ad-ac05-7669e41b3072@group-B6CB6E91FDB5: change Leader from null to 6616f055-76ca-43ad-ac05-7669e41b3072 at term 1 for becomeLeader, leader elected after 5197ms
2023-05-08 09:34:44,003 [6616f055-76ca-43ad-ac05-7669e41b3072@group-B6CB6E91FDB5-LeaderElection20] INFO  server.RaftServerConfigKeys (ConfUtils.java:logGet(46)) - raft.server.staging.catchup.gap = 1000 (default)
2023-05-08 09:34:44,003 [6616f055-76ca-43ad-ac05-7669e41b3072@group-B6CB6E91FDB5-LeaderElection20] INFO  server.RaftServerConfigKeys (ConfUtils.java:logGet(46)) - raft.server.write.element-limit = 1024 (custom)
2023-05-08 09:34:44,003 [6616f055-76ca-43ad-ac05-7669e41b3072@group-B6CB6E91FDB5-LeaderElection20] INFO  server.RaftServerConfigKeys (ConfUtils.java:logGet(46)) - raft.server.write.byte-limit = 1024 M (=1073741824) (custom)
2023-05-08 09:34:44,003 [6616f055-76ca-43ad-ac05-7669e41b3072@group-B6CB6E91FDB5-LeaderElection20] INFO  server.RaftServerConfigKeys (ConfUtils.java:logGet(46)) - raft.server.watch.timeout = 180s (custom)
2023-05-08 09:34:44,003 [6616f055-76ca-43ad-ac05-7669e41b3072@group-B6CB6E91FDB5-LeaderElection20] INFO  server.RaftServerConfigKeys (ConfUtils.java:logGet(46)) - raft.server.watch.timeout.denomination = 1s (default)
2023-05-08 09:34:44,003 [6616f055-76ca-43ad-ac05-7669e41b3072@group-B6CB6E91FDB5-LeaderElection20] INFO  server.RaftServerConfigKeys (ConfUtils.java:logGet(46)) - raft.server.watch.element-limit = 65536 (default)
2023-05-08 09:34:44,003 [6616f055-76ca-43ad-ac05-7669e41b3072@group-B6CB6E91FDB5-LeaderElection20] INFO  server.RaftServerConfigKeys (ConfUtils.java:logGet(46)) - raft.server.write.element-limit = 1024 (custom)
2023-05-08 09:34:44,003 [6616f055-76ca-43ad-ac05-7669e41b3072@group-B6CB6E91FDB5-LeaderElection20] INFO  server.RaftServerConfigKeys (ConfUtils.java:logGet(46)) - raft.server.write.follower.gap.ratio.max = -1.0 (default)
2023-05-08 09:34:44,004 [6616f055-76ca-43ad-ac05-7669e41b3072@group-B6CB6E91FDB5-LeaderElection20] INFO  impl.RoleInfo (RoleInfo.java:updateAndGet(139)) - 6616f055-76ca-43ad-ac05-7669e41b3072: start 6616f055-76ca-43ad-ac05-7669e41b3072@group-B6CB6E91FDB5-LeaderStateImpl
2023-05-08 09:34:44,004 [6616f055-76ca-43ad-ac05-7669e41b3072@group-B6CB6E91FDB5-LeaderElection20] INFO  segmented.SegmentedRaftLogWorker (SegmentedRaftLogWorker.java:startLogSegment(452)) - 6616f055-76ca-43ad-ac05-7669e41b3072@group-B6CB6E91FDB5-SegmentedRaftLogWorker: Starting segment from index:0
2023-05-08 09:34:44,005 [6616f055-76ca-43ad-ac05-7669e41b3072@group-B6CB6E91FDB5-SegmentedRaftLogWorker] INFO  segmented.SegmentedRaftLogWorker (SegmentedRaftLogWorker.java:execute(656)) - 6616f055-76ca-43ad-ac05-7669e41b3072@group-B6CB6E91FDB5-SegmentedRaftLogWorker: created new log segment /home/runner/work/ozone/ozone/hadoop-ozone/integration-test/target/test-dir/MiniOzoneClusterImpl-01576107-b0c1-4f3e-928e-95ca127bff40/datanode-0/data/ratis/70d1c722-cb52-4c6a-ac20-b6cb6e91fdb5/current/log_inprogress_0
2023-05-08 09:34:44,005 [6616f055-76ca-43ad-ac05-7669e41b3072@group-B6CB6E91FDB5-LeaderElection20] INFO  server.RaftServer$Division (ServerState.java:setRaftConf(430)) - 6616f055-76ca-43ad-ac05-7669e41b3072@group-B6CB6E91FDB5: set configuration 0: peers:[6616f055-76ca-43ad-ac05-7669e41b3072|rpc:10.1.0.160:34545|dataStream:10.1.0.160:41001|priority:1|startupRole:FOLLOWER]|listeners:[], old=null
2023-05-08 09:34:53,687 [Listener at 127.0.0.1/45011] INFO  server.SCMDatanodeProtocolServer (SCMDatanodeProtocolServer.java:stop(424)) - Stopping the RPC server for DataNodes
2023-05-08 09:34:53,687 [Listener at 127.0.0.1/45011] INFO  ipc.Server (Server.java:stop(3501)) - Stopping server on 37785
2023-05-08 09:34:53,689 [IPC Server listener on 0] INFO  ipc.Server (Server.java:run(1430)) - Stopping IPC Server listener on 0
2023-05-08 09:34:53,689 [IPC Server Responder] INFO  ipc.Server (Server.java:run(1563)) - Stopping IPC Server Responder
2023-05-08 09:34:54,608 [EndpointStateMachine task thread for /0.0.0.0:37785 - 0 ] WARN  statemachine.EndpointStateMachine (EndpointStateMachine.java:logIfNeeded(242)) - Unable to communicate to SCM server at 0.0.0.0:37785 for past 0 seconds.
java.io.EOFException: End of File Exception between local host is: "fv-az96-539/10.1.0.160"; destination host is: "0.0.0.0":37785; : java.io.EOFException; For more details see:  http://wiki.apache.org/hadoop/EOFException
	at sun.reflect.NativeConstructorAccessorImpl.newInstance0(Native Method)
	at sun.reflect.NativeConstructorAccessorImpl.newInstance(NativeConstructorAccessorImpl.java:62)
	at sun.reflect.DelegatingConstructorAccessorImpl.newInstance(DelegatingConstructorAccessorImpl.java:45)
	at java.lang.reflect.Constructor.newInstance(Constructor.java:423)
	at org.apache.hadoop.net.NetUtils.wrapWithMessage(NetUtils.java:930)
	at org.apache.hadoop.net.NetUtils.wrapException(NetUtils.java:879)
	at org.apache.hadoop.ipc.Client.getRpcResponse(Client.java:1588)
	at org.apache.hadoop.ipc.Client.call(Client.java:1530)
	at org.apache.hadoop.ipc.Client.call(Client.java:1427)
	at org.apache.hadoop.ipc.ProtobufRpcEngine$Invoker.invoke(ProtobufRpcEngine.java:250)
	at org.apache.hadoop.ipc.ProtobufRpcEngine$Invoker.invoke(ProtobufRpcEngine.java:132)
	at com.sun.proxy.$Proxy54.submitRequest(Unknown Source)
	at org.apache.hadoop.ozone.protocolPB.StorageContainerDatanodeProtocolClientSideTranslatorPB.submitRequest(StorageContainerDatanodeProtocolClientSideTranslatorPB.java:117)
	at org.apache.hadoop.ozone.protocolPB.StorageContainerDatanodeProtocolClientSideTranslatorPB.sendHeartbeat(StorageContainerDatanodeProtocolClientSideTranslatorPB.java:149)
	at org.apache.hadoop.ozone.container.common.states.endpoint.HeartbeatEndpointTask.call(HeartbeatEndpointTask.java:185)
	at org.apache.hadoop.ozone.container.common.states.endpoint.HeartbeatEndpointTask.call(HeartbeatEndpointTask.java:87)
	at java.util.concurrent.FutureTask.run(FutureTask.java:266)
	at java.util.concurrent.ThreadPoolExecutor.runWorker(ThreadPoolExecutor.java:1149)
	at java.util.concurrent.ThreadPoolExecutor$Worker.run(ThreadPoolExecutor.java:624)
	at java.lang.Thread.run(Thread.java:750)
Caused by: java.io.EOFException
	at java.io.DataInputStream.readInt(DataInputStream.java:392)
	at org.apache.hadoop.ipc.Client$IpcStreams.readResponse(Client.java:1923)
	at org.apache.hadoop.ipc.Client$Connection.receiveRpcResponse(Client.java:1204)
	at org.apache.hadoop.ipc.Client$Connection.run(Client.java:1095)
2023-05-08 09:34:54,637 [SCM Heartbeat Processing Thread - 0] WARN  node.NodeStateManager (NodeStateManager.java:scheduleNextHealthCheck(870)) - Current Thread is interrupted, shutting down HB processing thread for Node Manager.
2023-05-08 09:34:54,637 [Listener at 127.0.0.1/45011] INFO  ozone.TestStorageContainerManager (TestStorageContainerManager.java:testCloseContainerCommandOnRestart(791)) - Current Container State is OPEN
2023-05-08 09:34:54,638 [Listener at 127.0.0.1/45011] INFO  ozone.MiniOzoneClusterImpl (MiniOzoneClusterImpl.java:restartStorageContainerManager(358)) - Restarting SCM in cluster class org.apache.hadoop.ozone.MiniOzoneClusterImpl
2023-05-08 09:34:54,638 [Listener at 127.0.0.1/45011] INFO  server.StorageContainerManager (StorageContainerManager.java:stop(1578)) - Container Balancer is not running.
2023-05-08 09:34:54,638 [Listener at 127.0.0.1/45011] INFO  server.StorageContainerManager (StorageContainerManager.java:stopReplicationManager(1709)) - Stopping Replication Manager Service.
2023-05-08 09:34:54,638 [Listener at 127.0.0.1/45011] INFO  replication.ReplicationManager (ReplicationManager.java:stop(326)) - Stopping Replication Monitor Thread.
2023-05-08 09:34:54,638 [Under Replicated Processor] WARN  replication.UnhealthyReplicationProcessor (UnhealthyReplicationProcessor.java:run(167)) - Under Replicated Processor interrupted. Exiting...
2023-05-08 09:34:54,638 [Over Replicated Processor] WARN  replication.UnhealthyReplicationProcessor (UnhealthyReplicationProcessor.java:run(167)) - Over Replicated Processor interrupted. Exiting...
2023-05-08 09:34:54,638 [ReplicationMonitor] INFO  replication.ReplicationManager (ReplicationManager.java:run(937)) - Replication Monitor Thread is stopped
2023-05-08 09:34:54,638 [Listener at 127.0.0.1/45011] INFO  server.StorageContainerManager (StorageContainerManager.java:stop(1587)) - Stopping the Datanode Admin Monitor.
2023-05-08 09:34:54,639 [Listener at 127.0.0.1/45011] INFO  server.StorageContainerManager (StorageContainerManager.java:stop(1594)) - Stopping datanode service RPC server
2023-05-08 09:34:54,639 [Listener at 127.0.0.1/45011] INFO  server.SCMDatanodeProtocolServer (SCMDatanodeProtocolServer.java:stop(424)) - Stopping the RPC server for DataNodes
2023-05-08 09:34:54,639 [Listener at 127.0.0.1/45011] INFO  ipc.Server (Server.java:stop(3501)) - Stopping server on 37785
2023-05-08 09:34:54,639 [Listener at 127.0.0.1/45011] INFO  server.StorageContainerManager (StorageContainerManager.java:stop(1602)) - Stopping block service RPC server
2023-05-08 09:34:54,639 [Listener at 127.0.0.1/45011] INFO  server.SCMBlockProtocolServer (SCMBlockProtocolServer.java:stop(161)) - Stopping the RPC server for Block Protocol
2023-05-08 09:34:54,639 [Listener at 127.0.0.1/45011] INFO  ipc.Server (Server.java:stop(3501)) - Stopping server on 42845
2023-05-08 09:34:54,641 [IPC Server listener on 0] INFO  ipc.Server (Server.java:run(1430)) - Stopping IPC Server listener on 0
2023-05-08 09:34:54,642 [IPC Server Responder] INFO  ipc.Server (Server.java:run(1563)) - Stopping IPC Server Responder
2023-05-08 09:34:54,642 [Listener at 127.0.0.1/45011] INFO  server.StorageContainerManager (StorageContainerManager.java:stop(1609)) - Stopping the StorageContainerLocationProtocol RPC server
2023-05-08 09:34:54,642 [Listener at 127.0.0.1/45011] INFO  server.SCMClientProtocolServer (SCMClientProtocolServer.java:stop(208)) - Stopping the RPC server for Client Protocol
2023-05-08 09:34:54,642 [Listener at 127.0.0.1/45011] INFO  ipc.Server (Server.java:stop(3501)) - Stopping server on 40209
2023-05-08 09:34:54,643 [IPC Server listener on 0] INFO  ipc.Server (Server.java:run(1430)) - Stopping IPC Server listener on 0
2023-05-08 09:34:54,645 [IPC Server Responder] INFO  ipc.Server (Server.java:run(1563)) - Stopping IPC Server Responder
2023-05-08 09:34:54,645 [Listener at 127.0.0.1/45011] INFO  server.StorageContainerManager (StorageContainerManager.java:stop(1616)) - Stopping Storage Container Manager HTTP server.
2023-05-08 09:34:54,645 [Listener at 127.0.0.1/45011] INFO  handler.ContextHandler (ContextHandler.java:doStop(1159)) - Stopped o.e.j.w.WebAppContext@36e48fac{scm,/,null,STOPPED}{file:/home/runner/work/ozone/ozone/hadoop-ozone/integration-test/target/test-classes/webapps/scm}
2023-05-08 09:34:54,646 [Listener at 127.0.0.1/45011] INFO  server.AbstractConnector (AbstractConnector.java:doStop(383)) - Stopped ServerConnector@242eb3c{HTTP/1.1, (http/1.1)}{0.0.0.0:0}
2023-05-08 09:34:54,646 [Listener at 127.0.0.1/45011] INFO  server.session (HouseKeeper.java:stopScavenging(149)) - node0 Stopped scavenging
2023-05-08 09:34:54,646 [Listener at 127.0.0.1/45011] INFO  handler.ContextHandler (ContextHandler.java:doStop(1159)) - Stopped o.e.j.s.ServletContextHandler@4642d8a3{static,/static,file:///home/runner/work/ozone/ozone/hadoop-ozone/integration-test/target/test-classes/webapps/static,STOPPED}
2023-05-08 09:34:54,646 [Listener at 127.0.0.1/45011] INFO  handler.ContextHandler (ContextHandler.java:doStop(1159)) - Stopped o.e.j.s.ServletContextHandler@1386bc7{logs,/logs,file:///home/runner/work/ozone/ozone/hadoop-ozone/integration-test/target/log,STOPPED}
2023-05-08 09:34:54,647 [Listener at 127.0.0.1/45011] INFO  server.StorageContainerManager (StorageContainerManager.java:stop(1624)) - Stopping SCM LayoutVersionManager Service.
2023-05-08 09:34:54,647 [Listener at 127.0.0.1/45011] INFO  server.StorageContainerManager (StorageContainerManager.java:stop(1632)) - Stopping Block Manager Service.
2023-05-08 09:34:54,647 [Listener at 127.0.0.1/45011] INFO  utils.BackgroundService (BackgroundService.java:shutdown(141)) - Shutting down service SCMBlockDeletingService
2023-05-08 09:34:54,647 [Listener at 127.0.0.1/45011] INFO  utils.BackgroundService (BackgroundService.java:shutdown(141)) - Shutting down service SCMBlockDeletingService
2023-05-08 09:34:54,647 [Listener at 127.0.0.1/45011] INFO  server.StorageContainerManager (StorageContainerManager.java:stop(1654)) - Stopping SCM Event Queue.
2023-05-08 09:34:54,650 [Listener at 127.0.0.1/45011] INFO  server.StorageContainerManager (StorageContainerManager.java:stop(1665)) - Stopping SCM HA services.
2023-05-08 09:34:54,651 [Listener at 127.0.0.1/45011] INFO  pipeline.BackgroundPipelineCreator (BackgroundPipelineCreator.java:stop(149)) - Stopping RatisPipelineUtilsThread.
2023-05-08 09:34:54,651 [RatisPipelineUtilsThread - 0] WARN  pipeline.BackgroundPipelineCreator (BackgroundPipelineCreator.java:run(180)) - RatisPipelineUtilsThread is interrupted.
2023-05-08 09:34:54,651 [BackgroundPipelineScrubberThread] WARN  BackgroundPipelineScrubber (BackgroundSCMService.java:run(115)) - BackgroundPipelineScrubber is interrupted, exit
2023-05-08 09:34:54,651 [Listener at 127.0.0.1/45011] INFO  BackgroundPipelineScrubber (BackgroundSCMService.java:stop(131)) - Stopping BackgroundPipelineScrubber Service.
2023-05-08 09:34:54,651 [Listener at 127.0.0.1/45011] INFO  impl.MetricsSystemImpl (MetricsSystemImpl.java:stop(210)) - Stopping HddsDatanode metrics system...
2023-05-08 09:34:54,659 [prometheus] INFO  impl.MetricsSinkAdapter (MetricsSinkAdapter.java:publishMetricsFromQueue(141)) - prometheus thread interrupted.
2023-05-08 09:34:54,659 [Listener at 127.0.0.1/45011] INFO  impl.MetricsSystemImpl (MetricsSystemImpl.java:stop(216)) - HddsDatanode metrics system stopped.
2023-05-08 09:34:54,660 [Listener at 127.0.0.1/45011] WARN  pipeline.BackgroundPipelineCreator (BackgroundPipelineCreator.java:stop(145)) - RatisPipelineUtilsThread is not running, just ignore.
2023-05-08 09:34:54,660 [Listener at 127.0.0.1/45011] INFO  BackgroundPipelineScrubber (BackgroundSCMService.java:stop(126)) - BackgroundPipelineScrubber Service is not running, skip stop.
2023-05-08 09:34:54,660 [Listener at 127.0.0.1/45011] INFO  ExpiredContainerReplicaOpScrubber (BackgroundSCMService.java:stop(131)) - Stopping ExpiredContainerReplicaOpScrubber Service.
2023-05-08 09:34:54,660 [ExpiredContainerReplicaOpScrubberThread] WARN  ExpiredContainerReplicaOpScrubber (BackgroundSCMService.java:run(115)) - ExpiredContainerReplicaOpScrubber is interrupted, exit
2023-05-08 09:34:54,660 [Listener at 127.0.0.1/45011] INFO  utils.BackgroundService (BackgroundService.java:shutdown(141)) - Shutting down service SCMBlockDeletingService
2023-05-08 09:34:54,661 [Listener at 127.0.0.1/45011] INFO  replication.ReplicationManager (ReplicationManager.java:stop(336)) - Replication Monitor Thread is not running.
2023-05-08 09:34:54,661 [Listener at 127.0.0.1/45011] WARN  balancer.ContainerBalancer (ContainerBalancer.java:stop(324)) - Cannot stop Container Balancer because it's not running or stopping
2023-05-08 09:34:54,661 [Listener at 127.0.0.1/45011] INFO  server.StorageContainerManager (StorageContainerManager.java:stop(1700)) - Stopping SCM MetadataStore.
2023-05-08 09:34:54,662 [Listener at 127.0.0.1/45011] WARN  server.ServerUtils (ServerUtils.java:getScmDbDir(148)) - ozone.scm.db.dirs is not configured. We recommend adding this setting. Falling back to ozone.metadata.dirs instead.
2023-05-08 09:34:54,662 [Listener at 127.0.0.1/45011] INFO  ha.SCMHANodeDetails (SCMHANodeDetails.java:loadSCMHAConfig(209)) - ServiceID for StorageContainerManager is null
2023-05-08 09:34:54,662 [Listener at 127.0.0.1/45011] INFO  ha.SCMHANodeDetails (SCMHANodeDetails.java:loadSCMHAConfig(214)) - ozone.scm.default.service.id is not defined, falling back to ozone.scm.service.ids to find serviceID for StorageContainerManager if it is HA enabled cluster
2023-05-08 09:34:54,662 [Listener at 127.0.0.1/45011] WARN  utils.HAUtils (HAUtils.java:getMetaDir(350)) - ozone.scm.db.dirs is not configured. We recommend adding this setting. Falling back to ozone.metadata.dirs instead.
2023-05-08 09:34:54,663 [Listener at 127.0.0.1/45011] WARN  db.DBStoreBuilder (DBStoreBuilder.java:applyDBDefinition(164)) - ozone.scm.db.dirs is not configured. We recommend adding this setting. Falling back to ozone.metadata.dirs instead.
2023-05-08 09:34:54,691 [Listener at 127.0.0.1/45011] INFO  net.NodeSchemaLoader (NodeSchemaLoader.java:loadSchemaFromFile(129)) - Loading schema from [jar:file:/home/runner/.m2/repository/org/apache/ozone/hdds-common/1.4.0-SNAPSHOT/hdds-common-1.4.0-SNAPSHOT.jar!/network-topology-default.xml]
2023-05-08 09:34:54,691 [Listener at 127.0.0.1/45011] INFO  net.NodeSchemaLoader (NodeSchemaLoader.java:loadSchema(176)) - Loading network topology layer schema file
2023-05-08 09:34:54,697 [Listener at 127.0.0.1/45011] INFO  upgrade.AbstractLayoutVersionManager (AbstractLayoutVersionManager.java:init(83)) - Initializing Layout version manager with metadata layout = WEBUI_PORTS_IN_DATANODEDETAILS (version = 6), software layout = WEBUI_PORTS_IN_DATANODEDETAILS (version = 6)
2023-05-08 09:34:54,744 [Listener at 127.0.0.1/45011] INFO  reflections.Reflections (Reflections.java:scan(232)) - Reflections took 46 ms to scan 7 urls, producing 156 keys and 369 values 
2023-05-08 09:34:54,746 [Listener at 127.0.0.1/45011] INFO  ha.SequenceIdGenerator (SequenceIdGenerator.java:<init>(220)) - Init the HA SequenceIdGenerator.
2023-05-08 09:34:54,747 [Listener at 127.0.0.1/45011] INFO  node.SCMNodeManager (SCMNodeManager.java:<init>(159)) - Entering startup safe mode.
2023-05-08 09:34:54,747 [Listener at 127.0.0.1/45011] INFO  algorithms.ContainerPlacementPolicyFactory (ContainerPlacementPolicyFactory.java:getPolicyInternal(86)) - Create container placement policy of type org.apache.hadoop.hdds.scm.container.placement.algorithms.SCMContainerPlacementRackAware
2023-05-08 09:34:54,747 [Listener at 127.0.0.1/45011] INFO  algorithms.ContainerPlacementPolicyFactory (ContainerPlacementPolicyFactory.java:getPolicyInternal(86)) - Create container placement policy of type org.apache.hadoop.hdds.scm.container.placement.algorithms.SCMContainerPlacementRackScatter
2023-05-08 09:34:54,748 [Listener at 127.0.0.1/45011] INFO  algorithms.LeaderChoosePolicyFactory (LeaderChoosePolicyFactory.java:getPolicy(57)) - Create leader choose policy of type org.apache.hadoop.hdds.scm.pipeline.leader.choose.algorithms.MinLeaderCountChoosePolicy
2023-05-08 09:34:54,749 [Listener at 127.0.0.1/45011] INFO  algorithms.ContainerPlacementPolicyFactory (ContainerPlacementPolicyFactory.java:getPolicyInternal(86)) - Create container placement policy of type org.apache.hadoop.hdds.scm.container.placement.algorithms.SCMContainerPlacementRackScatter
2023-05-08 09:34:54,749 [Listener at 127.0.0.1/45011] INFO  ha.SCMServiceManager (SCMServiceManager.java:register(42)) - Registering service BackgroundPipelineCreator.
2023-05-08 09:34:54,749 [Listener at 127.0.0.1/45011] INFO  pipeline.BackgroundPipelineCreator (BackgroundPipelineCreator.java:start(124)) - Starting RatisPipelineUtilsThread.
2023-05-08 09:34:54,749 [Listener at 127.0.0.1/45011] INFO  BackgroundPipelineScrubber (BackgroundSCMService.java:start(68)) - Starting BackgroundPipelineScrubber Service.
2023-05-08 09:34:54,749 [Listener at 127.0.0.1/45011] INFO  ha.SCMServiceManager (SCMServiceManager.java:register(42)) - Registering service BackgroundPipelineScrubber.
2023-05-08 09:34:54,750 [Listener at 127.0.0.1/45011] INFO  ExpiredContainerReplicaOpScrubber (BackgroundSCMService.java:start(68)) - Starting ExpiredContainerReplicaOpScrubber Service.
2023-05-08 09:34:54,750 [Listener at 127.0.0.1/45011] INFO  ha.SCMServiceManager (SCMServiceManager.java:register(42)) - Registering service ExpiredContainerReplicaOpScrubber.
2023-05-08 09:34:54,751 [Listener at 127.0.0.1/45011] INFO  algorithms.PipelineChoosePolicyFactory (PipelineChoosePolicyFactory.java:createPipelineChoosePolicyFromClass(73)) - Create pipeline choose policy of type org.apache.hadoop.hdds.scm.pipeline.choose.algorithms.RandomPipelineChoosePolicy
2023-05-08 09:34:54,752 [Listener at 127.0.0.1/45011] INFO  ha.SCMServiceManager (SCMServiceManager.java:register(42)) - Registering service SCMBlockDeletingService.
2023-05-08 09:34:54,752 [Listener at 127.0.0.1/45011] INFO  replication.ReplicationManager (ReplicationManager.java:start(293)) - Starting Replication Monitor Thread.
2023-05-08 09:34:54,754 [Listener at 127.0.0.1/45011] INFO  ha.SCMServiceManager (SCMServiceManager.java:register(42)) - Registering service ReplicationManager.
2023-05-08 09:34:54,755 [Listener at 127.0.0.1/45011] INFO  safemode.ContainerSafeModeRule (ContainerSafeModeRule.java:<init>(89)) - containers with one replica threshold count 0
2023-05-08 09:34:54,755 [Listener at 127.0.0.1/45011] INFO  safemode.HealthyPipelineSafeModeRule (HealthyPipelineSafeModeRule.java:initializeRule(169)) - Total pipeline count is 0, healthy pipeline threshold count is 0
2023-05-08 09:34:54,755 [Listener at 127.0.0.1/45011] INFO  safemode.OneReplicaPipelineSafeModeRule (OneReplicaPipelineSafeModeRule.java:initializeRule(180)) - Total pipeline count is 0, pipeline's with at least one datanode reported threshold count is 0
2023-05-08 09:34:54,756 [ReplicationMonitor] INFO  replication.ReplicationManager (ReplicationManager.java:processAll(368)) - Replication Manager is not ready to run until 3000ms after safemode exit
2023-05-08 09:34:54,756 [Listener at 127.0.0.1/45011] INFO  server.StorageContainerManager (StorageContainerManager.java:<init>(403)) - SCM start with adminUsers: [runner]
2023-05-08 09:34:54,756 [Listener at 127.0.0.1/45011] INFO  ipc.CallQueueManager (CallQueueManager.java:<init>(90)) - Using callQueue: class java.util.concurrent.LinkedBlockingQueue, queueCapacity: 2000, scheduler: class org.apache.hadoop.ipc.DefaultRpcScheduler, ipcBackoff: false.
2023-05-08 09:34:54,757 [Socket Reader #1 for port 37785] INFO  ipc.Server (Server.java:run(1319)) - Starting Socket Reader #1 for port 37785
2023-05-08 09:34:54,758 [Listener at 0.0.0.0/37785] INFO  ipc.CallQueueManager (CallQueueManager.java:<init>(90)) - Using callQueue: class java.util.concurrent.LinkedBlockingQueue, queueCapacity: 2000, scheduler: class org.apache.hadoop.ipc.DefaultRpcScheduler, ipcBackoff: false.
2023-05-08 09:34:54,758 [Socket Reader #1 for port 42845] INFO  ipc.Server (Server.java:run(1319)) - Starting Socket Reader #1 for port 42845
2023-05-08 09:34:54,759 [Listener at 0.0.0.0/42845] INFO  ipc.CallQueueManager (CallQueueManager.java:<init>(90)) - Using callQueue: class java.util.concurrent.LinkedBlockingQueue, queueCapacity: 2000, scheduler: class org.apache.hadoop.ipc.DefaultRpcScheduler, ipcBackoff: false.
2023-05-08 09:34:54,759 [Socket Reader #1 for port 40209] INFO  ipc.Server (Server.java:run(1319)) - Starting Socket Reader #1 for port 40209
2023-05-08 09:34:54,771 [Listener at 0.0.0.0/40209] INFO  ha.SCMServiceManager (SCMServiceManager.java:register(42)) - Registering service ContainerBalancer.
2023-05-08 09:34:54,771 [Listener at 0.0.0.0/40209] INFO  server.StorageContainerManager (StorageContainerManager.java:<init>(420)) - 
Container Balancer status:
Key                            Value
Running                        false
Container Balancer Configuration values:
Key                                                Value
Threshold                                          10
Max Datanodes to Involve per Iteration(percent)    20
Max Size to Move per Iteration                     500GB
Max Size Entering Target per Iteration             26GB
Max Size Leaving Source per Iteration              26GB

2023-05-08 09:34:54,771 [Listener at 0.0.0.0/40209] INFO  ha.SCMContext (SCMContext.java:updateSafeModeStatus(228)) - Update SafeModeStatus from SafeModeStatus{safeModeStatus=true, preCheckPassed=false} to SafeModeStatus{safeModeStatus=true, preCheckPassed=false}.
2023-05-08 09:34:54,772 [Listener at 0.0.0.0/40209] INFO  server.StorageContainerManager (StorageContainerManager.java:start(1477)) - StorageContainerLocationProtocol RPC server is listening at /0.0.0.0:40209
2023-05-08 09:34:54,774 [Listener at 0.0.0.0/40209] WARN  impl.MetricsConfig (MetricsConfig.java:loadFirst(136)) - Cannot locate configuration: tried hadoop-metrics2-storagecontainermanager.properties,hadoop-metrics2.properties
2023-05-08 09:34:54,776 [Listener at 0.0.0.0/40209] INFO  impl.MetricsSystemImpl (MetricsSystemImpl.java:startTimer(378)) - Scheduled Metric snapshot period at 10 second(s).
2023-05-08 09:34:54,776 [Listener at 0.0.0.0/40209] INFO  impl.MetricsSystemImpl (MetricsSystemImpl.java:start(191)) - StorageContainerManager metrics system started
2023-05-08 09:34:54,793 [Listener at 0.0.0.0/40209] INFO  impl.MetricsSinkAdapter (MetricsSinkAdapter.java:start(204)) - Sink prometheus started
2023-05-08 09:34:54,793 [Listener at 0.0.0.0/40209] INFO  impl.MetricsSystemImpl (MetricsSystemImpl.java:registerSink(305)) - Registered sink prometheus
2023-05-08 09:34:54,805 [Listener at 0.0.0.0/40209] INFO  server.SCMClientProtocolServer (SCMClientProtocolServer.java:start(199)) - RPC server for Client  is listening at /0.0.0.0:40209
2023-05-08 09:34:54,806 [IPC Server Responder] INFO  ipc.Server (Server.java:run(1558)) - IPC Server Responder: starting
2023-05-08 09:34:54,806 [IPC Server listener on 40209] INFO  ipc.Server (Server.java:run(1398)) - IPC Server listener on 40209: starting
2023-05-08 09:34:54,807 [Listener at 0.0.0.0/40209] INFO  server.StorageContainerManager (StorageContainerManager.java:start(1491)) - ScmBlockLocationProtocol RPC server is listening at /0.0.0.0:42845
2023-05-08 09:34:54,808 [Listener at 0.0.0.0/40209] INFO  server.SCMBlockProtocolServer (SCMBlockProtocolServer.java:start(152)) - RPC server for Block Protocol is listening at /0.0.0.0:42845
2023-05-08 09:34:54,808 [IPC Server Responder] INFO  ipc.Server (Server.java:run(1558)) - IPC Server Responder: starting
2023-05-08 09:34:54,808 [IPC Server listener on 42845] INFO  ipc.Server (Server.java:run(1398)) - IPC Server listener on 42845: starting
2023-05-08 09:34:54,810 [Listener at 0.0.0.0/40209] INFO  server.SCMDatanodeProtocolServer (SCMDatanodeProtocolServer.java:start(193)) - ScmDatanodeProtocol RPC server for DataNodes is listening at /0.0.0.0:37785
2023-05-08 09:34:54,810 [IPC Server Responder] INFO  ipc.Server (Server.java:run(1558)) - IPC Server Responder: starting
2023-05-08 09:34:54,810 [IPC Server listener on 37785] INFO  ipc.Server (Server.java:run(1398)) - IPC Server listener on 37785: starting
2023-05-08 09:34:54,819 [Listener at 0.0.0.0/40209] INFO  http.BaseHttpServer (BaseHttpServer.java:newHttpServer2BuilderForOzone(224)) - Starting Web-server for scm at: http://0.0.0.0:39655
2023-05-08 09:34:54,820 [Listener at 0.0.0.0/40209] INFO  http.BaseHttpServer (BaseHttpServer.java:<init>(111)) - Hadoop Security Enabled: false Ozone Security Enabled: false Ozone HTTP Security Enabled: false 
2023-05-08 09:34:54,821 [Listener at 0.0.0.0/40209] WARN  server.AuthenticationFilter (AuthenticationFilter.java:constructSecretProvider(240)) - Unable to initialize FileSignerSecretProvider, falling back to use random secrets. Reason: Could not read signature secret file: /home/runner/hadoop-http-auth-signature-secret
2023-05-08 09:34:54,821 [org.apache.hadoop.util.JvmPauseMonitor$Monitor@49913d4c] INFO  util.JvmPauseMonitor (JvmPauseMonitor.java:run(188)) - Starting JVM pause monitor
2023-05-08 09:34:54,821 [Listener at 0.0.0.0/40209] INFO  http.HttpRequestLog (HttpRequestLog.java:getRequestLog(86)) - Http request log for http.requests.scm is not defined
2023-05-08 09:34:54,824 [Listener at 0.0.0.0/40209] INFO  http.HttpServer2 (HttpServer2.java:addGlobalFilter(1031)) - Added global filter 'safety' (class=org.apache.hadoop.hdds.server.http.HttpServer2$QuotingInputFilter)
2023-05-08 09:34:54,824 [Listener at 0.0.0.0/40209] INFO  http.HttpServer2 (HttpServer2.java:addFilter(1007)) - Added filter static_user_filter (class=org.apache.hadoop.http.lib.StaticUserWebFilter$StaticUserFilter) to context scm
2023-05-08 09:34:54,824 [Listener at 0.0.0.0/40209] INFO  http.HttpServer2 (HttpServer2.java:addFilter(1015)) - Added filter static_user_filter (class=org.apache.hadoop.http.lib.StaticUserWebFilter$StaticUserFilter) to context logs
2023-05-08 09:34:54,824 [Listener at 0.0.0.0/40209] INFO  http.HttpServer2 (HttpServer2.java:addFilter(1015)) - Added filter static_user_filter (class=org.apache.hadoop.http.lib.StaticUserWebFilter$StaticUserFilter) to context static
2023-05-08 09:34:54,825 [Listener at 0.0.0.0/40209] INFO  http.BaseHttpServer (BaseHttpServer.java:<init>(190)) - HTTP server of scm uses base directory /home/runner/work/ozone/ozone/hadoop-ozone/integration-test/target/test-dir/MiniOzoneClusterImpl-01576107-b0c1-4f3e-928e-95ca127bff40/ozone-meta/webserver
2023-05-08 09:34:54,825 [Listener at 0.0.0.0/40209] INFO  http.HttpServer2 (HttpServer2.java:bindListener(1250)) - Jetty bound to port 39655
2023-05-08 09:34:54,825 [Listener at 0.0.0.0/40209] INFO  server.Server (Server.java:doStart(375)) - jetty-9.4.51.v20230217; built: 2023-02-17T08:19:37.309Z; git: b45c405e4544384de066f814ed42ae3dceacdd49; jvm 1.8.0_362-b09
2023-05-08 09:34:54,829 [Listener at 0.0.0.0/40209] INFO  server.session (DefaultSessionIdManager.java:doStart(334)) - DefaultSessionIdManager workerName=node0
2023-05-08 09:34:54,829 [Listener at 0.0.0.0/40209] INFO  server.session (DefaultSessionIdManager.java:doStart(339)) - No SessionScavenger set, using defaults
2023-05-08 09:34:54,829 [Listener at 0.0.0.0/40209] INFO  server.session (HouseKeeper.java:startScavenging(132)) - node0 Scavenging every 600000ms
2023-05-08 09:34:54,829 [Listener at 0.0.0.0/40209] INFO  handler.ContextHandler (ContextHandler.java:doStart(921)) - Started o.e.j.s.ServletContextHandler@1b47d1e3{logs,/logs,file:///home/runner/work/ozone/ozone/hadoop-ozone/integration-test/target/log,AVAILABLE}
2023-05-08 09:34:54,830 [Listener at 0.0.0.0/40209] INFO  handler.ContextHandler (ContextHandler.java:doStart(921)) - Started o.e.j.s.ServletContextHandler@6359d346{static,/static,file:///home/runner/work/ozone/ozone/hadoop-ozone/integration-test/target/test-classes/webapps/static,AVAILABLE}
2023-05-08 09:34:54,833 [Listener at 0.0.0.0/40209] INFO  handler.ContextHandler (ContextHandler.java:doStart(921)) - Started o.e.j.w.WebAppContext@60146613{scm,/,file:///home/runner/work/ozone/ozone/hadoop-ozone/integration-test/target/test-classes/webapps/scm/,AVAILABLE}{file:/home/runner/work/ozone/ozone/hadoop-ozone/integration-test/target/test-classes/webapps/scm}
2023-05-08 09:34:54,837 [Listener at 0.0.0.0/40209] INFO  server.AbstractConnector (AbstractConnector.java:doStart(333)) - Started ServerConnector@2faab473{HTTP/1.1, (http/1.1)}{0.0.0.0:39655}
2023-05-08 09:34:54,837 [Listener at 0.0.0.0/40209] INFO  server.Server (Server.java:doStart(415)) - Started @102944ms
2023-05-08 09:34:54,837 [Listener at 0.0.0.0/40209] WARN  impl.MetricsSystemImpl (MetricsSystemImpl.java:register(279)) - Sink prometheus already exists!
2023-05-08 09:34:54,838 [Listener at 0.0.0.0/40209] INFO  http.BaseHttpServer (BaseHttpServer.java:updateConnectorAddress(344)) - HTTP server of scm listening at http://0.0.0.0:39655
2023-05-08 09:34:55,615 [IPC Server handler 0 on default port 37785] INFO  server.SCMDatanodeHeartbeatDispatcher (SCMDatanodeHeartbeatDispatcher.java:dispatch(106)) - SCM received heartbeat from an unregistered datanode 6616f055-76ca-43ad-ac05-7669e41b3072(fv-az96-539/10.1.0.160). Asking datanode to re-register.
2023-05-08 09:34:56,610 [IPC Server handler 0 on default port 37785] INFO  net.NetworkTopologyImpl (NetworkTopologyImpl.java:add(112)) - Added a new node: /default-rack/6616f055-76ca-43ad-ac05-7669e41b3072
2023-05-08 09:34:56,610 [IPC Server handler 0 on default port 37785] INFO  node.SCMNodeManager (SCMNodeManager.java:register(407)) - Registered Data node : 6616f055-76ca-43ad-ac05-7669e41b3072{ip: 10.1.0.160, host: fv-az96-539, ports: [HTTP=44913, REPLICATION=45715, RATIS=34545, RATIS_ADMIN=34545, RATIS_SERVER=34545, RATIS_DATASTREAM=41001, STANDALONE=44971], networkLocation: /default-rack, certSerialId: null, persistedOpState: null, persistedOpStateExpiryEpochSec: 0}
2023-05-08 09:34:56,627 [EventQueue-NodeRegistrationContainerReportForContainerSafeModeRule] INFO  safemode.SCMSafeModeManager (SCMSafeModeManager.java:validateSafeModeExitRules(200)) - ContainerSafeModeRule rule is successfully validated
2023-05-08 09:34:56,629 [EventQueue-NodeRegistrationContainerReportForDataNodeSafeModeRule] INFO  safemode.SCMSafeModeManager (DataNodeSafeModeRule.java:process(71)) - SCM in safe mode. 1 DataNodes registered, 1 required.
2023-05-08 09:34:56,637 [EventQueue-PipelineReportForOneReplicaPipelineSafeModeRule] INFO  safemode.SCMSafeModeManager (SCMSafeModeManager.java:validateSafeModeExitRules(200)) - AtleastOneDatanodeReportedRule rule is successfully validated
2023-05-08 09:34:56,637 [EventQueue-NewNodeForNewNodeHandler] INFO  pipeline.BackgroundPipelineCreator (BackgroundPipelineCreator.java:notifyEventTriggered(276)) - trigger a one-shot run on RatisPipelineUtilsThread.
2023-05-08 09:34:56,638 [EventQueue-NodeRegistrationContainerReportForDataNodeSafeModeRule] INFO  safemode.SCMSafeModeManager (SCMSafeModeManager.java:validateSafeModeExitRules(200)) - DataNodeSafeModeRule rule is successfully validated
2023-05-08 09:34:56,638 [EventQueue-NodeRegistrationContainerReportForDataNodeSafeModeRule] INFO  safemode.SCMSafeModeManager (SCMSafeModeManager.java:completePreCheck(229)) - All SCM safe mode pre check rules have passed
2023-05-08 09:34:56,638 [EventQueue-NodeRegistrationContainerReportForDataNodeSafeModeRule] INFO  ha.SCMContext (SCMContext.java:updateSafeModeStatus(228)) - Update SafeModeStatus from SafeModeStatus{safeModeStatus=true, preCheckPassed=false} to SafeModeStatus{safeModeStatus=true, preCheckPassed=true}.
2023-05-08 09:34:56,638 [EventQueue-NodeRegistrationContainerReportForDataNodeSafeModeRule] INFO  pipeline.BackgroundPipelineCreator (BackgroundPipelineCreator.java:notifyEventTriggered(276)) - trigger a one-shot run on RatisPipelineUtilsThread.
2023-05-08 09:34:56,641 [RatisPipelineUtilsThread - 0] ERROR scm.SCMCommonPlacementPolicy (SCMCommonPlacementPolicy.java:filterNodesWithSpace(285)) - Unable to find enough nodes that meet the space requirement of 1073741824 bytes for metadata and 5368709120 bytes for data in healthy node set. Required 3. Found 1.
2023-05-08 09:34:56,653 [EventQueue-OpenPipelineForHealthyPipelineSafeModeRule] INFO  safemode.SCMSafeModeManager (SCMSafeModeManager.java:validateSafeModeExitRules(200)) - HealthyPipelineSafeModeRule rule is successfully validated
2023-05-08 09:34:56,654 [EventQueue-OpenPipelineForHealthyPipelineSafeModeRule] INFO  safemode.SCMSafeModeManager (SCMSafeModeManager.java:validateSafeModeExitRules(215)) - ScmSafeModeManager, all rules are successfully validated
2023-05-08 09:34:56,654 [EventQueue-OpenPipelineForHealthyPipelineSafeModeRule] INFO  safemode.SCMSafeModeManager (SCMSafeModeManager.java:exitSafeMode(244)) - SCM exiting safe mode.
2023-05-08 09:34:56,654 [EventQueue-OpenPipelineForHealthyPipelineSafeModeRule] INFO  ha.SCMContext (SCMContext.java:updateSafeModeStatus(228)) - Update SafeModeStatus from SafeModeStatus{safeModeStatus=true, preCheckPassed=true} to SafeModeStatus{safeModeStatus=false, preCheckPassed=true}.
2023-05-08 09:34:56,654 [EventQueue-OpenPipelineForHealthyPipelineSafeModeRule] INFO  pipeline.BackgroundPipelineCreator (BackgroundPipelineCreator.java:notifyStatusChanged(254)) - Service BackgroundPipelineCreator transitions to RUNNING.
2023-05-08 09:34:56,654 [EventQueue-OpenPipelineForHealthyPipelineSafeModeRule] INFO  BackgroundPipelineScrubber (BackgroundSCMService.java:notifyStatusChanged(82)) - Service BackgroundPipelineScrubber transitions to RUNNING.
2023-05-08 09:34:56,654 [EventQueue-OpenPipelineForHealthyPipelineSafeModeRule] INFO  ExpiredContainerReplicaOpScrubber (BackgroundSCMService.java:notifyStatusChanged(82)) - Service ExpiredContainerReplicaOpScrubber transitions to RUNNING.
2023-05-08 09:34:56,654 [EventQueue-OpenPipelineForHealthyPipelineSafeModeRule] INFO  replication.ReplicationManager (ReplicationManager.java:notifyStatusChanged(1370)) - Service ReplicationManager transitions to RUNNING.
2023-05-08 09:34:56,655 [EventQueue-OpenPipelineForHealthyPipelineSafeModeRule] WARN  balancer.ContainerBalancer (ContainerBalancer.java:shouldRun(132)) - Could not find persisted configuration for ContainerBalancer when checking if ContainerBalancer should run. ContainerBalancer should not run now.
2023-05-08 09:35:02,454 [Listener at 0.0.0.0/40209] INFO  replication.ReplicationManager (ReplicationManager.java:sendDatanodeCommand(677)) - Sending command [closeContainerCommand: containerID: 1, pipelineID: PipelineID=70d1c722-cb52-4c6a-ac20-b6cb6e91fdb5, force: false] for container ContainerInfo{id=#1, state=CLOSING, pipelineID=PipelineID=70d1c722-cb52-4c6a-ac20-b6cb6e91fdb5, stateEnterTime=2023-05-08T09:34:39.840Z, owner=om1} to 6616f055-76ca-43ad-ac05-7669e41b3072(fv-az96-539/10.1.0.160) with datanode deadline 1683540272454 and scm deadline 1683540302454
2023-05-08 09:35:02,477 [Listener at 0.0.0.0/40209] INFO  replication.ReplicationManager (ReplicationManager.java:processAll(396)) - Replication Monitor Thread took 28 milliseconds for processing 8 containers.
2023-05-08 09:35:07,491 [Listener at 0.0.0.0/40209] INFO  ozone.MiniOzoneClusterImpl (MiniOzoneClusterImpl.java:shutdown(457)) - Shutting down the Mini Ozone Cluster
2023-05-08 09:35:07,492 [Listener at 0.0.0.0/40209] INFO  ozone.MiniOzoneClusterImpl (MiniOzoneClusterImpl.java:stop(476)) - Stopping the Mini Ozone Cluster
2023-05-08 09:35:07,492 [Listener at 0.0.0.0/40209] INFO  ozone.MiniOzoneClusterImpl (MiniOzoneClusterImpl.java:stopOM(562)) - Stopping the OzoneManager
2023-05-08 09:35:07,492 [Listener at 0.0.0.0/40209] INFO  om.OzoneManager (OzoneManager.java:stop(2173)) - om1[localhost:0]: Stopping Ozone Manager
2023-05-08 09:35:07,492 [Listener at 0.0.0.0/40209] INFO  ipc.Server (Server.java:stop(3501)) - Stopping server on 45011
2023-05-08 09:35:07,495 [IPC Server listener on 0] INFO  ipc.Server (Server.java:run(1430)) - Stopping IPC Server listener on 0
2023-05-08 09:35:07,497 [IPC Server Responder] INFO  ipc.Server (Server.java:run(1563)) - Stopping IPC Server Responder
2023-05-08 09:35:07,498 [Listener at 0.0.0.0/40209] INFO  server.RaftServer (RaftServerProxy.java:lambda$close$6(409)) - om1: close
2023-05-08 09:35:07,498 [Listener at 0.0.0.0/40209] INFO  server.GrpcService (GrpcService.java:closeImpl(271)) - om1: shutdown server GrpcServerProtocolService now
2023-05-08 09:35:07,499 [om1-impl-thread1] INFO  server.RaftServer$Division (RaftServerImpl.java:lambda$close$4(458)) - om1@group-C5BA1605619E: shutdown
2023-05-08 09:35:07,499 [om1-impl-thread1] INFO  util.JmxRegister (JmxRegister.java:unregister(73)) - Successfully un-registered JMX Bean with object name Ratis:service=RaftServer,group=group-C5BA1605619E,id=om1
2023-05-08 09:35:07,499 [om1-impl-thread1] INFO  impl.RoleInfo (RoleInfo.java:shutdownLeaderState(93)) - om1: shutdown om1@group-C5BA1605619E-LeaderStateImpl
2023-05-08 09:35:07,500 [om1-impl-thread1] INFO  impl.PendingRequests (PendingRequests.java:sendNotLeaderResponses(282)) - om1@group-C5BA1605619E-PendingRequests: sendNotLeaderResponses
2023-05-08 09:35:07,500 [Listener at 0.0.0.0/40209] INFO  server.GrpcService (GrpcService.java:closeImpl(280)) - om1: shutdown server GrpcServerProtocolService successfully
2023-05-08 09:35:07,504 [om1@group-C5BA1605619E-StateMachineUpdater] INFO  ratis.OzoneManagerStateMachine (OzoneManagerStateMachine.java:takeSnapshot(479)) - Current Snapshot Index (t:1, i:44)
2023-05-08 09:35:07,503 [om1-impl-thread1] INFO  impl.StateMachineUpdater (StateMachineUpdater.java:stopAndJoin(153)) - om1@group-C5BA1605619E-StateMachineUpdater: set stopIndex = 44
2023-05-08 09:35:07,523 [om1@group-C5BA1605619E-StateMachineUpdater] INFO  impl.StateMachineUpdater (StateMachineUpdater.java:takeSnapshot(287)) - om1@group-C5BA1605619E-StateMachineUpdater: Took a snapshot at index 44
2023-05-08 09:35:07,523 [om1@group-C5BA1605619E-StateMachineUpdater] INFO  impl.StateMachineUpdater (StateMachineUpdater.java:lambda$new$0(92)) - om1@group-C5BA1605619E-StateMachineUpdater: snapshotIndex: updateIncreasingly -1 -> 44
2023-05-08 09:35:07,523 [om1@group-C5BA1605619E-StateMachineUpdater] INFO  ratis.OzoneManagerStateMachine (OzoneManagerStateMachine.java:close(533)) - StateMachine has shutdown. Shutdown OzoneManager if not already shutdown.
2023-05-08 09:35:07,523 [om1@group-C5BA1605619E-StateMachineUpdater] INFO  ratis.OzoneManagerDoubleBuffer (OzoneManagerDoubleBuffer.java:stopDaemon(559)) - Stopping OMDoubleBuffer flush thread
2023-05-08 09:35:07,523 [OMDoubleBufferFlushThread] INFO  ratis.OzoneManagerDoubleBuffer (OzoneManagerDoubleBuffer.java:canFlush(648)) - OMDoubleBuffer flush thread OMDoubleBufferFlushThread is interrupted and will exit.
2023-05-08 09:35:07,524 [om1-impl-thread1] INFO  server.RaftServer$Division (ServerState.java:close(466)) - om1@group-C5BA1605619E: closes. applyIndex: 44
2023-05-08 09:35:07,525 [om1@group-C5BA1605619E-SegmentedRaftLogWorker] INFO  segmented.SegmentedRaftLogWorker (SegmentedRaftLogWorker.java:run(347)) - om1@group-C5BA1605619E-SegmentedRaftLogWorker was interrupted, exiting. There are 0 tasks remaining in the queue.
2023-05-08 09:35:07,526 [om1-impl-thread1] INFO  segmented.SegmentedRaftLogWorker (SegmentedRaftLogWorker.java:close(257)) - om1@group-C5BA1605619E-SegmentedRaftLogWorker close()
2023-05-08 09:35:07,527 [JvmPauseMonitor10] INFO  util.JvmPauseMonitor (JvmPauseMonitor.java:run(111)) - JvmPauseMonitor-om1: Stopped
2023-05-08 09:35:07,527 [Listener at 0.0.0.0/40209] INFO  ratis.OzoneManagerStateMachine (OzoneManagerStateMachine.java:close(533)) - StateMachine has shutdown. Shutdown OzoneManager if not already shutdown.
2023-05-08 09:35:07,527 [Listener at 0.0.0.0/40209] INFO  ratis.OzoneManagerDoubleBuffer (OzoneManagerDoubleBuffer.java:stopDaemon(568)) - OMDoubleBuffer flush thread is not running.
2023-05-08 09:35:07,527 [Listener at 0.0.0.0/40209] INFO  utils.BackgroundService (BackgroundService.java:shutdown(141)) - Shutting down service KeyDeletingService
2023-05-08 09:35:07,527 [Listener at 0.0.0.0/40209] INFO  utils.BackgroundService (BackgroundService.java:shutdown(141)) - Shutting down service KeyDeletingService
2023-05-08 09:35:07,528 [Listener at 0.0.0.0/40209] INFO  utils.BackgroundService (BackgroundService.java:shutdown(141)) - Shutting down service OpenKeyCleanupService
2023-05-08 09:35:07,528 [Listener at 0.0.0.0/40209] INFO  utils.BackgroundService (BackgroundService.java:shutdown(141)) - Shutting down service SstFilteringService
2023-05-08 09:35:07,528 [Listener at 0.0.0.0/40209] INFO  utils.BackgroundService (BackgroundService.java:shutdown(141)) - Shutting down service SnapshotDeletingService
2023-05-08 09:35:07,529 [Listener at 0.0.0.0/40209] INFO  handler.ContextHandler (ContextHandler.java:doStop(1159)) - Stopped o.e.j.w.WebAppContext@70ae72a{ozoneManager,/,null,STOPPED}{file:/home/runner/work/ozone/ozone/hadoop-ozone/integration-test/target/test-classes/webapps/ozoneManager}
2023-05-08 09:35:07,530 [Listener at 0.0.0.0/40209] INFO  server.AbstractConnector (AbstractConnector.java:doStop(383)) - Stopped ServerConnector@4404ad2a{HTTP/1.1, (http/1.1)}{0.0.0.0:0}
2023-05-08 09:35:07,530 [Listener at 0.0.0.0/40209] INFO  server.session (HouseKeeper.java:stopScavenging(149)) - node0 Stopped scavenging
2023-05-08 09:35:07,530 [Listener at 0.0.0.0/40209] INFO  handler.ContextHandler (ContextHandler.java:doStop(1159)) - Stopped o.e.j.s.ServletContextHandler@6409e8cf{static,/static,file:///home/runner/work/ozone/ozone/hadoop-ozone/integration-test/target/test-classes/webapps/static,STOPPED}
2023-05-08 09:35:07,531 [Listener at 0.0.0.0/40209] INFO  handler.ContextHandler (ContextHandler.java:doStop(1159)) - Stopped o.e.j.s.ServletContextHandler@67b76dcf{logs,/logs,file:///home/runner/work/ozone/ozone/hadoop-ozone/integration-test/target/log,STOPPED}
2023-05-08 09:35:07,533 [Listener at 0.0.0.0/40209] INFO  utils.BackgroundService (BackgroundService.java:shutdown(141)) - Shutting down service SnapshotDiffCleanupService
2023-05-08 09:35:07,536 [Listener at 0.0.0.0/40209] INFO  ozone.MiniOzoneClusterImpl (MiniOzoneClusterImpl.java:stopDatanodes(539)) - Stopping the HddsDatanodes
2023-05-08 09:35:07,538 [Listener at 0.0.0.0/40209] INFO  ozoneimpl.OzoneContainer (OzoneContainer.java:stop(419)) - Attempting to stop container services.
2023-05-08 09:35:07,539 [Listener at 0.0.0.0/40209] INFO  server.RaftServer (RaftServerProxy.java:lambda$close$6(409)) - 6616f055-76ca-43ad-ac05-7669e41b3072: close
2023-05-08 09:35:07,540 [6616f055-76ca-43ad-ac05-7669e41b3072-impl-thread1] INFO  server.RaftServer$Division (RaftServerImpl.java:lambda$close$4(458)) - 6616f055-76ca-43ad-ac05-7669e41b3072@group-B6CB6E91FDB5: shutdown
2023-05-08 09:35:07,540 [6616f055-76ca-43ad-ac05-7669e41b3072-impl-thread1] INFO  util.JmxRegister (JmxRegister.java:unregister(73)) - Successfully un-registered JMX Bean with object name Ratis:service=RaftServer,group=group-B6CB6E91FDB5,id=6616f055-76ca-43ad-ac05-7669e41b3072
2023-05-08 09:35:07,540 [6616f055-76ca-43ad-ac05-7669e41b3072-impl-thread1] INFO  impl.RoleInfo (RoleInfo.java:shutdownLeaderState(93)) - 6616f055-76ca-43ad-ac05-7669e41b3072: shutdown 6616f055-76ca-43ad-ac05-7669e41b3072@group-B6CB6E91FDB5-LeaderStateImpl
2023-05-08 09:35:07,540 [6616f055-76ca-43ad-ac05-7669e41b3072-impl-thread1] INFO  impl.PendingRequests (PendingRequests.java:sendNotLeaderResponses(282)) - 6616f055-76ca-43ad-ac05-7669e41b3072@group-B6CB6E91FDB5-PendingRequests: sendNotLeaderResponses
2023-05-08 09:35:07,542 [6616f055-76ca-43ad-ac05-7669e41b3072-impl-thread1] INFO  impl.StateMachineUpdater (StateMachineUpdater.java:stopAndJoin(153)) - 6616f055-76ca-43ad-ac05-7669e41b3072@group-B6CB6E91FDB5-StateMachineUpdater: set stopIndex = 32
2023-05-08 09:35:07,542 [Listener at 0.0.0.0/40209] INFO  server.GrpcService (GrpcService.java:closeImpl(271)) - 6616f055-76ca-43ad-ac05-7669e41b3072: shutdown server GrpcServerProtocolService now
2023-05-08 09:35:07,542 [6616f055-76ca-43ad-ac05-7669e41b3072@group-B6CB6E91FDB5-StateMachineUpdater] INFO  ratis.ContainerStateMachine (ContainerStateMachine.java:takeSnapshot(330)) - group-B6CB6E91FDB5: Taking a snapshot at:(t:1, i:32) file /home/runner/work/ozone/ozone/hadoop-ozone/integration-test/target/test-dir/MiniOzoneClusterImpl-01576107-b0c1-4f3e-928e-95ca127bff40/datanode-0/data/ratis/70d1c722-cb52-4c6a-ac20-b6cb6e91fdb5/sm/snapshot.1_32
2023-05-08 09:35:07,544 [6616f055-76ca-43ad-ac05-7669e41b3072@group-B6CB6E91FDB5-StateMachineUpdater] INFO  ratis.ContainerStateMachine (ContainerStateMachine.java:takeSnapshot(341)) - group-B6CB6E91FDB5: Finished taking a snapshot at:(t:1, i:32) file:/home/runner/work/ozone/ozone/hadoop-ozone/integration-test/target/test-dir/MiniOzoneClusterImpl-01576107-b0c1-4f3e-928e-95ca127bff40/datanode-0/data/ratis/70d1c722-cb52-4c6a-ac20-b6cb6e91fdb5/sm/snapshot.1_32 took: 2 ms
2023-05-08 09:35:07,544 [6616f055-76ca-43ad-ac05-7669e41b3072@group-B6CB6E91FDB5-StateMachineUpdater] INFO  impl.StateMachineUpdater (StateMachineUpdater.java:takeSnapshot(287)) - 6616f055-76ca-43ad-ac05-7669e41b3072@group-B6CB6E91FDB5-StateMachineUpdater: Took a snapshot at index 32
2023-05-08 09:35:07,544 [6616f055-76ca-43ad-ac05-7669e41b3072@group-B6CB6E91FDB5-StateMachineUpdater] INFO  impl.StateMachineUpdater (StateMachineUpdater.java:lambda$new$0(92)) - 6616f055-76ca-43ad-ac05-7669e41b3072@group-B6CB6E91FDB5-StateMachineUpdater: snapshotIndex: updateIncreasingly -1 -> 32
2023-05-08 09:35:07,552 [Listener at 0.0.0.0/40209] INFO  server.GrpcService (GrpcService.java:closeImpl(280)) - 6616f055-76ca-43ad-ac05-7669e41b3072: shutdown server GrpcServerProtocolService successfully
2023-05-08 09:35:07,553 [6616f055-76ca-43ad-ac05-7669e41b3072-impl-thread1] INFO  server.RaftServer$Division (ServerState.java:close(466)) - 6616f055-76ca-43ad-ac05-7669e41b3072@group-B6CB6E91FDB5: closes. applyIndex: 32
2023-05-08 09:35:07,553 [6616f055-76ca-43ad-ac05-7669e41b3072@group-B6CB6E91FDB5-SegmentedRaftLogWorker] INFO  segmented.SegmentedRaftLogWorker (SegmentedRaftLogWorker.java:run(347)) - 6616f055-76ca-43ad-ac05-7669e41b3072@group-B6CB6E91FDB5-SegmentedRaftLogWorker was interrupted, exiting. There are 0 tasks remaining in the queue.
2023-05-08 09:35:07,557 [6616f055-76ca-43ad-ac05-7669e41b3072-NettyServerStreamRpc-bossGroup--thread1] INFO  logging.LoggingHandler (AbstractInternalLogger.java:log(148)) - [id: 0x90fcd5ae, L:/0:0:0:0:0:0:0:0:41001] CLOSE
2023-05-08 09:35:07,557 [6616f055-76ca-43ad-ac05-7669e41b3072-NettyServerStreamRpc-bossGroup--thread1] INFO  logging.LoggingHandler (AbstractInternalLogger.java:log(148)) - [id: 0x90fcd5ae, L:/0:0:0:0:0:0:0:0:41001] INACTIVE
2023-05-08 09:35:07,557 [6616f055-76ca-43ad-ac05-7669e41b3072-NettyServerStreamRpc-bossGroup--thread1] INFO  logging.LoggingHandler (AbstractInternalLogger.java:log(148)) - [id: 0x90fcd5ae, L:/0:0:0:0:0:0:0:0:41001] UNREGISTERED
2023-05-08 09:35:07,560 [6616f055-76ca-43ad-ac05-7669e41b3072-impl-thread1] INFO  segmented.SegmentedRaftLogWorker (SegmentedRaftLogWorker.java:close(257)) - 6616f055-76ca-43ad-ac05-7669e41b3072@group-B6CB6E91FDB5-SegmentedRaftLogWorker close()
2023-05-08 09:35:07,563 [JvmPauseMonitor11] INFO  util.JvmPauseMonitor (JvmPauseMonitor.java:run(111)) - JvmPauseMonitor-6616f055-76ca-43ad-ac05-7669e41b3072: Stopped
2023-05-08 09:35:09,570 [Listener at 0.0.0.0/40209] INFO  volume.HddsVolume (HddsVolume.java:closeDbStore(437)) - SchemaV3 db is stopped at /home/runner/work/ozone/ozone/hadoop-ozone/integration-test/target/test-dir/MiniOzoneClusterImpl-01576107-b0c1-4f3e-928e-95ca127bff40/datanode-0/data-0/containers/hdds/01576107-b0c1-4f3e-928e-95ca127bff40/DS-2468037e-2f72-49f0-b912-febcd6b51e04/container.db for volume DS-2468037e-2f72-49f0-b912-febcd6b51e04
2023-05-08 09:35:09,571 [Listener at 0.0.0.0/40209] INFO  utils.BackgroundService (BackgroundService.java:shutdown(141)) - Shutting down service BlockDeletingService
2023-05-08 09:35:09,572 [Listener at 0.0.0.0/40209] INFO  utils.BackgroundService (BackgroundService.java:shutdown(141)) - Shutting down service StaleRecoveringContainerScrubbingService
2023-05-08 09:35:09,575 [Listener at 0.0.0.0/40209] INFO  statemachine.DatanodeStateMachine (DatanodeStateMachine.java:stopDaemon(608)) - Ozone container server stopped.
2023-05-08 09:35:09,589 [Listener at 0.0.0.0/40209] INFO  handler.ContextHandler (ContextHandler.java:doStop(1159)) - Stopped o.e.j.w.WebAppContext@1dae0a14{hddsDatanode,/,null,STOPPED}{jar:file:/home/runner/.m2/repository/org/apache/ozone/hdds-container-service/1.4.0-SNAPSHOT/hdds-container-service-1.4.0-SNAPSHOT.jar!/webapps/hddsDatanode}
2023-05-08 09:35:09,591 [Listener at 0.0.0.0/40209] INFO  server.AbstractConnector (AbstractConnector.java:doStop(383)) - Stopped ServerConnector@471e4ab5{HTTP/1.1, (http/1.1)}{0.0.0.0:0}
2023-05-08 09:35:09,591 [Listener at 0.0.0.0/40209] INFO  server.session (HouseKeeper.java:stopScavenging(149)) - node0 Stopped scavenging
2023-05-08 09:35:09,591 [Listener at 0.0.0.0/40209] INFO  handler.ContextHandler (ContextHandler.java:doStop(1159)) - Stopped o.e.j.s.ServletContextHandler@6307e90a{static,/static,jar:file:/home/runner/.m2/repository/org/apache/ozone/hdds-container-service/1.4.0-SNAPSHOT/hdds-container-service-1.4.0-SNAPSHOT.jar!/webapps/static,STOPPED}
2023-05-08 09:35:09,593 [Listener at 0.0.0.0/40209] INFO  handler.ContextHandler (ContextHandler.java:doStop(1159)) - Stopped o.e.j.s.ServletContextHandler@192ffeea{logs,/logs,file:///home/runner/work/ozone/ozone/hadoop-ozone/integration-test/target/log,STOPPED}
2023-05-08 09:35:09,595 [Listener at 0.0.0.0/40209] INFO  ozone.MiniOzoneClusterImpl (MiniOzoneClusterImpl.java:stopSCM(554)) - Stopping the StorageContainerManager
2023-05-08 09:35:09,595 [Listener at 0.0.0.0/40209] INFO  server.StorageContainerManager (StorageContainerManager.java:stop(1578)) - Container Balancer is not running.
2023-05-08 09:35:09,595 [Listener at 0.0.0.0/40209] INFO  server.StorageContainerManager (StorageContainerManager.java:stopReplicationManager(1709)) - Stopping Replication Manager Service.
2023-05-08 09:35:09,595 [Listener at 0.0.0.0/40209] INFO  replication.ReplicationManager (ReplicationManager.java:stop(326)) - Stopping Replication Monitor Thread.
2023-05-08 09:35:09,595 [Under Replicated Processor] WARN  replication.UnhealthyReplicationProcessor (UnhealthyReplicationProcessor.java:run(167)) - Under Replicated Processor interrupted. Exiting...
2023-05-08 09:35:09,595 [Listener at 0.0.0.0/40209] INFO  server.StorageContainerManager (StorageContainerManager.java:stop(1587)) - Stopping the Datanode Admin Monitor.
2023-05-08 09:35:09,595 [ReplicationMonitor] INFO  replication.ReplicationManager (ReplicationManager.java:run(937)) - Replication Monitor Thread is stopped
2023-05-08 09:35:09,595 [Over Replicated Processor] WARN  replication.UnhealthyReplicationProcessor (UnhealthyReplicationProcessor.java:run(167)) - Over Replicated Processor interrupted. Exiting...
2023-05-08 09:35:09,595 [Listener at 0.0.0.0/40209] INFO  server.StorageContainerManager (StorageContainerManager.java:stop(1594)) - Stopping datanode service RPC server
2023-05-08 09:35:09,596 [Listener at 0.0.0.0/40209] INFO  server.SCMDatanodeProtocolServer (SCMDatanodeProtocolServer.java:stop(424)) - Stopping the RPC server for DataNodes
2023-05-08 09:35:09,596 [Listener at 0.0.0.0/40209] INFO  ipc.Server (Server.java:stop(3501)) - Stopping server on 37785
2023-05-08 09:35:09,597 [IPC Server listener on 37785] INFO  ipc.Server (Server.java:run(1430)) - Stopping IPC Server listener on 37785
2023-05-08 09:35:09,602 [IPC Server Responder] INFO  ipc.Server (Server.java:run(1563)) - Stopping IPC Server Responder
2023-05-08 09:35:09,748 [SCM Heartbeat Processing Thread - 0] WARN  node.NodeStateManager (NodeStateManager.java:scheduleNextHealthCheck(870)) - Current Thread is interrupted, shutting down HB processing thread for Node Manager.
2023-05-08 09:35:09,748 [Listener at 0.0.0.0/40209] INFO  server.StorageContainerManager (StorageContainerManager.java:stop(1602)) - Stopping block service RPC server
2023-05-08 09:35:09,749 [Listener at 0.0.0.0/40209] INFO  server.SCMBlockProtocolServer (SCMBlockProtocolServer.java:stop(161)) - Stopping the RPC server for Block Protocol
2023-05-08 09:35:09,749 [Listener at 0.0.0.0/40209] INFO  ipc.Server (Server.java:stop(3501)) - Stopping server on 42845
2023-05-08 09:35:09,751 [Listener at 0.0.0.0/40209] INFO  server.StorageContainerManager (StorageContainerManager.java:stop(1609)) - Stopping the StorageContainerLocationProtocol RPC server
2023-05-08 09:35:09,752 [IPC Server listener on 42845] INFO  ipc.Server (Server.java:run(1430)) - Stopping IPC Server listener on 42845
2023-05-08 09:35:09,751 [IPC Server Responder] INFO  ipc.Server (Server.java:run(1563)) - Stopping IPC Server Responder
2023-05-08 09:35:09,752 [Listener at 0.0.0.0/40209] INFO  server.SCMClientProtocolServer (SCMClientProtocolServer.java:stop(208)) - Stopping the RPC server for Client Protocol
2023-05-08 09:35:09,752 [Listener at 0.0.0.0/40209] INFO  ipc.Server (Server.java:stop(3501)) - Stopping server on 40209
2023-05-08 09:35:09,755 [Listener at 0.0.0.0/40209] INFO  server.StorageContainerManager (StorageContainerManager.java:stop(1616)) - Stopping Storage Container Manager HTTP server.
2023-05-08 09:35:09,755 [IPC Server Responder] INFO  ipc.Server (Server.java:run(1563)) - Stopping IPC Server Responder
2023-05-08 09:35:09,755 [Listener at 0.0.0.0/40209] INFO  handler.ContextHandler (ContextHandler.java:doStop(1159)) - Stopped o.e.j.w.WebAppContext@60146613{scm,/,null,STOPPED}{file:/home/runner/work/ozone/ozone/hadoop-ozone/integration-test/target/test-classes/webapps/scm}
2023-05-08 09:35:09,756 [IPC Server listener on 40209] INFO  ipc.Server (Server.java:run(1430)) - Stopping IPC Server listener on 40209
2023-05-08 09:35:09,757 [Listener at 0.0.0.0/40209] INFO  server.AbstractConnector (AbstractConnector.java:doStop(383)) - Stopped ServerConnector@2faab473{HTTP/1.1, (http/1.1)}{0.0.0.0:39655}
2023-05-08 09:35:09,757 [Listener at 0.0.0.0/40209] INFO  server.session (HouseKeeper.java:stopScavenging(149)) - node0 Stopped scavenging
2023-05-08 09:35:09,757 [Listener at 0.0.0.0/40209] INFO  handler.ContextHandler (ContextHandler.java:doStop(1159)) - Stopped o.e.j.s.ServletContextHandler@6359d346{static,/static,file:///home/runner/work/ozone/ozone/hadoop-ozone/integration-test/target/test-classes/webapps/static,STOPPED}
2023-05-08 09:35:09,757 [Listener at 0.0.0.0/40209] INFO  handler.ContextHandler (ContextHandler.java:doStop(1159)) - Stopped o.e.j.s.ServletContextHandler@1b47d1e3{logs,/logs,file:///home/runner/work/ozone/ozone/hadoop-ozone/integration-test/target/log,STOPPED}
2023-05-08 09:35:09,758 [Listener at 0.0.0.0/40209] INFO  server.StorageContainerManager (StorageContainerManager.java:stop(1624)) - Stopping SCM LayoutVersionManager Service.
2023-05-08 09:35:09,758 [Listener at 0.0.0.0/40209] INFO  server.StorageContainerManager (StorageContainerManager.java:stop(1632)) - Stopping Block Manager Service.
2023-05-08 09:35:09,758 [Listener at 0.0.0.0/40209] INFO  utils.BackgroundService (BackgroundService.java:shutdown(141)) - Shutting down service SCMBlockDeletingService
2023-05-08 09:35:09,759 [Listener at 0.0.0.0/40209] INFO  utils.BackgroundService (BackgroundService.java:shutdown(141)) - Shutting down service SCMBlockDeletingService
2023-05-08 09:35:09,759 [Listener at 0.0.0.0/40209] INFO  server.StorageContainerManager (StorageContainerManager.java:stop(1654)) - Stopping SCM Event Queue.
2023-05-08 09:35:09,759 [Listener at 0.0.0.0/40209] INFO  server.StorageContainerManager (StorageContainerManager.java:stop(1665)) - Stopping SCM HA services.
2023-05-08 09:35:09,759 [Listener at 0.0.0.0/40209] INFO  pipeline.BackgroundPipelineCreator (BackgroundPipelineCreator.java:stop(149)) - Stopping RatisPipelineUtilsThread.
2023-05-08 09:35:09,760 [RatisPipelineUtilsThread - 0] WARN  pipeline.BackgroundPipelineCreator (BackgroundPipelineCreator.java:run(180)) - RatisPipelineUtilsThread is interrupted.
2023-05-08 09:35:09,760 [Listener at 0.0.0.0/40209] INFO  BackgroundPipelineScrubber (BackgroundSCMService.java:stop(131)) - Stopping BackgroundPipelineScrubber Service.
2023-05-08 09:35:09,760 [BackgroundPipelineScrubberThread] WARN  BackgroundPipelineScrubber (BackgroundSCMService.java:run(115)) - BackgroundPipelineScrubber is interrupted, exit
2023-05-08 09:35:09,761 [Listener at 0.0.0.0/40209] INFO  impl.MetricsSystemImpl (MetricsSystemImpl.java:stop(210)) - Stopping StorageContainerManager metrics system...
2023-05-08 09:35:09,762 [prometheus] INFO  impl.MetricsSinkAdapter (MetricsSinkAdapter.java:publishMetricsFromQueue(141)) - prometheus thread interrupted.
2023-05-08 09:35:09,762 [Listener at 0.0.0.0/40209] INFO  impl.MetricsSystemImpl (MetricsSystemImpl.java:stop(216)) - StorageContainerManager metrics system stopped.
2023-05-08 09:35:09,762 [Listener at 0.0.0.0/40209] WARN  pipeline.BackgroundPipelineCreator (BackgroundPipelineCreator.java:stop(145)) - RatisPipelineUtilsThread is not running, just ignore.
2023-05-08 09:35:09,762 [Listener at 0.0.0.0/40209] INFO  BackgroundPipelineScrubber (BackgroundSCMService.java:stop(126)) - BackgroundPipelineScrubber Service is not running, skip stop.
2023-05-08 09:35:09,762 [ExpiredContainerReplicaOpScrubberThread] WARN  ExpiredContainerReplicaOpScrubber (BackgroundSCMService.java:run(115)) - ExpiredContainerReplicaOpScrubber is interrupted, exit
2023-05-08 09:35:09,762 [Listener at 0.0.0.0/40209] INFO  ExpiredContainerReplicaOpScrubber (BackgroundSCMService.java:stop(131)) - Stopping ExpiredContainerReplicaOpScrubber Service.
2023-05-08 09:35:09,762 [Listener at 0.0.0.0/40209] INFO  utils.BackgroundService (BackgroundService.java:shutdown(141)) - Shutting down service SCMBlockDeletingService
2023-05-08 09:35:09,762 [Listener at 0.0.0.0/40209] INFO  replication.ReplicationManager (ReplicationManager.java:stop(336)) - Replication Monitor Thread is not running.
2023-05-08 09:35:09,762 [Listener at 0.0.0.0/40209] WARN  balancer.ContainerBalancer (ContainerBalancer.java:stop(324)) - Cannot stop Container Balancer because it's not running or stopping
2023-05-08 09:35:09,763 [Listener at 0.0.0.0/40209] INFO  server.StorageContainerManager (StorageContainerManager.java:stop(1700)) - Stopping SCM MetadataStore.
]]></system-out>
  </testcase>
  <testcase name="testContainerReportQueueWithDrop" classname="org.apache.hadoop.ozone.TestStorageContainerManager" time="1.139"/>
  <testcase name="testRpcPermission" classname="org.apache.hadoop.ozone.TestStorageContainerManager" time="57.048">
    <system-out><![CDATA[2023-05-08 09:35:11,042 [Time-limited test] WARN  server.ServerUtils (ServerUtils.java:getScmDbDir(148)) - ozone.scm.db.dirs is not configured. We recommend adding this setting. Falling back to ozone.metadata.dirs instead.
2023-05-08 09:35:11,044 [Time-limited test] WARN  server.ServerUtils (ServerUtils.java:getScmDbDir(148)) - ozone.scm.db.dirs is not configured. We recommend adding this setting. Falling back to ozone.metadata.dirs instead.
2023-05-08 09:35:11,045 [Time-limited test] INFO  ha.SCMHANodeDetails (SCMHANodeDetails.java:loadSCMHAConfig(209)) - ServiceID for StorageContainerManager is null
2023-05-08 09:35:11,045 [Time-limited test] WARN  ha.SCMHANodeDetails (SCMHANodeDetails.java:validateSCMHAConfig(182)) - Invalid config ozone.scm.ratis.enable. The config was not specified, but the default value true conflicts with the expected config value false. Falling back to the expected value. Current State of SCM: SCM is running in Non-HA without Ratis Ratis SCM -> Non Ratis SCM or Non HA SCM -> HA SCM is not supported
2023-05-08 09:35:11,045 [Time-limited test] INFO  ha.SCMHANodeDetails (SCMHANodeDetails.java:loadSCMHAConfig(214)) - ozone.scm.default.service.id is not defined, falling back to ozone.scm.service.ids to find serviceID for StorageContainerManager if it is HA enabled cluster
2023-05-08 09:35:11,048 [Time-limited test] WARN  utils.HAUtils (HAUtils.java:getMetaDir(350)) - ozone.scm.db.dirs is not configured. We recommend adding this setting. Falling back to ozone.metadata.dirs instead.
2023-05-08 09:35:11,049 [Time-limited test] WARN  db.DBStoreBuilder (DBStoreBuilder.java:applyDBDefinition(164)) - ozone.scm.db.dirs is not configured. We recommend adding this setting. Falling back to ozone.metadata.dirs instead.
2023-05-08 09:35:11,172 [Time-limited test] INFO  net.NodeSchemaLoader (NodeSchemaLoader.java:loadSchemaFromFile(129)) - Loading schema from [jar:file:/home/runner/.m2/repository/org/apache/ozone/hdds-common/1.4.0-SNAPSHOT/hdds-common-1.4.0-SNAPSHOT.jar!/network-topology-default.xml]
2023-05-08 09:35:11,172 [Time-limited test] INFO  net.NodeSchemaLoader (NodeSchemaLoader.java:loadSchema(176)) - Loading network topology layer schema file
2023-05-08 09:35:11,175 [Time-limited test] INFO  upgrade.AbstractLayoutVersionManager (AbstractLayoutVersionManager.java:init(83)) - Initializing Layout version manager with metadata layout = WEBUI_PORTS_IN_DATANODEDETAILS (version = 6), software layout = WEBUI_PORTS_IN_DATANODEDETAILS (version = 6)
2023-05-08 09:35:11,388 [Time-limited test] INFO  reflections.Reflections (Reflections.java:scan(232)) - Reflections took 211 ms to scan 7 urls, producing 156 keys and 369 values 
2023-05-08 09:35:11,405 [Time-limited test] INFO  ha.SequenceIdGenerator (SequenceIdGenerator.java:upgradeToSequenceId(349)) - upgrade localId to 111677748019200000
2023-05-08 09:35:11,406 [Time-limited test] INFO  ha.SequenceIdGenerator (SequenceIdGenerator.java:upgradeToSequenceId(359)) - upgrade delTxnId to 0
2023-05-08 09:35:11,406 [Time-limited test] INFO  ha.SequenceIdGenerator (SequenceIdGenerator.java:upgradeToSequenceId(376)) - upgrade containerId to 0
2023-05-08 09:35:11,406 [Time-limited test] INFO  ha.SequenceIdGenerator (SequenceIdGenerator.java:<init>(220)) - Init the HA SequenceIdGenerator.
2023-05-08 09:35:11,407 [Time-limited test] WARN  server.ServerUtils (ServerUtils.java:sanitizeUserArgs(73)) - ozone.scm.stale.node.interval value = 300000 is larger than max = 100000 based on the key value of ozone.scm.heartbeat.thread.interval, reset to the max value 100000.
2023-05-08 09:35:11,407 [Time-limited test] WARN  server.ServerUtils (ServerUtils.java:sanitizeUserArgs(73)) - ozone.scm.stale.node.interval value = 300000 is larger than max = 100000 based on the key value of ozone.scm.heartbeat.thread.interval, reset to the max value 100000.
2023-05-08 09:35:11,412 [Time-limited test] INFO  node.SCMNodeManager (SCMNodeManager.java:<init>(159)) - Entering startup safe mode.
2023-05-08 09:35:11,414 [Time-limited test] INFO  algorithms.ContainerPlacementPolicyFactory (ContainerPlacementPolicyFactory.java:getPolicyInternal(86)) - Create container placement policy of type org.apache.hadoop.hdds.scm.container.placement.algorithms.SCMContainerPlacementRackAware
2023-05-08 09:35:11,414 [Time-limited test] INFO  algorithms.ContainerPlacementPolicyFactory (ContainerPlacementPolicyFactory.java:getPolicyInternal(86)) - Create container placement policy of type org.apache.hadoop.hdds.scm.container.placement.algorithms.SCMContainerPlacementRackScatter
2023-05-08 09:35:11,414 [Time-limited test] INFO  pipeline.PipelineStateManagerImpl (PipelineStateManagerImpl.java:initialize(78)) - No pipeline exists in current db
2023-05-08 09:35:11,414 [Time-limited test] INFO  algorithms.LeaderChoosePolicyFactory (LeaderChoosePolicyFactory.java:getPolicy(57)) - Create leader choose policy of type org.apache.hadoop.hdds.scm.pipeline.leader.choose.algorithms.MinLeaderCountChoosePolicy
2023-05-08 09:35:11,414 [Time-limited test] INFO  algorithms.ContainerPlacementPolicyFactory (ContainerPlacementPolicyFactory.java:getPolicyInternal(86)) - Create container placement policy of type org.apache.hadoop.hdds.scm.container.placement.algorithms.SCMContainerPlacementRackScatter
2023-05-08 09:35:11,415 [Time-limited test] INFO  ha.SCMServiceManager (SCMServiceManager.java:register(42)) - Registering service BackgroundPipelineCreator.
2023-05-08 09:35:11,415 [Time-limited test] INFO  pipeline.BackgroundPipelineCreator (BackgroundPipelineCreator.java:start(124)) - Starting RatisPipelineUtilsThread.
2023-05-08 09:35:11,420 [Time-limited test] INFO  BackgroundPipelineScrubber (BackgroundSCMService.java:start(68)) - Starting BackgroundPipelineScrubber Service.
2023-05-08 09:35:11,421 [Time-limited test] INFO  ha.SCMServiceManager (SCMServiceManager.java:register(42)) - Registering service BackgroundPipelineScrubber.
2023-05-08 09:35:11,421 [Time-limited test] INFO  ExpiredContainerReplicaOpScrubber (BackgroundSCMService.java:start(68)) - Starting ExpiredContainerReplicaOpScrubber Service.
2023-05-08 09:35:11,422 [Time-limited test] INFO  ha.SCMServiceManager (SCMServiceManager.java:register(42)) - Registering service ExpiredContainerReplicaOpScrubber.
2023-05-08 09:35:11,425 [Time-limited test] INFO  algorithms.PipelineChoosePolicyFactory (PipelineChoosePolicyFactory.java:createPipelineChoosePolicyFromClass(73)) - Create pipeline choose policy of type org.apache.hadoop.hdds.scm.pipeline.choose.algorithms.RandomPipelineChoosePolicy
2023-05-08 09:35:11,426 [Time-limited test] INFO  ha.SCMServiceManager (SCMServiceManager.java:register(42)) - Registering service SCMBlockDeletingService.
2023-05-08 09:35:11,427 [Time-limited test] INFO  replication.ReplicationManager (ReplicationManager.java:start(293)) - Starting Replication Monitor Thread.
2023-05-08 09:35:11,446 [ReplicationMonitor] INFO  replication.ReplicationManager (ReplicationManager.java:processAll(368)) - Replication Manager is not ready to run until 3000ms after safemode exit
2023-05-08 09:35:11,446 [Time-limited test] INFO  ha.SCMServiceManager (SCMServiceManager.java:register(42)) - Registering service ReplicationManager.
2023-05-08 09:35:11,447 [Time-limited test] INFO  safemode.ContainerSafeModeRule (ContainerSafeModeRule.java:<init>(89)) - containers with one replica threshold count 0
2023-05-08 09:35:11,447 [Time-limited test] INFO  safemode.HealthyPipelineSafeModeRule (HealthyPipelineSafeModeRule.java:initializeRule(169)) - Total pipeline count is 0, healthy pipeline threshold count is 1
2023-05-08 09:35:11,448 [Time-limited test] INFO  safemode.OneReplicaPipelineSafeModeRule (OneReplicaPipelineSafeModeRule.java:initializeRule(180)) - Total pipeline count is 0, pipeline's with at least one datanode reported threshold count is 0
2023-05-08 09:35:11,450 [Time-limited test] INFO  server.StorageContainerManager (StorageContainerManager.java:<init>(403)) - SCM start with adminUsers: [runner]
2023-05-08 09:35:11,450 [Time-limited test] INFO  ipc.CallQueueManager (CallQueueManager.java:<init>(90)) - Using callQueue: class java.util.concurrent.LinkedBlockingQueue, queueCapacity: 2000, scheduler: class org.apache.hadoop.ipc.DefaultRpcScheduler, ipcBackoff: false.
2023-05-08 09:35:11,451 [Socket Reader #1 for port 0] INFO  ipc.Server (Server.java:run(1319)) - Starting Socket Reader #1 for port 0
2023-05-08 09:35:11,456 [Listener at 0.0.0.0/34399] INFO  ipc.CallQueueManager (CallQueueManager.java:<init>(90)) - Using callQueue: class java.util.concurrent.LinkedBlockingQueue, queueCapacity: 2000, scheduler: class org.apache.hadoop.ipc.DefaultRpcScheduler, ipcBackoff: false.
2023-05-08 09:35:11,457 [Socket Reader #1 for port 0] INFO  ipc.Server (Server.java:run(1319)) - Starting Socket Reader #1 for port 0
2023-05-08 09:35:11,461 [Listener at 0.0.0.0/34251] INFO  ipc.CallQueueManager (CallQueueManager.java:<init>(90)) - Using callQueue: class java.util.concurrent.LinkedBlockingQueue, queueCapacity: 2000, scheduler: class org.apache.hadoop.ipc.DefaultRpcScheduler, ipcBackoff: false.
2023-05-08 09:35:11,462 [Socket Reader #1 for port 0] INFO  ipc.Server (Server.java:run(1319)) - Starting Socket Reader #1 for port 0
2023-05-08 09:35:11,483 [Listener at 0.0.0.0/45403] INFO  ha.SCMServiceManager (SCMServiceManager.java:register(42)) - Registering service ContainerBalancer.
2023-05-08 09:35:11,483 [Listener at 0.0.0.0/45403] INFO  server.StorageContainerManager (StorageContainerManager.java:<init>(420)) - 
Container Balancer status:
Key                            Value
Running                        false
Container Balancer Configuration values:
Key                                                Value
Threshold                                          10
Max Datanodes to Involve per Iteration(percent)    20
Max Size to Move per Iteration                     500GB
Max Size Entering Target per Iteration             26GB
Max Size Leaving Source per Iteration              26GB

2023-05-08 09:35:11,483 [Listener at 0.0.0.0/45403] INFO  ha.SCMContext (SCMContext.java:updateSafeModeStatus(228)) - Update SafeModeStatus from SafeModeStatus{safeModeStatus=true, preCheckPassed=false} to SafeModeStatus{safeModeStatus=true, preCheckPassed=false}.
2023-05-08 09:35:11,484 [Listener at 0.0.0.0/45403] INFO  server.StorageContainerManager (StorageContainerManager.java:start(1477)) - StorageContainerLocationProtocol RPC server is listening at /0.0.0.0:45403
2023-05-08 09:35:11,487 [Listener at 0.0.0.0/45403] WARN  impl.MetricsConfig (MetricsConfig.java:loadFirst(136)) - Cannot locate configuration: tried hadoop-metrics2-storagecontainermanager.properties,hadoop-metrics2.properties
2023-05-08 09:35:11,491 [Listener at 0.0.0.0/45403] INFO  impl.MetricsSystemImpl (MetricsSystemImpl.java:startTimer(378)) - Scheduled Metric snapshot period at 10 second(s).
2023-05-08 09:35:11,492 [Listener at 0.0.0.0/45403] INFO  impl.MetricsSystemImpl (MetricsSystemImpl.java:start(191)) - StorageContainerManager metrics system started
2023-05-08 09:35:11,535 [Listener at 0.0.0.0/45403] INFO  impl.MetricsSinkAdapter (MetricsSinkAdapter.java:start(204)) - Sink prometheus started
2023-05-08 09:35:11,535 [Listener at 0.0.0.0/45403] INFO  impl.MetricsSystemImpl (MetricsSystemImpl.java:registerSink(305)) - Registered sink prometheus
2023-05-08 09:35:11,599 [Listener at 0.0.0.0/45403] INFO  server.SCMClientProtocolServer (SCMClientProtocolServer.java:start(199)) - RPC server for Client  is listening at /0.0.0.0:45403
2023-05-08 09:35:11,599 [IPC Server Responder] INFO  ipc.Server (Server.java:run(1558)) - IPC Server Responder: starting
2023-05-08 09:35:11,601 [IPC Server listener on 0] INFO  ipc.Server (Server.java:run(1398)) - IPC Server listener on 0: starting
2023-05-08 09:35:11,617 [Listener at 0.0.0.0/45403] INFO  server.StorageContainerManager (StorageContainerManager.java:start(1491)) - ScmBlockLocationProtocol RPC server is listening at /0.0.0.0:34251
2023-05-08 09:35:11,617 [Listener at 0.0.0.0/45403] INFO  server.SCMBlockProtocolServer (SCMBlockProtocolServer.java:start(152)) - RPC server for Block Protocol is listening at /0.0.0.0:34251
2023-05-08 09:35:11,618 [IPC Server Responder] INFO  ipc.Server (Server.java:run(1558)) - IPC Server Responder: starting
2023-05-08 09:35:11,618 [IPC Server listener on 0] INFO  ipc.Server (Server.java:run(1398)) - IPC Server listener on 0: starting
2023-05-08 09:35:11,620 [Listener at 0.0.0.0/45403] INFO  server.SCMDatanodeProtocolServer (SCMDatanodeProtocolServer.java:start(193)) - ScmDatanodeProtocol RPC server for DataNodes is listening at /0.0.0.0:34399
2023-05-08 09:35:11,620 [IPC Server Responder] INFO  ipc.Server (Server.java:run(1558)) - IPC Server Responder: starting
2023-05-08 09:35:11,621 [IPC Server listener on 0] INFO  ipc.Server (Server.java:run(1398)) - IPC Server listener on 0: starting
2023-05-08 09:35:11,627 [org.apache.hadoop.util.JvmPauseMonitor$Monitor@69625a45] INFO  util.JvmPauseMonitor (JvmPauseMonitor.java:run(188)) - Starting JVM pause monitor
2023-05-08 09:35:11,632 [Listener at 0.0.0.0/45403] INFO  http.BaseHttpServer (BaseHttpServer.java:newHttpServer2BuilderForOzone(224)) - Starting Web-server for scm at: http://0.0.0.0:0
2023-05-08 09:35:11,633 [Listener at 0.0.0.0/45403] INFO  http.BaseHttpServer (BaseHttpServer.java:<init>(111)) - Hadoop Security Enabled: false Ozone Security Enabled: false Ozone HTTP Security Enabled: false 
2023-05-08 09:35:11,638 [Listener at 0.0.0.0/45403] WARN  server.AuthenticationFilter (AuthenticationFilter.java:constructSecretProvider(240)) - Unable to initialize FileSignerSecretProvider, falling back to use random secrets. Reason: Could not read signature secret file: /home/runner/hadoop-http-auth-signature-secret
2023-05-08 09:35:11,640 [Listener at 0.0.0.0/45403] INFO  http.HttpRequestLog (HttpRequestLog.java:getRequestLog(86)) - Http request log for http.requests.scm is not defined
2023-05-08 09:35:11,644 [Listener at 0.0.0.0/45403] INFO  http.HttpServer2 (HttpServer2.java:addGlobalFilter(1031)) - Added global filter 'safety' (class=org.apache.hadoop.hdds.server.http.HttpServer2$QuotingInputFilter)
2023-05-08 09:35:11,649 [Listener at 0.0.0.0/45403] INFO  http.HttpServer2 (HttpServer2.java:addFilter(1007)) - Added filter static_user_filter (class=org.apache.hadoop.http.lib.StaticUserWebFilter$StaticUserFilter) to context scm
2023-05-08 09:35:11,649 [Listener at 0.0.0.0/45403] INFO  http.HttpServer2 (HttpServer2.java:addFilter(1015)) - Added filter static_user_filter (class=org.apache.hadoop.http.lib.StaticUserWebFilter$StaticUserFilter) to context logs
2023-05-08 09:35:11,649 [Listener at 0.0.0.0/45403] INFO  http.HttpServer2 (HttpServer2.java:addFilter(1015)) - Added filter static_user_filter (class=org.apache.hadoop.http.lib.StaticUserWebFilter$StaticUserFilter) to context static
2023-05-08 09:35:11,650 [Listener at 0.0.0.0/45403] INFO  http.BaseHttpServer (BaseHttpServer.java:<init>(190)) - HTTP server of scm uses base directory /home/runner/work/ozone/ozone/hadoop-ozone/integration-test/target/test-dir/MiniOzoneClusterImpl-e3f0e696-295c-4d93-87a4-d859f2bb0e1a/ozone-meta/webserver
2023-05-08 09:35:11,650 [Listener at 0.0.0.0/45403] INFO  http.HttpServer2 (HttpServer2.java:bindListener(1250)) - Jetty bound to port 40491
2023-05-08 09:35:11,651 [Listener at 0.0.0.0/45403] INFO  server.Server (Server.java:doStart(375)) - jetty-9.4.51.v20230217; built: 2023-02-17T08:19:37.309Z; git: b45c405e4544384de066f814ed42ae3dceacdd49; jvm 1.8.0_362-b09
2023-05-08 09:35:11,663 [Listener at 0.0.0.0/45403] INFO  server.session (DefaultSessionIdManager.java:doStart(334)) - DefaultSessionIdManager workerName=node0
2023-05-08 09:35:11,663 [Listener at 0.0.0.0/45403] INFO  server.session (DefaultSessionIdManager.java:doStart(339)) - No SessionScavenger set, using defaults
2023-05-08 09:35:11,664 [Listener at 0.0.0.0/45403] INFO  server.session (HouseKeeper.java:startScavenging(132)) - node0 Scavenging every 660000ms
2023-05-08 09:35:11,665 [Listener at 0.0.0.0/45403] INFO  handler.ContextHandler (ContextHandler.java:doStart(921)) - Started o.e.j.s.ServletContextHandler@639d24f8{logs,/logs,file:///home/runner/work/ozone/ozone/hadoop-ozone/integration-test/target/log,AVAILABLE}
2023-05-08 09:35:11,665 [Listener at 0.0.0.0/45403] INFO  handler.ContextHandler (ContextHandler.java:doStart(921)) - Started o.e.j.s.ServletContextHandler@409bbf66{static,/static,file:///home/runner/work/ozone/ozone/hadoop-ozone/integration-test/target/test-classes/webapps/static,AVAILABLE}
2023-05-08 09:35:11,674 [Listener at 0.0.0.0/45403] INFO  handler.ContextHandler (ContextHandler.java:doStart(921)) - Started o.e.j.w.WebAppContext@25ebb023{scm,/,file:///home/runner/work/ozone/ozone/hadoop-ozone/integration-test/target/test-classes/webapps/scm/,AVAILABLE}{file:/home/runner/work/ozone/ozone/hadoop-ozone/integration-test/target/test-classes/webapps/scm}
2023-05-08 09:35:11,677 [Listener at 0.0.0.0/45403] INFO  server.AbstractConnector (AbstractConnector.java:doStart(333)) - Started ServerConnector@149a0f65{HTTP/1.1, (http/1.1)}{0.0.0.0:40491}
2023-05-08 09:35:11,677 [Listener at 0.0.0.0/45403] INFO  server.Server (Server.java:doStart(415)) - Started @119783ms
2023-05-08 09:35:11,677 [Listener at 0.0.0.0/45403] WARN  impl.MetricsSystemImpl (MetricsSystemImpl.java:register(279)) - Sink prometheus already exists!
2023-05-08 09:35:11,678 [Listener at 0.0.0.0/45403] INFO  http.BaseHttpServer (BaseHttpServer.java:updateConnectorAddress(344)) - HTTP server of scm listening at http://0.0.0.0:40491
2023-05-08 09:35:11,678 [Listener at 0.0.0.0/45403] WARN  server.ServerUtils (ServerUtils.java:getDBPath(225)) - ozone.om.db.dirs is not configured. We recommend adding this setting. Falling back to ozone.metadata.dirs instead.
2023-05-08 09:35:11,682 [Listener at 0.0.0.0/45403] INFO  ha.OMHANodeDetails (OMHANodeDetails.java:loadOMHAConfig(115)) - ozone.om.internal.service.id is not defined, falling back to ozone.om.service.ids to find serviceID for OzoneManager if it is HA enabled cluster
2023-05-08 09:35:11,683 [Listener at 0.0.0.0/45403] INFO  ha.OMHANodeDetails (OMHANodeDetails.java:loadOMHAConfig(226)) - Configuration does not have ozone.om.address set. Falling back to the default OM address /127.0.0.1:0
2023-05-08 09:35:11,683 [Listener at 0.0.0.0/45403] INFO  ha.OMHANodeDetails (OMHANodeDetails.java:getOMNodeDetailsForNonHA(254)) - OM Service ID is not set. Setting it to the default ID: omServiceIdDefault
2023-05-08 09:35:11,683 [Listener at 0.0.0.0/45403] INFO  ha.OMHANodeDetails (OMHANodeDetails.java:getOMNodeDetailsForNonHA(261)) - OM Node ID is not set. Setting it to the default ID: om1
2023-05-08 09:35:11,683 [Listener at 0.0.0.0/45403] WARN  server.ServerUtils (ServerUtils.java:getDBPath(225)) - ozone.om.db.dirs is not configured. We recommend adding this setting. Falling back to ozone.metadata.dirs instead.
2023-05-08 09:35:11,685 [Listener at 0.0.0.0/45403] INFO  upgrade.AbstractLayoutVersionManager (AbstractLayoutVersionManager.java:init(83)) - Initializing Layout version manager with metadata layout = HSYNC (version = 4), software layout = HSYNC (version = 4)
2023-05-08 09:35:11,850 [Listener at 0.0.0.0/45403] INFO  reflections.Reflections (Reflections.java:scan(232)) - Reflections took 164 ms to scan 2 urls, producing 172 keys and 479 values [using 2 cores]
2023-05-08 09:35:11,850 [Listener at 0.0.0.0/45403] INFO  upgrade.OMLayoutVersionManager (OMLayoutVersionManager.java:lambda$0(115)) - Skipping Upgrade Action MockOmUpgradeAction since it has been finalized.
2023-05-08 09:35:11,851 [Listener at 0.0.0.0/45403] WARN  server.ServerUtils (ServerUtils.java:getDBPath(225)) - ozone.om.db.dirs is not configured. We recommend adding this setting. Falling back to ozone.metadata.dirs instead.
2023-05-08 09:35:11,852 [Listener at 0.0.0.0/45403] INFO  proxy.SCMBlockLocationFailoverProxyProvider (SCMBlockLocationFailoverProxyProvider.java:<init>(114)) - Created block location fail-over proxy with 1 nodes: [nodeId=scmNodeId,nodeAddress=/0.0.0.0:34251]
2023-05-08 09:35:11,859 [Listener at 0.0.0.0/45403] INFO  proxy.SCMBlockLocationFailoverProxyProvider (SCMBlockLocationFailoverProxyProvider.java:<init>(114)) - Created block location fail-over proxy with 1 nodes: [nodeId=scmNodeId,nodeAddress=/0.0.0.0:34251]
2023-05-08 09:35:11,876 [Listener at 0.0.0.0/45403] INFO  om.OzoneManager (OzoneManager.java:<init>(640)) - OM start with adminUsers: [runner]
2023-05-08 09:35:11,877 [Listener at 0.0.0.0/45403] WARN  server.ServerUtils (ServerUtils.java:getDBPath(225)) - ozone.om.db.dirs is not configured. We recommend adding this setting. Falling back to ozone.metadata.dirs instead.
2023-05-08 09:35:11,878 [Listener at 0.0.0.0/45403] INFO  codec.OmKeyInfoCodec (OmKeyInfoCodec.java:<init>(49)) - OmKeyInfoCodec ignorePipeline = true
2023-05-08 09:35:11,878 [Listener at 0.0.0.0/45403] INFO  codec.RepeatedOmKeyInfoCodec (RepeatedOmKeyInfoCodec.java:<init>(41)) - RepeatedOmKeyInfoCodec ignorePipeline = true
2023-05-08 09:35:12,086 [Listener at 0.0.0.0/45403] INFO  om.OzoneManager (OzoneManager.java:instantiateServices(770)) - S3 Multi-Tenancy is disabled
2023-05-08 09:35:12,086 [Listener at 0.0.0.0/45403] INFO  om.OmSnapshotManager (OmSnapshotManager.java:<init>(169)) - Ozone filesystem snapshot feature is enabled.
2023-05-08 09:35:12,087 [Listener at 0.0.0.0/45403] WARN  server.ServerUtils (ServerUtils.java:getDBPath(225)) - ozone.om.snapshot.diff.db.dir is not configured. We recommend adding this setting. Falling back to ozone.metadata.dirs instead.
2023-05-08 09:35:12,119 [Listener at 0.0.0.0/45403] INFO  om.OzoneManager (OzoneManager.java:addS3GVolumeToDB(4278)) - Created Volume s3v With Owner runner required for S3Gateway operations.
2023-05-08 09:35:12,119 [Listener at 0.0.0.0/45403] WARN  server.ServerUtils (ServerUtils.java:getDefaultRatisDirectory(237)) - Storage directory for Ratis is not configured. It is a good idea to map this to an SSD disk. Falling back to ozone.metadata.dirs
2023-05-08 09:35:12,119 [Listener at 0.0.0.0/45403] WARN  utils.OzoneManagerRatisUtils (OzoneManagerRatisUtils.java:getOMRatisSnapshotDirectory(456)) - ozone.om.ratis.snapshot.dir is not configured. Falling back to ozone.metadata.dirs config
2023-05-08 09:35:12,119 [Listener at 0.0.0.0/45403] WARN  server.ServerUtils (ServerUtils.java:getDefaultRatisDirectory(237)) - Storage directory for Ratis is not configured. It is a good idea to map this to an SSD disk. Falling back to ozone.metadata.dirs
2023-05-08 09:35:12,124 [Listener at 0.0.0.0/45403] INFO  ratis.OzoneManagerRatisServer (OzoneManagerRatisServer.java:<init>(163)) - Instantiating OM Ratis server with groupID: omServiceIdDefault and peers: localhost:9872
2023-05-08 09:35:12,124 [Listener at 0.0.0.0/45403] INFO  ratis.OzoneManagerStateMachine (OzoneManagerStateMachine.java:loadSnapshotInfoFromDB(670)) - LastAppliedIndex is set from TransactionInfo from OM DB as (t:0, i:~)
2023-05-08 09:35:12,129 [Listener at 0.0.0.0/45403] INFO  server.RaftServer (ConfUtils.java:logGet(46)) - raft.rpc.type = GRPC (default)
2023-05-08 09:35:12,129 [Listener at 0.0.0.0/45403] INFO  grpc.GrpcConfigKeys (ConfUtils.java:logFallback(53)) - raft.grpc.admin.host = null (fallback to raft.grpc.server.host)
2023-05-08 09:35:12,129 [Listener at 0.0.0.0/45403] INFO  grpc.GrpcConfigKeys (ConfUtils.java:logFallback(53)) - raft.grpc.admin.port = 9872 (fallback to raft.grpc.server.port)
2023-05-08 09:35:12,129 [Listener at 0.0.0.0/45403] INFO  grpc.GrpcConfigKeys (ConfUtils.java:logFallback(53)) - raft.grpc.client.host = null (fallback to raft.grpc.server.host)
2023-05-08 09:35:12,129 [Listener at 0.0.0.0/45403] INFO  grpc.GrpcConfigKeys (ConfUtils.java:logFallback(53)) - raft.grpc.client.port = 9872 (fallback to raft.grpc.server.port)
2023-05-08 09:35:12,129 [Listener at 0.0.0.0/45403] INFO  grpc.GrpcConfigKeys (ConfUtils.java:logGet(46)) - raft.grpc.server.host = null (default)
2023-05-08 09:35:12,129 [Listener at 0.0.0.0/45403] INFO  grpc.GrpcConfigKeys (ConfUtils.java:logGet(46)) - raft.grpc.server.port = 9872 (custom)
2023-05-08 09:35:12,130 [Listener at 0.0.0.0/45403] INFO  server.GrpcService (ConfUtils.java:logGet(46)) - raft.grpc.message.size.max = 33554432 (custom)
2023-05-08 09:35:12,130 [Listener at 0.0.0.0/45403] INFO  server.RaftServerConfigKeys (ConfUtils.java:logGet(46)) - raft.server.log.appender.buffer.byte-limit = 33554432 (custom)
2023-05-08 09:35:12,130 [Listener at 0.0.0.0/45403] INFO  server.GrpcService (ConfUtils.java:logGet(46)) - raft.grpc.flow.control.window = 1MB (=1048576) (default)
2023-05-08 09:35:12,130 [Listener at 0.0.0.0/45403] INFO  server.RaftServerConfigKeys (ConfUtils.java:logGet(46)) - raft.server.rpc.request.timeout = 3000ms (default)
2023-05-08 09:35:12,130 [Listener at 0.0.0.0/45403] INFO  grpc.GrpcConfigKeys (ConfUtils.java:logGet(46)) - raft.grpc.server.heartbeat.channel = true (default)
2023-05-08 09:35:12,130 [Listener at 0.0.0.0/45403] INFO  grpc.GrpcConfigKeys (ConfUtils.java:logGet(46)) - raft.grpc.server.async.request.thread.pool.cached = true (default)
2023-05-08 09:35:12,130 [Listener at 0.0.0.0/45403] INFO  grpc.GrpcConfigKeys (ConfUtils.java:logGet(46)) - raft.grpc.server.async.request.thread.pool.size = 32 (default)
2023-05-08 09:35:12,134 [Listener at 0.0.0.0/45403] INFO  impl.DataStreamServerImpl (ConfUtils.java:logGet(46)) - raft.datastream.type = DISABLED (default)
2023-05-08 09:35:12,134 [Listener at 0.0.0.0/45403] INFO  server.RaftServerConfigKeys (ConfUtils.java:logGet(46)) - raft.server.threadpool.proxy.cached = true (default)
2023-05-08 09:35:12,134 [Listener at 0.0.0.0/45403] INFO  server.RaftServerConfigKeys (ConfUtils.java:logGet(46)) - raft.server.threadpool.proxy.size = 0 (default)
2023-05-08 09:35:12,134 [Listener at 0.0.0.0/45403] INFO  server.RaftServerConfigKeys (ConfUtils.java:logGet(46)) - raft.server.rpc.slowness.timeout = 120s (custom)
2023-05-08 09:35:12,134 [Listener at 0.0.0.0/45403] INFO  server.RaftServerConfigKeys (ConfUtils.java:logGet(46)) - raft.server.leaderelection.leader.step-down.wait-time = 10s (default)
2023-05-08 09:35:12,136 [Listener at 0.0.0.0/45403] INFO  server.RaftServerConfigKeys (ConfUtils.java:logGet(46)) - raft.server.storage.dir = [/home/runner/work/ozone/ozone/hadoop-ozone/integration-test/target/test-dir/MiniOzoneClusterImpl-e3f0e696-295c-4d93-87a4-d859f2bb0e1a/ozone-meta/ratis] (custom)
2023-05-08 09:35:12,147 [Listener at 0.0.0.0/45403] INFO  server.RaftServer (RaftServerProxy.java:addNew(96)) - om1: addNew group-C5BA1605619E:[om1|rpc:localhost:9872|priority:0|startupRole:FOLLOWER] returns group-C5BA1605619E:java.util.concurrent.CompletableFuture@2b41e0b0[Not completed]
2023-05-08 09:35:12,147 [Listener at 0.0.0.0/45403] INFO  om.OzoneManager (OzoneManager.java:initializeRatisServer(2114)) - OzoneManager Ratis server initialized at port 9872
2023-05-08 09:35:12,147 [Listener at 0.0.0.0/45403] INFO  om.OzoneManager (OzoneManager.java:getRpcServer(1161)) - Creating RPC Server
2023-05-08 09:35:12,148 [pool-610-thread-1] INFO  server.RaftServer$Division (RaftServerImpl.java:<init>(195)) - om1: new RaftServerImpl for group-C5BA1605619E:[om1|rpc:localhost:9872|priority:0|startupRole:FOLLOWER] with OzoneManagerStateMachine:uninitialized
2023-05-08 09:35:12,148 [pool-610-thread-1] INFO  server.RaftServerConfigKeys (ConfUtils.java:logGet(46)) - raft.server.rpc.timeout.min = 1s (custom)
2023-05-08 09:35:12,148 [pool-610-thread-1] INFO  server.RaftServerConfigKeys (ConfUtils.java:logGet(46)) - raft.server.rpc.timeout.max = 1200ms (custom)
2023-05-08 09:35:12,148 [pool-610-thread-1] INFO  server.RaftServerConfigKeys (ConfUtils.java:logGet(46)) - raft.server.rpc.sleep.time = 25ms (default)
2023-05-08 09:35:12,148 [pool-610-thread-1] INFO  server.RaftServerConfigKeys (ConfUtils.java:logGet(46)) - raft.server.rpc.slowness.timeout = 120s (custom)
2023-05-08 09:35:12,148 [pool-610-thread-1] INFO  server.RaftServerConfigKeys (ConfUtils.java:logGet(46)) - raft.server.leaderelection.leader.step-down.wait-time = 10s (default)
2023-05-08 09:35:12,148 [pool-610-thread-1] INFO  server.RaftServerConfigKeys (ConfUtils.java:logGet(46)) - raft.server.sleep.deviation.threshold = 300ms (default)
2023-05-08 09:35:12,149 [pool-610-thread-1] INFO  server.RaftServer$Division (ServerState.java:<init>(118)) - om1@group-C5BA1605619E: ConfigurationManager, init=-1: peers:[om1|rpc:localhost:9872|priority:0|startupRole:FOLLOWER]|listeners:[], old=null, confs=<EMPTY_MAP>
2023-05-08 09:35:12,149 [pool-610-thread-1] INFO  server.RaftServerConfigKeys (ConfUtils.java:logGet(46)) - raft.server.storage.dir = [/home/runner/work/ozone/ozone/hadoop-ozone/integration-test/target/test-dir/MiniOzoneClusterImpl-e3f0e696-295c-4d93-87a4-d859f2bb0e1a/ozone-meta/ratis] (custom)
2023-05-08 09:35:12,149 [pool-610-thread-1] INFO  server.RaftServerConfigKeys (ConfUtils.java:logGet(46)) - raft.server.log.corruption.policy = EXCEPTION (default)
2023-05-08 09:35:12,149 [pool-610-thread-1] INFO  server.RaftServerConfigKeys (ConfUtils.java:logGet(46)) - raft.server.storage.free-space.min = 0MB (=0) (default)
2023-05-08 09:35:12,149 [pool-610-thread-1] INFO  server.RaftServerConfigKeys (ConfUtils.java:logGet(46)) - raft.server.notification.no-leader.timeout = 120s (custom)
2023-05-08 09:35:12,149 [pool-610-thread-1] INFO  server.RaftServerConfigKeys (ConfUtils.java:logGet(46)) - raft.server.retrycache.expirytime = 300s (custom)
2023-05-08 09:35:12,149 [pool-610-thread-1] INFO  server.RaftServerConfigKeys (ConfUtils.java:logGet(46)) - raft.server.retrycache.statistics.expirytime = 100μs (default)
2023-05-08 09:35:12,151 [pool-610-thread-1] INFO  server.RaftServerConfigKeys (ConfUtils.java:logGet(46)) - raft.server.log.appender.install.snapshot.enabled = false (custom)
2023-05-08 09:35:12,151 [pool-610-thread-1] INFO  server.RaftServerConfigKeys (ConfUtils.java:logGet(46)) - raft.server.threadpool.server.cached = true (default)
2023-05-08 09:35:12,151 [pool-610-thread-1] INFO  server.RaftServerConfigKeys (ConfUtils.java:logGet(46)) - raft.server.threadpool.server.size = 0 (default)
2023-05-08 09:35:12,151 [pool-610-thread-1] INFO  server.RaftServerConfigKeys (ConfUtils.java:logGet(46)) - raft.server.threadpool.client.cached = true (default)
2023-05-08 09:35:12,151 [pool-610-thread-1] INFO  server.RaftServerConfigKeys (ConfUtils.java:logGet(46)) - raft.server.threadpool.client.size = 0 (default)
2023-05-08 09:35:12,606 [Listener at 0.0.0.0/45403] INFO  reflections.Reflections (Reflections.java:scan(232)) - Reflections took 458 ms to scan 19 urls, producing 69 keys and 5166 values [using 2 cores]
2023-05-08 09:35:12,612 [Listener at 0.0.0.0/45403] INFO  ipc.CallQueueManager (CallQueueManager.java:<init>(90)) - Using callQueue: class java.util.concurrent.LinkedBlockingQueue, queueCapacity: 2000, scheduler: class org.apache.hadoop.ipc.DefaultRpcScheduler, ipcBackoff: false.
2023-05-08 09:35:12,615 [Socket Reader #1 for port 0] INFO  ipc.Server (Server.java:run(1319)) - Starting Socket Reader #1 for port 0
2023-05-08 09:35:12,648 [Listener at 127.0.0.1/42911] INFO  impl.MetricsSystemImpl (MetricsSystemImpl.java:init(158)) - OzoneManager metrics system started (again)
2023-05-08 09:35:12,663 [Listener at 127.0.0.1/42911] INFO  om.OzoneManager (OzoneManager.java:start(1582)) - OzoneManager RPC server is listening at localhost/127.0.0.1:42911
2023-05-08 09:35:12,663 [Listener at 127.0.0.1/42911] INFO  ratis.OzoneManagerRatisServer (OzoneManagerRatisServer.java:start(558)) - Starting OzoneManagerRatisServer om1 at port 9872
2023-05-08 09:35:12,664 [om1-impl-thread1] INFO  storage.RaftStorageDirectory (RaftStorageDirectoryImpl.java:analyzeStorage(137)) - The storage directory /home/runner/work/ozone/ozone/hadoop-ozone/integration-test/target/test-dir/MiniOzoneClusterImpl-e3f0e696-295c-4d93-87a4-d859f2bb0e1a/ozone-meta/ratis/bf265839-605b-3f16-9796-c5ba1605619e does not exist. Creating ...
2023-05-08 09:35:12,666 [om1-impl-thread1] INFO  storage.RaftStorageDirectory (RaftStorageDirectoryImpl.java:tryLock(231)) - Lock on /home/runner/work/ozone/ozone/hadoop-ozone/integration-test/target/test-dir/MiniOzoneClusterImpl-e3f0e696-295c-4d93-87a4-d859f2bb0e1a/ozone-meta/ratis/bf265839-605b-3f16-9796-c5ba1605619e/in_use.lock acquired by nodename 7572@fv-az96-539
2023-05-08 09:35:12,668 [om1-impl-thread1] INFO  storage.RaftStorage (RaftStorageImpl.java:format(96)) - Storage directory /home/runner/work/ozone/ozone/hadoop-ozone/integration-test/target/test-dir/MiniOzoneClusterImpl-e3f0e696-295c-4d93-87a4-d859f2bb0e1a/ozone-meta/ratis/bf265839-605b-3f16-9796-c5ba1605619e has been successfully formatted.
2023-05-08 09:35:12,668 [om1-impl-thread1] INFO  server.RaftServerConfigKeys (ConfUtils.java:logGet(46)) - raft.server.log.use.memory = false (default)
2023-05-08 09:35:12,668 [om1-impl-thread1] INFO  server.RaftServerConfigKeys (ConfUtils.java:logGet(46)) - raft.server.log.purge.gap = 1000000 (custom)
2023-05-08 09:35:12,668 [om1-impl-thread1] INFO  server.RaftServerConfigKeys (ConfUtils.java:logGet(46)) - raft.server.log.appender.buffer.byte-limit = 33554432 (custom)
2023-05-08 09:35:12,668 [om1-impl-thread1] INFO  server.RaftServerConfigKeys (ConfUtils.java:logGet(46)) - raft.server.log.statemachine.data.read.timeout = 1000ms (default)
2023-05-08 09:35:12,668 [om1-impl-thread1] INFO  server.RaftServerConfigKeys (ConfUtils.java:logGet(46)) - raft.server.log.purge.preservation.log.num = 0 (default)
2023-05-08 09:35:12,668 [om1-impl-thread1] INFO  server.RaftServerConfigKeys (ConfUtils.java:logGet(46)) - raft.server.log.segment.size.max = 4194304 (custom)
2023-05-08 09:35:12,669 [om1-impl-thread1] INFO  server.RaftServerConfigKeys (ConfUtils.java:logGet(46)) - raft.server.log.segment.cache.num.max = 2 (custom)
2023-05-08 09:35:12,669 [om1-impl-thread1] INFO  server.RaftServerConfigKeys (ConfUtils.java:logGet(46)) - raft.server.log.segment.cache.size.max = 200MB (=209715200) (default)
2023-05-08 09:35:12,669 [om1-impl-thread1] INFO  segmented.SegmentedRaftLogWorker (SegmentedRaftLogWorker.java:<init>(189)) - new om1@group-C5BA1605619E-SegmentedRaftLogWorker for RaftStorageImpl:Storage Directory /home/runner/work/ozone/ozone/hadoop-ozone/integration-test/target/test-dir/MiniOzoneClusterImpl-e3f0e696-295c-4d93-87a4-d859f2bb0e1a/ozone-meta/ratis/bf265839-605b-3f16-9796-c5ba1605619e
2023-05-08 09:35:12,669 [om1-impl-thread1] INFO  server.RaftServerConfigKeys (ConfUtils.java:logGet(46)) - raft.server.log.queue.byte-limit = 64MB (=67108864) (default)
2023-05-08 09:35:12,669 [om1-impl-thread1] INFO  server.RaftServerConfigKeys (ConfUtils.java:logGet(46)) - raft.server.log.queue.element-limit = 4096 (default)
2023-05-08 09:35:12,669 [om1-impl-thread1] INFO  server.RaftServerConfigKeys (ConfUtils.java:logGet(46)) - raft.server.log.segment.size.max = 4194304 (custom)
2023-05-08 09:35:12,669 [om1-impl-thread1] INFO  server.RaftServerConfigKeys (ConfUtils.java:logGet(46)) - raft.server.log.preallocated.size = 4194304 (custom)
2023-05-08 09:35:12,669 [om1-impl-thread1] INFO  server.RaftServerConfigKeys (ConfUtils.java:logGet(46)) - raft.server.log.force.sync.num = 128 (default)
2023-05-08 09:35:12,669 [om1-impl-thread1] INFO  server.RaftServerConfigKeys (ConfUtils.java:logGet(46)) - raft.server.log.statemachine.data.sync = true (default)
2023-05-08 09:35:12,669 [om1-impl-thread1] INFO  server.RaftServerConfigKeys (ConfUtils.java:logGet(46)) - raft.server.log.statemachine.data.sync.timeout = 10s (default)
2023-05-08 09:35:12,669 [om1-impl-thread1] INFO  server.RaftServerConfigKeys (ConfUtils.java:logGet(46)) - raft.server.log.statemachine.data.sync.timeout.retry = -1 (default)
2023-05-08 09:35:12,670 [om1-impl-thread1] INFO  server.RaftServerConfigKeys (ConfUtils.java:logGet(46)) - raft.server.log.write.buffer.size = 64KB (=65536) (default)
2023-05-08 09:35:12,670 [om1-impl-thread1] INFO  server.RaftServerConfigKeys (ConfUtils.java:logGet(46)) - raft.server.log.appender.buffer.byte-limit = 33554432 (custom)
2023-05-08 09:35:12,675 [om1-impl-thread1] INFO  server.RaftServerConfigKeys (ConfUtils.java:logGet(46)) - raft.server.log.unsafe-flush.enabled = false (default)
2023-05-08 09:35:12,675 [om1-impl-thread1] INFO  server.RaftServerConfigKeys (ConfUtils.java:logGet(46)) - raft.server.log.async-flush.enabled = false (default)
2023-05-08 09:35:12,675 [om1-impl-thread1] INFO  server.RaftServerConfigKeys (ConfUtils.java:logGet(46)) - raft.server.log.statemachine.data.caching.enabled = false (default)
2023-05-08 09:35:12,676 [om1-impl-thread1] INFO  segmented.SegmentedRaftLogWorker (SegmentedRaftLogWorker.java:lambda$new$0(135)) - om1@group-C5BA1605619E-SegmentedRaftLogWorker: flushIndex: setUnconditionally 0 -> -1
2023-05-08 09:35:12,676 [om1-impl-thread1] INFO  segmented.SegmentedRaftLogWorker (SegmentedRaftLogWorker.java:lambda$new$0(135)) - om1@group-C5BA1605619E-SegmentedRaftLogWorker: safeCacheEvictIndex: setUnconditionally 0 -> -1
2023-05-08 09:35:12,676 [om1-impl-thread1] INFO  server.RaftServer$Division (RaftServerImpl.java:start(334)) - om1@group-C5BA1605619E: start as a follower, conf=-1: peers:[om1|rpc:localhost:9872|priority:0|startupRole:FOLLOWER]|listeners:[], old=null
2023-05-08 09:35:12,676 [om1-impl-thread1] INFO  server.RaftServer$Division (RaftServerImpl.java:setRole(321)) - om1@group-C5BA1605619E: changes role from      null to FOLLOWER at term 0 for startAsFollower
2023-05-08 09:35:12,676 [om1-impl-thread1] INFO  impl.RoleInfo (RoleInfo.java:updateAndGet(139)) - om1: start om1@group-C5BA1605619E-FollowerState
2023-05-08 09:35:12,677 [om1-impl-thread1] INFO  util.JmxRegister (JmxRegister.java:tryRegister(44)) - Successfully registered JMX Bean with object name Ratis:service=RaftServer,group=group-C5BA1605619E,id=om1
2023-05-08 09:35:12,677 [om1-impl-thread1] INFO  server.RaftServerConfigKeys (ConfUtils.java:logGet(46)) - raft.server.snapshot.auto.trigger.enabled = true (custom)
2023-05-08 09:35:12,677 [om1-impl-thread1] INFO  server.RaftServerConfigKeys (ConfUtils.java:logGet(46)) - raft.server.snapshot.auto.trigger.threshold = 400000 (default)
2023-05-08 09:35:12,678 [om1-impl-thread1] INFO  server.RaftServerConfigKeys (ConfUtils.java:logGet(46)) - raft.server.snapshot.retention.file.num = -1 (default)
2023-05-08 09:35:12,678 [om1-impl-thread1] INFO  server.RaftServerConfigKeys (ConfUtils.java:logGet(46)) - raft.server.log.purge.upto.snapshot.index = true (custom)
2023-05-08 09:35:12,681 [Listener at 127.0.0.1/42911] INFO  server.RaftServer (RaftServerProxy.java:startImpl(393)) - om1: start RPC server
2023-05-08 09:35:12,683 [om1@group-C5BA1605619E-FollowerState] INFO  server.RaftServerConfigKeys (ConfUtils.java:logFallback(53)) - raft.server.rpc.first-election.timeout.min = 1s (fallback to raft.server.rpc.timeout.min)
2023-05-08 09:35:12,683 [om1@group-C5BA1605619E-FollowerState] INFO  server.RaftServerConfigKeys (ConfUtils.java:logFallback(53)) - raft.server.rpc.first-election.timeout.max = 1200ms (fallback to raft.server.rpc.timeout.max)
2023-05-08 09:35:12,688 [Listener at 127.0.0.1/42911] INFO  server.GrpcService (GrpcService.java:startImpl(262)) - om1: GrpcService started, listening on 9872
2023-05-08 09:35:12,689 [Listener at 127.0.0.1/42911] INFO  om.OzoneManager (OzoneManager.java:start(1598)) - Version File has different layout version (4) than OM DB (null). That is expected if this OM has never been finalized to a newer layout version.
2023-05-08 09:35:12,689 [JvmPauseMonitor12] INFO  util.JvmPauseMonitor (JvmPauseMonitor.java:run(105)) - JvmPauseMonitor-om1: Started
2023-05-08 09:35:12,704 [Listener at 127.0.0.1/42911] INFO  http.BaseHttpServer (BaseHttpServer.java:newHttpServer2BuilderForOzone(224)) - Starting Web-server for ozoneManager at: http://0.0.0.0:0
2023-05-08 09:35:12,704 [Listener at 127.0.0.1/42911] INFO  http.BaseHttpServer (BaseHttpServer.java:<init>(111)) - Hadoop Security Enabled: false Ozone Security Enabled: false Ozone HTTP Security Enabled: false 
2023-05-08 09:35:12,706 [Listener at 127.0.0.1/42911] WARN  server.AuthenticationFilter (AuthenticationFilter.java:constructSecretProvider(240)) - Unable to initialize FileSignerSecretProvider, falling back to use random secrets. Reason: Could not read signature secret file: /home/runner/hadoop-http-auth-signature-secret
2023-05-08 09:35:12,709 [Listener at 127.0.0.1/42911] INFO  http.HttpRequestLog (HttpRequestLog.java:getRequestLog(86)) - Http request log for http.requests.ozoneManager is not defined
2023-05-08 09:35:12,711 [Listener at 127.0.0.1/42911] INFO  http.HttpServer2 (HttpServer2.java:addGlobalFilter(1031)) - Added global filter 'safety' (class=org.apache.hadoop.hdds.server.http.HttpServer2$QuotingInputFilter)
2023-05-08 09:35:12,711 [Listener at 127.0.0.1/42911] INFO  http.HttpServer2 (HttpServer2.java:addFilter(1007)) - Added filter static_user_filter (class=org.apache.hadoop.http.lib.StaticUserWebFilter$StaticUserFilter) to context ozoneManager
2023-05-08 09:35:12,711 [Listener at 127.0.0.1/42911] INFO  http.HttpServer2 (HttpServer2.java:addFilter(1015)) - Added filter static_user_filter (class=org.apache.hadoop.http.lib.StaticUserWebFilter$StaticUserFilter) to context logs
2023-05-08 09:35:12,711 [Listener at 127.0.0.1/42911] INFO  http.HttpServer2 (HttpServer2.java:addFilter(1015)) - Added filter static_user_filter (class=org.apache.hadoop.http.lib.StaticUserWebFilter$StaticUserFilter) to context static
2023-05-08 09:35:12,712 [Listener at 127.0.0.1/42911] INFO  http.BaseHttpServer (BaseHttpServer.java:<init>(190)) - HTTP server of ozoneManager uses base directory /home/runner/work/ozone/ozone/hadoop-ozone/integration-test/target/test-dir/MiniOzoneClusterImpl-e3f0e696-295c-4d93-87a4-d859f2bb0e1a/ozone-meta/webserver
2023-05-08 09:35:12,712 [Listener at 127.0.0.1/42911] INFO  http.HttpServer2 (HttpServer2.java:bindListener(1250)) - Jetty bound to port 34177
2023-05-08 09:35:12,712 [Listener at 127.0.0.1/42911] INFO  server.Server (Server.java:doStart(375)) - jetty-9.4.51.v20230217; built: 2023-02-17T08:19:37.309Z; git: b45c405e4544384de066f814ed42ae3dceacdd49; jvm 1.8.0_362-b09
2023-05-08 09:35:12,716 [Listener at 127.0.0.1/42911] INFO  server.session (DefaultSessionIdManager.java:doStart(334)) - DefaultSessionIdManager workerName=node0
2023-05-08 09:35:12,716 [Listener at 127.0.0.1/42911] INFO  server.session (DefaultSessionIdManager.java:doStart(339)) - No SessionScavenger set, using defaults
2023-05-08 09:35:12,717 [Listener at 127.0.0.1/42911] INFO  server.session (HouseKeeper.java:startScavenging(132)) - node0 Scavenging every 600000ms
2023-05-08 09:35:12,717 [Listener at 127.0.0.1/42911] INFO  handler.ContextHandler (ContextHandler.java:doStart(921)) - Started o.e.j.s.ServletContextHandler@4c026a09{logs,/logs,file:///home/runner/work/ozone/ozone/hadoop-ozone/integration-test/target/log,AVAILABLE}
2023-05-08 09:35:12,718 [Listener at 127.0.0.1/42911] INFO  handler.ContextHandler (ContextHandler.java:doStart(921)) - Started o.e.j.s.ServletContextHandler@613a5917{static,/static,file:///home/runner/work/ozone/ozone/hadoop-ozone/integration-test/target/test-classes/webapps/static,AVAILABLE}
2023-05-08 09:35:12,724 [Listener at 127.0.0.1/42911] INFO  handler.ContextHandler (ContextHandler.java:doStart(921)) - Started o.e.j.w.WebAppContext@3a3f77c7{ozoneManager,/,file:///home/runner/work/ozone/ozone/hadoop-ozone/integration-test/target/test-classes/webapps/ozoneManager/,AVAILABLE}{file:/home/runner/work/ozone/ozone/hadoop-ozone/integration-test/target/test-classes/webapps/ozoneManager}
2023-05-08 09:35:12,725 [Listener at 127.0.0.1/42911] INFO  server.AbstractConnector (AbstractConnector.java:doStart(333)) - Started ServerConnector@299ee55a{HTTP/1.1, (http/1.1)}{0.0.0.0:34177}
2023-05-08 09:35:12,725 [Listener at 127.0.0.1/42911] INFO  server.Server (Server.java:doStart(415)) - Started @120832ms
2023-05-08 09:35:12,725 [Listener at 127.0.0.1/42911] WARN  impl.MetricsSystemImpl (MetricsSystemImpl.java:register(279)) - Sink prometheus already exists!
2023-05-08 09:35:12,726 [Listener at 127.0.0.1/42911] INFO  http.BaseHttpServer (BaseHttpServer.java:updateConnectorAddress(344)) - HTTP server of ozoneManager listening at http://0.0.0.0:34177
2023-05-08 09:35:12,732 [IPC Server Responder] INFO  ipc.Server (Server.java:run(1558)) - IPC Server Responder: starting
2023-05-08 09:35:12,737 [IPC Server listener on 0] INFO  ipc.Server (Server.java:run(1398)) - IPC Server listener on 0: starting
2023-05-08 09:35:12,740 [Listener at 127.0.0.1/42911] INFO  om.OzoneManager (OzoneManager.java:startTrashEmptier(2058)) - Trash Interval set to 0. Files deleted won't move to trash
2023-05-08 09:35:12,741 [org.apache.hadoop.util.JvmPauseMonitor$Monitor@50b62b67] INFO  util.JvmPauseMonitor (JvmPauseMonitor.java:run(188)) - Starting JVM pause monitor
2023-05-08 09:35:12,760 [Listener at 127.0.0.1/42911] WARN  impl.MetricRegistriesImpl (MetricRegistriesImpl.java:addReporterRegistration(111)) - New reporters are added after registries were created. Some metrics will be missing from the reporter. Please add reporter before adding any new registry.
2023-05-08 09:35:12,760 [Listener at 127.0.0.1/42911] WARN  impl.MetricRegistriesImpl (MetricRegistriesImpl.java:addReporterRegistration(111)) - New reporters are added after registries were created. Some metrics will be missing from the reporter. Please add reporter before adding any new registry.
2023-05-08 09:35:12,760 [Listener at 127.0.0.1/42911] INFO  impl.MetricsSystemImpl (MetricsSystemImpl.java:init(158)) - HddsDatanode metrics system started (again)
2023-05-08 09:35:12,779 [Listener at 127.0.0.1/42911] INFO  ozone.HddsDatanodeService (HddsDatanodeService.java:start(252)) - HddsDatanodeService host:fv-az96-539 ip:10.1.0.160
2023-05-08 09:35:12,815 [Listener at 127.0.0.1/42911] INFO  upgrade.AbstractLayoutVersionManager (AbstractLayoutVersionManager.java:init(83)) - Initializing Layout version manager with metadata layout = WEBUI_PORTS_IN_DATANODEDETAILS (version = 6), software layout = WEBUI_PORTS_IN_DATANODEDETAILS (version = 6)
2023-05-08 09:35:12,955 [Listener at 127.0.0.1/42911] INFO  reflections.Reflections (Reflections.java:scan(232)) - Reflections took 137 ms to scan 7 urls, producing 156 keys and 369 values 
2023-05-08 09:35:12,961 [Listener at 127.0.0.1/42911] INFO  statemachine.DatanodeStateMachine (DatanodeStateMachine.java:getEndPointTaskThreadPoolSize(267)) - Datanode State Machine Task Thread Pool size 2
2023-05-08 09:35:12,972 [Listener at 127.0.0.1/42911] INFO  volume.HddsVolume (HddsVolume.java:<init>(130)) - Creating HddsVolume: /home/runner/work/ozone/ozone/hadoop-ozone/integration-test/target/test-dir/MiniOzoneClusterImpl-e3f0e696-295c-4d93-87a4-d859f2bb0e1a/datanode-0/data-0/containers/hdds of storage type : DISK capacity : 9223372036854775807
2023-05-08 09:35:12,973 [Listener at 127.0.0.1/42911] INFO  volume.MutableVolumeSet (MutableVolumeSet.java:initializeVolumeSet(175)) - Added Volume : /home/runner/work/ozone/ozone/hadoop-ozone/integration-test/target/test-dir/MiniOzoneClusterImpl-e3f0e696-295c-4d93-87a4-d859f2bb0e1a/datanode-0/data-0/containers/hdds to VolumeSet
2023-05-08 09:35:12,973 [Listener at 127.0.0.1/42911] INFO  volume.ThrottledAsyncChecker (ThrottledAsyncChecker.java:schedule(141)) - Scheduling a check for /home/runner/work/ozone/ozone/hadoop-ozone/integration-test/target/test-dir/MiniOzoneClusterImpl-e3f0e696-295c-4d93-87a4-d859f2bb0e1a/datanode-0/data-0/containers/hdds
2023-05-08 09:35:12,973 [Listener at 127.0.0.1/42911] INFO  volume.StorageVolumeChecker (StorageVolumeChecker.java:checkAllVolumes(202)) - Scheduled health check for volume /home/runner/work/ozone/ozone/hadoop-ozone/integration-test/target/test-dir/MiniOzoneClusterImpl-e3f0e696-295c-4d93-87a4-d859f2bb0e1a/datanode-0/data-0/containers/hdds
2023-05-08 09:35:12,988 [Listener at 127.0.0.1/42911] INFO  volume.MutableVolumeSet (MutableVolumeSet.java:initializeVolumeSet(175)) - Added Volume : /home/runner/work/ozone/ozone/hadoop-ozone/integration-test/target/test-dir/MiniOzoneClusterImpl-e3f0e696-295c-4d93-87a4-d859f2bb0e1a/datanode-0/data/ratis to VolumeSet
2023-05-08 09:35:12,988 [Listener at 127.0.0.1/42911] INFO  volume.ThrottledAsyncChecker (ThrottledAsyncChecker.java:schedule(141)) - Scheduling a check for /home/runner/work/ozone/ozone/hadoop-ozone/integration-test/target/test-dir/MiniOzoneClusterImpl-e3f0e696-295c-4d93-87a4-d859f2bb0e1a/datanode-0/data/ratis
2023-05-08 09:35:12,988 [Listener at 127.0.0.1/42911] INFO  volume.StorageVolumeChecker (StorageVolumeChecker.java:checkAllVolumes(202)) - Scheduled health check for volume /home/runner/work/ozone/ozone/hadoop-ozone/integration-test/target/test-dir/MiniOzoneClusterImpl-e3f0e696-295c-4d93-87a4-d859f2bb0e1a/datanode-0/data/ratis
2023-05-08 09:35:13,002 [Thread-1457] INFO  ozoneimpl.ContainerReader (ContainerReader.java:readVolume(175)) - Finish verifying containers on volume /home/runner/work/ozone/ozone/hadoop-ozone/integration-test/target/test-dir/MiniOzoneClusterImpl-e3f0e696-295c-4d93-87a4-d859f2bb0e1a/datanode-0/data-0/containers/hdds
2023-05-08 09:35:13,003 [Listener at 127.0.0.1/42911] INFO  ozoneimpl.OzoneContainer (OzoneContainer.java:buildContainerSet(303)) - Build ContainerSet costs 0s
2023-05-08 09:35:13,009 [Listener at 127.0.0.1/42911] INFO  server.RaftServer (ConfUtils.java:logGet(46)) - raft.rpc.type = GRPC (default)
2023-05-08 09:35:13,009 [Listener at 127.0.0.1/42911] INFO  grpc.GrpcConfigKeys (ConfUtils.java:logFallback(53)) - raft.grpc.admin.host = null (fallback to raft.grpc.server.host)
2023-05-08 09:35:13,009 [Listener at 127.0.0.1/42911] INFO  grpc.GrpcConfigKeys (ConfUtils.java:logGet(46)) - raft.grpc.admin.port = 0 (custom)
2023-05-08 09:35:13,009 [Listener at 127.0.0.1/42911] INFO  grpc.GrpcConfigKeys (ConfUtils.java:logFallback(53)) - raft.grpc.client.host = null (fallback to raft.grpc.server.host)
2023-05-08 09:35:13,010 [Listener at 127.0.0.1/42911] INFO  grpc.GrpcConfigKeys (ConfUtils.java:logGet(46)) - raft.grpc.client.port = 0 (custom)
2023-05-08 09:35:13,010 [Listener at 127.0.0.1/42911] INFO  grpc.GrpcConfigKeys (ConfUtils.java:logGet(46)) - raft.grpc.server.host = null (default)
2023-05-08 09:35:13,010 [Listener at 127.0.0.1/42911] INFO  grpc.GrpcConfigKeys (ConfUtils.java:logGet(46)) - raft.grpc.server.port = 0 (default)
2023-05-08 09:35:13,010 [Listener at 127.0.0.1/42911] INFO  server.GrpcService (ConfUtils.java:logGet(46)) - raft.grpc.message.size.max = 32MB (=33554432) (custom)
2023-05-08 09:35:13,010 [Listener at 127.0.0.1/42911] INFO  server.RaftServerConfigKeys (ConfUtils.java:logGet(46)) - raft.server.log.appender.buffer.byte-limit = 33554432 (custom)
2023-05-08 09:35:13,010 [Listener at 127.0.0.1/42911] INFO  server.GrpcService (ConfUtils.java:logGet(46)) - raft.grpc.flow.control.window = 5MB (=5242880) (custom)
2023-05-08 09:35:13,010 [Listener at 127.0.0.1/42911] INFO  server.RaftServerConfigKeys (ConfUtils.java:logGet(46)) - raft.server.rpc.request.timeout = 60s (custom)
2023-05-08 09:35:13,010 [Listener at 127.0.0.1/42911] INFO  grpc.GrpcConfigKeys (ConfUtils.java:logGet(46)) - raft.grpc.server.heartbeat.channel = true (default)
2023-05-08 09:35:13,010 [Listener at 127.0.0.1/42911] INFO  grpc.GrpcConfigKeys (ConfUtils.java:logGet(46)) - raft.grpc.server.async.request.thread.pool.cached = true (default)
2023-05-08 09:35:13,010 [Listener at 127.0.0.1/42911] INFO  grpc.GrpcConfigKeys (ConfUtils.java:logGet(46)) - raft.grpc.server.async.request.thread.pool.size = 32 (default)
2023-05-08 09:35:13,011 [Listener at 127.0.0.1/42911] INFO  impl.DataStreamServerImpl (ConfUtils.java:logGet(46)) - raft.datastream.type = NETTY (custom)
2023-05-08 09:35:13,011 [Listener at 127.0.0.1/42911] INFO  server.RaftServerConfigKeys (ConfUtils.java:logGet(46)) - raft.server.data-stream.async.request.thread.pool.cached = false (default)
2023-05-08 09:35:13,012 [Listener at 127.0.0.1/42911] INFO  server.RaftServerConfigKeys (ConfUtils.java:logGet(46)) - raft.server.data-stream.async.request.thread.pool.size = 20 (custom)
2023-05-08 09:35:13,012 [Listener at 127.0.0.1/42911] INFO  server.RaftServerConfigKeys (ConfUtils.java:logGet(46)) - raft.server.data-stream.async.write.thread.pool.size = 16 (default)
2023-05-08 09:35:13,012 [Listener at 127.0.0.1/42911] INFO  server.RaftServerConfigKeys (ConfUtils.java:logGet(46)) - raft.server.data-stream.client.pool.size = 10 (default)
2023-05-08 09:35:13,012 [Listener at 127.0.0.1/42911] INFO  netty.NettyConfigKeys$DataStream (ConfUtils.java:logGet(46)) - raft.netty.dataStream.server.use-epoll = false (default)
2023-05-08 09:35:13,012 [Listener at 127.0.0.1/42911] INFO  netty.NettyConfigKeys$DataStream (ConfUtils.java:logGet(46)) - raft.netty.dataStream.server.boss-group.size = 0 (default)
2023-05-08 09:35:13,017 [Listener at 127.0.0.1/42911] INFO  netty.NettyConfigKeys$DataStream (ConfUtils.java:logGet(46)) - raft.netty.dataStream.server.worker-group.size = 0 (default)
2023-05-08 09:35:13,017 [Listener at 127.0.0.1/42911] INFO  netty.NettyConfigKeys$DataStream (ConfUtils.java:logGet(46)) - raft.netty.dataStream.server.tls.conf = null (default)
2023-05-08 09:35:13,017 [Listener at 127.0.0.1/42911] INFO  netty.NettyConfigKeys$DataStream (ConfUtils.java:logGet(46)) - raft.netty.dataStream.host = null (default)
2023-05-08 09:35:13,018 [Listener at 127.0.0.1/42911] INFO  netty.NettyConfigKeys$DataStream (ConfUtils.java:logGet(46)) - raft.netty.dataStream.port = 0 (default)
2023-05-08 09:35:13,019 [Listener at 127.0.0.1/42911] INFO  server.RaftServerConfigKeys (ConfUtils.java:logGet(46)) - raft.server.threadpool.proxy.cached = true (default)
2023-05-08 09:35:13,019 [Listener at 127.0.0.1/42911] INFO  server.RaftServerConfigKeys (ConfUtils.java:logGet(46)) - raft.server.threadpool.proxy.size = 0 (default)
2023-05-08 09:35:13,019 [Listener at 127.0.0.1/42911] INFO  server.RaftServerConfigKeys (ConfUtils.java:logGet(46)) - raft.server.rpc.slowness.timeout = 300s (custom)
2023-05-08 09:35:13,019 [Listener at 127.0.0.1/42911] INFO  server.RaftServerConfigKeys (ConfUtils.java:logGet(46)) - raft.server.leaderelection.leader.step-down.wait-time = 10s (default)
2023-05-08 09:35:13,019 [Listener at 127.0.0.1/42911] INFO  server.RaftServerConfigKeys (ConfUtils.java:logGet(46)) - raft.server.storage.dir = [/home/runner/work/ozone/ozone/hadoop-ozone/integration-test/target/test-dir/MiniOzoneClusterImpl-e3f0e696-295c-4d93-87a4-d859f2bb0e1a/datanode-0/data/ratis] (custom)
2023-05-08 09:35:13,021 [55e20b8b-283c-4747-9932-f8afe0177efb-NettyServerStreamRpc-bossGroup--thread1] INFO  logging.LoggingHandler (AbstractInternalLogger.java:log(148)) - [id: 0x3927f580] REGISTERED
2023-05-08 09:35:13,022 [55e20b8b-283c-4747-9932-f8afe0177efb-NettyServerStreamRpc-bossGroup--thread1] INFO  logging.LoggingHandler (AbstractInternalLogger.java:log(148)) - [id: 0x3927f580] BIND: 0.0.0.0/0.0.0.0:0
2023-05-08 09:35:13,022 [55e20b8b-283c-4747-9932-f8afe0177efb-NettyServerStreamRpc-bossGroup--thread1] INFO  logging.LoggingHandler (AbstractInternalLogger.java:log(148)) - [id: 0x3927f580, L:/0:0:0:0:0:0:0:0:36329] ACTIVE
2023-05-08 09:35:13,025 [Listener at 127.0.0.1/42911] INFO  server.XceiverServerGrpc (XceiverServerGrpc.java:<init>(132)) - GrpcServer channel type EpollServerSocketChannel
2023-05-08 09:35:13,026 [Listener at 127.0.0.1/42911] INFO  replication.ReplicationSupervisor (ReplicationSupervisor.java:nodeStateUpdated(295)) - Node state updated to IN_SERVICE, scaling executor pool size to 10
2023-05-08 09:35:13,032 [Listener at 127.0.0.1/42911] INFO  http.BaseHttpServer (BaseHttpServer.java:newHttpServer2BuilderForOzone(224)) - Starting Web-server for hddsDatanode at: http://0.0.0.0:0
2023-05-08 09:35:13,032 [Listener at 127.0.0.1/42911] INFO  http.BaseHttpServer (BaseHttpServer.java:<init>(111)) - Hadoop Security Enabled: false Ozone Security Enabled: false Ozone HTTP Security Enabled: false 
2023-05-08 09:35:13,033 [Listener at 127.0.0.1/42911] WARN  server.AuthenticationFilter (AuthenticationFilter.java:constructSecretProvider(240)) - Unable to initialize FileSignerSecretProvider, falling back to use random secrets. Reason: Could not read signature secret file: /home/runner/hadoop-http-auth-signature-secret
2023-05-08 09:35:13,039 [Listener at 127.0.0.1/42911] INFO  http.HttpRequestLog (HttpRequestLog.java:getRequestLog(86)) - Http request log for http.requests.hddsDatanode is not defined
2023-05-08 09:35:13,040 [Listener at 127.0.0.1/42911] INFO  http.HttpServer2 (HttpServer2.java:addGlobalFilter(1031)) - Added global filter 'safety' (class=org.apache.hadoop.hdds.server.http.HttpServer2$QuotingInputFilter)
2023-05-08 09:35:13,040 [Listener at 127.0.0.1/42911] INFO  http.HttpServer2 (HttpServer2.java:addFilter(1007)) - Added filter static_user_filter (class=org.apache.hadoop.http.lib.StaticUserWebFilter$StaticUserFilter) to context hddsDatanode
2023-05-08 09:35:13,041 [Listener at 127.0.0.1/42911] INFO  http.HttpServer2 (HttpServer2.java:addFilter(1015)) - Added filter static_user_filter (class=org.apache.hadoop.http.lib.StaticUserWebFilter$StaticUserFilter) to context static
2023-05-08 09:35:13,041 [Listener at 127.0.0.1/42911] INFO  http.HttpServer2 (HttpServer2.java:addFilter(1015)) - Added filter static_user_filter (class=org.apache.hadoop.http.lib.StaticUserWebFilter$StaticUserFilter) to context logs
2023-05-08 09:35:13,041 [Listener at 127.0.0.1/42911] INFO  http.BaseHttpServer (BaseHttpServer.java:<init>(190)) - HTTP server of hddsDatanode uses base directory /home/runner/work/ozone/ozone/hadoop-ozone/integration-test/target/test-dir/MiniOzoneClusterImpl-e3f0e696-295c-4d93-87a4-d859f2bb0e1a/datanode-0/meta/webserver
2023-05-08 09:35:13,041 [Listener at 127.0.0.1/42911] INFO  http.HttpServer2 (HttpServer2.java:bindListener(1250)) - Jetty bound to port 38413
2023-05-08 09:35:13,042 [Listener at 127.0.0.1/42911] INFO  server.Server (Server.java:doStart(375)) - jetty-9.4.51.v20230217; built: 2023-02-17T08:19:37.309Z; git: b45c405e4544384de066f814ed42ae3dceacdd49; jvm 1.8.0_362-b09
2023-05-08 09:35:13,044 [Listener at 127.0.0.1/42911] INFO  server.session (DefaultSessionIdManager.java:doStart(334)) - DefaultSessionIdManager workerName=node0
2023-05-08 09:35:13,044 [Listener at 127.0.0.1/42911] INFO  server.session (DefaultSessionIdManager.java:doStart(339)) - No SessionScavenger set, using defaults
2023-05-08 09:35:13,046 [Listener at 127.0.0.1/42911] INFO  server.session (HouseKeeper.java:startScavenging(132)) - node0 Scavenging every 660000ms
2023-05-08 09:35:13,047 [Listener at 127.0.0.1/42911] INFO  handler.ContextHandler (ContextHandler.java:doStart(921)) - Started o.e.j.s.ServletContextHandler@1f03e300{logs,/logs,file:///home/runner/work/ozone/ozone/hadoop-ozone/integration-test/target/log,AVAILABLE}
2023-05-08 09:35:13,047 [Listener at 127.0.0.1/42911] INFO  handler.ContextHandler (ContextHandler.java:doStart(921)) - Started o.e.j.s.ServletContextHandler@6f9ed68e{static,/static,jar:file:/home/runner/.m2/repository/org/apache/ozone/hdds-container-service/1.4.0-SNAPSHOT/hdds-container-service-1.4.0-SNAPSHOT.jar!/webapps/static,AVAILABLE}
2023-05-08 09:35:13,291 [Listener at 127.0.0.1/42911] INFO  handler.ContextHandler (ContextHandler.java:doStart(921)) - Started o.e.j.w.WebAppContext@4b85ceb0{hddsDatanode,/,file:///home/runner/work/ozone/ozone/hadoop-ozone/integration-test/target/test-dir/MiniOzoneClusterImpl-e3f0e696-295c-4d93-87a4-d859f2bb0e1a/datanode-0/meta/webserver/jetty-0_0_0_0-38413-hdds-container-service-1_4_0-SNAPSHOT_jar-_-any-8230118631796559057/webapp/,AVAILABLE}{jar:file:/home/runner/.m2/repository/org/apache/ozone/hdds-container-service/1.4.0-SNAPSHOT/hdds-container-service-1.4.0-SNAPSHOT.jar!/webapps/hddsDatanode}
2023-05-08 09:35:13,294 [Listener at 127.0.0.1/42911] INFO  server.AbstractConnector (AbstractConnector.java:doStart(333)) - Started ServerConnector@4722bbd4{HTTP/1.1, (http/1.1)}{0.0.0.0:38413}
2023-05-08 09:35:13,294 [Listener at 127.0.0.1/42911] INFO  server.Server (Server.java:doStart(415)) - Started @121400ms
2023-05-08 09:35:13,294 [Listener at 127.0.0.1/42911] WARN  impl.MetricsSystemImpl (MetricsSystemImpl.java:register(279)) - Sink prometheus already exists!
2023-05-08 09:35:13,294 [Listener at 127.0.0.1/42911] INFO  http.BaseHttpServer (BaseHttpServer.java:updateConnectorAddress(344)) - HTTP server of hddsDatanode listening at http://0.0.0.0:38413
2023-05-08 09:35:13,296 [Listener at 127.0.0.1/42911] WARN  impl.MetricRegistriesImpl (MetricRegistriesImpl.java:addReporterRegistration(111)) - New reporters are added after registries were created. Some metrics will be missing from the reporter. Please add reporter before adding any new registry.
2023-05-08 09:35:13,296 [Listener at 127.0.0.1/42911] WARN  impl.MetricRegistriesImpl (MetricRegistriesImpl.java:addReporterRegistration(111)) - New reporters are added after registries were created. Some metrics will be missing from the reporter. Please add reporter before adding any new registry.
2023-05-08 09:35:13,297 [Listener at 127.0.0.1/42911] INFO  impl.MetricsSystemImpl (MetricsSystemImpl.java:init(158)) - HddsDatanode metrics system started (again)
2023-05-08 09:35:13,300 [Datanode State Machine Daemon Thread] INFO  statemachine.DatanodeStateMachine (DatanodeStateMachine.java:lambda$startDaemon$0(524)) - Ozone container server started.
2023-05-08 09:35:13,312 [org.apache.hadoop.util.JvmPauseMonitor$Monitor@47d0dece] INFO  util.JvmPauseMonitor (JvmPauseMonitor.java:run(188)) - Starting JVM pause monitor
2023-05-08 09:35:13,333 [Listener at 127.0.0.1/42911] INFO  ozone.HddsDatanodeService (HddsDatanodeService.java:start(252)) - HddsDatanodeService host:fv-az96-539 ip:10.1.0.160
2023-05-08 09:35:13,344 [Datanode State Machine Task Thread - 0] INFO  datanode.InitDatanodeState (InitDatanodeState.java:persistContainerDatanodeDetails(138)) - DatanodeDetails is persisted to /home/runner/work/ozone/ozone/hadoop-ozone/integration-test/target/test-dir/MiniOzoneClusterImpl-e3f0e696-295c-4d93-87a4-d859f2bb0e1a/datanode-0/meta/datanode.id
2023-05-08 09:35:13,367 [Listener at 127.0.0.1/42911] INFO  upgrade.AbstractLayoutVersionManager (AbstractLayoutVersionManager.java:init(83)) - Initializing Layout version manager with metadata layout = WEBUI_PORTS_IN_DATANODEDETAILS (version = 6), software layout = WEBUI_PORTS_IN_DATANODEDETAILS (version = 6)
2023-05-08 09:35:13,419 [Listener at 127.0.0.1/42911] INFO  reflections.Reflections (Reflections.java:scan(232)) - Reflections took 50 ms to scan 7 urls, producing 156 keys and 369 values 
2023-05-08 09:35:13,421 [Listener at 127.0.0.1/42911] INFO  statemachine.DatanodeStateMachine (DatanodeStateMachine.java:getEndPointTaskThreadPoolSize(267)) - Datanode State Machine Task Thread Pool size 2
2023-05-08 09:35:13,424 [Listener at 127.0.0.1/42911] INFO  volume.HddsVolume (HddsVolume.java:<init>(130)) - Creating HddsVolume: /home/runner/work/ozone/ozone/hadoop-ozone/integration-test/target/test-dir/MiniOzoneClusterImpl-e3f0e696-295c-4d93-87a4-d859f2bb0e1a/datanode-1/data-0/containers/hdds of storage type : DISK capacity : 9223372036854775807
2023-05-08 09:35:13,424 [Listener at 127.0.0.1/42911] INFO  volume.MutableVolumeSet (MutableVolumeSet.java:initializeVolumeSet(175)) - Added Volume : /home/runner/work/ozone/ozone/hadoop-ozone/integration-test/target/test-dir/MiniOzoneClusterImpl-e3f0e696-295c-4d93-87a4-d859f2bb0e1a/datanode-1/data-0/containers/hdds to VolumeSet
2023-05-08 09:35:13,424 [Listener at 127.0.0.1/42911] INFO  volume.ThrottledAsyncChecker (ThrottledAsyncChecker.java:schedule(141)) - Scheduling a check for /home/runner/work/ozone/ozone/hadoop-ozone/integration-test/target/test-dir/MiniOzoneClusterImpl-e3f0e696-295c-4d93-87a4-d859f2bb0e1a/datanode-1/data-0/containers/hdds
2023-05-08 09:35:13,428 [Listener at 127.0.0.1/42911] INFO  volume.StorageVolumeChecker (StorageVolumeChecker.java:checkAllVolumes(202)) - Scheduled health check for volume /home/runner/work/ozone/ozone/hadoop-ozone/integration-test/target/test-dir/MiniOzoneClusterImpl-e3f0e696-295c-4d93-87a4-d859f2bb0e1a/datanode-1/data-0/containers/hdds
2023-05-08 09:35:13,444 [Listener at 127.0.0.1/42911] INFO  volume.MutableVolumeSet (MutableVolumeSet.java:initializeVolumeSet(175)) - Added Volume : /home/runner/work/ozone/ozone/hadoop-ozone/integration-test/target/test-dir/MiniOzoneClusterImpl-e3f0e696-295c-4d93-87a4-d859f2bb0e1a/datanode-1/data/ratis to VolumeSet
2023-05-08 09:35:13,444 [Listener at 127.0.0.1/42911] INFO  volume.ThrottledAsyncChecker (ThrottledAsyncChecker.java:schedule(141)) - Scheduling a check for /home/runner/work/ozone/ozone/hadoop-ozone/integration-test/target/test-dir/MiniOzoneClusterImpl-e3f0e696-295c-4d93-87a4-d859f2bb0e1a/datanode-1/data/ratis
2023-05-08 09:35:13,445 [Listener at 127.0.0.1/42911] INFO  volume.StorageVolumeChecker (StorageVolumeChecker.java:checkAllVolumes(202)) - Scheduled health check for volume /home/runner/work/ozone/ozone/hadoop-ozone/integration-test/target/test-dir/MiniOzoneClusterImpl-e3f0e696-295c-4d93-87a4-d859f2bb0e1a/datanode-1/data/ratis
2023-05-08 09:35:13,460 [Thread-1471] INFO  ozoneimpl.ContainerReader (ContainerReader.java:readVolume(175)) - Finish verifying containers on volume /home/runner/work/ozone/ozone/hadoop-ozone/integration-test/target/test-dir/MiniOzoneClusterImpl-e3f0e696-295c-4d93-87a4-d859f2bb0e1a/datanode-1/data-0/containers/hdds
2023-05-08 09:35:13,460 [Listener at 127.0.0.1/42911] INFO  ozoneimpl.OzoneContainer (OzoneContainer.java:buildContainerSet(303)) - Build ContainerSet costs 0s
2023-05-08 09:35:13,463 [Listener at 127.0.0.1/42911] INFO  server.RaftServer (ConfUtils.java:logGet(46)) - raft.rpc.type = GRPC (default)
2023-05-08 09:35:13,463 [Listener at 127.0.0.1/42911] INFO  grpc.GrpcConfigKeys (ConfUtils.java:logFallback(53)) - raft.grpc.admin.host = null (fallback to raft.grpc.server.host)
2023-05-08 09:35:13,463 [Listener at 127.0.0.1/42911] INFO  grpc.GrpcConfigKeys (ConfUtils.java:logGet(46)) - raft.grpc.admin.port = 0 (custom)
2023-05-08 09:35:13,463 [Listener at 127.0.0.1/42911] INFO  grpc.GrpcConfigKeys (ConfUtils.java:logFallback(53)) - raft.grpc.client.host = null (fallback to raft.grpc.server.host)
2023-05-08 09:35:13,463 [Listener at 127.0.0.1/42911] INFO  grpc.GrpcConfigKeys (ConfUtils.java:logGet(46)) - raft.grpc.client.port = 0 (custom)
2023-05-08 09:35:13,463 [Listener at 127.0.0.1/42911] INFO  grpc.GrpcConfigKeys (ConfUtils.java:logGet(46)) - raft.grpc.server.host = null (default)
2023-05-08 09:35:13,463 [Listener at 127.0.0.1/42911] INFO  grpc.GrpcConfigKeys (ConfUtils.java:logGet(46)) - raft.grpc.server.port = 0 (default)
2023-05-08 09:35:13,463 [Listener at 127.0.0.1/42911] INFO  server.GrpcService (ConfUtils.java:logGet(46)) - raft.grpc.message.size.max = 32MB (=33554432) (custom)
2023-05-08 09:35:13,463 [Listener at 127.0.0.1/42911] INFO  server.RaftServerConfigKeys (ConfUtils.java:logGet(46)) - raft.server.log.appender.buffer.byte-limit = 33554432 (custom)
2023-05-08 09:35:13,463 [Listener at 127.0.0.1/42911] INFO  server.GrpcService (ConfUtils.java:logGet(46)) - raft.grpc.flow.control.window = 5MB (=5242880) (custom)
2023-05-08 09:35:13,463 [Listener at 127.0.0.1/42911] INFO  server.RaftServerConfigKeys (ConfUtils.java:logGet(46)) - raft.server.rpc.request.timeout = 60s (custom)
2023-05-08 09:35:13,464 [Listener at 127.0.0.1/42911] INFO  grpc.GrpcConfigKeys (ConfUtils.java:logGet(46)) - raft.grpc.server.heartbeat.channel = true (default)
2023-05-08 09:35:13,464 [Listener at 127.0.0.1/42911] INFO  grpc.GrpcConfigKeys (ConfUtils.java:logGet(46)) - raft.grpc.server.async.request.thread.pool.cached = true (default)
2023-05-08 09:35:13,464 [Listener at 127.0.0.1/42911] INFO  grpc.GrpcConfigKeys (ConfUtils.java:logGet(46)) - raft.grpc.server.async.request.thread.pool.size = 32 (default)
2023-05-08 09:35:13,469 [Listener at 127.0.0.1/42911] INFO  impl.DataStreamServerImpl (ConfUtils.java:logGet(46)) - raft.datastream.type = NETTY (custom)
2023-05-08 09:35:13,470 [Listener at 127.0.0.1/42911] INFO  server.RaftServerConfigKeys (ConfUtils.java:logGet(46)) - raft.server.data-stream.async.request.thread.pool.cached = false (default)
2023-05-08 09:35:13,470 [Listener at 127.0.0.1/42911] INFO  server.RaftServerConfigKeys (ConfUtils.java:logGet(46)) - raft.server.data-stream.async.request.thread.pool.size = 20 (custom)
2023-05-08 09:35:13,470 [Listener at 127.0.0.1/42911] INFO  server.RaftServerConfigKeys (ConfUtils.java:logGet(46)) - raft.server.data-stream.async.write.thread.pool.size = 16 (default)
2023-05-08 09:35:13,470 [Listener at 127.0.0.1/42911] INFO  server.RaftServerConfigKeys (ConfUtils.java:logGet(46)) - raft.server.data-stream.client.pool.size = 10 (default)
2023-05-08 09:35:13,470 [Listener at 127.0.0.1/42911] INFO  netty.NettyConfigKeys$DataStream (ConfUtils.java:logGet(46)) - raft.netty.dataStream.server.use-epoll = false (default)
2023-05-08 09:35:13,470 [Listener at 127.0.0.1/42911] INFO  netty.NettyConfigKeys$DataStream (ConfUtils.java:logGet(46)) - raft.netty.dataStream.server.boss-group.size = 0 (default)
2023-05-08 09:35:13,471 [Listener at 127.0.0.1/42911] INFO  netty.NettyConfigKeys$DataStream (ConfUtils.java:logGet(46)) - raft.netty.dataStream.server.worker-group.size = 0 (default)
2023-05-08 09:35:13,472 [Listener at 127.0.0.1/42911] INFO  netty.NettyConfigKeys$DataStream (ConfUtils.java:logGet(46)) - raft.netty.dataStream.server.tls.conf = null (default)
2023-05-08 09:35:13,472 [Listener at 127.0.0.1/42911] INFO  netty.NettyConfigKeys$DataStream (ConfUtils.java:logGet(46)) - raft.netty.dataStream.host = null (default)
2023-05-08 09:35:13,472 [Listener at 127.0.0.1/42911] INFO  netty.NettyConfigKeys$DataStream (ConfUtils.java:logGet(46)) - raft.netty.dataStream.port = 0 (default)
2023-05-08 09:35:13,476 [Listener at 127.0.0.1/42911] INFO  server.RaftServerConfigKeys (ConfUtils.java:logGet(46)) - raft.server.threadpool.proxy.cached = true (default)
2023-05-08 09:35:13,476 [Listener at 127.0.0.1/42911] INFO  server.RaftServerConfigKeys (ConfUtils.java:logGet(46)) - raft.server.threadpool.proxy.size = 0 (default)
2023-05-08 09:35:13,476 [Listener at 127.0.0.1/42911] INFO  server.RaftServerConfigKeys (ConfUtils.java:logGet(46)) - raft.server.rpc.slowness.timeout = 300s (custom)
2023-05-08 09:35:13,476 [Listener at 127.0.0.1/42911] INFO  server.RaftServerConfigKeys (ConfUtils.java:logGet(46)) - raft.server.leaderelection.leader.step-down.wait-time = 10s (default)
2023-05-08 09:35:13,476 [Listener at 127.0.0.1/42911] INFO  server.RaftServerConfigKeys (ConfUtils.java:logGet(46)) - raft.server.storage.dir = [/home/runner/work/ozone/ozone/hadoop-ozone/integration-test/target/test-dir/MiniOzoneClusterImpl-e3f0e696-295c-4d93-87a4-d859f2bb0e1a/datanode-1/data/ratis] (custom)
2023-05-08 09:35:13,477 [17dccb1e-3aac-4103-8ad9-4d3b247cd28f-NettyServerStreamRpc-bossGroup--thread1] INFO  logging.LoggingHandler (AbstractInternalLogger.java:log(148)) - [id: 0x71f5c980] REGISTERED
2023-05-08 09:35:13,478 [17dccb1e-3aac-4103-8ad9-4d3b247cd28f-NettyServerStreamRpc-bossGroup--thread1] INFO  logging.LoggingHandler (AbstractInternalLogger.java:log(148)) - [id: 0x71f5c980] BIND: 0.0.0.0/0.0.0.0:0
2023-05-08 09:35:13,478 [17dccb1e-3aac-4103-8ad9-4d3b247cd28f-NettyServerStreamRpc-bossGroup--thread1] INFO  logging.LoggingHandler (AbstractInternalLogger.java:log(148)) - [id: 0x71f5c980, L:/0:0:0:0:0:0:0:0:37067] ACTIVE
2023-05-08 09:35:13,482 [Listener at 127.0.0.1/42911] INFO  server.XceiverServerGrpc (XceiverServerGrpc.java:<init>(132)) - GrpcServer channel type EpollServerSocketChannel
2023-05-08 09:35:13,487 [Listener at 127.0.0.1/42911] INFO  replication.ReplicationSupervisor (ReplicationSupervisor.java:nodeStateUpdated(295)) - Node state updated to IN_SERVICE, scaling executor pool size to 10
2023-05-08 09:35:13,492 [Listener at 127.0.0.1/42911] INFO  http.BaseHttpServer (BaseHttpServer.java:newHttpServer2BuilderForOzone(224)) - Starting Web-server for hddsDatanode at: http://0.0.0.0:0
2023-05-08 09:35:13,492 [Listener at 127.0.0.1/42911] INFO  http.BaseHttpServer (BaseHttpServer.java:<init>(111)) - Hadoop Security Enabled: false Ozone Security Enabled: false Ozone HTTP Security Enabled: false 
2023-05-08 09:35:13,497 [Listener at 127.0.0.1/42911] WARN  server.AuthenticationFilter (AuthenticationFilter.java:constructSecretProvider(240)) - Unable to initialize FileSignerSecretProvider, falling back to use random secrets. Reason: Could not read signature secret file: /home/runner/hadoop-http-auth-signature-secret
2023-05-08 09:35:13,502 [Listener at 127.0.0.1/42911] INFO  http.HttpRequestLog (HttpRequestLog.java:getRequestLog(86)) - Http request log for http.requests.hddsDatanode is not defined
2023-05-08 09:35:13,504 [Listener at 127.0.0.1/42911] INFO  http.HttpServer2 (HttpServer2.java:addGlobalFilter(1031)) - Added global filter 'safety' (class=org.apache.hadoop.hdds.server.http.HttpServer2$QuotingInputFilter)
2023-05-08 09:35:13,505 [Listener at 127.0.0.1/42911] INFO  http.HttpServer2 (HttpServer2.java:addFilter(1007)) - Added filter static_user_filter (class=org.apache.hadoop.http.lib.StaticUserWebFilter$StaticUserFilter) to context hddsDatanode
2023-05-08 09:35:13,505 [Listener at 127.0.0.1/42911] INFO  http.HttpServer2 (HttpServer2.java:addFilter(1015)) - Added filter static_user_filter (class=org.apache.hadoop.http.lib.StaticUserWebFilter$StaticUserFilter) to context static
2023-05-08 09:35:13,505 [Listener at 127.0.0.1/42911] INFO  http.HttpServer2 (HttpServer2.java:addFilter(1015)) - Added filter static_user_filter (class=org.apache.hadoop.http.lib.StaticUserWebFilter$StaticUserFilter) to context logs
2023-05-08 09:35:13,506 [Listener at 127.0.0.1/42911] INFO  http.BaseHttpServer (BaseHttpServer.java:<init>(190)) - HTTP server of hddsDatanode uses base directory /home/runner/work/ozone/ozone/hadoop-ozone/integration-test/target/test-dir/MiniOzoneClusterImpl-e3f0e696-295c-4d93-87a4-d859f2bb0e1a/datanode-1/meta/webserver
2023-05-08 09:35:13,506 [Listener at 127.0.0.1/42911] INFO  http.HttpServer2 (HttpServer2.java:bindListener(1250)) - Jetty bound to port 43527
2023-05-08 09:35:13,506 [Listener at 127.0.0.1/42911] INFO  server.Server (Server.java:doStart(375)) - jetty-9.4.51.v20230217; built: 2023-02-17T08:19:37.309Z; git: b45c405e4544384de066f814ed42ae3dceacdd49; jvm 1.8.0_362-b09
2023-05-08 09:35:13,508 [Listener at 127.0.0.1/42911] INFO  server.session (DefaultSessionIdManager.java:doStart(334)) - DefaultSessionIdManager workerName=node0
2023-05-08 09:35:13,508 [Listener at 127.0.0.1/42911] INFO  server.session (DefaultSessionIdManager.java:doStart(339)) - No SessionScavenger set, using defaults
2023-05-08 09:35:13,508 [Listener at 127.0.0.1/42911] INFO  server.session (HouseKeeper.java:startScavenging(132)) - node0 Scavenging every 660000ms
2023-05-08 09:35:13,509 [Listener at 127.0.0.1/42911] INFO  handler.ContextHandler (ContextHandler.java:doStart(921)) - Started o.e.j.s.ServletContextHandler@250f8132{logs,/logs,file:///home/runner/work/ozone/ozone/hadoop-ozone/integration-test/target/log,AVAILABLE}
2023-05-08 09:35:13,509 [Listener at 127.0.0.1/42911] INFO  handler.ContextHandler (ContextHandler.java:doStart(921)) - Started o.e.j.s.ServletContextHandler@38ef35a8{static,/static,jar:file:/home/runner/.m2/repository/org/apache/ozone/hdds-container-service/1.4.0-SNAPSHOT/hdds-container-service-1.4.0-SNAPSHOT.jar!/webapps/static,AVAILABLE}
2023-05-08 09:35:13,710 [Listener at 127.0.0.1/42911] INFO  handler.ContextHandler (ContextHandler.java:doStart(921)) - Started o.e.j.w.WebAppContext@50e14c5b{hddsDatanode,/,file:///home/runner/work/ozone/ozone/hadoop-ozone/integration-test/target/test-dir/MiniOzoneClusterImpl-e3f0e696-295c-4d93-87a4-d859f2bb0e1a/datanode-1/meta/webserver/jetty-0_0_0_0-43527-hdds-container-service-1_4_0-SNAPSHOT_jar-_-any-2561693896545044647/webapp/,AVAILABLE}{jar:file:/home/runner/.m2/repository/org/apache/ozone/hdds-container-service/1.4.0-SNAPSHOT/hdds-container-service-1.4.0-SNAPSHOT.jar!/webapps/hddsDatanode}
2023-05-08 09:35:13,713 [Listener at 127.0.0.1/42911] INFO  server.AbstractConnector (AbstractConnector.java:doStart(333)) - Started ServerConnector@783fb292{HTTP/1.1, (http/1.1)}{0.0.0.0:43527}
2023-05-08 09:35:13,713 [Listener at 127.0.0.1/42911] INFO  server.Server (Server.java:doStart(415)) - Started @121820ms
2023-05-08 09:35:13,713 [Listener at 127.0.0.1/42911] WARN  impl.MetricsSystemImpl (MetricsSystemImpl.java:register(279)) - Sink prometheus already exists!
2023-05-08 09:35:13,714 [Listener at 127.0.0.1/42911] INFO  http.BaseHttpServer (BaseHttpServer.java:updateConnectorAddress(344)) - HTTP server of hddsDatanode listening at http://0.0.0.0:43527
2023-05-08 09:35:13,714 [Listener at 127.0.0.1/42911] WARN  impl.MetricRegistriesImpl (MetricRegistriesImpl.java:addReporterRegistration(111)) - New reporters are added after registries were created. Some metrics will be missing from the reporter. Please add reporter before adding any new registry.
2023-05-08 09:35:13,714 [Listener at 127.0.0.1/42911] WARN  impl.MetricRegistriesImpl (MetricRegistriesImpl.java:addReporterRegistration(111)) - New reporters are added after registries were created. Some metrics will be missing from the reporter. Please add reporter before adding any new registry.
2023-05-08 09:35:13,714 [Listener at 127.0.0.1/42911] INFO  impl.MetricsSystemImpl (MetricsSystemImpl.java:init(158)) - HddsDatanode metrics system started (again)
2023-05-08 09:35:13,720 [Datanode State Machine Daemon Thread] INFO  statemachine.DatanodeStateMachine (DatanodeStateMachine.java:lambda$startDaemon$0(524)) - Ozone container server started.
2023-05-08 09:35:13,727 [org.apache.hadoop.util.JvmPauseMonitor$Monitor@1491ec94] INFO  util.JvmPauseMonitor (JvmPauseMonitor.java:run(188)) - Starting JVM pause monitor
2023-05-08 09:35:13,729 [om1@group-C5BA1605619E-FollowerState] INFO  impl.FollowerState (FollowerState.java:run(143)) - om1@group-C5BA1605619E-FollowerState: change to CANDIDATE, lastRpcElapsedTime:1052877115ns, electionTimeout:1046ms
2023-05-08 09:35:13,729 [om1@group-C5BA1605619E-FollowerState] INFO  impl.RoleInfo (RoleInfo.java:shutdownFollowerState(110)) - om1: shutdown om1@group-C5BA1605619E-FollowerState
2023-05-08 09:35:13,729 [om1@group-C5BA1605619E-FollowerState] INFO  server.RaftServer$Division (RaftServerImpl.java:setRole(321)) - om1@group-C5BA1605619E: changes role from  FOLLOWER to CANDIDATE at term 0 for changeToCandidate
2023-05-08 09:35:13,730 [om1@group-C5BA1605619E-FollowerState] INFO  server.RaftServerConfigKeys (ConfUtils.java:logGet(46)) - raft.server.leaderelection.pre-vote = true (default)
2023-05-08 09:35:13,730 [om1@group-C5BA1605619E-FollowerState] INFO  impl.RoleInfo (RoleInfo.java:updateAndGet(139)) - om1: start om1@group-C5BA1605619E-LeaderElection21
2023-05-08 09:35:13,733 [Listener at 127.0.0.1/42911] INFO  ozone.HddsDatanodeService (HddsDatanodeService.java:start(252)) - HddsDatanodeService host:fv-az96-539 ip:10.1.0.160
2023-05-08 09:35:13,742 [om1@group-C5BA1605619E-LeaderElection21] INFO  impl.LeaderElection (LeaderElection.java:askForVotes(312)) - om1@group-C5BA1605619E-LeaderElection21 PRE_VOTE round 0: submit vote requests at term 0 for -1: peers:[om1|rpc:localhost:9872|priority:0|startupRole:FOLLOWER]|listeners:[], old=null
2023-05-08 09:35:13,742 [om1@group-C5BA1605619E-LeaderElection21] INFO  impl.LeaderElection (LeaderElection.java:askForVotes(314)) - om1@group-C5BA1605619E-LeaderElection21 PRE_VOTE round 0: result PASSED (term=0)
2023-05-08 09:35:13,742 [Datanode State Machine Task Thread - 0] INFO  datanode.InitDatanodeState (InitDatanodeState.java:persistContainerDatanodeDetails(138)) - DatanodeDetails is persisted to /home/runner/work/ozone/ozone/hadoop-ozone/integration-test/target/test-dir/MiniOzoneClusterImpl-e3f0e696-295c-4d93-87a4-d859f2bb0e1a/datanode-1/meta/datanode.id
2023-05-08 09:35:13,750 [om1@group-C5BA1605619E-LeaderElection21] INFO  impl.LeaderElection (LeaderElection.java:askForVotes(312)) - om1@group-C5BA1605619E-LeaderElection21 ELECTION round 0: submit vote requests at term 1 for -1: peers:[om1|rpc:localhost:9872|priority:0|startupRole:FOLLOWER]|listeners:[], old=null
2023-05-08 09:35:13,751 [om1@group-C5BA1605619E-LeaderElection21] INFO  impl.LeaderElection (LeaderElection.java:askForVotes(314)) - om1@group-C5BA1605619E-LeaderElection21 ELECTION round 0: result PASSED (term=1)
2023-05-08 09:35:13,751 [om1@group-C5BA1605619E-LeaderElection21] INFO  impl.RoleInfo (RoleInfo.java:shutdownLeaderElection(130)) - om1: shutdown om1@group-C5BA1605619E-LeaderElection21
2023-05-08 09:35:13,751 [om1@group-C5BA1605619E-LeaderElection21] INFO  server.RaftServer$Division (RaftServerImpl.java:setRole(321)) - om1@group-C5BA1605619E: changes role from CANDIDATE to LEADER at term 1 for changeToLeader
2023-05-08 09:35:13,752 [om1@group-C5BA1605619E-LeaderElection21] INFO  server.RaftServer$Division (ServerState.java:setLeader(313)) - om1@group-C5BA1605619E: change Leader from null to om1 at term 1 for becomeLeader, leader elected after 1602ms
2023-05-08 09:35:13,752 [om1@group-C5BA1605619E-LeaderElection21] INFO  server.RaftServerConfigKeys (ConfUtils.java:logGet(46)) - raft.server.staging.catchup.gap = 1000 (default)
2023-05-08 09:35:13,753 [om1@group-C5BA1605619E-LeaderElection21] INFO  server.RaftServerConfigKeys (ConfUtils.java:logGet(46)) - raft.server.write.element-limit = 4096 (default)
2023-05-08 09:35:13,754 [om1@group-C5BA1605619E-LeaderElection21] INFO  server.RaftServerConfigKeys (ConfUtils.java:logGet(46)) - raft.server.write.byte-limit = 64MB (=67108864) (default)
2023-05-08 09:35:13,755 [om1@group-C5BA1605619E-LeaderElection21] INFO  server.RaftServerConfigKeys (ConfUtils.java:logGet(46)) - raft.server.watch.timeout = 10s (default)
2023-05-08 09:35:13,755 [om1@group-C5BA1605619E-LeaderElection21] INFO  server.RaftServerConfigKeys (ConfUtils.java:logGet(46)) - raft.server.watch.timeout.denomination = 1s (default)
2023-05-08 09:35:13,755 [om1@group-C5BA1605619E-LeaderElection21] INFO  server.RaftServerConfigKeys (ConfUtils.java:logGet(46)) - raft.server.watch.element-limit = 65536 (default)
2023-05-08 09:35:13,755 [om1@group-C5BA1605619E-LeaderElection21] INFO  server.RaftServerConfigKeys (ConfUtils.java:logGet(46)) - raft.server.write.element-limit = 4096 (default)
2023-05-08 09:35:13,755 [om1@group-C5BA1605619E-LeaderElection21] INFO  server.RaftServerConfigKeys (ConfUtils.java:logGet(46)) - raft.server.write.follower.gap.ratio.max = -1.0 (default)
2023-05-08 09:35:13,756 [om1@group-C5BA1605619E-LeaderElection21] INFO  impl.RoleInfo (RoleInfo.java:updateAndGet(139)) - om1: start om1@group-C5BA1605619E-LeaderStateImpl
2023-05-08 09:35:13,756 [om1@group-C5BA1605619E-LeaderElection21] INFO  segmented.SegmentedRaftLogWorker (SegmentedRaftLogWorker.java:startLogSegment(452)) - om1@group-C5BA1605619E-SegmentedRaftLogWorker: Starting segment from index:0
2023-05-08 09:35:13,769 [om1@group-C5BA1605619E-SegmentedRaftLogWorker] INFO  segmented.SegmentedRaftLogWorker (SegmentedRaftLogWorker.java:execute(656)) - om1@group-C5BA1605619E-SegmentedRaftLogWorker: created new log segment /home/runner/work/ozone/ozone/hadoop-ozone/integration-test/target/test-dir/MiniOzoneClusterImpl-e3f0e696-295c-4d93-87a4-d859f2bb0e1a/ozone-meta/ratis/bf265839-605b-3f16-9796-c5ba1605619e/current/log_inprogress_0
2023-05-08 09:35:13,770 [om1@group-C5BA1605619E-LeaderElection21] INFO  server.RaftServer$Division (ServerState.java:setRaftConf(430)) - om1@group-C5BA1605619E: set configuration 0: peers:[om1|rpc:localhost:9872|admin:|client:|dataStream:|priority:0|startupRole:FOLLOWER]|listeners:[], old=null
2023-05-08 09:35:13,773 [om1@group-C5BA1605619E-StateMachineUpdater] INFO  ratis.OzoneManagerStateMachine (OzoneManagerStateMachine.java:notifyConfigurationChanged(201)) - Received Configuration change notification from Ratis. New Peer list:
[id: "om1"
address: "localhost:9872"
startupRole: FOLLOWER
]
2023-05-08 09:35:13,781 [Listener at 127.0.0.1/42911] INFO  upgrade.AbstractLayoutVersionManager (AbstractLayoutVersionManager.java:init(83)) - Initializing Layout version manager with metadata layout = WEBUI_PORTS_IN_DATANODEDETAILS (version = 6), software layout = WEBUI_PORTS_IN_DATANODEDETAILS (version = 6)
2023-05-08 09:35:13,829 [Listener at 127.0.0.1/42911] INFO  reflections.Reflections (Reflections.java:scan(232)) - Reflections took 47 ms to scan 7 urls, producing 156 keys and 369 values 
2023-05-08 09:35:13,830 [Listener at 127.0.0.1/42911] INFO  statemachine.DatanodeStateMachine (DatanodeStateMachine.java:getEndPointTaskThreadPoolSize(267)) - Datanode State Machine Task Thread Pool size 2
2023-05-08 09:35:13,832 [Listener at 127.0.0.1/42911] INFO  volume.HddsVolume (HddsVolume.java:<init>(130)) - Creating HddsVolume: /home/runner/work/ozone/ozone/hadoop-ozone/integration-test/target/test-dir/MiniOzoneClusterImpl-e3f0e696-295c-4d93-87a4-d859f2bb0e1a/datanode-2/data-0/containers/hdds of storage type : DISK capacity : 9223372036854775807
2023-05-08 09:35:13,832 [Listener at 127.0.0.1/42911] INFO  volume.MutableVolumeSet (MutableVolumeSet.java:initializeVolumeSet(175)) - Added Volume : /home/runner/work/ozone/ozone/hadoop-ozone/integration-test/target/test-dir/MiniOzoneClusterImpl-e3f0e696-295c-4d93-87a4-d859f2bb0e1a/datanode-2/data-0/containers/hdds to VolumeSet
2023-05-08 09:35:13,832 [Listener at 127.0.0.1/42911] INFO  volume.ThrottledAsyncChecker (ThrottledAsyncChecker.java:schedule(141)) - Scheduling a check for /home/runner/work/ozone/ozone/hadoop-ozone/integration-test/target/test-dir/MiniOzoneClusterImpl-e3f0e696-295c-4d93-87a4-d859f2bb0e1a/datanode-2/data-0/containers/hdds
2023-05-08 09:35:13,839 [Listener at 127.0.0.1/42911] INFO  volume.StorageVolumeChecker (StorageVolumeChecker.java:checkAllVolumes(202)) - Scheduled health check for volume /home/runner/work/ozone/ozone/hadoop-ozone/integration-test/target/test-dir/MiniOzoneClusterImpl-e3f0e696-295c-4d93-87a4-d859f2bb0e1a/datanode-2/data-0/containers/hdds
2023-05-08 09:35:13,850 [Listener at 127.0.0.1/42911] INFO  volume.MutableVolumeSet (MutableVolumeSet.java:initializeVolumeSet(175)) - Added Volume : /home/runner/work/ozone/ozone/hadoop-ozone/integration-test/target/test-dir/MiniOzoneClusterImpl-e3f0e696-295c-4d93-87a4-d859f2bb0e1a/datanode-2/data/ratis to VolumeSet
2023-05-08 09:35:13,851 [Listener at 127.0.0.1/42911] INFO  volume.ThrottledAsyncChecker (ThrottledAsyncChecker.java:schedule(141)) - Scheduling a check for /home/runner/work/ozone/ozone/hadoop-ozone/integration-test/target/test-dir/MiniOzoneClusterImpl-e3f0e696-295c-4d93-87a4-d859f2bb0e1a/datanode-2/data/ratis
2023-05-08 09:35:13,851 [Listener at 127.0.0.1/42911] INFO  volume.StorageVolumeChecker (StorageVolumeChecker.java:checkAllVolumes(202)) - Scheduled health check for volume /home/runner/work/ozone/ozone/hadoop-ozone/integration-test/target/test-dir/MiniOzoneClusterImpl-e3f0e696-295c-4d93-87a4-d859f2bb0e1a/datanode-2/data/ratis
2023-05-08 09:35:13,862 [Thread-1487] INFO  ozoneimpl.ContainerReader (ContainerReader.java:readVolume(175)) - Finish verifying containers on volume /home/runner/work/ozone/ozone/hadoop-ozone/integration-test/target/test-dir/MiniOzoneClusterImpl-e3f0e696-295c-4d93-87a4-d859f2bb0e1a/datanode-2/data-0/containers/hdds
2023-05-08 09:35:13,862 [Listener at 127.0.0.1/42911] INFO  ozoneimpl.OzoneContainer (OzoneContainer.java:buildContainerSet(303)) - Build ContainerSet costs 0s
2023-05-08 09:35:13,865 [Listener at 127.0.0.1/42911] INFO  server.RaftServer (ConfUtils.java:logGet(46)) - raft.rpc.type = GRPC (default)
2023-05-08 09:35:13,865 [Listener at 127.0.0.1/42911] INFO  grpc.GrpcConfigKeys (ConfUtils.java:logFallback(53)) - raft.grpc.admin.host = null (fallback to raft.grpc.server.host)
2023-05-08 09:35:13,865 [Listener at 127.0.0.1/42911] INFO  grpc.GrpcConfigKeys (ConfUtils.java:logGet(46)) - raft.grpc.admin.port = 0 (custom)
2023-05-08 09:35:13,865 [Listener at 127.0.0.1/42911] INFO  grpc.GrpcConfigKeys (ConfUtils.java:logFallback(53)) - raft.grpc.client.host = null (fallback to raft.grpc.server.host)
2023-05-08 09:35:13,865 [Listener at 127.0.0.1/42911] INFO  grpc.GrpcConfigKeys (ConfUtils.java:logGet(46)) - raft.grpc.client.port = 0 (custom)
2023-05-08 09:35:13,865 [Listener at 127.0.0.1/42911] INFO  grpc.GrpcConfigKeys (ConfUtils.java:logGet(46)) - raft.grpc.server.host = null (default)
2023-05-08 09:35:13,865 [Listener at 127.0.0.1/42911] INFO  grpc.GrpcConfigKeys (ConfUtils.java:logGet(46)) - raft.grpc.server.port = 0 (default)
2023-05-08 09:35:13,865 [Listener at 127.0.0.1/42911] INFO  server.GrpcService (ConfUtils.java:logGet(46)) - raft.grpc.message.size.max = 32MB (=33554432) (custom)
2023-05-08 09:35:13,866 [Listener at 127.0.0.1/42911] INFO  server.RaftServerConfigKeys (ConfUtils.java:logGet(46)) - raft.server.log.appender.buffer.byte-limit = 33554432 (custom)
2023-05-08 09:35:13,866 [Listener at 127.0.0.1/42911] INFO  server.GrpcService (ConfUtils.java:logGet(46)) - raft.grpc.flow.control.window = 5MB (=5242880) (custom)
2023-05-08 09:35:13,866 [Listener at 127.0.0.1/42911] INFO  server.RaftServerConfigKeys (ConfUtils.java:logGet(46)) - raft.server.rpc.request.timeout = 60s (custom)
2023-05-08 09:35:13,866 [Listener at 127.0.0.1/42911] INFO  grpc.GrpcConfigKeys (ConfUtils.java:logGet(46)) - raft.grpc.server.heartbeat.channel = true (default)
2023-05-08 09:35:13,866 [Listener at 127.0.0.1/42911] INFO  grpc.GrpcConfigKeys (ConfUtils.java:logGet(46)) - raft.grpc.server.async.request.thread.pool.cached = true (default)
2023-05-08 09:35:13,866 [Listener at 127.0.0.1/42911] INFO  grpc.GrpcConfigKeys (ConfUtils.java:logGet(46)) - raft.grpc.server.async.request.thread.pool.size = 32 (default)
2023-05-08 09:35:13,867 [Listener at 127.0.0.1/42911] INFO  impl.DataStreamServerImpl (ConfUtils.java:logGet(46)) - raft.datastream.type = NETTY (custom)
2023-05-08 09:35:13,867 [Listener at 127.0.0.1/42911] INFO  server.RaftServerConfigKeys (ConfUtils.java:logGet(46)) - raft.server.data-stream.async.request.thread.pool.cached = false (default)
2023-05-08 09:35:13,867 [Listener at 127.0.0.1/42911] INFO  server.RaftServerConfigKeys (ConfUtils.java:logGet(46)) - raft.server.data-stream.async.request.thread.pool.size = 20 (custom)
2023-05-08 09:35:13,868 [Listener at 127.0.0.1/42911] INFO  server.RaftServerConfigKeys (ConfUtils.java:logGet(46)) - raft.server.data-stream.async.write.thread.pool.size = 16 (default)
2023-05-08 09:35:13,868 [Listener at 127.0.0.1/42911] INFO  server.RaftServerConfigKeys (ConfUtils.java:logGet(46)) - raft.server.data-stream.client.pool.size = 10 (default)
2023-05-08 09:35:13,868 [Listener at 127.0.0.1/42911] INFO  netty.NettyConfigKeys$DataStream (ConfUtils.java:logGet(46)) - raft.netty.dataStream.server.use-epoll = false (default)
2023-05-08 09:35:13,868 [Listener at 127.0.0.1/42911] INFO  netty.NettyConfigKeys$DataStream (ConfUtils.java:logGet(46)) - raft.netty.dataStream.server.boss-group.size = 0 (default)
2023-05-08 09:35:13,868 [Listener at 127.0.0.1/42911] INFO  netty.NettyConfigKeys$DataStream (ConfUtils.java:logGet(46)) - raft.netty.dataStream.server.worker-group.size = 0 (default)
2023-05-08 09:35:13,868 [Listener at 127.0.0.1/42911] INFO  netty.NettyConfigKeys$DataStream (ConfUtils.java:logGet(46)) - raft.netty.dataStream.server.tls.conf = null (default)
2023-05-08 09:35:13,869 [Listener at 127.0.0.1/42911] INFO  netty.NettyConfigKeys$DataStream (ConfUtils.java:logGet(46)) - raft.netty.dataStream.host = null (default)
2023-05-08 09:35:13,869 [Listener at 127.0.0.1/42911] INFO  netty.NettyConfigKeys$DataStream (ConfUtils.java:logGet(46)) - raft.netty.dataStream.port = 0 (default)
2023-05-08 09:35:13,869 [Listener at 127.0.0.1/42911] INFO  server.RaftServerConfigKeys (ConfUtils.java:logGet(46)) - raft.server.threadpool.proxy.cached = true (default)
2023-05-08 09:35:13,869 [Listener at 127.0.0.1/42911] INFO  server.RaftServerConfigKeys (ConfUtils.java:logGet(46)) - raft.server.threadpool.proxy.size = 0 (default)
2023-05-08 09:35:13,869 [Listener at 127.0.0.1/42911] INFO  server.RaftServerConfigKeys (ConfUtils.java:logGet(46)) - raft.server.rpc.slowness.timeout = 300s (custom)
2023-05-08 09:35:13,869 [Listener at 127.0.0.1/42911] INFO  server.RaftServerConfigKeys (ConfUtils.java:logGet(46)) - raft.server.leaderelection.leader.step-down.wait-time = 10s (default)
2023-05-08 09:35:13,869 [Listener at 127.0.0.1/42911] INFO  server.RaftServerConfigKeys (ConfUtils.java:logGet(46)) - raft.server.storage.dir = [/home/runner/work/ozone/ozone/hadoop-ozone/integration-test/target/test-dir/MiniOzoneClusterImpl-e3f0e696-295c-4d93-87a4-d859f2bb0e1a/datanode-2/data/ratis] (custom)
2023-05-08 09:35:13,870 [9cd45e4a-89d7-4ae2-9e76-72416fd6b668-NettyServerStreamRpc-bossGroup--thread1] INFO  logging.LoggingHandler (AbstractInternalLogger.java:log(148)) - [id: 0xf5c931e0] REGISTERED
2023-05-08 09:35:13,871 [9cd45e4a-89d7-4ae2-9e76-72416fd6b668-NettyServerStreamRpc-bossGroup--thread1] INFO  logging.LoggingHandler (AbstractInternalLogger.java:log(148)) - [id: 0xf5c931e0] BIND: 0.0.0.0/0.0.0.0:0
2023-05-08 09:35:13,871 [9cd45e4a-89d7-4ae2-9e76-72416fd6b668-NettyServerStreamRpc-bossGroup--thread1] INFO  logging.LoggingHandler (AbstractInternalLogger.java:log(148)) - [id: 0xf5c931e0, L:/0:0:0:0:0:0:0:0:33571] ACTIVE
2023-05-08 09:35:13,872 [Listener at 127.0.0.1/42911] INFO  server.XceiverServerGrpc (XceiverServerGrpc.java:<init>(132)) - GrpcServer channel type EpollServerSocketChannel
2023-05-08 09:35:13,874 [Listener at 127.0.0.1/42911] INFO  replication.ReplicationSupervisor (ReplicationSupervisor.java:nodeStateUpdated(295)) - Node state updated to IN_SERVICE, scaling executor pool size to 10
2023-05-08 09:35:13,878 [Listener at 127.0.0.1/42911] INFO  http.BaseHttpServer (BaseHttpServer.java:newHttpServer2BuilderForOzone(224)) - Starting Web-server for hddsDatanode at: http://0.0.0.0:0
2023-05-08 09:35:13,879 [Listener at 127.0.0.1/42911] INFO  http.BaseHttpServer (BaseHttpServer.java:<init>(111)) - Hadoop Security Enabled: false Ozone Security Enabled: false Ozone HTTP Security Enabled: false 
2023-05-08 09:35:13,880 [Listener at 127.0.0.1/42911] WARN  server.AuthenticationFilter (AuthenticationFilter.java:constructSecretProvider(240)) - Unable to initialize FileSignerSecretProvider, falling back to use random secrets. Reason: Could not read signature secret file: /home/runner/hadoop-http-auth-signature-secret
2023-05-08 09:35:13,882 [Listener at 127.0.0.1/42911] INFO  http.HttpRequestLog (HttpRequestLog.java:getRequestLog(86)) - Http request log for http.requests.hddsDatanode is not defined
2023-05-08 09:35:13,884 [Listener at 127.0.0.1/42911] INFO  http.HttpServer2 (HttpServer2.java:addGlobalFilter(1031)) - Added global filter 'safety' (class=org.apache.hadoop.hdds.server.http.HttpServer2$QuotingInputFilter)
2023-05-08 09:35:13,884 [Listener at 127.0.0.1/42911] INFO  http.HttpServer2 (HttpServer2.java:addFilter(1007)) - Added filter static_user_filter (class=org.apache.hadoop.http.lib.StaticUserWebFilter$StaticUserFilter) to context hddsDatanode
2023-05-08 09:35:13,884 [Listener at 127.0.0.1/42911] INFO  http.HttpServer2 (HttpServer2.java:addFilter(1015)) - Added filter static_user_filter (class=org.apache.hadoop.http.lib.StaticUserWebFilter$StaticUserFilter) to context logs
2023-05-08 09:35:13,884 [Listener at 127.0.0.1/42911] INFO  http.HttpServer2 (HttpServer2.java:addFilter(1015)) - Added filter static_user_filter (class=org.apache.hadoop.http.lib.StaticUserWebFilter$StaticUserFilter) to context static
2023-05-08 09:35:13,885 [Listener at 127.0.0.1/42911] INFO  http.BaseHttpServer (BaseHttpServer.java:<init>(190)) - HTTP server of hddsDatanode uses base directory /home/runner/work/ozone/ozone/hadoop-ozone/integration-test/target/test-dir/MiniOzoneClusterImpl-e3f0e696-295c-4d93-87a4-d859f2bb0e1a/datanode-2/meta/webserver
2023-05-08 09:35:13,885 [Listener at 127.0.0.1/42911] INFO  http.HttpServer2 (HttpServer2.java:bindListener(1250)) - Jetty bound to port 37545
2023-05-08 09:35:13,885 [Listener at 127.0.0.1/42911] INFO  server.Server (Server.java:doStart(375)) - jetty-9.4.51.v20230217; built: 2023-02-17T08:19:37.309Z; git: b45c405e4544384de066f814ed42ae3dceacdd49; jvm 1.8.0_362-b09
2023-05-08 09:35:13,893 [Listener at 127.0.0.1/42911] INFO  server.session (DefaultSessionIdManager.java:doStart(334)) - DefaultSessionIdManager workerName=node0
2023-05-08 09:35:13,894 [Listener at 127.0.0.1/42911] INFO  server.session (DefaultSessionIdManager.java:doStart(339)) - No SessionScavenger set, using defaults
2023-05-08 09:35:13,894 [Listener at 127.0.0.1/42911] INFO  server.session (HouseKeeper.java:startScavenging(132)) - node0 Scavenging every 660000ms
2023-05-08 09:35:13,894 [Listener at 127.0.0.1/42911] INFO  handler.ContextHandler (ContextHandler.java:doStart(921)) - Started o.e.j.s.ServletContextHandler@1679011f{logs,/logs,file:///home/runner/work/ozone/ozone/hadoop-ozone/integration-test/target/log,AVAILABLE}
2023-05-08 09:35:13,895 [Listener at 127.0.0.1/42911] INFO  handler.ContextHandler (ContextHandler.java:doStart(921)) - Started o.e.j.s.ServletContextHandler@7f37b28b{static,/static,jar:file:/home/runner/.m2/repository/org/apache/ozone/hdds-container-service/1.4.0-SNAPSHOT/hdds-container-service-1.4.0-SNAPSHOT.jar!/webapps/static,AVAILABLE}
2023-05-08 09:35:14,091 [Listener at 127.0.0.1/42911] INFO  handler.ContextHandler (ContextHandler.java:doStart(921)) - Started o.e.j.w.WebAppContext@3bb1c00b{hddsDatanode,/,file:///home/runner/work/ozone/ozone/hadoop-ozone/integration-test/target/test-dir/MiniOzoneClusterImpl-e3f0e696-295c-4d93-87a4-d859f2bb0e1a/datanode-2/meta/webserver/jetty-0_0_0_0-37545-hdds-container-service-1_4_0-SNAPSHOT_jar-_-any-8899658876847230345/webapp/,AVAILABLE}{jar:file:/home/runner/.m2/repository/org/apache/ozone/hdds-container-service/1.4.0-SNAPSHOT/hdds-container-service-1.4.0-SNAPSHOT.jar!/webapps/hddsDatanode}
2023-05-08 09:35:14,093 [Listener at 127.0.0.1/42911] INFO  server.AbstractConnector (AbstractConnector.java:doStart(333)) - Started ServerConnector@ad02d5c{HTTP/1.1, (http/1.1)}{0.0.0.0:37545}
2023-05-08 09:35:14,094 [Listener at 127.0.0.1/42911] INFO  server.Server (Server.java:doStart(415)) - Started @122200ms
2023-05-08 09:35:14,094 [Listener at 127.0.0.1/42911] WARN  impl.MetricsSystemImpl (MetricsSystemImpl.java:register(279)) - Sink prometheus already exists!
2023-05-08 09:35:14,095 [Listener at 127.0.0.1/42911] INFO  http.BaseHttpServer (BaseHttpServer.java:updateConnectorAddress(344)) - HTTP server of hddsDatanode listening at http://0.0.0.0:37545
2023-05-08 09:35:14,095 [Listener at 127.0.0.1/42911] INFO  ozone.MiniOzoneClusterImpl (MiniOzoneClusterImpl.java:lambda$waitForClusterToBeReady$0(224)) - Waiting for nodes to be ready. Got 0 of 3 DN Heartbeats.
2023-05-08 09:35:14,095 [Listener at 127.0.0.1/42911] INFO  ozone.MiniOzoneClusterImpl (MiniOzoneClusterImpl.java:lambda$waitForClusterToBeReady$0(227)) - Waiting for cluster to exit safe mode
2023-05-08 09:35:14,095 [Listener at 127.0.0.1/42911] INFO  ozone.MiniOzoneClusterImpl (MiniOzoneClusterImpl.java:lambda$waitForClusterToBeReady$0(229)) - SCM became leader
2023-05-08 09:35:14,096 [Datanode State Machine Daemon Thread] INFO  statemachine.DatanodeStateMachine (DatanodeStateMachine.java:lambda$startDaemon$0(524)) - Ozone container server started.
2023-05-08 09:35:14,102 [org.apache.hadoop.util.JvmPauseMonitor$Monitor@4106cc3b] INFO  util.JvmPauseMonitor (JvmPauseMonitor.java:run(188)) - Starting JVM pause monitor
2023-05-08 09:35:14,107 [Datanode State Machine Task Thread - 0] INFO  datanode.InitDatanodeState (InitDatanodeState.java:persistContainerDatanodeDetails(138)) - DatanodeDetails is persisted to /home/runner/work/ozone/ozone/hadoop-ozone/integration-test/target/test-dir/MiniOzoneClusterImpl-e3f0e696-295c-4d93-87a4-d859f2bb0e1a/datanode-2/meta/datanode.id
2023-05-08 09:35:15,096 [Listener at 127.0.0.1/42911] INFO  ozone.MiniOzoneClusterImpl (MiniOzoneClusterImpl.java:lambda$waitForClusterToBeReady$0(224)) - Waiting for nodes to be ready. Got 0 of 3 DN Heartbeats.
2023-05-08 09:35:15,096 [Listener at 127.0.0.1/42911] INFO  ozone.MiniOzoneClusterImpl (MiniOzoneClusterImpl.java:lambda$waitForClusterToBeReady$0(227)) - Waiting for cluster to exit safe mode
2023-05-08 09:35:15,096 [Listener at 127.0.0.1/42911] INFO  ozone.MiniOzoneClusterImpl (MiniOzoneClusterImpl.java:lambda$waitForClusterToBeReady$0(229)) - SCM became leader
2023-05-08 09:35:15,348 [EndpointStateMachine task thread for /0.0.0.0:34399 - 0 ] INFO  utils.DatanodeStoreCache (DatanodeStoreCache.java:addDB(58)) - Added db /home/runner/work/ozone/ozone/hadoop-ozone/integration-test/target/test-dir/MiniOzoneClusterImpl-e3f0e696-295c-4d93-87a4-d859f2bb0e1a/datanode-0/data-0/containers/hdds/e3f0e696-295c-4d93-87a4-d859f2bb0e1a/DS-274d1046-3416-4973-9482-76e52d1e3234/container.db to cache
2023-05-08 09:35:15,348 [EndpointStateMachine task thread for /0.0.0.0:34399 - 0 ] INFO  volume.HddsVolume (HddsVolume.java:createDbStore(350)) - SchemaV3 db is created and loaded at /home/runner/work/ozone/ozone/hadoop-ozone/integration-test/target/test-dir/MiniOzoneClusterImpl-e3f0e696-295c-4d93-87a4-d859f2bb0e1a/datanode-0/data-0/containers/hdds/e3f0e696-295c-4d93-87a4-d859f2bb0e1a/DS-274d1046-3416-4973-9482-76e52d1e3234/container.db for volume DS-274d1046-3416-4973-9482-76e52d1e3234
2023-05-08 09:35:15,348 [EndpointStateMachine task thread for /0.0.0.0:34399 - 0 ] INFO  ozoneimpl.OzoneContainer (OzoneContainer.java:start(397)) - Attempting to start container services.
2023-05-08 09:35:15,349 [EndpointStateMachine task thread for /0.0.0.0:34399 - 0 ] INFO  ozoneimpl.OzoneContainer (OzoneContainer.java:startContainerScrub(314)) - Scheduled background container scanners and the on-demand container scanner have been disabled.
2023-05-08 09:35:15,351 [EndpointStateMachine task thread for /0.0.0.0:34399 - 0 ] INFO  replication.ReplicationServer (ReplicationServer.java:start(109)) - ReplicationServer is started using port 46301
2023-05-08 09:35:15,351 [EndpointStateMachine task thread for /0.0.0.0:34399 - 0 ] INFO  ratis.XceiverServerRatis (XceiverServerRatis.java:start(517)) - Starting XceiverServerRatis 55e20b8b-283c-4747-9932-f8afe0177efb
2023-05-08 09:35:15,351 [EndpointStateMachine task thread for /0.0.0.0:34399 - 0 ] INFO  server.RaftServer (RaftServerProxy.java:startImpl(393)) - 55e20b8b-283c-4747-9932-f8afe0177efb: start RPC server
2023-05-08 09:35:15,353 [EndpointStateMachine task thread for /0.0.0.0:34399 - 0 ] INFO  server.GrpcService (GrpcService.java:startImpl(262)) - 55e20b8b-283c-4747-9932-f8afe0177efb: GrpcService started, listening on 36567
2023-05-08 09:35:15,353 [EndpointStateMachine task thread for /0.0.0.0:34399 - 0 ] INFO  ratis.XceiverServerRatis (XceiverServerRatis.java:getRealPort(543)) - XceiverServerRatis 55e20b8b-283c-4747-9932-f8afe0177efb is started using port 36567 for RATIS
2023-05-08 09:35:15,353 [EndpointStateMachine task thread for /0.0.0.0:34399 - 0 ] INFO  ratis.XceiverServerRatis (XceiverServerRatis.java:getRealPort(543)) - XceiverServerRatis 55e20b8b-283c-4747-9932-f8afe0177efb is started using port 36567 for RATIS_ADMIN
2023-05-08 09:35:15,353 [EndpointStateMachine task thread for /0.0.0.0:34399 - 0 ] INFO  ratis.XceiverServerRatis (XceiverServerRatis.java:getRealPort(543)) - XceiverServerRatis 55e20b8b-283c-4747-9932-f8afe0177efb is started using port 36567 for RATIS_SERVER
2023-05-08 09:35:15,354 [EndpointStateMachine task thread for /0.0.0.0:34399 - 0 ] INFO  ratis.XceiverServerRatis (XceiverServerRatis.java:getRealPort(543)) - XceiverServerRatis 55e20b8b-283c-4747-9932-f8afe0177efb is started using port 36329 for RATIS_DATASTREAM
2023-05-08 09:35:15,355 [JvmPauseMonitor13] INFO  util.JvmPauseMonitor (JvmPauseMonitor.java:run(105)) - JvmPauseMonitor-55e20b8b-283c-4747-9932-f8afe0177efb: Started
2023-05-08 09:35:15,361 [EndpointStateMachine task thread for /0.0.0.0:34399 - 0 ] INFO  server.XceiverServerGrpc (XceiverServerGrpc.java:start(180)) - XceiverServerGrpc 55e20b8b-283c-4747-9932-f8afe0177efb is started using port 36785
2023-05-08 09:35:15,363 [BlockDeletingService#0] INFO  interfaces.ContainerDeletionChoosingPolicyTemplate (ContainerDeletionChoosingPolicyTemplate.java:chooseContainerForBlockDeletion(83)) - Chosen 0/5000 blocks from 0 candidate containers.
2023-05-08 09:35:15,771 [EndpointStateMachine task thread for /0.0.0.0:34399 - 0 ] INFO  utils.DatanodeStoreCache (DatanodeStoreCache.java:addDB(58)) - Added db /home/runner/work/ozone/ozone/hadoop-ozone/integration-test/target/test-dir/MiniOzoneClusterImpl-e3f0e696-295c-4d93-87a4-d859f2bb0e1a/datanode-1/data-0/containers/hdds/e3f0e696-295c-4d93-87a4-d859f2bb0e1a/DS-6b5ce347-2d02-4352-ab51-8dfad7a264df/container.db to cache
2023-05-08 09:35:15,771 [EndpointStateMachine task thread for /0.0.0.0:34399 - 0 ] INFO  volume.HddsVolume (HddsVolume.java:createDbStore(350)) - SchemaV3 db is created and loaded at /home/runner/work/ozone/ozone/hadoop-ozone/integration-test/target/test-dir/MiniOzoneClusterImpl-e3f0e696-295c-4d93-87a4-d859f2bb0e1a/datanode-1/data-0/containers/hdds/e3f0e696-295c-4d93-87a4-d859f2bb0e1a/DS-6b5ce347-2d02-4352-ab51-8dfad7a264df/container.db for volume DS-6b5ce347-2d02-4352-ab51-8dfad7a264df
2023-05-08 09:35:15,771 [EndpointStateMachine task thread for /0.0.0.0:34399 - 0 ] INFO  ozoneimpl.OzoneContainer (OzoneContainer.java:start(397)) - Attempting to start container services.
2023-05-08 09:35:15,771 [EndpointStateMachine task thread for /0.0.0.0:34399 - 0 ] INFO  ozoneimpl.OzoneContainer (OzoneContainer.java:startContainerScrub(314)) - Scheduled background container scanners and the on-demand container scanner have been disabled.
2023-05-08 09:35:15,775 [EndpointStateMachine task thread for /0.0.0.0:34399 - 0 ] INFO  replication.ReplicationServer (ReplicationServer.java:start(109)) - ReplicationServer is started using port 44493
2023-05-08 09:35:15,775 [EndpointStateMachine task thread for /0.0.0.0:34399 - 0 ] INFO  ratis.XceiverServerRatis (XceiverServerRatis.java:start(517)) - Starting XceiverServerRatis 17dccb1e-3aac-4103-8ad9-4d3b247cd28f
2023-05-08 09:35:15,781 [EndpointStateMachine task thread for /0.0.0.0:34399 - 0 ] INFO  server.RaftServer (RaftServerProxy.java:startImpl(393)) - 17dccb1e-3aac-4103-8ad9-4d3b247cd28f: start RPC server
2023-05-08 09:35:15,782 [EndpointStateMachine task thread for /0.0.0.0:34399 - 0 ] INFO  server.GrpcService (GrpcService.java:startImpl(262)) - 17dccb1e-3aac-4103-8ad9-4d3b247cd28f: GrpcService started, listening on 44231
2023-05-08 09:35:15,784 [EndpointStateMachine task thread for /0.0.0.0:34399 - 0 ] INFO  ratis.XceiverServerRatis (XceiverServerRatis.java:getRealPort(543)) - XceiverServerRatis 17dccb1e-3aac-4103-8ad9-4d3b247cd28f is started using port 44231 for RATIS
2023-05-08 09:35:15,784 [EndpointStateMachine task thread for /0.0.0.0:34399 - 0 ] INFO  ratis.XceiverServerRatis (XceiverServerRatis.java:getRealPort(543)) - XceiverServerRatis 17dccb1e-3aac-4103-8ad9-4d3b247cd28f is started using port 44231 for RATIS_ADMIN
2023-05-08 09:35:15,784 [EndpointStateMachine task thread for /0.0.0.0:34399 - 0 ] INFO  ratis.XceiverServerRatis (XceiverServerRatis.java:getRealPort(543)) - XceiverServerRatis 17dccb1e-3aac-4103-8ad9-4d3b247cd28f is started using port 44231 for RATIS_SERVER
2023-05-08 09:35:15,784 [EndpointStateMachine task thread for /0.0.0.0:34399 - 0 ] INFO  ratis.XceiverServerRatis (XceiverServerRatis.java:getRealPort(543)) - XceiverServerRatis 17dccb1e-3aac-4103-8ad9-4d3b247cd28f is started using port 37067 for RATIS_DATASTREAM
2023-05-08 09:35:15,785 [JvmPauseMonitor14] INFO  util.JvmPauseMonitor (JvmPauseMonitor.java:run(105)) - JvmPauseMonitor-17dccb1e-3aac-4103-8ad9-4d3b247cd28f: Started
2023-05-08 09:35:15,796 [EndpointStateMachine task thread for /0.0.0.0:34399 - 0 ] INFO  server.XceiverServerGrpc (XceiverServerGrpc.java:start(180)) - XceiverServerGrpc 17dccb1e-3aac-4103-8ad9-4d3b247cd28f is started using port 45731
2023-05-08 09:35:15,797 [BlockDeletingService#0] INFO  interfaces.ContainerDeletionChoosingPolicyTemplate (ContainerDeletionChoosingPolicyTemplate.java:chooseContainerForBlockDeletion(83)) - Chosen 0/5000 blocks from 0 candidate containers.
2023-05-08 09:35:16,096 [Listener at 127.0.0.1/42911] INFO  ozone.MiniOzoneClusterImpl (MiniOzoneClusterImpl.java:lambda$waitForClusterToBeReady$0(224)) - Waiting for nodes to be ready. Got 0 of 3 DN Heartbeats.
2023-05-08 09:35:16,096 [Listener at 127.0.0.1/42911] INFO  ozone.MiniOzoneClusterImpl (MiniOzoneClusterImpl.java:lambda$waitForClusterToBeReady$0(227)) - Waiting for cluster to exit safe mode
2023-05-08 09:35:16,096 [Listener at 127.0.0.1/42911] INFO  ozone.MiniOzoneClusterImpl (MiniOzoneClusterImpl.java:lambda$waitForClusterToBeReady$0(229)) - SCM became leader
2023-05-08 09:35:16,141 [EndpointStateMachine task thread for /0.0.0.0:34399 - 0 ] INFO  utils.DatanodeStoreCache (DatanodeStoreCache.java:addDB(58)) - Added db /home/runner/work/ozone/ozone/hadoop-ozone/integration-test/target/test-dir/MiniOzoneClusterImpl-e3f0e696-295c-4d93-87a4-d859f2bb0e1a/datanode-2/data-0/containers/hdds/e3f0e696-295c-4d93-87a4-d859f2bb0e1a/DS-d28ded38-32d0-4980-acfd-c8d91436f948/container.db to cache
2023-05-08 09:35:16,141 [EndpointStateMachine task thread for /0.0.0.0:34399 - 0 ] INFO  volume.HddsVolume (HddsVolume.java:createDbStore(350)) - SchemaV3 db is created and loaded at /home/runner/work/ozone/ozone/hadoop-ozone/integration-test/target/test-dir/MiniOzoneClusterImpl-e3f0e696-295c-4d93-87a4-d859f2bb0e1a/datanode-2/data-0/containers/hdds/e3f0e696-295c-4d93-87a4-d859f2bb0e1a/DS-d28ded38-32d0-4980-acfd-c8d91436f948/container.db for volume DS-d28ded38-32d0-4980-acfd-c8d91436f948
2023-05-08 09:35:16,141 [EndpointStateMachine task thread for /0.0.0.0:34399 - 0 ] INFO  ozoneimpl.OzoneContainer (OzoneContainer.java:start(397)) - Attempting to start container services.
2023-05-08 09:35:16,141 [EndpointStateMachine task thread for /0.0.0.0:34399 - 0 ] INFO  ozoneimpl.OzoneContainer (OzoneContainer.java:startContainerScrub(314)) - Scheduled background container scanners and the on-demand container scanner have been disabled.
2023-05-08 09:35:16,143 [EndpointStateMachine task thread for /0.0.0.0:34399 - 0 ] INFO  replication.ReplicationServer (ReplicationServer.java:start(109)) - ReplicationServer is started using port 38469
2023-05-08 09:35:16,143 [EndpointStateMachine task thread for /0.0.0.0:34399 - 0 ] INFO  ratis.XceiverServerRatis (XceiverServerRatis.java:start(517)) - Starting XceiverServerRatis 9cd45e4a-89d7-4ae2-9e76-72416fd6b668
2023-05-08 09:35:16,144 [EndpointStateMachine task thread for /0.0.0.0:34399 - 0 ] INFO  server.RaftServer (RaftServerProxy.java:startImpl(393)) - 9cd45e4a-89d7-4ae2-9e76-72416fd6b668: start RPC server
2023-05-08 09:35:16,146 [EndpointStateMachine task thread for /0.0.0.0:34399 - 0 ] INFO  server.GrpcService (GrpcService.java:startImpl(262)) - 9cd45e4a-89d7-4ae2-9e76-72416fd6b668: GrpcService started, listening on 40973
2023-05-08 09:35:16,146 [EndpointStateMachine task thread for /0.0.0.0:34399 - 0 ] INFO  ratis.XceiverServerRatis (XceiverServerRatis.java:getRealPort(543)) - XceiverServerRatis 9cd45e4a-89d7-4ae2-9e76-72416fd6b668 is started using port 40973 for RATIS
2023-05-08 09:35:16,146 [EndpointStateMachine task thread for /0.0.0.0:34399 - 0 ] INFO  ratis.XceiverServerRatis (XceiverServerRatis.java:getRealPort(543)) - XceiverServerRatis 9cd45e4a-89d7-4ae2-9e76-72416fd6b668 is started using port 40973 for RATIS_ADMIN
2023-05-08 09:35:16,146 [EndpointStateMachine task thread for /0.0.0.0:34399 - 0 ] INFO  ratis.XceiverServerRatis (XceiverServerRatis.java:getRealPort(543)) - XceiverServerRatis 9cd45e4a-89d7-4ae2-9e76-72416fd6b668 is started using port 40973 for RATIS_SERVER
2023-05-08 09:35:16,146 [EndpointStateMachine task thread for /0.0.0.0:34399 - 0 ] INFO  ratis.XceiverServerRatis (XceiverServerRatis.java:getRealPort(543)) - XceiverServerRatis 9cd45e4a-89d7-4ae2-9e76-72416fd6b668 is started using port 33571 for RATIS_DATASTREAM
2023-05-08 09:35:16,146 [JvmPauseMonitor15] INFO  util.JvmPauseMonitor (JvmPauseMonitor.java:run(105)) - JvmPauseMonitor-9cd45e4a-89d7-4ae2-9e76-72416fd6b668: Started
2023-05-08 09:35:16,156 [EndpointStateMachine task thread for /0.0.0.0:34399 - 0 ] INFO  server.XceiverServerGrpc (XceiverServerGrpc.java:start(180)) - XceiverServerGrpc 9cd45e4a-89d7-4ae2-9e76-72416fd6b668 is started using port 42173
2023-05-08 09:35:16,157 [BlockDeletingService#0] INFO  interfaces.ContainerDeletionChoosingPolicyTemplate (ContainerDeletionChoosingPolicyTemplate.java:chooseContainerForBlockDeletion(83)) - Chosen 0/5000 blocks from 0 candidate containers.
2023-05-08 09:35:17,097 [Listener at 127.0.0.1/42911] INFO  ozone.MiniOzoneClusterImpl (MiniOzoneClusterImpl.java:lambda$waitForClusterToBeReady$0(224)) - Waiting for nodes to be ready. Got 0 of 3 DN Heartbeats.
2023-05-08 09:35:17,097 [Listener at 127.0.0.1/42911] INFO  ozone.MiniOzoneClusterImpl (MiniOzoneClusterImpl.java:lambda$waitForClusterToBeReady$0(227)) - Waiting for cluster to exit safe mode
2023-05-08 09:35:17,097 [Listener at 127.0.0.1/42911] INFO  ozone.MiniOzoneClusterImpl (MiniOzoneClusterImpl.java:lambda$waitForClusterToBeReady$0(229)) - SCM became leader
2023-05-08 09:35:17,316 [IPC Server handler 3 on default port 34399] INFO  net.NetworkTopologyImpl (NetworkTopologyImpl.java:add(112)) - Added a new node: /default-rack/55e20b8b-283c-4747-9932-f8afe0177efb
2023-05-08 09:35:17,316 [IPC Server handler 3 on default port 34399] INFO  node.SCMNodeManager (SCMNodeManager.java:register(407)) - Registered Data node : 55e20b8b-283c-4747-9932-f8afe0177efb{ip: 10.1.0.160, host: fv-az96-539, ports: [HTTP=38413, REPLICATION=46301, RATIS=36567, RATIS_ADMIN=36567, RATIS_SERVER=36567, RATIS_DATASTREAM=36329, STANDALONE=36785], networkLocation: /default-rack, certSerialId: null, persistedOpState: null, persistedOpStateExpiryEpochSec: 0}
2023-05-08 09:35:17,320 [EventQueue-NodeRegistrationContainerReportForDataNodeSafeModeRule] INFO  safemode.SCMSafeModeManager (DataNodeSafeModeRule.java:process(71)) - SCM in safe mode. 1 DataNodes registered, 3 required.
2023-05-08 09:35:17,321 [EventQueue-NodeRegistrationContainerReportForContainerSafeModeRule] INFO  safemode.SCMSafeModeManager (SCMSafeModeManager.java:validateSafeModeExitRules(200)) - ContainerSafeModeRule rule is successfully validated
2023-05-08 09:35:17,322 [EventQueue-NewNodeForNewNodeHandler] INFO  pipeline.BackgroundPipelineCreator (BackgroundPipelineCreator.java:notifyEventTriggered(276)) - trigger a one-shot run on RatisPipelineUtilsThread.
2023-05-08 09:35:17,322 [RatisPipelineUtilsThread - 0] INFO  pipeline.RatisPipelineProvider (RatisPipelineProvider.java:lambda$create$0(206)) - Sending CreatePipelineCommand for pipeline:PipelineID=70989d1e-d352-423a-9d09-6a945276ab4f to datanode:55e20b8b-283c-4747-9932-f8afe0177efb
2023-05-08 09:35:17,323 [RatisPipelineUtilsThread - 0] INFO  pipeline.PipelineStateManagerImpl (PipelineStateManagerImpl.java:addPipeline(103)) - Created pipeline Pipeline[ Id: 70989d1e-d352-423a-9d09-6a945276ab4f, Nodes: 55e20b8b-283c-4747-9932-f8afe0177efb(fv-az96-539/10.1.0.160), ReplicationConfig: RATIS/ONE, State:ALLOCATED, leaderId:, CreationTimestamp2023-05-08T09:35:17.322Z[Etc/UTC]].
2023-05-08 09:35:17,325 [EventQueue-PipelineReportForOneReplicaPipelineSafeModeRule] INFO  safemode.SCMSafeModeManager (SCMSafeModeManager.java:validateSafeModeExitRules(200)) - AtleastOneDatanodeReportedRule rule is successfully validated
2023-05-08 09:35:17,728 [IPC Server handler 0 on default port 34399] INFO  net.NetworkTopologyImpl (NetworkTopologyImpl.java:add(112)) - Added a new node: /default-rack/17dccb1e-3aac-4103-8ad9-4d3b247cd28f
2023-05-08 09:35:17,728 [IPC Server handler 0 on default port 34399] INFO  node.SCMNodeManager (SCMNodeManager.java:register(407)) - Registered Data node : 17dccb1e-3aac-4103-8ad9-4d3b247cd28f{ip: 10.1.0.160, host: fv-az96-539, ports: [HTTP=43527, REPLICATION=44493, RATIS=44231, RATIS_ADMIN=44231, RATIS_SERVER=44231, RATIS_DATASTREAM=37067, STANDALONE=45731], networkLocation: /default-rack, certSerialId: null, persistedOpState: null, persistedOpStateExpiryEpochSec: 0}
2023-05-08 09:35:17,729 [EventQueue-NodeRegistrationContainerReportForDataNodeSafeModeRule] INFO  safemode.SCMSafeModeManager (DataNodeSafeModeRule.java:process(71)) - SCM in safe mode. 2 DataNodes registered, 3 required.
2023-05-08 09:35:17,730 [EventQueue-NewNodeForNewNodeHandler] INFO  pipeline.BackgroundPipelineCreator (BackgroundPipelineCreator.java:notifyEventTriggered(276)) - trigger a one-shot run on RatisPipelineUtilsThread.
2023-05-08 09:35:17,731 [RatisPipelineUtilsThread - 0] INFO  pipeline.RatisPipelineProvider (RatisPipelineProvider.java:lambda$create$0(206)) - Sending CreatePipelineCommand for pipeline:PipelineID=a736e046-6a4c-49a7-98a0-277bf47f914e to datanode:17dccb1e-3aac-4103-8ad9-4d3b247cd28f
2023-05-08 09:35:17,732 [RatisPipelineUtilsThread - 0] INFO  pipeline.PipelineStateManagerImpl (PipelineStateManagerImpl.java:addPipeline(103)) - Created pipeline Pipeline[ Id: a736e046-6a4c-49a7-98a0-277bf47f914e, Nodes: 17dccb1e-3aac-4103-8ad9-4d3b247cd28f(fv-az96-539/10.1.0.160), ReplicationConfig: RATIS/ONE, State:ALLOCATED, leaderId:, CreationTimestamp2023-05-08T09:35:17.731Z[Etc/UTC]].
2023-05-08 09:35:18,097 [Listener at 127.0.0.1/42911] INFO  ozone.MiniOzoneClusterImpl (MiniOzoneClusterImpl.java:lambda$waitForClusterToBeReady$0(224)) - Waiting for nodes to be ready. Got 2 of 3 DN Heartbeats.
2023-05-08 09:35:18,097 [Listener at 127.0.0.1/42911] INFO  ozone.MiniOzoneClusterImpl (MiniOzoneClusterImpl.java:lambda$waitForClusterToBeReady$0(227)) - Waiting for cluster to exit safe mode
2023-05-08 09:35:18,097 [Listener at 127.0.0.1/42911] INFO  ozone.MiniOzoneClusterImpl (MiniOzoneClusterImpl.java:lambda$waitForClusterToBeReady$0(229)) - SCM became leader
2023-05-08 09:35:18,104 [IPC Server handler 1 on default port 34399] INFO  net.NetworkTopologyImpl (NetworkTopologyImpl.java:add(112)) - Added a new node: /default-rack/9cd45e4a-89d7-4ae2-9e76-72416fd6b668
2023-05-08 09:35:18,104 [IPC Server handler 1 on default port 34399] INFO  node.SCMNodeManager (SCMNodeManager.java:register(407)) - Registered Data node : 9cd45e4a-89d7-4ae2-9e76-72416fd6b668{ip: 10.1.0.160, host: fv-az96-539, ports: [HTTP=37545, REPLICATION=38469, RATIS=40973, RATIS_ADMIN=40973, RATIS_SERVER=40973, RATIS_DATASTREAM=33571, STANDALONE=42173], networkLocation: /default-rack, certSerialId: null, persistedOpState: null, persistedOpStateExpiryEpochSec: 0}
2023-05-08 09:35:18,105 [EventQueue-NewNodeForNewNodeHandler] INFO  pipeline.BackgroundPipelineCreator (BackgroundPipelineCreator.java:notifyEventTriggered(276)) - trigger a one-shot run on RatisPipelineUtilsThread.
2023-05-08 09:35:18,106 [RatisPipelineUtilsThread - 0] INFO  pipeline.RatisPipelineProvider (RatisPipelineProvider.java:lambda$create$0(206)) - Sending CreatePipelineCommand for pipeline:PipelineID=c9af42f0-a67a-4606-a776-393c3149f821 to datanode:9cd45e4a-89d7-4ae2-9e76-72416fd6b668
2023-05-08 09:35:18,106 [RatisPipelineUtilsThread - 0] INFO  pipeline.PipelineStateManagerImpl (PipelineStateManagerImpl.java:addPipeline(103)) - Created pipeline Pipeline[ Id: c9af42f0-a67a-4606-a776-393c3149f821, Nodes: 9cd45e4a-89d7-4ae2-9e76-72416fd6b668(fv-az96-539/10.1.0.160), ReplicationConfig: RATIS/ONE, State:ALLOCATED, leaderId:, CreationTimestamp2023-05-08T09:35:18.106Z[Etc/UTC]].
2023-05-08 09:35:18,107 [EventQueue-NodeRegistrationContainerReportForDataNodeSafeModeRule] INFO  safemode.SCMSafeModeManager (DataNodeSafeModeRule.java:process(71)) - SCM in safe mode. 3 DataNodes registered, 3 required.
2023-05-08 09:35:18,107 [EventQueue-NodeRegistrationContainerReportForDataNodeSafeModeRule] INFO  safemode.SCMSafeModeManager (SCMSafeModeManager.java:validateSafeModeExitRules(200)) - DataNodeSafeModeRule rule is successfully validated
2023-05-08 09:35:18,107 [EventQueue-NodeRegistrationContainerReportForDataNodeSafeModeRule] INFO  safemode.SCMSafeModeManager (SCMSafeModeManager.java:completePreCheck(229)) - All SCM safe mode pre check rules have passed
2023-05-08 09:35:18,107 [EventQueue-NodeRegistrationContainerReportForDataNodeSafeModeRule] INFO  ha.SCMContext (SCMContext.java:updateSafeModeStatus(228)) - Update SafeModeStatus from SafeModeStatus{safeModeStatus=true, preCheckPassed=false} to SafeModeStatus{safeModeStatus=true, preCheckPassed=true}.
2023-05-08 09:35:18,107 [EventQueue-NodeRegistrationContainerReportForDataNodeSafeModeRule] INFO  pipeline.BackgroundPipelineCreator (BackgroundPipelineCreator.java:notifyEventTriggered(276)) - trigger a one-shot run on RatisPipelineUtilsThread.
2023-05-08 09:35:18,108 [RatisPipelineUtilsThread - 0] INFO  pipeline.RatisPipelineProvider (RatisPipelineProvider.java:lambda$create$0(206)) - Sending CreatePipelineCommand for pipeline:PipelineID=a2a203c4-bd7b-4da4-a148-1abbf1605d1a to datanode:9cd45e4a-89d7-4ae2-9e76-72416fd6b668
2023-05-08 09:35:18,108 [RatisPipelineUtilsThread - 0] INFO  pipeline.RatisPipelineProvider (RatisPipelineProvider.java:lambda$create$0(206)) - Sending CreatePipelineCommand for pipeline:PipelineID=a2a203c4-bd7b-4da4-a148-1abbf1605d1a to datanode:17dccb1e-3aac-4103-8ad9-4d3b247cd28f
2023-05-08 09:35:18,108 [RatisPipelineUtilsThread - 0] INFO  pipeline.RatisPipelineProvider (RatisPipelineProvider.java:lambda$create$0(206)) - Sending CreatePipelineCommand for pipeline:PipelineID=a2a203c4-bd7b-4da4-a148-1abbf1605d1a to datanode:55e20b8b-283c-4747-9932-f8afe0177efb
2023-05-08 09:35:18,109 [RatisPipelineUtilsThread - 0] INFO  pipeline.PipelineStateManagerImpl (PipelineStateManagerImpl.java:addPipeline(103)) - Created pipeline Pipeline[ Id: a2a203c4-bd7b-4da4-a148-1abbf1605d1a, Nodes: 9cd45e4a-89d7-4ae2-9e76-72416fd6b668(fv-az96-539/10.1.0.160)17dccb1e-3aac-4103-8ad9-4d3b247cd28f(fv-az96-539/10.1.0.160)55e20b8b-283c-4747-9932-f8afe0177efb(fv-az96-539/10.1.0.160), ReplicationConfig: RATIS/THREE, State:ALLOCATED, leaderId:, CreationTimestamp2023-05-08T09:35:18.108Z[Etc/UTC]].
2023-05-08 09:35:18,109 [RatisPipelineUtilsThread - 0] INFO  pipeline.RatisPipelineProvider (RatisPipelineProvider.java:lambda$create$0(206)) - Sending CreatePipelineCommand for pipeline:PipelineID=e60d0af8-fd7a-4830-be53-0cc5089ecd43 to datanode:17dccb1e-3aac-4103-8ad9-4d3b247cd28f
2023-05-08 09:35:18,109 [RatisPipelineUtilsThread - 0] INFO  pipeline.RatisPipelineProvider (RatisPipelineProvider.java:lambda$create$0(206)) - Sending CreatePipelineCommand for pipeline:PipelineID=e60d0af8-fd7a-4830-be53-0cc5089ecd43 to datanode:9cd45e4a-89d7-4ae2-9e76-72416fd6b668
2023-05-08 09:35:18,110 [RatisPipelineUtilsThread - 0] INFO  pipeline.RatisPipelineProvider (RatisPipelineProvider.java:lambda$create$0(206)) - Sending CreatePipelineCommand for pipeline:PipelineID=e60d0af8-fd7a-4830-be53-0cc5089ecd43 to datanode:55e20b8b-283c-4747-9932-f8afe0177efb
2023-05-08 09:35:18,110 [RatisPipelineUtilsThread - 0] INFO  pipeline.PipelineStateManagerImpl (PipelineStateManagerImpl.java:addPipeline(103)) - Created pipeline Pipeline[ Id: e60d0af8-fd7a-4830-be53-0cc5089ecd43, Nodes: 17dccb1e-3aac-4103-8ad9-4d3b247cd28f(fv-az96-539/10.1.0.160)9cd45e4a-89d7-4ae2-9e76-72416fd6b668(fv-az96-539/10.1.0.160)55e20b8b-283c-4747-9932-f8afe0177efb(fv-az96-539/10.1.0.160), ReplicationConfig: RATIS/THREE, State:ALLOCATED, leaderId:, CreationTimestamp2023-05-08T09:35:18.109Z[Etc/UTC]].
2023-05-08 09:35:18,110 [RatisPipelineUtilsThread - 0] INFO  pipeline.PipelineManagerImpl (PipelineManagerImpl.java:recordMetricsForPipeline(826)) - Pipeline: PipelineID=e60d0af8-fd7a-4830-be53-0cc5089ecd43 contains same datanodes as previous pipelines: PipelineID=a2a203c4-bd7b-4da4-a148-1abbf1605d1a nodeIds: 17dccb1e-3aac-4103-8ad9-4d3b247cd28f, 9cd45e4a-89d7-4ae2-9e76-72416fd6b668, 55e20b8b-283c-4747-9932-f8afe0177efb
2023-05-08 09:35:18,111 [RatisPipelineUtilsThread - 0] WARN  pipeline.PipelinePlacementPolicy (PipelinePlacementPolicy.java:filterViableNodes(160)) - Pipeline creation failed due to no sufficient healthy datanodes. Required 3. Found 0. Excluded 3.
2023-05-08 09:35:19,097 [Listener at 127.0.0.1/42911] INFO  ozone.MiniOzoneClusterImpl (MiniOzoneClusterImpl.java:lambda$waitForClusterToBeReady$0(224)) - Nodes are ready. Got 3 of 3 DN Heartbeats.
2023-05-08 09:35:19,098 [Listener at 127.0.0.1/42911] INFO  ozone.MiniOzoneClusterImpl (MiniOzoneClusterImpl.java:lambda$waitForClusterToBeReady$0(227)) - Waiting for cluster to exit safe mode
2023-05-08 09:35:19,098 [Listener at 127.0.0.1/42911] INFO  ozone.MiniOzoneClusterImpl (MiniOzoneClusterImpl.java:lambda$waitForClusterToBeReady$0(229)) - SCM became leader
2023-05-08 09:35:20,098 [Listener at 127.0.0.1/42911] INFO  ozone.MiniOzoneClusterImpl (MiniOzoneClusterImpl.java:lambda$waitForClusterToBeReady$0(224)) - Nodes are ready. Got 3 of 3 DN Heartbeats.
2023-05-08 09:35:20,098 [Listener at 127.0.0.1/42911] INFO  ozone.MiniOzoneClusterImpl (MiniOzoneClusterImpl.java:lambda$waitForClusterToBeReady$0(227)) - Waiting for cluster to exit safe mode
2023-05-08 09:35:20,098 [Listener at 127.0.0.1/42911] INFO  ozone.MiniOzoneClusterImpl (MiniOzoneClusterImpl.java:lambda$waitForClusterToBeReady$0(229)) - SCM became leader
2023-05-08 09:35:20,313 [Command processor thread] INFO  server.RaftServer (RaftServerProxy.java:addNew(96)) - 55e20b8b-283c-4747-9932-f8afe0177efb: addNew group-6A945276AB4F:[55e20b8b-283c-4747-9932-f8afe0177efb|rpc:10.1.0.160:36567|dataStream:10.1.0.160:36329|priority:1|startupRole:FOLLOWER] returns group-6A945276AB4F:java.util.concurrent.CompletableFuture@23d34619[Not completed]
2023-05-08 09:35:20,314 [pool-626-thread-1] INFO  server.RaftServer$Division (RaftServerImpl.java:<init>(195)) - 55e20b8b-283c-4747-9932-f8afe0177efb: new RaftServerImpl for group-6A945276AB4F:[55e20b8b-283c-4747-9932-f8afe0177efb|rpc:10.1.0.160:36567|dataStream:10.1.0.160:36329|priority:1|startupRole:FOLLOWER] with ContainerStateMachine:uninitialized
2023-05-08 09:35:20,315 [pool-626-thread-1] INFO  server.RaftServerConfigKeys (ConfUtils.java:logGet(46)) - raft.server.rpc.timeout.min = 5s (custom)
2023-05-08 09:35:20,315 [pool-626-thread-1] INFO  server.RaftServerConfigKeys (ConfUtils.java:logGet(46)) - raft.server.rpc.timeout.max = 5200ms (custom)
2023-05-08 09:35:20,315 [pool-626-thread-1] INFO  server.RaftServerConfigKeys (ConfUtils.java:logGet(46)) - raft.server.rpc.sleep.time = 25ms (default)
2023-05-08 09:35:20,315 [pool-626-thread-1] INFO  server.RaftServerConfigKeys (ConfUtils.java:logGet(46)) - raft.server.rpc.slowness.timeout = 300s (custom)
2023-05-08 09:35:20,315 [pool-626-thread-1] INFO  server.RaftServerConfigKeys (ConfUtils.java:logGet(46)) - raft.server.leaderelection.leader.step-down.wait-time = 10s (default)
2023-05-08 09:35:20,315 [pool-626-thread-1] INFO  server.RaftServerConfigKeys (ConfUtils.java:logGet(46)) - raft.server.sleep.deviation.threshold = 300ms (default)
2023-05-08 09:35:20,315 [pool-626-thread-1] INFO  server.RaftServer$Division (ServerState.java:<init>(118)) - 55e20b8b-283c-4747-9932-f8afe0177efb@group-6A945276AB4F: ConfigurationManager, init=-1: peers:[55e20b8b-283c-4747-9932-f8afe0177efb|rpc:10.1.0.160:36567|dataStream:10.1.0.160:36329|priority:1|startupRole:FOLLOWER]|listeners:[], old=null, confs=<EMPTY_MAP>
2023-05-08 09:35:20,315 [pool-626-thread-1] INFO  server.RaftServerConfigKeys (ConfUtils.java:logGet(46)) - raft.server.storage.dir = [/home/runner/work/ozone/ozone/hadoop-ozone/integration-test/target/test-dir/MiniOzoneClusterImpl-e3f0e696-295c-4d93-87a4-d859f2bb0e1a/datanode-0/data/ratis] (custom)
2023-05-08 09:35:20,315 [pool-626-thread-1] INFO  server.RaftServerConfigKeys (ConfUtils.java:logGet(46)) - raft.server.log.corruption.policy = EXCEPTION (default)
2023-05-08 09:35:20,315 [pool-626-thread-1] INFO  server.RaftServerConfigKeys (ConfUtils.java:logGet(46)) - raft.server.storage.free-space.min = 0MB (=0) (default)
2023-05-08 09:35:20,315 [pool-626-thread-1] INFO  server.RaftServerConfigKeys (ConfUtils.java:logGet(46)) - raft.server.notification.no-leader.timeout = 300s (custom)
2023-05-08 09:35:20,315 [pool-626-thread-1] INFO  server.RaftServerConfigKeys (ConfUtils.java:logGet(46)) - raft.server.retrycache.expirytime = 600000ms (custom)
2023-05-08 09:35:20,315 [pool-626-thread-1] INFO  server.RaftServerConfigKeys (ConfUtils.java:logGet(46)) - raft.server.retrycache.statistics.expirytime = 100μs (default)
2023-05-08 09:35:20,316 [pool-626-thread-1] INFO  server.RaftServerConfigKeys (ConfUtils.java:logGet(46)) - raft.server.log.appender.install.snapshot.enabled = false (custom)
2023-05-08 09:35:20,316 [pool-626-thread-1] INFO  server.RaftServerConfigKeys (ConfUtils.java:logGet(46)) - raft.server.threadpool.server.cached = true (default)
2023-05-08 09:35:20,317 [pool-626-thread-1] INFO  server.RaftServerConfigKeys (ConfUtils.java:logGet(46)) - raft.server.threadpool.server.size = 0 (default)
2023-05-08 09:35:20,317 [pool-626-thread-1] INFO  server.RaftServerConfigKeys (ConfUtils.java:logGet(46)) - raft.server.threadpool.client.cached = true (default)
2023-05-08 09:35:20,317 [pool-626-thread-1] INFO  server.RaftServerConfigKeys (ConfUtils.java:logGet(46)) - raft.server.threadpool.client.size = 0 (default)
2023-05-08 09:35:20,317 [pool-626-thread-1] INFO  storage.RaftStorageDirectory (RaftStorageDirectoryImpl.java:analyzeStorage(137)) - The storage directory /home/runner/work/ozone/ozone/hadoop-ozone/integration-test/target/test-dir/MiniOzoneClusterImpl-e3f0e696-295c-4d93-87a4-d859f2bb0e1a/datanode-0/data/ratis/70989d1e-d352-423a-9d09-6a945276ab4f does not exist. Creating ...
2023-05-08 09:35:20,318 [pool-626-thread-1] INFO  storage.RaftStorageDirectory (RaftStorageDirectoryImpl.java:tryLock(231)) - Lock on /home/runner/work/ozone/ozone/hadoop-ozone/integration-test/target/test-dir/MiniOzoneClusterImpl-e3f0e696-295c-4d93-87a4-d859f2bb0e1a/datanode-0/data/ratis/70989d1e-d352-423a-9d09-6a945276ab4f/in_use.lock acquired by nodename 7572@fv-az96-539
2023-05-08 09:35:20,321 [pool-626-thread-1] INFO  storage.RaftStorage (RaftStorageImpl.java:format(96)) - Storage directory /home/runner/work/ozone/ozone/hadoop-ozone/integration-test/target/test-dir/MiniOzoneClusterImpl-e3f0e696-295c-4d93-87a4-d859f2bb0e1a/datanode-0/data/ratis/70989d1e-d352-423a-9d09-6a945276ab4f has been successfully formatted.
2023-05-08 09:35:20,326 [pool-626-thread-1] INFO  ratis.ContainerStateMachine (ContainerStateMachine.java:loadSnapshot(262)) - group-6A945276AB4F: The snapshot info is null. Setting the last applied indexto:(t:0, i:~)
2023-05-08 09:35:20,326 [pool-626-thread-1] INFO  server.RaftServerConfigKeys (ConfUtils.java:logGet(46)) - raft.server.log.use.memory = false (default)
2023-05-08 09:35:20,326 [pool-626-thread-1] INFO  server.RaftServerConfigKeys (ConfUtils.java:logGet(46)) - raft.server.log.purge.gap = 1000000 (custom)
2023-05-08 09:35:20,326 [pool-626-thread-1] INFO  server.RaftServerConfigKeys (ConfUtils.java:logGet(46)) - raft.server.log.appender.buffer.byte-limit = 33554432 (custom)
2023-05-08 09:35:20,327 [pool-626-thread-1] INFO  server.RaftServerConfigKeys (ConfUtils.java:logGet(46)) - raft.server.log.statemachine.data.read.timeout = 1000ms (default)
2023-05-08 09:35:20,327 [pool-626-thread-1] INFO  server.RaftServerConfigKeys (ConfUtils.java:logGet(46)) - raft.server.log.purge.preservation.log.num = 0 (default)
2023-05-08 09:35:20,327 [pool-626-thread-1] INFO  server.RaftServerConfigKeys (ConfUtils.java:logGet(46)) - raft.server.log.segment.size.max = 1048576 (custom)
2023-05-08 09:35:20,327 [pool-626-thread-1] INFO  server.RaftServerConfigKeys (ConfUtils.java:logGet(46)) - raft.server.log.segment.cache.num.max = 2 (custom)
2023-05-08 09:35:20,328 [EventQueue-PipelineReportForPipelineReportHandler] INFO  pipeline.PipelineManagerImpl (PipelineManagerImpl.java:openPipeline(367)) - Pipeline Pipeline[ Id: 70989d1e-d352-423a-9d09-6a945276ab4f, Nodes: 55e20b8b-283c-4747-9932-f8afe0177efb(fv-az96-539/10.1.0.160), ReplicationConfig: RATIS/ONE, State:ALLOCATED, leaderId:55e20b8b-283c-4747-9932-f8afe0177efb, CreationTimestamp2023-05-08T09:35:17.322Z[Etc/UTC]] moved to OPEN state
2023-05-08 09:35:20,328 [pool-626-thread-1] INFO  server.RaftServerConfigKeys (ConfUtils.java:logGet(46)) - raft.server.log.segment.cache.size.max = 200MB (=209715200) (default)
2023-05-08 09:35:20,329 [pool-626-thread-1] INFO  segmented.SegmentedRaftLogWorker (SegmentedRaftLogWorker.java:<init>(189)) - new 55e20b8b-283c-4747-9932-f8afe0177efb@group-6A945276AB4F-SegmentedRaftLogWorker for RaftStorageImpl:Storage Directory /home/runner/work/ozone/ozone/hadoop-ozone/integration-test/target/test-dir/MiniOzoneClusterImpl-e3f0e696-295c-4d93-87a4-d859f2bb0e1a/datanode-0/data/ratis/70989d1e-d352-423a-9d09-6a945276ab4f
2023-05-08 09:35:20,329 [pool-626-thread-1] INFO  server.RaftServerConfigKeys (ConfUtils.java:logGet(46)) - raft.server.log.queue.byte-limit = 4294967296 (custom)
2023-05-08 09:35:20,330 [pool-626-thread-1] INFO  server.RaftServerConfigKeys (ConfUtils.java:logGet(46)) - raft.server.log.queue.element-limit = 1024 (custom)
2023-05-08 09:35:20,330 [pool-626-thread-1] INFO  server.RaftServerConfigKeys (ConfUtils.java:logGet(46)) - raft.server.log.segment.size.max = 1048576 (custom)
2023-05-08 09:35:20,330 [pool-626-thread-1] INFO  server.RaftServerConfigKeys (ConfUtils.java:logGet(46)) - raft.server.log.preallocated.size = 16384 (custom)
2023-05-08 09:35:20,330 [pool-626-thread-1] INFO  server.RaftServerConfigKeys (ConfUtils.java:logGet(46)) - raft.server.log.force.sync.num = 128 (default)
2023-05-08 09:35:20,330 [pool-626-thread-1] INFO  server.RaftServerConfigKeys (ConfUtils.java:logGet(46)) - raft.server.log.statemachine.data.sync = true (default)
2023-05-08 09:35:20,330 [pool-626-thread-1] INFO  server.RaftServerConfigKeys (ConfUtils.java:logGet(46)) - raft.server.log.statemachine.data.sync.timeout = 10s (default)
2023-05-08 09:35:20,330 [pool-626-thread-1] INFO  server.RaftServerConfigKeys (ConfUtils.java:logGet(46)) - raft.server.log.statemachine.data.sync.timeout.retry = -1 (default)
2023-05-08 09:35:20,331 [pool-626-thread-1] INFO  server.RaftServerConfigKeys (ConfUtils.java:logGet(46)) - raft.server.log.write.buffer.size = 1048576 (custom)
2023-05-08 09:35:20,331 [pool-626-thread-1] INFO  server.RaftServerConfigKeys (ConfUtils.java:logGet(46)) - raft.server.log.appender.buffer.byte-limit = 33554432 (custom)
2023-05-08 09:35:20,341 [pool-626-thread-1] INFO  server.RaftServerConfigKeys (ConfUtils.java:logGet(46)) - raft.server.log.unsafe-flush.enabled = false (default)
2023-05-08 09:35:20,341 [pool-626-thread-1] INFO  server.RaftServerConfigKeys (ConfUtils.java:logGet(46)) - raft.server.log.async-flush.enabled = false (default)
2023-05-08 09:35:20,341 [pool-626-thread-1] INFO  server.RaftServerConfigKeys (ConfUtils.java:logGet(46)) - raft.server.log.statemachine.data.caching.enabled = true (custom)
2023-05-08 09:35:20,341 [pool-626-thread-1] INFO  segmented.SegmentedRaftLogWorker (SegmentedRaftLogWorker.java:lambda$new$0(135)) - 55e20b8b-283c-4747-9932-f8afe0177efb@group-6A945276AB4F-SegmentedRaftLogWorker: flushIndex: setUnconditionally 0 -> -1
2023-05-08 09:35:20,341 [pool-626-thread-1] INFO  segmented.SegmentedRaftLogWorker (SegmentedRaftLogWorker.java:lambda$new$0(135)) - 55e20b8b-283c-4747-9932-f8afe0177efb@group-6A945276AB4F-SegmentedRaftLogWorker: safeCacheEvictIndex: setUnconditionally 0 -> -1
2023-05-08 09:35:20,341 [pool-626-thread-1] INFO  server.RaftServer$Division (RaftServerImpl.java:start(334)) - 55e20b8b-283c-4747-9932-f8afe0177efb@group-6A945276AB4F: start as a follower, conf=-1: peers:[55e20b8b-283c-4747-9932-f8afe0177efb|rpc:10.1.0.160:36567|dataStream:10.1.0.160:36329|priority:1|startupRole:FOLLOWER]|listeners:[], old=null
2023-05-08 09:35:20,342 [pool-626-thread-1] INFO  server.RaftServer$Division (RaftServerImpl.java:setRole(321)) - 55e20b8b-283c-4747-9932-f8afe0177efb@group-6A945276AB4F: changes role from      null to FOLLOWER at term 0 for startAsFollower
2023-05-08 09:35:20,342 [pool-626-thread-1] INFO  impl.RoleInfo (RoleInfo.java:updateAndGet(139)) - 55e20b8b-283c-4747-9932-f8afe0177efb: start 55e20b8b-283c-4747-9932-f8afe0177efb@group-6A945276AB4F-FollowerState
2023-05-08 09:35:20,342 [pool-626-thread-1] INFO  util.JmxRegister (JmxRegister.java:tryRegister(44)) - Successfully registered JMX Bean with object name Ratis:service=RaftServer,group=group-6A945276AB4F,id=55e20b8b-283c-4747-9932-f8afe0177efb
2023-05-08 09:35:20,342 [55e20b8b-283c-4747-9932-f8afe0177efb@group-6A945276AB4F-FollowerState] INFO  server.RaftServerConfigKeys (ConfUtils.java:logFallback(53)) - raft.server.rpc.first-election.timeout.min = 5s (fallback to raft.server.rpc.timeout.min)
2023-05-08 09:35:20,343 [EventQueue-OpenPipelineForHealthyPipelineSafeModeRule] INFO  safemode.SCMSafeModeManager (HealthyPipelineSafeModeRule.java:process(137)) - SCM in safe mode. Healthy pipelines reported count is 0, required healthy pipeline reported count is 1
2023-05-08 09:35:20,342 [pool-626-thread-1] INFO  server.RaftServerConfigKeys (ConfUtils.java:logGet(46)) - raft.server.snapshot.auto.trigger.enabled = true (custom)
2023-05-08 09:35:20,343 [55e20b8b-283c-4747-9932-f8afe0177efb@group-6A945276AB4F-FollowerState] INFO  server.RaftServerConfigKeys (ConfUtils.java:logFallback(53)) - raft.server.rpc.first-election.timeout.max = 5200ms (fallback to raft.server.rpc.timeout.max)
2023-05-08 09:35:20,343 [pool-626-thread-1] INFO  server.RaftServerConfigKeys (ConfUtils.java:logGet(46)) - raft.server.snapshot.auto.trigger.threshold = 10000 (custom)
2023-05-08 09:35:20,343 [pool-626-thread-1] INFO  server.RaftServerConfigKeys (ConfUtils.java:logGet(46)) - raft.server.snapshot.retention.file.num = 5 (custom)
2023-05-08 09:35:20,343 [pool-626-thread-1] INFO  server.RaftServerConfigKeys (ConfUtils.java:logGet(46)) - raft.server.log.purge.upto.snapshot.index = false (default)
2023-05-08 09:35:20,346 [Command processor thread] INFO  ratis.XceiverServerRatis (XceiverServerRatis.java:addGroup(806)) - Created group PipelineID=70989d1e-d352-423a-9d09-6a945276ab4f
2023-05-08 09:35:20,347 [Command processor thread] INFO  commandhandler.CreatePipelineCommandHandler (CreatePipelineCommandHandler.java:handle(113)) - Created Pipeline RATIS ONE PipelineID=70989d1e-d352-423a-9d09-6a945276ab4f.
2023-05-08 09:35:20,347 [Command processor thread] INFO  server.RaftServer (RaftServerProxy.java:addNew(96)) - 55e20b8b-283c-4747-9932-f8afe0177efb: addNew group-1ABBF1605D1A:[55e20b8b-283c-4747-9932-f8afe0177efb|rpc:10.1.0.160:36567|dataStream:10.1.0.160:36329|priority:0|startupRole:FOLLOWER, 17dccb1e-3aac-4103-8ad9-4d3b247cd28f|rpc:10.1.0.160:44231|dataStream:10.1.0.160:37067|priority:0|startupRole:FOLLOWER, 9cd45e4a-89d7-4ae2-9e76-72416fd6b668|rpc:10.1.0.160:40973|dataStream:10.1.0.160:33571|priority:1|startupRole:FOLLOWER] returns group-1ABBF1605D1A:java.util.concurrent.CompletableFuture@27ecd6bb[Not completed]
2023-05-08 09:35:20,350 [pool-626-thread-1] INFO  server.RaftServer$Division (RaftServerImpl.java:<init>(195)) - 55e20b8b-283c-4747-9932-f8afe0177efb: new RaftServerImpl for group-1ABBF1605D1A:[55e20b8b-283c-4747-9932-f8afe0177efb|rpc:10.1.0.160:36567|dataStream:10.1.0.160:36329|priority:0|startupRole:FOLLOWER, 17dccb1e-3aac-4103-8ad9-4d3b247cd28f|rpc:10.1.0.160:44231|dataStream:10.1.0.160:37067|priority:0|startupRole:FOLLOWER, 9cd45e4a-89d7-4ae2-9e76-72416fd6b668|rpc:10.1.0.160:40973|dataStream:10.1.0.160:33571|priority:1|startupRole:FOLLOWER] with ContainerStateMachine:uninitialized
2023-05-08 09:35:20,350 [pool-626-thread-1] INFO  server.RaftServerConfigKeys (ConfUtils.java:logGet(46)) - raft.server.rpc.timeout.min = 5s (custom)
2023-05-08 09:35:20,350 [pool-626-thread-1] INFO  server.RaftServerConfigKeys (ConfUtils.java:logGet(46)) - raft.server.rpc.timeout.max = 5200ms (custom)
2023-05-08 09:35:20,350 [pool-626-thread-1] INFO  server.RaftServerConfigKeys (ConfUtils.java:logGet(46)) - raft.server.rpc.sleep.time = 25ms (default)
2023-05-08 09:35:20,350 [pool-626-thread-1] INFO  server.RaftServerConfigKeys (ConfUtils.java:logGet(46)) - raft.server.rpc.slowness.timeout = 300s (custom)
2023-05-08 09:35:20,350 [pool-626-thread-1] INFO  server.RaftServerConfigKeys (ConfUtils.java:logGet(46)) - raft.server.leaderelection.leader.step-down.wait-time = 10s (default)
2023-05-08 09:35:20,350 [pool-626-thread-1] INFO  server.RaftServerConfigKeys (ConfUtils.java:logGet(46)) - raft.server.sleep.deviation.threshold = 300ms (default)
2023-05-08 09:35:20,350 [pool-626-thread-1] INFO  server.RaftServer$Division (ServerState.java:<init>(118)) - 55e20b8b-283c-4747-9932-f8afe0177efb@group-1ABBF1605D1A: ConfigurationManager, init=-1: peers:[55e20b8b-283c-4747-9932-f8afe0177efb|rpc:10.1.0.160:36567|dataStream:10.1.0.160:36329|priority:0|startupRole:FOLLOWER, 17dccb1e-3aac-4103-8ad9-4d3b247cd28f|rpc:10.1.0.160:44231|dataStream:10.1.0.160:37067|priority:0|startupRole:FOLLOWER, 9cd45e4a-89d7-4ae2-9e76-72416fd6b668|rpc:10.1.0.160:40973|dataStream:10.1.0.160:33571|priority:1|startupRole:FOLLOWER]|listeners:[], old=null, confs=<EMPTY_MAP>
2023-05-08 09:35:20,350 [pool-626-thread-1] INFO  server.RaftServerConfigKeys (ConfUtils.java:logGet(46)) - raft.server.storage.dir = [/home/runner/work/ozone/ozone/hadoop-ozone/integration-test/target/test-dir/MiniOzoneClusterImpl-e3f0e696-295c-4d93-87a4-d859f2bb0e1a/datanode-0/data/ratis] (custom)
2023-05-08 09:35:20,350 [pool-626-thread-1] INFO  server.RaftServerConfigKeys (ConfUtils.java:logGet(46)) - raft.server.log.corruption.policy = EXCEPTION (default)
2023-05-08 09:35:20,350 [pool-626-thread-1] INFO  server.RaftServerConfigKeys (ConfUtils.java:logGet(46)) - raft.server.storage.free-space.min = 0MB (=0) (default)
2023-05-08 09:35:20,350 [pool-626-thread-1] INFO  server.RaftServerConfigKeys (ConfUtils.java:logGet(46)) - raft.server.notification.no-leader.timeout = 300s (custom)
2023-05-08 09:35:20,350 [pool-626-thread-1] INFO  server.RaftServerConfigKeys (ConfUtils.java:logGet(46)) - raft.server.retrycache.expirytime = 600000ms (custom)
2023-05-08 09:35:20,351 [pool-626-thread-1] INFO  server.RaftServerConfigKeys (ConfUtils.java:logGet(46)) - raft.server.retrycache.statistics.expirytime = 100μs (default)
2023-05-08 09:35:20,351 [pool-626-thread-1] INFO  server.RaftServerConfigKeys (ConfUtils.java:logGet(46)) - raft.server.log.appender.install.snapshot.enabled = false (custom)
2023-05-08 09:35:20,351 [pool-626-thread-1] INFO  server.RaftServerConfigKeys (ConfUtils.java:logGet(46)) - raft.server.threadpool.server.cached = true (default)
2023-05-08 09:35:20,351 [pool-626-thread-1] INFO  server.RaftServerConfigKeys (ConfUtils.java:logGet(46)) - raft.server.threadpool.server.size = 0 (default)
2023-05-08 09:35:20,351 [pool-626-thread-1] INFO  server.RaftServerConfigKeys (ConfUtils.java:logGet(46)) - raft.server.threadpool.client.cached = true (default)
2023-05-08 09:35:20,351 [pool-626-thread-1] INFO  server.RaftServerConfigKeys (ConfUtils.java:logGet(46)) - raft.server.threadpool.client.size = 0 (default)
2023-05-08 09:35:20,352 [pool-626-thread-1] INFO  storage.RaftStorageDirectory (RaftStorageDirectoryImpl.java:analyzeStorage(137)) - The storage directory /home/runner/work/ozone/ozone/hadoop-ozone/integration-test/target/test-dir/MiniOzoneClusterImpl-e3f0e696-295c-4d93-87a4-d859f2bb0e1a/datanode-0/data/ratis/a2a203c4-bd7b-4da4-a148-1abbf1605d1a does not exist. Creating ...
2023-05-08 09:35:20,353 [pool-626-thread-1] INFO  storage.RaftStorageDirectory (RaftStorageDirectoryImpl.java:tryLock(231)) - Lock on /home/runner/work/ozone/ozone/hadoop-ozone/integration-test/target/test-dir/MiniOzoneClusterImpl-e3f0e696-295c-4d93-87a4-d859f2bb0e1a/datanode-0/data/ratis/a2a203c4-bd7b-4da4-a148-1abbf1605d1a/in_use.lock acquired by nodename 7572@fv-az96-539
2023-05-08 09:35:20,354 [pool-626-thread-1] INFO  storage.RaftStorage (RaftStorageImpl.java:format(96)) - Storage directory /home/runner/work/ozone/ozone/hadoop-ozone/integration-test/target/test-dir/MiniOzoneClusterImpl-e3f0e696-295c-4d93-87a4-d859f2bb0e1a/datanode-0/data/ratis/a2a203c4-bd7b-4da4-a148-1abbf1605d1a has been successfully formatted.
2023-05-08 09:35:20,355 [pool-626-thread-1] INFO  ratis.ContainerStateMachine (ContainerStateMachine.java:loadSnapshot(262)) - group-1ABBF1605D1A: The snapshot info is null. Setting the last applied indexto:(t:0, i:~)
2023-05-08 09:35:20,355 [pool-626-thread-1] INFO  server.RaftServerConfigKeys (ConfUtils.java:logGet(46)) - raft.server.log.use.memory = false (default)
2023-05-08 09:35:20,355 [pool-626-thread-1] INFO  server.RaftServerConfigKeys (ConfUtils.java:logGet(46)) - raft.server.log.purge.gap = 1000000 (custom)
2023-05-08 09:35:20,355 [pool-626-thread-1] INFO  server.RaftServerConfigKeys (ConfUtils.java:logGet(46)) - raft.server.log.appender.buffer.byte-limit = 33554432 (custom)
2023-05-08 09:35:20,355 [pool-626-thread-1] INFO  server.RaftServerConfigKeys (ConfUtils.java:logGet(46)) - raft.server.log.statemachine.data.read.timeout = 1000ms (default)
2023-05-08 09:35:20,355 [pool-626-thread-1] INFO  server.RaftServerConfigKeys (ConfUtils.java:logGet(46)) - raft.server.log.purge.preservation.log.num = 0 (default)
2023-05-08 09:35:20,355 [pool-626-thread-1] INFO  server.RaftServerConfigKeys (ConfUtils.java:logGet(46)) - raft.server.log.segment.size.max = 1048576 (custom)
2023-05-08 09:35:20,355 [pool-626-thread-1] INFO  server.RaftServerConfigKeys (ConfUtils.java:logGet(46)) - raft.server.log.segment.cache.num.max = 2 (custom)
2023-05-08 09:35:20,355 [pool-626-thread-1] INFO  server.RaftServerConfigKeys (ConfUtils.java:logGet(46)) - raft.server.log.segment.cache.size.max = 200MB (=209715200) (default)
2023-05-08 09:35:20,355 [pool-626-thread-1] INFO  segmented.SegmentedRaftLogWorker (SegmentedRaftLogWorker.java:<init>(189)) - new 55e20b8b-283c-4747-9932-f8afe0177efb@group-1ABBF1605D1A-SegmentedRaftLogWorker for RaftStorageImpl:Storage Directory /home/runner/work/ozone/ozone/hadoop-ozone/integration-test/target/test-dir/MiniOzoneClusterImpl-e3f0e696-295c-4d93-87a4-d859f2bb0e1a/datanode-0/data/ratis/a2a203c4-bd7b-4da4-a148-1abbf1605d1a
2023-05-08 09:35:20,356 [pool-626-thread-1] INFO  server.RaftServerConfigKeys (ConfUtils.java:logGet(46)) - raft.server.log.queue.byte-limit = 4294967296 (custom)
2023-05-08 09:35:20,356 [pool-626-thread-1] INFO  server.RaftServerConfigKeys (ConfUtils.java:logGet(46)) - raft.server.log.queue.element-limit = 1024 (custom)
2023-05-08 09:35:20,356 [pool-626-thread-1] INFO  server.RaftServerConfigKeys (ConfUtils.java:logGet(46)) - raft.server.log.segment.size.max = 1048576 (custom)
2023-05-08 09:35:20,356 [pool-626-thread-1] INFO  server.RaftServerConfigKeys (ConfUtils.java:logGet(46)) - raft.server.log.preallocated.size = 16384 (custom)
2023-05-08 09:35:20,356 [pool-626-thread-1] INFO  server.RaftServerConfigKeys (ConfUtils.java:logGet(46)) - raft.server.log.force.sync.num = 128 (default)
2023-05-08 09:35:20,356 [pool-626-thread-1] INFO  server.RaftServerConfigKeys (ConfUtils.java:logGet(46)) - raft.server.log.statemachine.data.sync = true (default)
2023-05-08 09:35:20,356 [pool-626-thread-1] INFO  server.RaftServerConfigKeys (ConfUtils.java:logGet(46)) - raft.server.log.statemachine.data.sync.timeout = 10s (default)
2023-05-08 09:35:20,356 [pool-626-thread-1] INFO  server.RaftServerConfigKeys (ConfUtils.java:logGet(46)) - raft.server.log.statemachine.data.sync.timeout.retry = -1 (default)
2023-05-08 09:35:20,356 [pool-626-thread-1] INFO  server.RaftServerConfigKeys (ConfUtils.java:logGet(46)) - raft.server.log.write.buffer.size = 1048576 (custom)
2023-05-08 09:35:20,357 [EventQueue-OpenPipelineForHealthyPipelineSafeModeRule] INFO  safemode.SCMSafeModeManager (HealthyPipelineSafeModeRule.java:process(137)) - SCM in safe mode. Healthy pipelines reported count is 0, required healthy pipeline reported count is 1
2023-05-08 09:35:20,357 [pool-626-thread-1] INFO  server.RaftServerConfigKeys (ConfUtils.java:logGet(46)) - raft.server.log.appender.buffer.byte-limit = 33554432 (custom)
2023-05-08 09:35:20,362 [pool-626-thread-1] INFO  server.RaftServerConfigKeys (ConfUtils.java:logGet(46)) - raft.server.log.unsafe-flush.enabled = false (default)
2023-05-08 09:35:20,362 [pool-626-thread-1] INFO  server.RaftServerConfigKeys (ConfUtils.java:logGet(46)) - raft.server.log.async-flush.enabled = false (default)
2023-05-08 09:35:20,362 [pool-626-thread-1] INFO  server.RaftServerConfigKeys (ConfUtils.java:logGet(46)) - raft.server.log.statemachine.data.caching.enabled = true (custom)
2023-05-08 09:35:20,363 [pool-626-thread-1] INFO  segmented.SegmentedRaftLogWorker (SegmentedRaftLogWorker.java:lambda$new$0(135)) - 55e20b8b-283c-4747-9932-f8afe0177efb@group-1ABBF1605D1A-SegmentedRaftLogWorker: flushIndex: setUnconditionally 0 -> -1
2023-05-08 09:35:20,363 [pool-626-thread-1] INFO  segmented.SegmentedRaftLogWorker (SegmentedRaftLogWorker.java:lambda$new$0(135)) - 55e20b8b-283c-4747-9932-f8afe0177efb@group-1ABBF1605D1A-SegmentedRaftLogWorker: safeCacheEvictIndex: setUnconditionally 0 -> -1
2023-05-08 09:35:20,363 [pool-626-thread-1] INFO  server.RaftServer$Division (RaftServerImpl.java:start(334)) - 55e20b8b-283c-4747-9932-f8afe0177efb@group-1ABBF1605D1A: start as a follower, conf=-1: peers:[55e20b8b-283c-4747-9932-f8afe0177efb|rpc:10.1.0.160:36567|dataStream:10.1.0.160:36329|priority:0|startupRole:FOLLOWER, 17dccb1e-3aac-4103-8ad9-4d3b247cd28f|rpc:10.1.0.160:44231|dataStream:10.1.0.160:37067|priority:0|startupRole:FOLLOWER, 9cd45e4a-89d7-4ae2-9e76-72416fd6b668|rpc:10.1.0.160:40973|dataStream:10.1.0.160:33571|priority:1|startupRole:FOLLOWER]|listeners:[], old=null
2023-05-08 09:35:20,363 [pool-626-thread-1] INFO  server.RaftServer$Division (RaftServerImpl.java:setRole(321)) - 55e20b8b-283c-4747-9932-f8afe0177efb@group-1ABBF1605D1A: changes role from      null to FOLLOWER at term 0 for startAsFollower
2023-05-08 09:35:20,363 [pool-626-thread-1] INFO  impl.RoleInfo (RoleInfo.java:updateAndGet(139)) - 55e20b8b-283c-4747-9932-f8afe0177efb: start 55e20b8b-283c-4747-9932-f8afe0177efb@group-1ABBF1605D1A-FollowerState
2023-05-08 09:35:20,363 [pool-626-thread-1] INFO  util.JmxRegister (JmxRegister.java:tryRegister(44)) - Successfully registered JMX Bean with object name Ratis:service=RaftServer,group=group-1ABBF1605D1A,id=55e20b8b-283c-4747-9932-f8afe0177efb
2023-05-08 09:35:20,363 [pool-626-thread-1] INFO  server.RaftServerConfigKeys (ConfUtils.java:logGet(46)) - raft.server.snapshot.auto.trigger.enabled = true (custom)
2023-05-08 09:35:20,363 [pool-626-thread-1] INFO  server.RaftServerConfigKeys (ConfUtils.java:logGet(46)) - raft.server.snapshot.auto.trigger.threshold = 10000 (custom)
2023-05-08 09:35:20,363 [pool-626-thread-1] INFO  server.RaftServerConfigKeys (ConfUtils.java:logGet(46)) - raft.server.snapshot.retention.file.num = 5 (custom)
2023-05-08 09:35:20,363 [pool-626-thread-1] INFO  server.RaftServerConfigKeys (ConfUtils.java:logGet(46)) - raft.server.log.purge.upto.snapshot.index = false (default)
2023-05-08 09:35:20,364 [55e20b8b-283c-4747-9932-f8afe0177efb@group-1ABBF1605D1A-FollowerState] INFO  server.RaftServerConfigKeys (ConfUtils.java:logFallback(53)) - raft.server.rpc.first-election.timeout.min = 5s (fallback to raft.server.rpc.timeout.min)
2023-05-08 09:35:20,364 [55e20b8b-283c-4747-9932-f8afe0177efb@group-1ABBF1605D1A-FollowerState] INFO  server.RaftServerConfigKeys (ConfUtils.java:logFallback(53)) - raft.server.rpc.first-election.timeout.max = 5200ms (fallback to raft.server.rpc.timeout.max)
2023-05-08 09:35:20,364 [Command processor thread] INFO  ratis.XceiverServerRatis (XceiverServerRatis.java:addGroup(806)) - Created group PipelineID=a2a203c4-bd7b-4da4-a148-1abbf1605d1a
2023-05-08 09:35:20,389 [grpc-default-executor-0] INFO  server.RaftServer (RaftServerProxy.java:addNew(96)) - 9cd45e4a-89d7-4ae2-9e76-72416fd6b668: addNew group-1ABBF1605D1A:[55e20b8b-283c-4747-9932-f8afe0177efb|rpc:10.1.0.160:36567|dataStream:10.1.0.160:36329|priority:0|startupRole:FOLLOWER, 17dccb1e-3aac-4103-8ad9-4d3b247cd28f|rpc:10.1.0.160:44231|dataStream:10.1.0.160:37067|priority:0|startupRole:FOLLOWER, 9cd45e4a-89d7-4ae2-9e76-72416fd6b668|rpc:10.1.0.160:40973|dataStream:10.1.0.160:33571|priority:1|startupRole:FOLLOWER] returns group-1ABBF1605D1A:java.util.concurrent.CompletableFuture@3a83e12b[Not completed]
2023-05-08 09:35:20,391 [pool-670-thread-1] INFO  server.RaftServer$Division (RaftServerImpl.java:<init>(195)) - 9cd45e4a-89d7-4ae2-9e76-72416fd6b668: new RaftServerImpl for group-1ABBF1605D1A:[55e20b8b-283c-4747-9932-f8afe0177efb|rpc:10.1.0.160:36567|dataStream:10.1.0.160:36329|priority:0|startupRole:FOLLOWER, 17dccb1e-3aac-4103-8ad9-4d3b247cd28f|rpc:10.1.0.160:44231|dataStream:10.1.0.160:37067|priority:0|startupRole:FOLLOWER, 9cd45e4a-89d7-4ae2-9e76-72416fd6b668|rpc:10.1.0.160:40973|dataStream:10.1.0.160:33571|priority:1|startupRole:FOLLOWER] with ContainerStateMachine:uninitialized
2023-05-08 09:35:20,392 [pool-670-thread-1] INFO  server.RaftServerConfigKeys (ConfUtils.java:logGet(46)) - raft.server.rpc.timeout.min = 5s (custom)
2023-05-08 09:35:20,395 [pool-670-thread-1] INFO  server.RaftServerConfigKeys (ConfUtils.java:logGet(46)) - raft.server.rpc.timeout.max = 5200ms (custom)
2023-05-08 09:35:20,395 [pool-670-thread-1] INFO  server.RaftServerConfigKeys (ConfUtils.java:logGet(46)) - raft.server.rpc.sleep.time = 25ms (default)
2023-05-08 09:35:20,395 [pool-670-thread-1] INFO  server.RaftServerConfigKeys (ConfUtils.java:logGet(46)) - raft.server.rpc.slowness.timeout = 300s (custom)
2023-05-08 09:35:20,395 [pool-670-thread-1] INFO  server.RaftServerConfigKeys (ConfUtils.java:logGet(46)) - raft.server.leaderelection.leader.step-down.wait-time = 10s (default)
2023-05-08 09:35:20,395 [pool-670-thread-1] INFO  server.RaftServerConfigKeys (ConfUtils.java:logGet(46)) - raft.server.sleep.deviation.threshold = 300ms (default)
2023-05-08 09:35:20,395 [pool-670-thread-1] INFO  server.RaftServer$Division (ServerState.java:<init>(118)) - 9cd45e4a-89d7-4ae2-9e76-72416fd6b668@group-1ABBF1605D1A: ConfigurationManager, init=-1: peers:[55e20b8b-283c-4747-9932-f8afe0177efb|rpc:10.1.0.160:36567|dataStream:10.1.0.160:36329|priority:0|startupRole:FOLLOWER, 17dccb1e-3aac-4103-8ad9-4d3b247cd28f|rpc:10.1.0.160:44231|dataStream:10.1.0.160:37067|priority:0|startupRole:FOLLOWER, 9cd45e4a-89d7-4ae2-9e76-72416fd6b668|rpc:10.1.0.160:40973|dataStream:10.1.0.160:33571|priority:1|startupRole:FOLLOWER]|listeners:[], old=null, confs=<EMPTY_MAP>
2023-05-08 09:35:20,395 [pool-670-thread-1] INFO  server.RaftServerConfigKeys (ConfUtils.java:logGet(46)) - raft.server.storage.dir = [/home/runner/work/ozone/ozone/hadoop-ozone/integration-test/target/test-dir/MiniOzoneClusterImpl-e3f0e696-295c-4d93-87a4-d859f2bb0e1a/datanode-2/data/ratis] (custom)
2023-05-08 09:35:20,395 [pool-670-thread-1] INFO  server.RaftServerConfigKeys (ConfUtils.java:logGet(46)) - raft.server.log.corruption.policy = EXCEPTION (default)
2023-05-08 09:35:20,395 [pool-670-thread-1] INFO  server.RaftServerConfigKeys (ConfUtils.java:logGet(46)) - raft.server.storage.free-space.min = 0MB (=0) (default)
2023-05-08 09:35:20,396 [pool-670-thread-1] INFO  server.RaftServerConfigKeys (ConfUtils.java:logGet(46)) - raft.server.notification.no-leader.timeout = 300s (custom)
2023-05-08 09:35:20,396 [pool-670-thread-1] INFO  server.RaftServerConfigKeys (ConfUtils.java:logGet(46)) - raft.server.retrycache.expirytime = 600000ms (custom)
2023-05-08 09:35:20,396 [pool-670-thread-1] INFO  server.RaftServerConfigKeys (ConfUtils.java:logGet(46)) - raft.server.retrycache.statistics.expirytime = 100μs (default)
2023-05-08 09:35:20,397 [pool-670-thread-1] INFO  server.RaftServerConfigKeys (ConfUtils.java:logGet(46)) - raft.server.log.appender.install.snapshot.enabled = false (custom)
2023-05-08 09:35:20,398 [pool-670-thread-1] INFO  server.RaftServerConfigKeys (ConfUtils.java:logGet(46)) - raft.server.threadpool.server.cached = true (default)
2023-05-08 09:35:20,398 [pool-670-thread-1] INFO  server.RaftServerConfigKeys (ConfUtils.java:logGet(46)) - raft.server.threadpool.server.size = 0 (default)
2023-05-08 09:35:20,398 [pool-670-thread-1] INFO  server.RaftServerConfigKeys (ConfUtils.java:logGet(46)) - raft.server.threadpool.client.cached = true (default)
2023-05-08 09:35:20,398 [pool-670-thread-1] INFO  server.RaftServerConfigKeys (ConfUtils.java:logGet(46)) - raft.server.threadpool.client.size = 0 (default)
2023-05-08 09:35:20,398 [pool-670-thread-1] INFO  storage.RaftStorageDirectory (RaftStorageDirectoryImpl.java:analyzeStorage(137)) - The storage directory /home/runner/work/ozone/ozone/hadoop-ozone/integration-test/target/test-dir/MiniOzoneClusterImpl-e3f0e696-295c-4d93-87a4-d859f2bb0e1a/datanode-2/data/ratis/a2a203c4-bd7b-4da4-a148-1abbf1605d1a does not exist. Creating ...
2023-05-08 09:35:20,399 [pool-670-thread-1] INFO  storage.RaftStorageDirectory (RaftStorageDirectoryImpl.java:tryLock(231)) - Lock on /home/runner/work/ozone/ozone/hadoop-ozone/integration-test/target/test-dir/MiniOzoneClusterImpl-e3f0e696-295c-4d93-87a4-d859f2bb0e1a/datanode-2/data/ratis/a2a203c4-bd7b-4da4-a148-1abbf1605d1a/in_use.lock acquired by nodename 7572@fv-az96-539
2023-05-08 09:35:20,400 [pool-670-thread-1] INFO  storage.RaftStorage (RaftStorageImpl.java:format(96)) - Storage directory /home/runner/work/ozone/ozone/hadoop-ozone/integration-test/target/test-dir/MiniOzoneClusterImpl-e3f0e696-295c-4d93-87a4-d859f2bb0e1a/datanode-2/data/ratis/a2a203c4-bd7b-4da4-a148-1abbf1605d1a has been successfully formatted.
2023-05-08 09:35:20,401 [pool-670-thread-1] INFO  ratis.ContainerStateMachine (ContainerStateMachine.java:loadSnapshot(262)) - group-1ABBF1605D1A: The snapshot info is null. Setting the last applied indexto:(t:0, i:~)
2023-05-08 09:35:20,401 [pool-670-thread-1] INFO  server.RaftServerConfigKeys (ConfUtils.java:logGet(46)) - raft.server.log.use.memory = false (default)
2023-05-08 09:35:20,401 [pool-670-thread-1] INFO  server.RaftServerConfigKeys (ConfUtils.java:logGet(46)) - raft.server.log.purge.gap = 1000000 (custom)
2023-05-08 09:35:20,401 [pool-670-thread-1] INFO  server.RaftServerConfigKeys (ConfUtils.java:logGet(46)) - raft.server.log.appender.buffer.byte-limit = 33554432 (custom)
2023-05-08 09:35:20,401 [pool-670-thread-1] INFO  server.RaftServerConfigKeys (ConfUtils.java:logGet(46)) - raft.server.log.statemachine.data.read.timeout = 1000ms (default)
2023-05-08 09:35:20,401 [pool-670-thread-1] INFO  server.RaftServerConfigKeys (ConfUtils.java:logGet(46)) - raft.server.log.purge.preservation.log.num = 0 (default)
2023-05-08 09:35:20,402 [pool-670-thread-1] INFO  server.RaftServerConfigKeys (ConfUtils.java:logGet(46)) - raft.server.log.segment.size.max = 1048576 (custom)
2023-05-08 09:35:20,402 [pool-670-thread-1] INFO  server.RaftServerConfigKeys (ConfUtils.java:logGet(46)) - raft.server.log.segment.cache.num.max = 2 (custom)
2023-05-08 09:35:20,402 [pool-670-thread-1] INFO  server.RaftServerConfigKeys (ConfUtils.java:logGet(46)) - raft.server.log.segment.cache.size.max = 200MB (=209715200) (default)
2023-05-08 09:35:20,402 [pool-670-thread-1] INFO  segmented.SegmentedRaftLogWorker (SegmentedRaftLogWorker.java:<init>(189)) - new 9cd45e4a-89d7-4ae2-9e76-72416fd6b668@group-1ABBF1605D1A-SegmentedRaftLogWorker for RaftStorageImpl:Storage Directory /home/runner/work/ozone/ozone/hadoop-ozone/integration-test/target/test-dir/MiniOzoneClusterImpl-e3f0e696-295c-4d93-87a4-d859f2bb0e1a/datanode-2/data/ratis/a2a203c4-bd7b-4da4-a148-1abbf1605d1a
2023-05-08 09:35:20,402 [pool-670-thread-1] INFO  server.RaftServerConfigKeys (ConfUtils.java:logGet(46)) - raft.server.log.queue.byte-limit = 4294967296 (custom)
2023-05-08 09:35:20,402 [pool-670-thread-1] INFO  server.RaftServerConfigKeys (ConfUtils.java:logGet(46)) - raft.server.log.queue.element-limit = 1024 (custom)
2023-05-08 09:35:20,402 [pool-670-thread-1] INFO  server.RaftServerConfigKeys (ConfUtils.java:logGet(46)) - raft.server.log.segment.size.max = 1048576 (custom)
2023-05-08 09:35:20,402 [pool-670-thread-1] INFO  server.RaftServerConfigKeys (ConfUtils.java:logGet(46)) - raft.server.log.preallocated.size = 16384 (custom)
2023-05-08 09:35:20,402 [pool-670-thread-1] INFO  server.RaftServerConfigKeys (ConfUtils.java:logGet(46)) - raft.server.log.force.sync.num = 128 (default)
2023-05-08 09:35:20,402 [pool-670-thread-1] INFO  server.RaftServerConfigKeys (ConfUtils.java:logGet(46)) - raft.server.log.statemachine.data.sync = true (default)
2023-05-08 09:35:20,402 [pool-670-thread-1] INFO  server.RaftServerConfigKeys (ConfUtils.java:logGet(46)) - raft.server.log.statemachine.data.sync.timeout = 10s (default)
2023-05-08 09:35:20,402 [pool-670-thread-1] INFO  server.RaftServerConfigKeys (ConfUtils.java:logGet(46)) - raft.server.log.statemachine.data.sync.timeout.retry = -1 (default)
2023-05-08 09:35:20,404 [pool-670-thread-1] INFO  server.RaftServerConfigKeys (ConfUtils.java:logGet(46)) - raft.server.log.write.buffer.size = 1048576 (custom)
2023-05-08 09:35:20,405 [pool-670-thread-1] INFO  server.RaftServerConfigKeys (ConfUtils.java:logGet(46)) - raft.server.log.appender.buffer.byte-limit = 33554432 (custom)
2023-05-08 09:35:20,411 [pool-670-thread-1] INFO  server.RaftServerConfigKeys (ConfUtils.java:logGet(46)) - raft.server.log.unsafe-flush.enabled = false (default)
2023-05-08 09:35:20,411 [pool-670-thread-1] INFO  server.RaftServerConfigKeys (ConfUtils.java:logGet(46)) - raft.server.log.async-flush.enabled = false (default)
2023-05-08 09:35:20,411 [pool-670-thread-1] INFO  server.RaftServerConfigKeys (ConfUtils.java:logGet(46)) - raft.server.log.statemachine.data.caching.enabled = true (custom)
2023-05-08 09:35:20,412 [pool-670-thread-1] INFO  segmented.SegmentedRaftLogWorker (SegmentedRaftLogWorker.java:lambda$new$0(135)) - 9cd45e4a-89d7-4ae2-9e76-72416fd6b668@group-1ABBF1605D1A-SegmentedRaftLogWorker: flushIndex: setUnconditionally 0 -> -1
2023-05-08 09:35:20,412 [pool-670-thread-1] INFO  segmented.SegmentedRaftLogWorker (SegmentedRaftLogWorker.java:lambda$new$0(135)) - 9cd45e4a-89d7-4ae2-9e76-72416fd6b668@group-1ABBF1605D1A-SegmentedRaftLogWorker: safeCacheEvictIndex: setUnconditionally 0 -> -1
2023-05-08 09:35:20,412 [pool-670-thread-1] INFO  server.RaftServer$Division (RaftServerImpl.java:start(334)) - 9cd45e4a-89d7-4ae2-9e76-72416fd6b668@group-1ABBF1605D1A: start as a follower, conf=-1: peers:[55e20b8b-283c-4747-9932-f8afe0177efb|rpc:10.1.0.160:36567|dataStream:10.1.0.160:36329|priority:0|startupRole:FOLLOWER, 17dccb1e-3aac-4103-8ad9-4d3b247cd28f|rpc:10.1.0.160:44231|dataStream:10.1.0.160:37067|priority:0|startupRole:FOLLOWER, 9cd45e4a-89d7-4ae2-9e76-72416fd6b668|rpc:10.1.0.160:40973|dataStream:10.1.0.160:33571|priority:1|startupRole:FOLLOWER]|listeners:[], old=null
2023-05-08 09:35:20,412 [pool-670-thread-1] INFO  server.RaftServer$Division (RaftServerImpl.java:setRole(321)) - 9cd45e4a-89d7-4ae2-9e76-72416fd6b668@group-1ABBF1605D1A: changes role from      null to FOLLOWER at term 0 for startAsFollower
2023-05-08 09:35:20,412 [pool-670-thread-1] INFO  impl.RoleInfo (RoleInfo.java:updateAndGet(139)) - 9cd45e4a-89d7-4ae2-9e76-72416fd6b668: start 9cd45e4a-89d7-4ae2-9e76-72416fd6b668@group-1ABBF1605D1A-FollowerState
2023-05-08 09:35:20,413 [pool-670-thread-1] INFO  util.JmxRegister (JmxRegister.java:tryRegister(44)) - Successfully registered JMX Bean with object name Ratis:service=RaftServer,group=group-1ABBF1605D1A,id=9cd45e4a-89d7-4ae2-9e76-72416fd6b668
2023-05-08 09:35:20,413 [pool-670-thread-1] INFO  server.RaftServerConfigKeys (ConfUtils.java:logGet(46)) - raft.server.snapshot.auto.trigger.enabled = true (custom)
2023-05-08 09:35:20,413 [pool-670-thread-1] INFO  server.RaftServerConfigKeys (ConfUtils.java:logGet(46)) - raft.server.snapshot.auto.trigger.threshold = 10000 (custom)
2023-05-08 09:35:20,413 [pool-670-thread-1] INFO  server.RaftServerConfigKeys (ConfUtils.java:logGet(46)) - raft.server.snapshot.retention.file.num = 5 (custom)
2023-05-08 09:35:20,413 [pool-670-thread-1] INFO  server.RaftServerConfigKeys (ConfUtils.java:logGet(46)) - raft.server.log.purge.upto.snapshot.index = false (default)
2023-05-08 09:35:20,414 [9cd45e4a-89d7-4ae2-9e76-72416fd6b668@group-1ABBF1605D1A-FollowerState] INFO  server.RaftServerConfigKeys (ConfUtils.java:logFallback(53)) - raft.server.rpc.first-election.timeout.min = 5s (fallback to raft.server.rpc.timeout.min)
2023-05-08 09:35:20,414 [9cd45e4a-89d7-4ae2-9e76-72416fd6b668@group-1ABBF1605D1A-FollowerState] INFO  server.RaftServerConfigKeys (ConfUtils.java:logFallback(53)) - raft.server.rpc.first-election.timeout.max = 5200ms (fallback to raft.server.rpc.timeout.max)
2023-05-08 09:35:20,444 [grpc-default-executor-0] INFO  server.RaftServer (RaftServerProxy.java:addNew(96)) - 17dccb1e-3aac-4103-8ad9-4d3b247cd28f: addNew group-1ABBF1605D1A:[55e20b8b-283c-4747-9932-f8afe0177efb|rpc:10.1.0.160:36567|dataStream:10.1.0.160:36329|priority:0|startupRole:FOLLOWER, 17dccb1e-3aac-4103-8ad9-4d3b247cd28f|rpc:10.1.0.160:44231|dataStream:10.1.0.160:37067|priority:0|startupRole:FOLLOWER, 9cd45e4a-89d7-4ae2-9e76-72416fd6b668|rpc:10.1.0.160:40973|dataStream:10.1.0.160:33571|priority:1|startupRole:FOLLOWER] returns group-1ABBF1605D1A:java.util.concurrent.CompletableFuture@731f57d2[Not completed]
2023-05-08 09:35:20,445 [pool-648-thread-1] INFO  server.RaftServer$Division (RaftServerImpl.java:<init>(195)) - 17dccb1e-3aac-4103-8ad9-4d3b247cd28f: new RaftServerImpl for group-1ABBF1605D1A:[55e20b8b-283c-4747-9932-f8afe0177efb|rpc:10.1.0.160:36567|dataStream:10.1.0.160:36329|priority:0|startupRole:FOLLOWER, 17dccb1e-3aac-4103-8ad9-4d3b247cd28f|rpc:10.1.0.160:44231|dataStream:10.1.0.160:37067|priority:0|startupRole:FOLLOWER, 9cd45e4a-89d7-4ae2-9e76-72416fd6b668|rpc:10.1.0.160:40973|dataStream:10.1.0.160:33571|priority:1|startupRole:FOLLOWER] with ContainerStateMachine:uninitialized
2023-05-08 09:35:20,445 [pool-648-thread-1] INFO  server.RaftServerConfigKeys (ConfUtils.java:logGet(46)) - raft.server.rpc.timeout.min = 5s (custom)
2023-05-08 09:35:20,445 [pool-648-thread-1] INFO  server.RaftServerConfigKeys (ConfUtils.java:logGet(46)) - raft.server.rpc.timeout.max = 5200ms (custom)
2023-05-08 09:35:20,445 [pool-648-thread-1] INFO  server.RaftServerConfigKeys (ConfUtils.java:logGet(46)) - raft.server.rpc.sleep.time = 25ms (default)
2023-05-08 09:35:20,445 [pool-648-thread-1] INFO  server.RaftServerConfigKeys (ConfUtils.java:logGet(46)) - raft.server.rpc.slowness.timeout = 300s (custom)
2023-05-08 09:35:20,445 [pool-648-thread-1] INFO  server.RaftServerConfigKeys (ConfUtils.java:logGet(46)) - raft.server.leaderelection.leader.step-down.wait-time = 10s (default)
2023-05-08 09:35:20,445 [pool-648-thread-1] INFO  server.RaftServerConfigKeys (ConfUtils.java:logGet(46)) - raft.server.sleep.deviation.threshold = 300ms (default)
2023-05-08 09:35:20,445 [pool-648-thread-1] INFO  server.RaftServer$Division (ServerState.java:<init>(118)) - 17dccb1e-3aac-4103-8ad9-4d3b247cd28f@group-1ABBF1605D1A: ConfigurationManager, init=-1: peers:[55e20b8b-283c-4747-9932-f8afe0177efb|rpc:10.1.0.160:36567|dataStream:10.1.0.160:36329|priority:0|startupRole:FOLLOWER, 17dccb1e-3aac-4103-8ad9-4d3b247cd28f|rpc:10.1.0.160:44231|dataStream:10.1.0.160:37067|priority:0|startupRole:FOLLOWER, 9cd45e4a-89d7-4ae2-9e76-72416fd6b668|rpc:10.1.0.160:40973|dataStream:10.1.0.160:33571|priority:1|startupRole:FOLLOWER]|listeners:[], old=null, confs=<EMPTY_MAP>
2023-05-08 09:35:20,445 [pool-648-thread-1] INFO  server.RaftServerConfigKeys (ConfUtils.java:logGet(46)) - raft.server.storage.dir = [/home/runner/work/ozone/ozone/hadoop-ozone/integration-test/target/test-dir/MiniOzoneClusterImpl-e3f0e696-295c-4d93-87a4-d859f2bb0e1a/datanode-1/data/ratis] (custom)
2023-05-08 09:35:20,445 [pool-648-thread-1] INFO  server.RaftServerConfigKeys (ConfUtils.java:logGet(46)) - raft.server.log.corruption.policy = EXCEPTION (default)
2023-05-08 09:35:20,445 [pool-648-thread-1] INFO  server.RaftServerConfigKeys (ConfUtils.java:logGet(46)) - raft.server.storage.free-space.min = 0MB (=0) (default)
2023-05-08 09:35:20,446 [pool-648-thread-1] INFO  server.RaftServerConfigKeys (ConfUtils.java:logGet(46)) - raft.server.notification.no-leader.timeout = 300s (custom)
2023-05-08 09:35:20,446 [pool-648-thread-1] INFO  server.RaftServerConfigKeys (ConfUtils.java:logGet(46)) - raft.server.retrycache.expirytime = 600000ms (custom)
2023-05-08 09:35:20,446 [pool-648-thread-1] INFO  server.RaftServerConfigKeys (ConfUtils.java:logGet(46)) - raft.server.retrycache.statistics.expirytime = 100μs (default)
2023-05-08 09:35:20,446 [pool-648-thread-1] INFO  server.RaftServerConfigKeys (ConfUtils.java:logGet(46)) - raft.server.log.appender.install.snapshot.enabled = false (custom)
2023-05-08 09:35:20,446 [pool-648-thread-1] INFO  server.RaftServerConfigKeys (ConfUtils.java:logGet(46)) - raft.server.threadpool.server.cached = true (default)
2023-05-08 09:35:20,446 [pool-648-thread-1] INFO  server.RaftServerConfigKeys (ConfUtils.java:logGet(46)) - raft.server.threadpool.server.size = 0 (default)
2023-05-08 09:35:20,446 [pool-648-thread-1] INFO  server.RaftServerConfigKeys (ConfUtils.java:logGet(46)) - raft.server.threadpool.client.cached = true (default)
2023-05-08 09:35:20,446 [pool-648-thread-1] INFO  server.RaftServerConfigKeys (ConfUtils.java:logGet(46)) - raft.server.threadpool.client.size = 0 (default)
2023-05-08 09:35:20,447 [pool-648-thread-1] INFO  storage.RaftStorageDirectory (RaftStorageDirectoryImpl.java:analyzeStorage(137)) - The storage directory /home/runner/work/ozone/ozone/hadoop-ozone/integration-test/target/test-dir/MiniOzoneClusterImpl-e3f0e696-295c-4d93-87a4-d859f2bb0e1a/datanode-1/data/ratis/a2a203c4-bd7b-4da4-a148-1abbf1605d1a does not exist. Creating ...
2023-05-08 09:35:20,448 [pool-648-thread-1] INFO  storage.RaftStorageDirectory (RaftStorageDirectoryImpl.java:tryLock(231)) - Lock on /home/runner/work/ozone/ozone/hadoop-ozone/integration-test/target/test-dir/MiniOzoneClusterImpl-e3f0e696-295c-4d93-87a4-d859f2bb0e1a/datanode-1/data/ratis/a2a203c4-bd7b-4da4-a148-1abbf1605d1a/in_use.lock acquired by nodename 7572@fv-az96-539
2023-05-08 09:35:20,449 [pool-648-thread-1] INFO  storage.RaftStorage (RaftStorageImpl.java:format(96)) - Storage directory /home/runner/work/ozone/ozone/hadoop-ozone/integration-test/target/test-dir/MiniOzoneClusterImpl-e3f0e696-295c-4d93-87a4-d859f2bb0e1a/datanode-1/data/ratis/a2a203c4-bd7b-4da4-a148-1abbf1605d1a has been successfully formatted.
2023-05-08 09:35:20,450 [pool-648-thread-1] INFO  ratis.ContainerStateMachine (ContainerStateMachine.java:loadSnapshot(262)) - group-1ABBF1605D1A: The snapshot info is null. Setting the last applied indexto:(t:0, i:~)
2023-05-08 09:35:20,450 [pool-648-thread-1] INFO  server.RaftServerConfigKeys (ConfUtils.java:logGet(46)) - raft.server.log.use.memory = false (default)
2023-05-08 09:35:20,450 [pool-648-thread-1] INFO  server.RaftServerConfigKeys (ConfUtils.java:logGet(46)) - raft.server.log.purge.gap = 1000000 (custom)
2023-05-08 09:35:20,450 [pool-648-thread-1] INFO  server.RaftServerConfigKeys (ConfUtils.java:logGet(46)) - raft.server.log.appender.buffer.byte-limit = 33554432 (custom)
2023-05-08 09:35:20,450 [pool-648-thread-1] INFO  server.RaftServerConfigKeys (ConfUtils.java:logGet(46)) - raft.server.log.statemachine.data.read.timeout = 1000ms (default)
2023-05-08 09:35:20,450 [pool-648-thread-1] INFO  server.RaftServerConfigKeys (ConfUtils.java:logGet(46)) - raft.server.log.purge.preservation.log.num = 0 (default)
2023-05-08 09:35:20,450 [pool-648-thread-1] INFO  server.RaftServerConfigKeys (ConfUtils.java:logGet(46)) - raft.server.log.segment.size.max = 1048576 (custom)
2023-05-08 09:35:20,450 [pool-648-thread-1] INFO  server.RaftServerConfigKeys (ConfUtils.java:logGet(46)) - raft.server.log.segment.cache.num.max = 2 (custom)
2023-05-08 09:35:20,450 [pool-648-thread-1] INFO  server.RaftServerConfigKeys (ConfUtils.java:logGet(46)) - raft.server.log.segment.cache.size.max = 200MB (=209715200) (default)
2023-05-08 09:35:20,450 [pool-648-thread-1] INFO  segmented.SegmentedRaftLogWorker (SegmentedRaftLogWorker.java:<init>(189)) - new 17dccb1e-3aac-4103-8ad9-4d3b247cd28f@group-1ABBF1605D1A-SegmentedRaftLogWorker for RaftStorageImpl:Storage Directory /home/runner/work/ozone/ozone/hadoop-ozone/integration-test/target/test-dir/MiniOzoneClusterImpl-e3f0e696-295c-4d93-87a4-d859f2bb0e1a/datanode-1/data/ratis/a2a203c4-bd7b-4da4-a148-1abbf1605d1a
2023-05-08 09:35:20,450 [pool-648-thread-1] INFO  server.RaftServerConfigKeys (ConfUtils.java:logGet(46)) - raft.server.log.queue.byte-limit = 4294967296 (custom)
2023-05-08 09:35:20,450 [pool-648-thread-1] INFO  server.RaftServerConfigKeys (ConfUtils.java:logGet(46)) - raft.server.log.queue.element-limit = 1024 (custom)
2023-05-08 09:35:20,451 [pool-648-thread-1] INFO  server.RaftServerConfigKeys (ConfUtils.java:logGet(46)) - raft.server.log.segment.size.max = 1048576 (custom)
2023-05-08 09:35:20,451 [pool-648-thread-1] INFO  server.RaftServerConfigKeys (ConfUtils.java:logGet(46)) - raft.server.log.preallocated.size = 16384 (custom)
2023-05-08 09:35:20,451 [pool-648-thread-1] INFO  server.RaftServerConfigKeys (ConfUtils.java:logGet(46)) - raft.server.log.force.sync.num = 128 (default)
2023-05-08 09:35:20,451 [pool-648-thread-1] INFO  server.RaftServerConfigKeys (ConfUtils.java:logGet(46)) - raft.server.log.statemachine.data.sync = true (default)
2023-05-08 09:35:20,451 [pool-648-thread-1] INFO  server.RaftServerConfigKeys (ConfUtils.java:logGet(46)) - raft.server.log.statemachine.data.sync.timeout = 10s (default)
2023-05-08 09:35:20,451 [pool-648-thread-1] INFO  server.RaftServerConfigKeys (ConfUtils.java:logGet(46)) - raft.server.log.statemachine.data.sync.timeout.retry = -1 (default)
2023-05-08 09:35:20,452 [pool-648-thread-1] INFO  server.RaftServerConfigKeys (ConfUtils.java:logGet(46)) - raft.server.log.write.buffer.size = 1048576 (custom)
2023-05-08 09:35:20,452 [pool-648-thread-1] INFO  server.RaftServerConfigKeys (ConfUtils.java:logGet(46)) - raft.server.log.appender.buffer.byte-limit = 33554432 (custom)
2023-05-08 09:35:20,457 [pool-648-thread-1] INFO  server.RaftServerConfigKeys (ConfUtils.java:logGet(46)) - raft.server.log.unsafe-flush.enabled = false (default)
2023-05-08 09:35:20,457 [pool-648-thread-1] INFO  server.RaftServerConfigKeys (ConfUtils.java:logGet(46)) - raft.server.log.async-flush.enabled = false (default)
2023-05-08 09:35:20,457 [pool-648-thread-1] INFO  server.RaftServerConfigKeys (ConfUtils.java:logGet(46)) - raft.server.log.statemachine.data.caching.enabled = true (custom)
2023-05-08 09:35:20,457 [pool-648-thread-1] INFO  segmented.SegmentedRaftLogWorker (SegmentedRaftLogWorker.java:lambda$new$0(135)) - 17dccb1e-3aac-4103-8ad9-4d3b247cd28f@group-1ABBF1605D1A-SegmentedRaftLogWorker: flushIndex: setUnconditionally 0 -> -1
2023-05-08 09:35:20,457 [pool-648-thread-1] INFO  segmented.SegmentedRaftLogWorker (SegmentedRaftLogWorker.java:lambda$new$0(135)) - 17dccb1e-3aac-4103-8ad9-4d3b247cd28f@group-1ABBF1605D1A-SegmentedRaftLogWorker: safeCacheEvictIndex: setUnconditionally 0 -> -1
2023-05-08 09:35:20,458 [pool-648-thread-1] INFO  server.RaftServer$Division (RaftServerImpl.java:start(334)) - 17dccb1e-3aac-4103-8ad9-4d3b247cd28f@group-1ABBF1605D1A: start as a follower, conf=-1: peers:[55e20b8b-283c-4747-9932-f8afe0177efb|rpc:10.1.0.160:36567|dataStream:10.1.0.160:36329|priority:0|startupRole:FOLLOWER, 17dccb1e-3aac-4103-8ad9-4d3b247cd28f|rpc:10.1.0.160:44231|dataStream:10.1.0.160:37067|priority:0|startupRole:FOLLOWER, 9cd45e4a-89d7-4ae2-9e76-72416fd6b668|rpc:10.1.0.160:40973|dataStream:10.1.0.160:33571|priority:1|startupRole:FOLLOWER]|listeners:[], old=null
2023-05-08 09:35:20,458 [pool-648-thread-1] INFO  server.RaftServer$Division (RaftServerImpl.java:setRole(321)) - 17dccb1e-3aac-4103-8ad9-4d3b247cd28f@group-1ABBF1605D1A: changes role from      null to FOLLOWER at term 0 for startAsFollower
2023-05-08 09:35:20,458 [pool-648-thread-1] INFO  impl.RoleInfo (RoleInfo.java:updateAndGet(139)) - 17dccb1e-3aac-4103-8ad9-4d3b247cd28f: start 17dccb1e-3aac-4103-8ad9-4d3b247cd28f@group-1ABBF1605D1A-FollowerState
2023-05-08 09:35:20,460 [pool-648-thread-1] INFO  util.JmxRegister (JmxRegister.java:tryRegister(44)) - Successfully registered JMX Bean with object name Ratis:service=RaftServer,group=group-1ABBF1605D1A,id=17dccb1e-3aac-4103-8ad9-4d3b247cd28f
2023-05-08 09:35:20,460 [pool-648-thread-1] INFO  server.RaftServerConfigKeys (ConfUtils.java:logGet(46)) - raft.server.snapshot.auto.trigger.enabled = true (custom)
2023-05-08 09:35:20,460 [pool-648-thread-1] INFO  server.RaftServerConfigKeys (ConfUtils.java:logGet(46)) - raft.server.snapshot.auto.trigger.threshold = 10000 (custom)
2023-05-08 09:35:20,460 [pool-648-thread-1] INFO  server.RaftServerConfigKeys (ConfUtils.java:logGet(46)) - raft.server.snapshot.retention.file.num = 5 (custom)
2023-05-08 09:35:20,460 [pool-648-thread-1] INFO  server.RaftServerConfigKeys (ConfUtils.java:logGet(46)) - raft.server.log.purge.upto.snapshot.index = false (default)
2023-05-08 09:35:20,461 [17dccb1e-3aac-4103-8ad9-4d3b247cd28f@group-1ABBF1605D1A-FollowerState] INFO  server.RaftServerConfigKeys (ConfUtils.java:logFallback(53)) - raft.server.rpc.first-election.timeout.min = 5s (fallback to raft.server.rpc.timeout.min)
2023-05-08 09:35:20,461 [17dccb1e-3aac-4103-8ad9-4d3b247cd28f@group-1ABBF1605D1A-FollowerState] INFO  server.RaftServerConfigKeys (ConfUtils.java:logFallback(53)) - raft.server.rpc.first-election.timeout.max = 5200ms (fallback to raft.server.rpc.timeout.max)
2023-05-08 09:35:20,471 [Command processor thread] INFO  commandhandler.CreatePipelineCommandHandler (CreatePipelineCommandHandler.java:handle(113)) - Created Pipeline RATIS THREE PipelineID=a2a203c4-bd7b-4da4-a148-1abbf1605d1a.
2023-05-08 09:35:20,472 [Command processor thread] INFO  server.RaftServer (RaftServerProxy.java:addNew(96)) - 55e20b8b-283c-4747-9932-f8afe0177efb: addNew group-0CC5089ECD43:[55e20b8b-283c-4747-9932-f8afe0177efb|rpc:10.1.0.160:36567|dataStream:10.1.0.160:36329|priority:1|startupRole:FOLLOWER, 17dccb1e-3aac-4103-8ad9-4d3b247cd28f|rpc:10.1.0.160:44231|dataStream:10.1.0.160:37067|priority:0|startupRole:FOLLOWER, 9cd45e4a-89d7-4ae2-9e76-72416fd6b668|rpc:10.1.0.160:40973|dataStream:10.1.0.160:33571|priority:0|startupRole:FOLLOWER] returns group-0CC5089ECD43:java.util.concurrent.CompletableFuture@79ba9726[Not completed]
2023-05-08 09:35:20,472 [pool-626-thread-1] INFO  server.RaftServer$Division (RaftServerImpl.java:<init>(195)) - 55e20b8b-283c-4747-9932-f8afe0177efb: new RaftServerImpl for group-0CC5089ECD43:[55e20b8b-283c-4747-9932-f8afe0177efb|rpc:10.1.0.160:36567|dataStream:10.1.0.160:36329|priority:1|startupRole:FOLLOWER, 17dccb1e-3aac-4103-8ad9-4d3b247cd28f|rpc:10.1.0.160:44231|dataStream:10.1.0.160:37067|priority:0|startupRole:FOLLOWER, 9cd45e4a-89d7-4ae2-9e76-72416fd6b668|rpc:10.1.0.160:40973|dataStream:10.1.0.160:33571|priority:0|startupRole:FOLLOWER] with ContainerStateMachine:uninitialized
2023-05-08 09:35:20,473 [pool-626-thread-1] INFO  server.RaftServerConfigKeys (ConfUtils.java:logGet(46)) - raft.server.rpc.timeout.min = 5s (custom)
2023-05-08 09:35:20,473 [pool-626-thread-1] INFO  server.RaftServerConfigKeys (ConfUtils.java:logGet(46)) - raft.server.rpc.timeout.max = 5200ms (custom)
2023-05-08 09:35:20,473 [pool-626-thread-1] INFO  server.RaftServerConfigKeys (ConfUtils.java:logGet(46)) - raft.server.rpc.sleep.time = 25ms (default)
2023-05-08 09:35:20,473 [pool-626-thread-1] INFO  server.RaftServerConfigKeys (ConfUtils.java:logGet(46)) - raft.server.rpc.slowness.timeout = 300s (custom)
2023-05-08 09:35:20,473 [pool-626-thread-1] INFO  server.RaftServerConfigKeys (ConfUtils.java:logGet(46)) - raft.server.leaderelection.leader.step-down.wait-time = 10s (default)
2023-05-08 09:35:20,473 [pool-626-thread-1] INFO  server.RaftServerConfigKeys (ConfUtils.java:logGet(46)) - raft.server.sleep.deviation.threshold = 300ms (default)
2023-05-08 09:35:20,473 [pool-626-thread-1] INFO  server.RaftServer$Division (ServerState.java:<init>(118)) - 55e20b8b-283c-4747-9932-f8afe0177efb@group-0CC5089ECD43: ConfigurationManager, init=-1: peers:[55e20b8b-283c-4747-9932-f8afe0177efb|rpc:10.1.0.160:36567|dataStream:10.1.0.160:36329|priority:1|startupRole:FOLLOWER, 17dccb1e-3aac-4103-8ad9-4d3b247cd28f|rpc:10.1.0.160:44231|dataStream:10.1.0.160:37067|priority:0|startupRole:FOLLOWER, 9cd45e4a-89d7-4ae2-9e76-72416fd6b668|rpc:10.1.0.160:40973|dataStream:10.1.0.160:33571|priority:0|startupRole:FOLLOWER]|listeners:[], old=null, confs=<EMPTY_MAP>
2023-05-08 09:35:20,473 [pool-626-thread-1] INFO  server.RaftServerConfigKeys (ConfUtils.java:logGet(46)) - raft.server.storage.dir = [/home/runner/work/ozone/ozone/hadoop-ozone/integration-test/target/test-dir/MiniOzoneClusterImpl-e3f0e696-295c-4d93-87a4-d859f2bb0e1a/datanode-0/data/ratis] (custom)
2023-05-08 09:35:20,473 [pool-626-thread-1] INFO  server.RaftServerConfigKeys (ConfUtils.java:logGet(46)) - raft.server.log.corruption.policy = EXCEPTION (default)
2023-05-08 09:35:20,473 [pool-626-thread-1] INFO  server.RaftServerConfigKeys (ConfUtils.java:logGet(46)) - raft.server.storage.free-space.min = 0MB (=0) (default)
2023-05-08 09:35:20,473 [pool-626-thread-1] INFO  server.RaftServerConfigKeys (ConfUtils.java:logGet(46)) - raft.server.notification.no-leader.timeout = 300s (custom)
2023-05-08 09:35:20,473 [pool-626-thread-1] INFO  server.RaftServerConfigKeys (ConfUtils.java:logGet(46)) - raft.server.retrycache.expirytime = 600000ms (custom)
2023-05-08 09:35:20,473 [pool-626-thread-1] INFO  server.RaftServerConfigKeys (ConfUtils.java:logGet(46)) - raft.server.retrycache.statistics.expirytime = 100μs (default)
2023-05-08 09:35:20,474 [pool-626-thread-1] INFO  server.RaftServerConfigKeys (ConfUtils.java:logGet(46)) - raft.server.log.appender.install.snapshot.enabled = false (custom)
2023-05-08 09:35:20,474 [pool-626-thread-1] INFO  server.RaftServerConfigKeys (ConfUtils.java:logGet(46)) - raft.server.threadpool.server.cached = true (default)
2023-05-08 09:35:20,474 [pool-626-thread-1] INFO  server.RaftServerConfigKeys (ConfUtils.java:logGet(46)) - raft.server.threadpool.server.size = 0 (default)
2023-05-08 09:35:20,474 [pool-626-thread-1] INFO  server.RaftServerConfigKeys (ConfUtils.java:logGet(46)) - raft.server.threadpool.client.cached = true (default)
2023-05-08 09:35:20,474 [pool-626-thread-1] INFO  server.RaftServerConfigKeys (ConfUtils.java:logGet(46)) - raft.server.threadpool.client.size = 0 (default)
2023-05-08 09:35:20,474 [pool-626-thread-1] INFO  storage.RaftStorageDirectory (RaftStorageDirectoryImpl.java:analyzeStorage(137)) - The storage directory /home/runner/work/ozone/ozone/hadoop-ozone/integration-test/target/test-dir/MiniOzoneClusterImpl-e3f0e696-295c-4d93-87a4-d859f2bb0e1a/datanode-0/data/ratis/e60d0af8-fd7a-4830-be53-0cc5089ecd43 does not exist. Creating ...
2023-05-08 09:35:20,476 [pool-626-thread-1] INFO  storage.RaftStorageDirectory (RaftStorageDirectoryImpl.java:tryLock(231)) - Lock on /home/runner/work/ozone/ozone/hadoop-ozone/integration-test/target/test-dir/MiniOzoneClusterImpl-e3f0e696-295c-4d93-87a4-d859f2bb0e1a/datanode-0/data/ratis/e60d0af8-fd7a-4830-be53-0cc5089ecd43/in_use.lock acquired by nodename 7572@fv-az96-539
2023-05-08 09:35:20,478 [pool-626-thread-1] INFO  storage.RaftStorage (RaftStorageImpl.java:format(96)) - Storage directory /home/runner/work/ozone/ozone/hadoop-ozone/integration-test/target/test-dir/MiniOzoneClusterImpl-e3f0e696-295c-4d93-87a4-d859f2bb0e1a/datanode-0/data/ratis/e60d0af8-fd7a-4830-be53-0cc5089ecd43 has been successfully formatted.
2023-05-08 09:35:20,479 [pool-626-thread-1] INFO  ratis.ContainerStateMachine (ContainerStateMachine.java:loadSnapshot(262)) - group-0CC5089ECD43: The snapshot info is null. Setting the last applied indexto:(t:0, i:~)
2023-05-08 09:35:20,479 [pool-626-thread-1] INFO  server.RaftServerConfigKeys (ConfUtils.java:logGet(46)) - raft.server.log.use.memory = false (default)
2023-05-08 09:35:20,479 [pool-626-thread-1] INFO  server.RaftServerConfigKeys (ConfUtils.java:logGet(46)) - raft.server.log.purge.gap = 1000000 (custom)
2023-05-08 09:35:20,479 [pool-626-thread-1] INFO  server.RaftServerConfigKeys (ConfUtils.java:logGet(46)) - raft.server.log.appender.buffer.byte-limit = 33554432 (custom)
2023-05-08 09:35:20,480 [pool-626-thread-1] INFO  server.RaftServerConfigKeys (ConfUtils.java:logGet(46)) - raft.server.log.statemachine.data.read.timeout = 1000ms (default)
2023-05-08 09:35:20,480 [pool-626-thread-1] INFO  server.RaftServerConfigKeys (ConfUtils.java:logGet(46)) - raft.server.log.purge.preservation.log.num = 0 (default)
2023-05-08 09:35:20,480 [pool-626-thread-1] INFO  server.RaftServerConfigKeys (ConfUtils.java:logGet(46)) - raft.server.log.segment.size.max = 1048576 (custom)
2023-05-08 09:35:20,480 [pool-626-thread-1] INFO  server.RaftServerConfigKeys (ConfUtils.java:logGet(46)) - raft.server.log.segment.cache.num.max = 2 (custom)
2023-05-08 09:35:20,480 [pool-626-thread-1] INFO  server.RaftServerConfigKeys (ConfUtils.java:logGet(46)) - raft.server.log.segment.cache.size.max = 200MB (=209715200) (default)
2023-05-08 09:35:20,480 [EventQueue-OpenPipelineForHealthyPipelineSafeModeRule] INFO  safemode.SCMSafeModeManager (HealthyPipelineSafeModeRule.java:process(137)) - SCM in safe mode. Healthy pipelines reported count is 0, required healthy pipeline reported count is 1
2023-05-08 09:35:20,480 [pool-626-thread-1] INFO  segmented.SegmentedRaftLogWorker (SegmentedRaftLogWorker.java:<init>(189)) - new 55e20b8b-283c-4747-9932-f8afe0177efb@group-0CC5089ECD43-SegmentedRaftLogWorker for RaftStorageImpl:Storage Directory /home/runner/work/ozone/ozone/hadoop-ozone/integration-test/target/test-dir/MiniOzoneClusterImpl-e3f0e696-295c-4d93-87a4-d859f2bb0e1a/datanode-0/data/ratis/e60d0af8-fd7a-4830-be53-0cc5089ecd43
2023-05-08 09:35:20,480 [pool-626-thread-1] INFO  server.RaftServerConfigKeys (ConfUtils.java:logGet(46)) - raft.server.log.queue.byte-limit = 4294967296 (custom)
2023-05-08 09:35:20,480 [pool-626-thread-1] INFO  server.RaftServerConfigKeys (ConfUtils.java:logGet(46)) - raft.server.log.queue.element-limit = 1024 (custom)
2023-05-08 09:35:20,480 [pool-626-thread-1] INFO  server.RaftServerConfigKeys (ConfUtils.java:logGet(46)) - raft.server.log.segment.size.max = 1048576 (custom)
2023-05-08 09:35:20,480 [pool-626-thread-1] INFO  server.RaftServerConfigKeys (ConfUtils.java:logGet(46)) - raft.server.log.preallocated.size = 16384 (custom)
2023-05-08 09:35:20,480 [pool-626-thread-1] INFO  server.RaftServerConfigKeys (ConfUtils.java:logGet(46)) - raft.server.log.force.sync.num = 128 (default)
2023-05-08 09:35:20,480 [pool-626-thread-1] INFO  server.RaftServerConfigKeys (ConfUtils.java:logGet(46)) - raft.server.log.statemachine.data.sync = true (default)
2023-05-08 09:35:20,481 [pool-626-thread-1] INFO  server.RaftServerConfigKeys (ConfUtils.java:logGet(46)) - raft.server.log.statemachine.data.sync.timeout = 10s (default)
2023-05-08 09:35:20,481 [pool-626-thread-1] INFO  server.RaftServerConfigKeys (ConfUtils.java:logGet(46)) - raft.server.log.statemachine.data.sync.timeout.retry = -1 (default)
2023-05-08 09:35:20,481 [pool-626-thread-1] INFO  server.RaftServerConfigKeys (ConfUtils.java:logGet(46)) - raft.server.log.write.buffer.size = 1048576 (custom)
2023-05-08 09:35:20,482 [pool-626-thread-1] INFO  server.RaftServerConfigKeys (ConfUtils.java:logGet(46)) - raft.server.log.appender.buffer.byte-limit = 33554432 (custom)
2023-05-08 09:35:20,490 [pool-626-thread-1] INFO  server.RaftServerConfigKeys (ConfUtils.java:logGet(46)) - raft.server.log.unsafe-flush.enabled = false (default)
2023-05-08 09:35:20,490 [pool-626-thread-1] INFO  server.RaftServerConfigKeys (ConfUtils.java:logGet(46)) - raft.server.log.async-flush.enabled = false (default)
2023-05-08 09:35:20,490 [pool-626-thread-1] INFO  server.RaftServerConfigKeys (ConfUtils.java:logGet(46)) - raft.server.log.statemachine.data.caching.enabled = true (custom)
2023-05-08 09:35:20,490 [pool-626-thread-1] INFO  segmented.SegmentedRaftLogWorker (SegmentedRaftLogWorker.java:lambda$new$0(135)) - 55e20b8b-283c-4747-9932-f8afe0177efb@group-0CC5089ECD43-SegmentedRaftLogWorker: flushIndex: setUnconditionally 0 -> -1
2023-05-08 09:35:20,490 [pool-626-thread-1] INFO  segmented.SegmentedRaftLogWorker (SegmentedRaftLogWorker.java:lambda$new$0(135)) - 55e20b8b-283c-4747-9932-f8afe0177efb@group-0CC5089ECD43-SegmentedRaftLogWorker: safeCacheEvictIndex: setUnconditionally 0 -> -1
2023-05-08 09:35:20,491 [pool-626-thread-1] INFO  server.RaftServer$Division (RaftServerImpl.java:start(334)) - 55e20b8b-283c-4747-9932-f8afe0177efb@group-0CC5089ECD43: start as a follower, conf=-1: peers:[55e20b8b-283c-4747-9932-f8afe0177efb|rpc:10.1.0.160:36567|dataStream:10.1.0.160:36329|priority:1|startupRole:FOLLOWER, 17dccb1e-3aac-4103-8ad9-4d3b247cd28f|rpc:10.1.0.160:44231|dataStream:10.1.0.160:37067|priority:0|startupRole:FOLLOWER, 9cd45e4a-89d7-4ae2-9e76-72416fd6b668|rpc:10.1.0.160:40973|dataStream:10.1.0.160:33571|priority:0|startupRole:FOLLOWER]|listeners:[], old=null
2023-05-08 09:35:20,491 [pool-626-thread-1] INFO  server.RaftServer$Division (RaftServerImpl.java:setRole(321)) - 55e20b8b-283c-4747-9932-f8afe0177efb@group-0CC5089ECD43: changes role from      null to FOLLOWER at term 0 for startAsFollower
2023-05-08 09:35:20,491 [pool-626-thread-1] INFO  impl.RoleInfo (RoleInfo.java:updateAndGet(139)) - 55e20b8b-283c-4747-9932-f8afe0177efb: start 55e20b8b-283c-4747-9932-f8afe0177efb@group-0CC5089ECD43-FollowerState
2023-05-08 09:35:20,492 [pool-626-thread-1] INFO  util.JmxRegister (JmxRegister.java:tryRegister(44)) - Successfully registered JMX Bean with object name Ratis:service=RaftServer,group=group-0CC5089ECD43,id=55e20b8b-283c-4747-9932-f8afe0177efb
2023-05-08 09:35:20,492 [pool-626-thread-1] INFO  server.RaftServerConfigKeys (ConfUtils.java:logGet(46)) - raft.server.snapshot.auto.trigger.enabled = true (custom)
2023-05-08 09:35:20,492 [pool-626-thread-1] INFO  server.RaftServerConfigKeys (ConfUtils.java:logGet(46)) - raft.server.snapshot.auto.trigger.threshold = 10000 (custom)
2023-05-08 09:35:20,492 [pool-626-thread-1] INFO  server.RaftServerConfigKeys (ConfUtils.java:logGet(46)) - raft.server.snapshot.retention.file.num = 5 (custom)
2023-05-08 09:35:20,492 [pool-626-thread-1] INFO  server.RaftServerConfigKeys (ConfUtils.java:logGet(46)) - raft.server.log.purge.upto.snapshot.index = false (default)
2023-05-08 09:35:20,493 [55e20b8b-283c-4747-9932-f8afe0177efb@group-0CC5089ECD43-FollowerState] INFO  server.RaftServerConfigKeys (ConfUtils.java:logFallback(53)) - raft.server.rpc.first-election.timeout.min = 5s (fallback to raft.server.rpc.timeout.min)
2023-05-08 09:35:20,493 [55e20b8b-283c-4747-9932-f8afe0177efb@group-0CC5089ECD43-FollowerState] INFO  server.RaftServerConfigKeys (ConfUtils.java:logFallback(53)) - raft.server.rpc.first-election.timeout.max = 5200ms (fallback to raft.server.rpc.timeout.max)
2023-05-08 09:35:20,493 [Command processor thread] INFO  ratis.XceiverServerRatis (XceiverServerRatis.java:addGroup(806)) - Created group PipelineID=e60d0af8-fd7a-4830-be53-0cc5089ecd43
2023-05-08 09:35:20,507 [grpc-default-executor-0] INFO  server.RaftServer (RaftServerProxy.java:addNew(96)) - 17dccb1e-3aac-4103-8ad9-4d3b247cd28f: addNew group-0CC5089ECD43:[55e20b8b-283c-4747-9932-f8afe0177efb|rpc:10.1.0.160:36567|dataStream:10.1.0.160:36329|priority:1|startupRole:FOLLOWER, 17dccb1e-3aac-4103-8ad9-4d3b247cd28f|rpc:10.1.0.160:44231|dataStream:10.1.0.160:37067|priority:0|startupRole:FOLLOWER, 9cd45e4a-89d7-4ae2-9e76-72416fd6b668|rpc:10.1.0.160:40973|dataStream:10.1.0.160:33571|priority:0|startupRole:FOLLOWER] returns group-0CC5089ECD43:java.util.concurrent.CompletableFuture@20f94b97[Not completed]
2023-05-08 09:35:20,507 [pool-648-thread-1] INFO  server.RaftServer$Division (RaftServerImpl.java:<init>(195)) - 17dccb1e-3aac-4103-8ad9-4d3b247cd28f: new RaftServerImpl for group-0CC5089ECD43:[55e20b8b-283c-4747-9932-f8afe0177efb|rpc:10.1.0.160:36567|dataStream:10.1.0.160:36329|priority:1|startupRole:FOLLOWER, 17dccb1e-3aac-4103-8ad9-4d3b247cd28f|rpc:10.1.0.160:44231|dataStream:10.1.0.160:37067|priority:0|startupRole:FOLLOWER, 9cd45e4a-89d7-4ae2-9e76-72416fd6b668|rpc:10.1.0.160:40973|dataStream:10.1.0.160:33571|priority:0|startupRole:FOLLOWER] with ContainerStateMachine:uninitialized
2023-05-08 09:35:20,508 [pool-648-thread-1] INFO  server.RaftServerConfigKeys (ConfUtils.java:logGet(46)) - raft.server.rpc.timeout.min = 5s (custom)
2023-05-08 09:35:20,508 [pool-648-thread-1] INFO  server.RaftServerConfigKeys (ConfUtils.java:logGet(46)) - raft.server.rpc.timeout.max = 5200ms (custom)
2023-05-08 09:35:20,508 [pool-648-thread-1] INFO  server.RaftServerConfigKeys (ConfUtils.java:logGet(46)) - raft.server.rpc.sleep.time = 25ms (default)
2023-05-08 09:35:20,508 [pool-648-thread-1] INFO  server.RaftServerConfigKeys (ConfUtils.java:logGet(46)) - raft.server.rpc.slowness.timeout = 300s (custom)
2023-05-08 09:35:20,508 [pool-648-thread-1] INFO  server.RaftServerConfigKeys (ConfUtils.java:logGet(46)) - raft.server.leaderelection.leader.step-down.wait-time = 10s (default)
2023-05-08 09:35:20,508 [pool-648-thread-1] INFO  server.RaftServerConfigKeys (ConfUtils.java:logGet(46)) - raft.server.sleep.deviation.threshold = 300ms (default)
2023-05-08 09:35:20,508 [pool-648-thread-1] INFO  server.RaftServer$Division (ServerState.java:<init>(118)) - 17dccb1e-3aac-4103-8ad9-4d3b247cd28f@group-0CC5089ECD43: ConfigurationManager, init=-1: peers:[55e20b8b-283c-4747-9932-f8afe0177efb|rpc:10.1.0.160:36567|dataStream:10.1.0.160:36329|priority:1|startupRole:FOLLOWER, 17dccb1e-3aac-4103-8ad9-4d3b247cd28f|rpc:10.1.0.160:44231|dataStream:10.1.0.160:37067|priority:0|startupRole:FOLLOWER, 9cd45e4a-89d7-4ae2-9e76-72416fd6b668|rpc:10.1.0.160:40973|dataStream:10.1.0.160:33571|priority:0|startupRole:FOLLOWER]|listeners:[], old=null, confs=<EMPTY_MAP>
2023-05-08 09:35:20,508 [pool-648-thread-1] INFO  server.RaftServerConfigKeys (ConfUtils.java:logGet(46)) - raft.server.storage.dir = [/home/runner/work/ozone/ozone/hadoop-ozone/integration-test/target/test-dir/MiniOzoneClusterImpl-e3f0e696-295c-4d93-87a4-d859f2bb0e1a/datanode-1/data/ratis] (custom)
2023-05-08 09:35:20,508 [pool-648-thread-1] INFO  server.RaftServerConfigKeys (ConfUtils.java:logGet(46)) - raft.server.log.corruption.policy = EXCEPTION (default)
2023-05-08 09:35:20,508 [pool-648-thread-1] INFO  server.RaftServerConfigKeys (ConfUtils.java:logGet(46)) - raft.server.storage.free-space.min = 0MB (=0) (default)
2023-05-08 09:35:20,508 [pool-648-thread-1] INFO  server.RaftServerConfigKeys (ConfUtils.java:logGet(46)) - raft.server.notification.no-leader.timeout = 300s (custom)
2023-05-08 09:35:20,508 [pool-648-thread-1] INFO  server.RaftServerConfigKeys (ConfUtils.java:logGet(46)) - raft.server.retrycache.expirytime = 600000ms (custom)
2023-05-08 09:35:20,508 [pool-648-thread-1] INFO  server.RaftServerConfigKeys (ConfUtils.java:logGet(46)) - raft.server.retrycache.statistics.expirytime = 100μs (default)
2023-05-08 09:35:20,509 [pool-648-thread-1] INFO  server.RaftServerConfigKeys (ConfUtils.java:logGet(46)) - raft.server.log.appender.install.snapshot.enabled = false (custom)
2023-05-08 09:35:20,509 [pool-648-thread-1] INFO  server.RaftServerConfigKeys (ConfUtils.java:logGet(46)) - raft.server.threadpool.server.cached = true (default)
2023-05-08 09:35:20,509 [pool-648-thread-1] INFO  server.RaftServerConfigKeys (ConfUtils.java:logGet(46)) - raft.server.threadpool.server.size = 0 (default)
2023-05-08 09:35:20,509 [pool-648-thread-1] INFO  server.RaftServerConfigKeys (ConfUtils.java:logGet(46)) - raft.server.threadpool.client.cached = true (default)
2023-05-08 09:35:20,509 [pool-648-thread-1] INFO  server.RaftServerConfigKeys (ConfUtils.java:logGet(46)) - raft.server.threadpool.client.size = 0 (default)
2023-05-08 09:35:20,509 [pool-648-thread-1] INFO  storage.RaftStorageDirectory (RaftStorageDirectoryImpl.java:analyzeStorage(137)) - The storage directory /home/runner/work/ozone/ozone/hadoop-ozone/integration-test/target/test-dir/MiniOzoneClusterImpl-e3f0e696-295c-4d93-87a4-d859f2bb0e1a/datanode-1/data/ratis/e60d0af8-fd7a-4830-be53-0cc5089ecd43 does not exist. Creating ...
2023-05-08 09:35:20,510 [pool-648-thread-1] INFO  storage.RaftStorageDirectory (RaftStorageDirectoryImpl.java:tryLock(231)) - Lock on /home/runner/work/ozone/ozone/hadoop-ozone/integration-test/target/test-dir/MiniOzoneClusterImpl-e3f0e696-295c-4d93-87a4-d859f2bb0e1a/datanode-1/data/ratis/e60d0af8-fd7a-4830-be53-0cc5089ecd43/in_use.lock acquired by nodename 7572@fv-az96-539
2023-05-08 09:35:20,512 [pool-648-thread-1] INFO  storage.RaftStorage (RaftStorageImpl.java:format(96)) - Storage directory /home/runner/work/ozone/ozone/hadoop-ozone/integration-test/target/test-dir/MiniOzoneClusterImpl-e3f0e696-295c-4d93-87a4-d859f2bb0e1a/datanode-1/data/ratis/e60d0af8-fd7a-4830-be53-0cc5089ecd43 has been successfully formatted.
2023-05-08 09:35:20,512 [pool-648-thread-1] INFO  ratis.ContainerStateMachine (ContainerStateMachine.java:loadSnapshot(262)) - group-0CC5089ECD43: The snapshot info is null. Setting the last applied indexto:(t:0, i:~)
2023-05-08 09:35:20,512 [pool-648-thread-1] INFO  server.RaftServerConfigKeys (ConfUtils.java:logGet(46)) - raft.server.log.use.memory = false (default)
2023-05-08 09:35:20,512 [pool-648-thread-1] INFO  server.RaftServerConfigKeys (ConfUtils.java:logGet(46)) - raft.server.log.purge.gap = 1000000 (custom)
2023-05-08 09:35:20,512 [pool-648-thread-1] INFO  server.RaftServerConfigKeys (ConfUtils.java:logGet(46)) - raft.server.log.appender.buffer.byte-limit = 33554432 (custom)
2023-05-08 09:35:20,512 [pool-648-thread-1] INFO  server.RaftServerConfigKeys (ConfUtils.java:logGet(46)) - raft.server.log.statemachine.data.read.timeout = 1000ms (default)
2023-05-08 09:35:20,513 [pool-648-thread-1] INFO  server.RaftServerConfigKeys (ConfUtils.java:logGet(46)) - raft.server.log.purge.preservation.log.num = 0 (default)
2023-05-08 09:35:20,514 [pool-648-thread-1] INFO  server.RaftServerConfigKeys (ConfUtils.java:logGet(46)) - raft.server.log.segment.size.max = 1048576 (custom)
2023-05-08 09:35:20,514 [pool-648-thread-1] INFO  server.RaftServerConfigKeys (ConfUtils.java:logGet(46)) - raft.server.log.segment.cache.num.max = 2 (custom)
2023-05-08 09:35:20,514 [pool-648-thread-1] INFO  server.RaftServerConfigKeys (ConfUtils.java:logGet(46)) - raft.server.log.segment.cache.size.max = 200MB (=209715200) (default)
2023-05-08 09:35:20,514 [pool-648-thread-1] INFO  segmented.SegmentedRaftLogWorker (SegmentedRaftLogWorker.java:<init>(189)) - new 17dccb1e-3aac-4103-8ad9-4d3b247cd28f@group-0CC5089ECD43-SegmentedRaftLogWorker for RaftStorageImpl:Storage Directory /home/runner/work/ozone/ozone/hadoop-ozone/integration-test/target/test-dir/MiniOzoneClusterImpl-e3f0e696-295c-4d93-87a4-d859f2bb0e1a/datanode-1/data/ratis/e60d0af8-fd7a-4830-be53-0cc5089ecd43
2023-05-08 09:35:20,514 [pool-648-thread-1] INFO  server.RaftServerConfigKeys (ConfUtils.java:logGet(46)) - raft.server.log.queue.byte-limit = 4294967296 (custom)
2023-05-08 09:35:20,514 [pool-648-thread-1] INFO  server.RaftServerConfigKeys (ConfUtils.java:logGet(46)) - raft.server.log.queue.element-limit = 1024 (custom)
2023-05-08 09:35:20,514 [pool-648-thread-1] INFO  server.RaftServerConfigKeys (ConfUtils.java:logGet(46)) - raft.server.log.segment.size.max = 1048576 (custom)
2023-05-08 09:35:20,514 [pool-648-thread-1] INFO  server.RaftServerConfigKeys (ConfUtils.java:logGet(46)) - raft.server.log.preallocated.size = 16384 (custom)
2023-05-08 09:35:20,514 [pool-648-thread-1] INFO  server.RaftServerConfigKeys (ConfUtils.java:logGet(46)) - raft.server.log.force.sync.num = 128 (default)
2023-05-08 09:35:20,514 [pool-648-thread-1] INFO  server.RaftServerConfigKeys (ConfUtils.java:logGet(46)) - raft.server.log.statemachine.data.sync = true (default)
2023-05-08 09:35:20,515 [pool-648-thread-1] INFO  server.RaftServerConfigKeys (ConfUtils.java:logGet(46)) - raft.server.log.statemachine.data.sync.timeout = 10s (default)
2023-05-08 09:35:20,515 [pool-648-thread-1] INFO  server.RaftServerConfigKeys (ConfUtils.java:logGet(46)) - raft.server.log.statemachine.data.sync.timeout.retry = -1 (default)
2023-05-08 09:35:20,515 [pool-648-thread-1] INFO  server.RaftServerConfigKeys (ConfUtils.java:logGet(46)) - raft.server.log.write.buffer.size = 1048576 (custom)
2023-05-08 09:35:20,515 [pool-648-thread-1] INFO  server.RaftServerConfigKeys (ConfUtils.java:logGet(46)) - raft.server.log.appender.buffer.byte-limit = 33554432 (custom)
2023-05-08 09:35:20,523 [pool-648-thread-1] INFO  server.RaftServerConfigKeys (ConfUtils.java:logGet(46)) - raft.server.log.unsafe-flush.enabled = false (default)
2023-05-08 09:35:20,523 [pool-648-thread-1] INFO  server.RaftServerConfigKeys (ConfUtils.java:logGet(46)) - raft.server.log.async-flush.enabled = false (default)
2023-05-08 09:35:20,525 [pool-648-thread-1] INFO  server.RaftServerConfigKeys (ConfUtils.java:logGet(46)) - raft.server.log.statemachine.data.caching.enabled = true (custom)
2023-05-08 09:35:20,525 [pool-648-thread-1] INFO  segmented.SegmentedRaftLogWorker (SegmentedRaftLogWorker.java:lambda$new$0(135)) - 17dccb1e-3aac-4103-8ad9-4d3b247cd28f@group-0CC5089ECD43-SegmentedRaftLogWorker: flushIndex: setUnconditionally 0 -> -1
2023-05-08 09:35:20,525 [pool-648-thread-1] INFO  segmented.SegmentedRaftLogWorker (SegmentedRaftLogWorker.java:lambda$new$0(135)) - 17dccb1e-3aac-4103-8ad9-4d3b247cd28f@group-0CC5089ECD43-SegmentedRaftLogWorker: safeCacheEvictIndex: setUnconditionally 0 -> -1
2023-05-08 09:35:20,529 [pool-648-thread-1] INFO  server.RaftServer$Division (RaftServerImpl.java:start(334)) - 17dccb1e-3aac-4103-8ad9-4d3b247cd28f@group-0CC5089ECD43: start as a follower, conf=-1: peers:[55e20b8b-283c-4747-9932-f8afe0177efb|rpc:10.1.0.160:36567|dataStream:10.1.0.160:36329|priority:1|startupRole:FOLLOWER, 17dccb1e-3aac-4103-8ad9-4d3b247cd28f|rpc:10.1.0.160:44231|dataStream:10.1.0.160:37067|priority:0|startupRole:FOLLOWER, 9cd45e4a-89d7-4ae2-9e76-72416fd6b668|rpc:10.1.0.160:40973|dataStream:10.1.0.160:33571|priority:0|startupRole:FOLLOWER]|listeners:[], old=null
2023-05-08 09:35:20,529 [pool-648-thread-1] INFO  server.RaftServer$Division (RaftServerImpl.java:setRole(321)) - 17dccb1e-3aac-4103-8ad9-4d3b247cd28f@group-0CC5089ECD43: changes role from      null to FOLLOWER at term 0 for startAsFollower
2023-05-08 09:35:20,529 [pool-648-thread-1] INFO  impl.RoleInfo (RoleInfo.java:updateAndGet(139)) - 17dccb1e-3aac-4103-8ad9-4d3b247cd28f: start 17dccb1e-3aac-4103-8ad9-4d3b247cd28f@group-0CC5089ECD43-FollowerState
2023-05-08 09:35:20,530 [pool-648-thread-1] INFO  util.JmxRegister (JmxRegister.java:tryRegister(44)) - Successfully registered JMX Bean with object name Ratis:service=RaftServer,group=group-0CC5089ECD43,id=17dccb1e-3aac-4103-8ad9-4d3b247cd28f
2023-05-08 09:35:20,530 [17dccb1e-3aac-4103-8ad9-4d3b247cd28f@group-0CC5089ECD43-FollowerState] INFO  server.RaftServerConfigKeys (ConfUtils.java:logFallback(53)) - raft.server.rpc.first-election.timeout.min = 5s (fallback to raft.server.rpc.timeout.min)
2023-05-08 09:35:20,530 [pool-648-thread-1] INFO  server.RaftServerConfigKeys (ConfUtils.java:logGet(46)) - raft.server.snapshot.auto.trigger.enabled = true (custom)
2023-05-08 09:35:20,530 [17dccb1e-3aac-4103-8ad9-4d3b247cd28f@group-0CC5089ECD43-FollowerState] INFO  server.RaftServerConfigKeys (ConfUtils.java:logFallback(53)) - raft.server.rpc.first-election.timeout.max = 5200ms (fallback to raft.server.rpc.timeout.max)
2023-05-08 09:35:20,530 [pool-648-thread-1] INFO  server.RaftServerConfigKeys (ConfUtils.java:logGet(46)) - raft.server.snapshot.auto.trigger.threshold = 10000 (custom)
2023-05-08 09:35:20,531 [pool-648-thread-1] INFO  server.RaftServerConfigKeys (ConfUtils.java:logGet(46)) - raft.server.snapshot.retention.file.num = 5 (custom)
2023-05-08 09:35:20,531 [pool-648-thread-1] INFO  server.RaftServerConfigKeys (ConfUtils.java:logGet(46)) - raft.server.log.purge.upto.snapshot.index = false (default)
2023-05-08 09:35:20,548 [grpc-default-executor-0] INFO  server.RaftServer (RaftServerProxy.java:addNew(96)) - 9cd45e4a-89d7-4ae2-9e76-72416fd6b668: addNew group-0CC5089ECD43:[55e20b8b-283c-4747-9932-f8afe0177efb|rpc:10.1.0.160:36567|dataStream:10.1.0.160:36329|priority:1|startupRole:FOLLOWER, 17dccb1e-3aac-4103-8ad9-4d3b247cd28f|rpc:10.1.0.160:44231|dataStream:10.1.0.160:37067|priority:0|startupRole:FOLLOWER, 9cd45e4a-89d7-4ae2-9e76-72416fd6b668|rpc:10.1.0.160:40973|dataStream:10.1.0.160:33571|priority:0|startupRole:FOLLOWER] returns group-0CC5089ECD43:java.util.concurrent.CompletableFuture@61b323a9[Not completed]
2023-05-08 09:35:20,549 [pool-670-thread-1] INFO  server.RaftServer$Division (RaftServerImpl.java:<init>(195)) - 9cd45e4a-89d7-4ae2-9e76-72416fd6b668: new RaftServerImpl for group-0CC5089ECD43:[55e20b8b-283c-4747-9932-f8afe0177efb|rpc:10.1.0.160:36567|dataStream:10.1.0.160:36329|priority:1|startupRole:FOLLOWER, 17dccb1e-3aac-4103-8ad9-4d3b247cd28f|rpc:10.1.0.160:44231|dataStream:10.1.0.160:37067|priority:0|startupRole:FOLLOWER, 9cd45e4a-89d7-4ae2-9e76-72416fd6b668|rpc:10.1.0.160:40973|dataStream:10.1.0.160:33571|priority:0|startupRole:FOLLOWER] with ContainerStateMachine:uninitialized
2023-05-08 09:35:20,549 [pool-670-thread-1] INFO  server.RaftServerConfigKeys (ConfUtils.java:logGet(46)) - raft.server.rpc.timeout.min = 5s (custom)
2023-05-08 09:35:20,549 [pool-670-thread-1] INFO  server.RaftServerConfigKeys (ConfUtils.java:logGet(46)) - raft.server.rpc.timeout.max = 5200ms (custom)
2023-05-08 09:35:20,549 [pool-670-thread-1] INFO  server.RaftServerConfigKeys (ConfUtils.java:logGet(46)) - raft.server.rpc.sleep.time = 25ms (default)
2023-05-08 09:35:20,550 [pool-670-thread-1] INFO  server.RaftServerConfigKeys (ConfUtils.java:logGet(46)) - raft.server.rpc.slowness.timeout = 300s (custom)
2023-05-08 09:35:20,550 [pool-670-thread-1] INFO  server.RaftServerConfigKeys (ConfUtils.java:logGet(46)) - raft.server.leaderelection.leader.step-down.wait-time = 10s (default)
2023-05-08 09:35:20,550 [pool-670-thread-1] INFO  server.RaftServerConfigKeys (ConfUtils.java:logGet(46)) - raft.server.sleep.deviation.threshold = 300ms (default)
2023-05-08 09:35:20,550 [pool-670-thread-1] INFO  server.RaftServer$Division (ServerState.java:<init>(118)) - 9cd45e4a-89d7-4ae2-9e76-72416fd6b668@group-0CC5089ECD43: ConfigurationManager, init=-1: peers:[55e20b8b-283c-4747-9932-f8afe0177efb|rpc:10.1.0.160:36567|dataStream:10.1.0.160:36329|priority:1|startupRole:FOLLOWER, 17dccb1e-3aac-4103-8ad9-4d3b247cd28f|rpc:10.1.0.160:44231|dataStream:10.1.0.160:37067|priority:0|startupRole:FOLLOWER, 9cd45e4a-89d7-4ae2-9e76-72416fd6b668|rpc:10.1.0.160:40973|dataStream:10.1.0.160:33571|priority:0|startupRole:FOLLOWER]|listeners:[], old=null, confs=<EMPTY_MAP>
2023-05-08 09:35:20,550 [pool-670-thread-1] INFO  server.RaftServerConfigKeys (ConfUtils.java:logGet(46)) - raft.server.storage.dir = [/home/runner/work/ozone/ozone/hadoop-ozone/integration-test/target/test-dir/MiniOzoneClusterImpl-e3f0e696-295c-4d93-87a4-d859f2bb0e1a/datanode-2/data/ratis] (custom)
2023-05-08 09:35:20,550 [pool-670-thread-1] INFO  server.RaftServerConfigKeys (ConfUtils.java:logGet(46)) - raft.server.log.corruption.policy = EXCEPTION (default)
2023-05-08 09:35:20,550 [pool-670-thread-1] INFO  server.RaftServerConfigKeys (ConfUtils.java:logGet(46)) - raft.server.storage.free-space.min = 0MB (=0) (default)
2023-05-08 09:35:20,550 [pool-670-thread-1] INFO  server.RaftServerConfigKeys (ConfUtils.java:logGet(46)) - raft.server.notification.no-leader.timeout = 300s (custom)
2023-05-08 09:35:20,550 [pool-670-thread-1] INFO  server.RaftServerConfigKeys (ConfUtils.java:logGet(46)) - raft.server.retrycache.expirytime = 600000ms (custom)
2023-05-08 09:35:20,550 [pool-670-thread-1] INFO  server.RaftServerConfigKeys (ConfUtils.java:logGet(46)) - raft.server.retrycache.statistics.expirytime = 100μs (default)
2023-05-08 09:35:20,551 [pool-670-thread-1] INFO  server.RaftServerConfigKeys (ConfUtils.java:logGet(46)) - raft.server.log.appender.install.snapshot.enabled = false (custom)
2023-05-08 09:35:20,551 [pool-670-thread-1] INFO  server.RaftServerConfigKeys (ConfUtils.java:logGet(46)) - raft.server.threadpool.server.cached = true (default)
2023-05-08 09:35:20,551 [pool-670-thread-1] INFO  server.RaftServerConfigKeys (ConfUtils.java:logGet(46)) - raft.server.threadpool.server.size = 0 (default)
2023-05-08 09:35:20,551 [pool-670-thread-1] INFO  server.RaftServerConfigKeys (ConfUtils.java:logGet(46)) - raft.server.threadpool.client.cached = true (default)
2023-05-08 09:35:20,551 [pool-670-thread-1] INFO  server.RaftServerConfigKeys (ConfUtils.java:logGet(46)) - raft.server.threadpool.client.size = 0 (default)
2023-05-08 09:35:20,551 [pool-670-thread-1] INFO  storage.RaftStorageDirectory (RaftStorageDirectoryImpl.java:analyzeStorage(137)) - The storage directory /home/runner/work/ozone/ozone/hadoop-ozone/integration-test/target/test-dir/MiniOzoneClusterImpl-e3f0e696-295c-4d93-87a4-d859f2bb0e1a/datanode-2/data/ratis/e60d0af8-fd7a-4830-be53-0cc5089ecd43 does not exist. Creating ...
2023-05-08 09:35:20,554 [pool-670-thread-1] INFO  storage.RaftStorageDirectory (RaftStorageDirectoryImpl.java:tryLock(231)) - Lock on /home/runner/work/ozone/ozone/hadoop-ozone/integration-test/target/test-dir/MiniOzoneClusterImpl-e3f0e696-295c-4d93-87a4-d859f2bb0e1a/datanode-2/data/ratis/e60d0af8-fd7a-4830-be53-0cc5089ecd43/in_use.lock acquired by nodename 7572@fv-az96-539
2023-05-08 09:35:20,555 [pool-670-thread-1] INFO  storage.RaftStorage (RaftStorageImpl.java:format(96)) - Storage directory /home/runner/work/ozone/ozone/hadoop-ozone/integration-test/target/test-dir/MiniOzoneClusterImpl-e3f0e696-295c-4d93-87a4-d859f2bb0e1a/datanode-2/data/ratis/e60d0af8-fd7a-4830-be53-0cc5089ecd43 has been successfully formatted.
2023-05-08 09:35:20,555 [pool-670-thread-1] INFO  ratis.ContainerStateMachine (ContainerStateMachine.java:loadSnapshot(262)) - group-0CC5089ECD43: The snapshot info is null. Setting the last applied indexto:(t:0, i:~)
2023-05-08 09:35:20,555 [pool-670-thread-1] INFO  server.RaftServerConfigKeys (ConfUtils.java:logGet(46)) - raft.server.log.use.memory = false (default)
2023-05-08 09:35:20,555 [pool-670-thread-1] INFO  server.RaftServerConfigKeys (ConfUtils.java:logGet(46)) - raft.server.log.purge.gap = 1000000 (custom)
2023-05-08 09:35:20,556 [pool-670-thread-1] INFO  server.RaftServerConfigKeys (ConfUtils.java:logGet(46)) - raft.server.log.appender.buffer.byte-limit = 33554432 (custom)
2023-05-08 09:35:20,556 [pool-670-thread-1] INFO  server.RaftServerConfigKeys (ConfUtils.java:logGet(46)) - raft.server.log.statemachine.data.read.timeout = 1000ms (default)
2023-05-08 09:35:20,556 [pool-670-thread-1] INFO  server.RaftServerConfigKeys (ConfUtils.java:logGet(46)) - raft.server.log.purge.preservation.log.num = 0 (default)
2023-05-08 09:35:20,556 [pool-670-thread-1] INFO  server.RaftServerConfigKeys (ConfUtils.java:logGet(46)) - raft.server.log.segment.size.max = 1048576 (custom)
2023-05-08 09:35:20,556 [pool-670-thread-1] INFO  server.RaftServerConfigKeys (ConfUtils.java:logGet(46)) - raft.server.log.segment.cache.num.max = 2 (custom)
2023-05-08 09:35:20,556 [pool-670-thread-1] INFO  server.RaftServerConfigKeys (ConfUtils.java:logGet(46)) - raft.server.log.segment.cache.size.max = 200MB (=209715200) (default)
2023-05-08 09:35:20,556 [pool-670-thread-1] INFO  segmented.SegmentedRaftLogWorker (SegmentedRaftLogWorker.java:<init>(189)) - new 9cd45e4a-89d7-4ae2-9e76-72416fd6b668@group-0CC5089ECD43-SegmentedRaftLogWorker for RaftStorageImpl:Storage Directory /home/runner/work/ozone/ozone/hadoop-ozone/integration-test/target/test-dir/MiniOzoneClusterImpl-e3f0e696-295c-4d93-87a4-d859f2bb0e1a/datanode-2/data/ratis/e60d0af8-fd7a-4830-be53-0cc5089ecd43
2023-05-08 09:35:20,556 [pool-670-thread-1] INFO  server.RaftServerConfigKeys (ConfUtils.java:logGet(46)) - raft.server.log.queue.byte-limit = 4294967296 (custom)
2023-05-08 09:35:20,556 [pool-670-thread-1] INFO  server.RaftServerConfigKeys (ConfUtils.java:logGet(46)) - raft.server.log.queue.element-limit = 1024 (custom)
2023-05-08 09:35:20,556 [pool-670-thread-1] INFO  server.RaftServerConfigKeys (ConfUtils.java:logGet(46)) - raft.server.log.segment.size.max = 1048576 (custom)
2023-05-08 09:35:20,556 [pool-670-thread-1] INFO  server.RaftServerConfigKeys (ConfUtils.java:logGet(46)) - raft.server.log.preallocated.size = 16384 (custom)
2023-05-08 09:35:20,556 [pool-670-thread-1] INFO  server.RaftServerConfigKeys (ConfUtils.java:logGet(46)) - raft.server.log.force.sync.num = 128 (default)
2023-05-08 09:35:20,556 [pool-670-thread-1] INFO  server.RaftServerConfigKeys (ConfUtils.java:logGet(46)) - raft.server.log.statemachine.data.sync = true (default)
2023-05-08 09:35:20,556 [pool-670-thread-1] INFO  server.RaftServerConfigKeys (ConfUtils.java:logGet(46)) - raft.server.log.statemachine.data.sync.timeout = 10s (default)
2023-05-08 09:35:20,557 [pool-670-thread-1] INFO  server.RaftServerConfigKeys (ConfUtils.java:logGet(46)) - raft.server.log.statemachine.data.sync.timeout.retry = -1 (default)
2023-05-08 09:35:20,557 [pool-670-thread-1] INFO  server.RaftServerConfigKeys (ConfUtils.java:logGet(46)) - raft.server.log.write.buffer.size = 1048576 (custom)
2023-05-08 09:35:20,557 [pool-670-thread-1] INFO  server.RaftServerConfigKeys (ConfUtils.java:logGet(46)) - raft.server.log.appender.buffer.byte-limit = 33554432 (custom)
2023-05-08 09:35:20,566 [pool-670-thread-1] INFO  server.RaftServerConfigKeys (ConfUtils.java:logGet(46)) - raft.server.log.unsafe-flush.enabled = false (default)
2023-05-08 09:35:20,566 [pool-670-thread-1] INFO  server.RaftServerConfigKeys (ConfUtils.java:logGet(46)) - raft.server.log.async-flush.enabled = false (default)
2023-05-08 09:35:20,566 [pool-670-thread-1] INFO  server.RaftServerConfigKeys (ConfUtils.java:logGet(46)) - raft.server.log.statemachine.data.caching.enabled = true (custom)
2023-05-08 09:35:20,567 [pool-670-thread-1] INFO  segmented.SegmentedRaftLogWorker (SegmentedRaftLogWorker.java:lambda$new$0(135)) - 9cd45e4a-89d7-4ae2-9e76-72416fd6b668@group-0CC5089ECD43-SegmentedRaftLogWorker: flushIndex: setUnconditionally 0 -> -1
2023-05-08 09:35:20,567 [pool-670-thread-1] INFO  segmented.SegmentedRaftLogWorker (SegmentedRaftLogWorker.java:lambda$new$0(135)) - 9cd45e4a-89d7-4ae2-9e76-72416fd6b668@group-0CC5089ECD43-SegmentedRaftLogWorker: safeCacheEvictIndex: setUnconditionally 0 -> -1
2023-05-08 09:35:20,567 [pool-670-thread-1] INFO  server.RaftServer$Division (RaftServerImpl.java:start(334)) - 9cd45e4a-89d7-4ae2-9e76-72416fd6b668@group-0CC5089ECD43: start as a follower, conf=-1: peers:[55e20b8b-283c-4747-9932-f8afe0177efb|rpc:10.1.0.160:36567|dataStream:10.1.0.160:36329|priority:1|startupRole:FOLLOWER, 17dccb1e-3aac-4103-8ad9-4d3b247cd28f|rpc:10.1.0.160:44231|dataStream:10.1.0.160:37067|priority:0|startupRole:FOLLOWER, 9cd45e4a-89d7-4ae2-9e76-72416fd6b668|rpc:10.1.0.160:40973|dataStream:10.1.0.160:33571|priority:0|startupRole:FOLLOWER]|listeners:[], old=null
2023-05-08 09:35:20,567 [pool-670-thread-1] INFO  server.RaftServer$Division (RaftServerImpl.java:setRole(321)) - 9cd45e4a-89d7-4ae2-9e76-72416fd6b668@group-0CC5089ECD43: changes role from      null to FOLLOWER at term 0 for startAsFollower
2023-05-08 09:35:20,567 [pool-670-thread-1] INFO  impl.RoleInfo (RoleInfo.java:updateAndGet(139)) - 9cd45e4a-89d7-4ae2-9e76-72416fd6b668: start 9cd45e4a-89d7-4ae2-9e76-72416fd6b668@group-0CC5089ECD43-FollowerState
2023-05-08 09:35:20,568 [9cd45e4a-89d7-4ae2-9e76-72416fd6b668@group-0CC5089ECD43-FollowerState] INFO  server.RaftServerConfigKeys (ConfUtils.java:logFallback(53)) - raft.server.rpc.first-election.timeout.min = 5s (fallback to raft.server.rpc.timeout.min)
2023-05-08 09:35:20,568 [9cd45e4a-89d7-4ae2-9e76-72416fd6b668@group-0CC5089ECD43-FollowerState] INFO  server.RaftServerConfigKeys (ConfUtils.java:logFallback(53)) - raft.server.rpc.first-election.timeout.max = 5200ms (fallback to raft.server.rpc.timeout.max)
2023-05-08 09:35:20,568 [pool-670-thread-1] INFO  util.JmxRegister (JmxRegister.java:tryRegister(44)) - Successfully registered JMX Bean with object name Ratis:service=RaftServer,group=group-0CC5089ECD43,id=9cd45e4a-89d7-4ae2-9e76-72416fd6b668
2023-05-08 09:35:20,568 [pool-670-thread-1] INFO  server.RaftServerConfigKeys (ConfUtils.java:logGet(46)) - raft.server.snapshot.auto.trigger.enabled = true (custom)
2023-05-08 09:35:20,569 [pool-670-thread-1] INFO  server.RaftServerConfigKeys (ConfUtils.java:logGet(46)) - raft.server.snapshot.auto.trigger.threshold = 10000 (custom)
2023-05-08 09:35:20,569 [pool-670-thread-1] INFO  server.RaftServerConfigKeys (ConfUtils.java:logGet(46)) - raft.server.snapshot.retention.file.num = 5 (custom)
2023-05-08 09:35:20,569 [pool-670-thread-1] INFO  server.RaftServerConfigKeys (ConfUtils.java:logGet(46)) - raft.server.log.purge.upto.snapshot.index = false (default)
2023-05-08 09:35:20,580 [Command processor thread] INFO  commandhandler.CreatePipelineCommandHandler (CreatePipelineCommandHandler.java:handle(113)) - Created Pipeline RATIS THREE PipelineID=e60d0af8-fd7a-4830-be53-0cc5089ecd43.
2023-05-08 09:35:20,727 [Command processor thread] INFO  server.RaftServer (RaftServerProxy.java:addNew(96)) - 17dccb1e-3aac-4103-8ad9-4d3b247cd28f: addNew group-277BF47F914E:[17dccb1e-3aac-4103-8ad9-4d3b247cd28f|rpc:10.1.0.160:44231|dataStream:10.1.0.160:37067|priority:1|startupRole:FOLLOWER] returns group-277BF47F914E:java.util.concurrent.CompletableFuture@2033f252[Not completed]
2023-05-08 09:35:20,728 [pool-648-thread-1] INFO  server.RaftServer$Division (RaftServerImpl.java:<init>(195)) - 17dccb1e-3aac-4103-8ad9-4d3b247cd28f: new RaftServerImpl for group-277BF47F914E:[17dccb1e-3aac-4103-8ad9-4d3b247cd28f|rpc:10.1.0.160:44231|dataStream:10.1.0.160:37067|priority:1|startupRole:FOLLOWER] with ContainerStateMachine:uninitialized
2023-05-08 09:35:20,729 [pool-648-thread-1] INFO  server.RaftServerConfigKeys (ConfUtils.java:logGet(46)) - raft.server.rpc.timeout.min = 5s (custom)
2023-05-08 09:35:20,729 [pool-648-thread-1] INFO  server.RaftServerConfigKeys (ConfUtils.java:logGet(46)) - raft.server.rpc.timeout.max = 5200ms (custom)
2023-05-08 09:35:20,729 [pool-648-thread-1] INFO  server.RaftServerConfigKeys (ConfUtils.java:logGet(46)) - raft.server.rpc.sleep.time = 25ms (default)
2023-05-08 09:35:20,729 [pool-648-thread-1] INFO  server.RaftServerConfigKeys (ConfUtils.java:logGet(46)) - raft.server.rpc.slowness.timeout = 300s (custom)
2023-05-08 09:35:20,729 [pool-648-thread-1] INFO  server.RaftServerConfigKeys (ConfUtils.java:logGet(46)) - raft.server.leaderelection.leader.step-down.wait-time = 10s (default)
2023-05-08 09:35:20,729 [pool-648-thread-1] INFO  server.RaftServerConfigKeys (ConfUtils.java:logGet(46)) - raft.server.sleep.deviation.threshold = 300ms (default)
2023-05-08 09:35:20,729 [pool-648-thread-1] INFO  server.RaftServer$Division (ServerState.java:<init>(118)) - 17dccb1e-3aac-4103-8ad9-4d3b247cd28f@group-277BF47F914E: ConfigurationManager, init=-1: peers:[17dccb1e-3aac-4103-8ad9-4d3b247cd28f|rpc:10.1.0.160:44231|dataStream:10.1.0.160:37067|priority:1|startupRole:FOLLOWER]|listeners:[], old=null, confs=<EMPTY_MAP>
2023-05-08 09:35:20,729 [pool-648-thread-1] INFO  server.RaftServerConfigKeys (ConfUtils.java:logGet(46)) - raft.server.storage.dir = [/home/runner/work/ozone/ozone/hadoop-ozone/integration-test/target/test-dir/MiniOzoneClusterImpl-e3f0e696-295c-4d93-87a4-d859f2bb0e1a/datanode-1/data/ratis] (custom)
2023-05-08 09:35:20,729 [pool-648-thread-1] INFO  server.RaftServerConfigKeys (ConfUtils.java:logGet(46)) - raft.server.log.corruption.policy = EXCEPTION (default)
2023-05-08 09:35:20,729 [pool-648-thread-1] INFO  server.RaftServerConfigKeys (ConfUtils.java:logGet(46)) - raft.server.storage.free-space.min = 0MB (=0) (default)
2023-05-08 09:35:20,729 [pool-648-thread-1] INFO  server.RaftServerConfigKeys (ConfUtils.java:logGet(46)) - raft.server.notification.no-leader.timeout = 300s (custom)
2023-05-08 09:35:20,729 [pool-648-thread-1] INFO  server.RaftServerConfigKeys (ConfUtils.java:logGet(46)) - raft.server.retrycache.expirytime = 600000ms (custom)
2023-05-08 09:35:20,729 [pool-648-thread-1] INFO  server.RaftServerConfigKeys (ConfUtils.java:logGet(46)) - raft.server.retrycache.statistics.expirytime = 100μs (default)
2023-05-08 09:35:20,730 [pool-648-thread-1] INFO  server.RaftServerConfigKeys (ConfUtils.java:logGet(46)) - raft.server.log.appender.install.snapshot.enabled = false (custom)
2023-05-08 09:35:20,730 [pool-648-thread-1] INFO  server.RaftServerConfigKeys (ConfUtils.java:logGet(46)) - raft.server.threadpool.server.cached = true (default)
2023-05-08 09:35:20,730 [pool-648-thread-1] INFO  server.RaftServerConfigKeys (ConfUtils.java:logGet(46)) - raft.server.threadpool.server.size = 0 (default)
2023-05-08 09:35:20,730 [pool-648-thread-1] INFO  server.RaftServerConfigKeys (ConfUtils.java:logGet(46)) - raft.server.threadpool.client.cached = true (default)
2023-05-08 09:35:20,730 [pool-648-thread-1] INFO  server.RaftServerConfigKeys (ConfUtils.java:logGet(46)) - raft.server.threadpool.client.size = 0 (default)
2023-05-08 09:35:20,731 [pool-648-thread-1] INFO  storage.RaftStorageDirectory (RaftStorageDirectoryImpl.java:analyzeStorage(137)) - The storage directory /home/runner/work/ozone/ozone/hadoop-ozone/integration-test/target/test-dir/MiniOzoneClusterImpl-e3f0e696-295c-4d93-87a4-d859f2bb0e1a/datanode-1/data/ratis/a736e046-6a4c-49a7-98a0-277bf47f914e does not exist. Creating ...
2023-05-08 09:35:20,732 [pool-648-thread-1] INFO  storage.RaftStorageDirectory (RaftStorageDirectoryImpl.java:tryLock(231)) - Lock on /home/runner/work/ozone/ozone/hadoop-ozone/integration-test/target/test-dir/MiniOzoneClusterImpl-e3f0e696-295c-4d93-87a4-d859f2bb0e1a/datanode-1/data/ratis/a736e046-6a4c-49a7-98a0-277bf47f914e/in_use.lock acquired by nodename 7572@fv-az96-539
2023-05-08 09:35:20,733 [pool-648-thread-1] INFO  storage.RaftStorage (RaftStorageImpl.java:format(96)) - Storage directory /home/runner/work/ozone/ozone/hadoop-ozone/integration-test/target/test-dir/MiniOzoneClusterImpl-e3f0e696-295c-4d93-87a4-d859f2bb0e1a/datanode-1/data/ratis/a736e046-6a4c-49a7-98a0-277bf47f914e has been successfully formatted.
2023-05-08 09:35:20,733 [pool-648-thread-1] INFO  ratis.ContainerStateMachine (ContainerStateMachine.java:loadSnapshot(262)) - group-277BF47F914E: The snapshot info is null. Setting the last applied indexto:(t:0, i:~)
2023-05-08 09:35:20,733 [pool-648-thread-1] INFO  server.RaftServerConfigKeys (ConfUtils.java:logGet(46)) - raft.server.log.use.memory = false (default)
2023-05-08 09:35:20,734 [pool-648-thread-1] INFO  server.RaftServerConfigKeys (ConfUtils.java:logGet(46)) - raft.server.log.purge.gap = 1000000 (custom)
2023-05-08 09:35:20,734 [pool-648-thread-1] INFO  server.RaftServerConfigKeys (ConfUtils.java:logGet(46)) - raft.server.log.appender.buffer.byte-limit = 33554432 (custom)
2023-05-08 09:35:20,734 [pool-648-thread-1] INFO  server.RaftServerConfigKeys (ConfUtils.java:logGet(46)) - raft.server.log.statemachine.data.read.timeout = 1000ms (default)
2023-05-08 09:35:20,734 [pool-648-thread-1] INFO  server.RaftServerConfigKeys (ConfUtils.java:logGet(46)) - raft.server.log.purge.preservation.log.num = 0 (default)
2023-05-08 09:35:20,734 [pool-648-thread-1] INFO  server.RaftServerConfigKeys (ConfUtils.java:logGet(46)) - raft.server.log.segment.size.max = 1048576 (custom)
2023-05-08 09:35:20,735 [pool-648-thread-1] INFO  server.RaftServerConfigKeys (ConfUtils.java:logGet(46)) - raft.server.log.segment.cache.num.max = 2 (custom)
2023-05-08 09:35:20,735 [pool-648-thread-1] INFO  server.RaftServerConfigKeys (ConfUtils.java:logGet(46)) - raft.server.log.segment.cache.size.max = 200MB (=209715200) (default)
2023-05-08 09:35:20,735 [pool-648-thread-1] INFO  segmented.SegmentedRaftLogWorker (SegmentedRaftLogWorker.java:<init>(189)) - new 17dccb1e-3aac-4103-8ad9-4d3b247cd28f@group-277BF47F914E-SegmentedRaftLogWorker for RaftStorageImpl:Storage Directory /home/runner/work/ozone/ozone/hadoop-ozone/integration-test/target/test-dir/MiniOzoneClusterImpl-e3f0e696-295c-4d93-87a4-d859f2bb0e1a/datanode-1/data/ratis/a736e046-6a4c-49a7-98a0-277bf47f914e
2023-05-08 09:35:20,735 [pool-648-thread-1] INFO  server.RaftServerConfigKeys (ConfUtils.java:logGet(46)) - raft.server.log.queue.byte-limit = 4294967296 (custom)
2023-05-08 09:35:20,735 [pool-648-thread-1] INFO  server.RaftServerConfigKeys (ConfUtils.java:logGet(46)) - raft.server.log.queue.element-limit = 1024 (custom)
2023-05-08 09:35:20,735 [pool-648-thread-1] INFO  server.RaftServerConfigKeys (ConfUtils.java:logGet(46)) - raft.server.log.segment.size.max = 1048576 (custom)
2023-05-08 09:35:20,735 [pool-648-thread-1] INFO  server.RaftServerConfigKeys (ConfUtils.java:logGet(46)) - raft.server.log.preallocated.size = 16384 (custom)
2023-05-08 09:35:20,735 [pool-648-thread-1] INFO  server.RaftServerConfigKeys (ConfUtils.java:logGet(46)) - raft.server.log.force.sync.num = 128 (default)
2023-05-08 09:35:20,735 [pool-648-thread-1] INFO  server.RaftServerConfigKeys (ConfUtils.java:logGet(46)) - raft.server.log.statemachine.data.sync = true (default)
2023-05-08 09:35:20,735 [pool-648-thread-1] INFO  server.RaftServerConfigKeys (ConfUtils.java:logGet(46)) - raft.server.log.statemachine.data.sync.timeout = 10s (default)
2023-05-08 09:35:20,735 [pool-648-thread-1] INFO  server.RaftServerConfigKeys (ConfUtils.java:logGet(46)) - raft.server.log.statemachine.data.sync.timeout.retry = -1 (default)
2023-05-08 09:35:20,735 [EventQueue-PipelineReportForPipelineReportHandler] INFO  pipeline.PipelineManagerImpl (PipelineManagerImpl.java:openPipeline(367)) - Pipeline Pipeline[ Id: a736e046-6a4c-49a7-98a0-277bf47f914e, Nodes: 17dccb1e-3aac-4103-8ad9-4d3b247cd28f(fv-az96-539/10.1.0.160), ReplicationConfig: RATIS/ONE, State:ALLOCATED, leaderId:17dccb1e-3aac-4103-8ad9-4d3b247cd28f, CreationTimestamp2023-05-08T09:35:17.731Z[Etc/UTC]] moved to OPEN state
2023-05-08 09:35:20,736 [EventQueue-OpenPipelineForHealthyPipelineSafeModeRule] INFO  safemode.SCMSafeModeManager (HealthyPipelineSafeModeRule.java:process(137)) - SCM in safe mode. Healthy pipelines reported count is 0, required healthy pipeline reported count is 1
2023-05-08 09:35:20,736 [pool-648-thread-1] INFO  server.RaftServerConfigKeys (ConfUtils.java:logGet(46)) - raft.server.log.write.buffer.size = 1048576 (custom)
2023-05-08 09:35:20,737 [pool-648-thread-1] INFO  server.RaftServerConfigKeys (ConfUtils.java:logGet(46)) - raft.server.log.appender.buffer.byte-limit = 33554432 (custom)
2023-05-08 09:35:20,744 [pool-648-thread-1] INFO  server.RaftServerConfigKeys (ConfUtils.java:logGet(46)) - raft.server.log.unsafe-flush.enabled = false (default)
2023-05-08 09:35:20,745 [pool-648-thread-1] INFO  server.RaftServerConfigKeys (ConfUtils.java:logGet(46)) - raft.server.log.async-flush.enabled = false (default)
2023-05-08 09:35:20,745 [pool-648-thread-1] INFO  server.RaftServerConfigKeys (ConfUtils.java:logGet(46)) - raft.server.log.statemachine.data.caching.enabled = true (custom)
2023-05-08 09:35:20,745 [pool-648-thread-1] INFO  segmented.SegmentedRaftLogWorker (SegmentedRaftLogWorker.java:lambda$new$0(135)) - 17dccb1e-3aac-4103-8ad9-4d3b247cd28f@group-277BF47F914E-SegmentedRaftLogWorker: flushIndex: setUnconditionally 0 -> -1
2023-05-08 09:35:20,745 [pool-648-thread-1] INFO  segmented.SegmentedRaftLogWorker (SegmentedRaftLogWorker.java:lambda$new$0(135)) - 17dccb1e-3aac-4103-8ad9-4d3b247cd28f@group-277BF47F914E-SegmentedRaftLogWorker: safeCacheEvictIndex: setUnconditionally 0 -> -1
2023-05-08 09:35:20,745 [pool-648-thread-1] INFO  server.RaftServer$Division (RaftServerImpl.java:start(334)) - 17dccb1e-3aac-4103-8ad9-4d3b247cd28f@group-277BF47F914E: start as a follower, conf=-1: peers:[17dccb1e-3aac-4103-8ad9-4d3b247cd28f|rpc:10.1.0.160:44231|dataStream:10.1.0.160:37067|priority:1|startupRole:FOLLOWER]|listeners:[], old=null
2023-05-08 09:35:20,745 [pool-648-thread-1] INFO  server.RaftServer$Division (RaftServerImpl.java:setRole(321)) - 17dccb1e-3aac-4103-8ad9-4d3b247cd28f@group-277BF47F914E: changes role from      null to FOLLOWER at term 0 for startAsFollower
2023-05-08 09:35:20,745 [pool-648-thread-1] INFO  impl.RoleInfo (RoleInfo.java:updateAndGet(139)) - 17dccb1e-3aac-4103-8ad9-4d3b247cd28f: start 17dccb1e-3aac-4103-8ad9-4d3b247cd28f@group-277BF47F914E-FollowerState
2023-05-08 09:35:20,746 [pool-648-thread-1] INFO  util.JmxRegister (JmxRegister.java:tryRegister(44)) - Successfully registered JMX Bean with object name Ratis:service=RaftServer,group=group-277BF47F914E,id=17dccb1e-3aac-4103-8ad9-4d3b247cd28f
2023-05-08 09:35:20,746 [pool-648-thread-1] INFO  server.RaftServerConfigKeys (ConfUtils.java:logGet(46)) - raft.server.snapshot.auto.trigger.enabled = true (custom)
2023-05-08 09:35:20,746 [pool-648-thread-1] INFO  server.RaftServerConfigKeys (ConfUtils.java:logGet(46)) - raft.server.snapshot.auto.trigger.threshold = 10000 (custom)
2023-05-08 09:35:20,746 [pool-648-thread-1] INFO  server.RaftServerConfigKeys (ConfUtils.java:logGet(46)) - raft.server.snapshot.retention.file.num = 5 (custom)
2023-05-08 09:35:20,746 [pool-648-thread-1] INFO  server.RaftServerConfigKeys (ConfUtils.java:logGet(46)) - raft.server.log.purge.upto.snapshot.index = false (default)
2023-05-08 09:35:20,746 [17dccb1e-3aac-4103-8ad9-4d3b247cd28f@group-277BF47F914E-FollowerState] INFO  server.RaftServerConfigKeys (ConfUtils.java:logFallback(53)) - raft.server.rpc.first-election.timeout.min = 5s (fallback to raft.server.rpc.timeout.min)
2023-05-08 09:35:20,746 [17dccb1e-3aac-4103-8ad9-4d3b247cd28f@group-277BF47F914E-FollowerState] INFO  server.RaftServerConfigKeys (ConfUtils.java:logFallback(53)) - raft.server.rpc.first-election.timeout.max = 5200ms (fallback to raft.server.rpc.timeout.max)
2023-05-08 09:35:20,747 [Command processor thread] INFO  ratis.XceiverServerRatis (XceiverServerRatis.java:addGroup(806)) - Created group PipelineID=a736e046-6a4c-49a7-98a0-277bf47f914e
2023-05-08 09:35:20,747 [Command processor thread] INFO  commandhandler.CreatePipelineCommandHandler (CreatePipelineCommandHandler.java:handle(113)) - Created Pipeline RATIS ONE PipelineID=a736e046-6a4c-49a7-98a0-277bf47f914e.
2023-05-08 09:35:21,099 [Listener at 127.0.0.1/42911] INFO  ozone.MiniOzoneClusterImpl (MiniOzoneClusterImpl.java:lambda$waitForClusterToBeReady$0(224)) - Nodes are ready. Got 3 of 3 DN Heartbeats.
2023-05-08 09:35:21,099 [Listener at 127.0.0.1/42911] INFO  ozone.MiniOzoneClusterImpl (MiniOzoneClusterImpl.java:lambda$waitForClusterToBeReady$0(227)) - Waiting for cluster to exit safe mode
2023-05-08 09:35:21,099 [Listener at 127.0.0.1/42911] INFO  ozone.MiniOzoneClusterImpl (MiniOzoneClusterImpl.java:lambda$waitForClusterToBeReady$0(229)) - SCM became leader
2023-05-08 09:35:21,103 [Command processor thread] INFO  server.RaftServer (RaftServerProxy.java:addNew(96)) - 9cd45e4a-89d7-4ae2-9e76-72416fd6b668: addNew group-393C3149F821:[9cd45e4a-89d7-4ae2-9e76-72416fd6b668|rpc:10.1.0.160:40973|dataStream:10.1.0.160:33571|priority:1|startupRole:FOLLOWER] returns group-393C3149F821:java.util.concurrent.CompletableFuture@315c1f4e[Not completed]
2023-05-08 09:35:21,104 [pool-670-thread-1] INFO  server.RaftServer$Division (RaftServerImpl.java:<init>(195)) - 9cd45e4a-89d7-4ae2-9e76-72416fd6b668: new RaftServerImpl for group-393C3149F821:[9cd45e4a-89d7-4ae2-9e76-72416fd6b668|rpc:10.1.0.160:40973|dataStream:10.1.0.160:33571|priority:1|startupRole:FOLLOWER] with ContainerStateMachine:uninitialized
2023-05-08 09:35:21,104 [pool-670-thread-1] INFO  server.RaftServerConfigKeys (ConfUtils.java:logGet(46)) - raft.server.rpc.timeout.min = 5s (custom)
2023-05-08 09:35:21,104 [pool-670-thread-1] INFO  server.RaftServerConfigKeys (ConfUtils.java:logGet(46)) - raft.server.rpc.timeout.max = 5200ms (custom)
2023-05-08 09:35:21,104 [pool-670-thread-1] INFO  server.RaftServerConfigKeys (ConfUtils.java:logGet(46)) - raft.server.rpc.sleep.time = 25ms (default)
2023-05-08 09:35:21,104 [pool-670-thread-1] INFO  server.RaftServerConfigKeys (ConfUtils.java:logGet(46)) - raft.server.rpc.slowness.timeout = 300s (custom)
2023-05-08 09:35:21,104 [pool-670-thread-1] INFO  server.RaftServerConfigKeys (ConfUtils.java:logGet(46)) - raft.server.leaderelection.leader.step-down.wait-time = 10s (default)
2023-05-08 09:35:21,105 [pool-670-thread-1] INFO  server.RaftServerConfigKeys (ConfUtils.java:logGet(46)) - raft.server.sleep.deviation.threshold = 300ms (default)
2023-05-08 09:35:21,105 [pool-670-thread-1] INFO  server.RaftServer$Division (ServerState.java:<init>(118)) - 9cd45e4a-89d7-4ae2-9e76-72416fd6b668@group-393C3149F821: ConfigurationManager, init=-1: peers:[9cd45e4a-89d7-4ae2-9e76-72416fd6b668|rpc:10.1.0.160:40973|dataStream:10.1.0.160:33571|priority:1|startupRole:FOLLOWER]|listeners:[], old=null, confs=<EMPTY_MAP>
2023-05-08 09:35:21,105 [pool-670-thread-1] INFO  server.RaftServerConfigKeys (ConfUtils.java:logGet(46)) - raft.server.storage.dir = [/home/runner/work/ozone/ozone/hadoop-ozone/integration-test/target/test-dir/MiniOzoneClusterImpl-e3f0e696-295c-4d93-87a4-d859f2bb0e1a/datanode-2/data/ratis] (custom)
2023-05-08 09:35:21,105 [pool-670-thread-1] INFO  server.RaftServerConfigKeys (ConfUtils.java:logGet(46)) - raft.server.log.corruption.policy = EXCEPTION (default)
2023-05-08 09:35:21,105 [pool-670-thread-1] INFO  server.RaftServerConfigKeys (ConfUtils.java:logGet(46)) - raft.server.storage.free-space.min = 0MB (=0) (default)
2023-05-08 09:35:21,105 [pool-670-thread-1] INFO  server.RaftServerConfigKeys (ConfUtils.java:logGet(46)) - raft.server.notification.no-leader.timeout = 300s (custom)
2023-05-08 09:35:21,105 [pool-670-thread-1] INFO  server.RaftServerConfigKeys (ConfUtils.java:logGet(46)) - raft.server.retrycache.expirytime = 600000ms (custom)
2023-05-08 09:35:21,105 [pool-670-thread-1] INFO  server.RaftServerConfigKeys (ConfUtils.java:logGet(46)) - raft.server.retrycache.statistics.expirytime = 100μs (default)
2023-05-08 09:35:21,106 [pool-670-thread-1] INFO  server.RaftServerConfigKeys (ConfUtils.java:logGet(46)) - raft.server.log.appender.install.snapshot.enabled = false (custom)
2023-05-08 09:35:21,106 [pool-670-thread-1] INFO  server.RaftServerConfigKeys (ConfUtils.java:logGet(46)) - raft.server.threadpool.server.cached = true (default)
2023-05-08 09:35:21,106 [pool-670-thread-1] INFO  server.RaftServerConfigKeys (ConfUtils.java:logGet(46)) - raft.server.threadpool.server.size = 0 (default)
2023-05-08 09:35:21,106 [pool-670-thread-1] INFO  server.RaftServerConfigKeys (ConfUtils.java:logGet(46)) - raft.server.threadpool.client.cached = true (default)
2023-05-08 09:35:21,106 [pool-670-thread-1] INFO  server.RaftServerConfigKeys (ConfUtils.java:logGet(46)) - raft.server.threadpool.client.size = 0 (default)
2023-05-08 09:35:21,106 [pool-670-thread-1] INFO  storage.RaftStorageDirectory (RaftStorageDirectoryImpl.java:analyzeStorage(137)) - The storage directory /home/runner/work/ozone/ozone/hadoop-ozone/integration-test/target/test-dir/MiniOzoneClusterImpl-e3f0e696-295c-4d93-87a4-d859f2bb0e1a/datanode-2/data/ratis/c9af42f0-a67a-4606-a776-393c3149f821 does not exist. Creating ...
2023-05-08 09:35:21,107 [pool-670-thread-1] INFO  storage.RaftStorageDirectory (RaftStorageDirectoryImpl.java:tryLock(231)) - Lock on /home/runner/work/ozone/ozone/hadoop-ozone/integration-test/target/test-dir/MiniOzoneClusterImpl-e3f0e696-295c-4d93-87a4-d859f2bb0e1a/datanode-2/data/ratis/c9af42f0-a67a-4606-a776-393c3149f821/in_use.lock acquired by nodename 7572@fv-az96-539
2023-05-08 09:35:21,109 [pool-670-thread-1] INFO  storage.RaftStorage (RaftStorageImpl.java:format(96)) - Storage directory /home/runner/work/ozone/ozone/hadoop-ozone/integration-test/target/test-dir/MiniOzoneClusterImpl-e3f0e696-295c-4d93-87a4-d859f2bb0e1a/datanode-2/data/ratis/c9af42f0-a67a-4606-a776-393c3149f821 has been successfully formatted.
2023-05-08 09:35:21,109 [pool-670-thread-1] INFO  ratis.ContainerStateMachine (ContainerStateMachine.java:loadSnapshot(262)) - group-393C3149F821: The snapshot info is null. Setting the last applied indexto:(t:0, i:~)
2023-05-08 09:35:21,109 [pool-670-thread-1] INFO  server.RaftServerConfigKeys (ConfUtils.java:logGet(46)) - raft.server.log.use.memory = false (default)
2023-05-08 09:35:21,111 [EventQueue-PipelineReportForPipelineReportHandler] INFO  pipeline.PipelineManagerImpl (PipelineManagerImpl.java:openPipeline(367)) - Pipeline Pipeline[ Id: c9af42f0-a67a-4606-a776-393c3149f821, Nodes: 9cd45e4a-89d7-4ae2-9e76-72416fd6b668(fv-az96-539/10.1.0.160), ReplicationConfig: RATIS/ONE, State:ALLOCATED, leaderId:9cd45e4a-89d7-4ae2-9e76-72416fd6b668, CreationTimestamp2023-05-08T09:35:18.106Z[Etc/UTC]] moved to OPEN state
2023-05-08 09:35:21,112 [EventQueue-OpenPipelineForHealthyPipelineSafeModeRule] INFO  safemode.SCMSafeModeManager (HealthyPipelineSafeModeRule.java:process(137)) - SCM in safe mode. Healthy pipelines reported count is 0, required healthy pipeline reported count is 1
2023-05-08 09:35:21,112 [pool-670-thread-1] INFO  server.RaftServerConfigKeys (ConfUtils.java:logGet(46)) - raft.server.log.purge.gap = 1000000 (custom)
2023-05-08 09:35:21,112 [pool-670-thread-1] INFO  server.RaftServerConfigKeys (ConfUtils.java:logGet(46)) - raft.server.log.appender.buffer.byte-limit = 33554432 (custom)
2023-05-08 09:35:21,112 [pool-670-thread-1] INFO  server.RaftServerConfigKeys (ConfUtils.java:logGet(46)) - raft.server.log.statemachine.data.read.timeout = 1000ms (default)
2023-05-08 09:35:21,112 [pool-670-thread-1] INFO  server.RaftServerConfigKeys (ConfUtils.java:logGet(46)) - raft.server.log.purge.preservation.log.num = 0 (default)
2023-05-08 09:35:21,112 [pool-670-thread-1] INFO  server.RaftServerConfigKeys (ConfUtils.java:logGet(46)) - raft.server.log.segment.size.max = 1048576 (custom)
2023-05-08 09:35:21,113 [pool-670-thread-1] INFO  server.RaftServerConfigKeys (ConfUtils.java:logGet(46)) - raft.server.log.segment.cache.num.max = 2 (custom)
2023-05-08 09:35:21,113 [pool-670-thread-1] INFO  server.RaftServerConfigKeys (ConfUtils.java:logGet(46)) - raft.server.log.segment.cache.size.max = 200MB (=209715200) (default)
2023-05-08 09:35:21,113 [pool-670-thread-1] INFO  segmented.SegmentedRaftLogWorker (SegmentedRaftLogWorker.java:<init>(189)) - new 9cd45e4a-89d7-4ae2-9e76-72416fd6b668@group-393C3149F821-SegmentedRaftLogWorker for RaftStorageImpl:Storage Directory /home/runner/work/ozone/ozone/hadoop-ozone/integration-test/target/test-dir/MiniOzoneClusterImpl-e3f0e696-295c-4d93-87a4-d859f2bb0e1a/datanode-2/data/ratis/c9af42f0-a67a-4606-a776-393c3149f821
2023-05-08 09:35:21,113 [pool-670-thread-1] INFO  server.RaftServerConfigKeys (ConfUtils.java:logGet(46)) - raft.server.log.queue.byte-limit = 4294967296 (custom)
2023-05-08 09:35:21,113 [pool-670-thread-1] INFO  server.RaftServerConfigKeys (ConfUtils.java:logGet(46)) - raft.server.log.queue.element-limit = 1024 (custom)
2023-05-08 09:35:21,113 [pool-670-thread-1] INFO  server.RaftServerConfigKeys (ConfUtils.java:logGet(46)) - raft.server.log.segment.size.max = 1048576 (custom)
2023-05-08 09:35:21,113 [pool-670-thread-1] INFO  server.RaftServerConfigKeys (ConfUtils.java:logGet(46)) - raft.server.log.preallocated.size = 16384 (custom)
2023-05-08 09:35:21,113 [pool-670-thread-1] INFO  server.RaftServerConfigKeys (ConfUtils.java:logGet(46)) - raft.server.log.force.sync.num = 128 (default)
2023-05-08 09:35:21,113 [pool-670-thread-1] INFO  server.RaftServerConfigKeys (ConfUtils.java:logGet(46)) - raft.server.log.statemachine.data.sync = true (default)
2023-05-08 09:35:21,113 [pool-670-thread-1] INFO  server.RaftServerConfigKeys (ConfUtils.java:logGet(46)) - raft.server.log.statemachine.data.sync.timeout = 10s (default)
2023-05-08 09:35:21,113 [pool-670-thread-1] INFO  server.RaftServerConfigKeys (ConfUtils.java:logGet(46)) - raft.server.log.statemachine.data.sync.timeout.retry = -1 (default)
2023-05-08 09:35:21,114 [pool-670-thread-1] INFO  server.RaftServerConfigKeys (ConfUtils.java:logGet(46)) - raft.server.log.write.buffer.size = 1048576 (custom)
2023-05-08 09:35:21,114 [pool-670-thread-1] INFO  server.RaftServerConfigKeys (ConfUtils.java:logGet(46)) - raft.server.log.appender.buffer.byte-limit = 33554432 (custom)
2023-05-08 09:35:21,120 [pool-670-thread-1] INFO  server.RaftServerConfigKeys (ConfUtils.java:logGet(46)) - raft.server.log.unsafe-flush.enabled = false (default)
2023-05-08 09:35:21,120 [pool-670-thread-1] INFO  server.RaftServerConfigKeys (ConfUtils.java:logGet(46)) - raft.server.log.async-flush.enabled = false (default)
2023-05-08 09:35:21,120 [pool-670-thread-1] INFO  server.RaftServerConfigKeys (ConfUtils.java:logGet(46)) - raft.server.log.statemachine.data.caching.enabled = true (custom)
2023-05-08 09:35:21,120 [pool-670-thread-1] INFO  segmented.SegmentedRaftLogWorker (SegmentedRaftLogWorker.java:lambda$new$0(135)) - 9cd45e4a-89d7-4ae2-9e76-72416fd6b668@group-393C3149F821-SegmentedRaftLogWorker: flushIndex: setUnconditionally 0 -> -1
2023-05-08 09:35:21,120 [pool-670-thread-1] INFO  segmented.SegmentedRaftLogWorker (SegmentedRaftLogWorker.java:lambda$new$0(135)) - 9cd45e4a-89d7-4ae2-9e76-72416fd6b668@group-393C3149F821-SegmentedRaftLogWorker: safeCacheEvictIndex: setUnconditionally 0 -> -1
2023-05-08 09:35:21,121 [pool-670-thread-1] INFO  server.RaftServer$Division (RaftServerImpl.java:start(334)) - 9cd45e4a-89d7-4ae2-9e76-72416fd6b668@group-393C3149F821: start as a follower, conf=-1: peers:[9cd45e4a-89d7-4ae2-9e76-72416fd6b668|rpc:10.1.0.160:40973|dataStream:10.1.0.160:33571|priority:1|startupRole:FOLLOWER]|listeners:[], old=null
2023-05-08 09:35:21,121 [pool-670-thread-1] INFO  server.RaftServer$Division (RaftServerImpl.java:setRole(321)) - 9cd45e4a-89d7-4ae2-9e76-72416fd6b668@group-393C3149F821: changes role from      null to FOLLOWER at term 0 for startAsFollower
2023-05-08 09:35:21,121 [pool-670-thread-1] INFO  impl.RoleInfo (RoleInfo.java:updateAndGet(139)) - 9cd45e4a-89d7-4ae2-9e76-72416fd6b668: start 9cd45e4a-89d7-4ae2-9e76-72416fd6b668@group-393C3149F821-FollowerState
2023-05-08 09:35:21,124 [pool-670-thread-1] INFO  util.JmxRegister (JmxRegister.java:tryRegister(44)) - Successfully registered JMX Bean with object name Ratis:service=RaftServer,group=group-393C3149F821,id=9cd45e4a-89d7-4ae2-9e76-72416fd6b668
2023-05-08 09:35:21,124 [pool-670-thread-1] INFO  server.RaftServerConfigKeys (ConfUtils.java:logGet(46)) - raft.server.snapshot.auto.trigger.enabled = true (custom)
2023-05-08 09:35:21,124 [pool-670-thread-1] INFO  server.RaftServerConfigKeys (ConfUtils.java:logGet(46)) - raft.server.snapshot.auto.trigger.threshold = 10000 (custom)
2023-05-08 09:35:21,124 [pool-670-thread-1] INFO  server.RaftServerConfigKeys (ConfUtils.java:logGet(46)) - raft.server.snapshot.retention.file.num = 5 (custom)
2023-05-08 09:35:21,124 [pool-670-thread-1] INFO  server.RaftServerConfigKeys (ConfUtils.java:logGet(46)) - raft.server.log.purge.upto.snapshot.index = false (default)
2023-05-08 09:35:21,125 [Command processor thread] INFO  ratis.XceiverServerRatis (XceiverServerRatis.java:addGroup(806)) - Created group PipelineID=c9af42f0-a67a-4606-a776-393c3149f821
2023-05-08 09:35:21,125 [Command processor thread] INFO  commandhandler.CreatePipelineCommandHandler (CreatePipelineCommandHandler.java:handle(113)) - Created Pipeline RATIS ONE PipelineID=c9af42f0-a67a-4606-a776-393c3149f821.
2023-05-08 09:35:21,127 [9cd45e4a-89d7-4ae2-9e76-72416fd6b668@group-393C3149F821-FollowerState] INFO  server.RaftServerConfigKeys (ConfUtils.java:logFallback(53)) - raft.server.rpc.first-election.timeout.min = 5s (fallback to raft.server.rpc.timeout.min)
2023-05-08 09:35:21,127 [9cd45e4a-89d7-4ae2-9e76-72416fd6b668@group-393C3149F821-FollowerState] INFO  server.RaftServerConfigKeys (ConfUtils.java:logFallback(53)) - raft.server.rpc.first-election.timeout.max = 5200ms (fallback to raft.server.rpc.timeout.max)
2023-05-08 09:35:22,099 [Listener at 127.0.0.1/42911] INFO  ozone.MiniOzoneClusterImpl (MiniOzoneClusterImpl.java:lambda$waitForClusterToBeReady$0(224)) - Nodes are ready. Got 3 of 3 DN Heartbeats.
2023-05-08 09:35:22,099 [Listener at 127.0.0.1/42911] INFO  ozone.MiniOzoneClusterImpl (MiniOzoneClusterImpl.java:lambda$waitForClusterToBeReady$0(227)) - Waiting for cluster to exit safe mode
2023-05-08 09:35:22,099 [Listener at 127.0.0.1/42911] INFO  ozone.MiniOzoneClusterImpl (MiniOzoneClusterImpl.java:lambda$waitForClusterToBeReady$0(229)) - SCM became leader
2023-05-08 09:35:23,099 [Listener at 127.0.0.1/42911] INFO  ozone.MiniOzoneClusterImpl (MiniOzoneClusterImpl.java:lambda$waitForClusterToBeReady$0(224)) - Nodes are ready. Got 3 of 3 DN Heartbeats.
2023-05-08 09:35:23,100 [Listener at 127.0.0.1/42911] INFO  ozone.MiniOzoneClusterImpl (MiniOzoneClusterImpl.java:lambda$waitForClusterToBeReady$0(227)) - Waiting for cluster to exit safe mode
2023-05-08 09:35:23,100 [Listener at 127.0.0.1/42911] INFO  ozone.MiniOzoneClusterImpl (MiniOzoneClusterImpl.java:lambda$waitForClusterToBeReady$0(229)) - SCM became leader
2023-05-08 09:35:24,100 [Listener at 127.0.0.1/42911] INFO  ozone.MiniOzoneClusterImpl (MiniOzoneClusterImpl.java:lambda$waitForClusterToBeReady$0(224)) - Nodes are ready. Got 3 of 3 DN Heartbeats.
2023-05-08 09:35:24,100 [Listener at 127.0.0.1/42911] INFO  ozone.MiniOzoneClusterImpl (MiniOzoneClusterImpl.java:lambda$waitForClusterToBeReady$0(227)) - Waiting for cluster to exit safe mode
2023-05-08 09:35:24,100 [Listener at 127.0.0.1/42911] INFO  ozone.MiniOzoneClusterImpl (MiniOzoneClusterImpl.java:lambda$waitForClusterToBeReady$0(229)) - SCM became leader
2023-05-08 09:35:25,100 [Listener at 127.0.0.1/42911] INFO  ozone.MiniOzoneClusterImpl (MiniOzoneClusterImpl.java:lambda$waitForClusterToBeReady$0(224)) - Nodes are ready. Got 3 of 3 DN Heartbeats.
2023-05-08 09:35:25,101 [Listener at 127.0.0.1/42911] INFO  ozone.MiniOzoneClusterImpl (MiniOzoneClusterImpl.java:lambda$waitForClusterToBeReady$0(227)) - Waiting for cluster to exit safe mode
2023-05-08 09:35:25,101 [Listener at 127.0.0.1/42911] INFO  ozone.MiniOzoneClusterImpl (MiniOzoneClusterImpl.java:lambda$waitForClusterToBeReady$0(229)) - SCM became leader
2023-05-08 09:35:25,410 [55e20b8b-283c-4747-9932-f8afe0177efb@group-1ABBF1605D1A-FollowerState] INFO  impl.FollowerState (FollowerState.java:run(143)) - 55e20b8b-283c-4747-9932-f8afe0177efb@group-1ABBF1605D1A-FollowerState: change to CANDIDATE, lastRpcElapsedTime:5047373293ns, electionTimeout:5046ms
2023-05-08 09:35:25,411 [55e20b8b-283c-4747-9932-f8afe0177efb@group-1ABBF1605D1A-FollowerState] INFO  impl.RoleInfo (RoleInfo.java:shutdownFollowerState(110)) - 55e20b8b-283c-4747-9932-f8afe0177efb: shutdown 55e20b8b-283c-4747-9932-f8afe0177efb@group-1ABBF1605D1A-FollowerState
2023-05-08 09:35:25,411 [55e20b8b-283c-4747-9932-f8afe0177efb@group-1ABBF1605D1A-FollowerState] INFO  server.RaftServer$Division (RaftServerImpl.java:setRole(321)) - 55e20b8b-283c-4747-9932-f8afe0177efb@group-1ABBF1605D1A: changes role from  FOLLOWER to CANDIDATE at term 0 for changeToCandidate
2023-05-08 09:35:25,411 [55e20b8b-283c-4747-9932-f8afe0177efb@group-1ABBF1605D1A-FollowerState] INFO  server.RaftServerConfigKeys (ConfUtils.java:logGet(46)) - raft.server.leaderelection.pre-vote = true (default)
2023-05-08 09:35:25,411 [55e20b8b-283c-4747-9932-f8afe0177efb@group-1ABBF1605D1A-FollowerState] INFO  impl.RoleInfo (RoleInfo.java:updateAndGet(139)) - 55e20b8b-283c-4747-9932-f8afe0177efb: start 55e20b8b-283c-4747-9932-f8afe0177efb@group-1ABBF1605D1A-LeaderElection22
2023-05-08 09:35:25,414 [55e20b8b-283c-4747-9932-f8afe0177efb@group-1ABBF1605D1A-LeaderElection22] INFO  impl.LeaderElection (LeaderElection.java:askForVotes(312)) - 55e20b8b-283c-4747-9932-f8afe0177efb@group-1ABBF1605D1A-LeaderElection22 PRE_VOTE round 0: submit vote requests at term 0 for -1: peers:[55e20b8b-283c-4747-9932-f8afe0177efb|rpc:10.1.0.160:36567|dataStream:10.1.0.160:36329|priority:0|startupRole:FOLLOWER, 17dccb1e-3aac-4103-8ad9-4d3b247cd28f|rpc:10.1.0.160:44231|dataStream:10.1.0.160:37067|priority:0|startupRole:FOLLOWER, 9cd45e4a-89d7-4ae2-9e76-72416fd6b668|rpc:10.1.0.160:40973|dataStream:10.1.0.160:33571|priority:1|startupRole:FOLLOWER]|listeners:[], old=null
2023-05-08 09:35:25,414 [55e20b8b-283c-4747-9932-f8afe0177efb@group-1ABBF1605D1A-LeaderElection22-1] INFO  server.GrpcServerProtocolClient (GrpcServerProtocolClient.java:<init>(63)) - Build channel for 17dccb1e-3aac-4103-8ad9-4d3b247cd28f
2023-05-08 09:35:25,416 [55e20b8b-283c-4747-9932-f8afe0177efb@group-1ABBF1605D1A-LeaderElection22-2] INFO  server.GrpcServerProtocolClient (GrpcServerProtocolClient.java:<init>(63)) - Build channel for 9cd45e4a-89d7-4ae2-9e76-72416fd6b668
2023-05-08 09:35:25,416 [55e20b8b-283c-4747-9932-f8afe0177efb@group-1ABBF1605D1A-LeaderElection22] INFO  server.RaftServerConfigKeys (ConfUtils.java:logFallback(53)) - raft.server.rpc.first-election.timeout.min = 5s (fallback to raft.server.rpc.timeout.min)
2023-05-08 09:35:25,416 [55e20b8b-283c-4747-9932-f8afe0177efb@group-1ABBF1605D1A-LeaderElection22] INFO  server.RaftServerConfigKeys (ConfUtils.java:logFallback(53)) - raft.server.rpc.first-election.timeout.max = 5200ms (fallback to raft.server.rpc.timeout.max)
2023-05-08 09:35:25,425 [grpc-default-executor-0] INFO  server.RaftServer$Division (RaftServerImpl.java:requestVote(1218)) - 17dccb1e-3aac-4103-8ad9-4d3b247cd28f@group-1ABBF1605D1A: receive requestVote(PRE_VOTE, 55e20b8b-283c-4747-9932-f8afe0177efb, group-1ABBF1605D1A, 0, (t:0, i:0))
2023-05-08 09:35:25,425 [grpc-default-executor-0] INFO  impl.VoteContext (VoteContext.java:log(49)) - 17dccb1e-3aac-4103-8ad9-4d3b247cd28f@group-1ABBF1605D1A-FOLLOWER: accept PRE_VOTE from 55e20b8b-283c-4747-9932-f8afe0177efb: our priority 0 <= candidate's priority 0
2023-05-08 09:35:25,425 [grpc-default-executor-0] INFO  server.RaftServer$Division (RaftServerImpl.java:requestVote(1251)) - 17dccb1e-3aac-4103-8ad9-4d3b247cd28f@group-1ABBF1605D1A replies to PRE_VOTE vote request: 55e20b8b-283c-4747-9932-f8afe0177efb<-17dccb1e-3aac-4103-8ad9-4d3b247cd28f#0:OK-t0. Peer's state: 17dccb1e-3aac-4103-8ad9-4d3b247cd28f@group-1ABBF1605D1A:t0, leader=null, voted=, raftlog=Memoized:17dccb1e-3aac-4103-8ad9-4d3b247cd28f@group-1ABBF1605D1A-SegmentedRaftLog:OPENED:c-1, conf=-1: peers:[55e20b8b-283c-4747-9932-f8afe0177efb|rpc:10.1.0.160:36567|dataStream:10.1.0.160:36329|priority:0|startupRole:FOLLOWER, 17dccb1e-3aac-4103-8ad9-4d3b247cd28f|rpc:10.1.0.160:44231|dataStream:10.1.0.160:37067|priority:0|startupRole:FOLLOWER, 9cd45e4a-89d7-4ae2-9e76-72416fd6b668|rpc:10.1.0.160:40973|dataStream:10.1.0.160:33571|priority:1|startupRole:FOLLOWER]|listeners:[], old=null
2023-05-08 09:35:25,434 [grpc-default-executor-0] INFO  server.RaftServer$Division (RaftServerImpl.java:requestVote(1218)) - 9cd45e4a-89d7-4ae2-9e76-72416fd6b668@group-1ABBF1605D1A: receive requestVote(PRE_VOTE, 55e20b8b-283c-4747-9932-f8afe0177efb, group-1ABBF1605D1A, 0, (t:0, i:0))
2023-05-08 09:35:25,434 [grpc-default-executor-0] INFO  impl.VoteContext (VoteContext.java:log(49)) - 9cd45e4a-89d7-4ae2-9e76-72416fd6b668@group-1ABBF1605D1A-FOLLOWER: reject PRE_VOTE from 55e20b8b-283c-4747-9932-f8afe0177efb: our priority 1 > candidate's priority 0
2023-05-08 09:35:25,434 [grpc-default-executor-0] INFO  server.RaftServer$Division (RaftServerImpl.java:requestVote(1251)) - 9cd45e4a-89d7-4ae2-9e76-72416fd6b668@group-1ABBF1605D1A replies to PRE_VOTE vote request: 55e20b8b-283c-4747-9932-f8afe0177efb<-9cd45e4a-89d7-4ae2-9e76-72416fd6b668#0:FAIL-t0. Peer's state: 9cd45e4a-89d7-4ae2-9e76-72416fd6b668@group-1ABBF1605D1A:t0, leader=null, voted=, raftlog=Memoized:9cd45e4a-89d7-4ae2-9e76-72416fd6b668@group-1ABBF1605D1A-SegmentedRaftLog:OPENED:c-1, conf=-1: peers:[55e20b8b-283c-4747-9932-f8afe0177efb|rpc:10.1.0.160:36567|dataStream:10.1.0.160:36329|priority:0|startupRole:FOLLOWER, 17dccb1e-3aac-4103-8ad9-4d3b247cd28f|rpc:10.1.0.160:44231|dataStream:10.1.0.160:37067|priority:0|startupRole:FOLLOWER, 9cd45e4a-89d7-4ae2-9e76-72416fd6b668|rpc:10.1.0.160:40973|dataStream:10.1.0.160:33571|priority:1|startupRole:FOLLOWER]|listeners:[], old=null
2023-05-08 09:35:25,436 [55e20b8b-283c-4747-9932-f8afe0177efb@group-1ABBF1605D1A-LeaderElection22] INFO  impl.LeaderElection (LeaderElection.java:logAndReturn(90)) - 55e20b8b-283c-4747-9932-f8afe0177efb@group-1ABBF1605D1A-LeaderElection22: PRE_VOTE REJECTED received 2 response(s) and 0 exception(s):
2023-05-08 09:35:25,436 [55e20b8b-283c-4747-9932-f8afe0177efb@group-1ABBF1605D1A-LeaderElection22] INFO  impl.LeaderElection (LeaderElection.java:logAndReturn(94)) -   Response 0: 55e20b8b-283c-4747-9932-f8afe0177efb<-17dccb1e-3aac-4103-8ad9-4d3b247cd28f#0:OK-t0
2023-05-08 09:35:25,436 [55e20b8b-283c-4747-9932-f8afe0177efb@group-1ABBF1605D1A-LeaderElection22] INFO  impl.LeaderElection (LeaderElection.java:logAndReturn(94)) -   Response 1: 55e20b8b-283c-4747-9932-f8afe0177efb<-9cd45e4a-89d7-4ae2-9e76-72416fd6b668#0:FAIL-t0
2023-05-08 09:35:25,436 [55e20b8b-283c-4747-9932-f8afe0177efb@group-1ABBF1605D1A-LeaderElection22] INFO  impl.LeaderElection (LeaderElection.java:askForVotes(314)) - 55e20b8b-283c-4747-9932-f8afe0177efb@group-1ABBF1605D1A-LeaderElection22 PRE_VOTE round 0: result REJECTED
2023-05-08 09:35:25,436 [55e20b8b-283c-4747-9932-f8afe0177efb@group-1ABBF1605D1A-LeaderElection22] INFO  server.RaftServer$Division (RaftServerImpl.java:setRole(321)) - 55e20b8b-283c-4747-9932-f8afe0177efb@group-1ABBF1605D1A: changes role from CANDIDATE to FOLLOWER at term 0 for REJECTED
2023-05-08 09:35:25,436 [55e20b8b-283c-4747-9932-f8afe0177efb@group-1ABBF1605D1A-LeaderElection22] INFO  impl.RoleInfo (RoleInfo.java:shutdownLeaderElection(130)) - 55e20b8b-283c-4747-9932-f8afe0177efb: shutdown 55e20b8b-283c-4747-9932-f8afe0177efb@group-1ABBF1605D1A-LeaderElection22
2023-05-08 09:35:25,436 [55e20b8b-283c-4747-9932-f8afe0177efb@group-1ABBF1605D1A-LeaderElection22] INFO  impl.RoleInfo (RoleInfo.java:updateAndGet(139)) - 55e20b8b-283c-4747-9932-f8afe0177efb: start 55e20b8b-283c-4747-9932-f8afe0177efb@group-1ABBF1605D1A-FollowerState
2023-05-08 09:35:25,439 [55e20b8b-283c-4747-9932-f8afe0177efb@group-6A945276AB4F-FollowerState] INFO  impl.FollowerState (FollowerState.java:run(143)) - 55e20b8b-283c-4747-9932-f8afe0177efb@group-6A945276AB4F-FollowerState: change to CANDIDATE, lastRpcElapsedTime:5097583515ns, electionTimeout:5096ms
2023-05-08 09:35:25,439 [55e20b8b-283c-4747-9932-f8afe0177efb@group-6A945276AB4F-FollowerState] INFO  impl.RoleInfo (RoleInfo.java:shutdownFollowerState(110)) - 55e20b8b-283c-4747-9932-f8afe0177efb: shutdown 55e20b8b-283c-4747-9932-f8afe0177efb@group-6A945276AB4F-FollowerState
2023-05-08 09:35:25,439 [55e20b8b-283c-4747-9932-f8afe0177efb@group-6A945276AB4F-FollowerState] INFO  server.RaftServer$Division (RaftServerImpl.java:setRole(321)) - 55e20b8b-283c-4747-9932-f8afe0177efb@group-6A945276AB4F: changes role from  FOLLOWER to CANDIDATE at term 0 for changeToCandidate
2023-05-08 09:35:25,441 [55e20b8b-283c-4747-9932-f8afe0177efb@group-1ABBF1605D1A-FollowerState] INFO  server.RaftServerConfigKeys (ConfUtils.java:logFallback(53)) - raft.server.rpc.first-election.timeout.min = 5s (fallback to raft.server.rpc.timeout.min)
2023-05-08 09:35:25,441 [55e20b8b-283c-4747-9932-f8afe0177efb@group-1ABBF1605D1A-FollowerState] INFO  server.RaftServerConfigKeys (ConfUtils.java:logFallback(53)) - raft.server.rpc.first-election.timeout.max = 5200ms (fallback to raft.server.rpc.timeout.max)
2023-05-08 09:35:25,441 [55e20b8b-283c-4747-9932-f8afe0177efb@group-6A945276AB4F-FollowerState] INFO  server.RaftServerConfigKeys (ConfUtils.java:logGet(46)) - raft.server.leaderelection.pre-vote = true (default)
2023-05-08 09:35:25,441 [55e20b8b-283c-4747-9932-f8afe0177efb@group-6A945276AB4F-FollowerState] INFO  impl.RoleInfo (RoleInfo.java:updateAndGet(139)) - 55e20b8b-283c-4747-9932-f8afe0177efb: start 55e20b8b-283c-4747-9932-f8afe0177efb@group-6A945276AB4F-LeaderElection23
2023-05-08 09:35:25,446 [55e20b8b-283c-4747-9932-f8afe0177efb@group-6A945276AB4F-LeaderElection23] INFO  impl.LeaderElection (LeaderElection.java:askForVotes(312)) - 55e20b8b-283c-4747-9932-f8afe0177efb@group-6A945276AB4F-LeaderElection23 PRE_VOTE round 0: submit vote requests at term 0 for -1: peers:[55e20b8b-283c-4747-9932-f8afe0177efb|rpc:10.1.0.160:36567|dataStream:10.1.0.160:36329|priority:1|startupRole:FOLLOWER]|listeners:[], old=null
2023-05-08 09:35:25,446 [55e20b8b-283c-4747-9932-f8afe0177efb@group-6A945276AB4F-LeaderElection23] INFO  impl.LeaderElection (LeaderElection.java:askForVotes(314)) - 55e20b8b-283c-4747-9932-f8afe0177efb@group-6A945276AB4F-LeaderElection23 PRE_VOTE round 0: result PASSED (term=0)
2023-05-08 09:35:25,448 [55e20b8b-283c-4747-9932-f8afe0177efb@group-6A945276AB4F-LeaderElection23] INFO  impl.LeaderElection (LeaderElection.java:askForVotes(312)) - 55e20b8b-283c-4747-9932-f8afe0177efb@group-6A945276AB4F-LeaderElection23 ELECTION round 0: submit vote requests at term 1 for -1: peers:[55e20b8b-283c-4747-9932-f8afe0177efb|rpc:10.1.0.160:36567|dataStream:10.1.0.160:36329|priority:1|startupRole:FOLLOWER]|listeners:[], old=null
2023-05-08 09:35:25,448 [55e20b8b-283c-4747-9932-f8afe0177efb@group-6A945276AB4F-LeaderElection23] INFO  impl.LeaderElection (LeaderElection.java:askForVotes(314)) - 55e20b8b-283c-4747-9932-f8afe0177efb@group-6A945276AB4F-LeaderElection23 ELECTION round 0: result PASSED (term=1)
2023-05-08 09:35:25,448 [55e20b8b-283c-4747-9932-f8afe0177efb@group-6A945276AB4F-LeaderElection23] INFO  impl.RoleInfo (RoleInfo.java:shutdownLeaderElection(130)) - 55e20b8b-283c-4747-9932-f8afe0177efb: shutdown 55e20b8b-283c-4747-9932-f8afe0177efb@group-6A945276AB4F-LeaderElection23
2023-05-08 09:35:25,448 [55e20b8b-283c-4747-9932-f8afe0177efb@group-6A945276AB4F-LeaderElection23] INFO  server.RaftServer$Division (RaftServerImpl.java:setRole(321)) - 55e20b8b-283c-4747-9932-f8afe0177efb@group-6A945276AB4F: changes role from CANDIDATE to LEADER at term 1 for changeToLeader
2023-05-08 09:35:25,448 [55e20b8b-283c-4747-9932-f8afe0177efb@group-6A945276AB4F-LeaderElection23] INFO  ratis.XceiverServerRatis (XceiverServerRatis.java:handleLeaderChangedNotification(904)) - Leader change notification received for group: group-6A945276AB4F with new leaderId: 55e20b8b-283c-4747-9932-f8afe0177efb
2023-05-08 09:35:25,448 [55e20b8b-283c-4747-9932-f8afe0177efb@group-6A945276AB4F-LeaderElection23] INFO  server.RaftServer$Division (ServerState.java:setLeader(313)) - 55e20b8b-283c-4747-9932-f8afe0177efb@group-6A945276AB4F: change Leader from null to 55e20b8b-283c-4747-9932-f8afe0177efb at term 1 for becomeLeader, leader elected after 5132ms
2023-05-08 09:35:25,448 [55e20b8b-283c-4747-9932-f8afe0177efb@group-6A945276AB4F-LeaderElection23] INFO  server.RaftServerConfigKeys (ConfUtils.java:logGet(46)) - raft.server.staging.catchup.gap = 1000 (default)
2023-05-08 09:35:25,449 [55e20b8b-283c-4747-9932-f8afe0177efb@group-6A945276AB4F-LeaderElection23] INFO  server.RaftServerConfigKeys (ConfUtils.java:logGet(46)) - raft.server.write.element-limit = 1024 (custom)
2023-05-08 09:35:25,449 [55e20b8b-283c-4747-9932-f8afe0177efb@group-6A945276AB4F-LeaderElection23] INFO  server.RaftServerConfigKeys (ConfUtils.java:logGet(46)) - raft.server.write.byte-limit = 1024 M (=1073741824) (custom)
2023-05-08 09:35:25,449 [55e20b8b-283c-4747-9932-f8afe0177efb@group-6A945276AB4F-LeaderElection23] INFO  server.RaftServerConfigKeys (ConfUtils.java:logGet(46)) - raft.server.watch.timeout = 180s (custom)
2023-05-08 09:35:25,449 [55e20b8b-283c-4747-9932-f8afe0177efb@group-6A945276AB4F-LeaderElection23] INFO  server.RaftServerConfigKeys (ConfUtils.java:logGet(46)) - raft.server.watch.timeout.denomination = 1s (default)
2023-05-08 09:35:25,449 [55e20b8b-283c-4747-9932-f8afe0177efb@group-6A945276AB4F-LeaderElection23] INFO  server.RaftServerConfigKeys (ConfUtils.java:logGet(46)) - raft.server.watch.element-limit = 65536 (default)
2023-05-08 09:35:25,449 [55e20b8b-283c-4747-9932-f8afe0177efb@group-6A945276AB4F-LeaderElection23] INFO  server.RaftServerConfigKeys (ConfUtils.java:logGet(46)) - raft.server.write.element-limit = 1024 (custom)
2023-05-08 09:35:25,450 [EventQueue-OpenPipelineForHealthyPipelineSafeModeRule] INFO  safemode.SCMSafeModeManager (HealthyPipelineSafeModeRule.java:process(137)) - SCM in safe mode. Healthy pipelines reported count is 0, required healthy pipeline reported count is 1
2023-05-08 09:35:25,450 [55e20b8b-283c-4747-9932-f8afe0177efb@group-6A945276AB4F-LeaderElection23] INFO  server.RaftServerConfigKeys (ConfUtils.java:logGet(46)) - raft.server.write.follower.gap.ratio.max = -1.0 (default)
2023-05-08 09:35:25,450 [55e20b8b-283c-4747-9932-f8afe0177efb@group-6A945276AB4F-LeaderElection23] INFO  impl.RoleInfo (RoleInfo.java:updateAndGet(139)) - 55e20b8b-283c-4747-9932-f8afe0177efb: start 55e20b8b-283c-4747-9932-f8afe0177efb@group-6A945276AB4F-LeaderStateImpl
2023-05-08 09:35:25,450 [55e20b8b-283c-4747-9932-f8afe0177efb@group-6A945276AB4F-LeaderElection23] INFO  segmented.SegmentedRaftLogWorker (SegmentedRaftLogWorker.java:startLogSegment(452)) - 55e20b8b-283c-4747-9932-f8afe0177efb@group-6A945276AB4F-SegmentedRaftLogWorker: Starting segment from index:0
2023-05-08 09:35:25,452 [55e20b8b-283c-4747-9932-f8afe0177efb@group-6A945276AB4F-SegmentedRaftLogWorker] INFO  segmented.SegmentedRaftLogWorker (SegmentedRaftLogWorker.java:execute(656)) - 55e20b8b-283c-4747-9932-f8afe0177efb@group-6A945276AB4F-SegmentedRaftLogWorker: created new log segment /home/runner/work/ozone/ozone/hadoop-ozone/integration-test/target/test-dir/MiniOzoneClusterImpl-e3f0e696-295c-4d93-87a4-d859f2bb0e1a/datanode-0/data/ratis/70989d1e-d352-423a-9d09-6a945276ab4f/current/log_inprogress_0
2023-05-08 09:35:25,453 [55e20b8b-283c-4747-9932-f8afe0177efb@group-6A945276AB4F-LeaderElection23] INFO  server.RaftServer$Division (ServerState.java:setRaftConf(430)) - 55e20b8b-283c-4747-9932-f8afe0177efb@group-6A945276AB4F: set configuration 0: peers:[55e20b8b-283c-4747-9932-f8afe0177efb|rpc:10.1.0.160:36567|dataStream:10.1.0.160:36329|priority:1|startupRole:FOLLOWER]|listeners:[], old=null
2023-05-08 09:35:25,543 [9cd45e4a-89d7-4ae2-9e76-72416fd6b668@group-1ABBF1605D1A-FollowerState] INFO  impl.FollowerState (FollowerState.java:run(143)) - 9cd45e4a-89d7-4ae2-9e76-72416fd6b668@group-1ABBF1605D1A-FollowerState: change to CANDIDATE, lastRpcElapsedTime:5130502455ns, electionTimeout:5128ms
2023-05-08 09:35:25,543 [9cd45e4a-89d7-4ae2-9e76-72416fd6b668@group-1ABBF1605D1A-FollowerState] INFO  impl.RoleInfo (RoleInfo.java:shutdownFollowerState(110)) - 9cd45e4a-89d7-4ae2-9e76-72416fd6b668: shutdown 9cd45e4a-89d7-4ae2-9e76-72416fd6b668@group-1ABBF1605D1A-FollowerState
2023-05-08 09:35:25,543 [9cd45e4a-89d7-4ae2-9e76-72416fd6b668@group-1ABBF1605D1A-FollowerState] INFO  server.RaftServer$Division (RaftServerImpl.java:setRole(321)) - 9cd45e4a-89d7-4ae2-9e76-72416fd6b668@group-1ABBF1605D1A: changes role from  FOLLOWER to CANDIDATE at term 0 for changeToCandidate
2023-05-08 09:35:25,543 [9cd45e4a-89d7-4ae2-9e76-72416fd6b668@group-1ABBF1605D1A-FollowerState] INFO  server.RaftServerConfigKeys (ConfUtils.java:logGet(46)) - raft.server.leaderelection.pre-vote = true (default)
2023-05-08 09:35:25,543 [9cd45e4a-89d7-4ae2-9e76-72416fd6b668@group-1ABBF1605D1A-FollowerState] INFO  impl.RoleInfo (RoleInfo.java:updateAndGet(139)) - 9cd45e4a-89d7-4ae2-9e76-72416fd6b668: start 9cd45e4a-89d7-4ae2-9e76-72416fd6b668@group-1ABBF1605D1A-LeaderElection24
2023-05-08 09:35:25,544 [9cd45e4a-89d7-4ae2-9e76-72416fd6b668@group-1ABBF1605D1A-LeaderElection24] INFO  impl.LeaderElection (LeaderElection.java:askForVotes(312)) - 9cd45e4a-89d7-4ae2-9e76-72416fd6b668@group-1ABBF1605D1A-LeaderElection24 PRE_VOTE round 0: submit vote requests at term 0 for -1: peers:[55e20b8b-283c-4747-9932-f8afe0177efb|rpc:10.1.0.160:36567|dataStream:10.1.0.160:36329|priority:0|startupRole:FOLLOWER, 17dccb1e-3aac-4103-8ad9-4d3b247cd28f|rpc:10.1.0.160:44231|dataStream:10.1.0.160:37067|priority:0|startupRole:FOLLOWER, 9cd45e4a-89d7-4ae2-9e76-72416fd6b668|rpc:10.1.0.160:40973|dataStream:10.1.0.160:33571|priority:1|startupRole:FOLLOWER]|listeners:[], old=null
2023-05-08 09:35:25,546 [9cd45e4a-89d7-4ae2-9e76-72416fd6b668@group-1ABBF1605D1A-LeaderElection24] INFO  server.RaftServerConfigKeys (ConfUtils.java:logFallback(53)) - raft.server.rpc.first-election.timeout.min = 5s (fallback to raft.server.rpc.timeout.min)
2023-05-08 09:35:25,546 [9cd45e4a-89d7-4ae2-9e76-72416fd6b668@group-1ABBF1605D1A-LeaderElection24-1] INFO  server.GrpcServerProtocolClient (GrpcServerProtocolClient.java:<init>(63)) - Build channel for 55e20b8b-283c-4747-9932-f8afe0177efb
2023-05-08 09:35:25,547 [17dccb1e-3aac-4103-8ad9-4d3b247cd28f@group-1ABBF1605D1A-FollowerState] INFO  server.RaftServerConfigKeys (ConfUtils.java:logFallback(53)) - raft.server.rpc.first-election.timeout.min = 5s (fallback to raft.server.rpc.timeout.min)
2023-05-08 09:35:25,547 [17dccb1e-3aac-4103-8ad9-4d3b247cd28f@group-1ABBF1605D1A-FollowerState] INFO  server.RaftServerConfigKeys (ConfUtils.java:logFallback(53)) - raft.server.rpc.first-election.timeout.max = 5200ms (fallback to raft.server.rpc.timeout.max)
2023-05-08 09:35:25,546 [9cd45e4a-89d7-4ae2-9e76-72416fd6b668@group-1ABBF1605D1A-LeaderElection24] INFO  server.RaftServerConfigKeys (ConfUtils.java:logFallback(53)) - raft.server.rpc.first-election.timeout.max = 5200ms (fallback to raft.server.rpc.timeout.max)
2023-05-08 09:35:25,546 [9cd45e4a-89d7-4ae2-9e76-72416fd6b668@group-1ABBF1605D1A-LeaderElection24-2] INFO  server.GrpcServerProtocolClient (GrpcServerProtocolClient.java:<init>(63)) - Build channel for 17dccb1e-3aac-4103-8ad9-4d3b247cd28f
2023-05-08 09:35:25,560 [grpc-default-executor-0] INFO  server.RaftServer$Division (RaftServerImpl.java:requestVote(1218)) - 55e20b8b-283c-4747-9932-f8afe0177efb@group-1ABBF1605D1A: receive requestVote(PRE_VOTE, 9cd45e4a-89d7-4ae2-9e76-72416fd6b668, group-1ABBF1605D1A, 0, (t:0, i:0))
2023-05-08 09:35:25,560 [grpc-default-executor-0] INFO  impl.VoteContext (VoteContext.java:log(49)) - 55e20b8b-283c-4747-9932-f8afe0177efb@group-1ABBF1605D1A-FOLLOWER: accept PRE_VOTE from 9cd45e4a-89d7-4ae2-9e76-72416fd6b668: our priority 0 <= candidate's priority 1
2023-05-08 09:35:25,560 [grpc-default-executor-0] INFO  server.RaftServer$Division (RaftServerImpl.java:requestVote(1251)) - 55e20b8b-283c-4747-9932-f8afe0177efb@group-1ABBF1605D1A replies to PRE_VOTE vote request: 9cd45e4a-89d7-4ae2-9e76-72416fd6b668<-55e20b8b-283c-4747-9932-f8afe0177efb#0:OK-t0. Peer's state: 55e20b8b-283c-4747-9932-f8afe0177efb@group-1ABBF1605D1A:t0, leader=null, voted=, raftlog=Memoized:55e20b8b-283c-4747-9932-f8afe0177efb@group-1ABBF1605D1A-SegmentedRaftLog:OPENED:c-1, conf=-1: peers:[55e20b8b-283c-4747-9932-f8afe0177efb|rpc:10.1.0.160:36567|dataStream:10.1.0.160:36329|priority:0|startupRole:FOLLOWER, 17dccb1e-3aac-4103-8ad9-4d3b247cd28f|rpc:10.1.0.160:44231|dataStream:10.1.0.160:37067|priority:0|startupRole:FOLLOWER, 9cd45e4a-89d7-4ae2-9e76-72416fd6b668|rpc:10.1.0.160:40973|dataStream:10.1.0.160:33571|priority:1|startupRole:FOLLOWER]|listeners:[], old=null
2023-05-08 09:35:25,561 [9cd45e4a-89d7-4ae2-9e76-72416fd6b668@group-1ABBF1605D1A-LeaderElection24] INFO  impl.LeaderElection (LeaderElection.java:logAndReturn(90)) - 9cd45e4a-89d7-4ae2-9e76-72416fd6b668@group-1ABBF1605D1A-LeaderElection24: PRE_VOTE PASSED received 1 response(s) and 0 exception(s):
2023-05-08 09:35:25,561 [9cd45e4a-89d7-4ae2-9e76-72416fd6b668@group-1ABBF1605D1A-LeaderElection24] INFO  impl.LeaderElection (LeaderElection.java:logAndReturn(94)) -   Response 0: 9cd45e4a-89d7-4ae2-9e76-72416fd6b668<-55e20b8b-283c-4747-9932-f8afe0177efb#0:OK-t0
2023-05-08 09:35:25,561 [9cd45e4a-89d7-4ae2-9e76-72416fd6b668@group-1ABBF1605D1A-LeaderElection24] INFO  impl.LeaderElection (LeaderElection.java:askForVotes(314)) - 9cd45e4a-89d7-4ae2-9e76-72416fd6b668@group-1ABBF1605D1A-LeaderElection24 PRE_VOTE round 0: result PASSED
2023-05-08 09:35:25,563 [grpc-default-executor-0] INFO  server.RaftServer$Division (RaftServerImpl.java:requestVote(1218)) - 17dccb1e-3aac-4103-8ad9-4d3b247cd28f@group-1ABBF1605D1A: receive requestVote(PRE_VOTE, 9cd45e4a-89d7-4ae2-9e76-72416fd6b668, group-1ABBF1605D1A, 0, (t:0, i:0))
2023-05-08 09:35:25,564 [grpc-default-executor-0] INFO  impl.VoteContext (VoteContext.java:log(49)) - 17dccb1e-3aac-4103-8ad9-4d3b247cd28f@group-1ABBF1605D1A-FOLLOWER: accept PRE_VOTE from 9cd45e4a-89d7-4ae2-9e76-72416fd6b668: our priority 0 <= candidate's priority 1
2023-05-08 09:35:25,564 [grpc-default-executor-0] INFO  server.RaftServer$Division (RaftServerImpl.java:requestVote(1251)) - 17dccb1e-3aac-4103-8ad9-4d3b247cd28f@group-1ABBF1605D1A replies to PRE_VOTE vote request: 9cd45e4a-89d7-4ae2-9e76-72416fd6b668<-17dccb1e-3aac-4103-8ad9-4d3b247cd28f#0:OK-t0. Peer's state: 17dccb1e-3aac-4103-8ad9-4d3b247cd28f@group-1ABBF1605D1A:t0, leader=null, voted=, raftlog=Memoized:17dccb1e-3aac-4103-8ad9-4d3b247cd28f@group-1ABBF1605D1A-SegmentedRaftLog:OPENED:c-1, conf=-1: peers:[55e20b8b-283c-4747-9932-f8afe0177efb|rpc:10.1.0.160:36567|dataStream:10.1.0.160:36329|priority:0|startupRole:FOLLOWER, 17dccb1e-3aac-4103-8ad9-4d3b247cd28f|rpc:10.1.0.160:44231|dataStream:10.1.0.160:37067|priority:0|startupRole:FOLLOWER, 9cd45e4a-89d7-4ae2-9e76-72416fd6b668|rpc:10.1.0.160:40973|dataStream:10.1.0.160:33571|priority:1|startupRole:FOLLOWER]|listeners:[], old=null
2023-05-08 09:35:25,564 [9cd45e4a-89d7-4ae2-9e76-72416fd6b668@group-1ABBF1605D1A-LeaderElection24] INFO  impl.LeaderElection (LeaderElection.java:askForVotes(312)) - 9cd45e4a-89d7-4ae2-9e76-72416fd6b668@group-1ABBF1605D1A-LeaderElection24 ELECTION round 0: submit vote requests at term 1 for -1: peers:[55e20b8b-283c-4747-9932-f8afe0177efb|rpc:10.1.0.160:36567|dataStream:10.1.0.160:36329|priority:0|startupRole:FOLLOWER, 17dccb1e-3aac-4103-8ad9-4d3b247cd28f|rpc:10.1.0.160:44231|dataStream:10.1.0.160:37067|priority:0|startupRole:FOLLOWER, 9cd45e4a-89d7-4ae2-9e76-72416fd6b668|rpc:10.1.0.160:40973|dataStream:10.1.0.160:33571|priority:1|startupRole:FOLLOWER]|listeners:[], old=null
2023-05-08 09:35:25,575 [grpc-default-executor-0] INFO  server.RaftServer$Division (RaftServerImpl.java:requestVote(1218)) - 55e20b8b-283c-4747-9932-f8afe0177efb@group-1ABBF1605D1A: receive requestVote(ELECTION, 9cd45e4a-89d7-4ae2-9e76-72416fd6b668, group-1ABBF1605D1A, 1, (t:0, i:0))
2023-05-08 09:35:25,575 [grpc-default-executor-0] INFO  impl.VoteContext (VoteContext.java:log(49)) - 55e20b8b-283c-4747-9932-f8afe0177efb@group-1ABBF1605D1A-FOLLOWER: accept ELECTION from 9cd45e4a-89d7-4ae2-9e76-72416fd6b668: our priority 0 <= candidate's priority 1
2023-05-08 09:35:25,575 [grpc-default-executor-0] INFO  server.RaftServer$Division (RaftServerImpl.java:setRole(321)) - 55e20b8b-283c-4747-9932-f8afe0177efb@group-1ABBF1605D1A: changes role from  FOLLOWER to FOLLOWER at term 1 for candidate:9cd45e4a-89d7-4ae2-9e76-72416fd6b668
2023-05-08 09:35:25,575 [grpc-default-executor-0] INFO  impl.RoleInfo (RoleInfo.java:shutdownFollowerState(110)) - 55e20b8b-283c-4747-9932-f8afe0177efb: shutdown 55e20b8b-283c-4747-9932-f8afe0177efb@group-1ABBF1605D1A-FollowerState
2023-05-08 09:35:25,575 [9cd45e4a-89d7-4ae2-9e76-72416fd6b668@group-1ABBF1605D1A-LeaderElection24] INFO  server.RaftServerConfigKeys (ConfUtils.java:logFallback(53)) - raft.server.rpc.first-election.timeout.min = 5s (fallback to raft.server.rpc.timeout.min)
2023-05-08 09:35:25,575 [9cd45e4a-89d7-4ae2-9e76-72416fd6b668@group-1ABBF1605D1A-LeaderElection24] INFO  server.RaftServerConfigKeys (ConfUtils.java:logFallback(53)) - raft.server.rpc.first-election.timeout.max = 5200ms (fallback to raft.server.rpc.timeout.max)
2023-05-08 09:35:25,575 [grpc-default-executor-0] INFO  impl.RoleInfo (RoleInfo.java:updateAndGet(139)) - 55e20b8b-283c-4747-9932-f8afe0177efb: start 55e20b8b-283c-4747-9932-f8afe0177efb@group-1ABBF1605D1A-FollowerState
2023-05-08 09:35:25,576 [55e20b8b-283c-4747-9932-f8afe0177efb@group-1ABBF1605D1A-FollowerState] INFO  impl.FollowerState (FollowerState.java:run(152)) - 55e20b8b-283c-4747-9932-f8afe0177efb@group-1ABBF1605D1A-FollowerState was interrupted
2023-05-08 09:35:25,581 [55e20b8b-283c-4747-9932-f8afe0177efb@group-1ABBF1605D1A-FollowerState] INFO  server.RaftServerConfigKeys (ConfUtils.java:logFallback(53)) - raft.server.rpc.first-election.timeout.min = 5s (fallback to raft.server.rpc.timeout.min)
2023-05-08 09:35:25,581 [55e20b8b-283c-4747-9932-f8afe0177efb@group-1ABBF1605D1A-FollowerState] INFO  server.RaftServerConfigKeys (ConfUtils.java:logFallback(53)) - raft.server.rpc.first-election.timeout.max = 5200ms (fallback to raft.server.rpc.timeout.max)
2023-05-08 09:35:25,583 [grpc-default-executor-1] INFO  server.RaftServer$Division (RaftServerImpl.java:requestVote(1218)) - 17dccb1e-3aac-4103-8ad9-4d3b247cd28f@group-1ABBF1605D1A: receive requestVote(ELECTION, 9cd45e4a-89d7-4ae2-9e76-72416fd6b668, group-1ABBF1605D1A, 1, (t:0, i:0))
2023-05-08 09:35:25,583 [grpc-default-executor-1] INFO  impl.VoteContext (VoteContext.java:log(49)) - 17dccb1e-3aac-4103-8ad9-4d3b247cd28f@group-1ABBF1605D1A-FOLLOWER: accept ELECTION from 9cd45e4a-89d7-4ae2-9e76-72416fd6b668: our priority 0 <= candidate's priority 1
2023-05-08 09:35:25,583 [grpc-default-executor-1] INFO  server.RaftServer$Division (RaftServerImpl.java:setRole(321)) - 17dccb1e-3aac-4103-8ad9-4d3b247cd28f@group-1ABBF1605D1A: changes role from  FOLLOWER to FOLLOWER at term 1 for candidate:9cd45e4a-89d7-4ae2-9e76-72416fd6b668
2023-05-08 09:35:25,583 [grpc-default-executor-1] INFO  impl.RoleInfo (RoleInfo.java:shutdownFollowerState(110)) - 17dccb1e-3aac-4103-8ad9-4d3b247cd28f: shutdown 17dccb1e-3aac-4103-8ad9-4d3b247cd28f@group-1ABBF1605D1A-FollowerState
2023-05-08 09:35:25,583 [grpc-default-executor-1] INFO  impl.RoleInfo (RoleInfo.java:updateAndGet(139)) - 17dccb1e-3aac-4103-8ad9-4d3b247cd28f: start 17dccb1e-3aac-4103-8ad9-4d3b247cd28f@group-1ABBF1605D1A-FollowerState
2023-05-08 09:35:25,583 [17dccb1e-3aac-4103-8ad9-4d3b247cd28f@group-1ABBF1605D1A-FollowerState] INFO  impl.FollowerState (FollowerState.java:run(152)) - 17dccb1e-3aac-4103-8ad9-4d3b247cd28f@group-1ABBF1605D1A-FollowerState was interrupted
2023-05-08 09:35:25,582 [grpc-default-executor-0] INFO  server.RaftServer$Division (RaftServerImpl.java:requestVote(1251)) - 55e20b8b-283c-4747-9932-f8afe0177efb@group-1ABBF1605D1A replies to ELECTION vote request: 9cd45e4a-89d7-4ae2-9e76-72416fd6b668<-55e20b8b-283c-4747-9932-f8afe0177efb#0:OK-t1. Peer's state: 55e20b8b-283c-4747-9932-f8afe0177efb@group-1ABBF1605D1A:t1, leader=null, voted=9cd45e4a-89d7-4ae2-9e76-72416fd6b668, raftlog=Memoized:55e20b8b-283c-4747-9932-f8afe0177efb@group-1ABBF1605D1A-SegmentedRaftLog:OPENED:c-1, conf=-1: peers:[55e20b8b-283c-4747-9932-f8afe0177efb|rpc:10.1.0.160:36567|dataStream:10.1.0.160:36329|priority:0|startupRole:FOLLOWER, 17dccb1e-3aac-4103-8ad9-4d3b247cd28f|rpc:10.1.0.160:44231|dataStream:10.1.0.160:37067|priority:0|startupRole:FOLLOWER, 9cd45e4a-89d7-4ae2-9e76-72416fd6b668|rpc:10.1.0.160:40973|dataStream:10.1.0.160:33571|priority:1|startupRole:FOLLOWER]|listeners:[], old=null
2023-05-08 09:35:25,589 [9cd45e4a-89d7-4ae2-9e76-72416fd6b668@group-1ABBF1605D1A-LeaderElection24] INFO  impl.LeaderElection (LeaderElection.java:logAndReturn(90)) - 9cd45e4a-89d7-4ae2-9e76-72416fd6b668@group-1ABBF1605D1A-LeaderElection24: ELECTION PASSED received 1 response(s) and 0 exception(s):
2023-05-08 09:35:25,589 [9cd45e4a-89d7-4ae2-9e76-72416fd6b668@group-1ABBF1605D1A-LeaderElection24] INFO  impl.LeaderElection (LeaderElection.java:logAndReturn(94)) -   Response 0: 9cd45e4a-89d7-4ae2-9e76-72416fd6b668<-55e20b8b-283c-4747-9932-f8afe0177efb#0:OK-t1
2023-05-08 09:35:25,589 [9cd45e4a-89d7-4ae2-9e76-72416fd6b668@group-1ABBF1605D1A-LeaderElection24] INFO  impl.LeaderElection (LeaderElection.java:askForVotes(314)) - 9cd45e4a-89d7-4ae2-9e76-72416fd6b668@group-1ABBF1605D1A-LeaderElection24 ELECTION round 0: result PASSED
2023-05-08 09:35:25,589 [9cd45e4a-89d7-4ae2-9e76-72416fd6b668@group-1ABBF1605D1A-LeaderElection24] INFO  impl.RoleInfo (RoleInfo.java:shutdownLeaderElection(130)) - 9cd45e4a-89d7-4ae2-9e76-72416fd6b668: shutdown 9cd45e4a-89d7-4ae2-9e76-72416fd6b668@group-1ABBF1605D1A-LeaderElection24
2023-05-08 09:35:25,589 [9cd45e4a-89d7-4ae2-9e76-72416fd6b668@group-1ABBF1605D1A-LeaderElection24] INFO  server.RaftServer$Division (RaftServerImpl.java:setRole(321)) - 9cd45e4a-89d7-4ae2-9e76-72416fd6b668@group-1ABBF1605D1A: changes role from CANDIDATE to LEADER at term 1 for changeToLeader
2023-05-08 09:35:25,589 [grpc-default-executor-1] INFO  server.RaftServer$Division (RaftServerImpl.java:requestVote(1251)) - 17dccb1e-3aac-4103-8ad9-4d3b247cd28f@group-1ABBF1605D1A replies to ELECTION vote request: 9cd45e4a-89d7-4ae2-9e76-72416fd6b668<-17dccb1e-3aac-4103-8ad9-4d3b247cd28f#0:OK-t1. Peer's state: 17dccb1e-3aac-4103-8ad9-4d3b247cd28f@group-1ABBF1605D1A:t1, leader=null, voted=9cd45e4a-89d7-4ae2-9e76-72416fd6b668, raftlog=Memoized:17dccb1e-3aac-4103-8ad9-4d3b247cd28f@group-1ABBF1605D1A-SegmentedRaftLog:OPENED:c-1, conf=-1: peers:[55e20b8b-283c-4747-9932-f8afe0177efb|rpc:10.1.0.160:36567|dataStream:10.1.0.160:36329|priority:0|startupRole:FOLLOWER, 17dccb1e-3aac-4103-8ad9-4d3b247cd28f|rpc:10.1.0.160:44231|dataStream:10.1.0.160:37067|priority:0|startupRole:FOLLOWER, 9cd45e4a-89d7-4ae2-9e76-72416fd6b668|rpc:10.1.0.160:40973|dataStream:10.1.0.160:33571|priority:1|startupRole:FOLLOWER]|listeners:[], old=null
2023-05-08 09:35:25,590 [17dccb1e-3aac-4103-8ad9-4d3b247cd28f@group-1ABBF1605D1A-FollowerState] INFO  server.RaftServerConfigKeys (ConfUtils.java:logFallback(53)) - raft.server.rpc.first-election.timeout.min = 5s (fallback to raft.server.rpc.timeout.min)
2023-05-08 09:35:25,590 [17dccb1e-3aac-4103-8ad9-4d3b247cd28f@group-1ABBF1605D1A-FollowerState] INFO  server.RaftServerConfigKeys (ConfUtils.java:logFallback(53)) - raft.server.rpc.first-election.timeout.max = 5200ms (fallback to raft.server.rpc.timeout.max)
2023-05-08 09:35:25,589 [9cd45e4a-89d7-4ae2-9e76-72416fd6b668@group-1ABBF1605D1A-LeaderElection24] INFO  ratis.XceiverServerRatis (XceiverServerRatis.java:handleLeaderChangedNotification(904)) - Leader change notification received for group: group-1ABBF1605D1A with new leaderId: 9cd45e4a-89d7-4ae2-9e76-72416fd6b668
2023-05-08 09:35:25,591 [9cd45e4a-89d7-4ae2-9e76-72416fd6b668@group-1ABBF1605D1A-LeaderElection24] INFO  server.RaftServer$Division (ServerState.java:setLeader(313)) - 9cd45e4a-89d7-4ae2-9e76-72416fd6b668@group-1ABBF1605D1A: change Leader from null to 9cd45e4a-89d7-4ae2-9e76-72416fd6b668 at term 1 for becomeLeader, leader elected after 5193ms
2023-05-08 09:35:25,591 [9cd45e4a-89d7-4ae2-9e76-72416fd6b668@group-1ABBF1605D1A-LeaderElection24] INFO  server.RaftServerConfigKeys (ConfUtils.java:logGet(46)) - raft.server.staging.catchup.gap = 1000 (default)
2023-05-08 09:35:25,591 [9cd45e4a-89d7-4ae2-9e76-72416fd6b668@group-1ABBF1605D1A-LeaderElection24] INFO  server.RaftServerConfigKeys (ConfUtils.java:logGet(46)) - raft.server.write.element-limit = 1024 (custom)
2023-05-08 09:35:25,592 [9cd45e4a-89d7-4ae2-9e76-72416fd6b668@group-1ABBF1605D1A-LeaderElection24] INFO  server.RaftServerConfigKeys (ConfUtils.java:logGet(46)) - raft.server.write.byte-limit = 1024 M (=1073741824) (custom)
2023-05-08 09:35:25,592 [9cd45e4a-89d7-4ae2-9e76-72416fd6b668@group-1ABBF1605D1A-LeaderElection24] INFO  server.RaftServerConfigKeys (ConfUtils.java:logGet(46)) - raft.server.watch.timeout = 180s (custom)
2023-05-08 09:35:25,592 [9cd45e4a-89d7-4ae2-9e76-72416fd6b668@group-1ABBF1605D1A-LeaderElection24] INFO  server.RaftServerConfigKeys (ConfUtils.java:logGet(46)) - raft.server.watch.timeout.denomination = 1s (default)
2023-05-08 09:35:25,592 [9cd45e4a-89d7-4ae2-9e76-72416fd6b668@group-1ABBF1605D1A-LeaderElection24] INFO  server.RaftServerConfigKeys (ConfUtils.java:logGet(46)) - raft.server.watch.element-limit = 65536 (default)
2023-05-08 09:35:25,592 [9cd45e4a-89d7-4ae2-9e76-72416fd6b668@group-1ABBF1605D1A-LeaderElection24] INFO  server.RaftServerConfigKeys (ConfUtils.java:logGet(46)) - raft.server.write.element-limit = 1024 (custom)
2023-05-08 09:35:25,592 [9cd45e4a-89d7-4ae2-9e76-72416fd6b668@group-1ABBF1605D1A-LeaderElection24] INFO  server.RaftServerConfigKeys (ConfUtils.java:logGet(46)) - raft.server.write.follower.gap.ratio.max = -1.0 (default)
2023-05-08 09:35:25,592 [9cd45e4a-89d7-4ae2-9e76-72416fd6b668@group-1ABBF1605D1A-LeaderElection24] INFO  server.RaftServerConfigKeys (ConfUtils.java:logGet(46)) - raft.server.log.appender.snapshot.chunk.size.max = 16MB (=16777216) (default)
2023-05-08 09:35:25,592 [9cd45e4a-89d7-4ae2-9e76-72416fd6b668@group-1ABBF1605D1A-LeaderElection24] INFO  server.RaftServerConfigKeys (ConfUtils.java:logGet(46)) - raft.server.log.appender.buffer.byte-limit = 33554432 (custom)
2023-05-08 09:35:25,592 [9cd45e4a-89d7-4ae2-9e76-72416fd6b668@group-1ABBF1605D1A-LeaderElection24] INFO  server.RaftServerConfigKeys (ConfUtils.java:logGet(46)) - raft.server.log.appender.buffer.element-limit = 1 (custom)
2023-05-08 09:35:25,592 [9cd45e4a-89d7-4ae2-9e76-72416fd6b668@group-1ABBF1605D1A-LeaderElection24] INFO  grpc.GrpcConfigKeys (ConfUtils.java:logGet(46)) - raft.grpc.server.leader.outstanding.appends.max = 128 (default)
2023-05-08 09:35:25,593 [9cd45e4a-89d7-4ae2-9e76-72416fd6b668@group-1ABBF1605D1A-LeaderElection24] INFO  server.RaftServerConfigKeys (ConfUtils.java:logGet(46)) - raft.server.rpc.request.timeout = 60s (custom)
2023-05-08 09:35:25,593 [9cd45e4a-89d7-4ae2-9e76-72416fd6b668@group-1ABBF1605D1A-LeaderElection24] INFO  server.RaftServerConfigKeys (ConfUtils.java:logGet(46)) - raft.server.log.appender.install.snapshot.enabled = false (custom)
2023-05-08 09:35:25,593 [9cd45e4a-89d7-4ae2-9e76-72416fd6b668@group-1ABBF1605D1A-LeaderElection24] INFO  grpc.GrpcConfigKeys (ConfUtils.java:logGet(46)) - raft.grpc.server.heartbeat.channel = true (default)
2023-05-08 09:35:25,593 [9cd45e4a-89d7-4ae2-9e76-72416fd6b668@group-1ABBF1605D1A-LeaderElection24] INFO  server.RaftServerConfigKeys (ConfUtils.java:logGet(46)) - raft.server.log.appender.wait-time.min = 10ms (default)
2023-05-08 09:35:25,593 [9cd45e4a-89d7-4ae2-9e76-72416fd6b668@group-1ABBF1605D1A-LeaderElection24] INFO  server.RaftServerConfigKeys (ConfUtils.java:logGet(46)) - raft.server.log.appender.snapshot.chunk.size.max = 16MB (=16777216) (default)
2023-05-08 09:35:25,593 [9cd45e4a-89d7-4ae2-9e76-72416fd6b668@group-1ABBF1605D1A-LeaderElection24] INFO  server.RaftServerConfigKeys (ConfUtils.java:logGet(46)) - raft.server.log.appender.buffer.byte-limit = 33554432 (custom)
2023-05-08 09:35:25,593 [9cd45e4a-89d7-4ae2-9e76-72416fd6b668@group-1ABBF1605D1A-LeaderElection24] INFO  server.RaftServerConfigKeys (ConfUtils.java:logGet(46)) - raft.server.log.appender.buffer.element-limit = 1 (custom)
2023-05-08 09:35:25,593 [9cd45e4a-89d7-4ae2-9e76-72416fd6b668@group-1ABBF1605D1A-LeaderElection24] INFO  grpc.GrpcConfigKeys (ConfUtils.java:logGet(46)) - raft.grpc.server.leader.outstanding.appends.max = 128 (default)
2023-05-08 09:35:25,593 [9cd45e4a-89d7-4ae2-9e76-72416fd6b668@group-1ABBF1605D1A-LeaderElection24] INFO  server.RaftServerConfigKeys (ConfUtils.java:logGet(46)) - raft.server.rpc.request.timeout = 60s (custom)
2023-05-08 09:35:25,593 [9cd45e4a-89d7-4ae2-9e76-72416fd6b668@group-1ABBF1605D1A-LeaderElection24] INFO  server.RaftServerConfigKeys (ConfUtils.java:logGet(46)) - raft.server.log.appender.install.snapshot.enabled = false (custom)
2023-05-08 09:35:25,593 [9cd45e4a-89d7-4ae2-9e76-72416fd6b668@group-1ABBF1605D1A-LeaderElection24] INFO  grpc.GrpcConfigKeys (ConfUtils.java:logGet(46)) - raft.grpc.server.heartbeat.channel = true (default)
2023-05-08 09:35:25,593 [9cd45e4a-89d7-4ae2-9e76-72416fd6b668@group-1ABBF1605D1A-LeaderElection24] INFO  server.RaftServerConfigKeys (ConfUtils.java:logGet(46)) - raft.server.log.appender.wait-time.min = 10ms (default)
2023-05-08 09:35:25,594 [9cd45e4a-89d7-4ae2-9e76-72416fd6b668@group-1ABBF1605D1A-LeaderElection24] INFO  impl.RoleInfo (RoleInfo.java:updateAndGet(139)) - 9cd45e4a-89d7-4ae2-9e76-72416fd6b668: start 9cd45e4a-89d7-4ae2-9e76-72416fd6b668@group-1ABBF1605D1A-LeaderStateImpl
2023-05-08 09:35:25,594 [9cd45e4a-89d7-4ae2-9e76-72416fd6b668@group-1ABBF1605D1A-LeaderElection24] INFO  segmented.SegmentedRaftLogWorker (SegmentedRaftLogWorker.java:startLogSegment(452)) - 9cd45e4a-89d7-4ae2-9e76-72416fd6b668@group-1ABBF1605D1A-SegmentedRaftLogWorker: Starting segment from index:0
2023-05-08 09:35:25,595 [9cd45e4a-89d7-4ae2-9e76-72416fd6b668@group-1ABBF1605D1A-SegmentedRaftLogWorker] INFO  segmented.SegmentedRaftLogWorker (SegmentedRaftLogWorker.java:execute(656)) - 9cd45e4a-89d7-4ae2-9e76-72416fd6b668@group-1ABBF1605D1A-SegmentedRaftLogWorker: created new log segment /home/runner/work/ozone/ozone/hadoop-ozone/integration-test/target/test-dir/MiniOzoneClusterImpl-e3f0e696-295c-4d93-87a4-d859f2bb0e1a/datanode-2/data/ratis/a2a203c4-bd7b-4da4-a148-1abbf1605d1a/current/log_inprogress_0
2023-05-08 09:35:25,605 [9cd45e4a-89d7-4ae2-9e76-72416fd6b668@group-1ABBF1605D1A-LeaderElection24] INFO  server.RaftServer$Division (ServerState.java:setRaftConf(430)) - 9cd45e4a-89d7-4ae2-9e76-72416fd6b668@group-1ABBF1605D1A: set configuration 0: peers:[55e20b8b-283c-4747-9932-f8afe0177efb|rpc:10.1.0.160:36567|dataStream:10.1.0.160:36329|priority:0|startupRole:FOLLOWER, 17dccb1e-3aac-4103-8ad9-4d3b247cd28f|rpc:10.1.0.160:44231|dataStream:10.1.0.160:37067|priority:0|startupRole:FOLLOWER, 9cd45e4a-89d7-4ae2-9e76-72416fd6b668|rpc:10.1.0.160:40973|dataStream:10.1.0.160:33571|priority:1|startupRole:FOLLOWER]|listeners:[], old=null
2023-05-08 09:35:25,606 [55e20b8b-283c-4747-9932-f8afe0177efb-server-thread1] INFO  ratis.XceiverServerRatis (XceiverServerRatis.java:handleLeaderChangedNotification(904)) - Leader change notification received for group: group-1ABBF1605D1A with new leaderId: 9cd45e4a-89d7-4ae2-9e76-72416fd6b668
2023-05-08 09:35:25,606 [55e20b8b-283c-4747-9932-f8afe0177efb-server-thread1] INFO  server.RaftServer$Division (ServerState.java:setLeader(313)) - 55e20b8b-283c-4747-9932-f8afe0177efb@group-1ABBF1605D1A: change Leader from null to 9cd45e4a-89d7-4ae2-9e76-72416fd6b668 at term 1 for appendEntries, leader elected after 5255ms
2023-05-08 09:35:25,607 [EventQueue-PipelineReportForPipelineReportHandler] INFO  pipeline.PipelineManagerImpl (PipelineManagerImpl.java:openPipeline(367)) - Pipeline Pipeline[ Id: a2a203c4-bd7b-4da4-a148-1abbf1605d1a, Nodes: 9cd45e4a-89d7-4ae2-9e76-72416fd6b668(fv-az96-539/10.1.0.160)17dccb1e-3aac-4103-8ad9-4d3b247cd28f(fv-az96-539/10.1.0.160)55e20b8b-283c-4747-9932-f8afe0177efb(fv-az96-539/10.1.0.160), ReplicationConfig: RATIS/THREE, State:ALLOCATED, leaderId:9cd45e4a-89d7-4ae2-9e76-72416fd6b668, CreationTimestamp2023-05-08T09:35:18.108Z[Etc/UTC]] moved to OPEN state
2023-05-08 09:35:25,608 [EventQueue-OpenPipelineForHealthyPipelineSafeModeRule] INFO  safemode.SCMSafeModeManager (HealthyPipelineSafeModeRule.java:process(137)) - SCM in safe mode. Healthy pipelines reported count is 1, required healthy pipeline reported count is 1
2023-05-08 09:35:25,609 [EventQueue-OpenPipelineForHealthyPipelineSafeModeRule] INFO  safemode.SCMSafeModeManager (SCMSafeModeManager.java:validateSafeModeExitRules(200)) - HealthyPipelineSafeModeRule rule is successfully validated
2023-05-08 09:35:25,609 [EventQueue-OpenPipelineForHealthyPipelineSafeModeRule] INFO  safemode.SCMSafeModeManager (SCMSafeModeManager.java:validateSafeModeExitRules(215)) - ScmSafeModeManager, all rules are successfully validated
2023-05-08 09:35:25,609 [EventQueue-OpenPipelineForHealthyPipelineSafeModeRule] INFO  safemode.SCMSafeModeManager (SCMSafeModeManager.java:exitSafeMode(244)) - SCM exiting safe mode.
2023-05-08 09:35:25,609 [EventQueue-OpenPipelineForHealthyPipelineSafeModeRule] INFO  ha.SCMContext (SCMContext.java:updateSafeModeStatus(228)) - Update SafeModeStatus from SafeModeStatus{safeModeStatus=true, preCheckPassed=true} to SafeModeStatus{safeModeStatus=false, preCheckPassed=true}.
2023-05-08 09:35:25,609 [EventQueue-OpenPipelineForHealthyPipelineSafeModeRule] INFO  pipeline.BackgroundPipelineCreator (BackgroundPipelineCreator.java:notifyStatusChanged(254)) - Service BackgroundPipelineCreator transitions to RUNNING.
2023-05-08 09:35:25,609 [EventQueue-OpenPipelineForHealthyPipelineSafeModeRule] INFO  BackgroundPipelineScrubber (BackgroundSCMService.java:notifyStatusChanged(82)) - Service BackgroundPipelineScrubber transitions to RUNNING.
2023-05-08 09:35:25,609 [EventQueue-OpenPipelineForHealthyPipelineSafeModeRule] INFO  ExpiredContainerReplicaOpScrubber (BackgroundSCMService.java:notifyStatusChanged(82)) - Service ExpiredContainerReplicaOpScrubber transitions to RUNNING.
2023-05-08 09:35:25,609 [EventQueue-OpenPipelineForHealthyPipelineSafeModeRule] INFO  replication.ReplicationManager (ReplicationManager.java:notifyStatusChanged(1370)) - Service ReplicationManager transitions to RUNNING.
2023-05-08 09:35:25,609 [EventQueue-OpenPipelineForHealthyPipelineSafeModeRule] WARN  balancer.ContainerBalancer (ContainerBalancer.java:shouldRun(132)) - Could not find persisted configuration for ContainerBalancer when checking if ContainerBalancer should run. ContainerBalancer should not run now.
2023-05-08 09:35:25,622 [9cd45e4a-89d7-4ae2-9e76-72416fd6b668@group-0CC5089ECD43-FollowerState] INFO  impl.FollowerState (FollowerState.java:run(143)) - 9cd45e4a-89d7-4ae2-9e76-72416fd6b668@group-0CC5089ECD43-FollowerState: change to CANDIDATE, lastRpcElapsedTime:5055280571ns, electionTimeout:5054ms
2023-05-08 09:35:25,622 [9cd45e4a-89d7-4ae2-9e76-72416fd6b668@group-0CC5089ECD43-FollowerState] INFO  impl.RoleInfo (RoleInfo.java:shutdownFollowerState(110)) - 9cd45e4a-89d7-4ae2-9e76-72416fd6b668: shutdown 9cd45e4a-89d7-4ae2-9e76-72416fd6b668@group-0CC5089ECD43-FollowerState
2023-05-08 09:35:25,623 [9cd45e4a-89d7-4ae2-9e76-72416fd6b668@group-0CC5089ECD43-FollowerState] INFO  server.RaftServer$Division (RaftServerImpl.java:setRole(321)) - 9cd45e4a-89d7-4ae2-9e76-72416fd6b668@group-0CC5089ECD43: changes role from  FOLLOWER to CANDIDATE at term 0 for changeToCandidate
2023-05-08 09:35:25,625 [55e20b8b-283c-4747-9932-f8afe0177efb-server-thread2] INFO  server.RaftServer$Division (ServerState.java:setRaftConf(430)) - 55e20b8b-283c-4747-9932-f8afe0177efb@group-1ABBF1605D1A: set configuration 0: peers:[55e20b8b-283c-4747-9932-f8afe0177efb|rpc:10.1.0.160:36567|dataStream:10.1.0.160:36329|priority:0|startupRole:FOLLOWER, 17dccb1e-3aac-4103-8ad9-4d3b247cd28f|rpc:10.1.0.160:44231|dataStream:10.1.0.160:37067|priority:0|startupRole:FOLLOWER, 9cd45e4a-89d7-4ae2-9e76-72416fd6b668|rpc:10.1.0.160:40973|dataStream:10.1.0.160:33571|priority:1|startupRole:FOLLOWER]|listeners:[], old=null
2023-05-08 09:35:25,625 [55e20b8b-283c-4747-9932-f8afe0177efb-server-thread2] INFO  segmented.SegmentedRaftLogWorker (SegmentedRaftLogWorker.java:startLogSegment(452)) - 55e20b8b-283c-4747-9932-f8afe0177efb@group-1ABBF1605D1A-SegmentedRaftLogWorker: Starting segment from index:0
2023-05-08 09:35:25,626 [9cd45e4a-89d7-4ae2-9e76-72416fd6b668@group-0CC5089ECD43-FollowerState] INFO  server.RaftServerConfigKeys (ConfUtils.java:logGet(46)) - raft.server.leaderelection.pre-vote = true (default)
2023-05-08 09:35:25,626 [9cd45e4a-89d7-4ae2-9e76-72416fd6b668@group-0CC5089ECD43-FollowerState] INFO  impl.RoleInfo (RoleInfo.java:updateAndGet(139)) - 9cd45e4a-89d7-4ae2-9e76-72416fd6b668: start 9cd45e4a-89d7-4ae2-9e76-72416fd6b668@group-0CC5089ECD43-LeaderElection25
2023-05-08 09:35:25,627 [55e20b8b-283c-4747-9932-f8afe0177efb@group-1ABBF1605D1A-SegmentedRaftLogWorker] INFO  segmented.SegmentedRaftLogWorker (SegmentedRaftLogWorker.java:execute(656)) - 55e20b8b-283c-4747-9932-f8afe0177efb@group-1ABBF1605D1A-SegmentedRaftLogWorker: created new log segment /home/runner/work/ozone/ozone/hadoop-ozone/integration-test/target/test-dir/MiniOzoneClusterImpl-e3f0e696-295c-4d93-87a4-d859f2bb0e1a/datanode-0/data/ratis/a2a203c4-bd7b-4da4-a148-1abbf1605d1a/current/log_inprogress_0
2023-05-08 09:35:25,637 [17dccb1e-3aac-4103-8ad9-4d3b247cd28f-server-thread1] INFO  ratis.XceiverServerRatis (XceiverServerRatis.java:handleLeaderChangedNotification(904)) - Leader change notification received for group: group-1ABBF1605D1A with new leaderId: 9cd45e4a-89d7-4ae2-9e76-72416fd6b668
2023-05-08 09:35:25,637 [17dccb1e-3aac-4103-8ad9-4d3b247cd28f-server-thread1] INFO  server.RaftServer$Division (ServerState.java:setLeader(313)) - 17dccb1e-3aac-4103-8ad9-4d3b247cd28f@group-1ABBF1605D1A: change Leader from null to 9cd45e4a-89d7-4ae2-9e76-72416fd6b668 at term 1 for appendEntries, leader elected after 5191ms
2023-05-08 09:35:25,641 [9cd45e4a-89d7-4ae2-9e76-72416fd6b668@group-0CC5089ECD43-LeaderElection25] INFO  impl.LeaderElection (LeaderElection.java:askForVotes(312)) - 9cd45e4a-89d7-4ae2-9e76-72416fd6b668@group-0CC5089ECD43-LeaderElection25 PRE_VOTE round 0: submit vote requests at term 0 for -1: peers:[55e20b8b-283c-4747-9932-f8afe0177efb|rpc:10.1.0.160:36567|dataStream:10.1.0.160:36329|priority:1|startupRole:FOLLOWER, 17dccb1e-3aac-4103-8ad9-4d3b247cd28f|rpc:10.1.0.160:44231|dataStream:10.1.0.160:37067|priority:0|startupRole:FOLLOWER, 9cd45e4a-89d7-4ae2-9e76-72416fd6b668|rpc:10.1.0.160:40973|dataStream:10.1.0.160:33571|priority:0|startupRole:FOLLOWER]|listeners:[], old=null
2023-05-08 09:35:25,641 [9cd45e4a-89d7-4ae2-9e76-72416fd6b668@group-0CC5089ECD43-LeaderElection25] INFO  server.RaftServerConfigKeys (ConfUtils.java:logFallback(53)) - raft.server.rpc.first-election.timeout.min = 5s (fallback to raft.server.rpc.timeout.min)
2023-05-08 09:35:25,641 [9cd45e4a-89d7-4ae2-9e76-72416fd6b668@group-0CC5089ECD43-LeaderElection25] INFO  server.RaftServerConfigKeys (ConfUtils.java:logFallback(53)) - raft.server.rpc.first-election.timeout.max = 5200ms (fallback to raft.server.rpc.timeout.max)
2023-05-08 09:35:25,648 [17dccb1e-3aac-4103-8ad9-4d3b247cd28f-server-thread2] INFO  server.RaftServer$Division (ServerState.java:setRaftConf(430)) - 17dccb1e-3aac-4103-8ad9-4d3b247cd28f@group-1ABBF1605D1A: set configuration 0: peers:[55e20b8b-283c-4747-9932-f8afe0177efb|rpc:10.1.0.160:36567|dataStream:10.1.0.160:36329|priority:0|startupRole:FOLLOWER, 17dccb1e-3aac-4103-8ad9-4d3b247cd28f|rpc:10.1.0.160:44231|dataStream:10.1.0.160:37067|priority:0|startupRole:FOLLOWER, 9cd45e4a-89d7-4ae2-9e76-72416fd6b668|rpc:10.1.0.160:40973|dataStream:10.1.0.160:33571|priority:1|startupRole:FOLLOWER]|listeners:[], old=null
2023-05-08 09:35:25,648 [17dccb1e-3aac-4103-8ad9-4d3b247cd28f-server-thread2] INFO  segmented.SegmentedRaftLogWorker (SegmentedRaftLogWorker.java:startLogSegment(452)) - 17dccb1e-3aac-4103-8ad9-4d3b247cd28f@group-1ABBF1605D1A-SegmentedRaftLogWorker: Starting segment from index:0
2023-05-08 09:35:25,650 [grpc-default-executor-5] INFO  server.RaftServer$Division (RaftServerImpl.java:requestVote(1218)) - 55e20b8b-283c-4747-9932-f8afe0177efb@group-0CC5089ECD43: receive requestVote(PRE_VOTE, 9cd45e4a-89d7-4ae2-9e76-72416fd6b668, group-0CC5089ECD43, 0, (t:0, i:0))
2023-05-08 09:35:25,650 [grpc-default-executor-5] INFO  impl.VoteContext (VoteContext.java:log(49)) - 55e20b8b-283c-4747-9932-f8afe0177efb@group-0CC5089ECD43-FOLLOWER: reject PRE_VOTE from 9cd45e4a-89d7-4ae2-9e76-72416fd6b668: our priority 1 > candidate's priority 0
2023-05-08 09:35:25,650 [17dccb1e-3aac-4103-8ad9-4d3b247cd28f@group-1ABBF1605D1A-SegmentedRaftLogWorker] INFO  segmented.SegmentedRaftLogWorker (SegmentedRaftLogWorker.java:execute(656)) - 17dccb1e-3aac-4103-8ad9-4d3b247cd28f@group-1ABBF1605D1A-SegmentedRaftLogWorker: created new log segment /home/runner/work/ozone/ozone/hadoop-ozone/integration-test/target/test-dir/MiniOzoneClusterImpl-e3f0e696-295c-4d93-87a4-d859f2bb0e1a/datanode-1/data/ratis/a2a203c4-bd7b-4da4-a148-1abbf1605d1a/current/log_inprogress_0
2023-05-08 09:35:25,650 [grpc-default-executor-5] INFO  server.RaftServer$Division (RaftServerImpl.java:requestVote(1251)) - 55e20b8b-283c-4747-9932-f8afe0177efb@group-0CC5089ECD43 replies to PRE_VOTE vote request: 9cd45e4a-89d7-4ae2-9e76-72416fd6b668<-55e20b8b-283c-4747-9932-f8afe0177efb#0:FAIL-t0. Peer's state: 55e20b8b-283c-4747-9932-f8afe0177efb@group-0CC5089ECD43:t0, leader=null, voted=, raftlog=Memoized:55e20b8b-283c-4747-9932-f8afe0177efb@group-0CC5089ECD43-SegmentedRaftLog:OPENED:c-1, conf=-1: peers:[55e20b8b-283c-4747-9932-f8afe0177efb|rpc:10.1.0.160:36567|dataStream:10.1.0.160:36329|priority:1|startupRole:FOLLOWER, 17dccb1e-3aac-4103-8ad9-4d3b247cd28f|rpc:10.1.0.160:44231|dataStream:10.1.0.160:37067|priority:0|startupRole:FOLLOWER, 9cd45e4a-89d7-4ae2-9e76-72416fd6b668|rpc:10.1.0.160:40973|dataStream:10.1.0.160:33571|priority:0|startupRole:FOLLOWER]|listeners:[], old=null
2023-05-08 09:35:25,654 [9cd45e4a-89d7-4ae2-9e76-72416fd6b668@group-0CC5089ECD43-LeaderElection25] INFO  impl.LeaderElection (LeaderElection.java:logAndReturn(90)) - 9cd45e4a-89d7-4ae2-9e76-72416fd6b668@group-0CC5089ECD43-LeaderElection25: PRE_VOTE REJECTED received 1 response(s) and 0 exception(s):
2023-05-08 09:35:25,654 [9cd45e4a-89d7-4ae2-9e76-72416fd6b668@group-0CC5089ECD43-LeaderElection25] INFO  impl.LeaderElection (LeaderElection.java:logAndReturn(94)) -   Response 0: 9cd45e4a-89d7-4ae2-9e76-72416fd6b668<-55e20b8b-283c-4747-9932-f8afe0177efb#0:FAIL-t0
2023-05-08 09:35:25,654 [9cd45e4a-89d7-4ae2-9e76-72416fd6b668@group-0CC5089ECD43-LeaderElection25] INFO  impl.LeaderElection (LeaderElection.java:askForVotes(314)) - 9cd45e4a-89d7-4ae2-9e76-72416fd6b668@group-0CC5089ECD43-LeaderElection25 PRE_VOTE round 0: result REJECTED
2023-05-08 09:35:25,654 [9cd45e4a-89d7-4ae2-9e76-72416fd6b668@group-0CC5089ECD43-LeaderElection25] INFO  server.RaftServer$Division (RaftServerImpl.java:setRole(321)) - 9cd45e4a-89d7-4ae2-9e76-72416fd6b668@group-0CC5089ECD43: changes role from CANDIDATE to FOLLOWER at term 0 for REJECTED
2023-05-08 09:35:25,654 [9cd45e4a-89d7-4ae2-9e76-72416fd6b668@group-0CC5089ECD43-LeaderElection25] INFO  impl.RoleInfo (RoleInfo.java:shutdownLeaderElection(130)) - 9cd45e4a-89d7-4ae2-9e76-72416fd6b668: shutdown 9cd45e4a-89d7-4ae2-9e76-72416fd6b668@group-0CC5089ECD43-LeaderElection25
2023-05-08 09:35:25,655 [9cd45e4a-89d7-4ae2-9e76-72416fd6b668@group-0CC5089ECD43-LeaderElection25] INFO  impl.RoleInfo (RoleInfo.java:updateAndGet(139)) - 9cd45e4a-89d7-4ae2-9e76-72416fd6b668: start 9cd45e4a-89d7-4ae2-9e76-72416fd6b668@group-0CC5089ECD43-FollowerState
2023-05-08 09:35:25,660 [9cd45e4a-89d7-4ae2-9e76-72416fd6b668@group-0CC5089ECD43-FollowerState] INFO  server.RaftServerConfigKeys (ConfUtils.java:logFallback(53)) - raft.server.rpc.first-election.timeout.min = 5s (fallback to raft.server.rpc.timeout.min)
2023-05-08 09:35:25,660 [9cd45e4a-89d7-4ae2-9e76-72416fd6b668@group-0CC5089ECD43-FollowerState] INFO  server.RaftServerConfigKeys (ConfUtils.java:logFallback(53)) - raft.server.rpc.first-election.timeout.max = 5200ms (fallback to raft.server.rpc.timeout.max)
2023-05-08 09:35:25,663 [55e20b8b-283c-4747-9932-f8afe0177efb@group-0CC5089ECD43-FollowerState] INFO  impl.FollowerState (FollowerState.java:run(143)) - 55e20b8b-283c-4747-9932-f8afe0177efb@group-0CC5089ECD43-FollowerState: change to CANDIDATE, lastRpcElapsedTime:5171883182ns, electionTimeout:5170ms
2023-05-08 09:35:25,663 [55e20b8b-283c-4747-9932-f8afe0177efb@group-0CC5089ECD43-FollowerState] INFO  impl.RoleInfo (RoleInfo.java:shutdownFollowerState(110)) - 55e20b8b-283c-4747-9932-f8afe0177efb: shutdown 55e20b8b-283c-4747-9932-f8afe0177efb@group-0CC5089ECD43-FollowerState
2023-05-08 09:35:25,664 [55e20b8b-283c-4747-9932-f8afe0177efb@group-0CC5089ECD43-FollowerState] INFO  server.RaftServer$Division (RaftServerImpl.java:setRole(321)) - 55e20b8b-283c-4747-9932-f8afe0177efb@group-0CC5089ECD43: changes role from  FOLLOWER to CANDIDATE at term 0 for changeToCandidate
2023-05-08 09:35:25,664 [55e20b8b-283c-4747-9932-f8afe0177efb@group-0CC5089ECD43-FollowerState] INFO  server.RaftServerConfigKeys (ConfUtils.java:logGet(46)) - raft.server.leaderelection.pre-vote = true (default)
2023-05-08 09:35:25,664 [55e20b8b-283c-4747-9932-f8afe0177efb@group-0CC5089ECD43-FollowerState] INFO  impl.RoleInfo (RoleInfo.java:updateAndGet(139)) - 55e20b8b-283c-4747-9932-f8afe0177efb: start 55e20b8b-283c-4747-9932-f8afe0177efb@group-0CC5089ECD43-LeaderElection26
2023-05-08 09:35:25,668 [grpc-default-executor-5] INFO  server.RaftServer$Division (RaftServerImpl.java:requestVote(1218)) - 17dccb1e-3aac-4103-8ad9-4d3b247cd28f@group-0CC5089ECD43: receive requestVote(PRE_VOTE, 9cd45e4a-89d7-4ae2-9e76-72416fd6b668, group-0CC5089ECD43, 0, (t:0, i:0))
2023-05-08 09:35:25,668 [grpc-default-executor-5] INFO  impl.VoteContext (VoteContext.java:log(49)) - 17dccb1e-3aac-4103-8ad9-4d3b247cd28f@group-0CC5089ECD43-FOLLOWER: accept PRE_VOTE from 9cd45e4a-89d7-4ae2-9e76-72416fd6b668: our priority 0 <= candidate's priority 0
2023-05-08 09:35:25,668 [grpc-default-executor-5] INFO  server.RaftServer$Division (RaftServerImpl.java:requestVote(1251)) - 17dccb1e-3aac-4103-8ad9-4d3b247cd28f@group-0CC5089ECD43 replies to PRE_VOTE vote request: 9cd45e4a-89d7-4ae2-9e76-72416fd6b668<-17dccb1e-3aac-4103-8ad9-4d3b247cd28f#0:OK-t0. Peer's state: 17dccb1e-3aac-4103-8ad9-4d3b247cd28f@group-0CC5089ECD43:t0, leader=null, voted=, raftlog=Memoized:17dccb1e-3aac-4103-8ad9-4d3b247cd28f@group-0CC5089ECD43-SegmentedRaftLog:OPENED:c-1, conf=-1: peers:[55e20b8b-283c-4747-9932-f8afe0177efb|rpc:10.1.0.160:36567|dataStream:10.1.0.160:36329|priority:1|startupRole:FOLLOWER, 17dccb1e-3aac-4103-8ad9-4d3b247cd28f|rpc:10.1.0.160:44231|dataStream:10.1.0.160:37067|priority:0|startupRole:FOLLOWER, 9cd45e4a-89d7-4ae2-9e76-72416fd6b668|rpc:10.1.0.160:40973|dataStream:10.1.0.160:33571|priority:0|startupRole:FOLLOWER]|listeners:[], old=null
2023-05-08 09:35:25,672 [55e20b8b-283c-4747-9932-f8afe0177efb@group-0CC5089ECD43-LeaderElection26] INFO  impl.LeaderElection (LeaderElection.java:askForVotes(312)) - 55e20b8b-283c-4747-9932-f8afe0177efb@group-0CC5089ECD43-LeaderElection26 PRE_VOTE round 0: submit vote requests at term 0 for -1: peers:[55e20b8b-283c-4747-9932-f8afe0177efb|rpc:10.1.0.160:36567|dataStream:10.1.0.160:36329|priority:1|startupRole:FOLLOWER, 17dccb1e-3aac-4103-8ad9-4d3b247cd28f|rpc:10.1.0.160:44231|dataStream:10.1.0.160:37067|priority:0|startupRole:FOLLOWER, 9cd45e4a-89d7-4ae2-9e76-72416fd6b668|rpc:10.1.0.160:40973|dataStream:10.1.0.160:33571|priority:0|startupRole:FOLLOWER]|listeners:[], old=null
2023-05-08 09:35:25,677 [17dccb1e-3aac-4103-8ad9-4d3b247cd28f@group-0CC5089ECD43-FollowerState] INFO  server.RaftServerConfigKeys (ConfUtils.java:logFallback(53)) - raft.server.rpc.first-election.timeout.min = 5s (fallback to raft.server.rpc.timeout.min)
2023-05-08 09:35:25,677 [55e20b8b-283c-4747-9932-f8afe0177efb@group-0CC5089ECD43-LeaderElection26] INFO  server.RaftServerConfigKeys (ConfUtils.java:logFallback(53)) - raft.server.rpc.first-election.timeout.min = 5s (fallback to raft.server.rpc.timeout.min)
2023-05-08 09:35:25,677 [55e20b8b-283c-4747-9932-f8afe0177efb@group-0CC5089ECD43-LeaderElection26] INFO  server.RaftServerConfigKeys (ConfUtils.java:logFallback(53)) - raft.server.rpc.first-election.timeout.max = 5200ms (fallback to raft.server.rpc.timeout.max)
2023-05-08 09:35:25,677 [17dccb1e-3aac-4103-8ad9-4d3b247cd28f@group-0CC5089ECD43-FollowerState] INFO  server.RaftServerConfigKeys (ConfUtils.java:logFallback(53)) - raft.server.rpc.first-election.timeout.max = 5200ms (fallback to raft.server.rpc.timeout.max)
2023-05-08 09:35:25,680 [grpc-default-executor-5] INFO  server.RaftServer$Division (RaftServerImpl.java:requestVote(1218)) - 17dccb1e-3aac-4103-8ad9-4d3b247cd28f@group-0CC5089ECD43: receive requestVote(PRE_VOTE, 55e20b8b-283c-4747-9932-f8afe0177efb, group-0CC5089ECD43, 0, (t:0, i:0))
2023-05-08 09:35:25,680 [grpc-default-executor-5] INFO  impl.VoteContext (VoteContext.java:log(49)) - 17dccb1e-3aac-4103-8ad9-4d3b247cd28f@group-0CC5089ECD43-FOLLOWER: accept PRE_VOTE from 55e20b8b-283c-4747-9932-f8afe0177efb: our priority 0 <= candidate's priority 1
2023-05-08 09:35:25,680 [grpc-default-executor-5] INFO  server.RaftServer$Division (RaftServerImpl.java:requestVote(1251)) - 17dccb1e-3aac-4103-8ad9-4d3b247cd28f@group-0CC5089ECD43 replies to PRE_VOTE vote request: 55e20b8b-283c-4747-9932-f8afe0177efb<-17dccb1e-3aac-4103-8ad9-4d3b247cd28f#0:OK-t0. Peer's state: 17dccb1e-3aac-4103-8ad9-4d3b247cd28f@group-0CC5089ECD43:t0, leader=null, voted=, raftlog=Memoized:17dccb1e-3aac-4103-8ad9-4d3b247cd28f@group-0CC5089ECD43-SegmentedRaftLog:OPENED:c-1, conf=-1: peers:[55e20b8b-283c-4747-9932-f8afe0177efb|rpc:10.1.0.160:36567|dataStream:10.1.0.160:36329|priority:1|startupRole:FOLLOWER, 17dccb1e-3aac-4103-8ad9-4d3b247cd28f|rpc:10.1.0.160:44231|dataStream:10.1.0.160:37067|priority:0|startupRole:FOLLOWER, 9cd45e4a-89d7-4ae2-9e76-72416fd6b668|rpc:10.1.0.160:40973|dataStream:10.1.0.160:33571|priority:0|startupRole:FOLLOWER]|listeners:[], old=null
2023-05-08 09:35:25,682 [55e20b8b-283c-4747-9932-f8afe0177efb@group-0CC5089ECD43-LeaderElection26] INFO  impl.LeaderElection (LeaderElection.java:logAndReturn(90)) - 55e20b8b-283c-4747-9932-f8afe0177efb@group-0CC5089ECD43-LeaderElection26: PRE_VOTE PASSED received 1 response(s) and 0 exception(s):
2023-05-08 09:35:25,682 [55e20b8b-283c-4747-9932-f8afe0177efb@group-0CC5089ECD43-LeaderElection26] INFO  impl.LeaderElection (LeaderElection.java:logAndReturn(94)) -   Response 0: 55e20b8b-283c-4747-9932-f8afe0177efb<-17dccb1e-3aac-4103-8ad9-4d3b247cd28f#0:OK-t0
2023-05-08 09:35:25,682 [55e20b8b-283c-4747-9932-f8afe0177efb@group-0CC5089ECD43-LeaderElection26] INFO  impl.LeaderElection (LeaderElection.java:askForVotes(314)) - 55e20b8b-283c-4747-9932-f8afe0177efb@group-0CC5089ECD43-LeaderElection26 PRE_VOTE round 0: result PASSED
2023-05-08 09:35:25,684 [55e20b8b-283c-4747-9932-f8afe0177efb@group-0CC5089ECD43-LeaderElection26] INFO  impl.LeaderElection (LeaderElection.java:askForVotes(312)) - 55e20b8b-283c-4747-9932-f8afe0177efb@group-0CC5089ECD43-LeaderElection26 ELECTION round 0: submit vote requests at term 1 for -1: peers:[55e20b8b-283c-4747-9932-f8afe0177efb|rpc:10.1.0.160:36567|dataStream:10.1.0.160:36329|priority:1|startupRole:FOLLOWER, 17dccb1e-3aac-4103-8ad9-4d3b247cd28f|rpc:10.1.0.160:44231|dataStream:10.1.0.160:37067|priority:0|startupRole:FOLLOWER, 9cd45e4a-89d7-4ae2-9e76-72416fd6b668|rpc:10.1.0.160:40973|dataStream:10.1.0.160:33571|priority:0|startupRole:FOLLOWER]|listeners:[], old=null
2023-05-08 09:35:25,695 [grpc-default-executor-5] INFO  server.RaftServer$Division (RaftServerImpl.java:requestVote(1218)) - 9cd45e4a-89d7-4ae2-9e76-72416fd6b668@group-0CC5089ECD43: receive requestVote(PRE_VOTE, 55e20b8b-283c-4747-9932-f8afe0177efb, group-0CC5089ECD43, 0, (t:0, i:0))
2023-05-08 09:35:25,696 [grpc-default-executor-5] INFO  impl.VoteContext (VoteContext.java:log(49)) - 9cd45e4a-89d7-4ae2-9e76-72416fd6b668@group-0CC5089ECD43-FOLLOWER: accept PRE_VOTE from 55e20b8b-283c-4747-9932-f8afe0177efb: our priority 0 <= candidate's priority 1
2023-05-08 09:35:25,696 [grpc-default-executor-5] INFO  server.RaftServer$Division (RaftServerImpl.java:requestVote(1251)) - 9cd45e4a-89d7-4ae2-9e76-72416fd6b668@group-0CC5089ECD43 replies to PRE_VOTE vote request: 55e20b8b-283c-4747-9932-f8afe0177efb<-9cd45e4a-89d7-4ae2-9e76-72416fd6b668#0:OK-t0. Peer's state: 9cd45e4a-89d7-4ae2-9e76-72416fd6b668@group-0CC5089ECD43:t0, leader=null, voted=, raftlog=Memoized:9cd45e4a-89d7-4ae2-9e76-72416fd6b668@group-0CC5089ECD43-SegmentedRaftLog:OPENED:c-1, conf=-1: peers:[55e20b8b-283c-4747-9932-f8afe0177efb|rpc:10.1.0.160:36567|dataStream:10.1.0.160:36329|priority:1|startupRole:FOLLOWER, 17dccb1e-3aac-4103-8ad9-4d3b247cd28f|rpc:10.1.0.160:44231|dataStream:10.1.0.160:37067|priority:0|startupRole:FOLLOWER, 9cd45e4a-89d7-4ae2-9e76-72416fd6b668|rpc:10.1.0.160:40973|dataStream:10.1.0.160:33571|priority:0|startupRole:FOLLOWER]|listeners:[], old=null
2023-05-08 09:35:25,696 [55e20b8b-283c-4747-9932-f8afe0177efb@group-0CC5089ECD43-LeaderElection26] INFO  server.RaftServerConfigKeys (ConfUtils.java:logFallback(53)) - raft.server.rpc.first-election.timeout.min = 5s (fallback to raft.server.rpc.timeout.min)
2023-05-08 09:35:25,696 [55e20b8b-283c-4747-9932-f8afe0177efb@group-0CC5089ECD43-LeaderElection26] INFO  server.RaftServerConfigKeys (ConfUtils.java:logFallback(53)) - raft.server.rpc.first-election.timeout.max = 5200ms (fallback to raft.server.rpc.timeout.max)
2023-05-08 09:35:25,705 [grpc-default-executor-5] INFO  server.RaftServer$Division (RaftServerImpl.java:requestVote(1218)) - 17dccb1e-3aac-4103-8ad9-4d3b247cd28f@group-0CC5089ECD43: receive requestVote(ELECTION, 55e20b8b-283c-4747-9932-f8afe0177efb, group-0CC5089ECD43, 1, (t:0, i:0))
2023-05-08 09:35:25,705 [grpc-default-executor-5] INFO  impl.VoteContext (VoteContext.java:log(49)) - 17dccb1e-3aac-4103-8ad9-4d3b247cd28f@group-0CC5089ECD43-FOLLOWER: accept ELECTION from 55e20b8b-283c-4747-9932-f8afe0177efb: our priority 0 <= candidate's priority 1
2023-05-08 09:35:25,705 [grpc-default-executor-5] INFO  server.RaftServer$Division (RaftServerImpl.java:setRole(321)) - 17dccb1e-3aac-4103-8ad9-4d3b247cd28f@group-0CC5089ECD43: changes role from  FOLLOWER to FOLLOWER at term 1 for candidate:55e20b8b-283c-4747-9932-f8afe0177efb
2023-05-08 09:35:25,705 [grpc-default-executor-5] INFO  impl.RoleInfo (RoleInfo.java:shutdownFollowerState(110)) - 17dccb1e-3aac-4103-8ad9-4d3b247cd28f: shutdown 17dccb1e-3aac-4103-8ad9-4d3b247cd28f@group-0CC5089ECD43-FollowerState
2023-05-08 09:35:25,705 [grpc-default-executor-5] INFO  impl.RoleInfo (RoleInfo.java:updateAndGet(139)) - 17dccb1e-3aac-4103-8ad9-4d3b247cd28f: start 17dccb1e-3aac-4103-8ad9-4d3b247cd28f@group-0CC5089ECD43-FollowerState
2023-05-08 09:35:25,705 [17dccb1e-3aac-4103-8ad9-4d3b247cd28f@group-0CC5089ECD43-FollowerState] INFO  impl.FollowerState (FollowerState.java:run(152)) - 17dccb1e-3aac-4103-8ad9-4d3b247cd28f@group-0CC5089ECD43-FollowerState was interrupted
2023-05-08 09:35:25,705 [17dccb1e-3aac-4103-8ad9-4d3b247cd28f@group-0CC5089ECD43-FollowerState] INFO  server.RaftServerConfigKeys (ConfUtils.java:logFallback(53)) - raft.server.rpc.first-election.timeout.min = 5s (fallback to raft.server.rpc.timeout.min)
2023-05-08 09:35:25,705 [17dccb1e-3aac-4103-8ad9-4d3b247cd28f@group-0CC5089ECD43-FollowerState] INFO  server.RaftServerConfigKeys (ConfUtils.java:logFallback(53)) - raft.server.rpc.first-election.timeout.max = 5200ms (fallback to raft.server.rpc.timeout.max)
2023-05-08 09:35:25,706 [grpc-default-executor-4] INFO  server.RaftServer$Division (RaftServerImpl.java:requestVote(1218)) - 9cd45e4a-89d7-4ae2-9e76-72416fd6b668@group-0CC5089ECD43: receive requestVote(ELECTION, 55e20b8b-283c-4747-9932-f8afe0177efb, group-0CC5089ECD43, 1, (t:0, i:0))
2023-05-08 09:35:25,706 [grpc-default-executor-4] INFO  impl.VoteContext (VoteContext.java:log(49)) - 9cd45e4a-89d7-4ae2-9e76-72416fd6b668@group-0CC5089ECD43-FOLLOWER: accept ELECTION from 55e20b8b-283c-4747-9932-f8afe0177efb: our priority 0 <= candidate's priority 1
2023-05-08 09:35:25,706 [grpc-default-executor-4] INFO  server.RaftServer$Division (RaftServerImpl.java:setRole(321)) - 9cd45e4a-89d7-4ae2-9e76-72416fd6b668@group-0CC5089ECD43: changes role from  FOLLOWER to FOLLOWER at term 1 for candidate:55e20b8b-283c-4747-9932-f8afe0177efb
2023-05-08 09:35:25,706 [grpc-default-executor-4] INFO  impl.RoleInfo (RoleInfo.java:shutdownFollowerState(110)) - 9cd45e4a-89d7-4ae2-9e76-72416fd6b668: shutdown 9cd45e4a-89d7-4ae2-9e76-72416fd6b668@group-0CC5089ECD43-FollowerState
2023-05-08 09:35:25,706 [grpc-default-executor-4] INFO  impl.RoleInfo (RoleInfo.java:updateAndGet(139)) - 9cd45e4a-89d7-4ae2-9e76-72416fd6b668: start 9cd45e4a-89d7-4ae2-9e76-72416fd6b668@group-0CC5089ECD43-FollowerState
2023-05-08 09:35:25,706 [9cd45e4a-89d7-4ae2-9e76-72416fd6b668@group-0CC5089ECD43-FollowerState] INFO  impl.FollowerState (FollowerState.java:run(152)) - 9cd45e4a-89d7-4ae2-9e76-72416fd6b668@group-0CC5089ECD43-FollowerState was interrupted
2023-05-08 09:35:25,709 [grpc-default-executor-5] INFO  server.RaftServer$Division (RaftServerImpl.java:requestVote(1251)) - 17dccb1e-3aac-4103-8ad9-4d3b247cd28f@group-0CC5089ECD43 replies to ELECTION vote request: 55e20b8b-283c-4747-9932-f8afe0177efb<-17dccb1e-3aac-4103-8ad9-4d3b247cd28f#0:OK-t1. Peer's state: 17dccb1e-3aac-4103-8ad9-4d3b247cd28f@group-0CC5089ECD43:t1, leader=null, voted=55e20b8b-283c-4747-9932-f8afe0177efb, raftlog=Memoized:17dccb1e-3aac-4103-8ad9-4d3b247cd28f@group-0CC5089ECD43-SegmentedRaftLog:OPENED:c-1, conf=-1: peers:[55e20b8b-283c-4747-9932-f8afe0177efb|rpc:10.1.0.160:36567|dataStream:10.1.0.160:36329|priority:1|startupRole:FOLLOWER, 17dccb1e-3aac-4103-8ad9-4d3b247cd28f|rpc:10.1.0.160:44231|dataStream:10.1.0.160:37067|priority:0|startupRole:FOLLOWER, 9cd45e4a-89d7-4ae2-9e76-72416fd6b668|rpc:10.1.0.160:40973|dataStream:10.1.0.160:33571|priority:0|startupRole:FOLLOWER]|listeners:[], old=null
2023-05-08 09:35:25,710 [55e20b8b-283c-4747-9932-f8afe0177efb@group-0CC5089ECD43-LeaderElection26] INFO  impl.LeaderElection (LeaderElection.java:logAndReturn(90)) - 55e20b8b-283c-4747-9932-f8afe0177efb@group-0CC5089ECD43-LeaderElection26: ELECTION PASSED received 1 response(s) and 0 exception(s):
2023-05-08 09:35:25,710 [55e20b8b-283c-4747-9932-f8afe0177efb@group-0CC5089ECD43-LeaderElection26] INFO  impl.LeaderElection (LeaderElection.java:logAndReturn(94)) -   Response 0: 55e20b8b-283c-4747-9932-f8afe0177efb<-17dccb1e-3aac-4103-8ad9-4d3b247cd28f#0:OK-t1
2023-05-08 09:35:25,710 [55e20b8b-283c-4747-9932-f8afe0177efb@group-0CC5089ECD43-LeaderElection26] INFO  impl.LeaderElection (LeaderElection.java:askForVotes(314)) - 55e20b8b-283c-4747-9932-f8afe0177efb@group-0CC5089ECD43-LeaderElection26 ELECTION round 0: result PASSED
2023-05-08 09:35:25,710 [55e20b8b-283c-4747-9932-f8afe0177efb@group-0CC5089ECD43-LeaderElection26] INFO  impl.RoleInfo (RoleInfo.java:shutdownLeaderElection(130)) - 55e20b8b-283c-4747-9932-f8afe0177efb: shutdown 55e20b8b-283c-4747-9932-f8afe0177efb@group-0CC5089ECD43-LeaderElection26
2023-05-08 09:35:25,711 [55e20b8b-283c-4747-9932-f8afe0177efb@group-0CC5089ECD43-LeaderElection26] INFO  server.RaftServer$Division (RaftServerImpl.java:setRole(321)) - 55e20b8b-283c-4747-9932-f8afe0177efb@group-0CC5089ECD43: changes role from CANDIDATE to LEADER at term 1 for changeToLeader
2023-05-08 09:35:25,711 [55e20b8b-283c-4747-9932-f8afe0177efb@group-0CC5089ECD43-LeaderElection26] INFO  ratis.XceiverServerRatis (XceiverServerRatis.java:handleLeaderChangedNotification(904)) - Leader change notification received for group: group-0CC5089ECD43 with new leaderId: 55e20b8b-283c-4747-9932-f8afe0177efb
2023-05-08 09:35:25,711 [55e20b8b-283c-4747-9932-f8afe0177efb@group-0CC5089ECD43-LeaderElection26] INFO  server.RaftServer$Division (ServerState.java:setLeader(313)) - 55e20b8b-283c-4747-9932-f8afe0177efb@group-0CC5089ECD43: change Leader from null to 55e20b8b-283c-4747-9932-f8afe0177efb at term 1 for becomeLeader, leader elected after 5237ms
2023-05-08 09:35:25,711 [55e20b8b-283c-4747-9932-f8afe0177efb@group-0CC5089ECD43-LeaderElection26] INFO  server.RaftServerConfigKeys (ConfUtils.java:logGet(46)) - raft.server.staging.catchup.gap = 1000 (default)
2023-05-08 09:35:25,711 [55e20b8b-283c-4747-9932-f8afe0177efb@group-0CC5089ECD43-LeaderElection26] INFO  server.RaftServerConfigKeys (ConfUtils.java:logGet(46)) - raft.server.write.element-limit = 1024 (custom)
2023-05-08 09:35:25,711 [55e20b8b-283c-4747-9932-f8afe0177efb@group-0CC5089ECD43-LeaderElection26] INFO  server.RaftServerConfigKeys (ConfUtils.java:logGet(46)) - raft.server.write.byte-limit = 1024 M (=1073741824) (custom)
2023-05-08 09:35:25,711 [55e20b8b-283c-4747-9932-f8afe0177efb@group-0CC5089ECD43-LeaderElection26] INFO  server.RaftServerConfigKeys (ConfUtils.java:logGet(46)) - raft.server.watch.timeout = 180s (custom)
2023-05-08 09:35:25,711 [55e20b8b-283c-4747-9932-f8afe0177efb@group-0CC5089ECD43-LeaderElection26] INFO  server.RaftServerConfigKeys (ConfUtils.java:logGet(46)) - raft.server.watch.timeout.denomination = 1s (default)
2023-05-08 09:35:25,711 [55e20b8b-283c-4747-9932-f8afe0177efb@group-0CC5089ECD43-LeaderElection26] INFO  server.RaftServerConfigKeys (ConfUtils.java:logGet(46)) - raft.server.watch.element-limit = 65536 (default)
2023-05-08 09:35:25,711 [55e20b8b-283c-4747-9932-f8afe0177efb@group-0CC5089ECD43-LeaderElection26] INFO  server.RaftServerConfigKeys (ConfUtils.java:logGet(46)) - raft.server.write.element-limit = 1024 (custom)
2023-05-08 09:35:25,711 [55e20b8b-283c-4747-9932-f8afe0177efb@group-0CC5089ECD43-LeaderElection26] INFO  server.RaftServerConfigKeys (ConfUtils.java:logGet(46)) - raft.server.write.follower.gap.ratio.max = -1.0 (default)
2023-05-08 09:35:25,711 [9cd45e4a-89d7-4ae2-9e76-72416fd6b668@group-0CC5089ECD43-FollowerState] INFO  server.RaftServerConfigKeys (ConfUtils.java:logFallback(53)) - raft.server.rpc.first-election.timeout.min = 5s (fallback to raft.server.rpc.timeout.min)
2023-05-08 09:35:25,712 [9cd45e4a-89d7-4ae2-9e76-72416fd6b668@group-0CC5089ECD43-FollowerState] INFO  server.RaftServerConfigKeys (ConfUtils.java:logFallback(53)) - raft.server.rpc.first-election.timeout.max = 5200ms (fallback to raft.server.rpc.timeout.max)
2023-05-08 09:35:25,713 [55e20b8b-283c-4747-9932-f8afe0177efb@group-0CC5089ECD43-LeaderElection26] INFO  server.RaftServerConfigKeys (ConfUtils.java:logGet(46)) - raft.server.log.appender.snapshot.chunk.size.max = 16MB (=16777216) (default)
2023-05-08 09:35:25,714 [55e20b8b-283c-4747-9932-f8afe0177efb@group-0CC5089ECD43-LeaderElection26] INFO  server.RaftServerConfigKeys (ConfUtils.java:logGet(46)) - raft.server.log.appender.buffer.byte-limit = 33554432 (custom)
2023-05-08 09:35:25,714 [55e20b8b-283c-4747-9932-f8afe0177efb@group-0CC5089ECD43-LeaderElection26] INFO  server.RaftServerConfigKeys (ConfUtils.java:logGet(46)) - raft.server.log.appender.buffer.element-limit = 1 (custom)
2023-05-08 09:35:25,714 [55e20b8b-283c-4747-9932-f8afe0177efb@group-0CC5089ECD43-LeaderElection26] INFO  grpc.GrpcConfigKeys (ConfUtils.java:logGet(46)) - raft.grpc.server.leader.outstanding.appends.max = 128 (default)
2023-05-08 09:35:25,714 [55e20b8b-283c-4747-9932-f8afe0177efb@group-0CC5089ECD43-LeaderElection26] INFO  server.RaftServerConfigKeys (ConfUtils.java:logGet(46)) - raft.server.rpc.request.timeout = 60s (custom)
2023-05-08 09:35:25,714 [55e20b8b-283c-4747-9932-f8afe0177efb@group-0CC5089ECD43-LeaderElection26] INFO  server.RaftServerConfigKeys (ConfUtils.java:logGet(46)) - raft.server.log.appender.install.snapshot.enabled = false (custom)
2023-05-08 09:35:25,714 [55e20b8b-283c-4747-9932-f8afe0177efb@group-0CC5089ECD43-LeaderElection26] INFO  grpc.GrpcConfigKeys (ConfUtils.java:logGet(46)) - raft.grpc.server.heartbeat.channel = true (default)
2023-05-08 09:35:25,714 [55e20b8b-283c-4747-9932-f8afe0177efb@group-0CC5089ECD43-LeaderElection26] INFO  server.RaftServerConfigKeys (ConfUtils.java:logGet(46)) - raft.server.log.appender.wait-time.min = 10ms (default)
2023-05-08 09:35:25,714 [55e20b8b-283c-4747-9932-f8afe0177efb@group-0CC5089ECD43-LeaderElection26] INFO  server.RaftServerConfigKeys (ConfUtils.java:logGet(46)) - raft.server.log.appender.snapshot.chunk.size.max = 16MB (=16777216) (default)
2023-05-08 09:35:25,714 [55e20b8b-283c-4747-9932-f8afe0177efb@group-0CC5089ECD43-LeaderElection26] INFO  server.RaftServerConfigKeys (ConfUtils.java:logGet(46)) - raft.server.log.appender.buffer.byte-limit = 33554432 (custom)
2023-05-08 09:35:25,715 [55e20b8b-283c-4747-9932-f8afe0177efb@group-0CC5089ECD43-LeaderElection26] INFO  server.RaftServerConfigKeys (ConfUtils.java:logGet(46)) - raft.server.log.appender.buffer.element-limit = 1 (custom)
2023-05-08 09:35:25,715 [55e20b8b-283c-4747-9932-f8afe0177efb@group-0CC5089ECD43-LeaderElection26] INFO  grpc.GrpcConfigKeys (ConfUtils.java:logGet(46)) - raft.grpc.server.leader.outstanding.appends.max = 128 (default)
2023-05-08 09:35:25,715 [55e20b8b-283c-4747-9932-f8afe0177efb@group-0CC5089ECD43-LeaderElection26] INFO  server.RaftServerConfigKeys (ConfUtils.java:logGet(46)) - raft.server.rpc.request.timeout = 60s (custom)
2023-05-08 09:35:25,715 [55e20b8b-283c-4747-9932-f8afe0177efb@group-0CC5089ECD43-LeaderElection26] INFO  server.RaftServerConfigKeys (ConfUtils.java:logGet(46)) - raft.server.log.appender.install.snapshot.enabled = false (custom)
2023-05-08 09:35:25,715 [55e20b8b-283c-4747-9932-f8afe0177efb@group-0CC5089ECD43-LeaderElection26] INFO  grpc.GrpcConfigKeys (ConfUtils.java:logGet(46)) - raft.grpc.server.heartbeat.channel = true (default)
2023-05-08 09:35:25,715 [55e20b8b-283c-4747-9932-f8afe0177efb@group-0CC5089ECD43-LeaderElection26] INFO  server.RaftServerConfigKeys (ConfUtils.java:logGet(46)) - raft.server.log.appender.wait-time.min = 10ms (default)
2023-05-08 09:35:25,715 [55e20b8b-283c-4747-9932-f8afe0177efb@group-0CC5089ECD43-LeaderElection26] INFO  impl.RoleInfo (RoleInfo.java:updateAndGet(139)) - 55e20b8b-283c-4747-9932-f8afe0177efb: start 55e20b8b-283c-4747-9932-f8afe0177efb@group-0CC5089ECD43-LeaderStateImpl
2023-05-08 09:35:25,715 [55e20b8b-283c-4747-9932-f8afe0177efb@group-0CC5089ECD43-LeaderElection26] INFO  segmented.SegmentedRaftLogWorker (SegmentedRaftLogWorker.java:startLogSegment(452)) - 55e20b8b-283c-4747-9932-f8afe0177efb@group-0CC5089ECD43-SegmentedRaftLogWorker: Starting segment from index:0
2023-05-08 09:35:25,713 [EventQueue-PipelineReportForPipelineReportHandler] INFO  pipeline.PipelineManagerImpl (PipelineManagerImpl.java:openPipeline(367)) - Pipeline Pipeline[ Id: e60d0af8-fd7a-4830-be53-0cc5089ecd43, Nodes: 17dccb1e-3aac-4103-8ad9-4d3b247cd28f(fv-az96-539/10.1.0.160)9cd45e4a-89d7-4ae2-9e76-72416fd6b668(fv-az96-539/10.1.0.160)55e20b8b-283c-4747-9932-f8afe0177efb(fv-az96-539/10.1.0.160), ReplicationConfig: RATIS/THREE, State:ALLOCATED, leaderId:55e20b8b-283c-4747-9932-f8afe0177efb, CreationTimestamp2023-05-08T09:35:18.109Z[Etc/UTC]] moved to OPEN state
2023-05-08 09:35:25,713 [grpc-default-executor-4] INFO  server.RaftServer$Division (RaftServerImpl.java:requestVote(1251)) - 9cd45e4a-89d7-4ae2-9e76-72416fd6b668@group-0CC5089ECD43 replies to ELECTION vote request: 55e20b8b-283c-4747-9932-f8afe0177efb<-9cd45e4a-89d7-4ae2-9e76-72416fd6b668#0:OK-t1. Peer's state: 9cd45e4a-89d7-4ae2-9e76-72416fd6b668@group-0CC5089ECD43:t1, leader=null, voted=55e20b8b-283c-4747-9932-f8afe0177efb, raftlog=Memoized:9cd45e4a-89d7-4ae2-9e76-72416fd6b668@group-0CC5089ECD43-SegmentedRaftLog:OPENED:c-1, conf=-1: peers:[55e20b8b-283c-4747-9932-f8afe0177efb|rpc:10.1.0.160:36567|dataStream:10.1.0.160:36329|priority:1|startupRole:FOLLOWER, 17dccb1e-3aac-4103-8ad9-4d3b247cd28f|rpc:10.1.0.160:44231|dataStream:10.1.0.160:37067|priority:0|startupRole:FOLLOWER, 9cd45e4a-89d7-4ae2-9e76-72416fd6b668|rpc:10.1.0.160:40973|dataStream:10.1.0.160:33571|priority:0|startupRole:FOLLOWER]|listeners:[], old=null
2023-05-08 09:35:25,719 [55e20b8b-283c-4747-9932-f8afe0177efb@group-0CC5089ECD43-SegmentedRaftLogWorker] INFO  segmented.SegmentedRaftLogWorker (SegmentedRaftLogWorker.java:execute(656)) - 55e20b8b-283c-4747-9932-f8afe0177efb@group-0CC5089ECD43-SegmentedRaftLogWorker: created new log segment /home/runner/work/ozone/ozone/hadoop-ozone/integration-test/target/test-dir/MiniOzoneClusterImpl-e3f0e696-295c-4d93-87a4-d859f2bb0e1a/datanode-0/data/ratis/e60d0af8-fd7a-4830-be53-0cc5089ecd43/current/log_inprogress_0
2023-05-08 09:35:25,743 [55e20b8b-283c-4747-9932-f8afe0177efb@group-0CC5089ECD43-LeaderElection26] INFO  server.RaftServer$Division (ServerState.java:setRaftConf(430)) - 55e20b8b-283c-4747-9932-f8afe0177efb@group-0CC5089ECD43: set configuration 0: peers:[55e20b8b-283c-4747-9932-f8afe0177efb|rpc:10.1.0.160:36567|dataStream:10.1.0.160:36329|priority:1|startupRole:FOLLOWER, 17dccb1e-3aac-4103-8ad9-4d3b247cd28f|rpc:10.1.0.160:44231|dataStream:10.1.0.160:37067|priority:0|startupRole:FOLLOWER, 9cd45e4a-89d7-4ae2-9e76-72416fd6b668|rpc:10.1.0.160:40973|dataStream:10.1.0.160:33571|priority:0|startupRole:FOLLOWER]|listeners:[], old=null
2023-05-08 09:35:25,753 [17dccb1e-3aac-4103-8ad9-4d3b247cd28f@group-277BF47F914E-FollowerState] INFO  impl.FollowerState (FollowerState.java:run(143)) - 17dccb1e-3aac-4103-8ad9-4d3b247cd28f@group-277BF47F914E-FollowerState: change to CANDIDATE, lastRpcElapsedTime:5007447170ns, electionTimeout:5006ms
2023-05-08 09:35:25,758 [17dccb1e-3aac-4103-8ad9-4d3b247cd28f-server-thread1] INFO  ratis.XceiverServerRatis (XceiverServerRatis.java:handleLeaderChangedNotification(904)) - Leader change notification received for group: group-0CC5089ECD43 with new leaderId: 55e20b8b-283c-4747-9932-f8afe0177efb
2023-05-08 09:35:25,758 [17dccb1e-3aac-4103-8ad9-4d3b247cd28f-server-thread1] INFO  server.RaftServer$Division (ServerState.java:setLeader(313)) - 17dccb1e-3aac-4103-8ad9-4d3b247cd28f@group-0CC5089ECD43: change Leader from null to 55e20b8b-283c-4747-9932-f8afe0177efb at term 1 for appendEntries, leader elected after 5250ms
2023-05-08 09:35:25,760 [17dccb1e-3aac-4103-8ad9-4d3b247cd28f-server-thread1] INFO  server.RaftServer$Division (ServerState.java:setRaftConf(430)) - 17dccb1e-3aac-4103-8ad9-4d3b247cd28f@group-0CC5089ECD43: set configuration 0: peers:[55e20b8b-283c-4747-9932-f8afe0177efb|rpc:10.1.0.160:36567|dataStream:10.1.0.160:36329|priority:1|startupRole:FOLLOWER, 17dccb1e-3aac-4103-8ad9-4d3b247cd28f|rpc:10.1.0.160:44231|dataStream:10.1.0.160:37067|priority:0|startupRole:FOLLOWER, 9cd45e4a-89d7-4ae2-9e76-72416fd6b668|rpc:10.1.0.160:40973|dataStream:10.1.0.160:33571|priority:0|startupRole:FOLLOWER]|listeners:[], old=null
2023-05-08 09:35:25,760 [17dccb1e-3aac-4103-8ad9-4d3b247cd28f@group-277BF47F914E-FollowerState] INFO  impl.RoleInfo (RoleInfo.java:shutdownFollowerState(110)) - 17dccb1e-3aac-4103-8ad9-4d3b247cd28f: shutdown 17dccb1e-3aac-4103-8ad9-4d3b247cd28f@group-277BF47F914E-FollowerState
2023-05-08 09:35:25,760 [17dccb1e-3aac-4103-8ad9-4d3b247cd28f@group-277BF47F914E-FollowerState] INFO  server.RaftServer$Division (RaftServerImpl.java:setRole(321)) - 17dccb1e-3aac-4103-8ad9-4d3b247cd28f@group-277BF47F914E: changes role from  FOLLOWER to CANDIDATE at term 0 for changeToCandidate
2023-05-08 09:35:25,761 [17dccb1e-3aac-4103-8ad9-4d3b247cd28f@group-277BF47F914E-FollowerState] INFO  server.RaftServerConfigKeys (ConfUtils.java:logGet(46)) - raft.server.leaderelection.pre-vote = true (default)
2023-05-08 09:35:25,761 [17dccb1e-3aac-4103-8ad9-4d3b247cd28f@group-277BF47F914E-FollowerState] INFO  impl.RoleInfo (RoleInfo.java:updateAndGet(139)) - 17dccb1e-3aac-4103-8ad9-4d3b247cd28f: start 17dccb1e-3aac-4103-8ad9-4d3b247cd28f@group-277BF47F914E-LeaderElection27
2023-05-08 09:35:25,761 [9cd45e4a-89d7-4ae2-9e76-72416fd6b668-server-thread1] INFO  ratis.XceiverServerRatis (XceiverServerRatis.java:handleLeaderChangedNotification(904)) - Leader change notification received for group: group-0CC5089ECD43 with new leaderId: 55e20b8b-283c-4747-9932-f8afe0177efb
2023-05-08 09:35:25,761 [9cd45e4a-89d7-4ae2-9e76-72416fd6b668-server-thread1] INFO  server.RaftServer$Division (ServerState.java:setLeader(313)) - 9cd45e4a-89d7-4ae2-9e76-72416fd6b668@group-0CC5089ECD43: change Leader from null to 55e20b8b-283c-4747-9932-f8afe0177efb at term 1 for appendEntries, leader elected after 5210ms
2023-05-08 09:35:25,761 [17dccb1e-3aac-4103-8ad9-4d3b247cd28f-server-thread1] INFO  segmented.SegmentedRaftLogWorker (SegmentedRaftLogWorker.java:startLogSegment(452)) - 17dccb1e-3aac-4103-8ad9-4d3b247cd28f@group-0CC5089ECD43-SegmentedRaftLogWorker: Starting segment from index:0
2023-05-08 09:35:25,769 [9cd45e4a-89d7-4ae2-9e76-72416fd6b668-server-thread2] INFO  server.RaftServer$Division (ServerState.java:setRaftConf(430)) - 9cd45e4a-89d7-4ae2-9e76-72416fd6b668@group-0CC5089ECD43: set configuration 0: peers:[55e20b8b-283c-4747-9932-f8afe0177efb|rpc:10.1.0.160:36567|dataStream:10.1.0.160:36329|priority:1|startupRole:FOLLOWER, 17dccb1e-3aac-4103-8ad9-4d3b247cd28f|rpc:10.1.0.160:44231|dataStream:10.1.0.160:37067|priority:0|startupRole:FOLLOWER, 9cd45e4a-89d7-4ae2-9e76-72416fd6b668|rpc:10.1.0.160:40973|dataStream:10.1.0.160:33571|priority:0|startupRole:FOLLOWER]|listeners:[], old=null
2023-05-08 09:35:25,769 [9cd45e4a-89d7-4ae2-9e76-72416fd6b668-server-thread2] INFO  segmented.SegmentedRaftLogWorker (SegmentedRaftLogWorker.java:startLogSegment(452)) - 9cd45e4a-89d7-4ae2-9e76-72416fd6b668@group-0CC5089ECD43-SegmentedRaftLogWorker: Starting segment from index:0
2023-05-08 09:35:25,776 [17dccb1e-3aac-4103-8ad9-4d3b247cd28f@group-277BF47F914E-LeaderElection27] INFO  impl.LeaderElection (LeaderElection.java:askForVotes(312)) - 17dccb1e-3aac-4103-8ad9-4d3b247cd28f@group-277BF47F914E-LeaderElection27 PRE_VOTE round 0: submit vote requests at term 0 for -1: peers:[17dccb1e-3aac-4103-8ad9-4d3b247cd28f|rpc:10.1.0.160:44231|dataStream:10.1.0.160:37067|priority:1|startupRole:FOLLOWER]|listeners:[], old=null
2023-05-08 09:35:25,776 [17dccb1e-3aac-4103-8ad9-4d3b247cd28f@group-0CC5089ECD43-SegmentedRaftLogWorker] INFO  segmented.SegmentedRaftLogWorker (SegmentedRaftLogWorker.java:execute(656)) - 17dccb1e-3aac-4103-8ad9-4d3b247cd28f@group-0CC5089ECD43-SegmentedRaftLogWorker: created new log segment /home/runner/work/ozone/ozone/hadoop-ozone/integration-test/target/test-dir/MiniOzoneClusterImpl-e3f0e696-295c-4d93-87a4-d859f2bb0e1a/datanode-1/data/ratis/e60d0af8-fd7a-4830-be53-0cc5089ecd43/current/log_inprogress_0
2023-05-08 09:35:25,776 [17dccb1e-3aac-4103-8ad9-4d3b247cd28f@group-277BF47F914E-LeaderElection27] INFO  impl.LeaderElection (LeaderElection.java:askForVotes(314)) - 17dccb1e-3aac-4103-8ad9-4d3b247cd28f@group-277BF47F914E-LeaderElection27 PRE_VOTE round 0: result PASSED (term=0)
2023-05-08 09:35:25,776 [9cd45e4a-89d7-4ae2-9e76-72416fd6b668@group-0CC5089ECD43-SegmentedRaftLogWorker] INFO  segmented.SegmentedRaftLogWorker (SegmentedRaftLogWorker.java:execute(656)) - 9cd45e4a-89d7-4ae2-9e76-72416fd6b668@group-0CC5089ECD43-SegmentedRaftLogWorker: created new log segment /home/runner/work/ozone/ozone/hadoop-ozone/integration-test/target/test-dir/MiniOzoneClusterImpl-e3f0e696-295c-4d93-87a4-d859f2bb0e1a/datanode-2/data/ratis/e60d0af8-fd7a-4830-be53-0cc5089ecd43/current/log_inprogress_0
2023-05-08 09:35:25,779 [17dccb1e-3aac-4103-8ad9-4d3b247cd28f@group-277BF47F914E-LeaderElection27] INFO  impl.LeaderElection (LeaderElection.java:askForVotes(312)) - 17dccb1e-3aac-4103-8ad9-4d3b247cd28f@group-277BF47F914E-LeaderElection27 ELECTION round 0: submit vote requests at term 1 for -1: peers:[17dccb1e-3aac-4103-8ad9-4d3b247cd28f|rpc:10.1.0.160:44231|dataStream:10.1.0.160:37067|priority:1|startupRole:FOLLOWER]|listeners:[], old=null
2023-05-08 09:35:25,779 [17dccb1e-3aac-4103-8ad9-4d3b247cd28f@group-277BF47F914E-LeaderElection27] INFO  impl.LeaderElection (LeaderElection.java:askForVotes(314)) - 17dccb1e-3aac-4103-8ad9-4d3b247cd28f@group-277BF47F914E-LeaderElection27 ELECTION round 0: result PASSED (term=1)
2023-05-08 09:35:25,779 [17dccb1e-3aac-4103-8ad9-4d3b247cd28f@group-277BF47F914E-LeaderElection27] INFO  impl.RoleInfo (RoleInfo.java:shutdownLeaderElection(130)) - 17dccb1e-3aac-4103-8ad9-4d3b247cd28f: shutdown 17dccb1e-3aac-4103-8ad9-4d3b247cd28f@group-277BF47F914E-LeaderElection27
2023-05-08 09:35:25,780 [17dccb1e-3aac-4103-8ad9-4d3b247cd28f@group-277BF47F914E-LeaderElection27] INFO  server.RaftServer$Division (RaftServerImpl.java:setRole(321)) - 17dccb1e-3aac-4103-8ad9-4d3b247cd28f@group-277BF47F914E: changes role from CANDIDATE to LEADER at term 1 for changeToLeader
2023-05-08 09:35:25,780 [17dccb1e-3aac-4103-8ad9-4d3b247cd28f@group-277BF47F914E-LeaderElection27] INFO  ratis.XceiverServerRatis (XceiverServerRatis.java:handleLeaderChangedNotification(904)) - Leader change notification received for group: group-277BF47F914E with new leaderId: 17dccb1e-3aac-4103-8ad9-4d3b247cd28f
2023-05-08 09:35:25,780 [17dccb1e-3aac-4103-8ad9-4d3b247cd28f@group-277BF47F914E-LeaderElection27] INFO  server.RaftServer$Division (ServerState.java:setLeader(313)) - 17dccb1e-3aac-4103-8ad9-4d3b247cd28f@group-277BF47F914E: change Leader from null to 17dccb1e-3aac-4103-8ad9-4d3b247cd28f at term 1 for becomeLeader, leader elected after 5050ms
2023-05-08 09:35:25,781 [17dccb1e-3aac-4103-8ad9-4d3b247cd28f@group-277BF47F914E-LeaderElection27] INFO  server.RaftServerConfigKeys (ConfUtils.java:logGet(46)) - raft.server.staging.catchup.gap = 1000 (default)
2023-05-08 09:35:25,782 [17dccb1e-3aac-4103-8ad9-4d3b247cd28f@group-277BF47F914E-LeaderElection27] INFO  server.RaftServerConfigKeys (ConfUtils.java:logGet(46)) - raft.server.write.element-limit = 1024 (custom)
2023-05-08 09:35:25,782 [17dccb1e-3aac-4103-8ad9-4d3b247cd28f@group-277BF47F914E-LeaderElection27] INFO  server.RaftServerConfigKeys (ConfUtils.java:logGet(46)) - raft.server.write.byte-limit = 1024 M (=1073741824) (custom)
2023-05-08 09:35:25,784 [17dccb1e-3aac-4103-8ad9-4d3b247cd28f@group-277BF47F914E-LeaderElection27] INFO  server.RaftServerConfigKeys (ConfUtils.java:logGet(46)) - raft.server.watch.timeout = 180s (custom)
2023-05-08 09:35:25,784 [17dccb1e-3aac-4103-8ad9-4d3b247cd28f@group-277BF47F914E-LeaderElection27] INFO  server.RaftServerConfigKeys (ConfUtils.java:logGet(46)) - raft.server.watch.timeout.denomination = 1s (default)
2023-05-08 09:35:25,785 [17dccb1e-3aac-4103-8ad9-4d3b247cd28f@group-277BF47F914E-LeaderElection27] INFO  server.RaftServerConfigKeys (ConfUtils.java:logGet(46)) - raft.server.watch.element-limit = 65536 (default)
2023-05-08 09:35:25,785 [17dccb1e-3aac-4103-8ad9-4d3b247cd28f@group-277BF47F914E-LeaderElection27] INFO  server.RaftServerConfigKeys (ConfUtils.java:logGet(46)) - raft.server.write.element-limit = 1024 (custom)
2023-05-08 09:35:25,785 [17dccb1e-3aac-4103-8ad9-4d3b247cd28f@group-277BF47F914E-LeaderElection27] INFO  server.RaftServerConfigKeys (ConfUtils.java:logGet(46)) - raft.server.write.follower.gap.ratio.max = -1.0 (default)
2023-05-08 09:35:25,785 [17dccb1e-3aac-4103-8ad9-4d3b247cd28f@group-277BF47F914E-LeaderElection27] INFO  impl.RoleInfo (RoleInfo.java:updateAndGet(139)) - 17dccb1e-3aac-4103-8ad9-4d3b247cd28f: start 17dccb1e-3aac-4103-8ad9-4d3b247cd28f@group-277BF47F914E-LeaderStateImpl
2023-05-08 09:35:25,785 [17dccb1e-3aac-4103-8ad9-4d3b247cd28f@group-277BF47F914E-LeaderElection27] INFO  segmented.SegmentedRaftLogWorker (SegmentedRaftLogWorker.java:startLogSegment(452)) - 17dccb1e-3aac-4103-8ad9-4d3b247cd28f@group-277BF47F914E-SegmentedRaftLogWorker: Starting segment from index:0
2023-05-08 09:35:25,793 [17dccb1e-3aac-4103-8ad9-4d3b247cd28f@group-277BF47F914E-SegmentedRaftLogWorker] INFO  segmented.SegmentedRaftLogWorker (SegmentedRaftLogWorker.java:execute(656)) - 17dccb1e-3aac-4103-8ad9-4d3b247cd28f@group-277BF47F914E-SegmentedRaftLogWorker: created new log segment /home/runner/work/ozone/ozone/hadoop-ozone/integration-test/target/test-dir/MiniOzoneClusterImpl-e3f0e696-295c-4d93-87a4-d859f2bb0e1a/datanode-1/data/ratis/a736e046-6a4c-49a7-98a0-277bf47f914e/current/log_inprogress_0
2023-05-08 09:35:25,793 [17dccb1e-3aac-4103-8ad9-4d3b247cd28f@group-277BF47F914E-LeaderElection27] INFO  server.RaftServer$Division (ServerState.java:setRaftConf(430)) - 17dccb1e-3aac-4103-8ad9-4d3b247cd28f@group-277BF47F914E: set configuration 0: peers:[17dccb1e-3aac-4103-8ad9-4d3b247cd28f|rpc:10.1.0.160:44231|dataStream:10.1.0.160:37067|priority:1|startupRole:FOLLOWER]|listeners:[], old=null
2023-05-08 09:35:26,101 [Listener at 127.0.0.1/42911] INFO  ozone.MiniOzoneClusterImpl (MiniOzoneClusterImpl.java:lambda$waitForClusterToBeReady$0(224)) - Nodes are ready. Got 3 of 3 DN Heartbeats.
2023-05-08 09:35:26,101 [Listener at 127.0.0.1/42911] INFO  ozone.MiniOzoneClusterImpl (MiniOzoneClusterImpl.java:lambda$waitForClusterToBeReady$0(227)) - Cluster exits safe mode
2023-05-08 09:35:26,101 [Listener at 127.0.0.1/42911] INFO  ozone.MiniOzoneClusterImpl (MiniOzoneClusterImpl.java:lambda$waitForClusterToBeReady$0(229)) - SCM became leader
2023-05-08 09:35:26,184 [9cd45e4a-89d7-4ae2-9e76-72416fd6b668@group-393C3149F821-FollowerState] INFO  impl.FollowerState (FollowerState.java:run(143)) - 9cd45e4a-89d7-4ae2-9e76-72416fd6b668@group-393C3149F821-FollowerState: change to CANDIDATE, lastRpcElapsedTime:5063664645ns, electionTimeout:5057ms
2023-05-08 09:35:26,185 [9cd45e4a-89d7-4ae2-9e76-72416fd6b668@group-393C3149F821-FollowerState] INFO  impl.RoleInfo (RoleInfo.java:shutdownFollowerState(110)) - 9cd45e4a-89d7-4ae2-9e76-72416fd6b668: shutdown 9cd45e4a-89d7-4ae2-9e76-72416fd6b668@group-393C3149F821-FollowerState
2023-05-08 09:35:26,185 [9cd45e4a-89d7-4ae2-9e76-72416fd6b668@group-393C3149F821-FollowerState] INFO  server.RaftServer$Division (RaftServerImpl.java:setRole(321)) - 9cd45e4a-89d7-4ae2-9e76-72416fd6b668@group-393C3149F821: changes role from  FOLLOWER to CANDIDATE at term 0 for changeToCandidate
2023-05-08 09:35:26,185 [9cd45e4a-89d7-4ae2-9e76-72416fd6b668@group-393C3149F821-FollowerState] INFO  server.RaftServerConfigKeys (ConfUtils.java:logGet(46)) - raft.server.leaderelection.pre-vote = true (default)
2023-05-08 09:35:26,185 [9cd45e4a-89d7-4ae2-9e76-72416fd6b668@group-393C3149F821-FollowerState] INFO  impl.RoleInfo (RoleInfo.java:updateAndGet(139)) - 9cd45e4a-89d7-4ae2-9e76-72416fd6b668: start 9cd45e4a-89d7-4ae2-9e76-72416fd6b668@group-393C3149F821-LeaderElection28
2023-05-08 09:35:26,202 [9cd45e4a-89d7-4ae2-9e76-72416fd6b668@group-393C3149F821-LeaderElection28] INFO  impl.LeaderElection (LeaderElection.java:askForVotes(312)) - 9cd45e4a-89d7-4ae2-9e76-72416fd6b668@group-393C3149F821-LeaderElection28 PRE_VOTE round 0: submit vote requests at term 0 for -1: peers:[9cd45e4a-89d7-4ae2-9e76-72416fd6b668|rpc:10.1.0.160:40973|dataStream:10.1.0.160:33571|priority:1|startupRole:FOLLOWER]|listeners:[], old=null
2023-05-08 09:35:26,202 [9cd45e4a-89d7-4ae2-9e76-72416fd6b668@group-393C3149F821-LeaderElection28] INFO  impl.LeaderElection (LeaderElection.java:askForVotes(314)) - 9cd45e4a-89d7-4ae2-9e76-72416fd6b668@group-393C3149F821-LeaderElection28 PRE_VOTE round 0: result PASSED (term=0)
2023-05-08 09:35:26,205 [9cd45e4a-89d7-4ae2-9e76-72416fd6b668@group-393C3149F821-LeaderElection28] INFO  impl.LeaderElection (LeaderElection.java:askForVotes(312)) - 9cd45e4a-89d7-4ae2-9e76-72416fd6b668@group-393C3149F821-LeaderElection28 ELECTION round 0: submit vote requests at term 1 for -1: peers:[9cd45e4a-89d7-4ae2-9e76-72416fd6b668|rpc:10.1.0.160:40973|dataStream:10.1.0.160:33571|priority:1|startupRole:FOLLOWER]|listeners:[], old=null
2023-05-08 09:35:26,205 [9cd45e4a-89d7-4ae2-9e76-72416fd6b668@group-393C3149F821-LeaderElection28] INFO  impl.LeaderElection (LeaderElection.java:askForVotes(314)) - 9cd45e4a-89d7-4ae2-9e76-72416fd6b668@group-393C3149F821-LeaderElection28 ELECTION round 0: result PASSED (term=1)
2023-05-08 09:35:26,205 [9cd45e4a-89d7-4ae2-9e76-72416fd6b668@group-393C3149F821-LeaderElection28] INFO  impl.RoleInfo (RoleInfo.java:shutdownLeaderElection(130)) - 9cd45e4a-89d7-4ae2-9e76-72416fd6b668: shutdown 9cd45e4a-89d7-4ae2-9e76-72416fd6b668@group-393C3149F821-LeaderElection28
2023-05-08 09:35:26,205 [9cd45e4a-89d7-4ae2-9e76-72416fd6b668@group-393C3149F821-LeaderElection28] INFO  server.RaftServer$Division (RaftServerImpl.java:setRole(321)) - 9cd45e4a-89d7-4ae2-9e76-72416fd6b668@group-393C3149F821: changes role from CANDIDATE to LEADER at term 1 for changeToLeader
2023-05-08 09:35:26,205 [9cd45e4a-89d7-4ae2-9e76-72416fd6b668@group-393C3149F821-LeaderElection28] INFO  ratis.XceiverServerRatis (XceiverServerRatis.java:handleLeaderChangedNotification(904)) - Leader change notification received for group: group-393C3149F821 with new leaderId: 9cd45e4a-89d7-4ae2-9e76-72416fd6b668
2023-05-08 09:35:26,205 [9cd45e4a-89d7-4ae2-9e76-72416fd6b668@group-393C3149F821-LeaderElection28] INFO  server.RaftServer$Division (ServerState.java:setLeader(313)) - 9cd45e4a-89d7-4ae2-9e76-72416fd6b668@group-393C3149F821: change Leader from null to 9cd45e4a-89d7-4ae2-9e76-72416fd6b668 at term 1 for becomeLeader, leader elected after 5100ms
2023-05-08 09:35:26,206 [9cd45e4a-89d7-4ae2-9e76-72416fd6b668@group-393C3149F821-LeaderElection28] INFO  server.RaftServerConfigKeys (ConfUtils.java:logGet(46)) - raft.server.staging.catchup.gap = 1000 (default)
2023-05-08 09:35:26,206 [9cd45e4a-89d7-4ae2-9e76-72416fd6b668@group-393C3149F821-LeaderElection28] INFO  server.RaftServerConfigKeys (ConfUtils.java:logGet(46)) - raft.server.write.element-limit = 1024 (custom)
2023-05-08 09:35:26,207 [9cd45e4a-89d7-4ae2-9e76-72416fd6b668@group-393C3149F821-LeaderElection28] INFO  server.RaftServerConfigKeys (ConfUtils.java:logGet(46)) - raft.server.write.byte-limit = 1024 M (=1073741824) (custom)
2023-05-08 09:35:26,207 [9cd45e4a-89d7-4ae2-9e76-72416fd6b668@group-393C3149F821-LeaderElection28] INFO  server.RaftServerConfigKeys (ConfUtils.java:logGet(46)) - raft.server.watch.timeout = 180s (custom)
2023-05-08 09:35:26,207 [9cd45e4a-89d7-4ae2-9e76-72416fd6b668@group-393C3149F821-LeaderElection28] INFO  server.RaftServerConfigKeys (ConfUtils.java:logGet(46)) - raft.server.watch.timeout.denomination = 1s (default)
2023-05-08 09:35:26,207 [9cd45e4a-89d7-4ae2-9e76-72416fd6b668@group-393C3149F821-LeaderElection28] INFO  server.RaftServerConfigKeys (ConfUtils.java:logGet(46)) - raft.server.watch.element-limit = 65536 (default)
2023-05-08 09:35:26,207 [9cd45e4a-89d7-4ae2-9e76-72416fd6b668@group-393C3149F821-LeaderElection28] INFO  server.RaftServerConfigKeys (ConfUtils.java:logGet(46)) - raft.server.write.element-limit = 1024 (custom)
2023-05-08 09:35:26,207 [9cd45e4a-89d7-4ae2-9e76-72416fd6b668@group-393C3149F821-LeaderElection28] INFO  server.RaftServerConfigKeys (ConfUtils.java:logGet(46)) - raft.server.write.follower.gap.ratio.max = -1.0 (default)
2023-05-08 09:35:26,207 [9cd45e4a-89d7-4ae2-9e76-72416fd6b668@group-393C3149F821-LeaderElection28] INFO  impl.RoleInfo (RoleInfo.java:updateAndGet(139)) - 9cd45e4a-89d7-4ae2-9e76-72416fd6b668: start 9cd45e4a-89d7-4ae2-9e76-72416fd6b668@group-393C3149F821-LeaderStateImpl
2023-05-08 09:35:26,208 [9cd45e4a-89d7-4ae2-9e76-72416fd6b668@group-393C3149F821-LeaderElection28] INFO  segmented.SegmentedRaftLogWorker (SegmentedRaftLogWorker.java:startLogSegment(452)) - 9cd45e4a-89d7-4ae2-9e76-72416fd6b668@group-393C3149F821-SegmentedRaftLogWorker: Starting segment from index:0
2023-05-08 09:35:26,209 [9cd45e4a-89d7-4ae2-9e76-72416fd6b668@group-393C3149F821-SegmentedRaftLogWorker] INFO  segmented.SegmentedRaftLogWorker (SegmentedRaftLogWorker.java:execute(656)) - 9cd45e4a-89d7-4ae2-9e76-72416fd6b668@group-393C3149F821-SegmentedRaftLogWorker: created new log segment /home/runner/work/ozone/ozone/hadoop-ozone/integration-test/target/test-dir/MiniOzoneClusterImpl-e3f0e696-295c-4d93-87a4-d859f2bb0e1a/datanode-2/data/ratis/c9af42f0-a67a-4606-a776-393c3149f821/current/log_inprogress_0
2023-05-08 09:35:26,215 [9cd45e4a-89d7-4ae2-9e76-72416fd6b668@group-393C3149F821-LeaderElection28] INFO  server.RaftServer$Division (ServerState.java:setRaftConf(430)) - 9cd45e4a-89d7-4ae2-9e76-72416fd6b668@group-393C3149F821: set configuration 0: peers:[9cd45e4a-89d7-4ae2-9e76-72416fd6b668|rpc:10.1.0.160:40973|dataStream:10.1.0.160:33571|priority:1|startupRole:FOLLOWER]|listeners:[], old=null
09:35:26.414 [Listener at 127.0.0.1/42911] ERROR SCMAudit - user=null | ip=null | op=DELETE_CONTAINER {remoteUser=unknownUser, containerID=1683538526399} | ret=FAILURE
org.apache.hadoop.security.AccessControlException: Access denied for user unknownUser. SCM superuser privilege is required.
	at org.apache.hadoop.hdds.scm.server.StorageContainerManager.checkAdminAccess(StorageContainerManager.java:1862) ~[hdds-server-scm-1.4.0-SNAPSHOT.jar:?]
	at org.apache.hadoop.hdds.scm.server.SCMClientProtocolServer.deleteContainer(SCMClientProtocolServer.java:587) [hdds-server-scm-1.4.0-SNAPSHOT.jar:?]
	at sun.reflect.NativeMethodAccessorImpl.invoke0(Native Method) ~[?:1.8.0_362]
	at sun.reflect.NativeMethodAccessorImpl.invoke(NativeMethodAccessorImpl.java:62) ~[?:1.8.0_362]
	at sun.reflect.DelegatingMethodAccessorImpl.invoke(DelegatingMethodAccessorImpl.java:43) ~[?:1.8.0_362]
	at java.lang.reflect.Method.invoke(Method.java:498) ~[?:1.8.0_362]
	at org.mockito.internal.creation.bytebuddy.MockMethodAdvice.tryInvoke(MockMethodAdvice.java:212) [mockito-core-2.28.2.jar:?]
	at org.mockito.internal.creation.bytebuddy.MockMethodAdvice.access$400(MockMethodAdvice.java:34) [mockito-core-2.28.2.jar:?]
	at org.mockito.internal.creation.bytebuddy.MockMethodAdvice$RealMethodCall.invoke(MockMethodAdvice.java:164) [mockito-core-2.28.2.jar:?]
	at org.mockito.internal.invocation.InterceptedInvocation.callRealMethod(InterceptedInvocation.java:152) [mockito-core-2.28.2.jar:?]
	at org.mockito.internal.stubbing.answers.CallsRealMethods.answer(CallsRealMethods.java:43) [mockito-core-2.28.2.jar:?]
	at org.mockito.Answers.answer(Answers.java:100) [mockito-core-2.28.2.jar:?]
	at org.mockito.internal.handler.MockHandlerImpl.handle(MockHandlerImpl.java:103) [mockito-core-2.28.2.jar:?]
	at org.mockito.internal.handler.NullResultGuardian.handle(NullResultGuardian.java:29) [mockito-core-2.28.2.jar:?]
	at org.mockito.internal.handler.InvocationNotifierHandler.handle(InvocationNotifierHandler.java:35) [mockito-core-2.28.2.jar:?]
	at org.mockito.internal.creation.bytebuddy.MockMethodInterceptor.doIntercept(MockMethodInterceptor.java:61) [mockito-core-2.28.2.jar:?]
	at org.mockito.internal.creation.bytebuddy.MockMethodAdvice.handle(MockMethodAdvice.java:105) [mockito-core-2.28.2.jar:?]
	at org.apache.hadoop.hdds.scm.server.SCMClientProtocolServer.deleteContainer(SCMClientProtocolServer.java:582) [hdds-server-scm-1.4.0-SNAPSHOT.jar:?]
	at org.apache.hadoop.ozone.TestStorageContainerManager.testRpcPermissionWithConf(TestStorageContainerManager.java:204) [test-classes/:?]
	at org.apache.hadoop.ozone.TestStorageContainerManager.testRpcPermission(TestStorageContainerManager.java:178) [test-classes/:?]
	at sun.reflect.NativeMethodAccessorImpl.invoke0(Native Method) ~[?:1.8.0_362]
	at sun.reflect.NativeMethodAccessorImpl.invoke(NativeMethodAccessorImpl.java:62) ~[?:1.8.0_362]
	at sun.reflect.DelegatingMethodAccessorImpl.invoke(DelegatingMethodAccessorImpl.java:43) ~[?:1.8.0_362]
	at java.lang.reflect.Method.invoke(Method.java:498) ~[?:1.8.0_362]
	at org.junit.runners.model.FrameworkMethod$1.runReflectiveCall(FrameworkMethod.java:59) [junit-4.13.1.jar:4.13.1]
	at org.junit.internal.runners.model.ReflectiveCallable.run(ReflectiveCallable.java:12) [junit-4.13.1.jar:4.13.1]
	at org.junit.runners.model.FrameworkMethod.invokeExplosively(FrameworkMethod.java:56) [junit-4.13.1.jar:4.13.1]
	at org.junit.internal.runners.statements.InvokeMethod.evaluate(InvokeMethod.java:17) [junit-4.13.1.jar:4.13.1]
	at org.junit.internal.runners.statements.RunAfters.evaluate(RunAfters.java:27) [junit-4.13.1.jar:4.13.1]
	at org.junit.rules.ExpectedException$ExpectedExceptionStatement.evaluate(ExpectedException.java:258) [junit-4.13.1.jar:4.13.1]
	at org.junit.internal.runners.statements.FailOnTimeout$CallableStatement.call(FailOnTimeout.java:288) [junit-4.13.1.jar:4.13.1]
	at org.junit.internal.runners.statements.FailOnTimeout$CallableStatement.call(FailOnTimeout.java:282) [junit-4.13.1.jar:4.13.1]
	at java.util.concurrent.FutureTask.run(FutureTask.java:266) [?:1.8.0_362]
	at java.lang.Thread.run(Thread.java:750) [?:1.8.0_362]
2023-05-08 09:35:26,448 [Listener at 127.0.0.1/42911] INFO  ozone.MiniOzoneClusterImpl (MiniOzoneClusterImpl.java:shutdown(457)) - Shutting down the Mini Ozone Cluster
2023-05-08 09:35:26,449 [Listener at 127.0.0.1/42911] INFO  ozone.MiniOzoneClusterImpl (MiniOzoneClusterImpl.java:stop(476)) - Stopping the Mini Ozone Cluster
2023-05-08 09:35:26,449 [Listener at 127.0.0.1/42911] INFO  ozone.MiniOzoneClusterImpl (MiniOzoneClusterImpl.java:stopOM(562)) - Stopping the OzoneManager
2023-05-08 09:35:26,450 [Listener at 127.0.0.1/42911] INFO  om.OzoneManager (OzoneManager.java:stop(2173)) - om1[localhost:0]: Stopping Ozone Manager
2023-05-08 09:35:26,450 [Listener at 127.0.0.1/42911] INFO  ipc.Server (Server.java:stop(3501)) - Stopping server on 42911
2023-05-08 09:35:26,453 [IPC Server listener on 0] INFO  ipc.Server (Server.java:run(1430)) - Stopping IPC Server listener on 0
2023-05-08 09:35:26,455 [IPC Server Responder] INFO  ipc.Server (Server.java:run(1563)) - Stopping IPC Server Responder
2023-05-08 09:35:26,456 [Listener at 127.0.0.1/42911] INFO  server.RaftServer (RaftServerProxy.java:lambda$close$6(409)) - om1: close
2023-05-08 09:35:26,457 [Listener at 127.0.0.1/42911] INFO  server.GrpcService (GrpcService.java:closeImpl(271)) - om1: shutdown server GrpcServerProtocolService now
2023-05-08 09:35:26,457 [om1-impl-thread1] INFO  server.RaftServer$Division (RaftServerImpl.java:lambda$close$4(458)) - om1@group-C5BA1605619E: shutdown
2023-05-08 09:35:26,457 [om1-impl-thread1] INFO  util.JmxRegister (JmxRegister.java:unregister(73)) - Successfully un-registered JMX Bean with object name Ratis:service=RaftServer,group=group-C5BA1605619E,id=om1
2023-05-08 09:35:26,457 [om1-impl-thread1] INFO  impl.RoleInfo (RoleInfo.java:shutdownLeaderState(93)) - om1: shutdown om1@group-C5BA1605619E-LeaderStateImpl
2023-05-08 09:35:26,457 [om1-impl-thread1] INFO  impl.PendingRequests (PendingRequests.java:sendNotLeaderResponses(282)) - om1@group-C5BA1605619E-PendingRequests: sendNotLeaderResponses
2023-05-08 09:35:26,457 [om1-impl-thread1] INFO  impl.StateMachineUpdater (StateMachineUpdater.java:stopAndJoin(153)) - om1@group-C5BA1605619E-StateMachineUpdater: set stopIndex = 0
2023-05-08 09:35:26,458 [om1@group-C5BA1605619E-StateMachineUpdater] INFO  ratis.OzoneManagerStateMachine (OzoneManagerStateMachine.java:takeSnapshot(479)) - Current Snapshot Index (t:1, i:0)
2023-05-08 09:35:26,459 [Listener at 127.0.0.1/42911] INFO  server.GrpcService (GrpcService.java:closeImpl(280)) - om1: shutdown server GrpcServerProtocolService successfully
2023-05-08 09:35:26,477 [om1@group-C5BA1605619E-StateMachineUpdater] INFO  impl.StateMachineUpdater (StateMachineUpdater.java:takeSnapshot(287)) - om1@group-C5BA1605619E-StateMachineUpdater: Took a snapshot at index 0
2023-05-08 09:35:26,477 [om1@group-C5BA1605619E-StateMachineUpdater] INFO  impl.StateMachineUpdater (StateMachineUpdater.java:lambda$new$0(92)) - om1@group-C5BA1605619E-StateMachineUpdater: snapshotIndex: updateIncreasingly -1 -> 0
2023-05-08 09:35:26,477 [om1@group-C5BA1605619E-StateMachineUpdater] INFO  ratis.OzoneManagerStateMachine (OzoneManagerStateMachine.java:close(533)) - StateMachine has shutdown. Shutdown OzoneManager if not already shutdown.
2023-05-08 09:35:26,477 [om1@group-C5BA1605619E-StateMachineUpdater] INFO  ratis.OzoneManagerDoubleBuffer (OzoneManagerDoubleBuffer.java:stopDaemon(559)) - Stopping OMDoubleBuffer flush thread
2023-05-08 09:35:26,478 [OMDoubleBufferFlushThread] INFO  ratis.OzoneManagerDoubleBuffer (OzoneManagerDoubleBuffer.java:canFlush(648)) - OMDoubleBuffer flush thread OMDoubleBufferFlushThread is interrupted and will exit.
2023-05-08 09:35:26,478 [om1-impl-thread1] INFO  server.RaftServer$Division (ServerState.java:close(466)) - om1@group-C5BA1605619E: closes. applyIndex: 0
2023-05-08 09:35:26,478 [om1@group-C5BA1605619E-SegmentedRaftLogWorker] INFO  segmented.SegmentedRaftLogWorker (SegmentedRaftLogWorker.java:run(347)) - om1@group-C5BA1605619E-SegmentedRaftLogWorker was interrupted, exiting. There are 0 tasks remaining in the queue.
2023-05-08 09:35:26,481 [om1-impl-thread1] INFO  segmented.SegmentedRaftLogWorker (SegmentedRaftLogWorker.java:close(257)) - om1@group-C5BA1605619E-SegmentedRaftLogWorker close()
2023-05-08 09:35:26,481 [JvmPauseMonitor12] INFO  util.JvmPauseMonitor (JvmPauseMonitor.java:run(111)) - JvmPauseMonitor-om1: Stopped
2023-05-08 09:35:26,481 [Listener at 127.0.0.1/42911] INFO  ratis.OzoneManagerStateMachine (OzoneManagerStateMachine.java:close(533)) - StateMachine has shutdown. Shutdown OzoneManager if not already shutdown.
2023-05-08 09:35:26,482 [Listener at 127.0.0.1/42911] INFO  ratis.OzoneManagerDoubleBuffer (OzoneManagerDoubleBuffer.java:stopDaemon(568)) - OMDoubleBuffer flush thread is not running.
2023-05-08 09:35:26,482 [Listener at 127.0.0.1/42911] INFO  utils.BackgroundService (BackgroundService.java:shutdown(141)) - Shutting down service KeyDeletingService
2023-05-08 09:35:26,482 [Listener at 127.0.0.1/42911] INFO  utils.BackgroundService (BackgroundService.java:shutdown(141)) - Shutting down service KeyDeletingService
2023-05-08 09:35:26,482 [Listener at 127.0.0.1/42911] INFO  utils.BackgroundService (BackgroundService.java:shutdown(141)) - Shutting down service OpenKeyCleanupService
2023-05-08 09:35:26,483 [Listener at 127.0.0.1/42911] INFO  utils.BackgroundService (BackgroundService.java:shutdown(141)) - Shutting down service SstFilteringService
2023-05-08 09:35:26,483 [Listener at 127.0.0.1/42911] INFO  utils.BackgroundService (BackgroundService.java:shutdown(141)) - Shutting down service SnapshotDeletingService
2023-05-08 09:35:26,483 [Listener at 127.0.0.1/42911] INFO  handler.ContextHandler (ContextHandler.java:doStop(1159)) - Stopped o.e.j.w.WebAppContext@3a3f77c7{ozoneManager,/,null,STOPPED}{file:/home/runner/work/ozone/ozone/hadoop-ozone/integration-test/target/test-classes/webapps/ozoneManager}
2023-05-08 09:35:26,484 [Listener at 127.0.0.1/42911] INFO  server.AbstractConnector (AbstractConnector.java:doStop(383)) - Stopped ServerConnector@299ee55a{HTTP/1.1, (http/1.1)}{0.0.0.0:0}
2023-05-08 09:35:26,484 [Listener at 127.0.0.1/42911] INFO  server.session (HouseKeeper.java:stopScavenging(149)) - node0 Stopped scavenging
2023-05-08 09:35:26,485 [Listener at 127.0.0.1/42911] INFO  handler.ContextHandler (ContextHandler.java:doStop(1159)) - Stopped o.e.j.s.ServletContextHandler@613a5917{static,/static,file:///home/runner/work/ozone/ozone/hadoop-ozone/integration-test/target/test-classes/webapps/static,STOPPED}
2023-05-08 09:35:26,485 [Listener at 127.0.0.1/42911] INFO  handler.ContextHandler (ContextHandler.java:doStop(1159)) - Stopped o.e.j.s.ServletContextHandler@4c026a09{logs,/logs,file:///home/runner/work/ozone/ozone/hadoop-ozone/integration-test/target/log,STOPPED}
2023-05-08 09:35:26,487 [Listener at 127.0.0.1/42911] INFO  utils.BackgroundService (BackgroundService.java:shutdown(141)) - Shutting down service SnapshotDiffCleanupService
2023-05-08 09:35:26,489 [Listener at 127.0.0.1/42911] INFO  ozone.MiniOzoneClusterImpl (MiniOzoneClusterImpl.java:stopDatanodes(539)) - Stopping the HddsDatanodes
2023-05-08 09:35:26,492 [Listener at 127.0.0.1/42911] INFO  ozoneimpl.OzoneContainer (OzoneContainer.java:stop(419)) - Attempting to stop container services.
2023-05-08 09:35:26,493 [Listener at 127.0.0.1/42911] INFO  server.RaftServer (RaftServerProxy.java:lambda$close$6(409)) - 17dccb1e-3aac-4103-8ad9-4d3b247cd28f: close
2023-05-08 09:35:26,493 [17dccb1e-3aac-4103-8ad9-4d3b247cd28f-impl-thread1] INFO  server.RaftServer$Division (RaftServerImpl.java:lambda$close$4(458)) - 17dccb1e-3aac-4103-8ad9-4d3b247cd28f@group-1ABBF1605D1A: shutdown
2023-05-08 09:35:26,493 [17dccb1e-3aac-4103-8ad9-4d3b247cd28f-impl-thread1] INFO  util.JmxRegister (JmxRegister.java:unregister(73)) - Successfully un-registered JMX Bean with object name Ratis:service=RaftServer,group=group-1ABBF1605D1A,id=17dccb1e-3aac-4103-8ad9-4d3b247cd28f
2023-05-08 09:35:26,493 [17dccb1e-3aac-4103-8ad9-4d3b247cd28f-impl-thread1] INFO  impl.RoleInfo (RoleInfo.java:shutdownFollowerState(110)) - 17dccb1e-3aac-4103-8ad9-4d3b247cd28f: shutdown 17dccb1e-3aac-4103-8ad9-4d3b247cd28f@group-1ABBF1605D1A-FollowerState
2023-05-08 09:35:26,494 [17dccb1e-3aac-4103-8ad9-4d3b247cd28f-impl-thread2] INFO  server.RaftServer$Division (RaftServerImpl.java:lambda$close$4(458)) - 17dccb1e-3aac-4103-8ad9-4d3b247cd28f@group-277BF47F914E: shutdown
2023-05-08 09:35:26,494 [17dccb1e-3aac-4103-8ad9-4d3b247cd28f-impl-thread2] INFO  util.JmxRegister (JmxRegister.java:unregister(73)) - Successfully un-registered JMX Bean with object name Ratis:service=RaftServer,group=group-277BF47F914E,id=17dccb1e-3aac-4103-8ad9-4d3b247cd28f
2023-05-08 09:35:26,494 [17dccb1e-3aac-4103-8ad9-4d3b247cd28f-impl-thread2] INFO  impl.RoleInfo (RoleInfo.java:shutdownLeaderState(93)) - 17dccb1e-3aac-4103-8ad9-4d3b247cd28f: shutdown 17dccb1e-3aac-4103-8ad9-4d3b247cd28f@group-277BF47F914E-LeaderStateImpl
2023-05-08 09:35:26,494 [17dccb1e-3aac-4103-8ad9-4d3b247cd28f-impl-thread2] INFO  impl.PendingRequests (PendingRequests.java:sendNotLeaderResponses(282)) - 17dccb1e-3aac-4103-8ad9-4d3b247cd28f@group-277BF47F914E-PendingRequests: sendNotLeaderResponses
2023-05-08 09:35:26,494 [17dccb1e-3aac-4103-8ad9-4d3b247cd28f@group-277BF47F914E-StateMachineUpdater] INFO  ratis.ContainerStateMachine (ContainerStateMachine.java:takeSnapshot(330)) - group-277BF47F914E: Taking a snapshot at:(t:1, i:0) file /home/runner/work/ozone/ozone/hadoop-ozone/integration-test/target/test-dir/MiniOzoneClusterImpl-e3f0e696-295c-4d93-87a4-d859f2bb0e1a/datanode-1/data/ratis/a736e046-6a4c-49a7-98a0-277bf47f914e/sm/snapshot.1_0
2023-05-08 09:35:26,495 [17dccb1e-3aac-4103-8ad9-4d3b247cd28f-impl-thread2] INFO  impl.StateMachineUpdater (StateMachineUpdater.java:stopAndJoin(153)) - 17dccb1e-3aac-4103-8ad9-4d3b247cd28f@group-277BF47F914E-StateMachineUpdater: set stopIndex = 0
2023-05-08 09:35:26,495 [Listener at 127.0.0.1/42911] INFO  server.GrpcService (GrpcService.java:closeImpl(271)) - 17dccb1e-3aac-4103-8ad9-4d3b247cd28f: shutdown server GrpcServerProtocolService now
2023-05-08 09:35:26,496 [17dccb1e-3aac-4103-8ad9-4d3b247cd28f-impl-thread1] INFO  impl.StateMachineUpdater (StateMachineUpdater.java:stopAndJoin(153)) - 17dccb1e-3aac-4103-8ad9-4d3b247cd28f@group-1ABBF1605D1A-StateMachineUpdater: set stopIndex = 0
2023-05-08 09:35:26,496 [17dccb1e-3aac-4103-8ad9-4d3b247cd28f@group-1ABBF1605D1A-FollowerState] INFO  impl.FollowerState (FollowerState.java:run(152)) - 17dccb1e-3aac-4103-8ad9-4d3b247cd28f@group-1ABBF1605D1A-FollowerState was interrupted
2023-05-08 09:35:26,502 [17dccb1e-3aac-4103-8ad9-4d3b247cd28f@group-277BF47F914E-StateMachineUpdater] INFO  ratis.ContainerStateMachine (ContainerStateMachine.java:takeSnapshot(341)) - group-277BF47F914E: Finished taking a snapshot at:(t:1, i:0) file:/home/runner/work/ozone/ozone/hadoop-ozone/integration-test/target/test-dir/MiniOzoneClusterImpl-e3f0e696-295c-4d93-87a4-d859f2bb0e1a/datanode-1/data/ratis/a736e046-6a4c-49a7-98a0-277bf47f914e/sm/snapshot.1_0 took: 7 ms
2023-05-08 09:35:26,502 [17dccb1e-3aac-4103-8ad9-4d3b247cd28f-impl-thread3] INFO  server.RaftServer$Division (RaftServerImpl.java:lambda$close$4(458)) - 17dccb1e-3aac-4103-8ad9-4d3b247cd28f@group-0CC5089ECD43: shutdown
2023-05-08 09:35:26,502 [17dccb1e-3aac-4103-8ad9-4d3b247cd28f-impl-thread3] INFO  util.JmxRegister (JmxRegister.java:unregister(73)) - Successfully un-registered JMX Bean with object name Ratis:service=RaftServer,group=group-0CC5089ECD43,id=17dccb1e-3aac-4103-8ad9-4d3b247cd28f
2023-05-08 09:35:26,502 [17dccb1e-3aac-4103-8ad9-4d3b247cd28f-impl-thread3] INFO  impl.RoleInfo (RoleInfo.java:shutdownFollowerState(110)) - 17dccb1e-3aac-4103-8ad9-4d3b247cd28f: shutdown 17dccb1e-3aac-4103-8ad9-4d3b247cd28f@group-0CC5089ECD43-FollowerState
2023-05-08 09:35:26,502 [17dccb1e-3aac-4103-8ad9-4d3b247cd28f-impl-thread3] INFO  impl.StateMachineUpdater (StateMachineUpdater.java:stopAndJoin(153)) - 17dccb1e-3aac-4103-8ad9-4d3b247cd28f@group-0CC5089ECD43-StateMachineUpdater: set stopIndex = -1
2023-05-08 09:35:26,502 [17dccb1e-3aac-4103-8ad9-4d3b247cd28f-impl-thread3] INFO  server.RaftServer$Division (ServerState.java:close(466)) - 17dccb1e-3aac-4103-8ad9-4d3b247cd28f@group-0CC5089ECD43: closes. applyIndex: -1
2023-05-08 09:35:26,502 [17dccb1e-3aac-4103-8ad9-4d3b247cd28f@group-0CC5089ECD43-SegmentedRaftLogWorker] INFO  segmented.SegmentedRaftLogWorker (SegmentedRaftLogWorker.java:run(347)) - 17dccb1e-3aac-4103-8ad9-4d3b247cd28f@group-0CC5089ECD43-SegmentedRaftLogWorker was interrupted, exiting. There are 0 tasks remaining in the queue.
2023-05-08 09:35:26,503 [ForkJoinPool.commonPool-worker-1] INFO  ozoneimpl.OzoneContainer (OzoneContainer.java:stop(419)) - Attempting to stop container services.
2023-05-08 09:35:26,503 [17dccb1e-3aac-4103-8ad9-4d3b247cd28f@group-1ABBF1605D1A-StateMachineUpdater] INFO  ratis.ContainerStateMachine (ContainerStateMachine.java:takeSnapshot(330)) - group-1ABBF1605D1A: Taking a snapshot at:(t:1, i:0) file /home/runner/work/ozone/ozone/hadoop-ozone/integration-test/target/test-dir/MiniOzoneClusterImpl-e3f0e696-295c-4d93-87a4-d859f2bb0e1a/datanode-1/data/ratis/a2a203c4-bd7b-4da4-a148-1abbf1605d1a/sm/snapshot.1_0
2023-05-08 09:35:26,504 [grpc-default-executor-4] WARN  server.GrpcServerProtocolService (LogUtils.java:warn(122)) - 17dccb1e-3aac-4103-8ad9-4d3b247cd28f: installSnapshot onError, lastRequest: null: org.apache.ratis.thirdparty.io.grpc.StatusRuntimeException: CANCELLED: client cancelled
2023-05-08 09:35:26,504 [17dccb1e-3aac-4103-8ad9-4d3b247cd28f@group-1ABBF1605D1A-StateMachineUpdater] INFO  ratis.ContainerStateMachine (ContainerStateMachine.java:takeSnapshot(341)) - group-1ABBF1605D1A: Finished taking a snapshot at:(t:1, i:0) file:/home/runner/work/ozone/ozone/hadoop-ozone/integration-test/target/test-dir/MiniOzoneClusterImpl-e3f0e696-295c-4d93-87a4-d859f2bb0e1a/datanode-1/data/ratis/a2a203c4-bd7b-4da4-a148-1abbf1605d1a/sm/snapshot.1_0 took: 2 ms
2023-05-08 09:35:26,505 [17dccb1e-3aac-4103-8ad9-4d3b247cd28f@group-277BF47F914E-StateMachineUpdater] INFO  impl.StateMachineUpdater (StateMachineUpdater.java:takeSnapshot(287)) - 17dccb1e-3aac-4103-8ad9-4d3b247cd28f@group-277BF47F914E-StateMachineUpdater: Took a snapshot at index 0
2023-05-08 09:35:26,505 [17dccb1e-3aac-4103-8ad9-4d3b247cd28f@group-277BF47F914E-StateMachineUpdater] INFO  impl.StateMachineUpdater (StateMachineUpdater.java:lambda$new$0(92)) - 17dccb1e-3aac-4103-8ad9-4d3b247cd28f@group-277BF47F914E-StateMachineUpdater: snapshotIndex: updateIncreasingly -1 -> 0
2023-05-08 09:35:26,505 [17dccb1e-3aac-4103-8ad9-4d3b247cd28f@group-1ABBF1605D1A-StateMachineUpdater] INFO  impl.StateMachineUpdater (StateMachineUpdater.java:takeSnapshot(287)) - 17dccb1e-3aac-4103-8ad9-4d3b247cd28f@group-1ABBF1605D1A-StateMachineUpdater: Took a snapshot at index 0
2023-05-08 09:35:26,505 [17dccb1e-3aac-4103-8ad9-4d3b247cd28f@group-1ABBF1605D1A-StateMachineUpdater] INFO  impl.StateMachineUpdater (StateMachineUpdater.java:lambda$new$0(92)) - 17dccb1e-3aac-4103-8ad9-4d3b247cd28f@group-1ABBF1605D1A-StateMachineUpdater: snapshotIndex: updateIncreasingly -1 -> 0
2023-05-08 09:35:26,505 [grpc-default-executor-1] WARN  server.GrpcServerProtocolService (LogUtils.java:warn(122)) - 17dccb1e-3aac-4103-8ad9-4d3b247cd28f: installSnapshot onError, lastRequest: 9cd45e4a-89d7-4ae2-9e76-72416fd6b668->17dccb1e-3aac-4103-8ad9-4d3b247cd28f#1-t1,previous=(t:0, i:0),leaderCommit=0,initializing? true,entries: size=1, first=(t:1, i:0), CONFIGURATIONENTRY(current:id: "55e20b8b-283c-4747-9932-f8afe0177efb"
address: "10.1.0.160:36567"
dataStreamAddress: "10.1.0.160:36329"
clientAddress: "10.1.0.160:36567"
adminAddress: "10.1.0.160:36567"
startupRole: FOLLOWER
,id: "17dccb1e-3aac-4103-8ad9-4d3b247cd28f"
address: "10.1.0.160:44231"
dataStreamAddress: "10.1.0.160:37067"
clientAddress: "10.1.0.160:44231"
adminAddress: "10.1.0.160:44231"
startupRole: FOLLOWER
,id: "9cd45e4a-89d7-4ae2-9e76-72416fd6b668"
address: "10.1.0.160:40973"
priority: 1
dataStreamAddress: "10.1.0.160:33571"
clientAddress: "10.1.0.160:40973"
adminAddress: "10.1.0.160:40973"
startupRole: FOLLOWER
, old:): org.apache.ratis.thirdparty.io.grpc.StatusRuntimeException: CANCELLED: client cancelled
2023-05-08 09:35:26,505 [grpc-default-executor-2] WARN  server.GrpcServerProtocolService (LogUtils.java:warn(122)) - 17dccb1e-3aac-4103-8ad9-4d3b247cd28f: installSnapshot onError, lastRequest: 55e20b8b-283c-4747-9932-f8afe0177efb->17dccb1e-3aac-4103-8ad9-4d3b247cd28f#1-t1,previous=(t:0, i:0),leaderCommit=-1,initializing? true,entries: size=1, first=(t:1, i:0), CONFIGURATIONENTRY(current:id: "55e20b8b-283c-4747-9932-f8afe0177efb"
address: "10.1.0.160:36567"
priority: 1
dataStreamAddress: "10.1.0.160:36329"
clientAddress: "10.1.0.160:36567"
adminAddress: "10.1.0.160:36567"
startupRole: FOLLOWER
,id: "17dccb1e-3aac-4103-8ad9-4d3b247cd28f"
address: "10.1.0.160:44231"
dataStreamAddress: "10.1.0.160:37067"
clientAddress: "10.1.0.160:44231"
adminAddress: "10.1.0.160:44231"
startupRole: FOLLOWER
,id: "9cd45e4a-89d7-4ae2-9e76-72416fd6b668"
address: "10.1.0.160:40973"
dataStreamAddress: "10.1.0.160:33571"
clientAddress: "10.1.0.160:40973"
adminAddress: "10.1.0.160:40973"
startupRole: FOLLOWER
, old:): org.apache.ratis.thirdparty.io.grpc.StatusRuntimeException: CANCELLED: client cancelled
2023-05-08 09:35:26,505 [17dccb1e-3aac-4103-8ad9-4d3b247cd28f-impl-thread1] INFO  server.RaftServer$Division (ServerState.java:close(466)) - 17dccb1e-3aac-4103-8ad9-4d3b247cd28f@group-1ABBF1605D1A: closes. applyIndex: 0
2023-05-08 09:35:26,506 [17dccb1e-3aac-4103-8ad9-4d3b247cd28f-impl-thread2] INFO  server.RaftServer$Division (ServerState.java:close(466)) - 17dccb1e-3aac-4103-8ad9-4d3b247cd28f@group-277BF47F914E: closes. applyIndex: 0
2023-05-08 09:35:26,506 [grpc-default-executor-0] WARN  server.GrpcLogAppender (LogUtils.java:warn(122)) - 55e20b8b-283c-4747-9932-f8afe0177efb@group-0CC5089ECD43->17dccb1e-3aac-4103-8ad9-4d3b247cd28f-AppendLogResponseHandler: Failed appendEntries: org.apache.ratis.thirdparty.io.grpc.StatusRuntimeException: CANCELLED: RST_STREAM closed stream. HTTP/2 error code: CANCEL
2023-05-08 09:35:26,507 [grpc-default-executor-0] WARN  server.GrpcLogAppender (GrpcLogAppender.java:resetClient(131)) - 55e20b8b-283c-4747-9932-f8afe0177efb@group-0CC5089ECD43->17dccb1e-3aac-4103-8ad9-4d3b247cd28f-GrpcLogAppender: Leader has not got in touch with Follower 55e20b8b-283c-4747-9932-f8afe0177efb@group-0CC5089ECD43->17dccb1e-3aac-4103-8ad9-4d3b247cd28f(c-1,m0,n1, attendVote=true, lastRpcSendTime=759, lastRpcResponseTime=723) yet, just keep nextIndex unchanged and retry.
2023-05-08 09:35:26,507 [17dccb1e-3aac-4103-8ad9-4d3b247cd28f-impl-thread3] INFO  segmented.SegmentedRaftLogWorker (SegmentedRaftLogWorker.java:close(257)) - 17dccb1e-3aac-4103-8ad9-4d3b247cd28f@group-0CC5089ECD43-SegmentedRaftLogWorker close()
2023-05-08 09:35:26,509 [grpc-default-executor-0] WARN  server.GrpcServerProtocolService (LogUtils.java:warn(122)) - 17dccb1e-3aac-4103-8ad9-4d3b247cd28f: installSnapshot onError, lastRequest: null: org.apache.ratis.thirdparty.io.grpc.StatusRuntimeException: CANCELLED: client cancelled
2023-05-08 09:35:26,509 [Listener at 127.0.0.1/42911] INFO  server.GrpcService (GrpcService.java:closeImpl(280)) - 17dccb1e-3aac-4103-8ad9-4d3b247cd28f: shutdown server GrpcServerProtocolService successfully
2023-05-08 09:35:26,509 [17dccb1e-3aac-4103-8ad9-4d3b247cd28f-NettyServerStreamRpc-bossGroup--thread1] INFO  logging.LoggingHandler (AbstractInternalLogger.java:log(148)) - [id: 0x71f5c980, L:/0:0:0:0:0:0:0:0:37067] CLOSE
2023-05-08 09:35:26,509 [17dccb1e-3aac-4103-8ad9-4d3b247cd28f-NettyServerStreamRpc-bossGroup--thread1] INFO  logging.LoggingHandler (AbstractInternalLogger.java:log(148)) - [id: 0x71f5c980, L:/0:0:0:0:0:0:0:0:37067] INACTIVE
2023-05-08 09:35:26,510 [17dccb1e-3aac-4103-8ad9-4d3b247cd28f-NettyServerStreamRpc-bossGroup--thread1] INFO  logging.LoggingHandler (AbstractInternalLogger.java:log(148)) - [id: 0x71f5c980, L:/0:0:0:0:0:0:0:0:37067] UNREGISTERED
2023-05-08 09:35:26,510 [grpc-default-executor-7] WARN  server.GrpcLogAppender (LogUtils.java:warn(122)) - 9cd45e4a-89d7-4ae2-9e76-72416fd6b668@group-1ABBF1605D1A->17dccb1e-3aac-4103-8ad9-4d3b247cd28f-AppendLogResponseHandler: Failed appendEntries: org.apache.ratis.thirdparty.io.grpc.StatusRuntimeException: CANCELLED: RST_STREAM closed stream. HTTP/2 error code: CANCEL
2023-05-08 09:35:26,510 [grpc-default-executor-7] WARN  server.GrpcLogAppender (GrpcLogAppender.java:resetClient(131)) - 9cd45e4a-89d7-4ae2-9e76-72416fd6b668@group-1ABBF1605D1A->17dccb1e-3aac-4103-8ad9-4d3b247cd28f-GrpcLogAppender: Leader has not got in touch with Follower 9cd45e4a-89d7-4ae2-9e76-72416fd6b668@group-1ABBF1605D1A->17dccb1e-3aac-4103-8ad9-4d3b247cd28f(c0,m0,n1, attendVote=true, lastRpcSendTime=876, lastRpcResponseTime=851) yet, just keep nextIndex unchanged and retry.
2023-05-08 09:35:26,528 [17dccb1e-3aac-4103-8ad9-4d3b247cd28f@group-0CC5089ECD43-FollowerState] INFO  impl.FollowerState (FollowerState.java:run(152)) - 17dccb1e-3aac-4103-8ad9-4d3b247cd28f@group-0CC5089ECD43-FollowerState was interrupted
2023-05-08 09:35:26,557 [17dccb1e-3aac-4103-8ad9-4d3b247cd28f@group-277BF47F914E-SegmentedRaftLogWorker] INFO  segmented.SegmentedRaftLogWorker (SegmentedRaftLogWorker.java:run(347)) - 17dccb1e-3aac-4103-8ad9-4d3b247cd28f@group-277BF47F914E-SegmentedRaftLogWorker was interrupted, exiting. There are 0 tasks remaining in the queue.
2023-05-08 09:35:26,560 [17dccb1e-3aac-4103-8ad9-4d3b247cd28f@group-1ABBF1605D1A-SegmentedRaftLogWorker] INFO  segmented.SegmentedRaftLogWorker (SegmentedRaftLogWorker.java:run(347)) - 17dccb1e-3aac-4103-8ad9-4d3b247cd28f@group-1ABBF1605D1A-SegmentedRaftLogWorker was interrupted, exiting. There are 0 tasks remaining in the queue.
2023-05-08 09:35:26,560 [ForkJoinPool.commonPool-worker-1] INFO  server.RaftServer (RaftServerProxy.java:lambda$close$6(409)) - 55e20b8b-283c-4747-9932-f8afe0177efb: close
2023-05-08 09:35:26,560 [55e20b8b-283c-4747-9932-f8afe0177efb-impl-thread1] INFO  server.RaftServer$Division (RaftServerImpl.java:lambda$close$4(458)) - 55e20b8b-283c-4747-9932-f8afe0177efb@group-1ABBF1605D1A: shutdown
2023-05-08 09:35:26,560 [55e20b8b-283c-4747-9932-f8afe0177efb-impl-thread1] INFO  util.JmxRegister (JmxRegister.java:unregister(73)) - Successfully un-registered JMX Bean with object name Ratis:service=RaftServer,group=group-1ABBF1605D1A,id=55e20b8b-283c-4747-9932-f8afe0177efb
2023-05-08 09:35:26,560 [55e20b8b-283c-4747-9932-f8afe0177efb-impl-thread1] INFO  impl.RoleInfo (RoleInfo.java:shutdownFollowerState(110)) - 55e20b8b-283c-4747-9932-f8afe0177efb: shutdown 55e20b8b-283c-4747-9932-f8afe0177efb@group-1ABBF1605D1A-FollowerState
2023-05-08 09:35:26,565 [55e20b8b-283c-4747-9932-f8afe0177efb-impl-thread2] INFO  server.RaftServer$Division (RaftServerImpl.java:lambda$close$4(458)) - 55e20b8b-283c-4747-9932-f8afe0177efb@group-0CC5089ECD43: shutdown
2023-05-08 09:35:26,566 [55e20b8b-283c-4747-9932-f8afe0177efb-impl-thread2] INFO  util.JmxRegister (JmxRegister.java:unregister(73)) - Successfully un-registered JMX Bean with object name Ratis:service=RaftServer,group=group-0CC5089ECD43,id=55e20b8b-283c-4747-9932-f8afe0177efb
2023-05-08 09:35:26,566 [55e20b8b-283c-4747-9932-f8afe0177efb-impl-thread2] INFO  impl.RoleInfo (RoleInfo.java:shutdownLeaderState(93)) - 55e20b8b-283c-4747-9932-f8afe0177efb: shutdown 55e20b8b-283c-4747-9932-f8afe0177efb@group-0CC5089ECD43-LeaderStateImpl
2023-05-08 09:35:26,566 [ForkJoinPool.commonPool-worker-1] INFO  server.GrpcService (GrpcService.java:closeImpl(271)) - 55e20b8b-283c-4747-9932-f8afe0177efb: shutdown server GrpcServerProtocolService now
2023-05-08 09:35:26,577 [55e20b8b-283c-4747-9932-f8afe0177efb-impl-thread3] INFO  server.RaftServer$Division (RaftServerImpl.java:lambda$close$4(458)) - 55e20b8b-283c-4747-9932-f8afe0177efb@group-6A945276AB4F: shutdown
2023-05-08 09:35:26,577 [55e20b8b-283c-4747-9932-f8afe0177efb-impl-thread3] INFO  util.JmxRegister (JmxRegister.java:unregister(73)) - Successfully un-registered JMX Bean with object name Ratis:service=RaftServer,group=group-6A945276AB4F,id=55e20b8b-283c-4747-9932-f8afe0177efb
2023-05-08 09:35:26,577 [55e20b8b-283c-4747-9932-f8afe0177efb-impl-thread3] INFO  impl.RoleInfo (RoleInfo.java:shutdownLeaderState(93)) - 55e20b8b-283c-4747-9932-f8afe0177efb: shutdown 55e20b8b-283c-4747-9932-f8afe0177efb@group-6A945276AB4F-LeaderStateImpl
2023-05-08 09:35:26,577 [55e20b8b-283c-4747-9932-f8afe0177efb-impl-thread3] INFO  impl.PendingRequests (PendingRequests.java:sendNotLeaderResponses(282)) - 55e20b8b-283c-4747-9932-f8afe0177efb@group-6A945276AB4F-PendingRequests: sendNotLeaderResponses
2023-05-08 09:35:26,577 [55e20b8b-283c-4747-9932-f8afe0177efb-impl-thread2] INFO  impl.PendingRequests (PendingRequests.java:sendNotLeaderResponses(282)) - 55e20b8b-283c-4747-9932-f8afe0177efb@group-0CC5089ECD43-PendingRequests: sendNotLeaderResponses
2023-05-08 09:35:26,578 [55e20b8b-283c-4747-9932-f8afe0177efb-impl-thread3] INFO  impl.StateMachineUpdater (StateMachineUpdater.java:stopAndJoin(153)) - 55e20b8b-283c-4747-9932-f8afe0177efb@group-6A945276AB4F-StateMachineUpdater: set stopIndex = 0
2023-05-08 09:35:26,578 [55e20b8b-283c-4747-9932-f8afe0177efb-impl-thread2] INFO  impl.StateMachineUpdater (StateMachineUpdater.java:stopAndJoin(153)) - 55e20b8b-283c-4747-9932-f8afe0177efb@group-0CC5089ECD43-StateMachineUpdater: set stopIndex = 0
2023-05-08 09:35:26,578 [55e20b8b-283c-4747-9932-f8afe0177efb@group-0CC5089ECD43-StateMachineUpdater] INFO  ratis.ContainerStateMachine (ContainerStateMachine.java:takeSnapshot(330)) - group-0CC5089ECD43: Taking a snapshot at:(t:1, i:0) file /home/runner/work/ozone/ozone/hadoop-ozone/integration-test/target/test-dir/MiniOzoneClusterImpl-e3f0e696-295c-4d93-87a4-d859f2bb0e1a/datanode-0/data/ratis/e60d0af8-fd7a-4830-be53-0cc5089ecd43/sm/snapshot.1_0
2023-05-08 09:35:26,578 [55e20b8b-283c-4747-9932-f8afe0177efb-impl-thread1] INFO  impl.StateMachineUpdater (StateMachineUpdater.java:stopAndJoin(153)) - 55e20b8b-283c-4747-9932-f8afe0177efb@group-1ABBF1605D1A-StateMachineUpdater: set stopIndex = 0
2023-05-08 09:35:26,579 [55e20b8b-283c-4747-9932-f8afe0177efb@group-1ABBF1605D1A-FollowerState] INFO  impl.FollowerState (FollowerState.java:run(152)) - 55e20b8b-283c-4747-9932-f8afe0177efb@group-1ABBF1605D1A-FollowerState was interrupted
2023-05-08 09:35:26,579 [55e20b8b-283c-4747-9932-f8afe0177efb@group-6A945276AB4F-StateMachineUpdater] INFO  ratis.ContainerStateMachine (ContainerStateMachine.java:takeSnapshot(330)) - group-6A945276AB4F: Taking a snapshot at:(t:1, i:0) file /home/runner/work/ozone/ozone/hadoop-ozone/integration-test/target/test-dir/MiniOzoneClusterImpl-e3f0e696-295c-4d93-87a4-d859f2bb0e1a/datanode-0/data/ratis/70989d1e-d352-423a-9d09-6a945276ab4f/sm/snapshot.1_0
2023-05-08 09:35:26,579 [55e20b8b-283c-4747-9932-f8afe0177efb@group-1ABBF1605D1A-StateMachineUpdater] INFO  ratis.ContainerStateMachine (ContainerStateMachine.java:takeSnapshot(330)) - group-1ABBF1605D1A: Taking a snapshot at:(t:1, i:0) file /home/runner/work/ozone/ozone/hadoop-ozone/integration-test/target/test-dir/MiniOzoneClusterImpl-e3f0e696-295c-4d93-87a4-d859f2bb0e1a/datanode-0/data/ratis/a2a203c4-bd7b-4da4-a148-1abbf1605d1a/sm/snapshot.1_0
2023-05-08 09:35:26,579 [55e20b8b-283c-4747-9932-f8afe0177efb@group-0CC5089ECD43-StateMachineUpdater] INFO  ratis.ContainerStateMachine (ContainerStateMachine.java:takeSnapshot(341)) - group-0CC5089ECD43: Finished taking a snapshot at:(t:1, i:0) file:/home/runner/work/ozone/ozone/hadoop-ozone/integration-test/target/test-dir/MiniOzoneClusterImpl-e3f0e696-295c-4d93-87a4-d859f2bb0e1a/datanode-0/data/ratis/e60d0af8-fd7a-4830-be53-0cc5089ecd43/sm/snapshot.1_0 took: 1 ms
2023-05-08 09:35:26,579 [55e20b8b-283c-4747-9932-f8afe0177efb@group-0CC5089ECD43-StateMachineUpdater] INFO  impl.StateMachineUpdater (StateMachineUpdater.java:takeSnapshot(287)) - 55e20b8b-283c-4747-9932-f8afe0177efb@group-0CC5089ECD43-StateMachineUpdater: Took a snapshot at index 0
2023-05-08 09:35:26,580 [55e20b8b-283c-4747-9932-f8afe0177efb@group-0CC5089ECD43-StateMachineUpdater] INFO  impl.StateMachineUpdater (StateMachineUpdater.java:lambda$new$0(92)) - 55e20b8b-283c-4747-9932-f8afe0177efb@group-0CC5089ECD43-StateMachineUpdater: snapshotIndex: updateIncreasingly -1 -> 0
2023-05-08 09:35:26,581 [55e20b8b-283c-4747-9932-f8afe0177efb@group-1ABBF1605D1A-StateMachineUpdater] INFO  ratis.ContainerStateMachine (ContainerStateMachine.java:takeSnapshot(341)) - group-1ABBF1605D1A: Finished taking a snapshot at:(t:1, i:0) file:/home/runner/work/ozone/ozone/hadoop-ozone/integration-test/target/test-dir/MiniOzoneClusterImpl-e3f0e696-295c-4d93-87a4-d859f2bb0e1a/datanode-0/data/ratis/a2a203c4-bd7b-4da4-a148-1abbf1605d1a/sm/snapshot.1_0 took: 2 ms
2023-05-08 09:35:26,582 [55e20b8b-283c-4747-9932-f8afe0177efb@group-1ABBF1605D1A-StateMachineUpdater] INFO  impl.StateMachineUpdater (StateMachineUpdater.java:takeSnapshot(287)) - 55e20b8b-283c-4747-9932-f8afe0177efb@group-1ABBF1605D1A-StateMachineUpdater: Took a snapshot at index 0
2023-05-08 09:35:26,582 [55e20b8b-283c-4747-9932-f8afe0177efb@group-1ABBF1605D1A-StateMachineUpdater] INFO  impl.StateMachineUpdater (StateMachineUpdater.java:lambda$new$0(92)) - 55e20b8b-283c-4747-9932-f8afe0177efb@group-1ABBF1605D1A-StateMachineUpdater: snapshotIndex: updateIncreasingly -1 -> 0
2023-05-08 09:35:26,582 [55e20b8b-283c-4747-9932-f8afe0177efb-impl-thread1] INFO  server.RaftServer$Division (ServerState.java:close(466)) - 55e20b8b-283c-4747-9932-f8afe0177efb@group-1ABBF1605D1A: closes. applyIndex: 0
2023-05-08 09:35:26,582 [55e20b8b-283c-4747-9932-f8afe0177efb@group-6A945276AB4F-StateMachineUpdater] INFO  ratis.ContainerStateMachine (ContainerStateMachine.java:takeSnapshot(341)) - group-6A945276AB4F: Finished taking a snapshot at:(t:1, i:0) file:/home/runner/work/ozone/ozone/hadoop-ozone/integration-test/target/test-dir/MiniOzoneClusterImpl-e3f0e696-295c-4d93-87a4-d859f2bb0e1a/datanode-0/data/ratis/70989d1e-d352-423a-9d09-6a945276ab4f/sm/snapshot.1_0 took: 4 ms
2023-05-08 09:35:26,583 [55e20b8b-283c-4747-9932-f8afe0177efb@group-6A945276AB4F-StateMachineUpdater] INFO  impl.StateMachineUpdater (StateMachineUpdater.java:takeSnapshot(287)) - 55e20b8b-283c-4747-9932-f8afe0177efb@group-6A945276AB4F-StateMachineUpdater: Took a snapshot at index 0
2023-05-08 09:35:26,583 [55e20b8b-283c-4747-9932-f8afe0177efb@group-6A945276AB4F-StateMachineUpdater] INFO  impl.StateMachineUpdater (StateMachineUpdater.java:lambda$new$0(92)) - 55e20b8b-283c-4747-9932-f8afe0177efb@group-6A945276AB4F-StateMachineUpdater: snapshotIndex: updateIncreasingly -1 -> 0
2023-05-08 09:35:26,583 [55e20b8b-283c-4747-9932-f8afe0177efb-impl-thread2] INFO  server.RaftServer$Division (ServerState.java:close(466)) - 55e20b8b-283c-4747-9932-f8afe0177efb@group-0CC5089ECD43: closes. applyIndex: 0
2023-05-08 09:35:26,584 [55e20b8b-283c-4747-9932-f8afe0177efb-impl-thread3] INFO  server.RaftServer$Division (ServerState.java:close(466)) - 55e20b8b-283c-4747-9932-f8afe0177efb@group-6A945276AB4F: closes. applyIndex: 0
2023-05-08 09:35:26,588 [55e20b8b-283c-4747-9932-f8afe0177efb@group-0CC5089ECD43->9cd45e4a-89d7-4ae2-9e76-72416fd6b668-GrpcLogAppender-LogAppenderDaemon] WARN  server.GrpcLogAppender (GrpcLogAppender.java:mayWait(200)) - 55e20b8b-283c-4747-9932-f8afe0177efb@group-0CC5089ECD43->9cd45e4a-89d7-4ae2-9e76-72416fd6b668-GrpcLogAppender: Wait interrupted by java.lang.InterruptedException
2023-05-08 09:35:26,589 [grpc-default-executor-5] WARN  server.GrpcLogAppender (LogUtils.java:warn(122)) - 9cd45e4a-89d7-4ae2-9e76-72416fd6b668@group-1ABBF1605D1A->17dccb1e-3aac-4103-8ad9-4d3b247cd28f-AppendLogResponseHandler: Failed appendEntries: org.apache.ratis.thirdparty.io.grpc.StatusRuntimeException: CANCELLED: RST_STREAM closed stream. HTTP/2 error code: CANCEL
2023-05-08 09:35:26,590 [grpc-default-executor-0] INFO  server.GrpcServerProtocolService (GrpcServerProtocolService.java:onCompleted(143)) - 9cd45e4a-89d7-4ae2-9e76-72416fd6b668: Completed APPEND_ENTRIES, lastRequest: 55e20b8b-283c-4747-9932-f8afe0177efb->9cd45e4a-89d7-4ae2-9e76-72416fd6b668#1-t1,previous=(t:0, i:0),leaderCommit=0,initializing? true,entries: size=1, first=(t:1, i:0), CONFIGURATIONENTRY(current:id: "55e20b8b-283c-4747-9932-f8afe0177efb"
address: "10.1.0.160:36567"
priority: 1
dataStreamAddress: "10.1.0.160:36329"
clientAddress: "10.1.0.160:36567"
adminAddress: "10.1.0.160:36567"
startupRole: FOLLOWER
,id: "17dccb1e-3aac-4103-8ad9-4d3b247cd28f"
address: "10.1.0.160:44231"
dataStreamAddress: "10.1.0.160:37067"
clientAddress: "10.1.0.160:44231"
adminAddress: "10.1.0.160:44231"
startupRole: FOLLOWER
,id: "9cd45e4a-89d7-4ae2-9e76-72416fd6b668"
address: "10.1.0.160:40973"
dataStreamAddress: "10.1.0.160:33571"
clientAddress: "10.1.0.160:40973"
adminAddress: "10.1.0.160:40973"
startupRole: FOLLOWER
, old:)
2023-05-08 09:35:26,591 [grpc-default-executor-2] INFO  server.GrpcLogAppender (GrpcLogAppender.java:onCompleted(415)) - 55e20b8b-283c-4747-9932-f8afe0177efb@group-0CC5089ECD43->9cd45e4a-89d7-4ae2-9e76-72416fd6b668-AppendLogResponseHandler: follower responses appendEntries COMPLETED
2023-05-08 09:35:26,591 [grpc-default-executor-2] INFO  leader.FollowerInfo (FollowerInfoImpl.java:lambda$new$0(48)) - 55e20b8b-283c-4747-9932-f8afe0177efb@group-0CC5089ECD43->9cd45e4a-89d7-4ae2-9e76-72416fd6b668: nextIndex: updateUnconditionally 1 -> 0
2023-05-08 09:35:26,591 [grpc-default-executor-0] INFO  server.GrpcServerProtocolService (GrpcServerProtocolService.java:onCompleted(143)) - 9cd45e4a-89d7-4ae2-9e76-72416fd6b668: Completed APPEND_ENTRIES, lastRequest: null
2023-05-08 09:35:26,592 [grpc-default-executor-2] INFO  server.GrpcLogAppender (GrpcLogAppender.java:onCompleted(415)) - 55e20b8b-283c-4747-9932-f8afe0177efb@group-0CC5089ECD43->9cd45e4a-89d7-4ae2-9e76-72416fd6b668-AppendLogResponseHandler: follower responses appendEntries COMPLETED
2023-05-08 09:35:26,592 [grpc-default-executor-2] INFO  leader.FollowerInfo (FollowerInfoImpl.java:lambda$new$0(48)) - 55e20b8b-283c-4747-9932-f8afe0177efb@group-0CC5089ECD43->9cd45e4a-89d7-4ae2-9e76-72416fd6b668: nextIndex: updateUnconditionally 0 -> 0
2023-05-08 09:35:26,592 [grpc-default-executor-5] WARN  server.GrpcLogAppender (GrpcLogAppender.java:resetClient(131)) - 9cd45e4a-89d7-4ae2-9e76-72416fd6b668@group-1ABBF1605D1A->17dccb1e-3aac-4103-8ad9-4d3b247cd28f-GrpcLogAppender: Leader has not got in touch with Follower 9cd45e4a-89d7-4ae2-9e76-72416fd6b668@group-1ABBF1605D1A->17dccb1e-3aac-4103-8ad9-4d3b247cd28f(c0,m0,n1, attendVote=true, lastRpcSendTime=958, lastRpcResponseTime=933) yet, just keep nextIndex unchanged and retry.
2023-05-08 09:35:26,592 [grpc-default-executor-8] INFO  server.GrpcLogAppender (GrpcLogAppender.java:onError(404)) - 55e20b8b-283c-4747-9932-f8afe0177efb@group-0CC5089ECD43->17dccb1e-3aac-4103-8ad9-4d3b247cd28f-GrpcLogAppender is already stopped
2023-05-08 09:35:26,592 [55e20b8b-283c-4747-9932-f8afe0177efb@group-0CC5089ECD43-SegmentedRaftLogWorker] INFO  segmented.SegmentedRaftLogWorker (SegmentedRaftLogWorker.java:run(347)) - 55e20b8b-283c-4747-9932-f8afe0177efb@group-0CC5089ECD43-SegmentedRaftLogWorker was interrupted, exiting. There are 0 tasks remaining in the queue.
2023-05-08 09:35:26,592 [17dccb1e-3aac-4103-8ad9-4d3b247cd28f-impl-thread2] INFO  segmented.SegmentedRaftLogWorker (SegmentedRaftLogWorker.java:close(257)) - 17dccb1e-3aac-4103-8ad9-4d3b247cd28f@group-277BF47F914E-SegmentedRaftLogWorker close()
2023-05-08 09:35:26,592 [17dccb1e-3aac-4103-8ad9-4d3b247cd28f-impl-thread1] INFO  segmented.SegmentedRaftLogWorker (SegmentedRaftLogWorker.java:close(257)) - 17dccb1e-3aac-4103-8ad9-4d3b247cd28f@group-1ABBF1605D1A-SegmentedRaftLogWorker close()
2023-05-08 09:35:26,593 [55e20b8b-283c-4747-9932-f8afe0177efb@group-1ABBF1605D1A-SegmentedRaftLogWorker] INFO  segmented.SegmentedRaftLogWorker (SegmentedRaftLogWorker.java:run(347)) - 55e20b8b-283c-4747-9932-f8afe0177efb@group-1ABBF1605D1A-SegmentedRaftLogWorker was interrupted, exiting. There are 0 tasks remaining in the queue.
2023-05-08 09:35:26,594 [55e20b8b-283c-4747-9932-f8afe0177efb@group-6A945276AB4F-SegmentedRaftLogWorker] INFO  segmented.SegmentedRaftLogWorker (SegmentedRaftLogWorker.java:run(347)) - 55e20b8b-283c-4747-9932-f8afe0177efb@group-6A945276AB4F-SegmentedRaftLogWorker was interrupted, exiting. There are 0 tasks remaining in the queue.
2023-05-08 09:35:26,594 [ForkJoinPool.commonPool-worker-1] INFO  server.GrpcServerProtocolClient (GrpcServerProtocolClient.java:close(101)) - 17dccb1e-3aac-4103-8ad9-4d3b247cd28f Close channels
2023-05-08 09:35:26,602 [55e20b8b-283c-4747-9932-f8afe0177efb-impl-thread2] INFO  segmented.SegmentedRaftLogWorker (SegmentedRaftLogWorker.java:close(257)) - 55e20b8b-283c-4747-9932-f8afe0177efb@group-0CC5089ECD43-SegmentedRaftLogWorker close()
2023-05-08 09:35:26,602 [grpc-default-executor-2] WARN  server.GrpcLogAppender (LogUtils.java:warn(122)) - 9cd45e4a-89d7-4ae2-9e76-72416fd6b668@group-1ABBF1605D1A->55e20b8b-283c-4747-9932-f8afe0177efb-AppendLogResponseHandler: Failed appendEntries: org.apache.ratis.thirdparty.io.grpc.StatusRuntimeException: CANCELLED: RST_STREAM closed stream. HTTP/2 error code: CANCEL
2023-05-08 09:35:26,602 [grpc-default-executor-2] WARN  server.GrpcLogAppender (GrpcLogAppender.java:resetClient(131)) - 9cd45e4a-89d7-4ae2-9e76-72416fd6b668@group-1ABBF1605D1A->55e20b8b-283c-4747-9932-f8afe0177efb-GrpcLogAppender: Leader has not got in touch with Follower 9cd45e4a-89d7-4ae2-9e76-72416fd6b668@group-1ABBF1605D1A->55e20b8b-283c-4747-9932-f8afe0177efb(c0,m0,n1, attendVote=true, lastRpcSendTime=990, lastRpcResponseTime=968) yet, just keep nextIndex unchanged and retry.
2023-05-08 09:35:26,602 [55e20b8b-283c-4747-9932-f8afe0177efb-impl-thread3] INFO  segmented.SegmentedRaftLogWorker (SegmentedRaftLogWorker.java:close(257)) - 55e20b8b-283c-4747-9932-f8afe0177efb@group-6A945276AB4F-SegmentedRaftLogWorker close()
2023-05-08 09:35:26,602 [55e20b8b-283c-4747-9932-f8afe0177efb-impl-thread1] INFO  segmented.SegmentedRaftLogWorker (SegmentedRaftLogWorker.java:close(257)) - 55e20b8b-283c-4747-9932-f8afe0177efb@group-1ABBF1605D1A-SegmentedRaftLogWorker close()
2023-05-08 09:35:26,602 [grpc-default-executor-5] WARN  server.GrpcServerProtocolService (LogUtils.java:warn(122)) - 55e20b8b-283c-4747-9932-f8afe0177efb: installSnapshot onError, lastRequest: null: org.apache.ratis.thirdparty.io.grpc.StatusRuntimeException: CANCELLED: client cancelled
2023-05-08 09:35:26,603 [grpc-default-executor-8] WARN  server.GrpcLogAppender (LogUtils.java:warn(122)) - 9cd45e4a-89d7-4ae2-9e76-72416fd6b668@group-1ABBF1605D1A->55e20b8b-283c-4747-9932-f8afe0177efb-AppendLogResponseHandler: Failed appendEntries: org.apache.ratis.thirdparty.io.grpc.StatusRuntimeException: CANCELLED: RST_STREAM closed stream. HTTP/2 error code: CANCEL
2023-05-08 09:35:26,603 [grpc-default-executor-8] WARN  server.GrpcLogAppender (GrpcLogAppender.java:resetClient(131)) - 9cd45e4a-89d7-4ae2-9e76-72416fd6b668@group-1ABBF1605D1A->55e20b8b-283c-4747-9932-f8afe0177efb-GrpcLogAppender: Leader has not got in touch with Follower 9cd45e4a-89d7-4ae2-9e76-72416fd6b668@group-1ABBF1605D1A->55e20b8b-283c-4747-9932-f8afe0177efb(c0,m0,n1, attendVote=true, lastRpcSendTime=992, lastRpcResponseTime=970) yet, just keep nextIndex unchanged and retry.
2023-05-08 09:35:26,603 [JvmPauseMonitor14] INFO  util.JvmPauseMonitor (JvmPauseMonitor.java:run(111)) - JvmPauseMonitor-17dccb1e-3aac-4103-8ad9-4d3b247cd28f: Stopped
2023-05-08 09:35:26,604 [grpc-default-executor-6] WARN  server.GrpcServerProtocolService (LogUtils.java:warn(122)) - 55e20b8b-283c-4747-9932-f8afe0177efb: installSnapshot onError, lastRequest: 9cd45e4a-89d7-4ae2-9e76-72416fd6b668->55e20b8b-283c-4747-9932-f8afe0177efb#1-t1,previous=(t:0, i:0),leaderCommit=0,initializing? true,entries: size=1, first=(t:1, i:0), CONFIGURATIONENTRY(current:id: "55e20b8b-283c-4747-9932-f8afe0177efb"
address: "10.1.0.160:36567"
dataStreamAddress: "10.1.0.160:36329"
clientAddress: "10.1.0.160:36567"
adminAddress: "10.1.0.160:36567"
startupRole: FOLLOWER
,id: "17dccb1e-3aac-4103-8ad9-4d3b247cd28f"
address: "10.1.0.160:44231"
dataStreamAddress: "10.1.0.160:37067"
clientAddress: "10.1.0.160:44231"
adminAddress: "10.1.0.160:44231"
startupRole: FOLLOWER
,id: "9cd45e4a-89d7-4ae2-9e76-72416fd6b668"
address: "10.1.0.160:40973"
priority: 1
dataStreamAddress: "10.1.0.160:33571"
clientAddress: "10.1.0.160:40973"
adminAddress: "10.1.0.160:40973"
startupRole: FOLLOWER
, old:): org.apache.ratis.thirdparty.io.grpc.StatusRuntimeException: CANCELLED: client cancelled
2023-05-08 09:35:26,620 [ForkJoinPool.commonPool-worker-1] INFO  server.GrpcServerProtocolClient (GrpcServerProtocolClient.java:close(101)) - 9cd45e4a-89d7-4ae2-9e76-72416fd6b668 Close channels
2023-05-08 09:35:26,623 [ForkJoinPool.commonPool-worker-1] INFO  server.GrpcService (GrpcService.java:closeImpl(280)) - 55e20b8b-283c-4747-9932-f8afe0177efb: shutdown server GrpcServerProtocolService successfully
2023-05-08 09:35:26,623 [55e20b8b-283c-4747-9932-f8afe0177efb-NettyServerStreamRpc-bossGroup--thread1] INFO  logging.LoggingHandler (AbstractInternalLogger.java:log(148)) - [id: 0x3927f580, L:/0:0:0:0:0:0:0:0:36329] CLOSE
2023-05-08 09:35:26,623 [55e20b8b-283c-4747-9932-f8afe0177efb-NettyServerStreamRpc-bossGroup--thread1] INFO  logging.LoggingHandler (AbstractInternalLogger.java:log(148)) - [id: 0x3927f580, L:/0:0:0:0:0:0:0:0:36329] INACTIVE
2023-05-08 09:35:26,623 [55e20b8b-283c-4747-9932-f8afe0177efb-NettyServerStreamRpc-bossGroup--thread1] INFO  logging.LoggingHandler (AbstractInternalLogger.java:log(148)) - [id: 0x3927f580, L:/0:0:0:0:0:0:0:0:36329] UNREGISTERED
2023-05-08 09:35:26,648 [JvmPauseMonitor13] INFO  util.JvmPauseMonitor (JvmPauseMonitor.java:run(111)) - JvmPauseMonitor-55e20b8b-283c-4747-9932-f8afe0177efb: Stopped
2023-05-08 09:35:28,138 [grpc-default-executor-8] WARN  server.GrpcLogAppender (LogUtils.java:warn(122)) - 9cd45e4a-89d7-4ae2-9e76-72416fd6b668@group-1ABBF1605D1A->55e20b8b-283c-4747-9932-f8afe0177efb-AppendLogResponseHandler: Failed appendEntries: org.apache.ratis.thirdparty.io.grpc.StatusRuntimeException: UNAVAILABLE: io exception
2023-05-08 09:35:28,139 [grpc-default-executor-8] WARN  server.GrpcLogAppender (GrpcLogAppender.java:resetClient(131)) - 9cd45e4a-89d7-4ae2-9e76-72416fd6b668@group-1ABBF1605D1A->55e20b8b-283c-4747-9932-f8afe0177efb-GrpcLogAppender: Leader has not got in touch with Follower 9cd45e4a-89d7-4ae2-9e76-72416fd6b668@group-1ABBF1605D1A->55e20b8b-283c-4747-9932-f8afe0177efb(c0,m0,n1, attendVote=true, lastRpcSendTime=3, lastRpcResponseTime=2505) yet, just keep nextIndex unchanged and retry.
2023-05-08 09:35:28,140 [grpc-default-executor-8] WARN  server.GrpcLogAppender (LogUtils.java:warn(122)) - 9cd45e4a-89d7-4ae2-9e76-72416fd6b668@group-1ABBF1605D1A->55e20b8b-283c-4747-9932-f8afe0177efb-AppendLogResponseHandler: Failed appendEntries: org.apache.ratis.thirdparty.io.grpc.StatusRuntimeException: UNAVAILABLE: io exception
2023-05-08 09:35:28,140 [grpc-default-executor-8] WARN  server.GrpcLogAppender (GrpcLogAppender.java:resetClient(131)) - 9cd45e4a-89d7-4ae2-9e76-72416fd6b668@group-1ABBF1605D1A->55e20b8b-283c-4747-9932-f8afe0177efb-GrpcLogAppender: Leader has not got in touch with Follower 9cd45e4a-89d7-4ae2-9e76-72416fd6b668@group-1ABBF1605D1A->55e20b8b-283c-4747-9932-f8afe0177efb(c0,m0,n1, attendVote=true, lastRpcSendTime=5, lastRpcResponseTime=2507) yet, just keep nextIndex unchanged and retry.
2023-05-08 09:35:28,165 [grpc-default-executor-8] WARN  server.GrpcLogAppender (LogUtils.java:warn(122)) - 9cd45e4a-89d7-4ae2-9e76-72416fd6b668@group-1ABBF1605D1A->17dccb1e-3aac-4103-8ad9-4d3b247cd28f-AppendLogResponseHandler: Failed appendEntries: org.apache.ratis.thirdparty.io.grpc.StatusRuntimeException: UNAVAILABLE: io exception
2023-05-08 09:35:28,170 [grpc-default-executor-5] WARN  server.GrpcLogAppender (LogUtils.java:warn(122)) - 9cd45e4a-89d7-4ae2-9e76-72416fd6b668@group-1ABBF1605D1A->17dccb1e-3aac-4103-8ad9-4d3b247cd28f-AppendLogResponseHandler: Failed appendEntries: org.apache.ratis.thirdparty.io.grpc.StatusRuntimeException: UNAVAILABLE: io exception
2023-05-08 09:35:28,170 [grpc-default-executor-8] WARN  server.GrpcLogAppender (GrpcLogAppender.java:resetClient(131)) - 9cd45e4a-89d7-4ae2-9e76-72416fd6b668@group-1ABBF1605D1A->17dccb1e-3aac-4103-8ad9-4d3b247cd28f-GrpcLogAppender: Leader has not got in touch with Follower 9cd45e4a-89d7-4ae2-9e76-72416fd6b668@group-1ABBF1605D1A->17dccb1e-3aac-4103-8ad9-4d3b247cd28f(c0,m0,n1, attendVote=true, lastRpcSendTime=2536, lastRpcResponseTime=2511) yet, just keep nextIndex unchanged and retry.
2023-05-08 09:35:28,172 [grpc-default-executor-5] WARN  server.GrpcLogAppender (GrpcLogAppender.java:resetClient(131)) - 9cd45e4a-89d7-4ae2-9e76-72416fd6b668@group-1ABBF1605D1A->17dccb1e-3aac-4103-8ad9-4d3b247cd28f-GrpcLogAppender: Leader has not got in touch with Follower 9cd45e4a-89d7-4ae2-9e76-72416fd6b668@group-1ABBF1605D1A->17dccb1e-3aac-4103-8ad9-4d3b247cd28f(c0,m0,n1, attendVote=true, lastRpcSendTime=2538, lastRpcResponseTime=2513) yet, just keep nextIndex unchanged and retry.
2023-05-08 09:35:28,175 [grpc-default-executor-5] WARN  server.GrpcLogAppender (LogUtils.java:warn(122)) - 9cd45e4a-89d7-4ae2-9e76-72416fd6b668@group-1ABBF1605D1A->17dccb1e-3aac-4103-8ad9-4d3b247cd28f-AppendLogResponseHandler: Failed appendEntries: org.apache.ratis.thirdparty.io.grpc.StatusRuntimeException: UNAVAILABLE: io exception
2023-05-08 09:35:28,175 [grpc-default-executor-8] WARN  server.GrpcLogAppender (LogUtils.java:warn(122)) - 9cd45e4a-89d7-4ae2-9e76-72416fd6b668@group-1ABBF1605D1A->17dccb1e-3aac-4103-8ad9-4d3b247cd28f-AppendLogResponseHandler: Failed appendEntries: org.apache.ratis.thirdparty.io.grpc.StatusRuntimeException: UNAVAILABLE: io exception
2023-05-08 09:35:28,175 [grpc-default-executor-5] WARN  server.GrpcLogAppender (GrpcLogAppender.java:resetClient(131)) - 9cd45e4a-89d7-4ae2-9e76-72416fd6b668@group-1ABBF1605D1A->17dccb1e-3aac-4103-8ad9-4d3b247cd28f-GrpcLogAppender: Leader has not got in touch with Follower 9cd45e4a-89d7-4ae2-9e76-72416fd6b668@group-1ABBF1605D1A->17dccb1e-3aac-4103-8ad9-4d3b247cd28f(c0,m0,n1, attendVote=true, lastRpcSendTime=2541, lastRpcResponseTime=2516) yet, just keep nextIndex unchanged and retry.
2023-05-08 09:35:28,176 [grpc-default-executor-8] WARN  server.GrpcLogAppender (GrpcLogAppender.java:resetClient(131)) - 9cd45e4a-89d7-4ae2-9e76-72416fd6b668@group-1ABBF1605D1A->17dccb1e-3aac-4103-8ad9-4d3b247cd28f-GrpcLogAppender: Leader has not got in touch with Follower 9cd45e4a-89d7-4ae2-9e76-72416fd6b668@group-1ABBF1605D1A->17dccb1e-3aac-4103-8ad9-4d3b247cd28f(c0,m0,n1, attendVote=true, lastRpcSendTime=2541, lastRpcResponseTime=2516) yet, just keep nextIndex unchanged and retry.
2023-05-08 09:35:28,178 [grpc-default-executor-8] WARN  server.GrpcLogAppender (LogUtils.java:warn(122)) - 9cd45e4a-89d7-4ae2-9e76-72416fd6b668@group-1ABBF1605D1A->17dccb1e-3aac-4103-8ad9-4d3b247cd28f-AppendLogResponseHandler: Failed appendEntries: org.apache.ratis.thirdparty.io.grpc.StatusRuntimeException: UNAVAILABLE: io exception
2023-05-08 09:35:28,178 [grpc-default-executor-5] WARN  server.GrpcLogAppender (LogUtils.java:warn(122)) - 9cd45e4a-89d7-4ae2-9e76-72416fd6b668@group-1ABBF1605D1A->17dccb1e-3aac-4103-8ad9-4d3b247cd28f-AppendLogResponseHandler: Failed appendEntries: org.apache.ratis.thirdparty.io.grpc.StatusRuntimeException: UNAVAILABLE: io exception
2023-05-08 09:35:28,179 [grpc-default-executor-8] WARN  server.GrpcLogAppender (GrpcLogAppender.java:resetClient(131)) - 9cd45e4a-89d7-4ae2-9e76-72416fd6b668@group-1ABBF1605D1A->17dccb1e-3aac-4103-8ad9-4d3b247cd28f-GrpcLogAppender: Leader has not got in touch with Follower 9cd45e4a-89d7-4ae2-9e76-72416fd6b668@group-1ABBF1605D1A->17dccb1e-3aac-4103-8ad9-4d3b247cd28f(c0,m0,n1, attendVote=true, lastRpcSendTime=2545, lastRpcResponseTime=2520) yet, just keep nextIndex unchanged and retry.
2023-05-08 09:35:28,185 [grpc-default-executor-5] WARN  server.GrpcLogAppender (GrpcLogAppender.java:resetClient(131)) - 9cd45e4a-89d7-4ae2-9e76-72416fd6b668@group-1ABBF1605D1A->17dccb1e-3aac-4103-8ad9-4d3b247cd28f-GrpcLogAppender: Leader has not got in touch with Follower 9cd45e4a-89d7-4ae2-9e76-72416fd6b668@group-1ABBF1605D1A->17dccb1e-3aac-4103-8ad9-4d3b247cd28f(c0,m0,n1, attendVote=true, lastRpcSendTime=2551, lastRpcResponseTime=2526) yet, just keep nextIndex unchanged and retry.
2023-05-08 09:35:28,192 [grpc-default-executor-5] WARN  server.GrpcLogAppender (LogUtils.java:warn(122)) - 9cd45e4a-89d7-4ae2-9e76-72416fd6b668@group-1ABBF1605D1A->17dccb1e-3aac-4103-8ad9-4d3b247cd28f-AppendLogResponseHandler: Failed appendEntries: org.apache.ratis.thirdparty.io.grpc.StatusRuntimeException: UNAVAILABLE: io exception
2023-05-08 09:35:28,192 [grpc-default-executor-8] WARN  server.GrpcLogAppender (LogUtils.java:warn(122)) - 9cd45e4a-89d7-4ae2-9e76-72416fd6b668@group-1ABBF1605D1A->17dccb1e-3aac-4103-8ad9-4d3b247cd28f-AppendLogResponseHandler: Failed appendEntries: org.apache.ratis.thirdparty.io.grpc.StatusRuntimeException: UNAVAILABLE: io exception
2023-05-08 09:35:28,193 [grpc-default-executor-5] WARN  server.GrpcLogAppender (GrpcLogAppender.java:resetClient(131)) - 9cd45e4a-89d7-4ae2-9e76-72416fd6b668@group-1ABBF1605D1A->17dccb1e-3aac-4103-8ad9-4d3b247cd28f-GrpcLogAppender: Leader has not got in touch with Follower 9cd45e4a-89d7-4ae2-9e76-72416fd6b668@group-1ABBF1605D1A->17dccb1e-3aac-4103-8ad9-4d3b247cd28f(c0,m0,n1, attendVote=true, lastRpcSendTime=2559, lastRpcResponseTime=2534) yet, just keep nextIndex unchanged and retry.
2023-05-08 09:35:28,193 [grpc-default-executor-8] WARN  server.GrpcLogAppender (GrpcLogAppender.java:resetClient(131)) - 9cd45e4a-89d7-4ae2-9e76-72416fd6b668@group-1ABBF1605D1A->17dccb1e-3aac-4103-8ad9-4d3b247cd28f-GrpcLogAppender: Leader has not got in touch with Follower 9cd45e4a-89d7-4ae2-9e76-72416fd6b668@group-1ABBF1605D1A->17dccb1e-3aac-4103-8ad9-4d3b247cd28f(c0,m0,n1, attendVote=true, lastRpcSendTime=2559, lastRpcResponseTime=2534) yet, just keep nextIndex unchanged and retry.
2023-05-08 09:35:28,194 [grpc-default-executor-8] WARN  server.GrpcLogAppender (LogUtils.java:warn(122)) - 9cd45e4a-89d7-4ae2-9e76-72416fd6b668@group-1ABBF1605D1A->17dccb1e-3aac-4103-8ad9-4d3b247cd28f-AppendLogResponseHandler: Failed appendEntries: org.apache.ratis.thirdparty.io.grpc.StatusRuntimeException: UNAVAILABLE: io exception
2023-05-08 09:35:28,194 [grpc-default-executor-5] WARN  server.GrpcLogAppender (LogUtils.java:warn(122)) - 9cd45e4a-89d7-4ae2-9e76-72416fd6b668@group-1ABBF1605D1A->17dccb1e-3aac-4103-8ad9-4d3b247cd28f-AppendLogResponseHandler: Failed appendEntries: org.apache.ratis.thirdparty.io.grpc.StatusRuntimeException: UNAVAILABLE: io exception
2023-05-08 09:35:28,195 [grpc-default-executor-8] WARN  server.GrpcLogAppender (GrpcLogAppender.java:resetClient(131)) - 9cd45e4a-89d7-4ae2-9e76-72416fd6b668@group-1ABBF1605D1A->17dccb1e-3aac-4103-8ad9-4d3b247cd28f-GrpcLogAppender: Leader has not got in touch with Follower 9cd45e4a-89d7-4ae2-9e76-72416fd6b668@group-1ABBF1605D1A->17dccb1e-3aac-4103-8ad9-4d3b247cd28f(c0,m0,n1, attendVote=true, lastRpcSendTime=2561, lastRpcResponseTime=2536) yet, just keep nextIndex unchanged and retry.
2023-05-08 09:35:28,196 [grpc-default-executor-5] WARN  server.GrpcLogAppender (GrpcLogAppender.java:resetClient(131)) - 9cd45e4a-89d7-4ae2-9e76-72416fd6b668@group-1ABBF1605D1A->17dccb1e-3aac-4103-8ad9-4d3b247cd28f-GrpcLogAppender: Leader has not got in touch with Follower 9cd45e4a-89d7-4ae2-9e76-72416fd6b668@group-1ABBF1605D1A->17dccb1e-3aac-4103-8ad9-4d3b247cd28f(c0,m0,n1, attendVote=true, lastRpcSendTime=2562, lastRpcResponseTime=2537) yet, just keep nextIndex unchanged and retry.
2023-05-08 09:35:28,203 [grpc-default-executor-5] WARN  server.GrpcLogAppender (LogUtils.java:warn(122)) - 9cd45e4a-89d7-4ae2-9e76-72416fd6b668@group-1ABBF1605D1A->17dccb1e-3aac-4103-8ad9-4d3b247cd28f-AppendLogResponseHandler: Failed appendEntries: org.apache.ratis.thirdparty.io.grpc.StatusRuntimeException: UNAVAILABLE: io exception
2023-05-08 09:35:28,203 [grpc-default-executor-8] WARN  server.GrpcLogAppender (LogUtils.java:warn(122)) - 9cd45e4a-89d7-4ae2-9e76-72416fd6b668@group-1ABBF1605D1A->17dccb1e-3aac-4103-8ad9-4d3b247cd28f-AppendLogResponseHandler: Failed appendEntries: org.apache.ratis.thirdparty.io.grpc.StatusRuntimeException: UNAVAILABLE: io exception
2023-05-08 09:35:28,204 [grpc-default-executor-5] WARN  server.GrpcLogAppender (GrpcLogAppender.java:resetClient(131)) - 9cd45e4a-89d7-4ae2-9e76-72416fd6b668@group-1ABBF1605D1A->17dccb1e-3aac-4103-8ad9-4d3b247cd28f-GrpcLogAppender: Leader has not got in touch with Follower 9cd45e4a-89d7-4ae2-9e76-72416fd6b668@group-1ABBF1605D1A->17dccb1e-3aac-4103-8ad9-4d3b247cd28f(c0,m0,n1, attendVote=true, lastRpcSendTime=2570, lastRpcResponseTime=2545) yet, just keep nextIndex unchanged and retry.
2023-05-08 09:35:28,204 [grpc-default-executor-8] WARN  server.GrpcLogAppender (GrpcLogAppender.java:resetClient(131)) - 9cd45e4a-89d7-4ae2-9e76-72416fd6b668@group-1ABBF1605D1A->17dccb1e-3aac-4103-8ad9-4d3b247cd28f-GrpcLogAppender: Leader has not got in touch with Follower 9cd45e4a-89d7-4ae2-9e76-72416fd6b668@group-1ABBF1605D1A->17dccb1e-3aac-4103-8ad9-4d3b247cd28f(c0,m0,n1, attendVote=true, lastRpcSendTime=2570, lastRpcResponseTime=2545) yet, just keep nextIndex unchanged and retry.
2023-05-08 09:35:28,205 [grpc-default-executor-8] WARN  server.GrpcLogAppender (LogUtils.java:warn(122)) - 9cd45e4a-89d7-4ae2-9e76-72416fd6b668@group-1ABBF1605D1A->17dccb1e-3aac-4103-8ad9-4d3b247cd28f-AppendLogResponseHandler: Failed appendEntries: org.apache.ratis.thirdparty.io.grpc.StatusRuntimeException: UNAVAILABLE: io exception
2023-05-08 09:35:28,205 [grpc-default-executor-5] WARN  server.GrpcLogAppender (LogUtils.java:warn(122)) - 9cd45e4a-89d7-4ae2-9e76-72416fd6b668@group-1ABBF1605D1A->17dccb1e-3aac-4103-8ad9-4d3b247cd28f-AppendLogResponseHandler: Failed appendEntries: org.apache.ratis.thirdparty.io.grpc.StatusRuntimeException: UNAVAILABLE: io exception
2023-05-08 09:35:28,206 [grpc-default-executor-8] WARN  server.GrpcLogAppender (GrpcLogAppender.java:resetClient(131)) - 9cd45e4a-89d7-4ae2-9e76-72416fd6b668@group-1ABBF1605D1A->17dccb1e-3aac-4103-8ad9-4d3b247cd28f-GrpcLogAppender: Leader has not got in touch with Follower 9cd45e4a-89d7-4ae2-9e76-72416fd6b668@group-1ABBF1605D1A->17dccb1e-3aac-4103-8ad9-4d3b247cd28f(c0,m0,n1, attendVote=true, lastRpcSendTime=2572, lastRpcResponseTime=2546) yet, just keep nextIndex unchanged and retry.
2023-05-08 09:35:28,211 [grpc-default-executor-5] WARN  server.GrpcLogAppender (GrpcLogAppender.java:resetClient(131)) - 9cd45e4a-89d7-4ae2-9e76-72416fd6b668@group-1ABBF1605D1A->17dccb1e-3aac-4103-8ad9-4d3b247cd28f-GrpcLogAppender: Leader has not got in touch with Follower 9cd45e4a-89d7-4ae2-9e76-72416fd6b668@group-1ABBF1605D1A->17dccb1e-3aac-4103-8ad9-4d3b247cd28f(c0,m0,n1, attendVote=true, lastRpcSendTime=2577, lastRpcResponseTime=2552) yet, just keep nextIndex unchanged and retry.
2023-05-08 09:35:28,212 [grpc-default-executor-8] WARN  server.GrpcLogAppender (LogUtils.java:warn(122)) - 9cd45e4a-89d7-4ae2-9e76-72416fd6b668@group-1ABBF1605D1A->17dccb1e-3aac-4103-8ad9-4d3b247cd28f-AppendLogResponseHandler: Failed appendEntries: org.apache.ratis.thirdparty.io.grpc.StatusRuntimeException: UNAVAILABLE: io exception
2023-05-08 09:35:28,213 [grpc-default-executor-8] WARN  server.GrpcLogAppender (GrpcLogAppender.java:resetClient(131)) - 9cd45e4a-89d7-4ae2-9e76-72416fd6b668@group-1ABBF1605D1A->17dccb1e-3aac-4103-8ad9-4d3b247cd28f-GrpcLogAppender: Leader has not got in touch with Follower 9cd45e4a-89d7-4ae2-9e76-72416fd6b668@group-1ABBF1605D1A->17dccb1e-3aac-4103-8ad9-4d3b247cd28f(c0,m0,n1, attendVote=true, lastRpcSendTime=0, lastRpcResponseTime=2553) yet, just keep nextIndex unchanged and retry.
2023-05-08 09:35:28,213 [grpc-default-executor-5] WARN  server.GrpcLogAppender (LogUtils.java:warn(122)) - 9cd45e4a-89d7-4ae2-9e76-72416fd6b668@group-1ABBF1605D1A->17dccb1e-3aac-4103-8ad9-4d3b247cd28f-AppendLogResponseHandler: Failed appendEntries: org.apache.ratis.thirdparty.io.grpc.StatusRuntimeException: UNAVAILABLE: io exception
2023-05-08 09:35:28,213 [grpc-default-executor-5] WARN  server.GrpcLogAppender (GrpcLogAppender.java:resetClient(131)) - 9cd45e4a-89d7-4ae2-9e76-72416fd6b668@group-1ABBF1605D1A->17dccb1e-3aac-4103-8ad9-4d3b247cd28f-GrpcLogAppender: Leader has not got in touch with Follower 9cd45e4a-89d7-4ae2-9e76-72416fd6b668@group-1ABBF1605D1A->17dccb1e-3aac-4103-8ad9-4d3b247cd28f(c0,m0,n1, attendVote=true, lastRpcSendTime=1, lastRpcResponseTime=2554) yet, just keep nextIndex unchanged and retry.
2023-05-08 09:35:28,705 [Listener at 127.0.0.1/42911] INFO  volume.HddsVolume (HddsVolume.java:closeDbStore(437)) - SchemaV3 db is stopped at /home/runner/work/ozone/ozone/hadoop-ozone/integration-test/target/test-dir/MiniOzoneClusterImpl-e3f0e696-295c-4d93-87a4-d859f2bb0e1a/datanode-1/data-0/containers/hdds/e3f0e696-295c-4d93-87a4-d859f2bb0e1a/DS-6b5ce347-2d02-4352-ab51-8dfad7a264df/container.db for volume DS-6b5ce347-2d02-4352-ab51-8dfad7a264df
2023-05-08 09:35:28,705 [Listener at 127.0.0.1/42911] INFO  utils.BackgroundService (BackgroundService.java:shutdown(141)) - Shutting down service BlockDeletingService
2023-05-08 09:35:28,707 [Listener at 127.0.0.1/42911] INFO  utils.BackgroundService (BackgroundService.java:shutdown(141)) - Shutting down service StaleRecoveringContainerScrubbingService
2023-05-08 09:35:28,712 [ForkJoinPool.commonPool-worker-1] INFO  volume.HddsVolume (HddsVolume.java:closeDbStore(437)) - SchemaV3 db is stopped at /home/runner/work/ozone/ozone/hadoop-ozone/integration-test/target/test-dir/MiniOzoneClusterImpl-e3f0e696-295c-4d93-87a4-d859f2bb0e1a/datanode-0/data-0/containers/hdds/e3f0e696-295c-4d93-87a4-d859f2bb0e1a/DS-274d1046-3416-4973-9482-76e52d1e3234/container.db for volume DS-274d1046-3416-4973-9482-76e52d1e3234
2023-05-08 09:35:28,713 [ForkJoinPool.commonPool-worker-1] INFO  utils.BackgroundService (BackgroundService.java:shutdown(141)) - Shutting down service BlockDeletingService
2023-05-08 09:35:28,713 [Listener at 127.0.0.1/42911] INFO  statemachine.DatanodeStateMachine (DatanodeStateMachine.java:stopDaemon(608)) - Ozone container server stopped.
2023-05-08 09:35:28,716 [ForkJoinPool.commonPool-worker-1] INFO  utils.BackgroundService (BackgroundService.java:shutdown(141)) - Shutting down service StaleRecoveringContainerScrubbingService
2023-05-08 09:35:28,726 [ForkJoinPool.commonPool-worker-1] INFO  statemachine.DatanodeStateMachine (DatanodeStateMachine.java:stopDaemon(608)) - Ozone container server stopped.
2023-05-08 09:35:28,733 [Listener at 127.0.0.1/42911] INFO  handler.ContextHandler (ContextHandler.java:doStop(1159)) - Stopped o.e.j.w.WebAppContext@50e14c5b{hddsDatanode,/,null,STOPPED}{jar:file:/home/runner/.m2/repository/org/apache/ozone/hdds-container-service/1.4.0-SNAPSHOT/hdds-container-service-1.4.0-SNAPSHOT.jar!/webapps/hddsDatanode}
2023-05-08 09:35:28,736 [Listener at 127.0.0.1/42911] INFO  server.AbstractConnector (AbstractConnector.java:doStop(383)) - Stopped ServerConnector@783fb292{HTTP/1.1, (http/1.1)}{0.0.0.0:0}
2023-05-08 09:35:28,736 [Listener at 127.0.0.1/42911] INFO  server.session (HouseKeeper.java:stopScavenging(149)) - node0 Stopped scavenging
2023-05-08 09:35:28,736 [Listener at 127.0.0.1/42911] INFO  handler.ContextHandler (ContextHandler.java:doStop(1159)) - Stopped o.e.j.s.ServletContextHandler@38ef35a8{static,/static,jar:file:/home/runner/.m2/repository/org/apache/ozone/hdds-container-service/1.4.0-SNAPSHOT/hdds-container-service-1.4.0-SNAPSHOT.jar!/webapps/static,STOPPED}
2023-05-08 09:35:28,737 [Listener at 127.0.0.1/42911] INFO  handler.ContextHandler (ContextHandler.java:doStop(1159)) - Stopped o.e.j.s.ServletContextHandler@250f8132{logs,/logs,file:///home/runner/work/ozone/ozone/hadoop-ozone/integration-test/target/log,STOPPED}
2023-05-08 09:35:28,745 [Listener at 127.0.0.1/42911] INFO  ozoneimpl.OzoneContainer (OzoneContainer.java:stop(419)) - Attempting to stop container services.
2023-05-08 09:35:28,747 [Listener at 127.0.0.1/42911] INFO  server.RaftServer (RaftServerProxy.java:lambda$close$6(409)) - 9cd45e4a-89d7-4ae2-9e76-72416fd6b668: close
2023-05-08 09:35:28,747 [9cd45e4a-89d7-4ae2-9e76-72416fd6b668-impl-thread1] INFO  server.RaftServer$Division (RaftServerImpl.java:lambda$close$4(458)) - 9cd45e4a-89d7-4ae2-9e76-72416fd6b668@group-1ABBF1605D1A: shutdown
2023-05-08 09:35:28,747 [9cd45e4a-89d7-4ae2-9e76-72416fd6b668-impl-thread1] INFO  util.JmxRegister (JmxRegister.java:unregister(73)) - Successfully un-registered JMX Bean with object name Ratis:service=RaftServer,group=group-1ABBF1605D1A,id=9cd45e4a-89d7-4ae2-9e76-72416fd6b668
2023-05-08 09:35:28,747 [9cd45e4a-89d7-4ae2-9e76-72416fd6b668-impl-thread1] INFO  impl.RoleInfo (RoleInfo.java:shutdownLeaderState(93)) - 9cd45e4a-89d7-4ae2-9e76-72416fd6b668: shutdown 9cd45e4a-89d7-4ae2-9e76-72416fd6b668@group-1ABBF1605D1A-LeaderStateImpl
2023-05-08 09:35:28,747 [9cd45e4a-89d7-4ae2-9e76-72416fd6b668-impl-thread1] INFO  impl.PendingRequests (PendingRequests.java:sendNotLeaderResponses(282)) - 9cd45e4a-89d7-4ae2-9e76-72416fd6b668@group-1ABBF1605D1A-PendingRequests: sendNotLeaderResponses
2023-05-08 09:35:28,747 [9cd45e4a-89d7-4ae2-9e76-72416fd6b668-impl-thread2] INFO  server.RaftServer$Division (RaftServerImpl.java:lambda$close$4(458)) - 9cd45e4a-89d7-4ae2-9e76-72416fd6b668@group-393C3149F821: shutdown
2023-05-08 09:35:28,748 [Listener at 127.0.0.1/42911] INFO  server.GrpcService (GrpcService.java:closeImpl(271)) - 9cd45e4a-89d7-4ae2-9e76-72416fd6b668: shutdown server GrpcServerProtocolService now
2023-05-08 09:35:28,748 [9cd45e4a-89d7-4ae2-9e76-72416fd6b668-impl-thread3] INFO  server.RaftServer$Division (RaftServerImpl.java:lambda$close$4(458)) - 9cd45e4a-89d7-4ae2-9e76-72416fd6b668@group-0CC5089ECD43: shutdown
2023-05-08 09:35:28,752 [9cd45e4a-89d7-4ae2-9e76-72416fd6b668@group-1ABBF1605D1A-StateMachineUpdater] INFO  ratis.ContainerStateMachine (ContainerStateMachine.java:takeSnapshot(330)) - group-1ABBF1605D1A: Taking a snapshot at:(t:1, i:0) file /home/runner/work/ozone/ozone/hadoop-ozone/integration-test/target/test-dir/MiniOzoneClusterImpl-e3f0e696-295c-4d93-87a4-d859f2bb0e1a/datanode-2/data/ratis/a2a203c4-bd7b-4da4-a148-1abbf1605d1a/sm/snapshot.1_0
2023-05-08 09:35:28,750 [9cd45e4a-89d7-4ae2-9e76-72416fd6b668-impl-thread2] INFO  util.JmxRegister (JmxRegister.java:unregister(73)) - Successfully un-registered JMX Bean with object name Ratis:service=RaftServer,group=group-393C3149F821,id=9cd45e4a-89d7-4ae2-9e76-72416fd6b668
2023-05-08 09:35:28,753 [9cd45e4a-89d7-4ae2-9e76-72416fd6b668-impl-thread2] INFO  impl.RoleInfo (RoleInfo.java:shutdownLeaderState(93)) - 9cd45e4a-89d7-4ae2-9e76-72416fd6b668: shutdown 9cd45e4a-89d7-4ae2-9e76-72416fd6b668@group-393C3149F821-LeaderStateImpl
2023-05-08 09:35:28,753 [9cd45e4a-89d7-4ae2-9e76-72416fd6b668-impl-thread2] INFO  impl.PendingRequests (PendingRequests.java:sendNotLeaderResponses(282)) - 9cd45e4a-89d7-4ae2-9e76-72416fd6b668@group-393C3149F821-PendingRequests: sendNotLeaderResponses
2023-05-08 09:35:28,750 [9cd45e4a-89d7-4ae2-9e76-72416fd6b668-impl-thread1] INFO  impl.StateMachineUpdater (StateMachineUpdater.java:stopAndJoin(153)) - 9cd45e4a-89d7-4ae2-9e76-72416fd6b668@group-1ABBF1605D1A-StateMachineUpdater: set stopIndex = 0
2023-05-08 09:35:28,753 [9cd45e4a-89d7-4ae2-9e76-72416fd6b668-impl-thread2] INFO  impl.StateMachineUpdater (StateMachineUpdater.java:stopAndJoin(153)) - 9cd45e4a-89d7-4ae2-9e76-72416fd6b668@group-393C3149F821-StateMachineUpdater: set stopIndex = 0
2023-05-08 09:35:28,753 [9cd45e4a-89d7-4ae2-9e76-72416fd6b668-impl-thread3] INFO  util.JmxRegister (JmxRegister.java:unregister(73)) - Successfully un-registered JMX Bean with object name Ratis:service=RaftServer,group=group-0CC5089ECD43,id=9cd45e4a-89d7-4ae2-9e76-72416fd6b668
2023-05-08 09:35:28,753 [9cd45e4a-89d7-4ae2-9e76-72416fd6b668-impl-thread3] INFO  impl.RoleInfo (RoleInfo.java:shutdownFollowerState(110)) - 9cd45e4a-89d7-4ae2-9e76-72416fd6b668: shutdown 9cd45e4a-89d7-4ae2-9e76-72416fd6b668@group-0CC5089ECD43-FollowerState
2023-05-08 09:35:28,753 [9cd45e4a-89d7-4ae2-9e76-72416fd6b668@group-0CC5089ECD43-FollowerState] INFO  impl.FollowerState (FollowerState.java:run(152)) - 9cd45e4a-89d7-4ae2-9e76-72416fd6b668@group-0CC5089ECD43-FollowerState was interrupted
2023-05-08 09:35:28,754 [9cd45e4a-89d7-4ae2-9e76-72416fd6b668-impl-thread3] INFO  impl.StateMachineUpdater (StateMachineUpdater.java:stopAndJoin(153)) - 9cd45e4a-89d7-4ae2-9e76-72416fd6b668@group-0CC5089ECD43-StateMachineUpdater: set stopIndex = 0
2023-05-08 09:35:28,754 [9cd45e4a-89d7-4ae2-9e76-72416fd6b668@group-1ABBF1605D1A-StateMachineUpdater] INFO  ratis.ContainerStateMachine (ContainerStateMachine.java:takeSnapshot(341)) - group-1ABBF1605D1A: Finished taking a snapshot at:(t:1, i:0) file:/home/runner/work/ozone/ozone/hadoop-ozone/integration-test/target/test-dir/MiniOzoneClusterImpl-e3f0e696-295c-4d93-87a4-d859f2bb0e1a/datanode-2/data/ratis/a2a203c4-bd7b-4da4-a148-1abbf1605d1a/sm/snapshot.1_0 took: 1 ms
2023-05-08 09:35:28,754 [9cd45e4a-89d7-4ae2-9e76-72416fd6b668@group-1ABBF1605D1A-StateMachineUpdater] INFO  impl.StateMachineUpdater (StateMachineUpdater.java:takeSnapshot(287)) - 9cd45e4a-89d7-4ae2-9e76-72416fd6b668@group-1ABBF1605D1A-StateMachineUpdater: Took a snapshot at index 0
2023-05-08 09:35:28,754 [9cd45e4a-89d7-4ae2-9e76-72416fd6b668@group-1ABBF1605D1A-StateMachineUpdater] INFO  impl.StateMachineUpdater (StateMachineUpdater.java:lambda$new$0(92)) - 9cd45e4a-89d7-4ae2-9e76-72416fd6b668@group-1ABBF1605D1A-StateMachineUpdater: snapshotIndex: updateIncreasingly -1 -> 0
2023-05-08 09:35:28,754 [9cd45e4a-89d7-4ae2-9e76-72416fd6b668-impl-thread1] INFO  server.RaftServer$Division (ServerState.java:close(466)) - 9cd45e4a-89d7-4ae2-9e76-72416fd6b668@group-1ABBF1605D1A: closes. applyIndex: 0
2023-05-08 09:35:28,754 [9cd45e4a-89d7-4ae2-9e76-72416fd6b668@group-1ABBF1605D1A-SegmentedRaftLogWorker] INFO  segmented.SegmentedRaftLogWorker (SegmentedRaftLogWorker.java:run(347)) - 9cd45e4a-89d7-4ae2-9e76-72416fd6b668@group-1ABBF1605D1A-SegmentedRaftLogWorker was interrupted, exiting. There are 0 tasks remaining in the queue.
2023-05-08 09:35:28,755 [9cd45e4a-89d7-4ae2-9e76-72416fd6b668-impl-thread1] INFO  segmented.SegmentedRaftLogWorker (SegmentedRaftLogWorker.java:close(257)) - 9cd45e4a-89d7-4ae2-9e76-72416fd6b668@group-1ABBF1605D1A-SegmentedRaftLogWorker close()
2023-05-08 09:35:28,755 [9cd45e4a-89d7-4ae2-9e76-72416fd6b668@group-393C3149F821-StateMachineUpdater] INFO  ratis.ContainerStateMachine (ContainerStateMachine.java:takeSnapshot(330)) - group-393C3149F821: Taking a snapshot at:(t:1, i:0) file /home/runner/work/ozone/ozone/hadoop-ozone/integration-test/target/test-dir/MiniOzoneClusterImpl-e3f0e696-295c-4d93-87a4-d859f2bb0e1a/datanode-2/data/ratis/c9af42f0-a67a-4606-a776-393c3149f821/sm/snapshot.1_0
2023-05-08 09:35:28,755 [9cd45e4a-89d7-4ae2-9e76-72416fd6b668@group-0CC5089ECD43-StateMachineUpdater] INFO  ratis.ContainerStateMachine (ContainerStateMachine.java:takeSnapshot(330)) - group-0CC5089ECD43: Taking a snapshot at:(t:1, i:0) file /home/runner/work/ozone/ozone/hadoop-ozone/integration-test/target/test-dir/MiniOzoneClusterImpl-e3f0e696-295c-4d93-87a4-d859f2bb0e1a/datanode-2/data/ratis/e60d0af8-fd7a-4830-be53-0cc5089ecd43/sm/snapshot.1_0
2023-05-08 09:35:28,750 [ForkJoinPool.commonPool-worker-1] INFO  handler.ContextHandler (ContextHandler.java:doStop(1159)) - Stopped o.e.j.w.WebAppContext@4b85ceb0{hddsDatanode,/,null,STOPPED}{jar:file:/home/runner/.m2/repository/org/apache/ozone/hdds-container-service/1.4.0-SNAPSHOT/hdds-container-service-1.4.0-SNAPSHOT.jar!/webapps/hddsDatanode}
2023-05-08 09:35:28,749 [Listener at 127.0.0.1/42911] INFO  server.GrpcServerProtocolClient (GrpcServerProtocolClient.java:close(101)) - 55e20b8b-283c-4747-9932-f8afe0177efb Close channels
2023-05-08 09:35:28,755 [9cd45e4a-89d7-4ae2-9e76-72416fd6b668@group-393C3149F821-StateMachineUpdater] INFO  ratis.ContainerStateMachine (ContainerStateMachine.java:takeSnapshot(341)) - group-393C3149F821: Finished taking a snapshot at:(t:1, i:0) file:/home/runner/work/ozone/ozone/hadoop-ozone/integration-test/target/test-dir/MiniOzoneClusterImpl-e3f0e696-295c-4d93-87a4-d859f2bb0e1a/datanode-2/data/ratis/c9af42f0-a67a-4606-a776-393c3149f821/sm/snapshot.1_0 took: 1 ms
2023-05-08 09:35:28,757 [9cd45e4a-89d7-4ae2-9e76-72416fd6b668@group-0CC5089ECD43-StateMachineUpdater] INFO  ratis.ContainerStateMachine (ContainerStateMachine.java:takeSnapshot(341)) - group-0CC5089ECD43: Finished taking a snapshot at:(t:1, i:0) file:/home/runner/work/ozone/ozone/hadoop-ozone/integration-test/target/test-dir/MiniOzoneClusterImpl-e3f0e696-295c-4d93-87a4-d859f2bb0e1a/datanode-2/data/ratis/e60d0af8-fd7a-4830-be53-0cc5089ecd43/sm/snapshot.1_0 took: 2 ms
2023-05-08 09:35:28,757 [9cd45e4a-89d7-4ae2-9e76-72416fd6b668@group-0CC5089ECD43-StateMachineUpdater] INFO  impl.StateMachineUpdater (StateMachineUpdater.java:takeSnapshot(287)) - 9cd45e4a-89d7-4ae2-9e76-72416fd6b668@group-0CC5089ECD43-StateMachineUpdater: Took a snapshot at index 0
2023-05-08 09:35:28,757 [9cd45e4a-89d7-4ae2-9e76-72416fd6b668@group-0CC5089ECD43-StateMachineUpdater] INFO  impl.StateMachineUpdater (StateMachineUpdater.java:lambda$new$0(92)) - 9cd45e4a-89d7-4ae2-9e76-72416fd6b668@group-0CC5089ECD43-StateMachineUpdater: snapshotIndex: updateIncreasingly -1 -> 0
2023-05-08 09:35:28,757 [ForkJoinPool.commonPool-worker-1] INFO  server.AbstractConnector (AbstractConnector.java:doStop(383)) - Stopped ServerConnector@4722bbd4{HTTP/1.1, (http/1.1)}{0.0.0.0:0}
2023-05-08 09:35:28,757 [ForkJoinPool.commonPool-worker-1] INFO  server.session (HouseKeeper.java:stopScavenging(149)) - node0 Stopped scavenging
2023-05-08 09:35:28,757 [9cd45e4a-89d7-4ae2-9e76-72416fd6b668-impl-thread3] INFO  server.RaftServer$Division (ServerState.java:close(466)) - 9cd45e4a-89d7-4ae2-9e76-72416fd6b668@group-0CC5089ECD43: closes. applyIndex: 0
2023-05-08 09:35:28,757 [9cd45e4a-89d7-4ae2-9e76-72416fd6b668@group-0CC5089ECD43-SegmentedRaftLogWorker] INFO  segmented.SegmentedRaftLogWorker (SegmentedRaftLogWorker.java:run(347)) - 9cd45e4a-89d7-4ae2-9e76-72416fd6b668@group-0CC5089ECD43-SegmentedRaftLogWorker was interrupted, exiting. There are 0 tasks remaining in the queue.
2023-05-08 09:35:28,757 [9cd45e4a-89d7-4ae2-9e76-72416fd6b668@group-393C3149F821-StateMachineUpdater] INFO  impl.StateMachineUpdater (StateMachineUpdater.java:takeSnapshot(287)) - 9cd45e4a-89d7-4ae2-9e76-72416fd6b668@group-393C3149F821-StateMachineUpdater: Took a snapshot at index 0
2023-05-08 09:35:28,757 [9cd45e4a-89d7-4ae2-9e76-72416fd6b668-impl-thread3] INFO  segmented.SegmentedRaftLogWorker (SegmentedRaftLogWorker.java:close(257)) - 9cd45e4a-89d7-4ae2-9e76-72416fd6b668@group-0CC5089ECD43-SegmentedRaftLogWorker close()
2023-05-08 09:35:28,758 [9cd45e4a-89d7-4ae2-9e76-72416fd6b668@group-393C3149F821-StateMachineUpdater] INFO  impl.StateMachineUpdater (StateMachineUpdater.java:lambda$new$0(92)) - 9cd45e4a-89d7-4ae2-9e76-72416fd6b668@group-393C3149F821-StateMachineUpdater: snapshotIndex: updateIncreasingly -1 -> 0
2023-05-08 09:35:28,765 [9cd45e4a-89d7-4ae2-9e76-72416fd6b668-impl-thread2] INFO  server.RaftServer$Division (ServerState.java:close(466)) - 9cd45e4a-89d7-4ae2-9e76-72416fd6b668@group-393C3149F821: closes. applyIndex: 0
2023-05-08 09:35:28,765 [9cd45e4a-89d7-4ae2-9e76-72416fd6b668@group-393C3149F821-SegmentedRaftLogWorker] INFO  segmented.SegmentedRaftLogWorker (SegmentedRaftLogWorker.java:run(347)) - 9cd45e4a-89d7-4ae2-9e76-72416fd6b668@group-393C3149F821-SegmentedRaftLogWorker was interrupted, exiting. There are 0 tasks remaining in the queue.
2023-05-08 09:35:28,766 [9cd45e4a-89d7-4ae2-9e76-72416fd6b668-impl-thread2] INFO  segmented.SegmentedRaftLogWorker (SegmentedRaftLogWorker.java:close(257)) - 9cd45e4a-89d7-4ae2-9e76-72416fd6b668@group-393C3149F821-SegmentedRaftLogWorker close()
2023-05-08 09:35:28,769 [ForkJoinPool.commonPool-worker-1] INFO  handler.ContextHandler (ContextHandler.java:doStop(1159)) - Stopped o.e.j.s.ServletContextHandler@6f9ed68e{static,/static,jar:file:/home/runner/.m2/repository/org/apache/ozone/hdds-container-service/1.4.0-SNAPSHOT/hdds-container-service-1.4.0-SNAPSHOT.jar!/webapps/static,STOPPED}
2023-05-08 09:35:28,769 [Listener at 127.0.0.1/42911] INFO  server.GrpcServerProtocolClient (GrpcServerProtocolClient.java:close(101)) - 17dccb1e-3aac-4103-8ad9-4d3b247cd28f Close channels
2023-05-08 09:35:28,770 [ForkJoinPool.commonPool-worker-1] INFO  handler.ContextHandler (ContextHandler.java:doStop(1159)) - Stopped o.e.j.s.ServletContextHandler@1f03e300{logs,/logs,file:///home/runner/work/ozone/ozone/hadoop-ozone/integration-test/target/log,STOPPED}
2023-05-08 09:35:28,771 [Listener at 127.0.0.1/42911] INFO  server.GrpcService (GrpcService.java:closeImpl(280)) - 9cd45e4a-89d7-4ae2-9e76-72416fd6b668: shutdown server GrpcServerProtocolService successfully
2023-05-08 09:35:28,771 [9cd45e4a-89d7-4ae2-9e76-72416fd6b668-NettyServerStreamRpc-bossGroup--thread1] INFO  logging.LoggingHandler (AbstractInternalLogger.java:log(148)) - [id: 0xf5c931e0, L:/0:0:0:0:0:0:0:0:33571] CLOSE
2023-05-08 09:35:28,771 [9cd45e4a-89d7-4ae2-9e76-72416fd6b668-NettyServerStreamRpc-bossGroup--thread1] INFO  logging.LoggingHandler (AbstractInternalLogger.java:log(148)) - [id: 0xf5c931e0, L:/0:0:0:0:0:0:0:0:33571] INACTIVE
2023-05-08 09:35:28,771 [9cd45e4a-89d7-4ae2-9e76-72416fd6b668-NettyServerStreamRpc-bossGroup--thread1] INFO  logging.LoggingHandler (AbstractInternalLogger.java:log(148)) - [id: 0xf5c931e0, L:/0:0:0:0:0:0:0:0:33571] UNREGISTERED
2023-05-08 09:35:28,781 [JvmPauseMonitor15] INFO  util.JvmPauseMonitor (JvmPauseMonitor.java:run(111)) - JvmPauseMonitor-9cd45e4a-89d7-4ae2-9e76-72416fd6b668: Stopped
2023-05-08 09:35:30,785 [Listener at 127.0.0.1/42911] INFO  volume.HddsVolume (HddsVolume.java:closeDbStore(437)) - SchemaV3 db is stopped at /home/runner/work/ozone/ozone/hadoop-ozone/integration-test/target/test-dir/MiniOzoneClusterImpl-e3f0e696-295c-4d93-87a4-d859f2bb0e1a/datanode-2/data-0/containers/hdds/e3f0e696-295c-4d93-87a4-d859f2bb0e1a/DS-d28ded38-32d0-4980-acfd-c8d91436f948/container.db for volume DS-d28ded38-32d0-4980-acfd-c8d91436f948
2023-05-08 09:35:30,786 [Listener at 127.0.0.1/42911] INFO  utils.BackgroundService (BackgroundService.java:shutdown(141)) - Shutting down service BlockDeletingService
2023-05-08 09:35:30,786 [Listener at 127.0.0.1/42911] INFO  utils.BackgroundService (BackgroundService.java:shutdown(141)) - Shutting down service StaleRecoveringContainerScrubbingService
2023-05-08 09:35:30,789 [Listener at 127.0.0.1/42911] INFO  statemachine.DatanodeStateMachine (DatanodeStateMachine.java:stopDaemon(608)) - Ozone container server stopped.
2023-05-08 09:35:30,797 [Listener at 127.0.0.1/42911] INFO  handler.ContextHandler (ContextHandler.java:doStop(1159)) - Stopped o.e.j.w.WebAppContext@3bb1c00b{hddsDatanode,/,null,STOPPED}{jar:file:/home/runner/.m2/repository/org/apache/ozone/hdds-container-service/1.4.0-SNAPSHOT/hdds-container-service-1.4.0-SNAPSHOT.jar!/webapps/hddsDatanode}
2023-05-08 09:35:30,797 [Listener at 127.0.0.1/42911] INFO  server.AbstractConnector (AbstractConnector.java:doStop(383)) - Stopped ServerConnector@ad02d5c{HTTP/1.1, (http/1.1)}{0.0.0.0:0}
2023-05-08 09:35:30,798 [Listener at 127.0.0.1/42911] INFO  server.session (HouseKeeper.java:stopScavenging(149)) - node0 Stopped scavenging
2023-05-08 09:35:30,798 [Listener at 127.0.0.1/42911] INFO  handler.ContextHandler (ContextHandler.java:doStop(1159)) - Stopped o.e.j.s.ServletContextHandler@7f37b28b{static,/static,jar:file:/home/runner/.m2/repository/org/apache/ozone/hdds-container-service/1.4.0-SNAPSHOT/hdds-container-service-1.4.0-SNAPSHOT.jar!/webapps/static,STOPPED}
2023-05-08 09:35:30,798 [Listener at 127.0.0.1/42911] INFO  handler.ContextHandler (ContextHandler.java:doStop(1159)) - Stopped o.e.j.s.ServletContextHandler@1679011f{logs,/logs,file:///home/runner/work/ozone/ozone/hadoop-ozone/integration-test/target/log,STOPPED}
2023-05-08 09:35:30,801 [Listener at 127.0.0.1/42911] INFO  ozone.MiniOzoneClusterImpl (MiniOzoneClusterImpl.java:stopSCM(554)) - Stopping the StorageContainerManager
2023-05-08 09:35:30,801 [Listener at 127.0.0.1/42911] INFO  server.StorageContainerManager (StorageContainerManager.java:stop(1578)) - Container Balancer is not running.
2023-05-08 09:35:30,801 [Listener at 127.0.0.1/42911] INFO  server.StorageContainerManager (StorageContainerManager.java:stopReplicationManager(1709)) - Stopping Replication Manager Service.
2023-05-08 09:35:30,801 [Listener at 127.0.0.1/42911] INFO  replication.ReplicationManager (ReplicationManager.java:stop(326)) - Stopping Replication Monitor Thread.
2023-05-08 09:35:30,801 [Over Replicated Processor] WARN  replication.UnhealthyReplicationProcessor (UnhealthyReplicationProcessor.java:run(167)) - Over Replicated Processor interrupted. Exiting...
2023-05-08 09:35:30,801 [Under Replicated Processor] WARN  replication.UnhealthyReplicationProcessor (UnhealthyReplicationProcessor.java:run(167)) - Under Replicated Processor interrupted. Exiting...
2023-05-08 09:35:30,801 [Listener at 127.0.0.1/42911] INFO  server.StorageContainerManager (StorageContainerManager.java:stop(1587)) - Stopping the Datanode Admin Monitor.
2023-05-08 09:35:30,801 [ReplicationMonitor] INFO  replication.ReplicationManager (ReplicationManager.java:run(937)) - Replication Monitor Thread is stopped
2023-05-08 09:35:30,801 [Listener at 127.0.0.1/42911] INFO  server.StorageContainerManager (StorageContainerManager.java:stop(1594)) - Stopping datanode service RPC server
2023-05-08 09:35:30,801 [Listener at 127.0.0.1/42911] INFO  server.SCMDatanodeProtocolServer (SCMDatanodeProtocolServer.java:stop(424)) - Stopping the RPC server for DataNodes
2023-05-08 09:35:30,801 [Listener at 127.0.0.1/42911] INFO  ipc.Server (Server.java:stop(3501)) - Stopping server on 34399
2023-05-08 09:35:30,802 [IPC Server listener on 0] INFO  ipc.Server (Server.java:run(1430)) - Stopping IPC Server listener on 0
2023-05-08 09:35:30,805 [IPC Server Responder] INFO  ipc.Server (Server.java:run(1563)) - Stopping IPC Server Responder
2023-05-08 09:35:30,891 [SCM Heartbeat Processing Thread - 0] WARN  node.NodeStateManager (NodeStateManager.java:scheduleNextHealthCheck(870)) - Current Thread is interrupted, shutting down HB processing thread for Node Manager.
2023-05-08 09:35:30,891 [Listener at 127.0.0.1/42911] INFO  server.StorageContainerManager (StorageContainerManager.java:stop(1602)) - Stopping block service RPC server
2023-05-08 09:35:30,891 [Listener at 127.0.0.1/42911] INFO  server.SCMBlockProtocolServer (SCMBlockProtocolServer.java:stop(161)) - Stopping the RPC server for Block Protocol
2023-05-08 09:35:30,891 [Listener at 127.0.0.1/42911] INFO  ipc.Server (Server.java:stop(3501)) - Stopping server on 34251
2023-05-08 09:35:30,892 [IPC Server listener on 0] INFO  ipc.Server (Server.java:run(1430)) - Stopping IPC Server listener on 0
2023-05-08 09:35:30,893 [IPC Server Responder] INFO  ipc.Server (Server.java:run(1563)) - Stopping IPC Server Responder
2023-05-08 09:35:30,894 [Listener at 127.0.0.1/42911] INFO  server.StorageContainerManager (StorageContainerManager.java:stop(1609)) - Stopping the StorageContainerLocationProtocol RPC server
2023-05-08 09:35:30,894 [Listener at 127.0.0.1/42911] INFO  server.SCMClientProtocolServer (SCMClientProtocolServer.java:stop(208)) - Stopping the RPC server for Client Protocol
2023-05-08 09:35:30,894 [Listener at 127.0.0.1/42911] INFO  ipc.Server (Server.java:stop(3501)) - Stopping server on 45403
2023-05-08 09:35:30,894 [IPC Server listener on 0] INFO  ipc.Server (Server.java:run(1430)) - Stopping IPC Server listener on 0
2023-05-08 09:35:30,897 [IPC Server Responder] INFO  ipc.Server (Server.java:run(1563)) - Stopping IPC Server Responder
2023-05-08 09:35:30,898 [Listener at 127.0.0.1/42911] INFO  server.StorageContainerManager (StorageContainerManager.java:stop(1616)) - Stopping Storage Container Manager HTTP server.
2023-05-08 09:35:30,898 [Listener at 127.0.0.1/42911] INFO  handler.ContextHandler (ContextHandler.java:doStop(1159)) - Stopped o.e.j.w.WebAppContext@25ebb023{scm,/,null,STOPPED}{file:/home/runner/work/ozone/ozone/hadoop-ozone/integration-test/target/test-classes/webapps/scm}
2023-05-08 09:35:30,899 [Listener at 127.0.0.1/42911] INFO  server.AbstractConnector (AbstractConnector.java:doStop(383)) - Stopped ServerConnector@149a0f65{HTTP/1.1, (http/1.1)}{0.0.0.0:0}
2023-05-08 09:35:30,899 [Listener at 127.0.0.1/42911] INFO  server.session (HouseKeeper.java:stopScavenging(149)) - node0 Stopped scavenging
2023-05-08 09:35:30,899 [Listener at 127.0.0.1/42911] INFO  handler.ContextHandler (ContextHandler.java:doStop(1159)) - Stopped o.e.j.s.ServletContextHandler@409bbf66{static,/static,file:///home/runner/work/ozone/ozone/hadoop-ozone/integration-test/target/test-classes/webapps/static,STOPPED}
2023-05-08 09:35:30,899 [Listener at 127.0.0.1/42911] INFO  handler.ContextHandler (ContextHandler.java:doStop(1159)) - Stopped o.e.j.s.ServletContextHandler@639d24f8{logs,/logs,file:///home/runner/work/ozone/ozone/hadoop-ozone/integration-test/target/log,STOPPED}
2023-05-08 09:35:30,900 [Listener at 127.0.0.1/42911] INFO  server.StorageContainerManager (StorageContainerManager.java:stop(1624)) - Stopping SCM LayoutVersionManager Service.
2023-05-08 09:35:30,900 [Listener at 127.0.0.1/42911] INFO  server.StorageContainerManager (StorageContainerManager.java:stop(1632)) - Stopping Block Manager Service.
2023-05-08 09:35:30,900 [Listener at 127.0.0.1/42911] INFO  utils.BackgroundService (BackgroundService.java:shutdown(141)) - Shutting down service SCMBlockDeletingService
2023-05-08 09:35:30,900 [Listener at 127.0.0.1/42911] INFO  utils.BackgroundService (BackgroundService.java:shutdown(141)) - Shutting down service SCMBlockDeletingService
2023-05-08 09:35:30,901 [Listener at 127.0.0.1/42911] INFO  server.StorageContainerManager (StorageContainerManager.java:stop(1654)) - Stopping SCM Event Queue.
2023-05-08 09:35:30,901 [Listener at 127.0.0.1/42911] INFO  server.StorageContainerManager (StorageContainerManager.java:stop(1665)) - Stopping SCM HA services.
2023-05-08 09:35:30,902 [Listener at 127.0.0.1/42911] INFO  pipeline.BackgroundPipelineCreator (BackgroundPipelineCreator.java:stop(149)) - Stopping RatisPipelineUtilsThread.
2023-05-08 09:35:30,904 [RatisPipelineUtilsThread - 0] WARN  pipeline.BackgroundPipelineCreator (BackgroundPipelineCreator.java:run(180)) - RatisPipelineUtilsThread is interrupted.
2023-05-08 09:35:30,905 [BackgroundPipelineScrubberThread] WARN  BackgroundPipelineScrubber (BackgroundSCMService.java:run(115)) - BackgroundPipelineScrubber is interrupted, exit
2023-05-08 09:35:30,906 [Listener at 127.0.0.1/42911] INFO  BackgroundPipelineScrubber (BackgroundSCMService.java:stop(131)) - Stopping BackgroundPipelineScrubber Service.
2023-05-08 09:35:30,906 [Listener at 127.0.0.1/42911] INFO  impl.MetricsSystemImpl (MetricsSystemImpl.java:stop(210)) - Stopping HddsDatanode metrics system...
2023-05-08 09:35:30,917 [prometheus] INFO  impl.MetricsSinkAdapter (MetricsSinkAdapter.java:publishMetricsFromQueue(141)) - prometheus thread interrupted.
2023-05-08 09:35:30,917 [Listener at 127.0.0.1/42911] INFO  impl.MetricsSystemImpl (MetricsSystemImpl.java:stop(216)) - HddsDatanode metrics system stopped.
2023-05-08 09:35:30,917 [Listener at 127.0.0.1/42911] WARN  pipeline.BackgroundPipelineCreator (BackgroundPipelineCreator.java:stop(145)) - RatisPipelineUtilsThread is not running, just ignore.
2023-05-08 09:35:30,917 [Listener at 127.0.0.1/42911] INFO  BackgroundPipelineScrubber (BackgroundSCMService.java:stop(126)) - BackgroundPipelineScrubber Service is not running, skip stop.
2023-05-08 09:35:30,917 [Listener at 127.0.0.1/42911] INFO  ExpiredContainerReplicaOpScrubber (BackgroundSCMService.java:stop(131)) - Stopping ExpiredContainerReplicaOpScrubber Service.
2023-05-08 09:35:30,917 [ExpiredContainerReplicaOpScrubberThread] WARN  ExpiredContainerReplicaOpScrubber (BackgroundSCMService.java:run(115)) - ExpiredContainerReplicaOpScrubber is interrupted, exit
2023-05-08 09:35:30,917 [Listener at 127.0.0.1/42911] INFO  utils.BackgroundService (BackgroundService.java:shutdown(141)) - Shutting down service SCMBlockDeletingService
2023-05-08 09:35:30,918 [Listener at 127.0.0.1/42911] INFO  replication.ReplicationManager (ReplicationManager.java:stop(336)) - Replication Monitor Thread is not running.
2023-05-08 09:35:30,918 [Listener at 127.0.0.1/42911] WARN  balancer.ContainerBalancer (ContainerBalancer.java:stop(324)) - Cannot stop Container Balancer because it's not running or stopping
2023-05-08 09:35:30,918 [Listener at 127.0.0.1/42911] INFO  server.StorageContainerManager (StorageContainerManager.java:stop(1700)) - Stopping SCM MetadataStore.
2023-05-08 09:35:30,973 [Listener at 127.0.0.1/42911] WARN  server.ServerUtils (ServerUtils.java:getScmDbDir(148)) - ozone.scm.db.dirs is not configured. We recommend adding this setting. Falling back to ozone.metadata.dirs instead.
2023-05-08 09:35:30,977 [Listener at 127.0.0.1/42911] WARN  server.ServerUtils (ServerUtils.java:getScmDbDir(148)) - ozone.scm.db.dirs is not configured. We recommend adding this setting. Falling back to ozone.metadata.dirs instead.
2023-05-08 09:35:30,977 [Listener at 127.0.0.1/42911] INFO  ha.SCMHANodeDetails (SCMHANodeDetails.java:loadSCMHAConfig(209)) - ServiceID for StorageContainerManager is null
2023-05-08 09:35:30,977 [Listener at 127.0.0.1/42911] INFO  ha.SCMHANodeDetails (SCMHANodeDetails.java:loadSCMHAConfig(214)) - ozone.scm.default.service.id is not defined, falling back to ozone.scm.service.ids to find serviceID for StorageContainerManager if it is HA enabled cluster
2023-05-08 09:35:30,978 [Listener at 127.0.0.1/42911] WARN  utils.HAUtils (HAUtils.java:getMetaDir(350)) - ozone.scm.db.dirs is not configured. We recommend adding this setting. Falling back to ozone.metadata.dirs instead.
2023-05-08 09:35:30,979 [Listener at 127.0.0.1/42911] WARN  db.DBStoreBuilder (DBStoreBuilder.java:applyDBDefinition(164)) - ozone.scm.db.dirs is not configured. We recommend adding this setting. Falling back to ozone.metadata.dirs instead.
2023-05-08 09:35:31,091 [Listener at 127.0.0.1/42911] INFO  net.NodeSchemaLoader (NodeSchemaLoader.java:loadSchemaFromFile(129)) - Loading schema from [jar:file:/home/runner/.m2/repository/org/apache/ozone/hdds-common/1.4.0-SNAPSHOT/hdds-common-1.4.0-SNAPSHOT.jar!/network-topology-default.xml]
2023-05-08 09:35:31,091 [Listener at 127.0.0.1/42911] INFO  net.NodeSchemaLoader (NodeSchemaLoader.java:loadSchema(176)) - Loading network topology layer schema file
2023-05-08 09:35:31,093 [Listener at 127.0.0.1/42911] INFO  upgrade.AbstractLayoutVersionManager (AbstractLayoutVersionManager.java:init(83)) - Initializing Layout version manager with metadata layout = WEBUI_PORTS_IN_DATANODEDETAILS (version = 6), software layout = WEBUI_PORTS_IN_DATANODEDETAILS (version = 6)
2023-05-08 09:35:31,140 [Listener at 127.0.0.1/42911] INFO  reflections.Reflections (Reflections.java:scan(232)) - Reflections took 45 ms to scan 7 urls, producing 156 keys and 369 values 
2023-05-08 09:35:31,143 [Listener at 127.0.0.1/42911] INFO  ha.SequenceIdGenerator (SequenceIdGenerator.java:upgradeToSequenceId(349)) - upgrade localId to 111677748019200000
2023-05-08 09:35:31,143 [Listener at 127.0.0.1/42911] INFO  ha.SequenceIdGenerator (SequenceIdGenerator.java:upgradeToSequenceId(359)) - upgrade delTxnId to 0
2023-05-08 09:35:31,143 [Listener at 127.0.0.1/42911] INFO  ha.SequenceIdGenerator (SequenceIdGenerator.java:upgradeToSequenceId(376)) - upgrade containerId to 0
2023-05-08 09:35:31,143 [Listener at 127.0.0.1/42911] INFO  ha.SequenceIdGenerator (SequenceIdGenerator.java:<init>(220)) - Init the HA SequenceIdGenerator.
2023-05-08 09:35:31,144 [Listener at 127.0.0.1/42911] WARN  server.ServerUtils (ServerUtils.java:sanitizeUserArgs(73)) - ozone.scm.stale.node.interval value = 300000 is larger than max = 100000 based on the key value of ozone.scm.heartbeat.thread.interval, reset to the max value 100000.
2023-05-08 09:35:31,144 [Listener at 127.0.0.1/42911] WARN  server.ServerUtils (ServerUtils.java:sanitizeUserArgs(73)) - ozone.scm.stale.node.interval value = 300000 is larger than max = 100000 based on the key value of ozone.scm.heartbeat.thread.interval, reset to the max value 100000.
2023-05-08 09:35:31,148 [Listener at 127.0.0.1/42911] INFO  node.SCMNodeManager (SCMNodeManager.java:<init>(159)) - Entering startup safe mode.
2023-05-08 09:35:31,149 [Listener at 127.0.0.1/42911] INFO  algorithms.ContainerPlacementPolicyFactory (ContainerPlacementPolicyFactory.java:getPolicyInternal(86)) - Create container placement policy of type org.apache.hadoop.hdds.scm.container.placement.algorithms.SCMContainerPlacementRackAware
2023-05-08 09:35:31,149 [Listener at 127.0.0.1/42911] INFO  algorithms.ContainerPlacementPolicyFactory (ContainerPlacementPolicyFactory.java:getPolicyInternal(86)) - Create container placement policy of type org.apache.hadoop.hdds.scm.container.placement.algorithms.SCMContainerPlacementRackScatter
2023-05-08 09:35:31,149 [Listener at 127.0.0.1/42911] INFO  pipeline.PipelineStateManagerImpl (PipelineStateManagerImpl.java:initialize(78)) - No pipeline exists in current db
2023-05-08 09:35:31,149 [Listener at 127.0.0.1/42911] INFO  algorithms.LeaderChoosePolicyFactory (LeaderChoosePolicyFactory.java:getPolicy(57)) - Create leader choose policy of type org.apache.hadoop.hdds.scm.pipeline.leader.choose.algorithms.MinLeaderCountChoosePolicy
2023-05-08 09:35:31,149 [Listener at 127.0.0.1/42911] INFO  algorithms.ContainerPlacementPolicyFactory (ContainerPlacementPolicyFactory.java:getPolicyInternal(86)) - Create container placement policy of type org.apache.hadoop.hdds.scm.container.placement.algorithms.SCMContainerPlacementRackScatter
2023-05-08 09:35:31,150 [Listener at 127.0.0.1/42911] INFO  ha.SCMServiceManager (SCMServiceManager.java:register(42)) - Registering service BackgroundPipelineCreator.
2023-05-08 09:35:31,151 [Listener at 127.0.0.1/42911] INFO  pipeline.BackgroundPipelineCreator (BackgroundPipelineCreator.java:start(124)) - Starting RatisPipelineUtilsThread.
2023-05-08 09:35:31,151 [Listener at 127.0.0.1/42911] INFO  BackgroundPipelineScrubber (BackgroundSCMService.java:start(68)) - Starting BackgroundPipelineScrubber Service.
2023-05-08 09:35:31,151 [Listener at 127.0.0.1/42911] INFO  ha.SCMServiceManager (SCMServiceManager.java:register(42)) - Registering service BackgroundPipelineScrubber.
2023-05-08 09:35:31,151 [Listener at 127.0.0.1/42911] INFO  ExpiredContainerReplicaOpScrubber (BackgroundSCMService.java:start(68)) - Starting ExpiredContainerReplicaOpScrubber Service.
2023-05-08 09:35:31,151 [Listener at 127.0.0.1/42911] INFO  ha.SCMServiceManager (SCMServiceManager.java:register(42)) - Registering service ExpiredContainerReplicaOpScrubber.
2023-05-08 09:35:31,153 [Listener at 127.0.0.1/42911] INFO  algorithms.PipelineChoosePolicyFactory (PipelineChoosePolicyFactory.java:createPipelineChoosePolicyFromClass(73)) - Create pipeline choose policy of type org.apache.hadoop.hdds.scm.pipeline.choose.algorithms.RandomPipelineChoosePolicy
2023-05-08 09:35:31,154 [Listener at 127.0.0.1/42911] INFO  ha.SCMServiceManager (SCMServiceManager.java:register(42)) - Registering service SCMBlockDeletingService.
2023-05-08 09:35:31,154 [Listener at 127.0.0.1/42911] INFO  replication.ReplicationManager (ReplicationManager.java:start(293)) - Starting Replication Monitor Thread.
2023-05-08 09:35:31,155 [Listener at 127.0.0.1/42911] INFO  ha.SCMServiceManager (SCMServiceManager.java:register(42)) - Registering service ReplicationManager.
2023-05-08 09:35:31,156 [Listener at 127.0.0.1/42911] INFO  safemode.ContainerSafeModeRule (ContainerSafeModeRule.java:<init>(89)) - containers with one replica threshold count 0
2023-05-08 09:35:31,156 [Listener at 127.0.0.1/42911] INFO  safemode.HealthyPipelineSafeModeRule (HealthyPipelineSafeModeRule.java:initializeRule(169)) - Total pipeline count is 0, healthy pipeline threshold count is 1
2023-05-08 09:35:31,156 [Listener at 127.0.0.1/42911] INFO  safemode.OneReplicaPipelineSafeModeRule (OneReplicaPipelineSafeModeRule.java:initializeRule(180)) - Total pipeline count is 0, pipeline's with at least one datanode reported threshold count is 0
2023-05-08 09:35:31,157 [Listener at 127.0.0.1/42911] INFO  server.StorageContainerManager (StorageContainerManager.java:<init>(403)) - SCM start with adminUsers: [adminUser1, adminUser2, runner]
2023-05-08 09:35:31,157 [Listener at 127.0.0.1/42911] INFO  ipc.CallQueueManager (CallQueueManager.java:<init>(90)) - Using callQueue: class java.util.concurrent.LinkedBlockingQueue, queueCapacity: 2000, scheduler: class org.apache.hadoop.ipc.DefaultRpcScheduler, ipcBackoff: false.
2023-05-08 09:35:31,157 [Socket Reader #1 for port 0] INFO  ipc.Server (Server.java:run(1319)) - Starting Socket Reader #1 for port 0
2023-05-08 09:35:31,162 [ReplicationMonitor] INFO  replication.ReplicationManager (ReplicationManager.java:processAll(368)) - Replication Manager is not ready to run until 3000ms after safemode exit
2023-05-08 09:35:31,163 [Listener at 0.0.0.0/42721] INFO  ipc.CallQueueManager (CallQueueManager.java:<init>(90)) - Using callQueue: class java.util.concurrent.LinkedBlockingQueue, queueCapacity: 2000, scheduler: class org.apache.hadoop.ipc.DefaultRpcScheduler, ipcBackoff: false.
2023-05-08 09:35:31,163 [Socket Reader #1 for port 0] INFO  ipc.Server (Server.java:run(1319)) - Starting Socket Reader #1 for port 0
2023-05-08 09:35:31,164 [Listener at 0.0.0.0/44545] INFO  ipc.CallQueueManager (CallQueueManager.java:<init>(90)) - Using callQueue: class java.util.concurrent.LinkedBlockingQueue, queueCapacity: 2000, scheduler: class org.apache.hadoop.ipc.DefaultRpcScheduler, ipcBackoff: false.
2023-05-08 09:35:31,165 [Socket Reader #1 for port 0] INFO  ipc.Server (Server.java:run(1319)) - Starting Socket Reader #1 for port 0
2023-05-08 09:35:31,168 [Listener at 0.0.0.0/36165] INFO  ha.SCMServiceManager (SCMServiceManager.java:register(42)) - Registering service ContainerBalancer.
2023-05-08 09:35:31,168 [Listener at 0.0.0.0/36165] INFO  server.StorageContainerManager (StorageContainerManager.java:<init>(420)) - 
Container Balancer status:
Key                            Value
Running                        false
Container Balancer Configuration values:
Key                                                Value
Threshold                                          10
Max Datanodes to Involve per Iteration(percent)    20
Max Size to Move per Iteration                     500GB
Max Size Entering Target per Iteration             26GB
Max Size Leaving Source per Iteration              26GB

2023-05-08 09:35:31,168 [Listener at 0.0.0.0/36165] INFO  ha.SCMContext (SCMContext.java:updateSafeModeStatus(228)) - Update SafeModeStatus from SafeModeStatus{safeModeStatus=true, preCheckPassed=false} to SafeModeStatus{safeModeStatus=true, preCheckPassed=false}.
2023-05-08 09:35:31,169 [Listener at 0.0.0.0/36165] INFO  server.StorageContainerManager (StorageContainerManager.java:start(1477)) - StorageContainerLocationProtocol RPC server is listening at /0.0.0.0:36165
2023-05-08 09:35:31,173 [Listener at 0.0.0.0/36165] WARN  impl.MetricsConfig (MetricsConfig.java:loadFirst(136)) - Cannot locate configuration: tried hadoop-metrics2-storagecontainermanager.properties,hadoop-metrics2.properties
2023-05-08 09:35:31,174 [Listener at 0.0.0.0/36165] INFO  impl.MetricsSystemImpl (MetricsSystemImpl.java:startTimer(378)) - Scheduled Metric snapshot period at 10 second(s).
2023-05-08 09:35:31,175 [Listener at 0.0.0.0/36165] INFO  impl.MetricsSystemImpl (MetricsSystemImpl.java:start(191)) - StorageContainerManager metrics system started
2023-05-08 09:35:31,184 [Listener at 0.0.0.0/36165] INFO  impl.MetricsSinkAdapter (MetricsSinkAdapter.java:start(204)) - Sink prometheus started
2023-05-08 09:35:31,184 [Listener at 0.0.0.0/36165] INFO  impl.MetricsSystemImpl (MetricsSystemImpl.java:registerSink(305)) - Registered sink prometheus
2023-05-08 09:35:31,204 [Listener at 0.0.0.0/36165] INFO  server.SCMClientProtocolServer (SCMClientProtocolServer.java:start(199)) - RPC server for Client  is listening at /0.0.0.0:36165
2023-05-08 09:35:31,205 [IPC Server Responder] INFO  ipc.Server (Server.java:run(1558)) - IPC Server Responder: starting
2023-05-08 09:35:31,205 [IPC Server listener on 0] INFO  ipc.Server (Server.java:run(1398)) - IPC Server listener on 0: starting
2023-05-08 09:35:31,207 [Listener at 0.0.0.0/36165] INFO  server.StorageContainerManager (StorageContainerManager.java:start(1491)) - ScmBlockLocationProtocol RPC server is listening at /0.0.0.0:44545
2023-05-08 09:35:31,208 [Listener at 0.0.0.0/36165] INFO  server.SCMBlockProtocolServer (SCMBlockProtocolServer.java:start(152)) - RPC server for Block Protocol is listening at /0.0.0.0:44545
2023-05-08 09:35:31,208 [IPC Server Responder] INFO  ipc.Server (Server.java:run(1558)) - IPC Server Responder: starting
2023-05-08 09:35:31,208 [IPC Server listener on 0] INFO  ipc.Server (Server.java:run(1398)) - IPC Server listener on 0: starting
2023-05-08 09:35:31,209 [Listener at 0.0.0.0/36165] INFO  server.SCMDatanodeProtocolServer (SCMDatanodeProtocolServer.java:start(193)) - ScmDatanodeProtocol RPC server for DataNodes is listening at /0.0.0.0:42721
2023-05-08 09:35:31,210 [IPC Server Responder] INFO  ipc.Server (Server.java:run(1558)) - IPC Server Responder: starting
2023-05-08 09:35:31,210 [IPC Server listener on 0] INFO  ipc.Server (Server.java:run(1398)) - IPC Server listener on 0: starting
2023-05-08 09:35:31,213 [Listener at 0.0.0.0/36165] INFO  http.BaseHttpServer (BaseHttpServer.java:newHttpServer2BuilderForOzone(224)) - Starting Web-server for scm at: http://0.0.0.0:0
2023-05-08 09:35:31,213 [Listener at 0.0.0.0/36165] INFO  http.BaseHttpServer (BaseHttpServer.java:<init>(111)) - Hadoop Security Enabled: false Ozone Security Enabled: false Ozone HTTP Security Enabled: false 
2023-05-08 09:35:31,215 [Listener at 0.0.0.0/36165] WARN  server.AuthenticationFilter (AuthenticationFilter.java:constructSecretProvider(240)) - Unable to initialize FileSignerSecretProvider, falling back to use random secrets. Reason: Could not read signature secret file: /home/runner/hadoop-http-auth-signature-secret
2023-05-08 09:35:31,216 [Listener at 0.0.0.0/36165] INFO  http.HttpRequestLog (HttpRequestLog.java:getRequestLog(86)) - Http request log for http.requests.scm is not defined
2023-05-08 09:35:31,218 [Listener at 0.0.0.0/36165] INFO  http.HttpServer2 (HttpServer2.java:addGlobalFilter(1031)) - Added global filter 'safety' (class=org.apache.hadoop.hdds.server.http.HttpServer2$QuotingInputFilter)
2023-05-08 09:35:31,218 [Listener at 0.0.0.0/36165] INFO  http.HttpServer2 (HttpServer2.java:addFilter(1007)) - Added filter static_user_filter (class=org.apache.hadoop.http.lib.StaticUserWebFilter$StaticUserFilter) to context scm
2023-05-08 09:35:31,218 [Listener at 0.0.0.0/36165] INFO  http.HttpServer2 (HttpServer2.java:addFilter(1015)) - Added filter static_user_filter (class=org.apache.hadoop.http.lib.StaticUserWebFilter$StaticUserFilter) to context static
2023-05-08 09:35:31,218 [Listener at 0.0.0.0/36165] INFO  http.HttpServer2 (HttpServer2.java:addFilter(1015)) - Added filter static_user_filter (class=org.apache.hadoop.http.lib.StaticUserWebFilter$StaticUserFilter) to context logs
2023-05-08 09:35:31,219 [Listener at 0.0.0.0/36165] INFO  http.BaseHttpServer (BaseHttpServer.java:<init>(190)) - HTTP server of scm uses base directory /home/runner/work/ozone/ozone/hadoop-ozone/integration-test/target/test-dir/MiniOzoneClusterImpl-be56a2d2-96e4-45d9-aa7d-4262bbd71717/ozone-meta/webserver
2023-05-08 09:35:31,219 [Listener at 0.0.0.0/36165] INFO  http.HttpServer2 (HttpServer2.java:bindListener(1250)) - Jetty bound to port 45013
2023-05-08 09:35:31,219 [Listener at 0.0.0.0/36165] INFO  server.Server (Server.java:doStart(375)) - jetty-9.4.51.v20230217; built: 2023-02-17T08:19:37.309Z; git: b45c405e4544384de066f814ed42ae3dceacdd49; jvm 1.8.0_362-b09
2023-05-08 09:35:31,223 [Listener at 0.0.0.0/36165] INFO  server.session (DefaultSessionIdManager.java:doStart(334)) - DefaultSessionIdManager workerName=node0
2023-05-08 09:35:31,223 [Listener at 0.0.0.0/36165] INFO  server.session (DefaultSessionIdManager.java:doStart(339)) - No SessionScavenger set, using defaults
2023-05-08 09:35:31,224 [Listener at 0.0.0.0/36165] INFO  server.session (HouseKeeper.java:startScavenging(132)) - node0 Scavenging every 600000ms
2023-05-08 09:35:31,224 [org.apache.hadoop.util.JvmPauseMonitor$Monitor@18dbecae] INFO  util.JvmPauseMonitor (JvmPauseMonitor.java:run(188)) - Starting JVM pause monitor
2023-05-08 09:35:31,225 [Listener at 0.0.0.0/36165] INFO  handler.ContextHandler (ContextHandler.java:doStart(921)) - Started o.e.j.s.ServletContextHandler@558b9ab7{logs,/logs,file:///home/runner/work/ozone/ozone/hadoop-ozone/integration-test/target/log,AVAILABLE}
2023-05-08 09:35:31,226 [Listener at 0.0.0.0/36165] INFO  handler.ContextHandler (ContextHandler.java:doStart(921)) - Started o.e.j.s.ServletContextHandler@3ede3fc6{static,/static,file:///home/runner/work/ozone/ozone/hadoop-ozone/integration-test/target/test-classes/webapps/static,AVAILABLE}
2023-05-08 09:35:31,228 [Listener at 0.0.0.0/36165] INFO  handler.ContextHandler (ContextHandler.java:doStart(921)) - Started o.e.j.w.WebAppContext@7f278751{scm,/,file:///home/runner/work/ozone/ozone/hadoop-ozone/integration-test/target/test-classes/webapps/scm/,AVAILABLE}{file:/home/runner/work/ozone/ozone/hadoop-ozone/integration-test/target/test-classes/webapps/scm}
2023-05-08 09:35:31,229 [Listener at 0.0.0.0/36165] INFO  server.AbstractConnector (AbstractConnector.java:doStart(333)) - Started ServerConnector@4b442773{HTTP/1.1, (http/1.1)}{0.0.0.0:45013}
2023-05-08 09:35:31,229 [Listener at 0.0.0.0/36165] INFO  server.Server (Server.java:doStart(415)) - Started @139336ms
2023-05-08 09:35:31,229 [Listener at 0.0.0.0/36165] WARN  impl.MetricsSystemImpl (MetricsSystemImpl.java:register(279)) - Sink prometheus already exists!
2023-05-08 09:35:31,230 [Listener at 0.0.0.0/36165] INFO  http.BaseHttpServer (BaseHttpServer.java:updateConnectorAddress(344)) - HTTP server of scm listening at http://0.0.0.0:45013
2023-05-08 09:35:31,230 [Listener at 0.0.0.0/36165] WARN  server.ServerUtils (ServerUtils.java:getDBPath(225)) - ozone.om.db.dirs is not configured. We recommend adding this setting. Falling back to ozone.metadata.dirs instead.
2023-05-08 09:35:31,232 [Listener at 0.0.0.0/36165] INFO  ha.OMHANodeDetails (OMHANodeDetails.java:loadOMHAConfig(115)) - ozone.om.internal.service.id is not defined, falling back to ozone.om.service.ids to find serviceID for OzoneManager if it is HA enabled cluster
2023-05-08 09:35:31,233 [Listener at 0.0.0.0/36165] INFO  ha.OMHANodeDetails (OMHANodeDetails.java:loadOMHAConfig(226)) - Configuration does not have ozone.om.address set. Falling back to the default OM address /127.0.0.1:0
2023-05-08 09:35:31,233 [Listener at 0.0.0.0/36165] INFO  ha.OMHANodeDetails (OMHANodeDetails.java:getOMNodeDetailsForNonHA(254)) - OM Service ID is not set. Setting it to the default ID: omServiceIdDefault
2023-05-08 09:35:31,233 [Listener at 0.0.0.0/36165] INFO  ha.OMHANodeDetails (OMHANodeDetails.java:getOMNodeDetailsForNonHA(261)) - OM Node ID is not set. Setting it to the default ID: om1
2023-05-08 09:35:31,233 [Listener at 0.0.0.0/36165] WARN  server.ServerUtils (ServerUtils.java:getDBPath(225)) - ozone.om.db.dirs is not configured. We recommend adding this setting. Falling back to ozone.metadata.dirs instead.
2023-05-08 09:35:31,234 [Listener at 0.0.0.0/36165] INFO  upgrade.AbstractLayoutVersionManager (AbstractLayoutVersionManager.java:init(83)) - Initializing Layout version manager with metadata layout = HSYNC (version = 4), software layout = HSYNC (version = 4)
2023-05-08 09:35:31,311 [Listener at 0.0.0.0/36165] INFO  reflections.Reflections (Reflections.java:scan(232)) - Reflections took 76 ms to scan 2 urls, producing 172 keys and 479 values [using 2 cores]
2023-05-08 09:35:31,312 [Listener at 0.0.0.0/36165] INFO  upgrade.OMLayoutVersionManager (OMLayoutVersionManager.java:lambda$0(115)) - Skipping Upgrade Action MockOmUpgradeAction since it has been finalized.
2023-05-08 09:35:31,312 [Listener at 0.0.0.0/36165] WARN  server.ServerUtils (ServerUtils.java:getDBPath(225)) - ozone.om.db.dirs is not configured. We recommend adding this setting. Falling back to ozone.metadata.dirs instead.
2023-05-08 09:35:31,313 [Listener at 0.0.0.0/36165] INFO  proxy.SCMBlockLocationFailoverProxyProvider (SCMBlockLocationFailoverProxyProvider.java:<init>(114)) - Created block location fail-over proxy with 1 nodes: [nodeId=scmNodeId,nodeAddress=/0.0.0.0:44545]
2023-05-08 09:35:31,314 [Listener at 0.0.0.0/36165] INFO  proxy.SCMBlockLocationFailoverProxyProvider (SCMBlockLocationFailoverProxyProvider.java:<init>(114)) - Created block location fail-over proxy with 1 nodes: [nodeId=scmNodeId,nodeAddress=/0.0.0.0:44545]
2023-05-08 09:35:31,325 [Listener at 0.0.0.0/36165] INFO  om.OzoneManager (OzoneManager.java:<init>(640)) - OM start with adminUsers: [adminUser1, adminUser2, runner]
2023-05-08 09:35:31,326 [Listener at 0.0.0.0/36165] WARN  server.ServerUtils (ServerUtils.java:getDBPath(225)) - ozone.om.db.dirs is not configured. We recommend adding this setting. Falling back to ozone.metadata.dirs instead.
2023-05-08 09:35:31,326 [Listener at 0.0.0.0/36165] INFO  codec.OmKeyInfoCodec (OmKeyInfoCodec.java:<init>(49)) - OmKeyInfoCodec ignorePipeline = true
2023-05-08 09:35:31,326 [Listener at 0.0.0.0/36165] INFO  codec.RepeatedOmKeyInfoCodec (RepeatedOmKeyInfoCodec.java:<init>(41)) - RepeatedOmKeyInfoCodec ignorePipeline = true
2023-05-08 09:35:31,509 [Listener at 0.0.0.0/36165] INFO  om.OzoneManager (OzoneManager.java:instantiateServices(770)) - S3 Multi-Tenancy is disabled
2023-05-08 09:35:31,510 [Listener at 0.0.0.0/36165] INFO  om.OmSnapshotManager (OmSnapshotManager.java:<init>(169)) - Ozone filesystem snapshot feature is enabled.
2023-05-08 09:35:31,510 [Listener at 0.0.0.0/36165] WARN  server.ServerUtils (ServerUtils.java:getDBPath(225)) - ozone.om.snapshot.diff.db.dir is not configured. We recommend adding this setting. Falling back to ozone.metadata.dirs instead.
2023-05-08 09:35:31,535 [Listener at 0.0.0.0/36165] INFO  om.OzoneManager (OzoneManager.java:addS3GVolumeToDB(4278)) - Created Volume s3v With Owner runner required for S3Gateway operations.
2023-05-08 09:35:31,535 [Listener at 0.0.0.0/36165] WARN  server.ServerUtils (ServerUtils.java:getDefaultRatisDirectory(237)) - Storage directory for Ratis is not configured. It is a good idea to map this to an SSD disk. Falling back to ozone.metadata.dirs
2023-05-08 09:35:31,536 [Listener at 0.0.0.0/36165] WARN  utils.OzoneManagerRatisUtils (OzoneManagerRatisUtils.java:getOMRatisSnapshotDirectory(456)) - ozone.om.ratis.snapshot.dir is not configured. Falling back to ozone.metadata.dirs config
2023-05-08 09:35:31,536 [Listener at 0.0.0.0/36165] WARN  server.ServerUtils (ServerUtils.java:getDefaultRatisDirectory(237)) - Storage directory for Ratis is not configured. It is a good idea to map this to an SSD disk. Falling back to ozone.metadata.dirs
2023-05-08 09:35:31,537 [Listener at 0.0.0.0/36165] INFO  ratis.OzoneManagerRatisServer (OzoneManagerRatisServer.java:<init>(163)) - Instantiating OM Ratis server with groupID: omServiceIdDefault and peers: localhost:9872
2023-05-08 09:35:31,537 [Listener at 0.0.0.0/36165] INFO  ratis.OzoneManagerStateMachine (OzoneManagerStateMachine.java:loadSnapshotInfoFromDB(670)) - LastAppliedIndex is set from TransactionInfo from OM DB as (t:0, i:~)
2023-05-08 09:35:31,538 [Listener at 0.0.0.0/36165] INFO  server.RaftServer (ConfUtils.java:logGet(46)) - raft.rpc.type = GRPC (default)
2023-05-08 09:35:31,538 [Listener at 0.0.0.0/36165] INFO  grpc.GrpcConfigKeys (ConfUtils.java:logFallback(53)) - raft.grpc.admin.host = null (fallback to raft.grpc.server.host)
2023-05-08 09:35:31,538 [Listener at 0.0.0.0/36165] INFO  grpc.GrpcConfigKeys (ConfUtils.java:logFallback(53)) - raft.grpc.admin.port = 9872 (fallback to raft.grpc.server.port)
2023-05-08 09:35:31,538 [Listener at 0.0.0.0/36165] INFO  grpc.GrpcConfigKeys (ConfUtils.java:logFallback(53)) - raft.grpc.client.host = null (fallback to raft.grpc.server.host)
2023-05-08 09:35:31,538 [Listener at 0.0.0.0/36165] INFO  grpc.GrpcConfigKeys (ConfUtils.java:logFallback(53)) - raft.grpc.client.port = 9872 (fallback to raft.grpc.server.port)
2023-05-08 09:35:31,538 [Listener at 0.0.0.0/36165] INFO  grpc.GrpcConfigKeys (ConfUtils.java:logGet(46)) - raft.grpc.server.host = null (default)
2023-05-08 09:35:31,538 [Listener at 0.0.0.0/36165] INFO  grpc.GrpcConfigKeys (ConfUtils.java:logGet(46)) - raft.grpc.server.port = 9872 (custom)
2023-05-08 09:35:31,540 [Listener at 0.0.0.0/36165] INFO  server.GrpcService (ConfUtils.java:logGet(46)) - raft.grpc.message.size.max = 33554432 (custom)
2023-05-08 09:35:31,540 [Listener at 0.0.0.0/36165] INFO  server.RaftServerConfigKeys (ConfUtils.java:logGet(46)) - raft.server.log.appender.buffer.byte-limit = 33554432 (custom)
2023-05-08 09:35:31,541 [Listener at 0.0.0.0/36165] INFO  server.GrpcService (ConfUtils.java:logGet(46)) - raft.grpc.flow.control.window = 1MB (=1048576) (default)
2023-05-08 09:35:31,541 [Listener at 0.0.0.0/36165] INFO  server.RaftServerConfigKeys (ConfUtils.java:logGet(46)) - raft.server.rpc.request.timeout = 3000ms (default)
2023-05-08 09:35:31,541 [Listener at 0.0.0.0/36165] INFO  grpc.GrpcConfigKeys (ConfUtils.java:logGet(46)) - raft.grpc.server.heartbeat.channel = true (default)
2023-05-08 09:35:31,541 [Listener at 0.0.0.0/36165] INFO  grpc.GrpcConfigKeys (ConfUtils.java:logGet(46)) - raft.grpc.server.async.request.thread.pool.cached = true (default)
2023-05-08 09:35:31,541 [Listener at 0.0.0.0/36165] INFO  grpc.GrpcConfigKeys (ConfUtils.java:logGet(46)) - raft.grpc.server.async.request.thread.pool.size = 32 (default)
2023-05-08 09:35:31,543 [Listener at 0.0.0.0/36165] INFO  impl.DataStreamServerImpl (ConfUtils.java:logGet(46)) - raft.datastream.type = DISABLED (default)
2023-05-08 09:35:31,544 [Listener at 0.0.0.0/36165] INFO  server.RaftServerConfigKeys (ConfUtils.java:logGet(46)) - raft.server.threadpool.proxy.cached = true (default)
2023-05-08 09:35:31,544 [Listener at 0.0.0.0/36165] INFO  server.RaftServerConfigKeys (ConfUtils.java:logGet(46)) - raft.server.threadpool.proxy.size = 0 (default)
2023-05-08 09:35:31,544 [Listener at 0.0.0.0/36165] INFO  server.RaftServerConfigKeys (ConfUtils.java:logGet(46)) - raft.server.rpc.slowness.timeout = 120s (custom)
2023-05-08 09:35:31,544 [Listener at 0.0.0.0/36165] INFO  server.RaftServerConfigKeys (ConfUtils.java:logGet(46)) - raft.server.leaderelection.leader.step-down.wait-time = 10s (default)
2023-05-08 09:35:31,544 [Listener at 0.0.0.0/36165] INFO  server.RaftServerConfigKeys (ConfUtils.java:logGet(46)) - raft.server.storage.dir = [/home/runner/work/ozone/ozone/hadoop-ozone/integration-test/target/test-dir/MiniOzoneClusterImpl-be56a2d2-96e4-45d9-aa7d-4262bbd71717/ozone-meta/ratis] (custom)
2023-05-08 09:35:31,546 [Listener at 0.0.0.0/36165] INFO  server.RaftServer (RaftServerProxy.java:addNew(96)) - om1: addNew group-C5BA1605619E:[om1|rpc:localhost:9872|priority:0|startupRole:FOLLOWER] returns group-C5BA1605619E:java.util.concurrent.CompletableFuture@3e584889[Not completed]
2023-05-08 09:35:31,546 [pool-761-thread-1] INFO  server.RaftServer$Division (RaftServerImpl.java:<init>(195)) - om1: new RaftServerImpl for group-C5BA1605619E:[om1|rpc:localhost:9872|priority:0|startupRole:FOLLOWER] with OzoneManagerStateMachine:uninitialized
2023-05-08 09:35:31,546 [Listener at 0.0.0.0/36165] INFO  om.OzoneManager (OzoneManager.java:initializeRatisServer(2114)) - OzoneManager Ratis server initialized at port 9872
2023-05-08 09:35:31,546 [pool-761-thread-1] INFO  server.RaftServerConfigKeys (ConfUtils.java:logGet(46)) - raft.server.rpc.timeout.min = 1s (custom)
2023-05-08 09:35:31,547 [Listener at 0.0.0.0/36165] INFO  om.OzoneManager (OzoneManager.java:getRpcServer(1161)) - Creating RPC Server
2023-05-08 09:35:31,547 [pool-761-thread-1] INFO  server.RaftServerConfigKeys (ConfUtils.java:logGet(46)) - raft.server.rpc.timeout.max = 1200ms (custom)
2023-05-08 09:35:31,547 [pool-761-thread-1] INFO  server.RaftServerConfigKeys (ConfUtils.java:logGet(46)) - raft.server.rpc.sleep.time = 25ms (default)
2023-05-08 09:35:31,547 [pool-761-thread-1] INFO  server.RaftServerConfigKeys (ConfUtils.java:logGet(46)) - raft.server.rpc.slowness.timeout = 120s (custom)
2023-05-08 09:35:31,547 [pool-761-thread-1] INFO  server.RaftServerConfigKeys (ConfUtils.java:logGet(46)) - raft.server.leaderelection.leader.step-down.wait-time = 10s (default)
2023-05-08 09:35:31,547 [pool-761-thread-1] INFO  server.RaftServerConfigKeys (ConfUtils.java:logGet(46)) - raft.server.sleep.deviation.threshold = 300ms (default)
2023-05-08 09:35:31,547 [pool-761-thread-1] INFO  server.RaftServer$Division (ServerState.java:<init>(118)) - om1@group-C5BA1605619E: ConfigurationManager, init=-1: peers:[om1|rpc:localhost:9872|priority:0|startupRole:FOLLOWER]|listeners:[], old=null, confs=<EMPTY_MAP>
2023-05-08 09:35:31,547 [pool-761-thread-1] INFO  server.RaftServerConfigKeys (ConfUtils.java:logGet(46)) - raft.server.storage.dir = [/home/runner/work/ozone/ozone/hadoop-ozone/integration-test/target/test-dir/MiniOzoneClusterImpl-be56a2d2-96e4-45d9-aa7d-4262bbd71717/ozone-meta/ratis] (custom)
2023-05-08 09:35:31,547 [pool-761-thread-1] INFO  server.RaftServerConfigKeys (ConfUtils.java:logGet(46)) - raft.server.log.corruption.policy = EXCEPTION (default)
2023-05-08 09:35:31,547 [pool-761-thread-1] INFO  server.RaftServerConfigKeys (ConfUtils.java:logGet(46)) - raft.server.storage.free-space.min = 0MB (=0) (default)
2023-05-08 09:35:31,547 [pool-761-thread-1] INFO  server.RaftServerConfigKeys (ConfUtils.java:logGet(46)) - raft.server.notification.no-leader.timeout = 120s (custom)
2023-05-08 09:35:31,547 [pool-761-thread-1] INFO  server.RaftServerConfigKeys (ConfUtils.java:logGet(46)) - raft.server.retrycache.expirytime = 300s (custom)
2023-05-08 09:35:31,547 [pool-761-thread-1] INFO  server.RaftServerConfigKeys (ConfUtils.java:logGet(46)) - raft.server.retrycache.statistics.expirytime = 100μs (default)
2023-05-08 09:35:31,548 [pool-761-thread-1] INFO  server.RaftServerConfigKeys (ConfUtils.java:logGet(46)) - raft.server.log.appender.install.snapshot.enabled = false (custom)
2023-05-08 09:35:31,548 [pool-761-thread-1] INFO  server.RaftServerConfigKeys (ConfUtils.java:logGet(46)) - raft.server.threadpool.server.cached = true (default)
2023-05-08 09:35:31,548 [pool-761-thread-1] INFO  server.RaftServerConfigKeys (ConfUtils.java:logGet(46)) - raft.server.threadpool.server.size = 0 (default)
2023-05-08 09:35:31,548 [pool-761-thread-1] INFO  server.RaftServerConfigKeys (ConfUtils.java:logGet(46)) - raft.server.threadpool.client.cached = true (default)
2023-05-08 09:35:31,548 [pool-761-thread-1] INFO  server.RaftServerConfigKeys (ConfUtils.java:logGet(46)) - raft.server.threadpool.client.size = 0 (default)
2023-05-08 09:35:31,952 [Listener at 0.0.0.0/36165] INFO  reflections.Reflections (Reflections.java:scan(232)) - Reflections took 403 ms to scan 19 urls, producing 69 keys and 5166 values [using 2 cores]
2023-05-08 09:35:31,953 [Listener at 0.0.0.0/36165] INFO  ipc.CallQueueManager (CallQueueManager.java:<init>(90)) - Using callQueue: class java.util.concurrent.LinkedBlockingQueue, queueCapacity: 2000, scheduler: class org.apache.hadoop.ipc.DefaultRpcScheduler, ipcBackoff: false.
2023-05-08 09:35:31,959 [Socket Reader #1 for port 0] INFO  ipc.Server (Server.java:run(1319)) - Starting Socket Reader #1 for port 0
2023-05-08 09:35:31,977 [Listener at 127.0.0.1/38037] INFO  impl.MetricsSystemImpl (MetricsSystemImpl.java:init(158)) - OzoneManager metrics system started (again)
2023-05-08 09:35:31,989 [Listener at 127.0.0.1/38037] INFO  om.OzoneManager (OzoneManager.java:start(1582)) - OzoneManager RPC server is listening at localhost/127.0.0.1:38037
2023-05-08 09:35:31,989 [Listener at 127.0.0.1/38037] INFO  ratis.OzoneManagerRatisServer (OzoneManagerRatisServer.java:start(558)) - Starting OzoneManagerRatisServer om1 at port 9872
2023-05-08 09:35:31,989 [om1-impl-thread1] INFO  storage.RaftStorageDirectory (RaftStorageDirectoryImpl.java:analyzeStorage(137)) - The storage directory /home/runner/work/ozone/ozone/hadoop-ozone/integration-test/target/test-dir/MiniOzoneClusterImpl-be56a2d2-96e4-45d9-aa7d-4262bbd71717/ozone-meta/ratis/bf265839-605b-3f16-9796-c5ba1605619e does not exist. Creating ...
2023-05-08 09:35:31,991 [om1-impl-thread1] INFO  storage.RaftStorageDirectory (RaftStorageDirectoryImpl.java:tryLock(231)) - Lock on /home/runner/work/ozone/ozone/hadoop-ozone/integration-test/target/test-dir/MiniOzoneClusterImpl-be56a2d2-96e4-45d9-aa7d-4262bbd71717/ozone-meta/ratis/bf265839-605b-3f16-9796-c5ba1605619e/in_use.lock acquired by nodename 7572@fv-az96-539
2023-05-08 09:35:31,992 [om1-impl-thread1] INFO  storage.RaftStorage (RaftStorageImpl.java:format(96)) - Storage directory /home/runner/work/ozone/ozone/hadoop-ozone/integration-test/target/test-dir/MiniOzoneClusterImpl-be56a2d2-96e4-45d9-aa7d-4262bbd71717/ozone-meta/ratis/bf265839-605b-3f16-9796-c5ba1605619e has been successfully formatted.
2023-05-08 09:35:31,992 [om1-impl-thread1] INFO  server.RaftServerConfigKeys (ConfUtils.java:logGet(46)) - raft.server.log.use.memory = false (default)
2023-05-08 09:35:31,993 [om1-impl-thread1] INFO  server.RaftServerConfigKeys (ConfUtils.java:logGet(46)) - raft.server.log.purge.gap = 1000000 (custom)
2023-05-08 09:35:31,993 [om1-impl-thread1] INFO  server.RaftServerConfigKeys (ConfUtils.java:logGet(46)) - raft.server.log.appender.buffer.byte-limit = 33554432 (custom)
2023-05-08 09:35:31,993 [om1-impl-thread1] INFO  server.RaftServerConfigKeys (ConfUtils.java:logGet(46)) - raft.server.log.statemachine.data.read.timeout = 1000ms (default)
2023-05-08 09:35:31,993 [om1-impl-thread1] INFO  server.RaftServerConfigKeys (ConfUtils.java:logGet(46)) - raft.server.log.purge.preservation.log.num = 0 (default)
2023-05-08 09:35:31,993 [om1-impl-thread1] INFO  server.RaftServerConfigKeys (ConfUtils.java:logGet(46)) - raft.server.log.segment.size.max = 4194304 (custom)
2023-05-08 09:35:31,993 [om1-impl-thread1] INFO  server.RaftServerConfigKeys (ConfUtils.java:logGet(46)) - raft.server.log.segment.cache.num.max = 2 (custom)
2023-05-08 09:35:31,993 [om1-impl-thread1] INFO  server.RaftServerConfigKeys (ConfUtils.java:logGet(46)) - raft.server.log.segment.cache.size.max = 200MB (=209715200) (default)
2023-05-08 09:35:31,993 [om1-impl-thread1] INFO  segmented.SegmentedRaftLogWorker (SegmentedRaftLogWorker.java:<init>(189)) - new om1@group-C5BA1605619E-SegmentedRaftLogWorker for RaftStorageImpl:Storage Directory /home/runner/work/ozone/ozone/hadoop-ozone/integration-test/target/test-dir/MiniOzoneClusterImpl-be56a2d2-96e4-45d9-aa7d-4262bbd71717/ozone-meta/ratis/bf265839-605b-3f16-9796-c5ba1605619e
2023-05-08 09:35:31,993 [om1-impl-thread1] INFO  server.RaftServerConfigKeys (ConfUtils.java:logGet(46)) - raft.server.log.queue.byte-limit = 64MB (=67108864) (default)
2023-05-08 09:35:31,993 [om1-impl-thread1] INFO  server.RaftServerConfigKeys (ConfUtils.java:logGet(46)) - raft.server.log.queue.element-limit = 4096 (default)
2023-05-08 09:35:31,993 [om1-impl-thread1] INFO  server.RaftServerConfigKeys (ConfUtils.java:logGet(46)) - raft.server.log.segment.size.max = 4194304 (custom)
2023-05-08 09:35:31,993 [om1-impl-thread1] INFO  server.RaftServerConfigKeys (ConfUtils.java:logGet(46)) - raft.server.log.preallocated.size = 4194304 (custom)
2023-05-08 09:35:31,993 [om1-impl-thread1] INFO  server.RaftServerConfigKeys (ConfUtils.java:logGet(46)) - raft.server.log.force.sync.num = 128 (default)
2023-05-08 09:35:31,993 [om1-impl-thread1] INFO  server.RaftServerConfigKeys (ConfUtils.java:logGet(46)) - raft.server.log.statemachine.data.sync = true (default)
2023-05-08 09:35:31,993 [om1-impl-thread1] INFO  server.RaftServerConfigKeys (ConfUtils.java:logGet(46)) - raft.server.log.statemachine.data.sync.timeout = 10s (default)
2023-05-08 09:35:31,993 [om1-impl-thread1] INFO  server.RaftServerConfigKeys (ConfUtils.java:logGet(46)) - raft.server.log.statemachine.data.sync.timeout.retry = -1 (default)
2023-05-08 09:35:31,994 [om1-impl-thread1] INFO  server.RaftServerConfigKeys (ConfUtils.java:logGet(46)) - raft.server.log.write.buffer.size = 64KB (=65536) (default)
2023-05-08 09:35:31,994 [om1-impl-thread1] INFO  server.RaftServerConfigKeys (ConfUtils.java:logGet(46)) - raft.server.log.appender.buffer.byte-limit = 33554432 (custom)
2023-05-08 09:35:31,998 [om1-impl-thread1] INFO  server.RaftServerConfigKeys (ConfUtils.java:logGet(46)) - raft.server.log.unsafe-flush.enabled = false (default)
2023-05-08 09:35:31,999 [om1-impl-thread1] INFO  server.RaftServerConfigKeys (ConfUtils.java:logGet(46)) - raft.server.log.async-flush.enabled = false (default)
2023-05-08 09:35:31,999 [om1-impl-thread1] INFO  server.RaftServerConfigKeys (ConfUtils.java:logGet(46)) - raft.server.log.statemachine.data.caching.enabled = false (default)
2023-05-08 09:35:31,999 [om1-impl-thread1] INFO  segmented.SegmentedRaftLogWorker (SegmentedRaftLogWorker.java:lambda$new$0(135)) - om1@group-C5BA1605619E-SegmentedRaftLogWorker: flushIndex: setUnconditionally 0 -> -1
2023-05-08 09:35:31,999 [om1-impl-thread1] INFO  segmented.SegmentedRaftLogWorker (SegmentedRaftLogWorker.java:lambda$new$0(135)) - om1@group-C5BA1605619E-SegmentedRaftLogWorker: safeCacheEvictIndex: setUnconditionally 0 -> -1
2023-05-08 09:35:31,999 [om1-impl-thread1] INFO  server.RaftServer$Division (RaftServerImpl.java:start(334)) - om1@group-C5BA1605619E: start as a follower, conf=-1: peers:[om1|rpc:localhost:9872|priority:0|startupRole:FOLLOWER]|listeners:[], old=null
2023-05-08 09:35:31,999 [om1-impl-thread1] INFO  server.RaftServer$Division (RaftServerImpl.java:setRole(321)) - om1@group-C5BA1605619E: changes role from      null to FOLLOWER at term 0 for startAsFollower
2023-05-08 09:35:31,999 [om1-impl-thread1] INFO  impl.RoleInfo (RoleInfo.java:updateAndGet(139)) - om1: start om1@group-C5BA1605619E-FollowerState
2023-05-08 09:35:31,999 [om1-impl-thread1] INFO  util.JmxRegister (JmxRegister.java:tryRegister(44)) - Successfully registered JMX Bean with object name Ratis:service=RaftServer,group=group-C5BA1605619E,id=om1
2023-05-08 09:35:31,999 [om1-impl-thread1] INFO  server.RaftServerConfigKeys (ConfUtils.java:logGet(46)) - raft.server.snapshot.auto.trigger.enabled = true (custom)
2023-05-08 09:35:32,000 [om1-impl-thread1] INFO  server.RaftServerConfigKeys (ConfUtils.java:logGet(46)) - raft.server.snapshot.auto.trigger.threshold = 400000 (default)
2023-05-08 09:35:32,000 [om1-impl-thread1] INFO  server.RaftServerConfigKeys (ConfUtils.java:logGet(46)) - raft.server.snapshot.retention.file.num = -1 (default)
2023-05-08 09:35:32,000 [om1-impl-thread1] INFO  server.RaftServerConfigKeys (ConfUtils.java:logGet(46)) - raft.server.log.purge.upto.snapshot.index = true (custom)
2023-05-08 09:35:32,000 [om1@group-C5BA1605619E-FollowerState] INFO  server.RaftServerConfigKeys (ConfUtils.java:logFallback(53)) - raft.server.rpc.first-election.timeout.min = 1s (fallback to raft.server.rpc.timeout.min)
2023-05-08 09:35:32,000 [om1@group-C5BA1605619E-FollowerState] INFO  server.RaftServerConfigKeys (ConfUtils.java:logFallback(53)) - raft.server.rpc.first-election.timeout.max = 1200ms (fallback to raft.server.rpc.timeout.max)
2023-05-08 09:35:32,001 [Listener at 127.0.0.1/38037] INFO  server.RaftServer (RaftServerProxy.java:startImpl(393)) - om1: start RPC server
2023-05-08 09:35:32,003 [Listener at 127.0.0.1/38037] INFO  server.GrpcService (GrpcService.java:startImpl(262)) - om1: GrpcService started, listening on 9872
2023-05-08 09:35:32,004 [Listener at 127.0.0.1/38037] INFO  om.OzoneManager (OzoneManager.java:start(1598)) - Version File has different layout version (4) than OM DB (null). That is expected if this OM has never been finalized to a newer layout version.
2023-05-08 09:35:32,005 [JvmPauseMonitor16] INFO  util.JvmPauseMonitor (JvmPauseMonitor.java:run(105)) - JvmPauseMonitor-om1: Started
2023-05-08 09:35:32,011 [Listener at 127.0.0.1/38037] INFO  http.BaseHttpServer (BaseHttpServer.java:newHttpServer2BuilderForOzone(224)) - Starting Web-server for ozoneManager at: http://0.0.0.0:0
2023-05-08 09:35:32,011 [Listener at 127.0.0.1/38037] INFO  http.BaseHttpServer (BaseHttpServer.java:<init>(111)) - Hadoop Security Enabled: false Ozone Security Enabled: false Ozone HTTP Security Enabled: false 
2023-05-08 09:35:32,012 [Listener at 127.0.0.1/38037] WARN  server.AuthenticationFilter (AuthenticationFilter.java:constructSecretProvider(240)) - Unable to initialize FileSignerSecretProvider, falling back to use random secrets. Reason: Could not read signature secret file: /home/runner/hadoop-http-auth-signature-secret
2023-05-08 09:35:32,013 [Listener at 127.0.0.1/38037] INFO  http.HttpRequestLog (HttpRequestLog.java:getRequestLog(86)) - Http request log for http.requests.ozoneManager is not defined
2023-05-08 09:35:32,014 [Listener at 127.0.0.1/38037] INFO  http.HttpServer2 (HttpServer2.java:addGlobalFilter(1031)) - Added global filter 'safety' (class=org.apache.hadoop.hdds.server.http.HttpServer2$QuotingInputFilter)
2023-05-08 09:35:32,015 [Listener at 127.0.0.1/38037] INFO  http.HttpServer2 (HttpServer2.java:addFilter(1007)) - Added filter static_user_filter (class=org.apache.hadoop.http.lib.StaticUserWebFilter$StaticUserFilter) to context ozoneManager
2023-05-08 09:35:32,015 [Listener at 127.0.0.1/38037] INFO  http.HttpServer2 (HttpServer2.java:addFilter(1015)) - Added filter static_user_filter (class=org.apache.hadoop.http.lib.StaticUserWebFilter$StaticUserFilter) to context logs
2023-05-08 09:35:32,015 [Listener at 127.0.0.1/38037] INFO  http.HttpServer2 (HttpServer2.java:addFilter(1015)) - Added filter static_user_filter (class=org.apache.hadoop.http.lib.StaticUserWebFilter$StaticUserFilter) to context static
2023-05-08 09:35:32,015 [Listener at 127.0.0.1/38037] INFO  http.BaseHttpServer (BaseHttpServer.java:<init>(190)) - HTTP server of ozoneManager uses base directory /home/runner/work/ozone/ozone/hadoop-ozone/integration-test/target/test-dir/MiniOzoneClusterImpl-be56a2d2-96e4-45d9-aa7d-4262bbd71717/ozone-meta/webserver
2023-05-08 09:35:32,015 [Listener at 127.0.0.1/38037] INFO  http.HttpServer2 (HttpServer2.java:bindListener(1250)) - Jetty bound to port 34547
2023-05-08 09:35:32,015 [Listener at 127.0.0.1/38037] INFO  server.Server (Server.java:doStart(375)) - jetty-9.4.51.v20230217; built: 2023-02-17T08:19:37.309Z; git: b45c405e4544384de066f814ed42ae3dceacdd49; jvm 1.8.0_362-b09
2023-05-08 09:35:32,019 [Listener at 127.0.0.1/38037] INFO  server.session (DefaultSessionIdManager.java:doStart(334)) - DefaultSessionIdManager workerName=node0
2023-05-08 09:35:32,019 [Listener at 127.0.0.1/38037] INFO  server.session (DefaultSessionIdManager.java:doStart(339)) - No SessionScavenger set, using defaults
2023-05-08 09:35:32,019 [Listener at 127.0.0.1/38037] INFO  server.session (HouseKeeper.java:startScavenging(132)) - node0 Scavenging every 600000ms
2023-05-08 09:35:32,022 [Listener at 127.0.0.1/38037] INFO  handler.ContextHandler (ContextHandler.java:doStart(921)) - Started o.e.j.s.ServletContextHandler@6903c1c7{logs,/logs,file:///home/runner/work/ozone/ozone/hadoop-ozone/integration-test/target/log,AVAILABLE}
2023-05-08 09:35:32,023 [Listener at 127.0.0.1/38037] INFO  handler.ContextHandler (ContextHandler.java:doStart(921)) - Started o.e.j.s.ServletContextHandler@6f75eeb1{static,/static,file:///home/runner/work/ozone/ozone/hadoop-ozone/integration-test/target/test-classes/webapps/static,AVAILABLE}
2023-05-08 09:35:32,028 [Listener at 127.0.0.1/38037] INFO  handler.ContextHandler (ContextHandler.java:doStart(921)) - Started o.e.j.w.WebAppContext@f3d86f8{ozoneManager,/,file:///home/runner/work/ozone/ozone/hadoop-ozone/integration-test/target/test-classes/webapps/ozoneManager/,AVAILABLE}{file:/home/runner/work/ozone/ozone/hadoop-ozone/integration-test/target/test-classes/webapps/ozoneManager}
2023-05-08 09:35:32,030 [Listener at 127.0.0.1/38037] INFO  server.AbstractConnector (AbstractConnector.java:doStart(333)) - Started ServerConnector@4f3359f2{HTTP/1.1, (http/1.1)}{0.0.0.0:34547}
2023-05-08 09:35:32,030 [Listener at 127.0.0.1/38037] INFO  server.Server (Server.java:doStart(415)) - Started @140137ms
2023-05-08 09:35:32,030 [Listener at 127.0.0.1/38037] WARN  impl.MetricsSystemImpl (MetricsSystemImpl.java:register(279)) - Sink prometheus already exists!
2023-05-08 09:35:32,031 [Listener at 127.0.0.1/38037] INFO  http.BaseHttpServer (BaseHttpServer.java:updateConnectorAddress(344)) - HTTP server of ozoneManager listening at http://0.0.0.0:34547
2023-05-08 09:35:32,032 [IPC Server Responder] INFO  ipc.Server (Server.java:run(1558)) - IPC Server Responder: starting
2023-05-08 09:35:32,039 [Listener at 127.0.0.1/38037] INFO  om.OzoneManager (OzoneManager.java:startTrashEmptier(2058)) - Trash Interval set to 0. Files deleted won't move to trash
2023-05-08 09:35:32,040 [IPC Server listener on 0] INFO  ipc.Server (Server.java:run(1398)) - IPC Server listener on 0: starting
2023-05-08 09:35:32,054 [org.apache.hadoop.util.JvmPauseMonitor$Monitor@57dfed16] INFO  util.JvmPauseMonitor (JvmPauseMonitor.java:run(188)) - Starting JVM pause monitor
2023-05-08 09:35:32,055 [Listener at 127.0.0.1/38037] WARN  impl.MetricRegistriesImpl (MetricRegistriesImpl.java:addReporterRegistration(111)) - New reporters are added after registries were created. Some metrics will be missing from the reporter. Please add reporter before adding any new registry.
2023-05-08 09:35:32,055 [Listener at 127.0.0.1/38037] WARN  impl.MetricRegistriesImpl (MetricRegistriesImpl.java:addReporterRegistration(111)) - New reporters are added after registries were created. Some metrics will be missing from the reporter. Please add reporter before adding any new registry.
2023-05-08 09:35:32,055 [Listener at 127.0.0.1/38037] INFO  impl.MetricsSystemImpl (MetricsSystemImpl.java:init(158)) - HddsDatanode metrics system started (again)
2023-05-08 09:35:32,068 [Listener at 127.0.0.1/38037] INFO  ozone.HddsDatanodeService (HddsDatanodeService.java:start(252)) - HddsDatanodeService host:fv-az96-539 ip:10.1.0.160
2023-05-08 09:35:32,095 [Listener at 127.0.0.1/38037] INFO  upgrade.AbstractLayoutVersionManager (AbstractLayoutVersionManager.java:init(83)) - Initializing Layout version manager with metadata layout = WEBUI_PORTS_IN_DATANODEDETAILS (version = 6), software layout = WEBUI_PORTS_IN_DATANODEDETAILS (version = 6)
2023-05-08 09:35:32,253 [Listener at 127.0.0.1/38037] INFO  reflections.Reflections (Reflections.java:scan(232)) - Reflections took 55 ms to scan 7 urls, producing 156 keys and 369 values 
2023-05-08 09:35:32,255 [Listener at 127.0.0.1/38037] INFO  statemachine.DatanodeStateMachine (DatanodeStateMachine.java:getEndPointTaskThreadPoolSize(267)) - Datanode State Machine Task Thread Pool size 2
2023-05-08 09:35:32,257 [Listener at 127.0.0.1/38037] INFO  volume.HddsVolume (HddsVolume.java:<init>(130)) - Creating HddsVolume: /home/runner/work/ozone/ozone/hadoop-ozone/integration-test/target/test-dir/MiniOzoneClusterImpl-be56a2d2-96e4-45d9-aa7d-4262bbd71717/datanode-0/data-0/containers/hdds of storage type : DISK capacity : 9223372036854775807
2023-05-08 09:35:32,257 [Listener at 127.0.0.1/38037] INFO  volume.MutableVolumeSet (MutableVolumeSet.java:initializeVolumeSet(175)) - Added Volume : /home/runner/work/ozone/ozone/hadoop-ozone/integration-test/target/test-dir/MiniOzoneClusterImpl-be56a2d2-96e4-45d9-aa7d-4262bbd71717/datanode-0/data-0/containers/hdds to VolumeSet
2023-05-08 09:35:32,258 [Listener at 127.0.0.1/38037] INFO  volume.ThrottledAsyncChecker (ThrottledAsyncChecker.java:schedule(141)) - Scheduling a check for /home/runner/work/ozone/ozone/hadoop-ozone/integration-test/target/test-dir/MiniOzoneClusterImpl-be56a2d2-96e4-45d9-aa7d-4262bbd71717/datanode-0/data-0/containers/hdds
2023-05-08 09:35:32,259 [Listener at 127.0.0.1/38037] INFO  volume.StorageVolumeChecker (StorageVolumeChecker.java:checkAllVolumes(202)) - Scheduled health check for volume /home/runner/work/ozone/ozone/hadoop-ozone/integration-test/target/test-dir/MiniOzoneClusterImpl-be56a2d2-96e4-45d9-aa7d-4262bbd71717/datanode-0/data-0/containers/hdds
2023-05-08 09:35:32,271 [Listener at 127.0.0.1/38037] INFO  volume.MutableVolumeSet (MutableVolumeSet.java:initializeVolumeSet(175)) - Added Volume : /home/runner/work/ozone/ozone/hadoop-ozone/integration-test/target/test-dir/MiniOzoneClusterImpl-be56a2d2-96e4-45d9-aa7d-4262bbd71717/datanode-0/data/ratis to VolumeSet
2023-05-08 09:35:32,271 [Listener at 127.0.0.1/38037] INFO  volume.ThrottledAsyncChecker (ThrottledAsyncChecker.java:schedule(141)) - Scheduling a check for /home/runner/work/ozone/ozone/hadoop-ozone/integration-test/target/test-dir/MiniOzoneClusterImpl-be56a2d2-96e4-45d9-aa7d-4262bbd71717/datanode-0/data/ratis
2023-05-08 09:35:32,271 [Listener at 127.0.0.1/38037] INFO  volume.StorageVolumeChecker (StorageVolumeChecker.java:checkAllVolumes(202)) - Scheduled health check for volume /home/runner/work/ozone/ozone/hadoop-ozone/integration-test/target/test-dir/MiniOzoneClusterImpl-be56a2d2-96e4-45d9-aa7d-4262bbd71717/datanode-0/data/ratis
2023-05-08 09:35:32,282 [Thread-1789] INFO  ozoneimpl.ContainerReader (ContainerReader.java:readVolume(175)) - Finish verifying containers on volume /home/runner/work/ozone/ozone/hadoop-ozone/integration-test/target/test-dir/MiniOzoneClusterImpl-be56a2d2-96e4-45d9-aa7d-4262bbd71717/datanode-0/data-0/containers/hdds
2023-05-08 09:35:32,282 [Listener at 127.0.0.1/38037] INFO  ozoneimpl.OzoneContainer (OzoneContainer.java:buildContainerSet(303)) - Build ContainerSet costs 0s
2023-05-08 09:35:32,286 [Listener at 127.0.0.1/38037] INFO  server.RaftServer (ConfUtils.java:logGet(46)) - raft.rpc.type = GRPC (default)
2023-05-08 09:35:32,286 [Listener at 127.0.0.1/38037] INFO  grpc.GrpcConfigKeys (ConfUtils.java:logFallback(53)) - raft.grpc.admin.host = null (fallback to raft.grpc.server.host)
2023-05-08 09:35:32,286 [Listener at 127.0.0.1/38037] INFO  grpc.GrpcConfigKeys (ConfUtils.java:logGet(46)) - raft.grpc.admin.port = 0 (custom)
2023-05-08 09:35:32,286 [Listener at 127.0.0.1/38037] INFO  grpc.GrpcConfigKeys (ConfUtils.java:logFallback(53)) - raft.grpc.client.host = null (fallback to raft.grpc.server.host)
2023-05-08 09:35:32,286 [Listener at 127.0.0.1/38037] INFO  grpc.GrpcConfigKeys (ConfUtils.java:logGet(46)) - raft.grpc.client.port = 0 (custom)
2023-05-08 09:35:32,286 [Listener at 127.0.0.1/38037] INFO  grpc.GrpcConfigKeys (ConfUtils.java:logGet(46)) - raft.grpc.server.host = null (default)
2023-05-08 09:35:32,286 [Listener at 127.0.0.1/38037] INFO  grpc.GrpcConfigKeys (ConfUtils.java:logGet(46)) - raft.grpc.server.port = 0 (default)
2023-05-08 09:35:32,286 [Listener at 127.0.0.1/38037] INFO  server.GrpcService (ConfUtils.java:logGet(46)) - raft.grpc.message.size.max = 32MB (=33554432) (custom)
2023-05-08 09:35:32,286 [Listener at 127.0.0.1/38037] INFO  server.RaftServerConfigKeys (ConfUtils.java:logGet(46)) - raft.server.log.appender.buffer.byte-limit = 33554432 (custom)
2023-05-08 09:35:32,287 [Listener at 127.0.0.1/38037] INFO  server.GrpcService (ConfUtils.java:logGet(46)) - raft.grpc.flow.control.window = 5MB (=5242880) (custom)
2023-05-08 09:35:32,287 [Listener at 127.0.0.1/38037] INFO  server.RaftServerConfigKeys (ConfUtils.java:logGet(46)) - raft.server.rpc.request.timeout = 60s (custom)
2023-05-08 09:35:32,287 [Listener at 127.0.0.1/38037] INFO  grpc.GrpcConfigKeys (ConfUtils.java:logGet(46)) - raft.grpc.server.heartbeat.channel = true (default)
2023-05-08 09:35:32,287 [Listener at 127.0.0.1/38037] INFO  grpc.GrpcConfigKeys (ConfUtils.java:logGet(46)) - raft.grpc.server.async.request.thread.pool.cached = true (default)
2023-05-08 09:35:32,287 [Listener at 127.0.0.1/38037] INFO  grpc.GrpcConfigKeys (ConfUtils.java:logGet(46)) - raft.grpc.server.async.request.thread.pool.size = 32 (default)
2023-05-08 09:35:32,289 [Listener at 127.0.0.1/38037] INFO  impl.DataStreamServerImpl (ConfUtils.java:logGet(46)) - raft.datastream.type = NETTY (custom)
2023-05-08 09:35:32,290 [Listener at 127.0.0.1/38037] INFO  server.RaftServerConfigKeys (ConfUtils.java:logGet(46)) - raft.server.data-stream.async.request.thread.pool.cached = false (default)
2023-05-08 09:35:32,290 [Listener at 127.0.0.1/38037] INFO  server.RaftServerConfigKeys (ConfUtils.java:logGet(46)) - raft.server.data-stream.async.request.thread.pool.size = 20 (custom)
2023-05-08 09:35:32,290 [Listener at 127.0.0.1/38037] INFO  server.RaftServerConfigKeys (ConfUtils.java:logGet(46)) - raft.server.data-stream.async.write.thread.pool.size = 16 (default)
2023-05-08 09:35:32,290 [Listener at 127.0.0.1/38037] INFO  server.RaftServerConfigKeys (ConfUtils.java:logGet(46)) - raft.server.data-stream.client.pool.size = 10 (default)
2023-05-08 09:35:32,290 [Listener at 127.0.0.1/38037] INFO  netty.NettyConfigKeys$DataStream (ConfUtils.java:logGet(46)) - raft.netty.dataStream.server.use-epoll = false (default)
2023-05-08 09:35:32,290 [Listener at 127.0.0.1/38037] INFO  netty.NettyConfigKeys$DataStream (ConfUtils.java:logGet(46)) - raft.netty.dataStream.server.boss-group.size = 0 (default)
2023-05-08 09:35:32,290 [Listener at 127.0.0.1/38037] INFO  netty.NettyConfigKeys$DataStream (ConfUtils.java:logGet(46)) - raft.netty.dataStream.server.worker-group.size = 0 (default)
2023-05-08 09:35:32,291 [Listener at 127.0.0.1/38037] INFO  netty.NettyConfigKeys$DataStream (ConfUtils.java:logGet(46)) - raft.netty.dataStream.server.tls.conf = null (default)
2023-05-08 09:35:32,291 [Listener at 127.0.0.1/38037] INFO  netty.NettyConfigKeys$DataStream (ConfUtils.java:logGet(46)) - raft.netty.dataStream.host = null (default)
2023-05-08 09:35:32,291 [Listener at 127.0.0.1/38037] INFO  netty.NettyConfigKeys$DataStream (ConfUtils.java:logGet(46)) - raft.netty.dataStream.port = 0 (default)
2023-05-08 09:35:32,291 [Listener at 127.0.0.1/38037] INFO  server.RaftServerConfigKeys (ConfUtils.java:logGet(46)) - raft.server.threadpool.proxy.cached = true (default)
2023-05-08 09:35:32,291 [Listener at 127.0.0.1/38037] INFO  server.RaftServerConfigKeys (ConfUtils.java:logGet(46)) - raft.server.threadpool.proxy.size = 0 (default)
2023-05-08 09:35:32,291 [Listener at 127.0.0.1/38037] INFO  server.RaftServerConfigKeys (ConfUtils.java:logGet(46)) - raft.server.rpc.slowness.timeout = 300s (custom)
2023-05-08 09:35:32,291 [Listener at 127.0.0.1/38037] INFO  server.RaftServerConfigKeys (ConfUtils.java:logGet(46)) - raft.server.leaderelection.leader.step-down.wait-time = 10s (default)
2023-05-08 09:35:32,292 [Listener at 127.0.0.1/38037] INFO  server.RaftServerConfigKeys (ConfUtils.java:logGet(46)) - raft.server.storage.dir = [/home/runner/work/ozone/ozone/hadoop-ozone/integration-test/target/test-dir/MiniOzoneClusterImpl-be56a2d2-96e4-45d9-aa7d-4262bbd71717/datanode-0/data/ratis] (custom)
2023-05-08 09:35:32,292 [3e648b14-2e89-4337-9925-6e41fa74934b-NettyServerStreamRpc-bossGroup--thread1] INFO  logging.LoggingHandler (AbstractInternalLogger.java:log(148)) - [id: 0x3669a5b4] REGISTERED
2023-05-08 09:35:32,292 [3e648b14-2e89-4337-9925-6e41fa74934b-NettyServerStreamRpc-bossGroup--thread1] INFO  logging.LoggingHandler (AbstractInternalLogger.java:log(148)) - [id: 0x3669a5b4] BIND: 0.0.0.0/0.0.0.0:0
2023-05-08 09:35:32,292 [3e648b14-2e89-4337-9925-6e41fa74934b-NettyServerStreamRpc-bossGroup--thread1] INFO  logging.LoggingHandler (AbstractInternalLogger.java:log(148)) - [id: 0x3669a5b4, L:/0:0:0:0:0:0:0:0:34191] ACTIVE
2023-05-08 09:35:32,294 [Listener at 127.0.0.1/38037] INFO  server.XceiverServerGrpc (XceiverServerGrpc.java:<init>(132)) - GrpcServer channel type EpollServerSocketChannel
2023-05-08 09:35:32,295 [Listener at 127.0.0.1/38037] INFO  replication.ReplicationSupervisor (ReplicationSupervisor.java:nodeStateUpdated(295)) - Node state updated to IN_SERVICE, scaling executor pool size to 10
2023-05-08 09:35:32,299 [Listener at 127.0.0.1/38037] INFO  http.BaseHttpServer (BaseHttpServer.java:newHttpServer2BuilderForOzone(224)) - Starting Web-server for hddsDatanode at: http://0.0.0.0:0
2023-05-08 09:35:32,299 [Listener at 127.0.0.1/38037] INFO  http.BaseHttpServer (BaseHttpServer.java:<init>(111)) - Hadoop Security Enabled: false Ozone Security Enabled: false Ozone HTTP Security Enabled: false 
2023-05-08 09:35:32,300 [Listener at 127.0.0.1/38037] WARN  server.AuthenticationFilter (AuthenticationFilter.java:constructSecretProvider(240)) - Unable to initialize FileSignerSecretProvider, falling back to use random secrets. Reason: Could not read signature secret file: /home/runner/hadoop-http-auth-signature-secret
2023-05-08 09:35:32,301 [Listener at 127.0.0.1/38037] INFO  http.HttpRequestLog (HttpRequestLog.java:getRequestLog(86)) - Http request log for http.requests.hddsDatanode is not defined
2023-05-08 09:35:32,302 [Listener at 127.0.0.1/38037] INFO  http.HttpServer2 (HttpServer2.java:addGlobalFilter(1031)) - Added global filter 'safety' (class=org.apache.hadoop.hdds.server.http.HttpServer2$QuotingInputFilter)
2023-05-08 09:35:32,304 [Listener at 127.0.0.1/38037] INFO  http.HttpServer2 (HttpServer2.java:addFilter(1007)) - Added filter static_user_filter (class=org.apache.hadoop.http.lib.StaticUserWebFilter$StaticUserFilter) to context hddsDatanode
2023-05-08 09:35:32,304 [Listener at 127.0.0.1/38037] INFO  http.HttpServer2 (HttpServer2.java:addFilter(1015)) - Added filter static_user_filter (class=org.apache.hadoop.http.lib.StaticUserWebFilter$StaticUserFilter) to context logs
2023-05-08 09:35:32,304 [Listener at 127.0.0.1/38037] INFO  http.HttpServer2 (HttpServer2.java:addFilter(1015)) - Added filter static_user_filter (class=org.apache.hadoop.http.lib.StaticUserWebFilter$StaticUserFilter) to context static
2023-05-08 09:35:32,305 [Listener at 127.0.0.1/38037] INFO  http.BaseHttpServer (BaseHttpServer.java:<init>(190)) - HTTP server of hddsDatanode uses base directory /home/runner/work/ozone/ozone/hadoop-ozone/integration-test/target/test-dir/MiniOzoneClusterImpl-be56a2d2-96e4-45d9-aa7d-4262bbd71717/datanode-0/meta/webserver
2023-05-08 09:35:32,306 [Listener at 127.0.0.1/38037] INFO  http.HttpServer2 (HttpServer2.java:bindListener(1250)) - Jetty bound to port 42221
2023-05-08 09:35:32,306 [Listener at 127.0.0.1/38037] INFO  server.Server (Server.java:doStart(375)) - jetty-9.4.51.v20230217; built: 2023-02-17T08:19:37.309Z; git: b45c405e4544384de066f814ed42ae3dceacdd49; jvm 1.8.0_362-b09
2023-05-08 09:35:32,308 [Listener at 127.0.0.1/38037] INFO  server.session (DefaultSessionIdManager.java:doStart(334)) - DefaultSessionIdManager workerName=node0
2023-05-08 09:35:32,308 [Listener at 127.0.0.1/38037] INFO  server.session (DefaultSessionIdManager.java:doStart(339)) - No SessionScavenger set, using defaults
2023-05-08 09:35:32,308 [Listener at 127.0.0.1/38037] INFO  server.session (HouseKeeper.java:startScavenging(132)) - node0 Scavenging every 660000ms
2023-05-08 09:35:32,309 [Listener at 127.0.0.1/38037] INFO  handler.ContextHandler (ContextHandler.java:doStart(921)) - Started o.e.j.s.ServletContextHandler@513d1fe9{logs,/logs,file:///home/runner/work/ozone/ozone/hadoop-ozone/integration-test/target/log,AVAILABLE}
2023-05-08 09:35:32,310 [Listener at 127.0.0.1/38037] INFO  handler.ContextHandler (ContextHandler.java:doStart(921)) - Started o.e.j.s.ServletContextHandler@5c30be97{static,/static,jar:file:/home/runner/.m2/repository/org/apache/ozone/hdds-container-service/1.4.0-SNAPSHOT/hdds-container-service-1.4.0-SNAPSHOT.jar!/webapps/static,AVAILABLE}
2023-05-08 09:35:32,505 [Listener at 127.0.0.1/38037] INFO  handler.ContextHandler (ContextHandler.java:doStart(921)) - Started o.e.j.w.WebAppContext@37991638{hddsDatanode,/,file:///home/runner/work/ozone/ozone/hadoop-ozone/integration-test/target/test-dir/MiniOzoneClusterImpl-be56a2d2-96e4-45d9-aa7d-4262bbd71717/datanode-0/meta/webserver/jetty-0_0_0_0-42221-hdds-container-service-1_4_0-SNAPSHOT_jar-_-any-6442083461751294302/webapp/,AVAILABLE}{jar:file:/home/runner/.m2/repository/org/apache/ozone/hdds-container-service/1.4.0-SNAPSHOT/hdds-container-service-1.4.0-SNAPSHOT.jar!/webapps/hddsDatanode}
2023-05-08 09:35:32,507 [Listener at 127.0.0.1/38037] INFO  server.AbstractConnector (AbstractConnector.java:doStart(333)) - Started ServerConnector@1e3bce03{HTTP/1.1, (http/1.1)}{0.0.0.0:42221}
2023-05-08 09:35:32,507 [Listener at 127.0.0.1/38037] INFO  server.Server (Server.java:doStart(415)) - Started @140614ms
2023-05-08 09:35:32,507 [Listener at 127.0.0.1/38037] WARN  impl.MetricsSystemImpl (MetricsSystemImpl.java:register(279)) - Sink prometheus already exists!
2023-05-08 09:35:32,508 [Listener at 127.0.0.1/38037] INFO  http.BaseHttpServer (BaseHttpServer.java:updateConnectorAddress(344)) - HTTP server of hddsDatanode listening at http://0.0.0.0:42221
2023-05-08 09:35:32,509 [Listener at 127.0.0.1/38037] WARN  impl.MetricRegistriesImpl (MetricRegistriesImpl.java:addReporterRegistration(111)) - New reporters are added after registries were created. Some metrics will be missing from the reporter. Please add reporter before adding any new registry.
2023-05-08 09:35:32,509 [Listener at 127.0.0.1/38037] WARN  impl.MetricRegistriesImpl (MetricRegistriesImpl.java:addReporterRegistration(111)) - New reporters are added after registries were created. Some metrics will be missing from the reporter. Please add reporter before adding any new registry.
2023-05-08 09:35:32,509 [Datanode State Machine Daemon Thread] INFO  statemachine.DatanodeStateMachine (DatanodeStateMachine.java:lambda$startDaemon$0(524)) - Ozone container server started.
2023-05-08 09:35:32,509 [Listener at 127.0.0.1/38037] INFO  impl.MetricsSystemImpl (MetricsSystemImpl.java:init(158)) - HddsDatanode metrics system started (again)
2023-05-08 09:35:32,515 [org.apache.hadoop.util.JvmPauseMonitor$Monitor@7d29bea6] INFO  util.JvmPauseMonitor (JvmPauseMonitor.java:run(188)) - Starting JVM pause monitor
2023-05-08 09:35:32,528 [Listener at 127.0.0.1/38037] INFO  ozone.HddsDatanodeService (HddsDatanodeService.java:start(252)) - HddsDatanodeService host:fv-az96-539 ip:10.1.0.160
2023-05-08 09:35:32,530 [Datanode State Machine Task Thread - 0] INFO  datanode.InitDatanodeState (InitDatanodeState.java:persistContainerDatanodeDetails(138)) - DatanodeDetails is persisted to /home/runner/work/ozone/ozone/hadoop-ozone/integration-test/target/test-dir/MiniOzoneClusterImpl-be56a2d2-96e4-45d9-aa7d-4262bbd71717/datanode-0/meta/datanode.id
2023-05-08 09:35:32,551 [Listener at 127.0.0.1/38037] INFO  upgrade.AbstractLayoutVersionManager (AbstractLayoutVersionManager.java:init(83)) - Initializing Layout version manager with metadata layout = WEBUI_PORTS_IN_DATANODEDETAILS (version = 6), software layout = WEBUI_PORTS_IN_DATANODEDETAILS (version = 6)
2023-05-08 09:35:32,598 [Listener at 127.0.0.1/38037] INFO  reflections.Reflections (Reflections.java:scan(232)) - Reflections took 46 ms to scan 7 urls, producing 156 keys and 369 values 
2023-05-08 09:35:32,599 [Listener at 127.0.0.1/38037] INFO  statemachine.DatanodeStateMachine (DatanodeStateMachine.java:getEndPointTaskThreadPoolSize(267)) - Datanode State Machine Task Thread Pool size 2
2023-05-08 09:35:32,601 [Listener at 127.0.0.1/38037] INFO  volume.HddsVolume (HddsVolume.java:<init>(130)) - Creating HddsVolume: /home/runner/work/ozone/ozone/hadoop-ozone/integration-test/target/test-dir/MiniOzoneClusterImpl-be56a2d2-96e4-45d9-aa7d-4262bbd71717/datanode-1/data-0/containers/hdds of storage type : DISK capacity : 9223372036854775807
2023-05-08 09:35:32,601 [Listener at 127.0.0.1/38037] INFO  volume.MutableVolumeSet (MutableVolumeSet.java:initializeVolumeSet(175)) - Added Volume : /home/runner/work/ozone/ozone/hadoop-ozone/integration-test/target/test-dir/MiniOzoneClusterImpl-be56a2d2-96e4-45d9-aa7d-4262bbd71717/datanode-1/data-0/containers/hdds to VolumeSet
2023-05-08 09:35:32,601 [Listener at 127.0.0.1/38037] INFO  volume.ThrottledAsyncChecker (ThrottledAsyncChecker.java:schedule(141)) - Scheduling a check for /home/runner/work/ozone/ozone/hadoop-ozone/integration-test/target/test-dir/MiniOzoneClusterImpl-be56a2d2-96e4-45d9-aa7d-4262bbd71717/datanode-1/data-0/containers/hdds
2023-05-08 09:35:32,603 [Listener at 127.0.0.1/38037] INFO  volume.StorageVolumeChecker (StorageVolumeChecker.java:checkAllVolumes(202)) - Scheduled health check for volume /home/runner/work/ozone/ozone/hadoop-ozone/integration-test/target/test-dir/MiniOzoneClusterImpl-be56a2d2-96e4-45d9-aa7d-4262bbd71717/datanode-1/data-0/containers/hdds
2023-05-08 09:35:32,615 [Listener at 127.0.0.1/38037] INFO  volume.MutableVolumeSet (MutableVolumeSet.java:initializeVolumeSet(175)) - Added Volume : /home/runner/work/ozone/ozone/hadoop-ozone/integration-test/target/test-dir/MiniOzoneClusterImpl-be56a2d2-96e4-45d9-aa7d-4262bbd71717/datanode-1/data/ratis to VolumeSet
2023-05-08 09:35:32,615 [Listener at 127.0.0.1/38037] INFO  volume.ThrottledAsyncChecker (ThrottledAsyncChecker.java:schedule(141)) - Scheduling a check for /home/runner/work/ozone/ozone/hadoop-ozone/integration-test/target/test-dir/MiniOzoneClusterImpl-be56a2d2-96e4-45d9-aa7d-4262bbd71717/datanode-1/data/ratis
2023-05-08 09:35:32,615 [Listener at 127.0.0.1/38037] INFO  volume.StorageVolumeChecker (StorageVolumeChecker.java:checkAllVolumes(202)) - Scheduled health check for volume /home/runner/work/ozone/ozone/hadoop-ozone/integration-test/target/test-dir/MiniOzoneClusterImpl-be56a2d2-96e4-45d9-aa7d-4262bbd71717/datanode-1/data/ratis
2023-05-08 09:35:32,632 [Thread-1803] INFO  ozoneimpl.ContainerReader (ContainerReader.java:readVolume(175)) - Finish verifying containers on volume /home/runner/work/ozone/ozone/hadoop-ozone/integration-test/target/test-dir/MiniOzoneClusterImpl-be56a2d2-96e4-45d9-aa7d-4262bbd71717/datanode-1/data-0/containers/hdds
2023-05-08 09:35:32,632 [Listener at 127.0.0.1/38037] INFO  ozoneimpl.OzoneContainer (OzoneContainer.java:buildContainerSet(303)) - Build ContainerSet costs 0s
2023-05-08 09:35:32,634 [Listener at 127.0.0.1/38037] INFO  server.RaftServer (ConfUtils.java:logGet(46)) - raft.rpc.type = GRPC (default)
2023-05-08 09:35:32,634 [Listener at 127.0.0.1/38037] INFO  grpc.GrpcConfigKeys (ConfUtils.java:logFallback(53)) - raft.grpc.admin.host = null (fallback to raft.grpc.server.host)
2023-05-08 09:35:32,634 [Listener at 127.0.0.1/38037] INFO  grpc.GrpcConfigKeys (ConfUtils.java:logGet(46)) - raft.grpc.admin.port = 0 (custom)
2023-05-08 09:35:32,634 [Listener at 127.0.0.1/38037] INFO  grpc.GrpcConfigKeys (ConfUtils.java:logFallback(53)) - raft.grpc.client.host = null (fallback to raft.grpc.server.host)
2023-05-08 09:35:32,635 [Listener at 127.0.0.1/38037] INFO  grpc.GrpcConfigKeys (ConfUtils.java:logGet(46)) - raft.grpc.client.port = 0 (custom)
2023-05-08 09:35:32,635 [Listener at 127.0.0.1/38037] INFO  grpc.GrpcConfigKeys (ConfUtils.java:logGet(46)) - raft.grpc.server.host = null (default)
2023-05-08 09:35:32,635 [Listener at 127.0.0.1/38037] INFO  grpc.GrpcConfigKeys (ConfUtils.java:logGet(46)) - raft.grpc.server.port = 0 (default)
2023-05-08 09:35:32,635 [Listener at 127.0.0.1/38037] INFO  server.GrpcService (ConfUtils.java:logGet(46)) - raft.grpc.message.size.max = 32MB (=33554432) (custom)
2023-05-08 09:35:32,635 [Listener at 127.0.0.1/38037] INFO  server.RaftServerConfigKeys (ConfUtils.java:logGet(46)) - raft.server.log.appender.buffer.byte-limit = 33554432 (custom)
2023-05-08 09:35:32,637 [Listener at 127.0.0.1/38037] INFO  server.GrpcService (ConfUtils.java:logGet(46)) - raft.grpc.flow.control.window = 5MB (=5242880) (custom)
2023-05-08 09:35:32,637 [Listener at 127.0.0.1/38037] INFO  server.RaftServerConfigKeys (ConfUtils.java:logGet(46)) - raft.server.rpc.request.timeout = 60s (custom)
2023-05-08 09:35:32,637 [Listener at 127.0.0.1/38037] INFO  grpc.GrpcConfigKeys (ConfUtils.java:logGet(46)) - raft.grpc.server.heartbeat.channel = true (default)
2023-05-08 09:35:32,637 [Listener at 127.0.0.1/38037] INFO  grpc.GrpcConfigKeys (ConfUtils.java:logGet(46)) - raft.grpc.server.async.request.thread.pool.cached = true (default)
2023-05-08 09:35:32,637 [Listener at 127.0.0.1/38037] INFO  grpc.GrpcConfigKeys (ConfUtils.java:logGet(46)) - raft.grpc.server.async.request.thread.pool.size = 32 (default)
2023-05-08 09:35:32,638 [Listener at 127.0.0.1/38037] INFO  impl.DataStreamServerImpl (ConfUtils.java:logGet(46)) - raft.datastream.type = NETTY (custom)
2023-05-08 09:35:32,639 [Listener at 127.0.0.1/38037] INFO  server.RaftServerConfigKeys (ConfUtils.java:logGet(46)) - raft.server.data-stream.async.request.thread.pool.cached = false (default)
2023-05-08 09:35:32,639 [Listener at 127.0.0.1/38037] INFO  server.RaftServerConfigKeys (ConfUtils.java:logGet(46)) - raft.server.data-stream.async.request.thread.pool.size = 20 (custom)
2023-05-08 09:35:32,639 [Listener at 127.0.0.1/38037] INFO  server.RaftServerConfigKeys (ConfUtils.java:logGet(46)) - raft.server.data-stream.async.write.thread.pool.size = 16 (default)
2023-05-08 09:35:32,639 [Listener at 127.0.0.1/38037] INFO  server.RaftServerConfigKeys (ConfUtils.java:logGet(46)) - raft.server.data-stream.client.pool.size = 10 (default)
2023-05-08 09:35:32,639 [Listener at 127.0.0.1/38037] INFO  netty.NettyConfigKeys$DataStream (ConfUtils.java:logGet(46)) - raft.netty.dataStream.server.use-epoll = false (default)
2023-05-08 09:35:32,639 [Listener at 127.0.0.1/38037] INFO  netty.NettyConfigKeys$DataStream (ConfUtils.java:logGet(46)) - raft.netty.dataStream.server.boss-group.size = 0 (default)
2023-05-08 09:35:32,639 [Listener at 127.0.0.1/38037] INFO  netty.NettyConfigKeys$DataStream (ConfUtils.java:logGet(46)) - raft.netty.dataStream.server.worker-group.size = 0 (default)
2023-05-08 09:35:32,640 [Listener at 127.0.0.1/38037] INFO  netty.NettyConfigKeys$DataStream (ConfUtils.java:logGet(46)) - raft.netty.dataStream.server.tls.conf = null (default)
2023-05-08 09:35:32,640 [Listener at 127.0.0.1/38037] INFO  netty.NettyConfigKeys$DataStream (ConfUtils.java:logGet(46)) - raft.netty.dataStream.host = null (default)
2023-05-08 09:35:32,640 [Listener at 127.0.0.1/38037] INFO  netty.NettyConfigKeys$DataStream (ConfUtils.java:logGet(46)) - raft.netty.dataStream.port = 0 (default)
2023-05-08 09:35:32,643 [Listener at 127.0.0.1/38037] INFO  server.RaftServerConfigKeys (ConfUtils.java:logGet(46)) - raft.server.threadpool.proxy.cached = true (default)
2023-05-08 09:35:32,643 [Listener at 127.0.0.1/38037] INFO  server.RaftServerConfigKeys (ConfUtils.java:logGet(46)) - raft.server.threadpool.proxy.size = 0 (default)
2023-05-08 09:35:32,643 [Listener at 127.0.0.1/38037] INFO  server.RaftServerConfigKeys (ConfUtils.java:logGet(46)) - raft.server.rpc.slowness.timeout = 300s (custom)
2023-05-08 09:35:32,643 [Listener at 127.0.0.1/38037] INFO  server.RaftServerConfigKeys (ConfUtils.java:logGet(46)) - raft.server.leaderelection.leader.step-down.wait-time = 10s (default)
2023-05-08 09:35:32,644 [Listener at 127.0.0.1/38037] INFO  server.RaftServerConfigKeys (ConfUtils.java:logGet(46)) - raft.server.storage.dir = [/home/runner/work/ozone/ozone/hadoop-ozone/integration-test/target/test-dir/MiniOzoneClusterImpl-be56a2d2-96e4-45d9-aa7d-4262bbd71717/datanode-1/data/ratis] (custom)
2023-05-08 09:35:32,644 [add4e6bd-fcc9-465d-bef9-bed764a13d1e-NettyServerStreamRpc-bossGroup--thread1] INFO  logging.LoggingHandler (AbstractInternalLogger.java:log(148)) - [id: 0x8d1f63db] REGISTERED
2023-05-08 09:35:32,644 [add4e6bd-fcc9-465d-bef9-bed764a13d1e-NettyServerStreamRpc-bossGroup--thread1] INFO  logging.LoggingHandler (AbstractInternalLogger.java:log(148)) - [id: 0x8d1f63db] BIND: 0.0.0.0/0.0.0.0:0
2023-05-08 09:35:32,644 [add4e6bd-fcc9-465d-bef9-bed764a13d1e-NettyServerStreamRpc-bossGroup--thread1] INFO  logging.LoggingHandler (AbstractInternalLogger.java:log(148)) - [id: 0x8d1f63db, L:/0:0:0:0:0:0:0:0:42367] ACTIVE
2023-05-08 09:35:32,646 [Listener at 127.0.0.1/38037] INFO  server.XceiverServerGrpc (XceiverServerGrpc.java:<init>(132)) - GrpcServer channel type EpollServerSocketChannel
2023-05-08 09:35:32,647 [Listener at 127.0.0.1/38037] INFO  replication.ReplicationSupervisor (ReplicationSupervisor.java:nodeStateUpdated(295)) - Node state updated to IN_SERVICE, scaling executor pool size to 10
2023-05-08 09:35:32,649 [Listener at 127.0.0.1/38037] INFO  http.BaseHttpServer (BaseHttpServer.java:newHttpServer2BuilderForOzone(224)) - Starting Web-server for hddsDatanode at: http://0.0.0.0:0
2023-05-08 09:35:32,649 [Listener at 127.0.0.1/38037] INFO  http.BaseHttpServer (BaseHttpServer.java:<init>(111)) - Hadoop Security Enabled: false Ozone Security Enabled: false Ozone HTTP Security Enabled: false 
2023-05-08 09:35:32,650 [Listener at 127.0.0.1/38037] WARN  server.AuthenticationFilter (AuthenticationFilter.java:constructSecretProvider(240)) - Unable to initialize FileSignerSecretProvider, falling back to use random secrets. Reason: Could not read signature secret file: /home/runner/hadoop-http-auth-signature-secret
2023-05-08 09:35:32,650 [Listener at 127.0.0.1/38037] INFO  http.HttpRequestLog (HttpRequestLog.java:getRequestLog(86)) - Http request log for http.requests.hddsDatanode is not defined
2023-05-08 09:35:32,651 [Listener at 127.0.0.1/38037] INFO  http.HttpServer2 (HttpServer2.java:addGlobalFilter(1031)) - Added global filter 'safety' (class=org.apache.hadoop.hdds.server.http.HttpServer2$QuotingInputFilter)
2023-05-08 09:35:32,652 [Listener at 127.0.0.1/38037] INFO  http.HttpServer2 (HttpServer2.java:addFilter(1007)) - Added filter static_user_filter (class=org.apache.hadoop.http.lib.StaticUserWebFilter$StaticUserFilter) to context hddsDatanode
2023-05-08 09:35:32,652 [Listener at 127.0.0.1/38037] INFO  http.HttpServer2 (HttpServer2.java:addFilter(1015)) - Added filter static_user_filter (class=org.apache.hadoop.http.lib.StaticUserWebFilter$StaticUserFilter) to context logs
2023-05-08 09:35:32,652 [Listener at 127.0.0.1/38037] INFO  http.HttpServer2 (HttpServer2.java:addFilter(1015)) - Added filter static_user_filter (class=org.apache.hadoop.http.lib.StaticUserWebFilter$StaticUserFilter) to context static
2023-05-08 09:35:32,652 [Listener at 127.0.0.1/38037] INFO  http.BaseHttpServer (BaseHttpServer.java:<init>(190)) - HTTP server of hddsDatanode uses base directory /home/runner/work/ozone/ozone/hadoop-ozone/integration-test/target/test-dir/MiniOzoneClusterImpl-be56a2d2-96e4-45d9-aa7d-4262bbd71717/datanode-1/meta/webserver
2023-05-08 09:35:32,653 [Listener at 127.0.0.1/38037] INFO  http.HttpServer2 (HttpServer2.java:bindListener(1250)) - Jetty bound to port 34363
2023-05-08 09:35:32,653 [Listener at 127.0.0.1/38037] INFO  server.Server (Server.java:doStart(375)) - jetty-9.4.51.v20230217; built: 2023-02-17T08:19:37.309Z; git: b45c405e4544384de066f814ed42ae3dceacdd49; jvm 1.8.0_362-b09
2023-05-08 09:35:32,654 [Listener at 127.0.0.1/38037] INFO  server.session (DefaultSessionIdManager.java:doStart(334)) - DefaultSessionIdManager workerName=node0
2023-05-08 09:35:32,654 [Listener at 127.0.0.1/38037] INFO  server.session (DefaultSessionIdManager.java:doStart(339)) - No SessionScavenger set, using defaults
2023-05-08 09:35:32,654 [Listener at 127.0.0.1/38037] INFO  server.session (HouseKeeper.java:startScavenging(132)) - node0 Scavenging every 660000ms
2023-05-08 09:35:32,655 [Listener at 127.0.0.1/38037] INFO  handler.ContextHandler (ContextHandler.java:doStart(921)) - Started o.e.j.s.ServletContextHandler@7f9ea87b{logs,/logs,file:///home/runner/work/ozone/ozone/hadoop-ozone/integration-test/target/log,AVAILABLE}
2023-05-08 09:35:32,655 [Listener at 127.0.0.1/38037] INFO  handler.ContextHandler (ContextHandler.java:doStart(921)) - Started o.e.j.s.ServletContextHandler@66485675{static,/static,jar:file:/home/runner/.m2/repository/org/apache/ozone/hdds-container-service/1.4.0-SNAPSHOT/hdds-container-service-1.4.0-SNAPSHOT.jar!/webapps/static,AVAILABLE}
2023-05-08 09:35:32,849 [Listener at 127.0.0.1/38037] INFO  handler.ContextHandler (ContextHandler.java:doStart(921)) - Started o.e.j.w.WebAppContext@c3444cc{hddsDatanode,/,file:///home/runner/work/ozone/ozone/hadoop-ozone/integration-test/target/test-dir/MiniOzoneClusterImpl-be56a2d2-96e4-45d9-aa7d-4262bbd71717/datanode-1/meta/webserver/jetty-0_0_0_0-34363-hdds-container-service-1_4_0-SNAPSHOT_jar-_-any-8833540503506957978/webapp/,AVAILABLE}{jar:file:/home/runner/.m2/repository/org/apache/ozone/hdds-container-service/1.4.0-SNAPSHOT/hdds-container-service-1.4.0-SNAPSHOT.jar!/webapps/hddsDatanode}
2023-05-08 09:35:32,851 [Listener at 127.0.0.1/38037] INFO  server.AbstractConnector (AbstractConnector.java:doStart(333)) - Started ServerConnector@9a6e76f{HTTP/1.1, (http/1.1)}{0.0.0.0:34363}
2023-05-08 09:35:32,851 [Listener at 127.0.0.1/38037] INFO  server.Server (Server.java:doStart(415)) - Started @140958ms
2023-05-08 09:35:32,851 [Listener at 127.0.0.1/38037] WARN  impl.MetricsSystemImpl (MetricsSystemImpl.java:register(279)) - Sink prometheus already exists!
2023-05-08 09:35:32,852 [Listener at 127.0.0.1/38037] INFO  http.BaseHttpServer (BaseHttpServer.java:updateConnectorAddress(344)) - HTTP server of hddsDatanode listening at http://0.0.0.0:34363
2023-05-08 09:35:32,852 [Listener at 127.0.0.1/38037] WARN  impl.MetricRegistriesImpl (MetricRegistriesImpl.java:addReporterRegistration(111)) - New reporters are added after registries were created. Some metrics will be missing from the reporter. Please add reporter before adding any new registry.
2023-05-08 09:35:32,852 [Listener at 127.0.0.1/38037] WARN  impl.MetricRegistriesImpl (MetricRegistriesImpl.java:addReporterRegistration(111)) - New reporters are added after registries were created. Some metrics will be missing from the reporter. Please add reporter before adding any new registry.
2023-05-08 09:35:32,852 [Listener at 127.0.0.1/38037] INFO  impl.MetricsSystemImpl (MetricsSystemImpl.java:init(158)) - HddsDatanode metrics system started (again)
2023-05-08 09:35:32,856 [Datanode State Machine Daemon Thread] INFO  statemachine.DatanodeStateMachine (DatanodeStateMachine.java:lambda$startDaemon$0(524)) - Ozone container server started.
2023-05-08 09:35:32,865 [Listener at 127.0.0.1/38037] INFO  ozone.HddsDatanodeService (HddsDatanodeService.java:start(252)) - HddsDatanodeService host:fv-az96-539 ip:10.1.0.160
2023-05-08 09:35:32,869 [org.apache.hadoop.util.JvmPauseMonitor$Monitor@473f10cc] INFO  util.JvmPauseMonitor (JvmPauseMonitor.java:run(188)) - Starting JVM pause monitor
2023-05-08 09:35:32,872 [Datanode State Machine Task Thread - 0] INFO  datanode.InitDatanodeState (InitDatanodeState.java:persistContainerDatanodeDetails(138)) - DatanodeDetails is persisted to /home/runner/work/ozone/ozone/hadoop-ozone/integration-test/target/test-dir/MiniOzoneClusterImpl-be56a2d2-96e4-45d9-aa7d-4262bbd71717/datanode-1/meta/datanode.id
2023-05-08 09:35:32,885 [Listener at 127.0.0.1/38037] INFO  upgrade.AbstractLayoutVersionManager (AbstractLayoutVersionManager.java:init(83)) - Initializing Layout version manager with metadata layout = WEBUI_PORTS_IN_DATANODEDETAILS (version = 6), software layout = WEBUI_PORTS_IN_DATANODEDETAILS (version = 6)
2023-05-08 09:35:32,941 [Listener at 127.0.0.1/38037] INFO  reflections.Reflections (Reflections.java:scan(232)) - Reflections took 55 ms to scan 7 urls, producing 156 keys and 369 values 
2023-05-08 09:35:32,943 [Listener at 127.0.0.1/38037] INFO  statemachine.DatanodeStateMachine (DatanodeStateMachine.java:getEndPointTaskThreadPoolSize(267)) - Datanode State Machine Task Thread Pool size 2
2023-05-08 09:35:32,952 [Listener at 127.0.0.1/38037] INFO  volume.HddsVolume (HddsVolume.java:<init>(130)) - Creating HddsVolume: /home/runner/work/ozone/ozone/hadoop-ozone/integration-test/target/test-dir/MiniOzoneClusterImpl-be56a2d2-96e4-45d9-aa7d-4262bbd71717/datanode-2/data-0/containers/hdds of storage type : DISK capacity : 9223372036854775807
2023-05-08 09:35:32,952 [Listener at 127.0.0.1/38037] INFO  volume.MutableVolumeSet (MutableVolumeSet.java:initializeVolumeSet(175)) - Added Volume : /home/runner/work/ozone/ozone/hadoop-ozone/integration-test/target/test-dir/MiniOzoneClusterImpl-be56a2d2-96e4-45d9-aa7d-4262bbd71717/datanode-2/data-0/containers/hdds to VolumeSet
2023-05-08 09:35:32,952 [Listener at 127.0.0.1/38037] INFO  volume.ThrottledAsyncChecker (ThrottledAsyncChecker.java:schedule(141)) - Scheduling a check for /home/runner/work/ozone/ozone/hadoop-ozone/integration-test/target/test-dir/MiniOzoneClusterImpl-be56a2d2-96e4-45d9-aa7d-4262bbd71717/datanode-2/data-0/containers/hdds
2023-05-08 09:35:32,955 [Listener at 127.0.0.1/38037] INFO  volume.StorageVolumeChecker (StorageVolumeChecker.java:checkAllVolumes(202)) - Scheduled health check for volume /home/runner/work/ozone/ozone/hadoop-ozone/integration-test/target/test-dir/MiniOzoneClusterImpl-be56a2d2-96e4-45d9-aa7d-4262bbd71717/datanode-2/data-0/containers/hdds
2023-05-08 09:35:32,967 [Listener at 127.0.0.1/38037] INFO  volume.MutableVolumeSet (MutableVolumeSet.java:initializeVolumeSet(175)) - Added Volume : /home/runner/work/ozone/ozone/hadoop-ozone/integration-test/target/test-dir/MiniOzoneClusterImpl-be56a2d2-96e4-45d9-aa7d-4262bbd71717/datanode-2/data/ratis to VolumeSet
2023-05-08 09:35:32,967 [Listener at 127.0.0.1/38037] INFO  volume.ThrottledAsyncChecker (ThrottledAsyncChecker.java:schedule(141)) - Scheduling a check for /home/runner/work/ozone/ozone/hadoop-ozone/integration-test/target/test-dir/MiniOzoneClusterImpl-be56a2d2-96e4-45d9-aa7d-4262bbd71717/datanode-2/data/ratis
2023-05-08 09:35:32,967 [Listener at 127.0.0.1/38037] INFO  volume.StorageVolumeChecker (StorageVolumeChecker.java:checkAllVolumes(202)) - Scheduled health check for volume /home/runner/work/ozone/ozone/hadoop-ozone/integration-test/target/test-dir/MiniOzoneClusterImpl-be56a2d2-96e4-45d9-aa7d-4262bbd71717/datanode-2/data/ratis
2023-05-08 09:35:32,979 [Thread-1817] INFO  ozoneimpl.ContainerReader (ContainerReader.java:readVolume(175)) - Finish verifying containers on volume /home/runner/work/ozone/ozone/hadoop-ozone/integration-test/target/test-dir/MiniOzoneClusterImpl-be56a2d2-96e4-45d9-aa7d-4262bbd71717/datanode-2/data-0/containers/hdds
2023-05-08 09:35:32,979 [Listener at 127.0.0.1/38037] INFO  ozoneimpl.OzoneContainer (OzoneContainer.java:buildContainerSet(303)) - Build ContainerSet costs 0s
2023-05-08 09:35:32,981 [Listener at 127.0.0.1/38037] INFO  server.RaftServer (ConfUtils.java:logGet(46)) - raft.rpc.type = GRPC (default)
2023-05-08 09:35:32,981 [Listener at 127.0.0.1/38037] INFO  grpc.GrpcConfigKeys (ConfUtils.java:logFallback(53)) - raft.grpc.admin.host = null (fallback to raft.grpc.server.host)
2023-05-08 09:35:32,981 [Listener at 127.0.0.1/38037] INFO  grpc.GrpcConfigKeys (ConfUtils.java:logGet(46)) - raft.grpc.admin.port = 0 (custom)
2023-05-08 09:35:32,981 [Listener at 127.0.0.1/38037] INFO  grpc.GrpcConfigKeys (ConfUtils.java:logFallback(53)) - raft.grpc.client.host = null (fallback to raft.grpc.server.host)
2023-05-08 09:35:32,982 [Listener at 127.0.0.1/38037] INFO  grpc.GrpcConfigKeys (ConfUtils.java:logGet(46)) - raft.grpc.client.port = 0 (custom)
2023-05-08 09:35:32,982 [Listener at 127.0.0.1/38037] INFO  grpc.GrpcConfigKeys (ConfUtils.java:logGet(46)) - raft.grpc.server.host = null (default)
2023-05-08 09:35:32,982 [Listener at 127.0.0.1/38037] INFO  grpc.GrpcConfigKeys (ConfUtils.java:logGet(46)) - raft.grpc.server.port = 0 (default)
2023-05-08 09:35:32,982 [Listener at 127.0.0.1/38037] INFO  server.GrpcService (ConfUtils.java:logGet(46)) - raft.grpc.message.size.max = 32MB (=33554432) (custom)
2023-05-08 09:35:32,982 [Listener at 127.0.0.1/38037] INFO  server.RaftServerConfigKeys (ConfUtils.java:logGet(46)) - raft.server.log.appender.buffer.byte-limit = 33554432 (custom)
2023-05-08 09:35:32,982 [Listener at 127.0.0.1/38037] INFO  server.GrpcService (ConfUtils.java:logGet(46)) - raft.grpc.flow.control.window = 5MB (=5242880) (custom)
2023-05-08 09:35:32,982 [Listener at 127.0.0.1/38037] INFO  server.RaftServerConfigKeys (ConfUtils.java:logGet(46)) - raft.server.rpc.request.timeout = 60s (custom)
2023-05-08 09:35:32,982 [Listener at 127.0.0.1/38037] INFO  grpc.GrpcConfigKeys (ConfUtils.java:logGet(46)) - raft.grpc.server.heartbeat.channel = true (default)
2023-05-08 09:35:32,982 [Listener at 127.0.0.1/38037] INFO  grpc.GrpcConfigKeys (ConfUtils.java:logGet(46)) - raft.grpc.server.async.request.thread.pool.cached = true (default)
2023-05-08 09:35:32,982 [Listener at 127.0.0.1/38037] INFO  grpc.GrpcConfigKeys (ConfUtils.java:logGet(46)) - raft.grpc.server.async.request.thread.pool.size = 32 (default)
2023-05-08 09:35:32,983 [Listener at 127.0.0.1/38037] INFO  impl.DataStreamServerImpl (ConfUtils.java:logGet(46)) - raft.datastream.type = NETTY (custom)
2023-05-08 09:35:32,984 [Listener at 127.0.0.1/38037] INFO  server.RaftServerConfigKeys (ConfUtils.java:logGet(46)) - raft.server.data-stream.async.request.thread.pool.cached = false (default)
2023-05-08 09:35:32,984 [Listener at 127.0.0.1/38037] INFO  server.RaftServerConfigKeys (ConfUtils.java:logGet(46)) - raft.server.data-stream.async.request.thread.pool.size = 20 (custom)
2023-05-08 09:35:32,984 [Listener at 127.0.0.1/38037] INFO  server.RaftServerConfigKeys (ConfUtils.java:logGet(46)) - raft.server.data-stream.async.write.thread.pool.size = 16 (default)
2023-05-08 09:35:32,984 [Listener at 127.0.0.1/38037] INFO  server.RaftServerConfigKeys (ConfUtils.java:logGet(46)) - raft.server.data-stream.client.pool.size = 10 (default)
2023-05-08 09:35:32,984 [Listener at 127.0.0.1/38037] INFO  netty.NettyConfigKeys$DataStream (ConfUtils.java:logGet(46)) - raft.netty.dataStream.server.use-epoll = false (default)
2023-05-08 09:35:32,985 [Listener at 127.0.0.1/38037] INFO  netty.NettyConfigKeys$DataStream (ConfUtils.java:logGet(46)) - raft.netty.dataStream.server.boss-group.size = 0 (default)
2023-05-08 09:35:32,986 [Listener at 127.0.0.1/38037] INFO  netty.NettyConfigKeys$DataStream (ConfUtils.java:logGet(46)) - raft.netty.dataStream.server.worker-group.size = 0 (default)
2023-05-08 09:35:32,986 [Listener at 127.0.0.1/38037] INFO  netty.NettyConfigKeys$DataStream (ConfUtils.java:logGet(46)) - raft.netty.dataStream.server.tls.conf = null (default)
2023-05-08 09:35:32,986 [Listener at 127.0.0.1/38037] INFO  netty.NettyConfigKeys$DataStream (ConfUtils.java:logGet(46)) - raft.netty.dataStream.host = null (default)
2023-05-08 09:35:32,986 [Listener at 127.0.0.1/38037] INFO  netty.NettyConfigKeys$DataStream (ConfUtils.java:logGet(46)) - raft.netty.dataStream.port = 0 (default)
2023-05-08 09:35:32,988 [Listener at 127.0.0.1/38037] INFO  server.RaftServerConfigKeys (ConfUtils.java:logGet(46)) - raft.server.threadpool.proxy.cached = true (default)
2023-05-08 09:35:32,988 [Listener at 127.0.0.1/38037] INFO  server.RaftServerConfigKeys (ConfUtils.java:logGet(46)) - raft.server.threadpool.proxy.size = 0 (default)
2023-05-08 09:35:32,988 [Listener at 127.0.0.1/38037] INFO  server.RaftServerConfigKeys (ConfUtils.java:logGet(46)) - raft.server.rpc.slowness.timeout = 300s (custom)
2023-05-08 09:35:32,988 [Listener at 127.0.0.1/38037] INFO  server.RaftServerConfigKeys (ConfUtils.java:logGet(46)) - raft.server.leaderelection.leader.step-down.wait-time = 10s (default)
2023-05-08 09:35:32,988 [Listener at 127.0.0.1/38037] INFO  server.RaftServerConfigKeys (ConfUtils.java:logGet(46)) - raft.server.storage.dir = [/home/runner/work/ozone/ozone/hadoop-ozone/integration-test/target/test-dir/MiniOzoneClusterImpl-be56a2d2-96e4-45d9-aa7d-4262bbd71717/datanode-2/data/ratis] (custom)
2023-05-08 09:35:32,989 [3357f25e-fda2-4cb8-acb0-e93af4f54e63-NettyServerStreamRpc-bossGroup--thread1] INFO  logging.LoggingHandler (AbstractInternalLogger.java:log(148)) - [id: 0x794492df] REGISTERED
2023-05-08 09:35:32,989 [3357f25e-fda2-4cb8-acb0-e93af4f54e63-NettyServerStreamRpc-bossGroup--thread1] INFO  logging.LoggingHandler (AbstractInternalLogger.java:log(148)) - [id: 0x794492df] BIND: 0.0.0.0/0.0.0.0:0
2023-05-08 09:35:32,990 [3357f25e-fda2-4cb8-acb0-e93af4f54e63-NettyServerStreamRpc-bossGroup--thread1] INFO  logging.LoggingHandler (AbstractInternalLogger.java:log(148)) - [id: 0x794492df, L:/0:0:0:0:0:0:0:0:42755] ACTIVE
2023-05-08 09:35:32,991 [Listener at 127.0.0.1/38037] INFO  server.XceiverServerGrpc (XceiverServerGrpc.java:<init>(132)) - GrpcServer channel type EpollServerSocketChannel
2023-05-08 09:35:32,994 [Listener at 127.0.0.1/38037] INFO  replication.ReplicationSupervisor (ReplicationSupervisor.java:nodeStateUpdated(295)) - Node state updated to IN_SERVICE, scaling executor pool size to 10
2023-05-08 09:35:32,996 [Listener at 127.0.0.1/38037] INFO  http.BaseHttpServer (BaseHttpServer.java:newHttpServer2BuilderForOzone(224)) - Starting Web-server for hddsDatanode at: http://0.0.0.0:0
2023-05-08 09:35:32,996 [Listener at 127.0.0.1/38037] INFO  http.BaseHttpServer (BaseHttpServer.java:<init>(111)) - Hadoop Security Enabled: false Ozone Security Enabled: false Ozone HTTP Security Enabled: false 
2023-05-08 09:35:32,997 [Listener at 127.0.0.1/38037] WARN  server.AuthenticationFilter (AuthenticationFilter.java:constructSecretProvider(240)) - Unable to initialize FileSignerSecretProvider, falling back to use random secrets. Reason: Could not read signature secret file: /home/runner/hadoop-http-auth-signature-secret
2023-05-08 09:35:32,998 [Listener at 127.0.0.1/38037] INFO  http.HttpRequestLog (HttpRequestLog.java:getRequestLog(86)) - Http request log for http.requests.hddsDatanode is not defined
2023-05-08 09:35:32,999 [Listener at 127.0.0.1/38037] INFO  http.HttpServer2 (HttpServer2.java:addGlobalFilter(1031)) - Added global filter 'safety' (class=org.apache.hadoop.hdds.server.http.HttpServer2$QuotingInputFilter)
2023-05-08 09:35:33,000 [Listener at 127.0.0.1/38037] INFO  http.HttpServer2 (HttpServer2.java:addFilter(1007)) - Added filter static_user_filter (class=org.apache.hadoop.http.lib.StaticUserWebFilter$StaticUserFilter) to context hddsDatanode
2023-05-08 09:35:33,000 [Listener at 127.0.0.1/38037] INFO  http.HttpServer2 (HttpServer2.java:addFilter(1015)) - Added filter static_user_filter (class=org.apache.hadoop.http.lib.StaticUserWebFilter$StaticUserFilter) to context logs
2023-05-08 09:35:33,000 [Listener at 127.0.0.1/38037] INFO  http.HttpServer2 (HttpServer2.java:addFilter(1015)) - Added filter static_user_filter (class=org.apache.hadoop.http.lib.StaticUserWebFilter$StaticUserFilter) to context static
2023-05-08 09:35:33,004 [Listener at 127.0.0.1/38037] INFO  http.BaseHttpServer (BaseHttpServer.java:<init>(190)) - HTTP server of hddsDatanode uses base directory /home/runner/work/ozone/ozone/hadoop-ozone/integration-test/target/test-dir/MiniOzoneClusterImpl-be56a2d2-96e4-45d9-aa7d-4262bbd71717/datanode-2/meta/webserver
2023-05-08 09:35:33,004 [Listener at 127.0.0.1/38037] INFO  http.HttpServer2 (HttpServer2.java:bindListener(1250)) - Jetty bound to port 40259
2023-05-08 09:35:33,004 [Listener at 127.0.0.1/38037] INFO  server.Server (Server.java:doStart(375)) - jetty-9.4.51.v20230217; built: 2023-02-17T08:19:37.309Z; git: b45c405e4544384de066f814ed42ae3dceacdd49; jvm 1.8.0_362-b09
2023-05-08 09:35:33,008 [Listener at 127.0.0.1/38037] INFO  server.session (DefaultSessionIdManager.java:doStart(334)) - DefaultSessionIdManager workerName=node0
2023-05-08 09:35:33,008 [Listener at 127.0.0.1/38037] INFO  server.session (DefaultSessionIdManager.java:doStart(339)) - No SessionScavenger set, using defaults
2023-05-08 09:35:33,008 [Listener at 127.0.0.1/38037] INFO  server.session (HouseKeeper.java:startScavenging(132)) - node0 Scavenging every 660000ms
2023-05-08 09:35:33,009 [Listener at 127.0.0.1/38037] INFO  handler.ContextHandler (ContextHandler.java:doStart(921)) - Started o.e.j.s.ServletContextHandler@2202cc5a{logs,/logs,file:///home/runner/work/ozone/ozone/hadoop-ozone/integration-test/target/log,AVAILABLE}
2023-05-08 09:35:33,009 [Listener at 127.0.0.1/38037] INFO  handler.ContextHandler (ContextHandler.java:doStart(921)) - Started o.e.j.s.ServletContextHandler@126f0484{static,/static,jar:file:/home/runner/.m2/repository/org/apache/ozone/hdds-container-service/1.4.0-SNAPSHOT/hdds-container-service-1.4.0-SNAPSHOT.jar!/webapps/static,AVAILABLE}
2023-05-08 09:35:33,170 [om1@group-C5BA1605619E-FollowerState] INFO  impl.FollowerState (FollowerState.java:run(143)) - om1@group-C5BA1605619E-FollowerState: change to CANDIDATE, lastRpcElapsedTime:1171195614ns, electionTimeout:1170ms
2023-05-08 09:35:33,171 [om1@group-C5BA1605619E-FollowerState] INFO  impl.RoleInfo (RoleInfo.java:shutdownFollowerState(110)) - om1: shutdown om1@group-C5BA1605619E-FollowerState
2023-05-08 09:35:33,171 [om1@group-C5BA1605619E-FollowerState] INFO  server.RaftServer$Division (RaftServerImpl.java:setRole(321)) - om1@group-C5BA1605619E: changes role from  FOLLOWER to CANDIDATE at term 0 for changeToCandidate
2023-05-08 09:35:33,171 [om1@group-C5BA1605619E-FollowerState] INFO  server.RaftServerConfigKeys (ConfUtils.java:logGet(46)) - raft.server.leaderelection.pre-vote = true (default)
2023-05-08 09:35:33,171 [om1@group-C5BA1605619E-FollowerState] INFO  impl.RoleInfo (RoleInfo.java:updateAndGet(139)) - om1: start om1@group-C5BA1605619E-LeaderElection29
2023-05-08 09:35:33,174 [om1@group-C5BA1605619E-LeaderElection29] INFO  impl.LeaderElection (LeaderElection.java:askForVotes(312)) - om1@group-C5BA1605619E-LeaderElection29 PRE_VOTE round 0: submit vote requests at term 0 for -1: peers:[om1|rpc:localhost:9872|priority:0|startupRole:FOLLOWER]|listeners:[], old=null
2023-05-08 09:35:33,174 [om1@group-C5BA1605619E-LeaderElection29] INFO  impl.LeaderElection (LeaderElection.java:askForVotes(314)) - om1@group-C5BA1605619E-LeaderElection29 PRE_VOTE round 0: result PASSED (term=0)
2023-05-08 09:35:33,176 [om1@group-C5BA1605619E-LeaderElection29] INFO  impl.LeaderElection (LeaderElection.java:askForVotes(312)) - om1@group-C5BA1605619E-LeaderElection29 ELECTION round 0: submit vote requests at term 1 for -1: peers:[om1|rpc:localhost:9872|priority:0|startupRole:FOLLOWER]|listeners:[], old=null
2023-05-08 09:35:33,176 [om1@group-C5BA1605619E-LeaderElection29] INFO  impl.LeaderElection (LeaderElection.java:askForVotes(314)) - om1@group-C5BA1605619E-LeaderElection29 ELECTION round 0: result PASSED (term=1)
2023-05-08 09:35:33,176 [om1@group-C5BA1605619E-LeaderElection29] INFO  impl.RoleInfo (RoleInfo.java:shutdownLeaderElection(130)) - om1: shutdown om1@group-C5BA1605619E-LeaderElection29
2023-05-08 09:35:33,176 [om1@group-C5BA1605619E-LeaderElection29] INFO  server.RaftServer$Division (RaftServerImpl.java:setRole(321)) - om1@group-C5BA1605619E: changes role from CANDIDATE to LEADER at term 1 for changeToLeader
2023-05-08 09:35:33,177 [om1@group-C5BA1605619E-LeaderElection29] INFO  server.RaftServer$Division (ServerState.java:setLeader(313)) - om1@group-C5BA1605619E: change Leader from null to om1 at term 1 for becomeLeader, leader elected after 1629ms
2023-05-08 09:35:33,177 [om1@group-C5BA1605619E-LeaderElection29] INFO  server.RaftServerConfigKeys (ConfUtils.java:logGet(46)) - raft.server.staging.catchup.gap = 1000 (default)
2023-05-08 09:35:33,177 [om1@group-C5BA1605619E-LeaderElection29] INFO  server.RaftServerConfigKeys (ConfUtils.java:logGet(46)) - raft.server.write.element-limit = 4096 (default)
2023-05-08 09:35:33,177 [om1@group-C5BA1605619E-LeaderElection29] INFO  server.RaftServerConfigKeys (ConfUtils.java:logGet(46)) - raft.server.write.byte-limit = 64MB (=67108864) (default)
2023-05-08 09:35:33,177 [om1@group-C5BA1605619E-LeaderElection29] INFO  server.RaftServerConfigKeys (ConfUtils.java:logGet(46)) - raft.server.watch.timeout = 10s (default)
2023-05-08 09:35:33,177 [om1@group-C5BA1605619E-LeaderElection29] INFO  server.RaftServerConfigKeys (ConfUtils.java:logGet(46)) - raft.server.watch.timeout.denomination = 1s (default)
2023-05-08 09:35:33,177 [om1@group-C5BA1605619E-LeaderElection29] INFO  server.RaftServerConfigKeys (ConfUtils.java:logGet(46)) - raft.server.watch.element-limit = 65536 (default)
2023-05-08 09:35:33,177 [om1@group-C5BA1605619E-LeaderElection29] INFO  server.RaftServerConfigKeys (ConfUtils.java:logGet(46)) - raft.server.write.element-limit = 4096 (default)
2023-05-08 09:35:33,177 [om1@group-C5BA1605619E-LeaderElection29] INFO  server.RaftServerConfigKeys (ConfUtils.java:logGet(46)) - raft.server.write.follower.gap.ratio.max = -1.0 (default)
2023-05-08 09:35:33,177 [om1@group-C5BA1605619E-LeaderElection29] INFO  impl.RoleInfo (RoleInfo.java:updateAndGet(139)) - om1: start om1@group-C5BA1605619E-LeaderStateImpl
2023-05-08 09:35:33,178 [om1@group-C5BA1605619E-LeaderElection29] INFO  segmented.SegmentedRaftLogWorker (SegmentedRaftLogWorker.java:startLogSegment(452)) - om1@group-C5BA1605619E-SegmentedRaftLogWorker: Starting segment from index:0
2023-05-08 09:35:33,183 [om1@group-C5BA1605619E-LeaderElection29] INFO  server.RaftServer$Division (ServerState.java:setRaftConf(430)) - om1@group-C5BA1605619E: set configuration 0: peers:[om1|rpc:localhost:9872|admin:|client:|dataStream:|priority:0|startupRole:FOLLOWER]|listeners:[], old=null
2023-05-08 09:35:33,188 [om1@group-C5BA1605619E-SegmentedRaftLogWorker] INFO  segmented.SegmentedRaftLogWorker (SegmentedRaftLogWorker.java:execute(656)) - om1@group-C5BA1605619E-SegmentedRaftLogWorker: created new log segment /home/runner/work/ozone/ozone/hadoop-ozone/integration-test/target/test-dir/MiniOzoneClusterImpl-be56a2d2-96e4-45d9-aa7d-4262bbd71717/ozone-meta/ratis/bf265839-605b-3f16-9796-c5ba1605619e/current/log_inprogress_0
2023-05-08 09:35:33,190 [om1@group-C5BA1605619E-StateMachineUpdater] INFO  ratis.OzoneManagerStateMachine (OzoneManagerStateMachine.java:notifyConfigurationChanged(201)) - Received Configuration change notification from Ratis. New Peer list:
[id: "om1"
address: "localhost:9872"
startupRole: FOLLOWER
]
2023-05-08 09:35:33,218 [Listener at 127.0.0.1/38037] INFO  handler.ContextHandler (ContextHandler.java:doStart(921)) - Started o.e.j.w.WebAppContext@3678ace{hddsDatanode,/,file:///home/runner/work/ozone/ozone/hadoop-ozone/integration-test/target/test-dir/MiniOzoneClusterImpl-be56a2d2-96e4-45d9-aa7d-4262bbd71717/datanode-2/meta/webserver/jetty-0_0_0_0-40259-hdds-container-service-1_4_0-SNAPSHOT_jar-_-any-3427155017232841239/webapp/,AVAILABLE}{jar:file:/home/runner/.m2/repository/org/apache/ozone/hdds-container-service/1.4.0-SNAPSHOT/hdds-container-service-1.4.0-SNAPSHOT.jar!/webapps/hddsDatanode}
2023-05-08 09:35:33,220 [Listener at 127.0.0.1/38037] INFO  server.AbstractConnector (AbstractConnector.java:doStart(333)) - Started ServerConnector@1a8ac24b{HTTP/1.1, (http/1.1)}{0.0.0.0:40259}
2023-05-08 09:35:33,220 [Listener at 127.0.0.1/38037] INFO  server.Server (Server.java:doStart(415)) - Started @141327ms
2023-05-08 09:35:33,220 [Listener at 127.0.0.1/38037] WARN  impl.MetricsSystemImpl (MetricsSystemImpl.java:register(279)) - Sink prometheus already exists!
2023-05-08 09:35:33,221 [Listener at 127.0.0.1/38037] INFO  http.BaseHttpServer (BaseHttpServer.java:updateConnectorAddress(344)) - HTTP server of hddsDatanode listening at http://0.0.0.0:40259
2023-05-08 09:35:33,223 [Datanode State Machine Daemon Thread] INFO  statemachine.DatanodeStateMachine (DatanodeStateMachine.java:lambda$startDaemon$0(524)) - Ozone container server started.
2023-05-08 09:35:33,228 [Listener at 127.0.0.1/38037] INFO  ozone.MiniOzoneClusterImpl (MiniOzoneClusterImpl.java:lambda$waitForClusterToBeReady$0(224)) - Waiting for nodes to be ready. Got 0 of 3 DN Heartbeats.
2023-05-08 09:35:33,228 [Listener at 127.0.0.1/38037] INFO  ozone.MiniOzoneClusterImpl (MiniOzoneClusterImpl.java:lambda$waitForClusterToBeReady$0(227)) - Waiting for cluster to exit safe mode
2023-05-08 09:35:33,228 [Listener at 127.0.0.1/38037] INFO  ozone.MiniOzoneClusterImpl (MiniOzoneClusterImpl.java:lambda$waitForClusterToBeReady$0(229)) - SCM became leader
2023-05-08 09:35:33,229 [org.apache.hadoop.util.JvmPauseMonitor$Monitor@6e858683] INFO  util.JvmPauseMonitor (JvmPauseMonitor.java:run(188)) - Starting JVM pause monitor
2023-05-08 09:35:33,232 [Datanode State Machine Task Thread - 0] INFO  datanode.InitDatanodeState (InitDatanodeState.java:persistContainerDatanodeDetails(138)) - DatanodeDetails is persisted to /home/runner/work/ozone/ozone/hadoop-ozone/integration-test/target/test-dir/MiniOzoneClusterImpl-be56a2d2-96e4-45d9-aa7d-4262bbd71717/datanode-2/meta/datanode.id
2023-05-08 09:35:34,228 [Listener at 127.0.0.1/38037] INFO  ozone.MiniOzoneClusterImpl (MiniOzoneClusterImpl.java:lambda$waitForClusterToBeReady$0(224)) - Waiting for nodes to be ready. Got 0 of 3 DN Heartbeats.
2023-05-08 09:35:34,228 [Listener at 127.0.0.1/38037] INFO  ozone.MiniOzoneClusterImpl (MiniOzoneClusterImpl.java:lambda$waitForClusterToBeReady$0(227)) - Waiting for cluster to exit safe mode
2023-05-08 09:35:34,228 [Listener at 127.0.0.1/38037] INFO  ozone.MiniOzoneClusterImpl (MiniOzoneClusterImpl.java:lambda$waitForClusterToBeReady$0(229)) - SCM became leader
2023-05-08 09:35:34,552 [EndpointStateMachine task thread for /0.0.0.0:42721 - 0 ] INFO  utils.DatanodeStoreCache (DatanodeStoreCache.java:addDB(58)) - Added db /home/runner/work/ozone/ozone/hadoop-ozone/integration-test/target/test-dir/MiniOzoneClusterImpl-be56a2d2-96e4-45d9-aa7d-4262bbd71717/datanode-0/data-0/containers/hdds/be56a2d2-96e4-45d9-aa7d-4262bbd71717/DS-f2bd24c6-c8c3-43c8-84fa-533fcb4c4737/container.db to cache
2023-05-08 09:35:34,552 [EndpointStateMachine task thread for /0.0.0.0:42721 - 0 ] INFO  volume.HddsVolume (HddsVolume.java:createDbStore(350)) - SchemaV3 db is created and loaded at /home/runner/work/ozone/ozone/hadoop-ozone/integration-test/target/test-dir/MiniOzoneClusterImpl-be56a2d2-96e4-45d9-aa7d-4262bbd71717/datanode-0/data-0/containers/hdds/be56a2d2-96e4-45d9-aa7d-4262bbd71717/DS-f2bd24c6-c8c3-43c8-84fa-533fcb4c4737/container.db for volume DS-f2bd24c6-c8c3-43c8-84fa-533fcb4c4737
2023-05-08 09:35:34,553 [EndpointStateMachine task thread for /0.0.0.0:42721 - 0 ] INFO  ozoneimpl.OzoneContainer (OzoneContainer.java:start(397)) - Attempting to start container services.
2023-05-08 09:35:34,554 [EndpointStateMachine task thread for /0.0.0.0:42721 - 0 ] INFO  ozoneimpl.OzoneContainer (OzoneContainer.java:startContainerScrub(314)) - Scheduled background container scanners and the on-demand container scanner have been disabled.
2023-05-08 09:35:34,557 [EndpointStateMachine task thread for /0.0.0.0:42721 - 0 ] INFO  replication.ReplicationServer (ReplicationServer.java:start(109)) - ReplicationServer is started using port 46479
2023-05-08 09:35:34,557 [EndpointStateMachine task thread for /0.0.0.0:42721 - 0 ] INFO  ratis.XceiverServerRatis (XceiverServerRatis.java:start(517)) - Starting XceiverServerRatis 3e648b14-2e89-4337-9925-6e41fa74934b
2023-05-08 09:35:34,558 [EndpointStateMachine task thread for /0.0.0.0:42721 - 0 ] INFO  server.RaftServer (RaftServerProxy.java:startImpl(393)) - 3e648b14-2e89-4337-9925-6e41fa74934b: start RPC server
2023-05-08 09:35:34,559 [EndpointStateMachine task thread for /0.0.0.0:42721 - 0 ] INFO  server.GrpcService (GrpcService.java:startImpl(262)) - 3e648b14-2e89-4337-9925-6e41fa74934b: GrpcService started, listening on 32919
2023-05-08 09:35:34,559 [EndpointStateMachine task thread for /0.0.0.0:42721 - 0 ] INFO  ratis.XceiverServerRatis (XceiverServerRatis.java:getRealPort(543)) - XceiverServerRatis 3e648b14-2e89-4337-9925-6e41fa74934b is started using port 32919 for RATIS
2023-05-08 09:35:34,559 [EndpointStateMachine task thread for /0.0.0.0:42721 - 0 ] INFO  ratis.XceiverServerRatis (XceiverServerRatis.java:getRealPort(543)) - XceiverServerRatis 3e648b14-2e89-4337-9925-6e41fa74934b is started using port 32919 for RATIS_ADMIN
2023-05-08 09:35:34,559 [JvmPauseMonitor17] INFO  util.JvmPauseMonitor (JvmPauseMonitor.java:run(105)) - JvmPauseMonitor-3e648b14-2e89-4337-9925-6e41fa74934b: Started
2023-05-08 09:35:34,559 [EndpointStateMachine task thread for /0.0.0.0:42721 - 0 ] INFO  ratis.XceiverServerRatis (XceiverServerRatis.java:getRealPort(543)) - XceiverServerRatis 3e648b14-2e89-4337-9925-6e41fa74934b is started using port 32919 for RATIS_SERVER
2023-05-08 09:35:34,559 [EndpointStateMachine task thread for /0.0.0.0:42721 - 0 ] INFO  ratis.XceiverServerRatis (XceiverServerRatis.java:getRealPort(543)) - XceiverServerRatis 3e648b14-2e89-4337-9925-6e41fa74934b is started using port 34191 for RATIS_DATASTREAM
2023-05-08 09:35:34,563 [EndpointStateMachine task thread for /0.0.0.0:42721 - 0 ] INFO  server.XceiverServerGrpc (XceiverServerGrpc.java:start(180)) - XceiverServerGrpc 3e648b14-2e89-4337-9925-6e41fa74934b is started using port 37049
2023-05-08 09:35:34,563 [BlockDeletingService#0] INFO  interfaces.ContainerDeletionChoosingPolicyTemplate (ContainerDeletionChoosingPolicyTemplate.java:chooseContainerForBlockDeletion(83)) - Chosen 0/5000 blocks from 0 candidate containers.
2023-05-08 09:35:34,905 [EndpointStateMachine task thread for /0.0.0.0:42721 - 0 ] INFO  utils.DatanodeStoreCache (DatanodeStoreCache.java:addDB(58)) - Added db /home/runner/work/ozone/ozone/hadoop-ozone/integration-test/target/test-dir/MiniOzoneClusterImpl-be56a2d2-96e4-45d9-aa7d-4262bbd71717/datanode-1/data-0/containers/hdds/be56a2d2-96e4-45d9-aa7d-4262bbd71717/DS-700bf5cd-4416-42ad-8875-fa5e6aa78da3/container.db to cache
2023-05-08 09:35:34,905 [EndpointStateMachine task thread for /0.0.0.0:42721 - 0 ] INFO  volume.HddsVolume (HddsVolume.java:createDbStore(350)) - SchemaV3 db is created and loaded at /home/runner/work/ozone/ozone/hadoop-ozone/integration-test/target/test-dir/MiniOzoneClusterImpl-be56a2d2-96e4-45d9-aa7d-4262bbd71717/datanode-1/data-0/containers/hdds/be56a2d2-96e4-45d9-aa7d-4262bbd71717/DS-700bf5cd-4416-42ad-8875-fa5e6aa78da3/container.db for volume DS-700bf5cd-4416-42ad-8875-fa5e6aa78da3
2023-05-08 09:35:34,905 [EndpointStateMachine task thread for /0.0.0.0:42721 - 0 ] INFO  ozoneimpl.OzoneContainer (OzoneContainer.java:start(397)) - Attempting to start container services.
2023-05-08 09:35:34,905 [EndpointStateMachine task thread for /0.0.0.0:42721 - 0 ] INFO  ozoneimpl.OzoneContainer (OzoneContainer.java:startContainerScrub(314)) - Scheduled background container scanners and the on-demand container scanner have been disabled.
2023-05-08 09:35:34,907 [EndpointStateMachine task thread for /0.0.0.0:42721 - 0 ] INFO  replication.ReplicationServer (ReplicationServer.java:start(109)) - ReplicationServer is started using port 40081
2023-05-08 09:35:34,908 [EndpointStateMachine task thread for /0.0.0.0:42721 - 0 ] INFO  ratis.XceiverServerRatis (XceiverServerRatis.java:start(517)) - Starting XceiverServerRatis add4e6bd-fcc9-465d-bef9-bed764a13d1e
2023-05-08 09:35:34,908 [EndpointStateMachine task thread for /0.0.0.0:42721 - 0 ] INFO  server.RaftServer (RaftServerProxy.java:startImpl(393)) - add4e6bd-fcc9-465d-bef9-bed764a13d1e: start RPC server
2023-05-08 09:35:34,910 [EndpointStateMachine task thread for /0.0.0.0:42721 - 0 ] INFO  server.GrpcService (GrpcService.java:startImpl(262)) - add4e6bd-fcc9-465d-bef9-bed764a13d1e: GrpcService started, listening on 35941
2023-05-08 09:35:34,910 [EndpointStateMachine task thread for /0.0.0.0:42721 - 0 ] INFO  ratis.XceiverServerRatis (XceiverServerRatis.java:getRealPort(543)) - XceiverServerRatis add4e6bd-fcc9-465d-bef9-bed764a13d1e is started using port 35941 for RATIS
2023-05-08 09:35:34,910 [EndpointStateMachine task thread for /0.0.0.0:42721 - 0 ] INFO  ratis.XceiverServerRatis (XceiverServerRatis.java:getRealPort(543)) - XceiverServerRatis add4e6bd-fcc9-465d-bef9-bed764a13d1e is started using port 35941 for RATIS_ADMIN
2023-05-08 09:35:34,910 [JvmPauseMonitor18] INFO  util.JvmPauseMonitor (JvmPauseMonitor.java:run(105)) - JvmPauseMonitor-add4e6bd-fcc9-465d-bef9-bed764a13d1e: Started
2023-05-08 09:35:34,910 [EndpointStateMachine task thread for /0.0.0.0:42721 - 0 ] INFO  ratis.XceiverServerRatis (XceiverServerRatis.java:getRealPort(543)) - XceiverServerRatis add4e6bd-fcc9-465d-bef9-bed764a13d1e is started using port 35941 for RATIS_SERVER
2023-05-08 09:35:34,910 [EndpointStateMachine task thread for /0.0.0.0:42721 - 0 ] INFO  ratis.XceiverServerRatis (XceiverServerRatis.java:getRealPort(543)) - XceiverServerRatis add4e6bd-fcc9-465d-bef9-bed764a13d1e is started using port 42367 for RATIS_DATASTREAM
2023-05-08 09:35:34,913 [EndpointStateMachine task thread for /0.0.0.0:42721 - 0 ] INFO  server.XceiverServerGrpc (XceiverServerGrpc.java:start(180)) - XceiverServerGrpc add4e6bd-fcc9-465d-bef9-bed764a13d1e is started using port 38901
2023-05-08 09:35:34,913 [BlockDeletingService#0] INFO  interfaces.ContainerDeletionChoosingPolicyTemplate (ContainerDeletionChoosingPolicyTemplate.java:chooseContainerForBlockDeletion(83)) - Chosen 0/5000 blocks from 0 candidate containers.
2023-05-08 09:35:35,228 [Listener at 127.0.0.1/38037] INFO  ozone.MiniOzoneClusterImpl (MiniOzoneClusterImpl.java:lambda$waitForClusterToBeReady$0(224)) - Waiting for nodes to be ready. Got 0 of 3 DN Heartbeats.
2023-05-08 09:35:35,229 [Listener at 127.0.0.1/38037] INFO  ozone.MiniOzoneClusterImpl (MiniOzoneClusterImpl.java:lambda$waitForClusterToBeReady$0(227)) - Waiting for cluster to exit safe mode
2023-05-08 09:35:35,229 [Listener at 127.0.0.1/38037] INFO  ozone.MiniOzoneClusterImpl (MiniOzoneClusterImpl.java:lambda$waitForClusterToBeReady$0(229)) - SCM became leader
2023-05-08 09:35:35,264 [EndpointStateMachine task thread for /0.0.0.0:42721 - 0 ] INFO  utils.DatanodeStoreCache (DatanodeStoreCache.java:addDB(58)) - Added db /home/runner/work/ozone/ozone/hadoop-ozone/integration-test/target/test-dir/MiniOzoneClusterImpl-be56a2d2-96e4-45d9-aa7d-4262bbd71717/datanode-2/data-0/containers/hdds/be56a2d2-96e4-45d9-aa7d-4262bbd71717/DS-93e6ff24-773c-4aa1-a89f-95307bb97fdb/container.db to cache
2023-05-08 09:35:35,264 [EndpointStateMachine task thread for /0.0.0.0:42721 - 0 ] INFO  volume.HddsVolume (HddsVolume.java:createDbStore(350)) - SchemaV3 db is created and loaded at /home/runner/work/ozone/ozone/hadoop-ozone/integration-test/target/test-dir/MiniOzoneClusterImpl-be56a2d2-96e4-45d9-aa7d-4262bbd71717/datanode-2/data-0/containers/hdds/be56a2d2-96e4-45d9-aa7d-4262bbd71717/DS-93e6ff24-773c-4aa1-a89f-95307bb97fdb/container.db for volume DS-93e6ff24-773c-4aa1-a89f-95307bb97fdb
2023-05-08 09:35:35,264 [EndpointStateMachine task thread for /0.0.0.0:42721 - 0 ] INFO  ozoneimpl.OzoneContainer (OzoneContainer.java:start(397)) - Attempting to start container services.
2023-05-08 09:35:35,264 [EndpointStateMachine task thread for /0.0.0.0:42721 - 0 ] INFO  ozoneimpl.OzoneContainer (OzoneContainer.java:startContainerScrub(314)) - Scheduled background container scanners and the on-demand container scanner have been disabled.
2023-05-08 09:35:35,267 [EndpointStateMachine task thread for /0.0.0.0:42721 - 0 ] INFO  replication.ReplicationServer (ReplicationServer.java:start(109)) - ReplicationServer is started using port 46447
2023-05-08 09:35:35,267 [EndpointStateMachine task thread for /0.0.0.0:42721 - 0 ] INFO  ratis.XceiverServerRatis (XceiverServerRatis.java:start(517)) - Starting XceiverServerRatis 3357f25e-fda2-4cb8-acb0-e93af4f54e63
2023-05-08 09:35:35,267 [EndpointStateMachine task thread for /0.0.0.0:42721 - 0 ] INFO  server.RaftServer (RaftServerProxy.java:startImpl(393)) - 3357f25e-fda2-4cb8-acb0-e93af4f54e63: start RPC server
2023-05-08 09:35:35,274 [EndpointStateMachine task thread for /0.0.0.0:42721 - 0 ] INFO  server.GrpcService (GrpcService.java:startImpl(262)) - 3357f25e-fda2-4cb8-acb0-e93af4f54e63: GrpcService started, listening on 40553
2023-05-08 09:35:35,274 [EndpointStateMachine task thread for /0.0.0.0:42721 - 0 ] INFO  ratis.XceiverServerRatis (XceiverServerRatis.java:getRealPort(543)) - XceiverServerRatis 3357f25e-fda2-4cb8-acb0-e93af4f54e63 is started using port 40553 for RATIS
2023-05-08 09:35:35,274 [EndpointStateMachine task thread for /0.0.0.0:42721 - 0 ] INFO  ratis.XceiverServerRatis (XceiverServerRatis.java:getRealPort(543)) - XceiverServerRatis 3357f25e-fda2-4cb8-acb0-e93af4f54e63 is started using port 40553 for RATIS_ADMIN
2023-05-08 09:35:35,274 [JvmPauseMonitor19] INFO  util.JvmPauseMonitor (JvmPauseMonitor.java:run(105)) - JvmPauseMonitor-3357f25e-fda2-4cb8-acb0-e93af4f54e63: Started
2023-05-08 09:35:35,274 [EndpointStateMachine task thread for /0.0.0.0:42721 - 0 ] INFO  ratis.XceiverServerRatis (XceiverServerRatis.java:getRealPort(543)) - XceiverServerRatis 3357f25e-fda2-4cb8-acb0-e93af4f54e63 is started using port 40553 for RATIS_SERVER
2023-05-08 09:35:35,274 [EndpointStateMachine task thread for /0.0.0.0:42721 - 0 ] INFO  ratis.XceiverServerRatis (XceiverServerRatis.java:getRealPort(543)) - XceiverServerRatis 3357f25e-fda2-4cb8-acb0-e93af4f54e63 is started using port 42755 for RATIS_DATASTREAM
2023-05-08 09:35:35,279 [EndpointStateMachine task thread for /0.0.0.0:42721 - 0 ] INFO  server.XceiverServerGrpc (XceiverServerGrpc.java:start(180)) - XceiverServerGrpc 3357f25e-fda2-4cb8-acb0-e93af4f54e63 is started using port 44827
2023-05-08 09:35:35,280 [BlockDeletingService#0] INFO  interfaces.ContainerDeletionChoosingPolicyTemplate (ContainerDeletionChoosingPolicyTemplate.java:chooseContainerForBlockDeletion(83)) - Chosen 0/5000 blocks from 0 candidate containers.
2023-05-08 09:35:36,229 [Listener at 127.0.0.1/38037] INFO  ozone.MiniOzoneClusterImpl (MiniOzoneClusterImpl.java:lambda$waitForClusterToBeReady$0(224)) - Waiting for nodes to be ready. Got 0 of 3 DN Heartbeats.
2023-05-08 09:35:36,229 [Listener at 127.0.0.1/38037] INFO  ozone.MiniOzoneClusterImpl (MiniOzoneClusterImpl.java:lambda$waitForClusterToBeReady$0(227)) - Waiting for cluster to exit safe mode
2023-05-08 09:35:36,229 [Listener at 127.0.0.1/38037] INFO  ozone.MiniOzoneClusterImpl (MiniOzoneClusterImpl.java:lambda$waitForClusterToBeReady$0(229)) - SCM became leader
2023-05-08 09:35:36,517 [IPC Server handler 1 on default port 42721] INFO  net.NetworkTopologyImpl (NetworkTopologyImpl.java:add(112)) - Added a new node: /default-rack/3e648b14-2e89-4337-9925-6e41fa74934b
2023-05-08 09:35:36,517 [IPC Server handler 1 on default port 42721] INFO  node.SCMNodeManager (SCMNodeManager.java:register(407)) - Registered Data node : 3e648b14-2e89-4337-9925-6e41fa74934b{ip: 10.1.0.160, host: fv-az96-539, ports: [HTTP=42221, REPLICATION=46479, RATIS=32919, RATIS_ADMIN=32919, RATIS_SERVER=32919, RATIS_DATASTREAM=34191, STANDALONE=37049], networkLocation: /default-rack, certSerialId: null, persistedOpState: null, persistedOpStateExpiryEpochSec: 0}
2023-05-08 09:35:36,525 [EventQueue-NodeRegistrationContainerReportForDataNodeSafeModeRule] INFO  safemode.SCMSafeModeManager (DataNodeSafeModeRule.java:process(71)) - SCM in safe mode. 1 DataNodes registered, 3 required.
2023-05-08 09:35:36,525 [EventQueue-NodeRegistrationContainerReportForContainerSafeModeRule] INFO  safemode.SCMSafeModeManager (SCMSafeModeManager.java:validateSafeModeExitRules(200)) - ContainerSafeModeRule rule is successfully validated
2023-05-08 09:35:36,526 [EventQueue-NewNodeForNewNodeHandler] INFO  pipeline.BackgroundPipelineCreator (BackgroundPipelineCreator.java:notifyEventTriggered(276)) - trigger a one-shot run on RatisPipelineUtilsThread.
2023-05-08 09:35:36,537 [EventQueue-PipelineReportForOneReplicaPipelineSafeModeRule] INFO  safemode.SCMSafeModeManager (SCMSafeModeManager.java:validateSafeModeExitRules(200)) - AtleastOneDatanodeReportedRule rule is successfully validated
2023-05-08 09:35:36,537 [RatisPipelineUtilsThread - 0] INFO  pipeline.RatisPipelineProvider (RatisPipelineProvider.java:lambda$create$0(206)) - Sending CreatePipelineCommand for pipeline:PipelineID=a3a38626-7e2f-4caa-b381-1e7200ea6119 to datanode:3e648b14-2e89-4337-9925-6e41fa74934b
2023-05-08 09:35:36,540 [RatisPipelineUtilsThread - 0] INFO  pipeline.PipelineStateManagerImpl (PipelineStateManagerImpl.java:addPipeline(103)) - Created pipeline Pipeline[ Id: a3a38626-7e2f-4caa-b381-1e7200ea6119, Nodes: 3e648b14-2e89-4337-9925-6e41fa74934b(fv-az96-539/10.1.0.160), ReplicationConfig: RATIS/ONE, State:ALLOCATED, leaderId:, CreationTimestamp2023-05-08T09:35:36.537Z[Etc/UTC]].
2023-05-08 09:35:36,871 [IPC Server handler 2 on default port 42721] INFO  net.NetworkTopologyImpl (NetworkTopologyImpl.java:add(112)) - Added a new node: /default-rack/add4e6bd-fcc9-465d-bef9-bed764a13d1e
2023-05-08 09:35:36,871 [IPC Server handler 2 on default port 42721] INFO  node.SCMNodeManager (SCMNodeManager.java:register(407)) - Registered Data node : add4e6bd-fcc9-465d-bef9-bed764a13d1e{ip: 10.1.0.160, host: fv-az96-539, ports: [HTTP=34363, REPLICATION=40081, RATIS=35941, RATIS_ADMIN=35941, RATIS_SERVER=35941, RATIS_DATASTREAM=42367, STANDALONE=38901], networkLocation: /default-rack, certSerialId: null, persistedOpState: null, persistedOpStateExpiryEpochSec: 0}
2023-05-08 09:35:36,872 [EventQueue-NewNodeForNewNodeHandler] INFO  pipeline.BackgroundPipelineCreator (BackgroundPipelineCreator.java:notifyEventTriggered(276)) - trigger a one-shot run on RatisPipelineUtilsThread.
2023-05-08 09:35:36,872 [EventQueue-NodeRegistrationContainerReportForDataNodeSafeModeRule] INFO  safemode.SCMSafeModeManager (DataNodeSafeModeRule.java:process(71)) - SCM in safe mode. 2 DataNodes registered, 3 required.
2023-05-08 09:35:36,876 [RatisPipelineUtilsThread - 0] INFO  pipeline.RatisPipelineProvider (RatisPipelineProvider.java:lambda$create$0(206)) - Sending CreatePipelineCommand for pipeline:PipelineID=26322711-d698-4f8c-aa4a-0433e262036b to datanode:add4e6bd-fcc9-465d-bef9-bed764a13d1e
2023-05-08 09:35:36,876 [RatisPipelineUtilsThread - 0] INFO  pipeline.PipelineStateManagerImpl (PipelineStateManagerImpl.java:addPipeline(103)) - Created pipeline Pipeline[ Id: 26322711-d698-4f8c-aa4a-0433e262036b, Nodes: add4e6bd-fcc9-465d-bef9-bed764a13d1e(fv-az96-539/10.1.0.160), ReplicationConfig: RATIS/ONE, State:ALLOCATED, leaderId:, CreationTimestamp2023-05-08T09:35:36.876Z[Etc/UTC]].
2023-05-08 09:35:37,229 [Listener at 127.0.0.1/38037] INFO  ozone.MiniOzoneClusterImpl (MiniOzoneClusterImpl.java:lambda$waitForClusterToBeReady$0(224)) - Waiting for nodes to be ready. Got 2 of 3 DN Heartbeats.
2023-05-08 09:35:37,230 [Listener at 127.0.0.1/38037] INFO  ozone.MiniOzoneClusterImpl (MiniOzoneClusterImpl.java:lambda$waitForClusterToBeReady$0(227)) - Waiting for cluster to exit safe mode
2023-05-08 09:35:37,230 [Listener at 127.0.0.1/38037] INFO  ozone.MiniOzoneClusterImpl (MiniOzoneClusterImpl.java:lambda$waitForClusterToBeReady$0(229)) - SCM became leader
2023-05-08 09:35:37,230 [IPC Server handler 0 on default port 42721] INFO  net.NetworkTopologyImpl (NetworkTopologyImpl.java:add(112)) - Added a new node: /default-rack/3357f25e-fda2-4cb8-acb0-e93af4f54e63
2023-05-08 09:35:37,231 [IPC Server handler 0 on default port 42721] INFO  node.SCMNodeManager (SCMNodeManager.java:register(407)) - Registered Data node : 3357f25e-fda2-4cb8-acb0-e93af4f54e63{ip: 10.1.0.160, host: fv-az96-539, ports: [HTTP=40259, REPLICATION=46447, RATIS=40553, RATIS_ADMIN=40553, RATIS_SERVER=40553, RATIS_DATASTREAM=42755, STANDALONE=44827], networkLocation: /default-rack, certSerialId: null, persistedOpState: null, persistedOpStateExpiryEpochSec: 0}
2023-05-08 09:35:37,231 [EventQueue-NewNodeForNewNodeHandler] INFO  pipeline.BackgroundPipelineCreator (BackgroundPipelineCreator.java:notifyEventTriggered(276)) - trigger a one-shot run on RatisPipelineUtilsThread.
2023-05-08 09:35:37,231 [EventQueue-NodeRegistrationContainerReportForDataNodeSafeModeRule] INFO  safemode.SCMSafeModeManager (DataNodeSafeModeRule.java:process(71)) - SCM in safe mode. 3 DataNodes registered, 3 required.
2023-05-08 09:35:37,231 [EventQueue-NodeRegistrationContainerReportForDataNodeSafeModeRule] INFO  safemode.SCMSafeModeManager (SCMSafeModeManager.java:validateSafeModeExitRules(200)) - DataNodeSafeModeRule rule is successfully validated
2023-05-08 09:35:37,231 [EventQueue-NodeRegistrationContainerReportForDataNodeSafeModeRule] INFO  safemode.SCMSafeModeManager (SCMSafeModeManager.java:completePreCheck(229)) - All SCM safe mode pre check rules have passed
2023-05-08 09:35:37,231 [EventQueue-NodeRegistrationContainerReportForDataNodeSafeModeRule] INFO  ha.SCMContext (SCMContext.java:updateSafeModeStatus(228)) - Update SafeModeStatus from SafeModeStatus{safeModeStatus=true, preCheckPassed=false} to SafeModeStatus{safeModeStatus=true, preCheckPassed=true}.
2023-05-08 09:35:37,231 [EventQueue-NodeRegistrationContainerReportForDataNodeSafeModeRule] INFO  pipeline.BackgroundPipelineCreator (BackgroundPipelineCreator.java:notifyEventTriggered(276)) - trigger a one-shot run on RatisPipelineUtilsThread.
2023-05-08 09:35:37,232 [RatisPipelineUtilsThread - 0] INFO  pipeline.RatisPipelineProvider (RatisPipelineProvider.java:lambda$create$0(206)) - Sending CreatePipelineCommand for pipeline:PipelineID=9e6eef32-60bd-4266-991d-9480b9302252 to datanode:3357f25e-fda2-4cb8-acb0-e93af4f54e63
2023-05-08 09:35:37,233 [RatisPipelineUtilsThread - 0] INFO  pipeline.PipelineStateManagerImpl (PipelineStateManagerImpl.java:addPipeline(103)) - Created pipeline Pipeline[ Id: 9e6eef32-60bd-4266-991d-9480b9302252, Nodes: 3357f25e-fda2-4cb8-acb0-e93af4f54e63(fv-az96-539/10.1.0.160), ReplicationConfig: RATIS/ONE, State:ALLOCATED, leaderId:, CreationTimestamp2023-05-08T09:35:37.232Z[Etc/UTC]].
2023-05-08 09:35:37,233 [RatisPipelineUtilsThread - 0] INFO  pipeline.RatisPipelineProvider (RatisPipelineProvider.java:lambda$create$0(206)) - Sending CreatePipelineCommand for pipeline:PipelineID=33ff71bb-ea09-45cc-98c3-b156310cc313 to datanode:add4e6bd-fcc9-465d-bef9-bed764a13d1e
2023-05-08 09:35:37,233 [RatisPipelineUtilsThread - 0] INFO  pipeline.RatisPipelineProvider (RatisPipelineProvider.java:lambda$create$0(206)) - Sending CreatePipelineCommand for pipeline:PipelineID=33ff71bb-ea09-45cc-98c3-b156310cc313 to datanode:3e648b14-2e89-4337-9925-6e41fa74934b
2023-05-08 09:35:37,233 [RatisPipelineUtilsThread - 0] INFO  pipeline.RatisPipelineProvider (RatisPipelineProvider.java:lambda$create$0(206)) - Sending CreatePipelineCommand for pipeline:PipelineID=33ff71bb-ea09-45cc-98c3-b156310cc313 to datanode:3357f25e-fda2-4cb8-acb0-e93af4f54e63
2023-05-08 09:35:37,234 [RatisPipelineUtilsThread - 0] INFO  pipeline.PipelineStateManagerImpl (PipelineStateManagerImpl.java:addPipeline(103)) - Created pipeline Pipeline[ Id: 33ff71bb-ea09-45cc-98c3-b156310cc313, Nodes: add4e6bd-fcc9-465d-bef9-bed764a13d1e(fv-az96-539/10.1.0.160)3e648b14-2e89-4337-9925-6e41fa74934b(fv-az96-539/10.1.0.160)3357f25e-fda2-4cb8-acb0-e93af4f54e63(fv-az96-539/10.1.0.160), ReplicationConfig: RATIS/THREE, State:ALLOCATED, leaderId:, CreationTimestamp2023-05-08T09:35:37.233Z[Etc/UTC]].
2023-05-08 09:35:37,234 [RatisPipelineUtilsThread - 0] INFO  pipeline.RatisPipelineProvider (RatisPipelineProvider.java:lambda$create$0(206)) - Sending CreatePipelineCommand for pipeline:PipelineID=61d9caab-dfec-4d6d-bab9-68e7495fd306 to datanode:3357f25e-fda2-4cb8-acb0-e93af4f54e63
2023-05-08 09:35:37,234 [RatisPipelineUtilsThread - 0] INFO  pipeline.RatisPipelineProvider (RatisPipelineProvider.java:lambda$create$0(206)) - Sending CreatePipelineCommand for pipeline:PipelineID=61d9caab-dfec-4d6d-bab9-68e7495fd306 to datanode:3e648b14-2e89-4337-9925-6e41fa74934b
2023-05-08 09:35:37,234 [RatisPipelineUtilsThread - 0] INFO  pipeline.RatisPipelineProvider (RatisPipelineProvider.java:lambda$create$0(206)) - Sending CreatePipelineCommand for pipeline:PipelineID=61d9caab-dfec-4d6d-bab9-68e7495fd306 to datanode:add4e6bd-fcc9-465d-bef9-bed764a13d1e
2023-05-08 09:35:37,235 [RatisPipelineUtilsThread - 0] INFO  pipeline.PipelineStateManagerImpl (PipelineStateManagerImpl.java:addPipeline(103)) - Created pipeline Pipeline[ Id: 61d9caab-dfec-4d6d-bab9-68e7495fd306, Nodes: 3357f25e-fda2-4cb8-acb0-e93af4f54e63(fv-az96-539/10.1.0.160)3e648b14-2e89-4337-9925-6e41fa74934b(fv-az96-539/10.1.0.160)add4e6bd-fcc9-465d-bef9-bed764a13d1e(fv-az96-539/10.1.0.160), ReplicationConfig: RATIS/THREE, State:ALLOCATED, leaderId:, CreationTimestamp2023-05-08T09:35:37.234Z[Etc/UTC]].
2023-05-08 09:35:37,235 [RatisPipelineUtilsThread - 0] INFO  pipeline.PipelineManagerImpl (PipelineManagerImpl.java:recordMetricsForPipeline(826)) - Pipeline: PipelineID=61d9caab-dfec-4d6d-bab9-68e7495fd306 contains same datanodes as previous pipelines: PipelineID=33ff71bb-ea09-45cc-98c3-b156310cc313 nodeIds: 3357f25e-fda2-4cb8-acb0-e93af4f54e63, 3e648b14-2e89-4337-9925-6e41fa74934b, add4e6bd-fcc9-465d-bef9-bed764a13d1e
2023-05-08 09:35:37,235 [RatisPipelineUtilsThread - 0] WARN  pipeline.PipelinePlacementPolicy (PipelinePlacementPolicy.java:filterViableNodes(160)) - Pipeline creation failed due to no sufficient healthy datanodes. Required 3. Found 0. Excluded 3.
2023-05-08 09:35:38,230 [Listener at 127.0.0.1/38037] INFO  ozone.MiniOzoneClusterImpl (MiniOzoneClusterImpl.java:lambda$waitForClusterToBeReady$0(224)) - Nodes are ready. Got 3 of 3 DN Heartbeats.
2023-05-08 09:35:38,230 [Listener at 127.0.0.1/38037] INFO  ozone.MiniOzoneClusterImpl (MiniOzoneClusterImpl.java:lambda$waitForClusterToBeReady$0(227)) - Waiting for cluster to exit safe mode
2023-05-08 09:35:38,230 [Listener at 127.0.0.1/38037] INFO  ozone.MiniOzoneClusterImpl (MiniOzoneClusterImpl.java:lambda$waitForClusterToBeReady$0(229)) - SCM became leader
2023-05-08 09:35:39,230 [Listener at 127.0.0.1/38037] INFO  ozone.MiniOzoneClusterImpl (MiniOzoneClusterImpl.java:lambda$waitForClusterToBeReady$0(224)) - Nodes are ready. Got 3 of 3 DN Heartbeats.
2023-05-08 09:35:39,230 [Listener at 127.0.0.1/38037] INFO  ozone.MiniOzoneClusterImpl (MiniOzoneClusterImpl.java:lambda$waitForClusterToBeReady$0(227)) - Waiting for cluster to exit safe mode
2023-05-08 09:35:39,230 [Listener at 127.0.0.1/38037] INFO  ozone.MiniOzoneClusterImpl (MiniOzoneClusterImpl.java:lambda$waitForClusterToBeReady$0(229)) - SCM became leader
2023-05-08 09:35:39,517 [Command processor thread] INFO  server.RaftServer (RaftServerProxy.java:addNew(96)) - 3e648b14-2e89-4337-9925-6e41fa74934b: addNew group-1E7200EA6119:[3e648b14-2e89-4337-9925-6e41fa74934b|rpc:10.1.0.160:32919|dataStream:10.1.0.160:34191|priority:1|startupRole:FOLLOWER] returns group-1E7200EA6119:java.util.concurrent.CompletableFuture@71078feb[Not completed]
2023-05-08 09:35:39,518 [pool-777-thread-1] INFO  server.RaftServer$Division (RaftServerImpl.java:<init>(195)) - 3e648b14-2e89-4337-9925-6e41fa74934b: new RaftServerImpl for group-1E7200EA6119:[3e648b14-2e89-4337-9925-6e41fa74934b|rpc:10.1.0.160:32919|dataStream:10.1.0.160:34191|priority:1|startupRole:FOLLOWER] with ContainerStateMachine:uninitialized
2023-05-08 09:35:39,518 [pool-777-thread-1] INFO  server.RaftServerConfigKeys (ConfUtils.java:logGet(46)) - raft.server.rpc.timeout.min = 5s (custom)
2023-05-08 09:35:39,518 [pool-777-thread-1] INFO  server.RaftServerConfigKeys (ConfUtils.java:logGet(46)) - raft.server.rpc.timeout.max = 5200ms (custom)
2023-05-08 09:35:39,518 [pool-777-thread-1] INFO  server.RaftServerConfigKeys (ConfUtils.java:logGet(46)) - raft.server.rpc.sleep.time = 25ms (default)
2023-05-08 09:35:39,518 [pool-777-thread-1] INFO  server.RaftServerConfigKeys (ConfUtils.java:logGet(46)) - raft.server.rpc.slowness.timeout = 300s (custom)
2023-05-08 09:35:39,518 [pool-777-thread-1] INFO  server.RaftServerConfigKeys (ConfUtils.java:logGet(46)) - raft.server.leaderelection.leader.step-down.wait-time = 10s (default)
2023-05-08 09:35:39,518 [pool-777-thread-1] INFO  server.RaftServerConfigKeys (ConfUtils.java:logGet(46)) - raft.server.sleep.deviation.threshold = 300ms (default)
2023-05-08 09:35:39,518 [pool-777-thread-1] INFO  server.RaftServer$Division (ServerState.java:<init>(118)) - 3e648b14-2e89-4337-9925-6e41fa74934b@group-1E7200EA6119: ConfigurationManager, init=-1: peers:[3e648b14-2e89-4337-9925-6e41fa74934b|rpc:10.1.0.160:32919|dataStream:10.1.0.160:34191|priority:1|startupRole:FOLLOWER]|listeners:[], old=null, confs=<EMPTY_MAP>
2023-05-08 09:35:39,519 [pool-777-thread-1] INFO  server.RaftServerConfigKeys (ConfUtils.java:logGet(46)) - raft.server.storage.dir = [/home/runner/work/ozone/ozone/hadoop-ozone/integration-test/target/test-dir/MiniOzoneClusterImpl-be56a2d2-96e4-45d9-aa7d-4262bbd71717/datanode-0/data/ratis] (custom)
2023-05-08 09:35:39,519 [pool-777-thread-1] INFO  server.RaftServerConfigKeys (ConfUtils.java:logGet(46)) - raft.server.log.corruption.policy = EXCEPTION (default)
2023-05-08 09:35:39,519 [pool-777-thread-1] INFO  server.RaftServerConfigKeys (ConfUtils.java:logGet(46)) - raft.server.storage.free-space.min = 0MB (=0) (default)
2023-05-08 09:35:39,519 [pool-777-thread-1] INFO  server.RaftServerConfigKeys (ConfUtils.java:logGet(46)) - raft.server.notification.no-leader.timeout = 300s (custom)
2023-05-08 09:35:39,519 [pool-777-thread-1] INFO  server.RaftServerConfigKeys (ConfUtils.java:logGet(46)) - raft.server.retrycache.expirytime = 600000ms (custom)
2023-05-08 09:35:39,519 [pool-777-thread-1] INFO  server.RaftServerConfigKeys (ConfUtils.java:logGet(46)) - raft.server.retrycache.statistics.expirytime = 100μs (default)
2023-05-08 09:35:39,519 [pool-777-thread-1] INFO  server.RaftServerConfigKeys (ConfUtils.java:logGet(46)) - raft.server.log.appender.install.snapshot.enabled = false (custom)
2023-05-08 09:35:39,520 [pool-777-thread-1] INFO  server.RaftServerConfigKeys (ConfUtils.java:logGet(46)) - raft.server.threadpool.server.cached = true (default)
2023-05-08 09:35:39,520 [pool-777-thread-1] INFO  server.RaftServerConfigKeys (ConfUtils.java:logGet(46)) - raft.server.threadpool.server.size = 0 (default)
2023-05-08 09:35:39,520 [pool-777-thread-1] INFO  server.RaftServerConfigKeys (ConfUtils.java:logGet(46)) - raft.server.threadpool.client.cached = true (default)
2023-05-08 09:35:39,520 [pool-777-thread-1] INFO  server.RaftServerConfigKeys (ConfUtils.java:logGet(46)) - raft.server.threadpool.client.size = 0 (default)
2023-05-08 09:35:39,520 [pool-777-thread-1] INFO  storage.RaftStorageDirectory (RaftStorageDirectoryImpl.java:analyzeStorage(137)) - The storage directory /home/runner/work/ozone/ozone/hadoop-ozone/integration-test/target/test-dir/MiniOzoneClusterImpl-be56a2d2-96e4-45d9-aa7d-4262bbd71717/datanode-0/data/ratis/a3a38626-7e2f-4caa-b381-1e7200ea6119 does not exist. Creating ...
2023-05-08 09:35:39,521 [pool-777-thread-1] INFO  storage.RaftStorageDirectory (RaftStorageDirectoryImpl.java:tryLock(231)) - Lock on /home/runner/work/ozone/ozone/hadoop-ozone/integration-test/target/test-dir/MiniOzoneClusterImpl-be56a2d2-96e4-45d9-aa7d-4262bbd71717/datanode-0/data/ratis/a3a38626-7e2f-4caa-b381-1e7200ea6119/in_use.lock acquired by nodename 7572@fv-az96-539
2023-05-08 09:35:39,522 [pool-777-thread-1] INFO  storage.RaftStorage (RaftStorageImpl.java:format(96)) - Storage directory /home/runner/work/ozone/ozone/hadoop-ozone/integration-test/target/test-dir/MiniOzoneClusterImpl-be56a2d2-96e4-45d9-aa7d-4262bbd71717/datanode-0/data/ratis/a3a38626-7e2f-4caa-b381-1e7200ea6119 has been successfully formatted.
2023-05-08 09:35:39,525 [pool-777-thread-1] INFO  ratis.ContainerStateMachine (ContainerStateMachine.java:loadSnapshot(262)) - group-1E7200EA6119: The snapshot info is null. Setting the last applied indexto:(t:0, i:~)
2023-05-08 09:35:39,525 [pool-777-thread-1] INFO  server.RaftServerConfigKeys (ConfUtils.java:logGet(46)) - raft.server.log.use.memory = false (default)
2023-05-08 09:35:39,525 [pool-777-thread-1] INFO  server.RaftServerConfigKeys (ConfUtils.java:logGet(46)) - raft.server.log.purge.gap = 1000000 (custom)
2023-05-08 09:35:39,525 [pool-777-thread-1] INFO  server.RaftServerConfigKeys (ConfUtils.java:logGet(46)) - raft.server.log.appender.buffer.byte-limit = 33554432 (custom)
2023-05-08 09:35:39,525 [pool-777-thread-1] INFO  server.RaftServerConfigKeys (ConfUtils.java:logGet(46)) - raft.server.log.statemachine.data.read.timeout = 1000ms (default)
2023-05-08 09:35:39,525 [pool-777-thread-1] INFO  server.RaftServerConfigKeys (ConfUtils.java:logGet(46)) - raft.server.log.purge.preservation.log.num = 0 (default)
2023-05-08 09:35:39,525 [pool-777-thread-1] INFO  server.RaftServerConfigKeys (ConfUtils.java:logGet(46)) - raft.server.log.segment.size.max = 1048576 (custom)
2023-05-08 09:35:39,526 [EventQueue-PipelineReportForPipelineReportHandler] INFO  pipeline.PipelineManagerImpl (PipelineManagerImpl.java:openPipeline(367)) - Pipeline Pipeline[ Id: a3a38626-7e2f-4caa-b381-1e7200ea6119, Nodes: 3e648b14-2e89-4337-9925-6e41fa74934b(fv-az96-539/10.1.0.160), ReplicationConfig: RATIS/ONE, State:ALLOCATED, leaderId:3e648b14-2e89-4337-9925-6e41fa74934b, CreationTimestamp2023-05-08T09:35:36.537Z[Etc/UTC]] moved to OPEN state
2023-05-08 09:35:39,527 [pool-777-thread-1] INFO  server.RaftServerConfigKeys (ConfUtils.java:logGet(46)) - raft.server.log.segment.cache.num.max = 2 (custom)
2023-05-08 09:35:39,527 [pool-777-thread-1] INFO  server.RaftServerConfigKeys (ConfUtils.java:logGet(46)) - raft.server.log.segment.cache.size.max = 200MB (=209715200) (default)
2023-05-08 09:35:39,527 [pool-777-thread-1] INFO  segmented.SegmentedRaftLogWorker (SegmentedRaftLogWorker.java:<init>(189)) - new 3e648b14-2e89-4337-9925-6e41fa74934b@group-1E7200EA6119-SegmentedRaftLogWorker for RaftStorageImpl:Storage Directory /home/runner/work/ozone/ozone/hadoop-ozone/integration-test/target/test-dir/MiniOzoneClusterImpl-be56a2d2-96e4-45d9-aa7d-4262bbd71717/datanode-0/data/ratis/a3a38626-7e2f-4caa-b381-1e7200ea6119
2023-05-08 09:35:39,528 [pool-777-thread-1] INFO  server.RaftServerConfigKeys (ConfUtils.java:logGet(46)) - raft.server.log.queue.byte-limit = 4294967296 (custom)
2023-05-08 09:35:39,528 [pool-777-thread-1] INFO  server.RaftServerConfigKeys (ConfUtils.java:logGet(46)) - raft.server.log.queue.element-limit = 1024 (custom)
2023-05-08 09:35:39,528 [pool-777-thread-1] INFO  server.RaftServerConfigKeys (ConfUtils.java:logGet(46)) - raft.server.log.segment.size.max = 1048576 (custom)
2023-05-08 09:35:39,528 [pool-777-thread-1] INFO  server.RaftServerConfigKeys (ConfUtils.java:logGet(46)) - raft.server.log.preallocated.size = 16384 (custom)
2023-05-08 09:35:39,528 [pool-777-thread-1] INFO  server.RaftServerConfigKeys (ConfUtils.java:logGet(46)) - raft.server.log.force.sync.num = 128 (default)
2023-05-08 09:35:39,528 [pool-777-thread-1] INFO  server.RaftServerConfigKeys (ConfUtils.java:logGet(46)) - raft.server.log.statemachine.data.sync = true (default)
2023-05-08 09:35:39,528 [pool-777-thread-1] INFO  server.RaftServerConfigKeys (ConfUtils.java:logGet(46)) - raft.server.log.statemachine.data.sync.timeout = 10s (default)
2023-05-08 09:35:39,528 [pool-777-thread-1] INFO  server.RaftServerConfigKeys (ConfUtils.java:logGet(46)) - raft.server.log.statemachine.data.sync.timeout.retry = -1 (default)
2023-05-08 09:35:39,532 [pool-777-thread-1] INFO  server.RaftServerConfigKeys (ConfUtils.java:logGet(46)) - raft.server.log.write.buffer.size = 1048576 (custom)
2023-05-08 09:35:39,534 [pool-777-thread-1] INFO  server.RaftServerConfigKeys (ConfUtils.java:logGet(46)) - raft.server.log.appender.buffer.byte-limit = 33554432 (custom)
2023-05-08 09:35:39,534 [EventQueue-OpenPipelineForHealthyPipelineSafeModeRule] INFO  safemode.SCMSafeModeManager (HealthyPipelineSafeModeRule.java:process(137)) - SCM in safe mode. Healthy pipelines reported count is 0, required healthy pipeline reported count is 1
2023-05-08 09:35:39,539 [pool-777-thread-1] INFO  server.RaftServerConfigKeys (ConfUtils.java:logGet(46)) - raft.server.log.unsafe-flush.enabled = false (default)
2023-05-08 09:35:39,539 [pool-777-thread-1] INFO  server.RaftServerConfigKeys (ConfUtils.java:logGet(46)) - raft.server.log.async-flush.enabled = false (default)
2023-05-08 09:35:39,539 [pool-777-thread-1] INFO  server.RaftServerConfigKeys (ConfUtils.java:logGet(46)) - raft.server.log.statemachine.data.caching.enabled = true (custom)
2023-05-08 09:35:39,539 [pool-777-thread-1] INFO  segmented.SegmentedRaftLogWorker (SegmentedRaftLogWorker.java:lambda$new$0(135)) - 3e648b14-2e89-4337-9925-6e41fa74934b@group-1E7200EA6119-SegmentedRaftLogWorker: flushIndex: setUnconditionally 0 -> -1
2023-05-08 09:35:39,539 [pool-777-thread-1] INFO  segmented.SegmentedRaftLogWorker (SegmentedRaftLogWorker.java:lambda$new$0(135)) - 3e648b14-2e89-4337-9925-6e41fa74934b@group-1E7200EA6119-SegmentedRaftLogWorker: safeCacheEvictIndex: setUnconditionally 0 -> -1
2023-05-08 09:35:39,540 [pool-777-thread-1] INFO  server.RaftServer$Division (RaftServerImpl.java:start(334)) - 3e648b14-2e89-4337-9925-6e41fa74934b@group-1E7200EA6119: start as a follower, conf=-1: peers:[3e648b14-2e89-4337-9925-6e41fa74934b|rpc:10.1.0.160:32919|dataStream:10.1.0.160:34191|priority:1|startupRole:FOLLOWER]|listeners:[], old=null
2023-05-08 09:35:39,540 [pool-777-thread-1] INFO  server.RaftServer$Division (RaftServerImpl.java:setRole(321)) - 3e648b14-2e89-4337-9925-6e41fa74934b@group-1E7200EA6119: changes role from      null to FOLLOWER at term 0 for startAsFollower
2023-05-08 09:35:39,540 [pool-777-thread-1] INFO  impl.RoleInfo (RoleInfo.java:updateAndGet(139)) - 3e648b14-2e89-4337-9925-6e41fa74934b: start 3e648b14-2e89-4337-9925-6e41fa74934b@group-1E7200EA6119-FollowerState
2023-05-08 09:35:39,541 [pool-777-thread-1] INFO  util.JmxRegister (JmxRegister.java:tryRegister(44)) - Successfully registered JMX Bean with object name Ratis:service=RaftServer,group=group-1E7200EA6119,id=3e648b14-2e89-4337-9925-6e41fa74934b
2023-05-08 09:35:39,541 [3e648b14-2e89-4337-9925-6e41fa74934b@group-1E7200EA6119-FollowerState] INFO  server.RaftServerConfigKeys (ConfUtils.java:logFallback(53)) - raft.server.rpc.first-election.timeout.min = 5s (fallback to raft.server.rpc.timeout.min)
2023-05-08 09:35:39,541 [pool-777-thread-1] INFO  server.RaftServerConfigKeys (ConfUtils.java:logGet(46)) - raft.server.snapshot.auto.trigger.enabled = true (custom)
2023-05-08 09:35:39,541 [3e648b14-2e89-4337-9925-6e41fa74934b@group-1E7200EA6119-FollowerState] INFO  server.RaftServerConfigKeys (ConfUtils.java:logFallback(53)) - raft.server.rpc.first-election.timeout.max = 5200ms (fallback to raft.server.rpc.timeout.max)
2023-05-08 09:35:39,541 [pool-777-thread-1] INFO  server.RaftServerConfigKeys (ConfUtils.java:logGet(46)) - raft.server.snapshot.auto.trigger.threshold = 10000 (custom)
2023-05-08 09:35:39,541 [pool-777-thread-1] INFO  server.RaftServerConfigKeys (ConfUtils.java:logGet(46)) - raft.server.snapshot.retention.file.num = 5 (custom)
2023-05-08 09:35:39,541 [pool-777-thread-1] INFO  server.RaftServerConfigKeys (ConfUtils.java:logGet(46)) - raft.server.log.purge.upto.snapshot.index = false (default)
2023-05-08 09:35:39,542 [Command processor thread] INFO  ratis.XceiverServerRatis (XceiverServerRatis.java:addGroup(806)) - Created group PipelineID=a3a38626-7e2f-4caa-b381-1e7200ea6119
2023-05-08 09:35:39,542 [Command processor thread] INFO  commandhandler.CreatePipelineCommandHandler (CreatePipelineCommandHandler.java:handle(113)) - Created Pipeline RATIS ONE PipelineID=a3a38626-7e2f-4caa-b381-1e7200ea6119.
2023-05-08 09:35:39,543 [Command processor thread] INFO  server.RaftServer (RaftServerProxy.java:addNew(96)) - 3e648b14-2e89-4337-9925-6e41fa74934b: addNew group-B156310CC313:[add4e6bd-fcc9-465d-bef9-bed764a13d1e|rpc:10.1.0.160:35941|dataStream:10.1.0.160:42367|priority:0|startupRole:FOLLOWER, 3e648b14-2e89-4337-9925-6e41fa74934b|rpc:10.1.0.160:32919|dataStream:10.1.0.160:34191|priority:1|startupRole:FOLLOWER, 3357f25e-fda2-4cb8-acb0-e93af4f54e63|rpc:10.1.0.160:40553|dataStream:10.1.0.160:42755|priority:0|startupRole:FOLLOWER] returns group-B156310CC313:java.util.concurrent.CompletableFuture@75381513[Not completed]
2023-05-08 09:35:39,544 [pool-777-thread-1] INFO  server.RaftServer$Division (RaftServerImpl.java:<init>(195)) - 3e648b14-2e89-4337-9925-6e41fa74934b: new RaftServerImpl for group-B156310CC313:[add4e6bd-fcc9-465d-bef9-bed764a13d1e|rpc:10.1.0.160:35941|dataStream:10.1.0.160:42367|priority:0|startupRole:FOLLOWER, 3e648b14-2e89-4337-9925-6e41fa74934b|rpc:10.1.0.160:32919|dataStream:10.1.0.160:34191|priority:1|startupRole:FOLLOWER, 3357f25e-fda2-4cb8-acb0-e93af4f54e63|rpc:10.1.0.160:40553|dataStream:10.1.0.160:42755|priority:0|startupRole:FOLLOWER] with ContainerStateMachine:uninitialized
2023-05-08 09:35:39,545 [pool-777-thread-1] INFO  server.RaftServerConfigKeys (ConfUtils.java:logGet(46)) - raft.server.rpc.timeout.min = 5s (custom)
2023-05-08 09:35:39,545 [pool-777-thread-1] INFO  server.RaftServerConfigKeys (ConfUtils.java:logGet(46)) - raft.server.rpc.timeout.max = 5200ms (custom)
2023-05-08 09:35:39,545 [pool-777-thread-1] INFO  server.RaftServerConfigKeys (ConfUtils.java:logGet(46)) - raft.server.rpc.sleep.time = 25ms (default)
2023-05-08 09:35:39,545 [pool-777-thread-1] INFO  server.RaftServerConfigKeys (ConfUtils.java:logGet(46)) - raft.server.rpc.slowness.timeout = 300s (custom)
2023-05-08 09:35:39,545 [pool-777-thread-1] INFO  server.RaftServerConfigKeys (ConfUtils.java:logGet(46)) - raft.server.leaderelection.leader.step-down.wait-time = 10s (default)
2023-05-08 09:35:39,545 [pool-777-thread-1] INFO  server.RaftServerConfigKeys (ConfUtils.java:logGet(46)) - raft.server.sleep.deviation.threshold = 300ms (default)
2023-05-08 09:35:39,545 [pool-777-thread-1] INFO  server.RaftServer$Division (ServerState.java:<init>(118)) - 3e648b14-2e89-4337-9925-6e41fa74934b@group-B156310CC313: ConfigurationManager, init=-1: peers:[add4e6bd-fcc9-465d-bef9-bed764a13d1e|rpc:10.1.0.160:35941|dataStream:10.1.0.160:42367|priority:0|startupRole:FOLLOWER, 3e648b14-2e89-4337-9925-6e41fa74934b|rpc:10.1.0.160:32919|dataStream:10.1.0.160:34191|priority:1|startupRole:FOLLOWER, 3357f25e-fda2-4cb8-acb0-e93af4f54e63|rpc:10.1.0.160:40553|dataStream:10.1.0.160:42755|priority:0|startupRole:FOLLOWER]|listeners:[], old=null, confs=<EMPTY_MAP>
2023-05-08 09:35:39,545 [pool-777-thread-1] INFO  server.RaftServerConfigKeys (ConfUtils.java:logGet(46)) - raft.server.storage.dir = [/home/runner/work/ozone/ozone/hadoop-ozone/integration-test/target/test-dir/MiniOzoneClusterImpl-be56a2d2-96e4-45d9-aa7d-4262bbd71717/datanode-0/data/ratis] (custom)
2023-05-08 09:35:39,545 [pool-777-thread-1] INFO  server.RaftServerConfigKeys (ConfUtils.java:logGet(46)) - raft.server.log.corruption.policy = EXCEPTION (default)
2023-05-08 09:35:39,545 [pool-777-thread-1] INFO  server.RaftServerConfigKeys (ConfUtils.java:logGet(46)) - raft.server.storage.free-space.min = 0MB (=0) (default)
2023-05-08 09:35:39,545 [pool-777-thread-1] INFO  server.RaftServerConfigKeys (ConfUtils.java:logGet(46)) - raft.server.notification.no-leader.timeout = 300s (custom)
2023-05-08 09:35:39,545 [pool-777-thread-1] INFO  server.RaftServerConfigKeys (ConfUtils.java:logGet(46)) - raft.server.retrycache.expirytime = 600000ms (custom)
2023-05-08 09:35:39,545 [pool-777-thread-1] INFO  server.RaftServerConfigKeys (ConfUtils.java:logGet(46)) - raft.server.retrycache.statistics.expirytime = 100μs (default)
2023-05-08 09:35:39,546 [pool-777-thread-1] INFO  server.RaftServerConfigKeys (ConfUtils.java:logGet(46)) - raft.server.log.appender.install.snapshot.enabled = false (custom)
2023-05-08 09:35:39,546 [pool-777-thread-1] INFO  server.RaftServerConfigKeys (ConfUtils.java:logGet(46)) - raft.server.threadpool.server.cached = true (default)
2023-05-08 09:35:39,546 [pool-777-thread-1] INFO  server.RaftServerConfigKeys (ConfUtils.java:logGet(46)) - raft.server.threadpool.server.size = 0 (default)
2023-05-08 09:35:39,546 [pool-777-thread-1] INFO  server.RaftServerConfigKeys (ConfUtils.java:logGet(46)) - raft.server.threadpool.client.cached = true (default)
2023-05-08 09:35:39,546 [pool-777-thread-1] INFO  server.RaftServerConfigKeys (ConfUtils.java:logGet(46)) - raft.server.threadpool.client.size = 0 (default)
2023-05-08 09:35:39,546 [pool-777-thread-1] INFO  storage.RaftStorageDirectory (RaftStorageDirectoryImpl.java:analyzeStorage(137)) - The storage directory /home/runner/work/ozone/ozone/hadoop-ozone/integration-test/target/test-dir/MiniOzoneClusterImpl-be56a2d2-96e4-45d9-aa7d-4262bbd71717/datanode-0/data/ratis/33ff71bb-ea09-45cc-98c3-b156310cc313 does not exist. Creating ...
2023-05-08 09:35:39,547 [pool-777-thread-1] INFO  storage.RaftStorageDirectory (RaftStorageDirectoryImpl.java:tryLock(231)) - Lock on /home/runner/work/ozone/ozone/hadoop-ozone/integration-test/target/test-dir/MiniOzoneClusterImpl-be56a2d2-96e4-45d9-aa7d-4262bbd71717/datanode-0/data/ratis/33ff71bb-ea09-45cc-98c3-b156310cc313/in_use.lock acquired by nodename 7572@fv-az96-539
2023-05-08 09:35:39,549 [pool-777-thread-1] INFO  storage.RaftStorage (RaftStorageImpl.java:format(96)) - Storage directory /home/runner/work/ozone/ozone/hadoop-ozone/integration-test/target/test-dir/MiniOzoneClusterImpl-be56a2d2-96e4-45d9-aa7d-4262bbd71717/datanode-0/data/ratis/33ff71bb-ea09-45cc-98c3-b156310cc313 has been successfully formatted.
2023-05-08 09:35:39,549 [pool-777-thread-1] INFO  ratis.ContainerStateMachine (ContainerStateMachine.java:loadSnapshot(262)) - group-B156310CC313: The snapshot info is null. Setting the last applied indexto:(t:0, i:~)
2023-05-08 09:35:39,549 [pool-777-thread-1] INFO  server.RaftServerConfigKeys (ConfUtils.java:logGet(46)) - raft.server.log.use.memory = false (default)
2023-05-08 09:35:39,550 [EventQueue-OpenPipelineForHealthyPipelineSafeModeRule] INFO  safemode.SCMSafeModeManager (HealthyPipelineSafeModeRule.java:process(137)) - SCM in safe mode. Healthy pipelines reported count is 0, required healthy pipeline reported count is 1
2023-05-08 09:35:39,553 [pool-777-thread-1] INFO  server.RaftServerConfigKeys (ConfUtils.java:logGet(46)) - raft.server.log.purge.gap = 1000000 (custom)
2023-05-08 09:35:39,554 [pool-777-thread-1] INFO  server.RaftServerConfigKeys (ConfUtils.java:logGet(46)) - raft.server.log.appender.buffer.byte-limit = 33554432 (custom)
2023-05-08 09:35:39,554 [pool-777-thread-1] INFO  server.RaftServerConfigKeys (ConfUtils.java:logGet(46)) - raft.server.log.statemachine.data.read.timeout = 1000ms (default)
2023-05-08 09:35:39,554 [pool-777-thread-1] INFO  server.RaftServerConfigKeys (ConfUtils.java:logGet(46)) - raft.server.log.purge.preservation.log.num = 0 (default)
2023-05-08 09:35:39,554 [pool-777-thread-1] INFO  server.RaftServerConfigKeys (ConfUtils.java:logGet(46)) - raft.server.log.segment.size.max = 1048576 (custom)
2023-05-08 09:35:39,554 [pool-777-thread-1] INFO  server.RaftServerConfigKeys (ConfUtils.java:logGet(46)) - raft.server.log.segment.cache.num.max = 2 (custom)
2023-05-08 09:35:39,554 [pool-777-thread-1] INFO  server.RaftServerConfigKeys (ConfUtils.java:logGet(46)) - raft.server.log.segment.cache.size.max = 200MB (=209715200) (default)
2023-05-08 09:35:39,554 [pool-777-thread-1] INFO  segmented.SegmentedRaftLogWorker (SegmentedRaftLogWorker.java:<init>(189)) - new 3e648b14-2e89-4337-9925-6e41fa74934b@group-B156310CC313-SegmentedRaftLogWorker for RaftStorageImpl:Storage Directory /home/runner/work/ozone/ozone/hadoop-ozone/integration-test/target/test-dir/MiniOzoneClusterImpl-be56a2d2-96e4-45d9-aa7d-4262bbd71717/datanode-0/data/ratis/33ff71bb-ea09-45cc-98c3-b156310cc313
2023-05-08 09:35:39,554 [pool-777-thread-1] INFO  server.RaftServerConfigKeys (ConfUtils.java:logGet(46)) - raft.server.log.queue.byte-limit = 4294967296 (custom)
2023-05-08 09:35:39,554 [pool-777-thread-1] INFO  server.RaftServerConfigKeys (ConfUtils.java:logGet(46)) - raft.server.log.queue.element-limit = 1024 (custom)
2023-05-08 09:35:39,554 [pool-777-thread-1] INFO  server.RaftServerConfigKeys (ConfUtils.java:logGet(46)) - raft.server.log.segment.size.max = 1048576 (custom)
2023-05-08 09:35:39,554 [pool-777-thread-1] INFO  server.RaftServerConfigKeys (ConfUtils.java:logGet(46)) - raft.server.log.preallocated.size = 16384 (custom)
2023-05-08 09:35:39,554 [pool-777-thread-1] INFO  server.RaftServerConfigKeys (ConfUtils.java:logGet(46)) - raft.server.log.force.sync.num = 128 (default)
2023-05-08 09:35:39,554 [pool-777-thread-1] INFO  server.RaftServerConfigKeys (ConfUtils.java:logGet(46)) - raft.server.log.statemachine.data.sync = true (default)
2023-05-08 09:35:39,555 [pool-777-thread-1] INFO  server.RaftServerConfigKeys (ConfUtils.java:logGet(46)) - raft.server.log.statemachine.data.sync.timeout = 10s (default)
2023-05-08 09:35:39,555 [pool-777-thread-1] INFO  server.RaftServerConfigKeys (ConfUtils.java:logGet(46)) - raft.server.log.statemachine.data.sync.timeout.retry = -1 (default)
2023-05-08 09:35:39,556 [pool-777-thread-1] INFO  server.RaftServerConfigKeys (ConfUtils.java:logGet(46)) - raft.server.log.write.buffer.size = 1048576 (custom)
2023-05-08 09:35:39,556 [pool-777-thread-1] INFO  server.RaftServerConfigKeys (ConfUtils.java:logGet(46)) - raft.server.log.appender.buffer.byte-limit = 33554432 (custom)
2023-05-08 09:35:39,562 [pool-777-thread-1] INFO  server.RaftServerConfigKeys (ConfUtils.java:logGet(46)) - raft.server.log.unsafe-flush.enabled = false (default)
2023-05-08 09:35:39,562 [pool-777-thread-1] INFO  server.RaftServerConfigKeys (ConfUtils.java:logGet(46)) - raft.server.log.async-flush.enabled = false (default)
2023-05-08 09:35:39,562 [pool-777-thread-1] INFO  server.RaftServerConfigKeys (ConfUtils.java:logGet(46)) - raft.server.log.statemachine.data.caching.enabled = true (custom)
2023-05-08 09:35:39,563 [pool-777-thread-1] INFO  segmented.SegmentedRaftLogWorker (SegmentedRaftLogWorker.java:lambda$new$0(135)) - 3e648b14-2e89-4337-9925-6e41fa74934b@group-B156310CC313-SegmentedRaftLogWorker: flushIndex: setUnconditionally 0 -> -1
2023-05-08 09:35:39,563 [pool-777-thread-1] INFO  segmented.SegmentedRaftLogWorker (SegmentedRaftLogWorker.java:lambda$new$0(135)) - 3e648b14-2e89-4337-9925-6e41fa74934b@group-B156310CC313-SegmentedRaftLogWorker: safeCacheEvictIndex: setUnconditionally 0 -> -1
2023-05-08 09:35:39,563 [pool-777-thread-1] INFO  server.RaftServer$Division (RaftServerImpl.java:start(334)) - 3e648b14-2e89-4337-9925-6e41fa74934b@group-B156310CC313: start as a follower, conf=-1: peers:[add4e6bd-fcc9-465d-bef9-bed764a13d1e|rpc:10.1.0.160:35941|dataStream:10.1.0.160:42367|priority:0|startupRole:FOLLOWER, 3e648b14-2e89-4337-9925-6e41fa74934b|rpc:10.1.0.160:32919|dataStream:10.1.0.160:34191|priority:1|startupRole:FOLLOWER, 3357f25e-fda2-4cb8-acb0-e93af4f54e63|rpc:10.1.0.160:40553|dataStream:10.1.0.160:42755|priority:0|startupRole:FOLLOWER]|listeners:[], old=null
2023-05-08 09:35:39,563 [pool-777-thread-1] INFO  server.RaftServer$Division (RaftServerImpl.java:setRole(321)) - 3e648b14-2e89-4337-9925-6e41fa74934b@group-B156310CC313: changes role from      null to FOLLOWER at term 0 for startAsFollower
2023-05-08 09:35:39,563 [pool-777-thread-1] INFO  impl.RoleInfo (RoleInfo.java:updateAndGet(139)) - 3e648b14-2e89-4337-9925-6e41fa74934b: start 3e648b14-2e89-4337-9925-6e41fa74934b@group-B156310CC313-FollowerState
2023-05-08 09:35:39,563 [pool-777-thread-1] INFO  util.JmxRegister (JmxRegister.java:tryRegister(44)) - Successfully registered JMX Bean with object name Ratis:service=RaftServer,group=group-B156310CC313,id=3e648b14-2e89-4337-9925-6e41fa74934b
2023-05-08 09:35:39,563 [pool-777-thread-1] INFO  server.RaftServerConfigKeys (ConfUtils.java:logGet(46)) - raft.server.snapshot.auto.trigger.enabled = true (custom)
2023-05-08 09:35:39,563 [pool-777-thread-1] INFO  server.RaftServerConfigKeys (ConfUtils.java:logGet(46)) - raft.server.snapshot.auto.trigger.threshold = 10000 (custom)
2023-05-08 09:35:39,563 [pool-777-thread-1] INFO  server.RaftServerConfigKeys (ConfUtils.java:logGet(46)) - raft.server.snapshot.retention.file.num = 5 (custom)
2023-05-08 09:35:39,563 [pool-777-thread-1] INFO  server.RaftServerConfigKeys (ConfUtils.java:logGet(46)) - raft.server.log.purge.upto.snapshot.index = false (default)
2023-05-08 09:35:39,564 [3e648b14-2e89-4337-9925-6e41fa74934b@group-B156310CC313-FollowerState] INFO  server.RaftServerConfigKeys (ConfUtils.java:logFallback(53)) - raft.server.rpc.first-election.timeout.min = 5s (fallback to raft.server.rpc.timeout.min)
2023-05-08 09:35:39,564 [3e648b14-2e89-4337-9925-6e41fa74934b@group-B156310CC313-FollowerState] INFO  server.RaftServerConfigKeys (ConfUtils.java:logFallback(53)) - raft.server.rpc.first-election.timeout.max = 5200ms (fallback to raft.server.rpc.timeout.max)
2023-05-08 09:35:39,564 [Command processor thread] INFO  ratis.XceiverServerRatis (XceiverServerRatis.java:addGroup(806)) - Created group PipelineID=33ff71bb-ea09-45cc-98c3-b156310cc313
2023-05-08 09:35:39,592 [grpc-default-executor-0] INFO  server.RaftServer (RaftServerProxy.java:addNew(96)) - add4e6bd-fcc9-465d-bef9-bed764a13d1e: addNew group-B156310CC313:[add4e6bd-fcc9-465d-bef9-bed764a13d1e|rpc:10.1.0.160:35941|dataStream:10.1.0.160:42367|priority:0|startupRole:FOLLOWER, 3e648b14-2e89-4337-9925-6e41fa74934b|rpc:10.1.0.160:32919|dataStream:10.1.0.160:34191|priority:1|startupRole:FOLLOWER, 3357f25e-fda2-4cb8-acb0-e93af4f54e63|rpc:10.1.0.160:40553|dataStream:10.1.0.160:42755|priority:0|startupRole:FOLLOWER] returns group-B156310CC313:java.util.concurrent.CompletableFuture@bd691b8[Not completed]
2023-05-08 09:35:39,594 [pool-799-thread-1] INFO  server.RaftServer$Division (RaftServerImpl.java:<init>(195)) - add4e6bd-fcc9-465d-bef9-bed764a13d1e: new RaftServerImpl for group-B156310CC313:[add4e6bd-fcc9-465d-bef9-bed764a13d1e|rpc:10.1.0.160:35941|dataStream:10.1.0.160:42367|priority:0|startupRole:FOLLOWER, 3e648b14-2e89-4337-9925-6e41fa74934b|rpc:10.1.0.160:32919|dataStream:10.1.0.160:34191|priority:1|startupRole:FOLLOWER, 3357f25e-fda2-4cb8-acb0-e93af4f54e63|rpc:10.1.0.160:40553|dataStream:10.1.0.160:42755|priority:0|startupRole:FOLLOWER] with ContainerStateMachine:uninitialized
2023-05-08 09:35:39,594 [pool-799-thread-1] INFO  server.RaftServerConfigKeys (ConfUtils.java:logGet(46)) - raft.server.rpc.timeout.min = 5s (custom)
2023-05-08 09:35:39,594 [pool-799-thread-1] INFO  server.RaftServerConfigKeys (ConfUtils.java:logGet(46)) - raft.server.rpc.timeout.max = 5200ms (custom)
2023-05-08 09:35:39,594 [pool-799-thread-1] INFO  server.RaftServerConfigKeys (ConfUtils.java:logGet(46)) - raft.server.rpc.sleep.time = 25ms (default)
2023-05-08 09:35:39,594 [pool-799-thread-1] INFO  server.RaftServerConfigKeys (ConfUtils.java:logGet(46)) - raft.server.rpc.slowness.timeout = 300s (custom)
2023-05-08 09:35:39,594 [pool-799-thread-1] INFO  server.RaftServerConfigKeys (ConfUtils.java:logGet(46)) - raft.server.leaderelection.leader.step-down.wait-time = 10s (default)
2023-05-08 09:35:39,594 [pool-799-thread-1] INFO  server.RaftServerConfigKeys (ConfUtils.java:logGet(46)) - raft.server.sleep.deviation.threshold = 300ms (default)
2023-05-08 09:35:39,594 [pool-799-thread-1] INFO  server.RaftServer$Division (ServerState.java:<init>(118)) - add4e6bd-fcc9-465d-bef9-bed764a13d1e@group-B156310CC313: ConfigurationManager, init=-1: peers:[add4e6bd-fcc9-465d-bef9-bed764a13d1e|rpc:10.1.0.160:35941|dataStream:10.1.0.160:42367|priority:0|startupRole:FOLLOWER, 3e648b14-2e89-4337-9925-6e41fa74934b|rpc:10.1.0.160:32919|dataStream:10.1.0.160:34191|priority:1|startupRole:FOLLOWER, 3357f25e-fda2-4cb8-acb0-e93af4f54e63|rpc:10.1.0.160:40553|dataStream:10.1.0.160:42755|priority:0|startupRole:FOLLOWER]|listeners:[], old=null, confs=<EMPTY_MAP>
2023-05-08 09:35:39,594 [pool-799-thread-1] INFO  server.RaftServerConfigKeys (ConfUtils.java:logGet(46)) - raft.server.storage.dir = [/home/runner/work/ozone/ozone/hadoop-ozone/integration-test/target/test-dir/MiniOzoneClusterImpl-be56a2d2-96e4-45d9-aa7d-4262bbd71717/datanode-1/data/ratis] (custom)
2023-05-08 09:35:39,594 [pool-799-thread-1] INFO  server.RaftServerConfigKeys (ConfUtils.java:logGet(46)) - raft.server.log.corruption.policy = EXCEPTION (default)
2023-05-08 09:35:39,594 [pool-799-thread-1] INFO  server.RaftServerConfigKeys (ConfUtils.java:logGet(46)) - raft.server.storage.free-space.min = 0MB (=0) (default)
2023-05-08 09:35:39,594 [pool-799-thread-1] INFO  server.RaftServerConfigKeys (ConfUtils.java:logGet(46)) - raft.server.notification.no-leader.timeout = 300s (custom)
2023-05-08 09:35:39,594 [pool-799-thread-1] INFO  server.RaftServerConfigKeys (ConfUtils.java:logGet(46)) - raft.server.retrycache.expirytime = 600000ms (custom)
2023-05-08 09:35:39,594 [pool-799-thread-1] INFO  server.RaftServerConfigKeys (ConfUtils.java:logGet(46)) - raft.server.retrycache.statistics.expirytime = 100μs (default)
2023-05-08 09:35:39,595 [pool-799-thread-1] INFO  server.RaftServerConfigKeys (ConfUtils.java:logGet(46)) - raft.server.log.appender.install.snapshot.enabled = false (custom)
2023-05-08 09:35:39,595 [pool-799-thread-1] INFO  server.RaftServerConfigKeys (ConfUtils.java:logGet(46)) - raft.server.threadpool.server.cached = true (default)
2023-05-08 09:35:39,595 [pool-799-thread-1] INFO  server.RaftServerConfigKeys (ConfUtils.java:logGet(46)) - raft.server.threadpool.server.size = 0 (default)
2023-05-08 09:35:39,595 [pool-799-thread-1] INFO  server.RaftServerConfigKeys (ConfUtils.java:logGet(46)) - raft.server.threadpool.client.cached = true (default)
2023-05-08 09:35:39,595 [pool-799-thread-1] INFO  server.RaftServerConfigKeys (ConfUtils.java:logGet(46)) - raft.server.threadpool.client.size = 0 (default)
2023-05-08 09:35:39,595 [pool-799-thread-1] INFO  storage.RaftStorageDirectory (RaftStorageDirectoryImpl.java:analyzeStorage(137)) - The storage directory /home/runner/work/ozone/ozone/hadoop-ozone/integration-test/target/test-dir/MiniOzoneClusterImpl-be56a2d2-96e4-45d9-aa7d-4262bbd71717/datanode-1/data/ratis/33ff71bb-ea09-45cc-98c3-b156310cc313 does not exist. Creating ...
2023-05-08 09:35:39,598 [pool-799-thread-1] INFO  storage.RaftStorageDirectory (RaftStorageDirectoryImpl.java:tryLock(231)) - Lock on /home/runner/work/ozone/ozone/hadoop-ozone/integration-test/target/test-dir/MiniOzoneClusterImpl-be56a2d2-96e4-45d9-aa7d-4262bbd71717/datanode-1/data/ratis/33ff71bb-ea09-45cc-98c3-b156310cc313/in_use.lock acquired by nodename 7572@fv-az96-539
2023-05-08 09:35:39,600 [pool-799-thread-1] INFO  storage.RaftStorage (RaftStorageImpl.java:format(96)) - Storage directory /home/runner/work/ozone/ozone/hadoop-ozone/integration-test/target/test-dir/MiniOzoneClusterImpl-be56a2d2-96e4-45d9-aa7d-4262bbd71717/datanode-1/data/ratis/33ff71bb-ea09-45cc-98c3-b156310cc313 has been successfully formatted.
2023-05-08 09:35:39,601 [pool-799-thread-1] INFO  ratis.ContainerStateMachine (ContainerStateMachine.java:loadSnapshot(262)) - group-B156310CC313: The snapshot info is null. Setting the last applied indexto:(t:0, i:~)
2023-05-08 09:35:39,601 [pool-799-thread-1] INFO  server.RaftServerConfigKeys (ConfUtils.java:logGet(46)) - raft.server.log.use.memory = false (default)
2023-05-08 09:35:39,601 [pool-799-thread-1] INFO  server.RaftServerConfigKeys (ConfUtils.java:logGet(46)) - raft.server.log.purge.gap = 1000000 (custom)
2023-05-08 09:35:39,601 [pool-799-thread-1] INFO  server.RaftServerConfigKeys (ConfUtils.java:logGet(46)) - raft.server.log.appender.buffer.byte-limit = 33554432 (custom)
2023-05-08 09:35:39,601 [pool-799-thread-1] INFO  server.RaftServerConfigKeys (ConfUtils.java:logGet(46)) - raft.server.log.statemachine.data.read.timeout = 1000ms (default)
2023-05-08 09:35:39,601 [pool-799-thread-1] INFO  server.RaftServerConfigKeys (ConfUtils.java:logGet(46)) - raft.server.log.purge.preservation.log.num = 0 (default)
2023-05-08 09:35:39,601 [pool-799-thread-1] INFO  server.RaftServerConfigKeys (ConfUtils.java:logGet(46)) - raft.server.log.segment.size.max = 1048576 (custom)
2023-05-08 09:35:39,601 [pool-799-thread-1] INFO  server.RaftServerConfigKeys (ConfUtils.java:logGet(46)) - raft.server.log.segment.cache.num.max = 2 (custom)
2023-05-08 09:35:39,601 [pool-799-thread-1] INFO  server.RaftServerConfigKeys (ConfUtils.java:logGet(46)) - raft.server.log.segment.cache.size.max = 200MB (=209715200) (default)
2023-05-08 09:35:39,604 [pool-799-thread-1] INFO  segmented.SegmentedRaftLogWorker (SegmentedRaftLogWorker.java:<init>(189)) - new add4e6bd-fcc9-465d-bef9-bed764a13d1e@group-B156310CC313-SegmentedRaftLogWorker for RaftStorageImpl:Storage Directory /home/runner/work/ozone/ozone/hadoop-ozone/integration-test/target/test-dir/MiniOzoneClusterImpl-be56a2d2-96e4-45d9-aa7d-4262bbd71717/datanode-1/data/ratis/33ff71bb-ea09-45cc-98c3-b156310cc313
2023-05-08 09:35:39,604 [pool-799-thread-1] INFO  server.RaftServerConfigKeys (ConfUtils.java:logGet(46)) - raft.server.log.queue.byte-limit = 4294967296 (custom)
2023-05-08 09:35:39,604 [pool-799-thread-1] INFO  server.RaftServerConfigKeys (ConfUtils.java:logGet(46)) - raft.server.log.queue.element-limit = 1024 (custom)
2023-05-08 09:35:39,604 [pool-799-thread-1] INFO  server.RaftServerConfigKeys (ConfUtils.java:logGet(46)) - raft.server.log.segment.size.max = 1048576 (custom)
2023-05-08 09:35:39,604 [pool-799-thread-1] INFO  server.RaftServerConfigKeys (ConfUtils.java:logGet(46)) - raft.server.log.preallocated.size = 16384 (custom)
2023-05-08 09:35:39,604 [pool-799-thread-1] INFO  server.RaftServerConfigKeys (ConfUtils.java:logGet(46)) - raft.server.log.force.sync.num = 128 (default)
2023-05-08 09:35:39,604 [pool-799-thread-1] INFO  server.RaftServerConfigKeys (ConfUtils.java:logGet(46)) - raft.server.log.statemachine.data.sync = true (default)
2023-05-08 09:35:39,604 [pool-799-thread-1] INFO  server.RaftServerConfigKeys (ConfUtils.java:logGet(46)) - raft.server.log.statemachine.data.sync.timeout = 10s (default)
2023-05-08 09:35:39,604 [pool-799-thread-1] INFO  server.RaftServerConfigKeys (ConfUtils.java:logGet(46)) - raft.server.log.statemachine.data.sync.timeout.retry = -1 (default)
2023-05-08 09:35:39,604 [pool-799-thread-1] INFO  server.RaftServerConfigKeys (ConfUtils.java:logGet(46)) - raft.server.log.write.buffer.size = 1048576 (custom)
2023-05-08 09:35:39,605 [pool-799-thread-1] INFO  server.RaftServerConfigKeys (ConfUtils.java:logGet(46)) - raft.server.log.appender.buffer.byte-limit = 33554432 (custom)
2023-05-08 09:35:39,609 [pool-799-thread-1] INFO  server.RaftServerConfigKeys (ConfUtils.java:logGet(46)) - raft.server.log.unsafe-flush.enabled = false (default)
2023-05-08 09:35:39,609 [pool-799-thread-1] INFO  server.RaftServerConfigKeys (ConfUtils.java:logGet(46)) - raft.server.log.async-flush.enabled = false (default)
2023-05-08 09:35:39,609 [pool-799-thread-1] INFO  server.RaftServerConfigKeys (ConfUtils.java:logGet(46)) - raft.server.log.statemachine.data.caching.enabled = true (custom)
2023-05-08 09:35:39,610 [pool-799-thread-1] INFO  segmented.SegmentedRaftLogWorker (SegmentedRaftLogWorker.java:lambda$new$0(135)) - add4e6bd-fcc9-465d-bef9-bed764a13d1e@group-B156310CC313-SegmentedRaftLogWorker: flushIndex: setUnconditionally 0 -> -1
2023-05-08 09:35:39,610 [pool-799-thread-1] INFO  segmented.SegmentedRaftLogWorker (SegmentedRaftLogWorker.java:lambda$new$0(135)) - add4e6bd-fcc9-465d-bef9-bed764a13d1e@group-B156310CC313-SegmentedRaftLogWorker: safeCacheEvictIndex: setUnconditionally 0 -> -1
2023-05-08 09:35:39,610 [pool-799-thread-1] INFO  server.RaftServer$Division (RaftServerImpl.java:start(334)) - add4e6bd-fcc9-465d-bef9-bed764a13d1e@group-B156310CC313: start as a follower, conf=-1: peers:[add4e6bd-fcc9-465d-bef9-bed764a13d1e|rpc:10.1.0.160:35941|dataStream:10.1.0.160:42367|priority:0|startupRole:FOLLOWER, 3e648b14-2e89-4337-9925-6e41fa74934b|rpc:10.1.0.160:32919|dataStream:10.1.0.160:34191|priority:1|startupRole:FOLLOWER, 3357f25e-fda2-4cb8-acb0-e93af4f54e63|rpc:10.1.0.160:40553|dataStream:10.1.0.160:42755|priority:0|startupRole:FOLLOWER]|listeners:[], old=null
2023-05-08 09:35:39,610 [pool-799-thread-1] INFO  server.RaftServer$Division (RaftServerImpl.java:setRole(321)) - add4e6bd-fcc9-465d-bef9-bed764a13d1e@group-B156310CC313: changes role from      null to FOLLOWER at term 0 for startAsFollower
2023-05-08 09:35:39,610 [pool-799-thread-1] INFO  impl.RoleInfo (RoleInfo.java:updateAndGet(139)) - add4e6bd-fcc9-465d-bef9-bed764a13d1e: start add4e6bd-fcc9-465d-bef9-bed764a13d1e@group-B156310CC313-FollowerState
2023-05-08 09:35:39,610 [pool-799-thread-1] INFO  util.JmxRegister (JmxRegister.java:tryRegister(44)) - Successfully registered JMX Bean with object name Ratis:service=RaftServer,group=group-B156310CC313,id=add4e6bd-fcc9-465d-bef9-bed764a13d1e
2023-05-08 09:35:39,610 [pool-799-thread-1] INFO  server.RaftServerConfigKeys (ConfUtils.java:logGet(46)) - raft.server.snapshot.auto.trigger.enabled = true (custom)
2023-05-08 09:35:39,611 [pool-799-thread-1] INFO  server.RaftServerConfigKeys (ConfUtils.java:logGet(46)) - raft.server.snapshot.auto.trigger.threshold = 10000 (custom)
2023-05-08 09:35:39,611 [pool-799-thread-1] INFO  server.RaftServerConfigKeys (ConfUtils.java:logGet(46)) - raft.server.snapshot.retention.file.num = 5 (custom)
2023-05-08 09:35:39,611 [pool-799-thread-1] INFO  server.RaftServerConfigKeys (ConfUtils.java:logGet(46)) - raft.server.log.purge.upto.snapshot.index = false (default)
2023-05-08 09:35:39,611 [add4e6bd-fcc9-465d-bef9-bed764a13d1e@group-B156310CC313-FollowerState] INFO  server.RaftServerConfigKeys (ConfUtils.java:logFallback(53)) - raft.server.rpc.first-election.timeout.min = 5s (fallback to raft.server.rpc.timeout.min)
2023-05-08 09:35:39,611 [add4e6bd-fcc9-465d-bef9-bed764a13d1e@group-B156310CC313-FollowerState] INFO  server.RaftServerConfigKeys (ConfUtils.java:logFallback(53)) - raft.server.rpc.first-election.timeout.max = 5200ms (fallback to raft.server.rpc.timeout.max)
2023-05-08 09:35:39,627 [grpc-default-executor-0] INFO  server.RaftServer (RaftServerProxy.java:addNew(96)) - 3357f25e-fda2-4cb8-acb0-e93af4f54e63: addNew group-B156310CC313:[add4e6bd-fcc9-465d-bef9-bed764a13d1e|rpc:10.1.0.160:35941|dataStream:10.1.0.160:42367|priority:0|startupRole:FOLLOWER, 3e648b14-2e89-4337-9925-6e41fa74934b|rpc:10.1.0.160:32919|dataStream:10.1.0.160:34191|priority:1|startupRole:FOLLOWER, 3357f25e-fda2-4cb8-acb0-e93af4f54e63|rpc:10.1.0.160:40553|dataStream:10.1.0.160:42755|priority:0|startupRole:FOLLOWER] returns group-B156310CC313:java.util.concurrent.CompletableFuture@7d29c1a5[Not completed]
2023-05-08 09:35:39,628 [pool-821-thread-1] INFO  server.RaftServer$Division (RaftServerImpl.java:<init>(195)) - 3357f25e-fda2-4cb8-acb0-e93af4f54e63: new RaftServerImpl for group-B156310CC313:[add4e6bd-fcc9-465d-bef9-bed764a13d1e|rpc:10.1.0.160:35941|dataStream:10.1.0.160:42367|priority:0|startupRole:FOLLOWER, 3e648b14-2e89-4337-9925-6e41fa74934b|rpc:10.1.0.160:32919|dataStream:10.1.0.160:34191|priority:1|startupRole:FOLLOWER, 3357f25e-fda2-4cb8-acb0-e93af4f54e63|rpc:10.1.0.160:40553|dataStream:10.1.0.160:42755|priority:0|startupRole:FOLLOWER] with ContainerStateMachine:uninitialized
2023-05-08 09:35:39,628 [pool-821-thread-1] INFO  server.RaftServerConfigKeys (ConfUtils.java:logGet(46)) - raft.server.rpc.timeout.min = 5s (custom)
2023-05-08 09:35:39,628 [pool-821-thread-1] INFO  server.RaftServerConfigKeys (ConfUtils.java:logGet(46)) - raft.server.rpc.timeout.max = 5200ms (custom)
2023-05-08 09:35:39,628 [pool-821-thread-1] INFO  server.RaftServerConfigKeys (ConfUtils.java:logGet(46)) - raft.server.rpc.sleep.time = 25ms (default)
2023-05-08 09:35:39,628 [pool-821-thread-1] INFO  server.RaftServerConfigKeys (ConfUtils.java:logGet(46)) - raft.server.rpc.slowness.timeout = 300s (custom)
2023-05-08 09:35:39,628 [pool-821-thread-1] INFO  server.RaftServerConfigKeys (ConfUtils.java:logGet(46)) - raft.server.leaderelection.leader.step-down.wait-time = 10s (default)
2023-05-08 09:35:39,628 [pool-821-thread-1] INFO  server.RaftServerConfigKeys (ConfUtils.java:logGet(46)) - raft.server.sleep.deviation.threshold = 300ms (default)
2023-05-08 09:35:39,628 [pool-821-thread-1] INFO  server.RaftServer$Division (ServerState.java:<init>(118)) - 3357f25e-fda2-4cb8-acb0-e93af4f54e63@group-B156310CC313: ConfigurationManager, init=-1: peers:[add4e6bd-fcc9-465d-bef9-bed764a13d1e|rpc:10.1.0.160:35941|dataStream:10.1.0.160:42367|priority:0|startupRole:FOLLOWER, 3e648b14-2e89-4337-9925-6e41fa74934b|rpc:10.1.0.160:32919|dataStream:10.1.0.160:34191|priority:1|startupRole:FOLLOWER, 3357f25e-fda2-4cb8-acb0-e93af4f54e63|rpc:10.1.0.160:40553|dataStream:10.1.0.160:42755|priority:0|startupRole:FOLLOWER]|listeners:[], old=null, confs=<EMPTY_MAP>
2023-05-08 09:35:39,628 [pool-821-thread-1] INFO  server.RaftServerConfigKeys (ConfUtils.java:logGet(46)) - raft.server.storage.dir = [/home/runner/work/ozone/ozone/hadoop-ozone/integration-test/target/test-dir/MiniOzoneClusterImpl-be56a2d2-96e4-45d9-aa7d-4262bbd71717/datanode-2/data/ratis] (custom)
2023-05-08 09:35:39,628 [pool-821-thread-1] INFO  server.RaftServerConfigKeys (ConfUtils.java:logGet(46)) - raft.server.log.corruption.policy = EXCEPTION (default)
2023-05-08 09:35:39,628 [pool-821-thread-1] INFO  server.RaftServerConfigKeys (ConfUtils.java:logGet(46)) - raft.server.storage.free-space.min = 0MB (=0) (default)
2023-05-08 09:35:39,629 [pool-821-thread-1] INFO  server.RaftServerConfigKeys (ConfUtils.java:logGet(46)) - raft.server.notification.no-leader.timeout = 300s (custom)
2023-05-08 09:35:39,629 [pool-821-thread-1] INFO  server.RaftServerConfigKeys (ConfUtils.java:logGet(46)) - raft.server.retrycache.expirytime = 600000ms (custom)
2023-05-08 09:35:39,629 [pool-821-thread-1] INFO  server.RaftServerConfigKeys (ConfUtils.java:logGet(46)) - raft.server.retrycache.statistics.expirytime = 100μs (default)
2023-05-08 09:35:39,629 [pool-821-thread-1] INFO  server.RaftServerConfigKeys (ConfUtils.java:logGet(46)) - raft.server.log.appender.install.snapshot.enabled = false (custom)
2023-05-08 09:35:39,629 [pool-821-thread-1] INFO  server.RaftServerConfigKeys (ConfUtils.java:logGet(46)) - raft.server.threadpool.server.cached = true (default)
2023-05-08 09:35:39,629 [pool-821-thread-1] INFO  server.RaftServerConfigKeys (ConfUtils.java:logGet(46)) - raft.server.threadpool.server.size = 0 (default)
2023-05-08 09:35:39,629 [pool-821-thread-1] INFO  server.RaftServerConfigKeys (ConfUtils.java:logGet(46)) - raft.server.threadpool.client.cached = true (default)
2023-05-08 09:35:39,629 [pool-821-thread-1] INFO  server.RaftServerConfigKeys (ConfUtils.java:logGet(46)) - raft.server.threadpool.client.size = 0 (default)
2023-05-08 09:35:39,629 [pool-821-thread-1] INFO  storage.RaftStorageDirectory (RaftStorageDirectoryImpl.java:analyzeStorage(137)) - The storage directory /home/runner/work/ozone/ozone/hadoop-ozone/integration-test/target/test-dir/MiniOzoneClusterImpl-be56a2d2-96e4-45d9-aa7d-4262bbd71717/datanode-2/data/ratis/33ff71bb-ea09-45cc-98c3-b156310cc313 does not exist. Creating ...
2023-05-08 09:35:39,631 [pool-821-thread-1] INFO  storage.RaftStorageDirectory (RaftStorageDirectoryImpl.java:tryLock(231)) - Lock on /home/runner/work/ozone/ozone/hadoop-ozone/integration-test/target/test-dir/MiniOzoneClusterImpl-be56a2d2-96e4-45d9-aa7d-4262bbd71717/datanode-2/data/ratis/33ff71bb-ea09-45cc-98c3-b156310cc313/in_use.lock acquired by nodename 7572@fv-az96-539
2023-05-08 09:35:39,632 [pool-821-thread-1] INFO  storage.RaftStorage (RaftStorageImpl.java:format(96)) - Storage directory /home/runner/work/ozone/ozone/hadoop-ozone/integration-test/target/test-dir/MiniOzoneClusterImpl-be56a2d2-96e4-45d9-aa7d-4262bbd71717/datanode-2/data/ratis/33ff71bb-ea09-45cc-98c3-b156310cc313 has been successfully formatted.
2023-05-08 09:35:39,633 [pool-821-thread-1] INFO  ratis.ContainerStateMachine (ContainerStateMachine.java:loadSnapshot(262)) - group-B156310CC313: The snapshot info is null. Setting the last applied indexto:(t:0, i:~)
2023-05-08 09:35:39,633 [pool-821-thread-1] INFO  server.RaftServerConfigKeys (ConfUtils.java:logGet(46)) - raft.server.log.use.memory = false (default)
2023-05-08 09:35:39,633 [pool-821-thread-1] INFO  server.RaftServerConfigKeys (ConfUtils.java:logGet(46)) - raft.server.log.purge.gap = 1000000 (custom)
2023-05-08 09:35:39,633 [pool-821-thread-1] INFO  server.RaftServerConfigKeys (ConfUtils.java:logGet(46)) - raft.server.log.appender.buffer.byte-limit = 33554432 (custom)
2023-05-08 09:35:39,633 [pool-821-thread-1] INFO  server.RaftServerConfigKeys (ConfUtils.java:logGet(46)) - raft.server.log.statemachine.data.read.timeout = 1000ms (default)
2023-05-08 09:35:39,633 [pool-821-thread-1] INFO  server.RaftServerConfigKeys (ConfUtils.java:logGet(46)) - raft.server.log.purge.preservation.log.num = 0 (default)
2023-05-08 09:35:39,634 [pool-821-thread-1] INFO  server.RaftServerConfigKeys (ConfUtils.java:logGet(46)) - raft.server.log.segment.size.max = 1048576 (custom)
2023-05-08 09:35:39,635 [pool-821-thread-1] INFO  server.RaftServerConfigKeys (ConfUtils.java:logGet(46)) - raft.server.log.segment.cache.num.max = 2 (custom)
2023-05-08 09:35:39,635 [pool-821-thread-1] INFO  server.RaftServerConfigKeys (ConfUtils.java:logGet(46)) - raft.server.log.segment.cache.size.max = 200MB (=209715200) (default)
2023-05-08 09:35:39,635 [pool-821-thread-1] INFO  segmented.SegmentedRaftLogWorker (SegmentedRaftLogWorker.java:<init>(189)) - new 3357f25e-fda2-4cb8-acb0-e93af4f54e63@group-B156310CC313-SegmentedRaftLogWorker for RaftStorageImpl:Storage Directory /home/runner/work/ozone/ozone/hadoop-ozone/integration-test/target/test-dir/MiniOzoneClusterImpl-be56a2d2-96e4-45d9-aa7d-4262bbd71717/datanode-2/data/ratis/33ff71bb-ea09-45cc-98c3-b156310cc313
2023-05-08 09:35:39,635 [pool-821-thread-1] INFO  server.RaftServerConfigKeys (ConfUtils.java:logGet(46)) - raft.server.log.queue.byte-limit = 4294967296 (custom)
2023-05-08 09:35:39,635 [pool-821-thread-1] INFO  server.RaftServerConfigKeys (ConfUtils.java:logGet(46)) - raft.server.log.queue.element-limit = 1024 (custom)
2023-05-08 09:35:39,635 [pool-821-thread-1] INFO  server.RaftServerConfigKeys (ConfUtils.java:logGet(46)) - raft.server.log.segment.size.max = 1048576 (custom)
2023-05-08 09:35:39,635 [pool-821-thread-1] INFO  server.RaftServerConfigKeys (ConfUtils.java:logGet(46)) - raft.server.log.preallocated.size = 16384 (custom)
2023-05-08 09:35:39,635 [pool-821-thread-1] INFO  server.RaftServerConfigKeys (ConfUtils.java:logGet(46)) - raft.server.log.force.sync.num = 128 (default)
2023-05-08 09:35:39,635 [pool-821-thread-1] INFO  server.RaftServerConfigKeys (ConfUtils.java:logGet(46)) - raft.server.log.statemachine.data.sync = true (default)
2023-05-08 09:35:39,635 [pool-821-thread-1] INFO  server.RaftServerConfigKeys (ConfUtils.java:logGet(46)) - raft.server.log.statemachine.data.sync.timeout = 10s (default)
2023-05-08 09:35:39,635 [pool-821-thread-1] INFO  server.RaftServerConfigKeys (ConfUtils.java:logGet(46)) - raft.server.log.statemachine.data.sync.timeout.retry = -1 (default)
2023-05-08 09:35:39,635 [pool-821-thread-1] INFO  server.RaftServerConfigKeys (ConfUtils.java:logGet(46)) - raft.server.log.write.buffer.size = 1048576 (custom)
2023-05-08 09:35:39,636 [pool-821-thread-1] INFO  server.RaftServerConfigKeys (ConfUtils.java:logGet(46)) - raft.server.log.appender.buffer.byte-limit = 33554432 (custom)
2023-05-08 09:35:39,640 [pool-821-thread-1] INFO  server.RaftServerConfigKeys (ConfUtils.java:logGet(46)) - raft.server.log.unsafe-flush.enabled = false (default)
2023-05-08 09:35:39,640 [pool-821-thread-1] INFO  server.RaftServerConfigKeys (ConfUtils.java:logGet(46)) - raft.server.log.async-flush.enabled = false (default)
2023-05-08 09:35:39,640 [pool-821-thread-1] INFO  server.RaftServerConfigKeys (ConfUtils.java:logGet(46)) - raft.server.log.statemachine.data.caching.enabled = true (custom)
2023-05-08 09:35:39,641 [pool-821-thread-1] INFO  segmented.SegmentedRaftLogWorker (SegmentedRaftLogWorker.java:lambda$new$0(135)) - 3357f25e-fda2-4cb8-acb0-e93af4f54e63@group-B156310CC313-SegmentedRaftLogWorker: flushIndex: setUnconditionally 0 -> -1
2023-05-08 09:35:39,641 [pool-821-thread-1] INFO  segmented.SegmentedRaftLogWorker (SegmentedRaftLogWorker.java:lambda$new$0(135)) - 3357f25e-fda2-4cb8-acb0-e93af4f54e63@group-B156310CC313-SegmentedRaftLogWorker: safeCacheEvictIndex: setUnconditionally 0 -> -1
2023-05-08 09:35:39,641 [pool-821-thread-1] INFO  server.RaftServer$Division (RaftServerImpl.java:start(334)) - 3357f25e-fda2-4cb8-acb0-e93af4f54e63@group-B156310CC313: start as a follower, conf=-1: peers:[add4e6bd-fcc9-465d-bef9-bed764a13d1e|rpc:10.1.0.160:35941|dataStream:10.1.0.160:42367|priority:0|startupRole:FOLLOWER, 3e648b14-2e89-4337-9925-6e41fa74934b|rpc:10.1.0.160:32919|dataStream:10.1.0.160:34191|priority:1|startupRole:FOLLOWER, 3357f25e-fda2-4cb8-acb0-e93af4f54e63|rpc:10.1.0.160:40553|dataStream:10.1.0.160:42755|priority:0|startupRole:FOLLOWER]|listeners:[], old=null
2023-05-08 09:35:39,641 [pool-821-thread-1] INFO  server.RaftServer$Division (RaftServerImpl.java:setRole(321)) - 3357f25e-fda2-4cb8-acb0-e93af4f54e63@group-B156310CC313: changes role from      null to FOLLOWER at term 0 for startAsFollower
2023-05-08 09:35:39,641 [pool-821-thread-1] INFO  impl.RoleInfo (RoleInfo.java:updateAndGet(139)) - 3357f25e-fda2-4cb8-acb0-e93af4f54e63: start 3357f25e-fda2-4cb8-acb0-e93af4f54e63@group-B156310CC313-FollowerState
2023-05-08 09:35:39,642 [pool-821-thread-1] INFO  util.JmxRegister (JmxRegister.java:tryRegister(44)) - Successfully registered JMX Bean with object name Ratis:service=RaftServer,group=group-B156310CC313,id=3357f25e-fda2-4cb8-acb0-e93af4f54e63
2023-05-08 09:35:39,642 [3357f25e-fda2-4cb8-acb0-e93af4f54e63@group-B156310CC313-FollowerState] INFO  server.RaftServerConfigKeys (ConfUtils.java:logFallback(53)) - raft.server.rpc.first-election.timeout.min = 5s (fallback to raft.server.rpc.timeout.min)
2023-05-08 09:35:39,642 [pool-821-thread-1] INFO  server.RaftServerConfigKeys (ConfUtils.java:logGet(46)) - raft.server.snapshot.auto.trigger.enabled = true (custom)
2023-05-08 09:35:39,642 [3357f25e-fda2-4cb8-acb0-e93af4f54e63@group-B156310CC313-FollowerState] INFO  server.RaftServerConfigKeys (ConfUtils.java:logFallback(53)) - raft.server.rpc.first-election.timeout.max = 5200ms (fallback to raft.server.rpc.timeout.max)
2023-05-08 09:35:39,642 [pool-821-thread-1] INFO  server.RaftServerConfigKeys (ConfUtils.java:logGet(46)) - raft.server.snapshot.auto.trigger.threshold = 10000 (custom)
2023-05-08 09:35:39,643 [pool-821-thread-1] INFO  server.RaftServerConfigKeys (ConfUtils.java:logGet(46)) - raft.server.snapshot.retention.file.num = 5 (custom)
2023-05-08 09:35:39,643 [pool-821-thread-1] INFO  server.RaftServerConfigKeys (ConfUtils.java:logGet(46)) - raft.server.log.purge.upto.snapshot.index = false (default)
2023-05-08 09:35:39,649 [Command processor thread] INFO  commandhandler.CreatePipelineCommandHandler (CreatePipelineCommandHandler.java:handle(113)) - Created Pipeline RATIS THREE PipelineID=33ff71bb-ea09-45cc-98c3-b156310cc313.
2023-05-08 09:35:39,649 [Command processor thread] INFO  server.RaftServer (RaftServerProxy.java:addNew(96)) - 3e648b14-2e89-4337-9925-6e41fa74934b: addNew group-68E7495FD306:[add4e6bd-fcc9-465d-bef9-bed764a13d1e|rpc:10.1.0.160:35941|dataStream:10.1.0.160:42367|priority:1|startupRole:FOLLOWER, 3e648b14-2e89-4337-9925-6e41fa74934b|rpc:10.1.0.160:32919|dataStream:10.1.0.160:34191|priority:0|startupRole:FOLLOWER, 3357f25e-fda2-4cb8-acb0-e93af4f54e63|rpc:10.1.0.160:40553|dataStream:10.1.0.160:42755|priority:0|startupRole:FOLLOWER] returns group-68E7495FD306:java.util.concurrent.CompletableFuture@18101339[Not completed]
2023-05-08 09:35:39,650 [pool-777-thread-1] INFO  server.RaftServer$Division (RaftServerImpl.java:<init>(195)) - 3e648b14-2e89-4337-9925-6e41fa74934b: new RaftServerImpl for group-68E7495FD306:[add4e6bd-fcc9-465d-bef9-bed764a13d1e|rpc:10.1.0.160:35941|dataStream:10.1.0.160:42367|priority:1|startupRole:FOLLOWER, 3e648b14-2e89-4337-9925-6e41fa74934b|rpc:10.1.0.160:32919|dataStream:10.1.0.160:34191|priority:0|startupRole:FOLLOWER, 3357f25e-fda2-4cb8-acb0-e93af4f54e63|rpc:10.1.0.160:40553|dataStream:10.1.0.160:42755|priority:0|startupRole:FOLLOWER] with ContainerStateMachine:uninitialized
2023-05-08 09:35:39,650 [pool-777-thread-1] INFO  server.RaftServerConfigKeys (ConfUtils.java:logGet(46)) - raft.server.rpc.timeout.min = 5s (custom)
2023-05-08 09:35:39,650 [pool-777-thread-1] INFO  server.RaftServerConfigKeys (ConfUtils.java:logGet(46)) - raft.server.rpc.timeout.max = 5200ms (custom)
2023-05-08 09:35:39,650 [pool-777-thread-1] INFO  server.RaftServerConfigKeys (ConfUtils.java:logGet(46)) - raft.server.rpc.sleep.time = 25ms (default)
2023-05-08 09:35:39,650 [pool-777-thread-1] INFO  server.RaftServerConfigKeys (ConfUtils.java:logGet(46)) - raft.server.rpc.slowness.timeout = 300s (custom)
2023-05-08 09:35:39,650 [pool-777-thread-1] INFO  server.RaftServerConfigKeys (ConfUtils.java:logGet(46)) - raft.server.leaderelection.leader.step-down.wait-time = 10s (default)
2023-05-08 09:35:39,650 [pool-777-thread-1] INFO  server.RaftServerConfigKeys (ConfUtils.java:logGet(46)) - raft.server.sleep.deviation.threshold = 300ms (default)
2023-05-08 09:35:39,650 [pool-777-thread-1] INFO  server.RaftServer$Division (ServerState.java:<init>(118)) - 3e648b14-2e89-4337-9925-6e41fa74934b@group-68E7495FD306: ConfigurationManager, init=-1: peers:[add4e6bd-fcc9-465d-bef9-bed764a13d1e|rpc:10.1.0.160:35941|dataStream:10.1.0.160:42367|priority:1|startupRole:FOLLOWER, 3e648b14-2e89-4337-9925-6e41fa74934b|rpc:10.1.0.160:32919|dataStream:10.1.0.160:34191|priority:0|startupRole:FOLLOWER, 3357f25e-fda2-4cb8-acb0-e93af4f54e63|rpc:10.1.0.160:40553|dataStream:10.1.0.160:42755|priority:0|startupRole:FOLLOWER]|listeners:[], old=null, confs=<EMPTY_MAP>
2023-05-08 09:35:39,650 [pool-777-thread-1] INFO  server.RaftServerConfigKeys (ConfUtils.java:logGet(46)) - raft.server.storage.dir = [/home/runner/work/ozone/ozone/hadoop-ozone/integration-test/target/test-dir/MiniOzoneClusterImpl-be56a2d2-96e4-45d9-aa7d-4262bbd71717/datanode-0/data/ratis] (custom)
2023-05-08 09:35:39,650 [pool-777-thread-1] INFO  server.RaftServerConfigKeys (ConfUtils.java:logGet(46)) - raft.server.log.corruption.policy = EXCEPTION (default)
2023-05-08 09:35:39,650 [pool-777-thread-1] INFO  server.RaftServerConfigKeys (ConfUtils.java:logGet(46)) - raft.server.storage.free-space.min = 0MB (=0) (default)
2023-05-08 09:35:39,650 [pool-777-thread-1] INFO  server.RaftServerConfigKeys (ConfUtils.java:logGet(46)) - raft.server.notification.no-leader.timeout = 300s (custom)
2023-05-08 09:35:39,650 [pool-777-thread-1] INFO  server.RaftServerConfigKeys (ConfUtils.java:logGet(46)) - raft.server.retrycache.expirytime = 600000ms (custom)
2023-05-08 09:35:39,650 [pool-777-thread-1] INFO  server.RaftServerConfigKeys (ConfUtils.java:logGet(46)) - raft.server.retrycache.statistics.expirytime = 100μs (default)
2023-05-08 09:35:39,651 [pool-777-thread-1] INFO  server.RaftServerConfigKeys (ConfUtils.java:logGet(46)) - raft.server.log.appender.install.snapshot.enabled = false (custom)
2023-05-08 09:35:39,651 [pool-777-thread-1] INFO  server.RaftServerConfigKeys (ConfUtils.java:logGet(46)) - raft.server.threadpool.server.cached = true (default)
2023-05-08 09:35:39,651 [pool-777-thread-1] INFO  server.RaftServerConfigKeys (ConfUtils.java:logGet(46)) - raft.server.threadpool.server.size = 0 (default)
2023-05-08 09:35:39,651 [pool-777-thread-1] INFO  server.RaftServerConfigKeys (ConfUtils.java:logGet(46)) - raft.server.threadpool.client.cached = true (default)
2023-05-08 09:35:39,651 [pool-777-thread-1] INFO  server.RaftServerConfigKeys (ConfUtils.java:logGet(46)) - raft.server.threadpool.client.size = 0 (default)
2023-05-08 09:35:39,651 [pool-777-thread-1] INFO  storage.RaftStorageDirectory (RaftStorageDirectoryImpl.java:analyzeStorage(137)) - The storage directory /home/runner/work/ozone/ozone/hadoop-ozone/integration-test/target/test-dir/MiniOzoneClusterImpl-be56a2d2-96e4-45d9-aa7d-4262bbd71717/datanode-0/data/ratis/61d9caab-dfec-4d6d-bab9-68e7495fd306 does not exist. Creating ...
2023-05-08 09:35:39,653 [pool-777-thread-1] INFO  storage.RaftStorageDirectory (RaftStorageDirectoryImpl.java:tryLock(231)) - Lock on /home/runner/work/ozone/ozone/hadoop-ozone/integration-test/target/test-dir/MiniOzoneClusterImpl-be56a2d2-96e4-45d9-aa7d-4262bbd71717/datanode-0/data/ratis/61d9caab-dfec-4d6d-bab9-68e7495fd306/in_use.lock acquired by nodename 7572@fv-az96-539
2023-05-08 09:35:39,655 [pool-777-thread-1] INFO  storage.RaftStorage (RaftStorageImpl.java:format(96)) - Storage directory /home/runner/work/ozone/ozone/hadoop-ozone/integration-test/target/test-dir/MiniOzoneClusterImpl-be56a2d2-96e4-45d9-aa7d-4262bbd71717/datanode-0/data/ratis/61d9caab-dfec-4d6d-bab9-68e7495fd306 has been successfully formatted.
2023-05-08 09:35:39,656 [EventQueue-OpenPipelineForHealthyPipelineSafeModeRule] INFO  safemode.SCMSafeModeManager (HealthyPipelineSafeModeRule.java:process(137)) - SCM in safe mode. Healthy pipelines reported count is 0, required healthy pipeline reported count is 1
2023-05-08 09:35:39,657 [pool-777-thread-1] INFO  ratis.ContainerStateMachine (ContainerStateMachine.java:loadSnapshot(262)) - group-68E7495FD306: The snapshot info is null. Setting the last applied indexto:(t:0, i:~)
2023-05-08 09:35:39,657 [pool-777-thread-1] INFO  server.RaftServerConfigKeys (ConfUtils.java:logGet(46)) - raft.server.log.use.memory = false (default)
2023-05-08 09:35:39,657 [pool-777-thread-1] INFO  server.RaftServerConfigKeys (ConfUtils.java:logGet(46)) - raft.server.log.purge.gap = 1000000 (custom)
2023-05-08 09:35:39,657 [pool-777-thread-1] INFO  server.RaftServerConfigKeys (ConfUtils.java:logGet(46)) - raft.server.log.appender.buffer.byte-limit = 33554432 (custom)
2023-05-08 09:35:39,657 [pool-777-thread-1] INFO  server.RaftServerConfigKeys (ConfUtils.java:logGet(46)) - raft.server.log.statemachine.data.read.timeout = 1000ms (default)
2023-05-08 09:35:39,657 [pool-777-thread-1] INFO  server.RaftServerConfigKeys (ConfUtils.java:logGet(46)) - raft.server.log.purge.preservation.log.num = 0 (default)
2023-05-08 09:35:39,657 [pool-777-thread-1] INFO  server.RaftServerConfigKeys (ConfUtils.java:logGet(46)) - raft.server.log.segment.size.max = 1048576 (custom)
2023-05-08 09:35:39,657 [pool-777-thread-1] INFO  server.RaftServerConfigKeys (ConfUtils.java:logGet(46)) - raft.server.log.segment.cache.num.max = 2 (custom)
2023-05-08 09:35:39,657 [pool-777-thread-1] INFO  server.RaftServerConfigKeys (ConfUtils.java:logGet(46)) - raft.server.log.segment.cache.size.max = 200MB (=209715200) (default)
2023-05-08 09:35:39,657 [pool-777-thread-1] INFO  segmented.SegmentedRaftLogWorker (SegmentedRaftLogWorker.java:<init>(189)) - new 3e648b14-2e89-4337-9925-6e41fa74934b@group-68E7495FD306-SegmentedRaftLogWorker for RaftStorageImpl:Storage Directory /home/runner/work/ozone/ozone/hadoop-ozone/integration-test/target/test-dir/MiniOzoneClusterImpl-be56a2d2-96e4-45d9-aa7d-4262bbd71717/datanode-0/data/ratis/61d9caab-dfec-4d6d-bab9-68e7495fd306
2023-05-08 09:35:39,657 [pool-777-thread-1] INFO  server.RaftServerConfigKeys (ConfUtils.java:logGet(46)) - raft.server.log.queue.byte-limit = 4294967296 (custom)
2023-05-08 09:35:39,657 [pool-777-thread-1] INFO  server.RaftServerConfigKeys (ConfUtils.java:logGet(46)) - raft.server.log.queue.element-limit = 1024 (custom)
2023-05-08 09:35:39,657 [pool-777-thread-1] INFO  server.RaftServerConfigKeys (ConfUtils.java:logGet(46)) - raft.server.log.segment.size.max = 1048576 (custom)
2023-05-08 09:35:39,657 [pool-777-thread-1] INFO  server.RaftServerConfigKeys (ConfUtils.java:logGet(46)) - raft.server.log.preallocated.size = 16384 (custom)
2023-05-08 09:35:39,657 [pool-777-thread-1] INFO  server.RaftServerConfigKeys (ConfUtils.java:logGet(46)) - raft.server.log.force.sync.num = 128 (default)
2023-05-08 09:35:39,658 [pool-777-thread-1] INFO  server.RaftServerConfigKeys (ConfUtils.java:logGet(46)) - raft.server.log.statemachine.data.sync = true (default)
2023-05-08 09:35:39,658 [pool-777-thread-1] INFO  server.RaftServerConfigKeys (ConfUtils.java:logGet(46)) - raft.server.log.statemachine.data.sync.timeout = 10s (default)
2023-05-08 09:35:39,658 [pool-777-thread-1] INFO  server.RaftServerConfigKeys (ConfUtils.java:logGet(46)) - raft.server.log.statemachine.data.sync.timeout.retry = -1 (default)
2023-05-08 09:35:39,658 [pool-777-thread-1] INFO  server.RaftServerConfigKeys (ConfUtils.java:logGet(46)) - raft.server.log.write.buffer.size = 1048576 (custom)
2023-05-08 09:35:39,659 [pool-777-thread-1] INFO  server.RaftServerConfigKeys (ConfUtils.java:logGet(46)) - raft.server.log.appender.buffer.byte-limit = 33554432 (custom)
2023-05-08 09:35:39,666 [pool-777-thread-1] INFO  server.RaftServerConfigKeys (ConfUtils.java:logGet(46)) - raft.server.log.unsafe-flush.enabled = false (default)
2023-05-08 09:35:39,666 [pool-777-thread-1] INFO  server.RaftServerConfigKeys (ConfUtils.java:logGet(46)) - raft.server.log.async-flush.enabled = false (default)
2023-05-08 09:35:39,666 [pool-777-thread-1] INFO  server.RaftServerConfigKeys (ConfUtils.java:logGet(46)) - raft.server.log.statemachine.data.caching.enabled = true (custom)
2023-05-08 09:35:39,666 [pool-777-thread-1] INFO  segmented.SegmentedRaftLogWorker (SegmentedRaftLogWorker.java:lambda$new$0(135)) - 3e648b14-2e89-4337-9925-6e41fa74934b@group-68E7495FD306-SegmentedRaftLogWorker: flushIndex: setUnconditionally 0 -> -1
2023-05-08 09:35:39,666 [pool-777-thread-1] INFO  segmented.SegmentedRaftLogWorker (SegmentedRaftLogWorker.java:lambda$new$0(135)) - 3e648b14-2e89-4337-9925-6e41fa74934b@group-68E7495FD306-SegmentedRaftLogWorker: safeCacheEvictIndex: setUnconditionally 0 -> -1
2023-05-08 09:35:39,666 [pool-777-thread-1] INFO  server.RaftServer$Division (RaftServerImpl.java:start(334)) - 3e648b14-2e89-4337-9925-6e41fa74934b@group-68E7495FD306: start as a follower, conf=-1: peers:[add4e6bd-fcc9-465d-bef9-bed764a13d1e|rpc:10.1.0.160:35941|dataStream:10.1.0.160:42367|priority:1|startupRole:FOLLOWER, 3e648b14-2e89-4337-9925-6e41fa74934b|rpc:10.1.0.160:32919|dataStream:10.1.0.160:34191|priority:0|startupRole:FOLLOWER, 3357f25e-fda2-4cb8-acb0-e93af4f54e63|rpc:10.1.0.160:40553|dataStream:10.1.0.160:42755|priority:0|startupRole:FOLLOWER]|listeners:[], old=null
2023-05-08 09:35:39,667 [pool-777-thread-1] INFO  server.RaftServer$Division (RaftServerImpl.java:setRole(321)) - 3e648b14-2e89-4337-9925-6e41fa74934b@group-68E7495FD306: changes role from      null to FOLLOWER at term 0 for startAsFollower
2023-05-08 09:35:39,667 [pool-777-thread-1] INFO  impl.RoleInfo (RoleInfo.java:updateAndGet(139)) - 3e648b14-2e89-4337-9925-6e41fa74934b: start 3e648b14-2e89-4337-9925-6e41fa74934b@group-68E7495FD306-FollowerState
2023-05-08 09:35:39,667 [3e648b14-2e89-4337-9925-6e41fa74934b@group-68E7495FD306-FollowerState] INFO  server.RaftServerConfigKeys (ConfUtils.java:logFallback(53)) - raft.server.rpc.first-election.timeout.min = 5s (fallback to raft.server.rpc.timeout.min)
2023-05-08 09:35:39,667 [3e648b14-2e89-4337-9925-6e41fa74934b@group-68E7495FD306-FollowerState] INFO  server.RaftServerConfigKeys (ConfUtils.java:logFallback(53)) - raft.server.rpc.first-election.timeout.max = 5200ms (fallback to raft.server.rpc.timeout.max)
2023-05-08 09:35:39,667 [pool-777-thread-1] INFO  util.JmxRegister (JmxRegister.java:tryRegister(44)) - Successfully registered JMX Bean with object name Ratis:service=RaftServer,group=group-68E7495FD306,id=3e648b14-2e89-4337-9925-6e41fa74934b
2023-05-08 09:35:39,668 [pool-777-thread-1] INFO  server.RaftServerConfigKeys (ConfUtils.java:logGet(46)) - raft.server.snapshot.auto.trigger.enabled = true (custom)
2023-05-08 09:35:39,668 [pool-777-thread-1] INFO  server.RaftServerConfigKeys (ConfUtils.java:logGet(46)) - raft.server.snapshot.auto.trigger.threshold = 10000 (custom)
2023-05-08 09:35:39,668 [pool-777-thread-1] INFO  server.RaftServerConfigKeys (ConfUtils.java:logGet(46)) - raft.server.snapshot.retention.file.num = 5 (custom)
2023-05-08 09:35:39,668 [pool-777-thread-1] INFO  server.RaftServerConfigKeys (ConfUtils.java:logGet(46)) - raft.server.log.purge.upto.snapshot.index = false (default)
2023-05-08 09:35:39,669 [Command processor thread] INFO  ratis.XceiverServerRatis (XceiverServerRatis.java:addGroup(806)) - Created group PipelineID=61d9caab-dfec-4d6d-bab9-68e7495fd306
2023-05-08 09:35:39,683 [grpc-default-executor-0] INFO  server.RaftServer (RaftServerProxy.java:addNew(96)) - 3357f25e-fda2-4cb8-acb0-e93af4f54e63: addNew group-68E7495FD306:[add4e6bd-fcc9-465d-bef9-bed764a13d1e|rpc:10.1.0.160:35941|dataStream:10.1.0.160:42367|priority:1|startupRole:FOLLOWER, 3e648b14-2e89-4337-9925-6e41fa74934b|rpc:10.1.0.160:32919|dataStream:10.1.0.160:34191|priority:0|startupRole:FOLLOWER, 3357f25e-fda2-4cb8-acb0-e93af4f54e63|rpc:10.1.0.160:40553|dataStream:10.1.0.160:42755|priority:0|startupRole:FOLLOWER] returns group-68E7495FD306:java.util.concurrent.CompletableFuture@452dae2e[Not completed]
2023-05-08 09:35:39,684 [pool-821-thread-1] INFO  server.RaftServer$Division (RaftServerImpl.java:<init>(195)) - 3357f25e-fda2-4cb8-acb0-e93af4f54e63: new RaftServerImpl for group-68E7495FD306:[add4e6bd-fcc9-465d-bef9-bed764a13d1e|rpc:10.1.0.160:35941|dataStream:10.1.0.160:42367|priority:1|startupRole:FOLLOWER, 3e648b14-2e89-4337-9925-6e41fa74934b|rpc:10.1.0.160:32919|dataStream:10.1.0.160:34191|priority:0|startupRole:FOLLOWER, 3357f25e-fda2-4cb8-acb0-e93af4f54e63|rpc:10.1.0.160:40553|dataStream:10.1.0.160:42755|priority:0|startupRole:FOLLOWER] with ContainerStateMachine:uninitialized
2023-05-08 09:35:39,684 [pool-821-thread-1] INFO  server.RaftServerConfigKeys (ConfUtils.java:logGet(46)) - raft.server.rpc.timeout.min = 5s (custom)
2023-05-08 09:35:39,684 [pool-821-thread-1] INFO  server.RaftServerConfigKeys (ConfUtils.java:logGet(46)) - raft.server.rpc.timeout.max = 5200ms (custom)
2023-05-08 09:35:39,684 [pool-821-thread-1] INFO  server.RaftServerConfigKeys (ConfUtils.java:logGet(46)) - raft.server.rpc.sleep.time = 25ms (default)
2023-05-08 09:35:39,684 [pool-821-thread-1] INFO  server.RaftServerConfigKeys (ConfUtils.java:logGet(46)) - raft.server.rpc.slowness.timeout = 300s (custom)
2023-05-08 09:35:39,684 [pool-821-thread-1] INFO  server.RaftServerConfigKeys (ConfUtils.java:logGet(46)) - raft.server.leaderelection.leader.step-down.wait-time = 10s (default)
2023-05-08 09:35:39,684 [pool-821-thread-1] INFO  server.RaftServerConfigKeys (ConfUtils.java:logGet(46)) - raft.server.sleep.deviation.threshold = 300ms (default)
2023-05-08 09:35:39,684 [pool-821-thread-1] INFO  server.RaftServer$Division (ServerState.java:<init>(118)) - 3357f25e-fda2-4cb8-acb0-e93af4f54e63@group-68E7495FD306: ConfigurationManager, init=-1: peers:[add4e6bd-fcc9-465d-bef9-bed764a13d1e|rpc:10.1.0.160:35941|dataStream:10.1.0.160:42367|priority:1|startupRole:FOLLOWER, 3e648b14-2e89-4337-9925-6e41fa74934b|rpc:10.1.0.160:32919|dataStream:10.1.0.160:34191|priority:0|startupRole:FOLLOWER, 3357f25e-fda2-4cb8-acb0-e93af4f54e63|rpc:10.1.0.160:40553|dataStream:10.1.0.160:42755|priority:0|startupRole:FOLLOWER]|listeners:[], old=null, confs=<EMPTY_MAP>
2023-05-08 09:35:39,684 [pool-821-thread-1] INFO  server.RaftServerConfigKeys (ConfUtils.java:logGet(46)) - raft.server.storage.dir = [/home/runner/work/ozone/ozone/hadoop-ozone/integration-test/target/test-dir/MiniOzoneClusterImpl-be56a2d2-96e4-45d9-aa7d-4262bbd71717/datanode-2/data/ratis] (custom)
2023-05-08 09:35:39,684 [pool-821-thread-1] INFO  server.RaftServerConfigKeys (ConfUtils.java:logGet(46)) - raft.server.log.corruption.policy = EXCEPTION (default)
2023-05-08 09:35:39,684 [pool-821-thread-1] INFO  server.RaftServerConfigKeys (ConfUtils.java:logGet(46)) - raft.server.storage.free-space.min = 0MB (=0) (default)
2023-05-08 09:35:39,684 [pool-821-thread-1] INFO  server.RaftServerConfigKeys (ConfUtils.java:logGet(46)) - raft.server.notification.no-leader.timeout = 300s (custom)
2023-05-08 09:35:39,684 [pool-821-thread-1] INFO  server.RaftServerConfigKeys (ConfUtils.java:logGet(46)) - raft.server.retrycache.expirytime = 600000ms (custom)
2023-05-08 09:35:39,684 [pool-821-thread-1] INFO  server.RaftServerConfigKeys (ConfUtils.java:logGet(46)) - raft.server.retrycache.statistics.expirytime = 100μs (default)
2023-05-08 09:35:39,685 [pool-821-thread-1] INFO  server.RaftServerConfigKeys (ConfUtils.java:logGet(46)) - raft.server.log.appender.install.snapshot.enabled = false (custom)
2023-05-08 09:35:39,685 [pool-821-thread-1] INFO  server.RaftServerConfigKeys (ConfUtils.java:logGet(46)) - raft.server.threadpool.server.cached = true (default)
2023-05-08 09:35:39,685 [pool-821-thread-1] INFO  server.RaftServerConfigKeys (ConfUtils.java:logGet(46)) - raft.server.threadpool.server.size = 0 (default)
2023-05-08 09:35:39,685 [pool-821-thread-1] INFO  server.RaftServerConfigKeys (ConfUtils.java:logGet(46)) - raft.server.threadpool.client.cached = true (default)
2023-05-08 09:35:39,685 [pool-821-thread-1] INFO  server.RaftServerConfigKeys (ConfUtils.java:logGet(46)) - raft.server.threadpool.client.size = 0 (default)
2023-05-08 09:35:39,685 [pool-821-thread-1] INFO  storage.RaftStorageDirectory (RaftStorageDirectoryImpl.java:analyzeStorage(137)) - The storage directory /home/runner/work/ozone/ozone/hadoop-ozone/integration-test/target/test-dir/MiniOzoneClusterImpl-be56a2d2-96e4-45d9-aa7d-4262bbd71717/datanode-2/data/ratis/61d9caab-dfec-4d6d-bab9-68e7495fd306 does not exist. Creating ...
2023-05-08 09:35:39,687 [pool-821-thread-1] INFO  storage.RaftStorageDirectory (RaftStorageDirectoryImpl.java:tryLock(231)) - Lock on /home/runner/work/ozone/ozone/hadoop-ozone/integration-test/target/test-dir/MiniOzoneClusterImpl-be56a2d2-96e4-45d9-aa7d-4262bbd71717/datanode-2/data/ratis/61d9caab-dfec-4d6d-bab9-68e7495fd306/in_use.lock acquired by nodename 7572@fv-az96-539
2023-05-08 09:35:39,688 [pool-821-thread-1] INFO  storage.RaftStorage (RaftStorageImpl.java:format(96)) - Storage directory /home/runner/work/ozone/ozone/hadoop-ozone/integration-test/target/test-dir/MiniOzoneClusterImpl-be56a2d2-96e4-45d9-aa7d-4262bbd71717/datanode-2/data/ratis/61d9caab-dfec-4d6d-bab9-68e7495fd306 has been successfully formatted.
2023-05-08 09:35:39,689 [pool-821-thread-1] INFO  ratis.ContainerStateMachine (ContainerStateMachine.java:loadSnapshot(262)) - group-68E7495FD306: The snapshot info is null. Setting the last applied indexto:(t:0, i:~)
2023-05-08 09:35:39,689 [pool-821-thread-1] INFO  server.RaftServerConfigKeys (ConfUtils.java:logGet(46)) - raft.server.log.use.memory = false (default)
2023-05-08 09:35:39,689 [pool-821-thread-1] INFO  server.RaftServerConfigKeys (ConfUtils.java:logGet(46)) - raft.server.log.purge.gap = 1000000 (custom)
2023-05-08 09:35:39,689 [pool-821-thread-1] INFO  server.RaftServerConfigKeys (ConfUtils.java:logGet(46)) - raft.server.log.appender.buffer.byte-limit = 33554432 (custom)
2023-05-08 09:35:39,689 [pool-821-thread-1] INFO  server.RaftServerConfigKeys (ConfUtils.java:logGet(46)) - raft.server.log.statemachine.data.read.timeout = 1000ms (default)
2023-05-08 09:35:39,689 [pool-821-thread-1] INFO  server.RaftServerConfigKeys (ConfUtils.java:logGet(46)) - raft.server.log.purge.preservation.log.num = 0 (default)
2023-05-08 09:35:39,689 [pool-821-thread-1] INFO  server.RaftServerConfigKeys (ConfUtils.java:logGet(46)) - raft.server.log.segment.size.max = 1048576 (custom)
2023-05-08 09:35:39,689 [pool-821-thread-1] INFO  server.RaftServerConfigKeys (ConfUtils.java:logGet(46)) - raft.server.log.segment.cache.num.max = 2 (custom)
2023-05-08 09:35:39,689 [pool-821-thread-1] INFO  server.RaftServerConfigKeys (ConfUtils.java:logGet(46)) - raft.server.log.segment.cache.size.max = 200MB (=209715200) (default)
2023-05-08 09:35:39,689 [pool-821-thread-1] INFO  segmented.SegmentedRaftLogWorker (SegmentedRaftLogWorker.java:<init>(189)) - new 3357f25e-fda2-4cb8-acb0-e93af4f54e63@group-68E7495FD306-SegmentedRaftLogWorker for RaftStorageImpl:Storage Directory /home/runner/work/ozone/ozone/hadoop-ozone/integration-test/target/test-dir/MiniOzoneClusterImpl-be56a2d2-96e4-45d9-aa7d-4262bbd71717/datanode-2/data/ratis/61d9caab-dfec-4d6d-bab9-68e7495fd306
2023-05-08 09:35:39,689 [pool-821-thread-1] INFO  server.RaftServerConfigKeys (ConfUtils.java:logGet(46)) - raft.server.log.queue.byte-limit = 4294967296 (custom)
2023-05-08 09:35:39,689 [pool-821-thread-1] INFO  server.RaftServerConfigKeys (ConfUtils.java:logGet(46)) - raft.server.log.queue.element-limit = 1024 (custom)
2023-05-08 09:35:39,690 [pool-821-thread-1] INFO  server.RaftServerConfigKeys (ConfUtils.java:logGet(46)) - raft.server.log.segment.size.max = 1048576 (custom)
2023-05-08 09:35:39,690 [pool-821-thread-1] INFO  server.RaftServerConfigKeys (ConfUtils.java:logGet(46)) - raft.server.log.preallocated.size = 16384 (custom)
2023-05-08 09:35:39,690 [pool-821-thread-1] INFO  server.RaftServerConfigKeys (ConfUtils.java:logGet(46)) - raft.server.log.force.sync.num = 128 (default)
2023-05-08 09:35:39,690 [pool-821-thread-1] INFO  server.RaftServerConfigKeys (ConfUtils.java:logGet(46)) - raft.server.log.statemachine.data.sync = true (default)
2023-05-08 09:35:39,690 [pool-821-thread-1] INFO  server.RaftServerConfigKeys (ConfUtils.java:logGet(46)) - raft.server.log.statemachine.data.sync.timeout = 10s (default)
2023-05-08 09:35:39,690 [pool-821-thread-1] INFO  server.RaftServerConfigKeys (ConfUtils.java:logGet(46)) - raft.server.log.statemachine.data.sync.timeout.retry = -1 (default)
2023-05-08 09:35:39,690 [pool-821-thread-1] INFO  server.RaftServerConfigKeys (ConfUtils.java:logGet(46)) - raft.server.log.write.buffer.size = 1048576 (custom)
2023-05-08 09:35:39,690 [pool-821-thread-1] INFO  server.RaftServerConfigKeys (ConfUtils.java:logGet(46)) - raft.server.log.appender.buffer.byte-limit = 33554432 (custom)
2023-05-08 09:35:39,698 [pool-821-thread-1] INFO  server.RaftServerConfigKeys (ConfUtils.java:logGet(46)) - raft.server.log.unsafe-flush.enabled = false (default)
2023-05-08 09:35:39,698 [pool-821-thread-1] INFO  server.RaftServerConfigKeys (ConfUtils.java:logGet(46)) - raft.server.log.async-flush.enabled = false (default)
2023-05-08 09:35:39,699 [pool-821-thread-1] INFO  server.RaftServerConfigKeys (ConfUtils.java:logGet(46)) - raft.server.log.statemachine.data.caching.enabled = true (custom)
2023-05-08 09:35:39,699 [pool-821-thread-1] INFO  segmented.SegmentedRaftLogWorker (SegmentedRaftLogWorker.java:lambda$new$0(135)) - 3357f25e-fda2-4cb8-acb0-e93af4f54e63@group-68E7495FD306-SegmentedRaftLogWorker: flushIndex: setUnconditionally 0 -> -1
2023-05-08 09:35:39,699 [pool-821-thread-1] INFO  segmented.SegmentedRaftLogWorker (SegmentedRaftLogWorker.java:lambda$new$0(135)) - 3357f25e-fda2-4cb8-acb0-e93af4f54e63@group-68E7495FD306-SegmentedRaftLogWorker: safeCacheEvictIndex: setUnconditionally 0 -> -1
2023-05-08 09:35:39,702 [pool-821-thread-1] INFO  server.RaftServer$Division (RaftServerImpl.java:start(334)) - 3357f25e-fda2-4cb8-acb0-e93af4f54e63@group-68E7495FD306: start as a follower, conf=-1: peers:[add4e6bd-fcc9-465d-bef9-bed764a13d1e|rpc:10.1.0.160:35941|dataStream:10.1.0.160:42367|priority:1|startupRole:FOLLOWER, 3e648b14-2e89-4337-9925-6e41fa74934b|rpc:10.1.0.160:32919|dataStream:10.1.0.160:34191|priority:0|startupRole:FOLLOWER, 3357f25e-fda2-4cb8-acb0-e93af4f54e63|rpc:10.1.0.160:40553|dataStream:10.1.0.160:42755|priority:0|startupRole:FOLLOWER]|listeners:[], old=null
2023-05-08 09:35:39,702 [pool-821-thread-1] INFO  server.RaftServer$Division (RaftServerImpl.java:setRole(321)) - 3357f25e-fda2-4cb8-acb0-e93af4f54e63@group-68E7495FD306: changes role from      null to FOLLOWER at term 0 for startAsFollower
2023-05-08 09:35:39,703 [pool-821-thread-1] INFO  impl.RoleInfo (RoleInfo.java:updateAndGet(139)) - 3357f25e-fda2-4cb8-acb0-e93af4f54e63: start 3357f25e-fda2-4cb8-acb0-e93af4f54e63@group-68E7495FD306-FollowerState
2023-05-08 09:35:39,703 [pool-821-thread-1] INFO  util.JmxRegister (JmxRegister.java:tryRegister(44)) - Successfully registered JMX Bean with object name Ratis:service=RaftServer,group=group-68E7495FD306,id=3357f25e-fda2-4cb8-acb0-e93af4f54e63
2023-05-08 09:35:39,703 [pool-821-thread-1] INFO  server.RaftServerConfigKeys (ConfUtils.java:logGet(46)) - raft.server.snapshot.auto.trigger.enabled = true (custom)
2023-05-08 09:35:39,703 [pool-821-thread-1] INFO  server.RaftServerConfigKeys (ConfUtils.java:logGet(46)) - raft.server.snapshot.auto.trigger.threshold = 10000 (custom)
2023-05-08 09:35:39,703 [pool-821-thread-1] INFO  server.RaftServerConfigKeys (ConfUtils.java:logGet(46)) - raft.server.snapshot.retention.file.num = 5 (custom)
2023-05-08 09:35:39,703 [pool-821-thread-1] INFO  server.RaftServerConfigKeys (ConfUtils.java:logGet(46)) - raft.server.log.purge.upto.snapshot.index = false (default)
2023-05-08 09:35:39,704 [3357f25e-fda2-4cb8-acb0-e93af4f54e63@group-68E7495FD306-FollowerState] INFO  server.RaftServerConfigKeys (ConfUtils.java:logFallback(53)) - raft.server.rpc.first-election.timeout.min = 5s (fallback to raft.server.rpc.timeout.min)
2023-05-08 09:35:39,704 [3357f25e-fda2-4cb8-acb0-e93af4f54e63@group-68E7495FD306-FollowerState] INFO  server.RaftServerConfigKeys (ConfUtils.java:logFallback(53)) - raft.server.rpc.first-election.timeout.max = 5200ms (fallback to raft.server.rpc.timeout.max)
2023-05-08 09:35:39,723 [grpc-default-executor-0] INFO  server.RaftServer (RaftServerProxy.java:addNew(96)) - add4e6bd-fcc9-465d-bef9-bed764a13d1e: addNew group-68E7495FD306:[add4e6bd-fcc9-465d-bef9-bed764a13d1e|rpc:10.1.0.160:35941|dataStream:10.1.0.160:42367|priority:1|startupRole:FOLLOWER, 3e648b14-2e89-4337-9925-6e41fa74934b|rpc:10.1.0.160:32919|dataStream:10.1.0.160:34191|priority:0|startupRole:FOLLOWER, 3357f25e-fda2-4cb8-acb0-e93af4f54e63|rpc:10.1.0.160:40553|dataStream:10.1.0.160:42755|priority:0|startupRole:FOLLOWER] returns group-68E7495FD306:java.util.concurrent.CompletableFuture@76ed185e[Not completed]
2023-05-08 09:35:39,723 [pool-799-thread-1] INFO  server.RaftServer$Division (RaftServerImpl.java:<init>(195)) - add4e6bd-fcc9-465d-bef9-bed764a13d1e: new RaftServerImpl for group-68E7495FD306:[add4e6bd-fcc9-465d-bef9-bed764a13d1e|rpc:10.1.0.160:35941|dataStream:10.1.0.160:42367|priority:1|startupRole:FOLLOWER, 3e648b14-2e89-4337-9925-6e41fa74934b|rpc:10.1.0.160:32919|dataStream:10.1.0.160:34191|priority:0|startupRole:FOLLOWER, 3357f25e-fda2-4cb8-acb0-e93af4f54e63|rpc:10.1.0.160:40553|dataStream:10.1.0.160:42755|priority:0|startupRole:FOLLOWER] with ContainerStateMachine:uninitialized
2023-05-08 09:35:39,723 [pool-799-thread-1] INFO  server.RaftServerConfigKeys (ConfUtils.java:logGet(46)) - raft.server.rpc.timeout.min = 5s (custom)
2023-05-08 09:35:39,723 [pool-799-thread-1] INFO  server.RaftServerConfigKeys (ConfUtils.java:logGet(46)) - raft.server.rpc.timeout.max = 5200ms (custom)
2023-05-08 09:35:39,723 [pool-799-thread-1] INFO  server.RaftServerConfigKeys (ConfUtils.java:logGet(46)) - raft.server.rpc.sleep.time = 25ms (default)
2023-05-08 09:35:39,723 [pool-799-thread-1] INFO  server.RaftServerConfigKeys (ConfUtils.java:logGet(46)) - raft.server.rpc.slowness.timeout = 300s (custom)
2023-05-08 09:35:39,723 [pool-799-thread-1] INFO  server.RaftServerConfigKeys (ConfUtils.java:logGet(46)) - raft.server.leaderelection.leader.step-down.wait-time = 10s (default)
2023-05-08 09:35:39,724 [pool-799-thread-1] INFO  server.RaftServerConfigKeys (ConfUtils.java:logGet(46)) - raft.server.sleep.deviation.threshold = 300ms (default)
2023-05-08 09:35:39,724 [pool-799-thread-1] INFO  server.RaftServer$Division (ServerState.java:<init>(118)) - add4e6bd-fcc9-465d-bef9-bed764a13d1e@group-68E7495FD306: ConfigurationManager, init=-1: peers:[add4e6bd-fcc9-465d-bef9-bed764a13d1e|rpc:10.1.0.160:35941|dataStream:10.1.0.160:42367|priority:1|startupRole:FOLLOWER, 3e648b14-2e89-4337-9925-6e41fa74934b|rpc:10.1.0.160:32919|dataStream:10.1.0.160:34191|priority:0|startupRole:FOLLOWER, 3357f25e-fda2-4cb8-acb0-e93af4f54e63|rpc:10.1.0.160:40553|dataStream:10.1.0.160:42755|priority:0|startupRole:FOLLOWER]|listeners:[], old=null, confs=<EMPTY_MAP>
2023-05-08 09:35:39,724 [pool-799-thread-1] INFO  server.RaftServerConfigKeys (ConfUtils.java:logGet(46)) - raft.server.storage.dir = [/home/runner/work/ozone/ozone/hadoop-ozone/integration-test/target/test-dir/MiniOzoneClusterImpl-be56a2d2-96e4-45d9-aa7d-4262bbd71717/datanode-1/data/ratis] (custom)
2023-05-08 09:35:39,724 [pool-799-thread-1] INFO  server.RaftServerConfigKeys (ConfUtils.java:logGet(46)) - raft.server.log.corruption.policy = EXCEPTION (default)
2023-05-08 09:35:39,724 [pool-799-thread-1] INFO  server.RaftServerConfigKeys (ConfUtils.java:logGet(46)) - raft.server.storage.free-space.min = 0MB (=0) (default)
2023-05-08 09:35:39,724 [pool-799-thread-1] INFO  server.RaftServerConfigKeys (ConfUtils.java:logGet(46)) - raft.server.notification.no-leader.timeout = 300s (custom)
2023-05-08 09:35:39,724 [pool-799-thread-1] INFO  server.RaftServerConfigKeys (ConfUtils.java:logGet(46)) - raft.server.retrycache.expirytime = 600000ms (custom)
2023-05-08 09:35:39,724 [pool-799-thread-1] INFO  server.RaftServerConfigKeys (ConfUtils.java:logGet(46)) - raft.server.retrycache.statistics.expirytime = 100μs (default)
2023-05-08 09:35:39,725 [pool-799-thread-1] INFO  server.RaftServerConfigKeys (ConfUtils.java:logGet(46)) - raft.server.log.appender.install.snapshot.enabled = false (custom)
2023-05-08 09:35:39,725 [pool-799-thread-1] INFO  server.RaftServerConfigKeys (ConfUtils.java:logGet(46)) - raft.server.threadpool.server.cached = true (default)
2023-05-08 09:35:39,725 [pool-799-thread-1] INFO  server.RaftServerConfigKeys (ConfUtils.java:logGet(46)) - raft.server.threadpool.server.size = 0 (default)
2023-05-08 09:35:39,725 [pool-799-thread-1] INFO  server.RaftServerConfigKeys (ConfUtils.java:logGet(46)) - raft.server.threadpool.client.cached = true (default)
2023-05-08 09:35:39,725 [pool-799-thread-1] INFO  server.RaftServerConfigKeys (ConfUtils.java:logGet(46)) - raft.server.threadpool.client.size = 0 (default)
2023-05-08 09:35:39,725 [pool-799-thread-1] INFO  storage.RaftStorageDirectory (RaftStorageDirectoryImpl.java:analyzeStorage(137)) - The storage directory /home/runner/work/ozone/ozone/hadoop-ozone/integration-test/target/test-dir/MiniOzoneClusterImpl-be56a2d2-96e4-45d9-aa7d-4262bbd71717/datanode-1/data/ratis/61d9caab-dfec-4d6d-bab9-68e7495fd306 does not exist. Creating ...
2023-05-08 09:35:39,726 [pool-799-thread-1] INFO  storage.RaftStorageDirectory (RaftStorageDirectoryImpl.java:tryLock(231)) - Lock on /home/runner/work/ozone/ozone/hadoop-ozone/integration-test/target/test-dir/MiniOzoneClusterImpl-be56a2d2-96e4-45d9-aa7d-4262bbd71717/datanode-1/data/ratis/61d9caab-dfec-4d6d-bab9-68e7495fd306/in_use.lock acquired by nodename 7572@fv-az96-539
2023-05-08 09:35:39,728 [pool-799-thread-1] INFO  storage.RaftStorage (RaftStorageImpl.java:format(96)) - Storage directory /home/runner/work/ozone/ozone/hadoop-ozone/integration-test/target/test-dir/MiniOzoneClusterImpl-be56a2d2-96e4-45d9-aa7d-4262bbd71717/datanode-1/data/ratis/61d9caab-dfec-4d6d-bab9-68e7495fd306 has been successfully formatted.
2023-05-08 09:35:39,729 [pool-799-thread-1] INFO  ratis.ContainerStateMachine (ContainerStateMachine.java:loadSnapshot(262)) - group-68E7495FD306: The snapshot info is null. Setting the last applied indexto:(t:0, i:~)
2023-05-08 09:35:39,729 [pool-799-thread-1] INFO  server.RaftServerConfigKeys (ConfUtils.java:logGet(46)) - raft.server.log.use.memory = false (default)
2023-05-08 09:35:39,729 [pool-799-thread-1] INFO  server.RaftServerConfigKeys (ConfUtils.java:logGet(46)) - raft.server.log.purge.gap = 1000000 (custom)
2023-05-08 09:35:39,729 [pool-799-thread-1] INFO  server.RaftServerConfigKeys (ConfUtils.java:logGet(46)) - raft.server.log.appender.buffer.byte-limit = 33554432 (custom)
2023-05-08 09:35:39,729 [pool-799-thread-1] INFO  server.RaftServerConfigKeys (ConfUtils.java:logGet(46)) - raft.server.log.statemachine.data.read.timeout = 1000ms (default)
2023-05-08 09:35:39,729 [pool-799-thread-1] INFO  server.RaftServerConfigKeys (ConfUtils.java:logGet(46)) - raft.server.log.purge.preservation.log.num = 0 (default)
2023-05-08 09:35:39,729 [pool-799-thread-1] INFO  server.RaftServerConfigKeys (ConfUtils.java:logGet(46)) - raft.server.log.segment.size.max = 1048576 (custom)
2023-05-08 09:35:39,730 [pool-799-thread-1] INFO  server.RaftServerConfigKeys (ConfUtils.java:logGet(46)) - raft.server.log.segment.cache.num.max = 2 (custom)
2023-05-08 09:35:39,730 [pool-799-thread-1] INFO  server.RaftServerConfigKeys (ConfUtils.java:logGet(46)) - raft.server.log.segment.cache.size.max = 200MB (=209715200) (default)
2023-05-08 09:35:39,730 [pool-799-thread-1] INFO  segmented.SegmentedRaftLogWorker (SegmentedRaftLogWorker.java:<init>(189)) - new add4e6bd-fcc9-465d-bef9-bed764a13d1e@group-68E7495FD306-SegmentedRaftLogWorker for RaftStorageImpl:Storage Directory /home/runner/work/ozone/ozone/hadoop-ozone/integration-test/target/test-dir/MiniOzoneClusterImpl-be56a2d2-96e4-45d9-aa7d-4262bbd71717/datanode-1/data/ratis/61d9caab-dfec-4d6d-bab9-68e7495fd306
2023-05-08 09:35:39,730 [pool-799-thread-1] INFO  server.RaftServerConfigKeys (ConfUtils.java:logGet(46)) - raft.server.log.queue.byte-limit = 4294967296 (custom)
2023-05-08 09:35:39,730 [pool-799-thread-1] INFO  server.RaftServerConfigKeys (ConfUtils.java:logGet(46)) - raft.server.log.queue.element-limit = 1024 (custom)
2023-05-08 09:35:39,730 [pool-799-thread-1] INFO  server.RaftServerConfigKeys (ConfUtils.java:logGet(46)) - raft.server.log.segment.size.max = 1048576 (custom)
2023-05-08 09:35:39,730 [pool-799-thread-1] INFO  server.RaftServerConfigKeys (ConfUtils.java:logGet(46)) - raft.server.log.preallocated.size = 16384 (custom)
2023-05-08 09:35:39,730 [pool-799-thread-1] INFO  server.RaftServerConfigKeys (ConfUtils.java:logGet(46)) - raft.server.log.force.sync.num = 128 (default)
2023-05-08 09:35:39,730 [pool-799-thread-1] INFO  server.RaftServerConfigKeys (ConfUtils.java:logGet(46)) - raft.server.log.statemachine.data.sync = true (default)
2023-05-08 09:35:39,730 [pool-799-thread-1] INFO  server.RaftServerConfigKeys (ConfUtils.java:logGet(46)) - raft.server.log.statemachine.data.sync.timeout = 10s (default)
2023-05-08 09:35:39,730 [pool-799-thread-1] INFO  server.RaftServerConfigKeys (ConfUtils.java:logGet(46)) - raft.server.log.statemachine.data.sync.timeout.retry = -1 (default)
2023-05-08 09:35:39,731 [pool-799-thread-1] INFO  server.RaftServerConfigKeys (ConfUtils.java:logGet(46)) - raft.server.log.write.buffer.size = 1048576 (custom)
2023-05-08 09:35:39,731 [pool-799-thread-1] INFO  server.RaftServerConfigKeys (ConfUtils.java:logGet(46)) - raft.server.log.appender.buffer.byte-limit = 33554432 (custom)
2023-05-08 09:35:39,736 [pool-799-thread-1] INFO  server.RaftServerConfigKeys (ConfUtils.java:logGet(46)) - raft.server.log.unsafe-flush.enabled = false (default)
2023-05-08 09:35:39,736 [pool-799-thread-1] INFO  server.RaftServerConfigKeys (ConfUtils.java:logGet(46)) - raft.server.log.async-flush.enabled = false (default)
2023-05-08 09:35:39,736 [pool-799-thread-1] INFO  server.RaftServerConfigKeys (ConfUtils.java:logGet(46)) - raft.server.log.statemachine.data.caching.enabled = true (custom)
2023-05-08 09:35:39,736 [pool-799-thread-1] INFO  segmented.SegmentedRaftLogWorker (SegmentedRaftLogWorker.java:lambda$new$0(135)) - add4e6bd-fcc9-465d-bef9-bed764a13d1e@group-68E7495FD306-SegmentedRaftLogWorker: flushIndex: setUnconditionally 0 -> -1
2023-05-08 09:35:39,736 [pool-799-thread-1] INFO  segmented.SegmentedRaftLogWorker (SegmentedRaftLogWorker.java:lambda$new$0(135)) - add4e6bd-fcc9-465d-bef9-bed764a13d1e@group-68E7495FD306-SegmentedRaftLogWorker: safeCacheEvictIndex: setUnconditionally 0 -> -1
2023-05-08 09:35:39,737 [pool-799-thread-1] INFO  server.RaftServer$Division (RaftServerImpl.java:start(334)) - add4e6bd-fcc9-465d-bef9-bed764a13d1e@group-68E7495FD306: start as a follower, conf=-1: peers:[add4e6bd-fcc9-465d-bef9-bed764a13d1e|rpc:10.1.0.160:35941|dataStream:10.1.0.160:42367|priority:1|startupRole:FOLLOWER, 3e648b14-2e89-4337-9925-6e41fa74934b|rpc:10.1.0.160:32919|dataStream:10.1.0.160:34191|priority:0|startupRole:FOLLOWER, 3357f25e-fda2-4cb8-acb0-e93af4f54e63|rpc:10.1.0.160:40553|dataStream:10.1.0.160:42755|priority:0|startupRole:FOLLOWER]|listeners:[], old=null
2023-05-08 09:35:39,737 [pool-799-thread-1] INFO  server.RaftServer$Division (RaftServerImpl.java:setRole(321)) - add4e6bd-fcc9-465d-bef9-bed764a13d1e@group-68E7495FD306: changes role from      null to FOLLOWER at term 0 for startAsFollower
2023-05-08 09:35:39,737 [pool-799-thread-1] INFO  impl.RoleInfo (RoleInfo.java:updateAndGet(139)) - add4e6bd-fcc9-465d-bef9-bed764a13d1e: start add4e6bd-fcc9-465d-bef9-bed764a13d1e@group-68E7495FD306-FollowerState
2023-05-08 09:35:39,737 [pool-799-thread-1] INFO  util.JmxRegister (JmxRegister.java:tryRegister(44)) - Successfully registered JMX Bean with object name Ratis:service=RaftServer,group=group-68E7495FD306,id=add4e6bd-fcc9-465d-bef9-bed764a13d1e
2023-05-08 09:35:39,737 [pool-799-thread-1] INFO  server.RaftServerConfigKeys (ConfUtils.java:logGet(46)) - raft.server.snapshot.auto.trigger.enabled = true (custom)
2023-05-08 09:35:39,737 [pool-799-thread-1] INFO  server.RaftServerConfigKeys (ConfUtils.java:logGet(46)) - raft.server.snapshot.auto.trigger.threshold = 10000 (custom)
2023-05-08 09:35:39,737 [pool-799-thread-1] INFO  server.RaftServerConfigKeys (ConfUtils.java:logGet(46)) - raft.server.snapshot.retention.file.num = 5 (custom)
2023-05-08 09:35:39,737 [pool-799-thread-1] INFO  server.RaftServerConfigKeys (ConfUtils.java:logGet(46)) - raft.server.log.purge.upto.snapshot.index = false (default)
2023-05-08 09:35:39,738 [add4e6bd-fcc9-465d-bef9-bed764a13d1e@group-68E7495FD306-FollowerState] INFO  server.RaftServerConfigKeys (ConfUtils.java:logFallback(53)) - raft.server.rpc.first-election.timeout.min = 5s (fallback to raft.server.rpc.timeout.min)
2023-05-08 09:35:39,738 [add4e6bd-fcc9-465d-bef9-bed764a13d1e@group-68E7495FD306-FollowerState] INFO  server.RaftServerConfigKeys (ConfUtils.java:logFallback(53)) - raft.server.rpc.first-election.timeout.max = 5200ms (fallback to raft.server.rpc.timeout.max)
2023-05-08 09:35:39,744 [Command processor thread] INFO  commandhandler.CreatePipelineCommandHandler (CreatePipelineCommandHandler.java:handle(113)) - Created Pipeline RATIS THREE PipelineID=61d9caab-dfec-4d6d-bab9-68e7495fd306.
2023-05-08 09:35:39,870 [Command processor thread] INFO  server.RaftServer (RaftServerProxy.java:addNew(96)) - add4e6bd-fcc9-465d-bef9-bed764a13d1e: addNew group-0433E262036B:[add4e6bd-fcc9-465d-bef9-bed764a13d1e|rpc:10.1.0.160:35941|dataStream:10.1.0.160:42367|priority:1|startupRole:FOLLOWER] returns group-0433E262036B:java.util.concurrent.CompletableFuture@45950bf3[Not completed]
2023-05-08 09:35:39,871 [pool-799-thread-1] INFO  server.RaftServer$Division (RaftServerImpl.java:<init>(195)) - add4e6bd-fcc9-465d-bef9-bed764a13d1e: new RaftServerImpl for group-0433E262036B:[add4e6bd-fcc9-465d-bef9-bed764a13d1e|rpc:10.1.0.160:35941|dataStream:10.1.0.160:42367|priority:1|startupRole:FOLLOWER] with ContainerStateMachine:uninitialized
2023-05-08 09:35:39,871 [pool-799-thread-1] INFO  server.RaftServerConfigKeys (ConfUtils.java:logGet(46)) - raft.server.rpc.timeout.min = 5s (custom)
2023-05-08 09:35:39,871 [pool-799-thread-1] INFO  server.RaftServerConfigKeys (ConfUtils.java:logGet(46)) - raft.server.rpc.timeout.max = 5200ms (custom)
2023-05-08 09:35:39,871 [pool-799-thread-1] INFO  server.RaftServerConfigKeys (ConfUtils.java:logGet(46)) - raft.server.rpc.sleep.time = 25ms (default)
2023-05-08 09:35:39,871 [pool-799-thread-1] INFO  server.RaftServerConfigKeys (ConfUtils.java:logGet(46)) - raft.server.rpc.slowness.timeout = 300s (custom)
2023-05-08 09:35:39,871 [pool-799-thread-1] INFO  server.RaftServerConfigKeys (ConfUtils.java:logGet(46)) - raft.server.leaderelection.leader.step-down.wait-time = 10s (default)
2023-05-08 09:35:39,871 [pool-799-thread-1] INFO  server.RaftServerConfigKeys (ConfUtils.java:logGet(46)) - raft.server.sleep.deviation.threshold = 300ms (default)
2023-05-08 09:35:39,871 [pool-799-thread-1] INFO  server.RaftServer$Division (ServerState.java:<init>(118)) - add4e6bd-fcc9-465d-bef9-bed764a13d1e@group-0433E262036B: ConfigurationManager, init=-1: peers:[add4e6bd-fcc9-465d-bef9-bed764a13d1e|rpc:10.1.0.160:35941|dataStream:10.1.0.160:42367|priority:1|startupRole:FOLLOWER]|listeners:[], old=null, confs=<EMPTY_MAP>
2023-05-08 09:35:39,872 [pool-799-thread-1] INFO  server.RaftServerConfigKeys (ConfUtils.java:logGet(46)) - raft.server.storage.dir = [/home/runner/work/ozone/ozone/hadoop-ozone/integration-test/target/test-dir/MiniOzoneClusterImpl-be56a2d2-96e4-45d9-aa7d-4262bbd71717/datanode-1/data/ratis] (custom)
2023-05-08 09:35:39,872 [pool-799-thread-1] INFO  server.RaftServerConfigKeys (ConfUtils.java:logGet(46)) - raft.server.log.corruption.policy = EXCEPTION (default)
2023-05-08 09:35:39,872 [pool-799-thread-1] INFO  server.RaftServerConfigKeys (ConfUtils.java:logGet(46)) - raft.server.storage.free-space.min = 0MB (=0) (default)
2023-05-08 09:35:39,872 [pool-799-thread-1] INFO  server.RaftServerConfigKeys (ConfUtils.java:logGet(46)) - raft.server.notification.no-leader.timeout = 300s (custom)
2023-05-08 09:35:39,872 [pool-799-thread-1] INFO  server.RaftServerConfigKeys (ConfUtils.java:logGet(46)) - raft.server.retrycache.expirytime = 600000ms (custom)
2023-05-08 09:35:39,872 [pool-799-thread-1] INFO  server.RaftServerConfigKeys (ConfUtils.java:logGet(46)) - raft.server.retrycache.statistics.expirytime = 100μs (default)
2023-05-08 09:35:39,873 [pool-799-thread-1] INFO  server.RaftServerConfigKeys (ConfUtils.java:logGet(46)) - raft.server.log.appender.install.snapshot.enabled = false (custom)
2023-05-08 09:35:39,873 [pool-799-thread-1] INFO  server.RaftServerConfigKeys (ConfUtils.java:logGet(46)) - raft.server.threadpool.server.cached = true (default)
2023-05-08 09:35:39,873 [pool-799-thread-1] INFO  server.RaftServerConfigKeys (ConfUtils.java:logGet(46)) - raft.server.threadpool.server.size = 0 (default)
2023-05-08 09:35:39,873 [pool-799-thread-1] INFO  server.RaftServerConfigKeys (ConfUtils.java:logGet(46)) - raft.server.threadpool.client.cached = true (default)
2023-05-08 09:35:39,873 [pool-799-thread-1] INFO  server.RaftServerConfigKeys (ConfUtils.java:logGet(46)) - raft.server.threadpool.client.size = 0 (default)
2023-05-08 09:35:39,873 [pool-799-thread-1] INFO  storage.RaftStorageDirectory (RaftStorageDirectoryImpl.java:analyzeStorage(137)) - The storage directory /home/runner/work/ozone/ozone/hadoop-ozone/integration-test/target/test-dir/MiniOzoneClusterImpl-be56a2d2-96e4-45d9-aa7d-4262bbd71717/datanode-1/data/ratis/26322711-d698-4f8c-aa4a-0433e262036b does not exist. Creating ...
2023-05-08 09:35:39,875 [pool-799-thread-1] INFO  storage.RaftStorageDirectory (RaftStorageDirectoryImpl.java:tryLock(231)) - Lock on /home/runner/work/ozone/ozone/hadoop-ozone/integration-test/target/test-dir/MiniOzoneClusterImpl-be56a2d2-96e4-45d9-aa7d-4262bbd71717/datanode-1/data/ratis/26322711-d698-4f8c-aa4a-0433e262036b/in_use.lock acquired by nodename 7572@fv-az96-539
2023-05-08 09:35:39,876 [pool-799-thread-1] INFO  storage.RaftStorage (RaftStorageImpl.java:format(96)) - Storage directory /home/runner/work/ozone/ozone/hadoop-ozone/integration-test/target/test-dir/MiniOzoneClusterImpl-be56a2d2-96e4-45d9-aa7d-4262bbd71717/datanode-1/data/ratis/26322711-d698-4f8c-aa4a-0433e262036b has been successfully formatted.
2023-05-08 09:35:39,878 [EventQueue-PipelineReportForPipelineReportHandler] INFO  pipeline.PipelineManagerImpl (PipelineManagerImpl.java:openPipeline(367)) - Pipeline Pipeline[ Id: 26322711-d698-4f8c-aa4a-0433e262036b, Nodes: add4e6bd-fcc9-465d-bef9-bed764a13d1e(fv-az96-539/10.1.0.160), ReplicationConfig: RATIS/ONE, State:ALLOCATED, leaderId:add4e6bd-fcc9-465d-bef9-bed764a13d1e, CreationTimestamp2023-05-08T09:35:36.876Z[Etc/UTC]] moved to OPEN state
2023-05-08 09:35:39,878 [pool-799-thread-1] INFO  ratis.ContainerStateMachine (ContainerStateMachine.java:loadSnapshot(262)) - group-0433E262036B: The snapshot info is null. Setting the last applied indexto:(t:0, i:~)
2023-05-08 09:35:39,878 [EventQueue-OpenPipelineForHealthyPipelineSafeModeRule] INFO  safemode.SCMSafeModeManager (HealthyPipelineSafeModeRule.java:process(137)) - SCM in safe mode. Healthy pipelines reported count is 0, required healthy pipeline reported count is 1
2023-05-08 09:35:39,878 [pool-799-thread-1] INFO  server.RaftServerConfigKeys (ConfUtils.java:logGet(46)) - raft.server.log.use.memory = false (default)
2023-05-08 09:35:39,878 [pool-799-thread-1] INFO  server.RaftServerConfigKeys (ConfUtils.java:logGet(46)) - raft.server.log.purge.gap = 1000000 (custom)
2023-05-08 09:35:39,879 [pool-799-thread-1] INFO  server.RaftServerConfigKeys (ConfUtils.java:logGet(46)) - raft.server.log.appender.buffer.byte-limit = 33554432 (custom)
2023-05-08 09:35:39,879 [pool-799-thread-1] INFO  server.RaftServerConfigKeys (ConfUtils.java:logGet(46)) - raft.server.log.statemachine.data.read.timeout = 1000ms (default)
2023-05-08 09:35:39,879 [pool-799-thread-1] INFO  server.RaftServerConfigKeys (ConfUtils.java:logGet(46)) - raft.server.log.purge.preservation.log.num = 0 (default)
2023-05-08 09:35:39,879 [pool-799-thread-1] INFO  server.RaftServerConfigKeys (ConfUtils.java:logGet(46)) - raft.server.log.segment.size.max = 1048576 (custom)
2023-05-08 09:35:39,879 [pool-799-thread-1] INFO  server.RaftServerConfigKeys (ConfUtils.java:logGet(46)) - raft.server.log.segment.cache.num.max = 2 (custom)
2023-05-08 09:35:39,879 [pool-799-thread-1] INFO  server.RaftServerConfigKeys (ConfUtils.java:logGet(46)) - raft.server.log.segment.cache.size.max = 200MB (=209715200) (default)
2023-05-08 09:35:39,879 [pool-799-thread-1] INFO  segmented.SegmentedRaftLogWorker (SegmentedRaftLogWorker.java:<init>(189)) - new add4e6bd-fcc9-465d-bef9-bed764a13d1e@group-0433E262036B-SegmentedRaftLogWorker for RaftStorageImpl:Storage Directory /home/runner/work/ozone/ozone/hadoop-ozone/integration-test/target/test-dir/MiniOzoneClusterImpl-be56a2d2-96e4-45d9-aa7d-4262bbd71717/datanode-1/data/ratis/26322711-d698-4f8c-aa4a-0433e262036b
2023-05-08 09:35:39,879 [pool-799-thread-1] INFO  server.RaftServerConfigKeys (ConfUtils.java:logGet(46)) - raft.server.log.queue.byte-limit = 4294967296 (custom)
2023-05-08 09:35:39,879 [pool-799-thread-1] INFO  server.RaftServerConfigKeys (ConfUtils.java:logGet(46)) - raft.server.log.queue.element-limit = 1024 (custom)
2023-05-08 09:35:39,879 [pool-799-thread-1] INFO  server.RaftServerConfigKeys (ConfUtils.java:logGet(46)) - raft.server.log.segment.size.max = 1048576 (custom)
2023-05-08 09:35:39,879 [pool-799-thread-1] INFO  server.RaftServerConfigKeys (ConfUtils.java:logGet(46)) - raft.server.log.preallocated.size = 16384 (custom)
2023-05-08 09:35:39,879 [pool-799-thread-1] INFO  server.RaftServerConfigKeys (ConfUtils.java:logGet(46)) - raft.server.log.force.sync.num = 128 (default)
2023-05-08 09:35:39,879 [pool-799-thread-1] INFO  server.RaftServerConfigKeys (ConfUtils.java:logGet(46)) - raft.server.log.statemachine.data.sync = true (default)
2023-05-08 09:35:39,880 [pool-799-thread-1] INFO  server.RaftServerConfigKeys (ConfUtils.java:logGet(46)) - raft.server.log.statemachine.data.sync.timeout = 10s (default)
2023-05-08 09:35:39,880 [pool-799-thread-1] INFO  server.RaftServerConfigKeys (ConfUtils.java:logGet(46)) - raft.server.log.statemachine.data.sync.timeout.retry = -1 (default)
2023-05-08 09:35:39,880 [pool-799-thread-1] INFO  server.RaftServerConfigKeys (ConfUtils.java:logGet(46)) - raft.server.log.write.buffer.size = 1048576 (custom)
2023-05-08 09:35:39,881 [pool-799-thread-1] INFO  server.RaftServerConfigKeys (ConfUtils.java:logGet(46)) - raft.server.log.appender.buffer.byte-limit = 33554432 (custom)
2023-05-08 09:35:39,887 [pool-799-thread-1] INFO  server.RaftServerConfigKeys (ConfUtils.java:logGet(46)) - raft.server.log.unsafe-flush.enabled = false (default)
2023-05-08 09:35:39,887 [pool-799-thread-1] INFO  server.RaftServerConfigKeys (ConfUtils.java:logGet(46)) - raft.server.log.async-flush.enabled = false (default)
2023-05-08 09:35:39,887 [pool-799-thread-1] INFO  server.RaftServerConfigKeys (ConfUtils.java:logGet(46)) - raft.server.log.statemachine.data.caching.enabled = true (custom)
2023-05-08 09:35:39,887 [pool-799-thread-1] INFO  segmented.SegmentedRaftLogWorker (SegmentedRaftLogWorker.java:lambda$new$0(135)) - add4e6bd-fcc9-465d-bef9-bed764a13d1e@group-0433E262036B-SegmentedRaftLogWorker: flushIndex: setUnconditionally 0 -> -1
2023-05-08 09:35:39,887 [pool-799-thread-1] INFO  segmented.SegmentedRaftLogWorker (SegmentedRaftLogWorker.java:lambda$new$0(135)) - add4e6bd-fcc9-465d-bef9-bed764a13d1e@group-0433E262036B-SegmentedRaftLogWorker: safeCacheEvictIndex: setUnconditionally 0 -> -1
2023-05-08 09:35:39,887 [pool-799-thread-1] INFO  server.RaftServer$Division (RaftServerImpl.java:start(334)) - add4e6bd-fcc9-465d-bef9-bed764a13d1e@group-0433E262036B: start as a follower, conf=-1: peers:[add4e6bd-fcc9-465d-bef9-bed764a13d1e|rpc:10.1.0.160:35941|dataStream:10.1.0.160:42367|priority:1|startupRole:FOLLOWER]|listeners:[], old=null
2023-05-08 09:35:39,887 [pool-799-thread-1] INFO  server.RaftServer$Division (RaftServerImpl.java:setRole(321)) - add4e6bd-fcc9-465d-bef9-bed764a13d1e@group-0433E262036B: changes role from      null to FOLLOWER at term 0 for startAsFollower
2023-05-08 09:35:39,887 [pool-799-thread-1] INFO  impl.RoleInfo (RoleInfo.java:updateAndGet(139)) - add4e6bd-fcc9-465d-bef9-bed764a13d1e: start add4e6bd-fcc9-465d-bef9-bed764a13d1e@group-0433E262036B-FollowerState
2023-05-08 09:35:39,888 [pool-799-thread-1] INFO  util.JmxRegister (JmxRegister.java:tryRegister(44)) - Successfully registered JMX Bean with object name Ratis:service=RaftServer,group=group-0433E262036B,id=add4e6bd-fcc9-465d-bef9-bed764a13d1e
2023-05-08 09:35:39,888 [pool-799-thread-1] INFO  server.RaftServerConfigKeys (ConfUtils.java:logGet(46)) - raft.server.snapshot.auto.trigger.enabled = true (custom)
2023-05-08 09:35:39,888 [pool-799-thread-1] INFO  server.RaftServerConfigKeys (ConfUtils.java:logGet(46)) - raft.server.snapshot.auto.trigger.threshold = 10000 (custom)
2023-05-08 09:35:39,888 [pool-799-thread-1] INFO  server.RaftServerConfigKeys (ConfUtils.java:logGet(46)) - raft.server.snapshot.retention.file.num = 5 (custom)
2023-05-08 09:35:39,888 [pool-799-thread-1] INFO  server.RaftServerConfigKeys (ConfUtils.java:logGet(46)) - raft.server.log.purge.upto.snapshot.index = false (default)
2023-05-08 09:35:39,888 [add4e6bd-fcc9-465d-bef9-bed764a13d1e@group-0433E262036B-FollowerState] INFO  server.RaftServerConfigKeys (ConfUtils.java:logFallback(53)) - raft.server.rpc.first-election.timeout.min = 5s (fallback to raft.server.rpc.timeout.min)
2023-05-08 09:35:39,888 [add4e6bd-fcc9-465d-bef9-bed764a13d1e@group-0433E262036B-FollowerState] INFO  server.RaftServerConfigKeys (ConfUtils.java:logFallback(53)) - raft.server.rpc.first-election.timeout.max = 5200ms (fallback to raft.server.rpc.timeout.max)
2023-05-08 09:35:39,889 [Command processor thread] INFO  ratis.XceiverServerRatis (XceiverServerRatis.java:addGroup(806)) - Created group PipelineID=26322711-d698-4f8c-aa4a-0433e262036b
2023-05-08 09:35:39,889 [Command processor thread] INFO  commandhandler.CreatePipelineCommandHandler (CreatePipelineCommandHandler.java:handle(113)) - Created Pipeline RATIS ONE PipelineID=26322711-d698-4f8c-aa4a-0433e262036b.
2023-05-08 09:35:40,230 [Command processor thread] INFO  server.RaftServer (RaftServerProxy.java:addNew(96)) - 3357f25e-fda2-4cb8-acb0-e93af4f54e63: addNew group-9480B9302252:[3357f25e-fda2-4cb8-acb0-e93af4f54e63|rpc:10.1.0.160:40553|dataStream:10.1.0.160:42755|priority:1|startupRole:FOLLOWER] returns group-9480B9302252:java.util.concurrent.CompletableFuture@1a6aa4a3[Not completed]
2023-05-08 09:35:40,231 [pool-821-thread-1] INFO  server.RaftServer$Division (RaftServerImpl.java:<init>(195)) - 3357f25e-fda2-4cb8-acb0-e93af4f54e63: new RaftServerImpl for group-9480B9302252:[3357f25e-fda2-4cb8-acb0-e93af4f54e63|rpc:10.1.0.160:40553|dataStream:10.1.0.160:42755|priority:1|startupRole:FOLLOWER] with ContainerStateMachine:uninitialized
2023-05-08 09:35:40,231 [pool-821-thread-1] INFO  server.RaftServerConfigKeys (ConfUtils.java:logGet(46)) - raft.server.rpc.timeout.min = 5s (custom)
2023-05-08 09:35:40,231 [pool-821-thread-1] INFO  server.RaftServerConfigKeys (ConfUtils.java:logGet(46)) - raft.server.rpc.timeout.max = 5200ms (custom)
2023-05-08 09:35:40,231 [pool-821-thread-1] INFO  server.RaftServerConfigKeys (ConfUtils.java:logGet(46)) - raft.server.rpc.sleep.time = 25ms (default)
2023-05-08 09:35:40,231 [pool-821-thread-1] INFO  server.RaftServerConfigKeys (ConfUtils.java:logGet(46)) - raft.server.rpc.slowness.timeout = 300s (custom)
2023-05-08 09:35:40,231 [pool-821-thread-1] INFO  server.RaftServerConfigKeys (ConfUtils.java:logGet(46)) - raft.server.leaderelection.leader.step-down.wait-time = 10s (default)
2023-05-08 09:35:40,231 [pool-821-thread-1] INFO  server.RaftServerConfigKeys (ConfUtils.java:logGet(46)) - raft.server.sleep.deviation.threshold = 300ms (default)
2023-05-08 09:35:40,231 [pool-821-thread-1] INFO  server.RaftServer$Division (ServerState.java:<init>(118)) - 3357f25e-fda2-4cb8-acb0-e93af4f54e63@group-9480B9302252: ConfigurationManager, init=-1: peers:[3357f25e-fda2-4cb8-acb0-e93af4f54e63|rpc:10.1.0.160:40553|dataStream:10.1.0.160:42755|priority:1|startupRole:FOLLOWER]|listeners:[], old=null, confs=<EMPTY_MAP>
2023-05-08 09:35:40,231 [pool-821-thread-1] INFO  server.RaftServerConfigKeys (ConfUtils.java:logGet(46)) - raft.server.storage.dir = [/home/runner/work/ozone/ozone/hadoop-ozone/integration-test/target/test-dir/MiniOzoneClusterImpl-be56a2d2-96e4-45d9-aa7d-4262bbd71717/datanode-2/data/ratis] (custom)
2023-05-08 09:35:40,232 [pool-821-thread-1] INFO  server.RaftServerConfigKeys (ConfUtils.java:logGet(46)) - raft.server.log.corruption.policy = EXCEPTION (default)
2023-05-08 09:35:40,232 [pool-821-thread-1] INFO  server.RaftServerConfigKeys (ConfUtils.java:logGet(46)) - raft.server.storage.free-space.min = 0MB (=0) (default)
2023-05-08 09:35:40,232 [pool-821-thread-1] INFO  server.RaftServerConfigKeys (ConfUtils.java:logGet(46)) - raft.server.notification.no-leader.timeout = 300s (custom)
2023-05-08 09:35:40,232 [pool-821-thread-1] INFO  server.RaftServerConfigKeys (ConfUtils.java:logGet(46)) - raft.server.retrycache.expirytime = 600000ms (custom)
2023-05-08 09:35:40,232 [pool-821-thread-1] INFO  server.RaftServerConfigKeys (ConfUtils.java:logGet(46)) - raft.server.retrycache.statistics.expirytime = 100μs (default)
2023-05-08 09:35:40,232 [Listener at 127.0.0.1/38037] INFO  ozone.MiniOzoneClusterImpl (MiniOzoneClusterImpl.java:lambda$waitForClusterToBeReady$0(224)) - Nodes are ready. Got 3 of 3 DN Heartbeats.
2023-05-08 09:35:40,232 [Listener at 127.0.0.1/38037] INFO  ozone.MiniOzoneClusterImpl (MiniOzoneClusterImpl.java:lambda$waitForClusterToBeReady$0(227)) - Waiting for cluster to exit safe mode
2023-05-08 09:35:40,232 [Listener at 127.0.0.1/38037] INFO  ozone.MiniOzoneClusterImpl (MiniOzoneClusterImpl.java:lambda$waitForClusterToBeReady$0(229)) - SCM became leader
2023-05-08 09:35:40,233 [pool-821-thread-1] INFO  server.RaftServerConfigKeys (ConfUtils.java:logGet(46)) - raft.server.log.appender.install.snapshot.enabled = false (custom)
2023-05-08 09:35:40,233 [pool-821-thread-1] INFO  server.RaftServerConfigKeys (ConfUtils.java:logGet(46)) - raft.server.threadpool.server.cached = true (default)
2023-05-08 09:35:40,233 [pool-821-thread-1] INFO  server.RaftServerConfigKeys (ConfUtils.java:logGet(46)) - raft.server.threadpool.server.size = 0 (default)
2023-05-08 09:35:40,233 [pool-821-thread-1] INFO  server.RaftServerConfigKeys (ConfUtils.java:logGet(46)) - raft.server.threadpool.client.cached = true (default)
2023-05-08 09:35:40,233 [pool-821-thread-1] INFO  server.RaftServerConfigKeys (ConfUtils.java:logGet(46)) - raft.server.threadpool.client.size = 0 (default)
2023-05-08 09:35:40,233 [pool-821-thread-1] INFO  storage.RaftStorageDirectory (RaftStorageDirectoryImpl.java:analyzeStorage(137)) - The storage directory /home/runner/work/ozone/ozone/hadoop-ozone/integration-test/target/test-dir/MiniOzoneClusterImpl-be56a2d2-96e4-45d9-aa7d-4262bbd71717/datanode-2/data/ratis/9e6eef32-60bd-4266-991d-9480b9302252 does not exist. Creating ...
2023-05-08 09:35:40,236 [pool-821-thread-1] INFO  storage.RaftStorageDirectory (RaftStorageDirectoryImpl.java:tryLock(231)) - Lock on /home/runner/work/ozone/ozone/hadoop-ozone/integration-test/target/test-dir/MiniOzoneClusterImpl-be56a2d2-96e4-45d9-aa7d-4262bbd71717/datanode-2/data/ratis/9e6eef32-60bd-4266-991d-9480b9302252/in_use.lock acquired by nodename 7572@fv-az96-539
2023-05-08 09:35:40,238 [pool-821-thread-1] INFO  storage.RaftStorage (RaftStorageImpl.java:format(96)) - Storage directory /home/runner/work/ozone/ozone/hadoop-ozone/integration-test/target/test-dir/MiniOzoneClusterImpl-be56a2d2-96e4-45d9-aa7d-4262bbd71717/datanode-2/data/ratis/9e6eef32-60bd-4266-991d-9480b9302252 has been successfully formatted.
2023-05-08 09:35:40,238 [pool-821-thread-1] INFO  ratis.ContainerStateMachine (ContainerStateMachine.java:loadSnapshot(262)) - group-9480B9302252: The snapshot info is null. Setting the last applied indexto:(t:0, i:~)
2023-05-08 09:35:40,238 [pool-821-thread-1] INFO  server.RaftServerConfigKeys (ConfUtils.java:logGet(46)) - raft.server.log.use.memory = false (default)
2023-05-08 09:35:40,239 [pool-821-thread-1] INFO  server.RaftServerConfigKeys (ConfUtils.java:logGet(46)) - raft.server.log.purge.gap = 1000000 (custom)
2023-05-08 09:35:40,239 [pool-821-thread-1] INFO  server.RaftServerConfigKeys (ConfUtils.java:logGet(46)) - raft.server.log.appender.buffer.byte-limit = 33554432 (custom)
2023-05-08 09:35:40,239 [pool-821-thread-1] INFO  server.RaftServerConfigKeys (ConfUtils.java:logGet(46)) - raft.server.log.statemachine.data.read.timeout = 1000ms (default)
2023-05-08 09:35:40,239 [pool-821-thread-1] INFO  server.RaftServerConfigKeys (ConfUtils.java:logGet(46)) - raft.server.log.purge.preservation.log.num = 0 (default)
2023-05-08 09:35:40,239 [pool-821-thread-1] INFO  server.RaftServerConfigKeys (ConfUtils.java:logGet(46)) - raft.server.log.segment.size.max = 1048576 (custom)
2023-05-08 09:35:40,239 [pool-821-thread-1] INFO  server.RaftServerConfigKeys (ConfUtils.java:logGet(46)) - raft.server.log.segment.cache.num.max = 2 (custom)
2023-05-08 09:35:40,239 [pool-821-thread-1] INFO  server.RaftServerConfigKeys (ConfUtils.java:logGet(46)) - raft.server.log.segment.cache.size.max = 200MB (=209715200) (default)
2023-05-08 09:35:40,239 [pool-821-thread-1] INFO  segmented.SegmentedRaftLogWorker (SegmentedRaftLogWorker.java:<init>(189)) - new 3357f25e-fda2-4cb8-acb0-e93af4f54e63@group-9480B9302252-SegmentedRaftLogWorker for RaftStorageImpl:Storage Directory /home/runner/work/ozone/ozone/hadoop-ozone/integration-test/target/test-dir/MiniOzoneClusterImpl-be56a2d2-96e4-45d9-aa7d-4262bbd71717/datanode-2/data/ratis/9e6eef32-60bd-4266-991d-9480b9302252
2023-05-08 09:35:40,239 [pool-821-thread-1] INFO  server.RaftServerConfigKeys (ConfUtils.java:logGet(46)) - raft.server.log.queue.byte-limit = 4294967296 (custom)
2023-05-08 09:35:40,239 [pool-821-thread-1] INFO  server.RaftServerConfigKeys (ConfUtils.java:logGet(46)) - raft.server.log.queue.element-limit = 1024 (custom)
2023-05-08 09:35:40,239 [pool-821-thread-1] INFO  server.RaftServerConfigKeys (ConfUtils.java:logGet(46)) - raft.server.log.segment.size.max = 1048576 (custom)
2023-05-08 09:35:40,239 [pool-821-thread-1] INFO  server.RaftServerConfigKeys (ConfUtils.java:logGet(46)) - raft.server.log.preallocated.size = 16384 (custom)
2023-05-08 09:35:40,239 [pool-821-thread-1] INFO  server.RaftServerConfigKeys (ConfUtils.java:logGet(46)) - raft.server.log.force.sync.num = 128 (default)
2023-05-08 09:35:40,239 [pool-821-thread-1] INFO  server.RaftServerConfigKeys (ConfUtils.java:logGet(46)) - raft.server.log.statemachine.data.sync = true (default)
2023-05-08 09:35:40,240 [pool-821-thread-1] INFO  server.RaftServerConfigKeys (ConfUtils.java:logGet(46)) - raft.server.log.statemachine.data.sync.timeout = 10s (default)
2023-05-08 09:35:40,240 [pool-821-thread-1] INFO  server.RaftServerConfigKeys (ConfUtils.java:logGet(46)) - raft.server.log.statemachine.data.sync.timeout.retry = -1 (default)
2023-05-08 09:35:40,240 [pool-821-thread-1] INFO  server.RaftServerConfigKeys (ConfUtils.java:logGet(46)) - raft.server.log.write.buffer.size = 1048576 (custom)
2023-05-08 09:35:40,240 [EventQueue-PipelineReportForPipelineReportHandler] INFO  pipeline.PipelineManagerImpl (PipelineManagerImpl.java:openPipeline(367)) - Pipeline Pipeline[ Id: 9e6eef32-60bd-4266-991d-9480b9302252, Nodes: 3357f25e-fda2-4cb8-acb0-e93af4f54e63(fv-az96-539/10.1.0.160), ReplicationConfig: RATIS/ONE, State:ALLOCATED, leaderId:3357f25e-fda2-4cb8-acb0-e93af4f54e63, CreationTimestamp2023-05-08T09:35:37.232Z[Etc/UTC]] moved to OPEN state
2023-05-08 09:35:40,240 [pool-821-thread-1] INFO  server.RaftServerConfigKeys (ConfUtils.java:logGet(46)) - raft.server.log.appender.buffer.byte-limit = 33554432 (custom)
2023-05-08 09:35:40,240 [EventQueue-OpenPipelineForHealthyPipelineSafeModeRule] INFO  safemode.SCMSafeModeManager (HealthyPipelineSafeModeRule.java:process(137)) - SCM in safe mode. Healthy pipelines reported count is 0, required healthy pipeline reported count is 1
2023-05-08 09:35:40,248 [pool-821-thread-1] INFO  server.RaftServerConfigKeys (ConfUtils.java:logGet(46)) - raft.server.log.unsafe-flush.enabled = false (default)
2023-05-08 09:35:40,248 [pool-821-thread-1] INFO  server.RaftServerConfigKeys (ConfUtils.java:logGet(46)) - raft.server.log.async-flush.enabled = false (default)
2023-05-08 09:35:40,248 [pool-821-thread-1] INFO  server.RaftServerConfigKeys (ConfUtils.java:logGet(46)) - raft.server.log.statemachine.data.caching.enabled = true (custom)
2023-05-08 09:35:40,248 [pool-821-thread-1] INFO  segmented.SegmentedRaftLogWorker (SegmentedRaftLogWorker.java:lambda$new$0(135)) - 3357f25e-fda2-4cb8-acb0-e93af4f54e63@group-9480B9302252-SegmentedRaftLogWorker: flushIndex: setUnconditionally 0 -> -1
2023-05-08 09:35:40,248 [pool-821-thread-1] INFO  segmented.SegmentedRaftLogWorker (SegmentedRaftLogWorker.java:lambda$new$0(135)) - 3357f25e-fda2-4cb8-acb0-e93af4f54e63@group-9480B9302252-SegmentedRaftLogWorker: safeCacheEvictIndex: setUnconditionally 0 -> -1
2023-05-08 09:35:40,248 [pool-821-thread-1] INFO  server.RaftServer$Division (RaftServerImpl.java:start(334)) - 3357f25e-fda2-4cb8-acb0-e93af4f54e63@group-9480B9302252: start as a follower, conf=-1: peers:[3357f25e-fda2-4cb8-acb0-e93af4f54e63|rpc:10.1.0.160:40553|dataStream:10.1.0.160:42755|priority:1|startupRole:FOLLOWER]|listeners:[], old=null
2023-05-08 09:35:40,248 [pool-821-thread-1] INFO  server.RaftServer$Division (RaftServerImpl.java:setRole(321)) - 3357f25e-fda2-4cb8-acb0-e93af4f54e63@group-9480B9302252: changes role from      null to FOLLOWER at term 0 for startAsFollower
2023-05-08 09:35:40,248 [pool-821-thread-1] INFO  impl.RoleInfo (RoleInfo.java:updateAndGet(139)) - 3357f25e-fda2-4cb8-acb0-e93af4f54e63: start 3357f25e-fda2-4cb8-acb0-e93af4f54e63@group-9480B9302252-FollowerState
2023-05-08 09:35:40,254 [pool-821-thread-1] INFO  util.JmxRegister (JmxRegister.java:tryRegister(44)) - Successfully registered JMX Bean with object name Ratis:service=RaftServer,group=group-9480B9302252,id=3357f25e-fda2-4cb8-acb0-e93af4f54e63
2023-05-08 09:35:40,254 [pool-821-thread-1] INFO  server.RaftServerConfigKeys (ConfUtils.java:logGet(46)) - raft.server.snapshot.auto.trigger.enabled = true (custom)
2023-05-08 09:35:40,254 [pool-821-thread-1] INFO  server.RaftServerConfigKeys (ConfUtils.java:logGet(46)) - raft.server.snapshot.auto.trigger.threshold = 10000 (custom)
2023-05-08 09:35:40,254 [pool-821-thread-1] INFO  server.RaftServerConfigKeys (ConfUtils.java:logGet(46)) - raft.server.snapshot.retention.file.num = 5 (custom)
2023-05-08 09:35:40,254 [pool-821-thread-1] INFO  server.RaftServerConfigKeys (ConfUtils.java:logGet(46)) - raft.server.log.purge.upto.snapshot.index = false (default)
2023-05-08 09:35:40,255 [3357f25e-fda2-4cb8-acb0-e93af4f54e63@group-9480B9302252-FollowerState] INFO  server.RaftServerConfigKeys (ConfUtils.java:logFallback(53)) - raft.server.rpc.first-election.timeout.min = 5s (fallback to raft.server.rpc.timeout.min)
2023-05-08 09:35:40,255 [3357f25e-fda2-4cb8-acb0-e93af4f54e63@group-9480B9302252-FollowerState] INFO  server.RaftServerConfigKeys (ConfUtils.java:logFallback(53)) - raft.server.rpc.first-election.timeout.max = 5200ms (fallback to raft.server.rpc.timeout.max)
2023-05-08 09:35:40,255 [Command processor thread] INFO  ratis.XceiverServerRatis (XceiverServerRatis.java:addGroup(806)) - Created group PipelineID=9e6eef32-60bd-4266-991d-9480b9302252
2023-05-08 09:35:40,255 [Command processor thread] INFO  commandhandler.CreatePipelineCommandHandler (CreatePipelineCommandHandler.java:handle(113)) - Created Pipeline RATIS ONE PipelineID=9e6eef32-60bd-4266-991d-9480b9302252.
2023-05-08 09:35:41,232 [Listener at 127.0.0.1/38037] INFO  ozone.MiniOzoneClusterImpl (MiniOzoneClusterImpl.java:lambda$waitForClusterToBeReady$0(224)) - Nodes are ready. Got 3 of 3 DN Heartbeats.
2023-05-08 09:35:41,233 [Listener at 127.0.0.1/38037] INFO  ozone.MiniOzoneClusterImpl (MiniOzoneClusterImpl.java:lambda$waitForClusterToBeReady$0(227)) - Waiting for cluster to exit safe mode
2023-05-08 09:35:41,233 [Listener at 127.0.0.1/38037] INFO  ozone.MiniOzoneClusterImpl (MiniOzoneClusterImpl.java:lambda$waitForClusterToBeReady$0(229)) - SCM became leader
2023-05-08 09:35:42,233 [Listener at 127.0.0.1/38037] INFO  ozone.MiniOzoneClusterImpl (MiniOzoneClusterImpl.java:lambda$waitForClusterToBeReady$0(224)) - Nodes are ready. Got 3 of 3 DN Heartbeats.
2023-05-08 09:35:42,233 [Listener at 127.0.0.1/38037] INFO  ozone.MiniOzoneClusterImpl (MiniOzoneClusterImpl.java:lambda$waitForClusterToBeReady$0(227)) - Waiting for cluster to exit safe mode
2023-05-08 09:35:42,233 [Listener at 127.0.0.1/38037] INFO  ozone.MiniOzoneClusterImpl (MiniOzoneClusterImpl.java:lambda$waitForClusterToBeReady$0(229)) - SCM became leader
2023-05-08 09:35:43,233 [Listener at 127.0.0.1/38037] INFO  ozone.MiniOzoneClusterImpl (MiniOzoneClusterImpl.java:lambda$waitForClusterToBeReady$0(224)) - Nodes are ready. Got 3 of 3 DN Heartbeats.
2023-05-08 09:35:43,233 [Listener at 127.0.0.1/38037] INFO  ozone.MiniOzoneClusterImpl (MiniOzoneClusterImpl.java:lambda$waitForClusterToBeReady$0(227)) - Waiting for cluster to exit safe mode
2023-05-08 09:35:43,234 [Listener at 127.0.0.1/38037] INFO  ozone.MiniOzoneClusterImpl (MiniOzoneClusterImpl.java:lambda$waitForClusterToBeReady$0(229)) - SCM became leader
2023-05-08 09:35:44,234 [Listener at 127.0.0.1/38037] INFO  ozone.MiniOzoneClusterImpl (MiniOzoneClusterImpl.java:lambda$waitForClusterToBeReady$0(224)) - Nodes are ready. Got 3 of 3 DN Heartbeats.
2023-05-08 09:35:44,234 [Listener at 127.0.0.1/38037] INFO  ozone.MiniOzoneClusterImpl (MiniOzoneClusterImpl.java:lambda$waitForClusterToBeReady$0(227)) - Waiting for cluster to exit safe mode
2023-05-08 09:35:44,234 [Listener at 127.0.0.1/38037] INFO  ozone.MiniOzoneClusterImpl (MiniOzoneClusterImpl.java:lambda$waitForClusterToBeReady$0(229)) - SCM became leader
2023-05-08 09:35:44,548 [3e648b14-2e89-4337-9925-6e41fa74934b@group-1E7200EA6119-FollowerState] INFO  impl.FollowerState (FollowerState.java:run(143)) - 3e648b14-2e89-4337-9925-6e41fa74934b@group-1E7200EA6119-FollowerState: change to CANDIDATE, lastRpcElapsedTime:5007629944ns, electionTimeout:5007ms
2023-05-08 09:35:44,548 [3e648b14-2e89-4337-9925-6e41fa74934b@group-1E7200EA6119-FollowerState] INFO  impl.RoleInfo (RoleInfo.java:shutdownFollowerState(110)) - 3e648b14-2e89-4337-9925-6e41fa74934b: shutdown 3e648b14-2e89-4337-9925-6e41fa74934b@group-1E7200EA6119-FollowerState
2023-05-08 09:35:44,548 [3e648b14-2e89-4337-9925-6e41fa74934b@group-1E7200EA6119-FollowerState] INFO  server.RaftServer$Division (RaftServerImpl.java:setRole(321)) - 3e648b14-2e89-4337-9925-6e41fa74934b@group-1E7200EA6119: changes role from  FOLLOWER to CANDIDATE at term 0 for changeToCandidate
2023-05-08 09:35:44,548 [3e648b14-2e89-4337-9925-6e41fa74934b@group-1E7200EA6119-FollowerState] INFO  server.RaftServerConfigKeys (ConfUtils.java:logGet(46)) - raft.server.leaderelection.pre-vote = true (default)
2023-05-08 09:35:44,549 [3e648b14-2e89-4337-9925-6e41fa74934b@group-1E7200EA6119-FollowerState] INFO  impl.RoleInfo (RoleInfo.java:updateAndGet(139)) - 3e648b14-2e89-4337-9925-6e41fa74934b: start 3e648b14-2e89-4337-9925-6e41fa74934b@group-1E7200EA6119-LeaderElection30
2023-05-08 09:35:44,550 [3e648b14-2e89-4337-9925-6e41fa74934b@group-1E7200EA6119-LeaderElection30] INFO  impl.LeaderElection (LeaderElection.java:askForVotes(312)) - 3e648b14-2e89-4337-9925-6e41fa74934b@group-1E7200EA6119-LeaderElection30 PRE_VOTE round 0: submit vote requests at term 0 for -1: peers:[3e648b14-2e89-4337-9925-6e41fa74934b|rpc:10.1.0.160:32919|dataStream:10.1.0.160:34191|priority:1|startupRole:FOLLOWER]|listeners:[], old=null
2023-05-08 09:35:44,550 [3e648b14-2e89-4337-9925-6e41fa74934b@group-1E7200EA6119-LeaderElection30] INFO  impl.LeaderElection (LeaderElection.java:askForVotes(314)) - 3e648b14-2e89-4337-9925-6e41fa74934b@group-1E7200EA6119-LeaderElection30 PRE_VOTE round 0: result PASSED (term=0)
2023-05-08 09:35:44,552 [3e648b14-2e89-4337-9925-6e41fa74934b@group-1E7200EA6119-LeaderElection30] INFO  impl.LeaderElection (LeaderElection.java:askForVotes(312)) - 3e648b14-2e89-4337-9925-6e41fa74934b@group-1E7200EA6119-LeaderElection30 ELECTION round 0: submit vote requests at term 1 for -1: peers:[3e648b14-2e89-4337-9925-6e41fa74934b|rpc:10.1.0.160:32919|dataStream:10.1.0.160:34191|priority:1|startupRole:FOLLOWER]|listeners:[], old=null
2023-05-08 09:35:44,552 [3e648b14-2e89-4337-9925-6e41fa74934b@group-1E7200EA6119-LeaderElection30] INFO  impl.LeaderElection (LeaderElection.java:askForVotes(314)) - 3e648b14-2e89-4337-9925-6e41fa74934b@group-1E7200EA6119-LeaderElection30 ELECTION round 0: result PASSED (term=1)
2023-05-08 09:35:44,552 [3e648b14-2e89-4337-9925-6e41fa74934b@group-1E7200EA6119-LeaderElection30] INFO  impl.RoleInfo (RoleInfo.java:shutdownLeaderElection(130)) - 3e648b14-2e89-4337-9925-6e41fa74934b: shutdown 3e648b14-2e89-4337-9925-6e41fa74934b@group-1E7200EA6119-LeaderElection30
2023-05-08 09:35:44,552 [3e648b14-2e89-4337-9925-6e41fa74934b@group-1E7200EA6119-LeaderElection30] INFO  server.RaftServer$Division (RaftServerImpl.java:setRole(321)) - 3e648b14-2e89-4337-9925-6e41fa74934b@group-1E7200EA6119: changes role from CANDIDATE to LEADER at term 1 for changeToLeader
2023-05-08 09:35:44,552 [3e648b14-2e89-4337-9925-6e41fa74934b@group-1E7200EA6119-LeaderElection30] INFO  ratis.XceiverServerRatis (XceiverServerRatis.java:handleLeaderChangedNotification(904)) - Leader change notification received for group: group-1E7200EA6119 with new leaderId: 3e648b14-2e89-4337-9925-6e41fa74934b
2023-05-08 09:35:44,552 [3e648b14-2e89-4337-9925-6e41fa74934b@group-1E7200EA6119-LeaderElection30] INFO  server.RaftServer$Division (ServerState.java:setLeader(313)) - 3e648b14-2e89-4337-9925-6e41fa74934b@group-1E7200EA6119: change Leader from null to 3e648b14-2e89-4337-9925-6e41fa74934b at term 1 for becomeLeader, leader elected after 5033ms
2023-05-08 09:35:44,552 [3e648b14-2e89-4337-9925-6e41fa74934b@group-1E7200EA6119-LeaderElection30] INFO  server.RaftServerConfigKeys (ConfUtils.java:logGet(46)) - raft.server.staging.catchup.gap = 1000 (default)
2023-05-08 09:35:44,553 [3e648b14-2e89-4337-9925-6e41fa74934b@group-1E7200EA6119-LeaderElection30] INFO  server.RaftServerConfigKeys (ConfUtils.java:logGet(46)) - raft.server.write.element-limit = 1024 (custom)
2023-05-08 09:35:44,553 [3e648b14-2e89-4337-9925-6e41fa74934b@group-1E7200EA6119-LeaderElection30] INFO  server.RaftServerConfigKeys (ConfUtils.java:logGet(46)) - raft.server.write.byte-limit = 1024 M (=1073741824) (custom)
2023-05-08 09:35:44,553 [3e648b14-2e89-4337-9925-6e41fa74934b@group-1E7200EA6119-LeaderElection30] INFO  server.RaftServerConfigKeys (ConfUtils.java:logGet(46)) - raft.server.watch.timeout = 180s (custom)
2023-05-08 09:35:44,553 [3e648b14-2e89-4337-9925-6e41fa74934b@group-1E7200EA6119-LeaderElection30] INFO  server.RaftServerConfigKeys (ConfUtils.java:logGet(46)) - raft.server.watch.timeout.denomination = 1s (default)
2023-05-08 09:35:44,553 [3e648b14-2e89-4337-9925-6e41fa74934b@group-1E7200EA6119-LeaderElection30] INFO  server.RaftServerConfigKeys (ConfUtils.java:logGet(46)) - raft.server.watch.element-limit = 65536 (default)
2023-05-08 09:35:44,553 [3e648b14-2e89-4337-9925-6e41fa74934b@group-1E7200EA6119-LeaderElection30] INFO  server.RaftServerConfigKeys (ConfUtils.java:logGet(46)) - raft.server.write.element-limit = 1024 (custom)
2023-05-08 09:35:44,553 [3e648b14-2e89-4337-9925-6e41fa74934b@group-1E7200EA6119-LeaderElection30] INFO  server.RaftServerConfigKeys (ConfUtils.java:logGet(46)) - raft.server.write.follower.gap.ratio.max = -1.0 (default)
2023-05-08 09:35:44,554 [EventQueue-OpenPipelineForHealthyPipelineSafeModeRule] INFO  safemode.SCMSafeModeManager (HealthyPipelineSafeModeRule.java:process(137)) - SCM in safe mode. Healthy pipelines reported count is 0, required healthy pipeline reported count is 1
2023-05-08 09:35:44,554 [3e648b14-2e89-4337-9925-6e41fa74934b@group-1E7200EA6119-LeaderElection30] INFO  impl.RoleInfo (RoleInfo.java:updateAndGet(139)) - 3e648b14-2e89-4337-9925-6e41fa74934b: start 3e648b14-2e89-4337-9925-6e41fa74934b@group-1E7200EA6119-LeaderStateImpl
2023-05-08 09:35:44,554 [3e648b14-2e89-4337-9925-6e41fa74934b@group-1E7200EA6119-LeaderElection30] INFO  segmented.SegmentedRaftLogWorker (SegmentedRaftLogWorker.java:startLogSegment(452)) - 3e648b14-2e89-4337-9925-6e41fa74934b@group-1E7200EA6119-SegmentedRaftLogWorker: Starting segment from index:0
2023-05-08 09:35:44,557 [3e648b14-2e89-4337-9925-6e41fa74934b@group-1E7200EA6119-SegmentedRaftLogWorker] INFO  segmented.SegmentedRaftLogWorker (SegmentedRaftLogWorker.java:execute(656)) - 3e648b14-2e89-4337-9925-6e41fa74934b@group-1E7200EA6119-SegmentedRaftLogWorker: created new log segment /home/runner/work/ozone/ozone/hadoop-ozone/integration-test/target/test-dir/MiniOzoneClusterImpl-be56a2d2-96e4-45d9-aa7d-4262bbd71717/datanode-0/data/ratis/a3a38626-7e2f-4caa-b381-1e7200ea6119/current/log_inprogress_0
2023-05-08 09:35:44,558 [3e648b14-2e89-4337-9925-6e41fa74934b@group-1E7200EA6119-LeaderElection30] INFO  server.RaftServer$Division (ServerState.java:setRaftConf(430)) - 3e648b14-2e89-4337-9925-6e41fa74934b@group-1E7200EA6119: set configuration 0: peers:[3e648b14-2e89-4337-9925-6e41fa74934b|rpc:10.1.0.160:32919|dataStream:10.1.0.160:34191|priority:1|startupRole:FOLLOWER]|listeners:[], old=null
2023-05-08 09:35:44,641 [3e648b14-2e89-4337-9925-6e41fa74934b@group-B156310CC313-FollowerState] INFO  impl.FollowerState (FollowerState.java:run(143)) - 3e648b14-2e89-4337-9925-6e41fa74934b@group-B156310CC313-FollowerState: change to CANDIDATE, lastRpcElapsedTime:5078083483ns, electionTimeout:5077ms
2023-05-08 09:35:44,641 [3e648b14-2e89-4337-9925-6e41fa74934b@group-B156310CC313-FollowerState] INFO  impl.RoleInfo (RoleInfo.java:shutdownFollowerState(110)) - 3e648b14-2e89-4337-9925-6e41fa74934b: shutdown 3e648b14-2e89-4337-9925-6e41fa74934b@group-B156310CC313-FollowerState
2023-05-08 09:35:44,641 [3e648b14-2e89-4337-9925-6e41fa74934b@group-B156310CC313-FollowerState] INFO  server.RaftServer$Division (RaftServerImpl.java:setRole(321)) - 3e648b14-2e89-4337-9925-6e41fa74934b@group-B156310CC313: changes role from  FOLLOWER to CANDIDATE at term 0 for changeToCandidate
2023-05-08 09:35:44,641 [3e648b14-2e89-4337-9925-6e41fa74934b@group-B156310CC313-FollowerState] INFO  server.RaftServerConfigKeys (ConfUtils.java:logGet(46)) - raft.server.leaderelection.pre-vote = true (default)
2023-05-08 09:35:44,642 [3e648b14-2e89-4337-9925-6e41fa74934b@group-B156310CC313-FollowerState] INFO  impl.RoleInfo (RoleInfo.java:updateAndGet(139)) - 3e648b14-2e89-4337-9925-6e41fa74934b: start 3e648b14-2e89-4337-9925-6e41fa74934b@group-B156310CC313-LeaderElection31
2023-05-08 09:35:44,644 [3e648b14-2e89-4337-9925-6e41fa74934b@group-B156310CC313-LeaderElection31] INFO  impl.LeaderElection (LeaderElection.java:askForVotes(312)) - 3e648b14-2e89-4337-9925-6e41fa74934b@group-B156310CC313-LeaderElection31 PRE_VOTE round 0: submit vote requests at term 0 for -1: peers:[add4e6bd-fcc9-465d-bef9-bed764a13d1e|rpc:10.1.0.160:35941|dataStream:10.1.0.160:42367|priority:0|startupRole:FOLLOWER, 3e648b14-2e89-4337-9925-6e41fa74934b|rpc:10.1.0.160:32919|dataStream:10.1.0.160:34191|priority:1|startupRole:FOLLOWER, 3357f25e-fda2-4cb8-acb0-e93af4f54e63|rpc:10.1.0.160:40553|dataStream:10.1.0.160:42755|priority:0|startupRole:FOLLOWER]|listeners:[], old=null
2023-05-08 09:35:44,645 [3e648b14-2e89-4337-9925-6e41fa74934b@group-B156310CC313-LeaderElection31] INFO  server.RaftServerConfigKeys (ConfUtils.java:logFallback(53)) - raft.server.rpc.first-election.timeout.min = 5s (fallback to raft.server.rpc.timeout.min)
2023-05-08 09:35:44,645 [3e648b14-2e89-4337-9925-6e41fa74934b@group-B156310CC313-LeaderElection31] INFO  server.RaftServerConfigKeys (ConfUtils.java:logFallback(53)) - raft.server.rpc.first-election.timeout.max = 5200ms (fallback to raft.server.rpc.timeout.max)
2023-05-08 09:35:44,645 [3e648b14-2e89-4337-9925-6e41fa74934b@group-B156310CC313-LeaderElection31-2] INFO  server.GrpcServerProtocolClient (GrpcServerProtocolClient.java:<init>(63)) - Build channel for 3357f25e-fda2-4cb8-acb0-e93af4f54e63
2023-05-08 09:35:44,645 [3e648b14-2e89-4337-9925-6e41fa74934b@group-B156310CC313-LeaderElection31-1] INFO  server.GrpcServerProtocolClient (GrpcServerProtocolClient.java:<init>(63)) - Build channel for add4e6bd-fcc9-465d-bef9-bed764a13d1e
2023-05-08 09:35:44,653 [grpc-default-executor-0] INFO  server.RaftServer$Division (RaftServerImpl.java:requestVote(1218)) - add4e6bd-fcc9-465d-bef9-bed764a13d1e@group-B156310CC313: receive requestVote(PRE_VOTE, 3e648b14-2e89-4337-9925-6e41fa74934b, group-B156310CC313, 0, (t:0, i:0))
2023-05-08 09:35:44,653 [grpc-default-executor-0] INFO  impl.VoteContext (VoteContext.java:log(49)) - add4e6bd-fcc9-465d-bef9-bed764a13d1e@group-B156310CC313-FOLLOWER: accept PRE_VOTE from 3e648b14-2e89-4337-9925-6e41fa74934b: our priority 0 <= candidate's priority 1
2023-05-08 09:35:44,653 [grpc-default-executor-0] INFO  server.RaftServer$Division (RaftServerImpl.java:requestVote(1251)) - add4e6bd-fcc9-465d-bef9-bed764a13d1e@group-B156310CC313 replies to PRE_VOTE vote request: 3e648b14-2e89-4337-9925-6e41fa74934b<-add4e6bd-fcc9-465d-bef9-bed764a13d1e#0:OK-t0. Peer's state: add4e6bd-fcc9-465d-bef9-bed764a13d1e@group-B156310CC313:t0, leader=null, voted=, raftlog=Memoized:add4e6bd-fcc9-465d-bef9-bed764a13d1e@group-B156310CC313-SegmentedRaftLog:OPENED:c-1, conf=-1: peers:[add4e6bd-fcc9-465d-bef9-bed764a13d1e|rpc:10.1.0.160:35941|dataStream:10.1.0.160:42367|priority:0|startupRole:FOLLOWER, 3e648b14-2e89-4337-9925-6e41fa74934b|rpc:10.1.0.160:32919|dataStream:10.1.0.160:34191|priority:1|startupRole:FOLLOWER, 3357f25e-fda2-4cb8-acb0-e93af4f54e63|rpc:10.1.0.160:40553|dataStream:10.1.0.160:42755|priority:0|startupRole:FOLLOWER]|listeners:[], old=null
2023-05-08 09:35:44,655 [3e648b14-2e89-4337-9925-6e41fa74934b@group-B156310CC313-LeaderElection31] INFO  impl.LeaderElection (LeaderElection.java:logAndReturn(90)) - 3e648b14-2e89-4337-9925-6e41fa74934b@group-B156310CC313-LeaderElection31: PRE_VOTE PASSED received 1 response(s) and 0 exception(s):
2023-05-08 09:35:44,655 [3e648b14-2e89-4337-9925-6e41fa74934b@group-B156310CC313-LeaderElection31] INFO  impl.LeaderElection (LeaderElection.java:logAndReturn(94)) -   Response 0: 3e648b14-2e89-4337-9925-6e41fa74934b<-add4e6bd-fcc9-465d-bef9-bed764a13d1e#0:OK-t0
2023-05-08 09:35:44,655 [3e648b14-2e89-4337-9925-6e41fa74934b@group-B156310CC313-LeaderElection31] INFO  impl.LeaderElection (LeaderElection.java:askForVotes(314)) - 3e648b14-2e89-4337-9925-6e41fa74934b@group-B156310CC313-LeaderElection31 PRE_VOTE round 0: result PASSED
2023-05-08 09:35:44,662 [add4e6bd-fcc9-465d-bef9-bed764a13d1e@group-B156310CC313-FollowerState] INFO  server.RaftServerConfigKeys (ConfUtils.java:logFallback(53)) - raft.server.rpc.first-election.timeout.min = 5s (fallback to raft.server.rpc.timeout.min)
2023-05-08 09:35:44,662 [add4e6bd-fcc9-465d-bef9-bed764a13d1e@group-B156310CC313-FollowerState] INFO  server.RaftServerConfigKeys (ConfUtils.java:logFallback(53)) - raft.server.rpc.first-election.timeout.max = 5200ms (fallback to raft.server.rpc.timeout.max)
2023-05-08 09:35:44,662 [3e648b14-2e89-4337-9925-6e41fa74934b@group-B156310CC313-LeaderElection31] INFO  impl.LeaderElection (LeaderElection.java:askForVotes(312)) - 3e648b14-2e89-4337-9925-6e41fa74934b@group-B156310CC313-LeaderElection31 ELECTION round 0: submit vote requests at term 1 for -1: peers:[add4e6bd-fcc9-465d-bef9-bed764a13d1e|rpc:10.1.0.160:35941|dataStream:10.1.0.160:42367|priority:0|startupRole:FOLLOWER, 3e648b14-2e89-4337-9925-6e41fa74934b|rpc:10.1.0.160:32919|dataStream:10.1.0.160:34191|priority:1|startupRole:FOLLOWER, 3357f25e-fda2-4cb8-acb0-e93af4f54e63|rpc:10.1.0.160:40553|dataStream:10.1.0.160:42755|priority:0|startupRole:FOLLOWER]|listeners:[], old=null
2023-05-08 09:35:44,665 [3e648b14-2e89-4337-9925-6e41fa74934b@group-B156310CC313-LeaderElection31] INFO  server.RaftServerConfigKeys (ConfUtils.java:logFallback(53)) - raft.server.rpc.first-election.timeout.min = 5s (fallback to raft.server.rpc.timeout.min)
2023-05-08 09:35:44,665 [3e648b14-2e89-4337-9925-6e41fa74934b@group-B156310CC313-LeaderElection31] INFO  server.RaftServerConfigKeys (ConfUtils.java:logFallback(53)) - raft.server.rpc.first-election.timeout.max = 5200ms (fallback to raft.server.rpc.timeout.max)
2023-05-08 09:35:44,669 [grpc-default-executor-0] INFO  server.RaftServer$Division (RaftServerImpl.java:requestVote(1218)) - add4e6bd-fcc9-465d-bef9-bed764a13d1e@group-B156310CC313: receive requestVote(ELECTION, 3e648b14-2e89-4337-9925-6e41fa74934b, group-B156310CC313, 1, (t:0, i:0))
2023-05-08 09:35:44,669 [grpc-default-executor-0] INFO  impl.VoteContext (VoteContext.java:log(49)) - add4e6bd-fcc9-465d-bef9-bed764a13d1e@group-B156310CC313-FOLLOWER: accept ELECTION from 3e648b14-2e89-4337-9925-6e41fa74934b: our priority 0 <= candidate's priority 1
2023-05-08 09:35:44,669 [grpc-default-executor-0] INFO  server.RaftServer$Division (RaftServerImpl.java:setRole(321)) - add4e6bd-fcc9-465d-bef9-bed764a13d1e@group-B156310CC313: changes role from  FOLLOWER to FOLLOWER at term 1 for candidate:3e648b14-2e89-4337-9925-6e41fa74934b
2023-05-08 09:35:44,669 [grpc-default-executor-0] INFO  impl.RoleInfo (RoleInfo.java:shutdownFollowerState(110)) - add4e6bd-fcc9-465d-bef9-bed764a13d1e: shutdown add4e6bd-fcc9-465d-bef9-bed764a13d1e@group-B156310CC313-FollowerState
2023-05-08 09:35:44,669 [grpc-default-executor-0] INFO  impl.RoleInfo (RoleInfo.java:updateAndGet(139)) - add4e6bd-fcc9-465d-bef9-bed764a13d1e: start add4e6bd-fcc9-465d-bef9-bed764a13d1e@group-B156310CC313-FollowerState
2023-05-08 09:35:44,669 [add4e6bd-fcc9-465d-bef9-bed764a13d1e@group-B156310CC313-FollowerState] INFO  impl.FollowerState (FollowerState.java:run(152)) - add4e6bd-fcc9-465d-bef9-bed764a13d1e@group-B156310CC313-FollowerState was interrupted
2023-05-08 09:35:44,681 [add4e6bd-fcc9-465d-bef9-bed764a13d1e@group-B156310CC313-FollowerState] INFO  server.RaftServerConfigKeys (ConfUtils.java:logFallback(53)) - raft.server.rpc.first-election.timeout.min = 5s (fallback to raft.server.rpc.timeout.min)
2023-05-08 09:35:44,681 [add4e6bd-fcc9-465d-bef9-bed764a13d1e@group-B156310CC313-FollowerState] INFO  server.RaftServerConfigKeys (ConfUtils.java:logFallback(53)) - raft.server.rpc.first-election.timeout.max = 5200ms (fallback to raft.server.rpc.timeout.max)
2023-05-08 09:35:44,681 [grpc-default-executor-0] INFO  server.RaftServer$Division (RaftServerImpl.java:requestVote(1251)) - add4e6bd-fcc9-465d-bef9-bed764a13d1e@group-B156310CC313 replies to ELECTION vote request: 3e648b14-2e89-4337-9925-6e41fa74934b<-add4e6bd-fcc9-465d-bef9-bed764a13d1e#0:OK-t1. Peer's state: add4e6bd-fcc9-465d-bef9-bed764a13d1e@group-B156310CC313:t1, leader=null, voted=3e648b14-2e89-4337-9925-6e41fa74934b, raftlog=Memoized:add4e6bd-fcc9-465d-bef9-bed764a13d1e@group-B156310CC313-SegmentedRaftLog:OPENED:c-1, conf=-1: peers:[add4e6bd-fcc9-465d-bef9-bed764a13d1e|rpc:10.1.0.160:35941|dataStream:10.1.0.160:42367|priority:0|startupRole:FOLLOWER, 3e648b14-2e89-4337-9925-6e41fa74934b|rpc:10.1.0.160:32919|dataStream:10.1.0.160:34191|priority:1|startupRole:FOLLOWER, 3357f25e-fda2-4cb8-acb0-e93af4f54e63|rpc:10.1.0.160:40553|dataStream:10.1.0.160:42755|priority:0|startupRole:FOLLOWER]|listeners:[], old=null
2023-05-08 09:35:44,683 [grpc-default-executor-0] INFO  server.RaftServer$Division (RaftServerImpl.java:requestVote(1218)) - 3357f25e-fda2-4cb8-acb0-e93af4f54e63@group-B156310CC313: receive requestVote(PRE_VOTE, 3e648b14-2e89-4337-9925-6e41fa74934b, group-B156310CC313, 0, (t:0, i:0))
2023-05-08 09:35:44,683 [grpc-default-executor-0] INFO  impl.VoteContext (VoteContext.java:log(49)) - 3357f25e-fda2-4cb8-acb0-e93af4f54e63@group-B156310CC313-FOLLOWER: accept PRE_VOTE from 3e648b14-2e89-4337-9925-6e41fa74934b: our priority 0 <= candidate's priority 1
2023-05-08 09:35:44,683 [grpc-default-executor-0] INFO  server.RaftServer$Division (RaftServerImpl.java:requestVote(1251)) - 3357f25e-fda2-4cb8-acb0-e93af4f54e63@group-B156310CC313 replies to PRE_VOTE vote request: 3e648b14-2e89-4337-9925-6e41fa74934b<-3357f25e-fda2-4cb8-acb0-e93af4f54e63#0:OK-t0. Peer's state: 3357f25e-fda2-4cb8-acb0-e93af4f54e63@group-B156310CC313:t0, leader=null, voted=, raftlog=Memoized:3357f25e-fda2-4cb8-acb0-e93af4f54e63@group-B156310CC313-SegmentedRaftLog:OPENED:c-1, conf=-1: peers:[add4e6bd-fcc9-465d-bef9-bed764a13d1e|rpc:10.1.0.160:35941|dataStream:10.1.0.160:42367|priority:0|startupRole:FOLLOWER, 3e648b14-2e89-4337-9925-6e41fa74934b|rpc:10.1.0.160:32919|dataStream:10.1.0.160:34191|priority:1|startupRole:FOLLOWER, 3357f25e-fda2-4cb8-acb0-e93af4f54e63|rpc:10.1.0.160:40553|dataStream:10.1.0.160:42755|priority:0|startupRole:FOLLOWER]|listeners:[], old=null
2023-05-08 09:35:44,689 [grpc-default-executor-2] INFO  server.RaftServer$Division (RaftServerImpl.java:requestVote(1218)) - 3357f25e-fda2-4cb8-acb0-e93af4f54e63@group-B156310CC313: receive requestVote(ELECTION, 3e648b14-2e89-4337-9925-6e41fa74934b, group-B156310CC313, 1, (t:0, i:0))
2023-05-08 09:35:44,690 [grpc-default-executor-2] INFO  impl.VoteContext (VoteContext.java:log(49)) - 3357f25e-fda2-4cb8-acb0-e93af4f54e63@group-B156310CC313-FOLLOWER: accept ELECTION from 3e648b14-2e89-4337-9925-6e41fa74934b: our priority 0 <= candidate's priority 1
2023-05-08 09:35:44,690 [3e648b14-2e89-4337-9925-6e41fa74934b@group-B156310CC313-LeaderElection31] INFO  impl.LeaderElection (LeaderElection.java:logAndReturn(90)) - 3e648b14-2e89-4337-9925-6e41fa74934b@group-B156310CC313-LeaderElection31: ELECTION PASSED received 1 response(s) and 0 exception(s):
2023-05-08 09:35:44,690 [3e648b14-2e89-4337-9925-6e41fa74934b@group-B156310CC313-LeaderElection31] INFO  impl.LeaderElection (LeaderElection.java:logAndReturn(94)) -   Response 0: 3e648b14-2e89-4337-9925-6e41fa74934b<-add4e6bd-fcc9-465d-bef9-bed764a13d1e#0:OK-t1
2023-05-08 09:35:44,690 [grpc-default-executor-2] INFO  server.RaftServer$Division (RaftServerImpl.java:setRole(321)) - 3357f25e-fda2-4cb8-acb0-e93af4f54e63@group-B156310CC313: changes role from  FOLLOWER to FOLLOWER at term 1 for candidate:3e648b14-2e89-4337-9925-6e41fa74934b
2023-05-08 09:35:44,690 [grpc-default-executor-2] INFO  impl.RoleInfo (RoleInfo.java:shutdownFollowerState(110)) - 3357f25e-fda2-4cb8-acb0-e93af4f54e63: shutdown 3357f25e-fda2-4cb8-acb0-e93af4f54e63@group-B156310CC313-FollowerState
2023-05-08 09:35:44,690 [3357f25e-fda2-4cb8-acb0-e93af4f54e63@group-B156310CC313-FollowerState] INFO  impl.FollowerState (FollowerState.java:run(152)) - 3357f25e-fda2-4cb8-acb0-e93af4f54e63@group-B156310CC313-FollowerState was interrupted
2023-05-08 09:35:44,690 [grpc-default-executor-2] INFO  impl.RoleInfo (RoleInfo.java:updateAndGet(139)) - 3357f25e-fda2-4cb8-acb0-e93af4f54e63: start 3357f25e-fda2-4cb8-acb0-e93af4f54e63@group-B156310CC313-FollowerState
2023-05-08 09:35:44,691 [3357f25e-fda2-4cb8-acb0-e93af4f54e63@group-B156310CC313-FollowerState] INFO  server.RaftServerConfigKeys (ConfUtils.java:logFallback(53)) - raft.server.rpc.first-election.timeout.min = 5s (fallback to raft.server.rpc.timeout.min)
2023-05-08 09:35:44,691 [3357f25e-fda2-4cb8-acb0-e93af4f54e63@group-B156310CC313-FollowerState] INFO  server.RaftServerConfigKeys (ConfUtils.java:logFallback(53)) - raft.server.rpc.first-election.timeout.max = 5200ms (fallback to raft.server.rpc.timeout.max)
2023-05-08 09:35:44,690 [3e648b14-2e89-4337-9925-6e41fa74934b@group-B156310CC313-LeaderElection31] INFO  impl.LeaderElection (LeaderElection.java:askForVotes(314)) - 3e648b14-2e89-4337-9925-6e41fa74934b@group-B156310CC313-LeaderElection31 ELECTION round 0: result PASSED
2023-05-08 09:35:44,692 [3e648b14-2e89-4337-9925-6e41fa74934b@group-B156310CC313-LeaderElection31] INFO  impl.RoleInfo (RoleInfo.java:shutdownLeaderElection(130)) - 3e648b14-2e89-4337-9925-6e41fa74934b: shutdown 3e648b14-2e89-4337-9925-6e41fa74934b@group-B156310CC313-LeaderElection31
2023-05-08 09:35:44,692 [3e648b14-2e89-4337-9925-6e41fa74934b@group-B156310CC313-LeaderElection31] INFO  server.RaftServer$Division (RaftServerImpl.java:setRole(321)) - 3e648b14-2e89-4337-9925-6e41fa74934b@group-B156310CC313: changes role from CANDIDATE to LEADER at term 1 for changeToLeader
2023-05-08 09:35:44,692 [3e648b14-2e89-4337-9925-6e41fa74934b@group-B156310CC313-LeaderElection31] INFO  ratis.XceiverServerRatis (XceiverServerRatis.java:handleLeaderChangedNotification(904)) - Leader change notification received for group: group-B156310CC313 with new leaderId: 3e648b14-2e89-4337-9925-6e41fa74934b
2023-05-08 09:35:44,692 [3e648b14-2e89-4337-9925-6e41fa74934b@group-B156310CC313-LeaderElection31] INFO  server.RaftServer$Division (ServerState.java:setLeader(313)) - 3e648b14-2e89-4337-9925-6e41fa74934b@group-B156310CC313: change Leader from null to 3e648b14-2e89-4337-9925-6e41fa74934b at term 1 for becomeLeader, leader elected after 5147ms
2023-05-08 09:35:44,693 [grpc-default-executor-2] INFO  server.RaftServer$Division (RaftServerImpl.java:requestVote(1251)) - 3357f25e-fda2-4cb8-acb0-e93af4f54e63@group-B156310CC313 replies to ELECTION vote request: 3e648b14-2e89-4337-9925-6e41fa74934b<-3357f25e-fda2-4cb8-acb0-e93af4f54e63#0:OK-t1. Peer's state: 3357f25e-fda2-4cb8-acb0-e93af4f54e63@group-B156310CC313:t1, leader=null, voted=3e648b14-2e89-4337-9925-6e41fa74934b, raftlog=Memoized:3357f25e-fda2-4cb8-acb0-e93af4f54e63@group-B156310CC313-SegmentedRaftLog:OPENED:c-1, conf=-1: peers:[add4e6bd-fcc9-465d-bef9-bed764a13d1e|rpc:10.1.0.160:35941|dataStream:10.1.0.160:42367|priority:0|startupRole:FOLLOWER, 3e648b14-2e89-4337-9925-6e41fa74934b|rpc:10.1.0.160:32919|dataStream:10.1.0.160:34191|priority:1|startupRole:FOLLOWER, 3357f25e-fda2-4cb8-acb0-e93af4f54e63|rpc:10.1.0.160:40553|dataStream:10.1.0.160:42755|priority:0|startupRole:FOLLOWER]|listeners:[], old=null
2023-05-08 09:35:44,693 [3e648b14-2e89-4337-9925-6e41fa74934b@group-B156310CC313-LeaderElection31] INFO  server.RaftServerConfigKeys (ConfUtils.java:logGet(46)) - raft.server.staging.catchup.gap = 1000 (default)
2023-05-08 09:35:44,693 [3e648b14-2e89-4337-9925-6e41fa74934b@group-B156310CC313-LeaderElection31] INFO  server.RaftServerConfigKeys (ConfUtils.java:logGet(46)) - raft.server.write.element-limit = 1024 (custom)
2023-05-08 09:35:44,693 [3e648b14-2e89-4337-9925-6e41fa74934b@group-B156310CC313-LeaderElection31] INFO  server.RaftServerConfigKeys (ConfUtils.java:logGet(46)) - raft.server.write.byte-limit = 1024 M (=1073741824) (custom)
2023-05-08 09:35:44,694 [3e648b14-2e89-4337-9925-6e41fa74934b@group-B156310CC313-LeaderElection31] INFO  server.RaftServerConfigKeys (ConfUtils.java:logGet(46)) - raft.server.watch.timeout = 180s (custom)
2023-05-08 09:35:44,694 [3e648b14-2e89-4337-9925-6e41fa74934b@group-B156310CC313-LeaderElection31] INFO  server.RaftServerConfigKeys (ConfUtils.java:logGet(46)) - raft.server.watch.timeout.denomination = 1s (default)
2023-05-08 09:35:44,694 [3e648b14-2e89-4337-9925-6e41fa74934b@group-B156310CC313-LeaderElection31] INFO  server.RaftServerConfigKeys (ConfUtils.java:logGet(46)) - raft.server.watch.element-limit = 65536 (default)
2023-05-08 09:35:44,694 [3e648b14-2e89-4337-9925-6e41fa74934b@group-B156310CC313-LeaderElection31] INFO  server.RaftServerConfigKeys (ConfUtils.java:logGet(46)) - raft.server.write.element-limit = 1024 (custom)
2023-05-08 09:35:44,694 [3e648b14-2e89-4337-9925-6e41fa74934b@group-B156310CC313-LeaderElection31] INFO  server.RaftServerConfigKeys (ConfUtils.java:logGet(46)) - raft.server.write.follower.gap.ratio.max = -1.0 (default)
2023-05-08 09:35:44,694 [3e648b14-2e89-4337-9925-6e41fa74934b@group-B156310CC313-LeaderElection31] INFO  server.RaftServerConfigKeys (ConfUtils.java:logGet(46)) - raft.server.log.appender.snapshot.chunk.size.max = 16MB (=16777216) (default)
2023-05-08 09:35:44,694 [3e648b14-2e89-4337-9925-6e41fa74934b@group-B156310CC313-LeaderElection31] INFO  server.RaftServerConfigKeys (ConfUtils.java:logGet(46)) - raft.server.log.appender.buffer.byte-limit = 33554432 (custom)
2023-05-08 09:35:44,694 [3e648b14-2e89-4337-9925-6e41fa74934b@group-B156310CC313-LeaderElection31] INFO  server.RaftServerConfigKeys (ConfUtils.java:logGet(46)) - raft.server.log.appender.buffer.element-limit = 1 (custom)
2023-05-08 09:35:44,694 [3e648b14-2e89-4337-9925-6e41fa74934b@group-B156310CC313-LeaderElection31] INFO  grpc.GrpcConfigKeys (ConfUtils.java:logGet(46)) - raft.grpc.server.leader.outstanding.appends.max = 128 (default)
2023-05-08 09:35:44,694 [3e648b14-2e89-4337-9925-6e41fa74934b@group-B156310CC313-LeaderElection31] INFO  server.RaftServerConfigKeys (ConfUtils.java:logGet(46)) - raft.server.rpc.request.timeout = 60s (custom)
2023-05-08 09:35:44,694 [3e648b14-2e89-4337-9925-6e41fa74934b@group-B156310CC313-LeaderElection31] INFO  server.RaftServerConfigKeys (ConfUtils.java:logGet(46)) - raft.server.log.appender.install.snapshot.enabled = false (custom)
2023-05-08 09:35:44,694 [3e648b14-2e89-4337-9925-6e41fa74934b@group-B156310CC313-LeaderElection31] INFO  grpc.GrpcConfigKeys (ConfUtils.java:logGet(46)) - raft.grpc.server.heartbeat.channel = true (default)
2023-05-08 09:35:44,695 [3e648b14-2e89-4337-9925-6e41fa74934b@group-B156310CC313-LeaderElection31] INFO  server.RaftServerConfigKeys (ConfUtils.java:logGet(46)) - raft.server.log.appender.wait-time.min = 10ms (default)
2023-05-08 09:35:44,696 [3e648b14-2e89-4337-9925-6e41fa74934b@group-B156310CC313-LeaderElection31] INFO  server.RaftServerConfigKeys (ConfUtils.java:logGet(46)) - raft.server.log.appender.snapshot.chunk.size.max = 16MB (=16777216) (default)
2023-05-08 09:35:44,697 [3e648b14-2e89-4337-9925-6e41fa74934b@group-B156310CC313-LeaderElection31] INFO  server.RaftServerConfigKeys (ConfUtils.java:logGet(46)) - raft.server.log.appender.buffer.byte-limit = 33554432 (custom)
2023-05-08 09:35:44,697 [3e648b14-2e89-4337-9925-6e41fa74934b@group-B156310CC313-LeaderElection31] INFO  server.RaftServerConfigKeys (ConfUtils.java:logGet(46)) - raft.server.log.appender.buffer.element-limit = 1 (custom)
2023-05-08 09:35:44,697 [3e648b14-2e89-4337-9925-6e41fa74934b@group-B156310CC313-LeaderElection31] INFO  grpc.GrpcConfigKeys (ConfUtils.java:logGet(46)) - raft.grpc.server.leader.outstanding.appends.max = 128 (default)
2023-05-08 09:35:44,697 [3e648b14-2e89-4337-9925-6e41fa74934b@group-B156310CC313-LeaderElection31] INFO  server.RaftServerConfigKeys (ConfUtils.java:logGet(46)) - raft.server.rpc.request.timeout = 60s (custom)
2023-05-08 09:35:44,697 [3e648b14-2e89-4337-9925-6e41fa74934b@group-B156310CC313-LeaderElection31] INFO  server.RaftServerConfigKeys (ConfUtils.java:logGet(46)) - raft.server.log.appender.install.snapshot.enabled = false (custom)
2023-05-08 09:35:44,697 [3e648b14-2e89-4337-9925-6e41fa74934b@group-B156310CC313-LeaderElection31] INFO  grpc.GrpcConfigKeys (ConfUtils.java:logGet(46)) - raft.grpc.server.heartbeat.channel = true (default)
2023-05-08 09:35:44,697 [3e648b14-2e89-4337-9925-6e41fa74934b@group-B156310CC313-LeaderElection31] INFO  server.RaftServerConfigKeys (ConfUtils.java:logGet(46)) - raft.server.log.appender.wait-time.min = 10ms (default)
2023-05-08 09:35:44,697 [3e648b14-2e89-4337-9925-6e41fa74934b@group-B156310CC313-LeaderElection31] INFO  impl.RoleInfo (RoleInfo.java:updateAndGet(139)) - 3e648b14-2e89-4337-9925-6e41fa74934b: start 3e648b14-2e89-4337-9925-6e41fa74934b@group-B156310CC313-LeaderStateImpl
2023-05-08 09:35:44,697 [3e648b14-2e89-4337-9925-6e41fa74934b@group-B156310CC313-LeaderElection31] INFO  segmented.SegmentedRaftLogWorker (SegmentedRaftLogWorker.java:startLogSegment(452)) - 3e648b14-2e89-4337-9925-6e41fa74934b@group-B156310CC313-SegmentedRaftLogWorker: Starting segment from index:0
2023-05-08 09:35:44,698 [EventQueue-PipelineReportForPipelineReportHandler] INFO  pipeline.PipelineManagerImpl (PipelineManagerImpl.java:openPipeline(367)) - Pipeline Pipeline[ Id: 33ff71bb-ea09-45cc-98c3-b156310cc313, Nodes: add4e6bd-fcc9-465d-bef9-bed764a13d1e(fv-az96-539/10.1.0.160)3e648b14-2e89-4337-9925-6e41fa74934b(fv-az96-539/10.1.0.160)3357f25e-fda2-4cb8-acb0-e93af4f54e63(fv-az96-539/10.1.0.160), ReplicationConfig: RATIS/THREE, State:ALLOCATED, leaderId:3e648b14-2e89-4337-9925-6e41fa74934b, CreationTimestamp2023-05-08T09:35:37.233Z[Etc/UTC]] moved to OPEN state
2023-05-08 09:35:44,698 [EventQueue-OpenPipelineForHealthyPipelineSafeModeRule] INFO  safemode.SCMSafeModeManager (HealthyPipelineSafeModeRule.java:process(137)) - SCM in safe mode. Healthy pipelines reported count is 0, required healthy pipeline reported count is 1
2023-05-08 09:35:44,699 [EventQueue-OpenPipelineForHealthyPipelineSafeModeRule] INFO  safemode.SCMSafeModeManager (HealthyPipelineSafeModeRule.java:process(137)) - SCM in safe mode. Healthy pipelines reported count is 1, required healthy pipeline reported count is 1
2023-05-08 09:35:44,699 [EventQueue-OpenPipelineForHealthyPipelineSafeModeRule] INFO  safemode.SCMSafeModeManager (SCMSafeModeManager.java:validateSafeModeExitRules(200)) - HealthyPipelineSafeModeRule rule is successfully validated
2023-05-08 09:35:44,699 [EventQueue-OpenPipelineForHealthyPipelineSafeModeRule] INFO  safemode.SCMSafeModeManager (SCMSafeModeManager.java:validateSafeModeExitRules(215)) - ScmSafeModeManager, all rules are successfully validated
2023-05-08 09:35:44,699 [EventQueue-OpenPipelineForHealthyPipelineSafeModeRule] INFO  safemode.SCMSafeModeManager (SCMSafeModeManager.java:exitSafeMode(244)) - SCM exiting safe mode.
2023-05-08 09:35:44,699 [EventQueue-OpenPipelineForHealthyPipelineSafeModeRule] INFO  ha.SCMContext (SCMContext.java:updateSafeModeStatus(228)) - Update SafeModeStatus from SafeModeStatus{safeModeStatus=true, preCheckPassed=true} to SafeModeStatus{safeModeStatus=false, preCheckPassed=true}.
2023-05-08 09:35:44,699 [EventQueue-OpenPipelineForHealthyPipelineSafeModeRule] INFO  pipeline.BackgroundPipelineCreator (BackgroundPipelineCreator.java:notifyStatusChanged(254)) - Service BackgroundPipelineCreator transitions to RUNNING.
2023-05-08 09:35:44,699 [EventQueue-OpenPipelineForHealthyPipelineSafeModeRule] INFO  BackgroundPipelineScrubber (BackgroundSCMService.java:notifyStatusChanged(82)) - Service BackgroundPipelineScrubber transitions to RUNNING.
2023-05-08 09:35:44,699 [EventQueue-OpenPipelineForHealthyPipelineSafeModeRule] INFO  ExpiredContainerReplicaOpScrubber (BackgroundSCMService.java:notifyStatusChanged(82)) - Service ExpiredContainerReplicaOpScrubber transitions to RUNNING.
2023-05-08 09:35:44,699 [EventQueue-OpenPipelineForHealthyPipelineSafeModeRule] INFO  replication.ReplicationManager (ReplicationManager.java:notifyStatusChanged(1370)) - Service ReplicationManager transitions to RUNNING.
2023-05-08 09:35:44,699 [EventQueue-OpenPipelineForHealthyPipelineSafeModeRule] WARN  balancer.ContainerBalancer (ContainerBalancer.java:shouldRun(132)) - Could not find persisted configuration for ContainerBalancer when checking if ContainerBalancer should run. ContainerBalancer should not run now.
2023-05-08 09:35:44,700 [3e648b14-2e89-4337-9925-6e41fa74934b@group-B156310CC313-SegmentedRaftLogWorker] INFO  segmented.SegmentedRaftLogWorker (SegmentedRaftLogWorker.java:execute(656)) - 3e648b14-2e89-4337-9925-6e41fa74934b@group-B156310CC313-SegmentedRaftLogWorker: created new log segment /home/runner/work/ozone/ozone/hadoop-ozone/integration-test/target/test-dir/MiniOzoneClusterImpl-be56a2d2-96e4-45d9-aa7d-4262bbd71717/datanode-0/data/ratis/33ff71bb-ea09-45cc-98c3-b156310cc313/current/log_inprogress_0
2023-05-08 09:35:44,713 [3e648b14-2e89-4337-9925-6e41fa74934b@group-B156310CC313-LeaderElection31] INFO  server.RaftServer$Division (ServerState.java:setRaftConf(430)) - 3e648b14-2e89-4337-9925-6e41fa74934b@group-B156310CC313: set configuration 0: peers:[add4e6bd-fcc9-465d-bef9-bed764a13d1e|rpc:10.1.0.160:35941|dataStream:10.1.0.160:42367|priority:0|startupRole:FOLLOWER, 3e648b14-2e89-4337-9925-6e41fa74934b|rpc:10.1.0.160:32919|dataStream:10.1.0.160:34191|priority:1|startupRole:FOLLOWER, 3357f25e-fda2-4cb8-acb0-e93af4f54e63|rpc:10.1.0.160:40553|dataStream:10.1.0.160:42755|priority:0|startupRole:FOLLOWER]|listeners:[], old=null
2023-05-08 09:35:44,728 [add4e6bd-fcc9-465d-bef9-bed764a13d1e-server-thread2] INFO  ratis.XceiverServerRatis (XceiverServerRatis.java:handleLeaderChangedNotification(904)) - Leader change notification received for group: group-B156310CC313 with new leaderId: 3e648b14-2e89-4337-9925-6e41fa74934b
2023-05-08 09:35:44,728 [add4e6bd-fcc9-465d-bef9-bed764a13d1e-server-thread2] INFO  server.RaftServer$Division (ServerState.java:setLeader(313)) - add4e6bd-fcc9-465d-bef9-bed764a13d1e@group-B156310CC313: change Leader from null to 3e648b14-2e89-4337-9925-6e41fa74934b at term 1 for appendEntries, leader elected after 5134ms
2023-05-08 09:35:44,729 [3357f25e-fda2-4cb8-acb0-e93af4f54e63-server-thread1] INFO  ratis.XceiverServerRatis (XceiverServerRatis.java:handleLeaderChangedNotification(904)) - Leader change notification received for group: group-B156310CC313 with new leaderId: 3e648b14-2e89-4337-9925-6e41fa74934b
2023-05-08 09:35:44,729 [3357f25e-fda2-4cb8-acb0-e93af4f54e63-server-thread1] INFO  server.RaftServer$Division (ServerState.java:setLeader(313)) - 3357f25e-fda2-4cb8-acb0-e93af4f54e63@group-B156310CC313: change Leader from null to 3e648b14-2e89-4337-9925-6e41fa74934b at term 1 for appendEntries, leader elected after 5100ms
2023-05-08 09:35:44,734 [add4e6bd-fcc9-465d-bef9-bed764a13d1e-server-thread2] INFO  server.RaftServer$Division (ServerState.java:setRaftConf(430)) - add4e6bd-fcc9-465d-bef9-bed764a13d1e@group-B156310CC313: set configuration 0: peers:[add4e6bd-fcc9-465d-bef9-bed764a13d1e|rpc:10.1.0.160:35941|dataStream:10.1.0.160:42367|priority:0|startupRole:FOLLOWER, 3e648b14-2e89-4337-9925-6e41fa74934b|rpc:10.1.0.160:32919|dataStream:10.1.0.160:34191|priority:1|startupRole:FOLLOWER, 3357f25e-fda2-4cb8-acb0-e93af4f54e63|rpc:10.1.0.160:40553|dataStream:10.1.0.160:42755|priority:0|startupRole:FOLLOWER]|listeners:[], old=null
2023-05-08 09:35:44,734 [add4e6bd-fcc9-465d-bef9-bed764a13d1e-server-thread2] INFO  segmented.SegmentedRaftLogWorker (SegmentedRaftLogWorker.java:startLogSegment(452)) - add4e6bd-fcc9-465d-bef9-bed764a13d1e@group-B156310CC313-SegmentedRaftLogWorker: Starting segment from index:0
2023-05-08 09:35:44,735 [3357f25e-fda2-4cb8-acb0-e93af4f54e63-server-thread2] INFO  server.RaftServer$Division (ServerState.java:setRaftConf(430)) - 3357f25e-fda2-4cb8-acb0-e93af4f54e63@group-B156310CC313: set configuration 0: peers:[add4e6bd-fcc9-465d-bef9-bed764a13d1e|rpc:10.1.0.160:35941|dataStream:10.1.0.160:42367|priority:0|startupRole:FOLLOWER, 3e648b14-2e89-4337-9925-6e41fa74934b|rpc:10.1.0.160:32919|dataStream:10.1.0.160:34191|priority:1|startupRole:FOLLOWER, 3357f25e-fda2-4cb8-acb0-e93af4f54e63|rpc:10.1.0.160:40553|dataStream:10.1.0.160:42755|priority:0|startupRole:FOLLOWER]|listeners:[], old=null
2023-05-08 09:35:44,735 [3357f25e-fda2-4cb8-acb0-e93af4f54e63-server-thread2] INFO  segmented.SegmentedRaftLogWorker (SegmentedRaftLogWorker.java:startLogSegment(452)) - 3357f25e-fda2-4cb8-acb0-e93af4f54e63@group-B156310CC313-SegmentedRaftLogWorker: Starting segment from index:0
2023-05-08 09:35:44,736 [add4e6bd-fcc9-465d-bef9-bed764a13d1e@group-B156310CC313-SegmentedRaftLogWorker] INFO  segmented.SegmentedRaftLogWorker (SegmentedRaftLogWorker.java:execute(656)) - add4e6bd-fcc9-465d-bef9-bed764a13d1e@group-B156310CC313-SegmentedRaftLogWorker: created new log segment /home/runner/work/ozone/ozone/hadoop-ozone/integration-test/target/test-dir/MiniOzoneClusterImpl-be56a2d2-96e4-45d9-aa7d-4262bbd71717/datanode-1/data/ratis/33ff71bb-ea09-45cc-98c3-b156310cc313/current/log_inprogress_0
2023-05-08 09:35:44,737 [3357f25e-fda2-4cb8-acb0-e93af4f54e63@group-B156310CC313-SegmentedRaftLogWorker] INFO  segmented.SegmentedRaftLogWorker (SegmentedRaftLogWorker.java:execute(656)) - 3357f25e-fda2-4cb8-acb0-e93af4f54e63@group-B156310CC313-SegmentedRaftLogWorker: created new log segment /home/runner/work/ozone/ozone/hadoop-ozone/integration-test/target/test-dir/MiniOzoneClusterImpl-be56a2d2-96e4-45d9-aa7d-4262bbd71717/datanode-2/data/ratis/33ff71bb-ea09-45cc-98c3-b156310cc313/current/log_inprogress_0
2023-05-08 09:35:44,821 [3e648b14-2e89-4337-9925-6e41fa74934b@group-68E7495FD306-FollowerState] INFO  impl.FollowerState (FollowerState.java:run(143)) - 3e648b14-2e89-4337-9925-6e41fa74934b@group-68E7495FD306-FollowerState: change to CANDIDATE, lastRpcElapsedTime:5154547316ns, electionTimeout:5154ms
2023-05-08 09:35:44,822 [3e648b14-2e89-4337-9925-6e41fa74934b@group-68E7495FD306-FollowerState] INFO  impl.RoleInfo (RoleInfo.java:shutdownFollowerState(110)) - 3e648b14-2e89-4337-9925-6e41fa74934b: shutdown 3e648b14-2e89-4337-9925-6e41fa74934b@group-68E7495FD306-FollowerState
2023-05-08 09:35:44,822 [3e648b14-2e89-4337-9925-6e41fa74934b@group-68E7495FD306-FollowerState] INFO  server.RaftServer$Division (RaftServerImpl.java:setRole(321)) - 3e648b14-2e89-4337-9925-6e41fa74934b@group-68E7495FD306: changes role from  FOLLOWER to CANDIDATE at term 0 for changeToCandidate
2023-05-08 09:35:44,822 [3e648b14-2e89-4337-9925-6e41fa74934b@group-68E7495FD306-FollowerState] INFO  server.RaftServerConfigKeys (ConfUtils.java:logGet(46)) - raft.server.leaderelection.pre-vote = true (default)
2023-05-08 09:35:44,822 [3e648b14-2e89-4337-9925-6e41fa74934b@group-68E7495FD306-FollowerState] INFO  impl.RoleInfo (RoleInfo.java:updateAndGet(139)) - 3e648b14-2e89-4337-9925-6e41fa74934b: start 3e648b14-2e89-4337-9925-6e41fa74934b@group-68E7495FD306-LeaderElection32
2023-05-08 09:35:44,823 [3e648b14-2e89-4337-9925-6e41fa74934b@group-68E7495FD306-LeaderElection32] INFO  impl.LeaderElection (LeaderElection.java:askForVotes(312)) - 3e648b14-2e89-4337-9925-6e41fa74934b@group-68E7495FD306-LeaderElection32 PRE_VOTE round 0: submit vote requests at term 0 for -1: peers:[add4e6bd-fcc9-465d-bef9-bed764a13d1e|rpc:10.1.0.160:35941|dataStream:10.1.0.160:42367|priority:1|startupRole:FOLLOWER, 3e648b14-2e89-4337-9925-6e41fa74934b|rpc:10.1.0.160:32919|dataStream:10.1.0.160:34191|priority:0|startupRole:FOLLOWER, 3357f25e-fda2-4cb8-acb0-e93af4f54e63|rpc:10.1.0.160:40553|dataStream:10.1.0.160:42755|priority:0|startupRole:FOLLOWER]|listeners:[], old=null
2023-05-08 09:35:44,824 [3e648b14-2e89-4337-9925-6e41fa74934b@group-68E7495FD306-LeaderElection32] INFO  server.RaftServerConfigKeys (ConfUtils.java:logFallback(53)) - raft.server.rpc.first-election.timeout.min = 5s (fallback to raft.server.rpc.timeout.min)
2023-05-08 09:35:44,824 [3e648b14-2e89-4337-9925-6e41fa74934b@group-68E7495FD306-LeaderElection32] INFO  server.RaftServerConfigKeys (ConfUtils.java:logFallback(53)) - raft.server.rpc.first-election.timeout.max = 5200ms (fallback to raft.server.rpc.timeout.max)
2023-05-08 09:35:44,826 [grpc-default-executor-1] INFO  server.RaftServer$Division (RaftServerImpl.java:requestVote(1218)) - add4e6bd-fcc9-465d-bef9-bed764a13d1e@group-68E7495FD306: receive requestVote(PRE_VOTE, 3e648b14-2e89-4337-9925-6e41fa74934b, group-68E7495FD306, 0, (t:0, i:0))
2023-05-08 09:35:44,826 [grpc-default-executor-1] INFO  impl.VoteContext (VoteContext.java:log(49)) - add4e6bd-fcc9-465d-bef9-bed764a13d1e@group-68E7495FD306-FOLLOWER: reject PRE_VOTE from 3e648b14-2e89-4337-9925-6e41fa74934b: our priority 1 > candidate's priority 0
2023-05-08 09:35:44,826 [grpc-default-executor-1] INFO  server.RaftServer$Division (RaftServerImpl.java:requestVote(1251)) - add4e6bd-fcc9-465d-bef9-bed764a13d1e@group-68E7495FD306 replies to PRE_VOTE vote request: 3e648b14-2e89-4337-9925-6e41fa74934b<-add4e6bd-fcc9-465d-bef9-bed764a13d1e#0:FAIL-t0. Peer's state: add4e6bd-fcc9-465d-bef9-bed764a13d1e@group-68E7495FD306:t0, leader=null, voted=, raftlog=Memoized:add4e6bd-fcc9-465d-bef9-bed764a13d1e@group-68E7495FD306-SegmentedRaftLog:OPENED:c-1, conf=-1: peers:[add4e6bd-fcc9-465d-bef9-bed764a13d1e|rpc:10.1.0.160:35941|dataStream:10.1.0.160:42367|priority:1|startupRole:FOLLOWER, 3e648b14-2e89-4337-9925-6e41fa74934b|rpc:10.1.0.160:32919|dataStream:10.1.0.160:34191|priority:0|startupRole:FOLLOWER, 3357f25e-fda2-4cb8-acb0-e93af4f54e63|rpc:10.1.0.160:40553|dataStream:10.1.0.160:42755|priority:0|startupRole:FOLLOWER]|listeners:[], old=null
2023-05-08 09:35:44,827 [3357f25e-fda2-4cb8-acb0-e93af4f54e63@group-68E7495FD306-FollowerState] INFO  impl.FollowerState (FollowerState.java:run(143)) - 3357f25e-fda2-4cb8-acb0-e93af4f54e63@group-68E7495FD306-FollowerState: change to CANDIDATE, lastRpcElapsedTime:5124477119ns, electionTimeout:5123ms
2023-05-08 09:35:44,827 [3357f25e-fda2-4cb8-acb0-e93af4f54e63@group-68E7495FD306-FollowerState] INFO  impl.RoleInfo (RoleInfo.java:shutdownFollowerState(110)) - 3357f25e-fda2-4cb8-acb0-e93af4f54e63: shutdown 3357f25e-fda2-4cb8-acb0-e93af4f54e63@group-68E7495FD306-FollowerState
2023-05-08 09:35:44,827 [3357f25e-fda2-4cb8-acb0-e93af4f54e63@group-68E7495FD306-FollowerState] INFO  server.RaftServer$Division (RaftServerImpl.java:setRole(321)) - 3357f25e-fda2-4cb8-acb0-e93af4f54e63@group-68E7495FD306: changes role from  FOLLOWER to CANDIDATE at term 0 for changeToCandidate
2023-05-08 09:35:44,827 [3357f25e-fda2-4cb8-acb0-e93af4f54e63@group-68E7495FD306-FollowerState] INFO  server.RaftServerConfigKeys (ConfUtils.java:logGet(46)) - raft.server.leaderelection.pre-vote = true (default)
2023-05-08 09:35:44,827 [3357f25e-fda2-4cb8-acb0-e93af4f54e63@group-68E7495FD306-FollowerState] INFO  impl.RoleInfo (RoleInfo.java:updateAndGet(139)) - 3357f25e-fda2-4cb8-acb0-e93af4f54e63: start 3357f25e-fda2-4cb8-acb0-e93af4f54e63@group-68E7495FD306-LeaderElection33
2023-05-08 09:35:44,826 [grpc-default-executor-0] INFO  server.RaftServer$Division (RaftServerImpl.java:requestVote(1218)) - 3357f25e-fda2-4cb8-acb0-e93af4f54e63@group-68E7495FD306: receive requestVote(PRE_VOTE, 3e648b14-2e89-4337-9925-6e41fa74934b, group-68E7495FD306, 0, (t:0, i:0))
2023-05-08 09:35:44,829 [3357f25e-fda2-4cb8-acb0-e93af4f54e63@group-68E7495FD306-LeaderElection33] INFO  impl.LeaderElection (LeaderElection.java:askForVotes(312)) - 3357f25e-fda2-4cb8-acb0-e93af4f54e63@group-68E7495FD306-LeaderElection33 PRE_VOTE round 0: submit vote requests at term 0 for -1: peers:[add4e6bd-fcc9-465d-bef9-bed764a13d1e|rpc:10.1.0.160:35941|dataStream:10.1.0.160:42367|priority:1|startupRole:FOLLOWER, 3e648b14-2e89-4337-9925-6e41fa74934b|rpc:10.1.0.160:32919|dataStream:10.1.0.160:34191|priority:0|startupRole:FOLLOWER, 3357f25e-fda2-4cb8-acb0-e93af4f54e63|rpc:10.1.0.160:40553|dataStream:10.1.0.160:42755|priority:0|startupRole:FOLLOWER]|listeners:[], old=null
2023-05-08 09:35:44,829 [add4e6bd-fcc9-465d-bef9-bed764a13d1e@group-68E7495FD306-FollowerState] INFO  impl.FollowerState (FollowerState.java:run(143)) - add4e6bd-fcc9-465d-bef9-bed764a13d1e@group-68E7495FD306-FollowerState: change to CANDIDATE, lastRpcElapsedTime:5092120899ns, electionTimeout:5089ms
2023-05-08 09:35:44,829 [add4e6bd-fcc9-465d-bef9-bed764a13d1e@group-68E7495FD306-FollowerState] INFO  impl.RoleInfo (RoleInfo.java:shutdownFollowerState(110)) - add4e6bd-fcc9-465d-bef9-bed764a13d1e: shutdown add4e6bd-fcc9-465d-bef9-bed764a13d1e@group-68E7495FD306-FollowerState
2023-05-08 09:35:44,829 [add4e6bd-fcc9-465d-bef9-bed764a13d1e@group-68E7495FD306-FollowerState] INFO  server.RaftServer$Division (RaftServerImpl.java:setRole(321)) - add4e6bd-fcc9-465d-bef9-bed764a13d1e@group-68E7495FD306: changes role from  FOLLOWER to CANDIDATE at term 0 for changeToCandidate
2023-05-08 09:35:44,829 [add4e6bd-fcc9-465d-bef9-bed764a13d1e@group-68E7495FD306-FollowerState] INFO  server.RaftServerConfigKeys (ConfUtils.java:logGet(46)) - raft.server.leaderelection.pre-vote = true (default)
2023-05-08 09:35:44,829 [add4e6bd-fcc9-465d-bef9-bed764a13d1e@group-68E7495FD306-FollowerState] INFO  impl.RoleInfo (RoleInfo.java:updateAndGet(139)) - add4e6bd-fcc9-465d-bef9-bed764a13d1e: start add4e6bd-fcc9-465d-bef9-bed764a13d1e@group-68E7495FD306-LeaderElection34
2023-05-08 09:35:44,829 [grpc-default-executor-0] INFO  impl.VoteContext (VoteContext.java:log(49)) - 3357f25e-fda2-4cb8-acb0-e93af4f54e63@group-68E7495FD306-CANDIDATE: accept PRE_VOTE from 3e648b14-2e89-4337-9925-6e41fa74934b: our priority 0 <= candidate's priority 0
2023-05-08 09:35:44,829 [grpc-default-executor-0] INFO  server.RaftServer$Division (RaftServerImpl.java:requestVote(1251)) - 3357f25e-fda2-4cb8-acb0-e93af4f54e63@group-68E7495FD306 replies to PRE_VOTE vote request: 3e648b14-2e89-4337-9925-6e41fa74934b<-3357f25e-fda2-4cb8-acb0-e93af4f54e63#0:OK-t0. Peer's state: 3357f25e-fda2-4cb8-acb0-e93af4f54e63@group-68E7495FD306:t0, leader=null, voted=, raftlog=Memoized:3357f25e-fda2-4cb8-acb0-e93af4f54e63@group-68E7495FD306-SegmentedRaftLog:OPENED:c-1, conf=-1: peers:[add4e6bd-fcc9-465d-bef9-bed764a13d1e|rpc:10.1.0.160:35941|dataStream:10.1.0.160:42367|priority:1|startupRole:FOLLOWER, 3e648b14-2e89-4337-9925-6e41fa74934b|rpc:10.1.0.160:32919|dataStream:10.1.0.160:34191|priority:0|startupRole:FOLLOWER, 3357f25e-fda2-4cb8-acb0-e93af4f54e63|rpc:10.1.0.160:40553|dataStream:10.1.0.160:42755|priority:0|startupRole:FOLLOWER]|listeners:[], old=null
2023-05-08 09:35:44,832 [3e648b14-2e89-4337-9925-6e41fa74934b@group-68E7495FD306-LeaderElection32] INFO  impl.LeaderElection (LeaderElection.java:logAndReturn(90)) - 3e648b14-2e89-4337-9925-6e41fa74934b@group-68E7495FD306-LeaderElection32: PRE_VOTE REJECTED received 1 response(s) and 0 exception(s):
2023-05-08 09:35:44,832 [3e648b14-2e89-4337-9925-6e41fa74934b@group-68E7495FD306-LeaderElection32] INFO  impl.LeaderElection (LeaderElection.java:logAndReturn(94)) -   Response 0: 3e648b14-2e89-4337-9925-6e41fa74934b<-add4e6bd-fcc9-465d-bef9-bed764a13d1e#0:FAIL-t0
2023-05-08 09:35:44,832 [3e648b14-2e89-4337-9925-6e41fa74934b@group-68E7495FD306-LeaderElection32] INFO  impl.LeaderElection (LeaderElection.java:askForVotes(314)) - 3e648b14-2e89-4337-9925-6e41fa74934b@group-68E7495FD306-LeaderElection32 PRE_VOTE round 0: result REJECTED
2023-05-08 09:35:44,832 [3e648b14-2e89-4337-9925-6e41fa74934b@group-68E7495FD306-LeaderElection32] INFO  server.RaftServer$Division (RaftServerImpl.java:setRole(321)) - 3e648b14-2e89-4337-9925-6e41fa74934b@group-68E7495FD306: changes role from CANDIDATE to FOLLOWER at term 0 for REJECTED
2023-05-08 09:35:44,833 [3e648b14-2e89-4337-9925-6e41fa74934b@group-68E7495FD306-LeaderElection32] INFO  impl.RoleInfo (RoleInfo.java:shutdownLeaderElection(130)) - 3e648b14-2e89-4337-9925-6e41fa74934b: shutdown 3e648b14-2e89-4337-9925-6e41fa74934b@group-68E7495FD306-LeaderElection32
2023-05-08 09:35:44,833 [3e648b14-2e89-4337-9925-6e41fa74934b@group-68E7495FD306-LeaderElection32] INFO  impl.RoleInfo (RoleInfo.java:updateAndGet(139)) - 3e648b14-2e89-4337-9925-6e41fa74934b: start 3e648b14-2e89-4337-9925-6e41fa74934b@group-68E7495FD306-FollowerState
2023-05-08 09:35:44,833 [3e648b14-2e89-4337-9925-6e41fa74934b@group-68E7495FD306-FollowerState] INFO  server.RaftServerConfigKeys (ConfUtils.java:logFallback(53)) - raft.server.rpc.first-election.timeout.min = 5s (fallback to raft.server.rpc.timeout.min)
2023-05-08 09:35:44,833 [3e648b14-2e89-4337-9925-6e41fa74934b@group-68E7495FD306-FollowerState] INFO  server.RaftServerConfigKeys (ConfUtils.java:logFallback(53)) - raft.server.rpc.first-election.timeout.max = 5200ms (fallback to raft.server.rpc.timeout.max)
2023-05-08 09:35:44,833 [3357f25e-fda2-4cb8-acb0-e93af4f54e63@group-68E7495FD306-LeaderElection33-1] INFO  server.GrpcServerProtocolClient (GrpcServerProtocolClient.java:<init>(63)) - Build channel for add4e6bd-fcc9-465d-bef9-bed764a13d1e
2023-05-08 09:35:44,835 [add4e6bd-fcc9-465d-bef9-bed764a13d1e@group-68E7495FD306-LeaderElection34] INFO  impl.LeaderElection (LeaderElection.java:askForVotes(312)) - add4e6bd-fcc9-465d-bef9-bed764a13d1e@group-68E7495FD306-LeaderElection34 PRE_VOTE round 0: submit vote requests at term 0 for -1: peers:[add4e6bd-fcc9-465d-bef9-bed764a13d1e|rpc:10.1.0.160:35941|dataStream:10.1.0.160:42367|priority:1|startupRole:FOLLOWER, 3e648b14-2e89-4337-9925-6e41fa74934b|rpc:10.1.0.160:32919|dataStream:10.1.0.160:34191|priority:0|startupRole:FOLLOWER, 3357f25e-fda2-4cb8-acb0-e93af4f54e63|rpc:10.1.0.160:40553|dataStream:10.1.0.160:42755|priority:0|startupRole:FOLLOWER]|listeners:[], old=null
2023-05-08 09:35:44,836 [3357f25e-fda2-4cb8-acb0-e93af4f54e63@group-68E7495FD306-LeaderElection33] INFO  server.RaftServerConfigKeys (ConfUtils.java:logFallback(53)) - raft.server.rpc.first-election.timeout.min = 5s (fallback to raft.server.rpc.timeout.min)
2023-05-08 09:35:44,836 [3357f25e-fda2-4cb8-acb0-e93af4f54e63@group-68E7495FD306-LeaderElection33] INFO  server.RaftServerConfigKeys (ConfUtils.java:logFallback(53)) - raft.server.rpc.first-election.timeout.max = 5200ms (fallback to raft.server.rpc.timeout.max)
2023-05-08 09:35:44,837 [3357f25e-fda2-4cb8-acb0-e93af4f54e63@group-68E7495FD306-LeaderElection33-2] INFO  server.GrpcServerProtocolClient (GrpcServerProtocolClient.java:<init>(63)) - Build channel for 3e648b14-2e89-4337-9925-6e41fa74934b
2023-05-08 09:35:44,844 [grpc-default-executor-0] INFO  server.RaftServer$Division (RaftServerImpl.java:requestVote(1218)) - add4e6bd-fcc9-465d-bef9-bed764a13d1e@group-68E7495FD306: receive requestVote(PRE_VOTE, 3357f25e-fda2-4cb8-acb0-e93af4f54e63, group-68E7495FD306, 0, (t:0, i:0))
2023-05-08 09:35:44,844 [grpc-default-executor-0] INFO  impl.VoteContext (VoteContext.java:log(49)) - add4e6bd-fcc9-465d-bef9-bed764a13d1e@group-68E7495FD306-CANDIDATE: reject PRE_VOTE from 3357f25e-fda2-4cb8-acb0-e93af4f54e63: our priority 1 > candidate's priority 0
2023-05-08 09:35:44,844 [grpc-default-executor-0] INFO  server.RaftServer$Division (RaftServerImpl.java:requestVote(1251)) - add4e6bd-fcc9-465d-bef9-bed764a13d1e@group-68E7495FD306 replies to PRE_VOTE vote request: 3357f25e-fda2-4cb8-acb0-e93af4f54e63<-add4e6bd-fcc9-465d-bef9-bed764a13d1e#0:FAIL-t0. Peer's state: add4e6bd-fcc9-465d-bef9-bed764a13d1e@group-68E7495FD306:t0, leader=null, voted=, raftlog=Memoized:add4e6bd-fcc9-465d-bef9-bed764a13d1e@group-68E7495FD306-SegmentedRaftLog:OPENED:c-1, conf=-1: peers:[add4e6bd-fcc9-465d-bef9-bed764a13d1e|rpc:10.1.0.160:35941|dataStream:10.1.0.160:42367|priority:1|startupRole:FOLLOWER, 3e648b14-2e89-4337-9925-6e41fa74934b|rpc:10.1.0.160:32919|dataStream:10.1.0.160:34191|priority:0|startupRole:FOLLOWER, 3357f25e-fda2-4cb8-acb0-e93af4f54e63|rpc:10.1.0.160:40553|dataStream:10.1.0.160:42755|priority:0|startupRole:FOLLOWER]|listeners:[], old=null
2023-05-08 09:35:44,849 [3357f25e-fda2-4cb8-acb0-e93af4f54e63@group-68E7495FD306-LeaderElection33] INFO  impl.LeaderElection (LeaderElection.java:logAndReturn(90)) - 3357f25e-fda2-4cb8-acb0-e93af4f54e63@group-68E7495FD306-LeaderElection33: PRE_VOTE REJECTED received 1 response(s) and 0 exception(s):
2023-05-08 09:35:44,849 [3357f25e-fda2-4cb8-acb0-e93af4f54e63@group-68E7495FD306-LeaderElection33] INFO  impl.LeaderElection (LeaderElection.java:logAndReturn(94)) -   Response 0: 3357f25e-fda2-4cb8-acb0-e93af4f54e63<-add4e6bd-fcc9-465d-bef9-bed764a13d1e#0:FAIL-t0
2023-05-08 09:35:44,849 [add4e6bd-fcc9-465d-bef9-bed764a13d1e@group-68E7495FD306-LeaderElection34-1] INFO  server.GrpcServerProtocolClient (GrpcServerProtocolClient.java:<init>(63)) - Build channel for 3e648b14-2e89-4337-9925-6e41fa74934b
2023-05-08 09:35:44,849 [grpc-default-executor-0] INFO  server.RaftServer$Division (RaftServerImpl.java:requestVote(1218)) - 3e648b14-2e89-4337-9925-6e41fa74934b@group-68E7495FD306: receive requestVote(PRE_VOTE, 3357f25e-fda2-4cb8-acb0-e93af4f54e63, group-68E7495FD306, 0, (t:0, i:0))
2023-05-08 09:35:44,849 [grpc-default-executor-0] INFO  impl.VoteContext (VoteContext.java:log(49)) - 3e648b14-2e89-4337-9925-6e41fa74934b@group-68E7495FD306-FOLLOWER: accept PRE_VOTE from 3357f25e-fda2-4cb8-acb0-e93af4f54e63: our priority 0 <= candidate's priority 0
2023-05-08 09:35:44,850 [grpc-default-executor-0] INFO  server.RaftServer$Division (RaftServerImpl.java:requestVote(1251)) - 3e648b14-2e89-4337-9925-6e41fa74934b@group-68E7495FD306 replies to PRE_VOTE vote request: 3357f25e-fda2-4cb8-acb0-e93af4f54e63<-3e648b14-2e89-4337-9925-6e41fa74934b#0:OK-t0. Peer's state: 3e648b14-2e89-4337-9925-6e41fa74934b@group-68E7495FD306:t0, leader=null, voted=, raftlog=Memoized:3e648b14-2e89-4337-9925-6e41fa74934b@group-68E7495FD306-SegmentedRaftLog:OPENED:c-1, conf=-1: peers:[add4e6bd-fcc9-465d-bef9-bed764a13d1e|rpc:10.1.0.160:35941|dataStream:10.1.0.160:42367|priority:1|startupRole:FOLLOWER, 3e648b14-2e89-4337-9925-6e41fa74934b|rpc:10.1.0.160:32919|dataStream:10.1.0.160:34191|priority:0|startupRole:FOLLOWER, 3357f25e-fda2-4cb8-acb0-e93af4f54e63|rpc:10.1.0.160:40553|dataStream:10.1.0.160:42755|priority:0|startupRole:FOLLOWER]|listeners:[], old=null
2023-05-08 09:35:44,851 [add4e6bd-fcc9-465d-bef9-bed764a13d1e@group-68E7495FD306-LeaderElection34] INFO  server.RaftServerConfigKeys (ConfUtils.java:logFallback(53)) - raft.server.rpc.first-election.timeout.min = 5s (fallback to raft.server.rpc.timeout.min)
2023-05-08 09:35:44,851 [add4e6bd-fcc9-465d-bef9-bed764a13d1e@group-68E7495FD306-LeaderElection34] INFO  server.RaftServerConfigKeys (ConfUtils.java:logFallback(53)) - raft.server.rpc.first-election.timeout.max = 5200ms (fallback to raft.server.rpc.timeout.max)
2023-05-08 09:35:44,852 [add4e6bd-fcc9-465d-bef9-bed764a13d1e@group-68E7495FD306-LeaderElection34-2] INFO  server.GrpcServerProtocolClient (GrpcServerProtocolClient.java:<init>(63)) - Build channel for 3357f25e-fda2-4cb8-acb0-e93af4f54e63
2023-05-08 09:35:44,857 [3357f25e-fda2-4cb8-acb0-e93af4f54e63@group-68E7495FD306-LeaderElection33] INFO  impl.LeaderElection (LeaderElection.java:askForVotes(314)) - 3357f25e-fda2-4cb8-acb0-e93af4f54e63@group-68E7495FD306-LeaderElection33 PRE_VOTE round 0: result REJECTED
2023-05-08 09:35:44,857 [3357f25e-fda2-4cb8-acb0-e93af4f54e63@group-68E7495FD306-LeaderElection33] INFO  server.RaftServer$Division (RaftServerImpl.java:setRole(321)) - 3357f25e-fda2-4cb8-acb0-e93af4f54e63@group-68E7495FD306: changes role from CANDIDATE to FOLLOWER at term 0 for REJECTED
2023-05-08 09:35:44,857 [3357f25e-fda2-4cb8-acb0-e93af4f54e63@group-68E7495FD306-LeaderElection33] INFO  impl.RoleInfo (RoleInfo.java:shutdownLeaderElection(130)) - 3357f25e-fda2-4cb8-acb0-e93af4f54e63: shutdown 3357f25e-fda2-4cb8-acb0-e93af4f54e63@group-68E7495FD306-LeaderElection33
2023-05-08 09:35:44,857 [3357f25e-fda2-4cb8-acb0-e93af4f54e63@group-68E7495FD306-LeaderElection33] INFO  impl.RoleInfo (RoleInfo.java:updateAndGet(139)) - 3357f25e-fda2-4cb8-acb0-e93af4f54e63: start 3357f25e-fda2-4cb8-acb0-e93af4f54e63@group-68E7495FD306-FollowerState
2023-05-08 09:35:44,859 [grpc-default-executor-0] INFO  server.RaftServer$Division (RaftServerImpl.java:requestVote(1218)) - 3e648b14-2e89-4337-9925-6e41fa74934b@group-68E7495FD306: receive requestVote(PRE_VOTE, add4e6bd-fcc9-465d-bef9-bed764a13d1e, group-68E7495FD306, 0, (t:0, i:0))
2023-05-08 09:35:44,859 [grpc-default-executor-0] INFO  impl.VoteContext (VoteContext.java:log(49)) - 3e648b14-2e89-4337-9925-6e41fa74934b@group-68E7495FD306-FOLLOWER: accept PRE_VOTE from add4e6bd-fcc9-465d-bef9-bed764a13d1e: our priority 0 <= candidate's priority 1
2023-05-08 09:35:44,859 [grpc-default-executor-0] INFO  server.RaftServer$Division (RaftServerImpl.java:requestVote(1251)) - 3e648b14-2e89-4337-9925-6e41fa74934b@group-68E7495FD306 replies to PRE_VOTE vote request: add4e6bd-fcc9-465d-bef9-bed764a13d1e<-3e648b14-2e89-4337-9925-6e41fa74934b#0:OK-t0. Peer's state: 3e648b14-2e89-4337-9925-6e41fa74934b@group-68E7495FD306:t0, leader=null, voted=, raftlog=Memoized:3e648b14-2e89-4337-9925-6e41fa74934b@group-68E7495FD306-SegmentedRaftLog:OPENED:c-1, conf=-1: peers:[add4e6bd-fcc9-465d-bef9-bed764a13d1e|rpc:10.1.0.160:35941|dataStream:10.1.0.160:42367|priority:1|startupRole:FOLLOWER, 3e648b14-2e89-4337-9925-6e41fa74934b|rpc:10.1.0.160:32919|dataStream:10.1.0.160:34191|priority:0|startupRole:FOLLOWER, 3357f25e-fda2-4cb8-acb0-e93af4f54e63|rpc:10.1.0.160:40553|dataStream:10.1.0.160:42755|priority:0|startupRole:FOLLOWER]|listeners:[], old=null
2023-05-08 09:35:44,863 [add4e6bd-fcc9-465d-bef9-bed764a13d1e@group-68E7495FD306-LeaderElection34] INFO  impl.LeaderElection (LeaderElection.java:logAndReturn(90)) - add4e6bd-fcc9-465d-bef9-bed764a13d1e@group-68E7495FD306-LeaderElection34: PRE_VOTE PASSED received 1 response(s) and 0 exception(s):
2023-05-08 09:35:44,863 [add4e6bd-fcc9-465d-bef9-bed764a13d1e@group-68E7495FD306-LeaderElection34] INFO  impl.LeaderElection (LeaderElection.java:logAndReturn(94)) -   Response 0: add4e6bd-fcc9-465d-bef9-bed764a13d1e<-3e648b14-2e89-4337-9925-6e41fa74934b#0:OK-t0
2023-05-08 09:35:44,863 [add4e6bd-fcc9-465d-bef9-bed764a13d1e@group-68E7495FD306-LeaderElection34] INFO  impl.LeaderElection (LeaderElection.java:askForVotes(314)) - add4e6bd-fcc9-465d-bef9-bed764a13d1e@group-68E7495FD306-LeaderElection34 PRE_VOTE round 0: result PASSED
2023-05-08 09:35:44,864 [3357f25e-fda2-4cb8-acb0-e93af4f54e63@group-68E7495FD306-FollowerState] INFO  server.RaftServerConfigKeys (ConfUtils.java:logFallback(53)) - raft.server.rpc.first-election.timeout.min = 5s (fallback to raft.server.rpc.timeout.min)
2023-05-08 09:35:44,864 [3357f25e-fda2-4cb8-acb0-e93af4f54e63@group-68E7495FD306-FollowerState] INFO  server.RaftServerConfigKeys (ConfUtils.java:logFallback(53)) - raft.server.rpc.first-election.timeout.max = 5200ms (fallback to raft.server.rpc.timeout.max)
2023-05-08 09:35:44,865 [add4e6bd-fcc9-465d-bef9-bed764a13d1e@group-68E7495FD306-LeaderElection34] INFO  impl.LeaderElection (LeaderElection.java:askForVotes(312)) - add4e6bd-fcc9-465d-bef9-bed764a13d1e@group-68E7495FD306-LeaderElection34 ELECTION round 0: submit vote requests at term 1 for -1: peers:[add4e6bd-fcc9-465d-bef9-bed764a13d1e|rpc:10.1.0.160:35941|dataStream:10.1.0.160:42367|priority:1|startupRole:FOLLOWER, 3e648b14-2e89-4337-9925-6e41fa74934b|rpc:10.1.0.160:32919|dataStream:10.1.0.160:34191|priority:0|startupRole:FOLLOWER, 3357f25e-fda2-4cb8-acb0-e93af4f54e63|rpc:10.1.0.160:40553|dataStream:10.1.0.160:42755|priority:0|startupRole:FOLLOWER]|listeners:[], old=null
2023-05-08 09:35:44,867 [add4e6bd-fcc9-465d-bef9-bed764a13d1e@group-68E7495FD306-LeaderElection34] INFO  server.RaftServerConfigKeys (ConfUtils.java:logFallback(53)) - raft.server.rpc.first-election.timeout.min = 5s (fallback to raft.server.rpc.timeout.min)
2023-05-08 09:35:44,868 [add4e6bd-fcc9-465d-bef9-bed764a13d1e@group-68E7495FD306-LeaderElection34] INFO  server.RaftServerConfigKeys (ConfUtils.java:logFallback(53)) - raft.server.rpc.first-election.timeout.max = 5200ms (fallback to raft.server.rpc.timeout.max)
2023-05-08 09:35:44,869 [grpc-default-executor-1] INFO  server.RaftServer$Division (RaftServerImpl.java:requestVote(1218)) - 3357f25e-fda2-4cb8-acb0-e93af4f54e63@group-68E7495FD306: receive requestVote(PRE_VOTE, add4e6bd-fcc9-465d-bef9-bed764a13d1e, group-68E7495FD306, 0, (t:0, i:0))
2023-05-08 09:35:44,869 [grpc-default-executor-1] INFO  impl.VoteContext (VoteContext.java:log(49)) - 3357f25e-fda2-4cb8-acb0-e93af4f54e63@group-68E7495FD306-FOLLOWER: accept PRE_VOTE from add4e6bd-fcc9-465d-bef9-bed764a13d1e: our priority 0 <= candidate's priority 1
2023-05-08 09:35:44,869 [grpc-default-executor-1] INFO  server.RaftServer$Division (RaftServerImpl.java:requestVote(1251)) - 3357f25e-fda2-4cb8-acb0-e93af4f54e63@group-68E7495FD306 replies to PRE_VOTE vote request: add4e6bd-fcc9-465d-bef9-bed764a13d1e<-3357f25e-fda2-4cb8-acb0-e93af4f54e63#0:OK-t0. Peer's state: 3357f25e-fda2-4cb8-acb0-e93af4f54e63@group-68E7495FD306:t0, leader=null, voted=, raftlog=Memoized:3357f25e-fda2-4cb8-acb0-e93af4f54e63@group-68E7495FD306-SegmentedRaftLog:OPENED:c-1, conf=-1: peers:[add4e6bd-fcc9-465d-bef9-bed764a13d1e|rpc:10.1.0.160:35941|dataStream:10.1.0.160:42367|priority:1|startupRole:FOLLOWER, 3e648b14-2e89-4337-9925-6e41fa74934b|rpc:10.1.0.160:32919|dataStream:10.1.0.160:34191|priority:0|startupRole:FOLLOWER, 3357f25e-fda2-4cb8-acb0-e93af4f54e63|rpc:10.1.0.160:40553|dataStream:10.1.0.160:42755|priority:0|startupRole:FOLLOWER]|listeners:[], old=null
2023-05-08 09:35:44,872 [grpc-default-executor-0] INFO  server.RaftServer$Division (RaftServerImpl.java:requestVote(1218)) - 3e648b14-2e89-4337-9925-6e41fa74934b@group-68E7495FD306: receive requestVote(ELECTION, add4e6bd-fcc9-465d-bef9-bed764a13d1e, group-68E7495FD306, 1, (t:0, i:0))
2023-05-08 09:35:44,872 [grpc-default-executor-0] INFO  impl.VoteContext (VoteContext.java:log(49)) - 3e648b14-2e89-4337-9925-6e41fa74934b@group-68E7495FD306-FOLLOWER: accept ELECTION from add4e6bd-fcc9-465d-bef9-bed764a13d1e: our priority 0 <= candidate's priority 1
2023-05-08 09:35:44,872 [grpc-default-executor-0] INFO  server.RaftServer$Division (RaftServerImpl.java:setRole(321)) - 3e648b14-2e89-4337-9925-6e41fa74934b@group-68E7495FD306: changes role from  FOLLOWER to FOLLOWER at term 1 for candidate:add4e6bd-fcc9-465d-bef9-bed764a13d1e
2023-05-08 09:35:44,872 [grpc-default-executor-0] INFO  impl.RoleInfo (RoleInfo.java:shutdownFollowerState(110)) - 3e648b14-2e89-4337-9925-6e41fa74934b: shutdown 3e648b14-2e89-4337-9925-6e41fa74934b@group-68E7495FD306-FollowerState
2023-05-08 09:35:44,872 [grpc-default-executor-0] INFO  impl.RoleInfo (RoleInfo.java:updateAndGet(139)) - 3e648b14-2e89-4337-9925-6e41fa74934b: start 3e648b14-2e89-4337-9925-6e41fa74934b@group-68E7495FD306-FollowerState
2023-05-08 09:35:44,872 [3e648b14-2e89-4337-9925-6e41fa74934b@group-68E7495FD306-FollowerState] INFO  impl.FollowerState (FollowerState.java:run(152)) - 3e648b14-2e89-4337-9925-6e41fa74934b@group-68E7495FD306-FollowerState was interrupted
2023-05-08 09:35:44,873 [3e648b14-2e89-4337-9925-6e41fa74934b@group-68E7495FD306-FollowerState] INFO  server.RaftServerConfigKeys (ConfUtils.java:logFallback(53)) - raft.server.rpc.first-election.timeout.min = 5s (fallback to raft.server.rpc.timeout.min)
2023-05-08 09:35:44,873 [3e648b14-2e89-4337-9925-6e41fa74934b@group-68E7495FD306-FollowerState] INFO  server.RaftServerConfigKeys (ConfUtils.java:logFallback(53)) - raft.server.rpc.first-election.timeout.max = 5200ms (fallback to raft.server.rpc.timeout.max)
2023-05-08 09:35:44,875 [grpc-default-executor-1] INFO  server.RaftServer$Division (RaftServerImpl.java:requestVote(1218)) - 3357f25e-fda2-4cb8-acb0-e93af4f54e63@group-68E7495FD306: receive requestVote(ELECTION, add4e6bd-fcc9-465d-bef9-bed764a13d1e, group-68E7495FD306, 1, (t:0, i:0))
2023-05-08 09:35:44,875 [grpc-default-executor-1] INFO  impl.VoteContext (VoteContext.java:log(49)) - 3357f25e-fda2-4cb8-acb0-e93af4f54e63@group-68E7495FD306-FOLLOWER: accept ELECTION from add4e6bd-fcc9-465d-bef9-bed764a13d1e: our priority 0 <= candidate's priority 1
2023-05-08 09:35:44,875 [grpc-default-executor-1] INFO  server.RaftServer$Division (RaftServerImpl.java:setRole(321)) - 3357f25e-fda2-4cb8-acb0-e93af4f54e63@group-68E7495FD306: changes role from  FOLLOWER to FOLLOWER at term 1 for candidate:add4e6bd-fcc9-465d-bef9-bed764a13d1e
2023-05-08 09:35:44,875 [grpc-default-executor-1] INFO  impl.RoleInfo (RoleInfo.java:shutdownFollowerState(110)) - 3357f25e-fda2-4cb8-acb0-e93af4f54e63: shutdown 3357f25e-fda2-4cb8-acb0-e93af4f54e63@group-68E7495FD306-FollowerState
2023-05-08 09:35:44,875 [grpc-default-executor-1] INFO  impl.RoleInfo (RoleInfo.java:updateAndGet(139)) - 3357f25e-fda2-4cb8-acb0-e93af4f54e63: start 3357f25e-fda2-4cb8-acb0-e93af4f54e63@group-68E7495FD306-FollowerState
2023-05-08 09:35:44,875 [3357f25e-fda2-4cb8-acb0-e93af4f54e63@group-68E7495FD306-FollowerState] INFO  impl.FollowerState (FollowerState.java:run(152)) - 3357f25e-fda2-4cb8-acb0-e93af4f54e63@group-68E7495FD306-FollowerState was interrupted
2023-05-08 09:35:44,875 [grpc-default-executor-0] INFO  server.RaftServer$Division (RaftServerImpl.java:requestVote(1251)) - 3e648b14-2e89-4337-9925-6e41fa74934b@group-68E7495FD306 replies to ELECTION vote request: add4e6bd-fcc9-465d-bef9-bed764a13d1e<-3e648b14-2e89-4337-9925-6e41fa74934b#0:OK-t1. Peer's state: 3e648b14-2e89-4337-9925-6e41fa74934b@group-68E7495FD306:t1, leader=null, voted=add4e6bd-fcc9-465d-bef9-bed764a13d1e, raftlog=Memoized:3e648b14-2e89-4337-9925-6e41fa74934b@group-68E7495FD306-SegmentedRaftLog:OPENED:c-1, conf=-1: peers:[add4e6bd-fcc9-465d-bef9-bed764a13d1e|rpc:10.1.0.160:35941|dataStream:10.1.0.160:42367|priority:1|startupRole:FOLLOWER, 3e648b14-2e89-4337-9925-6e41fa74934b|rpc:10.1.0.160:32919|dataStream:10.1.0.160:34191|priority:0|startupRole:FOLLOWER, 3357f25e-fda2-4cb8-acb0-e93af4f54e63|rpc:10.1.0.160:40553|dataStream:10.1.0.160:42755|priority:0|startupRole:FOLLOWER]|listeners:[], old=null
2023-05-08 09:35:44,877 [add4e6bd-fcc9-465d-bef9-bed764a13d1e@group-68E7495FD306-LeaderElection34] INFO  impl.LeaderElection (LeaderElection.java:logAndReturn(90)) - add4e6bd-fcc9-465d-bef9-bed764a13d1e@group-68E7495FD306-LeaderElection34: ELECTION PASSED received 1 response(s) and 0 exception(s):
2023-05-08 09:35:44,877 [add4e6bd-fcc9-465d-bef9-bed764a13d1e@group-68E7495FD306-LeaderElection34] INFO  impl.LeaderElection (LeaderElection.java:logAndReturn(94)) -   Response 0: add4e6bd-fcc9-465d-bef9-bed764a13d1e<-3e648b14-2e89-4337-9925-6e41fa74934b#0:OK-t1
2023-05-08 09:35:44,877 [add4e6bd-fcc9-465d-bef9-bed764a13d1e@group-68E7495FD306-LeaderElection34] INFO  impl.LeaderElection (LeaderElection.java:askForVotes(314)) - add4e6bd-fcc9-465d-bef9-bed764a13d1e@group-68E7495FD306-LeaderElection34 ELECTION round 0: result PASSED
2023-05-08 09:35:44,877 [add4e6bd-fcc9-465d-bef9-bed764a13d1e@group-68E7495FD306-LeaderElection34] INFO  impl.RoleInfo (RoleInfo.java:shutdownLeaderElection(130)) - add4e6bd-fcc9-465d-bef9-bed764a13d1e: shutdown add4e6bd-fcc9-465d-bef9-bed764a13d1e@group-68E7495FD306-LeaderElection34
2023-05-08 09:35:44,877 [add4e6bd-fcc9-465d-bef9-bed764a13d1e@group-68E7495FD306-LeaderElection34] INFO  server.RaftServer$Division (RaftServerImpl.java:setRole(321)) - add4e6bd-fcc9-465d-bef9-bed764a13d1e@group-68E7495FD306: changes role from CANDIDATE to LEADER at term 1 for changeToLeader
2023-05-08 09:35:44,877 [add4e6bd-fcc9-465d-bef9-bed764a13d1e@group-68E7495FD306-LeaderElection34] INFO  ratis.XceiverServerRatis (XceiverServerRatis.java:handleLeaderChangedNotification(904)) - Leader change notification received for group: group-68E7495FD306 with new leaderId: add4e6bd-fcc9-465d-bef9-bed764a13d1e
2023-05-08 09:35:44,877 [add4e6bd-fcc9-465d-bef9-bed764a13d1e@group-68E7495FD306-LeaderElection34] INFO  server.RaftServer$Division (ServerState.java:setLeader(313)) - add4e6bd-fcc9-465d-bef9-bed764a13d1e@group-68E7495FD306: change Leader from null to add4e6bd-fcc9-465d-bef9-bed764a13d1e at term 1 for becomeLeader, leader elected after 5153ms
2023-05-08 09:35:44,877 [add4e6bd-fcc9-465d-bef9-bed764a13d1e@group-68E7495FD306-LeaderElection34] INFO  server.RaftServerConfigKeys (ConfUtils.java:logGet(46)) - raft.server.staging.catchup.gap = 1000 (default)
2023-05-08 09:35:44,878 [add4e6bd-fcc9-465d-bef9-bed764a13d1e@group-68E7495FD306-LeaderElection34] INFO  server.RaftServerConfigKeys (ConfUtils.java:logGet(46)) - raft.server.write.element-limit = 1024 (custom)
2023-05-08 09:35:44,878 [add4e6bd-fcc9-465d-bef9-bed764a13d1e@group-68E7495FD306-LeaderElection34] INFO  server.RaftServerConfigKeys (ConfUtils.java:logGet(46)) - raft.server.write.byte-limit = 1024 M (=1073741824) (custom)
2023-05-08 09:35:44,878 [add4e6bd-fcc9-465d-bef9-bed764a13d1e@group-68E7495FD306-LeaderElection34] INFO  server.RaftServerConfigKeys (ConfUtils.java:logGet(46)) - raft.server.watch.timeout = 180s (custom)
2023-05-08 09:35:44,878 [add4e6bd-fcc9-465d-bef9-bed764a13d1e@group-68E7495FD306-LeaderElection34] INFO  server.RaftServerConfigKeys (ConfUtils.java:logGet(46)) - raft.server.watch.timeout.denomination = 1s (default)
2023-05-08 09:35:44,878 [add4e6bd-fcc9-465d-bef9-bed764a13d1e@group-68E7495FD306-LeaderElection34] INFO  server.RaftServerConfigKeys (ConfUtils.java:logGet(46)) - raft.server.watch.element-limit = 65536 (default)
2023-05-08 09:35:44,878 [add4e6bd-fcc9-465d-bef9-bed764a13d1e@group-68E7495FD306-LeaderElection34] INFO  server.RaftServerConfigKeys (ConfUtils.java:logGet(46)) - raft.server.write.element-limit = 1024 (custom)
2023-05-08 09:35:44,878 [add4e6bd-fcc9-465d-bef9-bed764a13d1e@group-68E7495FD306-LeaderElection34] INFO  server.RaftServerConfigKeys (ConfUtils.java:logGet(46)) - raft.server.write.follower.gap.ratio.max = -1.0 (default)
2023-05-08 09:35:44,878 [add4e6bd-fcc9-465d-bef9-bed764a13d1e@group-68E7495FD306-LeaderElection34] INFO  server.RaftServerConfigKeys (ConfUtils.java:logGet(46)) - raft.server.log.appender.snapshot.chunk.size.max = 16MB (=16777216) (default)
2023-05-08 09:35:44,878 [add4e6bd-fcc9-465d-bef9-bed764a13d1e@group-68E7495FD306-LeaderElection34] INFO  server.RaftServerConfigKeys (ConfUtils.java:logGet(46)) - raft.server.log.appender.buffer.byte-limit = 33554432 (custom)
2023-05-08 09:35:44,878 [add4e6bd-fcc9-465d-bef9-bed764a13d1e@group-68E7495FD306-LeaderElection34] INFO  server.RaftServerConfigKeys (ConfUtils.java:logGet(46)) - raft.server.log.appender.buffer.element-limit = 1 (custom)
2023-05-08 09:35:44,879 [add4e6bd-fcc9-465d-bef9-bed764a13d1e@group-68E7495FD306-LeaderElection34] INFO  grpc.GrpcConfigKeys (ConfUtils.java:logGet(46)) - raft.grpc.server.leader.outstanding.appends.max = 128 (default)
2023-05-08 09:35:44,879 [add4e6bd-fcc9-465d-bef9-bed764a13d1e@group-68E7495FD306-LeaderElection34] INFO  server.RaftServerConfigKeys (ConfUtils.java:logGet(46)) - raft.server.rpc.request.timeout = 60s (custom)
2023-05-08 09:35:44,879 [add4e6bd-fcc9-465d-bef9-bed764a13d1e@group-68E7495FD306-LeaderElection34] INFO  server.RaftServerConfigKeys (ConfUtils.java:logGet(46)) - raft.server.log.appender.install.snapshot.enabled = false (custom)
2023-05-08 09:35:44,879 [add4e6bd-fcc9-465d-bef9-bed764a13d1e@group-68E7495FD306-LeaderElection34] INFO  grpc.GrpcConfigKeys (ConfUtils.java:logGet(46)) - raft.grpc.server.heartbeat.channel = true (default)
2023-05-08 09:35:44,879 [add4e6bd-fcc9-465d-bef9-bed764a13d1e@group-68E7495FD306-LeaderElection34] INFO  server.RaftServerConfigKeys (ConfUtils.java:logGet(46)) - raft.server.log.appender.wait-time.min = 10ms (default)
2023-05-08 09:35:44,880 [EventQueue-PipelineReportForPipelineReportHandler] INFO  pipeline.PipelineManagerImpl (PipelineManagerImpl.java:openPipeline(367)) - Pipeline Pipeline[ Id: 61d9caab-dfec-4d6d-bab9-68e7495fd306, Nodes: 3357f25e-fda2-4cb8-acb0-e93af4f54e63(fv-az96-539/10.1.0.160)3e648b14-2e89-4337-9925-6e41fa74934b(fv-az96-539/10.1.0.160)add4e6bd-fcc9-465d-bef9-bed764a13d1e(fv-az96-539/10.1.0.160), ReplicationConfig: RATIS/THREE, State:ALLOCATED, leaderId:add4e6bd-fcc9-465d-bef9-bed764a13d1e, CreationTimestamp2023-05-08T09:35:37.234Z[Etc/UTC]] moved to OPEN state
2023-05-08 09:35:44,881 [grpc-default-executor-1] INFO  server.RaftServer$Division (RaftServerImpl.java:requestVote(1251)) - 3357f25e-fda2-4cb8-acb0-e93af4f54e63@group-68E7495FD306 replies to ELECTION vote request: add4e6bd-fcc9-465d-bef9-bed764a13d1e<-3357f25e-fda2-4cb8-acb0-e93af4f54e63#0:OK-t1. Peer's state: 3357f25e-fda2-4cb8-acb0-e93af4f54e63@group-68E7495FD306:t1, leader=null, voted=add4e6bd-fcc9-465d-bef9-bed764a13d1e, raftlog=Memoized:3357f25e-fda2-4cb8-acb0-e93af4f54e63@group-68E7495FD306-SegmentedRaftLog:OPENED:c-1, conf=-1: peers:[add4e6bd-fcc9-465d-bef9-bed764a13d1e|rpc:10.1.0.160:35941|dataStream:10.1.0.160:42367|priority:1|startupRole:FOLLOWER, 3e648b14-2e89-4337-9925-6e41fa74934b|rpc:10.1.0.160:32919|dataStream:10.1.0.160:34191|priority:0|startupRole:FOLLOWER, 3357f25e-fda2-4cb8-acb0-e93af4f54e63|rpc:10.1.0.160:40553|dataStream:10.1.0.160:42755|priority:0|startupRole:FOLLOWER]|listeners:[], old=null
2023-05-08 09:35:44,882 [3357f25e-fda2-4cb8-acb0-e93af4f54e63@group-68E7495FD306-FollowerState] INFO  server.RaftServerConfigKeys (ConfUtils.java:logFallback(53)) - raft.server.rpc.first-election.timeout.min = 5s (fallback to raft.server.rpc.timeout.min)
2023-05-08 09:35:44,882 [3357f25e-fda2-4cb8-acb0-e93af4f54e63@group-68E7495FD306-FollowerState] INFO  server.RaftServerConfigKeys (ConfUtils.java:logFallback(53)) - raft.server.rpc.first-election.timeout.max = 5200ms (fallback to raft.server.rpc.timeout.max)
2023-05-08 09:35:44,883 [add4e6bd-fcc9-465d-bef9-bed764a13d1e@group-68E7495FD306-LeaderElection34] INFO  server.RaftServerConfigKeys (ConfUtils.java:logGet(46)) - raft.server.log.appender.snapshot.chunk.size.max = 16MB (=16777216) (default)
2023-05-08 09:35:44,883 [add4e6bd-fcc9-465d-bef9-bed764a13d1e@group-68E7495FD306-LeaderElection34] INFO  server.RaftServerConfigKeys (ConfUtils.java:logGet(46)) - raft.server.log.appender.buffer.byte-limit = 33554432 (custom)
2023-05-08 09:35:44,884 [add4e6bd-fcc9-465d-bef9-bed764a13d1e@group-68E7495FD306-LeaderElection34] INFO  server.RaftServerConfigKeys (ConfUtils.java:logGet(46)) - raft.server.log.appender.buffer.element-limit = 1 (custom)
2023-05-08 09:35:44,884 [add4e6bd-fcc9-465d-bef9-bed764a13d1e@group-68E7495FD306-LeaderElection34] INFO  grpc.GrpcConfigKeys (ConfUtils.java:logGet(46)) - raft.grpc.server.leader.outstanding.appends.max = 128 (default)
2023-05-08 09:35:44,884 [add4e6bd-fcc9-465d-bef9-bed764a13d1e@group-68E7495FD306-LeaderElection34] INFO  server.RaftServerConfigKeys (ConfUtils.java:logGet(46)) - raft.server.rpc.request.timeout = 60s (custom)
2023-05-08 09:35:44,884 [add4e6bd-fcc9-465d-bef9-bed764a13d1e@group-68E7495FD306-LeaderElection34] INFO  server.RaftServerConfigKeys (ConfUtils.java:logGet(46)) - raft.server.log.appender.install.snapshot.enabled = false (custom)
2023-05-08 09:35:44,884 [add4e6bd-fcc9-465d-bef9-bed764a13d1e@group-68E7495FD306-LeaderElection34] INFO  grpc.GrpcConfigKeys (ConfUtils.java:logGet(46)) - raft.grpc.server.heartbeat.channel = true (default)
2023-05-08 09:35:44,884 [add4e6bd-fcc9-465d-bef9-bed764a13d1e@group-68E7495FD306-LeaderElection34] INFO  server.RaftServerConfigKeys (ConfUtils.java:logGet(46)) - raft.server.log.appender.wait-time.min = 10ms (default)
2023-05-08 09:35:44,884 [add4e6bd-fcc9-465d-bef9-bed764a13d1e@group-68E7495FD306-LeaderElection34] INFO  impl.RoleInfo (RoleInfo.java:updateAndGet(139)) - add4e6bd-fcc9-465d-bef9-bed764a13d1e: start add4e6bd-fcc9-465d-bef9-bed764a13d1e@group-68E7495FD306-LeaderStateImpl
2023-05-08 09:35:44,884 [add4e6bd-fcc9-465d-bef9-bed764a13d1e@group-68E7495FD306-LeaderElection34] INFO  segmented.SegmentedRaftLogWorker (SegmentedRaftLogWorker.java:startLogSegment(452)) - add4e6bd-fcc9-465d-bef9-bed764a13d1e@group-68E7495FD306-SegmentedRaftLogWorker: Starting segment from index:0
2023-05-08 09:35:44,885 [add4e6bd-fcc9-465d-bef9-bed764a13d1e@group-68E7495FD306-SegmentedRaftLogWorker] INFO  segmented.SegmentedRaftLogWorker (SegmentedRaftLogWorker.java:execute(656)) - add4e6bd-fcc9-465d-bef9-bed764a13d1e@group-68E7495FD306-SegmentedRaftLogWorker: created new log segment /home/runner/work/ozone/ozone/hadoop-ozone/integration-test/target/test-dir/MiniOzoneClusterImpl-be56a2d2-96e4-45d9-aa7d-4262bbd71717/datanode-1/data/ratis/61d9caab-dfec-4d6d-bab9-68e7495fd306/current/log_inprogress_0
2023-05-08 09:35:44,892 [add4e6bd-fcc9-465d-bef9-bed764a13d1e@group-68E7495FD306-LeaderElection34] INFO  server.RaftServer$Division (ServerState.java:setRaftConf(430)) - add4e6bd-fcc9-465d-bef9-bed764a13d1e@group-68E7495FD306: set configuration 0: peers:[add4e6bd-fcc9-465d-bef9-bed764a13d1e|rpc:10.1.0.160:35941|dataStream:10.1.0.160:42367|priority:1|startupRole:FOLLOWER, 3e648b14-2e89-4337-9925-6e41fa74934b|rpc:10.1.0.160:32919|dataStream:10.1.0.160:34191|priority:0|startupRole:FOLLOWER, 3357f25e-fda2-4cb8-acb0-e93af4f54e63|rpc:10.1.0.160:40553|dataStream:10.1.0.160:42755|priority:0|startupRole:FOLLOWER]|listeners:[], old=null
2023-05-08 09:35:44,904 [3e648b14-2e89-4337-9925-6e41fa74934b-server-thread1] INFO  ratis.XceiverServerRatis (XceiverServerRatis.java:handleLeaderChangedNotification(904)) - Leader change notification received for group: group-68E7495FD306 with new leaderId: add4e6bd-fcc9-465d-bef9-bed764a13d1e
2023-05-08 09:35:44,904 [3e648b14-2e89-4337-9925-6e41fa74934b-server-thread1] INFO  server.RaftServer$Division (ServerState.java:setLeader(313)) - 3e648b14-2e89-4337-9925-6e41fa74934b@group-68E7495FD306: change Leader from null to add4e6bd-fcc9-465d-bef9-bed764a13d1e at term 1 for appendEntries, leader elected after 5253ms
2023-05-08 09:35:44,909 [3357f25e-fda2-4cb8-acb0-e93af4f54e63-server-thread1] INFO  ratis.XceiverServerRatis (XceiverServerRatis.java:handleLeaderChangedNotification(904)) - Leader change notification received for group: group-68E7495FD306 with new leaderId: add4e6bd-fcc9-465d-bef9-bed764a13d1e
2023-05-08 09:35:44,919 [3357f25e-fda2-4cb8-acb0-e93af4f54e63-server-thread1] INFO  server.RaftServer$Division (ServerState.java:setLeader(313)) - 3357f25e-fda2-4cb8-acb0-e93af4f54e63@group-68E7495FD306: change Leader from null to add4e6bd-fcc9-465d-bef9-bed764a13d1e at term 1 for appendEntries, leader elected after 5224ms
2023-05-08 09:35:44,919 [3e648b14-2e89-4337-9925-6e41fa74934b-server-thread1] INFO  server.RaftServer$Division (ServerState.java:setRaftConf(430)) - 3e648b14-2e89-4337-9925-6e41fa74934b@group-68E7495FD306: set configuration 0: peers:[add4e6bd-fcc9-465d-bef9-bed764a13d1e|rpc:10.1.0.160:35941|dataStream:10.1.0.160:42367|priority:1|startupRole:FOLLOWER, 3e648b14-2e89-4337-9925-6e41fa74934b|rpc:10.1.0.160:32919|dataStream:10.1.0.160:34191|priority:0|startupRole:FOLLOWER, 3357f25e-fda2-4cb8-acb0-e93af4f54e63|rpc:10.1.0.160:40553|dataStream:10.1.0.160:42755|priority:0|startupRole:FOLLOWER]|listeners:[], old=null
2023-05-08 09:35:44,919 [3e648b14-2e89-4337-9925-6e41fa74934b-server-thread1] INFO  segmented.SegmentedRaftLogWorker (SegmentedRaftLogWorker.java:startLogSegment(452)) - 3e648b14-2e89-4337-9925-6e41fa74934b@group-68E7495FD306-SegmentedRaftLogWorker: Starting segment from index:0
2023-05-08 09:35:44,925 [3e648b14-2e89-4337-9925-6e41fa74934b@group-68E7495FD306-SegmentedRaftLogWorker] INFO  segmented.SegmentedRaftLogWorker (SegmentedRaftLogWorker.java:execute(656)) - 3e648b14-2e89-4337-9925-6e41fa74934b@group-68E7495FD306-SegmentedRaftLogWorker: created new log segment /home/runner/work/ozone/ozone/hadoop-ozone/integration-test/target/test-dir/MiniOzoneClusterImpl-be56a2d2-96e4-45d9-aa7d-4262bbd71717/datanode-0/data/ratis/61d9caab-dfec-4d6d-bab9-68e7495fd306/current/log_inprogress_0
2023-05-08 09:35:44,925 [3357f25e-fda2-4cb8-acb0-e93af4f54e63-server-thread1] INFO  server.RaftServer$Division (ServerState.java:setRaftConf(430)) - 3357f25e-fda2-4cb8-acb0-e93af4f54e63@group-68E7495FD306: set configuration 0: peers:[add4e6bd-fcc9-465d-bef9-bed764a13d1e|rpc:10.1.0.160:35941|dataStream:10.1.0.160:42367|priority:1|startupRole:FOLLOWER, 3e648b14-2e89-4337-9925-6e41fa74934b|rpc:10.1.0.160:32919|dataStream:10.1.0.160:34191|priority:0|startupRole:FOLLOWER, 3357f25e-fda2-4cb8-acb0-e93af4f54e63|rpc:10.1.0.160:40553|dataStream:10.1.0.160:42755|priority:0|startupRole:FOLLOWER]|listeners:[], old=null
2023-05-08 09:35:44,925 [3357f25e-fda2-4cb8-acb0-e93af4f54e63-server-thread1] INFO  segmented.SegmentedRaftLogWorker (SegmentedRaftLogWorker.java:startLogSegment(452)) - 3357f25e-fda2-4cb8-acb0-e93af4f54e63@group-68E7495FD306-SegmentedRaftLogWorker: Starting segment from index:0
2023-05-08 09:35:44,928 [3357f25e-fda2-4cb8-acb0-e93af4f54e63@group-68E7495FD306-SegmentedRaftLogWorker] INFO  segmented.SegmentedRaftLogWorker (SegmentedRaftLogWorker.java:execute(656)) - 3357f25e-fda2-4cb8-acb0-e93af4f54e63@group-68E7495FD306-SegmentedRaftLogWorker: created new log segment /home/runner/work/ozone/ozone/hadoop-ozone/integration-test/target/test-dir/MiniOzoneClusterImpl-be56a2d2-96e4-45d9-aa7d-4262bbd71717/datanode-2/data/ratis/61d9caab-dfec-4d6d-bab9-68e7495fd306/current/log_inprogress_0
2023-05-08 09:35:44,994 [add4e6bd-fcc9-465d-bef9-bed764a13d1e@group-0433E262036B-FollowerState] INFO  impl.FollowerState (FollowerState.java:run(143)) - add4e6bd-fcc9-465d-bef9-bed764a13d1e@group-0433E262036B-FollowerState: change to CANDIDATE, lastRpcElapsedTime:5106190106ns, electionTimeout:5105ms
2023-05-08 09:35:44,994 [add4e6bd-fcc9-465d-bef9-bed764a13d1e@group-0433E262036B-FollowerState] INFO  impl.RoleInfo (RoleInfo.java:shutdownFollowerState(110)) - add4e6bd-fcc9-465d-bef9-bed764a13d1e: shutdown add4e6bd-fcc9-465d-bef9-bed764a13d1e@group-0433E262036B-FollowerState
2023-05-08 09:35:44,994 [add4e6bd-fcc9-465d-bef9-bed764a13d1e@group-0433E262036B-FollowerState] INFO  server.RaftServer$Division (RaftServerImpl.java:setRole(321)) - add4e6bd-fcc9-465d-bef9-bed764a13d1e@group-0433E262036B: changes role from  FOLLOWER to CANDIDATE at term 0 for changeToCandidate
2023-05-08 09:35:44,994 [add4e6bd-fcc9-465d-bef9-bed764a13d1e@group-0433E262036B-FollowerState] INFO  server.RaftServerConfigKeys (ConfUtils.java:logGet(46)) - raft.server.leaderelection.pre-vote = true (default)
2023-05-08 09:35:44,994 [add4e6bd-fcc9-465d-bef9-bed764a13d1e@group-0433E262036B-FollowerState] INFO  impl.RoleInfo (RoleInfo.java:updateAndGet(139)) - add4e6bd-fcc9-465d-bef9-bed764a13d1e: start add4e6bd-fcc9-465d-bef9-bed764a13d1e@group-0433E262036B-LeaderElection35
2023-05-08 09:35:44,996 [add4e6bd-fcc9-465d-bef9-bed764a13d1e@group-0433E262036B-LeaderElection35] INFO  impl.LeaderElection (LeaderElection.java:askForVotes(312)) - add4e6bd-fcc9-465d-bef9-bed764a13d1e@group-0433E262036B-LeaderElection35 PRE_VOTE round 0: submit vote requests at term 0 for -1: peers:[add4e6bd-fcc9-465d-bef9-bed764a13d1e|rpc:10.1.0.160:35941|dataStream:10.1.0.160:42367|priority:1|startupRole:FOLLOWER]|listeners:[], old=null
2023-05-08 09:35:44,996 [add4e6bd-fcc9-465d-bef9-bed764a13d1e@group-0433E262036B-LeaderElection35] INFO  impl.LeaderElection (LeaderElection.java:askForVotes(314)) - add4e6bd-fcc9-465d-bef9-bed764a13d1e@group-0433E262036B-LeaderElection35 PRE_VOTE round 0: result PASSED (term=0)
2023-05-08 09:35:44,997 [add4e6bd-fcc9-465d-bef9-bed764a13d1e@group-0433E262036B-LeaderElection35] INFO  impl.LeaderElection (LeaderElection.java:askForVotes(312)) - add4e6bd-fcc9-465d-bef9-bed764a13d1e@group-0433E262036B-LeaderElection35 ELECTION round 0: submit vote requests at term 1 for -1: peers:[add4e6bd-fcc9-465d-bef9-bed764a13d1e|rpc:10.1.0.160:35941|dataStream:10.1.0.160:42367|priority:1|startupRole:FOLLOWER]|listeners:[], old=null
2023-05-08 09:35:44,997 [add4e6bd-fcc9-465d-bef9-bed764a13d1e@group-0433E262036B-LeaderElection35] INFO  impl.LeaderElection (LeaderElection.java:askForVotes(314)) - add4e6bd-fcc9-465d-bef9-bed764a13d1e@group-0433E262036B-LeaderElection35 ELECTION round 0: result PASSED (term=1)
2023-05-08 09:35:44,997 [add4e6bd-fcc9-465d-bef9-bed764a13d1e@group-0433E262036B-LeaderElection35] INFO  impl.RoleInfo (RoleInfo.java:shutdownLeaderElection(130)) - add4e6bd-fcc9-465d-bef9-bed764a13d1e: shutdown add4e6bd-fcc9-465d-bef9-bed764a13d1e@group-0433E262036B-LeaderElection35
2023-05-08 09:35:44,997 [add4e6bd-fcc9-465d-bef9-bed764a13d1e@group-0433E262036B-LeaderElection35] INFO  server.RaftServer$Division (RaftServerImpl.java:setRole(321)) - add4e6bd-fcc9-465d-bef9-bed764a13d1e@group-0433E262036B: changes role from CANDIDATE to LEADER at term 1 for changeToLeader
2023-05-08 09:35:44,998 [add4e6bd-fcc9-465d-bef9-bed764a13d1e@group-0433E262036B-LeaderElection35] INFO  ratis.XceiverServerRatis (XceiverServerRatis.java:handleLeaderChangedNotification(904)) - Leader change notification received for group: group-0433E262036B with new leaderId: add4e6bd-fcc9-465d-bef9-bed764a13d1e
2023-05-08 09:35:44,998 [add4e6bd-fcc9-465d-bef9-bed764a13d1e@group-0433E262036B-LeaderElection35] INFO  server.RaftServer$Division (ServerState.java:setLeader(313)) - add4e6bd-fcc9-465d-bef9-bed764a13d1e@group-0433E262036B: change Leader from null to add4e6bd-fcc9-465d-bef9-bed764a13d1e at term 1 for becomeLeader, leader elected after 5125ms
2023-05-08 09:35:44,998 [add4e6bd-fcc9-465d-bef9-bed764a13d1e@group-0433E262036B-LeaderElection35] INFO  server.RaftServerConfigKeys (ConfUtils.java:logGet(46)) - raft.server.staging.catchup.gap = 1000 (default)
2023-05-08 09:35:44,998 [add4e6bd-fcc9-465d-bef9-bed764a13d1e@group-0433E262036B-LeaderElection35] INFO  server.RaftServerConfigKeys (ConfUtils.java:logGet(46)) - raft.server.write.element-limit = 1024 (custom)
2023-05-08 09:35:44,998 [add4e6bd-fcc9-465d-bef9-bed764a13d1e@group-0433E262036B-LeaderElection35] INFO  server.RaftServerConfigKeys (ConfUtils.java:logGet(46)) - raft.server.write.byte-limit = 1024 M (=1073741824) (custom)
2023-05-08 09:35:44,999 [add4e6bd-fcc9-465d-bef9-bed764a13d1e@group-0433E262036B-LeaderElection35] INFO  server.RaftServerConfigKeys (ConfUtils.java:logGet(46)) - raft.server.watch.timeout = 180s (custom)
2023-05-08 09:35:44,999 [add4e6bd-fcc9-465d-bef9-bed764a13d1e@group-0433E262036B-LeaderElection35] INFO  server.RaftServerConfigKeys (ConfUtils.java:logGet(46)) - raft.server.watch.timeout.denomination = 1s (default)
2023-05-08 09:35:44,999 [add4e6bd-fcc9-465d-bef9-bed764a13d1e@group-0433E262036B-LeaderElection35] INFO  server.RaftServerConfigKeys (ConfUtils.java:logGet(46)) - raft.server.watch.element-limit = 65536 (default)
2023-05-08 09:35:44,999 [add4e6bd-fcc9-465d-bef9-bed764a13d1e@group-0433E262036B-LeaderElection35] INFO  server.RaftServerConfigKeys (ConfUtils.java:logGet(46)) - raft.server.write.element-limit = 1024 (custom)
2023-05-08 09:35:44,999 [add4e6bd-fcc9-465d-bef9-bed764a13d1e@group-0433E262036B-LeaderElection35] INFO  server.RaftServerConfigKeys (ConfUtils.java:logGet(46)) - raft.server.write.follower.gap.ratio.max = -1.0 (default)
2023-05-08 09:35:44,999 [add4e6bd-fcc9-465d-bef9-bed764a13d1e@group-0433E262036B-LeaderElection35] INFO  impl.RoleInfo (RoleInfo.java:updateAndGet(139)) - add4e6bd-fcc9-465d-bef9-bed764a13d1e: start add4e6bd-fcc9-465d-bef9-bed764a13d1e@group-0433E262036B-LeaderStateImpl
2023-05-08 09:35:44,999 [add4e6bd-fcc9-465d-bef9-bed764a13d1e@group-0433E262036B-LeaderElection35] INFO  segmented.SegmentedRaftLogWorker (SegmentedRaftLogWorker.java:startLogSegment(452)) - add4e6bd-fcc9-465d-bef9-bed764a13d1e@group-0433E262036B-SegmentedRaftLogWorker: Starting segment from index:0
2023-05-08 09:35:45,005 [add4e6bd-fcc9-465d-bef9-bed764a13d1e@group-0433E262036B-LeaderElection35] INFO  server.RaftServer$Division (ServerState.java:setRaftConf(430)) - add4e6bd-fcc9-465d-bef9-bed764a13d1e@group-0433E262036B: set configuration 0: peers:[add4e6bd-fcc9-465d-bef9-bed764a13d1e|rpc:10.1.0.160:35941|dataStream:10.1.0.160:42367|priority:1|startupRole:FOLLOWER]|listeners:[], old=null
2023-05-08 09:35:45,007 [add4e6bd-fcc9-465d-bef9-bed764a13d1e@group-0433E262036B-SegmentedRaftLogWorker] INFO  segmented.SegmentedRaftLogWorker (SegmentedRaftLogWorker.java:execute(656)) - add4e6bd-fcc9-465d-bef9-bed764a13d1e@group-0433E262036B-SegmentedRaftLogWorker: created new log segment /home/runner/work/ozone/ozone/hadoop-ozone/integration-test/target/test-dir/MiniOzoneClusterImpl-be56a2d2-96e4-45d9-aa7d-4262bbd71717/datanode-1/data/ratis/26322711-d698-4f8c-aa4a-0433e262036b/current/log_inprogress_0
2023-05-08 09:35:45,234 [Listener at 127.0.0.1/38037] INFO  ozone.MiniOzoneClusterImpl (MiniOzoneClusterImpl.java:lambda$waitForClusterToBeReady$0(224)) - Nodes are ready. Got 3 of 3 DN Heartbeats.
2023-05-08 09:35:45,234 [Listener at 127.0.0.1/38037] INFO  ozone.MiniOzoneClusterImpl (MiniOzoneClusterImpl.java:lambda$waitForClusterToBeReady$0(227)) - Cluster exits safe mode
2023-05-08 09:35:45,234 [Listener at 127.0.0.1/38037] INFO  ozone.MiniOzoneClusterImpl (MiniOzoneClusterImpl.java:lambda$waitForClusterToBeReady$0(229)) - SCM became leader
09:35:45.235 [Listener at 127.0.0.1/38037] ERROR SCMAudit - user=null | ip=null | op=DELETE_CONTAINER {remoteUser=unknownUser, containerID=1683538545235} | ret=FAILURE
org.apache.hadoop.security.AccessControlException: Access denied for user unknownUser. SCM superuser privilege is required.
	at org.apache.hadoop.hdds.scm.server.StorageContainerManager.checkAdminAccess(StorageContainerManager.java:1862) ~[hdds-server-scm-1.4.0-SNAPSHOT.jar:?]
	at org.apache.hadoop.hdds.scm.server.SCMClientProtocolServer.deleteContainer(SCMClientProtocolServer.java:587) [hdds-server-scm-1.4.0-SNAPSHOT.jar:?]
	at sun.reflect.NativeMethodAccessorImpl.invoke0(Native Method) ~[?:1.8.0_362]
	at sun.reflect.NativeMethodAccessorImpl.invoke(NativeMethodAccessorImpl.java:62) ~[?:1.8.0_362]
	at sun.reflect.DelegatingMethodAccessorImpl.invoke(DelegatingMethodAccessorImpl.java:43) ~[?:1.8.0_362]
	at java.lang.reflect.Method.invoke(Method.java:498) ~[?:1.8.0_362]
	at org.mockito.internal.creation.bytebuddy.MockMethodAdvice.tryInvoke(MockMethodAdvice.java:212) [mockito-core-2.28.2.jar:?]
	at org.mockito.internal.creation.bytebuddy.MockMethodAdvice.access$400(MockMethodAdvice.java:34) [mockito-core-2.28.2.jar:?]
	at org.mockito.internal.creation.bytebuddy.MockMethodAdvice$RealMethodCall.invoke(MockMethodAdvice.java:164) [mockito-core-2.28.2.jar:?]
	at org.mockito.internal.invocation.InterceptedInvocation.callRealMethod(InterceptedInvocation.java:152) [mockito-core-2.28.2.jar:?]
	at org.mockito.internal.stubbing.answers.CallsRealMethods.answer(CallsRealMethods.java:43) [mockito-core-2.28.2.jar:?]
	at org.mockito.Answers.answer(Answers.java:100) [mockito-core-2.28.2.jar:?]
	at org.mockito.internal.handler.MockHandlerImpl.handle(MockHandlerImpl.java:103) [mockito-core-2.28.2.jar:?]
	at org.mockito.internal.handler.NullResultGuardian.handle(NullResultGuardian.java:29) [mockito-core-2.28.2.jar:?]
	at org.mockito.internal.handler.InvocationNotifierHandler.handle(InvocationNotifierHandler.java:35) [mockito-core-2.28.2.jar:?]
	at org.mockito.internal.creation.bytebuddy.MockMethodInterceptor.doIntercept(MockMethodInterceptor.java:61) [mockito-core-2.28.2.jar:?]
	at org.mockito.internal.creation.bytebuddy.MockMethodAdvice.handle(MockMethodAdvice.java:105) [mockito-core-2.28.2.jar:?]
	at org.apache.hadoop.hdds.scm.server.SCMClientProtocolServer.deleteContainer(SCMClientProtocolServer.java:582) [hdds-server-scm-1.4.0-SNAPSHOT.jar:?]
	at org.apache.hadoop.ozone.TestStorageContainerManager.testRpcPermissionWithConf(TestStorageContainerManager.java:204) [test-classes/:?]
	at org.apache.hadoop.ozone.TestStorageContainerManager.testRpcPermission(TestStorageContainerManager.java:185) [test-classes/:?]
	at sun.reflect.NativeMethodAccessorImpl.invoke0(Native Method) ~[?:1.8.0_362]
	at sun.reflect.NativeMethodAccessorImpl.invoke(NativeMethodAccessorImpl.java:62) ~[?:1.8.0_362]
	at sun.reflect.DelegatingMethodAccessorImpl.invoke(DelegatingMethodAccessorImpl.java:43) ~[?:1.8.0_362]
	at java.lang.reflect.Method.invoke(Method.java:498) ~[?:1.8.0_362]
	at org.junit.runners.model.FrameworkMethod$1.runReflectiveCall(FrameworkMethod.java:59) [junit-4.13.1.jar:4.13.1]
	at org.junit.internal.runners.model.ReflectiveCallable.run(ReflectiveCallable.java:12) [junit-4.13.1.jar:4.13.1]
	at org.junit.runners.model.FrameworkMethod.invokeExplosively(FrameworkMethod.java:56) [junit-4.13.1.jar:4.13.1]
	at org.junit.internal.runners.statements.InvokeMethod.evaluate(InvokeMethod.java:17) [junit-4.13.1.jar:4.13.1]
	at org.junit.internal.runners.statements.RunAfters.evaluate(RunAfters.java:27) [junit-4.13.1.jar:4.13.1]
	at org.junit.rules.ExpectedException$ExpectedExceptionStatement.evaluate(ExpectedException.java:258) [junit-4.13.1.jar:4.13.1]
	at org.junit.internal.runners.statements.FailOnTimeout$CallableStatement.call(FailOnTimeout.java:288) [junit-4.13.1.jar:4.13.1]
	at org.junit.internal.runners.statements.FailOnTimeout$CallableStatement.call(FailOnTimeout.java:282) [junit-4.13.1.jar:4.13.1]
	at java.util.concurrent.FutureTask.run(FutureTask.java:266) [?:1.8.0_362]
	at java.lang.Thread.run(Thread.java:750) [?:1.8.0_362]
2023-05-08 09:35:45,237 [Listener at 127.0.0.1/38037] INFO  ozone.MiniOzoneClusterImpl (MiniOzoneClusterImpl.java:shutdown(457)) - Shutting down the Mini Ozone Cluster
2023-05-08 09:35:45,237 [Listener at 127.0.0.1/38037] INFO  ozone.MiniOzoneClusterImpl (MiniOzoneClusterImpl.java:stop(476)) - Stopping the Mini Ozone Cluster
2023-05-08 09:35:45,237 [Listener at 127.0.0.1/38037] INFO  ozone.MiniOzoneClusterImpl (MiniOzoneClusterImpl.java:stopOM(562)) - Stopping the OzoneManager
2023-05-08 09:35:45,237 [Listener at 127.0.0.1/38037] INFO  om.OzoneManager (OzoneManager.java:stop(2173)) - om1[localhost:0]: Stopping Ozone Manager
2023-05-08 09:35:45,237 [Listener at 127.0.0.1/38037] INFO  ipc.Server (Server.java:stop(3501)) - Stopping server on 38037
2023-05-08 09:35:45,239 [IPC Server listener on 0] INFO  ipc.Server (Server.java:run(1430)) - Stopping IPC Server listener on 0
2023-05-08 09:35:45,241 [IPC Server Responder] INFO  ipc.Server (Server.java:run(1563)) - Stopping IPC Server Responder
2023-05-08 09:35:45,242 [Listener at 127.0.0.1/38037] INFO  server.RaftServer (RaftServerProxy.java:lambda$close$6(409)) - om1: close
2023-05-08 09:35:45,242 [Listener at 127.0.0.1/38037] INFO  server.GrpcService (GrpcService.java:closeImpl(271)) - om1: shutdown server GrpcServerProtocolService now
2023-05-08 09:35:45,242 [om1-impl-thread1] INFO  server.RaftServer$Division (RaftServerImpl.java:lambda$close$4(458)) - om1@group-C5BA1605619E: shutdown
2023-05-08 09:35:45,242 [om1-impl-thread1] INFO  util.JmxRegister (JmxRegister.java:unregister(73)) - Successfully un-registered JMX Bean with object name Ratis:service=RaftServer,group=group-C5BA1605619E,id=om1
2023-05-08 09:35:45,242 [om1-impl-thread1] INFO  impl.RoleInfo (RoleInfo.java:shutdownLeaderState(93)) - om1: shutdown om1@group-C5BA1605619E-LeaderStateImpl
2023-05-08 09:35:45,243 [Listener at 127.0.0.1/38037] INFO  server.GrpcService (GrpcService.java:closeImpl(280)) - om1: shutdown server GrpcServerProtocolService successfully
2023-05-08 09:35:45,243 [om1-impl-thread1] INFO  impl.PendingRequests (PendingRequests.java:sendNotLeaderResponses(282)) - om1@group-C5BA1605619E-PendingRequests: sendNotLeaderResponses
2023-05-08 09:35:45,243 [om1-impl-thread1] INFO  impl.StateMachineUpdater (StateMachineUpdater.java:stopAndJoin(153)) - om1@group-C5BA1605619E-StateMachineUpdater: set stopIndex = 0
2023-05-08 09:35:45,244 [om1@group-C5BA1605619E-StateMachineUpdater] INFO  ratis.OzoneManagerStateMachine (OzoneManagerStateMachine.java:takeSnapshot(479)) - Current Snapshot Index (t:1, i:0)
2023-05-08 09:35:45,252 [om1@group-C5BA1605619E-StateMachineUpdater] INFO  impl.StateMachineUpdater (StateMachineUpdater.java:takeSnapshot(287)) - om1@group-C5BA1605619E-StateMachineUpdater: Took a snapshot at index 0
2023-05-08 09:35:45,252 [om1@group-C5BA1605619E-StateMachineUpdater] INFO  impl.StateMachineUpdater (StateMachineUpdater.java:lambda$new$0(92)) - om1@group-C5BA1605619E-StateMachineUpdater: snapshotIndex: updateIncreasingly -1 -> 0
2023-05-08 09:35:45,252 [om1@group-C5BA1605619E-StateMachineUpdater] INFO  ratis.OzoneManagerStateMachine (OzoneManagerStateMachine.java:close(533)) - StateMachine has shutdown. Shutdown OzoneManager if not already shutdown.
2023-05-08 09:35:45,252 [om1@group-C5BA1605619E-StateMachineUpdater] INFO  ratis.OzoneManagerDoubleBuffer (OzoneManagerDoubleBuffer.java:stopDaemon(559)) - Stopping OMDoubleBuffer flush thread
2023-05-08 09:35:45,253 [OMDoubleBufferFlushThread] INFO  ratis.OzoneManagerDoubleBuffer (OzoneManagerDoubleBuffer.java:canFlush(648)) - OMDoubleBuffer flush thread OMDoubleBufferFlushThread is interrupted and will exit.
2023-05-08 09:35:45,253 [om1-impl-thread1] INFO  server.RaftServer$Division (ServerState.java:close(466)) - om1@group-C5BA1605619E: closes. applyIndex: 0
2023-05-08 09:35:45,254 [om1@group-C5BA1605619E-SegmentedRaftLogWorker] INFO  segmented.SegmentedRaftLogWorker (SegmentedRaftLogWorker.java:run(347)) - om1@group-C5BA1605619E-SegmentedRaftLogWorker was interrupted, exiting. There are 0 tasks remaining in the queue.
2023-05-08 09:35:45,255 [om1-impl-thread1] INFO  segmented.SegmentedRaftLogWorker (SegmentedRaftLogWorker.java:close(257)) - om1@group-C5BA1605619E-SegmentedRaftLogWorker close()
2023-05-08 09:35:45,255 [JvmPauseMonitor16] INFO  util.JvmPauseMonitor (JvmPauseMonitor.java:run(111)) - JvmPauseMonitor-om1: Stopped
2023-05-08 09:35:45,255 [Listener at 127.0.0.1/38037] INFO  ratis.OzoneManagerStateMachine (OzoneManagerStateMachine.java:close(533)) - StateMachine has shutdown. Shutdown OzoneManager if not already shutdown.
2023-05-08 09:35:45,255 [Listener at 127.0.0.1/38037] INFO  ratis.OzoneManagerDoubleBuffer (OzoneManagerDoubleBuffer.java:stopDaemon(568)) - OMDoubleBuffer flush thread is not running.
2023-05-08 09:35:45,256 [Listener at 127.0.0.1/38037] INFO  utils.BackgroundService (BackgroundService.java:shutdown(141)) - Shutting down service KeyDeletingService
2023-05-08 09:35:45,256 [Listener at 127.0.0.1/38037] INFO  utils.BackgroundService (BackgroundService.java:shutdown(141)) - Shutting down service KeyDeletingService
2023-05-08 09:35:45,256 [Listener at 127.0.0.1/38037] INFO  utils.BackgroundService (BackgroundService.java:shutdown(141)) - Shutting down service OpenKeyCleanupService
2023-05-08 09:35:45,256 [Listener at 127.0.0.1/38037] INFO  utils.BackgroundService (BackgroundService.java:shutdown(141)) - Shutting down service SstFilteringService
2023-05-08 09:35:45,257 [Listener at 127.0.0.1/38037] INFO  utils.BackgroundService (BackgroundService.java:shutdown(141)) - Shutting down service SnapshotDeletingService
2023-05-08 09:35:45,257 [Listener at 127.0.0.1/38037] INFO  handler.ContextHandler (ContextHandler.java:doStop(1159)) - Stopped o.e.j.w.WebAppContext@f3d86f8{ozoneManager,/,null,STOPPED}{file:/home/runner/work/ozone/ozone/hadoop-ozone/integration-test/target/test-classes/webapps/ozoneManager}
2023-05-08 09:35:45,258 [Listener at 127.0.0.1/38037] INFO  server.AbstractConnector (AbstractConnector.java:doStop(383)) - Stopped ServerConnector@4f3359f2{HTTP/1.1, (http/1.1)}{0.0.0.0:0}
2023-05-08 09:35:45,258 [Listener at 127.0.0.1/38037] INFO  server.session (HouseKeeper.java:stopScavenging(149)) - node0 Stopped scavenging
2023-05-08 09:35:45,258 [Listener at 127.0.0.1/38037] INFO  handler.ContextHandler (ContextHandler.java:doStop(1159)) - Stopped o.e.j.s.ServletContextHandler@6f75eeb1{static,/static,file:///home/runner/work/ozone/ozone/hadoop-ozone/integration-test/target/test-classes/webapps/static,STOPPED}
2023-05-08 09:35:45,258 [Listener at 127.0.0.1/38037] INFO  handler.ContextHandler (ContextHandler.java:doStop(1159)) - Stopped o.e.j.s.ServletContextHandler@6903c1c7{logs,/logs,file:///home/runner/work/ozone/ozone/hadoop-ozone/integration-test/target/log,STOPPED}
2023-05-08 09:35:45,260 [Listener at 127.0.0.1/38037] INFO  utils.BackgroundService (BackgroundService.java:shutdown(141)) - Shutting down service SnapshotDiffCleanupService
2023-05-08 09:35:45,261 [Listener at 127.0.0.1/38037] INFO  ozone.MiniOzoneClusterImpl (MiniOzoneClusterImpl.java:stopDatanodes(539)) - Stopping the HddsDatanodes
2023-05-08 09:35:45,263 [Listener at 127.0.0.1/38037] INFO  ozoneimpl.OzoneContainer (OzoneContainer.java:stop(419)) - Attempting to stop container services.
2023-05-08 09:35:45,263 [Listener at 127.0.0.1/38037] INFO  server.RaftServer (RaftServerProxy.java:lambda$close$6(409)) - add4e6bd-fcc9-465d-bef9-bed764a13d1e: close
2023-05-08 09:35:45,264 [add4e6bd-fcc9-465d-bef9-bed764a13d1e-impl-thread1] INFO  server.RaftServer$Division (RaftServerImpl.java:lambda$close$4(458)) - add4e6bd-fcc9-465d-bef9-bed764a13d1e@group-68E7495FD306: shutdown
2023-05-08 09:35:45,264 [add4e6bd-fcc9-465d-bef9-bed764a13d1e-impl-thread1] INFO  util.JmxRegister (JmxRegister.java:unregister(73)) - Successfully un-registered JMX Bean with object name Ratis:service=RaftServer,group=group-68E7495FD306,id=add4e6bd-fcc9-465d-bef9-bed764a13d1e
2023-05-08 09:35:45,264 [add4e6bd-fcc9-465d-bef9-bed764a13d1e-impl-thread1] INFO  impl.RoleInfo (RoleInfo.java:shutdownLeaderState(93)) - add4e6bd-fcc9-465d-bef9-bed764a13d1e: shutdown add4e6bd-fcc9-465d-bef9-bed764a13d1e@group-68E7495FD306-LeaderStateImpl
2023-05-08 09:35:45,266 [add4e6bd-fcc9-465d-bef9-bed764a13d1e-impl-thread2] INFO  server.RaftServer$Division (RaftServerImpl.java:lambda$close$4(458)) - add4e6bd-fcc9-465d-bef9-bed764a13d1e@group-0433E262036B: shutdown
2023-05-08 09:35:45,266 [add4e6bd-fcc9-465d-bef9-bed764a13d1e-impl-thread2] INFO  util.JmxRegister (JmxRegister.java:unregister(73)) - Successfully un-registered JMX Bean with object name Ratis:service=RaftServer,group=group-0433E262036B,id=add4e6bd-fcc9-465d-bef9-bed764a13d1e
2023-05-08 09:35:45,266 [add4e6bd-fcc9-465d-bef9-bed764a13d1e-impl-thread2] INFO  impl.RoleInfo (RoleInfo.java:shutdownLeaderState(93)) - add4e6bd-fcc9-465d-bef9-bed764a13d1e: shutdown add4e6bd-fcc9-465d-bef9-bed764a13d1e@group-0433E262036B-LeaderStateImpl
2023-05-08 09:35:45,266 [add4e6bd-fcc9-465d-bef9-bed764a13d1e-impl-thread2] INFO  impl.PendingRequests (PendingRequests.java:sendNotLeaderResponses(282)) - add4e6bd-fcc9-465d-bef9-bed764a13d1e@group-0433E262036B-PendingRequests: sendNotLeaderResponses
2023-05-08 09:35:45,267 [add4e6bd-fcc9-465d-bef9-bed764a13d1e@group-0433E262036B-StateMachineUpdater] INFO  ratis.ContainerStateMachine (ContainerStateMachine.java:takeSnapshot(330)) - group-0433E262036B: Taking a snapshot at:(t:1, i:0) file /home/runner/work/ozone/ozone/hadoop-ozone/integration-test/target/test-dir/MiniOzoneClusterImpl-be56a2d2-96e4-45d9-aa7d-4262bbd71717/datanode-1/data/ratis/26322711-d698-4f8c-aa4a-0433e262036b/sm/snapshot.1_0
2023-05-08 09:35:45,267 [add4e6bd-fcc9-465d-bef9-bed764a13d1e-impl-thread2] INFO  impl.StateMachineUpdater (StateMachineUpdater.java:stopAndJoin(153)) - add4e6bd-fcc9-465d-bef9-bed764a13d1e@group-0433E262036B-StateMachineUpdater: set stopIndex = 0
2023-05-08 09:35:45,268 [add4e6bd-fcc9-465d-bef9-bed764a13d1e@group-0433E262036B-StateMachineUpdater] INFO  ratis.ContainerStateMachine (ContainerStateMachine.java:takeSnapshot(341)) - group-0433E262036B: Finished taking a snapshot at:(t:1, i:0) file:/home/runner/work/ozone/ozone/hadoop-ozone/integration-test/target/test-dir/MiniOzoneClusterImpl-be56a2d2-96e4-45d9-aa7d-4262bbd71717/datanode-1/data/ratis/26322711-d698-4f8c-aa4a-0433e262036b/sm/snapshot.1_0 took: 2 ms
2023-05-08 09:35:45,268 [add4e6bd-fcc9-465d-bef9-bed764a13d1e@group-0433E262036B-StateMachineUpdater] INFO  impl.StateMachineUpdater (StateMachineUpdater.java:takeSnapshot(287)) - add4e6bd-fcc9-465d-bef9-bed764a13d1e@group-0433E262036B-StateMachineUpdater: Took a snapshot at index 0
2023-05-08 09:35:45,268 [Listener at 127.0.0.1/38037] INFO  server.GrpcService (GrpcService.java:closeImpl(271)) - add4e6bd-fcc9-465d-bef9-bed764a13d1e: shutdown server GrpcServerProtocolService now
2023-05-08 09:35:45,268 [add4e6bd-fcc9-465d-bef9-bed764a13d1e@group-0433E262036B-StateMachineUpdater] INFO  impl.StateMachineUpdater (StateMachineUpdater.java:lambda$new$0(92)) - add4e6bd-fcc9-465d-bef9-bed764a13d1e@group-0433E262036B-StateMachineUpdater: snapshotIndex: updateIncreasingly -1 -> 0
2023-05-08 09:35:45,268 [add4e6bd-fcc9-465d-bef9-bed764a13d1e-impl-thread1] INFO  impl.PendingRequests (PendingRequests.java:sendNotLeaderResponses(282)) - add4e6bd-fcc9-465d-bef9-bed764a13d1e@group-68E7495FD306-PendingRequests: sendNotLeaderResponses
2023-05-08 09:35:45,269 [add4e6bd-fcc9-465d-bef9-bed764a13d1e@group-68E7495FD306->3357f25e-fda2-4cb8-acb0-e93af4f54e63-GrpcLogAppender-LogAppenderDaemon] WARN  server.GrpcLogAppender (GrpcLogAppender.java:mayWait(200)) - add4e6bd-fcc9-465d-bef9-bed764a13d1e@group-68E7495FD306->3357f25e-fda2-4cb8-acb0-e93af4f54e63-GrpcLogAppender: Wait interrupted by java.lang.InterruptedException
2023-05-08 09:35:45,269 [add4e6bd-fcc9-465d-bef9-bed764a13d1e-impl-thread1] INFO  impl.StateMachineUpdater (StateMachineUpdater.java:stopAndJoin(153)) - add4e6bd-fcc9-465d-bef9-bed764a13d1e@group-68E7495FD306-StateMachineUpdater: set stopIndex = 0
2023-05-08 09:35:45,269 [add4e6bd-fcc9-465d-bef9-bed764a13d1e@group-68E7495FD306-StateMachineUpdater] INFO  ratis.ContainerStateMachine (ContainerStateMachine.java:takeSnapshot(330)) - group-68E7495FD306: Taking a snapshot at:(t:1, i:0) file /home/runner/work/ozone/ozone/hadoop-ozone/integration-test/target/test-dir/MiniOzoneClusterImpl-be56a2d2-96e4-45d9-aa7d-4262bbd71717/datanode-1/data/ratis/61d9caab-dfec-4d6d-bab9-68e7495fd306/sm/snapshot.1_0
2023-05-08 09:35:45,270 [grpc-default-executor-1] INFO  server.GrpcServerProtocolService (GrpcServerProtocolService.java:onCompleted(143)) - 3e648b14-2e89-4337-9925-6e41fa74934b: Completed APPEND_ENTRIES, lastRequest: add4e6bd-fcc9-465d-bef9-bed764a13d1e->3e648b14-2e89-4337-9925-6e41fa74934b#1-t1,previous=(t:0, i:0),leaderCommit=0,initializing? true,entries: size=1, first=(t:1, i:0), CONFIGURATIONENTRY(current:id: "add4e6bd-fcc9-465d-bef9-bed764a13d1e"
address: "10.1.0.160:35941"
priority: 1
dataStreamAddress: "10.1.0.160:42367"
clientAddress: "10.1.0.160:35941"
adminAddress: "10.1.0.160:35941"
startupRole: FOLLOWER
,id: "3e648b14-2e89-4337-9925-6e41fa74934b"
address: "10.1.0.160:32919"
dataStreamAddress: "10.1.0.160:34191"
clientAddress: "10.1.0.160:32919"
adminAddress: "10.1.0.160:32919"
startupRole: FOLLOWER
,id: "3357f25e-fda2-4cb8-acb0-e93af4f54e63"
address: "10.1.0.160:40553"
dataStreamAddress: "10.1.0.160:42755"
clientAddress: "10.1.0.160:40553"
adminAddress: "10.1.0.160:40553"
startupRole: FOLLOWER
, old:)
2023-05-08 09:35:45,270 [grpc-default-executor-3] INFO  server.GrpcServerProtocolService (GrpcServerProtocolService.java:onCompleted(143)) - 3e648b14-2e89-4337-9925-6e41fa74934b: Completed APPEND_ENTRIES, lastRequest: null
2023-05-08 09:35:45,270 [add4e6bd-fcc9-465d-bef9-bed764a13d1e@group-68E7495FD306-StateMachineUpdater] INFO  ratis.ContainerStateMachine (ContainerStateMachine.java:takeSnapshot(341)) - group-68E7495FD306: Finished taking a snapshot at:(t:1, i:0) file:/home/runner/work/ozone/ozone/hadoop-ozone/integration-test/target/test-dir/MiniOzoneClusterImpl-be56a2d2-96e4-45d9-aa7d-4262bbd71717/datanode-1/data/ratis/61d9caab-dfec-4d6d-bab9-68e7495fd306/sm/snapshot.1_0 took: 1 ms
2023-05-08 09:35:45,270 [add4e6bd-fcc9-465d-bef9-bed764a13d1e@group-68E7495FD306-StateMachineUpdater] INFO  impl.StateMachineUpdater (StateMachineUpdater.java:takeSnapshot(287)) - add4e6bd-fcc9-465d-bef9-bed764a13d1e@group-68E7495FD306-StateMachineUpdater: Took a snapshot at index 0
2023-05-08 09:35:45,271 [add4e6bd-fcc9-465d-bef9-bed764a13d1e@group-68E7495FD306-StateMachineUpdater] INFO  impl.StateMachineUpdater (StateMachineUpdater.java:lambda$new$0(92)) - add4e6bd-fcc9-465d-bef9-bed764a13d1e@group-68E7495FD306-StateMachineUpdater: snapshotIndex: updateIncreasingly -1 -> 0
2023-05-08 09:35:45,271 [grpc-default-executor-0] INFO  server.GrpcServerProtocolService (GrpcServerProtocolService.java:onCompleted(143)) - 3357f25e-fda2-4cb8-acb0-e93af4f54e63: Completed APPEND_ENTRIES, lastRequest: add4e6bd-fcc9-465d-bef9-bed764a13d1e->3357f25e-fda2-4cb8-acb0-e93af4f54e63#1-t1,previous=(t:0, i:0),leaderCommit=0,initializing? true,entries: size=1, first=(t:1, i:0), CONFIGURATIONENTRY(current:id: "add4e6bd-fcc9-465d-bef9-bed764a13d1e"
address: "10.1.0.160:35941"
priority: 1
dataStreamAddress: "10.1.0.160:42367"
clientAddress: "10.1.0.160:35941"
adminAddress: "10.1.0.160:35941"
startupRole: FOLLOWER
,id: "3e648b14-2e89-4337-9925-6e41fa74934b"
address: "10.1.0.160:32919"
dataStreamAddress: "10.1.0.160:34191"
clientAddress: "10.1.0.160:32919"
adminAddress: "10.1.0.160:32919"
startupRole: FOLLOWER
,id: "3357f25e-fda2-4cb8-acb0-e93af4f54e63"
address: "10.1.0.160:40553"
dataStreamAddress: "10.1.0.160:42755"
clientAddress: "10.1.0.160:40553"
adminAddress: "10.1.0.160:40553"
startupRole: FOLLOWER
, old:)
2023-05-08 09:35:45,271 [add4e6bd-fcc9-465d-bef9-bed764a13d1e-impl-thread1] INFO  server.RaftServer$Division (ServerState.java:close(466)) - add4e6bd-fcc9-465d-bef9-bed764a13d1e@group-68E7495FD306: closes. applyIndex: 0
2023-05-08 09:35:45,272 [add4e6bd-fcc9-465d-bef9-bed764a13d1e@group-68E7495FD306-SegmentedRaftLogWorker] INFO  segmented.SegmentedRaftLogWorker (SegmentedRaftLogWorker.java:run(347)) - add4e6bd-fcc9-465d-bef9-bed764a13d1e@group-68E7495FD306-SegmentedRaftLogWorker was interrupted, exiting. There are 0 tasks remaining in the queue.
2023-05-08 09:35:45,272 [grpc-default-executor-2] INFO  server.GrpcLogAppender (GrpcLogAppender.java:onCompleted(415)) - add4e6bd-fcc9-465d-bef9-bed764a13d1e@group-68E7495FD306->3e648b14-2e89-4337-9925-6e41fa74934b-AppendLogResponseHandler: follower responses appendEntries COMPLETED
2023-05-08 09:35:45,272 [grpc-default-executor-2] INFO  leader.FollowerInfo (FollowerInfoImpl.java:lambda$new$0(48)) - add4e6bd-fcc9-465d-bef9-bed764a13d1e@group-68E7495FD306->3e648b14-2e89-4337-9925-6e41fa74934b: nextIndex: updateUnconditionally 1 -> 0
2023-05-08 09:35:45,272 [grpc-default-executor-0] INFO  server.GrpcServerProtocolService (GrpcServerProtocolService.java:onCompleted(143)) - 3357f25e-fda2-4cb8-acb0-e93af4f54e63: Completed APPEND_ENTRIES, lastRequest: null
2023-05-08 09:35:45,272 [grpc-default-executor-3] WARN  server.GrpcServerProtocolService (LogUtils.java:warn(122)) - add4e6bd-fcc9-465d-bef9-bed764a13d1e: installSnapshot onError, lastRequest: null: org.apache.ratis.thirdparty.io.grpc.StatusRuntimeException: CANCELLED: client cancelled
2023-05-08 09:35:45,272 [grpc-default-executor-1] WARN  server.GrpcServerProtocolService (LogUtils.java:warn(122)) - add4e6bd-fcc9-465d-bef9-bed764a13d1e: installSnapshot onError, lastRequest: 3e648b14-2e89-4337-9925-6e41fa74934b->add4e6bd-fcc9-465d-bef9-bed764a13d1e#1-t1,previous=(t:0, i:0),leaderCommit=0,initializing? true,entries: size=1, first=(t:1, i:0), CONFIGURATIONENTRY(current:id: "add4e6bd-fcc9-465d-bef9-bed764a13d1e"
address: "10.1.0.160:35941"
dataStreamAddress: "10.1.0.160:42367"
clientAddress: "10.1.0.160:35941"
adminAddress: "10.1.0.160:35941"
startupRole: FOLLOWER
,id: "3e648b14-2e89-4337-9925-6e41fa74934b"
address: "10.1.0.160:32919"
priority: 1
dataStreamAddress: "10.1.0.160:34191"
clientAddress: "10.1.0.160:32919"
adminAddress: "10.1.0.160:32919"
startupRole: FOLLOWER
,id: "3357f25e-fda2-4cb8-acb0-e93af4f54e63"
address: "10.1.0.160:40553"
dataStreamAddress: "10.1.0.160:42755"
clientAddress: "10.1.0.160:40553"
adminAddress: "10.1.0.160:40553"
startupRole: FOLLOWER
, old:): org.apache.ratis.thirdparty.io.grpc.StatusRuntimeException: CANCELLED: client cancelled
2023-05-08 09:35:45,273 [add4e6bd-fcc9-465d-bef9-bed764a13d1e-impl-thread2] INFO  server.RaftServer$Division (ServerState.java:close(466)) - add4e6bd-fcc9-465d-bef9-bed764a13d1e@group-0433E262036B: closes. applyIndex: 0
2023-05-08 09:35:45,273 [add4e6bd-fcc9-465d-bef9-bed764a13d1e-impl-thread3] INFO  server.RaftServer$Division (RaftServerImpl.java:lambda$close$4(458)) - add4e6bd-fcc9-465d-bef9-bed764a13d1e@group-B156310CC313: shutdown
2023-05-08 09:35:45,273 [add4e6bd-fcc9-465d-bef9-bed764a13d1e-impl-thread3] INFO  util.JmxRegister (JmxRegister.java:unregister(73)) - Successfully un-registered JMX Bean with object name Ratis:service=RaftServer,group=group-B156310CC313,id=add4e6bd-fcc9-465d-bef9-bed764a13d1e
2023-05-08 09:35:45,273 [add4e6bd-fcc9-465d-bef9-bed764a13d1e-impl-thread3] INFO  impl.RoleInfo (RoleInfo.java:shutdownFollowerState(110)) - add4e6bd-fcc9-465d-bef9-bed764a13d1e: shutdown add4e6bd-fcc9-465d-bef9-bed764a13d1e@group-B156310CC313-FollowerState
2023-05-08 09:35:45,276 [grpc-default-executor-1] INFO  server.GrpcLogAppender (GrpcLogAppender.java:onCompleted(415)) - add4e6bd-fcc9-465d-bef9-bed764a13d1e@group-68E7495FD306->3357f25e-fda2-4cb8-acb0-e93af4f54e63-AppendLogResponseHandler: follower responses appendEntries COMPLETED
2023-05-08 09:35:45,276 [grpc-default-executor-1] INFO  leader.FollowerInfo (FollowerInfoImpl.java:lambda$new$0(48)) - add4e6bd-fcc9-465d-bef9-bed764a13d1e@group-68E7495FD306->3357f25e-fda2-4cb8-acb0-e93af4f54e63: nextIndex: updateUnconditionally 1 -> 0
2023-05-08 09:35:45,277 [grpc-default-executor-3] WARN  server.GrpcLogAppender (LogUtils.java:warn(122)) - 3e648b14-2e89-4337-9925-6e41fa74934b@group-B156310CC313->add4e6bd-fcc9-465d-bef9-bed764a13d1e-AppendLogResponseHandler: Failed appendEntries: org.apache.ratis.thirdparty.io.grpc.StatusRuntimeException: CANCELLED: RST_STREAM closed stream. HTTP/2 error code: CANCEL
2023-05-08 09:35:45,277 [grpc-default-executor-3] WARN  server.GrpcLogAppender (GrpcLogAppender.java:resetClient(131)) - 3e648b14-2e89-4337-9925-6e41fa74934b@group-B156310CC313->add4e6bd-fcc9-465d-bef9-bed764a13d1e-GrpcLogAppender: Leader has not got in touch with Follower 3e648b14-2e89-4337-9925-6e41fa74934b@group-B156310CC313->add4e6bd-fcc9-465d-bef9-bed764a13d1e(c0,m0,n1, attendVote=true, lastRpcSendTime=560, lastRpcResponseTime=530) yet, just keep nextIndex unchanged and retry.
2023-05-08 09:35:45,277 [grpc-default-executor-0] WARN  server.GrpcLogAppender (LogUtils.java:warn(122)) - 3e648b14-2e89-4337-9925-6e41fa74934b@group-B156310CC313->add4e6bd-fcc9-465d-bef9-bed764a13d1e-AppendLogResponseHandler: Failed appendEntries: org.apache.ratis.thirdparty.io.grpc.StatusRuntimeException: CANCELLED: RST_STREAM closed stream. HTTP/2 error code: CANCEL
2023-05-08 09:35:45,277 [grpc-default-executor-0] WARN  server.GrpcLogAppender (GrpcLogAppender.java:resetClient(131)) - 3e648b14-2e89-4337-9925-6e41fa74934b@group-B156310CC313->add4e6bd-fcc9-465d-bef9-bed764a13d1e-GrpcLogAppender: Leader has not got in touch with Follower 3e648b14-2e89-4337-9925-6e41fa74934b@group-B156310CC313->add4e6bd-fcc9-465d-bef9-bed764a13d1e(c0,m0,n1, attendVote=true, lastRpcSendTime=560, lastRpcResponseTime=531) yet, just keep nextIndex unchanged and retry.
2023-05-08 09:35:45,278 [grpc-default-executor-5] INFO  server.GrpcLogAppender (GrpcLogAppender.java:onCompleted(415)) - add4e6bd-fcc9-465d-bef9-bed764a13d1e@group-68E7495FD306->3e648b14-2e89-4337-9925-6e41fa74934b-AppendLogResponseHandler: follower responses appendEntries COMPLETED
2023-05-08 09:35:45,278 [grpc-default-executor-5] INFO  leader.FollowerInfo (FollowerInfoImpl.java:lambda$new$0(48)) - add4e6bd-fcc9-465d-bef9-bed764a13d1e@group-68E7495FD306->3e648b14-2e89-4337-9925-6e41fa74934b: nextIndex: updateUnconditionally 0 -> 0
2023-05-08 09:35:45,280 [ForkJoinPool.commonPool-worker-0] INFO  ozoneimpl.OzoneContainer (OzoneContainer.java:stop(419)) - Attempting to stop container services.
2023-05-08 09:35:45,286 [ForkJoinPool.commonPool-worker-0] INFO  server.RaftServer (RaftServerProxy.java:lambda$close$6(409)) - 3e648b14-2e89-4337-9925-6e41fa74934b: close
2023-05-08 09:35:45,286 [add4e6bd-fcc9-465d-bef9-bed764a13d1e@group-B156310CC313-FollowerState] INFO  impl.FollowerState (FollowerState.java:run(152)) - add4e6bd-fcc9-465d-bef9-bed764a13d1e@group-B156310CC313-FollowerState was interrupted
2023-05-08 09:35:45,286 [3e648b14-2e89-4337-9925-6e41fa74934b-impl-thread1] INFO  server.RaftServer$Division (RaftServerImpl.java:lambda$close$4(458)) - 3e648b14-2e89-4337-9925-6e41fa74934b@group-1E7200EA6119: shutdown
2023-05-08 09:35:45,286 [3e648b14-2e89-4337-9925-6e41fa74934b-impl-thread1] INFO  util.JmxRegister (JmxRegister.java:unregister(73)) - Successfully un-registered JMX Bean with object name Ratis:service=RaftServer,group=group-1E7200EA6119,id=3e648b14-2e89-4337-9925-6e41fa74934b
2023-05-08 09:35:45,286 [3e648b14-2e89-4337-9925-6e41fa74934b-impl-thread1] INFO  impl.RoleInfo (RoleInfo.java:shutdownLeaderState(93)) - 3e648b14-2e89-4337-9925-6e41fa74934b: shutdown 3e648b14-2e89-4337-9925-6e41fa74934b@group-1E7200EA6119-LeaderStateImpl
2023-05-08 09:35:45,286 [3e648b14-2e89-4337-9925-6e41fa74934b-impl-thread1] INFO  impl.PendingRequests (PendingRequests.java:sendNotLeaderResponses(282)) - 3e648b14-2e89-4337-9925-6e41fa74934b@group-1E7200EA6119-PendingRequests: sendNotLeaderResponses
2023-05-08 09:35:45,286 [3e648b14-2e89-4337-9925-6e41fa74934b-impl-thread1] INFO  impl.StateMachineUpdater (StateMachineUpdater.java:stopAndJoin(153)) - 3e648b14-2e89-4337-9925-6e41fa74934b@group-1E7200EA6119-StateMachineUpdater: set stopIndex = 0
2023-05-08 09:35:45,287 [3e648b14-2e89-4337-9925-6e41fa74934b@group-1E7200EA6119-StateMachineUpdater] INFO  ratis.ContainerStateMachine (ContainerStateMachine.java:takeSnapshot(330)) - group-1E7200EA6119: Taking a snapshot at:(t:1, i:0) file /home/runner/work/ozone/ozone/hadoop-ozone/integration-test/target/test-dir/MiniOzoneClusterImpl-be56a2d2-96e4-45d9-aa7d-4262bbd71717/datanode-0/data/ratis/a3a38626-7e2f-4caa-b381-1e7200ea6119/sm/snapshot.1_0
2023-05-08 09:35:45,287 [add4e6bd-fcc9-465d-bef9-bed764a13d1e@group-B156310CC313-StateMachineUpdater] INFO  ratis.ContainerStateMachine (ContainerStateMachine.java:takeSnapshot(330)) - group-B156310CC313: Taking a snapshot at:(t:1, i:0) file /home/runner/work/ozone/ozone/hadoop-ozone/integration-test/target/test-dir/MiniOzoneClusterImpl-be56a2d2-96e4-45d9-aa7d-4262bbd71717/datanode-1/data/ratis/33ff71bb-ea09-45cc-98c3-b156310cc313/sm/snapshot.1_0
2023-05-08 09:35:45,287 [add4e6bd-fcc9-465d-bef9-bed764a13d1e-impl-thread3] INFO  impl.StateMachineUpdater (StateMachineUpdater.java:stopAndJoin(153)) - add4e6bd-fcc9-465d-bef9-bed764a13d1e@group-B156310CC313-StateMachineUpdater: set stopIndex = 0
2023-05-08 09:35:45,288 [3e648b14-2e89-4337-9925-6e41fa74934b@group-1E7200EA6119-StateMachineUpdater] INFO  ratis.ContainerStateMachine (ContainerStateMachine.java:takeSnapshot(341)) - group-1E7200EA6119: Finished taking a snapshot at:(t:1, i:0) file:/home/runner/work/ozone/ozone/hadoop-ozone/integration-test/target/test-dir/MiniOzoneClusterImpl-be56a2d2-96e4-45d9-aa7d-4262bbd71717/datanode-0/data/ratis/a3a38626-7e2f-4caa-b381-1e7200ea6119/sm/snapshot.1_0 took: 1 ms
2023-05-08 09:35:45,288 [3e648b14-2e89-4337-9925-6e41fa74934b@group-1E7200EA6119-StateMachineUpdater] INFO  impl.StateMachineUpdater (StateMachineUpdater.java:takeSnapshot(287)) - 3e648b14-2e89-4337-9925-6e41fa74934b@group-1E7200EA6119-StateMachineUpdater: Took a snapshot at index 0
2023-05-08 09:35:45,288 [3e648b14-2e89-4337-9925-6e41fa74934b@group-1E7200EA6119-StateMachineUpdater] INFO  impl.StateMachineUpdater (StateMachineUpdater.java:lambda$new$0(92)) - 3e648b14-2e89-4337-9925-6e41fa74934b@group-1E7200EA6119-StateMachineUpdater: snapshotIndex: updateIncreasingly -1 -> 0
2023-05-08 09:35:45,288 [3e648b14-2e89-4337-9925-6e41fa74934b-impl-thread1] INFO  server.RaftServer$Division (ServerState.java:close(466)) - 3e648b14-2e89-4337-9925-6e41fa74934b@group-1E7200EA6119: closes. applyIndex: 0
2023-05-08 09:35:45,288 [add4e6bd-fcc9-465d-bef9-bed764a13d1e@group-B156310CC313-StateMachineUpdater] INFO  ratis.ContainerStateMachine (ContainerStateMachine.java:takeSnapshot(341)) - group-B156310CC313: Finished taking a snapshot at:(t:1, i:0) file:/home/runner/work/ozone/ozone/hadoop-ozone/integration-test/target/test-dir/MiniOzoneClusterImpl-be56a2d2-96e4-45d9-aa7d-4262bbd71717/datanode-1/data/ratis/33ff71bb-ea09-45cc-98c3-b156310cc313/sm/snapshot.1_0 took: 2 ms
2023-05-08 09:35:45,289 [add4e6bd-fcc9-465d-bef9-bed764a13d1e@group-B156310CC313-StateMachineUpdater] INFO  impl.StateMachineUpdater (StateMachineUpdater.java:takeSnapshot(287)) - add4e6bd-fcc9-465d-bef9-bed764a13d1e@group-B156310CC313-StateMachineUpdater: Took a snapshot at index 0
2023-05-08 09:35:45,289 [add4e6bd-fcc9-465d-bef9-bed764a13d1e@group-B156310CC313-StateMachineUpdater] INFO  impl.StateMachineUpdater (StateMachineUpdater.java:lambda$new$0(92)) - add4e6bd-fcc9-465d-bef9-bed764a13d1e@group-B156310CC313-StateMachineUpdater: snapshotIndex: updateIncreasingly -1 -> 0
2023-05-08 09:35:45,289 [add4e6bd-fcc9-465d-bef9-bed764a13d1e-impl-thread3] INFO  server.RaftServer$Division (ServerState.java:close(466)) - add4e6bd-fcc9-465d-bef9-bed764a13d1e@group-B156310CC313: closes. applyIndex: 0
2023-05-08 09:35:45,290 [3e648b14-2e89-4337-9925-6e41fa74934b-impl-thread2] INFO  server.RaftServer$Division (RaftServerImpl.java:lambda$close$4(458)) - 3e648b14-2e89-4337-9925-6e41fa74934b@group-68E7495FD306: shutdown
2023-05-08 09:35:45,290 [3e648b14-2e89-4337-9925-6e41fa74934b-impl-thread2] INFO  util.JmxRegister (JmxRegister.java:unregister(73)) - Successfully un-registered JMX Bean with object name Ratis:service=RaftServer,group=group-68E7495FD306,id=3e648b14-2e89-4337-9925-6e41fa74934b
2023-05-08 09:35:45,290 [3e648b14-2e89-4337-9925-6e41fa74934b-impl-thread2] INFO  impl.RoleInfo (RoleInfo.java:shutdownFollowerState(110)) - 3e648b14-2e89-4337-9925-6e41fa74934b: shutdown 3e648b14-2e89-4337-9925-6e41fa74934b@group-68E7495FD306-FollowerState
2023-05-08 09:35:45,293 [ForkJoinPool.commonPool-worker-0] INFO  server.GrpcService (GrpcService.java:closeImpl(271)) - 3e648b14-2e89-4337-9925-6e41fa74934b: shutdown server GrpcServerProtocolService now
2023-05-08 09:35:45,295 [3e648b14-2e89-4337-9925-6e41fa74934b-impl-thread3] INFO  server.RaftServer$Division (RaftServerImpl.java:lambda$close$4(458)) - 3e648b14-2e89-4337-9925-6e41fa74934b@group-B156310CC313: shutdown
2023-05-08 09:35:45,295 [3e648b14-2e89-4337-9925-6e41fa74934b-impl-thread3] INFO  util.JmxRegister (JmxRegister.java:unregister(73)) - Successfully un-registered JMX Bean with object name Ratis:service=RaftServer,group=group-B156310CC313,id=3e648b14-2e89-4337-9925-6e41fa74934b
2023-05-08 09:35:45,295 [3e648b14-2e89-4337-9925-6e41fa74934b-impl-thread3] INFO  impl.RoleInfo (RoleInfo.java:shutdownLeaderState(93)) - 3e648b14-2e89-4337-9925-6e41fa74934b: shutdown 3e648b14-2e89-4337-9925-6e41fa74934b@group-B156310CC313-LeaderStateImpl
2023-05-08 09:35:45,295 [3e648b14-2e89-4337-9925-6e41fa74934b@group-B156310CC313->3357f25e-fda2-4cb8-acb0-e93af4f54e63-GrpcLogAppender-LogAppenderDaemon] WARN  server.GrpcLogAppender (GrpcLogAppender.java:mayWait(200)) - 3e648b14-2e89-4337-9925-6e41fa74934b@group-B156310CC313->3357f25e-fda2-4cb8-acb0-e93af4f54e63-GrpcLogAppender: Wait interrupted by java.lang.InterruptedException
2023-05-08 09:35:45,295 [3e648b14-2e89-4337-9925-6e41fa74934b-impl-thread3] INFO  impl.PendingRequests (PendingRequests.java:sendNotLeaderResponses(282)) - 3e648b14-2e89-4337-9925-6e41fa74934b@group-B156310CC313-PendingRequests: sendNotLeaderResponses
2023-05-08 09:35:45,296 [add4e6bd-fcc9-465d-bef9-bed764a13d1e@group-0433E262036B-SegmentedRaftLogWorker] INFO  segmented.SegmentedRaftLogWorker (SegmentedRaftLogWorker.java:run(347)) - add4e6bd-fcc9-465d-bef9-bed764a13d1e@group-0433E262036B-SegmentedRaftLogWorker was interrupted, exiting. There are 0 tasks remaining in the queue.
2023-05-08 09:35:45,297 [Listener at 127.0.0.1/38037] INFO  server.GrpcServerProtocolClient (GrpcServerProtocolClient.java:close(101)) - 3e648b14-2e89-4337-9925-6e41fa74934b Close channels
2023-05-08 09:35:45,297 [3e648b14-2e89-4337-9925-6e41fa74934b-impl-thread3] INFO  impl.StateMachineUpdater (StateMachineUpdater.java:stopAndJoin(153)) - 3e648b14-2e89-4337-9925-6e41fa74934b@group-B156310CC313-StateMachineUpdater: set stopIndex = 0
2023-05-08 09:35:45,297 [ForkJoinPool.commonPool-worker-0] INFO  server.GrpcServerProtocolClient (GrpcServerProtocolClient.java:close(101)) - add4e6bd-fcc9-465d-bef9-bed764a13d1e Close channels
2023-05-08 09:35:45,297 [3e648b14-2e89-4337-9925-6e41fa74934b@group-B156310CC313-StateMachineUpdater] INFO  ratis.ContainerStateMachine (ContainerStateMachine.java:takeSnapshot(330)) - group-B156310CC313: Taking a snapshot at:(t:1, i:0) file /home/runner/work/ozone/ozone/hadoop-ozone/integration-test/target/test-dir/MiniOzoneClusterImpl-be56a2d2-96e4-45d9-aa7d-4262bbd71717/datanode-0/data/ratis/33ff71bb-ea09-45cc-98c3-b156310cc313/sm/snapshot.1_0
2023-05-08 09:35:45,298 [grpc-default-executor-5] INFO  server.GrpcLogAppender (GrpcLogAppender.java:onCompleted(415)) - add4e6bd-fcc9-465d-bef9-bed764a13d1e@group-68E7495FD306->3357f25e-fda2-4cb8-acb0-e93af4f54e63-AppendLogResponseHandler: follower responses appendEntries COMPLETED
2023-05-08 09:35:45,298 [grpc-default-executor-5] INFO  leader.FollowerInfo (FollowerInfoImpl.java:lambda$new$0(48)) - add4e6bd-fcc9-465d-bef9-bed764a13d1e@group-68E7495FD306->3357f25e-fda2-4cb8-acb0-e93af4f54e63: nextIndex: updateUnconditionally 0 -> 0
2023-05-08 09:35:45,299 [add4e6bd-fcc9-465d-bef9-bed764a13d1e-impl-thread1] INFO  segmented.SegmentedRaftLogWorker (SegmentedRaftLogWorker.java:close(257)) - add4e6bd-fcc9-465d-bef9-bed764a13d1e@group-68E7495FD306-SegmentedRaftLogWorker close()
2023-05-08 09:35:45,299 [3e648b14-2e89-4337-9925-6e41fa74934b@group-68E7495FD306-FollowerState] INFO  impl.FollowerState (FollowerState.java:run(152)) - 3e648b14-2e89-4337-9925-6e41fa74934b@group-68E7495FD306-FollowerState was interrupted
2023-05-08 09:35:45,299 [add4e6bd-fcc9-465d-bef9-bed764a13d1e-impl-thread2] INFO  segmented.SegmentedRaftLogWorker (SegmentedRaftLogWorker.java:close(257)) - add4e6bd-fcc9-465d-bef9-bed764a13d1e@group-0433E262036B-SegmentedRaftLogWorker close()
2023-05-08 09:35:45,299 [add4e6bd-fcc9-465d-bef9-bed764a13d1e@group-B156310CC313-SegmentedRaftLogWorker] INFO  segmented.SegmentedRaftLogWorker (SegmentedRaftLogWorker.java:run(347)) - add4e6bd-fcc9-465d-bef9-bed764a13d1e@group-B156310CC313-SegmentedRaftLogWorker was interrupted, exiting. There are 0 tasks remaining in the queue.
2023-05-08 09:35:45,299 [3e648b14-2e89-4337-9925-6e41fa74934b@group-68E7495FD306-StateMachineUpdater] INFO  ratis.ContainerStateMachine (ContainerStateMachine.java:takeSnapshot(330)) - group-68E7495FD306: Taking a snapshot at:(t:1, i:0) file /home/runner/work/ozone/ozone/hadoop-ozone/integration-test/target/test-dir/MiniOzoneClusterImpl-be56a2d2-96e4-45d9-aa7d-4262bbd71717/datanode-0/data/ratis/61d9caab-dfec-4d6d-bab9-68e7495fd306/sm/snapshot.1_0
2023-05-08 09:35:45,299 [3e648b14-2e89-4337-9925-6e41fa74934b@group-1E7200EA6119-SegmentedRaftLogWorker] INFO  segmented.SegmentedRaftLogWorker (SegmentedRaftLogWorker.java:run(347)) - 3e648b14-2e89-4337-9925-6e41fa74934b@group-1E7200EA6119-SegmentedRaftLogWorker was interrupted, exiting. There are 0 tasks remaining in the queue.
2023-05-08 09:35:45,301 [3e648b14-2e89-4337-9925-6e41fa74934b@group-B156310CC313-StateMachineUpdater] INFO  ratis.ContainerStateMachine (ContainerStateMachine.java:takeSnapshot(341)) - group-B156310CC313: Finished taking a snapshot at:(t:1, i:0) file:/home/runner/work/ozone/ozone/hadoop-ozone/integration-test/target/test-dir/MiniOzoneClusterImpl-be56a2d2-96e4-45d9-aa7d-4262bbd71717/datanode-0/data/ratis/33ff71bb-ea09-45cc-98c3-b156310cc313/sm/snapshot.1_0 took: 4 ms
2023-05-08 09:35:45,301 [3e648b14-2e89-4337-9925-6e41fa74934b@group-B156310CC313-StateMachineUpdater] INFO  impl.StateMachineUpdater (StateMachineUpdater.java:takeSnapshot(287)) - 3e648b14-2e89-4337-9925-6e41fa74934b@group-B156310CC313-StateMachineUpdater: Took a snapshot at index 0
2023-05-08 09:35:45,301 [3e648b14-2e89-4337-9925-6e41fa74934b@group-B156310CC313-StateMachineUpdater] INFO  impl.StateMachineUpdater (StateMachineUpdater.java:lambda$new$0(92)) - 3e648b14-2e89-4337-9925-6e41fa74934b@group-B156310CC313-StateMachineUpdater: snapshotIndex: updateIncreasingly -1 -> 0
2023-05-08 09:35:45,302 [grpc-default-executor-5] INFO  server.GrpcServerProtocolService (GrpcServerProtocolService.java:onCompleted(143)) - 3357f25e-fda2-4cb8-acb0-e93af4f54e63: Completed APPEND_ENTRIES, lastRequest: 3e648b14-2e89-4337-9925-6e41fa74934b->3357f25e-fda2-4cb8-acb0-e93af4f54e63#1-t1,previous=(t:0, i:0),leaderCommit=0,initializing? true,entries: size=1, first=(t:1, i:0), CONFIGURATIONENTRY(current:id: "add4e6bd-fcc9-465d-bef9-bed764a13d1e"
address: "10.1.0.160:35941"
dataStreamAddress: "10.1.0.160:42367"
clientAddress: "10.1.0.160:35941"
adminAddress: "10.1.0.160:35941"
startupRole: FOLLOWER
,id: "3e648b14-2e89-4337-9925-6e41fa74934b"
address: "10.1.0.160:32919"
priority: 1
dataStreamAddress: "10.1.0.160:34191"
clientAddress: "10.1.0.160:32919"
adminAddress: "10.1.0.160:32919"
startupRole: FOLLOWER
,id: "3357f25e-fda2-4cb8-acb0-e93af4f54e63"
address: "10.1.0.160:40553"
dataStreamAddress: "10.1.0.160:42755"
clientAddress: "10.1.0.160:40553"
adminAddress: "10.1.0.160:40553"
startupRole: FOLLOWER
, old:)
2023-05-08 09:35:45,304 [3e648b14-2e89-4337-9925-6e41fa74934b-impl-thread3] INFO  server.RaftServer$Division (ServerState.java:close(466)) - 3e648b14-2e89-4337-9925-6e41fa74934b@group-B156310CC313: closes. applyIndex: 0
2023-05-08 09:35:45,304 [3e648b14-2e89-4337-9925-6e41fa74934b-impl-thread1] INFO  segmented.SegmentedRaftLogWorker (SegmentedRaftLogWorker.java:close(257)) - 3e648b14-2e89-4337-9925-6e41fa74934b@group-1E7200EA6119-SegmentedRaftLogWorker close()
2023-05-08 09:35:45,305 [add4e6bd-fcc9-465d-bef9-bed764a13d1e-impl-thread3] INFO  segmented.SegmentedRaftLogWorker (SegmentedRaftLogWorker.java:close(257)) - add4e6bd-fcc9-465d-bef9-bed764a13d1e@group-B156310CC313-SegmentedRaftLogWorker close()
2023-05-08 09:35:45,304 [3e648b14-2e89-4337-9925-6e41fa74934b@group-68E7495FD306-StateMachineUpdater] INFO  ratis.ContainerStateMachine (ContainerStateMachine.java:takeSnapshot(341)) - group-68E7495FD306: Finished taking a snapshot at:(t:1, i:0) file:/home/runner/work/ozone/ozone/hadoop-ozone/integration-test/target/test-dir/MiniOzoneClusterImpl-be56a2d2-96e4-45d9-aa7d-4262bbd71717/datanode-0/data/ratis/61d9caab-dfec-4d6d-bab9-68e7495fd306/sm/snapshot.1_0 took: 4 ms
2023-05-08 09:35:45,310 [3e648b14-2e89-4337-9925-6e41fa74934b@group-68E7495FD306-StateMachineUpdater] INFO  impl.StateMachineUpdater (StateMachineUpdater.java:takeSnapshot(287)) - 3e648b14-2e89-4337-9925-6e41fa74934b@group-68E7495FD306-StateMachineUpdater: Took a snapshot at index 0
2023-05-08 09:35:45,310 [3e648b14-2e89-4337-9925-6e41fa74934b@group-68E7495FD306-StateMachineUpdater] INFO  impl.StateMachineUpdater (StateMachineUpdater.java:lambda$new$0(92)) - 3e648b14-2e89-4337-9925-6e41fa74934b@group-68E7495FD306-StateMachineUpdater: snapshotIndex: updateIncreasingly -1 -> 0
2023-05-08 09:35:45,304 [3e648b14-2e89-4337-9925-6e41fa74934b-impl-thread2] INFO  impl.StateMachineUpdater (StateMachineUpdater.java:stopAndJoin(153)) - 3e648b14-2e89-4337-9925-6e41fa74934b@group-68E7495FD306-StateMachineUpdater: set stopIndex = 0
2023-05-08 09:35:45,310 [3e648b14-2e89-4337-9925-6e41fa74934b-impl-thread2] INFO  server.RaftServer$Division (ServerState.java:close(466)) - 3e648b14-2e89-4337-9925-6e41fa74934b@group-68E7495FD306: closes. applyIndex: 0
2023-05-08 09:35:45,310 [3e648b14-2e89-4337-9925-6e41fa74934b@group-68E7495FD306-SegmentedRaftLogWorker] INFO  segmented.SegmentedRaftLogWorker (SegmentedRaftLogWorker.java:run(347)) - 3e648b14-2e89-4337-9925-6e41fa74934b@group-68E7495FD306-SegmentedRaftLogWorker was interrupted, exiting. There are 0 tasks remaining in the queue.
2023-05-08 09:35:45,310 [3e648b14-2e89-4337-9925-6e41fa74934b@group-B156310CC313-SegmentedRaftLogWorker] INFO  segmented.SegmentedRaftLogWorker (SegmentedRaftLogWorker.java:run(347)) - 3e648b14-2e89-4337-9925-6e41fa74934b@group-B156310CC313-SegmentedRaftLogWorker was interrupted, exiting. There are 0 tasks remaining in the queue.
2023-05-08 09:35:45,311 [grpc-default-executor-5] INFO  server.GrpcServerProtocolService (GrpcServerProtocolService.java:onCompleted(143)) - 3357f25e-fda2-4cb8-acb0-e93af4f54e63: Completed APPEND_ENTRIES, lastRequest: null
2023-05-08 09:35:45,311 [grpc-default-executor-1] INFO  server.GrpcLogAppender (GrpcLogAppender.java:onCompleted(415)) - 3e648b14-2e89-4337-9925-6e41fa74934b@group-B156310CC313->3357f25e-fda2-4cb8-acb0-e93af4f54e63-AppendLogResponseHandler: follower responses appendEntries COMPLETED
2023-05-08 09:35:45,311 [grpc-default-executor-1] INFO  leader.FollowerInfo (FollowerInfoImpl.java:lambda$new$0(48)) - 3e648b14-2e89-4337-9925-6e41fa74934b@group-B156310CC313->3357f25e-fda2-4cb8-acb0-e93af4f54e63: nextIndex: updateUnconditionally 1 -> 0
2023-05-08 09:35:45,312 [grpc-default-executor-5] INFO  server.GrpcLogAppender (GrpcLogAppender.java:onCompleted(415)) - 3e648b14-2e89-4337-9925-6e41fa74934b@group-B156310CC313->3357f25e-fda2-4cb8-acb0-e93af4f54e63-AppendLogResponseHandler: follower responses appendEntries COMPLETED
2023-05-08 09:35:45,312 [grpc-default-executor-5] INFO  leader.FollowerInfo (FollowerInfoImpl.java:lambda$new$0(48)) - 3e648b14-2e89-4337-9925-6e41fa74934b@group-B156310CC313->3357f25e-fda2-4cb8-acb0-e93af4f54e63: nextIndex: updateUnconditionally 0 -> 0
2023-05-08 09:35:45,313 [ForkJoinPool.commonPool-worker-0] INFO  server.GrpcServerProtocolClient (GrpcServerProtocolClient.java:close(101)) - 3357f25e-fda2-4cb8-acb0-e93af4f54e63 Close channels
2023-05-08 09:35:45,313 [Listener at 127.0.0.1/38037] INFO  server.GrpcServerProtocolClient (GrpcServerProtocolClient.java:close(101)) - 3357f25e-fda2-4cb8-acb0-e93af4f54e63 Close channels
2023-05-08 09:35:45,315 [ForkJoinPool.commonPool-worker-0] INFO  server.GrpcService (GrpcService.java:closeImpl(280)) - 3e648b14-2e89-4337-9925-6e41fa74934b: shutdown server GrpcServerProtocolService successfully
2023-05-08 09:35:45,315 [3e648b14-2e89-4337-9925-6e41fa74934b-NettyServerStreamRpc-bossGroup--thread1] INFO  logging.LoggingHandler (AbstractInternalLogger.java:log(148)) - [id: 0x3669a5b4, L:/0:0:0:0:0:0:0:0:34191] CLOSE
2023-05-08 09:35:45,315 [3e648b14-2e89-4337-9925-6e41fa74934b-NettyServerStreamRpc-bossGroup--thread1] INFO  logging.LoggingHandler (AbstractInternalLogger.java:log(148)) - [id: 0x3669a5b4, L:/0:0:0:0:0:0:0:0:34191] INACTIVE
2023-05-08 09:35:45,315 [3e648b14-2e89-4337-9925-6e41fa74934b-NettyServerStreamRpc-bossGroup--thread1] INFO  logging.LoggingHandler (AbstractInternalLogger.java:log(148)) - [id: 0x3669a5b4, L:/0:0:0:0:0:0:0:0:34191] UNREGISTERED
2023-05-08 09:35:45,316 [Listener at 127.0.0.1/38037] INFO  server.GrpcService (GrpcService.java:closeImpl(280)) - add4e6bd-fcc9-465d-bef9-bed764a13d1e: shutdown server GrpcServerProtocolService successfully
2023-05-08 09:35:45,316 [add4e6bd-fcc9-465d-bef9-bed764a13d1e-NettyServerStreamRpc-bossGroup--thread1] INFO  logging.LoggingHandler (AbstractInternalLogger.java:log(148)) - [id: 0x8d1f63db, L:/0:0:0:0:0:0:0:0:42367] CLOSE
2023-05-08 09:35:45,316 [add4e6bd-fcc9-465d-bef9-bed764a13d1e-NettyServerStreamRpc-bossGroup--thread1] INFO  logging.LoggingHandler (AbstractInternalLogger.java:log(148)) - [id: 0x8d1f63db, L:/0:0:0:0:0:0:0:0:42367] INACTIVE
2023-05-08 09:35:45,316 [add4e6bd-fcc9-465d-bef9-bed764a13d1e-NettyServerStreamRpc-bossGroup--thread1] INFO  logging.LoggingHandler (AbstractInternalLogger.java:log(148)) - [id: 0x8d1f63db, L:/0:0:0:0:0:0:0:0:42367] UNREGISTERED
2023-05-08 09:35:45,320 [3e648b14-2e89-4337-9925-6e41fa74934b-impl-thread2] INFO  segmented.SegmentedRaftLogWorker (SegmentedRaftLogWorker.java:close(257)) - 3e648b14-2e89-4337-9925-6e41fa74934b@group-68E7495FD306-SegmentedRaftLogWorker close()
2023-05-08 09:35:45,326 [3e648b14-2e89-4337-9925-6e41fa74934b-impl-thread3] INFO  segmented.SegmentedRaftLogWorker (SegmentedRaftLogWorker.java:close(257)) - 3e648b14-2e89-4337-9925-6e41fa74934b@group-B156310CC313-SegmentedRaftLogWorker close()
2023-05-08 09:35:45,328 [JvmPauseMonitor17] INFO  util.JvmPauseMonitor (JvmPauseMonitor.java:run(111)) - JvmPauseMonitor-3e648b14-2e89-4337-9925-6e41fa74934b: Stopped
2023-05-08 09:35:45,330 [JvmPauseMonitor18] INFO  util.JvmPauseMonitor (JvmPauseMonitor.java:run(111)) - JvmPauseMonitor-add4e6bd-fcc9-465d-bef9-bed764a13d1e: Stopped
2023-05-08 09:35:45,448 [3357f25e-fda2-4cb8-acb0-e93af4f54e63@group-9480B9302252-FollowerState] INFO  impl.FollowerState (FollowerState.java:run(143)) - 3357f25e-fda2-4cb8-acb0-e93af4f54e63@group-9480B9302252-FollowerState: change to CANDIDATE, lastRpcElapsedTime:5199661121ns, electionTimeout:5193ms
2023-05-08 09:35:45,448 [3357f25e-fda2-4cb8-acb0-e93af4f54e63@group-9480B9302252-FollowerState] INFO  impl.RoleInfo (RoleInfo.java:shutdownFollowerState(110)) - 3357f25e-fda2-4cb8-acb0-e93af4f54e63: shutdown 3357f25e-fda2-4cb8-acb0-e93af4f54e63@group-9480B9302252-FollowerState
2023-05-08 09:35:45,448 [3357f25e-fda2-4cb8-acb0-e93af4f54e63@group-9480B9302252-FollowerState] INFO  server.RaftServer$Division (RaftServerImpl.java:setRole(321)) - 3357f25e-fda2-4cb8-acb0-e93af4f54e63@group-9480B9302252: changes role from  FOLLOWER to CANDIDATE at term 0 for changeToCandidate
2023-05-08 09:35:45,448 [3357f25e-fda2-4cb8-acb0-e93af4f54e63@group-9480B9302252-FollowerState] INFO  server.RaftServerConfigKeys (ConfUtils.java:logGet(46)) - raft.server.leaderelection.pre-vote = true (default)
2023-05-08 09:35:45,449 [3357f25e-fda2-4cb8-acb0-e93af4f54e63@group-9480B9302252-FollowerState] INFO  impl.RoleInfo (RoleInfo.java:updateAndGet(139)) - 3357f25e-fda2-4cb8-acb0-e93af4f54e63: start 3357f25e-fda2-4cb8-acb0-e93af4f54e63@group-9480B9302252-LeaderElection36
2023-05-08 09:35:45,451 [3357f25e-fda2-4cb8-acb0-e93af4f54e63@group-9480B9302252-LeaderElection36] INFO  impl.LeaderElection (LeaderElection.java:askForVotes(312)) - 3357f25e-fda2-4cb8-acb0-e93af4f54e63@group-9480B9302252-LeaderElection36 PRE_VOTE round 0: submit vote requests at term 0 for -1: peers:[3357f25e-fda2-4cb8-acb0-e93af4f54e63|rpc:10.1.0.160:40553|dataStream:10.1.0.160:42755|priority:1|startupRole:FOLLOWER]|listeners:[], old=null
2023-05-08 09:35:45,451 [3357f25e-fda2-4cb8-acb0-e93af4f54e63@group-9480B9302252-LeaderElection36] INFO  impl.LeaderElection (LeaderElection.java:askForVotes(314)) - 3357f25e-fda2-4cb8-acb0-e93af4f54e63@group-9480B9302252-LeaderElection36 PRE_VOTE round 0: result PASSED (term=0)
2023-05-08 09:35:45,452 [3357f25e-fda2-4cb8-acb0-e93af4f54e63@group-9480B9302252-LeaderElection36] INFO  impl.LeaderElection (LeaderElection.java:askForVotes(312)) - 3357f25e-fda2-4cb8-acb0-e93af4f54e63@group-9480B9302252-LeaderElection36 ELECTION round 0: submit vote requests at term 1 for -1: peers:[3357f25e-fda2-4cb8-acb0-e93af4f54e63|rpc:10.1.0.160:40553|dataStream:10.1.0.160:42755|priority:1|startupRole:FOLLOWER]|listeners:[], old=null
2023-05-08 09:35:45,453 [3357f25e-fda2-4cb8-acb0-e93af4f54e63@group-9480B9302252-LeaderElection36] INFO  impl.LeaderElection (LeaderElection.java:askForVotes(314)) - 3357f25e-fda2-4cb8-acb0-e93af4f54e63@group-9480B9302252-LeaderElection36 ELECTION round 0: result PASSED (term=1)
2023-05-08 09:35:45,453 [3357f25e-fda2-4cb8-acb0-e93af4f54e63@group-9480B9302252-LeaderElection36] INFO  impl.RoleInfo (RoleInfo.java:shutdownLeaderElection(130)) - 3357f25e-fda2-4cb8-acb0-e93af4f54e63: shutdown 3357f25e-fda2-4cb8-acb0-e93af4f54e63@group-9480B9302252-LeaderElection36
2023-05-08 09:35:45,453 [3357f25e-fda2-4cb8-acb0-e93af4f54e63@group-9480B9302252-LeaderElection36] INFO  server.RaftServer$Division (RaftServerImpl.java:setRole(321)) - 3357f25e-fda2-4cb8-acb0-e93af4f54e63@group-9480B9302252: changes role from CANDIDATE to LEADER at term 1 for changeToLeader
2023-05-08 09:35:45,453 [3357f25e-fda2-4cb8-acb0-e93af4f54e63@group-9480B9302252-LeaderElection36] INFO  ratis.XceiverServerRatis (XceiverServerRatis.java:handleLeaderChangedNotification(904)) - Leader change notification received for group: group-9480B9302252 with new leaderId: 3357f25e-fda2-4cb8-acb0-e93af4f54e63
2023-05-08 09:35:45,453 [3357f25e-fda2-4cb8-acb0-e93af4f54e63@group-9480B9302252-LeaderElection36] INFO  server.RaftServer$Division (ServerState.java:setLeader(313)) - 3357f25e-fda2-4cb8-acb0-e93af4f54e63@group-9480B9302252: change Leader from null to 3357f25e-fda2-4cb8-acb0-e93af4f54e63 at term 1 for becomeLeader, leader elected after 5220ms
2023-05-08 09:35:45,453 [3357f25e-fda2-4cb8-acb0-e93af4f54e63@group-9480B9302252-LeaderElection36] INFO  server.RaftServerConfigKeys (ConfUtils.java:logGet(46)) - raft.server.staging.catchup.gap = 1000 (default)
2023-05-08 09:35:45,454 [3357f25e-fda2-4cb8-acb0-e93af4f54e63@group-9480B9302252-LeaderElection36] INFO  server.RaftServerConfigKeys (ConfUtils.java:logGet(46)) - raft.server.write.element-limit = 1024 (custom)
2023-05-08 09:35:45,454 [3357f25e-fda2-4cb8-acb0-e93af4f54e63@group-9480B9302252-LeaderElection36] INFO  server.RaftServerConfigKeys (ConfUtils.java:logGet(46)) - raft.server.write.byte-limit = 1024 M (=1073741824) (custom)
2023-05-08 09:35:45,454 [3357f25e-fda2-4cb8-acb0-e93af4f54e63@group-9480B9302252-LeaderElection36] INFO  server.RaftServerConfigKeys (ConfUtils.java:logGet(46)) - raft.server.watch.timeout = 180s (custom)
2023-05-08 09:35:45,454 [3357f25e-fda2-4cb8-acb0-e93af4f54e63@group-9480B9302252-LeaderElection36] INFO  server.RaftServerConfigKeys (ConfUtils.java:logGet(46)) - raft.server.watch.timeout.denomination = 1s (default)
2023-05-08 09:35:45,455 [3357f25e-fda2-4cb8-acb0-e93af4f54e63@group-9480B9302252-LeaderElection36] INFO  server.RaftServerConfigKeys (ConfUtils.java:logGet(46)) - raft.server.watch.element-limit = 65536 (default)
2023-05-08 09:35:45,455 [3357f25e-fda2-4cb8-acb0-e93af4f54e63@group-9480B9302252-LeaderElection36] INFO  server.RaftServerConfigKeys (ConfUtils.java:logGet(46)) - raft.server.write.element-limit = 1024 (custom)
2023-05-08 09:35:45,455 [3357f25e-fda2-4cb8-acb0-e93af4f54e63@group-9480B9302252-LeaderElection36] INFO  server.RaftServerConfigKeys (ConfUtils.java:logGet(46)) - raft.server.write.follower.gap.ratio.max = -1.0 (default)
2023-05-08 09:35:45,455 [3357f25e-fda2-4cb8-acb0-e93af4f54e63@group-9480B9302252-LeaderElection36] INFO  impl.RoleInfo (RoleInfo.java:updateAndGet(139)) - 3357f25e-fda2-4cb8-acb0-e93af4f54e63: start 3357f25e-fda2-4cb8-acb0-e93af4f54e63@group-9480B9302252-LeaderStateImpl
2023-05-08 09:35:45,455 [3357f25e-fda2-4cb8-acb0-e93af4f54e63@group-9480B9302252-LeaderElection36] INFO  segmented.SegmentedRaftLogWorker (SegmentedRaftLogWorker.java:startLogSegment(452)) - 3357f25e-fda2-4cb8-acb0-e93af4f54e63@group-9480B9302252-SegmentedRaftLogWorker: Starting segment from index:0
2023-05-08 09:35:45,458 [3357f25e-fda2-4cb8-acb0-e93af4f54e63@group-9480B9302252-LeaderElection36] INFO  server.RaftServer$Division (ServerState.java:setRaftConf(430)) - 3357f25e-fda2-4cb8-acb0-e93af4f54e63@group-9480B9302252: set configuration 0: peers:[3357f25e-fda2-4cb8-acb0-e93af4f54e63|rpc:10.1.0.160:40553|dataStream:10.1.0.160:42755|priority:1|startupRole:FOLLOWER]|listeners:[], old=null
2023-05-08 09:35:45,458 [3357f25e-fda2-4cb8-acb0-e93af4f54e63@group-9480B9302252-SegmentedRaftLogWorker] INFO  segmented.SegmentedRaftLogWorker (SegmentedRaftLogWorker.java:execute(656)) - 3357f25e-fda2-4cb8-acb0-e93af4f54e63@group-9480B9302252-SegmentedRaftLogWorker: created new log segment /home/runner/work/ozone/ozone/hadoop-ozone/integration-test/target/test-dir/MiniOzoneClusterImpl-be56a2d2-96e4-45d9-aa7d-4262bbd71717/datanode-2/data/ratis/9e6eef32-60bd-4266-991d-9480b9302252/current/log_inprogress_0
2023-05-08 09:35:47,338 [ForkJoinPool.commonPool-worker-0] INFO  volume.HddsVolume (HddsVolume.java:closeDbStore(437)) - SchemaV3 db is stopped at /home/runner/work/ozone/ozone/hadoop-ozone/integration-test/target/test-dir/MiniOzoneClusterImpl-be56a2d2-96e4-45d9-aa7d-4262bbd71717/datanode-0/data-0/containers/hdds/be56a2d2-96e4-45d9-aa7d-4262bbd71717/DS-f2bd24c6-c8c3-43c8-84fa-533fcb4c4737/container.db for volume DS-f2bd24c6-c8c3-43c8-84fa-533fcb4c4737
2023-05-08 09:35:47,341 [ForkJoinPool.commonPool-worker-0] INFO  utils.BackgroundService (BackgroundService.java:shutdown(141)) - Shutting down service BlockDeletingService
2023-05-08 09:35:47,341 [Listener at 127.0.0.1/38037] INFO  volume.HddsVolume (HddsVolume.java:closeDbStore(437)) - SchemaV3 db is stopped at /home/runner/work/ozone/ozone/hadoop-ozone/integration-test/target/test-dir/MiniOzoneClusterImpl-be56a2d2-96e4-45d9-aa7d-4262bbd71717/datanode-1/data-0/containers/hdds/be56a2d2-96e4-45d9-aa7d-4262bbd71717/DS-700bf5cd-4416-42ad-8875-fa5e6aa78da3/container.db for volume DS-700bf5cd-4416-42ad-8875-fa5e6aa78da3
2023-05-08 09:35:47,342 [ForkJoinPool.commonPool-worker-0] INFO  utils.BackgroundService (BackgroundService.java:shutdown(141)) - Shutting down service StaleRecoveringContainerScrubbingService
2023-05-08 09:35:47,342 [Listener at 127.0.0.1/38037] INFO  utils.BackgroundService (BackgroundService.java:shutdown(141)) - Shutting down service BlockDeletingService
2023-05-08 09:35:47,345 [Listener at 127.0.0.1/38037] INFO  utils.BackgroundService (BackgroundService.java:shutdown(141)) - Shutting down service StaleRecoveringContainerScrubbingService
2023-05-08 09:35:47,345 [ForkJoinPool.commonPool-worker-0] INFO  statemachine.DatanodeStateMachine (DatanodeStateMachine.java:stopDaemon(608)) - Ozone container server stopped.
2023-05-08 09:35:47,352 [Listener at 127.0.0.1/38037] INFO  statemachine.DatanodeStateMachine (DatanodeStateMachine.java:stopDaemon(608)) - Ozone container server stopped.
2023-05-08 09:35:47,355 [ForkJoinPool.commonPool-worker-0] INFO  handler.ContextHandler (ContextHandler.java:doStop(1159)) - Stopped o.e.j.w.WebAppContext@37991638{hddsDatanode,/,null,STOPPED}{jar:file:/home/runner/.m2/repository/org/apache/ozone/hdds-container-service/1.4.0-SNAPSHOT/hdds-container-service-1.4.0-SNAPSHOT.jar!/webapps/hddsDatanode}
2023-05-08 09:35:47,356 [ForkJoinPool.commonPool-worker-0] INFO  server.AbstractConnector (AbstractConnector.java:doStop(383)) - Stopped ServerConnector@1e3bce03{HTTP/1.1, (http/1.1)}{0.0.0.0:0}
2023-05-08 09:35:47,356 [ForkJoinPool.commonPool-worker-0] INFO  server.session (HouseKeeper.java:stopScavenging(149)) - node0 Stopped scavenging
2023-05-08 09:35:47,361 [ForkJoinPool.commonPool-worker-0] INFO  handler.ContextHandler (ContextHandler.java:doStop(1159)) - Stopped o.e.j.s.ServletContextHandler@5c30be97{static,/static,jar:file:/home/runner/.m2/repository/org/apache/ozone/hdds-container-service/1.4.0-SNAPSHOT/hdds-container-service-1.4.0-SNAPSHOT.jar!/webapps/static,STOPPED}
2023-05-08 09:35:47,362 [ForkJoinPool.commonPool-worker-0] INFO  handler.ContextHandler (ContextHandler.java:doStop(1159)) - Stopped o.e.j.s.ServletContextHandler@513d1fe9{logs,/logs,file:///home/runner/work/ozone/ozone/hadoop-ozone/integration-test/target/log,STOPPED}
2023-05-08 09:35:47,365 [Listener at 127.0.0.1/38037] INFO  handler.ContextHandler (ContextHandler.java:doStop(1159)) - Stopped o.e.j.w.WebAppContext@c3444cc{hddsDatanode,/,null,STOPPED}{jar:file:/home/runner/.m2/repository/org/apache/ozone/hdds-container-service/1.4.0-SNAPSHOT/hdds-container-service-1.4.0-SNAPSHOT.jar!/webapps/hddsDatanode}
2023-05-08 09:35:47,366 [ForkJoinPool.commonPool-worker-0] INFO  ozoneimpl.OzoneContainer (OzoneContainer.java:stop(419)) - Attempting to stop container services.
2023-05-08 09:35:47,366 [ForkJoinPool.commonPool-worker-0] INFO  server.RaftServer (RaftServerProxy.java:lambda$close$6(409)) - 3357f25e-fda2-4cb8-acb0-e93af4f54e63: close
2023-05-08 09:35:47,366 [3357f25e-fda2-4cb8-acb0-e93af4f54e63-impl-thread1] INFO  server.RaftServer$Division (RaftServerImpl.java:lambda$close$4(458)) - 3357f25e-fda2-4cb8-acb0-e93af4f54e63@group-68E7495FD306: shutdown
2023-05-08 09:35:47,366 [3357f25e-fda2-4cb8-acb0-e93af4f54e63-impl-thread1] INFO  util.JmxRegister (JmxRegister.java:unregister(73)) - Successfully un-registered JMX Bean with object name Ratis:service=RaftServer,group=group-68E7495FD306,id=3357f25e-fda2-4cb8-acb0-e93af4f54e63
2023-05-08 09:35:47,366 [3357f25e-fda2-4cb8-acb0-e93af4f54e63-impl-thread1] INFO  impl.RoleInfo (RoleInfo.java:shutdownFollowerState(110)) - 3357f25e-fda2-4cb8-acb0-e93af4f54e63: shutdown 3357f25e-fda2-4cb8-acb0-e93af4f54e63@group-68E7495FD306-FollowerState
2023-05-08 09:35:47,366 [3357f25e-fda2-4cb8-acb0-e93af4f54e63-impl-thread1] INFO  impl.StateMachineUpdater (StateMachineUpdater.java:stopAndJoin(153)) - 3357f25e-fda2-4cb8-acb0-e93af4f54e63@group-68E7495FD306-StateMachineUpdater: set stopIndex = 0
2023-05-08 09:35:47,367 [3357f25e-fda2-4cb8-acb0-e93af4f54e63@group-68E7495FD306-FollowerState] INFO  impl.FollowerState (FollowerState.java:run(152)) - 3357f25e-fda2-4cb8-acb0-e93af4f54e63@group-68E7495FD306-FollowerState was interrupted
2023-05-08 09:35:47,367 [3357f25e-fda2-4cb8-acb0-e93af4f54e63@group-68E7495FD306-StateMachineUpdater] INFO  ratis.ContainerStateMachine (ContainerStateMachine.java:takeSnapshot(330)) - group-68E7495FD306: Taking a snapshot at:(t:1, i:0) file /home/runner/work/ozone/ozone/hadoop-ozone/integration-test/target/test-dir/MiniOzoneClusterImpl-be56a2d2-96e4-45d9-aa7d-4262bbd71717/datanode-2/data/ratis/61d9caab-dfec-4d6d-bab9-68e7495fd306/sm/snapshot.1_0
2023-05-08 09:35:47,368 [3357f25e-fda2-4cb8-acb0-e93af4f54e63-impl-thread2] INFO  server.RaftServer$Division (RaftServerImpl.java:lambda$close$4(458)) - 3357f25e-fda2-4cb8-acb0-e93af4f54e63@group-9480B9302252: shutdown
2023-05-08 09:35:47,369 [3357f25e-fda2-4cb8-acb0-e93af4f54e63-impl-thread2] INFO  util.JmxRegister (JmxRegister.java:unregister(73)) - Successfully un-registered JMX Bean with object name Ratis:service=RaftServer,group=group-9480B9302252,id=3357f25e-fda2-4cb8-acb0-e93af4f54e63
2023-05-08 09:35:47,369 [3357f25e-fda2-4cb8-acb0-e93af4f54e63-impl-thread2] INFO  impl.RoleInfo (RoleInfo.java:shutdownLeaderState(93)) - 3357f25e-fda2-4cb8-acb0-e93af4f54e63: shutdown 3357f25e-fda2-4cb8-acb0-e93af4f54e63@group-9480B9302252-LeaderStateImpl
2023-05-08 09:35:47,369 [3357f25e-fda2-4cb8-acb0-e93af4f54e63@group-68E7495FD306-StateMachineUpdater] INFO  ratis.ContainerStateMachine (ContainerStateMachine.java:takeSnapshot(341)) - group-68E7495FD306: Finished taking a snapshot at:(t:1, i:0) file:/home/runner/work/ozone/ozone/hadoop-ozone/integration-test/target/test-dir/MiniOzoneClusterImpl-be56a2d2-96e4-45d9-aa7d-4262bbd71717/datanode-2/data/ratis/61d9caab-dfec-4d6d-bab9-68e7495fd306/sm/snapshot.1_0 took: 1 ms
2023-05-08 09:35:47,369 [3357f25e-fda2-4cb8-acb0-e93af4f54e63@group-68E7495FD306-StateMachineUpdater] INFO  impl.StateMachineUpdater (StateMachineUpdater.java:takeSnapshot(287)) - 3357f25e-fda2-4cb8-acb0-e93af4f54e63@group-68E7495FD306-StateMachineUpdater: Took a snapshot at index 0
2023-05-08 09:35:47,369 [3357f25e-fda2-4cb8-acb0-e93af4f54e63@group-68E7495FD306-StateMachineUpdater] INFO  impl.StateMachineUpdater (StateMachineUpdater.java:lambda$new$0(92)) - 3357f25e-fda2-4cb8-acb0-e93af4f54e63@group-68E7495FD306-StateMachineUpdater: snapshotIndex: updateIncreasingly -1 -> 0
2023-05-08 09:35:47,369 [3357f25e-fda2-4cb8-acb0-e93af4f54e63-impl-thread1] INFO  server.RaftServer$Division (ServerState.java:close(466)) - 3357f25e-fda2-4cb8-acb0-e93af4f54e63@group-68E7495FD306: closes. applyIndex: 0
2023-05-08 09:35:47,369 [3357f25e-fda2-4cb8-acb0-e93af4f54e63-impl-thread2] INFO  impl.PendingRequests (PendingRequests.java:sendNotLeaderResponses(282)) - 3357f25e-fda2-4cb8-acb0-e93af4f54e63@group-9480B9302252-PendingRequests: sendNotLeaderResponses
2023-05-08 09:35:47,370 [3357f25e-fda2-4cb8-acb0-e93af4f54e63-impl-thread2] INFO  impl.StateMachineUpdater (StateMachineUpdater.java:stopAndJoin(153)) - 3357f25e-fda2-4cb8-acb0-e93af4f54e63@group-9480B9302252-StateMachineUpdater: set stopIndex = 0
2023-05-08 09:35:47,370 [3357f25e-fda2-4cb8-acb0-e93af4f54e63@group-9480B9302252-StateMachineUpdater] INFO  ratis.ContainerStateMachine (ContainerStateMachine.java:takeSnapshot(330)) - group-9480B9302252: Taking a snapshot at:(t:1, i:0) file /home/runner/work/ozone/ozone/hadoop-ozone/integration-test/target/test-dir/MiniOzoneClusterImpl-be56a2d2-96e4-45d9-aa7d-4262bbd71717/datanode-2/data/ratis/9e6eef32-60bd-4266-991d-9480b9302252/sm/snapshot.1_0
2023-05-08 09:35:47,370 [Listener at 127.0.0.1/38037] INFO  server.AbstractConnector (AbstractConnector.java:doStop(383)) - Stopped ServerConnector@9a6e76f{HTTP/1.1, (http/1.1)}{0.0.0.0:0}
2023-05-08 09:35:47,370 [Listener at 127.0.0.1/38037] INFO  server.session (HouseKeeper.java:stopScavenging(149)) - node0 Stopped scavenging
2023-05-08 09:35:47,370 [Listener at 127.0.0.1/38037] INFO  handler.ContextHandler (ContextHandler.java:doStop(1159)) - Stopped o.e.j.s.ServletContextHandler@66485675{static,/static,jar:file:/home/runner/.m2/repository/org/apache/ozone/hdds-container-service/1.4.0-SNAPSHOT/hdds-container-service-1.4.0-SNAPSHOT.jar!/webapps/static,STOPPED}
2023-05-08 09:35:47,371 [Listener at 127.0.0.1/38037] INFO  handler.ContextHandler (ContextHandler.java:doStop(1159)) - Stopped o.e.j.s.ServletContextHandler@7f9ea87b{logs,/logs,file:///home/runner/work/ozone/ozone/hadoop-ozone/integration-test/target/log,STOPPED}
2023-05-08 09:35:47,371 [3357f25e-fda2-4cb8-acb0-e93af4f54e63@group-68E7495FD306-SegmentedRaftLogWorker] INFO  segmented.SegmentedRaftLogWorker (SegmentedRaftLogWorker.java:run(347)) - 3357f25e-fda2-4cb8-acb0-e93af4f54e63@group-68E7495FD306-SegmentedRaftLogWorker was interrupted, exiting. There are 0 tasks remaining in the queue.
2023-05-08 09:35:47,373 [ForkJoinPool.commonPool-worker-0] INFO  server.GrpcService (GrpcService.java:closeImpl(271)) - 3357f25e-fda2-4cb8-acb0-e93af4f54e63: shutdown server GrpcServerProtocolService now
2023-05-08 09:35:47,373 [3357f25e-fda2-4cb8-acb0-e93af4f54e63-impl-thread3] INFO  server.RaftServer$Division (RaftServerImpl.java:lambda$close$4(458)) - 3357f25e-fda2-4cb8-acb0-e93af4f54e63@group-B156310CC313: shutdown
2023-05-08 09:35:47,373 [3357f25e-fda2-4cb8-acb0-e93af4f54e63-impl-thread3] INFO  util.JmxRegister (JmxRegister.java:unregister(73)) - Successfully un-registered JMX Bean with object name Ratis:service=RaftServer,group=group-B156310CC313,id=3357f25e-fda2-4cb8-acb0-e93af4f54e63
2023-05-08 09:35:47,373 [3357f25e-fda2-4cb8-acb0-e93af4f54e63@group-9480B9302252-StateMachineUpdater] INFO  ratis.ContainerStateMachine (ContainerStateMachine.java:takeSnapshot(341)) - group-9480B9302252: Finished taking a snapshot at:(t:1, i:0) file:/home/runner/work/ozone/ozone/hadoop-ozone/integration-test/target/test-dir/MiniOzoneClusterImpl-be56a2d2-96e4-45d9-aa7d-4262bbd71717/datanode-2/data/ratis/9e6eef32-60bd-4266-991d-9480b9302252/sm/snapshot.1_0 took: 4 ms
2023-05-08 09:35:47,374 [3357f25e-fda2-4cb8-acb0-e93af4f54e63@group-9480B9302252-StateMachineUpdater] INFO  impl.StateMachineUpdater (StateMachineUpdater.java:takeSnapshot(287)) - 3357f25e-fda2-4cb8-acb0-e93af4f54e63@group-9480B9302252-StateMachineUpdater: Took a snapshot at index 0
2023-05-08 09:35:47,374 [3357f25e-fda2-4cb8-acb0-e93af4f54e63@group-9480B9302252-StateMachineUpdater] INFO  impl.StateMachineUpdater (StateMachineUpdater.java:lambda$new$0(92)) - 3357f25e-fda2-4cb8-acb0-e93af4f54e63@group-9480B9302252-StateMachineUpdater: snapshotIndex: updateIncreasingly -1 -> 0
2023-05-08 09:35:47,374 [3357f25e-fda2-4cb8-acb0-e93af4f54e63-impl-thread2] INFO  server.RaftServer$Division (ServerState.java:close(466)) - 3357f25e-fda2-4cb8-acb0-e93af4f54e63@group-9480B9302252: closes. applyIndex: 0
2023-05-08 09:35:47,373 [3357f25e-fda2-4cb8-acb0-e93af4f54e63-impl-thread3] INFO  impl.RoleInfo (RoleInfo.java:shutdownFollowerState(110)) - 3357f25e-fda2-4cb8-acb0-e93af4f54e63: shutdown 3357f25e-fda2-4cb8-acb0-e93af4f54e63@group-B156310CC313-FollowerState
2023-05-08 09:35:47,374 [ForkJoinPool.commonPool-worker-0] INFO  server.GrpcServerProtocolClient (GrpcServerProtocolClient.java:close(101)) - add4e6bd-fcc9-465d-bef9-bed764a13d1e Close channels
2023-05-08 09:35:47,376 [3357f25e-fda2-4cb8-acb0-e93af4f54e63@group-B156310CC313-StateMachineUpdater] INFO  ratis.ContainerStateMachine (ContainerStateMachine.java:takeSnapshot(330)) - group-B156310CC313: Taking a snapshot at:(t:1, i:0) file /home/runner/work/ozone/ozone/hadoop-ozone/integration-test/target/test-dir/MiniOzoneClusterImpl-be56a2d2-96e4-45d9-aa7d-4262bbd71717/datanode-2/data/ratis/33ff71bb-ea09-45cc-98c3-b156310cc313/sm/snapshot.1_0
2023-05-08 09:35:47,376 [3357f25e-fda2-4cb8-acb0-e93af4f54e63@group-B156310CC313-FollowerState] INFO  impl.FollowerState (FollowerState.java:run(152)) - 3357f25e-fda2-4cb8-acb0-e93af4f54e63@group-B156310CC313-FollowerState was interrupted
2023-05-08 09:35:47,374 [3357f25e-fda2-4cb8-acb0-e93af4f54e63@group-9480B9302252-SegmentedRaftLogWorker] INFO  segmented.SegmentedRaftLogWorker (SegmentedRaftLogWorker.java:run(347)) - 3357f25e-fda2-4cb8-acb0-e93af4f54e63@group-9480B9302252-SegmentedRaftLogWorker was interrupted, exiting. There are 0 tasks remaining in the queue.
2023-05-08 09:35:47,374 [3357f25e-fda2-4cb8-acb0-e93af4f54e63-impl-thread1] INFO  segmented.SegmentedRaftLogWorker (SegmentedRaftLogWorker.java:close(257)) - 3357f25e-fda2-4cb8-acb0-e93af4f54e63@group-68E7495FD306-SegmentedRaftLogWorker close()
2023-05-08 09:35:47,376 [3357f25e-fda2-4cb8-acb0-e93af4f54e63-impl-thread3] INFO  impl.StateMachineUpdater (StateMachineUpdater.java:stopAndJoin(153)) - 3357f25e-fda2-4cb8-acb0-e93af4f54e63@group-B156310CC313-StateMachineUpdater: set stopIndex = 0
2023-05-08 09:35:47,380 [3357f25e-fda2-4cb8-acb0-e93af4f54e63-impl-thread2] INFO  segmented.SegmentedRaftLogWorker (SegmentedRaftLogWorker.java:close(257)) - 3357f25e-fda2-4cb8-acb0-e93af4f54e63@group-9480B9302252-SegmentedRaftLogWorker close()
2023-05-08 09:35:47,379 [3357f25e-fda2-4cb8-acb0-e93af4f54e63@group-B156310CC313-StateMachineUpdater] INFO  ratis.ContainerStateMachine (ContainerStateMachine.java:takeSnapshot(341)) - group-B156310CC313: Finished taking a snapshot at:(t:1, i:0) file:/home/runner/work/ozone/ozone/hadoop-ozone/integration-test/target/test-dir/MiniOzoneClusterImpl-be56a2d2-96e4-45d9-aa7d-4262bbd71717/datanode-2/data/ratis/33ff71bb-ea09-45cc-98c3-b156310cc313/sm/snapshot.1_0 took: 4 ms
2023-05-08 09:35:47,378 [ForkJoinPool.commonPool-worker-0] INFO  server.GrpcServerProtocolClient (GrpcServerProtocolClient.java:close(101)) - 3e648b14-2e89-4337-9925-6e41fa74934b Close channels
2023-05-08 09:35:47,382 [3357f25e-fda2-4cb8-acb0-e93af4f54e63@group-B156310CC313-StateMachineUpdater] INFO  impl.StateMachineUpdater (StateMachineUpdater.java:takeSnapshot(287)) - 3357f25e-fda2-4cb8-acb0-e93af4f54e63@group-B156310CC313-StateMachineUpdater: Took a snapshot at index 0
2023-05-08 09:35:47,382 [3357f25e-fda2-4cb8-acb0-e93af4f54e63@group-B156310CC313-StateMachineUpdater] INFO  impl.StateMachineUpdater (StateMachineUpdater.java:lambda$new$0(92)) - 3357f25e-fda2-4cb8-acb0-e93af4f54e63@group-B156310CC313-StateMachineUpdater: snapshotIndex: updateIncreasingly -1 -> 0
2023-05-08 09:35:47,382 [ForkJoinPool.commonPool-worker-0] INFO  server.GrpcService (GrpcService.java:closeImpl(280)) - 3357f25e-fda2-4cb8-acb0-e93af4f54e63: shutdown server GrpcServerProtocolService successfully
2023-05-08 09:35:47,382 [3357f25e-fda2-4cb8-acb0-e93af4f54e63-NettyServerStreamRpc-bossGroup--thread1] INFO  logging.LoggingHandler (AbstractInternalLogger.java:log(148)) - [id: 0x794492df, L:/0:0:0:0:0:0:0:0:42755] CLOSE
2023-05-08 09:35:47,382 [3357f25e-fda2-4cb8-acb0-e93af4f54e63-NettyServerStreamRpc-bossGroup--thread1] INFO  logging.LoggingHandler (AbstractInternalLogger.java:log(148)) - [id: 0x794492df, L:/0:0:0:0:0:0:0:0:42755] INACTIVE
2023-05-08 09:35:47,382 [3357f25e-fda2-4cb8-acb0-e93af4f54e63-NettyServerStreamRpc-bossGroup--thread1] INFO  logging.LoggingHandler (AbstractInternalLogger.java:log(148)) - [id: 0x794492df, L:/0:0:0:0:0:0:0:0:42755] UNREGISTERED
2023-05-08 09:35:47,383 [3357f25e-fda2-4cb8-acb0-e93af4f54e63-impl-thread3] INFO  server.RaftServer$Division (ServerState.java:close(466)) - 3357f25e-fda2-4cb8-acb0-e93af4f54e63@group-B156310CC313: closes. applyIndex: 0
2023-05-08 09:35:47,388 [3357f25e-fda2-4cb8-acb0-e93af4f54e63@group-B156310CC313-SegmentedRaftLogWorker] INFO  segmented.SegmentedRaftLogWorker (SegmentedRaftLogWorker.java:run(347)) - 3357f25e-fda2-4cb8-acb0-e93af4f54e63@group-B156310CC313-SegmentedRaftLogWorker was interrupted, exiting. There are 0 tasks remaining in the queue.
2023-05-08 09:35:47,389 [3357f25e-fda2-4cb8-acb0-e93af4f54e63-impl-thread3] INFO  segmented.SegmentedRaftLogWorker (SegmentedRaftLogWorker.java:close(257)) - 3357f25e-fda2-4cb8-acb0-e93af4f54e63@group-B156310CC313-SegmentedRaftLogWorker close()
2023-05-08 09:35:47,392 [JvmPauseMonitor19] INFO  util.JvmPauseMonitor (JvmPauseMonitor.java:run(111)) - JvmPauseMonitor-3357f25e-fda2-4cb8-acb0-e93af4f54e63: Stopped
2023-05-08 09:35:49,396 [ForkJoinPool.commonPool-worker-0] INFO  volume.HddsVolume (HddsVolume.java:closeDbStore(437)) - SchemaV3 db is stopped at /home/runner/work/ozone/ozone/hadoop-ozone/integration-test/target/test-dir/MiniOzoneClusterImpl-be56a2d2-96e4-45d9-aa7d-4262bbd71717/datanode-2/data-0/containers/hdds/be56a2d2-96e4-45d9-aa7d-4262bbd71717/DS-93e6ff24-773c-4aa1-a89f-95307bb97fdb/container.db for volume DS-93e6ff24-773c-4aa1-a89f-95307bb97fdb
2023-05-08 09:35:49,397 [ForkJoinPool.commonPool-worker-0] INFO  utils.BackgroundService (BackgroundService.java:shutdown(141)) - Shutting down service BlockDeletingService
2023-05-08 09:35:49,398 [ForkJoinPool.commonPool-worker-0] INFO  utils.BackgroundService (BackgroundService.java:shutdown(141)) - Shutting down service StaleRecoveringContainerScrubbingService
2023-05-08 09:35:49,399 [ForkJoinPool.commonPool-worker-0] INFO  statemachine.DatanodeStateMachine (DatanodeStateMachine.java:stopDaemon(608)) - Ozone container server stopped.
2023-05-08 09:35:49,408 [ForkJoinPool.commonPool-worker-0] INFO  handler.ContextHandler (ContextHandler.java:doStop(1159)) - Stopped o.e.j.w.WebAppContext@3678ace{hddsDatanode,/,null,STOPPED}{jar:file:/home/runner/.m2/repository/org/apache/ozone/hdds-container-service/1.4.0-SNAPSHOT/hdds-container-service-1.4.0-SNAPSHOT.jar!/webapps/hddsDatanode}
2023-05-08 09:35:49,408 [ForkJoinPool.commonPool-worker-0] INFO  server.AbstractConnector (AbstractConnector.java:doStop(383)) - Stopped ServerConnector@1a8ac24b{HTTP/1.1, (http/1.1)}{0.0.0.0:0}
2023-05-08 09:35:49,408 [ForkJoinPool.commonPool-worker-0] INFO  server.session (HouseKeeper.java:stopScavenging(149)) - node0 Stopped scavenging
2023-05-08 09:35:49,409 [ForkJoinPool.commonPool-worker-0] INFO  handler.ContextHandler (ContextHandler.java:doStop(1159)) - Stopped o.e.j.s.ServletContextHandler@126f0484{static,/static,jar:file:/home/runner/.m2/repository/org/apache/ozone/hdds-container-service/1.4.0-SNAPSHOT/hdds-container-service-1.4.0-SNAPSHOT.jar!/webapps/static,STOPPED}
2023-05-08 09:35:49,410 [ForkJoinPool.commonPool-worker-0] INFO  handler.ContextHandler (ContextHandler.java:doStop(1159)) - Stopped o.e.j.s.ServletContextHandler@2202cc5a{logs,/logs,file:///home/runner/work/ozone/ozone/hadoop-ozone/integration-test/target/log,STOPPED}
2023-05-08 09:35:49,413 [Listener at 127.0.0.1/38037] INFO  ozone.MiniOzoneClusterImpl (MiniOzoneClusterImpl.java:stopSCM(554)) - Stopping the StorageContainerManager
2023-05-08 09:35:49,413 [Listener at 127.0.0.1/38037] INFO  server.StorageContainerManager (StorageContainerManager.java:stop(1578)) - Container Balancer is not running.
2023-05-08 09:35:49,413 [Listener at 127.0.0.1/38037] INFO  server.StorageContainerManager (StorageContainerManager.java:stopReplicationManager(1709)) - Stopping Replication Manager Service.
2023-05-08 09:35:49,413 [Listener at 127.0.0.1/38037] INFO  replication.ReplicationManager (ReplicationManager.java:stop(326)) - Stopping Replication Monitor Thread.
2023-05-08 09:35:49,413 [Listener at 127.0.0.1/38037] INFO  server.StorageContainerManager (StorageContainerManager.java:stop(1587)) - Stopping the Datanode Admin Monitor.
2023-05-08 09:35:49,413 [Listener at 127.0.0.1/38037] INFO  server.StorageContainerManager (StorageContainerManager.java:stop(1594)) - Stopping datanode service RPC server
2023-05-08 09:35:49,414 [Listener at 127.0.0.1/38037] INFO  server.SCMDatanodeProtocolServer (SCMDatanodeProtocolServer.java:stop(424)) - Stopping the RPC server for DataNodes
2023-05-08 09:35:49,414 [Listener at 127.0.0.1/38037] INFO  ipc.Server (Server.java:stop(3501)) - Stopping server on 42721
2023-05-08 09:35:49,414 [Under Replicated Processor] WARN  replication.UnhealthyReplicationProcessor (UnhealthyReplicationProcessor.java:run(167)) - Under Replicated Processor interrupted. Exiting...
2023-05-08 09:35:49,414 [Over Replicated Processor] WARN  replication.UnhealthyReplicationProcessor (UnhealthyReplicationProcessor.java:run(167)) - Over Replicated Processor interrupted. Exiting...
2023-05-08 09:35:49,414 [ReplicationMonitor] INFO  replication.ReplicationManager (ReplicationManager.java:run(937)) - Replication Monitor Thread is stopped
2023-05-08 09:35:49,415 [IPC Server Responder] INFO  ipc.Server (Server.java:run(1563)) - Stopping IPC Server Responder
2023-05-08 09:35:49,415 [IPC Server listener on 0] INFO  ipc.Server (Server.java:run(1430)) - Stopping IPC Server listener on 0
2023-05-08 09:35:49,514 [SCM Heartbeat Processing Thread - 0] WARN  node.NodeStateManager (NodeStateManager.java:scheduleNextHealthCheck(870)) - Current Thread is interrupted, shutting down HB processing thread for Node Manager.
2023-05-08 09:35:49,514 [Listener at 127.0.0.1/38037] INFO  server.StorageContainerManager (StorageContainerManager.java:stop(1602)) - Stopping block service RPC server
2023-05-08 09:35:49,515 [Listener at 127.0.0.1/38037] INFO  server.SCMBlockProtocolServer (SCMBlockProtocolServer.java:stop(161)) - Stopping the RPC server for Block Protocol
2023-05-08 09:35:49,515 [Listener at 127.0.0.1/38037] INFO  ipc.Server (Server.java:stop(3501)) - Stopping server on 44545
2023-05-08 09:35:49,518 [IPC Server Responder] INFO  ipc.Server (Server.java:run(1563)) - Stopping IPC Server Responder
2023-05-08 09:35:49,518 [IPC Server listener on 0] INFO  ipc.Server (Server.java:run(1430)) - Stopping IPC Server listener on 0
2023-05-08 09:35:49,519 [Listener at 127.0.0.1/38037] INFO  server.StorageContainerManager (StorageContainerManager.java:stop(1609)) - Stopping the StorageContainerLocationProtocol RPC server
2023-05-08 09:35:49,519 [Listener at 127.0.0.1/38037] INFO  server.SCMClientProtocolServer (SCMClientProtocolServer.java:stop(208)) - Stopping the RPC server for Client Protocol
2023-05-08 09:35:49,519 [Listener at 127.0.0.1/38037] INFO  ipc.Server (Server.java:stop(3501)) - Stopping server on 36165
2023-05-08 09:35:49,520 [IPC Server Responder] INFO  ipc.Server (Server.java:run(1563)) - Stopping IPC Server Responder
2023-05-08 09:35:49,521 [IPC Server listener on 0] INFO  ipc.Server (Server.java:run(1430)) - Stopping IPC Server listener on 0
2023-05-08 09:35:49,521 [Listener at 127.0.0.1/38037] INFO  server.StorageContainerManager (StorageContainerManager.java:stop(1616)) - Stopping Storage Container Manager HTTP server.
2023-05-08 09:35:49,522 [Listener at 127.0.0.1/38037] INFO  handler.ContextHandler (ContextHandler.java:doStop(1159)) - Stopped o.e.j.w.WebAppContext@7f278751{scm,/,null,STOPPED}{file:/home/runner/work/ozone/ozone/hadoop-ozone/integration-test/target/test-classes/webapps/scm}
2023-05-08 09:35:49,523 [Listener at 127.0.0.1/38037] INFO  server.AbstractConnector (AbstractConnector.java:doStop(383)) - Stopped ServerConnector@4b442773{HTTP/1.1, (http/1.1)}{0.0.0.0:0}
2023-05-08 09:35:49,524 [Listener at 127.0.0.1/38037] INFO  server.session (HouseKeeper.java:stopScavenging(149)) - node0 Stopped scavenging
2023-05-08 09:35:49,524 [Listener at 127.0.0.1/38037] INFO  handler.ContextHandler (ContextHandler.java:doStop(1159)) - Stopped o.e.j.s.ServletContextHandler@3ede3fc6{static,/static,file:///home/runner/work/ozone/ozone/hadoop-ozone/integration-test/target/test-classes/webapps/static,STOPPED}
2023-05-08 09:35:49,524 [Listener at 127.0.0.1/38037] INFO  handler.ContextHandler (ContextHandler.java:doStop(1159)) - Stopped o.e.j.s.ServletContextHandler@558b9ab7{logs,/logs,file:///home/runner/work/ozone/ozone/hadoop-ozone/integration-test/target/log,STOPPED}
2023-05-08 09:35:49,527 [Listener at 127.0.0.1/38037] INFO  server.StorageContainerManager (StorageContainerManager.java:stop(1624)) - Stopping SCM LayoutVersionManager Service.
2023-05-08 09:35:49,527 [Listener at 127.0.0.1/38037] INFO  server.StorageContainerManager (StorageContainerManager.java:stop(1632)) - Stopping Block Manager Service.
2023-05-08 09:35:49,527 [Listener at 127.0.0.1/38037] INFO  utils.BackgroundService (BackgroundService.java:shutdown(141)) - Shutting down service SCMBlockDeletingService
2023-05-08 09:35:49,527 [Listener at 127.0.0.1/38037] INFO  utils.BackgroundService (BackgroundService.java:shutdown(141)) - Shutting down service SCMBlockDeletingService
2023-05-08 09:35:49,527 [Listener at 127.0.0.1/38037] INFO  server.StorageContainerManager (StorageContainerManager.java:stop(1654)) - Stopping SCM Event Queue.
2023-05-08 09:35:49,529 [Listener at 127.0.0.1/38037] INFO  server.StorageContainerManager (StorageContainerManager.java:stop(1665)) - Stopping SCM HA services.
2023-05-08 09:35:49,529 [Listener at 127.0.0.1/38037] INFO  pipeline.BackgroundPipelineCreator (BackgroundPipelineCreator.java:stop(149)) - Stopping RatisPipelineUtilsThread.
2023-05-08 09:35:49,529 [RatisPipelineUtilsThread - 0] WARN  pipeline.BackgroundPipelineCreator (BackgroundPipelineCreator.java:run(180)) - RatisPipelineUtilsThread is interrupted.
2023-05-08 09:35:49,530 [BackgroundPipelineScrubberThread] WARN  BackgroundPipelineScrubber (BackgroundSCMService.java:run(115)) - BackgroundPipelineScrubber is interrupted, exit
2023-05-08 09:35:49,530 [Listener at 127.0.0.1/38037] INFO  BackgroundPipelineScrubber (BackgroundSCMService.java:stop(131)) - Stopping BackgroundPipelineScrubber Service.
2023-05-08 09:35:49,530 [Listener at 127.0.0.1/38037] INFO  impl.MetricsSystemImpl (MetricsSystemImpl.java:stop(210)) - Stopping HddsDatanode metrics system...
2023-05-08 09:35:49,531 [prometheus] INFO  impl.MetricsSinkAdapter (MetricsSinkAdapter.java:publishMetricsFromQueue(141)) - prometheus thread interrupted.
2023-05-08 09:35:49,531 [Listener at 127.0.0.1/38037] INFO  impl.MetricsSystemImpl (MetricsSystemImpl.java:stop(216)) - HddsDatanode metrics system stopped.
2023-05-08 09:35:49,531 [Listener at 127.0.0.1/38037] WARN  pipeline.BackgroundPipelineCreator (BackgroundPipelineCreator.java:stop(145)) - RatisPipelineUtilsThread is not running, just ignore.
2023-05-08 09:35:49,531 [Listener at 127.0.0.1/38037] INFO  BackgroundPipelineScrubber (BackgroundSCMService.java:stop(126)) - BackgroundPipelineScrubber Service is not running, skip stop.
2023-05-08 09:35:49,531 [ExpiredContainerReplicaOpScrubberThread] WARN  ExpiredContainerReplicaOpScrubber (BackgroundSCMService.java:run(115)) - ExpiredContainerReplicaOpScrubber is interrupted, exit
2023-05-08 09:35:49,531 [Listener at 127.0.0.1/38037] INFO  ExpiredContainerReplicaOpScrubber (BackgroundSCMService.java:stop(131)) - Stopping ExpiredContainerReplicaOpScrubber Service.
2023-05-08 09:35:49,531 [Listener at 127.0.0.1/38037] INFO  utils.BackgroundService (BackgroundService.java:shutdown(141)) - Shutting down service SCMBlockDeletingService
2023-05-08 09:35:49,532 [Listener at 127.0.0.1/38037] INFO  replication.ReplicationManager (ReplicationManager.java:stop(336)) - Replication Monitor Thread is not running.
2023-05-08 09:35:49,532 [Listener at 127.0.0.1/38037] WARN  balancer.ContainerBalancer (ContainerBalancer.java:stop(324)) - Cannot stop Container Balancer because it's not running or stopping
2023-05-08 09:35:49,532 [Listener at 127.0.0.1/38037] INFO  server.StorageContainerManager (StorageContainerManager.java:stop(1700)) - Stopping SCM MetadataStore.
2023-05-08 09:35:49,550 [Listener at 127.0.0.1/38037] WARN  server.ServerUtils (ServerUtils.java:getScmDbDir(148)) - ozone.scm.db.dirs is not configured. We recommend adding this setting. Falling back to ozone.metadata.dirs instead.
2023-05-08 09:35:49,553 [Listener at 127.0.0.1/38037] WARN  server.ServerUtils (ServerUtils.java:getScmDbDir(148)) - ozone.scm.db.dirs is not configured. We recommend adding this setting. Falling back to ozone.metadata.dirs instead.
2023-05-08 09:35:49,553 [Listener at 127.0.0.1/38037] INFO  ha.SCMHANodeDetails (SCMHANodeDetails.java:loadSCMHAConfig(209)) - ServiceID for StorageContainerManager is null
2023-05-08 09:35:49,553 [Listener at 127.0.0.1/38037] INFO  ha.SCMHANodeDetails (SCMHANodeDetails.java:loadSCMHAConfig(214)) - ozone.scm.default.service.id is not defined, falling back to ozone.scm.service.ids to find serviceID for StorageContainerManager if it is HA enabled cluster
2023-05-08 09:35:49,554 [Listener at 127.0.0.1/38037] WARN  utils.HAUtils (HAUtils.java:getMetaDir(350)) - ozone.scm.db.dirs is not configured. We recommend adding this setting. Falling back to ozone.metadata.dirs instead.
2023-05-08 09:35:49,554 [Listener at 127.0.0.1/38037] WARN  db.DBStoreBuilder (DBStoreBuilder.java:applyDBDefinition(164)) - ozone.scm.db.dirs is not configured. We recommend adding this setting. Falling back to ozone.metadata.dirs instead.
2023-05-08 09:35:49,658 [Listener at 127.0.0.1/38037] INFO  net.NodeSchemaLoader (NodeSchemaLoader.java:loadSchemaFromFile(129)) - Loading schema from [jar:file:/home/runner/.m2/repository/org/apache/ozone/hdds-common/1.4.0-SNAPSHOT/hdds-common-1.4.0-SNAPSHOT.jar!/network-topology-default.xml]
2023-05-08 09:35:49,658 [Listener at 127.0.0.1/38037] INFO  net.NodeSchemaLoader (NodeSchemaLoader.java:loadSchema(176)) - Loading network topology layer schema file
2023-05-08 09:35:49,660 [Listener at 127.0.0.1/38037] INFO  upgrade.AbstractLayoutVersionManager (AbstractLayoutVersionManager.java:init(83)) - Initializing Layout version manager with metadata layout = WEBUI_PORTS_IN_DATANODEDETAILS (version = 6), software layout = WEBUI_PORTS_IN_DATANODEDETAILS (version = 6)
2023-05-08 09:35:49,707 [Listener at 127.0.0.1/38037] INFO  reflections.Reflections (Reflections.java:scan(232)) - Reflections took 45 ms to scan 7 urls, producing 156 keys and 369 values 
2023-05-08 09:35:49,710 [Listener at 127.0.0.1/38037] INFO  ha.SequenceIdGenerator (SequenceIdGenerator.java:upgradeToSequenceId(349)) - upgrade localId to 111677748019200000
2023-05-08 09:35:49,710 [Listener at 127.0.0.1/38037] INFO  ha.SequenceIdGenerator (SequenceIdGenerator.java:upgradeToSequenceId(359)) - upgrade delTxnId to 0
2023-05-08 09:35:49,710 [Listener at 127.0.0.1/38037] INFO  ha.SequenceIdGenerator (SequenceIdGenerator.java:upgradeToSequenceId(376)) - upgrade containerId to 0
2023-05-08 09:35:49,710 [Listener at 127.0.0.1/38037] INFO  ha.SequenceIdGenerator (SequenceIdGenerator.java:<init>(220)) - Init the HA SequenceIdGenerator.
2023-05-08 09:35:49,710 [Listener at 127.0.0.1/38037] WARN  server.ServerUtils (ServerUtils.java:sanitizeUserArgs(73)) - ozone.scm.stale.node.interval value = 300000 is larger than max = 100000 based on the key value of ozone.scm.heartbeat.thread.interval, reset to the max value 100000.
2023-05-08 09:35:49,711 [Listener at 127.0.0.1/38037] WARN  server.ServerUtils (ServerUtils.java:sanitizeUserArgs(73)) - ozone.scm.stale.node.interval value = 300000 is larger than max = 100000 based on the key value of ozone.scm.heartbeat.thread.interval, reset to the max value 100000.
2023-05-08 09:35:49,711 [Listener at 127.0.0.1/38037] INFO  node.SCMNodeManager (SCMNodeManager.java:<init>(159)) - Entering startup safe mode.
2023-05-08 09:35:49,711 [Listener at 127.0.0.1/38037] INFO  algorithms.ContainerPlacementPolicyFactory (ContainerPlacementPolicyFactory.java:getPolicyInternal(86)) - Create container placement policy of type org.apache.hadoop.hdds.scm.container.placement.algorithms.SCMContainerPlacementRackAware
2023-05-08 09:35:49,711 [Listener at 127.0.0.1/38037] INFO  algorithms.ContainerPlacementPolicyFactory (ContainerPlacementPolicyFactory.java:getPolicyInternal(86)) - Create container placement policy of type org.apache.hadoop.hdds.scm.container.placement.algorithms.SCMContainerPlacementRackScatter
2023-05-08 09:35:49,711 [Listener at 127.0.0.1/38037] INFO  pipeline.PipelineStateManagerImpl (PipelineStateManagerImpl.java:initialize(78)) - No pipeline exists in current db
2023-05-08 09:35:49,712 [Listener at 127.0.0.1/38037] INFO  algorithms.LeaderChoosePolicyFactory (LeaderChoosePolicyFactory.java:getPolicy(57)) - Create leader choose policy of type org.apache.hadoop.hdds.scm.pipeline.leader.choose.algorithms.MinLeaderCountChoosePolicy
2023-05-08 09:35:49,712 [Listener at 127.0.0.1/38037] INFO  algorithms.ContainerPlacementPolicyFactory (ContainerPlacementPolicyFactory.java:getPolicyInternal(86)) - Create container placement policy of type org.apache.hadoop.hdds.scm.container.placement.algorithms.SCMContainerPlacementRackScatter
2023-05-08 09:35:49,712 [Listener at 127.0.0.1/38037] INFO  ha.SCMServiceManager (SCMServiceManager.java:register(42)) - Registering service BackgroundPipelineCreator.
2023-05-08 09:35:49,712 [Listener at 127.0.0.1/38037] INFO  pipeline.BackgroundPipelineCreator (BackgroundPipelineCreator.java:start(124)) - Starting RatisPipelineUtilsThread.
2023-05-08 09:35:49,712 [Listener at 127.0.0.1/38037] INFO  BackgroundPipelineScrubber (BackgroundSCMService.java:start(68)) - Starting BackgroundPipelineScrubber Service.
2023-05-08 09:35:49,712 [Listener at 127.0.0.1/38037] INFO  ha.SCMServiceManager (SCMServiceManager.java:register(42)) - Registering service BackgroundPipelineScrubber.
2023-05-08 09:35:49,712 [Listener at 127.0.0.1/38037] INFO  ExpiredContainerReplicaOpScrubber (BackgroundSCMService.java:start(68)) - Starting ExpiredContainerReplicaOpScrubber Service.
2023-05-08 09:35:49,713 [Listener at 127.0.0.1/38037] INFO  ha.SCMServiceManager (SCMServiceManager.java:register(42)) - Registering service ExpiredContainerReplicaOpScrubber.
2023-05-08 09:35:49,715 [Listener at 127.0.0.1/38037] INFO  algorithms.PipelineChoosePolicyFactory (PipelineChoosePolicyFactory.java:createPipelineChoosePolicyFromClass(73)) - Create pipeline choose policy of type org.apache.hadoop.hdds.scm.pipeline.choose.algorithms.RandomPipelineChoosePolicy
2023-05-08 09:35:49,716 [Listener at 127.0.0.1/38037] INFO  ha.SCMServiceManager (SCMServiceManager.java:register(42)) - Registering service SCMBlockDeletingService.
2023-05-08 09:35:49,716 [Listener at 127.0.0.1/38037] INFO  replication.ReplicationManager (ReplicationManager.java:start(293)) - Starting Replication Monitor Thread.
2023-05-08 09:35:49,717 [Listener at 127.0.0.1/38037] INFO  ha.SCMServiceManager (SCMServiceManager.java:register(42)) - Registering service ReplicationManager.
2023-05-08 09:35:49,717 [Listener at 127.0.0.1/38037] INFO  safemode.ContainerSafeModeRule (ContainerSafeModeRule.java:<init>(89)) - containers with one replica threshold count 0
2023-05-08 09:35:49,717 [Listener at 127.0.0.1/38037] INFO  safemode.HealthyPipelineSafeModeRule (HealthyPipelineSafeModeRule.java:initializeRule(169)) - Total pipeline count is 0, healthy pipeline threshold count is 1
2023-05-08 09:35:49,717 [Listener at 127.0.0.1/38037] INFO  safemode.OneReplicaPipelineSafeModeRule (OneReplicaPipelineSafeModeRule.java:initializeRule(180)) - Total pipeline count is 0, pipeline's with at least one datanode reported threshold count is 0
2023-05-08 09:35:49,720 [ReplicationMonitor] INFO  replication.ReplicationManager (ReplicationManager.java:processAll(368)) - Replication Manager is not ready to run until 3000ms after safemode exit
2023-05-08 09:35:49,720 [Listener at 127.0.0.1/38037] INFO  server.StorageContainerManager (StorageContainerManager.java:<init>(403)) - SCM start with adminUsers: [adminUser1, adminUser2, runner]
2023-05-08 09:35:49,721 [Listener at 127.0.0.1/38037] INFO  ipc.CallQueueManager (CallQueueManager.java:<init>(90)) - Using callQueue: class java.util.concurrent.LinkedBlockingQueue, queueCapacity: 2000, scheduler: class org.apache.hadoop.ipc.DefaultRpcScheduler, ipcBackoff: false.
2023-05-08 09:35:49,721 [Socket Reader #1 for port 0] INFO  ipc.Server (Server.java:run(1319)) - Starting Socket Reader #1 for port 0
2023-05-08 09:35:49,722 [Listener at 0.0.0.0/46761] INFO  ipc.CallQueueManager (CallQueueManager.java:<init>(90)) - Using callQueue: class java.util.concurrent.LinkedBlockingQueue, queueCapacity: 2000, scheduler: class org.apache.hadoop.ipc.DefaultRpcScheduler, ipcBackoff: false.
2023-05-08 09:35:49,723 [Socket Reader #1 for port 0] INFO  ipc.Server (Server.java:run(1319)) - Starting Socket Reader #1 for port 0
2023-05-08 09:35:49,723 [Listener at 0.0.0.0/39449] INFO  ipc.CallQueueManager (CallQueueManager.java:<init>(90)) - Using callQueue: class java.util.concurrent.LinkedBlockingQueue, queueCapacity: 2000, scheduler: class org.apache.hadoop.ipc.DefaultRpcScheduler, ipcBackoff: false.
2023-05-08 09:35:49,724 [Socket Reader #1 for port 0] INFO  ipc.Server (Server.java:run(1319)) - Starting Socket Reader #1 for port 0
2023-05-08 09:35:49,727 [Listener at 0.0.0.0/39525] INFO  ha.SCMServiceManager (SCMServiceManager.java:register(42)) - Registering service ContainerBalancer.
2023-05-08 09:35:49,727 [Listener at 0.0.0.0/39525] INFO  server.StorageContainerManager (StorageContainerManager.java:<init>(420)) - 
Container Balancer status:
Key                            Value
Running                        false
Container Balancer Configuration values:
Key                                                Value
Threshold                                          10
Max Datanodes to Involve per Iteration(percent)    20
Max Size to Move per Iteration                     500GB
Max Size Entering Target per Iteration             26GB
Max Size Leaving Source per Iteration              26GB

2023-05-08 09:35:49,727 [Listener at 0.0.0.0/39525] INFO  ha.SCMContext (SCMContext.java:updateSafeModeStatus(228)) - Update SafeModeStatus from SafeModeStatus{safeModeStatus=true, preCheckPassed=false} to SafeModeStatus{safeModeStatus=true, preCheckPassed=false}.
2023-05-08 09:35:49,727 [Listener at 0.0.0.0/39525] INFO  server.StorageContainerManager (StorageContainerManager.java:start(1477)) - StorageContainerLocationProtocol RPC server is listening at /0.0.0.0:39525
2023-05-08 09:35:49,729 [Listener at 0.0.0.0/39525] WARN  impl.MetricsConfig (MetricsConfig.java:loadFirst(136)) - Cannot locate configuration: tried hadoop-metrics2-storagecontainermanager.properties,hadoop-metrics2.properties
2023-05-08 09:35:49,732 [Listener at 0.0.0.0/39525] INFO  impl.MetricsSystemImpl (MetricsSystemImpl.java:startTimer(378)) - Scheduled Metric snapshot period at 10 second(s).
2023-05-08 09:35:49,733 [Listener at 0.0.0.0/39525] INFO  impl.MetricsSystemImpl (MetricsSystemImpl.java:start(191)) - StorageContainerManager metrics system started
2023-05-08 09:35:49,736 [Listener at 0.0.0.0/39525] INFO  impl.MetricsSinkAdapter (MetricsSinkAdapter.java:start(204)) - Sink prometheus started
2023-05-08 09:35:49,736 [Listener at 0.0.0.0/39525] INFO  impl.MetricsSystemImpl (MetricsSystemImpl.java:registerSink(305)) - Registered sink prometheus
2023-05-08 09:35:49,758 [Listener at 0.0.0.0/39525] INFO  server.SCMClientProtocolServer (SCMClientProtocolServer.java:start(199)) - RPC server for Client  is listening at /0.0.0.0:39525
2023-05-08 09:35:49,759 [IPC Server Responder] INFO  ipc.Server (Server.java:run(1558)) - IPC Server Responder: starting
2023-05-08 09:35:49,760 [IPC Server listener on 0] INFO  ipc.Server (Server.java:run(1398)) - IPC Server listener on 0: starting
2023-05-08 09:35:49,769 [Listener at 0.0.0.0/39525] INFO  server.StorageContainerManager (StorageContainerManager.java:start(1491)) - ScmBlockLocationProtocol RPC server is listening at /0.0.0.0:39449
2023-05-08 09:35:49,769 [Listener at 0.0.0.0/39525] INFO  server.SCMBlockProtocolServer (SCMBlockProtocolServer.java:start(152)) - RPC server for Block Protocol is listening at /0.0.0.0:39449
2023-05-08 09:35:49,769 [IPC Server Responder] INFO  ipc.Server (Server.java:run(1558)) - IPC Server Responder: starting
2023-05-08 09:35:49,770 [IPC Server listener on 0] INFO  ipc.Server (Server.java:run(1398)) - IPC Server listener on 0: starting
2023-05-08 09:35:49,772 [Listener at 0.0.0.0/39525] INFO  server.SCMDatanodeProtocolServer (SCMDatanodeProtocolServer.java:start(193)) - ScmDatanodeProtocol RPC server for DataNodes is listening at /0.0.0.0:46761
2023-05-08 09:35:49,772 [IPC Server Responder] INFO  ipc.Server (Server.java:run(1558)) - IPC Server Responder: starting
2023-05-08 09:35:49,772 [IPC Server listener on 0] INFO  ipc.Server (Server.java:run(1398)) - IPC Server listener on 0: starting
2023-05-08 09:35:49,779 [Listener at 0.0.0.0/39525] INFO  http.BaseHttpServer (BaseHttpServer.java:newHttpServer2BuilderForOzone(224)) - Starting Web-server for scm at: http://0.0.0.0:0
2023-05-08 09:35:49,779 [Listener at 0.0.0.0/39525] INFO  http.BaseHttpServer (BaseHttpServer.java:<init>(111)) - Hadoop Security Enabled: false Ozone Security Enabled: false Ozone HTTP Security Enabled: false 
2023-05-08 09:35:49,781 [Listener at 0.0.0.0/39525] WARN  server.AuthenticationFilter (AuthenticationFilter.java:constructSecretProvider(240)) - Unable to initialize FileSignerSecretProvider, falling back to use random secrets. Reason: Could not read signature secret file: /home/runner/hadoop-http-auth-signature-secret
2023-05-08 09:35:49,781 [org.apache.hadoop.util.JvmPauseMonitor$Monitor@79d763ab] INFO  util.JvmPauseMonitor (JvmPauseMonitor.java:run(188)) - Starting JVM pause monitor
2023-05-08 09:35:49,781 [Listener at 0.0.0.0/39525] INFO  http.HttpRequestLog (HttpRequestLog.java:getRequestLog(86)) - Http request log for http.requests.scm is not defined
2023-05-08 09:35:49,782 [Listener at 0.0.0.0/39525] INFO  http.HttpServer2 (HttpServer2.java:addGlobalFilter(1031)) - Added global filter 'safety' (class=org.apache.hadoop.hdds.server.http.HttpServer2$QuotingInputFilter)
2023-05-08 09:35:49,783 [Listener at 0.0.0.0/39525] INFO  http.HttpServer2 (HttpServer2.java:addFilter(1007)) - Added filter static_user_filter (class=org.apache.hadoop.http.lib.StaticUserWebFilter$StaticUserFilter) to context scm
2023-05-08 09:35:49,783 [Listener at 0.0.0.0/39525] INFO  http.HttpServer2 (HttpServer2.java:addFilter(1015)) - Added filter static_user_filter (class=org.apache.hadoop.http.lib.StaticUserWebFilter$StaticUserFilter) to context logs
2023-05-08 09:35:49,783 [Listener at 0.0.0.0/39525] INFO  http.HttpServer2 (HttpServer2.java:addFilter(1015)) - Added filter static_user_filter (class=org.apache.hadoop.http.lib.StaticUserWebFilter$StaticUserFilter) to context static
2023-05-08 09:35:49,783 [Listener at 0.0.0.0/39525] INFO  http.BaseHttpServer (BaseHttpServer.java:<init>(190)) - HTTP server of scm uses base directory /home/runner/work/ozone/ozone/hadoop-ozone/integration-test/target/test-dir/MiniOzoneClusterImpl-8c58255f-3d22-4aeb-98f1-cae2738195f5/ozone-meta/webserver
2023-05-08 09:35:49,783 [Listener at 0.0.0.0/39525] INFO  http.HttpServer2 (HttpServer2.java:bindListener(1250)) - Jetty bound to port 39555
2023-05-08 09:35:49,784 [Listener at 0.0.0.0/39525] INFO  server.Server (Server.java:doStart(375)) - jetty-9.4.51.v20230217; built: 2023-02-17T08:19:37.309Z; git: b45c405e4544384de066f814ed42ae3dceacdd49; jvm 1.8.0_362-b09
2023-05-08 09:35:49,785 [Listener at 0.0.0.0/39525] INFO  server.session (DefaultSessionIdManager.java:doStart(334)) - DefaultSessionIdManager workerName=node0
2023-05-08 09:35:49,785 [Listener at 0.0.0.0/39525] INFO  server.session (DefaultSessionIdManager.java:doStart(339)) - No SessionScavenger set, using defaults
2023-05-08 09:35:49,785 [Listener at 0.0.0.0/39525] INFO  server.session (HouseKeeper.java:startScavenging(132)) - node0 Scavenging every 600000ms
2023-05-08 09:35:49,786 [Listener at 0.0.0.0/39525] INFO  handler.ContextHandler (ContextHandler.java:doStart(921)) - Started o.e.j.s.ServletContextHandler@4e7d6605{logs,/logs,file:///home/runner/work/ozone/ozone/hadoop-ozone/integration-test/target/log,AVAILABLE}
2023-05-08 09:35:49,786 [Listener at 0.0.0.0/39525] INFO  handler.ContextHandler (ContextHandler.java:doStart(921)) - Started o.e.j.s.ServletContextHandler@23ff7022{static,/static,file:///home/runner/work/ozone/ozone/hadoop-ozone/integration-test/target/test-classes/webapps/static,AVAILABLE}
2023-05-08 09:35:49,788 [Listener at 0.0.0.0/39525] INFO  handler.ContextHandler (ContextHandler.java:doStart(921)) - Started o.e.j.w.WebAppContext@47800808{scm,/,file:///home/runner/work/ozone/ozone/hadoop-ozone/integration-test/target/test-classes/webapps/scm/,AVAILABLE}{file:/home/runner/work/ozone/ozone/hadoop-ozone/integration-test/target/test-classes/webapps/scm}
2023-05-08 09:35:49,793 [Listener at 0.0.0.0/39525] INFO  server.AbstractConnector (AbstractConnector.java:doStart(333)) - Started ServerConnector@44327962{HTTP/1.1, (http/1.1)}{0.0.0.0:39555}
2023-05-08 09:35:49,793 [Listener at 0.0.0.0/39525] INFO  server.Server (Server.java:doStart(415)) - Started @157900ms
2023-05-08 09:35:49,793 [Listener at 0.0.0.0/39525] WARN  impl.MetricsSystemImpl (MetricsSystemImpl.java:register(279)) - Sink prometheus already exists!
2023-05-08 09:35:49,794 [Listener at 0.0.0.0/39525] INFO  http.BaseHttpServer (BaseHttpServer.java:updateConnectorAddress(344)) - HTTP server of scm listening at http://0.0.0.0:39555
2023-05-08 09:35:49,794 [Listener at 0.0.0.0/39525] WARN  server.ServerUtils (ServerUtils.java:getDBPath(225)) - ozone.om.db.dirs is not configured. We recommend adding this setting. Falling back to ozone.metadata.dirs instead.
2023-05-08 09:35:49,796 [Listener at 0.0.0.0/39525] INFO  ha.OMHANodeDetails (OMHANodeDetails.java:loadOMHAConfig(115)) - ozone.om.internal.service.id is not defined, falling back to ozone.om.service.ids to find serviceID for OzoneManager if it is HA enabled cluster
2023-05-08 09:35:49,797 [Listener at 0.0.0.0/39525] INFO  ha.OMHANodeDetails (OMHANodeDetails.java:loadOMHAConfig(226)) - Configuration does not have ozone.om.address set. Falling back to the default OM address /127.0.0.1:0
2023-05-08 09:35:49,797 [Listener at 0.0.0.0/39525] INFO  ha.OMHANodeDetails (OMHANodeDetails.java:getOMNodeDetailsForNonHA(254)) - OM Service ID is not set. Setting it to the default ID: omServiceIdDefault
2023-05-08 09:35:49,797 [Listener at 0.0.0.0/39525] INFO  ha.OMHANodeDetails (OMHANodeDetails.java:getOMNodeDetailsForNonHA(261)) - OM Node ID is not set. Setting it to the default ID: om1
2023-05-08 09:35:49,797 [Listener at 0.0.0.0/39525] WARN  server.ServerUtils (ServerUtils.java:getDBPath(225)) - ozone.om.db.dirs is not configured. We recommend adding this setting. Falling back to ozone.metadata.dirs instead.
2023-05-08 09:35:49,798 [Listener at 0.0.0.0/39525] INFO  upgrade.AbstractLayoutVersionManager (AbstractLayoutVersionManager.java:init(83)) - Initializing Layout version manager with metadata layout = HSYNC (version = 4), software layout = HSYNC (version = 4)
2023-05-08 09:35:49,865 [Listener at 0.0.0.0/39525] INFO  reflections.Reflections (Reflections.java:scan(232)) - Reflections took 66 ms to scan 2 urls, producing 172 keys and 479 values [using 2 cores]
2023-05-08 09:35:49,866 [Listener at 0.0.0.0/39525] INFO  upgrade.OMLayoutVersionManager (OMLayoutVersionManager.java:lambda$0(115)) - Skipping Upgrade Action MockOmUpgradeAction since it has been finalized.
2023-05-08 09:35:49,866 [Listener at 0.0.0.0/39525] WARN  server.ServerUtils (ServerUtils.java:getDBPath(225)) - ozone.om.db.dirs is not configured. We recommend adding this setting. Falling back to ozone.metadata.dirs instead.
2023-05-08 09:35:49,866 [Listener at 0.0.0.0/39525] INFO  proxy.SCMBlockLocationFailoverProxyProvider (SCMBlockLocationFailoverProxyProvider.java:<init>(114)) - Created block location fail-over proxy with 1 nodes: [nodeId=scmNodeId,nodeAddress=/0.0.0.0:39449]
2023-05-08 09:35:49,868 [Listener at 0.0.0.0/39525] INFO  proxy.SCMBlockLocationFailoverProxyProvider (SCMBlockLocationFailoverProxyProvider.java:<init>(114)) - Created block location fail-over proxy with 1 nodes: [nodeId=scmNodeId,nodeAddress=/0.0.0.0:39449]
2023-05-08 09:35:49,881 [Listener at 0.0.0.0/39525] INFO  om.OzoneManager (OzoneManager.java:<init>(640)) - OM start with adminUsers: [adminUser1, adminUser2, runner]
2023-05-08 09:35:49,881 [Listener at 0.0.0.0/39525] WARN  server.ServerUtils (ServerUtils.java:getDBPath(225)) - ozone.om.db.dirs is not configured. We recommend adding this setting. Falling back to ozone.metadata.dirs instead.
2023-05-08 09:35:49,882 [Listener at 0.0.0.0/39525] INFO  codec.OmKeyInfoCodec (OmKeyInfoCodec.java:<init>(49)) - OmKeyInfoCodec ignorePipeline = true
2023-05-08 09:35:49,882 [Listener at 0.0.0.0/39525] INFO  codec.RepeatedOmKeyInfoCodec (RepeatedOmKeyInfoCodec.java:<init>(41)) - RepeatedOmKeyInfoCodec ignorePipeline = true
2023-05-08 09:35:50,084 [Listener at 0.0.0.0/39525] INFO  om.OzoneManager (OzoneManager.java:instantiateServices(770)) - S3 Multi-Tenancy is disabled
2023-05-08 09:35:50,084 [Listener at 0.0.0.0/39525] INFO  om.OmSnapshotManager (OmSnapshotManager.java:<init>(169)) - Ozone filesystem snapshot feature is enabled.
2023-05-08 09:35:50,085 [Listener at 0.0.0.0/39525] WARN  server.ServerUtils (ServerUtils.java:getDBPath(225)) - ozone.om.snapshot.diff.db.dir is not configured. We recommend adding this setting. Falling back to ozone.metadata.dirs instead.
2023-05-08 09:35:50,108 [Listener at 0.0.0.0/39525] INFO  om.OzoneManager (OzoneManager.java:addS3GVolumeToDB(4278)) - Created Volume s3v With Owner runner required for S3Gateway operations.
2023-05-08 09:35:50,108 [Listener at 0.0.0.0/39525] WARN  server.ServerUtils (ServerUtils.java:getDefaultRatisDirectory(237)) - Storage directory for Ratis is not configured. It is a good idea to map this to an SSD disk. Falling back to ozone.metadata.dirs
2023-05-08 09:35:50,108 [Listener at 0.0.0.0/39525] WARN  utils.OzoneManagerRatisUtils (OzoneManagerRatisUtils.java:getOMRatisSnapshotDirectory(456)) - ozone.om.ratis.snapshot.dir is not configured. Falling back to ozone.metadata.dirs config
2023-05-08 09:35:50,109 [Listener at 0.0.0.0/39525] WARN  server.ServerUtils (ServerUtils.java:getDefaultRatisDirectory(237)) - Storage directory for Ratis is not configured. It is a good idea to map this to an SSD disk. Falling back to ozone.metadata.dirs
2023-05-08 09:35:50,109 [Listener at 0.0.0.0/39525] INFO  ratis.OzoneManagerRatisServer (OzoneManagerRatisServer.java:<init>(163)) - Instantiating OM Ratis server with groupID: omServiceIdDefault and peers: localhost:9872
2023-05-08 09:35:50,110 [Listener at 0.0.0.0/39525] INFO  ratis.OzoneManagerStateMachine (OzoneManagerStateMachine.java:loadSnapshotInfoFromDB(670)) - LastAppliedIndex is set from TransactionInfo from OM DB as (t:0, i:~)
2023-05-08 09:35:50,110 [Listener at 0.0.0.0/39525] INFO  server.RaftServer (ConfUtils.java:logGet(46)) - raft.rpc.type = GRPC (default)
2023-05-08 09:35:50,110 [Listener at 0.0.0.0/39525] INFO  grpc.GrpcConfigKeys (ConfUtils.java:logFallback(53)) - raft.grpc.admin.host = null (fallback to raft.grpc.server.host)
2023-05-08 09:35:50,110 [Listener at 0.0.0.0/39525] INFO  grpc.GrpcConfigKeys (ConfUtils.java:logFallback(53)) - raft.grpc.admin.port = 9872 (fallback to raft.grpc.server.port)
2023-05-08 09:35:50,110 [Listener at 0.0.0.0/39525] INFO  grpc.GrpcConfigKeys (ConfUtils.java:logFallback(53)) - raft.grpc.client.host = null (fallback to raft.grpc.server.host)
2023-05-08 09:35:50,110 [Listener at 0.0.0.0/39525] INFO  grpc.GrpcConfigKeys (ConfUtils.java:logFallback(53)) - raft.grpc.client.port = 9872 (fallback to raft.grpc.server.port)
2023-05-08 09:35:50,110 [Listener at 0.0.0.0/39525] INFO  grpc.GrpcConfigKeys (ConfUtils.java:logGet(46)) - raft.grpc.server.host = null (default)
2023-05-08 09:35:50,110 [Listener at 0.0.0.0/39525] INFO  grpc.GrpcConfigKeys (ConfUtils.java:logGet(46)) - raft.grpc.server.port = 9872 (custom)
2023-05-08 09:35:50,110 [Listener at 0.0.0.0/39525] INFO  server.GrpcService (ConfUtils.java:logGet(46)) - raft.grpc.message.size.max = 33554432 (custom)
2023-05-08 09:35:50,110 [Listener at 0.0.0.0/39525] INFO  server.RaftServerConfigKeys (ConfUtils.java:logGet(46)) - raft.server.log.appender.buffer.byte-limit = 33554432 (custom)
2023-05-08 09:35:50,110 [Listener at 0.0.0.0/39525] INFO  server.GrpcService (ConfUtils.java:logGet(46)) - raft.grpc.flow.control.window = 1MB (=1048576) (default)
2023-05-08 09:35:50,111 [Listener at 0.0.0.0/39525] INFO  server.RaftServerConfigKeys (ConfUtils.java:logGet(46)) - raft.server.rpc.request.timeout = 3000ms (default)
2023-05-08 09:35:50,111 [Listener at 0.0.0.0/39525] INFO  grpc.GrpcConfigKeys (ConfUtils.java:logGet(46)) - raft.grpc.server.heartbeat.channel = true (default)
2023-05-08 09:35:50,111 [Listener at 0.0.0.0/39525] INFO  grpc.GrpcConfigKeys (ConfUtils.java:logGet(46)) - raft.grpc.server.async.request.thread.pool.cached = true (default)
2023-05-08 09:35:50,111 [Listener at 0.0.0.0/39525] INFO  grpc.GrpcConfigKeys (ConfUtils.java:logGet(46)) - raft.grpc.server.async.request.thread.pool.size = 32 (default)
2023-05-08 09:35:50,112 [Listener at 0.0.0.0/39525] INFO  impl.DataStreamServerImpl (ConfUtils.java:logGet(46)) - raft.datastream.type = DISABLED (default)
2023-05-08 09:35:50,112 [Listener at 0.0.0.0/39525] INFO  server.RaftServerConfigKeys (ConfUtils.java:logGet(46)) - raft.server.threadpool.proxy.cached = true (default)
2023-05-08 09:35:50,112 [Listener at 0.0.0.0/39525] INFO  server.RaftServerConfigKeys (ConfUtils.java:logGet(46)) - raft.server.threadpool.proxy.size = 0 (default)
2023-05-08 09:35:50,112 [Listener at 0.0.0.0/39525] INFO  server.RaftServerConfigKeys (ConfUtils.java:logGet(46)) - raft.server.rpc.slowness.timeout = 120s (custom)
2023-05-08 09:35:50,112 [Listener at 0.0.0.0/39525] INFO  server.RaftServerConfigKeys (ConfUtils.java:logGet(46)) - raft.server.leaderelection.leader.step-down.wait-time = 10s (default)
2023-05-08 09:35:50,112 [Listener at 0.0.0.0/39525] INFO  server.RaftServerConfigKeys (ConfUtils.java:logGet(46)) - raft.server.storage.dir = [/home/runner/work/ozone/ozone/hadoop-ozone/integration-test/target/test-dir/MiniOzoneClusterImpl-8c58255f-3d22-4aeb-98f1-cae2738195f5/ozone-meta/ratis] (custom)
2023-05-08 09:35:50,113 [Listener at 0.0.0.0/39525] INFO  server.RaftServer (RaftServerProxy.java:addNew(96)) - om1: addNew group-C5BA1605619E:[om1|rpc:localhost:9872|priority:0|startupRole:FOLLOWER] returns group-C5BA1605619E:java.util.concurrent.CompletableFuture@232b7529[Not completed]
2023-05-08 09:35:50,114 [Listener at 0.0.0.0/39525] INFO  om.OzoneManager (OzoneManager.java:initializeRatisServer(2114)) - OzoneManager Ratis server initialized at port 9872
2023-05-08 09:35:50,114 [Listener at 0.0.0.0/39525] INFO  om.OzoneManager (OzoneManager.java:getRpcServer(1161)) - Creating RPC Server
2023-05-08 09:35:50,115 [pool-912-thread-1] INFO  server.RaftServer$Division (RaftServerImpl.java:<init>(195)) - om1: new RaftServerImpl for group-C5BA1605619E:[om1|rpc:localhost:9872|priority:0|startupRole:FOLLOWER] with OzoneManagerStateMachine:uninitialized
2023-05-08 09:35:50,115 [pool-912-thread-1] INFO  server.RaftServerConfigKeys (ConfUtils.java:logGet(46)) - raft.server.rpc.timeout.min = 1s (custom)
2023-05-08 09:35:50,115 [pool-912-thread-1] INFO  server.RaftServerConfigKeys (ConfUtils.java:logGet(46)) - raft.server.rpc.timeout.max = 1200ms (custom)
2023-05-08 09:35:50,115 [pool-912-thread-1] INFO  server.RaftServerConfigKeys (ConfUtils.java:logGet(46)) - raft.server.rpc.sleep.time = 25ms (default)
2023-05-08 09:35:50,115 [pool-912-thread-1] INFO  server.RaftServerConfigKeys (ConfUtils.java:logGet(46)) - raft.server.rpc.slowness.timeout = 120s (custom)
2023-05-08 09:35:50,115 [pool-912-thread-1] INFO  server.RaftServerConfigKeys (ConfUtils.java:logGet(46)) - raft.server.leaderelection.leader.step-down.wait-time = 10s (default)
2023-05-08 09:35:50,115 [pool-912-thread-1] INFO  server.RaftServerConfigKeys (ConfUtils.java:logGet(46)) - raft.server.sleep.deviation.threshold = 300ms (default)
2023-05-08 09:35:50,115 [pool-912-thread-1] INFO  server.RaftServer$Division (ServerState.java:<init>(118)) - om1@group-C5BA1605619E: ConfigurationManager, init=-1: peers:[om1|rpc:localhost:9872|priority:0|startupRole:FOLLOWER]|listeners:[], old=null, confs=<EMPTY_MAP>
2023-05-08 09:35:50,115 [pool-912-thread-1] INFO  server.RaftServerConfigKeys (ConfUtils.java:logGet(46)) - raft.server.storage.dir = [/home/runner/work/ozone/ozone/hadoop-ozone/integration-test/target/test-dir/MiniOzoneClusterImpl-8c58255f-3d22-4aeb-98f1-cae2738195f5/ozone-meta/ratis] (custom)
2023-05-08 09:35:50,115 [pool-912-thread-1] INFO  server.RaftServerConfigKeys (ConfUtils.java:logGet(46)) - raft.server.log.corruption.policy = EXCEPTION (default)
2023-05-08 09:35:50,115 [pool-912-thread-1] INFO  server.RaftServerConfigKeys (ConfUtils.java:logGet(46)) - raft.server.storage.free-space.min = 0MB (=0) (default)
2023-05-08 09:35:50,115 [pool-912-thread-1] INFO  server.RaftServerConfigKeys (ConfUtils.java:logGet(46)) - raft.server.notification.no-leader.timeout = 120s (custom)
2023-05-08 09:35:50,115 [pool-912-thread-1] INFO  server.RaftServerConfigKeys (ConfUtils.java:logGet(46)) - raft.server.retrycache.expirytime = 300s (custom)
2023-05-08 09:35:50,115 [pool-912-thread-1] INFO  server.RaftServerConfigKeys (ConfUtils.java:logGet(46)) - raft.server.retrycache.statistics.expirytime = 100μs (default)
2023-05-08 09:35:50,116 [pool-912-thread-1] INFO  server.RaftServerConfigKeys (ConfUtils.java:logGet(46)) - raft.server.log.appender.install.snapshot.enabled = false (custom)
2023-05-08 09:35:50,116 [pool-912-thread-1] INFO  server.RaftServerConfigKeys (ConfUtils.java:logGet(46)) - raft.server.threadpool.server.cached = true (default)
2023-05-08 09:35:50,116 [pool-912-thread-1] INFO  server.RaftServerConfigKeys (ConfUtils.java:logGet(46)) - raft.server.threadpool.server.size = 0 (default)
2023-05-08 09:35:50,116 [pool-912-thread-1] INFO  server.RaftServerConfigKeys (ConfUtils.java:logGet(46)) - raft.server.threadpool.client.cached = true (default)
2023-05-08 09:35:50,116 [pool-912-thread-1] INFO  server.RaftServerConfigKeys (ConfUtils.java:logGet(46)) - raft.server.threadpool.client.size = 0 (default)
2023-05-08 09:35:50,477 [Listener at 0.0.0.0/39525] INFO  reflections.Reflections (Reflections.java:scan(232)) - Reflections took 363 ms to scan 19 urls, producing 69 keys and 5166 values [using 2 cores]
2023-05-08 09:35:50,478 [Listener at 0.0.0.0/39525] INFO  ipc.CallQueueManager (CallQueueManager.java:<init>(90)) - Using callQueue: class java.util.concurrent.LinkedBlockingQueue, queueCapacity: 2000, scheduler: class org.apache.hadoop.ipc.DefaultRpcScheduler, ipcBackoff: false.
2023-05-08 09:35:50,479 [Socket Reader #1 for port 0] INFO  ipc.Server (Server.java:run(1319)) - Starting Socket Reader #1 for port 0
2023-05-08 09:35:50,498 [Listener at 127.0.0.1/39805] INFO  impl.MetricsSystemImpl (MetricsSystemImpl.java:init(158)) - OzoneManager metrics system started (again)
2023-05-08 09:35:50,507 [Listener at 127.0.0.1/39805] INFO  om.OzoneManager (OzoneManager.java:start(1582)) - OzoneManager RPC server is listening at localhost/127.0.0.1:39805
2023-05-08 09:35:50,508 [Listener at 127.0.0.1/39805] INFO  ratis.OzoneManagerRatisServer (OzoneManagerRatisServer.java:start(558)) - Starting OzoneManagerRatisServer om1 at port 9872
2023-05-08 09:35:50,508 [om1-impl-thread1] INFO  storage.RaftStorageDirectory (RaftStorageDirectoryImpl.java:analyzeStorage(137)) - The storage directory /home/runner/work/ozone/ozone/hadoop-ozone/integration-test/target/test-dir/MiniOzoneClusterImpl-8c58255f-3d22-4aeb-98f1-cae2738195f5/ozone-meta/ratis/bf265839-605b-3f16-9796-c5ba1605619e does not exist. Creating ...
2023-05-08 09:35:50,509 [om1-impl-thread1] INFO  storage.RaftStorageDirectory (RaftStorageDirectoryImpl.java:tryLock(231)) - Lock on /home/runner/work/ozone/ozone/hadoop-ozone/integration-test/target/test-dir/MiniOzoneClusterImpl-8c58255f-3d22-4aeb-98f1-cae2738195f5/ozone-meta/ratis/bf265839-605b-3f16-9796-c5ba1605619e/in_use.lock acquired by nodename 7572@fv-az96-539
2023-05-08 09:35:50,511 [om1-impl-thread1] INFO  storage.RaftStorage (RaftStorageImpl.java:format(96)) - Storage directory /home/runner/work/ozone/ozone/hadoop-ozone/integration-test/target/test-dir/MiniOzoneClusterImpl-8c58255f-3d22-4aeb-98f1-cae2738195f5/ozone-meta/ratis/bf265839-605b-3f16-9796-c5ba1605619e has been successfully formatted.
2023-05-08 09:35:50,511 [om1-impl-thread1] INFO  server.RaftServerConfigKeys (ConfUtils.java:logGet(46)) - raft.server.log.use.memory = false (default)
2023-05-08 09:35:50,511 [om1-impl-thread1] INFO  server.RaftServerConfigKeys (ConfUtils.java:logGet(46)) - raft.server.log.purge.gap = 1000000 (custom)
2023-05-08 09:35:50,511 [om1-impl-thread1] INFO  server.RaftServerConfigKeys (ConfUtils.java:logGet(46)) - raft.server.log.appender.buffer.byte-limit = 33554432 (custom)
2023-05-08 09:35:50,511 [om1-impl-thread1] INFO  server.RaftServerConfigKeys (ConfUtils.java:logGet(46)) - raft.server.log.statemachine.data.read.timeout = 1000ms (default)
2023-05-08 09:35:50,511 [om1-impl-thread1] INFO  server.RaftServerConfigKeys (ConfUtils.java:logGet(46)) - raft.server.log.purge.preservation.log.num = 0 (default)
2023-05-08 09:35:50,511 [om1-impl-thread1] INFO  server.RaftServerConfigKeys (ConfUtils.java:logGet(46)) - raft.server.log.segment.size.max = 4194304 (custom)
2023-05-08 09:35:50,511 [om1-impl-thread1] INFO  server.RaftServerConfigKeys (ConfUtils.java:logGet(46)) - raft.server.log.segment.cache.num.max = 2 (custom)
2023-05-08 09:35:50,511 [om1-impl-thread1] INFO  server.RaftServerConfigKeys (ConfUtils.java:logGet(46)) - raft.server.log.segment.cache.size.max = 200MB (=209715200) (default)
2023-05-08 09:35:50,511 [om1-impl-thread1] INFO  segmented.SegmentedRaftLogWorker (SegmentedRaftLogWorker.java:<init>(189)) - new om1@group-C5BA1605619E-SegmentedRaftLogWorker for RaftStorageImpl:Storage Directory /home/runner/work/ozone/ozone/hadoop-ozone/integration-test/target/test-dir/MiniOzoneClusterImpl-8c58255f-3d22-4aeb-98f1-cae2738195f5/ozone-meta/ratis/bf265839-605b-3f16-9796-c5ba1605619e
2023-05-08 09:35:50,511 [om1-impl-thread1] INFO  server.RaftServerConfigKeys (ConfUtils.java:logGet(46)) - raft.server.log.queue.byte-limit = 64MB (=67108864) (default)
2023-05-08 09:35:50,511 [om1-impl-thread1] INFO  server.RaftServerConfigKeys (ConfUtils.java:logGet(46)) - raft.server.log.queue.element-limit = 4096 (default)
2023-05-08 09:35:50,511 [om1-impl-thread1] INFO  server.RaftServerConfigKeys (ConfUtils.java:logGet(46)) - raft.server.log.segment.size.max = 4194304 (custom)
2023-05-08 09:35:50,511 [om1-impl-thread1] INFO  server.RaftServerConfigKeys (ConfUtils.java:logGet(46)) - raft.server.log.preallocated.size = 4194304 (custom)
2023-05-08 09:35:50,512 [om1-impl-thread1] INFO  server.RaftServerConfigKeys (ConfUtils.java:logGet(46)) - raft.server.log.force.sync.num = 128 (default)
2023-05-08 09:35:50,512 [om1-impl-thread1] INFO  server.RaftServerConfigKeys (ConfUtils.java:logGet(46)) - raft.server.log.statemachine.data.sync = true (default)
2023-05-08 09:35:50,512 [om1-impl-thread1] INFO  server.RaftServerConfigKeys (ConfUtils.java:logGet(46)) - raft.server.log.statemachine.data.sync.timeout = 10s (default)
2023-05-08 09:35:50,512 [om1-impl-thread1] INFO  server.RaftServerConfigKeys (ConfUtils.java:logGet(46)) - raft.server.log.statemachine.data.sync.timeout.retry = -1 (default)
2023-05-08 09:35:50,512 [om1-impl-thread1] INFO  server.RaftServerConfigKeys (ConfUtils.java:logGet(46)) - raft.server.log.write.buffer.size = 64KB (=65536) (default)
2023-05-08 09:35:50,512 [om1-impl-thread1] INFO  server.RaftServerConfigKeys (ConfUtils.java:logGet(46)) - raft.server.log.appender.buffer.byte-limit = 33554432 (custom)
2023-05-08 09:35:50,517 [om1-impl-thread1] INFO  server.RaftServerConfigKeys (ConfUtils.java:logGet(46)) - raft.server.log.unsafe-flush.enabled = false (default)
2023-05-08 09:35:50,517 [om1-impl-thread1] INFO  server.RaftServerConfigKeys (ConfUtils.java:logGet(46)) - raft.server.log.async-flush.enabled = false (default)
2023-05-08 09:35:50,517 [om1-impl-thread1] INFO  server.RaftServerConfigKeys (ConfUtils.java:logGet(46)) - raft.server.log.statemachine.data.caching.enabled = false (default)
2023-05-08 09:35:50,517 [om1-impl-thread1] INFO  segmented.SegmentedRaftLogWorker (SegmentedRaftLogWorker.java:lambda$new$0(135)) - om1@group-C5BA1605619E-SegmentedRaftLogWorker: flushIndex: setUnconditionally 0 -> -1
2023-05-08 09:35:50,517 [om1-impl-thread1] INFO  segmented.SegmentedRaftLogWorker (SegmentedRaftLogWorker.java:lambda$new$0(135)) - om1@group-C5BA1605619E-SegmentedRaftLogWorker: safeCacheEvictIndex: setUnconditionally 0 -> -1
2023-05-08 09:35:50,517 [om1-impl-thread1] INFO  server.RaftServer$Division (RaftServerImpl.java:start(334)) - om1@group-C5BA1605619E: start as a follower, conf=-1: peers:[om1|rpc:localhost:9872|priority:0|startupRole:FOLLOWER]|listeners:[], old=null
2023-05-08 09:35:50,517 [om1-impl-thread1] INFO  server.RaftServer$Division (RaftServerImpl.java:setRole(321)) - om1@group-C5BA1605619E: changes role from      null to FOLLOWER at term 0 for startAsFollower
2023-05-08 09:35:50,517 [om1-impl-thread1] INFO  impl.RoleInfo (RoleInfo.java:updateAndGet(139)) - om1: start om1@group-C5BA1605619E-FollowerState
2023-05-08 09:35:50,518 [om1@group-C5BA1605619E-FollowerState] INFO  server.RaftServerConfigKeys (ConfUtils.java:logFallback(53)) - raft.server.rpc.first-election.timeout.min = 1s (fallback to raft.server.rpc.timeout.min)
2023-05-08 09:35:50,518 [om1-impl-thread1] INFO  util.JmxRegister (JmxRegister.java:tryRegister(44)) - Successfully registered JMX Bean with object name Ratis:service=RaftServer,group=group-C5BA1605619E,id=om1
2023-05-08 09:35:50,518 [om1@group-C5BA1605619E-FollowerState] INFO  server.RaftServerConfigKeys (ConfUtils.java:logFallback(53)) - raft.server.rpc.first-election.timeout.max = 1200ms (fallback to raft.server.rpc.timeout.max)
2023-05-08 09:35:50,518 [om1-impl-thread1] INFO  server.RaftServerConfigKeys (ConfUtils.java:logGet(46)) - raft.server.snapshot.auto.trigger.enabled = true (custom)
2023-05-08 09:35:50,518 [om1-impl-thread1] INFO  server.RaftServerConfigKeys (ConfUtils.java:logGet(46)) - raft.server.snapshot.auto.trigger.threshold = 400000 (default)
2023-05-08 09:35:50,518 [om1-impl-thread1] INFO  server.RaftServerConfigKeys (ConfUtils.java:logGet(46)) - raft.server.snapshot.retention.file.num = -1 (default)
2023-05-08 09:35:50,518 [om1-impl-thread1] INFO  server.RaftServerConfigKeys (ConfUtils.java:logGet(46)) - raft.server.log.purge.upto.snapshot.index = true (custom)
2023-05-08 09:35:50,518 [Listener at 127.0.0.1/39805] INFO  server.RaftServer (RaftServerProxy.java:startImpl(393)) - om1: start RPC server
2023-05-08 09:35:50,522 [Listener at 127.0.0.1/39805] INFO  server.GrpcService (GrpcService.java:startImpl(262)) - om1: GrpcService started, listening on 9872
2023-05-08 09:35:50,522 [Listener at 127.0.0.1/39805] INFO  om.OzoneManager (OzoneManager.java:start(1598)) - Version File has different layout version (4) than OM DB (null). That is expected if this OM has never been finalized to a newer layout version.
2023-05-08 09:35:50,523 [JvmPauseMonitor20] INFO  util.JvmPauseMonitor (JvmPauseMonitor.java:run(105)) - JvmPauseMonitor-om1: Started
2023-05-08 09:35:50,529 [Listener at 127.0.0.1/39805] INFO  http.BaseHttpServer (BaseHttpServer.java:newHttpServer2BuilderForOzone(224)) - Starting Web-server for ozoneManager at: http://0.0.0.0:0
2023-05-08 09:35:50,529 [Listener at 127.0.0.1/39805] INFO  http.BaseHttpServer (BaseHttpServer.java:<init>(111)) - Hadoop Security Enabled: false Ozone Security Enabled: false Ozone HTTP Security Enabled: false 
2023-05-08 09:35:50,530 [Listener at 127.0.0.1/39805] WARN  server.AuthenticationFilter (AuthenticationFilter.java:constructSecretProvider(240)) - Unable to initialize FileSignerSecretProvider, falling back to use random secrets. Reason: Could not read signature secret file: /home/runner/hadoop-http-auth-signature-secret
2023-05-08 09:35:50,532 [Listener at 127.0.0.1/39805] INFO  http.HttpRequestLog (HttpRequestLog.java:getRequestLog(86)) - Http request log for http.requests.ozoneManager is not defined
2023-05-08 09:35:50,533 [Listener at 127.0.0.1/39805] INFO  http.HttpServer2 (HttpServer2.java:addGlobalFilter(1031)) - Added global filter 'safety' (class=org.apache.hadoop.hdds.server.http.HttpServer2$QuotingInputFilter)
2023-05-08 09:35:50,534 [Listener at 127.0.0.1/39805] INFO  http.HttpServer2 (HttpServer2.java:addFilter(1007)) - Added filter static_user_filter (class=org.apache.hadoop.http.lib.StaticUserWebFilter$StaticUserFilter) to context ozoneManager
2023-05-08 09:35:50,534 [Listener at 127.0.0.1/39805] INFO  http.HttpServer2 (HttpServer2.java:addFilter(1015)) - Added filter static_user_filter (class=org.apache.hadoop.http.lib.StaticUserWebFilter$StaticUserFilter) to context static
2023-05-08 09:35:50,534 [Listener at 127.0.0.1/39805] INFO  http.HttpServer2 (HttpServer2.java:addFilter(1015)) - Added filter static_user_filter (class=org.apache.hadoop.http.lib.StaticUserWebFilter$StaticUserFilter) to context logs
2023-05-08 09:35:50,534 [Listener at 127.0.0.1/39805] INFO  http.BaseHttpServer (BaseHttpServer.java:<init>(190)) - HTTP server of ozoneManager uses base directory /home/runner/work/ozone/ozone/hadoop-ozone/integration-test/target/test-dir/MiniOzoneClusterImpl-8c58255f-3d22-4aeb-98f1-cae2738195f5/ozone-meta/webserver
2023-05-08 09:35:50,535 [Listener at 127.0.0.1/39805] INFO  http.HttpServer2 (HttpServer2.java:bindListener(1250)) - Jetty bound to port 41197
2023-05-08 09:35:50,535 [Listener at 127.0.0.1/39805] INFO  server.Server (Server.java:doStart(375)) - jetty-9.4.51.v20230217; built: 2023-02-17T08:19:37.309Z; git: b45c405e4544384de066f814ed42ae3dceacdd49; jvm 1.8.0_362-b09
2023-05-08 09:35:50,539 [Listener at 127.0.0.1/39805] INFO  server.session (DefaultSessionIdManager.java:doStart(334)) - DefaultSessionIdManager workerName=node0
2023-05-08 09:35:50,539 [Listener at 127.0.0.1/39805] INFO  server.session (DefaultSessionIdManager.java:doStart(339)) - No SessionScavenger set, using defaults
2023-05-08 09:35:50,539 [Listener at 127.0.0.1/39805] INFO  server.session (HouseKeeper.java:startScavenging(132)) - node0 Scavenging every 600000ms
2023-05-08 09:35:50,540 [Listener at 127.0.0.1/39805] INFO  handler.ContextHandler (ContextHandler.java:doStart(921)) - Started o.e.j.s.ServletContextHandler@2d87891d{logs,/logs,file:///home/runner/work/ozone/ozone/hadoop-ozone/integration-test/target/log,AVAILABLE}
2023-05-08 09:35:50,540 [Listener at 127.0.0.1/39805] INFO  handler.ContextHandler (ContextHandler.java:doStart(921)) - Started o.e.j.s.ServletContextHandler@40b7c04e{static,/static,file:///home/runner/work/ozone/ozone/hadoop-ozone/integration-test/target/test-classes/webapps/static,AVAILABLE}
2023-05-08 09:35:50,542 [Listener at 127.0.0.1/39805] INFO  handler.ContextHandler (ContextHandler.java:doStart(921)) - Started o.e.j.w.WebAppContext@314b36de{ozoneManager,/,file:///home/runner/work/ozone/ozone/hadoop-ozone/integration-test/target/test-classes/webapps/ozoneManager/,AVAILABLE}{file:/home/runner/work/ozone/ozone/hadoop-ozone/integration-test/target/test-classes/webapps/ozoneManager}
2023-05-08 09:35:50,543 [Listener at 127.0.0.1/39805] INFO  server.AbstractConnector (AbstractConnector.java:doStart(333)) - Started ServerConnector@145dc3fa{HTTP/1.1, (http/1.1)}{0.0.0.0:41197}
2023-05-08 09:35:50,543 [Listener at 127.0.0.1/39805] INFO  server.Server (Server.java:doStart(415)) - Started @158650ms
2023-05-08 09:35:50,543 [Listener at 127.0.0.1/39805] WARN  impl.MetricsSystemImpl (MetricsSystemImpl.java:register(279)) - Sink prometheus already exists!
2023-05-08 09:35:50,544 [Listener at 127.0.0.1/39805] INFO  http.BaseHttpServer (BaseHttpServer.java:updateConnectorAddress(344)) - HTTP server of ozoneManager listening at http://0.0.0.0:41197
2023-05-08 09:35:50,546 [IPC Server Responder] INFO  ipc.Server (Server.java:run(1558)) - IPC Server Responder: starting
2023-05-08 09:35:50,548 [IPC Server listener on 0] INFO  ipc.Server (Server.java:run(1398)) - IPC Server listener on 0: starting
2023-05-08 09:35:50,575 [Listener at 127.0.0.1/39805] INFO  om.OzoneManager (OzoneManager.java:startTrashEmptier(2058)) - Trash Interval set to 0. Files deleted won't move to trash
2023-05-08 09:35:50,576 [org.apache.hadoop.util.JvmPauseMonitor$Monitor@5031b383] INFO  util.JvmPauseMonitor (JvmPauseMonitor.java:run(188)) - Starting JVM pause monitor
2023-05-08 09:35:50,593 [Listener at 127.0.0.1/39805] WARN  impl.MetricRegistriesImpl (MetricRegistriesImpl.java:addReporterRegistration(111)) - New reporters are added after registries were created. Some metrics will be missing from the reporter. Please add reporter before adding any new registry.
2023-05-08 09:35:50,593 [Listener at 127.0.0.1/39805] WARN  impl.MetricRegistriesImpl (MetricRegistriesImpl.java:addReporterRegistration(111)) - New reporters are added after registries were created. Some metrics will be missing from the reporter. Please add reporter before adding any new registry.
2023-05-08 09:35:50,593 [Listener at 127.0.0.1/39805] INFO  impl.MetricsSystemImpl (MetricsSystemImpl.java:init(158)) - HddsDatanode metrics system started (again)
2023-05-08 09:35:50,606 [Listener at 127.0.0.1/39805] INFO  ozone.HddsDatanodeService (HddsDatanodeService.java:start(252)) - HddsDatanodeService host:fv-az96-539 ip:10.1.0.160
2023-05-08 09:35:50,633 [Listener at 127.0.0.1/39805] INFO  upgrade.AbstractLayoutVersionManager (AbstractLayoutVersionManager.java:init(83)) - Initializing Layout version manager with metadata layout = WEBUI_PORTS_IN_DATANODEDETAILS (version = 6), software layout = WEBUI_PORTS_IN_DATANODEDETAILS (version = 6)
2023-05-08 09:35:50,679 [Listener at 127.0.0.1/39805] INFO  reflections.Reflections (Reflections.java:scan(232)) - Reflections took 45 ms to scan 7 urls, producing 156 keys and 369 values 
2023-05-08 09:35:50,681 [Listener at 127.0.0.1/39805] INFO  statemachine.DatanodeStateMachine (DatanodeStateMachine.java:getEndPointTaskThreadPoolSize(267)) - Datanode State Machine Task Thread Pool size 2
2023-05-08 09:35:50,685 [Listener at 127.0.0.1/39805] INFO  volume.HddsVolume (HddsVolume.java:<init>(130)) - Creating HddsVolume: /home/runner/work/ozone/ozone/hadoop-ozone/integration-test/target/test-dir/MiniOzoneClusterImpl-8c58255f-3d22-4aeb-98f1-cae2738195f5/datanode-0/data-0/containers/hdds of storage type : DISK capacity : 9223372036854775807
2023-05-08 09:35:50,685 [Listener at 127.0.0.1/39805] INFO  volume.MutableVolumeSet (MutableVolumeSet.java:initializeVolumeSet(175)) - Added Volume : /home/runner/work/ozone/ozone/hadoop-ozone/integration-test/target/test-dir/MiniOzoneClusterImpl-8c58255f-3d22-4aeb-98f1-cae2738195f5/datanode-0/data-0/containers/hdds to VolumeSet
2023-05-08 09:35:50,685 [Listener at 127.0.0.1/39805] INFO  volume.ThrottledAsyncChecker (ThrottledAsyncChecker.java:schedule(141)) - Scheduling a check for /home/runner/work/ozone/ozone/hadoop-ozone/integration-test/target/test-dir/MiniOzoneClusterImpl-8c58255f-3d22-4aeb-98f1-cae2738195f5/datanode-0/data-0/containers/hdds
2023-05-08 09:35:50,686 [Listener at 127.0.0.1/39805] INFO  volume.StorageVolumeChecker (StorageVolumeChecker.java:checkAllVolumes(202)) - Scheduled health check for volume /home/runner/work/ozone/ozone/hadoop-ozone/integration-test/target/test-dir/MiniOzoneClusterImpl-8c58255f-3d22-4aeb-98f1-cae2738195f5/datanode-0/data-0/containers/hdds
2023-05-08 09:35:50,697 [Listener at 127.0.0.1/39805] INFO  volume.MutableVolumeSet (MutableVolumeSet.java:initializeVolumeSet(175)) - Added Volume : /home/runner/work/ozone/ozone/hadoop-ozone/integration-test/target/test-dir/MiniOzoneClusterImpl-8c58255f-3d22-4aeb-98f1-cae2738195f5/datanode-0/data/ratis to VolumeSet
2023-05-08 09:35:50,697 [Listener at 127.0.0.1/39805] INFO  volume.ThrottledAsyncChecker (ThrottledAsyncChecker.java:schedule(141)) - Scheduling a check for /home/runner/work/ozone/ozone/hadoop-ozone/integration-test/target/test-dir/MiniOzoneClusterImpl-8c58255f-3d22-4aeb-98f1-cae2738195f5/datanode-0/data/ratis
2023-05-08 09:35:50,697 [Listener at 127.0.0.1/39805] INFO  volume.StorageVolumeChecker (StorageVolumeChecker.java:checkAllVolumes(202)) - Scheduled health check for volume /home/runner/work/ozone/ozone/hadoop-ozone/integration-test/target/test-dir/MiniOzoneClusterImpl-8c58255f-3d22-4aeb-98f1-cae2738195f5/datanode-0/data/ratis
2023-05-08 09:35:50,708 [Thread-2119] INFO  ozoneimpl.ContainerReader (ContainerReader.java:readVolume(175)) - Finish verifying containers on volume /home/runner/work/ozone/ozone/hadoop-ozone/integration-test/target/test-dir/MiniOzoneClusterImpl-8c58255f-3d22-4aeb-98f1-cae2738195f5/datanode-0/data-0/containers/hdds
2023-05-08 09:35:50,708 [Listener at 127.0.0.1/39805] INFO  ozoneimpl.OzoneContainer (OzoneContainer.java:buildContainerSet(303)) - Build ContainerSet costs 0s
2023-05-08 09:35:50,711 [Listener at 127.0.0.1/39805] INFO  server.RaftServer (ConfUtils.java:logGet(46)) - raft.rpc.type = GRPC (default)
2023-05-08 09:35:50,711 [Listener at 127.0.0.1/39805] INFO  grpc.GrpcConfigKeys (ConfUtils.java:logFallback(53)) - raft.grpc.admin.host = null (fallback to raft.grpc.server.host)
2023-05-08 09:35:50,711 [Listener at 127.0.0.1/39805] INFO  grpc.GrpcConfigKeys (ConfUtils.java:logGet(46)) - raft.grpc.admin.port = 0 (custom)
2023-05-08 09:35:50,711 [Listener at 127.0.0.1/39805] INFO  grpc.GrpcConfigKeys (ConfUtils.java:logFallback(53)) - raft.grpc.client.host = null (fallback to raft.grpc.server.host)
2023-05-08 09:35:50,711 [Listener at 127.0.0.1/39805] INFO  grpc.GrpcConfigKeys (ConfUtils.java:logGet(46)) - raft.grpc.client.port = 0 (custom)
2023-05-08 09:35:50,711 [Listener at 127.0.0.1/39805] INFO  grpc.GrpcConfigKeys (ConfUtils.java:logGet(46)) - raft.grpc.server.host = null (default)
2023-05-08 09:35:50,711 [Listener at 127.0.0.1/39805] INFO  grpc.GrpcConfigKeys (ConfUtils.java:logGet(46)) - raft.grpc.server.port = 0 (default)
2023-05-08 09:35:50,711 [Listener at 127.0.0.1/39805] INFO  server.GrpcService (ConfUtils.java:logGet(46)) - raft.grpc.message.size.max = 32MB (=33554432) (custom)
2023-05-08 09:35:50,711 [Listener at 127.0.0.1/39805] INFO  server.RaftServerConfigKeys (ConfUtils.java:logGet(46)) - raft.server.log.appender.buffer.byte-limit = 33554432 (custom)
2023-05-08 09:35:50,712 [Listener at 127.0.0.1/39805] INFO  server.GrpcService (ConfUtils.java:logGet(46)) - raft.grpc.flow.control.window = 5MB (=5242880) (custom)
2023-05-08 09:35:50,712 [Listener at 127.0.0.1/39805] INFO  server.RaftServerConfigKeys (ConfUtils.java:logGet(46)) - raft.server.rpc.request.timeout = 60s (custom)
2023-05-08 09:35:50,712 [Listener at 127.0.0.1/39805] INFO  grpc.GrpcConfigKeys (ConfUtils.java:logGet(46)) - raft.grpc.server.heartbeat.channel = true (default)
2023-05-08 09:35:50,712 [Listener at 127.0.0.1/39805] INFO  grpc.GrpcConfigKeys (ConfUtils.java:logGet(46)) - raft.grpc.server.async.request.thread.pool.cached = true (default)
2023-05-08 09:35:50,712 [Listener at 127.0.0.1/39805] INFO  grpc.GrpcConfigKeys (ConfUtils.java:logGet(46)) - raft.grpc.server.async.request.thread.pool.size = 32 (default)
2023-05-08 09:35:50,713 [Listener at 127.0.0.1/39805] INFO  impl.DataStreamServerImpl (ConfUtils.java:logGet(46)) - raft.datastream.type = NETTY (custom)
2023-05-08 09:35:50,713 [Listener at 127.0.0.1/39805] INFO  server.RaftServerConfigKeys (ConfUtils.java:logGet(46)) - raft.server.data-stream.async.request.thread.pool.cached = false (default)
2023-05-08 09:35:50,713 [Listener at 127.0.0.1/39805] INFO  server.RaftServerConfigKeys (ConfUtils.java:logGet(46)) - raft.server.data-stream.async.request.thread.pool.size = 20 (custom)
2023-05-08 09:35:50,713 [Listener at 127.0.0.1/39805] INFO  server.RaftServerConfigKeys (ConfUtils.java:logGet(46)) - raft.server.data-stream.async.write.thread.pool.size = 16 (default)
2023-05-08 09:35:50,713 [Listener at 127.0.0.1/39805] INFO  server.RaftServerConfigKeys (ConfUtils.java:logGet(46)) - raft.server.data-stream.client.pool.size = 10 (default)
2023-05-08 09:35:50,713 [Listener at 127.0.0.1/39805] INFO  netty.NettyConfigKeys$DataStream (ConfUtils.java:logGet(46)) - raft.netty.dataStream.server.use-epoll = false (default)
2023-05-08 09:35:50,714 [Listener at 127.0.0.1/39805] INFO  netty.NettyConfigKeys$DataStream (ConfUtils.java:logGet(46)) - raft.netty.dataStream.server.boss-group.size = 0 (default)
2023-05-08 09:35:50,714 [Listener at 127.0.0.1/39805] INFO  netty.NettyConfigKeys$DataStream (ConfUtils.java:logGet(46)) - raft.netty.dataStream.server.worker-group.size = 0 (default)
2023-05-08 09:35:50,714 [Listener at 127.0.0.1/39805] INFO  netty.NettyConfigKeys$DataStream (ConfUtils.java:logGet(46)) - raft.netty.dataStream.server.tls.conf = null (default)
2023-05-08 09:35:50,714 [Listener at 127.0.0.1/39805] INFO  netty.NettyConfigKeys$DataStream (ConfUtils.java:logGet(46)) - raft.netty.dataStream.host = null (default)
2023-05-08 09:35:50,714 [Listener at 127.0.0.1/39805] INFO  netty.NettyConfigKeys$DataStream (ConfUtils.java:logGet(46)) - raft.netty.dataStream.port = 0 (default)
2023-05-08 09:35:50,715 [Listener at 127.0.0.1/39805] INFO  server.RaftServerConfigKeys (ConfUtils.java:logGet(46)) - raft.server.threadpool.proxy.cached = true (default)
2023-05-08 09:35:50,715 [Listener at 127.0.0.1/39805] INFO  server.RaftServerConfigKeys (ConfUtils.java:logGet(46)) - raft.server.threadpool.proxy.size = 0 (default)
2023-05-08 09:35:50,715 [Listener at 127.0.0.1/39805] INFO  server.RaftServerConfigKeys (ConfUtils.java:logGet(46)) - raft.server.rpc.slowness.timeout = 300s (custom)
2023-05-08 09:35:50,715 [Listener at 127.0.0.1/39805] INFO  server.RaftServerConfigKeys (ConfUtils.java:logGet(46)) - raft.server.leaderelection.leader.step-down.wait-time = 10s (default)
2023-05-08 09:35:50,715 [Listener at 127.0.0.1/39805] INFO  server.RaftServerConfigKeys (ConfUtils.java:logGet(46)) - raft.server.storage.dir = [/home/runner/work/ozone/ozone/hadoop-ozone/integration-test/target/test-dir/MiniOzoneClusterImpl-8c58255f-3d22-4aeb-98f1-cae2738195f5/datanode-0/data/ratis] (custom)
2023-05-08 09:35:50,717 [Listener at 127.0.0.1/39805] INFO  server.XceiverServerGrpc (XceiverServerGrpc.java:<init>(132)) - GrpcServer channel type EpollServerSocketChannel
2023-05-08 09:35:50,717 [adad188d-dec8-49e0-8c63-aa4dd86be889-NettyServerStreamRpc-bossGroup--thread1] INFO  logging.LoggingHandler (AbstractInternalLogger.java:log(148)) - [id: 0xa3f1298e] REGISTERED
2023-05-08 09:35:50,717 [adad188d-dec8-49e0-8c63-aa4dd86be889-NettyServerStreamRpc-bossGroup--thread1] INFO  logging.LoggingHandler (AbstractInternalLogger.java:log(148)) - [id: 0xa3f1298e] BIND: 0.0.0.0/0.0.0.0:0
2023-05-08 09:35:50,717 [adad188d-dec8-49e0-8c63-aa4dd86be889-NettyServerStreamRpc-bossGroup--thread1] INFO  logging.LoggingHandler (AbstractInternalLogger.java:log(148)) - [id: 0xa3f1298e, L:/0:0:0:0:0:0:0:0:37925] ACTIVE
2023-05-08 09:35:50,718 [Listener at 127.0.0.1/39805] INFO  replication.ReplicationSupervisor (ReplicationSupervisor.java:nodeStateUpdated(295)) - Node state updated to IN_SERVICE, scaling executor pool size to 10
2023-05-08 09:35:50,719 [Listener at 127.0.0.1/39805] INFO  http.BaseHttpServer (BaseHttpServer.java:newHttpServer2BuilderForOzone(224)) - Starting Web-server for hddsDatanode at: http://0.0.0.0:0
2023-05-08 09:35:50,719 [Listener at 127.0.0.1/39805] INFO  http.BaseHttpServer (BaseHttpServer.java:<init>(111)) - Hadoop Security Enabled: false Ozone Security Enabled: false Ozone HTTP Security Enabled: false 
2023-05-08 09:35:50,720 [Listener at 127.0.0.1/39805] WARN  server.AuthenticationFilter (AuthenticationFilter.java:constructSecretProvider(240)) - Unable to initialize FileSignerSecretProvider, falling back to use random secrets. Reason: Could not read signature secret file: /home/runner/hadoop-http-auth-signature-secret
2023-05-08 09:35:50,721 [Listener at 127.0.0.1/39805] INFO  http.HttpRequestLog (HttpRequestLog.java:getRequestLog(86)) - Http request log for http.requests.hddsDatanode is not defined
2023-05-08 09:35:50,722 [Listener at 127.0.0.1/39805] INFO  http.HttpServer2 (HttpServer2.java:addGlobalFilter(1031)) - Added global filter 'safety' (class=org.apache.hadoop.hdds.server.http.HttpServer2$QuotingInputFilter)
2023-05-08 09:35:50,722 [Listener at 127.0.0.1/39805] INFO  http.HttpServer2 (HttpServer2.java:addFilter(1007)) - Added filter static_user_filter (class=org.apache.hadoop.http.lib.StaticUserWebFilter$StaticUserFilter) to context hddsDatanode
2023-05-08 09:35:50,722 [Listener at 127.0.0.1/39805] INFO  http.HttpServer2 (HttpServer2.java:addFilter(1015)) - Added filter static_user_filter (class=org.apache.hadoop.http.lib.StaticUserWebFilter$StaticUserFilter) to context logs
2023-05-08 09:35:50,722 [Listener at 127.0.0.1/39805] INFO  http.HttpServer2 (HttpServer2.java:addFilter(1015)) - Added filter static_user_filter (class=org.apache.hadoop.http.lib.StaticUserWebFilter$StaticUserFilter) to context static
2023-05-08 09:35:50,723 [Listener at 127.0.0.1/39805] INFO  http.BaseHttpServer (BaseHttpServer.java:<init>(190)) - HTTP server of hddsDatanode uses base directory /home/runner/work/ozone/ozone/hadoop-ozone/integration-test/target/test-dir/MiniOzoneClusterImpl-8c58255f-3d22-4aeb-98f1-cae2738195f5/datanode-0/meta/webserver
2023-05-08 09:35:50,723 [Listener at 127.0.0.1/39805] INFO  http.HttpServer2 (HttpServer2.java:bindListener(1250)) - Jetty bound to port 42663
2023-05-08 09:35:50,723 [Listener at 127.0.0.1/39805] INFO  server.Server (Server.java:doStart(375)) - jetty-9.4.51.v20230217; built: 2023-02-17T08:19:37.309Z; git: b45c405e4544384de066f814ed42ae3dceacdd49; jvm 1.8.0_362-b09
2023-05-08 09:35:50,724 [Listener at 127.0.0.1/39805] INFO  server.session (DefaultSessionIdManager.java:doStart(334)) - DefaultSessionIdManager workerName=node0
2023-05-08 09:35:50,724 [Listener at 127.0.0.1/39805] INFO  server.session (DefaultSessionIdManager.java:doStart(339)) - No SessionScavenger set, using defaults
2023-05-08 09:35:50,724 [Listener at 127.0.0.1/39805] INFO  server.session (HouseKeeper.java:startScavenging(132)) - node0 Scavenging every 660000ms
2023-05-08 09:35:50,725 [Listener at 127.0.0.1/39805] INFO  handler.ContextHandler (ContextHandler.java:doStart(921)) - Started o.e.j.s.ServletContextHandler@2fc519f1{logs,/logs,file:///home/runner/work/ozone/ozone/hadoop-ozone/integration-test/target/log,AVAILABLE}
2023-05-08 09:35:50,725 [Listener at 127.0.0.1/39805] INFO  handler.ContextHandler (ContextHandler.java:doStart(921)) - Started o.e.j.s.ServletContextHandler@7f00eb9f{static,/static,jar:file:/home/runner/.m2/repository/org/apache/ozone/hdds-container-service/1.4.0-SNAPSHOT/hdds-container-service-1.4.0-SNAPSHOT.jar!/webapps/static,AVAILABLE}
2023-05-08 09:35:50,914 [Listener at 127.0.0.1/39805] INFO  handler.ContextHandler (ContextHandler.java:doStart(921)) - Started o.e.j.w.WebAppContext@2c907b4e{hddsDatanode,/,file:///home/runner/work/ozone/ozone/hadoop-ozone/integration-test/target/test-dir/MiniOzoneClusterImpl-8c58255f-3d22-4aeb-98f1-cae2738195f5/datanode-0/meta/webserver/jetty-0_0_0_0-42663-hdds-container-service-1_4_0-SNAPSHOT_jar-_-any-6776925913524509935/webapp/,AVAILABLE}{jar:file:/home/runner/.m2/repository/org/apache/ozone/hdds-container-service/1.4.0-SNAPSHOT/hdds-container-service-1.4.0-SNAPSHOT.jar!/webapps/hddsDatanode}
2023-05-08 09:35:50,915 [Listener at 127.0.0.1/39805] INFO  server.AbstractConnector (AbstractConnector.java:doStart(333)) - Started ServerConnector@64d8a2b0{HTTP/1.1, (http/1.1)}{0.0.0.0:42663}
2023-05-08 09:35:50,915 [Listener at 127.0.0.1/39805] INFO  server.Server (Server.java:doStart(415)) - Started @159022ms
2023-05-08 09:35:50,915 [Listener at 127.0.0.1/39805] WARN  impl.MetricsSystemImpl (MetricsSystemImpl.java:register(279)) - Sink prometheus already exists!
2023-05-08 09:35:50,916 [Listener at 127.0.0.1/39805] INFO  http.BaseHttpServer (BaseHttpServer.java:updateConnectorAddress(344)) - HTTP server of hddsDatanode listening at http://0.0.0.0:42663
2023-05-08 09:35:50,917 [Datanode State Machine Daemon Thread] INFO  statemachine.DatanodeStateMachine (DatanodeStateMachine.java:lambda$startDaemon$0(524)) - Ozone container server started.
2023-05-08 09:35:50,917 [Listener at 127.0.0.1/39805] WARN  impl.MetricRegistriesImpl (MetricRegistriesImpl.java:addReporterRegistration(111)) - New reporters are added after registries were created. Some metrics will be missing from the reporter. Please add reporter before adding any new registry.
2023-05-08 09:35:50,918 [Listener at 127.0.0.1/39805] WARN  impl.MetricRegistriesImpl (MetricRegistriesImpl.java:addReporterRegistration(111)) - New reporters are added after registries were created. Some metrics will be missing from the reporter. Please add reporter before adding any new registry.
2023-05-08 09:35:50,918 [Listener at 127.0.0.1/39805] INFO  impl.MetricsSystemImpl (MetricsSystemImpl.java:init(158)) - HddsDatanode metrics system started (again)
2023-05-08 09:35:50,931 [Listener at 127.0.0.1/39805] INFO  ozone.HddsDatanodeService (HddsDatanodeService.java:start(252)) - HddsDatanodeService host:fv-az96-539 ip:10.1.0.160
2023-05-08 09:35:50,932 [org.apache.hadoop.util.JvmPauseMonitor$Monitor@2f4c6f8c] INFO  util.JvmPauseMonitor (JvmPauseMonitor.java:run(188)) - Starting JVM pause monitor
2023-05-08 09:35:50,945 [Datanode State Machine Task Thread - 0] INFO  datanode.InitDatanodeState (InitDatanodeState.java:persistContainerDatanodeDetails(138)) - DatanodeDetails is persisted to /home/runner/work/ozone/ozone/hadoop-ozone/integration-test/target/test-dir/MiniOzoneClusterImpl-8c58255f-3d22-4aeb-98f1-cae2738195f5/datanode-0/meta/datanode.id
2023-05-08 09:35:50,959 [Listener at 127.0.0.1/39805] INFO  upgrade.AbstractLayoutVersionManager (AbstractLayoutVersionManager.java:init(83)) - Initializing Layout version manager with metadata layout = WEBUI_PORTS_IN_DATANODEDETAILS (version = 6), software layout = WEBUI_PORTS_IN_DATANODEDETAILS (version = 6)
2023-05-08 09:35:51,004 [Listener at 127.0.0.1/39805] INFO  reflections.Reflections (Reflections.java:scan(232)) - Reflections took 43 ms to scan 7 urls, producing 156 keys and 369 values 
2023-05-08 09:35:51,005 [Listener at 127.0.0.1/39805] INFO  statemachine.DatanodeStateMachine (DatanodeStateMachine.java:getEndPointTaskThreadPoolSize(267)) - Datanode State Machine Task Thread Pool size 2
2023-05-08 09:35:51,007 [Listener at 127.0.0.1/39805] INFO  volume.HddsVolume (HddsVolume.java:<init>(130)) - Creating HddsVolume: /home/runner/work/ozone/ozone/hadoop-ozone/integration-test/target/test-dir/MiniOzoneClusterImpl-8c58255f-3d22-4aeb-98f1-cae2738195f5/datanode-1/data-0/containers/hdds of storage type : DISK capacity : 9223372036854775807
2023-05-08 09:35:51,007 [Listener at 127.0.0.1/39805] INFO  volume.MutableVolumeSet (MutableVolumeSet.java:initializeVolumeSet(175)) - Added Volume : /home/runner/work/ozone/ozone/hadoop-ozone/integration-test/target/test-dir/MiniOzoneClusterImpl-8c58255f-3d22-4aeb-98f1-cae2738195f5/datanode-1/data-0/containers/hdds to VolumeSet
2023-05-08 09:35:51,007 [Listener at 127.0.0.1/39805] INFO  volume.ThrottledAsyncChecker (ThrottledAsyncChecker.java:schedule(141)) - Scheduling a check for /home/runner/work/ozone/ozone/hadoop-ozone/integration-test/target/test-dir/MiniOzoneClusterImpl-8c58255f-3d22-4aeb-98f1-cae2738195f5/datanode-1/data-0/containers/hdds
2023-05-08 09:35:51,009 [Listener at 127.0.0.1/39805] INFO  volume.StorageVolumeChecker (StorageVolumeChecker.java:checkAllVolumes(202)) - Scheduled health check for volume /home/runner/work/ozone/ozone/hadoop-ozone/integration-test/target/test-dir/MiniOzoneClusterImpl-8c58255f-3d22-4aeb-98f1-cae2738195f5/datanode-1/data-0/containers/hdds
2023-05-08 09:35:51,019 [Listener at 127.0.0.1/39805] INFO  volume.MutableVolumeSet (MutableVolumeSet.java:initializeVolumeSet(175)) - Added Volume : /home/runner/work/ozone/ozone/hadoop-ozone/integration-test/target/test-dir/MiniOzoneClusterImpl-8c58255f-3d22-4aeb-98f1-cae2738195f5/datanode-1/data/ratis to VolumeSet
2023-05-08 09:35:51,019 [Listener at 127.0.0.1/39805] INFO  volume.ThrottledAsyncChecker (ThrottledAsyncChecker.java:schedule(141)) - Scheduling a check for /home/runner/work/ozone/ozone/hadoop-ozone/integration-test/target/test-dir/MiniOzoneClusterImpl-8c58255f-3d22-4aeb-98f1-cae2738195f5/datanode-1/data/ratis
2023-05-08 09:35:51,020 [Listener at 127.0.0.1/39805] INFO  volume.StorageVolumeChecker (StorageVolumeChecker.java:checkAllVolumes(202)) - Scheduled health check for volume /home/runner/work/ozone/ozone/hadoop-ozone/integration-test/target/test-dir/MiniOzoneClusterImpl-8c58255f-3d22-4aeb-98f1-cae2738195f5/datanode-1/data/ratis
2023-05-08 09:35:51,031 [Thread-2133] INFO  ozoneimpl.ContainerReader (ContainerReader.java:readVolume(175)) - Finish verifying containers on volume /home/runner/work/ozone/ozone/hadoop-ozone/integration-test/target/test-dir/MiniOzoneClusterImpl-8c58255f-3d22-4aeb-98f1-cae2738195f5/datanode-1/data-0/containers/hdds
2023-05-08 09:35:51,033 [Listener at 127.0.0.1/39805] INFO  ozoneimpl.OzoneContainer (OzoneContainer.java:buildContainerSet(303)) - Build ContainerSet costs 0s
2023-05-08 09:35:51,035 [Listener at 127.0.0.1/39805] INFO  server.RaftServer (ConfUtils.java:logGet(46)) - raft.rpc.type = GRPC (default)
2023-05-08 09:35:51,035 [Listener at 127.0.0.1/39805] INFO  grpc.GrpcConfigKeys (ConfUtils.java:logFallback(53)) - raft.grpc.admin.host = null (fallback to raft.grpc.server.host)
2023-05-08 09:35:51,035 [Listener at 127.0.0.1/39805] INFO  grpc.GrpcConfigKeys (ConfUtils.java:logGet(46)) - raft.grpc.admin.port = 0 (custom)
2023-05-08 09:35:51,036 [Listener at 127.0.0.1/39805] INFO  grpc.GrpcConfigKeys (ConfUtils.java:logFallback(53)) - raft.grpc.client.host = null (fallback to raft.grpc.server.host)
2023-05-08 09:35:51,036 [Listener at 127.0.0.1/39805] INFO  grpc.GrpcConfigKeys (ConfUtils.java:logGet(46)) - raft.grpc.client.port = 0 (custom)
2023-05-08 09:35:51,036 [Listener at 127.0.0.1/39805] INFO  grpc.GrpcConfigKeys (ConfUtils.java:logGet(46)) - raft.grpc.server.host = null (default)
2023-05-08 09:35:51,036 [Listener at 127.0.0.1/39805] INFO  grpc.GrpcConfigKeys (ConfUtils.java:logGet(46)) - raft.grpc.server.port = 0 (default)
2023-05-08 09:35:51,036 [Listener at 127.0.0.1/39805] INFO  server.GrpcService (ConfUtils.java:logGet(46)) - raft.grpc.message.size.max = 32MB (=33554432) (custom)
2023-05-08 09:35:51,036 [Listener at 127.0.0.1/39805] INFO  server.RaftServerConfigKeys (ConfUtils.java:logGet(46)) - raft.server.log.appender.buffer.byte-limit = 33554432 (custom)
2023-05-08 09:35:51,036 [Listener at 127.0.0.1/39805] INFO  server.GrpcService (ConfUtils.java:logGet(46)) - raft.grpc.flow.control.window = 5MB (=5242880) (custom)
2023-05-08 09:35:51,036 [Listener at 127.0.0.1/39805] INFO  server.RaftServerConfigKeys (ConfUtils.java:logGet(46)) - raft.server.rpc.request.timeout = 60s (custom)
2023-05-08 09:35:51,036 [Listener at 127.0.0.1/39805] INFO  grpc.GrpcConfigKeys (ConfUtils.java:logGet(46)) - raft.grpc.server.heartbeat.channel = true (default)
2023-05-08 09:35:51,036 [Listener at 127.0.0.1/39805] INFO  grpc.GrpcConfigKeys (ConfUtils.java:logGet(46)) - raft.grpc.server.async.request.thread.pool.cached = true (default)
2023-05-08 09:35:51,036 [Listener at 127.0.0.1/39805] INFO  grpc.GrpcConfigKeys (ConfUtils.java:logGet(46)) - raft.grpc.server.async.request.thread.pool.size = 32 (default)
2023-05-08 09:35:51,037 [Listener at 127.0.0.1/39805] INFO  impl.DataStreamServerImpl (ConfUtils.java:logGet(46)) - raft.datastream.type = NETTY (custom)
2023-05-08 09:35:51,038 [Listener at 127.0.0.1/39805] INFO  server.RaftServerConfigKeys (ConfUtils.java:logGet(46)) - raft.server.data-stream.async.request.thread.pool.cached = false (default)
2023-05-08 09:35:51,038 [Listener at 127.0.0.1/39805] INFO  server.RaftServerConfigKeys (ConfUtils.java:logGet(46)) - raft.server.data-stream.async.request.thread.pool.size = 20 (custom)
2023-05-08 09:35:51,038 [Listener at 127.0.0.1/39805] INFO  server.RaftServerConfigKeys (ConfUtils.java:logGet(46)) - raft.server.data-stream.async.write.thread.pool.size = 16 (default)
2023-05-08 09:35:51,038 [Listener at 127.0.0.1/39805] INFO  server.RaftServerConfigKeys (ConfUtils.java:logGet(46)) - raft.server.data-stream.client.pool.size = 10 (default)
2023-05-08 09:35:51,038 [Listener at 127.0.0.1/39805] INFO  netty.NettyConfigKeys$DataStream (ConfUtils.java:logGet(46)) - raft.netty.dataStream.server.use-epoll = false (default)
2023-05-08 09:35:51,038 [Listener at 127.0.0.1/39805] INFO  netty.NettyConfigKeys$DataStream (ConfUtils.java:logGet(46)) - raft.netty.dataStream.server.boss-group.size = 0 (default)
2023-05-08 09:35:51,038 [Listener at 127.0.0.1/39805] INFO  netty.NettyConfigKeys$DataStream (ConfUtils.java:logGet(46)) - raft.netty.dataStream.server.worker-group.size = 0 (default)
2023-05-08 09:35:51,039 [Listener at 127.0.0.1/39805] INFO  netty.NettyConfigKeys$DataStream (ConfUtils.java:logGet(46)) - raft.netty.dataStream.server.tls.conf = null (default)
2023-05-08 09:35:51,039 [Listener at 127.0.0.1/39805] INFO  netty.NettyConfigKeys$DataStream (ConfUtils.java:logGet(46)) - raft.netty.dataStream.host = null (default)
2023-05-08 09:35:51,039 [Listener at 127.0.0.1/39805] INFO  netty.NettyConfigKeys$DataStream (ConfUtils.java:logGet(46)) - raft.netty.dataStream.port = 0 (default)
2023-05-08 09:35:51,040 [Listener at 127.0.0.1/39805] INFO  server.RaftServerConfigKeys (ConfUtils.java:logGet(46)) - raft.server.threadpool.proxy.cached = true (default)
2023-05-08 09:35:51,040 [Listener at 127.0.0.1/39805] INFO  server.RaftServerConfigKeys (ConfUtils.java:logGet(46)) - raft.server.threadpool.proxy.size = 0 (default)
2023-05-08 09:35:51,040 [Listener at 127.0.0.1/39805] INFO  server.RaftServerConfigKeys (ConfUtils.java:logGet(46)) - raft.server.rpc.slowness.timeout = 300s (custom)
2023-05-08 09:35:51,040 [Listener at 127.0.0.1/39805] INFO  server.RaftServerConfigKeys (ConfUtils.java:logGet(46)) - raft.server.leaderelection.leader.step-down.wait-time = 10s (default)
2023-05-08 09:35:51,040 [Listener at 127.0.0.1/39805] INFO  server.RaftServerConfigKeys (ConfUtils.java:logGet(46)) - raft.server.storage.dir = [/home/runner/work/ozone/ozone/hadoop-ozone/integration-test/target/test-dir/MiniOzoneClusterImpl-8c58255f-3d22-4aeb-98f1-cae2738195f5/datanode-1/data/ratis] (custom)
2023-05-08 09:35:51,044 [7d225e59-d7fc-44c3-8933-4ad8325cd17e-NettyServerStreamRpc-bossGroup--thread1] INFO  logging.LoggingHandler (AbstractInternalLogger.java:log(148)) - [id: 0x18adc750] REGISTERED
2023-05-08 09:35:51,044 [7d225e59-d7fc-44c3-8933-4ad8325cd17e-NettyServerStreamRpc-bossGroup--thread1] INFO  logging.LoggingHandler (AbstractInternalLogger.java:log(148)) - [id: 0x18adc750] BIND: 0.0.0.0/0.0.0.0:0
2023-05-08 09:35:51,044 [7d225e59-d7fc-44c3-8933-4ad8325cd17e-NettyServerStreamRpc-bossGroup--thread1] INFO  logging.LoggingHandler (AbstractInternalLogger.java:log(148)) - [id: 0x18adc750, L:/0:0:0:0:0:0:0:0:36997] ACTIVE
2023-05-08 09:35:51,046 [Listener at 127.0.0.1/39805] INFO  server.XceiverServerGrpc (XceiverServerGrpc.java:<init>(132)) - GrpcServer channel type EpollServerSocketChannel
2023-05-08 09:35:51,048 [Listener at 127.0.0.1/39805] INFO  replication.ReplicationSupervisor (ReplicationSupervisor.java:nodeStateUpdated(295)) - Node state updated to IN_SERVICE, scaling executor pool size to 10
2023-05-08 09:35:51,050 [Listener at 127.0.0.1/39805] INFO  http.BaseHttpServer (BaseHttpServer.java:newHttpServer2BuilderForOzone(224)) - Starting Web-server for hddsDatanode at: http://0.0.0.0:0
2023-05-08 09:35:51,050 [Listener at 127.0.0.1/39805] INFO  http.BaseHttpServer (BaseHttpServer.java:<init>(111)) - Hadoop Security Enabled: false Ozone Security Enabled: false Ozone HTTP Security Enabled: false 
2023-05-08 09:35:51,051 [Listener at 127.0.0.1/39805] WARN  server.AuthenticationFilter (AuthenticationFilter.java:constructSecretProvider(240)) - Unable to initialize FileSignerSecretProvider, falling back to use random secrets. Reason: Could not read signature secret file: /home/runner/hadoop-http-auth-signature-secret
2023-05-08 09:35:51,051 [Listener at 127.0.0.1/39805] INFO  http.HttpRequestLog (HttpRequestLog.java:getRequestLog(86)) - Http request log for http.requests.hddsDatanode is not defined
2023-05-08 09:35:51,052 [Listener at 127.0.0.1/39805] INFO  http.HttpServer2 (HttpServer2.java:addGlobalFilter(1031)) - Added global filter 'safety' (class=org.apache.hadoop.hdds.server.http.HttpServer2$QuotingInputFilter)
2023-05-08 09:35:51,053 [Listener at 127.0.0.1/39805] INFO  http.HttpServer2 (HttpServer2.java:addFilter(1007)) - Added filter static_user_filter (class=org.apache.hadoop.http.lib.StaticUserWebFilter$StaticUserFilter) to context hddsDatanode
2023-05-08 09:35:51,053 [Listener at 127.0.0.1/39805] INFO  http.HttpServer2 (HttpServer2.java:addFilter(1015)) - Added filter static_user_filter (class=org.apache.hadoop.http.lib.StaticUserWebFilter$StaticUserFilter) to context static
2023-05-08 09:35:51,053 [Listener at 127.0.0.1/39805] INFO  http.HttpServer2 (HttpServer2.java:addFilter(1015)) - Added filter static_user_filter (class=org.apache.hadoop.http.lib.StaticUserWebFilter$StaticUserFilter) to context logs
2023-05-08 09:35:51,053 [Listener at 127.0.0.1/39805] INFO  http.BaseHttpServer (BaseHttpServer.java:<init>(190)) - HTTP server of hddsDatanode uses base directory /home/runner/work/ozone/ozone/hadoop-ozone/integration-test/target/test-dir/MiniOzoneClusterImpl-8c58255f-3d22-4aeb-98f1-cae2738195f5/datanode-1/meta/webserver
2023-05-08 09:35:51,053 [Listener at 127.0.0.1/39805] INFO  http.HttpServer2 (HttpServer2.java:bindListener(1250)) - Jetty bound to port 46275
2023-05-08 09:35:51,053 [Listener at 127.0.0.1/39805] INFO  server.Server (Server.java:doStart(375)) - jetty-9.4.51.v20230217; built: 2023-02-17T08:19:37.309Z; git: b45c405e4544384de066f814ed42ae3dceacdd49; jvm 1.8.0_362-b09
2023-05-08 09:35:51,055 [Listener at 127.0.0.1/39805] INFO  server.session (DefaultSessionIdManager.java:doStart(334)) - DefaultSessionIdManager workerName=node0
2023-05-08 09:35:51,055 [Listener at 127.0.0.1/39805] INFO  server.session (DefaultSessionIdManager.java:doStart(339)) - No SessionScavenger set, using defaults
2023-05-08 09:35:51,055 [Listener at 127.0.0.1/39805] INFO  server.session (HouseKeeper.java:startScavenging(132)) - node0 Scavenging every 600000ms
2023-05-08 09:35:51,056 [Listener at 127.0.0.1/39805] INFO  handler.ContextHandler (ContextHandler.java:doStart(921)) - Started o.e.j.s.ServletContextHandler@42a6315b{logs,/logs,file:///home/runner/work/ozone/ozone/hadoop-ozone/integration-test/target/log,AVAILABLE}
2023-05-08 09:35:51,056 [Listener at 127.0.0.1/39805] INFO  handler.ContextHandler (ContextHandler.java:doStart(921)) - Started o.e.j.s.ServletContextHandler@65cc6e4b{static,/static,jar:file:/home/runner/.m2/repository/org/apache/ozone/hdds-container-service/1.4.0-SNAPSHOT/hdds-container-service-1.4.0-SNAPSHOT.jar!/webapps/static,AVAILABLE}
2023-05-08 09:35:51,245 [Listener at 127.0.0.1/39805] INFO  handler.ContextHandler (ContextHandler.java:doStart(921)) - Started o.e.j.w.WebAppContext@29623386{hddsDatanode,/,file:///home/runner/work/ozone/ozone/hadoop-ozone/integration-test/target/test-dir/MiniOzoneClusterImpl-8c58255f-3d22-4aeb-98f1-cae2738195f5/datanode-1/meta/webserver/jetty-0_0_0_0-46275-hdds-container-service-1_4_0-SNAPSHOT_jar-_-any-8204969159891854840/webapp/,AVAILABLE}{jar:file:/home/runner/.m2/repository/org/apache/ozone/hdds-container-service/1.4.0-SNAPSHOT/hdds-container-service-1.4.0-SNAPSHOT.jar!/webapps/hddsDatanode}
2023-05-08 09:35:51,246 [Listener at 127.0.0.1/39805] INFO  server.AbstractConnector (AbstractConnector.java:doStart(333)) - Started ServerConnector@31350162{HTTP/1.1, (http/1.1)}{0.0.0.0:46275}
2023-05-08 09:35:51,246 [Listener at 127.0.0.1/39805] INFO  server.Server (Server.java:doStart(415)) - Started @159353ms
2023-05-08 09:35:51,246 [Listener at 127.0.0.1/39805] WARN  impl.MetricsSystemImpl (MetricsSystemImpl.java:register(279)) - Sink prometheus already exists!
2023-05-08 09:35:51,247 [Listener at 127.0.0.1/39805] INFO  http.BaseHttpServer (BaseHttpServer.java:updateConnectorAddress(344)) - HTTP server of hddsDatanode listening at http://0.0.0.0:46275
2023-05-08 09:35:51,248 [Listener at 127.0.0.1/39805] WARN  impl.MetricRegistriesImpl (MetricRegistriesImpl.java:addReporterRegistration(111)) - New reporters are added after registries were created. Some metrics will be missing from the reporter. Please add reporter before adding any new registry.
2023-05-08 09:35:51,248 [Listener at 127.0.0.1/39805] WARN  impl.MetricRegistriesImpl (MetricRegistriesImpl.java:addReporterRegistration(111)) - New reporters are added after registries were created. Some metrics will be missing from the reporter. Please add reporter before adding any new registry.
2023-05-08 09:35:51,248 [Listener at 127.0.0.1/39805] INFO  impl.MetricsSystemImpl (MetricsSystemImpl.java:init(158)) - HddsDatanode metrics system started (again)
2023-05-08 09:35:51,256 [Datanode State Machine Daemon Thread] INFO  statemachine.DatanodeStateMachine (DatanodeStateMachine.java:lambda$startDaemon$0(524)) - Ozone container server started.
2023-05-08 09:35:51,263 [Listener at 127.0.0.1/39805] INFO  ozone.HddsDatanodeService (HddsDatanodeService.java:start(252)) - HddsDatanodeService host:fv-az96-539 ip:10.1.0.160
2023-05-08 09:35:51,264 [org.apache.hadoop.util.JvmPauseMonitor$Monitor@69495416] INFO  util.JvmPauseMonitor (JvmPauseMonitor.java:run(188)) - Starting JVM pause monitor
2023-05-08 09:35:51,269 [Datanode State Machine Task Thread - 0] INFO  datanode.InitDatanodeState (InitDatanodeState.java:persistContainerDatanodeDetails(138)) - DatanodeDetails is persisted to /home/runner/work/ozone/ozone/hadoop-ozone/integration-test/target/test-dir/MiniOzoneClusterImpl-8c58255f-3d22-4aeb-98f1-cae2738195f5/datanode-1/meta/datanode.id
2023-05-08 09:35:51,281 [Listener at 127.0.0.1/39805] INFO  upgrade.AbstractLayoutVersionManager (AbstractLayoutVersionManager.java:init(83)) - Initializing Layout version manager with metadata layout = WEBUI_PORTS_IN_DATANODEDETAILS (version = 6), software layout = WEBUI_PORTS_IN_DATANODEDETAILS (version = 6)
2023-05-08 09:35:51,325 [Listener at 127.0.0.1/39805] INFO  reflections.Reflections (Reflections.java:scan(232)) - Reflections took 43 ms to scan 7 urls, producing 156 keys and 369 values 
2023-05-08 09:35:51,327 [Listener at 127.0.0.1/39805] INFO  statemachine.DatanodeStateMachine (DatanodeStateMachine.java:getEndPointTaskThreadPoolSize(267)) - Datanode State Machine Task Thread Pool size 2
2023-05-08 09:35:51,329 [Listener at 127.0.0.1/39805] INFO  volume.HddsVolume (HddsVolume.java:<init>(130)) - Creating HddsVolume: /home/runner/work/ozone/ozone/hadoop-ozone/integration-test/target/test-dir/MiniOzoneClusterImpl-8c58255f-3d22-4aeb-98f1-cae2738195f5/datanode-2/data-0/containers/hdds of storage type : DISK capacity : 9223372036854775807
2023-05-08 09:35:51,329 [Listener at 127.0.0.1/39805] INFO  volume.MutableVolumeSet (MutableVolumeSet.java:initializeVolumeSet(175)) - Added Volume : /home/runner/work/ozone/ozone/hadoop-ozone/integration-test/target/test-dir/MiniOzoneClusterImpl-8c58255f-3d22-4aeb-98f1-cae2738195f5/datanode-2/data-0/containers/hdds to VolumeSet
2023-05-08 09:35:51,329 [Listener at 127.0.0.1/39805] INFO  volume.ThrottledAsyncChecker (ThrottledAsyncChecker.java:schedule(141)) - Scheduling a check for /home/runner/work/ozone/ozone/hadoop-ozone/integration-test/target/test-dir/MiniOzoneClusterImpl-8c58255f-3d22-4aeb-98f1-cae2738195f5/datanode-2/data-0/containers/hdds
2023-05-08 09:35:51,332 [Listener at 127.0.0.1/39805] INFO  volume.StorageVolumeChecker (StorageVolumeChecker.java:checkAllVolumes(202)) - Scheduled health check for volume /home/runner/work/ozone/ozone/hadoop-ozone/integration-test/target/test-dir/MiniOzoneClusterImpl-8c58255f-3d22-4aeb-98f1-cae2738195f5/datanode-2/data-0/containers/hdds
2023-05-08 09:35:51,342 [Listener at 127.0.0.1/39805] INFO  volume.MutableVolumeSet (MutableVolumeSet.java:initializeVolumeSet(175)) - Added Volume : /home/runner/work/ozone/ozone/hadoop-ozone/integration-test/target/test-dir/MiniOzoneClusterImpl-8c58255f-3d22-4aeb-98f1-cae2738195f5/datanode-2/data/ratis to VolumeSet
2023-05-08 09:35:51,343 [Listener at 127.0.0.1/39805] INFO  volume.ThrottledAsyncChecker (ThrottledAsyncChecker.java:schedule(141)) - Scheduling a check for /home/runner/work/ozone/ozone/hadoop-ozone/integration-test/target/test-dir/MiniOzoneClusterImpl-8c58255f-3d22-4aeb-98f1-cae2738195f5/datanode-2/data/ratis
2023-05-08 09:35:51,343 [Listener at 127.0.0.1/39805] INFO  volume.StorageVolumeChecker (StorageVolumeChecker.java:checkAllVolumes(202)) - Scheduled health check for volume /home/runner/work/ozone/ozone/hadoop-ozone/integration-test/target/test-dir/MiniOzoneClusterImpl-8c58255f-3d22-4aeb-98f1-cae2738195f5/datanode-2/data/ratis
2023-05-08 09:35:51,353 [Thread-2147] INFO  ozoneimpl.ContainerReader (ContainerReader.java:readVolume(175)) - Finish verifying containers on volume /home/runner/work/ozone/ozone/hadoop-ozone/integration-test/target/test-dir/MiniOzoneClusterImpl-8c58255f-3d22-4aeb-98f1-cae2738195f5/datanode-2/data-0/containers/hdds
2023-05-08 09:35:51,354 [Listener at 127.0.0.1/39805] INFO  ozoneimpl.OzoneContainer (OzoneContainer.java:buildContainerSet(303)) - Build ContainerSet costs 0s
2023-05-08 09:35:51,355 [Listener at 127.0.0.1/39805] INFO  server.RaftServer (ConfUtils.java:logGet(46)) - raft.rpc.type = GRPC (default)
2023-05-08 09:35:51,355 [Listener at 127.0.0.1/39805] INFO  grpc.GrpcConfigKeys (ConfUtils.java:logFallback(53)) - raft.grpc.admin.host = null (fallback to raft.grpc.server.host)
2023-05-08 09:35:51,355 [Listener at 127.0.0.1/39805] INFO  grpc.GrpcConfigKeys (ConfUtils.java:logGet(46)) - raft.grpc.admin.port = 0 (custom)
2023-05-08 09:35:51,356 [Listener at 127.0.0.1/39805] INFO  grpc.GrpcConfigKeys (ConfUtils.java:logFallback(53)) - raft.grpc.client.host = null (fallback to raft.grpc.server.host)
2023-05-08 09:35:51,356 [Listener at 127.0.0.1/39805] INFO  grpc.GrpcConfigKeys (ConfUtils.java:logGet(46)) - raft.grpc.client.port = 0 (custom)
2023-05-08 09:35:51,356 [Listener at 127.0.0.1/39805] INFO  grpc.GrpcConfigKeys (ConfUtils.java:logGet(46)) - raft.grpc.server.host = null (default)
2023-05-08 09:35:51,356 [Listener at 127.0.0.1/39805] INFO  grpc.GrpcConfigKeys (ConfUtils.java:logGet(46)) - raft.grpc.server.port = 0 (default)
2023-05-08 09:35:51,356 [Listener at 127.0.0.1/39805] INFO  server.GrpcService (ConfUtils.java:logGet(46)) - raft.grpc.message.size.max = 32MB (=33554432) (custom)
2023-05-08 09:35:51,356 [Listener at 127.0.0.1/39805] INFO  server.RaftServerConfigKeys (ConfUtils.java:logGet(46)) - raft.server.log.appender.buffer.byte-limit = 33554432 (custom)
2023-05-08 09:35:51,356 [Listener at 127.0.0.1/39805] INFO  server.GrpcService (ConfUtils.java:logGet(46)) - raft.grpc.flow.control.window = 5MB (=5242880) (custom)
2023-05-08 09:35:51,356 [Listener at 127.0.0.1/39805] INFO  server.RaftServerConfigKeys (ConfUtils.java:logGet(46)) - raft.server.rpc.request.timeout = 60s (custom)
2023-05-08 09:35:51,356 [Listener at 127.0.0.1/39805] INFO  grpc.GrpcConfigKeys (ConfUtils.java:logGet(46)) - raft.grpc.server.heartbeat.channel = true (default)
2023-05-08 09:35:51,356 [Listener at 127.0.0.1/39805] INFO  grpc.GrpcConfigKeys (ConfUtils.java:logGet(46)) - raft.grpc.server.async.request.thread.pool.cached = true (default)
2023-05-08 09:35:51,356 [Listener at 127.0.0.1/39805] INFO  grpc.GrpcConfigKeys (ConfUtils.java:logGet(46)) - raft.grpc.server.async.request.thread.pool.size = 32 (default)
2023-05-08 09:35:51,357 [Listener at 127.0.0.1/39805] INFO  impl.DataStreamServerImpl (ConfUtils.java:logGet(46)) - raft.datastream.type = NETTY (custom)
2023-05-08 09:35:51,357 [Listener at 127.0.0.1/39805] INFO  server.RaftServerConfigKeys (ConfUtils.java:logGet(46)) - raft.server.data-stream.async.request.thread.pool.cached = false (default)
2023-05-08 09:35:51,357 [Listener at 127.0.0.1/39805] INFO  server.RaftServerConfigKeys (ConfUtils.java:logGet(46)) - raft.server.data-stream.async.request.thread.pool.size = 20 (custom)
2023-05-08 09:35:51,357 [Listener at 127.0.0.1/39805] INFO  server.RaftServerConfigKeys (ConfUtils.java:logGet(46)) - raft.server.data-stream.async.write.thread.pool.size = 16 (default)
2023-05-08 09:35:51,358 [Listener at 127.0.0.1/39805] INFO  server.RaftServerConfigKeys (ConfUtils.java:logGet(46)) - raft.server.data-stream.client.pool.size = 10 (default)
2023-05-08 09:35:51,358 [Listener at 127.0.0.1/39805] INFO  netty.NettyConfigKeys$DataStream (ConfUtils.java:logGet(46)) - raft.netty.dataStream.server.use-epoll = false (default)
2023-05-08 09:35:51,358 [Listener at 127.0.0.1/39805] INFO  netty.NettyConfigKeys$DataStream (ConfUtils.java:logGet(46)) - raft.netty.dataStream.server.boss-group.size = 0 (default)
2023-05-08 09:35:51,358 [Listener at 127.0.0.1/39805] INFO  netty.NettyConfigKeys$DataStream (ConfUtils.java:logGet(46)) - raft.netty.dataStream.server.worker-group.size = 0 (default)
2023-05-08 09:35:51,358 [Listener at 127.0.0.1/39805] INFO  netty.NettyConfigKeys$DataStream (ConfUtils.java:logGet(46)) - raft.netty.dataStream.server.tls.conf = null (default)
2023-05-08 09:35:51,358 [Listener at 127.0.0.1/39805] INFO  netty.NettyConfigKeys$DataStream (ConfUtils.java:logGet(46)) - raft.netty.dataStream.host = null (default)
2023-05-08 09:35:51,358 [Listener at 127.0.0.1/39805] INFO  netty.NettyConfigKeys$DataStream (ConfUtils.java:logGet(46)) - raft.netty.dataStream.port = 0 (default)
2023-05-08 09:35:51,359 [Listener at 127.0.0.1/39805] INFO  server.RaftServerConfigKeys (ConfUtils.java:logGet(46)) - raft.server.threadpool.proxy.cached = true (default)
2023-05-08 09:35:51,360 [Listener at 127.0.0.1/39805] INFO  server.RaftServerConfigKeys (ConfUtils.java:logGet(46)) - raft.server.threadpool.proxy.size = 0 (default)
2023-05-08 09:35:51,360 [Listener at 127.0.0.1/39805] INFO  server.RaftServerConfigKeys (ConfUtils.java:logGet(46)) - raft.server.rpc.slowness.timeout = 300s (custom)
2023-05-08 09:35:51,360 [Listener at 127.0.0.1/39805] INFO  server.RaftServerConfigKeys (ConfUtils.java:logGet(46)) - raft.server.leaderelection.leader.step-down.wait-time = 10s (default)
2023-05-08 09:35:51,360 [Listener at 127.0.0.1/39805] INFO  server.RaftServerConfigKeys (ConfUtils.java:logGet(46)) - raft.server.storage.dir = [/home/runner/work/ozone/ozone/hadoop-ozone/integration-test/target/test-dir/MiniOzoneClusterImpl-8c58255f-3d22-4aeb-98f1-cae2738195f5/datanode-2/data/ratis] (custom)
2023-05-08 09:35:51,360 [4515e5b0-3b05-46e4-bb3b-126498a8ebe7-NettyServerStreamRpc-bossGroup--thread1] INFO  logging.LoggingHandler (AbstractInternalLogger.java:log(148)) - [id: 0x069a83f4] REGISTERED
2023-05-08 09:35:51,360 [4515e5b0-3b05-46e4-bb3b-126498a8ebe7-NettyServerStreamRpc-bossGroup--thread1] INFO  logging.LoggingHandler (AbstractInternalLogger.java:log(148)) - [id: 0x069a83f4] BIND: 0.0.0.0/0.0.0.0:0
2023-05-08 09:35:51,361 [4515e5b0-3b05-46e4-bb3b-126498a8ebe7-NettyServerStreamRpc-bossGroup--thread1] INFO  logging.LoggingHandler (AbstractInternalLogger.java:log(148)) - [id: 0x069a83f4, L:/0:0:0:0:0:0:0:0:36629] ACTIVE
2023-05-08 09:35:51,361 [Listener at 127.0.0.1/39805] INFO  server.XceiverServerGrpc (XceiverServerGrpc.java:<init>(132)) - GrpcServer channel type EpollServerSocketChannel
2023-05-08 09:35:51,362 [Listener at 127.0.0.1/39805] INFO  replication.ReplicationSupervisor (ReplicationSupervisor.java:nodeStateUpdated(295)) - Node state updated to IN_SERVICE, scaling executor pool size to 10
2023-05-08 09:35:51,364 [Listener at 127.0.0.1/39805] INFO  http.BaseHttpServer (BaseHttpServer.java:newHttpServer2BuilderForOzone(224)) - Starting Web-server for hddsDatanode at: http://0.0.0.0:0
2023-05-08 09:35:51,364 [Listener at 127.0.0.1/39805] INFO  http.BaseHttpServer (BaseHttpServer.java:<init>(111)) - Hadoop Security Enabled: false Ozone Security Enabled: false Ozone HTTP Security Enabled: false 
2023-05-08 09:35:51,365 [Listener at 127.0.0.1/39805] WARN  server.AuthenticationFilter (AuthenticationFilter.java:constructSecretProvider(240)) - Unable to initialize FileSignerSecretProvider, falling back to use random secrets. Reason: Could not read signature secret file: /home/runner/hadoop-http-auth-signature-secret
2023-05-08 09:35:51,367 [Listener at 127.0.0.1/39805] INFO  http.HttpRequestLog (HttpRequestLog.java:getRequestLog(86)) - Http request log for http.requests.hddsDatanode is not defined
2023-05-08 09:35:51,368 [Listener at 127.0.0.1/39805] INFO  http.HttpServer2 (HttpServer2.java:addGlobalFilter(1031)) - Added global filter 'safety' (class=org.apache.hadoop.hdds.server.http.HttpServer2$QuotingInputFilter)
2023-05-08 09:35:51,368 [Listener at 127.0.0.1/39805] INFO  http.HttpServer2 (HttpServer2.java:addFilter(1007)) - Added filter static_user_filter (class=org.apache.hadoop.http.lib.StaticUserWebFilter$StaticUserFilter) to context hddsDatanode
2023-05-08 09:35:51,369 [Listener at 127.0.0.1/39805] INFO  http.HttpServer2 (HttpServer2.java:addFilter(1015)) - Added filter static_user_filter (class=org.apache.hadoop.http.lib.StaticUserWebFilter$StaticUserFilter) to context logs
2023-05-08 09:35:51,369 [Listener at 127.0.0.1/39805] INFO  http.HttpServer2 (HttpServer2.java:addFilter(1015)) - Added filter static_user_filter (class=org.apache.hadoop.http.lib.StaticUserWebFilter$StaticUserFilter) to context static
2023-05-08 09:35:51,370 [Listener at 127.0.0.1/39805] INFO  http.BaseHttpServer (BaseHttpServer.java:<init>(190)) - HTTP server of hddsDatanode uses base directory /home/runner/work/ozone/ozone/hadoop-ozone/integration-test/target/test-dir/MiniOzoneClusterImpl-8c58255f-3d22-4aeb-98f1-cae2738195f5/datanode-2/meta/webserver
2023-05-08 09:35:51,370 [Listener at 127.0.0.1/39805] INFO  http.HttpServer2 (HttpServer2.java:bindListener(1250)) - Jetty bound to port 40653
2023-05-08 09:35:51,370 [Listener at 127.0.0.1/39805] INFO  server.Server (Server.java:doStart(375)) - jetty-9.4.51.v20230217; built: 2023-02-17T08:19:37.309Z; git: b45c405e4544384de066f814ed42ae3dceacdd49; jvm 1.8.0_362-b09
2023-05-08 09:35:51,374 [Listener at 127.0.0.1/39805] INFO  server.session (DefaultSessionIdManager.java:doStart(334)) - DefaultSessionIdManager workerName=node0
2023-05-08 09:35:51,374 [Listener at 127.0.0.1/39805] INFO  server.session (DefaultSessionIdManager.java:doStart(339)) - No SessionScavenger set, using defaults
2023-05-08 09:35:51,374 [Listener at 127.0.0.1/39805] INFO  server.session (HouseKeeper.java:startScavenging(132)) - node0 Scavenging every 660000ms
2023-05-08 09:35:51,375 [Listener at 127.0.0.1/39805] INFO  handler.ContextHandler (ContextHandler.java:doStart(921)) - Started o.e.j.s.ServletContextHandler@4ff6e69c{logs,/logs,file:///home/runner/work/ozone/ozone/hadoop-ozone/integration-test/target/log,AVAILABLE}
2023-05-08 09:35:51,375 [Listener at 127.0.0.1/39805] INFO  handler.ContextHandler (ContextHandler.java:doStart(921)) - Started o.e.j.s.ServletContextHandler@604070a{static,/static,jar:file:/home/runner/.m2/repository/org/apache/ozone/hdds-container-service/1.4.0-SNAPSHOT/hdds-container-service-1.4.0-SNAPSHOT.jar!/webapps/static,AVAILABLE}
2023-05-08 09:35:51,568 [Listener at 127.0.0.1/39805] INFO  handler.ContextHandler (ContextHandler.java:doStart(921)) - Started o.e.j.w.WebAppContext@3716e55{hddsDatanode,/,file:///home/runner/work/ozone/ozone/hadoop-ozone/integration-test/target/test-dir/MiniOzoneClusterImpl-8c58255f-3d22-4aeb-98f1-cae2738195f5/datanode-2/meta/webserver/jetty-0_0_0_0-40653-hdds-container-service-1_4_0-SNAPSHOT_jar-_-any-4954989701465923417/webapp/,AVAILABLE}{jar:file:/home/runner/.m2/repository/org/apache/ozone/hdds-container-service/1.4.0-SNAPSHOT/hdds-container-service-1.4.0-SNAPSHOT.jar!/webapps/hddsDatanode}
2023-05-08 09:35:51,569 [Listener at 127.0.0.1/39805] INFO  server.AbstractConnector (AbstractConnector.java:doStart(333)) - Started ServerConnector@2a83b4f7{HTTP/1.1, (http/1.1)}{0.0.0.0:40653}
2023-05-08 09:35:51,569 [Listener at 127.0.0.1/39805] INFO  server.Server (Server.java:doStart(415)) - Started @159676ms
2023-05-08 09:35:51,569 [Listener at 127.0.0.1/39805] WARN  impl.MetricsSystemImpl (MetricsSystemImpl.java:register(279)) - Sink prometheus already exists!
2023-05-08 09:35:51,570 [Listener at 127.0.0.1/39805] INFO  http.BaseHttpServer (BaseHttpServer.java:updateConnectorAddress(344)) - HTTP server of hddsDatanode listening at http://0.0.0.0:40653
2023-05-08 09:35:51,573 [Datanode State Machine Daemon Thread] INFO  statemachine.DatanodeStateMachine (DatanodeStateMachine.java:lambda$startDaemon$0(524)) - Ozone container server started.
2023-05-08 09:35:51,573 [Listener at 127.0.0.1/39805] INFO  ozone.MiniOzoneClusterImpl (MiniOzoneClusterImpl.java:lambda$waitForClusterToBeReady$0(224)) - Waiting for nodes to be ready. Got 0 of 3 DN Heartbeats.
2023-05-08 09:35:51,574 [Listener at 127.0.0.1/39805] INFO  ozone.MiniOzoneClusterImpl (MiniOzoneClusterImpl.java:lambda$waitForClusterToBeReady$0(227)) - Waiting for cluster to exit safe mode
2023-05-08 09:35:51,574 [Listener at 127.0.0.1/39805] INFO  ozone.MiniOzoneClusterImpl (MiniOzoneClusterImpl.java:lambda$waitForClusterToBeReady$0(229)) - SCM became leader
2023-05-08 09:35:51,575 [org.apache.hadoop.util.JvmPauseMonitor$Monitor@73a1eb35] INFO  util.JvmPauseMonitor (JvmPauseMonitor.java:run(188)) - Starting JVM pause monitor
2023-05-08 09:35:51,577 [Datanode State Machine Task Thread - 0] INFO  datanode.InitDatanodeState (InitDatanodeState.java:persistContainerDatanodeDetails(138)) - DatanodeDetails is persisted to /home/runner/work/ozone/ozone/hadoop-ozone/integration-test/target/test-dir/MiniOzoneClusterImpl-8c58255f-3d22-4aeb-98f1-cae2738195f5/datanode-2/meta/datanode.id
2023-05-08 09:35:51,641 [om1@group-C5BA1605619E-FollowerState] INFO  impl.FollowerState (FollowerState.java:run(143)) - om1@group-C5BA1605619E-FollowerState: change to CANDIDATE, lastRpcElapsedTime:1123512306ns, electionTimeout:1123ms
2023-05-08 09:35:51,641 [om1@group-C5BA1605619E-FollowerState] INFO  impl.RoleInfo (RoleInfo.java:shutdownFollowerState(110)) - om1: shutdown om1@group-C5BA1605619E-FollowerState
2023-05-08 09:35:51,641 [om1@group-C5BA1605619E-FollowerState] INFO  server.RaftServer$Division (RaftServerImpl.java:setRole(321)) - om1@group-C5BA1605619E: changes role from  FOLLOWER to CANDIDATE at term 0 for changeToCandidate
2023-05-08 09:35:51,641 [om1@group-C5BA1605619E-FollowerState] INFO  server.RaftServerConfigKeys (ConfUtils.java:logGet(46)) - raft.server.leaderelection.pre-vote = true (default)
2023-05-08 09:35:51,641 [om1@group-C5BA1605619E-FollowerState] INFO  impl.RoleInfo (RoleInfo.java:updateAndGet(139)) - om1: start om1@group-C5BA1605619E-LeaderElection37
2023-05-08 09:35:51,643 [om1@group-C5BA1605619E-LeaderElection37] INFO  impl.LeaderElection (LeaderElection.java:askForVotes(312)) - om1@group-C5BA1605619E-LeaderElection37 PRE_VOTE round 0: submit vote requests at term 0 for -1: peers:[om1|rpc:localhost:9872|priority:0|startupRole:FOLLOWER]|listeners:[], old=null
2023-05-08 09:35:51,643 [om1@group-C5BA1605619E-LeaderElection37] INFO  impl.LeaderElection (LeaderElection.java:askForVotes(314)) - om1@group-C5BA1605619E-LeaderElection37 PRE_VOTE round 0: result PASSED (term=0)
2023-05-08 09:35:51,645 [om1@group-C5BA1605619E-LeaderElection37] INFO  impl.LeaderElection (LeaderElection.java:askForVotes(312)) - om1@group-C5BA1605619E-LeaderElection37 ELECTION round 0: submit vote requests at term 1 for -1: peers:[om1|rpc:localhost:9872|priority:0|startupRole:FOLLOWER]|listeners:[], old=null
2023-05-08 09:35:51,645 [om1@group-C5BA1605619E-LeaderElection37] INFO  impl.LeaderElection (LeaderElection.java:askForVotes(314)) - om1@group-C5BA1605619E-LeaderElection37 ELECTION round 0: result PASSED (term=1)
2023-05-08 09:35:51,645 [om1@group-C5BA1605619E-LeaderElection37] INFO  impl.RoleInfo (RoleInfo.java:shutdownLeaderElection(130)) - om1: shutdown om1@group-C5BA1605619E-LeaderElection37
2023-05-08 09:35:51,645 [om1@group-C5BA1605619E-LeaderElection37] INFO  server.RaftServer$Division (RaftServerImpl.java:setRole(321)) - om1@group-C5BA1605619E: changes role from CANDIDATE to LEADER at term 1 for changeToLeader
2023-05-08 09:35:51,645 [om1@group-C5BA1605619E-LeaderElection37] INFO  server.RaftServer$Division (ServerState.java:setLeader(313)) - om1@group-C5BA1605619E: change Leader from null to om1 at term 1 for becomeLeader, leader elected after 1529ms
2023-05-08 09:35:51,645 [om1@group-C5BA1605619E-LeaderElection37] INFO  server.RaftServerConfigKeys (ConfUtils.java:logGet(46)) - raft.server.staging.catchup.gap = 1000 (default)
2023-05-08 09:35:51,645 [om1@group-C5BA1605619E-LeaderElection37] INFO  server.RaftServerConfigKeys (ConfUtils.java:logGet(46)) - raft.server.write.element-limit = 4096 (default)
2023-05-08 09:35:51,645 [om1@group-C5BA1605619E-LeaderElection37] INFO  server.RaftServerConfigKeys (ConfUtils.java:logGet(46)) - raft.server.write.byte-limit = 64MB (=67108864) (default)
2023-05-08 09:35:51,646 [om1@group-C5BA1605619E-LeaderElection37] INFO  server.RaftServerConfigKeys (ConfUtils.java:logGet(46)) - raft.server.watch.timeout = 10s (default)
2023-05-08 09:35:51,646 [om1@group-C5BA1605619E-LeaderElection37] INFO  server.RaftServerConfigKeys (ConfUtils.java:logGet(46)) - raft.server.watch.timeout.denomination = 1s (default)
2023-05-08 09:35:51,646 [om1@group-C5BA1605619E-LeaderElection37] INFO  server.RaftServerConfigKeys (ConfUtils.java:logGet(46)) - raft.server.watch.element-limit = 65536 (default)
2023-05-08 09:35:51,646 [om1@group-C5BA1605619E-LeaderElection37] INFO  server.RaftServerConfigKeys (ConfUtils.java:logGet(46)) - raft.server.write.element-limit = 4096 (default)
2023-05-08 09:35:51,646 [om1@group-C5BA1605619E-LeaderElection37] INFO  server.RaftServerConfigKeys (ConfUtils.java:logGet(46)) - raft.server.write.follower.gap.ratio.max = -1.0 (default)
2023-05-08 09:35:51,646 [om1@group-C5BA1605619E-LeaderElection37] INFO  impl.RoleInfo (RoleInfo.java:updateAndGet(139)) - om1: start om1@group-C5BA1605619E-LeaderStateImpl
2023-05-08 09:35:51,646 [om1@group-C5BA1605619E-LeaderElection37] INFO  segmented.SegmentedRaftLogWorker (SegmentedRaftLogWorker.java:startLogSegment(452)) - om1@group-C5BA1605619E-SegmentedRaftLogWorker: Starting segment from index:0
2023-05-08 09:35:51,648 [om1@group-C5BA1605619E-LeaderElection37] INFO  server.RaftServer$Division (ServerState.java:setRaftConf(430)) - om1@group-C5BA1605619E: set configuration 0: peers:[om1|rpc:localhost:9872|admin:|client:|dataStream:|priority:0|startupRole:FOLLOWER]|listeners:[], old=null
2023-05-08 09:35:51,663 [om1@group-C5BA1605619E-SegmentedRaftLogWorker] INFO  segmented.SegmentedRaftLogWorker (SegmentedRaftLogWorker.java:execute(656)) - om1@group-C5BA1605619E-SegmentedRaftLogWorker: created new log segment /home/runner/work/ozone/ozone/hadoop-ozone/integration-test/target/test-dir/MiniOzoneClusterImpl-8c58255f-3d22-4aeb-98f1-cae2738195f5/ozone-meta/ratis/bf265839-605b-3f16-9796-c5ba1605619e/current/log_inprogress_0
2023-05-08 09:35:51,663 [om1@group-C5BA1605619E-StateMachineUpdater] INFO  ratis.OzoneManagerStateMachine (OzoneManagerStateMachine.java:notifyConfigurationChanged(201)) - Received Configuration change notification from Ratis. New Peer list:
[id: "om1"
address: "localhost:9872"
startupRole: FOLLOWER
]
2023-05-08 09:35:52,574 [Listener at 127.0.0.1/39805] INFO  ozone.MiniOzoneClusterImpl (MiniOzoneClusterImpl.java:lambda$waitForClusterToBeReady$0(224)) - Waiting for nodes to be ready. Got 0 of 3 DN Heartbeats.
2023-05-08 09:35:52,575 [Listener at 127.0.0.1/39805] INFO  ozone.MiniOzoneClusterImpl (MiniOzoneClusterImpl.java:lambda$waitForClusterToBeReady$0(227)) - Waiting for cluster to exit safe mode
2023-05-08 09:35:52,575 [Listener at 127.0.0.1/39805] INFO  ozone.MiniOzoneClusterImpl (MiniOzoneClusterImpl.java:lambda$waitForClusterToBeReady$0(229)) - SCM became leader
2023-05-08 09:35:52,970 [EndpointStateMachine task thread for /0.0.0.0:46761 - 0 ] INFO  utils.DatanodeStoreCache (DatanodeStoreCache.java:addDB(58)) - Added db /home/runner/work/ozone/ozone/hadoop-ozone/integration-test/target/test-dir/MiniOzoneClusterImpl-8c58255f-3d22-4aeb-98f1-cae2738195f5/datanode-0/data-0/containers/hdds/8c58255f-3d22-4aeb-98f1-cae2738195f5/DS-220bb6a5-0308-47b6-87ff-e57134bc8193/container.db to cache
2023-05-08 09:35:52,970 [EndpointStateMachine task thread for /0.0.0.0:46761 - 0 ] INFO  volume.HddsVolume (HddsVolume.java:createDbStore(350)) - SchemaV3 db is created and loaded at /home/runner/work/ozone/ozone/hadoop-ozone/integration-test/target/test-dir/MiniOzoneClusterImpl-8c58255f-3d22-4aeb-98f1-cae2738195f5/datanode-0/data-0/containers/hdds/8c58255f-3d22-4aeb-98f1-cae2738195f5/DS-220bb6a5-0308-47b6-87ff-e57134bc8193/container.db for volume DS-220bb6a5-0308-47b6-87ff-e57134bc8193
2023-05-08 09:35:52,972 [EndpointStateMachine task thread for /0.0.0.0:46761 - 0 ] INFO  ozoneimpl.OzoneContainer (OzoneContainer.java:start(397)) - Attempting to start container services.
2023-05-08 09:35:52,972 [EndpointStateMachine task thread for /0.0.0.0:46761 - 0 ] INFO  ozoneimpl.OzoneContainer (OzoneContainer.java:startContainerScrub(314)) - Scheduled background container scanners and the on-demand container scanner have been disabled.
2023-05-08 09:35:52,974 [EndpointStateMachine task thread for /0.0.0.0:46761 - 0 ] INFO  replication.ReplicationServer (ReplicationServer.java:start(109)) - ReplicationServer is started using port 35497
2023-05-08 09:35:52,974 [EndpointStateMachine task thread for /0.0.0.0:46761 - 0 ] INFO  ratis.XceiverServerRatis (XceiverServerRatis.java:start(517)) - Starting XceiverServerRatis adad188d-dec8-49e0-8c63-aa4dd86be889
2023-05-08 09:35:52,976 [EndpointStateMachine task thread for /0.0.0.0:46761 - 0 ] INFO  server.RaftServer (RaftServerProxy.java:startImpl(393)) - adad188d-dec8-49e0-8c63-aa4dd86be889: start RPC server
2023-05-08 09:35:52,979 [EndpointStateMachine task thread for /0.0.0.0:46761 - 0 ] INFO  server.GrpcService (GrpcService.java:startImpl(262)) - adad188d-dec8-49e0-8c63-aa4dd86be889: GrpcService started, listening on 45849
2023-05-08 09:35:52,980 [EndpointStateMachine task thread for /0.0.0.0:46761 - 0 ] INFO  ratis.XceiverServerRatis (XceiverServerRatis.java:getRealPort(543)) - XceiverServerRatis adad188d-dec8-49e0-8c63-aa4dd86be889 is started using port 45849 for RATIS
2023-05-08 09:35:52,980 [EndpointStateMachine task thread for /0.0.0.0:46761 - 0 ] INFO  ratis.XceiverServerRatis (XceiverServerRatis.java:getRealPort(543)) - XceiverServerRatis adad188d-dec8-49e0-8c63-aa4dd86be889 is started using port 45849 for RATIS_ADMIN
2023-05-08 09:35:52,980 [EndpointStateMachine task thread for /0.0.0.0:46761 - 0 ] INFO  ratis.XceiverServerRatis (XceiverServerRatis.java:getRealPort(543)) - XceiverServerRatis adad188d-dec8-49e0-8c63-aa4dd86be889 is started using port 45849 for RATIS_SERVER
2023-05-08 09:35:52,980 [EndpointStateMachine task thread for /0.0.0.0:46761 - 0 ] INFO  ratis.XceiverServerRatis (XceiverServerRatis.java:getRealPort(543)) - XceiverServerRatis adad188d-dec8-49e0-8c63-aa4dd86be889 is started using port 37925 for RATIS_DATASTREAM
2023-05-08 09:35:52,980 [JvmPauseMonitor21] INFO  util.JvmPauseMonitor (JvmPauseMonitor.java:run(105)) - JvmPauseMonitor-adad188d-dec8-49e0-8c63-aa4dd86be889: Started
2023-05-08 09:35:52,981 [EndpointStateMachine task thread for /0.0.0.0:46761 - 0 ] INFO  server.XceiverServerGrpc (XceiverServerGrpc.java:start(180)) - XceiverServerGrpc adad188d-dec8-49e0-8c63-aa4dd86be889 is started using port 42945
2023-05-08 09:35:52,982 [BlockDeletingService#0] INFO  interfaces.ContainerDeletionChoosingPolicyTemplate (ContainerDeletionChoosingPolicyTemplate.java:chooseContainerForBlockDeletion(83)) - Chosen 0/5000 blocks from 0 candidate containers.
2023-05-08 09:35:53,297 [EndpointStateMachine task thread for /0.0.0.0:46761 - 0 ] INFO  utils.DatanodeStoreCache (DatanodeStoreCache.java:addDB(58)) - Added db /home/runner/work/ozone/ozone/hadoop-ozone/integration-test/target/test-dir/MiniOzoneClusterImpl-8c58255f-3d22-4aeb-98f1-cae2738195f5/datanode-1/data-0/containers/hdds/8c58255f-3d22-4aeb-98f1-cae2738195f5/DS-cdb75aed-974c-47ff-b4f7-59b644303d6e/container.db to cache
2023-05-08 09:35:53,297 [EndpointStateMachine task thread for /0.0.0.0:46761 - 0 ] INFO  volume.HddsVolume (HddsVolume.java:createDbStore(350)) - SchemaV3 db is created and loaded at /home/runner/work/ozone/ozone/hadoop-ozone/integration-test/target/test-dir/MiniOzoneClusterImpl-8c58255f-3d22-4aeb-98f1-cae2738195f5/datanode-1/data-0/containers/hdds/8c58255f-3d22-4aeb-98f1-cae2738195f5/DS-cdb75aed-974c-47ff-b4f7-59b644303d6e/container.db for volume DS-cdb75aed-974c-47ff-b4f7-59b644303d6e
2023-05-08 09:35:53,297 [EndpointStateMachine task thread for /0.0.0.0:46761 - 0 ] INFO  ozoneimpl.OzoneContainer (OzoneContainer.java:start(397)) - Attempting to start container services.
2023-05-08 09:35:53,298 [EndpointStateMachine task thread for /0.0.0.0:46761 - 0 ] INFO  ozoneimpl.OzoneContainer (OzoneContainer.java:startContainerScrub(314)) - Scheduled background container scanners and the on-demand container scanner have been disabled.
2023-05-08 09:35:53,299 [EndpointStateMachine task thread for /0.0.0.0:46761 - 0 ] INFO  replication.ReplicationServer (ReplicationServer.java:start(109)) - ReplicationServer is started using port 33043
2023-05-08 09:35:53,300 [EndpointStateMachine task thread for /0.0.0.0:46761 - 0 ] INFO  ratis.XceiverServerRatis (XceiverServerRatis.java:start(517)) - Starting XceiverServerRatis 7d225e59-d7fc-44c3-8933-4ad8325cd17e
2023-05-08 09:35:53,302 [EndpointStateMachine task thread for /0.0.0.0:46761 - 0 ] INFO  server.RaftServer (RaftServerProxy.java:startImpl(393)) - 7d225e59-d7fc-44c3-8933-4ad8325cd17e: start RPC server
2023-05-08 09:35:53,304 [EndpointStateMachine task thread for /0.0.0.0:46761 - 0 ] INFO  server.GrpcService (GrpcService.java:startImpl(262)) - 7d225e59-d7fc-44c3-8933-4ad8325cd17e: GrpcService started, listening on 35621
2023-05-08 09:35:53,304 [EndpointStateMachine task thread for /0.0.0.0:46761 - 0 ] INFO  ratis.XceiverServerRatis (XceiverServerRatis.java:getRealPort(543)) - XceiverServerRatis 7d225e59-d7fc-44c3-8933-4ad8325cd17e is started using port 35621 for RATIS
2023-05-08 09:35:53,304 [EndpointStateMachine task thread for /0.0.0.0:46761 - 0 ] INFO  ratis.XceiverServerRatis (XceiverServerRatis.java:getRealPort(543)) - XceiverServerRatis 7d225e59-d7fc-44c3-8933-4ad8325cd17e is started using port 35621 for RATIS_ADMIN
2023-05-08 09:35:53,304 [JvmPauseMonitor22] INFO  util.JvmPauseMonitor (JvmPauseMonitor.java:run(105)) - JvmPauseMonitor-7d225e59-d7fc-44c3-8933-4ad8325cd17e: Started
2023-05-08 09:35:53,304 [EndpointStateMachine task thread for /0.0.0.0:46761 - 0 ] INFO  ratis.XceiverServerRatis (XceiverServerRatis.java:getRealPort(543)) - XceiverServerRatis 7d225e59-d7fc-44c3-8933-4ad8325cd17e is started using port 35621 for RATIS_SERVER
2023-05-08 09:35:53,305 [EndpointStateMachine task thread for /0.0.0.0:46761 - 0 ] INFO  ratis.XceiverServerRatis (XceiverServerRatis.java:getRealPort(543)) - XceiverServerRatis 7d225e59-d7fc-44c3-8933-4ad8325cd17e is started using port 36997 for RATIS_DATASTREAM
2023-05-08 09:35:53,306 [EndpointStateMachine task thread for /0.0.0.0:46761 - 0 ] INFO  server.XceiverServerGrpc (XceiverServerGrpc.java:start(180)) - XceiverServerGrpc 7d225e59-d7fc-44c3-8933-4ad8325cd17e is started using port 45371
2023-05-08 09:35:53,306 [BlockDeletingService#0] INFO  interfaces.ContainerDeletionChoosingPolicyTemplate (ContainerDeletionChoosingPolicyTemplate.java:chooseContainerForBlockDeletion(83)) - Chosen 0/5000 blocks from 0 candidate containers.
2023-05-08 09:35:53,575 [Listener at 127.0.0.1/39805] INFO  ozone.MiniOzoneClusterImpl (MiniOzoneClusterImpl.java:lambda$waitForClusterToBeReady$0(224)) - Waiting for nodes to be ready. Got 0 of 3 DN Heartbeats.
2023-05-08 09:35:53,575 [Listener at 127.0.0.1/39805] INFO  ozone.MiniOzoneClusterImpl (MiniOzoneClusterImpl.java:lambda$waitForClusterToBeReady$0(227)) - Waiting for cluster to exit safe mode
2023-05-08 09:35:53,575 [Listener at 127.0.0.1/39805] INFO  ozone.MiniOzoneClusterImpl (MiniOzoneClusterImpl.java:lambda$waitForClusterToBeReady$0(229)) - SCM became leader
2023-05-08 09:35:53,613 [EndpointStateMachine task thread for /0.0.0.0:46761 - 0 ] INFO  utils.DatanodeStoreCache (DatanodeStoreCache.java:addDB(58)) - Added db /home/runner/work/ozone/ozone/hadoop-ozone/integration-test/target/test-dir/MiniOzoneClusterImpl-8c58255f-3d22-4aeb-98f1-cae2738195f5/datanode-2/data-0/containers/hdds/8c58255f-3d22-4aeb-98f1-cae2738195f5/DS-b5526906-ecf4-4322-ad1d-f202bcb1ab2a/container.db to cache
2023-05-08 09:35:53,613 [EndpointStateMachine task thread for /0.0.0.0:46761 - 0 ] INFO  volume.HddsVolume (HddsVolume.java:createDbStore(350)) - SchemaV3 db is created and loaded at /home/runner/work/ozone/ozone/hadoop-ozone/integration-test/target/test-dir/MiniOzoneClusterImpl-8c58255f-3d22-4aeb-98f1-cae2738195f5/datanode-2/data-0/containers/hdds/8c58255f-3d22-4aeb-98f1-cae2738195f5/DS-b5526906-ecf4-4322-ad1d-f202bcb1ab2a/container.db for volume DS-b5526906-ecf4-4322-ad1d-f202bcb1ab2a
2023-05-08 09:35:53,614 [EndpointStateMachine task thread for /0.0.0.0:46761 - 0 ] INFO  ozoneimpl.OzoneContainer (OzoneContainer.java:start(397)) - Attempting to start container services.
2023-05-08 09:35:53,614 [EndpointStateMachine task thread for /0.0.0.0:46761 - 0 ] INFO  ozoneimpl.OzoneContainer (OzoneContainer.java:startContainerScrub(314)) - Scheduled background container scanners and the on-demand container scanner have been disabled.
2023-05-08 09:35:53,616 [EndpointStateMachine task thread for /0.0.0.0:46761 - 0 ] INFO  replication.ReplicationServer (ReplicationServer.java:start(109)) - ReplicationServer is started using port 43991
2023-05-08 09:35:53,616 [EndpointStateMachine task thread for /0.0.0.0:46761 - 0 ] INFO  ratis.XceiverServerRatis (XceiverServerRatis.java:start(517)) - Starting XceiverServerRatis 4515e5b0-3b05-46e4-bb3b-126498a8ebe7
2023-05-08 09:35:53,616 [EndpointStateMachine task thread for /0.0.0.0:46761 - 0 ] INFO  server.RaftServer (RaftServerProxy.java:startImpl(393)) - 4515e5b0-3b05-46e4-bb3b-126498a8ebe7: start RPC server
2023-05-08 09:35:53,620 [EndpointStateMachine task thread for /0.0.0.0:46761 - 0 ] INFO  server.GrpcService (GrpcService.java:startImpl(262)) - 4515e5b0-3b05-46e4-bb3b-126498a8ebe7: GrpcService started, listening on 34219
2023-05-08 09:35:53,621 [EndpointStateMachine task thread for /0.0.0.0:46761 - 0 ] INFO  ratis.XceiverServerRatis (XceiverServerRatis.java:getRealPort(543)) - XceiverServerRatis 4515e5b0-3b05-46e4-bb3b-126498a8ebe7 is started using port 34219 for RATIS
2023-05-08 09:35:53,621 [JvmPauseMonitor23] INFO  util.JvmPauseMonitor (JvmPauseMonitor.java:run(105)) - JvmPauseMonitor-4515e5b0-3b05-46e4-bb3b-126498a8ebe7: Started
2023-05-08 09:35:53,621 [EndpointStateMachine task thread for /0.0.0.0:46761 - 0 ] INFO  ratis.XceiverServerRatis (XceiverServerRatis.java:getRealPort(543)) - XceiverServerRatis 4515e5b0-3b05-46e4-bb3b-126498a8ebe7 is started using port 34219 for RATIS_ADMIN
2023-05-08 09:35:53,621 [EndpointStateMachine task thread for /0.0.0.0:46761 - 0 ] INFO  ratis.XceiverServerRatis (XceiverServerRatis.java:getRealPort(543)) - XceiverServerRatis 4515e5b0-3b05-46e4-bb3b-126498a8ebe7 is started using port 34219 for RATIS_SERVER
2023-05-08 09:35:53,621 [EndpointStateMachine task thread for /0.0.0.0:46761 - 0 ] INFO  ratis.XceiverServerRatis (XceiverServerRatis.java:getRealPort(543)) - XceiverServerRatis 4515e5b0-3b05-46e4-bb3b-126498a8ebe7 is started using port 36629 for RATIS_DATASTREAM
2023-05-08 09:35:53,622 [EndpointStateMachine task thread for /0.0.0.0:46761 - 0 ] INFO  server.XceiverServerGrpc (XceiverServerGrpc.java:start(180)) - XceiverServerGrpc 4515e5b0-3b05-46e4-bb3b-126498a8ebe7 is started using port 40179
2023-05-08 09:35:53,623 [BlockDeletingService#0] INFO  interfaces.ContainerDeletionChoosingPolicyTemplate (ContainerDeletionChoosingPolicyTemplate.java:chooseContainerForBlockDeletion(83)) - Chosen 0/5000 blocks from 0 candidate containers.
2023-05-08 09:35:54,575 [Listener at 127.0.0.1/39805] INFO  ozone.MiniOzoneClusterImpl (MiniOzoneClusterImpl.java:lambda$waitForClusterToBeReady$0(224)) - Waiting for nodes to be ready. Got 0 of 3 DN Heartbeats.
2023-05-08 09:35:54,575 [Listener at 127.0.0.1/39805] INFO  ozone.MiniOzoneClusterImpl (MiniOzoneClusterImpl.java:lambda$waitForClusterToBeReady$0(227)) - Waiting for cluster to exit safe mode
2023-05-08 09:35:54,575 [Listener at 127.0.0.1/39805] INFO  ozone.MiniOzoneClusterImpl (MiniOzoneClusterImpl.java:lambda$waitForClusterToBeReady$0(229)) - SCM became leader
2023-05-08 09:35:54,933 [IPC Server handler 0 on default port 46761] INFO  net.NetworkTopologyImpl (NetworkTopologyImpl.java:add(112)) - Added a new node: /default-rack/adad188d-dec8-49e0-8c63-aa4dd86be889
2023-05-08 09:35:54,933 [IPC Server handler 0 on default port 46761] INFO  node.SCMNodeManager (SCMNodeManager.java:register(407)) - Registered Data node : adad188d-dec8-49e0-8c63-aa4dd86be889{ip: 10.1.0.160, host: fv-az96-539, ports: [HTTP=42663, REPLICATION=35497, RATIS=45849, RATIS_ADMIN=45849, RATIS_SERVER=45849, RATIS_DATASTREAM=37925, STANDALONE=42945], networkLocation: /default-rack, certSerialId: null, persistedOpState: null, persistedOpStateExpiryEpochSec: 0}
2023-05-08 09:35:54,935 [EventQueue-NodeRegistrationContainerReportForDataNodeSafeModeRule] INFO  safemode.SCMSafeModeManager (DataNodeSafeModeRule.java:process(71)) - SCM in safe mode. 1 DataNodes registered, 3 required.
2023-05-08 09:35:54,935 [EventQueue-NodeRegistrationContainerReportForContainerSafeModeRule] INFO  safemode.SCMSafeModeManager (SCMSafeModeManager.java:validateSafeModeExitRules(200)) - ContainerSafeModeRule rule is successfully validated
2023-05-08 09:35:54,937 [EventQueue-PipelineReportForOneReplicaPipelineSafeModeRule] INFO  safemode.SCMSafeModeManager (SCMSafeModeManager.java:validateSafeModeExitRules(200)) - AtleastOneDatanodeReportedRule rule is successfully validated
2023-05-08 09:35:54,937 [EventQueue-NewNodeForNewNodeHandler] INFO  pipeline.BackgroundPipelineCreator (BackgroundPipelineCreator.java:notifyEventTriggered(276)) - trigger a one-shot run on RatisPipelineUtilsThread.
2023-05-08 09:35:54,937 [RatisPipelineUtilsThread - 0] INFO  pipeline.RatisPipelineProvider (RatisPipelineProvider.java:lambda$create$0(206)) - Sending CreatePipelineCommand for pipeline:PipelineID=1c31010a-ce5b-4d08-a55e-9b440a296eea to datanode:adad188d-dec8-49e0-8c63-aa4dd86be889
2023-05-08 09:35:54,939 [RatisPipelineUtilsThread - 0] INFO  pipeline.PipelineStateManagerImpl (PipelineStateManagerImpl.java:addPipeline(103)) - Created pipeline Pipeline[ Id: 1c31010a-ce5b-4d08-a55e-9b440a296eea, Nodes: adad188d-dec8-49e0-8c63-aa4dd86be889(fv-az96-539/10.1.0.160), ReplicationConfig: RATIS/ONE, State:ALLOCATED, leaderId:, CreationTimestamp2023-05-08T09:35:54.937Z[Etc/UTC]].
2023-05-08 09:35:55,262 [IPC Server handler 1 on default port 46761] INFO  net.NetworkTopologyImpl (NetworkTopologyImpl.java:add(112)) - Added a new node: /default-rack/7d225e59-d7fc-44c3-8933-4ad8325cd17e
2023-05-08 09:35:55,263 [IPC Server handler 1 on default port 46761] INFO  node.SCMNodeManager (SCMNodeManager.java:register(407)) - Registered Data node : 7d225e59-d7fc-44c3-8933-4ad8325cd17e{ip: 10.1.0.160, host: fv-az96-539, ports: [HTTP=46275, REPLICATION=33043, RATIS=35621, RATIS_ADMIN=35621, RATIS_SERVER=35621, RATIS_DATASTREAM=36997, STANDALONE=45371], networkLocation: /default-rack, certSerialId: null, persistedOpState: null, persistedOpStateExpiryEpochSec: 0}
2023-05-08 09:35:55,265 [EventQueue-NewNodeForNewNodeHandler] INFO  pipeline.BackgroundPipelineCreator (BackgroundPipelineCreator.java:notifyEventTriggered(276)) - trigger a one-shot run on RatisPipelineUtilsThread.
2023-05-08 09:35:55,265 [EventQueue-NodeRegistrationContainerReportForDataNodeSafeModeRule] INFO  safemode.SCMSafeModeManager (DataNodeSafeModeRule.java:process(71)) - SCM in safe mode. 2 DataNodes registered, 3 required.
2023-05-08 09:35:55,266 [RatisPipelineUtilsThread - 0] INFO  pipeline.RatisPipelineProvider (RatisPipelineProvider.java:lambda$create$0(206)) - Sending CreatePipelineCommand for pipeline:PipelineID=0e6c99d0-4ea1-48ce-be1a-2661f54b6ae5 to datanode:7d225e59-d7fc-44c3-8933-4ad8325cd17e
2023-05-08 09:35:55,268 [RatisPipelineUtilsThread - 0] INFO  pipeline.PipelineStateManagerImpl (PipelineStateManagerImpl.java:addPipeline(103)) - Created pipeline Pipeline[ Id: 0e6c99d0-4ea1-48ce-be1a-2661f54b6ae5, Nodes: 7d225e59-d7fc-44c3-8933-4ad8325cd17e(fv-az96-539/10.1.0.160), ReplicationConfig: RATIS/ONE, State:ALLOCATED, leaderId:, CreationTimestamp2023-05-08T09:35:55.266Z[Etc/UTC]].
2023-05-08 09:35:55,576 [Listener at 127.0.0.1/39805] INFO  ozone.MiniOzoneClusterImpl (MiniOzoneClusterImpl.java:lambda$waitForClusterToBeReady$0(224)) - Waiting for nodes to be ready. Got 2 of 3 DN Heartbeats.
2023-05-08 09:35:55,576 [Listener at 127.0.0.1/39805] INFO  ozone.MiniOzoneClusterImpl (MiniOzoneClusterImpl.java:lambda$waitForClusterToBeReady$0(227)) - Waiting for cluster to exit safe mode
2023-05-08 09:35:55,576 [Listener at 127.0.0.1/39805] INFO  ozone.MiniOzoneClusterImpl (MiniOzoneClusterImpl.java:lambda$waitForClusterToBeReady$0(229)) - SCM became leader
2023-05-08 09:35:55,577 [IPC Server handler 2 on default port 46761] INFO  net.NetworkTopologyImpl (NetworkTopologyImpl.java:add(112)) - Added a new node: /default-rack/4515e5b0-3b05-46e4-bb3b-126498a8ebe7
2023-05-08 09:35:55,577 [IPC Server handler 2 on default port 46761] INFO  node.SCMNodeManager (SCMNodeManager.java:register(407)) - Registered Data node : 4515e5b0-3b05-46e4-bb3b-126498a8ebe7{ip: 10.1.0.160, host: fv-az96-539, ports: [HTTP=40653, REPLICATION=43991, RATIS=34219, RATIS_ADMIN=34219, RATIS_SERVER=34219, RATIS_DATASTREAM=36629, STANDALONE=40179], networkLocation: /default-rack, certSerialId: null, persistedOpState: null, persistedOpStateExpiryEpochSec: 0}
2023-05-08 09:35:55,578 [EventQueue-NodeRegistrationContainerReportForDataNodeSafeModeRule] INFO  safemode.SCMSafeModeManager (DataNodeSafeModeRule.java:process(71)) - SCM in safe mode. 3 DataNodes registered, 3 required.
2023-05-08 09:35:55,578 [EventQueue-NodeRegistrationContainerReportForDataNodeSafeModeRule] INFO  safemode.SCMSafeModeManager (SCMSafeModeManager.java:validateSafeModeExitRules(200)) - DataNodeSafeModeRule rule is successfully validated
2023-05-08 09:35:55,578 [EventQueue-NodeRegistrationContainerReportForDataNodeSafeModeRule] INFO  safemode.SCMSafeModeManager (SCMSafeModeManager.java:completePreCheck(229)) - All SCM safe mode pre check rules have passed
2023-05-08 09:35:55,578 [EventQueue-NodeRegistrationContainerReportForDataNodeSafeModeRule] INFO  ha.SCMContext (SCMContext.java:updateSafeModeStatus(228)) - Update SafeModeStatus from SafeModeStatus{safeModeStatus=true, preCheckPassed=false} to SafeModeStatus{safeModeStatus=true, preCheckPassed=true}.
2023-05-08 09:35:55,578 [EventQueue-NodeRegistrationContainerReportForDataNodeSafeModeRule] INFO  pipeline.BackgroundPipelineCreator (BackgroundPipelineCreator.java:notifyEventTriggered(276)) - trigger a one-shot run on RatisPipelineUtilsThread.
2023-05-08 09:35:55,579 [RatisPipelineUtilsThread - 0] INFO  pipeline.RatisPipelineProvider (RatisPipelineProvider.java:lambda$create$0(206)) - Sending CreatePipelineCommand for pipeline:PipelineID=b5a8bee8-5097-4b31-bfdb-a8086be53c9d to datanode:4515e5b0-3b05-46e4-bb3b-126498a8ebe7
2023-05-08 09:35:55,579 [EventQueue-NewNodeForNewNodeHandler] INFO  pipeline.BackgroundPipelineCreator (BackgroundPipelineCreator.java:notifyEventTriggered(276)) - trigger a one-shot run on RatisPipelineUtilsThread.
2023-05-08 09:35:55,579 [RatisPipelineUtilsThread - 0] INFO  pipeline.PipelineStateManagerImpl (PipelineStateManagerImpl.java:addPipeline(103)) - Created pipeline Pipeline[ Id: b5a8bee8-5097-4b31-bfdb-a8086be53c9d, Nodes: 4515e5b0-3b05-46e4-bb3b-126498a8ebe7(fv-az96-539/10.1.0.160), ReplicationConfig: RATIS/ONE, State:ALLOCATED, leaderId:, CreationTimestamp2023-05-08T09:35:55.579Z[Etc/UTC]].
2023-05-08 09:35:55,580 [RatisPipelineUtilsThread - 0] INFO  pipeline.RatisPipelineProvider (RatisPipelineProvider.java:lambda$create$0(206)) - Sending CreatePipelineCommand for pipeline:PipelineID=3d8c3573-b60c-4a90-9d5e-f209e3bf728f to datanode:4515e5b0-3b05-46e4-bb3b-126498a8ebe7
2023-05-08 09:35:55,580 [RatisPipelineUtilsThread - 0] INFO  pipeline.RatisPipelineProvider (RatisPipelineProvider.java:lambda$create$0(206)) - Sending CreatePipelineCommand for pipeline:PipelineID=3d8c3573-b60c-4a90-9d5e-f209e3bf728f to datanode:adad188d-dec8-49e0-8c63-aa4dd86be889
2023-05-08 09:35:55,580 [RatisPipelineUtilsThread - 0] INFO  pipeline.RatisPipelineProvider (RatisPipelineProvider.java:lambda$create$0(206)) - Sending CreatePipelineCommand for pipeline:PipelineID=3d8c3573-b60c-4a90-9d5e-f209e3bf728f to datanode:7d225e59-d7fc-44c3-8933-4ad8325cd17e
2023-05-08 09:35:55,580 [RatisPipelineUtilsThread - 0] INFO  pipeline.PipelineStateManagerImpl (PipelineStateManagerImpl.java:addPipeline(103)) - Created pipeline Pipeline[ Id: 3d8c3573-b60c-4a90-9d5e-f209e3bf728f, Nodes: 4515e5b0-3b05-46e4-bb3b-126498a8ebe7(fv-az96-539/10.1.0.160)adad188d-dec8-49e0-8c63-aa4dd86be889(fv-az96-539/10.1.0.160)7d225e59-d7fc-44c3-8933-4ad8325cd17e(fv-az96-539/10.1.0.160), ReplicationConfig: RATIS/THREE, State:ALLOCATED, leaderId:, CreationTimestamp2023-05-08T09:35:55.580Z[Etc/UTC]].
2023-05-08 09:35:55,581 [RatisPipelineUtilsThread - 0] INFO  pipeline.RatisPipelineProvider (RatisPipelineProvider.java:lambda$create$0(206)) - Sending CreatePipelineCommand for pipeline:PipelineID=4ba760ce-735a-4ae5-8528-6bba4484c94b to datanode:4515e5b0-3b05-46e4-bb3b-126498a8ebe7
2023-05-08 09:35:55,581 [RatisPipelineUtilsThread - 0] INFO  pipeline.RatisPipelineProvider (RatisPipelineProvider.java:lambda$create$0(206)) - Sending CreatePipelineCommand for pipeline:PipelineID=4ba760ce-735a-4ae5-8528-6bba4484c94b to datanode:7d225e59-d7fc-44c3-8933-4ad8325cd17e
2023-05-08 09:35:55,581 [RatisPipelineUtilsThread - 0] INFO  pipeline.RatisPipelineProvider (RatisPipelineProvider.java:lambda$create$0(206)) - Sending CreatePipelineCommand for pipeline:PipelineID=4ba760ce-735a-4ae5-8528-6bba4484c94b to datanode:adad188d-dec8-49e0-8c63-aa4dd86be889
2023-05-08 09:35:55,581 [RatisPipelineUtilsThread - 0] INFO  pipeline.PipelineStateManagerImpl (PipelineStateManagerImpl.java:addPipeline(103)) - Created pipeline Pipeline[ Id: 4ba760ce-735a-4ae5-8528-6bba4484c94b, Nodes: 4515e5b0-3b05-46e4-bb3b-126498a8ebe7(fv-az96-539/10.1.0.160)7d225e59-d7fc-44c3-8933-4ad8325cd17e(fv-az96-539/10.1.0.160)adad188d-dec8-49e0-8c63-aa4dd86be889(fv-az96-539/10.1.0.160), ReplicationConfig: RATIS/THREE, State:ALLOCATED, leaderId:, CreationTimestamp2023-05-08T09:35:55.581Z[Etc/UTC]].
2023-05-08 09:35:55,581 [RatisPipelineUtilsThread - 0] INFO  pipeline.PipelineManagerImpl (PipelineManagerImpl.java:recordMetricsForPipeline(826)) - Pipeline: PipelineID=4ba760ce-735a-4ae5-8528-6bba4484c94b contains same datanodes as previous pipelines: PipelineID=3d8c3573-b60c-4a90-9d5e-f209e3bf728f nodeIds: 4515e5b0-3b05-46e4-bb3b-126498a8ebe7, 7d225e59-d7fc-44c3-8933-4ad8325cd17e, adad188d-dec8-49e0-8c63-aa4dd86be889
2023-05-08 09:35:55,581 [RatisPipelineUtilsThread - 0] WARN  pipeline.PipelinePlacementPolicy (PipelinePlacementPolicy.java:filterViableNodes(160)) - Pipeline creation failed due to no sufficient healthy datanodes. Required 3. Found 0. Excluded 3.
2023-05-08 09:35:55,582 [RatisPipelineUtilsThread - 0] WARN  pipeline.PipelinePlacementPolicy (PipelinePlacementPolicy.java:filterViableNodes(160)) - Pipeline creation failed due to no sufficient healthy datanodes. Required 3. Found 0. Excluded 3.
2023-05-08 09:35:56,576 [Listener at 127.0.0.1/39805] INFO  ozone.MiniOzoneClusterImpl (MiniOzoneClusterImpl.java:lambda$waitForClusterToBeReady$0(224)) - Nodes are ready. Got 3 of 3 DN Heartbeats.
2023-05-08 09:35:56,576 [Listener at 127.0.0.1/39805] INFO  ozone.MiniOzoneClusterImpl (MiniOzoneClusterImpl.java:lambda$waitForClusterToBeReady$0(227)) - Waiting for cluster to exit safe mode
2023-05-08 09:35:56,576 [Listener at 127.0.0.1/39805] INFO  ozone.MiniOzoneClusterImpl (MiniOzoneClusterImpl.java:lambda$waitForClusterToBeReady$0(229)) - SCM became leader
2023-05-08 09:35:57,576 [Listener at 127.0.0.1/39805] INFO  ozone.MiniOzoneClusterImpl (MiniOzoneClusterImpl.java:lambda$waitForClusterToBeReady$0(224)) - Nodes are ready. Got 3 of 3 DN Heartbeats.
2023-05-08 09:35:57,577 [Listener at 127.0.0.1/39805] INFO  ozone.MiniOzoneClusterImpl (MiniOzoneClusterImpl.java:lambda$waitForClusterToBeReady$0(227)) - Waiting for cluster to exit safe mode
2023-05-08 09:35:57,577 [Listener at 127.0.0.1/39805] INFO  ozone.MiniOzoneClusterImpl (MiniOzoneClusterImpl.java:lambda$waitForClusterToBeReady$0(229)) - SCM became leader
2023-05-08 09:35:57,933 [Command processor thread] INFO  server.RaftServer (RaftServerProxy.java:addNew(96)) - adad188d-dec8-49e0-8c63-aa4dd86be889: addNew group-9B440A296EEA:[adad188d-dec8-49e0-8c63-aa4dd86be889|rpc:10.1.0.160:45849|dataStream:10.1.0.160:37925|priority:1|startupRole:FOLLOWER] returns group-9B440A296EEA:java.util.concurrent.CompletableFuture@d6d2719[Not completed]
2023-05-08 09:35:57,935 [pool-928-thread-1] INFO  server.RaftServer$Division (RaftServerImpl.java:<init>(195)) - adad188d-dec8-49e0-8c63-aa4dd86be889: new RaftServerImpl for group-9B440A296EEA:[adad188d-dec8-49e0-8c63-aa4dd86be889|rpc:10.1.0.160:45849|dataStream:10.1.0.160:37925|priority:1|startupRole:FOLLOWER] with ContainerStateMachine:uninitialized
2023-05-08 09:35:57,935 [pool-928-thread-1] INFO  server.RaftServerConfigKeys (ConfUtils.java:logGet(46)) - raft.server.rpc.timeout.min = 5s (custom)
2023-05-08 09:35:57,935 [pool-928-thread-1] INFO  server.RaftServerConfigKeys (ConfUtils.java:logGet(46)) - raft.server.rpc.timeout.max = 5200ms (custom)
2023-05-08 09:35:57,935 [pool-928-thread-1] INFO  server.RaftServerConfigKeys (ConfUtils.java:logGet(46)) - raft.server.rpc.sleep.time = 25ms (default)
2023-05-08 09:35:57,935 [pool-928-thread-1] INFO  server.RaftServerConfigKeys (ConfUtils.java:logGet(46)) - raft.server.rpc.slowness.timeout = 300s (custom)
2023-05-08 09:35:57,935 [pool-928-thread-1] INFO  server.RaftServerConfigKeys (ConfUtils.java:logGet(46)) - raft.server.leaderelection.leader.step-down.wait-time = 10s (default)
2023-05-08 09:35:57,935 [pool-928-thread-1] INFO  server.RaftServerConfigKeys (ConfUtils.java:logGet(46)) - raft.server.sleep.deviation.threshold = 300ms (default)
2023-05-08 09:35:57,935 [pool-928-thread-1] INFO  server.RaftServer$Division (ServerState.java:<init>(118)) - adad188d-dec8-49e0-8c63-aa4dd86be889@group-9B440A296EEA: ConfigurationManager, init=-1: peers:[adad188d-dec8-49e0-8c63-aa4dd86be889|rpc:10.1.0.160:45849|dataStream:10.1.0.160:37925|priority:1|startupRole:FOLLOWER]|listeners:[], old=null, confs=<EMPTY_MAP>
2023-05-08 09:35:57,935 [pool-928-thread-1] INFO  server.RaftServerConfigKeys (ConfUtils.java:logGet(46)) - raft.server.storage.dir = [/home/runner/work/ozone/ozone/hadoop-ozone/integration-test/target/test-dir/MiniOzoneClusterImpl-8c58255f-3d22-4aeb-98f1-cae2738195f5/datanode-0/data/ratis] (custom)
2023-05-08 09:35:57,936 [pool-928-thread-1] INFO  server.RaftServerConfigKeys (ConfUtils.java:logGet(46)) - raft.server.log.corruption.policy = EXCEPTION (default)
2023-05-08 09:35:57,936 [pool-928-thread-1] INFO  server.RaftServerConfigKeys (ConfUtils.java:logGet(46)) - raft.server.storage.free-space.min = 0MB (=0) (default)
2023-05-08 09:35:57,936 [pool-928-thread-1] INFO  server.RaftServerConfigKeys (ConfUtils.java:logGet(46)) - raft.server.notification.no-leader.timeout = 300s (custom)
2023-05-08 09:35:57,936 [pool-928-thread-1] INFO  server.RaftServerConfigKeys (ConfUtils.java:logGet(46)) - raft.server.retrycache.expirytime = 600000ms (custom)
2023-05-08 09:35:57,936 [pool-928-thread-1] INFO  server.RaftServerConfigKeys (ConfUtils.java:logGet(46)) - raft.server.retrycache.statistics.expirytime = 100μs (default)
2023-05-08 09:35:57,936 [pool-928-thread-1] INFO  server.RaftServerConfigKeys (ConfUtils.java:logGet(46)) - raft.server.log.appender.install.snapshot.enabled = false (custom)
2023-05-08 09:35:57,936 [pool-928-thread-1] INFO  server.RaftServerConfigKeys (ConfUtils.java:logGet(46)) - raft.server.threadpool.server.cached = true (default)
2023-05-08 09:35:57,937 [pool-928-thread-1] INFO  server.RaftServerConfigKeys (ConfUtils.java:logGet(46)) - raft.server.threadpool.server.size = 0 (default)
2023-05-08 09:35:57,937 [pool-928-thread-1] INFO  server.RaftServerConfigKeys (ConfUtils.java:logGet(46)) - raft.server.threadpool.client.cached = true (default)
2023-05-08 09:35:57,937 [pool-928-thread-1] INFO  server.RaftServerConfigKeys (ConfUtils.java:logGet(46)) - raft.server.threadpool.client.size = 0 (default)
2023-05-08 09:35:57,937 [pool-928-thread-1] INFO  storage.RaftStorageDirectory (RaftStorageDirectoryImpl.java:analyzeStorage(137)) - The storage directory /home/runner/work/ozone/ozone/hadoop-ozone/integration-test/target/test-dir/MiniOzoneClusterImpl-8c58255f-3d22-4aeb-98f1-cae2738195f5/datanode-0/data/ratis/1c31010a-ce5b-4d08-a55e-9b440a296eea does not exist. Creating ...
2023-05-08 09:35:57,938 [pool-928-thread-1] INFO  storage.RaftStorageDirectory (RaftStorageDirectoryImpl.java:tryLock(231)) - Lock on /home/runner/work/ozone/ozone/hadoop-ozone/integration-test/target/test-dir/MiniOzoneClusterImpl-8c58255f-3d22-4aeb-98f1-cae2738195f5/datanode-0/data/ratis/1c31010a-ce5b-4d08-a55e-9b440a296eea/in_use.lock acquired by nodename 7572@fv-az96-539
2023-05-08 09:35:57,939 [pool-928-thread-1] INFO  storage.RaftStorage (RaftStorageImpl.java:format(96)) - Storage directory /home/runner/work/ozone/ozone/hadoop-ozone/integration-test/target/test-dir/MiniOzoneClusterImpl-8c58255f-3d22-4aeb-98f1-cae2738195f5/datanode-0/data/ratis/1c31010a-ce5b-4d08-a55e-9b440a296eea has been successfully formatted.
2023-05-08 09:35:57,940 [pool-928-thread-1] INFO  ratis.ContainerStateMachine (ContainerStateMachine.java:loadSnapshot(262)) - group-9B440A296EEA: The snapshot info is null. Setting the last applied indexto:(t:0, i:~)
2023-05-08 09:35:57,940 [pool-928-thread-1] INFO  server.RaftServerConfigKeys (ConfUtils.java:logGet(46)) - raft.server.log.use.memory = false (default)
2023-05-08 09:35:57,940 [pool-928-thread-1] INFO  server.RaftServerConfigKeys (ConfUtils.java:logGet(46)) - raft.server.log.purge.gap = 1000000 (custom)
2023-05-08 09:35:57,940 [pool-928-thread-1] INFO  server.RaftServerConfigKeys (ConfUtils.java:logGet(46)) - raft.server.log.appender.buffer.byte-limit = 33554432 (custom)
2023-05-08 09:35:57,940 [pool-928-thread-1] INFO  server.RaftServerConfigKeys (ConfUtils.java:logGet(46)) - raft.server.log.statemachine.data.read.timeout = 1000ms (default)
2023-05-08 09:35:57,940 [pool-928-thread-1] INFO  server.RaftServerConfigKeys (ConfUtils.java:logGet(46)) - raft.server.log.purge.preservation.log.num = 0 (default)
2023-05-08 09:35:57,941 [pool-928-thread-1] INFO  server.RaftServerConfigKeys (ConfUtils.java:logGet(46)) - raft.server.log.segment.size.max = 1048576 (custom)
2023-05-08 09:35:57,941 [EventQueue-PipelineReportForPipelineReportHandler] INFO  pipeline.PipelineManagerImpl (PipelineManagerImpl.java:openPipeline(367)) - Pipeline Pipeline[ Id: 1c31010a-ce5b-4d08-a55e-9b440a296eea, Nodes: adad188d-dec8-49e0-8c63-aa4dd86be889(fv-az96-539/10.1.0.160), ReplicationConfig: RATIS/ONE, State:ALLOCATED, leaderId:adad188d-dec8-49e0-8c63-aa4dd86be889, CreationTimestamp2023-05-08T09:35:54.937Z[Etc/UTC]] moved to OPEN state
2023-05-08 09:35:57,944 [EventQueue-OpenPipelineForHealthyPipelineSafeModeRule] INFO  safemode.SCMSafeModeManager (HealthyPipelineSafeModeRule.java:process(137)) - SCM in safe mode. Healthy pipelines reported count is 0, required healthy pipeline reported count is 1
2023-05-08 09:35:57,944 [pool-928-thread-1] INFO  server.RaftServerConfigKeys (ConfUtils.java:logGet(46)) - raft.server.log.segment.cache.num.max = 2 (custom)
2023-05-08 09:35:57,944 [pool-928-thread-1] INFO  server.RaftServerConfigKeys (ConfUtils.java:logGet(46)) - raft.server.log.segment.cache.size.max = 200MB (=209715200) (default)
2023-05-08 09:35:57,944 [pool-928-thread-1] INFO  segmented.SegmentedRaftLogWorker (SegmentedRaftLogWorker.java:<init>(189)) - new adad188d-dec8-49e0-8c63-aa4dd86be889@group-9B440A296EEA-SegmentedRaftLogWorker for RaftStorageImpl:Storage Directory /home/runner/work/ozone/ozone/hadoop-ozone/integration-test/target/test-dir/MiniOzoneClusterImpl-8c58255f-3d22-4aeb-98f1-cae2738195f5/datanode-0/data/ratis/1c31010a-ce5b-4d08-a55e-9b440a296eea
2023-05-08 09:35:57,944 [pool-928-thread-1] INFO  server.RaftServerConfigKeys (ConfUtils.java:logGet(46)) - raft.server.log.queue.byte-limit = 4294967296 (custom)
2023-05-08 09:35:57,944 [pool-928-thread-1] INFO  server.RaftServerConfigKeys (ConfUtils.java:logGet(46)) - raft.server.log.queue.element-limit = 1024 (custom)
2023-05-08 09:35:57,944 [pool-928-thread-1] INFO  server.RaftServerConfigKeys (ConfUtils.java:logGet(46)) - raft.server.log.segment.size.max = 1048576 (custom)
2023-05-08 09:35:57,944 [pool-928-thread-1] INFO  server.RaftServerConfigKeys (ConfUtils.java:logGet(46)) - raft.server.log.preallocated.size = 16384 (custom)
2023-05-08 09:35:57,944 [pool-928-thread-1] INFO  server.RaftServerConfigKeys (ConfUtils.java:logGet(46)) - raft.server.log.force.sync.num = 128 (default)
2023-05-08 09:35:57,945 [pool-928-thread-1] INFO  server.RaftServerConfigKeys (ConfUtils.java:logGet(46)) - raft.server.log.statemachine.data.sync = true (default)
2023-05-08 09:35:57,945 [pool-928-thread-1] INFO  server.RaftServerConfigKeys (ConfUtils.java:logGet(46)) - raft.server.log.statemachine.data.sync.timeout = 10s (default)
2023-05-08 09:35:57,945 [pool-928-thread-1] INFO  server.RaftServerConfigKeys (ConfUtils.java:logGet(46)) - raft.server.log.statemachine.data.sync.timeout.retry = -1 (default)
2023-05-08 09:35:57,946 [pool-928-thread-1] INFO  server.RaftServerConfigKeys (ConfUtils.java:logGet(46)) - raft.server.log.write.buffer.size = 1048576 (custom)
2023-05-08 09:35:57,947 [pool-928-thread-1] INFO  server.RaftServerConfigKeys (ConfUtils.java:logGet(46)) - raft.server.log.appender.buffer.byte-limit = 33554432 (custom)
2023-05-08 09:35:57,952 [pool-928-thread-1] INFO  server.RaftServerConfigKeys (ConfUtils.java:logGet(46)) - raft.server.log.unsafe-flush.enabled = false (default)
2023-05-08 09:35:57,952 [pool-928-thread-1] INFO  server.RaftServerConfigKeys (ConfUtils.java:logGet(46)) - raft.server.log.async-flush.enabled = false (default)
2023-05-08 09:35:57,952 [pool-928-thread-1] INFO  server.RaftServerConfigKeys (ConfUtils.java:logGet(46)) - raft.server.log.statemachine.data.caching.enabled = true (custom)
2023-05-08 09:35:57,953 [pool-928-thread-1] INFO  segmented.SegmentedRaftLogWorker (SegmentedRaftLogWorker.java:lambda$new$0(135)) - adad188d-dec8-49e0-8c63-aa4dd86be889@group-9B440A296EEA-SegmentedRaftLogWorker: flushIndex: setUnconditionally 0 -> -1
2023-05-08 09:35:57,953 [pool-928-thread-1] INFO  segmented.SegmentedRaftLogWorker (SegmentedRaftLogWorker.java:lambda$new$0(135)) - adad188d-dec8-49e0-8c63-aa4dd86be889@group-9B440A296EEA-SegmentedRaftLogWorker: safeCacheEvictIndex: setUnconditionally 0 -> -1
2023-05-08 09:35:57,953 [pool-928-thread-1] INFO  server.RaftServer$Division (RaftServerImpl.java:start(334)) - adad188d-dec8-49e0-8c63-aa4dd86be889@group-9B440A296EEA: start as a follower, conf=-1: peers:[adad188d-dec8-49e0-8c63-aa4dd86be889|rpc:10.1.0.160:45849|dataStream:10.1.0.160:37925|priority:1|startupRole:FOLLOWER]|listeners:[], old=null
2023-05-08 09:35:57,953 [pool-928-thread-1] INFO  server.RaftServer$Division (RaftServerImpl.java:setRole(321)) - adad188d-dec8-49e0-8c63-aa4dd86be889@group-9B440A296EEA: changes role from      null to FOLLOWER at term 0 for startAsFollower
2023-05-08 09:35:57,953 [pool-928-thread-1] INFO  impl.RoleInfo (RoleInfo.java:updateAndGet(139)) - adad188d-dec8-49e0-8c63-aa4dd86be889: start adad188d-dec8-49e0-8c63-aa4dd86be889@group-9B440A296EEA-FollowerState
2023-05-08 09:35:57,953 [pool-928-thread-1] INFO  util.JmxRegister (JmxRegister.java:tryRegister(44)) - Successfully registered JMX Bean with object name Ratis:service=RaftServer,group=group-9B440A296EEA,id=adad188d-dec8-49e0-8c63-aa4dd86be889
2023-05-08 09:35:57,953 [pool-928-thread-1] INFO  server.RaftServerConfigKeys (ConfUtils.java:logGet(46)) - raft.server.snapshot.auto.trigger.enabled = true (custom)
2023-05-08 09:35:57,953 [pool-928-thread-1] INFO  server.RaftServerConfigKeys (ConfUtils.java:logGet(46)) - raft.server.snapshot.auto.trigger.threshold = 10000 (custom)
2023-05-08 09:35:57,953 [pool-928-thread-1] INFO  server.RaftServerConfigKeys (ConfUtils.java:logGet(46)) - raft.server.snapshot.retention.file.num = 5 (custom)
2023-05-08 09:35:57,954 [pool-928-thread-1] INFO  server.RaftServerConfigKeys (ConfUtils.java:logGet(46)) - raft.server.log.purge.upto.snapshot.index = false (default)
2023-05-08 09:35:57,954 [Command processor thread] INFO  ratis.XceiverServerRatis (XceiverServerRatis.java:addGroup(806)) - Created group PipelineID=1c31010a-ce5b-4d08-a55e-9b440a296eea
2023-05-08 09:35:57,954 [Command processor thread] INFO  commandhandler.CreatePipelineCommandHandler (CreatePipelineCommandHandler.java:handle(113)) - Created Pipeline RATIS ONE PipelineID=1c31010a-ce5b-4d08-a55e-9b440a296eea.
2023-05-08 09:35:57,954 [Command processor thread] INFO  server.RaftServer (RaftServerProxy.java:addNew(96)) - adad188d-dec8-49e0-8c63-aa4dd86be889: addNew group-F209E3BF728F:[adad188d-dec8-49e0-8c63-aa4dd86be889|rpc:10.1.0.160:45849|dataStream:10.1.0.160:37925|priority:0|startupRole:FOLLOWER, 7d225e59-d7fc-44c3-8933-4ad8325cd17e|rpc:10.1.0.160:35621|dataStream:10.1.0.160:36997|priority:0|startupRole:FOLLOWER, 4515e5b0-3b05-46e4-bb3b-126498a8ebe7|rpc:10.1.0.160:34219|dataStream:10.1.0.160:36629|priority:1|startupRole:FOLLOWER] returns group-F209E3BF728F:java.util.concurrent.CompletableFuture@952a26c[Not completed]
2023-05-08 09:35:57,955 [pool-928-thread-1] INFO  server.RaftServer$Division (RaftServerImpl.java:<init>(195)) - adad188d-dec8-49e0-8c63-aa4dd86be889: new RaftServerImpl for group-F209E3BF728F:[adad188d-dec8-49e0-8c63-aa4dd86be889|rpc:10.1.0.160:45849|dataStream:10.1.0.160:37925|priority:0|startupRole:FOLLOWER, 7d225e59-d7fc-44c3-8933-4ad8325cd17e|rpc:10.1.0.160:35621|dataStream:10.1.0.160:36997|priority:0|startupRole:FOLLOWER, 4515e5b0-3b05-46e4-bb3b-126498a8ebe7|rpc:10.1.0.160:34219|dataStream:10.1.0.160:36629|priority:1|startupRole:FOLLOWER] with ContainerStateMachine:uninitialized
2023-05-08 09:35:57,955 [pool-928-thread-1] INFO  server.RaftServerConfigKeys (ConfUtils.java:logGet(46)) - raft.server.rpc.timeout.min = 5s (custom)
2023-05-08 09:35:57,955 [pool-928-thread-1] INFO  server.RaftServerConfigKeys (ConfUtils.java:logGet(46)) - raft.server.rpc.timeout.max = 5200ms (custom)
2023-05-08 09:35:57,955 [pool-928-thread-1] INFO  server.RaftServerConfigKeys (ConfUtils.java:logGet(46)) - raft.server.rpc.sleep.time = 25ms (default)
2023-05-08 09:35:57,955 [pool-928-thread-1] INFO  server.RaftServerConfigKeys (ConfUtils.java:logGet(46)) - raft.server.rpc.slowness.timeout = 300s (custom)
2023-05-08 09:35:57,955 [pool-928-thread-1] INFO  server.RaftServerConfigKeys (ConfUtils.java:logGet(46)) - raft.server.leaderelection.leader.step-down.wait-time = 10s (default)
2023-05-08 09:35:57,955 [pool-928-thread-1] INFO  server.RaftServerConfigKeys (ConfUtils.java:logGet(46)) - raft.server.sleep.deviation.threshold = 300ms (default)
2023-05-08 09:35:57,956 [pool-928-thread-1] INFO  server.RaftServer$Division (ServerState.java:<init>(118)) - adad188d-dec8-49e0-8c63-aa4dd86be889@group-F209E3BF728F: ConfigurationManager, init=-1: peers:[adad188d-dec8-49e0-8c63-aa4dd86be889|rpc:10.1.0.160:45849|dataStream:10.1.0.160:37925|priority:0|startupRole:FOLLOWER, 7d225e59-d7fc-44c3-8933-4ad8325cd17e|rpc:10.1.0.160:35621|dataStream:10.1.0.160:36997|priority:0|startupRole:FOLLOWER, 4515e5b0-3b05-46e4-bb3b-126498a8ebe7|rpc:10.1.0.160:34219|dataStream:10.1.0.160:36629|priority:1|startupRole:FOLLOWER]|listeners:[], old=null, confs=<EMPTY_MAP>
2023-05-08 09:35:57,956 [pool-928-thread-1] INFO  server.RaftServerConfigKeys (ConfUtils.java:logGet(46)) - raft.server.storage.dir = [/home/runner/work/ozone/ozone/hadoop-ozone/integration-test/target/test-dir/MiniOzoneClusterImpl-8c58255f-3d22-4aeb-98f1-cae2738195f5/datanode-0/data/ratis] (custom)
2023-05-08 09:35:57,956 [pool-928-thread-1] INFO  server.RaftServerConfigKeys (ConfUtils.java:logGet(46)) - raft.server.log.corruption.policy = EXCEPTION (default)
2023-05-08 09:35:57,956 [pool-928-thread-1] INFO  server.RaftServerConfigKeys (ConfUtils.java:logGet(46)) - raft.server.storage.free-space.min = 0MB (=0) (default)
2023-05-08 09:35:57,956 [pool-928-thread-1] INFO  server.RaftServerConfigKeys (ConfUtils.java:logGet(46)) - raft.server.notification.no-leader.timeout = 300s (custom)
2023-05-08 09:35:57,956 [pool-928-thread-1] INFO  server.RaftServerConfigKeys (ConfUtils.java:logGet(46)) - raft.server.retrycache.expirytime = 600000ms (custom)
2023-05-08 09:35:57,956 [pool-928-thread-1] INFO  server.RaftServerConfigKeys (ConfUtils.java:logGet(46)) - raft.server.retrycache.statistics.expirytime = 100μs (default)
2023-05-08 09:35:57,956 [pool-928-thread-1] INFO  server.RaftServerConfigKeys (ConfUtils.java:logGet(46)) - raft.server.log.appender.install.snapshot.enabled = false (custom)
2023-05-08 09:35:57,956 [pool-928-thread-1] INFO  server.RaftServerConfigKeys (ConfUtils.java:logGet(46)) - raft.server.threadpool.server.cached = true (default)
2023-05-08 09:35:57,957 [pool-928-thread-1] INFO  server.RaftServerConfigKeys (ConfUtils.java:logGet(46)) - raft.server.threadpool.server.size = 0 (default)
2023-05-08 09:35:57,957 [pool-928-thread-1] INFO  server.RaftServerConfigKeys (ConfUtils.java:logGet(46)) - raft.server.threadpool.client.cached = true (default)
2023-05-08 09:35:57,957 [pool-928-thread-1] INFO  server.RaftServerConfigKeys (ConfUtils.java:logGet(46)) - raft.server.threadpool.client.size = 0 (default)
2023-05-08 09:35:57,957 [pool-928-thread-1] INFO  storage.RaftStorageDirectory (RaftStorageDirectoryImpl.java:analyzeStorage(137)) - The storage directory /home/runner/work/ozone/ozone/hadoop-ozone/integration-test/target/test-dir/MiniOzoneClusterImpl-8c58255f-3d22-4aeb-98f1-cae2738195f5/datanode-0/data/ratis/3d8c3573-b60c-4a90-9d5e-f209e3bf728f does not exist. Creating ...
2023-05-08 09:35:57,957 [adad188d-dec8-49e0-8c63-aa4dd86be889@group-9B440A296EEA-FollowerState] INFO  server.RaftServerConfigKeys (ConfUtils.java:logFallback(53)) - raft.server.rpc.first-election.timeout.min = 5s (fallback to raft.server.rpc.timeout.min)
2023-05-08 09:35:57,957 [adad188d-dec8-49e0-8c63-aa4dd86be889@group-9B440A296EEA-FollowerState] INFO  server.RaftServerConfigKeys (ConfUtils.java:logFallback(53)) - raft.server.rpc.first-election.timeout.max = 5200ms (fallback to raft.server.rpc.timeout.max)
2023-05-08 09:35:57,958 [pool-928-thread-1] INFO  storage.RaftStorageDirectory (RaftStorageDirectoryImpl.java:tryLock(231)) - Lock on /home/runner/work/ozone/ozone/hadoop-ozone/integration-test/target/test-dir/MiniOzoneClusterImpl-8c58255f-3d22-4aeb-98f1-cae2738195f5/datanode-0/data/ratis/3d8c3573-b60c-4a90-9d5e-f209e3bf728f/in_use.lock acquired by nodename 7572@fv-az96-539
2023-05-08 09:35:57,959 [pool-928-thread-1] INFO  storage.RaftStorage (RaftStorageImpl.java:format(96)) - Storage directory /home/runner/work/ozone/ozone/hadoop-ozone/integration-test/target/test-dir/MiniOzoneClusterImpl-8c58255f-3d22-4aeb-98f1-cae2738195f5/datanode-0/data/ratis/3d8c3573-b60c-4a90-9d5e-f209e3bf728f has been successfully formatted.
2023-05-08 09:35:57,959 [pool-928-thread-1] INFO  ratis.ContainerStateMachine (ContainerStateMachine.java:loadSnapshot(262)) - group-F209E3BF728F: The snapshot info is null. Setting the last applied indexto:(t:0, i:~)
2023-05-08 09:35:57,959 [pool-928-thread-1] INFO  server.RaftServerConfigKeys (ConfUtils.java:logGet(46)) - raft.server.log.use.memory = false (default)
2023-05-08 09:35:57,959 [pool-928-thread-1] INFO  server.RaftServerConfigKeys (ConfUtils.java:logGet(46)) - raft.server.log.purge.gap = 1000000 (custom)
2023-05-08 09:35:57,959 [pool-928-thread-1] INFO  server.RaftServerConfigKeys (ConfUtils.java:logGet(46)) - raft.server.log.appender.buffer.byte-limit = 33554432 (custom)
2023-05-08 09:35:57,959 [pool-928-thread-1] INFO  server.RaftServerConfigKeys (ConfUtils.java:logGet(46)) - raft.server.log.statemachine.data.read.timeout = 1000ms (default)
2023-05-08 09:35:57,959 [pool-928-thread-1] INFO  server.RaftServerConfigKeys (ConfUtils.java:logGet(46)) - raft.server.log.purge.preservation.log.num = 0 (default)
2023-05-08 09:35:57,960 [pool-928-thread-1] INFO  server.RaftServerConfigKeys (ConfUtils.java:logGet(46)) - raft.server.log.segment.size.max = 1048576 (custom)
2023-05-08 09:35:57,960 [pool-928-thread-1] INFO  server.RaftServerConfigKeys (ConfUtils.java:logGet(46)) - raft.server.log.segment.cache.num.max = 2 (custom)
2023-05-08 09:35:57,960 [pool-928-thread-1] INFO  server.RaftServerConfigKeys (ConfUtils.java:logGet(46)) - raft.server.log.segment.cache.size.max = 200MB (=209715200) (default)
2023-05-08 09:35:57,960 [pool-928-thread-1] INFO  segmented.SegmentedRaftLogWorker (SegmentedRaftLogWorker.java:<init>(189)) - new adad188d-dec8-49e0-8c63-aa4dd86be889@group-F209E3BF728F-SegmentedRaftLogWorker for RaftStorageImpl:Storage Directory /home/runner/work/ozone/ozone/hadoop-ozone/integration-test/target/test-dir/MiniOzoneClusterImpl-8c58255f-3d22-4aeb-98f1-cae2738195f5/datanode-0/data/ratis/3d8c3573-b60c-4a90-9d5e-f209e3bf728f
2023-05-08 09:35:57,960 [pool-928-thread-1] INFO  server.RaftServerConfigKeys (ConfUtils.java:logGet(46)) - raft.server.log.queue.byte-limit = 4294967296 (custom)
2023-05-08 09:35:57,960 [pool-928-thread-1] INFO  server.RaftServerConfigKeys (ConfUtils.java:logGet(46)) - raft.server.log.queue.element-limit = 1024 (custom)
2023-05-08 09:35:57,960 [pool-928-thread-1] INFO  server.RaftServerConfigKeys (ConfUtils.java:logGet(46)) - raft.server.log.segment.size.max = 1048576 (custom)
2023-05-08 09:35:57,960 [pool-928-thread-1] INFO  server.RaftServerConfigKeys (ConfUtils.java:logGet(46)) - raft.server.log.preallocated.size = 16384 (custom)
2023-05-08 09:35:57,960 [pool-928-thread-1] INFO  server.RaftServerConfigKeys (ConfUtils.java:logGet(46)) - raft.server.log.force.sync.num = 128 (default)
2023-05-08 09:35:57,960 [pool-928-thread-1] INFO  server.RaftServerConfigKeys (ConfUtils.java:logGet(46)) - raft.server.log.statemachine.data.sync = true (default)
2023-05-08 09:35:57,960 [pool-928-thread-1] INFO  server.RaftServerConfigKeys (ConfUtils.java:logGet(46)) - raft.server.log.statemachine.data.sync.timeout = 10s (default)
2023-05-08 09:35:57,962 [EventQueue-OpenPipelineForHealthyPipelineSafeModeRule] INFO  safemode.SCMSafeModeManager (HealthyPipelineSafeModeRule.java:process(137)) - SCM in safe mode. Healthy pipelines reported count is 0, required healthy pipeline reported count is 1
2023-05-08 09:35:57,962 [pool-928-thread-1] INFO  server.RaftServerConfigKeys (ConfUtils.java:logGet(46)) - raft.server.log.statemachine.data.sync.timeout.retry = -1 (default)
2023-05-08 09:35:57,963 [pool-928-thread-1] INFO  server.RaftServerConfigKeys (ConfUtils.java:logGet(46)) - raft.server.log.write.buffer.size = 1048576 (custom)
2023-05-08 09:35:57,964 [pool-928-thread-1] INFO  server.RaftServerConfigKeys (ConfUtils.java:logGet(46)) - raft.server.log.appender.buffer.byte-limit = 33554432 (custom)
2023-05-08 09:35:57,971 [pool-928-thread-1] INFO  server.RaftServerConfigKeys (ConfUtils.java:logGet(46)) - raft.server.log.unsafe-flush.enabled = false (default)
2023-05-08 09:35:57,971 [pool-928-thread-1] INFO  server.RaftServerConfigKeys (ConfUtils.java:logGet(46)) - raft.server.log.async-flush.enabled = false (default)
2023-05-08 09:35:57,971 [pool-928-thread-1] INFO  server.RaftServerConfigKeys (ConfUtils.java:logGet(46)) - raft.server.log.statemachine.data.caching.enabled = true (custom)
2023-05-08 09:35:57,971 [pool-928-thread-1] INFO  segmented.SegmentedRaftLogWorker (SegmentedRaftLogWorker.java:lambda$new$0(135)) - adad188d-dec8-49e0-8c63-aa4dd86be889@group-F209E3BF728F-SegmentedRaftLogWorker: flushIndex: setUnconditionally 0 -> -1
2023-05-08 09:35:57,971 [pool-928-thread-1] INFO  segmented.SegmentedRaftLogWorker (SegmentedRaftLogWorker.java:lambda$new$0(135)) - adad188d-dec8-49e0-8c63-aa4dd86be889@group-F209E3BF728F-SegmentedRaftLogWorker: safeCacheEvictIndex: setUnconditionally 0 -> -1
2023-05-08 09:35:57,974 [pool-928-thread-1] INFO  server.RaftServer$Division (RaftServerImpl.java:start(334)) - adad188d-dec8-49e0-8c63-aa4dd86be889@group-F209E3BF728F: start as a follower, conf=-1: peers:[adad188d-dec8-49e0-8c63-aa4dd86be889|rpc:10.1.0.160:45849|dataStream:10.1.0.160:37925|priority:0|startupRole:FOLLOWER, 7d225e59-d7fc-44c3-8933-4ad8325cd17e|rpc:10.1.0.160:35621|dataStream:10.1.0.160:36997|priority:0|startupRole:FOLLOWER, 4515e5b0-3b05-46e4-bb3b-126498a8ebe7|rpc:10.1.0.160:34219|dataStream:10.1.0.160:36629|priority:1|startupRole:FOLLOWER]|listeners:[], old=null
2023-05-08 09:35:57,974 [pool-928-thread-1] INFO  server.RaftServer$Division (RaftServerImpl.java:setRole(321)) - adad188d-dec8-49e0-8c63-aa4dd86be889@group-F209E3BF728F: changes role from      null to FOLLOWER at term 0 for startAsFollower
2023-05-08 09:35:57,974 [pool-928-thread-1] INFO  impl.RoleInfo (RoleInfo.java:updateAndGet(139)) - adad188d-dec8-49e0-8c63-aa4dd86be889: start adad188d-dec8-49e0-8c63-aa4dd86be889@group-F209E3BF728F-FollowerState
2023-05-08 09:35:57,974 [pool-928-thread-1] INFO  util.JmxRegister (JmxRegister.java:tryRegister(44)) - Successfully registered JMX Bean with object name Ratis:service=RaftServer,group=group-F209E3BF728F,id=adad188d-dec8-49e0-8c63-aa4dd86be889
2023-05-08 09:35:57,974 [adad188d-dec8-49e0-8c63-aa4dd86be889@group-F209E3BF728F-FollowerState] INFO  server.RaftServerConfigKeys (ConfUtils.java:logFallback(53)) - raft.server.rpc.first-election.timeout.min = 5s (fallback to raft.server.rpc.timeout.min)
2023-05-08 09:35:57,974 [pool-928-thread-1] INFO  server.RaftServerConfigKeys (ConfUtils.java:logGet(46)) - raft.server.snapshot.auto.trigger.enabled = true (custom)
2023-05-08 09:35:57,974 [adad188d-dec8-49e0-8c63-aa4dd86be889@group-F209E3BF728F-FollowerState] INFO  server.RaftServerConfigKeys (ConfUtils.java:logFallback(53)) - raft.server.rpc.first-election.timeout.max = 5200ms (fallback to raft.server.rpc.timeout.max)
2023-05-08 09:35:57,975 [pool-928-thread-1] INFO  server.RaftServerConfigKeys (ConfUtils.java:logGet(46)) - raft.server.snapshot.auto.trigger.threshold = 10000 (custom)
2023-05-08 09:35:57,975 [pool-928-thread-1] INFO  server.RaftServerConfigKeys (ConfUtils.java:logGet(46)) - raft.server.snapshot.retention.file.num = 5 (custom)
2023-05-08 09:35:57,975 [pool-928-thread-1] INFO  server.RaftServerConfigKeys (ConfUtils.java:logGet(46)) - raft.server.log.purge.upto.snapshot.index = false (default)
2023-05-08 09:35:57,975 [Command processor thread] INFO  ratis.XceiverServerRatis (XceiverServerRatis.java:addGroup(806)) - Created group PipelineID=3d8c3573-b60c-4a90-9d5e-f209e3bf728f
2023-05-08 09:35:57,990 [grpc-default-executor-0] INFO  server.RaftServer (RaftServerProxy.java:addNew(96)) - 4515e5b0-3b05-46e4-bb3b-126498a8ebe7: addNew group-F209E3BF728F:[adad188d-dec8-49e0-8c63-aa4dd86be889|rpc:10.1.0.160:45849|dataStream:10.1.0.160:37925|priority:0|startupRole:FOLLOWER, 7d225e59-d7fc-44c3-8933-4ad8325cd17e|rpc:10.1.0.160:35621|dataStream:10.1.0.160:36997|priority:0|startupRole:FOLLOWER, 4515e5b0-3b05-46e4-bb3b-126498a8ebe7|rpc:10.1.0.160:34219|dataStream:10.1.0.160:36629|priority:1|startupRole:FOLLOWER] returns group-F209E3BF728F:java.util.concurrent.CompletableFuture@6bf2fc1c[Not completed]
2023-05-08 09:35:57,991 [pool-972-thread-1] INFO  server.RaftServer$Division (RaftServerImpl.java:<init>(195)) - 4515e5b0-3b05-46e4-bb3b-126498a8ebe7: new RaftServerImpl for group-F209E3BF728F:[adad188d-dec8-49e0-8c63-aa4dd86be889|rpc:10.1.0.160:45849|dataStream:10.1.0.160:37925|priority:0|startupRole:FOLLOWER, 7d225e59-d7fc-44c3-8933-4ad8325cd17e|rpc:10.1.0.160:35621|dataStream:10.1.0.160:36997|priority:0|startupRole:FOLLOWER, 4515e5b0-3b05-46e4-bb3b-126498a8ebe7|rpc:10.1.0.160:34219|dataStream:10.1.0.160:36629|priority:1|startupRole:FOLLOWER] with ContainerStateMachine:uninitialized
2023-05-08 09:35:57,991 [pool-972-thread-1] INFO  server.RaftServerConfigKeys (ConfUtils.java:logGet(46)) - raft.server.rpc.timeout.min = 5s (custom)
2023-05-08 09:35:57,991 [pool-972-thread-1] INFO  server.RaftServerConfigKeys (ConfUtils.java:logGet(46)) - raft.server.rpc.timeout.max = 5200ms (custom)
2023-05-08 09:35:57,991 [pool-972-thread-1] INFO  server.RaftServerConfigKeys (ConfUtils.java:logGet(46)) - raft.server.rpc.sleep.time = 25ms (default)
2023-05-08 09:35:57,991 [pool-972-thread-1] INFO  server.RaftServerConfigKeys (ConfUtils.java:logGet(46)) - raft.server.rpc.slowness.timeout = 300s (custom)
2023-05-08 09:35:57,991 [pool-972-thread-1] INFO  server.RaftServerConfigKeys (ConfUtils.java:logGet(46)) - raft.server.leaderelection.leader.step-down.wait-time = 10s (default)
2023-05-08 09:35:57,991 [pool-972-thread-1] INFO  server.RaftServerConfigKeys (ConfUtils.java:logGet(46)) - raft.server.sleep.deviation.threshold = 300ms (default)
2023-05-08 09:35:57,992 [pool-972-thread-1] INFO  server.RaftServer$Division (ServerState.java:<init>(118)) - 4515e5b0-3b05-46e4-bb3b-126498a8ebe7@group-F209E3BF728F: ConfigurationManager, init=-1: peers:[adad188d-dec8-49e0-8c63-aa4dd86be889|rpc:10.1.0.160:45849|dataStream:10.1.0.160:37925|priority:0|startupRole:FOLLOWER, 7d225e59-d7fc-44c3-8933-4ad8325cd17e|rpc:10.1.0.160:35621|dataStream:10.1.0.160:36997|priority:0|startupRole:FOLLOWER, 4515e5b0-3b05-46e4-bb3b-126498a8ebe7|rpc:10.1.0.160:34219|dataStream:10.1.0.160:36629|priority:1|startupRole:FOLLOWER]|listeners:[], old=null, confs=<EMPTY_MAP>
2023-05-08 09:35:57,992 [pool-972-thread-1] INFO  server.RaftServerConfigKeys (ConfUtils.java:logGet(46)) - raft.server.storage.dir = [/home/runner/work/ozone/ozone/hadoop-ozone/integration-test/target/test-dir/MiniOzoneClusterImpl-8c58255f-3d22-4aeb-98f1-cae2738195f5/datanode-2/data/ratis] (custom)
2023-05-08 09:35:57,992 [pool-972-thread-1] INFO  server.RaftServerConfigKeys (ConfUtils.java:logGet(46)) - raft.server.log.corruption.policy = EXCEPTION (default)
2023-05-08 09:35:57,992 [pool-972-thread-1] INFO  server.RaftServerConfigKeys (ConfUtils.java:logGet(46)) - raft.server.storage.free-space.min = 0MB (=0) (default)
2023-05-08 09:35:57,992 [pool-972-thread-1] INFO  server.RaftServerConfigKeys (ConfUtils.java:logGet(46)) - raft.server.notification.no-leader.timeout = 300s (custom)
2023-05-08 09:35:57,992 [pool-972-thread-1] INFO  server.RaftServerConfigKeys (ConfUtils.java:logGet(46)) - raft.server.retrycache.expirytime = 600000ms (custom)
2023-05-08 09:35:57,992 [pool-972-thread-1] INFO  server.RaftServerConfigKeys (ConfUtils.java:logGet(46)) - raft.server.retrycache.statistics.expirytime = 100μs (default)
2023-05-08 09:35:57,992 [pool-972-thread-1] INFO  server.RaftServerConfigKeys (ConfUtils.java:logGet(46)) - raft.server.log.appender.install.snapshot.enabled = false (custom)
2023-05-08 09:35:57,993 [pool-972-thread-1] INFO  server.RaftServerConfigKeys (ConfUtils.java:logGet(46)) - raft.server.threadpool.server.cached = true (default)
2023-05-08 09:35:57,993 [pool-972-thread-1] INFO  server.RaftServerConfigKeys (ConfUtils.java:logGet(46)) - raft.server.threadpool.server.size = 0 (default)
2023-05-08 09:35:57,993 [pool-972-thread-1] INFO  server.RaftServerConfigKeys (ConfUtils.java:logGet(46)) - raft.server.threadpool.client.cached = true (default)
2023-05-08 09:35:57,993 [pool-972-thread-1] INFO  server.RaftServerConfigKeys (ConfUtils.java:logGet(46)) - raft.server.threadpool.client.size = 0 (default)
2023-05-08 09:35:57,993 [pool-972-thread-1] INFO  storage.RaftStorageDirectory (RaftStorageDirectoryImpl.java:analyzeStorage(137)) - The storage directory /home/runner/work/ozone/ozone/hadoop-ozone/integration-test/target/test-dir/MiniOzoneClusterImpl-8c58255f-3d22-4aeb-98f1-cae2738195f5/datanode-2/data/ratis/3d8c3573-b60c-4a90-9d5e-f209e3bf728f does not exist. Creating ...
2023-05-08 09:35:57,994 [pool-972-thread-1] INFO  storage.RaftStorageDirectory (RaftStorageDirectoryImpl.java:tryLock(231)) - Lock on /home/runner/work/ozone/ozone/hadoop-ozone/integration-test/target/test-dir/MiniOzoneClusterImpl-8c58255f-3d22-4aeb-98f1-cae2738195f5/datanode-2/data/ratis/3d8c3573-b60c-4a90-9d5e-f209e3bf728f/in_use.lock acquired by nodename 7572@fv-az96-539
2023-05-08 09:35:57,995 [pool-972-thread-1] INFO  storage.RaftStorage (RaftStorageImpl.java:format(96)) - Storage directory /home/runner/work/ozone/ozone/hadoop-ozone/integration-test/target/test-dir/MiniOzoneClusterImpl-8c58255f-3d22-4aeb-98f1-cae2738195f5/datanode-2/data/ratis/3d8c3573-b60c-4a90-9d5e-f209e3bf728f has been successfully formatted.
2023-05-08 09:35:57,997 [pool-972-thread-1] INFO  ratis.ContainerStateMachine (ContainerStateMachine.java:loadSnapshot(262)) - group-F209E3BF728F: The snapshot info is null. Setting the last applied indexto:(t:0, i:~)
2023-05-08 09:35:57,997 [pool-972-thread-1] INFO  server.RaftServerConfigKeys (ConfUtils.java:logGet(46)) - raft.server.log.use.memory = false (default)
2023-05-08 09:35:57,997 [pool-972-thread-1] INFO  server.RaftServerConfigKeys (ConfUtils.java:logGet(46)) - raft.server.log.purge.gap = 1000000 (custom)
2023-05-08 09:35:57,997 [pool-972-thread-1] INFO  server.RaftServerConfigKeys (ConfUtils.java:logGet(46)) - raft.server.log.appender.buffer.byte-limit = 33554432 (custom)
2023-05-08 09:35:57,997 [pool-972-thread-1] INFO  server.RaftServerConfigKeys (ConfUtils.java:logGet(46)) - raft.server.log.statemachine.data.read.timeout = 1000ms (default)
2023-05-08 09:35:57,997 [pool-972-thread-1] INFO  server.RaftServerConfigKeys (ConfUtils.java:logGet(46)) - raft.server.log.purge.preservation.log.num = 0 (default)
2023-05-08 09:35:57,997 [pool-972-thread-1] INFO  server.RaftServerConfigKeys (ConfUtils.java:logGet(46)) - raft.server.log.segment.size.max = 1048576 (custom)
2023-05-08 09:35:57,997 [pool-972-thread-1] INFO  server.RaftServerConfigKeys (ConfUtils.java:logGet(46)) - raft.server.log.segment.cache.num.max = 2 (custom)
2023-05-08 09:35:57,998 [pool-972-thread-1] INFO  server.RaftServerConfigKeys (ConfUtils.java:logGet(46)) - raft.server.log.segment.cache.size.max = 200MB (=209715200) (default)
2023-05-08 09:35:57,998 [pool-972-thread-1] INFO  segmented.SegmentedRaftLogWorker (SegmentedRaftLogWorker.java:<init>(189)) - new 4515e5b0-3b05-46e4-bb3b-126498a8ebe7@group-F209E3BF728F-SegmentedRaftLogWorker for RaftStorageImpl:Storage Directory /home/runner/work/ozone/ozone/hadoop-ozone/integration-test/target/test-dir/MiniOzoneClusterImpl-8c58255f-3d22-4aeb-98f1-cae2738195f5/datanode-2/data/ratis/3d8c3573-b60c-4a90-9d5e-f209e3bf728f
2023-05-08 09:35:57,998 [pool-972-thread-1] INFO  server.RaftServerConfigKeys (ConfUtils.java:logGet(46)) - raft.server.log.queue.byte-limit = 4294967296 (custom)
2023-05-08 09:35:57,998 [pool-972-thread-1] INFO  server.RaftServerConfigKeys (ConfUtils.java:logGet(46)) - raft.server.log.queue.element-limit = 1024 (custom)
2023-05-08 09:35:57,998 [pool-972-thread-1] INFO  server.RaftServerConfigKeys (ConfUtils.java:logGet(46)) - raft.server.log.segment.size.max = 1048576 (custom)
2023-05-08 09:35:57,998 [pool-972-thread-1] INFO  server.RaftServerConfigKeys (ConfUtils.java:logGet(46)) - raft.server.log.preallocated.size = 16384 (custom)
2023-05-08 09:35:57,998 [pool-972-thread-1] INFO  server.RaftServerConfigKeys (ConfUtils.java:logGet(46)) - raft.server.log.force.sync.num = 128 (default)
2023-05-08 09:35:57,998 [pool-972-thread-1] INFO  server.RaftServerConfigKeys (ConfUtils.java:logGet(46)) - raft.server.log.statemachine.data.sync = true (default)
2023-05-08 09:35:57,998 [pool-972-thread-1] INFO  server.RaftServerConfigKeys (ConfUtils.java:logGet(46)) - raft.server.log.statemachine.data.sync.timeout = 10s (default)
2023-05-08 09:35:57,998 [pool-972-thread-1] INFO  server.RaftServerConfigKeys (ConfUtils.java:logGet(46)) - raft.server.log.statemachine.data.sync.timeout.retry = -1 (default)
2023-05-08 09:35:57,999 [pool-972-thread-1] INFO  server.RaftServerConfigKeys (ConfUtils.java:logGet(46)) - raft.server.log.write.buffer.size = 1048576 (custom)
2023-05-08 09:35:57,999 [pool-972-thread-1] INFO  server.RaftServerConfigKeys (ConfUtils.java:logGet(46)) - raft.server.log.appender.buffer.byte-limit = 33554432 (custom)
2023-05-08 09:35:58,004 [pool-972-thread-1] INFO  server.RaftServerConfigKeys (ConfUtils.java:logGet(46)) - raft.server.log.unsafe-flush.enabled = false (default)
2023-05-08 09:35:58,004 [pool-972-thread-1] INFO  server.RaftServerConfigKeys (ConfUtils.java:logGet(46)) - raft.server.log.async-flush.enabled = false (default)
2023-05-08 09:35:58,004 [pool-972-thread-1] INFO  server.RaftServerConfigKeys (ConfUtils.java:logGet(46)) - raft.server.log.statemachine.data.caching.enabled = true (custom)
2023-05-08 09:35:58,004 [pool-972-thread-1] INFO  segmented.SegmentedRaftLogWorker (SegmentedRaftLogWorker.java:lambda$new$0(135)) - 4515e5b0-3b05-46e4-bb3b-126498a8ebe7@group-F209E3BF728F-SegmentedRaftLogWorker: flushIndex: setUnconditionally 0 -> -1
2023-05-08 09:35:58,004 [pool-972-thread-1] INFO  segmented.SegmentedRaftLogWorker (SegmentedRaftLogWorker.java:lambda$new$0(135)) - 4515e5b0-3b05-46e4-bb3b-126498a8ebe7@group-F209E3BF728F-SegmentedRaftLogWorker: safeCacheEvictIndex: setUnconditionally 0 -> -1
2023-05-08 09:35:58,007 [pool-972-thread-1] INFO  server.RaftServer$Division (RaftServerImpl.java:start(334)) - 4515e5b0-3b05-46e4-bb3b-126498a8ebe7@group-F209E3BF728F: start as a follower, conf=-1: peers:[adad188d-dec8-49e0-8c63-aa4dd86be889|rpc:10.1.0.160:45849|dataStream:10.1.0.160:37925|priority:0|startupRole:FOLLOWER, 7d225e59-d7fc-44c3-8933-4ad8325cd17e|rpc:10.1.0.160:35621|dataStream:10.1.0.160:36997|priority:0|startupRole:FOLLOWER, 4515e5b0-3b05-46e4-bb3b-126498a8ebe7|rpc:10.1.0.160:34219|dataStream:10.1.0.160:36629|priority:1|startupRole:FOLLOWER]|listeners:[], old=null
2023-05-08 09:35:58,007 [pool-972-thread-1] INFO  server.RaftServer$Division (RaftServerImpl.java:setRole(321)) - 4515e5b0-3b05-46e4-bb3b-126498a8ebe7@group-F209E3BF728F: changes role from      null to FOLLOWER at term 0 for startAsFollower
2023-05-08 09:35:58,007 [pool-972-thread-1] INFO  impl.RoleInfo (RoleInfo.java:updateAndGet(139)) - 4515e5b0-3b05-46e4-bb3b-126498a8ebe7: start 4515e5b0-3b05-46e4-bb3b-126498a8ebe7@group-F209E3BF728F-FollowerState
2023-05-08 09:35:58,007 [pool-972-thread-1] INFO  util.JmxRegister (JmxRegister.java:tryRegister(44)) - Successfully registered JMX Bean with object name Ratis:service=RaftServer,group=group-F209E3BF728F,id=4515e5b0-3b05-46e4-bb3b-126498a8ebe7
2023-05-08 09:35:58,007 [4515e5b0-3b05-46e4-bb3b-126498a8ebe7@group-F209E3BF728F-FollowerState] INFO  server.RaftServerConfigKeys (ConfUtils.java:logFallback(53)) - raft.server.rpc.first-election.timeout.min = 5s (fallback to raft.server.rpc.timeout.min)
2023-05-08 09:35:58,007 [pool-972-thread-1] INFO  server.RaftServerConfigKeys (ConfUtils.java:logGet(46)) - raft.server.snapshot.auto.trigger.enabled = true (custom)
2023-05-08 09:35:58,007 [4515e5b0-3b05-46e4-bb3b-126498a8ebe7@group-F209E3BF728F-FollowerState] INFO  server.RaftServerConfigKeys (ConfUtils.java:logFallback(53)) - raft.server.rpc.first-election.timeout.max = 5200ms (fallback to raft.server.rpc.timeout.max)
2023-05-08 09:35:58,007 [pool-972-thread-1] INFO  server.RaftServerConfigKeys (ConfUtils.java:logGet(46)) - raft.server.snapshot.auto.trigger.threshold = 10000 (custom)
2023-05-08 09:35:58,008 [pool-972-thread-1] INFO  server.RaftServerConfigKeys (ConfUtils.java:logGet(46)) - raft.server.snapshot.retention.file.num = 5 (custom)
2023-05-08 09:35:58,008 [pool-972-thread-1] INFO  server.RaftServerConfigKeys (ConfUtils.java:logGet(46)) - raft.server.log.purge.upto.snapshot.index = false (default)
2023-05-08 09:35:58,027 [grpc-default-executor-0] INFO  server.RaftServer (RaftServerProxy.java:addNew(96)) - 7d225e59-d7fc-44c3-8933-4ad8325cd17e: addNew group-F209E3BF728F:[adad188d-dec8-49e0-8c63-aa4dd86be889|rpc:10.1.0.160:45849|dataStream:10.1.0.160:37925|priority:0|startupRole:FOLLOWER, 7d225e59-d7fc-44c3-8933-4ad8325cd17e|rpc:10.1.0.160:35621|dataStream:10.1.0.160:36997|priority:0|startupRole:FOLLOWER, 4515e5b0-3b05-46e4-bb3b-126498a8ebe7|rpc:10.1.0.160:34219|dataStream:10.1.0.160:36629|priority:1|startupRole:FOLLOWER] returns group-F209E3BF728F:java.util.concurrent.CompletableFuture@47d79cef[Not completed]
2023-05-08 09:35:58,029 [pool-950-thread-1] INFO  server.RaftServer$Division (RaftServerImpl.java:<init>(195)) - 7d225e59-d7fc-44c3-8933-4ad8325cd17e: new RaftServerImpl for group-F209E3BF728F:[adad188d-dec8-49e0-8c63-aa4dd86be889|rpc:10.1.0.160:45849|dataStream:10.1.0.160:37925|priority:0|startupRole:FOLLOWER, 7d225e59-d7fc-44c3-8933-4ad8325cd17e|rpc:10.1.0.160:35621|dataStream:10.1.0.160:36997|priority:0|startupRole:FOLLOWER, 4515e5b0-3b05-46e4-bb3b-126498a8ebe7|rpc:10.1.0.160:34219|dataStream:10.1.0.160:36629|priority:1|startupRole:FOLLOWER] with ContainerStateMachine:uninitialized
2023-05-08 09:35:58,030 [pool-950-thread-1] INFO  server.RaftServerConfigKeys (ConfUtils.java:logGet(46)) - raft.server.rpc.timeout.min = 5s (custom)
2023-05-08 09:35:58,030 [pool-950-thread-1] INFO  server.RaftServerConfigKeys (ConfUtils.java:logGet(46)) - raft.server.rpc.timeout.max = 5200ms (custom)
2023-05-08 09:35:58,030 [pool-950-thread-1] INFO  server.RaftServerConfigKeys (ConfUtils.java:logGet(46)) - raft.server.rpc.sleep.time = 25ms (default)
2023-05-08 09:35:58,030 [pool-950-thread-1] INFO  server.RaftServerConfigKeys (ConfUtils.java:logGet(46)) - raft.server.rpc.slowness.timeout = 300s (custom)
2023-05-08 09:35:58,030 [pool-950-thread-1] INFO  server.RaftServerConfigKeys (ConfUtils.java:logGet(46)) - raft.server.leaderelection.leader.step-down.wait-time = 10s (default)
2023-05-08 09:35:58,030 [pool-950-thread-1] INFO  server.RaftServerConfigKeys (ConfUtils.java:logGet(46)) - raft.server.sleep.deviation.threshold = 300ms (default)
2023-05-08 09:35:58,030 [pool-950-thread-1] INFO  server.RaftServer$Division (ServerState.java:<init>(118)) - 7d225e59-d7fc-44c3-8933-4ad8325cd17e@group-F209E3BF728F: ConfigurationManager, init=-1: peers:[adad188d-dec8-49e0-8c63-aa4dd86be889|rpc:10.1.0.160:45849|dataStream:10.1.0.160:37925|priority:0|startupRole:FOLLOWER, 7d225e59-d7fc-44c3-8933-4ad8325cd17e|rpc:10.1.0.160:35621|dataStream:10.1.0.160:36997|priority:0|startupRole:FOLLOWER, 4515e5b0-3b05-46e4-bb3b-126498a8ebe7|rpc:10.1.0.160:34219|dataStream:10.1.0.160:36629|priority:1|startupRole:FOLLOWER]|listeners:[], old=null, confs=<EMPTY_MAP>
2023-05-08 09:35:58,031 [pool-950-thread-1] INFO  server.RaftServerConfigKeys (ConfUtils.java:logGet(46)) - raft.server.storage.dir = [/home/runner/work/ozone/ozone/hadoop-ozone/integration-test/target/test-dir/MiniOzoneClusterImpl-8c58255f-3d22-4aeb-98f1-cae2738195f5/datanode-1/data/ratis] (custom)
2023-05-08 09:35:58,031 [pool-950-thread-1] INFO  server.RaftServerConfigKeys (ConfUtils.java:logGet(46)) - raft.server.log.corruption.policy = EXCEPTION (default)
2023-05-08 09:35:58,031 [pool-950-thread-1] INFO  server.RaftServerConfigKeys (ConfUtils.java:logGet(46)) - raft.server.storage.free-space.min = 0MB (=0) (default)
2023-05-08 09:35:58,031 [pool-950-thread-1] INFO  server.RaftServerConfigKeys (ConfUtils.java:logGet(46)) - raft.server.notification.no-leader.timeout = 300s (custom)
2023-05-08 09:35:58,031 [pool-950-thread-1] INFO  server.RaftServerConfigKeys (ConfUtils.java:logGet(46)) - raft.server.retrycache.expirytime = 600000ms (custom)
2023-05-08 09:35:58,031 [pool-950-thread-1] INFO  server.RaftServerConfigKeys (ConfUtils.java:logGet(46)) - raft.server.retrycache.statistics.expirytime = 100μs (default)
2023-05-08 09:35:58,032 [pool-950-thread-1] INFO  server.RaftServerConfigKeys (ConfUtils.java:logGet(46)) - raft.server.log.appender.install.snapshot.enabled = false (custom)
2023-05-08 09:35:58,032 [pool-950-thread-1] INFO  server.RaftServerConfigKeys (ConfUtils.java:logGet(46)) - raft.server.threadpool.server.cached = true (default)
2023-05-08 09:35:58,032 [pool-950-thread-1] INFO  server.RaftServerConfigKeys (ConfUtils.java:logGet(46)) - raft.server.threadpool.server.size = 0 (default)
2023-05-08 09:35:58,032 [pool-950-thread-1] INFO  server.RaftServerConfigKeys (ConfUtils.java:logGet(46)) - raft.server.threadpool.client.cached = true (default)
2023-05-08 09:35:58,032 [pool-950-thread-1] INFO  server.RaftServerConfigKeys (ConfUtils.java:logGet(46)) - raft.server.threadpool.client.size = 0 (default)
2023-05-08 09:35:58,032 [pool-950-thread-1] INFO  storage.RaftStorageDirectory (RaftStorageDirectoryImpl.java:analyzeStorage(137)) - The storage directory /home/runner/work/ozone/ozone/hadoop-ozone/integration-test/target/test-dir/MiniOzoneClusterImpl-8c58255f-3d22-4aeb-98f1-cae2738195f5/datanode-1/data/ratis/3d8c3573-b60c-4a90-9d5e-f209e3bf728f does not exist. Creating ...
2023-05-08 09:35:58,034 [pool-950-thread-1] INFO  storage.RaftStorageDirectory (RaftStorageDirectoryImpl.java:tryLock(231)) - Lock on /home/runner/work/ozone/ozone/hadoop-ozone/integration-test/target/test-dir/MiniOzoneClusterImpl-8c58255f-3d22-4aeb-98f1-cae2738195f5/datanode-1/data/ratis/3d8c3573-b60c-4a90-9d5e-f209e3bf728f/in_use.lock acquired by nodename 7572@fv-az96-539
2023-05-08 09:35:58,035 [pool-950-thread-1] INFO  storage.RaftStorage (RaftStorageImpl.java:format(96)) - Storage directory /home/runner/work/ozone/ozone/hadoop-ozone/integration-test/target/test-dir/MiniOzoneClusterImpl-8c58255f-3d22-4aeb-98f1-cae2738195f5/datanode-1/data/ratis/3d8c3573-b60c-4a90-9d5e-f209e3bf728f has been successfully formatted.
2023-05-08 09:35:58,036 [pool-950-thread-1] INFO  ratis.ContainerStateMachine (ContainerStateMachine.java:loadSnapshot(262)) - group-F209E3BF728F: The snapshot info is null. Setting the last applied indexto:(t:0, i:~)
2023-05-08 09:35:58,036 [pool-950-thread-1] INFO  server.RaftServerConfigKeys (ConfUtils.java:logGet(46)) - raft.server.log.use.memory = false (default)
2023-05-08 09:35:58,036 [pool-950-thread-1] INFO  server.RaftServerConfigKeys (ConfUtils.java:logGet(46)) - raft.server.log.purge.gap = 1000000 (custom)
2023-05-08 09:35:58,038 [pool-950-thread-1] INFO  server.RaftServerConfigKeys (ConfUtils.java:logGet(46)) - raft.server.log.appender.buffer.byte-limit = 33554432 (custom)
2023-05-08 09:35:58,038 [pool-950-thread-1] INFO  server.RaftServerConfigKeys (ConfUtils.java:logGet(46)) - raft.server.log.statemachine.data.read.timeout = 1000ms (default)
2023-05-08 09:35:58,038 [pool-950-thread-1] INFO  server.RaftServerConfigKeys (ConfUtils.java:logGet(46)) - raft.server.log.purge.preservation.log.num = 0 (default)
2023-05-08 09:35:58,038 [pool-950-thread-1] INFO  server.RaftServerConfigKeys (ConfUtils.java:logGet(46)) - raft.server.log.segment.size.max = 1048576 (custom)
2023-05-08 09:35:58,040 [pool-950-thread-1] INFO  server.RaftServerConfigKeys (ConfUtils.java:logGet(46)) - raft.server.log.segment.cache.num.max = 2 (custom)
2023-05-08 09:35:58,040 [pool-950-thread-1] INFO  server.RaftServerConfigKeys (ConfUtils.java:logGet(46)) - raft.server.log.segment.cache.size.max = 200MB (=209715200) (default)
2023-05-08 09:35:58,040 [pool-950-thread-1] INFO  segmented.SegmentedRaftLogWorker (SegmentedRaftLogWorker.java:<init>(189)) - new 7d225e59-d7fc-44c3-8933-4ad8325cd17e@group-F209E3BF728F-SegmentedRaftLogWorker for RaftStorageImpl:Storage Directory /home/runner/work/ozone/ozone/hadoop-ozone/integration-test/target/test-dir/MiniOzoneClusterImpl-8c58255f-3d22-4aeb-98f1-cae2738195f5/datanode-1/data/ratis/3d8c3573-b60c-4a90-9d5e-f209e3bf728f
2023-05-08 09:35:58,040 [pool-950-thread-1] INFO  server.RaftServerConfigKeys (ConfUtils.java:logGet(46)) - raft.server.log.queue.byte-limit = 4294967296 (custom)
2023-05-08 09:35:58,040 [pool-950-thread-1] INFO  server.RaftServerConfigKeys (ConfUtils.java:logGet(46)) - raft.server.log.queue.element-limit = 1024 (custom)
2023-05-08 09:35:58,040 [pool-950-thread-1] INFO  server.RaftServerConfigKeys (ConfUtils.java:logGet(46)) - raft.server.log.segment.size.max = 1048576 (custom)
2023-05-08 09:35:58,040 [pool-950-thread-1] INFO  server.RaftServerConfigKeys (ConfUtils.java:logGet(46)) - raft.server.log.preallocated.size = 16384 (custom)
2023-05-08 09:35:58,040 [pool-950-thread-1] INFO  server.RaftServerConfigKeys (ConfUtils.java:logGet(46)) - raft.server.log.force.sync.num = 128 (default)
2023-05-08 09:35:58,040 [pool-950-thread-1] INFO  server.RaftServerConfigKeys (ConfUtils.java:logGet(46)) - raft.server.log.statemachine.data.sync = true (default)
2023-05-08 09:35:58,040 [pool-950-thread-1] INFO  server.RaftServerConfigKeys (ConfUtils.java:logGet(46)) - raft.server.log.statemachine.data.sync.timeout = 10s (default)
2023-05-08 09:35:58,041 [pool-950-thread-1] INFO  server.RaftServerConfigKeys (ConfUtils.java:logGet(46)) - raft.server.log.statemachine.data.sync.timeout.retry = -1 (default)
2023-05-08 09:35:58,041 [pool-950-thread-1] INFO  server.RaftServerConfigKeys (ConfUtils.java:logGet(46)) - raft.server.log.write.buffer.size = 1048576 (custom)
2023-05-08 09:35:58,041 [pool-950-thread-1] INFO  server.RaftServerConfigKeys (ConfUtils.java:logGet(46)) - raft.server.log.appender.buffer.byte-limit = 33554432 (custom)
2023-05-08 09:35:58,046 [pool-950-thread-1] INFO  server.RaftServerConfigKeys (ConfUtils.java:logGet(46)) - raft.server.log.unsafe-flush.enabled = false (default)
2023-05-08 09:35:58,046 [pool-950-thread-1] INFO  server.RaftServerConfigKeys (ConfUtils.java:logGet(46)) - raft.server.log.async-flush.enabled = false (default)
2023-05-08 09:35:58,046 [pool-950-thread-1] INFO  server.RaftServerConfigKeys (ConfUtils.java:logGet(46)) - raft.server.log.statemachine.data.caching.enabled = true (custom)
2023-05-08 09:35:58,046 [pool-950-thread-1] INFO  segmented.SegmentedRaftLogWorker (SegmentedRaftLogWorker.java:lambda$new$0(135)) - 7d225e59-d7fc-44c3-8933-4ad8325cd17e@group-F209E3BF728F-SegmentedRaftLogWorker: flushIndex: setUnconditionally 0 -> -1
2023-05-08 09:35:58,046 [pool-950-thread-1] INFO  segmented.SegmentedRaftLogWorker (SegmentedRaftLogWorker.java:lambda$new$0(135)) - 7d225e59-d7fc-44c3-8933-4ad8325cd17e@group-F209E3BF728F-SegmentedRaftLogWorker: safeCacheEvictIndex: setUnconditionally 0 -> -1
2023-05-08 09:35:58,047 [pool-950-thread-1] INFO  server.RaftServer$Division (RaftServerImpl.java:start(334)) - 7d225e59-d7fc-44c3-8933-4ad8325cd17e@group-F209E3BF728F: start as a follower, conf=-1: peers:[adad188d-dec8-49e0-8c63-aa4dd86be889|rpc:10.1.0.160:45849|dataStream:10.1.0.160:37925|priority:0|startupRole:FOLLOWER, 7d225e59-d7fc-44c3-8933-4ad8325cd17e|rpc:10.1.0.160:35621|dataStream:10.1.0.160:36997|priority:0|startupRole:FOLLOWER, 4515e5b0-3b05-46e4-bb3b-126498a8ebe7|rpc:10.1.0.160:34219|dataStream:10.1.0.160:36629|priority:1|startupRole:FOLLOWER]|listeners:[], old=null
2023-05-08 09:35:58,047 [pool-950-thread-1] INFO  server.RaftServer$Division (RaftServerImpl.java:setRole(321)) - 7d225e59-d7fc-44c3-8933-4ad8325cd17e@group-F209E3BF728F: changes role from      null to FOLLOWER at term 0 for startAsFollower
2023-05-08 09:35:58,047 [pool-950-thread-1] INFO  impl.RoleInfo (RoleInfo.java:updateAndGet(139)) - 7d225e59-d7fc-44c3-8933-4ad8325cd17e: start 7d225e59-d7fc-44c3-8933-4ad8325cd17e@group-F209E3BF728F-FollowerState
2023-05-08 09:35:58,047 [pool-950-thread-1] INFO  util.JmxRegister (JmxRegister.java:tryRegister(44)) - Successfully registered JMX Bean with object name Ratis:service=RaftServer,group=group-F209E3BF728F,id=7d225e59-d7fc-44c3-8933-4ad8325cd17e
2023-05-08 09:35:58,047 [7d225e59-d7fc-44c3-8933-4ad8325cd17e@group-F209E3BF728F-FollowerState] INFO  server.RaftServerConfigKeys (ConfUtils.java:logFallback(53)) - raft.server.rpc.first-election.timeout.min = 5s (fallback to raft.server.rpc.timeout.min)
2023-05-08 09:35:58,047 [pool-950-thread-1] INFO  server.RaftServerConfigKeys (ConfUtils.java:logGet(46)) - raft.server.snapshot.auto.trigger.enabled = true (custom)
2023-05-08 09:35:58,047 [7d225e59-d7fc-44c3-8933-4ad8325cd17e@group-F209E3BF728F-FollowerState] INFO  server.RaftServerConfigKeys (ConfUtils.java:logFallback(53)) - raft.server.rpc.first-election.timeout.max = 5200ms (fallback to raft.server.rpc.timeout.max)
2023-05-08 09:35:58,047 [pool-950-thread-1] INFO  server.RaftServerConfigKeys (ConfUtils.java:logGet(46)) - raft.server.snapshot.auto.trigger.threshold = 10000 (custom)
2023-05-08 09:35:58,047 [pool-950-thread-1] INFO  server.RaftServerConfigKeys (ConfUtils.java:logGet(46)) - raft.server.snapshot.retention.file.num = 5 (custom)
2023-05-08 09:35:58,047 [pool-950-thread-1] INFO  server.RaftServerConfigKeys (ConfUtils.java:logGet(46)) - raft.server.log.purge.upto.snapshot.index = false (default)
2023-05-08 09:35:58,056 [Command processor thread] INFO  commandhandler.CreatePipelineCommandHandler (CreatePipelineCommandHandler.java:handle(113)) - Created Pipeline RATIS THREE PipelineID=3d8c3573-b60c-4a90-9d5e-f209e3bf728f.
2023-05-08 09:35:58,056 [Command processor thread] INFO  server.RaftServer (RaftServerProxy.java:addNew(96)) - adad188d-dec8-49e0-8c63-aa4dd86be889: addNew group-6BBA4484C94B:[adad188d-dec8-49e0-8c63-aa4dd86be889|rpc:10.1.0.160:45849|dataStream:10.1.0.160:37925|priority:1|startupRole:FOLLOWER, 7d225e59-d7fc-44c3-8933-4ad8325cd17e|rpc:10.1.0.160:35621|dataStream:10.1.0.160:36997|priority:0|startupRole:FOLLOWER, 4515e5b0-3b05-46e4-bb3b-126498a8ebe7|rpc:10.1.0.160:34219|dataStream:10.1.0.160:36629|priority:0|startupRole:FOLLOWER] returns group-6BBA4484C94B:java.util.concurrent.CompletableFuture@4be612bd[Not completed]
2023-05-08 09:35:58,057 [pool-928-thread-1] INFO  server.RaftServer$Division (RaftServerImpl.java:<init>(195)) - adad188d-dec8-49e0-8c63-aa4dd86be889: new RaftServerImpl for group-6BBA4484C94B:[adad188d-dec8-49e0-8c63-aa4dd86be889|rpc:10.1.0.160:45849|dataStream:10.1.0.160:37925|priority:1|startupRole:FOLLOWER, 7d225e59-d7fc-44c3-8933-4ad8325cd17e|rpc:10.1.0.160:35621|dataStream:10.1.0.160:36997|priority:0|startupRole:FOLLOWER, 4515e5b0-3b05-46e4-bb3b-126498a8ebe7|rpc:10.1.0.160:34219|dataStream:10.1.0.160:36629|priority:0|startupRole:FOLLOWER] with ContainerStateMachine:uninitialized
2023-05-08 09:35:58,057 [pool-928-thread-1] INFO  server.RaftServerConfigKeys (ConfUtils.java:logGet(46)) - raft.server.rpc.timeout.min = 5s (custom)
2023-05-08 09:35:58,057 [pool-928-thread-1] INFO  server.RaftServerConfigKeys (ConfUtils.java:logGet(46)) - raft.server.rpc.timeout.max = 5200ms (custom)
2023-05-08 09:35:58,057 [pool-928-thread-1] INFO  server.RaftServerConfigKeys (ConfUtils.java:logGet(46)) - raft.server.rpc.sleep.time = 25ms (default)
2023-05-08 09:35:58,057 [pool-928-thread-1] INFO  server.RaftServerConfigKeys (ConfUtils.java:logGet(46)) - raft.server.rpc.slowness.timeout = 300s (custom)
2023-05-08 09:35:58,057 [pool-928-thread-1] INFO  server.RaftServerConfigKeys (ConfUtils.java:logGet(46)) - raft.server.leaderelection.leader.step-down.wait-time = 10s (default)
2023-05-08 09:35:58,057 [pool-928-thread-1] INFO  server.RaftServerConfigKeys (ConfUtils.java:logGet(46)) - raft.server.sleep.deviation.threshold = 300ms (default)
2023-05-08 09:35:58,057 [pool-928-thread-1] INFO  server.RaftServer$Division (ServerState.java:<init>(118)) - adad188d-dec8-49e0-8c63-aa4dd86be889@group-6BBA4484C94B: ConfigurationManager, init=-1: peers:[adad188d-dec8-49e0-8c63-aa4dd86be889|rpc:10.1.0.160:45849|dataStream:10.1.0.160:37925|priority:1|startupRole:FOLLOWER, 7d225e59-d7fc-44c3-8933-4ad8325cd17e|rpc:10.1.0.160:35621|dataStream:10.1.0.160:36997|priority:0|startupRole:FOLLOWER, 4515e5b0-3b05-46e4-bb3b-126498a8ebe7|rpc:10.1.0.160:34219|dataStream:10.1.0.160:36629|priority:0|startupRole:FOLLOWER]|listeners:[], old=null, confs=<EMPTY_MAP>
2023-05-08 09:35:58,057 [pool-928-thread-1] INFO  server.RaftServerConfigKeys (ConfUtils.java:logGet(46)) - raft.server.storage.dir = [/home/runner/work/ozone/ozone/hadoop-ozone/integration-test/target/test-dir/MiniOzoneClusterImpl-8c58255f-3d22-4aeb-98f1-cae2738195f5/datanode-0/data/ratis] (custom)
2023-05-08 09:35:58,057 [pool-928-thread-1] INFO  server.RaftServerConfigKeys (ConfUtils.java:logGet(46)) - raft.server.log.corruption.policy = EXCEPTION (default)
2023-05-08 09:35:58,057 [pool-928-thread-1] INFO  server.RaftServerConfigKeys (ConfUtils.java:logGet(46)) - raft.server.storage.free-space.min = 0MB (=0) (default)
2023-05-08 09:35:58,057 [pool-928-thread-1] INFO  server.RaftServerConfigKeys (ConfUtils.java:logGet(46)) - raft.server.notification.no-leader.timeout = 300s (custom)
2023-05-08 09:35:58,057 [pool-928-thread-1] INFO  server.RaftServerConfigKeys (ConfUtils.java:logGet(46)) - raft.server.retrycache.expirytime = 600000ms (custom)
2023-05-08 09:35:58,057 [pool-928-thread-1] INFO  server.RaftServerConfigKeys (ConfUtils.java:logGet(46)) - raft.server.retrycache.statistics.expirytime = 100μs (default)
2023-05-08 09:35:58,058 [pool-928-thread-1] INFO  server.RaftServerConfigKeys (ConfUtils.java:logGet(46)) - raft.server.log.appender.install.snapshot.enabled = false (custom)
2023-05-08 09:35:58,058 [pool-928-thread-1] INFO  server.RaftServerConfigKeys (ConfUtils.java:logGet(46)) - raft.server.threadpool.server.cached = true (default)
2023-05-08 09:35:58,058 [pool-928-thread-1] INFO  server.RaftServerConfigKeys (ConfUtils.java:logGet(46)) - raft.server.threadpool.server.size = 0 (default)
2023-05-08 09:35:58,058 [pool-928-thread-1] INFO  server.RaftServerConfigKeys (ConfUtils.java:logGet(46)) - raft.server.threadpool.client.cached = true (default)
2023-05-08 09:35:58,058 [pool-928-thread-1] INFO  server.RaftServerConfigKeys (ConfUtils.java:logGet(46)) - raft.server.threadpool.client.size = 0 (default)
2023-05-08 09:35:58,058 [pool-928-thread-1] INFO  storage.RaftStorageDirectory (RaftStorageDirectoryImpl.java:analyzeStorage(137)) - The storage directory /home/runner/work/ozone/ozone/hadoop-ozone/integration-test/target/test-dir/MiniOzoneClusterImpl-8c58255f-3d22-4aeb-98f1-cae2738195f5/datanode-0/data/ratis/4ba760ce-735a-4ae5-8528-6bba4484c94b does not exist. Creating ...
2023-05-08 09:35:58,059 [pool-928-thread-1] INFO  storage.RaftStorageDirectory (RaftStorageDirectoryImpl.java:tryLock(231)) - Lock on /home/runner/work/ozone/ozone/hadoop-ozone/integration-test/target/test-dir/MiniOzoneClusterImpl-8c58255f-3d22-4aeb-98f1-cae2738195f5/datanode-0/data/ratis/4ba760ce-735a-4ae5-8528-6bba4484c94b/in_use.lock acquired by nodename 7572@fv-az96-539
2023-05-08 09:35:58,060 [pool-928-thread-1] INFO  storage.RaftStorage (RaftStorageImpl.java:format(96)) - Storage directory /home/runner/work/ozone/ozone/hadoop-ozone/integration-test/target/test-dir/MiniOzoneClusterImpl-8c58255f-3d22-4aeb-98f1-cae2738195f5/datanode-0/data/ratis/4ba760ce-735a-4ae5-8528-6bba4484c94b has been successfully formatted.
2023-05-08 09:35:58,062 [EventQueue-OpenPipelineForHealthyPipelineSafeModeRule] INFO  safemode.SCMSafeModeManager (HealthyPipelineSafeModeRule.java:process(137)) - SCM in safe mode. Healthy pipelines reported count is 0, required healthy pipeline reported count is 1
2023-05-08 09:35:58,062 [pool-928-thread-1] INFO  ratis.ContainerStateMachine (ContainerStateMachine.java:loadSnapshot(262)) - group-6BBA4484C94B: The snapshot info is null. Setting the last applied indexto:(t:0, i:~)
2023-05-08 09:35:58,062 [pool-928-thread-1] INFO  server.RaftServerConfigKeys (ConfUtils.java:logGet(46)) - raft.server.log.use.memory = false (default)
2023-05-08 09:35:58,062 [pool-928-thread-1] INFO  server.RaftServerConfigKeys (ConfUtils.java:logGet(46)) - raft.server.log.purge.gap = 1000000 (custom)
2023-05-08 09:35:58,062 [pool-928-thread-1] INFO  server.RaftServerConfigKeys (ConfUtils.java:logGet(46)) - raft.server.log.appender.buffer.byte-limit = 33554432 (custom)
2023-05-08 09:35:58,062 [pool-928-thread-1] INFO  server.RaftServerConfigKeys (ConfUtils.java:logGet(46)) - raft.server.log.statemachine.data.read.timeout = 1000ms (default)
2023-05-08 09:35:58,063 [pool-928-thread-1] INFO  server.RaftServerConfigKeys (ConfUtils.java:logGet(46)) - raft.server.log.purge.preservation.log.num = 0 (default)
2023-05-08 09:35:58,063 [pool-928-thread-1] INFO  server.RaftServerConfigKeys (ConfUtils.java:logGet(46)) - raft.server.log.segment.size.max = 1048576 (custom)
2023-05-08 09:35:58,063 [pool-928-thread-1] INFO  server.RaftServerConfigKeys (ConfUtils.java:logGet(46)) - raft.server.log.segment.cache.num.max = 2 (custom)
2023-05-08 09:35:58,063 [pool-928-thread-1] INFO  server.RaftServerConfigKeys (ConfUtils.java:logGet(46)) - raft.server.log.segment.cache.size.max = 200MB (=209715200) (default)
2023-05-08 09:35:58,063 [pool-928-thread-1] INFO  segmented.SegmentedRaftLogWorker (SegmentedRaftLogWorker.java:<init>(189)) - new adad188d-dec8-49e0-8c63-aa4dd86be889@group-6BBA4484C94B-SegmentedRaftLogWorker for RaftStorageImpl:Storage Directory /home/runner/work/ozone/ozone/hadoop-ozone/integration-test/target/test-dir/MiniOzoneClusterImpl-8c58255f-3d22-4aeb-98f1-cae2738195f5/datanode-0/data/ratis/4ba760ce-735a-4ae5-8528-6bba4484c94b
2023-05-08 09:35:58,063 [pool-928-thread-1] INFO  server.RaftServerConfigKeys (ConfUtils.java:logGet(46)) - raft.server.log.queue.byte-limit = 4294967296 (custom)
2023-05-08 09:35:58,063 [pool-928-thread-1] INFO  server.RaftServerConfigKeys (ConfUtils.java:logGet(46)) - raft.server.log.queue.element-limit = 1024 (custom)
2023-05-08 09:35:58,063 [pool-928-thread-1] INFO  server.RaftServerConfigKeys (ConfUtils.java:logGet(46)) - raft.server.log.segment.size.max = 1048576 (custom)
2023-05-08 09:35:58,063 [pool-928-thread-1] INFO  server.RaftServerConfigKeys (ConfUtils.java:logGet(46)) - raft.server.log.preallocated.size = 16384 (custom)
2023-05-08 09:35:58,063 [pool-928-thread-1] INFO  server.RaftServerConfigKeys (ConfUtils.java:logGet(46)) - raft.server.log.force.sync.num = 128 (default)
2023-05-08 09:35:58,063 [pool-928-thread-1] INFO  server.RaftServerConfigKeys (ConfUtils.java:logGet(46)) - raft.server.log.statemachine.data.sync = true (default)
2023-05-08 09:35:58,063 [pool-928-thread-1] INFO  server.RaftServerConfigKeys (ConfUtils.java:logGet(46)) - raft.server.log.statemachine.data.sync.timeout = 10s (default)
2023-05-08 09:35:58,063 [pool-928-thread-1] INFO  server.RaftServerConfigKeys (ConfUtils.java:logGet(46)) - raft.server.log.statemachine.data.sync.timeout.retry = -1 (default)
2023-05-08 09:35:58,064 [pool-928-thread-1] INFO  server.RaftServerConfigKeys (ConfUtils.java:logGet(46)) - raft.server.log.write.buffer.size = 1048576 (custom)
2023-05-08 09:35:58,064 [pool-928-thread-1] INFO  server.RaftServerConfigKeys (ConfUtils.java:logGet(46)) - raft.server.log.appender.buffer.byte-limit = 33554432 (custom)
2023-05-08 09:35:58,069 [pool-928-thread-1] INFO  server.RaftServerConfigKeys (ConfUtils.java:logGet(46)) - raft.server.log.unsafe-flush.enabled = false (default)
2023-05-08 09:35:58,069 [pool-928-thread-1] INFO  server.RaftServerConfigKeys (ConfUtils.java:logGet(46)) - raft.server.log.async-flush.enabled = false (default)
2023-05-08 09:35:58,069 [pool-928-thread-1] INFO  server.RaftServerConfigKeys (ConfUtils.java:logGet(46)) - raft.server.log.statemachine.data.caching.enabled = true (custom)
2023-05-08 09:35:58,069 [pool-928-thread-1] INFO  segmented.SegmentedRaftLogWorker (SegmentedRaftLogWorker.java:lambda$new$0(135)) - adad188d-dec8-49e0-8c63-aa4dd86be889@group-6BBA4484C94B-SegmentedRaftLogWorker: flushIndex: setUnconditionally 0 -> -1
2023-05-08 09:35:58,070 [pool-928-thread-1] INFO  segmented.SegmentedRaftLogWorker (SegmentedRaftLogWorker.java:lambda$new$0(135)) - adad188d-dec8-49e0-8c63-aa4dd86be889@group-6BBA4484C94B-SegmentedRaftLogWorker: safeCacheEvictIndex: setUnconditionally 0 -> -1
2023-05-08 09:35:58,070 [pool-928-thread-1] INFO  server.RaftServer$Division (RaftServerImpl.java:start(334)) - adad188d-dec8-49e0-8c63-aa4dd86be889@group-6BBA4484C94B: start as a follower, conf=-1: peers:[adad188d-dec8-49e0-8c63-aa4dd86be889|rpc:10.1.0.160:45849|dataStream:10.1.0.160:37925|priority:1|startupRole:FOLLOWER, 7d225e59-d7fc-44c3-8933-4ad8325cd17e|rpc:10.1.0.160:35621|dataStream:10.1.0.160:36997|priority:0|startupRole:FOLLOWER, 4515e5b0-3b05-46e4-bb3b-126498a8ebe7|rpc:10.1.0.160:34219|dataStream:10.1.0.160:36629|priority:0|startupRole:FOLLOWER]|listeners:[], old=null
2023-05-08 09:35:58,070 [pool-928-thread-1] INFO  server.RaftServer$Division (RaftServerImpl.java:setRole(321)) - adad188d-dec8-49e0-8c63-aa4dd86be889@group-6BBA4484C94B: changes role from      null to FOLLOWER at term 0 for startAsFollower
2023-05-08 09:35:58,070 [pool-928-thread-1] INFO  impl.RoleInfo (RoleInfo.java:updateAndGet(139)) - adad188d-dec8-49e0-8c63-aa4dd86be889: start adad188d-dec8-49e0-8c63-aa4dd86be889@group-6BBA4484C94B-FollowerState
2023-05-08 09:35:58,071 [pool-928-thread-1] INFO  util.JmxRegister (JmxRegister.java:tryRegister(44)) - Successfully registered JMX Bean with object name Ratis:service=RaftServer,group=group-6BBA4484C94B,id=adad188d-dec8-49e0-8c63-aa4dd86be889
2023-05-08 09:35:58,071 [pool-928-thread-1] INFO  server.RaftServerConfigKeys (ConfUtils.java:logGet(46)) - raft.server.snapshot.auto.trigger.enabled = true (custom)
2023-05-08 09:35:58,071 [pool-928-thread-1] INFO  server.RaftServerConfigKeys (ConfUtils.java:logGet(46)) - raft.server.snapshot.auto.trigger.threshold = 10000 (custom)
2023-05-08 09:35:58,071 [pool-928-thread-1] INFO  server.RaftServerConfigKeys (ConfUtils.java:logGet(46)) - raft.server.snapshot.retention.file.num = 5 (custom)
2023-05-08 09:35:58,071 [pool-928-thread-1] INFO  server.RaftServerConfigKeys (ConfUtils.java:logGet(46)) - raft.server.log.purge.upto.snapshot.index = false (default)
2023-05-08 09:35:58,072 [adad188d-dec8-49e0-8c63-aa4dd86be889@group-6BBA4484C94B-FollowerState] INFO  server.RaftServerConfigKeys (ConfUtils.java:logFallback(53)) - raft.server.rpc.first-election.timeout.min = 5s (fallback to raft.server.rpc.timeout.min)
2023-05-08 09:35:58,072 [adad188d-dec8-49e0-8c63-aa4dd86be889@group-6BBA4484C94B-FollowerState] INFO  server.RaftServerConfigKeys (ConfUtils.java:logFallback(53)) - raft.server.rpc.first-election.timeout.max = 5200ms (fallback to raft.server.rpc.timeout.max)
2023-05-08 09:35:58,076 [Command processor thread] INFO  ratis.XceiverServerRatis (XceiverServerRatis.java:addGroup(806)) - Created group PipelineID=4ba760ce-735a-4ae5-8528-6bba4484c94b
2023-05-08 09:35:58,086 [grpc-default-executor-0] INFO  server.RaftServer (RaftServerProxy.java:addNew(96)) - 4515e5b0-3b05-46e4-bb3b-126498a8ebe7: addNew group-6BBA4484C94B:[adad188d-dec8-49e0-8c63-aa4dd86be889|rpc:10.1.0.160:45849|dataStream:10.1.0.160:37925|priority:1|startupRole:FOLLOWER, 7d225e59-d7fc-44c3-8933-4ad8325cd17e|rpc:10.1.0.160:35621|dataStream:10.1.0.160:36997|priority:0|startupRole:FOLLOWER, 4515e5b0-3b05-46e4-bb3b-126498a8ebe7|rpc:10.1.0.160:34219|dataStream:10.1.0.160:36629|priority:0|startupRole:FOLLOWER] returns group-6BBA4484C94B:java.util.concurrent.CompletableFuture@5f13c7a4[Not completed]
2023-05-08 09:35:58,087 [pool-972-thread-1] INFO  server.RaftServer$Division (RaftServerImpl.java:<init>(195)) - 4515e5b0-3b05-46e4-bb3b-126498a8ebe7: new RaftServerImpl for group-6BBA4484C94B:[adad188d-dec8-49e0-8c63-aa4dd86be889|rpc:10.1.0.160:45849|dataStream:10.1.0.160:37925|priority:1|startupRole:FOLLOWER, 7d225e59-d7fc-44c3-8933-4ad8325cd17e|rpc:10.1.0.160:35621|dataStream:10.1.0.160:36997|priority:0|startupRole:FOLLOWER, 4515e5b0-3b05-46e4-bb3b-126498a8ebe7|rpc:10.1.0.160:34219|dataStream:10.1.0.160:36629|priority:0|startupRole:FOLLOWER] with ContainerStateMachine:uninitialized
2023-05-08 09:35:58,087 [pool-972-thread-1] INFO  server.RaftServerConfigKeys (ConfUtils.java:logGet(46)) - raft.server.rpc.timeout.min = 5s (custom)
2023-05-08 09:35:58,087 [pool-972-thread-1] INFO  server.RaftServerConfigKeys (ConfUtils.java:logGet(46)) - raft.server.rpc.timeout.max = 5200ms (custom)
2023-05-08 09:35:58,087 [pool-972-thread-1] INFO  server.RaftServerConfigKeys (ConfUtils.java:logGet(46)) - raft.server.rpc.sleep.time = 25ms (default)
2023-05-08 09:35:58,087 [pool-972-thread-1] INFO  server.RaftServerConfigKeys (ConfUtils.java:logGet(46)) - raft.server.rpc.slowness.timeout = 300s (custom)
2023-05-08 09:35:58,087 [pool-972-thread-1] INFO  server.RaftServerConfigKeys (ConfUtils.java:logGet(46)) - raft.server.leaderelection.leader.step-down.wait-time = 10s (default)
2023-05-08 09:35:58,087 [pool-972-thread-1] INFO  server.RaftServerConfigKeys (ConfUtils.java:logGet(46)) - raft.server.sleep.deviation.threshold = 300ms (default)
2023-05-08 09:35:58,087 [pool-972-thread-1] INFO  server.RaftServer$Division (ServerState.java:<init>(118)) - 4515e5b0-3b05-46e4-bb3b-126498a8ebe7@group-6BBA4484C94B: ConfigurationManager, init=-1: peers:[adad188d-dec8-49e0-8c63-aa4dd86be889|rpc:10.1.0.160:45849|dataStream:10.1.0.160:37925|priority:1|startupRole:FOLLOWER, 7d225e59-d7fc-44c3-8933-4ad8325cd17e|rpc:10.1.0.160:35621|dataStream:10.1.0.160:36997|priority:0|startupRole:FOLLOWER, 4515e5b0-3b05-46e4-bb3b-126498a8ebe7|rpc:10.1.0.160:34219|dataStream:10.1.0.160:36629|priority:0|startupRole:FOLLOWER]|listeners:[], old=null, confs=<EMPTY_MAP>
2023-05-08 09:35:58,087 [pool-972-thread-1] INFO  server.RaftServerConfigKeys (ConfUtils.java:logGet(46)) - raft.server.storage.dir = [/home/runner/work/ozone/ozone/hadoop-ozone/integration-test/target/test-dir/MiniOzoneClusterImpl-8c58255f-3d22-4aeb-98f1-cae2738195f5/datanode-2/data/ratis] (custom)
2023-05-08 09:35:58,087 [pool-972-thread-1] INFO  server.RaftServerConfigKeys (ConfUtils.java:logGet(46)) - raft.server.log.corruption.policy = EXCEPTION (default)
2023-05-08 09:35:58,087 [pool-972-thread-1] INFO  server.RaftServerConfigKeys (ConfUtils.java:logGet(46)) - raft.server.storage.free-space.min = 0MB (=0) (default)
2023-05-08 09:35:58,087 [pool-972-thread-1] INFO  server.RaftServerConfigKeys (ConfUtils.java:logGet(46)) - raft.server.notification.no-leader.timeout = 300s (custom)
2023-05-08 09:35:58,087 [pool-972-thread-1] INFO  server.RaftServerConfigKeys (ConfUtils.java:logGet(46)) - raft.server.retrycache.expirytime = 600000ms (custom)
2023-05-08 09:35:58,087 [pool-972-thread-1] INFO  server.RaftServerConfigKeys (ConfUtils.java:logGet(46)) - raft.server.retrycache.statistics.expirytime = 100μs (default)
2023-05-08 09:35:58,088 [pool-972-thread-1] INFO  server.RaftServerConfigKeys (ConfUtils.java:logGet(46)) - raft.server.log.appender.install.snapshot.enabled = false (custom)
2023-05-08 09:35:58,088 [pool-972-thread-1] INFO  server.RaftServerConfigKeys (ConfUtils.java:logGet(46)) - raft.server.threadpool.server.cached = true (default)
2023-05-08 09:35:58,088 [pool-972-thread-1] INFO  server.RaftServerConfigKeys (ConfUtils.java:logGet(46)) - raft.server.threadpool.server.size = 0 (default)
2023-05-08 09:35:58,088 [pool-972-thread-1] INFO  server.RaftServerConfigKeys (ConfUtils.java:logGet(46)) - raft.server.threadpool.client.cached = true (default)
2023-05-08 09:35:58,088 [pool-972-thread-1] INFO  server.RaftServerConfigKeys (ConfUtils.java:logGet(46)) - raft.server.threadpool.client.size = 0 (default)
2023-05-08 09:35:58,089 [pool-972-thread-1] INFO  storage.RaftStorageDirectory (RaftStorageDirectoryImpl.java:analyzeStorage(137)) - The storage directory /home/runner/work/ozone/ozone/hadoop-ozone/integration-test/target/test-dir/MiniOzoneClusterImpl-8c58255f-3d22-4aeb-98f1-cae2738195f5/datanode-2/data/ratis/4ba760ce-735a-4ae5-8528-6bba4484c94b does not exist. Creating ...
2023-05-08 09:35:58,094 [pool-972-thread-1] INFO  storage.RaftStorageDirectory (RaftStorageDirectoryImpl.java:tryLock(231)) - Lock on /home/runner/work/ozone/ozone/hadoop-ozone/integration-test/target/test-dir/MiniOzoneClusterImpl-8c58255f-3d22-4aeb-98f1-cae2738195f5/datanode-2/data/ratis/4ba760ce-735a-4ae5-8528-6bba4484c94b/in_use.lock acquired by nodename 7572@fv-az96-539
2023-05-08 09:35:58,096 [pool-972-thread-1] INFO  storage.RaftStorage (RaftStorageImpl.java:format(96)) - Storage directory /home/runner/work/ozone/ozone/hadoop-ozone/integration-test/target/test-dir/MiniOzoneClusterImpl-8c58255f-3d22-4aeb-98f1-cae2738195f5/datanode-2/data/ratis/4ba760ce-735a-4ae5-8528-6bba4484c94b has been successfully formatted.
2023-05-08 09:35:58,096 [pool-972-thread-1] INFO  ratis.ContainerStateMachine (ContainerStateMachine.java:loadSnapshot(262)) - group-6BBA4484C94B: The snapshot info is null. Setting the last applied indexto:(t:0, i:~)
2023-05-08 09:35:58,096 [pool-972-thread-1] INFO  server.RaftServerConfigKeys (ConfUtils.java:logGet(46)) - raft.server.log.use.memory = false (default)
2023-05-08 09:35:58,096 [pool-972-thread-1] INFO  server.RaftServerConfigKeys (ConfUtils.java:logGet(46)) - raft.server.log.purge.gap = 1000000 (custom)
2023-05-08 09:35:58,096 [pool-972-thread-1] INFO  server.RaftServerConfigKeys (ConfUtils.java:logGet(46)) - raft.server.log.appender.buffer.byte-limit = 33554432 (custom)
2023-05-08 09:35:58,096 [pool-972-thread-1] INFO  server.RaftServerConfigKeys (ConfUtils.java:logGet(46)) - raft.server.log.statemachine.data.read.timeout = 1000ms (default)
2023-05-08 09:35:58,096 [pool-972-thread-1] INFO  server.RaftServerConfigKeys (ConfUtils.java:logGet(46)) - raft.server.log.purge.preservation.log.num = 0 (default)
2023-05-08 09:35:58,098 [pool-972-thread-1] INFO  server.RaftServerConfigKeys (ConfUtils.java:logGet(46)) - raft.server.log.segment.size.max = 1048576 (custom)
2023-05-08 09:35:58,098 [pool-972-thread-1] INFO  server.RaftServerConfigKeys (ConfUtils.java:logGet(46)) - raft.server.log.segment.cache.num.max = 2 (custom)
2023-05-08 09:35:58,098 [pool-972-thread-1] INFO  server.RaftServerConfigKeys (ConfUtils.java:logGet(46)) - raft.server.log.segment.cache.size.max = 200MB (=209715200) (default)
2023-05-08 09:35:58,098 [pool-972-thread-1] INFO  segmented.SegmentedRaftLogWorker (SegmentedRaftLogWorker.java:<init>(189)) - new 4515e5b0-3b05-46e4-bb3b-126498a8ebe7@group-6BBA4484C94B-SegmentedRaftLogWorker for RaftStorageImpl:Storage Directory /home/runner/work/ozone/ozone/hadoop-ozone/integration-test/target/test-dir/MiniOzoneClusterImpl-8c58255f-3d22-4aeb-98f1-cae2738195f5/datanode-2/data/ratis/4ba760ce-735a-4ae5-8528-6bba4484c94b
2023-05-08 09:35:58,098 [pool-972-thread-1] INFO  server.RaftServerConfigKeys (ConfUtils.java:logGet(46)) - raft.server.log.queue.byte-limit = 4294967296 (custom)
2023-05-08 09:35:58,098 [pool-972-thread-1] INFO  server.RaftServerConfigKeys (ConfUtils.java:logGet(46)) - raft.server.log.queue.element-limit = 1024 (custom)
2023-05-08 09:35:58,098 [pool-972-thread-1] INFO  server.RaftServerConfigKeys (ConfUtils.java:logGet(46)) - raft.server.log.segment.size.max = 1048576 (custom)
2023-05-08 09:35:58,098 [pool-972-thread-1] INFO  server.RaftServerConfigKeys (ConfUtils.java:logGet(46)) - raft.server.log.preallocated.size = 16384 (custom)
2023-05-08 09:35:58,098 [pool-972-thread-1] INFO  server.RaftServerConfigKeys (ConfUtils.java:logGet(46)) - raft.server.log.force.sync.num = 128 (default)
2023-05-08 09:35:58,098 [pool-972-thread-1] INFO  server.RaftServerConfigKeys (ConfUtils.java:logGet(46)) - raft.server.log.statemachine.data.sync = true (default)
2023-05-08 09:35:58,098 [pool-972-thread-1] INFO  server.RaftServerConfigKeys (ConfUtils.java:logGet(46)) - raft.server.log.statemachine.data.sync.timeout = 10s (default)
2023-05-08 09:35:58,098 [pool-972-thread-1] INFO  server.RaftServerConfigKeys (ConfUtils.java:logGet(46)) - raft.server.log.statemachine.data.sync.timeout.retry = -1 (default)
2023-05-08 09:35:58,099 [pool-972-thread-1] INFO  server.RaftServerConfigKeys (ConfUtils.java:logGet(46)) - raft.server.log.write.buffer.size = 1048576 (custom)
2023-05-08 09:35:58,099 [pool-972-thread-1] INFO  server.RaftServerConfigKeys (ConfUtils.java:logGet(46)) - raft.server.log.appender.buffer.byte-limit = 33554432 (custom)
2023-05-08 09:35:58,112 [pool-972-thread-1] INFO  server.RaftServerConfigKeys (ConfUtils.java:logGet(46)) - raft.server.log.unsafe-flush.enabled = false (default)
2023-05-08 09:35:58,112 [pool-972-thread-1] INFO  server.RaftServerConfigKeys (ConfUtils.java:logGet(46)) - raft.server.log.async-flush.enabled = false (default)
2023-05-08 09:35:58,112 [pool-972-thread-1] INFO  server.RaftServerConfigKeys (ConfUtils.java:logGet(46)) - raft.server.log.statemachine.data.caching.enabled = true (custom)
2023-05-08 09:35:58,112 [pool-972-thread-1] INFO  segmented.SegmentedRaftLogWorker (SegmentedRaftLogWorker.java:lambda$new$0(135)) - 4515e5b0-3b05-46e4-bb3b-126498a8ebe7@group-6BBA4484C94B-SegmentedRaftLogWorker: flushIndex: setUnconditionally 0 -> -1
2023-05-08 09:35:58,112 [pool-972-thread-1] INFO  segmented.SegmentedRaftLogWorker (SegmentedRaftLogWorker.java:lambda$new$0(135)) - 4515e5b0-3b05-46e4-bb3b-126498a8ebe7@group-6BBA4484C94B-SegmentedRaftLogWorker: safeCacheEvictIndex: setUnconditionally 0 -> -1
2023-05-08 09:35:58,117 [pool-972-thread-1] INFO  server.RaftServer$Division (RaftServerImpl.java:start(334)) - 4515e5b0-3b05-46e4-bb3b-126498a8ebe7@group-6BBA4484C94B: start as a follower, conf=-1: peers:[adad188d-dec8-49e0-8c63-aa4dd86be889|rpc:10.1.0.160:45849|dataStream:10.1.0.160:37925|priority:1|startupRole:FOLLOWER, 7d225e59-d7fc-44c3-8933-4ad8325cd17e|rpc:10.1.0.160:35621|dataStream:10.1.0.160:36997|priority:0|startupRole:FOLLOWER, 4515e5b0-3b05-46e4-bb3b-126498a8ebe7|rpc:10.1.0.160:34219|dataStream:10.1.0.160:36629|priority:0|startupRole:FOLLOWER]|listeners:[], old=null
2023-05-08 09:35:58,117 [pool-972-thread-1] INFO  server.RaftServer$Division (RaftServerImpl.java:setRole(321)) - 4515e5b0-3b05-46e4-bb3b-126498a8ebe7@group-6BBA4484C94B: changes role from      null to FOLLOWER at term 0 for startAsFollower
2023-05-08 09:35:58,117 [pool-972-thread-1] INFO  impl.RoleInfo (RoleInfo.java:updateAndGet(139)) - 4515e5b0-3b05-46e4-bb3b-126498a8ebe7: start 4515e5b0-3b05-46e4-bb3b-126498a8ebe7@group-6BBA4484C94B-FollowerState
2023-05-08 09:35:58,120 [pool-972-thread-1] INFO  util.JmxRegister (JmxRegister.java:tryRegister(44)) - Successfully registered JMX Bean with object name Ratis:service=RaftServer,group=group-6BBA4484C94B,id=4515e5b0-3b05-46e4-bb3b-126498a8ebe7
2023-05-08 09:35:58,120 [pool-972-thread-1] INFO  server.RaftServerConfigKeys (ConfUtils.java:logGet(46)) - raft.server.snapshot.auto.trigger.enabled = true (custom)
2023-05-08 09:35:58,121 [pool-972-thread-1] INFO  server.RaftServerConfigKeys (ConfUtils.java:logGet(46)) - raft.server.snapshot.auto.trigger.threshold = 10000 (custom)
2023-05-08 09:35:58,121 [pool-972-thread-1] INFO  server.RaftServerConfigKeys (ConfUtils.java:logGet(46)) - raft.server.snapshot.retention.file.num = 5 (custom)
2023-05-08 09:35:58,121 [pool-972-thread-1] INFO  server.RaftServerConfigKeys (ConfUtils.java:logGet(46)) - raft.server.log.purge.upto.snapshot.index = false (default)
2023-05-08 09:35:58,121 [4515e5b0-3b05-46e4-bb3b-126498a8ebe7@group-6BBA4484C94B-FollowerState] INFO  server.RaftServerConfigKeys (ConfUtils.java:logFallback(53)) - raft.server.rpc.first-election.timeout.min = 5s (fallback to raft.server.rpc.timeout.min)
2023-05-08 09:35:58,121 [4515e5b0-3b05-46e4-bb3b-126498a8ebe7@group-6BBA4484C94B-FollowerState] INFO  server.RaftServerConfigKeys (ConfUtils.java:logFallback(53)) - raft.server.rpc.first-election.timeout.max = 5200ms (fallback to raft.server.rpc.timeout.max)
2023-05-08 09:35:58,135 [grpc-default-executor-0] INFO  server.RaftServer (RaftServerProxy.java:addNew(96)) - 7d225e59-d7fc-44c3-8933-4ad8325cd17e: addNew group-6BBA4484C94B:[adad188d-dec8-49e0-8c63-aa4dd86be889|rpc:10.1.0.160:45849|dataStream:10.1.0.160:37925|priority:1|startupRole:FOLLOWER, 7d225e59-d7fc-44c3-8933-4ad8325cd17e|rpc:10.1.0.160:35621|dataStream:10.1.0.160:36997|priority:0|startupRole:FOLLOWER, 4515e5b0-3b05-46e4-bb3b-126498a8ebe7|rpc:10.1.0.160:34219|dataStream:10.1.0.160:36629|priority:0|startupRole:FOLLOWER] returns group-6BBA4484C94B:java.util.concurrent.CompletableFuture@ae87671[Not completed]
2023-05-08 09:35:58,135 [pool-950-thread-1] INFO  server.RaftServer$Division (RaftServerImpl.java:<init>(195)) - 7d225e59-d7fc-44c3-8933-4ad8325cd17e: new RaftServerImpl for group-6BBA4484C94B:[adad188d-dec8-49e0-8c63-aa4dd86be889|rpc:10.1.0.160:45849|dataStream:10.1.0.160:37925|priority:1|startupRole:FOLLOWER, 7d225e59-d7fc-44c3-8933-4ad8325cd17e|rpc:10.1.0.160:35621|dataStream:10.1.0.160:36997|priority:0|startupRole:FOLLOWER, 4515e5b0-3b05-46e4-bb3b-126498a8ebe7|rpc:10.1.0.160:34219|dataStream:10.1.0.160:36629|priority:0|startupRole:FOLLOWER] with ContainerStateMachine:uninitialized
2023-05-08 09:35:58,135 [pool-950-thread-1] INFO  server.RaftServerConfigKeys (ConfUtils.java:logGet(46)) - raft.server.rpc.timeout.min = 5s (custom)
2023-05-08 09:35:58,136 [pool-950-thread-1] INFO  server.RaftServerConfigKeys (ConfUtils.java:logGet(46)) - raft.server.rpc.timeout.max = 5200ms (custom)
2023-05-08 09:35:58,136 [pool-950-thread-1] INFO  server.RaftServerConfigKeys (ConfUtils.java:logGet(46)) - raft.server.rpc.sleep.time = 25ms (default)
2023-05-08 09:35:58,136 [pool-950-thread-1] INFO  server.RaftServerConfigKeys (ConfUtils.java:logGet(46)) - raft.server.rpc.slowness.timeout = 300s (custom)
2023-05-08 09:35:58,136 [pool-950-thread-1] INFO  server.RaftServerConfigKeys (ConfUtils.java:logGet(46)) - raft.server.leaderelection.leader.step-down.wait-time = 10s (default)
2023-05-08 09:35:58,136 [pool-950-thread-1] INFO  server.RaftServerConfigKeys (ConfUtils.java:logGet(46)) - raft.server.sleep.deviation.threshold = 300ms (default)
2023-05-08 09:35:58,136 [pool-950-thread-1] INFO  server.RaftServer$Division (ServerState.java:<init>(118)) - 7d225e59-d7fc-44c3-8933-4ad8325cd17e@group-6BBA4484C94B: ConfigurationManager, init=-1: peers:[adad188d-dec8-49e0-8c63-aa4dd86be889|rpc:10.1.0.160:45849|dataStream:10.1.0.160:37925|priority:1|startupRole:FOLLOWER, 7d225e59-d7fc-44c3-8933-4ad8325cd17e|rpc:10.1.0.160:35621|dataStream:10.1.0.160:36997|priority:0|startupRole:FOLLOWER, 4515e5b0-3b05-46e4-bb3b-126498a8ebe7|rpc:10.1.0.160:34219|dataStream:10.1.0.160:36629|priority:0|startupRole:FOLLOWER]|listeners:[], old=null, confs=<EMPTY_MAP>
2023-05-08 09:35:58,136 [pool-950-thread-1] INFO  server.RaftServerConfigKeys (ConfUtils.java:logGet(46)) - raft.server.storage.dir = [/home/runner/work/ozone/ozone/hadoop-ozone/integration-test/target/test-dir/MiniOzoneClusterImpl-8c58255f-3d22-4aeb-98f1-cae2738195f5/datanode-1/data/ratis] (custom)
2023-05-08 09:35:58,136 [pool-950-thread-1] INFO  server.RaftServerConfigKeys (ConfUtils.java:logGet(46)) - raft.server.log.corruption.policy = EXCEPTION (default)
2023-05-08 09:35:58,136 [pool-950-thread-1] INFO  server.RaftServerConfigKeys (ConfUtils.java:logGet(46)) - raft.server.storage.free-space.min = 0MB (=0) (default)
2023-05-08 09:35:58,136 [pool-950-thread-1] INFO  server.RaftServerConfigKeys (ConfUtils.java:logGet(46)) - raft.server.notification.no-leader.timeout = 300s (custom)
2023-05-08 09:35:58,136 [pool-950-thread-1] INFO  server.RaftServerConfigKeys (ConfUtils.java:logGet(46)) - raft.server.retrycache.expirytime = 600000ms (custom)
2023-05-08 09:35:58,136 [pool-950-thread-1] INFO  server.RaftServerConfigKeys (ConfUtils.java:logGet(46)) - raft.server.retrycache.statistics.expirytime = 100μs (default)
2023-05-08 09:35:58,137 [pool-950-thread-1] INFO  server.RaftServerConfigKeys (ConfUtils.java:logGet(46)) - raft.server.log.appender.install.snapshot.enabled = false (custom)
2023-05-08 09:35:58,137 [pool-950-thread-1] INFO  server.RaftServerConfigKeys (ConfUtils.java:logGet(46)) - raft.server.threadpool.server.cached = true (default)
2023-05-08 09:35:58,137 [pool-950-thread-1] INFO  server.RaftServerConfigKeys (ConfUtils.java:logGet(46)) - raft.server.threadpool.server.size = 0 (default)
2023-05-08 09:35:58,137 [pool-950-thread-1] INFO  server.RaftServerConfigKeys (ConfUtils.java:logGet(46)) - raft.server.threadpool.client.cached = true (default)
2023-05-08 09:35:58,137 [pool-950-thread-1] INFO  server.RaftServerConfigKeys (ConfUtils.java:logGet(46)) - raft.server.threadpool.client.size = 0 (default)
2023-05-08 09:35:58,137 [pool-950-thread-1] INFO  storage.RaftStorageDirectory (RaftStorageDirectoryImpl.java:analyzeStorage(137)) - The storage directory /home/runner/work/ozone/ozone/hadoop-ozone/integration-test/target/test-dir/MiniOzoneClusterImpl-8c58255f-3d22-4aeb-98f1-cae2738195f5/datanode-1/data/ratis/4ba760ce-735a-4ae5-8528-6bba4484c94b does not exist. Creating ...
2023-05-08 09:35:58,138 [pool-950-thread-1] INFO  storage.RaftStorageDirectory (RaftStorageDirectoryImpl.java:tryLock(231)) - Lock on /home/runner/work/ozone/ozone/hadoop-ozone/integration-test/target/test-dir/MiniOzoneClusterImpl-8c58255f-3d22-4aeb-98f1-cae2738195f5/datanode-1/data/ratis/4ba760ce-735a-4ae5-8528-6bba4484c94b/in_use.lock acquired by nodename 7572@fv-az96-539
2023-05-08 09:35:58,139 [pool-950-thread-1] INFO  storage.RaftStorage (RaftStorageImpl.java:format(96)) - Storage directory /home/runner/work/ozone/ozone/hadoop-ozone/integration-test/target/test-dir/MiniOzoneClusterImpl-8c58255f-3d22-4aeb-98f1-cae2738195f5/datanode-1/data/ratis/4ba760ce-735a-4ae5-8528-6bba4484c94b has been successfully formatted.
2023-05-08 09:35:58,139 [pool-950-thread-1] INFO  ratis.ContainerStateMachine (ContainerStateMachine.java:loadSnapshot(262)) - group-6BBA4484C94B: The snapshot info is null. Setting the last applied indexto:(t:0, i:~)
2023-05-08 09:35:58,139 [pool-950-thread-1] INFO  server.RaftServerConfigKeys (ConfUtils.java:logGet(46)) - raft.server.log.use.memory = false (default)
2023-05-08 09:35:58,139 [pool-950-thread-1] INFO  server.RaftServerConfigKeys (ConfUtils.java:logGet(46)) - raft.server.log.purge.gap = 1000000 (custom)
2023-05-08 09:35:58,140 [pool-950-thread-1] INFO  server.RaftServerConfigKeys (ConfUtils.java:logGet(46)) - raft.server.log.appender.buffer.byte-limit = 33554432 (custom)
2023-05-08 09:35:58,140 [pool-950-thread-1] INFO  server.RaftServerConfigKeys (ConfUtils.java:logGet(46)) - raft.server.log.statemachine.data.read.timeout = 1000ms (default)
2023-05-08 09:35:58,140 [pool-950-thread-1] INFO  server.RaftServerConfigKeys (ConfUtils.java:logGet(46)) - raft.server.log.purge.preservation.log.num = 0 (default)
2023-05-08 09:35:58,140 [pool-950-thread-1] INFO  server.RaftServerConfigKeys (ConfUtils.java:logGet(46)) - raft.server.log.segment.size.max = 1048576 (custom)
2023-05-08 09:35:58,140 [pool-950-thread-1] INFO  server.RaftServerConfigKeys (ConfUtils.java:logGet(46)) - raft.server.log.segment.cache.num.max = 2 (custom)
2023-05-08 09:35:58,141 [pool-950-thread-1] INFO  server.RaftServerConfigKeys (ConfUtils.java:logGet(46)) - raft.server.log.segment.cache.size.max = 200MB (=209715200) (default)
2023-05-08 09:35:58,141 [pool-950-thread-1] INFO  segmented.SegmentedRaftLogWorker (SegmentedRaftLogWorker.java:<init>(189)) - new 7d225e59-d7fc-44c3-8933-4ad8325cd17e@group-6BBA4484C94B-SegmentedRaftLogWorker for RaftStorageImpl:Storage Directory /home/runner/work/ozone/ozone/hadoop-ozone/integration-test/target/test-dir/MiniOzoneClusterImpl-8c58255f-3d22-4aeb-98f1-cae2738195f5/datanode-1/data/ratis/4ba760ce-735a-4ae5-8528-6bba4484c94b
2023-05-08 09:35:58,141 [pool-950-thread-1] INFO  server.RaftServerConfigKeys (ConfUtils.java:logGet(46)) - raft.server.log.queue.byte-limit = 4294967296 (custom)
2023-05-08 09:35:58,141 [pool-950-thread-1] INFO  server.RaftServerConfigKeys (ConfUtils.java:logGet(46)) - raft.server.log.queue.element-limit = 1024 (custom)
2023-05-08 09:35:58,141 [pool-950-thread-1] INFO  server.RaftServerConfigKeys (ConfUtils.java:logGet(46)) - raft.server.log.segment.size.max = 1048576 (custom)
2023-05-08 09:35:58,141 [pool-950-thread-1] INFO  server.RaftServerConfigKeys (ConfUtils.java:logGet(46)) - raft.server.log.preallocated.size = 16384 (custom)
2023-05-08 09:35:58,141 [pool-950-thread-1] INFO  server.RaftServerConfigKeys (ConfUtils.java:logGet(46)) - raft.server.log.force.sync.num = 128 (default)
2023-05-08 09:35:58,141 [pool-950-thread-1] INFO  server.RaftServerConfigKeys (ConfUtils.java:logGet(46)) - raft.server.log.statemachine.data.sync = true (default)
2023-05-08 09:35:58,141 [pool-950-thread-1] INFO  server.RaftServerConfigKeys (ConfUtils.java:logGet(46)) - raft.server.log.statemachine.data.sync.timeout = 10s (default)
2023-05-08 09:35:58,141 [pool-950-thread-1] INFO  server.RaftServerConfigKeys (ConfUtils.java:logGet(46)) - raft.server.log.statemachine.data.sync.timeout.retry = -1 (default)
2023-05-08 09:35:58,141 [pool-950-thread-1] INFO  server.RaftServerConfigKeys (ConfUtils.java:logGet(46)) - raft.server.log.write.buffer.size = 1048576 (custom)
2023-05-08 09:35:58,142 [pool-950-thread-1] INFO  server.RaftServerConfigKeys (ConfUtils.java:logGet(46)) - raft.server.log.appender.buffer.byte-limit = 33554432 (custom)
2023-05-08 09:35:58,147 [pool-950-thread-1] INFO  server.RaftServerConfigKeys (ConfUtils.java:logGet(46)) - raft.server.log.unsafe-flush.enabled = false (default)
2023-05-08 09:35:58,147 [pool-950-thread-1] INFO  server.RaftServerConfigKeys (ConfUtils.java:logGet(46)) - raft.server.log.async-flush.enabled = false (default)
2023-05-08 09:35:58,147 [pool-950-thread-1] INFO  server.RaftServerConfigKeys (ConfUtils.java:logGet(46)) - raft.server.log.statemachine.data.caching.enabled = true (custom)
2023-05-08 09:35:58,147 [pool-950-thread-1] INFO  segmented.SegmentedRaftLogWorker (SegmentedRaftLogWorker.java:lambda$new$0(135)) - 7d225e59-d7fc-44c3-8933-4ad8325cd17e@group-6BBA4484C94B-SegmentedRaftLogWorker: flushIndex: setUnconditionally 0 -> -1
2023-05-08 09:35:58,147 [pool-950-thread-1] INFO  segmented.SegmentedRaftLogWorker (SegmentedRaftLogWorker.java:lambda$new$0(135)) - 7d225e59-d7fc-44c3-8933-4ad8325cd17e@group-6BBA4484C94B-SegmentedRaftLogWorker: safeCacheEvictIndex: setUnconditionally 0 -> -1
2023-05-08 09:35:58,147 [pool-950-thread-1] INFO  server.RaftServer$Division (RaftServerImpl.java:start(334)) - 7d225e59-d7fc-44c3-8933-4ad8325cd17e@group-6BBA4484C94B: start as a follower, conf=-1: peers:[adad188d-dec8-49e0-8c63-aa4dd86be889|rpc:10.1.0.160:45849|dataStream:10.1.0.160:37925|priority:1|startupRole:FOLLOWER, 7d225e59-d7fc-44c3-8933-4ad8325cd17e|rpc:10.1.0.160:35621|dataStream:10.1.0.160:36997|priority:0|startupRole:FOLLOWER, 4515e5b0-3b05-46e4-bb3b-126498a8ebe7|rpc:10.1.0.160:34219|dataStream:10.1.0.160:36629|priority:0|startupRole:FOLLOWER]|listeners:[], old=null
2023-05-08 09:35:58,147 [pool-950-thread-1] INFO  server.RaftServer$Division (RaftServerImpl.java:setRole(321)) - 7d225e59-d7fc-44c3-8933-4ad8325cd17e@group-6BBA4484C94B: changes role from      null to FOLLOWER at term 0 for startAsFollower
2023-05-08 09:35:58,148 [pool-950-thread-1] INFO  impl.RoleInfo (RoleInfo.java:updateAndGet(139)) - 7d225e59-d7fc-44c3-8933-4ad8325cd17e: start 7d225e59-d7fc-44c3-8933-4ad8325cd17e@group-6BBA4484C94B-FollowerState
2023-05-08 09:35:58,148 [pool-950-thread-1] INFO  util.JmxRegister (JmxRegister.java:tryRegister(44)) - Successfully registered JMX Bean with object name Ratis:service=RaftServer,group=group-6BBA4484C94B,id=7d225e59-d7fc-44c3-8933-4ad8325cd17e
2023-05-08 09:35:58,148 [pool-950-thread-1] INFO  server.RaftServerConfigKeys (ConfUtils.java:logGet(46)) - raft.server.snapshot.auto.trigger.enabled = true (custom)
2023-05-08 09:35:58,148 [pool-950-thread-1] INFO  server.RaftServerConfigKeys (ConfUtils.java:logGet(46)) - raft.server.snapshot.auto.trigger.threshold = 10000 (custom)
2023-05-08 09:35:58,148 [pool-950-thread-1] INFO  server.RaftServerConfigKeys (ConfUtils.java:logGet(46)) - raft.server.snapshot.retention.file.num = 5 (custom)
2023-05-08 09:35:58,148 [pool-950-thread-1] INFO  server.RaftServerConfigKeys (ConfUtils.java:logGet(46)) - raft.server.log.purge.upto.snapshot.index = false (default)
2023-05-08 09:35:58,149 [7d225e59-d7fc-44c3-8933-4ad8325cd17e@group-6BBA4484C94B-FollowerState] INFO  server.RaftServerConfigKeys (ConfUtils.java:logFallback(53)) - raft.server.rpc.first-election.timeout.min = 5s (fallback to raft.server.rpc.timeout.min)
2023-05-08 09:35:58,149 [7d225e59-d7fc-44c3-8933-4ad8325cd17e@group-6BBA4484C94B-FollowerState] INFO  server.RaftServerConfigKeys (ConfUtils.java:logFallback(53)) - raft.server.rpc.first-election.timeout.max = 5200ms (fallback to raft.server.rpc.timeout.max)
2023-05-08 09:35:58,158 [Command processor thread] INFO  commandhandler.CreatePipelineCommandHandler (CreatePipelineCommandHandler.java:handle(113)) - Created Pipeline RATIS THREE PipelineID=4ba760ce-735a-4ae5-8528-6bba4484c94b.
2023-05-08 09:35:58,262 [Command processor thread] INFO  server.RaftServer (RaftServerProxy.java:addNew(96)) - 7d225e59-d7fc-44c3-8933-4ad8325cd17e: addNew group-2661F54B6AE5:[7d225e59-d7fc-44c3-8933-4ad8325cd17e|rpc:10.1.0.160:35621|dataStream:10.1.0.160:36997|priority:1|startupRole:FOLLOWER] returns group-2661F54B6AE5:java.util.concurrent.CompletableFuture@4d1ab7f8[Not completed]
2023-05-08 09:35:58,262 [pool-950-thread-1] INFO  server.RaftServer$Division (RaftServerImpl.java:<init>(195)) - 7d225e59-d7fc-44c3-8933-4ad8325cd17e: new RaftServerImpl for group-2661F54B6AE5:[7d225e59-d7fc-44c3-8933-4ad8325cd17e|rpc:10.1.0.160:35621|dataStream:10.1.0.160:36997|priority:1|startupRole:FOLLOWER] with ContainerStateMachine:uninitialized
2023-05-08 09:35:58,263 [pool-950-thread-1] INFO  server.RaftServerConfigKeys (ConfUtils.java:logGet(46)) - raft.server.rpc.timeout.min = 5s (custom)
2023-05-08 09:35:58,263 [pool-950-thread-1] INFO  server.RaftServerConfigKeys (ConfUtils.java:logGet(46)) - raft.server.rpc.timeout.max = 5200ms (custom)
2023-05-08 09:35:58,263 [pool-950-thread-1] INFO  server.RaftServerConfigKeys (ConfUtils.java:logGet(46)) - raft.server.rpc.sleep.time = 25ms (default)
2023-05-08 09:35:58,263 [pool-950-thread-1] INFO  server.RaftServerConfigKeys (ConfUtils.java:logGet(46)) - raft.server.rpc.slowness.timeout = 300s (custom)
2023-05-08 09:35:58,263 [pool-950-thread-1] INFO  server.RaftServerConfigKeys (ConfUtils.java:logGet(46)) - raft.server.leaderelection.leader.step-down.wait-time = 10s (default)
2023-05-08 09:35:58,263 [pool-950-thread-1] INFO  server.RaftServerConfigKeys (ConfUtils.java:logGet(46)) - raft.server.sleep.deviation.threshold = 300ms (default)
2023-05-08 09:35:58,263 [pool-950-thread-1] INFO  server.RaftServer$Division (ServerState.java:<init>(118)) - 7d225e59-d7fc-44c3-8933-4ad8325cd17e@group-2661F54B6AE5: ConfigurationManager, init=-1: peers:[7d225e59-d7fc-44c3-8933-4ad8325cd17e|rpc:10.1.0.160:35621|dataStream:10.1.0.160:36997|priority:1|startupRole:FOLLOWER]|listeners:[], old=null, confs=<EMPTY_MAP>
2023-05-08 09:35:58,263 [pool-950-thread-1] INFO  server.RaftServerConfigKeys (ConfUtils.java:logGet(46)) - raft.server.storage.dir = [/home/runner/work/ozone/ozone/hadoop-ozone/integration-test/target/test-dir/MiniOzoneClusterImpl-8c58255f-3d22-4aeb-98f1-cae2738195f5/datanode-1/data/ratis] (custom)
2023-05-08 09:35:58,263 [pool-950-thread-1] INFO  server.RaftServerConfigKeys (ConfUtils.java:logGet(46)) - raft.server.log.corruption.policy = EXCEPTION (default)
2023-05-08 09:35:58,263 [pool-950-thread-1] INFO  server.RaftServerConfigKeys (ConfUtils.java:logGet(46)) - raft.server.storage.free-space.min = 0MB (=0) (default)
2023-05-08 09:35:58,263 [pool-950-thread-1] INFO  server.RaftServerConfigKeys (ConfUtils.java:logGet(46)) - raft.server.notification.no-leader.timeout = 300s (custom)
2023-05-08 09:35:58,263 [pool-950-thread-1] INFO  server.RaftServerConfigKeys (ConfUtils.java:logGet(46)) - raft.server.retrycache.expirytime = 600000ms (custom)
2023-05-08 09:35:58,263 [pool-950-thread-1] INFO  server.RaftServerConfigKeys (ConfUtils.java:logGet(46)) - raft.server.retrycache.statistics.expirytime = 100μs (default)
2023-05-08 09:35:58,264 [pool-950-thread-1] INFO  server.RaftServerConfigKeys (ConfUtils.java:logGet(46)) - raft.server.log.appender.install.snapshot.enabled = false (custom)
2023-05-08 09:35:58,264 [pool-950-thread-1] INFO  server.RaftServerConfigKeys (ConfUtils.java:logGet(46)) - raft.server.threadpool.server.cached = true (default)
2023-05-08 09:35:58,264 [pool-950-thread-1] INFO  server.RaftServerConfigKeys (ConfUtils.java:logGet(46)) - raft.server.threadpool.server.size = 0 (default)
2023-05-08 09:35:58,264 [pool-950-thread-1] INFO  server.RaftServerConfigKeys (ConfUtils.java:logGet(46)) - raft.server.threadpool.client.cached = true (default)
2023-05-08 09:35:58,264 [pool-950-thread-1] INFO  server.RaftServerConfigKeys (ConfUtils.java:logGet(46)) - raft.server.threadpool.client.size = 0 (default)
2023-05-08 09:35:58,264 [pool-950-thread-1] INFO  storage.RaftStorageDirectory (RaftStorageDirectoryImpl.java:analyzeStorage(137)) - The storage directory /home/runner/work/ozone/ozone/hadoop-ozone/integration-test/target/test-dir/MiniOzoneClusterImpl-8c58255f-3d22-4aeb-98f1-cae2738195f5/datanode-1/data/ratis/0e6c99d0-4ea1-48ce-be1a-2661f54b6ae5 does not exist. Creating ...
2023-05-08 09:35:58,266 [pool-950-thread-1] INFO  storage.RaftStorageDirectory (RaftStorageDirectoryImpl.java:tryLock(231)) - Lock on /home/runner/work/ozone/ozone/hadoop-ozone/integration-test/target/test-dir/MiniOzoneClusterImpl-8c58255f-3d22-4aeb-98f1-cae2738195f5/datanode-1/data/ratis/0e6c99d0-4ea1-48ce-be1a-2661f54b6ae5/in_use.lock acquired by nodename 7572@fv-az96-539
2023-05-08 09:35:58,267 [pool-950-thread-1] INFO  storage.RaftStorage (RaftStorageImpl.java:format(96)) - Storage directory /home/runner/work/ozone/ozone/hadoop-ozone/integration-test/target/test-dir/MiniOzoneClusterImpl-8c58255f-3d22-4aeb-98f1-cae2738195f5/datanode-1/data/ratis/0e6c99d0-4ea1-48ce-be1a-2661f54b6ae5 has been successfully formatted.
2023-05-08 09:35:58,267 [pool-950-thread-1] INFO  ratis.ContainerStateMachine (ContainerStateMachine.java:loadSnapshot(262)) - group-2661F54B6AE5: The snapshot info is null. Setting the last applied indexto:(t:0, i:~)
2023-05-08 09:35:58,267 [pool-950-thread-1] INFO  server.RaftServerConfigKeys (ConfUtils.java:logGet(46)) - raft.server.log.use.memory = false (default)
2023-05-08 09:35:58,267 [pool-950-thread-1] INFO  server.RaftServerConfigKeys (ConfUtils.java:logGet(46)) - raft.server.log.purge.gap = 1000000 (custom)
2023-05-08 09:35:58,267 [pool-950-thread-1] INFO  server.RaftServerConfigKeys (ConfUtils.java:logGet(46)) - raft.server.log.appender.buffer.byte-limit = 33554432 (custom)
2023-05-08 09:35:58,267 [pool-950-thread-1] INFO  server.RaftServerConfigKeys (ConfUtils.java:logGet(46)) - raft.server.log.statemachine.data.read.timeout = 1000ms (default)
2023-05-08 09:35:58,267 [pool-950-thread-1] INFO  server.RaftServerConfigKeys (ConfUtils.java:logGet(46)) - raft.server.log.purge.preservation.log.num = 0 (default)
2023-05-08 09:35:58,268 [pool-950-thread-1] INFO  server.RaftServerConfigKeys (ConfUtils.java:logGet(46)) - raft.server.log.segment.size.max = 1048576 (custom)
2023-05-08 09:35:58,268 [EventQueue-PipelineReportForPipelineReportHandler] INFO  pipeline.PipelineManagerImpl (PipelineManagerImpl.java:openPipeline(367)) - Pipeline Pipeline[ Id: 0e6c99d0-4ea1-48ce-be1a-2661f54b6ae5, Nodes: 7d225e59-d7fc-44c3-8933-4ad8325cd17e(fv-az96-539/10.1.0.160), ReplicationConfig: RATIS/ONE, State:ALLOCATED, leaderId:7d225e59-d7fc-44c3-8933-4ad8325cd17e, CreationTimestamp2023-05-08T09:35:55.266Z[Etc/UTC]] moved to OPEN state
2023-05-08 09:35:58,268 [pool-950-thread-1] INFO  server.RaftServerConfigKeys (ConfUtils.java:logGet(46)) - raft.server.log.segment.cache.num.max = 2 (custom)
2023-05-08 09:35:58,269 [pool-950-thread-1] INFO  server.RaftServerConfigKeys (ConfUtils.java:logGet(46)) - raft.server.log.segment.cache.size.max = 200MB (=209715200) (default)
2023-05-08 09:35:58,269 [pool-950-thread-1] INFO  segmented.SegmentedRaftLogWorker (SegmentedRaftLogWorker.java:<init>(189)) - new 7d225e59-d7fc-44c3-8933-4ad8325cd17e@group-2661F54B6AE5-SegmentedRaftLogWorker for RaftStorageImpl:Storage Directory /home/runner/work/ozone/ozone/hadoop-ozone/integration-test/target/test-dir/MiniOzoneClusterImpl-8c58255f-3d22-4aeb-98f1-cae2738195f5/datanode-1/data/ratis/0e6c99d0-4ea1-48ce-be1a-2661f54b6ae5
2023-05-08 09:35:58,269 [EventQueue-OpenPipelineForHealthyPipelineSafeModeRule] INFO  safemode.SCMSafeModeManager (HealthyPipelineSafeModeRule.java:process(137)) - SCM in safe mode. Healthy pipelines reported count is 0, required healthy pipeline reported count is 1
2023-05-08 09:35:58,269 [pool-950-thread-1] INFO  server.RaftServerConfigKeys (ConfUtils.java:logGet(46)) - raft.server.log.queue.byte-limit = 4294967296 (custom)
2023-05-08 09:35:58,269 [pool-950-thread-1] INFO  server.RaftServerConfigKeys (ConfUtils.java:logGet(46)) - raft.server.log.queue.element-limit = 1024 (custom)
2023-05-08 09:35:58,269 [pool-950-thread-1] INFO  server.RaftServerConfigKeys (ConfUtils.java:logGet(46)) - raft.server.log.segment.size.max = 1048576 (custom)
2023-05-08 09:35:58,269 [pool-950-thread-1] INFO  server.RaftServerConfigKeys (ConfUtils.java:logGet(46)) - raft.server.log.preallocated.size = 16384 (custom)
2023-05-08 09:35:58,269 [pool-950-thread-1] INFO  server.RaftServerConfigKeys (ConfUtils.java:logGet(46)) - raft.server.log.force.sync.num = 128 (default)
2023-05-08 09:35:58,269 [pool-950-thread-1] INFO  server.RaftServerConfigKeys (ConfUtils.java:logGet(46)) - raft.server.log.statemachine.data.sync = true (default)
2023-05-08 09:35:58,269 [pool-950-thread-1] INFO  server.RaftServerConfigKeys (ConfUtils.java:logGet(46)) - raft.server.log.statemachine.data.sync.timeout = 10s (default)
2023-05-08 09:35:58,269 [pool-950-thread-1] INFO  server.RaftServerConfigKeys (ConfUtils.java:logGet(46)) - raft.server.log.statemachine.data.sync.timeout.retry = -1 (default)
2023-05-08 09:35:58,269 [pool-950-thread-1] INFO  server.RaftServerConfigKeys (ConfUtils.java:logGet(46)) - raft.server.log.write.buffer.size = 1048576 (custom)
2023-05-08 09:35:58,270 [pool-950-thread-1] INFO  server.RaftServerConfigKeys (ConfUtils.java:logGet(46)) - raft.server.log.appender.buffer.byte-limit = 33554432 (custom)
2023-05-08 09:35:58,275 [pool-950-thread-1] INFO  server.RaftServerConfigKeys (ConfUtils.java:logGet(46)) - raft.server.log.unsafe-flush.enabled = false (default)
2023-05-08 09:35:58,275 [pool-950-thread-1] INFO  server.RaftServerConfigKeys (ConfUtils.java:logGet(46)) - raft.server.log.async-flush.enabled = false (default)
2023-05-08 09:35:58,275 [pool-950-thread-1] INFO  server.RaftServerConfigKeys (ConfUtils.java:logGet(46)) - raft.server.log.statemachine.data.caching.enabled = true (custom)
2023-05-08 09:35:58,275 [pool-950-thread-1] INFO  segmented.SegmentedRaftLogWorker (SegmentedRaftLogWorker.java:lambda$new$0(135)) - 7d225e59-d7fc-44c3-8933-4ad8325cd17e@group-2661F54B6AE5-SegmentedRaftLogWorker: flushIndex: setUnconditionally 0 -> -1
2023-05-08 09:35:58,275 [pool-950-thread-1] INFO  segmented.SegmentedRaftLogWorker (SegmentedRaftLogWorker.java:lambda$new$0(135)) - 7d225e59-d7fc-44c3-8933-4ad8325cd17e@group-2661F54B6AE5-SegmentedRaftLogWorker: safeCacheEvictIndex: setUnconditionally 0 -> -1
2023-05-08 09:35:58,275 [pool-950-thread-1] INFO  server.RaftServer$Division (RaftServerImpl.java:start(334)) - 7d225e59-d7fc-44c3-8933-4ad8325cd17e@group-2661F54B6AE5: start as a follower, conf=-1: peers:[7d225e59-d7fc-44c3-8933-4ad8325cd17e|rpc:10.1.0.160:35621|dataStream:10.1.0.160:36997|priority:1|startupRole:FOLLOWER]|listeners:[], old=null
2023-05-08 09:35:58,275 [pool-950-thread-1] INFO  server.RaftServer$Division (RaftServerImpl.java:setRole(321)) - 7d225e59-d7fc-44c3-8933-4ad8325cd17e@group-2661F54B6AE5: changes role from      null to FOLLOWER at term 0 for startAsFollower
2023-05-08 09:35:58,276 [pool-950-thread-1] INFO  impl.RoleInfo (RoleInfo.java:updateAndGet(139)) - 7d225e59-d7fc-44c3-8933-4ad8325cd17e: start 7d225e59-d7fc-44c3-8933-4ad8325cd17e@group-2661F54B6AE5-FollowerState
2023-05-08 09:35:58,276 [pool-950-thread-1] INFO  util.JmxRegister (JmxRegister.java:tryRegister(44)) - Successfully registered JMX Bean with object name Ratis:service=RaftServer,group=group-2661F54B6AE5,id=7d225e59-d7fc-44c3-8933-4ad8325cd17e
2023-05-08 09:35:58,276 [7d225e59-d7fc-44c3-8933-4ad8325cd17e@group-2661F54B6AE5-FollowerState] INFO  server.RaftServerConfigKeys (ConfUtils.java:logFallback(53)) - raft.server.rpc.first-election.timeout.min = 5s (fallback to raft.server.rpc.timeout.min)
2023-05-08 09:35:58,276 [pool-950-thread-1] INFO  server.RaftServerConfigKeys (ConfUtils.java:logGet(46)) - raft.server.snapshot.auto.trigger.enabled = true (custom)
2023-05-08 09:35:58,276 [7d225e59-d7fc-44c3-8933-4ad8325cd17e@group-2661F54B6AE5-FollowerState] INFO  server.RaftServerConfigKeys (ConfUtils.java:logFallback(53)) - raft.server.rpc.first-election.timeout.max = 5200ms (fallback to raft.server.rpc.timeout.max)
2023-05-08 09:35:58,276 [pool-950-thread-1] INFO  server.RaftServerConfigKeys (ConfUtils.java:logGet(46)) - raft.server.snapshot.auto.trigger.threshold = 10000 (custom)
2023-05-08 09:35:58,276 [pool-950-thread-1] INFO  server.RaftServerConfigKeys (ConfUtils.java:logGet(46)) - raft.server.snapshot.retention.file.num = 5 (custom)
2023-05-08 09:35:58,276 [pool-950-thread-1] INFO  server.RaftServerConfigKeys (ConfUtils.java:logGet(46)) - raft.server.log.purge.upto.snapshot.index = false (default)
2023-05-08 09:35:58,277 [Command processor thread] INFO  ratis.XceiverServerRatis (XceiverServerRatis.java:addGroup(806)) - Created group PipelineID=0e6c99d0-4ea1-48ce-be1a-2661f54b6ae5
2023-05-08 09:35:58,277 [Command processor thread] INFO  commandhandler.CreatePipelineCommandHandler (CreatePipelineCommandHandler.java:handle(113)) - Created Pipeline RATIS ONE PipelineID=0e6c99d0-4ea1-48ce-be1a-2661f54b6ae5.
2023-05-08 09:35:58,576 [Command processor thread] INFO  server.RaftServer (RaftServerProxy.java:addNew(96)) - 4515e5b0-3b05-46e4-bb3b-126498a8ebe7: addNew group-A8086BE53C9D:[4515e5b0-3b05-46e4-bb3b-126498a8ebe7|rpc:10.1.0.160:34219|dataStream:10.1.0.160:36629|priority:1|startupRole:FOLLOWER] returns group-A8086BE53C9D:java.util.concurrent.CompletableFuture@15b23b8c[Not completed]
2023-05-08 09:35:58,577 [pool-972-thread-1] INFO  server.RaftServer$Division (RaftServerImpl.java:<init>(195)) - 4515e5b0-3b05-46e4-bb3b-126498a8ebe7: new RaftServerImpl for group-A8086BE53C9D:[4515e5b0-3b05-46e4-bb3b-126498a8ebe7|rpc:10.1.0.160:34219|dataStream:10.1.0.160:36629|priority:1|startupRole:FOLLOWER] with ContainerStateMachine:uninitialized
2023-05-08 09:35:58,577 [pool-972-thread-1] INFO  server.RaftServerConfigKeys (ConfUtils.java:logGet(46)) - raft.server.rpc.timeout.min = 5s (custom)
2023-05-08 09:35:58,577 [pool-972-thread-1] INFO  server.RaftServerConfigKeys (ConfUtils.java:logGet(46)) - raft.server.rpc.timeout.max = 5200ms (custom)
2023-05-08 09:35:58,577 [Listener at 127.0.0.1/39805] INFO  ozone.MiniOzoneClusterImpl (MiniOzoneClusterImpl.java:lambda$waitForClusterToBeReady$0(224)) - Nodes are ready. Got 3 of 3 DN Heartbeats.
2023-05-08 09:35:58,577 [Listener at 127.0.0.1/39805] INFO  ozone.MiniOzoneClusterImpl (MiniOzoneClusterImpl.java:lambda$waitForClusterToBeReady$0(227)) - Waiting for cluster to exit safe mode
2023-05-08 09:35:58,577 [Listener at 127.0.0.1/39805] INFO  ozone.MiniOzoneClusterImpl (MiniOzoneClusterImpl.java:lambda$waitForClusterToBeReady$0(229)) - SCM became leader
2023-05-08 09:35:58,577 [pool-972-thread-1] INFO  server.RaftServerConfigKeys (ConfUtils.java:logGet(46)) - raft.server.rpc.sleep.time = 25ms (default)
2023-05-08 09:35:58,577 [pool-972-thread-1] INFO  server.RaftServerConfigKeys (ConfUtils.java:logGet(46)) - raft.server.rpc.slowness.timeout = 300s (custom)
2023-05-08 09:35:58,577 [pool-972-thread-1] INFO  server.RaftServerConfigKeys (ConfUtils.java:logGet(46)) - raft.server.leaderelection.leader.step-down.wait-time = 10s (default)
2023-05-08 09:35:58,577 [pool-972-thread-1] INFO  server.RaftServerConfigKeys (ConfUtils.java:logGet(46)) - raft.server.sleep.deviation.threshold = 300ms (default)
2023-05-08 09:35:58,577 [pool-972-thread-1] INFO  server.RaftServer$Division (ServerState.java:<init>(118)) - 4515e5b0-3b05-46e4-bb3b-126498a8ebe7@group-A8086BE53C9D: ConfigurationManager, init=-1: peers:[4515e5b0-3b05-46e4-bb3b-126498a8ebe7|rpc:10.1.0.160:34219|dataStream:10.1.0.160:36629|priority:1|startupRole:FOLLOWER]|listeners:[], old=null, confs=<EMPTY_MAP>
2023-05-08 09:35:58,577 [pool-972-thread-1] INFO  server.RaftServerConfigKeys (ConfUtils.java:logGet(46)) - raft.server.storage.dir = [/home/runner/work/ozone/ozone/hadoop-ozone/integration-test/target/test-dir/MiniOzoneClusterImpl-8c58255f-3d22-4aeb-98f1-cae2738195f5/datanode-2/data/ratis] (custom)
2023-05-08 09:35:58,577 [pool-972-thread-1] INFO  server.RaftServerConfigKeys (ConfUtils.java:logGet(46)) - raft.server.log.corruption.policy = EXCEPTION (default)
2023-05-08 09:35:58,578 [pool-972-thread-1] INFO  server.RaftServerConfigKeys (ConfUtils.java:logGet(46)) - raft.server.storage.free-space.min = 0MB (=0) (default)
2023-05-08 09:35:58,578 [pool-972-thread-1] INFO  server.RaftServerConfigKeys (ConfUtils.java:logGet(46)) - raft.server.notification.no-leader.timeout = 300s (custom)
2023-05-08 09:35:58,578 [pool-972-thread-1] INFO  server.RaftServerConfigKeys (ConfUtils.java:logGet(46)) - raft.server.retrycache.expirytime = 600000ms (custom)
2023-05-08 09:35:58,578 [pool-972-thread-1] INFO  server.RaftServerConfigKeys (ConfUtils.java:logGet(46)) - raft.server.retrycache.statistics.expirytime = 100μs (default)
2023-05-08 09:35:58,578 [pool-972-thread-1] INFO  server.RaftServerConfigKeys (ConfUtils.java:logGet(46)) - raft.server.log.appender.install.snapshot.enabled = false (custom)
2023-05-08 09:35:58,578 [pool-972-thread-1] INFO  server.RaftServerConfigKeys (ConfUtils.java:logGet(46)) - raft.server.threadpool.server.cached = true (default)
2023-05-08 09:35:58,578 [pool-972-thread-1] INFO  server.RaftServerConfigKeys (ConfUtils.java:logGet(46)) - raft.server.threadpool.server.size = 0 (default)
2023-05-08 09:35:58,578 [pool-972-thread-1] INFO  server.RaftServerConfigKeys (ConfUtils.java:logGet(46)) - raft.server.threadpool.client.cached = true (default)
2023-05-08 09:35:58,578 [pool-972-thread-1] INFO  server.RaftServerConfigKeys (ConfUtils.java:logGet(46)) - raft.server.threadpool.client.size = 0 (default)
2023-05-08 09:35:58,578 [pool-972-thread-1] INFO  storage.RaftStorageDirectory (RaftStorageDirectoryImpl.java:analyzeStorage(137)) - The storage directory /home/runner/work/ozone/ozone/hadoop-ozone/integration-test/target/test-dir/MiniOzoneClusterImpl-8c58255f-3d22-4aeb-98f1-cae2738195f5/datanode-2/data/ratis/b5a8bee8-5097-4b31-bfdb-a8086be53c9d does not exist. Creating ...
2023-05-08 09:35:58,580 [pool-972-thread-1] INFO  storage.RaftStorageDirectory (RaftStorageDirectoryImpl.java:tryLock(231)) - Lock on /home/runner/work/ozone/ozone/hadoop-ozone/integration-test/target/test-dir/MiniOzoneClusterImpl-8c58255f-3d22-4aeb-98f1-cae2738195f5/datanode-2/data/ratis/b5a8bee8-5097-4b31-bfdb-a8086be53c9d/in_use.lock acquired by nodename 7572@fv-az96-539
2023-05-08 09:35:58,581 [pool-972-thread-1] INFO  storage.RaftStorage (RaftStorageImpl.java:format(96)) - Storage directory /home/runner/work/ozone/ozone/hadoop-ozone/integration-test/target/test-dir/MiniOzoneClusterImpl-8c58255f-3d22-4aeb-98f1-cae2738195f5/datanode-2/data/ratis/b5a8bee8-5097-4b31-bfdb-a8086be53c9d has been successfully formatted.
2023-05-08 09:35:58,581 [pool-972-thread-1] INFO  ratis.ContainerStateMachine (ContainerStateMachine.java:loadSnapshot(262)) - group-A8086BE53C9D: The snapshot info is null. Setting the last applied indexto:(t:0, i:~)
2023-05-08 09:35:58,581 [pool-972-thread-1] INFO  server.RaftServerConfigKeys (ConfUtils.java:logGet(46)) - raft.server.log.use.memory = false (default)
2023-05-08 09:35:58,581 [pool-972-thread-1] INFO  server.RaftServerConfigKeys (ConfUtils.java:logGet(46)) - raft.server.log.purge.gap = 1000000 (custom)
2023-05-08 09:35:58,581 [pool-972-thread-1] INFO  server.RaftServerConfigKeys (ConfUtils.java:logGet(46)) - raft.server.log.appender.buffer.byte-limit = 33554432 (custom)
2023-05-08 09:35:58,581 [pool-972-thread-1] INFO  server.RaftServerConfigKeys (ConfUtils.java:logGet(46)) - raft.server.log.statemachine.data.read.timeout = 1000ms (default)
2023-05-08 09:35:58,581 [pool-972-thread-1] INFO  server.RaftServerConfigKeys (ConfUtils.java:logGet(46)) - raft.server.log.purge.preservation.log.num = 0 (default)
2023-05-08 09:35:58,583 [EventQueue-PipelineReportForPipelineReportHandler] INFO  pipeline.PipelineManagerImpl (PipelineManagerImpl.java:openPipeline(367)) - Pipeline Pipeline[ Id: b5a8bee8-5097-4b31-bfdb-a8086be53c9d, Nodes: 4515e5b0-3b05-46e4-bb3b-126498a8ebe7(fv-az96-539/10.1.0.160), ReplicationConfig: RATIS/ONE, State:ALLOCATED, leaderId:4515e5b0-3b05-46e4-bb3b-126498a8ebe7, CreationTimestamp2023-05-08T09:35:55.579Z[Etc/UTC]] moved to OPEN state
2023-05-08 09:35:58,583 [EventQueue-OpenPipelineForHealthyPipelineSafeModeRule] INFO  safemode.SCMSafeModeManager (HealthyPipelineSafeModeRule.java:process(137)) - SCM in safe mode. Healthy pipelines reported count is 0, required healthy pipeline reported count is 1
2023-05-08 09:35:58,583 [pool-972-thread-1] INFO  server.RaftServerConfigKeys (ConfUtils.java:logGet(46)) - raft.server.log.segment.size.max = 1048576 (custom)
2023-05-08 09:35:58,583 [pool-972-thread-1] INFO  server.RaftServerConfigKeys (ConfUtils.java:logGet(46)) - raft.server.log.segment.cache.num.max = 2 (custom)
2023-05-08 09:35:58,584 [pool-972-thread-1] INFO  server.RaftServerConfigKeys (ConfUtils.java:logGet(46)) - raft.server.log.segment.cache.size.max = 200MB (=209715200) (default)
2023-05-08 09:35:58,584 [pool-972-thread-1] INFO  segmented.SegmentedRaftLogWorker (SegmentedRaftLogWorker.java:<init>(189)) - new 4515e5b0-3b05-46e4-bb3b-126498a8ebe7@group-A8086BE53C9D-SegmentedRaftLogWorker for RaftStorageImpl:Storage Directory /home/runner/work/ozone/ozone/hadoop-ozone/integration-test/target/test-dir/MiniOzoneClusterImpl-8c58255f-3d22-4aeb-98f1-cae2738195f5/datanode-2/data/ratis/b5a8bee8-5097-4b31-bfdb-a8086be53c9d
2023-05-08 09:35:58,584 [pool-972-thread-1] INFO  server.RaftServerConfigKeys (ConfUtils.java:logGet(46)) - raft.server.log.queue.byte-limit = 4294967296 (custom)
2023-05-08 09:35:58,584 [pool-972-thread-1] INFO  server.RaftServerConfigKeys (ConfUtils.java:logGet(46)) - raft.server.log.queue.element-limit = 1024 (custom)
2023-05-08 09:35:58,584 [pool-972-thread-1] INFO  server.RaftServerConfigKeys (ConfUtils.java:logGet(46)) - raft.server.log.segment.size.max = 1048576 (custom)
2023-05-08 09:35:58,584 [pool-972-thread-1] INFO  server.RaftServerConfigKeys (ConfUtils.java:logGet(46)) - raft.server.log.preallocated.size = 16384 (custom)
2023-05-08 09:35:58,584 [pool-972-thread-1] INFO  server.RaftServerConfigKeys (ConfUtils.java:logGet(46)) - raft.server.log.force.sync.num = 128 (default)
2023-05-08 09:35:58,584 [pool-972-thread-1] INFO  server.RaftServerConfigKeys (ConfUtils.java:logGet(46)) - raft.server.log.statemachine.data.sync = true (default)
2023-05-08 09:35:58,584 [pool-972-thread-1] INFO  server.RaftServerConfigKeys (ConfUtils.java:logGet(46)) - raft.server.log.statemachine.data.sync.timeout = 10s (default)
2023-05-08 09:35:58,584 [pool-972-thread-1] INFO  server.RaftServerConfigKeys (ConfUtils.java:logGet(46)) - raft.server.log.statemachine.data.sync.timeout.retry = -1 (default)
2023-05-08 09:35:58,584 [pool-972-thread-1] INFO  server.RaftServerConfigKeys (ConfUtils.java:logGet(46)) - raft.server.log.write.buffer.size = 1048576 (custom)
2023-05-08 09:35:58,585 [pool-972-thread-1] INFO  server.RaftServerConfigKeys (ConfUtils.java:logGet(46)) - raft.server.log.appender.buffer.byte-limit = 33554432 (custom)
2023-05-08 09:35:58,590 [pool-972-thread-1] INFO  server.RaftServerConfigKeys (ConfUtils.java:logGet(46)) - raft.server.log.unsafe-flush.enabled = false (default)
2023-05-08 09:35:58,590 [pool-972-thread-1] INFO  server.RaftServerConfigKeys (ConfUtils.java:logGet(46)) - raft.server.log.async-flush.enabled = false (default)
2023-05-08 09:35:58,590 [pool-972-thread-1] INFO  server.RaftServerConfigKeys (ConfUtils.java:logGet(46)) - raft.server.log.statemachine.data.caching.enabled = true (custom)
2023-05-08 09:35:58,590 [pool-972-thread-1] INFO  segmented.SegmentedRaftLogWorker (SegmentedRaftLogWorker.java:lambda$new$0(135)) - 4515e5b0-3b05-46e4-bb3b-126498a8ebe7@group-A8086BE53C9D-SegmentedRaftLogWorker: flushIndex: setUnconditionally 0 -> -1
2023-05-08 09:35:58,590 [pool-972-thread-1] INFO  segmented.SegmentedRaftLogWorker (SegmentedRaftLogWorker.java:lambda$new$0(135)) - 4515e5b0-3b05-46e4-bb3b-126498a8ebe7@group-A8086BE53C9D-SegmentedRaftLogWorker: safeCacheEvictIndex: setUnconditionally 0 -> -1
2023-05-08 09:35:58,591 [pool-972-thread-1] INFO  server.RaftServer$Division (RaftServerImpl.java:start(334)) - 4515e5b0-3b05-46e4-bb3b-126498a8ebe7@group-A8086BE53C9D: start as a follower, conf=-1: peers:[4515e5b0-3b05-46e4-bb3b-126498a8ebe7|rpc:10.1.0.160:34219|dataStream:10.1.0.160:36629|priority:1|startupRole:FOLLOWER]|listeners:[], old=null
2023-05-08 09:35:58,591 [pool-972-thread-1] INFO  server.RaftServer$Division (RaftServerImpl.java:setRole(321)) - 4515e5b0-3b05-46e4-bb3b-126498a8ebe7@group-A8086BE53C9D: changes role from      null to FOLLOWER at term 0 for startAsFollower
2023-05-08 09:35:58,591 [pool-972-thread-1] INFO  impl.RoleInfo (RoleInfo.java:updateAndGet(139)) - 4515e5b0-3b05-46e4-bb3b-126498a8ebe7: start 4515e5b0-3b05-46e4-bb3b-126498a8ebe7@group-A8086BE53C9D-FollowerState
2023-05-08 09:35:58,591 [pool-972-thread-1] INFO  util.JmxRegister (JmxRegister.java:tryRegister(44)) - Successfully registered JMX Bean with object name Ratis:service=RaftServer,group=group-A8086BE53C9D,id=4515e5b0-3b05-46e4-bb3b-126498a8ebe7
2023-05-08 09:35:58,591 [4515e5b0-3b05-46e4-bb3b-126498a8ebe7@group-A8086BE53C9D-FollowerState] INFO  server.RaftServerConfigKeys (ConfUtils.java:logFallback(53)) - raft.server.rpc.first-election.timeout.min = 5s (fallback to raft.server.rpc.timeout.min)
2023-05-08 09:35:58,591 [pool-972-thread-1] INFO  server.RaftServerConfigKeys (ConfUtils.java:logGet(46)) - raft.server.snapshot.auto.trigger.enabled = true (custom)
2023-05-08 09:35:58,591 [4515e5b0-3b05-46e4-bb3b-126498a8ebe7@group-A8086BE53C9D-FollowerState] INFO  server.RaftServerConfigKeys (ConfUtils.java:logFallback(53)) - raft.server.rpc.first-election.timeout.max = 5200ms (fallback to raft.server.rpc.timeout.max)
2023-05-08 09:35:58,591 [pool-972-thread-1] INFO  server.RaftServerConfigKeys (ConfUtils.java:logGet(46)) - raft.server.snapshot.auto.trigger.threshold = 10000 (custom)
2023-05-08 09:35:58,591 [pool-972-thread-1] INFO  server.RaftServerConfigKeys (ConfUtils.java:logGet(46)) - raft.server.snapshot.retention.file.num = 5 (custom)
2023-05-08 09:35:58,591 [pool-972-thread-1] INFO  server.RaftServerConfigKeys (ConfUtils.java:logGet(46)) - raft.server.log.purge.upto.snapshot.index = false (default)
2023-05-08 09:35:58,592 [Command processor thread] INFO  ratis.XceiverServerRatis (XceiverServerRatis.java:addGroup(806)) - Created group PipelineID=b5a8bee8-5097-4b31-bfdb-a8086be53c9d
2023-05-08 09:35:58,592 [Command processor thread] INFO  commandhandler.CreatePipelineCommandHandler (CreatePipelineCommandHandler.java:handle(113)) - Created Pipeline RATIS ONE PipelineID=b5a8bee8-5097-4b31-bfdb-a8086be53c9d.
2023-05-08 09:35:59,577 [Listener at 127.0.0.1/39805] INFO  ozone.MiniOzoneClusterImpl (MiniOzoneClusterImpl.java:lambda$waitForClusterToBeReady$0(224)) - Nodes are ready. Got 3 of 3 DN Heartbeats.
2023-05-08 09:35:59,577 [Listener at 127.0.0.1/39805] INFO  ozone.MiniOzoneClusterImpl (MiniOzoneClusterImpl.java:lambda$waitForClusterToBeReady$0(227)) - Waiting for cluster to exit safe mode
2023-05-08 09:35:59,577 [Listener at 127.0.0.1/39805] INFO  ozone.MiniOzoneClusterImpl (MiniOzoneClusterImpl.java:lambda$waitForClusterToBeReady$0(229)) - SCM became leader
2023-05-08 09:36:00,578 [Listener at 127.0.0.1/39805] INFO  ozone.MiniOzoneClusterImpl (MiniOzoneClusterImpl.java:lambda$waitForClusterToBeReady$0(224)) - Nodes are ready. Got 3 of 3 DN Heartbeats.
2023-05-08 09:36:00,578 [Listener at 127.0.0.1/39805] INFO  ozone.MiniOzoneClusterImpl (MiniOzoneClusterImpl.java:lambda$waitForClusterToBeReady$0(227)) - Waiting for cluster to exit safe mode
2023-05-08 09:36:00,578 [Listener at 127.0.0.1/39805] INFO  ozone.MiniOzoneClusterImpl (MiniOzoneClusterImpl.java:lambda$waitForClusterToBeReady$0(229)) - SCM became leader
2023-05-08 09:36:01,578 [Listener at 127.0.0.1/39805] INFO  ozone.MiniOzoneClusterImpl (MiniOzoneClusterImpl.java:lambda$waitForClusterToBeReady$0(224)) - Nodes are ready. Got 3 of 3 DN Heartbeats.
2023-05-08 09:36:01,578 [Listener at 127.0.0.1/39805] INFO  ozone.MiniOzoneClusterImpl (MiniOzoneClusterImpl.java:lambda$waitForClusterToBeReady$0(227)) - Waiting for cluster to exit safe mode
2023-05-08 09:36:01,578 [Listener at 127.0.0.1/39805] INFO  ozone.MiniOzoneClusterImpl (MiniOzoneClusterImpl.java:lambda$waitForClusterToBeReady$0(229)) - SCM became leader
2023-05-08 09:36:02,579 [Listener at 127.0.0.1/39805] INFO  ozone.MiniOzoneClusterImpl (MiniOzoneClusterImpl.java:lambda$waitForClusterToBeReady$0(224)) - Nodes are ready. Got 3 of 3 DN Heartbeats.
2023-05-08 09:36:02,579 [Listener at 127.0.0.1/39805] INFO  ozone.MiniOzoneClusterImpl (MiniOzoneClusterImpl.java:lambda$waitForClusterToBeReady$0(227)) - Waiting for cluster to exit safe mode
2023-05-08 09:36:02,579 [Listener at 127.0.0.1/39805] INFO  ozone.MiniOzoneClusterImpl (MiniOzoneClusterImpl.java:lambda$waitForClusterToBeReady$0(229)) - SCM became leader
2023-05-08 09:36:03,026 [4515e5b0-3b05-46e4-bb3b-126498a8ebe7@group-F209E3BF728F-FollowerState] INFO  impl.FollowerState (FollowerState.java:run(143)) - 4515e5b0-3b05-46e4-bb3b-126498a8ebe7@group-F209E3BF728F-FollowerState: change to CANDIDATE, lastRpcElapsedTime:5018593525ns, electionTimeout:5018ms
2023-05-08 09:36:03,026 [4515e5b0-3b05-46e4-bb3b-126498a8ebe7@group-F209E3BF728F-FollowerState] INFO  impl.RoleInfo (RoleInfo.java:shutdownFollowerState(110)) - 4515e5b0-3b05-46e4-bb3b-126498a8ebe7: shutdown 4515e5b0-3b05-46e4-bb3b-126498a8ebe7@group-F209E3BF728F-FollowerState
2023-05-08 09:36:03,026 [4515e5b0-3b05-46e4-bb3b-126498a8ebe7@group-F209E3BF728F-FollowerState] INFO  server.RaftServer$Division (RaftServerImpl.java:setRole(321)) - 4515e5b0-3b05-46e4-bb3b-126498a8ebe7@group-F209E3BF728F: changes role from  FOLLOWER to CANDIDATE at term 0 for changeToCandidate
2023-05-08 09:36:03,026 [4515e5b0-3b05-46e4-bb3b-126498a8ebe7@group-F209E3BF728F-FollowerState] INFO  server.RaftServerConfigKeys (ConfUtils.java:logGet(46)) - raft.server.leaderelection.pre-vote = true (default)
2023-05-08 09:36:03,026 [4515e5b0-3b05-46e4-bb3b-126498a8ebe7@group-F209E3BF728F-FollowerState] INFO  impl.RoleInfo (RoleInfo.java:updateAndGet(139)) - 4515e5b0-3b05-46e4-bb3b-126498a8ebe7: start 4515e5b0-3b05-46e4-bb3b-126498a8ebe7@group-F209E3BF728F-LeaderElection38
2023-05-08 09:36:03,027 [adad188d-dec8-49e0-8c63-aa4dd86be889@group-9B440A296EEA-FollowerState] INFO  impl.FollowerState (FollowerState.java:run(143)) - adad188d-dec8-49e0-8c63-aa4dd86be889@group-9B440A296EEA-FollowerState: change to CANDIDATE, lastRpcElapsedTime:5074244285ns, electionTimeout:5070ms
2023-05-08 09:36:03,027 [adad188d-dec8-49e0-8c63-aa4dd86be889@group-9B440A296EEA-FollowerState] INFO  impl.RoleInfo (RoleInfo.java:shutdownFollowerState(110)) - adad188d-dec8-49e0-8c63-aa4dd86be889: shutdown adad188d-dec8-49e0-8c63-aa4dd86be889@group-9B440A296EEA-FollowerState
2023-05-08 09:36:03,027 [adad188d-dec8-49e0-8c63-aa4dd86be889@group-9B440A296EEA-FollowerState] INFO  server.RaftServer$Division (RaftServerImpl.java:setRole(321)) - adad188d-dec8-49e0-8c63-aa4dd86be889@group-9B440A296EEA: changes role from  FOLLOWER to CANDIDATE at term 0 for changeToCandidate
2023-05-08 09:36:03,028 [adad188d-dec8-49e0-8c63-aa4dd86be889@group-9B440A296EEA-FollowerState] INFO  server.RaftServerConfigKeys (ConfUtils.java:logGet(46)) - raft.server.leaderelection.pre-vote = true (default)
2023-05-08 09:36:03,028 [adad188d-dec8-49e0-8c63-aa4dd86be889@group-9B440A296EEA-FollowerState] INFO  impl.RoleInfo (RoleInfo.java:updateAndGet(139)) - adad188d-dec8-49e0-8c63-aa4dd86be889: start adad188d-dec8-49e0-8c63-aa4dd86be889@group-9B440A296EEA-LeaderElection39
2023-05-08 09:36:03,029 [4515e5b0-3b05-46e4-bb3b-126498a8ebe7@group-F209E3BF728F-LeaderElection38] INFO  impl.LeaderElection (LeaderElection.java:askForVotes(312)) - 4515e5b0-3b05-46e4-bb3b-126498a8ebe7@group-F209E3BF728F-LeaderElection38 PRE_VOTE round 0: submit vote requests at term 0 for -1: peers:[adad188d-dec8-49e0-8c63-aa4dd86be889|rpc:10.1.0.160:45849|dataStream:10.1.0.160:37925|priority:0|startupRole:FOLLOWER, 7d225e59-d7fc-44c3-8933-4ad8325cd17e|rpc:10.1.0.160:35621|dataStream:10.1.0.160:36997|priority:0|startupRole:FOLLOWER, 4515e5b0-3b05-46e4-bb3b-126498a8ebe7|rpc:10.1.0.160:34219|dataStream:10.1.0.160:36629|priority:1|startupRole:FOLLOWER]|listeners:[], old=null
2023-05-08 09:36:03,029 [adad188d-dec8-49e0-8c63-aa4dd86be889@group-9B440A296EEA-LeaderElection39] INFO  impl.LeaderElection (LeaderElection.java:askForVotes(312)) - adad188d-dec8-49e0-8c63-aa4dd86be889@group-9B440A296EEA-LeaderElection39 PRE_VOTE round 0: submit vote requests at term 0 for -1: peers:[adad188d-dec8-49e0-8c63-aa4dd86be889|rpc:10.1.0.160:45849|dataStream:10.1.0.160:37925|priority:1|startupRole:FOLLOWER]|listeners:[], old=null
2023-05-08 09:36:03,029 [adad188d-dec8-49e0-8c63-aa4dd86be889@group-9B440A296EEA-LeaderElection39] INFO  impl.LeaderElection (LeaderElection.java:askForVotes(314)) - adad188d-dec8-49e0-8c63-aa4dd86be889@group-9B440A296EEA-LeaderElection39 PRE_VOTE round 0: result PASSED (term=0)
2023-05-08 09:36:03,030 [4515e5b0-3b05-46e4-bb3b-126498a8ebe7@group-F209E3BF728F-LeaderElection38-1] INFO  server.GrpcServerProtocolClient (GrpcServerProtocolClient.java:<init>(63)) - Build channel for adad188d-dec8-49e0-8c63-aa4dd86be889
2023-05-08 09:36:03,031 [adad188d-dec8-49e0-8c63-aa4dd86be889@group-9B440A296EEA-LeaderElection39] INFO  impl.LeaderElection (LeaderElection.java:askForVotes(312)) - adad188d-dec8-49e0-8c63-aa4dd86be889@group-9B440A296EEA-LeaderElection39 ELECTION round 0: submit vote requests at term 1 for -1: peers:[adad188d-dec8-49e0-8c63-aa4dd86be889|rpc:10.1.0.160:45849|dataStream:10.1.0.160:37925|priority:1|startupRole:FOLLOWER]|listeners:[], old=null
2023-05-08 09:36:03,031 [adad188d-dec8-49e0-8c63-aa4dd86be889@group-9B440A296EEA-LeaderElection39] INFO  impl.LeaderElection (LeaderElection.java:askForVotes(314)) - adad188d-dec8-49e0-8c63-aa4dd86be889@group-9B440A296EEA-LeaderElection39 ELECTION round 0: result PASSED (term=1)
2023-05-08 09:36:03,031 [adad188d-dec8-49e0-8c63-aa4dd86be889@group-9B440A296EEA-LeaderElection39] INFO  impl.RoleInfo (RoleInfo.java:shutdownLeaderElection(130)) - adad188d-dec8-49e0-8c63-aa4dd86be889: shutdown adad188d-dec8-49e0-8c63-aa4dd86be889@group-9B440A296EEA-LeaderElection39
2023-05-08 09:36:03,031 [adad188d-dec8-49e0-8c63-aa4dd86be889@group-9B440A296EEA-LeaderElection39] INFO  server.RaftServer$Division (RaftServerImpl.java:setRole(321)) - adad188d-dec8-49e0-8c63-aa4dd86be889@group-9B440A296EEA: changes role from CANDIDATE to LEADER at term 1 for changeToLeader
2023-05-08 09:36:03,031 [adad188d-dec8-49e0-8c63-aa4dd86be889@group-9B440A296EEA-LeaderElection39] INFO  ratis.XceiverServerRatis (XceiverServerRatis.java:handleLeaderChangedNotification(904)) - Leader change notification received for group: group-9B440A296EEA with new leaderId: adad188d-dec8-49e0-8c63-aa4dd86be889
2023-05-08 09:36:03,037 [grpc-default-executor-0] INFO  server.RaftServer$Division (RaftServerImpl.java:requestVote(1218)) - adad188d-dec8-49e0-8c63-aa4dd86be889@group-F209E3BF728F: receive requestVote(PRE_VOTE, 4515e5b0-3b05-46e4-bb3b-126498a8ebe7, group-F209E3BF728F, 0, (t:0, i:0))
2023-05-08 09:36:03,037 [grpc-default-executor-0] INFO  impl.VoteContext (VoteContext.java:log(49)) - adad188d-dec8-49e0-8c63-aa4dd86be889@group-F209E3BF728F-FOLLOWER: accept PRE_VOTE from 4515e5b0-3b05-46e4-bb3b-126498a8ebe7: our priority 0 <= candidate's priority 1
2023-05-08 09:36:03,037 [grpc-default-executor-0] INFO  server.RaftServer$Division (RaftServerImpl.java:requestVote(1251)) - adad188d-dec8-49e0-8c63-aa4dd86be889@group-F209E3BF728F replies to PRE_VOTE vote request: 4515e5b0-3b05-46e4-bb3b-126498a8ebe7<-adad188d-dec8-49e0-8c63-aa4dd86be889#0:OK-t0. Peer's state: adad188d-dec8-49e0-8c63-aa4dd86be889@group-F209E3BF728F:t0, leader=null, voted=, raftlog=Memoized:adad188d-dec8-49e0-8c63-aa4dd86be889@group-F209E3BF728F-SegmentedRaftLog:OPENED:c-1, conf=-1: peers:[adad188d-dec8-49e0-8c63-aa4dd86be889|rpc:10.1.0.160:45849|dataStream:10.1.0.160:37925|priority:0|startupRole:FOLLOWER, 7d225e59-d7fc-44c3-8933-4ad8325cd17e|rpc:10.1.0.160:35621|dataStream:10.1.0.160:36997|priority:0|startupRole:FOLLOWER, 4515e5b0-3b05-46e4-bb3b-126498a8ebe7|rpc:10.1.0.160:34219|dataStream:10.1.0.160:36629|priority:1|startupRole:FOLLOWER]|listeners:[], old=null
2023-05-08 09:36:03,038 [4515e5b0-3b05-46e4-bb3b-126498a8ebe7@group-F209E3BF728F-LeaderElection38] INFO  server.RaftServerConfigKeys (ConfUtils.java:logFallback(53)) - raft.server.rpc.first-election.timeout.min = 5s (fallback to raft.server.rpc.timeout.min)
2023-05-08 09:36:03,038 [4515e5b0-3b05-46e4-bb3b-126498a8ebe7@group-F209E3BF728F-LeaderElection38] INFO  server.RaftServerConfigKeys (ConfUtils.java:logFallback(53)) - raft.server.rpc.first-election.timeout.max = 5200ms (fallback to raft.server.rpc.timeout.max)
2023-05-08 09:36:03,038 [4515e5b0-3b05-46e4-bb3b-126498a8ebe7@group-F209E3BF728F-LeaderElection38] INFO  impl.LeaderElection (LeaderElection.java:logAndReturn(90)) - 4515e5b0-3b05-46e4-bb3b-126498a8ebe7@group-F209E3BF728F-LeaderElection38: PRE_VOTE PASSED received 1 response(s) and 0 exception(s):
2023-05-08 09:36:03,038 [4515e5b0-3b05-46e4-bb3b-126498a8ebe7@group-F209E3BF728F-LeaderElection38] INFO  impl.LeaderElection (LeaderElection.java:logAndReturn(94)) -   Response 0: 4515e5b0-3b05-46e4-bb3b-126498a8ebe7<-adad188d-dec8-49e0-8c63-aa4dd86be889#0:OK-t0
2023-05-08 09:36:03,038 [4515e5b0-3b05-46e4-bb3b-126498a8ebe7@group-F209E3BF728F-LeaderElection38] INFO  impl.LeaderElection (LeaderElection.java:askForVotes(314)) - 4515e5b0-3b05-46e4-bb3b-126498a8ebe7@group-F209E3BF728F-LeaderElection38 PRE_VOTE round 0: result PASSED
2023-05-08 09:36:03,039 [adad188d-dec8-49e0-8c63-aa4dd86be889@group-9B440A296EEA-LeaderElection39] INFO  server.RaftServer$Division (ServerState.java:setLeader(313)) - adad188d-dec8-49e0-8c63-aa4dd86be889@group-9B440A296EEA: change Leader from null to adad188d-dec8-49e0-8c63-aa4dd86be889 at term 1 for becomeLeader, leader elected after 5095ms
2023-05-08 09:36:03,039 [adad188d-dec8-49e0-8c63-aa4dd86be889@group-9B440A296EEA-LeaderElection39] INFO  server.RaftServerConfigKeys (ConfUtils.java:logGet(46)) - raft.server.staging.catchup.gap = 1000 (default)
2023-05-08 09:36:03,039 [adad188d-dec8-49e0-8c63-aa4dd86be889@group-9B440A296EEA-LeaderElection39] INFO  server.RaftServerConfigKeys (ConfUtils.java:logGet(46)) - raft.server.write.element-limit = 1024 (custom)
2023-05-08 09:36:03,039 [adad188d-dec8-49e0-8c63-aa4dd86be889@group-9B440A296EEA-LeaderElection39] INFO  server.RaftServerConfigKeys (ConfUtils.java:logGet(46)) - raft.server.write.byte-limit = 1024 M (=1073741824) (custom)
2023-05-08 09:36:03,039 [adad188d-dec8-49e0-8c63-aa4dd86be889@group-9B440A296EEA-LeaderElection39] INFO  server.RaftServerConfigKeys (ConfUtils.java:logGet(46)) - raft.server.watch.timeout = 180s (custom)
2023-05-08 09:36:03,039 [adad188d-dec8-49e0-8c63-aa4dd86be889@group-9B440A296EEA-LeaderElection39] INFO  server.RaftServerConfigKeys (ConfUtils.java:logGet(46)) - raft.server.watch.timeout.denomination = 1s (default)
2023-05-08 09:36:03,039 [adad188d-dec8-49e0-8c63-aa4dd86be889@group-9B440A296EEA-LeaderElection39] INFO  server.RaftServerConfigKeys (ConfUtils.java:logGet(46)) - raft.server.watch.element-limit = 65536 (default)
2023-05-08 09:36:03,039 [adad188d-dec8-49e0-8c63-aa4dd86be889@group-9B440A296EEA-LeaderElection39] INFO  server.RaftServerConfigKeys (ConfUtils.java:logGet(46)) - raft.server.write.element-limit = 1024 (custom)
2023-05-08 09:36:03,039 [adad188d-dec8-49e0-8c63-aa4dd86be889@group-9B440A296EEA-LeaderElection39] INFO  server.RaftServerConfigKeys (ConfUtils.java:logGet(46)) - raft.server.write.follower.gap.ratio.max = -1.0 (default)
2023-05-08 09:36:03,039 [adad188d-dec8-49e0-8c63-aa4dd86be889@group-9B440A296EEA-LeaderElection39] INFO  impl.RoleInfo (RoleInfo.java:updateAndGet(139)) - adad188d-dec8-49e0-8c63-aa4dd86be889: start adad188d-dec8-49e0-8c63-aa4dd86be889@group-9B440A296EEA-LeaderStateImpl
2023-05-08 09:36:03,039 [adad188d-dec8-49e0-8c63-aa4dd86be889@group-9B440A296EEA-LeaderElection39] INFO  segmented.SegmentedRaftLogWorker (SegmentedRaftLogWorker.java:startLogSegment(452)) - adad188d-dec8-49e0-8c63-aa4dd86be889@group-9B440A296EEA-SegmentedRaftLogWorker: Starting segment from index:0
2023-05-08 09:36:03,040 [4515e5b0-3b05-46e4-bb3b-126498a8ebe7@group-F209E3BF728F-LeaderElection38-2] INFO  server.GrpcServerProtocolClient (GrpcServerProtocolClient.java:<init>(63)) - Build channel for 7d225e59-d7fc-44c3-8933-4ad8325cd17e
2023-05-08 09:36:03,040 [EventQueue-OpenPipelineForHealthyPipelineSafeModeRule] INFO  safemode.SCMSafeModeManager (HealthyPipelineSafeModeRule.java:process(137)) - SCM in safe mode. Healthy pipelines reported count is 0, required healthy pipeline reported count is 1
2023-05-08 09:36:03,041 [4515e5b0-3b05-46e4-bb3b-126498a8ebe7@group-F209E3BF728F-LeaderElection38] INFO  impl.LeaderElection (LeaderElection.java:askForVotes(312)) - 4515e5b0-3b05-46e4-bb3b-126498a8ebe7@group-F209E3BF728F-LeaderElection38 ELECTION round 0: submit vote requests at term 1 for -1: peers:[adad188d-dec8-49e0-8c63-aa4dd86be889|rpc:10.1.0.160:45849|dataStream:10.1.0.160:37925|priority:0|startupRole:FOLLOWER, 7d225e59-d7fc-44c3-8933-4ad8325cd17e|rpc:10.1.0.160:35621|dataStream:10.1.0.160:36997|priority:0|startupRole:FOLLOWER, 4515e5b0-3b05-46e4-bb3b-126498a8ebe7|rpc:10.1.0.160:34219|dataStream:10.1.0.160:36629|priority:1|startupRole:FOLLOWER]|listeners:[], old=null
2023-05-08 09:36:03,041 [adad188d-dec8-49e0-8c63-aa4dd86be889@group-9B440A296EEA-SegmentedRaftLogWorker] INFO  segmented.SegmentedRaftLogWorker (SegmentedRaftLogWorker.java:execute(656)) - adad188d-dec8-49e0-8c63-aa4dd86be889@group-9B440A296EEA-SegmentedRaftLogWorker: created new log segment /home/runner/work/ozone/ozone/hadoop-ozone/integration-test/target/test-dir/MiniOzoneClusterImpl-8c58255f-3d22-4aeb-98f1-cae2738195f5/datanode-0/data/ratis/1c31010a-ce5b-4d08-a55e-9b440a296eea/current/log_inprogress_0
2023-05-08 09:36:03,046 [grpc-default-executor-0] INFO  server.RaftServer$Division (RaftServerImpl.java:requestVote(1218)) - 7d225e59-d7fc-44c3-8933-4ad8325cd17e@group-F209E3BF728F: receive requestVote(PRE_VOTE, 4515e5b0-3b05-46e4-bb3b-126498a8ebe7, group-F209E3BF728F, 0, (t:0, i:0))
2023-05-08 09:36:03,046 [grpc-default-executor-0] INFO  impl.VoteContext (VoteContext.java:log(49)) - 7d225e59-d7fc-44c3-8933-4ad8325cd17e@group-F209E3BF728F-FOLLOWER: accept PRE_VOTE from 4515e5b0-3b05-46e4-bb3b-126498a8ebe7: our priority 0 <= candidate's priority 1
2023-05-08 09:36:03,046 [grpc-default-executor-0] INFO  server.RaftServer$Division (RaftServerImpl.java:requestVote(1251)) - 7d225e59-d7fc-44c3-8933-4ad8325cd17e@group-F209E3BF728F replies to PRE_VOTE vote request: 4515e5b0-3b05-46e4-bb3b-126498a8ebe7<-7d225e59-d7fc-44c3-8933-4ad8325cd17e#0:OK-t0. Peer's state: 7d225e59-d7fc-44c3-8933-4ad8325cd17e@group-F209E3BF728F:t0, leader=null, voted=, raftlog=Memoized:7d225e59-d7fc-44c3-8933-4ad8325cd17e@group-F209E3BF728F-SegmentedRaftLog:OPENED:c-1, conf=-1: peers:[adad188d-dec8-49e0-8c63-aa4dd86be889|rpc:10.1.0.160:45849|dataStream:10.1.0.160:37925|priority:0|startupRole:FOLLOWER, 7d225e59-d7fc-44c3-8933-4ad8325cd17e|rpc:10.1.0.160:35621|dataStream:10.1.0.160:36997|priority:0|startupRole:FOLLOWER, 4515e5b0-3b05-46e4-bb3b-126498a8ebe7|rpc:10.1.0.160:34219|dataStream:10.1.0.160:36629|priority:1|startupRole:FOLLOWER]|listeners:[], old=null
2023-05-08 09:36:03,052 [grpc-default-executor-0] INFO  server.RaftServer$Division (RaftServerImpl.java:requestVote(1218)) - adad188d-dec8-49e0-8c63-aa4dd86be889@group-F209E3BF728F: receive requestVote(ELECTION, 4515e5b0-3b05-46e4-bb3b-126498a8ebe7, group-F209E3BF728F, 1, (t:0, i:0))
2023-05-08 09:36:03,052 [grpc-default-executor-0] INFO  impl.VoteContext (VoteContext.java:log(49)) - adad188d-dec8-49e0-8c63-aa4dd86be889@group-F209E3BF728F-FOLLOWER: accept ELECTION from 4515e5b0-3b05-46e4-bb3b-126498a8ebe7: our priority 0 <= candidate's priority 1
2023-05-08 09:36:03,052 [grpc-default-executor-0] INFO  server.RaftServer$Division (RaftServerImpl.java:setRole(321)) - adad188d-dec8-49e0-8c63-aa4dd86be889@group-F209E3BF728F: changes role from  FOLLOWER to FOLLOWER at term 1 for candidate:4515e5b0-3b05-46e4-bb3b-126498a8ebe7
2023-05-08 09:36:03,052 [grpc-default-executor-0] INFO  impl.RoleInfo (RoleInfo.java:shutdownFollowerState(110)) - adad188d-dec8-49e0-8c63-aa4dd86be889: shutdown adad188d-dec8-49e0-8c63-aa4dd86be889@group-F209E3BF728F-FollowerState
2023-05-08 09:36:03,054 [4515e5b0-3b05-46e4-bb3b-126498a8ebe7@group-F209E3BF728F-LeaderElection38] INFO  server.RaftServerConfigKeys (ConfUtils.java:logFallback(53)) - raft.server.rpc.first-election.timeout.min = 5s (fallback to raft.server.rpc.timeout.min)
2023-05-08 09:36:03,054 [4515e5b0-3b05-46e4-bb3b-126498a8ebe7@group-F209E3BF728F-LeaderElection38] INFO  server.RaftServerConfigKeys (ConfUtils.java:logFallback(53)) - raft.server.rpc.first-election.timeout.max = 5200ms (fallback to raft.server.rpc.timeout.max)
2023-05-08 09:36:03,055 [adad188d-dec8-49e0-8c63-aa4dd86be889@group-9B440A296EEA-LeaderElection39] INFO  server.RaftServer$Division (ServerState.java:setRaftConf(430)) - adad188d-dec8-49e0-8c63-aa4dd86be889@group-9B440A296EEA: set configuration 0: peers:[adad188d-dec8-49e0-8c63-aa4dd86be889|rpc:10.1.0.160:45849|dataStream:10.1.0.160:37925|priority:1|startupRole:FOLLOWER]|listeners:[], old=null
2023-05-08 09:36:03,056 [adad188d-dec8-49e0-8c63-aa4dd86be889@group-F209E3BF728F-FollowerState] INFO  impl.FollowerState (FollowerState.java:run(152)) - adad188d-dec8-49e0-8c63-aa4dd86be889@group-F209E3BF728F-FollowerState was interrupted
2023-05-08 09:36:03,059 [grpc-default-executor-0] INFO  impl.RoleInfo (RoleInfo.java:updateAndGet(139)) - adad188d-dec8-49e0-8c63-aa4dd86be889: start adad188d-dec8-49e0-8c63-aa4dd86be889@group-F209E3BF728F-FollowerState
2023-05-08 09:36:03,061 [adad188d-dec8-49e0-8c63-aa4dd86be889@group-F209E3BF728F-FollowerState] INFO  server.RaftServerConfigKeys (ConfUtils.java:logFallback(53)) - raft.server.rpc.first-election.timeout.min = 5s (fallback to raft.server.rpc.timeout.min)
2023-05-08 09:36:03,061 [adad188d-dec8-49e0-8c63-aa4dd86be889@group-F209E3BF728F-FollowerState] INFO  server.RaftServerConfigKeys (ConfUtils.java:logFallback(53)) - raft.server.rpc.first-election.timeout.max = 5200ms (fallback to raft.server.rpc.timeout.max)
2023-05-08 09:36:03,062 [grpc-default-executor-0] INFO  server.RaftServer$Division (RaftServerImpl.java:requestVote(1251)) - adad188d-dec8-49e0-8c63-aa4dd86be889@group-F209E3BF728F replies to ELECTION vote request: 4515e5b0-3b05-46e4-bb3b-126498a8ebe7<-adad188d-dec8-49e0-8c63-aa4dd86be889#0:OK-t1. Peer's state: adad188d-dec8-49e0-8c63-aa4dd86be889@group-F209E3BF728F:t1, leader=null, voted=4515e5b0-3b05-46e4-bb3b-126498a8ebe7, raftlog=Memoized:adad188d-dec8-49e0-8c63-aa4dd86be889@group-F209E3BF728F-SegmentedRaftLog:OPENED:c-1, conf=-1: peers:[adad188d-dec8-49e0-8c63-aa4dd86be889|rpc:10.1.0.160:45849|dataStream:10.1.0.160:37925|priority:0|startupRole:FOLLOWER, 7d225e59-d7fc-44c3-8933-4ad8325cd17e|rpc:10.1.0.160:35621|dataStream:10.1.0.160:36997|priority:0|startupRole:FOLLOWER, 4515e5b0-3b05-46e4-bb3b-126498a8ebe7|rpc:10.1.0.160:34219|dataStream:10.1.0.160:36629|priority:1|startupRole:FOLLOWER]|listeners:[], old=null
2023-05-08 09:36:03,065 [grpc-default-executor-1] INFO  server.RaftServer$Division (RaftServerImpl.java:requestVote(1218)) - 7d225e59-d7fc-44c3-8933-4ad8325cd17e@group-F209E3BF728F: receive requestVote(ELECTION, 4515e5b0-3b05-46e4-bb3b-126498a8ebe7, group-F209E3BF728F, 1, (t:0, i:0))
2023-05-08 09:36:03,066 [4515e5b0-3b05-46e4-bb3b-126498a8ebe7@group-F209E3BF728F-LeaderElection38] INFO  impl.LeaderElection (LeaderElection.java:logAndReturn(90)) - 4515e5b0-3b05-46e4-bb3b-126498a8ebe7@group-F209E3BF728F-LeaderElection38: ELECTION PASSED received 1 response(s) and 0 exception(s):
2023-05-08 09:36:03,067 [4515e5b0-3b05-46e4-bb3b-126498a8ebe7@group-F209E3BF728F-LeaderElection38] INFO  impl.LeaderElection (LeaderElection.java:logAndReturn(94)) -   Response 0: 4515e5b0-3b05-46e4-bb3b-126498a8ebe7<-adad188d-dec8-49e0-8c63-aa4dd86be889#0:OK-t1
2023-05-08 09:36:03,067 [4515e5b0-3b05-46e4-bb3b-126498a8ebe7@group-F209E3BF728F-LeaderElection38] INFO  impl.LeaderElection (LeaderElection.java:askForVotes(314)) - 4515e5b0-3b05-46e4-bb3b-126498a8ebe7@group-F209E3BF728F-LeaderElection38 ELECTION round 0: result PASSED
2023-05-08 09:36:03,067 [4515e5b0-3b05-46e4-bb3b-126498a8ebe7@group-F209E3BF728F-LeaderElection38] INFO  impl.RoleInfo (RoleInfo.java:shutdownLeaderElection(130)) - 4515e5b0-3b05-46e4-bb3b-126498a8ebe7: shutdown 4515e5b0-3b05-46e4-bb3b-126498a8ebe7@group-F209E3BF728F-LeaderElection38
2023-05-08 09:36:03,067 [4515e5b0-3b05-46e4-bb3b-126498a8ebe7@group-F209E3BF728F-LeaderElection38] INFO  server.RaftServer$Division (RaftServerImpl.java:setRole(321)) - 4515e5b0-3b05-46e4-bb3b-126498a8ebe7@group-F209E3BF728F: changes role from CANDIDATE to LEADER at term 1 for changeToLeader
2023-05-08 09:36:03,067 [4515e5b0-3b05-46e4-bb3b-126498a8ebe7@group-F209E3BF728F-LeaderElection38] INFO  ratis.XceiverServerRatis (XceiverServerRatis.java:handleLeaderChangedNotification(904)) - Leader change notification received for group: group-F209E3BF728F with new leaderId: 4515e5b0-3b05-46e4-bb3b-126498a8ebe7
2023-05-08 09:36:03,067 [4515e5b0-3b05-46e4-bb3b-126498a8ebe7@group-F209E3BF728F-LeaderElection38] INFO  server.RaftServer$Division (ServerState.java:setLeader(313)) - 4515e5b0-3b05-46e4-bb3b-126498a8ebe7@group-F209E3BF728F: change Leader from null to 4515e5b0-3b05-46e4-bb3b-126498a8ebe7 at term 1 for becomeLeader, leader elected after 5074ms
2023-05-08 09:36:03,067 [4515e5b0-3b05-46e4-bb3b-126498a8ebe7@group-F209E3BF728F-LeaderElection38] INFO  server.RaftServerConfigKeys (ConfUtils.java:logGet(46)) - raft.server.staging.catchup.gap = 1000 (default)
2023-05-08 09:36:03,067 [4515e5b0-3b05-46e4-bb3b-126498a8ebe7@group-F209E3BF728F-LeaderElection38] INFO  server.RaftServerConfigKeys (ConfUtils.java:logGet(46)) - raft.server.write.element-limit = 1024 (custom)
2023-05-08 09:36:03,067 [4515e5b0-3b05-46e4-bb3b-126498a8ebe7@group-F209E3BF728F-LeaderElection38] INFO  server.RaftServerConfigKeys (ConfUtils.java:logGet(46)) - raft.server.write.byte-limit = 1024 M (=1073741824) (custom)
2023-05-08 09:36:03,067 [4515e5b0-3b05-46e4-bb3b-126498a8ebe7@group-F209E3BF728F-LeaderElection38] INFO  server.RaftServerConfigKeys (ConfUtils.java:logGet(46)) - raft.server.watch.timeout = 180s (custom)
2023-05-08 09:36:03,067 [4515e5b0-3b05-46e4-bb3b-126498a8ebe7@group-F209E3BF728F-LeaderElection38] INFO  server.RaftServerConfigKeys (ConfUtils.java:logGet(46)) - raft.server.watch.timeout.denomination = 1s (default)
2023-05-08 09:36:03,067 [4515e5b0-3b05-46e4-bb3b-126498a8ebe7@group-F209E3BF728F-LeaderElection38] INFO  server.RaftServerConfigKeys (ConfUtils.java:logGet(46)) - raft.server.watch.element-limit = 65536 (default)
2023-05-08 09:36:03,067 [4515e5b0-3b05-46e4-bb3b-126498a8ebe7@group-F209E3BF728F-LeaderElection38] INFO  server.RaftServerConfigKeys (ConfUtils.java:logGet(46)) - raft.server.write.element-limit = 1024 (custom)
2023-05-08 09:36:03,067 [4515e5b0-3b05-46e4-bb3b-126498a8ebe7@group-F209E3BF728F-LeaderElection38] INFO  server.RaftServerConfigKeys (ConfUtils.java:logGet(46)) - raft.server.write.follower.gap.ratio.max = -1.0 (default)
2023-05-08 09:36:03,068 [4515e5b0-3b05-46e4-bb3b-126498a8ebe7@group-F209E3BF728F-LeaderElection38] INFO  server.RaftServerConfigKeys (ConfUtils.java:logGet(46)) - raft.server.log.appender.snapshot.chunk.size.max = 16MB (=16777216) (default)
2023-05-08 09:36:03,068 [4515e5b0-3b05-46e4-bb3b-126498a8ebe7@group-F209E3BF728F-LeaderElection38] INFO  server.RaftServerConfigKeys (ConfUtils.java:logGet(46)) - raft.server.log.appender.buffer.byte-limit = 33554432 (custom)
2023-05-08 09:36:03,068 [4515e5b0-3b05-46e4-bb3b-126498a8ebe7@group-F209E3BF728F-LeaderElection38] INFO  server.RaftServerConfigKeys (ConfUtils.java:logGet(46)) - raft.server.log.appender.buffer.element-limit = 1 (custom)
2023-05-08 09:36:03,068 [4515e5b0-3b05-46e4-bb3b-126498a8ebe7@group-F209E3BF728F-LeaderElection38] INFO  grpc.GrpcConfigKeys (ConfUtils.java:logGet(46)) - raft.grpc.server.leader.outstanding.appends.max = 128 (default)
2023-05-08 09:36:03,068 [4515e5b0-3b05-46e4-bb3b-126498a8ebe7@group-F209E3BF728F-LeaderElection38] INFO  server.RaftServerConfigKeys (ConfUtils.java:logGet(46)) - raft.server.rpc.request.timeout = 60s (custom)
2023-05-08 09:36:03,068 [4515e5b0-3b05-46e4-bb3b-126498a8ebe7@group-F209E3BF728F-LeaderElection38] INFO  server.RaftServerConfigKeys (ConfUtils.java:logGet(46)) - raft.server.log.appender.install.snapshot.enabled = false (custom)
2023-05-08 09:36:03,068 [4515e5b0-3b05-46e4-bb3b-126498a8ebe7@group-F209E3BF728F-LeaderElection38] INFO  grpc.GrpcConfigKeys (ConfUtils.java:logGet(46)) - raft.grpc.server.heartbeat.channel = true (default)
2023-05-08 09:36:03,068 [4515e5b0-3b05-46e4-bb3b-126498a8ebe7@group-F209E3BF728F-LeaderElection38] INFO  server.RaftServerConfigKeys (ConfUtils.java:logGet(46)) - raft.server.log.appender.wait-time.min = 10ms (default)
2023-05-08 09:36:03,068 [4515e5b0-3b05-46e4-bb3b-126498a8ebe7@group-F209E3BF728F-LeaderElection38] INFO  server.RaftServerConfigKeys (ConfUtils.java:logGet(46)) - raft.server.log.appender.snapshot.chunk.size.max = 16MB (=16777216) (default)
2023-05-08 09:36:03,068 [4515e5b0-3b05-46e4-bb3b-126498a8ebe7@group-F209E3BF728F-LeaderElection38] INFO  server.RaftServerConfigKeys (ConfUtils.java:logGet(46)) - raft.server.log.appender.buffer.byte-limit = 33554432 (custom)
2023-05-08 09:36:03,068 [4515e5b0-3b05-46e4-bb3b-126498a8ebe7@group-F209E3BF728F-LeaderElection38] INFO  server.RaftServerConfigKeys (ConfUtils.java:logGet(46)) - raft.server.log.appender.buffer.element-limit = 1 (custom)
2023-05-08 09:36:03,069 [4515e5b0-3b05-46e4-bb3b-126498a8ebe7@group-F209E3BF728F-LeaderElection38] INFO  grpc.GrpcConfigKeys (ConfUtils.java:logGet(46)) - raft.grpc.server.leader.outstanding.appends.max = 128 (default)
2023-05-08 09:36:03,069 [4515e5b0-3b05-46e4-bb3b-126498a8ebe7@group-F209E3BF728F-LeaderElection38] INFO  server.RaftServerConfigKeys (ConfUtils.java:logGet(46)) - raft.server.rpc.request.timeout = 60s (custom)
2023-05-08 09:36:03,069 [4515e5b0-3b05-46e4-bb3b-126498a8ebe7@group-F209E3BF728F-LeaderElection38] INFO  server.RaftServerConfigKeys (ConfUtils.java:logGet(46)) - raft.server.log.appender.install.snapshot.enabled = false (custom)
2023-05-08 09:36:03,069 [4515e5b0-3b05-46e4-bb3b-126498a8ebe7@group-F209E3BF728F-LeaderElection38] INFO  grpc.GrpcConfigKeys (ConfUtils.java:logGet(46)) - raft.grpc.server.heartbeat.channel = true (default)
2023-05-08 09:36:03,069 [4515e5b0-3b05-46e4-bb3b-126498a8ebe7@group-F209E3BF728F-LeaderElection38] INFO  server.RaftServerConfigKeys (ConfUtils.java:logGet(46)) - raft.server.log.appender.wait-time.min = 10ms (default)
2023-05-08 09:36:03,069 [4515e5b0-3b05-46e4-bb3b-126498a8ebe7@group-F209E3BF728F-LeaderElection38] INFO  impl.RoleInfo (RoleInfo.java:updateAndGet(139)) - 4515e5b0-3b05-46e4-bb3b-126498a8ebe7: start 4515e5b0-3b05-46e4-bb3b-126498a8ebe7@group-F209E3BF728F-LeaderStateImpl
2023-05-08 09:36:03,069 [4515e5b0-3b05-46e4-bb3b-126498a8ebe7@group-F209E3BF728F-LeaderElection38] INFO  segmented.SegmentedRaftLogWorker (SegmentedRaftLogWorker.java:startLogSegment(452)) - 4515e5b0-3b05-46e4-bb3b-126498a8ebe7@group-F209E3BF728F-SegmentedRaftLogWorker: Starting segment from index:0
2023-05-08 09:36:03,071 [EventQueue-PipelineReportForPipelineReportHandler] INFO  pipeline.PipelineManagerImpl (PipelineManagerImpl.java:openPipeline(367)) - Pipeline Pipeline[ Id: 3d8c3573-b60c-4a90-9d5e-f209e3bf728f, Nodes: 4515e5b0-3b05-46e4-bb3b-126498a8ebe7(fv-az96-539/10.1.0.160)adad188d-dec8-49e0-8c63-aa4dd86be889(fv-az96-539/10.1.0.160)7d225e59-d7fc-44c3-8933-4ad8325cd17e(fv-az96-539/10.1.0.160), ReplicationConfig: RATIS/THREE, State:ALLOCATED, leaderId:4515e5b0-3b05-46e4-bb3b-126498a8ebe7, CreationTimestamp2023-05-08T09:35:55.580Z[Etc/UTC]] moved to OPEN state
2023-05-08 09:36:03,071 [EventQueue-OpenPipelineForHealthyPipelineSafeModeRule] INFO  safemode.SCMSafeModeManager (HealthyPipelineSafeModeRule.java:process(137)) - SCM in safe mode. Healthy pipelines reported count is 1, required healthy pipeline reported count is 1
2023-05-08 09:36:03,071 [EventQueue-OpenPipelineForHealthyPipelineSafeModeRule] INFO  safemode.SCMSafeModeManager (SCMSafeModeManager.java:validateSafeModeExitRules(200)) - HealthyPipelineSafeModeRule rule is successfully validated
2023-05-08 09:36:03,071 [EventQueue-OpenPipelineForHealthyPipelineSafeModeRule] INFO  safemode.SCMSafeModeManager (SCMSafeModeManager.java:validateSafeModeExitRules(215)) - ScmSafeModeManager, all rules are successfully validated
2023-05-08 09:36:03,071 [EventQueue-OpenPipelineForHealthyPipelineSafeModeRule] INFO  safemode.SCMSafeModeManager (SCMSafeModeManager.java:exitSafeMode(244)) - SCM exiting safe mode.
2023-05-08 09:36:03,071 [EventQueue-OpenPipelineForHealthyPipelineSafeModeRule] INFO  ha.SCMContext (SCMContext.java:updateSafeModeStatus(228)) - Update SafeModeStatus from SafeModeStatus{safeModeStatus=true, preCheckPassed=true} to SafeModeStatus{safeModeStatus=false, preCheckPassed=true}.
2023-05-08 09:36:03,072 [EventQueue-OpenPipelineForHealthyPipelineSafeModeRule] INFO  pipeline.BackgroundPipelineCreator (BackgroundPipelineCreator.java:notifyStatusChanged(254)) - Service BackgroundPipelineCreator transitions to RUNNING.
2023-05-08 09:36:03,072 [EventQueue-OpenPipelineForHealthyPipelineSafeModeRule] INFO  BackgroundPipelineScrubber (BackgroundSCMService.java:notifyStatusChanged(82)) - Service BackgroundPipelineScrubber transitions to RUNNING.
2023-05-08 09:36:03,072 [EventQueue-OpenPipelineForHealthyPipelineSafeModeRule] INFO  ExpiredContainerReplicaOpScrubber (BackgroundSCMService.java:notifyStatusChanged(82)) - Service ExpiredContainerReplicaOpScrubber transitions to RUNNING.
2023-05-08 09:36:03,072 [EventQueue-OpenPipelineForHealthyPipelineSafeModeRule] INFO  replication.ReplicationManager (ReplicationManager.java:notifyStatusChanged(1370)) - Service ReplicationManager transitions to RUNNING.
2023-05-08 09:36:03,072 [EventQueue-OpenPipelineForHealthyPipelineSafeModeRule] WARN  balancer.ContainerBalancer (ContainerBalancer.java:shouldRun(132)) - Could not find persisted configuration for ContainerBalancer when checking if ContainerBalancer should run. ContainerBalancer should not run now.
2023-05-08 09:36:03,072 [4515e5b0-3b05-46e4-bb3b-126498a8ebe7@group-F209E3BF728F-SegmentedRaftLogWorker] INFO  segmented.SegmentedRaftLogWorker (SegmentedRaftLogWorker.java:execute(656)) - 4515e5b0-3b05-46e4-bb3b-126498a8ebe7@group-F209E3BF728F-SegmentedRaftLogWorker: created new log segment /home/runner/work/ozone/ozone/hadoop-ozone/integration-test/target/test-dir/MiniOzoneClusterImpl-8c58255f-3d22-4aeb-98f1-cae2738195f5/datanode-2/data/ratis/3d8c3573-b60c-4a90-9d5e-f209e3bf728f/current/log_inprogress_0
2023-05-08 09:36:03,081 [grpc-default-executor-1] INFO  impl.VoteContext (VoteContext.java:log(49)) - 7d225e59-d7fc-44c3-8933-4ad8325cd17e@group-F209E3BF728F-FOLLOWER: accept ELECTION from 4515e5b0-3b05-46e4-bb3b-126498a8ebe7: our priority 0 <= candidate's priority 1
2023-05-08 09:36:03,081 [grpc-default-executor-1] INFO  server.RaftServer$Division (RaftServerImpl.java:setRole(321)) - 7d225e59-d7fc-44c3-8933-4ad8325cd17e@group-F209E3BF728F: changes role from  FOLLOWER to FOLLOWER at term 1 for candidate:4515e5b0-3b05-46e4-bb3b-126498a8ebe7
2023-05-08 09:36:03,081 [grpc-default-executor-1] INFO  impl.RoleInfo (RoleInfo.java:shutdownFollowerState(110)) - 7d225e59-d7fc-44c3-8933-4ad8325cd17e: shutdown 7d225e59-d7fc-44c3-8933-4ad8325cd17e@group-F209E3BF728F-FollowerState
2023-05-08 09:36:03,095 [4515e5b0-3b05-46e4-bb3b-126498a8ebe7@group-F209E3BF728F-LeaderElection38] INFO  server.RaftServer$Division (ServerState.java:setRaftConf(430)) - 4515e5b0-3b05-46e4-bb3b-126498a8ebe7@group-F209E3BF728F: set configuration 0: peers:[adad188d-dec8-49e0-8c63-aa4dd86be889|rpc:10.1.0.160:45849|dataStream:10.1.0.160:37925|priority:0|startupRole:FOLLOWER, 7d225e59-d7fc-44c3-8933-4ad8325cd17e|rpc:10.1.0.160:35621|dataStream:10.1.0.160:36997|priority:0|startupRole:FOLLOWER, 4515e5b0-3b05-46e4-bb3b-126498a8ebe7|rpc:10.1.0.160:34219|dataStream:10.1.0.160:36629|priority:1|startupRole:FOLLOWER]|listeners:[], old=null
2023-05-08 09:36:03,101 [7d225e59-d7fc-44c3-8933-4ad8325cd17e@group-F209E3BF728F-FollowerState] INFO  impl.FollowerState (FollowerState.java:run(152)) - 7d225e59-d7fc-44c3-8933-4ad8325cd17e@group-F209E3BF728F-FollowerState was interrupted
2023-05-08 09:36:03,101 [grpc-default-executor-1] INFO  impl.RoleInfo (RoleInfo.java:updateAndGet(139)) - 7d225e59-d7fc-44c3-8933-4ad8325cd17e: start 7d225e59-d7fc-44c3-8933-4ad8325cd17e@group-F209E3BF728F-FollowerState
2023-05-08 09:36:03,105 [7d225e59-d7fc-44c3-8933-4ad8325cd17e@group-F209E3BF728F-FollowerState] INFO  server.RaftServerConfigKeys (ConfUtils.java:logFallback(53)) - raft.server.rpc.first-election.timeout.min = 5s (fallback to raft.server.rpc.timeout.min)
2023-05-08 09:36:03,105 [7d225e59-d7fc-44c3-8933-4ad8325cd17e@group-F209E3BF728F-FollowerState] INFO  server.RaftServerConfigKeys (ConfUtils.java:logFallback(53)) - raft.server.rpc.first-election.timeout.max = 5200ms (fallback to raft.server.rpc.timeout.max)
2023-05-08 09:36:03,106 [adad188d-dec8-49e0-8c63-aa4dd86be889-server-thread1] INFO  ratis.XceiverServerRatis (XceiverServerRatis.java:handleLeaderChangedNotification(904)) - Leader change notification received for group: group-F209E3BF728F with new leaderId: 4515e5b0-3b05-46e4-bb3b-126498a8ebe7
2023-05-08 09:36:03,106 [adad188d-dec8-49e0-8c63-aa4dd86be889-server-thread1] INFO  server.RaftServer$Division (ServerState.java:setLeader(313)) - adad188d-dec8-49e0-8c63-aa4dd86be889@group-F209E3BF728F: change Leader from null to 4515e5b0-3b05-46e4-bb3b-126498a8ebe7 at term 1 for appendEntries, leader elected after 5149ms
2023-05-08 09:36:03,106 [grpc-default-executor-1] INFO  server.RaftServer$Division (RaftServerImpl.java:requestVote(1251)) - 7d225e59-d7fc-44c3-8933-4ad8325cd17e@group-F209E3BF728F replies to ELECTION vote request: 4515e5b0-3b05-46e4-bb3b-126498a8ebe7<-7d225e59-d7fc-44c3-8933-4ad8325cd17e#0:OK-t1. Peer's state: 7d225e59-d7fc-44c3-8933-4ad8325cd17e@group-F209E3BF728F:t1, leader=null, voted=4515e5b0-3b05-46e4-bb3b-126498a8ebe7, raftlog=Memoized:7d225e59-d7fc-44c3-8933-4ad8325cd17e@group-F209E3BF728F-SegmentedRaftLog:OPENED:c-1, conf=-1: peers:[adad188d-dec8-49e0-8c63-aa4dd86be889|rpc:10.1.0.160:45849|dataStream:10.1.0.160:37925|priority:0|startupRole:FOLLOWER, 7d225e59-d7fc-44c3-8933-4ad8325cd17e|rpc:10.1.0.160:35621|dataStream:10.1.0.160:36997|priority:0|startupRole:FOLLOWER, 4515e5b0-3b05-46e4-bb3b-126498a8ebe7|rpc:10.1.0.160:34219|dataStream:10.1.0.160:36629|priority:1|startupRole:FOLLOWER]|listeners:[], old=null
2023-05-08 09:36:03,107 [7d225e59-d7fc-44c3-8933-4ad8325cd17e-server-thread2] INFO  ratis.XceiverServerRatis (XceiverServerRatis.java:handleLeaderChangedNotification(904)) - Leader change notification received for group: group-F209E3BF728F with new leaderId: 4515e5b0-3b05-46e4-bb3b-126498a8ebe7
2023-05-08 09:36:03,107 [7d225e59-d7fc-44c3-8933-4ad8325cd17e-server-thread2] INFO  server.RaftServer$Division (ServerState.java:setLeader(313)) - 7d225e59-d7fc-44c3-8933-4ad8325cd17e@group-F209E3BF728F: change Leader from null to 4515e5b0-3b05-46e4-bb3b-126498a8ebe7 at term 1 for appendEntries, leader elected after 5076ms
2023-05-08 09:36:03,109 [adad188d-dec8-49e0-8c63-aa4dd86be889-server-thread1] INFO  server.RaftServer$Division (ServerState.java:setRaftConf(430)) - adad188d-dec8-49e0-8c63-aa4dd86be889@group-F209E3BF728F: set configuration 0: peers:[adad188d-dec8-49e0-8c63-aa4dd86be889|rpc:10.1.0.160:45849|dataStream:10.1.0.160:37925|priority:0|startupRole:FOLLOWER, 7d225e59-d7fc-44c3-8933-4ad8325cd17e|rpc:10.1.0.160:35621|dataStream:10.1.0.160:36997|priority:0|startupRole:FOLLOWER, 4515e5b0-3b05-46e4-bb3b-126498a8ebe7|rpc:10.1.0.160:34219|dataStream:10.1.0.160:36629|priority:1|startupRole:FOLLOWER]|listeners:[], old=null
2023-05-08 09:36:03,109 [adad188d-dec8-49e0-8c63-aa4dd86be889-server-thread1] INFO  segmented.SegmentedRaftLogWorker (SegmentedRaftLogWorker.java:startLogSegment(452)) - adad188d-dec8-49e0-8c63-aa4dd86be889@group-F209E3BF728F-SegmentedRaftLogWorker: Starting segment from index:0
2023-05-08 09:36:03,111 [adad188d-dec8-49e0-8c63-aa4dd86be889@group-F209E3BF728F-SegmentedRaftLogWorker] INFO  segmented.SegmentedRaftLogWorker (SegmentedRaftLogWorker.java:execute(656)) - adad188d-dec8-49e0-8c63-aa4dd86be889@group-F209E3BF728F-SegmentedRaftLogWorker: created new log segment /home/runner/work/ozone/ozone/hadoop-ozone/integration-test/target/test-dir/MiniOzoneClusterImpl-8c58255f-3d22-4aeb-98f1-cae2738195f5/datanode-0/data/ratis/3d8c3573-b60c-4a90-9d5e-f209e3bf728f/current/log_inprogress_0
2023-05-08 09:36:03,111 [7d225e59-d7fc-44c3-8933-4ad8325cd17e-server-thread1] INFO  server.RaftServer$Division (ServerState.java:setRaftConf(430)) - 7d225e59-d7fc-44c3-8933-4ad8325cd17e@group-F209E3BF728F: set configuration 0: peers:[adad188d-dec8-49e0-8c63-aa4dd86be889|rpc:10.1.0.160:45849|dataStream:10.1.0.160:37925|priority:0|startupRole:FOLLOWER, 7d225e59-d7fc-44c3-8933-4ad8325cd17e|rpc:10.1.0.160:35621|dataStream:10.1.0.160:36997|priority:0|startupRole:FOLLOWER, 4515e5b0-3b05-46e4-bb3b-126498a8ebe7|rpc:10.1.0.160:34219|dataStream:10.1.0.160:36629|priority:1|startupRole:FOLLOWER]|listeners:[], old=null
2023-05-08 09:36:03,111 [7d225e59-d7fc-44c3-8933-4ad8325cd17e-server-thread1] INFO  segmented.SegmentedRaftLogWorker (SegmentedRaftLogWorker.java:startLogSegment(452)) - 7d225e59-d7fc-44c3-8933-4ad8325cd17e@group-F209E3BF728F-SegmentedRaftLogWorker: Starting segment from index:0
2023-05-08 09:36:03,113 [7d225e59-d7fc-44c3-8933-4ad8325cd17e@group-F209E3BF728F-SegmentedRaftLogWorker] INFO  segmented.SegmentedRaftLogWorker (SegmentedRaftLogWorker.java:execute(656)) - 7d225e59-d7fc-44c3-8933-4ad8325cd17e@group-F209E3BF728F-SegmentedRaftLogWorker: created new log segment /home/runner/work/ozone/ozone/hadoop-ozone/integration-test/target/test-dir/MiniOzoneClusterImpl-8c58255f-3d22-4aeb-98f1-cae2738195f5/datanode-1/data/ratis/3d8c3573-b60c-4a90-9d5e-f209e3bf728f/current/log_inprogress_0
2023-05-08 09:36:03,129 [adad188d-dec8-49e0-8c63-aa4dd86be889@group-6BBA4484C94B-FollowerState] INFO  impl.FollowerState (FollowerState.java:run(143)) - adad188d-dec8-49e0-8c63-aa4dd86be889@group-6BBA4484C94B-FollowerState: change to CANDIDATE, lastRpcElapsedTime:5059407735ns, electionTimeout:5057ms
2023-05-08 09:36:03,129 [adad188d-dec8-49e0-8c63-aa4dd86be889@group-6BBA4484C94B-FollowerState] INFO  impl.RoleInfo (RoleInfo.java:shutdownFollowerState(110)) - adad188d-dec8-49e0-8c63-aa4dd86be889: shutdown adad188d-dec8-49e0-8c63-aa4dd86be889@group-6BBA4484C94B-FollowerState
2023-05-08 09:36:03,129 [adad188d-dec8-49e0-8c63-aa4dd86be889@group-6BBA4484C94B-FollowerState] INFO  server.RaftServer$Division (RaftServerImpl.java:setRole(321)) - adad188d-dec8-49e0-8c63-aa4dd86be889@group-6BBA4484C94B: changes role from  FOLLOWER to CANDIDATE at term 0 for changeToCandidate
2023-05-08 09:36:03,130 [adad188d-dec8-49e0-8c63-aa4dd86be889@group-6BBA4484C94B-FollowerState] INFO  server.RaftServerConfigKeys (ConfUtils.java:logGet(46)) - raft.server.leaderelection.pre-vote = true (default)
2023-05-08 09:36:03,130 [adad188d-dec8-49e0-8c63-aa4dd86be889@group-6BBA4484C94B-FollowerState] INFO  impl.RoleInfo (RoleInfo.java:updateAndGet(139)) - adad188d-dec8-49e0-8c63-aa4dd86be889: start adad188d-dec8-49e0-8c63-aa4dd86be889@group-6BBA4484C94B-LeaderElection40
2023-05-08 09:36:03,131 [adad188d-dec8-49e0-8c63-aa4dd86be889@group-6BBA4484C94B-LeaderElection40] INFO  impl.LeaderElection (LeaderElection.java:askForVotes(312)) - adad188d-dec8-49e0-8c63-aa4dd86be889@group-6BBA4484C94B-LeaderElection40 PRE_VOTE round 0: submit vote requests at term 0 for -1: peers:[adad188d-dec8-49e0-8c63-aa4dd86be889|rpc:10.1.0.160:45849|dataStream:10.1.0.160:37925|priority:1|startupRole:FOLLOWER, 7d225e59-d7fc-44c3-8933-4ad8325cd17e|rpc:10.1.0.160:35621|dataStream:10.1.0.160:36997|priority:0|startupRole:FOLLOWER, 4515e5b0-3b05-46e4-bb3b-126498a8ebe7|rpc:10.1.0.160:34219|dataStream:10.1.0.160:36629|priority:0|startupRole:FOLLOWER]|listeners:[], old=null
2023-05-08 09:36:03,132 [adad188d-dec8-49e0-8c63-aa4dd86be889@group-6BBA4484C94B-LeaderElection40-1] INFO  server.GrpcServerProtocolClient (GrpcServerProtocolClient.java:<init>(63)) - Build channel for 7d225e59-d7fc-44c3-8933-4ad8325cd17e
2023-05-08 09:36:03,137 [adad188d-dec8-49e0-8c63-aa4dd86be889@group-6BBA4484C94B-LeaderElection40] INFO  server.RaftServerConfigKeys (ConfUtils.java:logFallback(53)) - raft.server.rpc.first-election.timeout.min = 5s (fallback to raft.server.rpc.timeout.min)
2023-05-08 09:36:03,137 [adad188d-dec8-49e0-8c63-aa4dd86be889@group-6BBA4484C94B-LeaderElection40] INFO  server.RaftServerConfigKeys (ConfUtils.java:logFallback(53)) - raft.server.rpc.first-election.timeout.max = 5200ms (fallback to raft.server.rpc.timeout.max)
2023-05-08 09:36:03,138 [adad188d-dec8-49e0-8c63-aa4dd86be889@group-6BBA4484C94B-LeaderElection40-2] INFO  server.GrpcServerProtocolClient (GrpcServerProtocolClient.java:<init>(63)) - Build channel for 4515e5b0-3b05-46e4-bb3b-126498a8ebe7
2023-05-08 09:36:03,140 [grpc-default-executor-2] INFO  server.RaftServer$Division (RaftServerImpl.java:requestVote(1218)) - 7d225e59-d7fc-44c3-8933-4ad8325cd17e@group-6BBA4484C94B: receive requestVote(PRE_VOTE, adad188d-dec8-49e0-8c63-aa4dd86be889, group-6BBA4484C94B, 0, (t:0, i:0))
2023-05-08 09:36:03,141 [grpc-default-executor-2] INFO  impl.VoteContext (VoteContext.java:log(49)) - 7d225e59-d7fc-44c3-8933-4ad8325cd17e@group-6BBA4484C94B-FOLLOWER: accept PRE_VOTE from adad188d-dec8-49e0-8c63-aa4dd86be889: our priority 0 <= candidate's priority 1
2023-05-08 09:36:03,141 [grpc-default-executor-2] INFO  server.RaftServer$Division (RaftServerImpl.java:requestVote(1251)) - 7d225e59-d7fc-44c3-8933-4ad8325cd17e@group-6BBA4484C94B replies to PRE_VOTE vote request: adad188d-dec8-49e0-8c63-aa4dd86be889<-7d225e59-d7fc-44c3-8933-4ad8325cd17e#0:OK-t0. Peer's state: 7d225e59-d7fc-44c3-8933-4ad8325cd17e@group-6BBA4484C94B:t0, leader=null, voted=, raftlog=Memoized:7d225e59-d7fc-44c3-8933-4ad8325cd17e@group-6BBA4484C94B-SegmentedRaftLog:OPENED:c-1, conf=-1: peers:[adad188d-dec8-49e0-8c63-aa4dd86be889|rpc:10.1.0.160:45849|dataStream:10.1.0.160:37925|priority:1|startupRole:FOLLOWER, 7d225e59-d7fc-44c3-8933-4ad8325cd17e|rpc:10.1.0.160:35621|dataStream:10.1.0.160:36997|priority:0|startupRole:FOLLOWER, 4515e5b0-3b05-46e4-bb3b-126498a8ebe7|rpc:10.1.0.160:34219|dataStream:10.1.0.160:36629|priority:0|startupRole:FOLLOWER]|listeners:[], old=null
2023-05-08 09:36:03,147 [grpc-default-executor-0] INFO  server.RaftServer$Division (RaftServerImpl.java:requestVote(1218)) - 4515e5b0-3b05-46e4-bb3b-126498a8ebe7@group-6BBA4484C94B: receive requestVote(PRE_VOTE, adad188d-dec8-49e0-8c63-aa4dd86be889, group-6BBA4484C94B, 0, (t:0, i:0))
2023-05-08 09:36:03,147 [grpc-default-executor-0] INFO  impl.VoteContext (VoteContext.java:log(49)) - 4515e5b0-3b05-46e4-bb3b-126498a8ebe7@group-6BBA4484C94B-FOLLOWER: accept PRE_VOTE from adad188d-dec8-49e0-8c63-aa4dd86be889: our priority 0 <= candidate's priority 1
2023-05-08 09:36:03,148 [grpc-default-executor-0] INFO  server.RaftServer$Division (RaftServerImpl.java:requestVote(1251)) - 4515e5b0-3b05-46e4-bb3b-126498a8ebe7@group-6BBA4484C94B replies to PRE_VOTE vote request: adad188d-dec8-49e0-8c63-aa4dd86be889<-4515e5b0-3b05-46e4-bb3b-126498a8ebe7#0:OK-t0. Peer's state: 4515e5b0-3b05-46e4-bb3b-126498a8ebe7@group-6BBA4484C94B:t0, leader=null, voted=, raftlog=Memoized:4515e5b0-3b05-46e4-bb3b-126498a8ebe7@group-6BBA4484C94B-SegmentedRaftLog:OPENED:c-1, conf=-1: peers:[adad188d-dec8-49e0-8c63-aa4dd86be889|rpc:10.1.0.160:45849|dataStream:10.1.0.160:37925|priority:1|startupRole:FOLLOWER, 7d225e59-d7fc-44c3-8933-4ad8325cd17e|rpc:10.1.0.160:35621|dataStream:10.1.0.160:36997|priority:0|startupRole:FOLLOWER, 4515e5b0-3b05-46e4-bb3b-126498a8ebe7|rpc:10.1.0.160:34219|dataStream:10.1.0.160:36629|priority:0|startupRole:FOLLOWER]|listeners:[], old=null
2023-05-08 09:36:03,149 [adad188d-dec8-49e0-8c63-aa4dd86be889@group-6BBA4484C94B-LeaderElection40] INFO  impl.LeaderElection (LeaderElection.java:logAndReturn(90)) - adad188d-dec8-49e0-8c63-aa4dd86be889@group-6BBA4484C94B-LeaderElection40: PRE_VOTE PASSED received 1 response(s) and 0 exception(s):
2023-05-08 09:36:03,149 [adad188d-dec8-49e0-8c63-aa4dd86be889@group-6BBA4484C94B-LeaderElection40] INFO  impl.LeaderElection (LeaderElection.java:logAndReturn(94)) -   Response 0: adad188d-dec8-49e0-8c63-aa4dd86be889<-4515e5b0-3b05-46e4-bb3b-126498a8ebe7#0:OK-t0
2023-05-08 09:36:03,149 [adad188d-dec8-49e0-8c63-aa4dd86be889@group-6BBA4484C94B-LeaderElection40] INFO  impl.LeaderElection (LeaderElection.java:askForVotes(314)) - adad188d-dec8-49e0-8c63-aa4dd86be889@group-6BBA4484C94B-LeaderElection40 PRE_VOTE round 0: result PASSED
2023-05-08 09:36:03,151 [adad188d-dec8-49e0-8c63-aa4dd86be889@group-6BBA4484C94B-LeaderElection40] INFO  impl.LeaderElection (LeaderElection.java:askForVotes(312)) - adad188d-dec8-49e0-8c63-aa4dd86be889@group-6BBA4484C94B-LeaderElection40 ELECTION round 0: submit vote requests at term 1 for -1: peers:[adad188d-dec8-49e0-8c63-aa4dd86be889|rpc:10.1.0.160:45849|dataStream:10.1.0.160:37925|priority:1|startupRole:FOLLOWER, 7d225e59-d7fc-44c3-8933-4ad8325cd17e|rpc:10.1.0.160:35621|dataStream:10.1.0.160:36997|priority:0|startupRole:FOLLOWER, 4515e5b0-3b05-46e4-bb3b-126498a8ebe7|rpc:10.1.0.160:34219|dataStream:10.1.0.160:36629|priority:0|startupRole:FOLLOWER]|listeners:[], old=null
2023-05-08 09:36:03,156 [grpc-default-executor-0] INFO  server.RaftServer$Division (RaftServerImpl.java:requestVote(1218)) - 7d225e59-d7fc-44c3-8933-4ad8325cd17e@group-6BBA4484C94B: receive requestVote(ELECTION, adad188d-dec8-49e0-8c63-aa4dd86be889, group-6BBA4484C94B, 1, (t:0, i:0))
2023-05-08 09:36:03,157 [adad188d-dec8-49e0-8c63-aa4dd86be889@group-6BBA4484C94B-LeaderElection40] INFO  server.RaftServerConfigKeys (ConfUtils.java:logFallback(53)) - raft.server.rpc.first-election.timeout.min = 5s (fallback to raft.server.rpc.timeout.min)
2023-05-08 09:36:03,157 [adad188d-dec8-49e0-8c63-aa4dd86be889@group-6BBA4484C94B-LeaderElection40] INFO  server.RaftServerConfigKeys (ConfUtils.java:logFallback(53)) - raft.server.rpc.first-election.timeout.max = 5200ms (fallback to raft.server.rpc.timeout.max)
2023-05-08 09:36:03,161 [grpc-default-executor-0] INFO  impl.VoteContext (VoteContext.java:log(49)) - 7d225e59-d7fc-44c3-8933-4ad8325cd17e@group-6BBA4484C94B-FOLLOWER: accept ELECTION from adad188d-dec8-49e0-8c63-aa4dd86be889: our priority 0 <= candidate's priority 1
2023-05-08 09:36:03,161 [grpc-default-executor-0] INFO  server.RaftServer$Division (RaftServerImpl.java:setRole(321)) - 7d225e59-d7fc-44c3-8933-4ad8325cd17e@group-6BBA4484C94B: changes role from  FOLLOWER to FOLLOWER at term 1 for candidate:adad188d-dec8-49e0-8c63-aa4dd86be889
2023-05-08 09:36:03,161 [grpc-default-executor-0] INFO  impl.RoleInfo (RoleInfo.java:shutdownFollowerState(110)) - 7d225e59-d7fc-44c3-8933-4ad8325cd17e: shutdown 7d225e59-d7fc-44c3-8933-4ad8325cd17e@group-6BBA4484C94B-FollowerState
2023-05-08 09:36:03,161 [grpc-default-executor-0] INFO  impl.RoleInfo (RoleInfo.java:updateAndGet(139)) - 7d225e59-d7fc-44c3-8933-4ad8325cd17e: start 7d225e59-d7fc-44c3-8933-4ad8325cd17e@group-6BBA4484C94B-FollowerState
2023-05-08 09:36:03,161 [7d225e59-d7fc-44c3-8933-4ad8325cd17e@group-6BBA4484C94B-FollowerState] INFO  impl.FollowerState (FollowerState.java:run(152)) - 7d225e59-d7fc-44c3-8933-4ad8325cd17e@group-6BBA4484C94B-FollowerState was interrupted
2023-05-08 09:36:03,161 [7d225e59-d7fc-44c3-8933-4ad8325cd17e@group-6BBA4484C94B-FollowerState] INFO  server.RaftServerConfigKeys (ConfUtils.java:logFallback(53)) - raft.server.rpc.first-election.timeout.min = 5s (fallback to raft.server.rpc.timeout.min)
2023-05-08 09:36:03,161 [7d225e59-d7fc-44c3-8933-4ad8325cd17e@group-6BBA4484C94B-FollowerState] INFO  server.RaftServerConfigKeys (ConfUtils.java:logFallback(53)) - raft.server.rpc.first-election.timeout.max = 5200ms (fallback to raft.server.rpc.timeout.max)
2023-05-08 09:36:03,163 [grpc-default-executor-0] INFO  server.RaftServer$Division (RaftServerImpl.java:requestVote(1251)) - 7d225e59-d7fc-44c3-8933-4ad8325cd17e@group-6BBA4484C94B replies to ELECTION vote request: adad188d-dec8-49e0-8c63-aa4dd86be889<-7d225e59-d7fc-44c3-8933-4ad8325cd17e#0:OK-t1. Peer's state: 7d225e59-d7fc-44c3-8933-4ad8325cd17e@group-6BBA4484C94B:t1, leader=null, voted=adad188d-dec8-49e0-8c63-aa4dd86be889, raftlog=Memoized:7d225e59-d7fc-44c3-8933-4ad8325cd17e@group-6BBA4484C94B-SegmentedRaftLog:OPENED:c-1, conf=-1: peers:[adad188d-dec8-49e0-8c63-aa4dd86be889|rpc:10.1.0.160:45849|dataStream:10.1.0.160:37925|priority:1|startupRole:FOLLOWER, 7d225e59-d7fc-44c3-8933-4ad8325cd17e|rpc:10.1.0.160:35621|dataStream:10.1.0.160:36997|priority:0|startupRole:FOLLOWER, 4515e5b0-3b05-46e4-bb3b-126498a8ebe7|rpc:10.1.0.160:34219|dataStream:10.1.0.160:36629|priority:0|startupRole:FOLLOWER]|listeners:[], old=null
2023-05-08 09:36:03,164 [adad188d-dec8-49e0-8c63-aa4dd86be889@group-6BBA4484C94B-LeaderElection40] INFO  impl.LeaderElection (LeaderElection.java:logAndReturn(90)) - adad188d-dec8-49e0-8c63-aa4dd86be889@group-6BBA4484C94B-LeaderElection40: ELECTION PASSED received 1 response(s) and 0 exception(s):
2023-05-08 09:36:03,164 [adad188d-dec8-49e0-8c63-aa4dd86be889@group-6BBA4484C94B-LeaderElection40] INFO  impl.LeaderElection (LeaderElection.java:logAndReturn(94)) -   Response 0: adad188d-dec8-49e0-8c63-aa4dd86be889<-7d225e59-d7fc-44c3-8933-4ad8325cd17e#0:OK-t1
2023-05-08 09:36:03,164 [adad188d-dec8-49e0-8c63-aa4dd86be889@group-6BBA4484C94B-LeaderElection40] INFO  impl.LeaderElection (LeaderElection.java:askForVotes(314)) - adad188d-dec8-49e0-8c63-aa4dd86be889@group-6BBA4484C94B-LeaderElection40 ELECTION round 0: result PASSED
2023-05-08 09:36:03,164 [adad188d-dec8-49e0-8c63-aa4dd86be889@group-6BBA4484C94B-LeaderElection40] INFO  impl.RoleInfo (RoleInfo.java:shutdownLeaderElection(130)) - adad188d-dec8-49e0-8c63-aa4dd86be889: shutdown adad188d-dec8-49e0-8c63-aa4dd86be889@group-6BBA4484C94B-LeaderElection40
2023-05-08 09:36:03,164 [adad188d-dec8-49e0-8c63-aa4dd86be889@group-6BBA4484C94B-LeaderElection40] INFO  server.RaftServer$Division (RaftServerImpl.java:setRole(321)) - adad188d-dec8-49e0-8c63-aa4dd86be889@group-6BBA4484C94B: changes role from CANDIDATE to LEADER at term 1 for changeToLeader
2023-05-08 09:36:03,164 [adad188d-dec8-49e0-8c63-aa4dd86be889@group-6BBA4484C94B-LeaderElection40] INFO  ratis.XceiverServerRatis (XceiverServerRatis.java:handleLeaderChangedNotification(904)) - Leader change notification received for group: group-6BBA4484C94B with new leaderId: adad188d-dec8-49e0-8c63-aa4dd86be889
2023-05-08 09:36:03,164 [adad188d-dec8-49e0-8c63-aa4dd86be889@group-6BBA4484C94B-LeaderElection40] INFO  server.RaftServer$Division (ServerState.java:setLeader(313)) - adad188d-dec8-49e0-8c63-aa4dd86be889@group-6BBA4484C94B: change Leader from null to adad188d-dec8-49e0-8c63-aa4dd86be889 at term 1 for becomeLeader, leader elected after 5106ms
2023-05-08 09:36:03,165 [adad188d-dec8-49e0-8c63-aa4dd86be889@group-6BBA4484C94B-LeaderElection40] INFO  server.RaftServerConfigKeys (ConfUtils.java:logGet(46)) - raft.server.staging.catchup.gap = 1000 (default)
2023-05-08 09:36:03,165 [adad188d-dec8-49e0-8c63-aa4dd86be889@group-6BBA4484C94B-LeaderElection40] INFO  server.RaftServerConfigKeys (ConfUtils.java:logGet(46)) - raft.server.write.element-limit = 1024 (custom)
2023-05-08 09:36:03,165 [adad188d-dec8-49e0-8c63-aa4dd86be889@group-6BBA4484C94B-LeaderElection40] INFO  server.RaftServerConfigKeys (ConfUtils.java:logGet(46)) - raft.server.write.byte-limit = 1024 M (=1073741824) (custom)
2023-05-08 09:36:03,165 [adad188d-dec8-49e0-8c63-aa4dd86be889@group-6BBA4484C94B-LeaderElection40] INFO  server.RaftServerConfigKeys (ConfUtils.java:logGet(46)) - raft.server.watch.timeout = 180s (custom)
2023-05-08 09:36:03,165 [adad188d-dec8-49e0-8c63-aa4dd86be889@group-6BBA4484C94B-LeaderElection40] INFO  server.RaftServerConfigKeys (ConfUtils.java:logGet(46)) - raft.server.watch.timeout.denomination = 1s (default)
2023-05-08 09:36:03,165 [adad188d-dec8-49e0-8c63-aa4dd86be889@group-6BBA4484C94B-LeaderElection40] INFO  server.RaftServerConfigKeys (ConfUtils.java:logGet(46)) - raft.server.watch.element-limit = 65536 (default)
2023-05-08 09:36:03,165 [adad188d-dec8-49e0-8c63-aa4dd86be889@group-6BBA4484C94B-LeaderElection40] INFO  server.RaftServerConfigKeys (ConfUtils.java:logGet(46)) - raft.server.write.element-limit = 1024 (custom)
2023-05-08 09:36:03,165 [adad188d-dec8-49e0-8c63-aa4dd86be889@group-6BBA4484C94B-LeaderElection40] INFO  server.RaftServerConfigKeys (ConfUtils.java:logGet(46)) - raft.server.write.follower.gap.ratio.max = -1.0 (default)
2023-05-08 09:36:03,165 [4515e5b0-3b05-46e4-bb3b-126498a8ebe7@group-6BBA4484C94B-FollowerState] INFO  server.RaftServerConfigKeys (ConfUtils.java:logFallback(53)) - raft.server.rpc.first-election.timeout.min = 5s (fallback to raft.server.rpc.timeout.min)
2023-05-08 09:36:03,166 [4515e5b0-3b05-46e4-bb3b-126498a8ebe7@group-6BBA4484C94B-FollowerState] INFO  server.RaftServerConfigKeys (ConfUtils.java:logFallback(53)) - raft.server.rpc.first-election.timeout.max = 5200ms (fallback to raft.server.rpc.timeout.max)
2023-05-08 09:36:03,166 [adad188d-dec8-49e0-8c63-aa4dd86be889@group-6BBA4484C94B-LeaderElection40] INFO  server.RaftServerConfigKeys (ConfUtils.java:logGet(46)) - raft.server.log.appender.snapshot.chunk.size.max = 16MB (=16777216) (default)
2023-05-08 09:36:03,166 [adad188d-dec8-49e0-8c63-aa4dd86be889@group-6BBA4484C94B-LeaderElection40] INFO  server.RaftServerConfigKeys (ConfUtils.java:logGet(46)) - raft.server.log.appender.buffer.byte-limit = 33554432 (custom)
2023-05-08 09:36:03,166 [adad188d-dec8-49e0-8c63-aa4dd86be889@group-6BBA4484C94B-LeaderElection40] INFO  server.RaftServerConfigKeys (ConfUtils.java:logGet(46)) - raft.server.log.appender.buffer.element-limit = 1 (custom)
2023-05-08 09:36:03,166 [adad188d-dec8-49e0-8c63-aa4dd86be889@group-6BBA4484C94B-LeaderElection40] INFO  grpc.GrpcConfigKeys (ConfUtils.java:logGet(46)) - raft.grpc.server.leader.outstanding.appends.max = 128 (default)
2023-05-08 09:36:03,166 [adad188d-dec8-49e0-8c63-aa4dd86be889@group-6BBA4484C94B-LeaderElection40] INFO  server.RaftServerConfigKeys (ConfUtils.java:logGet(46)) - raft.server.rpc.request.timeout = 60s (custom)
2023-05-08 09:36:03,166 [adad188d-dec8-49e0-8c63-aa4dd86be889@group-6BBA4484C94B-LeaderElection40] INFO  server.RaftServerConfigKeys (ConfUtils.java:logGet(46)) - raft.server.log.appender.install.snapshot.enabled = false (custom)
2023-05-08 09:36:03,166 [adad188d-dec8-49e0-8c63-aa4dd86be889@group-6BBA4484C94B-LeaderElection40] INFO  grpc.GrpcConfigKeys (ConfUtils.java:logGet(46)) - raft.grpc.server.heartbeat.channel = true (default)
2023-05-08 09:36:03,166 [adad188d-dec8-49e0-8c63-aa4dd86be889@group-6BBA4484C94B-LeaderElection40] INFO  server.RaftServerConfigKeys (ConfUtils.java:logGet(46)) - raft.server.log.appender.wait-time.min = 10ms (default)
2023-05-08 09:36:03,166 [grpc-default-executor-0] INFO  server.RaftServer$Division (RaftServerImpl.java:requestVote(1218)) - 4515e5b0-3b05-46e4-bb3b-126498a8ebe7@group-6BBA4484C94B: receive requestVote(ELECTION, adad188d-dec8-49e0-8c63-aa4dd86be889, group-6BBA4484C94B, 1, (t:0, i:0))
2023-05-08 09:36:03,166 [grpc-default-executor-0] INFO  impl.VoteContext (VoteContext.java:log(49)) - 4515e5b0-3b05-46e4-bb3b-126498a8ebe7@group-6BBA4484C94B-FOLLOWER: accept ELECTION from adad188d-dec8-49e0-8c63-aa4dd86be889: our priority 0 <= candidate's priority 1
2023-05-08 09:36:03,166 [grpc-default-executor-0] INFO  server.RaftServer$Division (RaftServerImpl.java:setRole(321)) - 4515e5b0-3b05-46e4-bb3b-126498a8ebe7@group-6BBA4484C94B: changes role from  FOLLOWER to FOLLOWER at term 1 for candidate:adad188d-dec8-49e0-8c63-aa4dd86be889
2023-05-08 09:36:03,166 [grpc-default-executor-0] INFO  impl.RoleInfo (RoleInfo.java:shutdownFollowerState(110)) - 4515e5b0-3b05-46e4-bb3b-126498a8ebe7: shutdown 4515e5b0-3b05-46e4-bb3b-126498a8ebe7@group-6BBA4484C94B-FollowerState
2023-05-08 09:36:03,166 [grpc-default-executor-0] INFO  impl.RoleInfo (RoleInfo.java:updateAndGet(139)) - 4515e5b0-3b05-46e4-bb3b-126498a8ebe7: start 4515e5b0-3b05-46e4-bb3b-126498a8ebe7@group-6BBA4484C94B-FollowerState
2023-05-08 09:36:03,166 [adad188d-dec8-49e0-8c63-aa4dd86be889@group-6BBA4484C94B-LeaderElection40] INFO  server.RaftServerConfigKeys (ConfUtils.java:logGet(46)) - raft.server.log.appender.snapshot.chunk.size.max = 16MB (=16777216) (default)
2023-05-08 09:36:03,166 [4515e5b0-3b05-46e4-bb3b-126498a8ebe7@group-6BBA4484C94B-FollowerState] INFO  impl.FollowerState (FollowerState.java:run(152)) - 4515e5b0-3b05-46e4-bb3b-126498a8ebe7@group-6BBA4484C94B-FollowerState was interrupted
2023-05-08 09:36:03,167 [EventQueue-PipelineReportForPipelineReportHandler] INFO  pipeline.PipelineManagerImpl (PipelineManagerImpl.java:openPipeline(367)) - Pipeline Pipeline[ Id: 4ba760ce-735a-4ae5-8528-6bba4484c94b, Nodes: 4515e5b0-3b05-46e4-bb3b-126498a8ebe7(fv-az96-539/10.1.0.160)7d225e59-d7fc-44c3-8933-4ad8325cd17e(fv-az96-539/10.1.0.160)adad188d-dec8-49e0-8c63-aa4dd86be889(fv-az96-539/10.1.0.160), ReplicationConfig: RATIS/THREE, State:ALLOCATED, leaderId:adad188d-dec8-49e0-8c63-aa4dd86be889, CreationTimestamp2023-05-08T09:35:55.581Z[Etc/UTC]] moved to OPEN state
2023-05-08 09:36:03,167 [4515e5b0-3b05-46e4-bb3b-126498a8ebe7@group-6BBA4484C94B-FollowerState] INFO  server.RaftServerConfigKeys (ConfUtils.java:logFallback(53)) - raft.server.rpc.first-election.timeout.min = 5s (fallback to raft.server.rpc.timeout.min)
2023-05-08 09:36:03,167 [4515e5b0-3b05-46e4-bb3b-126498a8ebe7@group-6BBA4484C94B-FollowerState] INFO  server.RaftServerConfigKeys (ConfUtils.java:logFallback(53)) - raft.server.rpc.first-election.timeout.max = 5200ms (fallback to raft.server.rpc.timeout.max)
2023-05-08 09:36:03,166 [adad188d-dec8-49e0-8c63-aa4dd86be889@group-6BBA4484C94B-LeaderElection40] INFO  server.RaftServerConfigKeys (ConfUtils.java:logGet(46)) - raft.server.log.appender.buffer.byte-limit = 33554432 (custom)
2023-05-08 09:36:03,168 [adad188d-dec8-49e0-8c63-aa4dd86be889@group-6BBA4484C94B-LeaderElection40] INFO  server.RaftServerConfigKeys (ConfUtils.java:logGet(46)) - raft.server.log.appender.buffer.element-limit = 1 (custom)
2023-05-08 09:36:03,168 [adad188d-dec8-49e0-8c63-aa4dd86be889@group-6BBA4484C94B-LeaderElection40] INFO  grpc.GrpcConfigKeys (ConfUtils.java:logGet(46)) - raft.grpc.server.leader.outstanding.appends.max = 128 (default)
2023-05-08 09:36:03,168 [adad188d-dec8-49e0-8c63-aa4dd86be889@group-6BBA4484C94B-LeaderElection40] INFO  server.RaftServerConfigKeys (ConfUtils.java:logGet(46)) - raft.server.rpc.request.timeout = 60s (custom)
2023-05-08 09:36:03,168 [adad188d-dec8-49e0-8c63-aa4dd86be889@group-6BBA4484C94B-LeaderElection40] INFO  server.RaftServerConfigKeys (ConfUtils.java:logGet(46)) - raft.server.log.appender.install.snapshot.enabled = false (custom)
2023-05-08 09:36:03,168 [adad188d-dec8-49e0-8c63-aa4dd86be889@group-6BBA4484C94B-LeaderElection40] INFO  grpc.GrpcConfigKeys (ConfUtils.java:logGet(46)) - raft.grpc.server.heartbeat.channel = true (default)
2023-05-08 09:36:03,168 [adad188d-dec8-49e0-8c63-aa4dd86be889@group-6BBA4484C94B-LeaderElection40] INFO  server.RaftServerConfigKeys (ConfUtils.java:logGet(46)) - raft.server.log.appender.wait-time.min = 10ms (default)
2023-05-08 09:36:03,168 [grpc-default-executor-0] INFO  server.RaftServer$Division (RaftServerImpl.java:requestVote(1251)) - 4515e5b0-3b05-46e4-bb3b-126498a8ebe7@group-6BBA4484C94B replies to ELECTION vote request: adad188d-dec8-49e0-8c63-aa4dd86be889<-4515e5b0-3b05-46e4-bb3b-126498a8ebe7#0:OK-t1. Peer's state: 4515e5b0-3b05-46e4-bb3b-126498a8ebe7@group-6BBA4484C94B:t1, leader=null, voted=adad188d-dec8-49e0-8c63-aa4dd86be889, raftlog=Memoized:4515e5b0-3b05-46e4-bb3b-126498a8ebe7@group-6BBA4484C94B-SegmentedRaftLog:OPENED:c-1, conf=-1: peers:[adad188d-dec8-49e0-8c63-aa4dd86be889|rpc:10.1.0.160:45849|dataStream:10.1.0.160:37925|priority:1|startupRole:FOLLOWER, 7d225e59-d7fc-44c3-8933-4ad8325cd17e|rpc:10.1.0.160:35621|dataStream:10.1.0.160:36997|priority:0|startupRole:FOLLOWER, 4515e5b0-3b05-46e4-bb3b-126498a8ebe7|rpc:10.1.0.160:34219|dataStream:10.1.0.160:36629|priority:0|startupRole:FOLLOWER]|listeners:[], old=null
2023-05-08 09:36:03,168 [adad188d-dec8-49e0-8c63-aa4dd86be889@group-6BBA4484C94B-LeaderElection40] INFO  impl.RoleInfo (RoleInfo.java:updateAndGet(139)) - adad188d-dec8-49e0-8c63-aa4dd86be889: start adad188d-dec8-49e0-8c63-aa4dd86be889@group-6BBA4484C94B-LeaderStateImpl
2023-05-08 09:36:03,168 [adad188d-dec8-49e0-8c63-aa4dd86be889@group-6BBA4484C94B-LeaderElection40] INFO  segmented.SegmentedRaftLogWorker (SegmentedRaftLogWorker.java:startLogSegment(452)) - adad188d-dec8-49e0-8c63-aa4dd86be889@group-6BBA4484C94B-SegmentedRaftLogWorker: Starting segment from index:0
2023-05-08 09:36:03,170 [adad188d-dec8-49e0-8c63-aa4dd86be889@group-6BBA4484C94B-SegmentedRaftLogWorker] INFO  segmented.SegmentedRaftLogWorker (SegmentedRaftLogWorker.java:execute(656)) - adad188d-dec8-49e0-8c63-aa4dd86be889@group-6BBA4484C94B-SegmentedRaftLogWorker: created new log segment /home/runner/work/ozone/ozone/hadoop-ozone/integration-test/target/test-dir/MiniOzoneClusterImpl-8c58255f-3d22-4aeb-98f1-cae2738195f5/datanode-0/data/ratis/4ba760ce-735a-4ae5-8528-6bba4484c94b/current/log_inprogress_0
2023-05-08 09:36:03,173 [adad188d-dec8-49e0-8c63-aa4dd86be889@group-6BBA4484C94B-LeaderElection40] INFO  server.RaftServer$Division (ServerState.java:setRaftConf(430)) - adad188d-dec8-49e0-8c63-aa4dd86be889@group-6BBA4484C94B: set configuration 0: peers:[adad188d-dec8-49e0-8c63-aa4dd86be889|rpc:10.1.0.160:45849|dataStream:10.1.0.160:37925|priority:1|startupRole:FOLLOWER, 7d225e59-d7fc-44c3-8933-4ad8325cd17e|rpc:10.1.0.160:35621|dataStream:10.1.0.160:36997|priority:0|startupRole:FOLLOWER, 4515e5b0-3b05-46e4-bb3b-126498a8ebe7|rpc:10.1.0.160:34219|dataStream:10.1.0.160:36629|priority:0|startupRole:FOLLOWER]|listeners:[], old=null
2023-05-08 09:36:03,180 [4515e5b0-3b05-46e4-bb3b-126498a8ebe7-server-thread1] INFO  ratis.XceiverServerRatis (XceiverServerRatis.java:handleLeaderChangedNotification(904)) - Leader change notification received for group: group-6BBA4484C94B with new leaderId: adad188d-dec8-49e0-8c63-aa4dd86be889
2023-05-08 09:36:03,181 [4515e5b0-3b05-46e4-bb3b-126498a8ebe7-server-thread1] INFO  server.RaftServer$Division (ServerState.java:setLeader(313)) - 4515e5b0-3b05-46e4-bb3b-126498a8ebe7@group-6BBA4484C94B: change Leader from null to adad188d-dec8-49e0-8c63-aa4dd86be889 at term 1 for appendEntries, leader elected after 5093ms
2023-05-08 09:36:03,183 [7d225e59-d7fc-44c3-8933-4ad8325cd17e-server-thread1] INFO  ratis.XceiverServerRatis (XceiverServerRatis.java:handleLeaderChangedNotification(904)) - Leader change notification received for group: group-6BBA4484C94B with new leaderId: adad188d-dec8-49e0-8c63-aa4dd86be889
2023-05-08 09:36:03,184 [7d225e59-d7fc-44c3-8933-4ad8325cd17e-server-thread1] INFO  server.RaftServer$Division (ServerState.java:setLeader(313)) - 7d225e59-d7fc-44c3-8933-4ad8325cd17e@group-6BBA4484C94B: change Leader from null to adad188d-dec8-49e0-8c63-aa4dd86be889 at term 1 for appendEntries, leader elected after 5047ms
2023-05-08 09:36:03,186 [7d225e59-d7fc-44c3-8933-4ad8325cd17e-server-thread1] INFO  server.RaftServer$Division (ServerState.java:setRaftConf(430)) - 7d225e59-d7fc-44c3-8933-4ad8325cd17e@group-6BBA4484C94B: set configuration 0: peers:[adad188d-dec8-49e0-8c63-aa4dd86be889|rpc:10.1.0.160:45849|dataStream:10.1.0.160:37925|priority:1|startupRole:FOLLOWER, 7d225e59-d7fc-44c3-8933-4ad8325cd17e|rpc:10.1.0.160:35621|dataStream:10.1.0.160:36997|priority:0|startupRole:FOLLOWER, 4515e5b0-3b05-46e4-bb3b-126498a8ebe7|rpc:10.1.0.160:34219|dataStream:10.1.0.160:36629|priority:0|startupRole:FOLLOWER]|listeners:[], old=null
2023-05-08 09:36:03,187 [7d225e59-d7fc-44c3-8933-4ad8325cd17e-server-thread1] INFO  segmented.SegmentedRaftLogWorker (SegmentedRaftLogWorker.java:startLogSegment(452)) - 7d225e59-d7fc-44c3-8933-4ad8325cd17e@group-6BBA4484C94B-SegmentedRaftLogWorker: Starting segment from index:0
2023-05-08 09:36:03,189 [7d225e59-d7fc-44c3-8933-4ad8325cd17e@group-6BBA4484C94B-SegmentedRaftLogWorker] INFO  segmented.SegmentedRaftLogWorker (SegmentedRaftLogWorker.java:execute(656)) - 7d225e59-d7fc-44c3-8933-4ad8325cd17e@group-6BBA4484C94B-SegmentedRaftLogWorker: created new log segment /home/runner/work/ozone/ozone/hadoop-ozone/integration-test/target/test-dir/MiniOzoneClusterImpl-8c58255f-3d22-4aeb-98f1-cae2738195f5/datanode-1/data/ratis/4ba760ce-735a-4ae5-8528-6bba4484c94b/current/log_inprogress_0
2023-05-08 09:36:03,189 [4515e5b0-3b05-46e4-bb3b-126498a8ebe7-server-thread2] INFO  server.RaftServer$Division (ServerState.java:setRaftConf(430)) - 4515e5b0-3b05-46e4-bb3b-126498a8ebe7@group-6BBA4484C94B: set configuration 0: peers:[adad188d-dec8-49e0-8c63-aa4dd86be889|rpc:10.1.0.160:45849|dataStream:10.1.0.160:37925|priority:1|startupRole:FOLLOWER, 7d225e59-d7fc-44c3-8933-4ad8325cd17e|rpc:10.1.0.160:35621|dataStream:10.1.0.160:36997|priority:0|startupRole:FOLLOWER, 4515e5b0-3b05-46e4-bb3b-126498a8ebe7|rpc:10.1.0.160:34219|dataStream:10.1.0.160:36629|priority:0|startupRole:FOLLOWER]|listeners:[], old=null
2023-05-08 09:36:03,191 [4515e5b0-3b05-46e4-bb3b-126498a8ebe7-server-thread2] INFO  segmented.SegmentedRaftLogWorker (SegmentedRaftLogWorker.java:startLogSegment(452)) - 4515e5b0-3b05-46e4-bb3b-126498a8ebe7@group-6BBA4484C94B-SegmentedRaftLogWorker: Starting segment from index:0
2023-05-08 09:36:03,192 [4515e5b0-3b05-46e4-bb3b-126498a8ebe7@group-6BBA4484C94B-SegmentedRaftLogWorker] INFO  segmented.SegmentedRaftLogWorker (SegmentedRaftLogWorker.java:execute(656)) - 4515e5b0-3b05-46e4-bb3b-126498a8ebe7@group-6BBA4484C94B-SegmentedRaftLogWorker: created new log segment /home/runner/work/ozone/ozone/hadoop-ozone/integration-test/target/test-dir/MiniOzoneClusterImpl-8c58255f-3d22-4aeb-98f1-cae2738195f5/datanode-2/data/ratis/4ba760ce-735a-4ae5-8528-6bba4484c94b/current/log_inprogress_0
2023-05-08 09:36:03,389 [7d225e59-d7fc-44c3-8933-4ad8325cd17e@group-2661F54B6AE5-FollowerState] INFO  impl.FollowerState (FollowerState.java:run(143)) - 7d225e59-d7fc-44c3-8933-4ad8325cd17e@group-2661F54B6AE5-FollowerState: change to CANDIDATE, lastRpcElapsedTime:5113589282ns, electionTimeout:5113ms
2023-05-08 09:36:03,389 [7d225e59-d7fc-44c3-8933-4ad8325cd17e@group-2661F54B6AE5-FollowerState] INFO  impl.RoleInfo (RoleInfo.java:shutdownFollowerState(110)) - 7d225e59-d7fc-44c3-8933-4ad8325cd17e: shutdown 7d225e59-d7fc-44c3-8933-4ad8325cd17e@group-2661F54B6AE5-FollowerState
2023-05-08 09:36:03,389 [7d225e59-d7fc-44c3-8933-4ad8325cd17e@group-2661F54B6AE5-FollowerState] INFO  server.RaftServer$Division (RaftServerImpl.java:setRole(321)) - 7d225e59-d7fc-44c3-8933-4ad8325cd17e@group-2661F54B6AE5: changes role from  FOLLOWER to CANDIDATE at term 0 for changeToCandidate
2023-05-08 09:36:03,389 [7d225e59-d7fc-44c3-8933-4ad8325cd17e@group-2661F54B6AE5-FollowerState] INFO  server.RaftServerConfigKeys (ConfUtils.java:logGet(46)) - raft.server.leaderelection.pre-vote = true (default)
2023-05-08 09:36:03,390 [7d225e59-d7fc-44c3-8933-4ad8325cd17e@group-2661F54B6AE5-FollowerState] INFO  impl.RoleInfo (RoleInfo.java:updateAndGet(139)) - 7d225e59-d7fc-44c3-8933-4ad8325cd17e: start 7d225e59-d7fc-44c3-8933-4ad8325cd17e@group-2661F54B6AE5-LeaderElection41
2023-05-08 09:36:03,391 [7d225e59-d7fc-44c3-8933-4ad8325cd17e@group-2661F54B6AE5-LeaderElection41] INFO  impl.LeaderElection (LeaderElection.java:askForVotes(312)) - 7d225e59-d7fc-44c3-8933-4ad8325cd17e@group-2661F54B6AE5-LeaderElection41 PRE_VOTE round 0: submit vote requests at term 0 for -1: peers:[7d225e59-d7fc-44c3-8933-4ad8325cd17e|rpc:10.1.0.160:35621|dataStream:10.1.0.160:36997|priority:1|startupRole:FOLLOWER]|listeners:[], old=null
2023-05-08 09:36:03,391 [7d225e59-d7fc-44c3-8933-4ad8325cd17e@group-2661F54B6AE5-LeaderElection41] INFO  impl.LeaderElection (LeaderElection.java:askForVotes(314)) - 7d225e59-d7fc-44c3-8933-4ad8325cd17e@group-2661F54B6AE5-LeaderElection41 PRE_VOTE round 0: result PASSED (term=0)
2023-05-08 09:36:03,393 [7d225e59-d7fc-44c3-8933-4ad8325cd17e@group-2661F54B6AE5-LeaderElection41] INFO  impl.LeaderElection (LeaderElection.java:askForVotes(312)) - 7d225e59-d7fc-44c3-8933-4ad8325cd17e@group-2661F54B6AE5-LeaderElection41 ELECTION round 0: submit vote requests at term 1 for -1: peers:[7d225e59-d7fc-44c3-8933-4ad8325cd17e|rpc:10.1.0.160:35621|dataStream:10.1.0.160:36997|priority:1|startupRole:FOLLOWER]|listeners:[], old=null
2023-05-08 09:36:03,393 [7d225e59-d7fc-44c3-8933-4ad8325cd17e@group-2661F54B6AE5-LeaderElection41] INFO  impl.LeaderElection (LeaderElection.java:askForVotes(314)) - 7d225e59-d7fc-44c3-8933-4ad8325cd17e@group-2661F54B6AE5-LeaderElection41 ELECTION round 0: result PASSED (term=1)
2023-05-08 09:36:03,393 [7d225e59-d7fc-44c3-8933-4ad8325cd17e@group-2661F54B6AE5-LeaderElection41] INFO  impl.RoleInfo (RoleInfo.java:shutdownLeaderElection(130)) - 7d225e59-d7fc-44c3-8933-4ad8325cd17e: shutdown 7d225e59-d7fc-44c3-8933-4ad8325cd17e@group-2661F54B6AE5-LeaderElection41
2023-05-08 09:36:03,393 [7d225e59-d7fc-44c3-8933-4ad8325cd17e@group-2661F54B6AE5-LeaderElection41] INFO  server.RaftServer$Division (RaftServerImpl.java:setRole(321)) - 7d225e59-d7fc-44c3-8933-4ad8325cd17e@group-2661F54B6AE5: changes role from CANDIDATE to LEADER at term 1 for changeToLeader
2023-05-08 09:36:03,393 [7d225e59-d7fc-44c3-8933-4ad8325cd17e@group-2661F54B6AE5-LeaderElection41] INFO  ratis.XceiverServerRatis (XceiverServerRatis.java:handleLeaderChangedNotification(904)) - Leader change notification received for group: group-2661F54B6AE5 with new leaderId: 7d225e59-d7fc-44c3-8933-4ad8325cd17e
2023-05-08 09:36:03,394 [7d225e59-d7fc-44c3-8933-4ad8325cd17e@group-2661F54B6AE5-LeaderElection41] INFO  server.RaftServer$Division (ServerState.java:setLeader(313)) - 7d225e59-d7fc-44c3-8933-4ad8325cd17e@group-2661F54B6AE5: change Leader from null to 7d225e59-d7fc-44c3-8933-4ad8325cd17e at term 1 for becomeLeader, leader elected after 5129ms
2023-05-08 09:36:03,394 [7d225e59-d7fc-44c3-8933-4ad8325cd17e@group-2661F54B6AE5-LeaderElection41] INFO  server.RaftServerConfigKeys (ConfUtils.java:logGet(46)) - raft.server.staging.catchup.gap = 1000 (default)
2023-05-08 09:36:03,394 [7d225e59-d7fc-44c3-8933-4ad8325cd17e@group-2661F54B6AE5-LeaderElection41] INFO  server.RaftServerConfigKeys (ConfUtils.java:logGet(46)) - raft.server.write.element-limit = 1024 (custom)
2023-05-08 09:36:03,394 [7d225e59-d7fc-44c3-8933-4ad8325cd17e@group-2661F54B6AE5-LeaderElection41] INFO  server.RaftServerConfigKeys (ConfUtils.java:logGet(46)) - raft.server.write.byte-limit = 1024 M (=1073741824) (custom)
2023-05-08 09:36:03,394 [7d225e59-d7fc-44c3-8933-4ad8325cd17e@group-2661F54B6AE5-LeaderElection41] INFO  server.RaftServerConfigKeys (ConfUtils.java:logGet(46)) - raft.server.watch.timeout = 180s (custom)
2023-05-08 09:36:03,395 [7d225e59-d7fc-44c3-8933-4ad8325cd17e@group-2661F54B6AE5-LeaderElection41] INFO  server.RaftServerConfigKeys (ConfUtils.java:logGet(46)) - raft.server.watch.timeout.denomination = 1s (default)
2023-05-08 09:36:03,395 [7d225e59-d7fc-44c3-8933-4ad8325cd17e@group-2661F54B6AE5-LeaderElection41] INFO  server.RaftServerConfigKeys (ConfUtils.java:logGet(46)) - raft.server.watch.element-limit = 65536 (default)
2023-05-08 09:36:03,395 [7d225e59-d7fc-44c3-8933-4ad8325cd17e@group-2661F54B6AE5-LeaderElection41] INFO  server.RaftServerConfigKeys (ConfUtils.java:logGet(46)) - raft.server.write.element-limit = 1024 (custom)
2023-05-08 09:36:03,395 [7d225e59-d7fc-44c3-8933-4ad8325cd17e@group-2661F54B6AE5-LeaderElection41] INFO  server.RaftServerConfigKeys (ConfUtils.java:logGet(46)) - raft.server.write.follower.gap.ratio.max = -1.0 (default)
2023-05-08 09:36:03,396 [7d225e59-d7fc-44c3-8933-4ad8325cd17e@group-2661F54B6AE5-LeaderElection41] INFO  impl.RoleInfo (RoleInfo.java:updateAndGet(139)) - 7d225e59-d7fc-44c3-8933-4ad8325cd17e: start 7d225e59-d7fc-44c3-8933-4ad8325cd17e@group-2661F54B6AE5-LeaderStateImpl
2023-05-08 09:36:03,396 [7d225e59-d7fc-44c3-8933-4ad8325cd17e@group-2661F54B6AE5-LeaderElection41] INFO  segmented.SegmentedRaftLogWorker (SegmentedRaftLogWorker.java:startLogSegment(452)) - 7d225e59-d7fc-44c3-8933-4ad8325cd17e@group-2661F54B6AE5-SegmentedRaftLogWorker: Starting segment from index:0
2023-05-08 09:36:03,401 [7d225e59-d7fc-44c3-8933-4ad8325cd17e@group-2661F54B6AE5-LeaderElection41] INFO  server.RaftServer$Division (ServerState.java:setRaftConf(430)) - 7d225e59-d7fc-44c3-8933-4ad8325cd17e@group-2661F54B6AE5: set configuration 0: peers:[7d225e59-d7fc-44c3-8933-4ad8325cd17e|rpc:10.1.0.160:35621|dataStream:10.1.0.160:36997|priority:1|startupRole:FOLLOWER]|listeners:[], old=null
2023-05-08 09:36:03,401 [7d225e59-d7fc-44c3-8933-4ad8325cd17e@group-2661F54B6AE5-SegmentedRaftLogWorker] INFO  segmented.SegmentedRaftLogWorker (SegmentedRaftLogWorker.java:execute(656)) - 7d225e59-d7fc-44c3-8933-4ad8325cd17e@group-2661F54B6AE5-SegmentedRaftLogWorker: created new log segment /home/runner/work/ozone/ozone/hadoop-ozone/integration-test/target/test-dir/MiniOzoneClusterImpl-8c58255f-3d22-4aeb-98f1-cae2738195f5/datanode-1/data/ratis/0e6c99d0-4ea1-48ce-be1a-2661f54b6ae5/current/log_inprogress_0
2023-05-08 09:36:03,579 [Listener at 127.0.0.1/39805] INFO  ozone.MiniOzoneClusterImpl (MiniOzoneClusterImpl.java:lambda$waitForClusterToBeReady$0(224)) - Nodes are ready. Got 3 of 3 DN Heartbeats.
2023-05-08 09:36:03,579 [Listener at 127.0.0.1/39805] INFO  ozone.MiniOzoneClusterImpl (MiniOzoneClusterImpl.java:lambda$waitForClusterToBeReady$0(227)) - Cluster exits safe mode
2023-05-08 09:36:03,579 [Listener at 127.0.0.1/39805] INFO  ozone.MiniOzoneClusterImpl (MiniOzoneClusterImpl.java:lambda$waitForClusterToBeReady$0(229)) - SCM became leader
09:36:03.581 [Listener at 127.0.0.1/39805] ERROR SCMAudit - user=null | ip=null | op=DELETE_CONTAINER {remoteUser=adminUser2, containerID=1683538563580} | ret=FAILURE
org.apache.hadoop.hdds.scm.container.ContainerNotFoundException: Container with id #1683538563580 not found.
	at org.apache.hadoop.hdds.scm.container.ContainerManagerImpl.throwContainerNotFoundException(ContainerManagerImpl.java:455) ~[hdds-server-scm-1.4.0-SNAPSHOT.jar:?]
	at org.apache.hadoop.hdds.scm.container.ContainerManagerImpl.deleteContainer(ContainerManagerImpl.java:441) ~[hdds-server-scm-1.4.0-SNAPSHOT.jar:?]
	at org.apache.hadoop.hdds.scm.server.SCMClientProtocolServer.deleteContainer(SCMClientProtocolServer.java:588) [hdds-server-scm-1.4.0-SNAPSHOT.jar:?]
	at sun.reflect.NativeMethodAccessorImpl.invoke0(Native Method) ~[?:1.8.0_362]
	at sun.reflect.NativeMethodAccessorImpl.invoke(NativeMethodAccessorImpl.java:62) ~[?:1.8.0_362]
	at sun.reflect.DelegatingMethodAccessorImpl.invoke(DelegatingMethodAccessorImpl.java:43) ~[?:1.8.0_362]
	at java.lang.reflect.Method.invoke(Method.java:498) ~[?:1.8.0_362]
	at org.mockito.internal.creation.bytebuddy.MockMethodAdvice.tryInvoke(MockMethodAdvice.java:212) [mockito-core-2.28.2.jar:?]
	at org.mockito.internal.creation.bytebuddy.MockMethodAdvice.access$400(MockMethodAdvice.java:34) [mockito-core-2.28.2.jar:?]
	at org.mockito.internal.creation.bytebuddy.MockMethodAdvice$RealMethodCall.invoke(MockMethodAdvice.java:164) [mockito-core-2.28.2.jar:?]
	at org.mockito.internal.invocation.InterceptedInvocation.callRealMethod(InterceptedInvocation.java:152) [mockito-core-2.28.2.jar:?]
	at org.mockito.internal.stubbing.answers.CallsRealMethods.answer(CallsRealMethods.java:43) [mockito-core-2.28.2.jar:?]
	at org.mockito.Answers.answer(Answers.java:100) [mockito-core-2.28.2.jar:?]
	at org.mockito.internal.handler.MockHandlerImpl.handle(MockHandlerImpl.java:103) [mockito-core-2.28.2.jar:?]
	at org.mockito.internal.handler.NullResultGuardian.handle(NullResultGuardian.java:29) [mockito-core-2.28.2.jar:?]
	at org.mockito.internal.handler.InvocationNotifierHandler.handle(InvocationNotifierHandler.java:35) [mockito-core-2.28.2.jar:?]
	at org.mockito.internal.creation.bytebuddy.MockMethodInterceptor.doIntercept(MockMethodInterceptor.java:61) [mockito-core-2.28.2.jar:?]
	at org.mockito.internal.creation.bytebuddy.MockMethodAdvice.handle(MockMethodAdvice.java:105) [mockito-core-2.28.2.jar:?]
	at org.apache.hadoop.hdds.scm.server.SCMClientProtocolServer.deleteContainer(SCMClientProtocolServer.java:582) [hdds-server-scm-1.4.0-SNAPSHOT.jar:?]
	at org.apache.hadoop.ozone.TestStorageContainerManager.testRpcPermissionWithConf(TestStorageContainerManager.java:204) [test-classes/:?]
	at org.apache.hadoop.ozone.TestStorageContainerManager.testRpcPermission(TestStorageContainerManager.java:187) [test-classes/:?]
	at sun.reflect.NativeMethodAccessorImpl.invoke0(Native Method) ~[?:1.8.0_362]
	at sun.reflect.NativeMethodAccessorImpl.invoke(NativeMethodAccessorImpl.java:62) ~[?:1.8.0_362]
	at sun.reflect.DelegatingMethodAccessorImpl.invoke(DelegatingMethodAccessorImpl.java:43) ~[?:1.8.0_362]
	at java.lang.reflect.Method.invoke(Method.java:498) ~[?:1.8.0_362]
	at org.junit.runners.model.FrameworkMethod$1.runReflectiveCall(FrameworkMethod.java:59) [junit-4.13.1.jar:4.13.1]
	at org.junit.internal.runners.model.ReflectiveCallable.run(ReflectiveCallable.java:12) [junit-4.13.1.jar:4.13.1]
	at org.junit.runners.model.FrameworkMethod.invokeExplosively(FrameworkMethod.java:56) [junit-4.13.1.jar:4.13.1]
	at org.junit.internal.runners.statements.InvokeMethod.evaluate(InvokeMethod.java:17) [junit-4.13.1.jar:4.13.1]
	at org.junit.internal.runners.statements.RunAfters.evaluate(RunAfters.java:27) [junit-4.13.1.jar:4.13.1]
	at org.junit.rules.ExpectedException$ExpectedExceptionStatement.evaluate(ExpectedException.java:258) [junit-4.13.1.jar:4.13.1]
	at org.junit.internal.runners.statements.FailOnTimeout$CallableStatement.call(FailOnTimeout.java:288) [junit-4.13.1.jar:4.13.1]
	at org.junit.internal.runners.statements.FailOnTimeout$CallableStatement.call(FailOnTimeout.java:282) [junit-4.13.1.jar:4.13.1]
	at java.util.concurrent.FutureTask.run(FutureTask.java:266) [?:1.8.0_362]
	at java.lang.Thread.run(Thread.java:750) [?:1.8.0_362]
2023-05-08 09:36:03,585 [Listener at 127.0.0.1/39805] INFO  pipeline.PipelineStateManagerImpl (PipelineStateManagerImpl.java:addPipeline(103)) - Created pipeline Pipeline[ Id: a9e1aa0d-dc5a-4976-ae5e-30f8ceb274a3, Nodes: adad188d-dec8-49e0-8c63-aa4dd86be889(fv-az96-539/10.1.0.160), ReplicationConfig: STANDALONE/ONE, State:OPEN, leaderId:, CreationTimestamp2023-05-08T09:36:03.584Z[Etc/UTC]].
2023-05-08 09:36:03,586 [Listener at 127.0.0.1/39805] INFO  ha.SequenceIdGenerator (SequenceIdGenerator.java:getNextId(128)) - Allocate a batch for containerId, change lastId from 0 to 1000.
09:36:03.588 [Listener at 127.0.0.1/39805] ERROR SCMAudit - user=null | ip=null | op=GET_CONTAINER {containerID=1683538563587} | ret=FAILURE
org.apache.hadoop.hdds.scm.container.ContainerNotFoundException: ID #1683538563587
	at org.apache.hadoop.hdds.scm.container.ContainerManagerImpl.lambda$getContainer$0(ContainerManagerImpl.java:140) ~[hdds-server-scm-1.4.0-SNAPSHOT.jar:?]
	at java.util.Optional.orElseThrow(Optional.java:290) ~[?:1.8.0_362]
	at org.apache.hadoop.hdds.scm.container.ContainerManagerImpl.getContainer(ContainerManagerImpl.java:140) ~[hdds-server-scm-1.4.0-SNAPSHOT.jar:?]
	at org.apache.hadoop.hdds.scm.server.SCMClientProtocolServer.getContainer(SCMClientProtocolServer.java:255) [hdds-server-scm-1.4.0-SNAPSHOT.jar:?]
	at sun.reflect.NativeMethodAccessorImpl.invoke0(Native Method) ~[?:1.8.0_362]
	at sun.reflect.NativeMethodAccessorImpl.invoke(NativeMethodAccessorImpl.java:62) ~[?:1.8.0_362]
	at sun.reflect.DelegatingMethodAccessorImpl.invoke(DelegatingMethodAccessorImpl.java:43) ~[?:1.8.0_362]
	at java.lang.reflect.Method.invoke(Method.java:498) ~[?:1.8.0_362]
	at org.mockito.internal.creation.bytebuddy.MockMethodAdvice.tryInvoke(MockMethodAdvice.java:212) [mockito-core-2.28.2.jar:?]
	at org.mockito.internal.creation.bytebuddy.MockMethodAdvice.access$400(MockMethodAdvice.java:34) [mockito-core-2.28.2.jar:?]
	at org.mockito.internal.creation.bytebuddy.MockMethodAdvice$RealMethodCall.invoke(MockMethodAdvice.java:164) [mockito-core-2.28.2.jar:?]
	at org.mockito.internal.invocation.InterceptedInvocation.callRealMethod(InterceptedInvocation.java:152) [mockito-core-2.28.2.jar:?]
	at org.mockito.internal.stubbing.answers.CallsRealMethods.answer(CallsRealMethods.java:43) [mockito-core-2.28.2.jar:?]
	at org.mockito.Answers.answer(Answers.java:100) [mockito-core-2.28.2.jar:?]
	at org.mockito.internal.handler.MockHandlerImpl.handle(MockHandlerImpl.java:103) [mockito-core-2.28.2.jar:?]
	at org.mockito.internal.handler.NullResultGuardian.handle(NullResultGuardian.java:29) [mockito-core-2.28.2.jar:?]
	at org.mockito.internal.handler.InvocationNotifierHandler.handle(InvocationNotifierHandler.java:35) [mockito-core-2.28.2.jar:?]
	at org.mockito.internal.creation.bytebuddy.MockMethodInterceptor.doIntercept(MockMethodInterceptor.java:61) [mockito-core-2.28.2.jar:?]
	at org.mockito.internal.creation.bytebuddy.MockMethodAdvice.handle(MockMethodAdvice.java:105) [mockito-core-2.28.2.jar:?]
	at org.apache.hadoop.hdds.scm.server.SCMClientProtocolServer.getContainer(SCMClientProtocolServer.java:249) [hdds-server-scm-1.4.0-SNAPSHOT.jar:?]
	at org.apache.hadoop.ozone.TestStorageContainerManager.testRpcPermissionWithConf(TestStorageContainerManager.java:244) [test-classes/:?]
	at org.apache.hadoop.ozone.TestStorageContainerManager.testRpcPermission(TestStorageContainerManager.java:187) [test-classes/:?]
	at sun.reflect.NativeMethodAccessorImpl.invoke0(Native Method) ~[?:1.8.0_362]
	at sun.reflect.NativeMethodAccessorImpl.invoke(NativeMethodAccessorImpl.java:62) ~[?:1.8.0_362]
	at sun.reflect.DelegatingMethodAccessorImpl.invoke(DelegatingMethodAccessorImpl.java:43) ~[?:1.8.0_362]
	at java.lang.reflect.Method.invoke(Method.java:498) ~[?:1.8.0_362]
	at org.junit.runners.model.FrameworkMethod$1.runReflectiveCall(FrameworkMethod.java:59) [junit-4.13.1.jar:4.13.1]
	at org.junit.internal.runners.model.ReflectiveCallable.run(ReflectiveCallable.java:12) [junit-4.13.1.jar:4.13.1]
	at org.junit.runners.model.FrameworkMethod.invokeExplosively(FrameworkMethod.java:56) [junit-4.13.1.jar:4.13.1]
	at org.junit.internal.runners.statements.InvokeMethod.evaluate(InvokeMethod.java:17) [junit-4.13.1.jar:4.13.1]
	at org.junit.internal.runners.statements.RunAfters.evaluate(RunAfters.java:27) [junit-4.13.1.jar:4.13.1]
	at org.junit.rules.ExpectedException$ExpectedExceptionStatement.evaluate(ExpectedException.java:258) [junit-4.13.1.jar:4.13.1]
	at org.junit.internal.runners.statements.FailOnTimeout$CallableStatement.call(FailOnTimeout.java:288) [junit-4.13.1.jar:4.13.1]
	at org.junit.internal.runners.statements.FailOnTimeout$CallableStatement.call(FailOnTimeout.java:282) [junit-4.13.1.jar:4.13.1]
	at java.util.concurrent.FutureTask.run(FutureTask.java:266) [?:1.8.0_362]
	at java.lang.Thread.run(Thread.java:750) [?:1.8.0_362]
2023-05-08 09:36:03,588 [Listener at 127.0.0.1/39805] INFO  ozone.MiniOzoneClusterImpl (MiniOzoneClusterImpl.java:shutdown(457)) - Shutting down the Mini Ozone Cluster
2023-05-08 09:36:03,588 [Listener at 127.0.0.1/39805] INFO  ozone.MiniOzoneClusterImpl (MiniOzoneClusterImpl.java:stop(476)) - Stopping the Mini Ozone Cluster
2023-05-08 09:36:03,588 [Listener at 127.0.0.1/39805] INFO  ozone.MiniOzoneClusterImpl (MiniOzoneClusterImpl.java:stopOM(562)) - Stopping the OzoneManager
2023-05-08 09:36:03,588 [Listener at 127.0.0.1/39805] INFO  om.OzoneManager (OzoneManager.java:stop(2173)) - om1[localhost:0]: Stopping Ozone Manager
2023-05-08 09:36:03,588 [Listener at 127.0.0.1/39805] INFO  ipc.Server (Server.java:stop(3501)) - Stopping server on 39805
2023-05-08 09:36:03,589 [IPC Server listener on 0] INFO  ipc.Server (Server.java:run(1430)) - Stopping IPC Server listener on 0
2023-05-08 09:36:03,589 [IPC Server Responder] INFO  ipc.Server (Server.java:run(1563)) - Stopping IPC Server Responder
2023-05-08 09:36:03,590 [Listener at 127.0.0.1/39805] INFO  server.RaftServer (RaftServerProxy.java:lambda$close$6(409)) - om1: close
2023-05-08 09:36:03,593 [Listener at 127.0.0.1/39805] INFO  server.GrpcService (GrpcService.java:closeImpl(271)) - om1: shutdown server GrpcServerProtocolService now
2023-05-08 09:36:03,593 [om1-impl-thread1] INFO  server.RaftServer$Division (RaftServerImpl.java:lambda$close$4(458)) - om1@group-C5BA1605619E: shutdown
2023-05-08 09:36:03,593 [om1-impl-thread1] INFO  util.JmxRegister (JmxRegister.java:unregister(73)) - Successfully un-registered JMX Bean with object name Ratis:service=RaftServer,group=group-C5BA1605619E,id=om1
2023-05-08 09:36:03,593 [om1-impl-thread1] INFO  impl.RoleInfo (RoleInfo.java:shutdownLeaderState(93)) - om1: shutdown om1@group-C5BA1605619E-LeaderStateImpl
2023-05-08 09:36:03,593 [om1-impl-thread1] INFO  impl.PendingRequests (PendingRequests.java:sendNotLeaderResponses(282)) - om1@group-C5BA1605619E-PendingRequests: sendNotLeaderResponses
2023-05-08 09:36:03,594 [om1-impl-thread1] INFO  impl.StateMachineUpdater (StateMachineUpdater.java:stopAndJoin(153)) - om1@group-C5BA1605619E-StateMachineUpdater: set stopIndex = 0
2023-05-08 09:36:03,594 [om1@group-C5BA1605619E-StateMachineUpdater] INFO  ratis.OzoneManagerStateMachine (OzoneManagerStateMachine.java:takeSnapshot(479)) - Current Snapshot Index (t:1, i:0)
2023-05-08 09:36:03,596 [Listener at 127.0.0.1/39805] INFO  server.GrpcService (GrpcService.java:closeImpl(280)) - om1: shutdown server GrpcServerProtocolService successfully
2023-05-08 09:36:03,605 [om1@group-C5BA1605619E-StateMachineUpdater] INFO  impl.StateMachineUpdater (StateMachineUpdater.java:takeSnapshot(287)) - om1@group-C5BA1605619E-StateMachineUpdater: Took a snapshot at index 0
2023-05-08 09:36:03,605 [om1@group-C5BA1605619E-StateMachineUpdater] INFO  impl.StateMachineUpdater (StateMachineUpdater.java:lambda$new$0(92)) - om1@group-C5BA1605619E-StateMachineUpdater: snapshotIndex: updateIncreasingly -1 -> 0
2023-05-08 09:36:03,605 [om1@group-C5BA1605619E-StateMachineUpdater] INFO  ratis.OzoneManagerStateMachine (OzoneManagerStateMachine.java:close(533)) - StateMachine has shutdown. Shutdown OzoneManager if not already shutdown.
2023-05-08 09:36:03,605 [om1@group-C5BA1605619E-StateMachineUpdater] INFO  ratis.OzoneManagerDoubleBuffer (OzoneManagerDoubleBuffer.java:stopDaemon(559)) - Stopping OMDoubleBuffer flush thread
2023-05-08 09:36:03,605 [OMDoubleBufferFlushThread] INFO  ratis.OzoneManagerDoubleBuffer (OzoneManagerDoubleBuffer.java:canFlush(648)) - OMDoubleBuffer flush thread OMDoubleBufferFlushThread is interrupted and will exit.
2023-05-08 09:36:03,606 [om1-impl-thread1] INFO  server.RaftServer$Division (ServerState.java:close(466)) - om1@group-C5BA1605619E: closes. applyIndex: 0
2023-05-08 09:36:03,606 [om1@group-C5BA1605619E-SegmentedRaftLogWorker] INFO  segmented.SegmentedRaftLogWorker (SegmentedRaftLogWorker.java:run(347)) - om1@group-C5BA1605619E-SegmentedRaftLogWorker was interrupted, exiting. There are 0 tasks remaining in the queue.
2023-05-08 09:36:03,607 [om1-impl-thread1] INFO  segmented.SegmentedRaftLogWorker (SegmentedRaftLogWorker.java:close(257)) - om1@group-C5BA1605619E-SegmentedRaftLogWorker close()
2023-05-08 09:36:03,608 [JvmPauseMonitor20] INFO  util.JvmPauseMonitor (JvmPauseMonitor.java:run(111)) - JvmPauseMonitor-om1: Stopped
2023-05-08 09:36:03,608 [Listener at 127.0.0.1/39805] INFO  ratis.OzoneManagerStateMachine (OzoneManagerStateMachine.java:close(533)) - StateMachine has shutdown. Shutdown OzoneManager if not already shutdown.
2023-05-08 09:36:03,608 [Listener at 127.0.0.1/39805] INFO  ratis.OzoneManagerDoubleBuffer (OzoneManagerDoubleBuffer.java:stopDaemon(568)) - OMDoubleBuffer flush thread is not running.
2023-05-08 09:36:03,608 [Listener at 127.0.0.1/39805] INFO  utils.BackgroundService (BackgroundService.java:shutdown(141)) - Shutting down service KeyDeletingService
2023-05-08 09:36:03,608 [Listener at 127.0.0.1/39805] INFO  utils.BackgroundService (BackgroundService.java:shutdown(141)) - Shutting down service KeyDeletingService
2023-05-08 09:36:03,609 [Listener at 127.0.0.1/39805] INFO  utils.BackgroundService (BackgroundService.java:shutdown(141)) - Shutting down service OpenKeyCleanupService
2023-05-08 09:36:03,609 [Listener at 127.0.0.1/39805] INFO  utils.BackgroundService (BackgroundService.java:shutdown(141)) - Shutting down service SstFilteringService
2023-05-08 09:36:03,609 [Listener at 127.0.0.1/39805] INFO  utils.BackgroundService (BackgroundService.java:shutdown(141)) - Shutting down service SnapshotDeletingService
2023-05-08 09:36:03,609 [Listener at 127.0.0.1/39805] INFO  handler.ContextHandler (ContextHandler.java:doStop(1159)) - Stopped o.e.j.w.WebAppContext@314b36de{ozoneManager,/,null,STOPPED}{file:/home/runner/work/ozone/ozone/hadoop-ozone/integration-test/target/test-classes/webapps/ozoneManager}
2023-05-08 09:36:03,610 [Listener at 127.0.0.1/39805] INFO  server.AbstractConnector (AbstractConnector.java:doStop(383)) - Stopped ServerConnector@145dc3fa{HTTP/1.1, (http/1.1)}{0.0.0.0:0}
2023-05-08 09:36:03,610 [Listener at 127.0.0.1/39805] INFO  server.session (HouseKeeper.java:stopScavenging(149)) - node0 Stopped scavenging
2023-05-08 09:36:03,610 [Listener at 127.0.0.1/39805] INFO  handler.ContextHandler (ContextHandler.java:doStop(1159)) - Stopped o.e.j.s.ServletContextHandler@40b7c04e{static,/static,file:///home/runner/work/ozone/ozone/hadoop-ozone/integration-test/target/test-classes/webapps/static,STOPPED}
2023-05-08 09:36:03,610 [Listener at 127.0.0.1/39805] INFO  handler.ContextHandler (ContextHandler.java:doStop(1159)) - Stopped o.e.j.s.ServletContextHandler@2d87891d{logs,/logs,file:///home/runner/work/ozone/ozone/hadoop-ozone/integration-test/target/log,STOPPED}
2023-05-08 09:36:03,612 [Listener at 127.0.0.1/39805] INFO  utils.BackgroundService (BackgroundService.java:shutdown(141)) - Shutting down service SnapshotDiffCleanupService
2023-05-08 09:36:03,614 [Listener at 127.0.0.1/39805] INFO  ozone.MiniOzoneClusterImpl (MiniOzoneClusterImpl.java:stopDatanodes(539)) - Stopping the HddsDatanodes
2023-05-08 09:36:03,617 [ForkJoinPool.commonPool-worker-1] INFO  ozoneimpl.OzoneContainer (OzoneContainer.java:stop(419)) - Attempting to stop container services.
2023-05-08 09:36:03,617 [ForkJoinPool.commonPool-worker-1] INFO  server.RaftServer (RaftServerProxy.java:lambda$close$6(409)) - adad188d-dec8-49e0-8c63-aa4dd86be889: close
2023-05-08 09:36:03,618 [adad188d-dec8-49e0-8c63-aa4dd86be889-impl-thread1] INFO  server.RaftServer$Division (RaftServerImpl.java:lambda$close$4(458)) - adad188d-dec8-49e0-8c63-aa4dd86be889@group-9B440A296EEA: shutdown
2023-05-08 09:36:03,618 [adad188d-dec8-49e0-8c63-aa4dd86be889-impl-thread1] INFO  util.JmxRegister (JmxRegister.java:unregister(73)) - Successfully un-registered JMX Bean with object name Ratis:service=RaftServer,group=group-9B440A296EEA,id=adad188d-dec8-49e0-8c63-aa4dd86be889
2023-05-08 09:36:03,618 [adad188d-dec8-49e0-8c63-aa4dd86be889-impl-thread1] INFO  impl.RoleInfo (RoleInfo.java:shutdownLeaderState(93)) - adad188d-dec8-49e0-8c63-aa4dd86be889: shutdown adad188d-dec8-49e0-8c63-aa4dd86be889@group-9B440A296EEA-LeaderStateImpl
2023-05-08 09:36:03,618 [adad188d-dec8-49e0-8c63-aa4dd86be889-impl-thread1] INFO  impl.PendingRequests (PendingRequests.java:sendNotLeaderResponses(282)) - adad188d-dec8-49e0-8c63-aa4dd86be889@group-9B440A296EEA-PendingRequests: sendNotLeaderResponses
2023-05-08 09:36:03,618 [adad188d-dec8-49e0-8c63-aa4dd86be889-impl-thread1] INFO  impl.StateMachineUpdater (StateMachineUpdater.java:stopAndJoin(153)) - adad188d-dec8-49e0-8c63-aa4dd86be889@group-9B440A296EEA-StateMachineUpdater: set stopIndex = 0
2023-05-08 09:36:03,618 [adad188d-dec8-49e0-8c63-aa4dd86be889@group-9B440A296EEA-StateMachineUpdater] INFO  ratis.ContainerStateMachine (ContainerStateMachine.java:takeSnapshot(330)) - group-9B440A296EEA: Taking a snapshot at:(t:1, i:0) file /home/runner/work/ozone/ozone/hadoop-ozone/integration-test/target/test-dir/MiniOzoneClusterImpl-8c58255f-3d22-4aeb-98f1-cae2738195f5/datanode-0/data/ratis/1c31010a-ce5b-4d08-a55e-9b440a296eea/sm/snapshot.1_0
2023-05-08 09:36:03,619 [adad188d-dec8-49e0-8c63-aa4dd86be889-impl-thread2] INFO  server.RaftServer$Division (RaftServerImpl.java:lambda$close$4(458)) - adad188d-dec8-49e0-8c63-aa4dd86be889@group-F209E3BF728F: shutdown
2023-05-08 09:36:03,619 [adad188d-dec8-49e0-8c63-aa4dd86be889-impl-thread2] INFO  util.JmxRegister (JmxRegister.java:unregister(73)) - Successfully un-registered JMX Bean with object name Ratis:service=RaftServer,group=group-F209E3BF728F,id=adad188d-dec8-49e0-8c63-aa4dd86be889
2023-05-08 09:36:03,619 [adad188d-dec8-49e0-8c63-aa4dd86be889-impl-thread2] INFO  impl.RoleInfo (RoleInfo.java:shutdownFollowerState(110)) - adad188d-dec8-49e0-8c63-aa4dd86be889: shutdown adad188d-dec8-49e0-8c63-aa4dd86be889@group-F209E3BF728F-FollowerState
2023-05-08 09:36:03,620 [adad188d-dec8-49e0-8c63-aa4dd86be889@group-9B440A296EEA-StateMachineUpdater] INFO  ratis.ContainerStateMachine (ContainerStateMachine.java:takeSnapshot(341)) - group-9B440A296EEA: Finished taking a snapshot at:(t:1, i:0) file:/home/runner/work/ozone/ozone/hadoop-ozone/integration-test/target/test-dir/MiniOzoneClusterImpl-8c58255f-3d22-4aeb-98f1-cae2738195f5/datanode-0/data/ratis/1c31010a-ce5b-4d08-a55e-9b440a296eea/sm/snapshot.1_0 took: 1 ms
2023-05-08 09:36:03,620 [adad188d-dec8-49e0-8c63-aa4dd86be889@group-9B440A296EEA-StateMachineUpdater] INFO  impl.StateMachineUpdater (StateMachineUpdater.java:takeSnapshot(287)) - adad188d-dec8-49e0-8c63-aa4dd86be889@group-9B440A296EEA-StateMachineUpdater: Took a snapshot at index 0
2023-05-08 09:36:03,620 [adad188d-dec8-49e0-8c63-aa4dd86be889@group-9B440A296EEA-StateMachineUpdater] INFO  impl.StateMachineUpdater (StateMachineUpdater.java:lambda$new$0(92)) - adad188d-dec8-49e0-8c63-aa4dd86be889@group-9B440A296EEA-StateMachineUpdater: snapshotIndex: updateIncreasingly -1 -> 0
2023-05-08 09:36:03,620 [adad188d-dec8-49e0-8c63-aa4dd86be889-impl-thread1] INFO  server.RaftServer$Division (ServerState.java:close(466)) - adad188d-dec8-49e0-8c63-aa4dd86be889@group-9B440A296EEA: closes. applyIndex: 0
2023-05-08 09:36:03,627 [ForkJoinPool.commonPool-worker-1] INFO  server.GrpcService (GrpcService.java:closeImpl(271)) - adad188d-dec8-49e0-8c63-aa4dd86be889: shutdown server GrpcServerProtocolService now
2023-05-08 09:36:03,627 [adad188d-dec8-49e0-8c63-aa4dd86be889-impl-thread3] INFO  server.RaftServer$Division (RaftServerImpl.java:lambda$close$4(458)) - adad188d-dec8-49e0-8c63-aa4dd86be889@group-6BBA4484C94B: shutdown
2023-05-08 09:36:03,627 [adad188d-dec8-49e0-8c63-aa4dd86be889-impl-thread3] INFO  util.JmxRegister (JmxRegister.java:unregister(73)) - Successfully un-registered JMX Bean with object name Ratis:service=RaftServer,group=group-6BBA4484C94B,id=adad188d-dec8-49e0-8c63-aa4dd86be889
2023-05-08 09:36:03,627 [adad188d-dec8-49e0-8c63-aa4dd86be889-impl-thread3] INFO  impl.RoleInfo (RoleInfo.java:shutdownLeaderState(93)) - adad188d-dec8-49e0-8c63-aa4dd86be889: shutdown adad188d-dec8-49e0-8c63-aa4dd86be889@group-6BBA4484C94B-LeaderStateImpl
2023-05-08 09:36:03,627 [adad188d-dec8-49e0-8c63-aa4dd86be889@group-6BBA4484C94B->7d225e59-d7fc-44c3-8933-4ad8325cd17e-GrpcLogAppender-LogAppenderDaemon] WARN  server.GrpcLogAppender (GrpcLogAppender.java:mayWait(200)) - adad188d-dec8-49e0-8c63-aa4dd86be889@group-6BBA4484C94B->7d225e59-d7fc-44c3-8933-4ad8325cd17e-GrpcLogAppender: Wait interrupted by java.lang.InterruptedException
2023-05-08 09:36:03,627 [adad188d-dec8-49e0-8c63-aa4dd86be889@group-6BBA4484C94B->4515e5b0-3b05-46e4-bb3b-126498a8ebe7-GrpcLogAppender-LogAppenderDaemon] WARN  server.GrpcLogAppender (GrpcLogAppender.java:mayWait(200)) - adad188d-dec8-49e0-8c63-aa4dd86be889@group-6BBA4484C94B->4515e5b0-3b05-46e4-bb3b-126498a8ebe7-GrpcLogAppender: Wait interrupted by java.lang.InterruptedException
2023-05-08 09:36:03,627 [adad188d-dec8-49e0-8c63-aa4dd86be889-impl-thread3] INFO  impl.PendingRequests (PendingRequests.java:sendNotLeaderResponses(282)) - adad188d-dec8-49e0-8c63-aa4dd86be889@group-6BBA4484C94B-PendingRequests: sendNotLeaderResponses
2023-05-08 09:36:03,629 [adad188d-dec8-49e0-8c63-aa4dd86be889-impl-thread3] INFO  impl.StateMachineUpdater (StateMachineUpdater.java:stopAndJoin(153)) - adad188d-dec8-49e0-8c63-aa4dd86be889@group-6BBA4484C94B-StateMachineUpdater: set stopIndex = 0
2023-05-08 09:36:03,629 [Listener at 127.0.0.1/39805] INFO  ozoneimpl.OzoneContainer (OzoneContainer.java:stop(419)) - Attempting to stop container services.
2023-05-08 09:36:03,628 [ForkJoinPool.commonPool-worker-1] INFO  server.GrpcServerProtocolClient (GrpcServerProtocolClient.java:close(101)) - 7d225e59-d7fc-44c3-8933-4ad8325cd17e Close channels
2023-05-08 09:36:03,629 [adad188d-dec8-49e0-8c63-aa4dd86be889@group-6BBA4484C94B-StateMachineUpdater] INFO  ratis.ContainerStateMachine (ContainerStateMachine.java:takeSnapshot(330)) - group-6BBA4484C94B: Taking a snapshot at:(t:1, i:0) file /home/runner/work/ozone/ozone/hadoop-ozone/integration-test/target/test-dir/MiniOzoneClusterImpl-8c58255f-3d22-4aeb-98f1-cae2738195f5/datanode-0/data/ratis/4ba760ce-735a-4ae5-8528-6bba4484c94b/sm/snapshot.1_0
2023-05-08 09:36:03,630 [grpc-default-executor-3] INFO  server.GrpcServerProtocolService (GrpcServerProtocolService.java:onCompleted(143)) - 4515e5b0-3b05-46e4-bb3b-126498a8ebe7: Completed APPEND_ENTRIES, lastRequest: adad188d-dec8-49e0-8c63-aa4dd86be889->4515e5b0-3b05-46e4-bb3b-126498a8ebe7#1-t1,previous=(t:0, i:0),leaderCommit=0,initializing? true,entries: size=1, first=(t:1, i:0), CONFIGURATIONENTRY(current:id: "adad188d-dec8-49e0-8c63-aa4dd86be889"
address: "10.1.0.160:45849"
priority: 1
dataStreamAddress: "10.1.0.160:37925"
clientAddress: "10.1.0.160:45849"
adminAddress: "10.1.0.160:45849"
startupRole: FOLLOWER
,id: "7d225e59-d7fc-44c3-8933-4ad8325cd17e"
address: "10.1.0.160:35621"
dataStreamAddress: "10.1.0.160:36997"
clientAddress: "10.1.0.160:35621"
adminAddress: "10.1.0.160:35621"
startupRole: FOLLOWER
,id: "4515e5b0-3b05-46e4-bb3b-126498a8ebe7"
address: "10.1.0.160:34219"
dataStreamAddress: "10.1.0.160:36629"
clientAddress: "10.1.0.160:34219"
adminAddress: "10.1.0.160:34219"
startupRole: FOLLOWER
, old:)
2023-05-08 09:36:03,631 [grpc-default-executor-0] WARN  server.GrpcServerProtocolService (LogUtils.java:warn(122)) - adad188d-dec8-49e0-8c63-aa4dd86be889: installSnapshot onError, lastRequest: null: org.apache.ratis.thirdparty.io.grpc.StatusRuntimeException: CANCELLED: client cancelled
2023-05-08 09:36:03,631 [adad188d-dec8-49e0-8c63-aa4dd86be889@group-9B440A296EEA-SegmentedRaftLogWorker] INFO  segmented.SegmentedRaftLogWorker (SegmentedRaftLogWorker.java:run(347)) - adad188d-dec8-49e0-8c63-aa4dd86be889@group-9B440A296EEA-SegmentedRaftLogWorker was interrupted, exiting. There are 0 tasks remaining in the queue.
2023-05-08 09:36:03,631 [grpc-default-executor-1] WARN  server.GrpcServerProtocolService (LogUtils.java:warn(122)) - adad188d-dec8-49e0-8c63-aa4dd86be889: installSnapshot onError, lastRequest: 4515e5b0-3b05-46e4-bb3b-126498a8ebe7->adad188d-dec8-49e0-8c63-aa4dd86be889#1-t1,previous=(t:0, i:0),leaderCommit=-1,initializing? true,entries: size=1, first=(t:1, i:0), CONFIGURATIONENTRY(current:id: "adad188d-dec8-49e0-8c63-aa4dd86be889"
address: "10.1.0.160:45849"
dataStreamAddress: "10.1.0.160:37925"
clientAddress: "10.1.0.160:45849"
adminAddress: "10.1.0.160:45849"
startupRole: FOLLOWER
,id: "7d225e59-d7fc-44c3-8933-4ad8325cd17e"
address: "10.1.0.160:35621"
dataStreamAddress: "10.1.0.160:36997"
clientAddress: "10.1.0.160:35621"
adminAddress: "10.1.0.160:35621"
startupRole: FOLLOWER
,id: "4515e5b0-3b05-46e4-bb3b-126498a8ebe7"
address: "10.1.0.160:34219"
priority: 1
dataStreamAddress: "10.1.0.160:36629"
clientAddress: "10.1.0.160:34219"
adminAddress: "10.1.0.160:34219"
startupRole: FOLLOWER
, old:): org.apache.ratis.thirdparty.io.grpc.StatusRuntimeException: CANCELLED: client cancelled
2023-05-08 09:36:03,631 [grpc-default-executor-5] INFO  server.GrpcServerProtocolService (GrpcServerProtocolService.java:onCompleted(143)) - 7d225e59-d7fc-44c3-8933-4ad8325cd17e: Completed APPEND_ENTRIES, lastRequest: adad188d-dec8-49e0-8c63-aa4dd86be889->7d225e59-d7fc-44c3-8933-4ad8325cd17e#1-t1,previous=(t:0, i:0),leaderCommit=0,initializing? true,entries: size=1, first=(t:1, i:0), CONFIGURATIONENTRY(current:id: "adad188d-dec8-49e0-8c63-aa4dd86be889"
address: "10.1.0.160:45849"
priority: 1
dataStreamAddress: "10.1.0.160:37925"
clientAddress: "10.1.0.160:45849"
adminAddress: "10.1.0.160:45849"
startupRole: FOLLOWER
,id: "7d225e59-d7fc-44c3-8933-4ad8325cd17e"
address: "10.1.0.160:35621"
dataStreamAddress: "10.1.0.160:36997"
clientAddress: "10.1.0.160:35621"
adminAddress: "10.1.0.160:35621"
startupRole: FOLLOWER
,id: "4515e5b0-3b05-46e4-bb3b-126498a8ebe7"
address: "10.1.0.160:34219"
dataStreamAddress: "10.1.0.160:36629"
clientAddress: "10.1.0.160:34219"
adminAddress: "10.1.0.160:34219"
startupRole: FOLLOWER
, old:)
2023-05-08 09:36:03,632 [adad188d-dec8-49e0-8c63-aa4dd86be889@group-6BBA4484C94B-StateMachineUpdater] INFO  ratis.ContainerStateMachine (ContainerStateMachine.java:takeSnapshot(341)) - group-6BBA4484C94B: Finished taking a snapshot at:(t:1, i:0) file:/home/runner/work/ozone/ozone/hadoop-ozone/integration-test/target/test-dir/MiniOzoneClusterImpl-8c58255f-3d22-4aeb-98f1-cae2738195f5/datanode-0/data/ratis/4ba760ce-735a-4ae5-8528-6bba4484c94b/sm/snapshot.1_0 took: 2 ms
2023-05-08 09:36:03,632 [Listener at 127.0.0.1/39805] INFO  server.RaftServer (RaftServerProxy.java:lambda$close$6(409)) - 7d225e59-d7fc-44c3-8933-4ad8325cd17e: close
2023-05-08 09:36:03,632 [grpc-default-executor-3] INFO  server.GrpcServerProtocolService (GrpcServerProtocolService.java:onCompleted(143)) - 7d225e59-d7fc-44c3-8933-4ad8325cd17e: Completed APPEND_ENTRIES, lastRequest: null
2023-05-08 09:36:03,632 [adad188d-dec8-49e0-8c63-aa4dd86be889@group-6BBA4484C94B-StateMachineUpdater] INFO  impl.StateMachineUpdater (StateMachineUpdater.java:takeSnapshot(287)) - adad188d-dec8-49e0-8c63-aa4dd86be889@group-6BBA4484C94B-StateMachineUpdater: Took a snapshot at index 0
2023-05-08 09:36:03,632 [7d225e59-d7fc-44c3-8933-4ad8325cd17e-impl-thread1] INFO  server.RaftServer$Division (RaftServerImpl.java:lambda$close$4(458)) - 7d225e59-d7fc-44c3-8933-4ad8325cd17e@group-F209E3BF728F: shutdown
2023-05-08 09:36:03,632 [adad188d-dec8-49e0-8c63-aa4dd86be889@group-6BBA4484C94B-StateMachineUpdater] INFO  impl.StateMachineUpdater (StateMachineUpdater.java:lambda$new$0(92)) - adad188d-dec8-49e0-8c63-aa4dd86be889@group-6BBA4484C94B-StateMachineUpdater: snapshotIndex: updateIncreasingly -1 -> 0
2023-05-08 09:36:03,632 [7d225e59-d7fc-44c3-8933-4ad8325cd17e-impl-thread1] INFO  util.JmxRegister (JmxRegister.java:unregister(73)) - Successfully un-registered JMX Bean with object name Ratis:service=RaftServer,group=group-F209E3BF728F,id=7d225e59-d7fc-44c3-8933-4ad8325cd17e
2023-05-08 09:36:03,632 [7d225e59-d7fc-44c3-8933-4ad8325cd17e-impl-thread1] INFO  impl.RoleInfo (RoleInfo.java:shutdownFollowerState(110)) - 7d225e59-d7fc-44c3-8933-4ad8325cd17e: shutdown 7d225e59-d7fc-44c3-8933-4ad8325cd17e@group-F209E3BF728F-FollowerState
2023-05-08 09:36:03,633 [grpc-default-executor-5] WARN  server.GrpcLogAppender (LogUtils.java:warn(122)) - 4515e5b0-3b05-46e4-bb3b-126498a8ebe7@group-F209E3BF728F->adad188d-dec8-49e0-8c63-aa4dd86be889-AppendLogResponseHandler: Failed appendEntries: org.apache.ratis.thirdparty.io.grpc.StatusRuntimeException: CANCELLED: RST_STREAM closed stream. HTTP/2 error code: CANCEL
2023-05-08 09:36:03,633 [grpc-default-executor-5] WARN  server.GrpcLogAppender (GrpcLogAppender.java:resetClient(131)) - 4515e5b0-3b05-46e4-bb3b-126498a8ebe7@group-F209E3BF728F->adad188d-dec8-49e0-8c63-aa4dd86be889-GrpcLogAppender: Leader has not got in touch with Follower 4515e5b0-3b05-46e4-bb3b-126498a8ebe7@group-F209E3BF728F->adad188d-dec8-49e0-8c63-aa4dd86be889(c0,m0,n1, attendVote=true, lastRpcSendTime=536, lastRpcResponseTime=514) yet, just keep nextIndex unchanged and retry.
2023-05-08 09:36:03,633 [grpc-default-executor-3] INFO  server.GrpcServerProtocolService (GrpcServerProtocolService.java:onCompleted(143)) - 4515e5b0-3b05-46e4-bb3b-126498a8ebe7: Completed APPEND_ENTRIES, lastRequest: null
2023-05-08 09:36:03,633 [adad188d-dec8-49e0-8c63-aa4dd86be889-impl-thread3] INFO  server.RaftServer$Division (ServerState.java:close(466)) - adad188d-dec8-49e0-8c63-aa4dd86be889@group-6BBA4484C94B: closes. applyIndex: 0
2023-05-08 09:36:03,634 [grpc-default-executor-1] INFO  server.GrpcLogAppender (GrpcLogAppender.java:onCompleted(415)) - adad188d-dec8-49e0-8c63-aa4dd86be889@group-6BBA4484C94B->7d225e59-d7fc-44c3-8933-4ad8325cd17e-AppendLogResponseHandler: follower responses appendEntries COMPLETED
2023-05-08 09:36:03,634 [grpc-default-executor-1] WARN  server.GrpcLogAppender (GrpcLogAppender.java:resetClient(137)) - adad188d-dec8-49e0-8c63-aa4dd86be889@group-6BBA4484C94B->7d225e59-d7fc-44c3-8933-4ad8325cd17e-GrpcLogAppender: Failed to getClient for 7d225e59-d7fc-44c3-8933-4ad8325cd17e
org.apache.ratis.protocol.exceptions.AlreadyClosedException: adad188d-dec8-49e0-8c63-aa4dd86be889 is already CLOSED
	at org.apache.ratis.util.PeerProxyMap$PeerAndProxy.getProxy(PeerProxyMap.java:61)
	at org.apache.ratis.util.PeerProxyMap.getProxy(PeerProxyMap.java:115)
	at org.apache.ratis.grpc.server.GrpcLogAppender.getClient(GrpcLogAppender.java:116)
	at org.apache.ratis.grpc.server.GrpcLogAppender.resetClient(GrpcLogAppender.java:121)
	at org.apache.ratis.grpc.server.GrpcLogAppender.access$500(GrpcLogAppender.java:58)
	at org.apache.ratis.grpc.server.GrpcLogAppender$AppendLogResponseHandler.onCompleted(GrpcLogAppender.java:416)
	at org.apache.ratis.thirdparty.io.grpc.stub.ClientCalls$StreamObserverToCallListenerAdapter.onClose(ClientCalls.java:485)
	at org.apache.ratis.thirdparty.io.grpc.internal.ClientCallImpl.closeObserver(ClientCallImpl.java:562)
	at org.apache.ratis.thirdparty.io.grpc.internal.ClientCallImpl.access$300(ClientCallImpl.java:70)
	at org.apache.ratis.thirdparty.io.grpc.internal.ClientCallImpl$ClientStreamListenerImpl$1StreamClosed.runInternal(ClientCallImpl.java:743)
	at org.apache.ratis.thirdparty.io.grpc.internal.ClientCallImpl$ClientStreamListenerImpl$1StreamClosed.runInContext(ClientCallImpl.java:722)
	at org.apache.ratis.thirdparty.io.grpc.internal.ContextRunnable.run(ContextRunnable.java:37)
	at org.apache.ratis.thirdparty.io.grpc.internal.SerializingExecutor.run(SerializingExecutor.java:133)
	at java.util.concurrent.ThreadPoolExecutor.runWorker(ThreadPoolExecutor.java:1149)
	at java.util.concurrent.ThreadPoolExecutor$Worker.run(ThreadPoolExecutor.java:624)
	at java.lang.Thread.run(Thread.java:750)
2023-05-08 09:36:03,634 [grpc-default-executor-2] INFO  server.GrpcLogAppender (GrpcLogAppender.java:onCompleted(415)) - adad188d-dec8-49e0-8c63-aa4dd86be889@group-6BBA4484C94B->4515e5b0-3b05-46e4-bb3b-126498a8ebe7-AppendLogResponseHandler: follower responses appendEntries COMPLETED
2023-05-08 09:36:03,634 [grpc-default-executor-5] WARN  server.GrpcLogAppender (LogUtils.java:warn(122)) - 4515e5b0-3b05-46e4-bb3b-126498a8ebe7@group-F209E3BF728F->adad188d-dec8-49e0-8c63-aa4dd86be889-AppendLogResponseHandler: Failed appendEntries: org.apache.ratis.thirdparty.io.grpc.StatusRuntimeException: CANCELLED: RST_STREAM closed stream. HTTP/2 error code: CANCEL
2023-05-08 09:36:03,635 [grpc-default-executor-2] INFO  leader.FollowerInfo (FollowerInfoImpl.java:lambda$new$0(48)) - adad188d-dec8-49e0-8c63-aa4dd86be889@group-6BBA4484C94B->4515e5b0-3b05-46e4-bb3b-126498a8ebe7: nextIndex: updateUnconditionally 1 -> 0
2023-05-08 09:36:03,635 [grpc-default-executor-5] WARN  server.GrpcLogAppender (GrpcLogAppender.java:resetClient(131)) - 4515e5b0-3b05-46e4-bb3b-126498a8ebe7@group-F209E3BF728F->adad188d-dec8-49e0-8c63-aa4dd86be889-GrpcLogAppender: Leader has not got in touch with Follower 4515e5b0-3b05-46e4-bb3b-126498a8ebe7@group-F209E3BF728F->adad188d-dec8-49e0-8c63-aa4dd86be889(c0,m0,n1, attendVote=true, lastRpcSendTime=538, lastRpcResponseTime=516) yet, just keep nextIndex unchanged and retry.
2023-05-08 09:36:03,635 [grpc-default-executor-5] INFO  server.GrpcLogAppender (GrpcLogAppender.java:onCompleted(415)) - adad188d-dec8-49e0-8c63-aa4dd86be889@group-6BBA4484C94B->4515e5b0-3b05-46e4-bb3b-126498a8ebe7-AppendLogResponseHandler: follower responses appendEntries COMPLETED
2023-05-08 09:36:03,635 [grpc-default-executor-5] INFO  leader.FollowerInfo (FollowerInfoImpl.java:lambda$new$0(48)) - adad188d-dec8-49e0-8c63-aa4dd86be889@group-6BBA4484C94B->4515e5b0-3b05-46e4-bb3b-126498a8ebe7: nextIndex: updateUnconditionally 0 -> 0
2023-05-08 09:36:03,640 [7d225e59-d7fc-44c3-8933-4ad8325cd17e-impl-thread2] INFO  server.RaftServer$Division (RaftServerImpl.java:lambda$close$4(458)) - 7d225e59-d7fc-44c3-8933-4ad8325cd17e@group-2661F54B6AE5: shutdown
2023-05-08 09:36:03,640 [7d225e59-d7fc-44c3-8933-4ad8325cd17e-impl-thread2] INFO  util.JmxRegister (JmxRegister.java:unregister(73)) - Successfully un-registered JMX Bean with object name Ratis:service=RaftServer,group=group-2661F54B6AE5,id=7d225e59-d7fc-44c3-8933-4ad8325cd17e
2023-05-08 09:36:03,640 [7d225e59-d7fc-44c3-8933-4ad8325cd17e-impl-thread2] INFO  impl.RoleInfo (RoleInfo.java:shutdownLeaderState(93)) - 7d225e59-d7fc-44c3-8933-4ad8325cd17e: shutdown 7d225e59-d7fc-44c3-8933-4ad8325cd17e@group-2661F54B6AE5-LeaderStateImpl
2023-05-08 09:36:03,640 [7d225e59-d7fc-44c3-8933-4ad8325cd17e-impl-thread2] INFO  impl.PendingRequests (PendingRequests.java:sendNotLeaderResponses(282)) - 7d225e59-d7fc-44c3-8933-4ad8325cd17e@group-2661F54B6AE5-PendingRequests: sendNotLeaderResponses
2023-05-08 09:36:03,641 [7d225e59-d7fc-44c3-8933-4ad8325cd17e@group-2661F54B6AE5-StateMachineUpdater] INFO  ratis.ContainerStateMachine (ContainerStateMachine.java:takeSnapshot(330)) - group-2661F54B6AE5: Taking a snapshot at:(t:1, i:0) file /home/runner/work/ozone/ozone/hadoop-ozone/integration-test/target/test-dir/MiniOzoneClusterImpl-8c58255f-3d22-4aeb-98f1-cae2738195f5/datanode-1/data/ratis/0e6c99d0-4ea1-48ce-be1a-2661f54b6ae5/sm/snapshot.1_0
2023-05-08 09:36:03,641 [7d225e59-d7fc-44c3-8933-4ad8325cd17e-impl-thread2] INFO  impl.StateMachineUpdater (StateMachineUpdater.java:stopAndJoin(153)) - 7d225e59-d7fc-44c3-8933-4ad8325cd17e@group-2661F54B6AE5-StateMachineUpdater: set stopIndex = 0
2023-05-08 09:36:03,642 [7d225e59-d7fc-44c3-8933-4ad8325cd17e@group-2661F54B6AE5-StateMachineUpdater] INFO  ratis.ContainerStateMachine (ContainerStateMachine.java:takeSnapshot(341)) - group-2661F54B6AE5: Finished taking a snapshot at:(t:1, i:0) file:/home/runner/work/ozone/ozone/hadoop-ozone/integration-test/target/test-dir/MiniOzoneClusterImpl-8c58255f-3d22-4aeb-98f1-cae2738195f5/datanode-1/data/ratis/0e6c99d0-4ea1-48ce-be1a-2661f54b6ae5/sm/snapshot.1_0 took: 1 ms
2023-05-08 09:36:03,642 [7d225e59-d7fc-44c3-8933-4ad8325cd17e@group-2661F54B6AE5-StateMachineUpdater] INFO  impl.StateMachineUpdater (StateMachineUpdater.java:takeSnapshot(287)) - 7d225e59-d7fc-44c3-8933-4ad8325cd17e@group-2661F54B6AE5-StateMachineUpdater: Took a snapshot at index 0
2023-05-08 09:36:03,642 [7d225e59-d7fc-44c3-8933-4ad8325cd17e@group-2661F54B6AE5-StateMachineUpdater] INFO  impl.StateMachineUpdater (StateMachineUpdater.java:lambda$new$0(92)) - 7d225e59-d7fc-44c3-8933-4ad8325cd17e@group-2661F54B6AE5-StateMachineUpdater: snapshotIndex: updateIncreasingly -1 -> 0
2023-05-08 09:36:03,642 [7d225e59-d7fc-44c3-8933-4ad8325cd17e-impl-thread2] INFO  server.RaftServer$Division (ServerState.java:close(466)) - 7d225e59-d7fc-44c3-8933-4ad8325cd17e@group-2661F54B6AE5: closes. applyIndex: 0
2023-05-08 09:36:03,648 [Listener at 127.0.0.1/39805] INFO  server.GrpcService (GrpcService.java:closeImpl(271)) - 7d225e59-d7fc-44c3-8933-4ad8325cd17e: shutdown server GrpcServerProtocolService now
2023-05-08 09:36:03,648 [adad188d-dec8-49e0-8c63-aa4dd86be889@group-F209E3BF728F-FollowerState] INFO  impl.FollowerState (FollowerState.java:run(152)) - adad188d-dec8-49e0-8c63-aa4dd86be889@group-F209E3BF728F-FollowerState was interrupted
2023-05-08 09:36:03,648 [adad188d-dec8-49e0-8c63-aa4dd86be889@group-F209E3BF728F-StateMachineUpdater] INFO  ratis.ContainerStateMachine (ContainerStateMachine.java:takeSnapshot(330)) - group-F209E3BF728F: Taking a snapshot at:(t:1, i:0) file /home/runner/work/ozone/ozone/hadoop-ozone/integration-test/target/test-dir/MiniOzoneClusterImpl-8c58255f-3d22-4aeb-98f1-cae2738195f5/datanode-0/data/ratis/3d8c3573-b60c-4a90-9d5e-f209e3bf728f/sm/snapshot.1_0
2023-05-08 09:36:03,648 [7d225e59-d7fc-44c3-8933-4ad8325cd17e@group-2661F54B6AE5-SegmentedRaftLogWorker] INFO  segmented.SegmentedRaftLogWorker (SegmentedRaftLogWorker.java:run(347)) - 7d225e59-d7fc-44c3-8933-4ad8325cd17e@group-2661F54B6AE5-SegmentedRaftLogWorker was interrupted, exiting. There are 0 tasks remaining in the queue.
2023-05-08 09:36:03,649 [adad188d-dec8-49e0-8c63-aa4dd86be889@group-6BBA4484C94B-SegmentedRaftLogWorker] INFO  segmented.SegmentedRaftLogWorker (SegmentedRaftLogWorker.java:run(347)) - adad188d-dec8-49e0-8c63-aa4dd86be889@group-6BBA4484C94B-SegmentedRaftLogWorker was interrupted, exiting. There are 0 tasks remaining in the queue.
2023-05-08 09:36:03,651 [7d225e59-d7fc-44c3-8933-4ad8325cd17e-impl-thread1] INFO  impl.StateMachineUpdater (StateMachineUpdater.java:stopAndJoin(153)) - 7d225e59-d7fc-44c3-8933-4ad8325cd17e@group-F209E3BF728F-StateMachineUpdater: set stopIndex = 0
2023-05-08 09:36:03,651 [7d225e59-d7fc-44c3-8933-4ad8325cd17e@group-F209E3BF728F-FollowerState] INFO  impl.FollowerState (FollowerState.java:run(152)) - 7d225e59-d7fc-44c3-8933-4ad8325cd17e@group-F209E3BF728F-FollowerState was interrupted
2023-05-08 09:36:03,652 [adad188d-dec8-49e0-8c63-aa4dd86be889-impl-thread2] INFO  impl.StateMachineUpdater (StateMachineUpdater.java:stopAndJoin(153)) - adad188d-dec8-49e0-8c63-aa4dd86be889@group-F209E3BF728F-StateMachineUpdater: set stopIndex = 0
2023-05-08 09:36:03,652 [adad188d-dec8-49e0-8c63-aa4dd86be889@group-F209E3BF728F-StateMachineUpdater] INFO  ratis.ContainerStateMachine (ContainerStateMachine.java:takeSnapshot(341)) - group-F209E3BF728F: Finished taking a snapshot at:(t:1, i:0) file:/home/runner/work/ozone/ozone/hadoop-ozone/integration-test/target/test-dir/MiniOzoneClusterImpl-8c58255f-3d22-4aeb-98f1-cae2738195f5/datanode-0/data/ratis/3d8c3573-b60c-4a90-9d5e-f209e3bf728f/sm/snapshot.1_0 took: 4 ms
2023-05-08 09:36:03,652 [adad188d-dec8-49e0-8c63-aa4dd86be889@group-F209E3BF728F-StateMachineUpdater] INFO  impl.StateMachineUpdater (StateMachineUpdater.java:takeSnapshot(287)) - adad188d-dec8-49e0-8c63-aa4dd86be889@group-F209E3BF728F-StateMachineUpdater: Took a snapshot at index 0
2023-05-08 09:36:03,652 [adad188d-dec8-49e0-8c63-aa4dd86be889@group-F209E3BF728F-StateMachineUpdater] INFO  impl.StateMachineUpdater (StateMachineUpdater.java:lambda$new$0(92)) - adad188d-dec8-49e0-8c63-aa4dd86be889@group-F209E3BF728F-StateMachineUpdater: snapshotIndex: updateIncreasingly -1 -> 0
2023-05-08 09:36:03,653 [adad188d-dec8-49e0-8c63-aa4dd86be889-impl-thread2] INFO  server.RaftServer$Division (ServerState.java:close(466)) - adad188d-dec8-49e0-8c63-aa4dd86be889@group-F209E3BF728F: closes. applyIndex: 0
2023-05-08 09:36:03,653 [7d225e59-d7fc-44c3-8933-4ad8325cd17e-impl-thread3] INFO  server.RaftServer$Division (RaftServerImpl.java:lambda$close$4(458)) - 7d225e59-d7fc-44c3-8933-4ad8325cd17e@group-6BBA4484C94B: shutdown
2023-05-08 09:36:03,653 [adad188d-dec8-49e0-8c63-aa4dd86be889@group-F209E3BF728F-SegmentedRaftLogWorker] INFO  segmented.SegmentedRaftLogWorker (SegmentedRaftLogWorker.java:run(347)) - adad188d-dec8-49e0-8c63-aa4dd86be889@group-F209E3BF728F-SegmentedRaftLogWorker was interrupted, exiting. There are 0 tasks remaining in the queue.
2023-05-08 09:36:03,654 [adad188d-dec8-49e0-8c63-aa4dd86be889-impl-thread1] INFO  segmented.SegmentedRaftLogWorker (SegmentedRaftLogWorker.java:close(257)) - adad188d-dec8-49e0-8c63-aa4dd86be889@group-9B440A296EEA-SegmentedRaftLogWorker close()
2023-05-08 09:36:03,654 [grpc-default-executor-3] WARN  server.GrpcServerProtocolService (LogUtils.java:warn(122)) - 7d225e59-d7fc-44c3-8933-4ad8325cd17e: installSnapshot onError, lastRequest: null: org.apache.ratis.thirdparty.io.grpc.StatusRuntimeException: CANCELLED: client cancelled
2023-05-08 09:36:03,654 [Listener at 127.0.0.1/39805] INFO  server.GrpcService (GrpcService.java:closeImpl(280)) - 7d225e59-d7fc-44c3-8933-4ad8325cd17e: shutdown server GrpcServerProtocolService successfully
2023-05-08 09:36:03,655 [grpc-default-executor-0] INFO  server.GrpcLogAppender (GrpcLogAppender.java:onCompleted(415)) - adad188d-dec8-49e0-8c63-aa4dd86be889@group-6BBA4484C94B->7d225e59-d7fc-44c3-8933-4ad8325cd17e-AppendLogResponseHandler: follower responses appendEntries COMPLETED
2023-05-08 09:36:03,655 [grpc-default-executor-1] WARN  server.GrpcLogAppender (LogUtils.java:warn(122)) - 4515e5b0-3b05-46e4-bb3b-126498a8ebe7@group-F209E3BF728F->7d225e59-d7fc-44c3-8933-4ad8325cd17e-AppendLogResponseHandler: Failed appendEntries: org.apache.ratis.thirdparty.io.grpc.StatusRuntimeException: CANCELLED: RST_STREAM closed stream. HTTP/2 error code: CANCEL
2023-05-08 09:36:03,655 [grpc-default-executor-1] WARN  server.GrpcLogAppender (GrpcLogAppender.java:resetClient(131)) - 4515e5b0-3b05-46e4-bb3b-126498a8ebe7@group-F209E3BF728F->7d225e59-d7fc-44c3-8933-4ad8325cd17e-GrpcLogAppender: Leader has not got in touch with Follower 4515e5b0-3b05-46e4-bb3b-126498a8ebe7@group-F209E3BF728F->7d225e59-d7fc-44c3-8933-4ad8325cd17e(c0,m0,n1, attendVote=true, lastRpcSendTime=556, lastRpcResponseTime=538) yet, just keep nextIndex unchanged and retry.
2023-05-08 09:36:03,655 [grpc-default-executor-4] WARN  server.GrpcLogAppender (LogUtils.java:warn(122)) - 4515e5b0-3b05-46e4-bb3b-126498a8ebe7@group-F209E3BF728F->7d225e59-d7fc-44c3-8933-4ad8325cd17e-AppendLogResponseHandler: Failed appendEntries: org.apache.ratis.thirdparty.io.grpc.StatusRuntimeException: CANCELLED: RST_STREAM closed stream. HTTP/2 error code: CANCEL
2023-05-08 09:36:03,655 [grpc-default-executor-0] WARN  server.GrpcLogAppender (GrpcLogAppender.java:resetClient(137)) - adad188d-dec8-49e0-8c63-aa4dd86be889@group-6BBA4484C94B->7d225e59-d7fc-44c3-8933-4ad8325cd17e-GrpcLogAppender: Failed to getClient for 7d225e59-d7fc-44c3-8933-4ad8325cd17e
org.apache.ratis.protocol.exceptions.AlreadyClosedException: adad188d-dec8-49e0-8c63-aa4dd86be889 is already CLOSED
	at org.apache.ratis.util.PeerProxyMap$PeerAndProxy.getProxy(PeerProxyMap.java:61)
	at org.apache.ratis.util.PeerProxyMap.getProxy(PeerProxyMap.java:115)
	at org.apache.ratis.grpc.server.GrpcLogAppender.getClient(GrpcLogAppender.java:116)
	at org.apache.ratis.grpc.server.GrpcLogAppender.resetClient(GrpcLogAppender.java:121)
	at org.apache.ratis.grpc.server.GrpcLogAppender.access$500(GrpcLogAppender.java:58)
	at org.apache.ratis.grpc.server.GrpcLogAppender$AppendLogResponseHandler.onCompleted(GrpcLogAppender.java:416)
	at org.apache.ratis.thirdparty.io.grpc.stub.ClientCalls$StreamObserverToCallListenerAdapter.onClose(ClientCalls.java:485)
	at org.apache.ratis.thirdparty.io.grpc.internal.DelayedClientCall$DelayedListener$3.run(DelayedClientCall.java:468)
	at org.apache.ratis.thirdparty.io.grpc.internal.DelayedClientCall$DelayedListener.delayOrExecute(DelayedClientCall.java:432)
	at org.apache.ratis.thirdparty.io.grpc.internal.DelayedClientCall$DelayedListener.onClose(DelayedClientCall.java:465)
	at org.apache.ratis.thirdparty.io.grpc.internal.ClientCallImpl.closeObserver(ClientCallImpl.java:562)
	at org.apache.ratis.thirdparty.io.grpc.internal.ClientCallImpl.access$300(ClientCallImpl.java:70)
	at org.apache.ratis.thirdparty.io.grpc.internal.ClientCallImpl$ClientStreamListenerImpl$1StreamClosed.runInternal(ClientCallImpl.java:743)
	at org.apache.ratis.thirdparty.io.grpc.internal.ClientCallImpl$ClientStreamListenerImpl$1StreamClosed.runInContext(ClientCallImpl.java:722)
	at org.apache.ratis.thirdparty.io.grpc.internal.ContextRunnable.run(ContextRunnable.java:37)
	at org.apache.ratis.thirdparty.io.grpc.internal.SerializingExecutor.run(SerializingExecutor.java:133)
	at java.util.concurrent.ThreadPoolExecutor.runWorker(ThreadPoolExecutor.java:1149)
	at java.util.concurrent.ThreadPoolExecutor$Worker.run(ThreadPoolExecutor.java:624)
	at java.lang.Thread.run(Thread.java:750)
2023-05-08 09:36:03,656 [7d225e59-d7fc-44c3-8933-4ad8325cd17e-impl-thread2] INFO  segmented.SegmentedRaftLogWorker (SegmentedRaftLogWorker.java:close(257)) - 7d225e59-d7fc-44c3-8933-4ad8325cd17e@group-2661F54B6AE5-SegmentedRaftLogWorker close()
2023-05-08 09:36:03,657 [ForkJoinPool.commonPool-worker-1] INFO  server.GrpcServerProtocolClient (GrpcServerProtocolClient.java:close(101)) - 4515e5b0-3b05-46e4-bb3b-126498a8ebe7 Close channels
2023-05-08 09:36:03,656 [adad188d-dec8-49e0-8c63-aa4dd86be889-impl-thread2] INFO  segmented.SegmentedRaftLogWorker (SegmentedRaftLogWorker.java:close(257)) - adad188d-dec8-49e0-8c63-aa4dd86be889@group-F209E3BF728F-SegmentedRaftLogWorker close()
2023-05-08 09:36:03,656 [adad188d-dec8-49e0-8c63-aa4dd86be889-impl-thread3] INFO  segmented.SegmentedRaftLogWorker (SegmentedRaftLogWorker.java:close(257)) - adad188d-dec8-49e0-8c63-aa4dd86be889@group-6BBA4484C94B-SegmentedRaftLogWorker close()
2023-05-08 09:36:03,655 [7d225e59-d7fc-44c3-8933-4ad8325cd17e-NettyServerStreamRpc-bossGroup--thread1] INFO  logging.LoggingHandler (AbstractInternalLogger.java:log(148)) - [id: 0x18adc750, L:/0:0:0:0:0:0:0:0:36997] CLOSE
2023-05-08 09:36:03,660 [7d225e59-d7fc-44c3-8933-4ad8325cd17e-NettyServerStreamRpc-bossGroup--thread1] INFO  logging.LoggingHandler (AbstractInternalLogger.java:log(148)) - [id: 0x18adc750, L:/0:0:0:0:0:0:0:0:36997] INACTIVE
2023-05-08 09:36:03,660 [7d225e59-d7fc-44c3-8933-4ad8325cd17e-NettyServerStreamRpc-bossGroup--thread1] INFO  logging.LoggingHandler (AbstractInternalLogger.java:log(148)) - [id: 0x18adc750, L:/0:0:0:0:0:0:0:0:36997] UNREGISTERED
2023-05-08 09:36:03,655 [grpc-default-executor-4] WARN  server.GrpcLogAppender (GrpcLogAppender.java:resetClient(131)) - 4515e5b0-3b05-46e4-bb3b-126498a8ebe7@group-F209E3BF728F->7d225e59-d7fc-44c3-8933-4ad8325cd17e-GrpcLogAppender: Leader has not got in touch with Follower 4515e5b0-3b05-46e4-bb3b-126498a8ebe7@group-F209E3BF728F->7d225e59-d7fc-44c3-8933-4ad8325cd17e(c0,m0,n1, attendVote=true, lastRpcSendTime=556, lastRpcResponseTime=538) yet, just keep nextIndex unchanged and retry.
2023-05-08 09:36:03,658 [7d225e59-d7fc-44c3-8933-4ad8325cd17e-impl-thread3] INFO  util.JmxRegister (JmxRegister.java:unregister(73)) - Successfully un-registered JMX Bean with object name Ratis:service=RaftServer,group=group-6BBA4484C94B,id=7d225e59-d7fc-44c3-8933-4ad8325cd17e
2023-05-08 09:36:03,658 [7d225e59-d7fc-44c3-8933-4ad8325cd17e@group-F209E3BF728F-StateMachineUpdater] INFO  ratis.ContainerStateMachine (ContainerStateMachine.java:takeSnapshot(330)) - group-F209E3BF728F: Taking a snapshot at:(t:1, i:0) file /home/runner/work/ozone/ozone/hadoop-ozone/integration-test/target/test-dir/MiniOzoneClusterImpl-8c58255f-3d22-4aeb-98f1-cae2738195f5/datanode-1/data/ratis/3d8c3573-b60c-4a90-9d5e-f209e3bf728f/sm/snapshot.1_0
2023-05-08 09:36:03,658 [grpc-default-executor-2] WARN  server.GrpcServerProtocolService (LogUtils.java:warn(122)) - 7d225e59-d7fc-44c3-8933-4ad8325cd17e: installSnapshot onError, lastRequest: 4515e5b0-3b05-46e4-bb3b-126498a8ebe7->7d225e59-d7fc-44c3-8933-4ad8325cd17e#1-t1,previous=(t:0, i:0),leaderCommit=0,initializing? true,entries: size=1, first=(t:1, i:0), CONFIGURATIONENTRY(current:id: "adad188d-dec8-49e0-8c63-aa4dd86be889"
address: "10.1.0.160:45849"
dataStreamAddress: "10.1.0.160:37925"
clientAddress: "10.1.0.160:45849"
adminAddress: "10.1.0.160:45849"
startupRole: FOLLOWER
,id: "7d225e59-d7fc-44c3-8933-4ad8325cd17e"
address: "10.1.0.160:35621"
dataStreamAddress: "10.1.0.160:36997"
clientAddress: "10.1.0.160:35621"
adminAddress: "10.1.0.160:35621"
startupRole: FOLLOWER
,id: "4515e5b0-3b05-46e4-bb3b-126498a8ebe7"
address: "10.1.0.160:34219"
priority: 1
dataStreamAddress: "10.1.0.160:36629"
clientAddress: "10.1.0.160:34219"
adminAddress: "10.1.0.160:34219"
startupRole: FOLLOWER
, old:): org.apache.ratis.thirdparty.io.grpc.StatusRuntimeException: CANCELLED: client cancelled
2023-05-08 09:36:03,666 [7d225e59-d7fc-44c3-8933-4ad8325cd17e-impl-thread3] INFO  impl.RoleInfo (RoleInfo.java:shutdownFollowerState(110)) - 7d225e59-d7fc-44c3-8933-4ad8325cd17e: shutdown 7d225e59-d7fc-44c3-8933-4ad8325cd17e@group-6BBA4484C94B-FollowerState
2023-05-08 09:36:03,667 [7d225e59-d7fc-44c3-8933-4ad8325cd17e@group-F209E3BF728F-StateMachineUpdater] INFO  ratis.ContainerStateMachine (ContainerStateMachine.java:takeSnapshot(341)) - group-F209E3BF728F: Finished taking a snapshot at:(t:1, i:0) file:/home/runner/work/ozone/ozone/hadoop-ozone/integration-test/target/test-dir/MiniOzoneClusterImpl-8c58255f-3d22-4aeb-98f1-cae2738195f5/datanode-1/data/ratis/3d8c3573-b60c-4a90-9d5e-f209e3bf728f/sm/snapshot.1_0 took: 8 ms
2023-05-08 09:36:03,667 [7d225e59-d7fc-44c3-8933-4ad8325cd17e@group-F209E3BF728F-StateMachineUpdater] INFO  impl.StateMachineUpdater (StateMachineUpdater.java:takeSnapshot(287)) - 7d225e59-d7fc-44c3-8933-4ad8325cd17e@group-F209E3BF728F-StateMachineUpdater: Took a snapshot at index 0
2023-05-08 09:36:03,667 [7d225e59-d7fc-44c3-8933-4ad8325cd17e@group-F209E3BF728F-StateMachineUpdater] INFO  impl.StateMachineUpdater (StateMachineUpdater.java:lambda$new$0(92)) - 7d225e59-d7fc-44c3-8933-4ad8325cd17e@group-F209E3BF728F-StateMachineUpdater: snapshotIndex: updateIncreasingly -1 -> 0
2023-05-08 09:36:03,667 [7d225e59-d7fc-44c3-8933-4ad8325cd17e-impl-thread1] INFO  server.RaftServer$Division (ServerState.java:close(466)) - 7d225e59-d7fc-44c3-8933-4ad8325cd17e@group-F209E3BF728F: closes. applyIndex: 0
2023-05-08 09:36:03,685 [7d225e59-d7fc-44c3-8933-4ad8325cd17e@group-F209E3BF728F-SegmentedRaftLogWorker] INFO  segmented.SegmentedRaftLogWorker (SegmentedRaftLogWorker.java:run(347)) - 7d225e59-d7fc-44c3-8933-4ad8325cd17e@group-F209E3BF728F-SegmentedRaftLogWorker was interrupted, exiting. There are 0 tasks remaining in the queue.
2023-05-08 09:36:03,685 [7d225e59-d7fc-44c3-8933-4ad8325cd17e-impl-thread3] INFO  impl.StateMachineUpdater (StateMachineUpdater.java:stopAndJoin(153)) - 7d225e59-d7fc-44c3-8933-4ad8325cd17e@group-6BBA4484C94B-StateMachineUpdater: set stopIndex = 0
2023-05-08 09:36:03,685 [7d225e59-d7fc-44c3-8933-4ad8325cd17e@group-6BBA4484C94B-FollowerState] INFO  impl.FollowerState (FollowerState.java:run(152)) - 7d225e59-d7fc-44c3-8933-4ad8325cd17e@group-6BBA4484C94B-FollowerState was interrupted
2023-05-08 09:36:03,693 [ForkJoinPool.commonPool-worker-1] INFO  server.GrpcService (GrpcService.java:closeImpl(280)) - adad188d-dec8-49e0-8c63-aa4dd86be889: shutdown server GrpcServerProtocolService successfully
2023-05-08 09:36:03,704 [7d225e59-d7fc-44c3-8933-4ad8325cd17e@group-6BBA4484C94B-StateMachineUpdater] INFO  ratis.ContainerStateMachine (ContainerStateMachine.java:takeSnapshot(330)) - group-6BBA4484C94B: Taking a snapshot at:(t:1, i:0) file /home/runner/work/ozone/ozone/hadoop-ozone/integration-test/target/test-dir/MiniOzoneClusterImpl-8c58255f-3d22-4aeb-98f1-cae2738195f5/datanode-1/data/ratis/4ba760ce-735a-4ae5-8528-6bba4484c94b/sm/snapshot.1_0
2023-05-08 09:36:03,706 [7d225e59-d7fc-44c3-8933-4ad8325cd17e@group-6BBA4484C94B-StateMachineUpdater] INFO  ratis.ContainerStateMachine (ContainerStateMachine.java:takeSnapshot(341)) - group-6BBA4484C94B: Finished taking a snapshot at:(t:1, i:0) file:/home/runner/work/ozone/ozone/hadoop-ozone/integration-test/target/test-dir/MiniOzoneClusterImpl-8c58255f-3d22-4aeb-98f1-cae2738195f5/datanode-1/data/ratis/4ba760ce-735a-4ae5-8528-6bba4484c94b/sm/snapshot.1_0 took: 1 ms
2023-05-08 09:36:03,706 [7d225e59-d7fc-44c3-8933-4ad8325cd17e@group-6BBA4484C94B-StateMachineUpdater] INFO  impl.StateMachineUpdater (StateMachineUpdater.java:takeSnapshot(287)) - 7d225e59-d7fc-44c3-8933-4ad8325cd17e@group-6BBA4484C94B-StateMachineUpdater: Took a snapshot at index 0
2023-05-08 09:36:03,706 [7d225e59-d7fc-44c3-8933-4ad8325cd17e@group-6BBA4484C94B-StateMachineUpdater] INFO  impl.StateMachineUpdater (StateMachineUpdater.java:lambda$new$0(92)) - 7d225e59-d7fc-44c3-8933-4ad8325cd17e@group-6BBA4484C94B-StateMachineUpdater: snapshotIndex: updateIncreasingly -1 -> 0
2023-05-08 09:36:03,706 [7d225e59-d7fc-44c3-8933-4ad8325cd17e-impl-thread3] INFO  server.RaftServer$Division (ServerState.java:close(466)) - 7d225e59-d7fc-44c3-8933-4ad8325cd17e@group-6BBA4484C94B: closes. applyIndex: 0
2023-05-08 09:36:03,724 [7d225e59-d7fc-44c3-8933-4ad8325cd17e-impl-thread1] INFO  segmented.SegmentedRaftLogWorker (SegmentedRaftLogWorker.java:close(257)) - 7d225e59-d7fc-44c3-8933-4ad8325cd17e@group-F209E3BF728F-SegmentedRaftLogWorker close()
2023-05-08 09:36:03,724 [7d225e59-d7fc-44c3-8933-4ad8325cd17e@group-6BBA4484C94B-SegmentedRaftLogWorker] INFO  segmented.SegmentedRaftLogWorker (SegmentedRaftLogWorker.java:run(347)) - 7d225e59-d7fc-44c3-8933-4ad8325cd17e@group-6BBA4484C94B-SegmentedRaftLogWorker was interrupted, exiting. There are 0 tasks remaining in the queue.
2023-05-08 09:36:03,724 [adad188d-dec8-49e0-8c63-aa4dd86be889-NettyServerStreamRpc-bossGroup--thread1] INFO  logging.LoggingHandler (AbstractInternalLogger.java:log(148)) - [id: 0xa3f1298e, L:/0:0:0:0:0:0:0:0:37925] CLOSE
2023-05-08 09:36:03,725 [adad188d-dec8-49e0-8c63-aa4dd86be889-NettyServerStreamRpc-bossGroup--thread1] INFO  logging.LoggingHandler (AbstractInternalLogger.java:log(148)) - [id: 0xa3f1298e, L:/0:0:0:0:0:0:0:0:37925] INACTIVE
2023-05-08 09:36:03,725 [adad188d-dec8-49e0-8c63-aa4dd86be889-NettyServerStreamRpc-bossGroup--thread1] INFO  logging.LoggingHandler (AbstractInternalLogger.java:log(148)) - [id: 0xa3f1298e, L:/0:0:0:0:0:0:0:0:37925] UNREGISTERED
2023-05-08 09:36:03,747 [7d225e59-d7fc-44c3-8933-4ad8325cd17e-impl-thread3] INFO  segmented.SegmentedRaftLogWorker (SegmentedRaftLogWorker.java:close(257)) - 7d225e59-d7fc-44c3-8933-4ad8325cd17e@group-6BBA4484C94B-SegmentedRaftLogWorker close()
2023-05-08 09:36:03,755 [JvmPauseMonitor21] INFO  util.JvmPauseMonitor (JvmPauseMonitor.java:run(111)) - JvmPauseMonitor-adad188d-dec8-49e0-8c63-aa4dd86be889: Stopped
2023-05-08 09:36:03,764 [JvmPauseMonitor22] INFO  util.JvmPauseMonitor (JvmPauseMonitor.java:run(111)) - JvmPauseMonitor-7d225e59-d7fc-44c3-8933-4ad8325cd17e: Stopped
2023-05-08 09:36:03,780 [4515e5b0-3b05-46e4-bb3b-126498a8ebe7@group-A8086BE53C9D-FollowerState] INFO  impl.FollowerState (FollowerState.java:run(143)) - 4515e5b0-3b05-46e4-bb3b-126498a8ebe7@group-A8086BE53C9D-FollowerState: change to CANDIDATE, lastRpcElapsedTime:5189556546ns, electionTimeout:5189ms
2023-05-08 09:36:03,780 [4515e5b0-3b05-46e4-bb3b-126498a8ebe7@group-A8086BE53C9D-FollowerState] INFO  impl.RoleInfo (RoleInfo.java:shutdownFollowerState(110)) - 4515e5b0-3b05-46e4-bb3b-126498a8ebe7: shutdown 4515e5b0-3b05-46e4-bb3b-126498a8ebe7@group-A8086BE53C9D-FollowerState
2023-05-08 09:36:03,780 [4515e5b0-3b05-46e4-bb3b-126498a8ebe7@group-A8086BE53C9D-FollowerState] INFO  server.RaftServer$Division (RaftServerImpl.java:setRole(321)) - 4515e5b0-3b05-46e4-bb3b-126498a8ebe7@group-A8086BE53C9D: changes role from  FOLLOWER to CANDIDATE at term 0 for changeToCandidate
2023-05-08 09:36:03,781 [4515e5b0-3b05-46e4-bb3b-126498a8ebe7@group-A8086BE53C9D-FollowerState] INFO  server.RaftServerConfigKeys (ConfUtils.java:logGet(46)) - raft.server.leaderelection.pre-vote = true (default)
2023-05-08 09:36:03,781 [4515e5b0-3b05-46e4-bb3b-126498a8ebe7@group-A8086BE53C9D-FollowerState] INFO  impl.RoleInfo (RoleInfo.java:updateAndGet(139)) - 4515e5b0-3b05-46e4-bb3b-126498a8ebe7: start 4515e5b0-3b05-46e4-bb3b-126498a8ebe7@group-A8086BE53C9D-LeaderElection42
2023-05-08 09:36:03,806 [4515e5b0-3b05-46e4-bb3b-126498a8ebe7@group-A8086BE53C9D-LeaderElection42] INFO  impl.LeaderElection (LeaderElection.java:askForVotes(312)) - 4515e5b0-3b05-46e4-bb3b-126498a8ebe7@group-A8086BE53C9D-LeaderElection42 PRE_VOTE round 0: submit vote requests at term 0 for -1: peers:[4515e5b0-3b05-46e4-bb3b-126498a8ebe7|rpc:10.1.0.160:34219|dataStream:10.1.0.160:36629|priority:1|startupRole:FOLLOWER]|listeners:[], old=null
2023-05-08 09:36:03,806 [4515e5b0-3b05-46e4-bb3b-126498a8ebe7@group-A8086BE53C9D-LeaderElection42] INFO  impl.LeaderElection (LeaderElection.java:askForVotes(314)) - 4515e5b0-3b05-46e4-bb3b-126498a8ebe7@group-A8086BE53C9D-LeaderElection42 PRE_VOTE round 0: result PASSED (term=0)
2023-05-08 09:36:03,808 [4515e5b0-3b05-46e4-bb3b-126498a8ebe7@group-A8086BE53C9D-LeaderElection42] INFO  impl.LeaderElection (LeaderElection.java:askForVotes(312)) - 4515e5b0-3b05-46e4-bb3b-126498a8ebe7@group-A8086BE53C9D-LeaderElection42 ELECTION round 0: submit vote requests at term 1 for -1: peers:[4515e5b0-3b05-46e4-bb3b-126498a8ebe7|rpc:10.1.0.160:34219|dataStream:10.1.0.160:36629|priority:1|startupRole:FOLLOWER]|listeners:[], old=null
2023-05-08 09:36:03,808 [4515e5b0-3b05-46e4-bb3b-126498a8ebe7@group-A8086BE53C9D-LeaderElection42] INFO  impl.LeaderElection (LeaderElection.java:askForVotes(314)) - 4515e5b0-3b05-46e4-bb3b-126498a8ebe7@group-A8086BE53C9D-LeaderElection42 ELECTION round 0: result PASSED (term=1)
2023-05-08 09:36:03,808 [4515e5b0-3b05-46e4-bb3b-126498a8ebe7@group-A8086BE53C9D-LeaderElection42] INFO  impl.RoleInfo (RoleInfo.java:shutdownLeaderElection(130)) - 4515e5b0-3b05-46e4-bb3b-126498a8ebe7: shutdown 4515e5b0-3b05-46e4-bb3b-126498a8ebe7@group-A8086BE53C9D-LeaderElection42
2023-05-08 09:36:03,808 [4515e5b0-3b05-46e4-bb3b-126498a8ebe7@group-A8086BE53C9D-LeaderElection42] INFO  server.RaftServer$Division (RaftServerImpl.java:setRole(321)) - 4515e5b0-3b05-46e4-bb3b-126498a8ebe7@group-A8086BE53C9D: changes role from CANDIDATE to LEADER at term 1 for changeToLeader
2023-05-08 09:36:03,808 [4515e5b0-3b05-46e4-bb3b-126498a8ebe7@group-A8086BE53C9D-LeaderElection42] INFO  ratis.XceiverServerRatis (XceiverServerRatis.java:handleLeaderChangedNotification(904)) - Leader change notification received for group: group-A8086BE53C9D with new leaderId: 4515e5b0-3b05-46e4-bb3b-126498a8ebe7
2023-05-08 09:36:03,809 [4515e5b0-3b05-46e4-bb3b-126498a8ebe7@group-A8086BE53C9D-LeaderElection42] INFO  server.RaftServer$Division (ServerState.java:setLeader(313)) - 4515e5b0-3b05-46e4-bb3b-126498a8ebe7@group-A8086BE53C9D: change Leader from null to 4515e5b0-3b05-46e4-bb3b-126498a8ebe7 at term 1 for becomeLeader, leader elected after 5230ms
2023-05-08 09:36:03,809 [4515e5b0-3b05-46e4-bb3b-126498a8ebe7@group-A8086BE53C9D-LeaderElection42] INFO  server.RaftServerConfigKeys (ConfUtils.java:logGet(46)) - raft.server.staging.catchup.gap = 1000 (default)
2023-05-08 09:36:03,809 [4515e5b0-3b05-46e4-bb3b-126498a8ebe7@group-A8086BE53C9D-LeaderElection42] INFO  server.RaftServerConfigKeys (ConfUtils.java:logGet(46)) - raft.server.write.element-limit = 1024 (custom)
2023-05-08 09:36:03,809 [4515e5b0-3b05-46e4-bb3b-126498a8ebe7@group-A8086BE53C9D-LeaderElection42] INFO  server.RaftServerConfigKeys (ConfUtils.java:logGet(46)) - raft.server.write.byte-limit = 1024 M (=1073741824) (custom)
2023-05-08 09:36:03,809 [4515e5b0-3b05-46e4-bb3b-126498a8ebe7@group-A8086BE53C9D-LeaderElection42] INFO  server.RaftServerConfigKeys (ConfUtils.java:logGet(46)) - raft.server.watch.timeout = 180s (custom)
2023-05-08 09:36:03,809 [4515e5b0-3b05-46e4-bb3b-126498a8ebe7@group-A8086BE53C9D-LeaderElection42] INFO  server.RaftServerConfigKeys (ConfUtils.java:logGet(46)) - raft.server.watch.timeout.denomination = 1s (default)
2023-05-08 09:36:03,809 [4515e5b0-3b05-46e4-bb3b-126498a8ebe7@group-A8086BE53C9D-LeaderElection42] INFO  server.RaftServerConfigKeys (ConfUtils.java:logGet(46)) - raft.server.watch.element-limit = 65536 (default)
2023-05-08 09:36:03,809 [4515e5b0-3b05-46e4-bb3b-126498a8ebe7@group-A8086BE53C9D-LeaderElection42] INFO  server.RaftServerConfigKeys (ConfUtils.java:logGet(46)) - raft.server.write.element-limit = 1024 (custom)
2023-05-08 09:36:03,809 [4515e5b0-3b05-46e4-bb3b-126498a8ebe7@group-A8086BE53C9D-LeaderElection42] INFO  server.RaftServerConfigKeys (ConfUtils.java:logGet(46)) - raft.server.write.follower.gap.ratio.max = -1.0 (default)
2023-05-08 09:36:03,809 [4515e5b0-3b05-46e4-bb3b-126498a8ebe7@group-A8086BE53C9D-LeaderElection42] INFO  impl.RoleInfo (RoleInfo.java:updateAndGet(139)) - 4515e5b0-3b05-46e4-bb3b-126498a8ebe7: start 4515e5b0-3b05-46e4-bb3b-126498a8ebe7@group-A8086BE53C9D-LeaderStateImpl
2023-05-08 09:36:03,809 [4515e5b0-3b05-46e4-bb3b-126498a8ebe7@group-A8086BE53C9D-LeaderElection42] INFO  segmented.SegmentedRaftLogWorker (SegmentedRaftLogWorker.java:startLogSegment(452)) - 4515e5b0-3b05-46e4-bb3b-126498a8ebe7@group-A8086BE53C9D-SegmentedRaftLogWorker: Starting segment from index:0
2023-05-08 09:36:03,814 [4515e5b0-3b05-46e4-bb3b-126498a8ebe7@group-A8086BE53C9D-SegmentedRaftLogWorker] INFO  segmented.SegmentedRaftLogWorker (SegmentedRaftLogWorker.java:execute(656)) - 4515e5b0-3b05-46e4-bb3b-126498a8ebe7@group-A8086BE53C9D-SegmentedRaftLogWorker: created new log segment /home/runner/work/ozone/ozone/hadoop-ozone/integration-test/target/test-dir/MiniOzoneClusterImpl-8c58255f-3d22-4aeb-98f1-cae2738195f5/datanode-2/data/ratis/b5a8bee8-5097-4b31-bfdb-a8086be53c9d/current/log_inprogress_0
2023-05-08 09:36:03,824 [4515e5b0-3b05-46e4-bb3b-126498a8ebe7@group-A8086BE53C9D-LeaderElection42] INFO  server.RaftServer$Division (ServerState.java:setRaftConf(430)) - 4515e5b0-3b05-46e4-bb3b-126498a8ebe7@group-A8086BE53C9D: set configuration 0: peers:[4515e5b0-3b05-46e4-bb3b-126498a8ebe7|rpc:10.1.0.160:34219|dataStream:10.1.0.160:36629|priority:1|startupRole:FOLLOWER]|listeners:[], old=null
2023-05-08 09:36:05,620 [grpc-default-executor-2] WARN  server.GrpcLogAppender (LogUtils.java:warn(122)) - 4515e5b0-3b05-46e4-bb3b-126498a8ebe7@group-F209E3BF728F->adad188d-dec8-49e0-8c63-aa4dd86be889-AppendLogResponseHandler: Failed appendEntries: org.apache.ratis.thirdparty.io.grpc.StatusRuntimeException: UNAVAILABLE: io exception
2023-05-08 09:36:05,621 [grpc-default-executor-4] WARN  server.GrpcLogAppender (LogUtils.java:warn(122)) - 4515e5b0-3b05-46e4-bb3b-126498a8ebe7@group-F209E3BF728F->adad188d-dec8-49e0-8c63-aa4dd86be889-AppendLogResponseHandler: Failed appendEntries: org.apache.ratis.thirdparty.io.grpc.StatusRuntimeException: UNAVAILABLE: io exception
2023-05-08 09:36:05,622 [grpc-default-executor-2] WARN  server.GrpcLogAppender (GrpcLogAppender.java:resetClient(131)) - 4515e5b0-3b05-46e4-bb3b-126498a8ebe7@group-F209E3BF728F->adad188d-dec8-49e0-8c63-aa4dd86be889-GrpcLogAppender: Leader has not got in touch with Follower 4515e5b0-3b05-46e4-bb3b-126498a8ebe7@group-F209E3BF728F->adad188d-dec8-49e0-8c63-aa4dd86be889(c0,m0,n1, attendVote=true, lastRpcSendTime=2525, lastRpcResponseTime=2503) yet, just keep nextIndex unchanged and retry.
2023-05-08 09:36:05,623 [grpc-default-executor-4] WARN  server.GrpcLogAppender (GrpcLogAppender.java:resetClient(131)) - 4515e5b0-3b05-46e4-bb3b-126498a8ebe7@group-F209E3BF728F->adad188d-dec8-49e0-8c63-aa4dd86be889-GrpcLogAppender: Leader has not got in touch with Follower 4515e5b0-3b05-46e4-bb3b-126498a8ebe7@group-F209E3BF728F->adad188d-dec8-49e0-8c63-aa4dd86be889(c0,m0,n1, attendVote=true, lastRpcSendTime=2526, lastRpcResponseTime=2504) yet, just keep nextIndex unchanged and retry.
2023-05-08 09:36:05,623 [grpc-default-executor-4] WARN  server.GrpcLogAppender (LogUtils.java:warn(122)) - 4515e5b0-3b05-46e4-bb3b-126498a8ebe7@group-F209E3BF728F->adad188d-dec8-49e0-8c63-aa4dd86be889-AppendLogResponseHandler: Failed appendEntries: org.apache.ratis.thirdparty.io.grpc.StatusRuntimeException: UNAVAILABLE: io exception
2023-05-08 09:36:05,624 [grpc-default-executor-2] WARN  server.GrpcLogAppender (LogUtils.java:warn(122)) - 4515e5b0-3b05-46e4-bb3b-126498a8ebe7@group-F209E3BF728F->adad188d-dec8-49e0-8c63-aa4dd86be889-AppendLogResponseHandler: Failed appendEntries: org.apache.ratis.thirdparty.io.grpc.StatusRuntimeException: UNAVAILABLE: io exception
2023-05-08 09:36:05,624 [grpc-default-executor-4] WARN  server.GrpcLogAppender (GrpcLogAppender.java:resetClient(131)) - 4515e5b0-3b05-46e4-bb3b-126498a8ebe7@group-F209E3BF728F->adad188d-dec8-49e0-8c63-aa4dd86be889-GrpcLogAppender: Leader has not got in touch with Follower 4515e5b0-3b05-46e4-bb3b-126498a8ebe7@group-F209E3BF728F->adad188d-dec8-49e0-8c63-aa4dd86be889(c0,m0,n1, attendVote=true, lastRpcSendTime=2528, lastRpcResponseTime=2505) yet, just keep nextIndex unchanged and retry.
2023-05-08 09:36:05,624 [grpc-default-executor-2] WARN  server.GrpcLogAppender (GrpcLogAppender.java:resetClient(131)) - 4515e5b0-3b05-46e4-bb3b-126498a8ebe7@group-F209E3BF728F->adad188d-dec8-49e0-8c63-aa4dd86be889-GrpcLogAppender: Leader has not got in touch with Follower 4515e5b0-3b05-46e4-bb3b-126498a8ebe7@group-F209E3BF728F->adad188d-dec8-49e0-8c63-aa4dd86be889(c0,m0,n1, attendVote=true, lastRpcSendTime=2528, lastRpcResponseTime=2505) yet, just keep nextIndex unchanged and retry.
2023-05-08 09:36:05,625 [grpc-default-executor-2] WARN  server.GrpcLogAppender (LogUtils.java:warn(122)) - 4515e5b0-3b05-46e4-bb3b-126498a8ebe7@group-F209E3BF728F->adad188d-dec8-49e0-8c63-aa4dd86be889-AppendLogResponseHandler: Failed appendEntries: org.apache.ratis.thirdparty.io.grpc.StatusRuntimeException: UNAVAILABLE: io exception
2023-05-08 09:36:05,625 [grpc-default-executor-4] WARN  server.GrpcLogAppender (LogUtils.java:warn(122)) - 4515e5b0-3b05-46e4-bb3b-126498a8ebe7@group-F209E3BF728F->adad188d-dec8-49e0-8c63-aa4dd86be889-AppendLogResponseHandler: Failed appendEntries: org.apache.ratis.thirdparty.io.grpc.StatusRuntimeException: UNAVAILABLE: io exception
2023-05-08 09:36:05,625 [grpc-default-executor-2] WARN  server.GrpcLogAppender (GrpcLogAppender.java:resetClient(131)) - 4515e5b0-3b05-46e4-bb3b-126498a8ebe7@group-F209E3BF728F->adad188d-dec8-49e0-8c63-aa4dd86be889-GrpcLogAppender: Leader has not got in touch with Follower 4515e5b0-3b05-46e4-bb3b-126498a8ebe7@group-F209E3BF728F->adad188d-dec8-49e0-8c63-aa4dd86be889(c0,m0,n1, attendVote=true, lastRpcSendTime=2529, lastRpcResponseTime=2506) yet, just keep nextIndex unchanged and retry.
2023-05-08 09:36:05,626 [grpc-default-executor-4] WARN  server.GrpcLogAppender (GrpcLogAppender.java:resetClient(131)) - 4515e5b0-3b05-46e4-bb3b-126498a8ebe7@group-F209E3BF728F->adad188d-dec8-49e0-8c63-aa4dd86be889-GrpcLogAppender: Leader has not got in touch with Follower 4515e5b0-3b05-46e4-bb3b-126498a8ebe7@group-F209E3BF728F->adad188d-dec8-49e0-8c63-aa4dd86be889(c0,m0,n1, attendVote=true, lastRpcSendTime=2530, lastRpcResponseTime=2507) yet, just keep nextIndex unchanged and retry.
2023-05-08 09:36:05,626 [grpc-default-executor-2] WARN  server.GrpcLogAppender (LogUtils.java:warn(122)) - 4515e5b0-3b05-46e4-bb3b-126498a8ebe7@group-F209E3BF728F->7d225e59-d7fc-44c3-8933-4ad8325cd17e-AppendLogResponseHandler: Failed appendEntries: org.apache.ratis.thirdparty.io.grpc.StatusRuntimeException: UNAVAILABLE: io exception
2023-05-08 09:36:05,627 [grpc-default-executor-4] WARN  server.GrpcLogAppender (LogUtils.java:warn(122)) - 4515e5b0-3b05-46e4-bb3b-126498a8ebe7@group-F209E3BF728F->adad188d-dec8-49e0-8c63-aa4dd86be889-AppendLogResponseHandler: Failed appendEntries: org.apache.ratis.thirdparty.io.grpc.StatusRuntimeException: UNAVAILABLE: io exception
2023-05-08 09:36:05,627 [grpc-default-executor-0] WARN  server.GrpcLogAppender (LogUtils.java:warn(122)) - 4515e5b0-3b05-46e4-bb3b-126498a8ebe7@group-F209E3BF728F->adad188d-dec8-49e0-8c63-aa4dd86be889-AppendLogResponseHandler: Failed appendEntries: org.apache.ratis.thirdparty.io.grpc.StatusRuntimeException: UNAVAILABLE: io exception
2023-05-08 09:36:05,627 [grpc-default-executor-4] WARN  server.GrpcLogAppender (GrpcLogAppender.java:resetClient(131)) - 4515e5b0-3b05-46e4-bb3b-126498a8ebe7@group-F209E3BF728F->adad188d-dec8-49e0-8c63-aa4dd86be889-GrpcLogAppender: Leader has not got in touch with Follower 4515e5b0-3b05-46e4-bb3b-126498a8ebe7@group-F209E3BF728F->adad188d-dec8-49e0-8c63-aa4dd86be889(c0,m0,n1, attendVote=true, lastRpcSendTime=2531, lastRpcResponseTime=2508) yet, just keep nextIndex unchanged and retry.
2023-05-08 09:36:05,628 [grpc-default-executor-0] WARN  server.GrpcLogAppender (GrpcLogAppender.java:resetClient(131)) - 4515e5b0-3b05-46e4-bb3b-126498a8ebe7@group-F209E3BF728F->adad188d-dec8-49e0-8c63-aa4dd86be889-GrpcLogAppender: Leader has not got in touch with Follower 4515e5b0-3b05-46e4-bb3b-126498a8ebe7@group-F209E3BF728F->adad188d-dec8-49e0-8c63-aa4dd86be889(c0,m0,n1, attendVote=true, lastRpcSendTime=2531, lastRpcResponseTime=2508) yet, just keep nextIndex unchanged and retry.
2023-05-08 09:36:05,628 [grpc-default-executor-0] WARN  server.GrpcLogAppender (LogUtils.java:warn(122)) - 4515e5b0-3b05-46e4-bb3b-126498a8ebe7@group-F209E3BF728F->adad188d-dec8-49e0-8c63-aa4dd86be889-AppendLogResponseHandler: Failed appendEntries: org.apache.ratis.thirdparty.io.grpc.StatusRuntimeException: UNAVAILABLE: io exception
2023-05-08 09:36:05,628 [grpc-default-executor-2] WARN  server.GrpcLogAppender (GrpcLogAppender.java:resetClient(131)) - 4515e5b0-3b05-46e4-bb3b-126498a8ebe7@group-F209E3BF728F->7d225e59-d7fc-44c3-8933-4ad8325cd17e-GrpcLogAppender: Leader has not got in touch with Follower 4515e5b0-3b05-46e4-bb3b-126498a8ebe7@group-F209E3BF728F->7d225e59-d7fc-44c3-8933-4ad8325cd17e(c0,m0,n1, attendVote=true, lastRpcSendTime=0, lastRpcResponseTime=2511) yet, just keep nextIndex unchanged and retry.
2023-05-08 09:36:05,630 [grpc-default-executor-1] WARN  server.GrpcLogAppender (LogUtils.java:warn(122)) - 4515e5b0-3b05-46e4-bb3b-126498a8ebe7@group-F209E3BF728F->adad188d-dec8-49e0-8c63-aa4dd86be889-AppendLogResponseHandler: Failed appendEntries: org.apache.ratis.thirdparty.io.grpc.StatusRuntimeException: UNAVAILABLE: io exception
2023-05-08 09:36:05,630 [grpc-default-executor-2] WARN  server.GrpcLogAppender (LogUtils.java:warn(122)) - 4515e5b0-3b05-46e4-bb3b-126498a8ebe7@group-F209E3BF728F->7d225e59-d7fc-44c3-8933-4ad8325cd17e-AppendLogResponseHandler: Failed appendEntries: org.apache.ratis.thirdparty.io.grpc.StatusRuntimeException: UNAVAILABLE: io exception
2023-05-08 09:36:05,630 [grpc-default-executor-2] WARN  server.GrpcLogAppender (GrpcLogAppender.java:resetClient(131)) - 4515e5b0-3b05-46e4-bb3b-126498a8ebe7@group-F209E3BF728F->7d225e59-d7fc-44c3-8933-4ad8325cd17e-GrpcLogAppender: Leader has not got in touch with Follower 4515e5b0-3b05-46e4-bb3b-126498a8ebe7@group-F209E3BF728F->7d225e59-d7fc-44c3-8933-4ad8325cd17e(c0,m0,n1, attendVote=true, lastRpcSendTime=2, lastRpcResponseTime=2513) yet, just keep nextIndex unchanged and retry.
2023-05-08 09:36:05,631 [grpc-default-executor-0] WARN  server.GrpcLogAppender (GrpcLogAppender.java:resetClient(131)) - 4515e5b0-3b05-46e4-bb3b-126498a8ebe7@group-F209E3BF728F->adad188d-dec8-49e0-8c63-aa4dd86be889-GrpcLogAppender: Leader has not got in touch with Follower 4515e5b0-3b05-46e4-bb3b-126498a8ebe7@group-F209E3BF728F->adad188d-dec8-49e0-8c63-aa4dd86be889(c0,m0,n1, attendVote=true, lastRpcSendTime=0, lastRpcResponseTime=2511) yet, just keep nextIndex unchanged and retry.
2023-05-08 09:36:05,631 [grpc-default-executor-1] WARN  server.GrpcLogAppender (GrpcLogAppender.java:resetClient(131)) - 4515e5b0-3b05-46e4-bb3b-126498a8ebe7@group-F209E3BF728F->adad188d-dec8-49e0-8c63-aa4dd86be889-GrpcLogAppender: Leader has not got in touch with Follower 4515e5b0-3b05-46e4-bb3b-126498a8ebe7@group-F209E3BF728F->adad188d-dec8-49e0-8c63-aa4dd86be889(c0,m0,n1, attendVote=true, lastRpcSendTime=1, lastRpcResponseTime=2512) yet, just keep nextIndex unchanged and retry.
2023-05-08 09:36:05,853 [ForkJoinPool.commonPool-worker-1] INFO  volume.HddsVolume (HddsVolume.java:closeDbStore(437)) - SchemaV3 db is stopped at /home/runner/work/ozone/ozone/hadoop-ozone/integration-test/target/test-dir/MiniOzoneClusterImpl-8c58255f-3d22-4aeb-98f1-cae2738195f5/datanode-0/data-0/containers/hdds/8c58255f-3d22-4aeb-98f1-cae2738195f5/DS-220bb6a5-0308-47b6-87ff-e57134bc8193/container.db for volume DS-220bb6a5-0308-47b6-87ff-e57134bc8193
2023-05-08 09:36:05,854 [ForkJoinPool.commonPool-worker-1] INFO  utils.BackgroundService (BackgroundService.java:shutdown(141)) - Shutting down service BlockDeletingService
2023-05-08 09:36:05,854 [Listener at 127.0.0.1/39805] INFO  volume.HddsVolume (HddsVolume.java:closeDbStore(437)) - SchemaV3 db is stopped at /home/runner/work/ozone/ozone/hadoop-ozone/integration-test/target/test-dir/MiniOzoneClusterImpl-8c58255f-3d22-4aeb-98f1-cae2738195f5/datanode-1/data-0/containers/hdds/8c58255f-3d22-4aeb-98f1-cae2738195f5/DS-cdb75aed-974c-47ff-b4f7-59b644303d6e/container.db for volume DS-cdb75aed-974c-47ff-b4f7-59b644303d6e
2023-05-08 09:36:05,854 [Listener at 127.0.0.1/39805] INFO  utils.BackgroundService (BackgroundService.java:shutdown(141)) - Shutting down service BlockDeletingService
2023-05-08 09:36:05,854 [ForkJoinPool.commonPool-worker-1] INFO  utils.BackgroundService (BackgroundService.java:shutdown(141)) - Shutting down service StaleRecoveringContainerScrubbingService
2023-05-08 09:36:05,854 [Listener at 127.0.0.1/39805] INFO  utils.BackgroundService (BackgroundService.java:shutdown(141)) - Shutting down service StaleRecoveringContainerScrubbingService
2023-05-08 09:36:05,856 [Listener at 127.0.0.1/39805] INFO  statemachine.DatanodeStateMachine (DatanodeStateMachine.java:stopDaemon(608)) - Ozone container server stopped.
2023-05-08 09:36:05,859 [ForkJoinPool.commonPool-worker-1] INFO  statemachine.DatanodeStateMachine (DatanodeStateMachine.java:stopDaemon(608)) - Ozone container server stopped.
2023-05-08 09:36:05,873 [Listener at 127.0.0.1/39805] INFO  handler.ContextHandler (ContextHandler.java:doStop(1159)) - Stopped o.e.j.w.WebAppContext@29623386{hddsDatanode,/,null,STOPPED}{jar:file:/home/runner/.m2/repository/org/apache/ozone/hdds-container-service/1.4.0-SNAPSHOT/hdds-container-service-1.4.0-SNAPSHOT.jar!/webapps/hddsDatanode}
2023-05-08 09:36:05,875 [ForkJoinPool.commonPool-worker-1] INFO  handler.ContextHandler (ContextHandler.java:doStop(1159)) - Stopped o.e.j.w.WebAppContext@2c907b4e{hddsDatanode,/,null,STOPPED}{jar:file:/home/runner/.m2/repository/org/apache/ozone/hdds-container-service/1.4.0-SNAPSHOT/hdds-container-service-1.4.0-SNAPSHOT.jar!/webapps/hddsDatanode}
2023-05-08 09:36:05,875 [ForkJoinPool.commonPool-worker-1] INFO  server.AbstractConnector (AbstractConnector.java:doStop(383)) - Stopped ServerConnector@64d8a2b0{HTTP/1.1, (http/1.1)}{0.0.0.0:0}
2023-05-08 09:36:05,875 [ForkJoinPool.commonPool-worker-1] INFO  server.session (HouseKeeper.java:stopScavenging(149)) - node0 Stopped scavenging
2023-05-08 09:36:05,877 [Listener at 127.0.0.1/39805] INFO  server.AbstractConnector (AbstractConnector.java:doStop(383)) - Stopped ServerConnector@31350162{HTTP/1.1, (http/1.1)}{0.0.0.0:0}
2023-05-08 09:36:05,877 [Listener at 127.0.0.1/39805] INFO  server.session (HouseKeeper.java:stopScavenging(149)) - node0 Stopped scavenging
2023-05-08 09:36:05,877 [Listener at 127.0.0.1/39805] INFO  handler.ContextHandler (ContextHandler.java:doStop(1159)) - Stopped o.e.j.s.ServletContextHandler@65cc6e4b{static,/static,jar:file:/home/runner/.m2/repository/org/apache/ozone/hdds-container-service/1.4.0-SNAPSHOT/hdds-container-service-1.4.0-SNAPSHOT.jar!/webapps/static,STOPPED}
2023-05-08 09:36:05,878 [Listener at 127.0.0.1/39805] INFO  handler.ContextHandler (ContextHandler.java:doStop(1159)) - Stopped o.e.j.s.ServletContextHandler@42a6315b{logs,/logs,file:///home/runner/work/ozone/ozone/hadoop-ozone/integration-test/target/log,STOPPED}
2023-05-08 09:36:05,880 [ForkJoinPool.commonPool-worker-1] INFO  handler.ContextHandler (ContextHandler.java:doStop(1159)) - Stopped o.e.j.s.ServletContextHandler@7f00eb9f{static,/static,jar:file:/home/runner/.m2/repository/org/apache/ozone/hdds-container-service/1.4.0-SNAPSHOT/hdds-container-service-1.4.0-SNAPSHOT.jar!/webapps/static,STOPPED}
2023-05-08 09:36:05,882 [ForkJoinPool.commonPool-worker-1] INFO  handler.ContextHandler (ContextHandler.java:doStop(1159)) - Stopped o.e.j.s.ServletContextHandler@2fc519f1{logs,/logs,file:///home/runner/work/ozone/ozone/hadoop-ozone/integration-test/target/log,STOPPED}
2023-05-08 09:36:05,885 [Listener at 127.0.0.1/39805] INFO  ozoneimpl.OzoneContainer (OzoneContainer.java:stop(419)) - Attempting to stop container services.
2023-05-08 09:36:05,888 [Listener at 127.0.0.1/39805] INFO  server.RaftServer (RaftServerProxy.java:lambda$close$6(409)) - 4515e5b0-3b05-46e4-bb3b-126498a8ebe7: close
2023-05-08 09:36:05,888 [4515e5b0-3b05-46e4-bb3b-126498a8ebe7-impl-thread1] INFO  server.RaftServer$Division (RaftServerImpl.java:lambda$close$4(458)) - 4515e5b0-3b05-46e4-bb3b-126498a8ebe7@group-F209E3BF728F: shutdown
2023-05-08 09:36:05,888 [4515e5b0-3b05-46e4-bb3b-126498a8ebe7-impl-thread1] INFO  util.JmxRegister (JmxRegister.java:unregister(73)) - Successfully un-registered JMX Bean with object name Ratis:service=RaftServer,group=group-F209E3BF728F,id=4515e5b0-3b05-46e4-bb3b-126498a8ebe7
2023-05-08 09:36:05,889 [4515e5b0-3b05-46e4-bb3b-126498a8ebe7-impl-thread1] INFO  impl.RoleInfo (RoleInfo.java:shutdownLeaderState(93)) - 4515e5b0-3b05-46e4-bb3b-126498a8ebe7: shutdown 4515e5b0-3b05-46e4-bb3b-126498a8ebe7@group-F209E3BF728F-LeaderStateImpl
2023-05-08 09:36:05,889 [4515e5b0-3b05-46e4-bb3b-126498a8ebe7-impl-thread2] INFO  server.RaftServer$Division (RaftServerImpl.java:lambda$close$4(458)) - 4515e5b0-3b05-46e4-bb3b-126498a8ebe7@group-6BBA4484C94B: shutdown
2023-05-08 09:36:05,889 [4515e5b0-3b05-46e4-bb3b-126498a8ebe7-impl-thread2] INFO  util.JmxRegister (JmxRegister.java:unregister(73)) - Successfully un-registered JMX Bean with object name Ratis:service=RaftServer,group=group-6BBA4484C94B,id=4515e5b0-3b05-46e4-bb3b-126498a8ebe7
2023-05-08 09:36:05,889 [4515e5b0-3b05-46e4-bb3b-126498a8ebe7-impl-thread2] INFO  impl.RoleInfo (RoleInfo.java:shutdownFollowerState(110)) - 4515e5b0-3b05-46e4-bb3b-126498a8ebe7: shutdown 4515e5b0-3b05-46e4-bb3b-126498a8ebe7@group-6BBA4484C94B-FollowerState
2023-05-08 09:36:05,889 [Listener at 127.0.0.1/39805] INFO  server.GrpcService (GrpcService.java:closeImpl(271)) - 4515e5b0-3b05-46e4-bb3b-126498a8ebe7: shutdown server GrpcServerProtocolService now
2023-05-08 09:36:05,890 [4515e5b0-3b05-46e4-bb3b-126498a8ebe7-impl-thread3] INFO  server.RaftServer$Division (RaftServerImpl.java:lambda$close$4(458)) - 4515e5b0-3b05-46e4-bb3b-126498a8ebe7@group-A8086BE53C9D: shutdown
2023-05-08 09:36:05,890 [4515e5b0-3b05-46e4-bb3b-126498a8ebe7-impl-thread3] INFO  util.JmxRegister (JmxRegister.java:unregister(73)) - Successfully un-registered JMX Bean with object name Ratis:service=RaftServer,group=group-A8086BE53C9D,id=4515e5b0-3b05-46e4-bb3b-126498a8ebe7
2023-05-08 09:36:05,890 [4515e5b0-3b05-46e4-bb3b-126498a8ebe7-impl-thread3] INFO  impl.RoleInfo (RoleInfo.java:shutdownLeaderState(93)) - 4515e5b0-3b05-46e4-bb3b-126498a8ebe7: shutdown 4515e5b0-3b05-46e4-bb3b-126498a8ebe7@group-A8086BE53C9D-LeaderStateImpl
2023-05-08 09:36:05,890 [4515e5b0-3b05-46e4-bb3b-126498a8ebe7-impl-thread3] INFO  impl.PendingRequests (PendingRequests.java:sendNotLeaderResponses(282)) - 4515e5b0-3b05-46e4-bb3b-126498a8ebe7@group-A8086BE53C9D-PendingRequests: sendNotLeaderResponses
2023-05-08 09:36:05,891 [4515e5b0-3b05-46e4-bb3b-126498a8ebe7@group-A8086BE53C9D-StateMachineUpdater] INFO  ratis.ContainerStateMachine (ContainerStateMachine.java:takeSnapshot(330)) - group-A8086BE53C9D: Taking a snapshot at:(t:1, i:0) file /home/runner/work/ozone/ozone/hadoop-ozone/integration-test/target/test-dir/MiniOzoneClusterImpl-8c58255f-3d22-4aeb-98f1-cae2738195f5/datanode-2/data/ratis/b5a8bee8-5097-4b31-bfdb-a8086be53c9d/sm/snapshot.1_0
2023-05-08 09:36:05,893 [4515e5b0-3b05-46e4-bb3b-126498a8ebe7@group-A8086BE53C9D-StateMachineUpdater] INFO  ratis.ContainerStateMachine (ContainerStateMachine.java:takeSnapshot(341)) - group-A8086BE53C9D: Finished taking a snapshot at:(t:1, i:0) file:/home/runner/work/ozone/ozone/hadoop-ozone/integration-test/target/test-dir/MiniOzoneClusterImpl-8c58255f-3d22-4aeb-98f1-cae2738195f5/datanode-2/data/ratis/b5a8bee8-5097-4b31-bfdb-a8086be53c9d/sm/snapshot.1_0 took: 2 ms
2023-05-08 09:36:05,893 [4515e5b0-3b05-46e4-bb3b-126498a8ebe7@group-A8086BE53C9D-StateMachineUpdater] INFO  impl.StateMachineUpdater (StateMachineUpdater.java:takeSnapshot(287)) - 4515e5b0-3b05-46e4-bb3b-126498a8ebe7@group-A8086BE53C9D-StateMachineUpdater: Took a snapshot at index 0
2023-05-08 09:36:05,893 [4515e5b0-3b05-46e4-bb3b-126498a8ebe7@group-A8086BE53C9D-StateMachineUpdater] INFO  impl.StateMachineUpdater (StateMachineUpdater.java:lambda$new$0(92)) - 4515e5b0-3b05-46e4-bb3b-126498a8ebe7@group-A8086BE53C9D-StateMachineUpdater: snapshotIndex: updateIncreasingly -1 -> 0
2023-05-08 09:36:05,893 [4515e5b0-3b05-46e4-bb3b-126498a8ebe7-impl-thread2] INFO  impl.StateMachineUpdater (StateMachineUpdater.java:stopAndJoin(153)) - 4515e5b0-3b05-46e4-bb3b-126498a8ebe7@group-6BBA4484C94B-StateMachineUpdater: set stopIndex = 0
2023-05-08 09:36:05,893 [4515e5b0-3b05-46e4-bb3b-126498a8ebe7@group-6BBA4484C94B-FollowerState] INFO  impl.FollowerState (FollowerState.java:run(152)) - 4515e5b0-3b05-46e4-bb3b-126498a8ebe7@group-6BBA4484C94B-FollowerState was interrupted
2023-05-08 09:36:05,894 [4515e5b0-3b05-46e4-bb3b-126498a8ebe7@group-6BBA4484C94B-StateMachineUpdater] INFO  ratis.ContainerStateMachine (ContainerStateMachine.java:takeSnapshot(330)) - group-6BBA4484C94B: Taking a snapshot at:(t:1, i:0) file /home/runner/work/ozone/ozone/hadoop-ozone/integration-test/target/test-dir/MiniOzoneClusterImpl-8c58255f-3d22-4aeb-98f1-cae2738195f5/datanode-2/data/ratis/4ba760ce-735a-4ae5-8528-6bba4484c94b/sm/snapshot.1_0
2023-05-08 09:36:05,894 [4515e5b0-3b05-46e4-bb3b-126498a8ebe7-impl-thread1] INFO  impl.PendingRequests (PendingRequests.java:sendNotLeaderResponses(282)) - 4515e5b0-3b05-46e4-bb3b-126498a8ebe7@group-F209E3BF728F-PendingRequests: sendNotLeaderResponses
2023-05-08 09:36:05,894 [4515e5b0-3b05-46e4-bb3b-126498a8ebe7-impl-thread3] INFO  impl.StateMachineUpdater (StateMachineUpdater.java:stopAndJoin(153)) - 4515e5b0-3b05-46e4-bb3b-126498a8ebe7@group-A8086BE53C9D-StateMachineUpdater: set stopIndex = 0
2023-05-08 09:36:05,894 [4515e5b0-3b05-46e4-bb3b-126498a8ebe7@group-6BBA4484C94B-StateMachineUpdater] INFO  ratis.ContainerStateMachine (ContainerStateMachine.java:takeSnapshot(341)) - group-6BBA4484C94B: Finished taking a snapshot at:(t:1, i:0) file:/home/runner/work/ozone/ozone/hadoop-ozone/integration-test/target/test-dir/MiniOzoneClusterImpl-8c58255f-3d22-4aeb-98f1-cae2738195f5/datanode-2/data/ratis/4ba760ce-735a-4ae5-8528-6bba4484c94b/sm/snapshot.1_0 took: 1 ms
2023-05-08 09:36:05,894 [4515e5b0-3b05-46e4-bb3b-126498a8ebe7-impl-thread1] INFO  impl.StateMachineUpdater (StateMachineUpdater.java:stopAndJoin(153)) - 4515e5b0-3b05-46e4-bb3b-126498a8ebe7@group-F209E3BF728F-StateMachineUpdater: set stopIndex = 0
2023-05-08 09:36:05,895 [4515e5b0-3b05-46e4-bb3b-126498a8ebe7@group-6BBA4484C94B-StateMachineUpdater] INFO  impl.StateMachineUpdater (StateMachineUpdater.java:takeSnapshot(287)) - 4515e5b0-3b05-46e4-bb3b-126498a8ebe7@group-6BBA4484C94B-StateMachineUpdater: Took a snapshot at index 0
2023-05-08 09:36:05,895 [4515e5b0-3b05-46e4-bb3b-126498a8ebe7@group-6BBA4484C94B-StateMachineUpdater] INFO  impl.StateMachineUpdater (StateMachineUpdater.java:lambda$new$0(92)) - 4515e5b0-3b05-46e4-bb3b-126498a8ebe7@group-6BBA4484C94B-StateMachineUpdater: snapshotIndex: updateIncreasingly -1 -> 0
2023-05-08 09:36:05,894 [ForkJoinPool.commonPool-worker-1] INFO  server.GrpcServerProtocolClient (GrpcServerProtocolClient.java:close(101)) - 7d225e59-d7fc-44c3-8933-4ad8325cd17e Close channels
2023-05-08 09:36:05,895 [4515e5b0-3b05-46e4-bb3b-126498a8ebe7@group-F209E3BF728F-StateMachineUpdater] INFO  ratis.ContainerStateMachine (ContainerStateMachine.java:takeSnapshot(330)) - group-F209E3BF728F: Taking a snapshot at:(t:1, i:0) file /home/runner/work/ozone/ozone/hadoop-ozone/integration-test/target/test-dir/MiniOzoneClusterImpl-8c58255f-3d22-4aeb-98f1-cae2738195f5/datanode-2/data/ratis/3d8c3573-b60c-4a90-9d5e-f209e3bf728f/sm/snapshot.1_0
2023-05-08 09:36:05,894 [Listener at 127.0.0.1/39805] INFO  server.GrpcServerProtocolClient (GrpcServerProtocolClient.java:close(101)) - adad188d-dec8-49e0-8c63-aa4dd86be889 Close channels
2023-05-08 09:36:05,896 [4515e5b0-3b05-46e4-bb3b-126498a8ebe7-impl-thread3] INFO  server.RaftServer$Division (ServerState.java:close(466)) - 4515e5b0-3b05-46e4-bb3b-126498a8ebe7@group-A8086BE53C9D: closes. applyIndex: 0
2023-05-08 09:36:05,896 [4515e5b0-3b05-46e4-bb3b-126498a8ebe7-impl-thread2] INFO  server.RaftServer$Division (ServerState.java:close(466)) - 4515e5b0-3b05-46e4-bb3b-126498a8ebe7@group-6BBA4484C94B: closes. applyIndex: 0
2023-05-08 09:36:05,896 [4515e5b0-3b05-46e4-bb3b-126498a8ebe7@group-F209E3BF728F-StateMachineUpdater] INFO  ratis.ContainerStateMachine (ContainerStateMachine.java:takeSnapshot(341)) - group-F209E3BF728F: Finished taking a snapshot at:(t:1, i:0) file:/home/runner/work/ozone/ozone/hadoop-ozone/integration-test/target/test-dir/MiniOzoneClusterImpl-8c58255f-3d22-4aeb-98f1-cae2738195f5/datanode-2/data/ratis/3d8c3573-b60c-4a90-9d5e-f209e3bf728f/sm/snapshot.1_0 took: 1 ms
2023-05-08 09:36:05,896 [4515e5b0-3b05-46e4-bb3b-126498a8ebe7@group-A8086BE53C9D-SegmentedRaftLogWorker] INFO  segmented.SegmentedRaftLogWorker (SegmentedRaftLogWorker.java:run(347)) - 4515e5b0-3b05-46e4-bb3b-126498a8ebe7@group-A8086BE53C9D-SegmentedRaftLogWorker was interrupted, exiting. There are 0 tasks remaining in the queue.
2023-05-08 09:36:05,897 [4515e5b0-3b05-46e4-bb3b-126498a8ebe7@group-F209E3BF728F-StateMachineUpdater] INFO  impl.StateMachineUpdater (StateMachineUpdater.java:takeSnapshot(287)) - 4515e5b0-3b05-46e4-bb3b-126498a8ebe7@group-F209E3BF728F-StateMachineUpdater: Took a snapshot at index 0
2023-05-08 09:36:05,897 [4515e5b0-3b05-46e4-bb3b-126498a8ebe7@group-F209E3BF728F-StateMachineUpdater] INFO  impl.StateMachineUpdater (StateMachineUpdater.java:lambda$new$0(92)) - 4515e5b0-3b05-46e4-bb3b-126498a8ebe7@group-F209E3BF728F-StateMachineUpdater: snapshotIndex: updateIncreasingly -1 -> 0
2023-05-08 09:36:05,897 [4515e5b0-3b05-46e4-bb3b-126498a8ebe7-impl-thread1] INFO  server.RaftServer$Division (ServerState.java:close(466)) - 4515e5b0-3b05-46e4-bb3b-126498a8ebe7@group-F209E3BF728F: closes. applyIndex: 0
2023-05-08 09:36:05,897 [4515e5b0-3b05-46e4-bb3b-126498a8ebe7@group-F209E3BF728F-SegmentedRaftLogWorker] INFO  segmented.SegmentedRaftLogWorker (SegmentedRaftLogWorker.java:run(347)) - 4515e5b0-3b05-46e4-bb3b-126498a8ebe7@group-F209E3BF728F-SegmentedRaftLogWorker was interrupted, exiting. There are 0 tasks remaining in the queue.
2023-05-08 09:36:05,897 [4515e5b0-3b05-46e4-bb3b-126498a8ebe7@group-6BBA4484C94B-SegmentedRaftLogWorker] INFO  segmented.SegmentedRaftLogWorker (SegmentedRaftLogWorker.java:run(347)) - 4515e5b0-3b05-46e4-bb3b-126498a8ebe7@group-6BBA4484C94B-SegmentedRaftLogWorker was interrupted, exiting. There are 0 tasks remaining in the queue.
2023-05-08 09:36:05,899 [Listener at 127.0.0.1/39805] INFO  server.GrpcService (GrpcService.java:closeImpl(280)) - 4515e5b0-3b05-46e4-bb3b-126498a8ebe7: shutdown server GrpcServerProtocolService successfully
2023-05-08 09:36:05,899 [4515e5b0-3b05-46e4-bb3b-126498a8ebe7-NettyServerStreamRpc-bossGroup--thread1] INFO  logging.LoggingHandler (AbstractInternalLogger.java:log(148)) - [id: 0x069a83f4, L:/0:0:0:0:0:0:0:0:36629] CLOSE
2023-05-08 09:36:05,899 [4515e5b0-3b05-46e4-bb3b-126498a8ebe7-impl-thread3] INFO  segmented.SegmentedRaftLogWorker (SegmentedRaftLogWorker.java:close(257)) - 4515e5b0-3b05-46e4-bb3b-126498a8ebe7@group-A8086BE53C9D-SegmentedRaftLogWorker close()
2023-05-08 09:36:05,899 [4515e5b0-3b05-46e4-bb3b-126498a8ebe7-NettyServerStreamRpc-bossGroup--thread1] INFO  logging.LoggingHandler (AbstractInternalLogger.java:log(148)) - [id: 0x069a83f4, L:/0:0:0:0:0:0:0:0:36629] INACTIVE
2023-05-08 09:36:05,899 [4515e5b0-3b05-46e4-bb3b-126498a8ebe7-NettyServerStreamRpc-bossGroup--thread1] INFO  logging.LoggingHandler (AbstractInternalLogger.java:log(148)) - [id: 0x069a83f4, L:/0:0:0:0:0:0:0:0:36629] UNREGISTERED
2023-05-08 09:36:05,899 [4515e5b0-3b05-46e4-bb3b-126498a8ebe7-impl-thread2] INFO  segmented.SegmentedRaftLogWorker (SegmentedRaftLogWorker.java:close(257)) - 4515e5b0-3b05-46e4-bb3b-126498a8ebe7@group-6BBA4484C94B-SegmentedRaftLogWorker close()
2023-05-08 09:36:05,899 [4515e5b0-3b05-46e4-bb3b-126498a8ebe7-impl-thread1] INFO  segmented.SegmentedRaftLogWorker (SegmentedRaftLogWorker.java:close(257)) - 4515e5b0-3b05-46e4-bb3b-126498a8ebe7@group-F209E3BF728F-SegmentedRaftLogWorker close()
2023-05-08 09:36:05,909 [JvmPauseMonitor23] INFO  util.JvmPauseMonitor (JvmPauseMonitor.java:run(111)) - JvmPauseMonitor-4515e5b0-3b05-46e4-bb3b-126498a8ebe7: Stopped
2023-05-08 09:36:07,912 [Listener at 127.0.0.1/39805] INFO  volume.HddsVolume (HddsVolume.java:closeDbStore(437)) - SchemaV3 db is stopped at /home/runner/work/ozone/ozone/hadoop-ozone/integration-test/target/test-dir/MiniOzoneClusterImpl-8c58255f-3d22-4aeb-98f1-cae2738195f5/datanode-2/data-0/containers/hdds/8c58255f-3d22-4aeb-98f1-cae2738195f5/DS-b5526906-ecf4-4322-ad1d-f202bcb1ab2a/container.db for volume DS-b5526906-ecf4-4322-ad1d-f202bcb1ab2a
2023-05-08 09:36:07,912 [Listener at 127.0.0.1/39805] INFO  utils.BackgroundService (BackgroundService.java:shutdown(141)) - Shutting down service BlockDeletingService
2023-05-08 09:36:07,913 [Listener at 127.0.0.1/39805] INFO  utils.BackgroundService (BackgroundService.java:shutdown(141)) - Shutting down service StaleRecoveringContainerScrubbingService
2023-05-08 09:36:07,914 [Listener at 127.0.0.1/39805] INFO  statemachine.DatanodeStateMachine (DatanodeStateMachine.java:stopDaemon(608)) - Ozone container server stopped.
2023-05-08 09:36:07,923 [Listener at 127.0.0.1/39805] INFO  handler.ContextHandler (ContextHandler.java:doStop(1159)) - Stopped o.e.j.w.WebAppContext@3716e55{hddsDatanode,/,null,STOPPED}{jar:file:/home/runner/.m2/repository/org/apache/ozone/hdds-container-service/1.4.0-SNAPSHOT/hdds-container-service-1.4.0-SNAPSHOT.jar!/webapps/hddsDatanode}
2023-05-08 09:36:07,924 [Listener at 127.0.0.1/39805] INFO  server.AbstractConnector (AbstractConnector.java:doStop(383)) - Stopped ServerConnector@2a83b4f7{HTTP/1.1, (http/1.1)}{0.0.0.0:0}
2023-05-08 09:36:07,924 [Listener at 127.0.0.1/39805] INFO  server.session (HouseKeeper.java:stopScavenging(149)) - node0 Stopped scavenging
2023-05-08 09:36:07,925 [Listener at 127.0.0.1/39805] INFO  handler.ContextHandler (ContextHandler.java:doStop(1159)) - Stopped o.e.j.s.ServletContextHandler@604070a{static,/static,jar:file:/home/runner/.m2/repository/org/apache/ozone/hdds-container-service/1.4.0-SNAPSHOT/hdds-container-service-1.4.0-SNAPSHOT.jar!/webapps/static,STOPPED}
2023-05-08 09:36:07,925 [Listener at 127.0.0.1/39805] INFO  handler.ContextHandler (ContextHandler.java:doStop(1159)) - Stopped o.e.j.s.ServletContextHandler@4ff6e69c{logs,/logs,file:///home/runner/work/ozone/ozone/hadoop-ozone/integration-test/target/log,STOPPED}
2023-05-08 09:36:07,927 [Listener at 127.0.0.1/39805] INFO  ozone.MiniOzoneClusterImpl (MiniOzoneClusterImpl.java:stopSCM(554)) - Stopping the StorageContainerManager
2023-05-08 09:36:07,927 [Listener at 127.0.0.1/39805] INFO  server.StorageContainerManager (StorageContainerManager.java:stop(1578)) - Container Balancer is not running.
2023-05-08 09:36:07,927 [Listener at 127.0.0.1/39805] INFO  server.StorageContainerManager (StorageContainerManager.java:stopReplicationManager(1709)) - Stopping Replication Manager Service.
2023-05-08 09:36:07,927 [Listener at 127.0.0.1/39805] INFO  replication.ReplicationManager (ReplicationManager.java:stop(326)) - Stopping Replication Monitor Thread.
2023-05-08 09:36:07,927 [Under Replicated Processor] WARN  replication.UnhealthyReplicationProcessor (UnhealthyReplicationProcessor.java:run(167)) - Under Replicated Processor interrupted. Exiting...
2023-05-08 09:36:07,927 [Over Replicated Processor] WARN  replication.UnhealthyReplicationProcessor (UnhealthyReplicationProcessor.java:run(167)) - Over Replicated Processor interrupted. Exiting...
2023-05-08 09:36:07,927 [Listener at 127.0.0.1/39805] INFO  server.StorageContainerManager (StorageContainerManager.java:stop(1587)) - Stopping the Datanode Admin Monitor.
2023-05-08 09:36:07,927 [ReplicationMonitor] INFO  replication.ReplicationManager (ReplicationManager.java:run(937)) - Replication Monitor Thread is stopped
2023-05-08 09:36:07,927 [Listener at 127.0.0.1/39805] INFO  server.StorageContainerManager (StorageContainerManager.java:stop(1594)) - Stopping datanode service RPC server
2023-05-08 09:36:07,927 [Listener at 127.0.0.1/39805] INFO  server.SCMDatanodeProtocolServer (SCMDatanodeProtocolServer.java:stop(424)) - Stopping the RPC server for DataNodes
2023-05-08 09:36:07,927 [Listener at 127.0.0.1/39805] INFO  ipc.Server (Server.java:stop(3501)) - Stopping server on 46761
2023-05-08 09:36:07,929 [IPC Server listener on 0] INFO  ipc.Server (Server.java:run(1430)) - Stopping IPC Server listener on 0
2023-05-08 09:36:07,933 [IPC Server Responder] INFO  ipc.Server (Server.java:run(1563)) - Stopping IPC Server Responder
2023-05-08 09:36:07,950 [SCM Heartbeat Processing Thread - 0] WARN  node.NodeStateManager (NodeStateManager.java:scheduleNextHealthCheck(870)) - Current Thread is interrupted, shutting down HB processing thread for Node Manager.
2023-05-08 09:36:07,950 [Listener at 127.0.0.1/39805] INFO  server.StorageContainerManager (StorageContainerManager.java:stop(1602)) - Stopping block service RPC server
2023-05-08 09:36:07,950 [Listener at 127.0.0.1/39805] INFO  server.SCMBlockProtocolServer (SCMBlockProtocolServer.java:stop(161)) - Stopping the RPC server for Block Protocol
2023-05-08 09:36:07,950 [Listener at 127.0.0.1/39805] INFO  ipc.Server (Server.java:stop(3501)) - Stopping server on 39449
2023-05-08 09:36:07,951 [IPC Server Responder] INFO  ipc.Server (Server.java:run(1563)) - Stopping IPC Server Responder
2023-05-08 09:36:07,952 [Listener at 127.0.0.1/39805] INFO  server.StorageContainerManager (StorageContainerManager.java:stop(1609)) - Stopping the StorageContainerLocationProtocol RPC server
2023-05-08 09:36:07,952 [Listener at 127.0.0.1/39805] INFO  server.SCMClientProtocolServer (SCMClientProtocolServer.java:stop(208)) - Stopping the RPC server for Client Protocol
2023-05-08 09:36:07,952 [Listener at 127.0.0.1/39805] INFO  ipc.Server (Server.java:stop(3501)) - Stopping server on 39525
2023-05-08 09:36:07,952 [IPC Server listener on 0] INFO  ipc.Server (Server.java:run(1430)) - Stopping IPC Server listener on 0
2023-05-08 09:36:07,954 [IPC Server listener on 0] INFO  ipc.Server (Server.java:run(1430)) - Stopping IPC Server listener on 0
2023-05-08 09:36:07,954 [Listener at 127.0.0.1/39805] INFO  server.StorageContainerManager (StorageContainerManager.java:stop(1616)) - Stopping Storage Container Manager HTTP server.
2023-05-08 09:36:07,956 [IPC Server Responder] INFO  ipc.Server (Server.java:run(1563)) - Stopping IPC Server Responder
2023-05-08 09:36:07,957 [Listener at 127.0.0.1/39805] INFO  handler.ContextHandler (ContextHandler.java:doStop(1159)) - Stopped o.e.j.w.WebAppContext@47800808{scm,/,null,STOPPED}{file:/home/runner/work/ozone/ozone/hadoop-ozone/integration-test/target/test-classes/webapps/scm}
2023-05-08 09:36:07,958 [Listener at 127.0.0.1/39805] INFO  server.AbstractConnector (AbstractConnector.java:doStop(383)) - Stopped ServerConnector@44327962{HTTP/1.1, (http/1.1)}{0.0.0.0:0}
2023-05-08 09:36:07,958 [Listener at 127.0.0.1/39805] INFO  server.session (HouseKeeper.java:stopScavenging(149)) - node0 Stopped scavenging
2023-05-08 09:36:07,958 [Listener at 127.0.0.1/39805] INFO  handler.ContextHandler (ContextHandler.java:doStop(1159)) - Stopped o.e.j.s.ServletContextHandler@23ff7022{static,/static,file:///home/runner/work/ozone/ozone/hadoop-ozone/integration-test/target/test-classes/webapps/static,STOPPED}
2023-05-08 09:36:07,959 [Listener at 127.0.0.1/39805] INFO  handler.ContextHandler (ContextHandler.java:doStop(1159)) - Stopped o.e.j.s.ServletContextHandler@4e7d6605{logs,/logs,file:///home/runner/work/ozone/ozone/hadoop-ozone/integration-test/target/log,STOPPED}
2023-05-08 09:36:07,959 [Listener at 127.0.0.1/39805] INFO  server.StorageContainerManager (StorageContainerManager.java:stop(1624)) - Stopping SCM LayoutVersionManager Service.
2023-05-08 09:36:07,959 [Listener at 127.0.0.1/39805] INFO  server.StorageContainerManager (StorageContainerManager.java:stop(1632)) - Stopping Block Manager Service.
2023-05-08 09:36:07,959 [Listener at 127.0.0.1/39805] INFO  utils.BackgroundService (BackgroundService.java:shutdown(141)) - Shutting down service SCMBlockDeletingService
2023-05-08 09:36:07,959 [Listener at 127.0.0.1/39805] INFO  utils.BackgroundService (BackgroundService.java:shutdown(141)) - Shutting down service SCMBlockDeletingService
2023-05-08 09:36:07,960 [Listener at 127.0.0.1/39805] INFO  server.StorageContainerManager (StorageContainerManager.java:stop(1654)) - Stopping SCM Event Queue.
2023-05-08 09:36:07,961 [Listener at 127.0.0.1/39805] INFO  server.StorageContainerManager (StorageContainerManager.java:stop(1665)) - Stopping SCM HA services.
2023-05-08 09:36:07,961 [Listener at 127.0.0.1/39805] INFO  pipeline.BackgroundPipelineCreator (BackgroundPipelineCreator.java:stop(149)) - Stopping RatisPipelineUtilsThread.
2023-05-08 09:36:07,961 [RatisPipelineUtilsThread - 0] WARN  pipeline.BackgroundPipelineCreator (BackgroundPipelineCreator.java:run(180)) - RatisPipelineUtilsThread is interrupted.
2023-05-08 09:36:07,961 [BackgroundPipelineScrubberThread] WARN  BackgroundPipelineScrubber (BackgroundSCMService.java:run(115)) - BackgroundPipelineScrubber is interrupted, exit
2023-05-08 09:36:07,962 [Listener at 127.0.0.1/39805] INFO  BackgroundPipelineScrubber (BackgroundSCMService.java:stop(131)) - Stopping BackgroundPipelineScrubber Service.
2023-05-08 09:36:07,962 [Listener at 127.0.0.1/39805] INFO  impl.MetricsSystemImpl (MetricsSystemImpl.java:stop(210)) - Stopping HddsDatanode metrics system...
2023-05-08 09:36:07,965 [prometheus] INFO  impl.MetricsSinkAdapter (MetricsSinkAdapter.java:publishMetricsFromQueue(141)) - prometheus thread interrupted.
2023-05-08 09:36:07,965 [Listener at 127.0.0.1/39805] INFO  impl.MetricsSystemImpl (MetricsSystemImpl.java:stop(216)) - HddsDatanode metrics system stopped.
2023-05-08 09:36:07,965 [Listener at 127.0.0.1/39805] WARN  pipeline.BackgroundPipelineCreator (BackgroundPipelineCreator.java:stop(145)) - RatisPipelineUtilsThread is not running, just ignore.
2023-05-08 09:36:07,965 [Listener at 127.0.0.1/39805] INFO  BackgroundPipelineScrubber (BackgroundSCMService.java:stop(126)) - BackgroundPipelineScrubber Service is not running, skip stop.
2023-05-08 09:36:07,965 [Listener at 127.0.0.1/39805] INFO  ExpiredContainerReplicaOpScrubber (BackgroundSCMService.java:stop(131)) - Stopping ExpiredContainerReplicaOpScrubber Service.
2023-05-08 09:36:07,965 [ExpiredContainerReplicaOpScrubberThread] WARN  ExpiredContainerReplicaOpScrubber (BackgroundSCMService.java:run(115)) - ExpiredContainerReplicaOpScrubber is interrupted, exit
2023-05-08 09:36:07,965 [Listener at 127.0.0.1/39805] INFO  utils.BackgroundService (BackgroundService.java:shutdown(141)) - Shutting down service SCMBlockDeletingService
2023-05-08 09:36:07,966 [Listener at 127.0.0.1/39805] INFO  replication.ReplicationManager (ReplicationManager.java:stop(336)) - Replication Monitor Thread is not running.
2023-05-08 09:36:07,966 [Listener at 127.0.0.1/39805] WARN  balancer.ContainerBalancer (ContainerBalancer.java:stop(324)) - Cannot stop Container Balancer because it's not running or stopping
2023-05-08 09:36:07,966 [Listener at 127.0.0.1/39805] INFO  server.StorageContainerManager (StorageContainerManager.java:stop(1700)) - Stopping SCM MetadataStore.
]]></system-out>
  </testcase>
  <testcase name="testSCMInitializationFailure" classname="org.apache.hadoop.ozone.TestStorageContainerManager" time="0.03">
    <system-out><![CDATA[2023-05-08 09:36:08,014 [Time-limited test] WARN  server.ServerUtils (ServerUtils.java:getScmDbDir(148)) - ozone.scm.db.dirs is not configured. We recommend adding this setting. Falling back to ozone.metadata.dirs instead.
2023-05-08 09:36:08,014 [Time-limited test] INFO  ha.SCMHANodeDetails (SCMHANodeDetails.java:loadSCMHAConfig(209)) - ServiceID for StorageContainerManager is null
2023-05-08 09:36:08,014 [Time-limited test] INFO  ha.SCMHANodeDetails (SCMHANodeDetails.java:loadSCMHAConfig(214)) - ozone.scm.default.service.id is not defined, falling back to ozone.scm.service.ids to find serviceID for StorageContainerManager if it is HA enabled cluster
2023-05-08 09:36:08,015 [Time-limited test] ERROR server.StorageContainerManager (StorageContainerManager.java:<init>(362)) - Please make sure you have run 'ozone scm --init' command to generate all the required metadata to /home/runner/work/ozone/ozone/hadoop-ozone/integration-test/target/test-dir/09e770c1-8fc8-46a3-8986-753df786f0ac/scm-meta/scm or make sure you have run 'ozone scm --bootstrap' cmd to add the SCM to existing SCM HA group.
]]></system-out>
  </testcase>
  <testcase name="testSCMInitialization" classname="org.apache.hadoop.ozone.TestStorageContainerManager" time="6.135">
    <system-out><![CDATA[2023-05-08 09:36:08,038 [Time-limited test] WARN  server.ServerUtils (ServerUtils.java:getScmDbDir(148)) - ozone.scm.db.dirs is not configured. We recommend adding this setting. Falling back to ozone.metadata.dirs instead.
2023-05-08 09:36:08,038 [Time-limited test] INFO  ha.SCMHANodeDetails (SCMHANodeDetails.java:loadSCMHAConfig(209)) - ServiceID for StorageContainerManager is null
2023-05-08 09:36:08,038 [Time-limited test] INFO  ha.SCMHANodeDetails (SCMHANodeDetails.java:loadSCMHAConfig(214)) - ozone.scm.default.service.id is not defined, falling back to ozone.scm.service.ids to find serviceID for StorageContainerManager if it is HA enabled cluster
2023-05-08 09:36:08,060 [Time-limited test] INFO  server.RaftServer (ConfUtils.java:logGet(46)) - raft.rpc.type = GRPC (default)
2023-05-08 09:36:08,060 [Time-limited test] INFO  grpc.GrpcConfigKeys (ConfUtils.java:logFallback(53)) - raft.grpc.admin.host = null (fallback to raft.grpc.server.host)
2023-05-08 09:36:08,060 [Time-limited test] INFO  grpc.GrpcConfigKeys (ConfUtils.java:logFallback(53)) - raft.grpc.admin.port = 9894 (fallback to raft.grpc.server.port)
2023-05-08 09:36:08,060 [Time-limited test] INFO  grpc.GrpcConfigKeys (ConfUtils.java:logFallback(53)) - raft.grpc.client.host = null (fallback to raft.grpc.server.host)
2023-05-08 09:36:08,060 [Time-limited test] INFO  grpc.GrpcConfigKeys (ConfUtils.java:logFallback(53)) - raft.grpc.client.port = 9894 (fallback to raft.grpc.server.port)
2023-05-08 09:36:08,060 [Time-limited test] INFO  grpc.GrpcConfigKeys (ConfUtils.java:logGet(46)) - raft.grpc.server.host = null (default)
2023-05-08 09:36:08,060 [Time-limited test] INFO  grpc.GrpcConfigKeys (ConfUtils.java:logGet(46)) - raft.grpc.server.port = 9894 (custom)
2023-05-08 09:36:08,061 [Time-limited test] INFO  server.GrpcService (ConfUtils.java:logGet(46)) - raft.grpc.message.size.max = 32m (=33554432) (custom)
2023-05-08 09:36:08,061 [Time-limited test] INFO  server.RaftServerConfigKeys (ConfUtils.java:logGet(46)) - raft.server.log.appender.buffer.byte-limit = 33554432 (custom)
2023-05-08 09:36:08,061 [Time-limited test] INFO  server.GrpcService (ConfUtils.java:logGet(46)) - raft.grpc.flow.control.window = 1MB (=1048576) (default)
2023-05-08 09:36:08,061 [Time-limited test] INFO  server.RaftServerConfigKeys (ConfUtils.java:logGet(46)) - raft.server.rpc.request.timeout = 30000ms (custom)
2023-05-08 09:36:08,061 [Time-limited test] INFO  grpc.GrpcConfigKeys (ConfUtils.java:logGet(46)) - raft.grpc.server.heartbeat.channel = true (default)
2023-05-08 09:36:08,061 [Time-limited test] INFO  grpc.GrpcConfigKeys (ConfUtils.java:logGet(46)) - raft.grpc.server.async.request.thread.pool.cached = true (default)
2023-05-08 09:36:08,061 [Time-limited test] INFO  grpc.GrpcConfigKeys (ConfUtils.java:logGet(46)) - raft.grpc.server.async.request.thread.pool.size = 32 (default)
2023-05-08 09:36:08,064 [Time-limited test] INFO  impl.DataStreamServerImpl (ConfUtils.java:logGet(46)) - raft.datastream.type = DISABLED (default)
2023-05-08 09:36:08,065 [Time-limited test] INFO  server.RaftServerConfigKeys (ConfUtils.java:logGet(46)) - raft.server.threadpool.proxy.cached = true (default)
2023-05-08 09:36:08,065 [Time-limited test] INFO  server.RaftServerConfigKeys (ConfUtils.java:logGet(46)) - raft.server.threadpool.proxy.size = 0 (default)
2023-05-08 09:36:08,065 [Time-limited test] INFO  server.RaftServerConfigKeys (ConfUtils.java:logGet(46)) - raft.server.rpc.slowness.timeout = 120000ms (custom)
2023-05-08 09:36:08,065 [Time-limited test] INFO  server.RaftServerConfigKeys (ConfUtils.java:logGet(46)) - raft.server.leaderelection.leader.step-down.wait-time = 10s (default)
2023-05-08 09:36:08,065 [Time-limited test] INFO  server.RaftServerConfigKeys (ConfUtils.java:logGet(46)) - raft.server.storage.dir = [/home/runner/work/ozone/ozone/hadoop-ozone/integration-test/target/test-dir/cdb4bbcd-0576-4929-995d-f4eecabd572f/scm-meta/scm-ha] (custom)
2023-05-08 09:36:08,065 [Time-limited test] INFO  server.RaftServer (RaftServerProxy.java:addNew(96)) - ce2f45ad-812e-41c2-8543-df3be2bd36ed: addNew group-AF11B13C303E:[ce2f45ad-812e-41c2-8543-df3be2bd36ed|rpc:fv-az96-539:9894|priority:0|startupRole:FOLLOWER] returns group-AF11B13C303E:java.util.concurrent.CompletableFuture@7979045[Not completed]
2023-05-08 09:36:08,074 [pool-1005-thread-1] INFO  server.RaftServer$Division (RaftServerImpl.java:<init>(195)) - ce2f45ad-812e-41c2-8543-df3be2bd36ed: new RaftServerImpl for group-AF11B13C303E:[ce2f45ad-812e-41c2-8543-df3be2bd36ed|rpc:fv-az96-539:9894|priority:0|startupRole:FOLLOWER] with SCMStateMachine:uninitialized
2023-05-08 09:36:08,074 [pool-1005-thread-1] INFO  server.RaftServerConfigKeys (ConfUtils.java:logGet(46)) - raft.server.rpc.timeout.min = 5000ms (custom)
2023-05-08 09:36:08,074 [pool-1005-thread-1] INFO  server.RaftServerConfigKeys (ConfUtils.java:logGet(46)) - raft.server.rpc.timeout.max = 5200ms (custom)
2023-05-08 09:36:08,074 [pool-1005-thread-1] INFO  server.RaftServerConfigKeys (ConfUtils.java:logGet(46)) - raft.server.rpc.sleep.time = 25ms (default)
2023-05-08 09:36:08,074 [pool-1005-thread-1] INFO  server.RaftServerConfigKeys (ConfUtils.java:logGet(46)) - raft.server.rpc.slowness.timeout = 120000ms (custom)
2023-05-08 09:36:08,074 [pool-1005-thread-1] INFO  server.RaftServerConfigKeys (ConfUtils.java:logGet(46)) - raft.server.leaderelection.leader.step-down.wait-time = 10s (default)
2023-05-08 09:36:08,074 [pool-1005-thread-1] INFO  server.RaftServerConfigKeys (ConfUtils.java:logGet(46)) - raft.server.sleep.deviation.threshold = 300ms (default)
2023-05-08 09:36:08,074 [pool-1005-thread-1] INFO  server.RaftServer$Division (ServerState.java:<init>(118)) - ce2f45ad-812e-41c2-8543-df3be2bd36ed@group-AF11B13C303E: ConfigurationManager, init=-1: peers:[ce2f45ad-812e-41c2-8543-df3be2bd36ed|rpc:fv-az96-539:9894|priority:0|startupRole:FOLLOWER]|listeners:[], old=null, confs=<EMPTY_MAP>
2023-05-08 09:36:08,074 [pool-1005-thread-1] INFO  server.RaftServerConfigKeys (ConfUtils.java:logGet(46)) - raft.server.storage.dir = [/home/runner/work/ozone/ozone/hadoop-ozone/integration-test/target/test-dir/cdb4bbcd-0576-4929-995d-f4eecabd572f/scm-meta/scm-ha] (custom)
2023-05-08 09:36:08,074 [pool-1005-thread-1] INFO  server.RaftServerConfigKeys (ConfUtils.java:logGet(46)) - raft.server.log.corruption.policy = EXCEPTION (default)
2023-05-08 09:36:08,074 [pool-1005-thread-1] INFO  server.RaftServerConfigKeys (ConfUtils.java:logGet(46)) - raft.server.storage.free-space.min = 0MB (=0) (default)
2023-05-08 09:36:08,074 [pool-1005-thread-1] INFO  server.RaftServerConfigKeys (ConfUtils.java:logGet(46)) - raft.server.notification.no-leader.timeout = 60s (default)
2023-05-08 09:36:08,074 [pool-1005-thread-1] INFO  server.RaftServerConfigKeys (ConfUtils.java:logGet(46)) - raft.server.retrycache.expirytime = 60000ms (default)
2023-05-08 09:36:08,074 [pool-1005-thread-1] INFO  server.RaftServerConfigKeys (ConfUtils.java:logGet(46)) - raft.server.retrycache.statistics.expirytime = 100μs (default)
2023-05-08 09:36:08,074 [pool-1005-thread-1] INFO  server.RaftServerConfigKeys (ConfUtils.java:logGet(46)) - raft.server.log.appender.install.snapshot.enabled = false (custom)
2023-05-08 09:36:08,074 [pool-1005-thread-1] INFO  server.RaftServerConfigKeys (ConfUtils.java:logGet(46)) - raft.server.threadpool.server.cached = true (default)
2023-05-08 09:36:08,074 [pool-1005-thread-1] INFO  server.RaftServerConfigKeys (ConfUtils.java:logGet(46)) - raft.server.threadpool.server.size = 0 (default)
2023-05-08 09:36:08,075 [pool-1005-thread-1] INFO  server.RaftServerConfigKeys (ConfUtils.java:logGet(46)) - raft.server.threadpool.client.cached = true (default)
2023-05-08 09:36:08,075 [pool-1005-thread-1] INFO  server.RaftServerConfigKeys (ConfUtils.java:logGet(46)) - raft.server.threadpool.client.size = 0 (default)
2023-05-08 09:36:08,075 [ce2f45ad-812e-41c2-8543-df3be2bd36ed-impl-thread1] INFO  storage.RaftStorageDirectory (RaftStorageDirectoryImpl.java:analyzeStorage(137)) - The storage directory /home/runner/work/ozone/ozone/hadoop-ozone/integration-test/target/test-dir/cdb4bbcd-0576-4929-995d-f4eecabd572f/scm-meta/scm-ha/afd52ed4-bac2-47de-a536-af11b13c303e does not exist. Creating ...
2023-05-08 09:36:08,076 [ce2f45ad-812e-41c2-8543-df3be2bd36ed-impl-thread1] INFO  storage.RaftStorageDirectory (RaftStorageDirectoryImpl.java:tryLock(231)) - Lock on /home/runner/work/ozone/ozone/hadoop-ozone/integration-test/target/test-dir/cdb4bbcd-0576-4929-995d-f4eecabd572f/scm-meta/scm-ha/afd52ed4-bac2-47de-a536-af11b13c303e/in_use.lock acquired by nodename 7572@fv-az96-539
2023-05-08 09:36:08,077 [ce2f45ad-812e-41c2-8543-df3be2bd36ed-impl-thread1] INFO  storage.RaftStorage (RaftStorageImpl.java:format(96)) - Storage directory /home/runner/work/ozone/ozone/hadoop-ozone/integration-test/target/test-dir/cdb4bbcd-0576-4929-995d-f4eecabd572f/scm-meta/scm-ha/afd52ed4-bac2-47de-a536-af11b13c303e has been successfully formatted.
2023-05-08 09:36:08,078 [ce2f45ad-812e-41c2-8543-df3be2bd36ed-impl-thread1] INFO  server.RaftServerConfigKeys (ConfUtils.java:logGet(46)) - raft.server.log.use.memory = false (default)
2023-05-08 09:36:08,078 [ce2f45ad-812e-41c2-8543-df3be2bd36ed-impl-thread1] INFO  server.RaftServerConfigKeys (ConfUtils.java:logGet(46)) - raft.server.log.purge.gap = 1000000 (custom)
2023-05-08 09:36:08,078 [ce2f45ad-812e-41c2-8543-df3be2bd36ed-impl-thread1] INFO  server.RaftServerConfigKeys (ConfUtils.java:logGet(46)) - raft.server.log.appender.buffer.byte-limit = 33554432 (custom)
2023-05-08 09:36:08,078 [ce2f45ad-812e-41c2-8543-df3be2bd36ed-impl-thread1] INFO  server.RaftServerConfigKeys (ConfUtils.java:logGet(46)) - raft.server.log.statemachine.data.read.timeout = 1000ms (default)
2023-05-08 09:36:08,078 [ce2f45ad-812e-41c2-8543-df3be2bd36ed-impl-thread1] INFO  server.RaftServerConfigKeys (ConfUtils.java:logGet(46)) - raft.server.log.purge.preservation.log.num = 0 (default)
2023-05-08 09:36:08,078 [ce2f45ad-812e-41c2-8543-df3be2bd36ed-impl-thread1] INFO  server.RaftServerConfigKeys (ConfUtils.java:logGet(46)) - raft.server.log.segment.size.max = 4194304 (custom)
2023-05-08 09:36:08,078 [ce2f45ad-812e-41c2-8543-df3be2bd36ed-impl-thread1] INFO  server.RaftServerConfigKeys (ConfUtils.java:logGet(46)) - raft.server.log.segment.cache.num.max = 2 (custom)
2023-05-08 09:36:08,079 [ce2f45ad-812e-41c2-8543-df3be2bd36ed-impl-thread1] INFO  server.RaftServerConfigKeys (ConfUtils.java:logGet(46)) - raft.server.log.segment.cache.size.max = 200MB (=209715200) (default)
2023-05-08 09:36:08,079 [ce2f45ad-812e-41c2-8543-df3be2bd36ed-impl-thread1] INFO  segmented.SegmentedRaftLogWorker (SegmentedRaftLogWorker.java:<init>(189)) - new ce2f45ad-812e-41c2-8543-df3be2bd36ed@group-AF11B13C303E-SegmentedRaftLogWorker for RaftStorageImpl:Storage Directory /home/runner/work/ozone/ozone/hadoop-ozone/integration-test/target/test-dir/cdb4bbcd-0576-4929-995d-f4eecabd572f/scm-meta/scm-ha/afd52ed4-bac2-47de-a536-af11b13c303e
2023-05-08 09:36:08,079 [ce2f45ad-812e-41c2-8543-df3be2bd36ed-impl-thread1] INFO  server.RaftServerConfigKeys (ConfUtils.java:logGet(46)) - raft.server.log.queue.byte-limit = 64MB (=67108864) (default)
2023-05-08 09:36:08,079 [ce2f45ad-812e-41c2-8543-df3be2bd36ed-impl-thread1] INFO  server.RaftServerConfigKeys (ConfUtils.java:logGet(46)) - raft.server.log.queue.element-limit = 4096 (default)
2023-05-08 09:36:08,079 [ce2f45ad-812e-41c2-8543-df3be2bd36ed-impl-thread1] INFO  server.RaftServerConfigKeys (ConfUtils.java:logGet(46)) - raft.server.log.segment.size.max = 4194304 (custom)
2023-05-08 09:36:08,079 [ce2f45ad-812e-41c2-8543-df3be2bd36ed-impl-thread1] INFO  server.RaftServerConfigKeys (ConfUtils.java:logGet(46)) - raft.server.log.preallocated.size = 4194304 (custom)
2023-05-08 09:36:08,079 [ce2f45ad-812e-41c2-8543-df3be2bd36ed-impl-thread1] INFO  server.RaftServerConfigKeys (ConfUtils.java:logGet(46)) - raft.server.log.force.sync.num = 128 (default)
2023-05-08 09:36:08,079 [ce2f45ad-812e-41c2-8543-df3be2bd36ed-impl-thread1] INFO  server.RaftServerConfigKeys (ConfUtils.java:logGet(46)) - raft.server.log.statemachine.data.sync = true (default)
2023-05-08 09:36:08,079 [ce2f45ad-812e-41c2-8543-df3be2bd36ed-impl-thread1] INFO  server.RaftServerConfigKeys (ConfUtils.java:logGet(46)) - raft.server.log.statemachine.data.sync.timeout = 10s (default)
2023-05-08 09:36:08,079 [ce2f45ad-812e-41c2-8543-df3be2bd36ed-impl-thread1] INFO  server.RaftServerConfigKeys (ConfUtils.java:logGet(46)) - raft.server.log.statemachine.data.sync.timeout.retry = -1 (default)
2023-05-08 09:36:08,079 [ce2f45ad-812e-41c2-8543-df3be2bd36ed-impl-thread1] INFO  server.RaftServerConfigKeys (ConfUtils.java:logGet(46)) - raft.server.log.write.buffer.size = 64KB (=65536) (default)
2023-05-08 09:36:08,079 [ce2f45ad-812e-41c2-8543-df3be2bd36ed-impl-thread1] INFO  server.RaftServerConfigKeys (ConfUtils.java:logGet(46)) - raft.server.log.appender.buffer.byte-limit = 33554432 (custom)
2023-05-08 09:36:08,084 [ce2f45ad-812e-41c2-8543-df3be2bd36ed-impl-thread1] INFO  server.RaftServerConfigKeys (ConfUtils.java:logGet(46)) - raft.server.log.unsafe-flush.enabled = false (default)
2023-05-08 09:36:08,084 [ce2f45ad-812e-41c2-8543-df3be2bd36ed-impl-thread1] INFO  server.RaftServerConfigKeys (ConfUtils.java:logGet(46)) - raft.server.log.async-flush.enabled = false (default)
2023-05-08 09:36:08,084 [ce2f45ad-812e-41c2-8543-df3be2bd36ed-impl-thread1] INFO  server.RaftServerConfigKeys (ConfUtils.java:logGet(46)) - raft.server.log.statemachine.data.caching.enabled = false (default)
2023-05-08 09:36:08,084 [ce2f45ad-812e-41c2-8543-df3be2bd36ed-impl-thread1] INFO  segmented.SegmentedRaftLogWorker (SegmentedRaftLogWorker.java:lambda$new$0(135)) - ce2f45ad-812e-41c2-8543-df3be2bd36ed@group-AF11B13C303E-SegmentedRaftLogWorker: flushIndex: setUnconditionally 0 -> -1
2023-05-08 09:36:08,084 [ce2f45ad-812e-41c2-8543-df3be2bd36ed-impl-thread1] INFO  segmented.SegmentedRaftLogWorker (SegmentedRaftLogWorker.java:lambda$new$0(135)) - ce2f45ad-812e-41c2-8543-df3be2bd36ed@group-AF11B13C303E-SegmentedRaftLogWorker: safeCacheEvictIndex: setUnconditionally 0 -> -1
2023-05-08 09:36:08,088 [ce2f45ad-812e-41c2-8543-df3be2bd36ed-impl-thread1] INFO  server.RaftServer$Division (RaftServerImpl.java:start(334)) - ce2f45ad-812e-41c2-8543-df3be2bd36ed@group-AF11B13C303E: start as a follower, conf=-1: peers:[ce2f45ad-812e-41c2-8543-df3be2bd36ed|rpc:fv-az96-539:9894|priority:0|startupRole:FOLLOWER]|listeners:[], old=null
2023-05-08 09:36:08,088 [ce2f45ad-812e-41c2-8543-df3be2bd36ed-impl-thread1] INFO  server.RaftServer$Division (RaftServerImpl.java:setRole(321)) - ce2f45ad-812e-41c2-8543-df3be2bd36ed@group-AF11B13C303E: changes role from      null to FOLLOWER at term 0 for startAsFollower
2023-05-08 09:36:08,088 [ce2f45ad-812e-41c2-8543-df3be2bd36ed-impl-thread1] INFO  impl.RoleInfo (RoleInfo.java:updateAndGet(139)) - ce2f45ad-812e-41c2-8543-df3be2bd36ed: start ce2f45ad-812e-41c2-8543-df3be2bd36ed@group-AF11B13C303E-FollowerState
2023-05-08 09:36:08,092 [ce2f45ad-812e-41c2-8543-df3be2bd36ed-impl-thread1] INFO  util.JmxRegister (JmxRegister.java:tryRegister(44)) - Successfully registered JMX Bean with object name Ratis:service=RaftServer,group=group-AF11B13C303E,id=ce2f45ad-812e-41c2-8543-df3be2bd36ed
2023-05-08 09:36:08,092 [ce2f45ad-812e-41c2-8543-df3be2bd36ed-impl-thread1] INFO  server.RaftServerConfigKeys (ConfUtils.java:logGet(46)) - raft.server.snapshot.auto.trigger.enabled = true (custom)
2023-05-08 09:36:08,092 [ce2f45ad-812e-41c2-8543-df3be2bd36ed-impl-thread1] INFO  server.RaftServerConfigKeys (ConfUtils.java:logGet(46)) - raft.server.snapshot.auto.trigger.threshold = 1000 (custom)
2023-05-08 09:36:08,092 [ce2f45ad-812e-41c2-8543-df3be2bd36ed-impl-thread1] INFO  server.RaftServerConfigKeys (ConfUtils.java:logGet(46)) - raft.server.snapshot.retention.file.num = -1 (default)
2023-05-08 09:36:08,092 [ce2f45ad-812e-41c2-8543-df3be2bd36ed-impl-thread1] INFO  server.RaftServerConfigKeys (ConfUtils.java:logGet(46)) - raft.server.log.purge.upto.snapshot.index = false (default)
2023-05-08 09:36:08,093 [ce2f45ad-812e-41c2-8543-df3be2bd36ed@group-AF11B13C303E-FollowerState] INFO  server.RaftServerConfigKeys (ConfUtils.java:logFallback(53)) - raft.server.rpc.first-election.timeout.min = 5000ms (fallback to raft.server.rpc.timeout.min)
2023-05-08 09:36:08,093 [ce2f45ad-812e-41c2-8543-df3be2bd36ed@group-AF11B13C303E-FollowerState] INFO  server.RaftServerConfigKeys (ConfUtils.java:logFallback(53)) - raft.server.rpc.first-election.timeout.max = 5200ms (fallback to raft.server.rpc.timeout.max)
2023-05-08 09:36:08,093 [Time-limited test] INFO  server.RaftServer (RaftServerProxy.java:startImpl(393)) - ce2f45ad-812e-41c2-8543-df3be2bd36ed: start RPC server
2023-05-08 09:36:08,098 [Time-limited test] INFO  server.GrpcService (GrpcService.java:startImpl(262)) - ce2f45ad-812e-41c2-8543-df3be2bd36ed: GrpcService started, listening on 9894
2023-05-08 09:36:08,098 [JvmPauseMonitor24] INFO  util.JvmPauseMonitor (JvmPauseMonitor.java:run(105)) - JvmPauseMonitor-ce2f45ad-812e-41c2-8543-df3be2bd36ed: Started
2023-05-08 09:36:13,112 [ce2f45ad-812e-41c2-8543-df3be2bd36ed@group-AF11B13C303E-FollowerState] INFO  impl.FollowerState (FollowerState.java:run(143)) - ce2f45ad-812e-41c2-8543-df3be2bd36ed@group-AF11B13C303E-FollowerState: change to CANDIDATE, lastRpcElapsedTime:5023643656ns, electionTimeout:5019ms
2023-05-08 09:36:13,112 [ce2f45ad-812e-41c2-8543-df3be2bd36ed@group-AF11B13C303E-FollowerState] INFO  impl.RoleInfo (RoleInfo.java:shutdownFollowerState(110)) - ce2f45ad-812e-41c2-8543-df3be2bd36ed: shutdown ce2f45ad-812e-41c2-8543-df3be2bd36ed@group-AF11B13C303E-FollowerState
2023-05-08 09:36:13,112 [ce2f45ad-812e-41c2-8543-df3be2bd36ed@group-AF11B13C303E-FollowerState] INFO  server.RaftServer$Division (RaftServerImpl.java:setRole(321)) - ce2f45ad-812e-41c2-8543-df3be2bd36ed@group-AF11B13C303E: changes role from  FOLLOWER to CANDIDATE at term 0 for changeToCandidate
2023-05-08 09:36:13,112 [ce2f45ad-812e-41c2-8543-df3be2bd36ed@group-AF11B13C303E-FollowerState] INFO  server.RaftServerConfigKeys (ConfUtils.java:logGet(46)) - raft.server.leaderelection.pre-vote = true (default)
2023-05-08 09:36:13,112 [ce2f45ad-812e-41c2-8543-df3be2bd36ed@group-AF11B13C303E-FollowerState] INFO  impl.RoleInfo (RoleInfo.java:updateAndGet(139)) - ce2f45ad-812e-41c2-8543-df3be2bd36ed: start ce2f45ad-812e-41c2-8543-df3be2bd36ed@group-AF11B13C303E-LeaderElection43
2023-05-08 09:36:13,113 [ce2f45ad-812e-41c2-8543-df3be2bd36ed@group-AF11B13C303E-LeaderElection43] INFO  impl.LeaderElection (LeaderElection.java:askForVotes(312)) - ce2f45ad-812e-41c2-8543-df3be2bd36ed@group-AF11B13C303E-LeaderElection43 PRE_VOTE round 0: submit vote requests at term 0 for -1: peers:[ce2f45ad-812e-41c2-8543-df3be2bd36ed|rpc:fv-az96-539:9894|priority:0|startupRole:FOLLOWER]|listeners:[], old=null
2023-05-08 09:36:13,114 [ce2f45ad-812e-41c2-8543-df3be2bd36ed@group-AF11B13C303E-LeaderElection43] INFO  impl.LeaderElection (LeaderElection.java:askForVotes(314)) - ce2f45ad-812e-41c2-8543-df3be2bd36ed@group-AF11B13C303E-LeaderElection43 PRE_VOTE round 0: result PASSED (term=0)
2023-05-08 09:36:13,116 [ce2f45ad-812e-41c2-8543-df3be2bd36ed@group-AF11B13C303E-LeaderElection43] INFO  impl.LeaderElection (LeaderElection.java:askForVotes(312)) - ce2f45ad-812e-41c2-8543-df3be2bd36ed@group-AF11B13C303E-LeaderElection43 ELECTION round 0: submit vote requests at term 1 for -1: peers:[ce2f45ad-812e-41c2-8543-df3be2bd36ed|rpc:fv-az96-539:9894|priority:0|startupRole:FOLLOWER]|listeners:[], old=null
2023-05-08 09:36:13,116 [ce2f45ad-812e-41c2-8543-df3be2bd36ed@group-AF11B13C303E-LeaderElection43] INFO  impl.LeaderElection (LeaderElection.java:askForVotes(314)) - ce2f45ad-812e-41c2-8543-df3be2bd36ed@group-AF11B13C303E-LeaderElection43 ELECTION round 0: result PASSED (term=1)
2023-05-08 09:36:13,116 [ce2f45ad-812e-41c2-8543-df3be2bd36ed@group-AF11B13C303E-LeaderElection43] INFO  impl.RoleInfo (RoleInfo.java:shutdownLeaderElection(130)) - ce2f45ad-812e-41c2-8543-df3be2bd36ed: shutdown ce2f45ad-812e-41c2-8543-df3be2bd36ed@group-AF11B13C303E-LeaderElection43
2023-05-08 09:36:13,116 [ce2f45ad-812e-41c2-8543-df3be2bd36ed@group-AF11B13C303E-LeaderElection43] INFO  server.RaftServer$Division (RaftServerImpl.java:setRole(321)) - ce2f45ad-812e-41c2-8543-df3be2bd36ed@group-AF11B13C303E: changes role from CANDIDATE to LEADER at term 1 for changeToLeader
2023-05-08 09:36:13,116 [ce2f45ad-812e-41c2-8543-df3be2bd36ed@group-AF11B13C303E-LeaderElection43] INFO  server.RaftServer$Division (ServerState.java:setLeader(313)) - ce2f45ad-812e-41c2-8543-df3be2bd36ed@group-AF11B13C303E: change Leader from null to ce2f45ad-812e-41c2-8543-df3be2bd36ed at term 1 for becomeLeader, leader elected after 5041ms
2023-05-08 09:36:13,116 [ce2f45ad-812e-41c2-8543-df3be2bd36ed@group-AF11B13C303E-LeaderElection43] INFO  server.RaftServerConfigKeys (ConfUtils.java:logGet(46)) - raft.server.staging.catchup.gap = 1000 (default)
2023-05-08 09:36:13,116 [ce2f45ad-812e-41c2-8543-df3be2bd36ed@group-AF11B13C303E-LeaderElection43] INFO  server.RaftServerConfigKeys (ConfUtils.java:logGet(46)) - raft.server.write.element-limit = 4096 (default)
2023-05-08 09:36:13,116 [ce2f45ad-812e-41c2-8543-df3be2bd36ed@group-AF11B13C303E-LeaderElection43] INFO  server.RaftServerConfigKeys (ConfUtils.java:logGet(46)) - raft.server.write.byte-limit = 64MB (=67108864) (default)
2023-05-08 09:36:13,116 [ce2f45ad-812e-41c2-8543-df3be2bd36ed@group-AF11B13C303E-LeaderElection43] INFO  server.RaftServerConfigKeys (ConfUtils.java:logGet(46)) - raft.server.watch.timeout = 10s (default)
2023-05-08 09:36:13,116 [ce2f45ad-812e-41c2-8543-df3be2bd36ed@group-AF11B13C303E-LeaderElection43] INFO  server.RaftServerConfigKeys (ConfUtils.java:logGet(46)) - raft.server.watch.timeout.denomination = 1s (default)
2023-05-08 09:36:13,116 [ce2f45ad-812e-41c2-8543-df3be2bd36ed@group-AF11B13C303E-LeaderElection43] INFO  server.RaftServerConfigKeys (ConfUtils.java:logGet(46)) - raft.server.watch.element-limit = 65536 (default)
2023-05-08 09:36:13,116 [ce2f45ad-812e-41c2-8543-df3be2bd36ed@group-AF11B13C303E-LeaderElection43] INFO  server.RaftServerConfigKeys (ConfUtils.java:logGet(46)) - raft.server.write.element-limit = 4096 (default)
2023-05-08 09:36:13,117 [ce2f45ad-812e-41c2-8543-df3be2bd36ed@group-AF11B13C303E-LeaderElection43] INFO  server.RaftServerConfigKeys (ConfUtils.java:logGet(46)) - raft.server.write.follower.gap.ratio.max = -1.0 (default)
2023-05-08 09:36:13,117 [ce2f45ad-812e-41c2-8543-df3be2bd36ed@group-AF11B13C303E-LeaderElection43] INFO  impl.RoleInfo (RoleInfo.java:updateAndGet(139)) - ce2f45ad-812e-41c2-8543-df3be2bd36ed: start ce2f45ad-812e-41c2-8543-df3be2bd36ed@group-AF11B13C303E-LeaderStateImpl
2023-05-08 09:36:13,117 [ce2f45ad-812e-41c2-8543-df3be2bd36ed@group-AF11B13C303E-LeaderElection43] INFO  segmented.SegmentedRaftLogWorker (SegmentedRaftLogWorker.java:startLogSegment(452)) - ce2f45ad-812e-41c2-8543-df3be2bd36ed@group-AF11B13C303E-SegmentedRaftLogWorker: Starting segment from index:0
2023-05-08 09:36:13,120 [ce2f45ad-812e-41c2-8543-df3be2bd36ed@group-AF11B13C303E-LeaderElection43] INFO  server.RaftServer$Division (ServerState.java:setRaftConf(430)) - ce2f45ad-812e-41c2-8543-df3be2bd36ed@group-AF11B13C303E: set configuration 0: peers:[ce2f45ad-812e-41c2-8543-df3be2bd36ed|rpc:fv-az96-539:9894|admin:|client:|dataStream:|priority:0|startupRole:FOLLOWER]|listeners:[], old=null
2023-05-08 09:36:13,129 [ce2f45ad-812e-41c2-8543-df3be2bd36ed@group-AF11B13C303E-SegmentedRaftLogWorker] INFO  segmented.SegmentedRaftLogWorker (SegmentedRaftLogWorker.java:execute(656)) - ce2f45ad-812e-41c2-8543-df3be2bd36ed@group-AF11B13C303E-SegmentedRaftLogWorker: created new log segment /home/runner/work/ozone/ozone/hadoop-ozone/integration-test/target/test-dir/cdb4bbcd-0576-4929-995d-f4eecabd572f/scm-meta/scm-ha/afd52ed4-bac2-47de-a536-af11b13c303e/current/log_inprogress_0
2023-05-08 09:36:14,099 [Time-limited test] INFO  server.RaftServer (RaftServerProxy.java:lambda$close$6(409)) - ce2f45ad-812e-41c2-8543-df3be2bd36ed: close
2023-05-08 09:36:14,099 [Time-limited test] INFO  server.GrpcService (GrpcService.java:closeImpl(271)) - ce2f45ad-812e-41c2-8543-df3be2bd36ed: shutdown server GrpcServerProtocolService now
2023-05-08 09:36:14,099 [ce2f45ad-812e-41c2-8543-df3be2bd36ed-impl-thread1] INFO  server.RaftServer$Division (RaftServerImpl.java:lambda$close$4(458)) - ce2f45ad-812e-41c2-8543-df3be2bd36ed@group-AF11B13C303E: shutdown
2023-05-08 09:36:14,099 [ce2f45ad-812e-41c2-8543-df3be2bd36ed-impl-thread1] INFO  util.JmxRegister (JmxRegister.java:unregister(73)) - Successfully un-registered JMX Bean with object name Ratis:service=RaftServer,group=group-AF11B13C303E,id=ce2f45ad-812e-41c2-8543-df3be2bd36ed
2023-05-08 09:36:14,100 [ce2f45ad-812e-41c2-8543-df3be2bd36ed-impl-thread1] INFO  impl.RoleInfo (RoleInfo.java:shutdownLeaderState(93)) - ce2f45ad-812e-41c2-8543-df3be2bd36ed: shutdown ce2f45ad-812e-41c2-8543-df3be2bd36ed@group-AF11B13C303E-LeaderStateImpl
2023-05-08 09:36:14,100 [ce2f45ad-812e-41c2-8543-df3be2bd36ed-impl-thread1] INFO  impl.PendingRequests (PendingRequests.java:sendNotLeaderResponses(282)) - ce2f45ad-812e-41c2-8543-df3be2bd36ed@group-AF11B13C303E-PendingRequests: sendNotLeaderResponses
2023-05-08 09:36:14,100 [ce2f45ad-812e-41c2-8543-df3be2bd36ed-impl-thread1] INFO  impl.StateMachineUpdater (StateMachineUpdater.java:stopAndJoin(153)) - ce2f45ad-812e-41c2-8543-df3be2bd36ed@group-AF11B13C303E-StateMachineUpdater: set stopIndex = 0
2023-05-08 09:36:14,100 [Time-limited test] INFO  server.GrpcService (GrpcService.java:closeImpl(280)) - ce2f45ad-812e-41c2-8543-df3be2bd36ed: shutdown server GrpcServerProtocolService successfully
2023-05-08 09:36:14,100 [ce2f45ad-812e-41c2-8543-df3be2bd36ed@group-AF11B13C303E-StateMachineUpdater] INFO  impl.StateMachineUpdater (StateMachineUpdater.java:takeSnapshot(287)) - ce2f45ad-812e-41c2-8543-df3be2bd36ed@group-AF11B13C303E-StateMachineUpdater: Took a snapshot at index 0
2023-05-08 09:36:14,100 [ce2f45ad-812e-41c2-8543-df3be2bd36ed@group-AF11B13C303E-StateMachineUpdater] INFO  impl.StateMachineUpdater (StateMachineUpdater.java:lambda$new$0(92)) - ce2f45ad-812e-41c2-8543-df3be2bd36ed@group-AF11B13C303E-StateMachineUpdater: snapshotIndex: updateIncreasingly -1 -> 0
2023-05-08 09:36:14,100 [ce2f45ad-812e-41c2-8543-df3be2bd36ed-impl-thread1] INFO  server.RaftServer$Division (ServerState.java:close(466)) - ce2f45ad-812e-41c2-8543-df3be2bd36ed@group-AF11B13C303E: closes. applyIndex: 0
2023-05-08 09:36:14,101 [ce2f45ad-812e-41c2-8543-df3be2bd36ed@group-AF11B13C303E-SegmentedRaftLogWorker] INFO  segmented.SegmentedRaftLogWorker (SegmentedRaftLogWorker.java:run(347)) - ce2f45ad-812e-41c2-8543-df3be2bd36ed@group-AF11B13C303E-SegmentedRaftLogWorker was interrupted, exiting. There are 0 tasks remaining in the queue.
2023-05-08 09:36:14,102 [ce2f45ad-812e-41c2-8543-df3be2bd36ed-impl-thread1] INFO  segmented.SegmentedRaftLogWorker (SegmentedRaftLogWorker.java:close(257)) - ce2f45ad-812e-41c2-8543-df3be2bd36ed@group-AF11B13C303E-SegmentedRaftLogWorker close()
2023-05-08 09:36:14,102 [JvmPauseMonitor24] INFO  util.JvmPauseMonitor (JvmPauseMonitor.java:run(111)) - JvmPauseMonitor-ce2f45ad-812e-41c2-8543-df3be2bd36ed: Stopped
2023-05-08 09:36:14,102 [Time-limited test] WARN  server.ServerUtils (ServerUtils.java:getScmDbDir(148)) - ozone.scm.db.dirs is not configured. We recommend adding this setting. Falling back to ozone.metadata.dirs instead.
2023-05-08 09:36:14,103 [Time-limited test] INFO  server.StorageContainerManager (StorageContainerManager.java:scmInit(1284)) - SCM initialization succeeded. Current cluster id for sd=/home/runner/work/ozone/ozone/hadoop-ozone/integration-test/target/test-dir/cdb4bbcd-0576-4929-995d-f4eecabd572f/scm-meta/scm; cid=afd52ed4-bac2-47de-a536-af11b13c303e; layoutVersion=6; scmId=ce2f45ad-812e-41c2-8543-df3be2bd36ed
2023-05-08 09:36:14,104 [Time-limited test] WARN  server.ServerUtils (ServerUtils.java:getScmDbDir(148)) - ozone.scm.db.dirs is not configured. We recommend adding this setting. Falling back to ozone.metadata.dirs instead.
2023-05-08 09:36:14,104 [Time-limited test] WARN  server.ServerUtils (ServerUtils.java:getScmDbDir(148)) - ozone.scm.db.dirs is not configured. We recommend adding this setting. Falling back to ozone.metadata.dirs instead.
2023-05-08 09:36:14,104 [Time-limited test] INFO  ha.SCMHANodeDetails (SCMHANodeDetails.java:loadSCMHAConfig(209)) - ServiceID for StorageContainerManager is null
2023-05-08 09:36:14,104 [Time-limited test] INFO  ha.SCMHANodeDetails (SCMHANodeDetails.java:loadSCMHAConfig(214)) - ozone.scm.default.service.id is not defined, falling back to ozone.scm.service.ids to find serviceID for StorageContainerManager if it is HA enabled cluster
2023-05-08 09:36:14,104 [Time-limited test] INFO  upgrade.AbstractLayoutVersionManager (AbstractLayoutVersionManager.java:init(83)) - Initializing Layout version manager with metadata layout = WEBUI_PORTS_IN_DATANODEDETAILS (version = 6), software layout = WEBUI_PORTS_IN_DATANODEDETAILS (version = 6)
2023-05-08 09:36:14,149 [Time-limited test] INFO  reflections.Reflections (Reflections.java:scan(232)) - Reflections took 44 ms to scan 7 urls, producing 156 keys and 369 values 
2023-05-08 09:36:14,151 [Time-limited test] INFO  server.StorageContainerManager (StorageContainerManager.java:scmInit(1316)) - SCM already initialized. Reusing existing cluster id for sd=/home/runner/work/ozone/ozone/hadoop-ozone/integration-test/target/test-dir/cdb4bbcd-0576-4929-995d-f4eecabd572f/scm-meta/scm;cid=afd52ed4-bac2-47de-a536-af11b13c303e; layoutVersion=6; HAEnabled=true
]]></system-out>
  </testcase>
  <testcase name="testContainerReportQueueTakingMoreTime" classname="org.apache.hadoop.ozone.TestStorageContainerManager" time="3.011">
    <failure type="java.lang.AssertionError"><![CDATA[java.lang.AssertionError
	at org.junit.Assert.fail(Assert.java:87)
	at org.junit.Assert.assertTrue(Assert.java:42)
	at org.junit.Assert.assertTrue(Assert.java:53)
	at org.apache.hadoop.ozone.TestStorageContainerManager.testContainerReportQueueTakingMoreTime(TestStorageContainerManager.java:939)
	at sun.reflect.NativeMethodAccessorImpl.invoke0(Native Method)
	at sun.reflect.NativeMethodAccessorImpl.invoke(NativeMethodAccessorImpl.java:62)
	at sun.reflect.DelegatingMethodAccessorImpl.invoke(DelegatingMethodAccessorImpl.java:43)
	at java.lang.reflect.Method.invoke(Method.java:498)
	at org.junit.runners.model.FrameworkMethod$1.runReflectiveCall(FrameworkMethod.java:59)
	at org.junit.internal.runners.model.ReflectiveCallable.run(ReflectiveCallable.java:12)
	at org.junit.runners.model.FrameworkMethod.invokeExplosively(FrameworkMethod.java:56)
	at org.junit.internal.runners.statements.InvokeMethod.evaluate(InvokeMethod.java:17)
	at org.junit.internal.runners.statements.RunAfters.evaluate(RunAfters.java:27)
	at org.junit.rules.ExpectedException$ExpectedExceptionStatement.evaluate(ExpectedException.java:258)
	at org.junit.internal.runners.statements.FailOnTimeout$CallableStatement.call(FailOnTimeout.java:288)
	at org.junit.internal.runners.statements.FailOnTimeout$CallableStatement.call(FailOnTimeout.java:282)
	at java.util.concurrent.FutureTask.run(FutureTask.java:266)
	at java.lang.Thread.run(Thread.java:750)
]]></failure>
    <system-out><![CDATA[2023-05-08 09:36:15,162 [FixedThreadPoolWithAffinityExecutor-0-0] WARN  events.FixedThreadPoolWithAffinityExecutor (FixedThreadPoolWithAffinityExecutor.java:run(283)) - Event taken long execution time 1003 millisec, 19eb9986-f321-4d93-9fa3-b09b242284ac(null/null), {type: FCR, size: 0}
2023-05-08 09:36:16,162 [FixedThreadPoolWithAffinityExecutor-0-0] WARN  events.FixedThreadPoolWithAffinityExecutor (FixedThreadPoolWithAffinityExecutor.java:run(283)) - Event taken long execution time 2001 millisec, 87a00cfe-c6a3-465f-8d1e-6bbefd4817b7(null/null), {type: FCR, size: 0}
]]></system-out>
  </testcase>
  <testcase name="testScmProcessDatanodeHeartbeat" classname="org.apache.hadoop.ozone.TestStorageContainerManager" time="30.285">
    <system-out><![CDATA[2023-05-08 09:36:17,189 [Time-limited test] WARN  server.ServerUtils (ServerUtils.java:getScmDbDir(148)) - ozone.scm.db.dirs is not configured. We recommend adding this setting. Falling back to ozone.metadata.dirs instead.
2023-05-08 09:36:17,190 [Time-limited test] WARN  server.ServerUtils (ServerUtils.java:getScmDbDir(148)) - ozone.scm.db.dirs is not configured. We recommend adding this setting. Falling back to ozone.metadata.dirs instead.
2023-05-08 09:36:17,191 [Time-limited test] INFO  ha.SCMHANodeDetails (SCMHANodeDetails.java:loadSCMHAConfig(209)) - ServiceID for StorageContainerManager is null
2023-05-08 09:36:17,192 [Time-limited test] WARN  ha.SCMHANodeDetails (SCMHANodeDetails.java:validateSCMHAConfig(182)) - Invalid config ozone.scm.ratis.enable. The config was not specified, but the default value true conflicts with the expected config value false. Falling back to the expected value. Current State of SCM: SCM is running in Non-HA without Ratis Ratis SCM -> Non Ratis SCM or Non HA SCM -> HA SCM is not supported
2023-05-08 09:36:17,192 [Time-limited test] INFO  ha.SCMHANodeDetails (SCMHANodeDetails.java:loadSCMHAConfig(214)) - ozone.scm.default.service.id is not defined, falling back to ozone.scm.service.ids to find serviceID for StorageContainerManager if it is HA enabled cluster
2023-05-08 09:36:17,192 [Time-limited test] WARN  utils.HAUtils (HAUtils.java:getMetaDir(350)) - ozone.scm.db.dirs is not configured. We recommend adding this setting. Falling back to ozone.metadata.dirs instead.
2023-05-08 09:36:17,192 [Time-limited test] WARN  db.DBStoreBuilder (DBStoreBuilder.java:applyDBDefinition(164)) - ozone.scm.db.dirs is not configured. We recommend adding this setting. Falling back to ozone.metadata.dirs instead.
2023-05-08 09:36:17,290 [Time-limited test] INFO  net.NodeSchemaLoader (NodeSchemaLoader.java:loadSchemaFromFile(129)) - Loading schema from [jar:file:/home/runner/.m2/repository/org/apache/ozone/hdds-common/1.4.0-SNAPSHOT/hdds-common-1.4.0-SNAPSHOT.jar!/network-topology-default.xml]
2023-05-08 09:36:17,290 [Time-limited test] INFO  net.NodeSchemaLoader (NodeSchemaLoader.java:loadSchema(176)) - Loading network topology layer schema file
2023-05-08 09:36:17,293 [Time-limited test] INFO  upgrade.AbstractLayoutVersionManager (AbstractLayoutVersionManager.java:init(83)) - Initializing Layout version manager with metadata layout = WEBUI_PORTS_IN_DATANODEDETAILS (version = 6), software layout = WEBUI_PORTS_IN_DATANODEDETAILS (version = 6)
2023-05-08 09:36:17,338 [Time-limited test] INFO  reflections.Reflections (Reflections.java:scan(232)) - Reflections took 44 ms to scan 7 urls, producing 156 keys and 369 values 
2023-05-08 09:36:17,340 [Time-limited test] INFO  ha.SequenceIdGenerator (SequenceIdGenerator.java:upgradeToSequenceId(349)) - upgrade localId to 111677748019200000
2023-05-08 09:36:17,340 [Time-limited test] INFO  ha.SequenceIdGenerator (SequenceIdGenerator.java:upgradeToSequenceId(359)) - upgrade delTxnId to 0
2023-05-08 09:36:17,340 [Time-limited test] INFO  ha.SequenceIdGenerator (SequenceIdGenerator.java:upgradeToSequenceId(376)) - upgrade containerId to 0
2023-05-08 09:36:17,340 [Time-limited test] INFO  ha.SequenceIdGenerator (SequenceIdGenerator.java:<init>(220)) - Init the HA SequenceIdGenerator.
2023-05-08 09:36:17,341 [Time-limited test] WARN  server.ServerUtils (ServerUtils.java:sanitizeUserArgs(73)) - ozone.scm.stale.node.interval value = 300000 is larger than max = 100000 based on the key value of ozone.scm.heartbeat.thread.interval, reset to the max value 100000.
2023-05-08 09:36:17,341 [Time-limited test] WARN  server.ServerUtils (ServerUtils.java:sanitizeUserArgs(73)) - ozone.scm.stale.node.interval value = 300000 is larger than max = 100000 based on the key value of ozone.scm.heartbeat.thread.interval, reset to the max value 100000.
2023-05-08 09:36:17,342 [Time-limited test] INFO  node.SCMNodeManager (SCMNodeManager.java:<init>(159)) - Entering startup safe mode.
2023-05-08 09:36:17,342 [Time-limited test] INFO  Configuration.deprecation (Configuration.java:logDeprecation(1442)) - hadoop.configured.node.mapping is deprecated. Instead, use net.topology.configured.node.mapping
2023-05-08 09:36:17,342 [Time-limited test] INFO  algorithms.ContainerPlacementPolicyFactory (ContainerPlacementPolicyFactory.java:getPolicyInternal(86)) - Create container placement policy of type org.apache.hadoop.hdds.scm.container.placement.algorithms.SCMContainerPlacementRackAware
2023-05-08 09:36:17,342 [Time-limited test] INFO  algorithms.ContainerPlacementPolicyFactory (ContainerPlacementPolicyFactory.java:getPolicyInternal(86)) - Create container placement policy of type org.apache.hadoop.hdds.scm.container.placement.algorithms.SCMContainerPlacementRackScatter
2023-05-08 09:36:17,342 [Time-limited test] INFO  pipeline.PipelineStateManagerImpl (PipelineStateManagerImpl.java:initialize(78)) - No pipeline exists in current db
2023-05-08 09:36:17,342 [Time-limited test] INFO  algorithms.LeaderChoosePolicyFactory (LeaderChoosePolicyFactory.java:getPolicy(57)) - Create leader choose policy of type org.apache.hadoop.hdds.scm.pipeline.leader.choose.algorithms.MinLeaderCountChoosePolicy
2023-05-08 09:36:17,343 [Time-limited test] INFO  algorithms.ContainerPlacementPolicyFactory (ContainerPlacementPolicyFactory.java:getPolicyInternal(86)) - Create container placement policy of type org.apache.hadoop.hdds.scm.container.placement.algorithms.SCMContainerPlacementRackScatter
2023-05-08 09:36:17,343 [Time-limited test] INFO  ha.SCMServiceManager (SCMServiceManager.java:register(42)) - Registering service BackgroundPipelineCreator.
2023-05-08 09:36:17,343 [Time-limited test] INFO  pipeline.BackgroundPipelineCreator (BackgroundPipelineCreator.java:start(124)) - Starting RatisPipelineUtilsThread.
2023-05-08 09:36:17,343 [Time-limited test] INFO  BackgroundPipelineScrubber (BackgroundSCMService.java:start(68)) - Starting BackgroundPipelineScrubber Service.
2023-05-08 09:36:17,343 [Time-limited test] INFO  ha.SCMServiceManager (SCMServiceManager.java:register(42)) - Registering service BackgroundPipelineScrubber.
2023-05-08 09:36:17,343 [Time-limited test] INFO  ExpiredContainerReplicaOpScrubber (BackgroundSCMService.java:start(68)) - Starting ExpiredContainerReplicaOpScrubber Service.
2023-05-08 09:36:17,343 [Time-limited test] INFO  ha.SCMServiceManager (SCMServiceManager.java:register(42)) - Registering service ExpiredContainerReplicaOpScrubber.
2023-05-08 09:36:17,345 [Time-limited test] INFO  algorithms.PipelineChoosePolicyFactory (PipelineChoosePolicyFactory.java:createPipelineChoosePolicyFromClass(73)) - Create pipeline choose policy of type org.apache.hadoop.hdds.scm.pipeline.choose.algorithms.RandomPipelineChoosePolicy
2023-05-08 09:36:17,345 [Time-limited test] INFO  ha.SCMServiceManager (SCMServiceManager.java:register(42)) - Registering service SCMBlockDeletingService.
2023-05-08 09:36:17,345 [Time-limited test] INFO  replication.ReplicationManager (ReplicationManager.java:start(293)) - Starting Replication Monitor Thread.
2023-05-08 09:36:17,346 [Time-limited test] INFO  ha.SCMServiceManager (SCMServiceManager.java:register(42)) - Registering service ReplicationManager.
2023-05-08 09:36:17,346 [Time-limited test] INFO  safemode.ContainerSafeModeRule (ContainerSafeModeRule.java:<init>(89)) - containers with one replica threshold count 0
2023-05-08 09:36:17,346 [Time-limited test] INFO  safemode.HealthyPipelineSafeModeRule (HealthyPipelineSafeModeRule.java:initializeRule(169)) - Total pipeline count is 0, healthy pipeline threshold count is 1
2023-05-08 09:36:17,346 [Time-limited test] INFO  safemode.OneReplicaPipelineSafeModeRule (OneReplicaPipelineSafeModeRule.java:initializeRule(180)) - Total pipeline count is 0, pipeline's with at least one datanode reported threshold count is 0
2023-05-08 09:36:17,346 [Time-limited test] INFO  server.StorageContainerManager (StorageContainerManager.java:<init>(403)) - SCM start with adminUsers: [runner]
2023-05-08 09:36:17,347 [Time-limited test] INFO  ipc.CallQueueManager (CallQueueManager.java:<init>(90)) - Using callQueue: class java.util.concurrent.LinkedBlockingQueue, queueCapacity: 2000, scheduler: class org.apache.hadoop.ipc.DefaultRpcScheduler, ipcBackoff: false.
2023-05-08 09:36:17,349 [ReplicationMonitor] INFO  replication.ReplicationManager (ReplicationManager.java:processAll(368)) - Replication Manager is not ready to run until 3000ms after safemode exit
2023-05-08 09:36:17,351 [Listener at 0.0.0.0/42031] INFO  ipc.CallQueueManager (CallQueueManager.java:<init>(90)) - Using callQueue: class java.util.concurrent.LinkedBlockingQueue, queueCapacity: 2000, scheduler: class org.apache.hadoop.ipc.DefaultRpcScheduler, ipcBackoff: false.
2023-05-08 09:36:17,351 [Socket Reader #1 for port 0] INFO  ipc.Server (Server.java:run(1319)) - Starting Socket Reader #1 for port 0
2023-05-08 09:36:17,356 [Socket Reader #1 for port 0] INFO  ipc.Server (Server.java:run(1319)) - Starting Socket Reader #1 for port 0
2023-05-08 09:36:17,359 [Listener at 0.0.0.0/33463] INFO  ipc.CallQueueManager (CallQueueManager.java:<init>(90)) - Using callQueue: class java.util.concurrent.LinkedBlockingQueue, queueCapacity: 2000, scheduler: class org.apache.hadoop.ipc.DefaultRpcScheduler, ipcBackoff: false.
2023-05-08 09:36:17,359 [Socket Reader #1 for port 0] INFO  ipc.Server (Server.java:run(1319)) - Starting Socket Reader #1 for port 0
2023-05-08 09:36:17,362 [Listener at 0.0.0.0/33305] INFO  ha.SCMServiceManager (SCMServiceManager.java:register(42)) - Registering service ContainerBalancer.
2023-05-08 09:36:17,362 [Listener at 0.0.0.0/33305] INFO  server.StorageContainerManager (StorageContainerManager.java:<init>(420)) - 
Container Balancer status:
Key                            Value
Running                        false
Container Balancer Configuration values:
Key                                                Value
Threshold                                          10
Max Datanodes to Involve per Iteration(percent)    20
Max Size to Move per Iteration                     500GB
Max Size Entering Target per Iteration             26GB
Max Size Leaving Source per Iteration              26GB

2023-05-08 09:36:17,362 [Listener at 0.0.0.0/33305] INFO  ha.SCMContext (SCMContext.java:updateSafeModeStatus(228)) - Update SafeModeStatus from SafeModeStatus{safeModeStatus=true, preCheckPassed=false} to SafeModeStatus{safeModeStatus=true, preCheckPassed=false}.
2023-05-08 09:36:17,363 [Listener at 0.0.0.0/33305] INFO  server.StorageContainerManager (StorageContainerManager.java:start(1477)) - StorageContainerLocationProtocol RPC server is listening at /0.0.0.0:33305
2023-05-08 09:36:17,368 [Listener at 0.0.0.0/33305] WARN  impl.MetricsConfig (MetricsConfig.java:loadFirst(136)) - Cannot locate configuration: tried hadoop-metrics2-storagecontainermanager.properties,hadoop-metrics2.properties
2023-05-08 09:36:17,369 [Listener at 0.0.0.0/33305] INFO  impl.MetricsSystemImpl (MetricsSystemImpl.java:startTimer(378)) - Scheduled Metric snapshot period at 10 second(s).
2023-05-08 09:36:17,369 [Listener at 0.0.0.0/33305] INFO  impl.MetricsSystemImpl (MetricsSystemImpl.java:start(191)) - StorageContainerManager metrics system started
2023-05-08 09:36:17,373 [Listener at 0.0.0.0/33305] INFO  impl.MetricsSinkAdapter (MetricsSinkAdapter.java:start(204)) - Sink prometheus started
2023-05-08 09:36:17,373 [Listener at 0.0.0.0/33305] INFO  impl.MetricsSystemImpl (MetricsSystemImpl.java:registerSink(305)) - Registered sink prometheus
2023-05-08 09:36:17,393 [Listener at 0.0.0.0/33305] INFO  server.SCMClientProtocolServer (SCMClientProtocolServer.java:start(199)) - RPC server for Client  is listening at /0.0.0.0:33305
2023-05-08 09:36:17,393 [IPC Server Responder] INFO  ipc.Server (Server.java:run(1558)) - IPC Server Responder: starting
2023-05-08 09:36:17,396 [IPC Server listener on 0] INFO  ipc.Server (Server.java:run(1398)) - IPC Server listener on 0: starting
2023-05-08 09:36:17,403 [Listener at 0.0.0.0/33305] INFO  server.StorageContainerManager (StorageContainerManager.java:start(1491)) - ScmBlockLocationProtocol RPC server is listening at /0.0.0.0:33463
2023-05-08 09:36:17,403 [Listener at 0.0.0.0/33305] INFO  server.SCMBlockProtocolServer (SCMBlockProtocolServer.java:start(152)) - RPC server for Block Protocol is listening at /0.0.0.0:33463
2023-05-08 09:36:17,404 [IPC Server Responder] INFO  ipc.Server (Server.java:run(1558)) - IPC Server Responder: starting
2023-05-08 09:36:17,404 [IPC Server listener on 0] INFO  ipc.Server (Server.java:run(1398)) - IPC Server listener on 0: starting
2023-05-08 09:36:17,405 [Listener at 0.0.0.0/33305] INFO  server.SCMDatanodeProtocolServer (SCMDatanodeProtocolServer.java:start(193)) - ScmDatanodeProtocol RPC server for DataNodes is listening at /0.0.0.0:42031
2023-05-08 09:36:17,406 [IPC Server Responder] INFO  ipc.Server (Server.java:run(1558)) - IPC Server Responder: starting
2023-05-08 09:36:17,407 [IPC Server listener on 0] INFO  ipc.Server (Server.java:run(1398)) - IPC Server listener on 0: starting
2023-05-08 09:36:17,410 [Listener at 0.0.0.0/33305] INFO  http.BaseHttpServer (BaseHttpServer.java:newHttpServer2BuilderForOzone(224)) - Starting Web-server for scm at: http://0.0.0.0:0
2023-05-08 09:36:17,410 [Listener at 0.0.0.0/33305] INFO  http.BaseHttpServer (BaseHttpServer.java:<init>(111)) - Hadoop Security Enabled: false Ozone Security Enabled: false Ozone HTTP Security Enabled: false 
2023-05-08 09:36:17,411 [Listener at 0.0.0.0/33305] WARN  server.AuthenticationFilter (AuthenticationFilter.java:constructSecretProvider(240)) - Unable to initialize FileSignerSecretProvider, falling back to use random secrets. Reason: Could not read signature secret file: /home/runner/hadoop-http-auth-signature-secret
2023-05-08 09:36:17,412 [Listener at 0.0.0.0/33305] INFO  http.HttpRequestLog (HttpRequestLog.java:getRequestLog(86)) - Http request log for http.requests.scm is not defined
2023-05-08 09:36:17,413 [Listener at 0.0.0.0/33305] INFO  http.HttpServer2 (HttpServer2.java:addGlobalFilter(1031)) - Added global filter 'safety' (class=org.apache.hadoop.hdds.server.http.HttpServer2$QuotingInputFilter)
2023-05-08 09:36:17,414 [Listener at 0.0.0.0/33305] INFO  http.HttpServer2 (HttpServer2.java:addFilter(1007)) - Added filter static_user_filter (class=org.apache.hadoop.http.lib.StaticUserWebFilter$StaticUserFilter) to context scm
2023-05-08 09:36:17,414 [Listener at 0.0.0.0/33305] INFO  http.HttpServer2 (HttpServer2.java:addFilter(1015)) - Added filter static_user_filter (class=org.apache.hadoop.http.lib.StaticUserWebFilter$StaticUserFilter) to context static
2023-05-08 09:36:17,414 [Listener at 0.0.0.0/33305] INFO  http.HttpServer2 (HttpServer2.java:addFilter(1015)) - Added filter static_user_filter (class=org.apache.hadoop.http.lib.StaticUserWebFilter$StaticUserFilter) to context logs
2023-05-08 09:36:17,414 [Listener at 0.0.0.0/33305] INFO  http.BaseHttpServer (BaseHttpServer.java:<init>(190)) - HTTP server of scm uses base directory /home/runner/work/ozone/ozone/hadoop-ozone/integration-test/target/test-dir/MiniOzoneClusterImpl-9c6e49ad-420a-4650-a022-25d129319acc/ozone-meta/webserver
2023-05-08 09:36:17,414 [Listener at 0.0.0.0/33305] INFO  http.HttpServer2 (HttpServer2.java:bindListener(1250)) - Jetty bound to port 39817
2023-05-08 09:36:17,414 [Listener at 0.0.0.0/33305] INFO  server.Server (Server.java:doStart(375)) - jetty-9.4.51.v20230217; built: 2023-02-17T08:19:37.309Z; git: b45c405e4544384de066f814ed42ae3dceacdd49; jvm 1.8.0_362-b09
2023-05-08 09:36:17,419 [Listener at 0.0.0.0/33305] INFO  server.session (DefaultSessionIdManager.java:doStart(334)) - DefaultSessionIdManager workerName=node0
2023-05-08 09:36:17,419 [Listener at 0.0.0.0/33305] INFO  server.session (DefaultSessionIdManager.java:doStart(339)) - No SessionScavenger set, using defaults
2023-05-08 09:36:17,419 [Listener at 0.0.0.0/33305] INFO  server.session (HouseKeeper.java:startScavenging(132)) - node0 Scavenging every 600000ms
2023-05-08 09:36:17,420 [Listener at 0.0.0.0/33305] INFO  handler.ContextHandler (ContextHandler.java:doStart(921)) - Started o.e.j.s.ServletContextHandler@28ac7409{logs,/logs,file:///home/runner/work/ozone/ozone/hadoop-ozone/integration-test/target/log,AVAILABLE}
2023-05-08 09:36:17,420 [org.apache.hadoop.util.JvmPauseMonitor$Monitor@26b0ea11] INFO  util.JvmPauseMonitor (JvmPauseMonitor.java:run(188)) - Starting JVM pause monitor
2023-05-08 09:36:17,421 [Listener at 0.0.0.0/33305] INFO  handler.ContextHandler (ContextHandler.java:doStart(921)) - Started o.e.j.s.ServletContextHandler@51e25601{static,/static,file:///home/runner/work/ozone/ozone/hadoop-ozone/integration-test/target/test-classes/webapps/static,AVAILABLE}
2023-05-08 09:36:17,424 [Listener at 0.0.0.0/33305] INFO  handler.ContextHandler (ContextHandler.java:doStart(921)) - Started o.e.j.w.WebAppContext@5ee83b6{scm,/,file:///home/runner/work/ozone/ozone/hadoop-ozone/integration-test/target/test-classes/webapps/scm/,AVAILABLE}{file:/home/runner/work/ozone/ozone/hadoop-ozone/integration-test/target/test-classes/webapps/scm}
2023-05-08 09:36:17,425 [Listener at 0.0.0.0/33305] INFO  server.AbstractConnector (AbstractConnector.java:doStart(333)) - Started ServerConnector@475bb11{HTTP/1.1, (http/1.1)}{0.0.0.0:39817}
2023-05-08 09:36:17,425 [Listener at 0.0.0.0/33305] INFO  server.Server (Server.java:doStart(415)) - Started @185531ms
2023-05-08 09:36:17,425 [Listener at 0.0.0.0/33305] WARN  impl.MetricsSystemImpl (MetricsSystemImpl.java:register(279)) - Sink prometheus already exists!
2023-05-08 09:36:17,425 [Listener at 0.0.0.0/33305] INFO  http.BaseHttpServer (BaseHttpServer.java:updateConnectorAddress(344)) - HTTP server of scm listening at http://0.0.0.0:39817
2023-05-08 09:36:17,426 [Listener at 0.0.0.0/33305] WARN  server.ServerUtils (ServerUtils.java:getDBPath(225)) - ozone.om.db.dirs is not configured. We recommend adding this setting. Falling back to ozone.metadata.dirs instead.
2023-05-08 09:36:17,427 [Listener at 0.0.0.0/33305] INFO  ha.OMHANodeDetails (OMHANodeDetails.java:loadOMHAConfig(115)) - ozone.om.internal.service.id is not defined, falling back to ozone.om.service.ids to find serviceID for OzoneManager if it is HA enabled cluster
2023-05-08 09:36:17,428 [Listener at 0.0.0.0/33305] INFO  ha.OMHANodeDetails (OMHANodeDetails.java:loadOMHAConfig(226)) - Configuration does not have ozone.om.address set. Falling back to the default OM address /127.0.0.1:0
2023-05-08 09:36:17,428 [Listener at 0.0.0.0/33305] INFO  ha.OMHANodeDetails (OMHANodeDetails.java:getOMNodeDetailsForNonHA(254)) - OM Service ID is not set. Setting it to the default ID: omServiceIdDefault
2023-05-08 09:36:17,428 [Listener at 0.0.0.0/33305] INFO  ha.OMHANodeDetails (OMHANodeDetails.java:getOMNodeDetailsForNonHA(261)) - OM Node ID is not set. Setting it to the default ID: om1
2023-05-08 09:36:17,428 [Listener at 0.0.0.0/33305] WARN  server.ServerUtils (ServerUtils.java:getDBPath(225)) - ozone.om.db.dirs is not configured. We recommend adding this setting. Falling back to ozone.metadata.dirs instead.
2023-05-08 09:36:17,429 [Listener at 0.0.0.0/33305] INFO  upgrade.AbstractLayoutVersionManager (AbstractLayoutVersionManager.java:init(83)) - Initializing Layout version manager with metadata layout = HSYNC (version = 4), software layout = HSYNC (version = 4)
2023-05-08 09:36:17,493 [Listener at 0.0.0.0/33305] INFO  reflections.Reflections (Reflections.java:scan(232)) - Reflections took 63 ms to scan 2 urls, producing 172 keys and 479 values [using 2 cores]
2023-05-08 09:36:17,493 [Listener at 0.0.0.0/33305] INFO  upgrade.OMLayoutVersionManager (OMLayoutVersionManager.java:lambda$0(115)) - Skipping Upgrade Action MockOmUpgradeAction since it has been finalized.
2023-05-08 09:36:17,493 [Listener at 0.0.0.0/33305] WARN  server.ServerUtils (ServerUtils.java:getDBPath(225)) - ozone.om.db.dirs is not configured. We recommend adding this setting. Falling back to ozone.metadata.dirs instead.
2023-05-08 09:36:17,494 [Listener at 0.0.0.0/33305] INFO  proxy.SCMBlockLocationFailoverProxyProvider (SCMBlockLocationFailoverProxyProvider.java:<init>(114)) - Created block location fail-over proxy with 1 nodes: [nodeId=scmNodeId,nodeAddress=/0.0.0.0:33463]
2023-05-08 09:36:17,495 [Listener at 0.0.0.0/33305] INFO  proxy.SCMBlockLocationFailoverProxyProvider (SCMBlockLocationFailoverProxyProvider.java:<init>(114)) - Created block location fail-over proxy with 1 nodes: [nodeId=scmNodeId,nodeAddress=/0.0.0.0:33463]
2023-05-08 09:36:17,518 [Listener at 0.0.0.0/33305] INFO  om.OzoneManager (OzoneManager.java:<init>(640)) - OM start with adminUsers: [runner]
2023-05-08 09:36:17,519 [Listener at 0.0.0.0/33305] WARN  server.ServerUtils (ServerUtils.java:getDBPath(225)) - ozone.om.db.dirs is not configured. We recommend adding this setting. Falling back to ozone.metadata.dirs instead.
2023-05-08 09:36:17,519 [Listener at 0.0.0.0/33305] INFO  codec.OmKeyInfoCodec (OmKeyInfoCodec.java:<init>(49)) - OmKeyInfoCodec ignorePipeline = true
2023-05-08 09:36:17,519 [Listener at 0.0.0.0/33305] INFO  codec.RepeatedOmKeyInfoCodec (RepeatedOmKeyInfoCodec.java:<init>(41)) - RepeatedOmKeyInfoCodec ignorePipeline = true
2023-05-08 09:36:17,685 [Listener at 0.0.0.0/33305] INFO  om.OzoneManager (OzoneManager.java:instantiateServices(770)) - S3 Multi-Tenancy is disabled
2023-05-08 09:36:17,685 [Listener at 0.0.0.0/33305] INFO  om.OmSnapshotManager (OmSnapshotManager.java:<init>(169)) - Ozone filesystem snapshot feature is enabled.
2023-05-08 09:36:17,685 [Listener at 0.0.0.0/33305] WARN  server.ServerUtils (ServerUtils.java:getDBPath(225)) - ozone.om.snapshot.diff.db.dir is not configured. We recommend adding this setting. Falling back to ozone.metadata.dirs instead.
2023-05-08 09:36:17,708 [Listener at 0.0.0.0/33305] INFO  om.OzoneManager (OzoneManager.java:addS3GVolumeToDB(4278)) - Created Volume s3v With Owner runner required for S3Gateway operations.
2023-05-08 09:36:17,708 [Listener at 0.0.0.0/33305] WARN  server.ServerUtils (ServerUtils.java:getDefaultRatisDirectory(237)) - Storage directory for Ratis is not configured. It is a good idea to map this to an SSD disk. Falling back to ozone.metadata.dirs
2023-05-08 09:36:17,708 [Listener at 0.0.0.0/33305] WARN  utils.OzoneManagerRatisUtils (OzoneManagerRatisUtils.java:getOMRatisSnapshotDirectory(456)) - ozone.om.ratis.snapshot.dir is not configured. Falling back to ozone.metadata.dirs config
2023-05-08 09:36:17,709 [Listener at 0.0.0.0/33305] WARN  server.ServerUtils (ServerUtils.java:getDefaultRatisDirectory(237)) - Storage directory for Ratis is not configured. It is a good idea to map this to an SSD disk. Falling back to ozone.metadata.dirs
2023-05-08 09:36:17,711 [Listener at 0.0.0.0/33305] INFO  ratis.OzoneManagerRatisServer (OzoneManagerRatisServer.java:<init>(163)) - Instantiating OM Ratis server with groupID: omServiceIdDefault and peers: localhost:9872
2023-05-08 09:36:17,711 [Listener at 0.0.0.0/33305] INFO  ratis.OzoneManagerStateMachine (OzoneManagerStateMachine.java:loadSnapshotInfoFromDB(670)) - LastAppliedIndex is set from TransactionInfo from OM DB as (t:0, i:~)
2023-05-08 09:36:17,711 [Listener at 0.0.0.0/33305] INFO  server.RaftServer (ConfUtils.java:logGet(46)) - raft.rpc.type = GRPC (default)
2023-05-08 09:36:17,711 [Listener at 0.0.0.0/33305] INFO  grpc.GrpcConfigKeys (ConfUtils.java:logFallback(53)) - raft.grpc.admin.host = null (fallback to raft.grpc.server.host)
2023-05-08 09:36:17,711 [Listener at 0.0.0.0/33305] INFO  grpc.GrpcConfigKeys (ConfUtils.java:logFallback(53)) - raft.grpc.admin.port = 9872 (fallback to raft.grpc.server.port)
2023-05-08 09:36:17,711 [Listener at 0.0.0.0/33305] INFO  grpc.GrpcConfigKeys (ConfUtils.java:logFallback(53)) - raft.grpc.client.host = null (fallback to raft.grpc.server.host)
2023-05-08 09:36:17,711 [Listener at 0.0.0.0/33305] INFO  grpc.GrpcConfigKeys (ConfUtils.java:logFallback(53)) - raft.grpc.client.port = 9872 (fallback to raft.grpc.server.port)
2023-05-08 09:36:17,711 [Listener at 0.0.0.0/33305] INFO  grpc.GrpcConfigKeys (ConfUtils.java:logGet(46)) - raft.grpc.server.host = null (default)
2023-05-08 09:36:17,711 [Listener at 0.0.0.0/33305] INFO  grpc.GrpcConfigKeys (ConfUtils.java:logGet(46)) - raft.grpc.server.port = 9872 (custom)
2023-05-08 09:36:17,712 [Listener at 0.0.0.0/33305] INFO  server.GrpcService (ConfUtils.java:logGet(46)) - raft.grpc.message.size.max = 33554432 (custom)
2023-05-08 09:36:17,712 [Listener at 0.0.0.0/33305] INFO  server.RaftServerConfigKeys (ConfUtils.java:logGet(46)) - raft.server.log.appender.buffer.byte-limit = 33554432 (custom)
2023-05-08 09:36:17,712 [Listener at 0.0.0.0/33305] INFO  server.GrpcService (ConfUtils.java:logGet(46)) - raft.grpc.flow.control.window = 1MB (=1048576) (default)
2023-05-08 09:36:17,712 [Listener at 0.0.0.0/33305] INFO  server.RaftServerConfigKeys (ConfUtils.java:logGet(46)) - raft.server.rpc.request.timeout = 3000ms (default)
2023-05-08 09:36:17,712 [Listener at 0.0.0.0/33305] INFO  grpc.GrpcConfigKeys (ConfUtils.java:logGet(46)) - raft.grpc.server.heartbeat.channel = true (default)
2023-05-08 09:36:17,712 [Listener at 0.0.0.0/33305] INFO  grpc.GrpcConfigKeys (ConfUtils.java:logGet(46)) - raft.grpc.server.async.request.thread.pool.cached = true (default)
2023-05-08 09:36:17,712 [Listener at 0.0.0.0/33305] INFO  grpc.GrpcConfigKeys (ConfUtils.java:logGet(46)) - raft.grpc.server.async.request.thread.pool.size = 32 (default)
2023-05-08 09:36:17,714 [Listener at 0.0.0.0/33305] INFO  impl.DataStreamServerImpl (ConfUtils.java:logGet(46)) - raft.datastream.type = DISABLED (default)
2023-05-08 09:36:17,715 [Listener at 0.0.0.0/33305] INFO  server.RaftServerConfigKeys (ConfUtils.java:logGet(46)) - raft.server.threadpool.proxy.cached = true (default)
2023-05-08 09:36:17,715 [Listener at 0.0.0.0/33305] INFO  server.RaftServerConfigKeys (ConfUtils.java:logGet(46)) - raft.server.threadpool.proxy.size = 0 (default)
2023-05-08 09:36:17,715 [Listener at 0.0.0.0/33305] INFO  server.RaftServerConfigKeys (ConfUtils.java:logGet(46)) - raft.server.rpc.slowness.timeout = 120s (custom)
2023-05-08 09:36:17,715 [Listener at 0.0.0.0/33305] INFO  server.RaftServerConfigKeys (ConfUtils.java:logGet(46)) - raft.server.leaderelection.leader.step-down.wait-time = 10s (default)
2023-05-08 09:36:17,715 [Listener at 0.0.0.0/33305] INFO  server.RaftServerConfigKeys (ConfUtils.java:logGet(46)) - raft.server.storage.dir = [/home/runner/work/ozone/ozone/hadoop-ozone/integration-test/target/test-dir/MiniOzoneClusterImpl-9c6e49ad-420a-4650-a022-25d129319acc/ozone-meta/ratis] (custom)
2023-05-08 09:36:17,715 [Listener at 0.0.0.0/33305] INFO  server.RaftServer (RaftServerProxy.java:addNew(96)) - om1: addNew group-C5BA1605619E:[om1|rpc:localhost:9872|priority:0|startupRole:FOLLOWER] returns group-C5BA1605619E:java.util.concurrent.CompletableFuture@1febe2e[Not completed]
2023-05-08 09:36:17,715 [Listener at 0.0.0.0/33305] INFO  om.OzoneManager (OzoneManager.java:initializeRatisServer(2114)) - OzoneManager Ratis server initialized at port 9872
2023-05-08 09:36:17,715 [pool-1067-thread-1] INFO  server.RaftServer$Division (RaftServerImpl.java:<init>(195)) - om1: new RaftServerImpl for group-C5BA1605619E:[om1|rpc:localhost:9872|priority:0|startupRole:FOLLOWER] with OzoneManagerStateMachine:uninitialized
2023-05-08 09:36:17,715 [Listener at 0.0.0.0/33305] INFO  om.OzoneManager (OzoneManager.java:getRpcServer(1161)) - Creating RPC Server
2023-05-08 09:36:17,716 [pool-1067-thread-1] INFO  server.RaftServerConfigKeys (ConfUtils.java:logGet(46)) - raft.server.rpc.timeout.min = 1s (custom)
2023-05-08 09:36:17,716 [pool-1067-thread-1] INFO  server.RaftServerConfigKeys (ConfUtils.java:logGet(46)) - raft.server.rpc.timeout.max = 1200ms (custom)
2023-05-08 09:36:17,716 [pool-1067-thread-1] INFO  server.RaftServerConfigKeys (ConfUtils.java:logGet(46)) - raft.server.rpc.sleep.time = 25ms (default)
2023-05-08 09:36:17,716 [pool-1067-thread-1] INFO  server.RaftServerConfigKeys (ConfUtils.java:logGet(46)) - raft.server.rpc.slowness.timeout = 120s (custom)
2023-05-08 09:36:17,716 [pool-1067-thread-1] INFO  server.RaftServerConfigKeys (ConfUtils.java:logGet(46)) - raft.server.leaderelection.leader.step-down.wait-time = 10s (default)
2023-05-08 09:36:17,716 [pool-1067-thread-1] INFO  server.RaftServerConfigKeys (ConfUtils.java:logGet(46)) - raft.server.sleep.deviation.threshold = 300ms (default)
2023-05-08 09:36:17,716 [pool-1067-thread-1] INFO  server.RaftServer$Division (ServerState.java:<init>(118)) - om1@group-C5BA1605619E: ConfigurationManager, init=-1: peers:[om1|rpc:localhost:9872|priority:0|startupRole:FOLLOWER]|listeners:[], old=null, confs=<EMPTY_MAP>
2023-05-08 09:36:17,716 [pool-1067-thread-1] INFO  server.RaftServerConfigKeys (ConfUtils.java:logGet(46)) - raft.server.storage.dir = [/home/runner/work/ozone/ozone/hadoop-ozone/integration-test/target/test-dir/MiniOzoneClusterImpl-9c6e49ad-420a-4650-a022-25d129319acc/ozone-meta/ratis] (custom)
2023-05-08 09:36:17,716 [pool-1067-thread-1] INFO  server.RaftServerConfigKeys (ConfUtils.java:logGet(46)) - raft.server.log.corruption.policy = EXCEPTION (default)
2023-05-08 09:36:17,716 [pool-1067-thread-1] INFO  server.RaftServerConfigKeys (ConfUtils.java:logGet(46)) - raft.server.storage.free-space.min = 0MB (=0) (default)
2023-05-08 09:36:17,716 [pool-1067-thread-1] INFO  server.RaftServerConfigKeys (ConfUtils.java:logGet(46)) - raft.server.notification.no-leader.timeout = 120s (custom)
2023-05-08 09:36:17,716 [pool-1067-thread-1] INFO  server.RaftServerConfigKeys (ConfUtils.java:logGet(46)) - raft.server.retrycache.expirytime = 300s (custom)
2023-05-08 09:36:17,716 [pool-1067-thread-1] INFO  server.RaftServerConfigKeys (ConfUtils.java:logGet(46)) - raft.server.retrycache.statistics.expirytime = 100μs (default)
2023-05-08 09:36:17,724 [pool-1067-thread-1] INFO  server.RaftServerConfigKeys (ConfUtils.java:logGet(46)) - raft.server.log.appender.install.snapshot.enabled = false (custom)
2023-05-08 09:36:17,724 [pool-1067-thread-1] INFO  server.RaftServerConfigKeys (ConfUtils.java:logGet(46)) - raft.server.threadpool.server.cached = true (default)
2023-05-08 09:36:17,724 [pool-1067-thread-1] INFO  server.RaftServerConfigKeys (ConfUtils.java:logGet(46)) - raft.server.threadpool.server.size = 0 (default)
2023-05-08 09:36:17,724 [pool-1067-thread-1] INFO  server.RaftServerConfigKeys (ConfUtils.java:logGet(46)) - raft.server.threadpool.client.cached = true (default)
2023-05-08 09:36:17,724 [pool-1067-thread-1] INFO  server.RaftServerConfigKeys (ConfUtils.java:logGet(46)) - raft.server.threadpool.client.size = 0 (default)
2023-05-08 09:36:18,013 [Listener at 0.0.0.0/33305] INFO  reflections.Reflections (Reflections.java:scan(232)) - Reflections took 297 ms to scan 19 urls, producing 69 keys and 5166 values [using 2 cores]
2023-05-08 09:36:18,015 [Listener at 0.0.0.0/33305] INFO  ipc.CallQueueManager (CallQueueManager.java:<init>(90)) - Using callQueue: class java.util.concurrent.LinkedBlockingQueue, queueCapacity: 2000, scheduler: class org.apache.hadoop.ipc.DefaultRpcScheduler, ipcBackoff: false.
2023-05-08 09:36:18,019 [Socket Reader #1 for port 0] INFO  ipc.Server (Server.java:run(1319)) - Starting Socket Reader #1 for port 0
2023-05-08 09:36:18,037 [Listener at 127.0.0.1/45243] INFO  impl.MetricsSystemImpl (MetricsSystemImpl.java:init(158)) - OzoneManager metrics system started (again)
2023-05-08 09:36:18,047 [Listener at 127.0.0.1/45243] INFO  om.OzoneManager (OzoneManager.java:start(1582)) - OzoneManager RPC server is listening at localhost/127.0.0.1:45243
2023-05-08 09:36:18,047 [Listener at 127.0.0.1/45243] INFO  ratis.OzoneManagerRatisServer (OzoneManagerRatisServer.java:start(558)) - Starting OzoneManagerRatisServer om1 at port 9872
2023-05-08 09:36:18,047 [om1-impl-thread1] INFO  storage.RaftStorageDirectory (RaftStorageDirectoryImpl.java:analyzeStorage(137)) - The storage directory /home/runner/work/ozone/ozone/hadoop-ozone/integration-test/target/test-dir/MiniOzoneClusterImpl-9c6e49ad-420a-4650-a022-25d129319acc/ozone-meta/ratis/bf265839-605b-3f16-9796-c5ba1605619e does not exist. Creating ...
2023-05-08 09:36:18,049 [om1-impl-thread1] INFO  storage.RaftStorageDirectory (RaftStorageDirectoryImpl.java:tryLock(231)) - Lock on /home/runner/work/ozone/ozone/hadoop-ozone/integration-test/target/test-dir/MiniOzoneClusterImpl-9c6e49ad-420a-4650-a022-25d129319acc/ozone-meta/ratis/bf265839-605b-3f16-9796-c5ba1605619e/in_use.lock acquired by nodename 7572@fv-az96-539
2023-05-08 09:36:18,051 [om1-impl-thread1] INFO  storage.RaftStorage (RaftStorageImpl.java:format(96)) - Storage directory /home/runner/work/ozone/ozone/hadoop-ozone/integration-test/target/test-dir/MiniOzoneClusterImpl-9c6e49ad-420a-4650-a022-25d129319acc/ozone-meta/ratis/bf265839-605b-3f16-9796-c5ba1605619e has been successfully formatted.
2023-05-08 09:36:18,052 [om1-impl-thread1] INFO  server.RaftServerConfigKeys (ConfUtils.java:logGet(46)) - raft.server.log.use.memory = false (default)
2023-05-08 09:36:18,052 [om1-impl-thread1] INFO  server.RaftServerConfigKeys (ConfUtils.java:logGet(46)) - raft.server.log.purge.gap = 1000000 (custom)
2023-05-08 09:36:18,052 [om1-impl-thread1] INFO  server.RaftServerConfigKeys (ConfUtils.java:logGet(46)) - raft.server.log.appender.buffer.byte-limit = 33554432 (custom)
2023-05-08 09:36:18,052 [om1-impl-thread1] INFO  server.RaftServerConfigKeys (ConfUtils.java:logGet(46)) - raft.server.log.statemachine.data.read.timeout = 1000ms (default)
2023-05-08 09:36:18,052 [om1-impl-thread1] INFO  server.RaftServerConfigKeys (ConfUtils.java:logGet(46)) - raft.server.log.purge.preservation.log.num = 0 (default)
2023-05-08 09:36:18,052 [om1-impl-thread1] INFO  server.RaftServerConfigKeys (ConfUtils.java:logGet(46)) - raft.server.log.segment.size.max = 4194304 (custom)
2023-05-08 09:36:18,052 [om1-impl-thread1] INFO  server.RaftServerConfigKeys (ConfUtils.java:logGet(46)) - raft.server.log.segment.cache.num.max = 2 (custom)
2023-05-08 09:36:18,052 [om1-impl-thread1] INFO  server.RaftServerConfigKeys (ConfUtils.java:logGet(46)) - raft.server.log.segment.cache.size.max = 200MB (=209715200) (default)
2023-05-08 09:36:18,052 [om1-impl-thread1] INFO  segmented.SegmentedRaftLogWorker (SegmentedRaftLogWorker.java:<init>(189)) - new om1@group-C5BA1605619E-SegmentedRaftLogWorker for RaftStorageImpl:Storage Directory /home/runner/work/ozone/ozone/hadoop-ozone/integration-test/target/test-dir/MiniOzoneClusterImpl-9c6e49ad-420a-4650-a022-25d129319acc/ozone-meta/ratis/bf265839-605b-3f16-9796-c5ba1605619e
2023-05-08 09:36:18,052 [om1-impl-thread1] INFO  server.RaftServerConfigKeys (ConfUtils.java:logGet(46)) - raft.server.log.queue.byte-limit = 64MB (=67108864) (default)
2023-05-08 09:36:18,052 [om1-impl-thread1] INFO  server.RaftServerConfigKeys (ConfUtils.java:logGet(46)) - raft.server.log.queue.element-limit = 4096 (default)
2023-05-08 09:36:18,052 [om1-impl-thread1] INFO  server.RaftServerConfigKeys (ConfUtils.java:logGet(46)) - raft.server.log.segment.size.max = 4194304 (custom)
2023-05-08 09:36:18,053 [om1-impl-thread1] INFO  server.RaftServerConfigKeys (ConfUtils.java:logGet(46)) - raft.server.log.preallocated.size = 4194304 (custom)
2023-05-08 09:36:18,053 [om1-impl-thread1] INFO  server.RaftServerConfigKeys (ConfUtils.java:logGet(46)) - raft.server.log.force.sync.num = 128 (default)
2023-05-08 09:36:18,053 [om1-impl-thread1] INFO  server.RaftServerConfigKeys (ConfUtils.java:logGet(46)) - raft.server.log.statemachine.data.sync = true (default)
2023-05-08 09:36:18,101 [om1-impl-thread1] INFO  server.RaftServerConfigKeys (ConfUtils.java:logGet(46)) - raft.server.log.statemachine.data.sync.timeout = 10s (default)
2023-05-08 09:36:18,101 [om1-impl-thread1] INFO  server.RaftServerConfigKeys (ConfUtils.java:logGet(46)) - raft.server.log.statemachine.data.sync.timeout.retry = -1 (default)
2023-05-08 09:36:18,101 [om1-impl-thread1] INFO  server.RaftServerConfigKeys (ConfUtils.java:logGet(46)) - raft.server.log.write.buffer.size = 64KB (=65536) (default)
2023-05-08 09:36:18,101 [om1-impl-thread1] INFO  server.RaftServerConfigKeys (ConfUtils.java:logGet(46)) - raft.server.log.appender.buffer.byte-limit = 33554432 (custom)
2023-05-08 09:36:18,106 [om1-impl-thread1] INFO  server.RaftServerConfigKeys (ConfUtils.java:logGet(46)) - raft.server.log.unsafe-flush.enabled = false (default)
2023-05-08 09:36:18,106 [om1-impl-thread1] INFO  server.RaftServerConfigKeys (ConfUtils.java:logGet(46)) - raft.server.log.async-flush.enabled = false (default)
2023-05-08 09:36:18,106 [om1-impl-thread1] INFO  server.RaftServerConfigKeys (ConfUtils.java:logGet(46)) - raft.server.log.statemachine.data.caching.enabled = false (default)
2023-05-08 09:36:18,106 [om1-impl-thread1] INFO  segmented.SegmentedRaftLogWorker (SegmentedRaftLogWorker.java:lambda$new$0(135)) - om1@group-C5BA1605619E-SegmentedRaftLogWorker: flushIndex: setUnconditionally 0 -> -1
2023-05-08 09:36:18,106 [om1-impl-thread1] INFO  segmented.SegmentedRaftLogWorker (SegmentedRaftLogWorker.java:lambda$new$0(135)) - om1@group-C5BA1605619E-SegmentedRaftLogWorker: safeCacheEvictIndex: setUnconditionally 0 -> -1
2023-05-08 09:36:18,107 [om1-impl-thread1] INFO  server.RaftServer$Division (RaftServerImpl.java:start(334)) - om1@group-C5BA1605619E: start as a follower, conf=-1: peers:[om1|rpc:localhost:9872|priority:0|startupRole:FOLLOWER]|listeners:[], old=null
2023-05-08 09:36:18,107 [om1-impl-thread1] INFO  server.RaftServer$Division (RaftServerImpl.java:setRole(321)) - om1@group-C5BA1605619E: changes role from      null to FOLLOWER at term 0 for startAsFollower
2023-05-08 09:36:18,107 [om1-impl-thread1] INFO  impl.RoleInfo (RoleInfo.java:updateAndGet(139)) - om1: start om1@group-C5BA1605619E-FollowerState
2023-05-08 09:36:18,107 [om1@group-C5BA1605619E-FollowerState] INFO  server.RaftServerConfigKeys (ConfUtils.java:logFallback(53)) - raft.server.rpc.first-election.timeout.min = 1s (fallback to raft.server.rpc.timeout.min)
2023-05-08 09:36:18,107 [om1-impl-thread1] INFO  util.JmxRegister (JmxRegister.java:tryRegister(44)) - Successfully registered JMX Bean with object name Ratis:service=RaftServer,group=group-C5BA1605619E,id=om1
2023-05-08 09:36:18,107 [om1@group-C5BA1605619E-FollowerState] INFO  server.RaftServerConfigKeys (ConfUtils.java:logFallback(53)) - raft.server.rpc.first-election.timeout.max = 1200ms (fallback to raft.server.rpc.timeout.max)
2023-05-08 09:36:18,107 [om1-impl-thread1] INFO  server.RaftServerConfigKeys (ConfUtils.java:logGet(46)) - raft.server.snapshot.auto.trigger.enabled = true (custom)
2023-05-08 09:36:18,107 [om1-impl-thread1] INFO  server.RaftServerConfigKeys (ConfUtils.java:logGet(46)) - raft.server.snapshot.auto.trigger.threshold = 400000 (default)
2023-05-08 09:36:18,107 [om1-impl-thread1] INFO  server.RaftServerConfigKeys (ConfUtils.java:logGet(46)) - raft.server.snapshot.retention.file.num = -1 (default)
2023-05-08 09:36:18,107 [om1-impl-thread1] INFO  server.RaftServerConfigKeys (ConfUtils.java:logGet(46)) - raft.server.log.purge.upto.snapshot.index = true (custom)
2023-05-08 09:36:18,108 [Listener at 127.0.0.1/45243] INFO  server.RaftServer (RaftServerProxy.java:startImpl(393)) - om1: start RPC server
2023-05-08 09:36:18,109 [Listener at 127.0.0.1/45243] INFO  server.GrpcService (GrpcService.java:startImpl(262)) - om1: GrpcService started, listening on 9872
2023-05-08 09:36:18,109 [JvmPauseMonitor25] INFO  util.JvmPauseMonitor (JvmPauseMonitor.java:run(105)) - JvmPauseMonitor-om1: Started
2023-05-08 09:36:18,109 [Listener at 127.0.0.1/45243] INFO  om.OzoneManager (OzoneManager.java:start(1598)) - Version File has different layout version (4) than OM DB (null). That is expected if this OM has never been finalized to a newer layout version.
2023-05-08 09:36:18,111 [Listener at 127.0.0.1/45243] INFO  http.BaseHttpServer (BaseHttpServer.java:newHttpServer2BuilderForOzone(224)) - Starting Web-server for ozoneManager at: http://0.0.0.0:0
2023-05-08 09:36:18,111 [Listener at 127.0.0.1/45243] INFO  http.BaseHttpServer (BaseHttpServer.java:<init>(111)) - Hadoop Security Enabled: false Ozone Security Enabled: false Ozone HTTP Security Enabled: false 
2023-05-08 09:36:18,112 [Listener at 127.0.0.1/45243] WARN  server.AuthenticationFilter (AuthenticationFilter.java:constructSecretProvider(240)) - Unable to initialize FileSignerSecretProvider, falling back to use random secrets. Reason: Could not read signature secret file: /home/runner/hadoop-http-auth-signature-secret
2023-05-08 09:36:18,116 [Listener at 127.0.0.1/45243] INFO  http.HttpRequestLog (HttpRequestLog.java:getRequestLog(86)) - Http request log for http.requests.ozoneManager is not defined
2023-05-08 09:36:18,117 [Listener at 127.0.0.1/45243] INFO  http.HttpServer2 (HttpServer2.java:addGlobalFilter(1031)) - Added global filter 'safety' (class=org.apache.hadoop.hdds.server.http.HttpServer2$QuotingInputFilter)
2023-05-08 09:36:18,117 [Listener at 127.0.0.1/45243] INFO  http.HttpServer2 (HttpServer2.java:addFilter(1007)) - Added filter static_user_filter (class=org.apache.hadoop.http.lib.StaticUserWebFilter$StaticUserFilter) to context ozoneManager
2023-05-08 09:36:18,117 [Listener at 127.0.0.1/45243] INFO  http.HttpServer2 (HttpServer2.java:addFilter(1015)) - Added filter static_user_filter (class=org.apache.hadoop.http.lib.StaticUserWebFilter$StaticUserFilter) to context logs
2023-05-08 09:36:18,117 [Listener at 127.0.0.1/45243] INFO  http.HttpServer2 (HttpServer2.java:addFilter(1015)) - Added filter static_user_filter (class=org.apache.hadoop.http.lib.StaticUserWebFilter$StaticUserFilter) to context static
2023-05-08 09:36:18,118 [Listener at 127.0.0.1/45243] INFO  http.BaseHttpServer (BaseHttpServer.java:<init>(190)) - HTTP server of ozoneManager uses base directory /home/runner/work/ozone/ozone/hadoop-ozone/integration-test/target/test-dir/MiniOzoneClusterImpl-9c6e49ad-420a-4650-a022-25d129319acc/ozone-meta/webserver
2023-05-08 09:36:18,118 [Listener at 127.0.0.1/45243] INFO  http.HttpServer2 (HttpServer2.java:bindListener(1250)) - Jetty bound to port 46765
2023-05-08 09:36:18,118 [Listener at 127.0.0.1/45243] INFO  server.Server (Server.java:doStart(375)) - jetty-9.4.51.v20230217; built: 2023-02-17T08:19:37.309Z; git: b45c405e4544384de066f814ed42ae3dceacdd49; jvm 1.8.0_362-b09
2023-05-08 09:36:18,119 [Listener at 127.0.0.1/45243] INFO  server.session (DefaultSessionIdManager.java:doStart(334)) - DefaultSessionIdManager workerName=node0
2023-05-08 09:36:18,119 [Listener at 127.0.0.1/45243] INFO  server.session (DefaultSessionIdManager.java:doStart(339)) - No SessionScavenger set, using defaults
2023-05-08 09:36:18,119 [Listener at 127.0.0.1/45243] INFO  server.session (HouseKeeper.java:startScavenging(132)) - node0 Scavenging every 600000ms
2023-05-08 09:36:18,120 [Listener at 127.0.0.1/45243] INFO  handler.ContextHandler (ContextHandler.java:doStart(921)) - Started o.e.j.s.ServletContextHandler@60de1a3b{logs,/logs,file:///home/runner/work/ozone/ozone/hadoop-ozone/integration-test/target/log,AVAILABLE}
2023-05-08 09:36:18,120 [Listener at 127.0.0.1/45243] INFO  handler.ContextHandler (ContextHandler.java:doStart(921)) - Started o.e.j.s.ServletContextHandler@373c25e3{static,/static,file:///home/runner/work/ozone/ozone/hadoop-ozone/integration-test/target/test-classes/webapps/static,AVAILABLE}
2023-05-08 09:36:18,121 [Listener at 127.0.0.1/45243] INFO  handler.ContextHandler (ContextHandler.java:doStart(921)) - Started o.e.j.w.WebAppContext@1884e7cb{ozoneManager,/,file:///home/runner/work/ozone/ozone/hadoop-ozone/integration-test/target/test-classes/webapps/ozoneManager/,AVAILABLE}{file:/home/runner/work/ozone/ozone/hadoop-ozone/integration-test/target/test-classes/webapps/ozoneManager}
2023-05-08 09:36:18,123 [Listener at 127.0.0.1/45243] INFO  server.AbstractConnector (AbstractConnector.java:doStart(333)) - Started ServerConnector@33bdad2{HTTP/1.1, (http/1.1)}{0.0.0.0:46765}
2023-05-08 09:36:18,123 [Listener at 127.0.0.1/45243] INFO  server.Server (Server.java:doStart(415)) - Started @186229ms
2023-05-08 09:36:18,123 [Listener at 127.0.0.1/45243] WARN  impl.MetricsSystemImpl (MetricsSystemImpl.java:register(279)) - Sink prometheus already exists!
2023-05-08 09:36:18,123 [Listener at 127.0.0.1/45243] INFO  http.BaseHttpServer (BaseHttpServer.java:updateConnectorAddress(344)) - HTTP server of ozoneManager listening at http://0.0.0.0:46765
2023-05-08 09:36:18,124 [IPC Server listener on 0] INFO  ipc.Server (Server.java:run(1398)) - IPC Server listener on 0: starting
2023-05-08 09:36:18,124 [IPC Server Responder] INFO  ipc.Server (Server.java:run(1558)) - IPC Server Responder: starting
2023-05-08 09:36:18,126 [Listener at 127.0.0.1/45243] INFO  om.OzoneManager (OzoneManager.java:startTrashEmptier(2058)) - Trash Interval set to 0. Files deleted won't move to trash
2023-05-08 09:36:18,126 [org.apache.hadoop.util.JvmPauseMonitor$Monitor@7417430b] INFO  util.JvmPauseMonitor (JvmPauseMonitor.java:run(188)) - Starting JVM pause monitor
2023-05-08 09:36:18,138 [Listener at 127.0.0.1/45243] WARN  impl.MetricRegistriesImpl (MetricRegistriesImpl.java:addReporterRegistration(111)) - New reporters are added after registries were created. Some metrics will be missing from the reporter. Please add reporter before adding any new registry.
2023-05-08 09:36:18,138 [Listener at 127.0.0.1/45243] WARN  impl.MetricRegistriesImpl (MetricRegistriesImpl.java:addReporterRegistration(111)) - New reporters are added after registries were created. Some metrics will be missing from the reporter. Please add reporter before adding any new registry.
2023-05-08 09:36:18,138 [Listener at 127.0.0.1/45243] INFO  impl.MetricsSystemImpl (MetricsSystemImpl.java:init(158)) - HddsDatanode metrics system started (again)
2023-05-08 09:36:18,150 [Listener at 127.0.0.1/45243] INFO  ozone.HddsDatanodeService (HddsDatanodeService.java:start(252)) - HddsDatanodeService host:fv-az96-539 ip:10.1.0.160
2023-05-08 09:36:18,174 [Listener at 127.0.0.1/45243] INFO  upgrade.AbstractLayoutVersionManager (AbstractLayoutVersionManager.java:init(83)) - Initializing Layout version manager with metadata layout = WEBUI_PORTS_IN_DATANODEDETAILS (version = 6), software layout = WEBUI_PORTS_IN_DATANODEDETAILS (version = 6)
2023-05-08 09:36:18,220 [Listener at 127.0.0.1/45243] INFO  reflections.Reflections (Reflections.java:scan(232)) - Reflections took 45 ms to scan 7 urls, producing 156 keys and 369 values 
2023-05-08 09:36:18,221 [Listener at 127.0.0.1/45243] INFO  statemachine.DatanodeStateMachine (DatanodeStateMachine.java:getEndPointTaskThreadPoolSize(267)) - Datanode State Machine Task Thread Pool size 2
2023-05-08 09:36:18,223 [Listener at 127.0.0.1/45243] INFO  volume.HddsVolume (HddsVolume.java:<init>(130)) - Creating HddsVolume: /home/runner/work/ozone/ozone/hadoop-ozone/integration-test/target/test-dir/MiniOzoneClusterImpl-9c6e49ad-420a-4650-a022-25d129319acc/datanode-0/data-0/containers/hdds of storage type : DISK capacity : 9223372036854775807
2023-05-08 09:36:18,224 [Listener at 127.0.0.1/45243] INFO  volume.MutableVolumeSet (MutableVolumeSet.java:initializeVolumeSet(175)) - Added Volume : /home/runner/work/ozone/ozone/hadoop-ozone/integration-test/target/test-dir/MiniOzoneClusterImpl-9c6e49ad-420a-4650-a022-25d129319acc/datanode-0/data-0/containers/hdds to VolumeSet
2023-05-08 09:36:18,224 [Listener at 127.0.0.1/45243] INFO  volume.ThrottledAsyncChecker (ThrottledAsyncChecker.java:schedule(141)) - Scheduling a check for /home/runner/work/ozone/ozone/hadoop-ozone/integration-test/target/test-dir/MiniOzoneClusterImpl-9c6e49ad-420a-4650-a022-25d129319acc/datanode-0/data-0/containers/hdds
2023-05-08 09:36:18,225 [Listener at 127.0.0.1/45243] INFO  volume.StorageVolumeChecker (StorageVolumeChecker.java:checkAllVolumes(202)) - Scheduled health check for volume /home/runner/work/ozone/ozone/hadoop-ozone/integration-test/target/test-dir/MiniOzoneClusterImpl-9c6e49ad-420a-4650-a022-25d129319acc/datanode-0/data-0/containers/hdds
2023-05-08 09:36:18,236 [Listener at 127.0.0.1/45243] INFO  volume.MutableVolumeSet (MutableVolumeSet.java:initializeVolumeSet(175)) - Added Volume : /home/runner/work/ozone/ozone/hadoop-ozone/integration-test/target/test-dir/MiniOzoneClusterImpl-9c6e49ad-420a-4650-a022-25d129319acc/datanode-0/data/ratis to VolumeSet
2023-05-08 09:36:18,236 [Listener at 127.0.0.1/45243] INFO  volume.ThrottledAsyncChecker (ThrottledAsyncChecker.java:schedule(141)) - Scheduling a check for /home/runner/work/ozone/ozone/hadoop-ozone/integration-test/target/test-dir/MiniOzoneClusterImpl-9c6e49ad-420a-4650-a022-25d129319acc/datanode-0/data/ratis
2023-05-08 09:36:18,236 [Listener at 127.0.0.1/45243] INFO  volume.StorageVolumeChecker (StorageVolumeChecker.java:checkAllVolumes(202)) - Scheduled health check for volume /home/runner/work/ozone/ozone/hadoop-ozone/integration-test/target/test-dir/MiniOzoneClusterImpl-9c6e49ad-420a-4650-a022-25d129319acc/datanode-0/data/ratis
2023-05-08 09:36:18,246 [Thread-2445] INFO  ozoneimpl.ContainerReader (ContainerReader.java:readVolume(175)) - Finish verifying containers on volume /home/runner/work/ozone/ozone/hadoop-ozone/integration-test/target/test-dir/MiniOzoneClusterImpl-9c6e49ad-420a-4650-a022-25d129319acc/datanode-0/data-0/containers/hdds
2023-05-08 09:36:18,246 [Listener at 127.0.0.1/45243] INFO  ozoneimpl.OzoneContainer (OzoneContainer.java:buildContainerSet(303)) - Build ContainerSet costs 0s
2023-05-08 09:36:18,248 [Listener at 127.0.0.1/45243] INFO  server.RaftServer (ConfUtils.java:logGet(46)) - raft.rpc.type = GRPC (default)
2023-05-08 09:36:18,248 [Listener at 127.0.0.1/45243] INFO  grpc.GrpcConfigKeys (ConfUtils.java:logFallback(53)) - raft.grpc.admin.host = null (fallback to raft.grpc.server.host)
2023-05-08 09:36:18,248 [Listener at 127.0.0.1/45243] INFO  grpc.GrpcConfigKeys (ConfUtils.java:logGet(46)) - raft.grpc.admin.port = 0 (custom)
2023-05-08 09:36:18,248 [Listener at 127.0.0.1/45243] INFO  grpc.GrpcConfigKeys (ConfUtils.java:logFallback(53)) - raft.grpc.client.host = null (fallback to raft.grpc.server.host)
2023-05-08 09:36:18,248 [Listener at 127.0.0.1/45243] INFO  grpc.GrpcConfigKeys (ConfUtils.java:logGet(46)) - raft.grpc.client.port = 0 (custom)
2023-05-08 09:36:18,248 [Listener at 127.0.0.1/45243] INFO  grpc.GrpcConfigKeys (ConfUtils.java:logGet(46)) - raft.grpc.server.host = null (default)
2023-05-08 09:36:18,248 [Listener at 127.0.0.1/45243] INFO  grpc.GrpcConfigKeys (ConfUtils.java:logGet(46)) - raft.grpc.server.port = 0 (default)
2023-05-08 09:36:18,248 [Listener at 127.0.0.1/45243] INFO  server.GrpcService (ConfUtils.java:logGet(46)) - raft.grpc.message.size.max = 32MB (=33554432) (custom)
2023-05-08 09:36:18,248 [Listener at 127.0.0.1/45243] INFO  server.RaftServerConfigKeys (ConfUtils.java:logGet(46)) - raft.server.log.appender.buffer.byte-limit = 33554432 (custom)
2023-05-08 09:36:18,248 [Listener at 127.0.0.1/45243] INFO  server.GrpcService (ConfUtils.java:logGet(46)) - raft.grpc.flow.control.window = 5MB (=5242880) (custom)
2023-05-08 09:36:18,248 [Listener at 127.0.0.1/45243] INFO  server.RaftServerConfigKeys (ConfUtils.java:logGet(46)) - raft.server.rpc.request.timeout = 60s (custom)
2023-05-08 09:36:18,249 [Listener at 127.0.0.1/45243] INFO  grpc.GrpcConfigKeys (ConfUtils.java:logGet(46)) - raft.grpc.server.heartbeat.channel = true (default)
2023-05-08 09:36:18,249 [Listener at 127.0.0.1/45243] INFO  grpc.GrpcConfigKeys (ConfUtils.java:logGet(46)) - raft.grpc.server.async.request.thread.pool.cached = true (default)
2023-05-08 09:36:18,249 [Listener at 127.0.0.1/45243] INFO  grpc.GrpcConfigKeys (ConfUtils.java:logGet(46)) - raft.grpc.server.async.request.thread.pool.size = 32 (default)
2023-05-08 09:36:18,250 [Listener at 127.0.0.1/45243] INFO  impl.DataStreamServerImpl (ConfUtils.java:logGet(46)) - raft.datastream.type = NETTY (custom)
2023-05-08 09:36:18,250 [Listener at 127.0.0.1/45243] INFO  server.RaftServerConfigKeys (ConfUtils.java:logGet(46)) - raft.server.data-stream.async.request.thread.pool.cached = false (default)
2023-05-08 09:36:18,250 [Listener at 127.0.0.1/45243] INFO  server.RaftServerConfigKeys (ConfUtils.java:logGet(46)) - raft.server.data-stream.async.request.thread.pool.size = 20 (custom)
2023-05-08 09:36:18,251 [Listener at 127.0.0.1/45243] INFO  server.RaftServerConfigKeys (ConfUtils.java:logGet(46)) - raft.server.data-stream.async.write.thread.pool.size = 16 (default)
2023-05-08 09:36:18,251 [Listener at 127.0.0.1/45243] INFO  server.RaftServerConfigKeys (ConfUtils.java:logGet(46)) - raft.server.data-stream.client.pool.size = 10 (default)
2023-05-08 09:36:18,251 [Listener at 127.0.0.1/45243] INFO  netty.NettyConfigKeys$DataStream (ConfUtils.java:logGet(46)) - raft.netty.dataStream.server.use-epoll = false (default)
2023-05-08 09:36:18,251 [Listener at 127.0.0.1/45243] INFO  netty.NettyConfigKeys$DataStream (ConfUtils.java:logGet(46)) - raft.netty.dataStream.server.boss-group.size = 0 (default)
2023-05-08 09:36:18,251 [Listener at 127.0.0.1/45243] INFO  netty.NettyConfigKeys$DataStream (ConfUtils.java:logGet(46)) - raft.netty.dataStream.server.worker-group.size = 0 (default)
2023-05-08 09:36:18,251 [Listener at 127.0.0.1/45243] INFO  netty.NettyConfigKeys$DataStream (ConfUtils.java:logGet(46)) - raft.netty.dataStream.server.tls.conf = null (default)
2023-05-08 09:36:18,251 [Listener at 127.0.0.1/45243] INFO  netty.NettyConfigKeys$DataStream (ConfUtils.java:logGet(46)) - raft.netty.dataStream.host = null (default)
2023-05-08 09:36:18,251 [Listener at 127.0.0.1/45243] INFO  netty.NettyConfigKeys$DataStream (ConfUtils.java:logGet(46)) - raft.netty.dataStream.port = 0 (default)
2023-05-08 09:36:18,252 [Listener at 127.0.0.1/45243] INFO  server.RaftServerConfigKeys (ConfUtils.java:logGet(46)) - raft.server.threadpool.proxy.cached = true (default)
2023-05-08 09:36:18,252 [97ae9001-8f77-4e57-887b-8866c45c8853-NettyServerStreamRpc-bossGroup--thread1] INFO  logging.LoggingHandler (AbstractInternalLogger.java:log(148)) - [id: 0x9d51de9e] REGISTERED
2023-05-08 09:36:18,252 [Listener at 127.0.0.1/45243] INFO  server.RaftServerConfigKeys (ConfUtils.java:logGet(46)) - raft.server.threadpool.proxy.size = 0 (default)
2023-05-08 09:36:18,252 [97ae9001-8f77-4e57-887b-8866c45c8853-NettyServerStreamRpc-bossGroup--thread1] INFO  logging.LoggingHandler (AbstractInternalLogger.java:log(148)) - [id: 0x9d51de9e] BIND: 0.0.0.0/0.0.0.0:0
2023-05-08 09:36:18,252 [Listener at 127.0.0.1/45243] INFO  server.RaftServerConfigKeys (ConfUtils.java:logGet(46)) - raft.server.rpc.slowness.timeout = 300s (custom)
2023-05-08 09:36:18,252 [Listener at 127.0.0.1/45243] INFO  server.RaftServerConfigKeys (ConfUtils.java:logGet(46)) - raft.server.leaderelection.leader.step-down.wait-time = 10s (default)
2023-05-08 09:36:18,252 [Listener at 127.0.0.1/45243] INFO  server.RaftServerConfigKeys (ConfUtils.java:logGet(46)) - raft.server.storage.dir = [/home/runner/work/ozone/ozone/hadoop-ozone/integration-test/target/test-dir/MiniOzoneClusterImpl-9c6e49ad-420a-4650-a022-25d129319acc/datanode-0/data/ratis] (custom)
2023-05-08 09:36:18,252 [97ae9001-8f77-4e57-887b-8866c45c8853-NettyServerStreamRpc-bossGroup--thread1] INFO  logging.LoggingHandler (AbstractInternalLogger.java:log(148)) - [id: 0x9d51de9e, L:/0:0:0:0:0:0:0:0:46669] ACTIVE
2023-05-08 09:36:18,254 [Listener at 127.0.0.1/45243] INFO  server.XceiverServerGrpc (XceiverServerGrpc.java:<init>(132)) - GrpcServer channel type EpollServerSocketChannel
2023-05-08 09:36:18,257 [Listener at 127.0.0.1/45243] INFO  replication.ReplicationSupervisor (ReplicationSupervisor.java:nodeStateUpdated(295)) - Node state updated to IN_SERVICE, scaling executor pool size to 10
2023-05-08 09:36:18,260 [Listener at 127.0.0.1/45243] INFO  http.BaseHttpServer (BaseHttpServer.java:newHttpServer2BuilderForOzone(224)) - Starting Web-server for hddsDatanode at: http://0.0.0.0:0
2023-05-08 09:36:18,260 [Listener at 127.0.0.1/45243] INFO  http.BaseHttpServer (BaseHttpServer.java:<init>(111)) - Hadoop Security Enabled: false Ozone Security Enabled: false Ozone HTTP Security Enabled: false 
2023-05-08 09:36:18,261 [Listener at 127.0.0.1/45243] WARN  server.AuthenticationFilter (AuthenticationFilter.java:constructSecretProvider(240)) - Unable to initialize FileSignerSecretProvider, falling back to use random secrets. Reason: Could not read signature secret file: /home/runner/hadoop-http-auth-signature-secret
2023-05-08 09:36:18,262 [Listener at 127.0.0.1/45243] INFO  http.HttpRequestLog (HttpRequestLog.java:getRequestLog(86)) - Http request log for http.requests.hddsDatanode is not defined
2023-05-08 09:36:18,264 [Listener at 127.0.0.1/45243] INFO  http.HttpServer2 (HttpServer2.java:addGlobalFilter(1031)) - Added global filter 'safety' (class=org.apache.hadoop.hdds.server.http.HttpServer2$QuotingInputFilter)
2023-05-08 09:36:18,264 [Listener at 127.0.0.1/45243] INFO  http.HttpServer2 (HttpServer2.java:addFilter(1007)) - Added filter static_user_filter (class=org.apache.hadoop.http.lib.StaticUserWebFilter$StaticUserFilter) to context hddsDatanode
2023-05-08 09:36:18,264 [Listener at 127.0.0.1/45243] INFO  http.HttpServer2 (HttpServer2.java:addFilter(1015)) - Added filter static_user_filter (class=org.apache.hadoop.http.lib.StaticUserWebFilter$StaticUserFilter) to context static
2023-05-08 09:36:18,264 [Listener at 127.0.0.1/45243] INFO  http.HttpServer2 (HttpServer2.java:addFilter(1015)) - Added filter static_user_filter (class=org.apache.hadoop.http.lib.StaticUserWebFilter$StaticUserFilter) to context logs
2023-05-08 09:36:18,265 [Listener at 127.0.0.1/45243] INFO  http.BaseHttpServer (BaseHttpServer.java:<init>(190)) - HTTP server of hddsDatanode uses base directory /home/runner/work/ozone/ozone/hadoop-ozone/integration-test/target/test-dir/MiniOzoneClusterImpl-9c6e49ad-420a-4650-a022-25d129319acc/datanode-0/meta/webserver
2023-05-08 09:36:18,265 [Listener at 127.0.0.1/45243] INFO  http.HttpServer2 (HttpServer2.java:bindListener(1250)) - Jetty bound to port 46853
2023-05-08 09:36:18,265 [Listener at 127.0.0.1/45243] INFO  server.Server (Server.java:doStart(375)) - jetty-9.4.51.v20230217; built: 2023-02-17T08:19:37.309Z; git: b45c405e4544384de066f814ed42ae3dceacdd49; jvm 1.8.0_362-b09
2023-05-08 09:36:18,266 [Listener at 127.0.0.1/45243] INFO  server.session (DefaultSessionIdManager.java:doStart(334)) - DefaultSessionIdManager workerName=node0
2023-05-08 09:36:18,266 [Listener at 127.0.0.1/45243] INFO  server.session (DefaultSessionIdManager.java:doStart(339)) - No SessionScavenger set, using defaults
2023-05-08 09:36:18,266 [Listener at 127.0.0.1/45243] INFO  server.session (HouseKeeper.java:startScavenging(132)) - node0 Scavenging every 660000ms
2023-05-08 09:36:18,266 [Listener at 127.0.0.1/45243] INFO  handler.ContextHandler (ContextHandler.java:doStart(921)) - Started o.e.j.s.ServletContextHandler@40fb8241{logs,/logs,file:///home/runner/work/ozone/ozone/hadoop-ozone/integration-test/target/log,AVAILABLE}
2023-05-08 09:36:18,267 [Listener at 127.0.0.1/45243] INFO  handler.ContextHandler (ContextHandler.java:doStart(921)) - Started o.e.j.s.ServletContextHandler@1db77cb5{static,/static,jar:file:/home/runner/.m2/repository/org/apache/ozone/hdds-container-service/1.4.0-SNAPSHOT/hdds-container-service-1.4.0-SNAPSHOT.jar!/webapps/static,AVAILABLE}
2023-05-08 09:36:18,460 [Listener at 127.0.0.1/45243] INFO  handler.ContextHandler (ContextHandler.java:doStart(921)) - Started o.e.j.w.WebAppContext@61cac750{hddsDatanode,/,file:///home/runner/work/ozone/ozone/hadoop-ozone/integration-test/target/test-dir/MiniOzoneClusterImpl-9c6e49ad-420a-4650-a022-25d129319acc/datanode-0/meta/webserver/jetty-0_0_0_0-46853-hdds-container-service-1_4_0-SNAPSHOT_jar-_-any-8676849357346003953/webapp/,AVAILABLE}{jar:file:/home/runner/.m2/repository/org/apache/ozone/hdds-container-service/1.4.0-SNAPSHOT/hdds-container-service-1.4.0-SNAPSHOT.jar!/webapps/hddsDatanode}
2023-05-08 09:36:18,461 [Listener at 127.0.0.1/45243] INFO  server.AbstractConnector (AbstractConnector.java:doStart(333)) - Started ServerConnector@d858a26{HTTP/1.1, (http/1.1)}{0.0.0.0:46853}
2023-05-08 09:36:18,461 [Listener at 127.0.0.1/45243] INFO  server.Server (Server.java:doStart(415)) - Started @186567ms
2023-05-08 09:36:18,461 [Listener at 127.0.0.1/45243] WARN  impl.MetricsSystemImpl (MetricsSystemImpl.java:register(279)) - Sink prometheus already exists!
2023-05-08 09:36:18,461 [Listener at 127.0.0.1/45243] INFO  http.BaseHttpServer (BaseHttpServer.java:updateConnectorAddress(344)) - HTTP server of hddsDatanode listening at http://0.0.0.0:46853
2023-05-08 09:36:18,462 [Listener at 127.0.0.1/45243] WARN  impl.MetricRegistriesImpl (MetricRegistriesImpl.java:addReporterRegistration(111)) - New reporters are added after registries were created. Some metrics will be missing from the reporter. Please add reporter before adding any new registry.
2023-05-08 09:36:18,462 [Listener at 127.0.0.1/45243] WARN  impl.MetricRegistriesImpl (MetricRegistriesImpl.java:addReporterRegistration(111)) - New reporters are added after registries were created. Some metrics will be missing from the reporter. Please add reporter before adding any new registry.
2023-05-08 09:36:18,462 [Datanode State Machine Daemon Thread] INFO  statemachine.DatanodeStateMachine (DatanodeStateMachine.java:lambda$startDaemon$0(524)) - Ozone container server started.
2023-05-08 09:36:18,462 [Listener at 127.0.0.1/45243] INFO  impl.MetricsSystemImpl (MetricsSystemImpl.java:init(158)) - HddsDatanode metrics system started (again)
2023-05-08 09:36:18,473 [Listener at 127.0.0.1/45243] INFO  ozone.HddsDatanodeService (HddsDatanodeService.java:start(252)) - HddsDatanodeService host:fv-az96-539 ip:10.1.0.160
2023-05-08 09:36:18,485 [org.apache.hadoop.util.JvmPauseMonitor$Monitor@1e6ef8be] INFO  util.JvmPauseMonitor (JvmPauseMonitor.java:run(188)) - Starting JVM pause monitor
2023-05-08 09:36:18,492 [Datanode State Machine Task Thread - 0] INFO  datanode.InitDatanodeState (InitDatanodeState.java:persistContainerDatanodeDetails(138)) - DatanodeDetails is persisted to /home/runner/work/ozone/ozone/hadoop-ozone/integration-test/target/test-dir/MiniOzoneClusterImpl-9c6e49ad-420a-4650-a022-25d129319acc/datanode-0/meta/datanode.id
2023-05-08 09:36:18,499 [Listener at 127.0.0.1/45243] INFO  upgrade.AbstractLayoutVersionManager (AbstractLayoutVersionManager.java:init(83)) - Initializing Layout version manager with metadata layout = WEBUI_PORTS_IN_DATANODEDETAILS (version = 6), software layout = WEBUI_PORTS_IN_DATANODEDETAILS (version = 6)
2023-05-08 09:36:18,544 [Listener at 127.0.0.1/45243] INFO  reflections.Reflections (Reflections.java:scan(232)) - Reflections took 43 ms to scan 7 urls, producing 156 keys and 369 values 
2023-05-08 09:36:18,545 [Listener at 127.0.0.1/45243] INFO  statemachine.DatanodeStateMachine (DatanodeStateMachine.java:getEndPointTaskThreadPoolSize(267)) - Datanode State Machine Task Thread Pool size 2
2023-05-08 09:36:18,546 [Listener at 127.0.0.1/45243] INFO  volume.HddsVolume (HddsVolume.java:<init>(130)) - Creating HddsVolume: /home/runner/work/ozone/ozone/hadoop-ozone/integration-test/target/test-dir/MiniOzoneClusterImpl-9c6e49ad-420a-4650-a022-25d129319acc/datanode-1/data-0/containers/hdds of storage type : DISK capacity : 9223372036854775807
2023-05-08 09:36:18,546 [Listener at 127.0.0.1/45243] INFO  volume.MutableVolumeSet (MutableVolumeSet.java:initializeVolumeSet(175)) - Added Volume : /home/runner/work/ozone/ozone/hadoop-ozone/integration-test/target/test-dir/MiniOzoneClusterImpl-9c6e49ad-420a-4650-a022-25d129319acc/datanode-1/data-0/containers/hdds to VolumeSet
2023-05-08 09:36:18,546 [Listener at 127.0.0.1/45243] INFO  volume.ThrottledAsyncChecker (ThrottledAsyncChecker.java:schedule(141)) - Scheduling a check for /home/runner/work/ozone/ozone/hadoop-ozone/integration-test/target/test-dir/MiniOzoneClusterImpl-9c6e49ad-420a-4650-a022-25d129319acc/datanode-1/data-0/containers/hdds
2023-05-08 09:36:18,547 [Listener at 127.0.0.1/45243] INFO  volume.StorageVolumeChecker (StorageVolumeChecker.java:checkAllVolumes(202)) - Scheduled health check for volume /home/runner/work/ozone/ozone/hadoop-ozone/integration-test/target/test-dir/MiniOzoneClusterImpl-9c6e49ad-420a-4650-a022-25d129319acc/datanode-1/data-0/containers/hdds
2023-05-08 09:36:18,557 [Listener at 127.0.0.1/45243] INFO  volume.MutableVolumeSet (MutableVolumeSet.java:initializeVolumeSet(175)) - Added Volume : /home/runner/work/ozone/ozone/hadoop-ozone/integration-test/target/test-dir/MiniOzoneClusterImpl-9c6e49ad-420a-4650-a022-25d129319acc/datanode-1/data/ratis to VolumeSet
2023-05-08 09:36:18,557 [Listener at 127.0.0.1/45243] INFO  volume.ThrottledAsyncChecker (ThrottledAsyncChecker.java:schedule(141)) - Scheduling a check for /home/runner/work/ozone/ozone/hadoop-ozone/integration-test/target/test-dir/MiniOzoneClusterImpl-9c6e49ad-420a-4650-a022-25d129319acc/datanode-1/data/ratis
2023-05-08 09:36:18,558 [Listener at 127.0.0.1/45243] INFO  volume.StorageVolumeChecker (StorageVolumeChecker.java:checkAllVolumes(202)) - Scheduled health check for volume /home/runner/work/ozone/ozone/hadoop-ozone/integration-test/target/test-dir/MiniOzoneClusterImpl-9c6e49ad-420a-4650-a022-25d129319acc/datanode-1/data/ratis
2023-05-08 09:36:18,568 [Thread-2459] INFO  ozoneimpl.ContainerReader (ContainerReader.java:readVolume(175)) - Finish verifying containers on volume /home/runner/work/ozone/ozone/hadoop-ozone/integration-test/target/test-dir/MiniOzoneClusterImpl-9c6e49ad-420a-4650-a022-25d129319acc/datanode-1/data-0/containers/hdds
2023-05-08 09:36:18,568 [Listener at 127.0.0.1/45243] INFO  ozoneimpl.OzoneContainer (OzoneContainer.java:buildContainerSet(303)) - Build ContainerSet costs 0s
2023-05-08 09:36:18,570 [Listener at 127.0.0.1/45243] INFO  server.RaftServer (ConfUtils.java:logGet(46)) - raft.rpc.type = GRPC (default)
2023-05-08 09:36:18,570 [Listener at 127.0.0.1/45243] INFO  grpc.GrpcConfigKeys (ConfUtils.java:logFallback(53)) - raft.grpc.admin.host = null (fallback to raft.grpc.server.host)
2023-05-08 09:36:18,570 [Listener at 127.0.0.1/45243] INFO  grpc.GrpcConfigKeys (ConfUtils.java:logGet(46)) - raft.grpc.admin.port = 0 (custom)
2023-05-08 09:36:18,570 [Listener at 127.0.0.1/45243] INFO  grpc.GrpcConfigKeys (ConfUtils.java:logFallback(53)) - raft.grpc.client.host = null (fallback to raft.grpc.server.host)
2023-05-08 09:36:18,570 [Listener at 127.0.0.1/45243] INFO  grpc.GrpcConfigKeys (ConfUtils.java:logGet(46)) - raft.grpc.client.port = 0 (custom)
2023-05-08 09:36:18,570 [Listener at 127.0.0.1/45243] INFO  grpc.GrpcConfigKeys (ConfUtils.java:logGet(46)) - raft.grpc.server.host = null (default)
2023-05-08 09:36:18,570 [Listener at 127.0.0.1/45243] INFO  grpc.GrpcConfigKeys (ConfUtils.java:logGet(46)) - raft.grpc.server.port = 0 (default)
2023-05-08 09:36:18,570 [Listener at 127.0.0.1/45243] INFO  server.GrpcService (ConfUtils.java:logGet(46)) - raft.grpc.message.size.max = 32MB (=33554432) (custom)
2023-05-08 09:36:18,570 [Listener at 127.0.0.1/45243] INFO  server.RaftServerConfigKeys (ConfUtils.java:logGet(46)) - raft.server.log.appender.buffer.byte-limit = 33554432 (custom)
2023-05-08 09:36:18,570 [Listener at 127.0.0.1/45243] INFO  server.GrpcService (ConfUtils.java:logGet(46)) - raft.grpc.flow.control.window = 5MB (=5242880) (custom)
2023-05-08 09:36:18,570 [Listener at 127.0.0.1/45243] INFO  server.RaftServerConfigKeys (ConfUtils.java:logGet(46)) - raft.server.rpc.request.timeout = 60s (custom)
2023-05-08 09:36:18,570 [Listener at 127.0.0.1/45243] INFO  grpc.GrpcConfigKeys (ConfUtils.java:logGet(46)) - raft.grpc.server.heartbeat.channel = true (default)
2023-05-08 09:36:18,571 [Listener at 127.0.0.1/45243] INFO  grpc.GrpcConfigKeys (ConfUtils.java:logGet(46)) - raft.grpc.server.async.request.thread.pool.cached = true (default)
2023-05-08 09:36:18,571 [Listener at 127.0.0.1/45243] INFO  grpc.GrpcConfigKeys (ConfUtils.java:logGet(46)) - raft.grpc.server.async.request.thread.pool.size = 32 (default)
2023-05-08 09:36:18,571 [Listener at 127.0.0.1/45243] INFO  impl.DataStreamServerImpl (ConfUtils.java:logGet(46)) - raft.datastream.type = NETTY (custom)
2023-05-08 09:36:18,572 [Listener at 127.0.0.1/45243] INFO  server.RaftServerConfigKeys (ConfUtils.java:logGet(46)) - raft.server.data-stream.async.request.thread.pool.cached = false (default)
2023-05-08 09:36:18,572 [Listener at 127.0.0.1/45243] INFO  server.RaftServerConfigKeys (ConfUtils.java:logGet(46)) - raft.server.data-stream.async.request.thread.pool.size = 20 (custom)
2023-05-08 09:36:18,572 [Listener at 127.0.0.1/45243] INFO  server.RaftServerConfigKeys (ConfUtils.java:logGet(46)) - raft.server.data-stream.async.write.thread.pool.size = 16 (default)
2023-05-08 09:36:18,572 [Listener at 127.0.0.1/45243] INFO  server.RaftServerConfigKeys (ConfUtils.java:logGet(46)) - raft.server.data-stream.client.pool.size = 10 (default)
2023-05-08 09:36:18,572 [Listener at 127.0.0.1/45243] INFO  netty.NettyConfigKeys$DataStream (ConfUtils.java:logGet(46)) - raft.netty.dataStream.server.use-epoll = false (default)
2023-05-08 09:36:18,572 [Listener at 127.0.0.1/45243] INFO  netty.NettyConfigKeys$DataStream (ConfUtils.java:logGet(46)) - raft.netty.dataStream.server.boss-group.size = 0 (default)
2023-05-08 09:36:18,572 [Listener at 127.0.0.1/45243] INFO  netty.NettyConfigKeys$DataStream (ConfUtils.java:logGet(46)) - raft.netty.dataStream.server.worker-group.size = 0 (default)
2023-05-08 09:36:18,573 [Listener at 127.0.0.1/45243] INFO  netty.NettyConfigKeys$DataStream (ConfUtils.java:logGet(46)) - raft.netty.dataStream.server.tls.conf = null (default)
2023-05-08 09:36:18,573 [Listener at 127.0.0.1/45243] INFO  netty.NettyConfigKeys$DataStream (ConfUtils.java:logGet(46)) - raft.netty.dataStream.host = null (default)
2023-05-08 09:36:18,573 [Listener at 127.0.0.1/45243] INFO  netty.NettyConfigKeys$DataStream (ConfUtils.java:logGet(46)) - raft.netty.dataStream.port = 0 (default)
2023-05-08 09:36:18,573 [Listener at 127.0.0.1/45243] INFO  server.RaftServerConfigKeys (ConfUtils.java:logGet(46)) - raft.server.threadpool.proxy.cached = true (default)
2023-05-08 09:36:18,573 [Listener at 127.0.0.1/45243] INFO  server.RaftServerConfigKeys (ConfUtils.java:logGet(46)) - raft.server.threadpool.proxy.size = 0 (default)
2023-05-08 09:36:18,573 [Listener at 127.0.0.1/45243] INFO  server.RaftServerConfigKeys (ConfUtils.java:logGet(46)) - raft.server.rpc.slowness.timeout = 300s (custom)
2023-05-08 09:36:18,573 [Listener at 127.0.0.1/45243] INFO  server.RaftServerConfigKeys (ConfUtils.java:logGet(46)) - raft.server.leaderelection.leader.step-down.wait-time = 10s (default)
2023-05-08 09:36:18,573 [ca5d3c16-7565-4171-aee7-158c5cc4aa22-NettyServerStreamRpc-bossGroup--thread1] INFO  logging.LoggingHandler (AbstractInternalLogger.java:log(148)) - [id: 0x5b1feeb9] REGISTERED
2023-05-08 09:36:18,573 [Listener at 127.0.0.1/45243] INFO  server.RaftServerConfigKeys (ConfUtils.java:logGet(46)) - raft.server.storage.dir = [/home/runner/work/ozone/ozone/hadoop-ozone/integration-test/target/test-dir/MiniOzoneClusterImpl-9c6e49ad-420a-4650-a022-25d129319acc/datanode-1/data/ratis] (custom)
2023-05-08 09:36:18,573 [ca5d3c16-7565-4171-aee7-158c5cc4aa22-NettyServerStreamRpc-bossGroup--thread1] INFO  logging.LoggingHandler (AbstractInternalLogger.java:log(148)) - [id: 0x5b1feeb9] BIND: 0.0.0.0/0.0.0.0:0
2023-05-08 09:36:18,574 [ca5d3c16-7565-4171-aee7-158c5cc4aa22-NettyServerStreamRpc-bossGroup--thread1] INFO  logging.LoggingHandler (AbstractInternalLogger.java:log(148)) - [id: 0x5b1feeb9, L:/0:0:0:0:0:0:0:0:34241] ACTIVE
2023-05-08 09:36:18,575 [Listener at 127.0.0.1/45243] INFO  server.XceiverServerGrpc (XceiverServerGrpc.java:<init>(132)) - GrpcServer channel type EpollServerSocketChannel
2023-05-08 09:36:18,576 [Listener at 127.0.0.1/45243] INFO  replication.ReplicationSupervisor (ReplicationSupervisor.java:nodeStateUpdated(295)) - Node state updated to IN_SERVICE, scaling executor pool size to 10
2023-05-08 09:36:18,577 [Listener at 127.0.0.1/45243] INFO  http.BaseHttpServer (BaseHttpServer.java:newHttpServer2BuilderForOzone(224)) - Starting Web-server for hddsDatanode at: http://0.0.0.0:0
2023-05-08 09:36:18,577 [Listener at 127.0.0.1/45243] INFO  http.BaseHttpServer (BaseHttpServer.java:<init>(111)) - Hadoop Security Enabled: false Ozone Security Enabled: false Ozone HTTP Security Enabled: false 
2023-05-08 09:36:18,578 [Listener at 127.0.0.1/45243] WARN  server.AuthenticationFilter (AuthenticationFilter.java:constructSecretProvider(240)) - Unable to initialize FileSignerSecretProvider, falling back to use random secrets. Reason: Could not read signature secret file: /home/runner/hadoop-http-auth-signature-secret
2023-05-08 09:36:18,578 [Listener at 127.0.0.1/45243] INFO  http.HttpRequestLog (HttpRequestLog.java:getRequestLog(86)) - Http request log for http.requests.hddsDatanode is not defined
2023-05-08 09:36:18,579 [Listener at 127.0.0.1/45243] INFO  http.HttpServer2 (HttpServer2.java:addGlobalFilter(1031)) - Added global filter 'safety' (class=org.apache.hadoop.hdds.server.http.HttpServer2$QuotingInputFilter)
2023-05-08 09:36:18,579 [Listener at 127.0.0.1/45243] INFO  http.HttpServer2 (HttpServer2.java:addFilter(1007)) - Added filter static_user_filter (class=org.apache.hadoop.http.lib.StaticUserWebFilter$StaticUserFilter) to context hddsDatanode
2023-05-08 09:36:18,579 [Listener at 127.0.0.1/45243] INFO  http.HttpServer2 (HttpServer2.java:addFilter(1015)) - Added filter static_user_filter (class=org.apache.hadoop.http.lib.StaticUserWebFilter$StaticUserFilter) to context static
2023-05-08 09:36:18,579 [Listener at 127.0.0.1/45243] INFO  http.HttpServer2 (HttpServer2.java:addFilter(1015)) - Added filter static_user_filter (class=org.apache.hadoop.http.lib.StaticUserWebFilter$StaticUserFilter) to context logs
2023-05-08 09:36:18,580 [Listener at 127.0.0.1/45243] INFO  http.BaseHttpServer (BaseHttpServer.java:<init>(190)) - HTTP server of hddsDatanode uses base directory /home/runner/work/ozone/ozone/hadoop-ozone/integration-test/target/test-dir/MiniOzoneClusterImpl-9c6e49ad-420a-4650-a022-25d129319acc/datanode-1/meta/webserver
2023-05-08 09:36:18,580 [Listener at 127.0.0.1/45243] INFO  http.HttpServer2 (HttpServer2.java:bindListener(1250)) - Jetty bound to port 38057
2023-05-08 09:36:18,580 [Listener at 127.0.0.1/45243] INFO  server.Server (Server.java:doStart(375)) - jetty-9.4.51.v20230217; built: 2023-02-17T08:19:37.309Z; git: b45c405e4544384de066f814ed42ae3dceacdd49; jvm 1.8.0_362-b09
2023-05-08 09:36:18,581 [Listener at 127.0.0.1/45243] INFO  server.session (DefaultSessionIdManager.java:doStart(334)) - DefaultSessionIdManager workerName=node0
2023-05-08 09:36:18,581 [Listener at 127.0.0.1/45243] INFO  server.session (DefaultSessionIdManager.java:doStart(339)) - No SessionScavenger set, using defaults
2023-05-08 09:36:18,581 [Listener at 127.0.0.1/45243] INFO  server.session (HouseKeeper.java:startScavenging(132)) - node0 Scavenging every 600000ms
2023-05-08 09:36:18,582 [Listener at 127.0.0.1/45243] INFO  handler.ContextHandler (ContextHandler.java:doStart(921)) - Started o.e.j.s.ServletContextHandler@1daac226{logs,/logs,file:///home/runner/work/ozone/ozone/hadoop-ozone/integration-test/target/log,AVAILABLE}
2023-05-08 09:36:18,582 [Listener at 127.0.0.1/45243] INFO  handler.ContextHandler (ContextHandler.java:doStart(921)) - Started o.e.j.s.ServletContextHandler@57e32396{static,/static,jar:file:/home/runner/.m2/repository/org/apache/ozone/hdds-container-service/1.4.0-SNAPSHOT/hdds-container-service-1.4.0-SNAPSHOT.jar!/webapps/static,AVAILABLE}
2023-05-08 09:36:18,768 [Listener at 127.0.0.1/45243] INFO  handler.ContextHandler (ContextHandler.java:doStart(921)) - Started o.e.j.w.WebAppContext@5b42551{hddsDatanode,/,file:///home/runner/work/ozone/ozone/hadoop-ozone/integration-test/target/test-dir/MiniOzoneClusterImpl-9c6e49ad-420a-4650-a022-25d129319acc/datanode-1/meta/webserver/jetty-0_0_0_0-38057-hdds-container-service-1_4_0-SNAPSHOT_jar-_-any-6262712231460952886/webapp/,AVAILABLE}{jar:file:/home/runner/.m2/repository/org/apache/ozone/hdds-container-service/1.4.0-SNAPSHOT/hdds-container-service-1.4.0-SNAPSHOT.jar!/webapps/hddsDatanode}
2023-05-08 09:36:18,770 [Listener at 127.0.0.1/45243] INFO  server.AbstractConnector (AbstractConnector.java:doStart(333)) - Started ServerConnector@21ef660a{HTTP/1.1, (http/1.1)}{0.0.0.0:38057}
2023-05-08 09:36:18,770 [Listener at 127.0.0.1/45243] INFO  server.Server (Server.java:doStart(415)) - Started @186876ms
2023-05-08 09:36:18,770 [Listener at 127.0.0.1/45243] WARN  impl.MetricsSystemImpl (MetricsSystemImpl.java:register(279)) - Sink prometheus already exists!
2023-05-08 09:36:18,770 [Listener at 127.0.0.1/45243] INFO  http.BaseHttpServer (BaseHttpServer.java:updateConnectorAddress(344)) - HTTP server of hddsDatanode listening at http://0.0.0.0:38057
2023-05-08 09:36:18,772 [Listener at 127.0.0.1/45243] WARN  impl.MetricRegistriesImpl (MetricRegistriesImpl.java:addReporterRegistration(111)) - New reporters are added after registries were created. Some metrics will be missing from the reporter. Please add reporter before adding any new registry.
2023-05-08 09:36:18,772 [Listener at 127.0.0.1/45243] WARN  impl.MetricRegistriesImpl (MetricRegistriesImpl.java:addReporterRegistration(111)) - New reporters are added after registries were created. Some metrics will be missing from the reporter. Please add reporter before adding any new registry.
2023-05-08 09:36:18,772 [Listener at 127.0.0.1/45243] INFO  impl.MetricsSystemImpl (MetricsSystemImpl.java:init(158)) - HddsDatanode metrics system started (again)
2023-05-08 09:36:18,777 [Datanode State Machine Daemon Thread] INFO  statemachine.DatanodeStateMachine (DatanodeStateMachine.java:lambda$startDaemon$0(524)) - Ozone container server started.
2023-05-08 09:36:18,787 [org.apache.hadoop.util.JvmPauseMonitor$Monitor@219843b5] INFO  util.JvmPauseMonitor (JvmPauseMonitor.java:run(188)) - Starting JVM pause monitor
2023-05-08 09:36:18,795 [Listener at 127.0.0.1/45243] INFO  ozone.HddsDatanodeService (HddsDatanodeService.java:start(252)) - HddsDatanodeService host:fv-az96-539 ip:10.1.0.160
2023-05-08 09:36:18,801 [Datanode State Machine Task Thread - 0] INFO  datanode.InitDatanodeState (InitDatanodeState.java:persistContainerDatanodeDetails(138)) - DatanodeDetails is persisted to /home/runner/work/ozone/ozone/hadoop-ozone/integration-test/target/test-dir/MiniOzoneClusterImpl-9c6e49ad-420a-4650-a022-25d129319acc/datanode-1/meta/datanode.id
2023-05-08 09:36:18,824 [Listener at 127.0.0.1/45243] INFO  upgrade.AbstractLayoutVersionManager (AbstractLayoutVersionManager.java:init(83)) - Initializing Layout version manager with metadata layout = WEBUI_PORTS_IN_DATANODEDETAILS (version = 6), software layout = WEBUI_PORTS_IN_DATANODEDETAILS (version = 6)
2023-05-08 09:36:18,869 [Listener at 127.0.0.1/45243] INFO  reflections.Reflections (Reflections.java:scan(232)) - Reflections took 44 ms to scan 7 urls, producing 156 keys and 369 values 
2023-05-08 09:36:18,873 [Listener at 127.0.0.1/45243] INFO  statemachine.DatanodeStateMachine (DatanodeStateMachine.java:getEndPointTaskThreadPoolSize(267)) - Datanode State Machine Task Thread Pool size 2
2023-05-08 09:36:18,875 [Listener at 127.0.0.1/45243] INFO  volume.HddsVolume (HddsVolume.java:<init>(130)) - Creating HddsVolume: /home/runner/work/ozone/ozone/hadoop-ozone/integration-test/target/test-dir/MiniOzoneClusterImpl-9c6e49ad-420a-4650-a022-25d129319acc/datanode-2/data-0/containers/hdds of storage type : DISK capacity : 9223372036854775807
2023-05-08 09:36:18,875 [Listener at 127.0.0.1/45243] INFO  volume.MutableVolumeSet (MutableVolumeSet.java:initializeVolumeSet(175)) - Added Volume : /home/runner/work/ozone/ozone/hadoop-ozone/integration-test/target/test-dir/MiniOzoneClusterImpl-9c6e49ad-420a-4650-a022-25d129319acc/datanode-2/data-0/containers/hdds to VolumeSet
2023-05-08 09:36:18,875 [Listener at 127.0.0.1/45243] INFO  volume.ThrottledAsyncChecker (ThrottledAsyncChecker.java:schedule(141)) - Scheduling a check for /home/runner/work/ozone/ozone/hadoop-ozone/integration-test/target/test-dir/MiniOzoneClusterImpl-9c6e49ad-420a-4650-a022-25d129319acc/datanode-2/data-0/containers/hdds
2023-05-08 09:36:18,875 [Listener at 127.0.0.1/45243] INFO  volume.StorageVolumeChecker (StorageVolumeChecker.java:checkAllVolumes(202)) - Scheduled health check for volume /home/runner/work/ozone/ozone/hadoop-ozone/integration-test/target/test-dir/MiniOzoneClusterImpl-9c6e49ad-420a-4650-a022-25d129319acc/datanode-2/data-0/containers/hdds
2023-05-08 09:36:18,885 [Listener at 127.0.0.1/45243] INFO  volume.MutableVolumeSet (MutableVolumeSet.java:initializeVolumeSet(175)) - Added Volume : /home/runner/work/ozone/ozone/hadoop-ozone/integration-test/target/test-dir/MiniOzoneClusterImpl-9c6e49ad-420a-4650-a022-25d129319acc/datanode-2/data/ratis to VolumeSet
2023-05-08 09:36:18,885 [Listener at 127.0.0.1/45243] INFO  volume.ThrottledAsyncChecker (ThrottledAsyncChecker.java:schedule(141)) - Scheduling a check for /home/runner/work/ozone/ozone/hadoop-ozone/integration-test/target/test-dir/MiniOzoneClusterImpl-9c6e49ad-420a-4650-a022-25d129319acc/datanode-2/data/ratis
2023-05-08 09:36:18,886 [Listener at 127.0.0.1/45243] INFO  volume.StorageVolumeChecker (StorageVolumeChecker.java:checkAllVolumes(202)) - Scheduled health check for volume /home/runner/work/ozone/ozone/hadoop-ozone/integration-test/target/test-dir/MiniOzoneClusterImpl-9c6e49ad-420a-4650-a022-25d129319acc/datanode-2/data/ratis
2023-05-08 09:36:18,897 [Thread-2473] INFO  ozoneimpl.ContainerReader (ContainerReader.java:readVolume(175)) - Finish verifying containers on volume /home/runner/work/ozone/ozone/hadoop-ozone/integration-test/target/test-dir/MiniOzoneClusterImpl-9c6e49ad-420a-4650-a022-25d129319acc/datanode-2/data-0/containers/hdds
2023-05-08 09:36:18,897 [Listener at 127.0.0.1/45243] INFO  ozoneimpl.OzoneContainer (OzoneContainer.java:buildContainerSet(303)) - Build ContainerSet costs 0s
2023-05-08 09:36:18,904 [Listener at 127.0.0.1/45243] INFO  server.RaftServer (ConfUtils.java:logGet(46)) - raft.rpc.type = GRPC (default)
2023-05-08 09:36:18,904 [Listener at 127.0.0.1/45243] INFO  grpc.GrpcConfigKeys (ConfUtils.java:logFallback(53)) - raft.grpc.admin.host = null (fallback to raft.grpc.server.host)
2023-05-08 09:36:18,904 [Listener at 127.0.0.1/45243] INFO  grpc.GrpcConfigKeys (ConfUtils.java:logGet(46)) - raft.grpc.admin.port = 0 (custom)
2023-05-08 09:36:18,905 [Listener at 127.0.0.1/45243] INFO  grpc.GrpcConfigKeys (ConfUtils.java:logFallback(53)) - raft.grpc.client.host = null (fallback to raft.grpc.server.host)
2023-05-08 09:36:18,905 [Listener at 127.0.0.1/45243] INFO  grpc.GrpcConfigKeys (ConfUtils.java:logGet(46)) - raft.grpc.client.port = 0 (custom)
2023-05-08 09:36:18,905 [Listener at 127.0.0.1/45243] INFO  grpc.GrpcConfigKeys (ConfUtils.java:logGet(46)) - raft.grpc.server.host = null (default)
2023-05-08 09:36:18,905 [Listener at 127.0.0.1/45243] INFO  grpc.GrpcConfigKeys (ConfUtils.java:logGet(46)) - raft.grpc.server.port = 0 (default)
2023-05-08 09:36:18,905 [Listener at 127.0.0.1/45243] INFO  server.GrpcService (ConfUtils.java:logGet(46)) - raft.grpc.message.size.max = 32MB (=33554432) (custom)
2023-05-08 09:36:18,905 [Listener at 127.0.0.1/45243] INFO  server.RaftServerConfigKeys (ConfUtils.java:logGet(46)) - raft.server.log.appender.buffer.byte-limit = 33554432 (custom)
2023-05-08 09:36:18,905 [Listener at 127.0.0.1/45243] INFO  server.GrpcService (ConfUtils.java:logGet(46)) - raft.grpc.flow.control.window = 5MB (=5242880) (custom)
2023-05-08 09:36:18,905 [Listener at 127.0.0.1/45243] INFO  server.RaftServerConfigKeys (ConfUtils.java:logGet(46)) - raft.server.rpc.request.timeout = 60s (custom)
2023-05-08 09:36:18,905 [Listener at 127.0.0.1/45243] INFO  grpc.GrpcConfigKeys (ConfUtils.java:logGet(46)) - raft.grpc.server.heartbeat.channel = true (default)
2023-05-08 09:36:18,905 [Listener at 127.0.0.1/45243] INFO  grpc.GrpcConfigKeys (ConfUtils.java:logGet(46)) - raft.grpc.server.async.request.thread.pool.cached = true (default)
2023-05-08 09:36:18,905 [Listener at 127.0.0.1/45243] INFO  grpc.GrpcConfigKeys (ConfUtils.java:logGet(46)) - raft.grpc.server.async.request.thread.pool.size = 32 (default)
2023-05-08 09:36:18,908 [Listener at 127.0.0.1/45243] INFO  impl.DataStreamServerImpl (ConfUtils.java:logGet(46)) - raft.datastream.type = NETTY (custom)
2023-05-08 09:36:18,908 [Listener at 127.0.0.1/45243] INFO  server.RaftServerConfigKeys (ConfUtils.java:logGet(46)) - raft.server.data-stream.async.request.thread.pool.cached = false (default)
2023-05-08 09:36:18,908 [Listener at 127.0.0.1/45243] INFO  server.RaftServerConfigKeys (ConfUtils.java:logGet(46)) - raft.server.data-stream.async.request.thread.pool.size = 20 (custom)
2023-05-08 09:36:18,908 [Listener at 127.0.0.1/45243] INFO  server.RaftServerConfigKeys (ConfUtils.java:logGet(46)) - raft.server.data-stream.async.write.thread.pool.size = 16 (default)
2023-05-08 09:36:18,908 [Listener at 127.0.0.1/45243] INFO  server.RaftServerConfigKeys (ConfUtils.java:logGet(46)) - raft.server.data-stream.client.pool.size = 10 (default)
2023-05-08 09:36:18,908 [Listener at 127.0.0.1/45243] INFO  netty.NettyConfigKeys$DataStream (ConfUtils.java:logGet(46)) - raft.netty.dataStream.server.use-epoll = false (default)
2023-05-08 09:36:18,908 [Listener at 127.0.0.1/45243] INFO  netty.NettyConfigKeys$DataStream (ConfUtils.java:logGet(46)) - raft.netty.dataStream.server.boss-group.size = 0 (default)
2023-05-08 09:36:18,909 [Listener at 127.0.0.1/45243] INFO  netty.NettyConfigKeys$DataStream (ConfUtils.java:logGet(46)) - raft.netty.dataStream.server.worker-group.size = 0 (default)
2023-05-08 09:36:18,910 [Listener at 127.0.0.1/45243] INFO  netty.NettyConfigKeys$DataStream (ConfUtils.java:logGet(46)) - raft.netty.dataStream.server.tls.conf = null (default)
2023-05-08 09:36:18,911 [Listener at 127.0.0.1/45243] INFO  netty.NettyConfigKeys$DataStream (ConfUtils.java:logGet(46)) - raft.netty.dataStream.host = null (default)
2023-05-08 09:36:18,911 [Listener at 127.0.0.1/45243] INFO  netty.NettyConfigKeys$DataStream (ConfUtils.java:logGet(46)) - raft.netty.dataStream.port = 0 (default)
2023-05-08 09:36:18,911 [Listener at 127.0.0.1/45243] INFO  server.RaftServerConfigKeys (ConfUtils.java:logGet(46)) - raft.server.threadpool.proxy.cached = true (default)
2023-05-08 09:36:18,912 [Listener at 127.0.0.1/45243] INFO  server.RaftServerConfigKeys (ConfUtils.java:logGet(46)) - raft.server.threadpool.proxy.size = 0 (default)
2023-05-08 09:36:18,912 [Listener at 127.0.0.1/45243] INFO  server.RaftServerConfigKeys (ConfUtils.java:logGet(46)) - raft.server.rpc.slowness.timeout = 300s (custom)
2023-05-08 09:36:18,912 [Listener at 127.0.0.1/45243] INFO  server.RaftServerConfigKeys (ConfUtils.java:logGet(46)) - raft.server.leaderelection.leader.step-down.wait-time = 10s (default)
2023-05-08 09:36:18,912 [Listener at 127.0.0.1/45243] INFO  server.RaftServerConfigKeys (ConfUtils.java:logGet(46)) - raft.server.storage.dir = [/home/runner/work/ozone/ozone/hadoop-ozone/integration-test/target/test-dir/MiniOzoneClusterImpl-9c6e49ad-420a-4650-a022-25d129319acc/datanode-2/data/ratis] (custom)
2023-05-08 09:36:18,912 [5079cb12-7c0c-49ee-b9b9-b1ba79861d13-NettyServerStreamRpc-bossGroup--thread1] INFO  logging.LoggingHandler (AbstractInternalLogger.java:log(148)) - [id: 0x7337dc13] REGISTERED
2023-05-08 09:36:18,912 [5079cb12-7c0c-49ee-b9b9-b1ba79861d13-NettyServerStreamRpc-bossGroup--thread1] INFO  logging.LoggingHandler (AbstractInternalLogger.java:log(148)) - [id: 0x7337dc13] BIND: 0.0.0.0/0.0.0.0:0
2023-05-08 09:36:18,913 [5079cb12-7c0c-49ee-b9b9-b1ba79861d13-NettyServerStreamRpc-bossGroup--thread1] INFO  logging.LoggingHandler (AbstractInternalLogger.java:log(148)) - [id: 0x7337dc13, L:/0:0:0:0:0:0:0:0:42539] ACTIVE
2023-05-08 09:36:18,914 [Listener at 127.0.0.1/45243] INFO  server.XceiverServerGrpc (XceiverServerGrpc.java:<init>(132)) - GrpcServer channel type EpollServerSocketChannel
2023-05-08 09:36:18,915 [Listener at 127.0.0.1/45243] INFO  replication.ReplicationSupervisor (ReplicationSupervisor.java:nodeStateUpdated(295)) - Node state updated to IN_SERVICE, scaling executor pool size to 10
2023-05-08 09:36:18,916 [Listener at 127.0.0.1/45243] INFO  http.BaseHttpServer (BaseHttpServer.java:newHttpServer2BuilderForOzone(224)) - Starting Web-server for hddsDatanode at: http://0.0.0.0:0
2023-05-08 09:36:18,916 [Listener at 127.0.0.1/45243] INFO  http.BaseHttpServer (BaseHttpServer.java:<init>(111)) - Hadoop Security Enabled: false Ozone Security Enabled: false Ozone HTTP Security Enabled: false 
2023-05-08 09:36:18,917 [Listener at 127.0.0.1/45243] WARN  server.AuthenticationFilter (AuthenticationFilter.java:constructSecretProvider(240)) - Unable to initialize FileSignerSecretProvider, falling back to use random secrets. Reason: Could not read signature secret file: /home/runner/hadoop-http-auth-signature-secret
2023-05-08 09:36:18,918 [Listener at 127.0.0.1/45243] INFO  http.HttpRequestLog (HttpRequestLog.java:getRequestLog(86)) - Http request log for http.requests.hddsDatanode is not defined
2023-05-08 09:36:18,919 [Listener at 127.0.0.1/45243] INFO  http.HttpServer2 (HttpServer2.java:addGlobalFilter(1031)) - Added global filter 'safety' (class=org.apache.hadoop.hdds.server.http.HttpServer2$QuotingInputFilter)
2023-05-08 09:36:18,919 [Listener at 127.0.0.1/45243] INFO  http.HttpServer2 (HttpServer2.java:addFilter(1007)) - Added filter static_user_filter (class=org.apache.hadoop.http.lib.StaticUserWebFilter$StaticUserFilter) to context hddsDatanode
2023-05-08 09:36:18,919 [Listener at 127.0.0.1/45243] INFO  http.HttpServer2 (HttpServer2.java:addFilter(1015)) - Added filter static_user_filter (class=org.apache.hadoop.http.lib.StaticUserWebFilter$StaticUserFilter) to context logs
2023-05-08 09:36:18,919 [Listener at 127.0.0.1/45243] INFO  http.HttpServer2 (HttpServer2.java:addFilter(1015)) - Added filter static_user_filter (class=org.apache.hadoop.http.lib.StaticUserWebFilter$StaticUserFilter) to context static
2023-05-08 09:36:18,920 [Listener at 127.0.0.1/45243] INFO  http.BaseHttpServer (BaseHttpServer.java:<init>(190)) - HTTP server of hddsDatanode uses base directory /home/runner/work/ozone/ozone/hadoop-ozone/integration-test/target/test-dir/MiniOzoneClusterImpl-9c6e49ad-420a-4650-a022-25d129319acc/datanode-2/meta/webserver
2023-05-08 09:36:18,920 [Listener at 127.0.0.1/45243] INFO  http.HttpServer2 (HttpServer2.java:bindListener(1250)) - Jetty bound to port 45415
2023-05-08 09:36:18,920 [Listener at 127.0.0.1/45243] INFO  server.Server (Server.java:doStart(375)) - jetty-9.4.51.v20230217; built: 2023-02-17T08:19:37.309Z; git: b45c405e4544384de066f814ed42ae3dceacdd49; jvm 1.8.0_362-b09
2023-05-08 09:36:18,924 [Listener at 127.0.0.1/45243] INFO  server.session (DefaultSessionIdManager.java:doStart(334)) - DefaultSessionIdManager workerName=node0
2023-05-08 09:36:18,924 [Listener at 127.0.0.1/45243] INFO  server.session (DefaultSessionIdManager.java:doStart(339)) - No SessionScavenger set, using defaults
2023-05-08 09:36:18,924 [Listener at 127.0.0.1/45243] INFO  server.session (HouseKeeper.java:startScavenging(132)) - node0 Scavenging every 660000ms
2023-05-08 09:36:18,925 [Listener at 127.0.0.1/45243] INFO  handler.ContextHandler (ContextHandler.java:doStart(921)) - Started o.e.j.s.ServletContextHandler@77900592{logs,/logs,file:///home/runner/work/ozone/ozone/hadoop-ozone/integration-test/target/log,AVAILABLE}
2023-05-08 09:36:18,926 [Listener at 127.0.0.1/45243] INFO  handler.ContextHandler (ContextHandler.java:doStart(921)) - Started o.e.j.s.ServletContextHandler@3d25fa83{static,/static,jar:file:/home/runner/.m2/repository/org/apache/ozone/hdds-container-service/1.4.0-SNAPSHOT/hdds-container-service-1.4.0-SNAPSHOT.jar!/webapps/static,AVAILABLE}
2023-05-08 09:36:19,114 [Listener at 127.0.0.1/45243] INFO  handler.ContextHandler (ContextHandler.java:doStart(921)) - Started o.e.j.w.WebAppContext@e3a40f2{hddsDatanode,/,file:///home/runner/work/ozone/ozone/hadoop-ozone/integration-test/target/test-dir/MiniOzoneClusterImpl-9c6e49ad-420a-4650-a022-25d129319acc/datanode-2/meta/webserver/jetty-0_0_0_0-45415-hdds-container-service-1_4_0-SNAPSHOT_jar-_-any-5879638117030597486/webapp/,AVAILABLE}{jar:file:/home/runner/.m2/repository/org/apache/ozone/hdds-container-service/1.4.0-SNAPSHOT/hdds-container-service-1.4.0-SNAPSHOT.jar!/webapps/hddsDatanode}
2023-05-08 09:36:19,116 [Listener at 127.0.0.1/45243] INFO  server.AbstractConnector (AbstractConnector.java:doStart(333)) - Started ServerConnector@26f2993f{HTTP/1.1, (http/1.1)}{0.0.0.0:45415}
2023-05-08 09:36:19,116 [Listener at 127.0.0.1/45243] INFO  server.Server (Server.java:doStart(415)) - Started @187223ms
2023-05-08 09:36:19,116 [Listener at 127.0.0.1/45243] WARN  impl.MetricsSystemImpl (MetricsSystemImpl.java:register(279)) - Sink prometheus already exists!
2023-05-08 09:36:19,117 [Listener at 127.0.0.1/45243] INFO  http.BaseHttpServer (BaseHttpServer.java:updateConnectorAddress(344)) - HTTP server of hddsDatanode listening at http://0.0.0.0:45415
2023-05-08 09:36:19,117 [Datanode State Machine Daemon Thread] INFO  statemachine.DatanodeStateMachine (DatanodeStateMachine.java:lambda$startDaemon$0(524)) - Ozone container server started.
2023-05-08 09:36:19,117 [Listener at 127.0.0.1/45243] INFO  ozone.MiniOzoneClusterImpl (MiniOzoneClusterImpl.java:lambda$waitForClusterToBeReady$0(224)) - Waiting for nodes to be ready. Got 0 of 3 DN Heartbeats.
2023-05-08 09:36:19,118 [Listener at 127.0.0.1/45243] INFO  ozone.MiniOzoneClusterImpl (MiniOzoneClusterImpl.java:lambda$waitForClusterToBeReady$0(227)) - Waiting for cluster to exit safe mode
2023-05-08 09:36:19,118 [Listener at 127.0.0.1/45243] INFO  ozone.MiniOzoneClusterImpl (MiniOzoneClusterImpl.java:lambda$waitForClusterToBeReady$0(229)) - SCM became leader
2023-05-08 09:36:19,119 [org.apache.hadoop.util.JvmPauseMonitor$Monitor@3a6a466e] INFO  util.JvmPauseMonitor (JvmPauseMonitor.java:run(188)) - Starting JVM pause monitor
2023-05-08 09:36:19,122 [Datanode State Machine Task Thread - 0] INFO  datanode.InitDatanodeState (InitDatanodeState.java:persistContainerDatanodeDetails(138)) - DatanodeDetails is persisted to /home/runner/work/ozone/ozone/hadoop-ozone/integration-test/target/test-dir/MiniOzoneClusterImpl-9c6e49ad-420a-4650-a022-25d129319acc/datanode-2/meta/datanode.id
2023-05-08 09:36:19,162 [om1@group-C5BA1605619E-FollowerState] INFO  impl.FollowerState (FollowerState.java:run(143)) - om1@group-C5BA1605619E-FollowerState: change to CANDIDATE, lastRpcElapsedTime:1055490134ns, electionTimeout:1055ms
2023-05-08 09:36:19,163 [om1@group-C5BA1605619E-FollowerState] INFO  impl.RoleInfo (RoleInfo.java:shutdownFollowerState(110)) - om1: shutdown om1@group-C5BA1605619E-FollowerState
2023-05-08 09:36:19,163 [om1@group-C5BA1605619E-FollowerState] INFO  server.RaftServer$Division (RaftServerImpl.java:setRole(321)) - om1@group-C5BA1605619E: changes role from  FOLLOWER to CANDIDATE at term 0 for changeToCandidate
2023-05-08 09:36:19,163 [om1@group-C5BA1605619E-FollowerState] INFO  server.RaftServerConfigKeys (ConfUtils.java:logGet(46)) - raft.server.leaderelection.pre-vote = true (default)
2023-05-08 09:36:19,163 [om1@group-C5BA1605619E-FollowerState] INFO  impl.RoleInfo (RoleInfo.java:updateAndGet(139)) - om1: start om1@group-C5BA1605619E-LeaderElection44
2023-05-08 09:36:19,164 [om1@group-C5BA1605619E-LeaderElection44] INFO  impl.LeaderElection (LeaderElection.java:askForVotes(312)) - om1@group-C5BA1605619E-LeaderElection44 PRE_VOTE round 0: submit vote requests at term 0 for -1: peers:[om1|rpc:localhost:9872|priority:0|startupRole:FOLLOWER]|listeners:[], old=null
2023-05-08 09:36:19,164 [om1@group-C5BA1605619E-LeaderElection44] INFO  impl.LeaderElection (LeaderElection.java:askForVotes(314)) - om1@group-C5BA1605619E-LeaderElection44 PRE_VOTE round 0: result PASSED (term=0)
2023-05-08 09:36:19,166 [om1@group-C5BA1605619E-LeaderElection44] INFO  impl.LeaderElection (LeaderElection.java:askForVotes(312)) - om1@group-C5BA1605619E-LeaderElection44 ELECTION round 0: submit vote requests at term 1 for -1: peers:[om1|rpc:localhost:9872|priority:0|startupRole:FOLLOWER]|listeners:[], old=null
2023-05-08 09:36:19,166 [om1@group-C5BA1605619E-LeaderElection44] INFO  impl.LeaderElection (LeaderElection.java:askForVotes(314)) - om1@group-C5BA1605619E-LeaderElection44 ELECTION round 0: result PASSED (term=1)
2023-05-08 09:36:19,166 [om1@group-C5BA1605619E-LeaderElection44] INFO  impl.RoleInfo (RoleInfo.java:shutdownLeaderElection(130)) - om1: shutdown om1@group-C5BA1605619E-LeaderElection44
2023-05-08 09:36:19,166 [om1@group-C5BA1605619E-LeaderElection44] INFO  server.RaftServer$Division (RaftServerImpl.java:setRole(321)) - om1@group-C5BA1605619E: changes role from CANDIDATE to LEADER at term 1 for changeToLeader
2023-05-08 09:36:19,167 [om1@group-C5BA1605619E-LeaderElection44] INFO  server.RaftServer$Division (ServerState.java:setLeader(313)) - om1@group-C5BA1605619E: change Leader from null to om1 at term 1 for becomeLeader, leader elected after 1450ms
2023-05-08 09:36:19,167 [om1@group-C5BA1605619E-LeaderElection44] INFO  server.RaftServerConfigKeys (ConfUtils.java:logGet(46)) - raft.server.staging.catchup.gap = 1000 (default)
2023-05-08 09:36:19,167 [om1@group-C5BA1605619E-LeaderElection44] INFO  server.RaftServerConfigKeys (ConfUtils.java:logGet(46)) - raft.server.write.element-limit = 4096 (default)
2023-05-08 09:36:19,167 [om1@group-C5BA1605619E-LeaderElection44] INFO  server.RaftServerConfigKeys (ConfUtils.java:logGet(46)) - raft.server.write.byte-limit = 64MB (=67108864) (default)
2023-05-08 09:36:19,167 [om1@group-C5BA1605619E-LeaderElection44] INFO  server.RaftServerConfigKeys (ConfUtils.java:logGet(46)) - raft.server.watch.timeout = 10s (default)
2023-05-08 09:36:19,167 [om1@group-C5BA1605619E-LeaderElection44] INFO  server.RaftServerConfigKeys (ConfUtils.java:logGet(46)) - raft.server.watch.timeout.denomination = 1s (default)
2023-05-08 09:36:19,167 [om1@group-C5BA1605619E-LeaderElection44] INFO  server.RaftServerConfigKeys (ConfUtils.java:logGet(46)) - raft.server.watch.element-limit = 65536 (default)
2023-05-08 09:36:19,167 [om1@group-C5BA1605619E-LeaderElection44] INFO  server.RaftServerConfigKeys (ConfUtils.java:logGet(46)) - raft.server.write.element-limit = 4096 (default)
2023-05-08 09:36:19,167 [om1@group-C5BA1605619E-LeaderElection44] INFO  server.RaftServerConfigKeys (ConfUtils.java:logGet(46)) - raft.server.write.follower.gap.ratio.max = -1.0 (default)
2023-05-08 09:36:19,167 [om1@group-C5BA1605619E-LeaderElection44] INFO  impl.RoleInfo (RoleInfo.java:updateAndGet(139)) - om1: start om1@group-C5BA1605619E-LeaderStateImpl
2023-05-08 09:36:19,167 [om1@group-C5BA1605619E-LeaderElection44] INFO  segmented.SegmentedRaftLogWorker (SegmentedRaftLogWorker.java:startLogSegment(452)) - om1@group-C5BA1605619E-SegmentedRaftLogWorker: Starting segment from index:0
2023-05-08 09:36:19,170 [om1@group-C5BA1605619E-LeaderElection44] INFO  server.RaftServer$Division (ServerState.java:setRaftConf(430)) - om1@group-C5BA1605619E: set configuration 0: peers:[om1|rpc:localhost:9872|admin:|client:|dataStream:|priority:0|startupRole:FOLLOWER]|listeners:[], old=null
2023-05-08 09:36:19,178 [om1@group-C5BA1605619E-SegmentedRaftLogWorker] INFO  segmented.SegmentedRaftLogWorker (SegmentedRaftLogWorker.java:execute(656)) - om1@group-C5BA1605619E-SegmentedRaftLogWorker: created new log segment /home/runner/work/ozone/ozone/hadoop-ozone/integration-test/target/test-dir/MiniOzoneClusterImpl-9c6e49ad-420a-4650-a022-25d129319acc/ozone-meta/ratis/bf265839-605b-3f16-9796-c5ba1605619e/current/log_inprogress_0
2023-05-08 09:36:19,179 [om1@group-C5BA1605619E-StateMachineUpdater] INFO  ratis.OzoneManagerStateMachine (OzoneManagerStateMachine.java:notifyConfigurationChanged(201)) - Received Configuration change notification from Ratis. New Peer list:
[id: "om1"
address: "localhost:9872"
startupRole: FOLLOWER
]
2023-05-08 09:36:20,119 [Listener at 127.0.0.1/45243] INFO  ozone.MiniOzoneClusterImpl (MiniOzoneClusterImpl.java:lambda$waitForClusterToBeReady$0(224)) - Waiting for nodes to be ready. Got 0 of 3 DN Heartbeats.
2023-05-08 09:36:20,119 [Listener at 127.0.0.1/45243] INFO  ozone.MiniOzoneClusterImpl (MiniOzoneClusterImpl.java:lambda$waitForClusterToBeReady$0(227)) - Waiting for cluster to exit safe mode
2023-05-08 09:36:20,119 [Listener at 127.0.0.1/45243] INFO  ozone.MiniOzoneClusterImpl (MiniOzoneClusterImpl.java:lambda$waitForClusterToBeReady$0(229)) - SCM became leader
2023-05-08 09:36:20,520 [EndpointStateMachine task thread for /0.0.0.0:42031 - 0 ] INFO  utils.DatanodeStoreCache (DatanodeStoreCache.java:addDB(58)) - Added db /home/runner/work/ozone/ozone/hadoop-ozone/integration-test/target/test-dir/MiniOzoneClusterImpl-9c6e49ad-420a-4650-a022-25d129319acc/datanode-0/data-0/containers/hdds/9c6e49ad-420a-4650-a022-25d129319acc/DS-32a73ed2-b3e6-4261-a9b9-7ab2f48cd5b8/container.db to cache
2023-05-08 09:36:20,520 [EndpointStateMachine task thread for /0.0.0.0:42031 - 0 ] INFO  volume.HddsVolume (HddsVolume.java:createDbStore(350)) - SchemaV3 db is created and loaded at /home/runner/work/ozone/ozone/hadoop-ozone/integration-test/target/test-dir/MiniOzoneClusterImpl-9c6e49ad-420a-4650-a022-25d129319acc/datanode-0/data-0/containers/hdds/9c6e49ad-420a-4650-a022-25d129319acc/DS-32a73ed2-b3e6-4261-a9b9-7ab2f48cd5b8/container.db for volume DS-32a73ed2-b3e6-4261-a9b9-7ab2f48cd5b8
2023-05-08 09:36:20,520 [EndpointStateMachine task thread for /0.0.0.0:42031 - 0 ] INFO  ozoneimpl.OzoneContainer (OzoneContainer.java:start(397)) - Attempting to start container services.
2023-05-08 09:36:20,520 [EndpointStateMachine task thread for /0.0.0.0:42031 - 0 ] INFO  ozoneimpl.OzoneContainer (OzoneContainer.java:startContainerScrub(314)) - Scheduled background container scanners and the on-demand container scanner have been disabled.
2023-05-08 09:36:20,521 [EndpointStateMachine task thread for /0.0.0.0:42031 - 0 ] INFO  replication.ReplicationServer (ReplicationServer.java:start(109)) - ReplicationServer is started using port 37083
2023-05-08 09:36:20,522 [EndpointStateMachine task thread for /0.0.0.0:42031 - 0 ] INFO  ratis.XceiverServerRatis (XceiverServerRatis.java:start(517)) - Starting XceiverServerRatis 97ae9001-8f77-4e57-887b-8866c45c8853
2023-05-08 09:36:20,522 [EndpointStateMachine task thread for /0.0.0.0:42031 - 0 ] INFO  server.RaftServer (RaftServerProxy.java:startImpl(393)) - 97ae9001-8f77-4e57-887b-8866c45c8853: start RPC server
2023-05-08 09:36:20,524 [EndpointStateMachine task thread for /0.0.0.0:42031 - 0 ] INFO  server.GrpcService (GrpcService.java:startImpl(262)) - 97ae9001-8f77-4e57-887b-8866c45c8853: GrpcService started, listening on 43931
2023-05-08 09:36:20,525 [EndpointStateMachine task thread for /0.0.0.0:42031 - 0 ] INFO  ratis.XceiverServerRatis (XceiverServerRatis.java:getRealPort(543)) - XceiverServerRatis 97ae9001-8f77-4e57-887b-8866c45c8853 is started using port 43931 for RATIS
2023-05-08 09:36:20,525 [JvmPauseMonitor26] INFO  util.JvmPauseMonitor (JvmPauseMonitor.java:run(105)) - JvmPauseMonitor-97ae9001-8f77-4e57-887b-8866c45c8853: Started
2023-05-08 09:36:20,525 [EndpointStateMachine task thread for /0.0.0.0:42031 - 0 ] INFO  ratis.XceiverServerRatis (XceiverServerRatis.java:getRealPort(543)) - XceiverServerRatis 97ae9001-8f77-4e57-887b-8866c45c8853 is started using port 43931 for RATIS_ADMIN
2023-05-08 09:36:20,525 [EndpointStateMachine task thread for /0.0.0.0:42031 - 0 ] INFO  ratis.XceiverServerRatis (XceiverServerRatis.java:getRealPort(543)) - XceiverServerRatis 97ae9001-8f77-4e57-887b-8866c45c8853 is started using port 43931 for RATIS_SERVER
2023-05-08 09:36:20,525 [EndpointStateMachine task thread for /0.0.0.0:42031 - 0 ] INFO  ratis.XceiverServerRatis (XceiverServerRatis.java:getRealPort(543)) - XceiverServerRatis 97ae9001-8f77-4e57-887b-8866c45c8853 is started using port 46669 for RATIS_DATASTREAM
2023-05-08 09:36:20,526 [EndpointStateMachine task thread for /0.0.0.0:42031 - 0 ] INFO  server.XceiverServerGrpc (XceiverServerGrpc.java:start(180)) - XceiverServerGrpc 97ae9001-8f77-4e57-887b-8866c45c8853 is started using port 37177
2023-05-08 09:36:20,526 [BlockDeletingService#0] INFO  interfaces.ContainerDeletionChoosingPolicyTemplate (ContainerDeletionChoosingPolicyTemplate.java:chooseContainerForBlockDeletion(83)) - Chosen 0/5000 blocks from 0 candidate containers.
2023-05-08 09:36:20,817 [EndpointStateMachine task thread for /0.0.0.0:42031 - 0 ] INFO  utils.DatanodeStoreCache (DatanodeStoreCache.java:addDB(58)) - Added db /home/runner/work/ozone/ozone/hadoop-ozone/integration-test/target/test-dir/MiniOzoneClusterImpl-9c6e49ad-420a-4650-a022-25d129319acc/datanode-1/data-0/containers/hdds/9c6e49ad-420a-4650-a022-25d129319acc/DS-b4107bca-e514-4652-b917-3a653d6b19e6/container.db to cache
2023-05-08 09:36:20,817 [EndpointStateMachine task thread for /0.0.0.0:42031 - 0 ] INFO  volume.HddsVolume (HddsVolume.java:createDbStore(350)) - SchemaV3 db is created and loaded at /home/runner/work/ozone/ozone/hadoop-ozone/integration-test/target/test-dir/MiniOzoneClusterImpl-9c6e49ad-420a-4650-a022-25d129319acc/datanode-1/data-0/containers/hdds/9c6e49ad-420a-4650-a022-25d129319acc/DS-b4107bca-e514-4652-b917-3a653d6b19e6/container.db for volume DS-b4107bca-e514-4652-b917-3a653d6b19e6
2023-05-08 09:36:20,817 [EndpointStateMachine task thread for /0.0.0.0:42031 - 0 ] INFO  ozoneimpl.OzoneContainer (OzoneContainer.java:start(397)) - Attempting to start container services.
2023-05-08 09:36:20,817 [EndpointStateMachine task thread for /0.0.0.0:42031 - 0 ] INFO  ozoneimpl.OzoneContainer (OzoneContainer.java:startContainerScrub(314)) - Scheduled background container scanners and the on-demand container scanner have been disabled.
2023-05-08 09:36:20,819 [EndpointStateMachine task thread for /0.0.0.0:42031 - 0 ] INFO  replication.ReplicationServer (ReplicationServer.java:start(109)) - ReplicationServer is started using port 33049
2023-05-08 09:36:20,819 [EndpointStateMachine task thread for /0.0.0.0:42031 - 0 ] INFO  ratis.XceiverServerRatis (XceiverServerRatis.java:start(517)) - Starting XceiverServerRatis ca5d3c16-7565-4171-aee7-158c5cc4aa22
2023-05-08 09:36:20,820 [EndpointStateMachine task thread for /0.0.0.0:42031 - 0 ] INFO  server.RaftServer (RaftServerProxy.java:startImpl(393)) - ca5d3c16-7565-4171-aee7-158c5cc4aa22: start RPC server
2023-05-08 09:36:20,821 [EndpointStateMachine task thread for /0.0.0.0:42031 - 0 ] INFO  server.GrpcService (GrpcService.java:startImpl(262)) - ca5d3c16-7565-4171-aee7-158c5cc4aa22: GrpcService started, listening on 33865
2023-05-08 09:36:20,821 [EndpointStateMachine task thread for /0.0.0.0:42031 - 0 ] INFO  ratis.XceiverServerRatis (XceiverServerRatis.java:getRealPort(543)) - XceiverServerRatis ca5d3c16-7565-4171-aee7-158c5cc4aa22 is started using port 33865 for RATIS
2023-05-08 09:36:20,821 [EndpointStateMachine task thread for /0.0.0.0:42031 - 0 ] INFO  ratis.XceiverServerRatis (XceiverServerRatis.java:getRealPort(543)) - XceiverServerRatis ca5d3c16-7565-4171-aee7-158c5cc4aa22 is started using port 33865 for RATIS_ADMIN
2023-05-08 09:36:20,821 [JvmPauseMonitor27] INFO  util.JvmPauseMonitor (JvmPauseMonitor.java:run(105)) - JvmPauseMonitor-ca5d3c16-7565-4171-aee7-158c5cc4aa22: Started
2023-05-08 09:36:20,821 [EndpointStateMachine task thread for /0.0.0.0:42031 - 0 ] INFO  ratis.XceiverServerRatis (XceiverServerRatis.java:getRealPort(543)) - XceiverServerRatis ca5d3c16-7565-4171-aee7-158c5cc4aa22 is started using port 33865 for RATIS_SERVER
2023-05-08 09:36:20,821 [EndpointStateMachine task thread for /0.0.0.0:42031 - 0 ] INFO  ratis.XceiverServerRatis (XceiverServerRatis.java:getRealPort(543)) - XceiverServerRatis ca5d3c16-7565-4171-aee7-158c5cc4aa22 is started using port 34241 for RATIS_DATASTREAM
2023-05-08 09:36:20,822 [EndpointStateMachine task thread for /0.0.0.0:42031 - 0 ] INFO  server.XceiverServerGrpc (XceiverServerGrpc.java:start(180)) - XceiverServerGrpc ca5d3c16-7565-4171-aee7-158c5cc4aa22 is started using port 41951
2023-05-08 09:36:20,823 [BlockDeletingService#0] INFO  interfaces.ContainerDeletionChoosingPolicyTemplate (ContainerDeletionChoosingPolicyTemplate.java:chooseContainerForBlockDeletion(83)) - Chosen 0/5000 blocks from 0 candidate containers.
2023-05-08 09:36:21,119 [Listener at 127.0.0.1/45243] INFO  ozone.MiniOzoneClusterImpl (MiniOzoneClusterImpl.java:lambda$waitForClusterToBeReady$0(224)) - Waiting for nodes to be ready. Got 0 of 3 DN Heartbeats.
2023-05-08 09:36:21,119 [Listener at 127.0.0.1/45243] INFO  ozone.MiniOzoneClusterImpl (MiniOzoneClusterImpl.java:lambda$waitForClusterToBeReady$0(227)) - Waiting for cluster to exit safe mode
2023-05-08 09:36:21,119 [Listener at 127.0.0.1/45243] INFO  ozone.MiniOzoneClusterImpl (MiniOzoneClusterImpl.java:lambda$waitForClusterToBeReady$0(229)) - SCM became leader
2023-05-08 09:36:21,149 [EndpointStateMachine task thread for /0.0.0.0:42031 - 0 ] INFO  utils.DatanodeStoreCache (DatanodeStoreCache.java:addDB(58)) - Added db /home/runner/work/ozone/ozone/hadoop-ozone/integration-test/target/test-dir/MiniOzoneClusterImpl-9c6e49ad-420a-4650-a022-25d129319acc/datanode-2/data-0/containers/hdds/9c6e49ad-420a-4650-a022-25d129319acc/DS-c6a2372d-a85d-42a4-8e3d-fe17f4df90ba/container.db to cache
2023-05-08 09:36:21,149 [EndpointStateMachine task thread for /0.0.0.0:42031 - 0 ] INFO  volume.HddsVolume (HddsVolume.java:createDbStore(350)) - SchemaV3 db is created and loaded at /home/runner/work/ozone/ozone/hadoop-ozone/integration-test/target/test-dir/MiniOzoneClusterImpl-9c6e49ad-420a-4650-a022-25d129319acc/datanode-2/data-0/containers/hdds/9c6e49ad-420a-4650-a022-25d129319acc/DS-c6a2372d-a85d-42a4-8e3d-fe17f4df90ba/container.db for volume DS-c6a2372d-a85d-42a4-8e3d-fe17f4df90ba
2023-05-08 09:36:21,150 [EndpointStateMachine task thread for /0.0.0.0:42031 - 0 ] INFO  ozoneimpl.OzoneContainer (OzoneContainer.java:start(397)) - Attempting to start container services.
2023-05-08 09:36:21,150 [EndpointStateMachine task thread for /0.0.0.0:42031 - 0 ] INFO  ozoneimpl.OzoneContainer (OzoneContainer.java:startContainerScrub(314)) - Scheduled background container scanners and the on-demand container scanner have been disabled.
2023-05-08 09:36:21,151 [EndpointStateMachine task thread for /0.0.0.0:42031 - 0 ] INFO  replication.ReplicationServer (ReplicationServer.java:start(109)) - ReplicationServer is started using port 36245
2023-05-08 09:36:21,152 [EndpointStateMachine task thread for /0.0.0.0:42031 - 0 ] INFO  ratis.XceiverServerRatis (XceiverServerRatis.java:start(517)) - Starting XceiverServerRatis 5079cb12-7c0c-49ee-b9b9-b1ba79861d13
2023-05-08 09:36:21,152 [EndpointStateMachine task thread for /0.0.0.0:42031 - 0 ] INFO  server.RaftServer (RaftServerProxy.java:startImpl(393)) - 5079cb12-7c0c-49ee-b9b9-b1ba79861d13: start RPC server
2023-05-08 09:36:21,153 [EndpointStateMachine task thread for /0.0.0.0:42031 - 0 ] INFO  server.GrpcService (GrpcService.java:startImpl(262)) - 5079cb12-7c0c-49ee-b9b9-b1ba79861d13: GrpcService started, listening on 33913
2023-05-08 09:36:21,153 [EndpointStateMachine task thread for /0.0.0.0:42031 - 0 ] INFO  ratis.XceiverServerRatis (XceiverServerRatis.java:getRealPort(543)) - XceiverServerRatis 5079cb12-7c0c-49ee-b9b9-b1ba79861d13 is started using port 33913 for RATIS
2023-05-08 09:36:21,153 [EndpointStateMachine task thread for /0.0.0.0:42031 - 0 ] INFO  ratis.XceiverServerRatis (XceiverServerRatis.java:getRealPort(543)) - XceiverServerRatis 5079cb12-7c0c-49ee-b9b9-b1ba79861d13 is started using port 33913 for RATIS_ADMIN
2023-05-08 09:36:21,153 [EndpointStateMachine task thread for /0.0.0.0:42031 - 0 ] INFO  ratis.XceiverServerRatis (XceiverServerRatis.java:getRealPort(543)) - XceiverServerRatis 5079cb12-7c0c-49ee-b9b9-b1ba79861d13 is started using port 33913 for RATIS_SERVER
2023-05-08 09:36:21,153 [EndpointStateMachine task thread for /0.0.0.0:42031 - 0 ] INFO  ratis.XceiverServerRatis (XceiverServerRatis.java:getRealPort(543)) - XceiverServerRatis 5079cb12-7c0c-49ee-b9b9-b1ba79861d13 is started using port 42539 for RATIS_DATASTREAM
2023-05-08 09:36:21,154 [JvmPauseMonitor28] INFO  util.JvmPauseMonitor (JvmPauseMonitor.java:run(105)) - JvmPauseMonitor-5079cb12-7c0c-49ee-b9b9-b1ba79861d13: Started
2023-05-08 09:36:21,156 [EndpointStateMachine task thread for /0.0.0.0:42031 - 0 ] INFO  server.XceiverServerGrpc (XceiverServerGrpc.java:start(180)) - XceiverServerGrpc 5079cb12-7c0c-49ee-b9b9-b1ba79861d13 is started using port 43739
2023-05-08 09:36:21,160 [BlockDeletingService#0] INFO  interfaces.ContainerDeletionChoosingPolicyTemplate (ContainerDeletionChoosingPolicyTemplate.java:chooseContainerForBlockDeletion(83)) - Chosen 0/5000 blocks from 0 candidate containers.
2023-05-08 09:36:22,119 [Listener at 127.0.0.1/45243] INFO  ozone.MiniOzoneClusterImpl (MiniOzoneClusterImpl.java:lambda$waitForClusterToBeReady$0(224)) - Waiting for nodes to be ready. Got 0 of 3 DN Heartbeats.
2023-05-08 09:36:22,120 [Listener at 127.0.0.1/45243] INFO  ozone.MiniOzoneClusterImpl (MiniOzoneClusterImpl.java:lambda$waitForClusterToBeReady$0(227)) - Waiting for cluster to exit safe mode
2023-05-08 09:36:22,120 [Listener at 127.0.0.1/45243] INFO  ozone.MiniOzoneClusterImpl (MiniOzoneClusterImpl.java:lambda$waitForClusterToBeReady$0(229)) - SCM became leader
2023-05-08 09:36:22,487 [IPC Server handler 0 on default port 42031] INFO  net.NetworkTopologyImpl (NetworkTopologyImpl.java:add(112)) - Added a new node: /rack1/97ae9001-8f77-4e57-887b-8866c45c8853
2023-05-08 09:36:22,487 [IPC Server handler 0 on default port 42031] INFO  node.SCMNodeManager (SCMNodeManager.java:register(407)) - Registered Data node : 97ae9001-8f77-4e57-887b-8866c45c8853{ip: 10.1.0.160, host: fv-az96-539, ports: [HTTP=46853, REPLICATION=37083, RATIS=43931, RATIS_ADMIN=43931, RATIS_SERVER=43931, RATIS_DATASTREAM=46669, STANDALONE=37177], networkLocation: /rack1, certSerialId: null, persistedOpState: null, persistedOpStateExpiryEpochSec: 0}
2023-05-08 09:36:22,493 [EventQueue-NodeRegistrationContainerReportForDataNodeSafeModeRule] INFO  safemode.SCMSafeModeManager (DataNodeSafeModeRule.java:process(71)) - SCM in safe mode. 1 DataNodes registered, 3 required.
2023-05-08 09:36:22,493 [EventQueue-NodeRegistrationContainerReportForContainerSafeModeRule] INFO  safemode.SCMSafeModeManager (SCMSafeModeManager.java:validateSafeModeExitRules(200)) - ContainerSafeModeRule rule is successfully validated
2023-05-08 09:36:22,494 [EventQueue-PipelineReportForOneReplicaPipelineSafeModeRule] INFO  safemode.SCMSafeModeManager (SCMSafeModeManager.java:validateSafeModeExitRules(200)) - AtleastOneDatanodeReportedRule rule is successfully validated
2023-05-08 09:36:22,494 [EventQueue-NewNodeForNewNodeHandler] INFO  pipeline.BackgroundPipelineCreator (BackgroundPipelineCreator.java:notifyEventTriggered(276)) - trigger a one-shot run on RatisPipelineUtilsThread.
2023-05-08 09:36:22,495 [RatisPipelineUtilsThread - 0] INFO  pipeline.RatisPipelineProvider (RatisPipelineProvider.java:lambda$create$0(206)) - Sending CreatePipelineCommand for pipeline:PipelineID=945ef2a7-8a8e-44fa-9581-a25ed3800df0 to datanode:97ae9001-8f77-4e57-887b-8866c45c8853
2023-05-08 09:36:22,495 [RatisPipelineUtilsThread - 0] INFO  pipeline.PipelineStateManagerImpl (PipelineStateManagerImpl.java:addPipeline(103)) - Created pipeline Pipeline[ Id: 945ef2a7-8a8e-44fa-9581-a25ed3800df0, Nodes: 97ae9001-8f77-4e57-887b-8866c45c8853(fv-az96-539/10.1.0.160), ReplicationConfig: RATIS/ONE, State:ALLOCATED, leaderId:, CreationTimestamp2023-05-08T09:36:22.495Z[Etc/UTC]].
2023-05-08 09:36:22,790 [IPC Server handler 1 on default port 42031] INFO  net.NetworkTopologyImpl (NetworkTopologyImpl.java:add(112)) - Added a new node: /rack1/ca5d3c16-7565-4171-aee7-158c5cc4aa22
2023-05-08 09:36:22,791 [IPC Server handler 1 on default port 42031] INFO  node.SCMNodeManager (SCMNodeManager.java:register(407)) - Registered Data node : ca5d3c16-7565-4171-aee7-158c5cc4aa22{ip: 10.1.0.160, host: fv-az96-539, ports: [HTTP=38057, REPLICATION=33049, RATIS=33865, RATIS_ADMIN=33865, RATIS_SERVER=33865, RATIS_DATASTREAM=34241, STANDALONE=41951], networkLocation: /rack1, certSerialId: null, persistedOpState: null, persistedOpStateExpiryEpochSec: 0}
2023-05-08 09:36:22,792 [EventQueue-NodeRegistrationContainerReportForDataNodeSafeModeRule] INFO  safemode.SCMSafeModeManager (DataNodeSafeModeRule.java:process(71)) - SCM in safe mode. 2 DataNodes registered, 3 required.
2023-05-08 09:36:22,792 [EventQueue-NewNodeForNewNodeHandler] INFO  pipeline.BackgroundPipelineCreator (BackgroundPipelineCreator.java:notifyEventTriggered(276)) - trigger a one-shot run on RatisPipelineUtilsThread.
2023-05-08 09:36:22,793 [RatisPipelineUtilsThread - 0] INFO  pipeline.RatisPipelineProvider (RatisPipelineProvider.java:lambda$create$0(206)) - Sending CreatePipelineCommand for pipeline:PipelineID=da47e45f-232b-489f-b91d-78bd918075fc to datanode:ca5d3c16-7565-4171-aee7-158c5cc4aa22
2023-05-08 09:36:22,793 [RatisPipelineUtilsThread - 0] INFO  pipeline.PipelineStateManagerImpl (PipelineStateManagerImpl.java:addPipeline(103)) - Created pipeline Pipeline[ Id: da47e45f-232b-489f-b91d-78bd918075fc, Nodes: ca5d3c16-7565-4171-aee7-158c5cc4aa22(fv-az96-539/10.1.0.160), ReplicationConfig: RATIS/ONE, State:ALLOCATED, leaderId:, CreationTimestamp2023-05-08T09:36:22.793Z[Etc/UTC]].
2023-05-08 09:36:23,120 [Listener at 127.0.0.1/45243] INFO  ozone.MiniOzoneClusterImpl (MiniOzoneClusterImpl.java:lambda$waitForClusterToBeReady$0(224)) - Waiting for nodes to be ready. Got 2 of 3 DN Heartbeats.
2023-05-08 09:36:23,120 [Listener at 127.0.0.1/45243] INFO  ozone.MiniOzoneClusterImpl (MiniOzoneClusterImpl.java:lambda$waitForClusterToBeReady$0(227)) - Waiting for cluster to exit safe mode
2023-05-08 09:36:23,120 [Listener at 127.0.0.1/45243] INFO  ozone.MiniOzoneClusterImpl (MiniOzoneClusterImpl.java:lambda$waitForClusterToBeReady$0(229)) - SCM became leader
2023-05-08 09:36:23,121 [IPC Server handler 2 on default port 42031] INFO  net.NetworkTopologyImpl (NetworkTopologyImpl.java:add(112)) - Added a new node: /rack1/5079cb12-7c0c-49ee-b9b9-b1ba79861d13
2023-05-08 09:36:23,121 [IPC Server handler 2 on default port 42031] INFO  node.SCMNodeManager (SCMNodeManager.java:register(407)) - Registered Data node : 5079cb12-7c0c-49ee-b9b9-b1ba79861d13{ip: 10.1.0.160, host: fv-az96-539, ports: [HTTP=45415, REPLICATION=36245, RATIS=33913, RATIS_ADMIN=33913, RATIS_SERVER=33913, RATIS_DATASTREAM=42539, STANDALONE=43739], networkLocation: /rack1, certSerialId: null, persistedOpState: null, persistedOpStateExpiryEpochSec: 0}
2023-05-08 09:36:23,122 [EventQueue-NodeRegistrationContainerReportForDataNodeSafeModeRule] INFO  safemode.SCMSafeModeManager (DataNodeSafeModeRule.java:process(71)) - SCM in safe mode. 3 DataNodes registered, 3 required.
2023-05-08 09:36:23,122 [EventQueue-NodeRegistrationContainerReportForDataNodeSafeModeRule] INFO  safemode.SCMSafeModeManager (SCMSafeModeManager.java:validateSafeModeExitRules(200)) - DataNodeSafeModeRule rule is successfully validated
2023-05-08 09:36:23,122 [EventQueue-NodeRegistrationContainerReportForDataNodeSafeModeRule] INFO  safemode.SCMSafeModeManager (SCMSafeModeManager.java:completePreCheck(229)) - All SCM safe mode pre check rules have passed
2023-05-08 09:36:23,122 [EventQueue-NodeRegistrationContainerReportForDataNodeSafeModeRule] INFO  ha.SCMContext (SCMContext.java:updateSafeModeStatus(228)) - Update SafeModeStatus from SafeModeStatus{safeModeStatus=true, preCheckPassed=false} to SafeModeStatus{safeModeStatus=true, preCheckPassed=true}.
2023-05-08 09:36:23,122 [EventQueue-NewNodeForNewNodeHandler] INFO  pipeline.BackgroundPipelineCreator (BackgroundPipelineCreator.java:notifyEventTriggered(276)) - trigger a one-shot run on RatisPipelineUtilsThread.
2023-05-08 09:36:23,122 [RatisPipelineUtilsThread - 0] INFO  pipeline.RatisPipelineProvider (RatisPipelineProvider.java:lambda$create$0(206)) - Sending CreatePipelineCommand for pipeline:PipelineID=6a82c962-f17d-4c37-9d92-5c74587bd4ac to datanode:5079cb12-7c0c-49ee-b9b9-b1ba79861d13
2023-05-08 09:36:23,123 [RatisPipelineUtilsThread - 0] INFO  pipeline.PipelineStateManagerImpl (PipelineStateManagerImpl.java:addPipeline(103)) - Created pipeline Pipeline[ Id: 6a82c962-f17d-4c37-9d92-5c74587bd4ac, Nodes: 5079cb12-7c0c-49ee-b9b9-b1ba79861d13(fv-az96-539/10.1.0.160), ReplicationConfig: RATIS/ONE, State:ALLOCATED, leaderId:, CreationTimestamp2023-05-08T09:36:23.122Z[Etc/UTC]].
2023-05-08 09:36:23,123 [EventQueue-NodeRegistrationContainerReportForDataNodeSafeModeRule] INFO  pipeline.BackgroundPipelineCreator (BackgroundPipelineCreator.java:notifyEventTriggered(276)) - trigger a one-shot run on RatisPipelineUtilsThread.
2023-05-08 09:36:23,123 [RatisPipelineUtilsThread - 0] INFO  pipeline.RatisPipelineProvider (RatisPipelineProvider.java:lambda$create$0(206)) - Sending CreatePipelineCommand for pipeline:PipelineID=5a59ef5e-1b6b-436b-9bc3-68b841171c69 to datanode:97ae9001-8f77-4e57-887b-8866c45c8853
2023-05-08 09:36:23,123 [RatisPipelineUtilsThread - 0] INFO  pipeline.RatisPipelineProvider (RatisPipelineProvider.java:lambda$create$0(206)) - Sending CreatePipelineCommand for pipeline:PipelineID=5a59ef5e-1b6b-436b-9bc3-68b841171c69 to datanode:5079cb12-7c0c-49ee-b9b9-b1ba79861d13
2023-05-08 09:36:23,123 [RatisPipelineUtilsThread - 0] INFO  pipeline.RatisPipelineProvider (RatisPipelineProvider.java:lambda$create$0(206)) - Sending CreatePipelineCommand for pipeline:PipelineID=5a59ef5e-1b6b-436b-9bc3-68b841171c69 to datanode:ca5d3c16-7565-4171-aee7-158c5cc4aa22
2023-05-08 09:36:23,124 [RatisPipelineUtilsThread - 0] INFO  pipeline.PipelineStateManagerImpl (PipelineStateManagerImpl.java:addPipeline(103)) - Created pipeline Pipeline[ Id: 5a59ef5e-1b6b-436b-9bc3-68b841171c69, Nodes: 97ae9001-8f77-4e57-887b-8866c45c8853(fv-az96-539/10.1.0.160)5079cb12-7c0c-49ee-b9b9-b1ba79861d13(fv-az96-539/10.1.0.160)ca5d3c16-7565-4171-aee7-158c5cc4aa22(fv-az96-539/10.1.0.160), ReplicationConfig: RATIS/THREE, State:ALLOCATED, leaderId:, CreationTimestamp2023-05-08T09:36:23.123Z[Etc/UTC]].
2023-05-08 09:36:23,124 [RatisPipelineUtilsThread - 0] INFO  pipeline.RatisPipelineProvider (RatisPipelineProvider.java:lambda$create$0(206)) - Sending CreatePipelineCommand for pipeline:PipelineID=7d7e3fea-4320-4f3d-b9f2-d1052b0b398d to datanode:ca5d3c16-7565-4171-aee7-158c5cc4aa22
2023-05-08 09:36:23,124 [RatisPipelineUtilsThread - 0] INFO  pipeline.RatisPipelineProvider (RatisPipelineProvider.java:lambda$create$0(206)) - Sending CreatePipelineCommand for pipeline:PipelineID=7d7e3fea-4320-4f3d-b9f2-d1052b0b398d to datanode:5079cb12-7c0c-49ee-b9b9-b1ba79861d13
2023-05-08 09:36:23,124 [RatisPipelineUtilsThread - 0] INFO  pipeline.RatisPipelineProvider (RatisPipelineProvider.java:lambda$create$0(206)) - Sending CreatePipelineCommand for pipeline:PipelineID=7d7e3fea-4320-4f3d-b9f2-d1052b0b398d to datanode:97ae9001-8f77-4e57-887b-8866c45c8853
2023-05-08 09:36:23,127 [RatisPipelineUtilsThread - 0] INFO  pipeline.PipelineStateManagerImpl (PipelineStateManagerImpl.java:addPipeline(103)) - Created pipeline Pipeline[ Id: 7d7e3fea-4320-4f3d-b9f2-d1052b0b398d, Nodes: ca5d3c16-7565-4171-aee7-158c5cc4aa22(fv-az96-539/10.1.0.160)5079cb12-7c0c-49ee-b9b9-b1ba79861d13(fv-az96-539/10.1.0.160)97ae9001-8f77-4e57-887b-8866c45c8853(fv-az96-539/10.1.0.160), ReplicationConfig: RATIS/THREE, State:ALLOCATED, leaderId:, CreationTimestamp2023-05-08T09:36:23.124Z[Etc/UTC]].
2023-05-08 09:36:23,127 [RatisPipelineUtilsThread - 0] INFO  pipeline.PipelineManagerImpl (PipelineManagerImpl.java:recordMetricsForPipeline(826)) - Pipeline: PipelineID=7d7e3fea-4320-4f3d-b9f2-d1052b0b398d contains same datanodes as previous pipelines: PipelineID=5a59ef5e-1b6b-436b-9bc3-68b841171c69 nodeIds: ca5d3c16-7565-4171-aee7-158c5cc4aa22, 5079cb12-7c0c-49ee-b9b9-b1ba79861d13, 97ae9001-8f77-4e57-887b-8866c45c8853
2023-05-08 09:36:23,127 [RatisPipelineUtilsThread - 0] WARN  pipeline.PipelinePlacementPolicy (PipelinePlacementPolicy.java:filterViableNodes(160)) - Pipeline creation failed due to no sufficient healthy datanodes. Required 3. Found 0. Excluded 3.
2023-05-08 09:36:23,128 [RatisPipelineUtilsThread - 0] WARN  pipeline.PipelinePlacementPolicy (PipelinePlacementPolicy.java:filterViableNodes(160)) - Pipeline creation failed due to no sufficient healthy datanodes. Required 3. Found 0. Excluded 3.
2023-05-08 09:36:24,120 [Listener at 127.0.0.1/45243] INFO  ozone.MiniOzoneClusterImpl (MiniOzoneClusterImpl.java:lambda$waitForClusterToBeReady$0(224)) - Nodes are ready. Got 3 of 3 DN Heartbeats.
2023-05-08 09:36:24,121 [Listener at 127.0.0.1/45243] INFO  ozone.MiniOzoneClusterImpl (MiniOzoneClusterImpl.java:lambda$waitForClusterToBeReady$0(227)) - Waiting for cluster to exit safe mode
2023-05-08 09:36:24,121 [Listener at 127.0.0.1/45243] INFO  ozone.MiniOzoneClusterImpl (MiniOzoneClusterImpl.java:lambda$waitForClusterToBeReady$0(229)) - SCM became leader
2023-05-08 09:36:25,121 [Listener at 127.0.0.1/45243] INFO  ozone.MiniOzoneClusterImpl (MiniOzoneClusterImpl.java:lambda$waitForClusterToBeReady$0(224)) - Nodes are ready. Got 3 of 3 DN Heartbeats.
2023-05-08 09:36:25,121 [Listener at 127.0.0.1/45243] INFO  ozone.MiniOzoneClusterImpl (MiniOzoneClusterImpl.java:lambda$waitForClusterToBeReady$0(227)) - Waiting for cluster to exit safe mode
2023-05-08 09:36:25,121 [Listener at 127.0.0.1/45243] INFO  ozone.MiniOzoneClusterImpl (MiniOzoneClusterImpl.java:lambda$waitForClusterToBeReady$0(229)) - SCM became leader
2023-05-08 09:36:25,486 [Command processor thread] INFO  server.RaftServer (RaftServerProxy.java:addNew(96)) - 97ae9001-8f77-4e57-887b-8866c45c8853: addNew group-A25ED3800DF0:[97ae9001-8f77-4e57-887b-8866c45c8853|rpc:10.1.0.160:43931|dataStream:10.1.0.160:46669|priority:1|startupRole:FOLLOWER] returns group-A25ED3800DF0:java.util.concurrent.CompletableFuture@110b8701[Not completed]
2023-05-08 09:36:25,487 [pool-1083-thread-1] INFO  server.RaftServer$Division (RaftServerImpl.java:<init>(195)) - 97ae9001-8f77-4e57-887b-8866c45c8853: new RaftServerImpl for group-A25ED3800DF0:[97ae9001-8f77-4e57-887b-8866c45c8853|rpc:10.1.0.160:43931|dataStream:10.1.0.160:46669|priority:1|startupRole:FOLLOWER] with ContainerStateMachine:uninitialized
2023-05-08 09:36:25,487 [pool-1083-thread-1] INFO  server.RaftServerConfigKeys (ConfUtils.java:logGet(46)) - raft.server.rpc.timeout.min = 5s (custom)
2023-05-08 09:36:25,487 [pool-1083-thread-1] INFO  server.RaftServerConfigKeys (ConfUtils.java:logGet(46)) - raft.server.rpc.timeout.max = 5200ms (custom)
2023-05-08 09:36:25,487 [pool-1083-thread-1] INFO  server.RaftServerConfigKeys (ConfUtils.java:logGet(46)) - raft.server.rpc.sleep.time = 25ms (default)
2023-05-08 09:36:25,487 [pool-1083-thread-1] INFO  server.RaftServerConfigKeys (ConfUtils.java:logGet(46)) - raft.server.rpc.slowness.timeout = 300s (custom)
2023-05-08 09:36:25,487 [pool-1083-thread-1] INFO  server.RaftServerConfigKeys (ConfUtils.java:logGet(46)) - raft.server.leaderelection.leader.step-down.wait-time = 10s (default)
2023-05-08 09:36:25,487 [pool-1083-thread-1] INFO  server.RaftServerConfigKeys (ConfUtils.java:logGet(46)) - raft.server.sleep.deviation.threshold = 300ms (default)
2023-05-08 09:36:25,487 [pool-1083-thread-1] INFO  server.RaftServer$Division (ServerState.java:<init>(118)) - 97ae9001-8f77-4e57-887b-8866c45c8853@group-A25ED3800DF0: ConfigurationManager, init=-1: peers:[97ae9001-8f77-4e57-887b-8866c45c8853|rpc:10.1.0.160:43931|dataStream:10.1.0.160:46669|priority:1|startupRole:FOLLOWER]|listeners:[], old=null, confs=<EMPTY_MAP>
2023-05-08 09:36:25,487 [pool-1083-thread-1] INFO  server.RaftServerConfigKeys (ConfUtils.java:logGet(46)) - raft.server.storage.dir = [/home/runner/work/ozone/ozone/hadoop-ozone/integration-test/target/test-dir/MiniOzoneClusterImpl-9c6e49ad-420a-4650-a022-25d129319acc/datanode-0/data/ratis] (custom)
2023-05-08 09:36:25,487 [pool-1083-thread-1] INFO  server.RaftServerConfigKeys (ConfUtils.java:logGet(46)) - raft.server.log.corruption.policy = EXCEPTION (default)
2023-05-08 09:36:25,487 [pool-1083-thread-1] INFO  server.RaftServerConfigKeys (ConfUtils.java:logGet(46)) - raft.server.storage.free-space.min = 0MB (=0) (default)
2023-05-08 09:36:25,488 [pool-1083-thread-1] INFO  server.RaftServerConfigKeys (ConfUtils.java:logGet(46)) - raft.server.notification.no-leader.timeout = 300s (custom)
2023-05-08 09:36:25,488 [pool-1083-thread-1] INFO  server.RaftServerConfigKeys (ConfUtils.java:logGet(46)) - raft.server.retrycache.expirytime = 600000ms (custom)
2023-05-08 09:36:25,488 [pool-1083-thread-1] INFO  server.RaftServerConfigKeys (ConfUtils.java:logGet(46)) - raft.server.retrycache.statistics.expirytime = 100μs (default)
2023-05-08 09:36:25,488 [pool-1083-thread-1] INFO  server.RaftServerConfigKeys (ConfUtils.java:logGet(46)) - raft.server.log.appender.install.snapshot.enabled = false (custom)
2023-05-08 09:36:25,488 [pool-1083-thread-1] INFO  server.RaftServerConfigKeys (ConfUtils.java:logGet(46)) - raft.server.threadpool.server.cached = true (default)
2023-05-08 09:36:25,488 [pool-1083-thread-1] INFO  server.RaftServerConfigKeys (ConfUtils.java:logGet(46)) - raft.server.threadpool.server.size = 0 (default)
2023-05-08 09:36:25,489 [pool-1083-thread-1] INFO  server.RaftServerConfigKeys (ConfUtils.java:logGet(46)) - raft.server.threadpool.client.cached = true (default)
2023-05-08 09:36:25,489 [pool-1083-thread-1] INFO  server.RaftServerConfigKeys (ConfUtils.java:logGet(46)) - raft.server.threadpool.client.size = 0 (default)
2023-05-08 09:36:25,489 [pool-1083-thread-1] INFO  storage.RaftStorageDirectory (RaftStorageDirectoryImpl.java:analyzeStorage(137)) - The storage directory /home/runner/work/ozone/ozone/hadoop-ozone/integration-test/target/test-dir/MiniOzoneClusterImpl-9c6e49ad-420a-4650-a022-25d129319acc/datanode-0/data/ratis/945ef2a7-8a8e-44fa-9581-a25ed3800df0 does not exist. Creating ...
2023-05-08 09:36:25,490 [pool-1083-thread-1] INFO  storage.RaftStorageDirectory (RaftStorageDirectoryImpl.java:tryLock(231)) - Lock on /home/runner/work/ozone/ozone/hadoop-ozone/integration-test/target/test-dir/MiniOzoneClusterImpl-9c6e49ad-420a-4650-a022-25d129319acc/datanode-0/data/ratis/945ef2a7-8a8e-44fa-9581-a25ed3800df0/in_use.lock acquired by nodename 7572@fv-az96-539
2023-05-08 09:36:25,491 [pool-1083-thread-1] INFO  storage.RaftStorage (RaftStorageImpl.java:format(96)) - Storage directory /home/runner/work/ozone/ozone/hadoop-ozone/integration-test/target/test-dir/MiniOzoneClusterImpl-9c6e49ad-420a-4650-a022-25d129319acc/datanode-0/data/ratis/945ef2a7-8a8e-44fa-9581-a25ed3800df0 has been successfully formatted.
2023-05-08 09:36:25,492 [pool-1083-thread-1] INFO  ratis.ContainerStateMachine (ContainerStateMachine.java:loadSnapshot(262)) - group-A25ED3800DF0: The snapshot info is null. Setting the last applied indexto:(t:0, i:~)
2023-05-08 09:36:25,492 [pool-1083-thread-1] INFO  server.RaftServerConfigKeys (ConfUtils.java:logGet(46)) - raft.server.log.use.memory = false (default)
2023-05-08 09:36:25,493 [pool-1083-thread-1] INFO  server.RaftServerConfigKeys (ConfUtils.java:logGet(46)) - raft.server.log.purge.gap = 1000000 (custom)
2023-05-08 09:36:25,493 [pool-1083-thread-1] INFO  server.RaftServerConfigKeys (ConfUtils.java:logGet(46)) - raft.server.log.appender.buffer.byte-limit = 33554432 (custom)
2023-05-08 09:36:25,493 [pool-1083-thread-1] INFO  server.RaftServerConfigKeys (ConfUtils.java:logGet(46)) - raft.server.log.statemachine.data.read.timeout = 1000ms (default)
2023-05-08 09:36:25,493 [pool-1083-thread-1] INFO  server.RaftServerConfigKeys (ConfUtils.java:logGet(46)) - raft.server.log.purge.preservation.log.num = 0 (default)
2023-05-08 09:36:25,493 [EventQueue-PipelineReportForPipelineReportHandler] INFO  pipeline.PipelineManagerImpl (PipelineManagerImpl.java:openPipeline(367)) - Pipeline Pipeline[ Id: 945ef2a7-8a8e-44fa-9581-a25ed3800df0, Nodes: 97ae9001-8f77-4e57-887b-8866c45c8853(fv-az96-539/10.1.0.160), ReplicationConfig: RATIS/ONE, State:ALLOCATED, leaderId:97ae9001-8f77-4e57-887b-8866c45c8853, CreationTimestamp2023-05-08T09:36:22.495Z[Etc/UTC]] moved to OPEN state
2023-05-08 09:36:25,493 [pool-1083-thread-1] INFO  server.RaftServerConfigKeys (ConfUtils.java:logGet(46)) - raft.server.log.segment.size.max = 1048576 (custom)
2023-05-08 09:36:25,493 [pool-1083-thread-1] INFO  server.RaftServerConfigKeys (ConfUtils.java:logGet(46)) - raft.server.log.segment.cache.num.max = 2 (custom)
2023-05-08 09:36:25,494 [pool-1083-thread-1] INFO  server.RaftServerConfigKeys (ConfUtils.java:logGet(46)) - raft.server.log.segment.cache.size.max = 200MB (=209715200) (default)
2023-05-08 09:36:25,494 [pool-1083-thread-1] INFO  segmented.SegmentedRaftLogWorker (SegmentedRaftLogWorker.java:<init>(189)) - new 97ae9001-8f77-4e57-887b-8866c45c8853@group-A25ED3800DF0-SegmentedRaftLogWorker for RaftStorageImpl:Storage Directory /home/runner/work/ozone/ozone/hadoop-ozone/integration-test/target/test-dir/MiniOzoneClusterImpl-9c6e49ad-420a-4650-a022-25d129319acc/datanode-0/data/ratis/945ef2a7-8a8e-44fa-9581-a25ed3800df0
2023-05-08 09:36:25,494 [pool-1083-thread-1] INFO  server.RaftServerConfigKeys (ConfUtils.java:logGet(46)) - raft.server.log.queue.byte-limit = 4294967296 (custom)
2023-05-08 09:36:25,494 [pool-1083-thread-1] INFO  server.RaftServerConfigKeys (ConfUtils.java:logGet(46)) - raft.server.log.queue.element-limit = 1024 (custom)
2023-05-08 09:36:25,497 [pool-1083-thread-1] INFO  server.RaftServerConfigKeys (ConfUtils.java:logGet(46)) - raft.server.log.segment.size.max = 1048576 (custom)
2023-05-08 09:36:25,497 [pool-1083-thread-1] INFO  server.RaftServerConfigKeys (ConfUtils.java:logGet(46)) - raft.server.log.preallocated.size = 16384 (custom)
2023-05-08 09:36:25,497 [pool-1083-thread-1] INFO  server.RaftServerConfigKeys (ConfUtils.java:logGet(46)) - raft.server.log.force.sync.num = 128 (default)
2023-05-08 09:36:25,497 [pool-1083-thread-1] INFO  server.RaftServerConfigKeys (ConfUtils.java:logGet(46)) - raft.server.log.statemachine.data.sync = true (default)
2023-05-08 09:36:25,497 [pool-1083-thread-1] INFO  server.RaftServerConfigKeys (ConfUtils.java:logGet(46)) - raft.server.log.statemachine.data.sync.timeout = 10s (default)
2023-05-08 09:36:25,497 [pool-1083-thread-1] INFO  server.RaftServerConfigKeys (ConfUtils.java:logGet(46)) - raft.server.log.statemachine.data.sync.timeout.retry = -1 (default)
2023-05-08 09:36:25,500 [EventQueue-OpenPipelineForHealthyPipelineSafeModeRule] INFO  safemode.SCMSafeModeManager (HealthyPipelineSafeModeRule.java:process(137)) - SCM in safe mode. Healthy pipelines reported count is 0, required healthy pipeline reported count is 1
2023-05-08 09:36:25,500 [pool-1083-thread-1] INFO  server.RaftServerConfigKeys (ConfUtils.java:logGet(46)) - raft.server.log.write.buffer.size = 1048576 (custom)
2023-05-08 09:36:25,501 [pool-1083-thread-1] INFO  server.RaftServerConfigKeys (ConfUtils.java:logGet(46)) - raft.server.log.appender.buffer.byte-limit = 33554432 (custom)
2023-05-08 09:36:25,506 [pool-1083-thread-1] INFO  server.RaftServerConfigKeys (ConfUtils.java:logGet(46)) - raft.server.log.unsafe-flush.enabled = false (default)
2023-05-08 09:36:25,506 [pool-1083-thread-1] INFO  server.RaftServerConfigKeys (ConfUtils.java:logGet(46)) - raft.server.log.async-flush.enabled = false (default)
2023-05-08 09:36:25,506 [pool-1083-thread-1] INFO  server.RaftServerConfigKeys (ConfUtils.java:logGet(46)) - raft.server.log.statemachine.data.caching.enabled = true (custom)
2023-05-08 09:36:25,506 [pool-1083-thread-1] INFO  segmented.SegmentedRaftLogWorker (SegmentedRaftLogWorker.java:lambda$new$0(135)) - 97ae9001-8f77-4e57-887b-8866c45c8853@group-A25ED3800DF0-SegmentedRaftLogWorker: flushIndex: setUnconditionally 0 -> -1
2023-05-08 09:36:25,506 [pool-1083-thread-1] INFO  segmented.SegmentedRaftLogWorker (SegmentedRaftLogWorker.java:lambda$new$0(135)) - 97ae9001-8f77-4e57-887b-8866c45c8853@group-A25ED3800DF0-SegmentedRaftLogWorker: safeCacheEvictIndex: setUnconditionally 0 -> -1
2023-05-08 09:36:25,506 [pool-1083-thread-1] INFO  server.RaftServer$Division (RaftServerImpl.java:start(334)) - 97ae9001-8f77-4e57-887b-8866c45c8853@group-A25ED3800DF0: start as a follower, conf=-1: peers:[97ae9001-8f77-4e57-887b-8866c45c8853|rpc:10.1.0.160:43931|dataStream:10.1.0.160:46669|priority:1|startupRole:FOLLOWER]|listeners:[], old=null
2023-05-08 09:36:25,506 [pool-1083-thread-1] INFO  server.RaftServer$Division (RaftServerImpl.java:setRole(321)) - 97ae9001-8f77-4e57-887b-8866c45c8853@group-A25ED3800DF0: changes role from      null to FOLLOWER at term 0 for startAsFollower
2023-05-08 09:36:25,506 [pool-1083-thread-1] INFO  impl.RoleInfo (RoleInfo.java:updateAndGet(139)) - 97ae9001-8f77-4e57-887b-8866c45c8853: start 97ae9001-8f77-4e57-887b-8866c45c8853@group-A25ED3800DF0-FollowerState
2023-05-08 09:36:25,506 [97ae9001-8f77-4e57-887b-8866c45c8853@group-A25ED3800DF0-FollowerState] INFO  server.RaftServerConfigKeys (ConfUtils.java:logFallback(53)) - raft.server.rpc.first-election.timeout.min = 5s (fallback to raft.server.rpc.timeout.min)
2023-05-08 09:36:25,506 [pool-1083-thread-1] INFO  util.JmxRegister (JmxRegister.java:tryRegister(44)) - Successfully registered JMX Bean with object name Ratis:service=RaftServer,group=group-A25ED3800DF0,id=97ae9001-8f77-4e57-887b-8866c45c8853
2023-05-08 09:36:25,506 [97ae9001-8f77-4e57-887b-8866c45c8853@group-A25ED3800DF0-FollowerState] INFO  server.RaftServerConfigKeys (ConfUtils.java:logFallback(53)) - raft.server.rpc.first-election.timeout.max = 5200ms (fallback to raft.server.rpc.timeout.max)
2023-05-08 09:36:25,507 [pool-1083-thread-1] INFO  server.RaftServerConfigKeys (ConfUtils.java:logGet(46)) - raft.server.snapshot.auto.trigger.enabled = true (custom)
2023-05-08 09:36:25,507 [pool-1083-thread-1] INFO  server.RaftServerConfigKeys (ConfUtils.java:logGet(46)) - raft.server.snapshot.auto.trigger.threshold = 10000 (custom)
2023-05-08 09:36:25,507 [pool-1083-thread-1] INFO  server.RaftServerConfigKeys (ConfUtils.java:logGet(46)) - raft.server.snapshot.retention.file.num = 5 (custom)
2023-05-08 09:36:25,507 [pool-1083-thread-1] INFO  server.RaftServerConfigKeys (ConfUtils.java:logGet(46)) - raft.server.log.purge.upto.snapshot.index = false (default)
2023-05-08 09:36:25,507 [Command processor thread] INFO  ratis.XceiverServerRatis (XceiverServerRatis.java:addGroup(806)) - Created group PipelineID=945ef2a7-8a8e-44fa-9581-a25ed3800df0
2023-05-08 09:36:25,507 [Command processor thread] INFO  commandhandler.CreatePipelineCommandHandler (CreatePipelineCommandHandler.java:handle(113)) - Created Pipeline RATIS ONE PipelineID=945ef2a7-8a8e-44fa-9581-a25ed3800df0.
2023-05-08 09:36:25,507 [Command processor thread] INFO  server.RaftServer (RaftServerProxy.java:addNew(96)) - 97ae9001-8f77-4e57-887b-8866c45c8853: addNew group-68B841171C69:[5079cb12-7c0c-49ee-b9b9-b1ba79861d13|rpc:10.1.0.160:33913|dataStream:10.1.0.160:42539|priority:0|startupRole:FOLLOWER, 97ae9001-8f77-4e57-887b-8866c45c8853|rpc:10.1.0.160:43931|dataStream:10.1.0.160:46669|priority:0|startupRole:FOLLOWER, ca5d3c16-7565-4171-aee7-158c5cc4aa22|rpc:10.1.0.160:33865|dataStream:10.1.0.160:34241|priority:1|startupRole:FOLLOWER] returns group-68B841171C69:java.util.concurrent.CompletableFuture@153411f8[Not completed]
2023-05-08 09:36:25,508 [pool-1083-thread-1] INFO  server.RaftServer$Division (RaftServerImpl.java:<init>(195)) - 97ae9001-8f77-4e57-887b-8866c45c8853: new RaftServerImpl for group-68B841171C69:[5079cb12-7c0c-49ee-b9b9-b1ba79861d13|rpc:10.1.0.160:33913|dataStream:10.1.0.160:42539|priority:0|startupRole:FOLLOWER, 97ae9001-8f77-4e57-887b-8866c45c8853|rpc:10.1.0.160:43931|dataStream:10.1.0.160:46669|priority:0|startupRole:FOLLOWER, ca5d3c16-7565-4171-aee7-158c5cc4aa22|rpc:10.1.0.160:33865|dataStream:10.1.0.160:34241|priority:1|startupRole:FOLLOWER] with ContainerStateMachine:uninitialized
2023-05-08 09:36:25,508 [pool-1083-thread-1] INFO  server.RaftServerConfigKeys (ConfUtils.java:logGet(46)) - raft.server.rpc.timeout.min = 5s (custom)
2023-05-08 09:36:25,508 [pool-1083-thread-1] INFO  server.RaftServerConfigKeys (ConfUtils.java:logGet(46)) - raft.server.rpc.timeout.max = 5200ms (custom)
2023-05-08 09:36:25,508 [pool-1083-thread-1] INFO  server.RaftServerConfigKeys (ConfUtils.java:logGet(46)) - raft.server.rpc.sleep.time = 25ms (default)
2023-05-08 09:36:25,508 [pool-1083-thread-1] INFO  server.RaftServerConfigKeys (ConfUtils.java:logGet(46)) - raft.server.rpc.slowness.timeout = 300s (custom)
2023-05-08 09:36:25,508 [pool-1083-thread-1] INFO  server.RaftServerConfigKeys (ConfUtils.java:logGet(46)) - raft.server.leaderelection.leader.step-down.wait-time = 10s (default)
2023-05-08 09:36:25,508 [pool-1083-thread-1] INFO  server.RaftServerConfigKeys (ConfUtils.java:logGet(46)) - raft.server.sleep.deviation.threshold = 300ms (default)
2023-05-08 09:36:25,508 [pool-1083-thread-1] INFO  server.RaftServer$Division (ServerState.java:<init>(118)) - 97ae9001-8f77-4e57-887b-8866c45c8853@group-68B841171C69: ConfigurationManager, init=-1: peers:[5079cb12-7c0c-49ee-b9b9-b1ba79861d13|rpc:10.1.0.160:33913|dataStream:10.1.0.160:42539|priority:0|startupRole:FOLLOWER, 97ae9001-8f77-4e57-887b-8866c45c8853|rpc:10.1.0.160:43931|dataStream:10.1.0.160:46669|priority:0|startupRole:FOLLOWER, ca5d3c16-7565-4171-aee7-158c5cc4aa22|rpc:10.1.0.160:33865|dataStream:10.1.0.160:34241|priority:1|startupRole:FOLLOWER]|listeners:[], old=null, confs=<EMPTY_MAP>
2023-05-08 09:36:25,508 [pool-1083-thread-1] INFO  server.RaftServerConfigKeys (ConfUtils.java:logGet(46)) - raft.server.storage.dir = [/home/runner/work/ozone/ozone/hadoop-ozone/integration-test/target/test-dir/MiniOzoneClusterImpl-9c6e49ad-420a-4650-a022-25d129319acc/datanode-0/data/ratis] (custom)
2023-05-08 09:36:25,509 [pool-1083-thread-1] INFO  server.RaftServerConfigKeys (ConfUtils.java:logGet(46)) - raft.server.log.corruption.policy = EXCEPTION (default)
2023-05-08 09:36:25,509 [pool-1083-thread-1] INFO  server.RaftServerConfigKeys (ConfUtils.java:logGet(46)) - raft.server.storage.free-space.min = 0MB (=0) (default)
2023-05-08 09:36:25,509 [pool-1083-thread-1] INFO  server.RaftServerConfigKeys (ConfUtils.java:logGet(46)) - raft.server.notification.no-leader.timeout = 300s (custom)
2023-05-08 09:36:25,509 [pool-1083-thread-1] INFO  server.RaftServerConfigKeys (ConfUtils.java:logGet(46)) - raft.server.retrycache.expirytime = 600000ms (custom)
2023-05-08 09:36:25,509 [pool-1083-thread-1] INFO  server.RaftServerConfigKeys (ConfUtils.java:logGet(46)) - raft.server.retrycache.statistics.expirytime = 100μs (default)
2023-05-08 09:36:25,509 [pool-1083-thread-1] INFO  server.RaftServerConfigKeys (ConfUtils.java:logGet(46)) - raft.server.log.appender.install.snapshot.enabled = false (custom)
2023-05-08 09:36:25,509 [pool-1083-thread-1] INFO  server.RaftServerConfigKeys (ConfUtils.java:logGet(46)) - raft.server.threadpool.server.cached = true (default)
2023-05-08 09:36:25,509 [pool-1083-thread-1] INFO  server.RaftServerConfigKeys (ConfUtils.java:logGet(46)) - raft.server.threadpool.server.size = 0 (default)
2023-05-08 09:36:25,509 [pool-1083-thread-1] INFO  server.RaftServerConfigKeys (ConfUtils.java:logGet(46)) - raft.server.threadpool.client.cached = true (default)
2023-05-08 09:36:25,509 [pool-1083-thread-1] INFO  server.RaftServerConfigKeys (ConfUtils.java:logGet(46)) - raft.server.threadpool.client.size = 0 (default)
2023-05-08 09:36:25,509 [pool-1083-thread-1] INFO  storage.RaftStorageDirectory (RaftStorageDirectoryImpl.java:analyzeStorage(137)) - The storage directory /home/runner/work/ozone/ozone/hadoop-ozone/integration-test/target/test-dir/MiniOzoneClusterImpl-9c6e49ad-420a-4650-a022-25d129319acc/datanode-0/data/ratis/5a59ef5e-1b6b-436b-9bc3-68b841171c69 does not exist. Creating ...
2023-05-08 09:36:25,510 [pool-1083-thread-1] INFO  storage.RaftStorageDirectory (RaftStorageDirectoryImpl.java:tryLock(231)) - Lock on /home/runner/work/ozone/ozone/hadoop-ozone/integration-test/target/test-dir/MiniOzoneClusterImpl-9c6e49ad-420a-4650-a022-25d129319acc/datanode-0/data/ratis/5a59ef5e-1b6b-436b-9bc3-68b841171c69/in_use.lock acquired by nodename 7572@fv-az96-539
2023-05-08 09:36:25,511 [pool-1083-thread-1] INFO  storage.RaftStorage (RaftStorageImpl.java:format(96)) - Storage directory /home/runner/work/ozone/ozone/hadoop-ozone/integration-test/target/test-dir/MiniOzoneClusterImpl-9c6e49ad-420a-4650-a022-25d129319acc/datanode-0/data/ratis/5a59ef5e-1b6b-436b-9bc3-68b841171c69 has been successfully formatted.
2023-05-08 09:36:25,512 [pool-1083-thread-1] INFO  ratis.ContainerStateMachine (ContainerStateMachine.java:loadSnapshot(262)) - group-68B841171C69: The snapshot info is null. Setting the last applied indexto:(t:0, i:~)
2023-05-08 09:36:25,512 [pool-1083-thread-1] INFO  server.RaftServerConfigKeys (ConfUtils.java:logGet(46)) - raft.server.log.use.memory = false (default)
2023-05-08 09:36:25,512 [pool-1083-thread-1] INFO  server.RaftServerConfigKeys (ConfUtils.java:logGet(46)) - raft.server.log.purge.gap = 1000000 (custom)
2023-05-08 09:36:25,512 [pool-1083-thread-1] INFO  server.RaftServerConfigKeys (ConfUtils.java:logGet(46)) - raft.server.log.appender.buffer.byte-limit = 33554432 (custom)
2023-05-08 09:36:25,512 [pool-1083-thread-1] INFO  server.RaftServerConfigKeys (ConfUtils.java:logGet(46)) - raft.server.log.statemachine.data.read.timeout = 1000ms (default)
2023-05-08 09:36:25,512 [pool-1083-thread-1] INFO  server.RaftServerConfigKeys (ConfUtils.java:logGet(46)) - raft.server.log.purge.preservation.log.num = 0 (default)
2023-05-08 09:36:25,512 [pool-1083-thread-1] INFO  server.RaftServerConfigKeys (ConfUtils.java:logGet(46)) - raft.server.log.segment.size.max = 1048576 (custom)
2023-05-08 09:36:25,512 [pool-1083-thread-1] INFO  server.RaftServerConfigKeys (ConfUtils.java:logGet(46)) - raft.server.log.segment.cache.num.max = 2 (custom)
2023-05-08 09:36:25,512 [pool-1083-thread-1] INFO  server.RaftServerConfigKeys (ConfUtils.java:logGet(46)) - raft.server.log.segment.cache.size.max = 200MB (=209715200) (default)
2023-05-08 09:36:25,512 [pool-1083-thread-1] INFO  segmented.SegmentedRaftLogWorker (SegmentedRaftLogWorker.java:<init>(189)) - new 97ae9001-8f77-4e57-887b-8866c45c8853@group-68B841171C69-SegmentedRaftLogWorker for RaftStorageImpl:Storage Directory /home/runner/work/ozone/ozone/hadoop-ozone/integration-test/target/test-dir/MiniOzoneClusterImpl-9c6e49ad-420a-4650-a022-25d129319acc/datanode-0/data/ratis/5a59ef5e-1b6b-436b-9bc3-68b841171c69
2023-05-08 09:36:25,513 [EventQueue-OpenPipelineForHealthyPipelineSafeModeRule] INFO  safemode.SCMSafeModeManager (HealthyPipelineSafeModeRule.java:process(137)) - SCM in safe mode. Healthy pipelines reported count is 0, required healthy pipeline reported count is 1
2023-05-08 09:36:25,513 [pool-1083-thread-1] INFO  server.RaftServerConfigKeys (ConfUtils.java:logGet(46)) - raft.server.log.queue.byte-limit = 4294967296 (custom)
2023-05-08 09:36:25,513 [pool-1083-thread-1] INFO  server.RaftServerConfigKeys (ConfUtils.java:logGet(46)) - raft.server.log.queue.element-limit = 1024 (custom)
2023-05-08 09:36:25,513 [pool-1083-thread-1] INFO  server.RaftServerConfigKeys (ConfUtils.java:logGet(46)) - raft.server.log.segment.size.max = 1048576 (custom)
2023-05-08 09:36:25,514 [pool-1083-thread-1] INFO  server.RaftServerConfigKeys (ConfUtils.java:logGet(46)) - raft.server.log.preallocated.size = 16384 (custom)
2023-05-08 09:36:25,514 [pool-1083-thread-1] INFO  server.RaftServerConfigKeys (ConfUtils.java:logGet(46)) - raft.server.log.force.sync.num = 128 (default)
2023-05-08 09:36:25,514 [pool-1083-thread-1] INFO  server.RaftServerConfigKeys (ConfUtils.java:logGet(46)) - raft.server.log.statemachine.data.sync = true (default)
2023-05-08 09:36:25,514 [pool-1083-thread-1] INFO  server.RaftServerConfigKeys (ConfUtils.java:logGet(46)) - raft.server.log.statemachine.data.sync.timeout = 10s (default)
2023-05-08 09:36:25,514 [pool-1083-thread-1] INFO  server.RaftServerConfigKeys (ConfUtils.java:logGet(46)) - raft.server.log.statemachine.data.sync.timeout.retry = -1 (default)
2023-05-08 09:36:25,514 [pool-1083-thread-1] INFO  server.RaftServerConfigKeys (ConfUtils.java:logGet(46)) - raft.server.log.write.buffer.size = 1048576 (custom)
2023-05-08 09:36:25,515 [pool-1083-thread-1] INFO  server.RaftServerConfigKeys (ConfUtils.java:logGet(46)) - raft.server.log.appender.buffer.byte-limit = 33554432 (custom)
2023-05-08 09:36:25,520 [pool-1083-thread-1] INFO  server.RaftServerConfigKeys (ConfUtils.java:logGet(46)) - raft.server.log.unsafe-flush.enabled = false (default)
2023-05-08 09:36:25,520 [pool-1083-thread-1] INFO  server.RaftServerConfigKeys (ConfUtils.java:logGet(46)) - raft.server.log.async-flush.enabled = false (default)
2023-05-08 09:36:25,520 [pool-1083-thread-1] INFO  server.RaftServerConfigKeys (ConfUtils.java:logGet(46)) - raft.server.log.statemachine.data.caching.enabled = true (custom)
2023-05-08 09:36:25,520 [pool-1083-thread-1] INFO  segmented.SegmentedRaftLogWorker (SegmentedRaftLogWorker.java:lambda$new$0(135)) - 97ae9001-8f77-4e57-887b-8866c45c8853@group-68B841171C69-SegmentedRaftLogWorker: flushIndex: setUnconditionally 0 -> -1
2023-05-08 09:36:25,520 [pool-1083-thread-1] INFO  segmented.SegmentedRaftLogWorker (SegmentedRaftLogWorker.java:lambda$new$0(135)) - 97ae9001-8f77-4e57-887b-8866c45c8853@group-68B841171C69-SegmentedRaftLogWorker: safeCacheEvictIndex: setUnconditionally 0 -> -1
2023-05-08 09:36:25,520 [pool-1083-thread-1] INFO  server.RaftServer$Division (RaftServerImpl.java:start(334)) - 97ae9001-8f77-4e57-887b-8866c45c8853@group-68B841171C69: start as a follower, conf=-1: peers:[5079cb12-7c0c-49ee-b9b9-b1ba79861d13|rpc:10.1.0.160:33913|dataStream:10.1.0.160:42539|priority:0|startupRole:FOLLOWER, 97ae9001-8f77-4e57-887b-8866c45c8853|rpc:10.1.0.160:43931|dataStream:10.1.0.160:46669|priority:0|startupRole:FOLLOWER, ca5d3c16-7565-4171-aee7-158c5cc4aa22|rpc:10.1.0.160:33865|dataStream:10.1.0.160:34241|priority:1|startupRole:FOLLOWER]|listeners:[], old=null
2023-05-08 09:36:25,520 [pool-1083-thread-1] INFO  server.RaftServer$Division (RaftServerImpl.java:setRole(321)) - 97ae9001-8f77-4e57-887b-8866c45c8853@group-68B841171C69: changes role from      null to FOLLOWER at term 0 for startAsFollower
2023-05-08 09:36:25,520 [pool-1083-thread-1] INFO  impl.RoleInfo (RoleInfo.java:updateAndGet(139)) - 97ae9001-8f77-4e57-887b-8866c45c8853: start 97ae9001-8f77-4e57-887b-8866c45c8853@group-68B841171C69-FollowerState
2023-05-08 09:36:25,520 [pool-1083-thread-1] INFO  util.JmxRegister (JmxRegister.java:tryRegister(44)) - Successfully registered JMX Bean with object name Ratis:service=RaftServer,group=group-68B841171C69,id=97ae9001-8f77-4e57-887b-8866c45c8853
2023-05-08 09:36:25,520 [97ae9001-8f77-4e57-887b-8866c45c8853@group-68B841171C69-FollowerState] INFO  server.RaftServerConfigKeys (ConfUtils.java:logFallback(53)) - raft.server.rpc.first-election.timeout.min = 5s (fallback to raft.server.rpc.timeout.min)
2023-05-08 09:36:25,521 [pool-1083-thread-1] INFO  server.RaftServerConfigKeys (ConfUtils.java:logGet(46)) - raft.server.snapshot.auto.trigger.enabled = true (custom)
2023-05-08 09:36:25,521 [97ae9001-8f77-4e57-887b-8866c45c8853@group-68B841171C69-FollowerState] INFO  server.RaftServerConfigKeys (ConfUtils.java:logFallback(53)) - raft.server.rpc.first-election.timeout.max = 5200ms (fallback to raft.server.rpc.timeout.max)
2023-05-08 09:36:25,521 [pool-1083-thread-1] INFO  server.RaftServerConfigKeys (ConfUtils.java:logGet(46)) - raft.server.snapshot.auto.trigger.threshold = 10000 (custom)
2023-05-08 09:36:25,521 [pool-1083-thread-1] INFO  server.RaftServerConfigKeys (ConfUtils.java:logGet(46)) - raft.server.snapshot.retention.file.num = 5 (custom)
2023-05-08 09:36:25,521 [pool-1083-thread-1] INFO  server.RaftServerConfigKeys (ConfUtils.java:logGet(46)) - raft.server.log.purge.upto.snapshot.index = false (default)
2023-05-08 09:36:25,521 [Command processor thread] INFO  ratis.XceiverServerRatis (XceiverServerRatis.java:addGroup(806)) - Created group PipelineID=5a59ef5e-1b6b-436b-9bc3-68b841171c69
2023-05-08 09:36:25,534 [grpc-default-executor-0] INFO  server.RaftServer (RaftServerProxy.java:addNew(96)) - 5079cb12-7c0c-49ee-b9b9-b1ba79861d13: addNew group-68B841171C69:[5079cb12-7c0c-49ee-b9b9-b1ba79861d13|rpc:10.1.0.160:33913|dataStream:10.1.0.160:42539|priority:0|startupRole:FOLLOWER, 97ae9001-8f77-4e57-887b-8866c45c8853|rpc:10.1.0.160:43931|dataStream:10.1.0.160:46669|priority:0|startupRole:FOLLOWER, ca5d3c16-7565-4171-aee7-158c5cc4aa22|rpc:10.1.0.160:33865|dataStream:10.1.0.160:34241|priority:1|startupRole:FOLLOWER] returns group-68B841171C69:java.util.concurrent.CompletableFuture@d847548[Not completed]
2023-05-08 09:36:25,535 [pool-1127-thread-1] INFO  server.RaftServer$Division (RaftServerImpl.java:<init>(195)) - 5079cb12-7c0c-49ee-b9b9-b1ba79861d13: new RaftServerImpl for group-68B841171C69:[5079cb12-7c0c-49ee-b9b9-b1ba79861d13|rpc:10.1.0.160:33913|dataStream:10.1.0.160:42539|priority:0|startupRole:FOLLOWER, 97ae9001-8f77-4e57-887b-8866c45c8853|rpc:10.1.0.160:43931|dataStream:10.1.0.160:46669|priority:0|startupRole:FOLLOWER, ca5d3c16-7565-4171-aee7-158c5cc4aa22|rpc:10.1.0.160:33865|dataStream:10.1.0.160:34241|priority:1|startupRole:FOLLOWER] with ContainerStateMachine:uninitialized
2023-05-08 09:36:25,535 [pool-1127-thread-1] INFO  server.RaftServerConfigKeys (ConfUtils.java:logGet(46)) - raft.server.rpc.timeout.min = 5s (custom)
2023-05-08 09:36:25,535 [pool-1127-thread-1] INFO  server.RaftServerConfigKeys (ConfUtils.java:logGet(46)) - raft.server.rpc.timeout.max = 5200ms (custom)
2023-05-08 09:36:25,535 [pool-1127-thread-1] INFO  server.RaftServerConfigKeys (ConfUtils.java:logGet(46)) - raft.server.rpc.sleep.time = 25ms (default)
2023-05-08 09:36:25,535 [pool-1127-thread-1] INFO  server.RaftServerConfigKeys (ConfUtils.java:logGet(46)) - raft.server.rpc.slowness.timeout = 300s (custom)
2023-05-08 09:36:25,535 [pool-1127-thread-1] INFO  server.RaftServerConfigKeys (ConfUtils.java:logGet(46)) - raft.server.leaderelection.leader.step-down.wait-time = 10s (default)
2023-05-08 09:36:25,535 [pool-1127-thread-1] INFO  server.RaftServerConfigKeys (ConfUtils.java:logGet(46)) - raft.server.sleep.deviation.threshold = 300ms (default)
2023-05-08 09:36:25,535 [pool-1127-thread-1] INFO  server.RaftServer$Division (ServerState.java:<init>(118)) - 5079cb12-7c0c-49ee-b9b9-b1ba79861d13@group-68B841171C69: ConfigurationManager, init=-1: peers:[5079cb12-7c0c-49ee-b9b9-b1ba79861d13|rpc:10.1.0.160:33913|dataStream:10.1.0.160:42539|priority:0|startupRole:FOLLOWER, 97ae9001-8f77-4e57-887b-8866c45c8853|rpc:10.1.0.160:43931|dataStream:10.1.0.160:46669|priority:0|startupRole:FOLLOWER, ca5d3c16-7565-4171-aee7-158c5cc4aa22|rpc:10.1.0.160:33865|dataStream:10.1.0.160:34241|priority:1|startupRole:FOLLOWER]|listeners:[], old=null, confs=<EMPTY_MAP>
2023-05-08 09:36:25,535 [pool-1127-thread-1] INFO  server.RaftServerConfigKeys (ConfUtils.java:logGet(46)) - raft.server.storage.dir = [/home/runner/work/ozone/ozone/hadoop-ozone/integration-test/target/test-dir/MiniOzoneClusterImpl-9c6e49ad-420a-4650-a022-25d129319acc/datanode-2/data/ratis] (custom)
2023-05-08 09:36:25,536 [pool-1127-thread-1] INFO  server.RaftServerConfigKeys (ConfUtils.java:logGet(46)) - raft.server.log.corruption.policy = EXCEPTION (default)
2023-05-08 09:36:25,536 [pool-1127-thread-1] INFO  server.RaftServerConfigKeys (ConfUtils.java:logGet(46)) - raft.server.storage.free-space.min = 0MB (=0) (default)
2023-05-08 09:36:25,536 [pool-1127-thread-1] INFO  server.RaftServerConfigKeys (ConfUtils.java:logGet(46)) - raft.server.notification.no-leader.timeout = 300s (custom)
2023-05-08 09:36:25,536 [pool-1127-thread-1] INFO  server.RaftServerConfigKeys (ConfUtils.java:logGet(46)) - raft.server.retrycache.expirytime = 600000ms (custom)
2023-05-08 09:36:25,536 [pool-1127-thread-1] INFO  server.RaftServerConfigKeys (ConfUtils.java:logGet(46)) - raft.server.retrycache.statistics.expirytime = 100μs (default)
2023-05-08 09:36:25,536 [pool-1127-thread-1] INFO  server.RaftServerConfigKeys (ConfUtils.java:logGet(46)) - raft.server.log.appender.install.snapshot.enabled = false (custom)
2023-05-08 09:36:25,536 [pool-1127-thread-1] INFO  server.RaftServerConfigKeys (ConfUtils.java:logGet(46)) - raft.server.threadpool.server.cached = true (default)
2023-05-08 09:36:25,536 [pool-1127-thread-1] INFO  server.RaftServerConfigKeys (ConfUtils.java:logGet(46)) - raft.server.threadpool.server.size = 0 (default)
2023-05-08 09:36:25,536 [pool-1127-thread-1] INFO  server.RaftServerConfigKeys (ConfUtils.java:logGet(46)) - raft.server.threadpool.client.cached = true (default)
2023-05-08 09:36:25,536 [pool-1127-thread-1] INFO  server.RaftServerConfigKeys (ConfUtils.java:logGet(46)) - raft.server.threadpool.client.size = 0 (default)
2023-05-08 09:36:25,537 [pool-1127-thread-1] INFO  storage.RaftStorageDirectory (RaftStorageDirectoryImpl.java:analyzeStorage(137)) - The storage directory /home/runner/work/ozone/ozone/hadoop-ozone/integration-test/target/test-dir/MiniOzoneClusterImpl-9c6e49ad-420a-4650-a022-25d129319acc/datanode-2/data/ratis/5a59ef5e-1b6b-436b-9bc3-68b841171c69 does not exist. Creating ...
2023-05-08 09:36:25,538 [pool-1127-thread-1] INFO  storage.RaftStorageDirectory (RaftStorageDirectoryImpl.java:tryLock(231)) - Lock on /home/runner/work/ozone/ozone/hadoop-ozone/integration-test/target/test-dir/MiniOzoneClusterImpl-9c6e49ad-420a-4650-a022-25d129319acc/datanode-2/data/ratis/5a59ef5e-1b6b-436b-9bc3-68b841171c69/in_use.lock acquired by nodename 7572@fv-az96-539
2023-05-08 09:36:25,539 [pool-1127-thread-1] INFO  storage.RaftStorage (RaftStorageImpl.java:format(96)) - Storage directory /home/runner/work/ozone/ozone/hadoop-ozone/integration-test/target/test-dir/MiniOzoneClusterImpl-9c6e49ad-420a-4650-a022-25d129319acc/datanode-2/data/ratis/5a59ef5e-1b6b-436b-9bc3-68b841171c69 has been successfully formatted.
2023-05-08 09:36:25,541 [pool-1127-thread-1] INFO  ratis.ContainerStateMachine (ContainerStateMachine.java:loadSnapshot(262)) - group-68B841171C69: The snapshot info is null. Setting the last applied indexto:(t:0, i:~)
2023-05-08 09:36:25,541 [pool-1127-thread-1] INFO  server.RaftServerConfigKeys (ConfUtils.java:logGet(46)) - raft.server.log.use.memory = false (default)
2023-05-08 09:36:25,542 [pool-1127-thread-1] INFO  server.RaftServerConfigKeys (ConfUtils.java:logGet(46)) - raft.server.log.purge.gap = 1000000 (custom)
2023-05-08 09:36:25,542 [pool-1127-thread-1] INFO  server.RaftServerConfigKeys (ConfUtils.java:logGet(46)) - raft.server.log.appender.buffer.byte-limit = 33554432 (custom)
2023-05-08 09:36:25,542 [pool-1127-thread-1] INFO  server.RaftServerConfigKeys (ConfUtils.java:logGet(46)) - raft.server.log.statemachine.data.read.timeout = 1000ms (default)
2023-05-08 09:36:25,542 [pool-1127-thread-1] INFO  server.RaftServerConfigKeys (ConfUtils.java:logGet(46)) - raft.server.log.purge.preservation.log.num = 0 (default)
2023-05-08 09:36:25,543 [pool-1127-thread-1] INFO  server.RaftServerConfigKeys (ConfUtils.java:logGet(46)) - raft.server.log.segment.size.max = 1048576 (custom)
2023-05-08 09:36:25,543 [pool-1127-thread-1] INFO  server.RaftServerConfigKeys (ConfUtils.java:logGet(46)) - raft.server.log.segment.cache.num.max = 2 (custom)
2023-05-08 09:36:25,543 [pool-1127-thread-1] INFO  server.RaftServerConfigKeys (ConfUtils.java:logGet(46)) - raft.server.log.segment.cache.size.max = 200MB (=209715200) (default)
2023-05-08 09:36:25,543 [pool-1127-thread-1] INFO  segmented.SegmentedRaftLogWorker (SegmentedRaftLogWorker.java:<init>(189)) - new 5079cb12-7c0c-49ee-b9b9-b1ba79861d13@group-68B841171C69-SegmentedRaftLogWorker for RaftStorageImpl:Storage Directory /home/runner/work/ozone/ozone/hadoop-ozone/integration-test/target/test-dir/MiniOzoneClusterImpl-9c6e49ad-420a-4650-a022-25d129319acc/datanode-2/data/ratis/5a59ef5e-1b6b-436b-9bc3-68b841171c69
2023-05-08 09:36:25,543 [pool-1127-thread-1] INFO  server.RaftServerConfigKeys (ConfUtils.java:logGet(46)) - raft.server.log.queue.byte-limit = 4294967296 (custom)
2023-05-08 09:36:25,543 [pool-1127-thread-1] INFO  server.RaftServerConfigKeys (ConfUtils.java:logGet(46)) - raft.server.log.queue.element-limit = 1024 (custom)
2023-05-08 09:36:25,543 [pool-1127-thread-1] INFO  server.RaftServerConfigKeys (ConfUtils.java:logGet(46)) - raft.server.log.segment.size.max = 1048576 (custom)
2023-05-08 09:36:25,544 [pool-1127-thread-1] INFO  server.RaftServerConfigKeys (ConfUtils.java:logGet(46)) - raft.server.log.preallocated.size = 16384 (custom)
2023-05-08 09:36:25,544 [pool-1127-thread-1] INFO  server.RaftServerConfigKeys (ConfUtils.java:logGet(46)) - raft.server.log.force.sync.num = 128 (default)
2023-05-08 09:36:25,544 [pool-1127-thread-1] INFO  server.RaftServerConfigKeys (ConfUtils.java:logGet(46)) - raft.server.log.statemachine.data.sync = true (default)
2023-05-08 09:36:25,544 [pool-1127-thread-1] INFO  server.RaftServerConfigKeys (ConfUtils.java:logGet(46)) - raft.server.log.statemachine.data.sync.timeout = 10s (default)
2023-05-08 09:36:25,544 [pool-1127-thread-1] INFO  server.RaftServerConfigKeys (ConfUtils.java:logGet(46)) - raft.server.log.statemachine.data.sync.timeout.retry = -1 (default)
2023-05-08 09:36:25,544 [pool-1127-thread-1] INFO  server.RaftServerConfigKeys (ConfUtils.java:logGet(46)) - raft.server.log.write.buffer.size = 1048576 (custom)
2023-05-08 09:36:25,545 [pool-1127-thread-1] INFO  server.RaftServerConfigKeys (ConfUtils.java:logGet(46)) - raft.server.log.appender.buffer.byte-limit = 33554432 (custom)
2023-05-08 09:36:25,550 [pool-1127-thread-1] INFO  server.RaftServerConfigKeys (ConfUtils.java:logGet(46)) - raft.server.log.unsafe-flush.enabled = false (default)
2023-05-08 09:36:25,550 [pool-1127-thread-1] INFO  server.RaftServerConfigKeys (ConfUtils.java:logGet(46)) - raft.server.log.async-flush.enabled = false (default)
2023-05-08 09:36:25,550 [pool-1127-thread-1] INFO  server.RaftServerConfigKeys (ConfUtils.java:logGet(46)) - raft.server.log.statemachine.data.caching.enabled = true (custom)
2023-05-08 09:36:25,550 [pool-1127-thread-1] INFO  segmented.SegmentedRaftLogWorker (SegmentedRaftLogWorker.java:lambda$new$0(135)) - 5079cb12-7c0c-49ee-b9b9-b1ba79861d13@group-68B841171C69-SegmentedRaftLogWorker: flushIndex: setUnconditionally 0 -> -1
2023-05-08 09:36:25,550 [pool-1127-thread-1] INFO  segmented.SegmentedRaftLogWorker (SegmentedRaftLogWorker.java:lambda$new$0(135)) - 5079cb12-7c0c-49ee-b9b9-b1ba79861d13@group-68B841171C69-SegmentedRaftLogWorker: safeCacheEvictIndex: setUnconditionally 0 -> -1
2023-05-08 09:36:25,550 [pool-1127-thread-1] INFO  server.RaftServer$Division (RaftServerImpl.java:start(334)) - 5079cb12-7c0c-49ee-b9b9-b1ba79861d13@group-68B841171C69: start as a follower, conf=-1: peers:[5079cb12-7c0c-49ee-b9b9-b1ba79861d13|rpc:10.1.0.160:33913|dataStream:10.1.0.160:42539|priority:0|startupRole:FOLLOWER, 97ae9001-8f77-4e57-887b-8866c45c8853|rpc:10.1.0.160:43931|dataStream:10.1.0.160:46669|priority:0|startupRole:FOLLOWER, ca5d3c16-7565-4171-aee7-158c5cc4aa22|rpc:10.1.0.160:33865|dataStream:10.1.0.160:34241|priority:1|startupRole:FOLLOWER]|listeners:[], old=null
2023-05-08 09:36:25,550 [pool-1127-thread-1] INFO  server.RaftServer$Division (RaftServerImpl.java:setRole(321)) - 5079cb12-7c0c-49ee-b9b9-b1ba79861d13@group-68B841171C69: changes role from      null to FOLLOWER at term 0 for startAsFollower
2023-05-08 09:36:25,551 [pool-1127-thread-1] INFO  impl.RoleInfo (RoleInfo.java:updateAndGet(139)) - 5079cb12-7c0c-49ee-b9b9-b1ba79861d13: start 5079cb12-7c0c-49ee-b9b9-b1ba79861d13@group-68B841171C69-FollowerState
2023-05-08 09:36:25,553 [pool-1127-thread-1] INFO  util.JmxRegister (JmxRegister.java:tryRegister(44)) - Successfully registered JMX Bean with object name Ratis:service=RaftServer,group=group-68B841171C69,id=5079cb12-7c0c-49ee-b9b9-b1ba79861d13
2023-05-08 09:36:25,553 [5079cb12-7c0c-49ee-b9b9-b1ba79861d13@group-68B841171C69-FollowerState] INFO  server.RaftServerConfigKeys (ConfUtils.java:logFallback(53)) - raft.server.rpc.first-election.timeout.min = 5s (fallback to raft.server.rpc.timeout.min)
2023-05-08 09:36:25,553 [pool-1127-thread-1] INFO  server.RaftServerConfigKeys (ConfUtils.java:logGet(46)) - raft.server.snapshot.auto.trigger.enabled = true (custom)
2023-05-08 09:36:25,553 [5079cb12-7c0c-49ee-b9b9-b1ba79861d13@group-68B841171C69-FollowerState] INFO  server.RaftServerConfigKeys (ConfUtils.java:logFallback(53)) - raft.server.rpc.first-election.timeout.max = 5200ms (fallback to raft.server.rpc.timeout.max)
2023-05-08 09:36:25,553 [pool-1127-thread-1] INFO  server.RaftServerConfigKeys (ConfUtils.java:logGet(46)) - raft.server.snapshot.auto.trigger.threshold = 10000 (custom)
2023-05-08 09:36:25,553 [pool-1127-thread-1] INFO  server.RaftServerConfigKeys (ConfUtils.java:logGet(46)) - raft.server.snapshot.retention.file.num = 5 (custom)
2023-05-08 09:36:25,553 [pool-1127-thread-1] INFO  server.RaftServerConfigKeys (ConfUtils.java:logGet(46)) - raft.server.log.purge.upto.snapshot.index = false (default)
2023-05-08 09:36:25,565 [grpc-default-executor-0] INFO  server.RaftServer (RaftServerProxy.java:addNew(96)) - ca5d3c16-7565-4171-aee7-158c5cc4aa22: addNew group-68B841171C69:[5079cb12-7c0c-49ee-b9b9-b1ba79861d13|rpc:10.1.0.160:33913|dataStream:10.1.0.160:42539|priority:0|startupRole:FOLLOWER, 97ae9001-8f77-4e57-887b-8866c45c8853|rpc:10.1.0.160:43931|dataStream:10.1.0.160:46669|priority:0|startupRole:FOLLOWER, ca5d3c16-7565-4171-aee7-158c5cc4aa22|rpc:10.1.0.160:33865|dataStream:10.1.0.160:34241|priority:1|startupRole:FOLLOWER] returns group-68B841171C69:java.util.concurrent.CompletableFuture@6c122e03[Not completed]
2023-05-08 09:36:25,566 [pool-1105-thread-1] INFO  server.RaftServer$Division (RaftServerImpl.java:<init>(195)) - ca5d3c16-7565-4171-aee7-158c5cc4aa22: new RaftServerImpl for group-68B841171C69:[5079cb12-7c0c-49ee-b9b9-b1ba79861d13|rpc:10.1.0.160:33913|dataStream:10.1.0.160:42539|priority:0|startupRole:FOLLOWER, 97ae9001-8f77-4e57-887b-8866c45c8853|rpc:10.1.0.160:43931|dataStream:10.1.0.160:46669|priority:0|startupRole:FOLLOWER, ca5d3c16-7565-4171-aee7-158c5cc4aa22|rpc:10.1.0.160:33865|dataStream:10.1.0.160:34241|priority:1|startupRole:FOLLOWER] with ContainerStateMachine:uninitialized
2023-05-08 09:36:25,566 [pool-1105-thread-1] INFO  server.RaftServerConfigKeys (ConfUtils.java:logGet(46)) - raft.server.rpc.timeout.min = 5s (custom)
2023-05-08 09:36:25,566 [pool-1105-thread-1] INFO  server.RaftServerConfigKeys (ConfUtils.java:logGet(46)) - raft.server.rpc.timeout.max = 5200ms (custom)
2023-05-08 09:36:25,566 [pool-1105-thread-1] INFO  server.RaftServerConfigKeys (ConfUtils.java:logGet(46)) - raft.server.rpc.sleep.time = 25ms (default)
2023-05-08 09:36:25,566 [pool-1105-thread-1] INFO  server.RaftServerConfigKeys (ConfUtils.java:logGet(46)) - raft.server.rpc.slowness.timeout = 300s (custom)
2023-05-08 09:36:25,566 [pool-1105-thread-1] INFO  server.RaftServerConfigKeys (ConfUtils.java:logGet(46)) - raft.server.leaderelection.leader.step-down.wait-time = 10s (default)
2023-05-08 09:36:25,566 [pool-1105-thread-1] INFO  server.RaftServerConfigKeys (ConfUtils.java:logGet(46)) - raft.server.sleep.deviation.threshold = 300ms (default)
2023-05-08 09:36:25,566 [pool-1105-thread-1] INFO  server.RaftServer$Division (ServerState.java:<init>(118)) - ca5d3c16-7565-4171-aee7-158c5cc4aa22@group-68B841171C69: ConfigurationManager, init=-1: peers:[5079cb12-7c0c-49ee-b9b9-b1ba79861d13|rpc:10.1.0.160:33913|dataStream:10.1.0.160:42539|priority:0|startupRole:FOLLOWER, 97ae9001-8f77-4e57-887b-8866c45c8853|rpc:10.1.0.160:43931|dataStream:10.1.0.160:46669|priority:0|startupRole:FOLLOWER, ca5d3c16-7565-4171-aee7-158c5cc4aa22|rpc:10.1.0.160:33865|dataStream:10.1.0.160:34241|priority:1|startupRole:FOLLOWER]|listeners:[], old=null, confs=<EMPTY_MAP>
2023-05-08 09:36:25,566 [pool-1105-thread-1] INFO  server.RaftServerConfigKeys (ConfUtils.java:logGet(46)) - raft.server.storage.dir = [/home/runner/work/ozone/ozone/hadoop-ozone/integration-test/target/test-dir/MiniOzoneClusterImpl-9c6e49ad-420a-4650-a022-25d129319acc/datanode-1/data/ratis] (custom)
2023-05-08 09:36:25,566 [pool-1105-thread-1] INFO  server.RaftServerConfigKeys (ConfUtils.java:logGet(46)) - raft.server.log.corruption.policy = EXCEPTION (default)
2023-05-08 09:36:25,567 [pool-1105-thread-1] INFO  server.RaftServerConfigKeys (ConfUtils.java:logGet(46)) - raft.server.storage.free-space.min = 0MB (=0) (default)
2023-05-08 09:36:25,567 [pool-1105-thread-1] INFO  server.RaftServerConfigKeys (ConfUtils.java:logGet(46)) - raft.server.notification.no-leader.timeout = 300s (custom)
2023-05-08 09:36:25,567 [pool-1105-thread-1] INFO  server.RaftServerConfigKeys (ConfUtils.java:logGet(46)) - raft.server.retrycache.expirytime = 600000ms (custom)
2023-05-08 09:36:25,567 [pool-1105-thread-1] INFO  server.RaftServerConfigKeys (ConfUtils.java:logGet(46)) - raft.server.retrycache.statistics.expirytime = 100μs (default)
2023-05-08 09:36:25,567 [pool-1105-thread-1] INFO  server.RaftServerConfigKeys (ConfUtils.java:logGet(46)) - raft.server.log.appender.install.snapshot.enabled = false (custom)
2023-05-08 09:36:25,567 [pool-1105-thread-1] INFO  server.RaftServerConfigKeys (ConfUtils.java:logGet(46)) - raft.server.threadpool.server.cached = true (default)
2023-05-08 09:36:25,567 [pool-1105-thread-1] INFO  server.RaftServerConfigKeys (ConfUtils.java:logGet(46)) - raft.server.threadpool.server.size = 0 (default)
2023-05-08 09:36:25,567 [pool-1105-thread-1] INFO  server.RaftServerConfigKeys (ConfUtils.java:logGet(46)) - raft.server.threadpool.client.cached = true (default)
2023-05-08 09:36:25,567 [pool-1105-thread-1] INFO  server.RaftServerConfigKeys (ConfUtils.java:logGet(46)) - raft.server.threadpool.client.size = 0 (default)
2023-05-08 09:36:25,567 [pool-1105-thread-1] INFO  storage.RaftStorageDirectory (RaftStorageDirectoryImpl.java:analyzeStorage(137)) - The storage directory /home/runner/work/ozone/ozone/hadoop-ozone/integration-test/target/test-dir/MiniOzoneClusterImpl-9c6e49ad-420a-4650-a022-25d129319acc/datanode-1/data/ratis/5a59ef5e-1b6b-436b-9bc3-68b841171c69 does not exist. Creating ...
2023-05-08 09:36:25,569 [pool-1105-thread-1] INFO  storage.RaftStorageDirectory (RaftStorageDirectoryImpl.java:tryLock(231)) - Lock on /home/runner/work/ozone/ozone/hadoop-ozone/integration-test/target/test-dir/MiniOzoneClusterImpl-9c6e49ad-420a-4650-a022-25d129319acc/datanode-1/data/ratis/5a59ef5e-1b6b-436b-9bc3-68b841171c69/in_use.lock acquired by nodename 7572@fv-az96-539
2023-05-08 09:36:25,571 [pool-1105-thread-1] INFO  storage.RaftStorage (RaftStorageImpl.java:format(96)) - Storage directory /home/runner/work/ozone/ozone/hadoop-ozone/integration-test/target/test-dir/MiniOzoneClusterImpl-9c6e49ad-420a-4650-a022-25d129319acc/datanode-1/data/ratis/5a59ef5e-1b6b-436b-9bc3-68b841171c69 has been successfully formatted.
2023-05-08 09:36:25,571 [pool-1105-thread-1] INFO  ratis.ContainerStateMachine (ContainerStateMachine.java:loadSnapshot(262)) - group-68B841171C69: The snapshot info is null. Setting the last applied indexto:(t:0, i:~)
2023-05-08 09:36:25,571 [pool-1105-thread-1] INFO  server.RaftServerConfigKeys (ConfUtils.java:logGet(46)) - raft.server.log.use.memory = false (default)
2023-05-08 09:36:25,571 [pool-1105-thread-1] INFO  server.RaftServerConfigKeys (ConfUtils.java:logGet(46)) - raft.server.log.purge.gap = 1000000 (custom)
2023-05-08 09:36:25,572 [pool-1105-thread-1] INFO  server.RaftServerConfigKeys (ConfUtils.java:logGet(46)) - raft.server.log.appender.buffer.byte-limit = 33554432 (custom)
2023-05-08 09:36:25,572 [pool-1105-thread-1] INFO  server.RaftServerConfigKeys (ConfUtils.java:logGet(46)) - raft.server.log.statemachine.data.read.timeout = 1000ms (default)
2023-05-08 09:36:25,572 [pool-1105-thread-1] INFO  server.RaftServerConfigKeys (ConfUtils.java:logGet(46)) - raft.server.log.purge.preservation.log.num = 0 (default)
2023-05-08 09:36:25,572 [pool-1105-thread-1] INFO  server.RaftServerConfigKeys (ConfUtils.java:logGet(46)) - raft.server.log.segment.size.max = 1048576 (custom)
2023-05-08 09:36:25,572 [pool-1105-thread-1] INFO  server.RaftServerConfigKeys (ConfUtils.java:logGet(46)) - raft.server.log.segment.cache.num.max = 2 (custom)
2023-05-08 09:36:25,573 [pool-1105-thread-1] INFO  server.RaftServerConfigKeys (ConfUtils.java:logGet(46)) - raft.server.log.segment.cache.size.max = 200MB (=209715200) (default)
2023-05-08 09:36:25,573 [pool-1105-thread-1] INFO  segmented.SegmentedRaftLogWorker (SegmentedRaftLogWorker.java:<init>(189)) - new ca5d3c16-7565-4171-aee7-158c5cc4aa22@group-68B841171C69-SegmentedRaftLogWorker for RaftStorageImpl:Storage Directory /home/runner/work/ozone/ozone/hadoop-ozone/integration-test/target/test-dir/MiniOzoneClusterImpl-9c6e49ad-420a-4650-a022-25d129319acc/datanode-1/data/ratis/5a59ef5e-1b6b-436b-9bc3-68b841171c69
2023-05-08 09:36:25,573 [pool-1105-thread-1] INFO  server.RaftServerConfigKeys (ConfUtils.java:logGet(46)) - raft.server.log.queue.byte-limit = 4294967296 (custom)
2023-05-08 09:36:25,573 [pool-1105-thread-1] INFO  server.RaftServerConfigKeys (ConfUtils.java:logGet(46)) - raft.server.log.queue.element-limit = 1024 (custom)
2023-05-08 09:36:25,573 [pool-1105-thread-1] INFO  server.RaftServerConfigKeys (ConfUtils.java:logGet(46)) - raft.server.log.segment.size.max = 1048576 (custom)
2023-05-08 09:36:25,573 [pool-1105-thread-1] INFO  server.RaftServerConfigKeys (ConfUtils.java:logGet(46)) - raft.server.log.preallocated.size = 16384 (custom)
2023-05-08 09:36:25,573 [pool-1105-thread-1] INFO  server.RaftServerConfigKeys (ConfUtils.java:logGet(46)) - raft.server.log.force.sync.num = 128 (default)
2023-05-08 09:36:25,573 [pool-1105-thread-1] INFO  server.RaftServerConfigKeys (ConfUtils.java:logGet(46)) - raft.server.log.statemachine.data.sync = true (default)
2023-05-08 09:36:25,573 [pool-1105-thread-1] INFO  server.RaftServerConfigKeys (ConfUtils.java:logGet(46)) - raft.server.log.statemachine.data.sync.timeout = 10s (default)
2023-05-08 09:36:25,573 [pool-1105-thread-1] INFO  server.RaftServerConfigKeys (ConfUtils.java:logGet(46)) - raft.server.log.statemachine.data.sync.timeout.retry = -1 (default)
2023-05-08 09:36:25,573 [pool-1105-thread-1] INFO  server.RaftServerConfigKeys (ConfUtils.java:logGet(46)) - raft.server.log.write.buffer.size = 1048576 (custom)
2023-05-08 09:36:25,574 [pool-1105-thread-1] INFO  server.RaftServerConfigKeys (ConfUtils.java:logGet(46)) - raft.server.log.appender.buffer.byte-limit = 33554432 (custom)
2023-05-08 09:36:25,579 [pool-1105-thread-1] INFO  server.RaftServerConfigKeys (ConfUtils.java:logGet(46)) - raft.server.log.unsafe-flush.enabled = false (default)
2023-05-08 09:36:25,579 [pool-1105-thread-1] INFO  server.RaftServerConfigKeys (ConfUtils.java:logGet(46)) - raft.server.log.async-flush.enabled = false (default)
2023-05-08 09:36:25,579 [pool-1105-thread-1] INFO  server.RaftServerConfigKeys (ConfUtils.java:logGet(46)) - raft.server.log.statemachine.data.caching.enabled = true (custom)
2023-05-08 09:36:25,579 [pool-1105-thread-1] INFO  segmented.SegmentedRaftLogWorker (SegmentedRaftLogWorker.java:lambda$new$0(135)) - ca5d3c16-7565-4171-aee7-158c5cc4aa22@group-68B841171C69-SegmentedRaftLogWorker: flushIndex: setUnconditionally 0 -> -1
2023-05-08 09:36:25,579 [pool-1105-thread-1] INFO  segmented.SegmentedRaftLogWorker (SegmentedRaftLogWorker.java:lambda$new$0(135)) - ca5d3c16-7565-4171-aee7-158c5cc4aa22@group-68B841171C69-SegmentedRaftLogWorker: safeCacheEvictIndex: setUnconditionally 0 -> -1
2023-05-08 09:36:25,584 [pool-1105-thread-1] INFO  server.RaftServer$Division (RaftServerImpl.java:start(334)) - ca5d3c16-7565-4171-aee7-158c5cc4aa22@group-68B841171C69: start as a follower, conf=-1: peers:[5079cb12-7c0c-49ee-b9b9-b1ba79861d13|rpc:10.1.0.160:33913|dataStream:10.1.0.160:42539|priority:0|startupRole:FOLLOWER, 97ae9001-8f77-4e57-887b-8866c45c8853|rpc:10.1.0.160:43931|dataStream:10.1.0.160:46669|priority:0|startupRole:FOLLOWER, ca5d3c16-7565-4171-aee7-158c5cc4aa22|rpc:10.1.0.160:33865|dataStream:10.1.0.160:34241|priority:1|startupRole:FOLLOWER]|listeners:[], old=null
2023-05-08 09:36:25,584 [pool-1105-thread-1] INFO  server.RaftServer$Division (RaftServerImpl.java:setRole(321)) - ca5d3c16-7565-4171-aee7-158c5cc4aa22@group-68B841171C69: changes role from      null to FOLLOWER at term 0 for startAsFollower
2023-05-08 09:36:25,585 [pool-1105-thread-1] INFO  impl.RoleInfo (RoleInfo.java:updateAndGet(139)) - ca5d3c16-7565-4171-aee7-158c5cc4aa22: start ca5d3c16-7565-4171-aee7-158c5cc4aa22@group-68B841171C69-FollowerState
2023-05-08 09:36:25,585 [pool-1105-thread-1] INFO  util.JmxRegister (JmxRegister.java:tryRegister(44)) - Successfully registered JMX Bean with object name Ratis:service=RaftServer,group=group-68B841171C69,id=ca5d3c16-7565-4171-aee7-158c5cc4aa22
2023-05-08 09:36:25,585 [pool-1105-thread-1] INFO  server.RaftServerConfigKeys (ConfUtils.java:logGet(46)) - raft.server.snapshot.auto.trigger.enabled = true (custom)
2023-05-08 09:36:25,585 [pool-1105-thread-1] INFO  server.RaftServerConfigKeys (ConfUtils.java:logGet(46)) - raft.server.snapshot.auto.trigger.threshold = 10000 (custom)
2023-05-08 09:36:25,585 [pool-1105-thread-1] INFO  server.RaftServerConfigKeys (ConfUtils.java:logGet(46)) - raft.server.snapshot.retention.file.num = 5 (custom)
2023-05-08 09:36:25,585 [pool-1105-thread-1] INFO  server.RaftServerConfigKeys (ConfUtils.java:logGet(46)) - raft.server.log.purge.upto.snapshot.index = false (default)
2023-05-08 09:36:25,586 [ca5d3c16-7565-4171-aee7-158c5cc4aa22@group-68B841171C69-FollowerState] INFO  server.RaftServerConfigKeys (ConfUtils.java:logFallback(53)) - raft.server.rpc.first-election.timeout.min = 5s (fallback to raft.server.rpc.timeout.min)
2023-05-08 09:36:25,586 [ca5d3c16-7565-4171-aee7-158c5cc4aa22@group-68B841171C69-FollowerState] INFO  server.RaftServerConfigKeys (ConfUtils.java:logFallback(53)) - raft.server.rpc.first-election.timeout.max = 5200ms (fallback to raft.server.rpc.timeout.max)
2023-05-08 09:36:25,590 [Command processor thread] INFO  commandhandler.CreatePipelineCommandHandler (CreatePipelineCommandHandler.java:handle(113)) - Created Pipeline RATIS THREE PipelineID=5a59ef5e-1b6b-436b-9bc3-68b841171c69.
2023-05-08 09:36:25,591 [Command processor thread] INFO  server.RaftServer (RaftServerProxy.java:addNew(96)) - 97ae9001-8f77-4e57-887b-8866c45c8853: addNew group-D1052B0B398D:[5079cb12-7c0c-49ee-b9b9-b1ba79861d13|rpc:10.1.0.160:33913|dataStream:10.1.0.160:42539|priority:0|startupRole:FOLLOWER, 97ae9001-8f77-4e57-887b-8866c45c8853|rpc:10.1.0.160:43931|dataStream:10.1.0.160:46669|priority:1|startupRole:FOLLOWER, ca5d3c16-7565-4171-aee7-158c5cc4aa22|rpc:10.1.0.160:33865|dataStream:10.1.0.160:34241|priority:0|startupRole:FOLLOWER] returns group-D1052B0B398D:java.util.concurrent.CompletableFuture@3d680a0b[Not completed]
2023-05-08 09:36:25,593 [pool-1083-thread-1] INFO  server.RaftServer$Division (RaftServerImpl.java:<init>(195)) - 97ae9001-8f77-4e57-887b-8866c45c8853: new RaftServerImpl for group-D1052B0B398D:[5079cb12-7c0c-49ee-b9b9-b1ba79861d13|rpc:10.1.0.160:33913|dataStream:10.1.0.160:42539|priority:0|startupRole:FOLLOWER, 97ae9001-8f77-4e57-887b-8866c45c8853|rpc:10.1.0.160:43931|dataStream:10.1.0.160:46669|priority:1|startupRole:FOLLOWER, ca5d3c16-7565-4171-aee7-158c5cc4aa22|rpc:10.1.0.160:33865|dataStream:10.1.0.160:34241|priority:0|startupRole:FOLLOWER] with ContainerStateMachine:uninitialized
2023-05-08 09:36:25,593 [pool-1083-thread-1] INFO  server.RaftServerConfigKeys (ConfUtils.java:logGet(46)) - raft.server.rpc.timeout.min = 5s (custom)
2023-05-08 09:36:25,593 [pool-1083-thread-1] INFO  server.RaftServerConfigKeys (ConfUtils.java:logGet(46)) - raft.server.rpc.timeout.max = 5200ms (custom)
2023-05-08 09:36:25,593 [pool-1083-thread-1] INFO  server.RaftServerConfigKeys (ConfUtils.java:logGet(46)) - raft.server.rpc.sleep.time = 25ms (default)
2023-05-08 09:36:25,593 [pool-1083-thread-1] INFO  server.RaftServerConfigKeys (ConfUtils.java:logGet(46)) - raft.server.rpc.slowness.timeout = 300s (custom)
2023-05-08 09:36:25,593 [pool-1083-thread-1] INFO  server.RaftServerConfigKeys (ConfUtils.java:logGet(46)) - raft.server.leaderelection.leader.step-down.wait-time = 10s (default)
2023-05-08 09:36:25,593 [pool-1083-thread-1] INFO  server.RaftServerConfigKeys (ConfUtils.java:logGet(46)) - raft.server.sleep.deviation.threshold = 300ms (default)
2023-05-08 09:36:25,593 [pool-1083-thread-1] INFO  server.RaftServer$Division (ServerState.java:<init>(118)) - 97ae9001-8f77-4e57-887b-8866c45c8853@group-D1052B0B398D: ConfigurationManager, init=-1: peers:[5079cb12-7c0c-49ee-b9b9-b1ba79861d13|rpc:10.1.0.160:33913|dataStream:10.1.0.160:42539|priority:0|startupRole:FOLLOWER, 97ae9001-8f77-4e57-887b-8866c45c8853|rpc:10.1.0.160:43931|dataStream:10.1.0.160:46669|priority:1|startupRole:FOLLOWER, ca5d3c16-7565-4171-aee7-158c5cc4aa22|rpc:10.1.0.160:33865|dataStream:10.1.0.160:34241|priority:0|startupRole:FOLLOWER]|listeners:[], old=null, confs=<EMPTY_MAP>
2023-05-08 09:36:25,593 [pool-1083-thread-1] INFO  server.RaftServerConfigKeys (ConfUtils.java:logGet(46)) - raft.server.storage.dir = [/home/runner/work/ozone/ozone/hadoop-ozone/integration-test/target/test-dir/MiniOzoneClusterImpl-9c6e49ad-420a-4650-a022-25d129319acc/datanode-0/data/ratis] (custom)
2023-05-08 09:36:25,593 [pool-1083-thread-1] INFO  server.RaftServerConfigKeys (ConfUtils.java:logGet(46)) - raft.server.log.corruption.policy = EXCEPTION (default)
2023-05-08 09:36:25,593 [pool-1083-thread-1] INFO  server.RaftServerConfigKeys (ConfUtils.java:logGet(46)) - raft.server.storage.free-space.min = 0MB (=0) (default)
2023-05-08 09:36:25,593 [pool-1083-thread-1] INFO  server.RaftServerConfigKeys (ConfUtils.java:logGet(46)) - raft.server.notification.no-leader.timeout = 300s (custom)
2023-05-08 09:36:25,593 [pool-1083-thread-1] INFO  server.RaftServerConfigKeys (ConfUtils.java:logGet(46)) - raft.server.retrycache.expirytime = 600000ms (custom)
2023-05-08 09:36:25,593 [pool-1083-thread-1] INFO  server.RaftServerConfigKeys (ConfUtils.java:logGet(46)) - raft.server.retrycache.statistics.expirytime = 100μs (default)
2023-05-08 09:36:25,594 [pool-1083-thread-1] INFO  server.RaftServerConfigKeys (ConfUtils.java:logGet(46)) - raft.server.log.appender.install.snapshot.enabled = false (custom)
2023-05-08 09:36:25,594 [pool-1083-thread-1] INFO  server.RaftServerConfigKeys (ConfUtils.java:logGet(46)) - raft.server.threadpool.server.cached = true (default)
2023-05-08 09:36:25,594 [pool-1083-thread-1] INFO  server.RaftServerConfigKeys (ConfUtils.java:logGet(46)) - raft.server.threadpool.server.size = 0 (default)
2023-05-08 09:36:25,594 [pool-1083-thread-1] INFO  server.RaftServerConfigKeys (ConfUtils.java:logGet(46)) - raft.server.threadpool.client.cached = true (default)
2023-05-08 09:36:25,594 [pool-1083-thread-1] INFO  server.RaftServerConfigKeys (ConfUtils.java:logGet(46)) - raft.server.threadpool.client.size = 0 (default)
2023-05-08 09:36:25,594 [pool-1083-thread-1] INFO  storage.RaftStorageDirectory (RaftStorageDirectoryImpl.java:analyzeStorage(137)) - The storage directory /home/runner/work/ozone/ozone/hadoop-ozone/integration-test/target/test-dir/MiniOzoneClusterImpl-9c6e49ad-420a-4650-a022-25d129319acc/datanode-0/data/ratis/7d7e3fea-4320-4f3d-b9f2-d1052b0b398d does not exist. Creating ...
2023-05-08 09:36:25,595 [pool-1083-thread-1] INFO  storage.RaftStorageDirectory (RaftStorageDirectoryImpl.java:tryLock(231)) - Lock on /home/runner/work/ozone/ozone/hadoop-ozone/integration-test/target/test-dir/MiniOzoneClusterImpl-9c6e49ad-420a-4650-a022-25d129319acc/datanode-0/data/ratis/7d7e3fea-4320-4f3d-b9f2-d1052b0b398d/in_use.lock acquired by nodename 7572@fv-az96-539
2023-05-08 09:36:25,596 [pool-1083-thread-1] INFO  storage.RaftStorage (RaftStorageImpl.java:format(96)) - Storage directory /home/runner/work/ozone/ozone/hadoop-ozone/integration-test/target/test-dir/MiniOzoneClusterImpl-9c6e49ad-420a-4650-a022-25d129319acc/datanode-0/data/ratis/7d7e3fea-4320-4f3d-b9f2-d1052b0b398d has been successfully formatted.
2023-05-08 09:36:25,597 [pool-1083-thread-1] INFO  ratis.ContainerStateMachine (ContainerStateMachine.java:loadSnapshot(262)) - group-D1052B0B398D: The snapshot info is null. Setting the last applied indexto:(t:0, i:~)
2023-05-08 09:36:25,597 [pool-1083-thread-1] INFO  server.RaftServerConfigKeys (ConfUtils.java:logGet(46)) - raft.server.log.use.memory = false (default)
2023-05-08 09:36:25,597 [pool-1083-thread-1] INFO  server.RaftServerConfigKeys (ConfUtils.java:logGet(46)) - raft.server.log.purge.gap = 1000000 (custom)
2023-05-08 09:36:25,597 [pool-1083-thread-1] INFO  server.RaftServerConfigKeys (ConfUtils.java:logGet(46)) - raft.server.log.appender.buffer.byte-limit = 33554432 (custom)
2023-05-08 09:36:25,597 [pool-1083-thread-1] INFO  server.RaftServerConfigKeys (ConfUtils.java:logGet(46)) - raft.server.log.statemachine.data.read.timeout = 1000ms (default)
2023-05-08 09:36:25,597 [pool-1083-thread-1] INFO  server.RaftServerConfigKeys (ConfUtils.java:logGet(46)) - raft.server.log.purge.preservation.log.num = 0 (default)
2023-05-08 09:36:25,597 [EventQueue-OpenPipelineForHealthyPipelineSafeModeRule] INFO  safemode.SCMSafeModeManager (HealthyPipelineSafeModeRule.java:process(137)) - SCM in safe mode. Healthy pipelines reported count is 0, required healthy pipeline reported count is 1
2023-05-08 09:36:25,598 [pool-1083-thread-1] INFO  server.RaftServerConfigKeys (ConfUtils.java:logGet(46)) - raft.server.log.segment.size.max = 1048576 (custom)
2023-05-08 09:36:25,598 [pool-1083-thread-1] INFO  server.RaftServerConfigKeys (ConfUtils.java:logGet(46)) - raft.server.log.segment.cache.num.max = 2 (custom)
2023-05-08 09:36:25,598 [pool-1083-thread-1] INFO  server.RaftServerConfigKeys (ConfUtils.java:logGet(46)) - raft.server.log.segment.cache.size.max = 200MB (=209715200) (default)
2023-05-08 09:36:25,598 [pool-1083-thread-1] INFO  segmented.SegmentedRaftLogWorker (SegmentedRaftLogWorker.java:<init>(189)) - new 97ae9001-8f77-4e57-887b-8866c45c8853@group-D1052B0B398D-SegmentedRaftLogWorker for RaftStorageImpl:Storage Directory /home/runner/work/ozone/ozone/hadoop-ozone/integration-test/target/test-dir/MiniOzoneClusterImpl-9c6e49ad-420a-4650-a022-25d129319acc/datanode-0/data/ratis/7d7e3fea-4320-4f3d-b9f2-d1052b0b398d
2023-05-08 09:36:25,598 [pool-1083-thread-1] INFO  server.RaftServerConfigKeys (ConfUtils.java:logGet(46)) - raft.server.log.queue.byte-limit = 4294967296 (custom)
2023-05-08 09:36:25,598 [pool-1083-thread-1] INFO  server.RaftServerConfigKeys (ConfUtils.java:logGet(46)) - raft.server.log.queue.element-limit = 1024 (custom)
2023-05-08 09:36:25,598 [pool-1083-thread-1] INFO  server.RaftServerConfigKeys (ConfUtils.java:logGet(46)) - raft.server.log.segment.size.max = 1048576 (custom)
2023-05-08 09:36:25,598 [pool-1083-thread-1] INFO  server.RaftServerConfigKeys (ConfUtils.java:logGet(46)) - raft.server.log.preallocated.size = 16384 (custom)
2023-05-08 09:36:25,598 [pool-1083-thread-1] INFO  server.RaftServerConfigKeys (ConfUtils.java:logGet(46)) - raft.server.log.force.sync.num = 128 (default)
2023-05-08 09:36:25,598 [pool-1083-thread-1] INFO  server.RaftServerConfigKeys (ConfUtils.java:logGet(46)) - raft.server.log.statemachine.data.sync = true (default)
2023-05-08 09:36:25,598 [pool-1083-thread-1] INFO  server.RaftServerConfigKeys (ConfUtils.java:logGet(46)) - raft.server.log.statemachine.data.sync.timeout = 10s (default)
2023-05-08 09:36:25,598 [pool-1083-thread-1] INFO  server.RaftServerConfigKeys (ConfUtils.java:logGet(46)) - raft.server.log.statemachine.data.sync.timeout.retry = -1 (default)
2023-05-08 09:36:25,599 [pool-1083-thread-1] INFO  server.RaftServerConfigKeys (ConfUtils.java:logGet(46)) - raft.server.log.write.buffer.size = 1048576 (custom)
2023-05-08 09:36:25,599 [pool-1083-thread-1] INFO  server.RaftServerConfigKeys (ConfUtils.java:logGet(46)) - raft.server.log.appender.buffer.byte-limit = 33554432 (custom)
2023-05-08 09:36:25,607 [pool-1083-thread-1] INFO  server.RaftServerConfigKeys (ConfUtils.java:logGet(46)) - raft.server.log.unsafe-flush.enabled = false (default)
2023-05-08 09:36:25,607 [pool-1083-thread-1] INFO  server.RaftServerConfigKeys (ConfUtils.java:logGet(46)) - raft.server.log.async-flush.enabled = false (default)
2023-05-08 09:36:25,607 [pool-1083-thread-1] INFO  server.RaftServerConfigKeys (ConfUtils.java:logGet(46)) - raft.server.log.statemachine.data.caching.enabled = true (custom)
2023-05-08 09:36:25,607 [pool-1083-thread-1] INFO  segmented.SegmentedRaftLogWorker (SegmentedRaftLogWorker.java:lambda$new$0(135)) - 97ae9001-8f77-4e57-887b-8866c45c8853@group-D1052B0B398D-SegmentedRaftLogWorker: flushIndex: setUnconditionally 0 -> -1
2023-05-08 09:36:25,607 [pool-1083-thread-1] INFO  segmented.SegmentedRaftLogWorker (SegmentedRaftLogWorker.java:lambda$new$0(135)) - 97ae9001-8f77-4e57-887b-8866c45c8853@group-D1052B0B398D-SegmentedRaftLogWorker: safeCacheEvictIndex: setUnconditionally 0 -> -1
2023-05-08 09:36:25,607 [pool-1083-thread-1] INFO  server.RaftServer$Division (RaftServerImpl.java:start(334)) - 97ae9001-8f77-4e57-887b-8866c45c8853@group-D1052B0B398D: start as a follower, conf=-1: peers:[5079cb12-7c0c-49ee-b9b9-b1ba79861d13|rpc:10.1.0.160:33913|dataStream:10.1.0.160:42539|priority:0|startupRole:FOLLOWER, 97ae9001-8f77-4e57-887b-8866c45c8853|rpc:10.1.0.160:43931|dataStream:10.1.0.160:46669|priority:1|startupRole:FOLLOWER, ca5d3c16-7565-4171-aee7-158c5cc4aa22|rpc:10.1.0.160:33865|dataStream:10.1.0.160:34241|priority:0|startupRole:FOLLOWER]|listeners:[], old=null
2023-05-08 09:36:25,607 [pool-1083-thread-1] INFO  server.RaftServer$Division (RaftServerImpl.java:setRole(321)) - 97ae9001-8f77-4e57-887b-8866c45c8853@group-D1052B0B398D: changes role from      null to FOLLOWER at term 0 for startAsFollower
2023-05-08 09:36:25,607 [pool-1083-thread-1] INFO  impl.RoleInfo (RoleInfo.java:updateAndGet(139)) - 97ae9001-8f77-4e57-887b-8866c45c8853: start 97ae9001-8f77-4e57-887b-8866c45c8853@group-D1052B0B398D-FollowerState
2023-05-08 09:36:25,607 [pool-1083-thread-1] INFO  util.JmxRegister (JmxRegister.java:tryRegister(44)) - Successfully registered JMX Bean with object name Ratis:service=RaftServer,group=group-D1052B0B398D,id=97ae9001-8f77-4e57-887b-8866c45c8853
2023-05-08 09:36:25,608 [pool-1083-thread-1] INFO  server.RaftServerConfigKeys (ConfUtils.java:logGet(46)) - raft.server.snapshot.auto.trigger.enabled = true (custom)
2023-05-08 09:36:25,608 [pool-1083-thread-1] INFO  server.RaftServerConfigKeys (ConfUtils.java:logGet(46)) - raft.server.snapshot.auto.trigger.threshold = 10000 (custom)
2023-05-08 09:36:25,608 [pool-1083-thread-1] INFO  server.RaftServerConfigKeys (ConfUtils.java:logGet(46)) - raft.server.snapshot.retention.file.num = 5 (custom)
2023-05-08 09:36:25,608 [pool-1083-thread-1] INFO  server.RaftServerConfigKeys (ConfUtils.java:logGet(46)) - raft.server.log.purge.upto.snapshot.index = false (default)
2023-05-08 09:36:25,608 [Command processor thread] INFO  ratis.XceiverServerRatis (XceiverServerRatis.java:addGroup(806)) - Created group PipelineID=7d7e3fea-4320-4f3d-b9f2-d1052b0b398d
2023-05-08 09:36:25,608 [97ae9001-8f77-4e57-887b-8866c45c8853@group-D1052B0B398D-FollowerState] INFO  server.RaftServerConfigKeys (ConfUtils.java:logFallback(53)) - raft.server.rpc.first-election.timeout.min = 5s (fallback to raft.server.rpc.timeout.min)
2023-05-08 09:36:25,608 [97ae9001-8f77-4e57-887b-8866c45c8853@group-D1052B0B398D-FollowerState] INFO  server.RaftServerConfigKeys (ConfUtils.java:logFallback(53)) - raft.server.rpc.first-election.timeout.max = 5200ms (fallback to raft.server.rpc.timeout.max)
2023-05-08 09:36:25,618 [grpc-default-executor-0] INFO  server.RaftServer (RaftServerProxy.java:addNew(96)) - ca5d3c16-7565-4171-aee7-158c5cc4aa22: addNew group-D1052B0B398D:[5079cb12-7c0c-49ee-b9b9-b1ba79861d13|rpc:10.1.0.160:33913|dataStream:10.1.0.160:42539|priority:0|startupRole:FOLLOWER, 97ae9001-8f77-4e57-887b-8866c45c8853|rpc:10.1.0.160:43931|dataStream:10.1.0.160:46669|priority:1|startupRole:FOLLOWER, ca5d3c16-7565-4171-aee7-158c5cc4aa22|rpc:10.1.0.160:33865|dataStream:10.1.0.160:34241|priority:0|startupRole:FOLLOWER] returns group-D1052B0B398D:java.util.concurrent.CompletableFuture@6111b8d6[Not completed]
2023-05-08 09:36:25,619 [pool-1105-thread-1] INFO  server.RaftServer$Division (RaftServerImpl.java:<init>(195)) - ca5d3c16-7565-4171-aee7-158c5cc4aa22: new RaftServerImpl for group-D1052B0B398D:[5079cb12-7c0c-49ee-b9b9-b1ba79861d13|rpc:10.1.0.160:33913|dataStream:10.1.0.160:42539|priority:0|startupRole:FOLLOWER, 97ae9001-8f77-4e57-887b-8866c45c8853|rpc:10.1.0.160:43931|dataStream:10.1.0.160:46669|priority:1|startupRole:FOLLOWER, ca5d3c16-7565-4171-aee7-158c5cc4aa22|rpc:10.1.0.160:33865|dataStream:10.1.0.160:34241|priority:0|startupRole:FOLLOWER] with ContainerStateMachine:uninitialized
2023-05-08 09:36:25,619 [pool-1105-thread-1] INFO  server.RaftServerConfigKeys (ConfUtils.java:logGet(46)) - raft.server.rpc.timeout.min = 5s (custom)
2023-05-08 09:36:25,619 [pool-1105-thread-1] INFO  server.RaftServerConfigKeys (ConfUtils.java:logGet(46)) - raft.server.rpc.timeout.max = 5200ms (custom)
2023-05-08 09:36:25,619 [pool-1105-thread-1] INFO  server.RaftServerConfigKeys (ConfUtils.java:logGet(46)) - raft.server.rpc.sleep.time = 25ms (default)
2023-05-08 09:36:25,619 [pool-1105-thread-1] INFO  server.RaftServerConfigKeys (ConfUtils.java:logGet(46)) - raft.server.rpc.slowness.timeout = 300s (custom)
2023-05-08 09:36:25,619 [pool-1105-thread-1] INFO  server.RaftServerConfigKeys (ConfUtils.java:logGet(46)) - raft.server.leaderelection.leader.step-down.wait-time = 10s (default)
2023-05-08 09:36:25,619 [pool-1105-thread-1] INFO  server.RaftServerConfigKeys (ConfUtils.java:logGet(46)) - raft.server.sleep.deviation.threshold = 300ms (default)
2023-05-08 09:36:25,619 [pool-1105-thread-1] INFO  server.RaftServer$Division (ServerState.java:<init>(118)) - ca5d3c16-7565-4171-aee7-158c5cc4aa22@group-D1052B0B398D: ConfigurationManager, init=-1: peers:[5079cb12-7c0c-49ee-b9b9-b1ba79861d13|rpc:10.1.0.160:33913|dataStream:10.1.0.160:42539|priority:0|startupRole:FOLLOWER, 97ae9001-8f77-4e57-887b-8866c45c8853|rpc:10.1.0.160:43931|dataStream:10.1.0.160:46669|priority:1|startupRole:FOLLOWER, ca5d3c16-7565-4171-aee7-158c5cc4aa22|rpc:10.1.0.160:33865|dataStream:10.1.0.160:34241|priority:0|startupRole:FOLLOWER]|listeners:[], old=null, confs=<EMPTY_MAP>
2023-05-08 09:36:25,619 [pool-1105-thread-1] INFO  server.RaftServerConfigKeys (ConfUtils.java:logGet(46)) - raft.server.storage.dir = [/home/runner/work/ozone/ozone/hadoop-ozone/integration-test/target/test-dir/MiniOzoneClusterImpl-9c6e49ad-420a-4650-a022-25d129319acc/datanode-1/data/ratis] (custom)
2023-05-08 09:36:25,619 [pool-1105-thread-1] INFO  server.RaftServerConfigKeys (ConfUtils.java:logGet(46)) - raft.server.log.corruption.policy = EXCEPTION (default)
2023-05-08 09:36:25,619 [pool-1105-thread-1] INFO  server.RaftServerConfigKeys (ConfUtils.java:logGet(46)) - raft.server.storage.free-space.min = 0MB (=0) (default)
2023-05-08 09:36:25,619 [pool-1105-thread-1] INFO  server.RaftServerConfigKeys (ConfUtils.java:logGet(46)) - raft.server.notification.no-leader.timeout = 300s (custom)
2023-05-08 09:36:25,619 [pool-1105-thread-1] INFO  server.RaftServerConfigKeys (ConfUtils.java:logGet(46)) - raft.server.retrycache.expirytime = 600000ms (custom)
2023-05-08 09:36:25,619 [pool-1105-thread-1] INFO  server.RaftServerConfigKeys (ConfUtils.java:logGet(46)) - raft.server.retrycache.statistics.expirytime = 100μs (default)
2023-05-08 09:36:25,620 [pool-1105-thread-1] INFO  server.RaftServerConfigKeys (ConfUtils.java:logGet(46)) - raft.server.log.appender.install.snapshot.enabled = false (custom)
2023-05-08 09:36:25,620 [pool-1105-thread-1] INFO  server.RaftServerConfigKeys (ConfUtils.java:logGet(46)) - raft.server.threadpool.server.cached = true (default)
2023-05-08 09:36:25,620 [pool-1105-thread-1] INFO  server.RaftServerConfigKeys (ConfUtils.java:logGet(46)) - raft.server.threadpool.server.size = 0 (default)
2023-05-08 09:36:25,621 [pool-1105-thread-1] INFO  server.RaftServerConfigKeys (ConfUtils.java:logGet(46)) - raft.server.threadpool.client.cached = true (default)
2023-05-08 09:36:25,621 [pool-1105-thread-1] INFO  server.RaftServerConfigKeys (ConfUtils.java:logGet(46)) - raft.server.threadpool.client.size = 0 (default)
2023-05-08 09:36:25,621 [pool-1105-thread-1] INFO  storage.RaftStorageDirectory (RaftStorageDirectoryImpl.java:analyzeStorage(137)) - The storage directory /home/runner/work/ozone/ozone/hadoop-ozone/integration-test/target/test-dir/MiniOzoneClusterImpl-9c6e49ad-420a-4650-a022-25d129319acc/datanode-1/data/ratis/7d7e3fea-4320-4f3d-b9f2-d1052b0b398d does not exist. Creating ...
2023-05-08 09:36:25,626 [pool-1105-thread-1] INFO  storage.RaftStorageDirectory (RaftStorageDirectoryImpl.java:tryLock(231)) - Lock on /home/runner/work/ozone/ozone/hadoop-ozone/integration-test/target/test-dir/MiniOzoneClusterImpl-9c6e49ad-420a-4650-a022-25d129319acc/datanode-1/data/ratis/7d7e3fea-4320-4f3d-b9f2-d1052b0b398d/in_use.lock acquired by nodename 7572@fv-az96-539
2023-05-08 09:36:25,627 [pool-1105-thread-1] INFO  storage.RaftStorage (RaftStorageImpl.java:format(96)) - Storage directory /home/runner/work/ozone/ozone/hadoop-ozone/integration-test/target/test-dir/MiniOzoneClusterImpl-9c6e49ad-420a-4650-a022-25d129319acc/datanode-1/data/ratis/7d7e3fea-4320-4f3d-b9f2-d1052b0b398d has been successfully formatted.
2023-05-08 09:36:25,627 [pool-1105-thread-1] INFO  ratis.ContainerStateMachine (ContainerStateMachine.java:loadSnapshot(262)) - group-D1052B0B398D: The snapshot info is null. Setting the last applied indexto:(t:0, i:~)
2023-05-08 09:36:25,627 [pool-1105-thread-1] INFO  server.RaftServerConfigKeys (ConfUtils.java:logGet(46)) - raft.server.log.use.memory = false (default)
2023-05-08 09:36:25,628 [pool-1105-thread-1] INFO  server.RaftServerConfigKeys (ConfUtils.java:logGet(46)) - raft.server.log.purge.gap = 1000000 (custom)
2023-05-08 09:36:25,628 [pool-1105-thread-1] INFO  server.RaftServerConfigKeys (ConfUtils.java:logGet(46)) - raft.server.log.appender.buffer.byte-limit = 33554432 (custom)
2023-05-08 09:36:25,628 [pool-1105-thread-1] INFO  server.RaftServerConfigKeys (ConfUtils.java:logGet(46)) - raft.server.log.statemachine.data.read.timeout = 1000ms (default)
2023-05-08 09:36:25,628 [pool-1105-thread-1] INFO  server.RaftServerConfigKeys (ConfUtils.java:logGet(46)) - raft.server.log.purge.preservation.log.num = 0 (default)
2023-05-08 09:36:25,628 [pool-1105-thread-1] INFO  server.RaftServerConfigKeys (ConfUtils.java:logGet(46)) - raft.server.log.segment.size.max = 1048576 (custom)
2023-05-08 09:36:25,628 [pool-1105-thread-1] INFO  server.RaftServerConfigKeys (ConfUtils.java:logGet(46)) - raft.server.log.segment.cache.num.max = 2 (custom)
2023-05-08 09:36:25,628 [pool-1105-thread-1] INFO  server.RaftServerConfigKeys (ConfUtils.java:logGet(46)) - raft.server.log.segment.cache.size.max = 200MB (=209715200) (default)
2023-05-08 09:36:25,628 [pool-1105-thread-1] INFO  segmented.SegmentedRaftLogWorker (SegmentedRaftLogWorker.java:<init>(189)) - new ca5d3c16-7565-4171-aee7-158c5cc4aa22@group-D1052B0B398D-SegmentedRaftLogWorker for RaftStorageImpl:Storage Directory /home/runner/work/ozone/ozone/hadoop-ozone/integration-test/target/test-dir/MiniOzoneClusterImpl-9c6e49ad-420a-4650-a022-25d129319acc/datanode-1/data/ratis/7d7e3fea-4320-4f3d-b9f2-d1052b0b398d
2023-05-08 09:36:25,628 [pool-1105-thread-1] INFO  server.RaftServerConfigKeys (ConfUtils.java:logGet(46)) - raft.server.log.queue.byte-limit = 4294967296 (custom)
2023-05-08 09:36:25,628 [pool-1105-thread-1] INFO  server.RaftServerConfigKeys (ConfUtils.java:logGet(46)) - raft.server.log.queue.element-limit = 1024 (custom)
2023-05-08 09:36:25,628 [pool-1105-thread-1] INFO  server.RaftServerConfigKeys (ConfUtils.java:logGet(46)) - raft.server.log.segment.size.max = 1048576 (custom)
2023-05-08 09:36:25,628 [pool-1105-thread-1] INFO  server.RaftServerConfigKeys (ConfUtils.java:logGet(46)) - raft.server.log.preallocated.size = 16384 (custom)
2023-05-08 09:36:25,628 [pool-1105-thread-1] INFO  server.RaftServerConfigKeys (ConfUtils.java:logGet(46)) - raft.server.log.force.sync.num = 128 (default)
2023-05-08 09:36:25,629 [pool-1105-thread-1] INFO  server.RaftServerConfigKeys (ConfUtils.java:logGet(46)) - raft.server.log.statemachine.data.sync = true (default)
2023-05-08 09:36:25,629 [pool-1105-thread-1] INFO  server.RaftServerConfigKeys (ConfUtils.java:logGet(46)) - raft.server.log.statemachine.data.sync.timeout = 10s (default)
2023-05-08 09:36:25,629 [pool-1105-thread-1] INFO  server.RaftServerConfigKeys (ConfUtils.java:logGet(46)) - raft.server.log.statemachine.data.sync.timeout.retry = -1 (default)
2023-05-08 09:36:25,629 [pool-1105-thread-1] INFO  server.RaftServerConfigKeys (ConfUtils.java:logGet(46)) - raft.server.log.write.buffer.size = 1048576 (custom)
2023-05-08 09:36:25,630 [pool-1105-thread-1] INFO  server.RaftServerConfigKeys (ConfUtils.java:logGet(46)) - raft.server.log.appender.buffer.byte-limit = 33554432 (custom)
2023-05-08 09:36:25,635 [pool-1105-thread-1] INFO  server.RaftServerConfigKeys (ConfUtils.java:logGet(46)) - raft.server.log.unsafe-flush.enabled = false (default)
2023-05-08 09:36:25,635 [pool-1105-thread-1] INFO  server.RaftServerConfigKeys (ConfUtils.java:logGet(46)) - raft.server.log.async-flush.enabled = false (default)
2023-05-08 09:36:25,635 [pool-1105-thread-1] INFO  server.RaftServerConfigKeys (ConfUtils.java:logGet(46)) - raft.server.log.statemachine.data.caching.enabled = true (custom)
2023-05-08 09:36:25,635 [pool-1105-thread-1] INFO  segmented.SegmentedRaftLogWorker (SegmentedRaftLogWorker.java:lambda$new$0(135)) - ca5d3c16-7565-4171-aee7-158c5cc4aa22@group-D1052B0B398D-SegmentedRaftLogWorker: flushIndex: setUnconditionally 0 -> -1
2023-05-08 09:36:25,635 [pool-1105-thread-1] INFO  segmented.SegmentedRaftLogWorker (SegmentedRaftLogWorker.java:lambda$new$0(135)) - ca5d3c16-7565-4171-aee7-158c5cc4aa22@group-D1052B0B398D-SegmentedRaftLogWorker: safeCacheEvictIndex: setUnconditionally 0 -> -1
2023-05-08 09:36:25,636 [pool-1105-thread-1] INFO  server.RaftServer$Division (RaftServerImpl.java:start(334)) - ca5d3c16-7565-4171-aee7-158c5cc4aa22@group-D1052B0B398D: start as a follower, conf=-1: peers:[5079cb12-7c0c-49ee-b9b9-b1ba79861d13|rpc:10.1.0.160:33913|dataStream:10.1.0.160:42539|priority:0|startupRole:FOLLOWER, 97ae9001-8f77-4e57-887b-8866c45c8853|rpc:10.1.0.160:43931|dataStream:10.1.0.160:46669|priority:1|startupRole:FOLLOWER, ca5d3c16-7565-4171-aee7-158c5cc4aa22|rpc:10.1.0.160:33865|dataStream:10.1.0.160:34241|priority:0|startupRole:FOLLOWER]|listeners:[], old=null
2023-05-08 09:36:25,636 [pool-1105-thread-1] INFO  server.RaftServer$Division (RaftServerImpl.java:setRole(321)) - ca5d3c16-7565-4171-aee7-158c5cc4aa22@group-D1052B0B398D: changes role from      null to FOLLOWER at term 0 for startAsFollower
2023-05-08 09:36:25,636 [pool-1105-thread-1] INFO  impl.RoleInfo (RoleInfo.java:updateAndGet(139)) - ca5d3c16-7565-4171-aee7-158c5cc4aa22: start ca5d3c16-7565-4171-aee7-158c5cc4aa22@group-D1052B0B398D-FollowerState
2023-05-08 09:36:25,638 [pool-1105-thread-1] INFO  util.JmxRegister (JmxRegister.java:tryRegister(44)) - Successfully registered JMX Bean with object name Ratis:service=RaftServer,group=group-D1052B0B398D,id=ca5d3c16-7565-4171-aee7-158c5cc4aa22
2023-05-08 09:36:25,638 [ca5d3c16-7565-4171-aee7-158c5cc4aa22@group-D1052B0B398D-FollowerState] INFO  server.RaftServerConfigKeys (ConfUtils.java:logFallback(53)) - raft.server.rpc.first-election.timeout.min = 5s (fallback to raft.server.rpc.timeout.min)
2023-05-08 09:36:25,638 [pool-1105-thread-1] INFO  server.RaftServerConfigKeys (ConfUtils.java:logGet(46)) - raft.server.snapshot.auto.trigger.enabled = true (custom)
2023-05-08 09:36:25,638 [ca5d3c16-7565-4171-aee7-158c5cc4aa22@group-D1052B0B398D-FollowerState] INFO  server.RaftServerConfigKeys (ConfUtils.java:logFallback(53)) - raft.server.rpc.first-election.timeout.max = 5200ms (fallback to raft.server.rpc.timeout.max)
2023-05-08 09:36:25,638 [pool-1105-thread-1] INFO  server.RaftServerConfigKeys (ConfUtils.java:logGet(46)) - raft.server.snapshot.auto.trigger.threshold = 10000 (custom)
2023-05-08 09:36:25,638 [pool-1105-thread-1] INFO  server.RaftServerConfigKeys (ConfUtils.java:logGet(46)) - raft.server.snapshot.retention.file.num = 5 (custom)
2023-05-08 09:36:25,638 [pool-1105-thread-1] INFO  server.RaftServerConfigKeys (ConfUtils.java:logGet(46)) - raft.server.log.purge.upto.snapshot.index = false (default)
2023-05-08 09:36:25,649 [grpc-default-executor-0] INFO  server.RaftServer (RaftServerProxy.java:addNew(96)) - 5079cb12-7c0c-49ee-b9b9-b1ba79861d13: addNew group-D1052B0B398D:[5079cb12-7c0c-49ee-b9b9-b1ba79861d13|rpc:10.1.0.160:33913|dataStream:10.1.0.160:42539|priority:0|startupRole:FOLLOWER, 97ae9001-8f77-4e57-887b-8866c45c8853|rpc:10.1.0.160:43931|dataStream:10.1.0.160:46669|priority:1|startupRole:FOLLOWER, ca5d3c16-7565-4171-aee7-158c5cc4aa22|rpc:10.1.0.160:33865|dataStream:10.1.0.160:34241|priority:0|startupRole:FOLLOWER] returns group-D1052B0B398D:java.util.concurrent.CompletableFuture@3aec6d9e[Not completed]
2023-05-08 09:36:25,650 [pool-1127-thread-1] INFO  server.RaftServer$Division (RaftServerImpl.java:<init>(195)) - 5079cb12-7c0c-49ee-b9b9-b1ba79861d13: new RaftServerImpl for group-D1052B0B398D:[5079cb12-7c0c-49ee-b9b9-b1ba79861d13|rpc:10.1.0.160:33913|dataStream:10.1.0.160:42539|priority:0|startupRole:FOLLOWER, 97ae9001-8f77-4e57-887b-8866c45c8853|rpc:10.1.0.160:43931|dataStream:10.1.0.160:46669|priority:1|startupRole:FOLLOWER, ca5d3c16-7565-4171-aee7-158c5cc4aa22|rpc:10.1.0.160:33865|dataStream:10.1.0.160:34241|priority:0|startupRole:FOLLOWER] with ContainerStateMachine:uninitialized
2023-05-08 09:36:25,650 [pool-1127-thread-1] INFO  server.RaftServerConfigKeys (ConfUtils.java:logGet(46)) - raft.server.rpc.timeout.min = 5s (custom)
2023-05-08 09:36:25,650 [pool-1127-thread-1] INFO  server.RaftServerConfigKeys (ConfUtils.java:logGet(46)) - raft.server.rpc.timeout.max = 5200ms (custom)
2023-05-08 09:36:25,650 [pool-1127-thread-1] INFO  server.RaftServerConfigKeys (ConfUtils.java:logGet(46)) - raft.server.rpc.sleep.time = 25ms (default)
2023-05-08 09:36:25,650 [pool-1127-thread-1] INFO  server.RaftServerConfigKeys (ConfUtils.java:logGet(46)) - raft.server.rpc.slowness.timeout = 300s (custom)
2023-05-08 09:36:25,650 [pool-1127-thread-1] INFO  server.RaftServerConfigKeys (ConfUtils.java:logGet(46)) - raft.server.leaderelection.leader.step-down.wait-time = 10s (default)
2023-05-08 09:36:25,650 [pool-1127-thread-1] INFO  server.RaftServerConfigKeys (ConfUtils.java:logGet(46)) - raft.server.sleep.deviation.threshold = 300ms (default)
2023-05-08 09:36:25,650 [pool-1127-thread-1] INFO  server.RaftServer$Division (ServerState.java:<init>(118)) - 5079cb12-7c0c-49ee-b9b9-b1ba79861d13@group-D1052B0B398D: ConfigurationManager, init=-1: peers:[5079cb12-7c0c-49ee-b9b9-b1ba79861d13|rpc:10.1.0.160:33913|dataStream:10.1.0.160:42539|priority:0|startupRole:FOLLOWER, 97ae9001-8f77-4e57-887b-8866c45c8853|rpc:10.1.0.160:43931|dataStream:10.1.0.160:46669|priority:1|startupRole:FOLLOWER, ca5d3c16-7565-4171-aee7-158c5cc4aa22|rpc:10.1.0.160:33865|dataStream:10.1.0.160:34241|priority:0|startupRole:FOLLOWER]|listeners:[], old=null, confs=<EMPTY_MAP>
2023-05-08 09:36:25,650 [pool-1127-thread-1] INFO  server.RaftServerConfigKeys (ConfUtils.java:logGet(46)) - raft.server.storage.dir = [/home/runner/work/ozone/ozone/hadoop-ozone/integration-test/target/test-dir/MiniOzoneClusterImpl-9c6e49ad-420a-4650-a022-25d129319acc/datanode-2/data/ratis] (custom)
2023-05-08 09:36:25,650 [pool-1127-thread-1] INFO  server.RaftServerConfigKeys (ConfUtils.java:logGet(46)) - raft.server.log.corruption.policy = EXCEPTION (default)
2023-05-08 09:36:25,650 [pool-1127-thread-1] INFO  server.RaftServerConfigKeys (ConfUtils.java:logGet(46)) - raft.server.storage.free-space.min = 0MB (=0) (default)
2023-05-08 09:36:25,650 [pool-1127-thread-1] INFO  server.RaftServerConfigKeys (ConfUtils.java:logGet(46)) - raft.server.notification.no-leader.timeout = 300s (custom)
2023-05-08 09:36:25,650 [pool-1127-thread-1] INFO  server.RaftServerConfigKeys (ConfUtils.java:logGet(46)) - raft.server.retrycache.expirytime = 600000ms (custom)
2023-05-08 09:36:25,650 [pool-1127-thread-1] INFO  server.RaftServerConfigKeys (ConfUtils.java:logGet(46)) - raft.server.retrycache.statistics.expirytime = 100μs (default)
2023-05-08 09:36:25,651 [pool-1127-thread-1] INFO  server.RaftServerConfigKeys (ConfUtils.java:logGet(46)) - raft.server.log.appender.install.snapshot.enabled = false (custom)
2023-05-08 09:36:25,651 [pool-1127-thread-1] INFO  server.RaftServerConfigKeys (ConfUtils.java:logGet(46)) - raft.server.threadpool.server.cached = true (default)
2023-05-08 09:36:25,651 [pool-1127-thread-1] INFO  server.RaftServerConfigKeys (ConfUtils.java:logGet(46)) - raft.server.threadpool.server.size = 0 (default)
2023-05-08 09:36:25,651 [pool-1127-thread-1] INFO  server.RaftServerConfigKeys (ConfUtils.java:logGet(46)) - raft.server.threadpool.client.cached = true (default)
2023-05-08 09:36:25,651 [pool-1127-thread-1] INFO  server.RaftServerConfigKeys (ConfUtils.java:logGet(46)) - raft.server.threadpool.client.size = 0 (default)
2023-05-08 09:36:25,651 [pool-1127-thread-1] INFO  storage.RaftStorageDirectory (RaftStorageDirectoryImpl.java:analyzeStorage(137)) - The storage directory /home/runner/work/ozone/ozone/hadoop-ozone/integration-test/target/test-dir/MiniOzoneClusterImpl-9c6e49ad-420a-4650-a022-25d129319acc/datanode-2/data/ratis/7d7e3fea-4320-4f3d-b9f2-d1052b0b398d does not exist. Creating ...
2023-05-08 09:36:25,653 [pool-1127-thread-1] INFO  storage.RaftStorageDirectory (RaftStorageDirectoryImpl.java:tryLock(231)) - Lock on /home/runner/work/ozone/ozone/hadoop-ozone/integration-test/target/test-dir/MiniOzoneClusterImpl-9c6e49ad-420a-4650-a022-25d129319acc/datanode-2/data/ratis/7d7e3fea-4320-4f3d-b9f2-d1052b0b398d/in_use.lock acquired by nodename 7572@fv-az96-539
2023-05-08 09:36:25,655 [pool-1127-thread-1] INFO  storage.RaftStorage (RaftStorageImpl.java:format(96)) - Storage directory /home/runner/work/ozone/ozone/hadoop-ozone/integration-test/target/test-dir/MiniOzoneClusterImpl-9c6e49ad-420a-4650-a022-25d129319acc/datanode-2/data/ratis/7d7e3fea-4320-4f3d-b9f2-d1052b0b398d has been successfully formatted.
2023-05-08 09:36:25,655 [pool-1127-thread-1] INFO  ratis.ContainerStateMachine (ContainerStateMachine.java:loadSnapshot(262)) - group-D1052B0B398D: The snapshot info is null. Setting the last applied indexto:(t:0, i:~)
2023-05-08 09:36:25,655 [pool-1127-thread-1] INFO  server.RaftServerConfigKeys (ConfUtils.java:logGet(46)) - raft.server.log.use.memory = false (default)
2023-05-08 09:36:25,655 [pool-1127-thread-1] INFO  server.RaftServerConfigKeys (ConfUtils.java:logGet(46)) - raft.server.log.purge.gap = 1000000 (custom)
2023-05-08 09:36:25,655 [pool-1127-thread-1] INFO  server.RaftServerConfigKeys (ConfUtils.java:logGet(46)) - raft.server.log.appender.buffer.byte-limit = 33554432 (custom)
2023-05-08 09:36:25,656 [pool-1127-thread-1] INFO  server.RaftServerConfigKeys (ConfUtils.java:logGet(46)) - raft.server.log.statemachine.data.read.timeout = 1000ms (default)
2023-05-08 09:36:25,656 [pool-1127-thread-1] INFO  server.RaftServerConfigKeys (ConfUtils.java:logGet(46)) - raft.server.log.purge.preservation.log.num = 0 (default)
2023-05-08 09:36:25,656 [pool-1127-thread-1] INFO  server.RaftServerConfigKeys (ConfUtils.java:logGet(46)) - raft.server.log.segment.size.max = 1048576 (custom)
2023-05-08 09:36:25,656 [pool-1127-thread-1] INFO  server.RaftServerConfigKeys (ConfUtils.java:logGet(46)) - raft.server.log.segment.cache.num.max = 2 (custom)
2023-05-08 09:36:25,656 [pool-1127-thread-1] INFO  server.RaftServerConfigKeys (ConfUtils.java:logGet(46)) - raft.server.log.segment.cache.size.max = 200MB (=209715200) (default)
2023-05-08 09:36:25,656 [pool-1127-thread-1] INFO  segmented.SegmentedRaftLogWorker (SegmentedRaftLogWorker.java:<init>(189)) - new 5079cb12-7c0c-49ee-b9b9-b1ba79861d13@group-D1052B0B398D-SegmentedRaftLogWorker for RaftStorageImpl:Storage Directory /home/runner/work/ozone/ozone/hadoop-ozone/integration-test/target/test-dir/MiniOzoneClusterImpl-9c6e49ad-420a-4650-a022-25d129319acc/datanode-2/data/ratis/7d7e3fea-4320-4f3d-b9f2-d1052b0b398d
2023-05-08 09:36:25,656 [pool-1127-thread-1] INFO  server.RaftServerConfigKeys (ConfUtils.java:logGet(46)) - raft.server.log.queue.byte-limit = 4294967296 (custom)
2023-05-08 09:36:25,656 [pool-1127-thread-1] INFO  server.RaftServerConfigKeys (ConfUtils.java:logGet(46)) - raft.server.log.queue.element-limit = 1024 (custom)
2023-05-08 09:36:25,656 [pool-1127-thread-1] INFO  server.RaftServerConfigKeys (ConfUtils.java:logGet(46)) - raft.server.log.segment.size.max = 1048576 (custom)
2023-05-08 09:36:25,656 [pool-1127-thread-1] INFO  server.RaftServerConfigKeys (ConfUtils.java:logGet(46)) - raft.server.log.preallocated.size = 16384 (custom)
2023-05-08 09:36:25,656 [pool-1127-thread-1] INFO  server.RaftServerConfigKeys (ConfUtils.java:logGet(46)) - raft.server.log.force.sync.num = 128 (default)
2023-05-08 09:36:25,656 [pool-1127-thread-1] INFO  server.RaftServerConfigKeys (ConfUtils.java:logGet(46)) - raft.server.log.statemachine.data.sync = true (default)
2023-05-08 09:36:25,656 [pool-1127-thread-1] INFO  server.RaftServerConfigKeys (ConfUtils.java:logGet(46)) - raft.server.log.statemachine.data.sync.timeout = 10s (default)
2023-05-08 09:36:25,656 [pool-1127-thread-1] INFO  server.RaftServerConfigKeys (ConfUtils.java:logGet(46)) - raft.server.log.statemachine.data.sync.timeout.retry = -1 (default)
2023-05-08 09:36:25,657 [pool-1127-thread-1] INFO  server.RaftServerConfigKeys (ConfUtils.java:logGet(46)) - raft.server.log.write.buffer.size = 1048576 (custom)
2023-05-08 09:36:25,659 [pool-1127-thread-1] INFO  server.RaftServerConfigKeys (ConfUtils.java:logGet(46)) - raft.server.log.appender.buffer.byte-limit = 33554432 (custom)
2023-05-08 09:36:25,664 [pool-1127-thread-1] INFO  server.RaftServerConfigKeys (ConfUtils.java:logGet(46)) - raft.server.log.unsafe-flush.enabled = false (default)
2023-05-08 09:36:25,664 [pool-1127-thread-1] INFO  server.RaftServerConfigKeys (ConfUtils.java:logGet(46)) - raft.server.log.async-flush.enabled = false (default)
2023-05-08 09:36:25,664 [pool-1127-thread-1] INFO  server.RaftServerConfigKeys (ConfUtils.java:logGet(46)) - raft.server.log.statemachine.data.caching.enabled = true (custom)
2023-05-08 09:36:25,664 [pool-1127-thread-1] INFO  segmented.SegmentedRaftLogWorker (SegmentedRaftLogWorker.java:lambda$new$0(135)) - 5079cb12-7c0c-49ee-b9b9-b1ba79861d13@group-D1052B0B398D-SegmentedRaftLogWorker: flushIndex: setUnconditionally 0 -> -1
2023-05-08 09:36:25,664 [pool-1127-thread-1] INFO  segmented.SegmentedRaftLogWorker (SegmentedRaftLogWorker.java:lambda$new$0(135)) - 5079cb12-7c0c-49ee-b9b9-b1ba79861d13@group-D1052B0B398D-SegmentedRaftLogWorker: safeCacheEvictIndex: setUnconditionally 0 -> -1
2023-05-08 09:36:25,664 [pool-1127-thread-1] INFO  server.RaftServer$Division (RaftServerImpl.java:start(334)) - 5079cb12-7c0c-49ee-b9b9-b1ba79861d13@group-D1052B0B398D: start as a follower, conf=-1: peers:[5079cb12-7c0c-49ee-b9b9-b1ba79861d13|rpc:10.1.0.160:33913|dataStream:10.1.0.160:42539|priority:0|startupRole:FOLLOWER, 97ae9001-8f77-4e57-887b-8866c45c8853|rpc:10.1.0.160:43931|dataStream:10.1.0.160:46669|priority:1|startupRole:FOLLOWER, ca5d3c16-7565-4171-aee7-158c5cc4aa22|rpc:10.1.0.160:33865|dataStream:10.1.0.160:34241|priority:0|startupRole:FOLLOWER]|listeners:[], old=null
2023-05-08 09:36:25,664 [pool-1127-thread-1] INFO  server.RaftServer$Division (RaftServerImpl.java:setRole(321)) - 5079cb12-7c0c-49ee-b9b9-b1ba79861d13@group-D1052B0B398D: changes role from      null to FOLLOWER at term 0 for startAsFollower
2023-05-08 09:36:25,665 [pool-1127-thread-1] INFO  impl.RoleInfo (RoleInfo.java:updateAndGet(139)) - 5079cb12-7c0c-49ee-b9b9-b1ba79861d13: start 5079cb12-7c0c-49ee-b9b9-b1ba79861d13@group-D1052B0B398D-FollowerState
2023-05-08 09:36:25,667 [pool-1127-thread-1] INFO  util.JmxRegister (JmxRegister.java:tryRegister(44)) - Successfully registered JMX Bean with object name Ratis:service=RaftServer,group=group-D1052B0B398D,id=5079cb12-7c0c-49ee-b9b9-b1ba79861d13
2023-05-08 09:36:25,667 [pool-1127-thread-1] INFO  server.RaftServerConfigKeys (ConfUtils.java:logGet(46)) - raft.server.snapshot.auto.trigger.enabled = true (custom)
2023-05-08 09:36:25,667 [pool-1127-thread-1] INFO  server.RaftServerConfigKeys (ConfUtils.java:logGet(46)) - raft.server.snapshot.auto.trigger.threshold = 10000 (custom)
2023-05-08 09:36:25,667 [pool-1127-thread-1] INFO  server.RaftServerConfigKeys (ConfUtils.java:logGet(46)) - raft.server.snapshot.retention.file.num = 5 (custom)
2023-05-08 09:36:25,668 [pool-1127-thread-1] INFO  server.RaftServerConfigKeys (ConfUtils.java:logGet(46)) - raft.server.log.purge.upto.snapshot.index = false (default)
2023-05-08 09:36:25,668 [5079cb12-7c0c-49ee-b9b9-b1ba79861d13@group-D1052B0B398D-FollowerState] INFO  server.RaftServerConfigKeys (ConfUtils.java:logFallback(53)) - raft.server.rpc.first-election.timeout.min = 5s (fallback to raft.server.rpc.timeout.min)
2023-05-08 09:36:25,668 [5079cb12-7c0c-49ee-b9b9-b1ba79861d13@group-D1052B0B398D-FollowerState] INFO  server.RaftServerConfigKeys (ConfUtils.java:logFallback(53)) - raft.server.rpc.first-election.timeout.max = 5200ms (fallback to raft.server.rpc.timeout.max)
2023-05-08 09:36:25,672 [Command processor thread] INFO  commandhandler.CreatePipelineCommandHandler (CreatePipelineCommandHandler.java:handle(113)) - Created Pipeline RATIS THREE PipelineID=7d7e3fea-4320-4f3d-b9f2-d1052b0b398d.
2023-05-08 09:36:25,787 [Command processor thread] INFO  server.RaftServer (RaftServerProxy.java:addNew(96)) - ca5d3c16-7565-4171-aee7-158c5cc4aa22: addNew group-78BD918075FC:[ca5d3c16-7565-4171-aee7-158c5cc4aa22|rpc:10.1.0.160:33865|dataStream:10.1.0.160:34241|priority:1|startupRole:FOLLOWER] returns group-78BD918075FC:java.util.concurrent.CompletableFuture@4166447[Not completed]
2023-05-08 09:36:25,788 [pool-1105-thread-1] INFO  server.RaftServer$Division (RaftServerImpl.java:<init>(195)) - ca5d3c16-7565-4171-aee7-158c5cc4aa22: new RaftServerImpl for group-78BD918075FC:[ca5d3c16-7565-4171-aee7-158c5cc4aa22|rpc:10.1.0.160:33865|dataStream:10.1.0.160:34241|priority:1|startupRole:FOLLOWER] with ContainerStateMachine:uninitialized
2023-05-08 09:36:25,788 [pool-1105-thread-1] INFO  server.RaftServerConfigKeys (ConfUtils.java:logGet(46)) - raft.server.rpc.timeout.min = 5s (custom)
2023-05-08 09:36:25,788 [pool-1105-thread-1] INFO  server.RaftServerConfigKeys (ConfUtils.java:logGet(46)) - raft.server.rpc.timeout.max = 5200ms (custom)
2023-05-08 09:36:25,788 [pool-1105-thread-1] INFO  server.RaftServerConfigKeys (ConfUtils.java:logGet(46)) - raft.server.rpc.sleep.time = 25ms (default)
2023-05-08 09:36:25,788 [pool-1105-thread-1] INFO  server.RaftServerConfigKeys (ConfUtils.java:logGet(46)) - raft.server.rpc.slowness.timeout = 300s (custom)
2023-05-08 09:36:25,788 [pool-1105-thread-1] INFO  server.RaftServerConfigKeys (ConfUtils.java:logGet(46)) - raft.server.leaderelection.leader.step-down.wait-time = 10s (default)
2023-05-08 09:36:25,788 [pool-1105-thread-1] INFO  server.RaftServerConfigKeys (ConfUtils.java:logGet(46)) - raft.server.sleep.deviation.threshold = 300ms (default)
2023-05-08 09:36:25,788 [pool-1105-thread-1] INFO  server.RaftServer$Division (ServerState.java:<init>(118)) - ca5d3c16-7565-4171-aee7-158c5cc4aa22@group-78BD918075FC: ConfigurationManager, init=-1: peers:[ca5d3c16-7565-4171-aee7-158c5cc4aa22|rpc:10.1.0.160:33865|dataStream:10.1.0.160:34241|priority:1|startupRole:FOLLOWER]|listeners:[], old=null, confs=<EMPTY_MAP>
2023-05-08 09:36:25,788 [pool-1105-thread-1] INFO  server.RaftServerConfigKeys (ConfUtils.java:logGet(46)) - raft.server.storage.dir = [/home/runner/work/ozone/ozone/hadoop-ozone/integration-test/target/test-dir/MiniOzoneClusterImpl-9c6e49ad-420a-4650-a022-25d129319acc/datanode-1/data/ratis] (custom)
2023-05-08 09:36:25,788 [pool-1105-thread-1] INFO  server.RaftServerConfigKeys (ConfUtils.java:logGet(46)) - raft.server.log.corruption.policy = EXCEPTION (default)
2023-05-08 09:36:25,789 [pool-1105-thread-1] INFO  server.RaftServerConfigKeys (ConfUtils.java:logGet(46)) - raft.server.storage.free-space.min = 0MB (=0) (default)
2023-05-08 09:36:25,789 [pool-1105-thread-1] INFO  server.RaftServerConfigKeys (ConfUtils.java:logGet(46)) - raft.server.notification.no-leader.timeout = 300s (custom)
2023-05-08 09:36:25,789 [pool-1105-thread-1] INFO  server.RaftServerConfigKeys (ConfUtils.java:logGet(46)) - raft.server.retrycache.expirytime = 600000ms (custom)
2023-05-08 09:36:25,789 [pool-1105-thread-1] INFO  server.RaftServerConfigKeys (ConfUtils.java:logGet(46)) - raft.server.retrycache.statistics.expirytime = 100μs (default)
2023-05-08 09:36:25,789 [pool-1105-thread-1] INFO  server.RaftServerConfigKeys (ConfUtils.java:logGet(46)) - raft.server.log.appender.install.snapshot.enabled = false (custom)
2023-05-08 09:36:25,789 [pool-1105-thread-1] INFO  server.RaftServerConfigKeys (ConfUtils.java:logGet(46)) - raft.server.threadpool.server.cached = true (default)
2023-05-08 09:36:25,789 [pool-1105-thread-1] INFO  server.RaftServerConfigKeys (ConfUtils.java:logGet(46)) - raft.server.threadpool.server.size = 0 (default)
2023-05-08 09:36:25,789 [pool-1105-thread-1] INFO  server.RaftServerConfigKeys (ConfUtils.java:logGet(46)) - raft.server.threadpool.client.cached = true (default)
2023-05-08 09:36:25,789 [pool-1105-thread-1] INFO  server.RaftServerConfigKeys (ConfUtils.java:logGet(46)) - raft.server.threadpool.client.size = 0 (default)
2023-05-08 09:36:25,790 [pool-1105-thread-1] INFO  storage.RaftStorageDirectory (RaftStorageDirectoryImpl.java:analyzeStorage(137)) - The storage directory /home/runner/work/ozone/ozone/hadoop-ozone/integration-test/target/test-dir/MiniOzoneClusterImpl-9c6e49ad-420a-4650-a022-25d129319acc/datanode-1/data/ratis/da47e45f-232b-489f-b91d-78bd918075fc does not exist. Creating ...
2023-05-08 09:36:25,790 [pool-1105-thread-1] INFO  storage.RaftStorageDirectory (RaftStorageDirectoryImpl.java:tryLock(231)) - Lock on /home/runner/work/ozone/ozone/hadoop-ozone/integration-test/target/test-dir/MiniOzoneClusterImpl-9c6e49ad-420a-4650-a022-25d129319acc/datanode-1/data/ratis/da47e45f-232b-489f-b91d-78bd918075fc/in_use.lock acquired by nodename 7572@fv-az96-539
2023-05-08 09:36:25,791 [pool-1105-thread-1] INFO  storage.RaftStorage (RaftStorageImpl.java:format(96)) - Storage directory /home/runner/work/ozone/ozone/hadoop-ozone/integration-test/target/test-dir/MiniOzoneClusterImpl-9c6e49ad-420a-4650-a022-25d129319acc/datanode-1/data/ratis/da47e45f-232b-489f-b91d-78bd918075fc has been successfully formatted.
2023-05-08 09:36:25,792 [pool-1105-thread-1] INFO  ratis.ContainerStateMachine (ContainerStateMachine.java:loadSnapshot(262)) - group-78BD918075FC: The snapshot info is null. Setting the last applied indexto:(t:0, i:~)
2023-05-08 09:36:25,792 [pool-1105-thread-1] INFO  server.RaftServerConfigKeys (ConfUtils.java:logGet(46)) - raft.server.log.use.memory = false (default)
2023-05-08 09:36:25,792 [pool-1105-thread-1] INFO  server.RaftServerConfigKeys (ConfUtils.java:logGet(46)) - raft.server.log.purge.gap = 1000000 (custom)
2023-05-08 09:36:25,792 [pool-1105-thread-1] INFO  server.RaftServerConfigKeys (ConfUtils.java:logGet(46)) - raft.server.log.appender.buffer.byte-limit = 33554432 (custom)
2023-05-08 09:36:25,792 [pool-1105-thread-1] INFO  server.RaftServerConfigKeys (ConfUtils.java:logGet(46)) - raft.server.log.statemachine.data.read.timeout = 1000ms (default)
2023-05-08 09:36:25,792 [pool-1105-thread-1] INFO  server.RaftServerConfigKeys (ConfUtils.java:logGet(46)) - raft.server.log.purge.preservation.log.num = 0 (default)
2023-05-08 09:36:25,792 [pool-1105-thread-1] INFO  server.RaftServerConfigKeys (ConfUtils.java:logGet(46)) - raft.server.log.segment.size.max = 1048576 (custom)
2023-05-08 09:36:25,793 [pool-1105-thread-1] INFO  server.RaftServerConfigKeys (ConfUtils.java:logGet(46)) - raft.server.log.segment.cache.num.max = 2 (custom)
2023-05-08 09:36:25,793 [pool-1105-thread-1] INFO  server.RaftServerConfigKeys (ConfUtils.java:logGet(46)) - raft.server.log.segment.cache.size.max = 200MB (=209715200) (default)
2023-05-08 09:36:25,793 [EventQueue-PipelineReportForPipelineReportHandler] INFO  pipeline.PipelineManagerImpl (PipelineManagerImpl.java:openPipeline(367)) - Pipeline Pipeline[ Id: da47e45f-232b-489f-b91d-78bd918075fc, Nodes: ca5d3c16-7565-4171-aee7-158c5cc4aa22(fv-az96-539/10.1.0.160), ReplicationConfig: RATIS/ONE, State:ALLOCATED, leaderId:ca5d3c16-7565-4171-aee7-158c5cc4aa22, CreationTimestamp2023-05-08T09:36:22.793Z[Etc/UTC]] moved to OPEN state
2023-05-08 09:36:25,794 [pool-1105-thread-1] INFO  segmented.SegmentedRaftLogWorker (SegmentedRaftLogWorker.java:<init>(189)) - new ca5d3c16-7565-4171-aee7-158c5cc4aa22@group-78BD918075FC-SegmentedRaftLogWorker for RaftStorageImpl:Storage Directory /home/runner/work/ozone/ozone/hadoop-ozone/integration-test/target/test-dir/MiniOzoneClusterImpl-9c6e49ad-420a-4650-a022-25d129319acc/datanode-1/data/ratis/da47e45f-232b-489f-b91d-78bd918075fc
2023-05-08 09:36:25,794 [pool-1105-thread-1] INFO  server.RaftServerConfigKeys (ConfUtils.java:logGet(46)) - raft.server.log.queue.byte-limit = 4294967296 (custom)
2023-05-08 09:36:25,794 [pool-1105-thread-1] INFO  server.RaftServerConfigKeys (ConfUtils.java:logGet(46)) - raft.server.log.queue.element-limit = 1024 (custom)
2023-05-08 09:36:25,794 [pool-1105-thread-1] INFO  server.RaftServerConfigKeys (ConfUtils.java:logGet(46)) - raft.server.log.segment.size.max = 1048576 (custom)
2023-05-08 09:36:25,794 [pool-1105-thread-1] INFO  server.RaftServerConfigKeys (ConfUtils.java:logGet(46)) - raft.server.log.preallocated.size = 16384 (custom)
2023-05-08 09:36:25,794 [pool-1105-thread-1] INFO  server.RaftServerConfigKeys (ConfUtils.java:logGet(46)) - raft.server.log.force.sync.num = 128 (default)
2023-05-08 09:36:25,794 [pool-1105-thread-1] INFO  server.RaftServerConfigKeys (ConfUtils.java:logGet(46)) - raft.server.log.statemachine.data.sync = true (default)
2023-05-08 09:36:25,794 [EventQueue-OpenPipelineForHealthyPipelineSafeModeRule] INFO  safemode.SCMSafeModeManager (HealthyPipelineSafeModeRule.java:process(137)) - SCM in safe mode. Healthy pipelines reported count is 0, required healthy pipeline reported count is 1
2023-05-08 09:36:25,794 [pool-1105-thread-1] INFO  server.RaftServerConfigKeys (ConfUtils.java:logGet(46)) - raft.server.log.statemachine.data.sync.timeout = 10s (default)
2023-05-08 09:36:25,794 [pool-1105-thread-1] INFO  server.RaftServerConfigKeys (ConfUtils.java:logGet(46)) - raft.server.log.statemachine.data.sync.timeout.retry = -1 (default)
2023-05-08 09:36:25,795 [pool-1105-thread-1] INFO  server.RaftServerConfigKeys (ConfUtils.java:logGet(46)) - raft.server.log.write.buffer.size = 1048576 (custom)
2023-05-08 09:36:25,795 [pool-1105-thread-1] INFO  server.RaftServerConfigKeys (ConfUtils.java:logGet(46)) - raft.server.log.appender.buffer.byte-limit = 33554432 (custom)
2023-05-08 09:36:25,800 [pool-1105-thread-1] INFO  server.RaftServerConfigKeys (ConfUtils.java:logGet(46)) - raft.server.log.unsafe-flush.enabled = false (default)
2023-05-08 09:36:25,800 [pool-1105-thread-1] INFO  server.RaftServerConfigKeys (ConfUtils.java:logGet(46)) - raft.server.log.async-flush.enabled = false (default)
2023-05-08 09:36:25,800 [pool-1105-thread-1] INFO  server.RaftServerConfigKeys (ConfUtils.java:logGet(46)) - raft.server.log.statemachine.data.caching.enabled = true (custom)
2023-05-08 09:36:25,801 [pool-1105-thread-1] INFO  segmented.SegmentedRaftLogWorker (SegmentedRaftLogWorker.java:lambda$new$0(135)) - ca5d3c16-7565-4171-aee7-158c5cc4aa22@group-78BD918075FC-SegmentedRaftLogWorker: flushIndex: setUnconditionally 0 -> -1
2023-05-08 09:36:25,801 [pool-1105-thread-1] INFO  segmented.SegmentedRaftLogWorker (SegmentedRaftLogWorker.java:lambda$new$0(135)) - ca5d3c16-7565-4171-aee7-158c5cc4aa22@group-78BD918075FC-SegmentedRaftLogWorker: safeCacheEvictIndex: setUnconditionally 0 -> -1
2023-05-08 09:36:25,801 [pool-1105-thread-1] INFO  server.RaftServer$Division (RaftServerImpl.java:start(334)) - ca5d3c16-7565-4171-aee7-158c5cc4aa22@group-78BD918075FC: start as a follower, conf=-1: peers:[ca5d3c16-7565-4171-aee7-158c5cc4aa22|rpc:10.1.0.160:33865|dataStream:10.1.0.160:34241|priority:1|startupRole:FOLLOWER]|listeners:[], old=null
2023-05-08 09:36:25,801 [pool-1105-thread-1] INFO  server.RaftServer$Division (RaftServerImpl.java:setRole(321)) - ca5d3c16-7565-4171-aee7-158c5cc4aa22@group-78BD918075FC: changes role from      null to FOLLOWER at term 0 for startAsFollower
2023-05-08 09:36:25,801 [pool-1105-thread-1] INFO  impl.RoleInfo (RoleInfo.java:updateAndGet(139)) - ca5d3c16-7565-4171-aee7-158c5cc4aa22: start ca5d3c16-7565-4171-aee7-158c5cc4aa22@group-78BD918075FC-FollowerState
2023-05-08 09:36:25,801 [ca5d3c16-7565-4171-aee7-158c5cc4aa22@group-78BD918075FC-FollowerState] INFO  server.RaftServerConfigKeys (ConfUtils.java:logFallback(53)) - raft.server.rpc.first-election.timeout.min = 5s (fallback to raft.server.rpc.timeout.min)
2023-05-08 09:36:25,801 [pool-1105-thread-1] INFO  util.JmxRegister (JmxRegister.java:tryRegister(44)) - Successfully registered JMX Bean with object name Ratis:service=RaftServer,group=group-78BD918075FC,id=ca5d3c16-7565-4171-aee7-158c5cc4aa22
2023-05-08 09:36:25,801 [ca5d3c16-7565-4171-aee7-158c5cc4aa22@group-78BD918075FC-FollowerState] INFO  server.RaftServerConfigKeys (ConfUtils.java:logFallback(53)) - raft.server.rpc.first-election.timeout.max = 5200ms (fallback to raft.server.rpc.timeout.max)
2023-05-08 09:36:25,801 [pool-1105-thread-1] INFO  server.RaftServerConfigKeys (ConfUtils.java:logGet(46)) - raft.server.snapshot.auto.trigger.enabled = true (custom)
2023-05-08 09:36:25,802 [pool-1105-thread-1] INFO  server.RaftServerConfigKeys (ConfUtils.java:logGet(46)) - raft.server.snapshot.auto.trigger.threshold = 10000 (custom)
2023-05-08 09:36:25,802 [pool-1105-thread-1] INFO  server.RaftServerConfigKeys (ConfUtils.java:logGet(46)) - raft.server.snapshot.retention.file.num = 5 (custom)
2023-05-08 09:36:25,802 [pool-1105-thread-1] INFO  server.RaftServerConfigKeys (ConfUtils.java:logGet(46)) - raft.server.log.purge.upto.snapshot.index = false (default)
2023-05-08 09:36:25,802 [Command processor thread] INFO  ratis.XceiverServerRatis (XceiverServerRatis.java:addGroup(806)) - Created group PipelineID=da47e45f-232b-489f-b91d-78bd918075fc
2023-05-08 09:36:25,802 [Command processor thread] INFO  commandhandler.CreatePipelineCommandHandler (CreatePipelineCommandHandler.java:handle(113)) - Created Pipeline RATIS ONE PipelineID=da47e45f-232b-489f-b91d-78bd918075fc.
2023-05-08 09:36:26,119 [Command processor thread] INFO  server.RaftServer (RaftServerProxy.java:addNew(96)) - 5079cb12-7c0c-49ee-b9b9-b1ba79861d13: addNew group-5C74587BD4AC:[5079cb12-7c0c-49ee-b9b9-b1ba79861d13|rpc:10.1.0.160:33913|dataStream:10.1.0.160:42539|priority:1|startupRole:FOLLOWER] returns group-5C74587BD4AC:java.util.concurrent.CompletableFuture@4167548d[Not completed]
2023-05-08 09:36:26,120 [pool-1127-thread-1] INFO  server.RaftServer$Division (RaftServerImpl.java:<init>(195)) - 5079cb12-7c0c-49ee-b9b9-b1ba79861d13: new RaftServerImpl for group-5C74587BD4AC:[5079cb12-7c0c-49ee-b9b9-b1ba79861d13|rpc:10.1.0.160:33913|dataStream:10.1.0.160:42539|priority:1|startupRole:FOLLOWER] with ContainerStateMachine:uninitialized
2023-05-08 09:36:26,120 [pool-1127-thread-1] INFO  server.RaftServerConfigKeys (ConfUtils.java:logGet(46)) - raft.server.rpc.timeout.min = 5s (custom)
2023-05-08 09:36:26,120 [pool-1127-thread-1] INFO  server.RaftServerConfigKeys (ConfUtils.java:logGet(46)) - raft.server.rpc.timeout.max = 5200ms (custom)
2023-05-08 09:36:26,120 [pool-1127-thread-1] INFO  server.RaftServerConfigKeys (ConfUtils.java:logGet(46)) - raft.server.rpc.sleep.time = 25ms (default)
2023-05-08 09:36:26,120 [pool-1127-thread-1] INFO  server.RaftServerConfigKeys (ConfUtils.java:logGet(46)) - raft.server.rpc.slowness.timeout = 300s (custom)
2023-05-08 09:36:26,120 [pool-1127-thread-1] INFO  server.RaftServerConfigKeys (ConfUtils.java:logGet(46)) - raft.server.leaderelection.leader.step-down.wait-time = 10s (default)
2023-05-08 09:36:26,120 [pool-1127-thread-1] INFO  server.RaftServerConfigKeys (ConfUtils.java:logGet(46)) - raft.server.sleep.deviation.threshold = 300ms (default)
2023-05-08 09:36:26,120 [pool-1127-thread-1] INFO  server.RaftServer$Division (ServerState.java:<init>(118)) - 5079cb12-7c0c-49ee-b9b9-b1ba79861d13@group-5C74587BD4AC: ConfigurationManager, init=-1: peers:[5079cb12-7c0c-49ee-b9b9-b1ba79861d13|rpc:10.1.0.160:33913|dataStream:10.1.0.160:42539|priority:1|startupRole:FOLLOWER]|listeners:[], old=null, confs=<EMPTY_MAP>
2023-05-08 09:36:26,121 [pool-1127-thread-1] INFO  server.RaftServerConfigKeys (ConfUtils.java:logGet(46)) - raft.server.storage.dir = [/home/runner/work/ozone/ozone/hadoop-ozone/integration-test/target/test-dir/MiniOzoneClusterImpl-9c6e49ad-420a-4650-a022-25d129319acc/datanode-2/data/ratis] (custom)
2023-05-08 09:36:26,121 [pool-1127-thread-1] INFO  server.RaftServerConfigKeys (ConfUtils.java:logGet(46)) - raft.server.log.corruption.policy = EXCEPTION (default)
2023-05-08 09:36:26,121 [pool-1127-thread-1] INFO  server.RaftServerConfigKeys (ConfUtils.java:logGet(46)) - raft.server.storage.free-space.min = 0MB (=0) (default)
2023-05-08 09:36:26,121 [pool-1127-thread-1] INFO  server.RaftServerConfigKeys (ConfUtils.java:logGet(46)) - raft.server.notification.no-leader.timeout = 300s (custom)
2023-05-08 09:36:26,121 [pool-1127-thread-1] INFO  server.RaftServerConfigKeys (ConfUtils.java:logGet(46)) - raft.server.retrycache.expirytime = 600000ms (custom)
2023-05-08 09:36:26,121 [pool-1127-thread-1] INFO  server.RaftServerConfigKeys (ConfUtils.java:logGet(46)) - raft.server.retrycache.statistics.expirytime = 100μs (default)
2023-05-08 09:36:26,121 [Listener at 127.0.0.1/45243] INFO  ozone.MiniOzoneClusterImpl (MiniOzoneClusterImpl.java:lambda$waitForClusterToBeReady$0(224)) - Nodes are ready. Got 3 of 3 DN Heartbeats.
2023-05-08 09:36:26,121 [Listener at 127.0.0.1/45243] INFO  ozone.MiniOzoneClusterImpl (MiniOzoneClusterImpl.java:lambda$waitForClusterToBeReady$0(227)) - Waiting for cluster to exit safe mode
2023-05-08 09:36:26,121 [Listener at 127.0.0.1/45243] INFO  ozone.MiniOzoneClusterImpl (MiniOzoneClusterImpl.java:lambda$waitForClusterToBeReady$0(229)) - SCM became leader
2023-05-08 09:36:26,121 [pool-1127-thread-1] INFO  server.RaftServerConfigKeys (ConfUtils.java:logGet(46)) - raft.server.log.appender.install.snapshot.enabled = false (custom)
2023-05-08 09:36:26,122 [pool-1127-thread-1] INFO  server.RaftServerConfigKeys (ConfUtils.java:logGet(46)) - raft.server.threadpool.server.cached = true (default)
2023-05-08 09:36:26,122 [pool-1127-thread-1] INFO  server.RaftServerConfigKeys (ConfUtils.java:logGet(46)) - raft.server.threadpool.server.size = 0 (default)
2023-05-08 09:36:26,122 [pool-1127-thread-1] INFO  server.RaftServerConfigKeys (ConfUtils.java:logGet(46)) - raft.server.threadpool.client.cached = true (default)
2023-05-08 09:36:26,122 [pool-1127-thread-1] INFO  server.RaftServerConfigKeys (ConfUtils.java:logGet(46)) - raft.server.threadpool.client.size = 0 (default)
2023-05-08 09:36:26,122 [pool-1127-thread-1] INFO  storage.RaftStorageDirectory (RaftStorageDirectoryImpl.java:analyzeStorage(137)) - The storage directory /home/runner/work/ozone/ozone/hadoop-ozone/integration-test/target/test-dir/MiniOzoneClusterImpl-9c6e49ad-420a-4650-a022-25d129319acc/datanode-2/data/ratis/6a82c962-f17d-4c37-9d92-5c74587bd4ac does not exist. Creating ...
2023-05-08 09:36:26,123 [pool-1127-thread-1] INFO  storage.RaftStorageDirectory (RaftStorageDirectoryImpl.java:tryLock(231)) - Lock on /home/runner/work/ozone/ozone/hadoop-ozone/integration-test/target/test-dir/MiniOzoneClusterImpl-9c6e49ad-420a-4650-a022-25d129319acc/datanode-2/data/ratis/6a82c962-f17d-4c37-9d92-5c74587bd4ac/in_use.lock acquired by nodename 7572@fv-az96-539
2023-05-08 09:36:26,124 [pool-1127-thread-1] INFO  storage.RaftStorage (RaftStorageImpl.java:format(96)) - Storage directory /home/runner/work/ozone/ozone/hadoop-ozone/integration-test/target/test-dir/MiniOzoneClusterImpl-9c6e49ad-420a-4650-a022-25d129319acc/datanode-2/data/ratis/6a82c962-f17d-4c37-9d92-5c74587bd4ac has been successfully formatted.
2023-05-08 09:36:26,126 [pool-1127-thread-1] INFO  ratis.ContainerStateMachine (ContainerStateMachine.java:loadSnapshot(262)) - group-5C74587BD4AC: The snapshot info is null. Setting the last applied indexto:(t:0, i:~)
2023-05-08 09:36:26,126 [pool-1127-thread-1] INFO  server.RaftServerConfigKeys (ConfUtils.java:logGet(46)) - raft.server.log.use.memory = false (default)
2023-05-08 09:36:26,126 [pool-1127-thread-1] INFO  server.RaftServerConfigKeys (ConfUtils.java:logGet(46)) - raft.server.log.purge.gap = 1000000 (custom)
2023-05-08 09:36:26,126 [pool-1127-thread-1] INFO  server.RaftServerConfigKeys (ConfUtils.java:logGet(46)) - raft.server.log.appender.buffer.byte-limit = 33554432 (custom)
2023-05-08 09:36:26,126 [pool-1127-thread-1] INFO  server.RaftServerConfigKeys (ConfUtils.java:logGet(46)) - raft.server.log.statemachine.data.read.timeout = 1000ms (default)
2023-05-08 09:36:26,126 [pool-1127-thread-1] INFO  server.RaftServerConfigKeys (ConfUtils.java:logGet(46)) - raft.server.log.purge.preservation.log.num = 0 (default)
2023-05-08 09:36:26,126 [pool-1127-thread-1] INFO  server.RaftServerConfigKeys (ConfUtils.java:logGet(46)) - raft.server.log.segment.size.max = 1048576 (custom)
2023-05-08 09:36:26,126 [pool-1127-thread-1] INFO  server.RaftServerConfigKeys (ConfUtils.java:logGet(46)) - raft.server.log.segment.cache.num.max = 2 (custom)
2023-05-08 09:36:26,126 [pool-1127-thread-1] INFO  server.RaftServerConfigKeys (ConfUtils.java:logGet(46)) - raft.server.log.segment.cache.size.max = 200MB (=209715200) (default)
2023-05-08 09:36:26,126 [pool-1127-thread-1] INFO  segmented.SegmentedRaftLogWorker (SegmentedRaftLogWorker.java:<init>(189)) - new 5079cb12-7c0c-49ee-b9b9-b1ba79861d13@group-5C74587BD4AC-SegmentedRaftLogWorker for RaftStorageImpl:Storage Directory /home/runner/work/ozone/ozone/hadoop-ozone/integration-test/target/test-dir/MiniOzoneClusterImpl-9c6e49ad-420a-4650-a022-25d129319acc/datanode-2/data/ratis/6a82c962-f17d-4c37-9d92-5c74587bd4ac
2023-05-08 09:36:26,127 [EventQueue-PipelineReportForPipelineReportHandler] INFO  pipeline.PipelineManagerImpl (PipelineManagerImpl.java:openPipeline(367)) - Pipeline Pipeline[ Id: 6a82c962-f17d-4c37-9d92-5c74587bd4ac, Nodes: 5079cb12-7c0c-49ee-b9b9-b1ba79861d13(fv-az96-539/10.1.0.160), ReplicationConfig: RATIS/ONE, State:ALLOCATED, leaderId:5079cb12-7c0c-49ee-b9b9-b1ba79861d13, CreationTimestamp2023-05-08T09:36:23.122Z[Etc/UTC]] moved to OPEN state
2023-05-08 09:36:26,127 [pool-1127-thread-1] INFO  server.RaftServerConfigKeys (ConfUtils.java:logGet(46)) - raft.server.log.queue.byte-limit = 4294967296 (custom)
2023-05-08 09:36:26,127 [pool-1127-thread-1] INFO  server.RaftServerConfigKeys (ConfUtils.java:logGet(46)) - raft.server.log.queue.element-limit = 1024 (custom)
2023-05-08 09:36:26,127 [pool-1127-thread-1] INFO  server.RaftServerConfigKeys (ConfUtils.java:logGet(46)) - raft.server.log.segment.size.max = 1048576 (custom)
2023-05-08 09:36:26,127 [pool-1127-thread-1] INFO  server.RaftServerConfigKeys (ConfUtils.java:logGet(46)) - raft.server.log.preallocated.size = 16384 (custom)
2023-05-08 09:36:26,127 [pool-1127-thread-1] INFO  server.RaftServerConfigKeys (ConfUtils.java:logGet(46)) - raft.server.log.force.sync.num = 128 (default)
2023-05-08 09:36:26,127 [pool-1127-thread-1] INFO  server.RaftServerConfigKeys (ConfUtils.java:logGet(46)) - raft.server.log.statemachine.data.sync = true (default)
2023-05-08 09:36:26,127 [pool-1127-thread-1] INFO  server.RaftServerConfigKeys (ConfUtils.java:logGet(46)) - raft.server.log.statemachine.data.sync.timeout = 10s (default)
2023-05-08 09:36:26,127 [pool-1127-thread-1] INFO  server.RaftServerConfigKeys (ConfUtils.java:logGet(46)) - raft.server.log.statemachine.data.sync.timeout.retry = -1 (default)
2023-05-08 09:36:26,127 [pool-1127-thread-1] INFO  server.RaftServerConfigKeys (ConfUtils.java:logGet(46)) - raft.server.log.write.buffer.size = 1048576 (custom)
2023-05-08 09:36:26,127 [EventQueue-OpenPipelineForHealthyPipelineSafeModeRule] INFO  safemode.SCMSafeModeManager (HealthyPipelineSafeModeRule.java:process(137)) - SCM in safe mode. Healthy pipelines reported count is 0, required healthy pipeline reported count is 1
2023-05-08 09:36:26,128 [pool-1127-thread-1] INFO  server.RaftServerConfigKeys (ConfUtils.java:logGet(46)) - raft.server.log.appender.buffer.byte-limit = 33554432 (custom)
2023-05-08 09:36:26,133 [pool-1127-thread-1] INFO  server.RaftServerConfigKeys (ConfUtils.java:logGet(46)) - raft.server.log.unsafe-flush.enabled = false (default)
2023-05-08 09:36:26,133 [pool-1127-thread-1] INFO  server.RaftServerConfigKeys (ConfUtils.java:logGet(46)) - raft.server.log.async-flush.enabled = false (default)
2023-05-08 09:36:26,133 [pool-1127-thread-1] INFO  server.RaftServerConfigKeys (ConfUtils.java:logGet(46)) - raft.server.log.statemachine.data.caching.enabled = true (custom)
2023-05-08 09:36:26,133 [pool-1127-thread-1] INFO  segmented.SegmentedRaftLogWorker (SegmentedRaftLogWorker.java:lambda$new$0(135)) - 5079cb12-7c0c-49ee-b9b9-b1ba79861d13@group-5C74587BD4AC-SegmentedRaftLogWorker: flushIndex: setUnconditionally 0 -> -1
2023-05-08 09:36:26,133 [pool-1127-thread-1] INFO  segmented.SegmentedRaftLogWorker (SegmentedRaftLogWorker.java:lambda$new$0(135)) - 5079cb12-7c0c-49ee-b9b9-b1ba79861d13@group-5C74587BD4AC-SegmentedRaftLogWorker: safeCacheEvictIndex: setUnconditionally 0 -> -1
2023-05-08 09:36:26,134 [pool-1127-thread-1] INFO  server.RaftServer$Division (RaftServerImpl.java:start(334)) - 5079cb12-7c0c-49ee-b9b9-b1ba79861d13@group-5C74587BD4AC: start as a follower, conf=-1: peers:[5079cb12-7c0c-49ee-b9b9-b1ba79861d13|rpc:10.1.0.160:33913|dataStream:10.1.0.160:42539|priority:1|startupRole:FOLLOWER]|listeners:[], old=null
2023-05-08 09:36:26,134 [pool-1127-thread-1] INFO  server.RaftServer$Division (RaftServerImpl.java:setRole(321)) - 5079cb12-7c0c-49ee-b9b9-b1ba79861d13@group-5C74587BD4AC: changes role from      null to FOLLOWER at term 0 for startAsFollower
2023-05-08 09:36:26,134 [pool-1127-thread-1] INFO  impl.RoleInfo (RoleInfo.java:updateAndGet(139)) - 5079cb12-7c0c-49ee-b9b9-b1ba79861d13: start 5079cb12-7c0c-49ee-b9b9-b1ba79861d13@group-5C74587BD4AC-FollowerState
2023-05-08 09:36:26,134 [pool-1127-thread-1] INFO  util.JmxRegister (JmxRegister.java:tryRegister(44)) - Successfully registered JMX Bean with object name Ratis:service=RaftServer,group=group-5C74587BD4AC,id=5079cb12-7c0c-49ee-b9b9-b1ba79861d13
2023-05-08 09:36:26,134 [pool-1127-thread-1] INFO  server.RaftServerConfigKeys (ConfUtils.java:logGet(46)) - raft.server.snapshot.auto.trigger.enabled = true (custom)
2023-05-08 09:36:26,134 [pool-1127-thread-1] INFO  server.RaftServerConfigKeys (ConfUtils.java:logGet(46)) - raft.server.snapshot.auto.trigger.threshold = 10000 (custom)
2023-05-08 09:36:26,134 [pool-1127-thread-1] INFO  server.RaftServerConfigKeys (ConfUtils.java:logGet(46)) - raft.server.snapshot.retention.file.num = 5 (custom)
2023-05-08 09:36:26,134 [pool-1127-thread-1] INFO  server.RaftServerConfigKeys (ConfUtils.java:logGet(46)) - raft.server.log.purge.upto.snapshot.index = false (default)
2023-05-08 09:36:26,135 [5079cb12-7c0c-49ee-b9b9-b1ba79861d13@group-5C74587BD4AC-FollowerState] INFO  server.RaftServerConfigKeys (ConfUtils.java:logFallback(53)) - raft.server.rpc.first-election.timeout.min = 5s (fallback to raft.server.rpc.timeout.min)
2023-05-08 09:36:26,135 [5079cb12-7c0c-49ee-b9b9-b1ba79861d13@group-5C74587BD4AC-FollowerState] INFO  server.RaftServerConfigKeys (ConfUtils.java:logFallback(53)) - raft.server.rpc.first-election.timeout.max = 5200ms (fallback to raft.server.rpc.timeout.max)
2023-05-08 09:36:26,135 [Command processor thread] INFO  ratis.XceiverServerRatis (XceiverServerRatis.java:addGroup(806)) - Created group PipelineID=6a82c962-f17d-4c37-9d92-5c74587bd4ac
2023-05-08 09:36:26,136 [Command processor thread] INFO  commandhandler.CreatePipelineCommandHandler (CreatePipelineCommandHandler.java:handle(113)) - Created Pipeline RATIS ONE PipelineID=6a82c962-f17d-4c37-9d92-5c74587bd4ac.
2023-05-08 09:36:27,121 [Listener at 127.0.0.1/45243] INFO  ozone.MiniOzoneClusterImpl (MiniOzoneClusterImpl.java:lambda$waitForClusterToBeReady$0(224)) - Nodes are ready. Got 3 of 3 DN Heartbeats.
2023-05-08 09:36:27,122 [Listener at 127.0.0.1/45243] INFO  ozone.MiniOzoneClusterImpl (MiniOzoneClusterImpl.java:lambda$waitForClusterToBeReady$0(227)) - Waiting for cluster to exit safe mode
2023-05-08 09:36:27,122 [Listener at 127.0.0.1/45243] INFO  ozone.MiniOzoneClusterImpl (MiniOzoneClusterImpl.java:lambda$waitForClusterToBeReady$0(229)) - SCM became leader
2023-05-08 09:36:28,122 [Listener at 127.0.0.1/45243] INFO  ozone.MiniOzoneClusterImpl (MiniOzoneClusterImpl.java:lambda$waitForClusterToBeReady$0(224)) - Nodes are ready. Got 3 of 3 DN Heartbeats.
2023-05-08 09:36:28,122 [Listener at 127.0.0.1/45243] INFO  ozone.MiniOzoneClusterImpl (MiniOzoneClusterImpl.java:lambda$waitForClusterToBeReady$0(227)) - Waiting for cluster to exit safe mode
2023-05-08 09:36:28,122 [Listener at 127.0.0.1/45243] INFO  ozone.MiniOzoneClusterImpl (MiniOzoneClusterImpl.java:lambda$waitForClusterToBeReady$0(229)) - SCM became leader
2023-05-08 09:36:29,122 [Listener at 127.0.0.1/45243] INFO  ozone.MiniOzoneClusterImpl (MiniOzoneClusterImpl.java:lambda$waitForClusterToBeReady$0(224)) - Nodes are ready. Got 3 of 3 DN Heartbeats.
2023-05-08 09:36:29,123 [Listener at 127.0.0.1/45243] INFO  ozone.MiniOzoneClusterImpl (MiniOzoneClusterImpl.java:lambda$waitForClusterToBeReady$0(227)) - Waiting for cluster to exit safe mode
2023-05-08 09:36:29,123 [Listener at 127.0.0.1/45243] INFO  ozone.MiniOzoneClusterImpl (MiniOzoneClusterImpl.java:lambda$waitForClusterToBeReady$0(229)) - SCM became leader
2023-05-08 09:36:30,123 [Listener at 127.0.0.1/45243] INFO  ozone.MiniOzoneClusterImpl (MiniOzoneClusterImpl.java:lambda$waitForClusterToBeReady$0(224)) - Nodes are ready. Got 3 of 3 DN Heartbeats.
2023-05-08 09:36:30,123 [Listener at 127.0.0.1/45243] INFO  ozone.MiniOzoneClusterImpl (MiniOzoneClusterImpl.java:lambda$waitForClusterToBeReady$0(227)) - Waiting for cluster to exit safe mode
2023-05-08 09:36:30,123 [Listener at 127.0.0.1/45243] INFO  ozone.MiniOzoneClusterImpl (MiniOzoneClusterImpl.java:lambda$waitForClusterToBeReady$0(229)) - SCM became leader
2023-05-08 09:36:30,552 [97ae9001-8f77-4e57-887b-8866c45c8853@group-68B841171C69-FollowerState] INFO  impl.FollowerState (FollowerState.java:run(143)) - 97ae9001-8f77-4e57-887b-8866c45c8853@group-68B841171C69-FollowerState: change to CANDIDATE, lastRpcElapsedTime:5031563236ns, electionTimeout:5031ms
2023-05-08 09:36:30,552 [97ae9001-8f77-4e57-887b-8866c45c8853@group-68B841171C69-FollowerState] INFO  impl.RoleInfo (RoleInfo.java:shutdownFollowerState(110)) - 97ae9001-8f77-4e57-887b-8866c45c8853: shutdown 97ae9001-8f77-4e57-887b-8866c45c8853@group-68B841171C69-FollowerState
2023-05-08 09:36:30,552 [97ae9001-8f77-4e57-887b-8866c45c8853@group-68B841171C69-FollowerState] INFO  server.RaftServer$Division (RaftServerImpl.java:setRole(321)) - 97ae9001-8f77-4e57-887b-8866c45c8853@group-68B841171C69: changes role from  FOLLOWER to CANDIDATE at term 0 for changeToCandidate
2023-05-08 09:36:30,552 [97ae9001-8f77-4e57-887b-8866c45c8853@group-68B841171C69-FollowerState] INFO  server.RaftServerConfigKeys (ConfUtils.java:logGet(46)) - raft.server.leaderelection.pre-vote = true (default)
2023-05-08 09:36:30,552 [97ae9001-8f77-4e57-887b-8866c45c8853@group-68B841171C69-FollowerState] INFO  impl.RoleInfo (RoleInfo.java:updateAndGet(139)) - 97ae9001-8f77-4e57-887b-8866c45c8853: start 97ae9001-8f77-4e57-887b-8866c45c8853@group-68B841171C69-LeaderElection45
2023-05-08 09:36:30,554 [97ae9001-8f77-4e57-887b-8866c45c8853@group-68B841171C69-LeaderElection45] INFO  impl.LeaderElection (LeaderElection.java:askForVotes(312)) - 97ae9001-8f77-4e57-887b-8866c45c8853@group-68B841171C69-LeaderElection45 PRE_VOTE round 0: submit vote requests at term 0 for -1: peers:[5079cb12-7c0c-49ee-b9b9-b1ba79861d13|rpc:10.1.0.160:33913|dataStream:10.1.0.160:42539|priority:0|startupRole:FOLLOWER, 97ae9001-8f77-4e57-887b-8866c45c8853|rpc:10.1.0.160:43931|dataStream:10.1.0.160:46669|priority:0|startupRole:FOLLOWER, ca5d3c16-7565-4171-aee7-158c5cc4aa22|rpc:10.1.0.160:33865|dataStream:10.1.0.160:34241|priority:1|startupRole:FOLLOWER]|listeners:[], old=null
2023-05-08 09:36:30,555 [97ae9001-8f77-4e57-887b-8866c45c8853@group-68B841171C69-LeaderElection45-1] INFO  server.GrpcServerProtocolClient (GrpcServerProtocolClient.java:<init>(63)) - Build channel for 5079cb12-7c0c-49ee-b9b9-b1ba79861d13
2023-05-08 09:36:30,556 [97ae9001-8f77-4e57-887b-8866c45c8853@group-68B841171C69-LeaderElection45] INFO  server.RaftServerConfigKeys (ConfUtils.java:logFallback(53)) - raft.server.rpc.first-election.timeout.min = 5s (fallback to raft.server.rpc.timeout.min)
2023-05-08 09:36:30,556 [97ae9001-8f77-4e57-887b-8866c45c8853@group-68B841171C69-LeaderElection45-2] INFO  server.GrpcServerProtocolClient (GrpcServerProtocolClient.java:<init>(63)) - Build channel for ca5d3c16-7565-4171-aee7-158c5cc4aa22
2023-05-08 09:36:30,556 [97ae9001-8f77-4e57-887b-8866c45c8853@group-68B841171C69-LeaderElection45] INFO  server.RaftServerConfigKeys (ConfUtils.java:logFallback(53)) - raft.server.rpc.first-election.timeout.max = 5200ms (fallback to raft.server.rpc.timeout.max)
2023-05-08 09:36:30,565 [grpc-default-executor-0] INFO  server.RaftServer$Division (RaftServerImpl.java:requestVote(1218)) - ca5d3c16-7565-4171-aee7-158c5cc4aa22@group-68B841171C69: receive requestVote(PRE_VOTE, 97ae9001-8f77-4e57-887b-8866c45c8853, group-68B841171C69, 0, (t:0, i:0))
2023-05-08 09:36:30,565 [grpc-default-executor-0] INFO  impl.VoteContext (VoteContext.java:log(49)) - ca5d3c16-7565-4171-aee7-158c5cc4aa22@group-68B841171C69-FOLLOWER: reject PRE_VOTE from 97ae9001-8f77-4e57-887b-8866c45c8853: our priority 1 > candidate's priority 0
2023-05-08 09:36:30,565 [grpc-default-executor-0] INFO  server.RaftServer$Division (RaftServerImpl.java:requestVote(1251)) - ca5d3c16-7565-4171-aee7-158c5cc4aa22@group-68B841171C69 replies to PRE_VOTE vote request: 97ae9001-8f77-4e57-887b-8866c45c8853<-ca5d3c16-7565-4171-aee7-158c5cc4aa22#0:FAIL-t0. Peer's state: ca5d3c16-7565-4171-aee7-158c5cc4aa22@group-68B841171C69:t0, leader=null, voted=, raftlog=Memoized:ca5d3c16-7565-4171-aee7-158c5cc4aa22@group-68B841171C69-SegmentedRaftLog:OPENED:c-1, conf=-1: peers:[5079cb12-7c0c-49ee-b9b9-b1ba79861d13|rpc:10.1.0.160:33913|dataStream:10.1.0.160:42539|priority:0|startupRole:FOLLOWER, 97ae9001-8f77-4e57-887b-8866c45c8853|rpc:10.1.0.160:43931|dataStream:10.1.0.160:46669|priority:0|startupRole:FOLLOWER, ca5d3c16-7565-4171-aee7-158c5cc4aa22|rpc:10.1.0.160:33865|dataStream:10.1.0.160:34241|priority:1|startupRole:FOLLOWER]|listeners:[], old=null
2023-05-08 09:36:30,573 [97ae9001-8f77-4e57-887b-8866c45c8853@group-A25ED3800DF0-FollowerState] INFO  impl.FollowerState (FollowerState.java:run(143)) - 97ae9001-8f77-4e57-887b-8866c45c8853@group-A25ED3800DF0-FollowerState: change to CANDIDATE, lastRpcElapsedTime:5066491588ns, electionTimeout:5066ms
2023-05-08 09:36:30,573 [97ae9001-8f77-4e57-887b-8866c45c8853@group-A25ED3800DF0-FollowerState] INFO  impl.RoleInfo (RoleInfo.java:shutdownFollowerState(110)) - 97ae9001-8f77-4e57-887b-8866c45c8853: shutdown 97ae9001-8f77-4e57-887b-8866c45c8853@group-A25ED3800DF0-FollowerState
2023-05-08 09:36:30,573 [97ae9001-8f77-4e57-887b-8866c45c8853@group-A25ED3800DF0-FollowerState] INFO  server.RaftServer$Division (RaftServerImpl.java:setRole(321)) - 97ae9001-8f77-4e57-887b-8866c45c8853@group-A25ED3800DF0: changes role from  FOLLOWER to CANDIDATE at term 0 for changeToCandidate
2023-05-08 09:36:30,573 [97ae9001-8f77-4e57-887b-8866c45c8853@group-A25ED3800DF0-FollowerState] INFO  server.RaftServerConfigKeys (ConfUtils.java:logGet(46)) - raft.server.leaderelection.pre-vote = true (default)
2023-05-08 09:36:30,573 [97ae9001-8f77-4e57-887b-8866c45c8853@group-A25ED3800DF0-FollowerState] INFO  impl.RoleInfo (RoleInfo.java:updateAndGet(139)) - 97ae9001-8f77-4e57-887b-8866c45c8853: start 97ae9001-8f77-4e57-887b-8866c45c8853@group-A25ED3800DF0-LeaderElection46
2023-05-08 09:36:30,573 [grpc-default-executor-1] INFO  server.RaftServer$Division (RaftServerImpl.java:requestVote(1218)) - 5079cb12-7c0c-49ee-b9b9-b1ba79861d13@group-68B841171C69: receive requestVote(PRE_VOTE, 97ae9001-8f77-4e57-887b-8866c45c8853, group-68B841171C69, 0, (t:0, i:0))
2023-05-08 09:36:30,573 [grpc-default-executor-1] INFO  impl.VoteContext (VoteContext.java:log(49)) - 5079cb12-7c0c-49ee-b9b9-b1ba79861d13@group-68B841171C69-FOLLOWER: accept PRE_VOTE from 97ae9001-8f77-4e57-887b-8866c45c8853: our priority 0 <= candidate's priority 0
2023-05-08 09:36:30,573 [grpc-default-executor-1] INFO  server.RaftServer$Division (RaftServerImpl.java:requestVote(1251)) - 5079cb12-7c0c-49ee-b9b9-b1ba79861d13@group-68B841171C69 replies to PRE_VOTE vote request: 97ae9001-8f77-4e57-887b-8866c45c8853<-5079cb12-7c0c-49ee-b9b9-b1ba79861d13#0:OK-t0. Peer's state: 5079cb12-7c0c-49ee-b9b9-b1ba79861d13@group-68B841171C69:t0, leader=null, voted=, raftlog=Memoized:5079cb12-7c0c-49ee-b9b9-b1ba79861d13@group-68B841171C69-SegmentedRaftLog:OPENED:c-1, conf=-1: peers:[5079cb12-7c0c-49ee-b9b9-b1ba79861d13|rpc:10.1.0.160:33913|dataStream:10.1.0.160:42539|priority:0|startupRole:FOLLOWER, 97ae9001-8f77-4e57-887b-8866c45c8853|rpc:10.1.0.160:43931|dataStream:10.1.0.160:46669|priority:0|startupRole:FOLLOWER, ca5d3c16-7565-4171-aee7-158c5cc4aa22|rpc:10.1.0.160:33865|dataStream:10.1.0.160:34241|priority:1|startupRole:FOLLOWER]|listeners:[], old=null
2023-05-08 09:36:30,580 [97ae9001-8f77-4e57-887b-8866c45c8853@group-68B841171C69-LeaderElection45] INFO  impl.LeaderElection (LeaderElection.java:logAndReturn(90)) - 97ae9001-8f77-4e57-887b-8866c45c8853@group-68B841171C69-LeaderElection45: PRE_VOTE REJECTED received 1 response(s) and 0 exception(s):
2023-05-08 09:36:30,580 [97ae9001-8f77-4e57-887b-8866c45c8853@group-68B841171C69-LeaderElection45] INFO  impl.LeaderElection (LeaderElection.java:logAndReturn(94)) -   Response 0: 97ae9001-8f77-4e57-887b-8866c45c8853<-ca5d3c16-7565-4171-aee7-158c5cc4aa22#0:FAIL-t0
2023-05-08 09:36:30,580 [97ae9001-8f77-4e57-887b-8866c45c8853@group-68B841171C69-LeaderElection45] INFO  impl.LeaderElection (LeaderElection.java:askForVotes(314)) - 97ae9001-8f77-4e57-887b-8866c45c8853@group-68B841171C69-LeaderElection45 PRE_VOTE round 0: result REJECTED
2023-05-08 09:36:30,580 [97ae9001-8f77-4e57-887b-8866c45c8853@group-68B841171C69-LeaderElection45] INFO  server.RaftServer$Division (RaftServerImpl.java:setRole(321)) - 97ae9001-8f77-4e57-887b-8866c45c8853@group-68B841171C69: changes role from CANDIDATE to FOLLOWER at term 0 for REJECTED
2023-05-08 09:36:30,580 [97ae9001-8f77-4e57-887b-8866c45c8853@group-68B841171C69-LeaderElection45] INFO  impl.RoleInfo (RoleInfo.java:shutdownLeaderElection(130)) - 97ae9001-8f77-4e57-887b-8866c45c8853: shutdown 97ae9001-8f77-4e57-887b-8866c45c8853@group-68B841171C69-LeaderElection45
2023-05-08 09:36:30,580 [97ae9001-8f77-4e57-887b-8866c45c8853@group-68B841171C69-LeaderElection45] INFO  impl.RoleInfo (RoleInfo.java:updateAndGet(139)) - 97ae9001-8f77-4e57-887b-8866c45c8853: start 97ae9001-8f77-4e57-887b-8866c45c8853@group-68B841171C69-FollowerState
2023-05-08 09:36:30,581 [97ae9001-8f77-4e57-887b-8866c45c8853@group-A25ED3800DF0-LeaderElection46] INFO  impl.LeaderElection (LeaderElection.java:askForVotes(312)) - 97ae9001-8f77-4e57-887b-8866c45c8853@group-A25ED3800DF0-LeaderElection46 PRE_VOTE round 0: submit vote requests at term 0 for -1: peers:[97ae9001-8f77-4e57-887b-8866c45c8853|rpc:10.1.0.160:43931|dataStream:10.1.0.160:46669|priority:1|startupRole:FOLLOWER]|listeners:[], old=null
2023-05-08 09:36:30,581 [97ae9001-8f77-4e57-887b-8866c45c8853@group-A25ED3800DF0-LeaderElection46] INFO  impl.LeaderElection (LeaderElection.java:askForVotes(314)) - 97ae9001-8f77-4e57-887b-8866c45c8853@group-A25ED3800DF0-LeaderElection46 PRE_VOTE round 0: result PASSED (term=0)
2023-05-08 09:36:30,584 [97ae9001-8f77-4e57-887b-8866c45c8853@group-68B841171C69-FollowerState] INFO  server.RaftServerConfigKeys (ConfUtils.java:logFallback(53)) - raft.server.rpc.first-election.timeout.min = 5s (fallback to raft.server.rpc.timeout.min)
2023-05-08 09:36:30,584 [97ae9001-8f77-4e57-887b-8866c45c8853@group-68B841171C69-FollowerState] INFO  server.RaftServerConfigKeys (ConfUtils.java:logFallback(53)) - raft.server.rpc.first-election.timeout.max = 5200ms (fallback to raft.server.rpc.timeout.max)
2023-05-08 09:36:30,588 [97ae9001-8f77-4e57-887b-8866c45c8853@group-A25ED3800DF0-LeaderElection46] INFO  impl.LeaderElection (LeaderElection.java:askForVotes(312)) - 97ae9001-8f77-4e57-887b-8866c45c8853@group-A25ED3800DF0-LeaderElection46 ELECTION round 0: submit vote requests at term 1 for -1: peers:[97ae9001-8f77-4e57-887b-8866c45c8853|rpc:10.1.0.160:43931|dataStream:10.1.0.160:46669|priority:1|startupRole:FOLLOWER]|listeners:[], old=null
2023-05-08 09:36:30,588 [97ae9001-8f77-4e57-887b-8866c45c8853@group-A25ED3800DF0-LeaderElection46] INFO  impl.LeaderElection (LeaderElection.java:askForVotes(314)) - 97ae9001-8f77-4e57-887b-8866c45c8853@group-A25ED3800DF0-LeaderElection46 ELECTION round 0: result PASSED (term=1)
2023-05-08 09:36:30,589 [97ae9001-8f77-4e57-887b-8866c45c8853@group-A25ED3800DF0-LeaderElection46] INFO  impl.RoleInfo (RoleInfo.java:shutdownLeaderElection(130)) - 97ae9001-8f77-4e57-887b-8866c45c8853: shutdown 97ae9001-8f77-4e57-887b-8866c45c8853@group-A25ED3800DF0-LeaderElection46
2023-05-08 09:36:30,589 [97ae9001-8f77-4e57-887b-8866c45c8853@group-A25ED3800DF0-LeaderElection46] INFO  server.RaftServer$Division (RaftServerImpl.java:setRole(321)) - 97ae9001-8f77-4e57-887b-8866c45c8853@group-A25ED3800DF0: changes role from CANDIDATE to LEADER at term 1 for changeToLeader
2023-05-08 09:36:30,589 [97ae9001-8f77-4e57-887b-8866c45c8853@group-A25ED3800DF0-LeaderElection46] INFO  ratis.XceiverServerRatis (XceiverServerRatis.java:handleLeaderChangedNotification(904)) - Leader change notification received for group: group-A25ED3800DF0 with new leaderId: 97ae9001-8f77-4e57-887b-8866c45c8853
2023-05-08 09:36:30,589 [97ae9001-8f77-4e57-887b-8866c45c8853@group-A25ED3800DF0-LeaderElection46] INFO  server.RaftServer$Division (ServerState.java:setLeader(313)) - 97ae9001-8f77-4e57-887b-8866c45c8853@group-A25ED3800DF0: change Leader from null to 97ae9001-8f77-4e57-887b-8866c45c8853 at term 1 for becomeLeader, leader elected after 5101ms
2023-05-08 09:36:30,589 [97ae9001-8f77-4e57-887b-8866c45c8853@group-A25ED3800DF0-LeaderElection46] INFO  server.RaftServerConfigKeys (ConfUtils.java:logGet(46)) - raft.server.staging.catchup.gap = 1000 (default)
2023-05-08 09:36:30,589 [97ae9001-8f77-4e57-887b-8866c45c8853@group-A25ED3800DF0-LeaderElection46] INFO  server.RaftServerConfigKeys (ConfUtils.java:logGet(46)) - raft.server.write.element-limit = 1024 (custom)
2023-05-08 09:36:30,589 [97ae9001-8f77-4e57-887b-8866c45c8853@group-A25ED3800DF0-LeaderElection46] INFO  server.RaftServerConfigKeys (ConfUtils.java:logGet(46)) - raft.server.write.byte-limit = 1024 M (=1073741824) (custom)
2023-05-08 09:36:30,590 [97ae9001-8f77-4e57-887b-8866c45c8853@group-A25ED3800DF0-LeaderElection46] INFO  server.RaftServerConfigKeys (ConfUtils.java:logGet(46)) - raft.server.watch.timeout = 180s (custom)
2023-05-08 09:36:30,590 [97ae9001-8f77-4e57-887b-8866c45c8853@group-A25ED3800DF0-LeaderElection46] INFO  server.RaftServerConfigKeys (ConfUtils.java:logGet(46)) - raft.server.watch.timeout.denomination = 1s (default)
2023-05-08 09:36:30,590 [97ae9001-8f77-4e57-887b-8866c45c8853@group-A25ED3800DF0-LeaderElection46] INFO  server.RaftServerConfigKeys (ConfUtils.java:logGet(46)) - raft.server.watch.element-limit = 65536 (default)
2023-05-08 09:36:30,590 [97ae9001-8f77-4e57-887b-8866c45c8853@group-A25ED3800DF0-LeaderElection46] INFO  server.RaftServerConfigKeys (ConfUtils.java:logGet(46)) - raft.server.write.element-limit = 1024 (custom)
2023-05-08 09:36:30,590 [97ae9001-8f77-4e57-887b-8866c45c8853@group-A25ED3800DF0-LeaderElection46] INFO  server.RaftServerConfigKeys (ConfUtils.java:logGet(46)) - raft.server.write.follower.gap.ratio.max = -1.0 (default)
2023-05-08 09:36:30,590 [EventQueue-OpenPipelineForHealthyPipelineSafeModeRule] INFO  safemode.SCMSafeModeManager (HealthyPipelineSafeModeRule.java:process(137)) - SCM in safe mode. Healthy pipelines reported count is 0, required healthy pipeline reported count is 1
2023-05-08 09:36:30,590 [97ae9001-8f77-4e57-887b-8866c45c8853@group-A25ED3800DF0-LeaderElection46] INFO  impl.RoleInfo (RoleInfo.java:updateAndGet(139)) - 97ae9001-8f77-4e57-887b-8866c45c8853: start 97ae9001-8f77-4e57-887b-8866c45c8853@group-A25ED3800DF0-LeaderStateImpl
2023-05-08 09:36:30,590 [97ae9001-8f77-4e57-887b-8866c45c8853@group-A25ED3800DF0-LeaderElection46] INFO  segmented.SegmentedRaftLogWorker (SegmentedRaftLogWorker.java:startLogSegment(452)) - 97ae9001-8f77-4e57-887b-8866c45c8853@group-A25ED3800DF0-SegmentedRaftLogWorker: Starting segment from index:0
2023-05-08 09:36:30,597 [97ae9001-8f77-4e57-887b-8866c45c8853@group-A25ED3800DF0-LeaderElection46] INFO  server.RaftServer$Division (ServerState.java:setRaftConf(430)) - 97ae9001-8f77-4e57-887b-8866c45c8853@group-A25ED3800DF0: set configuration 0: peers:[97ae9001-8f77-4e57-887b-8866c45c8853|rpc:10.1.0.160:43931|dataStream:10.1.0.160:46669|priority:1|startupRole:FOLLOWER]|listeners:[], old=null
2023-05-08 09:36:30,597 [97ae9001-8f77-4e57-887b-8866c45c8853@group-A25ED3800DF0-SegmentedRaftLogWorker] INFO  segmented.SegmentedRaftLogWorker (SegmentedRaftLogWorker.java:execute(656)) - 97ae9001-8f77-4e57-887b-8866c45c8853@group-A25ED3800DF0-SegmentedRaftLogWorker: created new log segment /home/runner/work/ozone/ozone/hadoop-ozone/integration-test/target/test-dir/MiniOzoneClusterImpl-9c6e49ad-420a-4650-a022-25d129319acc/datanode-0/data/ratis/945ef2a7-8a8e-44fa-9581-a25ed3800df0/current/log_inprogress_0
2023-05-08 09:36:30,651 [ca5d3c16-7565-4171-aee7-158c5cc4aa22@group-68B841171C69-FollowerState] INFO  impl.FollowerState (FollowerState.java:run(143)) - ca5d3c16-7565-4171-aee7-158c5cc4aa22@group-68B841171C69-FollowerState: change to CANDIDATE, lastRpcElapsedTime:5066907196ns, electionTimeout:5064ms
2023-05-08 09:36:30,651 [ca5d3c16-7565-4171-aee7-158c5cc4aa22@group-68B841171C69-FollowerState] INFO  impl.RoleInfo (RoleInfo.java:shutdownFollowerState(110)) - ca5d3c16-7565-4171-aee7-158c5cc4aa22: shutdown ca5d3c16-7565-4171-aee7-158c5cc4aa22@group-68B841171C69-FollowerState
2023-05-08 09:36:30,651 [ca5d3c16-7565-4171-aee7-158c5cc4aa22@group-68B841171C69-FollowerState] INFO  server.RaftServer$Division (RaftServerImpl.java:setRole(321)) - ca5d3c16-7565-4171-aee7-158c5cc4aa22@group-68B841171C69: changes role from  FOLLOWER to CANDIDATE at term 0 for changeToCandidate
2023-05-08 09:36:30,651 [ca5d3c16-7565-4171-aee7-158c5cc4aa22@group-68B841171C69-FollowerState] INFO  server.RaftServerConfigKeys (ConfUtils.java:logGet(46)) - raft.server.leaderelection.pre-vote = true (default)
2023-05-08 09:36:30,651 [ca5d3c16-7565-4171-aee7-158c5cc4aa22@group-68B841171C69-FollowerState] INFO  impl.RoleInfo (RoleInfo.java:updateAndGet(139)) - ca5d3c16-7565-4171-aee7-158c5cc4aa22: start ca5d3c16-7565-4171-aee7-158c5cc4aa22@group-68B841171C69-LeaderElection47
2023-05-08 09:36:30,656 [ca5d3c16-7565-4171-aee7-158c5cc4aa22@group-68B841171C69-LeaderElection47] INFO  impl.LeaderElection (LeaderElection.java:askForVotes(312)) - ca5d3c16-7565-4171-aee7-158c5cc4aa22@group-68B841171C69-LeaderElection47 PRE_VOTE round 0: submit vote requests at term 0 for -1: peers:[5079cb12-7c0c-49ee-b9b9-b1ba79861d13|rpc:10.1.0.160:33913|dataStream:10.1.0.160:42539|priority:0|startupRole:FOLLOWER, 97ae9001-8f77-4e57-887b-8866c45c8853|rpc:10.1.0.160:43931|dataStream:10.1.0.160:46669|priority:0|startupRole:FOLLOWER, ca5d3c16-7565-4171-aee7-158c5cc4aa22|rpc:10.1.0.160:33865|dataStream:10.1.0.160:34241|priority:1|startupRole:FOLLOWER]|listeners:[], old=null
2023-05-08 09:36:30,657 [ca5d3c16-7565-4171-aee7-158c5cc4aa22@group-68B841171C69-LeaderElection47-1] INFO  server.GrpcServerProtocolClient (GrpcServerProtocolClient.java:<init>(63)) - Build channel for 5079cb12-7c0c-49ee-b9b9-b1ba79861d13
2023-05-08 09:36:30,660 [ca5d3c16-7565-4171-aee7-158c5cc4aa22@group-68B841171C69-LeaderElection47] INFO  server.RaftServerConfigKeys (ConfUtils.java:logFallback(53)) - raft.server.rpc.first-election.timeout.min = 5s (fallback to raft.server.rpc.timeout.min)
2023-05-08 09:36:30,660 [ca5d3c16-7565-4171-aee7-158c5cc4aa22@group-68B841171C69-LeaderElection47] INFO  server.RaftServerConfigKeys (ConfUtils.java:logFallback(53)) - raft.server.rpc.first-election.timeout.max = 5200ms (fallback to raft.server.rpc.timeout.max)
2023-05-08 09:36:30,666 [ca5d3c16-7565-4171-aee7-158c5cc4aa22@group-68B841171C69-LeaderElection47-2] INFO  server.GrpcServerProtocolClient (GrpcServerProtocolClient.java:<init>(63)) - Build channel for 97ae9001-8f77-4e57-887b-8866c45c8853
2023-05-08 09:36:30,667 [5079cb12-7c0c-49ee-b9b9-b1ba79861d13@group-68B841171C69-FollowerState] INFO  server.RaftServerConfigKeys (ConfUtils.java:logFallback(53)) - raft.server.rpc.first-election.timeout.min = 5s (fallback to raft.server.rpc.timeout.min)
2023-05-08 09:36:30,667 [5079cb12-7c0c-49ee-b9b9-b1ba79861d13@group-68B841171C69-FollowerState] INFO  server.RaftServerConfigKeys (ConfUtils.java:logFallback(53)) - raft.server.rpc.first-election.timeout.max = 5200ms (fallback to raft.server.rpc.timeout.max)
2023-05-08 09:36:30,670 [grpc-default-executor-1] INFO  server.RaftServer$Division (RaftServerImpl.java:requestVote(1218)) - 5079cb12-7c0c-49ee-b9b9-b1ba79861d13@group-68B841171C69: receive requestVote(PRE_VOTE, ca5d3c16-7565-4171-aee7-158c5cc4aa22, group-68B841171C69, 0, (t:0, i:0))
2023-05-08 09:36:30,670 [grpc-default-executor-1] INFO  impl.VoteContext (VoteContext.java:log(49)) - 5079cb12-7c0c-49ee-b9b9-b1ba79861d13@group-68B841171C69-FOLLOWER: accept PRE_VOTE from ca5d3c16-7565-4171-aee7-158c5cc4aa22: our priority 0 <= candidate's priority 1
2023-05-08 09:36:30,670 [grpc-default-executor-1] INFO  server.RaftServer$Division (RaftServerImpl.java:requestVote(1251)) - 5079cb12-7c0c-49ee-b9b9-b1ba79861d13@group-68B841171C69 replies to PRE_VOTE vote request: ca5d3c16-7565-4171-aee7-158c5cc4aa22<-5079cb12-7c0c-49ee-b9b9-b1ba79861d13#0:OK-t0. Peer's state: 5079cb12-7c0c-49ee-b9b9-b1ba79861d13@group-68B841171C69:t0, leader=null, voted=, raftlog=Memoized:5079cb12-7c0c-49ee-b9b9-b1ba79861d13@group-68B841171C69-SegmentedRaftLog:OPENED:c-1, conf=-1: peers:[5079cb12-7c0c-49ee-b9b9-b1ba79861d13|rpc:10.1.0.160:33913|dataStream:10.1.0.160:42539|priority:0|startupRole:FOLLOWER, 97ae9001-8f77-4e57-887b-8866c45c8853|rpc:10.1.0.160:43931|dataStream:10.1.0.160:46669|priority:0|startupRole:FOLLOWER, ca5d3c16-7565-4171-aee7-158c5cc4aa22|rpc:10.1.0.160:33865|dataStream:10.1.0.160:34241|priority:1|startupRole:FOLLOWER]|listeners:[], old=null
2023-05-08 09:36:30,677 [ca5d3c16-7565-4171-aee7-158c5cc4aa22@group-68B841171C69-LeaderElection47] INFO  impl.LeaderElection (LeaderElection.java:logAndReturn(90)) - ca5d3c16-7565-4171-aee7-158c5cc4aa22@group-68B841171C69-LeaderElection47: PRE_VOTE PASSED received 1 response(s) and 0 exception(s):
2023-05-08 09:36:30,677 [ca5d3c16-7565-4171-aee7-158c5cc4aa22@group-68B841171C69-LeaderElection47] INFO  impl.LeaderElection (LeaderElection.java:logAndReturn(94)) -   Response 0: ca5d3c16-7565-4171-aee7-158c5cc4aa22<-5079cb12-7c0c-49ee-b9b9-b1ba79861d13#0:OK-t0
2023-05-08 09:36:30,677 [ca5d3c16-7565-4171-aee7-158c5cc4aa22@group-68B841171C69-LeaderElection47] INFO  impl.LeaderElection (LeaderElection.java:askForVotes(314)) - ca5d3c16-7565-4171-aee7-158c5cc4aa22@group-68B841171C69-LeaderElection47 PRE_VOTE round 0: result PASSED
2023-05-08 09:36:30,680 [ca5d3c16-7565-4171-aee7-158c5cc4aa22@group-68B841171C69-LeaderElection47] INFO  impl.LeaderElection (LeaderElection.java:askForVotes(312)) - ca5d3c16-7565-4171-aee7-158c5cc4aa22@group-68B841171C69-LeaderElection47 ELECTION round 0: submit vote requests at term 1 for -1: peers:[5079cb12-7c0c-49ee-b9b9-b1ba79861d13|rpc:10.1.0.160:33913|dataStream:10.1.0.160:42539|priority:0|startupRole:FOLLOWER, 97ae9001-8f77-4e57-887b-8866c45c8853|rpc:10.1.0.160:43931|dataStream:10.1.0.160:46669|priority:0|startupRole:FOLLOWER, ca5d3c16-7565-4171-aee7-158c5cc4aa22|rpc:10.1.0.160:33865|dataStream:10.1.0.160:34241|priority:1|startupRole:FOLLOWER]|listeners:[], old=null
2023-05-08 09:36:30,680 [grpc-default-executor-1] INFO  server.RaftServer$Division (RaftServerImpl.java:requestVote(1218)) - 97ae9001-8f77-4e57-887b-8866c45c8853@group-68B841171C69: receive requestVote(PRE_VOTE, ca5d3c16-7565-4171-aee7-158c5cc4aa22, group-68B841171C69, 0, (t:0, i:0))
2023-05-08 09:36:30,681 [grpc-default-executor-1] INFO  impl.VoteContext (VoteContext.java:log(49)) - 97ae9001-8f77-4e57-887b-8866c45c8853@group-68B841171C69-FOLLOWER: accept PRE_VOTE from ca5d3c16-7565-4171-aee7-158c5cc4aa22: our priority 0 <= candidate's priority 1
2023-05-08 09:36:30,681 [grpc-default-executor-1] INFO  server.RaftServer$Division (RaftServerImpl.java:requestVote(1251)) - 97ae9001-8f77-4e57-887b-8866c45c8853@group-68B841171C69 replies to PRE_VOTE vote request: ca5d3c16-7565-4171-aee7-158c5cc4aa22<-97ae9001-8f77-4e57-887b-8866c45c8853#0:OK-t0. Peer's state: 97ae9001-8f77-4e57-887b-8866c45c8853@group-68B841171C69:t0, leader=null, voted=, raftlog=Memoized:97ae9001-8f77-4e57-887b-8866c45c8853@group-68B841171C69-SegmentedRaftLog:OPENED:c-1, conf=-1: peers:[5079cb12-7c0c-49ee-b9b9-b1ba79861d13|rpc:10.1.0.160:33913|dataStream:10.1.0.160:42539|priority:0|startupRole:FOLLOWER, 97ae9001-8f77-4e57-887b-8866c45c8853|rpc:10.1.0.160:43931|dataStream:10.1.0.160:46669|priority:0|startupRole:FOLLOWER, ca5d3c16-7565-4171-aee7-158c5cc4aa22|rpc:10.1.0.160:33865|dataStream:10.1.0.160:34241|priority:1|startupRole:FOLLOWER]|listeners:[], old=null
2023-05-08 09:36:30,683 [grpc-default-executor-1] INFO  server.RaftServer$Division (RaftServerImpl.java:requestVote(1218)) - 5079cb12-7c0c-49ee-b9b9-b1ba79861d13@group-68B841171C69: receive requestVote(ELECTION, ca5d3c16-7565-4171-aee7-158c5cc4aa22, group-68B841171C69, 1, (t:0, i:0))
2023-05-08 09:36:30,683 [grpc-default-executor-1] INFO  impl.VoteContext (VoteContext.java:log(49)) - 5079cb12-7c0c-49ee-b9b9-b1ba79861d13@group-68B841171C69-FOLLOWER: accept ELECTION from ca5d3c16-7565-4171-aee7-158c5cc4aa22: our priority 0 <= candidate's priority 1
2023-05-08 09:36:30,683 [grpc-default-executor-1] INFO  server.RaftServer$Division (RaftServerImpl.java:setRole(321)) - 5079cb12-7c0c-49ee-b9b9-b1ba79861d13@group-68B841171C69: changes role from  FOLLOWER to FOLLOWER at term 1 for candidate:ca5d3c16-7565-4171-aee7-158c5cc4aa22
2023-05-08 09:36:30,683 [grpc-default-executor-1] INFO  impl.RoleInfo (RoleInfo.java:shutdownFollowerState(110)) - 5079cb12-7c0c-49ee-b9b9-b1ba79861d13: shutdown 5079cb12-7c0c-49ee-b9b9-b1ba79861d13@group-68B841171C69-FollowerState
2023-05-08 09:36:30,683 [ca5d3c16-7565-4171-aee7-158c5cc4aa22@group-68B841171C69-LeaderElection47] INFO  server.RaftServerConfigKeys (ConfUtils.java:logFallback(53)) - raft.server.rpc.first-election.timeout.min = 5s (fallback to raft.server.rpc.timeout.min)
2023-05-08 09:36:30,683 [ca5d3c16-7565-4171-aee7-158c5cc4aa22@group-68B841171C69-LeaderElection47] INFO  server.RaftServerConfigKeys (ConfUtils.java:logFallback(53)) - raft.server.rpc.first-election.timeout.max = 5200ms (fallback to raft.server.rpc.timeout.max)
2023-05-08 09:36:30,683 [grpc-default-executor-1] INFO  impl.RoleInfo (RoleInfo.java:updateAndGet(139)) - 5079cb12-7c0c-49ee-b9b9-b1ba79861d13: start 5079cb12-7c0c-49ee-b9b9-b1ba79861d13@group-68B841171C69-FollowerState
2023-05-08 09:36:30,683 [5079cb12-7c0c-49ee-b9b9-b1ba79861d13@group-68B841171C69-FollowerState] INFO  impl.FollowerState (FollowerState.java:run(152)) - 5079cb12-7c0c-49ee-b9b9-b1ba79861d13@group-68B841171C69-FollowerState was interrupted
2023-05-08 09:36:30,684 [grpc-default-executor-0] INFO  server.RaftServer$Division (RaftServerImpl.java:requestVote(1218)) - 97ae9001-8f77-4e57-887b-8866c45c8853@group-68B841171C69: receive requestVote(ELECTION, ca5d3c16-7565-4171-aee7-158c5cc4aa22, group-68B841171C69, 1, (t:0, i:0))
2023-05-08 09:36:30,684 [grpc-default-executor-0] INFO  impl.VoteContext (VoteContext.java:log(49)) - 97ae9001-8f77-4e57-887b-8866c45c8853@group-68B841171C69-FOLLOWER: accept ELECTION from ca5d3c16-7565-4171-aee7-158c5cc4aa22: our priority 0 <= candidate's priority 1
2023-05-08 09:36:30,684 [grpc-default-executor-0] INFO  server.RaftServer$Division (RaftServerImpl.java:setRole(321)) - 97ae9001-8f77-4e57-887b-8866c45c8853@group-68B841171C69: changes role from  FOLLOWER to FOLLOWER at term 1 for candidate:ca5d3c16-7565-4171-aee7-158c5cc4aa22
2023-05-08 09:36:30,684 [grpc-default-executor-0] INFO  impl.RoleInfo (RoleInfo.java:shutdownFollowerState(110)) - 97ae9001-8f77-4e57-887b-8866c45c8853: shutdown 97ae9001-8f77-4e57-887b-8866c45c8853@group-68B841171C69-FollowerState
2023-05-08 09:36:30,685 [grpc-default-executor-0] INFO  impl.RoleInfo (RoleInfo.java:updateAndGet(139)) - 97ae9001-8f77-4e57-887b-8866c45c8853: start 97ae9001-8f77-4e57-887b-8866c45c8853@group-68B841171C69-FollowerState
2023-05-08 09:36:30,685 [97ae9001-8f77-4e57-887b-8866c45c8853@group-68B841171C69-FollowerState] INFO  impl.FollowerState (FollowerState.java:run(152)) - 97ae9001-8f77-4e57-887b-8866c45c8853@group-68B841171C69-FollowerState was interrupted
2023-05-08 09:36:30,685 [5079cb12-7c0c-49ee-b9b9-b1ba79861d13@group-68B841171C69-FollowerState] INFO  server.RaftServerConfigKeys (ConfUtils.java:logFallback(53)) - raft.server.rpc.first-election.timeout.min = 5s (fallback to raft.server.rpc.timeout.min)
2023-05-08 09:36:30,685 [5079cb12-7c0c-49ee-b9b9-b1ba79861d13@group-68B841171C69-FollowerState] INFO  server.RaftServerConfigKeys (ConfUtils.java:logFallback(53)) - raft.server.rpc.first-election.timeout.max = 5200ms (fallback to raft.server.rpc.timeout.max)
2023-05-08 09:36:30,689 [grpc-default-executor-1] INFO  server.RaftServer$Division (RaftServerImpl.java:requestVote(1251)) - 5079cb12-7c0c-49ee-b9b9-b1ba79861d13@group-68B841171C69 replies to ELECTION vote request: ca5d3c16-7565-4171-aee7-158c5cc4aa22<-5079cb12-7c0c-49ee-b9b9-b1ba79861d13#0:OK-t1. Peer's state: 5079cb12-7c0c-49ee-b9b9-b1ba79861d13@group-68B841171C69:t1, leader=null, voted=ca5d3c16-7565-4171-aee7-158c5cc4aa22, raftlog=Memoized:5079cb12-7c0c-49ee-b9b9-b1ba79861d13@group-68B841171C69-SegmentedRaftLog:OPENED:c-1, conf=-1: peers:[5079cb12-7c0c-49ee-b9b9-b1ba79861d13|rpc:10.1.0.160:33913|dataStream:10.1.0.160:42539|priority:0|startupRole:FOLLOWER, 97ae9001-8f77-4e57-887b-8866c45c8853|rpc:10.1.0.160:43931|dataStream:10.1.0.160:46669|priority:0|startupRole:FOLLOWER, ca5d3c16-7565-4171-aee7-158c5cc4aa22|rpc:10.1.0.160:33865|dataStream:10.1.0.160:34241|priority:1|startupRole:FOLLOWER]|listeners:[], old=null
2023-05-08 09:36:30,690 [ca5d3c16-7565-4171-aee7-158c5cc4aa22@group-68B841171C69-LeaderElection47] INFO  impl.LeaderElection (LeaderElection.java:logAndReturn(90)) - ca5d3c16-7565-4171-aee7-158c5cc4aa22@group-68B841171C69-LeaderElection47: ELECTION PASSED received 1 response(s) and 0 exception(s):
2023-05-08 09:36:30,690 [ca5d3c16-7565-4171-aee7-158c5cc4aa22@group-68B841171C69-LeaderElection47] INFO  impl.LeaderElection (LeaderElection.java:logAndReturn(94)) -   Response 0: ca5d3c16-7565-4171-aee7-158c5cc4aa22<-5079cb12-7c0c-49ee-b9b9-b1ba79861d13#0:OK-t1
2023-05-08 09:36:30,690 [grpc-default-executor-0] INFO  server.RaftServer$Division (RaftServerImpl.java:requestVote(1251)) - 97ae9001-8f77-4e57-887b-8866c45c8853@group-68B841171C69 replies to ELECTION vote request: ca5d3c16-7565-4171-aee7-158c5cc4aa22<-97ae9001-8f77-4e57-887b-8866c45c8853#0:OK-t1. Peer's state: 97ae9001-8f77-4e57-887b-8866c45c8853@group-68B841171C69:t1, leader=null, voted=ca5d3c16-7565-4171-aee7-158c5cc4aa22, raftlog=Memoized:97ae9001-8f77-4e57-887b-8866c45c8853@group-68B841171C69-SegmentedRaftLog:OPENED:c-1, conf=-1: peers:[5079cb12-7c0c-49ee-b9b9-b1ba79861d13|rpc:10.1.0.160:33913|dataStream:10.1.0.160:42539|priority:0|startupRole:FOLLOWER, 97ae9001-8f77-4e57-887b-8866c45c8853|rpc:10.1.0.160:43931|dataStream:10.1.0.160:46669|priority:0|startupRole:FOLLOWER, ca5d3c16-7565-4171-aee7-158c5cc4aa22|rpc:10.1.0.160:33865|dataStream:10.1.0.160:34241|priority:1|startupRole:FOLLOWER]|listeners:[], old=null
2023-05-08 09:36:30,690 [ca5d3c16-7565-4171-aee7-158c5cc4aa22@group-68B841171C69-LeaderElection47] INFO  impl.LeaderElection (LeaderElection.java:askForVotes(314)) - ca5d3c16-7565-4171-aee7-158c5cc4aa22@group-68B841171C69-LeaderElection47 ELECTION round 0: result PASSED
2023-05-08 09:36:30,690 [ca5d3c16-7565-4171-aee7-158c5cc4aa22@group-68B841171C69-LeaderElection47] INFO  impl.RoleInfo (RoleInfo.java:shutdownLeaderElection(130)) - ca5d3c16-7565-4171-aee7-158c5cc4aa22: shutdown ca5d3c16-7565-4171-aee7-158c5cc4aa22@group-68B841171C69-LeaderElection47
2023-05-08 09:36:30,690 [ca5d3c16-7565-4171-aee7-158c5cc4aa22@group-68B841171C69-LeaderElection47] INFO  server.RaftServer$Division (RaftServerImpl.java:setRole(321)) - ca5d3c16-7565-4171-aee7-158c5cc4aa22@group-68B841171C69: changes role from CANDIDATE to LEADER at term 1 for changeToLeader
2023-05-08 09:36:30,690 [ca5d3c16-7565-4171-aee7-158c5cc4aa22@group-68B841171C69-LeaderElection47] INFO  ratis.XceiverServerRatis (XceiverServerRatis.java:handleLeaderChangedNotification(904)) - Leader change notification received for group: group-68B841171C69 with new leaderId: ca5d3c16-7565-4171-aee7-158c5cc4aa22
2023-05-08 09:36:30,690 [ca5d3c16-7565-4171-aee7-158c5cc4aa22@group-68B841171C69-LeaderElection47] INFO  server.RaftServer$Division (ServerState.java:setLeader(313)) - ca5d3c16-7565-4171-aee7-158c5cc4aa22@group-68B841171C69: change Leader from null to ca5d3c16-7565-4171-aee7-158c5cc4aa22 at term 1 for becomeLeader, leader elected after 5123ms
2023-05-08 09:36:30,690 [ca5d3c16-7565-4171-aee7-158c5cc4aa22@group-68B841171C69-LeaderElection47] INFO  server.RaftServerConfigKeys (ConfUtils.java:logGet(46)) - raft.server.staging.catchup.gap = 1000 (default)
2023-05-08 09:36:30,690 [ca5d3c16-7565-4171-aee7-158c5cc4aa22@group-68B841171C69-LeaderElection47] INFO  server.RaftServerConfigKeys (ConfUtils.java:logGet(46)) - raft.server.write.element-limit = 1024 (custom)
2023-05-08 09:36:30,690 [ca5d3c16-7565-4171-aee7-158c5cc4aa22@group-68B841171C69-LeaderElection47] INFO  server.RaftServerConfigKeys (ConfUtils.java:logGet(46)) - raft.server.write.byte-limit = 1024 M (=1073741824) (custom)
2023-05-08 09:36:30,691 [ca5d3c16-7565-4171-aee7-158c5cc4aa22@group-68B841171C69-LeaderElection47] INFO  server.RaftServerConfigKeys (ConfUtils.java:logGet(46)) - raft.server.watch.timeout = 180s (custom)
2023-05-08 09:36:30,691 [ca5d3c16-7565-4171-aee7-158c5cc4aa22@group-68B841171C69-LeaderElection47] INFO  server.RaftServerConfigKeys (ConfUtils.java:logGet(46)) - raft.server.watch.timeout.denomination = 1s (default)
2023-05-08 09:36:30,691 [ca5d3c16-7565-4171-aee7-158c5cc4aa22@group-68B841171C69-LeaderElection47] INFO  server.RaftServerConfigKeys (ConfUtils.java:logGet(46)) - raft.server.watch.element-limit = 65536 (default)
2023-05-08 09:36:30,691 [ca5d3c16-7565-4171-aee7-158c5cc4aa22@group-68B841171C69-LeaderElection47] INFO  server.RaftServerConfigKeys (ConfUtils.java:logGet(46)) - raft.server.write.element-limit = 1024 (custom)
2023-05-08 09:36:30,691 [ca5d3c16-7565-4171-aee7-158c5cc4aa22@group-68B841171C69-LeaderElection47] INFO  server.RaftServerConfigKeys (ConfUtils.java:logGet(46)) - raft.server.write.follower.gap.ratio.max = -1.0 (default)
2023-05-08 09:36:30,691 [ca5d3c16-7565-4171-aee7-158c5cc4aa22@group-68B841171C69-LeaderElection47] INFO  server.RaftServerConfigKeys (ConfUtils.java:logGet(46)) - raft.server.log.appender.snapshot.chunk.size.max = 16MB (=16777216) (default)
2023-05-08 09:36:30,691 [ca5d3c16-7565-4171-aee7-158c5cc4aa22@group-68B841171C69-LeaderElection47] INFO  server.RaftServerConfigKeys (ConfUtils.java:logGet(46)) - raft.server.log.appender.buffer.byte-limit = 33554432 (custom)
2023-05-08 09:36:30,691 [ca5d3c16-7565-4171-aee7-158c5cc4aa22@group-68B841171C69-LeaderElection47] INFO  server.RaftServerConfigKeys (ConfUtils.java:logGet(46)) - raft.server.log.appender.buffer.element-limit = 1 (custom)
2023-05-08 09:36:30,691 [ca5d3c16-7565-4171-aee7-158c5cc4aa22@group-68B841171C69-LeaderElection47] INFO  grpc.GrpcConfigKeys (ConfUtils.java:logGet(46)) - raft.grpc.server.leader.outstanding.appends.max = 128 (default)
2023-05-08 09:36:30,691 [ca5d3c16-7565-4171-aee7-158c5cc4aa22@group-68B841171C69-LeaderElection47] INFO  server.RaftServerConfigKeys (ConfUtils.java:logGet(46)) - raft.server.rpc.request.timeout = 60s (custom)
2023-05-08 09:36:30,691 [ca5d3c16-7565-4171-aee7-158c5cc4aa22@group-68B841171C69-LeaderElection47] INFO  server.RaftServerConfigKeys (ConfUtils.java:logGet(46)) - raft.server.log.appender.install.snapshot.enabled = false (custom)
2023-05-08 09:36:30,691 [ca5d3c16-7565-4171-aee7-158c5cc4aa22@group-68B841171C69-LeaderElection47] INFO  grpc.GrpcConfigKeys (ConfUtils.java:logGet(46)) - raft.grpc.server.heartbeat.channel = true (default)
2023-05-08 09:36:30,691 [ca5d3c16-7565-4171-aee7-158c5cc4aa22@group-68B841171C69-LeaderElection47] INFO  server.RaftServerConfigKeys (ConfUtils.java:logGet(46)) - raft.server.log.appender.wait-time.min = 10ms (default)
2023-05-08 09:36:30,692 [ca5d3c16-7565-4171-aee7-158c5cc4aa22@group-68B841171C69-LeaderElection47] INFO  server.RaftServerConfigKeys (ConfUtils.java:logGet(46)) - raft.server.log.appender.snapshot.chunk.size.max = 16MB (=16777216) (default)
2023-05-08 09:36:30,692 [ca5d3c16-7565-4171-aee7-158c5cc4aa22@group-68B841171C69-LeaderElection47] INFO  server.RaftServerConfigKeys (ConfUtils.java:logGet(46)) - raft.server.log.appender.buffer.byte-limit = 33554432 (custom)
2023-05-08 09:36:30,692 [ca5d3c16-7565-4171-aee7-158c5cc4aa22@group-68B841171C69-LeaderElection47] INFO  server.RaftServerConfigKeys (ConfUtils.java:logGet(46)) - raft.server.log.appender.buffer.element-limit = 1 (custom)
2023-05-08 09:36:30,692 [ca5d3c16-7565-4171-aee7-158c5cc4aa22@group-68B841171C69-LeaderElection47] INFO  grpc.GrpcConfigKeys (ConfUtils.java:logGet(46)) - raft.grpc.server.leader.outstanding.appends.max = 128 (default)
2023-05-08 09:36:30,692 [ca5d3c16-7565-4171-aee7-158c5cc4aa22@group-68B841171C69-LeaderElection47] INFO  server.RaftServerConfigKeys (ConfUtils.java:logGet(46)) - raft.server.rpc.request.timeout = 60s (custom)
2023-05-08 09:36:30,692 [ca5d3c16-7565-4171-aee7-158c5cc4aa22@group-68B841171C69-LeaderElection47] INFO  server.RaftServerConfigKeys (ConfUtils.java:logGet(46)) - raft.server.log.appender.install.snapshot.enabled = false (custom)
2023-05-08 09:36:30,692 [ca5d3c16-7565-4171-aee7-158c5cc4aa22@group-68B841171C69-LeaderElection47] INFO  grpc.GrpcConfigKeys (ConfUtils.java:logGet(46)) - raft.grpc.server.heartbeat.channel = true (default)
2023-05-08 09:36:30,692 [ca5d3c16-7565-4171-aee7-158c5cc4aa22@group-68B841171C69-LeaderElection47] INFO  server.RaftServerConfigKeys (ConfUtils.java:logGet(46)) - raft.server.log.appender.wait-time.min = 10ms (default)
2023-05-08 09:36:30,692 [ca5d3c16-7565-4171-aee7-158c5cc4aa22@group-68B841171C69-LeaderElection47] INFO  impl.RoleInfo (RoleInfo.java:updateAndGet(139)) - ca5d3c16-7565-4171-aee7-158c5cc4aa22: start ca5d3c16-7565-4171-aee7-158c5cc4aa22@group-68B841171C69-LeaderStateImpl
2023-05-08 09:36:30,692 [ca5d3c16-7565-4171-aee7-158c5cc4aa22@group-68B841171C69-LeaderElection47] INFO  segmented.SegmentedRaftLogWorker (SegmentedRaftLogWorker.java:startLogSegment(452)) - ca5d3c16-7565-4171-aee7-158c5cc4aa22@group-68B841171C69-SegmentedRaftLogWorker: Starting segment from index:0
2023-05-08 09:36:30,694 [EventQueue-PipelineReportForPipelineReportHandler] INFO  pipeline.PipelineManagerImpl (PipelineManagerImpl.java:openPipeline(367)) - Pipeline Pipeline[ Id: 5a59ef5e-1b6b-436b-9bc3-68b841171c69, Nodes: 97ae9001-8f77-4e57-887b-8866c45c8853(fv-az96-539/10.1.0.160)5079cb12-7c0c-49ee-b9b9-b1ba79861d13(fv-az96-539/10.1.0.160)ca5d3c16-7565-4171-aee7-158c5cc4aa22(fv-az96-539/10.1.0.160), ReplicationConfig: RATIS/THREE, State:ALLOCATED, leaderId:ca5d3c16-7565-4171-aee7-158c5cc4aa22, CreationTimestamp2023-05-08T09:36:23.123Z[Etc/UTC]] moved to OPEN state
2023-05-08 09:36:30,694 [EventQueue-OpenPipelineForHealthyPipelineSafeModeRule] INFO  safemode.SCMSafeModeManager (HealthyPipelineSafeModeRule.java:process(137)) - SCM in safe mode. Healthy pipelines reported count is 0, required healthy pipeline reported count is 1
2023-05-08 09:36:30,694 [EventQueue-OpenPipelineForHealthyPipelineSafeModeRule] INFO  safemode.SCMSafeModeManager (HealthyPipelineSafeModeRule.java:process(137)) - SCM in safe mode. Healthy pipelines reported count is 1, required healthy pipeline reported count is 1
2023-05-08 09:36:30,694 [EventQueue-OpenPipelineForHealthyPipelineSafeModeRule] INFO  safemode.SCMSafeModeManager (SCMSafeModeManager.java:validateSafeModeExitRules(200)) - HealthyPipelineSafeModeRule rule is successfully validated
2023-05-08 09:36:30,694 [EventQueue-OpenPipelineForHealthyPipelineSafeModeRule] INFO  safemode.SCMSafeModeManager (SCMSafeModeManager.java:validateSafeModeExitRules(215)) - ScmSafeModeManager, all rules are successfully validated
2023-05-08 09:36:30,694 [EventQueue-OpenPipelineForHealthyPipelineSafeModeRule] INFO  safemode.SCMSafeModeManager (SCMSafeModeManager.java:exitSafeMode(244)) - SCM exiting safe mode.
2023-05-08 09:36:30,694 [EventQueue-OpenPipelineForHealthyPipelineSafeModeRule] INFO  ha.SCMContext (SCMContext.java:updateSafeModeStatus(228)) - Update SafeModeStatus from SafeModeStatus{safeModeStatus=true, preCheckPassed=true} to SafeModeStatus{safeModeStatus=false, preCheckPassed=true}.
2023-05-08 09:36:30,694 [EventQueue-OpenPipelineForHealthyPipelineSafeModeRule] INFO  pipeline.BackgroundPipelineCreator (BackgroundPipelineCreator.java:notifyStatusChanged(254)) - Service BackgroundPipelineCreator transitions to RUNNING.
2023-05-08 09:36:30,694 [EventQueue-OpenPipelineForHealthyPipelineSafeModeRule] INFO  BackgroundPipelineScrubber (BackgroundSCMService.java:notifyStatusChanged(82)) - Service BackgroundPipelineScrubber transitions to RUNNING.
2023-05-08 09:36:30,694 [EventQueue-OpenPipelineForHealthyPipelineSafeModeRule] INFO  ExpiredContainerReplicaOpScrubber (BackgroundSCMService.java:notifyStatusChanged(82)) - Service ExpiredContainerReplicaOpScrubber transitions to RUNNING.
2023-05-08 09:36:30,694 [EventQueue-OpenPipelineForHealthyPipelineSafeModeRule] INFO  replication.ReplicationManager (ReplicationManager.java:notifyStatusChanged(1370)) - Service ReplicationManager transitions to RUNNING.
2023-05-08 09:36:30,695 [EventQueue-OpenPipelineForHealthyPipelineSafeModeRule] WARN  balancer.ContainerBalancer (ContainerBalancer.java:shouldRun(132)) - Could not find persisted configuration for ContainerBalancer when checking if ContainerBalancer should run. ContainerBalancer should not run now.
2023-05-08 09:36:30,695 [ca5d3c16-7565-4171-aee7-158c5cc4aa22@group-68B841171C69-SegmentedRaftLogWorker] INFO  segmented.SegmentedRaftLogWorker (SegmentedRaftLogWorker.java:execute(656)) - ca5d3c16-7565-4171-aee7-158c5cc4aa22@group-68B841171C69-SegmentedRaftLogWorker: created new log segment /home/runner/work/ozone/ozone/hadoop-ozone/integration-test/target/test-dir/MiniOzoneClusterImpl-9c6e49ad-420a-4650-a022-25d129319acc/datanode-1/data/ratis/5a59ef5e-1b6b-436b-9bc3-68b841171c69/current/log_inprogress_0
2023-05-08 09:36:30,697 [97ae9001-8f77-4e57-887b-8866c45c8853@group-68B841171C69-FollowerState] INFO  server.RaftServerConfigKeys (ConfUtils.java:logFallback(53)) - raft.server.rpc.first-election.timeout.min = 5s (fallback to raft.server.rpc.timeout.min)
2023-05-08 09:36:30,697 [97ae9001-8f77-4e57-887b-8866c45c8853@group-68B841171C69-FollowerState] INFO  server.RaftServerConfigKeys (ConfUtils.java:logFallback(53)) - raft.server.rpc.first-election.timeout.max = 5200ms (fallback to raft.server.rpc.timeout.max)
2023-05-08 09:36:30,701 [ca5d3c16-7565-4171-aee7-158c5cc4aa22@group-68B841171C69-LeaderElection47] INFO  server.RaftServer$Division (ServerState.java:setRaftConf(430)) - ca5d3c16-7565-4171-aee7-158c5cc4aa22@group-68B841171C69: set configuration 0: peers:[5079cb12-7c0c-49ee-b9b9-b1ba79861d13|rpc:10.1.0.160:33913|dataStream:10.1.0.160:42539|priority:0|startupRole:FOLLOWER, 97ae9001-8f77-4e57-887b-8866c45c8853|rpc:10.1.0.160:43931|dataStream:10.1.0.160:46669|priority:0|startupRole:FOLLOWER, ca5d3c16-7565-4171-aee7-158c5cc4aa22|rpc:10.1.0.160:33865|dataStream:10.1.0.160:34241|priority:1|startupRole:FOLLOWER]|listeners:[], old=null
2023-05-08 09:36:30,725 [5079cb12-7c0c-49ee-b9b9-b1ba79861d13-server-thread1] INFO  ratis.XceiverServerRatis (XceiverServerRatis.java:handleLeaderChangedNotification(904)) - Leader change notification received for group: group-68B841171C69 with new leaderId: ca5d3c16-7565-4171-aee7-158c5cc4aa22
2023-05-08 09:36:30,725 [5079cb12-7c0c-49ee-b9b9-b1ba79861d13-server-thread1] INFO  server.RaftServer$Division (ServerState.java:setLeader(313)) - 5079cb12-7c0c-49ee-b9b9-b1ba79861d13@group-68B841171C69: change Leader from null to ca5d3c16-7565-4171-aee7-158c5cc4aa22 at term 1 for appendEntries, leader elected after 5189ms
2023-05-08 09:36:30,725 [97ae9001-8f77-4e57-887b-8866c45c8853-server-thread1] INFO  ratis.XceiverServerRatis (XceiverServerRatis.java:handleLeaderChangedNotification(904)) - Leader change notification received for group: group-68B841171C69 with new leaderId: ca5d3c16-7565-4171-aee7-158c5cc4aa22
2023-05-08 09:36:30,725 [97ae9001-8f77-4e57-887b-8866c45c8853-server-thread1] INFO  server.RaftServer$Division (ServerState.java:setLeader(313)) - 97ae9001-8f77-4e57-887b-8866c45c8853@group-68B841171C69: change Leader from null to ca5d3c16-7565-4171-aee7-158c5cc4aa22 at term 1 for appendEntries, leader elected after 5216ms
2023-05-08 09:36:30,732 [5079cb12-7c0c-49ee-b9b9-b1ba79861d13-server-thread1] INFO  server.RaftServer$Division (ServerState.java:setRaftConf(430)) - 5079cb12-7c0c-49ee-b9b9-b1ba79861d13@group-68B841171C69: set configuration 0: peers:[5079cb12-7c0c-49ee-b9b9-b1ba79861d13|rpc:10.1.0.160:33913|dataStream:10.1.0.160:42539|priority:0|startupRole:FOLLOWER, 97ae9001-8f77-4e57-887b-8866c45c8853|rpc:10.1.0.160:43931|dataStream:10.1.0.160:46669|priority:0|startupRole:FOLLOWER, ca5d3c16-7565-4171-aee7-158c5cc4aa22|rpc:10.1.0.160:33865|dataStream:10.1.0.160:34241|priority:1|startupRole:FOLLOWER]|listeners:[], old=null
2023-05-08 09:36:30,732 [5079cb12-7c0c-49ee-b9b9-b1ba79861d13-server-thread1] INFO  segmented.SegmentedRaftLogWorker (SegmentedRaftLogWorker.java:startLogSegment(452)) - 5079cb12-7c0c-49ee-b9b9-b1ba79861d13@group-68B841171C69-SegmentedRaftLogWorker: Starting segment from index:0
2023-05-08 09:36:30,734 [5079cb12-7c0c-49ee-b9b9-b1ba79861d13@group-68B841171C69-SegmentedRaftLogWorker] INFO  segmented.SegmentedRaftLogWorker (SegmentedRaftLogWorker.java:execute(656)) - 5079cb12-7c0c-49ee-b9b9-b1ba79861d13@group-68B841171C69-SegmentedRaftLogWorker: created new log segment /home/runner/work/ozone/ozone/hadoop-ozone/integration-test/target/test-dir/MiniOzoneClusterImpl-9c6e49ad-420a-4650-a022-25d129319acc/datanode-2/data/ratis/5a59ef5e-1b6b-436b-9bc3-68b841171c69/current/log_inprogress_0
2023-05-08 09:36:30,738 [97ae9001-8f77-4e57-887b-8866c45c8853-server-thread2] INFO  server.RaftServer$Division (ServerState.java:setRaftConf(430)) - 97ae9001-8f77-4e57-887b-8866c45c8853@group-68B841171C69: set configuration 0: peers:[5079cb12-7c0c-49ee-b9b9-b1ba79861d13|rpc:10.1.0.160:33913|dataStream:10.1.0.160:42539|priority:0|startupRole:FOLLOWER, 97ae9001-8f77-4e57-887b-8866c45c8853|rpc:10.1.0.160:43931|dataStream:10.1.0.160:46669|priority:0|startupRole:FOLLOWER, ca5d3c16-7565-4171-aee7-158c5cc4aa22|rpc:10.1.0.160:33865|dataStream:10.1.0.160:34241|priority:1|startupRole:FOLLOWER]|listeners:[], old=null
2023-05-08 09:36:30,739 [97ae9001-8f77-4e57-887b-8866c45c8853-server-thread2] INFO  segmented.SegmentedRaftLogWorker (SegmentedRaftLogWorker.java:startLogSegment(452)) - 97ae9001-8f77-4e57-887b-8866c45c8853@group-68B841171C69-SegmentedRaftLogWorker: Starting segment from index:0
2023-05-08 09:36:30,740 [97ae9001-8f77-4e57-887b-8866c45c8853@group-68B841171C69-SegmentedRaftLogWorker] INFO  segmented.SegmentedRaftLogWorker (SegmentedRaftLogWorker.java:execute(656)) - 97ae9001-8f77-4e57-887b-8866c45c8853@group-68B841171C69-SegmentedRaftLogWorker: created new log segment /home/runner/work/ozone/ozone/hadoop-ozone/integration-test/target/test-dir/MiniOzoneClusterImpl-9c6e49ad-420a-4650-a022-25d129319acc/datanode-0/data/ratis/5a59ef5e-1b6b-436b-9bc3-68b841171c69/current/log_inprogress_0
2023-05-08 09:36:30,770 [ca5d3c16-7565-4171-aee7-158c5cc4aa22@group-D1052B0B398D-FollowerState] INFO  impl.FollowerState (FollowerState.java:run(143)) - ca5d3c16-7565-4171-aee7-158c5cc4aa22@group-D1052B0B398D-FollowerState: change to CANDIDATE, lastRpcElapsedTime:5134314278ns, electionTimeout:5132ms
2023-05-08 09:36:30,770 [ca5d3c16-7565-4171-aee7-158c5cc4aa22@group-D1052B0B398D-FollowerState] INFO  impl.RoleInfo (RoleInfo.java:shutdownFollowerState(110)) - ca5d3c16-7565-4171-aee7-158c5cc4aa22: shutdown ca5d3c16-7565-4171-aee7-158c5cc4aa22@group-D1052B0B398D-FollowerState
2023-05-08 09:36:30,770 [ca5d3c16-7565-4171-aee7-158c5cc4aa22@group-D1052B0B398D-FollowerState] INFO  server.RaftServer$Division (RaftServerImpl.java:setRole(321)) - ca5d3c16-7565-4171-aee7-158c5cc4aa22@group-D1052B0B398D: changes role from  FOLLOWER to CANDIDATE at term 0 for changeToCandidate
2023-05-08 09:36:30,770 [ca5d3c16-7565-4171-aee7-158c5cc4aa22@group-D1052B0B398D-FollowerState] INFO  server.RaftServerConfigKeys (ConfUtils.java:logGet(46)) - raft.server.leaderelection.pre-vote = true (default)
2023-05-08 09:36:30,770 [ca5d3c16-7565-4171-aee7-158c5cc4aa22@group-D1052B0B398D-FollowerState] INFO  impl.RoleInfo (RoleInfo.java:updateAndGet(139)) - ca5d3c16-7565-4171-aee7-158c5cc4aa22: start ca5d3c16-7565-4171-aee7-158c5cc4aa22@group-D1052B0B398D-LeaderElection48
2023-05-08 09:36:30,772 [ca5d3c16-7565-4171-aee7-158c5cc4aa22@group-D1052B0B398D-LeaderElection48] INFO  impl.LeaderElection (LeaderElection.java:askForVotes(312)) - ca5d3c16-7565-4171-aee7-158c5cc4aa22@group-D1052B0B398D-LeaderElection48 PRE_VOTE round 0: submit vote requests at term 0 for -1: peers:[5079cb12-7c0c-49ee-b9b9-b1ba79861d13|rpc:10.1.0.160:33913|dataStream:10.1.0.160:42539|priority:0|startupRole:FOLLOWER, 97ae9001-8f77-4e57-887b-8866c45c8853|rpc:10.1.0.160:43931|dataStream:10.1.0.160:46669|priority:1|startupRole:FOLLOWER, ca5d3c16-7565-4171-aee7-158c5cc4aa22|rpc:10.1.0.160:33865|dataStream:10.1.0.160:34241|priority:0|startupRole:FOLLOWER]|listeners:[], old=null
2023-05-08 09:36:30,773 [grpc-default-executor-2] INFO  server.RaftServer$Division (RaftServerImpl.java:requestVote(1218)) - 5079cb12-7c0c-49ee-b9b9-b1ba79861d13@group-D1052B0B398D: receive requestVote(PRE_VOTE, ca5d3c16-7565-4171-aee7-158c5cc4aa22, group-D1052B0B398D, 0, (t:0, i:0))
2023-05-08 09:36:30,773 [grpc-default-executor-2] INFO  impl.VoteContext (VoteContext.java:log(49)) - 5079cb12-7c0c-49ee-b9b9-b1ba79861d13@group-D1052B0B398D-FOLLOWER: accept PRE_VOTE from ca5d3c16-7565-4171-aee7-158c5cc4aa22: our priority 0 <= candidate's priority 0
2023-05-08 09:36:30,773 [grpc-default-executor-2] INFO  server.RaftServer$Division (RaftServerImpl.java:requestVote(1251)) - 5079cb12-7c0c-49ee-b9b9-b1ba79861d13@group-D1052B0B398D replies to PRE_VOTE vote request: ca5d3c16-7565-4171-aee7-158c5cc4aa22<-5079cb12-7c0c-49ee-b9b9-b1ba79861d13#0:OK-t0. Peer's state: 5079cb12-7c0c-49ee-b9b9-b1ba79861d13@group-D1052B0B398D:t0, leader=null, voted=, raftlog=Memoized:5079cb12-7c0c-49ee-b9b9-b1ba79861d13@group-D1052B0B398D-SegmentedRaftLog:OPENED:c-1, conf=-1: peers:[5079cb12-7c0c-49ee-b9b9-b1ba79861d13|rpc:10.1.0.160:33913|dataStream:10.1.0.160:42539|priority:0|startupRole:FOLLOWER, 97ae9001-8f77-4e57-887b-8866c45c8853|rpc:10.1.0.160:43931|dataStream:10.1.0.160:46669|priority:1|startupRole:FOLLOWER, ca5d3c16-7565-4171-aee7-158c5cc4aa22|rpc:10.1.0.160:33865|dataStream:10.1.0.160:34241|priority:0|startupRole:FOLLOWER]|listeners:[], old=null
2023-05-08 09:36:30,774 [ca5d3c16-7565-4171-aee7-158c5cc4aa22@group-D1052B0B398D-LeaderElection48] INFO  server.RaftServerConfigKeys (ConfUtils.java:logFallback(53)) - raft.server.rpc.first-election.timeout.min = 5s (fallback to raft.server.rpc.timeout.min)
2023-05-08 09:36:30,774 [ca5d3c16-7565-4171-aee7-158c5cc4aa22@group-D1052B0B398D-LeaderElection48] INFO  server.RaftServerConfigKeys (ConfUtils.java:logFallback(53)) - raft.server.rpc.first-election.timeout.max = 5200ms (fallback to raft.server.rpc.timeout.max)
2023-05-08 09:36:30,775 [grpc-default-executor-2] INFO  server.RaftServer$Division (RaftServerImpl.java:requestVote(1218)) - 97ae9001-8f77-4e57-887b-8866c45c8853@group-D1052B0B398D: receive requestVote(PRE_VOTE, ca5d3c16-7565-4171-aee7-158c5cc4aa22, group-D1052B0B398D, 0, (t:0, i:0))
2023-05-08 09:36:30,775 [grpc-default-executor-2] INFO  impl.VoteContext (VoteContext.java:log(49)) - 97ae9001-8f77-4e57-887b-8866c45c8853@group-D1052B0B398D-FOLLOWER: reject PRE_VOTE from ca5d3c16-7565-4171-aee7-158c5cc4aa22: our priority 1 > candidate's priority 0
2023-05-08 09:36:30,776 [grpc-default-executor-2] INFO  server.RaftServer$Division (RaftServerImpl.java:requestVote(1251)) - 97ae9001-8f77-4e57-887b-8866c45c8853@group-D1052B0B398D replies to PRE_VOTE vote request: ca5d3c16-7565-4171-aee7-158c5cc4aa22<-97ae9001-8f77-4e57-887b-8866c45c8853#0:FAIL-t0. Peer's state: 97ae9001-8f77-4e57-887b-8866c45c8853@group-D1052B0B398D:t0, leader=null, voted=, raftlog=Memoized:97ae9001-8f77-4e57-887b-8866c45c8853@group-D1052B0B398D-SegmentedRaftLog:OPENED:c-1, conf=-1: peers:[5079cb12-7c0c-49ee-b9b9-b1ba79861d13|rpc:10.1.0.160:33913|dataStream:10.1.0.160:42539|priority:0|startupRole:FOLLOWER, 97ae9001-8f77-4e57-887b-8866c45c8853|rpc:10.1.0.160:43931|dataStream:10.1.0.160:46669|priority:1|startupRole:FOLLOWER, ca5d3c16-7565-4171-aee7-158c5cc4aa22|rpc:10.1.0.160:33865|dataStream:10.1.0.160:34241|priority:0|startupRole:FOLLOWER]|listeners:[], old=null
2023-05-08 09:36:30,776 [ca5d3c16-7565-4171-aee7-158c5cc4aa22@group-D1052B0B398D-LeaderElection48] INFO  impl.LeaderElection (LeaderElection.java:logAndReturn(90)) - ca5d3c16-7565-4171-aee7-158c5cc4aa22@group-D1052B0B398D-LeaderElection48: PRE_VOTE REJECTED received 2 response(s) and 0 exception(s):
2023-05-08 09:36:30,776 [ca5d3c16-7565-4171-aee7-158c5cc4aa22@group-D1052B0B398D-LeaderElection48] INFO  impl.LeaderElection (LeaderElection.java:logAndReturn(94)) -   Response 0: ca5d3c16-7565-4171-aee7-158c5cc4aa22<-5079cb12-7c0c-49ee-b9b9-b1ba79861d13#0:OK-t0
2023-05-08 09:36:30,776 [ca5d3c16-7565-4171-aee7-158c5cc4aa22@group-D1052B0B398D-LeaderElection48] INFO  impl.LeaderElection (LeaderElection.java:logAndReturn(94)) -   Response 1: ca5d3c16-7565-4171-aee7-158c5cc4aa22<-97ae9001-8f77-4e57-887b-8866c45c8853#0:FAIL-t0
2023-05-08 09:36:30,777 [ca5d3c16-7565-4171-aee7-158c5cc4aa22@group-D1052B0B398D-LeaderElection48] INFO  impl.LeaderElection (LeaderElection.java:askForVotes(314)) - ca5d3c16-7565-4171-aee7-158c5cc4aa22@group-D1052B0B398D-LeaderElection48 PRE_VOTE round 0: result REJECTED
2023-05-08 09:36:30,777 [ca5d3c16-7565-4171-aee7-158c5cc4aa22@group-D1052B0B398D-LeaderElection48] INFO  server.RaftServer$Division (RaftServerImpl.java:setRole(321)) - ca5d3c16-7565-4171-aee7-158c5cc4aa22@group-D1052B0B398D: changes role from CANDIDATE to FOLLOWER at term 0 for REJECTED
2023-05-08 09:36:30,777 [ca5d3c16-7565-4171-aee7-158c5cc4aa22@group-D1052B0B398D-LeaderElection48] INFO  impl.RoleInfo (RoleInfo.java:shutdownLeaderElection(130)) - ca5d3c16-7565-4171-aee7-158c5cc4aa22: shutdown ca5d3c16-7565-4171-aee7-158c5cc4aa22@group-D1052B0B398D-LeaderElection48
2023-05-08 09:36:30,777 [ca5d3c16-7565-4171-aee7-158c5cc4aa22@group-D1052B0B398D-LeaderElection48] INFO  impl.RoleInfo (RoleInfo.java:updateAndGet(139)) - ca5d3c16-7565-4171-aee7-158c5cc4aa22: start ca5d3c16-7565-4171-aee7-158c5cc4aa22@group-D1052B0B398D-FollowerState
2023-05-08 09:36:30,777 [ca5d3c16-7565-4171-aee7-158c5cc4aa22@group-D1052B0B398D-FollowerState] INFO  server.RaftServerConfigKeys (ConfUtils.java:logFallback(53)) - raft.server.rpc.first-election.timeout.min = 5s (fallback to raft.server.rpc.timeout.min)
2023-05-08 09:36:30,777 [ca5d3c16-7565-4171-aee7-158c5cc4aa22@group-D1052B0B398D-FollowerState] INFO  server.RaftServerConfigKeys (ConfUtils.java:logFallback(53)) - raft.server.rpc.first-election.timeout.max = 5200ms (fallback to raft.server.rpc.timeout.max)
2023-05-08 09:36:30,785 [97ae9001-8f77-4e57-887b-8866c45c8853@group-D1052B0B398D-FollowerState] INFO  impl.FollowerState (FollowerState.java:run(143)) - 97ae9001-8f77-4e57-887b-8866c45c8853@group-D1052B0B398D-FollowerState: change to CANDIDATE, lastRpcElapsedTime:5178026719ns, electionTimeout:5176ms
2023-05-08 09:36:30,785 [97ae9001-8f77-4e57-887b-8866c45c8853@group-D1052B0B398D-FollowerState] INFO  impl.RoleInfo (RoleInfo.java:shutdownFollowerState(110)) - 97ae9001-8f77-4e57-887b-8866c45c8853: shutdown 97ae9001-8f77-4e57-887b-8866c45c8853@group-D1052B0B398D-FollowerState
2023-05-08 09:36:30,785 [97ae9001-8f77-4e57-887b-8866c45c8853@group-D1052B0B398D-FollowerState] INFO  server.RaftServer$Division (RaftServerImpl.java:setRole(321)) - 97ae9001-8f77-4e57-887b-8866c45c8853@group-D1052B0B398D: changes role from  FOLLOWER to CANDIDATE at term 0 for changeToCandidate
2023-05-08 09:36:30,785 [97ae9001-8f77-4e57-887b-8866c45c8853@group-D1052B0B398D-FollowerState] INFO  server.RaftServerConfigKeys (ConfUtils.java:logGet(46)) - raft.server.leaderelection.pre-vote = true (default)
2023-05-08 09:36:30,785 [97ae9001-8f77-4e57-887b-8866c45c8853@group-D1052B0B398D-FollowerState] INFO  impl.RoleInfo (RoleInfo.java:updateAndGet(139)) - 97ae9001-8f77-4e57-887b-8866c45c8853: start 97ae9001-8f77-4e57-887b-8866c45c8853@group-D1052B0B398D-LeaderElection49
2023-05-08 09:36:30,786 [97ae9001-8f77-4e57-887b-8866c45c8853@group-D1052B0B398D-LeaderElection49] INFO  impl.LeaderElection (LeaderElection.java:askForVotes(312)) - 97ae9001-8f77-4e57-887b-8866c45c8853@group-D1052B0B398D-LeaderElection49 PRE_VOTE round 0: submit vote requests at term 0 for -1: peers:[5079cb12-7c0c-49ee-b9b9-b1ba79861d13|rpc:10.1.0.160:33913|dataStream:10.1.0.160:42539|priority:0|startupRole:FOLLOWER, 97ae9001-8f77-4e57-887b-8866c45c8853|rpc:10.1.0.160:43931|dataStream:10.1.0.160:46669|priority:1|startupRole:FOLLOWER, ca5d3c16-7565-4171-aee7-158c5cc4aa22|rpc:10.1.0.160:33865|dataStream:10.1.0.160:34241|priority:0|startupRole:FOLLOWER]|listeners:[], old=null
2023-05-08 09:36:30,787 [grpc-default-executor-2] INFO  server.RaftServer$Division (RaftServerImpl.java:requestVote(1218)) - 5079cb12-7c0c-49ee-b9b9-b1ba79861d13@group-D1052B0B398D: receive requestVote(PRE_VOTE, 97ae9001-8f77-4e57-887b-8866c45c8853, group-D1052B0B398D, 0, (t:0, i:0))
2023-05-08 09:36:30,788 [grpc-default-executor-2] INFO  impl.VoteContext (VoteContext.java:log(49)) - 5079cb12-7c0c-49ee-b9b9-b1ba79861d13@group-D1052B0B398D-FOLLOWER: accept PRE_VOTE from 97ae9001-8f77-4e57-887b-8866c45c8853: our priority 0 <= candidate's priority 1
2023-05-08 09:36:30,788 [grpc-default-executor-2] INFO  server.RaftServer$Division (RaftServerImpl.java:requestVote(1251)) - 5079cb12-7c0c-49ee-b9b9-b1ba79861d13@group-D1052B0B398D replies to PRE_VOTE vote request: 97ae9001-8f77-4e57-887b-8866c45c8853<-5079cb12-7c0c-49ee-b9b9-b1ba79861d13#0:OK-t0. Peer's state: 5079cb12-7c0c-49ee-b9b9-b1ba79861d13@group-D1052B0B398D:t0, leader=null, voted=, raftlog=Memoized:5079cb12-7c0c-49ee-b9b9-b1ba79861d13@group-D1052B0B398D-SegmentedRaftLog:OPENED:c-1, conf=-1: peers:[5079cb12-7c0c-49ee-b9b9-b1ba79861d13|rpc:10.1.0.160:33913|dataStream:10.1.0.160:42539|priority:0|startupRole:FOLLOWER, 97ae9001-8f77-4e57-887b-8866c45c8853|rpc:10.1.0.160:43931|dataStream:10.1.0.160:46669|priority:1|startupRole:FOLLOWER, ca5d3c16-7565-4171-aee7-158c5cc4aa22|rpc:10.1.0.160:33865|dataStream:10.1.0.160:34241|priority:0|startupRole:FOLLOWER]|listeners:[], old=null
2023-05-08 09:36:30,788 [97ae9001-8f77-4e57-887b-8866c45c8853@group-D1052B0B398D-LeaderElection49] INFO  server.RaftServerConfigKeys (ConfUtils.java:logFallback(53)) - raft.server.rpc.first-election.timeout.min = 5s (fallback to raft.server.rpc.timeout.min)
2023-05-08 09:36:30,788 [97ae9001-8f77-4e57-887b-8866c45c8853@group-D1052B0B398D-LeaderElection49] INFO  server.RaftServerConfigKeys (ConfUtils.java:logFallback(53)) - raft.server.rpc.first-election.timeout.max = 5200ms (fallback to raft.server.rpc.timeout.max)
2023-05-08 09:36:30,792 [97ae9001-8f77-4e57-887b-8866c45c8853@group-D1052B0B398D-LeaderElection49] INFO  impl.LeaderElection (LeaderElection.java:logAndReturn(90)) - 97ae9001-8f77-4e57-887b-8866c45c8853@group-D1052B0B398D-LeaderElection49: PRE_VOTE PASSED received 1 response(s) and 0 exception(s):
2023-05-08 09:36:30,792 [97ae9001-8f77-4e57-887b-8866c45c8853@group-D1052B0B398D-LeaderElection49] INFO  impl.LeaderElection (LeaderElection.java:logAndReturn(94)) -   Response 0: 97ae9001-8f77-4e57-887b-8866c45c8853<-5079cb12-7c0c-49ee-b9b9-b1ba79861d13#0:OK-t0
2023-05-08 09:36:30,792 [97ae9001-8f77-4e57-887b-8866c45c8853@group-D1052B0B398D-LeaderElection49] INFO  impl.LeaderElection (LeaderElection.java:askForVotes(314)) - 97ae9001-8f77-4e57-887b-8866c45c8853@group-D1052B0B398D-LeaderElection49 PRE_VOTE round 0: result PASSED
2023-05-08 09:36:30,794 [grpc-default-executor-2] INFO  server.RaftServer$Division (RaftServerImpl.java:requestVote(1218)) - ca5d3c16-7565-4171-aee7-158c5cc4aa22@group-D1052B0B398D: receive requestVote(PRE_VOTE, 97ae9001-8f77-4e57-887b-8866c45c8853, group-D1052B0B398D, 0, (t:0, i:0))
2023-05-08 09:36:30,794 [grpc-default-executor-2] INFO  impl.VoteContext (VoteContext.java:log(49)) - ca5d3c16-7565-4171-aee7-158c5cc4aa22@group-D1052B0B398D-FOLLOWER: accept PRE_VOTE from 97ae9001-8f77-4e57-887b-8866c45c8853: our priority 0 <= candidate's priority 1
2023-05-08 09:36:30,794 [grpc-default-executor-2] INFO  server.RaftServer$Division (RaftServerImpl.java:requestVote(1251)) - ca5d3c16-7565-4171-aee7-158c5cc4aa22@group-D1052B0B398D replies to PRE_VOTE vote request: 97ae9001-8f77-4e57-887b-8866c45c8853<-ca5d3c16-7565-4171-aee7-158c5cc4aa22#0:OK-t0. Peer's state: ca5d3c16-7565-4171-aee7-158c5cc4aa22@group-D1052B0B398D:t0, leader=null, voted=, raftlog=Memoized:ca5d3c16-7565-4171-aee7-158c5cc4aa22@group-D1052B0B398D-SegmentedRaftLog:OPENED:c-1, conf=-1: peers:[5079cb12-7c0c-49ee-b9b9-b1ba79861d13|rpc:10.1.0.160:33913|dataStream:10.1.0.160:42539|priority:0|startupRole:FOLLOWER, 97ae9001-8f77-4e57-887b-8866c45c8853|rpc:10.1.0.160:43931|dataStream:10.1.0.160:46669|priority:1|startupRole:FOLLOWER, ca5d3c16-7565-4171-aee7-158c5cc4aa22|rpc:10.1.0.160:33865|dataStream:10.1.0.160:34241|priority:0|startupRole:FOLLOWER]|listeners:[], old=null
2023-05-08 09:36:30,794 [97ae9001-8f77-4e57-887b-8866c45c8853@group-D1052B0B398D-LeaderElection49] INFO  impl.LeaderElection (LeaderElection.java:askForVotes(312)) - 97ae9001-8f77-4e57-887b-8866c45c8853@group-D1052B0B398D-LeaderElection49 ELECTION round 0: submit vote requests at term 1 for -1: peers:[5079cb12-7c0c-49ee-b9b9-b1ba79861d13|rpc:10.1.0.160:33913|dataStream:10.1.0.160:42539|priority:0|startupRole:FOLLOWER, 97ae9001-8f77-4e57-887b-8866c45c8853|rpc:10.1.0.160:43931|dataStream:10.1.0.160:46669|priority:1|startupRole:FOLLOWER, ca5d3c16-7565-4171-aee7-158c5cc4aa22|rpc:10.1.0.160:33865|dataStream:10.1.0.160:34241|priority:0|startupRole:FOLLOWER]|listeners:[], old=null
2023-05-08 09:36:30,795 [grpc-default-executor-2] INFO  server.RaftServer$Division (RaftServerImpl.java:requestVote(1218)) - 5079cb12-7c0c-49ee-b9b9-b1ba79861d13@group-D1052B0B398D: receive requestVote(ELECTION, 97ae9001-8f77-4e57-887b-8866c45c8853, group-D1052B0B398D, 1, (t:0, i:0))
2023-05-08 09:36:30,795 [grpc-default-executor-2] INFO  impl.VoteContext (VoteContext.java:log(49)) - 5079cb12-7c0c-49ee-b9b9-b1ba79861d13@group-D1052B0B398D-FOLLOWER: accept ELECTION from 97ae9001-8f77-4e57-887b-8866c45c8853: our priority 0 <= candidate's priority 1
2023-05-08 09:36:30,795 [grpc-default-executor-2] INFO  server.RaftServer$Division (RaftServerImpl.java:setRole(321)) - 5079cb12-7c0c-49ee-b9b9-b1ba79861d13@group-D1052B0B398D: changes role from  FOLLOWER to FOLLOWER at term 1 for candidate:97ae9001-8f77-4e57-887b-8866c45c8853
2023-05-08 09:36:30,796 [grpc-default-executor-2] INFO  impl.RoleInfo (RoleInfo.java:shutdownFollowerState(110)) - 5079cb12-7c0c-49ee-b9b9-b1ba79861d13: shutdown 5079cb12-7c0c-49ee-b9b9-b1ba79861d13@group-D1052B0B398D-FollowerState
2023-05-08 09:36:30,796 [97ae9001-8f77-4e57-887b-8866c45c8853@group-D1052B0B398D-LeaderElection49] INFO  server.RaftServerConfigKeys (ConfUtils.java:logFallback(53)) - raft.server.rpc.first-election.timeout.min = 5s (fallback to raft.server.rpc.timeout.min)
2023-05-08 09:36:30,796 [97ae9001-8f77-4e57-887b-8866c45c8853@group-D1052B0B398D-LeaderElection49] INFO  server.RaftServerConfigKeys (ConfUtils.java:logFallback(53)) - raft.server.rpc.first-election.timeout.max = 5200ms (fallback to raft.server.rpc.timeout.max)
2023-05-08 09:36:30,796 [grpc-default-executor-2] INFO  impl.RoleInfo (RoleInfo.java:updateAndGet(139)) - 5079cb12-7c0c-49ee-b9b9-b1ba79861d13: start 5079cb12-7c0c-49ee-b9b9-b1ba79861d13@group-D1052B0B398D-FollowerState
2023-05-08 09:36:30,796 [5079cb12-7c0c-49ee-b9b9-b1ba79861d13@group-D1052B0B398D-FollowerState] INFO  impl.FollowerState (FollowerState.java:run(152)) - 5079cb12-7c0c-49ee-b9b9-b1ba79861d13@group-D1052B0B398D-FollowerState was interrupted
2023-05-08 09:36:30,797 [grpc-default-executor-0] INFO  server.RaftServer$Division (RaftServerImpl.java:requestVote(1218)) - ca5d3c16-7565-4171-aee7-158c5cc4aa22@group-D1052B0B398D: receive requestVote(ELECTION, 97ae9001-8f77-4e57-887b-8866c45c8853, group-D1052B0B398D, 1, (t:0, i:0))
2023-05-08 09:36:30,797 [grpc-default-executor-0] INFO  impl.VoteContext (VoteContext.java:log(49)) - ca5d3c16-7565-4171-aee7-158c5cc4aa22@group-D1052B0B398D-FOLLOWER: accept ELECTION from 97ae9001-8f77-4e57-887b-8866c45c8853: our priority 0 <= candidate's priority 1
2023-05-08 09:36:30,797 [grpc-default-executor-0] INFO  server.RaftServer$Division (RaftServerImpl.java:setRole(321)) - ca5d3c16-7565-4171-aee7-158c5cc4aa22@group-D1052B0B398D: changes role from  FOLLOWER to FOLLOWER at term 1 for candidate:97ae9001-8f77-4e57-887b-8866c45c8853
2023-05-08 09:36:30,797 [grpc-default-executor-0] INFO  impl.RoleInfo (RoleInfo.java:shutdownFollowerState(110)) - ca5d3c16-7565-4171-aee7-158c5cc4aa22: shutdown ca5d3c16-7565-4171-aee7-158c5cc4aa22@group-D1052B0B398D-FollowerState
2023-05-08 09:36:30,797 [grpc-default-executor-0] INFO  impl.RoleInfo (RoleInfo.java:updateAndGet(139)) - ca5d3c16-7565-4171-aee7-158c5cc4aa22: start ca5d3c16-7565-4171-aee7-158c5cc4aa22@group-D1052B0B398D-FollowerState
2023-05-08 09:36:30,797 [ca5d3c16-7565-4171-aee7-158c5cc4aa22@group-D1052B0B398D-FollowerState] INFO  impl.FollowerState (FollowerState.java:run(152)) - ca5d3c16-7565-4171-aee7-158c5cc4aa22@group-D1052B0B398D-FollowerState was interrupted
2023-05-08 09:36:30,798 [ca5d3c16-7565-4171-aee7-158c5cc4aa22@group-D1052B0B398D-FollowerState] INFO  server.RaftServerConfigKeys (ConfUtils.java:logFallback(53)) - raft.server.rpc.first-election.timeout.min = 5s (fallback to raft.server.rpc.timeout.min)
2023-05-08 09:36:30,798 [ca5d3c16-7565-4171-aee7-158c5cc4aa22@group-D1052B0B398D-FollowerState] INFO  server.RaftServerConfigKeys (ConfUtils.java:logFallback(53)) - raft.server.rpc.first-election.timeout.max = 5200ms (fallback to raft.server.rpc.timeout.max)
2023-05-08 09:36:30,798 [grpc-default-executor-2] INFO  server.RaftServer$Division (RaftServerImpl.java:requestVote(1251)) - 5079cb12-7c0c-49ee-b9b9-b1ba79861d13@group-D1052B0B398D replies to ELECTION vote request: 97ae9001-8f77-4e57-887b-8866c45c8853<-5079cb12-7c0c-49ee-b9b9-b1ba79861d13#0:OK-t1. Peer's state: 5079cb12-7c0c-49ee-b9b9-b1ba79861d13@group-D1052B0B398D:t1, leader=null, voted=97ae9001-8f77-4e57-887b-8866c45c8853, raftlog=Memoized:5079cb12-7c0c-49ee-b9b9-b1ba79861d13@group-D1052B0B398D-SegmentedRaftLog:OPENED:c-1, conf=-1: peers:[5079cb12-7c0c-49ee-b9b9-b1ba79861d13|rpc:10.1.0.160:33913|dataStream:10.1.0.160:42539|priority:0|startupRole:FOLLOWER, 97ae9001-8f77-4e57-887b-8866c45c8853|rpc:10.1.0.160:43931|dataStream:10.1.0.160:46669|priority:1|startupRole:FOLLOWER, ca5d3c16-7565-4171-aee7-158c5cc4aa22|rpc:10.1.0.160:33865|dataStream:10.1.0.160:34241|priority:0|startupRole:FOLLOWER]|listeners:[], old=null
2023-05-08 09:36:30,798 [grpc-default-executor-0] INFO  server.RaftServer$Division (RaftServerImpl.java:requestVote(1251)) - ca5d3c16-7565-4171-aee7-158c5cc4aa22@group-D1052B0B398D replies to ELECTION vote request: 97ae9001-8f77-4e57-887b-8866c45c8853<-ca5d3c16-7565-4171-aee7-158c5cc4aa22#0:OK-t1. Peer's state: ca5d3c16-7565-4171-aee7-158c5cc4aa22@group-D1052B0B398D:t1, leader=null, voted=97ae9001-8f77-4e57-887b-8866c45c8853, raftlog=Memoized:ca5d3c16-7565-4171-aee7-158c5cc4aa22@group-D1052B0B398D-SegmentedRaftLog:OPENED:c-1, conf=-1: peers:[5079cb12-7c0c-49ee-b9b9-b1ba79861d13|rpc:10.1.0.160:33913|dataStream:10.1.0.160:42539|priority:0|startupRole:FOLLOWER, 97ae9001-8f77-4e57-887b-8866c45c8853|rpc:10.1.0.160:43931|dataStream:10.1.0.160:46669|priority:1|startupRole:FOLLOWER, ca5d3c16-7565-4171-aee7-158c5cc4aa22|rpc:10.1.0.160:33865|dataStream:10.1.0.160:34241|priority:0|startupRole:FOLLOWER]|listeners:[], old=null
2023-05-08 09:36:30,799 [97ae9001-8f77-4e57-887b-8866c45c8853@group-D1052B0B398D-LeaderElection49] INFO  impl.LeaderElection (LeaderElection.java:logAndReturn(90)) - 97ae9001-8f77-4e57-887b-8866c45c8853@group-D1052B0B398D-LeaderElection49: ELECTION PASSED received 1 response(s) and 0 exception(s):
2023-05-08 09:36:30,799 [97ae9001-8f77-4e57-887b-8866c45c8853@group-D1052B0B398D-LeaderElection49] INFO  impl.LeaderElection (LeaderElection.java:logAndReturn(94)) -   Response 0: 97ae9001-8f77-4e57-887b-8866c45c8853<-5079cb12-7c0c-49ee-b9b9-b1ba79861d13#0:OK-t1
2023-05-08 09:36:30,799 [97ae9001-8f77-4e57-887b-8866c45c8853@group-D1052B0B398D-LeaderElection49] INFO  impl.LeaderElection (LeaderElection.java:askForVotes(314)) - 97ae9001-8f77-4e57-887b-8866c45c8853@group-D1052B0B398D-LeaderElection49 ELECTION round 0: result PASSED
2023-05-08 09:36:30,799 [97ae9001-8f77-4e57-887b-8866c45c8853@group-D1052B0B398D-LeaderElection49] INFO  impl.RoleInfo (RoleInfo.java:shutdownLeaderElection(130)) - 97ae9001-8f77-4e57-887b-8866c45c8853: shutdown 97ae9001-8f77-4e57-887b-8866c45c8853@group-D1052B0B398D-LeaderElection49
2023-05-08 09:36:30,799 [97ae9001-8f77-4e57-887b-8866c45c8853@group-D1052B0B398D-LeaderElection49] INFO  server.RaftServer$Division (RaftServerImpl.java:setRole(321)) - 97ae9001-8f77-4e57-887b-8866c45c8853@group-D1052B0B398D: changes role from CANDIDATE to LEADER at term 1 for changeToLeader
2023-05-08 09:36:30,800 [97ae9001-8f77-4e57-887b-8866c45c8853@group-D1052B0B398D-LeaderElection49] INFO  ratis.XceiverServerRatis (XceiverServerRatis.java:handleLeaderChangedNotification(904)) - Leader change notification received for group: group-D1052B0B398D with new leaderId: 97ae9001-8f77-4e57-887b-8866c45c8853
2023-05-08 09:36:30,800 [97ae9001-8f77-4e57-887b-8866c45c8853@group-D1052B0B398D-LeaderElection49] INFO  server.RaftServer$Division (ServerState.java:setLeader(313)) - 97ae9001-8f77-4e57-887b-8866c45c8853@group-D1052B0B398D: change Leader from null to 97ae9001-8f77-4e57-887b-8866c45c8853 at term 1 for becomeLeader, leader elected after 5206ms
2023-05-08 09:36:30,800 [97ae9001-8f77-4e57-887b-8866c45c8853@group-D1052B0B398D-LeaderElection49] INFO  server.RaftServerConfigKeys (ConfUtils.java:logGet(46)) - raft.server.staging.catchup.gap = 1000 (default)
2023-05-08 09:36:30,800 [97ae9001-8f77-4e57-887b-8866c45c8853@group-D1052B0B398D-LeaderElection49] INFO  server.RaftServerConfigKeys (ConfUtils.java:logGet(46)) - raft.server.write.element-limit = 1024 (custom)
2023-05-08 09:36:30,800 [97ae9001-8f77-4e57-887b-8866c45c8853@group-D1052B0B398D-LeaderElection49] INFO  server.RaftServerConfigKeys (ConfUtils.java:logGet(46)) - raft.server.write.byte-limit = 1024 M (=1073741824) (custom)
2023-05-08 09:36:30,800 [97ae9001-8f77-4e57-887b-8866c45c8853@group-D1052B0B398D-LeaderElection49] INFO  server.RaftServerConfigKeys (ConfUtils.java:logGet(46)) - raft.server.watch.timeout = 180s (custom)
2023-05-08 09:36:30,800 [97ae9001-8f77-4e57-887b-8866c45c8853@group-D1052B0B398D-LeaderElection49] INFO  server.RaftServerConfigKeys (ConfUtils.java:logGet(46)) - raft.server.watch.timeout.denomination = 1s (default)
2023-05-08 09:36:30,800 [97ae9001-8f77-4e57-887b-8866c45c8853@group-D1052B0B398D-LeaderElection49] INFO  server.RaftServerConfigKeys (ConfUtils.java:logGet(46)) - raft.server.watch.element-limit = 65536 (default)
2023-05-08 09:36:30,800 [97ae9001-8f77-4e57-887b-8866c45c8853@group-D1052B0B398D-LeaderElection49] INFO  server.RaftServerConfigKeys (ConfUtils.java:logGet(46)) - raft.server.write.element-limit = 1024 (custom)
2023-05-08 09:36:30,800 [97ae9001-8f77-4e57-887b-8866c45c8853@group-D1052B0B398D-LeaderElection49] INFO  server.RaftServerConfigKeys (ConfUtils.java:logGet(46)) - raft.server.write.follower.gap.ratio.max = -1.0 (default)
2023-05-08 09:36:30,800 [97ae9001-8f77-4e57-887b-8866c45c8853@group-D1052B0B398D-LeaderElection49] INFO  server.RaftServerConfigKeys (ConfUtils.java:logGet(46)) - raft.server.log.appender.snapshot.chunk.size.max = 16MB (=16777216) (default)
2023-05-08 09:36:30,807 [97ae9001-8f77-4e57-887b-8866c45c8853@group-D1052B0B398D-LeaderElection49] INFO  server.RaftServerConfigKeys (ConfUtils.java:logGet(46)) - raft.server.log.appender.buffer.byte-limit = 33554432 (custom)
2023-05-08 09:36:30,807 [97ae9001-8f77-4e57-887b-8866c45c8853@group-D1052B0B398D-LeaderElection49] INFO  server.RaftServerConfigKeys (ConfUtils.java:logGet(46)) - raft.server.log.appender.buffer.element-limit = 1 (custom)
2023-05-08 09:36:30,807 [97ae9001-8f77-4e57-887b-8866c45c8853@group-D1052B0B398D-LeaderElection49] INFO  grpc.GrpcConfigKeys (ConfUtils.java:logGet(46)) - raft.grpc.server.leader.outstanding.appends.max = 128 (default)
2023-05-08 09:36:30,807 [97ae9001-8f77-4e57-887b-8866c45c8853@group-D1052B0B398D-LeaderElection49] INFO  server.RaftServerConfigKeys (ConfUtils.java:logGet(46)) - raft.server.rpc.request.timeout = 60s (custom)
2023-05-08 09:36:30,807 [97ae9001-8f77-4e57-887b-8866c45c8853@group-D1052B0B398D-LeaderElection49] INFO  server.RaftServerConfigKeys (ConfUtils.java:logGet(46)) - raft.server.log.appender.install.snapshot.enabled = false (custom)
2023-05-08 09:36:30,807 [97ae9001-8f77-4e57-887b-8866c45c8853@group-D1052B0B398D-LeaderElection49] INFO  grpc.GrpcConfigKeys (ConfUtils.java:logGet(46)) - raft.grpc.server.heartbeat.channel = true (default)
2023-05-08 09:36:30,807 [97ae9001-8f77-4e57-887b-8866c45c8853@group-D1052B0B398D-LeaderElection49] INFO  server.RaftServerConfigKeys (ConfUtils.java:logGet(46)) - raft.server.log.appender.wait-time.min = 10ms (default)
2023-05-08 09:36:30,807 [97ae9001-8f77-4e57-887b-8866c45c8853@group-D1052B0B398D-LeaderElection49] INFO  server.RaftServerConfigKeys (ConfUtils.java:logGet(46)) - raft.server.log.appender.snapshot.chunk.size.max = 16MB (=16777216) (default)
2023-05-08 09:36:30,807 [97ae9001-8f77-4e57-887b-8866c45c8853@group-D1052B0B398D-LeaderElection49] INFO  server.RaftServerConfigKeys (ConfUtils.java:logGet(46)) - raft.server.log.appender.buffer.byte-limit = 33554432 (custom)
2023-05-08 09:36:30,807 [97ae9001-8f77-4e57-887b-8866c45c8853@group-D1052B0B398D-LeaderElection49] INFO  server.RaftServerConfigKeys (ConfUtils.java:logGet(46)) - raft.server.log.appender.buffer.element-limit = 1 (custom)
2023-05-08 09:36:30,808 [97ae9001-8f77-4e57-887b-8866c45c8853@group-D1052B0B398D-LeaderElection49] INFO  grpc.GrpcConfigKeys (ConfUtils.java:logGet(46)) - raft.grpc.server.leader.outstanding.appends.max = 128 (default)
2023-05-08 09:36:30,808 [97ae9001-8f77-4e57-887b-8866c45c8853@group-D1052B0B398D-LeaderElection49] INFO  server.RaftServerConfigKeys (ConfUtils.java:logGet(46)) - raft.server.rpc.request.timeout = 60s (custom)
2023-05-08 09:36:30,808 [97ae9001-8f77-4e57-887b-8866c45c8853@group-D1052B0B398D-LeaderElection49] INFO  server.RaftServerConfigKeys (ConfUtils.java:logGet(46)) - raft.server.log.appender.install.snapshot.enabled = false (custom)
2023-05-08 09:36:30,808 [97ae9001-8f77-4e57-887b-8866c45c8853@group-D1052B0B398D-LeaderElection49] INFO  grpc.GrpcConfigKeys (ConfUtils.java:logGet(46)) - raft.grpc.server.heartbeat.channel = true (default)
2023-05-08 09:36:30,808 [97ae9001-8f77-4e57-887b-8866c45c8853@group-D1052B0B398D-LeaderElection49] INFO  server.RaftServerConfigKeys (ConfUtils.java:logGet(46)) - raft.server.log.appender.wait-time.min = 10ms (default)
2023-05-08 09:36:30,808 [EventQueue-PipelineReportForPipelineReportHandler] INFO  pipeline.PipelineManagerImpl (PipelineManagerImpl.java:openPipeline(367)) - Pipeline Pipeline[ Id: 7d7e3fea-4320-4f3d-b9f2-d1052b0b398d, Nodes: ca5d3c16-7565-4171-aee7-158c5cc4aa22(fv-az96-539/10.1.0.160)5079cb12-7c0c-49ee-b9b9-b1ba79861d13(fv-az96-539/10.1.0.160)97ae9001-8f77-4e57-887b-8866c45c8853(fv-az96-539/10.1.0.160), ReplicationConfig: RATIS/THREE, State:ALLOCATED, leaderId:97ae9001-8f77-4e57-887b-8866c45c8853, CreationTimestamp2023-05-08T09:36:23.124Z[Etc/UTC]] moved to OPEN state
2023-05-08 09:36:30,808 [97ae9001-8f77-4e57-887b-8866c45c8853@group-D1052B0B398D-LeaderElection49] INFO  impl.RoleInfo (RoleInfo.java:updateAndGet(139)) - 97ae9001-8f77-4e57-887b-8866c45c8853: start 97ae9001-8f77-4e57-887b-8866c45c8853@group-D1052B0B398D-LeaderStateImpl
2023-05-08 09:36:30,808 [97ae9001-8f77-4e57-887b-8866c45c8853@group-D1052B0B398D-LeaderElection49] INFO  segmented.SegmentedRaftLogWorker (SegmentedRaftLogWorker.java:startLogSegment(452)) - 97ae9001-8f77-4e57-887b-8866c45c8853@group-D1052B0B398D-SegmentedRaftLogWorker: Starting segment from index:0
2023-05-08 09:36:30,809 [5079cb12-7c0c-49ee-b9b9-b1ba79861d13@group-D1052B0B398D-FollowerState] INFO  server.RaftServerConfigKeys (ConfUtils.java:logFallback(53)) - raft.server.rpc.first-election.timeout.min = 5s (fallback to raft.server.rpc.timeout.min)
2023-05-08 09:36:30,809 [5079cb12-7c0c-49ee-b9b9-b1ba79861d13@group-D1052B0B398D-FollowerState] INFO  server.RaftServerConfigKeys (ConfUtils.java:logFallback(53)) - raft.server.rpc.first-election.timeout.max = 5200ms (fallback to raft.server.rpc.timeout.max)
2023-05-08 09:36:30,810 [97ae9001-8f77-4e57-887b-8866c45c8853@group-D1052B0B398D-SegmentedRaftLogWorker] INFO  segmented.SegmentedRaftLogWorker (SegmentedRaftLogWorker.java:execute(656)) - 97ae9001-8f77-4e57-887b-8866c45c8853@group-D1052B0B398D-SegmentedRaftLogWorker: created new log segment /home/runner/work/ozone/ozone/hadoop-ozone/integration-test/target/test-dir/MiniOzoneClusterImpl-9c6e49ad-420a-4650-a022-25d129319acc/datanode-0/data/ratis/7d7e3fea-4320-4f3d-b9f2-d1052b0b398d/current/log_inprogress_0
2023-05-08 09:36:30,813 [97ae9001-8f77-4e57-887b-8866c45c8853@group-D1052B0B398D-LeaderElection49] INFO  server.RaftServer$Division (ServerState.java:setRaftConf(430)) - 97ae9001-8f77-4e57-887b-8866c45c8853@group-D1052B0B398D: set configuration 0: peers:[5079cb12-7c0c-49ee-b9b9-b1ba79861d13|rpc:10.1.0.160:33913|dataStream:10.1.0.160:42539|priority:0|startupRole:FOLLOWER, 97ae9001-8f77-4e57-887b-8866c45c8853|rpc:10.1.0.160:43931|dataStream:10.1.0.160:46669|priority:1|startupRole:FOLLOWER, ca5d3c16-7565-4171-aee7-158c5cc4aa22|rpc:10.1.0.160:33865|dataStream:10.1.0.160:34241|priority:0|startupRole:FOLLOWER]|listeners:[], old=null
2023-05-08 09:36:30,815 [ca5d3c16-7565-4171-aee7-158c5cc4aa22-server-thread1] INFO  ratis.XceiverServerRatis (XceiverServerRatis.java:handleLeaderChangedNotification(904)) - Leader change notification received for group: group-D1052B0B398D with new leaderId: 97ae9001-8f77-4e57-887b-8866c45c8853
2023-05-08 09:36:30,815 [ca5d3c16-7565-4171-aee7-158c5cc4aa22-server-thread1] INFO  server.RaftServer$Division (ServerState.java:setLeader(313)) - ca5d3c16-7565-4171-aee7-158c5cc4aa22@group-D1052B0B398D: change Leader from null to 97ae9001-8f77-4e57-887b-8866c45c8853 at term 1 for appendEntries, leader elected after 5195ms
2023-05-08 09:36:30,818 [ca5d3c16-7565-4171-aee7-158c5cc4aa22-server-thread1] INFO  server.RaftServer$Division (ServerState.java:setRaftConf(430)) - ca5d3c16-7565-4171-aee7-158c5cc4aa22@group-D1052B0B398D: set configuration 0: peers:[5079cb12-7c0c-49ee-b9b9-b1ba79861d13|rpc:10.1.0.160:33913|dataStream:10.1.0.160:42539|priority:0|startupRole:FOLLOWER, 97ae9001-8f77-4e57-887b-8866c45c8853|rpc:10.1.0.160:43931|dataStream:10.1.0.160:46669|priority:1|startupRole:FOLLOWER, ca5d3c16-7565-4171-aee7-158c5cc4aa22|rpc:10.1.0.160:33865|dataStream:10.1.0.160:34241|priority:0|startupRole:FOLLOWER]|listeners:[], old=null
2023-05-08 09:36:30,818 [ca5d3c16-7565-4171-aee7-158c5cc4aa22-server-thread1] INFO  segmented.SegmentedRaftLogWorker (SegmentedRaftLogWorker.java:startLogSegment(452)) - ca5d3c16-7565-4171-aee7-158c5cc4aa22@group-D1052B0B398D-SegmentedRaftLogWorker: Starting segment from index:0
2023-05-08 09:36:30,819 [ca5d3c16-7565-4171-aee7-158c5cc4aa22@group-D1052B0B398D-SegmentedRaftLogWorker] INFO  segmented.SegmentedRaftLogWorker (SegmentedRaftLogWorker.java:execute(656)) - ca5d3c16-7565-4171-aee7-158c5cc4aa22@group-D1052B0B398D-SegmentedRaftLogWorker: created new log segment /home/runner/work/ozone/ozone/hadoop-ozone/integration-test/target/test-dir/MiniOzoneClusterImpl-9c6e49ad-420a-4650-a022-25d129319acc/datanode-1/data/ratis/7d7e3fea-4320-4f3d-b9f2-d1052b0b398d/current/log_inprogress_0
2023-05-08 09:36:30,825 [5079cb12-7c0c-49ee-b9b9-b1ba79861d13-server-thread1] INFO  ratis.XceiverServerRatis (XceiverServerRatis.java:handleLeaderChangedNotification(904)) - Leader change notification received for group: group-D1052B0B398D with new leaderId: 97ae9001-8f77-4e57-887b-8866c45c8853
2023-05-08 09:36:30,825 [5079cb12-7c0c-49ee-b9b9-b1ba79861d13-server-thread1] INFO  server.RaftServer$Division (ServerState.java:setLeader(313)) - 5079cb12-7c0c-49ee-b9b9-b1ba79861d13@group-D1052B0B398D: change Leader from null to 97ae9001-8f77-4e57-887b-8866c45c8853 at term 1 for appendEntries, leader elected after 5174ms
2023-05-08 09:36:30,834 [5079cb12-7c0c-49ee-b9b9-b1ba79861d13-server-thread2] INFO  server.RaftServer$Division (ServerState.java:setRaftConf(430)) - 5079cb12-7c0c-49ee-b9b9-b1ba79861d13@group-D1052B0B398D: set configuration 0: peers:[5079cb12-7c0c-49ee-b9b9-b1ba79861d13|rpc:10.1.0.160:33913|dataStream:10.1.0.160:42539|priority:0|startupRole:FOLLOWER, 97ae9001-8f77-4e57-887b-8866c45c8853|rpc:10.1.0.160:43931|dataStream:10.1.0.160:46669|priority:1|startupRole:FOLLOWER, ca5d3c16-7565-4171-aee7-158c5cc4aa22|rpc:10.1.0.160:33865|dataStream:10.1.0.160:34241|priority:0|startupRole:FOLLOWER]|listeners:[], old=null
2023-05-08 09:36:30,835 [5079cb12-7c0c-49ee-b9b9-b1ba79861d13-server-thread2] INFO  segmented.SegmentedRaftLogWorker (SegmentedRaftLogWorker.java:startLogSegment(452)) - 5079cb12-7c0c-49ee-b9b9-b1ba79861d13@group-D1052B0B398D-SegmentedRaftLogWorker: Starting segment from index:0
2023-05-08 09:36:30,837 [5079cb12-7c0c-49ee-b9b9-b1ba79861d13@group-D1052B0B398D-SegmentedRaftLogWorker] INFO  segmented.SegmentedRaftLogWorker (SegmentedRaftLogWorker.java:execute(656)) - 5079cb12-7c0c-49ee-b9b9-b1ba79861d13@group-D1052B0B398D-SegmentedRaftLogWorker: created new log segment /home/runner/work/ozone/ozone/hadoop-ozone/integration-test/target/test-dir/MiniOzoneClusterImpl-9c6e49ad-420a-4650-a022-25d129319acc/datanode-2/data/ratis/7d7e3fea-4320-4f3d-b9f2-d1052b0b398d/current/log_inprogress_0
2023-05-08 09:36:30,977 [ca5d3c16-7565-4171-aee7-158c5cc4aa22@group-78BD918075FC-FollowerState] INFO  impl.FollowerState (FollowerState.java:run(143)) - ca5d3c16-7565-4171-aee7-158c5cc4aa22@group-78BD918075FC-FollowerState: change to CANDIDATE, lastRpcElapsedTime:5175576801ns, electionTimeout:5175ms
2023-05-08 09:36:30,977 [ca5d3c16-7565-4171-aee7-158c5cc4aa22@group-78BD918075FC-FollowerState] INFO  impl.RoleInfo (RoleInfo.java:shutdownFollowerState(110)) - ca5d3c16-7565-4171-aee7-158c5cc4aa22: shutdown ca5d3c16-7565-4171-aee7-158c5cc4aa22@group-78BD918075FC-FollowerState
2023-05-08 09:36:30,977 [ca5d3c16-7565-4171-aee7-158c5cc4aa22@group-78BD918075FC-FollowerState] INFO  server.RaftServer$Division (RaftServerImpl.java:setRole(321)) - ca5d3c16-7565-4171-aee7-158c5cc4aa22@group-78BD918075FC: changes role from  FOLLOWER to CANDIDATE at term 0 for changeToCandidate
2023-05-08 09:36:30,977 [ca5d3c16-7565-4171-aee7-158c5cc4aa22@group-78BD918075FC-FollowerState] INFO  server.RaftServerConfigKeys (ConfUtils.java:logGet(46)) - raft.server.leaderelection.pre-vote = true (default)
2023-05-08 09:36:30,977 [ca5d3c16-7565-4171-aee7-158c5cc4aa22@group-78BD918075FC-FollowerState] INFO  impl.RoleInfo (RoleInfo.java:updateAndGet(139)) - ca5d3c16-7565-4171-aee7-158c5cc4aa22: start ca5d3c16-7565-4171-aee7-158c5cc4aa22@group-78BD918075FC-LeaderElection50
2023-05-08 09:36:30,979 [ca5d3c16-7565-4171-aee7-158c5cc4aa22@group-78BD918075FC-LeaderElection50] INFO  impl.LeaderElection (LeaderElection.java:askForVotes(312)) - ca5d3c16-7565-4171-aee7-158c5cc4aa22@group-78BD918075FC-LeaderElection50 PRE_VOTE round 0: submit vote requests at term 0 for -1: peers:[ca5d3c16-7565-4171-aee7-158c5cc4aa22|rpc:10.1.0.160:33865|dataStream:10.1.0.160:34241|priority:1|startupRole:FOLLOWER]|listeners:[], old=null
2023-05-08 09:36:30,979 [ca5d3c16-7565-4171-aee7-158c5cc4aa22@group-78BD918075FC-LeaderElection50] INFO  impl.LeaderElection (LeaderElection.java:askForVotes(314)) - ca5d3c16-7565-4171-aee7-158c5cc4aa22@group-78BD918075FC-LeaderElection50 PRE_VOTE round 0: result PASSED (term=0)
2023-05-08 09:36:30,981 [ca5d3c16-7565-4171-aee7-158c5cc4aa22@group-78BD918075FC-LeaderElection50] INFO  impl.LeaderElection (LeaderElection.java:askForVotes(312)) - ca5d3c16-7565-4171-aee7-158c5cc4aa22@group-78BD918075FC-LeaderElection50 ELECTION round 0: submit vote requests at term 1 for -1: peers:[ca5d3c16-7565-4171-aee7-158c5cc4aa22|rpc:10.1.0.160:33865|dataStream:10.1.0.160:34241|priority:1|startupRole:FOLLOWER]|listeners:[], old=null
2023-05-08 09:36:30,981 [ca5d3c16-7565-4171-aee7-158c5cc4aa22@group-78BD918075FC-LeaderElection50] INFO  impl.LeaderElection (LeaderElection.java:askForVotes(314)) - ca5d3c16-7565-4171-aee7-158c5cc4aa22@group-78BD918075FC-LeaderElection50 ELECTION round 0: result PASSED (term=1)
2023-05-08 09:36:30,981 [ca5d3c16-7565-4171-aee7-158c5cc4aa22@group-78BD918075FC-LeaderElection50] INFO  impl.RoleInfo (RoleInfo.java:shutdownLeaderElection(130)) - ca5d3c16-7565-4171-aee7-158c5cc4aa22: shutdown ca5d3c16-7565-4171-aee7-158c5cc4aa22@group-78BD918075FC-LeaderElection50
2023-05-08 09:36:30,981 [ca5d3c16-7565-4171-aee7-158c5cc4aa22@group-78BD918075FC-LeaderElection50] INFO  server.RaftServer$Division (RaftServerImpl.java:setRole(321)) - ca5d3c16-7565-4171-aee7-158c5cc4aa22@group-78BD918075FC: changes role from CANDIDATE to LEADER at term 1 for changeToLeader
2023-05-08 09:36:30,981 [ca5d3c16-7565-4171-aee7-158c5cc4aa22@group-78BD918075FC-LeaderElection50] INFO  ratis.XceiverServerRatis (XceiverServerRatis.java:handleLeaderChangedNotification(904)) - Leader change notification received for group: group-78BD918075FC with new leaderId: ca5d3c16-7565-4171-aee7-158c5cc4aa22
2023-05-08 09:36:30,981 [ca5d3c16-7565-4171-aee7-158c5cc4aa22@group-78BD918075FC-LeaderElection50] INFO  server.RaftServer$Division (ServerState.java:setLeader(313)) - ca5d3c16-7565-4171-aee7-158c5cc4aa22@group-78BD918075FC: change Leader from null to ca5d3c16-7565-4171-aee7-158c5cc4aa22 at term 1 for becomeLeader, leader elected after 5192ms
2023-05-08 09:36:30,981 [ca5d3c16-7565-4171-aee7-158c5cc4aa22@group-78BD918075FC-LeaderElection50] INFO  server.RaftServerConfigKeys (ConfUtils.java:logGet(46)) - raft.server.staging.catchup.gap = 1000 (default)
2023-05-08 09:36:30,981 [ca5d3c16-7565-4171-aee7-158c5cc4aa22@group-78BD918075FC-LeaderElection50] INFO  server.RaftServerConfigKeys (ConfUtils.java:logGet(46)) - raft.server.write.element-limit = 1024 (custom)
2023-05-08 09:36:30,981 [ca5d3c16-7565-4171-aee7-158c5cc4aa22@group-78BD918075FC-LeaderElection50] INFO  server.RaftServerConfigKeys (ConfUtils.java:logGet(46)) - raft.server.write.byte-limit = 1024 M (=1073741824) (custom)
2023-05-08 09:36:30,982 [ca5d3c16-7565-4171-aee7-158c5cc4aa22@group-78BD918075FC-LeaderElection50] INFO  server.RaftServerConfigKeys (ConfUtils.java:logGet(46)) - raft.server.watch.timeout = 180s (custom)
2023-05-08 09:36:30,982 [ca5d3c16-7565-4171-aee7-158c5cc4aa22@group-78BD918075FC-LeaderElection50] INFO  server.RaftServerConfigKeys (ConfUtils.java:logGet(46)) - raft.server.watch.timeout.denomination = 1s (default)
2023-05-08 09:36:30,982 [ca5d3c16-7565-4171-aee7-158c5cc4aa22@group-78BD918075FC-LeaderElection50] INFO  server.RaftServerConfigKeys (ConfUtils.java:logGet(46)) - raft.server.watch.element-limit = 65536 (default)
2023-05-08 09:36:30,983 [ca5d3c16-7565-4171-aee7-158c5cc4aa22@group-78BD918075FC-LeaderElection50] INFO  server.RaftServerConfigKeys (ConfUtils.java:logGet(46)) - raft.server.write.element-limit = 1024 (custom)
2023-05-08 09:36:30,983 [ca5d3c16-7565-4171-aee7-158c5cc4aa22@group-78BD918075FC-LeaderElection50] INFO  server.RaftServerConfigKeys (ConfUtils.java:logGet(46)) - raft.server.write.follower.gap.ratio.max = -1.0 (default)
2023-05-08 09:36:30,986 [ca5d3c16-7565-4171-aee7-158c5cc4aa22@group-78BD918075FC-LeaderElection50] INFO  impl.RoleInfo (RoleInfo.java:updateAndGet(139)) - ca5d3c16-7565-4171-aee7-158c5cc4aa22: start ca5d3c16-7565-4171-aee7-158c5cc4aa22@group-78BD918075FC-LeaderStateImpl
2023-05-08 09:36:30,986 [ca5d3c16-7565-4171-aee7-158c5cc4aa22@group-78BD918075FC-LeaderElection50] INFO  segmented.SegmentedRaftLogWorker (SegmentedRaftLogWorker.java:startLogSegment(452)) - ca5d3c16-7565-4171-aee7-158c5cc4aa22@group-78BD918075FC-SegmentedRaftLogWorker: Starting segment from index:0
2023-05-08 09:36:30,989 [ca5d3c16-7565-4171-aee7-158c5cc4aa22@group-78BD918075FC-LeaderElection50] INFO  server.RaftServer$Division (ServerState.java:setRaftConf(430)) - ca5d3c16-7565-4171-aee7-158c5cc4aa22@group-78BD918075FC: set configuration 0: peers:[ca5d3c16-7565-4171-aee7-158c5cc4aa22|rpc:10.1.0.160:33865|dataStream:10.1.0.160:34241|priority:1|startupRole:FOLLOWER]|listeners:[], old=null
2023-05-08 09:36:30,990 [ca5d3c16-7565-4171-aee7-158c5cc4aa22@group-78BD918075FC-SegmentedRaftLogWorker] INFO  segmented.SegmentedRaftLogWorker (SegmentedRaftLogWorker.java:execute(656)) - ca5d3c16-7565-4171-aee7-158c5cc4aa22@group-78BD918075FC-SegmentedRaftLogWorker: created new log segment /home/runner/work/ozone/ozone/hadoop-ozone/integration-test/target/test-dir/MiniOzoneClusterImpl-9c6e49ad-420a-4650-a022-25d129319acc/datanode-1/data/ratis/da47e45f-232b-489f-b91d-78bd918075fc/current/log_inprogress_0
2023-05-08 09:36:31,123 [Listener at 127.0.0.1/45243] INFO  ozone.MiniOzoneClusterImpl (MiniOzoneClusterImpl.java:lambda$waitForClusterToBeReady$0(224)) - Nodes are ready. Got 3 of 3 DN Heartbeats.
2023-05-08 09:36:31,123 [Listener at 127.0.0.1/45243] INFO  ozone.MiniOzoneClusterImpl (MiniOzoneClusterImpl.java:lambda$waitForClusterToBeReady$0(227)) - Cluster exits safe mode
2023-05-08 09:36:31,123 [Listener at 127.0.0.1/45243] INFO  ozone.MiniOzoneClusterImpl (MiniOzoneClusterImpl.java:lambda$waitForClusterToBeReady$0(229)) - SCM became leader
2023-05-08 09:36:31,248 [5079cb12-7c0c-49ee-b9b9-b1ba79861d13@group-5C74587BD4AC-FollowerState] INFO  impl.FollowerState (FollowerState.java:run(143)) - 5079cb12-7c0c-49ee-b9b9-b1ba79861d13@group-5C74587BD4AC-FollowerState: change to CANDIDATE, lastRpcElapsedTime:5114090190ns, electionTimeout:5113ms
2023-05-08 09:36:31,248 [5079cb12-7c0c-49ee-b9b9-b1ba79861d13@group-5C74587BD4AC-FollowerState] INFO  impl.RoleInfo (RoleInfo.java:shutdownFollowerState(110)) - 5079cb12-7c0c-49ee-b9b9-b1ba79861d13: shutdown 5079cb12-7c0c-49ee-b9b9-b1ba79861d13@group-5C74587BD4AC-FollowerState
2023-05-08 09:36:31,248 [5079cb12-7c0c-49ee-b9b9-b1ba79861d13@group-5C74587BD4AC-FollowerState] INFO  server.RaftServer$Division (RaftServerImpl.java:setRole(321)) - 5079cb12-7c0c-49ee-b9b9-b1ba79861d13@group-5C74587BD4AC: changes role from  FOLLOWER to CANDIDATE at term 0 for changeToCandidate
2023-05-08 09:36:31,248 [5079cb12-7c0c-49ee-b9b9-b1ba79861d13@group-5C74587BD4AC-FollowerState] INFO  server.RaftServerConfigKeys (ConfUtils.java:logGet(46)) - raft.server.leaderelection.pre-vote = true (default)
2023-05-08 09:36:31,248 [5079cb12-7c0c-49ee-b9b9-b1ba79861d13@group-5C74587BD4AC-FollowerState] INFO  impl.RoleInfo (RoleInfo.java:updateAndGet(139)) - 5079cb12-7c0c-49ee-b9b9-b1ba79861d13: start 5079cb12-7c0c-49ee-b9b9-b1ba79861d13@group-5C74587BD4AC-LeaderElection51
2023-05-08 09:36:31,250 [5079cb12-7c0c-49ee-b9b9-b1ba79861d13@group-5C74587BD4AC-LeaderElection51] INFO  impl.LeaderElection (LeaderElection.java:askForVotes(312)) - 5079cb12-7c0c-49ee-b9b9-b1ba79861d13@group-5C74587BD4AC-LeaderElection51 PRE_VOTE round 0: submit vote requests at term 0 for -1: peers:[5079cb12-7c0c-49ee-b9b9-b1ba79861d13|rpc:10.1.0.160:33913|dataStream:10.1.0.160:42539|priority:1|startupRole:FOLLOWER]|listeners:[], old=null
2023-05-08 09:36:31,250 [5079cb12-7c0c-49ee-b9b9-b1ba79861d13@group-5C74587BD4AC-LeaderElection51] INFO  impl.LeaderElection (LeaderElection.java:askForVotes(314)) - 5079cb12-7c0c-49ee-b9b9-b1ba79861d13@group-5C74587BD4AC-LeaderElection51 PRE_VOTE round 0: result PASSED (term=0)
2023-05-08 09:36:31,252 [5079cb12-7c0c-49ee-b9b9-b1ba79861d13@group-5C74587BD4AC-LeaderElection51] INFO  impl.LeaderElection (LeaderElection.java:askForVotes(312)) - 5079cb12-7c0c-49ee-b9b9-b1ba79861d13@group-5C74587BD4AC-LeaderElection51 ELECTION round 0: submit vote requests at term 1 for -1: peers:[5079cb12-7c0c-49ee-b9b9-b1ba79861d13|rpc:10.1.0.160:33913|dataStream:10.1.0.160:42539|priority:1|startupRole:FOLLOWER]|listeners:[], old=null
2023-05-08 09:36:31,252 [5079cb12-7c0c-49ee-b9b9-b1ba79861d13@group-5C74587BD4AC-LeaderElection51] INFO  impl.LeaderElection (LeaderElection.java:askForVotes(314)) - 5079cb12-7c0c-49ee-b9b9-b1ba79861d13@group-5C74587BD4AC-LeaderElection51 ELECTION round 0: result PASSED (term=1)
2023-05-08 09:36:31,252 [5079cb12-7c0c-49ee-b9b9-b1ba79861d13@group-5C74587BD4AC-LeaderElection51] INFO  impl.RoleInfo (RoleInfo.java:shutdownLeaderElection(130)) - 5079cb12-7c0c-49ee-b9b9-b1ba79861d13: shutdown 5079cb12-7c0c-49ee-b9b9-b1ba79861d13@group-5C74587BD4AC-LeaderElection51
2023-05-08 09:36:31,252 [5079cb12-7c0c-49ee-b9b9-b1ba79861d13@group-5C74587BD4AC-LeaderElection51] INFO  server.RaftServer$Division (RaftServerImpl.java:setRole(321)) - 5079cb12-7c0c-49ee-b9b9-b1ba79861d13@group-5C74587BD4AC: changes role from CANDIDATE to LEADER at term 1 for changeToLeader
2023-05-08 09:36:31,252 [5079cb12-7c0c-49ee-b9b9-b1ba79861d13@group-5C74587BD4AC-LeaderElection51] INFO  ratis.XceiverServerRatis (XceiverServerRatis.java:handleLeaderChangedNotification(904)) - Leader change notification received for group: group-5C74587BD4AC with new leaderId: 5079cb12-7c0c-49ee-b9b9-b1ba79861d13
2023-05-08 09:36:31,253 [5079cb12-7c0c-49ee-b9b9-b1ba79861d13@group-5C74587BD4AC-LeaderElection51] INFO  server.RaftServer$Division (ServerState.java:setLeader(313)) - 5079cb12-7c0c-49ee-b9b9-b1ba79861d13@group-5C74587BD4AC: change Leader from null to 5079cb12-7c0c-49ee-b9b9-b1ba79861d13 at term 1 for becomeLeader, leader elected after 5131ms
2023-05-08 09:36:31,253 [5079cb12-7c0c-49ee-b9b9-b1ba79861d13@group-5C74587BD4AC-LeaderElection51] INFO  server.RaftServerConfigKeys (ConfUtils.java:logGet(46)) - raft.server.staging.catchup.gap = 1000 (default)
2023-05-08 09:36:31,253 [5079cb12-7c0c-49ee-b9b9-b1ba79861d13@group-5C74587BD4AC-LeaderElection51] INFO  server.RaftServerConfigKeys (ConfUtils.java:logGet(46)) - raft.server.write.element-limit = 1024 (custom)
2023-05-08 09:36:31,253 [5079cb12-7c0c-49ee-b9b9-b1ba79861d13@group-5C74587BD4AC-LeaderElection51] INFO  server.RaftServerConfigKeys (ConfUtils.java:logGet(46)) - raft.server.write.byte-limit = 1024 M (=1073741824) (custom)
2023-05-08 09:36:31,254 [5079cb12-7c0c-49ee-b9b9-b1ba79861d13@group-5C74587BD4AC-LeaderElection51] INFO  server.RaftServerConfigKeys (ConfUtils.java:logGet(46)) - raft.server.watch.timeout = 180s (custom)
2023-05-08 09:36:31,254 [5079cb12-7c0c-49ee-b9b9-b1ba79861d13@group-5C74587BD4AC-LeaderElection51] INFO  server.RaftServerConfigKeys (ConfUtils.java:logGet(46)) - raft.server.watch.timeout.denomination = 1s (default)
2023-05-08 09:36:31,254 [5079cb12-7c0c-49ee-b9b9-b1ba79861d13@group-5C74587BD4AC-LeaderElection51] INFO  server.RaftServerConfigKeys (ConfUtils.java:logGet(46)) - raft.server.watch.element-limit = 65536 (default)
2023-05-08 09:36:31,254 [5079cb12-7c0c-49ee-b9b9-b1ba79861d13@group-5C74587BD4AC-LeaderElection51] INFO  server.RaftServerConfigKeys (ConfUtils.java:logGet(46)) - raft.server.write.element-limit = 1024 (custom)
2023-05-08 09:36:31,254 [5079cb12-7c0c-49ee-b9b9-b1ba79861d13@group-5C74587BD4AC-LeaderElection51] INFO  server.RaftServerConfigKeys (ConfUtils.java:logGet(46)) - raft.server.write.follower.gap.ratio.max = -1.0 (default)
2023-05-08 09:36:31,254 [5079cb12-7c0c-49ee-b9b9-b1ba79861d13@group-5C74587BD4AC-LeaderElection51] INFO  impl.RoleInfo (RoleInfo.java:updateAndGet(139)) - 5079cb12-7c0c-49ee-b9b9-b1ba79861d13: start 5079cb12-7c0c-49ee-b9b9-b1ba79861d13@group-5C74587BD4AC-LeaderStateImpl
2023-05-08 09:36:31,254 [5079cb12-7c0c-49ee-b9b9-b1ba79861d13@group-5C74587BD4AC-LeaderElection51] INFO  segmented.SegmentedRaftLogWorker (SegmentedRaftLogWorker.java:startLogSegment(452)) - 5079cb12-7c0c-49ee-b9b9-b1ba79861d13@group-5C74587BD4AC-SegmentedRaftLogWorker: Starting segment from index:0
2023-05-08 09:36:31,257 [5079cb12-7c0c-49ee-b9b9-b1ba79861d13@group-5C74587BD4AC-LeaderElection51] INFO  server.RaftServer$Division (ServerState.java:setRaftConf(430)) - 5079cb12-7c0c-49ee-b9b9-b1ba79861d13@group-5C74587BD4AC: set configuration 0: peers:[5079cb12-7c0c-49ee-b9b9-b1ba79861d13|rpc:10.1.0.160:33913|dataStream:10.1.0.160:42539|priority:1|startupRole:FOLLOWER]|listeners:[], old=null
2023-05-08 09:36:31,257 [5079cb12-7c0c-49ee-b9b9-b1ba79861d13@group-5C74587BD4AC-SegmentedRaftLogWorker] INFO  segmented.SegmentedRaftLogWorker (SegmentedRaftLogWorker.java:execute(656)) - 5079cb12-7c0c-49ee-b9b9-b1ba79861d13@group-5C74587BD4AC-SegmentedRaftLogWorker: created new log segment /home/runner/work/ozone/ozone/hadoop-ozone/integration-test/target/test-dir/MiniOzoneClusterImpl-9c6e49ad-420a-4650-a022-25d129319acc/datanode-2/data/ratis/6a82c962-f17d-4c37-9d92-5c74587bd4ac/current/log_inprogress_0
2023-05-08 09:36:43,125 [Listener at 127.0.0.1/45243] INFO  ozone.MiniOzoneClusterImpl (MiniOzoneClusterImpl.java:shutdown(457)) - Shutting down the Mini Ozone Cluster
2023-05-08 09:36:43,125 [Listener at 127.0.0.1/45243] INFO  ozone.MiniOzoneClusterImpl (MiniOzoneClusterImpl.java:stop(476)) - Stopping the Mini Ozone Cluster
2023-05-08 09:36:43,125 [Listener at 127.0.0.1/45243] INFO  ozone.MiniOzoneClusterImpl (MiniOzoneClusterImpl.java:stopOM(562)) - Stopping the OzoneManager
2023-05-08 09:36:43,125 [Listener at 127.0.0.1/45243] INFO  om.OzoneManager (OzoneManager.java:stop(2173)) - om1[localhost:0]: Stopping Ozone Manager
2023-05-08 09:36:43,125 [Listener at 127.0.0.1/45243] INFO  ipc.Server (Server.java:stop(3501)) - Stopping server on 45243
2023-05-08 09:36:43,127 [IPC Server listener on 0] INFO  ipc.Server (Server.java:run(1430)) - Stopping IPC Server listener on 0
2023-05-08 09:36:43,129 [IPC Server Responder] INFO  ipc.Server (Server.java:run(1563)) - Stopping IPC Server Responder
2023-05-08 09:36:43,129 [Listener at 127.0.0.1/45243] INFO  server.RaftServer (RaftServerProxy.java:lambda$close$6(409)) - om1: close
2023-05-08 09:36:43,130 [Listener at 127.0.0.1/45243] INFO  server.GrpcService (GrpcService.java:closeImpl(271)) - om1: shutdown server GrpcServerProtocolService now
2023-05-08 09:36:43,130 [om1-impl-thread1] INFO  server.RaftServer$Division (RaftServerImpl.java:lambda$close$4(458)) - om1@group-C5BA1605619E: shutdown
2023-05-08 09:36:43,130 [om1-impl-thread1] INFO  util.JmxRegister (JmxRegister.java:unregister(73)) - Successfully un-registered JMX Bean with object name Ratis:service=RaftServer,group=group-C5BA1605619E,id=om1
2023-05-08 09:36:43,130 [om1-impl-thread1] INFO  impl.RoleInfo (RoleInfo.java:shutdownLeaderState(93)) - om1: shutdown om1@group-C5BA1605619E-LeaderStateImpl
2023-05-08 09:36:43,130 [om1-impl-thread1] INFO  impl.PendingRequests (PendingRequests.java:sendNotLeaderResponses(282)) - om1@group-C5BA1605619E-PendingRequests: sendNotLeaderResponses
2023-05-08 09:36:43,130 [Listener at 127.0.0.1/45243] INFO  server.GrpcService (GrpcService.java:closeImpl(280)) - om1: shutdown server GrpcServerProtocolService successfully
2023-05-08 09:36:43,130 [om1@group-C5BA1605619E-StateMachineUpdater] INFO  ratis.OzoneManagerStateMachine (OzoneManagerStateMachine.java:takeSnapshot(479)) - Current Snapshot Index (t:1, i:0)
2023-05-08 09:36:43,130 [om1-impl-thread1] INFO  impl.StateMachineUpdater (StateMachineUpdater.java:stopAndJoin(153)) - om1@group-C5BA1605619E-StateMachineUpdater: set stopIndex = 0
2023-05-08 09:36:43,141 [om1@group-C5BA1605619E-StateMachineUpdater] INFO  impl.StateMachineUpdater (StateMachineUpdater.java:takeSnapshot(287)) - om1@group-C5BA1605619E-StateMachineUpdater: Took a snapshot at index 0
2023-05-08 09:36:43,141 [om1@group-C5BA1605619E-StateMachineUpdater] INFO  impl.StateMachineUpdater (StateMachineUpdater.java:lambda$new$0(92)) - om1@group-C5BA1605619E-StateMachineUpdater: snapshotIndex: updateIncreasingly -1 -> 0
2023-05-08 09:36:43,141 [om1@group-C5BA1605619E-StateMachineUpdater] INFO  ratis.OzoneManagerStateMachine (OzoneManagerStateMachine.java:close(533)) - StateMachine has shutdown. Shutdown OzoneManager if not already shutdown.
2023-05-08 09:36:43,141 [om1@group-C5BA1605619E-StateMachineUpdater] INFO  ratis.OzoneManagerDoubleBuffer (OzoneManagerDoubleBuffer.java:stopDaemon(559)) - Stopping OMDoubleBuffer flush thread
2023-05-08 09:36:43,141 [OMDoubleBufferFlushThread] INFO  ratis.OzoneManagerDoubleBuffer (OzoneManagerDoubleBuffer.java:canFlush(648)) - OMDoubleBuffer flush thread OMDoubleBufferFlushThread is interrupted and will exit.
2023-05-08 09:36:43,142 [om1-impl-thread1] INFO  server.RaftServer$Division (ServerState.java:close(466)) - om1@group-C5BA1605619E: closes. applyIndex: 0
2023-05-08 09:36:43,142 [om1@group-C5BA1605619E-SegmentedRaftLogWorker] INFO  segmented.SegmentedRaftLogWorker (SegmentedRaftLogWorker.java:run(347)) - om1@group-C5BA1605619E-SegmentedRaftLogWorker was interrupted, exiting. There are 0 tasks remaining in the queue.
2023-05-08 09:36:43,144 [om1-impl-thread1] INFO  segmented.SegmentedRaftLogWorker (SegmentedRaftLogWorker.java:close(257)) - om1@group-C5BA1605619E-SegmentedRaftLogWorker close()
2023-05-08 09:36:43,144 [JvmPauseMonitor25] INFO  util.JvmPauseMonitor (JvmPauseMonitor.java:run(111)) - JvmPauseMonitor-om1: Stopped
2023-05-08 09:36:43,144 [Listener at 127.0.0.1/45243] INFO  ratis.OzoneManagerStateMachine (OzoneManagerStateMachine.java:close(533)) - StateMachine has shutdown. Shutdown OzoneManager if not already shutdown.
2023-05-08 09:36:43,144 [Listener at 127.0.0.1/45243] INFO  ratis.OzoneManagerDoubleBuffer (OzoneManagerDoubleBuffer.java:stopDaemon(568)) - OMDoubleBuffer flush thread is not running.
2023-05-08 09:36:43,144 [Listener at 127.0.0.1/45243] INFO  utils.BackgroundService (BackgroundService.java:shutdown(141)) - Shutting down service KeyDeletingService
2023-05-08 09:36:43,145 [Listener at 127.0.0.1/45243] INFO  utils.BackgroundService (BackgroundService.java:shutdown(141)) - Shutting down service KeyDeletingService
2023-05-08 09:36:43,145 [Listener at 127.0.0.1/45243] INFO  utils.BackgroundService (BackgroundService.java:shutdown(141)) - Shutting down service OpenKeyCleanupService
2023-05-08 09:36:43,145 [Listener at 127.0.0.1/45243] INFO  utils.BackgroundService (BackgroundService.java:shutdown(141)) - Shutting down service SstFilteringService
2023-05-08 09:36:43,145 [Listener at 127.0.0.1/45243] INFO  utils.BackgroundService (BackgroundService.java:shutdown(141)) - Shutting down service SnapshotDeletingService
2023-05-08 09:36:43,145 [Listener at 127.0.0.1/45243] INFO  handler.ContextHandler (ContextHandler.java:doStop(1159)) - Stopped o.e.j.w.WebAppContext@1884e7cb{ozoneManager,/,null,STOPPED}{file:/home/runner/work/ozone/ozone/hadoop-ozone/integration-test/target/test-classes/webapps/ozoneManager}
2023-05-08 09:36:43,146 [Listener at 127.0.0.1/45243] INFO  server.AbstractConnector (AbstractConnector.java:doStop(383)) - Stopped ServerConnector@33bdad2{HTTP/1.1, (http/1.1)}{0.0.0.0:0}
2023-05-08 09:36:43,146 [Listener at 127.0.0.1/45243] INFO  server.session (HouseKeeper.java:stopScavenging(149)) - node0 Stopped scavenging
2023-05-08 09:36:43,146 [Listener at 127.0.0.1/45243] INFO  handler.ContextHandler (ContextHandler.java:doStop(1159)) - Stopped o.e.j.s.ServletContextHandler@373c25e3{static,/static,file:///home/runner/work/ozone/ozone/hadoop-ozone/integration-test/target/test-classes/webapps/static,STOPPED}
2023-05-08 09:36:43,146 [Listener at 127.0.0.1/45243] INFO  handler.ContextHandler (ContextHandler.java:doStop(1159)) - Stopped o.e.j.s.ServletContextHandler@60de1a3b{logs,/logs,file:///home/runner/work/ozone/ozone/hadoop-ozone/integration-test/target/log,STOPPED}
2023-05-08 09:36:43,148 [Listener at 127.0.0.1/45243] INFO  utils.BackgroundService (BackgroundService.java:shutdown(141)) - Shutting down service SnapshotDiffCleanupService
2023-05-08 09:36:43,149 [Listener at 127.0.0.1/45243] INFO  ozone.MiniOzoneClusterImpl (MiniOzoneClusterImpl.java:stopDatanodes(539)) - Stopping the HddsDatanodes
2023-05-08 09:36:43,150 [Listener at 127.0.0.1/45243] INFO  ozoneimpl.OzoneContainer (OzoneContainer.java:stop(419)) - Attempting to stop container services.
2023-05-08 09:36:43,151 [ForkJoinPool.commonPool-worker-0] INFO  ozoneimpl.OzoneContainer (OzoneContainer.java:stop(419)) - Attempting to stop container services.
2023-05-08 09:36:43,152 [Listener at 127.0.0.1/45243] INFO  server.RaftServer (RaftServerProxy.java:lambda$close$6(409)) - ca5d3c16-7565-4171-aee7-158c5cc4aa22: close
2023-05-08 09:36:43,152 [ForkJoinPool.commonPool-worker-0] INFO  server.RaftServer (RaftServerProxy.java:lambda$close$6(409)) - 97ae9001-8f77-4e57-887b-8866c45c8853: close
2023-05-08 09:36:43,152 [ca5d3c16-7565-4171-aee7-158c5cc4aa22-impl-thread1] INFO  server.RaftServer$Division (RaftServerImpl.java:lambda$close$4(458)) - ca5d3c16-7565-4171-aee7-158c5cc4aa22@group-78BD918075FC: shutdown
2023-05-08 09:36:43,152 [ca5d3c16-7565-4171-aee7-158c5cc4aa22-impl-thread1] INFO  util.JmxRegister (JmxRegister.java:unregister(73)) - Successfully un-registered JMX Bean with object name Ratis:service=RaftServer,group=group-78BD918075FC,id=ca5d3c16-7565-4171-aee7-158c5cc4aa22
2023-05-08 09:36:43,152 [ca5d3c16-7565-4171-aee7-158c5cc4aa22-impl-thread1] INFO  impl.RoleInfo (RoleInfo.java:shutdownLeaderState(93)) - ca5d3c16-7565-4171-aee7-158c5cc4aa22: shutdown ca5d3c16-7565-4171-aee7-158c5cc4aa22@group-78BD918075FC-LeaderStateImpl
2023-05-08 09:36:43,152 [ca5d3c16-7565-4171-aee7-158c5cc4aa22-impl-thread1] INFO  impl.PendingRequests (PendingRequests.java:sendNotLeaderResponses(282)) - ca5d3c16-7565-4171-aee7-158c5cc4aa22@group-78BD918075FC-PendingRequests: sendNotLeaderResponses
2023-05-08 09:36:43,152 [ca5d3c16-7565-4171-aee7-158c5cc4aa22-impl-thread1] INFO  impl.StateMachineUpdater (StateMachineUpdater.java:stopAndJoin(153)) - ca5d3c16-7565-4171-aee7-158c5cc4aa22@group-78BD918075FC-StateMachineUpdater: set stopIndex = 0
2023-05-08 09:36:43,152 [ca5d3c16-7565-4171-aee7-158c5cc4aa22@group-78BD918075FC-StateMachineUpdater] INFO  ratis.ContainerStateMachine (ContainerStateMachine.java:takeSnapshot(330)) - group-78BD918075FC: Taking a snapshot at:(t:1, i:0) file /home/runner/work/ozone/ozone/hadoop-ozone/integration-test/target/test-dir/MiniOzoneClusterImpl-9c6e49ad-420a-4650-a022-25d129319acc/datanode-1/data/ratis/da47e45f-232b-489f-b91d-78bd918075fc/sm/snapshot.1_0
2023-05-08 09:36:43,153 [97ae9001-8f77-4e57-887b-8866c45c8853-impl-thread1] INFO  server.RaftServer$Division (RaftServerImpl.java:lambda$close$4(458)) - 97ae9001-8f77-4e57-887b-8866c45c8853@group-A25ED3800DF0: shutdown
2023-05-08 09:36:43,154 [ca5d3c16-7565-4171-aee7-158c5cc4aa22@group-78BD918075FC-StateMachineUpdater] INFO  ratis.ContainerStateMachine (ContainerStateMachine.java:takeSnapshot(341)) - group-78BD918075FC: Finished taking a snapshot at:(t:1, i:0) file:/home/runner/work/ozone/ozone/hadoop-ozone/integration-test/target/test-dir/MiniOzoneClusterImpl-9c6e49ad-420a-4650-a022-25d129319acc/datanode-1/data/ratis/da47e45f-232b-489f-b91d-78bd918075fc/sm/snapshot.1_0 took: 1 ms
2023-05-08 09:36:43,154 [Listener at 127.0.0.1/45243] INFO  server.GrpcService (GrpcService.java:closeImpl(271)) - ca5d3c16-7565-4171-aee7-158c5cc4aa22: shutdown server GrpcServerProtocolService now
2023-05-08 09:36:43,154 [97ae9001-8f77-4e57-887b-8866c45c8853-impl-thread1] INFO  util.JmxRegister (JmxRegister.java:unregister(73)) - Successfully un-registered JMX Bean with object name Ratis:service=RaftServer,group=group-A25ED3800DF0,id=97ae9001-8f77-4e57-887b-8866c45c8853
2023-05-08 09:36:43,158 [97ae9001-8f77-4e57-887b-8866c45c8853-impl-thread1] INFO  impl.RoleInfo (RoleInfo.java:shutdownLeaderState(93)) - 97ae9001-8f77-4e57-887b-8866c45c8853: shutdown 97ae9001-8f77-4e57-887b-8866c45c8853@group-A25ED3800DF0-LeaderStateImpl
2023-05-08 09:36:43,158 [97ae9001-8f77-4e57-887b-8866c45c8853-impl-thread1] INFO  impl.PendingRequests (PendingRequests.java:sendNotLeaderResponses(282)) - 97ae9001-8f77-4e57-887b-8866c45c8853@group-A25ED3800DF0-PendingRequests: sendNotLeaderResponses
2023-05-08 09:36:43,159 [97ae9001-8f77-4e57-887b-8866c45c8853-impl-thread1] INFO  impl.StateMachineUpdater (StateMachineUpdater.java:stopAndJoin(153)) - 97ae9001-8f77-4e57-887b-8866c45c8853@group-A25ED3800DF0-StateMachineUpdater: set stopIndex = 0
2023-05-08 09:36:43,159 [97ae9001-8f77-4e57-887b-8866c45c8853@group-A25ED3800DF0-StateMachineUpdater] INFO  ratis.ContainerStateMachine (ContainerStateMachine.java:takeSnapshot(330)) - group-A25ED3800DF0: Taking a snapshot at:(t:1, i:0) file /home/runner/work/ozone/ozone/hadoop-ozone/integration-test/target/test-dir/MiniOzoneClusterImpl-9c6e49ad-420a-4650-a022-25d129319acc/datanode-0/data/ratis/945ef2a7-8a8e-44fa-9581-a25ed3800df0/sm/snapshot.1_0
2023-05-08 09:36:43,158 [97ae9001-8f77-4e57-887b-8866c45c8853-impl-thread2] INFO  server.RaftServer$Division (RaftServerImpl.java:lambda$close$4(458)) - 97ae9001-8f77-4e57-887b-8866c45c8853@group-68B841171C69: shutdown
2023-05-08 09:36:43,159 [97ae9001-8f77-4e57-887b-8866c45c8853-impl-thread2] INFO  util.JmxRegister (JmxRegister.java:unregister(73)) - Successfully un-registered JMX Bean with object name Ratis:service=RaftServer,group=group-68B841171C69,id=97ae9001-8f77-4e57-887b-8866c45c8853
2023-05-08 09:36:43,160 [97ae9001-8f77-4e57-887b-8866c45c8853-impl-thread2] INFO  impl.RoleInfo (RoleInfo.java:shutdownFollowerState(110)) - 97ae9001-8f77-4e57-887b-8866c45c8853: shutdown 97ae9001-8f77-4e57-887b-8866c45c8853@group-68B841171C69-FollowerState
2023-05-08 09:36:43,160 [97ae9001-8f77-4e57-887b-8866c45c8853@group-68B841171C69-StateMachineUpdater] INFO  ratis.ContainerStateMachine (ContainerStateMachine.java:takeSnapshot(330)) - group-68B841171C69: Taking a snapshot at:(t:1, i:0) file /home/runner/work/ozone/ozone/hadoop-ozone/integration-test/target/test-dir/MiniOzoneClusterImpl-9c6e49ad-420a-4650-a022-25d129319acc/datanode-0/data/ratis/5a59ef5e-1b6b-436b-9bc3-68b841171c69/sm/snapshot.1_0
2023-05-08 09:36:43,160 [97ae9001-8f77-4e57-887b-8866c45c8853-impl-thread2] INFO  impl.StateMachineUpdater (StateMachineUpdater.java:stopAndJoin(153)) - 97ae9001-8f77-4e57-887b-8866c45c8853@group-68B841171C69-StateMachineUpdater: set stopIndex = 0
2023-05-08 09:36:43,161 [grpc-default-executor-0] WARN  server.GrpcServerProtocolService (LogUtils.java:warn(122)) - ca5d3c16-7565-4171-aee7-158c5cc4aa22: installSnapshot onError, lastRequest: null: org.apache.ratis.thirdparty.io.grpc.StatusRuntimeException: CANCELLED: client cancelled
2023-05-08 09:36:43,158 [ca5d3c16-7565-4171-aee7-158c5cc4aa22-impl-thread2] INFO  server.RaftServer$Division (RaftServerImpl.java:lambda$close$4(458)) - ca5d3c16-7565-4171-aee7-158c5cc4aa22@group-68B841171C69: shutdown
2023-05-08 09:36:43,158 [ca5d3c16-7565-4171-aee7-158c5cc4aa22-impl-thread3] INFO  server.RaftServer$Division (RaftServerImpl.java:lambda$close$4(458)) - ca5d3c16-7565-4171-aee7-158c5cc4aa22@group-D1052B0B398D: shutdown
2023-05-08 09:36:43,161 [Listener at 127.0.0.1/45243] INFO  server.GrpcServerProtocolClient (GrpcServerProtocolClient.java:close(101)) - 5079cb12-7c0c-49ee-b9b9-b1ba79861d13 Close channels
2023-05-08 09:36:43,163 [grpc-default-executor-0] WARN  server.GrpcLogAppender (LogUtils.java:warn(122)) - 97ae9001-8f77-4e57-887b-8866c45c8853@group-D1052B0B398D->ca5d3c16-7565-4171-aee7-158c5cc4aa22-AppendLogResponseHandler: Failed appendEntries: org.apache.ratis.thirdparty.io.grpc.StatusRuntimeException: CANCELLED: RST_STREAM closed stream. HTTP/2 error code: CANCEL
2023-05-08 09:36:43,163 [grpc-default-executor-0] WARN  server.GrpcLogAppender (GrpcLogAppender.java:resetClient(131)) - 97ae9001-8f77-4e57-887b-8866c45c8853@group-D1052B0B398D->ca5d3c16-7565-4171-aee7-158c5cc4aa22-GrpcLogAppender: Leader has not got in touch with Follower 97ae9001-8f77-4e57-887b-8866c45c8853@group-D1052B0B398D->ca5d3c16-7565-4171-aee7-158c5cc4aa22(c0,m0,n1, attendVote=true, lastRpcSendTime=2319, lastRpcResponseTime=2317) yet, just keep nextIndex unchanged and retry.
2023-05-08 09:36:43,158 [97ae9001-8f77-4e57-887b-8866c45c8853-impl-thread3] INFO  server.RaftServer$Division (RaftServerImpl.java:lambda$close$4(458)) - 97ae9001-8f77-4e57-887b-8866c45c8853@group-D1052B0B398D: shutdown
2023-05-08 09:36:43,158 [ca5d3c16-7565-4171-aee7-158c5cc4aa22@group-78BD918075FC-StateMachineUpdater] INFO  impl.StateMachineUpdater (StateMachineUpdater.java:takeSnapshot(287)) - ca5d3c16-7565-4171-aee7-158c5cc4aa22@group-78BD918075FC-StateMachineUpdater: Took a snapshot at index 0
2023-05-08 09:36:43,158 [ForkJoinPool.commonPool-worker-0] INFO  server.GrpcService (GrpcService.java:closeImpl(271)) - 97ae9001-8f77-4e57-887b-8866c45c8853: shutdown server GrpcServerProtocolService now
2023-05-08 09:36:43,164 [97ae9001-8f77-4e57-887b-8866c45c8853-impl-thread3] INFO  util.JmxRegister (JmxRegister.java:unregister(73)) - Successfully un-registered JMX Bean with object name Ratis:service=RaftServer,group=group-D1052B0B398D,id=97ae9001-8f77-4e57-887b-8866c45c8853
2023-05-08 09:36:43,164 [ca5d3c16-7565-4171-aee7-158c5cc4aa22@group-78BD918075FC-StateMachineUpdater] INFO  impl.StateMachineUpdater (StateMachineUpdater.java:lambda$new$0(92)) - ca5d3c16-7565-4171-aee7-158c5cc4aa22@group-78BD918075FC-StateMachineUpdater: snapshotIndex: updateIncreasingly -1 -> 0
2023-05-08 09:36:43,164 [ca5d3c16-7565-4171-aee7-158c5cc4aa22-impl-thread1] INFO  server.RaftServer$Division (ServerState.java:close(466)) - ca5d3c16-7565-4171-aee7-158c5cc4aa22@group-78BD918075FC: closes. applyIndex: 0
2023-05-08 09:36:43,161 [ca5d3c16-7565-4171-aee7-158c5cc4aa22-impl-thread3] INFO  util.JmxRegister (JmxRegister.java:unregister(73)) - Successfully un-registered JMX Bean with object name Ratis:service=RaftServer,group=group-D1052B0B398D,id=ca5d3c16-7565-4171-aee7-158c5cc4aa22
2023-05-08 09:36:43,165 [ca5d3c16-7565-4171-aee7-158c5cc4aa22-impl-thread3] INFO  impl.RoleInfo (RoleInfo.java:shutdownFollowerState(110)) - ca5d3c16-7565-4171-aee7-158c5cc4aa22: shutdown ca5d3c16-7565-4171-aee7-158c5cc4aa22@group-D1052B0B398D-FollowerState
2023-05-08 09:36:43,161 [ca5d3c16-7565-4171-aee7-158c5cc4aa22-impl-thread2] INFO  util.JmxRegister (JmxRegister.java:unregister(73)) - Successfully un-registered JMX Bean with object name Ratis:service=RaftServer,group=group-68B841171C69,id=ca5d3c16-7565-4171-aee7-158c5cc4aa22
2023-05-08 09:36:43,171 [ca5d3c16-7565-4171-aee7-158c5cc4aa22-impl-thread2] INFO  impl.RoleInfo (RoleInfo.java:shutdownLeaderState(93)) - ca5d3c16-7565-4171-aee7-158c5cc4aa22: shutdown ca5d3c16-7565-4171-aee7-158c5cc4aa22@group-68B841171C69-LeaderStateImpl
2023-05-08 09:36:43,161 [grpc-default-executor-2] WARN  server.GrpcLogAppender (LogUtils.java:warn(122)) - 97ae9001-8f77-4e57-887b-8866c45c8853@group-D1052B0B398D->ca5d3c16-7565-4171-aee7-158c5cc4aa22-AppendLogResponseHandler: Failed appendEntries: org.apache.ratis.thirdparty.io.grpc.StatusRuntimeException: CANCELLED: RST_STREAM closed stream. HTTP/2 error code: CANCEL
2023-05-08 09:36:43,171 [ca5d3c16-7565-4171-aee7-158c5cc4aa22@group-68B841171C69->97ae9001-8f77-4e57-887b-8866c45c8853-GrpcLogAppender-LogAppenderDaemon] WARN  server.GrpcLogAppender (GrpcLogAppender.java:mayWait(200)) - ca5d3c16-7565-4171-aee7-158c5cc4aa22@group-68B841171C69->97ae9001-8f77-4e57-887b-8866c45c8853-GrpcLogAppender: Wait interrupted by java.lang.InterruptedException
2023-05-08 09:36:43,171 [grpc-default-executor-2] WARN  server.GrpcLogAppender (GrpcLogAppender.java:resetClient(131)) - 97ae9001-8f77-4e57-887b-8866c45c8853@group-D1052B0B398D->ca5d3c16-7565-4171-aee7-158c5cc4aa22-GrpcLogAppender: Leader has not got in touch with Follower 97ae9001-8f77-4e57-887b-8866c45c8853@group-D1052B0B398D->ca5d3c16-7565-4171-aee7-158c5cc4aa22(c0,m0,n1, attendVote=true, lastRpcSendTime=2327, lastRpcResponseTime=2325) yet, just keep nextIndex unchanged and retry.
2023-05-08 09:36:43,171 [ca5d3c16-7565-4171-aee7-158c5cc4aa22@group-68B841171C69->5079cb12-7c0c-49ee-b9b9-b1ba79861d13-GrpcLogAppender-LogAppenderDaemon] WARN  server.GrpcLogAppender (GrpcLogAppender.java:mayWait(200)) - ca5d3c16-7565-4171-aee7-158c5cc4aa22@group-68B841171C69->5079cb12-7c0c-49ee-b9b9-b1ba79861d13-GrpcLogAppender: Wait interrupted by java.lang.InterruptedException
2023-05-08 09:36:43,161 [97ae9001-8f77-4e57-887b-8866c45c8853@group-68B841171C69-StateMachineUpdater] INFO  ratis.ContainerStateMachine (ContainerStateMachine.java:takeSnapshot(341)) - group-68B841171C69: Finished taking a snapshot at:(t:1, i:0) file:/home/runner/work/ozone/ozone/hadoop-ozone/integration-test/target/test-dir/MiniOzoneClusterImpl-9c6e49ad-420a-4650-a022-25d129319acc/datanode-0/data/ratis/5a59ef5e-1b6b-436b-9bc3-68b841171c69/sm/snapshot.1_0 took: 1 ms
2023-05-08 09:36:43,171 [97ae9001-8f77-4e57-887b-8866c45c8853@group-68B841171C69-StateMachineUpdater] INFO  impl.StateMachineUpdater (StateMachineUpdater.java:takeSnapshot(287)) - 97ae9001-8f77-4e57-887b-8866c45c8853@group-68B841171C69-StateMachineUpdater: Took a snapshot at index 0
2023-05-08 09:36:43,171 [97ae9001-8f77-4e57-887b-8866c45c8853@group-68B841171C69-StateMachineUpdater] INFO  impl.StateMachineUpdater (StateMachineUpdater.java:lambda$new$0(92)) - 97ae9001-8f77-4e57-887b-8866c45c8853@group-68B841171C69-StateMachineUpdater: snapshotIndex: updateIncreasingly -1 -> 0
2023-05-08 09:36:43,160 [grpc-default-executor-4] WARN  server.GrpcServerProtocolService (LogUtils.java:warn(122)) - ca5d3c16-7565-4171-aee7-158c5cc4aa22: installSnapshot onError, lastRequest: 97ae9001-8f77-4e57-887b-8866c45c8853->ca5d3c16-7565-4171-aee7-158c5cc4aa22#1-t1,previous=(t:0, i:0),leaderCommit=0,initializing? true,entries: size=1, first=(t:1, i:0), CONFIGURATIONENTRY(current:id: "5079cb12-7c0c-49ee-b9b9-b1ba79861d13"
address: "10.1.0.160:33913"
dataStreamAddress: "10.1.0.160:42539"
clientAddress: "10.1.0.160:33913"
adminAddress: "10.1.0.160:33913"
startupRole: FOLLOWER
,id: "97ae9001-8f77-4e57-887b-8866c45c8853"
address: "10.1.0.160:43931"
priority: 1
dataStreamAddress: "10.1.0.160:46669"
clientAddress: "10.1.0.160:43931"
adminAddress: "10.1.0.160:43931"
startupRole: FOLLOWER
,id: "ca5d3c16-7565-4171-aee7-158c5cc4aa22"
address: "10.1.0.160:33865"
dataStreamAddress: "10.1.0.160:34241"
clientAddress: "10.1.0.160:33865"
adminAddress: "10.1.0.160:33865"
startupRole: FOLLOWER
, old:): org.apache.ratis.thirdparty.io.grpc.StatusRuntimeException: CANCELLED: client cancelled
2023-05-08 09:36:43,172 [97ae9001-8f77-4e57-887b-8866c45c8853-impl-thread2] INFO  server.RaftServer$Division (ServerState.java:close(466)) - 97ae9001-8f77-4e57-887b-8866c45c8853@group-68B841171C69: closes. applyIndex: 0
2023-05-08 09:36:43,160 [97ae9001-8f77-4e57-887b-8866c45c8853@group-68B841171C69-FollowerState] INFO  impl.FollowerState (FollowerState.java:run(152)) - 97ae9001-8f77-4e57-887b-8866c45c8853@group-68B841171C69-FollowerState was interrupted
2023-05-08 09:36:43,160 [97ae9001-8f77-4e57-887b-8866c45c8853@group-A25ED3800DF0-StateMachineUpdater] INFO  ratis.ContainerStateMachine (ContainerStateMachine.java:takeSnapshot(341)) - group-A25ED3800DF0: Finished taking a snapshot at:(t:1, i:0) file:/home/runner/work/ozone/ozone/hadoop-ozone/integration-test/target/test-dir/MiniOzoneClusterImpl-9c6e49ad-420a-4650-a022-25d129319acc/datanode-0/data/ratis/945ef2a7-8a8e-44fa-9581-a25ed3800df0/sm/snapshot.1_0 took: 1 ms
2023-05-08 09:36:43,172 [97ae9001-8f77-4e57-887b-8866c45c8853@group-A25ED3800DF0-StateMachineUpdater] INFO  impl.StateMachineUpdater (StateMachineUpdater.java:takeSnapshot(287)) - 97ae9001-8f77-4e57-887b-8866c45c8853@group-A25ED3800DF0-StateMachineUpdater: Took a snapshot at index 0
2023-05-08 09:36:43,172 [97ae9001-8f77-4e57-887b-8866c45c8853@group-A25ED3800DF0-StateMachineUpdater] INFO  impl.StateMachineUpdater (StateMachineUpdater.java:lambda$new$0(92)) - 97ae9001-8f77-4e57-887b-8866c45c8853@group-A25ED3800DF0-StateMachineUpdater: snapshotIndex: updateIncreasingly -1 -> 0
2023-05-08 09:36:43,173 [grpc-default-executor-4] INFO  server.GrpcServerProtocolService (GrpcServerProtocolService.java:onCompleted(143)) - 5079cb12-7c0c-49ee-b9b9-b1ba79861d13: Completed APPEND_ENTRIES, lastRequest: ca5d3c16-7565-4171-aee7-158c5cc4aa22->5079cb12-7c0c-49ee-b9b9-b1ba79861d13#1-t1,previous=(t:0, i:0),leaderCommit=0,initializing? true,entries: size=1, first=(t:1, i:0), CONFIGURATIONENTRY(current:id: "5079cb12-7c0c-49ee-b9b9-b1ba79861d13"
address: "10.1.0.160:33913"
dataStreamAddress: "10.1.0.160:42539"
clientAddress: "10.1.0.160:33913"
adminAddress: "10.1.0.160:33913"
startupRole: FOLLOWER
,id: "97ae9001-8f77-4e57-887b-8866c45c8853"
address: "10.1.0.160:43931"
dataStreamAddress: "10.1.0.160:46669"
clientAddress: "10.1.0.160:43931"
adminAddress: "10.1.0.160:43931"
startupRole: FOLLOWER
,id: "ca5d3c16-7565-4171-aee7-158c5cc4aa22"
address: "10.1.0.160:33865"
priority: 1
dataStreamAddress: "10.1.0.160:34241"
clientAddress: "10.1.0.160:33865"
adminAddress: "10.1.0.160:33865"
startupRole: FOLLOWER
, old:)
2023-05-08 09:36:43,173 [grpc-default-executor-2] INFO  server.GrpcServerProtocolService (GrpcServerProtocolService.java:onCompleted(143)) - 5079cb12-7c0c-49ee-b9b9-b1ba79861d13: Completed APPEND_ENTRIES, lastRequest: null
2023-05-08 09:36:43,174 [grpc-default-executor-0] INFO  server.GrpcLogAppender (GrpcLogAppender.java:onCompleted(415)) - ca5d3c16-7565-4171-aee7-158c5cc4aa22@group-68B841171C69->5079cb12-7c0c-49ee-b9b9-b1ba79861d13-AppendLogResponseHandler: follower responses appendEntries COMPLETED
2023-05-08 09:36:43,174 [grpc-default-executor-0] WARN  server.GrpcLogAppender (GrpcLogAppender.java:resetClient(137)) - ca5d3c16-7565-4171-aee7-158c5cc4aa22@group-68B841171C69->5079cb12-7c0c-49ee-b9b9-b1ba79861d13-GrpcLogAppender: Failed to getClient for 5079cb12-7c0c-49ee-b9b9-b1ba79861d13
org.apache.ratis.protocol.exceptions.AlreadyClosedException: ca5d3c16-7565-4171-aee7-158c5cc4aa22 is already CLOSED
	at org.apache.ratis.util.PeerProxyMap$PeerAndProxy.getProxy(PeerProxyMap.java:61)
	at org.apache.ratis.util.PeerProxyMap.getProxy(PeerProxyMap.java:115)
	at org.apache.ratis.grpc.server.GrpcLogAppender.getClient(GrpcLogAppender.java:116)
	at org.apache.ratis.grpc.server.GrpcLogAppender.resetClient(GrpcLogAppender.java:121)
	at org.apache.ratis.grpc.server.GrpcLogAppender.access$500(GrpcLogAppender.java:58)
	at org.apache.ratis.grpc.server.GrpcLogAppender$AppendLogResponseHandler.onCompleted(GrpcLogAppender.java:416)
	at org.apache.ratis.thirdparty.io.grpc.stub.ClientCalls$StreamObserverToCallListenerAdapter.onClose(ClientCalls.java:485)
	at org.apache.ratis.thirdparty.io.grpc.internal.ClientCallImpl.closeObserver(ClientCallImpl.java:562)
	at org.apache.ratis.thirdparty.io.grpc.internal.ClientCallImpl.access$300(ClientCallImpl.java:70)
	at org.apache.ratis.thirdparty.io.grpc.internal.ClientCallImpl$ClientStreamListenerImpl$1StreamClosed.runInternal(ClientCallImpl.java:743)
	at org.apache.ratis.thirdparty.io.grpc.internal.ClientCallImpl$ClientStreamListenerImpl$1StreamClosed.runInContext(ClientCallImpl.java:722)
	at org.apache.ratis.thirdparty.io.grpc.internal.ContextRunnable.run(ContextRunnable.java:37)
	at org.apache.ratis.thirdparty.io.grpc.internal.SerializingExecutor.run(SerializingExecutor.java:133)
	at java.util.concurrent.ThreadPoolExecutor.runWorker(ThreadPoolExecutor.java:1149)
	at java.util.concurrent.ThreadPoolExecutor$Worker.run(ThreadPoolExecutor.java:624)
	at java.lang.Thread.run(Thread.java:750)
2023-05-08 09:36:43,174 [97ae9001-8f77-4e57-887b-8866c45c8853@group-68B841171C69-SegmentedRaftLogWorker] INFO  segmented.SegmentedRaftLogWorker (SegmentedRaftLogWorker.java:run(347)) - 97ae9001-8f77-4e57-887b-8866c45c8853@group-68B841171C69-SegmentedRaftLogWorker was interrupted, exiting. There are 0 tasks remaining in the queue.
2023-05-08 09:36:43,171 [ca5d3c16-7565-4171-aee7-158c5cc4aa22-impl-thread2] INFO  impl.PendingRequests (PendingRequests.java:sendNotLeaderResponses(282)) - ca5d3c16-7565-4171-aee7-158c5cc4aa22@group-68B841171C69-PendingRequests: sendNotLeaderResponses
2023-05-08 09:36:43,170 [grpc-default-executor-1] WARN  server.GrpcLogAppender (LogUtils.java:warn(122)) - ca5d3c16-7565-4171-aee7-158c5cc4aa22@group-68B841171C69->97ae9001-8f77-4e57-887b-8866c45c8853-AppendLogResponseHandler: Failed appendEntries: org.apache.ratis.thirdparty.io.grpc.StatusRuntimeException: CANCELLED: RST_STREAM closed stream. HTTP/2 error code: CANCEL
2023-05-08 09:36:43,169 [grpc-default-executor-3] WARN  server.GrpcServerProtocolService (LogUtils.java:warn(122)) - 97ae9001-8f77-4e57-887b-8866c45c8853: installSnapshot onError, lastRequest: null: org.apache.ratis.thirdparty.io.grpc.StatusRuntimeException: CANCELLED: client cancelled
2023-05-08 09:36:43,169 [grpc-default-executor-5] WARN  server.GrpcServerProtocolService (LogUtils.java:warn(122)) - 97ae9001-8f77-4e57-887b-8866c45c8853: installSnapshot onError, lastRequest: ca5d3c16-7565-4171-aee7-158c5cc4aa22->97ae9001-8f77-4e57-887b-8866c45c8853#1-t1,previous=(t:0, i:0),leaderCommit=0,initializing? true,entries: size=1, first=(t:1, i:0), CONFIGURATIONENTRY(current:id: "5079cb12-7c0c-49ee-b9b9-b1ba79861d13"
address: "10.1.0.160:33913"
dataStreamAddress: "10.1.0.160:42539"
clientAddress: "10.1.0.160:33913"
adminAddress: "10.1.0.160:33913"
startupRole: FOLLOWER
,id: "97ae9001-8f77-4e57-887b-8866c45c8853"
address: "10.1.0.160:43931"
dataStreamAddress: "10.1.0.160:46669"
clientAddress: "10.1.0.160:43931"
adminAddress: "10.1.0.160:43931"
startupRole: FOLLOWER
,id: "ca5d3c16-7565-4171-aee7-158c5cc4aa22"
address: "10.1.0.160:33865"
priority: 1
dataStreamAddress: "10.1.0.160:34241"
clientAddress: "10.1.0.160:33865"
adminAddress: "10.1.0.160:33865"
startupRole: FOLLOWER
, old:): org.apache.ratis.thirdparty.io.grpc.StatusRuntimeException: CANCELLED: client cancelled
2023-05-08 09:36:43,169 [ca5d3c16-7565-4171-aee7-158c5cc4aa22-impl-thread3] INFO  impl.StateMachineUpdater (StateMachineUpdater.java:stopAndJoin(153)) - ca5d3c16-7565-4171-aee7-158c5cc4aa22@group-D1052B0B398D-StateMachineUpdater: set stopIndex = 0
2023-05-08 09:36:43,169 [ca5d3c16-7565-4171-aee7-158c5cc4aa22@group-D1052B0B398D-StateMachineUpdater] INFO  ratis.ContainerStateMachine (ContainerStateMachine.java:takeSnapshot(330)) - group-D1052B0B398D: Taking a snapshot at:(t:1, i:0) file /home/runner/work/ozone/ozone/hadoop-ozone/integration-test/target/test-dir/MiniOzoneClusterImpl-9c6e49ad-420a-4650-a022-25d129319acc/datanode-1/data/ratis/7d7e3fea-4320-4f3d-b9f2-d1052b0b398d/sm/snapshot.1_0
2023-05-08 09:36:43,176 [ca5d3c16-7565-4171-aee7-158c5cc4aa22@group-D1052B0B398D-StateMachineUpdater] INFO  ratis.ContainerStateMachine (ContainerStateMachine.java:takeSnapshot(341)) - group-D1052B0B398D: Finished taking a snapshot at:(t:1, i:0) file:/home/runner/work/ozone/ozone/hadoop-ozone/integration-test/target/test-dir/MiniOzoneClusterImpl-9c6e49ad-420a-4650-a022-25d129319acc/datanode-1/data/ratis/7d7e3fea-4320-4f3d-b9f2-d1052b0b398d/sm/snapshot.1_0 took: 7 ms
2023-05-08 09:36:43,176 [ca5d3c16-7565-4171-aee7-158c5cc4aa22@group-D1052B0B398D-StateMachineUpdater] INFO  impl.StateMachineUpdater (StateMachineUpdater.java:takeSnapshot(287)) - ca5d3c16-7565-4171-aee7-158c5cc4aa22@group-D1052B0B398D-StateMachineUpdater: Took a snapshot at index 0
2023-05-08 09:36:43,176 [ca5d3c16-7565-4171-aee7-158c5cc4aa22@group-D1052B0B398D-StateMachineUpdater] INFO  impl.StateMachineUpdater (StateMachineUpdater.java:lambda$new$0(92)) - ca5d3c16-7565-4171-aee7-158c5cc4aa22@group-D1052B0B398D-StateMachineUpdater: snapshotIndex: updateIncreasingly -1 -> 0
2023-05-08 09:36:43,178 [ca5d3c16-7565-4171-aee7-158c5cc4aa22-impl-thread3] INFO  server.RaftServer$Division (ServerState.java:close(466)) - ca5d3c16-7565-4171-aee7-158c5cc4aa22@group-D1052B0B398D: closes. applyIndex: 0
2023-05-08 09:36:43,169 [97ae9001-8f77-4e57-887b-8866c45c8853-impl-thread3] INFO  impl.RoleInfo (RoleInfo.java:shutdownLeaderState(93)) - 97ae9001-8f77-4e57-887b-8866c45c8853: shutdown 97ae9001-8f77-4e57-887b-8866c45c8853@group-D1052B0B398D-LeaderStateImpl
2023-05-08 09:36:43,169 [ca5d3c16-7565-4171-aee7-158c5cc4aa22@group-D1052B0B398D-FollowerState] INFO  impl.FollowerState (FollowerState.java:run(152)) - ca5d3c16-7565-4171-aee7-158c5cc4aa22@group-D1052B0B398D-FollowerState was interrupted
2023-05-08 09:36:43,169 [ForkJoinPool.commonPool-worker-0] INFO  server.GrpcServerProtocolClient (GrpcServerProtocolClient.java:close(101)) - 5079cb12-7c0c-49ee-b9b9-b1ba79861d13 Close channels
2023-05-08 09:36:43,165 [ca5d3c16-7565-4171-aee7-158c5cc4aa22@group-78BD918075FC-SegmentedRaftLogWorker] INFO  segmented.SegmentedRaftLogWorker (SegmentedRaftLogWorker.java:run(347)) - ca5d3c16-7565-4171-aee7-158c5cc4aa22@group-78BD918075FC-SegmentedRaftLogWorker was interrupted, exiting. There are 0 tasks remaining in the queue.
2023-05-08 09:36:43,174 [97ae9001-8f77-4e57-887b-8866c45c8853-impl-thread1] INFO  server.RaftServer$Division (ServerState.java:close(466)) - 97ae9001-8f77-4e57-887b-8866c45c8853@group-A25ED3800DF0: closes. applyIndex: 0
2023-05-08 09:36:43,185 [97ae9001-8f77-4e57-887b-8866c45c8853@group-A25ED3800DF0-SegmentedRaftLogWorker] INFO  segmented.SegmentedRaftLogWorker (SegmentedRaftLogWorker.java:run(347)) - 97ae9001-8f77-4e57-887b-8866c45c8853@group-A25ED3800DF0-SegmentedRaftLogWorker was interrupted, exiting. There are 0 tasks remaining in the queue.
2023-05-08 09:36:43,185 [97ae9001-8f77-4e57-887b-8866c45c8853-impl-thread3] INFO  impl.PendingRequests (PendingRequests.java:sendNotLeaderResponses(282)) - 97ae9001-8f77-4e57-887b-8866c45c8853@group-D1052B0B398D-PendingRequests: sendNotLeaderResponses
2023-05-08 09:36:43,185 [grpc-default-executor-5] INFO  server.GrpcServerProtocolService (GrpcServerProtocolService.java:onCompleted(143)) - 5079cb12-7c0c-49ee-b9b9-b1ba79861d13: Completed APPEND_ENTRIES, lastRequest: null
2023-05-08 09:36:43,185 [ca5d3c16-7565-4171-aee7-158c5cc4aa22@group-D1052B0B398D-SegmentedRaftLogWorker] INFO  segmented.SegmentedRaftLogWorker (SegmentedRaftLogWorker.java:run(347)) - ca5d3c16-7565-4171-aee7-158c5cc4aa22@group-D1052B0B398D-SegmentedRaftLogWorker was interrupted, exiting. There are 0 tasks remaining in the queue.
2023-05-08 09:36:43,186 [grpc-default-executor-1] WARN  server.GrpcLogAppender (GrpcLogAppender.java:resetClient(131)) - ca5d3c16-7565-4171-aee7-158c5cc4aa22@group-68B841171C69->97ae9001-8f77-4e57-887b-8866c45c8853-GrpcLogAppender: Leader has not got in touch with Follower ca5d3c16-7565-4171-aee7-158c5cc4aa22@group-68B841171C69->97ae9001-8f77-4e57-887b-8866c45c8853(c0,m0,n1, attendVote=true, lastRpcSendTime=2435, lastRpcResponseTime=2435) yet, just keep nextIndex unchanged and retry.
2023-05-08 09:36:43,186 [ca5d3c16-7565-4171-aee7-158c5cc4aa22-impl-thread2] INFO  impl.StateMachineUpdater (StateMachineUpdater.java:stopAndJoin(153)) - ca5d3c16-7565-4171-aee7-158c5cc4aa22@group-68B841171C69-StateMachineUpdater: set stopIndex = 0
2023-05-08 09:36:43,186 [ca5d3c16-7565-4171-aee7-158c5cc4aa22@group-68B841171C69-StateMachineUpdater] INFO  ratis.ContainerStateMachine (ContainerStateMachine.java:takeSnapshot(330)) - group-68B841171C69: Taking a snapshot at:(t:1, i:0) file /home/runner/work/ozone/ozone/hadoop-ozone/integration-test/target/test-dir/MiniOzoneClusterImpl-9c6e49ad-420a-4650-a022-25d129319acc/datanode-1/data/ratis/5a59ef5e-1b6b-436b-9bc3-68b841171c69/sm/snapshot.1_0
2023-05-08 09:36:43,187 [ca5d3c16-7565-4171-aee7-158c5cc4aa22@group-68B841171C69-StateMachineUpdater] INFO  ratis.ContainerStateMachine (ContainerStateMachine.java:takeSnapshot(341)) - group-68B841171C69: Finished taking a snapshot at:(t:1, i:0) file:/home/runner/work/ozone/ozone/hadoop-ozone/integration-test/target/test-dir/MiniOzoneClusterImpl-9c6e49ad-420a-4650-a022-25d129319acc/datanode-1/data/ratis/5a59ef5e-1b6b-436b-9bc3-68b841171c69/sm/snapshot.1_0 took: 1 ms
2023-05-08 09:36:43,187 [97ae9001-8f77-4e57-887b-8866c45c8853-impl-thread3] INFO  impl.StateMachineUpdater (StateMachineUpdater.java:stopAndJoin(153)) - 97ae9001-8f77-4e57-887b-8866c45c8853@group-D1052B0B398D-StateMachineUpdater: set stopIndex = 0
2023-05-08 09:36:43,187 [97ae9001-8f77-4e57-887b-8866c45c8853@group-D1052B0B398D-StateMachineUpdater] INFO  ratis.ContainerStateMachine (ContainerStateMachine.java:takeSnapshot(330)) - group-D1052B0B398D: Taking a snapshot at:(t:1, i:0) file /home/runner/work/ozone/ozone/hadoop-ozone/integration-test/target/test-dir/MiniOzoneClusterImpl-9c6e49ad-420a-4650-a022-25d129319acc/datanode-0/data/ratis/7d7e3fea-4320-4f3d-b9f2-d1052b0b398d/sm/snapshot.1_0
2023-05-08 09:36:43,187 [grpc-default-executor-6] INFO  server.GrpcLogAppender (GrpcLogAppender.java:onError(404)) - ca5d3c16-7565-4171-aee7-158c5cc4aa22@group-68B841171C69->97ae9001-8f77-4e57-887b-8866c45c8853-GrpcLogAppender is already stopped
2023-05-08 09:36:43,188 [97ae9001-8f77-4e57-887b-8866c45c8853-impl-thread2] INFO  segmented.SegmentedRaftLogWorker (SegmentedRaftLogWorker.java:close(257)) - 97ae9001-8f77-4e57-887b-8866c45c8853@group-68B841171C69-SegmentedRaftLogWorker close()
2023-05-08 09:36:43,188 [ca5d3c16-7565-4171-aee7-158c5cc4aa22-impl-thread1] INFO  segmented.SegmentedRaftLogWorker (SegmentedRaftLogWorker.java:close(257)) - ca5d3c16-7565-4171-aee7-158c5cc4aa22@group-78BD918075FC-SegmentedRaftLogWorker close()
2023-05-08 09:36:43,188 [grpc-default-executor-7] INFO  server.GrpcLogAppender (GrpcLogAppender.java:onCompleted(415)) - ca5d3c16-7565-4171-aee7-158c5cc4aa22@group-68B841171C69->5079cb12-7c0c-49ee-b9b9-b1ba79861d13-AppendLogResponseHandler: follower responses appendEntries COMPLETED
2023-05-08 09:36:43,189 [grpc-default-executor-7] WARN  server.GrpcLogAppender (GrpcLogAppender.java:resetClient(137)) - ca5d3c16-7565-4171-aee7-158c5cc4aa22@group-68B841171C69->5079cb12-7c0c-49ee-b9b9-b1ba79861d13-GrpcLogAppender: Failed to getClient for 5079cb12-7c0c-49ee-b9b9-b1ba79861d13
org.apache.ratis.protocol.exceptions.AlreadyClosedException: ca5d3c16-7565-4171-aee7-158c5cc4aa22 is already CLOSED
	at org.apache.ratis.util.PeerProxyMap$PeerAndProxy.getProxy(PeerProxyMap.java:61)
	at org.apache.ratis.util.PeerProxyMap.getProxy(PeerProxyMap.java:115)
	at org.apache.ratis.grpc.server.GrpcLogAppender.getClient(GrpcLogAppender.java:116)
	at org.apache.ratis.grpc.server.GrpcLogAppender.resetClient(GrpcLogAppender.java:121)
	at org.apache.ratis.grpc.server.GrpcLogAppender.access$500(GrpcLogAppender.java:58)
	at org.apache.ratis.grpc.server.GrpcLogAppender$AppendLogResponseHandler.onCompleted(GrpcLogAppender.java:416)
	at org.apache.ratis.thirdparty.io.grpc.stub.ClientCalls$StreamObserverToCallListenerAdapter.onClose(ClientCalls.java:485)
	at org.apache.ratis.thirdparty.io.grpc.internal.DelayedClientCall$DelayedListener$3.run(DelayedClientCall.java:468)
	at org.apache.ratis.thirdparty.io.grpc.internal.DelayedClientCall$DelayedListener.delayOrExecute(DelayedClientCall.java:432)
	at org.apache.ratis.thirdparty.io.grpc.internal.DelayedClientCall$DelayedListener.onClose(DelayedClientCall.java:465)
	at org.apache.ratis.thirdparty.io.grpc.internal.ClientCallImpl.closeObserver(ClientCallImpl.java:562)
	at org.apache.ratis.thirdparty.io.grpc.internal.ClientCallImpl.access$300(ClientCallImpl.java:70)
	at org.apache.ratis.thirdparty.io.grpc.internal.ClientCallImpl$ClientStreamListenerImpl$1StreamClosed.runInternal(ClientCallImpl.java:743)
	at org.apache.ratis.thirdparty.io.grpc.internal.ClientCallImpl$ClientStreamListenerImpl$1StreamClosed.runInContext(ClientCallImpl.java:722)
	at org.apache.ratis.thirdparty.io.grpc.internal.ContextRunnable.run(ContextRunnable.java:37)
	at org.apache.ratis.thirdparty.io.grpc.internal.SerializingExecutor.run(SerializingExecutor.java:133)
	at java.util.concurrent.ThreadPoolExecutor.runWorker(ThreadPoolExecutor.java:1149)
	at java.util.concurrent.ThreadPoolExecutor$Worker.run(ThreadPoolExecutor.java:624)
	at java.lang.Thread.run(Thread.java:750)
2023-05-08 09:36:43,188 [ca5d3c16-7565-4171-aee7-158c5cc4aa22-impl-thread3] INFO  segmented.SegmentedRaftLogWorker (SegmentedRaftLogWorker.java:close(257)) - ca5d3c16-7565-4171-aee7-158c5cc4aa22@group-D1052B0B398D-SegmentedRaftLogWorker close()
2023-05-08 09:36:43,188 [97ae9001-8f77-4e57-887b-8866c45c8853@group-D1052B0B398D-StateMachineUpdater] INFO  ratis.ContainerStateMachine (ContainerStateMachine.java:takeSnapshot(341)) - group-D1052B0B398D: Finished taking a snapshot at:(t:1, i:0) file:/home/runner/work/ozone/ozone/hadoop-ozone/integration-test/target/test-dir/MiniOzoneClusterImpl-9c6e49ad-420a-4650-a022-25d129319acc/datanode-0/data/ratis/7d7e3fea-4320-4f3d-b9f2-d1052b0b398d/sm/snapshot.1_0 took: 0 ms
2023-05-08 09:36:43,187 [97ae9001-8f77-4e57-887b-8866c45c8853-impl-thread1] INFO  segmented.SegmentedRaftLogWorker (SegmentedRaftLogWorker.java:close(257)) - 97ae9001-8f77-4e57-887b-8866c45c8853@group-A25ED3800DF0-SegmentedRaftLogWorker close()
2023-05-08 09:36:43,201 [Listener at 127.0.0.1/45243] INFO  server.GrpcServerProtocolClient (GrpcServerProtocolClient.java:close(101)) - 97ae9001-8f77-4e57-887b-8866c45c8853 Close channels
2023-05-08 09:36:43,195 [grpc-default-executor-6] INFO  server.GrpcServerProtocolService (GrpcServerProtocolService.java:onCompleted(143)) - 5079cb12-7c0c-49ee-b9b9-b1ba79861d13: Completed APPEND_ENTRIES, lastRequest: 97ae9001-8f77-4e57-887b-8866c45c8853->5079cb12-7c0c-49ee-b9b9-b1ba79861d13#1-t1,previous=(t:0, i:0),leaderCommit=0,initializing? true,entries: size=1, first=(t:1, i:0), CONFIGURATIONENTRY(current:id: "5079cb12-7c0c-49ee-b9b9-b1ba79861d13"
address: "10.1.0.160:33913"
dataStreamAddress: "10.1.0.160:42539"
clientAddress: "10.1.0.160:33913"
adminAddress: "10.1.0.160:33913"
startupRole: FOLLOWER
,id: "97ae9001-8f77-4e57-887b-8866c45c8853"
address: "10.1.0.160:43931"
priority: 1
dataStreamAddress: "10.1.0.160:46669"
clientAddress: "10.1.0.160:43931"
adminAddress: "10.1.0.160:43931"
startupRole: FOLLOWER
,id: "ca5d3c16-7565-4171-aee7-158c5cc4aa22"
address: "10.1.0.160:33865"
dataStreamAddress: "10.1.0.160:34241"
clientAddress: "10.1.0.160:33865"
adminAddress: "10.1.0.160:33865"
startupRole: FOLLOWER
, old:)
2023-05-08 09:36:43,195 [grpc-default-executor-1] INFO  server.GrpcLogAppender (GrpcLogAppender.java:onCompleted(415)) - 97ae9001-8f77-4e57-887b-8866c45c8853@group-D1052B0B398D->5079cb12-7c0c-49ee-b9b9-b1ba79861d13-AppendLogResponseHandler: follower responses appendEntries COMPLETED
2023-05-08 09:36:43,201 [grpc-default-executor-1] WARN  server.GrpcLogAppender (GrpcLogAppender.java:resetClient(137)) - 97ae9001-8f77-4e57-887b-8866c45c8853@group-D1052B0B398D->5079cb12-7c0c-49ee-b9b9-b1ba79861d13-GrpcLogAppender: Failed to getClient for 5079cb12-7c0c-49ee-b9b9-b1ba79861d13
org.apache.ratis.protocol.exceptions.AlreadyClosedException: 97ae9001-8f77-4e57-887b-8866c45c8853 is already CLOSED
	at org.apache.ratis.util.PeerProxyMap$PeerAndProxy.getProxy(PeerProxyMap.java:61)
	at org.apache.ratis.util.PeerProxyMap.getProxy(PeerProxyMap.java:115)
	at org.apache.ratis.grpc.server.GrpcLogAppender.getClient(GrpcLogAppender.java:116)
	at org.apache.ratis.grpc.server.GrpcLogAppender.resetClient(GrpcLogAppender.java:121)
	at org.apache.ratis.grpc.server.GrpcLogAppender.access$500(GrpcLogAppender.java:58)
	at org.apache.ratis.grpc.server.GrpcLogAppender$AppendLogResponseHandler.onCompleted(GrpcLogAppender.java:416)
	at org.apache.ratis.thirdparty.io.grpc.stub.ClientCalls$StreamObserverToCallListenerAdapter.onClose(ClientCalls.java:485)
	at org.apache.ratis.thirdparty.io.grpc.internal.ClientCallImpl.closeObserver(ClientCallImpl.java:562)
	at org.apache.ratis.thirdparty.io.grpc.internal.ClientCallImpl.access$300(ClientCallImpl.java:70)
	at org.apache.ratis.thirdparty.io.grpc.internal.ClientCallImpl$ClientStreamListenerImpl$1StreamClosed.runInternal(ClientCallImpl.java:743)
	at org.apache.ratis.thirdparty.io.grpc.internal.ClientCallImpl$ClientStreamListenerImpl$1StreamClosed.runInContext(ClientCallImpl.java:722)
	at org.apache.ratis.thirdparty.io.grpc.internal.ContextRunnable.run(ContextRunnable.java:37)
	at org.apache.ratis.thirdparty.io.grpc.internal.SerializingExecutor.run(SerializingExecutor.java:133)
	at java.util.concurrent.ThreadPoolExecutor.runWorker(ThreadPoolExecutor.java:1149)
	at java.util.concurrent.ThreadPoolExecutor$Worker.run(ThreadPoolExecutor.java:624)
	at java.lang.Thread.run(Thread.java:750)
2023-05-08 09:36:43,195 [ca5d3c16-7565-4171-aee7-158c5cc4aa22@group-68B841171C69-StateMachineUpdater] INFO  impl.StateMachineUpdater (StateMachineUpdater.java:takeSnapshot(287)) - ca5d3c16-7565-4171-aee7-158c5cc4aa22@group-68B841171C69-StateMachineUpdater: Took a snapshot at index 0
2023-05-08 09:36:43,201 [97ae9001-8f77-4e57-887b-8866c45c8853@group-D1052B0B398D-StateMachineUpdater] INFO  impl.StateMachineUpdater (StateMachineUpdater.java:takeSnapshot(287)) - 97ae9001-8f77-4e57-887b-8866c45c8853@group-D1052B0B398D-StateMachineUpdater: Took a snapshot at index 0
2023-05-08 09:36:43,202 [97ae9001-8f77-4e57-887b-8866c45c8853@group-D1052B0B398D-StateMachineUpdater] INFO  impl.StateMachineUpdater (StateMachineUpdater.java:lambda$new$0(92)) - 97ae9001-8f77-4e57-887b-8866c45c8853@group-D1052B0B398D-StateMachineUpdater: snapshotIndex: updateIncreasingly -1 -> 0
2023-05-08 09:36:43,202 [ca5d3c16-7565-4171-aee7-158c5cc4aa22@group-68B841171C69-StateMachineUpdater] INFO  impl.StateMachineUpdater (StateMachineUpdater.java:lambda$new$0(92)) - ca5d3c16-7565-4171-aee7-158c5cc4aa22@group-68B841171C69-StateMachineUpdater: snapshotIndex: updateIncreasingly -1 -> 0
2023-05-08 09:36:43,202 [ca5d3c16-7565-4171-aee7-158c5cc4aa22-impl-thread2] INFO  server.RaftServer$Division (ServerState.java:close(466)) - ca5d3c16-7565-4171-aee7-158c5cc4aa22@group-68B841171C69: closes. applyIndex: 0
2023-05-08 09:36:43,203 [97ae9001-8f77-4e57-887b-8866c45c8853-impl-thread3] INFO  server.RaftServer$Division (ServerState.java:close(466)) - 97ae9001-8f77-4e57-887b-8866c45c8853@group-D1052B0B398D: closes. applyIndex: 0
2023-05-08 09:36:43,203 [ca5d3c16-7565-4171-aee7-158c5cc4aa22@group-68B841171C69-SegmentedRaftLogWorker] INFO  segmented.SegmentedRaftLogWorker (SegmentedRaftLogWorker.java:run(347)) - ca5d3c16-7565-4171-aee7-158c5cc4aa22@group-68B841171C69-SegmentedRaftLogWorker was interrupted, exiting. There are 0 tasks remaining in the queue.
2023-05-08 09:36:43,203 [97ae9001-8f77-4e57-887b-8866c45c8853@group-D1052B0B398D-SegmentedRaftLogWorker] INFO  segmented.SegmentedRaftLogWorker (SegmentedRaftLogWorker.java:run(347)) - 97ae9001-8f77-4e57-887b-8866c45c8853@group-D1052B0B398D-SegmentedRaftLogWorker was interrupted, exiting. There are 0 tasks remaining in the queue.
2023-05-08 09:36:43,204 [grpc-default-executor-6] INFO  server.GrpcLogAppender (GrpcLogAppender.java:onCompleted(415)) - 97ae9001-8f77-4e57-887b-8866c45c8853@group-D1052B0B398D->5079cb12-7c0c-49ee-b9b9-b1ba79861d13-AppendLogResponseHandler: follower responses appendEntries COMPLETED
2023-05-08 09:36:43,204 [grpc-default-executor-6] WARN  server.GrpcLogAppender (GrpcLogAppender.java:resetClient(137)) - 97ae9001-8f77-4e57-887b-8866c45c8853@group-D1052B0B398D->5079cb12-7c0c-49ee-b9b9-b1ba79861d13-GrpcLogAppender: Failed to getClient for 5079cb12-7c0c-49ee-b9b9-b1ba79861d13
org.apache.ratis.protocol.exceptions.AlreadyClosedException: 97ae9001-8f77-4e57-887b-8866c45c8853 is already CLOSED
	at org.apache.ratis.util.PeerProxyMap$PeerAndProxy.getProxy(PeerProxyMap.java:61)
	at org.apache.ratis.util.PeerProxyMap.getProxy(PeerProxyMap.java:115)
	at org.apache.ratis.grpc.server.GrpcLogAppender.getClient(GrpcLogAppender.java:116)
	at org.apache.ratis.grpc.server.GrpcLogAppender.resetClient(GrpcLogAppender.java:121)
	at org.apache.ratis.grpc.server.GrpcLogAppender.access$500(GrpcLogAppender.java:58)
	at org.apache.ratis.grpc.server.GrpcLogAppender$AppendLogResponseHandler.onCompleted(GrpcLogAppender.java:416)
	at org.apache.ratis.thirdparty.io.grpc.stub.ClientCalls$StreamObserverToCallListenerAdapter.onClose(ClientCalls.java:485)
	at org.apache.ratis.thirdparty.io.grpc.internal.ClientCallImpl.closeObserver(ClientCallImpl.java:562)
	at org.apache.ratis.thirdparty.io.grpc.internal.ClientCallImpl.access$300(ClientCallImpl.java:70)
	at org.apache.ratis.thirdparty.io.grpc.internal.ClientCallImpl$ClientStreamListenerImpl$1StreamClosed.runInternal(ClientCallImpl.java:743)
	at org.apache.ratis.thirdparty.io.grpc.internal.ClientCallImpl$ClientStreamListenerImpl$1StreamClosed.runInContext(ClientCallImpl.java:722)
	at org.apache.ratis.thirdparty.io.grpc.internal.ContextRunnable.run(ContextRunnable.java:37)
	at org.apache.ratis.thirdparty.io.grpc.internal.SerializingExecutor.run(SerializingExecutor.java:133)
	at java.util.concurrent.ThreadPoolExecutor.runWorker(ThreadPoolExecutor.java:1149)
	at java.util.concurrent.ThreadPoolExecutor$Worker.run(ThreadPoolExecutor.java:624)
	at java.lang.Thread.run(Thread.java:750)
2023-05-08 09:36:43,213 [Listener at 127.0.0.1/45243] INFO  server.GrpcService (GrpcService.java:closeImpl(280)) - ca5d3c16-7565-4171-aee7-158c5cc4aa22: shutdown server GrpcServerProtocolService successfully
2023-05-08 09:36:43,213 [ca5d3c16-7565-4171-aee7-158c5cc4aa22-NettyServerStreamRpc-bossGroup--thread1] INFO  logging.LoggingHandler (AbstractInternalLogger.java:log(148)) - [id: 0x5b1feeb9, L:/0:0:0:0:0:0:0:0:34241] CLOSE
2023-05-08 09:36:43,213 [ca5d3c16-7565-4171-aee7-158c5cc4aa22-NettyServerStreamRpc-bossGroup--thread1] INFO  logging.LoggingHandler (AbstractInternalLogger.java:log(148)) - [id: 0x5b1feeb9, L:/0:0:0:0:0:0:0:0:34241] INACTIVE
2023-05-08 09:36:43,213 [ca5d3c16-7565-4171-aee7-158c5cc4aa22-NettyServerStreamRpc-bossGroup--thread1] INFO  logging.LoggingHandler (AbstractInternalLogger.java:log(148)) - [id: 0x5b1feeb9, L:/0:0:0:0:0:0:0:0:34241] UNREGISTERED
2023-05-08 09:36:43,213 [97ae9001-8f77-4e57-887b-8866c45c8853-impl-thread3] INFO  segmented.SegmentedRaftLogWorker (SegmentedRaftLogWorker.java:close(257)) - 97ae9001-8f77-4e57-887b-8866c45c8853@group-D1052B0B398D-SegmentedRaftLogWorker close()
2023-05-08 09:36:43,213 [ca5d3c16-7565-4171-aee7-158c5cc4aa22-impl-thread2] INFO  segmented.SegmentedRaftLogWorker (SegmentedRaftLogWorker.java:close(257)) - ca5d3c16-7565-4171-aee7-158c5cc4aa22@group-68B841171C69-SegmentedRaftLogWorker close()
2023-05-08 09:36:43,233 [ForkJoinPool.commonPool-worker-0] INFO  server.GrpcServerProtocolClient (GrpcServerProtocolClient.java:close(101)) - ca5d3c16-7565-4171-aee7-158c5cc4aa22 Close channels
2023-05-08 09:36:43,243 [ForkJoinPool.commonPool-worker-0] INFO  server.GrpcService (GrpcService.java:closeImpl(280)) - 97ae9001-8f77-4e57-887b-8866c45c8853: shutdown server GrpcServerProtocolService successfully
2023-05-08 09:36:43,243 [97ae9001-8f77-4e57-887b-8866c45c8853-NettyServerStreamRpc-bossGroup--thread1] INFO  logging.LoggingHandler (AbstractInternalLogger.java:log(148)) - [id: 0x9d51de9e, L:/0:0:0:0:0:0:0:0:46669] CLOSE
2023-05-08 09:36:43,243 [97ae9001-8f77-4e57-887b-8866c45c8853-NettyServerStreamRpc-bossGroup--thread1] INFO  logging.LoggingHandler (AbstractInternalLogger.java:log(148)) - [id: 0x9d51de9e, L:/0:0:0:0:0:0:0:0:46669] INACTIVE
2023-05-08 09:36:43,243 [97ae9001-8f77-4e57-887b-8866c45c8853-NettyServerStreamRpc-bossGroup--thread1] INFO  logging.LoggingHandler (AbstractInternalLogger.java:log(148)) - [id: 0x9d51de9e, L:/0:0:0:0:0:0:0:0:46669] UNREGISTERED
2023-05-08 09:36:43,249 [JvmPauseMonitor27] INFO  util.JvmPauseMonitor (JvmPauseMonitor.java:run(111)) - JvmPauseMonitor-ca5d3c16-7565-4171-aee7-158c5cc4aa22: Stopped
2023-05-08 09:36:43,251 [JvmPauseMonitor26] INFO  util.JvmPauseMonitor (JvmPauseMonitor.java:run(111)) - JvmPauseMonitor-97ae9001-8f77-4e57-887b-8866c45c8853: Stopped
2023-05-08 09:36:45,254 [Listener at 127.0.0.1/45243] INFO  volume.HddsVolume (HddsVolume.java:closeDbStore(437)) - SchemaV3 db is stopped at /home/runner/work/ozone/ozone/hadoop-ozone/integration-test/target/test-dir/MiniOzoneClusterImpl-9c6e49ad-420a-4650-a022-25d129319acc/datanode-1/data-0/containers/hdds/9c6e49ad-420a-4650-a022-25d129319acc/DS-b4107bca-e514-4652-b917-3a653d6b19e6/container.db for volume DS-b4107bca-e514-4652-b917-3a653d6b19e6
2023-05-08 09:36:45,254 [Listener at 127.0.0.1/45243] INFO  utils.BackgroundService (BackgroundService.java:shutdown(141)) - Shutting down service BlockDeletingService
2023-05-08 09:36:45,261 [ForkJoinPool.commonPool-worker-0] INFO  volume.HddsVolume (HddsVolume.java:closeDbStore(437)) - SchemaV3 db is stopped at /home/runner/work/ozone/ozone/hadoop-ozone/integration-test/target/test-dir/MiniOzoneClusterImpl-9c6e49ad-420a-4650-a022-25d129319acc/datanode-0/data-0/containers/hdds/9c6e49ad-420a-4650-a022-25d129319acc/DS-32a73ed2-b3e6-4261-a9b9-7ab2f48cd5b8/container.db for volume DS-32a73ed2-b3e6-4261-a9b9-7ab2f48cd5b8
2023-05-08 09:36:45,261 [ForkJoinPool.commonPool-worker-0] INFO  utils.BackgroundService (BackgroundService.java:shutdown(141)) - Shutting down service BlockDeletingService
2023-05-08 09:36:45,263 [ForkJoinPool.commonPool-worker-0] INFO  utils.BackgroundService (BackgroundService.java:shutdown(141)) - Shutting down service StaleRecoveringContainerScrubbingService
2023-05-08 09:36:45,263 [Listener at 127.0.0.1/45243] INFO  utils.BackgroundService (BackgroundService.java:shutdown(141)) - Shutting down service StaleRecoveringContainerScrubbingService
2023-05-08 09:36:45,266 [Listener at 127.0.0.1/45243] INFO  statemachine.DatanodeStateMachine (DatanodeStateMachine.java:stopDaemon(608)) - Ozone container server stopped.
2023-05-08 09:36:45,273 [ForkJoinPool.commonPool-worker-0] INFO  statemachine.DatanodeStateMachine (DatanodeStateMachine.java:stopDaemon(608)) - Ozone container server stopped.
2023-05-08 09:36:45,276 [Listener at 127.0.0.1/45243] INFO  handler.ContextHandler (ContextHandler.java:doStop(1159)) - Stopped o.e.j.w.WebAppContext@5b42551{hddsDatanode,/,null,STOPPED}{jar:file:/home/runner/.m2/repository/org/apache/ozone/hdds-container-service/1.4.0-SNAPSHOT/hdds-container-service-1.4.0-SNAPSHOT.jar!/webapps/hddsDatanode}
2023-05-08 09:36:45,276 [Listener at 127.0.0.1/45243] INFO  server.AbstractConnector (AbstractConnector.java:doStop(383)) - Stopped ServerConnector@21ef660a{HTTP/1.1, (http/1.1)}{0.0.0.0:0}
2023-05-08 09:36:45,276 [Listener at 127.0.0.1/45243] INFO  server.session (HouseKeeper.java:stopScavenging(149)) - node0 Stopped scavenging
2023-05-08 09:36:45,277 [Listener at 127.0.0.1/45243] INFO  handler.ContextHandler (ContextHandler.java:doStop(1159)) - Stopped o.e.j.s.ServletContextHandler@57e32396{static,/static,jar:file:/home/runner/.m2/repository/org/apache/ozone/hdds-container-service/1.4.0-SNAPSHOT/hdds-container-service-1.4.0-SNAPSHOT.jar!/webapps/static,STOPPED}
2023-05-08 09:36:45,277 [Listener at 127.0.0.1/45243] INFO  handler.ContextHandler (ContextHandler.java:doStop(1159)) - Stopped o.e.j.s.ServletContextHandler@1daac226{logs,/logs,file:///home/runner/work/ozone/ozone/hadoop-ozone/integration-test/target/log,STOPPED}
2023-05-08 09:36:45,281 [Listener at 127.0.0.1/45243] INFO  ozoneimpl.OzoneContainer (OzoneContainer.java:stop(419)) - Attempting to stop container services.
2023-05-08 09:36:45,281 [Listener at 127.0.0.1/45243] INFO  server.RaftServer (RaftServerProxy.java:lambda$close$6(409)) - 5079cb12-7c0c-49ee-b9b9-b1ba79861d13: close
2023-05-08 09:36:45,283 [5079cb12-7c0c-49ee-b9b9-b1ba79861d13-impl-thread1] INFO  server.RaftServer$Division (RaftServerImpl.java:lambda$close$4(458)) - 5079cb12-7c0c-49ee-b9b9-b1ba79861d13@group-68B841171C69: shutdown
2023-05-08 09:36:45,283 [5079cb12-7c0c-49ee-b9b9-b1ba79861d13-impl-thread1] INFO  util.JmxRegister (JmxRegister.java:unregister(73)) - Successfully un-registered JMX Bean with object name Ratis:service=RaftServer,group=group-68B841171C69,id=5079cb12-7c0c-49ee-b9b9-b1ba79861d13
2023-05-08 09:36:45,283 [5079cb12-7c0c-49ee-b9b9-b1ba79861d13-impl-thread1] INFO  impl.RoleInfo (RoleInfo.java:shutdownFollowerState(110)) - 5079cb12-7c0c-49ee-b9b9-b1ba79861d13: shutdown 5079cb12-7c0c-49ee-b9b9-b1ba79861d13@group-68B841171C69-FollowerState
2023-05-08 09:36:45,291 [5079cb12-7c0c-49ee-b9b9-b1ba79861d13-impl-thread1] INFO  impl.StateMachineUpdater (StateMachineUpdater.java:stopAndJoin(153)) - 5079cb12-7c0c-49ee-b9b9-b1ba79861d13@group-68B841171C69-StateMachineUpdater: set stopIndex = 0
2023-05-08 09:36:45,291 [ForkJoinPool.commonPool-worker-0] INFO  handler.ContextHandler (ContextHandler.java:doStop(1159)) - Stopped o.e.j.w.WebAppContext@61cac750{hddsDatanode,/,null,STOPPED}{jar:file:/home/runner/.m2/repository/org/apache/ozone/hdds-container-service/1.4.0-SNAPSHOT/hdds-container-service-1.4.0-SNAPSHOT.jar!/webapps/hddsDatanode}
2023-05-08 09:36:45,292 [5079cb12-7c0c-49ee-b9b9-b1ba79861d13@group-68B841171C69-StateMachineUpdater] INFO  ratis.ContainerStateMachine (ContainerStateMachine.java:takeSnapshot(330)) - group-68B841171C69: Taking a snapshot at:(t:1, i:0) file /home/runner/work/ozone/ozone/hadoop-ozone/integration-test/target/test-dir/MiniOzoneClusterImpl-9c6e49ad-420a-4650-a022-25d129319acc/datanode-2/data/ratis/5a59ef5e-1b6b-436b-9bc3-68b841171c69/sm/snapshot.1_0
2023-05-08 09:36:45,291 [5079cb12-7c0c-49ee-b9b9-b1ba79861d13@group-68B841171C69-FollowerState] INFO  impl.FollowerState (FollowerState.java:run(152)) - 5079cb12-7c0c-49ee-b9b9-b1ba79861d13@group-68B841171C69-FollowerState was interrupted
2023-05-08 09:36:45,292 [ForkJoinPool.commonPool-worker-0] INFO  server.AbstractConnector (AbstractConnector.java:doStop(383)) - Stopped ServerConnector@d858a26{HTTP/1.1, (http/1.1)}{0.0.0.0:0}
2023-05-08 09:36:45,292 [ForkJoinPool.commonPool-worker-0] INFO  server.session (HouseKeeper.java:stopScavenging(149)) - node0 Stopped scavenging
2023-05-08 09:36:45,293 [Listener at 127.0.0.1/45243] INFO  server.GrpcService (GrpcService.java:closeImpl(271)) - 5079cb12-7c0c-49ee-b9b9-b1ba79861d13: shutdown server GrpcServerProtocolService now
2023-05-08 09:36:45,293 [5079cb12-7c0c-49ee-b9b9-b1ba79861d13-impl-thread3] INFO  server.RaftServer$Division (RaftServerImpl.java:lambda$close$4(458)) - 5079cb12-7c0c-49ee-b9b9-b1ba79861d13@group-5C74587BD4AC: shutdown
2023-05-08 09:36:45,296 [5079cb12-7c0c-49ee-b9b9-b1ba79861d13-impl-thread3] INFO  util.JmxRegister (JmxRegister.java:unregister(73)) - Successfully un-registered JMX Bean with object name Ratis:service=RaftServer,group=group-5C74587BD4AC,id=5079cb12-7c0c-49ee-b9b9-b1ba79861d13
2023-05-08 09:36:45,296 [5079cb12-7c0c-49ee-b9b9-b1ba79861d13-impl-thread3] INFO  impl.RoleInfo (RoleInfo.java:shutdownLeaderState(93)) - 5079cb12-7c0c-49ee-b9b9-b1ba79861d13: shutdown 5079cb12-7c0c-49ee-b9b9-b1ba79861d13@group-5C74587BD4AC-LeaderStateImpl
2023-05-08 09:36:45,296 [5079cb12-7c0c-49ee-b9b9-b1ba79861d13-impl-thread3] INFO  impl.PendingRequests (PendingRequests.java:sendNotLeaderResponses(282)) - 5079cb12-7c0c-49ee-b9b9-b1ba79861d13@group-5C74587BD4AC-PendingRequests: sendNotLeaderResponses
2023-05-08 09:36:45,297 [5079cb12-7c0c-49ee-b9b9-b1ba79861d13-impl-thread3] INFO  impl.StateMachineUpdater (StateMachineUpdater.java:stopAndJoin(153)) - 5079cb12-7c0c-49ee-b9b9-b1ba79861d13@group-5C74587BD4AC-StateMachineUpdater: set stopIndex = 0
2023-05-08 09:36:45,293 [5079cb12-7c0c-49ee-b9b9-b1ba79861d13-impl-thread2] INFO  server.RaftServer$Division (RaftServerImpl.java:lambda$close$4(458)) - 5079cb12-7c0c-49ee-b9b9-b1ba79861d13@group-D1052B0B398D: shutdown
2023-05-08 09:36:45,296 [Listener at 127.0.0.1/45243] INFO  server.GrpcService (GrpcService.java:closeImpl(280)) - 5079cb12-7c0c-49ee-b9b9-b1ba79861d13: shutdown server GrpcServerProtocolService successfully
2023-05-08 09:36:45,296 [ForkJoinPool.commonPool-worker-0] INFO  handler.ContextHandler (ContextHandler.java:doStop(1159)) - Stopped o.e.j.s.ServletContextHandler@1db77cb5{static,/static,jar:file:/home/runner/.m2/repository/org/apache/ozone/hdds-container-service/1.4.0-SNAPSHOT/hdds-container-service-1.4.0-SNAPSHOT.jar!/webapps/static,STOPPED}
2023-05-08 09:36:45,293 [5079cb12-7c0c-49ee-b9b9-b1ba79861d13@group-68B841171C69-StateMachineUpdater] INFO  ratis.ContainerStateMachine (ContainerStateMachine.java:takeSnapshot(341)) - group-68B841171C69: Finished taking a snapshot at:(t:1, i:0) file:/home/runner/work/ozone/ozone/hadoop-ozone/integration-test/target/test-dir/MiniOzoneClusterImpl-9c6e49ad-420a-4650-a022-25d129319acc/datanode-2/data/ratis/5a59ef5e-1b6b-436b-9bc3-68b841171c69/sm/snapshot.1_0 took: 2 ms
2023-05-08 09:36:45,297 [5079cb12-7c0c-49ee-b9b9-b1ba79861d13-NettyServerStreamRpc-bossGroup--thread1] INFO  logging.LoggingHandler (AbstractInternalLogger.java:log(148)) - [id: 0x7337dc13, L:/0:0:0:0:0:0:0:0:42539] CLOSE
2023-05-08 09:36:45,297 [5079cb12-7c0c-49ee-b9b9-b1ba79861d13@group-5C74587BD4AC-StateMachineUpdater] INFO  ratis.ContainerStateMachine (ContainerStateMachine.java:takeSnapshot(330)) - group-5C74587BD4AC: Taking a snapshot at:(t:1, i:0) file /home/runner/work/ozone/ozone/hadoop-ozone/integration-test/target/test-dir/MiniOzoneClusterImpl-9c6e49ad-420a-4650-a022-25d129319acc/datanode-2/data/ratis/6a82c962-f17d-4c37-9d92-5c74587bd4ac/sm/snapshot.1_0
2023-05-08 09:36:45,297 [5079cb12-7c0c-49ee-b9b9-b1ba79861d13-NettyServerStreamRpc-bossGroup--thread1] INFO  logging.LoggingHandler (AbstractInternalLogger.java:log(148)) - [id: 0x7337dc13, L:/0:0:0:0:0:0:0:0:42539] INACTIVE
2023-05-08 09:36:45,297 [5079cb12-7c0c-49ee-b9b9-b1ba79861d13-NettyServerStreamRpc-bossGroup--thread1] INFO  logging.LoggingHandler (AbstractInternalLogger.java:log(148)) - [id: 0x7337dc13, L:/0:0:0:0:0:0:0:0:42539] UNREGISTERED
2023-05-08 09:36:45,297 [5079cb12-7c0c-49ee-b9b9-b1ba79861d13@group-68B841171C69-StateMachineUpdater] INFO  impl.StateMachineUpdater (StateMachineUpdater.java:takeSnapshot(287)) - 5079cb12-7c0c-49ee-b9b9-b1ba79861d13@group-68B841171C69-StateMachineUpdater: Took a snapshot at index 0
2023-05-08 09:36:45,298 [5079cb12-7c0c-49ee-b9b9-b1ba79861d13@group-68B841171C69-StateMachineUpdater] INFO  impl.StateMachineUpdater (StateMachineUpdater.java:lambda$new$0(92)) - 5079cb12-7c0c-49ee-b9b9-b1ba79861d13@group-68B841171C69-StateMachineUpdater: snapshotIndex: updateIncreasingly -1 -> 0
2023-05-08 09:36:45,298 [5079cb12-7c0c-49ee-b9b9-b1ba79861d13-impl-thread1] INFO  server.RaftServer$Division (ServerState.java:close(466)) - 5079cb12-7c0c-49ee-b9b9-b1ba79861d13@group-68B841171C69: closes. applyIndex: 0
2023-05-08 09:36:45,298 [5079cb12-7c0c-49ee-b9b9-b1ba79861d13-impl-thread2] INFO  util.JmxRegister (JmxRegister.java:unregister(73)) - Successfully un-registered JMX Bean with object name Ratis:service=RaftServer,group=group-D1052B0B398D,id=5079cb12-7c0c-49ee-b9b9-b1ba79861d13
2023-05-08 09:36:45,298 [5079cb12-7c0c-49ee-b9b9-b1ba79861d13@group-5C74587BD4AC-StateMachineUpdater] INFO  ratis.ContainerStateMachine (ContainerStateMachine.java:takeSnapshot(341)) - group-5C74587BD4AC: Finished taking a snapshot at:(t:1, i:0) file:/home/runner/work/ozone/ozone/hadoop-ozone/integration-test/target/test-dir/MiniOzoneClusterImpl-9c6e49ad-420a-4650-a022-25d129319acc/datanode-2/data/ratis/6a82c962-f17d-4c37-9d92-5c74587bd4ac/sm/snapshot.1_0 took: 1 ms
2023-05-08 09:36:45,298 [ForkJoinPool.commonPool-worker-0] INFO  handler.ContextHandler (ContextHandler.java:doStop(1159)) - Stopped o.e.j.s.ServletContextHandler@40fb8241{logs,/logs,file:///home/runner/work/ozone/ozone/hadoop-ozone/integration-test/target/log,STOPPED}
2023-05-08 09:36:45,298 [5079cb12-7c0c-49ee-b9b9-b1ba79861d13@group-5C74587BD4AC-StateMachineUpdater] INFO  impl.StateMachineUpdater (StateMachineUpdater.java:takeSnapshot(287)) - 5079cb12-7c0c-49ee-b9b9-b1ba79861d13@group-5C74587BD4AC-StateMachineUpdater: Took a snapshot at index 0
2023-05-08 09:36:45,298 [5079cb12-7c0c-49ee-b9b9-b1ba79861d13-impl-thread2] INFO  impl.RoleInfo (RoleInfo.java:shutdownFollowerState(110)) - 5079cb12-7c0c-49ee-b9b9-b1ba79861d13: shutdown 5079cb12-7c0c-49ee-b9b9-b1ba79861d13@group-D1052B0B398D-FollowerState
2023-05-08 09:36:45,299 [5079cb12-7c0c-49ee-b9b9-b1ba79861d13@group-5C74587BD4AC-StateMachineUpdater] INFO  impl.StateMachineUpdater (StateMachineUpdater.java:lambda$new$0(92)) - 5079cb12-7c0c-49ee-b9b9-b1ba79861d13@group-5C74587BD4AC-StateMachineUpdater: snapshotIndex: updateIncreasingly -1 -> 0
2023-05-08 09:36:45,299 [5079cb12-7c0c-49ee-b9b9-b1ba79861d13-impl-thread3] INFO  server.RaftServer$Division (ServerState.java:close(466)) - 5079cb12-7c0c-49ee-b9b9-b1ba79861d13@group-5C74587BD4AC: closes. applyIndex: 0
2023-05-08 09:36:45,300 [5079cb12-7c0c-49ee-b9b9-b1ba79861d13@group-D1052B0B398D-FollowerState] INFO  impl.FollowerState (FollowerState.java:run(152)) - 5079cb12-7c0c-49ee-b9b9-b1ba79861d13@group-D1052B0B398D-FollowerState was interrupted
2023-05-08 09:36:45,301 [5079cb12-7c0c-49ee-b9b9-b1ba79861d13@group-68B841171C69-SegmentedRaftLogWorker] INFO  segmented.SegmentedRaftLogWorker (SegmentedRaftLogWorker.java:run(347)) - 5079cb12-7c0c-49ee-b9b9-b1ba79861d13@group-68B841171C69-SegmentedRaftLogWorker was interrupted, exiting. There are 0 tasks remaining in the queue.
2023-05-08 09:36:45,303 [5079cb12-7c0c-49ee-b9b9-b1ba79861d13-impl-thread1] INFO  segmented.SegmentedRaftLogWorker (SegmentedRaftLogWorker.java:close(257)) - 5079cb12-7c0c-49ee-b9b9-b1ba79861d13@group-68B841171C69-SegmentedRaftLogWorker close()
2023-05-08 09:36:45,304 [5079cb12-7c0c-49ee-b9b9-b1ba79861d13@group-5C74587BD4AC-SegmentedRaftLogWorker] INFO  segmented.SegmentedRaftLogWorker (SegmentedRaftLogWorker.java:run(347)) - 5079cb12-7c0c-49ee-b9b9-b1ba79861d13@group-5C74587BD4AC-SegmentedRaftLogWorker was interrupted, exiting. There are 0 tasks remaining in the queue.
2023-05-08 09:36:45,304 [5079cb12-7c0c-49ee-b9b9-b1ba79861d13@group-D1052B0B398D-StateMachineUpdater] INFO  ratis.ContainerStateMachine (ContainerStateMachine.java:takeSnapshot(330)) - group-D1052B0B398D: Taking a snapshot at:(t:1, i:0) file /home/runner/work/ozone/ozone/hadoop-ozone/integration-test/target/test-dir/MiniOzoneClusterImpl-9c6e49ad-420a-4650-a022-25d129319acc/datanode-2/data/ratis/7d7e3fea-4320-4f3d-b9f2-d1052b0b398d/sm/snapshot.1_0
2023-05-08 09:36:45,305 [5079cb12-7c0c-49ee-b9b9-b1ba79861d13-impl-thread3] INFO  segmented.SegmentedRaftLogWorker (SegmentedRaftLogWorker.java:close(257)) - 5079cb12-7c0c-49ee-b9b9-b1ba79861d13@group-5C74587BD4AC-SegmentedRaftLogWorker close()
2023-05-08 09:36:45,306 [5079cb12-7c0c-49ee-b9b9-b1ba79861d13@group-D1052B0B398D-StateMachineUpdater] INFO  ratis.ContainerStateMachine (ContainerStateMachine.java:takeSnapshot(341)) - group-D1052B0B398D: Finished taking a snapshot at:(t:1, i:0) file:/home/runner/work/ozone/ozone/hadoop-ozone/integration-test/target/test-dir/MiniOzoneClusterImpl-9c6e49ad-420a-4650-a022-25d129319acc/datanode-2/data/ratis/7d7e3fea-4320-4f3d-b9f2-d1052b0b398d/sm/snapshot.1_0 took: 1 ms
2023-05-08 09:36:45,306 [5079cb12-7c0c-49ee-b9b9-b1ba79861d13@group-D1052B0B398D-StateMachineUpdater] INFO  impl.StateMachineUpdater (StateMachineUpdater.java:takeSnapshot(287)) - 5079cb12-7c0c-49ee-b9b9-b1ba79861d13@group-D1052B0B398D-StateMachineUpdater: Took a snapshot at index 0
2023-05-08 09:36:45,306 [5079cb12-7c0c-49ee-b9b9-b1ba79861d13@group-D1052B0B398D-StateMachineUpdater] INFO  impl.StateMachineUpdater (StateMachineUpdater.java:lambda$new$0(92)) - 5079cb12-7c0c-49ee-b9b9-b1ba79861d13@group-D1052B0B398D-StateMachineUpdater: snapshotIndex: updateIncreasingly -1 -> 0
2023-05-08 09:36:45,307 [5079cb12-7c0c-49ee-b9b9-b1ba79861d13-impl-thread2] INFO  impl.StateMachineUpdater (StateMachineUpdater.java:stopAndJoin(153)) - 5079cb12-7c0c-49ee-b9b9-b1ba79861d13@group-D1052B0B398D-StateMachineUpdater: set stopIndex = 0
2023-05-08 09:36:45,307 [5079cb12-7c0c-49ee-b9b9-b1ba79861d13-impl-thread2] INFO  server.RaftServer$Division (ServerState.java:close(466)) - 5079cb12-7c0c-49ee-b9b9-b1ba79861d13@group-D1052B0B398D: closes. applyIndex: 0
2023-05-08 09:36:45,307 [5079cb12-7c0c-49ee-b9b9-b1ba79861d13@group-D1052B0B398D-SegmentedRaftLogWorker] INFO  segmented.SegmentedRaftLogWorker (SegmentedRaftLogWorker.java:run(347)) - 5079cb12-7c0c-49ee-b9b9-b1ba79861d13@group-D1052B0B398D-SegmentedRaftLogWorker was interrupted, exiting. There are 0 tasks remaining in the queue.
2023-05-08 09:36:45,308 [5079cb12-7c0c-49ee-b9b9-b1ba79861d13-impl-thread2] INFO  segmented.SegmentedRaftLogWorker (SegmentedRaftLogWorker.java:close(257)) - 5079cb12-7c0c-49ee-b9b9-b1ba79861d13@group-D1052B0B398D-SegmentedRaftLogWorker close()
2023-05-08 09:36:45,310 [JvmPauseMonitor28] INFO  util.JvmPauseMonitor (JvmPauseMonitor.java:run(111)) - JvmPauseMonitor-5079cb12-7c0c-49ee-b9b9-b1ba79861d13: Stopped
2023-05-08 09:36:47,313 [Listener at 127.0.0.1/45243] INFO  volume.HddsVolume (HddsVolume.java:closeDbStore(437)) - SchemaV3 db is stopped at /home/runner/work/ozone/ozone/hadoop-ozone/integration-test/target/test-dir/MiniOzoneClusterImpl-9c6e49ad-420a-4650-a022-25d129319acc/datanode-2/data-0/containers/hdds/9c6e49ad-420a-4650-a022-25d129319acc/DS-c6a2372d-a85d-42a4-8e3d-fe17f4df90ba/container.db for volume DS-c6a2372d-a85d-42a4-8e3d-fe17f4df90ba
2023-05-08 09:36:47,313 [Listener at 127.0.0.1/45243] INFO  utils.BackgroundService (BackgroundService.java:shutdown(141)) - Shutting down service BlockDeletingService
2023-05-08 09:36:47,313 [Listener at 127.0.0.1/45243] INFO  utils.BackgroundService (BackgroundService.java:shutdown(141)) - Shutting down service StaleRecoveringContainerScrubbingService
2023-05-08 09:36:47,316 [Listener at 127.0.0.1/45243] INFO  statemachine.DatanodeStateMachine (DatanodeStateMachine.java:stopDaemon(608)) - Ozone container server stopped.
2023-05-08 09:36:47,333 [Listener at 127.0.0.1/45243] INFO  handler.ContextHandler (ContextHandler.java:doStop(1159)) - Stopped o.e.j.w.WebAppContext@e3a40f2{hddsDatanode,/,null,STOPPED}{jar:file:/home/runner/.m2/repository/org/apache/ozone/hdds-container-service/1.4.0-SNAPSHOT/hdds-container-service-1.4.0-SNAPSHOT.jar!/webapps/hddsDatanode}
2023-05-08 09:36:47,333 [Listener at 127.0.0.1/45243] INFO  server.AbstractConnector (AbstractConnector.java:doStop(383)) - Stopped ServerConnector@26f2993f{HTTP/1.1, (http/1.1)}{0.0.0.0:0}
2023-05-08 09:36:47,333 [Listener at 127.0.0.1/45243] INFO  server.session (HouseKeeper.java:stopScavenging(149)) - node0 Stopped scavenging
2023-05-08 09:36:47,333 [Listener at 127.0.0.1/45243] INFO  handler.ContextHandler (ContextHandler.java:doStop(1159)) - Stopped o.e.j.s.ServletContextHandler@3d25fa83{static,/static,jar:file:/home/runner/.m2/repository/org/apache/ozone/hdds-container-service/1.4.0-SNAPSHOT/hdds-container-service-1.4.0-SNAPSHOT.jar!/webapps/static,STOPPED}
2023-05-08 09:36:47,334 [Listener at 127.0.0.1/45243] INFO  handler.ContextHandler (ContextHandler.java:doStop(1159)) - Stopped o.e.j.s.ServletContextHandler@77900592{logs,/logs,file:///home/runner/work/ozone/ozone/hadoop-ozone/integration-test/target/log,STOPPED}
2023-05-08 09:36:47,335 [Listener at 127.0.0.1/45243] INFO  ozone.MiniOzoneClusterImpl (MiniOzoneClusterImpl.java:stopSCM(554)) - Stopping the StorageContainerManager
2023-05-08 09:36:47,335 [Listener at 127.0.0.1/45243] INFO  server.StorageContainerManager (StorageContainerManager.java:stop(1578)) - Container Balancer is not running.
2023-05-08 09:36:47,335 [Listener at 127.0.0.1/45243] INFO  server.StorageContainerManager (StorageContainerManager.java:stopReplicationManager(1709)) - Stopping Replication Manager Service.
2023-05-08 09:36:47,335 [Listener at 127.0.0.1/45243] INFO  replication.ReplicationManager (ReplicationManager.java:stop(326)) - Stopping Replication Monitor Thread.
2023-05-08 09:36:47,335 [Listener at 127.0.0.1/45243] INFO  server.StorageContainerManager (StorageContainerManager.java:stop(1587)) - Stopping the Datanode Admin Monitor.
2023-05-08 09:36:47,335 [Under Replicated Processor] WARN  replication.UnhealthyReplicationProcessor (UnhealthyReplicationProcessor.java:run(167)) - Under Replicated Processor interrupted. Exiting...
2023-05-08 09:36:47,335 [Listener at 127.0.0.1/45243] INFO  server.StorageContainerManager (StorageContainerManager.java:stop(1594)) - Stopping datanode service RPC server
2023-05-08 09:36:47,335 [Listener at 127.0.0.1/45243] INFO  server.SCMDatanodeProtocolServer (SCMDatanodeProtocolServer.java:stop(424)) - Stopping the RPC server for DataNodes
2023-05-08 09:36:47,335 [Listener at 127.0.0.1/45243] INFO  ipc.Server (Server.java:stop(3501)) - Stopping server on 42031
2023-05-08 09:36:47,335 [ReplicationMonitor] INFO  replication.ReplicationManager (ReplicationManager.java:run(937)) - Replication Monitor Thread is stopped
2023-05-08 09:36:47,336 [Over Replicated Processor] WARN  replication.UnhealthyReplicationProcessor (UnhealthyReplicationProcessor.java:run(167)) - Over Replicated Processor interrupted. Exiting...
2023-05-08 09:36:47,339 [IPC Server listener on 0] INFO  ipc.Server (Server.java:run(1430)) - Stopping IPC Server listener on 0
2023-05-08 09:36:47,339 [IPC Server Responder] INFO  ipc.Server (Server.java:run(1563)) - Stopping IPC Server Responder
2023-05-08 09:36:47,374 [SCM Heartbeat Processing Thread - 0] WARN  node.NodeStateManager (NodeStateManager.java:scheduleNextHealthCheck(870)) - Current Thread is interrupted, shutting down HB processing thread for Node Manager.
2023-05-08 09:36:47,374 [Listener at 127.0.0.1/45243] INFO  server.StorageContainerManager (StorageContainerManager.java:stop(1602)) - Stopping block service RPC server
2023-05-08 09:36:47,374 [Listener at 127.0.0.1/45243] INFO  server.SCMBlockProtocolServer (SCMBlockProtocolServer.java:stop(161)) - Stopping the RPC server for Block Protocol
2023-05-08 09:36:47,374 [Listener at 127.0.0.1/45243] INFO  ipc.Server (Server.java:stop(3501)) - Stopping server on 33463
2023-05-08 09:36:47,377 [IPC Server listener on 0] INFO  ipc.Server (Server.java:run(1430)) - Stopping IPC Server listener on 0
2023-05-08 09:36:47,377 [IPC Server Responder] INFO  ipc.Server (Server.java:run(1563)) - Stopping IPC Server Responder
2023-05-08 09:36:47,379 [Listener at 127.0.0.1/45243] INFO  server.StorageContainerManager (StorageContainerManager.java:stop(1609)) - Stopping the StorageContainerLocationProtocol RPC server
2023-05-08 09:36:47,379 [Listener at 127.0.0.1/45243] INFO  server.SCMClientProtocolServer (SCMClientProtocolServer.java:stop(208)) - Stopping the RPC server for Client Protocol
2023-05-08 09:36:47,379 [Listener at 127.0.0.1/45243] INFO  ipc.Server (Server.java:stop(3501)) - Stopping server on 33305
2023-05-08 09:36:47,382 [IPC Server listener on 0] INFO  ipc.Server (Server.java:run(1430)) - Stopping IPC Server listener on 0
2023-05-08 09:36:47,385 [Listener at 127.0.0.1/45243] INFO  server.StorageContainerManager (StorageContainerManager.java:stop(1616)) - Stopping Storage Container Manager HTTP server.
2023-05-08 09:36:47,386 [Listener at 127.0.0.1/45243] INFO  handler.ContextHandler (ContextHandler.java:doStop(1159)) - Stopped o.e.j.w.WebAppContext@5ee83b6{scm,/,null,STOPPED}{file:/home/runner/work/ozone/ozone/hadoop-ozone/integration-test/target/test-classes/webapps/scm}
2023-05-08 09:36:47,387 [IPC Server Responder] INFO  ipc.Server (Server.java:run(1563)) - Stopping IPC Server Responder
2023-05-08 09:36:47,387 [Listener at 127.0.0.1/45243] INFO  server.AbstractConnector (AbstractConnector.java:doStop(383)) - Stopped ServerConnector@475bb11{HTTP/1.1, (http/1.1)}{0.0.0.0:0}
2023-05-08 09:36:47,387 [Listener at 127.0.0.1/45243] INFO  server.session (HouseKeeper.java:stopScavenging(149)) - node0 Stopped scavenging
2023-05-08 09:36:47,387 [Listener at 127.0.0.1/45243] INFO  handler.ContextHandler (ContextHandler.java:doStop(1159)) - Stopped o.e.j.s.ServletContextHandler@51e25601{static,/static,file:///home/runner/work/ozone/ozone/hadoop-ozone/integration-test/target/test-classes/webapps/static,STOPPED}
2023-05-08 09:36:47,387 [Listener at 127.0.0.1/45243] INFO  handler.ContextHandler (ContextHandler.java:doStop(1159)) - Stopped o.e.j.s.ServletContextHandler@28ac7409{logs,/logs,file:///home/runner/work/ozone/ozone/hadoop-ozone/integration-test/target/log,STOPPED}
2023-05-08 09:36:47,388 [Listener at 127.0.0.1/45243] INFO  server.StorageContainerManager (StorageContainerManager.java:stop(1624)) - Stopping SCM LayoutVersionManager Service.
2023-05-08 09:36:47,388 [Listener at 127.0.0.1/45243] INFO  server.StorageContainerManager (StorageContainerManager.java:stop(1632)) - Stopping Block Manager Service.
2023-05-08 09:36:47,388 [Listener at 127.0.0.1/45243] INFO  utils.BackgroundService (BackgroundService.java:shutdown(141)) - Shutting down service SCMBlockDeletingService
2023-05-08 09:36:47,389 [Listener at 127.0.0.1/45243] INFO  utils.BackgroundService (BackgroundService.java:shutdown(141)) - Shutting down service SCMBlockDeletingService
2023-05-08 09:36:47,389 [Listener at 127.0.0.1/45243] INFO  server.StorageContainerManager (StorageContainerManager.java:stop(1654)) - Stopping SCM Event Queue.
2023-05-08 09:36:47,392 [Listener at 127.0.0.1/45243] INFO  server.StorageContainerManager (StorageContainerManager.java:stop(1665)) - Stopping SCM HA services.
2023-05-08 09:36:47,393 [Listener at 127.0.0.1/45243] INFO  pipeline.BackgroundPipelineCreator (BackgroundPipelineCreator.java:stop(149)) - Stopping RatisPipelineUtilsThread.
2023-05-08 09:36:47,393 [RatisPipelineUtilsThread - 0] WARN  pipeline.BackgroundPipelineCreator (BackgroundPipelineCreator.java:run(180)) - RatisPipelineUtilsThread is interrupted.
2023-05-08 09:36:47,393 [Listener at 127.0.0.1/45243] INFO  BackgroundPipelineScrubber (BackgroundSCMService.java:stop(131)) - Stopping BackgroundPipelineScrubber Service.
2023-05-08 09:36:47,393 [BackgroundPipelineScrubberThread] WARN  BackgroundPipelineScrubber (BackgroundSCMService.java:run(115)) - BackgroundPipelineScrubber is interrupted, exit
2023-05-08 09:36:47,393 [Listener at 127.0.0.1/45243] INFO  impl.MetricsSystemImpl (MetricsSystemImpl.java:stop(210)) - Stopping HddsDatanode metrics system...
2023-05-08 09:36:47,438 [Listener at 127.0.0.1/45243] INFO  impl.MetricsSystemImpl (MetricsSystemImpl.java:stop(216)) - HddsDatanode metrics system stopped.
2023-05-08 09:36:47,438 [Listener at 127.0.0.1/45243] WARN  pipeline.BackgroundPipelineCreator (BackgroundPipelineCreator.java:stop(145)) - RatisPipelineUtilsThread is not running, just ignore.
2023-05-08 09:36:47,438 [Listener at 127.0.0.1/45243] INFO  BackgroundPipelineScrubber (BackgroundSCMService.java:stop(126)) - BackgroundPipelineScrubber Service is not running, skip stop.
2023-05-08 09:36:47,438 [Listener at 127.0.0.1/45243] INFO  ExpiredContainerReplicaOpScrubber (BackgroundSCMService.java:stop(131)) - Stopping ExpiredContainerReplicaOpScrubber Service.
2023-05-08 09:36:47,438 [Listener at 127.0.0.1/45243] INFO  utils.BackgroundService (BackgroundService.java:shutdown(141)) - Shutting down service SCMBlockDeletingService
2023-05-08 09:36:47,438 [ExpiredContainerReplicaOpScrubberThread] WARN  ExpiredContainerReplicaOpScrubber (BackgroundSCMService.java:run(115)) - ExpiredContainerReplicaOpScrubber is interrupted, exit
2023-05-08 09:36:47,438 [Listener at 127.0.0.1/45243] INFO  replication.ReplicationManager (ReplicationManager.java:stop(336)) - Replication Monitor Thread is not running.
2023-05-08 09:36:47,438 [Listener at 127.0.0.1/45243] WARN  balancer.ContainerBalancer (ContainerBalancer.java:stop(324)) - Cannot stop Container Balancer because it's not running or stopping
2023-05-08 09:36:47,439 [Listener at 127.0.0.1/45243] INFO  server.StorageContainerManager (StorageContainerManager.java:stop(1700)) - Stopping SCM MetadataStore.
]]></system-out>
  </testcase>
  <testcase name="testIncrementalContainerReportQueue" classname="org.apache.hadoop.ozone.TestStorageContainerManager" time="3.08"/>
  <testcase name="testSCMInitializationWithHAEnabled" classname="org.apache.hadoop.ozone.TestStorageContainerManager" time="6.054">
    <system-out><![CDATA[2023-05-08 09:36:50,555 [Time-limited test] WARN  server.ServerUtils (ServerUtils.java:getScmDbDir(148)) - ozone.scm.db.dirs is not configured. We recommend adding this setting. Falling back to ozone.metadata.dirs instead.
2023-05-08 09:36:50,556 [Time-limited test] INFO  ha.SCMHANodeDetails (SCMHANodeDetails.java:loadSCMHAConfig(209)) - ServiceID for StorageContainerManager is null
2023-05-08 09:36:50,556 [Time-limited test] INFO  ha.SCMHANodeDetails (SCMHANodeDetails.java:loadSCMHAConfig(214)) - ozone.scm.default.service.id is not defined, falling back to ozone.scm.service.ids to find serviceID for StorageContainerManager if it is HA enabled cluster
2023-05-08 09:36:50,559 [Time-limited test] INFO  server.RaftServer (ConfUtils.java:logGet(46)) - raft.rpc.type = GRPC (default)
2023-05-08 09:36:50,559 [Time-limited test] INFO  grpc.GrpcConfigKeys (ConfUtils.java:logFallback(53)) - raft.grpc.admin.host = null (fallback to raft.grpc.server.host)
2023-05-08 09:36:50,559 [Time-limited test] INFO  grpc.GrpcConfigKeys (ConfUtils.java:logFallback(53)) - raft.grpc.admin.port = 9894 (fallback to raft.grpc.server.port)
2023-05-08 09:36:50,559 [Time-limited test] INFO  grpc.GrpcConfigKeys (ConfUtils.java:logFallback(53)) - raft.grpc.client.host = null (fallback to raft.grpc.server.host)
2023-05-08 09:36:50,559 [Time-limited test] INFO  grpc.GrpcConfigKeys (ConfUtils.java:logFallback(53)) - raft.grpc.client.port = 9894 (fallback to raft.grpc.server.port)
2023-05-08 09:36:50,559 [Time-limited test] INFO  grpc.GrpcConfigKeys (ConfUtils.java:logGet(46)) - raft.grpc.server.host = null (default)
2023-05-08 09:36:50,559 [Time-limited test] INFO  grpc.GrpcConfigKeys (ConfUtils.java:logGet(46)) - raft.grpc.server.port = 9894 (custom)
2023-05-08 09:36:50,559 [Time-limited test] INFO  server.GrpcService (ConfUtils.java:logGet(46)) - raft.grpc.message.size.max = 32m (=33554432) (custom)
2023-05-08 09:36:50,560 [Time-limited test] INFO  server.RaftServerConfigKeys (ConfUtils.java:logGet(46)) - raft.server.log.appender.buffer.byte-limit = 33554432 (custom)
2023-05-08 09:36:50,560 [Time-limited test] INFO  server.GrpcService (ConfUtils.java:logGet(46)) - raft.grpc.flow.control.window = 1MB (=1048576) (default)
2023-05-08 09:36:50,560 [Time-limited test] INFO  server.RaftServerConfigKeys (ConfUtils.java:logGet(46)) - raft.server.rpc.request.timeout = 30000ms (custom)
2023-05-08 09:36:50,560 [Time-limited test] INFO  grpc.GrpcConfigKeys (ConfUtils.java:logGet(46)) - raft.grpc.server.heartbeat.channel = true (default)
2023-05-08 09:36:50,560 [Time-limited test] INFO  grpc.GrpcConfigKeys (ConfUtils.java:logGet(46)) - raft.grpc.server.async.request.thread.pool.cached = true (default)
2023-05-08 09:36:50,560 [Time-limited test] INFO  grpc.GrpcConfigKeys (ConfUtils.java:logGet(46)) - raft.grpc.server.async.request.thread.pool.size = 32 (default)
2023-05-08 09:36:50,562 [Time-limited test] INFO  impl.DataStreamServerImpl (ConfUtils.java:logGet(46)) - raft.datastream.type = DISABLED (default)
2023-05-08 09:36:50,562 [Time-limited test] INFO  server.RaftServerConfigKeys (ConfUtils.java:logGet(46)) - raft.server.threadpool.proxy.cached = true (default)
2023-05-08 09:36:50,562 [Time-limited test] INFO  server.RaftServerConfigKeys (ConfUtils.java:logGet(46)) - raft.server.threadpool.proxy.size = 0 (default)
2023-05-08 09:36:50,562 [Time-limited test] INFO  server.RaftServerConfigKeys (ConfUtils.java:logGet(46)) - raft.server.rpc.slowness.timeout = 120000ms (custom)
2023-05-08 09:36:50,562 [Time-limited test] INFO  server.RaftServerConfigKeys (ConfUtils.java:logGet(46)) - raft.server.leaderelection.leader.step-down.wait-time = 10s (default)
2023-05-08 09:36:50,562 [Time-limited test] INFO  server.RaftServerConfigKeys (ConfUtils.java:logGet(46)) - raft.server.storage.dir = [/home/runner/work/ozone/ozone/hadoop-ozone/integration-test/target/test-dir/bde3d193-dfb9-4329-82af-2831948eb8ca/scm-meta/scm-ha] (custom)
2023-05-08 09:36:50,563 [Time-limited test] INFO  server.RaftServer (RaftServerProxy.java:addNew(96)) - 5a5d677a-edb3-4826-9866-2ed9cf471109: addNew group-52B36D080E19:[5a5d677a-edb3-4826-9866-2ed9cf471109|rpc:fv-az96-539:9894|priority:0|startupRole:FOLLOWER] returns group-52B36D080E19:java.util.concurrent.CompletableFuture@36628c6[Not completed]
2023-05-08 09:36:50,563 [pool-1161-thread-1] INFO  server.RaftServer$Division (RaftServerImpl.java:<init>(195)) - 5a5d677a-edb3-4826-9866-2ed9cf471109: new RaftServerImpl for group-52B36D080E19:[5a5d677a-edb3-4826-9866-2ed9cf471109|rpc:fv-az96-539:9894|priority:0|startupRole:FOLLOWER] with SCMStateMachine:uninitialized
2023-05-08 09:36:50,563 [pool-1161-thread-1] INFO  server.RaftServerConfigKeys (ConfUtils.java:logGet(46)) - raft.server.rpc.timeout.min = 5000ms (custom)
2023-05-08 09:36:50,563 [pool-1161-thread-1] INFO  server.RaftServerConfigKeys (ConfUtils.java:logGet(46)) - raft.server.rpc.timeout.max = 5200ms (custom)
2023-05-08 09:36:50,563 [pool-1161-thread-1] INFO  server.RaftServerConfigKeys (ConfUtils.java:logGet(46)) - raft.server.rpc.sleep.time = 25ms (default)
2023-05-08 09:36:50,563 [pool-1161-thread-1] INFO  server.RaftServerConfigKeys (ConfUtils.java:logGet(46)) - raft.server.rpc.slowness.timeout = 120000ms (custom)
2023-05-08 09:36:50,564 [pool-1161-thread-1] INFO  server.RaftServerConfigKeys (ConfUtils.java:logGet(46)) - raft.server.leaderelection.leader.step-down.wait-time = 10s (default)
2023-05-08 09:36:50,564 [pool-1161-thread-1] INFO  server.RaftServerConfigKeys (ConfUtils.java:logGet(46)) - raft.server.sleep.deviation.threshold = 300ms (default)
2023-05-08 09:36:50,564 [pool-1161-thread-1] INFO  server.RaftServer$Division (ServerState.java:<init>(118)) - 5a5d677a-edb3-4826-9866-2ed9cf471109@group-52B36D080E19: ConfigurationManager, init=-1: peers:[5a5d677a-edb3-4826-9866-2ed9cf471109|rpc:fv-az96-539:9894|priority:0|startupRole:FOLLOWER]|listeners:[], old=null, confs=<EMPTY_MAP>
2023-05-08 09:36:50,564 [pool-1161-thread-1] INFO  server.RaftServerConfigKeys (ConfUtils.java:logGet(46)) - raft.server.storage.dir = [/home/runner/work/ozone/ozone/hadoop-ozone/integration-test/target/test-dir/bde3d193-dfb9-4329-82af-2831948eb8ca/scm-meta/scm-ha] (custom)
2023-05-08 09:36:50,564 [pool-1161-thread-1] INFO  server.RaftServerConfigKeys (ConfUtils.java:logGet(46)) - raft.server.log.corruption.policy = EXCEPTION (default)
2023-05-08 09:36:50,564 [pool-1161-thread-1] INFO  server.RaftServerConfigKeys (ConfUtils.java:logGet(46)) - raft.server.storage.free-space.min = 0MB (=0) (default)
2023-05-08 09:36:50,564 [pool-1161-thread-1] INFO  server.RaftServerConfigKeys (ConfUtils.java:logGet(46)) - raft.server.notification.no-leader.timeout = 60s (default)
2023-05-08 09:36:50,564 [pool-1161-thread-1] INFO  server.RaftServerConfigKeys (ConfUtils.java:logGet(46)) - raft.server.retrycache.expirytime = 60000ms (default)
2023-05-08 09:36:50,564 [pool-1161-thread-1] INFO  server.RaftServerConfigKeys (ConfUtils.java:logGet(46)) - raft.server.retrycache.statistics.expirytime = 100μs (default)
2023-05-08 09:36:50,565 [pool-1161-thread-1] INFO  server.RaftServerConfigKeys (ConfUtils.java:logGet(46)) - raft.server.log.appender.install.snapshot.enabled = false (custom)
2023-05-08 09:36:50,565 [pool-1161-thread-1] INFO  server.RaftServerConfigKeys (ConfUtils.java:logGet(46)) - raft.server.threadpool.server.cached = true (default)
2023-05-08 09:36:50,565 [pool-1161-thread-1] INFO  server.RaftServerConfigKeys (ConfUtils.java:logGet(46)) - raft.server.threadpool.server.size = 0 (default)
2023-05-08 09:36:50,565 [pool-1161-thread-1] INFO  server.RaftServerConfigKeys (ConfUtils.java:logGet(46)) - raft.server.threadpool.client.cached = true (default)
2023-05-08 09:36:50,565 [pool-1161-thread-1] INFO  server.RaftServerConfigKeys (ConfUtils.java:logGet(46)) - raft.server.threadpool.client.size = 0 (default)
2023-05-08 09:36:50,565 [5a5d677a-edb3-4826-9866-2ed9cf471109-impl-thread1] INFO  storage.RaftStorageDirectory (RaftStorageDirectoryImpl.java:analyzeStorage(137)) - The storage directory /home/runner/work/ozone/ozone/hadoop-ozone/integration-test/target/test-dir/bde3d193-dfb9-4329-82af-2831948eb8ca/scm-meta/scm-ha/b3c59ae2-1614-4e87-a65e-52b36d080e19 does not exist. Creating ...
2023-05-08 09:36:50,567 [5a5d677a-edb3-4826-9866-2ed9cf471109-impl-thread1] INFO  storage.RaftStorageDirectory (RaftStorageDirectoryImpl.java:tryLock(231)) - Lock on /home/runner/work/ozone/ozone/hadoop-ozone/integration-test/target/test-dir/bde3d193-dfb9-4329-82af-2831948eb8ca/scm-meta/scm-ha/b3c59ae2-1614-4e87-a65e-52b36d080e19/in_use.lock acquired by nodename 7572@fv-az96-539
2023-05-08 09:36:50,568 [5a5d677a-edb3-4826-9866-2ed9cf471109-impl-thread1] INFO  storage.RaftStorage (RaftStorageImpl.java:format(96)) - Storage directory /home/runner/work/ozone/ozone/hadoop-ozone/integration-test/target/test-dir/bde3d193-dfb9-4329-82af-2831948eb8ca/scm-meta/scm-ha/b3c59ae2-1614-4e87-a65e-52b36d080e19 has been successfully formatted.
2023-05-08 09:36:50,568 [5a5d677a-edb3-4826-9866-2ed9cf471109-impl-thread1] INFO  server.RaftServerConfigKeys (ConfUtils.java:logGet(46)) - raft.server.log.use.memory = false (default)
2023-05-08 09:36:50,568 [5a5d677a-edb3-4826-9866-2ed9cf471109-impl-thread1] INFO  server.RaftServerConfigKeys (ConfUtils.java:logGet(46)) - raft.server.log.purge.gap = 1000000 (custom)
2023-05-08 09:36:50,569 [5a5d677a-edb3-4826-9866-2ed9cf471109-impl-thread1] INFO  server.RaftServerConfigKeys (ConfUtils.java:logGet(46)) - raft.server.log.appender.buffer.byte-limit = 33554432 (custom)
2023-05-08 09:36:50,569 [5a5d677a-edb3-4826-9866-2ed9cf471109-impl-thread1] INFO  server.RaftServerConfigKeys (ConfUtils.java:logGet(46)) - raft.server.log.statemachine.data.read.timeout = 1000ms (default)
2023-05-08 09:36:50,569 [5a5d677a-edb3-4826-9866-2ed9cf471109-impl-thread1] INFO  server.RaftServerConfigKeys (ConfUtils.java:logGet(46)) - raft.server.log.purge.preservation.log.num = 0 (default)
2023-05-08 09:36:50,569 [5a5d677a-edb3-4826-9866-2ed9cf471109-impl-thread1] INFO  server.RaftServerConfigKeys (ConfUtils.java:logGet(46)) - raft.server.log.segment.size.max = 4194304 (custom)
2023-05-08 09:36:50,569 [5a5d677a-edb3-4826-9866-2ed9cf471109-impl-thread1] INFO  server.RaftServerConfigKeys (ConfUtils.java:logGet(46)) - raft.server.log.segment.cache.num.max = 2 (custom)
2023-05-08 09:36:50,569 [5a5d677a-edb3-4826-9866-2ed9cf471109-impl-thread1] INFO  server.RaftServerConfigKeys (ConfUtils.java:logGet(46)) - raft.server.log.segment.cache.size.max = 200MB (=209715200) (default)
2023-05-08 09:36:50,569 [5a5d677a-edb3-4826-9866-2ed9cf471109-impl-thread1] INFO  segmented.SegmentedRaftLogWorker (SegmentedRaftLogWorker.java:<init>(189)) - new 5a5d677a-edb3-4826-9866-2ed9cf471109@group-52B36D080E19-SegmentedRaftLogWorker for RaftStorageImpl:Storage Directory /home/runner/work/ozone/ozone/hadoop-ozone/integration-test/target/test-dir/bde3d193-dfb9-4329-82af-2831948eb8ca/scm-meta/scm-ha/b3c59ae2-1614-4e87-a65e-52b36d080e19
2023-05-08 09:36:50,569 [5a5d677a-edb3-4826-9866-2ed9cf471109-impl-thread1] INFO  server.RaftServerConfigKeys (ConfUtils.java:logGet(46)) - raft.server.log.queue.byte-limit = 64MB (=67108864) (default)
2023-05-08 09:36:50,569 [5a5d677a-edb3-4826-9866-2ed9cf471109-impl-thread1] INFO  server.RaftServerConfigKeys (ConfUtils.java:logGet(46)) - raft.server.log.queue.element-limit = 4096 (default)
2023-05-08 09:36:50,569 [5a5d677a-edb3-4826-9866-2ed9cf471109-impl-thread1] INFO  server.RaftServerConfigKeys (ConfUtils.java:logGet(46)) - raft.server.log.segment.size.max = 4194304 (custom)
2023-05-08 09:36:50,569 [5a5d677a-edb3-4826-9866-2ed9cf471109-impl-thread1] INFO  server.RaftServerConfigKeys (ConfUtils.java:logGet(46)) - raft.server.log.preallocated.size = 4194304 (custom)
2023-05-08 09:36:50,569 [5a5d677a-edb3-4826-9866-2ed9cf471109-impl-thread1] INFO  server.RaftServerConfigKeys (ConfUtils.java:logGet(46)) - raft.server.log.force.sync.num = 128 (default)
2023-05-08 09:36:50,569 [5a5d677a-edb3-4826-9866-2ed9cf471109-impl-thread1] INFO  server.RaftServerConfigKeys (ConfUtils.java:logGet(46)) - raft.server.log.statemachine.data.sync = true (default)
2023-05-08 09:36:50,569 [5a5d677a-edb3-4826-9866-2ed9cf471109-impl-thread1] INFO  server.RaftServerConfigKeys (ConfUtils.java:logGet(46)) - raft.server.log.statemachine.data.sync.timeout = 10s (default)
2023-05-08 09:36:50,569 [5a5d677a-edb3-4826-9866-2ed9cf471109-impl-thread1] INFO  server.RaftServerConfigKeys (ConfUtils.java:logGet(46)) - raft.server.log.statemachine.data.sync.timeout.retry = -1 (default)
2023-05-08 09:36:50,569 [5a5d677a-edb3-4826-9866-2ed9cf471109-impl-thread1] INFO  server.RaftServerConfigKeys (ConfUtils.java:logGet(46)) - raft.server.log.write.buffer.size = 64KB (=65536) (default)
2023-05-08 09:36:50,569 [5a5d677a-edb3-4826-9866-2ed9cf471109-impl-thread1] INFO  server.RaftServerConfigKeys (ConfUtils.java:logGet(46)) - raft.server.log.appender.buffer.byte-limit = 33554432 (custom)
2023-05-08 09:36:50,574 [5a5d677a-edb3-4826-9866-2ed9cf471109-impl-thread1] INFO  server.RaftServerConfigKeys (ConfUtils.java:logGet(46)) - raft.server.log.unsafe-flush.enabled = false (default)
2023-05-08 09:36:50,574 [5a5d677a-edb3-4826-9866-2ed9cf471109-impl-thread1] INFO  server.RaftServerConfigKeys (ConfUtils.java:logGet(46)) - raft.server.log.async-flush.enabled = false (default)
2023-05-08 09:36:50,574 [5a5d677a-edb3-4826-9866-2ed9cf471109-impl-thread1] INFO  server.RaftServerConfigKeys (ConfUtils.java:logGet(46)) - raft.server.log.statemachine.data.caching.enabled = false (default)
2023-05-08 09:36:50,574 [5a5d677a-edb3-4826-9866-2ed9cf471109-impl-thread1] INFO  segmented.SegmentedRaftLogWorker (SegmentedRaftLogWorker.java:lambda$new$0(135)) - 5a5d677a-edb3-4826-9866-2ed9cf471109@group-52B36D080E19-SegmentedRaftLogWorker: flushIndex: setUnconditionally 0 -> -1
2023-05-08 09:36:50,575 [5a5d677a-edb3-4826-9866-2ed9cf471109-impl-thread1] INFO  segmented.SegmentedRaftLogWorker (SegmentedRaftLogWorker.java:lambda$new$0(135)) - 5a5d677a-edb3-4826-9866-2ed9cf471109@group-52B36D080E19-SegmentedRaftLogWorker: safeCacheEvictIndex: setUnconditionally 0 -> -1
2023-05-08 09:36:50,575 [5a5d677a-edb3-4826-9866-2ed9cf471109-impl-thread1] INFO  server.RaftServer$Division (RaftServerImpl.java:start(334)) - 5a5d677a-edb3-4826-9866-2ed9cf471109@group-52B36D080E19: start as a follower, conf=-1: peers:[5a5d677a-edb3-4826-9866-2ed9cf471109|rpc:fv-az96-539:9894|priority:0|startupRole:FOLLOWER]|listeners:[], old=null
2023-05-08 09:36:50,575 [5a5d677a-edb3-4826-9866-2ed9cf471109-impl-thread1] INFO  server.RaftServer$Division (RaftServerImpl.java:setRole(321)) - 5a5d677a-edb3-4826-9866-2ed9cf471109@group-52B36D080E19: changes role from      null to FOLLOWER at term 0 for startAsFollower
2023-05-08 09:36:50,575 [5a5d677a-edb3-4826-9866-2ed9cf471109-impl-thread1] INFO  impl.RoleInfo (RoleInfo.java:updateAndGet(139)) - 5a5d677a-edb3-4826-9866-2ed9cf471109: start 5a5d677a-edb3-4826-9866-2ed9cf471109@group-52B36D080E19-FollowerState
2023-05-08 09:36:50,575 [5a5d677a-edb3-4826-9866-2ed9cf471109@group-52B36D080E19-FollowerState] INFO  server.RaftServerConfigKeys (ConfUtils.java:logFallback(53)) - raft.server.rpc.first-election.timeout.min = 5000ms (fallback to raft.server.rpc.timeout.min)
2023-05-08 09:36:50,575 [5a5d677a-edb3-4826-9866-2ed9cf471109@group-52B36D080E19-FollowerState] INFO  server.RaftServerConfigKeys (ConfUtils.java:logFallback(53)) - raft.server.rpc.first-election.timeout.max = 5200ms (fallback to raft.server.rpc.timeout.max)
2023-05-08 09:36:50,575 [5a5d677a-edb3-4826-9866-2ed9cf471109-impl-thread1] INFO  util.JmxRegister (JmxRegister.java:tryRegister(44)) - Successfully registered JMX Bean with object name Ratis:service=RaftServer,group=group-52B36D080E19,id=5a5d677a-edb3-4826-9866-2ed9cf471109
2023-05-08 09:36:50,575 [5a5d677a-edb3-4826-9866-2ed9cf471109-impl-thread1] INFO  server.RaftServerConfigKeys (ConfUtils.java:logGet(46)) - raft.server.snapshot.auto.trigger.enabled = true (custom)
2023-05-08 09:36:50,575 [5a5d677a-edb3-4826-9866-2ed9cf471109-impl-thread1] INFO  server.RaftServerConfigKeys (ConfUtils.java:logGet(46)) - raft.server.snapshot.auto.trigger.threshold = 1000 (custom)
2023-05-08 09:36:50,575 [5a5d677a-edb3-4826-9866-2ed9cf471109-impl-thread1] INFO  server.RaftServerConfigKeys (ConfUtils.java:logGet(46)) - raft.server.snapshot.retention.file.num = -1 (default)
2023-05-08 09:36:50,575 [5a5d677a-edb3-4826-9866-2ed9cf471109-impl-thread1] INFO  server.RaftServerConfigKeys (ConfUtils.java:logGet(46)) - raft.server.log.purge.upto.snapshot.index = false (default)
2023-05-08 09:36:50,576 [Time-limited test] INFO  server.RaftServer (RaftServerProxy.java:startImpl(393)) - 5a5d677a-edb3-4826-9866-2ed9cf471109: start RPC server
2023-05-08 09:36:50,577 [Time-limited test] INFO  server.GrpcService (GrpcService.java:startImpl(262)) - 5a5d677a-edb3-4826-9866-2ed9cf471109: GrpcService started, listening on 9894
2023-05-08 09:36:50,578 [JvmPauseMonitor29] INFO  util.JvmPauseMonitor (JvmPauseMonitor.java:run(105)) - JvmPauseMonitor-5a5d677a-edb3-4826-9866-2ed9cf471109: Started
2023-05-08 09:36:55,663 [5a5d677a-edb3-4826-9866-2ed9cf471109@group-52B36D080E19-FollowerState] INFO  impl.FollowerState (FollowerState.java:run(143)) - 5a5d677a-edb3-4826-9866-2ed9cf471109@group-52B36D080E19-FollowerState: change to CANDIDATE, lastRpcElapsedTime:5088603586ns, electionTimeout:5088ms
2023-05-08 09:36:55,664 [5a5d677a-edb3-4826-9866-2ed9cf471109@group-52B36D080E19-FollowerState] INFO  impl.RoleInfo (RoleInfo.java:shutdownFollowerState(110)) - 5a5d677a-edb3-4826-9866-2ed9cf471109: shutdown 5a5d677a-edb3-4826-9866-2ed9cf471109@group-52B36D080E19-FollowerState
2023-05-08 09:36:55,664 [5a5d677a-edb3-4826-9866-2ed9cf471109@group-52B36D080E19-FollowerState] INFO  server.RaftServer$Division (RaftServerImpl.java:setRole(321)) - 5a5d677a-edb3-4826-9866-2ed9cf471109@group-52B36D080E19: changes role from  FOLLOWER to CANDIDATE at term 0 for changeToCandidate
2023-05-08 09:36:55,664 [5a5d677a-edb3-4826-9866-2ed9cf471109@group-52B36D080E19-FollowerState] INFO  server.RaftServerConfigKeys (ConfUtils.java:logGet(46)) - raft.server.leaderelection.pre-vote = true (default)
2023-05-08 09:36:55,664 [5a5d677a-edb3-4826-9866-2ed9cf471109@group-52B36D080E19-FollowerState] INFO  impl.RoleInfo (RoleInfo.java:updateAndGet(139)) - 5a5d677a-edb3-4826-9866-2ed9cf471109: start 5a5d677a-edb3-4826-9866-2ed9cf471109@group-52B36D080E19-LeaderElection52
2023-05-08 09:36:55,666 [5a5d677a-edb3-4826-9866-2ed9cf471109@group-52B36D080E19-LeaderElection52] INFO  impl.LeaderElection (LeaderElection.java:askForVotes(312)) - 5a5d677a-edb3-4826-9866-2ed9cf471109@group-52B36D080E19-LeaderElection52 PRE_VOTE round 0: submit vote requests at term 0 for -1: peers:[5a5d677a-edb3-4826-9866-2ed9cf471109|rpc:fv-az96-539:9894|priority:0|startupRole:FOLLOWER]|listeners:[], old=null
2023-05-08 09:36:55,666 [5a5d677a-edb3-4826-9866-2ed9cf471109@group-52B36D080E19-LeaderElection52] INFO  impl.LeaderElection (LeaderElection.java:askForVotes(314)) - 5a5d677a-edb3-4826-9866-2ed9cf471109@group-52B36D080E19-LeaderElection52 PRE_VOTE round 0: result PASSED (term=0)
2023-05-08 09:36:55,668 [5a5d677a-edb3-4826-9866-2ed9cf471109@group-52B36D080E19-LeaderElection52] INFO  impl.LeaderElection (LeaderElection.java:askForVotes(312)) - 5a5d677a-edb3-4826-9866-2ed9cf471109@group-52B36D080E19-LeaderElection52 ELECTION round 0: submit vote requests at term 1 for -1: peers:[5a5d677a-edb3-4826-9866-2ed9cf471109|rpc:fv-az96-539:9894|priority:0|startupRole:FOLLOWER]|listeners:[], old=null
2023-05-08 09:36:55,668 [5a5d677a-edb3-4826-9866-2ed9cf471109@group-52B36D080E19-LeaderElection52] INFO  impl.LeaderElection (LeaderElection.java:askForVotes(314)) - 5a5d677a-edb3-4826-9866-2ed9cf471109@group-52B36D080E19-LeaderElection52 ELECTION round 0: result PASSED (term=1)
2023-05-08 09:36:55,668 [5a5d677a-edb3-4826-9866-2ed9cf471109@group-52B36D080E19-LeaderElection52] INFO  impl.RoleInfo (RoleInfo.java:shutdownLeaderElection(130)) - 5a5d677a-edb3-4826-9866-2ed9cf471109: shutdown 5a5d677a-edb3-4826-9866-2ed9cf471109@group-52B36D080E19-LeaderElection52
2023-05-08 09:36:55,668 [5a5d677a-edb3-4826-9866-2ed9cf471109@group-52B36D080E19-LeaderElection52] INFO  server.RaftServer$Division (RaftServerImpl.java:setRole(321)) - 5a5d677a-edb3-4826-9866-2ed9cf471109@group-52B36D080E19: changes role from CANDIDATE to LEADER at term 1 for changeToLeader
2023-05-08 09:36:55,668 [5a5d677a-edb3-4826-9866-2ed9cf471109@group-52B36D080E19-LeaderElection52] INFO  server.RaftServer$Division (ServerState.java:setLeader(313)) - 5a5d677a-edb3-4826-9866-2ed9cf471109@group-52B36D080E19: change Leader from null to 5a5d677a-edb3-4826-9866-2ed9cf471109 at term 1 for becomeLeader, leader elected after 5103ms
2023-05-08 09:36:55,668 [5a5d677a-edb3-4826-9866-2ed9cf471109@group-52B36D080E19-LeaderElection52] INFO  server.RaftServerConfigKeys (ConfUtils.java:logGet(46)) - raft.server.staging.catchup.gap = 1000 (default)
2023-05-08 09:36:55,668 [5a5d677a-edb3-4826-9866-2ed9cf471109@group-52B36D080E19-LeaderElection52] INFO  server.RaftServerConfigKeys (ConfUtils.java:logGet(46)) - raft.server.write.element-limit = 4096 (default)
2023-05-08 09:36:55,668 [5a5d677a-edb3-4826-9866-2ed9cf471109@group-52B36D080E19-LeaderElection52] INFO  server.RaftServerConfigKeys (ConfUtils.java:logGet(46)) - raft.server.write.byte-limit = 64MB (=67108864) (default)
2023-05-08 09:36:55,668 [5a5d677a-edb3-4826-9866-2ed9cf471109@group-52B36D080E19-LeaderElection52] INFO  server.RaftServerConfigKeys (ConfUtils.java:logGet(46)) - raft.server.watch.timeout = 10s (default)
2023-05-08 09:36:55,668 [5a5d677a-edb3-4826-9866-2ed9cf471109@group-52B36D080E19-LeaderElection52] INFO  server.RaftServerConfigKeys (ConfUtils.java:logGet(46)) - raft.server.watch.timeout.denomination = 1s (default)
2023-05-08 09:36:55,668 [5a5d677a-edb3-4826-9866-2ed9cf471109@group-52B36D080E19-LeaderElection52] INFO  server.RaftServerConfigKeys (ConfUtils.java:logGet(46)) - raft.server.watch.element-limit = 65536 (default)
2023-05-08 09:36:55,668 [5a5d677a-edb3-4826-9866-2ed9cf471109@group-52B36D080E19-LeaderElection52] INFO  server.RaftServerConfigKeys (ConfUtils.java:logGet(46)) - raft.server.write.element-limit = 4096 (default)
2023-05-08 09:36:55,668 [5a5d677a-edb3-4826-9866-2ed9cf471109@group-52B36D080E19-LeaderElection52] INFO  server.RaftServerConfigKeys (ConfUtils.java:logGet(46)) - raft.server.write.follower.gap.ratio.max = -1.0 (default)
2023-05-08 09:36:55,668 [5a5d677a-edb3-4826-9866-2ed9cf471109@group-52B36D080E19-LeaderElection52] INFO  impl.RoleInfo (RoleInfo.java:updateAndGet(139)) - 5a5d677a-edb3-4826-9866-2ed9cf471109: start 5a5d677a-edb3-4826-9866-2ed9cf471109@group-52B36D080E19-LeaderStateImpl
2023-05-08 09:36:55,669 [5a5d677a-edb3-4826-9866-2ed9cf471109@group-52B36D080E19-LeaderElection52] INFO  segmented.SegmentedRaftLogWorker (SegmentedRaftLogWorker.java:startLogSegment(452)) - 5a5d677a-edb3-4826-9866-2ed9cf471109@group-52B36D080E19-SegmentedRaftLogWorker: Starting segment from index:0
2023-05-08 09:36:55,670 [5a5d677a-edb3-4826-9866-2ed9cf471109@group-52B36D080E19-LeaderElection52] INFO  server.RaftServer$Division (ServerState.java:setRaftConf(430)) - 5a5d677a-edb3-4826-9866-2ed9cf471109@group-52B36D080E19: set configuration 0: peers:[5a5d677a-edb3-4826-9866-2ed9cf471109|rpc:fv-az96-539:9894|admin:|client:|dataStream:|priority:0|startupRole:FOLLOWER]|listeners:[], old=null
2023-05-08 09:36:55,679 [5a5d677a-edb3-4826-9866-2ed9cf471109@group-52B36D080E19-SegmentedRaftLogWorker] INFO  segmented.SegmentedRaftLogWorker (SegmentedRaftLogWorker.java:execute(656)) - 5a5d677a-edb3-4826-9866-2ed9cf471109@group-52B36D080E19-SegmentedRaftLogWorker: created new log segment /home/runner/work/ozone/ozone/hadoop-ozone/integration-test/target/test-dir/bde3d193-dfb9-4329-82af-2831948eb8ca/scm-meta/scm-ha/b3c59ae2-1614-4e87-a65e-52b36d080e19/current/log_inprogress_0
2023-05-08 09:36:56,578 [Time-limited test] INFO  server.RaftServer (RaftServerProxy.java:lambda$close$6(409)) - 5a5d677a-edb3-4826-9866-2ed9cf471109: close
2023-05-08 09:36:56,579 [Time-limited test] INFO  server.GrpcService (GrpcService.java:closeImpl(271)) - 5a5d677a-edb3-4826-9866-2ed9cf471109: shutdown server GrpcServerProtocolService now
2023-05-08 09:36:56,579 [5a5d677a-edb3-4826-9866-2ed9cf471109-impl-thread1] INFO  server.RaftServer$Division (RaftServerImpl.java:lambda$close$4(458)) - 5a5d677a-edb3-4826-9866-2ed9cf471109@group-52B36D080E19: shutdown
2023-05-08 09:36:56,579 [5a5d677a-edb3-4826-9866-2ed9cf471109-impl-thread1] INFO  util.JmxRegister (JmxRegister.java:unregister(73)) - Successfully un-registered JMX Bean with object name Ratis:service=RaftServer,group=group-52B36D080E19,id=5a5d677a-edb3-4826-9866-2ed9cf471109
2023-05-08 09:36:56,579 [5a5d677a-edb3-4826-9866-2ed9cf471109-impl-thread1] INFO  impl.RoleInfo (RoleInfo.java:shutdownLeaderState(93)) - 5a5d677a-edb3-4826-9866-2ed9cf471109: shutdown 5a5d677a-edb3-4826-9866-2ed9cf471109@group-52B36D080E19-LeaderStateImpl
2023-05-08 09:36:56,579 [5a5d677a-edb3-4826-9866-2ed9cf471109-impl-thread1] INFO  impl.PendingRequests (PendingRequests.java:sendNotLeaderResponses(282)) - 5a5d677a-edb3-4826-9866-2ed9cf471109@group-52B36D080E19-PendingRequests: sendNotLeaderResponses
2023-05-08 09:36:56,580 [5a5d677a-edb3-4826-9866-2ed9cf471109-impl-thread1] INFO  impl.StateMachineUpdater (StateMachineUpdater.java:stopAndJoin(153)) - 5a5d677a-edb3-4826-9866-2ed9cf471109@group-52B36D080E19-StateMachineUpdater: set stopIndex = 0
2023-05-08 09:36:56,580 [5a5d677a-edb3-4826-9866-2ed9cf471109@group-52B36D080E19-StateMachineUpdater] INFO  impl.StateMachineUpdater (StateMachineUpdater.java:takeSnapshot(287)) - 5a5d677a-edb3-4826-9866-2ed9cf471109@group-52B36D080E19-StateMachineUpdater: Took a snapshot at index 0
2023-05-08 09:36:56,580 [5a5d677a-edb3-4826-9866-2ed9cf471109@group-52B36D080E19-StateMachineUpdater] INFO  impl.StateMachineUpdater (StateMachineUpdater.java:lambda$new$0(92)) - 5a5d677a-edb3-4826-9866-2ed9cf471109@group-52B36D080E19-StateMachineUpdater: snapshotIndex: updateIncreasingly -1 -> 0
2023-05-08 09:36:56,580 [Time-limited test] INFO  server.GrpcService (GrpcService.java:closeImpl(280)) - 5a5d677a-edb3-4826-9866-2ed9cf471109: shutdown server GrpcServerProtocolService successfully
2023-05-08 09:36:56,580 [5a5d677a-edb3-4826-9866-2ed9cf471109-impl-thread1] INFO  server.RaftServer$Division (ServerState.java:close(466)) - 5a5d677a-edb3-4826-9866-2ed9cf471109@group-52B36D080E19: closes. applyIndex: 0
2023-05-08 09:36:56,580 [5a5d677a-edb3-4826-9866-2ed9cf471109@group-52B36D080E19-SegmentedRaftLogWorker] INFO  segmented.SegmentedRaftLogWorker (SegmentedRaftLogWorker.java:run(347)) - 5a5d677a-edb3-4826-9866-2ed9cf471109@group-52B36D080E19-SegmentedRaftLogWorker was interrupted, exiting. There are 0 tasks remaining in the queue.
2023-05-08 09:36:56,581 [5a5d677a-edb3-4826-9866-2ed9cf471109-impl-thread1] INFO  segmented.SegmentedRaftLogWorker (SegmentedRaftLogWorker.java:close(257)) - 5a5d677a-edb3-4826-9866-2ed9cf471109@group-52B36D080E19-SegmentedRaftLogWorker close()
2023-05-08 09:36:56,582 [JvmPauseMonitor29] INFO  util.JvmPauseMonitor (JvmPauseMonitor.java:run(111)) - JvmPauseMonitor-5a5d677a-edb3-4826-9866-2ed9cf471109: Stopped
2023-05-08 09:36:56,582 [Time-limited test] WARN  server.ServerUtils (ServerUtils.java:getScmDbDir(148)) - ozone.scm.db.dirs is not configured. We recommend adding this setting. Falling back to ozone.metadata.dirs instead.
2023-05-08 09:36:56,583 [Time-limited test] INFO  server.StorageContainerManager (StorageContainerManager.java:scmInit(1284)) - SCM initialization succeeded. Current cluster id for sd=/home/runner/work/ozone/ozone/hadoop-ozone/integration-test/target/test-dir/bde3d193-dfb9-4329-82af-2831948eb8ca/scm-meta/scm; cid=b3c59ae2-1614-4e87-a65e-52b36d080e19; layoutVersion=6; scmId=5a5d677a-edb3-4826-9866-2ed9cf471109
2023-05-08 09:36:56,583 [Time-limited test] WARN  server.ServerUtils (ServerUtils.java:getScmDbDir(148)) - ozone.scm.db.dirs is not configured. We recommend adding this setting. Falling back to ozone.metadata.dirs instead.
2023-05-08 09:36:56,584 [Time-limited test] INFO  server.RaftServerConfigKeys (ConfUtils.java:logGet(46)) - raft.server.storage.dir = [/home/runner/work/ozone/ozone/hadoop-ozone/integration-test/target/test-dir/bde3d193-dfb9-4329-82af-2831948eb8ca/scm-meta/scm-ha] (custom)
2023-05-08 09:36:56,590 [Time-limited test] INFO  ozone.TestStorageContainerManager (TestStorageContainerManager.java:lambda$null$5(596)) - group-52B36D080E19: found a subdirectory /home/runner/work/ozone/ozone/hadoop-ozone/integration-test/target/test-dir/bde3d193-dfb9-4329-82af-2831948eb8ca/scm-meta/scm-ha/b3c59ae2-1614-4e87-a65e-52b36d080e19
2023-05-08 09:36:56,590 [Time-limited test] INFO  ozone.TestStorageContainerManager (TestStorageContainerManager.java:lambda$null$5(606)) - group-52B36D080E19 : The directory /home/runner/work/ozone/ozone/hadoop-ozone/integration-test/target/test-dir/bde3d193-dfb9-4329-82af-2831948eb8ca/scm-meta/scm-ha/b3c59ae2-1614-4e87-a65e-52b36d080e19 found a group directory for cluster b3c59ae2-1614-4e87-a65e-52b36d080e19
]]></system-out>
  </testcase>
  <testcase name="testScmInfo" classname="org.apache.hadoop.ozone.TestStorageContainerManager" time="0.207">
    <system-out><![CDATA[2023-05-08 09:36:56,607 [Time-limited test] WARN  server.ServerUtils (ServerUtils.java:getScmDbDir(148)) - ozone.scm.db.dirs is not configured. We recommend adding this setting. Falling back to ozone.metadata.dirs instead.
2023-05-08 09:36:56,609 [Time-limited test] WARN  server.ServerUtils (ServerUtils.java:getScmDbDir(148)) - ozone.scm.db.dirs is not configured. We recommend adding this setting. Falling back to ozone.metadata.dirs instead.
2023-05-08 09:36:56,609 [Time-limited test] INFO  ha.SCMHANodeDetails (SCMHANodeDetails.java:loadSCMHAConfig(209)) - ServiceID for StorageContainerManager is null
2023-05-08 09:36:56,609 [Time-limited test] WARN  ha.SCMHANodeDetails (SCMHANodeDetails.java:validateSCMHAConfig(182)) - Invalid config ozone.scm.ratis.enable. The config was not specified, but the default value true conflicts with the expected config value false. Falling back to the expected value. Current State of SCM: SCM is running in Non-HA without Ratis Ratis SCM -> Non Ratis SCM or Non HA SCM -> HA SCM is not supported
2023-05-08 09:36:56,609 [Time-limited test] INFO  ha.SCMHANodeDetails (SCMHANodeDetails.java:loadSCMHAConfig(214)) - ozone.scm.default.service.id is not defined, falling back to ozone.scm.service.ids to find serviceID for StorageContainerManager if it is HA enabled cluster
2023-05-08 09:36:56,610 [Time-limited test] WARN  utils.HAUtils (HAUtils.java:getMetaDir(350)) - ozone.scm.db.dirs is not configured. We recommend adding this setting. Falling back to ozone.metadata.dirs instead.
2023-05-08 09:36:56,610 [Time-limited test] WARN  db.DBStoreBuilder (DBStoreBuilder.java:applyDBDefinition(164)) - ozone.scm.db.dirs is not configured. We recommend adding this setting. Falling back to ozone.metadata.dirs instead.
2023-05-08 09:36:56,707 [Time-limited test] INFO  net.NodeSchemaLoader (NodeSchemaLoader.java:loadSchemaFromFile(129)) - Loading schema from [jar:file:/home/runner/.m2/repository/org/apache/ozone/hdds-common/1.4.0-SNAPSHOT/hdds-common-1.4.0-SNAPSHOT.jar!/network-topology-default.xml]
2023-05-08 09:36:56,707 [Time-limited test] INFO  net.NodeSchemaLoader (NodeSchemaLoader.java:loadSchema(176)) - Loading network topology layer schema file
2023-05-08 09:36:56,710 [Time-limited test] INFO  upgrade.AbstractLayoutVersionManager (AbstractLayoutVersionManager.java:init(83)) - Initializing Layout version manager with metadata layout = WEBUI_PORTS_IN_DATANODEDETAILS (version = 6), software layout = WEBUI_PORTS_IN_DATANODEDETAILS (version = 6)
2023-05-08 09:36:56,755 [Time-limited test] INFO  reflections.Reflections (Reflections.java:scan(232)) - Reflections took 44 ms to scan 7 urls, producing 156 keys and 369 values 
2023-05-08 09:36:56,759 [Time-limited test] INFO  ha.SequenceIdGenerator (SequenceIdGenerator.java:upgradeToSequenceId(349)) - upgrade localId to 111677748019200000
2023-05-08 09:36:56,759 [Time-limited test] INFO  ha.SequenceIdGenerator (SequenceIdGenerator.java:upgradeToSequenceId(359)) - upgrade delTxnId to 0
2023-05-08 09:36:56,760 [Time-limited test] INFO  ha.SequenceIdGenerator (SequenceIdGenerator.java:upgradeToSequenceId(376)) - upgrade containerId to 0
2023-05-08 09:36:56,760 [Time-limited test] INFO  ha.SequenceIdGenerator (SequenceIdGenerator.java:<init>(220)) - Init the HA SequenceIdGenerator.
2023-05-08 09:36:56,765 [Time-limited test] INFO  node.SCMNodeManager (SCMNodeManager.java:<init>(159)) - Entering startup safe mode.
2023-05-08 09:36:56,765 [Time-limited test] INFO  algorithms.ContainerPlacementPolicyFactory (ContainerPlacementPolicyFactory.java:getPolicyInternal(86)) - Create container placement policy of type org.apache.hadoop.hdds.scm.container.placement.algorithms.SCMContainerPlacementRackAware
2023-05-08 09:36:56,766 [Time-limited test] INFO  algorithms.ContainerPlacementPolicyFactory (ContainerPlacementPolicyFactory.java:getPolicyInternal(86)) - Create container placement policy of type org.apache.hadoop.hdds.scm.container.placement.algorithms.SCMContainerPlacementRackScatter
2023-05-08 09:36:56,766 [Time-limited test] INFO  pipeline.PipelineStateManagerImpl (PipelineStateManagerImpl.java:initialize(78)) - No pipeline exists in current db
2023-05-08 09:36:56,766 [Time-limited test] INFO  algorithms.LeaderChoosePolicyFactory (LeaderChoosePolicyFactory.java:getPolicy(57)) - Create leader choose policy of type org.apache.hadoop.hdds.scm.pipeline.leader.choose.algorithms.MinLeaderCountChoosePolicy
2023-05-08 09:36:56,766 [Time-limited test] INFO  algorithms.ContainerPlacementPolicyFactory (ContainerPlacementPolicyFactory.java:getPolicyInternal(86)) - Create container placement policy of type org.apache.hadoop.hdds.scm.container.placement.algorithms.SCMContainerPlacementRackScatter
2023-05-08 09:36:56,766 [Time-limited test] INFO  ha.SCMServiceManager (SCMServiceManager.java:register(42)) - Registering service BackgroundPipelineCreator.
2023-05-08 09:36:56,766 [Time-limited test] INFO  pipeline.BackgroundPipelineCreator (BackgroundPipelineCreator.java:start(124)) - Starting RatisPipelineUtilsThread.
2023-05-08 09:36:56,766 [Time-limited test] INFO  BackgroundPipelineScrubber (BackgroundSCMService.java:start(68)) - Starting BackgroundPipelineScrubber Service.
2023-05-08 09:36:56,767 [Time-limited test] INFO  ha.SCMServiceManager (SCMServiceManager.java:register(42)) - Registering service BackgroundPipelineScrubber.
2023-05-08 09:36:56,767 [Time-limited test] INFO  ExpiredContainerReplicaOpScrubber (BackgroundSCMService.java:start(68)) - Starting ExpiredContainerReplicaOpScrubber Service.
2023-05-08 09:36:56,767 [Time-limited test] INFO  ha.SCMServiceManager (SCMServiceManager.java:register(42)) - Registering service ExpiredContainerReplicaOpScrubber.
2023-05-08 09:36:56,768 [Time-limited test] INFO  algorithms.PipelineChoosePolicyFactory (PipelineChoosePolicyFactory.java:createPipelineChoosePolicyFromClass(73)) - Create pipeline choose policy of type org.apache.hadoop.hdds.scm.pipeline.choose.algorithms.RandomPipelineChoosePolicy
2023-05-08 09:36:56,769 [Time-limited test] INFO  ha.SCMServiceManager (SCMServiceManager.java:register(42)) - Registering service SCMBlockDeletingService.
2023-05-08 09:36:56,769 [Time-limited test] INFO  replication.ReplicationManager (ReplicationManager.java:start(293)) - Starting Replication Monitor Thread.
2023-05-08 09:36:56,778 [Time-limited test] INFO  ha.SCMServiceManager (SCMServiceManager.java:register(42)) - Registering service ReplicationManager.
2023-05-08 09:36:56,778 [ReplicationMonitor] INFO  replication.ReplicationManager (ReplicationManager.java:processAll(368)) - Replication Manager is not ready to run until 300000ms after safemode exit
2023-05-08 09:36:56,778 [Time-limited test] INFO  safemode.ContainerSafeModeRule (ContainerSafeModeRule.java:<init>(89)) - containers with one replica threshold count 0
2023-05-08 09:36:56,779 [Time-limited test] INFO  safemode.HealthyPipelineSafeModeRule (HealthyPipelineSafeModeRule.java:initializeRule(169)) - Total pipeline count is 0, healthy pipeline threshold count is 0
2023-05-08 09:36:56,779 [Time-limited test] INFO  safemode.OneReplicaPipelineSafeModeRule (OneReplicaPipelineSafeModeRule.java:initializeRule(180)) - Total pipeline count is 0, pipeline's with at least one datanode reported threshold count is 0
2023-05-08 09:36:56,779 [Time-limited test] INFO  server.StorageContainerManager (StorageContainerManager.java:<init>(403)) - SCM start with adminUsers: [runner]
2023-05-08 09:36:56,779 [Time-limited test] INFO  ipc.CallQueueManager (CallQueueManager.java:<init>(90)) - Using callQueue: class java.util.concurrent.LinkedBlockingQueue, queueCapacity: 10000, scheduler: class org.apache.hadoop.ipc.DefaultRpcScheduler, ipcBackoff: false.
2023-05-08 09:36:56,780 [Socket Reader #1 for port 9861] INFO  ipc.Server (Server.java:run(1319)) - Starting Socket Reader #1 for port 9861
2023-05-08 09:36:56,785 [Listener at 0.0.0.0/9861] INFO  ipc.CallQueueManager (CallQueueManager.java:<init>(90)) - Using callQueue: class java.util.concurrent.LinkedBlockingQueue, queueCapacity: 10000, scheduler: class org.apache.hadoop.ipc.DefaultRpcScheduler, ipcBackoff: false.
2023-05-08 09:36:56,786 [Socket Reader #1 for port 9863] INFO  ipc.Server (Server.java:run(1319)) - Starting Socket Reader #1 for port 9863
2023-05-08 09:36:56,786 [Listener at 0.0.0.0/9863] INFO  ipc.CallQueueManager (CallQueueManager.java:<init>(90)) - Using callQueue: class java.util.concurrent.LinkedBlockingQueue, queueCapacity: 10000, scheduler: class org.apache.hadoop.ipc.DefaultRpcScheduler, ipcBackoff: false.
2023-05-08 09:36:56,787 [Socket Reader #1 for port 9860] INFO  ipc.Server (Server.java:run(1319)) - Starting Socket Reader #1 for port 9860
2023-05-08 09:36:56,794 [Listener at 0.0.0.0/9860] INFO  ha.SCMServiceManager (SCMServiceManager.java:register(42)) - Registering service ContainerBalancer.
2023-05-08 09:36:56,794 [Listener at 0.0.0.0/9860] INFO  server.StorageContainerManager (StorageContainerManager.java:<init>(420)) - 
Container Balancer status:
Key                            Value
Running                        false
Container Balancer Configuration values:
Key                                                Value
Threshold                                          10
Max Datanodes to Involve per Iteration(percent)    20
Max Size to Move per Iteration                     500GB
Max Size Entering Target per Iteration             26GB
Max Size Leaving Source per Iteration              26GB

2023-05-08 09:36:56,794 [Listener at 0.0.0.0/9860] INFO  ha.SCMContext (SCMContext.java:updateSafeModeStatus(228)) - Update SafeModeStatus from SafeModeStatus{safeModeStatus=true, preCheckPassed=false} to SafeModeStatus{safeModeStatus=true, preCheckPassed=false}.
]]></system-out>
  </testcase>
</testsuite>