<?xml version="1.0" encoding="UTF-8"?>
<testsuite xmlns:xsi="http://www.w3.org/2001/XMLSchema-instance" xsi:noNamespaceSchemaLocation="https://maven.apache.org/surefire/maven-surefire-plugin/xsd/surefire-test-report-3.0.xsd" version="3.0" name="org.apache.hadoop.ozone.client.rpc.TestBlockOutputStreamWithFailures" time="592.439" tests="12" errors="1" skipped="0" failures="0">
  <properties>
    <property name="java.specification.version" value="17"/>
    <property name="sun.jnu.encoding" value="UTF-8"/>
    <property name="java.class.path" value="/home/runner/work/ozone/ozone/hadoop-ozone/integration-test/target/test-classes:/home/runner/work/ozone/ozone/hadoop-ozone/integration-test/target/classes:/home/runner/work/ozone/ozone/hadoop-ozone/common/target/ozone-common-1.5.0-SNAPSHOT.jar:/home/runner/.m2/repository/io/grpc/grpc-netty/1.58.0/grpc-netty-1.58.0.jar:/home/runner/.m2/repository/io/grpc/grpc-core/1.58.0/grpc-core-1.58.0.jar:/home/runner/.m2/repository/com/google/android/annotations/4.1.1.4/annotations-4.1.1.4.jar:/home/runner/.m2/repository/org/codehaus/mojo/animal-sniffer-annotations/1.23/animal-sniffer-annotations-1.23.jar:/home/runner/.m2/repository/io/grpc/grpc-context/1.58.0/grpc-context-1.58.0.jar:/home/runner/.m2/repository/io/grpc/grpc-util/1.58.0/grpc-util-1.58.0.jar:/home/runner/.m2/repository/com/google/errorprone/error_prone_annotations/2.29.2/error_prone_annotations-2.29.2.jar:/home/runner/.m2/repository/io/perfmark/perfmark-api/0.26.0/perfmark-api-0.26.0.jar:/home/runner/.m2/repository/io/netty/netty-codec-http2/4.1.109.Final/netty-codec-http2-4.1.109.Final.jar:/home/runner/.m2/repository/io/netty/netty-codec-http/4.1.109.Final/netty-codec-http-4.1.109.Final.jar:/home/runner/.m2/repository/io/netty/netty-handler-proxy/4.1.109.Final/netty-handler-proxy-4.1.109.Final.jar:/home/runner/.m2/repository/io/netty/netty-codec-socks/4.1.109.Final/netty-codec-socks-4.1.109.Final.jar:/home/runner/.m2/repository/io/netty/netty-tcnative-boringssl-static/2.0.65.Final/netty-tcnative-boringssl-static-2.0.65.Final.jar:/home/runner/.m2/repository/io/netty/netty-tcnative-classes/2.0.65.Final/netty-tcnative-classes-2.0.65.Final.jar:/home/runner/.m2/repository/io/netty/netty-tcnative-boringssl-static/2.0.65.Final/netty-tcnative-boringssl-static-2.0.65.Final-linux-x86_64.jar:/home/runner/.m2/repository/io/netty/netty-tcnative-boringssl-static/2.0.65.Final/netty-tcnative-boringssl-static-2.0.65.Final-linux-aarch_64.jar:/home/runner/.m2/repository/io/netty/netty-tcnative-boringssl-static/2.0.65.Final/netty-tcnative-boringssl-static-2.0.65.Final-osx-x86_64.jar:/home/runner/.m2/repository/io/netty/netty-tcnative-boringssl-static/2.0.65.Final/netty-tcnative-boringssl-static-2.0.65.Final-osx-aarch_64.jar:/home/runner/.m2/repository/io/netty/netty-tcnative-boringssl-static/2.0.65.Final/netty-tcnative-boringssl-static-2.0.65.Final-windows-x86_64.jar:/home/runner/.m2/repository/org/apache/commons/commons-compress/1.27.1/commons-compress-1.27.1.jar:/home/runner/work/ozone/ozone/hadoop-hdds/common/target/hdds-common-1.5.0-SNAPSHOT.jar:/home/runner/work/ozone/ozone/hadoop-hdds/client/target/hdds-client-1.5.0-SNAPSHOT.jar:/home/runner/work/ozone/ozone/hadoop-hdds/config/target/hdds-config-1.5.0-SNAPSHOT.jar:/home/runner/work/ozone/ozone/hadoop-hdds/interface-client/target/hdds-interface-client-1.5.0-SNAPSHOT.jar:/home/runner/.m2/repository/org/apache/hadoop/thirdparty/hadoop-shaded-protobuf_3_7/1.1.1/hadoop-shaded-protobuf_3_7-1.1.1.jar:/home/runner/work/ozone/ozone/hadoop-ozone/interface-client/target/ozone-interface-client-1.5.0-SNAPSHOT.jar:/home/runner/.m2/repository/org/apache/hadoop/hadoop-hdfs-client/3.3.6/hadoop-hdfs-client-3.3.6.jar:/home/runner/.m2/repository/com/squareup/okhttp3/okhttp/4.12.0/okhttp-4.12.0.jar:/home/runner/.m2/repository/com/squareup/okio/okio/3.6.0/okio-3.6.0.jar:/home/runner/.m2/repository/com/squareup/okio/okio-jvm/3.6.0/okio-jvm-3.6.0.jar:/home/runner/.m2/repository/org/jetbrains/kotlin/kotlin-stdlib-jdk8/1.9.25/kotlin-stdlib-jdk8-1.9.25.jar:/home/runner/.m2/repository/org/jetbrains/kotlin/kotlin-stdlib-jdk7/1.9.25/kotlin-stdlib-jdk7-1.9.25.jar:/home/runner/.m2/repository/org/jetbrains/kotlin/kotlin-stdlib-common/1.9.25/kotlin-stdlib-common-1.9.25.jar:/home/runner/.m2/repository/org/apache/httpcomponents/httpclient/4.5.14/httpclient-4.5.14.jar:/home/runner/.m2/repository/org/apache/httpcomponents/httpcore/4.4.16/httpcore-4.4.16.jar:/home/runner/.m2/repository/org/apache/ratis/ratis-common/3.1.0/ratis-common-3.1.0.jar:/home/runner/.m2/repository/org/apache/ratis/ratis-proto/3.1.0/ratis-proto-3.1.0.jar:/home/runner/.m2/repository/org/apache/ratis/ratis-thirdparty-misc/1.0.6/ratis-thirdparty-misc-1.0.6.jar:/home/runner/.m2/repository/org/slf4j/slf4j-api/2.0.16/slf4j-api-2.0.16.jar:/home/runner/.m2/repository/com/fasterxml/jackson/core/jackson-annotations/2.16.2/jackson-annotations-2.16.2.jar:/home/runner/.m2/repository/com/fasterxml/jackson/core/jackson-databind/2.16.2/jackson-databind-2.16.2.jar:/home/runner/.m2/repository/com/github/stephenc/jcip/jcip-annotations/1.0-1/jcip-annotations-1.0-1.jar:/home/runner/.m2/repository/com/google/guava/guava/32.1.3-jre/guava-32.1.3-jre.jar:/home/runner/.m2/repository/com/google/guava/failureaccess/1.0.1/failureaccess-1.0.1.jar:/home/runner/.m2/repository/com/google/guava/listenablefuture/9999.0-empty-to-avoid-conflict-with-guava/listenablefuture-9999.0-empty-to-avoid-conflict-with-guava.jar:/home/runner/.m2/repository/org/checkerframework/checker-qual/3.37.0/checker-qual-3.37.0.jar:/home/runner/.m2/repository/com/google/j2objc/j2objc-annotations/2.8/j2objc-annotations-2.8.jar:/home/runner/.m2/repository/com/google/protobuf/protobuf-java/2.5.0/protobuf-java-2.5.0.jar:/home/runner/.m2/repository/io/grpc/grpc-api/1.58.0/grpc-api-1.58.0.jar:/home/runner/.m2/repository/io/grpc/grpc-stub/1.58.0/grpc-stub-1.58.0.jar:/home/runner/.m2/repository/io/netty/netty-common/4.1.109.Final/netty-common-4.1.109.Final.jar:/home/runner/.m2/repository/io/netty/netty-handler/4.1.109.Final/netty-handler-4.1.109.Final.jar:/home/runner/.m2/repository/io/netty/netty-resolver/4.1.109.Final/netty-resolver-4.1.109.Final.jar:/home/runner/.m2/repository/jakarta/annotation/jakarta.annotation-api/2.1.1/jakarta.annotation-api-2.1.1.jar:/home/runner/work/ozone/ozone/hadoop-hdds/test-utils/target/hdds-test-utils-1.5.0-SNAPSHOT.jar:/home/runner/.m2/repository/org/assertj/assertj-core/3.26.3/assertj-core-3.26.3.jar:/home/runner/.m2/repository/net/bytebuddy/byte-buddy/1.14.18/byte-buddy-1.14.18.jar:/home/runner/.m2/repository/commons-io/commons-io/2.16.1/commons-io-2.16.1.jar:/home/runner/.m2/repository/commons-logging/commons-logging/1.2/commons-logging-1.2.jar:/home/runner/.m2/repository/org/junit/jupiter/junit-jupiter-api/5.10.3/junit-jupiter-api-5.10.3.jar:/home/runner/.m2/repository/org/opentest4j/opentest4j/1.3.0/opentest4j-1.3.0.jar:/home/runner/.m2/repository/org/junit/platform/junit-platform-commons/1.10.3/junit-platform-commons-1.10.3.jar:/home/runner/.m2/repository/ch/qos/reload4j/reload4j/1.2.25/reload4j-1.2.25.jar:/home/runner/.m2/repository/org/apache/logging/log4j/log4j-api/2.24.0/log4j-api-2.24.0.jar:/home/runner/work/ozone/ozone/hadoop-hdds/server-scm/target/hdds-server-scm-1.5.0-SNAPSHOT.jar:/home/runner/work/ozone/ozone/hadoop-hdds/container-service/target/hdds-container-service-1.5.0-SNAPSHOT.jar:/home/runner/work/ozone/ozone/hadoop-hdds/hadoop-dependency-server/target/hdds-hadoop-dependency-server-1.5.0-SNAPSHOT.jar:/home/runner/.m2/repository/com/nimbusds/nimbus-jose-jwt/9.40/nimbus-jose-jwt-9.40.jar:/home/runner/.m2/repository/org/apache/hadoop/hadoop-hdfs/3.3.6/hadoop-hdfs-3.3.6.jar:/home/runner/.m2/repository/commons-daemon/commons-daemon/1.4.0/commons-daemon-1.4.0.jar:/home/runner/.m2/repository/org/apache/kerby/kerb-core/1.0.1/kerb-core-1.0.1.jar:/home/runner/.m2/repository/org/apache/kerby/kerby-pkix/1.0.1/kerby-pkix-1.0.1.jar:/home/runner/.m2/repository/org/apache/kerby/kerby-asn1/1.0.1/kerby-asn1-1.0.1.jar:/home/runner/.m2/repository/org/apache/kerby/kerb-util/1.0.1/kerb-util-1.0.1.jar:/home/runner/.m2/repository/org/apache/kerby/kerby-config/1.0.1/kerby-config-1.0.1.jar:/home/runner/.m2/repository/org/apache/kerby/kerb-crypto/1.0.1/kerb-crypto-1.0.1.jar:/home/runner/.m2/repository/org/xerial/snappy/snappy-java/1.1.10.6/snappy-java-1.1.10.6.jar:/home/runner/work/ozone/ozone/hadoop-hdds/interface-admin/target/hdds-interface-admin-1.5.0-SNAPSHOT.jar:/home/runner/work/ozone/ozone/hadoop-hdds/interface-server/target/hdds-interface-server-1.5.0-SNAPSHOT.jar:/home/runner/work/ozone/ozone/hadoop-hdds/framework/target/hdds-server-framework-1.5.0-SNAPSHOT.jar:/home/runner/.m2/repository/org/apache/ratis/ratis-client/3.1.0/ratis-client-3.1.0.jar:/home/runner/.m2/repository/org/apache/ratis/ratis-grpc/3.1.0/ratis-grpc-3.1.0.jar:/home/runner/.m2/repository/org/apache/ratis/ratis-netty/3.1.0/ratis-netty-3.1.0.jar:/home/runner/.m2/repository/org/apache/ratis/ratis-server-api/3.1.0/ratis-server-api-3.1.0.jar:/home/runner/.m2/repository/org/bouncycastle/bcpkix-jdk18on/1.78.1/bcpkix-jdk18on-1.78.1.jar:/home/runner/.m2/repository/org/bouncycastle/bcprov-jdk18on/1.78.1/bcprov-jdk18on-1.78.1.jar:/home/runner/.m2/repository/io/dropwizard/metrics/metrics-core/3.2.6/metrics-core-3.2.6.jar:/home/runner/.m2/repository/org/apache/commons/commons-text/1.12.0/commons-text-1.12.0.jar:/home/runner/.m2/repository/org/eclipse/jetty/jetty-webapp/9.4.56.v20240826/jetty-webapp-9.4.56.v20240826.jar:/home/runner/.m2/repository/org/eclipse/jetty/jetty-xml/9.4.56.v20240826/jetty-xml-9.4.56.v20240826.jar:/home/runner/.m2/repository/com/fasterxml/jackson/core/jackson-core/2.16.2/jackson-core-2.16.2.jar:/home/runner/.m2/repository/info/picocli/picocli/4.7.6/picocli-4.7.6.jar:/home/runner/.m2/repository/javax/servlet/javax.servlet-api/3.1.0/javax.servlet-api-3.1.0.jar:/home/runner/.m2/repository/commons-collections/commons-collections/3.2.2/commons-collections-3.2.2.jar:/home/runner/work/ozone/ozone/hadoop-hdds/framework/target/hdds-server-framework-1.5.0-SNAPSHOT-tests.jar:/home/runner/work/ozone/ozone/hadoop-hdds/managed-rocksdb/target/hdds-managed-rocksdb-1.5.0-SNAPSHOT.jar:/home/runner/.m2/repository/org/slf4j/slf4j-reload4j/2.0.16/slf4j-reload4j-2.0.16.jar:/home/runner/.m2/repository/org/apache/commons/commons-configuration2/2.10.1/commons-configuration2-2.10.1.jar:/home/runner/.m2/repository/commons-codec/commons-codec/1.17.0/commons-codec-1.17.0.jar:/home/runner/.m2/repository/commons-fileupload/commons-fileupload/1.5/commons-fileupload-1.5.jar:/home/runner/.m2/repository/commons-validator/commons-validator/1.6/commons-validator-1.6.jar:/home/runner/.m2/repository/commons-beanutils/commons-beanutils/1.9.4/commons-beanutils-1.9.4.jar:/home/runner/.m2/repository/commons-digester/commons-digester/1.8.1/commons-digester-1.8.1.jar:/home/runner/.m2/repository/org/apache/logging/log4j/log4j-core/2.24.0/log4j-core-2.24.0.jar:/home/runner/.m2/repository/com/lmax/disruptor/3.4.4/disruptor-3.4.4.jar:/home/runner/.m2/repository/org/eclipse/jetty/jetty-http/9.4.56.v20240826/jetty-http-9.4.56.v20240826.jar:/home/runner/.m2/repository/org/eclipse/jetty/jetty-io/9.4.56.v20240826/jetty-io-9.4.56.v20240826.jar:/home/runner/.m2/repository/org/eclipse/jetty/jetty-util/9.4.56.v20240826/jetty-util-9.4.56.v20240826.jar:/home/runner/.m2/repository/org/eclipse/jetty/jetty-server/9.4.56.v20240826/jetty-server-9.4.56.v20240826.jar:/home/runner/.m2/repository/org/eclipse/jetty/jetty-servlet/9.4.56.v20240826/jetty-servlet-9.4.56.v20240826.jar:/home/runner/.m2/repository/org/eclipse/jetty/jetty-security/9.4.56.v20240826/jetty-security-9.4.56.v20240826.jar:/home/runner/.m2/repository/org/eclipse/jetty/jetty-util-ajax/9.4.56.v20240826/jetty-util-ajax-9.4.56.v20240826.jar:/home/runner/.m2/repository/org/glassfish/jersey/core/jersey-server/2.45/jersey-server-2.45.jar:/home/runner/.m2/repository/org/glassfish/jersey/core/jersey-client/2.45/jersey-client-2.45.jar:/home/runner/.m2/repository/org/glassfish/jersey/containers/jersey-container-servlet-core/2.45/jersey-container-servlet-core-2.45.jar:/home/runner/.m2/repository/org/rocksdb/rocksdbjni/7.7.3/rocksdbjni-7.7.3.jar:/home/runner/.m2/repository/org/apache/ratis/ratis-metrics-api/3.1.0/ratis-metrics-api-3.1.0.jar:/home/runner/.m2/repository/org/apache/ratis/ratis-metrics-dropwizard3/3.1.0/ratis-metrics-dropwizard3-3.1.0.jar:/home/runner/.m2/repository/io/opentracing/opentracing-api/0.33.0/opentracing-api-0.33.0.jar:/home/runner/.m2/repository/io/prometheus/simpleclient/0.16.0/simpleclient-0.16.0.jar:/home/runner/.m2/repository/io/prometheus/simpleclient_dropwizard/0.16.0/simpleclient_dropwizard-0.16.0.jar:/home/runner/.m2/repository/io/prometheus/simpleclient_common/0.16.0/simpleclient_common-0.16.0.jar:/home/runner/.m2/repository/com/fasterxml/jackson/datatype/jackson-datatype-jsr310/2.16.2/jackson-datatype-jsr310-2.16.2.jar:/home/runner/.m2/repository/com/github/jnr/jnr-constants/0.10.4/jnr-constants-0.10.4.jar:/home/runner/.m2/repository/com/github/jnr/jnr-posix/3.1.19/jnr-posix-3.1.19.jar:/home/runner/.m2/repository/com/github/jnr/jnr-ffi/2.2.16/jnr-ffi-2.2.16.jar:/home/runner/.m2/repository/com/github/jnr/jffi/1.3.13/jffi-1.3.13.jar:/home/runner/.m2/repository/com/github/jnr/jffi/1.3.13/jffi-1.3.13-native.jar:/home/runner/.m2/repository/org/ow2/asm/asm/9.2/asm-9.2.jar:/home/runner/.m2/repository/org/ow2/asm/asm-commons/9.2/asm-commons-9.2.jar:/home/runner/.m2/repository/org/ow2/asm/asm-analysis/9.2/asm-analysis-9.2.jar:/home/runner/.m2/repository/org/ow2/asm/asm-tree/9.2/asm-tree-9.2.jar:/home/runner/.m2/repository/org/ow2/asm/asm-util/9.2/asm-util-9.2.jar:/home/runner/.m2/repository/com/github/jnr/jnr-a64asm/1.0.0/jnr-a64asm-1.0.0.jar:/home/runner/.m2/repository/com/github/jnr/jnr-x86asm/1.0.2/jnr-x86asm-1.0.2.jar:/home/runner/.m2/repository/com/google/code/gson/gson/2.10.1/gson-2.10.1.jar:/home/runner/work/ozone/ozone/hadoop-hdds/rocksdb-checkpoint-differ/target/rocksdb-checkpoint-differ-1.5.0-SNAPSHOT.jar:/home/runner/.m2/repository/org/jgrapht/jgrapht-core/1.4.0/jgrapht-core-1.4.0.jar:/home/runner/.m2/repository/org/jheaps/jheaps/0.11/jheaps-0.11.jar:/home/runner/.m2/repository/org/jgrapht/jgrapht-ext/1.4.0/jgrapht-ext-1.4.0.jar:/home/runner/.m2/repository/com/github/vlsi/mxgraph/jgraphx/3.9.12/jgraphx-3.9.12.jar:/home/runner/.m2/repository/jakarta/ws/rs/jakarta.ws.rs-api/2.1.6/jakarta.ws.rs-api-2.1.6.jar:/home/runner/work/ozone/ozone/hadoop-ozone/ozone-manager/target/ozone-manager-1.5.0-SNAPSHOT.jar:/home/runner/.m2/repository/org/aspectj/aspectjrt/1.9.7/aspectjrt-1.9.7.jar:/home/runner/.m2/repository/org/aspectj/aspectjweaver/1.9.7/aspectjweaver-1.9.7.jar:/home/runner/work/ozone/ozone/hadoop-ozone/interface-storage/target/ozone-interface-storage-1.5.0-SNAPSHOT.jar:/home/runner/.m2/repository/org/apache/kerby/kerby-util/1.0.1/kerby-util-1.0.1.jar:/home/runner/.m2/repository/io/netty/netty-transport/4.1.109.Final/netty-transport-4.1.109.Final.jar:/home/runner/.m2/repository/org/reflections/reflections/0.10.2/reflections-0.10.2.jar:/home/runner/.m2/repository/com/sun/jersey/jersey-client/1.19.4/jersey-client-1.19.4.jar:/home/runner/.m2/repository/jakarta/xml/bind/jakarta.xml.bind-api/2.3.3/jakarta.xml.bind-api-2.3.3.jar:/home/runner/.m2/repository/org/codehaus/jackson/jackson-core-asl/1.9.13/jackson-core-asl-1.9.13.jar:/home/runner/.m2/repository/org/codehaus/jackson/jackson-mapper-asl/1.9.13/jackson-mapper-asl-1.9.13.jar:/home/runner/.m2/repository/org/codehaus/jackson/jackson-jaxrs/1.9.13/jackson-jaxrs-1.9.13.jar:/home/runner/.m2/repository/org/apache/ranger/ranger-plugins-common/2.3.0/ranger-plugins-common-2.3.0.jar:/home/runner/.m2/repository/commons-lang/commons-lang/2.6/commons-lang-2.6.jar:/home/runner/.m2/repository/org/apache/ranger/ranger-plugins-cred/2.3.0/ranger-plugins-cred-2.3.0.jar:/home/runner/.m2/repository/org/apache/ranger/ranger-plugins-audit/2.3.0/ranger-plugins-audit-2.3.0.jar:/home/runner/.m2/repository/org/eclipse/jetty/jetty-client/9.4.56.v20240826/jetty-client-9.4.56.v20240826.jar:/home/runner/.m2/repository/org/apache/httpcomponents/httpmime/4.5.6/httpmime-4.5.6.jar:/home/runner/.m2/repository/org/apache/httpcomponents/httpcore-nio/4.4.16/httpcore-nio-4.4.16.jar:/home/runner/.m2/repository/org/apache/httpcomponents/httpasyncclient/4.1.3/httpasyncclient-4.1.3.jar:/home/runner/.m2/repository/com/carrotsearch/hppc/0.8.0/hppc-0.8.0.jar:/home/runner/.m2/repository/org/apache/orc/orc-core/1.5.8/orc-core-1.5.8.jar:/home/runner/.m2/repository/net/java/dev/jna/jna/5.2.0/jna-5.2.0.jar:/home/runner/.m2/repository/net/java/dev/jna/jna-platform/5.2.0/jna-platform-5.2.0.jar:/home/runner/.m2/repository/com/kstruct/gethostname4j/0.0.2/gethostname4j-0.0.2.jar:/home/runner/.m2/repository/org/apache/ranger/ranger-plugin-classloader/2.3.0/ranger-plugin-classloader-2.3.0.jar:/home/runner/.m2/repository/org/apache/ranger/ranger-intg/2.3.0/ranger-intg-2.3.0.jar:/home/runner/work/ozone/ozone/hadoop-hdds/rocks-native/target/hdds-rocks-native-1.5.0-SNAPSHOT.jar:/home/runner/.m2/repository/org/apache/hadoop/hadoop-minikdc/3.3.6/hadoop-minikdc-3.3.6.jar:/home/runner/.m2/repository/org/apache/kerby/kerb-simplekdc/1.0.1/kerb-simplekdc-1.0.1.jar:/home/runner/.m2/repository/org/apache/kerby/kerb-client/1.0.1/kerb-client-1.0.1.jar:/home/runner/.m2/repository/org/apache/kerby/kerb-common/1.0.1/kerb-common-1.0.1.jar:/home/runner/.m2/repository/org/apache/kerby/token-provider/1.0.1/token-provider-1.0.1.jar:/home/runner/.m2/repository/org/apache/kerby/kerb-admin/1.0.1/kerb-admin-1.0.1.jar:/home/runner/.m2/repository/org/apache/kerby/kerb-server/1.0.1/kerb-server-1.0.1.jar:/home/runner/.m2/repository/org/apache/kerby/kerb-identity/1.0.1/kerb-identity-1.0.1.jar:/home/runner/.m2/repository/org/apache/kerby/kerby-xdr/1.0.1/kerby-xdr-1.0.1.jar:/home/runner/.m2/repository/junit/junit/4.13.2/junit-4.13.2.jar:/home/runner/.m2/repository/org/hamcrest/hamcrest-core/1.3/hamcrest-core-1.3.jar:/home/runner/work/ozone/ozone/hadoop-ozone/s3gateway/target/ozone-s3gateway-1.5.0-SNAPSHOT.jar:/home/runner/.m2/repository/org/javassist/javassist/3.30.2-GA/javassist-3.30.2-GA.jar:/home/runner/.m2/repository/org/jboss/weld/servlet/weld-servlet-shaded/3.1.9.Final/weld-servlet-shaded-3.1.9.Final.jar:/home/runner/.m2/repository/org/glassfish/jersey/core/jersey-common/2.45/jersey-common-2.45.jar:/home/runner/.m2/repository/org/glassfish/hk2/osgi-resource-locator/1.0.3/osgi-resource-locator-1.0.3.jar:/home/runner/.m2/repository/org/glassfish/jersey/ext/cdi/jersey-cdi1x/2.45/jersey-cdi1x-2.45.jar:/home/runner/.m2/repository/org/glassfish/jersey/inject/jersey-hk2/2.45/jersey-hk2-2.45.jar:/home/runner/.m2/repository/org/glassfish/hk2/hk2-locator/2.6.1/hk2-locator-2.6.1.jar:/home/runner/.m2/repository/org/glassfish/jersey/media/jersey-media-jaxb/2.45/jersey-media-jaxb-2.45.jar:/home/runner/.m2/repository/org/glassfish/hk2/hk2-api/2.6.1/hk2-api-2.6.1.jar:/home/runner/.m2/repository/org/glassfish/hk2/hk2-utils/2.6.1/hk2-utils-2.6.1.jar:/home/runner/.m2/repository/org/glassfish/hk2/external/aopalliance-repackaged/2.6.1/aopalliance-repackaged-2.6.1.jar:/home/runner/.m2/repository/com/fasterxml/jackson/dataformat/jackson-dataformat-xml/2.16.2/jackson-dataformat-xml-2.16.2.jar:/home/runner/.m2/repository/org/codehaus/woodstox/stax2-api/4.2.2/stax2-api-4.2.2.jar:/home/runner/.m2/repository/com/fasterxml/woodstox/woodstox-core/5.4.0/woodstox-core-5.4.0.jar:/home/runner/.m2/repository/com/fasterxml/jackson/module/jackson-module-jaxb-annotations/2.16.2/jackson-module-jaxb-annotations-2.16.2.jar:/home/runner/.m2/repository/javax/annotation/javax.annotation-api/1.3.2/javax.annotation-api-1.3.2.jar:/home/runner/.m2/repository/javax/enterprise/cdi-api/2.0/cdi-api-2.0.jar:/home/runner/.m2/repository/javax/el/javax.el-api/3.0.0/javax.el-api-3.0.0.jar:/home/runner/.m2/repository/javax/interceptor/javax.interceptor-api/1.2/javax.interceptor-api-1.2.jar:/home/runner/.m2/repository/org/glassfish/jaxb/jaxb-runtime/2.3.9/jaxb-runtime-2.3.9.jar:/home/runner/.m2/repository/org/glassfish/jaxb/txw2/2.3.9/txw2-2.3.9.jar:/home/runner/.m2/repository/com/sun/istack/istack-commons-runtime/3.0.12/istack-commons-runtime-3.0.12.jar:/home/runner/.m2/repository/com/sun/activation/jakarta.activation/1.2.2/jakarta.activation-1.2.2.jar:/home/runner/.m2/repository/jakarta/activation/jakarta.activation-api/1.2.2/jakarta.activation-api-1.2.2.jar:/home/runner/.m2/repository/io/grpc/grpc-protobuf/1.58.0/grpc-protobuf-1.58.0.jar:/home/runner/.m2/repository/com/google/api/grpc/proto-google-common-protos/2.22.0/proto-google-common-protos-2.22.0.jar:/home/runner/.m2/repository/io/grpc/grpc-protobuf-lite/1.58.0/grpc-protobuf-lite-1.58.0.jar:/home/runner/.m2/repository/io/opentracing/opentracing-noop/0.33.0/opentracing-noop-0.33.0.jar:/home/runner/.m2/repository/io/opentracing/opentracing-util/0.33.0/opentracing-util-0.33.0.jar:/home/runner/work/ozone/ozone/hadoop-ozone/csi/target/ozone-csi-1.5.0-SNAPSHOT.jar:/home/runner/.m2/repository/com/google/protobuf/protobuf-java-util/3.19.6/protobuf-java-util-3.19.6.jar:/home/runner/.m2/repository/io/netty/netty-transport-classes-epoll/4.1.109.Final/netty-transport-classes-epoll-4.1.109.Final.jar:/home/runner/.m2/repository/io/netty/netty-transport-native-epoll/4.1.109.Final/netty-transport-native-epoll-4.1.109.Final-linux-x86_64.jar:/home/runner/.m2/repository/io/netty/netty-transport-native-unix-common/4.1.109.Final/netty-transport-native-unix-common-4.1.109.Final.jar:/home/runner/work/ozone/ozone/hadoop-ozone/recon/target/ozone-recon-1.5.0-SNAPSHOT.jar:/home/runner/work/ozone/ozone/hadoop-ozone/recon-codegen/target/ozone-reconcodegen-1.5.0-SNAPSHOT.jar:/home/runner/.m2/repository/aopalliance/aopalliance/1.0/aopalliance-1.0.jar:/home/runner/.m2/repository/com/google/inject/guice/6.0.0/guice-6.0.0.jar:/home/runner/.m2/repository/jakarta/inject/jakarta.inject-api/2.0.1/jakarta.inject-api-2.0.1.jar:/home/runner/.m2/repository/com/google/inject/extensions/guice-assistedinject/6.0.0/guice-assistedinject-6.0.0.jar:/home/runner/.m2/repository/com/google/inject/extensions/guice-servlet/6.0.0/guice-servlet-6.0.0.jar:/home/runner/.m2/repository/org/glassfish/jersey/containers/jersey-container-servlet/2.45/jersey-container-servlet-2.45.jar:/home/runner/.m2/repository/org/glassfish/hk2/guice-bridge/2.6.1/guice-bridge-2.6.1.jar:/home/runner/.m2/repository/org/glassfish/hk2/external/jakarta.inject/2.6.1/jakarta.inject-2.6.1.jar:/home/runner/.m2/repository/org/glassfish/jersey/media/jersey-media-json-jackson/2.45/jersey-media-json-jackson-2.45.jar:/home/runner/.m2/repository/org/glassfish/jersey/ext/jersey-entity-filtering/2.45/jersey-entity-filtering-2.45.jar:/home/runner/.m2/repository/org/jooq/jooq/3.11.10/jooq-3.11.10.jar:/home/runner/.m2/repository/org/jooq/jooq-meta/3.11.10/jooq-meta-3.11.10.jar:/home/runner/.m2/repository/org/jooq/jooq-codegen/3.11.10/jooq-codegen-3.11.10.jar:/home/runner/.m2/repository/com/jolbox/bonecp/0.8.0.RELEASE/bonecp-0.8.0.RELEASE.jar:/home/runner/.m2/repository/org/apache/derby/derby/10.14.2.0/derby-10.14.2.0.jar:/home/runner/.m2/repository/org/xerial/sqlite-jdbc/3.46.1.0/sqlite-jdbc-3.46.1.0.jar:/home/runner/.m2/repository/org/springframework/spring-core/5.3.39/spring-core-5.3.39.jar:/home/runner/.m2/repository/org/springframework/spring-jdbc/5.3.39/spring-jdbc-5.3.39.jar:/home/runner/.m2/repository/org/springframework/spring-beans/5.3.39/spring-beans-5.3.39.jar:/home/runner/.m2/repository/org/springframework/spring-tx/5.3.39/spring-tx-5.3.39.jar:/home/runner/.m2/repository/jakarta/validation/jakarta.validation-api/2.0.2/jakarta.validation-api-2.0.2.jar:/home/runner/.m2/repository/javax/inject/javax.inject/1/javax.inject-1.jar:/home/runner/work/ozone/ozone/hadoop-ozone/client/target/ozone-client-1.5.0-SNAPSHOT.jar:/home/runner/work/ozone/ozone/hadoop-hdds/erasurecode/target/hdds-erasurecode-1.5.0-SNAPSHOT.jar:/home/runner/work/ozone/ozone/hadoop-ozone/ozonefs/target/ozone-filesystem-1.5.0-SNAPSHOT.jar:/home/runner/work/ozone/ozone/hadoop-ozone/ozonefs-common/target/ozone-filesystem-common-1.5.0-SNAPSHOT.jar:/home/runner/work/ozone/ozone/hadoop-ozone/tools/target/ozone-tools-1.5.0-SNAPSHOT.jar:/home/runner/.m2/repository/org/apache/ratis/ratis-tools/3.1.0/ratis-tools-3.1.0.jar:/home/runner/.m2/repository/com/amazonaws/aws-java-sdk-core/1.12.661/aws-java-sdk-core-1.12.661.jar:/home/runner/.m2/repository/com/fasterxml/jackson/dataformat/jackson-dataformat-cbor/2.16.2/jackson-dataformat-cbor-2.16.2.jar:/home/runner/.m2/repository/joda-time/joda-time/2.12.7/joda-time-2.12.7.jar:/home/runner/.m2/repository/com/amazonaws/aws-java-sdk-s3/1.12.661/aws-java-sdk-s3-1.12.661.jar:/home/runner/.m2/repository/com/amazonaws/aws-java-sdk-kms/1.12.661/aws-java-sdk-kms-1.12.661.jar:/home/runner/.m2/repository/com/amazonaws/jmespath-java/1.12.661/jmespath-java-1.12.661.jar:/home/runner/.m2/repository/org/kohsuke/metainf-services/metainf-services/1.11/metainf-services-1.11.jar:/home/runner/work/ozone/ozone/hadoop-hdds/tools/target/hdds-tools-1.5.0-SNAPSHOT.jar:/home/runner/.m2/repository/commons-cli/commons-cli/1.8.0/commons-cli-1.8.0.jar:/home/runner/.m2/repository/org/apache/commons/commons-lang3/3.14.0/commons-lang3-3.14.0.jar:/home/runner/work/ozone/ozone/hadoop-ozone/ozone-manager/target/ozone-manager-1.5.0-SNAPSHOT-tests.jar:/home/runner/work/ozone/ozone/hadoop-hdds/common/target/hdds-common-1.5.0-SNAPSHOT-tests.jar:/home/runner/work/ozone/ozone/hadoop-hdds/hadoop-dependency-client/target/hdds-hadoop-dependency-client-1.5.0-SNAPSHOT.jar:/home/runner/work/ozone/ozone/hadoop-hdds/annotations/target/hdds-annotation-processing-1.5.0-SNAPSHOT.jar:/home/runner/.m2/repository/org/bouncycastle/bcutil-jdk18on/1.78.1/bcutil-jdk18on-1.78.1.jar:/home/runner/.m2/repository/io/jaegertracing/jaeger-client/1.8.1/jaeger-client-1.8.1.jar:/home/runner/.m2/repository/io/jaegertracing/jaeger-thrift/1.8.1/jaeger-thrift-1.8.1.jar:/home/runner/.m2/repository/org/apache/thrift/libthrift/0.15.0/libthrift-0.15.0.jar:/home/runner/.m2/repository/io/jaegertracing/jaeger-tracerresolver/1.8.1/jaeger-tracerresolver-1.8.1.jar:/home/runner/.m2/repository/io/opentracing/contrib/opentracing-tracerresolver/0.1.8/opentracing-tracerresolver-0.1.8.jar:/home/runner/.m2/repository/io/jaegertracing/jaeger-core/1.8.1/jaeger-core-1.8.1.jar:/home/runner/.m2/repository/org/jetbrains/kotlin/kotlin-stdlib/1.9.25/kotlin-stdlib-1.9.25.jar:/home/runner/.m2/repository/org/jetbrains/annotations/13.0/annotations-13.0.jar:/home/runner/.m2/repository/org/yaml/snakeyaml/2.0/snakeyaml-2.0.jar:/home/runner/.m2/repository/org/junit/platform/junit-platform-launcher/1.10.3/junit-platform-launcher-1.10.3.jar:/home/runner/.m2/repository/org/junit/platform/junit-platform-engine/1.10.3/junit-platform-engine-1.10.3.jar:/home/runner/.m2/repository/org/apiguardian/apiguardian-api/1.1.2/apiguardian-api-1.1.2.jar:/home/runner/.m2/repository/org/apache/hadoop/hadoop-kms/3.3.6/hadoop-kms-3.3.6.jar:/home/runner/.m2/repository/org/apache/hadoop/hadoop-auth/3.3.6/hadoop-auth-3.3.6.jar:/home/runner/.m2/repository/org/apache/zookeeper/zookeeper/3.8.4/zookeeper-3.8.4.jar:/home/runner/.m2/repository/org/apache/zookeeper/zookeeper-jute/3.8.4/zookeeper-jute-3.8.4.jar:/home/runner/.m2/repository/org/apache/yetus/audience-annotations/0.12.0/audience-annotations-0.12.0.jar:/home/runner/.m2/repository/org/apache/curator/curator-framework/4.2.0/curator-framework-4.2.0.jar:/home/runner/.m2/repository/org/apache/hadoop/thirdparty/hadoop-shaded-guava/1.2.0/hadoop-shaded-guava-1.2.0.jar:/home/runner/.m2/repository/com/sun/jersey/jersey-core/1.19.4/jersey-core-1.19.4.jar:/home/runner/.m2/repository/javax/ws/rs/jsr311-api/1.1.1/jsr311-api-1.1.1.jar:/home/runner/.m2/repository/com/sun/jersey/jersey-server/1.19.4/jersey-server-1.19.4.jar:/home/runner/.m2/repository/org/apache/hadoop/hadoop-common/3.3.6/hadoop-common-3.3.6.jar:/home/runner/.m2/repository/org/apache/commons/commons-math3/3.6.1/commons-math3-3.6.1.jar:/home/runner/.m2/repository/commons-net/commons-net/3.11.1/commons-net-3.11.1.jar:/home/runner/.m2/repository/com/sun/jersey/jersey-servlet/1.19.4/jersey-servlet-1.19.4.jar:/home/runner/.m2/repository/com/github/pjfanning/jersey-json/1.20/jersey-json-1.20.jar:/home/runner/.m2/repository/org/codehaus/jettison/jettison/1.1/jettison-1.1.jar:/home/runner/.m2/repository/com/sun/xml/bind/jaxb-impl/2.2.3-1/jaxb-impl-2.2.3-1.jar:/home/runner/.m2/repository/com/google/re2j/re2j/1.7/re2j-1.7.jar:/home/runner/.m2/repository/com/jcraft/jsch/0.1.55/jsch-0.1.55.jar:/home/runner/.m2/repository/org/apache/curator/curator-client/4.2.0/curator-client-4.2.0.jar:/home/runner/.m2/repository/org/apache/curator/curator-recipes/5.2.0/curator-recipes-5.2.0.jar:/home/runner/.m2/repository/com/google/code/findbugs/jsr305/3.0.2/jsr305-3.0.2.jar:/home/runner/.m2/repository/dnsjava/dnsjava/2.1.9/dnsjava-2.1.9.jar:/home/runner/.m2/repository/org/apache/hadoop/hadoop-kms/3.3.6/hadoop-kms-3.3.6-tests.jar:/home/runner/work/ozone/ozone/hadoop-hdds/server-scm/target/hdds-server-scm-1.5.0-SNAPSHOT-tests.jar:/home/runner/work/ozone/ozone/hadoop-hdds/container-service/target/hdds-container-service-1.5.0-SNAPSHOT-tests.jar:/home/runner/.m2/repository/com/github/luben/zstd-jni/1.5.6-4/zstd-jni-1.5.6-4.jar:/home/runner/.m2/repository/io/netty/netty-buffer/4.1.109.Final/netty-buffer-4.1.109.Final.jar:/home/runner/.m2/repository/io/netty/netty-codec/4.1.109.Final/netty-codec-4.1.109.Final.jar:/home/runner/work/ozone/ozone/hadoop-hdds/hadoop-dependency-test/target/hdds-hadoop-dependency-test-1.5.0-SNAPSHOT.jar:/home/runner/.m2/repository/org/apache/hadoop/hadoop-common/3.3.6/hadoop-common-3.3.6-tests.jar:/home/runner/.m2/repository/org/apache/hadoop/hadoop-hdfs/3.3.6/hadoop-hdfs-3.3.6-tests.jar:/home/runner/.m2/repository/org/junit/jupiter/junit-jupiter-engine/5.10.3/junit-jupiter-engine-5.10.3.jar:/home/runner/.m2/repository/org/junit/jupiter/junit-jupiter-params/5.10.3/junit-jupiter-params-5.10.3.jar:/home/runner/.m2/repository/org/mockito/mockito-core/4.11.0/mockito-core-4.11.0.jar:/home/runner/.m2/repository/net/bytebuddy/byte-buddy-agent/1.12.19/byte-buddy-agent-1.12.19.jar:/home/runner/.m2/repository/org/objenesis/objenesis/3.3/objenesis-3.3.jar:/home/runner/.m2/repository/org/mockito/mockito-inline/4.11.0/mockito-inline-4.11.0.jar:/home/runner/.m2/repository/org/mockito/mockito-junit-jupiter/4.11.0/mockito-junit-jupiter-4.11.0.jar:/home/runner/.m2/repository/org/apache/hadoop/hadoop-distcp/3.3.6/hadoop-distcp-3.3.6.jar:/home/runner/.m2/repository/org/apache/hadoop/hadoop-mapreduce-client-jobclient/3.3.6/hadoop-mapreduce-client-jobclient-3.3.6.jar:/home/runner/.m2/repository/org/apache/hadoop/hadoop-mapreduce-client-common/3.3.6/hadoop-mapreduce-client-common-3.3.6.jar:/home/runner/.m2/repository/org/apache/hadoop/hadoop-yarn-common/3.3.6/hadoop-yarn-common-3.3.6.jar:/home/runner/.m2/repository/org/apache/hadoop/hadoop-yarn-api/3.3.6/hadoop-yarn-api-3.3.6.jar:/home/runner/.m2/repository/javax/xml/bind/jaxb-api/2.2.11/jaxb-api-2.2.11.jar:/home/runner/.m2/repository/com/sun/jersey/contribs/jersey-guice/1.19.4/jersey-guice-1.19.4.jar:/home/runner/.m2/repository/com/fasterxml/jackson/jaxrs/jackson-jaxrs-json-provider/2.16.2/jackson-jaxrs-json-provider-2.16.2.jar:/home/runner/.m2/repository/com/fasterxml/jackson/jaxrs/jackson-jaxrs-base/2.16.2/jackson-jaxrs-base-2.16.2.jar:/home/runner/.m2/repository/org/apache/hadoop/hadoop-yarn-client/3.3.6/hadoop-yarn-client-3.3.6.jar:/home/runner/.m2/repository/org/eclipse/jetty/websocket/websocket-client/9.4.51.v20230217/websocket-client-9.4.51.v20230217.jar:/home/runner/.m2/repository/org/eclipse/jetty/websocket/websocket-common/9.4.51.v20230217/websocket-common-9.4.51.v20230217.jar:/home/runner/.m2/repository/org/eclipse/jetty/websocket/websocket-api/9.4.51.v20230217/websocket-api-9.4.51.v20230217.jar:/home/runner/.m2/repository/org/jline/jline/3.9.0/jline-3.9.0.jar:/home/runner/.m2/repository/org/apache/hadoop/hadoop-mapreduce-client-core/3.3.6/hadoop-mapreduce-client-core-3.3.6.jar:/home/runner/.m2/repository/org/apache/avro/avro/1.7.7/avro-1.7.7.jar:/home/runner/.m2/repository/com/thoughtworks/paranamer/paranamer/2.3/paranamer-2.3.jar:/home/runner/.m2/repository/org/apache/hadoop/hadoop-annotations/3.3.6/hadoop-annotations-3.3.6.jar:/home/runner/.m2/repository/io/netty/netty/3.10.6.Final/netty-3.10.6.Final.jar:/home/runner/.m2/repository/org/apache/hadoop/hadoop-distcp/3.3.6/hadoop-distcp-3.3.6-tests.jar:/home/runner/.m2/repository/org/apache/ratis/ratis-server/3.1.0/ratis-server-3.1.0.jar:/home/runner/.m2/repository/org/hamcrest/hamcrest/2.2/hamcrest-2.2.jar:/home/runner/.m2/repository/org/slf4j/jul-to-slf4j/2.0.16/jul-to-slf4j-2.0.16.jar:/home/runner/work/ozone/ozone/hadoop-ozone/integration-test/target/gradle-enterprise/test-listeners.jar:"/>
    <property name="java.vm.vendor" value="Eclipse Adoptium"/>
    <property name="sun.arch.data.model" value="64"/>
    <property name="test.build.dir" value="/home/runner/work/ozone/ozone/hadoop-ozone/integration-test/target/test-dir"/>
    <property name="test.cache.data" value=""/>
    <property name="java.vendor.url" value="https://adoptium.net/"/>
    <property name="user.timezone" value="Etc/UTC"/>
    <property name="maven-surefire-plugin.argLineAccessArgs" value=" --add-opens java.management/com.sun.jmx.mbeanserver=ALL-UNNAMED --add-exports java.management/com.sun.jmx.mbeanserver=ALL-UNNAMED --add-opens java.base/java.nio=ALL-UNNAMED --add-opens java.base/java.lang=ALL-UNNAMED --add-opens java.base/java.lang.reflect=ALL-UNNAMED"/>
    <property name="os.name" value="Linux"/>
    <property name="java.vm.specification.version" value="17"/>
    <property name="test.build.data" value="/home/runner/work/ozone/ozone/hadoop-ozone/integration-test/target/test-dir"/>
    <property name="sun.java.launcher" value="SUN_STANDARD"/>
    <property name="sun.boot.library.path" value="/usr/lib/jvm/temurin-17-jdk-amd64/lib"/>
    <property name="sun.java.command" value="/home/runner/work/ozone/ozone/hadoop-ozone/integration-test/target/surefire/surefirebooter3439824734444613631.jar /home/runner/work/ozone/ozone/hadoop-ozone/integration-test/target/surefire 2024-09-15T16-28-37_230-jvmRun1 surefire5520854002241504558tmp surefire_388655473951789924086tmp"/>
    <property name="jdk.debug" value="release"/>
    <property name="native.lib.tmp.dir" value="/tmp"/>
    <property name="surefire.test.class.path" value="/home/runner/work/ozone/ozone/hadoop-ozone/integration-test/target/test-classes:/home/runner/work/ozone/ozone/hadoop-ozone/integration-test/target/classes:/home/runner/work/ozone/ozone/hadoop-ozone/common/target/ozone-common-1.5.0-SNAPSHOT.jar:/home/runner/.m2/repository/io/grpc/grpc-netty/1.58.0/grpc-netty-1.58.0.jar:/home/runner/.m2/repository/io/grpc/grpc-core/1.58.0/grpc-core-1.58.0.jar:/home/runner/.m2/repository/com/google/android/annotations/4.1.1.4/annotations-4.1.1.4.jar:/home/runner/.m2/repository/org/codehaus/mojo/animal-sniffer-annotations/1.23/animal-sniffer-annotations-1.23.jar:/home/runner/.m2/repository/io/grpc/grpc-context/1.58.0/grpc-context-1.58.0.jar:/home/runner/.m2/repository/io/grpc/grpc-util/1.58.0/grpc-util-1.58.0.jar:/home/runner/.m2/repository/com/google/errorprone/error_prone_annotations/2.29.2/error_prone_annotations-2.29.2.jar:/home/runner/.m2/repository/io/perfmark/perfmark-api/0.26.0/perfmark-api-0.26.0.jar:/home/runner/.m2/repository/io/netty/netty-codec-http2/4.1.109.Final/netty-codec-http2-4.1.109.Final.jar:/home/runner/.m2/repository/io/netty/netty-codec-http/4.1.109.Final/netty-codec-http-4.1.109.Final.jar:/home/runner/.m2/repository/io/netty/netty-handler-proxy/4.1.109.Final/netty-handler-proxy-4.1.109.Final.jar:/home/runner/.m2/repository/io/netty/netty-codec-socks/4.1.109.Final/netty-codec-socks-4.1.109.Final.jar:/home/runner/.m2/repository/io/netty/netty-tcnative-boringssl-static/2.0.65.Final/netty-tcnative-boringssl-static-2.0.65.Final.jar:/home/runner/.m2/repository/io/netty/netty-tcnative-classes/2.0.65.Final/netty-tcnative-classes-2.0.65.Final.jar:/home/runner/.m2/repository/io/netty/netty-tcnative-boringssl-static/2.0.65.Final/netty-tcnative-boringssl-static-2.0.65.Final-linux-x86_64.jar:/home/runner/.m2/repository/io/netty/netty-tcnative-boringssl-static/2.0.65.Final/netty-tcnative-boringssl-static-2.0.65.Final-linux-aarch_64.jar:/home/runner/.m2/repository/io/netty/netty-tcnative-boringssl-static/2.0.65.Final/netty-tcnative-boringssl-static-2.0.65.Final-osx-x86_64.jar:/home/runner/.m2/repository/io/netty/netty-tcnative-boringssl-static/2.0.65.Final/netty-tcnative-boringssl-static-2.0.65.Final-osx-aarch_64.jar:/home/runner/.m2/repository/io/netty/netty-tcnative-boringssl-static/2.0.65.Final/netty-tcnative-boringssl-static-2.0.65.Final-windows-x86_64.jar:/home/runner/.m2/repository/org/apache/commons/commons-compress/1.27.1/commons-compress-1.27.1.jar:/home/runner/work/ozone/ozone/hadoop-hdds/common/target/hdds-common-1.5.0-SNAPSHOT.jar:/home/runner/work/ozone/ozone/hadoop-hdds/client/target/hdds-client-1.5.0-SNAPSHOT.jar:/home/runner/work/ozone/ozone/hadoop-hdds/config/target/hdds-config-1.5.0-SNAPSHOT.jar:/home/runner/work/ozone/ozone/hadoop-hdds/interface-client/target/hdds-interface-client-1.5.0-SNAPSHOT.jar:/home/runner/.m2/repository/org/apache/hadoop/thirdparty/hadoop-shaded-protobuf_3_7/1.1.1/hadoop-shaded-protobuf_3_7-1.1.1.jar:/home/runner/work/ozone/ozone/hadoop-ozone/interface-client/target/ozone-interface-client-1.5.0-SNAPSHOT.jar:/home/runner/.m2/repository/org/apache/hadoop/hadoop-hdfs-client/3.3.6/hadoop-hdfs-client-3.3.6.jar:/home/runner/.m2/repository/com/squareup/okhttp3/okhttp/4.12.0/okhttp-4.12.0.jar:/home/runner/.m2/repository/com/squareup/okio/okio/3.6.0/okio-3.6.0.jar:/home/runner/.m2/repository/com/squareup/okio/okio-jvm/3.6.0/okio-jvm-3.6.0.jar:/home/runner/.m2/repository/org/jetbrains/kotlin/kotlin-stdlib-jdk8/1.9.25/kotlin-stdlib-jdk8-1.9.25.jar:/home/runner/.m2/repository/org/jetbrains/kotlin/kotlin-stdlib-jdk7/1.9.25/kotlin-stdlib-jdk7-1.9.25.jar:/home/runner/.m2/repository/org/jetbrains/kotlin/kotlin-stdlib-common/1.9.25/kotlin-stdlib-common-1.9.25.jar:/home/runner/.m2/repository/org/apache/httpcomponents/httpclient/4.5.14/httpclient-4.5.14.jar:/home/runner/.m2/repository/org/apache/httpcomponents/httpcore/4.4.16/httpcore-4.4.16.jar:/home/runner/.m2/repository/org/apache/ratis/ratis-common/3.1.0/ratis-common-3.1.0.jar:/home/runner/.m2/repository/org/apache/ratis/ratis-proto/3.1.0/ratis-proto-3.1.0.jar:/home/runner/.m2/repository/org/apache/ratis/ratis-thirdparty-misc/1.0.6/ratis-thirdparty-misc-1.0.6.jar:/home/runner/.m2/repository/org/slf4j/slf4j-api/2.0.16/slf4j-api-2.0.16.jar:/home/runner/.m2/repository/com/fasterxml/jackson/core/jackson-annotations/2.16.2/jackson-annotations-2.16.2.jar:/home/runner/.m2/repository/com/fasterxml/jackson/core/jackson-databind/2.16.2/jackson-databind-2.16.2.jar:/home/runner/.m2/repository/com/github/stephenc/jcip/jcip-annotations/1.0-1/jcip-annotations-1.0-1.jar:/home/runner/.m2/repository/com/google/guava/guava/32.1.3-jre/guava-32.1.3-jre.jar:/home/runner/.m2/repository/com/google/guava/failureaccess/1.0.1/failureaccess-1.0.1.jar:/home/runner/.m2/repository/com/google/guava/listenablefuture/9999.0-empty-to-avoid-conflict-with-guava/listenablefuture-9999.0-empty-to-avoid-conflict-with-guava.jar:/home/runner/.m2/repository/org/checkerframework/checker-qual/3.37.0/checker-qual-3.37.0.jar:/home/runner/.m2/repository/com/google/j2objc/j2objc-annotations/2.8/j2objc-annotations-2.8.jar:/home/runner/.m2/repository/com/google/protobuf/protobuf-java/2.5.0/protobuf-java-2.5.0.jar:/home/runner/.m2/repository/io/grpc/grpc-api/1.58.0/grpc-api-1.58.0.jar:/home/runner/.m2/repository/io/grpc/grpc-stub/1.58.0/grpc-stub-1.58.0.jar:/home/runner/.m2/repository/io/netty/netty-common/4.1.109.Final/netty-common-4.1.109.Final.jar:/home/runner/.m2/repository/io/netty/netty-handler/4.1.109.Final/netty-handler-4.1.109.Final.jar:/home/runner/.m2/repository/io/netty/netty-resolver/4.1.109.Final/netty-resolver-4.1.109.Final.jar:/home/runner/.m2/repository/jakarta/annotation/jakarta.annotation-api/2.1.1/jakarta.annotation-api-2.1.1.jar:/home/runner/work/ozone/ozone/hadoop-hdds/test-utils/target/hdds-test-utils-1.5.0-SNAPSHOT.jar:/home/runner/.m2/repository/org/assertj/assertj-core/3.26.3/assertj-core-3.26.3.jar:/home/runner/.m2/repository/net/bytebuddy/byte-buddy/1.14.18/byte-buddy-1.14.18.jar:/home/runner/.m2/repository/commons-io/commons-io/2.16.1/commons-io-2.16.1.jar:/home/runner/.m2/repository/commons-logging/commons-logging/1.2/commons-logging-1.2.jar:/home/runner/.m2/repository/org/junit/jupiter/junit-jupiter-api/5.10.3/junit-jupiter-api-5.10.3.jar:/home/runner/.m2/repository/org/opentest4j/opentest4j/1.3.0/opentest4j-1.3.0.jar:/home/runner/.m2/repository/org/junit/platform/junit-platform-commons/1.10.3/junit-platform-commons-1.10.3.jar:/home/runner/.m2/repository/ch/qos/reload4j/reload4j/1.2.25/reload4j-1.2.25.jar:/home/runner/.m2/repository/org/apache/logging/log4j/log4j-api/2.24.0/log4j-api-2.24.0.jar:/home/runner/work/ozone/ozone/hadoop-hdds/server-scm/target/hdds-server-scm-1.5.0-SNAPSHOT.jar:/home/runner/work/ozone/ozone/hadoop-hdds/container-service/target/hdds-container-service-1.5.0-SNAPSHOT.jar:/home/runner/work/ozone/ozone/hadoop-hdds/hadoop-dependency-server/target/hdds-hadoop-dependency-server-1.5.0-SNAPSHOT.jar:/home/runner/.m2/repository/com/nimbusds/nimbus-jose-jwt/9.40/nimbus-jose-jwt-9.40.jar:/home/runner/.m2/repository/org/apache/hadoop/hadoop-hdfs/3.3.6/hadoop-hdfs-3.3.6.jar:/home/runner/.m2/repository/commons-daemon/commons-daemon/1.4.0/commons-daemon-1.4.0.jar:/home/runner/.m2/repository/org/apache/kerby/kerb-core/1.0.1/kerb-core-1.0.1.jar:/home/runner/.m2/repository/org/apache/kerby/kerby-pkix/1.0.1/kerby-pkix-1.0.1.jar:/home/runner/.m2/repository/org/apache/kerby/kerby-asn1/1.0.1/kerby-asn1-1.0.1.jar:/home/runner/.m2/repository/org/apache/kerby/kerb-util/1.0.1/kerb-util-1.0.1.jar:/home/runner/.m2/repository/org/apache/kerby/kerby-config/1.0.1/kerby-config-1.0.1.jar:/home/runner/.m2/repository/org/apache/kerby/kerb-crypto/1.0.1/kerb-crypto-1.0.1.jar:/home/runner/.m2/repository/org/xerial/snappy/snappy-java/1.1.10.6/snappy-java-1.1.10.6.jar:/home/runner/work/ozone/ozone/hadoop-hdds/interface-admin/target/hdds-interface-admin-1.5.0-SNAPSHOT.jar:/home/runner/work/ozone/ozone/hadoop-hdds/interface-server/target/hdds-interface-server-1.5.0-SNAPSHOT.jar:/home/runner/work/ozone/ozone/hadoop-hdds/framework/target/hdds-server-framework-1.5.0-SNAPSHOT.jar:/home/runner/.m2/repository/org/apache/ratis/ratis-client/3.1.0/ratis-client-3.1.0.jar:/home/runner/.m2/repository/org/apache/ratis/ratis-grpc/3.1.0/ratis-grpc-3.1.0.jar:/home/runner/.m2/repository/org/apache/ratis/ratis-netty/3.1.0/ratis-netty-3.1.0.jar:/home/runner/.m2/repository/org/apache/ratis/ratis-server-api/3.1.0/ratis-server-api-3.1.0.jar:/home/runner/.m2/repository/org/bouncycastle/bcpkix-jdk18on/1.78.1/bcpkix-jdk18on-1.78.1.jar:/home/runner/.m2/repository/org/bouncycastle/bcprov-jdk18on/1.78.1/bcprov-jdk18on-1.78.1.jar:/home/runner/.m2/repository/io/dropwizard/metrics/metrics-core/3.2.6/metrics-core-3.2.6.jar:/home/runner/.m2/repository/org/apache/commons/commons-text/1.12.0/commons-text-1.12.0.jar:/home/runner/.m2/repository/org/eclipse/jetty/jetty-webapp/9.4.56.v20240826/jetty-webapp-9.4.56.v20240826.jar:/home/runner/.m2/repository/org/eclipse/jetty/jetty-xml/9.4.56.v20240826/jetty-xml-9.4.56.v20240826.jar:/home/runner/.m2/repository/com/fasterxml/jackson/core/jackson-core/2.16.2/jackson-core-2.16.2.jar:/home/runner/.m2/repository/info/picocli/picocli/4.7.6/picocli-4.7.6.jar:/home/runner/.m2/repository/javax/servlet/javax.servlet-api/3.1.0/javax.servlet-api-3.1.0.jar:/home/runner/.m2/repository/commons-collections/commons-collections/3.2.2/commons-collections-3.2.2.jar:/home/runner/work/ozone/ozone/hadoop-hdds/framework/target/hdds-server-framework-1.5.0-SNAPSHOT-tests.jar:/home/runner/work/ozone/ozone/hadoop-hdds/managed-rocksdb/target/hdds-managed-rocksdb-1.5.0-SNAPSHOT.jar:/home/runner/.m2/repository/org/slf4j/slf4j-reload4j/2.0.16/slf4j-reload4j-2.0.16.jar:/home/runner/.m2/repository/org/apache/commons/commons-configuration2/2.10.1/commons-configuration2-2.10.1.jar:/home/runner/.m2/repository/commons-codec/commons-codec/1.17.0/commons-codec-1.17.0.jar:/home/runner/.m2/repository/commons-fileupload/commons-fileupload/1.5/commons-fileupload-1.5.jar:/home/runner/.m2/repository/commons-validator/commons-validator/1.6/commons-validator-1.6.jar:/home/runner/.m2/repository/commons-beanutils/commons-beanutils/1.9.4/commons-beanutils-1.9.4.jar:/home/runner/.m2/repository/commons-digester/commons-digester/1.8.1/commons-digester-1.8.1.jar:/home/runner/.m2/repository/org/apache/logging/log4j/log4j-core/2.24.0/log4j-core-2.24.0.jar:/home/runner/.m2/repository/com/lmax/disruptor/3.4.4/disruptor-3.4.4.jar:/home/runner/.m2/repository/org/eclipse/jetty/jetty-http/9.4.56.v20240826/jetty-http-9.4.56.v20240826.jar:/home/runner/.m2/repository/org/eclipse/jetty/jetty-io/9.4.56.v20240826/jetty-io-9.4.56.v20240826.jar:/home/runner/.m2/repository/org/eclipse/jetty/jetty-util/9.4.56.v20240826/jetty-util-9.4.56.v20240826.jar:/home/runner/.m2/repository/org/eclipse/jetty/jetty-server/9.4.56.v20240826/jetty-server-9.4.56.v20240826.jar:/home/runner/.m2/repository/org/eclipse/jetty/jetty-servlet/9.4.56.v20240826/jetty-servlet-9.4.56.v20240826.jar:/home/runner/.m2/repository/org/eclipse/jetty/jetty-security/9.4.56.v20240826/jetty-security-9.4.56.v20240826.jar:/home/runner/.m2/repository/org/eclipse/jetty/jetty-util-ajax/9.4.56.v20240826/jetty-util-ajax-9.4.56.v20240826.jar:/home/runner/.m2/repository/org/glassfish/jersey/core/jersey-server/2.45/jersey-server-2.45.jar:/home/runner/.m2/repository/org/glassfish/jersey/core/jersey-client/2.45/jersey-client-2.45.jar:/home/runner/.m2/repository/org/glassfish/jersey/containers/jersey-container-servlet-core/2.45/jersey-container-servlet-core-2.45.jar:/home/runner/.m2/repository/org/rocksdb/rocksdbjni/7.7.3/rocksdbjni-7.7.3.jar:/home/runner/.m2/repository/org/apache/ratis/ratis-metrics-api/3.1.0/ratis-metrics-api-3.1.0.jar:/home/runner/.m2/repository/org/apache/ratis/ratis-metrics-dropwizard3/3.1.0/ratis-metrics-dropwizard3-3.1.0.jar:/home/runner/.m2/repository/io/opentracing/opentracing-api/0.33.0/opentracing-api-0.33.0.jar:/home/runner/.m2/repository/io/prometheus/simpleclient/0.16.0/simpleclient-0.16.0.jar:/home/runner/.m2/repository/io/prometheus/simpleclient_dropwizard/0.16.0/simpleclient_dropwizard-0.16.0.jar:/home/runner/.m2/repository/io/prometheus/simpleclient_common/0.16.0/simpleclient_common-0.16.0.jar:/home/runner/.m2/repository/com/fasterxml/jackson/datatype/jackson-datatype-jsr310/2.16.2/jackson-datatype-jsr310-2.16.2.jar:/home/runner/.m2/repository/com/github/jnr/jnr-constants/0.10.4/jnr-constants-0.10.4.jar:/home/runner/.m2/repository/com/github/jnr/jnr-posix/3.1.19/jnr-posix-3.1.19.jar:/home/runner/.m2/repository/com/github/jnr/jnr-ffi/2.2.16/jnr-ffi-2.2.16.jar:/home/runner/.m2/repository/com/github/jnr/jffi/1.3.13/jffi-1.3.13.jar:/home/runner/.m2/repository/com/github/jnr/jffi/1.3.13/jffi-1.3.13-native.jar:/home/runner/.m2/repository/org/ow2/asm/asm/9.2/asm-9.2.jar:/home/runner/.m2/repository/org/ow2/asm/asm-commons/9.2/asm-commons-9.2.jar:/home/runner/.m2/repository/org/ow2/asm/asm-analysis/9.2/asm-analysis-9.2.jar:/home/runner/.m2/repository/org/ow2/asm/asm-tree/9.2/asm-tree-9.2.jar:/home/runner/.m2/repository/org/ow2/asm/asm-util/9.2/asm-util-9.2.jar:/home/runner/.m2/repository/com/github/jnr/jnr-a64asm/1.0.0/jnr-a64asm-1.0.0.jar:/home/runner/.m2/repository/com/github/jnr/jnr-x86asm/1.0.2/jnr-x86asm-1.0.2.jar:/home/runner/.m2/repository/com/google/code/gson/gson/2.10.1/gson-2.10.1.jar:/home/runner/work/ozone/ozone/hadoop-hdds/rocksdb-checkpoint-differ/target/rocksdb-checkpoint-differ-1.5.0-SNAPSHOT.jar:/home/runner/.m2/repository/org/jgrapht/jgrapht-core/1.4.0/jgrapht-core-1.4.0.jar:/home/runner/.m2/repository/org/jheaps/jheaps/0.11/jheaps-0.11.jar:/home/runner/.m2/repository/org/jgrapht/jgrapht-ext/1.4.0/jgrapht-ext-1.4.0.jar:/home/runner/.m2/repository/com/github/vlsi/mxgraph/jgraphx/3.9.12/jgraphx-3.9.12.jar:/home/runner/.m2/repository/jakarta/ws/rs/jakarta.ws.rs-api/2.1.6/jakarta.ws.rs-api-2.1.6.jar:/home/runner/work/ozone/ozone/hadoop-ozone/ozone-manager/target/ozone-manager-1.5.0-SNAPSHOT.jar:/home/runner/.m2/repository/org/aspectj/aspectjrt/1.9.7/aspectjrt-1.9.7.jar:/home/runner/.m2/repository/org/aspectj/aspectjweaver/1.9.7/aspectjweaver-1.9.7.jar:/home/runner/work/ozone/ozone/hadoop-ozone/interface-storage/target/ozone-interface-storage-1.5.0-SNAPSHOT.jar:/home/runner/.m2/repository/org/apache/kerby/kerby-util/1.0.1/kerby-util-1.0.1.jar:/home/runner/.m2/repository/io/netty/netty-transport/4.1.109.Final/netty-transport-4.1.109.Final.jar:/home/runner/.m2/repository/org/reflections/reflections/0.10.2/reflections-0.10.2.jar:/home/runner/.m2/repository/com/sun/jersey/jersey-client/1.19.4/jersey-client-1.19.4.jar:/home/runner/.m2/repository/jakarta/xml/bind/jakarta.xml.bind-api/2.3.3/jakarta.xml.bind-api-2.3.3.jar:/home/runner/.m2/repository/org/codehaus/jackson/jackson-core-asl/1.9.13/jackson-core-asl-1.9.13.jar:/home/runner/.m2/repository/org/codehaus/jackson/jackson-mapper-asl/1.9.13/jackson-mapper-asl-1.9.13.jar:/home/runner/.m2/repository/org/codehaus/jackson/jackson-jaxrs/1.9.13/jackson-jaxrs-1.9.13.jar:/home/runner/.m2/repository/org/apache/ranger/ranger-plugins-common/2.3.0/ranger-plugins-common-2.3.0.jar:/home/runner/.m2/repository/commons-lang/commons-lang/2.6/commons-lang-2.6.jar:/home/runner/.m2/repository/org/apache/ranger/ranger-plugins-cred/2.3.0/ranger-plugins-cred-2.3.0.jar:/home/runner/.m2/repository/org/apache/ranger/ranger-plugins-audit/2.3.0/ranger-plugins-audit-2.3.0.jar:/home/runner/.m2/repository/org/eclipse/jetty/jetty-client/9.4.56.v20240826/jetty-client-9.4.56.v20240826.jar:/home/runner/.m2/repository/org/apache/httpcomponents/httpmime/4.5.6/httpmime-4.5.6.jar:/home/runner/.m2/repository/org/apache/httpcomponents/httpcore-nio/4.4.16/httpcore-nio-4.4.16.jar:/home/runner/.m2/repository/org/apache/httpcomponents/httpasyncclient/4.1.3/httpasyncclient-4.1.3.jar:/home/runner/.m2/repository/com/carrotsearch/hppc/0.8.0/hppc-0.8.0.jar:/home/runner/.m2/repository/org/apache/orc/orc-core/1.5.8/orc-core-1.5.8.jar:/home/runner/.m2/repository/net/java/dev/jna/jna/5.2.0/jna-5.2.0.jar:/home/runner/.m2/repository/net/java/dev/jna/jna-platform/5.2.0/jna-platform-5.2.0.jar:/home/runner/.m2/repository/com/kstruct/gethostname4j/0.0.2/gethostname4j-0.0.2.jar:/home/runner/.m2/repository/org/apache/ranger/ranger-plugin-classloader/2.3.0/ranger-plugin-classloader-2.3.0.jar:/home/runner/.m2/repository/org/apache/ranger/ranger-intg/2.3.0/ranger-intg-2.3.0.jar:/home/runner/work/ozone/ozone/hadoop-hdds/rocks-native/target/hdds-rocks-native-1.5.0-SNAPSHOT.jar:/home/runner/.m2/repository/org/apache/hadoop/hadoop-minikdc/3.3.6/hadoop-minikdc-3.3.6.jar:/home/runner/.m2/repository/org/apache/kerby/kerb-simplekdc/1.0.1/kerb-simplekdc-1.0.1.jar:/home/runner/.m2/repository/org/apache/kerby/kerb-client/1.0.1/kerb-client-1.0.1.jar:/home/runner/.m2/repository/org/apache/kerby/kerb-common/1.0.1/kerb-common-1.0.1.jar:/home/runner/.m2/repository/org/apache/kerby/token-provider/1.0.1/token-provider-1.0.1.jar:/home/runner/.m2/repository/org/apache/kerby/kerb-admin/1.0.1/kerb-admin-1.0.1.jar:/home/runner/.m2/repository/org/apache/kerby/kerb-server/1.0.1/kerb-server-1.0.1.jar:/home/runner/.m2/repository/org/apache/kerby/kerb-identity/1.0.1/kerb-identity-1.0.1.jar:/home/runner/.m2/repository/org/apache/kerby/kerby-xdr/1.0.1/kerby-xdr-1.0.1.jar:/home/runner/.m2/repository/junit/junit/4.13.2/junit-4.13.2.jar:/home/runner/.m2/repository/org/hamcrest/hamcrest-core/1.3/hamcrest-core-1.3.jar:/home/runner/work/ozone/ozone/hadoop-ozone/s3gateway/target/ozone-s3gateway-1.5.0-SNAPSHOT.jar:/home/runner/.m2/repository/org/javassist/javassist/3.30.2-GA/javassist-3.30.2-GA.jar:/home/runner/.m2/repository/org/jboss/weld/servlet/weld-servlet-shaded/3.1.9.Final/weld-servlet-shaded-3.1.9.Final.jar:/home/runner/.m2/repository/org/glassfish/jersey/core/jersey-common/2.45/jersey-common-2.45.jar:/home/runner/.m2/repository/org/glassfish/hk2/osgi-resource-locator/1.0.3/osgi-resource-locator-1.0.3.jar:/home/runner/.m2/repository/org/glassfish/jersey/ext/cdi/jersey-cdi1x/2.45/jersey-cdi1x-2.45.jar:/home/runner/.m2/repository/org/glassfish/jersey/inject/jersey-hk2/2.45/jersey-hk2-2.45.jar:/home/runner/.m2/repository/org/glassfish/hk2/hk2-locator/2.6.1/hk2-locator-2.6.1.jar:/home/runner/.m2/repository/org/glassfish/jersey/media/jersey-media-jaxb/2.45/jersey-media-jaxb-2.45.jar:/home/runner/.m2/repository/org/glassfish/hk2/hk2-api/2.6.1/hk2-api-2.6.1.jar:/home/runner/.m2/repository/org/glassfish/hk2/hk2-utils/2.6.1/hk2-utils-2.6.1.jar:/home/runner/.m2/repository/org/glassfish/hk2/external/aopalliance-repackaged/2.6.1/aopalliance-repackaged-2.6.1.jar:/home/runner/.m2/repository/com/fasterxml/jackson/dataformat/jackson-dataformat-xml/2.16.2/jackson-dataformat-xml-2.16.2.jar:/home/runner/.m2/repository/org/codehaus/woodstox/stax2-api/4.2.2/stax2-api-4.2.2.jar:/home/runner/.m2/repository/com/fasterxml/woodstox/woodstox-core/5.4.0/woodstox-core-5.4.0.jar:/home/runner/.m2/repository/com/fasterxml/jackson/module/jackson-module-jaxb-annotations/2.16.2/jackson-module-jaxb-annotations-2.16.2.jar:/home/runner/.m2/repository/javax/annotation/javax.annotation-api/1.3.2/javax.annotation-api-1.3.2.jar:/home/runner/.m2/repository/javax/enterprise/cdi-api/2.0/cdi-api-2.0.jar:/home/runner/.m2/repository/javax/el/javax.el-api/3.0.0/javax.el-api-3.0.0.jar:/home/runner/.m2/repository/javax/interceptor/javax.interceptor-api/1.2/javax.interceptor-api-1.2.jar:/home/runner/.m2/repository/org/glassfish/jaxb/jaxb-runtime/2.3.9/jaxb-runtime-2.3.9.jar:/home/runner/.m2/repository/org/glassfish/jaxb/txw2/2.3.9/txw2-2.3.9.jar:/home/runner/.m2/repository/com/sun/istack/istack-commons-runtime/3.0.12/istack-commons-runtime-3.0.12.jar:/home/runner/.m2/repository/com/sun/activation/jakarta.activation/1.2.2/jakarta.activation-1.2.2.jar:/home/runner/.m2/repository/jakarta/activation/jakarta.activation-api/1.2.2/jakarta.activation-api-1.2.2.jar:/home/runner/.m2/repository/io/grpc/grpc-protobuf/1.58.0/grpc-protobuf-1.58.0.jar:/home/runner/.m2/repository/com/google/api/grpc/proto-google-common-protos/2.22.0/proto-google-common-protos-2.22.0.jar:/home/runner/.m2/repository/io/grpc/grpc-protobuf-lite/1.58.0/grpc-protobuf-lite-1.58.0.jar:/home/runner/.m2/repository/io/opentracing/opentracing-noop/0.33.0/opentracing-noop-0.33.0.jar:/home/runner/.m2/repository/io/opentracing/opentracing-util/0.33.0/opentracing-util-0.33.0.jar:/home/runner/work/ozone/ozone/hadoop-ozone/csi/target/ozone-csi-1.5.0-SNAPSHOT.jar:/home/runner/.m2/repository/com/google/protobuf/protobuf-java-util/3.19.6/protobuf-java-util-3.19.6.jar:/home/runner/.m2/repository/io/netty/netty-transport-classes-epoll/4.1.109.Final/netty-transport-classes-epoll-4.1.109.Final.jar:/home/runner/.m2/repository/io/netty/netty-transport-native-epoll/4.1.109.Final/netty-transport-native-epoll-4.1.109.Final-linux-x86_64.jar:/home/runner/.m2/repository/io/netty/netty-transport-native-unix-common/4.1.109.Final/netty-transport-native-unix-common-4.1.109.Final.jar:/home/runner/work/ozone/ozone/hadoop-ozone/recon/target/ozone-recon-1.5.0-SNAPSHOT.jar:/home/runner/work/ozone/ozone/hadoop-ozone/recon-codegen/target/ozone-reconcodegen-1.5.0-SNAPSHOT.jar:/home/runner/.m2/repository/aopalliance/aopalliance/1.0/aopalliance-1.0.jar:/home/runner/.m2/repository/com/google/inject/guice/6.0.0/guice-6.0.0.jar:/home/runner/.m2/repository/jakarta/inject/jakarta.inject-api/2.0.1/jakarta.inject-api-2.0.1.jar:/home/runner/.m2/repository/com/google/inject/extensions/guice-assistedinject/6.0.0/guice-assistedinject-6.0.0.jar:/home/runner/.m2/repository/com/google/inject/extensions/guice-servlet/6.0.0/guice-servlet-6.0.0.jar:/home/runner/.m2/repository/org/glassfish/jersey/containers/jersey-container-servlet/2.45/jersey-container-servlet-2.45.jar:/home/runner/.m2/repository/org/glassfish/hk2/guice-bridge/2.6.1/guice-bridge-2.6.1.jar:/home/runner/.m2/repository/org/glassfish/hk2/external/jakarta.inject/2.6.1/jakarta.inject-2.6.1.jar:/home/runner/.m2/repository/org/glassfish/jersey/media/jersey-media-json-jackson/2.45/jersey-media-json-jackson-2.45.jar:/home/runner/.m2/repository/org/glassfish/jersey/ext/jersey-entity-filtering/2.45/jersey-entity-filtering-2.45.jar:/home/runner/.m2/repository/org/jooq/jooq/3.11.10/jooq-3.11.10.jar:/home/runner/.m2/repository/org/jooq/jooq-meta/3.11.10/jooq-meta-3.11.10.jar:/home/runner/.m2/repository/org/jooq/jooq-codegen/3.11.10/jooq-codegen-3.11.10.jar:/home/runner/.m2/repository/com/jolbox/bonecp/0.8.0.RELEASE/bonecp-0.8.0.RELEASE.jar:/home/runner/.m2/repository/org/apache/derby/derby/10.14.2.0/derby-10.14.2.0.jar:/home/runner/.m2/repository/org/xerial/sqlite-jdbc/3.46.1.0/sqlite-jdbc-3.46.1.0.jar:/home/runner/.m2/repository/org/springframework/spring-core/5.3.39/spring-core-5.3.39.jar:/home/runner/.m2/repository/org/springframework/spring-jdbc/5.3.39/spring-jdbc-5.3.39.jar:/home/runner/.m2/repository/org/springframework/spring-beans/5.3.39/spring-beans-5.3.39.jar:/home/runner/.m2/repository/org/springframework/spring-tx/5.3.39/spring-tx-5.3.39.jar:/home/runner/.m2/repository/jakarta/validation/jakarta.validation-api/2.0.2/jakarta.validation-api-2.0.2.jar:/home/runner/.m2/repository/javax/inject/javax.inject/1/javax.inject-1.jar:/home/runner/work/ozone/ozone/hadoop-ozone/client/target/ozone-client-1.5.0-SNAPSHOT.jar:/home/runner/work/ozone/ozone/hadoop-hdds/erasurecode/target/hdds-erasurecode-1.5.0-SNAPSHOT.jar:/home/runner/work/ozone/ozone/hadoop-ozone/ozonefs/target/ozone-filesystem-1.5.0-SNAPSHOT.jar:/home/runner/work/ozone/ozone/hadoop-ozone/ozonefs-common/target/ozone-filesystem-common-1.5.0-SNAPSHOT.jar:/home/runner/work/ozone/ozone/hadoop-ozone/tools/target/ozone-tools-1.5.0-SNAPSHOT.jar:/home/runner/.m2/repository/org/apache/ratis/ratis-tools/3.1.0/ratis-tools-3.1.0.jar:/home/runner/.m2/repository/com/amazonaws/aws-java-sdk-core/1.12.661/aws-java-sdk-core-1.12.661.jar:/home/runner/.m2/repository/com/fasterxml/jackson/dataformat/jackson-dataformat-cbor/2.16.2/jackson-dataformat-cbor-2.16.2.jar:/home/runner/.m2/repository/joda-time/joda-time/2.12.7/joda-time-2.12.7.jar:/home/runner/.m2/repository/com/amazonaws/aws-java-sdk-s3/1.12.661/aws-java-sdk-s3-1.12.661.jar:/home/runner/.m2/repository/com/amazonaws/aws-java-sdk-kms/1.12.661/aws-java-sdk-kms-1.12.661.jar:/home/runner/.m2/repository/com/amazonaws/jmespath-java/1.12.661/jmespath-java-1.12.661.jar:/home/runner/.m2/repository/org/kohsuke/metainf-services/metainf-services/1.11/metainf-services-1.11.jar:/home/runner/work/ozone/ozone/hadoop-hdds/tools/target/hdds-tools-1.5.0-SNAPSHOT.jar:/home/runner/.m2/repository/commons-cli/commons-cli/1.8.0/commons-cli-1.8.0.jar:/home/runner/.m2/repository/org/apache/commons/commons-lang3/3.14.0/commons-lang3-3.14.0.jar:/home/runner/work/ozone/ozone/hadoop-ozone/ozone-manager/target/ozone-manager-1.5.0-SNAPSHOT-tests.jar:/home/runner/work/ozone/ozone/hadoop-hdds/common/target/hdds-common-1.5.0-SNAPSHOT-tests.jar:/home/runner/work/ozone/ozone/hadoop-hdds/hadoop-dependency-client/target/hdds-hadoop-dependency-client-1.5.0-SNAPSHOT.jar:/home/runner/work/ozone/ozone/hadoop-hdds/annotations/target/hdds-annotation-processing-1.5.0-SNAPSHOT.jar:/home/runner/.m2/repository/org/bouncycastle/bcutil-jdk18on/1.78.1/bcutil-jdk18on-1.78.1.jar:/home/runner/.m2/repository/io/jaegertracing/jaeger-client/1.8.1/jaeger-client-1.8.1.jar:/home/runner/.m2/repository/io/jaegertracing/jaeger-thrift/1.8.1/jaeger-thrift-1.8.1.jar:/home/runner/.m2/repository/org/apache/thrift/libthrift/0.15.0/libthrift-0.15.0.jar:/home/runner/.m2/repository/io/jaegertracing/jaeger-tracerresolver/1.8.1/jaeger-tracerresolver-1.8.1.jar:/home/runner/.m2/repository/io/opentracing/contrib/opentracing-tracerresolver/0.1.8/opentracing-tracerresolver-0.1.8.jar:/home/runner/.m2/repository/io/jaegertracing/jaeger-core/1.8.1/jaeger-core-1.8.1.jar:/home/runner/.m2/repository/org/jetbrains/kotlin/kotlin-stdlib/1.9.25/kotlin-stdlib-1.9.25.jar:/home/runner/.m2/repository/org/jetbrains/annotations/13.0/annotations-13.0.jar:/home/runner/.m2/repository/org/yaml/snakeyaml/2.0/snakeyaml-2.0.jar:/home/runner/.m2/repository/org/junit/platform/junit-platform-launcher/1.10.3/junit-platform-launcher-1.10.3.jar:/home/runner/.m2/repository/org/junit/platform/junit-platform-engine/1.10.3/junit-platform-engine-1.10.3.jar:/home/runner/.m2/repository/org/apiguardian/apiguardian-api/1.1.2/apiguardian-api-1.1.2.jar:/home/runner/.m2/repository/org/apache/hadoop/hadoop-kms/3.3.6/hadoop-kms-3.3.6.jar:/home/runner/.m2/repository/org/apache/hadoop/hadoop-auth/3.3.6/hadoop-auth-3.3.6.jar:/home/runner/.m2/repository/org/apache/zookeeper/zookeeper/3.8.4/zookeeper-3.8.4.jar:/home/runner/.m2/repository/org/apache/zookeeper/zookeeper-jute/3.8.4/zookeeper-jute-3.8.4.jar:/home/runner/.m2/repository/org/apache/yetus/audience-annotations/0.12.0/audience-annotations-0.12.0.jar:/home/runner/.m2/repository/org/apache/curator/curator-framework/4.2.0/curator-framework-4.2.0.jar:/home/runner/.m2/repository/org/apache/hadoop/thirdparty/hadoop-shaded-guava/1.2.0/hadoop-shaded-guava-1.2.0.jar:/home/runner/.m2/repository/com/sun/jersey/jersey-core/1.19.4/jersey-core-1.19.4.jar:/home/runner/.m2/repository/javax/ws/rs/jsr311-api/1.1.1/jsr311-api-1.1.1.jar:/home/runner/.m2/repository/com/sun/jersey/jersey-server/1.19.4/jersey-server-1.19.4.jar:/home/runner/.m2/repository/org/apache/hadoop/hadoop-common/3.3.6/hadoop-common-3.3.6.jar:/home/runner/.m2/repository/org/apache/commons/commons-math3/3.6.1/commons-math3-3.6.1.jar:/home/runner/.m2/repository/commons-net/commons-net/3.11.1/commons-net-3.11.1.jar:/home/runner/.m2/repository/com/sun/jersey/jersey-servlet/1.19.4/jersey-servlet-1.19.4.jar:/home/runner/.m2/repository/com/github/pjfanning/jersey-json/1.20/jersey-json-1.20.jar:/home/runner/.m2/repository/org/codehaus/jettison/jettison/1.1/jettison-1.1.jar:/home/runner/.m2/repository/com/sun/xml/bind/jaxb-impl/2.2.3-1/jaxb-impl-2.2.3-1.jar:/home/runner/.m2/repository/com/google/re2j/re2j/1.7/re2j-1.7.jar:/home/runner/.m2/repository/com/jcraft/jsch/0.1.55/jsch-0.1.55.jar:/home/runner/.m2/repository/org/apache/curator/curator-client/4.2.0/curator-client-4.2.0.jar:/home/runner/.m2/repository/org/apache/curator/curator-recipes/5.2.0/curator-recipes-5.2.0.jar:/home/runner/.m2/repository/com/google/code/findbugs/jsr305/3.0.2/jsr305-3.0.2.jar:/home/runner/.m2/repository/dnsjava/dnsjava/2.1.9/dnsjava-2.1.9.jar:/home/runner/.m2/repository/org/apache/hadoop/hadoop-kms/3.3.6/hadoop-kms-3.3.6-tests.jar:/home/runner/work/ozone/ozone/hadoop-hdds/server-scm/target/hdds-server-scm-1.5.0-SNAPSHOT-tests.jar:/home/runner/work/ozone/ozone/hadoop-hdds/container-service/target/hdds-container-service-1.5.0-SNAPSHOT-tests.jar:/home/runner/.m2/repository/com/github/luben/zstd-jni/1.5.6-4/zstd-jni-1.5.6-4.jar:/home/runner/.m2/repository/io/netty/netty-buffer/4.1.109.Final/netty-buffer-4.1.109.Final.jar:/home/runner/.m2/repository/io/netty/netty-codec/4.1.109.Final/netty-codec-4.1.109.Final.jar:/home/runner/work/ozone/ozone/hadoop-hdds/hadoop-dependency-test/target/hdds-hadoop-dependency-test-1.5.0-SNAPSHOT.jar:/home/runner/.m2/repository/org/apache/hadoop/hadoop-common/3.3.6/hadoop-common-3.3.6-tests.jar:/home/runner/.m2/repository/org/apache/hadoop/hadoop-hdfs/3.3.6/hadoop-hdfs-3.3.6-tests.jar:/home/runner/.m2/repository/org/junit/jupiter/junit-jupiter-engine/5.10.3/junit-jupiter-engine-5.10.3.jar:/home/runner/.m2/repository/org/junit/jupiter/junit-jupiter-params/5.10.3/junit-jupiter-params-5.10.3.jar:/home/runner/.m2/repository/org/mockito/mockito-core/4.11.0/mockito-core-4.11.0.jar:/home/runner/.m2/repository/net/bytebuddy/byte-buddy-agent/1.12.19/byte-buddy-agent-1.12.19.jar:/home/runner/.m2/repository/org/objenesis/objenesis/3.3/objenesis-3.3.jar:/home/runner/.m2/repository/org/mockito/mockito-inline/4.11.0/mockito-inline-4.11.0.jar:/home/runner/.m2/repository/org/mockito/mockito-junit-jupiter/4.11.0/mockito-junit-jupiter-4.11.0.jar:/home/runner/.m2/repository/org/apache/hadoop/hadoop-distcp/3.3.6/hadoop-distcp-3.3.6.jar:/home/runner/.m2/repository/org/apache/hadoop/hadoop-mapreduce-client-jobclient/3.3.6/hadoop-mapreduce-client-jobclient-3.3.6.jar:/home/runner/.m2/repository/org/apache/hadoop/hadoop-mapreduce-client-common/3.3.6/hadoop-mapreduce-client-common-3.3.6.jar:/home/runner/.m2/repository/org/apache/hadoop/hadoop-yarn-common/3.3.6/hadoop-yarn-common-3.3.6.jar:/home/runner/.m2/repository/org/apache/hadoop/hadoop-yarn-api/3.3.6/hadoop-yarn-api-3.3.6.jar:/home/runner/.m2/repository/javax/xml/bind/jaxb-api/2.2.11/jaxb-api-2.2.11.jar:/home/runner/.m2/repository/com/sun/jersey/contribs/jersey-guice/1.19.4/jersey-guice-1.19.4.jar:/home/runner/.m2/repository/com/fasterxml/jackson/jaxrs/jackson-jaxrs-json-provider/2.16.2/jackson-jaxrs-json-provider-2.16.2.jar:/home/runner/.m2/repository/com/fasterxml/jackson/jaxrs/jackson-jaxrs-base/2.16.2/jackson-jaxrs-base-2.16.2.jar:/home/runner/.m2/repository/org/apache/hadoop/hadoop-yarn-client/3.3.6/hadoop-yarn-client-3.3.6.jar:/home/runner/.m2/repository/org/eclipse/jetty/websocket/websocket-client/9.4.51.v20230217/websocket-client-9.4.51.v20230217.jar:/home/runner/.m2/repository/org/eclipse/jetty/websocket/websocket-common/9.4.51.v20230217/websocket-common-9.4.51.v20230217.jar:/home/runner/.m2/repository/org/eclipse/jetty/websocket/websocket-api/9.4.51.v20230217/websocket-api-9.4.51.v20230217.jar:/home/runner/.m2/repository/org/jline/jline/3.9.0/jline-3.9.0.jar:/home/runner/.m2/repository/org/apache/hadoop/hadoop-mapreduce-client-core/3.3.6/hadoop-mapreduce-client-core-3.3.6.jar:/home/runner/.m2/repository/org/apache/avro/avro/1.7.7/avro-1.7.7.jar:/home/runner/.m2/repository/com/thoughtworks/paranamer/paranamer/2.3/paranamer-2.3.jar:/home/runner/.m2/repository/org/apache/hadoop/hadoop-annotations/3.3.6/hadoop-annotations-3.3.6.jar:/home/runner/.m2/repository/io/netty/netty/3.10.6.Final/netty-3.10.6.Final.jar:/home/runner/.m2/repository/org/apache/hadoop/hadoop-distcp/3.3.6/hadoop-distcp-3.3.6-tests.jar:/home/runner/.m2/repository/org/apache/ratis/ratis-server/3.1.0/ratis-server-3.1.0.jar:/home/runner/.m2/repository/org/hamcrest/hamcrest/2.2/hamcrest-2.2.jar:/home/runner/.m2/repository/org/slf4j/jul-to-slf4j/2.0.16/jul-to-slf4j-2.0.16.jar:/home/runner/work/ozone/ozone/hadoop-ozone/integration-test/target/gradle-enterprise/test-listeners.jar:"/>
    <property name="sun.cpu.endian" value="little"/>
    <property name="user.home" value="/home/runner"/>
    <property name="user.language" value="en"/>
    <property name="java.specification.vendor" value="Oracle Corporation"/>
    <property name="java.version.date" value="2024-07-16"/>
    <property name="java.home" value="/usr/lib/jvm/temurin-17-jdk-amd64"/>
    <property name="java.security.krb5.conf" value="/home/runner/work/ozone/ozone/hadoop-ozone/integration-test/target/test-classes/krb5.conf"/>
    <property name="file.separator" value="/"/>
    <property name="basedir" value="/home/runner/work/ozone/ozone/hadoop-ozone/integration-test"/>
    <property name="java.vm.compressedOopsMode" value="Zero based"/>
    <property name="line.separator" value="&#10;"/>
    <property name="java.vm.specification.vendor" value="Oracle Corporation"/>
    <property name="java.specification.name" value="Java Platform API Specification"/>
    <property name="skip.installnpx" value="true"/>
    <property name="surefire.real.class.path" value="/home/runner/work/ozone/ozone/hadoop-ozone/integration-test/target/surefire/surefirebooter3439824734444613631.jar"/>
    <property name="hadoop.log.dir" value="/home/runner/work/ozone/ozone/hadoop-ozone/integration-test/target/log"/>
    <property name="sun.management.compiler" value="HotSpot 64-Bit Tiered Compilers"/>
    <property name="java.runtime.version" value="17.0.12+7"/>
    <property name="skip.npx" value="true"/>
    <property name="user.name" value="runner"/>
    <property name="java.net.preferIPv4Stack" value="true"/>
    <property name="path.separator" value=":"/>
    <property name="java.security.egd" value="file:///dev/urandom"/>
    <property name="os.version" value="5.15.0-1071-azure"/>
    <property name="java.runtime.name" value="OpenJDK Runtime Environment"/>
    <property name="com.gradle.maven.scan.extension.test.listener.junitplatform.NestedExecutionSafeDelegatingTestExecutionListener" value="57d7f8ca"/>
    <property name="file.encoding" value="UTF-8"/>
    <property name="java.vm.name" value="OpenJDK 64-Bit Server VM"/>
    <property name="java.vendor.version" value="Temurin-17.0.12+7"/>
    <property name="test.build.webapps" value=""/>
    <property name="develocity.listener.surefire.forkId" value="1"/>
    <property name="localRepository" value="/home/runner/.m2/repository"/>
    <property name="java.vendor.url.bug" value="https://github.com/adoptium/adoptium-support/issues"/>
    <property name="jetty.git.hash" value="ec6782ff5ead824dabdcf47fa98f90a4aedff401"/>
    <property name="java.io.tmpdir" value="/tmp"/>
    <property name="require.test.libhadoop" value=""/>
    <property name="java.version" value="17.0.12"/>
    <property name="user.dir" value="/home/runner/work/ozone/ozone/hadoop-ozone/integration-test"/>
    <property name="os.arch" value="amd64"/>
    <property name="java.vm.specification.name" value="Java Virtual Machine Specification"/>
    <property name="test.build.classes" value="/home/runner/work/ozone/ozone/hadoop-ozone/integration-test/target/test-classes"/>
    <property name="org.apache.ratis.thirdparty.io.netty.allocator.useCacheForAllThreads" value="false"/>
    <property name="native.encoding" value="UTF-8"/>
    <property name="hadoop.tmp.dir" value="/home/runner/work/ozone/ozone/hadoop-ozone/integration-test/target/tmp"/>
    <property name="java.library.path" value="/usr/java/packages/lib:/usr/lib64:/lib64:/lib:/usr/lib"/>
    <property name="java.vm.info" value="mixed mode, sharing"/>
    <property name="java.vendor" value="Eclipse Adoptium"/>
    <property name="java.vm.version" value="17.0.12+7"/>
    <property name="sun.io.unicode.encoding" value="UnicodeLittle"/>
    <property name="develocity.listener.port" value="42641"/>
    <property name="java.class.version" value="61.0"/>
  </properties>
  <testcase name="test2DatanodesFailure(boolean, boolean)[1]" classname="org.apache.hadoop.ozone.client.rpc.TestBlockOutputStreamWithFailures" time="50.081"/>
  <testcase name="test2DatanodesFailure(boolean, boolean)[2]" classname="org.apache.hadoop.ozone.client.rpc.TestBlockOutputStreamWithFailures" time="45.583"/>
  <testcase name="test2DatanodesFailure(boolean, boolean)[3]" classname="org.apache.hadoop.ozone.client.rpc.TestBlockOutputStreamWithFailures" time="65.44"/>
  <testcase name="test2DatanodesFailure(boolean, boolean)[4]" classname="org.apache.hadoop.ozone.client.rpc.TestBlockOutputStreamWithFailures" time="31.23">
    <error type="java.io.IOException"><![CDATA[java.io.IOException: java.io.IOException: INTERNAL_ERROR org.apache.hadoop.ozone.om.exceptions.OMException: Unable to allocate a container to the block of size: 800, replicationConfig: RATIS/THREE. The input pipeline IDs f33a251a-9fc2-4987-bb9b-b6da234a1059 cannot be found
	at org.apache.hadoop.ozone.client.io.KeyOutputStream.handleWrite(KeyOutputStream.java:293)
	at org.apache.hadoop.ozone.client.io.KeyOutputStream.lambda$write$1(KeyOutputStream.java:249)
	at org.apache.hadoop.ozone.client.io.KeyOutputStream.doInWriteLock(KeyOutputStream.java:260)
	at org.apache.hadoop.ozone.client.io.KeyOutputStream.write(KeyOutputStream.java:248)
	at org.apache.hadoop.ozone.client.io.OzoneOutputStream.write(OzoneOutputStream.java:94)
	at java.base/java.io.OutputStream.write(OutputStream.java:127)
	at org.apache.hadoop.ozone.client.rpc.TestBlockOutputStreamWithFailures.test2DatanodesFailure(TestBlockOutputStreamWithFailures.java:339)
	at java.base/java.lang.reflect.Method.invoke(Method.java:569)
	at java.base/java.util.stream.ForEachOps$ForEachOp$OfRef.accept(ForEachOps.java:183)
	at java.base/java.util.stream.ReferencePipeline$3$1.accept(ReferencePipeline.java:197)
	at java.base/java.util.stream.ReferencePipeline$2$1.accept(ReferencePipeline.java:179)
	at java.base/java.util.stream.ReferencePipeline$3$1.accept(ReferencePipeline.java:197)
	at java.base/java.util.stream.ForEachOps$ForEachOp$OfRef.accept(ForEachOps.java:183)
	at java.base/java.util.stream.ReferencePipeline$3$1.accept(ReferencePipeline.java:197)
	at java.base/java.util.stream.ReferencePipeline$3$1.accept(ReferencePipeline.java:197)
	at java.base/java.util.stream.ReferencePipeline$3$1.accept(ReferencePipeline.java:197)
	at java.base/java.util.stream.ForEachOps$ForEachOp$OfRef.accept(ForEachOps.java:183)
	at java.base/java.util.stream.ReferencePipeline$3$1.accept(ReferencePipeline.java:197)
	at java.base/java.util.Spliterators$ArraySpliterator.forEachRemaining(Spliterators.java:992)
	at java.base/java.util.stream.ReferencePipeline$Head.forEach(ReferencePipeline.java:762)
	at java.base/java.util.stream.ReferencePipeline$7$1.accept(ReferencePipeline.java:276)
	at java.base/java.util.stream.ReferencePipeline$3$1.accept(ReferencePipeline.java:197)
	at java.base/java.util.stream.ReferencePipeline$3$1.accept(ReferencePipeline.java:197)
	at java.base/java.util.stream.ReferencePipeline$3$1.accept(ReferencePipeline.java:197)
	at java.base/java.util.Spliterators$ArraySpliterator.forEachRemaining(Spliterators.java:992)
	at java.base/java.util.stream.AbstractPipeline.copyInto(AbstractPipeline.java:509)
	at java.base/java.util.stream.AbstractPipeline.wrapAndCopyInto(AbstractPipeline.java:499)
	at java.base/java.util.stream.ForEachOps$ForEachOp.evaluateSequential(ForEachOps.java:150)
	at java.base/java.util.stream.ForEachOps$ForEachOp$OfRef.evaluateSequential(ForEachOps.java:173)
	at java.base/java.util.stream.AbstractPipeline.evaluate(AbstractPipeline.java:234)
	at java.base/java.util.stream.ReferencePipeline.forEach(ReferencePipeline.java:596)
	at java.base/java.util.stream.ReferencePipeline$7$1.accept(ReferencePipeline.java:276)
	at java.base/java.util.stream.ReferencePipeline$3$1.accept(ReferencePipeline.java:197)
	at java.base/java.util.stream.ReferencePipeline$3$1.accept(ReferencePipeline.java:197)
	at java.base/java.util.stream.ReferencePipeline$3$1.accept(ReferencePipeline.java:197)
	at java.base/java.util.ArrayList$ArrayListSpliterator.forEachRemaining(ArrayList.java:1625)
	at java.base/java.util.stream.AbstractPipeline.copyInto(AbstractPipeline.java:509)
	at java.base/java.util.stream.AbstractPipeline.wrapAndCopyInto(AbstractPipeline.java:499)
	at java.base/java.util.stream.ForEachOps$ForEachOp.evaluateSequential(ForEachOps.java:150)
	at java.base/java.util.stream.ForEachOps$ForEachOp$OfRef.evaluateSequential(ForEachOps.java:173)
	at java.base/java.util.stream.AbstractPipeline.evaluate(AbstractPipeline.java:234)
	at java.base/java.util.stream.ReferencePipeline.forEach(ReferencePipeline.java:596)
	at java.base/java.util.stream.ReferencePipeline$7$1.accept(ReferencePipeline.java:276)
	at java.base/java.util.ArrayList$ArrayListSpliterator.forEachRemaining(ArrayList.java:1625)
	at java.base/java.util.stream.AbstractPipeline.copyInto(AbstractPipeline.java:509)
	at java.base/java.util.stream.AbstractPipeline.wrapAndCopyInto(AbstractPipeline.java:499)
	at java.base/java.util.stream.ForEachOps$ForEachOp.evaluateSequential(ForEachOps.java:150)
	at java.base/java.util.stream.ForEachOps$ForEachOp$OfRef.evaluateSequential(ForEachOps.java:173)
	at java.base/java.util.stream.AbstractPipeline.evaluate(AbstractPipeline.java:234)
	at java.base/java.util.stream.ReferencePipeline.forEach(ReferencePipeline.java:596)
	at java.base/java.util.ArrayList.forEach(ArrayList.java:1511)
	at java.base/java.util.ArrayList.forEach(ArrayList.java:1511)
Caused by: java.io.IOException: INTERNAL_ERROR org.apache.hadoop.ozone.om.exceptions.OMException: Unable to allocate a container to the block of size: 800, replicationConfig: RATIS/THREE. The input pipeline IDs f33a251a-9fc2-4987-bb9b-b6da234a1059 cannot be found
	at org.apache.hadoop.ozone.client.io.KeyOutputStream.handleWrite(KeyOutputStream.java:293)
	at org.apache.hadoop.ozone.client.io.KeyOutputStream.handleRetry(KeyOutputStream.java:489)
	at org.apache.hadoop.ozone.client.io.KeyOutputStream.handleExceptionInternal(KeyOutputStream.java:434)
	at org.apache.hadoop.ozone.client.io.KeyOutputStream.lambda$handleException$2(KeyOutputStream.java:339)
	at org.apache.hadoop.ozone.client.io.KeyOutputStream.doInWriteLock(KeyOutputStream.java:260)
	at org.apache.hadoop.ozone.client.io.KeyOutputStream.handleException(KeyOutputStream.java:338)
	at org.apache.hadoop.ozone.client.io.KeyOutputStream.handleFlushOrClose(KeyOutputStream.java:593)
	at org.apache.hadoop.ozone.client.io.KeyOutputStream.handleWrite(KeyOutputStream.java:287)
	... 51 more
Caused by: INTERNAL_ERROR org.apache.hadoop.ozone.om.exceptions.OMException: Unable to allocate a container to the block of size: 800, replicationConfig: RATIS/THREE. The input pipeline IDs f33a251a-9fc2-4987-bb9b-b6da234a1059 cannot be found
	at org.apache.hadoop.ozone.om.protocolPB.OzoneManagerProtocolClientSideTranslatorPB.handleError(OzoneManagerProtocolClientSideTranslatorPB.java:762)
	at org.apache.hadoop.ozone.om.protocolPB.OzoneManagerProtocolClientSideTranslatorPB.handleSubmitRequestAndSCMSafeModeRetry(OzoneManagerProtocolClientSideTranslatorPB.java:2335)
	at org.apache.hadoop.ozone.om.protocolPB.OzoneManagerProtocolClientSideTranslatorPB.allocateBlock(OzoneManagerProtocolClientSideTranslatorPB.java:798)
	at org.apache.hadoop.ozone.client.io.BlockOutputStreamEntryPool.allocateNewBlock(BlockOutputStreamEntryPool.java:304)
	at org.apache.hadoop.ozone.client.io.BlockOutputStreamEntryPool.allocateBlockIfNeeded(BlockOutputStreamEntryPool.java:395)
	at org.apache.hadoop.ozone.client.io.KeyOutputStream.handleWrite(KeyOutputStream.java:272)
	... 58 more
]]></error>
    <system-out><![CDATA[2024-09-15 17:07:23,618 [main] WARN  server.ServerUtils (ServerUtils.java:getScmDbDir(143)) - ozone.scm.db.dirs is not configured. We recommend adding this setting. Falling back to ozone.metadata.dirs instead.
2024-09-15 17:07:23,622 [main] WARN  server.ServerUtils (ServerUtils.java:getScmDbDir(143)) - ozone.scm.db.dirs is not configured. We recommend adding this setting. Falling back to ozone.metadata.dirs instead.
2024-09-15 17:07:23,623 [main] INFO  ha.SCMHANodeDetails (SCMHANodeDetails.java:loadSCMHAConfig(207)) - ServiceID for StorageContainerManager is null
2024-09-15 17:07:23,623 [main] INFO  ha.SCMHANodeDetails (SCMHANodeDetails.java:loadSCMHAConfig(212)) - ozone.scm.default.service.id is not defined, falling back to ozone.scm.service.ids to find serviceID for StorageContainerManager if it is HA enabled cluster
2024-09-15 17:07:23,623 [main] WARN  utils.HAUtils (HAUtils.java:getMetaDir(337)) - ozone.scm.db.dirs is not configured. We recommend adding this setting. Falling back to ozone.metadata.dirs instead.
2024-09-15 17:07:23,624 [main] WARN  db.DBStoreBuilder (DBStoreBuilder.java:applyDBDefinition(171)) - ozone.scm.db.dirs is not configured. We recommend adding this setting. Falling back to ozone.metadata.dirs instead.
2024-09-15 17:07:23,682 [main] INFO  net.NodeSchemaLoader (NodeSchemaLoader.java:loadSchemaFromFile(129)) - Loading schema from [jar:file:/home/runner/work/ozone/ozone/hadoop-hdds/common/target/hdds-common-1.5.0-SNAPSHOT.jar!/network-topology-default.xml]
2024-09-15 17:07:23,682 [main] INFO  net.NodeSchemaLoader (NodeSchemaLoader.java:loadSchema(176)) - Loading network topology layer schema file
2024-09-15 17:07:23,685 [main] INFO  upgrade.AbstractLayoutVersionManager (AbstractLayoutVersionManager.java:init(83)) - Initializing Layout version manager with metadata layout = HBASE_SUPPORT (version = 8), software layout = HBASE_SUPPORT (version = 8)
2024-09-15 17:07:23,686 [main] INFO  ha.SequenceIdGenerator (SequenceIdGenerator.java:upgradeToSequenceId(369)) - upgrade localId to 113750153625600000
2024-09-15 17:07:23,687 [main] INFO  ha.SequenceIdGenerator (SequenceIdGenerator.java:upgradeToSequenceId(379)) - upgrade delTxnId to 0
2024-09-15 17:07:23,688 [main] INFO  ha.SequenceIdGenerator (SequenceIdGenerator.java:upgradeToSequenceId(396)) - upgrade containerId to 0
2024-09-15 17:07:23,689 [main] INFO  ha.SequenceIdGenerator (SequenceIdGenerator.java:upgradeToCertificateSequenceId(433)) - upgrade CertificateId to 2
2024-09-15 17:07:23,690 [main] INFO  ha.SequenceIdGenerator (SequenceIdGenerator.java:<init>(240)) - Init the HA SequenceIdGenerator.
2024-09-15 17:07:23,690 [main] INFO  node.SCMNodeManager (SCMNodeManager.java:<init>(178)) - Entering startup safe mode.
2024-09-15 17:07:23,691 [main] INFO  algorithms.ContainerPlacementPolicyFactory (ContainerPlacementPolicyFactory.java:getPolicyInternal(86)) - Create container placement policy of type org.apache.hadoop.hdds.scm.container.placement.algorithms.SCMContainerPlacementRackAware
2024-09-15 17:07:23,691 [main] INFO  algorithms.ContainerPlacementPolicyFactory (ContainerPlacementPolicyFactory.java:getPolicyInternal(86)) - Create container placement policy of type org.apache.hadoop.hdds.scm.container.placement.algorithms.SCMContainerPlacementRackScatter
2024-09-15 17:07:23,691 [main] INFO  pipeline.PipelineStateManagerImpl (PipelineStateManagerImpl.java:initialize(78)) - No pipeline exists in current db
2024-09-15 17:07:23,691 [main] INFO  algorithms.LeaderChoosePolicyFactory (LeaderChoosePolicyFactory.java:getPolicy(57)) - Create leader choose policy of type org.apache.hadoop.hdds.scm.pipeline.leader.choose.algorithms.MinLeaderCountChoosePolicy
2024-09-15 17:07:23,691 [main] INFO  algorithms.ContainerPlacementPolicyFactory (ContainerPlacementPolicyFactory.java:getPolicyInternal(86)) - Create container placement policy of type org.apache.hadoop.hdds.scm.container.placement.algorithms.SCMContainerPlacementRackScatter
2024-09-15 17:07:23,692 [main] INFO  ha.SCMServiceManager (SCMServiceManager.java:register(42)) - Registering service BackgroundPipelineCreator.
2024-09-15 17:07:23,692 [main] INFO  pipeline.BackgroundPipelineCreator (BackgroundPipelineCreator.java:start(127)) - Starting RatisPipelineUtilsThread.
2024-09-15 17:07:23,692 [main] INFO  BackgroundPipelineScrubber (BackgroundSCMService.java:start(65)) - Starting BackgroundPipelineScrubber Service.
2024-09-15 17:07:23,692 [main] INFO  ha.SCMServiceManager (SCMServiceManager.java:register(42)) - Registering service BackgroundPipelineScrubber.
2024-09-15 17:07:23,693 [main] INFO  ExpiredContainerReplicaOpScrubber (BackgroundSCMService.java:start(65)) - Starting ExpiredContainerReplicaOpScrubber Service.
2024-09-15 17:07:23,693 [main] INFO  ha.SCMServiceManager (SCMServiceManager.java:register(42)) - Registering service ExpiredContainerReplicaOpScrubber.
2024-09-15 17:07:23,694 [main] INFO  algorithms.PipelineChoosePolicyFactory (PipelineChoosePolicyFactory.java:createPipelineChoosePolicyFromClass(80)) - Create pipeline choose policy of type org.apache.hadoop.hdds.scm.pipeline.choose.algorithms.RandomPipelineChoosePolicy
2024-09-15 17:07:23,694 [main] INFO  algorithms.PipelineChoosePolicyFactory (PipelineChoosePolicyFactory.java:createPipelineChoosePolicyFromClass(80)) - Create pipeline choose policy of type org.apache.hadoop.hdds.scm.pipeline.choose.algorithms.RandomPipelineChoosePolicy
2024-09-15 17:07:23,695 [main] INFO  ha.SCMServiceManager (SCMServiceManager.java:register(42)) - Registering service SCMBlockDeletingService.
2024-09-15 17:07:23,696 [main] INFO  replication.ReplicationManager (ReplicationManager.java:start(296)) - Starting Replication Monitor Thread.
2024-09-15 17:07:23,696 [main] INFO  ha.SCMServiceManager (SCMServiceManager.java:register(42)) - Registering service ReplicationManager.
2024-09-15 17:07:23,696 [ReplicationMonitor] INFO  replication.ReplicationManager (ReplicationManager.java:processAll(373)) - Replication Manager is not ready to run until 3000ms after safemode exit
2024-09-15 17:07:23,697 [main] INFO  safemode.ContainerSafeModeRule (ContainerSafeModeRule.java:<init>(91)) - containers with one replica threshold count 0
2024-09-15 17:07:23,697 [main] INFO  safemode.HealthyPipelineSafeModeRule (HealthyPipelineSafeModeRule.java:initializeRule(176)) - Total pipeline count is 0, healthy pipeline threshold count is 1
2024-09-15 17:07:23,697 [main] INFO  safemode.OneReplicaPipelineSafeModeRule (OneReplicaPipelineSafeModeRule.java:initializeRule(193)) - Total pipeline count is 0, pipeline's with at least one datanode reported threshold count is 0
2024-09-15 17:07:23,697 [main] INFO  server.StorageContainerManager (StorageContainerManager.java:<init>(442)) - SCM start with adminUsers: [runner]
2024-09-15 17:07:23,698 [main] INFO  ipc.CallQueueManager (CallQueueManager.java:<init>(90)) - Using callQueue: class java.util.concurrent.LinkedBlockingQueue, queueCapacity: 10000, scheduler: class org.apache.hadoop.ipc.DefaultRpcScheduler, ipcBackoff: false.
2024-09-15 17:07:23,698 [main] INFO  ipc.Server (Server.java:<init>(1287)) - Listener at 0.0.0.0:15161
2024-09-15 17:07:23,698 [Socket Reader #1 for port 15161] INFO  ipc.Server (Server.java:run(1323)) - Starting Socket Reader #1 for port 15161
2024-09-15 17:07:23,699 [Socket Reader #2 for port 15161] INFO  ipc.Server (Server.java:run(1323)) - Starting Socket Reader #2 for port 15161
2024-09-15 17:07:23,700 [Socket Reader #3 for port 15161] INFO  ipc.Server (Server.java:run(1323)) - Starting Socket Reader #3 for port 15161
2024-09-15 17:07:23,700 [Socket Reader #4 for port 15161] INFO  ipc.Server (Server.java:run(1323)) - Starting Socket Reader #4 for port 15161
2024-09-15 17:07:23,700 [Socket Reader #5 for port 15161] INFO  ipc.Server (Server.java:run(1323)) - Starting Socket Reader #5 for port 15161
2024-09-15 17:07:23,700 [Socket Reader #6 for port 15161] INFO  ipc.Server (Server.java:run(1323)) - Starting Socket Reader #6 for port 15161
2024-09-15 17:07:23,700 [Socket Reader #7 for port 15161] INFO  ipc.Server (Server.java:run(1323)) - Starting Socket Reader #7 for port 15161
2024-09-15 17:07:23,700 [Socket Reader #8 for port 15161] INFO  ipc.Server (Server.java:run(1323)) - Starting Socket Reader #8 for port 15161
2024-09-15 17:07:23,700 [Socket Reader #9 for port 15161] INFO  ipc.Server (Server.java:run(1323)) - Starting Socket Reader #9 for port 15161
2024-09-15 17:07:23,701 [Socket Reader #10 for port 15161] INFO  ipc.Server (Server.java:run(1323)) - Starting Socket Reader #10 for port 15161
2024-09-15 17:07:23,701 [main] INFO  ipc.CallQueueManager (CallQueueManager.java:<init>(90)) - Using callQueue: class java.util.concurrent.LinkedBlockingQueue, queueCapacity: 10000, scheduler: class org.apache.hadoop.ipc.DefaultRpcScheduler, ipcBackoff: false.
2024-09-15 17:07:23,701 [main] INFO  ipc.Server (Server.java:<init>(1287)) - Listener at 0.0.0.0:15160
2024-09-15 17:07:23,702 [Socket Reader #1 for port 15160] INFO  ipc.Server (Server.java:run(1323)) - Starting Socket Reader #1 for port 15160
2024-09-15 17:07:23,702 [Socket Reader #2 for port 15160] INFO  ipc.Server (Server.java:run(1323)) - Starting Socket Reader #2 for port 15160
2024-09-15 17:07:23,702 [Socket Reader #3 for port 15160] INFO  ipc.Server (Server.java:run(1323)) - Starting Socket Reader #3 for port 15160
2024-09-15 17:07:23,702 [Socket Reader #4 for port 15160] INFO  ipc.Server (Server.java:run(1323)) - Starting Socket Reader #4 for port 15160
2024-09-15 17:07:23,702 [Socket Reader #5 for port 15160] INFO  ipc.Server (Server.java:run(1323)) - Starting Socket Reader #5 for port 15160
2024-09-15 17:07:23,702 [Socket Reader #6 for port 15160] INFO  ipc.Server (Server.java:run(1323)) - Starting Socket Reader #6 for port 15160
2024-09-15 17:07:23,703 [Socket Reader #7 for port 15160] INFO  ipc.Server (Server.java:run(1323)) - Starting Socket Reader #7 for port 15160
2024-09-15 17:07:23,703 [Socket Reader #8 for port 15160] INFO  ipc.Server (Server.java:run(1323)) - Starting Socket Reader #8 for port 15160
2024-09-15 17:07:23,703 [Socket Reader #9 for port 15160] INFO  ipc.Server (Server.java:run(1323)) - Starting Socket Reader #9 for port 15160
2024-09-15 17:07:23,703 [Socket Reader #10 for port 15160] INFO  ipc.Server (Server.java:run(1323)) - Starting Socket Reader #10 for port 15160
2024-09-15 17:07:23,704 [main] INFO  ipc.CallQueueManager (CallQueueManager.java:<init>(90)) - Using callQueue: class java.util.concurrent.LinkedBlockingQueue, queueCapacity: 10000, scheduler: class org.apache.hadoop.ipc.DefaultRpcScheduler, ipcBackoff: false.
2024-09-15 17:07:23,704 [main] INFO  ipc.Server (Server.java:<init>(1287)) - Listener at 0.0.0.0:15159
2024-09-15 17:07:23,704 [Socket Reader #1 for port 15159] INFO  ipc.Server (Server.java:run(1323)) - Starting Socket Reader #1 for port 15159
2024-09-15 17:07:23,704 [Socket Reader #2 for port 15159] INFO  ipc.Server (Server.java:run(1323)) - Starting Socket Reader #2 for port 15159
2024-09-15 17:07:23,704 [Socket Reader #3 for port 15159] INFO  ipc.Server (Server.java:run(1323)) - Starting Socket Reader #3 for port 15159
2024-09-15 17:07:23,704 [Socket Reader #4 for port 15159] INFO  ipc.Server (Server.java:run(1323)) - Starting Socket Reader #4 for port 15159
2024-09-15 17:07:23,705 [Socket Reader #5 for port 15159] INFO  ipc.Server (Server.java:run(1323)) - Starting Socket Reader #5 for port 15159
2024-09-15 17:07:23,705 [Socket Reader #6 for port 15159] INFO  ipc.Server (Server.java:run(1323)) - Starting Socket Reader #6 for port 15159
2024-09-15 17:07:23,705 [Socket Reader #7 for port 15159] INFO  ipc.Server (Server.java:run(1323)) - Starting Socket Reader #7 for port 15159
2024-09-15 17:07:23,705 [Socket Reader #8 for port 15159] INFO  ipc.Server (Server.java:run(1323)) - Starting Socket Reader #8 for port 15159
2024-09-15 17:07:23,705 [Socket Reader #9 for port 15159] INFO  ipc.Server (Server.java:run(1323)) - Starting Socket Reader #9 for port 15159
2024-09-15 17:07:23,705 [Socket Reader #10 for port 15159] INFO  ipc.Server (Server.java:run(1323)) - Starting Socket Reader #10 for port 15159
2024-09-15 17:07:23,708 [main] INFO  ha.SCMServiceManager (SCMServiceManager.java:register(42)) - Registering service ContainerBalancer.
2024-09-15 17:07:23,708 [main] INFO  ha.SCMContext (SCMContext.java:updateSafeModeStatus(225)) - Update SafeModeStatus from SafeModeStatus{safeModeStatus=true, preCheckPassed=false} to SafeModeStatus{safeModeStatus=true, preCheckPassed=false}.
2024-09-15 17:07:23,708 [main] INFO  server.StorageContainerManager (StorageContainerManager.java:start(1543)) - StorageContainerLocationProtocol RPC server is listening at /0.0.0.0:15159
2024-09-15 17:07:23,710 [main] WARN  impl.MetricsConfig (MetricsConfig.java:loadFirst(136)) - Cannot locate configuration: tried hadoop-metrics2-storagecontainermanager.properties,hadoop-metrics2.properties
2024-09-15 17:07:23,710 [main] INFO  impl.MetricsSystemImpl (MetricsSystemImpl.java:startTimer(378)) - Scheduled Metric snapshot period at 10 second(s).
2024-09-15 17:07:23,710 [main] INFO  impl.MetricsSystemImpl (MetricsSystemImpl.java:start(191)) - StorageContainerManager metrics system started
2024-09-15 17:07:23,716 [main] INFO  impl.MetricsSinkAdapter (MetricsSinkAdapter.java:start(204)) - Sink prometheus started
2024-09-15 17:07:23,716 [main] INFO  impl.MetricsSystemImpl (MetricsSystemImpl.java:registerSink(305)) - Registered sink prometheus
2024-09-15 17:07:23,735 [main] INFO  server.SCMClientProtocolServer (SCMClientProtocolServer.java:start(213)) - RPC server for Client  is listening at /0.0.0.0:15159
2024-09-15 17:07:23,736 [IPC Server Responder] INFO  ipc.Server (Server.java:run(1562)) - IPC Server Responder: starting
2024-09-15 17:07:23,736 [IPC Server listener on 15159] INFO  ipc.Server (Server.java:run(1402)) - IPC Server listener on 15159: starting
2024-09-15 17:07:23,745 [main] INFO  server.StorageContainerManager (StorageContainerManager.java:start(1556)) - ScmBlockLocationProtocol RPC server is listening at /0.0.0.0:15160
2024-09-15 17:07:23,745 [main] INFO  server.SCMBlockProtocolServer (SCMBlockProtocolServer.java:start(172)) - RPC server for Block Protocol is listening at /0.0.0.0:15160
2024-09-15 17:07:23,746 [IPC Server Responder] INFO  ipc.Server (Server.java:run(1562)) - IPC Server Responder: starting
2024-09-15 17:07:23,746 [IPC Server listener on 15160] INFO  ipc.Server (Server.java:run(1402)) - IPC Server listener on 15160: starting
2024-09-15 17:07:23,754 [main] INFO  server.SCMDatanodeProtocolServer (SCMDatanodeProtocolServer.java:start(199)) - ScmDatanodeProtocol RPC server for DataNodes is listening at /0.0.0.0:15161
2024-09-15 17:07:23,754 [IPC Server Responder] INFO  ipc.Server (Server.java:run(1562)) - IPC Server Responder: starting
2024-09-15 17:07:23,754 [IPC Server listener on 15161] INFO  ipc.Server (Server.java:run(1402)) - IPC Server listener on 15161: starting
2024-09-15 17:07:23,762 [JvmPauseMonitor21] INFO  util.JvmPauseMonitor (JvmPauseMonitor.java:run(146)) - JvmPauseMonitor-a103bad1-dc0f-4037-a907-f01acd436874: Started
2024-09-15 17:07:23,763 [main] INFO  http.BaseHttpServer (BaseHttpServer.java:newHttpServer2BuilderForOzone(223)) - Starting Web-server for scm at: http://0.0.0.0:15162
2024-09-15 17:07:23,763 [main] INFO  http.BaseHttpServer (BaseHttpServer.java:<init>(110)) - Hadoop Security Enabled: false Ozone Security Enabled: false Ozone HTTP Security Enabled: false 
2024-09-15 17:07:23,764 [main] WARN  server.AuthenticationFilter (AuthenticationFilter.java:constructSecretProvider(240)) - Unable to initialize FileSignerSecretProvider, falling back to use random secrets. Reason: Could not read signature secret file: /home/runner/hadoop-http-auth-signature-secret
2024-09-15 17:07:23,764 [main] INFO  http.HttpRequestLog (HttpRequestLog.java:getRequestLog(86)) - Http request log for http.requests.scm is not defined
2024-09-15 17:07:23,765 [main] INFO  http.HttpServer2 (HttpServer2.java:addGlobalFilter(1035)) - Added global filter 'safety' (class=org.apache.hadoop.hdds.server.http.HttpServer2$QuotingInputFilter)
2024-09-15 17:07:23,766 [main] INFO  http.HttpServer2 (HttpServer2.java:addFilter(1011)) - Added filter static_user_filter (class=org.apache.hadoop.http.lib.StaticUserWebFilter$StaticUserFilter) to context scm
2024-09-15 17:07:23,766 [main] INFO  http.HttpServer2 (HttpServer2.java:addFilter(1019)) - Added filter static_user_filter (class=org.apache.hadoop.http.lib.StaticUserWebFilter$StaticUserFilter) to context static
2024-09-15 17:07:23,766 [main] INFO  http.HttpServer2 (HttpServer2.java:addFilter(1019)) - Added filter static_user_filter (class=org.apache.hadoop.http.lib.StaticUserWebFilter$StaticUserFilter) to context logs
2024-09-15 17:07:23,766 [main] INFO  http.BaseHttpServer (BaseHttpServer.java:<init>(189)) - HTTP server of scm uses base directory /home/runner/work/ozone/ozone/hadoop-ozone/integration-test/target/test-dir/MiniOzoneClusterImpl-eca91e6c-a84b-4041-8679-4afba91b5587/ozone-meta/webserver
2024-09-15 17:07:23,767 [main] INFO  http.HttpServer2 (HttpServer2.java:bindListener(1235)) - Jetty bound to port 15162
2024-09-15 17:07:23,767 [main] INFO  server.Server (Server.java:doStart(375)) - jetty-9.4.56.v20240826; built: 2024-08-26T17:15:05.868Z; git: ec6782ff5ead824dabdcf47fa98f90a4aedff401; jvm 17.0.12+7
2024-09-15 17:07:23,768 [main] INFO  server.session (DefaultSessionIdManager.java:doStart(334)) - DefaultSessionIdManager workerName=node0
2024-09-15 17:07:23,768 [main] INFO  server.session (DefaultSessionIdManager.java:doStart(339)) - No SessionScavenger set, using defaults
2024-09-15 17:07:23,768 [main] INFO  server.session (HouseKeeper.java:startScavenging(132)) - node0 Scavenging every 660000ms
2024-09-15 17:07:23,769 [main] INFO  handler.ContextHandler (ContextHandler.java:doStart(921)) - Started o.e.j.s.ServletContextHandler@477ad3b6{logs,/logs,file:///home/runner/work/ozone/ozone/hadoop-ozone/integration-test/target/log,AVAILABLE}
2024-09-15 17:07:23,769 [main] INFO  handler.ContextHandler (ContextHandler.java:doStart(921)) - Started o.e.j.s.ServletContextHandler@2f89f4ff{static,/static,file:///home/runner/work/ozone/ozone/hadoop-ozone/integration-test/target/test-classes/webapps/static,AVAILABLE}
2024-09-15 17:07:23,773 [main] INFO  handler.ContextHandler (ContextHandler.java:doStart(921)) - Started o.e.j.w.WebAppContext@722b2b27{scm,/,file:///home/runner/work/ozone/ozone/hadoop-ozone/integration-test/target/test-classes/webapps/scm/,AVAILABLE}{file:/home/runner/work/ozone/ozone/hadoop-ozone/integration-test/target/test-classes/webapps/scm}
2024-09-15 17:07:23,774 [main] INFO  server.AbstractConnector (AbstractConnector.java:doStart(333)) - Started ServerConnector@48a537f5{HTTP/1.1, (http/1.1)}{0.0.0.0:15162}
2024-09-15 17:07:23,774 [main] INFO  server.Server (Server.java:doStart(415)) - Started @162083ms
2024-09-15 17:07:23,774 [main] WARN  impl.MetricsSystemImpl (MetricsSystemImpl.java:register(279)) - Sink prometheus already exists!
2024-09-15 17:07:23,775 [main] INFO  http.BaseHttpServer (BaseHttpServer.java:updateConnectorAddress(354)) - HTTP server of scm listening at http://0.0.0.0:15162
2024-09-15 17:07:23,775 [main] WARN  server.ServerUtils (ServerUtils.java:getDBPath(299)) - ozone.om.db.dirs is not configured. We recommend adding this setting. Falling back to ozone.metadata.dirs instead.
2024-09-15 17:07:23,777 [main] INFO  ha.OMHANodeDetails (OMHANodeDetails.java:loadOMHAConfig(115)) - ozone.om.internal.service.id is not defined, falling back to ozone.om.service.ids to find serviceID for OzoneManager if it is HA enabled cluster
2024-09-15 17:07:23,777 [main] INFO  ha.OMHANodeDetails (OMHANodeDetails.java:loadOMHAConfig(226)) - Configuration does not have ozone.om.address set. Falling back to the default OM address /127.0.0.1:15163
2024-09-15 17:07:23,777 [main] INFO  ha.OMHANodeDetails (OMHANodeDetails.java:getOMNodeDetailsForNonHA(254)) - OM Service ID is not set. Setting it to the default ID: omServiceIdDefault
2024-09-15 17:07:23,777 [main] INFO  ha.OMHANodeDetails (OMHANodeDetails.java:getOMNodeDetailsForNonHA(261)) - OM Node ID is not set. Setting it to the default ID: om1
2024-09-15 17:07:23,778 [main] WARN  server.ServerUtils (ServerUtils.java:getDBPath(299)) - ozone.om.db.dirs is not configured. We recommend adding this setting. Falling back to ozone.metadata.dirs instead.
2024-09-15 17:07:23,779 [main] INFO  upgrade.AbstractLayoutVersionManager (AbstractLayoutVersionManager.java:init(83)) - Initializing Layout version manager with metadata layout = HBASE_SUPPORT (version = 7), software layout = HBASE_SUPPORT (version = 7)
2024-09-15 17:07:23,810 [main] INFO  reflections.Reflections (Reflections.java:scan(219)) - Reflections took 31 ms to scan 2 urls, producing 188 keys and 552 values
2024-09-15 17:07:23,810 [main] INFO  upgrade.OMLayoutVersionManager (OMLayoutVersionManager.java:lambda$0(113)) - Skipping Upgrade Action QuotaRepairUpgradeAction since it has been finalized.
2024-09-15 17:07:23,810 [main] INFO  upgrade.OMLayoutVersionManager (OMLayoutVersionManager.java:lambda$0(113)) - Skipping Upgrade Action MockOmUpgradeAction since it has been finalized.
2024-09-15 17:07:23,810 [main] WARN  server.ServerUtils (ServerUtils.java:getDBPath(299)) - ozone.om.db.dirs is not configured. We recommend adding this setting. Falling back to ozone.metadata.dirs instead.
2024-09-15 17:07:23,811 [main] INFO  proxy.SCMBlockLocationFailoverProxyProvider (SCMBlockLocationFailoverProxyProvider.java:<init>(115)) - Created block location fail-over proxy with 1 nodes: [nodeId=scmNodeId,nodeAddress=/0.0.0.0:15160]
2024-09-15 17:07:23,813 [main] INFO  proxy.SCMBlockLocationFailoverProxyProvider (SCMBlockLocationFailoverProxyProvider.java:<init>(115)) - Created block location fail-over proxy with 1 nodes: [nodeId=scmNodeId,nodeAddress=/0.0.0.0:15160]
2024-09-15 17:07:23,816 [main] INFO  om.OzoneManager (OzoneManager.java:<init>(702)) - OM start with adminUsers: [runner]
2024-09-15 17:07:23,817 [main] WARN  server.ServerUtils (ServerUtils.java:getDBPath(299)) - ozone.om.db.dirs is not configured. We recommend adding this setting. Falling back to ozone.metadata.dirs instead.
2024-09-15 17:07:23,817 [main] INFO  helpers.OmKeyInfo (OmKeyInfo.java:getCodec(72)) - OmKeyInfo.getCodec ignorePipeline = true
2024-09-15 17:07:23,973 [main] INFO  om.OzoneManager (OzoneManager.java:instantiateServices(836)) - S3 Multi-Tenancy is disabled
2024-09-15 17:07:23,973 [main] INFO  om.OmSnapshotManager (OmSnapshotManager.java:<init>(182)) - Ozone filesystem snapshot feature is enabled.
2024-09-15 17:07:23,973 [main] WARN  server.ServerUtils (ServerUtils.java:getDBPath(299)) - ozone.om.snapshot.diff.db.dir is not configured. We recommend adding this setting. Falling back to ozone.metadata.dirs instead.
2024-09-15 17:07:23,997 [main] INFO  utils.NativeLibraryLoader (NativeLibraryLoader.java:loadLibrary(111)) - Loading Library: ozone_rocksdb_tools
2024-09-15 17:07:23,997 [main] ERROR snapshot.SnapshotDiffManager (SnapshotDiffManager.java:initNativeLibraryForEfficientDiff(287)) - Native Library for raw sst file reading loading failed.
org.apache.hadoop.hdds.utils.NativeLibraryNotLoadedException: Unable to load library ozone_rocksdb_tools from both java.library.path & resource file libozone_rocksdb_tools.so from jar.
	at org.apache.hadoop.hdds.utils.db.managed.ManagedRawSSTFileReader.loadLibrary(ManagedRawSSTFileReader.java:40)
	at org.apache.hadoop.ozone.om.snapshot.SnapshotDiffManager.initNativeLibraryForEfficientDiff(SnapshotDiffManager.java:285)
	at org.apache.hadoop.ozone.om.snapshot.SnapshotDiffManager.<init>(SnapshotDiffManager.java:259)
	at org.apache.hadoop.ozone.om.OmSnapshotManager.<init>(OmSnapshotManager.java:289)
	at org.apache.hadoop.ozone.om.OzoneManager.instantiateServices(OzoneManager.java:888)
	at org.apache.hadoop.ozone.om.OzoneManager.<init>(OzoneManager.java:712)
	at org.apache.hadoop.ozone.om.OzoneManager.createOm(OzoneManager.java:799)
	at org.apache.hadoop.ozone.MiniOzoneClusterImpl$Builder.createOM(MiniOzoneClusterImpl.java:703)
	at org.apache.hadoop.ozone.MiniOzoneClusterImpl$Builder.createAndStartSingleOM(MiniOzoneClusterImpl.java:687)
	at org.apache.hadoop.ozone.MiniOzoneClusterImpl$Builder.build(MiniOzoneClusterImpl.java:549)
	at org.apache.hadoop.ozone.client.rpc.TestBlockOutputStream.createCluster(TestBlockOutputStream.java:129)
	at org.apache.hadoop.ozone.client.rpc.TestBlockOutputStreamWithFailures.init(TestBlockOutputStreamWithFailures.java:75)
	at java.base/jdk.internal.reflect.NativeMethodAccessorImpl.invoke0(Native Method)
	at java.base/jdk.internal.reflect.NativeMethodAccessorImpl.invoke(NativeMethodAccessorImpl.java:77)
	at java.base/jdk.internal.reflect.DelegatingMethodAccessorImpl.invoke(DelegatingMethodAccessorImpl.java:43)
	at java.base/java.lang.reflect.Method.invoke(Method.java:569)
	at org.junit.platform.commons.util.ReflectionUtils.invokeMethod(ReflectionUtils.java:728)
	at org.junit.jupiter.engine.execution.MethodInvocation.proceed(MethodInvocation.java:60)
	at org.junit.jupiter.engine.execution.InvocationInterceptorChain$ValidatingInvocation.proceed(InvocationInterceptorChain.java:131)
	at org.junit.jupiter.engine.extension.TimeoutExtension.intercept(TimeoutExtension.java:156)
	at org.junit.jupiter.engine.extension.TimeoutExtension.interceptLifecycleMethod(TimeoutExtension.java:128)
	at org.junit.jupiter.engine.extension.TimeoutExtension.interceptBeforeEachMethod(TimeoutExtension.java:78)
	at org.junit.jupiter.engine.execution.InterceptingExecutableInvoker$ReflectiveInterceptorCall.lambda$ofVoidMethod$0(InterceptingExecutableInvoker.java:103)
	at org.junit.jupiter.engine.execution.InterceptingExecutableInvoker.lambda$invoke$0(InterceptingExecutableInvoker.java:93)
	at org.junit.jupiter.engine.execution.InvocationInterceptorChain$InterceptedInvocation.proceed(InvocationInterceptorChain.java:106)
	at org.junit.jupiter.engine.execution.InvocationInterceptorChain.proceed(InvocationInterceptorChain.java:64)
	at org.junit.jupiter.engine.execution.InvocationInterceptorChain.chainAndInvoke(InvocationInterceptorChain.java:45)
	at org.junit.jupiter.engine.execution.InvocationInterceptorChain.invoke(InvocationInterceptorChain.java:37)
	at org.junit.jupiter.engine.execution.InterceptingExecutableInvoker.invoke(InterceptingExecutableInvoker.java:92)
	at org.junit.jupiter.engine.execution.InterceptingExecutableInvoker.invoke(InterceptingExecutableInvoker.java:86)
	at org.junit.jupiter.engine.descriptor.ClassBasedTestDescriptor.invokeMethodInExtensionContext(ClassBasedTestDescriptor.java:521)
	at org.junit.jupiter.engine.descriptor.ClassBasedTestDescriptor.lambda$synthesizeBeforeEachMethodAdapter$23(ClassBasedTestDescriptor.java:506)
	at org.junit.jupiter.engine.descriptor.TestMethodTestDescriptor.lambda$invokeBeforeEachMethods$3(TestMethodTestDescriptor.java:175)
	at org.junit.jupiter.engine.descriptor.TestMethodTestDescriptor.lambda$invokeBeforeMethodsOrCallbacksUntilExceptionOccurs$6(TestMethodTestDescriptor.java:203)
	at org.junit.platform.engine.support.hierarchical.ThrowableCollector.execute(ThrowableCollector.java:73)
	at org.junit.jupiter.engine.descriptor.TestMethodTestDescriptor.invokeBeforeMethodsOrCallbacksUntilExceptionOccurs(TestMethodTestDescriptor.java:203)
	at org.junit.jupiter.engine.descriptor.TestMethodTestDescriptor.invokeBeforeEachMethods(TestMethodTestDescriptor.java:172)
	at org.junit.jupiter.engine.descriptor.TestMethodTestDescriptor.execute(TestMethodTestDescriptor.java:135)
	at org.junit.jupiter.engine.descriptor.TestMethodTestDescriptor.execute(TestMethodTestDescriptor.java:69)
	at org.junit.platform.engine.support.hierarchical.NodeTestTask.lambda$executeRecursively$6(NodeTestTask.java:151)
	at org.junit.platform.engine.support.hierarchical.ThrowableCollector.execute(ThrowableCollector.java:73)
	at org.junit.platform.engine.support.hierarchical.NodeTestTask.lambda$executeRecursively$8(NodeTestTask.java:141)
	at org.junit.platform.engine.support.hierarchical.Node.around(Node.java:137)
	at org.junit.platform.engine.support.hierarchical.NodeTestTask.lambda$executeRecursively$9(NodeTestTask.java:139)
	at org.junit.platform.engine.support.hierarchical.ThrowableCollector.execute(ThrowableCollector.java:73)
	at org.junit.platform.engine.support.hierarchical.NodeTestTask.executeRecursively(NodeTestTask.java:138)
	at org.junit.platform.engine.support.hierarchical.NodeTestTask.execute(NodeTestTask.java:95)
	at org.junit.platform.engine.support.hierarchical.SameThreadHierarchicalTestExecutorService.submit(SameThreadHierarchicalTestExecutorService.java:35)
	at org.junit.platform.engine.support.hierarchical.NodeTestTask$DefaultDynamicTestExecutor.execute(NodeTestTask.java:226)
	at org.junit.platform.engine.support.hierarchical.NodeTestTask$DefaultDynamicTestExecutor.execute(NodeTestTask.java:204)
	at org.junit.jupiter.engine.descriptor.TestTemplateTestDescriptor.execute(TestTemplateTestDescriptor.java:142)
	at org.junit.jupiter.engine.descriptor.TestTemplateTestDescriptor.lambda$execute$2(TestTemplateTestDescriptor.java:110)
	at java.base/java.util.stream.ForEachOps$ForEachOp$OfRef.accept(ForEachOps.java:183)
	at java.base/java.util.stream.ReferencePipeline$3$1.accept(ReferencePipeline.java:197)
	at java.base/java.util.stream.ReferencePipeline$2$1.accept(ReferencePipeline.java:179)
	at java.base/java.util.stream.ReferencePipeline$3$1.accept(ReferencePipeline.java:197)
	at java.base/java.util.stream.ForEachOps$ForEachOp$OfRef.accept(ForEachOps.java:183)
	at java.base/java.util.stream.ReferencePipeline$3$1.accept(ReferencePipeline.java:197)
	at java.base/java.util.stream.ReferencePipeline$3$1.accept(ReferencePipeline.java:197)
	at java.base/java.util.stream.ReferencePipeline$3$1.accept(ReferencePipeline.java:197)
	at java.base/java.util.stream.ForEachOps$ForEachOp$OfRef.accept(ForEachOps.java:183)
	at java.base/java.util.stream.ReferencePipeline$3$1.accept(ReferencePipeline.java:197)
	at java.base/java.util.Spliterators$ArraySpliterator.forEachRemaining(Spliterators.java:992)
	at java.base/java.util.stream.ReferencePipeline$Head.forEach(ReferencePipeline.java:762)
	at java.base/java.util.stream.ReferencePipeline$7$1.accept(ReferencePipeline.java:276)
	at java.base/java.util.stream.ReferencePipeline$3$1.accept(ReferencePipeline.java:197)
	at java.base/java.util.stream.ReferencePipeline$3$1.accept(ReferencePipeline.java:197)
	at java.base/java.util.stream.ReferencePipeline$3$1.accept(ReferencePipeline.java:197)
	at java.base/java.util.Spliterators$ArraySpliterator.forEachRemaining(Spliterators.java:992)
	at java.base/java.util.stream.AbstractPipeline.copyInto(AbstractPipeline.java:509)
	at java.base/java.util.stream.AbstractPipeline.wrapAndCopyInto(AbstractPipeline.java:499)
	at java.base/java.util.stream.ForEachOps$ForEachOp.evaluateSequential(ForEachOps.java:150)
	at java.base/java.util.stream.ForEachOps$ForEachOp$OfRef.evaluateSequential(ForEachOps.java:173)
	at java.base/java.util.stream.AbstractPipeline.evaluate(AbstractPipeline.java:234)
	at java.base/java.util.stream.ReferencePipeline.forEach(ReferencePipeline.java:596)
	at java.base/java.util.stream.ReferencePipeline$7$1.accept(ReferencePipeline.java:276)
	at java.base/java.util.stream.ReferencePipeline$3$1.accept(ReferencePipeline.java:197)
	at java.base/java.util.stream.ReferencePipeline$3$1.accept(ReferencePipeline.java:197)
	at java.base/java.util.stream.ReferencePipeline$3$1.accept(ReferencePipeline.java:197)
	at java.base/java.util.ArrayList$ArrayListSpliterator.forEachRemaining(ArrayList.java:1625)
	at java.base/java.util.stream.AbstractPipeline.copyInto(AbstractPipeline.java:509)
	at java.base/java.util.stream.AbstractPipeline.wrapAndCopyInto(AbstractPipeline.java:499)
	at java.base/java.util.stream.ForEachOps$ForEachOp.evaluateSequential(ForEachOps.java:150)
	at java.base/java.util.stream.ForEachOps$ForEachOp$OfRef.evaluateSequential(ForEachOps.java:173)
	at java.base/java.util.stream.AbstractPipeline.evaluate(AbstractPipeline.java:234)
	at java.base/java.util.stream.ReferencePipeline.forEach(ReferencePipeline.java:596)
	at java.base/java.util.stream.ReferencePipeline$7$1.accept(ReferencePipeline.java:276)
	at java.base/java.util.ArrayList$ArrayListSpliterator.forEachRemaining(ArrayList.java:1625)
	at java.base/java.util.stream.AbstractPipeline.copyInto(AbstractPipeline.java:509)
	at java.base/java.util.stream.AbstractPipeline.wrapAndCopyInto(AbstractPipeline.java:499)
	at java.base/java.util.stream.ForEachOps$ForEachOp.evaluateSequential(ForEachOps.java:150)
	at java.base/java.util.stream.ForEachOps$ForEachOp$OfRef.evaluateSequential(ForEachOps.java:173)
	at java.base/java.util.stream.AbstractPipeline.evaluate(AbstractPipeline.java:234)
	at java.base/java.util.stream.ReferencePipeline.forEach(ReferencePipeline.java:596)
	at org.junit.jupiter.engine.descriptor.TestTemplateTestDescriptor.execute(TestTemplateTestDescriptor.java:110)
	at org.junit.jupiter.engine.descriptor.TestTemplateTestDescriptor.execute(TestTemplateTestDescriptor.java:44)
	at org.junit.platform.engine.support.hierarchical.NodeTestTask.lambda$executeRecursively$6(NodeTestTask.java:151)
	at org.junit.platform.engine.support.hierarchical.ThrowableCollector.execute(ThrowableCollector.java:73)
	at org.junit.platform.engine.support.hierarchical.NodeTestTask.lambda$executeRecursively$8(NodeTestTask.java:141)
	at org.junit.platform.engine.support.hierarchical.Node.around(Node.java:137)
	at org.junit.platform.engine.support.hierarchical.NodeTestTask.lambda$executeRecursively$9(NodeTestTask.java:139)
	at org.junit.platform.engine.support.hierarchical.ThrowableCollector.execute(ThrowableCollector.java:73)
	at org.junit.platform.engine.support.hierarchical.NodeTestTask.executeRecursively(NodeTestTask.java:138)
	at org.junit.platform.engine.support.hierarchical.NodeTestTask.execute(NodeTestTask.java:95)
	at java.base/java.util.ArrayList.forEach(ArrayList.java:1511)
	at org.junit.platform.engine.support.hierarchical.SameThreadHierarchicalTestExecutorService.invokeAll(SameThreadHierarchicalTestExecutorService.java:41)
	at org.junit.platform.engine.support.hierarchical.NodeTestTask.lambda$executeRecursively$6(NodeTestTask.java:155)
	at org.junit.platform.engine.support.hierarchical.ThrowableCollector.execute(ThrowableCollector.java:73)
	at org.junit.platform.engine.support.hierarchical.NodeTestTask.lambda$executeRecursively$8(NodeTestTask.java:141)
	at org.junit.platform.engine.support.hierarchical.Node.around(Node.java:137)
	at org.junit.platform.engine.support.hierarchical.NodeTestTask.lambda$executeRecursively$9(NodeTestTask.java:139)
	at org.junit.platform.engine.support.hierarchical.ThrowableCollector.execute(ThrowableCollector.java:73)
	at org.junit.platform.engine.support.hierarchical.NodeTestTask.executeRecursively(NodeTestTask.java:138)
	at org.junit.platform.engine.support.hierarchical.NodeTestTask.execute(NodeTestTask.java:95)
	at java.base/java.util.ArrayList.forEach(ArrayList.java:1511)
	at org.junit.platform.engine.support.hierarchical.SameThreadHierarchicalTestExecutorService.invokeAll(SameThreadHierarchicalTestExecutorService.java:41)
	at org.junit.platform.engine.support.hierarchical.NodeTestTask.lambda$executeRecursively$6(NodeTestTask.java:155)
	at org.junit.platform.engine.support.hierarchical.ThrowableCollector.execute(ThrowableCollector.java:73)
	at org.junit.platform.engine.support.hierarchical.NodeTestTask.lambda$executeRecursively$8(NodeTestTask.java:141)
	at org.junit.platform.engine.support.hierarchical.Node.around(Node.java:137)
	at org.junit.platform.engine.support.hierarchical.NodeTestTask.lambda$executeRecursively$9(NodeTestTask.java:139)
	at org.junit.platform.engine.support.hierarchical.ThrowableCollector.execute(ThrowableCollector.java:73)
	at org.junit.platform.engine.support.hierarchical.NodeTestTask.executeRecursively(NodeTestTask.java:138)
	at org.junit.platform.engine.support.hierarchical.NodeTestTask.execute(NodeTestTask.java:95)
	at org.junit.platform.engine.support.hierarchical.SameThreadHierarchicalTestExecutorService.submit(SameThreadHierarchicalTestExecutorService.java:35)
	at org.junit.platform.engine.support.hierarchical.HierarchicalTestExecutor.execute(HierarchicalTestExecutor.java:57)
	at org.junit.platform.engine.support.hierarchical.HierarchicalTestEngine.execute(HierarchicalTestEngine.java:54)
	at org.junit.platform.launcher.core.EngineExecutionOrchestrator.execute(EngineExecutionOrchestrator.java:198)
	at org.junit.platform.launcher.core.EngineExecutionOrchestrator.execute(EngineExecutionOrchestrator.java:169)
	at org.junit.platform.launcher.core.EngineExecutionOrchestrator.execute(EngineExecutionOrchestrator.java:93)
	at org.junit.platform.launcher.core.EngineExecutionOrchestrator.lambda$execute$0(EngineExecutionOrchestrator.java:58)
	at org.junit.platform.launcher.core.EngineExecutionOrchestrator.withInterceptedStreams(EngineExecutionOrchestrator.java:141)
	at org.junit.platform.launcher.core.EngineExecutionOrchestrator.execute(EngineExecutionOrchestrator.java:57)
	at org.junit.platform.launcher.core.DefaultLauncher.execute(DefaultLauncher.java:103)
	at org.junit.platform.launcher.core.DefaultLauncher.execute(DefaultLauncher.java:85)
	at org.junit.platform.launcher.core.DelegatingLauncher.execute(DelegatingLauncher.java:47)
	at org.junit.platform.launcher.core.SessionPerRequestLauncher.execute(SessionPerRequestLauncher.java:63)
	at org.apache.maven.surefire.junitplatform.JUnitPlatformProvider.invokeAllTests(JUnitPlatformProvider.java:154)
	at org.apache.maven.surefire.junitplatform.JUnitPlatformProvider.invoke(JUnitPlatformProvider.java:123)
	at org.apache.maven.surefire.booter.ForkedBooter.runSuitesInProcess(ForkedBooter.java:377)
	at org.apache.maven.surefire.booter.ForkedBooter.execute(ForkedBooter.java:138)
	at org.apache.maven.surefire.booter.ForkedBooter.run(ForkedBooter.java:465)
	at org.apache.maven.surefire.booter.ForkedBooter.main(ForkedBooter.java:451)
2024-09-15 17:07:24,000 [main] INFO  om.OzoneManager (OzoneManager.java:addS3GVolumeToDB(4557)) - Created Volume s3v With Owner runner required for S3Gateway operations.
2024-09-15 17:07:24,000 [main] WARN  server.ServerUtils (ServerUtils.java:getDefaultRatisDirectory(311)) - Storage directory for Ratis is not configured. It is a good idea to map this to an SSD disk. Falling back to ozone.metadata.dirs
2024-09-15 17:07:24,000 [main] WARN  utils.OzoneManagerRatisUtils (OzoneManagerRatisUtils.java:getOMRatisSnapshotDirectory(481)) - ozone.om.ratis.snapshot.dir is not configured. Falling back to ozone.metadata.dirs config
2024-09-15 17:07:24,001 [main] WARN  server.ServerUtils (ServerUtils.java:getDefaultRatisDirectory(311)) - Storage directory for Ratis is not configured. It is a good idea to map this to an SSD disk. Falling back to ozone.metadata.dirs
2024-09-15 17:07:24,001 [main] INFO  server.RaftServerConfigKeys (ConfUtils.java:logGet(46)) - raft.server.log.appender.buffer.byte-limit = 4194304 (custom)
2024-09-15 17:07:24,001 [main] INFO  ratis.OzoneManagerRatisServer (OzoneManagerRatisServer.java:<init>(169)) - Instantiating OM Ratis server with groupID: omServiceIdDefault and peers: localhost:15166
2024-09-15 17:07:24,002 [main] INFO  ratis.OzoneManagerStateMachine (OzoneManagerStateMachine.java:loadSnapshotInfoFromDB(593)) - TransactionInfo not found in OM DB.
2024-09-15 17:07:24,002 [main] INFO  server.RaftServer (ConfUtils.java:logGet(46)) - raft.rpc.type = GRPC (default)
2024-09-15 17:07:24,003 [main] INFO  grpc.GrpcConfigKeys (ConfUtils.java:logFallback(53)) - raft.grpc.admin.host = null (fallback to raft.grpc.server.host)
2024-09-15 17:07:24,003 [main] INFO  grpc.GrpcConfigKeys (ConfUtils.java:logFallback(53)) - raft.grpc.admin.port = 15166 (fallback to raft.grpc.server.port)
2024-09-15 17:07:24,003 [main] INFO  grpc.GrpcConfigKeys (ConfUtils.java:logFallback(53)) - raft.grpc.client.host = null (fallback to raft.grpc.server.host)
2024-09-15 17:07:24,003 [main] INFO  grpc.GrpcConfigKeys (ConfUtils.java:logFallback(53)) - raft.grpc.client.port = 15166 (fallback to raft.grpc.server.port)
2024-09-15 17:07:24,003 [main] INFO  grpc.GrpcConfigKeys (ConfUtils.java:logGet(46)) - raft.grpc.server.host = null (default)
2024-09-15 17:07:24,003 [main] INFO  grpc.GrpcConfigKeys (ConfUtils.java:logGet(46)) - raft.grpc.server.port = 15166 (custom)
2024-09-15 17:07:24,003 [main] INFO  server.GrpcService (ConfUtils.java:logGet(46)) - raft.grpc.message.size.max = 5242880 (custom)
2024-09-15 17:07:24,003 [main] INFO  server.RaftServerConfigKeys (ConfUtils.java:logGet(46)) - raft.server.log.appender.buffer.byte-limit = 4194304 (custom)
2024-09-15 17:07:24,004 [main] INFO  server.GrpcService (ConfUtils.java:logGet(46)) - raft.grpc.flow.control.window = 1MB (=1048576) (default)
2024-09-15 17:07:24,004 [main] INFO  server.RaftServerConfigKeys (ConfUtils.java:logGet(46)) - raft.server.rpc.request.timeout = 3000ms (default)
2024-09-15 17:07:24,004 [main] INFO  grpc.GrpcConfigKeys (ConfUtils.java:logGet(46)) - raft.grpc.server.heartbeat.channel = true (default)
2024-09-15 17:07:24,004 [main] INFO  grpc.GrpcConfigKeys (ConfUtils.java:logGet(46)) - raft.grpc.server.async.request.thread.pool.cached = true (default)
2024-09-15 17:07:24,004 [main] INFO  grpc.GrpcConfigKeys (ConfUtils.java:logGet(46)) - raft.grpc.server.async.request.thread.pool.size = 32 (default)
2024-09-15 17:07:24,005 [main] INFO  impl.DataStreamServerImpl (ConfUtils.java:logGet(46)) - raft.datastream.type = DISABLED (default)
2024-09-15 17:07:24,005 [main] INFO  server.RaftServerConfigKeys (ConfUtils.java:logGet(46)) - raft.server.sleep.deviation.threshold = 300ms (default)
2024-09-15 17:07:24,005 [main] INFO  server.RaftServerConfigKeys (ConfUtils.java:logGet(46)) - raft.server.close.threshold = 60s (default)
2024-09-15 17:07:24,006 [main] INFO  server.RaftServerConfigKeys (ConfUtils.java:logGet(46)) - raft.server.leaderelection.leader.step-down.wait-time = 10s (default)
2024-09-15 17:07:24,006 [main] INFO  server.RaftServerConfigKeys (ConfUtils.java:logGet(46)) - raft.server.storage.dir = [/home/runner/work/ozone/ozone/hadoop-ozone/integration-test/target/test-dir/MiniOzoneClusterImpl-eca91e6c-a84b-4041-8679-4afba91b5587/ozone-meta/ratis] (custom)
2024-09-15 17:07:24,006 [main] INFO  server.RaftServerConfigKeys (ConfUtils.java:logGet(46)) - raft.server.threadpool.proxy.cached = true (default)
2024-09-15 17:07:24,006 [main] INFO  server.RaftServerConfigKeys (ConfUtils.java:logGet(46)) - raft.server.threadpool.proxy.size = 0 (default)
2024-09-15 17:07:24,007 [main] INFO  server.RaftServer (RaftServerProxy.java:addNew(101)) - om1: addNew group-C5BA1605619E:[om1|localhost:15166] returns group-C5BA1605619E:java.util.concurrent.CompletableFuture@763f8abc[Not completed]
2024-09-15 17:07:24,007 [main] INFO  om.OzoneManager (OzoneManager.java:initializeRatisServer(2205)) - OzoneManager Ratis server initialized at port 15166
2024-09-15 17:07:24,007 [main] INFO  om.OzoneManager (OzoneManager.java:getRpcServer(1252)) - Creating RPC Server
2024-09-15 17:07:24,007 [om1-groupManagement] INFO  server.RaftServer$Division (RaftServerImpl.java:<init>(253)) - om1: new RaftServerImpl for group-C5BA1605619E:[om1|localhost:15166] with OzoneManagerStateMachine:uninitialized
2024-09-15 17:07:24,007 [om1-groupManagement] INFO  server.RaftServerConfigKeys (ConfUtils.java:logGet(46)) - raft.server.rpc.timeout.min = 1s (custom)
2024-09-15 17:07:24,007 [om1-groupManagement] INFO  server.RaftServerConfigKeys (ConfUtils.java:logGet(46)) - raft.server.rpc.timeout.max = 1200ms (custom)
2024-09-15 17:07:24,007 [om1-groupManagement] INFO  server.RaftServerConfigKeys (ConfUtils.java:logGet(46)) - raft.server.rpc.sleep.time = 25ms (default)
2024-09-15 17:07:24,008 [om1-groupManagement] INFO  server.RaftServerConfigKeys (ConfUtils.java:logGet(46)) - raft.server.rpc.slowness.timeout = 120s (custom)
2024-09-15 17:07:24,008 [om1-groupManagement] INFO  server.RaftServerConfigKeys (ConfUtils.java:logGet(46)) - raft.server.leaderelection.leader.step-down.wait-time = 10s (default)
2024-09-15 17:07:24,008 [om1-groupManagement] INFO  server.RaftServerConfigKeys (ConfUtils.java:logGet(46)) - raft.server.leaderelection.member.majority-add = false (default)
2024-09-15 17:07:24,008 [om1-groupManagement] INFO  server.RaftServerConfigKeys (ConfUtils.java:logGet(46)) - raft.server.sleep.deviation.threshold = 300ms (default)
2024-09-15 17:07:24,008 [om1-groupManagement] INFO  server.RaftServer$Division (ServerState.java:<init>(114)) - om1@group-C5BA1605619E: ConfigurationManager, init=conf: {index: -1, cur=peers:[om1|localhost:15166]|listeners:[], old=null}, confs=<EMPTY_MAP>
2024-09-15 17:07:24,008 [om1-groupManagement] INFO  server.RaftServerConfigKeys (ConfUtils.java:logGet(46)) - raft.server.notification.no-leader.timeout = 120s (custom)
2024-09-15 17:07:24,008 [om1-groupManagement] INFO  server.RaftServerConfigKeys (ConfUtils.java:logGet(46)) - raft.server.read.timeout = 10s (default)
2024-09-15 17:07:24,008 [om1-groupManagement] INFO  server.RaftServerConfigKeys (ConfUtils.java:logGet(46)) - raft.server.retrycache.expirytime = 300s (custom)
2024-09-15 17:07:24,008 [om1-groupManagement] INFO  server.RaftServerConfigKeys (ConfUtils.java:logGet(46)) - raft.server.retrycache.statistics.expirytime = 100ms (default)
2024-09-15 17:07:24,008 [om1-groupManagement] INFO  server.RaftServerConfigKeys (ConfUtils.java:logGet(46)) - raft.server.read.option = DEFAULT (default)
2024-09-15 17:07:24,008 [om1-groupManagement] INFO  server.RaftServerConfigKeys (ConfUtils.java:logGet(46)) - raft.server.read.read-after-write-consistent.write-index-cache.expiry-time = 60s (default)
2024-09-15 17:07:24,009 [om1-groupManagement] INFO  server.RaftServerConfigKeys (ConfUtils.java:logGet(46)) - raft.server.rpc.request.timeout = 3000ms (default)
2024-09-15 17:07:24,009 [om1-groupManagement] INFO  server.RaftServerConfigKeys (ConfUtils.java:logGet(46)) - raft.server.log.appender.install.snapshot.enabled = false (custom)
2024-09-15 17:07:24,009 [om1-groupManagement] INFO  server.RaftServerConfigKeys (ConfUtils.java:logGet(46)) - raft.server.threadpool.server.cached = true (default)
2024-09-15 17:07:24,009 [om1-groupManagement] INFO  server.RaftServerConfigKeys (ConfUtils.java:logGet(46)) - raft.server.threadpool.server.size = 0 (default)
2024-09-15 17:07:24,009 [om1-groupManagement] INFO  server.RaftServerConfigKeys (ConfUtils.java:logGet(46)) - raft.server.threadpool.client.cached = true (default)
2024-09-15 17:07:24,009 [om1-groupManagement] INFO  server.RaftServerConfigKeys (ConfUtils.java:logGet(46)) - raft.server.threadpool.client.size = 0 (default)
2024-09-15 17:07:24,299 [main] INFO  reflections.Reflections (Reflections.java:scan(219)) - Reflections took 291 ms to scan 20 urls, producing 59 keys and 7195 values
2024-09-15 17:07:24,300 [main] INFO  ipc.CallQueueManager (CallQueueManager.java:<init>(90)) - Using callQueue: class java.util.concurrent.LinkedBlockingQueue, queueCapacity: 2000, scheduler: class org.apache.hadoop.ipc.DefaultRpcScheduler, ipcBackoff: false.
2024-09-15 17:07:24,301 [main] INFO  ipc.Server (Server.java:<init>(1287)) - Listener at 127.0.0.1:15163
2024-09-15 17:07:24,301 [Socket Reader #1 for port 15163] INFO  ipc.Server (Server.java:run(1323)) - Starting Socket Reader #1 for port 15163
2024-09-15 17:07:24,301 [Socket Reader #2 for port 15163] INFO  ipc.Server (Server.java:run(1323)) - Starting Socket Reader #2 for port 15163
2024-09-15 17:07:24,301 [Socket Reader #3 for port 15163] INFO  ipc.Server (Server.java:run(1323)) - Starting Socket Reader #3 for port 15163
2024-09-15 17:07:24,301 [Socket Reader #4 for port 15163] INFO  ipc.Server (Server.java:run(1323)) - Starting Socket Reader #4 for port 15163
2024-09-15 17:07:24,302 [Socket Reader #5 for port 15163] INFO  ipc.Server (Server.java:run(1323)) - Starting Socket Reader #5 for port 15163
2024-09-15 17:07:24,302 [Socket Reader #6 for port 15163] INFO  ipc.Server (Server.java:run(1323)) - Starting Socket Reader #6 for port 15163
2024-09-15 17:07:24,302 [Socket Reader #7 for port 15163] INFO  ipc.Server (Server.java:run(1323)) - Starting Socket Reader #7 for port 15163
2024-09-15 17:07:24,302 [Socket Reader #8 for port 15163] INFO  ipc.Server (Server.java:run(1323)) - Starting Socket Reader #8 for port 15163
2024-09-15 17:07:24,302 [Socket Reader #9 for port 15163] INFO  ipc.Server (Server.java:run(1323)) - Starting Socket Reader #9 for port 15163
2024-09-15 17:07:24,303 [Socket Reader #10 for port 15163] INFO  ipc.Server (Server.java:run(1323)) - Starting Socket Reader #10 for port 15163
2024-09-15 17:07:24,317 [main] INFO  impl.MetricsSystemImpl (MetricsSystemImpl.java:init(158)) - OzoneManager metrics system started (again)
2024-09-15 17:07:24,325 [main] INFO  om.OzoneManager (OzoneManager.java:start(1680)) - OzoneManager RPC server is listening at localhost/127.0.0.1:15163
2024-09-15 17:07:24,325 [main] INFO  ratis.OzoneManagerRatisServer (OzoneManagerRatisServer.java:start(603)) - Starting OzoneManagerRatisServer om1 at port 15166
2024-09-15 17:07:24,326 [om1-impl-thread1] INFO  server.RaftServerConfigKeys (ConfUtils.java:logGet(46)) - raft.server.storage.free-space.min = 0MB (=0) (default)
2024-09-15 17:07:24,326 [om1-impl-thread1] INFO  server.RaftServerConfigKeys (ConfUtils.java:logGet(46)) - raft.server.log.corruption.policy = EXCEPTION (default)
2024-09-15 17:07:24,326 [om1-impl-thread1] INFO  server.RaftServerConfigKeys (ConfUtils.java:logGet(46)) - raft.server.storage.dir = [/home/runner/work/ozone/ozone/hadoop-ozone/integration-test/target/test-dir/MiniOzoneClusterImpl-eca91e6c-a84b-4041-8679-4afba91b5587/ozone-meta/ratis] (custom)
2024-09-15 17:07:24,326 [om1-impl-thread1] INFO  storage.RaftStorageDirectory (RaftStorageDirectoryImpl.java:analyzeStorage(138)) - The storage directory /home/runner/work/ozone/ozone/hadoop-ozone/integration-test/target/test-dir/MiniOzoneClusterImpl-eca91e6c-a84b-4041-8679-4afba91b5587/ozone-meta/ratis/bf265839-605b-3f16-9796-c5ba1605619e does not exist. Creating ...
2024-09-15 17:07:24,328 [om1-impl-thread1] INFO  storage.RaftStorageDirectory (RaftStorageDirectoryImpl.java:tryLock(229)) - Lock on /home/runner/work/ozone/ozone/hadoop-ozone/integration-test/target/test-dir/MiniOzoneClusterImpl-eca91e6c-a84b-4041-8679-4afba91b5587/ozone-meta/ratis/bf265839-605b-3f16-9796-c5ba1605619e/in_use.lock acquired by nodename 77088@fv-az886-12
2024-09-15 17:07:24,329 [om1-impl-thread1] INFO  storage.RaftStorage (RaftStorageImpl.java:format(98)) - Storage directory /home/runner/work/ozone/ozone/hadoop-ozone/integration-test/target/test-dir/MiniOzoneClusterImpl-eca91e6c-a84b-4041-8679-4afba91b5587/ozone-meta/ratis/bf265839-605b-3f16-9796-c5ba1605619e has been successfully formatted.
2024-09-15 17:07:24,329 [om1-impl-thread1] INFO  server.RaftServerConfigKeys (ConfUtils.java:logGet(46)) - raft.server.log.use.memory = false (default)
2024-09-15 17:07:24,329 [om1-impl-thread1] INFO  server.RaftServerConfigKeys (ConfUtils.java:logGet(46)) - raft.server.log.purge.gap = 1000000 (custom)
2024-09-15 17:07:24,329 [om1-impl-thread1] INFO  server.RaftServerConfigKeys (ConfUtils.java:logGet(46)) - raft.server.log.appender.buffer.byte-limit = 4194304 (custom)
2024-09-15 17:07:24,329 [om1-impl-thread1] INFO  server.RaftServerConfigKeys (ConfUtils.java:logGet(46)) - raft.server.log.statemachine.data.read.timeout = 1000ms (default)
2024-09-15 17:07:24,329 [om1-impl-thread1] INFO  server.RaftServerConfigKeys (ConfUtils.java:logGet(46)) - raft.server.log.purge.preservation.log.num = 0 (default)
2024-09-15 17:07:24,330 [om1-impl-thread1] INFO  server.RaftServerConfigKeys (ConfUtils.java:logGet(46)) - raft.server.log.segment.size.max = 4194304 (custom)
2024-09-15 17:07:24,330 [om1-impl-thread1] INFO  server.RaftServerConfigKeys (ConfUtils.java:logGet(46)) - raft.server.log.segment.cache.num.max = 2 (custom)
2024-09-15 17:07:24,330 [om1-impl-thread1] INFO  server.RaftServerConfigKeys (ConfUtils.java:logGet(46)) - raft.server.log.segment.cache.size.max = 200MB (=209715200) (default)
2024-09-15 17:07:24,330 [om1-impl-thread1] INFO  server.RaftServerConfigKeys (ConfUtils.java:logGet(46)) - raft.server.log.appender.buffer.byte-limit = 4194304 (custom)
2024-09-15 17:07:24,330 [om1-impl-thread1] INFO  util.AwaitToRun (AwaitToRun.java:start(81)) - Thread[om1@group-C5BA1605619E-cacheEviction-AwaitToRun,5,main] started
2024-09-15 17:07:24,330 [om1-impl-thread1] INFO  segmented.SegmentedRaftLogWorker (SegmentedRaftLogWorker.java:<init>(184)) - new om1@group-C5BA1605619E-SegmentedRaftLogWorker for RaftStorageImpl:Storage Directory /home/runner/work/ozone/ozone/hadoop-ozone/integration-test/target/test-dir/MiniOzoneClusterImpl-eca91e6c-a84b-4041-8679-4afba91b5587/ozone-meta/ratis/bf265839-605b-3f16-9796-c5ba1605619e
2024-09-15 17:07:24,331 [om1-impl-thread1] INFO  server.RaftServerConfigKeys (ConfUtils.java:logGet(46)) - raft.server.log.queue.byte-limit = 64MB (=67108864) (default)
2024-09-15 17:07:24,331 [om1-impl-thread1] INFO  server.RaftServerConfigKeys (ConfUtils.java:logGet(46)) - raft.server.log.queue.element-limit = 4096 (default)
2024-09-15 17:07:24,331 [om1-impl-thread1] INFO  server.RaftServerConfigKeys (ConfUtils.java:logGet(46)) - raft.server.log.segment.size.max = 4194304 (custom)
2024-09-15 17:07:24,331 [om1-impl-thread1] INFO  server.RaftServerConfigKeys (ConfUtils.java:logGet(46)) - raft.server.log.preallocated.size = 4194304 (custom)
2024-09-15 17:07:24,331 [om1-impl-thread1] INFO  server.RaftServerConfigKeys (ConfUtils.java:logGet(46)) - raft.server.log.force.sync.num = 128 (default)
2024-09-15 17:07:24,331 [om1-impl-thread1] INFO  server.RaftServerConfigKeys (ConfUtils.java:logGet(46)) - raft.server.log.statemachine.data.sync = true (default)
2024-09-15 17:07:24,331 [om1-impl-thread1] INFO  server.RaftServerConfigKeys (ConfUtils.java:logGet(46)) - raft.server.log.statemachine.data.sync.timeout = 10s (default)
2024-09-15 17:07:24,331 [om1-impl-thread1] INFO  server.RaftServerConfigKeys (ConfUtils.java:logGet(46)) - raft.server.log.statemachine.data.sync.timeout.retry = -1 (default)
2024-09-15 17:07:24,331 [om1-impl-thread1] INFO  server.RaftServerConfigKeys (ConfUtils.java:logGet(46)) - raft.server.log.write.buffer.size = 4194312 (custom)
2024-09-15 17:07:24,331 [om1-impl-thread1] INFO  server.RaftServerConfigKeys (ConfUtils.java:logGet(46)) - raft.server.log.appender.buffer.byte-limit = 4194304 (custom)
2024-09-15 17:07:24,331 [om1-impl-thread1] INFO  server.RaftServerConfigKeys (ConfUtils.java:logGet(46)) - raft.server.log.unsafe-flush.enabled = false (default)
2024-09-15 17:07:24,331 [om1-impl-thread1] INFO  server.RaftServerConfigKeys (ConfUtils.java:logGet(46)) - raft.server.log.async-flush.enabled = false (default)
2024-09-15 17:07:24,331 [om1-impl-thread1] INFO  server.RaftServerConfigKeys (ConfUtils.java:logGet(46)) - raft.server.log.statemachine.data.caching.enabled = false (default)
2024-09-15 17:07:24,332 [om1-impl-thread1] INFO  segmented.SegmentedRaftLogWorker (SegmentedRaftLogWorker.java:lambda$new$0(135)) - om1@group-C5BA1605619E-SegmentedRaftLogWorker: flushIndex: setUnconditionally 0 -> -1
2024-09-15 17:07:24,332 [om1-impl-thread1] INFO  segmented.SegmentedRaftLogWorker (SegmentedRaftLogWorker.java:lambda$new$0(135)) - om1@group-C5BA1605619E-SegmentedRaftLogWorker: safeCacheEvictIndex: setUnconditionally 0 -> -1
2024-09-15 17:07:24,332 [om1-impl-thread1] INFO  server.RaftServer$Division (RaftServerImpl.java:start(389)) - om1@group-C5BA1605619E: start as a follower, conf=conf: {index: -1, cur=peers:[om1|localhost:15166]|listeners:[], old=null}
2024-09-15 17:07:24,332 [om1-impl-thread1] INFO  server.RaftServer$Division (RaftServerImpl.java:setRole(376)) - om1@group-C5BA1605619E: changes role from      null to FOLLOWER at term 0 for startAsFollower
2024-09-15 17:07:24,332 [om1-impl-thread1] INFO  impl.RoleInfo (RoleInfo.java:updateAndGet(148)) - om1: start om1@group-C5BA1605619E-FollowerState
2024-09-15 17:07:24,332 [om1-impl-thread1] INFO  util.JmxRegister (JmxRegister.java:tryRegister(44)) - Successfully registered JMX Bean with object name Ratis:service=RaftServer,group=group-C5BA1605619E,id=om1
2024-09-15 17:07:24,332 [om1-impl-thread1] INFO  util.JmxRegister (JmxRegister.java:register(58)) - register mxBean class org.apache.ratis.server.impl.RaftServerJmxAdapter as Ratis:service=RaftServer,group=group-C5BA1605619E,id=om1
2024-09-15 17:07:24,332 [om1-impl-thread1] INFO  server.RaftServerConfigKeys (ConfUtils.java:logGet(46)) - raft.server.snapshot.trigger-when-stop.enabled = true (default)
2024-09-15 17:07:24,332 [om1-impl-thread1] INFO  server.RaftServerConfigKeys (ConfUtils.java:logGet(46)) - raft.server.snapshot.trigger-when-remove.enabled = true (default)
2024-09-15 17:07:24,332 [om1-impl-thread1] INFO  server.RaftServerConfigKeys (ConfUtils.java:logGet(46)) - raft.server.snapshot.auto.trigger.enabled = true (custom)
2024-09-15 17:07:24,333 [om1-impl-thread1] INFO  server.RaftServerConfigKeys (ConfUtils.java:logGet(46)) - raft.server.snapshot.auto.trigger.threshold = 400000 (default)
2024-09-15 17:07:24,333 [om1-impl-thread1] INFO  server.RaftServerConfigKeys (ConfUtils.java:logGet(46)) - raft.server.snapshot.retention.file.num = -1 (default)
2024-09-15 17:07:24,333 [om1-impl-thread1] INFO  server.RaftServerConfigKeys (ConfUtils.java:logGet(46)) - raft.server.log.purge.upto.snapshot.index = true (custom)
2024-09-15 17:07:24,332 [om1@group-C5BA1605619E-FollowerState] INFO  server.RaftServerConfigKeys (ConfUtils.java:logFallback(53)) - raft.server.rpc.first-election.timeout.min = 1s (fallback to raft.server.rpc.timeout.min)
2024-09-15 17:07:24,333 [om1@group-C5BA1605619E-FollowerState] INFO  server.RaftServerConfigKeys (ConfUtils.java:logFallback(53)) - raft.server.rpc.first-election.timeout.max = 1200ms (fallback to raft.server.rpc.timeout.max)
2024-09-15 17:07:24,333 [main] INFO  server.RaftServer (RaftServerProxy.java:startImpl(408)) - om1: start RPC server
2024-09-15 17:07:24,335 [main] INFO  server.GrpcService (GrpcService.java:startImpl(302)) - om1: GrpcService started, listening on 15166
2024-09-15 17:07:24,335 [JvmPauseMonitor22] INFO  util.JvmPauseMonitor (JvmPauseMonitor.java:run(146)) - JvmPauseMonitor-om1: Started
2024-09-15 17:07:24,335 [main] INFO  om.OzoneManager (OzoneManager.java:start(1695)) - Version File has different layout version (7) than OM DB (null). That is expected if this OM has never been finalized to a newer layout version.
2024-09-15 17:07:24,338 [main] INFO  client.ScmTopologyClient (ScmTopologyClient.java:start(72)) - Initial network topology fetched from SCM: /.
2024-09-15 17:07:24,338 [main] INFO  net.NodeSchemaLoader (NodeSchemaLoader.java:loadSchemaFromFile(129)) - Loading schema from [jar:file:/home/runner/work/ozone/ozone/hadoop-hdds/common/target/hdds-common-1.5.0-SNAPSHOT.jar!/network-topology-default.xml]
2024-09-15 17:07:24,338 [main] INFO  net.NodeSchemaLoader (NodeSchemaLoader.java:loadSchema(176)) - Loading network topology layer schema file
2024-09-15 17:07:24,342 [main] INFO  http.BaseHttpServer (BaseHttpServer.java:newHttpServer2BuilderForOzone(223)) - Starting Web-server for ozoneManager at: http://0.0.0.0:15164
2024-09-15 17:07:24,342 [main] INFO  http.BaseHttpServer (BaseHttpServer.java:<init>(110)) - Hadoop Security Enabled: false Ozone Security Enabled: false Ozone HTTP Security Enabled: false 
2024-09-15 17:07:24,343 [main] WARN  server.AuthenticationFilter (AuthenticationFilter.java:constructSecretProvider(240)) - Unable to initialize FileSignerSecretProvider, falling back to use random secrets. Reason: Could not read signature secret file: /home/runner/hadoop-http-auth-signature-secret
2024-09-15 17:07:24,344 [main] INFO  http.HttpRequestLog (HttpRequestLog.java:getRequestLog(86)) - Http request log for http.requests.ozoneManager is not defined
2024-09-15 17:07:24,345 [main] INFO  http.HttpServer2 (HttpServer2.java:addGlobalFilter(1035)) - Added global filter 'safety' (class=org.apache.hadoop.hdds.server.http.HttpServer2$QuotingInputFilter)
2024-09-15 17:07:24,345 [main] INFO  http.HttpServer2 (HttpServer2.java:addFilter(1011)) - Added filter static_user_filter (class=org.apache.hadoop.http.lib.StaticUserWebFilter$StaticUserFilter) to context ozoneManager
2024-09-15 17:07:24,345 [main] INFO  http.HttpServer2 (HttpServer2.java:addFilter(1019)) - Added filter static_user_filter (class=org.apache.hadoop.http.lib.StaticUserWebFilter$StaticUserFilter) to context static
2024-09-15 17:07:24,345 [main] INFO  http.HttpServer2 (HttpServer2.java:addFilter(1019)) - Added filter static_user_filter (class=org.apache.hadoop.http.lib.StaticUserWebFilter$StaticUserFilter) to context logs
2024-09-15 17:07:24,346 [main] INFO  http.BaseHttpServer (BaseHttpServer.java:<init>(189)) - HTTP server of ozoneManager uses base directory /home/runner/work/ozone/ozone/hadoop-ozone/integration-test/target/test-dir/MiniOzoneClusterImpl-eca91e6c-a84b-4041-8679-4afba91b5587/ozone-meta/webserver
2024-09-15 17:07:24,346 [main] INFO  http.HttpServer2 (HttpServer2.java:bindListener(1235)) - Jetty bound to port 15164
2024-09-15 17:07:24,346 [main] INFO  server.Server (Server.java:doStart(375)) - jetty-9.4.56.v20240826; built: 2024-08-26T17:15:05.868Z; git: ec6782ff5ead824dabdcf47fa98f90a4aedff401; jvm 17.0.12+7
2024-09-15 17:07:24,347 [main] INFO  server.session (DefaultSessionIdManager.java:doStart(334)) - DefaultSessionIdManager workerName=node0
2024-09-15 17:07:24,347 [main] INFO  server.session (DefaultSessionIdManager.java:doStart(339)) - No SessionScavenger set, using defaults
2024-09-15 17:07:24,347 [main] INFO  server.session (HouseKeeper.java:startScavenging(132)) - node0 Scavenging every 600000ms
2024-09-15 17:07:24,348 [main] INFO  handler.ContextHandler (ContextHandler.java:doStart(921)) - Started o.e.j.s.ServletContextHandler@453be14{logs,/logs,file:///home/runner/work/ozone/ozone/hadoop-ozone/integration-test/target/log,AVAILABLE}
2024-09-15 17:07:24,348 [main] INFO  handler.ContextHandler (ContextHandler.java:doStart(921)) - Started o.e.j.s.ServletContextHandler@26f93beb{static,/static,file:///home/runner/work/ozone/ozone/hadoop-ozone/integration-test/target/test-classes/webapps/static,AVAILABLE}
2024-09-15 17:07:24,351 [main] INFO  handler.ContextHandler (ContextHandler.java:doStart(921)) - Started o.e.j.w.WebAppContext@4431e54b{ozoneManager,/,file:///home/runner/work/ozone/ozone/hadoop-ozone/integration-test/target/test-classes/webapps/ozoneManager/,AVAILABLE}{file:/home/runner/work/ozone/ozone/hadoop-ozone/integration-test/target/test-classes/webapps/ozoneManager}
2024-09-15 17:07:24,352 [main] INFO  server.AbstractConnector (AbstractConnector.java:doStart(333)) - Started ServerConnector@537b71e6{HTTP/1.1, (http/1.1)}{0.0.0.0:15164}
2024-09-15 17:07:24,352 [main] INFO  server.Server (Server.java:doStart(415)) - Started @162661ms
2024-09-15 17:07:24,352 [main] WARN  impl.MetricsSystemImpl (MetricsSystemImpl.java:register(279)) - Sink prometheus already exists!
2024-09-15 17:07:24,352 [main] INFO  http.BaseHttpServer (BaseHttpServer.java:updateConnectorAddress(354)) - HTTP server of ozoneManager listening at http://0.0.0.0:15164
2024-09-15 17:07:24,353 [IPC Server Responder] INFO  ipc.Server (Server.java:run(1562)) - IPC Server Responder: starting
2024-09-15 17:07:24,353 [IPC Server listener on 15163] INFO  ipc.Server (Server.java:run(1402)) - IPC Server listener on 15163: starting
2024-09-15 17:07:24,354 [main] INFO  om.OzoneManager (OzoneManager.java:startTrashEmptier(2158)) - Trash Interval set to 0. Files deleted won't move to trash
2024-09-15 17:07:24,366 [main] WARN  dropwizard3.Dm3MetricRegistriesImpl (Dm3MetricRegistriesImpl.java:addReporterRegistration(114)) - New reporters are added after registries were created. Some metrics will be missing from the reporter. Please add reporter before adding any new registry.
2024-09-15 17:07:24,366 [main] WARN  dropwizard3.Dm3MetricRegistriesImpl (Dm3MetricRegistriesImpl.java:addReporterRegistration(114)) - New reporters are added after registries were created. Some metrics will be missing from the reporter. Please add reporter before adding any new registry.
2024-09-15 17:07:24,366 [main] INFO  impl.MetricsSystemImpl (MetricsSystemImpl.java:init(158)) - HddsDatanode metrics system started (again)
2024-09-15 17:07:24,375 [main] INFO  ozone.HddsDatanodeService (HddsDatanodeService.java:start(235)) - HddsDatanodeService host:fv-az886-12 ip:10.1.0.33
2024-09-15 17:07:24,377 [main] INFO  upgrade.AbstractLayoutVersionManager (AbstractLayoutVersionManager.java:init(83)) - Initializing Layout version manager with metadata layout = HBASE_SUPPORT (version = 8), software layout = HBASE_SUPPORT (version = 8)
2024-09-15 17:07:24,377 [main] INFO  statemachine.DatanodeStateMachine (DatanodeStateMachine.java:getEndPointTaskThreadPoolSize(294)) - Datanode State Machine Task Thread Pool size 2
2024-09-15 17:07:24,378 [main] INFO  volume.HddsVolume (HddsVolume.java:<init>(127)) - Creating HddsVolume: /home/runner/work/ozone/ozone/hadoop-ozone/integration-test/target/test-dir/MiniOzoneClusterImpl-eca91e6c-a84b-4041-8679-4afba91b5587/ozone-meta/datanode-1/data-0/hdds of storage type : DISK capacity : 9222449699674390527
2024-09-15 17:07:24,379 [main] INFO  volume.MutableVolumeSet (MutableVolumeSet.java:initializeVolumeSet(173)) - Added Volume : /home/runner/work/ozone/ozone/hadoop-ozone/integration-test/target/test-dir/MiniOzoneClusterImpl-eca91e6c-a84b-4041-8679-4afba91b5587/ozone-meta/datanode-1/data-0/hdds to VolumeSet
2024-09-15 17:07:24,379 [main] INFO  volume.MutableVolumeSet (MutableVolumeSet.java:initializeVolumeSet(173)) - Added Volume : /home/runner/work/ozone/ozone/hadoop-ozone/integration-test/target/test-dir/MiniOzoneClusterImpl-eca91e6c-a84b-4041-8679-4afba91b5587/ozone-meta/datanode-1/ratis to VolumeSet
2024-09-15 17:07:24,380 [main] INFO  ozoneimpl.OzoneContainer (HddsVolumeUtil.java:loadAllHddsVolumeDbStore(103)) - Load 1 volumes DbStore cost: 0ms
2024-09-15 17:07:24,380 [main] INFO  impl.FilePerChunkStrategy (FilePerChunkStrategy.java:<init>(84)) - ozone.chunk.read.mapped.buffer.max.count is load with 0
2024-09-15 17:07:24,381 [main] INFO  impl.FilePerBlockStrategy (FilePerBlockStrategy.java:<init>(91)) - ozone.chunk.read.mapped.buffer.max.count is load with 0
2024-09-15 17:07:24,381 [main] INFO  server.RaftServerConfigKeys (ConfUtils.java:logGet(46)) - raft.server.log.appender.buffer.byte-limit = 33554432 (custom)
2024-09-15 17:07:24,382 [main] INFO  server.RaftServer (ConfUtils.java:logGet(46)) - raft.rpc.type = GRPC (default)
2024-09-15 17:07:24,382 [main] INFO  grpc.GrpcConfigKeys (ConfUtils.java:logFallback(53)) - raft.grpc.admin.host = null (fallback to raft.grpc.server.host)
2024-09-15 17:07:24,382 [main] INFO  grpc.GrpcConfigKeys (ConfUtils.java:logGet(46)) - raft.grpc.admin.port = 15171 (custom)
2024-09-15 17:07:24,383 [main] INFO  grpc.GrpcConfigKeys (ConfUtils.java:logFallback(53)) - raft.grpc.client.host = null (fallback to raft.grpc.server.host)
2024-09-15 17:07:24,383 [main] INFO  grpc.GrpcConfigKeys (ConfUtils.java:logGet(46)) - raft.grpc.client.port = 15171 (custom)
2024-09-15 17:07:24,384 [main] INFO  grpc.GrpcConfigKeys (ConfUtils.java:logGet(46)) - raft.grpc.server.host = null (default)
2024-09-15 17:07:24,384 [main] INFO  grpc.GrpcConfigKeys (ConfUtils.java:logGet(46)) - raft.grpc.server.port = 15171 (custom)
2024-09-15 17:07:24,384 [main] INFO  server.GrpcService (ConfUtils.java:logGet(46)) - raft.grpc.message.size.max = 34603008 (custom)
2024-09-15 17:07:24,385 [main] INFO  server.RaftServerConfigKeys (ConfUtils.java:logGet(46)) - raft.server.log.appender.buffer.byte-limit = 33554432 (custom)
2024-09-15 17:07:24,385 [main] INFO  server.GrpcService (ConfUtils.java:logGet(46)) - raft.grpc.flow.control.window = 5MB (=5242880) (custom)
2024-09-15 17:07:24,385 [main] INFO  server.RaftServerConfigKeys (ConfUtils.java:logGet(46)) - raft.server.rpc.request.timeout = 3000ms (default)
2024-09-15 17:07:24,385 [main] INFO  grpc.GrpcConfigKeys (ConfUtils.java:logGet(46)) - raft.grpc.server.heartbeat.channel = true (default)
2024-09-15 17:07:24,385 [main] INFO  grpc.GrpcConfigKeys (ConfUtils.java:logGet(46)) - raft.grpc.server.async.request.thread.pool.cached = true (default)
2024-09-15 17:07:24,385 [main] INFO  grpc.GrpcConfigKeys (ConfUtils.java:logGet(46)) - raft.grpc.server.async.request.thread.pool.size = 32 (default)
2024-09-15 17:07:24,386 [main] INFO  impl.DataStreamServerImpl (ConfUtils.java:logGet(46)) - raft.datastream.type = NETTY (custom)
2024-09-15 17:07:24,386 [main] INFO  server.RaftServerConfigKeys (ConfUtils.java:logGet(46)) - raft.server.data-stream.async.request.thread.pool.cached = false (default)
2024-09-15 17:07:24,387 [main] INFO  server.RaftServerConfigKeys (ConfUtils.java:logGet(46)) - raft.server.data-stream.async.request.thread.pool.size = 20 (custom)
2024-09-15 17:07:24,387 [main] INFO  server.RaftServerConfigKeys (ConfUtils.java:logGet(46)) - raft.server.data-stream.async.write.thread.pool.size = 16 (default)
2024-09-15 17:07:24,387 [main] INFO  netty.NettyConfigKeys$DataStream (ConfUtils.java:logGet(46)) - raft.netty.dataStream.server.channel.inactive.grace-period = 10min (default)
2024-09-15 17:07:24,387 [main] INFO  server.RaftServerConfigKeys (ConfUtils.java:logGet(46)) - raft.server.data-stream.client.pool.size = 10 (default)
2024-09-15 17:07:24,387 [main] INFO  netty.NettyConfigKeys$DataStream (ConfUtils.java:logGet(46)) - raft.netty.dataStream.server.use-epoll = true (default)
2024-09-15 17:07:24,387 [main] INFO  netty.NettyConfigKeys$DataStream (ConfUtils.java:logGet(46)) - raft.netty.dataStream.server.boss-group.size = 0 (default)
2024-09-15 17:07:24,387 [main] INFO  netty.NettyUtils (NettyUtils.java:newEventLoopGroup(74)) - Create EpollEventLoopGroup for 62362ab0-30ae-49fa-a673-0da439c77b8d-NettyServerStreamRpc-bossGroup; Thread size is 0.
2024-09-15 17:07:24,387 [main] INFO  netty.NettyConfigKeys$DataStream (ConfUtils.java:logGet(46)) - raft.netty.dataStream.server.worker-group.size = 0 (default)
2024-09-15 17:07:24,387 [main] INFO  netty.NettyUtils (NettyUtils.java:newEventLoopGroup(74)) - Create EpollEventLoopGroup for 62362ab0-30ae-49fa-a673-0da439c77b8d-NettyServerStreamRpc-workerGroup; Thread size is 0.
2024-09-15 17:07:24,388 [main] INFO  netty.NettyConfigKeys$DataStream (ConfUtils.java:logGet(46)) - raft.netty.dataStream.server.tls.conf = null (default)
2024-09-15 17:07:24,388 [main] INFO  netty.NettyConfigKeys$DataStream (ConfUtils.java:logGet(46)) - raft.netty.dataStream.host = null (default)
2024-09-15 17:07:24,388 [main] INFO  netty.NettyConfigKeys$DataStream (ConfUtils.java:logGet(46)) - raft.netty.dataStream.port = 15174 (custom)
2024-09-15 17:07:24,388 [main] INFO  server.RaftServerConfigKeys (ConfUtils.java:logGet(46)) - raft.server.sleep.deviation.threshold = 300ms (default)
2024-09-15 17:07:24,388 [main] INFO  server.RaftServerConfigKeys (ConfUtils.java:logGet(46)) - raft.server.close.threshold = 60s (default)
2024-09-15 17:07:24,388 [main] INFO  server.RaftServerConfigKeys (ConfUtils.java:logGet(46)) - raft.server.leaderelection.leader.step-down.wait-time = 10s (default)
2024-09-15 17:07:24,389 [main] INFO  server.RaftServerConfigKeys (ConfUtils.java:logGet(46)) - raft.server.storage.dir = [/home/runner/work/ozone/ozone/hadoop-ozone/integration-test/target/test-dir/MiniOzoneClusterImpl-eca91e6c-a84b-4041-8679-4afba91b5587/ozone-meta/datanode-1/ratis] (custom)
2024-09-15 17:07:24,389 [main] INFO  server.RaftServerConfigKeys (ConfUtils.java:logGet(46)) - raft.server.threadpool.proxy.cached = true (default)
2024-09-15 17:07:24,389 [main] INFO  server.RaftServerConfigKeys (ConfUtils.java:logGet(46)) - raft.server.threadpool.proxy.size = 0 (default)
2024-09-15 17:07:24,389 [62362ab0-30ae-49fa-a673-0da439c77b8d-impl-thread1] INFO  server.RaftServer (RaftServerProxy.java:initGroupDir(266)) - 62362ab0-30ae-49fa-a673-0da439c77b8d: found a subdirectory /home/runner/work/ozone/ozone/hadoop-ozone/integration-test/target/test-dir/MiniOzoneClusterImpl-eca91e6c-a84b-4041-8679-4afba91b5587/ozone-meta/datanode-1/ratis/tmp
2024-09-15 17:07:24,389 [62362ab0-30ae-49fa-a673-0da439c77b8d-NettyServerStreamRpc-bossGroup--thread1] INFO  logging.LoggingHandler (AbstractInternalLogger.java:log(148)) - [id: 0x49f07afc] REGISTERED
2024-09-15 17:07:24,389 [62362ab0-30ae-49fa-a673-0da439c77b8d-NettyServerStreamRpc-bossGroup--thread1] INFO  logging.LoggingHandler (AbstractInternalLogger.java:log(148)) - [id: 0x49f07afc] BIND: 0.0.0.0/0.0.0.0:15174
2024-09-15 17:07:24,390 [62362ab0-30ae-49fa-a673-0da439c77b8d-NettyServerStreamRpc-bossGroup--thread1] INFO  logging.LoggingHandler (AbstractInternalLogger.java:log(148)) - [id: 0x49f07afc, L:/0.0.0.0:15174] ACTIVE
2024-09-15 17:07:24,389 [62362ab0-30ae-49fa-a673-0da439c77b8d-impl-thread1] INFO  server.RaftServer (RaftServerProxy.java:initGroupDir(271)) - 62362ab0-30ae-49fa-a673-0da439c77b8d: The directory /home/runner/work/ozone/ozone/hadoop-ozone/integration-test/target/test-dir/MiniOzoneClusterImpl-eca91e6c-a84b-4041-8679-4afba91b5587/ozone-meta/datanode-1/ratis/tmp is not a group directory; ignoring it. 
2024-09-15 17:07:24,390 [main] INFO  replication.ReplicationServer (ReplicationServer.java:<init>(86)) - Initializing replication server with thread count = 10 queue length = 4096
2024-09-15 17:07:24,390 [main] INFO  server.XceiverServerGrpc (XceiverServerGrpc.java:<init>(141)) - GrpcServer channel type EpollServerSocketChannel
2024-09-15 17:07:24,391 [main] INFO  replication.ReplicationSupervisor (ReplicationSupervisor.java:build(164)) - Initializing replication supervisor with thread count = 10
2024-09-15 17:07:24,392 [main] INFO  replication.ReplicationSupervisor (ReplicationSupervisor.java:nodeStateUpdated(336)) - Node state updated to IN_SERVICE, scaling executor pool size to 10
2024-09-15 17:07:24,394 [main] INFO  http.BaseHttpServer (BaseHttpServer.java:newHttpServer2BuilderForOzone(223)) - Starting Web-server for hddsDatanode at: http://0.0.0.0:15168
2024-09-15 17:07:24,394 [main] INFO  http.BaseHttpServer (BaseHttpServer.java:<init>(110)) - Hadoop Security Enabled: false Ozone Security Enabled: false Ozone HTTP Security Enabled: false 
2024-09-15 17:07:24,395 [main] WARN  server.AuthenticationFilter (AuthenticationFilter.java:constructSecretProvider(240)) - Unable to initialize FileSignerSecretProvider, falling back to use random secrets. Reason: Could not read signature secret file: /home/runner/hadoop-http-auth-signature-secret
2024-09-15 17:07:24,395 [main] INFO  http.HttpRequestLog (HttpRequestLog.java:getRequestLog(86)) - Http request log for http.requests.hddsDatanode is not defined
2024-09-15 17:07:24,396 [main] INFO  http.HttpServer2 (HttpServer2.java:addGlobalFilter(1035)) - Added global filter 'safety' (class=org.apache.hadoop.hdds.server.http.HttpServer2$QuotingInputFilter)
2024-09-15 17:07:24,396 [main] INFO  http.HttpServer2 (HttpServer2.java:addFilter(1011)) - Added filter static_user_filter (class=org.apache.hadoop.http.lib.StaticUserWebFilter$StaticUserFilter) to context hddsDatanode
2024-09-15 17:07:24,396 [main] INFO  http.HttpServer2 (HttpServer2.java:addFilter(1019)) - Added filter static_user_filter (class=org.apache.hadoop.http.lib.StaticUserWebFilter$StaticUserFilter) to context static
2024-09-15 17:07:24,397 [main] INFO  http.HttpServer2 (HttpServer2.java:addFilter(1019)) - Added filter static_user_filter (class=org.apache.hadoop.http.lib.StaticUserWebFilter$StaticUserFilter) to context logs
2024-09-15 17:07:24,397 [main] INFO  http.BaseHttpServer (BaseHttpServer.java:<init>(189)) - HTTP server of hddsDatanode uses base directory /home/runner/work/ozone/ozone/hadoop-ozone/integration-test/target/test-dir/MiniOzoneClusterImpl-eca91e6c-a84b-4041-8679-4afba91b5587/ozone-meta/datanode-1/meta/webserver
2024-09-15 17:07:24,397 [main] INFO  http.HttpServer2 (HttpServer2.java:bindListener(1235)) - Jetty bound to port 15168
2024-09-15 17:07:24,397 [main] INFO  server.Server (Server.java:doStart(375)) - jetty-9.4.56.v20240826; built: 2024-08-26T17:15:05.868Z; git: ec6782ff5ead824dabdcf47fa98f90a4aedff401; jvm 17.0.12+7
2024-09-15 17:07:24,398 [main] INFO  server.session (DefaultSessionIdManager.java:doStart(334)) - DefaultSessionIdManager workerName=node0
2024-09-15 17:07:24,399 [main] INFO  server.session (DefaultSessionIdManager.java:doStart(339)) - No SessionScavenger set, using defaults
2024-09-15 17:07:24,399 [main] INFO  server.session (HouseKeeper.java:startScavenging(132)) - node0 Scavenging every 600000ms
2024-09-15 17:07:24,399 [main] INFO  handler.ContextHandler (ContextHandler.java:doStart(921)) - Started o.e.j.s.ServletContextHandler@be4982d{logs,/logs,file:///home/runner/work/ozone/ozone/hadoop-ozone/integration-test/target/log,AVAILABLE}
2024-09-15 17:07:24,399 [main] INFO  handler.ContextHandler (ContextHandler.java:doStart(921)) - Started o.e.j.s.ServletContextHandler@3cd60397{static,/static,jar:file:/home/runner/work/ozone/ozone/hadoop-hdds/container-service/target/hdds-container-service-1.5.0-SNAPSHOT.jar!/webapps/static,AVAILABLE}
2024-09-15 17:07:24,589 [main] INFO  handler.ContextHandler (ContextHandler.java:doStart(921)) - Started o.e.j.w.WebAppContext@454bc819{hddsDatanode,/,file:///home/runner/work/ozone/ozone/hadoop-ozone/integration-test/target/test-dir/MiniOzoneClusterImpl-eca91e6c-a84b-4041-8679-4afba91b5587/ozone-meta/datanode-1/meta/webserver/jetty-0_0_0_0-15168-hdds-container-service-1_5_0-SNAPSHOT_jar-_-any-15520271324017642948/webapp/,AVAILABLE}{jar:file:/home/runner/work/ozone/ozone/hadoop-hdds/container-service/target/hdds-container-service-1.5.0-SNAPSHOT.jar!/webapps/hddsDatanode}
2024-09-15 17:07:24,590 [main] INFO  server.AbstractConnector (AbstractConnector.java:doStart(333)) - Started ServerConnector@459606bd{HTTP/1.1, (http/1.1)}{0.0.0.0:15168}
2024-09-15 17:07:24,590 [main] INFO  server.Server (Server.java:doStart(415)) - Started @162899ms
2024-09-15 17:07:24,590 [main] WARN  impl.MetricsSystemImpl (MetricsSystemImpl.java:register(279)) - Sink prometheus already exists!
2024-09-15 17:07:24,591 [main] INFO  http.BaseHttpServer (BaseHttpServer.java:updateConnectorAddress(354)) - HTTP server of hddsDatanode listening at http://0.0.0.0:15168
2024-09-15 17:07:24,591 [main] INFO  ipc.CallQueueManager (CallQueueManager.java:<init>(90)) - Using callQueue: class java.util.concurrent.LinkedBlockingQueue, queueCapacity: 1000, scheduler: class org.apache.hadoop.ipc.DefaultRpcScheduler, ipcBackoff: false.
2024-09-15 17:07:24,591 [main] INFO  ipc.Server (Server.java:<init>(1287)) - Listener at 0.0.0.0:15169
2024-09-15 17:07:24,592 [Socket Reader #1 for port 15169] INFO  ipc.Server (Server.java:run(1323)) - Starting Socket Reader #1 for port 15169
2024-09-15 17:07:24,592 [Socket Reader #2 for port 15169] INFO  ipc.Server (Server.java:run(1323)) - Starting Socket Reader #2 for port 15169
2024-09-15 17:07:24,592 [Socket Reader #3 for port 15169] INFO  ipc.Server (Server.java:run(1323)) - Starting Socket Reader #3 for port 15169
2024-09-15 17:07:24,593 [Socket Reader #4 for port 15169] INFO  ipc.Server (Server.java:run(1323)) - Starting Socket Reader #4 for port 15169
2024-09-15 17:07:24,593 [Socket Reader #5 for port 15169] INFO  ipc.Server (Server.java:run(1323)) - Starting Socket Reader #5 for port 15169
2024-09-15 17:07:24,593 [Socket Reader #6 for port 15169] INFO  ipc.Server (Server.java:run(1323)) - Starting Socket Reader #6 for port 15169
2024-09-15 17:07:24,593 [Socket Reader #7 for port 15169] INFO  ipc.Server (Server.java:run(1323)) - Starting Socket Reader #7 for port 15169
2024-09-15 17:07:24,594 [Socket Reader #8 for port 15169] INFO  ipc.Server (Server.java:run(1323)) - Starting Socket Reader #8 for port 15169
2024-09-15 17:07:24,594 [Socket Reader #9 for port 15169] INFO  ipc.Server (Server.java:run(1323)) - Starting Socket Reader #9 for port 15169
2024-09-15 17:07:24,594 [Socket Reader #10 for port 15169] INFO  ipc.Server (Server.java:run(1323)) - Starting Socket Reader #10 for port 15169
2024-09-15 17:07:24,595 [main] INFO  ozone.HddsDatanodeService (HddsDatanodeService.java:start(319)) - Datanode start with admins: [runner]
2024-09-15 17:07:24,595 [main] INFO  ozone.HddsDatanodeClientProtocolServer (HddsDatanodeClientProtocolServer.java:start(79)) - RPC server for Client /0.0.0.0:15169
2024-09-15 17:07:24,595 [IPC Server Responder] INFO  ipc.Server (Server.java:run(1562)) - IPC Server Responder: starting
2024-09-15 17:07:24,595 [IPC Server listener on 15169] INFO  ipc.Server (Server.java:run(1402)) - IPC Server listener on 15169: starting
2024-09-15 17:07:24,597 [main] WARN  dropwizard3.Dm3MetricRegistriesImpl (Dm3MetricRegistriesImpl.java:addReporterRegistration(114)) - New reporters are added after registries were created. Some metrics will be missing from the reporter. Please add reporter before adding any new registry.
2024-09-15 17:07:24,597 [main] WARN  dropwizard3.Dm3MetricRegistriesImpl (Dm3MetricRegistriesImpl.java:addReporterRegistration(114)) - New reporters are added after registries were created. Some metrics will be missing from the reporter. Please add reporter before adding any new registry.
2024-09-15 17:07:24,597 [main] INFO  impl.MetricsSystemImpl (MetricsSystemImpl.java:init(158)) - HddsDatanode metrics system started (again)
2024-09-15 17:07:24,597 [62362ab0-30ae-49fa-a673-0da439c77b8d-DatanodeStateMachineDaemonThread] INFO  statemachine.DatanodeStateMachine (DatanodeStateMachine.java:startStateMachineThread(337)) - Ozone container server started.
2024-09-15 17:07:24,600 [62362ab0-30ae-49fa-a673-0da439c77b8d-DatanodeStateMachineTaskThread-0] INFO  datanode.InitDatanodeState (InitDatanodeState.java:persistContainerDatanodeDetails(139)) - DatanodeDetails is persisted to /home/runner/work/ozone/ozone/hadoop-ozone/integration-test/target/test-dir/MiniOzoneClusterImpl-eca91e6c-a84b-4041-8679-4afba91b5587/ozone-meta/datanode-1/meta/datanode.id
2024-09-15 17:07:24,609 [main] INFO  ozone.HddsDatanodeService (HddsDatanodeService.java:start(235)) - HddsDatanodeService host:fv-az886-12 ip:10.1.0.33
2024-09-15 17:07:24,611 [main] INFO  upgrade.AbstractLayoutVersionManager (AbstractLayoutVersionManager.java:init(83)) - Initializing Layout version manager with metadata layout = HBASE_SUPPORT (version = 8), software layout = HBASE_SUPPORT (version = 8)
2024-09-15 17:07:24,612 [main] INFO  statemachine.DatanodeStateMachine (DatanodeStateMachine.java:getEndPointTaskThreadPoolSize(294)) - Datanode State Machine Task Thread Pool size 2
2024-09-15 17:07:24,622 [main] INFO  volume.HddsVolume (HddsVolume.java:<init>(127)) - Creating HddsVolume: /home/runner/work/ozone/ozone/hadoop-ozone/integration-test/target/test-dir/MiniOzoneClusterImpl-eca91e6c-a84b-4041-8679-4afba91b5587/ozone-meta/datanode-2/data-0/hdds of storage type : DISK capacity : 9222449699674390527
2024-09-15 17:07:24,622 [main] INFO  volume.MutableVolumeSet (MutableVolumeSet.java:initializeVolumeSet(173)) - Added Volume : /home/runner/work/ozone/ozone/hadoop-ozone/integration-test/target/test-dir/MiniOzoneClusterImpl-eca91e6c-a84b-4041-8679-4afba91b5587/ozone-meta/datanode-2/data-0/hdds to VolumeSet
2024-09-15 17:07:24,623 [main] INFO  volume.MutableVolumeSet (MutableVolumeSet.java:initializeVolumeSet(173)) - Added Volume : /home/runner/work/ozone/ozone/hadoop-ozone/integration-test/target/test-dir/MiniOzoneClusterImpl-eca91e6c-a84b-4041-8679-4afba91b5587/ozone-meta/datanode-2/ratis to VolumeSet
2024-09-15 17:07:24,623 [main] INFO  ozoneimpl.OzoneContainer (HddsVolumeUtil.java:loadAllHddsVolumeDbStore(103)) - Load 1 volumes DbStore cost: 0ms
2024-09-15 17:07:24,624 [main] INFO  impl.FilePerChunkStrategy (FilePerChunkStrategy.java:<init>(84)) - ozone.chunk.read.mapped.buffer.max.count is load with 0
2024-09-15 17:07:24,624 [main] INFO  impl.FilePerBlockStrategy (FilePerBlockStrategy.java:<init>(91)) - ozone.chunk.read.mapped.buffer.max.count is load with 0
2024-09-15 17:07:24,624 [main] INFO  server.RaftServerConfigKeys (ConfUtils.java:logGet(46)) - raft.server.log.appender.buffer.byte-limit = 33554432 (custom)
2024-09-15 17:07:24,625 [main] INFO  server.RaftServer (ConfUtils.java:logGet(46)) - raft.rpc.type = GRPC (default)
2024-09-15 17:07:24,625 [main] INFO  grpc.GrpcConfigKeys (ConfUtils.java:logFallback(53)) - raft.grpc.admin.host = null (fallback to raft.grpc.server.host)
2024-09-15 17:07:24,625 [main] INFO  grpc.GrpcConfigKeys (ConfUtils.java:logGet(46)) - raft.grpc.admin.port = 15180 (custom)
2024-09-15 17:07:24,625 [main] INFO  grpc.GrpcConfigKeys (ConfUtils.java:logFallback(53)) - raft.grpc.client.host = null (fallback to raft.grpc.server.host)
2024-09-15 17:07:24,625 [main] INFO  grpc.GrpcConfigKeys (ConfUtils.java:logGet(46)) - raft.grpc.client.port = 15180 (custom)
2024-09-15 17:07:24,625 [main] INFO  grpc.GrpcConfigKeys (ConfUtils.java:logGet(46)) - raft.grpc.server.host = null (default)
2024-09-15 17:07:24,626 [main] INFO  grpc.GrpcConfigKeys (ConfUtils.java:logGet(46)) - raft.grpc.server.port = 15180 (custom)
2024-09-15 17:07:24,626 [main] INFO  server.GrpcService (ConfUtils.java:logGet(46)) - raft.grpc.message.size.max = 34603008 (custom)
2024-09-15 17:07:24,626 [main] INFO  server.RaftServerConfigKeys (ConfUtils.java:logGet(46)) - raft.server.log.appender.buffer.byte-limit = 33554432 (custom)
2024-09-15 17:07:24,626 [main] INFO  server.GrpcService (ConfUtils.java:logGet(46)) - raft.grpc.flow.control.window = 5MB (=5242880) (custom)
2024-09-15 17:07:24,626 [main] INFO  server.RaftServerConfigKeys (ConfUtils.java:logGet(46)) - raft.server.rpc.request.timeout = 3000ms (default)
2024-09-15 17:07:24,626 [main] INFO  grpc.GrpcConfigKeys (ConfUtils.java:logGet(46)) - raft.grpc.server.heartbeat.channel = true (default)
2024-09-15 17:07:24,626 [main] INFO  grpc.GrpcConfigKeys (ConfUtils.java:logGet(46)) - raft.grpc.server.async.request.thread.pool.cached = true (default)
2024-09-15 17:07:24,626 [main] INFO  grpc.GrpcConfigKeys (ConfUtils.java:logGet(46)) - raft.grpc.server.async.request.thread.pool.size = 32 (default)
2024-09-15 17:07:24,627 [main] INFO  impl.DataStreamServerImpl (ConfUtils.java:logGet(46)) - raft.datastream.type = NETTY (custom)
2024-09-15 17:07:24,627 [main] INFO  server.RaftServerConfigKeys (ConfUtils.java:logGet(46)) - raft.server.data-stream.async.request.thread.pool.cached = false (default)
2024-09-15 17:07:24,627 [main] INFO  server.RaftServerConfigKeys (ConfUtils.java:logGet(46)) - raft.server.data-stream.async.request.thread.pool.size = 20 (custom)
2024-09-15 17:07:24,627 [main] INFO  server.RaftServerConfigKeys (ConfUtils.java:logGet(46)) - raft.server.data-stream.async.write.thread.pool.size = 16 (default)
2024-09-15 17:07:24,627 [main] INFO  netty.NettyConfigKeys$DataStream (ConfUtils.java:logGet(46)) - raft.netty.dataStream.server.channel.inactive.grace-period = 10min (default)
2024-09-15 17:07:24,627 [main] INFO  server.RaftServerConfigKeys (ConfUtils.java:logGet(46)) - raft.server.data-stream.client.pool.size = 10 (default)
2024-09-15 17:07:24,628 [main] INFO  netty.NettyConfigKeys$DataStream (ConfUtils.java:logGet(46)) - raft.netty.dataStream.server.use-epoll = true (default)
2024-09-15 17:07:24,628 [main] INFO  netty.NettyConfigKeys$DataStream (ConfUtils.java:logGet(46)) - raft.netty.dataStream.server.boss-group.size = 0 (default)
2024-09-15 17:07:24,628 [main] INFO  netty.NettyUtils (NettyUtils.java:newEventLoopGroup(74)) - Create EpollEventLoopGroup for 61f1eb6c-dc17-4b0b-858b-0bb1b85057d5-NettyServerStreamRpc-bossGroup; Thread size is 0.
2024-09-15 17:07:24,628 [main] INFO  netty.NettyConfigKeys$DataStream (ConfUtils.java:logGet(46)) - raft.netty.dataStream.server.worker-group.size = 0 (default)
2024-09-15 17:07:24,628 [main] INFO  netty.NettyUtils (NettyUtils.java:newEventLoopGroup(74)) - Create EpollEventLoopGroup for 61f1eb6c-dc17-4b0b-858b-0bb1b85057d5-NettyServerStreamRpc-workerGroup; Thread size is 0.
2024-09-15 17:07:24,628 [main] INFO  netty.NettyConfigKeys$DataStream (ConfUtils.java:logGet(46)) - raft.netty.dataStream.server.tls.conf = null (default)
2024-09-15 17:07:24,628 [main] INFO  netty.NettyConfigKeys$DataStream (ConfUtils.java:logGet(46)) - raft.netty.dataStream.host = null (default)
2024-09-15 17:07:24,629 [main] INFO  netty.NettyConfigKeys$DataStream (ConfUtils.java:logGet(46)) - raft.netty.dataStream.port = 15183 (custom)
2024-09-15 17:07:24,629 [main] INFO  server.RaftServerConfigKeys (ConfUtils.java:logGet(46)) - raft.server.sleep.deviation.threshold = 300ms (default)
2024-09-15 17:07:24,629 [main] INFO  server.RaftServerConfigKeys (ConfUtils.java:logGet(46)) - raft.server.close.threshold = 60s (default)
2024-09-15 17:07:24,629 [main] INFO  server.RaftServerConfigKeys (ConfUtils.java:logGet(46)) - raft.server.leaderelection.leader.step-down.wait-time = 10s (default)
2024-09-15 17:07:24,629 [61f1eb6c-dc17-4b0b-858b-0bb1b85057d5-NettyServerStreamRpc-bossGroup--thread1] INFO  logging.LoggingHandler (AbstractInternalLogger.java:log(148)) - [id: 0xbe219779] REGISTERED
2024-09-15 17:07:24,629 [main] INFO  server.RaftServerConfigKeys (ConfUtils.java:logGet(46)) - raft.server.storage.dir = [/home/runner/work/ozone/ozone/hadoop-ozone/integration-test/target/test-dir/MiniOzoneClusterImpl-eca91e6c-a84b-4041-8679-4afba91b5587/ozone-meta/datanode-2/ratis] (custom)
2024-09-15 17:07:24,629 [61f1eb6c-dc17-4b0b-858b-0bb1b85057d5-NettyServerStreamRpc-bossGroup--thread1] INFO  logging.LoggingHandler (AbstractInternalLogger.java:log(148)) - [id: 0xbe219779] BIND: 0.0.0.0/0.0.0.0:15183
2024-09-15 17:07:24,630 [main] INFO  server.RaftServerConfigKeys (ConfUtils.java:logGet(46)) - raft.server.threadpool.proxy.cached = true (default)
2024-09-15 17:07:24,630 [main] INFO  server.RaftServerConfigKeys (ConfUtils.java:logGet(46)) - raft.server.threadpool.proxy.size = 0 (default)
2024-09-15 17:07:24,630 [61f1eb6c-dc17-4b0b-858b-0bb1b85057d5-NettyServerStreamRpc-bossGroup--thread1] INFO  logging.LoggingHandler (AbstractInternalLogger.java:log(148)) - [id: 0xbe219779, L:/0.0.0.0:15183] ACTIVE
2024-09-15 17:07:24,634 [61f1eb6c-dc17-4b0b-858b-0bb1b85057d5-impl-thread1] INFO  server.RaftServer (RaftServerProxy.java:initGroupDir(266)) - 61f1eb6c-dc17-4b0b-858b-0bb1b85057d5: found a subdirectory /home/runner/work/ozone/ozone/hadoop-ozone/integration-test/target/test-dir/MiniOzoneClusterImpl-eca91e6c-a84b-4041-8679-4afba91b5587/ozone-meta/datanode-2/ratis/tmp
2024-09-15 17:07:24,634 [61f1eb6c-dc17-4b0b-858b-0bb1b85057d5-impl-thread1] INFO  server.RaftServer (RaftServerProxy.java:initGroupDir(271)) - 61f1eb6c-dc17-4b0b-858b-0bb1b85057d5: The directory /home/runner/work/ozone/ozone/hadoop-ozone/integration-test/target/test-dir/MiniOzoneClusterImpl-eca91e6c-a84b-4041-8679-4afba91b5587/ozone-meta/datanode-2/ratis/tmp is not a group directory; ignoring it. 
2024-09-15 17:07:24,634 [main] INFO  replication.ReplicationServer (ReplicationServer.java:<init>(86)) - Initializing replication server with thread count = 10 queue length = 4096
2024-09-15 17:07:24,635 [main] INFO  server.XceiverServerGrpc (XceiverServerGrpc.java:<init>(141)) - GrpcServer channel type EpollServerSocketChannel
2024-09-15 17:07:24,636 [main] INFO  replication.ReplicationSupervisor (ReplicationSupervisor.java:build(164)) - Initializing replication supervisor with thread count = 10
2024-09-15 17:07:24,636 [main] INFO  replication.ReplicationSupervisor (ReplicationSupervisor.java:nodeStateUpdated(336)) - Node state updated to IN_SERVICE, scaling executor pool size to 10
2024-09-15 17:07:24,638 [main] INFO  http.BaseHttpServer (BaseHttpServer.java:newHttpServer2BuilderForOzone(223)) - Starting Web-server for hddsDatanode at: http://0.0.0.0:15177
2024-09-15 17:07:24,638 [main] INFO  http.BaseHttpServer (BaseHttpServer.java:<init>(110)) - Hadoop Security Enabled: false Ozone Security Enabled: false Ozone HTTP Security Enabled: false 
2024-09-15 17:07:24,639 [main] WARN  server.AuthenticationFilter (AuthenticationFilter.java:constructSecretProvider(240)) - Unable to initialize FileSignerSecretProvider, falling back to use random secrets. Reason: Could not read signature secret file: /home/runner/hadoop-http-auth-signature-secret
2024-09-15 17:07:24,640 [main] INFO  http.HttpRequestLog (HttpRequestLog.java:getRequestLog(86)) - Http request log for http.requests.hddsDatanode is not defined
2024-09-15 17:07:24,641 [main] INFO  http.HttpServer2 (HttpServer2.java:addGlobalFilter(1035)) - Added global filter 'safety' (class=org.apache.hadoop.hdds.server.http.HttpServer2$QuotingInputFilter)
2024-09-15 17:07:24,641 [main] INFO  http.HttpServer2 (HttpServer2.java:addFilter(1011)) - Added filter static_user_filter (class=org.apache.hadoop.http.lib.StaticUserWebFilter$StaticUserFilter) to context hddsDatanode
2024-09-15 17:07:24,641 [main] INFO  http.HttpServer2 (HttpServer2.java:addFilter(1019)) - Added filter static_user_filter (class=org.apache.hadoop.http.lib.StaticUserWebFilter$StaticUserFilter) to context static
2024-09-15 17:07:24,641 [main] INFO  http.HttpServer2 (HttpServer2.java:addFilter(1019)) - Added filter static_user_filter (class=org.apache.hadoop.http.lib.StaticUserWebFilter$StaticUserFilter) to context logs
2024-09-15 17:07:24,642 [main] INFO  http.BaseHttpServer (BaseHttpServer.java:<init>(189)) - HTTP server of hddsDatanode uses base directory /home/runner/work/ozone/ozone/hadoop-ozone/integration-test/target/test-dir/MiniOzoneClusterImpl-eca91e6c-a84b-4041-8679-4afba91b5587/ozone-meta/datanode-2/meta/webserver
2024-09-15 17:07:24,642 [main] INFO  http.HttpServer2 (HttpServer2.java:bindListener(1235)) - Jetty bound to port 15177
2024-09-15 17:07:24,642 [main] INFO  server.Server (Server.java:doStart(375)) - jetty-9.4.56.v20240826; built: 2024-08-26T17:15:05.868Z; git: ec6782ff5ead824dabdcf47fa98f90a4aedff401; jvm 17.0.12+7
2024-09-15 17:07:24,643 [main] INFO  server.session (DefaultSessionIdManager.java:doStart(334)) - DefaultSessionIdManager workerName=node0
2024-09-15 17:07:24,644 [main] INFO  server.session (DefaultSessionIdManager.java:doStart(339)) - No SessionScavenger set, using defaults
2024-09-15 17:07:24,644 [main] INFO  server.session (HouseKeeper.java:startScavenging(132)) - node0 Scavenging every 660000ms
2024-09-15 17:07:24,644 [main] INFO  handler.ContextHandler (ContextHandler.java:doStart(921)) - Started o.e.j.s.ServletContextHandler@2835de0c{logs,/logs,file:///home/runner/work/ozone/ozone/hadoop-ozone/integration-test/target/log,AVAILABLE}
2024-09-15 17:07:24,645 [main] INFO  handler.ContextHandler (ContextHandler.java:doStart(921)) - Started o.e.j.s.ServletContextHandler@1c05de90{static,/static,jar:file:/home/runner/work/ozone/ozone/hadoop-hdds/container-service/target/hdds-container-service-1.5.0-SNAPSHOT.jar!/webapps/static,AVAILABLE}
2024-09-15 17:07:24,843 [main] INFO  handler.ContextHandler (ContextHandler.java:doStart(921)) - Started o.e.j.w.WebAppContext@424e7ab8{hddsDatanode,/,file:///home/runner/work/ozone/ozone/hadoop-ozone/integration-test/target/test-dir/MiniOzoneClusterImpl-eca91e6c-a84b-4041-8679-4afba91b5587/ozone-meta/datanode-2/meta/webserver/jetty-0_0_0_0-15177-hdds-container-service-1_5_0-SNAPSHOT_jar-_-any-5510154710763869248/webapp/,AVAILABLE}{jar:file:/home/runner/work/ozone/ozone/hadoop-hdds/container-service/target/hdds-container-service-1.5.0-SNAPSHOT.jar!/webapps/hddsDatanode}
2024-09-15 17:07:24,843 [main] INFO  server.AbstractConnector (AbstractConnector.java:doStart(333)) - Started ServerConnector@27e378d3{HTTP/1.1, (http/1.1)}{0.0.0.0:15177}
2024-09-15 17:07:24,844 [main] INFO  server.Server (Server.java:doStart(415)) - Started @163152ms
2024-09-15 17:07:24,844 [main] WARN  impl.MetricsSystemImpl (MetricsSystemImpl.java:register(279)) - Sink prometheus already exists!
2024-09-15 17:07:24,844 [main] INFO  http.BaseHttpServer (BaseHttpServer.java:updateConnectorAddress(354)) - HTTP server of hddsDatanode listening at http://0.0.0.0:15177
2024-09-15 17:07:24,845 [main] INFO  ipc.CallQueueManager (CallQueueManager.java:<init>(90)) - Using callQueue: class java.util.concurrent.LinkedBlockingQueue, queueCapacity: 1000, scheduler: class org.apache.hadoop.ipc.DefaultRpcScheduler, ipcBackoff: false.
2024-09-15 17:07:24,845 [main] INFO  ipc.Server (Server.java:<init>(1287)) - Listener at 0.0.0.0:15178
2024-09-15 17:07:24,845 [Socket Reader #1 for port 15178] INFO  ipc.Server (Server.java:run(1323)) - Starting Socket Reader #1 for port 15178
2024-09-15 17:07:24,845 [Socket Reader #2 for port 15178] INFO  ipc.Server (Server.java:run(1323)) - Starting Socket Reader #2 for port 15178
2024-09-15 17:07:24,845 [Socket Reader #3 for port 15178] INFO  ipc.Server (Server.java:run(1323)) - Starting Socket Reader #3 for port 15178
2024-09-15 17:07:24,846 [Socket Reader #4 for port 15178] INFO  ipc.Server (Server.java:run(1323)) - Starting Socket Reader #4 for port 15178
2024-09-15 17:07:24,846 [Socket Reader #5 for port 15178] INFO  ipc.Server (Server.java:run(1323)) - Starting Socket Reader #5 for port 15178
2024-09-15 17:07:24,847 [Socket Reader #6 for port 15178] INFO  ipc.Server (Server.java:run(1323)) - Starting Socket Reader #6 for port 15178
2024-09-15 17:07:24,847 [Socket Reader #7 for port 15178] INFO  ipc.Server (Server.java:run(1323)) - Starting Socket Reader #7 for port 15178
2024-09-15 17:07:24,847 [Socket Reader #8 for port 15178] INFO  ipc.Server (Server.java:run(1323)) - Starting Socket Reader #8 for port 15178
2024-09-15 17:07:24,847 [Socket Reader #9 for port 15178] INFO  ipc.Server (Server.java:run(1323)) - Starting Socket Reader #9 for port 15178
2024-09-15 17:07:24,848 [Socket Reader #10 for port 15178] INFO  ipc.Server (Server.java:run(1323)) - Starting Socket Reader #10 for port 15178
2024-09-15 17:07:24,848 [main] INFO  ozone.HddsDatanodeService (HddsDatanodeService.java:start(319)) - Datanode start with admins: [runner]
2024-09-15 17:07:24,848 [main] INFO  ozone.HddsDatanodeClientProtocolServer (HddsDatanodeClientProtocolServer.java:start(79)) - RPC server for Client /0.0.0.0:15178
2024-09-15 17:07:24,849 [IPC Server Responder] INFO  ipc.Server (Server.java:run(1562)) - IPC Server Responder: starting
2024-09-15 17:07:24,849 [IPC Server listener on 15178] INFO  ipc.Server (Server.java:run(1402)) - IPC Server listener on 15178: starting
2024-09-15 17:07:24,850 [main] WARN  dropwizard3.Dm3MetricRegistriesImpl (Dm3MetricRegistriesImpl.java:addReporterRegistration(114)) - New reporters are added after registries were created. Some metrics will be missing from the reporter. Please add reporter before adding any new registry.
2024-09-15 17:07:24,850 [main] WARN  dropwizard3.Dm3MetricRegistriesImpl (Dm3MetricRegistriesImpl.java:addReporterRegistration(114)) - New reporters are added after registries were created. Some metrics will be missing from the reporter. Please add reporter before adding any new registry.
2024-09-15 17:07:24,850 [main] INFO  impl.MetricsSystemImpl (MetricsSystemImpl.java:init(158)) - HddsDatanode metrics system started (again)
2024-09-15 17:07:24,851 [61f1eb6c-dc17-4b0b-858b-0bb1b85057d5-DatanodeStateMachineDaemonThread] INFO  statemachine.DatanodeStateMachine (DatanodeStateMachine.java:startStateMachineThread(337)) - Ozone container server started.
2024-09-15 17:07:24,852 [61f1eb6c-dc17-4b0b-858b-0bb1b85057d5-DatanodeStateMachineTaskThread-0] INFO  datanode.InitDatanodeState (InitDatanodeState.java:persistContainerDatanodeDetails(139)) - DatanodeDetails is persisted to /home/runner/work/ozone/ozone/hadoop-ozone/integration-test/target/test-dir/MiniOzoneClusterImpl-eca91e6c-a84b-4041-8679-4afba91b5587/ozone-meta/datanode-2/meta/datanode.id
2024-09-15 17:07:24,859 [main] INFO  ozone.HddsDatanodeService (HddsDatanodeService.java:start(235)) - HddsDatanodeService host:fv-az886-12 ip:10.1.0.33
2024-09-15 17:07:24,862 [main] INFO  upgrade.AbstractLayoutVersionManager (AbstractLayoutVersionManager.java:init(83)) - Initializing Layout version manager with metadata layout = HBASE_SUPPORT (version = 8), software layout = HBASE_SUPPORT (version = 8)
2024-09-15 17:07:24,862 [main] INFO  statemachine.DatanodeStateMachine (DatanodeStateMachine.java:getEndPointTaskThreadPoolSize(294)) - Datanode State Machine Task Thread Pool size 2
2024-09-15 17:07:24,863 [main] INFO  volume.HddsVolume (HddsVolume.java:<init>(127)) - Creating HddsVolume: /home/runner/work/ozone/ozone/hadoop-ozone/integration-test/target/test-dir/MiniOzoneClusterImpl-eca91e6c-a84b-4041-8679-4afba91b5587/ozone-meta/datanode-3/data-0/hdds of storage type : DISK capacity : 9222449699674390527
2024-09-15 17:07:24,863 [main] INFO  volume.MutableVolumeSet (MutableVolumeSet.java:initializeVolumeSet(173)) - Added Volume : /home/runner/work/ozone/ozone/hadoop-ozone/integration-test/target/test-dir/MiniOzoneClusterImpl-eca91e6c-a84b-4041-8679-4afba91b5587/ozone-meta/datanode-3/data-0/hdds to VolumeSet
2024-09-15 17:07:24,864 [main] INFO  volume.MutableVolumeSet (MutableVolumeSet.java:initializeVolumeSet(173)) - Added Volume : /home/runner/work/ozone/ozone/hadoop-ozone/integration-test/target/test-dir/MiniOzoneClusterImpl-eca91e6c-a84b-4041-8679-4afba91b5587/ozone-meta/datanode-3/ratis to VolumeSet
2024-09-15 17:07:24,864 [main] INFO  ozoneimpl.OzoneContainer (HddsVolumeUtil.java:loadAllHddsVolumeDbStore(103)) - Load 1 volumes DbStore cost: 0ms
2024-09-15 17:07:24,865 [main] INFO  impl.FilePerChunkStrategy (FilePerChunkStrategy.java:<init>(84)) - ozone.chunk.read.mapped.buffer.max.count is load with 0
2024-09-15 17:07:24,865 [main] INFO  impl.FilePerBlockStrategy (FilePerBlockStrategy.java:<init>(91)) - ozone.chunk.read.mapped.buffer.max.count is load with 0
2024-09-15 17:07:24,866 [main] INFO  server.RaftServerConfigKeys (ConfUtils.java:logGet(46)) - raft.server.log.appender.buffer.byte-limit = 33554432 (custom)
2024-09-15 17:07:24,866 [main] INFO  server.RaftServer (ConfUtils.java:logGet(46)) - raft.rpc.type = GRPC (default)
2024-09-15 17:07:24,866 [main] INFO  grpc.GrpcConfigKeys (ConfUtils.java:logFallback(53)) - raft.grpc.admin.host = null (fallback to raft.grpc.server.host)
2024-09-15 17:07:24,867 [main] INFO  grpc.GrpcConfigKeys (ConfUtils.java:logGet(46)) - raft.grpc.admin.port = 15189 (custom)
2024-09-15 17:07:24,867 [main] INFO  grpc.GrpcConfigKeys (ConfUtils.java:logFallback(53)) - raft.grpc.client.host = null (fallback to raft.grpc.server.host)
2024-09-15 17:07:24,867 [main] INFO  grpc.GrpcConfigKeys (ConfUtils.java:logGet(46)) - raft.grpc.client.port = 15189 (custom)
2024-09-15 17:07:24,867 [main] INFO  grpc.GrpcConfigKeys (ConfUtils.java:logGet(46)) - raft.grpc.server.host = null (default)
2024-09-15 17:07:24,867 [main] INFO  grpc.GrpcConfigKeys (ConfUtils.java:logGet(46)) - raft.grpc.server.port = 15189 (custom)
2024-09-15 17:07:24,867 [main] INFO  server.GrpcService (ConfUtils.java:logGet(46)) - raft.grpc.message.size.max = 34603008 (custom)
2024-09-15 17:07:24,867 [main] INFO  server.RaftServerConfigKeys (ConfUtils.java:logGet(46)) - raft.server.log.appender.buffer.byte-limit = 33554432 (custom)
2024-09-15 17:07:24,867 [main] INFO  server.GrpcService (ConfUtils.java:logGet(46)) - raft.grpc.flow.control.window = 5MB (=5242880) (custom)
2024-09-15 17:07:24,868 [main] INFO  server.RaftServerConfigKeys (ConfUtils.java:logGet(46)) - raft.server.rpc.request.timeout = 3000ms (default)
2024-09-15 17:07:24,868 [main] INFO  grpc.GrpcConfigKeys (ConfUtils.java:logGet(46)) - raft.grpc.server.heartbeat.channel = true (default)
2024-09-15 17:07:24,868 [main] INFO  grpc.GrpcConfigKeys (ConfUtils.java:logGet(46)) - raft.grpc.server.async.request.thread.pool.cached = true (default)
2024-09-15 17:07:24,868 [main] INFO  grpc.GrpcConfigKeys (ConfUtils.java:logGet(46)) - raft.grpc.server.async.request.thread.pool.size = 32 (default)
2024-09-15 17:07:24,869 [main] INFO  impl.DataStreamServerImpl (ConfUtils.java:logGet(46)) - raft.datastream.type = NETTY (custom)
2024-09-15 17:07:24,869 [main] INFO  server.RaftServerConfigKeys (ConfUtils.java:logGet(46)) - raft.server.data-stream.async.request.thread.pool.cached = false (default)
2024-09-15 17:07:24,869 [main] INFO  server.RaftServerConfigKeys (ConfUtils.java:logGet(46)) - raft.server.data-stream.async.request.thread.pool.size = 20 (custom)
2024-09-15 17:07:24,869 [main] INFO  server.RaftServerConfigKeys (ConfUtils.java:logGet(46)) - raft.server.data-stream.async.write.thread.pool.size = 16 (default)
2024-09-15 17:07:24,869 [main] INFO  netty.NettyConfigKeys$DataStream (ConfUtils.java:logGet(46)) - raft.netty.dataStream.server.channel.inactive.grace-period = 10min (default)
2024-09-15 17:07:24,869 [main] INFO  server.RaftServerConfigKeys (ConfUtils.java:logGet(46)) - raft.server.data-stream.client.pool.size = 10 (default)
2024-09-15 17:07:24,870 [main] INFO  netty.NettyConfigKeys$DataStream (ConfUtils.java:logGet(46)) - raft.netty.dataStream.server.use-epoll = true (default)
2024-09-15 17:07:24,870 [main] INFO  netty.NettyConfigKeys$DataStream (ConfUtils.java:logGet(46)) - raft.netty.dataStream.server.boss-group.size = 0 (default)
2024-09-15 17:07:24,870 [main] INFO  netty.NettyUtils (NettyUtils.java:newEventLoopGroup(74)) - Create EpollEventLoopGroup for fdb1bdfc-cd38-46a5-a741-21faac0cf152-NettyServerStreamRpc-bossGroup; Thread size is 0.
2024-09-15 17:07:24,870 [main] INFO  netty.NettyConfigKeys$DataStream (ConfUtils.java:logGet(46)) - raft.netty.dataStream.server.worker-group.size = 0 (default)
2024-09-15 17:07:24,870 [main] INFO  netty.NettyUtils (NettyUtils.java:newEventLoopGroup(74)) - Create EpollEventLoopGroup for fdb1bdfc-cd38-46a5-a741-21faac0cf152-NettyServerStreamRpc-workerGroup; Thread size is 0.
2024-09-15 17:07:24,870 [main] INFO  netty.NettyConfigKeys$DataStream (ConfUtils.java:logGet(46)) - raft.netty.dataStream.server.tls.conf = null (default)
2024-09-15 17:07:24,871 [main] INFO  netty.NettyConfigKeys$DataStream (ConfUtils.java:logGet(46)) - raft.netty.dataStream.host = null (default)
2024-09-15 17:07:24,871 [main] INFO  netty.NettyConfigKeys$DataStream (ConfUtils.java:logGet(46)) - raft.netty.dataStream.port = 15192 (custom)
2024-09-15 17:07:24,871 [main] INFO  server.RaftServerConfigKeys (ConfUtils.java:logGet(46)) - raft.server.sleep.deviation.threshold = 300ms (default)
2024-09-15 17:07:24,871 [main] INFO  server.RaftServerConfigKeys (ConfUtils.java:logGet(46)) - raft.server.close.threshold = 60s (default)
2024-09-15 17:07:24,871 [main] INFO  server.RaftServerConfigKeys (ConfUtils.java:logGet(46)) - raft.server.leaderelection.leader.step-down.wait-time = 10s (default)
2024-09-15 17:07:24,872 [main] INFO  server.RaftServerConfigKeys (ConfUtils.java:logGet(46)) - raft.server.storage.dir = [/home/runner/work/ozone/ozone/hadoop-ozone/integration-test/target/test-dir/MiniOzoneClusterImpl-eca91e6c-a84b-4041-8679-4afba91b5587/ozone-meta/datanode-3/ratis] (custom)
2024-09-15 17:07:24,872 [main] INFO  server.RaftServerConfigKeys (ConfUtils.java:logGet(46)) - raft.server.threadpool.proxy.cached = true (default)
2024-09-15 17:07:24,872 [main] INFO  server.RaftServerConfigKeys (ConfUtils.java:logGet(46)) - raft.server.threadpool.proxy.size = 0 (default)
2024-09-15 17:07:24,871 [fdb1bdfc-cd38-46a5-a741-21faac0cf152-NettyServerStreamRpc-bossGroup--thread1] INFO  logging.LoggingHandler (AbstractInternalLogger.java:log(148)) - [id: 0xca1b3fe0] REGISTERED
2024-09-15 17:07:24,872 [fdb1bdfc-cd38-46a5-a741-21faac0cf152-NettyServerStreamRpc-bossGroup--thread1] INFO  logging.LoggingHandler (AbstractInternalLogger.java:log(148)) - [id: 0xca1b3fe0] BIND: 0.0.0.0/0.0.0.0:15192
2024-09-15 17:07:24,872 [fdb1bdfc-cd38-46a5-a741-21faac0cf152-impl-thread1] INFO  server.RaftServer (RaftServerProxy.java:initGroupDir(266)) - fdb1bdfc-cd38-46a5-a741-21faac0cf152: found a subdirectory /home/runner/work/ozone/ozone/hadoop-ozone/integration-test/target/test-dir/MiniOzoneClusterImpl-eca91e6c-a84b-4041-8679-4afba91b5587/ozone-meta/datanode-3/ratis/tmp
2024-09-15 17:07:24,872 [fdb1bdfc-cd38-46a5-a741-21faac0cf152-impl-thread1] INFO  server.RaftServer (RaftServerProxy.java:initGroupDir(271)) - fdb1bdfc-cd38-46a5-a741-21faac0cf152: The directory /home/runner/work/ozone/ozone/hadoop-ozone/integration-test/target/test-dir/MiniOzoneClusterImpl-eca91e6c-a84b-4041-8679-4afba91b5587/ozone-meta/datanode-3/ratis/tmp is not a group directory; ignoring it. 
2024-09-15 17:07:24,872 [fdb1bdfc-cd38-46a5-a741-21faac0cf152-NettyServerStreamRpc-bossGroup--thread1] INFO  logging.LoggingHandler (AbstractInternalLogger.java:log(148)) - [id: 0xca1b3fe0, L:/0.0.0.0:15192] ACTIVE
2024-09-15 17:07:24,873 [main] INFO  replication.ReplicationServer (ReplicationServer.java:<init>(86)) - Initializing replication server with thread count = 10 queue length = 4096
2024-09-15 17:07:24,874 [main] INFO  server.XceiverServerGrpc (XceiverServerGrpc.java:<init>(141)) - GrpcServer channel type EpollServerSocketChannel
2024-09-15 17:07:24,875 [main] INFO  replication.ReplicationSupervisor (ReplicationSupervisor.java:build(164)) - Initializing replication supervisor with thread count = 10
2024-09-15 17:07:24,875 [main] INFO  replication.ReplicationSupervisor (ReplicationSupervisor.java:nodeStateUpdated(336)) - Node state updated to IN_SERVICE, scaling executor pool size to 10
2024-09-15 17:07:24,876 [main] INFO  http.BaseHttpServer (BaseHttpServer.java:newHttpServer2BuilderForOzone(223)) - Starting Web-server for hddsDatanode at: http://0.0.0.0:15186
2024-09-15 17:07:24,877 [main] INFO  http.BaseHttpServer (BaseHttpServer.java:<init>(110)) - Hadoop Security Enabled: false Ozone Security Enabled: false Ozone HTTP Security Enabled: false 
2024-09-15 17:07:24,878 [main] WARN  server.AuthenticationFilter (AuthenticationFilter.java:constructSecretProvider(240)) - Unable to initialize FileSignerSecretProvider, falling back to use random secrets. Reason: Could not read signature secret file: /home/runner/hadoop-http-auth-signature-secret
2024-09-15 17:07:24,878 [main] INFO  http.HttpRequestLog (HttpRequestLog.java:getRequestLog(86)) - Http request log for http.requests.hddsDatanode is not defined
2024-09-15 17:07:24,879 [main] INFO  http.HttpServer2 (HttpServer2.java:addGlobalFilter(1035)) - Added global filter 'safety' (class=org.apache.hadoop.hdds.server.http.HttpServer2$QuotingInputFilter)
2024-09-15 17:07:24,880 [main] INFO  http.HttpServer2 (HttpServer2.java:addFilter(1011)) - Added filter static_user_filter (class=org.apache.hadoop.http.lib.StaticUserWebFilter$StaticUserFilter) to context hddsDatanode
2024-09-15 17:07:24,880 [main] INFO  http.HttpServer2 (HttpServer2.java:addFilter(1019)) - Added filter static_user_filter (class=org.apache.hadoop.http.lib.StaticUserWebFilter$StaticUserFilter) to context logs
2024-09-15 17:07:24,880 [main] INFO  http.HttpServer2 (HttpServer2.java:addFilter(1019)) - Added filter static_user_filter (class=org.apache.hadoop.http.lib.StaticUserWebFilter$StaticUserFilter) to context static
2024-09-15 17:07:24,881 [main] INFO  http.BaseHttpServer (BaseHttpServer.java:<init>(189)) - HTTP server of hddsDatanode uses base directory /home/runner/work/ozone/ozone/hadoop-ozone/integration-test/target/test-dir/MiniOzoneClusterImpl-eca91e6c-a84b-4041-8679-4afba91b5587/ozone-meta/datanode-3/meta/webserver
2024-09-15 17:07:24,881 [main] INFO  http.HttpServer2 (HttpServer2.java:bindListener(1235)) - Jetty bound to port 15186
2024-09-15 17:07:24,881 [main] INFO  server.Server (Server.java:doStart(375)) - jetty-9.4.56.v20240826; built: 2024-08-26T17:15:05.868Z; git: ec6782ff5ead824dabdcf47fa98f90a4aedff401; jvm 17.0.12+7
2024-09-15 17:07:24,882 [main] INFO  server.session (DefaultSessionIdManager.java:doStart(334)) - DefaultSessionIdManager workerName=node0
2024-09-15 17:07:24,882 [main] INFO  server.session (DefaultSessionIdManager.java:doStart(339)) - No SessionScavenger set, using defaults
2024-09-15 17:07:24,883 [main] INFO  server.session (HouseKeeper.java:startScavenging(132)) - node0 Scavenging every 600000ms
2024-09-15 17:07:24,883 [main] INFO  handler.ContextHandler (ContextHandler.java:doStart(921)) - Started o.e.j.s.ServletContextHandler@14616362{logs,/logs,file:///home/runner/work/ozone/ozone/hadoop-ozone/integration-test/target/log,AVAILABLE}
2024-09-15 17:07:24,884 [main] INFO  handler.ContextHandler (ContextHandler.java:doStart(921)) - Started o.e.j.s.ServletContextHandler@7fd7bf93{static,/static,jar:file:/home/runner/work/ozone/ozone/hadoop-hdds/container-service/target/hdds-container-service-1.5.0-SNAPSHOT.jar!/webapps/static,AVAILABLE}
2024-09-15 17:07:25,075 [main] INFO  handler.ContextHandler (ContextHandler.java:doStart(921)) - Started o.e.j.w.WebAppContext@7a55eed5{hddsDatanode,/,file:///home/runner/work/ozone/ozone/hadoop-ozone/integration-test/target/test-dir/MiniOzoneClusterImpl-eca91e6c-a84b-4041-8679-4afba91b5587/ozone-meta/datanode-3/meta/webserver/jetty-0_0_0_0-15186-hdds-container-service-1_5_0-SNAPSHOT_jar-_-any-17650126387315913689/webapp/,AVAILABLE}{jar:file:/home/runner/work/ozone/ozone/hadoop-hdds/container-service/target/hdds-container-service-1.5.0-SNAPSHOT.jar!/webapps/hddsDatanode}
2024-09-15 17:07:25,075 [main] INFO  server.AbstractConnector (AbstractConnector.java:doStart(333)) - Started ServerConnector@79d0d204{HTTP/1.1, (http/1.1)}{0.0.0.0:15186}
2024-09-15 17:07:25,075 [main] INFO  server.Server (Server.java:doStart(415)) - Started @163384ms
2024-09-15 17:07:25,076 [main] WARN  impl.MetricsSystemImpl (MetricsSystemImpl.java:register(279)) - Sink prometheus already exists!
2024-09-15 17:07:25,076 [main] INFO  http.BaseHttpServer (BaseHttpServer.java:updateConnectorAddress(354)) - HTTP server of hddsDatanode listening at http://0.0.0.0:15186
2024-09-15 17:07:25,076 [main] INFO  ipc.CallQueueManager (CallQueueManager.java:<init>(90)) - Using callQueue: class java.util.concurrent.LinkedBlockingQueue, queueCapacity: 1000, scheduler: class org.apache.hadoop.ipc.DefaultRpcScheduler, ipcBackoff: false.
2024-09-15 17:07:25,077 [main] INFO  ipc.Server (Server.java:<init>(1287)) - Listener at 0.0.0.0:15187
2024-09-15 17:07:25,077 [Socket Reader #1 for port 15187] INFO  ipc.Server (Server.java:run(1323)) - Starting Socket Reader #1 for port 15187
2024-09-15 17:07:25,077 [Socket Reader #2 for port 15187] INFO  ipc.Server (Server.java:run(1323)) - Starting Socket Reader #2 for port 15187
2024-09-15 17:07:25,077 [Socket Reader #3 for port 15187] INFO  ipc.Server (Server.java:run(1323)) - Starting Socket Reader #3 for port 15187
2024-09-15 17:07:25,078 [Socket Reader #4 for port 15187] INFO  ipc.Server (Server.java:run(1323)) - Starting Socket Reader #4 for port 15187
2024-09-15 17:07:25,078 [Socket Reader #5 for port 15187] INFO  ipc.Server (Server.java:run(1323)) - Starting Socket Reader #5 for port 15187
2024-09-15 17:07:25,078 [Socket Reader #6 for port 15187] INFO  ipc.Server (Server.java:run(1323)) - Starting Socket Reader #6 for port 15187
2024-09-15 17:07:25,078 [Socket Reader #7 for port 15187] INFO  ipc.Server (Server.java:run(1323)) - Starting Socket Reader #7 for port 15187
2024-09-15 17:07:25,079 [Socket Reader #8 for port 15187] INFO  ipc.Server (Server.java:run(1323)) - Starting Socket Reader #8 for port 15187
2024-09-15 17:07:25,079 [Socket Reader #9 for port 15187] INFO  ipc.Server (Server.java:run(1323)) - Starting Socket Reader #9 for port 15187
2024-09-15 17:07:25,079 [Socket Reader #10 for port 15187] INFO  ipc.Server (Server.java:run(1323)) - Starting Socket Reader #10 for port 15187
2024-09-15 17:07:25,080 [main] INFO  ozone.HddsDatanodeService (HddsDatanodeService.java:start(319)) - Datanode start with admins: [runner]
2024-09-15 17:07:25,080 [main] INFO  ozone.HddsDatanodeClientProtocolServer (HddsDatanodeClientProtocolServer.java:start(79)) - RPC server for Client /0.0.0.0:15187
2024-09-15 17:07:25,080 [IPC Server Responder] INFO  ipc.Server (Server.java:run(1562)) - IPC Server Responder: starting
2024-09-15 17:07:25,080 [IPC Server listener on 15187] INFO  ipc.Server (Server.java:run(1402)) - IPC Server listener on 15187: starting
2024-09-15 17:07:25,082 [main] WARN  dropwizard3.Dm3MetricRegistriesImpl (Dm3MetricRegistriesImpl.java:addReporterRegistration(114)) - New reporters are added after registries were created. Some metrics will be missing from the reporter. Please add reporter before adding any new registry.
2024-09-15 17:07:25,082 [main] WARN  dropwizard3.Dm3MetricRegistriesImpl (Dm3MetricRegistriesImpl.java:addReporterRegistration(114)) - New reporters are added after registries were created. Some metrics will be missing from the reporter. Please add reporter before adding any new registry.
2024-09-15 17:07:25,082 [main] INFO  impl.MetricsSystemImpl (MetricsSystemImpl.java:init(158)) - HddsDatanode metrics system started (again)
2024-09-15 17:07:25,083 [fdb1bdfc-cd38-46a5-a741-21faac0cf152-DatanodeStateMachineDaemonThread] INFO  statemachine.DatanodeStateMachine (DatanodeStateMachine.java:startStateMachineThread(337)) - Ozone container server started.
2024-09-15 17:07:25,085 [fdb1bdfc-cd38-46a5-a741-21faac0cf152-DatanodeStateMachineTaskThread-0] INFO  datanode.InitDatanodeState (InitDatanodeState.java:persistContainerDatanodeDetails(139)) - DatanodeDetails is persisted to /home/runner/work/ozone/ozone/hadoop-ozone/integration-test/target/test-dir/MiniOzoneClusterImpl-eca91e6c-a84b-4041-8679-4afba91b5587/ozone-meta/datanode-3/meta/datanode.id
2024-09-15 17:07:25,094 [main] INFO  ozone.HddsDatanodeService (HddsDatanodeService.java:start(235)) - HddsDatanodeService host:fv-az886-12 ip:10.1.0.33
2024-09-15 17:07:25,096 [main] INFO  upgrade.AbstractLayoutVersionManager (AbstractLayoutVersionManager.java:init(83)) - Initializing Layout version manager with metadata layout = HBASE_SUPPORT (version = 8), software layout = HBASE_SUPPORT (version = 8)
2024-09-15 17:07:25,097 [main] INFO  statemachine.DatanodeStateMachine (DatanodeStateMachine.java:getEndPointTaskThreadPoolSize(294)) - Datanode State Machine Task Thread Pool size 2
2024-09-15 17:07:25,098 [main] INFO  volume.HddsVolume (HddsVolume.java:<init>(127)) - Creating HddsVolume: /home/runner/work/ozone/ozone/hadoop-ozone/integration-test/target/test-dir/MiniOzoneClusterImpl-eca91e6c-a84b-4041-8679-4afba91b5587/ozone-meta/datanode-4/data-0/hdds of storage type : DISK capacity : 9222449699674390527
2024-09-15 17:07:25,099 [main] INFO  volume.MutableVolumeSet (MutableVolumeSet.java:initializeVolumeSet(173)) - Added Volume : /home/runner/work/ozone/ozone/hadoop-ozone/integration-test/target/test-dir/MiniOzoneClusterImpl-eca91e6c-a84b-4041-8679-4afba91b5587/ozone-meta/datanode-4/data-0/hdds to VolumeSet
2024-09-15 17:07:25,099 [main] INFO  volume.MutableVolumeSet (MutableVolumeSet.java:initializeVolumeSet(173)) - Added Volume : /home/runner/work/ozone/ozone/hadoop-ozone/integration-test/target/test-dir/MiniOzoneClusterImpl-eca91e6c-a84b-4041-8679-4afba91b5587/ozone-meta/datanode-4/ratis to VolumeSet
2024-09-15 17:07:25,099 [main] INFO  ozoneimpl.OzoneContainer (HddsVolumeUtil.java:loadAllHddsVolumeDbStore(103)) - Load 1 volumes DbStore cost: 0ms
2024-09-15 17:07:25,100 [main] INFO  impl.FilePerChunkStrategy (FilePerChunkStrategy.java:<init>(84)) - ozone.chunk.read.mapped.buffer.max.count is load with 0
2024-09-15 17:07:25,100 [main] INFO  impl.FilePerBlockStrategy (FilePerBlockStrategy.java:<init>(91)) - ozone.chunk.read.mapped.buffer.max.count is load with 0
2024-09-15 17:07:25,101 [main] INFO  server.RaftServerConfigKeys (ConfUtils.java:logGet(46)) - raft.server.log.appender.buffer.byte-limit = 33554432 (custom)
2024-09-15 17:07:25,102 [main] INFO  server.RaftServer (ConfUtils.java:logGet(46)) - raft.rpc.type = GRPC (default)
2024-09-15 17:07:25,102 [main] INFO  grpc.GrpcConfigKeys (ConfUtils.java:logFallback(53)) - raft.grpc.admin.host = null (fallback to raft.grpc.server.host)
2024-09-15 17:07:25,102 [main] INFO  grpc.GrpcConfigKeys (ConfUtils.java:logGet(46)) - raft.grpc.admin.port = 15198 (custom)
2024-09-15 17:07:25,102 [main] INFO  grpc.GrpcConfigKeys (ConfUtils.java:logFallback(53)) - raft.grpc.client.host = null (fallback to raft.grpc.server.host)
2024-09-15 17:07:25,102 [main] INFO  grpc.GrpcConfigKeys (ConfUtils.java:logGet(46)) - raft.grpc.client.port = 15198 (custom)
2024-09-15 17:07:25,102 [main] INFO  grpc.GrpcConfigKeys (ConfUtils.java:logGet(46)) - raft.grpc.server.host = null (default)
2024-09-15 17:07:25,102 [main] INFO  grpc.GrpcConfigKeys (ConfUtils.java:logGet(46)) - raft.grpc.server.port = 15198 (custom)
2024-09-15 17:07:25,103 [main] INFO  server.GrpcService (ConfUtils.java:logGet(46)) - raft.grpc.message.size.max = 34603008 (custom)
2024-09-15 17:07:25,103 [main] INFO  server.RaftServerConfigKeys (ConfUtils.java:logGet(46)) - raft.server.log.appender.buffer.byte-limit = 33554432 (custom)
2024-09-15 17:07:25,103 [main] INFO  server.GrpcService (ConfUtils.java:logGet(46)) - raft.grpc.flow.control.window = 5MB (=5242880) (custom)
2024-09-15 17:07:25,103 [main] INFO  server.RaftServerConfigKeys (ConfUtils.java:logGet(46)) - raft.server.rpc.request.timeout = 3000ms (default)
2024-09-15 17:07:25,103 [main] INFO  grpc.GrpcConfigKeys (ConfUtils.java:logGet(46)) - raft.grpc.server.heartbeat.channel = true (default)
2024-09-15 17:07:25,103 [main] INFO  grpc.GrpcConfigKeys (ConfUtils.java:logGet(46)) - raft.grpc.server.async.request.thread.pool.cached = true (default)
2024-09-15 17:07:25,103 [main] INFO  grpc.GrpcConfigKeys (ConfUtils.java:logGet(46)) - raft.grpc.server.async.request.thread.pool.size = 32 (default)
2024-09-15 17:07:25,104 [main] INFO  impl.DataStreamServerImpl (ConfUtils.java:logGet(46)) - raft.datastream.type = NETTY (custom)
2024-09-15 17:07:25,104 [main] INFO  server.RaftServerConfigKeys (ConfUtils.java:logGet(46)) - raft.server.data-stream.async.request.thread.pool.cached = false (default)
2024-09-15 17:07:25,105 [main] INFO  server.RaftServerConfigKeys (ConfUtils.java:logGet(46)) - raft.server.data-stream.async.request.thread.pool.size = 20 (custom)
2024-09-15 17:07:25,105 [main] INFO  server.RaftServerConfigKeys (ConfUtils.java:logGet(46)) - raft.server.data-stream.async.write.thread.pool.size = 16 (default)
2024-09-15 17:07:25,105 [main] INFO  netty.NettyConfigKeys$DataStream (ConfUtils.java:logGet(46)) - raft.netty.dataStream.server.channel.inactive.grace-period = 10min (default)
2024-09-15 17:07:25,105 [main] INFO  server.RaftServerConfigKeys (ConfUtils.java:logGet(46)) - raft.server.data-stream.client.pool.size = 10 (default)
2024-09-15 17:07:25,105 [main] INFO  netty.NettyConfigKeys$DataStream (ConfUtils.java:logGet(46)) - raft.netty.dataStream.server.use-epoll = true (default)
2024-09-15 17:07:25,105 [main] INFO  netty.NettyConfigKeys$DataStream (ConfUtils.java:logGet(46)) - raft.netty.dataStream.server.boss-group.size = 0 (default)
2024-09-15 17:07:25,106 [main] INFO  netty.NettyUtils (NettyUtils.java:newEventLoopGroup(74)) - Create EpollEventLoopGroup for c2143be1-a980-4ca9-9b44-5c7f6a3ce2c0-NettyServerStreamRpc-bossGroup; Thread size is 0.
2024-09-15 17:07:25,106 [main] INFO  netty.NettyConfigKeys$DataStream (ConfUtils.java:logGet(46)) - raft.netty.dataStream.server.worker-group.size = 0 (default)
2024-09-15 17:07:25,106 [main] INFO  netty.NettyUtils (NettyUtils.java:newEventLoopGroup(74)) - Create EpollEventLoopGroup for c2143be1-a980-4ca9-9b44-5c7f6a3ce2c0-NettyServerStreamRpc-workerGroup; Thread size is 0.
2024-09-15 17:07:25,106 [main] INFO  netty.NettyConfigKeys$DataStream (ConfUtils.java:logGet(46)) - raft.netty.dataStream.server.tls.conf = null (default)
2024-09-15 17:07:25,106 [main] INFO  netty.NettyConfigKeys$DataStream (ConfUtils.java:logGet(46)) - raft.netty.dataStream.host = null (default)
2024-09-15 17:07:25,107 [main] INFO  netty.NettyConfigKeys$DataStream (ConfUtils.java:logGet(46)) - raft.netty.dataStream.port = 15201 (custom)
2024-09-15 17:07:25,107 [main] INFO  server.RaftServerConfigKeys (ConfUtils.java:logGet(46)) - raft.server.sleep.deviation.threshold = 300ms (default)
2024-09-15 17:07:25,107 [main] INFO  server.RaftServerConfigKeys (ConfUtils.java:logGet(46)) - raft.server.close.threshold = 60s (default)
2024-09-15 17:07:25,108 [main] INFO  server.RaftServerConfigKeys (ConfUtils.java:logGet(46)) - raft.server.leaderelection.leader.step-down.wait-time = 10s (default)
2024-09-15 17:07:25,107 [c2143be1-a980-4ca9-9b44-5c7f6a3ce2c0-NettyServerStreamRpc-bossGroup--thread1] INFO  logging.LoggingHandler (AbstractInternalLogger.java:log(148)) - [id: 0xb4b6659e] REGISTERED
2024-09-15 17:07:25,108 [c2143be1-a980-4ca9-9b44-5c7f6a3ce2c0-NettyServerStreamRpc-bossGroup--thread1] INFO  logging.LoggingHandler (AbstractInternalLogger.java:log(148)) - [id: 0xb4b6659e] BIND: 0.0.0.0/0.0.0.0:15201
2024-09-15 17:07:25,108 [c2143be1-a980-4ca9-9b44-5c7f6a3ce2c0-NettyServerStreamRpc-bossGroup--thread1] INFO  logging.LoggingHandler (AbstractInternalLogger.java:log(148)) - [id: 0xb4b6659e, L:/0.0.0.0:15201] ACTIVE
2024-09-15 17:07:25,108 [main] INFO  server.RaftServerConfigKeys (ConfUtils.java:logGet(46)) - raft.server.storage.dir = [/home/runner/work/ozone/ozone/hadoop-ozone/integration-test/target/test-dir/MiniOzoneClusterImpl-eca91e6c-a84b-4041-8679-4afba91b5587/ozone-meta/datanode-4/ratis] (custom)
2024-09-15 17:07:25,108 [main] INFO  server.RaftServerConfigKeys (ConfUtils.java:logGet(46)) - raft.server.threadpool.proxy.cached = true (default)
2024-09-15 17:07:25,109 [main] INFO  server.RaftServerConfigKeys (ConfUtils.java:logGet(46)) - raft.server.threadpool.proxy.size = 0 (default)
2024-09-15 17:07:25,109 [c2143be1-a980-4ca9-9b44-5c7f6a3ce2c0-impl-thread1] INFO  server.RaftServer (RaftServerProxy.java:initGroupDir(266)) - c2143be1-a980-4ca9-9b44-5c7f6a3ce2c0: found a subdirectory /home/runner/work/ozone/ozone/hadoop-ozone/integration-test/target/test-dir/MiniOzoneClusterImpl-eca91e6c-a84b-4041-8679-4afba91b5587/ozone-meta/datanode-4/ratis/tmp
2024-09-15 17:07:25,109 [c2143be1-a980-4ca9-9b44-5c7f6a3ce2c0-impl-thread1] INFO  server.RaftServer (RaftServerProxy.java:initGroupDir(271)) - c2143be1-a980-4ca9-9b44-5c7f6a3ce2c0: The directory /home/runner/work/ozone/ozone/hadoop-ozone/integration-test/target/test-dir/MiniOzoneClusterImpl-eca91e6c-a84b-4041-8679-4afba91b5587/ozone-meta/datanode-4/ratis/tmp is not a group directory; ignoring it. 
2024-09-15 17:07:25,109 [main] INFO  replication.ReplicationServer (ReplicationServer.java:<init>(86)) - Initializing replication server with thread count = 10 queue length = 4096
2024-09-15 17:07:25,113 [main] INFO  server.XceiverServerGrpc (XceiverServerGrpc.java:<init>(141)) - GrpcServer channel type EpollServerSocketChannel
2024-09-15 17:07:25,115 [main] INFO  replication.ReplicationSupervisor (ReplicationSupervisor.java:build(164)) - Initializing replication supervisor with thread count = 10
2024-09-15 17:07:25,115 [main] INFO  replication.ReplicationSupervisor (ReplicationSupervisor.java:nodeStateUpdated(336)) - Node state updated to IN_SERVICE, scaling executor pool size to 10
2024-09-15 17:07:25,118 [main] INFO  http.BaseHttpServer (BaseHttpServer.java:newHttpServer2BuilderForOzone(223)) - Starting Web-server for hddsDatanode at: http://0.0.0.0:15195
2024-09-15 17:07:25,118 [main] INFO  http.BaseHttpServer (BaseHttpServer.java:<init>(110)) - Hadoop Security Enabled: false Ozone Security Enabled: false Ozone HTTP Security Enabled: false 
2024-09-15 17:07:25,118 [main] WARN  server.AuthenticationFilter (AuthenticationFilter.java:constructSecretProvider(240)) - Unable to initialize FileSignerSecretProvider, falling back to use random secrets. Reason: Could not read signature secret file: /home/runner/hadoop-http-auth-signature-secret
2024-09-15 17:07:25,119 [main] INFO  http.HttpRequestLog (HttpRequestLog.java:getRequestLog(86)) - Http request log for http.requests.hddsDatanode is not defined
2024-09-15 17:07:25,120 [main] INFO  http.HttpServer2 (HttpServer2.java:addGlobalFilter(1035)) - Added global filter 'safety' (class=org.apache.hadoop.hdds.server.http.HttpServer2$QuotingInputFilter)
2024-09-15 17:07:25,120 [main] INFO  http.HttpServer2 (HttpServer2.java:addFilter(1011)) - Added filter static_user_filter (class=org.apache.hadoop.http.lib.StaticUserWebFilter$StaticUserFilter) to context hddsDatanode
2024-09-15 17:07:25,121 [main] INFO  http.HttpServer2 (HttpServer2.java:addFilter(1019)) - Added filter static_user_filter (class=org.apache.hadoop.http.lib.StaticUserWebFilter$StaticUserFilter) to context static
2024-09-15 17:07:25,121 [main] INFO  http.HttpServer2 (HttpServer2.java:addFilter(1019)) - Added filter static_user_filter (class=org.apache.hadoop.http.lib.StaticUserWebFilter$StaticUserFilter) to context logs
2024-09-15 17:07:25,121 [main] INFO  http.BaseHttpServer (BaseHttpServer.java:<init>(189)) - HTTP server of hddsDatanode uses base directory /home/runner/work/ozone/ozone/hadoop-ozone/integration-test/target/test-dir/MiniOzoneClusterImpl-eca91e6c-a84b-4041-8679-4afba91b5587/ozone-meta/datanode-4/meta/webserver
2024-09-15 17:07:25,121 [main] INFO  http.HttpServer2 (HttpServer2.java:bindListener(1235)) - Jetty bound to port 15195
2024-09-15 17:07:25,121 [main] INFO  server.Server (Server.java:doStart(375)) - jetty-9.4.56.v20240826; built: 2024-08-26T17:15:05.868Z; git: ec6782ff5ead824dabdcf47fa98f90a4aedff401; jvm 17.0.12+7
2024-09-15 17:07:25,123 [main] INFO  server.session (DefaultSessionIdManager.java:doStart(334)) - DefaultSessionIdManager workerName=node0
2024-09-15 17:07:25,123 [main] INFO  server.session (DefaultSessionIdManager.java:doStart(339)) - No SessionScavenger set, using defaults
2024-09-15 17:07:25,124 [main] INFO  server.session (HouseKeeper.java:startScavenging(132)) - node0 Scavenging every 600000ms
2024-09-15 17:07:25,124 [main] INFO  handler.ContextHandler (ContextHandler.java:doStart(921)) - Started o.e.j.s.ServletContextHandler@78e62cf2{logs,/logs,file:///home/runner/work/ozone/ozone/hadoop-ozone/integration-test/target/log,AVAILABLE}
2024-09-15 17:07:25,125 [main] INFO  handler.ContextHandler (ContextHandler.java:doStart(921)) - Started o.e.j.s.ServletContextHandler@4f405053{static,/static,jar:file:/home/runner/work/ozone/ozone/hadoop-hdds/container-service/target/hdds-container-service-1.5.0-SNAPSHOT.jar!/webapps/static,AVAILABLE}
2024-09-15 17:07:25,316 [main] INFO  handler.ContextHandler (ContextHandler.java:doStart(921)) - Started o.e.j.w.WebAppContext@3938204d{hddsDatanode,/,file:///home/runner/work/ozone/ozone/hadoop-ozone/integration-test/target/test-dir/MiniOzoneClusterImpl-eca91e6c-a84b-4041-8679-4afba91b5587/ozone-meta/datanode-4/meta/webserver/jetty-0_0_0_0-15195-hdds-container-service-1_5_0-SNAPSHOT_jar-_-any-17907870346657665717/webapp/,AVAILABLE}{jar:file:/home/runner/work/ozone/ozone/hadoop-hdds/container-service/target/hdds-container-service-1.5.0-SNAPSHOT.jar!/webapps/hddsDatanode}
2024-09-15 17:07:25,317 [main] INFO  server.AbstractConnector (AbstractConnector.java:doStart(333)) - Started ServerConnector@3b3815c7{HTTP/1.1, (http/1.1)}{0.0.0.0:15195}
2024-09-15 17:07:25,317 [main] INFO  server.Server (Server.java:doStart(415)) - Started @163626ms
2024-09-15 17:07:25,317 [main] WARN  impl.MetricsSystemImpl (MetricsSystemImpl.java:register(279)) - Sink prometheus already exists!
2024-09-15 17:07:25,318 [main] INFO  http.BaseHttpServer (BaseHttpServer.java:updateConnectorAddress(354)) - HTTP server of hddsDatanode listening at http://0.0.0.0:15195
2024-09-15 17:07:25,318 [main] INFO  ipc.CallQueueManager (CallQueueManager.java:<init>(90)) - Using callQueue: class java.util.concurrent.LinkedBlockingQueue, queueCapacity: 1000, scheduler: class org.apache.hadoop.ipc.DefaultRpcScheduler, ipcBackoff: false.
2024-09-15 17:07:25,319 [main] INFO  ipc.Server (Server.java:<init>(1287)) - Listener at 0.0.0.0:15196
2024-09-15 17:07:25,319 [Socket Reader #1 for port 15196] INFO  ipc.Server (Server.java:run(1323)) - Starting Socket Reader #1 for port 15196
2024-09-15 17:07:25,319 [Socket Reader #2 for port 15196] INFO  ipc.Server (Server.java:run(1323)) - Starting Socket Reader #2 for port 15196
2024-09-15 17:07:25,319 [Socket Reader #3 for port 15196] INFO  ipc.Server (Server.java:run(1323)) - Starting Socket Reader #3 for port 15196
2024-09-15 17:07:25,319 [Socket Reader #4 for port 15196] INFO  ipc.Server (Server.java:run(1323)) - Starting Socket Reader #4 for port 15196
2024-09-15 17:07:25,320 [Socket Reader #5 for port 15196] INFO  ipc.Server (Server.java:run(1323)) - Starting Socket Reader #5 for port 15196
2024-09-15 17:07:25,320 [Socket Reader #6 for port 15196] INFO  ipc.Server (Server.java:run(1323)) - Starting Socket Reader #6 for port 15196
2024-09-15 17:07:25,320 [Socket Reader #7 for port 15196] INFO  ipc.Server (Server.java:run(1323)) - Starting Socket Reader #7 for port 15196
2024-09-15 17:07:25,320 [Socket Reader #8 for port 15196] INFO  ipc.Server (Server.java:run(1323)) - Starting Socket Reader #8 for port 15196
2024-09-15 17:07:25,320 [Socket Reader #9 for port 15196] INFO  ipc.Server (Server.java:run(1323)) - Starting Socket Reader #9 for port 15196
2024-09-15 17:07:25,320 [Socket Reader #10 for port 15196] INFO  ipc.Server (Server.java:run(1323)) - Starting Socket Reader #10 for port 15196
2024-09-15 17:07:25,321 [main] INFO  ozone.HddsDatanodeService (HddsDatanodeService.java:start(319)) - Datanode start with admins: [runner]
2024-09-15 17:07:25,321 [main] INFO  ozone.HddsDatanodeClientProtocolServer (HddsDatanodeClientProtocolServer.java:start(79)) - RPC server for Client /0.0.0.0:15196
2024-09-15 17:07:25,322 [IPC Server Responder] INFO  ipc.Server (Server.java:run(1562)) - IPC Server Responder: starting
2024-09-15 17:07:25,322 [IPC Server listener on 15196] INFO  ipc.Server (Server.java:run(1402)) - IPC Server listener on 15196: starting
2024-09-15 17:07:25,323 [main] WARN  dropwizard3.Dm3MetricRegistriesImpl (Dm3MetricRegistriesImpl.java:addReporterRegistration(114)) - New reporters are added after registries were created. Some metrics will be missing from the reporter. Please add reporter before adding any new registry.
2024-09-15 17:07:25,323 [main] WARN  dropwizard3.Dm3MetricRegistriesImpl (Dm3MetricRegistriesImpl.java:addReporterRegistration(114)) - New reporters are added after registries were created. Some metrics will be missing from the reporter. Please add reporter before adding any new registry.
2024-09-15 17:07:25,324 [c2143be1-a980-4ca9-9b44-5c7f6a3ce2c0-DatanodeStateMachineDaemonThread] INFO  statemachine.DatanodeStateMachine (DatanodeStateMachine.java:startStateMachineThread(337)) - Ozone container server started.
2024-09-15 17:07:25,324 [main] INFO  impl.MetricsSystemImpl (MetricsSystemImpl.java:init(158)) - HddsDatanode metrics system started (again)
2024-09-15 17:07:25,325 [c2143be1-a980-4ca9-9b44-5c7f6a3ce2c0-DatanodeStateMachineTaskThread-0] INFO  datanode.InitDatanodeState (InitDatanodeState.java:persistContainerDatanodeDetails(139)) - DatanodeDetails is persisted to /home/runner/work/ozone/ozone/hadoop-ozone/integration-test/target/test-dir/MiniOzoneClusterImpl-eca91e6c-a84b-4041-8679-4afba91b5587/ozone-meta/datanode-4/meta/datanode.id
2024-09-15 17:07:25,333 [main] INFO  ozone.HddsDatanodeService (HddsDatanodeService.java:start(235)) - HddsDatanodeService host:fv-az886-12 ip:10.1.0.33
2024-09-15 17:07:25,335 [main] INFO  upgrade.AbstractLayoutVersionManager (AbstractLayoutVersionManager.java:init(83)) - Initializing Layout version manager with metadata layout = HBASE_SUPPORT (version = 8), software layout = HBASE_SUPPORT (version = 8)
2024-09-15 17:07:25,335 [main] INFO  statemachine.DatanodeStateMachine (DatanodeStateMachine.java:getEndPointTaskThreadPoolSize(294)) - Datanode State Machine Task Thread Pool size 2
2024-09-15 17:07:25,336 [main] INFO  volume.HddsVolume (HddsVolume.java:<init>(127)) - Creating HddsVolume: /home/runner/work/ozone/ozone/hadoop-ozone/integration-test/target/test-dir/MiniOzoneClusterImpl-eca91e6c-a84b-4041-8679-4afba91b5587/ozone-meta/datanode-5/data-0/hdds of storage type : DISK capacity : 9222449699674390527
2024-09-15 17:07:25,337 [main] INFO  volume.MutableVolumeSet (MutableVolumeSet.java:initializeVolumeSet(173)) - Added Volume : /home/runner/work/ozone/ozone/hadoop-ozone/integration-test/target/test-dir/MiniOzoneClusterImpl-eca91e6c-a84b-4041-8679-4afba91b5587/ozone-meta/datanode-5/data-0/hdds to VolumeSet
2024-09-15 17:07:25,337 [main] INFO  volume.MutableVolumeSet (MutableVolumeSet.java:initializeVolumeSet(173)) - Added Volume : /home/runner/work/ozone/ozone/hadoop-ozone/integration-test/target/test-dir/MiniOzoneClusterImpl-eca91e6c-a84b-4041-8679-4afba91b5587/ozone-meta/datanode-5/ratis to VolumeSet
2024-09-15 17:07:25,338 [main] INFO  ozoneimpl.OzoneContainer (HddsVolumeUtil.java:loadAllHddsVolumeDbStore(103)) - Load 1 volumes DbStore cost: 0ms
2024-09-15 17:07:25,339 [main] INFO  impl.FilePerChunkStrategy (FilePerChunkStrategy.java:<init>(84)) - ozone.chunk.read.mapped.buffer.max.count is load with 0
2024-09-15 17:07:25,339 [main] INFO  impl.FilePerBlockStrategy (FilePerBlockStrategy.java:<init>(91)) - ozone.chunk.read.mapped.buffer.max.count is load with 0
2024-09-15 17:07:25,339 [main] INFO  server.RaftServerConfigKeys (ConfUtils.java:logGet(46)) - raft.server.log.appender.buffer.byte-limit = 33554432 (custom)
2024-09-15 17:07:25,340 [main] INFO  server.RaftServer (ConfUtils.java:logGet(46)) - raft.rpc.type = GRPC (default)
2024-09-15 17:07:25,340 [main] INFO  grpc.GrpcConfigKeys (ConfUtils.java:logFallback(53)) - raft.grpc.admin.host = null (fallback to raft.grpc.server.host)
2024-09-15 17:07:25,340 [main] INFO  grpc.GrpcConfigKeys (ConfUtils.java:logGet(46)) - raft.grpc.admin.port = 15207 (custom)
2024-09-15 17:07:25,341 [main] INFO  grpc.GrpcConfigKeys (ConfUtils.java:logFallback(53)) - raft.grpc.client.host = null (fallback to raft.grpc.server.host)
2024-09-15 17:07:25,341 [main] INFO  grpc.GrpcConfigKeys (ConfUtils.java:logGet(46)) - raft.grpc.client.port = 15207 (custom)
2024-09-15 17:07:25,341 [main] INFO  grpc.GrpcConfigKeys (ConfUtils.java:logGet(46)) - raft.grpc.server.host = null (default)
2024-09-15 17:07:25,341 [main] INFO  grpc.GrpcConfigKeys (ConfUtils.java:logGet(46)) - raft.grpc.server.port = 15207 (custom)
2024-09-15 17:07:25,341 [main] INFO  server.GrpcService (ConfUtils.java:logGet(46)) - raft.grpc.message.size.max = 34603008 (custom)
2024-09-15 17:07:25,341 [main] INFO  server.RaftServerConfigKeys (ConfUtils.java:logGet(46)) - raft.server.log.appender.buffer.byte-limit = 33554432 (custom)
2024-09-15 17:07:25,341 [main] INFO  server.GrpcService (ConfUtils.java:logGet(46)) - raft.grpc.flow.control.window = 5MB (=5242880) (custom)
2024-09-15 17:07:25,341 [main] INFO  server.RaftServerConfigKeys (ConfUtils.java:logGet(46)) - raft.server.rpc.request.timeout = 3000ms (default)
2024-09-15 17:07:25,341 [main] INFO  grpc.GrpcConfigKeys (ConfUtils.java:logGet(46)) - raft.grpc.server.heartbeat.channel = true (default)
2024-09-15 17:07:25,342 [main] INFO  grpc.GrpcConfigKeys (ConfUtils.java:logGet(46)) - raft.grpc.server.async.request.thread.pool.cached = true (default)
2024-09-15 17:07:25,342 [main] INFO  grpc.GrpcConfigKeys (ConfUtils.java:logGet(46)) - raft.grpc.server.async.request.thread.pool.size = 32 (default)
2024-09-15 17:07:25,342 [main] INFO  impl.DataStreamServerImpl (ConfUtils.java:logGet(46)) - raft.datastream.type = NETTY (custom)
2024-09-15 17:07:25,343 [main] INFO  server.RaftServerConfigKeys (ConfUtils.java:logGet(46)) - raft.server.data-stream.async.request.thread.pool.cached = false (default)
2024-09-15 17:07:25,343 [main] INFO  server.RaftServerConfigKeys (ConfUtils.java:logGet(46)) - raft.server.data-stream.async.request.thread.pool.size = 20 (custom)
2024-09-15 17:07:25,343 [main] INFO  server.RaftServerConfigKeys (ConfUtils.java:logGet(46)) - raft.server.data-stream.async.write.thread.pool.size = 16 (default)
2024-09-15 17:07:25,343 [main] INFO  netty.NettyConfigKeys$DataStream (ConfUtils.java:logGet(46)) - raft.netty.dataStream.server.channel.inactive.grace-period = 10min (default)
2024-09-15 17:07:25,343 [main] INFO  server.RaftServerConfigKeys (ConfUtils.java:logGet(46)) - raft.server.data-stream.client.pool.size = 10 (default)
2024-09-15 17:07:25,343 [main] INFO  netty.NettyConfigKeys$DataStream (ConfUtils.java:logGet(46)) - raft.netty.dataStream.server.use-epoll = true (default)
2024-09-15 17:07:25,344 [main] INFO  netty.NettyConfigKeys$DataStream (ConfUtils.java:logGet(46)) - raft.netty.dataStream.server.boss-group.size = 0 (default)
2024-09-15 17:07:25,344 [main] INFO  netty.NettyUtils (NettyUtils.java:newEventLoopGroup(74)) - Create EpollEventLoopGroup for 412dca75-3e3e-4901-90f7-d1b20b52b7c1-NettyServerStreamRpc-bossGroup; Thread size is 0.
2024-09-15 17:07:25,344 [main] INFO  netty.NettyConfigKeys$DataStream (ConfUtils.java:logGet(46)) - raft.netty.dataStream.server.worker-group.size = 0 (default)
2024-09-15 17:07:25,344 [main] INFO  netty.NettyUtils (NettyUtils.java:newEventLoopGroup(74)) - Create EpollEventLoopGroup for 412dca75-3e3e-4901-90f7-d1b20b52b7c1-NettyServerStreamRpc-workerGroup; Thread size is 0.
2024-09-15 17:07:25,345 [main] INFO  netty.NettyConfigKeys$DataStream (ConfUtils.java:logGet(46)) - raft.netty.dataStream.server.tls.conf = null (default)
2024-09-15 17:07:25,345 [main] INFO  netty.NettyConfigKeys$DataStream (ConfUtils.java:logGet(46)) - raft.netty.dataStream.host = null (default)
2024-09-15 17:07:25,345 [main] INFO  netty.NettyConfigKeys$DataStream (ConfUtils.java:logGet(46)) - raft.netty.dataStream.port = 15210 (custom)
2024-09-15 17:07:25,345 [main] INFO  server.RaftServerConfigKeys (ConfUtils.java:logGet(46)) - raft.server.sleep.deviation.threshold = 300ms (default)
2024-09-15 17:07:25,346 [main] INFO  server.RaftServerConfigKeys (ConfUtils.java:logGet(46)) - raft.server.close.threshold = 60s (default)
2024-09-15 17:07:25,346 [main] INFO  server.RaftServerConfigKeys (ConfUtils.java:logGet(46)) - raft.server.leaderelection.leader.step-down.wait-time = 10s (default)
2024-09-15 17:07:25,346 [412dca75-3e3e-4901-90f7-d1b20b52b7c1-NettyServerStreamRpc-bossGroup--thread1] INFO  logging.LoggingHandler (AbstractInternalLogger.java:log(148)) - [id: 0xff928cf4] REGISTERED
2024-09-15 17:07:25,346 [main] INFO  server.RaftServerConfigKeys (ConfUtils.java:logGet(46)) - raft.server.storage.dir = [/home/runner/work/ozone/ozone/hadoop-ozone/integration-test/target/test-dir/MiniOzoneClusterImpl-eca91e6c-a84b-4041-8679-4afba91b5587/ozone-meta/datanode-5/ratis] (custom)
2024-09-15 17:07:25,346 [main] INFO  server.RaftServerConfigKeys (ConfUtils.java:logGet(46)) - raft.server.threadpool.proxy.cached = true (default)
2024-09-15 17:07:25,346 [main] INFO  server.RaftServerConfigKeys (ConfUtils.java:logGet(46)) - raft.server.threadpool.proxy.size = 0 (default)
2024-09-15 17:07:25,346 [412dca75-3e3e-4901-90f7-d1b20b52b7c1-NettyServerStreamRpc-bossGroup--thread1] INFO  logging.LoggingHandler (AbstractInternalLogger.java:log(148)) - [id: 0xff928cf4] BIND: 0.0.0.0/0.0.0.0:15210
2024-09-15 17:07:25,347 [412dca75-3e3e-4901-90f7-d1b20b52b7c1-NettyServerStreamRpc-bossGroup--thread1] INFO  logging.LoggingHandler (AbstractInternalLogger.java:log(148)) - [id: 0xff928cf4, L:/0.0.0.0:15210] ACTIVE
2024-09-15 17:07:25,347 [412dca75-3e3e-4901-90f7-d1b20b52b7c1-impl-thread1] INFO  server.RaftServer (RaftServerProxy.java:initGroupDir(266)) - 412dca75-3e3e-4901-90f7-d1b20b52b7c1: found a subdirectory /home/runner/work/ozone/ozone/hadoop-ozone/integration-test/target/test-dir/MiniOzoneClusterImpl-eca91e6c-a84b-4041-8679-4afba91b5587/ozone-meta/datanode-5/ratis/tmp
2024-09-15 17:07:25,347 [412dca75-3e3e-4901-90f7-d1b20b52b7c1-impl-thread1] INFO  server.RaftServer (RaftServerProxy.java:initGroupDir(271)) - 412dca75-3e3e-4901-90f7-d1b20b52b7c1: The directory /home/runner/work/ozone/ozone/hadoop-ozone/integration-test/target/test-dir/MiniOzoneClusterImpl-eca91e6c-a84b-4041-8679-4afba91b5587/ozone-meta/datanode-5/ratis/tmp is not a group directory; ignoring it. 
2024-09-15 17:07:25,347 [main] INFO  replication.ReplicationServer (ReplicationServer.java:<init>(86)) - Initializing replication server with thread count = 10 queue length = 4096
2024-09-15 17:07:25,348 [main] INFO  server.XceiverServerGrpc (XceiverServerGrpc.java:<init>(141)) - GrpcServer channel type EpollServerSocketChannel
2024-09-15 17:07:25,349 [main] INFO  replication.ReplicationSupervisor (ReplicationSupervisor.java:build(164)) - Initializing replication supervisor with thread count = 10
2024-09-15 17:07:25,349 [main] INFO  replication.ReplicationSupervisor (ReplicationSupervisor.java:nodeStateUpdated(336)) - Node state updated to IN_SERVICE, scaling executor pool size to 10
2024-09-15 17:07:25,350 [main] INFO  http.BaseHttpServer (BaseHttpServer.java:newHttpServer2BuilderForOzone(223)) - Starting Web-server for hddsDatanode at: http://0.0.0.0:15204
2024-09-15 17:07:25,350 [main] INFO  http.BaseHttpServer (BaseHttpServer.java:<init>(110)) - Hadoop Security Enabled: false Ozone Security Enabled: false Ozone HTTP Security Enabled: false 
2024-09-15 17:07:25,351 [main] WARN  server.AuthenticationFilter (AuthenticationFilter.java:constructSecretProvider(240)) - Unable to initialize FileSignerSecretProvider, falling back to use random secrets. Reason: Could not read signature secret file: /home/runner/hadoop-http-auth-signature-secret
2024-09-15 17:07:25,352 [main] INFO  http.HttpRequestLog (HttpRequestLog.java:getRequestLog(86)) - Http request log for http.requests.hddsDatanode is not defined
2024-09-15 17:07:25,353 [main] INFO  http.HttpServer2 (HttpServer2.java:addGlobalFilter(1035)) - Added global filter 'safety' (class=org.apache.hadoop.hdds.server.http.HttpServer2$QuotingInputFilter)
2024-09-15 17:07:25,353 [main] INFO  http.HttpServer2 (HttpServer2.java:addFilter(1011)) - Added filter static_user_filter (class=org.apache.hadoop.http.lib.StaticUserWebFilter$StaticUserFilter) to context hddsDatanode
2024-09-15 17:07:25,353 [main] INFO  http.HttpServer2 (HttpServer2.java:addFilter(1019)) - Added filter static_user_filter (class=org.apache.hadoop.http.lib.StaticUserWebFilter$StaticUserFilter) to context static
2024-09-15 17:07:25,353 [main] INFO  http.HttpServer2 (HttpServer2.java:addFilter(1019)) - Added filter static_user_filter (class=org.apache.hadoop.http.lib.StaticUserWebFilter$StaticUserFilter) to context logs
2024-09-15 17:07:25,354 [main] INFO  http.BaseHttpServer (BaseHttpServer.java:<init>(189)) - HTTP server of hddsDatanode uses base directory /home/runner/work/ozone/ozone/hadoop-ozone/integration-test/target/test-dir/MiniOzoneClusterImpl-eca91e6c-a84b-4041-8679-4afba91b5587/ozone-meta/datanode-5/meta/webserver
2024-09-15 17:07:25,354 [main] INFO  http.HttpServer2 (HttpServer2.java:bindListener(1235)) - Jetty bound to port 15204
2024-09-15 17:07:25,354 [main] INFO  server.Server (Server.java:doStart(375)) - jetty-9.4.56.v20240826; built: 2024-08-26T17:15:05.868Z; git: ec6782ff5ead824dabdcf47fa98f90a4aedff401; jvm 17.0.12+7
2024-09-15 17:07:25,355 [main] INFO  server.session (DefaultSessionIdManager.java:doStart(334)) - DefaultSessionIdManager workerName=node0
2024-09-15 17:07:25,355 [main] INFO  server.session (DefaultSessionIdManager.java:doStart(339)) - No SessionScavenger set, using defaults
2024-09-15 17:07:25,356 [main] INFO  server.session (HouseKeeper.java:startScavenging(132)) - node0 Scavenging every 660000ms
2024-09-15 17:07:25,356 [main] INFO  handler.ContextHandler (ContextHandler.java:doStart(921)) - Started o.e.j.s.ServletContextHandler@7f4f31c1{logs,/logs,file:///home/runner/work/ozone/ozone/hadoop-ozone/integration-test/target/log,AVAILABLE}
2024-09-15 17:07:25,356 [main] INFO  handler.ContextHandler (ContextHandler.java:doStart(921)) - Started o.e.j.s.ServletContextHandler@4292a5c6{static,/static,jar:file:/home/runner/work/ozone/ozone/hadoop-hdds/container-service/target/hdds-container-service-1.5.0-SNAPSHOT.jar!/webapps/static,AVAILABLE}
2024-09-15 17:07:25,463 [timer4] WARN  server.GrpcLogAppender (GrpcLogAppender.java:lambda$resetClient$1(221)) - a8282d08-9184-41e7-a2bb-1b6ca971fc37@group-7AC76FCAC054->ae11a3aa-b76d-493c-a721-d266c1fd91d3-GrpcLogAppender: Follower failed (request=null, errorCount=2); keep nextIndex (15) unchanged and retry. (Repeated 2 times in the last 5.002s)
2024-09-15 17:07:25,463 [timer3] WARN  server.GrpcLogAppender (LogUtils.java:warn(121)) - a8282d08-9184-41e7-a2bb-1b6ca971fc37@group-7AC76FCAC054->ae11a3aa-b76d-493c-a721-d266c1fd91d3-AppendLogResponseHandler: Failed appendEntries (Repeated 2 times in the last 5.003s): org.apache.ratis.thirdparty.io.grpc.StatusRuntimeException: CANCELLED: RST_STREAM closed stream. HTTP/2 error code: CANCEL
2024-09-15 17:07:25,517 [om1@group-C5BA1605619E-FollowerState] INFO  impl.FollowerState (FollowerState.java:run(144)) - om1@group-C5BA1605619E-FollowerState: change to CANDIDATE, lastRpcElapsedTime:1185034388ns, electionTimeout:1184ms
2024-09-15 17:07:25,517 [om1@group-C5BA1605619E-FollowerState] INFO  impl.RoleInfo (RoleInfo.java:shutdownFollowerState(119)) - om1: shutdown om1@group-C5BA1605619E-FollowerState
2024-09-15 17:07:25,517 [om1@group-C5BA1605619E-FollowerState] INFO  server.RaftServer$Division (RaftServerImpl.java:setRole(376)) - om1@group-C5BA1605619E: changes role from  FOLLOWER to CANDIDATE at term 0 for changeToCandidate
2024-09-15 17:07:25,517 [om1@group-C5BA1605619E-FollowerState] INFO  server.RaftServerConfigKeys (ConfUtils.java:logGet(46)) - raft.server.leaderelection.pre-vote = true (default)
2024-09-15 17:07:25,517 [om1@group-C5BA1605619E-FollowerState] INFO  impl.RoleInfo (RoleInfo.java:updateAndGet(148)) - om1: start om1@group-C5BA1605619E-LeaderElection46
2024-09-15 17:07:25,518 [om1@group-C5BA1605619E-LeaderElection46] INFO  impl.LeaderElection (LeaderElection.java:askForVotes(321)) - om1@group-C5BA1605619E-LeaderElection46 PRE_VOTE round 0: submit vote requests at term 0 for conf: {index: -1, cur=peers:[om1|localhost:15166]|listeners:[], old=null}
2024-09-15 17:07:25,518 [om1@group-C5BA1605619E-LeaderElection46] INFO  impl.LeaderElection (LeaderElection.java:askForVotes(323)) - om1@group-C5BA1605619E-LeaderElection46 PRE_VOTE round 0: result PASSED (term=0)
2024-09-15 17:07:25,520 [om1@group-C5BA1605619E-LeaderElection46] INFO  impl.LeaderElection (LeaderElection.java:askForVotes(321)) - om1@group-C5BA1605619E-LeaderElection46 ELECTION round 0: submit vote requests at term 1 for conf: {index: -1, cur=peers:[om1|localhost:15166]|listeners:[], old=null}
2024-09-15 17:07:25,520 [om1@group-C5BA1605619E-LeaderElection46] INFO  impl.LeaderElection (LeaderElection.java:askForVotes(323)) - om1@group-C5BA1605619E-LeaderElection46 ELECTION round 0: result PASSED (term=1)
2024-09-15 17:07:25,520 [om1@group-C5BA1605619E-LeaderElection46] INFO  impl.RoleInfo (RoleInfo.java:shutdownLeaderElection(139)) - om1: shutdown om1@group-C5BA1605619E-LeaderElection46
2024-09-15 17:07:25,520 [om1@group-C5BA1605619E-LeaderElection46] INFO  server.RaftServer$Division (RaftServerImpl.java:setRole(376)) - om1@group-C5BA1605619E: changes role from CANDIDATE to LEADER at term 1 for changeToLeader
2024-09-15 17:07:25,520 [om1@group-C5BA1605619E-LeaderElection46] INFO  server.RaftServerConfigKeys (ConfUtils.java:logGet(46)) - raft.server.staging.catchup.gap = 1000 (default)
2024-09-15 17:07:25,520 [om1@group-C5BA1605619E-LeaderElection46] INFO  server.RaftServerConfigKeys (ConfUtils.java:logGet(46)) - raft.server.write.element-limit = 4096 (default)
2024-09-15 17:07:25,520 [om1@group-C5BA1605619E-LeaderElection46] INFO  server.RaftServerConfigKeys (ConfUtils.java:logGet(46)) - raft.server.write.byte-limit = 64MB (=67108864) (default)
2024-09-15 17:07:25,520 [om1@group-C5BA1605619E-LeaderElection46] INFO  server.RaftServerConfigKeys (ConfUtils.java:logGet(46)) - raft.server.watch.timeout = 10s (default)
2024-09-15 17:07:25,520 [om1@group-C5BA1605619E-LeaderElection46] INFO  server.RaftServerConfigKeys (ConfUtils.java:logGet(46)) - raft.server.watch.timeout.denomination = 1s (default)
2024-09-15 17:07:25,521 [om1@group-C5BA1605619E-LeaderElection46] INFO  server.RaftServerConfigKeys (ConfUtils.java:logGet(46)) - raft.server.watch.element-limit = 65536 (default)
2024-09-15 17:07:25,521 [om1@group-C5BA1605619E-LeaderElection46] INFO  server.RaftServerConfigKeys (ConfUtils.java:logGet(46)) - raft.server.read.leader.lease.enabled = false (default)
2024-09-15 17:07:25,521 [om1@group-C5BA1605619E-LeaderElection46] INFO  server.RaftServerConfigKeys (ConfUtils.java:logGet(46)) - raft.server.read.leader.lease.timeout.ratio = 0.9 (default)
2024-09-15 17:07:25,521 [om1@group-C5BA1605619E-LeaderElection46] INFO  server.RaftServerConfigKeys (ConfUtils.java:logGet(46)) - raft.server.rpc.timeout.min = 1s (custom)
2024-09-15 17:07:25,521 [om1@group-C5BA1605619E-LeaderElection46] INFO  server.RaftServerConfigKeys (ConfUtils.java:logGet(46)) - raft.server.log.log-metadata.enabled = true (default)
2024-09-15 17:07:25,521 [om1@group-C5BA1605619E-LeaderElection46] INFO  server.RaftServerConfigKeys (ConfUtils.java:logGet(46)) - raft.server.write.element-limit = 4096 (default)
2024-09-15 17:07:25,521 [om1@group-C5BA1605619E-LeaderElection46] INFO  server.RaftServerConfigKeys (ConfUtils.java:logGet(46)) - raft.server.write.follower.gap.ratio.max = -1.0 (default)
2024-09-15 17:07:25,521 [om1@group-C5BA1605619E-LeaderElection46] INFO  impl.RoleInfo (RoleInfo.java:updateAndGet(148)) - om1: start om1@group-C5BA1605619E-LeaderStateImpl
2024-09-15 17:07:25,521 [om1@group-C5BA1605619E-LeaderElection46] INFO  server.RaftServer$Division (RaftServerImpl.java:setFirstElection(549)) - om1@group-C5BA1605619E: set firstElectionSinceStartup to false for becomeLeader
2024-09-15 17:07:25,521 [om1@group-C5BA1605619E-LeaderElection46] INFO  server.RaftServer$Division (ServerState.java:setLeader(272)) - om1@group-C5BA1605619E: change Leader from null to om1 at term 1 for becomeLeader, leader elected after 1513ms
2024-09-15 17:07:25,522 [om1@group-C5BA1605619E-LeaderElection46] INFO  segmented.SegmentedRaftLogWorker (SegmentedRaftLogWorker.java:startLogSegment(433)) - om1@group-C5BA1605619E-SegmentedRaftLogWorker: Starting segment from index:0
2024-09-15 17:07:25,522 [om1@group-C5BA1605619E-SegmentedRaftLogWorker] INFO  segmented.BufferedWriteChannel (BufferedWriteChannel.java:open(61)) - open log_inprogress_0 at position 0
2024-09-15 17:07:25,529 [om1@group-C5BA1605619E-LeaderElection46] INFO  server.RaftServer$Division (ServerState.java:setRaftConf(386)) - om1@group-C5BA1605619E: set configuration conf: {index: 0, cur=peers:[om1|localhost:15166]|listeners:[], old=null}
2024-09-15 17:07:25,533 [om1@group-C5BA1605619E-SegmentedRaftLogWorker] INFO  segmented.SegmentedRaftLogWorker (SegmentedRaftLogWorker.java:execute(637)) - om1@group-C5BA1605619E-SegmentedRaftLogWorker: created new log segment /home/runner/work/ozone/ozone/hadoop-ozone/integration-test/target/test-dir/MiniOzoneClusterImpl-eca91e6c-a84b-4041-8679-4afba91b5587/ozone-meta/ratis/bf265839-605b-3f16-9796-c5ba1605619e/current/log_inprogress_0
2024-09-15 17:07:25,534 [om1@group-C5BA1605619E-StateMachineUpdater] INFO  ratis.OzoneManagerStateMachine (OzoneManagerStateMachine.java:notifyConfigurationChanged(216)) - Received Configuration change notification from Ratis. New Peer list:
[id: "om1"
address: "localhost:15166"
startupRole: FOLLOWER
]
2024-09-15 17:07:25,534 [om1@group-C5BA1605619E-StateMachineUpdater] INFO  server.RaftServer$Division (LeaderStateImpl.java:checkStartIndex(316)) - Leader om1@group-C5BA1605619E-LeaderStateImpl is ready since appliedIndex == startIndex == 0
2024-09-15 17:07:25,554 [main] INFO  handler.ContextHandler (ContextHandler.java:doStart(921)) - Started o.e.j.w.WebAppContext@2d17c0ab{hddsDatanode,/,file:///home/runner/work/ozone/ozone/hadoop-ozone/integration-test/target/test-dir/MiniOzoneClusterImpl-eca91e6c-a84b-4041-8679-4afba91b5587/ozone-meta/datanode-5/meta/webserver/jetty-0_0_0_0-15204-hdds-container-service-1_5_0-SNAPSHOT_jar-_-any-9943873858883421910/webapp/,AVAILABLE}{jar:file:/home/runner/work/ozone/ozone/hadoop-hdds/container-service/target/hdds-container-service-1.5.0-SNAPSHOT.jar!/webapps/hddsDatanode}
2024-09-15 17:07:25,554 [main] INFO  server.AbstractConnector (AbstractConnector.java:doStart(333)) - Started ServerConnector@6ec5e204{HTTP/1.1, (http/1.1)}{0.0.0.0:15204}
2024-09-15 17:07:25,555 [main] INFO  server.Server (Server.java:doStart(415)) - Started @163863ms
2024-09-15 17:07:25,555 [main] WARN  impl.MetricsSystemImpl (MetricsSystemImpl.java:register(279)) - Sink prometheus already exists!
2024-09-15 17:07:25,555 [main] INFO  http.BaseHttpServer (BaseHttpServer.java:updateConnectorAddress(354)) - HTTP server of hddsDatanode listening at http://0.0.0.0:15204
2024-09-15 17:07:25,556 [main] INFO  ipc.CallQueueManager (CallQueueManager.java:<init>(90)) - Using callQueue: class java.util.concurrent.LinkedBlockingQueue, queueCapacity: 1000, scheduler: class org.apache.hadoop.ipc.DefaultRpcScheduler, ipcBackoff: false.
2024-09-15 17:07:25,556 [main] INFO  ipc.Server (Server.java:<init>(1287)) - Listener at 0.0.0.0:15205
2024-09-15 17:07:25,556 [Socket Reader #1 for port 15205] INFO  ipc.Server (Server.java:run(1323)) - Starting Socket Reader #1 for port 15205
2024-09-15 17:07:25,557 [Socket Reader #3 for port 15205] INFO  ipc.Server (Server.java:run(1323)) - Starting Socket Reader #3 for port 15205
2024-09-15 17:07:25,557 [Socket Reader #2 for port 15205] INFO  ipc.Server (Server.java:run(1323)) - Starting Socket Reader #2 for port 15205
2024-09-15 17:07:25,557 [Socket Reader #4 for port 15205] INFO  ipc.Server (Server.java:run(1323)) - Starting Socket Reader #4 for port 15205
2024-09-15 17:07:25,558 [Socket Reader #5 for port 15205] INFO  ipc.Server (Server.java:run(1323)) - Starting Socket Reader #5 for port 15205
2024-09-15 17:07:25,558 [Socket Reader #6 for port 15205] INFO  ipc.Server (Server.java:run(1323)) - Starting Socket Reader #6 for port 15205
2024-09-15 17:07:25,559 [Socket Reader #7 for port 15205] INFO  ipc.Server (Server.java:run(1323)) - Starting Socket Reader #7 for port 15205
2024-09-15 17:07:25,560 [Socket Reader #8 for port 15205] INFO  ipc.Server (Server.java:run(1323)) - Starting Socket Reader #8 for port 15205
2024-09-15 17:07:25,560 [Socket Reader #9 for port 15205] INFO  ipc.Server (Server.java:run(1323)) - Starting Socket Reader #9 for port 15205
2024-09-15 17:07:25,560 [Socket Reader #10 for port 15205] INFO  ipc.Server (Server.java:run(1323)) - Starting Socket Reader #10 for port 15205
2024-09-15 17:07:25,561 [main] INFO  ozone.HddsDatanodeService (HddsDatanodeService.java:start(319)) - Datanode start with admins: [runner]
2024-09-15 17:07:25,561 [main] INFO  ozone.HddsDatanodeClientProtocolServer (HddsDatanodeClientProtocolServer.java:start(79)) - RPC server for Client /0.0.0.0:15205
2024-09-15 17:07:25,561 [IPC Server Responder] INFO  ipc.Server (Server.java:run(1562)) - IPC Server Responder: starting
2024-09-15 17:07:25,561 [IPC Server listener on 15205] INFO  ipc.Server (Server.java:run(1402)) - IPC Server listener on 15205: starting
2024-09-15 17:07:25,563 [main] INFO  ozone.MiniOzoneClusterImpl (MiniOzoneClusterImpl.java:lambda$waitForClusterToBeReady$0(198)) - Waiting for nodes to be ready. Got 0 of 5 DN Heartbeats.
2024-09-15 17:07:25,563 [main] INFO  ozone.MiniOzoneClusterImpl (MiniOzoneClusterImpl.java:lambda$waitForClusterToBeReady$0(201)) - Waiting for cluster to exit safe mode
2024-09-15 17:07:25,563 [main] INFO  ozone.MiniOzoneClusterImpl (MiniOzoneClusterImpl.java:lambda$waitForClusterToBeReady$0(203)) - SCM became leader
2024-09-15 17:07:25,563 [412dca75-3e3e-4901-90f7-d1b20b52b7c1-DatanodeStateMachineDaemonThread] INFO  statemachine.DatanodeStateMachine (DatanodeStateMachine.java:startStateMachineThread(337)) - Ozone container server started.
2024-09-15 17:07:25,565 [412dca75-3e3e-4901-90f7-d1b20b52b7c1-DatanodeStateMachineTaskThread-0] INFO  datanode.InitDatanodeState (InitDatanodeState.java:persistContainerDatanodeDetails(139)) - DatanodeDetails is persisted to /home/runner/work/ozone/ozone/hadoop-ozone/integration-test/target/test-dir/MiniOzoneClusterImpl-eca91e6c-a84b-4041-8679-4afba91b5587/ozone-meta/datanode-5/meta/datanode.id
2024-09-15 17:07:26,564 [main] INFO  ozone.MiniOzoneClusterImpl (MiniOzoneClusterImpl.java:lambda$waitForClusterToBeReady$0(198)) - Waiting for nodes to be ready. Got 0 of 5 DN Heartbeats.
2024-09-15 17:07:26,564 [main] INFO  ozone.MiniOzoneClusterImpl (MiniOzoneClusterImpl.java:lambda$waitForClusterToBeReady$0(201)) - Waiting for cluster to exit safe mode
2024-09-15 17:07:26,564 [main] INFO  ozone.MiniOzoneClusterImpl (MiniOzoneClusterImpl.java:lambda$waitForClusterToBeReady$0(203)) - SCM became leader
2024-09-15 17:07:26,631 [62362ab0-30ae-49fa-a673-0da439c77b8d-EndpointStateMachineTaskThread-/0.0.0.0:15161-0 ] INFO  utils.DatanodeStoreCache (DatanodeStoreCache.java:addDB(72)) - Added db /home/runner/work/ozone/ozone/hadoop-ozone/integration-test/target/test-dir/MiniOzoneClusterImpl-eca91e6c-a84b-4041-8679-4afba91b5587/ozone-meta/datanode-1/data-0/hdds/eca91e6c-a84b-4041-8679-4afba91b5587/DS-5b11a8cc-366f-4884-99e4-401b09af1fda/container.db to cache
2024-09-15 17:07:26,631 [62362ab0-30ae-49fa-a673-0da439c77b8d-EndpointStateMachineTaskThread-/0.0.0.0:15161-0 ] INFO  volume.HddsVolume (HddsVolume.java:createDbStore(429)) - SchemaV3 db is created and loaded at /home/runner/work/ozone/ozone/hadoop-ozone/integration-test/target/test-dir/MiniOzoneClusterImpl-eca91e6c-a84b-4041-8679-4afba91b5587/ozone-meta/datanode-1/data-0/hdds/eca91e6c-a84b-4041-8679-4afba91b5587/DS-5b11a8cc-366f-4884-99e4-401b09af1fda/container.db for volume DS-5b11a8cc-366f-4884-99e4-401b09af1fda
2024-09-15 17:07:26,633 [62362ab0-30ae-49fa-a673-0da439c77b8d-ContainerReader-0] INFO  ozoneimpl.ContainerReader (ContainerReader.java:readVolume(148)) - Start to verify containers on volume /home/runner/work/ozone/ozone/hadoop-ozone/integration-test/target/test-dir/MiniOzoneClusterImpl-eca91e6c-a84b-4041-8679-4afba91b5587/ozone-meta/datanode-1/data-0/hdds
2024-09-15 17:07:26,633 [62362ab0-30ae-49fa-a673-0da439c77b8d-ContainerReader-0] INFO  ozoneimpl.ContainerReader (ContainerReader.java:readVolume(178)) - Finish verifying containers on volume /home/runner/work/ozone/ozone/hadoop-ozone/integration-test/target/test-dir/MiniOzoneClusterImpl-eca91e6c-a84b-4041-8679-4afba91b5587/ozone-meta/datanode-1/data-0/hdds
2024-09-15 17:07:26,633 [62362ab0-30ae-49fa-a673-0da439c77b8d-EndpointStateMachineTaskThread-/0.0.0.0:15161-0 ] INFO  ozoneimpl.OzoneContainer (OzoneContainer.java:buildContainerSet(344)) - Build ContainerSet costs 0s
2024-09-15 17:07:26,633 [62362ab0-30ae-49fa-a673-0da439c77b8d-EndpointStateMachineTaskThread-/0.0.0.0:15161-0 ] INFO  volume.ThrottledAsyncChecker (ThrottledAsyncChecker.java:schedule(141)) - Scheduling a check for /home/runner/work/ozone/ozone/hadoop-ozone/integration-test/target/test-dir/MiniOzoneClusterImpl-eca91e6c-a84b-4041-8679-4afba91b5587/ozone-meta/datanode-1/data-0/hdds
2024-09-15 17:07:26,634 [62362ab0-30ae-49fa-a673-0da439c77b8d-EndpointStateMachineTaskThread-/0.0.0.0:15161-0 ] INFO  volume.StorageVolumeChecker (StorageVolumeChecker.java:checkAllVolumes(218)) - Scheduled health check for volume /home/runner/work/ozone/ozone/hadoop-ozone/integration-test/target/test-dir/MiniOzoneClusterImpl-eca91e6c-a84b-4041-8679-4afba91b5587/ozone-meta/datanode-1/data-0/hdds
2024-09-15 17:07:26,635 [62362ab0-30ae-49fa-a673-0da439c77b8d-EndpointStateMachineTaskThread-/0.0.0.0:15161-0 ] INFO  volume.ThrottledAsyncChecker (ThrottledAsyncChecker.java:schedule(141)) - Scheduling a check for /home/runner/work/ozone/ozone/hadoop-ozone/integration-test/target/test-dir/MiniOzoneClusterImpl-eca91e6c-a84b-4041-8679-4afba91b5587/ozone-meta/datanode-1/ratis
2024-09-15 17:07:26,635 [62362ab0-30ae-49fa-a673-0da439c77b8d-EndpointStateMachineTaskThread-/0.0.0.0:15161-0 ] INFO  volume.StorageVolumeChecker (StorageVolumeChecker.java:checkAllVolumes(218)) - Scheduled health check for volume /home/runner/work/ozone/ozone/hadoop-ozone/integration-test/target/test-dir/MiniOzoneClusterImpl-eca91e6c-a84b-4041-8679-4afba91b5587/ozone-meta/datanode-1/ratis
2024-09-15 17:07:26,636 [62362ab0-30ae-49fa-a673-0da439c77b8d-EndpointStateMachineTaskThread-/0.0.0.0:15161-0 ] INFO  ozoneimpl.OzoneContainer (OzoneContainer.java:start(475)) - Attempting to start container services.
2024-09-15 17:07:26,637 [ContainerMetadataScanner] INFO  ozoneimpl.AbstractBackgroundContainerScanner (AbstractBackgroundContainerScanner.java:runIteration(87)) - Completed an iteration in 0 minutes. Number of iterations (since the data-node restart) : 1, Number of containers scanned in this iteration : 0, Number of unhealthy containers found in this iteration : 0
2024-09-15 17:07:26,638 [ContainerDataScanner(/home/runner/work/ozone/ozone/hadoop-ozone/integration-test/target/test-dir/MiniOzoneClusterImpl-eca91e6c-a84b-4041-8679-4afba91b5587/ozone-meta/datanode-1/data-0/hdds)] INFO  ozoneimpl.AbstractBackgroundContainerScanner (AbstractBackgroundContainerScanner.java:runIteration(87)) - Completed an iteration in 0 minutes. Number of iterations (since the data-node restart) : 1, Number of containers scanned in this iteration : 0, Number of unhealthy containers found in this iteration : 0
2024-09-15 17:07:26,638 [62362ab0-30ae-49fa-a673-0da439c77b8d-EndpointStateMachineTaskThread-/0.0.0.0:15161-0 ] INFO  replication.ReplicationServer (ReplicationServer.java:start(140)) - ReplicationServer is started using port 15175
2024-09-15 17:07:26,638 [62362ab0-30ae-49fa-a673-0da439c77b8d-EndpointStateMachineTaskThread-/0.0.0.0:15161-0 ] INFO  ratis.XceiverServerRatis (XceiverServerRatis.java:start(561)) - Starting XceiverServerRatis 62362ab0-30ae-49fa-a673-0da439c77b8d
2024-09-15 17:07:26,642 [62362ab0-30ae-49fa-a673-0da439c77b8d-EndpointStateMachineTaskThread-/0.0.0.0:15161-0 ] INFO  server.RaftServer (RaftServerProxy.java:startImpl(408)) - 62362ab0-30ae-49fa-a673-0da439c77b8d: start RPC server
2024-09-15 17:07:26,642 [62362ab0-30ae-49fa-a673-0da439c77b8d-EndpointStateMachineTaskThread-/0.0.0.0:15161-0 ] INFO  server.GrpcService (GrpcService.java:startImpl(302)) - 62362ab0-30ae-49fa-a673-0da439c77b8d: GrpcService started, listening on 15171
2024-09-15 17:07:26,653 [62362ab0-30ae-49fa-a673-0da439c77b8d-EndpointStateMachineTaskThread-/0.0.0.0:15161-0 ] INFO  ratis.XceiverServerRatis (XceiverServerRatis.java:getRealPort(587)) - XceiverServerRatis 62362ab0-30ae-49fa-a673-0da439c77b8d is started using port 15171 for RATIS
2024-09-15 17:07:26,654 [62362ab0-30ae-49fa-a673-0da439c77b8d-EndpointStateMachineTaskThread-/0.0.0.0:15161-0 ] INFO  ratis.XceiverServerRatis (XceiverServerRatis.java:getRealPort(587)) - XceiverServerRatis 62362ab0-30ae-49fa-a673-0da439c77b8d is started using port 15171 for RATIS_ADMIN
2024-09-15 17:07:26,654 [62362ab0-30ae-49fa-a673-0da439c77b8d-EndpointStateMachineTaskThread-/0.0.0.0:15161-0 ] INFO  ratis.XceiverServerRatis (XceiverServerRatis.java:getRealPort(587)) - XceiverServerRatis 62362ab0-30ae-49fa-a673-0da439c77b8d is started using port 15171 for RATIS_SERVER
2024-09-15 17:07:26,654 [62362ab0-30ae-49fa-a673-0da439c77b8d-EndpointStateMachineTaskThread-/0.0.0.0:15161-0 ] INFO  ratis.XceiverServerRatis (XceiverServerRatis.java:getRealPort(587)) - XceiverServerRatis 62362ab0-30ae-49fa-a673-0da439c77b8d is started using port 15174 for RATIS_DATASTREAM
2024-09-15 17:07:26,657 [JvmPauseMonitor23] INFO  util.JvmPauseMonitor (JvmPauseMonitor.java:run(146)) - JvmPauseMonitor-62362ab0-30ae-49fa-a673-0da439c77b8d: Started
2024-09-15 17:07:26,665 [62362ab0-30ae-49fa-a673-0da439c77b8d-BlockDeletingService#0] INFO  interfaces.ContainerDeletionChoosingPolicyTemplate (ContainerDeletionChoosingPolicyTemplate.java:chooseContainerForBlockDeletion(85)) - Chosen 0/5000 blocks from 0 candidate containers.
2024-09-15 17:07:26,885 [61f1eb6c-dc17-4b0b-858b-0bb1b85057d5-EndpointStateMachineTaskThread-/0.0.0.0:15161-0 ] INFO  utils.DatanodeStoreCache (DatanodeStoreCache.java:addDB(72)) - Added db /home/runner/work/ozone/ozone/hadoop-ozone/integration-test/target/test-dir/MiniOzoneClusterImpl-eca91e6c-a84b-4041-8679-4afba91b5587/ozone-meta/datanode-2/data-0/hdds/eca91e6c-a84b-4041-8679-4afba91b5587/DS-5b6e1247-03f2-49d1-bae4-270bedc4c5c7/container.db to cache
2024-09-15 17:07:26,885 [61f1eb6c-dc17-4b0b-858b-0bb1b85057d5-EndpointStateMachineTaskThread-/0.0.0.0:15161-0 ] INFO  volume.HddsVolume (HddsVolume.java:createDbStore(429)) - SchemaV3 db is created and loaded at /home/runner/work/ozone/ozone/hadoop-ozone/integration-test/target/test-dir/MiniOzoneClusterImpl-eca91e6c-a84b-4041-8679-4afba91b5587/ozone-meta/datanode-2/data-0/hdds/eca91e6c-a84b-4041-8679-4afba91b5587/DS-5b6e1247-03f2-49d1-bae4-270bedc4c5c7/container.db for volume DS-5b6e1247-03f2-49d1-bae4-270bedc4c5c7
2024-09-15 17:07:26,887 [61f1eb6c-dc17-4b0b-858b-0bb1b85057d5-ContainerReader-0] INFO  ozoneimpl.ContainerReader (ContainerReader.java:readVolume(148)) - Start to verify containers on volume /home/runner/work/ozone/ozone/hadoop-ozone/integration-test/target/test-dir/MiniOzoneClusterImpl-eca91e6c-a84b-4041-8679-4afba91b5587/ozone-meta/datanode-2/data-0/hdds
2024-09-15 17:07:26,887 [61f1eb6c-dc17-4b0b-858b-0bb1b85057d5-ContainerReader-0] INFO  ozoneimpl.ContainerReader (ContainerReader.java:readVolume(178)) - Finish verifying containers on volume /home/runner/work/ozone/ozone/hadoop-ozone/integration-test/target/test-dir/MiniOzoneClusterImpl-eca91e6c-a84b-4041-8679-4afba91b5587/ozone-meta/datanode-2/data-0/hdds
2024-09-15 17:07:26,887 [61f1eb6c-dc17-4b0b-858b-0bb1b85057d5-EndpointStateMachineTaskThread-/0.0.0.0:15161-0 ] INFO  ozoneimpl.OzoneContainer (OzoneContainer.java:buildContainerSet(344)) - Build ContainerSet costs 0s
2024-09-15 17:07:26,887 [61f1eb6c-dc17-4b0b-858b-0bb1b85057d5-EndpointStateMachineTaskThread-/0.0.0.0:15161-0 ] INFO  volume.ThrottledAsyncChecker (ThrottledAsyncChecker.java:schedule(141)) - Scheduling a check for /home/runner/work/ozone/ozone/hadoop-ozone/integration-test/target/test-dir/MiniOzoneClusterImpl-eca91e6c-a84b-4041-8679-4afba91b5587/ozone-meta/datanode-2/data-0/hdds
2024-09-15 17:07:26,887 [61f1eb6c-dc17-4b0b-858b-0bb1b85057d5-EndpointStateMachineTaskThread-/0.0.0.0:15161-0 ] INFO  volume.StorageVolumeChecker (StorageVolumeChecker.java:checkAllVolumes(218)) - Scheduled health check for volume /home/runner/work/ozone/ozone/hadoop-ozone/integration-test/target/test-dir/MiniOzoneClusterImpl-eca91e6c-a84b-4041-8679-4afba91b5587/ozone-meta/datanode-2/data-0/hdds
2024-09-15 17:07:26,888 [61f1eb6c-dc17-4b0b-858b-0bb1b85057d5-EndpointStateMachineTaskThread-/0.0.0.0:15161-0 ] INFO  volume.ThrottledAsyncChecker (ThrottledAsyncChecker.java:schedule(141)) - Scheduling a check for /home/runner/work/ozone/ozone/hadoop-ozone/integration-test/target/test-dir/MiniOzoneClusterImpl-eca91e6c-a84b-4041-8679-4afba91b5587/ozone-meta/datanode-2/ratis
2024-09-15 17:07:26,888 [61f1eb6c-dc17-4b0b-858b-0bb1b85057d5-EndpointStateMachineTaskThread-/0.0.0.0:15161-0 ] INFO  volume.StorageVolumeChecker (StorageVolumeChecker.java:checkAllVolumes(218)) - Scheduled health check for volume /home/runner/work/ozone/ozone/hadoop-ozone/integration-test/target/test-dir/MiniOzoneClusterImpl-eca91e6c-a84b-4041-8679-4afba91b5587/ozone-meta/datanode-2/ratis
2024-09-15 17:07:26,889 [61f1eb6c-dc17-4b0b-858b-0bb1b85057d5-EndpointStateMachineTaskThread-/0.0.0.0:15161-0 ] INFO  ozoneimpl.OzoneContainer (OzoneContainer.java:start(475)) - Attempting to start container services.
2024-09-15 17:07:26,889 [61f1eb6c-dc17-4b0b-858b-0bb1b85057d5-EndpointStateMachineTaskThread-/0.0.0.0:15161-0 ] WARN  ozoneimpl.OnDemandContainerDataScanner (OnDemandContainerDataScanner.java:init(75)) - Trying to initialize on demand scanner a second time on a datanode.
2024-09-15 17:07:26,889 [ContainerMetadataScanner] INFO  ozoneimpl.AbstractBackgroundContainerScanner (AbstractBackgroundContainerScanner.java:runIteration(87)) - Completed an iteration in 0 minutes. Number of iterations (since the data-node restart) : 1, Number of containers scanned in this iteration : 0, Number of unhealthy containers found in this iteration : 0
2024-09-15 17:07:26,890 [ContainerDataScanner(/home/runner/work/ozone/ozone/hadoop-ozone/integration-test/target/test-dir/MiniOzoneClusterImpl-eca91e6c-a84b-4041-8679-4afba91b5587/ozone-meta/datanode-2/data-0/hdds)] INFO  ozoneimpl.AbstractBackgroundContainerScanner (AbstractBackgroundContainerScanner.java:runIteration(87)) - Completed an iteration in 0 minutes. Number of iterations (since the data-node restart) : 1, Number of containers scanned in this iteration : 0, Number of unhealthy containers found in this iteration : 0
2024-09-15 17:07:26,890 [61f1eb6c-dc17-4b0b-858b-0bb1b85057d5-EndpointStateMachineTaskThread-/0.0.0.0:15161-0 ] INFO  replication.ReplicationServer (ReplicationServer.java:start(140)) - ReplicationServer is started using port 15184
2024-09-15 17:07:26,890 [61f1eb6c-dc17-4b0b-858b-0bb1b85057d5-EndpointStateMachineTaskThread-/0.0.0.0:15161-0 ] INFO  ratis.XceiverServerRatis (XceiverServerRatis.java:start(561)) - Starting XceiverServerRatis 61f1eb6c-dc17-4b0b-858b-0bb1b85057d5
2024-09-15 17:07:26,890 [61f1eb6c-dc17-4b0b-858b-0bb1b85057d5-EndpointStateMachineTaskThread-/0.0.0.0:15161-0 ] INFO  server.RaftServer (RaftServerProxy.java:startImpl(408)) - 61f1eb6c-dc17-4b0b-858b-0bb1b85057d5: start RPC server
2024-09-15 17:07:26,891 [61f1eb6c-dc17-4b0b-858b-0bb1b85057d5-EndpointStateMachineTaskThread-/0.0.0.0:15161-0 ] INFO  server.GrpcService (GrpcService.java:startImpl(302)) - 61f1eb6c-dc17-4b0b-858b-0bb1b85057d5: GrpcService started, listening on 15180
2024-09-15 17:07:26,891 [61f1eb6c-dc17-4b0b-858b-0bb1b85057d5-EndpointStateMachineTaskThread-/0.0.0.0:15161-0 ] INFO  ratis.XceiverServerRatis (XceiverServerRatis.java:getRealPort(587)) - XceiverServerRatis 61f1eb6c-dc17-4b0b-858b-0bb1b85057d5 is started using port 15180 for RATIS
2024-09-15 17:07:26,891 [61f1eb6c-dc17-4b0b-858b-0bb1b85057d5-EndpointStateMachineTaskThread-/0.0.0.0:15161-0 ] INFO  ratis.XceiverServerRatis (XceiverServerRatis.java:getRealPort(587)) - XceiverServerRatis 61f1eb6c-dc17-4b0b-858b-0bb1b85057d5 is started using port 15180 for RATIS_ADMIN
2024-09-15 17:07:26,891 [61f1eb6c-dc17-4b0b-858b-0bb1b85057d5-EndpointStateMachineTaskThread-/0.0.0.0:15161-0 ] INFO  ratis.XceiverServerRatis (XceiverServerRatis.java:getRealPort(587)) - XceiverServerRatis 61f1eb6c-dc17-4b0b-858b-0bb1b85057d5 is started using port 15180 for RATIS_SERVER
2024-09-15 17:07:26,891 [61f1eb6c-dc17-4b0b-858b-0bb1b85057d5-EndpointStateMachineTaskThread-/0.0.0.0:15161-0 ] INFO  ratis.XceiverServerRatis (XceiverServerRatis.java:getRealPort(587)) - XceiverServerRatis 61f1eb6c-dc17-4b0b-858b-0bb1b85057d5 is started using port 15183 for RATIS_DATASTREAM
2024-09-15 17:07:26,891 [JvmPauseMonitor24] INFO  util.JvmPauseMonitor (JvmPauseMonitor.java:run(146)) - JvmPauseMonitor-61f1eb6c-dc17-4b0b-858b-0bb1b85057d5: Started
2024-09-15 17:07:26,893 [61f1eb6c-dc17-4b0b-858b-0bb1b85057d5-BlockDeletingService#0] INFO  interfaces.ContainerDeletionChoosingPolicyTemplate (ContainerDeletionChoosingPolicyTemplate.java:chooseContainerForBlockDeletion(85)) - Chosen 0/5000 blocks from 0 candidate containers.
2024-09-15 17:07:27,113 [fdb1bdfc-cd38-46a5-a741-21faac0cf152-EndpointStateMachineTaskThread-/0.0.0.0:15161-0 ] INFO  utils.DatanodeStoreCache (DatanodeStoreCache.java:addDB(72)) - Added db /home/runner/work/ozone/ozone/hadoop-ozone/integration-test/target/test-dir/MiniOzoneClusterImpl-eca91e6c-a84b-4041-8679-4afba91b5587/ozone-meta/datanode-3/data-0/hdds/eca91e6c-a84b-4041-8679-4afba91b5587/DS-481d729f-9e83-4a31-909e-97af8894f3f7/container.db to cache
2024-09-15 17:07:27,113 [fdb1bdfc-cd38-46a5-a741-21faac0cf152-EndpointStateMachineTaskThread-/0.0.0.0:15161-0 ] INFO  volume.HddsVolume (HddsVolume.java:createDbStore(429)) - SchemaV3 db is created and loaded at /home/runner/work/ozone/ozone/hadoop-ozone/integration-test/target/test-dir/MiniOzoneClusterImpl-eca91e6c-a84b-4041-8679-4afba91b5587/ozone-meta/datanode-3/data-0/hdds/eca91e6c-a84b-4041-8679-4afba91b5587/DS-481d729f-9e83-4a31-909e-97af8894f3f7/container.db for volume DS-481d729f-9e83-4a31-909e-97af8894f3f7
2024-09-15 17:07:27,116 [fdb1bdfc-cd38-46a5-a741-21faac0cf152-ContainerReader-0] INFO  ozoneimpl.ContainerReader (ContainerReader.java:readVolume(148)) - Start to verify containers on volume /home/runner/work/ozone/ozone/hadoop-ozone/integration-test/target/test-dir/MiniOzoneClusterImpl-eca91e6c-a84b-4041-8679-4afba91b5587/ozone-meta/datanode-3/data-0/hdds
2024-09-15 17:07:27,116 [fdb1bdfc-cd38-46a5-a741-21faac0cf152-ContainerReader-0] INFO  ozoneimpl.ContainerReader (ContainerReader.java:readVolume(178)) - Finish verifying containers on volume /home/runner/work/ozone/ozone/hadoop-ozone/integration-test/target/test-dir/MiniOzoneClusterImpl-eca91e6c-a84b-4041-8679-4afba91b5587/ozone-meta/datanode-3/data-0/hdds
2024-09-15 17:07:27,116 [fdb1bdfc-cd38-46a5-a741-21faac0cf152-EndpointStateMachineTaskThread-/0.0.0.0:15161-0 ] INFO  ozoneimpl.OzoneContainer (OzoneContainer.java:buildContainerSet(344)) - Build ContainerSet costs 0s
2024-09-15 17:07:27,117 [fdb1bdfc-cd38-46a5-a741-21faac0cf152-EndpointStateMachineTaskThread-/0.0.0.0:15161-0 ] INFO  volume.ThrottledAsyncChecker (ThrottledAsyncChecker.java:schedule(141)) - Scheduling a check for /home/runner/work/ozone/ozone/hadoop-ozone/integration-test/target/test-dir/MiniOzoneClusterImpl-eca91e6c-a84b-4041-8679-4afba91b5587/ozone-meta/datanode-3/data-0/hdds
2024-09-15 17:07:27,117 [fdb1bdfc-cd38-46a5-a741-21faac0cf152-EndpointStateMachineTaskThread-/0.0.0.0:15161-0 ] INFO  volume.StorageVolumeChecker (StorageVolumeChecker.java:checkAllVolumes(218)) - Scheduled health check for volume /home/runner/work/ozone/ozone/hadoop-ozone/integration-test/target/test-dir/MiniOzoneClusterImpl-eca91e6c-a84b-4041-8679-4afba91b5587/ozone-meta/datanode-3/data-0/hdds
2024-09-15 17:07:27,118 [fdb1bdfc-cd38-46a5-a741-21faac0cf152-EndpointStateMachineTaskThread-/0.0.0.0:15161-0 ] INFO  volume.ThrottledAsyncChecker (ThrottledAsyncChecker.java:schedule(141)) - Scheduling a check for /home/runner/work/ozone/ozone/hadoop-ozone/integration-test/target/test-dir/MiniOzoneClusterImpl-eca91e6c-a84b-4041-8679-4afba91b5587/ozone-meta/datanode-3/ratis
2024-09-15 17:07:27,118 [fdb1bdfc-cd38-46a5-a741-21faac0cf152-EndpointStateMachineTaskThread-/0.0.0.0:15161-0 ] INFO  volume.StorageVolumeChecker (StorageVolumeChecker.java:checkAllVolumes(218)) - Scheduled health check for volume /home/runner/work/ozone/ozone/hadoop-ozone/integration-test/target/test-dir/MiniOzoneClusterImpl-eca91e6c-a84b-4041-8679-4afba91b5587/ozone-meta/datanode-3/ratis
2024-09-15 17:07:27,119 [fdb1bdfc-cd38-46a5-a741-21faac0cf152-EndpointStateMachineTaskThread-/0.0.0.0:15161-0 ] INFO  ozoneimpl.OzoneContainer (OzoneContainer.java:start(475)) - Attempting to start container services.
2024-09-15 17:07:27,119 [fdb1bdfc-cd38-46a5-a741-21faac0cf152-EndpointStateMachineTaskThread-/0.0.0.0:15161-0 ] WARN  ozoneimpl.OnDemandContainerDataScanner (OnDemandContainerDataScanner.java:init(75)) - Trying to initialize on demand scanner a second time on a datanode.
2024-09-15 17:07:27,120 [ContainerMetadataScanner] INFO  ozoneimpl.AbstractBackgroundContainerScanner (AbstractBackgroundContainerScanner.java:runIteration(87)) - Completed an iteration in 0 minutes. Number of iterations (since the data-node restart) : 1, Number of containers scanned in this iteration : 0, Number of unhealthy containers found in this iteration : 0
2024-09-15 17:07:27,120 [ContainerDataScanner(/home/runner/work/ozone/ozone/hadoop-ozone/integration-test/target/test-dir/MiniOzoneClusterImpl-eca91e6c-a84b-4041-8679-4afba91b5587/ozone-meta/datanode-3/data-0/hdds)] INFO  ozoneimpl.AbstractBackgroundContainerScanner (AbstractBackgroundContainerScanner.java:runIteration(87)) - Completed an iteration in 0 minutes. Number of iterations (since the data-node restart) : 1, Number of containers scanned in this iteration : 0, Number of unhealthy containers found in this iteration : 0
2024-09-15 17:07:27,120 [fdb1bdfc-cd38-46a5-a741-21faac0cf152-EndpointStateMachineTaskThread-/0.0.0.0:15161-0 ] INFO  replication.ReplicationServer (ReplicationServer.java:start(140)) - ReplicationServer is started using port 15193
2024-09-15 17:07:27,120 [fdb1bdfc-cd38-46a5-a741-21faac0cf152-EndpointStateMachineTaskThread-/0.0.0.0:15161-0 ] INFO  ratis.XceiverServerRatis (XceiverServerRatis.java:start(561)) - Starting XceiverServerRatis fdb1bdfc-cd38-46a5-a741-21faac0cf152
2024-09-15 17:07:27,121 [fdb1bdfc-cd38-46a5-a741-21faac0cf152-EndpointStateMachineTaskThread-/0.0.0.0:15161-0 ] INFO  server.RaftServer (RaftServerProxy.java:startImpl(408)) - fdb1bdfc-cd38-46a5-a741-21faac0cf152: start RPC server
2024-09-15 17:07:27,121 [fdb1bdfc-cd38-46a5-a741-21faac0cf152-EndpointStateMachineTaskThread-/0.0.0.0:15161-0 ] INFO  server.GrpcService (GrpcService.java:startImpl(302)) - fdb1bdfc-cd38-46a5-a741-21faac0cf152: GrpcService started, listening on 15189
2024-09-15 17:07:27,121 [fdb1bdfc-cd38-46a5-a741-21faac0cf152-EndpointStateMachineTaskThread-/0.0.0.0:15161-0 ] INFO  ratis.XceiverServerRatis (XceiverServerRatis.java:getRealPort(587)) - XceiverServerRatis fdb1bdfc-cd38-46a5-a741-21faac0cf152 is started using port 15189 for RATIS
2024-09-15 17:07:27,121 [fdb1bdfc-cd38-46a5-a741-21faac0cf152-EndpointStateMachineTaskThread-/0.0.0.0:15161-0 ] INFO  ratis.XceiverServerRatis (XceiverServerRatis.java:getRealPort(587)) - XceiverServerRatis fdb1bdfc-cd38-46a5-a741-21faac0cf152 is started using port 15189 for RATIS_ADMIN
2024-09-15 17:07:27,121 [JvmPauseMonitor25] INFO  util.JvmPauseMonitor (JvmPauseMonitor.java:run(146)) - JvmPauseMonitor-fdb1bdfc-cd38-46a5-a741-21faac0cf152: Started
2024-09-15 17:07:27,121 [fdb1bdfc-cd38-46a5-a741-21faac0cf152-EndpointStateMachineTaskThread-/0.0.0.0:15161-0 ] INFO  ratis.XceiverServerRatis (XceiverServerRatis.java:getRealPort(587)) - XceiverServerRatis fdb1bdfc-cd38-46a5-a741-21faac0cf152 is started using port 15189 for RATIS_SERVER
2024-09-15 17:07:27,121 [fdb1bdfc-cd38-46a5-a741-21faac0cf152-EndpointStateMachineTaskThread-/0.0.0.0:15161-0 ] INFO  ratis.XceiverServerRatis (XceiverServerRatis.java:getRealPort(587)) - XceiverServerRatis fdb1bdfc-cd38-46a5-a741-21faac0cf152 is started using port 15192 for RATIS_DATASTREAM
2024-09-15 17:07:27,122 [fdb1bdfc-cd38-46a5-a741-21faac0cf152-BlockDeletingService#0] INFO  interfaces.ContainerDeletionChoosingPolicyTemplate (ContainerDeletionChoosingPolicyTemplate.java:chooseContainerForBlockDeletion(85)) - Chosen 0/5000 blocks from 0 candidate containers.
2024-09-15 17:07:27,354 [c2143be1-a980-4ca9-9b44-5c7f6a3ce2c0-EndpointStateMachineTaskThread-/0.0.0.0:15161-0 ] INFO  utils.DatanodeStoreCache (DatanodeStoreCache.java:addDB(72)) - Added db /home/runner/work/ozone/ozone/hadoop-ozone/integration-test/target/test-dir/MiniOzoneClusterImpl-eca91e6c-a84b-4041-8679-4afba91b5587/ozone-meta/datanode-4/data-0/hdds/eca91e6c-a84b-4041-8679-4afba91b5587/DS-16c80397-aedb-4bb2-a4b0-de297102bf17/container.db to cache
2024-09-15 17:07:27,355 [c2143be1-a980-4ca9-9b44-5c7f6a3ce2c0-EndpointStateMachineTaskThread-/0.0.0.0:15161-0 ] INFO  volume.HddsVolume (HddsVolume.java:createDbStore(429)) - SchemaV3 db is created and loaded at /home/runner/work/ozone/ozone/hadoop-ozone/integration-test/target/test-dir/MiniOzoneClusterImpl-eca91e6c-a84b-4041-8679-4afba91b5587/ozone-meta/datanode-4/data-0/hdds/eca91e6c-a84b-4041-8679-4afba91b5587/DS-16c80397-aedb-4bb2-a4b0-de297102bf17/container.db for volume DS-16c80397-aedb-4bb2-a4b0-de297102bf17
2024-09-15 17:07:27,357 [c2143be1-a980-4ca9-9b44-5c7f6a3ce2c0-ContainerReader-0] INFO  ozoneimpl.ContainerReader (ContainerReader.java:readVolume(148)) - Start to verify containers on volume /home/runner/work/ozone/ozone/hadoop-ozone/integration-test/target/test-dir/MiniOzoneClusterImpl-eca91e6c-a84b-4041-8679-4afba91b5587/ozone-meta/datanode-4/data-0/hdds
2024-09-15 17:07:27,357 [c2143be1-a980-4ca9-9b44-5c7f6a3ce2c0-ContainerReader-0] INFO  ozoneimpl.ContainerReader (ContainerReader.java:readVolume(178)) - Finish verifying containers on volume /home/runner/work/ozone/ozone/hadoop-ozone/integration-test/target/test-dir/MiniOzoneClusterImpl-eca91e6c-a84b-4041-8679-4afba91b5587/ozone-meta/datanode-4/data-0/hdds
2024-09-15 17:07:27,357 [c2143be1-a980-4ca9-9b44-5c7f6a3ce2c0-EndpointStateMachineTaskThread-/0.0.0.0:15161-0 ] INFO  ozoneimpl.OzoneContainer (OzoneContainer.java:buildContainerSet(344)) - Build ContainerSet costs 0s
2024-09-15 17:07:27,357 [c2143be1-a980-4ca9-9b44-5c7f6a3ce2c0-EndpointStateMachineTaskThread-/0.0.0.0:15161-0 ] INFO  volume.ThrottledAsyncChecker (ThrottledAsyncChecker.java:schedule(141)) - Scheduling a check for /home/runner/work/ozone/ozone/hadoop-ozone/integration-test/target/test-dir/MiniOzoneClusterImpl-eca91e6c-a84b-4041-8679-4afba91b5587/ozone-meta/datanode-4/data-0/hdds
2024-09-15 17:07:27,358 [c2143be1-a980-4ca9-9b44-5c7f6a3ce2c0-EndpointStateMachineTaskThread-/0.0.0.0:15161-0 ] INFO  volume.StorageVolumeChecker (StorageVolumeChecker.java:checkAllVolumes(218)) - Scheduled health check for volume /home/runner/work/ozone/ozone/hadoop-ozone/integration-test/target/test-dir/MiniOzoneClusterImpl-eca91e6c-a84b-4041-8679-4afba91b5587/ozone-meta/datanode-4/data-0/hdds
2024-09-15 17:07:27,359 [c2143be1-a980-4ca9-9b44-5c7f6a3ce2c0-EndpointStateMachineTaskThread-/0.0.0.0:15161-0 ] INFO  volume.ThrottledAsyncChecker (ThrottledAsyncChecker.java:schedule(141)) - Scheduling a check for /home/runner/work/ozone/ozone/hadoop-ozone/integration-test/target/test-dir/MiniOzoneClusterImpl-eca91e6c-a84b-4041-8679-4afba91b5587/ozone-meta/datanode-4/ratis
2024-09-15 17:07:27,359 [c2143be1-a980-4ca9-9b44-5c7f6a3ce2c0-EndpointStateMachineTaskThread-/0.0.0.0:15161-0 ] INFO  volume.StorageVolumeChecker (StorageVolumeChecker.java:checkAllVolumes(218)) - Scheduled health check for volume /home/runner/work/ozone/ozone/hadoop-ozone/integration-test/target/test-dir/MiniOzoneClusterImpl-eca91e6c-a84b-4041-8679-4afba91b5587/ozone-meta/datanode-4/ratis
2024-09-15 17:07:27,361 [c2143be1-a980-4ca9-9b44-5c7f6a3ce2c0-EndpointStateMachineTaskThread-/0.0.0.0:15161-0 ] INFO  ozoneimpl.OzoneContainer (OzoneContainer.java:start(475)) - Attempting to start container services.
2024-09-15 17:07:27,361 [c2143be1-a980-4ca9-9b44-5c7f6a3ce2c0-EndpointStateMachineTaskThread-/0.0.0.0:15161-0 ] WARN  ozoneimpl.OnDemandContainerDataScanner (OnDemandContainerDataScanner.java:init(75)) - Trying to initialize on demand scanner a second time on a datanode.
2024-09-15 17:07:27,361 [ContainerMetadataScanner] INFO  ozoneimpl.AbstractBackgroundContainerScanner (AbstractBackgroundContainerScanner.java:runIteration(87)) - Completed an iteration in 0 minutes. Number of iterations (since the data-node restart) : 1, Number of containers scanned in this iteration : 0, Number of unhealthy containers found in this iteration : 0
2024-09-15 17:07:27,361 [ContainerDataScanner(/home/runner/work/ozone/ozone/hadoop-ozone/integration-test/target/test-dir/MiniOzoneClusterImpl-eca91e6c-a84b-4041-8679-4afba91b5587/ozone-meta/datanode-4/data-0/hdds)] INFO  ozoneimpl.AbstractBackgroundContainerScanner (AbstractBackgroundContainerScanner.java:runIteration(87)) - Completed an iteration in 0 minutes. Number of iterations (since the data-node restart) : 1, Number of containers scanned in this iteration : 0, Number of unhealthy containers found in this iteration : 0
2024-09-15 17:07:27,362 [c2143be1-a980-4ca9-9b44-5c7f6a3ce2c0-EndpointStateMachineTaskThread-/0.0.0.0:15161-0 ] INFO  replication.ReplicationServer (ReplicationServer.java:start(140)) - ReplicationServer is started using port 15202
2024-09-15 17:07:27,362 [c2143be1-a980-4ca9-9b44-5c7f6a3ce2c0-EndpointStateMachineTaskThread-/0.0.0.0:15161-0 ] INFO  ratis.XceiverServerRatis (XceiverServerRatis.java:start(561)) - Starting XceiverServerRatis c2143be1-a980-4ca9-9b44-5c7f6a3ce2c0
2024-09-15 17:07:27,362 [c2143be1-a980-4ca9-9b44-5c7f6a3ce2c0-EndpointStateMachineTaskThread-/0.0.0.0:15161-0 ] INFO  server.RaftServer (RaftServerProxy.java:startImpl(408)) - c2143be1-a980-4ca9-9b44-5c7f6a3ce2c0: start RPC server
2024-09-15 17:07:27,362 [c2143be1-a980-4ca9-9b44-5c7f6a3ce2c0-EndpointStateMachineTaskThread-/0.0.0.0:15161-0 ] INFO  server.GrpcService (GrpcService.java:startImpl(302)) - c2143be1-a980-4ca9-9b44-5c7f6a3ce2c0: GrpcService started, listening on 15198
2024-09-15 17:07:27,363 [c2143be1-a980-4ca9-9b44-5c7f6a3ce2c0-EndpointStateMachineTaskThread-/0.0.0.0:15161-0 ] INFO  ratis.XceiverServerRatis (XceiverServerRatis.java:getRealPort(587)) - XceiverServerRatis c2143be1-a980-4ca9-9b44-5c7f6a3ce2c0 is started using port 15198 for RATIS
2024-09-15 17:07:27,363 [c2143be1-a980-4ca9-9b44-5c7f6a3ce2c0-EndpointStateMachineTaskThread-/0.0.0.0:15161-0 ] INFO  ratis.XceiverServerRatis (XceiverServerRatis.java:getRealPort(587)) - XceiverServerRatis c2143be1-a980-4ca9-9b44-5c7f6a3ce2c0 is started using port 15198 for RATIS_ADMIN
2024-09-15 17:07:27,363 [c2143be1-a980-4ca9-9b44-5c7f6a3ce2c0-EndpointStateMachineTaskThread-/0.0.0.0:15161-0 ] INFO  ratis.XceiverServerRatis (XceiverServerRatis.java:getRealPort(587)) - XceiverServerRatis c2143be1-a980-4ca9-9b44-5c7f6a3ce2c0 is started using port 15198 for RATIS_SERVER
2024-09-15 17:07:27,363 [JvmPauseMonitor26] INFO  util.JvmPauseMonitor (JvmPauseMonitor.java:run(146)) - JvmPauseMonitor-c2143be1-a980-4ca9-9b44-5c7f6a3ce2c0: Started
2024-09-15 17:07:27,363 [c2143be1-a980-4ca9-9b44-5c7f6a3ce2c0-EndpointStateMachineTaskThread-/0.0.0.0:15161-0 ] INFO  ratis.XceiverServerRatis (XceiverServerRatis.java:getRealPort(587)) - XceiverServerRatis c2143be1-a980-4ca9-9b44-5c7f6a3ce2c0 is started using port 15201 for RATIS_DATASTREAM
2024-09-15 17:07:27,364 [c2143be1-a980-4ca9-9b44-5c7f6a3ce2c0-BlockDeletingService#0] INFO  interfaces.ContainerDeletionChoosingPolicyTemplate (ContainerDeletionChoosingPolicyTemplate.java:chooseContainerForBlockDeletion(85)) - Chosen 0/5000 blocks from 0 candidate containers.
2024-09-15 17:07:27,564 [main] INFO  ozone.MiniOzoneClusterImpl (MiniOzoneClusterImpl.java:lambda$waitForClusterToBeReady$0(198)) - Waiting for nodes to be ready. Got 0 of 5 DN Heartbeats.
2024-09-15 17:07:27,564 [main] INFO  ozone.MiniOzoneClusterImpl (MiniOzoneClusterImpl.java:lambda$waitForClusterToBeReady$0(201)) - Waiting for cluster to exit safe mode
2024-09-15 17:07:27,565 [main] INFO  ozone.MiniOzoneClusterImpl (MiniOzoneClusterImpl.java:lambda$waitForClusterToBeReady$0(203)) - SCM became leader
2024-09-15 17:07:27,596 [412dca75-3e3e-4901-90f7-d1b20b52b7c1-EndpointStateMachineTaskThread-/0.0.0.0:15161-0 ] INFO  utils.DatanodeStoreCache (DatanodeStoreCache.java:addDB(72)) - Added db /home/runner/work/ozone/ozone/hadoop-ozone/integration-test/target/test-dir/MiniOzoneClusterImpl-eca91e6c-a84b-4041-8679-4afba91b5587/ozone-meta/datanode-5/data-0/hdds/eca91e6c-a84b-4041-8679-4afba91b5587/DS-c799a723-692b-4ad4-98a3-376473112b05/container.db to cache
2024-09-15 17:07:27,596 [412dca75-3e3e-4901-90f7-d1b20b52b7c1-EndpointStateMachineTaskThread-/0.0.0.0:15161-0 ] INFO  volume.HddsVolume (HddsVolume.java:createDbStore(429)) - SchemaV3 db is created and loaded at /home/runner/work/ozone/ozone/hadoop-ozone/integration-test/target/test-dir/MiniOzoneClusterImpl-eca91e6c-a84b-4041-8679-4afba91b5587/ozone-meta/datanode-5/data-0/hdds/eca91e6c-a84b-4041-8679-4afba91b5587/DS-c799a723-692b-4ad4-98a3-376473112b05/container.db for volume DS-c799a723-692b-4ad4-98a3-376473112b05
2024-09-15 17:07:27,598 [412dca75-3e3e-4901-90f7-d1b20b52b7c1-ContainerReader-0] INFO  ozoneimpl.ContainerReader (ContainerReader.java:readVolume(148)) - Start to verify containers on volume /home/runner/work/ozone/ozone/hadoop-ozone/integration-test/target/test-dir/MiniOzoneClusterImpl-eca91e6c-a84b-4041-8679-4afba91b5587/ozone-meta/datanode-5/data-0/hdds
2024-09-15 17:07:27,598 [412dca75-3e3e-4901-90f7-d1b20b52b7c1-ContainerReader-0] INFO  ozoneimpl.ContainerReader (ContainerReader.java:readVolume(178)) - Finish verifying containers on volume /home/runner/work/ozone/ozone/hadoop-ozone/integration-test/target/test-dir/MiniOzoneClusterImpl-eca91e6c-a84b-4041-8679-4afba91b5587/ozone-meta/datanode-5/data-0/hdds
2024-09-15 17:07:27,599 [412dca75-3e3e-4901-90f7-d1b20b52b7c1-EndpointStateMachineTaskThread-/0.0.0.0:15161-0 ] INFO  ozoneimpl.OzoneContainer (OzoneContainer.java:buildContainerSet(344)) - Build ContainerSet costs 0s
2024-09-15 17:07:27,599 [412dca75-3e3e-4901-90f7-d1b20b52b7c1-EndpointStateMachineTaskThread-/0.0.0.0:15161-0 ] INFO  volume.ThrottledAsyncChecker (ThrottledAsyncChecker.java:schedule(141)) - Scheduling a check for /home/runner/work/ozone/ozone/hadoop-ozone/integration-test/target/test-dir/MiniOzoneClusterImpl-eca91e6c-a84b-4041-8679-4afba91b5587/ozone-meta/datanode-5/data-0/hdds
2024-09-15 17:07:27,599 [412dca75-3e3e-4901-90f7-d1b20b52b7c1-EndpointStateMachineTaskThread-/0.0.0.0:15161-0 ] INFO  volume.StorageVolumeChecker (StorageVolumeChecker.java:checkAllVolumes(218)) - Scheduled health check for volume /home/runner/work/ozone/ozone/hadoop-ozone/integration-test/target/test-dir/MiniOzoneClusterImpl-eca91e6c-a84b-4041-8679-4afba91b5587/ozone-meta/datanode-5/data-0/hdds
2024-09-15 17:07:27,600 [412dca75-3e3e-4901-90f7-d1b20b52b7c1-EndpointStateMachineTaskThread-/0.0.0.0:15161-0 ] INFO  volume.ThrottledAsyncChecker (ThrottledAsyncChecker.java:schedule(141)) - Scheduling a check for /home/runner/work/ozone/ozone/hadoop-ozone/integration-test/target/test-dir/MiniOzoneClusterImpl-eca91e6c-a84b-4041-8679-4afba91b5587/ozone-meta/datanode-5/ratis
2024-09-15 17:07:27,600 [412dca75-3e3e-4901-90f7-d1b20b52b7c1-EndpointStateMachineTaskThread-/0.0.0.0:15161-0 ] INFO  volume.StorageVolumeChecker (StorageVolumeChecker.java:checkAllVolumes(218)) - Scheduled health check for volume /home/runner/work/ozone/ozone/hadoop-ozone/integration-test/target/test-dir/MiniOzoneClusterImpl-eca91e6c-a84b-4041-8679-4afba91b5587/ozone-meta/datanode-5/ratis
2024-09-15 17:07:27,601 [412dca75-3e3e-4901-90f7-d1b20b52b7c1-EndpointStateMachineTaskThread-/0.0.0.0:15161-0 ] INFO  ozoneimpl.OzoneContainer (OzoneContainer.java:start(475)) - Attempting to start container services.
2024-09-15 17:07:27,601 [412dca75-3e3e-4901-90f7-d1b20b52b7c1-EndpointStateMachineTaskThread-/0.0.0.0:15161-0 ] WARN  ozoneimpl.OnDemandContainerDataScanner (OnDemandContainerDataScanner.java:init(75)) - Trying to initialize on demand scanner a second time on a datanode.
2024-09-15 17:07:27,602 [ContainerMetadataScanner] INFO  ozoneimpl.AbstractBackgroundContainerScanner (AbstractBackgroundContainerScanner.java:runIteration(87)) - Completed an iteration in 0 minutes. Number of iterations (since the data-node restart) : 1, Number of containers scanned in this iteration : 0, Number of unhealthy containers found in this iteration : 0
2024-09-15 17:07:27,602 [ContainerDataScanner(/home/runner/work/ozone/ozone/hadoop-ozone/integration-test/target/test-dir/MiniOzoneClusterImpl-eca91e6c-a84b-4041-8679-4afba91b5587/ozone-meta/datanode-5/data-0/hdds)] INFO  ozoneimpl.AbstractBackgroundContainerScanner (AbstractBackgroundContainerScanner.java:runIteration(87)) - Completed an iteration in 0 minutes. Number of iterations (since the data-node restart) : 1, Number of containers scanned in this iteration : 0, Number of unhealthy containers found in this iteration : 0
2024-09-15 17:07:27,602 [412dca75-3e3e-4901-90f7-d1b20b52b7c1-EndpointStateMachineTaskThread-/0.0.0.0:15161-0 ] INFO  replication.ReplicationServer (ReplicationServer.java:start(140)) - ReplicationServer is started using port 15211
2024-09-15 17:07:27,602 [412dca75-3e3e-4901-90f7-d1b20b52b7c1-EndpointStateMachineTaskThread-/0.0.0.0:15161-0 ] INFO  ratis.XceiverServerRatis (XceiverServerRatis.java:start(561)) - Starting XceiverServerRatis 412dca75-3e3e-4901-90f7-d1b20b52b7c1
2024-09-15 17:07:27,603 [412dca75-3e3e-4901-90f7-d1b20b52b7c1-EndpointStateMachineTaskThread-/0.0.0.0:15161-0 ] INFO  server.RaftServer (RaftServerProxy.java:startImpl(408)) - 412dca75-3e3e-4901-90f7-d1b20b52b7c1: start RPC server
2024-09-15 17:07:27,603 [412dca75-3e3e-4901-90f7-d1b20b52b7c1-EndpointStateMachineTaskThread-/0.0.0.0:15161-0 ] INFO  server.GrpcService (GrpcService.java:startImpl(302)) - 412dca75-3e3e-4901-90f7-d1b20b52b7c1: GrpcService started, listening on 15207
2024-09-15 17:07:27,603 [412dca75-3e3e-4901-90f7-d1b20b52b7c1-EndpointStateMachineTaskThread-/0.0.0.0:15161-0 ] INFO  ratis.XceiverServerRatis (XceiverServerRatis.java:getRealPort(587)) - XceiverServerRatis 412dca75-3e3e-4901-90f7-d1b20b52b7c1 is started using port 15207 for RATIS
2024-09-15 17:07:27,603 [412dca75-3e3e-4901-90f7-d1b20b52b7c1-EndpointStateMachineTaskThread-/0.0.0.0:15161-0 ] INFO  ratis.XceiverServerRatis (XceiverServerRatis.java:getRealPort(587)) - XceiverServerRatis 412dca75-3e3e-4901-90f7-d1b20b52b7c1 is started using port 15207 for RATIS_ADMIN
2024-09-15 17:07:27,603 [412dca75-3e3e-4901-90f7-d1b20b52b7c1-EndpointStateMachineTaskThread-/0.0.0.0:15161-0 ] INFO  ratis.XceiverServerRatis (XceiverServerRatis.java:getRealPort(587)) - XceiverServerRatis 412dca75-3e3e-4901-90f7-d1b20b52b7c1 is started using port 15207 for RATIS_SERVER
2024-09-15 17:07:27,603 [412dca75-3e3e-4901-90f7-d1b20b52b7c1-EndpointStateMachineTaskThread-/0.0.0.0:15161-0 ] INFO  ratis.XceiverServerRatis (XceiverServerRatis.java:getRealPort(587)) - XceiverServerRatis 412dca75-3e3e-4901-90f7-d1b20b52b7c1 is started using port 15210 for RATIS_DATASTREAM
2024-09-15 17:07:27,603 [JvmPauseMonitor27] INFO  util.JvmPauseMonitor (JvmPauseMonitor.java:run(146)) - JvmPauseMonitor-412dca75-3e3e-4901-90f7-d1b20b52b7c1: Started
2024-09-15 17:07:27,604 [412dca75-3e3e-4901-90f7-d1b20b52b7c1-BlockDeletingService#0] INFO  interfaces.ContainerDeletionChoosingPolicyTemplate (ContainerDeletionChoosingPolicyTemplate.java:chooseContainerForBlockDeletion(85)) - Chosen 0/5000 blocks from 0 candidate containers.
2024-09-15 17:07:28,565 [main] INFO  ozone.MiniOzoneClusterImpl (MiniOzoneClusterImpl.java:lambda$waitForClusterToBeReady$0(198)) - Waiting for nodes to be ready. Got 0 of 5 DN Heartbeats.
2024-09-15 17:07:28,565 [main] INFO  ozone.MiniOzoneClusterImpl (MiniOzoneClusterImpl.java:lambda$waitForClusterToBeReady$0(201)) - Waiting for cluster to exit safe mode
2024-09-15 17:07:28,565 [main] INFO  ozone.MiniOzoneClusterImpl (MiniOzoneClusterImpl.java:lambda$waitForClusterToBeReady$0(203)) - SCM became leader
2024-09-15 17:07:28,598 [IPC Server handler 4 on default port 15161] INFO  net.NetworkTopologyImpl (NetworkTopologyImpl.java:add(134)) - Added a new node: /default-rack/62362ab0-30ae-49fa-a673-0da439c77b8d
2024-09-15 17:07:28,599 [IPC Server handler 4 on default port 15161] INFO  node.SCMNodeManager (SCMNodeManager.java:register(422)) - Registered datanode: 62362ab0-30ae-49fa-a673-0da439c77b8d{ip: 127.0.0.1, host: localhost, ports: [HTTP=15168, CLIENT_RPC=15169, REPLICATION=15175, RATIS=15171, RATIS_ADMIN=15171, RATIS_SERVER=15171, RATIS_DATASTREAM=15174, STANDALONE=15170], networkLocation: /default-rack, certSerialId: null, persistedOpState: null, persistedOpStateExpiryEpochSec: 0}
2024-09-15 17:07:28,599 [EventQueue-NodeRegistrationContainerReportForContainerSafeModeRule] INFO  safemode.SCMSafeModeManager (SCMSafeModeManager.java:validateSafeModeExitRules(203)) - ContainerSafeModeRule rule is successfully validated
2024-09-15 17:07:28,599 [EventQueue-NodeRegistrationContainerReportForDataNodeSafeModeRule] INFO  safemode.SCMSafeModeManager (DataNodeSafeModeRule.java:process(71)) - SCM in safe mode. 1 DataNodes registered, 3 required.
2024-09-15 17:07:28,600 [EventQueue-NewNodeForNewNodeHandler] INFO  pipeline.BackgroundPipelineCreator (BackgroundPipelineCreator.java:notifyEventTriggered(280)) - trigger a one-shot run on RatisPipelineUtilsThread.
2024-09-15 17:07:28,600 [EventQueue-PipelineReportForOneReplicaPipelineSafeModeRule] INFO  safemode.SCMSafeModeManager (SCMSafeModeManager.java:validateSafeModeExitRules(203)) - AtleastOneDatanodeReportedRule rule is successfully validated
2024-09-15 17:07:28,600 [RatisPipelineUtilsThread-0] INFO  pipeline.RatisPipelineProvider (RatisPipelineProvider.java:lambda$create$0(205)) - Sending CreatePipelineCommand for pipeline:PipelineID=6f349022-21b7-4e13-9f30-7685ea4b7899 to datanode:62362ab0-30ae-49fa-a673-0da439c77b8d
2024-09-15 17:07:28,601 [RatisPipelineUtilsThread-0] INFO  pipeline.BackgroundPipelineCreator (BackgroundPipelineCreator.java:createPipelines(236)) - Created new pipeline Pipeline[ Id: 6f349022-21b7-4e13-9f30-7685ea4b7899, Nodes: 62362ab0-30ae-49fa-a673-0da439c77b8d(localhost/127.0.0.1) ReplicaIndex: 0, ReplicationConfig: RATIS/ONE, State:ALLOCATED, leaderId:, CreationTimestamp2024-09-15T17:07:28.600753754Z[Etc/UTC]]
2024-09-15 17:07:28,852 [IPC Server handler 0 on default port 15161] INFO  net.NetworkTopologyImpl (NetworkTopologyImpl.java:add(134)) - Added a new node: /default-rack/61f1eb6c-dc17-4b0b-858b-0bb1b85057d5
2024-09-15 17:07:28,852 [IPC Server handler 0 on default port 15161] INFO  node.SCMNodeManager (SCMNodeManager.java:register(422)) - Registered datanode: 61f1eb6c-dc17-4b0b-858b-0bb1b85057d5{ip: 127.0.0.1, host: localhost, ports: [HTTP=15177, CLIENT_RPC=15178, REPLICATION=15184, RATIS=15180, RATIS_ADMIN=15180, RATIS_SERVER=15180, RATIS_DATASTREAM=15183, STANDALONE=15179], networkLocation: /default-rack, certSerialId: null, persistedOpState: null, persistedOpStateExpiryEpochSec: 0}
2024-09-15 17:07:28,852 [EventQueue-NewNodeForNewNodeHandler] INFO  pipeline.BackgroundPipelineCreator (BackgroundPipelineCreator.java:notifyEventTriggered(280)) - trigger a one-shot run on RatisPipelineUtilsThread.
2024-09-15 17:07:28,852 [EventQueue-NodeRegistrationContainerReportForDataNodeSafeModeRule] INFO  safemode.SCMSafeModeManager (DataNodeSafeModeRule.java:process(71)) - SCM in safe mode. 2 DataNodes registered, 3 required.
2024-09-15 17:07:28,852 [RatisPipelineUtilsThread-0] INFO  pipeline.RatisPipelineProvider (RatisPipelineProvider.java:lambda$create$0(205)) - Sending CreatePipelineCommand for pipeline:PipelineID=bb0751b5-e24a-4f27-8882-e5f3e020c69c to datanode:61f1eb6c-dc17-4b0b-858b-0bb1b85057d5
2024-09-15 17:07:28,853 [RatisPipelineUtilsThread-0] INFO  pipeline.BackgroundPipelineCreator (BackgroundPipelineCreator.java:createPipelines(236)) - Created new pipeline Pipeline[ Id: bb0751b5-e24a-4f27-8882-e5f3e020c69c, Nodes: 61f1eb6c-dc17-4b0b-858b-0bb1b85057d5(localhost/127.0.0.1) ReplicaIndex: 0, ReplicationConfig: RATIS/ONE, State:ALLOCATED, leaderId:, CreationTimestamp2024-09-15T17:07:28.852942755Z[Etc/UTC]]
2024-09-15 17:07:29,085 [IPC Server handler 1 on default port 15161] INFO  net.NetworkTopologyImpl (NetworkTopologyImpl.java:add(134)) - Added a new node: /default-rack/fdb1bdfc-cd38-46a5-a741-21faac0cf152
2024-09-15 17:07:29,085 [IPC Server handler 1 on default port 15161] INFO  node.SCMNodeManager (SCMNodeManager.java:register(422)) - Registered datanode: fdb1bdfc-cd38-46a5-a741-21faac0cf152{ip: 127.0.0.1, host: localhost, ports: [HTTP=15186, CLIENT_RPC=15187, REPLICATION=15193, RATIS=15189, RATIS_ADMIN=15189, RATIS_SERVER=15189, RATIS_DATASTREAM=15192, STANDALONE=15188], networkLocation: /default-rack, certSerialId: null, persistedOpState: null, persistedOpStateExpiryEpochSec: 0}
2024-09-15 17:07:29,086 [EventQueue-NewNodeForNewNodeHandler] INFO  pipeline.BackgroundPipelineCreator (BackgroundPipelineCreator.java:notifyEventTriggered(280)) - trigger a one-shot run on RatisPipelineUtilsThread.
2024-09-15 17:07:29,086 [EventQueue-NodeRegistrationContainerReportForDataNodeSafeModeRule] INFO  safemode.SCMSafeModeManager (DataNodeSafeModeRule.java:process(71)) - SCM in safe mode. 3 DataNodes registered, 3 required.
2024-09-15 17:07:29,086 [EventQueue-NodeRegistrationContainerReportForDataNodeSafeModeRule] INFO  safemode.SCMSafeModeManager (SCMSafeModeManager.java:validateSafeModeExitRules(203)) - DataNodeSafeModeRule rule is successfully validated
2024-09-15 17:07:29,086 [EventQueue-NodeRegistrationContainerReportForDataNodeSafeModeRule] INFO  safemode.SCMSafeModeManager (SCMSafeModeManager.java:completePreCheck(232)) - All SCM safe mode pre check rules have passed
2024-09-15 17:07:29,086 [EventQueue-NodeRegistrationContainerReportForDataNodeSafeModeRule] INFO  ha.SCMContext (SCMContext.java:updateSafeModeStatus(225)) - Update SafeModeStatus from SafeModeStatus{safeModeStatus=true, preCheckPassed=false} to SafeModeStatus{safeModeStatus=true, preCheckPassed=true}.
2024-09-15 17:07:29,086 [EventQueue-NodeRegistrationContainerReportForDataNodeSafeModeRule] INFO  pipeline.BackgroundPipelineCreator (BackgroundPipelineCreator.java:notifyEventTriggered(280)) - trigger a one-shot run on RatisPipelineUtilsThread.
2024-09-15 17:07:29,086 [RatisPipelineUtilsThread-0] INFO  pipeline.RatisPipelineProvider (RatisPipelineProvider.java:lambda$create$0(205)) - Sending CreatePipelineCommand for pipeline:PipelineID=349c8c24-32be-4db9-8598-8f56dec8fdf9 to datanode:fdb1bdfc-cd38-46a5-a741-21faac0cf152
2024-09-15 17:07:29,087 [RatisPipelineUtilsThread-0] INFO  pipeline.BackgroundPipelineCreator (BackgroundPipelineCreator.java:createPipelines(236)) - Created new pipeline Pipeline[ Id: 349c8c24-32be-4db9-8598-8f56dec8fdf9, Nodes: fdb1bdfc-cd38-46a5-a741-21faac0cf152(localhost/127.0.0.1) ReplicaIndex: 0, ReplicationConfig: RATIS/ONE, State:ALLOCATED, leaderId:, CreationTimestamp2024-09-15T17:07:29.086475340Z[Etc/UTC]]
2024-09-15 17:07:29,087 [RatisPipelineUtilsThread-0] INFO  pipeline.RatisPipelineProvider (RatisPipelineProvider.java:lambda$create$0(205)) - Sending CreatePipelineCommand for pipeline:PipelineID=4b34d6d8-6abb-4b9d-9724-97ab3179636b to datanode:61f1eb6c-dc17-4b0b-858b-0bb1b85057d5
2024-09-15 17:07:29,087 [RatisPipelineUtilsThread-0] INFO  pipeline.RatisPipelineProvider (RatisPipelineProvider.java:lambda$create$0(205)) - Sending CreatePipelineCommand for pipeline:PipelineID=4b34d6d8-6abb-4b9d-9724-97ab3179636b to datanode:62362ab0-30ae-49fa-a673-0da439c77b8d
2024-09-15 17:07:29,087 [RatisPipelineUtilsThread-0] INFO  pipeline.RatisPipelineProvider (RatisPipelineProvider.java:lambda$create$0(205)) - Sending CreatePipelineCommand for pipeline:PipelineID=4b34d6d8-6abb-4b9d-9724-97ab3179636b to datanode:fdb1bdfc-cd38-46a5-a741-21faac0cf152
2024-09-15 17:07:29,087 [RatisPipelineUtilsThread-0] INFO  pipeline.BackgroundPipelineCreator (BackgroundPipelineCreator.java:createPipelines(236)) - Created new pipeline Pipeline[ Id: 4b34d6d8-6abb-4b9d-9724-97ab3179636b, Nodes: 61f1eb6c-dc17-4b0b-858b-0bb1b85057d5(localhost/127.0.0.1) ReplicaIndex: 062362ab0-30ae-49fa-a673-0da439c77b8d(localhost/127.0.0.1) ReplicaIndex: 0fdb1bdfc-cd38-46a5-a741-21faac0cf152(localhost/127.0.0.1) ReplicaIndex: 0, ReplicationConfig: RATIS/THREE, State:ALLOCATED, leaderId:, CreationTimestamp2024-09-15T17:07:29.087398144Z[Etc/UTC]]
2024-09-15 17:07:29,088 [RatisPipelineUtilsThread-0] INFO  pipeline.RatisPipelineProvider (RatisPipelineProvider.java:lambda$create$0(205)) - Sending CreatePipelineCommand for pipeline:PipelineID=ffe936e1-90b0-46c0-bf1c-9f891b4926a6 to datanode:61f1eb6c-dc17-4b0b-858b-0bb1b85057d5
2024-09-15 17:07:29,088 [RatisPipelineUtilsThread-0] INFO  pipeline.RatisPipelineProvider (RatisPipelineProvider.java:lambda$create$0(205)) - Sending CreatePipelineCommand for pipeline:PipelineID=ffe936e1-90b0-46c0-bf1c-9f891b4926a6 to datanode:62362ab0-30ae-49fa-a673-0da439c77b8d
2024-09-15 17:07:29,088 [RatisPipelineUtilsThread-0] INFO  pipeline.RatisPipelineProvider (RatisPipelineProvider.java:lambda$create$0(205)) - Sending CreatePipelineCommand for pipeline:PipelineID=ffe936e1-90b0-46c0-bf1c-9f891b4926a6 to datanode:fdb1bdfc-cd38-46a5-a741-21faac0cf152
2024-09-15 17:07:29,089 [RatisPipelineUtilsThread-0] INFO  pipeline.PipelineManagerImpl (PipelineManagerImpl.java:recordMetricsForPipeline(916)) - Pipeline: PipelineID=ffe936e1-90b0-46c0-bf1c-9f891b4926a6 contains same datanodes as previous pipelines: PipelineID=4b34d6d8-6abb-4b9d-9724-97ab3179636b nodeIds: 61f1eb6c-dc17-4b0b-858b-0bb1b85057d5, 62362ab0-30ae-49fa-a673-0da439c77b8d, fdb1bdfc-cd38-46a5-a741-21faac0cf152
2024-09-15 17:07:29,089 [RatisPipelineUtilsThread-0] INFO  pipeline.BackgroundPipelineCreator (BackgroundPipelineCreator.java:createPipelines(236)) - Created new pipeline Pipeline[ Id: ffe936e1-90b0-46c0-bf1c-9f891b4926a6, Nodes: 61f1eb6c-dc17-4b0b-858b-0bb1b85057d5(localhost/127.0.0.1) ReplicaIndex: 062362ab0-30ae-49fa-a673-0da439c77b8d(localhost/127.0.0.1) ReplicaIndex: 0fdb1bdfc-cd38-46a5-a741-21faac0cf152(localhost/127.0.0.1) ReplicaIndex: 0, ReplicationConfig: RATIS/THREE, State:ALLOCATED, leaderId:, CreationTimestamp2024-09-15T17:07:29.088452360Z[Etc/UTC]]
2024-09-15 17:07:29,089 [RatisPipelineUtilsThread-0] INFO  pipeline.RatisPipelineProvider (RatisPipelineProvider.java:lambda$create$0(205)) - Sending CreatePipelineCommand for pipeline:PipelineID=c8c705c7-4182-4f71-bc0b-4522ab183087 to datanode:62362ab0-30ae-49fa-a673-0da439c77b8d
2024-09-15 17:07:29,089 [RatisPipelineUtilsThread-0] INFO  pipeline.RatisPipelineProvider (RatisPipelineProvider.java:lambda$create$0(205)) - Sending CreatePipelineCommand for pipeline:PipelineID=c8c705c7-4182-4f71-bc0b-4522ab183087 to datanode:61f1eb6c-dc17-4b0b-858b-0bb1b85057d5
2024-09-15 17:07:29,089 [RatisPipelineUtilsThread-0] INFO  pipeline.RatisPipelineProvider (RatisPipelineProvider.java:lambda$create$0(205)) - Sending CreatePipelineCommand for pipeline:PipelineID=c8c705c7-4182-4f71-bc0b-4522ab183087 to datanode:fdb1bdfc-cd38-46a5-a741-21faac0cf152
2024-09-15 17:07:29,090 [RatisPipelineUtilsThread-0] INFO  pipeline.PipelineManagerImpl (PipelineManagerImpl.java:recordMetricsForPipeline(916)) - Pipeline: PipelineID=c8c705c7-4182-4f71-bc0b-4522ab183087 contains same datanodes as previous pipelines: PipelineID=ffe936e1-90b0-46c0-bf1c-9f891b4926a6 nodeIds: 62362ab0-30ae-49fa-a673-0da439c77b8d, 61f1eb6c-dc17-4b0b-858b-0bb1b85057d5, fdb1bdfc-cd38-46a5-a741-21faac0cf152
2024-09-15 17:07:29,090 [RatisPipelineUtilsThread-0] INFO  pipeline.PipelineManagerImpl (PipelineManagerImpl.java:recordMetricsForPipeline(916)) - Pipeline: PipelineID=c8c705c7-4182-4f71-bc0b-4522ab183087 contains same datanodes as previous pipelines: PipelineID=4b34d6d8-6abb-4b9d-9724-97ab3179636b nodeIds: 62362ab0-30ae-49fa-a673-0da439c77b8d, 61f1eb6c-dc17-4b0b-858b-0bb1b85057d5, fdb1bdfc-cd38-46a5-a741-21faac0cf152
2024-09-15 17:07:29,090 [RatisPipelineUtilsThread-0] INFO  pipeline.BackgroundPipelineCreator (BackgroundPipelineCreator.java:createPipelines(236)) - Created new pipeline Pipeline[ Id: c8c705c7-4182-4f71-bc0b-4522ab183087, Nodes: 62362ab0-30ae-49fa-a673-0da439c77b8d(localhost/127.0.0.1) ReplicaIndex: 061f1eb6c-dc17-4b0b-858b-0bb1b85057d5(localhost/127.0.0.1) ReplicaIndex: 0fdb1bdfc-cd38-46a5-a741-21faac0cf152(localhost/127.0.0.1) ReplicaIndex: 0, ReplicationConfig: RATIS/THREE, State:ALLOCATED, leaderId:, CreationTimestamp2024-09-15T17:07:29.089652920Z[Etc/UTC]]
2024-09-15 17:07:29,325 [IPC Server handler 2 on default port 15161] INFO  net.NetworkTopologyImpl (NetworkTopologyImpl.java:add(134)) - Added a new node: /default-rack/c2143be1-a980-4ca9-9b44-5c7f6a3ce2c0
2024-09-15 17:07:29,325 [IPC Server handler 2 on default port 15161] INFO  node.SCMNodeManager (SCMNodeManager.java:register(422)) - Registered datanode: c2143be1-a980-4ca9-9b44-5c7f6a3ce2c0{ip: 127.0.0.1, host: localhost, ports: [HTTP=15195, CLIENT_RPC=15196, REPLICATION=15202, RATIS=15198, RATIS_ADMIN=15198, RATIS_SERVER=15198, RATIS_DATASTREAM=15201, STANDALONE=15197], networkLocation: /default-rack, certSerialId: null, persistedOpState: null, persistedOpStateExpiryEpochSec: 0}
2024-09-15 17:07:29,326 [EventQueue-NewNodeForNewNodeHandler] INFO  pipeline.BackgroundPipelineCreator (BackgroundPipelineCreator.java:notifyEventTriggered(280)) - trigger a one-shot run on RatisPipelineUtilsThread.
2024-09-15 17:07:29,326 [RatisPipelineUtilsThread-0] INFO  pipeline.RatisPipelineProvider (RatisPipelineProvider.java:lambda$create$0(205)) - Sending CreatePipelineCommand for pipeline:PipelineID=fac42d6e-3b68-4e87-9f93-05952570bab2 to datanode:c2143be1-a980-4ca9-9b44-5c7f6a3ce2c0
2024-09-15 17:07:29,327 [RatisPipelineUtilsThread-0] INFO  pipeline.BackgroundPipelineCreator (BackgroundPipelineCreator.java:createPipelines(236)) - Created new pipeline Pipeline[ Id: fac42d6e-3b68-4e87-9f93-05952570bab2, Nodes: c2143be1-a980-4ca9-9b44-5c7f6a3ce2c0(localhost/127.0.0.1) ReplicaIndex: 0, ReplicationConfig: RATIS/ONE, State:ALLOCATED, leaderId:, CreationTimestamp2024-09-15T17:07:29.326612254Z[Etc/UTC]]
2024-09-15 17:07:29,565 [main] INFO  ozone.MiniOzoneClusterImpl (MiniOzoneClusterImpl.java:lambda$waitForClusterToBeReady$0(198)) - Waiting for nodes to be ready. Got 4 of 5 DN Heartbeats.
2024-09-15 17:07:29,566 [main] INFO  ozone.MiniOzoneClusterImpl (MiniOzoneClusterImpl.java:lambda$waitForClusterToBeReady$0(201)) - Waiting for cluster to exit safe mode
2024-09-15 17:07:29,566 [main] INFO  ozone.MiniOzoneClusterImpl (MiniOzoneClusterImpl.java:lambda$waitForClusterToBeReady$0(203)) - SCM became leader
2024-09-15 17:07:29,565 [IPC Server handler 3 on default port 15161] INFO  net.NetworkTopologyImpl (NetworkTopologyImpl.java:add(134)) - Added a new node: /default-rack/412dca75-3e3e-4901-90f7-d1b20b52b7c1
2024-09-15 17:07:29,566 [IPC Server handler 3 on default port 15161] INFO  node.SCMNodeManager (SCMNodeManager.java:register(422)) - Registered datanode: 412dca75-3e3e-4901-90f7-d1b20b52b7c1{ip: 127.0.0.1, host: localhost, ports: [HTTP=15204, CLIENT_RPC=15205, REPLICATION=15211, RATIS=15207, RATIS_ADMIN=15207, RATIS_SERVER=15207, RATIS_DATASTREAM=15210, STANDALONE=15206], networkLocation: /default-rack, certSerialId: null, persistedOpState: null, persistedOpStateExpiryEpochSec: 0}
2024-09-15 17:07:29,566 [EventQueue-NewNodeForNewNodeHandler] INFO  pipeline.BackgroundPipelineCreator (BackgroundPipelineCreator.java:notifyEventTriggered(280)) - trigger a one-shot run on RatisPipelineUtilsThread.
2024-09-15 17:07:29,566 [RatisPipelineUtilsThread-0] INFO  pipeline.RatisPipelineProvider (RatisPipelineProvider.java:lambda$create$0(205)) - Sending CreatePipelineCommand for pipeline:PipelineID=9d02e635-8afc-4354-aedf-5574a5fa9ef9 to datanode:412dca75-3e3e-4901-90f7-d1b20b52b7c1
2024-09-15 17:07:29,567 [RatisPipelineUtilsThread-0] INFO  pipeline.BackgroundPipelineCreator (BackgroundPipelineCreator.java:createPipelines(236)) - Created new pipeline Pipeline[ Id: 9d02e635-8afc-4354-aedf-5574a5fa9ef9, Nodes: 412dca75-3e3e-4901-90f7-d1b20b52b7c1(localhost/127.0.0.1) ReplicaIndex: 0, ReplicationConfig: RATIS/ONE, State:ALLOCATED, leaderId:, CreationTimestamp2024-09-15T17:07:29.566898276Z[Etc/UTC]]
2024-09-15 17:07:30,566 [main] INFO  ozone.MiniOzoneClusterImpl (MiniOzoneClusterImpl.java:lambda$waitForClusterToBeReady$0(198)) - Nodes are ready. Got 5 of 5 DN Heartbeats.
2024-09-15 17:07:30,566 [main] INFO  ozone.MiniOzoneClusterImpl (MiniOzoneClusterImpl.java:lambda$waitForClusterToBeReady$0(201)) - Waiting for cluster to exit safe mode
2024-09-15 17:07:30,566 [main] INFO  ozone.MiniOzoneClusterImpl (MiniOzoneClusterImpl.java:lambda$waitForClusterToBeReady$0(203)) - SCM became leader
2024-09-15 17:07:31,566 [main] INFO  ozone.MiniOzoneClusterImpl (MiniOzoneClusterImpl.java:lambda$waitForClusterToBeReady$0(198)) - Nodes are ready. Got 5 of 5 DN Heartbeats.
2024-09-15 17:07:31,567 [main] INFO  ozone.MiniOzoneClusterImpl (MiniOzoneClusterImpl.java:lambda$waitForClusterToBeReady$0(201)) - Waiting for cluster to exit safe mode
2024-09-15 17:07:31,567 [main] INFO  ozone.MiniOzoneClusterImpl (MiniOzoneClusterImpl.java:lambda$waitForClusterToBeReady$0(203)) - SCM became leader
2024-09-15 17:07:31,597 [62362ab0-30ae-49fa-a673-0da439c77b8d-PipelineCommandHandlerThread-0] INFO  server.RaftServer (RaftServerProxy.java:addNew(101)) - 62362ab0-30ae-49fa-a673-0da439c77b8d: addNew group-7685EA4B7899:[62362ab0-30ae-49fa-a673-0da439c77b8d|127.0.0.1:15171] returns group-7685EA4B7899:java.util.concurrent.CompletableFuture@18a53cd3[Not completed]
2024-09-15 17:07:31,598 [62362ab0-30ae-49fa-a673-0da439c77b8d-groupManagement] INFO  server.RaftServer$Division (RaftServerImpl.java:<init>(253)) - 62362ab0-30ae-49fa-a673-0da439c77b8d: new RaftServerImpl for group-7685EA4B7899:[62362ab0-30ae-49fa-a673-0da439c77b8d|127.0.0.1:15171] with ContainerStateMachine:uninitialized
2024-09-15 17:07:31,599 [62362ab0-30ae-49fa-a673-0da439c77b8d-groupManagement] INFO  server.RaftServerConfigKeys (ConfUtils.java:logGet(46)) - raft.server.rpc.timeout.min = 5s (custom)
2024-09-15 17:07:31,599 [62362ab0-30ae-49fa-a673-0da439c77b8d-groupManagement] INFO  server.RaftServerConfigKeys (ConfUtils.java:logGet(46)) - raft.server.rpc.timeout.max = 5200ms (custom)
2024-09-15 17:07:31,599 [62362ab0-30ae-49fa-a673-0da439c77b8d-groupManagement] INFO  server.RaftServerConfigKeys (ConfUtils.java:logGet(46)) - raft.server.rpc.sleep.time = 25ms (default)
2024-09-15 17:07:31,599 [62362ab0-30ae-49fa-a673-0da439c77b8d-groupManagement] INFO  server.RaftServerConfigKeys (ConfUtils.java:logGet(46)) - raft.server.rpc.slowness.timeout = 300000ms (custom)
2024-09-15 17:07:31,599 [62362ab0-30ae-49fa-a673-0da439c77b8d-groupManagement] INFO  server.RaftServerConfigKeys (ConfUtils.java:logGet(46)) - raft.server.leaderelection.leader.step-down.wait-time = 10s (default)
2024-09-15 17:07:31,599 [62362ab0-30ae-49fa-a673-0da439c77b8d-groupManagement] INFO  server.RaftServerConfigKeys (ConfUtils.java:logGet(46)) - raft.server.leaderelection.member.majority-add = false (default)
2024-09-15 17:07:31,599 [62362ab0-30ae-49fa-a673-0da439c77b8d-groupManagement] INFO  server.RaftServerConfigKeys (ConfUtils.java:logGet(46)) - raft.server.sleep.deviation.threshold = 300ms (default)
2024-09-15 17:07:31,599 [62362ab0-30ae-49fa-a673-0da439c77b8d-groupManagement] INFO  server.RaftServer$Division (ServerState.java:<init>(114)) - 62362ab0-30ae-49fa-a673-0da439c77b8d@group-7685EA4B7899: ConfigurationManager, init=conf: {index: -1, cur=peers:[62362ab0-30ae-49fa-a673-0da439c77b8d|127.0.0.1:15171]|listeners:[], old=null}, confs=<EMPTY_MAP>
2024-09-15 17:07:31,599 [62362ab0-30ae-49fa-a673-0da439c77b8d-groupManagement] INFO  server.RaftServerConfigKeys (ConfUtils.java:logGet(46)) - raft.server.notification.no-leader.timeout = 300000ms (custom)
2024-09-15 17:07:31,599 [62362ab0-30ae-49fa-a673-0da439c77b8d-groupManagement] INFO  server.RaftServerConfigKeys (ConfUtils.java:logGet(46)) - raft.server.read.timeout = 10s (default)
2024-09-15 17:07:31,599 [62362ab0-30ae-49fa-a673-0da439c77b8d-groupManagement] INFO  server.RaftServerConfigKeys (ConfUtils.java:logGet(46)) - raft.server.retrycache.expirytime = 600000ms (custom)
2024-09-15 17:07:31,599 [62362ab0-30ae-49fa-a673-0da439c77b8d-groupManagement] INFO  server.RaftServerConfigKeys (ConfUtils.java:logGet(46)) - raft.server.retrycache.statistics.expirytime = 100ms (default)
2024-09-15 17:07:31,599 [62362ab0-30ae-49fa-a673-0da439c77b8d-groupManagement] INFO  server.RaftServerConfigKeys (ConfUtils.java:logGet(46)) - raft.server.read.option = DEFAULT (default)
2024-09-15 17:07:31,599 [62362ab0-30ae-49fa-a673-0da439c77b8d-groupManagement] INFO  server.RaftServerConfigKeys (ConfUtils.java:logGet(46)) - raft.server.read.read-after-write-consistent.write-index-cache.expiry-time = 60s (default)
2024-09-15 17:07:31,603 [62362ab0-30ae-49fa-a673-0da439c77b8d-groupManagement] INFO  server.RaftServerConfigKeys (ConfUtils.java:logGet(46)) - raft.server.rpc.request.timeout = 3000ms (default)
2024-09-15 17:07:31,603 [62362ab0-30ae-49fa-a673-0da439c77b8d-groupManagement] INFO  server.RaftServerConfigKeys (ConfUtils.java:logGet(46)) - raft.server.log.appender.install.snapshot.enabled = false (custom)
2024-09-15 17:07:31,603 [62362ab0-30ae-49fa-a673-0da439c77b8d-groupManagement] INFO  server.RaftServerConfigKeys (ConfUtils.java:logGet(46)) - raft.server.threadpool.server.cached = true (default)
2024-09-15 17:07:31,604 [62362ab0-30ae-49fa-a673-0da439c77b8d-groupManagement] INFO  server.RaftServerConfigKeys (ConfUtils.java:logGet(46)) - raft.server.threadpool.server.size = 0 (default)
2024-09-15 17:07:31,604 [62362ab0-30ae-49fa-a673-0da439c77b8d-groupManagement] INFO  server.RaftServerConfigKeys (ConfUtils.java:logGet(46)) - raft.server.threadpool.client.cached = true (default)
2024-09-15 17:07:31,604 [62362ab0-30ae-49fa-a673-0da439c77b8d-groupManagement] INFO  server.RaftServerConfigKeys (ConfUtils.java:logGet(46)) - raft.server.threadpool.client.size = 0 (default)
2024-09-15 17:07:31,604 [62362ab0-30ae-49fa-a673-0da439c77b8d-groupManagement] INFO  server.RaftServerConfigKeys (ConfUtils.java:logGet(46)) - raft.server.storage.free-space.min = 0MB (=0) (default)
2024-09-15 17:07:31,604 [62362ab0-30ae-49fa-a673-0da439c77b8d-groupManagement] INFO  server.RaftServerConfigKeys (ConfUtils.java:logGet(46)) - raft.server.log.corruption.policy = EXCEPTION (default)
2024-09-15 17:07:31,604 [62362ab0-30ae-49fa-a673-0da439c77b8d-groupManagement] INFO  server.RaftServerConfigKeys (ConfUtils.java:logGet(46)) - raft.server.storage.dir = [/home/runner/work/ozone/ozone/hadoop-ozone/integration-test/target/test-dir/MiniOzoneClusterImpl-eca91e6c-a84b-4041-8679-4afba91b5587/ozone-meta/datanode-1/ratis] (custom)
2024-09-15 17:07:31,605 [62362ab0-30ae-49fa-a673-0da439c77b8d-groupManagement] INFO  storage.RaftStorageDirectory (RaftStorageDirectoryImpl.java:analyzeStorage(138)) - The storage directory /home/runner/work/ozone/ozone/hadoop-ozone/integration-test/target/test-dir/MiniOzoneClusterImpl-eca91e6c-a84b-4041-8679-4afba91b5587/ozone-meta/datanode-1/ratis/6f349022-21b7-4e13-9f30-7685ea4b7899 does not exist. Creating ...
2024-09-15 17:07:31,606 [62362ab0-30ae-49fa-a673-0da439c77b8d-groupManagement] INFO  storage.RaftStorageDirectory (RaftStorageDirectoryImpl.java:tryLock(229)) - Lock on /home/runner/work/ozone/ozone/hadoop-ozone/integration-test/target/test-dir/MiniOzoneClusterImpl-eca91e6c-a84b-4041-8679-4afba91b5587/ozone-meta/datanode-1/ratis/6f349022-21b7-4e13-9f30-7685ea4b7899/in_use.lock acquired by nodename 77088@fv-az886-12
2024-09-15 17:07:31,607 [62362ab0-30ae-49fa-a673-0da439c77b8d-groupManagement] INFO  storage.RaftStorage (RaftStorageImpl.java:format(98)) - Storage directory /home/runner/work/ozone/ozone/hadoop-ozone/integration-test/target/test-dir/MiniOzoneClusterImpl-eca91e6c-a84b-4041-8679-4afba91b5587/ozone-meta/datanode-1/ratis/6f349022-21b7-4e13-9f30-7685ea4b7899 has been successfully formatted.
2024-09-15 17:07:31,608 [62362ab0-30ae-49fa-a673-0da439c77b8d-groupManagement] INFO  ratis.ContainerStateMachine (ContainerStateMachine.java:loadSnapshot(295)) - group-7685EA4B7899: The snapshot info is null. Setting the last applied index to:(t:0, i:~)
2024-09-15 17:07:31,609 [62362ab0-30ae-49fa-a673-0da439c77b8d-groupManagement] INFO  server.RaftServerConfigKeys (ConfUtils.java:logGet(46)) - raft.server.log.use.memory = false (default)
2024-09-15 17:07:31,609 [62362ab0-30ae-49fa-a673-0da439c77b8d-groupManagement] INFO  server.RaftServerConfigKeys (ConfUtils.java:logGet(46)) - raft.server.log.purge.gap = 1000000 (custom)
2024-09-15 17:07:31,609 [EventQueue-PipelineReportForPipelineReportHandler] INFO  pipeline.PipelineReportHandler (PipelineReportHandler.java:processPipelineReport(136)) - Opened pipeline PipelineID=6f349022-21b7-4e13-9f30-7685ea4b7899
2024-09-15 17:07:31,609 [62362ab0-30ae-49fa-a673-0da439c77b8d-groupManagement] INFO  server.RaftServerConfigKeys (ConfUtils.java:logGet(46)) - raft.server.log.appender.buffer.byte-limit = 33554432 (custom)
2024-09-15 17:07:31,609 [62362ab0-30ae-49fa-a673-0da439c77b8d-groupManagement] INFO  server.RaftServerConfigKeys (ConfUtils.java:logGet(46)) - raft.server.log.statemachine.data.read.timeout = 1000ms (default)
2024-09-15 17:07:31,609 [62362ab0-30ae-49fa-a673-0da439c77b8d-groupManagement] INFO  server.RaftServerConfigKeys (ConfUtils.java:logGet(46)) - raft.server.log.purge.preservation.log.num = 0 (default)
2024-09-15 17:07:31,610 [62362ab0-30ae-49fa-a673-0da439c77b8d-groupManagement] INFO  server.RaftServerConfigKeys (ConfUtils.java:logGet(46)) - raft.server.log.segment.size.max = 67108864 (custom)
2024-09-15 17:07:31,611 [62362ab0-30ae-49fa-a673-0da439c77b8d-groupManagement] INFO  server.RaftServerConfigKeys (ConfUtils.java:logGet(46)) - raft.server.log.segment.cache.num.max = 2 (custom)
2024-09-15 17:07:31,611 [62362ab0-30ae-49fa-a673-0da439c77b8d-groupManagement] INFO  server.RaftServerConfigKeys (ConfUtils.java:logGet(46)) - raft.server.log.segment.cache.size.max = 200MB (=209715200) (default)
2024-09-15 17:07:31,611 [62362ab0-30ae-49fa-a673-0da439c77b8d-groupManagement] INFO  server.RaftServerConfigKeys (ConfUtils.java:logGet(46)) - raft.server.log.appender.buffer.byte-limit = 33554432 (custom)
2024-09-15 17:07:31,612 [62362ab0-30ae-49fa-a673-0da439c77b8d-groupManagement] INFO  util.AwaitToRun (AwaitToRun.java:start(81)) - Thread[62362ab0-30ae-49fa-a673-0da439c77b8d@group-7685EA4B7899-cacheEviction-AwaitToRun,5,main] started
2024-09-15 17:07:31,612 [62362ab0-30ae-49fa-a673-0da439c77b8d-groupManagement] INFO  segmented.SegmentedRaftLogWorker (SegmentedRaftLogWorker.java:<init>(184)) - new 62362ab0-30ae-49fa-a673-0da439c77b8d@group-7685EA4B7899-SegmentedRaftLogWorker for RaftStorageImpl:Storage Directory /home/runner/work/ozone/ozone/hadoop-ozone/integration-test/target/test-dir/MiniOzoneClusterImpl-eca91e6c-a84b-4041-8679-4afba91b5587/ozone-meta/datanode-1/ratis/6f349022-21b7-4e13-9f30-7685ea4b7899
2024-09-15 17:07:31,612 [62362ab0-30ae-49fa-a673-0da439c77b8d-groupManagement] INFO  server.RaftServerConfigKeys (ConfUtils.java:logGet(46)) - raft.server.log.queue.byte-limit = 4294967296 (custom)
2024-09-15 17:07:31,612 [62362ab0-30ae-49fa-a673-0da439c77b8d-groupManagement] INFO  server.RaftServerConfigKeys (ConfUtils.java:logGet(46)) - raft.server.log.queue.element-limit = 1024 (custom)
2024-09-15 17:07:31,612 [62362ab0-30ae-49fa-a673-0da439c77b8d-groupManagement] INFO  server.RaftServerConfigKeys (ConfUtils.java:logGet(46)) - raft.server.log.segment.size.max = 67108864 (custom)
2024-09-15 17:07:31,612 [62362ab0-30ae-49fa-a673-0da439c77b8d-groupManagement] INFO  server.RaftServerConfigKeys (ConfUtils.java:logGet(46)) - raft.server.log.preallocated.size = 4194304 (custom)
2024-09-15 17:07:31,612 [62362ab0-30ae-49fa-a673-0da439c77b8d-groupManagement] INFO  server.RaftServerConfigKeys (ConfUtils.java:logGet(46)) - raft.server.log.force.sync.num = 128 (default)
2024-09-15 17:07:31,613 [62362ab0-30ae-49fa-a673-0da439c77b8d-groupManagement] INFO  server.RaftServerConfigKeys (ConfUtils.java:logGet(46)) - raft.server.log.statemachine.data.sync = true (default)
2024-09-15 17:07:31,613 [62362ab0-30ae-49fa-a673-0da439c77b8d-groupManagement] INFO  server.RaftServerConfigKeys (ConfUtils.java:logGet(46)) - raft.server.log.statemachine.data.sync.timeout = 10s (default)
2024-09-15 17:07:31,613 [62362ab0-30ae-49fa-a673-0da439c77b8d-groupManagement] INFO  server.RaftServerConfigKeys (ConfUtils.java:logGet(46)) - raft.server.log.statemachine.data.sync.timeout.retry = 30 (custom)
2024-09-15 17:07:31,613 [62362ab0-30ae-49fa-a673-0da439c77b8d-groupManagement] INFO  server.RaftServerConfigKeys (ConfUtils.java:logGet(46)) - raft.server.log.write.buffer.size = 33554440 (custom)
2024-09-15 17:07:31,612 [EventQueue-OpenPipelineForHealthyPipelineSafeModeRule] INFO  safemode.SCMSafeModeManager (HealthyPipelineSafeModeRule.java:process(140)) - SCM in safe mode. Healthy pipelines reported count is 0, required healthy pipeline reported count is 1
2024-09-15 17:07:31,618 [62362ab0-30ae-49fa-a673-0da439c77b8d-groupManagement] INFO  server.RaftServerConfigKeys (ConfUtils.java:logGet(46)) - raft.server.log.appender.buffer.byte-limit = 33554432 (custom)
2024-09-15 17:07:31,618 [62362ab0-30ae-49fa-a673-0da439c77b8d-groupManagement] INFO  server.RaftServerConfigKeys (ConfUtils.java:logGet(46)) - raft.server.log.unsafe-flush.enabled = false (default)
2024-09-15 17:07:31,619 [62362ab0-30ae-49fa-a673-0da439c77b8d-groupManagement] INFO  server.RaftServerConfigKeys (ConfUtils.java:logGet(46)) - raft.server.log.async-flush.enabled = false (default)
2024-09-15 17:07:31,619 [62362ab0-30ae-49fa-a673-0da439c77b8d-groupManagement] INFO  server.RaftServerConfigKeys (ConfUtils.java:logGet(46)) - raft.server.log.statemachine.data.caching.enabled = true (custom)
2024-09-15 17:07:31,619 [62362ab0-30ae-49fa-a673-0da439c77b8d-groupManagement] INFO  segmented.SegmentedRaftLogWorker (SegmentedRaftLogWorker.java:lambda$new$0(135)) - 62362ab0-30ae-49fa-a673-0da439c77b8d@group-7685EA4B7899-SegmentedRaftLogWorker: flushIndex: setUnconditionally 0 -> -1
2024-09-15 17:07:31,619 [62362ab0-30ae-49fa-a673-0da439c77b8d-groupManagement] INFO  segmented.SegmentedRaftLogWorker (SegmentedRaftLogWorker.java:lambda$new$0(135)) - 62362ab0-30ae-49fa-a673-0da439c77b8d@group-7685EA4B7899-SegmentedRaftLogWorker: safeCacheEvictIndex: setUnconditionally 0 -> -1
2024-09-15 17:07:31,619 [62362ab0-30ae-49fa-a673-0da439c77b8d-groupManagement] INFO  server.RaftServer$Division (RaftServerImpl.java:start(389)) - 62362ab0-30ae-49fa-a673-0da439c77b8d@group-7685EA4B7899: start as a follower, conf=conf: {index: -1, cur=peers:[62362ab0-30ae-49fa-a673-0da439c77b8d|127.0.0.1:15171]|listeners:[], old=null}
2024-09-15 17:07:31,619 [62362ab0-30ae-49fa-a673-0da439c77b8d-groupManagement] INFO  server.RaftServer$Division (RaftServerImpl.java:setRole(376)) - 62362ab0-30ae-49fa-a673-0da439c77b8d@group-7685EA4B7899: changes role from      null to FOLLOWER at term 0 for startAsFollower
2024-09-15 17:07:31,619 [62362ab0-30ae-49fa-a673-0da439c77b8d-groupManagement] INFO  impl.RoleInfo (RoleInfo.java:updateAndGet(148)) - 62362ab0-30ae-49fa-a673-0da439c77b8d: start 62362ab0-30ae-49fa-a673-0da439c77b8d@group-7685EA4B7899-FollowerState
2024-09-15 17:07:31,621 [62362ab0-30ae-49fa-a673-0da439c77b8d-groupManagement] INFO  util.JmxRegister (JmxRegister.java:tryRegister(44)) - Successfully registered JMX Bean with object name Ratis:service=RaftServer,group=group-7685EA4B7899,id=62362ab0-30ae-49fa-a673-0da439c77b8d
2024-09-15 17:07:31,622 [62362ab0-30ae-49fa-a673-0da439c77b8d-groupManagement] INFO  util.JmxRegister (JmxRegister.java:register(58)) - register mxBean class org.apache.ratis.server.impl.RaftServerJmxAdapter as Ratis:service=RaftServer,group=group-7685EA4B7899,id=62362ab0-30ae-49fa-a673-0da439c77b8d
2024-09-15 17:07:31,622 [62362ab0-30ae-49fa-a673-0da439c77b8d@group-7685EA4B7899-FollowerState] INFO  server.RaftServerConfigKeys (ConfUtils.java:logFallback(53)) - raft.server.rpc.first-election.timeout.min = 5s (fallback to raft.server.rpc.timeout.min)
2024-09-15 17:07:31,622 [62362ab0-30ae-49fa-a673-0da439c77b8d-groupManagement] INFO  server.RaftServerConfigKeys (ConfUtils.java:logGet(46)) - raft.server.snapshot.trigger-when-stop.enabled = true (default)
2024-09-15 17:07:31,622 [62362ab0-30ae-49fa-a673-0da439c77b8d@group-7685EA4B7899-FollowerState] INFO  server.RaftServerConfigKeys (ConfUtils.java:logFallback(53)) - raft.server.rpc.first-election.timeout.max = 5200ms (fallback to raft.server.rpc.timeout.max)
2024-09-15 17:07:31,622 [62362ab0-30ae-49fa-a673-0da439c77b8d-groupManagement] INFO  server.RaftServerConfigKeys (ConfUtils.java:logGet(46)) - raft.server.snapshot.trigger-when-remove.enabled = true (default)
2024-09-15 17:07:31,622 [62362ab0-30ae-49fa-a673-0da439c77b8d-groupManagement] INFO  server.RaftServerConfigKeys (ConfUtils.java:logGet(46)) - raft.server.snapshot.auto.trigger.enabled = true (custom)
2024-09-15 17:07:31,622 [62362ab0-30ae-49fa-a673-0da439c77b8d-groupManagement] INFO  server.RaftServerConfigKeys (ConfUtils.java:logGet(46)) - raft.server.snapshot.auto.trigger.threshold = 10000 (custom)
2024-09-15 17:07:31,622 [62362ab0-30ae-49fa-a673-0da439c77b8d-groupManagement] INFO  server.RaftServerConfigKeys (ConfUtils.java:logGet(46)) - raft.server.snapshot.retention.file.num = 5 (custom)
2024-09-15 17:07:31,622 [62362ab0-30ae-49fa-a673-0da439c77b8d-groupManagement] INFO  server.RaftServerConfigKeys (ConfUtils.java:logGet(46)) - raft.server.log.purge.upto.snapshot.index = false (default)
2024-09-15 17:07:31,623 [62362ab0-30ae-49fa-a673-0da439c77b8d-PipelineCommandHandlerThread-0] INFO  ratis.XceiverServerRatis (XceiverServerRatis.java:addGroup(849)) - Created group PipelineID=6f349022-21b7-4e13-9f30-7685ea4b7899
2024-09-15 17:07:31,623 [62362ab0-30ae-49fa-a673-0da439c77b8d-PipelineCommandHandlerThread-0] INFO  commandhandler.CreatePipelineCommandHandler (CreatePipelineCommandHandler.java:lambda$handle$2(124)) - Created Pipeline RATIS ONE PipelineID=6f349022-21b7-4e13-9f30-7685ea4b7899.
2024-09-15 17:07:31,623 [62362ab0-30ae-49fa-a673-0da439c77b8d-PipelineCommandHandlerThread-0] INFO  server.RaftServer (RaftServerProxy.java:addNew(101)) - 62362ab0-30ae-49fa-a673-0da439c77b8d: addNew group-97AB3179636B:[62362ab0-30ae-49fa-a673-0da439c77b8d|127.0.0.1:15171, fdb1bdfc-cd38-46a5-a741-21faac0cf152|127.0.0.1:15189, 61f1eb6c-dc17-4b0b-858b-0bb1b85057d5|127.0.0.1:15180] returns group-97AB3179636B:java.util.concurrent.CompletableFuture@1c9aab1f[Not completed]
2024-09-15 17:07:31,624 [62362ab0-30ae-49fa-a673-0da439c77b8d-groupManagement] INFO  server.RaftServer$Division (RaftServerImpl.java:<init>(253)) - 62362ab0-30ae-49fa-a673-0da439c77b8d: new RaftServerImpl for group-97AB3179636B:[62362ab0-30ae-49fa-a673-0da439c77b8d|127.0.0.1:15171, fdb1bdfc-cd38-46a5-a741-21faac0cf152|127.0.0.1:15189, 61f1eb6c-dc17-4b0b-858b-0bb1b85057d5|127.0.0.1:15180] with ContainerStateMachine:uninitialized
2024-09-15 17:07:31,624 [62362ab0-30ae-49fa-a673-0da439c77b8d-groupManagement] INFO  server.RaftServerConfigKeys (ConfUtils.java:logGet(46)) - raft.server.rpc.timeout.min = 5s (custom)
2024-09-15 17:07:31,624 [62362ab0-30ae-49fa-a673-0da439c77b8d-groupManagement] INFO  server.RaftServerConfigKeys (ConfUtils.java:logGet(46)) - raft.server.rpc.timeout.max = 5200ms (custom)
2024-09-15 17:07:31,624 [62362ab0-30ae-49fa-a673-0da439c77b8d-groupManagement] INFO  server.RaftServerConfigKeys (ConfUtils.java:logGet(46)) - raft.server.rpc.sleep.time = 25ms (default)
2024-09-15 17:07:31,624 [62362ab0-30ae-49fa-a673-0da439c77b8d-groupManagement] INFO  server.RaftServerConfigKeys (ConfUtils.java:logGet(46)) - raft.server.rpc.slowness.timeout = 300000ms (custom)
2024-09-15 17:07:31,624 [62362ab0-30ae-49fa-a673-0da439c77b8d-groupManagement] INFO  server.RaftServerConfigKeys (ConfUtils.java:logGet(46)) - raft.server.leaderelection.leader.step-down.wait-time = 10s (default)
2024-09-15 17:07:31,624 [62362ab0-30ae-49fa-a673-0da439c77b8d-groupManagement] INFO  server.RaftServerConfigKeys (ConfUtils.java:logGet(46)) - raft.server.leaderelection.member.majority-add = false (default)
2024-09-15 17:07:31,625 [62362ab0-30ae-49fa-a673-0da439c77b8d-groupManagement] INFO  server.RaftServerConfigKeys (ConfUtils.java:logGet(46)) - raft.server.sleep.deviation.threshold = 300ms (default)
2024-09-15 17:07:31,625 [62362ab0-30ae-49fa-a673-0da439c77b8d-groupManagement] INFO  server.RaftServer$Division (ServerState.java:<init>(114)) - 62362ab0-30ae-49fa-a673-0da439c77b8d@group-97AB3179636B: ConfigurationManager, init=conf: {index: -1, cur=peers:[62362ab0-30ae-49fa-a673-0da439c77b8d|127.0.0.1:15171, fdb1bdfc-cd38-46a5-a741-21faac0cf152|127.0.0.1:15189, 61f1eb6c-dc17-4b0b-858b-0bb1b85057d5|127.0.0.1:15180]|listeners:[], old=null}, confs=<EMPTY_MAP>
2024-09-15 17:07:31,625 [62362ab0-30ae-49fa-a673-0da439c77b8d-groupManagement] INFO  server.RaftServerConfigKeys (ConfUtils.java:logGet(46)) - raft.server.notification.no-leader.timeout = 300000ms (custom)
2024-09-15 17:07:31,625 [62362ab0-30ae-49fa-a673-0da439c77b8d-groupManagement] INFO  server.RaftServerConfigKeys (ConfUtils.java:logGet(46)) - raft.server.read.timeout = 10s (default)
2024-09-15 17:07:31,625 [62362ab0-30ae-49fa-a673-0da439c77b8d-groupManagement] INFO  server.RaftServerConfigKeys (ConfUtils.java:logGet(46)) - raft.server.retrycache.expirytime = 600000ms (custom)
2024-09-15 17:07:31,625 [62362ab0-30ae-49fa-a673-0da439c77b8d-groupManagement] INFO  server.RaftServerConfigKeys (ConfUtils.java:logGet(46)) - raft.server.retrycache.statistics.expirytime = 100ms (default)
2024-09-15 17:07:31,625 [62362ab0-30ae-49fa-a673-0da439c77b8d-groupManagement] INFO  server.RaftServerConfigKeys (ConfUtils.java:logGet(46)) - raft.server.read.option = DEFAULT (default)
2024-09-15 17:07:31,625 [62362ab0-30ae-49fa-a673-0da439c77b8d-groupManagement] INFO  server.RaftServerConfigKeys (ConfUtils.java:logGet(46)) - raft.server.read.read-after-write-consistent.write-index-cache.expiry-time = 60s (default)
2024-09-15 17:07:31,627 [62362ab0-30ae-49fa-a673-0da439c77b8d-groupManagement] INFO  server.RaftServerConfigKeys (ConfUtils.java:logGet(46)) - raft.server.rpc.request.timeout = 3000ms (default)
2024-09-15 17:07:31,627 [62362ab0-30ae-49fa-a673-0da439c77b8d-groupManagement] INFO  server.RaftServerConfigKeys (ConfUtils.java:logGet(46)) - raft.server.log.appender.install.snapshot.enabled = false (custom)
2024-09-15 17:07:31,627 [62362ab0-30ae-49fa-a673-0da439c77b8d-groupManagement] INFO  server.RaftServerConfigKeys (ConfUtils.java:logGet(46)) - raft.server.threadpool.server.cached = true (default)
2024-09-15 17:07:31,627 [62362ab0-30ae-49fa-a673-0da439c77b8d-groupManagement] INFO  server.RaftServerConfigKeys (ConfUtils.java:logGet(46)) - raft.server.threadpool.server.size = 0 (default)
2024-09-15 17:07:31,627 [62362ab0-30ae-49fa-a673-0da439c77b8d-groupManagement] INFO  server.RaftServerConfigKeys (ConfUtils.java:logGet(46)) - raft.server.threadpool.client.cached = true (default)
2024-09-15 17:07:31,627 [62362ab0-30ae-49fa-a673-0da439c77b8d-groupManagement] INFO  server.RaftServerConfigKeys (ConfUtils.java:logGet(46)) - raft.server.threadpool.client.size = 0 (default)
2024-09-15 17:07:31,627 [62362ab0-30ae-49fa-a673-0da439c77b8d-groupManagement] INFO  server.RaftServerConfigKeys (ConfUtils.java:logGet(46)) - raft.server.storage.free-space.min = 0MB (=0) (default)
2024-09-15 17:07:31,627 [62362ab0-30ae-49fa-a673-0da439c77b8d-groupManagement] INFO  server.RaftServerConfigKeys (ConfUtils.java:logGet(46)) - raft.server.log.corruption.policy = EXCEPTION (default)
2024-09-15 17:07:31,627 [62362ab0-30ae-49fa-a673-0da439c77b8d-groupManagement] INFO  server.RaftServerConfigKeys (ConfUtils.java:logGet(46)) - raft.server.storage.dir = [/home/runner/work/ozone/ozone/hadoop-ozone/integration-test/target/test-dir/MiniOzoneClusterImpl-eca91e6c-a84b-4041-8679-4afba91b5587/ozone-meta/datanode-1/ratis] (custom)
2024-09-15 17:07:31,627 [62362ab0-30ae-49fa-a673-0da439c77b8d-groupManagement] INFO  storage.RaftStorageDirectory (RaftStorageDirectoryImpl.java:analyzeStorage(138)) - The storage directory /home/runner/work/ozone/ozone/hadoop-ozone/integration-test/target/test-dir/MiniOzoneClusterImpl-eca91e6c-a84b-4041-8679-4afba91b5587/ozone-meta/datanode-1/ratis/4b34d6d8-6abb-4b9d-9724-97ab3179636b does not exist. Creating ...
2024-09-15 17:07:31,628 [62362ab0-30ae-49fa-a673-0da439c77b8d-groupManagement] INFO  storage.RaftStorageDirectory (RaftStorageDirectoryImpl.java:tryLock(229)) - Lock on /home/runner/work/ozone/ozone/hadoop-ozone/integration-test/target/test-dir/MiniOzoneClusterImpl-eca91e6c-a84b-4041-8679-4afba91b5587/ozone-meta/datanode-1/ratis/4b34d6d8-6abb-4b9d-9724-97ab3179636b/in_use.lock acquired by nodename 77088@fv-az886-12
2024-09-15 17:07:31,630 [62362ab0-30ae-49fa-a673-0da439c77b8d-groupManagement] INFO  storage.RaftStorage (RaftStorageImpl.java:format(98)) - Storage directory /home/runner/work/ozone/ozone/hadoop-ozone/integration-test/target/test-dir/MiniOzoneClusterImpl-eca91e6c-a84b-4041-8679-4afba91b5587/ozone-meta/datanode-1/ratis/4b34d6d8-6abb-4b9d-9724-97ab3179636b has been successfully formatted.
2024-09-15 17:07:31,630 [62362ab0-30ae-49fa-a673-0da439c77b8d-groupManagement] INFO  ratis.ContainerStateMachine (ContainerStateMachine.java:loadSnapshot(295)) - group-97AB3179636B: The snapshot info is null. Setting the last applied index to:(t:0, i:~)
2024-09-15 17:07:31,630 [62362ab0-30ae-49fa-a673-0da439c77b8d-groupManagement] INFO  server.RaftServerConfigKeys (ConfUtils.java:logGet(46)) - raft.server.log.use.memory = false (default)
2024-09-15 17:07:31,631 [62362ab0-30ae-49fa-a673-0da439c77b8d-groupManagement] INFO  server.RaftServerConfigKeys (ConfUtils.java:logGet(46)) - raft.server.log.purge.gap = 1000000 (custom)
2024-09-15 17:07:31,631 [62362ab0-30ae-49fa-a673-0da439c77b8d-groupManagement] INFO  server.RaftServerConfigKeys (ConfUtils.java:logGet(46)) - raft.server.log.appender.buffer.byte-limit = 33554432 (custom)
2024-09-15 17:07:31,631 [62362ab0-30ae-49fa-a673-0da439c77b8d-groupManagement] INFO  server.RaftServerConfigKeys (ConfUtils.java:logGet(46)) - raft.server.log.statemachine.data.read.timeout = 1000ms (default)
2024-09-15 17:07:31,631 [62362ab0-30ae-49fa-a673-0da439c77b8d-groupManagement] INFO  server.RaftServerConfigKeys (ConfUtils.java:logGet(46)) - raft.server.log.purge.preservation.log.num = 0 (default)
2024-09-15 17:07:31,631 [EventQueue-OpenPipelineForHealthyPipelineSafeModeRule] INFO  safemode.SCMSafeModeManager (HealthyPipelineSafeModeRule.java:process(140)) - SCM in safe mode. Healthy pipelines reported count is 0, required healthy pipeline reported count is 1
2024-09-15 17:07:31,632 [62362ab0-30ae-49fa-a673-0da439c77b8d-groupManagement] INFO  server.RaftServerConfigKeys (ConfUtils.java:logGet(46)) - raft.server.log.segment.size.max = 67108864 (custom)
2024-09-15 17:07:31,632 [62362ab0-30ae-49fa-a673-0da439c77b8d-groupManagement] INFO  server.RaftServerConfigKeys (ConfUtils.java:logGet(46)) - raft.server.log.segment.cache.num.max = 2 (custom)
2024-09-15 17:07:31,632 [62362ab0-30ae-49fa-a673-0da439c77b8d-groupManagement] INFO  server.RaftServerConfigKeys (ConfUtils.java:logGet(46)) - raft.server.log.segment.cache.size.max = 200MB (=209715200) (default)
2024-09-15 17:07:31,632 [62362ab0-30ae-49fa-a673-0da439c77b8d-groupManagement] INFO  server.RaftServerConfigKeys (ConfUtils.java:logGet(46)) - raft.server.log.appender.buffer.byte-limit = 33554432 (custom)
2024-09-15 17:07:31,633 [62362ab0-30ae-49fa-a673-0da439c77b8d-groupManagement] INFO  util.AwaitToRun (AwaitToRun.java:start(81)) - Thread[62362ab0-30ae-49fa-a673-0da439c77b8d@group-97AB3179636B-cacheEviction-AwaitToRun,5,main] started
2024-09-15 17:07:31,633 [62362ab0-30ae-49fa-a673-0da439c77b8d-groupManagement] INFO  segmented.SegmentedRaftLogWorker (SegmentedRaftLogWorker.java:<init>(184)) - new 62362ab0-30ae-49fa-a673-0da439c77b8d@group-97AB3179636B-SegmentedRaftLogWorker for RaftStorageImpl:Storage Directory /home/runner/work/ozone/ozone/hadoop-ozone/integration-test/target/test-dir/MiniOzoneClusterImpl-eca91e6c-a84b-4041-8679-4afba91b5587/ozone-meta/datanode-1/ratis/4b34d6d8-6abb-4b9d-9724-97ab3179636b
2024-09-15 17:07:31,633 [62362ab0-30ae-49fa-a673-0da439c77b8d-groupManagement] INFO  server.RaftServerConfigKeys (ConfUtils.java:logGet(46)) - raft.server.log.queue.byte-limit = 4294967296 (custom)
2024-09-15 17:07:31,633 [62362ab0-30ae-49fa-a673-0da439c77b8d-groupManagement] INFO  server.RaftServerConfigKeys (ConfUtils.java:logGet(46)) - raft.server.log.queue.element-limit = 1024 (custom)
2024-09-15 17:07:31,633 [62362ab0-30ae-49fa-a673-0da439c77b8d-groupManagement] INFO  server.RaftServerConfigKeys (ConfUtils.java:logGet(46)) - raft.server.log.segment.size.max = 67108864 (custom)
2024-09-15 17:07:31,633 [62362ab0-30ae-49fa-a673-0da439c77b8d-groupManagement] INFO  server.RaftServerConfigKeys (ConfUtils.java:logGet(46)) - raft.server.log.preallocated.size = 4194304 (custom)
2024-09-15 17:07:31,633 [62362ab0-30ae-49fa-a673-0da439c77b8d-groupManagement] INFO  server.RaftServerConfigKeys (ConfUtils.java:logGet(46)) - raft.server.log.force.sync.num = 128 (default)
2024-09-15 17:07:31,633 [62362ab0-30ae-49fa-a673-0da439c77b8d-groupManagement] INFO  server.RaftServerConfigKeys (ConfUtils.java:logGet(46)) - raft.server.log.statemachine.data.sync = true (default)
2024-09-15 17:07:31,633 [62362ab0-30ae-49fa-a673-0da439c77b8d-groupManagement] INFO  server.RaftServerConfigKeys (ConfUtils.java:logGet(46)) - raft.server.log.statemachine.data.sync.timeout = 10s (default)
2024-09-15 17:07:31,633 [62362ab0-30ae-49fa-a673-0da439c77b8d-groupManagement] INFO  server.RaftServerConfigKeys (ConfUtils.java:logGet(46)) - raft.server.log.statemachine.data.sync.timeout.retry = 30 (custom)
2024-09-15 17:07:31,633 [62362ab0-30ae-49fa-a673-0da439c77b8d-groupManagement] INFO  server.RaftServerConfigKeys (ConfUtils.java:logGet(46)) - raft.server.log.write.buffer.size = 33554440 (custom)
2024-09-15 17:07:31,638 [62362ab0-30ae-49fa-a673-0da439c77b8d-groupManagement] INFO  server.RaftServerConfigKeys (ConfUtils.java:logGet(46)) - raft.server.log.appender.buffer.byte-limit = 33554432 (custom)
2024-09-15 17:07:31,638 [62362ab0-30ae-49fa-a673-0da439c77b8d-groupManagement] INFO  server.RaftServerConfigKeys (ConfUtils.java:logGet(46)) - raft.server.log.unsafe-flush.enabled = false (default)
2024-09-15 17:07:31,638 [62362ab0-30ae-49fa-a673-0da439c77b8d-groupManagement] INFO  server.RaftServerConfigKeys (ConfUtils.java:logGet(46)) - raft.server.log.async-flush.enabled = false (default)
2024-09-15 17:07:31,638 [62362ab0-30ae-49fa-a673-0da439c77b8d-groupManagement] INFO  server.RaftServerConfigKeys (ConfUtils.java:logGet(46)) - raft.server.log.statemachine.data.caching.enabled = true (custom)
2024-09-15 17:07:31,638 [62362ab0-30ae-49fa-a673-0da439c77b8d-groupManagement] INFO  segmented.SegmentedRaftLogWorker (SegmentedRaftLogWorker.java:lambda$new$0(135)) - 62362ab0-30ae-49fa-a673-0da439c77b8d@group-97AB3179636B-SegmentedRaftLogWorker: flushIndex: setUnconditionally 0 -> -1
2024-09-15 17:07:31,638 [62362ab0-30ae-49fa-a673-0da439c77b8d-groupManagement] INFO  segmented.SegmentedRaftLogWorker (SegmentedRaftLogWorker.java:lambda$new$0(135)) - 62362ab0-30ae-49fa-a673-0da439c77b8d@group-97AB3179636B-SegmentedRaftLogWorker: safeCacheEvictIndex: setUnconditionally 0 -> -1
2024-09-15 17:07:31,639 [62362ab0-30ae-49fa-a673-0da439c77b8d-groupManagement] INFO  server.RaftServer$Division (RaftServerImpl.java:start(389)) - 62362ab0-30ae-49fa-a673-0da439c77b8d@group-97AB3179636B: start as a follower, conf=conf: {index: -1, cur=peers:[62362ab0-30ae-49fa-a673-0da439c77b8d|127.0.0.1:15171, fdb1bdfc-cd38-46a5-a741-21faac0cf152|127.0.0.1:15189, 61f1eb6c-dc17-4b0b-858b-0bb1b85057d5|127.0.0.1:15180]|listeners:[], old=null}
2024-09-15 17:07:31,639 [62362ab0-30ae-49fa-a673-0da439c77b8d-groupManagement] INFO  server.RaftServer$Division (RaftServerImpl.java:setRole(376)) - 62362ab0-30ae-49fa-a673-0da439c77b8d@group-97AB3179636B: changes role from      null to FOLLOWER at term 0 for startAsFollower
2024-09-15 17:07:31,639 [62362ab0-30ae-49fa-a673-0da439c77b8d-groupManagement] INFO  impl.RoleInfo (RoleInfo.java:updateAndGet(148)) - 62362ab0-30ae-49fa-a673-0da439c77b8d: start 62362ab0-30ae-49fa-a673-0da439c77b8d@group-97AB3179636B-FollowerState
2024-09-15 17:07:31,642 [62362ab0-30ae-49fa-a673-0da439c77b8d-groupManagement] INFO  util.JmxRegister (JmxRegister.java:tryRegister(44)) - Successfully registered JMX Bean with object name Ratis:service=RaftServer,group=group-97AB3179636B,id=62362ab0-30ae-49fa-a673-0da439c77b8d
2024-09-15 17:07:31,642 [62362ab0-30ae-49fa-a673-0da439c77b8d-groupManagement] INFO  util.JmxRegister (JmxRegister.java:register(58)) - register mxBean class org.apache.ratis.server.impl.RaftServerJmxAdapter as Ratis:service=RaftServer,group=group-97AB3179636B,id=62362ab0-30ae-49fa-a673-0da439c77b8d
2024-09-15 17:07:31,642 [62362ab0-30ae-49fa-a673-0da439c77b8d-groupManagement] INFO  server.RaftServerConfigKeys (ConfUtils.java:logGet(46)) - raft.server.snapshot.trigger-when-stop.enabled = true (default)
2024-09-15 17:07:31,642 [62362ab0-30ae-49fa-a673-0da439c77b8d-groupManagement] INFO  server.RaftServerConfigKeys (ConfUtils.java:logGet(46)) - raft.server.snapshot.trigger-when-remove.enabled = true (default)
2024-09-15 17:07:31,642 [62362ab0-30ae-49fa-a673-0da439c77b8d-groupManagement] INFO  server.RaftServerConfigKeys (ConfUtils.java:logGet(46)) - raft.server.snapshot.auto.trigger.enabled = true (custom)
2024-09-15 17:07:31,642 [62362ab0-30ae-49fa-a673-0da439c77b8d-groupManagement] INFO  server.RaftServerConfigKeys (ConfUtils.java:logGet(46)) - raft.server.snapshot.auto.trigger.threshold = 10000 (custom)
2024-09-15 17:07:31,642 [62362ab0-30ae-49fa-a673-0da439c77b8d-groupManagement] INFO  server.RaftServerConfigKeys (ConfUtils.java:logGet(46)) - raft.server.snapshot.retention.file.num = 5 (custom)
2024-09-15 17:07:31,642 [62362ab0-30ae-49fa-a673-0da439c77b8d-groupManagement] INFO  server.RaftServerConfigKeys (ConfUtils.java:logGet(46)) - raft.server.log.purge.upto.snapshot.index = false (default)
2024-09-15 17:07:31,643 [62362ab0-30ae-49fa-a673-0da439c77b8d-PipelineCommandHandlerThread-0] INFO  ratis.XceiverServerRatis (XceiverServerRatis.java:addGroup(849)) - Created group PipelineID=4b34d6d8-6abb-4b9d-9724-97ab3179636b
2024-09-15 17:07:31,642 [62362ab0-30ae-49fa-a673-0da439c77b8d@group-97AB3179636B-FollowerState] INFO  server.RaftServerConfigKeys (ConfUtils.java:logFallback(53)) - raft.server.rpc.first-election.timeout.min = 5s (fallback to raft.server.rpc.timeout.min)
2024-09-15 17:07:31,643 [62362ab0-30ae-49fa-a673-0da439c77b8d@group-97AB3179636B-FollowerState] INFO  server.RaftServerConfigKeys (ConfUtils.java:logFallback(53)) - raft.server.rpc.first-election.timeout.max = 5200ms (fallback to raft.server.rpc.timeout.max)
2024-09-15 17:07:31,653 [grpc-default-executor-0] INFO  server.RaftServer (RaftServerProxy.java:addNew(101)) - 61f1eb6c-dc17-4b0b-858b-0bb1b85057d5: addNew group-97AB3179636B:[62362ab0-30ae-49fa-a673-0da439c77b8d|127.0.0.1:15171, fdb1bdfc-cd38-46a5-a741-21faac0cf152|127.0.0.1:15189, 61f1eb6c-dc17-4b0b-858b-0bb1b85057d5|127.0.0.1:15180] returns group-97AB3179636B:java.util.concurrent.CompletableFuture@485db0ca[Not completed]
2024-09-15 17:07:31,654 [61f1eb6c-dc17-4b0b-858b-0bb1b85057d5-groupManagement] INFO  server.RaftServer$Division (RaftServerImpl.java:<init>(253)) - 61f1eb6c-dc17-4b0b-858b-0bb1b85057d5: new RaftServerImpl for group-97AB3179636B:[62362ab0-30ae-49fa-a673-0da439c77b8d|127.0.0.1:15171, fdb1bdfc-cd38-46a5-a741-21faac0cf152|127.0.0.1:15189, 61f1eb6c-dc17-4b0b-858b-0bb1b85057d5|127.0.0.1:15180] with ContainerStateMachine:uninitialized
2024-09-15 17:07:31,654 [61f1eb6c-dc17-4b0b-858b-0bb1b85057d5-groupManagement] INFO  server.RaftServerConfigKeys (ConfUtils.java:logGet(46)) - raft.server.rpc.timeout.min = 5s (custom)
2024-09-15 17:07:31,654 [61f1eb6c-dc17-4b0b-858b-0bb1b85057d5-groupManagement] INFO  server.RaftServerConfigKeys (ConfUtils.java:logGet(46)) - raft.server.rpc.timeout.max = 5200ms (custom)
2024-09-15 17:07:31,654 [61f1eb6c-dc17-4b0b-858b-0bb1b85057d5-groupManagement] INFO  server.RaftServerConfigKeys (ConfUtils.java:logGet(46)) - raft.server.rpc.sleep.time = 25ms (default)
2024-09-15 17:07:31,654 [61f1eb6c-dc17-4b0b-858b-0bb1b85057d5-groupManagement] INFO  server.RaftServerConfigKeys (ConfUtils.java:logGet(46)) - raft.server.rpc.slowness.timeout = 300000ms (custom)
2024-09-15 17:07:31,654 [61f1eb6c-dc17-4b0b-858b-0bb1b85057d5-groupManagement] INFO  server.RaftServerConfigKeys (ConfUtils.java:logGet(46)) - raft.server.leaderelection.leader.step-down.wait-time = 10s (default)
2024-09-15 17:07:31,654 [61f1eb6c-dc17-4b0b-858b-0bb1b85057d5-groupManagement] INFO  server.RaftServerConfigKeys (ConfUtils.java:logGet(46)) - raft.server.leaderelection.member.majority-add = false (default)
2024-09-15 17:07:31,654 [61f1eb6c-dc17-4b0b-858b-0bb1b85057d5-groupManagement] INFO  server.RaftServerConfigKeys (ConfUtils.java:logGet(46)) - raft.server.sleep.deviation.threshold = 300ms (default)
2024-09-15 17:07:31,655 [61f1eb6c-dc17-4b0b-858b-0bb1b85057d5-groupManagement] INFO  server.RaftServer$Division (ServerState.java:<init>(114)) - 61f1eb6c-dc17-4b0b-858b-0bb1b85057d5@group-97AB3179636B: ConfigurationManager, init=conf: {index: -1, cur=peers:[62362ab0-30ae-49fa-a673-0da439c77b8d|127.0.0.1:15171, fdb1bdfc-cd38-46a5-a741-21faac0cf152|127.0.0.1:15189, 61f1eb6c-dc17-4b0b-858b-0bb1b85057d5|127.0.0.1:15180]|listeners:[], old=null}, confs=<EMPTY_MAP>
2024-09-15 17:07:31,655 [61f1eb6c-dc17-4b0b-858b-0bb1b85057d5-groupManagement] INFO  server.RaftServerConfigKeys (ConfUtils.java:logGet(46)) - raft.server.notification.no-leader.timeout = 300000ms (custom)
2024-09-15 17:07:31,655 [61f1eb6c-dc17-4b0b-858b-0bb1b85057d5-groupManagement] INFO  server.RaftServerConfigKeys (ConfUtils.java:logGet(46)) - raft.server.read.timeout = 10s (default)
2024-09-15 17:07:31,655 [61f1eb6c-dc17-4b0b-858b-0bb1b85057d5-groupManagement] INFO  server.RaftServerConfigKeys (ConfUtils.java:logGet(46)) - raft.server.retrycache.expirytime = 600000ms (custom)
2024-09-15 17:07:31,655 [61f1eb6c-dc17-4b0b-858b-0bb1b85057d5-groupManagement] INFO  server.RaftServerConfigKeys (ConfUtils.java:logGet(46)) - raft.server.retrycache.statistics.expirytime = 100ms (default)
2024-09-15 17:07:31,655 [61f1eb6c-dc17-4b0b-858b-0bb1b85057d5-groupManagement] INFO  server.RaftServerConfigKeys (ConfUtils.java:logGet(46)) - raft.server.read.option = DEFAULT (default)
2024-09-15 17:07:31,655 [61f1eb6c-dc17-4b0b-858b-0bb1b85057d5-groupManagement] INFO  server.RaftServerConfigKeys (ConfUtils.java:logGet(46)) - raft.server.read.read-after-write-consistent.write-index-cache.expiry-time = 60s (default)
2024-09-15 17:07:31,657 [61f1eb6c-dc17-4b0b-858b-0bb1b85057d5-groupManagement] INFO  server.RaftServerConfigKeys (ConfUtils.java:logGet(46)) - raft.server.rpc.request.timeout = 3000ms (default)
2024-09-15 17:07:31,657 [61f1eb6c-dc17-4b0b-858b-0bb1b85057d5-groupManagement] INFO  server.RaftServerConfigKeys (ConfUtils.java:logGet(46)) - raft.server.log.appender.install.snapshot.enabled = false (custom)
2024-09-15 17:07:31,657 [61f1eb6c-dc17-4b0b-858b-0bb1b85057d5-groupManagement] INFO  server.RaftServerConfigKeys (ConfUtils.java:logGet(46)) - raft.server.threadpool.server.cached = true (default)
2024-09-15 17:07:31,657 [61f1eb6c-dc17-4b0b-858b-0bb1b85057d5-groupManagement] INFO  server.RaftServerConfigKeys (ConfUtils.java:logGet(46)) - raft.server.threadpool.server.size = 0 (default)
2024-09-15 17:07:31,657 [61f1eb6c-dc17-4b0b-858b-0bb1b85057d5-groupManagement] INFO  server.RaftServerConfigKeys (ConfUtils.java:logGet(46)) - raft.server.threadpool.client.cached = true (default)
2024-09-15 17:07:31,657 [61f1eb6c-dc17-4b0b-858b-0bb1b85057d5-groupManagement] INFO  server.RaftServerConfigKeys (ConfUtils.java:logGet(46)) - raft.server.threadpool.client.size = 0 (default)
2024-09-15 17:07:31,657 [61f1eb6c-dc17-4b0b-858b-0bb1b85057d5-groupManagement] INFO  server.RaftServerConfigKeys (ConfUtils.java:logGet(46)) - raft.server.storage.free-space.min = 0MB (=0) (default)
2024-09-15 17:07:31,658 [61f1eb6c-dc17-4b0b-858b-0bb1b85057d5-groupManagement] INFO  server.RaftServerConfigKeys (ConfUtils.java:logGet(46)) - raft.server.log.corruption.policy = EXCEPTION (default)
2024-09-15 17:07:31,658 [61f1eb6c-dc17-4b0b-858b-0bb1b85057d5-groupManagement] INFO  server.RaftServerConfigKeys (ConfUtils.java:logGet(46)) - raft.server.storage.dir = [/home/runner/work/ozone/ozone/hadoop-ozone/integration-test/target/test-dir/MiniOzoneClusterImpl-eca91e6c-a84b-4041-8679-4afba91b5587/ozone-meta/datanode-2/ratis] (custom)
2024-09-15 17:07:31,658 [61f1eb6c-dc17-4b0b-858b-0bb1b85057d5-groupManagement] INFO  storage.RaftStorageDirectory (RaftStorageDirectoryImpl.java:analyzeStorage(138)) - The storage directory /home/runner/work/ozone/ozone/hadoop-ozone/integration-test/target/test-dir/MiniOzoneClusterImpl-eca91e6c-a84b-4041-8679-4afba91b5587/ozone-meta/datanode-2/ratis/4b34d6d8-6abb-4b9d-9724-97ab3179636b does not exist. Creating ...
2024-09-15 17:07:31,660 [61f1eb6c-dc17-4b0b-858b-0bb1b85057d5-groupManagement] INFO  storage.RaftStorageDirectory (RaftStorageDirectoryImpl.java:tryLock(229)) - Lock on /home/runner/work/ozone/ozone/hadoop-ozone/integration-test/target/test-dir/MiniOzoneClusterImpl-eca91e6c-a84b-4041-8679-4afba91b5587/ozone-meta/datanode-2/ratis/4b34d6d8-6abb-4b9d-9724-97ab3179636b/in_use.lock acquired by nodename 77088@fv-az886-12
2024-09-15 17:07:31,663 [61f1eb6c-dc17-4b0b-858b-0bb1b85057d5-groupManagement] INFO  storage.RaftStorage (RaftStorageImpl.java:format(98)) - Storage directory /home/runner/work/ozone/ozone/hadoop-ozone/integration-test/target/test-dir/MiniOzoneClusterImpl-eca91e6c-a84b-4041-8679-4afba91b5587/ozone-meta/datanode-2/ratis/4b34d6d8-6abb-4b9d-9724-97ab3179636b has been successfully formatted.
2024-09-15 17:07:31,663 [61f1eb6c-dc17-4b0b-858b-0bb1b85057d5-groupManagement] INFO  ratis.ContainerStateMachine (ContainerStateMachine.java:loadSnapshot(295)) - group-97AB3179636B: The snapshot info is null. Setting the last applied index to:(t:0, i:~)
2024-09-15 17:07:31,663 [61f1eb6c-dc17-4b0b-858b-0bb1b85057d5-groupManagement] INFO  server.RaftServerConfigKeys (ConfUtils.java:logGet(46)) - raft.server.log.use.memory = false (default)
2024-09-15 17:07:31,663 [61f1eb6c-dc17-4b0b-858b-0bb1b85057d5-groupManagement] INFO  server.RaftServerConfigKeys (ConfUtils.java:logGet(46)) - raft.server.log.purge.gap = 1000000 (custom)
2024-09-15 17:07:31,663 [61f1eb6c-dc17-4b0b-858b-0bb1b85057d5-groupManagement] INFO  server.RaftServerConfigKeys (ConfUtils.java:logGet(46)) - raft.server.log.appender.buffer.byte-limit = 33554432 (custom)
2024-09-15 17:07:31,663 [61f1eb6c-dc17-4b0b-858b-0bb1b85057d5-groupManagement] INFO  server.RaftServerConfigKeys (ConfUtils.java:logGet(46)) - raft.server.log.statemachine.data.read.timeout = 1000ms (default)
2024-09-15 17:07:31,663 [61f1eb6c-dc17-4b0b-858b-0bb1b85057d5-groupManagement] INFO  server.RaftServerConfigKeys (ConfUtils.java:logGet(46)) - raft.server.log.purge.preservation.log.num = 0 (default)
2024-09-15 17:07:31,665 [61f1eb6c-dc17-4b0b-858b-0bb1b85057d5-groupManagement] INFO  server.RaftServerConfigKeys (ConfUtils.java:logGet(46)) - raft.server.log.segment.size.max = 67108864 (custom)
2024-09-15 17:07:31,665 [61f1eb6c-dc17-4b0b-858b-0bb1b85057d5-groupManagement] INFO  server.RaftServerConfigKeys (ConfUtils.java:logGet(46)) - raft.server.log.segment.cache.num.max = 2 (custom)
2024-09-15 17:07:31,665 [61f1eb6c-dc17-4b0b-858b-0bb1b85057d5-groupManagement] INFO  server.RaftServerConfigKeys (ConfUtils.java:logGet(46)) - raft.server.log.segment.cache.size.max = 200MB (=209715200) (default)
2024-09-15 17:07:31,665 [61f1eb6c-dc17-4b0b-858b-0bb1b85057d5-groupManagement] INFO  server.RaftServerConfigKeys (ConfUtils.java:logGet(46)) - raft.server.log.appender.buffer.byte-limit = 33554432 (custom)
2024-09-15 17:07:31,665 [61f1eb6c-dc17-4b0b-858b-0bb1b85057d5-groupManagement] INFO  util.AwaitToRun (AwaitToRun.java:start(81)) - Thread[61f1eb6c-dc17-4b0b-858b-0bb1b85057d5@group-97AB3179636B-cacheEviction-AwaitToRun,5,main] started
2024-09-15 17:07:31,665 [61f1eb6c-dc17-4b0b-858b-0bb1b85057d5-groupManagement] INFO  segmented.SegmentedRaftLogWorker (SegmentedRaftLogWorker.java:<init>(184)) - new 61f1eb6c-dc17-4b0b-858b-0bb1b85057d5@group-97AB3179636B-SegmentedRaftLogWorker for RaftStorageImpl:Storage Directory /home/runner/work/ozone/ozone/hadoop-ozone/integration-test/target/test-dir/MiniOzoneClusterImpl-eca91e6c-a84b-4041-8679-4afba91b5587/ozone-meta/datanode-2/ratis/4b34d6d8-6abb-4b9d-9724-97ab3179636b
2024-09-15 17:07:31,665 [61f1eb6c-dc17-4b0b-858b-0bb1b85057d5-groupManagement] INFO  server.RaftServerConfigKeys (ConfUtils.java:logGet(46)) - raft.server.log.queue.byte-limit = 4294967296 (custom)
2024-09-15 17:07:31,666 [61f1eb6c-dc17-4b0b-858b-0bb1b85057d5-groupManagement] INFO  server.RaftServerConfigKeys (ConfUtils.java:logGet(46)) - raft.server.log.queue.element-limit = 1024 (custom)
2024-09-15 17:07:31,666 [61f1eb6c-dc17-4b0b-858b-0bb1b85057d5-groupManagement] INFO  server.RaftServerConfigKeys (ConfUtils.java:logGet(46)) - raft.server.log.segment.size.max = 67108864 (custom)
2024-09-15 17:07:31,666 [61f1eb6c-dc17-4b0b-858b-0bb1b85057d5-groupManagement] INFO  server.RaftServerConfigKeys (ConfUtils.java:logGet(46)) - raft.server.log.preallocated.size = 4194304 (custom)
2024-09-15 17:07:31,666 [61f1eb6c-dc17-4b0b-858b-0bb1b85057d5-groupManagement] INFO  server.RaftServerConfigKeys (ConfUtils.java:logGet(46)) - raft.server.log.force.sync.num = 128 (default)
2024-09-15 17:07:31,666 [61f1eb6c-dc17-4b0b-858b-0bb1b85057d5-groupManagement] INFO  server.RaftServerConfigKeys (ConfUtils.java:logGet(46)) - raft.server.log.statemachine.data.sync = true (default)
2024-09-15 17:07:31,666 [61f1eb6c-dc17-4b0b-858b-0bb1b85057d5-groupManagement] INFO  server.RaftServerConfigKeys (ConfUtils.java:logGet(46)) - raft.server.log.statemachine.data.sync.timeout = 10s (default)
2024-09-15 17:07:31,666 [61f1eb6c-dc17-4b0b-858b-0bb1b85057d5-groupManagement] INFO  server.RaftServerConfigKeys (ConfUtils.java:logGet(46)) - raft.server.log.statemachine.data.sync.timeout.retry = 30 (custom)
2024-09-15 17:07:31,666 [61f1eb6c-dc17-4b0b-858b-0bb1b85057d5-groupManagement] INFO  server.RaftServerConfigKeys (ConfUtils.java:logGet(46)) - raft.server.log.write.buffer.size = 33554440 (custom)
2024-09-15 17:07:31,671 [61f1eb6c-dc17-4b0b-858b-0bb1b85057d5-groupManagement] INFO  server.RaftServerConfigKeys (ConfUtils.java:logGet(46)) - raft.server.log.appender.buffer.byte-limit = 33554432 (custom)
2024-09-15 17:07:31,672 [61f1eb6c-dc17-4b0b-858b-0bb1b85057d5-groupManagement] INFO  server.RaftServerConfigKeys (ConfUtils.java:logGet(46)) - raft.server.log.unsafe-flush.enabled = false (default)
2024-09-15 17:07:31,672 [61f1eb6c-dc17-4b0b-858b-0bb1b85057d5-groupManagement] INFO  server.RaftServerConfigKeys (ConfUtils.java:logGet(46)) - raft.server.log.async-flush.enabled = false (default)
2024-09-15 17:07:31,672 [61f1eb6c-dc17-4b0b-858b-0bb1b85057d5-groupManagement] INFO  server.RaftServerConfigKeys (ConfUtils.java:logGet(46)) - raft.server.log.statemachine.data.caching.enabled = true (custom)
2024-09-15 17:07:31,672 [61f1eb6c-dc17-4b0b-858b-0bb1b85057d5-groupManagement] INFO  segmented.SegmentedRaftLogWorker (SegmentedRaftLogWorker.java:lambda$new$0(135)) - 61f1eb6c-dc17-4b0b-858b-0bb1b85057d5@group-97AB3179636B-SegmentedRaftLogWorker: flushIndex: setUnconditionally 0 -> -1
2024-09-15 17:07:31,672 [61f1eb6c-dc17-4b0b-858b-0bb1b85057d5-groupManagement] INFO  segmented.SegmentedRaftLogWorker (SegmentedRaftLogWorker.java:lambda$new$0(135)) - 61f1eb6c-dc17-4b0b-858b-0bb1b85057d5@group-97AB3179636B-SegmentedRaftLogWorker: safeCacheEvictIndex: setUnconditionally 0 -> -1
2024-09-15 17:07:31,672 [61f1eb6c-dc17-4b0b-858b-0bb1b85057d5-groupManagement] INFO  server.RaftServer$Division (RaftServerImpl.java:start(389)) - 61f1eb6c-dc17-4b0b-858b-0bb1b85057d5@group-97AB3179636B: start as a follower, conf=conf: {index: -1, cur=peers:[62362ab0-30ae-49fa-a673-0da439c77b8d|127.0.0.1:15171, fdb1bdfc-cd38-46a5-a741-21faac0cf152|127.0.0.1:15189, 61f1eb6c-dc17-4b0b-858b-0bb1b85057d5|127.0.0.1:15180]|listeners:[], old=null}
2024-09-15 17:07:31,672 [61f1eb6c-dc17-4b0b-858b-0bb1b85057d5-groupManagement] INFO  server.RaftServer$Division (RaftServerImpl.java:setRole(376)) - 61f1eb6c-dc17-4b0b-858b-0bb1b85057d5@group-97AB3179636B: changes role from      null to FOLLOWER at term 0 for startAsFollower
2024-09-15 17:07:31,672 [61f1eb6c-dc17-4b0b-858b-0bb1b85057d5-groupManagement] INFO  impl.RoleInfo (RoleInfo.java:updateAndGet(148)) - 61f1eb6c-dc17-4b0b-858b-0bb1b85057d5: start 61f1eb6c-dc17-4b0b-858b-0bb1b85057d5@group-97AB3179636B-FollowerState
2024-09-15 17:07:31,674 [61f1eb6c-dc17-4b0b-858b-0bb1b85057d5-groupManagement] INFO  util.JmxRegister (JmxRegister.java:tryRegister(44)) - Successfully registered JMX Bean with object name Ratis:service=RaftServer,group=group-97AB3179636B,id=61f1eb6c-dc17-4b0b-858b-0bb1b85057d5
2024-09-15 17:07:31,674 [61f1eb6c-dc17-4b0b-858b-0bb1b85057d5-groupManagement] INFO  util.JmxRegister (JmxRegister.java:register(58)) - register mxBean class org.apache.ratis.server.impl.RaftServerJmxAdapter as Ratis:service=RaftServer,group=group-97AB3179636B,id=61f1eb6c-dc17-4b0b-858b-0bb1b85057d5
2024-09-15 17:07:31,674 [61f1eb6c-dc17-4b0b-858b-0bb1b85057d5@group-97AB3179636B-FollowerState] INFO  server.RaftServerConfigKeys (ConfUtils.java:logFallback(53)) - raft.server.rpc.first-election.timeout.min = 5s (fallback to raft.server.rpc.timeout.min)
2024-09-15 17:07:31,674 [61f1eb6c-dc17-4b0b-858b-0bb1b85057d5-groupManagement] INFO  server.RaftServerConfigKeys (ConfUtils.java:logGet(46)) - raft.server.snapshot.trigger-when-stop.enabled = true (default)
2024-09-15 17:07:31,674 [61f1eb6c-dc17-4b0b-858b-0bb1b85057d5-groupManagement] INFO  server.RaftServerConfigKeys (ConfUtils.java:logGet(46)) - raft.server.snapshot.trigger-when-remove.enabled = true (default)
2024-09-15 17:07:31,674 [61f1eb6c-dc17-4b0b-858b-0bb1b85057d5@group-97AB3179636B-FollowerState] INFO  server.RaftServerConfigKeys (ConfUtils.java:logFallback(53)) - raft.server.rpc.first-election.timeout.max = 5200ms (fallback to raft.server.rpc.timeout.max)
2024-09-15 17:07:31,674 [61f1eb6c-dc17-4b0b-858b-0bb1b85057d5-groupManagement] INFO  server.RaftServerConfigKeys (ConfUtils.java:logGet(46)) - raft.server.snapshot.auto.trigger.enabled = true (custom)
2024-09-15 17:07:31,674 [61f1eb6c-dc17-4b0b-858b-0bb1b85057d5-groupManagement] INFO  server.RaftServerConfigKeys (ConfUtils.java:logGet(46)) - raft.server.snapshot.auto.trigger.threshold = 10000 (custom)
2024-09-15 17:07:31,674 [61f1eb6c-dc17-4b0b-858b-0bb1b85057d5-groupManagement] INFO  server.RaftServerConfigKeys (ConfUtils.java:logGet(46)) - raft.server.snapshot.retention.file.num = 5 (custom)
2024-09-15 17:07:31,674 [61f1eb6c-dc17-4b0b-858b-0bb1b85057d5-groupManagement] INFO  server.RaftServerConfigKeys (ConfUtils.java:logGet(46)) - raft.server.log.purge.upto.snapshot.index = false (default)
2024-09-15 17:07:31,683 [grpc-default-executor-0] INFO  server.RaftServer (RaftServerProxy.java:addNew(101)) - fdb1bdfc-cd38-46a5-a741-21faac0cf152: addNew group-97AB3179636B:[62362ab0-30ae-49fa-a673-0da439c77b8d|127.0.0.1:15171, fdb1bdfc-cd38-46a5-a741-21faac0cf152|127.0.0.1:15189, 61f1eb6c-dc17-4b0b-858b-0bb1b85057d5|127.0.0.1:15180] returns group-97AB3179636B:java.util.concurrent.CompletableFuture@2dd3dde5[Not completed]
2024-09-15 17:07:31,684 [fdb1bdfc-cd38-46a5-a741-21faac0cf152-groupManagement] INFO  server.RaftServer$Division (RaftServerImpl.java:<init>(253)) - fdb1bdfc-cd38-46a5-a741-21faac0cf152: new RaftServerImpl for group-97AB3179636B:[62362ab0-30ae-49fa-a673-0da439c77b8d|127.0.0.1:15171, fdb1bdfc-cd38-46a5-a741-21faac0cf152|127.0.0.1:15189, 61f1eb6c-dc17-4b0b-858b-0bb1b85057d5|127.0.0.1:15180] with ContainerStateMachine:uninitialized
2024-09-15 17:07:31,684 [fdb1bdfc-cd38-46a5-a741-21faac0cf152-groupManagement] INFO  server.RaftServerConfigKeys (ConfUtils.java:logGet(46)) - raft.server.rpc.timeout.min = 5s (custom)
2024-09-15 17:07:31,684 [fdb1bdfc-cd38-46a5-a741-21faac0cf152-groupManagement] INFO  server.RaftServerConfigKeys (ConfUtils.java:logGet(46)) - raft.server.rpc.timeout.max = 5200ms (custom)
2024-09-15 17:07:31,684 [fdb1bdfc-cd38-46a5-a741-21faac0cf152-groupManagement] INFO  server.RaftServerConfigKeys (ConfUtils.java:logGet(46)) - raft.server.rpc.sleep.time = 25ms (default)
2024-09-15 17:07:31,684 [fdb1bdfc-cd38-46a5-a741-21faac0cf152-groupManagement] INFO  server.RaftServerConfigKeys (ConfUtils.java:logGet(46)) - raft.server.rpc.slowness.timeout = 300000ms (custom)
2024-09-15 17:07:31,684 [fdb1bdfc-cd38-46a5-a741-21faac0cf152-groupManagement] INFO  server.RaftServerConfigKeys (ConfUtils.java:logGet(46)) - raft.server.leaderelection.leader.step-down.wait-time = 10s (default)
2024-09-15 17:07:31,684 [fdb1bdfc-cd38-46a5-a741-21faac0cf152-groupManagement] INFO  server.RaftServerConfigKeys (ConfUtils.java:logGet(46)) - raft.server.leaderelection.member.majority-add = false (default)
2024-09-15 17:07:31,684 [fdb1bdfc-cd38-46a5-a741-21faac0cf152-groupManagement] INFO  server.RaftServerConfigKeys (ConfUtils.java:logGet(46)) - raft.server.sleep.deviation.threshold = 300ms (default)
2024-09-15 17:07:31,684 [fdb1bdfc-cd38-46a5-a741-21faac0cf152-groupManagement] INFO  server.RaftServer$Division (ServerState.java:<init>(114)) - fdb1bdfc-cd38-46a5-a741-21faac0cf152@group-97AB3179636B: ConfigurationManager, init=conf: {index: -1, cur=peers:[62362ab0-30ae-49fa-a673-0da439c77b8d|127.0.0.1:15171, fdb1bdfc-cd38-46a5-a741-21faac0cf152|127.0.0.1:15189, 61f1eb6c-dc17-4b0b-858b-0bb1b85057d5|127.0.0.1:15180]|listeners:[], old=null}, confs=<EMPTY_MAP>
2024-09-15 17:07:31,685 [fdb1bdfc-cd38-46a5-a741-21faac0cf152-groupManagement] INFO  server.RaftServerConfigKeys (ConfUtils.java:logGet(46)) - raft.server.notification.no-leader.timeout = 300000ms (custom)
2024-09-15 17:07:31,685 [fdb1bdfc-cd38-46a5-a741-21faac0cf152-groupManagement] INFO  server.RaftServerConfigKeys (ConfUtils.java:logGet(46)) - raft.server.read.timeout = 10s (default)
2024-09-15 17:07:31,685 [fdb1bdfc-cd38-46a5-a741-21faac0cf152-groupManagement] INFO  server.RaftServerConfigKeys (ConfUtils.java:logGet(46)) - raft.server.retrycache.expirytime = 600000ms (custom)
2024-09-15 17:07:31,685 [fdb1bdfc-cd38-46a5-a741-21faac0cf152-groupManagement] INFO  server.RaftServerConfigKeys (ConfUtils.java:logGet(46)) - raft.server.retrycache.statistics.expirytime = 100ms (default)
2024-09-15 17:07:31,685 [fdb1bdfc-cd38-46a5-a741-21faac0cf152-groupManagement] INFO  server.RaftServerConfigKeys (ConfUtils.java:logGet(46)) - raft.server.read.option = DEFAULT (default)
2024-09-15 17:07:31,685 [fdb1bdfc-cd38-46a5-a741-21faac0cf152-groupManagement] INFO  server.RaftServerConfigKeys (ConfUtils.java:logGet(46)) - raft.server.read.read-after-write-consistent.write-index-cache.expiry-time = 60s (default)
2024-09-15 17:07:31,687 [fdb1bdfc-cd38-46a5-a741-21faac0cf152-groupManagement] INFO  server.RaftServerConfigKeys (ConfUtils.java:logGet(46)) - raft.server.rpc.request.timeout = 3000ms (default)
2024-09-15 17:07:31,687 [fdb1bdfc-cd38-46a5-a741-21faac0cf152-groupManagement] INFO  server.RaftServerConfigKeys (ConfUtils.java:logGet(46)) - raft.server.log.appender.install.snapshot.enabled = false (custom)
2024-09-15 17:07:31,687 [fdb1bdfc-cd38-46a5-a741-21faac0cf152-groupManagement] INFO  server.RaftServerConfigKeys (ConfUtils.java:logGet(46)) - raft.server.threadpool.server.cached = true (default)
2024-09-15 17:07:31,687 [fdb1bdfc-cd38-46a5-a741-21faac0cf152-groupManagement] INFO  server.RaftServerConfigKeys (ConfUtils.java:logGet(46)) - raft.server.threadpool.server.size = 0 (default)
2024-09-15 17:07:31,687 [fdb1bdfc-cd38-46a5-a741-21faac0cf152-groupManagement] INFO  server.RaftServerConfigKeys (ConfUtils.java:logGet(46)) - raft.server.threadpool.client.cached = true (default)
2024-09-15 17:07:31,687 [fdb1bdfc-cd38-46a5-a741-21faac0cf152-groupManagement] INFO  server.RaftServerConfigKeys (ConfUtils.java:logGet(46)) - raft.server.threadpool.client.size = 0 (default)
2024-09-15 17:07:31,687 [fdb1bdfc-cd38-46a5-a741-21faac0cf152-groupManagement] INFO  server.RaftServerConfigKeys (ConfUtils.java:logGet(46)) - raft.server.storage.free-space.min = 0MB (=0) (default)
2024-09-15 17:07:31,687 [fdb1bdfc-cd38-46a5-a741-21faac0cf152-groupManagement] INFO  server.RaftServerConfigKeys (ConfUtils.java:logGet(46)) - raft.server.log.corruption.policy = EXCEPTION (default)
2024-09-15 17:07:31,687 [fdb1bdfc-cd38-46a5-a741-21faac0cf152-groupManagement] INFO  server.RaftServerConfigKeys (ConfUtils.java:logGet(46)) - raft.server.storage.dir = [/home/runner/work/ozone/ozone/hadoop-ozone/integration-test/target/test-dir/MiniOzoneClusterImpl-eca91e6c-a84b-4041-8679-4afba91b5587/ozone-meta/datanode-3/ratis] (custom)
2024-09-15 17:07:31,687 [fdb1bdfc-cd38-46a5-a741-21faac0cf152-groupManagement] INFO  storage.RaftStorageDirectory (RaftStorageDirectoryImpl.java:analyzeStorage(138)) - The storage directory /home/runner/work/ozone/ozone/hadoop-ozone/integration-test/target/test-dir/MiniOzoneClusterImpl-eca91e6c-a84b-4041-8679-4afba91b5587/ozone-meta/datanode-3/ratis/4b34d6d8-6abb-4b9d-9724-97ab3179636b does not exist. Creating ...
2024-09-15 17:07:31,688 [fdb1bdfc-cd38-46a5-a741-21faac0cf152-groupManagement] INFO  storage.RaftStorageDirectory (RaftStorageDirectoryImpl.java:tryLock(229)) - Lock on /home/runner/work/ozone/ozone/hadoop-ozone/integration-test/target/test-dir/MiniOzoneClusterImpl-eca91e6c-a84b-4041-8679-4afba91b5587/ozone-meta/datanode-3/ratis/4b34d6d8-6abb-4b9d-9724-97ab3179636b/in_use.lock acquired by nodename 77088@fv-az886-12
2024-09-15 17:07:31,690 [fdb1bdfc-cd38-46a5-a741-21faac0cf152-groupManagement] INFO  storage.RaftStorage (RaftStorageImpl.java:format(98)) - Storage directory /home/runner/work/ozone/ozone/hadoop-ozone/integration-test/target/test-dir/MiniOzoneClusterImpl-eca91e6c-a84b-4041-8679-4afba91b5587/ozone-meta/datanode-3/ratis/4b34d6d8-6abb-4b9d-9724-97ab3179636b has been successfully formatted.
2024-09-15 17:07:31,690 [fdb1bdfc-cd38-46a5-a741-21faac0cf152-groupManagement] INFO  ratis.ContainerStateMachine (ContainerStateMachine.java:loadSnapshot(295)) - group-97AB3179636B: The snapshot info is null. Setting the last applied index to:(t:0, i:~)
2024-09-15 17:07:31,690 [fdb1bdfc-cd38-46a5-a741-21faac0cf152-groupManagement] INFO  server.RaftServerConfigKeys (ConfUtils.java:logGet(46)) - raft.server.log.use.memory = false (default)
2024-09-15 17:07:31,690 [fdb1bdfc-cd38-46a5-a741-21faac0cf152-groupManagement] INFO  server.RaftServerConfigKeys (ConfUtils.java:logGet(46)) - raft.server.log.purge.gap = 1000000 (custom)
2024-09-15 17:07:31,690 [fdb1bdfc-cd38-46a5-a741-21faac0cf152-groupManagement] INFO  server.RaftServerConfigKeys (ConfUtils.java:logGet(46)) - raft.server.log.appender.buffer.byte-limit = 33554432 (custom)
2024-09-15 17:07:31,690 [fdb1bdfc-cd38-46a5-a741-21faac0cf152-groupManagement] INFO  server.RaftServerConfigKeys (ConfUtils.java:logGet(46)) - raft.server.log.statemachine.data.read.timeout = 1000ms (default)
2024-09-15 17:07:31,691 [fdb1bdfc-cd38-46a5-a741-21faac0cf152-groupManagement] INFO  server.RaftServerConfigKeys (ConfUtils.java:logGet(46)) - raft.server.log.purge.preservation.log.num = 0 (default)
2024-09-15 17:07:31,692 [fdb1bdfc-cd38-46a5-a741-21faac0cf152-groupManagement] INFO  server.RaftServerConfigKeys (ConfUtils.java:logGet(46)) - raft.server.log.segment.size.max = 67108864 (custom)
2024-09-15 17:07:31,692 [fdb1bdfc-cd38-46a5-a741-21faac0cf152-groupManagement] INFO  server.RaftServerConfigKeys (ConfUtils.java:logGet(46)) - raft.server.log.segment.cache.num.max = 2 (custom)
2024-09-15 17:07:31,693 [fdb1bdfc-cd38-46a5-a741-21faac0cf152-groupManagement] INFO  server.RaftServerConfigKeys (ConfUtils.java:logGet(46)) - raft.server.log.segment.cache.size.max = 200MB (=209715200) (default)
2024-09-15 17:07:31,693 [fdb1bdfc-cd38-46a5-a741-21faac0cf152-groupManagement] INFO  server.RaftServerConfigKeys (ConfUtils.java:logGet(46)) - raft.server.log.appender.buffer.byte-limit = 33554432 (custom)
2024-09-15 17:07:31,693 [fdb1bdfc-cd38-46a5-a741-21faac0cf152-groupManagement] INFO  util.AwaitToRun (AwaitToRun.java:start(81)) - Thread[fdb1bdfc-cd38-46a5-a741-21faac0cf152@group-97AB3179636B-cacheEviction-AwaitToRun,5,main] started
2024-09-15 17:07:31,693 [fdb1bdfc-cd38-46a5-a741-21faac0cf152-groupManagement] INFO  segmented.SegmentedRaftLogWorker (SegmentedRaftLogWorker.java:<init>(184)) - new fdb1bdfc-cd38-46a5-a741-21faac0cf152@group-97AB3179636B-SegmentedRaftLogWorker for RaftStorageImpl:Storage Directory /home/runner/work/ozone/ozone/hadoop-ozone/integration-test/target/test-dir/MiniOzoneClusterImpl-eca91e6c-a84b-4041-8679-4afba91b5587/ozone-meta/datanode-3/ratis/4b34d6d8-6abb-4b9d-9724-97ab3179636b
2024-09-15 17:07:31,693 [fdb1bdfc-cd38-46a5-a741-21faac0cf152-groupManagement] INFO  server.RaftServerConfigKeys (ConfUtils.java:logGet(46)) - raft.server.log.queue.byte-limit = 4294967296 (custom)
2024-09-15 17:07:31,693 [fdb1bdfc-cd38-46a5-a741-21faac0cf152-groupManagement] INFO  server.RaftServerConfigKeys (ConfUtils.java:logGet(46)) - raft.server.log.queue.element-limit = 1024 (custom)
2024-09-15 17:07:31,693 [fdb1bdfc-cd38-46a5-a741-21faac0cf152-groupManagement] INFO  server.RaftServerConfigKeys (ConfUtils.java:logGet(46)) - raft.server.log.segment.size.max = 67108864 (custom)
2024-09-15 17:07:31,693 [fdb1bdfc-cd38-46a5-a741-21faac0cf152-groupManagement] INFO  server.RaftServerConfigKeys (ConfUtils.java:logGet(46)) - raft.server.log.preallocated.size = 4194304 (custom)
2024-09-15 17:07:31,693 [fdb1bdfc-cd38-46a5-a741-21faac0cf152-groupManagement] INFO  server.RaftServerConfigKeys (ConfUtils.java:logGet(46)) - raft.server.log.force.sync.num = 128 (default)
2024-09-15 17:07:31,693 [fdb1bdfc-cd38-46a5-a741-21faac0cf152-groupManagement] INFO  server.RaftServerConfigKeys (ConfUtils.java:logGet(46)) - raft.server.log.statemachine.data.sync = true (default)
2024-09-15 17:07:31,693 [fdb1bdfc-cd38-46a5-a741-21faac0cf152-groupManagement] INFO  server.RaftServerConfigKeys (ConfUtils.java:logGet(46)) - raft.server.log.statemachine.data.sync.timeout = 10s (default)
2024-09-15 17:07:31,693 [fdb1bdfc-cd38-46a5-a741-21faac0cf152-groupManagement] INFO  server.RaftServerConfigKeys (ConfUtils.java:logGet(46)) - raft.server.log.statemachine.data.sync.timeout.retry = 30 (custom)
2024-09-15 17:07:31,693 [fdb1bdfc-cd38-46a5-a741-21faac0cf152-groupManagement] INFO  server.RaftServerConfigKeys (ConfUtils.java:logGet(46)) - raft.server.log.write.buffer.size = 33554440 (custom)
2024-09-15 17:07:31,699 [fdb1bdfc-cd38-46a5-a741-21faac0cf152-groupManagement] INFO  server.RaftServerConfigKeys (ConfUtils.java:logGet(46)) - raft.server.log.appender.buffer.byte-limit = 33554432 (custom)
2024-09-15 17:07:31,699 [fdb1bdfc-cd38-46a5-a741-21faac0cf152-groupManagement] INFO  server.RaftServerConfigKeys (ConfUtils.java:logGet(46)) - raft.server.log.unsafe-flush.enabled = false (default)
2024-09-15 17:07:31,699 [fdb1bdfc-cd38-46a5-a741-21faac0cf152-groupManagement] INFO  server.RaftServerConfigKeys (ConfUtils.java:logGet(46)) - raft.server.log.async-flush.enabled = false (default)
2024-09-15 17:07:31,699 [fdb1bdfc-cd38-46a5-a741-21faac0cf152-groupManagement] INFO  server.RaftServerConfigKeys (ConfUtils.java:logGet(46)) - raft.server.log.statemachine.data.caching.enabled = true (custom)
2024-09-15 17:07:31,699 [fdb1bdfc-cd38-46a5-a741-21faac0cf152-groupManagement] INFO  segmented.SegmentedRaftLogWorker (SegmentedRaftLogWorker.java:lambda$new$0(135)) - fdb1bdfc-cd38-46a5-a741-21faac0cf152@group-97AB3179636B-SegmentedRaftLogWorker: flushIndex: setUnconditionally 0 -> -1
2024-09-15 17:07:31,699 [fdb1bdfc-cd38-46a5-a741-21faac0cf152-groupManagement] INFO  segmented.SegmentedRaftLogWorker (SegmentedRaftLogWorker.java:lambda$new$0(135)) - fdb1bdfc-cd38-46a5-a741-21faac0cf152@group-97AB3179636B-SegmentedRaftLogWorker: safeCacheEvictIndex: setUnconditionally 0 -> -1
2024-09-15 17:07:31,699 [fdb1bdfc-cd38-46a5-a741-21faac0cf152-groupManagement] INFO  server.RaftServer$Division (RaftServerImpl.java:start(389)) - fdb1bdfc-cd38-46a5-a741-21faac0cf152@group-97AB3179636B: start as a follower, conf=conf: {index: -1, cur=peers:[62362ab0-30ae-49fa-a673-0da439c77b8d|127.0.0.1:15171, fdb1bdfc-cd38-46a5-a741-21faac0cf152|127.0.0.1:15189, 61f1eb6c-dc17-4b0b-858b-0bb1b85057d5|127.0.0.1:15180]|listeners:[], old=null}
2024-09-15 17:07:31,700 [fdb1bdfc-cd38-46a5-a741-21faac0cf152-groupManagement] INFO  server.RaftServer$Division (RaftServerImpl.java:setRole(376)) - fdb1bdfc-cd38-46a5-a741-21faac0cf152@group-97AB3179636B: changes role from      null to FOLLOWER at term 0 for startAsFollower
2024-09-15 17:07:31,700 [fdb1bdfc-cd38-46a5-a741-21faac0cf152-groupManagement] INFO  impl.RoleInfo (RoleInfo.java:updateAndGet(148)) - fdb1bdfc-cd38-46a5-a741-21faac0cf152: start fdb1bdfc-cd38-46a5-a741-21faac0cf152@group-97AB3179636B-FollowerState
2024-09-15 17:07:31,702 [fdb1bdfc-cd38-46a5-a741-21faac0cf152@group-97AB3179636B-FollowerState] INFO  server.RaftServerConfigKeys (ConfUtils.java:logFallback(53)) - raft.server.rpc.first-election.timeout.min = 5s (fallback to raft.server.rpc.timeout.min)
2024-09-15 17:07:31,702 [fdb1bdfc-cd38-46a5-a741-21faac0cf152-groupManagement] INFO  util.JmxRegister (JmxRegister.java:tryRegister(44)) - Successfully registered JMX Bean with object name Ratis:service=RaftServer,group=group-97AB3179636B,id=fdb1bdfc-cd38-46a5-a741-21faac0cf152
2024-09-15 17:07:31,702 [fdb1bdfc-cd38-46a5-a741-21faac0cf152-groupManagement] INFO  util.JmxRegister (JmxRegister.java:register(58)) - register mxBean class org.apache.ratis.server.impl.RaftServerJmxAdapter as Ratis:service=RaftServer,group=group-97AB3179636B,id=fdb1bdfc-cd38-46a5-a741-21faac0cf152
2024-09-15 17:07:31,702 [fdb1bdfc-cd38-46a5-a741-21faac0cf152-groupManagement] INFO  server.RaftServerConfigKeys (ConfUtils.java:logGet(46)) - raft.server.snapshot.trigger-when-stop.enabled = true (default)
2024-09-15 17:07:31,702 [fdb1bdfc-cd38-46a5-a741-21faac0cf152-groupManagement] INFO  server.RaftServerConfigKeys (ConfUtils.java:logGet(46)) - raft.server.snapshot.trigger-when-remove.enabled = true (default)
2024-09-15 17:07:31,702 [fdb1bdfc-cd38-46a5-a741-21faac0cf152-groupManagement] INFO  server.RaftServerConfigKeys (ConfUtils.java:logGet(46)) - raft.server.snapshot.auto.trigger.enabled = true (custom)
2024-09-15 17:07:31,702 [fdb1bdfc-cd38-46a5-a741-21faac0cf152-groupManagement] INFO  server.RaftServerConfigKeys (ConfUtils.java:logGet(46)) - raft.server.snapshot.auto.trigger.threshold = 10000 (custom)
2024-09-15 17:07:31,702 [fdb1bdfc-cd38-46a5-a741-21faac0cf152-groupManagement] INFO  server.RaftServerConfigKeys (ConfUtils.java:logGet(46)) - raft.server.snapshot.retention.file.num = 5 (custom)
2024-09-15 17:07:31,702 [fdb1bdfc-cd38-46a5-a741-21faac0cf152-groupManagement] INFO  server.RaftServerConfigKeys (ConfUtils.java:logGet(46)) - raft.server.log.purge.upto.snapshot.index = false (default)
2024-09-15 17:07:31,702 [fdb1bdfc-cd38-46a5-a741-21faac0cf152@group-97AB3179636B-FollowerState] INFO  server.RaftServerConfigKeys (ConfUtils.java:logFallback(53)) - raft.server.rpc.first-election.timeout.max = 5200ms (fallback to raft.server.rpc.timeout.max)
2024-09-15 17:07:31,708 [62362ab0-30ae-49fa-a673-0da439c77b8d-PipelineCommandHandlerThread-0] INFO  commandhandler.CreatePipelineCommandHandler (CreatePipelineCommandHandler.java:lambda$handle$2(124)) - Created Pipeline RATIS THREE PipelineID=4b34d6d8-6abb-4b9d-9724-97ab3179636b.
2024-09-15 17:07:31,708 [62362ab0-30ae-49fa-a673-0da439c77b8d-PipelineCommandHandlerThread-0] INFO  server.RaftServer (RaftServerProxy.java:addNew(101)) - 62362ab0-30ae-49fa-a673-0da439c77b8d: addNew group-9F891B4926A6:[62362ab0-30ae-49fa-a673-0da439c77b8d|127.0.0.1:15171, fdb1bdfc-cd38-46a5-a741-21faac0cf152|127.0.0.1:15189, 61f1eb6c-dc17-4b0b-858b-0bb1b85057d5|127.0.0.1:15180] returns group-9F891B4926A6:java.util.concurrent.CompletableFuture@323d899[Not completed]
2024-09-15 17:07:31,709 [62362ab0-30ae-49fa-a673-0da439c77b8d-groupManagement] INFO  server.RaftServer$Division (RaftServerImpl.java:<init>(253)) - 62362ab0-30ae-49fa-a673-0da439c77b8d: new RaftServerImpl for group-9F891B4926A6:[62362ab0-30ae-49fa-a673-0da439c77b8d|127.0.0.1:15171, fdb1bdfc-cd38-46a5-a741-21faac0cf152|127.0.0.1:15189, 61f1eb6c-dc17-4b0b-858b-0bb1b85057d5|127.0.0.1:15180] with ContainerStateMachine:uninitialized
2024-09-15 17:07:31,709 [62362ab0-30ae-49fa-a673-0da439c77b8d-groupManagement] INFO  server.RaftServerConfigKeys (ConfUtils.java:logGet(46)) - raft.server.rpc.timeout.min = 5s (custom)
2024-09-15 17:07:31,709 [62362ab0-30ae-49fa-a673-0da439c77b8d-groupManagement] INFO  server.RaftServerConfigKeys (ConfUtils.java:logGet(46)) - raft.server.rpc.timeout.max = 5200ms (custom)
2024-09-15 17:07:31,709 [62362ab0-30ae-49fa-a673-0da439c77b8d-groupManagement] INFO  server.RaftServerConfigKeys (ConfUtils.java:logGet(46)) - raft.server.rpc.sleep.time = 25ms (default)
2024-09-15 17:07:31,709 [62362ab0-30ae-49fa-a673-0da439c77b8d-groupManagement] INFO  server.RaftServerConfigKeys (ConfUtils.java:logGet(46)) - raft.server.rpc.slowness.timeout = 300000ms (custom)
2024-09-15 17:07:31,709 [62362ab0-30ae-49fa-a673-0da439c77b8d-groupManagement] INFO  server.RaftServerConfigKeys (ConfUtils.java:logGet(46)) - raft.server.leaderelection.leader.step-down.wait-time = 10s (default)
2024-09-15 17:07:31,709 [62362ab0-30ae-49fa-a673-0da439c77b8d-groupManagement] INFO  server.RaftServerConfigKeys (ConfUtils.java:logGet(46)) - raft.server.leaderelection.member.majority-add = false (default)
2024-09-15 17:07:31,709 [62362ab0-30ae-49fa-a673-0da439c77b8d-groupManagement] INFO  server.RaftServerConfigKeys (ConfUtils.java:logGet(46)) - raft.server.sleep.deviation.threshold = 300ms (default)
2024-09-15 17:07:31,709 [62362ab0-30ae-49fa-a673-0da439c77b8d-groupManagement] INFO  server.RaftServer$Division (ServerState.java:<init>(114)) - 62362ab0-30ae-49fa-a673-0da439c77b8d@group-9F891B4926A6: ConfigurationManager, init=conf: {index: -1, cur=peers:[62362ab0-30ae-49fa-a673-0da439c77b8d|127.0.0.1:15171, fdb1bdfc-cd38-46a5-a741-21faac0cf152|127.0.0.1:15189, 61f1eb6c-dc17-4b0b-858b-0bb1b85057d5|127.0.0.1:15180]|listeners:[], old=null}, confs=<EMPTY_MAP>
2024-09-15 17:07:31,709 [62362ab0-30ae-49fa-a673-0da439c77b8d-groupManagement] INFO  server.RaftServerConfigKeys (ConfUtils.java:logGet(46)) - raft.server.notification.no-leader.timeout = 300000ms (custom)
2024-09-15 17:07:31,709 [62362ab0-30ae-49fa-a673-0da439c77b8d-groupManagement] INFO  server.RaftServerConfigKeys (ConfUtils.java:logGet(46)) - raft.server.read.timeout = 10s (default)
2024-09-15 17:07:31,709 [62362ab0-30ae-49fa-a673-0da439c77b8d-groupManagement] INFO  server.RaftServerConfigKeys (ConfUtils.java:logGet(46)) - raft.server.retrycache.expirytime = 600000ms (custom)
2024-09-15 17:07:31,709 [62362ab0-30ae-49fa-a673-0da439c77b8d-groupManagement] INFO  server.RaftServerConfigKeys (ConfUtils.java:logGet(46)) - raft.server.retrycache.statistics.expirytime = 100ms (default)
2024-09-15 17:07:31,709 [62362ab0-30ae-49fa-a673-0da439c77b8d-groupManagement] INFO  server.RaftServerConfigKeys (ConfUtils.java:logGet(46)) - raft.server.read.option = DEFAULT (default)
2024-09-15 17:07:31,709 [62362ab0-30ae-49fa-a673-0da439c77b8d-groupManagement] INFO  server.RaftServerConfigKeys (ConfUtils.java:logGet(46)) - raft.server.read.read-after-write-consistent.write-index-cache.expiry-time = 60s (default)
2024-09-15 17:07:31,711 [62362ab0-30ae-49fa-a673-0da439c77b8d-groupManagement] INFO  server.RaftServerConfigKeys (ConfUtils.java:logGet(46)) - raft.server.rpc.request.timeout = 3000ms (default)
2024-09-15 17:07:31,711 [62362ab0-30ae-49fa-a673-0da439c77b8d-groupManagement] INFO  server.RaftServerConfigKeys (ConfUtils.java:logGet(46)) - raft.server.log.appender.install.snapshot.enabled = false (custom)
2024-09-15 17:07:31,711 [62362ab0-30ae-49fa-a673-0da439c77b8d-groupManagement] INFO  server.RaftServerConfigKeys (ConfUtils.java:logGet(46)) - raft.server.threadpool.server.cached = true (default)
2024-09-15 17:07:31,711 [62362ab0-30ae-49fa-a673-0da439c77b8d-groupManagement] INFO  server.RaftServerConfigKeys (ConfUtils.java:logGet(46)) - raft.server.threadpool.server.size = 0 (default)
2024-09-15 17:07:31,711 [62362ab0-30ae-49fa-a673-0da439c77b8d-groupManagement] INFO  server.RaftServerConfigKeys (ConfUtils.java:logGet(46)) - raft.server.threadpool.client.cached = true (default)
2024-09-15 17:07:31,711 [62362ab0-30ae-49fa-a673-0da439c77b8d-groupManagement] INFO  server.RaftServerConfigKeys (ConfUtils.java:logGet(46)) - raft.server.threadpool.client.size = 0 (default)
2024-09-15 17:07:31,711 [62362ab0-30ae-49fa-a673-0da439c77b8d-groupManagement] INFO  server.RaftServerConfigKeys (ConfUtils.java:logGet(46)) - raft.server.storage.free-space.min = 0MB (=0) (default)
2024-09-15 17:07:31,711 [62362ab0-30ae-49fa-a673-0da439c77b8d-groupManagement] INFO  server.RaftServerConfigKeys (ConfUtils.java:logGet(46)) - raft.server.log.corruption.policy = EXCEPTION (default)
2024-09-15 17:07:31,711 [62362ab0-30ae-49fa-a673-0da439c77b8d-groupManagement] INFO  server.RaftServerConfigKeys (ConfUtils.java:logGet(46)) - raft.server.storage.dir = [/home/runner/work/ozone/ozone/hadoop-ozone/integration-test/target/test-dir/MiniOzoneClusterImpl-eca91e6c-a84b-4041-8679-4afba91b5587/ozone-meta/datanode-1/ratis] (custom)
2024-09-15 17:07:31,711 [62362ab0-30ae-49fa-a673-0da439c77b8d-groupManagement] INFO  storage.RaftStorageDirectory (RaftStorageDirectoryImpl.java:analyzeStorage(138)) - The storage directory /home/runner/work/ozone/ozone/hadoop-ozone/integration-test/target/test-dir/MiniOzoneClusterImpl-eca91e6c-a84b-4041-8679-4afba91b5587/ozone-meta/datanode-1/ratis/ffe936e1-90b0-46c0-bf1c-9f891b4926a6 does not exist. Creating ...
2024-09-15 17:07:31,713 [62362ab0-30ae-49fa-a673-0da439c77b8d-groupManagement] INFO  storage.RaftStorageDirectory (RaftStorageDirectoryImpl.java:tryLock(229)) - Lock on /home/runner/work/ozone/ozone/hadoop-ozone/integration-test/target/test-dir/MiniOzoneClusterImpl-eca91e6c-a84b-4041-8679-4afba91b5587/ozone-meta/datanode-1/ratis/ffe936e1-90b0-46c0-bf1c-9f891b4926a6/in_use.lock acquired by nodename 77088@fv-az886-12
2024-09-15 17:07:31,714 [62362ab0-30ae-49fa-a673-0da439c77b8d-groupManagement] INFO  storage.RaftStorage (RaftStorageImpl.java:format(98)) - Storage directory /home/runner/work/ozone/ozone/hadoop-ozone/integration-test/target/test-dir/MiniOzoneClusterImpl-eca91e6c-a84b-4041-8679-4afba91b5587/ozone-meta/datanode-1/ratis/ffe936e1-90b0-46c0-bf1c-9f891b4926a6 has been successfully formatted.
2024-09-15 17:07:31,715 [EventQueue-OpenPipelineForHealthyPipelineSafeModeRule] INFO  safemode.SCMSafeModeManager (HealthyPipelineSafeModeRule.java:process(140)) - SCM in safe mode. Healthy pipelines reported count is 0, required healthy pipeline reported count is 1
2024-09-15 17:07:31,715 [62362ab0-30ae-49fa-a673-0da439c77b8d-groupManagement] INFO  ratis.ContainerStateMachine (ContainerStateMachine.java:loadSnapshot(295)) - group-9F891B4926A6: The snapshot info is null. Setting the last applied index to:(t:0, i:~)
2024-09-15 17:07:31,715 [62362ab0-30ae-49fa-a673-0da439c77b8d-groupManagement] INFO  server.RaftServerConfigKeys (ConfUtils.java:logGet(46)) - raft.server.log.use.memory = false (default)
2024-09-15 17:07:31,715 [62362ab0-30ae-49fa-a673-0da439c77b8d-groupManagement] INFO  server.RaftServerConfigKeys (ConfUtils.java:logGet(46)) - raft.server.log.purge.gap = 1000000 (custom)
2024-09-15 17:07:31,715 [62362ab0-30ae-49fa-a673-0da439c77b8d-groupManagement] INFO  server.RaftServerConfigKeys (ConfUtils.java:logGet(46)) - raft.server.log.appender.buffer.byte-limit = 33554432 (custom)
2024-09-15 17:07:31,715 [62362ab0-30ae-49fa-a673-0da439c77b8d-groupManagement] INFO  server.RaftServerConfigKeys (ConfUtils.java:logGet(46)) - raft.server.log.statemachine.data.read.timeout = 1000ms (default)
2024-09-15 17:07:31,715 [62362ab0-30ae-49fa-a673-0da439c77b8d-groupManagement] INFO  server.RaftServerConfigKeys (ConfUtils.java:logGet(46)) - raft.server.log.purge.preservation.log.num = 0 (default)
2024-09-15 17:07:31,716 [62362ab0-30ae-49fa-a673-0da439c77b8d-groupManagement] INFO  server.RaftServerConfigKeys (ConfUtils.java:logGet(46)) - raft.server.log.segment.size.max = 67108864 (custom)
2024-09-15 17:07:31,716 [62362ab0-30ae-49fa-a673-0da439c77b8d-groupManagement] INFO  server.RaftServerConfigKeys (ConfUtils.java:logGet(46)) - raft.server.log.segment.cache.num.max = 2 (custom)
2024-09-15 17:07:31,716 [62362ab0-30ae-49fa-a673-0da439c77b8d-groupManagement] INFO  server.RaftServerConfigKeys (ConfUtils.java:logGet(46)) - raft.server.log.segment.cache.size.max = 200MB (=209715200) (default)
2024-09-15 17:07:31,716 [62362ab0-30ae-49fa-a673-0da439c77b8d-groupManagement] INFO  server.RaftServerConfigKeys (ConfUtils.java:logGet(46)) - raft.server.log.appender.buffer.byte-limit = 33554432 (custom)
2024-09-15 17:07:31,716 [62362ab0-30ae-49fa-a673-0da439c77b8d-groupManagement] INFO  util.AwaitToRun (AwaitToRun.java:start(81)) - Thread[62362ab0-30ae-49fa-a673-0da439c77b8d@group-9F891B4926A6-cacheEviction-AwaitToRun,5,main] started
2024-09-15 17:07:31,716 [62362ab0-30ae-49fa-a673-0da439c77b8d-groupManagement] INFO  segmented.SegmentedRaftLogWorker (SegmentedRaftLogWorker.java:<init>(184)) - new 62362ab0-30ae-49fa-a673-0da439c77b8d@group-9F891B4926A6-SegmentedRaftLogWorker for RaftStorageImpl:Storage Directory /home/runner/work/ozone/ozone/hadoop-ozone/integration-test/target/test-dir/MiniOzoneClusterImpl-eca91e6c-a84b-4041-8679-4afba91b5587/ozone-meta/datanode-1/ratis/ffe936e1-90b0-46c0-bf1c-9f891b4926a6
2024-09-15 17:07:31,717 [62362ab0-30ae-49fa-a673-0da439c77b8d-groupManagement] INFO  server.RaftServerConfigKeys (ConfUtils.java:logGet(46)) - raft.server.log.queue.byte-limit = 4294967296 (custom)
2024-09-15 17:07:31,717 [62362ab0-30ae-49fa-a673-0da439c77b8d-groupManagement] INFO  server.RaftServerConfigKeys (ConfUtils.java:logGet(46)) - raft.server.log.queue.element-limit = 1024 (custom)
2024-09-15 17:07:31,717 [62362ab0-30ae-49fa-a673-0da439c77b8d-groupManagement] INFO  server.RaftServerConfigKeys (ConfUtils.java:logGet(46)) - raft.server.log.segment.size.max = 67108864 (custom)
2024-09-15 17:07:31,717 [62362ab0-30ae-49fa-a673-0da439c77b8d-groupManagement] INFO  server.RaftServerConfigKeys (ConfUtils.java:logGet(46)) - raft.server.log.preallocated.size = 4194304 (custom)
2024-09-15 17:07:31,717 [62362ab0-30ae-49fa-a673-0da439c77b8d-groupManagement] INFO  server.RaftServerConfigKeys (ConfUtils.java:logGet(46)) - raft.server.log.force.sync.num = 128 (default)
2024-09-15 17:07:31,717 [62362ab0-30ae-49fa-a673-0da439c77b8d-groupManagement] INFO  server.RaftServerConfigKeys (ConfUtils.java:logGet(46)) - raft.server.log.statemachine.data.sync = true (default)
2024-09-15 17:07:31,717 [62362ab0-30ae-49fa-a673-0da439c77b8d-groupManagement] INFO  server.RaftServerConfigKeys (ConfUtils.java:logGet(46)) - raft.server.log.statemachine.data.sync.timeout = 10s (default)
2024-09-15 17:07:31,717 [62362ab0-30ae-49fa-a673-0da439c77b8d-groupManagement] INFO  server.RaftServerConfigKeys (ConfUtils.java:logGet(46)) - raft.server.log.statemachine.data.sync.timeout.retry = 30 (custom)
2024-09-15 17:07:31,717 [62362ab0-30ae-49fa-a673-0da439c77b8d-groupManagement] INFO  server.RaftServerConfigKeys (ConfUtils.java:logGet(46)) - raft.server.log.write.buffer.size = 33554440 (custom)
2024-09-15 17:07:31,721 [62362ab0-30ae-49fa-a673-0da439c77b8d-groupManagement] INFO  server.RaftServerConfigKeys (ConfUtils.java:logGet(46)) - raft.server.log.appender.buffer.byte-limit = 33554432 (custom)
2024-09-15 17:07:31,721 [62362ab0-30ae-49fa-a673-0da439c77b8d-groupManagement] INFO  server.RaftServerConfigKeys (ConfUtils.java:logGet(46)) - raft.server.log.unsafe-flush.enabled = false (default)
2024-09-15 17:07:31,721 [62362ab0-30ae-49fa-a673-0da439c77b8d-groupManagement] INFO  server.RaftServerConfigKeys (ConfUtils.java:logGet(46)) - raft.server.log.async-flush.enabled = false (default)
2024-09-15 17:07:31,722 [62362ab0-30ae-49fa-a673-0da439c77b8d-groupManagement] INFO  server.RaftServerConfigKeys (ConfUtils.java:logGet(46)) - raft.server.log.statemachine.data.caching.enabled = true (custom)
2024-09-15 17:07:31,722 [62362ab0-30ae-49fa-a673-0da439c77b8d-groupManagement] INFO  segmented.SegmentedRaftLogWorker (SegmentedRaftLogWorker.java:lambda$new$0(135)) - 62362ab0-30ae-49fa-a673-0da439c77b8d@group-9F891B4926A6-SegmentedRaftLogWorker: flushIndex: setUnconditionally 0 -> -1
2024-09-15 17:07:31,722 [62362ab0-30ae-49fa-a673-0da439c77b8d-groupManagement] INFO  segmented.SegmentedRaftLogWorker (SegmentedRaftLogWorker.java:lambda$new$0(135)) - 62362ab0-30ae-49fa-a673-0da439c77b8d@group-9F891B4926A6-SegmentedRaftLogWorker: safeCacheEvictIndex: setUnconditionally 0 -> -1
2024-09-15 17:07:31,722 [62362ab0-30ae-49fa-a673-0da439c77b8d-groupManagement] INFO  server.RaftServer$Division (RaftServerImpl.java:start(389)) - 62362ab0-30ae-49fa-a673-0da439c77b8d@group-9F891B4926A6: start as a follower, conf=conf: {index: -1, cur=peers:[62362ab0-30ae-49fa-a673-0da439c77b8d|127.0.0.1:15171, fdb1bdfc-cd38-46a5-a741-21faac0cf152|127.0.0.1:15189, 61f1eb6c-dc17-4b0b-858b-0bb1b85057d5|127.0.0.1:15180]|listeners:[], old=null}
2024-09-15 17:07:31,722 [62362ab0-30ae-49fa-a673-0da439c77b8d-groupManagement] INFO  server.RaftServer$Division (RaftServerImpl.java:setRole(376)) - 62362ab0-30ae-49fa-a673-0da439c77b8d@group-9F891B4926A6: changes role from      null to FOLLOWER at term 0 for startAsFollower
2024-09-15 17:07:31,722 [62362ab0-30ae-49fa-a673-0da439c77b8d-groupManagement] INFO  impl.RoleInfo (RoleInfo.java:updateAndGet(148)) - 62362ab0-30ae-49fa-a673-0da439c77b8d: start 62362ab0-30ae-49fa-a673-0da439c77b8d@group-9F891B4926A6-FollowerState
2024-09-15 17:07:31,722 [62362ab0-30ae-49fa-a673-0da439c77b8d@group-9F891B4926A6-FollowerState] INFO  server.RaftServerConfigKeys (ConfUtils.java:logFallback(53)) - raft.server.rpc.first-election.timeout.min = 5s (fallback to raft.server.rpc.timeout.min)
2024-09-15 17:07:31,722 [62362ab0-30ae-49fa-a673-0da439c77b8d-groupManagement] INFO  util.JmxRegister (JmxRegister.java:tryRegister(44)) - Successfully registered JMX Bean with object name Ratis:service=RaftServer,group=group-9F891B4926A6,id=62362ab0-30ae-49fa-a673-0da439c77b8d
2024-09-15 17:07:31,723 [62362ab0-30ae-49fa-a673-0da439c77b8d-groupManagement] INFO  util.JmxRegister (JmxRegister.java:register(58)) - register mxBean class org.apache.ratis.server.impl.RaftServerJmxAdapter as Ratis:service=RaftServer,group=group-9F891B4926A6,id=62362ab0-30ae-49fa-a673-0da439c77b8d
2024-09-15 17:07:31,723 [62362ab0-30ae-49fa-a673-0da439c77b8d@group-9F891B4926A6-FollowerState] INFO  server.RaftServerConfigKeys (ConfUtils.java:logFallback(53)) - raft.server.rpc.first-election.timeout.max = 5200ms (fallback to raft.server.rpc.timeout.max)
2024-09-15 17:07:31,723 [62362ab0-30ae-49fa-a673-0da439c77b8d-groupManagement] INFO  server.RaftServerConfigKeys (ConfUtils.java:logGet(46)) - raft.server.snapshot.trigger-when-stop.enabled = true (default)
2024-09-15 17:07:31,723 [62362ab0-30ae-49fa-a673-0da439c77b8d-groupManagement] INFO  server.RaftServerConfigKeys (ConfUtils.java:logGet(46)) - raft.server.snapshot.trigger-when-remove.enabled = true (default)
2024-09-15 17:07:31,723 [62362ab0-30ae-49fa-a673-0da439c77b8d-groupManagement] INFO  server.RaftServerConfigKeys (ConfUtils.java:logGet(46)) - raft.server.snapshot.auto.trigger.enabled = true (custom)
2024-09-15 17:07:31,723 [62362ab0-30ae-49fa-a673-0da439c77b8d-groupManagement] INFO  server.RaftServerConfigKeys (ConfUtils.java:logGet(46)) - raft.server.snapshot.auto.trigger.threshold = 10000 (custom)
2024-09-15 17:07:31,723 [62362ab0-30ae-49fa-a673-0da439c77b8d-groupManagement] INFO  server.RaftServerConfigKeys (ConfUtils.java:logGet(46)) - raft.server.snapshot.retention.file.num = 5 (custom)
2024-09-15 17:07:31,723 [62362ab0-30ae-49fa-a673-0da439c77b8d-groupManagement] INFO  server.RaftServerConfigKeys (ConfUtils.java:logGet(46)) - raft.server.log.purge.upto.snapshot.index = false (default)
2024-09-15 17:07:31,724 [62362ab0-30ae-49fa-a673-0da439c77b8d-PipelineCommandHandlerThread-0] INFO  ratis.XceiverServerRatis (XceiverServerRatis.java:addGroup(849)) - Created group PipelineID=ffe936e1-90b0-46c0-bf1c-9f891b4926a6
2024-09-15 17:07:31,729 [grpc-default-executor-0] INFO  server.RaftServer (RaftServerProxy.java:addNew(101)) - 61f1eb6c-dc17-4b0b-858b-0bb1b85057d5: addNew group-9F891B4926A6:[62362ab0-30ae-49fa-a673-0da439c77b8d|127.0.0.1:15171, fdb1bdfc-cd38-46a5-a741-21faac0cf152|127.0.0.1:15189, 61f1eb6c-dc17-4b0b-858b-0bb1b85057d5|127.0.0.1:15180] returns group-9F891B4926A6:java.util.concurrent.CompletableFuture@3136bf71[Not completed]
2024-09-15 17:07:31,730 [61f1eb6c-dc17-4b0b-858b-0bb1b85057d5-groupManagement] INFO  server.RaftServer$Division (RaftServerImpl.java:<init>(253)) - 61f1eb6c-dc17-4b0b-858b-0bb1b85057d5: new RaftServerImpl for group-9F891B4926A6:[62362ab0-30ae-49fa-a673-0da439c77b8d|127.0.0.1:15171, fdb1bdfc-cd38-46a5-a741-21faac0cf152|127.0.0.1:15189, 61f1eb6c-dc17-4b0b-858b-0bb1b85057d5|127.0.0.1:15180] with ContainerStateMachine:uninitialized
2024-09-15 17:07:31,730 [61f1eb6c-dc17-4b0b-858b-0bb1b85057d5-groupManagement] INFO  server.RaftServerConfigKeys (ConfUtils.java:logGet(46)) - raft.server.rpc.timeout.min = 5s (custom)
2024-09-15 17:07:31,730 [61f1eb6c-dc17-4b0b-858b-0bb1b85057d5-groupManagement] INFO  server.RaftServerConfigKeys (ConfUtils.java:logGet(46)) - raft.server.rpc.timeout.max = 5200ms (custom)
2024-09-15 17:07:31,730 [61f1eb6c-dc17-4b0b-858b-0bb1b85057d5-groupManagement] INFO  server.RaftServerConfigKeys (ConfUtils.java:logGet(46)) - raft.server.rpc.sleep.time = 25ms (default)
2024-09-15 17:07:31,730 [61f1eb6c-dc17-4b0b-858b-0bb1b85057d5-groupManagement] INFO  server.RaftServerConfigKeys (ConfUtils.java:logGet(46)) - raft.server.rpc.slowness.timeout = 300000ms (custom)
2024-09-15 17:07:31,730 [61f1eb6c-dc17-4b0b-858b-0bb1b85057d5-groupManagement] INFO  server.RaftServerConfigKeys (ConfUtils.java:logGet(46)) - raft.server.leaderelection.leader.step-down.wait-time = 10s (default)
2024-09-15 17:07:31,730 [61f1eb6c-dc17-4b0b-858b-0bb1b85057d5-groupManagement] INFO  server.RaftServerConfigKeys (ConfUtils.java:logGet(46)) - raft.server.leaderelection.member.majority-add = false (default)
2024-09-15 17:07:31,730 [61f1eb6c-dc17-4b0b-858b-0bb1b85057d5-groupManagement] INFO  server.RaftServerConfigKeys (ConfUtils.java:logGet(46)) - raft.server.sleep.deviation.threshold = 300ms (default)
2024-09-15 17:07:31,730 [61f1eb6c-dc17-4b0b-858b-0bb1b85057d5-groupManagement] INFO  server.RaftServer$Division (ServerState.java:<init>(114)) - 61f1eb6c-dc17-4b0b-858b-0bb1b85057d5@group-9F891B4926A6: ConfigurationManager, init=conf: {index: -1, cur=peers:[62362ab0-30ae-49fa-a673-0da439c77b8d|127.0.0.1:15171, fdb1bdfc-cd38-46a5-a741-21faac0cf152|127.0.0.1:15189, 61f1eb6c-dc17-4b0b-858b-0bb1b85057d5|127.0.0.1:15180]|listeners:[], old=null}, confs=<EMPTY_MAP>
2024-09-15 17:07:31,730 [61f1eb6c-dc17-4b0b-858b-0bb1b85057d5-groupManagement] INFO  server.RaftServerConfigKeys (ConfUtils.java:logGet(46)) - raft.server.notification.no-leader.timeout = 300000ms (custom)
2024-09-15 17:07:31,730 [61f1eb6c-dc17-4b0b-858b-0bb1b85057d5-groupManagement] INFO  server.RaftServerConfigKeys (ConfUtils.java:logGet(46)) - raft.server.read.timeout = 10s (default)
2024-09-15 17:07:31,730 [61f1eb6c-dc17-4b0b-858b-0bb1b85057d5-groupManagement] INFO  server.RaftServerConfigKeys (ConfUtils.java:logGet(46)) - raft.server.retrycache.expirytime = 600000ms (custom)
2024-09-15 17:07:31,730 [61f1eb6c-dc17-4b0b-858b-0bb1b85057d5-groupManagement] INFO  server.RaftServerConfigKeys (ConfUtils.java:logGet(46)) - raft.server.retrycache.statistics.expirytime = 100ms (default)
2024-09-15 17:07:31,731 [61f1eb6c-dc17-4b0b-858b-0bb1b85057d5-groupManagement] INFO  server.RaftServerConfigKeys (ConfUtils.java:logGet(46)) - raft.server.read.option = DEFAULT (default)
2024-09-15 17:07:31,731 [61f1eb6c-dc17-4b0b-858b-0bb1b85057d5-groupManagement] INFO  server.RaftServerConfigKeys (ConfUtils.java:logGet(46)) - raft.server.read.read-after-write-consistent.write-index-cache.expiry-time = 60s (default)
2024-09-15 17:07:31,733 [61f1eb6c-dc17-4b0b-858b-0bb1b85057d5-groupManagement] INFO  server.RaftServerConfigKeys (ConfUtils.java:logGet(46)) - raft.server.rpc.request.timeout = 3000ms (default)
2024-09-15 17:07:31,733 [61f1eb6c-dc17-4b0b-858b-0bb1b85057d5-groupManagement] INFO  server.RaftServerConfigKeys (ConfUtils.java:logGet(46)) - raft.server.log.appender.install.snapshot.enabled = false (custom)
2024-09-15 17:07:31,733 [61f1eb6c-dc17-4b0b-858b-0bb1b85057d5-groupManagement] INFO  server.RaftServerConfigKeys (ConfUtils.java:logGet(46)) - raft.server.threadpool.server.cached = true (default)
2024-09-15 17:07:31,733 [61f1eb6c-dc17-4b0b-858b-0bb1b85057d5-groupManagement] INFO  server.RaftServerConfigKeys (ConfUtils.java:logGet(46)) - raft.server.threadpool.server.size = 0 (default)
2024-09-15 17:07:31,733 [61f1eb6c-dc17-4b0b-858b-0bb1b85057d5-groupManagement] INFO  server.RaftServerConfigKeys (ConfUtils.java:logGet(46)) - raft.server.threadpool.client.cached = true (default)
2024-09-15 17:07:31,733 [61f1eb6c-dc17-4b0b-858b-0bb1b85057d5-groupManagement] INFO  server.RaftServerConfigKeys (ConfUtils.java:logGet(46)) - raft.server.threadpool.client.size = 0 (default)
2024-09-15 17:07:31,733 [61f1eb6c-dc17-4b0b-858b-0bb1b85057d5-groupManagement] INFO  server.RaftServerConfigKeys (ConfUtils.java:logGet(46)) - raft.server.storage.free-space.min = 0MB (=0) (default)
2024-09-15 17:07:31,733 [61f1eb6c-dc17-4b0b-858b-0bb1b85057d5-groupManagement] INFO  server.RaftServerConfigKeys (ConfUtils.java:logGet(46)) - raft.server.log.corruption.policy = EXCEPTION (default)
2024-09-15 17:07:31,733 [61f1eb6c-dc17-4b0b-858b-0bb1b85057d5-groupManagement] INFO  server.RaftServerConfigKeys (ConfUtils.java:logGet(46)) - raft.server.storage.dir = [/home/runner/work/ozone/ozone/hadoop-ozone/integration-test/target/test-dir/MiniOzoneClusterImpl-eca91e6c-a84b-4041-8679-4afba91b5587/ozone-meta/datanode-2/ratis] (custom)
2024-09-15 17:07:31,734 [61f1eb6c-dc17-4b0b-858b-0bb1b85057d5-groupManagement] INFO  storage.RaftStorageDirectory (RaftStorageDirectoryImpl.java:analyzeStorage(138)) - The storage directory /home/runner/work/ozone/ozone/hadoop-ozone/integration-test/target/test-dir/MiniOzoneClusterImpl-eca91e6c-a84b-4041-8679-4afba91b5587/ozone-meta/datanode-2/ratis/ffe936e1-90b0-46c0-bf1c-9f891b4926a6 does not exist. Creating ...
2024-09-15 17:07:31,735 [61f1eb6c-dc17-4b0b-858b-0bb1b85057d5-groupManagement] INFO  storage.RaftStorageDirectory (RaftStorageDirectoryImpl.java:tryLock(229)) - Lock on /home/runner/work/ozone/ozone/hadoop-ozone/integration-test/target/test-dir/MiniOzoneClusterImpl-eca91e6c-a84b-4041-8679-4afba91b5587/ozone-meta/datanode-2/ratis/ffe936e1-90b0-46c0-bf1c-9f891b4926a6/in_use.lock acquired by nodename 77088@fv-az886-12
2024-09-15 17:07:31,737 [61f1eb6c-dc17-4b0b-858b-0bb1b85057d5-groupManagement] INFO  storage.RaftStorage (RaftStorageImpl.java:format(98)) - Storage directory /home/runner/work/ozone/ozone/hadoop-ozone/integration-test/target/test-dir/MiniOzoneClusterImpl-eca91e6c-a84b-4041-8679-4afba91b5587/ozone-meta/datanode-2/ratis/ffe936e1-90b0-46c0-bf1c-9f891b4926a6 has been successfully formatted.
2024-09-15 17:07:31,737 [61f1eb6c-dc17-4b0b-858b-0bb1b85057d5-groupManagement] INFO  ratis.ContainerStateMachine (ContainerStateMachine.java:loadSnapshot(295)) - group-9F891B4926A6: The snapshot info is null. Setting the last applied index to:(t:0, i:~)
2024-09-15 17:07:31,737 [61f1eb6c-dc17-4b0b-858b-0bb1b85057d5-groupManagement] INFO  server.RaftServerConfigKeys (ConfUtils.java:logGet(46)) - raft.server.log.use.memory = false (default)
2024-09-15 17:07:31,737 [61f1eb6c-dc17-4b0b-858b-0bb1b85057d5-groupManagement] INFO  server.RaftServerConfigKeys (ConfUtils.java:logGet(46)) - raft.server.log.purge.gap = 1000000 (custom)
2024-09-15 17:07:31,737 [61f1eb6c-dc17-4b0b-858b-0bb1b85057d5-groupManagement] INFO  server.RaftServerConfigKeys (ConfUtils.java:logGet(46)) - raft.server.log.appender.buffer.byte-limit = 33554432 (custom)
2024-09-15 17:07:31,737 [61f1eb6c-dc17-4b0b-858b-0bb1b85057d5-groupManagement] INFO  server.RaftServerConfigKeys (ConfUtils.java:logGet(46)) - raft.server.log.statemachine.data.read.timeout = 1000ms (default)
2024-09-15 17:07:31,737 [61f1eb6c-dc17-4b0b-858b-0bb1b85057d5-groupManagement] INFO  server.RaftServerConfigKeys (ConfUtils.java:logGet(46)) - raft.server.log.purge.preservation.log.num = 0 (default)
2024-09-15 17:07:31,738 [61f1eb6c-dc17-4b0b-858b-0bb1b85057d5-groupManagement] INFO  server.RaftServerConfigKeys (ConfUtils.java:logGet(46)) - raft.server.log.segment.size.max = 67108864 (custom)
2024-09-15 17:07:31,739 [61f1eb6c-dc17-4b0b-858b-0bb1b85057d5-groupManagement] INFO  server.RaftServerConfigKeys (ConfUtils.java:logGet(46)) - raft.server.log.segment.cache.num.max = 2 (custom)
2024-09-15 17:07:31,739 [61f1eb6c-dc17-4b0b-858b-0bb1b85057d5-groupManagement] INFO  server.RaftServerConfigKeys (ConfUtils.java:logGet(46)) - raft.server.log.segment.cache.size.max = 200MB (=209715200) (default)
2024-09-15 17:07:31,739 [61f1eb6c-dc17-4b0b-858b-0bb1b85057d5-groupManagement] INFO  server.RaftServerConfigKeys (ConfUtils.java:logGet(46)) - raft.server.log.appender.buffer.byte-limit = 33554432 (custom)
2024-09-15 17:07:31,739 [61f1eb6c-dc17-4b0b-858b-0bb1b85057d5-groupManagement] INFO  util.AwaitToRun (AwaitToRun.java:start(81)) - Thread[61f1eb6c-dc17-4b0b-858b-0bb1b85057d5@group-9F891B4926A6-cacheEviction-AwaitToRun,5,main] started
2024-09-15 17:07:31,739 [61f1eb6c-dc17-4b0b-858b-0bb1b85057d5-groupManagement] INFO  segmented.SegmentedRaftLogWorker (SegmentedRaftLogWorker.java:<init>(184)) - new 61f1eb6c-dc17-4b0b-858b-0bb1b85057d5@group-9F891B4926A6-SegmentedRaftLogWorker for RaftStorageImpl:Storage Directory /home/runner/work/ozone/ozone/hadoop-ozone/integration-test/target/test-dir/MiniOzoneClusterImpl-eca91e6c-a84b-4041-8679-4afba91b5587/ozone-meta/datanode-2/ratis/ffe936e1-90b0-46c0-bf1c-9f891b4926a6
2024-09-15 17:07:31,739 [61f1eb6c-dc17-4b0b-858b-0bb1b85057d5-groupManagement] INFO  server.RaftServerConfigKeys (ConfUtils.java:logGet(46)) - raft.server.log.queue.byte-limit = 4294967296 (custom)
2024-09-15 17:07:31,739 [61f1eb6c-dc17-4b0b-858b-0bb1b85057d5-groupManagement] INFO  server.RaftServerConfigKeys (ConfUtils.java:logGet(46)) - raft.server.log.queue.element-limit = 1024 (custom)
2024-09-15 17:07:31,739 [61f1eb6c-dc17-4b0b-858b-0bb1b85057d5-groupManagement] INFO  server.RaftServerConfigKeys (ConfUtils.java:logGet(46)) - raft.server.log.segment.size.max = 67108864 (custom)
2024-09-15 17:07:31,739 [61f1eb6c-dc17-4b0b-858b-0bb1b85057d5-groupManagement] INFO  server.RaftServerConfigKeys (ConfUtils.java:logGet(46)) - raft.server.log.preallocated.size = 4194304 (custom)
2024-09-15 17:07:31,739 [61f1eb6c-dc17-4b0b-858b-0bb1b85057d5-groupManagement] INFO  server.RaftServerConfigKeys (ConfUtils.java:logGet(46)) - raft.server.log.force.sync.num = 128 (default)
2024-09-15 17:07:31,739 [61f1eb6c-dc17-4b0b-858b-0bb1b85057d5-groupManagement] INFO  server.RaftServerConfigKeys (ConfUtils.java:logGet(46)) - raft.server.log.statemachine.data.sync = true (default)
2024-09-15 17:07:31,739 [61f1eb6c-dc17-4b0b-858b-0bb1b85057d5-groupManagement] INFO  server.RaftServerConfigKeys (ConfUtils.java:logGet(46)) - raft.server.log.statemachine.data.sync.timeout = 10s (default)
2024-09-15 17:07:31,739 [61f1eb6c-dc17-4b0b-858b-0bb1b85057d5-groupManagement] INFO  server.RaftServerConfigKeys (ConfUtils.java:logGet(46)) - raft.server.log.statemachine.data.sync.timeout.retry = 30 (custom)
2024-09-15 17:07:31,740 [61f1eb6c-dc17-4b0b-858b-0bb1b85057d5-groupManagement] INFO  server.RaftServerConfigKeys (ConfUtils.java:logGet(46)) - raft.server.log.write.buffer.size = 33554440 (custom)
2024-09-15 17:07:31,746 [61f1eb6c-dc17-4b0b-858b-0bb1b85057d5-groupManagement] INFO  server.RaftServerConfigKeys (ConfUtils.java:logGet(46)) - raft.server.log.appender.buffer.byte-limit = 33554432 (custom)
2024-09-15 17:07:31,746 [61f1eb6c-dc17-4b0b-858b-0bb1b85057d5-groupManagement] INFO  server.RaftServerConfigKeys (ConfUtils.java:logGet(46)) - raft.server.log.unsafe-flush.enabled = false (default)
2024-09-15 17:07:31,746 [61f1eb6c-dc17-4b0b-858b-0bb1b85057d5-groupManagement] INFO  server.RaftServerConfigKeys (ConfUtils.java:logGet(46)) - raft.server.log.async-flush.enabled = false (default)
2024-09-15 17:07:31,746 [61f1eb6c-dc17-4b0b-858b-0bb1b85057d5-groupManagement] INFO  server.RaftServerConfigKeys (ConfUtils.java:logGet(46)) - raft.server.log.statemachine.data.caching.enabled = true (custom)
2024-09-15 17:07:31,746 [61f1eb6c-dc17-4b0b-858b-0bb1b85057d5-groupManagement] INFO  segmented.SegmentedRaftLogWorker (SegmentedRaftLogWorker.java:lambda$new$0(135)) - 61f1eb6c-dc17-4b0b-858b-0bb1b85057d5@group-9F891B4926A6-SegmentedRaftLogWorker: flushIndex: setUnconditionally 0 -> -1
2024-09-15 17:07:31,746 [61f1eb6c-dc17-4b0b-858b-0bb1b85057d5-groupManagement] INFO  segmented.SegmentedRaftLogWorker (SegmentedRaftLogWorker.java:lambda$new$0(135)) - 61f1eb6c-dc17-4b0b-858b-0bb1b85057d5@group-9F891B4926A6-SegmentedRaftLogWorker: safeCacheEvictIndex: setUnconditionally 0 -> -1
2024-09-15 17:07:31,746 [61f1eb6c-dc17-4b0b-858b-0bb1b85057d5-groupManagement] INFO  server.RaftServer$Division (RaftServerImpl.java:start(389)) - 61f1eb6c-dc17-4b0b-858b-0bb1b85057d5@group-9F891B4926A6: start as a follower, conf=conf: {index: -1, cur=peers:[62362ab0-30ae-49fa-a673-0da439c77b8d|127.0.0.1:15171, fdb1bdfc-cd38-46a5-a741-21faac0cf152|127.0.0.1:15189, 61f1eb6c-dc17-4b0b-858b-0bb1b85057d5|127.0.0.1:15180]|listeners:[], old=null}
2024-09-15 17:07:31,746 [61f1eb6c-dc17-4b0b-858b-0bb1b85057d5-groupManagement] INFO  server.RaftServer$Division (RaftServerImpl.java:setRole(376)) - 61f1eb6c-dc17-4b0b-858b-0bb1b85057d5@group-9F891B4926A6: changes role from      null to FOLLOWER at term 0 for startAsFollower
2024-09-15 17:07:31,747 [61f1eb6c-dc17-4b0b-858b-0bb1b85057d5-groupManagement] INFO  impl.RoleInfo (RoleInfo.java:updateAndGet(148)) - 61f1eb6c-dc17-4b0b-858b-0bb1b85057d5: start 61f1eb6c-dc17-4b0b-858b-0bb1b85057d5@group-9F891B4926A6-FollowerState
2024-09-15 17:07:31,747 [61f1eb6c-dc17-4b0b-858b-0bb1b85057d5-groupManagement] INFO  util.JmxRegister (JmxRegister.java:tryRegister(44)) - Successfully registered JMX Bean with object name Ratis:service=RaftServer,group=group-9F891B4926A6,id=61f1eb6c-dc17-4b0b-858b-0bb1b85057d5
2024-09-15 17:07:31,747 [61f1eb6c-dc17-4b0b-858b-0bb1b85057d5-groupManagement] INFO  util.JmxRegister (JmxRegister.java:register(58)) - register mxBean class org.apache.ratis.server.impl.RaftServerJmxAdapter as Ratis:service=RaftServer,group=group-9F891B4926A6,id=61f1eb6c-dc17-4b0b-858b-0bb1b85057d5
2024-09-15 17:07:31,747 [61f1eb6c-dc17-4b0b-858b-0bb1b85057d5-groupManagement] INFO  server.RaftServerConfigKeys (ConfUtils.java:logGet(46)) - raft.server.snapshot.trigger-when-stop.enabled = true (default)
2024-09-15 17:07:31,747 [61f1eb6c-dc17-4b0b-858b-0bb1b85057d5-groupManagement] INFO  server.RaftServerConfigKeys (ConfUtils.java:logGet(46)) - raft.server.snapshot.trigger-when-remove.enabled = true (default)
2024-09-15 17:07:31,747 [61f1eb6c-dc17-4b0b-858b-0bb1b85057d5-groupManagement] INFO  server.RaftServerConfigKeys (ConfUtils.java:logGet(46)) - raft.server.snapshot.auto.trigger.enabled = true (custom)
2024-09-15 17:07:31,747 [61f1eb6c-dc17-4b0b-858b-0bb1b85057d5@group-9F891B4926A6-FollowerState] INFO  server.RaftServerConfigKeys (ConfUtils.java:logFallback(53)) - raft.server.rpc.first-election.timeout.min = 5s (fallback to raft.server.rpc.timeout.min)
2024-09-15 17:07:31,747 [61f1eb6c-dc17-4b0b-858b-0bb1b85057d5-groupManagement] INFO  server.RaftServerConfigKeys (ConfUtils.java:logGet(46)) - raft.server.snapshot.auto.trigger.threshold = 10000 (custom)
2024-09-15 17:07:31,747 [61f1eb6c-dc17-4b0b-858b-0bb1b85057d5-groupManagement] INFO  server.RaftServerConfigKeys (ConfUtils.java:logGet(46)) - raft.server.snapshot.retention.file.num = 5 (custom)
2024-09-15 17:07:31,747 [61f1eb6c-dc17-4b0b-858b-0bb1b85057d5-groupManagement] INFO  server.RaftServerConfigKeys (ConfUtils.java:logGet(46)) - raft.server.log.purge.upto.snapshot.index = false (default)
2024-09-15 17:07:31,747 [61f1eb6c-dc17-4b0b-858b-0bb1b85057d5@group-9F891B4926A6-FollowerState] INFO  server.RaftServerConfigKeys (ConfUtils.java:logFallback(53)) - raft.server.rpc.first-election.timeout.max = 5200ms (fallback to raft.server.rpc.timeout.max)
2024-09-15 17:07:31,759 [grpc-default-executor-0] INFO  server.RaftServer (RaftServerProxy.java:addNew(101)) - fdb1bdfc-cd38-46a5-a741-21faac0cf152: addNew group-9F891B4926A6:[62362ab0-30ae-49fa-a673-0da439c77b8d|127.0.0.1:15171, fdb1bdfc-cd38-46a5-a741-21faac0cf152|127.0.0.1:15189, 61f1eb6c-dc17-4b0b-858b-0bb1b85057d5|127.0.0.1:15180] returns group-9F891B4926A6:java.util.concurrent.CompletableFuture@4d443c80[Not completed]
2024-09-15 17:07:31,760 [fdb1bdfc-cd38-46a5-a741-21faac0cf152-groupManagement] INFO  server.RaftServer$Division (RaftServerImpl.java:<init>(253)) - fdb1bdfc-cd38-46a5-a741-21faac0cf152: new RaftServerImpl for group-9F891B4926A6:[62362ab0-30ae-49fa-a673-0da439c77b8d|127.0.0.1:15171, fdb1bdfc-cd38-46a5-a741-21faac0cf152|127.0.0.1:15189, 61f1eb6c-dc17-4b0b-858b-0bb1b85057d5|127.0.0.1:15180] with ContainerStateMachine:uninitialized
2024-09-15 17:07:31,760 [fdb1bdfc-cd38-46a5-a741-21faac0cf152-groupManagement] INFO  server.RaftServerConfigKeys (ConfUtils.java:logGet(46)) - raft.server.rpc.timeout.min = 5s (custom)
2024-09-15 17:07:31,760 [fdb1bdfc-cd38-46a5-a741-21faac0cf152-groupManagement] INFO  server.RaftServerConfigKeys (ConfUtils.java:logGet(46)) - raft.server.rpc.timeout.max = 5200ms (custom)
2024-09-15 17:07:31,761 [fdb1bdfc-cd38-46a5-a741-21faac0cf152-groupManagement] INFO  server.RaftServerConfigKeys (ConfUtils.java:logGet(46)) - raft.server.rpc.sleep.time = 25ms (default)
2024-09-15 17:07:31,761 [fdb1bdfc-cd38-46a5-a741-21faac0cf152-groupManagement] INFO  server.RaftServerConfigKeys (ConfUtils.java:logGet(46)) - raft.server.rpc.slowness.timeout = 300000ms (custom)
2024-09-15 17:07:31,761 [fdb1bdfc-cd38-46a5-a741-21faac0cf152-groupManagement] INFO  server.RaftServerConfigKeys (ConfUtils.java:logGet(46)) - raft.server.leaderelection.leader.step-down.wait-time = 10s (default)
2024-09-15 17:07:31,761 [fdb1bdfc-cd38-46a5-a741-21faac0cf152-groupManagement] INFO  server.RaftServerConfigKeys (ConfUtils.java:logGet(46)) - raft.server.leaderelection.member.majority-add = false (default)
2024-09-15 17:07:31,761 [fdb1bdfc-cd38-46a5-a741-21faac0cf152-groupManagement] INFO  server.RaftServerConfigKeys (ConfUtils.java:logGet(46)) - raft.server.sleep.deviation.threshold = 300ms (default)
2024-09-15 17:07:31,761 [fdb1bdfc-cd38-46a5-a741-21faac0cf152-groupManagement] INFO  server.RaftServer$Division (ServerState.java:<init>(114)) - fdb1bdfc-cd38-46a5-a741-21faac0cf152@group-9F891B4926A6: ConfigurationManager, init=conf: {index: -1, cur=peers:[62362ab0-30ae-49fa-a673-0da439c77b8d|127.0.0.1:15171, fdb1bdfc-cd38-46a5-a741-21faac0cf152|127.0.0.1:15189, 61f1eb6c-dc17-4b0b-858b-0bb1b85057d5|127.0.0.1:15180]|listeners:[], old=null}, confs=<EMPTY_MAP>
2024-09-15 17:07:31,761 [fdb1bdfc-cd38-46a5-a741-21faac0cf152-groupManagement] INFO  server.RaftServerConfigKeys (ConfUtils.java:logGet(46)) - raft.server.notification.no-leader.timeout = 300000ms (custom)
2024-09-15 17:07:31,761 [fdb1bdfc-cd38-46a5-a741-21faac0cf152-groupManagement] INFO  server.RaftServerConfigKeys (ConfUtils.java:logGet(46)) - raft.server.read.timeout = 10s (default)
2024-09-15 17:07:31,761 [fdb1bdfc-cd38-46a5-a741-21faac0cf152-groupManagement] INFO  server.RaftServerConfigKeys (ConfUtils.java:logGet(46)) - raft.server.retrycache.expirytime = 600000ms (custom)
2024-09-15 17:07:31,761 [fdb1bdfc-cd38-46a5-a741-21faac0cf152-groupManagement] INFO  server.RaftServerConfigKeys (ConfUtils.java:logGet(46)) - raft.server.retrycache.statistics.expirytime = 100ms (default)
2024-09-15 17:07:31,761 [fdb1bdfc-cd38-46a5-a741-21faac0cf152-groupManagement] INFO  server.RaftServerConfigKeys (ConfUtils.java:logGet(46)) - raft.server.read.option = DEFAULT (default)
2024-09-15 17:07:31,761 [fdb1bdfc-cd38-46a5-a741-21faac0cf152-groupManagement] INFO  server.RaftServerConfigKeys (ConfUtils.java:logGet(46)) - raft.server.read.read-after-write-consistent.write-index-cache.expiry-time = 60s (default)
2024-09-15 17:07:31,763 [fdb1bdfc-cd38-46a5-a741-21faac0cf152-groupManagement] INFO  server.RaftServerConfigKeys (ConfUtils.java:logGet(46)) - raft.server.rpc.request.timeout = 3000ms (default)
2024-09-15 17:07:31,763 [fdb1bdfc-cd38-46a5-a741-21faac0cf152-groupManagement] INFO  server.RaftServerConfigKeys (ConfUtils.java:logGet(46)) - raft.server.log.appender.install.snapshot.enabled = false (custom)
2024-09-15 17:07:31,763 [fdb1bdfc-cd38-46a5-a741-21faac0cf152-groupManagement] INFO  server.RaftServerConfigKeys (ConfUtils.java:logGet(46)) - raft.server.threadpool.server.cached = true (default)
2024-09-15 17:07:31,763 [fdb1bdfc-cd38-46a5-a741-21faac0cf152-groupManagement] INFO  server.RaftServerConfigKeys (ConfUtils.java:logGet(46)) - raft.server.threadpool.server.size = 0 (default)
2024-09-15 17:07:31,763 [fdb1bdfc-cd38-46a5-a741-21faac0cf152-groupManagement] INFO  server.RaftServerConfigKeys (ConfUtils.java:logGet(46)) - raft.server.threadpool.client.cached = true (default)
2024-09-15 17:07:31,763 [fdb1bdfc-cd38-46a5-a741-21faac0cf152-groupManagement] INFO  server.RaftServerConfigKeys (ConfUtils.java:logGet(46)) - raft.server.threadpool.client.size = 0 (default)
2024-09-15 17:07:31,763 [fdb1bdfc-cd38-46a5-a741-21faac0cf152-groupManagement] INFO  server.RaftServerConfigKeys (ConfUtils.java:logGet(46)) - raft.server.storage.free-space.min = 0MB (=0) (default)
2024-09-15 17:07:31,763 [fdb1bdfc-cd38-46a5-a741-21faac0cf152-groupManagement] INFO  server.RaftServerConfigKeys (ConfUtils.java:logGet(46)) - raft.server.log.corruption.policy = EXCEPTION (default)
2024-09-15 17:07:31,763 [fdb1bdfc-cd38-46a5-a741-21faac0cf152-groupManagement] INFO  server.RaftServerConfigKeys (ConfUtils.java:logGet(46)) - raft.server.storage.dir = [/home/runner/work/ozone/ozone/hadoop-ozone/integration-test/target/test-dir/MiniOzoneClusterImpl-eca91e6c-a84b-4041-8679-4afba91b5587/ozone-meta/datanode-3/ratis] (custom)
2024-09-15 17:07:31,763 [fdb1bdfc-cd38-46a5-a741-21faac0cf152-groupManagement] INFO  storage.RaftStorageDirectory (RaftStorageDirectoryImpl.java:analyzeStorage(138)) - The storage directory /home/runner/work/ozone/ozone/hadoop-ozone/integration-test/target/test-dir/MiniOzoneClusterImpl-eca91e6c-a84b-4041-8679-4afba91b5587/ozone-meta/datanode-3/ratis/ffe936e1-90b0-46c0-bf1c-9f891b4926a6 does not exist. Creating ...
2024-09-15 17:07:31,764 [fdb1bdfc-cd38-46a5-a741-21faac0cf152-groupManagement] INFO  storage.RaftStorageDirectory (RaftStorageDirectoryImpl.java:tryLock(229)) - Lock on /home/runner/work/ozone/ozone/hadoop-ozone/integration-test/target/test-dir/MiniOzoneClusterImpl-eca91e6c-a84b-4041-8679-4afba91b5587/ozone-meta/datanode-3/ratis/ffe936e1-90b0-46c0-bf1c-9f891b4926a6/in_use.lock acquired by nodename 77088@fv-az886-12
2024-09-15 17:07:31,765 [fdb1bdfc-cd38-46a5-a741-21faac0cf152-groupManagement] INFO  storage.RaftStorage (RaftStorageImpl.java:format(98)) - Storage directory /home/runner/work/ozone/ozone/hadoop-ozone/integration-test/target/test-dir/MiniOzoneClusterImpl-eca91e6c-a84b-4041-8679-4afba91b5587/ozone-meta/datanode-3/ratis/ffe936e1-90b0-46c0-bf1c-9f891b4926a6 has been successfully formatted.
2024-09-15 17:07:31,766 [fdb1bdfc-cd38-46a5-a741-21faac0cf152-groupManagement] INFO  ratis.ContainerStateMachine (ContainerStateMachine.java:loadSnapshot(295)) - group-9F891B4926A6: The snapshot info is null. Setting the last applied index to:(t:0, i:~)
2024-09-15 17:07:31,766 [fdb1bdfc-cd38-46a5-a741-21faac0cf152-groupManagement] INFO  server.RaftServerConfigKeys (ConfUtils.java:logGet(46)) - raft.server.log.use.memory = false (default)
2024-09-15 17:07:31,766 [fdb1bdfc-cd38-46a5-a741-21faac0cf152-groupManagement] INFO  server.RaftServerConfigKeys (ConfUtils.java:logGet(46)) - raft.server.log.purge.gap = 1000000 (custom)
2024-09-15 17:07:31,767 [fdb1bdfc-cd38-46a5-a741-21faac0cf152-groupManagement] INFO  server.RaftServerConfigKeys (ConfUtils.java:logGet(46)) - raft.server.log.appender.buffer.byte-limit = 33554432 (custom)
2024-09-15 17:07:31,767 [fdb1bdfc-cd38-46a5-a741-21faac0cf152-groupManagement] INFO  server.RaftServerConfigKeys (ConfUtils.java:logGet(46)) - raft.server.log.statemachine.data.read.timeout = 1000ms (default)
2024-09-15 17:07:31,767 [fdb1bdfc-cd38-46a5-a741-21faac0cf152-groupManagement] INFO  server.RaftServerConfigKeys (ConfUtils.java:logGet(46)) - raft.server.log.purge.preservation.log.num = 0 (default)
2024-09-15 17:07:31,767 [fdb1bdfc-cd38-46a5-a741-21faac0cf152-groupManagement] INFO  server.RaftServerConfigKeys (ConfUtils.java:logGet(46)) - raft.server.log.segment.size.max = 67108864 (custom)
2024-09-15 17:07:31,767 [fdb1bdfc-cd38-46a5-a741-21faac0cf152-groupManagement] INFO  server.RaftServerConfigKeys (ConfUtils.java:logGet(46)) - raft.server.log.segment.cache.num.max = 2 (custom)
2024-09-15 17:07:31,767 [fdb1bdfc-cd38-46a5-a741-21faac0cf152-groupManagement] INFO  server.RaftServerConfigKeys (ConfUtils.java:logGet(46)) - raft.server.log.segment.cache.size.max = 200MB (=209715200) (default)
2024-09-15 17:07:31,767 [fdb1bdfc-cd38-46a5-a741-21faac0cf152-groupManagement] INFO  server.RaftServerConfigKeys (ConfUtils.java:logGet(46)) - raft.server.log.appender.buffer.byte-limit = 33554432 (custom)
2024-09-15 17:07:31,768 [fdb1bdfc-cd38-46a5-a741-21faac0cf152-groupManagement] INFO  util.AwaitToRun (AwaitToRun.java:start(81)) - Thread[fdb1bdfc-cd38-46a5-a741-21faac0cf152@group-9F891B4926A6-cacheEviction-AwaitToRun,5,main] started
2024-09-15 17:07:31,768 [fdb1bdfc-cd38-46a5-a741-21faac0cf152-groupManagement] INFO  segmented.SegmentedRaftLogWorker (SegmentedRaftLogWorker.java:<init>(184)) - new fdb1bdfc-cd38-46a5-a741-21faac0cf152@group-9F891B4926A6-SegmentedRaftLogWorker for RaftStorageImpl:Storage Directory /home/runner/work/ozone/ozone/hadoop-ozone/integration-test/target/test-dir/MiniOzoneClusterImpl-eca91e6c-a84b-4041-8679-4afba91b5587/ozone-meta/datanode-3/ratis/ffe936e1-90b0-46c0-bf1c-9f891b4926a6
2024-09-15 17:07:31,768 [fdb1bdfc-cd38-46a5-a741-21faac0cf152-groupManagement] INFO  server.RaftServerConfigKeys (ConfUtils.java:logGet(46)) - raft.server.log.queue.byte-limit = 4294967296 (custom)
2024-09-15 17:07:31,768 [fdb1bdfc-cd38-46a5-a741-21faac0cf152-groupManagement] INFO  server.RaftServerConfigKeys (ConfUtils.java:logGet(46)) - raft.server.log.queue.element-limit = 1024 (custom)
2024-09-15 17:07:31,768 [fdb1bdfc-cd38-46a5-a741-21faac0cf152-groupManagement] INFO  server.RaftServerConfigKeys (ConfUtils.java:logGet(46)) - raft.server.log.segment.size.max = 67108864 (custom)
2024-09-15 17:07:31,768 [fdb1bdfc-cd38-46a5-a741-21faac0cf152-groupManagement] INFO  server.RaftServerConfigKeys (ConfUtils.java:logGet(46)) - raft.server.log.preallocated.size = 4194304 (custom)
2024-09-15 17:07:31,768 [fdb1bdfc-cd38-46a5-a741-21faac0cf152-groupManagement] INFO  server.RaftServerConfigKeys (ConfUtils.java:logGet(46)) - raft.server.log.force.sync.num = 128 (default)
2024-09-15 17:07:31,768 [fdb1bdfc-cd38-46a5-a741-21faac0cf152-groupManagement] INFO  server.RaftServerConfigKeys (ConfUtils.java:logGet(46)) - raft.server.log.statemachine.data.sync = true (default)
2024-09-15 17:07:31,768 [fdb1bdfc-cd38-46a5-a741-21faac0cf152-groupManagement] INFO  server.RaftServerConfigKeys (ConfUtils.java:logGet(46)) - raft.server.log.statemachine.data.sync.timeout = 10s (default)
2024-09-15 17:07:31,768 [fdb1bdfc-cd38-46a5-a741-21faac0cf152-groupManagement] INFO  server.RaftServerConfigKeys (ConfUtils.java:logGet(46)) - raft.server.log.statemachine.data.sync.timeout.retry = 30 (custom)
2024-09-15 17:07:31,768 [fdb1bdfc-cd38-46a5-a741-21faac0cf152-groupManagement] INFO  server.RaftServerConfigKeys (ConfUtils.java:logGet(46)) - raft.server.log.write.buffer.size = 33554440 (custom)
2024-09-15 17:07:31,772 [fdb1bdfc-cd38-46a5-a741-21faac0cf152-groupManagement] INFO  server.RaftServerConfigKeys (ConfUtils.java:logGet(46)) - raft.server.log.appender.buffer.byte-limit = 33554432 (custom)
2024-09-15 17:07:31,772 [fdb1bdfc-cd38-46a5-a741-21faac0cf152-groupManagement] INFO  server.RaftServerConfigKeys (ConfUtils.java:logGet(46)) - raft.server.log.unsafe-flush.enabled = false (default)
2024-09-15 17:07:31,772 [fdb1bdfc-cd38-46a5-a741-21faac0cf152-groupManagement] INFO  server.RaftServerConfigKeys (ConfUtils.java:logGet(46)) - raft.server.log.async-flush.enabled = false (default)
2024-09-15 17:07:31,772 [fdb1bdfc-cd38-46a5-a741-21faac0cf152-groupManagement] INFO  server.RaftServerConfigKeys (ConfUtils.java:logGet(46)) - raft.server.log.statemachine.data.caching.enabled = true (custom)
2024-09-15 17:07:31,772 [fdb1bdfc-cd38-46a5-a741-21faac0cf152-groupManagement] INFO  segmented.SegmentedRaftLogWorker (SegmentedRaftLogWorker.java:lambda$new$0(135)) - fdb1bdfc-cd38-46a5-a741-21faac0cf152@group-9F891B4926A6-SegmentedRaftLogWorker: flushIndex: setUnconditionally 0 -> -1
2024-09-15 17:07:31,772 [fdb1bdfc-cd38-46a5-a741-21faac0cf152-groupManagement] INFO  segmented.SegmentedRaftLogWorker (SegmentedRaftLogWorker.java:lambda$new$0(135)) - fdb1bdfc-cd38-46a5-a741-21faac0cf152@group-9F891B4926A6-SegmentedRaftLogWorker: safeCacheEvictIndex: setUnconditionally 0 -> -1
2024-09-15 17:07:31,773 [fdb1bdfc-cd38-46a5-a741-21faac0cf152-groupManagement] INFO  server.RaftServer$Division (RaftServerImpl.java:start(389)) - fdb1bdfc-cd38-46a5-a741-21faac0cf152@group-9F891B4926A6: start as a follower, conf=conf: {index: -1, cur=peers:[62362ab0-30ae-49fa-a673-0da439c77b8d|127.0.0.1:15171, fdb1bdfc-cd38-46a5-a741-21faac0cf152|127.0.0.1:15189, 61f1eb6c-dc17-4b0b-858b-0bb1b85057d5|127.0.0.1:15180]|listeners:[], old=null}
2024-09-15 17:07:31,773 [fdb1bdfc-cd38-46a5-a741-21faac0cf152-groupManagement] INFO  server.RaftServer$Division (RaftServerImpl.java:setRole(376)) - fdb1bdfc-cd38-46a5-a741-21faac0cf152@group-9F891B4926A6: changes role from      null to FOLLOWER at term 0 for startAsFollower
2024-09-15 17:07:31,773 [fdb1bdfc-cd38-46a5-a741-21faac0cf152-groupManagement] INFO  impl.RoleInfo (RoleInfo.java:updateAndGet(148)) - fdb1bdfc-cd38-46a5-a741-21faac0cf152: start fdb1bdfc-cd38-46a5-a741-21faac0cf152@group-9F891B4926A6-FollowerState
2024-09-15 17:07:31,773 [fdb1bdfc-cd38-46a5-a741-21faac0cf152@group-9F891B4926A6-FollowerState] INFO  server.RaftServerConfigKeys (ConfUtils.java:logFallback(53)) - raft.server.rpc.first-election.timeout.min = 5s (fallback to raft.server.rpc.timeout.min)
2024-09-15 17:07:31,773 [fdb1bdfc-cd38-46a5-a741-21faac0cf152-groupManagement] INFO  util.JmxRegister (JmxRegister.java:tryRegister(44)) - Successfully registered JMX Bean with object name Ratis:service=RaftServer,group=group-9F891B4926A6,id=fdb1bdfc-cd38-46a5-a741-21faac0cf152
2024-09-15 17:07:31,773 [fdb1bdfc-cd38-46a5-a741-21faac0cf152-groupManagement] INFO  util.JmxRegister (JmxRegister.java:register(58)) - register mxBean class org.apache.ratis.server.impl.RaftServerJmxAdapter as Ratis:service=RaftServer,group=group-9F891B4926A6,id=fdb1bdfc-cd38-46a5-a741-21faac0cf152
2024-09-15 17:07:31,773 [fdb1bdfc-cd38-46a5-a741-21faac0cf152-groupManagement] INFO  server.RaftServerConfigKeys (ConfUtils.java:logGet(46)) - raft.server.snapshot.trigger-when-stop.enabled = true (default)
2024-09-15 17:07:31,773 [fdb1bdfc-cd38-46a5-a741-21faac0cf152@group-9F891B4926A6-FollowerState] INFO  server.RaftServerConfigKeys (ConfUtils.java:logFallback(53)) - raft.server.rpc.first-election.timeout.max = 5200ms (fallback to raft.server.rpc.timeout.max)
2024-09-15 17:07:31,773 [fdb1bdfc-cd38-46a5-a741-21faac0cf152-groupManagement] INFO  server.RaftServerConfigKeys (ConfUtils.java:logGet(46)) - raft.server.snapshot.trigger-when-remove.enabled = true (default)
2024-09-15 17:07:31,773 [fdb1bdfc-cd38-46a5-a741-21faac0cf152-groupManagement] INFO  server.RaftServerConfigKeys (ConfUtils.java:logGet(46)) - raft.server.snapshot.auto.trigger.enabled = true (custom)
2024-09-15 17:07:31,773 [fdb1bdfc-cd38-46a5-a741-21faac0cf152-groupManagement] INFO  server.RaftServerConfigKeys (ConfUtils.java:logGet(46)) - raft.server.snapshot.auto.trigger.threshold = 10000 (custom)
2024-09-15 17:07:31,773 [fdb1bdfc-cd38-46a5-a741-21faac0cf152-groupManagement] INFO  server.RaftServerConfigKeys (ConfUtils.java:logGet(46)) - raft.server.snapshot.retention.file.num = 5 (custom)
2024-09-15 17:07:31,773 [fdb1bdfc-cd38-46a5-a741-21faac0cf152-groupManagement] INFO  server.RaftServerConfigKeys (ConfUtils.java:logGet(46)) - raft.server.log.purge.upto.snapshot.index = false (default)
2024-09-15 17:07:31,776 [62362ab0-30ae-49fa-a673-0da439c77b8d-PipelineCommandHandlerThread-0] INFO  commandhandler.CreatePipelineCommandHandler (CreatePipelineCommandHandler.java:lambda$handle$2(124)) - Created Pipeline RATIS THREE PipelineID=ffe936e1-90b0-46c0-bf1c-9f891b4926a6.
2024-09-15 17:07:31,776 [62362ab0-30ae-49fa-a673-0da439c77b8d-PipelineCommandHandlerThread-0] INFO  server.RaftServer (RaftServerProxy.java:addNew(101)) - 62362ab0-30ae-49fa-a673-0da439c77b8d: addNew group-4522AB183087:[62362ab0-30ae-49fa-a673-0da439c77b8d|127.0.0.1:15171, fdb1bdfc-cd38-46a5-a741-21faac0cf152|127.0.0.1:15189, 61f1eb6c-dc17-4b0b-858b-0bb1b85057d5|127.0.0.1:15180] returns group-4522AB183087:java.util.concurrent.CompletableFuture@79ea5c06[Not completed]
2024-09-15 17:07:31,777 [62362ab0-30ae-49fa-a673-0da439c77b8d-groupManagement] INFO  server.RaftServer$Division (RaftServerImpl.java:<init>(253)) - 62362ab0-30ae-49fa-a673-0da439c77b8d: new RaftServerImpl for group-4522AB183087:[62362ab0-30ae-49fa-a673-0da439c77b8d|127.0.0.1:15171, fdb1bdfc-cd38-46a5-a741-21faac0cf152|127.0.0.1:15189, 61f1eb6c-dc17-4b0b-858b-0bb1b85057d5|127.0.0.1:15180] with ContainerStateMachine:uninitialized
2024-09-15 17:07:31,777 [62362ab0-30ae-49fa-a673-0da439c77b8d-groupManagement] INFO  server.RaftServerConfigKeys (ConfUtils.java:logGet(46)) - raft.server.rpc.timeout.min = 5s (custom)
2024-09-15 17:07:31,777 [62362ab0-30ae-49fa-a673-0da439c77b8d-groupManagement] INFO  server.RaftServerConfigKeys (ConfUtils.java:logGet(46)) - raft.server.rpc.timeout.max = 5200ms (custom)
2024-09-15 17:07:31,777 [62362ab0-30ae-49fa-a673-0da439c77b8d-groupManagement] INFO  server.RaftServerConfigKeys (ConfUtils.java:logGet(46)) - raft.server.rpc.sleep.time = 25ms (default)
2024-09-15 17:07:31,777 [62362ab0-30ae-49fa-a673-0da439c77b8d-groupManagement] INFO  server.RaftServerConfigKeys (ConfUtils.java:logGet(46)) - raft.server.rpc.slowness.timeout = 300000ms (custom)
2024-09-15 17:07:31,777 [62362ab0-30ae-49fa-a673-0da439c77b8d-groupManagement] INFO  server.RaftServerConfigKeys (ConfUtils.java:logGet(46)) - raft.server.leaderelection.leader.step-down.wait-time = 10s (default)
2024-09-15 17:07:31,777 [62362ab0-30ae-49fa-a673-0da439c77b8d-groupManagement] INFO  server.RaftServerConfigKeys (ConfUtils.java:logGet(46)) - raft.server.leaderelection.member.majority-add = false (default)
2024-09-15 17:07:31,777 [62362ab0-30ae-49fa-a673-0da439c77b8d-groupManagement] INFO  server.RaftServerConfigKeys (ConfUtils.java:logGet(46)) - raft.server.sleep.deviation.threshold = 300ms (default)
2024-09-15 17:07:31,777 [62362ab0-30ae-49fa-a673-0da439c77b8d-groupManagement] INFO  server.RaftServer$Division (ServerState.java:<init>(114)) - 62362ab0-30ae-49fa-a673-0da439c77b8d@group-4522AB183087: ConfigurationManager, init=conf: {index: -1, cur=peers:[62362ab0-30ae-49fa-a673-0da439c77b8d|127.0.0.1:15171, fdb1bdfc-cd38-46a5-a741-21faac0cf152|127.0.0.1:15189, 61f1eb6c-dc17-4b0b-858b-0bb1b85057d5|127.0.0.1:15180]|listeners:[], old=null}, confs=<EMPTY_MAP>
2024-09-15 17:07:31,778 [62362ab0-30ae-49fa-a673-0da439c77b8d-groupManagement] INFO  server.RaftServerConfigKeys (ConfUtils.java:logGet(46)) - raft.server.notification.no-leader.timeout = 300000ms (custom)
2024-09-15 17:07:31,778 [62362ab0-30ae-49fa-a673-0da439c77b8d-groupManagement] INFO  server.RaftServerConfigKeys (ConfUtils.java:logGet(46)) - raft.server.read.timeout = 10s (default)
2024-09-15 17:07:31,778 [62362ab0-30ae-49fa-a673-0da439c77b8d-groupManagement] INFO  server.RaftServerConfigKeys (ConfUtils.java:logGet(46)) - raft.server.retrycache.expirytime = 600000ms (custom)
2024-09-15 17:07:31,778 [62362ab0-30ae-49fa-a673-0da439c77b8d-groupManagement] INFO  server.RaftServerConfigKeys (ConfUtils.java:logGet(46)) - raft.server.retrycache.statistics.expirytime = 100ms (default)
2024-09-15 17:07:31,778 [62362ab0-30ae-49fa-a673-0da439c77b8d-groupManagement] INFO  server.RaftServerConfigKeys (ConfUtils.java:logGet(46)) - raft.server.read.option = DEFAULT (default)
2024-09-15 17:07:31,778 [62362ab0-30ae-49fa-a673-0da439c77b8d-groupManagement] INFO  server.RaftServerConfigKeys (ConfUtils.java:logGet(46)) - raft.server.read.read-after-write-consistent.write-index-cache.expiry-time = 60s (default)
2024-09-15 17:07:31,780 [62362ab0-30ae-49fa-a673-0da439c77b8d-groupManagement] INFO  server.RaftServerConfigKeys (ConfUtils.java:logGet(46)) - raft.server.rpc.request.timeout = 3000ms (default)
2024-09-15 17:07:31,780 [62362ab0-30ae-49fa-a673-0da439c77b8d-groupManagement] INFO  server.RaftServerConfigKeys (ConfUtils.java:logGet(46)) - raft.server.log.appender.install.snapshot.enabled = false (custom)
2024-09-15 17:07:31,780 [62362ab0-30ae-49fa-a673-0da439c77b8d-groupManagement] INFO  server.RaftServerConfigKeys (ConfUtils.java:logGet(46)) - raft.server.threadpool.server.cached = true (default)
2024-09-15 17:07:31,781 [62362ab0-30ae-49fa-a673-0da439c77b8d-groupManagement] INFO  server.RaftServerConfigKeys (ConfUtils.java:logGet(46)) - raft.server.threadpool.server.size = 0 (default)
2024-09-15 17:07:31,781 [62362ab0-30ae-49fa-a673-0da439c77b8d-groupManagement] INFO  server.RaftServerConfigKeys (ConfUtils.java:logGet(46)) - raft.server.threadpool.client.cached = true (default)
2024-09-15 17:07:31,781 [62362ab0-30ae-49fa-a673-0da439c77b8d-groupManagement] INFO  server.RaftServerConfigKeys (ConfUtils.java:logGet(46)) - raft.server.threadpool.client.size = 0 (default)
2024-09-15 17:07:31,781 [62362ab0-30ae-49fa-a673-0da439c77b8d-groupManagement] INFO  server.RaftServerConfigKeys (ConfUtils.java:logGet(46)) - raft.server.storage.free-space.min = 0MB (=0) (default)
2024-09-15 17:07:31,781 [62362ab0-30ae-49fa-a673-0da439c77b8d-groupManagement] INFO  server.RaftServerConfigKeys (ConfUtils.java:logGet(46)) - raft.server.log.corruption.policy = EXCEPTION (default)
2024-09-15 17:07:31,781 [62362ab0-30ae-49fa-a673-0da439c77b8d-groupManagement] INFO  server.RaftServerConfigKeys (ConfUtils.java:logGet(46)) - raft.server.storage.dir = [/home/runner/work/ozone/ozone/hadoop-ozone/integration-test/target/test-dir/MiniOzoneClusterImpl-eca91e6c-a84b-4041-8679-4afba91b5587/ozone-meta/datanode-1/ratis] (custom)
2024-09-15 17:07:31,781 [62362ab0-30ae-49fa-a673-0da439c77b8d-groupManagement] INFO  storage.RaftStorageDirectory (RaftStorageDirectoryImpl.java:analyzeStorage(138)) - The storage directory /home/runner/work/ozone/ozone/hadoop-ozone/integration-test/target/test-dir/MiniOzoneClusterImpl-eca91e6c-a84b-4041-8679-4afba91b5587/ozone-meta/datanode-1/ratis/c8c705c7-4182-4f71-bc0b-4522ab183087 does not exist. Creating ...
2024-09-15 17:07:31,782 [62362ab0-30ae-49fa-a673-0da439c77b8d-groupManagement] INFO  storage.RaftStorageDirectory (RaftStorageDirectoryImpl.java:tryLock(229)) - Lock on /home/runner/work/ozone/ozone/hadoop-ozone/integration-test/target/test-dir/MiniOzoneClusterImpl-eca91e6c-a84b-4041-8679-4afba91b5587/ozone-meta/datanode-1/ratis/c8c705c7-4182-4f71-bc0b-4522ab183087/in_use.lock acquired by nodename 77088@fv-az886-12
2024-09-15 17:07:31,784 [62362ab0-30ae-49fa-a673-0da439c77b8d-groupManagement] INFO  storage.RaftStorage (RaftStorageImpl.java:format(98)) - Storage directory /home/runner/work/ozone/ozone/hadoop-ozone/integration-test/target/test-dir/MiniOzoneClusterImpl-eca91e6c-a84b-4041-8679-4afba91b5587/ozone-meta/datanode-1/ratis/c8c705c7-4182-4f71-bc0b-4522ab183087 has been successfully formatted.
2024-09-15 17:07:31,784 [62362ab0-30ae-49fa-a673-0da439c77b8d-groupManagement] INFO  ratis.ContainerStateMachine (ContainerStateMachine.java:loadSnapshot(295)) - group-4522AB183087: The snapshot info is null. Setting the last applied index to:(t:0, i:~)
2024-09-15 17:07:31,784 [62362ab0-30ae-49fa-a673-0da439c77b8d-groupManagement] INFO  server.RaftServerConfigKeys (ConfUtils.java:logGet(46)) - raft.server.log.use.memory = false (default)
2024-09-15 17:07:31,785 [EventQueue-OpenPipelineForHealthyPipelineSafeModeRule] INFO  safemode.SCMSafeModeManager (HealthyPipelineSafeModeRule.java:process(140)) - SCM in safe mode. Healthy pipelines reported count is 0, required healthy pipeline reported count is 1
2024-09-15 17:07:31,785 [62362ab0-30ae-49fa-a673-0da439c77b8d-groupManagement] INFO  server.RaftServerConfigKeys (ConfUtils.java:logGet(46)) - raft.server.log.purge.gap = 1000000 (custom)
2024-09-15 17:07:31,785 [62362ab0-30ae-49fa-a673-0da439c77b8d-groupManagement] INFO  server.RaftServerConfigKeys (ConfUtils.java:logGet(46)) - raft.server.log.appender.buffer.byte-limit = 33554432 (custom)
2024-09-15 17:07:31,785 [62362ab0-30ae-49fa-a673-0da439c77b8d-groupManagement] INFO  server.RaftServerConfigKeys (ConfUtils.java:logGet(46)) - raft.server.log.statemachine.data.read.timeout = 1000ms (default)
2024-09-15 17:07:31,785 [62362ab0-30ae-49fa-a673-0da439c77b8d-groupManagement] INFO  server.RaftServerConfigKeys (ConfUtils.java:logGet(46)) - raft.server.log.purge.preservation.log.num = 0 (default)
2024-09-15 17:07:31,786 [62362ab0-30ae-49fa-a673-0da439c77b8d-groupManagement] INFO  server.RaftServerConfigKeys (ConfUtils.java:logGet(46)) - raft.server.log.segment.size.max = 67108864 (custom)
2024-09-15 17:07:31,786 [62362ab0-30ae-49fa-a673-0da439c77b8d-groupManagement] INFO  server.RaftServerConfigKeys (ConfUtils.java:logGet(46)) - raft.server.log.segment.cache.num.max = 2 (custom)
2024-09-15 17:07:31,786 [62362ab0-30ae-49fa-a673-0da439c77b8d-groupManagement] INFO  server.RaftServerConfigKeys (ConfUtils.java:logGet(46)) - raft.server.log.segment.cache.size.max = 200MB (=209715200) (default)
2024-09-15 17:07:31,786 [62362ab0-30ae-49fa-a673-0da439c77b8d-groupManagement] INFO  server.RaftServerConfigKeys (ConfUtils.java:logGet(46)) - raft.server.log.appender.buffer.byte-limit = 33554432 (custom)
2024-09-15 17:07:31,787 [62362ab0-30ae-49fa-a673-0da439c77b8d-groupManagement] INFO  util.AwaitToRun (AwaitToRun.java:start(81)) - Thread[62362ab0-30ae-49fa-a673-0da439c77b8d@group-4522AB183087-cacheEviction-AwaitToRun,5,main] started
2024-09-15 17:07:31,787 [62362ab0-30ae-49fa-a673-0da439c77b8d-groupManagement] INFO  segmented.SegmentedRaftLogWorker (SegmentedRaftLogWorker.java:<init>(184)) - new 62362ab0-30ae-49fa-a673-0da439c77b8d@group-4522AB183087-SegmentedRaftLogWorker for RaftStorageImpl:Storage Directory /home/runner/work/ozone/ozone/hadoop-ozone/integration-test/target/test-dir/MiniOzoneClusterImpl-eca91e6c-a84b-4041-8679-4afba91b5587/ozone-meta/datanode-1/ratis/c8c705c7-4182-4f71-bc0b-4522ab183087
2024-09-15 17:07:31,787 [62362ab0-30ae-49fa-a673-0da439c77b8d-groupManagement] INFO  server.RaftServerConfigKeys (ConfUtils.java:logGet(46)) - raft.server.log.queue.byte-limit = 4294967296 (custom)
2024-09-15 17:07:31,787 [62362ab0-30ae-49fa-a673-0da439c77b8d-groupManagement] INFO  server.RaftServerConfigKeys (ConfUtils.java:logGet(46)) - raft.server.log.queue.element-limit = 1024 (custom)
2024-09-15 17:07:31,787 [62362ab0-30ae-49fa-a673-0da439c77b8d-groupManagement] INFO  server.RaftServerConfigKeys (ConfUtils.java:logGet(46)) - raft.server.log.segment.size.max = 67108864 (custom)
2024-09-15 17:07:31,787 [62362ab0-30ae-49fa-a673-0da439c77b8d-groupManagement] INFO  server.RaftServerConfigKeys (ConfUtils.java:logGet(46)) - raft.server.log.preallocated.size = 4194304 (custom)
2024-09-15 17:07:31,787 [62362ab0-30ae-49fa-a673-0da439c77b8d-groupManagement] INFO  server.RaftServerConfigKeys (ConfUtils.java:logGet(46)) - raft.server.log.force.sync.num = 128 (default)
2024-09-15 17:07:31,787 [62362ab0-30ae-49fa-a673-0da439c77b8d-groupManagement] INFO  server.RaftServerConfigKeys (ConfUtils.java:logGet(46)) - raft.server.log.statemachine.data.sync = true (default)
2024-09-15 17:07:31,787 [62362ab0-30ae-49fa-a673-0da439c77b8d-groupManagement] INFO  server.RaftServerConfigKeys (ConfUtils.java:logGet(46)) - raft.server.log.statemachine.data.sync.timeout = 10s (default)
2024-09-15 17:07:31,787 [62362ab0-30ae-49fa-a673-0da439c77b8d-groupManagement] INFO  server.RaftServerConfigKeys (ConfUtils.java:logGet(46)) - raft.server.log.statemachine.data.sync.timeout.retry = 30 (custom)
2024-09-15 17:07:31,787 [62362ab0-30ae-49fa-a673-0da439c77b8d-groupManagement] INFO  server.RaftServerConfigKeys (ConfUtils.java:logGet(46)) - raft.server.log.write.buffer.size = 33554440 (custom)
2024-09-15 17:07:31,792 [62362ab0-30ae-49fa-a673-0da439c77b8d-groupManagement] INFO  server.RaftServerConfigKeys (ConfUtils.java:logGet(46)) - raft.server.log.appender.buffer.byte-limit = 33554432 (custom)
2024-09-15 17:07:31,792 [62362ab0-30ae-49fa-a673-0da439c77b8d-groupManagement] INFO  server.RaftServerConfigKeys (ConfUtils.java:logGet(46)) - raft.server.log.unsafe-flush.enabled = false (default)
2024-09-15 17:07:31,792 [62362ab0-30ae-49fa-a673-0da439c77b8d-groupManagement] INFO  server.RaftServerConfigKeys (ConfUtils.java:logGet(46)) - raft.server.log.async-flush.enabled = false (default)
2024-09-15 17:07:31,792 [62362ab0-30ae-49fa-a673-0da439c77b8d-groupManagement] INFO  server.RaftServerConfigKeys (ConfUtils.java:logGet(46)) - raft.server.log.statemachine.data.caching.enabled = true (custom)
2024-09-15 17:07:31,793 [62362ab0-30ae-49fa-a673-0da439c77b8d-groupManagement] INFO  segmented.SegmentedRaftLogWorker (SegmentedRaftLogWorker.java:lambda$new$0(135)) - 62362ab0-30ae-49fa-a673-0da439c77b8d@group-4522AB183087-SegmentedRaftLogWorker: flushIndex: setUnconditionally 0 -> -1
2024-09-15 17:07:31,793 [62362ab0-30ae-49fa-a673-0da439c77b8d-groupManagement] INFO  segmented.SegmentedRaftLogWorker (SegmentedRaftLogWorker.java:lambda$new$0(135)) - 62362ab0-30ae-49fa-a673-0da439c77b8d@group-4522AB183087-SegmentedRaftLogWorker: safeCacheEvictIndex: setUnconditionally 0 -> -1
2024-09-15 17:07:31,793 [62362ab0-30ae-49fa-a673-0da439c77b8d-groupManagement] INFO  server.RaftServer$Division (RaftServerImpl.java:start(389)) - 62362ab0-30ae-49fa-a673-0da439c77b8d@group-4522AB183087: start as a follower, conf=conf: {index: -1, cur=peers:[62362ab0-30ae-49fa-a673-0da439c77b8d|127.0.0.1:15171, fdb1bdfc-cd38-46a5-a741-21faac0cf152|127.0.0.1:15189, 61f1eb6c-dc17-4b0b-858b-0bb1b85057d5|127.0.0.1:15180]|listeners:[], old=null}
2024-09-15 17:07:31,793 [62362ab0-30ae-49fa-a673-0da439c77b8d-groupManagement] INFO  server.RaftServer$Division (RaftServerImpl.java:setRole(376)) - 62362ab0-30ae-49fa-a673-0da439c77b8d@group-4522AB183087: changes role from      null to FOLLOWER at term 0 for startAsFollower
2024-09-15 17:07:31,793 [62362ab0-30ae-49fa-a673-0da439c77b8d-groupManagement] INFO  impl.RoleInfo (RoleInfo.java:updateAndGet(148)) - 62362ab0-30ae-49fa-a673-0da439c77b8d: start 62362ab0-30ae-49fa-a673-0da439c77b8d@group-4522AB183087-FollowerState
2024-09-15 17:07:31,793 [62362ab0-30ae-49fa-a673-0da439c77b8d@group-4522AB183087-FollowerState] INFO  server.RaftServerConfigKeys (ConfUtils.java:logFallback(53)) - raft.server.rpc.first-election.timeout.min = 5s (fallback to raft.server.rpc.timeout.min)
2024-09-15 17:07:31,793 [62362ab0-30ae-49fa-a673-0da439c77b8d-groupManagement] INFO  util.JmxRegister (JmxRegister.java:tryRegister(44)) - Successfully registered JMX Bean with object name Ratis:service=RaftServer,group=group-4522AB183087,id=62362ab0-30ae-49fa-a673-0da439c77b8d
2024-09-15 17:07:31,793 [62362ab0-30ae-49fa-a673-0da439c77b8d-groupManagement] INFO  util.JmxRegister (JmxRegister.java:register(58)) - register mxBean class org.apache.ratis.server.impl.RaftServerJmxAdapter as Ratis:service=RaftServer,group=group-4522AB183087,id=62362ab0-30ae-49fa-a673-0da439c77b8d
2024-09-15 17:07:31,793 [62362ab0-30ae-49fa-a673-0da439c77b8d-groupManagement] INFO  server.RaftServerConfigKeys (ConfUtils.java:logGet(46)) - raft.server.snapshot.trigger-when-stop.enabled = true (default)
2024-09-15 17:07:31,794 [62362ab0-30ae-49fa-a673-0da439c77b8d-groupManagement] INFO  server.RaftServerConfigKeys (ConfUtils.java:logGet(46)) - raft.server.snapshot.trigger-when-remove.enabled = true (default)
2024-09-15 17:07:31,794 [62362ab0-30ae-49fa-a673-0da439c77b8d-groupManagement] INFO  server.RaftServerConfigKeys (ConfUtils.java:logGet(46)) - raft.server.snapshot.auto.trigger.enabled = true (custom)
2024-09-15 17:07:31,794 [62362ab0-30ae-49fa-a673-0da439c77b8d-groupManagement] INFO  server.RaftServerConfigKeys (ConfUtils.java:logGet(46)) - raft.server.snapshot.auto.trigger.threshold = 10000 (custom)
2024-09-15 17:07:31,794 [62362ab0-30ae-49fa-a673-0da439c77b8d-groupManagement] INFO  server.RaftServerConfigKeys (ConfUtils.java:logGet(46)) - raft.server.snapshot.retention.file.num = 5 (custom)
2024-09-15 17:07:31,794 [62362ab0-30ae-49fa-a673-0da439c77b8d-groupManagement] INFO  server.RaftServerConfigKeys (ConfUtils.java:logGet(46)) - raft.server.log.purge.upto.snapshot.index = false (default)
2024-09-15 17:07:31,793 [62362ab0-30ae-49fa-a673-0da439c77b8d@group-4522AB183087-FollowerState] INFO  server.RaftServerConfigKeys (ConfUtils.java:logFallback(53)) - raft.server.rpc.first-election.timeout.max = 5200ms (fallback to raft.server.rpc.timeout.max)
2024-09-15 17:07:31,795 [62362ab0-30ae-49fa-a673-0da439c77b8d-PipelineCommandHandlerThread-0] INFO  ratis.XceiverServerRatis (XceiverServerRatis.java:addGroup(849)) - Created group PipelineID=c8c705c7-4182-4f71-bc0b-4522ab183087
2024-09-15 17:07:31,799 [grpc-default-executor-0] INFO  server.RaftServer (RaftServerProxy.java:addNew(101)) - 61f1eb6c-dc17-4b0b-858b-0bb1b85057d5: addNew group-4522AB183087:[62362ab0-30ae-49fa-a673-0da439c77b8d|127.0.0.1:15171, fdb1bdfc-cd38-46a5-a741-21faac0cf152|127.0.0.1:15189, 61f1eb6c-dc17-4b0b-858b-0bb1b85057d5|127.0.0.1:15180] returns group-4522AB183087:java.util.concurrent.CompletableFuture@4b9194f3[Not completed]
2024-09-15 17:07:31,800 [61f1eb6c-dc17-4b0b-858b-0bb1b85057d5-groupManagement] INFO  server.RaftServer$Division (RaftServerImpl.java:<init>(253)) - 61f1eb6c-dc17-4b0b-858b-0bb1b85057d5: new RaftServerImpl for group-4522AB183087:[62362ab0-30ae-49fa-a673-0da439c77b8d|127.0.0.1:15171, fdb1bdfc-cd38-46a5-a741-21faac0cf152|127.0.0.1:15189, 61f1eb6c-dc17-4b0b-858b-0bb1b85057d5|127.0.0.1:15180] with ContainerStateMachine:uninitialized
2024-09-15 17:07:31,800 [61f1eb6c-dc17-4b0b-858b-0bb1b85057d5-groupManagement] INFO  server.RaftServerConfigKeys (ConfUtils.java:logGet(46)) - raft.server.rpc.timeout.min = 5s (custom)
2024-09-15 17:07:31,800 [61f1eb6c-dc17-4b0b-858b-0bb1b85057d5-groupManagement] INFO  server.RaftServerConfigKeys (ConfUtils.java:logGet(46)) - raft.server.rpc.timeout.max = 5200ms (custom)
2024-09-15 17:07:31,800 [61f1eb6c-dc17-4b0b-858b-0bb1b85057d5-groupManagement] INFO  server.RaftServerConfigKeys (ConfUtils.java:logGet(46)) - raft.server.rpc.sleep.time = 25ms (default)
2024-09-15 17:07:31,800 [61f1eb6c-dc17-4b0b-858b-0bb1b85057d5-groupManagement] INFO  server.RaftServerConfigKeys (ConfUtils.java:logGet(46)) - raft.server.rpc.slowness.timeout = 300000ms (custom)
2024-09-15 17:07:31,800 [61f1eb6c-dc17-4b0b-858b-0bb1b85057d5-groupManagement] INFO  server.RaftServerConfigKeys (ConfUtils.java:logGet(46)) - raft.server.leaderelection.leader.step-down.wait-time = 10s (default)
2024-09-15 17:07:31,800 [61f1eb6c-dc17-4b0b-858b-0bb1b85057d5-groupManagement] INFO  server.RaftServerConfigKeys (ConfUtils.java:logGet(46)) - raft.server.leaderelection.member.majority-add = false (default)
2024-09-15 17:07:31,800 [61f1eb6c-dc17-4b0b-858b-0bb1b85057d5-groupManagement] INFO  server.RaftServerConfigKeys (ConfUtils.java:logGet(46)) - raft.server.sleep.deviation.threshold = 300ms (default)
2024-09-15 17:07:31,800 [61f1eb6c-dc17-4b0b-858b-0bb1b85057d5-groupManagement] INFO  server.RaftServer$Division (ServerState.java:<init>(114)) - 61f1eb6c-dc17-4b0b-858b-0bb1b85057d5@group-4522AB183087: ConfigurationManager, init=conf: {index: -1, cur=peers:[62362ab0-30ae-49fa-a673-0da439c77b8d|127.0.0.1:15171, fdb1bdfc-cd38-46a5-a741-21faac0cf152|127.0.0.1:15189, 61f1eb6c-dc17-4b0b-858b-0bb1b85057d5|127.0.0.1:15180]|listeners:[], old=null}, confs=<EMPTY_MAP>
2024-09-15 17:07:31,800 [61f1eb6c-dc17-4b0b-858b-0bb1b85057d5-groupManagement] INFO  server.RaftServerConfigKeys (ConfUtils.java:logGet(46)) - raft.server.notification.no-leader.timeout = 300000ms (custom)
2024-09-15 17:07:31,800 [61f1eb6c-dc17-4b0b-858b-0bb1b85057d5-groupManagement] INFO  server.RaftServerConfigKeys (ConfUtils.java:logGet(46)) - raft.server.read.timeout = 10s (default)
2024-09-15 17:07:31,800 [61f1eb6c-dc17-4b0b-858b-0bb1b85057d5-groupManagement] INFO  server.RaftServerConfigKeys (ConfUtils.java:logGet(46)) - raft.server.retrycache.expirytime = 600000ms (custom)
2024-09-15 17:07:31,800 [61f1eb6c-dc17-4b0b-858b-0bb1b85057d5-groupManagement] INFO  server.RaftServerConfigKeys (ConfUtils.java:logGet(46)) - raft.server.retrycache.statistics.expirytime = 100ms (default)
2024-09-15 17:07:31,800 [61f1eb6c-dc17-4b0b-858b-0bb1b85057d5-groupManagement] INFO  server.RaftServerConfigKeys (ConfUtils.java:logGet(46)) - raft.server.read.option = DEFAULT (default)
2024-09-15 17:07:31,800 [61f1eb6c-dc17-4b0b-858b-0bb1b85057d5-groupManagement] INFO  server.RaftServerConfigKeys (ConfUtils.java:logGet(46)) - raft.server.read.read-after-write-consistent.write-index-cache.expiry-time = 60s (default)
2024-09-15 17:07:31,802 [61f1eb6c-dc17-4b0b-858b-0bb1b85057d5-groupManagement] INFO  server.RaftServerConfigKeys (ConfUtils.java:logGet(46)) - raft.server.rpc.request.timeout = 3000ms (default)
2024-09-15 17:07:31,802 [61f1eb6c-dc17-4b0b-858b-0bb1b85057d5-groupManagement] INFO  server.RaftServerConfigKeys (ConfUtils.java:logGet(46)) - raft.server.log.appender.install.snapshot.enabled = false (custom)
2024-09-15 17:07:31,802 [61f1eb6c-dc17-4b0b-858b-0bb1b85057d5-groupManagement] INFO  server.RaftServerConfigKeys (ConfUtils.java:logGet(46)) - raft.server.threadpool.server.cached = true (default)
2024-09-15 17:07:31,802 [61f1eb6c-dc17-4b0b-858b-0bb1b85057d5-groupManagement] INFO  server.RaftServerConfigKeys (ConfUtils.java:logGet(46)) - raft.server.threadpool.server.size = 0 (default)
2024-09-15 17:07:31,802 [61f1eb6c-dc17-4b0b-858b-0bb1b85057d5-groupManagement] INFO  server.RaftServerConfigKeys (ConfUtils.java:logGet(46)) - raft.server.threadpool.client.cached = true (default)
2024-09-15 17:07:31,802 [61f1eb6c-dc17-4b0b-858b-0bb1b85057d5-groupManagement] INFO  server.RaftServerConfigKeys (ConfUtils.java:logGet(46)) - raft.server.threadpool.client.size = 0 (default)
2024-09-15 17:07:31,802 [61f1eb6c-dc17-4b0b-858b-0bb1b85057d5-groupManagement] INFO  server.RaftServerConfigKeys (ConfUtils.java:logGet(46)) - raft.server.storage.free-space.min = 0MB (=0) (default)
2024-09-15 17:07:31,802 [61f1eb6c-dc17-4b0b-858b-0bb1b85057d5-groupManagement] INFO  server.RaftServerConfigKeys (ConfUtils.java:logGet(46)) - raft.server.log.corruption.policy = EXCEPTION (default)
2024-09-15 17:07:31,803 [61f1eb6c-dc17-4b0b-858b-0bb1b85057d5-groupManagement] INFO  server.RaftServerConfigKeys (ConfUtils.java:logGet(46)) - raft.server.storage.dir = [/home/runner/work/ozone/ozone/hadoop-ozone/integration-test/target/test-dir/MiniOzoneClusterImpl-eca91e6c-a84b-4041-8679-4afba91b5587/ozone-meta/datanode-2/ratis] (custom)
2024-09-15 17:07:31,803 [61f1eb6c-dc17-4b0b-858b-0bb1b85057d5-groupManagement] INFO  storage.RaftStorageDirectory (RaftStorageDirectoryImpl.java:analyzeStorage(138)) - The storage directory /home/runner/work/ozone/ozone/hadoop-ozone/integration-test/target/test-dir/MiniOzoneClusterImpl-eca91e6c-a84b-4041-8679-4afba91b5587/ozone-meta/datanode-2/ratis/c8c705c7-4182-4f71-bc0b-4522ab183087 does not exist. Creating ...
2024-09-15 17:07:31,804 [61f1eb6c-dc17-4b0b-858b-0bb1b85057d5-groupManagement] INFO  storage.RaftStorageDirectory (RaftStorageDirectoryImpl.java:tryLock(229)) - Lock on /home/runner/work/ozone/ozone/hadoop-ozone/integration-test/target/test-dir/MiniOzoneClusterImpl-eca91e6c-a84b-4041-8679-4afba91b5587/ozone-meta/datanode-2/ratis/c8c705c7-4182-4f71-bc0b-4522ab183087/in_use.lock acquired by nodename 77088@fv-az886-12
2024-09-15 17:07:31,805 [61f1eb6c-dc17-4b0b-858b-0bb1b85057d5-groupManagement] INFO  storage.RaftStorage (RaftStorageImpl.java:format(98)) - Storage directory /home/runner/work/ozone/ozone/hadoop-ozone/integration-test/target/test-dir/MiniOzoneClusterImpl-eca91e6c-a84b-4041-8679-4afba91b5587/ozone-meta/datanode-2/ratis/c8c705c7-4182-4f71-bc0b-4522ab183087 has been successfully formatted.
2024-09-15 17:07:31,805 [61f1eb6c-dc17-4b0b-858b-0bb1b85057d5-groupManagement] INFO  ratis.ContainerStateMachine (ContainerStateMachine.java:loadSnapshot(295)) - group-4522AB183087: The snapshot info is null. Setting the last applied index to:(t:0, i:~)
2024-09-15 17:07:31,806 [61f1eb6c-dc17-4b0b-858b-0bb1b85057d5-groupManagement] INFO  server.RaftServerConfigKeys (ConfUtils.java:logGet(46)) - raft.server.log.use.memory = false (default)
2024-09-15 17:07:31,806 [61f1eb6c-dc17-4b0b-858b-0bb1b85057d5-groupManagement] INFO  server.RaftServerConfigKeys (ConfUtils.java:logGet(46)) - raft.server.log.purge.gap = 1000000 (custom)
2024-09-15 17:07:31,806 [61f1eb6c-dc17-4b0b-858b-0bb1b85057d5-groupManagement] INFO  server.RaftServerConfigKeys (ConfUtils.java:logGet(46)) - raft.server.log.appender.buffer.byte-limit = 33554432 (custom)
2024-09-15 17:07:31,806 [61f1eb6c-dc17-4b0b-858b-0bb1b85057d5-groupManagement] INFO  server.RaftServerConfigKeys (ConfUtils.java:logGet(46)) - raft.server.log.statemachine.data.read.timeout = 1000ms (default)
2024-09-15 17:07:31,806 [61f1eb6c-dc17-4b0b-858b-0bb1b85057d5-groupManagement] INFO  server.RaftServerConfigKeys (ConfUtils.java:logGet(46)) - raft.server.log.purge.preservation.log.num = 0 (default)
2024-09-15 17:07:31,807 [61f1eb6c-dc17-4b0b-858b-0bb1b85057d5-groupManagement] INFO  server.RaftServerConfigKeys (ConfUtils.java:logGet(46)) - raft.server.log.segment.size.max = 67108864 (custom)
2024-09-15 17:07:31,807 [61f1eb6c-dc17-4b0b-858b-0bb1b85057d5-groupManagement] INFO  server.RaftServerConfigKeys (ConfUtils.java:logGet(46)) - raft.server.log.segment.cache.num.max = 2 (custom)
2024-09-15 17:07:31,807 [61f1eb6c-dc17-4b0b-858b-0bb1b85057d5-groupManagement] INFO  server.RaftServerConfigKeys (ConfUtils.java:logGet(46)) - raft.server.log.segment.cache.size.max = 200MB (=209715200) (default)
2024-09-15 17:07:31,807 [61f1eb6c-dc17-4b0b-858b-0bb1b85057d5-groupManagement] INFO  server.RaftServerConfigKeys (ConfUtils.java:logGet(46)) - raft.server.log.appender.buffer.byte-limit = 33554432 (custom)
2024-09-15 17:07:31,807 [61f1eb6c-dc17-4b0b-858b-0bb1b85057d5-groupManagement] INFO  util.AwaitToRun (AwaitToRun.java:start(81)) - Thread[61f1eb6c-dc17-4b0b-858b-0bb1b85057d5@group-4522AB183087-cacheEviction-AwaitToRun,5,main] started
2024-09-15 17:07:31,807 [61f1eb6c-dc17-4b0b-858b-0bb1b85057d5-groupManagement] INFO  segmented.SegmentedRaftLogWorker (SegmentedRaftLogWorker.java:<init>(184)) - new 61f1eb6c-dc17-4b0b-858b-0bb1b85057d5@group-4522AB183087-SegmentedRaftLogWorker for RaftStorageImpl:Storage Directory /home/runner/work/ozone/ozone/hadoop-ozone/integration-test/target/test-dir/MiniOzoneClusterImpl-eca91e6c-a84b-4041-8679-4afba91b5587/ozone-meta/datanode-2/ratis/c8c705c7-4182-4f71-bc0b-4522ab183087
2024-09-15 17:07:31,808 [61f1eb6c-dc17-4b0b-858b-0bb1b85057d5-groupManagement] INFO  server.RaftServerConfigKeys (ConfUtils.java:logGet(46)) - raft.server.log.queue.byte-limit = 4294967296 (custom)
2024-09-15 17:07:31,808 [61f1eb6c-dc17-4b0b-858b-0bb1b85057d5-groupManagement] INFO  server.RaftServerConfigKeys (ConfUtils.java:logGet(46)) - raft.server.log.queue.element-limit = 1024 (custom)
2024-09-15 17:07:31,808 [61f1eb6c-dc17-4b0b-858b-0bb1b85057d5-groupManagement] INFO  server.RaftServerConfigKeys (ConfUtils.java:logGet(46)) - raft.server.log.segment.size.max = 67108864 (custom)
2024-09-15 17:07:31,808 [61f1eb6c-dc17-4b0b-858b-0bb1b85057d5-groupManagement] INFO  server.RaftServerConfigKeys (ConfUtils.java:logGet(46)) - raft.server.log.preallocated.size = 4194304 (custom)
2024-09-15 17:07:31,808 [61f1eb6c-dc17-4b0b-858b-0bb1b85057d5-groupManagement] INFO  server.RaftServerConfigKeys (ConfUtils.java:logGet(46)) - raft.server.log.force.sync.num = 128 (default)
2024-09-15 17:07:31,808 [61f1eb6c-dc17-4b0b-858b-0bb1b85057d5-groupManagement] INFO  server.RaftServerConfigKeys (ConfUtils.java:logGet(46)) - raft.server.log.statemachine.data.sync = true (default)
2024-09-15 17:07:31,808 [61f1eb6c-dc17-4b0b-858b-0bb1b85057d5-groupManagement] INFO  server.RaftServerConfigKeys (ConfUtils.java:logGet(46)) - raft.server.log.statemachine.data.sync.timeout = 10s (default)
2024-09-15 17:07:31,808 [61f1eb6c-dc17-4b0b-858b-0bb1b85057d5-groupManagement] INFO  server.RaftServerConfigKeys (ConfUtils.java:logGet(46)) - raft.server.log.statemachine.data.sync.timeout.retry = 30 (custom)
2024-09-15 17:07:31,808 [61f1eb6c-dc17-4b0b-858b-0bb1b85057d5-groupManagement] INFO  server.RaftServerConfigKeys (ConfUtils.java:logGet(46)) - raft.server.log.write.buffer.size = 33554440 (custom)
2024-09-15 17:07:31,812 [61f1eb6c-dc17-4b0b-858b-0bb1b85057d5-groupManagement] INFO  server.RaftServerConfigKeys (ConfUtils.java:logGet(46)) - raft.server.log.appender.buffer.byte-limit = 33554432 (custom)
2024-09-15 17:07:31,812 [61f1eb6c-dc17-4b0b-858b-0bb1b85057d5-groupManagement] INFO  server.RaftServerConfigKeys (ConfUtils.java:logGet(46)) - raft.server.log.unsafe-flush.enabled = false (default)
2024-09-15 17:07:31,812 [61f1eb6c-dc17-4b0b-858b-0bb1b85057d5-groupManagement] INFO  server.RaftServerConfigKeys (ConfUtils.java:logGet(46)) - raft.server.log.async-flush.enabled = false (default)
2024-09-15 17:07:31,812 [61f1eb6c-dc17-4b0b-858b-0bb1b85057d5-groupManagement] INFO  server.RaftServerConfigKeys (ConfUtils.java:logGet(46)) - raft.server.log.statemachine.data.caching.enabled = true (custom)
2024-09-15 17:07:31,812 [61f1eb6c-dc17-4b0b-858b-0bb1b85057d5-groupManagement] INFO  segmented.SegmentedRaftLogWorker (SegmentedRaftLogWorker.java:lambda$new$0(135)) - 61f1eb6c-dc17-4b0b-858b-0bb1b85057d5@group-4522AB183087-SegmentedRaftLogWorker: flushIndex: setUnconditionally 0 -> -1
2024-09-15 17:07:31,813 [61f1eb6c-dc17-4b0b-858b-0bb1b85057d5-groupManagement] INFO  segmented.SegmentedRaftLogWorker (SegmentedRaftLogWorker.java:lambda$new$0(135)) - 61f1eb6c-dc17-4b0b-858b-0bb1b85057d5@group-4522AB183087-SegmentedRaftLogWorker: safeCacheEvictIndex: setUnconditionally 0 -> -1
2024-09-15 17:07:31,813 [61f1eb6c-dc17-4b0b-858b-0bb1b85057d5-groupManagement] INFO  server.RaftServer$Division (RaftServerImpl.java:start(389)) - 61f1eb6c-dc17-4b0b-858b-0bb1b85057d5@group-4522AB183087: start as a follower, conf=conf: {index: -1, cur=peers:[62362ab0-30ae-49fa-a673-0da439c77b8d|127.0.0.1:15171, fdb1bdfc-cd38-46a5-a741-21faac0cf152|127.0.0.1:15189, 61f1eb6c-dc17-4b0b-858b-0bb1b85057d5|127.0.0.1:15180]|listeners:[], old=null}
2024-09-15 17:07:31,813 [61f1eb6c-dc17-4b0b-858b-0bb1b85057d5-groupManagement] INFO  server.RaftServer$Division (RaftServerImpl.java:setRole(376)) - 61f1eb6c-dc17-4b0b-858b-0bb1b85057d5@group-4522AB183087: changes role from      null to FOLLOWER at term 0 for startAsFollower
2024-09-15 17:07:31,813 [61f1eb6c-dc17-4b0b-858b-0bb1b85057d5-groupManagement] INFO  impl.RoleInfo (RoleInfo.java:updateAndGet(148)) - 61f1eb6c-dc17-4b0b-858b-0bb1b85057d5: start 61f1eb6c-dc17-4b0b-858b-0bb1b85057d5@group-4522AB183087-FollowerState
2024-09-15 17:07:31,813 [61f1eb6c-dc17-4b0b-858b-0bb1b85057d5@group-4522AB183087-FollowerState] INFO  server.RaftServerConfigKeys (ConfUtils.java:logFallback(53)) - raft.server.rpc.first-election.timeout.min = 5s (fallback to raft.server.rpc.timeout.min)
2024-09-15 17:07:31,813 [61f1eb6c-dc17-4b0b-858b-0bb1b85057d5-groupManagement] INFO  util.JmxRegister (JmxRegister.java:tryRegister(44)) - Successfully registered JMX Bean with object name Ratis:service=RaftServer,group=group-4522AB183087,id=61f1eb6c-dc17-4b0b-858b-0bb1b85057d5
2024-09-15 17:07:31,813 [61f1eb6c-dc17-4b0b-858b-0bb1b85057d5-groupManagement] INFO  util.JmxRegister (JmxRegister.java:register(58)) - register mxBean class org.apache.ratis.server.impl.RaftServerJmxAdapter as Ratis:service=RaftServer,group=group-4522AB183087,id=61f1eb6c-dc17-4b0b-858b-0bb1b85057d5
2024-09-15 17:07:31,813 [61f1eb6c-dc17-4b0b-858b-0bb1b85057d5@group-4522AB183087-FollowerState] INFO  server.RaftServerConfigKeys (ConfUtils.java:logFallback(53)) - raft.server.rpc.first-election.timeout.max = 5200ms (fallback to raft.server.rpc.timeout.max)
2024-09-15 17:07:31,813 [61f1eb6c-dc17-4b0b-858b-0bb1b85057d5-groupManagement] INFO  server.RaftServerConfigKeys (ConfUtils.java:logGet(46)) - raft.server.snapshot.trigger-when-stop.enabled = true (default)
2024-09-15 17:07:31,814 [61f1eb6c-dc17-4b0b-858b-0bb1b85057d5-groupManagement] INFO  server.RaftServerConfigKeys (ConfUtils.java:logGet(46)) - raft.server.snapshot.trigger-when-remove.enabled = true (default)
2024-09-15 17:07:31,814 [61f1eb6c-dc17-4b0b-858b-0bb1b85057d5-groupManagement] INFO  server.RaftServerConfigKeys (ConfUtils.java:logGet(46)) - raft.server.snapshot.auto.trigger.enabled = true (custom)
2024-09-15 17:07:31,814 [61f1eb6c-dc17-4b0b-858b-0bb1b85057d5-groupManagement] INFO  server.RaftServerConfigKeys (ConfUtils.java:logGet(46)) - raft.server.snapshot.auto.trigger.threshold = 10000 (custom)
2024-09-15 17:07:31,814 [61f1eb6c-dc17-4b0b-858b-0bb1b85057d5-groupManagement] INFO  server.RaftServerConfigKeys (ConfUtils.java:logGet(46)) - raft.server.snapshot.retention.file.num = 5 (custom)
2024-09-15 17:07:31,814 [61f1eb6c-dc17-4b0b-858b-0bb1b85057d5-groupManagement] INFO  server.RaftServerConfigKeys (ConfUtils.java:logGet(46)) - raft.server.log.purge.upto.snapshot.index = false (default)
2024-09-15 17:07:31,820 [grpc-default-executor-0] INFO  server.RaftServer (RaftServerProxy.java:addNew(101)) - fdb1bdfc-cd38-46a5-a741-21faac0cf152: addNew group-4522AB183087:[62362ab0-30ae-49fa-a673-0da439c77b8d|127.0.0.1:15171, fdb1bdfc-cd38-46a5-a741-21faac0cf152|127.0.0.1:15189, 61f1eb6c-dc17-4b0b-858b-0bb1b85057d5|127.0.0.1:15180] returns group-4522AB183087:java.util.concurrent.CompletableFuture@76d298c4[Not completed]
2024-09-15 17:07:31,821 [fdb1bdfc-cd38-46a5-a741-21faac0cf152-groupManagement] INFO  server.RaftServer$Division (RaftServerImpl.java:<init>(253)) - fdb1bdfc-cd38-46a5-a741-21faac0cf152: new RaftServerImpl for group-4522AB183087:[62362ab0-30ae-49fa-a673-0da439c77b8d|127.0.0.1:15171, fdb1bdfc-cd38-46a5-a741-21faac0cf152|127.0.0.1:15189, 61f1eb6c-dc17-4b0b-858b-0bb1b85057d5|127.0.0.1:15180] with ContainerStateMachine:uninitialized
2024-09-15 17:07:31,821 [fdb1bdfc-cd38-46a5-a741-21faac0cf152-groupManagement] INFO  server.RaftServerConfigKeys (ConfUtils.java:logGet(46)) - raft.server.rpc.timeout.min = 5s (custom)
2024-09-15 17:07:31,821 [fdb1bdfc-cd38-46a5-a741-21faac0cf152-groupManagement] INFO  server.RaftServerConfigKeys (ConfUtils.java:logGet(46)) - raft.server.rpc.timeout.max = 5200ms (custom)
2024-09-15 17:07:31,821 [fdb1bdfc-cd38-46a5-a741-21faac0cf152-groupManagement] INFO  server.RaftServerConfigKeys (ConfUtils.java:logGet(46)) - raft.server.rpc.sleep.time = 25ms (default)
2024-09-15 17:07:31,821 [fdb1bdfc-cd38-46a5-a741-21faac0cf152-groupManagement] INFO  server.RaftServerConfigKeys (ConfUtils.java:logGet(46)) - raft.server.rpc.slowness.timeout = 300000ms (custom)
2024-09-15 17:07:31,821 [fdb1bdfc-cd38-46a5-a741-21faac0cf152-groupManagement] INFO  server.RaftServerConfigKeys (ConfUtils.java:logGet(46)) - raft.server.leaderelection.leader.step-down.wait-time = 10s (default)
2024-09-15 17:07:31,821 [fdb1bdfc-cd38-46a5-a741-21faac0cf152-groupManagement] INFO  server.RaftServerConfigKeys (ConfUtils.java:logGet(46)) - raft.server.leaderelection.member.majority-add = false (default)
2024-09-15 17:07:31,821 [fdb1bdfc-cd38-46a5-a741-21faac0cf152-groupManagement] INFO  server.RaftServerConfigKeys (ConfUtils.java:logGet(46)) - raft.server.sleep.deviation.threshold = 300ms (default)
2024-09-15 17:07:31,821 [fdb1bdfc-cd38-46a5-a741-21faac0cf152-groupManagement] INFO  server.RaftServer$Division (ServerState.java:<init>(114)) - fdb1bdfc-cd38-46a5-a741-21faac0cf152@group-4522AB183087: ConfigurationManager, init=conf: {index: -1, cur=peers:[62362ab0-30ae-49fa-a673-0da439c77b8d|127.0.0.1:15171, fdb1bdfc-cd38-46a5-a741-21faac0cf152|127.0.0.1:15189, 61f1eb6c-dc17-4b0b-858b-0bb1b85057d5|127.0.0.1:15180]|listeners:[], old=null}, confs=<EMPTY_MAP>
2024-09-15 17:07:31,821 [fdb1bdfc-cd38-46a5-a741-21faac0cf152-groupManagement] INFO  server.RaftServerConfigKeys (ConfUtils.java:logGet(46)) - raft.server.notification.no-leader.timeout = 300000ms (custom)
2024-09-15 17:07:31,821 [fdb1bdfc-cd38-46a5-a741-21faac0cf152-groupManagement] INFO  server.RaftServerConfigKeys (ConfUtils.java:logGet(46)) - raft.server.read.timeout = 10s (default)
2024-09-15 17:07:31,821 [fdb1bdfc-cd38-46a5-a741-21faac0cf152-groupManagement] INFO  server.RaftServerConfigKeys (ConfUtils.java:logGet(46)) - raft.server.retrycache.expirytime = 600000ms (custom)
2024-09-15 17:07:31,821 [fdb1bdfc-cd38-46a5-a741-21faac0cf152-groupManagement] INFO  server.RaftServerConfigKeys (ConfUtils.java:logGet(46)) - raft.server.retrycache.statistics.expirytime = 100ms (default)
2024-09-15 17:07:31,821 [fdb1bdfc-cd38-46a5-a741-21faac0cf152-groupManagement] INFO  server.RaftServerConfigKeys (ConfUtils.java:logGet(46)) - raft.server.read.option = DEFAULT (default)
2024-09-15 17:07:31,821 [fdb1bdfc-cd38-46a5-a741-21faac0cf152-groupManagement] INFO  server.RaftServerConfigKeys (ConfUtils.java:logGet(46)) - raft.server.read.read-after-write-consistent.write-index-cache.expiry-time = 60s (default)
2024-09-15 17:07:31,823 [fdb1bdfc-cd38-46a5-a741-21faac0cf152-groupManagement] INFO  server.RaftServerConfigKeys (ConfUtils.java:logGet(46)) - raft.server.rpc.request.timeout = 3000ms (default)
2024-09-15 17:07:31,823 [fdb1bdfc-cd38-46a5-a741-21faac0cf152-groupManagement] INFO  server.RaftServerConfigKeys (ConfUtils.java:logGet(46)) - raft.server.log.appender.install.snapshot.enabled = false (custom)
2024-09-15 17:07:31,823 [fdb1bdfc-cd38-46a5-a741-21faac0cf152-groupManagement] INFO  server.RaftServerConfigKeys (ConfUtils.java:logGet(46)) - raft.server.threadpool.server.cached = true (default)
2024-09-15 17:07:31,823 [fdb1bdfc-cd38-46a5-a741-21faac0cf152-groupManagement] INFO  server.RaftServerConfigKeys (ConfUtils.java:logGet(46)) - raft.server.threadpool.server.size = 0 (default)
2024-09-15 17:07:31,823 [fdb1bdfc-cd38-46a5-a741-21faac0cf152-groupManagement] INFO  server.RaftServerConfigKeys (ConfUtils.java:logGet(46)) - raft.server.threadpool.client.cached = true (default)
2024-09-15 17:07:31,823 [fdb1bdfc-cd38-46a5-a741-21faac0cf152-groupManagement] INFO  server.RaftServerConfigKeys (ConfUtils.java:logGet(46)) - raft.server.threadpool.client.size = 0 (default)
2024-09-15 17:07:31,823 [fdb1bdfc-cd38-46a5-a741-21faac0cf152-groupManagement] INFO  server.RaftServerConfigKeys (ConfUtils.java:logGet(46)) - raft.server.storage.free-space.min = 0MB (=0) (default)
2024-09-15 17:07:31,823 [fdb1bdfc-cd38-46a5-a741-21faac0cf152-groupManagement] INFO  server.RaftServerConfigKeys (ConfUtils.java:logGet(46)) - raft.server.log.corruption.policy = EXCEPTION (default)
2024-09-15 17:07:31,823 [fdb1bdfc-cd38-46a5-a741-21faac0cf152-groupManagement] INFO  server.RaftServerConfigKeys (ConfUtils.java:logGet(46)) - raft.server.storage.dir = [/home/runner/work/ozone/ozone/hadoop-ozone/integration-test/target/test-dir/MiniOzoneClusterImpl-eca91e6c-a84b-4041-8679-4afba91b5587/ozone-meta/datanode-3/ratis] (custom)
2024-09-15 17:07:31,823 [fdb1bdfc-cd38-46a5-a741-21faac0cf152-groupManagement] INFO  storage.RaftStorageDirectory (RaftStorageDirectoryImpl.java:analyzeStorage(138)) - The storage directory /home/runner/work/ozone/ozone/hadoop-ozone/integration-test/target/test-dir/MiniOzoneClusterImpl-eca91e6c-a84b-4041-8679-4afba91b5587/ozone-meta/datanode-3/ratis/c8c705c7-4182-4f71-bc0b-4522ab183087 does not exist. Creating ...
2024-09-15 17:07:31,824 [fdb1bdfc-cd38-46a5-a741-21faac0cf152-groupManagement] INFO  storage.RaftStorageDirectory (RaftStorageDirectoryImpl.java:tryLock(229)) - Lock on /home/runner/work/ozone/ozone/hadoop-ozone/integration-test/target/test-dir/MiniOzoneClusterImpl-eca91e6c-a84b-4041-8679-4afba91b5587/ozone-meta/datanode-3/ratis/c8c705c7-4182-4f71-bc0b-4522ab183087/in_use.lock acquired by nodename 77088@fv-az886-12
2024-09-15 17:07:31,825 [fdb1bdfc-cd38-46a5-a741-21faac0cf152-groupManagement] INFO  storage.RaftStorage (RaftStorageImpl.java:format(98)) - Storage directory /home/runner/work/ozone/ozone/hadoop-ozone/integration-test/target/test-dir/MiniOzoneClusterImpl-eca91e6c-a84b-4041-8679-4afba91b5587/ozone-meta/datanode-3/ratis/c8c705c7-4182-4f71-bc0b-4522ab183087 has been successfully formatted.
2024-09-15 17:07:31,825 [fdb1bdfc-cd38-46a5-a741-21faac0cf152-groupManagement] INFO  ratis.ContainerStateMachine (ContainerStateMachine.java:loadSnapshot(295)) - group-4522AB183087: The snapshot info is null. Setting the last applied index to:(t:0, i:~)
2024-09-15 17:07:31,825 [fdb1bdfc-cd38-46a5-a741-21faac0cf152-groupManagement] INFO  server.RaftServerConfigKeys (ConfUtils.java:logGet(46)) - raft.server.log.use.memory = false (default)
2024-09-15 17:07:31,826 [fdb1bdfc-cd38-46a5-a741-21faac0cf152-groupManagement] INFO  server.RaftServerConfigKeys (ConfUtils.java:logGet(46)) - raft.server.log.purge.gap = 1000000 (custom)
2024-09-15 17:07:31,826 [fdb1bdfc-cd38-46a5-a741-21faac0cf152-groupManagement] INFO  server.RaftServerConfigKeys (ConfUtils.java:logGet(46)) - raft.server.log.appender.buffer.byte-limit = 33554432 (custom)
2024-09-15 17:07:31,826 [fdb1bdfc-cd38-46a5-a741-21faac0cf152-groupManagement] INFO  server.RaftServerConfigKeys (ConfUtils.java:logGet(46)) - raft.server.log.statemachine.data.read.timeout = 1000ms (default)
2024-09-15 17:07:31,826 [fdb1bdfc-cd38-46a5-a741-21faac0cf152-groupManagement] INFO  server.RaftServerConfigKeys (ConfUtils.java:logGet(46)) - raft.server.log.purge.preservation.log.num = 0 (default)
2024-09-15 17:07:31,826 [fdb1bdfc-cd38-46a5-a741-21faac0cf152-groupManagement] INFO  server.RaftServerConfigKeys (ConfUtils.java:logGet(46)) - raft.server.log.segment.size.max = 67108864 (custom)
2024-09-15 17:07:31,827 [fdb1bdfc-cd38-46a5-a741-21faac0cf152-groupManagement] INFO  server.RaftServerConfigKeys (ConfUtils.java:logGet(46)) - raft.server.log.segment.cache.num.max = 2 (custom)
2024-09-15 17:07:31,827 [fdb1bdfc-cd38-46a5-a741-21faac0cf152-groupManagement] INFO  server.RaftServerConfigKeys (ConfUtils.java:logGet(46)) - raft.server.log.segment.cache.size.max = 200MB (=209715200) (default)
2024-09-15 17:07:31,827 [fdb1bdfc-cd38-46a5-a741-21faac0cf152-groupManagement] INFO  server.RaftServerConfigKeys (ConfUtils.java:logGet(46)) - raft.server.log.appender.buffer.byte-limit = 33554432 (custom)
2024-09-15 17:07:31,827 [fdb1bdfc-cd38-46a5-a741-21faac0cf152-groupManagement] INFO  util.AwaitToRun (AwaitToRun.java:start(81)) - Thread[fdb1bdfc-cd38-46a5-a741-21faac0cf152@group-4522AB183087-cacheEviction-AwaitToRun,5,main] started
2024-09-15 17:07:31,827 [fdb1bdfc-cd38-46a5-a741-21faac0cf152-groupManagement] INFO  segmented.SegmentedRaftLogWorker (SegmentedRaftLogWorker.java:<init>(184)) - new fdb1bdfc-cd38-46a5-a741-21faac0cf152@group-4522AB183087-SegmentedRaftLogWorker for RaftStorageImpl:Storage Directory /home/runner/work/ozone/ozone/hadoop-ozone/integration-test/target/test-dir/MiniOzoneClusterImpl-eca91e6c-a84b-4041-8679-4afba91b5587/ozone-meta/datanode-3/ratis/c8c705c7-4182-4f71-bc0b-4522ab183087
2024-09-15 17:07:31,827 [fdb1bdfc-cd38-46a5-a741-21faac0cf152-groupManagement] INFO  server.RaftServerConfigKeys (ConfUtils.java:logGet(46)) - raft.server.log.queue.byte-limit = 4294967296 (custom)
2024-09-15 17:07:31,827 [fdb1bdfc-cd38-46a5-a741-21faac0cf152-groupManagement] INFO  server.RaftServerConfigKeys (ConfUtils.java:logGet(46)) - raft.server.log.queue.element-limit = 1024 (custom)
2024-09-15 17:07:31,827 [fdb1bdfc-cd38-46a5-a741-21faac0cf152-groupManagement] INFO  server.RaftServerConfigKeys (ConfUtils.java:logGet(46)) - raft.server.log.segment.size.max = 67108864 (custom)
2024-09-15 17:07:31,827 [fdb1bdfc-cd38-46a5-a741-21faac0cf152-groupManagement] INFO  server.RaftServerConfigKeys (ConfUtils.java:logGet(46)) - raft.server.log.preallocated.size = 4194304 (custom)
2024-09-15 17:07:31,827 [fdb1bdfc-cd38-46a5-a741-21faac0cf152-groupManagement] INFO  server.RaftServerConfigKeys (ConfUtils.java:logGet(46)) - raft.server.log.force.sync.num = 128 (default)
2024-09-15 17:07:31,827 [fdb1bdfc-cd38-46a5-a741-21faac0cf152-groupManagement] INFO  server.RaftServerConfigKeys (ConfUtils.java:logGet(46)) - raft.server.log.statemachine.data.sync = true (default)
2024-09-15 17:07:31,827 [fdb1bdfc-cd38-46a5-a741-21faac0cf152-groupManagement] INFO  server.RaftServerConfigKeys (ConfUtils.java:logGet(46)) - raft.server.log.statemachine.data.sync.timeout = 10s (default)
2024-09-15 17:07:31,827 [fdb1bdfc-cd38-46a5-a741-21faac0cf152-groupManagement] INFO  server.RaftServerConfigKeys (ConfUtils.java:logGet(46)) - raft.server.log.statemachine.data.sync.timeout.retry = 30 (custom)
2024-09-15 17:07:31,827 [fdb1bdfc-cd38-46a5-a741-21faac0cf152-groupManagement] INFO  server.RaftServerConfigKeys (ConfUtils.java:logGet(46)) - raft.server.log.write.buffer.size = 33554440 (custom)
2024-09-15 17:07:31,831 [fdb1bdfc-cd38-46a5-a741-21faac0cf152-groupManagement] INFO  server.RaftServerConfigKeys (ConfUtils.java:logGet(46)) - raft.server.log.appender.buffer.byte-limit = 33554432 (custom)
2024-09-15 17:07:31,831 [fdb1bdfc-cd38-46a5-a741-21faac0cf152-groupManagement] INFO  server.RaftServerConfigKeys (ConfUtils.java:logGet(46)) - raft.server.log.unsafe-flush.enabled = false (default)
2024-09-15 17:07:31,831 [fdb1bdfc-cd38-46a5-a741-21faac0cf152-groupManagement] INFO  server.RaftServerConfigKeys (ConfUtils.java:logGet(46)) - raft.server.log.async-flush.enabled = false (default)
2024-09-15 17:07:31,832 [fdb1bdfc-cd38-46a5-a741-21faac0cf152-groupManagement] INFO  server.RaftServerConfigKeys (ConfUtils.java:logGet(46)) - raft.server.log.statemachine.data.caching.enabled = true (custom)
2024-09-15 17:07:31,832 [fdb1bdfc-cd38-46a5-a741-21faac0cf152-groupManagement] INFO  segmented.SegmentedRaftLogWorker (SegmentedRaftLogWorker.java:lambda$new$0(135)) - fdb1bdfc-cd38-46a5-a741-21faac0cf152@group-4522AB183087-SegmentedRaftLogWorker: flushIndex: setUnconditionally 0 -> -1
2024-09-15 17:07:31,832 [fdb1bdfc-cd38-46a5-a741-21faac0cf152-groupManagement] INFO  segmented.SegmentedRaftLogWorker (SegmentedRaftLogWorker.java:lambda$new$0(135)) - fdb1bdfc-cd38-46a5-a741-21faac0cf152@group-4522AB183087-SegmentedRaftLogWorker: safeCacheEvictIndex: setUnconditionally 0 -> -1
2024-09-15 17:07:31,832 [fdb1bdfc-cd38-46a5-a741-21faac0cf152-groupManagement] INFO  server.RaftServer$Division (RaftServerImpl.java:start(389)) - fdb1bdfc-cd38-46a5-a741-21faac0cf152@group-4522AB183087: start as a follower, conf=conf: {index: -1, cur=peers:[62362ab0-30ae-49fa-a673-0da439c77b8d|127.0.0.1:15171, fdb1bdfc-cd38-46a5-a741-21faac0cf152|127.0.0.1:15189, 61f1eb6c-dc17-4b0b-858b-0bb1b85057d5|127.0.0.1:15180]|listeners:[], old=null}
2024-09-15 17:07:31,832 [fdb1bdfc-cd38-46a5-a741-21faac0cf152-groupManagement] INFO  server.RaftServer$Division (RaftServerImpl.java:setRole(376)) - fdb1bdfc-cd38-46a5-a741-21faac0cf152@group-4522AB183087: changes role from      null to FOLLOWER at term 0 for startAsFollower
2024-09-15 17:07:31,832 [fdb1bdfc-cd38-46a5-a741-21faac0cf152-groupManagement] INFO  impl.RoleInfo (RoleInfo.java:updateAndGet(148)) - fdb1bdfc-cd38-46a5-a741-21faac0cf152: start fdb1bdfc-cd38-46a5-a741-21faac0cf152@group-4522AB183087-FollowerState
2024-09-15 17:07:31,832 [fdb1bdfc-cd38-46a5-a741-21faac0cf152@group-4522AB183087-FollowerState] INFO  server.RaftServerConfigKeys (ConfUtils.java:logFallback(53)) - raft.server.rpc.first-election.timeout.min = 5s (fallback to raft.server.rpc.timeout.min)
2024-09-15 17:07:31,832 [fdb1bdfc-cd38-46a5-a741-21faac0cf152-groupManagement] INFO  util.JmxRegister (JmxRegister.java:tryRegister(44)) - Successfully registered JMX Bean with object name Ratis:service=RaftServer,group=group-4522AB183087,id=fdb1bdfc-cd38-46a5-a741-21faac0cf152
2024-09-15 17:07:31,832 [fdb1bdfc-cd38-46a5-a741-21faac0cf152-groupManagement] INFO  util.JmxRegister (JmxRegister.java:register(58)) - register mxBean class org.apache.ratis.server.impl.RaftServerJmxAdapter as Ratis:service=RaftServer,group=group-4522AB183087,id=fdb1bdfc-cd38-46a5-a741-21faac0cf152
2024-09-15 17:07:31,833 [fdb1bdfc-cd38-46a5-a741-21faac0cf152-groupManagement] INFO  server.RaftServerConfigKeys (ConfUtils.java:logGet(46)) - raft.server.snapshot.trigger-when-stop.enabled = true (default)
2024-09-15 17:07:31,833 [fdb1bdfc-cd38-46a5-a741-21faac0cf152-groupManagement] INFO  server.RaftServerConfigKeys (ConfUtils.java:logGet(46)) - raft.server.snapshot.trigger-when-remove.enabled = true (default)
2024-09-15 17:07:31,833 [fdb1bdfc-cd38-46a5-a741-21faac0cf152-groupManagement] INFO  server.RaftServerConfigKeys (ConfUtils.java:logGet(46)) - raft.server.snapshot.auto.trigger.enabled = true (custom)
2024-09-15 17:07:31,833 [fdb1bdfc-cd38-46a5-a741-21faac0cf152-groupManagement] INFO  server.RaftServerConfigKeys (ConfUtils.java:logGet(46)) - raft.server.snapshot.auto.trigger.threshold = 10000 (custom)
2024-09-15 17:07:31,833 [fdb1bdfc-cd38-46a5-a741-21faac0cf152-groupManagement] INFO  server.RaftServerConfigKeys (ConfUtils.java:logGet(46)) - raft.server.snapshot.retention.file.num = 5 (custom)
2024-09-15 17:07:31,833 [fdb1bdfc-cd38-46a5-a741-21faac0cf152-groupManagement] INFO  server.RaftServerConfigKeys (ConfUtils.java:logGet(46)) - raft.server.log.purge.upto.snapshot.index = false (default)
2024-09-15 17:07:31,832 [fdb1bdfc-cd38-46a5-a741-21faac0cf152@group-4522AB183087-FollowerState] INFO  server.RaftServerConfigKeys (ConfUtils.java:logFallback(53)) - raft.server.rpc.first-election.timeout.max = 5200ms (fallback to raft.server.rpc.timeout.max)
2024-09-15 17:07:31,836 [62362ab0-30ae-49fa-a673-0da439c77b8d-PipelineCommandHandlerThread-0] INFO  commandhandler.CreatePipelineCommandHandler (CreatePipelineCommandHandler.java:lambda$handle$2(124)) - Created Pipeline RATIS THREE PipelineID=c8c705c7-4182-4f71-bc0b-4522ab183087.
2024-09-15 17:07:31,851 [61f1eb6c-dc17-4b0b-858b-0bb1b85057d5-PipelineCommandHandlerThread-0] INFO  server.RaftServer (RaftServerProxy.java:addNew(101)) - 61f1eb6c-dc17-4b0b-858b-0bb1b85057d5: addNew group-E5F3E020C69C:[61f1eb6c-dc17-4b0b-858b-0bb1b85057d5|127.0.0.1:15180] returns group-E5F3E020C69C:java.util.concurrent.CompletableFuture@2e774303[Not completed]
2024-09-15 17:07:31,852 [61f1eb6c-dc17-4b0b-858b-0bb1b85057d5-groupManagement] INFO  server.RaftServer$Division (RaftServerImpl.java:<init>(253)) - 61f1eb6c-dc17-4b0b-858b-0bb1b85057d5: new RaftServerImpl for group-E5F3E020C69C:[61f1eb6c-dc17-4b0b-858b-0bb1b85057d5|127.0.0.1:15180] with ContainerStateMachine:uninitialized
2024-09-15 17:07:31,852 [61f1eb6c-dc17-4b0b-858b-0bb1b85057d5-groupManagement] INFO  server.RaftServerConfigKeys (ConfUtils.java:logGet(46)) - raft.server.rpc.timeout.min = 5s (custom)
2024-09-15 17:07:31,852 [61f1eb6c-dc17-4b0b-858b-0bb1b85057d5-groupManagement] INFO  server.RaftServerConfigKeys (ConfUtils.java:logGet(46)) - raft.server.rpc.timeout.max = 5200ms (custom)
2024-09-15 17:07:31,852 [61f1eb6c-dc17-4b0b-858b-0bb1b85057d5-groupManagement] INFO  server.RaftServerConfigKeys (ConfUtils.java:logGet(46)) - raft.server.rpc.sleep.time = 25ms (default)
2024-09-15 17:07:31,852 [61f1eb6c-dc17-4b0b-858b-0bb1b85057d5-groupManagement] INFO  server.RaftServerConfigKeys (ConfUtils.java:logGet(46)) - raft.server.rpc.slowness.timeout = 300000ms (custom)
2024-09-15 17:07:31,853 [61f1eb6c-dc17-4b0b-858b-0bb1b85057d5-groupManagement] INFO  server.RaftServerConfigKeys (ConfUtils.java:logGet(46)) - raft.server.leaderelection.leader.step-down.wait-time = 10s (default)
2024-09-15 17:07:31,853 [61f1eb6c-dc17-4b0b-858b-0bb1b85057d5-groupManagement] INFO  server.RaftServerConfigKeys (ConfUtils.java:logGet(46)) - raft.server.leaderelection.member.majority-add = false (default)
2024-09-15 17:07:31,853 [61f1eb6c-dc17-4b0b-858b-0bb1b85057d5-groupManagement] INFO  server.RaftServerConfigKeys (ConfUtils.java:logGet(46)) - raft.server.sleep.deviation.threshold = 300ms (default)
2024-09-15 17:07:31,853 [61f1eb6c-dc17-4b0b-858b-0bb1b85057d5-groupManagement] INFO  server.RaftServer$Division (ServerState.java:<init>(114)) - 61f1eb6c-dc17-4b0b-858b-0bb1b85057d5@group-E5F3E020C69C: ConfigurationManager, init=conf: {index: -1, cur=peers:[61f1eb6c-dc17-4b0b-858b-0bb1b85057d5|127.0.0.1:15180]|listeners:[], old=null}, confs=<EMPTY_MAP>
2024-09-15 17:07:31,853 [61f1eb6c-dc17-4b0b-858b-0bb1b85057d5-groupManagement] INFO  server.RaftServerConfigKeys (ConfUtils.java:logGet(46)) - raft.server.notification.no-leader.timeout = 300000ms (custom)
2024-09-15 17:07:31,853 [61f1eb6c-dc17-4b0b-858b-0bb1b85057d5-groupManagement] INFO  server.RaftServerConfigKeys (ConfUtils.java:logGet(46)) - raft.server.read.timeout = 10s (default)
2024-09-15 17:07:31,853 [61f1eb6c-dc17-4b0b-858b-0bb1b85057d5-groupManagement] INFO  server.RaftServerConfigKeys (ConfUtils.java:logGet(46)) - raft.server.retrycache.expirytime = 600000ms (custom)
2024-09-15 17:07:31,853 [61f1eb6c-dc17-4b0b-858b-0bb1b85057d5-groupManagement] INFO  server.RaftServerConfigKeys (ConfUtils.java:logGet(46)) - raft.server.retrycache.statistics.expirytime = 100ms (default)
2024-09-15 17:07:31,853 [61f1eb6c-dc17-4b0b-858b-0bb1b85057d5-groupManagement] INFO  server.RaftServerConfigKeys (ConfUtils.java:logGet(46)) - raft.server.read.option = DEFAULT (default)
2024-09-15 17:07:31,853 [61f1eb6c-dc17-4b0b-858b-0bb1b85057d5-groupManagement] INFO  server.RaftServerConfigKeys (ConfUtils.java:logGet(46)) - raft.server.read.read-after-write-consistent.write-index-cache.expiry-time = 60s (default)
2024-09-15 17:07:31,856 [61f1eb6c-dc17-4b0b-858b-0bb1b85057d5-groupManagement] INFO  server.RaftServerConfigKeys (ConfUtils.java:logGet(46)) - raft.server.rpc.request.timeout = 3000ms (default)
2024-09-15 17:07:31,856 [61f1eb6c-dc17-4b0b-858b-0bb1b85057d5-groupManagement] INFO  server.RaftServerConfigKeys (ConfUtils.java:logGet(46)) - raft.server.log.appender.install.snapshot.enabled = false (custom)
2024-09-15 17:07:31,856 [61f1eb6c-dc17-4b0b-858b-0bb1b85057d5-groupManagement] INFO  server.RaftServerConfigKeys (ConfUtils.java:logGet(46)) - raft.server.threadpool.server.cached = true (default)
2024-09-15 17:07:31,856 [61f1eb6c-dc17-4b0b-858b-0bb1b85057d5-groupManagement] INFO  server.RaftServerConfigKeys (ConfUtils.java:logGet(46)) - raft.server.threadpool.server.size = 0 (default)
2024-09-15 17:07:31,856 [61f1eb6c-dc17-4b0b-858b-0bb1b85057d5-groupManagement] INFO  server.RaftServerConfigKeys (ConfUtils.java:logGet(46)) - raft.server.threadpool.client.cached = true (default)
2024-09-15 17:07:31,856 [61f1eb6c-dc17-4b0b-858b-0bb1b85057d5-groupManagement] INFO  server.RaftServerConfigKeys (ConfUtils.java:logGet(46)) - raft.server.threadpool.client.size = 0 (default)
2024-09-15 17:07:31,856 [61f1eb6c-dc17-4b0b-858b-0bb1b85057d5-groupManagement] INFO  server.RaftServerConfigKeys (ConfUtils.java:logGet(46)) - raft.server.storage.free-space.min = 0MB (=0) (default)
2024-09-15 17:07:31,856 [61f1eb6c-dc17-4b0b-858b-0bb1b85057d5-groupManagement] INFO  server.RaftServerConfigKeys (ConfUtils.java:logGet(46)) - raft.server.log.corruption.policy = EXCEPTION (default)
2024-09-15 17:07:31,856 [61f1eb6c-dc17-4b0b-858b-0bb1b85057d5-groupManagement] INFO  server.RaftServerConfigKeys (ConfUtils.java:logGet(46)) - raft.server.storage.dir = [/home/runner/work/ozone/ozone/hadoop-ozone/integration-test/target/test-dir/MiniOzoneClusterImpl-eca91e6c-a84b-4041-8679-4afba91b5587/ozone-meta/datanode-2/ratis] (custom)
2024-09-15 17:07:31,856 [61f1eb6c-dc17-4b0b-858b-0bb1b85057d5-groupManagement] INFO  storage.RaftStorageDirectory (RaftStorageDirectoryImpl.java:analyzeStorage(138)) - The storage directory /home/runner/work/ozone/ozone/hadoop-ozone/integration-test/target/test-dir/MiniOzoneClusterImpl-eca91e6c-a84b-4041-8679-4afba91b5587/ozone-meta/datanode-2/ratis/bb0751b5-e24a-4f27-8882-e5f3e020c69c does not exist. Creating ...
2024-09-15 17:07:31,858 [61f1eb6c-dc17-4b0b-858b-0bb1b85057d5-groupManagement] INFO  storage.RaftStorageDirectory (RaftStorageDirectoryImpl.java:tryLock(229)) - Lock on /home/runner/work/ozone/ozone/hadoop-ozone/integration-test/target/test-dir/MiniOzoneClusterImpl-eca91e6c-a84b-4041-8679-4afba91b5587/ozone-meta/datanode-2/ratis/bb0751b5-e24a-4f27-8882-e5f3e020c69c/in_use.lock acquired by nodename 77088@fv-az886-12
2024-09-15 17:07:31,859 [61f1eb6c-dc17-4b0b-858b-0bb1b85057d5-groupManagement] INFO  storage.RaftStorage (RaftStorageImpl.java:format(98)) - Storage directory /home/runner/work/ozone/ozone/hadoop-ozone/integration-test/target/test-dir/MiniOzoneClusterImpl-eca91e6c-a84b-4041-8679-4afba91b5587/ozone-meta/datanode-2/ratis/bb0751b5-e24a-4f27-8882-e5f3e020c69c has been successfully formatted.
2024-09-15 17:07:31,859 [61f1eb6c-dc17-4b0b-858b-0bb1b85057d5-groupManagement] INFO  ratis.ContainerStateMachine (ContainerStateMachine.java:loadSnapshot(295)) - group-E5F3E020C69C: The snapshot info is null. Setting the last applied index to:(t:0, i:~)
2024-09-15 17:07:31,859 [61f1eb6c-dc17-4b0b-858b-0bb1b85057d5-groupManagement] INFO  server.RaftServerConfigKeys (ConfUtils.java:logGet(46)) - raft.server.log.use.memory = false (default)
2024-09-15 17:07:31,859 [61f1eb6c-dc17-4b0b-858b-0bb1b85057d5-groupManagement] INFO  server.RaftServerConfigKeys (ConfUtils.java:logGet(46)) - raft.server.log.purge.gap = 1000000 (custom)
2024-09-15 17:07:31,859 [61f1eb6c-dc17-4b0b-858b-0bb1b85057d5-groupManagement] INFO  server.RaftServerConfigKeys (ConfUtils.java:logGet(46)) - raft.server.log.appender.buffer.byte-limit = 33554432 (custom)
2024-09-15 17:07:31,859 [61f1eb6c-dc17-4b0b-858b-0bb1b85057d5-groupManagement] INFO  server.RaftServerConfigKeys (ConfUtils.java:logGet(46)) - raft.server.log.statemachine.data.read.timeout = 1000ms (default)
2024-09-15 17:07:31,859 [61f1eb6c-dc17-4b0b-858b-0bb1b85057d5-groupManagement] INFO  server.RaftServerConfigKeys (ConfUtils.java:logGet(46)) - raft.server.log.purge.preservation.log.num = 0 (default)
2024-09-15 17:07:31,860 [61f1eb6c-dc17-4b0b-858b-0bb1b85057d5-groupManagement] INFO  server.RaftServerConfigKeys (ConfUtils.java:logGet(46)) - raft.server.log.segment.size.max = 67108864 (custom)
2024-09-15 17:07:31,860 [EventQueue-PipelineReportForPipelineReportHandler] INFO  pipeline.PipelineReportHandler (PipelineReportHandler.java:processPipelineReport(136)) - Opened pipeline PipelineID=bb0751b5-e24a-4f27-8882-e5f3e020c69c
2024-09-15 17:07:31,861 [EventQueue-OpenPipelineForHealthyPipelineSafeModeRule] INFO  safemode.SCMSafeModeManager (HealthyPipelineSafeModeRule.java:process(140)) - SCM in safe mode. Healthy pipelines reported count is 0, required healthy pipeline reported count is 1
2024-09-15 17:07:31,861 [61f1eb6c-dc17-4b0b-858b-0bb1b85057d5-groupManagement] INFO  server.RaftServerConfigKeys (ConfUtils.java:logGet(46)) - raft.server.log.segment.cache.num.max = 2 (custom)
2024-09-15 17:07:31,861 [61f1eb6c-dc17-4b0b-858b-0bb1b85057d5-groupManagement] INFO  server.RaftServerConfigKeys (ConfUtils.java:logGet(46)) - raft.server.log.segment.cache.size.max = 200MB (=209715200) (default)
2024-09-15 17:07:31,861 [61f1eb6c-dc17-4b0b-858b-0bb1b85057d5-groupManagement] INFO  server.RaftServerConfigKeys (ConfUtils.java:logGet(46)) - raft.server.log.appender.buffer.byte-limit = 33554432 (custom)
2024-09-15 17:07:31,861 [61f1eb6c-dc17-4b0b-858b-0bb1b85057d5-groupManagement] INFO  util.AwaitToRun (AwaitToRun.java:start(81)) - Thread[61f1eb6c-dc17-4b0b-858b-0bb1b85057d5@group-E5F3E020C69C-cacheEviction-AwaitToRun,5,main] started
2024-09-15 17:07:31,862 [61f1eb6c-dc17-4b0b-858b-0bb1b85057d5-groupManagement] INFO  segmented.SegmentedRaftLogWorker (SegmentedRaftLogWorker.java:<init>(184)) - new 61f1eb6c-dc17-4b0b-858b-0bb1b85057d5@group-E5F3E020C69C-SegmentedRaftLogWorker for RaftStorageImpl:Storage Directory /home/runner/work/ozone/ozone/hadoop-ozone/integration-test/target/test-dir/MiniOzoneClusterImpl-eca91e6c-a84b-4041-8679-4afba91b5587/ozone-meta/datanode-2/ratis/bb0751b5-e24a-4f27-8882-e5f3e020c69c
2024-09-15 17:07:31,862 [61f1eb6c-dc17-4b0b-858b-0bb1b85057d5-groupManagement] INFO  server.RaftServerConfigKeys (ConfUtils.java:logGet(46)) - raft.server.log.queue.byte-limit = 4294967296 (custom)
2024-09-15 17:07:31,862 [61f1eb6c-dc17-4b0b-858b-0bb1b85057d5-groupManagement] INFO  server.RaftServerConfigKeys (ConfUtils.java:logGet(46)) - raft.server.log.queue.element-limit = 1024 (custom)
2024-09-15 17:07:31,862 [61f1eb6c-dc17-4b0b-858b-0bb1b85057d5-groupManagement] INFO  server.RaftServerConfigKeys (ConfUtils.java:logGet(46)) - raft.server.log.segment.size.max = 67108864 (custom)
2024-09-15 17:07:31,862 [61f1eb6c-dc17-4b0b-858b-0bb1b85057d5-groupManagement] INFO  server.RaftServerConfigKeys (ConfUtils.java:logGet(46)) - raft.server.log.preallocated.size = 4194304 (custom)
2024-09-15 17:07:31,862 [61f1eb6c-dc17-4b0b-858b-0bb1b85057d5-groupManagement] INFO  server.RaftServerConfigKeys (ConfUtils.java:logGet(46)) - raft.server.log.force.sync.num = 128 (default)
2024-09-15 17:07:31,862 [61f1eb6c-dc17-4b0b-858b-0bb1b85057d5-groupManagement] INFO  server.RaftServerConfigKeys (ConfUtils.java:logGet(46)) - raft.server.log.statemachine.data.sync = true (default)
2024-09-15 17:07:31,862 [61f1eb6c-dc17-4b0b-858b-0bb1b85057d5-groupManagement] INFO  server.RaftServerConfigKeys (ConfUtils.java:logGet(46)) - raft.server.log.statemachine.data.sync.timeout = 10s (default)
2024-09-15 17:07:31,862 [61f1eb6c-dc17-4b0b-858b-0bb1b85057d5-groupManagement] INFO  server.RaftServerConfigKeys (ConfUtils.java:logGet(46)) - raft.server.log.statemachine.data.sync.timeout.retry = 30 (custom)
2024-09-15 17:07:31,862 [61f1eb6c-dc17-4b0b-858b-0bb1b85057d5-groupManagement] INFO  server.RaftServerConfigKeys (ConfUtils.java:logGet(46)) - raft.server.log.write.buffer.size = 33554440 (custom)
2024-09-15 17:07:31,867 [61f1eb6c-dc17-4b0b-858b-0bb1b85057d5-groupManagement] INFO  server.RaftServerConfigKeys (ConfUtils.java:logGet(46)) - raft.server.log.appender.buffer.byte-limit = 33554432 (custom)
2024-09-15 17:07:31,867 [61f1eb6c-dc17-4b0b-858b-0bb1b85057d5-groupManagement] INFO  server.RaftServerConfigKeys (ConfUtils.java:logGet(46)) - raft.server.log.unsafe-flush.enabled = false (default)
2024-09-15 17:07:31,867 [61f1eb6c-dc17-4b0b-858b-0bb1b85057d5-groupManagement] INFO  server.RaftServerConfigKeys (ConfUtils.java:logGet(46)) - raft.server.log.async-flush.enabled = false (default)
2024-09-15 17:07:31,867 [61f1eb6c-dc17-4b0b-858b-0bb1b85057d5-groupManagement] INFO  server.RaftServerConfigKeys (ConfUtils.java:logGet(46)) - raft.server.log.statemachine.data.caching.enabled = true (custom)
2024-09-15 17:07:31,867 [61f1eb6c-dc17-4b0b-858b-0bb1b85057d5-groupManagement] INFO  segmented.SegmentedRaftLogWorker (SegmentedRaftLogWorker.java:lambda$new$0(135)) - 61f1eb6c-dc17-4b0b-858b-0bb1b85057d5@group-E5F3E020C69C-SegmentedRaftLogWorker: flushIndex: setUnconditionally 0 -> -1
2024-09-15 17:07:31,867 [61f1eb6c-dc17-4b0b-858b-0bb1b85057d5-groupManagement] INFO  segmented.SegmentedRaftLogWorker (SegmentedRaftLogWorker.java:lambda$new$0(135)) - 61f1eb6c-dc17-4b0b-858b-0bb1b85057d5@group-E5F3E020C69C-SegmentedRaftLogWorker: safeCacheEvictIndex: setUnconditionally 0 -> -1
2024-09-15 17:07:31,868 [61f1eb6c-dc17-4b0b-858b-0bb1b85057d5-groupManagement] INFO  server.RaftServer$Division (RaftServerImpl.java:start(389)) - 61f1eb6c-dc17-4b0b-858b-0bb1b85057d5@group-E5F3E020C69C: start as a follower, conf=conf: {index: -1, cur=peers:[61f1eb6c-dc17-4b0b-858b-0bb1b85057d5|127.0.0.1:15180]|listeners:[], old=null}
2024-09-15 17:07:31,868 [61f1eb6c-dc17-4b0b-858b-0bb1b85057d5-groupManagement] INFO  server.RaftServer$Division (RaftServerImpl.java:setRole(376)) - 61f1eb6c-dc17-4b0b-858b-0bb1b85057d5@group-E5F3E020C69C: changes role from      null to FOLLOWER at term 0 for startAsFollower
2024-09-15 17:07:31,868 [61f1eb6c-dc17-4b0b-858b-0bb1b85057d5-groupManagement] INFO  impl.RoleInfo (RoleInfo.java:updateAndGet(148)) - 61f1eb6c-dc17-4b0b-858b-0bb1b85057d5: start 61f1eb6c-dc17-4b0b-858b-0bb1b85057d5@group-E5F3E020C69C-FollowerState
2024-09-15 17:07:31,868 [61f1eb6c-dc17-4b0b-858b-0bb1b85057d5-groupManagement] INFO  util.JmxRegister (JmxRegister.java:tryRegister(44)) - Successfully registered JMX Bean with object name Ratis:service=RaftServer,group=group-E5F3E020C69C,id=61f1eb6c-dc17-4b0b-858b-0bb1b85057d5
2024-09-15 17:07:31,868 [61f1eb6c-dc17-4b0b-858b-0bb1b85057d5-groupManagement] INFO  util.JmxRegister (JmxRegister.java:register(58)) - register mxBean class org.apache.ratis.server.impl.RaftServerJmxAdapter as Ratis:service=RaftServer,group=group-E5F3E020C69C,id=61f1eb6c-dc17-4b0b-858b-0bb1b85057d5
2024-09-15 17:07:31,868 [61f1eb6c-dc17-4b0b-858b-0bb1b85057d5-groupManagement] INFO  server.RaftServerConfigKeys (ConfUtils.java:logGet(46)) - raft.server.snapshot.trigger-when-stop.enabled = true (default)
2024-09-15 17:07:31,868 [61f1eb6c-dc17-4b0b-858b-0bb1b85057d5-groupManagement] INFO  server.RaftServerConfigKeys (ConfUtils.java:logGet(46)) - raft.server.snapshot.trigger-when-remove.enabled = true (default)
2024-09-15 17:07:31,868 [61f1eb6c-dc17-4b0b-858b-0bb1b85057d5-groupManagement] INFO  server.RaftServerConfigKeys (ConfUtils.java:logGet(46)) - raft.server.snapshot.auto.trigger.enabled = true (custom)
2024-09-15 17:07:31,868 [61f1eb6c-dc17-4b0b-858b-0bb1b85057d5-groupManagement] INFO  server.RaftServerConfigKeys (ConfUtils.java:logGet(46)) - raft.server.snapshot.auto.trigger.threshold = 10000 (custom)
2024-09-15 17:07:31,868 [61f1eb6c-dc17-4b0b-858b-0bb1b85057d5-groupManagement] INFO  server.RaftServerConfigKeys (ConfUtils.java:logGet(46)) - raft.server.snapshot.retention.file.num = 5 (custom)
2024-09-15 17:07:31,868 [61f1eb6c-dc17-4b0b-858b-0bb1b85057d5-groupManagement] INFO  server.RaftServerConfigKeys (ConfUtils.java:logGet(46)) - raft.server.log.purge.upto.snapshot.index = false (default)
2024-09-15 17:07:31,868 [61f1eb6c-dc17-4b0b-858b-0bb1b85057d5@group-E5F3E020C69C-FollowerState] INFO  server.RaftServerConfigKeys (ConfUtils.java:logFallback(53)) - raft.server.rpc.first-election.timeout.min = 5s (fallback to raft.server.rpc.timeout.min)
2024-09-15 17:07:31,869 [61f1eb6c-dc17-4b0b-858b-0bb1b85057d5@group-E5F3E020C69C-FollowerState] INFO  server.RaftServerConfigKeys (ConfUtils.java:logFallback(53)) - raft.server.rpc.first-election.timeout.max = 5200ms (fallback to raft.server.rpc.timeout.max)
2024-09-15 17:07:31,869 [61f1eb6c-dc17-4b0b-858b-0bb1b85057d5-PipelineCommandHandlerThread-0] INFO  ratis.XceiverServerRatis (XceiverServerRatis.java:addGroup(849)) - Created group PipelineID=bb0751b5-e24a-4f27-8882-e5f3e020c69c
2024-09-15 17:07:31,869 [61f1eb6c-dc17-4b0b-858b-0bb1b85057d5-PipelineCommandHandlerThread-0] INFO  commandhandler.CreatePipelineCommandHandler (CreatePipelineCommandHandler.java:lambda$handle$2(124)) - Created Pipeline RATIS ONE PipelineID=bb0751b5-e24a-4f27-8882-e5f3e020c69c.
2024-09-15 17:07:32,085 [fdb1bdfc-cd38-46a5-a741-21faac0cf152-PipelineCommandHandlerThread-0] INFO  server.RaftServer (RaftServerProxy.java:addNew(101)) - fdb1bdfc-cd38-46a5-a741-21faac0cf152: addNew group-8F56DEC8FDF9:[fdb1bdfc-cd38-46a5-a741-21faac0cf152|127.0.0.1:15189] returns group-8F56DEC8FDF9:java.util.concurrent.CompletableFuture@27e08918[Not completed]
2024-09-15 17:07:32,087 [fdb1bdfc-cd38-46a5-a741-21faac0cf152-groupManagement] INFO  server.RaftServer$Division (RaftServerImpl.java:<init>(253)) - fdb1bdfc-cd38-46a5-a741-21faac0cf152: new RaftServerImpl for group-8F56DEC8FDF9:[fdb1bdfc-cd38-46a5-a741-21faac0cf152|127.0.0.1:15189] with ContainerStateMachine:uninitialized
2024-09-15 17:07:32,087 [fdb1bdfc-cd38-46a5-a741-21faac0cf152-groupManagement] INFO  server.RaftServerConfigKeys (ConfUtils.java:logGet(46)) - raft.server.rpc.timeout.min = 5s (custom)
2024-09-15 17:07:32,087 [fdb1bdfc-cd38-46a5-a741-21faac0cf152-groupManagement] INFO  server.RaftServerConfigKeys (ConfUtils.java:logGet(46)) - raft.server.rpc.timeout.max = 5200ms (custom)
2024-09-15 17:07:32,087 [fdb1bdfc-cd38-46a5-a741-21faac0cf152-groupManagement] INFO  server.RaftServerConfigKeys (ConfUtils.java:logGet(46)) - raft.server.rpc.sleep.time = 25ms (default)
2024-09-15 17:07:32,087 [fdb1bdfc-cd38-46a5-a741-21faac0cf152-groupManagement] INFO  server.RaftServerConfigKeys (ConfUtils.java:logGet(46)) - raft.server.rpc.slowness.timeout = 300000ms (custom)
2024-09-15 17:07:32,087 [fdb1bdfc-cd38-46a5-a741-21faac0cf152-groupManagement] INFO  server.RaftServerConfigKeys (ConfUtils.java:logGet(46)) - raft.server.leaderelection.leader.step-down.wait-time = 10s (default)
2024-09-15 17:07:32,087 [fdb1bdfc-cd38-46a5-a741-21faac0cf152-groupManagement] INFO  server.RaftServerConfigKeys (ConfUtils.java:logGet(46)) - raft.server.leaderelection.member.majority-add = false (default)
2024-09-15 17:07:32,087 [fdb1bdfc-cd38-46a5-a741-21faac0cf152-groupManagement] INFO  server.RaftServerConfigKeys (ConfUtils.java:logGet(46)) - raft.server.sleep.deviation.threshold = 300ms (default)
2024-09-15 17:07:32,087 [fdb1bdfc-cd38-46a5-a741-21faac0cf152-groupManagement] INFO  server.RaftServer$Division (ServerState.java:<init>(114)) - fdb1bdfc-cd38-46a5-a741-21faac0cf152@group-8F56DEC8FDF9: ConfigurationManager, init=conf: {index: -1, cur=peers:[fdb1bdfc-cd38-46a5-a741-21faac0cf152|127.0.0.1:15189]|listeners:[], old=null}, confs=<EMPTY_MAP>
2024-09-15 17:07:32,087 [fdb1bdfc-cd38-46a5-a741-21faac0cf152-groupManagement] INFO  server.RaftServerConfigKeys (ConfUtils.java:logGet(46)) - raft.server.notification.no-leader.timeout = 300000ms (custom)
2024-09-15 17:07:32,087 [fdb1bdfc-cd38-46a5-a741-21faac0cf152-groupManagement] INFO  server.RaftServerConfigKeys (ConfUtils.java:logGet(46)) - raft.server.read.timeout = 10s (default)
2024-09-15 17:07:32,087 [fdb1bdfc-cd38-46a5-a741-21faac0cf152-groupManagement] INFO  server.RaftServerConfigKeys (ConfUtils.java:logGet(46)) - raft.server.retrycache.expirytime = 600000ms (custom)
2024-09-15 17:07:32,087 [fdb1bdfc-cd38-46a5-a741-21faac0cf152-groupManagement] INFO  server.RaftServerConfigKeys (ConfUtils.java:logGet(46)) - raft.server.retrycache.statistics.expirytime = 100ms (default)
2024-09-15 17:07:32,087 [fdb1bdfc-cd38-46a5-a741-21faac0cf152-groupManagement] INFO  server.RaftServerConfigKeys (ConfUtils.java:logGet(46)) - raft.server.read.option = DEFAULT (default)
2024-09-15 17:07:32,087 [fdb1bdfc-cd38-46a5-a741-21faac0cf152-groupManagement] INFO  server.RaftServerConfigKeys (ConfUtils.java:logGet(46)) - raft.server.read.read-after-write-consistent.write-index-cache.expiry-time = 60s (default)
2024-09-15 17:07:32,089 [fdb1bdfc-cd38-46a5-a741-21faac0cf152-groupManagement] INFO  server.RaftServerConfigKeys (ConfUtils.java:logGet(46)) - raft.server.rpc.request.timeout = 3000ms (default)
2024-09-15 17:07:32,089 [fdb1bdfc-cd38-46a5-a741-21faac0cf152-groupManagement] INFO  server.RaftServerConfigKeys (ConfUtils.java:logGet(46)) - raft.server.log.appender.install.snapshot.enabled = false (custom)
2024-09-15 17:07:32,089 [fdb1bdfc-cd38-46a5-a741-21faac0cf152-groupManagement] INFO  server.RaftServerConfigKeys (ConfUtils.java:logGet(46)) - raft.server.threadpool.server.cached = true (default)
2024-09-15 17:07:32,089 [fdb1bdfc-cd38-46a5-a741-21faac0cf152-groupManagement] INFO  server.RaftServerConfigKeys (ConfUtils.java:logGet(46)) - raft.server.threadpool.server.size = 0 (default)
2024-09-15 17:07:32,089 [fdb1bdfc-cd38-46a5-a741-21faac0cf152-groupManagement] INFO  server.RaftServerConfigKeys (ConfUtils.java:logGet(46)) - raft.server.threadpool.client.cached = true (default)
2024-09-15 17:07:32,089 [fdb1bdfc-cd38-46a5-a741-21faac0cf152-groupManagement] INFO  server.RaftServerConfigKeys (ConfUtils.java:logGet(46)) - raft.server.threadpool.client.size = 0 (default)
2024-09-15 17:07:32,089 [fdb1bdfc-cd38-46a5-a741-21faac0cf152-groupManagement] INFO  server.RaftServerConfigKeys (ConfUtils.java:logGet(46)) - raft.server.storage.free-space.min = 0MB (=0) (default)
2024-09-15 17:07:32,089 [fdb1bdfc-cd38-46a5-a741-21faac0cf152-groupManagement] INFO  server.RaftServerConfigKeys (ConfUtils.java:logGet(46)) - raft.server.log.corruption.policy = EXCEPTION (default)
2024-09-15 17:07:32,089 [fdb1bdfc-cd38-46a5-a741-21faac0cf152-groupManagement] INFO  server.RaftServerConfigKeys (ConfUtils.java:logGet(46)) - raft.server.storage.dir = [/home/runner/work/ozone/ozone/hadoop-ozone/integration-test/target/test-dir/MiniOzoneClusterImpl-eca91e6c-a84b-4041-8679-4afba91b5587/ozone-meta/datanode-3/ratis] (custom)
2024-09-15 17:07:32,089 [fdb1bdfc-cd38-46a5-a741-21faac0cf152-groupManagement] INFO  storage.RaftStorageDirectory (RaftStorageDirectoryImpl.java:analyzeStorage(138)) - The storage directory /home/runner/work/ozone/ozone/hadoop-ozone/integration-test/target/test-dir/MiniOzoneClusterImpl-eca91e6c-a84b-4041-8679-4afba91b5587/ozone-meta/datanode-3/ratis/349c8c24-32be-4db9-8598-8f56dec8fdf9 does not exist. Creating ...
2024-09-15 17:07:32,091 [fdb1bdfc-cd38-46a5-a741-21faac0cf152-groupManagement] INFO  storage.RaftStorageDirectory (RaftStorageDirectoryImpl.java:tryLock(229)) - Lock on /home/runner/work/ozone/ozone/hadoop-ozone/integration-test/target/test-dir/MiniOzoneClusterImpl-eca91e6c-a84b-4041-8679-4afba91b5587/ozone-meta/datanode-3/ratis/349c8c24-32be-4db9-8598-8f56dec8fdf9/in_use.lock acquired by nodename 77088@fv-az886-12
2024-09-15 17:07:32,092 [fdb1bdfc-cd38-46a5-a741-21faac0cf152-groupManagement] INFO  storage.RaftStorage (RaftStorageImpl.java:format(98)) - Storage directory /home/runner/work/ozone/ozone/hadoop-ozone/integration-test/target/test-dir/MiniOzoneClusterImpl-eca91e6c-a84b-4041-8679-4afba91b5587/ozone-meta/datanode-3/ratis/349c8c24-32be-4db9-8598-8f56dec8fdf9 has been successfully formatted.
2024-09-15 17:07:32,093 [fdb1bdfc-cd38-46a5-a741-21faac0cf152-groupManagement] INFO  ratis.ContainerStateMachine (ContainerStateMachine.java:loadSnapshot(295)) - group-8F56DEC8FDF9: The snapshot info is null. Setting the last applied index to:(t:0, i:~)
2024-09-15 17:07:32,093 [fdb1bdfc-cd38-46a5-a741-21faac0cf152-groupManagement] INFO  server.RaftServerConfigKeys (ConfUtils.java:logGet(46)) - raft.server.log.use.memory = false (default)
2024-09-15 17:07:32,093 [fdb1bdfc-cd38-46a5-a741-21faac0cf152-groupManagement] INFO  server.RaftServerConfigKeys (ConfUtils.java:logGet(46)) - raft.server.log.purge.gap = 1000000 (custom)
2024-09-15 17:07:32,093 [fdb1bdfc-cd38-46a5-a741-21faac0cf152-groupManagement] INFO  server.RaftServerConfigKeys (ConfUtils.java:logGet(46)) - raft.server.log.appender.buffer.byte-limit = 33554432 (custom)
2024-09-15 17:07:32,093 [fdb1bdfc-cd38-46a5-a741-21faac0cf152-groupManagement] INFO  server.RaftServerConfigKeys (ConfUtils.java:logGet(46)) - raft.server.log.statemachine.data.read.timeout = 1000ms (default)
2024-09-15 17:07:32,093 [fdb1bdfc-cd38-46a5-a741-21faac0cf152-groupManagement] INFO  server.RaftServerConfigKeys (ConfUtils.java:logGet(46)) - raft.server.log.purge.preservation.log.num = 0 (default)
2024-09-15 17:07:32,094 [fdb1bdfc-cd38-46a5-a741-21faac0cf152-groupManagement] INFO  server.RaftServerConfigKeys (ConfUtils.java:logGet(46)) - raft.server.log.segment.size.max = 67108864 (custom)
2024-09-15 17:07:32,094 [EventQueue-PipelineReportForPipelineReportHandler] INFO  pipeline.PipelineReportHandler (PipelineReportHandler.java:processPipelineReport(136)) - Opened pipeline PipelineID=349c8c24-32be-4db9-8598-8f56dec8fdf9
2024-09-15 17:07:32,094 [fdb1bdfc-cd38-46a5-a741-21faac0cf152-groupManagement] INFO  server.RaftServerConfigKeys (ConfUtils.java:logGet(46)) - raft.server.log.segment.cache.num.max = 2 (custom)
2024-09-15 17:07:32,094 [fdb1bdfc-cd38-46a5-a741-21faac0cf152-groupManagement] INFO  server.RaftServerConfigKeys (ConfUtils.java:logGet(46)) - raft.server.log.segment.cache.size.max = 200MB (=209715200) (default)
2024-09-15 17:07:32,094 [fdb1bdfc-cd38-46a5-a741-21faac0cf152-groupManagement] INFO  server.RaftServerConfigKeys (ConfUtils.java:logGet(46)) - raft.server.log.appender.buffer.byte-limit = 33554432 (custom)
2024-09-15 17:07:32,094 [EventQueue-OpenPipelineForHealthyPipelineSafeModeRule] INFO  safemode.SCMSafeModeManager (HealthyPipelineSafeModeRule.java:process(140)) - SCM in safe mode. Healthy pipelines reported count is 0, required healthy pipeline reported count is 1
2024-09-15 17:07:32,095 [fdb1bdfc-cd38-46a5-a741-21faac0cf152-groupManagement] INFO  util.AwaitToRun (AwaitToRun.java:start(81)) - Thread[fdb1bdfc-cd38-46a5-a741-21faac0cf152@group-8F56DEC8FDF9-cacheEviction-AwaitToRun,5,main] started
2024-09-15 17:07:32,095 [fdb1bdfc-cd38-46a5-a741-21faac0cf152-groupManagement] INFO  segmented.SegmentedRaftLogWorker (SegmentedRaftLogWorker.java:<init>(184)) - new fdb1bdfc-cd38-46a5-a741-21faac0cf152@group-8F56DEC8FDF9-SegmentedRaftLogWorker for RaftStorageImpl:Storage Directory /home/runner/work/ozone/ozone/hadoop-ozone/integration-test/target/test-dir/MiniOzoneClusterImpl-eca91e6c-a84b-4041-8679-4afba91b5587/ozone-meta/datanode-3/ratis/349c8c24-32be-4db9-8598-8f56dec8fdf9
2024-09-15 17:07:32,095 [fdb1bdfc-cd38-46a5-a741-21faac0cf152-groupManagement] INFO  server.RaftServerConfigKeys (ConfUtils.java:logGet(46)) - raft.server.log.queue.byte-limit = 4294967296 (custom)
2024-09-15 17:07:32,095 [fdb1bdfc-cd38-46a5-a741-21faac0cf152-groupManagement] INFO  server.RaftServerConfigKeys (ConfUtils.java:logGet(46)) - raft.server.log.queue.element-limit = 1024 (custom)
2024-09-15 17:07:32,095 [fdb1bdfc-cd38-46a5-a741-21faac0cf152-groupManagement] INFO  server.RaftServerConfigKeys (ConfUtils.java:logGet(46)) - raft.server.log.segment.size.max = 67108864 (custom)
2024-09-15 17:07:32,095 [fdb1bdfc-cd38-46a5-a741-21faac0cf152-groupManagement] INFO  server.RaftServerConfigKeys (ConfUtils.java:logGet(46)) - raft.server.log.preallocated.size = 4194304 (custom)
2024-09-15 17:07:32,095 [fdb1bdfc-cd38-46a5-a741-21faac0cf152-groupManagement] INFO  server.RaftServerConfigKeys (ConfUtils.java:logGet(46)) - raft.server.log.force.sync.num = 128 (default)
2024-09-15 17:07:32,095 [fdb1bdfc-cd38-46a5-a741-21faac0cf152-groupManagement] INFO  server.RaftServerConfigKeys (ConfUtils.java:logGet(46)) - raft.server.log.statemachine.data.sync = true (default)
2024-09-15 17:07:32,095 [fdb1bdfc-cd38-46a5-a741-21faac0cf152-groupManagement] INFO  server.RaftServerConfigKeys (ConfUtils.java:logGet(46)) - raft.server.log.statemachine.data.sync.timeout = 10s (default)
2024-09-15 17:07:32,095 [fdb1bdfc-cd38-46a5-a741-21faac0cf152-groupManagement] INFO  server.RaftServerConfigKeys (ConfUtils.java:logGet(46)) - raft.server.log.statemachine.data.sync.timeout.retry = 30 (custom)
2024-09-15 17:07:32,095 [fdb1bdfc-cd38-46a5-a741-21faac0cf152-groupManagement] INFO  server.RaftServerConfigKeys (ConfUtils.java:logGet(46)) - raft.server.log.write.buffer.size = 33554440 (custom)
2024-09-15 17:07:32,099 [fdb1bdfc-cd38-46a5-a741-21faac0cf152-groupManagement] INFO  server.RaftServerConfigKeys (ConfUtils.java:logGet(46)) - raft.server.log.appender.buffer.byte-limit = 33554432 (custom)
2024-09-15 17:07:32,099 [fdb1bdfc-cd38-46a5-a741-21faac0cf152-groupManagement] INFO  server.RaftServerConfigKeys (ConfUtils.java:logGet(46)) - raft.server.log.unsafe-flush.enabled = false (default)
2024-09-15 17:07:32,099 [fdb1bdfc-cd38-46a5-a741-21faac0cf152-groupManagement] INFO  server.RaftServerConfigKeys (ConfUtils.java:logGet(46)) - raft.server.log.async-flush.enabled = false (default)
2024-09-15 17:07:32,099 [fdb1bdfc-cd38-46a5-a741-21faac0cf152-groupManagement] INFO  server.RaftServerConfigKeys (ConfUtils.java:logGet(46)) - raft.server.log.statemachine.data.caching.enabled = true (custom)
2024-09-15 17:07:32,099 [fdb1bdfc-cd38-46a5-a741-21faac0cf152-groupManagement] INFO  segmented.SegmentedRaftLogWorker (SegmentedRaftLogWorker.java:lambda$new$0(135)) - fdb1bdfc-cd38-46a5-a741-21faac0cf152@group-8F56DEC8FDF9-SegmentedRaftLogWorker: flushIndex: setUnconditionally 0 -> -1
2024-09-15 17:07:32,100 [fdb1bdfc-cd38-46a5-a741-21faac0cf152-groupManagement] INFO  segmented.SegmentedRaftLogWorker (SegmentedRaftLogWorker.java:lambda$new$0(135)) - fdb1bdfc-cd38-46a5-a741-21faac0cf152@group-8F56DEC8FDF9-SegmentedRaftLogWorker: safeCacheEvictIndex: setUnconditionally 0 -> -1
2024-09-15 17:07:32,100 [fdb1bdfc-cd38-46a5-a741-21faac0cf152-groupManagement] INFO  server.RaftServer$Division (RaftServerImpl.java:start(389)) - fdb1bdfc-cd38-46a5-a741-21faac0cf152@group-8F56DEC8FDF9: start as a follower, conf=conf: {index: -1, cur=peers:[fdb1bdfc-cd38-46a5-a741-21faac0cf152|127.0.0.1:15189]|listeners:[], old=null}
2024-09-15 17:07:32,100 [fdb1bdfc-cd38-46a5-a741-21faac0cf152-groupManagement] INFO  server.RaftServer$Division (RaftServerImpl.java:setRole(376)) - fdb1bdfc-cd38-46a5-a741-21faac0cf152@group-8F56DEC8FDF9: changes role from      null to FOLLOWER at term 0 for startAsFollower
2024-09-15 17:07:32,100 [fdb1bdfc-cd38-46a5-a741-21faac0cf152-groupManagement] INFO  impl.RoleInfo (RoleInfo.java:updateAndGet(148)) - fdb1bdfc-cd38-46a5-a741-21faac0cf152: start fdb1bdfc-cd38-46a5-a741-21faac0cf152@group-8F56DEC8FDF9-FollowerState
2024-09-15 17:07:32,100 [fdb1bdfc-cd38-46a5-a741-21faac0cf152@group-8F56DEC8FDF9-FollowerState] INFO  server.RaftServerConfigKeys (ConfUtils.java:logFallback(53)) - raft.server.rpc.first-election.timeout.min = 5s (fallback to raft.server.rpc.timeout.min)
2024-09-15 17:07:32,100 [fdb1bdfc-cd38-46a5-a741-21faac0cf152-groupManagement] INFO  util.JmxRegister (JmxRegister.java:tryRegister(44)) - Successfully registered JMX Bean with object name Ratis:service=RaftServer,group=group-8F56DEC8FDF9,id=fdb1bdfc-cd38-46a5-a741-21faac0cf152
2024-09-15 17:07:32,100 [fdb1bdfc-cd38-46a5-a741-21faac0cf152-groupManagement] INFO  util.JmxRegister (JmxRegister.java:register(58)) - register mxBean class org.apache.ratis.server.impl.RaftServerJmxAdapter as Ratis:service=RaftServer,group=group-8F56DEC8FDF9,id=fdb1bdfc-cd38-46a5-a741-21faac0cf152
2024-09-15 17:07:32,100 [fdb1bdfc-cd38-46a5-a741-21faac0cf152@group-8F56DEC8FDF9-FollowerState] INFO  server.RaftServerConfigKeys (ConfUtils.java:logFallback(53)) - raft.server.rpc.first-election.timeout.max = 5200ms (fallback to raft.server.rpc.timeout.max)
2024-09-15 17:07:32,100 [fdb1bdfc-cd38-46a5-a741-21faac0cf152-groupManagement] INFO  server.RaftServerConfigKeys (ConfUtils.java:logGet(46)) - raft.server.snapshot.trigger-when-stop.enabled = true (default)
2024-09-15 17:07:32,101 [fdb1bdfc-cd38-46a5-a741-21faac0cf152-groupManagement] INFO  server.RaftServerConfigKeys (ConfUtils.java:logGet(46)) - raft.server.snapshot.trigger-when-remove.enabled = true (default)
2024-09-15 17:07:32,101 [fdb1bdfc-cd38-46a5-a741-21faac0cf152-groupManagement] INFO  server.RaftServerConfigKeys (ConfUtils.java:logGet(46)) - raft.server.snapshot.auto.trigger.enabled = true (custom)
2024-09-15 17:07:32,101 [fdb1bdfc-cd38-46a5-a741-21faac0cf152-groupManagement] INFO  server.RaftServerConfigKeys (ConfUtils.java:logGet(46)) - raft.server.snapshot.auto.trigger.threshold = 10000 (custom)
2024-09-15 17:07:32,101 [fdb1bdfc-cd38-46a5-a741-21faac0cf152-groupManagement] INFO  server.RaftServerConfigKeys (ConfUtils.java:logGet(46)) - raft.server.snapshot.retention.file.num = 5 (custom)
2024-09-15 17:07:32,101 [fdb1bdfc-cd38-46a5-a741-21faac0cf152-groupManagement] INFO  server.RaftServerConfigKeys (ConfUtils.java:logGet(46)) - raft.server.log.purge.upto.snapshot.index = false (default)
2024-09-15 17:07:32,101 [fdb1bdfc-cd38-46a5-a741-21faac0cf152-PipelineCommandHandlerThread-0] INFO  ratis.XceiverServerRatis (XceiverServerRatis.java:addGroup(849)) - Created group PipelineID=349c8c24-32be-4db9-8598-8f56dec8fdf9
2024-09-15 17:07:32,101 [fdb1bdfc-cd38-46a5-a741-21faac0cf152-PipelineCommandHandlerThread-0] INFO  commandhandler.CreatePipelineCommandHandler (CreatePipelineCommandHandler.java:lambda$handle$2(124)) - Created Pipeline RATIS ONE PipelineID=349c8c24-32be-4db9-8598-8f56dec8fdf9.
2024-09-15 17:07:32,325 [c2143be1-a980-4ca9-9b44-5c7f6a3ce2c0-PipelineCommandHandlerThread-0] INFO  server.RaftServer (RaftServerProxy.java:addNew(101)) - c2143be1-a980-4ca9-9b44-5c7f6a3ce2c0: addNew group-05952570BAB2:[c2143be1-a980-4ca9-9b44-5c7f6a3ce2c0|127.0.0.1:15198] returns group-05952570BAB2:java.util.concurrent.CompletableFuture@3b31896a[Not completed]
2024-09-15 17:07:32,326 [c2143be1-a980-4ca9-9b44-5c7f6a3ce2c0-groupManagement] INFO  server.RaftServer$Division (RaftServerImpl.java:<init>(253)) - c2143be1-a980-4ca9-9b44-5c7f6a3ce2c0: new RaftServerImpl for group-05952570BAB2:[c2143be1-a980-4ca9-9b44-5c7f6a3ce2c0|127.0.0.1:15198] with ContainerStateMachine:uninitialized
2024-09-15 17:07:32,326 [c2143be1-a980-4ca9-9b44-5c7f6a3ce2c0-groupManagement] INFO  server.RaftServerConfigKeys (ConfUtils.java:logGet(46)) - raft.server.rpc.timeout.min = 5s (custom)
2024-09-15 17:07:32,326 [c2143be1-a980-4ca9-9b44-5c7f6a3ce2c0-groupManagement] INFO  server.RaftServerConfigKeys (ConfUtils.java:logGet(46)) - raft.server.rpc.timeout.max = 5200ms (custom)
2024-09-15 17:07:32,326 [c2143be1-a980-4ca9-9b44-5c7f6a3ce2c0-groupManagement] INFO  server.RaftServerConfigKeys (ConfUtils.java:logGet(46)) - raft.server.rpc.sleep.time = 25ms (default)
2024-09-15 17:07:32,326 [c2143be1-a980-4ca9-9b44-5c7f6a3ce2c0-groupManagement] INFO  server.RaftServerConfigKeys (ConfUtils.java:logGet(46)) - raft.server.rpc.slowness.timeout = 300000ms (custom)
2024-09-15 17:07:32,326 [c2143be1-a980-4ca9-9b44-5c7f6a3ce2c0-groupManagement] INFO  server.RaftServerConfigKeys (ConfUtils.java:logGet(46)) - raft.server.leaderelection.leader.step-down.wait-time = 10s (default)
2024-09-15 17:07:32,326 [c2143be1-a980-4ca9-9b44-5c7f6a3ce2c0-groupManagement] INFO  server.RaftServerConfigKeys (ConfUtils.java:logGet(46)) - raft.server.leaderelection.member.majority-add = false (default)
2024-09-15 17:07:32,326 [c2143be1-a980-4ca9-9b44-5c7f6a3ce2c0-groupManagement] INFO  server.RaftServerConfigKeys (ConfUtils.java:logGet(46)) - raft.server.sleep.deviation.threshold = 300ms (default)
2024-09-15 17:07:32,326 [c2143be1-a980-4ca9-9b44-5c7f6a3ce2c0-groupManagement] INFO  server.RaftServer$Division (ServerState.java:<init>(114)) - c2143be1-a980-4ca9-9b44-5c7f6a3ce2c0@group-05952570BAB2: ConfigurationManager, init=conf: {index: -1, cur=peers:[c2143be1-a980-4ca9-9b44-5c7f6a3ce2c0|127.0.0.1:15198]|listeners:[], old=null}, confs=<EMPTY_MAP>
2024-09-15 17:07:32,326 [c2143be1-a980-4ca9-9b44-5c7f6a3ce2c0-groupManagement] INFO  server.RaftServerConfigKeys (ConfUtils.java:logGet(46)) - raft.server.notification.no-leader.timeout = 300000ms (custom)
2024-09-15 17:07:32,326 [c2143be1-a980-4ca9-9b44-5c7f6a3ce2c0-groupManagement] INFO  server.RaftServerConfigKeys (ConfUtils.java:logGet(46)) - raft.server.read.timeout = 10s (default)
2024-09-15 17:07:32,326 [c2143be1-a980-4ca9-9b44-5c7f6a3ce2c0-groupManagement] INFO  server.RaftServerConfigKeys (ConfUtils.java:logGet(46)) - raft.server.retrycache.expirytime = 600000ms (custom)
2024-09-15 17:07:32,326 [c2143be1-a980-4ca9-9b44-5c7f6a3ce2c0-groupManagement] INFO  server.RaftServerConfigKeys (ConfUtils.java:logGet(46)) - raft.server.retrycache.statistics.expirytime = 100ms (default)
2024-09-15 17:07:32,326 [c2143be1-a980-4ca9-9b44-5c7f6a3ce2c0-groupManagement] INFO  server.RaftServerConfigKeys (ConfUtils.java:logGet(46)) - raft.server.read.option = DEFAULT (default)
2024-09-15 17:07:32,326 [c2143be1-a980-4ca9-9b44-5c7f6a3ce2c0-groupManagement] INFO  server.RaftServerConfigKeys (ConfUtils.java:logGet(46)) - raft.server.read.read-after-write-consistent.write-index-cache.expiry-time = 60s (default)
2024-09-15 17:07:32,329 [c2143be1-a980-4ca9-9b44-5c7f6a3ce2c0-groupManagement] INFO  server.RaftServerConfigKeys (ConfUtils.java:logGet(46)) - raft.server.rpc.request.timeout = 3000ms (default)
2024-09-15 17:07:32,329 [c2143be1-a980-4ca9-9b44-5c7f6a3ce2c0-groupManagement] INFO  server.RaftServerConfigKeys (ConfUtils.java:logGet(46)) - raft.server.log.appender.install.snapshot.enabled = false (custom)
2024-09-15 17:07:32,329 [c2143be1-a980-4ca9-9b44-5c7f6a3ce2c0-groupManagement] INFO  server.RaftServerConfigKeys (ConfUtils.java:logGet(46)) - raft.server.threadpool.server.cached = true (default)
2024-09-15 17:07:32,329 [c2143be1-a980-4ca9-9b44-5c7f6a3ce2c0-groupManagement] INFO  server.RaftServerConfigKeys (ConfUtils.java:logGet(46)) - raft.server.threadpool.server.size = 0 (default)
2024-09-15 17:07:32,329 [c2143be1-a980-4ca9-9b44-5c7f6a3ce2c0-groupManagement] INFO  server.RaftServerConfigKeys (ConfUtils.java:logGet(46)) - raft.server.threadpool.client.cached = true (default)
2024-09-15 17:07:32,329 [c2143be1-a980-4ca9-9b44-5c7f6a3ce2c0-groupManagement] INFO  server.RaftServerConfigKeys (ConfUtils.java:logGet(46)) - raft.server.threadpool.client.size = 0 (default)
2024-09-15 17:07:32,329 [c2143be1-a980-4ca9-9b44-5c7f6a3ce2c0-groupManagement] INFO  server.RaftServerConfigKeys (ConfUtils.java:logGet(46)) - raft.server.storage.free-space.min = 0MB (=0) (default)
2024-09-15 17:07:32,329 [c2143be1-a980-4ca9-9b44-5c7f6a3ce2c0-groupManagement] INFO  server.RaftServerConfigKeys (ConfUtils.java:logGet(46)) - raft.server.log.corruption.policy = EXCEPTION (default)
2024-09-15 17:07:32,329 [c2143be1-a980-4ca9-9b44-5c7f6a3ce2c0-groupManagement] INFO  server.RaftServerConfigKeys (ConfUtils.java:logGet(46)) - raft.server.storage.dir = [/home/runner/work/ozone/ozone/hadoop-ozone/integration-test/target/test-dir/MiniOzoneClusterImpl-eca91e6c-a84b-4041-8679-4afba91b5587/ozone-meta/datanode-4/ratis] (custom)
2024-09-15 17:07:32,329 [c2143be1-a980-4ca9-9b44-5c7f6a3ce2c0-groupManagement] INFO  storage.RaftStorageDirectory (RaftStorageDirectoryImpl.java:analyzeStorage(138)) - The storage directory /home/runner/work/ozone/ozone/hadoop-ozone/integration-test/target/test-dir/MiniOzoneClusterImpl-eca91e6c-a84b-4041-8679-4afba91b5587/ozone-meta/datanode-4/ratis/fac42d6e-3b68-4e87-9f93-05952570bab2 does not exist. Creating ...
2024-09-15 17:07:32,331 [c2143be1-a980-4ca9-9b44-5c7f6a3ce2c0-groupManagement] INFO  storage.RaftStorageDirectory (RaftStorageDirectoryImpl.java:tryLock(229)) - Lock on /home/runner/work/ozone/ozone/hadoop-ozone/integration-test/target/test-dir/MiniOzoneClusterImpl-eca91e6c-a84b-4041-8679-4afba91b5587/ozone-meta/datanode-4/ratis/fac42d6e-3b68-4e87-9f93-05952570bab2/in_use.lock acquired by nodename 77088@fv-az886-12
2024-09-15 17:07:32,332 [c2143be1-a980-4ca9-9b44-5c7f6a3ce2c0-groupManagement] INFO  storage.RaftStorage (RaftStorageImpl.java:format(98)) - Storage directory /home/runner/work/ozone/ozone/hadoop-ozone/integration-test/target/test-dir/MiniOzoneClusterImpl-eca91e6c-a84b-4041-8679-4afba91b5587/ozone-meta/datanode-4/ratis/fac42d6e-3b68-4e87-9f93-05952570bab2 has been successfully formatted.
2024-09-15 17:07:32,332 [c2143be1-a980-4ca9-9b44-5c7f6a3ce2c0-groupManagement] INFO  ratis.ContainerStateMachine (ContainerStateMachine.java:loadSnapshot(295)) - group-05952570BAB2: The snapshot info is null. Setting the last applied index to:(t:0, i:~)
2024-09-15 17:07:32,332 [c2143be1-a980-4ca9-9b44-5c7f6a3ce2c0-groupManagement] INFO  server.RaftServerConfigKeys (ConfUtils.java:logGet(46)) - raft.server.log.use.memory = false (default)
2024-09-15 17:07:32,332 [c2143be1-a980-4ca9-9b44-5c7f6a3ce2c0-groupManagement] INFO  server.RaftServerConfigKeys (ConfUtils.java:logGet(46)) - raft.server.log.purge.gap = 1000000 (custom)
2024-09-15 17:07:32,332 [c2143be1-a980-4ca9-9b44-5c7f6a3ce2c0-groupManagement] INFO  server.RaftServerConfigKeys (ConfUtils.java:logGet(46)) - raft.server.log.appender.buffer.byte-limit = 33554432 (custom)
2024-09-15 17:07:32,332 [c2143be1-a980-4ca9-9b44-5c7f6a3ce2c0-groupManagement] INFO  server.RaftServerConfigKeys (ConfUtils.java:logGet(46)) - raft.server.log.statemachine.data.read.timeout = 1000ms (default)
2024-09-15 17:07:32,333 [c2143be1-a980-4ca9-9b44-5c7f6a3ce2c0-groupManagement] INFO  server.RaftServerConfigKeys (ConfUtils.java:logGet(46)) - raft.server.log.purge.preservation.log.num = 0 (default)
2024-09-15 17:07:32,333 [EventQueue-PipelineReportForPipelineReportHandler] INFO  pipeline.PipelineReportHandler (PipelineReportHandler.java:processPipelineReport(136)) - Opened pipeline PipelineID=fac42d6e-3b68-4e87-9f93-05952570bab2
2024-09-15 17:07:32,333 [EventQueue-OpenPipelineForHealthyPipelineSafeModeRule] INFO  safemode.SCMSafeModeManager (HealthyPipelineSafeModeRule.java:process(140)) - SCM in safe mode. Healthy pipelines reported count is 0, required healthy pipeline reported count is 1
2024-09-15 17:07:32,334 [c2143be1-a980-4ca9-9b44-5c7f6a3ce2c0-groupManagement] INFO  server.RaftServerConfigKeys (ConfUtils.java:logGet(46)) - raft.server.log.segment.size.max = 67108864 (custom)
2024-09-15 17:07:32,334 [c2143be1-a980-4ca9-9b44-5c7f6a3ce2c0-groupManagement] INFO  server.RaftServerConfigKeys (ConfUtils.java:logGet(46)) - raft.server.log.segment.cache.num.max = 2 (custom)
2024-09-15 17:07:32,334 [c2143be1-a980-4ca9-9b44-5c7f6a3ce2c0-groupManagement] INFO  server.RaftServerConfigKeys (ConfUtils.java:logGet(46)) - raft.server.log.segment.cache.size.max = 200MB (=209715200) (default)
2024-09-15 17:07:32,334 [c2143be1-a980-4ca9-9b44-5c7f6a3ce2c0-groupManagement] INFO  server.RaftServerConfigKeys (ConfUtils.java:logGet(46)) - raft.server.log.appender.buffer.byte-limit = 33554432 (custom)
2024-09-15 17:07:32,334 [c2143be1-a980-4ca9-9b44-5c7f6a3ce2c0-groupManagement] INFO  util.AwaitToRun (AwaitToRun.java:start(81)) - Thread[c2143be1-a980-4ca9-9b44-5c7f6a3ce2c0@group-05952570BAB2-cacheEviction-AwaitToRun,5,main] started
2024-09-15 17:07:32,334 [c2143be1-a980-4ca9-9b44-5c7f6a3ce2c0-groupManagement] INFO  segmented.SegmentedRaftLogWorker (SegmentedRaftLogWorker.java:<init>(184)) - new c2143be1-a980-4ca9-9b44-5c7f6a3ce2c0@group-05952570BAB2-SegmentedRaftLogWorker for RaftStorageImpl:Storage Directory /home/runner/work/ozone/ozone/hadoop-ozone/integration-test/target/test-dir/MiniOzoneClusterImpl-eca91e6c-a84b-4041-8679-4afba91b5587/ozone-meta/datanode-4/ratis/fac42d6e-3b68-4e87-9f93-05952570bab2
2024-09-15 17:07:32,334 [c2143be1-a980-4ca9-9b44-5c7f6a3ce2c0-groupManagement] INFO  server.RaftServerConfigKeys (ConfUtils.java:logGet(46)) - raft.server.log.queue.byte-limit = 4294967296 (custom)
2024-09-15 17:07:32,334 [c2143be1-a980-4ca9-9b44-5c7f6a3ce2c0-groupManagement] INFO  server.RaftServerConfigKeys (ConfUtils.java:logGet(46)) - raft.server.log.queue.element-limit = 1024 (custom)
2024-09-15 17:07:32,334 [c2143be1-a980-4ca9-9b44-5c7f6a3ce2c0-groupManagement] INFO  server.RaftServerConfigKeys (ConfUtils.java:logGet(46)) - raft.server.log.segment.size.max = 67108864 (custom)
2024-09-15 17:07:32,334 [c2143be1-a980-4ca9-9b44-5c7f6a3ce2c0-groupManagement] INFO  server.RaftServerConfigKeys (ConfUtils.java:logGet(46)) - raft.server.log.preallocated.size = 4194304 (custom)
2024-09-15 17:07:32,334 [c2143be1-a980-4ca9-9b44-5c7f6a3ce2c0-groupManagement] INFO  server.RaftServerConfigKeys (ConfUtils.java:logGet(46)) - raft.server.log.force.sync.num = 128 (default)
2024-09-15 17:07:32,334 [c2143be1-a980-4ca9-9b44-5c7f6a3ce2c0-groupManagement] INFO  server.RaftServerConfigKeys (ConfUtils.java:logGet(46)) - raft.server.log.statemachine.data.sync = true (default)
2024-09-15 17:07:32,334 [c2143be1-a980-4ca9-9b44-5c7f6a3ce2c0-groupManagement] INFO  server.RaftServerConfigKeys (ConfUtils.java:logGet(46)) - raft.server.log.statemachine.data.sync.timeout = 10s (default)
2024-09-15 17:07:32,334 [c2143be1-a980-4ca9-9b44-5c7f6a3ce2c0-groupManagement] INFO  server.RaftServerConfigKeys (ConfUtils.java:logGet(46)) - raft.server.log.statemachine.data.sync.timeout.retry = 30 (custom)
2024-09-15 17:07:32,335 [c2143be1-a980-4ca9-9b44-5c7f6a3ce2c0-groupManagement] INFO  server.RaftServerConfigKeys (ConfUtils.java:logGet(46)) - raft.server.log.write.buffer.size = 33554440 (custom)
2024-09-15 17:07:32,338 [c2143be1-a980-4ca9-9b44-5c7f6a3ce2c0-groupManagement] INFO  server.RaftServerConfigKeys (ConfUtils.java:logGet(46)) - raft.server.log.appender.buffer.byte-limit = 33554432 (custom)
2024-09-15 17:07:32,339 [c2143be1-a980-4ca9-9b44-5c7f6a3ce2c0-groupManagement] INFO  server.RaftServerConfigKeys (ConfUtils.java:logGet(46)) - raft.server.log.unsafe-flush.enabled = false (default)
2024-09-15 17:07:32,339 [c2143be1-a980-4ca9-9b44-5c7f6a3ce2c0-groupManagement] INFO  server.RaftServerConfigKeys (ConfUtils.java:logGet(46)) - raft.server.log.async-flush.enabled = false (default)
2024-09-15 17:07:32,339 [c2143be1-a980-4ca9-9b44-5c7f6a3ce2c0-groupManagement] INFO  server.RaftServerConfigKeys (ConfUtils.java:logGet(46)) - raft.server.log.statemachine.data.caching.enabled = true (custom)
2024-09-15 17:07:32,339 [c2143be1-a980-4ca9-9b44-5c7f6a3ce2c0-groupManagement] INFO  segmented.SegmentedRaftLogWorker (SegmentedRaftLogWorker.java:lambda$new$0(135)) - c2143be1-a980-4ca9-9b44-5c7f6a3ce2c0@group-05952570BAB2-SegmentedRaftLogWorker: flushIndex: setUnconditionally 0 -> -1
2024-09-15 17:07:32,339 [c2143be1-a980-4ca9-9b44-5c7f6a3ce2c0-groupManagement] INFO  segmented.SegmentedRaftLogWorker (SegmentedRaftLogWorker.java:lambda$new$0(135)) - c2143be1-a980-4ca9-9b44-5c7f6a3ce2c0@group-05952570BAB2-SegmentedRaftLogWorker: safeCacheEvictIndex: setUnconditionally 0 -> -1
2024-09-15 17:07:32,339 [c2143be1-a980-4ca9-9b44-5c7f6a3ce2c0-groupManagement] INFO  server.RaftServer$Division (RaftServerImpl.java:start(389)) - c2143be1-a980-4ca9-9b44-5c7f6a3ce2c0@group-05952570BAB2: start as a follower, conf=conf: {index: -1, cur=peers:[c2143be1-a980-4ca9-9b44-5c7f6a3ce2c0|127.0.0.1:15198]|listeners:[], old=null}
2024-09-15 17:07:32,339 [c2143be1-a980-4ca9-9b44-5c7f6a3ce2c0-groupManagement] INFO  server.RaftServer$Division (RaftServerImpl.java:setRole(376)) - c2143be1-a980-4ca9-9b44-5c7f6a3ce2c0@group-05952570BAB2: changes role from      null to FOLLOWER at term 0 for startAsFollower
2024-09-15 17:07:32,339 [c2143be1-a980-4ca9-9b44-5c7f6a3ce2c0-groupManagement] INFO  impl.RoleInfo (RoleInfo.java:updateAndGet(148)) - c2143be1-a980-4ca9-9b44-5c7f6a3ce2c0: start c2143be1-a980-4ca9-9b44-5c7f6a3ce2c0@group-05952570BAB2-FollowerState
2024-09-15 17:07:32,340 [c2143be1-a980-4ca9-9b44-5c7f6a3ce2c0-groupManagement] INFO  util.JmxRegister (JmxRegister.java:tryRegister(44)) - Successfully registered JMX Bean with object name Ratis:service=RaftServer,group=group-05952570BAB2,id=c2143be1-a980-4ca9-9b44-5c7f6a3ce2c0
2024-09-15 17:07:32,340 [c2143be1-a980-4ca9-9b44-5c7f6a3ce2c0-groupManagement] INFO  util.JmxRegister (JmxRegister.java:register(58)) - register mxBean class org.apache.ratis.server.impl.RaftServerJmxAdapter as Ratis:service=RaftServer,group=group-05952570BAB2,id=c2143be1-a980-4ca9-9b44-5c7f6a3ce2c0
2024-09-15 17:07:32,340 [c2143be1-a980-4ca9-9b44-5c7f6a3ce2c0-groupManagement] INFO  server.RaftServerConfigKeys (ConfUtils.java:logGet(46)) - raft.server.snapshot.trigger-when-stop.enabled = true (default)
2024-09-15 17:07:32,340 [c2143be1-a980-4ca9-9b44-5c7f6a3ce2c0-groupManagement] INFO  server.RaftServerConfigKeys (ConfUtils.java:logGet(46)) - raft.server.snapshot.trigger-when-remove.enabled = true (default)
2024-09-15 17:07:32,340 [c2143be1-a980-4ca9-9b44-5c7f6a3ce2c0-groupManagement] INFO  server.RaftServerConfigKeys (ConfUtils.java:logGet(46)) - raft.server.snapshot.auto.trigger.enabled = true (custom)
2024-09-15 17:07:32,340 [c2143be1-a980-4ca9-9b44-5c7f6a3ce2c0-groupManagement] INFO  server.RaftServerConfigKeys (ConfUtils.java:logGet(46)) - raft.server.snapshot.auto.trigger.threshold = 10000 (custom)
2024-09-15 17:07:32,340 [c2143be1-a980-4ca9-9b44-5c7f6a3ce2c0-groupManagement] INFO  server.RaftServerConfigKeys (ConfUtils.java:logGet(46)) - raft.server.snapshot.retention.file.num = 5 (custom)
2024-09-15 17:07:32,340 [c2143be1-a980-4ca9-9b44-5c7f6a3ce2c0-groupManagement] INFO  server.RaftServerConfigKeys (ConfUtils.java:logGet(46)) - raft.server.log.purge.upto.snapshot.index = false (default)
2024-09-15 17:07:32,340 [c2143be1-a980-4ca9-9b44-5c7f6a3ce2c0@group-05952570BAB2-FollowerState] INFO  server.RaftServerConfigKeys (ConfUtils.java:logFallback(53)) - raft.server.rpc.first-election.timeout.min = 5s (fallback to raft.server.rpc.timeout.min)
2024-09-15 17:07:32,340 [c2143be1-a980-4ca9-9b44-5c7f6a3ce2c0@group-05952570BAB2-FollowerState] INFO  server.RaftServerConfigKeys (ConfUtils.java:logFallback(53)) - raft.server.rpc.first-election.timeout.max = 5200ms (fallback to raft.server.rpc.timeout.max)
2024-09-15 17:07:32,340 [c2143be1-a980-4ca9-9b44-5c7f6a3ce2c0-PipelineCommandHandlerThread-0] INFO  ratis.XceiverServerRatis (XceiverServerRatis.java:addGroup(849)) - Created group PipelineID=fac42d6e-3b68-4e87-9f93-05952570bab2
2024-09-15 17:07:32,340 [c2143be1-a980-4ca9-9b44-5c7f6a3ce2c0-PipelineCommandHandlerThread-0] INFO  commandhandler.CreatePipelineCommandHandler (CreatePipelineCommandHandler.java:lambda$handle$2(124)) - Created Pipeline RATIS ONE PipelineID=fac42d6e-3b68-4e87-9f93-05952570bab2.
2024-09-15 17:07:32,566 [412dca75-3e3e-4901-90f7-d1b20b52b7c1-PipelineCommandHandlerThread-0] INFO  server.RaftServer (RaftServerProxy.java:addNew(101)) - 412dca75-3e3e-4901-90f7-d1b20b52b7c1: addNew group-5574A5FA9EF9:[412dca75-3e3e-4901-90f7-d1b20b52b7c1|127.0.0.1:15207] returns group-5574A5FA9EF9:java.util.concurrent.CompletableFuture@749cb0ab[Not completed]
2024-09-15 17:07:32,567 [412dca75-3e3e-4901-90f7-d1b20b52b7c1-groupManagement] INFO  server.RaftServer$Division (RaftServerImpl.java:<init>(253)) - 412dca75-3e3e-4901-90f7-d1b20b52b7c1: new RaftServerImpl for group-5574A5FA9EF9:[412dca75-3e3e-4901-90f7-d1b20b52b7c1|127.0.0.1:15207] with ContainerStateMachine:uninitialized
2024-09-15 17:07:32,567 [412dca75-3e3e-4901-90f7-d1b20b52b7c1-groupManagement] INFO  server.RaftServerConfigKeys (ConfUtils.java:logGet(46)) - raft.server.rpc.timeout.min = 5s (custom)
2024-09-15 17:07:32,567 [412dca75-3e3e-4901-90f7-d1b20b52b7c1-groupManagement] INFO  server.RaftServerConfigKeys (ConfUtils.java:logGet(46)) - raft.server.rpc.timeout.max = 5200ms (custom)
2024-09-15 17:07:32,567 [412dca75-3e3e-4901-90f7-d1b20b52b7c1-groupManagement] INFO  server.RaftServerConfigKeys (ConfUtils.java:logGet(46)) - raft.server.rpc.sleep.time = 25ms (default)
2024-09-15 17:07:32,567 [412dca75-3e3e-4901-90f7-d1b20b52b7c1-groupManagement] INFO  server.RaftServerConfigKeys (ConfUtils.java:logGet(46)) - raft.server.rpc.slowness.timeout = 300000ms (custom)
2024-09-15 17:07:32,567 [412dca75-3e3e-4901-90f7-d1b20b52b7c1-groupManagement] INFO  server.RaftServerConfigKeys (ConfUtils.java:logGet(46)) - raft.server.leaderelection.leader.step-down.wait-time = 10s (default)
2024-09-15 17:07:32,567 [412dca75-3e3e-4901-90f7-d1b20b52b7c1-groupManagement] INFO  server.RaftServerConfigKeys (ConfUtils.java:logGet(46)) - raft.server.leaderelection.member.majority-add = false (default)
2024-09-15 17:07:32,567 [412dca75-3e3e-4901-90f7-d1b20b52b7c1-groupManagement] INFO  server.RaftServerConfigKeys (ConfUtils.java:logGet(46)) - raft.server.sleep.deviation.threshold = 300ms (default)
2024-09-15 17:07:32,567 [412dca75-3e3e-4901-90f7-d1b20b52b7c1-groupManagement] INFO  server.RaftServer$Division (ServerState.java:<init>(114)) - 412dca75-3e3e-4901-90f7-d1b20b52b7c1@group-5574A5FA9EF9: ConfigurationManager, init=conf: {index: -1, cur=peers:[412dca75-3e3e-4901-90f7-d1b20b52b7c1|127.0.0.1:15207]|listeners:[], old=null}, confs=<EMPTY_MAP>
2024-09-15 17:07:32,567 [main] INFO  ozone.MiniOzoneClusterImpl (MiniOzoneClusterImpl.java:lambda$waitForClusterToBeReady$0(198)) - Nodes are ready. Got 5 of 5 DN Heartbeats.
2024-09-15 17:07:32,567 [main] INFO  ozone.MiniOzoneClusterImpl (MiniOzoneClusterImpl.java:lambda$waitForClusterToBeReady$0(201)) - Waiting for cluster to exit safe mode
2024-09-15 17:07:32,567 [main] INFO  ozone.MiniOzoneClusterImpl (MiniOzoneClusterImpl.java:lambda$waitForClusterToBeReady$0(203)) - SCM became leader
2024-09-15 17:07:32,567 [412dca75-3e3e-4901-90f7-d1b20b52b7c1-groupManagement] INFO  server.RaftServerConfigKeys (ConfUtils.java:logGet(46)) - raft.server.notification.no-leader.timeout = 300000ms (custom)
2024-09-15 17:07:32,568 [412dca75-3e3e-4901-90f7-d1b20b52b7c1-groupManagement] INFO  server.RaftServerConfigKeys (ConfUtils.java:logGet(46)) - raft.server.read.timeout = 10s (default)
2024-09-15 17:07:32,568 [412dca75-3e3e-4901-90f7-d1b20b52b7c1-groupManagement] INFO  server.RaftServerConfigKeys (ConfUtils.java:logGet(46)) - raft.server.retrycache.expirytime = 600000ms (custom)
2024-09-15 17:07:32,568 [412dca75-3e3e-4901-90f7-d1b20b52b7c1-groupManagement] INFO  server.RaftServerConfigKeys (ConfUtils.java:logGet(46)) - raft.server.retrycache.statistics.expirytime = 100ms (default)
2024-09-15 17:07:32,568 [412dca75-3e3e-4901-90f7-d1b20b52b7c1-groupManagement] INFO  server.RaftServerConfigKeys (ConfUtils.java:logGet(46)) - raft.server.read.option = DEFAULT (default)
2024-09-15 17:07:32,568 [412dca75-3e3e-4901-90f7-d1b20b52b7c1-groupManagement] INFO  server.RaftServerConfigKeys (ConfUtils.java:logGet(46)) - raft.server.read.read-after-write-consistent.write-index-cache.expiry-time = 60s (default)
2024-09-15 17:07:32,571 [412dca75-3e3e-4901-90f7-d1b20b52b7c1-groupManagement] INFO  server.RaftServerConfigKeys (ConfUtils.java:logGet(46)) - raft.server.rpc.request.timeout = 3000ms (default)
2024-09-15 17:07:32,571 [412dca75-3e3e-4901-90f7-d1b20b52b7c1-groupManagement] INFO  server.RaftServerConfigKeys (ConfUtils.java:logGet(46)) - raft.server.log.appender.install.snapshot.enabled = false (custom)
2024-09-15 17:07:32,571 [412dca75-3e3e-4901-90f7-d1b20b52b7c1-groupManagement] INFO  server.RaftServerConfigKeys (ConfUtils.java:logGet(46)) - raft.server.threadpool.server.cached = true (default)
2024-09-15 17:07:32,571 [412dca75-3e3e-4901-90f7-d1b20b52b7c1-groupManagement] INFO  server.RaftServerConfigKeys (ConfUtils.java:logGet(46)) - raft.server.threadpool.server.size = 0 (default)
2024-09-15 17:07:32,571 [412dca75-3e3e-4901-90f7-d1b20b52b7c1-groupManagement] INFO  server.RaftServerConfigKeys (ConfUtils.java:logGet(46)) - raft.server.threadpool.client.cached = true (default)
2024-09-15 17:07:32,571 [412dca75-3e3e-4901-90f7-d1b20b52b7c1-groupManagement] INFO  server.RaftServerConfigKeys (ConfUtils.java:logGet(46)) - raft.server.threadpool.client.size = 0 (default)
2024-09-15 17:07:32,571 [412dca75-3e3e-4901-90f7-d1b20b52b7c1-groupManagement] INFO  server.RaftServerConfigKeys (ConfUtils.java:logGet(46)) - raft.server.storage.free-space.min = 0MB (=0) (default)
2024-09-15 17:07:32,571 [412dca75-3e3e-4901-90f7-d1b20b52b7c1-groupManagement] INFO  server.RaftServerConfigKeys (ConfUtils.java:logGet(46)) - raft.server.log.corruption.policy = EXCEPTION (default)
2024-09-15 17:07:32,571 [412dca75-3e3e-4901-90f7-d1b20b52b7c1-groupManagement] INFO  server.RaftServerConfigKeys (ConfUtils.java:logGet(46)) - raft.server.storage.dir = [/home/runner/work/ozone/ozone/hadoop-ozone/integration-test/target/test-dir/MiniOzoneClusterImpl-eca91e6c-a84b-4041-8679-4afba91b5587/ozone-meta/datanode-5/ratis] (custom)
2024-09-15 17:07:32,571 [412dca75-3e3e-4901-90f7-d1b20b52b7c1-groupManagement] INFO  storage.RaftStorageDirectory (RaftStorageDirectoryImpl.java:analyzeStorage(138)) - The storage directory /home/runner/work/ozone/ozone/hadoop-ozone/integration-test/target/test-dir/MiniOzoneClusterImpl-eca91e6c-a84b-4041-8679-4afba91b5587/ozone-meta/datanode-5/ratis/9d02e635-8afc-4354-aedf-5574a5fa9ef9 does not exist. Creating ...
2024-09-15 17:07:32,573 [412dca75-3e3e-4901-90f7-d1b20b52b7c1-groupManagement] INFO  storage.RaftStorageDirectory (RaftStorageDirectoryImpl.java:tryLock(229)) - Lock on /home/runner/work/ozone/ozone/hadoop-ozone/integration-test/target/test-dir/MiniOzoneClusterImpl-eca91e6c-a84b-4041-8679-4afba91b5587/ozone-meta/datanode-5/ratis/9d02e635-8afc-4354-aedf-5574a5fa9ef9/in_use.lock acquired by nodename 77088@fv-az886-12
2024-09-15 17:07:32,574 [412dca75-3e3e-4901-90f7-d1b20b52b7c1-groupManagement] INFO  storage.RaftStorage (RaftStorageImpl.java:format(98)) - Storage directory /home/runner/work/ozone/ozone/hadoop-ozone/integration-test/target/test-dir/MiniOzoneClusterImpl-eca91e6c-a84b-4041-8679-4afba91b5587/ozone-meta/datanode-5/ratis/9d02e635-8afc-4354-aedf-5574a5fa9ef9 has been successfully formatted.
2024-09-15 17:07:32,575 [412dca75-3e3e-4901-90f7-d1b20b52b7c1-groupManagement] INFO  ratis.ContainerStateMachine (ContainerStateMachine.java:loadSnapshot(295)) - group-5574A5FA9EF9: The snapshot info is null. Setting the last applied index to:(t:0, i:~)
2024-09-15 17:07:32,575 [412dca75-3e3e-4901-90f7-d1b20b52b7c1-groupManagement] INFO  server.RaftServerConfigKeys (ConfUtils.java:logGet(46)) - raft.server.log.use.memory = false (default)
2024-09-15 17:07:32,575 [412dca75-3e3e-4901-90f7-d1b20b52b7c1-groupManagement] INFO  server.RaftServerConfigKeys (ConfUtils.java:logGet(46)) - raft.server.log.purge.gap = 1000000 (custom)
2024-09-15 17:07:32,575 [412dca75-3e3e-4901-90f7-d1b20b52b7c1-groupManagement] INFO  server.RaftServerConfigKeys (ConfUtils.java:logGet(46)) - raft.server.log.appender.buffer.byte-limit = 33554432 (custom)
2024-09-15 17:07:32,575 [412dca75-3e3e-4901-90f7-d1b20b52b7c1-groupManagement] INFO  server.RaftServerConfigKeys (ConfUtils.java:logGet(46)) - raft.server.log.statemachine.data.read.timeout = 1000ms (default)
2024-09-15 17:07:32,575 [412dca75-3e3e-4901-90f7-d1b20b52b7c1-groupManagement] INFO  server.RaftServerConfigKeys (ConfUtils.java:logGet(46)) - raft.server.log.purge.preservation.log.num = 0 (default)
2024-09-15 17:07:32,576 [EventQueue-PipelineReportForPipelineReportHandler] INFO  pipeline.PipelineReportHandler (PipelineReportHandler.java:processPipelineReport(136)) - Opened pipeline PipelineID=9d02e635-8afc-4354-aedf-5574a5fa9ef9
2024-09-15 17:07:32,576 [EventQueue-OpenPipelineForHealthyPipelineSafeModeRule] INFO  safemode.SCMSafeModeManager (HealthyPipelineSafeModeRule.java:process(140)) - SCM in safe mode. Healthy pipelines reported count is 0, required healthy pipeline reported count is 1
2024-09-15 17:07:32,576 [412dca75-3e3e-4901-90f7-d1b20b52b7c1-groupManagement] INFO  server.RaftServerConfigKeys (ConfUtils.java:logGet(46)) - raft.server.log.segment.size.max = 67108864 (custom)
2024-09-15 17:07:32,576 [412dca75-3e3e-4901-90f7-d1b20b52b7c1-groupManagement] INFO  server.RaftServerConfigKeys (ConfUtils.java:logGet(46)) - raft.server.log.segment.cache.num.max = 2 (custom)
2024-09-15 17:07:32,576 [412dca75-3e3e-4901-90f7-d1b20b52b7c1-groupManagement] INFO  server.RaftServerConfigKeys (ConfUtils.java:logGet(46)) - raft.server.log.segment.cache.size.max = 200MB (=209715200) (default)
2024-09-15 17:07:32,576 [412dca75-3e3e-4901-90f7-d1b20b52b7c1-groupManagement] INFO  server.RaftServerConfigKeys (ConfUtils.java:logGet(46)) - raft.server.log.appender.buffer.byte-limit = 33554432 (custom)
2024-09-15 17:07:32,576 [412dca75-3e3e-4901-90f7-d1b20b52b7c1-groupManagement] INFO  util.AwaitToRun (AwaitToRun.java:start(81)) - Thread[412dca75-3e3e-4901-90f7-d1b20b52b7c1@group-5574A5FA9EF9-cacheEviction-AwaitToRun,5,main] started
2024-09-15 17:07:32,577 [412dca75-3e3e-4901-90f7-d1b20b52b7c1-groupManagement] INFO  segmented.SegmentedRaftLogWorker (SegmentedRaftLogWorker.java:<init>(184)) - new 412dca75-3e3e-4901-90f7-d1b20b52b7c1@group-5574A5FA9EF9-SegmentedRaftLogWorker for RaftStorageImpl:Storage Directory /home/runner/work/ozone/ozone/hadoop-ozone/integration-test/target/test-dir/MiniOzoneClusterImpl-eca91e6c-a84b-4041-8679-4afba91b5587/ozone-meta/datanode-5/ratis/9d02e635-8afc-4354-aedf-5574a5fa9ef9
2024-09-15 17:07:32,577 [412dca75-3e3e-4901-90f7-d1b20b52b7c1-groupManagement] INFO  server.RaftServerConfigKeys (ConfUtils.java:logGet(46)) - raft.server.log.queue.byte-limit = 4294967296 (custom)
2024-09-15 17:07:32,577 [412dca75-3e3e-4901-90f7-d1b20b52b7c1-groupManagement] INFO  server.RaftServerConfigKeys (ConfUtils.java:logGet(46)) - raft.server.log.queue.element-limit = 1024 (custom)
2024-09-15 17:07:32,577 [412dca75-3e3e-4901-90f7-d1b20b52b7c1-groupManagement] INFO  server.RaftServerConfigKeys (ConfUtils.java:logGet(46)) - raft.server.log.segment.size.max = 67108864 (custom)
2024-09-15 17:07:32,577 [412dca75-3e3e-4901-90f7-d1b20b52b7c1-groupManagement] INFO  server.RaftServerConfigKeys (ConfUtils.java:logGet(46)) - raft.server.log.preallocated.size = 4194304 (custom)
2024-09-15 17:07:32,577 [412dca75-3e3e-4901-90f7-d1b20b52b7c1-groupManagement] INFO  server.RaftServerConfigKeys (ConfUtils.java:logGet(46)) - raft.server.log.force.sync.num = 128 (default)
2024-09-15 17:07:32,577 [412dca75-3e3e-4901-90f7-d1b20b52b7c1-groupManagement] INFO  server.RaftServerConfigKeys (ConfUtils.java:logGet(46)) - raft.server.log.statemachine.data.sync = true (default)
2024-09-15 17:07:32,577 [412dca75-3e3e-4901-90f7-d1b20b52b7c1-groupManagement] INFO  server.RaftServerConfigKeys (ConfUtils.java:logGet(46)) - raft.server.log.statemachine.data.sync.timeout = 10s (default)
2024-09-15 17:07:32,577 [412dca75-3e3e-4901-90f7-d1b20b52b7c1-groupManagement] INFO  server.RaftServerConfigKeys (ConfUtils.java:logGet(46)) - raft.server.log.statemachine.data.sync.timeout.retry = 30 (custom)
2024-09-15 17:07:32,577 [412dca75-3e3e-4901-90f7-d1b20b52b7c1-groupManagement] INFO  server.RaftServerConfigKeys (ConfUtils.java:logGet(46)) - raft.server.log.write.buffer.size = 33554440 (custom)
2024-09-15 17:07:32,581 [412dca75-3e3e-4901-90f7-d1b20b52b7c1-groupManagement] INFO  server.RaftServerConfigKeys (ConfUtils.java:logGet(46)) - raft.server.log.appender.buffer.byte-limit = 33554432 (custom)
2024-09-15 17:07:32,581 [412dca75-3e3e-4901-90f7-d1b20b52b7c1-groupManagement] INFO  server.RaftServerConfigKeys (ConfUtils.java:logGet(46)) - raft.server.log.unsafe-flush.enabled = false (default)
2024-09-15 17:07:32,581 [412dca75-3e3e-4901-90f7-d1b20b52b7c1-groupManagement] INFO  server.RaftServerConfigKeys (ConfUtils.java:logGet(46)) - raft.server.log.async-flush.enabled = false (default)
2024-09-15 17:07:32,581 [412dca75-3e3e-4901-90f7-d1b20b52b7c1-groupManagement] INFO  server.RaftServerConfigKeys (ConfUtils.java:logGet(46)) - raft.server.log.statemachine.data.caching.enabled = true (custom)
2024-09-15 17:07:32,581 [412dca75-3e3e-4901-90f7-d1b20b52b7c1-groupManagement] INFO  segmented.SegmentedRaftLogWorker (SegmentedRaftLogWorker.java:lambda$new$0(135)) - 412dca75-3e3e-4901-90f7-d1b20b52b7c1@group-5574A5FA9EF9-SegmentedRaftLogWorker: flushIndex: setUnconditionally 0 -> -1
2024-09-15 17:07:32,581 [412dca75-3e3e-4901-90f7-d1b20b52b7c1-groupManagement] INFO  segmented.SegmentedRaftLogWorker (SegmentedRaftLogWorker.java:lambda$new$0(135)) - 412dca75-3e3e-4901-90f7-d1b20b52b7c1@group-5574A5FA9EF9-SegmentedRaftLogWorker: safeCacheEvictIndex: setUnconditionally 0 -> -1
2024-09-15 17:07:32,582 [412dca75-3e3e-4901-90f7-d1b20b52b7c1-groupManagement] INFO  server.RaftServer$Division (RaftServerImpl.java:start(389)) - 412dca75-3e3e-4901-90f7-d1b20b52b7c1@group-5574A5FA9EF9: start as a follower, conf=conf: {index: -1, cur=peers:[412dca75-3e3e-4901-90f7-d1b20b52b7c1|127.0.0.1:15207]|listeners:[], old=null}
2024-09-15 17:07:32,582 [412dca75-3e3e-4901-90f7-d1b20b52b7c1-groupManagement] INFO  server.RaftServer$Division (RaftServerImpl.java:setRole(376)) - 412dca75-3e3e-4901-90f7-d1b20b52b7c1@group-5574A5FA9EF9: changes role from      null to FOLLOWER at term 0 for startAsFollower
2024-09-15 17:07:32,582 [412dca75-3e3e-4901-90f7-d1b20b52b7c1-groupManagement] INFO  impl.RoleInfo (RoleInfo.java:updateAndGet(148)) - 412dca75-3e3e-4901-90f7-d1b20b52b7c1: start 412dca75-3e3e-4901-90f7-d1b20b52b7c1@group-5574A5FA9EF9-FollowerState
2024-09-15 17:07:32,582 [412dca75-3e3e-4901-90f7-d1b20b52b7c1@group-5574A5FA9EF9-FollowerState] INFO  server.RaftServerConfigKeys (ConfUtils.java:logFallback(53)) - raft.server.rpc.first-election.timeout.min = 5s (fallback to raft.server.rpc.timeout.min)
2024-09-15 17:07:32,582 [412dca75-3e3e-4901-90f7-d1b20b52b7c1-groupManagement] INFO  util.JmxRegister (JmxRegister.java:tryRegister(44)) - Successfully registered JMX Bean with object name Ratis:service=RaftServer,group=group-5574A5FA9EF9,id=412dca75-3e3e-4901-90f7-d1b20b52b7c1
2024-09-15 17:07:32,582 [412dca75-3e3e-4901-90f7-d1b20b52b7c1-groupManagement] INFO  util.JmxRegister (JmxRegister.java:register(58)) - register mxBean class org.apache.ratis.server.impl.RaftServerJmxAdapter as Ratis:service=RaftServer,group=group-5574A5FA9EF9,id=412dca75-3e3e-4901-90f7-d1b20b52b7c1
2024-09-15 17:07:32,582 [412dca75-3e3e-4901-90f7-d1b20b52b7c1@group-5574A5FA9EF9-FollowerState] INFO  server.RaftServerConfigKeys (ConfUtils.java:logFallback(53)) - raft.server.rpc.first-election.timeout.max = 5200ms (fallback to raft.server.rpc.timeout.max)
2024-09-15 17:07:32,582 [412dca75-3e3e-4901-90f7-d1b20b52b7c1-groupManagement] INFO  server.RaftServerConfigKeys (ConfUtils.java:logGet(46)) - raft.server.snapshot.trigger-when-stop.enabled = true (default)
2024-09-15 17:07:32,582 [412dca75-3e3e-4901-90f7-d1b20b52b7c1-groupManagement] INFO  server.RaftServerConfigKeys (ConfUtils.java:logGet(46)) - raft.server.snapshot.trigger-when-remove.enabled = true (default)
2024-09-15 17:07:32,582 [412dca75-3e3e-4901-90f7-d1b20b52b7c1-groupManagement] INFO  server.RaftServerConfigKeys (ConfUtils.java:logGet(46)) - raft.server.snapshot.auto.trigger.enabled = true (custom)
2024-09-15 17:07:32,582 [412dca75-3e3e-4901-90f7-d1b20b52b7c1-groupManagement] INFO  server.RaftServerConfigKeys (ConfUtils.java:logGet(46)) - raft.server.snapshot.auto.trigger.threshold = 10000 (custom)
2024-09-15 17:07:32,582 [412dca75-3e3e-4901-90f7-d1b20b52b7c1-groupManagement] INFO  server.RaftServerConfigKeys (ConfUtils.java:logGet(46)) - raft.server.snapshot.retention.file.num = 5 (custom)
2024-09-15 17:07:32,582 [412dca75-3e3e-4901-90f7-d1b20b52b7c1-groupManagement] INFO  server.RaftServerConfigKeys (ConfUtils.java:logGet(46)) - raft.server.log.purge.upto.snapshot.index = false (default)
2024-09-15 17:07:32,583 [412dca75-3e3e-4901-90f7-d1b20b52b7c1-PipelineCommandHandlerThread-0] INFO  ratis.XceiverServerRatis (XceiverServerRatis.java:addGroup(849)) - Created group PipelineID=9d02e635-8afc-4354-aedf-5574a5fa9ef9
2024-09-15 17:07:32,583 [412dca75-3e3e-4901-90f7-d1b20b52b7c1-PipelineCommandHandlerThread-0] INFO  commandhandler.CreatePipelineCommandHandler (CreatePipelineCommandHandler.java:lambda$handle$2(124)) - Created Pipeline RATIS ONE PipelineID=9d02e635-8afc-4354-aedf-5574a5fa9ef9.
2024-09-15 17:07:33,568 [main] INFO  ozone.MiniOzoneClusterImpl (MiniOzoneClusterImpl.java:lambda$waitForClusterToBeReady$0(198)) - Nodes are ready. Got 5 of 5 DN Heartbeats.
2024-09-15 17:07:33,568 [main] INFO  ozone.MiniOzoneClusterImpl (MiniOzoneClusterImpl.java:lambda$waitForClusterToBeReady$0(201)) - Waiting for cluster to exit safe mode
2024-09-15 17:07:33,568 [main] INFO  ozone.MiniOzoneClusterImpl (MiniOzoneClusterImpl.java:lambda$waitForClusterToBeReady$0(203)) - SCM became leader
2024-09-15 17:07:34,568 [main] INFO  ozone.MiniOzoneClusterImpl (MiniOzoneClusterImpl.java:lambda$waitForClusterToBeReady$0(198)) - Nodes are ready. Got 5 of 5 DN Heartbeats.
2024-09-15 17:07:34,568 [main] INFO  ozone.MiniOzoneClusterImpl (MiniOzoneClusterImpl.java:lambda$waitForClusterToBeReady$0(201)) - Waiting for cluster to exit safe mode
2024-09-15 17:07:34,568 [main] INFO  ozone.MiniOzoneClusterImpl (MiniOzoneClusterImpl.java:lambda$waitForClusterToBeReady$0(203)) - SCM became leader
2024-09-15 17:07:35,569 [main] INFO  ozone.MiniOzoneClusterImpl (MiniOzoneClusterImpl.java:lambda$waitForClusterToBeReady$0(198)) - Nodes are ready. Got 5 of 5 DN Heartbeats.
2024-09-15 17:07:35,569 [main] INFO  ozone.MiniOzoneClusterImpl (MiniOzoneClusterImpl.java:lambda$waitForClusterToBeReady$0(201)) - Waiting for cluster to exit safe mode
2024-09-15 17:07:35,569 [main] INFO  ozone.MiniOzoneClusterImpl (MiniOzoneClusterImpl.java:lambda$waitForClusterToBeReady$0(203)) - SCM became leader
2024-09-15 17:07:36,569 [main] INFO  ozone.MiniOzoneClusterImpl (MiniOzoneClusterImpl.java:lambda$waitForClusterToBeReady$0(198)) - Nodes are ready. Got 5 of 5 DN Heartbeats.
2024-09-15 17:07:36,569 [main] INFO  ozone.MiniOzoneClusterImpl (MiniOzoneClusterImpl.java:lambda$waitForClusterToBeReady$0(201)) - Waiting for cluster to exit safe mode
2024-09-15 17:07:36,570 [main] INFO  ozone.MiniOzoneClusterImpl (MiniOzoneClusterImpl.java:lambda$waitForClusterToBeReady$0(203)) - SCM became leader
2024-09-15 17:07:36,753 [62362ab0-30ae-49fa-a673-0da439c77b8d@group-97AB3179636B-FollowerState] INFO  impl.FollowerState (FollowerState.java:run(144)) - 62362ab0-30ae-49fa-a673-0da439c77b8d@group-97AB3179636B-FollowerState: change to CANDIDATE, lastRpcElapsedTime:5114769466ns, electionTimeout:5110ms
2024-09-15 17:07:36,754 [62362ab0-30ae-49fa-a673-0da439c77b8d@group-97AB3179636B-FollowerState] INFO  impl.RoleInfo (RoleInfo.java:shutdownFollowerState(119)) - 62362ab0-30ae-49fa-a673-0da439c77b8d: shutdown 62362ab0-30ae-49fa-a673-0da439c77b8d@group-97AB3179636B-FollowerState
2024-09-15 17:07:36,754 [62362ab0-30ae-49fa-a673-0da439c77b8d@group-97AB3179636B-FollowerState] INFO  server.RaftServer$Division (RaftServerImpl.java:setRole(376)) - 62362ab0-30ae-49fa-a673-0da439c77b8d@group-97AB3179636B: changes role from  FOLLOWER to CANDIDATE at term 0 for changeToCandidate
2024-09-15 17:07:36,754 [62362ab0-30ae-49fa-a673-0da439c77b8d@group-97AB3179636B-FollowerState] INFO  server.RaftServerConfigKeys (ConfUtils.java:logGet(46)) - raft.server.leaderelection.pre-vote = true (default)
2024-09-15 17:07:36,754 [62362ab0-30ae-49fa-a673-0da439c77b8d@group-97AB3179636B-FollowerState] INFO  impl.RoleInfo (RoleInfo.java:updateAndGet(148)) - 62362ab0-30ae-49fa-a673-0da439c77b8d: start 62362ab0-30ae-49fa-a673-0da439c77b8d@group-97AB3179636B-LeaderElection47
2024-09-15 17:07:36,754 [62362ab0-30ae-49fa-a673-0da439c77b8d@group-97AB3179636B-LeaderElection47] INFO  impl.LeaderElection (LeaderElection.java:askForVotes(321)) - 62362ab0-30ae-49fa-a673-0da439c77b8d@group-97AB3179636B-LeaderElection47 PRE_VOTE round 0: submit vote requests at term 0 for conf: {index: -1, cur=peers:[62362ab0-30ae-49fa-a673-0da439c77b8d|127.0.0.1:15171, fdb1bdfc-cd38-46a5-a741-21faac0cf152|127.0.0.1:15189, 61f1eb6c-dc17-4b0b-858b-0bb1b85057d5|127.0.0.1:15180]|listeners:[], old=null}
2024-09-15 17:07:36,754 [62362ab0-30ae-49fa-a673-0da439c77b8d@group-97AB3179636B-LeaderElection47-1] INFO  server.GrpcServerProtocolClient (GrpcServerProtocolClient.java:<init>(65)) - Build channel for fdb1bdfc-cd38-46a5-a741-21faac0cf152|127.0.0.1:15189
2024-09-15 17:07:36,755 [62362ab0-30ae-49fa-a673-0da439c77b8d@group-97AB3179636B-LeaderElection47-2] INFO  server.GrpcServerProtocolClient (GrpcServerProtocolClient.java:<init>(65)) - Build channel for 61f1eb6c-dc17-4b0b-858b-0bb1b85057d5|127.0.0.1:15180
2024-09-15 17:07:36,755 [62362ab0-30ae-49fa-a673-0da439c77b8d@group-97AB3179636B-LeaderElection47] INFO  server.RaftServerConfigKeys (ConfUtils.java:logFallback(53)) - raft.server.rpc.first-election.timeout.min = 5s (fallback to raft.server.rpc.timeout.min)
2024-09-15 17:07:36,755 [62362ab0-30ae-49fa-a673-0da439c77b8d@group-97AB3179636B-LeaderElection47] INFO  server.RaftServerConfigKeys (ConfUtils.java:logFallback(53)) - raft.server.rpc.first-election.timeout.max = 5200ms (fallback to raft.server.rpc.timeout.max)
2024-09-15 17:07:36,758 [grpc-default-executor-0] INFO  server.RaftServer$Division (RaftServerImpl.java:requestVote(1416)) - 61f1eb6c-dc17-4b0b-858b-0bb1b85057d5@group-97AB3179636B: receive requestVote(PRE_VOTE, 62362ab0-30ae-49fa-a673-0da439c77b8d, group-97AB3179636B, 0, (t:0, i:0))
2024-09-15 17:07:36,758 [grpc-default-executor-0] INFO  impl.VoteContext (VoteContext.java:log(49)) - 61f1eb6c-dc17-4b0b-858b-0bb1b85057d5@group-97AB3179636B-FOLLOWER: accept PRE_VOTE from 62362ab0-30ae-49fa-a673-0da439c77b8d: our priority 0 <= candidate's priority 0
2024-09-15 17:07:36,758 [grpc-default-executor-0] INFO  server.RaftServer$Division (RaftServerImpl.java:requestVote(1449)) - 61f1eb6c-dc17-4b0b-858b-0bb1b85057d5@group-97AB3179636B replies to PRE_VOTE vote request: 62362ab0-30ae-49fa-a673-0da439c77b8d<-61f1eb6c-dc17-4b0b-858b-0bb1b85057d5#0:OK-t0. Peer's state: 61f1eb6c-dc17-4b0b-858b-0bb1b85057d5@group-97AB3179636B:t0, leader=null, voted=, raftlog=Memoized:61f1eb6c-dc17-4b0b-858b-0bb1b85057d5@group-97AB3179636B-SegmentedRaftLog:OPENED:c-1:lastnull, conf=conf: {index: -1, cur=peers:[62362ab0-30ae-49fa-a673-0da439c77b8d|127.0.0.1:15171, fdb1bdfc-cd38-46a5-a741-21faac0cf152|127.0.0.1:15189, 61f1eb6c-dc17-4b0b-858b-0bb1b85057d5|127.0.0.1:15180]|listeners:[], old=null}
2024-09-15 17:07:36,761 [grpc-default-executor-0] INFO  server.RaftServer$Division (RaftServerImpl.java:requestVote(1416)) - fdb1bdfc-cd38-46a5-a741-21faac0cf152@group-97AB3179636B: receive requestVote(PRE_VOTE, 62362ab0-30ae-49fa-a673-0da439c77b8d, group-97AB3179636B, 0, (t:0, i:0))
2024-09-15 17:07:36,761 [grpc-default-executor-0] INFO  impl.VoteContext (VoteContext.java:log(49)) - fdb1bdfc-cd38-46a5-a741-21faac0cf152@group-97AB3179636B-FOLLOWER: reject PRE_VOTE from 62362ab0-30ae-49fa-a673-0da439c77b8d: our priority 1 > candidate's priority 0
2024-09-15 17:07:36,761 [grpc-default-executor-0] INFO  server.RaftServer$Division (RaftServerImpl.java:requestVote(1449)) - fdb1bdfc-cd38-46a5-a741-21faac0cf152@group-97AB3179636B replies to PRE_VOTE vote request: 62362ab0-30ae-49fa-a673-0da439c77b8d<-fdb1bdfc-cd38-46a5-a741-21faac0cf152#0:FAIL-t0. Peer's state: fdb1bdfc-cd38-46a5-a741-21faac0cf152@group-97AB3179636B:t0, leader=null, voted=, raftlog=Memoized:fdb1bdfc-cd38-46a5-a741-21faac0cf152@group-97AB3179636B-SegmentedRaftLog:OPENED:c-1:lastnull, conf=conf: {index: -1, cur=peers:[62362ab0-30ae-49fa-a673-0da439c77b8d|127.0.0.1:15171, fdb1bdfc-cd38-46a5-a741-21faac0cf152|127.0.0.1:15189, 61f1eb6c-dc17-4b0b-858b-0bb1b85057d5|127.0.0.1:15180]|listeners:[], old=null}
2024-09-15 17:07:36,762 [62362ab0-30ae-49fa-a673-0da439c77b8d@group-97AB3179636B-LeaderElection47] INFO  impl.LeaderElection (LeaderElection.java:logAndReturn(89)) - 62362ab0-30ae-49fa-a673-0da439c77b8d@group-97AB3179636B-LeaderElection47: PRE_VOTE REJECTED received 2 response(s) and 0 exception(s):
2024-09-15 17:07:36,762 [62362ab0-30ae-49fa-a673-0da439c77b8d@group-97AB3179636B-LeaderElection47] INFO  impl.LeaderElection (LeaderElection.java:logAndReturn(93)) -   Response 0: 62362ab0-30ae-49fa-a673-0da439c77b8d<-fdb1bdfc-cd38-46a5-a741-21faac0cf152#0:FAIL-t0
2024-09-15 17:07:36,762 [62362ab0-30ae-49fa-a673-0da439c77b8d@group-97AB3179636B-LeaderElection47] INFO  impl.LeaderElection (LeaderElection.java:logAndReturn(93)) -   Response 1: 62362ab0-30ae-49fa-a673-0da439c77b8d<-61f1eb6c-dc17-4b0b-858b-0bb1b85057d5#0:OK-t0
2024-09-15 17:07:36,762 [62362ab0-30ae-49fa-a673-0da439c77b8d@group-97AB3179636B-LeaderElection47] INFO  impl.LeaderElection (LeaderElection.java:askForVotes(323)) - 62362ab0-30ae-49fa-a673-0da439c77b8d@group-97AB3179636B-LeaderElection47 PRE_VOTE round 0: result REJECTED
2024-09-15 17:07:36,762 [62362ab0-30ae-49fa-a673-0da439c77b8d@group-97AB3179636B-LeaderElection47] INFO  server.RaftServer$Division (RaftServerImpl.java:setRole(376)) - 62362ab0-30ae-49fa-a673-0da439c77b8d@group-97AB3179636B: changes role from CANDIDATE to FOLLOWER at term 0 for REJECTED
2024-09-15 17:07:36,762 [62362ab0-30ae-49fa-a673-0da439c77b8d@group-97AB3179636B-LeaderElection47] INFO  impl.RoleInfo (RoleInfo.java:shutdownLeaderElection(139)) - 62362ab0-30ae-49fa-a673-0da439c77b8d: shutdown 62362ab0-30ae-49fa-a673-0da439c77b8d@group-97AB3179636B-LeaderElection47
2024-09-15 17:07:36,762 [62362ab0-30ae-49fa-a673-0da439c77b8d@group-97AB3179636B-LeaderElection47] INFO  impl.RoleInfo (RoleInfo.java:updateAndGet(148)) - 62362ab0-30ae-49fa-a673-0da439c77b8d: start 62362ab0-30ae-49fa-a673-0da439c77b8d@group-97AB3179636B-FollowerState
2024-09-15 17:07:36,762 [62362ab0-30ae-49fa-a673-0da439c77b8d@group-97AB3179636B-LeaderElection47] INFO  server.RaftServer$Division (RaftServerImpl.java:setFirstElection(549)) - 62362ab0-30ae-49fa-a673-0da439c77b8d@group-97AB3179636B: set firstElectionSinceStartup to false for REJECTED
2024-09-15 17:07:36,794 [fdb1bdfc-cd38-46a5-a741-21faac0cf152@group-97AB3179636B-FollowerState] INFO  impl.FollowerState (FollowerState.java:run(144)) - fdb1bdfc-cd38-46a5-a741-21faac0cf152@group-97AB3179636B-FollowerState: change to CANDIDATE, lastRpcElapsedTime:5094040295ns, electionTimeout:5091ms
2024-09-15 17:07:36,794 [fdb1bdfc-cd38-46a5-a741-21faac0cf152@group-97AB3179636B-FollowerState] INFO  impl.RoleInfo (RoleInfo.java:shutdownFollowerState(119)) - fdb1bdfc-cd38-46a5-a741-21faac0cf152: shutdown fdb1bdfc-cd38-46a5-a741-21faac0cf152@group-97AB3179636B-FollowerState
2024-09-15 17:07:36,794 [fdb1bdfc-cd38-46a5-a741-21faac0cf152@group-97AB3179636B-FollowerState] INFO  server.RaftServer$Division (RaftServerImpl.java:setRole(376)) - fdb1bdfc-cd38-46a5-a741-21faac0cf152@group-97AB3179636B: changes role from  FOLLOWER to CANDIDATE at term 0 for changeToCandidate
2024-09-15 17:07:36,794 [fdb1bdfc-cd38-46a5-a741-21faac0cf152@group-97AB3179636B-FollowerState] INFO  server.RaftServerConfigKeys (ConfUtils.java:logGet(46)) - raft.server.leaderelection.pre-vote = true (default)
2024-09-15 17:07:36,794 [fdb1bdfc-cd38-46a5-a741-21faac0cf152@group-97AB3179636B-FollowerState] INFO  impl.RoleInfo (RoleInfo.java:updateAndGet(148)) - fdb1bdfc-cd38-46a5-a741-21faac0cf152: start fdb1bdfc-cd38-46a5-a741-21faac0cf152@group-97AB3179636B-LeaderElection48
2024-09-15 17:07:36,794 [fdb1bdfc-cd38-46a5-a741-21faac0cf152@group-97AB3179636B-LeaderElection48] INFO  impl.LeaderElection (LeaderElection.java:askForVotes(321)) - fdb1bdfc-cd38-46a5-a741-21faac0cf152@group-97AB3179636B-LeaderElection48 PRE_VOTE round 0: submit vote requests at term 0 for conf: {index: -1, cur=peers:[62362ab0-30ae-49fa-a673-0da439c77b8d|127.0.0.1:15171, fdb1bdfc-cd38-46a5-a741-21faac0cf152|127.0.0.1:15189, 61f1eb6c-dc17-4b0b-858b-0bb1b85057d5|127.0.0.1:15180]|listeners:[], old=null}
2024-09-15 17:07:36,794 [fdb1bdfc-cd38-46a5-a741-21faac0cf152@group-97AB3179636B-LeaderElection48-1] INFO  server.GrpcServerProtocolClient (GrpcServerProtocolClient.java:<init>(65)) - Build channel for 62362ab0-30ae-49fa-a673-0da439c77b8d|127.0.0.1:15171
2024-09-15 17:07:36,795 [fdb1bdfc-cd38-46a5-a741-21faac0cf152@group-97AB3179636B-LeaderElection48-2] INFO  server.GrpcServerProtocolClient (GrpcServerProtocolClient.java:<init>(65)) - Build channel for 61f1eb6c-dc17-4b0b-858b-0bb1b85057d5|127.0.0.1:15180
2024-09-15 17:07:36,794 [fdb1bdfc-cd38-46a5-a741-21faac0cf152@group-97AB3179636B-LeaderElection48] INFO  server.RaftServerConfigKeys (ConfUtils.java:logFallback(53)) - raft.server.rpc.first-election.timeout.min = 5s (fallback to raft.server.rpc.timeout.min)
2024-09-15 17:07:36,795 [fdb1bdfc-cd38-46a5-a741-21faac0cf152@group-97AB3179636B-LeaderElection48] INFO  server.RaftServerConfigKeys (ConfUtils.java:logFallback(53)) - raft.server.rpc.first-election.timeout.max = 5200ms (fallback to raft.server.rpc.timeout.max)
2024-09-15 17:07:36,797 [grpc-default-executor-1] INFO  server.RaftServer$Division (RaftServerImpl.java:requestVote(1416)) - 61f1eb6c-dc17-4b0b-858b-0bb1b85057d5@group-97AB3179636B: receive requestVote(PRE_VOTE, fdb1bdfc-cd38-46a5-a741-21faac0cf152, group-97AB3179636B, 0, (t:0, i:0))
2024-09-15 17:07:36,797 [grpc-default-executor-1] INFO  impl.VoteContext (VoteContext.java:log(49)) - 61f1eb6c-dc17-4b0b-858b-0bb1b85057d5@group-97AB3179636B-FOLLOWER: accept PRE_VOTE from fdb1bdfc-cd38-46a5-a741-21faac0cf152: our priority 0 <= candidate's priority 1
2024-09-15 17:07:36,798 [grpc-default-executor-1] INFO  server.RaftServer$Division (RaftServerImpl.java:requestVote(1449)) - 61f1eb6c-dc17-4b0b-858b-0bb1b85057d5@group-97AB3179636B replies to PRE_VOTE vote request: fdb1bdfc-cd38-46a5-a741-21faac0cf152<-61f1eb6c-dc17-4b0b-858b-0bb1b85057d5#0:OK-t0. Peer's state: 61f1eb6c-dc17-4b0b-858b-0bb1b85057d5@group-97AB3179636B:t0, leader=null, voted=, raftlog=Memoized:61f1eb6c-dc17-4b0b-858b-0bb1b85057d5@group-97AB3179636B-SegmentedRaftLog:OPENED:c-1:lastnull, conf=conf: {index: -1, cur=peers:[62362ab0-30ae-49fa-a673-0da439c77b8d|127.0.0.1:15171, fdb1bdfc-cd38-46a5-a741-21faac0cf152|127.0.0.1:15189, 61f1eb6c-dc17-4b0b-858b-0bb1b85057d5|127.0.0.1:15180]|listeners:[], old=null}
2024-09-15 17:07:36,798 [fdb1bdfc-cd38-46a5-a741-21faac0cf152@group-97AB3179636B-LeaderElection48] INFO  impl.LeaderElection (LeaderElection.java:logAndReturn(89)) - fdb1bdfc-cd38-46a5-a741-21faac0cf152@group-97AB3179636B-LeaderElection48: PRE_VOTE PASSED received 1 response(s) and 0 exception(s):
2024-09-15 17:07:36,798 [fdb1bdfc-cd38-46a5-a741-21faac0cf152@group-97AB3179636B-LeaderElection48] INFO  impl.LeaderElection (LeaderElection.java:logAndReturn(93)) -   Response 0: fdb1bdfc-cd38-46a5-a741-21faac0cf152<-61f1eb6c-dc17-4b0b-858b-0bb1b85057d5#0:OK-t0
2024-09-15 17:07:36,798 [fdb1bdfc-cd38-46a5-a741-21faac0cf152@group-97AB3179636B-LeaderElection48] INFO  impl.LeaderElection (LeaderElection.java:askForVotes(323)) - fdb1bdfc-cd38-46a5-a741-21faac0cf152@group-97AB3179636B-LeaderElection48 PRE_VOTE round 0: result PASSED
2024-09-15 17:07:36,800 [fdb1bdfc-cd38-46a5-a741-21faac0cf152@group-97AB3179636B-LeaderElection48] INFO  impl.LeaderElection (LeaderElection.java:askForVotes(321)) - fdb1bdfc-cd38-46a5-a741-21faac0cf152@group-97AB3179636B-LeaderElection48 ELECTION round 0: submit vote requests at term 1 for conf: {index: -1, cur=peers:[62362ab0-30ae-49fa-a673-0da439c77b8d|127.0.0.1:15171, fdb1bdfc-cd38-46a5-a741-21faac0cf152|127.0.0.1:15189, 61f1eb6c-dc17-4b0b-858b-0bb1b85057d5|127.0.0.1:15180]|listeners:[], old=null}
2024-09-15 17:07:36,800 [fdb1bdfc-cd38-46a5-a741-21faac0cf152@group-97AB3179636B-LeaderElection48] INFO  server.RaftServerConfigKeys (ConfUtils.java:logFallback(53)) - raft.server.rpc.first-election.timeout.min = 5s (fallback to raft.server.rpc.timeout.min)
2024-09-15 17:07:36,800 [fdb1bdfc-cd38-46a5-a741-21faac0cf152@group-97AB3179636B-LeaderElection48] INFO  server.RaftServerConfigKeys (ConfUtils.java:logFallback(53)) - raft.server.rpc.first-election.timeout.max = 5200ms (fallback to raft.server.rpc.timeout.max)
2024-09-15 17:07:36,800 [62362ab0-30ae-49fa-a673-0da439c77b8d@group-7685EA4B7899-FollowerState] INFO  impl.FollowerState (FollowerState.java:run(144)) - 62362ab0-30ae-49fa-a673-0da439c77b8d@group-7685EA4B7899-FollowerState: change to CANDIDATE, lastRpcElapsedTime:5180912896ns, electionTimeout:5178ms
2024-09-15 17:07:36,800 [62362ab0-30ae-49fa-a673-0da439c77b8d@group-7685EA4B7899-FollowerState] INFO  impl.RoleInfo (RoleInfo.java:shutdownFollowerState(119)) - 62362ab0-30ae-49fa-a673-0da439c77b8d: shutdown 62362ab0-30ae-49fa-a673-0da439c77b8d@group-7685EA4B7899-FollowerState
2024-09-15 17:07:36,800 [62362ab0-30ae-49fa-a673-0da439c77b8d@group-7685EA4B7899-FollowerState] INFO  server.RaftServer$Division (RaftServerImpl.java:setRole(376)) - 62362ab0-30ae-49fa-a673-0da439c77b8d@group-7685EA4B7899: changes role from  FOLLOWER to CANDIDATE at term 0 for changeToCandidate
2024-09-15 17:07:36,800 [62362ab0-30ae-49fa-a673-0da439c77b8d@group-7685EA4B7899-FollowerState] INFO  server.RaftServerConfigKeys (ConfUtils.java:logGet(46)) - raft.server.leaderelection.pre-vote = true (default)
2024-09-15 17:07:36,800 [62362ab0-30ae-49fa-a673-0da439c77b8d@group-7685EA4B7899-FollowerState] INFO  impl.RoleInfo (RoleInfo.java:updateAndGet(148)) - 62362ab0-30ae-49fa-a673-0da439c77b8d: start 62362ab0-30ae-49fa-a673-0da439c77b8d@group-7685EA4B7899-LeaderElection49
2024-09-15 17:07:36,801 [62362ab0-30ae-49fa-a673-0da439c77b8d@group-7685EA4B7899-LeaderElection49] INFO  impl.LeaderElection (LeaderElection.java:askForVotes(321)) - 62362ab0-30ae-49fa-a673-0da439c77b8d@group-7685EA4B7899-LeaderElection49 PRE_VOTE round 0: submit vote requests at term 0 for conf: {index: -1, cur=peers:[62362ab0-30ae-49fa-a673-0da439c77b8d|127.0.0.1:15171]|listeners:[], old=null}
2024-09-15 17:07:36,801 [62362ab0-30ae-49fa-a673-0da439c77b8d@group-7685EA4B7899-LeaderElection49] INFO  impl.LeaderElection (LeaderElection.java:askForVotes(323)) - 62362ab0-30ae-49fa-a673-0da439c77b8d@group-7685EA4B7899-LeaderElection49 PRE_VOTE round 0: result PASSED (term=0)
2024-09-15 17:07:36,802 [grpc-default-executor-0] INFO  server.RaftServer$Division (RaftServerImpl.java:requestVote(1416)) - 61f1eb6c-dc17-4b0b-858b-0bb1b85057d5@group-97AB3179636B: receive requestVote(ELECTION, fdb1bdfc-cd38-46a5-a741-21faac0cf152, group-97AB3179636B, 1, (t:0, i:0))
2024-09-15 17:07:36,802 [grpc-default-executor-0] INFO  impl.VoteContext (VoteContext.java:log(49)) - 61f1eb6c-dc17-4b0b-858b-0bb1b85057d5@group-97AB3179636B-FOLLOWER: accept ELECTION from fdb1bdfc-cd38-46a5-a741-21faac0cf152: our priority 0 <= candidate's priority 1
2024-09-15 17:07:36,802 [grpc-default-executor-0] INFO  server.RaftServer$Division (RaftServerImpl.java:setRole(376)) - 61f1eb6c-dc17-4b0b-858b-0bb1b85057d5@group-97AB3179636B: changes role from  FOLLOWER to FOLLOWER at term 1 for candidate:fdb1bdfc-cd38-46a5-a741-21faac0cf152
2024-09-15 17:07:36,802 [grpc-default-executor-0] INFO  impl.RoleInfo (RoleInfo.java:shutdownFollowerState(119)) - 61f1eb6c-dc17-4b0b-858b-0bb1b85057d5: shutdown 61f1eb6c-dc17-4b0b-858b-0bb1b85057d5@group-97AB3179636B-FollowerState
2024-09-15 17:07:36,802 [grpc-default-executor-0] INFO  impl.RoleInfo (RoleInfo.java:updateAndGet(148)) - 61f1eb6c-dc17-4b0b-858b-0bb1b85057d5: start 61f1eb6c-dc17-4b0b-858b-0bb1b85057d5@group-97AB3179636B-FollowerState
2024-09-15 17:07:36,801 [grpc-default-executor-1] INFO  server.RaftServer$Division (RaftServerImpl.java:requestVote(1416)) - 62362ab0-30ae-49fa-a673-0da439c77b8d@group-97AB3179636B: receive requestVote(ELECTION, fdb1bdfc-cd38-46a5-a741-21faac0cf152, group-97AB3179636B, 1, (t:0, i:0))
2024-09-15 17:07:36,802 [61f1eb6c-dc17-4b0b-858b-0bb1b85057d5@group-97AB3179636B-FollowerState] INFO  impl.FollowerState (FollowerState.java:run(153)) - 61f1eb6c-dc17-4b0b-858b-0bb1b85057d5@group-97AB3179636B-FollowerState was interrupted
2024-09-15 17:07:36,802 [grpc-default-executor-0] INFO  server.RaftServer$Division (RaftServerImpl.java:setFirstElection(549)) - 61f1eb6c-dc17-4b0b-858b-0bb1b85057d5@group-97AB3179636B: set firstElectionSinceStartup to false for candidate:fdb1bdfc-cd38-46a5-a741-21faac0cf152
2024-09-15 17:07:36,802 [grpc-default-executor-1] INFO  impl.VoteContext (VoteContext.java:log(49)) - 62362ab0-30ae-49fa-a673-0da439c77b8d@group-97AB3179636B-FOLLOWER: accept ELECTION from fdb1bdfc-cd38-46a5-a741-21faac0cf152: our priority 0 <= candidate's priority 1
2024-09-15 17:07:36,803 [62362ab0-30ae-49fa-a673-0da439c77b8d@group-7685EA4B7899-LeaderElection49] INFO  impl.LeaderElection (LeaderElection.java:askForVotes(321)) - 62362ab0-30ae-49fa-a673-0da439c77b8d@group-7685EA4B7899-LeaderElection49 ELECTION round 0: submit vote requests at term 1 for conf: {index: -1, cur=peers:[62362ab0-30ae-49fa-a673-0da439c77b8d|127.0.0.1:15171]|listeners:[], old=null}
2024-09-15 17:07:36,803 [62362ab0-30ae-49fa-a673-0da439c77b8d@group-7685EA4B7899-LeaderElection49] INFO  impl.LeaderElection (LeaderElection.java:askForVotes(323)) - 62362ab0-30ae-49fa-a673-0da439c77b8d@group-7685EA4B7899-LeaderElection49 ELECTION round 0: result PASSED (term=1)
2024-09-15 17:07:36,803 [62362ab0-30ae-49fa-a673-0da439c77b8d@group-7685EA4B7899-LeaderElection49] INFO  impl.RoleInfo (RoleInfo.java:shutdownLeaderElection(139)) - 62362ab0-30ae-49fa-a673-0da439c77b8d: shutdown 62362ab0-30ae-49fa-a673-0da439c77b8d@group-7685EA4B7899-LeaderElection49
2024-09-15 17:07:36,803 [62362ab0-30ae-49fa-a673-0da439c77b8d@group-7685EA4B7899-LeaderElection49] INFO  server.RaftServer$Division (RaftServerImpl.java:setRole(376)) - 62362ab0-30ae-49fa-a673-0da439c77b8d@group-7685EA4B7899: changes role from CANDIDATE to LEADER at term 1 for changeToLeader
2024-09-15 17:07:36,803 [62362ab0-30ae-49fa-a673-0da439c77b8d@group-7685EA4B7899-LeaderElection49] INFO  server.RaftServerConfigKeys (ConfUtils.java:logGet(46)) - raft.server.staging.catchup.gap = 1000 (default)
2024-09-15 17:07:36,803 [62362ab0-30ae-49fa-a673-0da439c77b8d@group-7685EA4B7899-LeaderElection49] INFO  server.RaftServerConfigKeys (ConfUtils.java:logGet(46)) - raft.server.write.element-limit = 1024 (custom)
2024-09-15 17:07:36,803 [62362ab0-30ae-49fa-a673-0da439c77b8d@group-7685EA4B7899-LeaderElection49] INFO  server.RaftServerConfigKeys (ConfUtils.java:logGet(46)) - raft.server.write.byte-limit = 1024 M (=1073741824) (custom)
2024-09-15 17:07:36,803 [62362ab0-30ae-49fa-a673-0da439c77b8d@group-7685EA4B7899-LeaderElection49] INFO  server.RaftServerConfigKeys (ConfUtils.java:logGet(46)) - raft.server.watch.timeout = 3000ms (custom)
2024-09-15 17:07:36,803 [62362ab0-30ae-49fa-a673-0da439c77b8d@group-7685EA4B7899-LeaderElection49] INFO  server.RaftServerConfigKeys (ConfUtils.java:logGet(46)) - raft.server.watch.timeout.denomination = 1s (default)
2024-09-15 17:07:36,803 [62362ab0-30ae-49fa-a673-0da439c77b8d@group-7685EA4B7899-LeaderElection49] INFO  server.RaftServerConfigKeys (ConfUtils.java:logGet(46)) - raft.server.watch.element-limit = 65536 (default)
2024-09-15 17:07:36,804 [grpc-default-executor-0] INFO  server.RaftServer$Division (RaftServerImpl.java:requestVote(1449)) - 61f1eb6c-dc17-4b0b-858b-0bb1b85057d5@group-97AB3179636B replies to ELECTION vote request: fdb1bdfc-cd38-46a5-a741-21faac0cf152<-61f1eb6c-dc17-4b0b-858b-0bb1b85057d5#0:OK-t1. Peer's state: 61f1eb6c-dc17-4b0b-858b-0bb1b85057d5@group-97AB3179636B:t1, leader=null, voted=fdb1bdfc-cd38-46a5-a741-21faac0cf152, raftlog=Memoized:61f1eb6c-dc17-4b0b-858b-0bb1b85057d5@group-97AB3179636B-SegmentedRaftLog:OPENED:c-1:lastnull, conf=conf: {index: -1, cur=peers:[62362ab0-30ae-49fa-a673-0da439c77b8d|127.0.0.1:15171, fdb1bdfc-cd38-46a5-a741-21faac0cf152|127.0.0.1:15189, 61f1eb6c-dc17-4b0b-858b-0bb1b85057d5|127.0.0.1:15180]|listeners:[], old=null}
2024-09-15 17:07:36,805 [fdb1bdfc-cd38-46a5-a741-21faac0cf152@group-97AB3179636B-LeaderElection48] INFO  impl.LeaderElection (LeaderElection.java:logAndReturn(89)) - fdb1bdfc-cd38-46a5-a741-21faac0cf152@group-97AB3179636B-LeaderElection48: ELECTION PASSED received 1 response(s) and 0 exception(s):
2024-09-15 17:07:36,805 [fdb1bdfc-cd38-46a5-a741-21faac0cf152@group-97AB3179636B-LeaderElection48] INFO  impl.LeaderElection (LeaderElection.java:logAndReturn(93)) -   Response 0: fdb1bdfc-cd38-46a5-a741-21faac0cf152<-61f1eb6c-dc17-4b0b-858b-0bb1b85057d5#0:OK-t1
2024-09-15 17:07:36,805 [fdb1bdfc-cd38-46a5-a741-21faac0cf152@group-97AB3179636B-LeaderElection48] INFO  impl.LeaderElection (LeaderElection.java:askForVotes(323)) - fdb1bdfc-cd38-46a5-a741-21faac0cf152@group-97AB3179636B-LeaderElection48 ELECTION round 0: result PASSED
2024-09-15 17:07:36,805 [fdb1bdfc-cd38-46a5-a741-21faac0cf152@group-97AB3179636B-LeaderElection48] INFO  impl.RoleInfo (RoleInfo.java:shutdownLeaderElection(139)) - fdb1bdfc-cd38-46a5-a741-21faac0cf152: shutdown fdb1bdfc-cd38-46a5-a741-21faac0cf152@group-97AB3179636B-LeaderElection48
2024-09-15 17:07:36,805 [fdb1bdfc-cd38-46a5-a741-21faac0cf152@group-97AB3179636B-LeaderElection48] INFO  server.RaftServer$Division (RaftServerImpl.java:setRole(376)) - fdb1bdfc-cd38-46a5-a741-21faac0cf152@group-97AB3179636B: changes role from CANDIDATE to LEADER at term 1 for changeToLeader
2024-09-15 17:07:36,805 [fdb1bdfc-cd38-46a5-a741-21faac0cf152@group-97AB3179636B-LeaderElection48] INFO  server.RaftServerConfigKeys (ConfUtils.java:logGet(46)) - raft.server.staging.catchup.gap = 1000 (default)
2024-09-15 17:07:36,805 [fdb1bdfc-cd38-46a5-a741-21faac0cf152@group-97AB3179636B-LeaderElection48] INFO  server.RaftServerConfigKeys (ConfUtils.java:logGet(46)) - raft.server.write.element-limit = 1024 (custom)
2024-09-15 17:07:36,805 [fdb1bdfc-cd38-46a5-a741-21faac0cf152@group-97AB3179636B-LeaderElection48] INFO  server.RaftServerConfigKeys (ConfUtils.java:logGet(46)) - raft.server.write.byte-limit = 1024 M (=1073741824) (custom)
2024-09-15 17:07:36,805 [fdb1bdfc-cd38-46a5-a741-21faac0cf152@group-97AB3179636B-LeaderElection48] INFO  server.RaftServerConfigKeys (ConfUtils.java:logGet(46)) - raft.server.watch.timeout = 3000ms (custom)
2024-09-15 17:07:36,805 [fdb1bdfc-cd38-46a5-a741-21faac0cf152@group-97AB3179636B-LeaderElection48] INFO  server.RaftServerConfigKeys (ConfUtils.java:logGet(46)) - raft.server.watch.timeout.denomination = 1s (default)
2024-09-15 17:07:36,805 [fdb1bdfc-cd38-46a5-a741-21faac0cf152@group-97AB3179636B-LeaderElection48] INFO  server.RaftServerConfigKeys (ConfUtils.java:logGet(46)) - raft.server.watch.element-limit = 65536 (default)
2024-09-15 17:07:36,803 [grpc-default-executor-1] INFO  server.RaftServer$Division (RaftServerImpl.java:setRole(376)) - 62362ab0-30ae-49fa-a673-0da439c77b8d@group-97AB3179636B: changes role from  FOLLOWER to FOLLOWER at term 1 for candidate:fdb1bdfc-cd38-46a5-a741-21faac0cf152
2024-09-15 17:07:36,805 [grpc-default-executor-1] INFO  impl.RoleInfo (RoleInfo.java:shutdownFollowerState(119)) - 62362ab0-30ae-49fa-a673-0da439c77b8d: shutdown 62362ab0-30ae-49fa-a673-0da439c77b8d@group-97AB3179636B-FollowerState
2024-09-15 17:07:36,806 [62362ab0-30ae-49fa-a673-0da439c77b8d@group-97AB3179636B-FollowerState] INFO  impl.FollowerState (FollowerState.java:run(153)) - 62362ab0-30ae-49fa-a673-0da439c77b8d@group-97AB3179636B-FollowerState was interrupted
2024-09-15 17:07:36,804 [62362ab0-30ae-49fa-a673-0da439c77b8d@group-7685EA4B7899-LeaderElection49] INFO  server.RaftServerConfigKeys (ConfUtils.java:logGet(46)) - raft.server.read.leader.lease.enabled = false (default)
2024-09-15 17:07:36,806 [fdb1bdfc-cd38-46a5-a741-21faac0cf152@group-97AB3179636B-LeaderElection48] INFO  server.RaftServerConfigKeys (ConfUtils.java:logGet(46)) - raft.server.read.leader.lease.enabled = false (default)
2024-09-15 17:07:36,806 [fdb1bdfc-cd38-46a5-a741-21faac0cf152@group-97AB3179636B-LeaderElection48] INFO  server.RaftServerConfigKeys (ConfUtils.java:logGet(46)) - raft.server.read.leader.lease.timeout.ratio = 0.9 (default)
2024-09-15 17:07:36,806 [fdb1bdfc-cd38-46a5-a741-21faac0cf152@group-97AB3179636B-LeaderElection48] INFO  server.RaftServerConfigKeys (ConfUtils.java:logGet(46)) - raft.server.rpc.timeout.min = 5s (custom)
2024-09-15 17:07:36,806 [fdb1bdfc-cd38-46a5-a741-21faac0cf152@group-97AB3179636B-LeaderElection48] INFO  server.RaftServerConfigKeys (ConfUtils.java:logGet(46)) - raft.server.log.log-metadata.enabled = true (default)
2024-09-15 17:07:36,806 [fdb1bdfc-cd38-46a5-a741-21faac0cf152@group-97AB3179636B-LeaderElection48] INFO  server.RaftServerConfigKeys (ConfUtils.java:logGet(46)) - raft.server.write.element-limit = 1024 (custom)
2024-09-15 17:07:36,806 [fdb1bdfc-cd38-46a5-a741-21faac0cf152@group-97AB3179636B-LeaderElection48] INFO  server.RaftServerConfigKeys (ConfUtils.java:logGet(46)) - raft.server.write.follower.gap.ratio.max = -1.0 (default)
2024-09-15 17:07:36,806 [fdb1bdfc-cd38-46a5-a741-21faac0cf152@group-97AB3179636B-LeaderElection48] INFO  server.RaftServerConfigKeys (ConfUtils.java:logGet(46)) - raft.server.log.appender.snapshot.chunk.size.max = 16MB (=16777216) (default)
2024-09-15 17:07:36,806 [fdb1bdfc-cd38-46a5-a741-21faac0cf152@group-97AB3179636B-LeaderElection48] INFO  server.RaftServerConfigKeys (ConfUtils.java:logGet(46)) - raft.server.log.appender.buffer.byte-limit = 33554432 (custom)
2024-09-15 17:07:36,807 [fdb1bdfc-cd38-46a5-a741-21faac0cf152@group-97AB3179636B-LeaderElection48] INFO  server.RaftServerConfigKeys (ConfUtils.java:logGet(46)) - raft.server.log.appender.buffer.element-limit = 1024 (custom)
2024-09-15 17:07:36,807 [fdb1bdfc-cd38-46a5-a741-21faac0cf152@group-97AB3179636B-LeaderElection48] INFO  server.RaftServerConfigKeys (ConfUtils.java:logGet(46)) - raft.server.log.appender.wait-time.min = 0ms (custom)
2024-09-15 17:07:36,807 [fdb1bdfc-cd38-46a5-a741-21faac0cf152@group-97AB3179636B-LeaderElection48] INFO  grpc.GrpcConfigKeys (ConfUtils.java:logGet(46)) - raft.grpc.server.leader.outstanding.appends.max = 8 (default)
2024-09-15 17:07:36,807 [fdb1bdfc-cd38-46a5-a741-21faac0cf152@group-97AB3179636B-LeaderElection48] INFO  server.RaftServerConfigKeys (ConfUtils.java:logGet(46)) - raft.server.rpc.request.timeout = 3000ms (default)
2024-09-15 17:07:36,807 [fdb1bdfc-cd38-46a5-a741-21faac0cf152@group-97AB3179636B-LeaderElection48] INFO  grpc.GrpcConfigKeys (ConfUtils.java:logGet(46)) - raft.grpc.server.install_snapshot.request.element-limit = 8 (default)
2024-09-15 17:07:36,807 [fdb1bdfc-cd38-46a5-a741-21faac0cf152@group-97AB3179636B-LeaderElection48] INFO  grpc.GrpcConfigKeys (ConfUtils.java:logGet(46)) - raft.grpc.server.install_snapshot.request.timeout = 3000ms (default)
2024-09-15 17:07:36,807 [fdb1bdfc-cd38-46a5-a741-21faac0cf152@group-97AB3179636B-LeaderElection48] INFO  grpc.GrpcConfigKeys (ConfUtils.java:logGet(46)) - raft.grpc.server.log-message.batch.duration = 5s (default)
2024-09-15 17:07:36,807 [fdb1bdfc-cd38-46a5-a741-21faac0cf152@group-97AB3179636B-LeaderElection48] INFO  server.RaftServerConfigKeys (ConfUtils.java:logGet(46)) - raft.server.log.appender.install.snapshot.enabled = false (custom)
2024-09-15 17:07:36,807 [fdb1bdfc-cd38-46a5-a741-21faac0cf152@group-97AB3179636B-LeaderElection48] INFO  grpc.GrpcConfigKeys (ConfUtils.java:logGet(46)) - raft.grpc.server.heartbeat.channel = true (default)
2024-09-15 17:07:36,808 [fdb1bdfc-cd38-46a5-a741-21faac0cf152@group-97AB3179636B-LeaderElection48] INFO  server.RaftServerConfigKeys (ConfUtils.java:logGet(46)) - raft.server.log.appender.snapshot.chunk.size.max = 16MB (=16777216) (default)
2024-09-15 17:07:36,808 [fdb1bdfc-cd38-46a5-a741-21faac0cf152@group-97AB3179636B-LeaderElection48] INFO  server.RaftServerConfigKeys (ConfUtils.java:logGet(46)) - raft.server.log.appender.buffer.byte-limit = 33554432 (custom)
2024-09-15 17:07:36,808 [fdb1bdfc-cd38-46a5-a741-21faac0cf152@group-97AB3179636B-LeaderElection48] INFO  server.RaftServerConfigKeys (ConfUtils.java:logGet(46)) - raft.server.log.appender.buffer.element-limit = 1024 (custom)
2024-09-15 17:07:36,808 [fdb1bdfc-cd38-46a5-a741-21faac0cf152@group-97AB3179636B-LeaderElection48] INFO  server.RaftServerConfigKeys (ConfUtils.java:logGet(46)) - raft.server.log.appender.wait-time.min = 0ms (custom)
2024-09-15 17:07:36,808 [fdb1bdfc-cd38-46a5-a741-21faac0cf152@group-97AB3179636B-LeaderElection48] INFO  grpc.GrpcConfigKeys (ConfUtils.java:logGet(46)) - raft.grpc.server.leader.outstanding.appends.max = 8 (default)
2024-09-15 17:07:36,808 [fdb1bdfc-cd38-46a5-a741-21faac0cf152@group-97AB3179636B-LeaderElection48] INFO  server.RaftServerConfigKeys (ConfUtils.java:logGet(46)) - raft.server.rpc.request.timeout = 3000ms (default)
2024-09-15 17:07:36,808 [fdb1bdfc-cd38-46a5-a741-21faac0cf152@group-97AB3179636B-LeaderElection48] INFO  grpc.GrpcConfigKeys (ConfUtils.java:logGet(46)) - raft.grpc.server.install_snapshot.request.element-limit = 8 (default)
2024-09-15 17:07:36,808 [fdb1bdfc-cd38-46a5-a741-21faac0cf152@group-97AB3179636B-LeaderElection48] INFO  grpc.GrpcConfigKeys (ConfUtils.java:logGet(46)) - raft.grpc.server.install_snapshot.request.timeout = 3000ms (default)
2024-09-15 17:07:36,808 [fdb1bdfc-cd38-46a5-a741-21faac0cf152@group-97AB3179636B-LeaderElection48] INFO  grpc.GrpcConfigKeys (ConfUtils.java:logGet(46)) - raft.grpc.server.log-message.batch.duration = 5s (default)
2024-09-15 17:07:36,808 [fdb1bdfc-cd38-46a5-a741-21faac0cf152@group-97AB3179636B-LeaderElection48] INFO  server.RaftServerConfigKeys (ConfUtils.java:logGet(46)) - raft.server.log.appender.install.snapshot.enabled = false (custom)
2024-09-15 17:07:36,808 [fdb1bdfc-cd38-46a5-a741-21faac0cf152@group-97AB3179636B-LeaderElection48] INFO  grpc.GrpcConfigKeys (ConfUtils.java:logGet(46)) - raft.grpc.server.heartbeat.channel = true (default)
2024-09-15 17:07:36,808 [fdb1bdfc-cd38-46a5-a741-21faac0cf152@group-97AB3179636B-LeaderElection48] INFO  impl.RoleInfo (RoleInfo.java:updateAndGet(148)) - fdb1bdfc-cd38-46a5-a741-21faac0cf152: start fdb1bdfc-cd38-46a5-a741-21faac0cf152@group-97AB3179636B-LeaderStateImpl
2024-09-15 17:07:36,808 [fdb1bdfc-cd38-46a5-a741-21faac0cf152@group-97AB3179636B-LeaderElection48] INFO  server.RaftServer$Division (RaftServerImpl.java:setFirstElection(549)) - fdb1bdfc-cd38-46a5-a741-21faac0cf152@group-97AB3179636B: set firstElectionSinceStartup to false for becomeLeader
2024-09-15 17:07:36,808 [fdb1bdfc-cd38-46a5-a741-21faac0cf152@group-97AB3179636B-LeaderElection48] INFO  ratis.XceiverServerRatis (XceiverServerRatis.java:handleLeaderChangedNotification(950)) - Leader change notification received for group: group-97AB3179636B with new leaderId: fdb1bdfc-cd38-46a5-a741-21faac0cf152
2024-09-15 17:07:36,808 [fdb1bdfc-cd38-46a5-a741-21faac0cf152@group-97AB3179636B-LeaderElection48] INFO  server.RaftServer$Division (ServerState.java:setLeader(272)) - fdb1bdfc-cd38-46a5-a741-21faac0cf152@group-97AB3179636B: change Leader from null to fdb1bdfc-cd38-46a5-a741-21faac0cf152 at term 1 for becomeLeader, leader elected after 5123ms
2024-09-15 17:07:36,809 [fdb1bdfc-cd38-46a5-a741-21faac0cf152@group-97AB3179636B-LeaderElection48] INFO  segmented.SegmentedRaftLogWorker (SegmentedRaftLogWorker.java:startLogSegment(433)) - fdb1bdfc-cd38-46a5-a741-21faac0cf152@group-97AB3179636B-SegmentedRaftLogWorker: Starting segment from index:0
2024-09-15 17:07:36,809 [fdb1bdfc-cd38-46a5-a741-21faac0cf152@group-97AB3179636B-SegmentedRaftLogWorker] INFO  segmented.BufferedWriteChannel (BufferedWriteChannel.java:open(61)) - open log_inprogress_0 at position 0
2024-09-15 17:07:36,809 [EventQueue-OpenPipelineForHealthyPipelineSafeModeRule] INFO  safemode.SCMSafeModeManager (HealthyPipelineSafeModeRule.java:process(140)) - SCM in safe mode. Healthy pipelines reported count is 0, required healthy pipeline reported count is 1
2024-09-15 17:07:36,810 [EventQueue-PipelineReportForPipelineReportHandler] INFO  pipeline.PipelineReportHandler (PipelineReportHandler.java:processPipelineReport(136)) - Opened pipeline PipelineID=4b34d6d8-6abb-4b9d-9724-97ab3179636b
2024-09-15 17:07:36,810 [EventQueue-OpenPipelineForHealthyPipelineSafeModeRule] INFO  safemode.SCMSafeModeManager (HealthyPipelineSafeModeRule.java:process(140)) - SCM in safe mode. Healthy pipelines reported count is 1, required healthy pipeline reported count is 1
2024-09-15 17:07:36,810 [EventQueue-OpenPipelineForHealthyPipelineSafeModeRule] INFO  safemode.SCMSafeModeManager (SCMSafeModeManager.java:validateSafeModeExitRules(203)) - HealthyPipelineSafeModeRule rule is successfully validated
2024-09-15 17:07:36,810 [EventQueue-OpenPipelineForHealthyPipelineSafeModeRule] INFO  safemode.SCMSafeModeManager (SCMSafeModeManager.java:validateSafeModeExitRules(218)) - ScmSafeModeManager, all rules are successfully validated
2024-09-15 17:07:36,810 [EventQueue-OpenPipelineForHealthyPipelineSafeModeRule] INFO  safemode.SCMSafeModeManager (SCMSafeModeManager.java:exitSafeMode(248)) - SCM exiting safe mode.
2024-09-15 17:07:36,810 [EventQueue-OpenPipelineForHealthyPipelineSafeModeRule] INFO  ha.SCMContext (SCMContext.java:updateSafeModeStatus(225)) - Update SafeModeStatus from SafeModeStatus{safeModeStatus=true, preCheckPassed=true} to SafeModeStatus{safeModeStatus=false, preCheckPassed=true}.
2024-09-15 17:07:36,810 [EventQueue-OpenPipelineForHealthyPipelineSafeModeRule] INFO  pipeline.BackgroundPipelineCreator (BackgroundPipelineCreator.java:notifyStatusChanged(258)) - Service BackgroundPipelineCreator transitions to RUNNING.
2024-09-15 17:07:36,810 [EventQueue-OpenPipelineForHealthyPipelineSafeModeRule] INFO  BackgroundPipelineScrubber (BackgroundSCMService.java:notifyStatusChanged(79)) - Service BackgroundPipelineScrubber transitions to RUNNING.
2024-09-15 17:07:36,810 [EventQueue-OpenPipelineForHealthyPipelineSafeModeRule] INFO  ExpiredContainerReplicaOpScrubber (BackgroundSCMService.java:notifyStatusChanged(79)) - Service ExpiredContainerReplicaOpScrubber transitions to RUNNING.
2024-09-15 17:07:36,810 [EventQueue-OpenPipelineForHealthyPipelineSafeModeRule] INFO  block.SCMBlockDeletingService (SCMBlockDeletingService.java:notifyStatusChanged(247)) - notifyStatusChanged:RUNNING
2024-09-15 17:07:36,810 [EventQueue-OpenPipelineForHealthyPipelineSafeModeRule] INFO  replication.ReplicationManager (ReplicationManager.java:notifyStatusChanged(1406)) - Service ReplicationManager transitions to RUNNING.
2024-09-15 17:07:36,810 [EventQueue-OpenPipelineForHealthyPipelineSafeModeRule] WARN  balancer.ContainerBalancer (ContainerBalancer.java:shouldRun(136)) - Could not find persisted configuration for ContainerBalancer when checking if ContainerBalancer should run. ContainerBalancer should not run now.
2024-09-15 17:07:36,813 [62362ab0-30ae-49fa-a673-0da439c77b8d@group-9F891B4926A6-FollowerState] INFO  impl.FollowerState (FollowerState.java:run(144)) - 62362ab0-30ae-49fa-a673-0da439c77b8d@group-9F891B4926A6-FollowerState: change to CANDIDATE, lastRpcElapsedTime:5091215637ns, electionTimeout:5087ms
2024-09-15 17:07:36,813 [62362ab0-30ae-49fa-a673-0da439c77b8d@group-9F891B4926A6-FollowerState] INFO  impl.RoleInfo (RoleInfo.java:shutdownFollowerState(119)) - 62362ab0-30ae-49fa-a673-0da439c77b8d: shutdown 62362ab0-30ae-49fa-a673-0da439c77b8d@group-9F891B4926A6-FollowerState
2024-09-15 17:07:36,813 [62362ab0-30ae-49fa-a673-0da439c77b8d@group-9F891B4926A6-FollowerState] INFO  server.RaftServer$Division (RaftServerImpl.java:setRole(376)) - 62362ab0-30ae-49fa-a673-0da439c77b8d@group-9F891B4926A6: changes role from  FOLLOWER to CANDIDATE at term 0 for changeToCandidate
2024-09-15 17:07:36,814 [62362ab0-30ae-49fa-a673-0da439c77b8d@group-9F891B4926A6-FollowerState] INFO  server.RaftServerConfigKeys (ConfUtils.java:logGet(46)) - raft.server.leaderelection.pre-vote = true (default)
2024-09-15 17:07:36,814 [62362ab0-30ae-49fa-a673-0da439c77b8d@group-9F891B4926A6-FollowerState] INFO  impl.RoleInfo (RoleInfo.java:updateAndGet(148)) - 62362ab0-30ae-49fa-a673-0da439c77b8d: start 62362ab0-30ae-49fa-a673-0da439c77b8d@group-9F891B4926A6-LeaderElection50
2024-09-15 17:07:36,814 [62362ab0-30ae-49fa-a673-0da439c77b8d@group-9F891B4926A6-LeaderElection50] INFO  impl.LeaderElection (LeaderElection.java:askForVotes(321)) - 62362ab0-30ae-49fa-a673-0da439c77b8d@group-9F891B4926A6-LeaderElection50 PRE_VOTE round 0: submit vote requests at term 0 for conf: {index: -1, cur=peers:[62362ab0-30ae-49fa-a673-0da439c77b8d|127.0.0.1:15171, fdb1bdfc-cd38-46a5-a741-21faac0cf152|127.0.0.1:15189, 61f1eb6c-dc17-4b0b-858b-0bb1b85057d5|127.0.0.1:15180]|listeners:[], old=null}
2024-09-15 17:07:36,814 [fdb1bdfc-cd38-46a5-a741-21faac0cf152@group-97AB3179636B-LeaderElection48] INFO  server.RaftServer$Division (ServerState.java:setRaftConf(386)) - fdb1bdfc-cd38-46a5-a741-21faac0cf152@group-97AB3179636B: set configuration conf: {index: 0, cur=peers:[62362ab0-30ae-49fa-a673-0da439c77b8d|127.0.0.1:15171, fdb1bdfc-cd38-46a5-a741-21faac0cf152|127.0.0.1:15189, 61f1eb6c-dc17-4b0b-858b-0bb1b85057d5|127.0.0.1:15180]|listeners:[], old=null}
2024-09-15 17:07:36,815 [grpc-default-executor-0] INFO  server.RaftServer$Division (RaftServerImpl.java:requestVote(1416)) - fdb1bdfc-cd38-46a5-a741-21faac0cf152@group-9F891B4926A6: receive requestVote(PRE_VOTE, 62362ab0-30ae-49fa-a673-0da439c77b8d, group-9F891B4926A6, 0, (t:0, i:0))
2024-09-15 17:07:36,816 [grpc-default-executor-0] INFO  impl.VoteContext (VoteContext.java:log(49)) - fdb1bdfc-cd38-46a5-a741-21faac0cf152@group-9F891B4926A6-FOLLOWER: accept PRE_VOTE from 62362ab0-30ae-49fa-a673-0da439c77b8d: our priority 0 <= candidate's priority 0
2024-09-15 17:07:36,816 [grpc-default-executor-0] INFO  server.RaftServer$Division (RaftServerImpl.java:requestVote(1449)) - fdb1bdfc-cd38-46a5-a741-21faac0cf152@group-9F891B4926A6 replies to PRE_VOTE vote request: 62362ab0-30ae-49fa-a673-0da439c77b8d<-fdb1bdfc-cd38-46a5-a741-21faac0cf152#0:OK-t0. Peer's state: fdb1bdfc-cd38-46a5-a741-21faac0cf152@group-9F891B4926A6:t0, leader=null, voted=, raftlog=Memoized:fdb1bdfc-cd38-46a5-a741-21faac0cf152@group-9F891B4926A6-SegmentedRaftLog:OPENED:c-1:lastnull, conf=conf: {index: -1, cur=peers:[62362ab0-30ae-49fa-a673-0da439c77b8d|127.0.0.1:15171, fdb1bdfc-cd38-46a5-a741-21faac0cf152|127.0.0.1:15189, 61f1eb6c-dc17-4b0b-858b-0bb1b85057d5|127.0.0.1:15180]|listeners:[], old=null}
2024-09-15 17:07:36,806 [grpc-default-executor-1] INFO  impl.RoleInfo (RoleInfo.java:updateAndGet(148)) - 62362ab0-30ae-49fa-a673-0da439c77b8d: start 62362ab0-30ae-49fa-a673-0da439c77b8d@group-97AB3179636B-FollowerState
2024-09-15 17:07:36,816 [62362ab0-30ae-49fa-a673-0da439c77b8d@group-7685EA4B7899-LeaderElection49] INFO  server.RaftServerConfigKeys (ConfUtils.java:logGet(46)) - raft.server.read.leader.lease.timeout.ratio = 0.9 (default)
2024-09-15 17:07:36,816 [62362ab0-30ae-49fa-a673-0da439c77b8d@group-7685EA4B7899-LeaderElection49] INFO  server.RaftServerConfigKeys (ConfUtils.java:logGet(46)) - raft.server.rpc.timeout.min = 5s (custom)
2024-09-15 17:07:36,817 [62362ab0-30ae-49fa-a673-0da439c77b8d@group-7685EA4B7899-LeaderElection49] INFO  server.RaftServerConfigKeys (ConfUtils.java:logGet(46)) - raft.server.log.log-metadata.enabled = true (default)
2024-09-15 17:07:36,817 [62362ab0-30ae-49fa-a673-0da439c77b8d@group-7685EA4B7899-LeaderElection49] INFO  server.RaftServerConfigKeys (ConfUtils.java:logGet(46)) - raft.server.write.element-limit = 1024 (custom)
2024-09-15 17:07:36,817 [62362ab0-30ae-49fa-a673-0da439c77b8d@group-7685EA4B7899-LeaderElection49] INFO  server.RaftServerConfigKeys (ConfUtils.java:logGet(46)) - raft.server.write.follower.gap.ratio.max = -1.0 (default)
2024-09-15 17:07:36,817 [62362ab0-30ae-49fa-a673-0da439c77b8d@group-7685EA4B7899-LeaderElection49] INFO  impl.RoleInfo (RoleInfo.java:updateAndGet(148)) - 62362ab0-30ae-49fa-a673-0da439c77b8d: start 62362ab0-30ae-49fa-a673-0da439c77b8d@group-7685EA4B7899-LeaderStateImpl
2024-09-15 17:07:36,817 [62362ab0-30ae-49fa-a673-0da439c77b8d@group-7685EA4B7899-LeaderElection49] INFO  server.RaftServer$Division (RaftServerImpl.java:setFirstElection(549)) - 62362ab0-30ae-49fa-a673-0da439c77b8d@group-7685EA4B7899: set firstElectionSinceStartup to false for becomeLeader
2024-09-15 17:07:36,817 [62362ab0-30ae-49fa-a673-0da439c77b8d@group-7685EA4B7899-LeaderElection49] INFO  ratis.XceiverServerRatis (XceiverServerRatis.java:handleLeaderChangedNotification(950)) - Leader change notification received for group: group-7685EA4B7899 with new leaderId: 62362ab0-30ae-49fa-a673-0da439c77b8d
2024-09-15 17:07:36,817 [62362ab0-30ae-49fa-a673-0da439c77b8d@group-7685EA4B7899-LeaderElection49] INFO  server.RaftServer$Division (ServerState.java:setLeader(272)) - 62362ab0-30ae-49fa-a673-0da439c77b8d@group-7685EA4B7899: change Leader from null to 62362ab0-30ae-49fa-a673-0da439c77b8d at term 1 for becomeLeader, leader elected after 5217ms
2024-09-15 17:07:36,817 [62362ab0-30ae-49fa-a673-0da439c77b8d@group-7685EA4B7899-LeaderElection49] INFO  segmented.SegmentedRaftLogWorker (SegmentedRaftLogWorker.java:startLogSegment(433)) - 62362ab0-30ae-49fa-a673-0da439c77b8d@group-7685EA4B7899-SegmentedRaftLogWorker: Starting segment from index:0
2024-09-15 17:07:36,817 [62362ab0-30ae-49fa-a673-0da439c77b8d@group-7685EA4B7899-LeaderElection49] INFO  server.RaftServer$Division (ServerState.java:setRaftConf(386)) - 62362ab0-30ae-49fa-a673-0da439c77b8d@group-7685EA4B7899: set configuration conf: {index: 0, cur=peers:[62362ab0-30ae-49fa-a673-0da439c77b8d|127.0.0.1:15171]|listeners:[], old=null}
2024-09-15 17:07:36,817 [62362ab0-30ae-49fa-a673-0da439c77b8d@group-7685EA4B7899-SegmentedRaftLogWorker] INFO  segmented.BufferedWriteChannel (BufferedWriteChannel.java:open(61)) - open log_inprogress_0 at position 0
2024-09-15 17:07:36,820 [fdb1bdfc-cd38-46a5-a741-21faac0cf152@group-97AB3179636B-SegmentedRaftLogWorker] INFO  segmented.SegmentedRaftLogWorker (SegmentedRaftLogWorker.java:execute(637)) - fdb1bdfc-cd38-46a5-a741-21faac0cf152@group-97AB3179636B-SegmentedRaftLogWorker: created new log segment /home/runner/work/ozone/ozone/hadoop-ozone/integration-test/target/test-dir/MiniOzoneClusterImpl-eca91e6c-a84b-4041-8679-4afba91b5587/ozone-meta/datanode-3/ratis/4b34d6d8-6abb-4b9d-9724-97ab3179636b/current/log_inprogress_0
2024-09-15 17:07:36,824 [62362ab0-30ae-49fa-a673-0da439c77b8d@group-9F891B4926A6-LeaderElection50] INFO  server.RaftServerConfigKeys (ConfUtils.java:logFallback(53)) - raft.server.rpc.first-election.timeout.min = 5s (fallback to raft.server.rpc.timeout.min)
2024-09-15 17:07:36,824 [62362ab0-30ae-49fa-a673-0da439c77b8d@group-9F891B4926A6-LeaderElection50] INFO  server.RaftServerConfigKeys (ConfUtils.java:logFallback(53)) - raft.server.rpc.first-election.timeout.max = 5200ms (fallback to raft.server.rpc.timeout.max)
2024-09-15 17:07:36,827 [grpc-default-executor-3] INFO  server.RaftServer$Division (RaftServerImpl.java:requestVote(1416)) - 61f1eb6c-dc17-4b0b-858b-0bb1b85057d5@group-9F891B4926A6: receive requestVote(PRE_VOTE, 62362ab0-30ae-49fa-a673-0da439c77b8d, group-9F891B4926A6, 0, (t:0, i:0))
2024-09-15 17:07:36,827 [grpc-default-executor-3] INFO  impl.VoteContext (VoteContext.java:log(49)) - 61f1eb6c-dc17-4b0b-858b-0bb1b85057d5@group-9F891B4926A6-FOLLOWER: reject PRE_VOTE from 62362ab0-30ae-49fa-a673-0da439c77b8d: our priority 1 > candidate's priority 0
2024-09-15 17:07:36,827 [grpc-default-executor-3] INFO  server.RaftServer$Division (RaftServerImpl.java:requestVote(1449)) - 61f1eb6c-dc17-4b0b-858b-0bb1b85057d5@group-9F891B4926A6 replies to PRE_VOTE vote request: 62362ab0-30ae-49fa-a673-0da439c77b8d<-61f1eb6c-dc17-4b0b-858b-0bb1b85057d5#0:FAIL-t0. Peer's state: 61f1eb6c-dc17-4b0b-858b-0bb1b85057d5@group-9F891B4926A6:t0, leader=null, voted=, raftlog=Memoized:61f1eb6c-dc17-4b0b-858b-0bb1b85057d5@group-9F891B4926A6-SegmentedRaftLog:OPENED:c-1:lastnull, conf=conf: {index: -1, cur=peers:[62362ab0-30ae-49fa-a673-0da439c77b8d|127.0.0.1:15171, fdb1bdfc-cd38-46a5-a741-21faac0cf152|127.0.0.1:15189, 61f1eb6c-dc17-4b0b-858b-0bb1b85057d5|127.0.0.1:15180]|listeners:[], old=null}
2024-09-15 17:07:36,828 [62362ab0-30ae-49fa-a673-0da439c77b8d@group-7685EA4B7899-SegmentedRaftLogWorker] INFO  segmented.SegmentedRaftLogWorker (SegmentedRaftLogWorker.java:execute(637)) - 62362ab0-30ae-49fa-a673-0da439c77b8d@group-7685EA4B7899-SegmentedRaftLogWorker: created new log segment /home/runner/work/ozone/ozone/hadoop-ozone/integration-test/target/test-dir/MiniOzoneClusterImpl-eca91e6c-a84b-4041-8679-4afba91b5587/ozone-meta/datanode-1/ratis/6f349022-21b7-4e13-9f30-7685ea4b7899/current/log_inprogress_0
2024-09-15 17:07:36,828 [grpc-default-executor-1] INFO  server.RaftServer$Division (RaftServerImpl.java:requestVote(1449)) - 62362ab0-30ae-49fa-a673-0da439c77b8d@group-97AB3179636B replies to ELECTION vote request: fdb1bdfc-cd38-46a5-a741-21faac0cf152<-62362ab0-30ae-49fa-a673-0da439c77b8d#0:OK-t1. Peer's state: 62362ab0-30ae-49fa-a673-0da439c77b8d@group-97AB3179636B:t1, leader=null, voted=fdb1bdfc-cd38-46a5-a741-21faac0cf152, raftlog=Memoized:62362ab0-30ae-49fa-a673-0da439c77b8d@group-97AB3179636B-SegmentedRaftLog:OPENED:c-1:lastnull, conf=conf: {index: -1, cur=peers:[62362ab0-30ae-49fa-a673-0da439c77b8d|127.0.0.1:15171, fdb1bdfc-cd38-46a5-a741-21faac0cf152|127.0.0.1:15189, 61f1eb6c-dc17-4b0b-858b-0bb1b85057d5|127.0.0.1:15180]|listeners:[], old=null}
2024-09-15 17:07:36,830 [62362ab0-30ae-49fa-a673-0da439c77b8d@group-7685EA4B7899-StateMachineUpdater] INFO  server.RaftServer$Division (LeaderStateImpl.java:checkStartIndex(316)) - Leader 62362ab0-30ae-49fa-a673-0da439c77b8d@group-7685EA4B7899-LeaderStateImpl is ready since appliedIndex == startIndex == 0
2024-09-15 17:07:36,830 [62362ab0-30ae-49fa-a673-0da439c77b8d@group-9F891B4926A6-LeaderElection50] INFO  impl.LeaderElection (LeaderElection.java:logAndReturn(89)) - 62362ab0-30ae-49fa-a673-0da439c77b8d@group-9F891B4926A6-LeaderElection50: PRE_VOTE REJECTED received 2 response(s) and 0 exception(s):
2024-09-15 17:07:36,830 [62362ab0-30ae-49fa-a673-0da439c77b8d@group-9F891B4926A6-LeaderElection50] INFO  impl.LeaderElection (LeaderElection.java:logAndReturn(93)) -   Response 0: 62362ab0-30ae-49fa-a673-0da439c77b8d<-fdb1bdfc-cd38-46a5-a741-21faac0cf152#0:OK-t0
2024-09-15 17:07:36,830 [62362ab0-30ae-49fa-a673-0da439c77b8d@group-9F891B4926A6-LeaderElection50] INFO  impl.LeaderElection (LeaderElection.java:logAndReturn(93)) -   Response 1: 62362ab0-30ae-49fa-a673-0da439c77b8d<-61f1eb6c-dc17-4b0b-858b-0bb1b85057d5#0:FAIL-t0
2024-09-15 17:07:36,830 [62362ab0-30ae-49fa-a673-0da439c77b8d@group-9F891B4926A6-LeaderElection50] INFO  impl.LeaderElection (LeaderElection.java:askForVotes(323)) - 62362ab0-30ae-49fa-a673-0da439c77b8d@group-9F891B4926A6-LeaderElection50 PRE_VOTE round 0: result REJECTED
2024-09-15 17:07:36,830 [62362ab0-30ae-49fa-a673-0da439c77b8d@group-9F891B4926A6-LeaderElection50] INFO  server.RaftServer$Division (RaftServerImpl.java:setRole(376)) - 62362ab0-30ae-49fa-a673-0da439c77b8d@group-9F891B4926A6: changes role from CANDIDATE to FOLLOWER at term 0 for REJECTED
2024-09-15 17:07:36,830 [62362ab0-30ae-49fa-a673-0da439c77b8d@group-9F891B4926A6-LeaderElection50] INFO  impl.RoleInfo (RoleInfo.java:shutdownLeaderElection(139)) - 62362ab0-30ae-49fa-a673-0da439c77b8d: shutdown 62362ab0-30ae-49fa-a673-0da439c77b8d@group-9F891B4926A6-LeaderElection50
2024-09-15 17:07:36,830 [62362ab0-30ae-49fa-a673-0da439c77b8d@group-9F891B4926A6-LeaderElection50] INFO  impl.RoleInfo (RoleInfo.java:updateAndGet(148)) - 62362ab0-30ae-49fa-a673-0da439c77b8d: start 62362ab0-30ae-49fa-a673-0da439c77b8d@group-9F891B4926A6-FollowerState
2024-09-15 17:07:36,830 [62362ab0-30ae-49fa-a673-0da439c77b8d-server-thread1] INFO  ratis.XceiverServerRatis (XceiverServerRatis.java:handleLeaderChangedNotification(950)) - Leader change notification received for group: group-97AB3179636B with new leaderId: fdb1bdfc-cd38-46a5-a741-21faac0cf152
2024-09-15 17:07:36,831 [62362ab0-30ae-49fa-a673-0da439c77b8d-server-thread1] INFO  server.RaftServer$Division (ServerState.java:setLeader(272)) - 62362ab0-30ae-49fa-a673-0da439c77b8d@group-97AB3179636B: change Leader from null to fdb1bdfc-cd38-46a5-a741-21faac0cf152 at term 1 for appendEntries, leader elected after 5205ms
2024-09-15 17:07:36,831 [62362ab0-30ae-49fa-a673-0da439c77b8d-server-thread1] INFO  server.RaftServer$Division (ServerState.java:setRaftConf(386)) - 62362ab0-30ae-49fa-a673-0da439c77b8d@group-97AB3179636B: set configuration conf: {index: 0, cur=peers:[62362ab0-30ae-49fa-a673-0da439c77b8d|127.0.0.1:15171, fdb1bdfc-cd38-46a5-a741-21faac0cf152|127.0.0.1:15189, 61f1eb6c-dc17-4b0b-858b-0bb1b85057d5|127.0.0.1:15180]|listeners:[], old=null}
2024-09-15 17:07:36,831 [62362ab0-30ae-49fa-a673-0da439c77b8d-server-thread1] INFO  segmented.SegmentedRaftLogWorker (SegmentedRaftLogWorker.java:startLogSegment(433)) - 62362ab0-30ae-49fa-a673-0da439c77b8d@group-97AB3179636B-SegmentedRaftLogWorker: Starting segment from index:0
2024-09-15 17:07:36,831 [62362ab0-30ae-49fa-a673-0da439c77b8d@group-97AB3179636B-SegmentedRaftLogWorker] INFO  segmented.BufferedWriteChannel (BufferedWriteChannel.java:open(61)) - open log_inprogress_0 at position 0
2024-09-15 17:07:36,834 [61f1eb6c-dc17-4b0b-858b-0bb1b85057d5-server-thread1] INFO  ratis.XceiverServerRatis (XceiverServerRatis.java:handleLeaderChangedNotification(950)) - Leader change notification received for group: group-97AB3179636B with new leaderId: fdb1bdfc-cd38-46a5-a741-21faac0cf152
2024-09-15 17:07:36,834 [61f1eb6c-dc17-4b0b-858b-0bb1b85057d5-server-thread1] INFO  server.RaftServer$Division (ServerState.java:setLeader(272)) - 61f1eb6c-dc17-4b0b-858b-0bb1b85057d5@group-97AB3179636B: change Leader from null to fdb1bdfc-cd38-46a5-a741-21faac0cf152 at term 1 for appendEntries, leader elected after 5178ms
2024-09-15 17:07:36,835 [62362ab0-30ae-49fa-a673-0da439c77b8d@group-9F891B4926A6-LeaderElection50] INFO  server.RaftServer$Division (RaftServerImpl.java:setFirstElection(549)) - 62362ab0-30ae-49fa-a673-0da439c77b8d@group-9F891B4926A6: set firstElectionSinceStartup to false for REJECTED
2024-09-15 17:07:36,836 [61f1eb6c-dc17-4b0b-858b-0bb1b85057d5-server-thread2] INFO  server.RaftServer$Division (ServerState.java:setRaftConf(386)) - 61f1eb6c-dc17-4b0b-858b-0bb1b85057d5@group-97AB3179636B: set configuration conf: {index: 0, cur=peers:[62362ab0-30ae-49fa-a673-0da439c77b8d|127.0.0.1:15171, fdb1bdfc-cd38-46a5-a741-21faac0cf152|127.0.0.1:15189, 61f1eb6c-dc17-4b0b-858b-0bb1b85057d5|127.0.0.1:15180]|listeners:[], old=null}
2024-09-15 17:07:36,836 [61f1eb6c-dc17-4b0b-858b-0bb1b85057d5-server-thread2] INFO  segmented.SegmentedRaftLogWorker (SegmentedRaftLogWorker.java:startLogSegment(433)) - 61f1eb6c-dc17-4b0b-858b-0bb1b85057d5@group-97AB3179636B-SegmentedRaftLogWorker: Starting segment from index:0
2024-09-15 17:07:36,836 [61f1eb6c-dc17-4b0b-858b-0bb1b85057d5@group-97AB3179636B-SegmentedRaftLogWorker] INFO  segmented.BufferedWriteChannel (BufferedWriteChannel.java:open(61)) - open log_inprogress_0 at position 0
2024-09-15 17:07:36,840 [62362ab0-30ae-49fa-a673-0da439c77b8d@group-97AB3179636B-SegmentedRaftLogWorker] INFO  segmented.SegmentedRaftLogWorker (SegmentedRaftLogWorker.java:execute(637)) - 62362ab0-30ae-49fa-a673-0da439c77b8d@group-97AB3179636B-SegmentedRaftLogWorker: created new log segment /home/runner/work/ozone/ozone/hadoop-ozone/integration-test/target/test-dir/MiniOzoneClusterImpl-eca91e6c-a84b-4041-8679-4afba91b5587/ozone-meta/datanode-1/ratis/4b34d6d8-6abb-4b9d-9724-97ab3179636b/current/log_inprogress_0
2024-09-15 17:07:36,846 [fdb1bdfc-cd38-46a5-a741-21faac0cf152@group-97AB3179636B-StateMachineUpdater] INFO  server.RaftServer$Division (LeaderStateImpl.java:checkStartIndex(316)) - Leader fdb1bdfc-cd38-46a5-a741-21faac0cf152@group-97AB3179636B-LeaderStateImpl is ready since appliedIndex == startIndex == 0
2024-09-15 17:07:36,846 [61f1eb6c-dc17-4b0b-858b-0bb1b85057d5@group-97AB3179636B-SegmentedRaftLogWorker] INFO  segmented.SegmentedRaftLogWorker (SegmentedRaftLogWorker.java:execute(637)) - 61f1eb6c-dc17-4b0b-858b-0bb1b85057d5@group-97AB3179636B-SegmentedRaftLogWorker: created new log segment /home/runner/work/ozone/ozone/hadoop-ozone/integration-test/target/test-dir/MiniOzoneClusterImpl-eca91e6c-a84b-4041-8679-4afba91b5587/ozone-meta/datanode-2/ratis/4b34d6d8-6abb-4b9d-9724-97ab3179636b/current/log_inprogress_0
2024-09-15 17:07:36,862 [62362ab0-30ae-49fa-a673-0da439c77b8d@group-4522AB183087-FollowerState] INFO  impl.FollowerState (FollowerState.java:run(144)) - 62362ab0-30ae-49fa-a673-0da439c77b8d@group-4522AB183087-FollowerState: change to CANDIDATE, lastRpcElapsedTime:5069447467ns, electionTimeout:5068ms
2024-09-15 17:07:36,863 [62362ab0-30ae-49fa-a673-0da439c77b8d@group-4522AB183087-FollowerState] INFO  impl.RoleInfo (RoleInfo.java:shutdownFollowerState(119)) - 62362ab0-30ae-49fa-a673-0da439c77b8d: shutdown 62362ab0-30ae-49fa-a673-0da439c77b8d@group-4522AB183087-FollowerState
2024-09-15 17:07:36,863 [62362ab0-30ae-49fa-a673-0da439c77b8d@group-4522AB183087-FollowerState] INFO  server.RaftServer$Division (RaftServerImpl.java:setRole(376)) - 62362ab0-30ae-49fa-a673-0da439c77b8d@group-4522AB183087: changes role from  FOLLOWER to CANDIDATE at term 0 for changeToCandidate
2024-09-15 17:07:36,863 [62362ab0-30ae-49fa-a673-0da439c77b8d@group-4522AB183087-FollowerState] INFO  server.RaftServerConfigKeys (ConfUtils.java:logGet(46)) - raft.server.leaderelection.pre-vote = true (default)
2024-09-15 17:07:36,863 [62362ab0-30ae-49fa-a673-0da439c77b8d@group-4522AB183087-FollowerState] INFO  impl.RoleInfo (RoleInfo.java:updateAndGet(148)) - 62362ab0-30ae-49fa-a673-0da439c77b8d: start 62362ab0-30ae-49fa-a673-0da439c77b8d@group-4522AB183087-LeaderElection51
2024-09-15 17:07:36,863 [62362ab0-30ae-49fa-a673-0da439c77b8d@group-4522AB183087-LeaderElection51] INFO  impl.LeaderElection (LeaderElection.java:askForVotes(321)) - 62362ab0-30ae-49fa-a673-0da439c77b8d@group-4522AB183087-LeaderElection51 PRE_VOTE round 0: submit vote requests at term 0 for conf: {index: -1, cur=peers:[62362ab0-30ae-49fa-a673-0da439c77b8d|127.0.0.1:15171, fdb1bdfc-cd38-46a5-a741-21faac0cf152|127.0.0.1:15189, 61f1eb6c-dc17-4b0b-858b-0bb1b85057d5|127.0.0.1:15180]|listeners:[], old=null}
2024-09-15 17:07:36,865 [grpc-default-executor-1] INFO  server.RaftServer$Division (RaftServerImpl.java:requestVote(1416)) - fdb1bdfc-cd38-46a5-a741-21faac0cf152@group-4522AB183087: receive requestVote(PRE_VOTE, 62362ab0-30ae-49fa-a673-0da439c77b8d, group-4522AB183087, 0, (t:0, i:0))
2024-09-15 17:07:36,865 [grpc-default-executor-1] INFO  impl.VoteContext (VoteContext.java:log(49)) - fdb1bdfc-cd38-46a5-a741-21faac0cf152@group-4522AB183087-FOLLOWER: accept PRE_VOTE from 62362ab0-30ae-49fa-a673-0da439c77b8d: our priority 0 <= candidate's priority 1
2024-09-15 17:07:36,865 [grpc-default-executor-1] INFO  server.RaftServer$Division (RaftServerImpl.java:requestVote(1449)) - fdb1bdfc-cd38-46a5-a741-21faac0cf152@group-4522AB183087 replies to PRE_VOTE vote request: 62362ab0-30ae-49fa-a673-0da439c77b8d<-fdb1bdfc-cd38-46a5-a741-21faac0cf152#0:OK-t0. Peer's state: fdb1bdfc-cd38-46a5-a741-21faac0cf152@group-4522AB183087:t0, leader=null, voted=, raftlog=Memoized:fdb1bdfc-cd38-46a5-a741-21faac0cf152@group-4522AB183087-SegmentedRaftLog:OPENED:c-1:lastnull, conf=conf: {index: -1, cur=peers:[62362ab0-30ae-49fa-a673-0da439c77b8d|127.0.0.1:15171, fdb1bdfc-cd38-46a5-a741-21faac0cf152|127.0.0.1:15189, 61f1eb6c-dc17-4b0b-858b-0bb1b85057d5|127.0.0.1:15180]|listeners:[], old=null}
2024-09-15 17:07:36,869 [62362ab0-30ae-49fa-a673-0da439c77b8d@group-4522AB183087-LeaderElection51] INFO  server.RaftServerConfigKeys (ConfUtils.java:logFallback(53)) - raft.server.rpc.first-election.timeout.min = 5s (fallback to raft.server.rpc.timeout.min)
2024-09-15 17:07:36,870 [62362ab0-30ae-49fa-a673-0da439c77b8d@group-4522AB183087-LeaderElection51] INFO  server.RaftServerConfigKeys (ConfUtils.java:logFallback(53)) - raft.server.rpc.first-election.timeout.max = 5200ms (fallback to raft.server.rpc.timeout.max)
2024-09-15 17:07:36,870 [62362ab0-30ae-49fa-a673-0da439c77b8d@group-4522AB183087-LeaderElection51] INFO  impl.LeaderElection (LeaderElection.java:logAndReturn(89)) - 62362ab0-30ae-49fa-a673-0da439c77b8d@group-4522AB183087-LeaderElection51: PRE_VOTE PASSED received 1 response(s) and 0 exception(s):
2024-09-15 17:07:36,870 [62362ab0-30ae-49fa-a673-0da439c77b8d@group-4522AB183087-LeaderElection51] INFO  impl.LeaderElection (LeaderElection.java:logAndReturn(93)) -   Response 0: 62362ab0-30ae-49fa-a673-0da439c77b8d<-fdb1bdfc-cd38-46a5-a741-21faac0cf152#0:OK-t0
2024-09-15 17:07:36,870 [62362ab0-30ae-49fa-a673-0da439c77b8d@group-4522AB183087-LeaderElection51] INFO  impl.LeaderElection (LeaderElection.java:askForVotes(323)) - 62362ab0-30ae-49fa-a673-0da439c77b8d@group-4522AB183087-LeaderElection51 PRE_VOTE round 0: result PASSED
2024-09-15 17:07:36,871 [62362ab0-30ae-49fa-a673-0da439c77b8d@group-4522AB183087-LeaderElection51] INFO  impl.LeaderElection (LeaderElection.java:askForVotes(321)) - 62362ab0-30ae-49fa-a673-0da439c77b8d@group-4522AB183087-LeaderElection51 ELECTION round 0: submit vote requests at term 1 for conf: {index: -1, cur=peers:[62362ab0-30ae-49fa-a673-0da439c77b8d|127.0.0.1:15171, fdb1bdfc-cd38-46a5-a741-21faac0cf152|127.0.0.1:15189, 61f1eb6c-dc17-4b0b-858b-0bb1b85057d5|127.0.0.1:15180]|listeners:[], old=null}
2024-09-15 17:07:36,872 [62362ab0-30ae-49fa-a673-0da439c77b8d@group-4522AB183087-LeaderElection51] INFO  server.RaftServerConfigKeys (ConfUtils.java:logFallback(53)) - raft.server.rpc.first-election.timeout.min = 5s (fallback to raft.server.rpc.timeout.min)
2024-09-15 17:07:36,872 [62362ab0-30ae-49fa-a673-0da439c77b8d@group-4522AB183087-LeaderElection51] INFO  server.RaftServerConfigKeys (ConfUtils.java:logFallback(53)) - raft.server.rpc.first-election.timeout.max = 5200ms (fallback to raft.server.rpc.timeout.max)
2024-09-15 17:07:36,873 [grpc-default-executor-1] INFO  server.RaftServer$Division (RaftServerImpl.java:requestVote(1416)) - 61f1eb6c-dc17-4b0b-858b-0bb1b85057d5@group-4522AB183087: receive requestVote(ELECTION, 62362ab0-30ae-49fa-a673-0da439c77b8d, group-4522AB183087, 1, (t:0, i:0))
2024-09-15 17:07:36,873 [grpc-default-executor-1] INFO  impl.VoteContext (VoteContext.java:log(49)) - 61f1eb6c-dc17-4b0b-858b-0bb1b85057d5@group-4522AB183087-FOLLOWER: accept ELECTION from 62362ab0-30ae-49fa-a673-0da439c77b8d: our priority 0 <= candidate's priority 1
2024-09-15 17:07:36,873 [grpc-default-executor-1] INFO  server.RaftServer$Division (RaftServerImpl.java:setRole(376)) - 61f1eb6c-dc17-4b0b-858b-0bb1b85057d5@group-4522AB183087: changes role from  FOLLOWER to FOLLOWER at term 1 for candidate:62362ab0-30ae-49fa-a673-0da439c77b8d
2024-09-15 17:07:36,873 [grpc-default-executor-1] INFO  impl.RoleInfo (RoleInfo.java:shutdownFollowerState(119)) - 61f1eb6c-dc17-4b0b-858b-0bb1b85057d5: shutdown 61f1eb6c-dc17-4b0b-858b-0bb1b85057d5@group-4522AB183087-FollowerState
2024-09-15 17:07:36,873 [grpc-default-executor-1] INFO  impl.RoleInfo (RoleInfo.java:updateAndGet(148)) - 61f1eb6c-dc17-4b0b-858b-0bb1b85057d5: start 61f1eb6c-dc17-4b0b-858b-0bb1b85057d5@group-4522AB183087-FollowerState
2024-09-15 17:07:36,873 [grpc-default-executor-3] INFO  server.RaftServer$Division (RaftServerImpl.java:requestVote(1416)) - fdb1bdfc-cd38-46a5-a741-21faac0cf152@group-4522AB183087: receive requestVote(ELECTION, 62362ab0-30ae-49fa-a673-0da439c77b8d, group-4522AB183087, 1, (t:0, i:0))
2024-09-15 17:07:36,873 [61f1eb6c-dc17-4b0b-858b-0bb1b85057d5@group-4522AB183087-FollowerState] INFO  impl.FollowerState (FollowerState.java:run(153)) - 61f1eb6c-dc17-4b0b-858b-0bb1b85057d5@group-4522AB183087-FollowerState was interrupted
2024-09-15 17:07:36,873 [grpc-default-executor-3] INFO  impl.VoteContext (VoteContext.java:log(49)) - fdb1bdfc-cd38-46a5-a741-21faac0cf152@group-4522AB183087-FOLLOWER: accept ELECTION from 62362ab0-30ae-49fa-a673-0da439c77b8d: our priority 0 <= candidate's priority 1
2024-09-15 17:07:36,873 [grpc-default-executor-3] INFO  server.RaftServer$Division (RaftServerImpl.java:setRole(376)) - fdb1bdfc-cd38-46a5-a741-21faac0cf152@group-4522AB183087: changes role from  FOLLOWER to FOLLOWER at term 1 for candidate:62362ab0-30ae-49fa-a673-0da439c77b8d
2024-09-15 17:07:36,873 [grpc-default-executor-3] INFO  impl.RoleInfo (RoleInfo.java:shutdownFollowerState(119)) - fdb1bdfc-cd38-46a5-a741-21faac0cf152: shutdown fdb1bdfc-cd38-46a5-a741-21faac0cf152@group-4522AB183087-FollowerState
2024-09-15 17:07:36,873 [grpc-default-executor-3] INFO  impl.RoleInfo (RoleInfo.java:updateAndGet(148)) - fdb1bdfc-cd38-46a5-a741-21faac0cf152: start fdb1bdfc-cd38-46a5-a741-21faac0cf152@group-4522AB183087-FollowerState
2024-09-15 17:07:36,873 [fdb1bdfc-cd38-46a5-a741-21faac0cf152@group-4522AB183087-FollowerState] INFO  impl.FollowerState (FollowerState.java:run(153)) - fdb1bdfc-cd38-46a5-a741-21faac0cf152@group-4522AB183087-FollowerState was interrupted
2024-09-15 17:07:36,873 [grpc-default-executor-1] INFO  server.RaftServer$Division (RaftServerImpl.java:setFirstElection(549)) - 61f1eb6c-dc17-4b0b-858b-0bb1b85057d5@group-4522AB183087: set firstElectionSinceStartup to false for candidate:62362ab0-30ae-49fa-a673-0da439c77b8d
2024-09-15 17:07:36,874 [grpc-default-executor-3] INFO  server.RaftServer$Division (RaftServerImpl.java:setFirstElection(549)) - fdb1bdfc-cd38-46a5-a741-21faac0cf152@group-4522AB183087: set firstElectionSinceStartup to false for candidate:62362ab0-30ae-49fa-a673-0da439c77b8d
2024-09-15 17:07:36,874 [grpc-default-executor-1] INFO  server.RaftServer$Division (RaftServerImpl.java:requestVote(1449)) - 61f1eb6c-dc17-4b0b-858b-0bb1b85057d5@group-4522AB183087 replies to ELECTION vote request: 62362ab0-30ae-49fa-a673-0da439c77b8d<-61f1eb6c-dc17-4b0b-858b-0bb1b85057d5#0:OK-t1. Peer's state: 61f1eb6c-dc17-4b0b-858b-0bb1b85057d5@group-4522AB183087:t1, leader=null, voted=62362ab0-30ae-49fa-a673-0da439c77b8d, raftlog=Memoized:61f1eb6c-dc17-4b0b-858b-0bb1b85057d5@group-4522AB183087-SegmentedRaftLog:OPENED:c-1:lastnull, conf=conf: {index: -1, cur=peers:[62362ab0-30ae-49fa-a673-0da439c77b8d|127.0.0.1:15171, fdb1bdfc-cd38-46a5-a741-21faac0cf152|127.0.0.1:15189, 61f1eb6c-dc17-4b0b-858b-0bb1b85057d5|127.0.0.1:15180]|listeners:[], old=null}
2024-09-15 17:07:36,875 [61f1eb6c-dc17-4b0b-858b-0bb1b85057d5@group-E5F3E020C69C-FollowerState] INFO  impl.FollowerState (FollowerState.java:run(144)) - 61f1eb6c-dc17-4b0b-858b-0bb1b85057d5@group-E5F3E020C69C-FollowerState: change to CANDIDATE, lastRpcElapsedTime:5006916559ns, electionTimeout:5006ms
2024-09-15 17:07:36,875 [61f1eb6c-dc17-4b0b-858b-0bb1b85057d5@group-E5F3E020C69C-FollowerState] INFO  impl.RoleInfo (RoleInfo.java:shutdownFollowerState(119)) - 61f1eb6c-dc17-4b0b-858b-0bb1b85057d5: shutdown 61f1eb6c-dc17-4b0b-858b-0bb1b85057d5@group-E5F3E020C69C-FollowerState
2024-09-15 17:07:36,875 [61f1eb6c-dc17-4b0b-858b-0bb1b85057d5@group-E5F3E020C69C-FollowerState] INFO  server.RaftServer$Division (RaftServerImpl.java:setRole(376)) - 61f1eb6c-dc17-4b0b-858b-0bb1b85057d5@group-E5F3E020C69C: changes role from  FOLLOWER to CANDIDATE at term 0 for changeToCandidate
2024-09-15 17:07:36,875 [grpc-default-executor-3] INFO  server.RaftServer$Division (RaftServerImpl.java:requestVote(1449)) - fdb1bdfc-cd38-46a5-a741-21faac0cf152@group-4522AB183087 replies to ELECTION vote request: 62362ab0-30ae-49fa-a673-0da439c77b8d<-fdb1bdfc-cd38-46a5-a741-21faac0cf152#0:OK-t1. Peer's state: fdb1bdfc-cd38-46a5-a741-21faac0cf152@group-4522AB183087:t1, leader=null, voted=62362ab0-30ae-49fa-a673-0da439c77b8d, raftlog=Memoized:fdb1bdfc-cd38-46a5-a741-21faac0cf152@group-4522AB183087-SegmentedRaftLog:OPENED:c-1:lastnull, conf=conf: {index: -1, cur=peers:[62362ab0-30ae-49fa-a673-0da439c77b8d|127.0.0.1:15171, fdb1bdfc-cd38-46a5-a741-21faac0cf152|127.0.0.1:15189, 61f1eb6c-dc17-4b0b-858b-0bb1b85057d5|127.0.0.1:15180]|listeners:[], old=null}
2024-09-15 17:07:36,875 [61f1eb6c-dc17-4b0b-858b-0bb1b85057d5@group-E5F3E020C69C-FollowerState] INFO  server.RaftServerConfigKeys (ConfUtils.java:logGet(46)) - raft.server.leaderelection.pre-vote = true (default)
2024-09-15 17:07:36,875 [61f1eb6c-dc17-4b0b-858b-0bb1b85057d5@group-E5F3E020C69C-FollowerState] INFO  impl.RoleInfo (RoleInfo.java:updateAndGet(148)) - 61f1eb6c-dc17-4b0b-858b-0bb1b85057d5: start 61f1eb6c-dc17-4b0b-858b-0bb1b85057d5@group-E5F3E020C69C-LeaderElection52
2024-09-15 17:07:36,876 [62362ab0-30ae-49fa-a673-0da439c77b8d@group-4522AB183087-LeaderElection51] INFO  impl.LeaderElection (LeaderElection.java:logAndReturn(89)) - 62362ab0-30ae-49fa-a673-0da439c77b8d@group-4522AB183087-LeaderElection51: ELECTION PASSED received 1 response(s) and 0 exception(s):
2024-09-15 17:07:36,876 [62362ab0-30ae-49fa-a673-0da439c77b8d@group-4522AB183087-LeaderElection51] INFO  impl.LeaderElection (LeaderElection.java:logAndReturn(93)) -   Response 0: 62362ab0-30ae-49fa-a673-0da439c77b8d<-61f1eb6c-dc17-4b0b-858b-0bb1b85057d5#0:OK-t1
2024-09-15 17:07:36,876 [62362ab0-30ae-49fa-a673-0da439c77b8d@group-4522AB183087-LeaderElection51] INFO  impl.LeaderElection (LeaderElection.java:askForVotes(323)) - 62362ab0-30ae-49fa-a673-0da439c77b8d@group-4522AB183087-LeaderElection51 ELECTION round 0: result PASSED
2024-09-15 17:07:36,876 [62362ab0-30ae-49fa-a673-0da439c77b8d@group-4522AB183087-LeaderElection51] INFO  impl.RoleInfo (RoleInfo.java:shutdownLeaderElection(139)) - 62362ab0-30ae-49fa-a673-0da439c77b8d: shutdown 62362ab0-30ae-49fa-a673-0da439c77b8d@group-4522AB183087-LeaderElection51
2024-09-15 17:07:36,876 [62362ab0-30ae-49fa-a673-0da439c77b8d@group-4522AB183087-LeaderElection51] INFO  server.RaftServer$Division (RaftServerImpl.java:setRole(376)) - 62362ab0-30ae-49fa-a673-0da439c77b8d@group-4522AB183087: changes role from CANDIDATE to LEADER at term 1 for changeToLeader
2024-09-15 17:07:36,876 [62362ab0-30ae-49fa-a673-0da439c77b8d@group-4522AB183087-LeaderElection51] INFO  server.RaftServerConfigKeys (ConfUtils.java:logGet(46)) - raft.server.staging.catchup.gap = 1000 (default)
2024-09-15 17:07:36,876 [62362ab0-30ae-49fa-a673-0da439c77b8d@group-4522AB183087-LeaderElection51] INFO  server.RaftServerConfigKeys (ConfUtils.java:logGet(46)) - raft.server.write.element-limit = 1024 (custom)
2024-09-15 17:07:36,876 [62362ab0-30ae-49fa-a673-0da439c77b8d@group-4522AB183087-LeaderElection51] INFO  server.RaftServerConfigKeys (ConfUtils.java:logGet(46)) - raft.server.write.byte-limit = 1024 M (=1073741824) (custom)
2024-09-15 17:07:36,876 [62362ab0-30ae-49fa-a673-0da439c77b8d@group-4522AB183087-LeaderElection51] INFO  server.RaftServerConfigKeys (ConfUtils.java:logGet(46)) - raft.server.watch.timeout = 3000ms (custom)
2024-09-15 17:07:36,876 [62362ab0-30ae-49fa-a673-0da439c77b8d@group-4522AB183087-LeaderElection51] INFO  server.RaftServerConfigKeys (ConfUtils.java:logGet(46)) - raft.server.watch.timeout.denomination = 1s (default)
2024-09-15 17:07:36,876 [62362ab0-30ae-49fa-a673-0da439c77b8d@group-4522AB183087-LeaderElection51] INFO  server.RaftServerConfigKeys (ConfUtils.java:logGet(46)) - raft.server.watch.element-limit = 65536 (default)
2024-09-15 17:07:36,877 [61f1eb6c-dc17-4b0b-858b-0bb1b85057d5@group-E5F3E020C69C-LeaderElection52] INFO  impl.LeaderElection (LeaderElection.java:askForVotes(321)) - 61f1eb6c-dc17-4b0b-858b-0bb1b85057d5@group-E5F3E020C69C-LeaderElection52 PRE_VOTE round 0: submit vote requests at term 0 for conf: {index: -1, cur=peers:[61f1eb6c-dc17-4b0b-858b-0bb1b85057d5|127.0.0.1:15180]|listeners:[], old=null}
2024-09-15 17:07:36,877 [61f1eb6c-dc17-4b0b-858b-0bb1b85057d5@group-E5F3E020C69C-LeaderElection52] INFO  impl.LeaderElection (LeaderElection.java:askForVotes(323)) - 61f1eb6c-dc17-4b0b-858b-0bb1b85057d5@group-E5F3E020C69C-LeaderElection52 PRE_VOTE round 0: result PASSED (term=0)
2024-09-15 17:07:36,877 [62362ab0-30ae-49fa-a673-0da439c77b8d@group-4522AB183087-LeaderElection51] INFO  server.RaftServerConfigKeys (ConfUtils.java:logGet(46)) - raft.server.read.leader.lease.enabled = false (default)
2024-09-15 17:07:36,877 [62362ab0-30ae-49fa-a673-0da439c77b8d@group-4522AB183087-LeaderElection51] INFO  server.RaftServerConfigKeys (ConfUtils.java:logGet(46)) - raft.server.read.leader.lease.timeout.ratio = 0.9 (default)
2024-09-15 17:07:36,877 [62362ab0-30ae-49fa-a673-0da439c77b8d@group-4522AB183087-LeaderElection51] INFO  server.RaftServerConfigKeys (ConfUtils.java:logGet(46)) - raft.server.rpc.timeout.min = 5s (custom)
2024-09-15 17:07:36,877 [62362ab0-30ae-49fa-a673-0da439c77b8d@group-4522AB183087-LeaderElection51] INFO  server.RaftServerConfigKeys (ConfUtils.java:logGet(46)) - raft.server.log.log-metadata.enabled = true (default)
2024-09-15 17:07:36,877 [62362ab0-30ae-49fa-a673-0da439c77b8d@group-4522AB183087-LeaderElection51] INFO  server.RaftServerConfigKeys (ConfUtils.java:logGet(46)) - raft.server.write.element-limit = 1024 (custom)
2024-09-15 17:07:36,877 [62362ab0-30ae-49fa-a673-0da439c77b8d@group-4522AB183087-LeaderElection51] INFO  server.RaftServerConfigKeys (ConfUtils.java:logGet(46)) - raft.server.write.follower.gap.ratio.max = -1.0 (default)
2024-09-15 17:07:36,877 [62362ab0-30ae-49fa-a673-0da439c77b8d@group-4522AB183087-LeaderElection51] INFO  server.RaftServerConfigKeys (ConfUtils.java:logGet(46)) - raft.server.log.appender.snapshot.chunk.size.max = 16MB (=16777216) (default)
2024-09-15 17:07:36,877 [62362ab0-30ae-49fa-a673-0da439c77b8d@group-4522AB183087-LeaderElection51] INFO  server.RaftServerConfigKeys (ConfUtils.java:logGet(46)) - raft.server.log.appender.buffer.byte-limit = 33554432 (custom)
2024-09-15 17:07:36,877 [62362ab0-30ae-49fa-a673-0da439c77b8d@group-4522AB183087-LeaderElection51] INFO  server.RaftServerConfigKeys (ConfUtils.java:logGet(46)) - raft.server.log.appender.buffer.element-limit = 1024 (custom)
2024-09-15 17:07:36,877 [62362ab0-30ae-49fa-a673-0da439c77b8d@group-4522AB183087-LeaderElection51] INFO  server.RaftServerConfigKeys (ConfUtils.java:logGet(46)) - raft.server.log.appender.wait-time.min = 0ms (custom)
2024-09-15 17:07:36,878 [62362ab0-30ae-49fa-a673-0da439c77b8d@group-4522AB183087-LeaderElection51] INFO  grpc.GrpcConfigKeys (ConfUtils.java:logGet(46)) - raft.grpc.server.leader.outstanding.appends.max = 8 (default)
2024-09-15 17:07:36,878 [62362ab0-30ae-49fa-a673-0da439c77b8d@group-4522AB183087-LeaderElection51] INFO  server.RaftServerConfigKeys (ConfUtils.java:logGet(46)) - raft.server.rpc.request.timeout = 3000ms (default)
2024-09-15 17:07:36,878 [62362ab0-30ae-49fa-a673-0da439c77b8d@group-4522AB183087-LeaderElection51] INFO  grpc.GrpcConfigKeys (ConfUtils.java:logGet(46)) - raft.grpc.server.install_snapshot.request.element-limit = 8 (default)
2024-09-15 17:07:36,878 [62362ab0-30ae-49fa-a673-0da439c77b8d@group-4522AB183087-LeaderElection51] INFO  grpc.GrpcConfigKeys (ConfUtils.java:logGet(46)) - raft.grpc.server.install_snapshot.request.timeout = 3000ms (default)
2024-09-15 17:07:36,878 [62362ab0-30ae-49fa-a673-0da439c77b8d@group-4522AB183087-LeaderElection51] INFO  grpc.GrpcConfigKeys (ConfUtils.java:logGet(46)) - raft.grpc.server.log-message.batch.duration = 5s (default)
2024-09-15 17:07:36,878 [62362ab0-30ae-49fa-a673-0da439c77b8d@group-4522AB183087-LeaderElection51] INFO  server.RaftServerConfigKeys (ConfUtils.java:logGet(46)) - raft.server.log.appender.install.snapshot.enabled = false (custom)
2024-09-15 17:07:36,878 [62362ab0-30ae-49fa-a673-0da439c77b8d@group-4522AB183087-LeaderElection51] INFO  grpc.GrpcConfigKeys (ConfUtils.java:logGet(46)) - raft.grpc.server.heartbeat.channel = true (default)
2024-09-15 17:07:36,878 [61f1eb6c-dc17-4b0b-858b-0bb1b85057d5@group-E5F3E020C69C-LeaderElection52] INFO  impl.LeaderElection (LeaderElection.java:askForVotes(321)) - 61f1eb6c-dc17-4b0b-858b-0bb1b85057d5@group-E5F3E020C69C-LeaderElection52 ELECTION round 0: submit vote requests at term 1 for conf: {index: -1, cur=peers:[61f1eb6c-dc17-4b0b-858b-0bb1b85057d5|127.0.0.1:15180]|listeners:[], old=null}
2024-09-15 17:07:36,878 [61f1eb6c-dc17-4b0b-858b-0bb1b85057d5@group-E5F3E020C69C-LeaderElection52] INFO  impl.LeaderElection (LeaderElection.java:askForVotes(323)) - 61f1eb6c-dc17-4b0b-858b-0bb1b85057d5@group-E5F3E020C69C-LeaderElection52 ELECTION round 0: result PASSED (term=1)
2024-09-15 17:07:36,878 [61f1eb6c-dc17-4b0b-858b-0bb1b85057d5@group-E5F3E020C69C-LeaderElection52] INFO  impl.RoleInfo (RoleInfo.java:shutdownLeaderElection(139)) - 61f1eb6c-dc17-4b0b-858b-0bb1b85057d5: shutdown 61f1eb6c-dc17-4b0b-858b-0bb1b85057d5@group-E5F3E020C69C-LeaderElection52
2024-09-15 17:07:36,878 [61f1eb6c-dc17-4b0b-858b-0bb1b85057d5@group-E5F3E020C69C-LeaderElection52] INFO  server.RaftServer$Division (RaftServerImpl.java:setRole(376)) - 61f1eb6c-dc17-4b0b-858b-0bb1b85057d5@group-E5F3E020C69C: changes role from CANDIDATE to LEADER at term 1 for changeToLeader
2024-09-15 17:07:36,878 [61f1eb6c-dc17-4b0b-858b-0bb1b85057d5@group-E5F3E020C69C-LeaderElection52] INFO  server.RaftServerConfigKeys (ConfUtils.java:logGet(46)) - raft.server.staging.catchup.gap = 1000 (default)
2024-09-15 17:07:36,878 [61f1eb6c-dc17-4b0b-858b-0bb1b85057d5@group-E5F3E020C69C-LeaderElection52] INFO  server.RaftServerConfigKeys (ConfUtils.java:logGet(46)) - raft.server.write.element-limit = 1024 (custom)
2024-09-15 17:07:36,878 [61f1eb6c-dc17-4b0b-858b-0bb1b85057d5@group-E5F3E020C69C-LeaderElection52] INFO  server.RaftServerConfigKeys (ConfUtils.java:logGet(46)) - raft.server.write.byte-limit = 1024 M (=1073741824) (custom)
2024-09-15 17:07:36,879 [62362ab0-30ae-49fa-a673-0da439c77b8d@group-4522AB183087-LeaderElection51] INFO  server.RaftServerConfigKeys (ConfUtils.java:logGet(46)) - raft.server.log.appender.snapshot.chunk.size.max = 16MB (=16777216) (default)
2024-09-15 17:07:36,879 [62362ab0-30ae-49fa-a673-0da439c77b8d@group-4522AB183087-LeaderElection51] INFO  server.RaftServerConfigKeys (ConfUtils.java:logGet(46)) - raft.server.log.appender.buffer.byte-limit = 33554432 (custom)
2024-09-15 17:07:36,879 [62362ab0-30ae-49fa-a673-0da439c77b8d@group-4522AB183087-LeaderElection51] INFO  server.RaftServerConfigKeys (ConfUtils.java:logGet(46)) - raft.server.log.appender.buffer.element-limit = 1024 (custom)
2024-09-15 17:07:36,879 [61f1eb6c-dc17-4b0b-858b-0bb1b85057d5@group-E5F3E020C69C-LeaderElection52] INFO  server.RaftServerConfigKeys (ConfUtils.java:logGet(46)) - raft.server.watch.timeout = 3000ms (custom)
2024-09-15 17:07:36,879 [62362ab0-30ae-49fa-a673-0da439c77b8d@group-4522AB183087-LeaderElection51] INFO  server.RaftServerConfigKeys (ConfUtils.java:logGet(46)) - raft.server.log.appender.wait-time.min = 0ms (custom)
2024-09-15 17:07:36,879 [62362ab0-30ae-49fa-a673-0da439c77b8d@group-4522AB183087-LeaderElection51] INFO  grpc.GrpcConfigKeys (ConfUtils.java:logGet(46)) - raft.grpc.server.leader.outstanding.appends.max = 8 (default)
2024-09-15 17:07:36,879 [62362ab0-30ae-49fa-a673-0da439c77b8d@group-4522AB183087-LeaderElection51] INFO  server.RaftServerConfigKeys (ConfUtils.java:logGet(46)) - raft.server.rpc.request.timeout = 3000ms (default)
2024-09-15 17:07:36,879 [62362ab0-30ae-49fa-a673-0da439c77b8d@group-4522AB183087-LeaderElection51] INFO  grpc.GrpcConfigKeys (ConfUtils.java:logGet(46)) - raft.grpc.server.install_snapshot.request.element-limit = 8 (default)
2024-09-15 17:07:36,879 [62362ab0-30ae-49fa-a673-0da439c77b8d@group-4522AB183087-LeaderElection51] INFO  grpc.GrpcConfigKeys (ConfUtils.java:logGet(46)) - raft.grpc.server.install_snapshot.request.timeout = 3000ms (default)
2024-09-15 17:07:36,879 [62362ab0-30ae-49fa-a673-0da439c77b8d@group-4522AB183087-LeaderElection51] INFO  grpc.GrpcConfigKeys (ConfUtils.java:logGet(46)) - raft.grpc.server.log-message.batch.duration = 5s (default)
2024-09-15 17:07:36,879 [62362ab0-30ae-49fa-a673-0da439c77b8d@group-4522AB183087-LeaderElection51] INFO  server.RaftServerConfigKeys (ConfUtils.java:logGet(46)) - raft.server.log.appender.install.snapshot.enabled = false (custom)
2024-09-15 17:07:36,879 [62362ab0-30ae-49fa-a673-0da439c77b8d@group-4522AB183087-LeaderElection51] INFO  grpc.GrpcConfigKeys (ConfUtils.java:logGet(46)) - raft.grpc.server.heartbeat.channel = true (default)
2024-09-15 17:07:36,879 [61f1eb6c-dc17-4b0b-858b-0bb1b85057d5@group-E5F3E020C69C-LeaderElection52] INFO  server.RaftServerConfigKeys (ConfUtils.java:logGet(46)) - raft.server.watch.timeout.denomination = 1s (default)
2024-09-15 17:07:36,879 [62362ab0-30ae-49fa-a673-0da439c77b8d@group-4522AB183087-LeaderElection51] INFO  impl.RoleInfo (RoleInfo.java:updateAndGet(148)) - 62362ab0-30ae-49fa-a673-0da439c77b8d: start 62362ab0-30ae-49fa-a673-0da439c77b8d@group-4522AB183087-LeaderStateImpl
2024-09-15 17:07:36,879 [62362ab0-30ae-49fa-a673-0da439c77b8d@group-4522AB183087-LeaderElection51] INFO  server.RaftServer$Division (RaftServerImpl.java:setFirstElection(549)) - 62362ab0-30ae-49fa-a673-0da439c77b8d@group-4522AB183087: set firstElectionSinceStartup to false for becomeLeader
2024-09-15 17:07:36,879 [62362ab0-30ae-49fa-a673-0da439c77b8d@group-4522AB183087-LeaderElection51] INFO  ratis.XceiverServerRatis (XceiverServerRatis.java:handleLeaderChangedNotification(950)) - Leader change notification received for group: group-4522AB183087 with new leaderId: 62362ab0-30ae-49fa-a673-0da439c77b8d
2024-09-15 17:07:36,879 [61f1eb6c-dc17-4b0b-858b-0bb1b85057d5@group-E5F3E020C69C-LeaderElection52] INFO  server.RaftServerConfigKeys (ConfUtils.java:logGet(46)) - raft.server.watch.element-limit = 65536 (default)
2024-09-15 17:07:36,880 [62362ab0-30ae-49fa-a673-0da439c77b8d@group-4522AB183087-LeaderElection51] INFO  server.RaftServer$Division (ServerState.java:setLeader(272)) - 62362ab0-30ae-49fa-a673-0da439c77b8d@group-4522AB183087: change Leader from null to 62362ab0-30ae-49fa-a673-0da439c77b8d at term 1 for becomeLeader, leader elected after 5101ms
2024-09-15 17:07:36,880 [62362ab0-30ae-49fa-a673-0da439c77b8d@group-4522AB183087-LeaderElection51] INFO  segmented.SegmentedRaftLogWorker (SegmentedRaftLogWorker.java:startLogSegment(433)) - 62362ab0-30ae-49fa-a673-0da439c77b8d@group-4522AB183087-SegmentedRaftLogWorker: Starting segment from index:0
2024-09-15 17:07:36,880 [62362ab0-30ae-49fa-a673-0da439c77b8d@group-4522AB183087-LeaderElection51] INFO  server.RaftServer$Division (ServerState.java:setRaftConf(386)) - 62362ab0-30ae-49fa-a673-0da439c77b8d@group-4522AB183087: set configuration conf: {index: 0, cur=peers:[62362ab0-30ae-49fa-a673-0da439c77b8d|127.0.0.1:15171, fdb1bdfc-cd38-46a5-a741-21faac0cf152|127.0.0.1:15189, 61f1eb6c-dc17-4b0b-858b-0bb1b85057d5|127.0.0.1:15180]|listeners:[], old=null}
2024-09-15 17:07:36,880 [62362ab0-30ae-49fa-a673-0da439c77b8d@group-4522AB183087-SegmentedRaftLogWorker] INFO  segmented.BufferedWriteChannel (BufferedWriteChannel.java:open(61)) - open log_inprogress_0 at position 0
2024-09-15 17:07:36,881 [EventQueue-PipelineReportForPipelineReportHandler] INFO  pipeline.PipelineReportHandler (PipelineReportHandler.java:processPipelineReport(136)) - Opened pipeline PipelineID=c8c705c7-4182-4f71-bc0b-4522ab183087
2024-09-15 17:07:36,886 [61f1eb6c-dc17-4b0b-858b-0bb1b85057d5@group-E5F3E020C69C-LeaderElection52] INFO  server.RaftServerConfigKeys (ConfUtils.java:logGet(46)) - raft.server.read.leader.lease.enabled = false (default)
2024-09-15 17:07:36,886 [61f1eb6c-dc17-4b0b-858b-0bb1b85057d5@group-E5F3E020C69C-LeaderElection52] INFO  server.RaftServerConfigKeys (ConfUtils.java:logGet(46)) - raft.server.read.leader.lease.timeout.ratio = 0.9 (default)
2024-09-15 17:07:36,886 [61f1eb6c-dc17-4b0b-858b-0bb1b85057d5@group-E5F3E020C69C-LeaderElection52] INFO  server.RaftServerConfigKeys (ConfUtils.java:logGet(46)) - raft.server.rpc.timeout.min = 5s (custom)
2024-09-15 17:07:36,886 [61f1eb6c-dc17-4b0b-858b-0bb1b85057d5@group-E5F3E020C69C-LeaderElection52] INFO  server.RaftServerConfigKeys (ConfUtils.java:logGet(46)) - raft.server.log.log-metadata.enabled = true (default)
2024-09-15 17:07:36,886 [61f1eb6c-dc17-4b0b-858b-0bb1b85057d5@group-E5F3E020C69C-LeaderElection52] INFO  server.RaftServerConfigKeys (ConfUtils.java:logGet(46)) - raft.server.write.element-limit = 1024 (custom)
2024-09-15 17:07:36,886 [61f1eb6c-dc17-4b0b-858b-0bb1b85057d5@group-E5F3E020C69C-LeaderElection52] INFO  server.RaftServerConfigKeys (ConfUtils.java:logGet(46)) - raft.server.write.follower.gap.ratio.max = -1.0 (default)
2024-09-15 17:07:36,886 [61f1eb6c-dc17-4b0b-858b-0bb1b85057d5@group-E5F3E020C69C-LeaderElection52] INFO  impl.RoleInfo (RoleInfo.java:updateAndGet(148)) - 61f1eb6c-dc17-4b0b-858b-0bb1b85057d5: start 61f1eb6c-dc17-4b0b-858b-0bb1b85057d5@group-E5F3E020C69C-LeaderStateImpl
2024-09-15 17:07:36,887 [61f1eb6c-dc17-4b0b-858b-0bb1b85057d5@group-E5F3E020C69C-LeaderElection52] INFO  server.RaftServer$Division (RaftServerImpl.java:setFirstElection(549)) - 61f1eb6c-dc17-4b0b-858b-0bb1b85057d5@group-E5F3E020C69C: set firstElectionSinceStartup to false for becomeLeader
2024-09-15 17:07:36,887 [61f1eb6c-dc17-4b0b-858b-0bb1b85057d5@group-E5F3E020C69C-LeaderElection52] INFO  ratis.XceiverServerRatis (XceiverServerRatis.java:handleLeaderChangedNotification(950)) - Leader change notification received for group: group-E5F3E020C69C with new leaderId: 61f1eb6c-dc17-4b0b-858b-0bb1b85057d5
2024-09-15 17:07:36,887 [61f1eb6c-dc17-4b0b-858b-0bb1b85057d5@group-E5F3E020C69C-LeaderElection52] INFO  server.RaftServer$Division (ServerState.java:setLeader(272)) - 61f1eb6c-dc17-4b0b-858b-0bb1b85057d5@group-E5F3E020C69C: change Leader from null to 61f1eb6c-dc17-4b0b-858b-0bb1b85057d5 at term 1 for becomeLeader, leader elected after 5033ms
2024-09-15 17:07:36,887 [61f1eb6c-dc17-4b0b-858b-0bb1b85057d5@group-E5F3E020C69C-LeaderElection52] INFO  segmented.SegmentedRaftLogWorker (SegmentedRaftLogWorker.java:startLogSegment(433)) - 61f1eb6c-dc17-4b0b-858b-0bb1b85057d5@group-E5F3E020C69C-SegmentedRaftLogWorker: Starting segment from index:0
2024-09-15 17:07:36,887 [61f1eb6c-dc17-4b0b-858b-0bb1b85057d5@group-E5F3E020C69C-LeaderElection52] INFO  server.RaftServer$Division (ServerState.java:setRaftConf(386)) - 61f1eb6c-dc17-4b0b-858b-0bb1b85057d5@group-E5F3E020C69C: set configuration conf: {index: 0, cur=peers:[61f1eb6c-dc17-4b0b-858b-0bb1b85057d5|127.0.0.1:15180]|listeners:[], old=null}
2024-09-15 17:07:36,887 [61f1eb6c-dc17-4b0b-858b-0bb1b85057d5@group-E5F3E020C69C-SegmentedRaftLogWorker] INFO  segmented.BufferedWriteChannel (BufferedWriteChannel.java:open(61)) - open log_inprogress_0 at position 0
2024-09-15 17:07:36,891 [62362ab0-30ae-49fa-a673-0da439c77b8d@group-4522AB183087-SegmentedRaftLogWorker] INFO  segmented.SegmentedRaftLogWorker (SegmentedRaftLogWorker.java:execute(637)) - 62362ab0-30ae-49fa-a673-0da439c77b8d@group-4522AB183087-SegmentedRaftLogWorker: created new log segment /home/runner/work/ozone/ozone/hadoop-ozone/integration-test/target/test-dir/MiniOzoneClusterImpl-eca91e6c-a84b-4041-8679-4afba91b5587/ozone-meta/datanode-1/ratis/c8c705c7-4182-4f71-bc0b-4522ab183087/current/log_inprogress_0
2024-09-15 17:07:36,893 [fdb1bdfc-cd38-46a5-a741-21faac0cf152-server-thread2] INFO  ratis.XceiverServerRatis (XceiverServerRatis.java:handleLeaderChangedNotification(950)) - Leader change notification received for group: group-4522AB183087 with new leaderId: 62362ab0-30ae-49fa-a673-0da439c77b8d
2024-09-15 17:07:36,894 [fdb1bdfc-cd38-46a5-a741-21faac0cf152-server-thread2] INFO  server.RaftServer$Division (ServerState.java:setLeader(272)) - fdb1bdfc-cd38-46a5-a741-21faac0cf152@group-4522AB183087: change Leader from null to 62362ab0-30ae-49fa-a673-0da439c77b8d at term 1 for appendEntries, leader elected after 5072ms
2024-09-15 17:07:36,894 [fdb1bdfc-cd38-46a5-a741-21faac0cf152-server-thread2] INFO  server.RaftServer$Division (ServerState.java:setRaftConf(386)) - fdb1bdfc-cd38-46a5-a741-21faac0cf152@group-4522AB183087: set configuration conf: {index: 0, cur=peers:[62362ab0-30ae-49fa-a673-0da439c77b8d|127.0.0.1:15171, fdb1bdfc-cd38-46a5-a741-21faac0cf152|127.0.0.1:15189, 61f1eb6c-dc17-4b0b-858b-0bb1b85057d5|127.0.0.1:15180]|listeners:[], old=null}
2024-09-15 17:07:36,894 [fdb1bdfc-cd38-46a5-a741-21faac0cf152-server-thread2] INFO  segmented.SegmentedRaftLogWorker (SegmentedRaftLogWorker.java:startLogSegment(433)) - fdb1bdfc-cd38-46a5-a741-21faac0cf152@group-4522AB183087-SegmentedRaftLogWorker: Starting segment from index:0
2024-09-15 17:07:36,895 [fdb1bdfc-cd38-46a5-a741-21faac0cf152@group-4522AB183087-SegmentedRaftLogWorker] INFO  segmented.BufferedWriteChannel (BufferedWriteChannel.java:open(61)) - open log_inprogress_0 at position 0
2024-09-15 17:07:36,897 [61f1eb6c-dc17-4b0b-858b-0bb1b85057d5@group-E5F3E020C69C-SegmentedRaftLogWorker] INFO  segmented.SegmentedRaftLogWorker (SegmentedRaftLogWorker.java:execute(637)) - 61f1eb6c-dc17-4b0b-858b-0bb1b85057d5@group-E5F3E020C69C-SegmentedRaftLogWorker: created new log segment /home/runner/work/ozone/ozone/hadoop-ozone/integration-test/target/test-dir/MiniOzoneClusterImpl-eca91e6c-a84b-4041-8679-4afba91b5587/ozone-meta/datanode-2/ratis/bb0751b5-e24a-4f27-8882-e5f3e020c69c/current/log_inprogress_0
2024-09-15 17:07:36,898 [61f1eb6c-dc17-4b0b-858b-0bb1b85057d5-server-thread1] INFO  ratis.XceiverServerRatis (XceiverServerRatis.java:handleLeaderChangedNotification(950)) - Leader change notification received for group: group-4522AB183087 with new leaderId: 62362ab0-30ae-49fa-a673-0da439c77b8d
2024-09-15 17:07:36,898 [61f1eb6c-dc17-4b0b-858b-0bb1b85057d5-server-thread1] INFO  server.RaftServer$Division (ServerState.java:setLeader(272)) - 61f1eb6c-dc17-4b0b-858b-0bb1b85057d5@group-4522AB183087: change Leader from null to 62362ab0-30ae-49fa-a673-0da439c77b8d at term 1 for appendEntries, leader elected after 5097ms
2024-09-15 17:07:36,899 [61f1eb6c-dc17-4b0b-858b-0bb1b85057d5-server-thread1] INFO  server.RaftServer$Division (ServerState.java:setRaftConf(386)) - 61f1eb6c-dc17-4b0b-858b-0bb1b85057d5@group-4522AB183087: set configuration conf: {index: 0, cur=peers:[62362ab0-30ae-49fa-a673-0da439c77b8d|127.0.0.1:15171, fdb1bdfc-cd38-46a5-a741-21faac0cf152|127.0.0.1:15189, 61f1eb6c-dc17-4b0b-858b-0bb1b85057d5|127.0.0.1:15180]|listeners:[], old=null}
2024-09-15 17:07:36,899 [61f1eb6c-dc17-4b0b-858b-0bb1b85057d5-server-thread1] INFO  segmented.SegmentedRaftLogWorker (SegmentedRaftLogWorker.java:startLogSegment(433)) - 61f1eb6c-dc17-4b0b-858b-0bb1b85057d5@group-4522AB183087-SegmentedRaftLogWorker: Starting segment from index:0
2024-09-15 17:07:36,899 [61f1eb6c-dc17-4b0b-858b-0bb1b85057d5@group-E5F3E020C69C-StateMachineUpdater] INFO  server.RaftServer$Division (LeaderStateImpl.java:checkStartIndex(316)) - Leader 61f1eb6c-dc17-4b0b-858b-0bb1b85057d5@group-E5F3E020C69C-LeaderStateImpl is ready since appliedIndex == startIndex == 0
2024-09-15 17:07:36,900 [61f1eb6c-dc17-4b0b-858b-0bb1b85057d5@group-4522AB183087-SegmentedRaftLogWorker] INFO  segmented.BufferedWriteChannel (BufferedWriteChannel.java:open(61)) - open log_inprogress_0 at position 0
2024-09-15 17:07:36,907 [61f1eb6c-dc17-4b0b-858b-0bb1b85057d5@group-9F891B4926A6-FollowerState] INFO  impl.FollowerState (FollowerState.java:run(144)) - 61f1eb6c-dc17-4b0b-858b-0bb1b85057d5@group-9F891B4926A6-FollowerState: change to CANDIDATE, lastRpcElapsedTime:5159953182ns, electionTimeout:5159ms
2024-09-15 17:07:36,907 [61f1eb6c-dc17-4b0b-858b-0bb1b85057d5@group-9F891B4926A6-FollowerState] INFO  impl.RoleInfo (RoleInfo.java:shutdownFollowerState(119)) - 61f1eb6c-dc17-4b0b-858b-0bb1b85057d5: shutdown 61f1eb6c-dc17-4b0b-858b-0bb1b85057d5@group-9F891B4926A6-FollowerState
2024-09-15 17:07:36,907 [61f1eb6c-dc17-4b0b-858b-0bb1b85057d5@group-9F891B4926A6-FollowerState] INFO  server.RaftServer$Division (RaftServerImpl.java:setRole(376)) - 61f1eb6c-dc17-4b0b-858b-0bb1b85057d5@group-9F891B4926A6: changes role from  FOLLOWER to CANDIDATE at term 0 for changeToCandidate
2024-09-15 17:07:36,907 [61f1eb6c-dc17-4b0b-858b-0bb1b85057d5@group-9F891B4926A6-FollowerState] INFO  server.RaftServerConfigKeys (ConfUtils.java:logGet(46)) - raft.server.leaderelection.pre-vote = true (default)
2024-09-15 17:07:36,907 [61f1eb6c-dc17-4b0b-858b-0bb1b85057d5@group-9F891B4926A6-FollowerState] INFO  impl.RoleInfo (RoleInfo.java:updateAndGet(148)) - 61f1eb6c-dc17-4b0b-858b-0bb1b85057d5: start 61f1eb6c-dc17-4b0b-858b-0bb1b85057d5@group-9F891B4926A6-LeaderElection53
2024-09-15 17:07:36,907 [61f1eb6c-dc17-4b0b-858b-0bb1b85057d5@group-9F891B4926A6-LeaderElection53] INFO  impl.LeaderElection (LeaderElection.java:askForVotes(321)) - 61f1eb6c-dc17-4b0b-858b-0bb1b85057d5@group-9F891B4926A6-LeaderElection53 PRE_VOTE round 0: submit vote requests at term 0 for conf: {index: -1, cur=peers:[62362ab0-30ae-49fa-a673-0da439c77b8d|127.0.0.1:15171, fdb1bdfc-cd38-46a5-a741-21faac0cf152|127.0.0.1:15189, 61f1eb6c-dc17-4b0b-858b-0bb1b85057d5|127.0.0.1:15180]|listeners:[], old=null}
2024-09-15 17:07:36,907 [61f1eb6c-dc17-4b0b-858b-0bb1b85057d5@group-9F891B4926A6-LeaderElection53-1] INFO  server.GrpcServerProtocolClient (GrpcServerProtocolClient.java:<init>(65)) - Build channel for 62362ab0-30ae-49fa-a673-0da439c77b8d|127.0.0.1:15171
2024-09-15 17:07:36,908 [61f1eb6c-dc17-4b0b-858b-0bb1b85057d5@group-9F891B4926A6-LeaderElection53-2] INFO  server.GrpcServerProtocolClient (GrpcServerProtocolClient.java:<init>(65)) - Build channel for fdb1bdfc-cd38-46a5-a741-21faac0cf152|127.0.0.1:15189
2024-09-15 17:07:36,907 [61f1eb6c-dc17-4b0b-858b-0bb1b85057d5@group-9F891B4926A6-LeaderElection53] INFO  server.RaftServerConfigKeys (ConfUtils.java:logFallback(53)) - raft.server.rpc.first-election.timeout.min = 5s (fallback to raft.server.rpc.timeout.min)
2024-09-15 17:07:36,908 [61f1eb6c-dc17-4b0b-858b-0bb1b85057d5@group-9F891B4926A6-LeaderElection53] INFO  server.RaftServerConfigKeys (ConfUtils.java:logFallback(53)) - raft.server.rpc.first-election.timeout.max = 5200ms (fallback to raft.server.rpc.timeout.max)
2024-09-15 17:07:36,913 [fdb1bdfc-cd38-46a5-a741-21faac0cf152@group-4522AB183087-SegmentedRaftLogWorker] INFO  segmented.SegmentedRaftLogWorker (SegmentedRaftLogWorker.java:execute(637)) - fdb1bdfc-cd38-46a5-a741-21faac0cf152@group-4522AB183087-SegmentedRaftLogWorker: created new log segment /home/runner/work/ozone/ozone/hadoop-ozone/integration-test/target/test-dir/MiniOzoneClusterImpl-eca91e6c-a84b-4041-8679-4afba91b5587/ozone-meta/datanode-3/ratis/c8c705c7-4182-4f71-bc0b-4522ab183087/current/log_inprogress_0
2024-09-15 17:07:36,914 [61f1eb6c-dc17-4b0b-858b-0bb1b85057d5@group-4522AB183087-SegmentedRaftLogWorker] INFO  segmented.SegmentedRaftLogWorker (SegmentedRaftLogWorker.java:execute(637)) - 61f1eb6c-dc17-4b0b-858b-0bb1b85057d5@group-4522AB183087-SegmentedRaftLogWorker: created new log segment /home/runner/work/ozone/ozone/hadoop-ozone/integration-test/target/test-dir/MiniOzoneClusterImpl-eca91e6c-a84b-4041-8679-4afba91b5587/ozone-meta/datanode-2/ratis/c8c705c7-4182-4f71-bc0b-4522ab183087/current/log_inprogress_0
2024-09-15 17:07:36,914 [grpc-default-executor-5] INFO  server.RaftServer$Division (RaftServerImpl.java:requestVote(1416)) - fdb1bdfc-cd38-46a5-a741-21faac0cf152@group-9F891B4926A6: receive requestVote(PRE_VOTE, 61f1eb6c-dc17-4b0b-858b-0bb1b85057d5, group-9F891B4926A6, 0, (t:0, i:0))
2024-09-15 17:07:36,914 [grpc-default-executor-5] INFO  impl.VoteContext (VoteContext.java:log(49)) - fdb1bdfc-cd38-46a5-a741-21faac0cf152@group-9F891B4926A6-FOLLOWER: accept PRE_VOTE from 61f1eb6c-dc17-4b0b-858b-0bb1b85057d5: our priority 0 <= candidate's priority 1
2024-09-15 17:07:36,914 [grpc-default-executor-3] INFO  server.RaftServer$Division (RaftServerImpl.java:requestVote(1416)) - 62362ab0-30ae-49fa-a673-0da439c77b8d@group-9F891B4926A6: receive requestVote(PRE_VOTE, 61f1eb6c-dc17-4b0b-858b-0bb1b85057d5, group-9F891B4926A6, 0, (t:0, i:0))
2024-09-15 17:07:36,915 [grpc-default-executor-3] INFO  impl.VoteContext (VoteContext.java:log(49)) - 62362ab0-30ae-49fa-a673-0da439c77b8d@group-9F891B4926A6-FOLLOWER: accept PRE_VOTE from 61f1eb6c-dc17-4b0b-858b-0bb1b85057d5: our priority 0 <= candidate's priority 1
2024-09-15 17:07:36,915 [grpc-default-executor-3] INFO  server.RaftServer$Division (RaftServerImpl.java:requestVote(1449)) - 62362ab0-30ae-49fa-a673-0da439c77b8d@group-9F891B4926A6 replies to PRE_VOTE vote request: 61f1eb6c-dc17-4b0b-858b-0bb1b85057d5<-62362ab0-30ae-49fa-a673-0da439c77b8d#0:OK-t0. Peer's state: 62362ab0-30ae-49fa-a673-0da439c77b8d@group-9F891B4926A6:t0, leader=null, voted=, raftlog=Memoized:62362ab0-30ae-49fa-a673-0da439c77b8d@group-9F891B4926A6-SegmentedRaftLog:OPENED:c-1:lastnull, conf=conf: {index: -1, cur=peers:[62362ab0-30ae-49fa-a673-0da439c77b8d|127.0.0.1:15171, fdb1bdfc-cd38-46a5-a741-21faac0cf152|127.0.0.1:15189, 61f1eb6c-dc17-4b0b-858b-0bb1b85057d5|127.0.0.1:15180]|listeners:[], old=null}
2024-09-15 17:07:36,914 [grpc-default-executor-5] INFO  server.RaftServer$Division (RaftServerImpl.java:requestVote(1449)) - fdb1bdfc-cd38-46a5-a741-21faac0cf152@group-9F891B4926A6 replies to PRE_VOTE vote request: 61f1eb6c-dc17-4b0b-858b-0bb1b85057d5<-fdb1bdfc-cd38-46a5-a741-21faac0cf152#0:OK-t0. Peer's state: fdb1bdfc-cd38-46a5-a741-21faac0cf152@group-9F891B4926A6:t0, leader=null, voted=, raftlog=Memoized:fdb1bdfc-cd38-46a5-a741-21faac0cf152@group-9F891B4926A6-SegmentedRaftLog:OPENED:c-1:lastnull, conf=conf: {index: -1, cur=peers:[62362ab0-30ae-49fa-a673-0da439c77b8d|127.0.0.1:15171, fdb1bdfc-cd38-46a5-a741-21faac0cf152|127.0.0.1:15189, 61f1eb6c-dc17-4b0b-858b-0bb1b85057d5|127.0.0.1:15180]|listeners:[], old=null}
2024-09-15 17:07:36,916 [61f1eb6c-dc17-4b0b-858b-0bb1b85057d5@group-9F891B4926A6-LeaderElection53] INFO  impl.LeaderElection (LeaderElection.java:logAndReturn(89)) - 61f1eb6c-dc17-4b0b-858b-0bb1b85057d5@group-9F891B4926A6-LeaderElection53: PRE_VOTE PASSED received 1 response(s) and 0 exception(s):
2024-09-15 17:07:36,916 [61f1eb6c-dc17-4b0b-858b-0bb1b85057d5@group-9F891B4926A6-LeaderElection53] INFO  impl.LeaderElection (LeaderElection.java:logAndReturn(93)) -   Response 0: 61f1eb6c-dc17-4b0b-858b-0bb1b85057d5<-fdb1bdfc-cd38-46a5-a741-21faac0cf152#0:OK-t0
2024-09-15 17:07:36,916 [61f1eb6c-dc17-4b0b-858b-0bb1b85057d5@group-9F891B4926A6-LeaderElection53] INFO  impl.LeaderElection (LeaderElection.java:askForVotes(323)) - 61f1eb6c-dc17-4b0b-858b-0bb1b85057d5@group-9F891B4926A6-LeaderElection53 PRE_VOTE round 0: result PASSED
2024-09-15 17:07:36,917 [62362ab0-30ae-49fa-a673-0da439c77b8d@group-4522AB183087-StateMachineUpdater] INFO  server.RaftServer$Division (LeaderStateImpl.java:checkStartIndex(316)) - Leader 62362ab0-30ae-49fa-a673-0da439c77b8d@group-4522AB183087-LeaderStateImpl is ready since appliedIndex == startIndex == 0
2024-09-15 17:07:36,918 [61f1eb6c-dc17-4b0b-858b-0bb1b85057d5@group-9F891B4926A6-LeaderElection53] INFO  impl.LeaderElection (LeaderElection.java:askForVotes(321)) - 61f1eb6c-dc17-4b0b-858b-0bb1b85057d5@group-9F891B4926A6-LeaderElection53 ELECTION round 0: submit vote requests at term 1 for conf: {index: -1, cur=peers:[62362ab0-30ae-49fa-a673-0da439c77b8d|127.0.0.1:15171, fdb1bdfc-cd38-46a5-a741-21faac0cf152|127.0.0.1:15189, 61f1eb6c-dc17-4b0b-858b-0bb1b85057d5|127.0.0.1:15180]|listeners:[], old=null}
2024-09-15 17:07:36,918 [61f1eb6c-dc17-4b0b-858b-0bb1b85057d5@group-9F891B4926A6-LeaderElection53] INFO  server.RaftServerConfigKeys (ConfUtils.java:logFallback(53)) - raft.server.rpc.first-election.timeout.min = 5s (fallback to raft.server.rpc.timeout.min)
2024-09-15 17:07:36,918 [61f1eb6c-dc17-4b0b-858b-0bb1b85057d5@group-9F891B4926A6-LeaderElection53] INFO  server.RaftServerConfigKeys (ConfUtils.java:logFallback(53)) - raft.server.rpc.first-election.timeout.max = 5200ms (fallback to raft.server.rpc.timeout.max)
2024-09-15 17:07:36,919 [grpc-default-executor-5] INFO  server.RaftServer$Division (RaftServerImpl.java:requestVote(1416)) - 62362ab0-30ae-49fa-a673-0da439c77b8d@group-9F891B4926A6: receive requestVote(ELECTION, 61f1eb6c-dc17-4b0b-858b-0bb1b85057d5, group-9F891B4926A6, 1, (t:0, i:0))
2024-09-15 17:07:36,919 [grpc-default-executor-3] INFO  server.RaftServer$Division (RaftServerImpl.java:requestVote(1416)) - fdb1bdfc-cd38-46a5-a741-21faac0cf152@group-9F891B4926A6: receive requestVote(ELECTION, 61f1eb6c-dc17-4b0b-858b-0bb1b85057d5, group-9F891B4926A6, 1, (t:0, i:0))
2024-09-15 17:07:36,919 [grpc-default-executor-5] INFO  impl.VoteContext (VoteContext.java:log(49)) - 62362ab0-30ae-49fa-a673-0da439c77b8d@group-9F891B4926A6-FOLLOWER: accept ELECTION from 61f1eb6c-dc17-4b0b-858b-0bb1b85057d5: our priority 0 <= candidate's priority 1
2024-09-15 17:07:36,919 [grpc-default-executor-3] INFO  impl.VoteContext (VoteContext.java:log(49)) - fdb1bdfc-cd38-46a5-a741-21faac0cf152@group-9F891B4926A6-FOLLOWER: accept ELECTION from 61f1eb6c-dc17-4b0b-858b-0bb1b85057d5: our priority 0 <= candidate's priority 1
2024-09-15 17:07:36,919 [grpc-default-executor-3] INFO  server.RaftServer$Division (RaftServerImpl.java:setRole(376)) - fdb1bdfc-cd38-46a5-a741-21faac0cf152@group-9F891B4926A6: changes role from  FOLLOWER to FOLLOWER at term 1 for candidate:61f1eb6c-dc17-4b0b-858b-0bb1b85057d5
2024-09-15 17:07:36,919 [grpc-default-executor-3] INFO  impl.RoleInfo (RoleInfo.java:shutdownFollowerState(119)) - fdb1bdfc-cd38-46a5-a741-21faac0cf152: shutdown fdb1bdfc-cd38-46a5-a741-21faac0cf152@group-9F891B4926A6-FollowerState
2024-09-15 17:07:36,919 [grpc-default-executor-3] INFO  impl.RoleInfo (RoleInfo.java:updateAndGet(148)) - fdb1bdfc-cd38-46a5-a741-21faac0cf152: start fdb1bdfc-cd38-46a5-a741-21faac0cf152@group-9F891B4926A6-FollowerState
2024-09-15 17:07:36,919 [grpc-default-executor-5] INFO  server.RaftServer$Division (RaftServerImpl.java:setRole(376)) - 62362ab0-30ae-49fa-a673-0da439c77b8d@group-9F891B4926A6: changes role from  FOLLOWER to FOLLOWER at term 1 for candidate:61f1eb6c-dc17-4b0b-858b-0bb1b85057d5
2024-09-15 17:07:36,919 [grpc-default-executor-5] INFO  impl.RoleInfo (RoleInfo.java:shutdownFollowerState(119)) - 62362ab0-30ae-49fa-a673-0da439c77b8d: shutdown 62362ab0-30ae-49fa-a673-0da439c77b8d@group-9F891B4926A6-FollowerState
2024-09-15 17:07:36,919 [grpc-default-executor-3] INFO  server.RaftServer$Division (RaftServerImpl.java:setFirstElection(549)) - fdb1bdfc-cd38-46a5-a741-21faac0cf152@group-9F891B4926A6: set firstElectionSinceStartup to false for candidate:61f1eb6c-dc17-4b0b-858b-0bb1b85057d5
2024-09-15 17:07:36,919 [fdb1bdfc-cd38-46a5-a741-21faac0cf152@group-9F891B4926A6-FollowerState] INFO  impl.FollowerState (FollowerState.java:run(153)) - fdb1bdfc-cd38-46a5-a741-21faac0cf152@group-9F891B4926A6-FollowerState was interrupted
2024-09-15 17:07:36,919 [grpc-default-executor-5] INFO  impl.RoleInfo (RoleInfo.java:updateAndGet(148)) - 62362ab0-30ae-49fa-a673-0da439c77b8d: start 62362ab0-30ae-49fa-a673-0da439c77b8d@group-9F891B4926A6-FollowerState
2024-09-15 17:07:36,920 [62362ab0-30ae-49fa-a673-0da439c77b8d@group-9F891B4926A6-FollowerState] INFO  impl.FollowerState (FollowerState.java:run(153)) - 62362ab0-30ae-49fa-a673-0da439c77b8d@group-9F891B4926A6-FollowerState was interrupted
2024-09-15 17:07:36,920 [grpc-default-executor-3] INFO  server.RaftServer$Division (RaftServerImpl.java:requestVote(1449)) - fdb1bdfc-cd38-46a5-a741-21faac0cf152@group-9F891B4926A6 replies to ELECTION vote request: 61f1eb6c-dc17-4b0b-858b-0bb1b85057d5<-fdb1bdfc-cd38-46a5-a741-21faac0cf152#0:OK-t1. Peer's state: fdb1bdfc-cd38-46a5-a741-21faac0cf152@group-9F891B4926A6:t1, leader=null, voted=61f1eb6c-dc17-4b0b-858b-0bb1b85057d5, raftlog=Memoized:fdb1bdfc-cd38-46a5-a741-21faac0cf152@group-9F891B4926A6-SegmentedRaftLog:OPENED:c-1:lastnull, conf=conf: {index: -1, cur=peers:[62362ab0-30ae-49fa-a673-0da439c77b8d|127.0.0.1:15171, fdb1bdfc-cd38-46a5-a741-21faac0cf152|127.0.0.1:15189, 61f1eb6c-dc17-4b0b-858b-0bb1b85057d5|127.0.0.1:15180]|listeners:[], old=null}
2024-09-15 17:07:36,921 [61f1eb6c-dc17-4b0b-858b-0bb1b85057d5@group-9F891B4926A6-LeaderElection53] INFO  impl.LeaderElection (LeaderElection.java:logAndReturn(89)) - 61f1eb6c-dc17-4b0b-858b-0bb1b85057d5@group-9F891B4926A6-LeaderElection53: ELECTION PASSED received 1 response(s) and 0 exception(s):
2024-09-15 17:07:36,921 [61f1eb6c-dc17-4b0b-858b-0bb1b85057d5@group-9F891B4926A6-LeaderElection53] INFO  impl.LeaderElection (LeaderElection.java:logAndReturn(93)) -   Response 0: 61f1eb6c-dc17-4b0b-858b-0bb1b85057d5<-fdb1bdfc-cd38-46a5-a741-21faac0cf152#0:OK-t1
2024-09-15 17:07:36,921 [61f1eb6c-dc17-4b0b-858b-0bb1b85057d5@group-9F891B4926A6-LeaderElection53] INFO  impl.LeaderElection (LeaderElection.java:askForVotes(323)) - 61f1eb6c-dc17-4b0b-858b-0bb1b85057d5@group-9F891B4926A6-LeaderElection53 ELECTION round 0: result PASSED
2024-09-15 17:07:36,921 [61f1eb6c-dc17-4b0b-858b-0bb1b85057d5@group-9F891B4926A6-LeaderElection53] INFO  impl.RoleInfo (RoleInfo.java:shutdownLeaderElection(139)) - 61f1eb6c-dc17-4b0b-858b-0bb1b85057d5: shutdown 61f1eb6c-dc17-4b0b-858b-0bb1b85057d5@group-9F891B4926A6-LeaderElection53
2024-09-15 17:07:36,921 [61f1eb6c-dc17-4b0b-858b-0bb1b85057d5@group-9F891B4926A6-LeaderElection53] INFO  server.RaftServer$Division (RaftServerImpl.java:setRole(376)) - 61f1eb6c-dc17-4b0b-858b-0bb1b85057d5@group-9F891B4926A6: changes role from CANDIDATE to LEADER at term 1 for changeToLeader
2024-09-15 17:07:36,921 [61f1eb6c-dc17-4b0b-858b-0bb1b85057d5@group-9F891B4926A6-LeaderElection53] INFO  server.RaftServerConfigKeys (ConfUtils.java:logGet(46)) - raft.server.staging.catchup.gap = 1000 (default)
2024-09-15 17:07:36,921 [61f1eb6c-dc17-4b0b-858b-0bb1b85057d5@group-9F891B4926A6-LeaderElection53] INFO  server.RaftServerConfigKeys (ConfUtils.java:logGet(46)) - raft.server.write.element-limit = 1024 (custom)
2024-09-15 17:07:36,921 [61f1eb6c-dc17-4b0b-858b-0bb1b85057d5@group-9F891B4926A6-LeaderElection53] INFO  server.RaftServerConfigKeys (ConfUtils.java:logGet(46)) - raft.server.write.byte-limit = 1024 M (=1073741824) (custom)
2024-09-15 17:07:36,921 [grpc-default-executor-5] INFO  server.RaftServer$Division (RaftServerImpl.java:requestVote(1449)) - 62362ab0-30ae-49fa-a673-0da439c77b8d@group-9F891B4926A6 replies to ELECTION vote request: 61f1eb6c-dc17-4b0b-858b-0bb1b85057d5<-62362ab0-30ae-49fa-a673-0da439c77b8d#0:OK-t1. Peer's state: 62362ab0-30ae-49fa-a673-0da439c77b8d@group-9F891B4926A6:t1, leader=null, voted=61f1eb6c-dc17-4b0b-858b-0bb1b85057d5, raftlog=Memoized:62362ab0-30ae-49fa-a673-0da439c77b8d@group-9F891B4926A6-SegmentedRaftLog:OPENED:c-1:lastnull, conf=conf: {index: -1, cur=peers:[62362ab0-30ae-49fa-a673-0da439c77b8d|127.0.0.1:15171, fdb1bdfc-cd38-46a5-a741-21faac0cf152|127.0.0.1:15189, 61f1eb6c-dc17-4b0b-858b-0bb1b85057d5|127.0.0.1:15180]|listeners:[], old=null}
2024-09-15 17:07:36,921 [61f1eb6c-dc17-4b0b-858b-0bb1b85057d5@group-9F891B4926A6-LeaderElection53] INFO  server.RaftServerConfigKeys (ConfUtils.java:logGet(46)) - raft.server.watch.timeout = 3000ms (custom)
2024-09-15 17:07:36,921 [61f1eb6c-dc17-4b0b-858b-0bb1b85057d5@group-9F891B4926A6-LeaderElection53] INFO  server.RaftServerConfigKeys (ConfUtils.java:logGet(46)) - raft.server.watch.timeout.denomination = 1s (default)
2024-09-15 17:07:36,921 [61f1eb6c-dc17-4b0b-858b-0bb1b85057d5@group-9F891B4926A6-LeaderElection53] INFO  server.RaftServerConfigKeys (ConfUtils.java:logGet(46)) - raft.server.watch.element-limit = 65536 (default)
2024-09-15 17:07:36,922 [61f1eb6c-dc17-4b0b-858b-0bb1b85057d5@group-9F891B4926A6-LeaderElection53] INFO  server.RaftServerConfigKeys (ConfUtils.java:logGet(46)) - raft.server.read.leader.lease.enabled = false (default)
2024-09-15 17:07:36,922 [61f1eb6c-dc17-4b0b-858b-0bb1b85057d5@group-9F891B4926A6-LeaderElection53] INFO  server.RaftServerConfigKeys (ConfUtils.java:logGet(46)) - raft.server.read.leader.lease.timeout.ratio = 0.9 (default)
2024-09-15 17:07:36,922 [61f1eb6c-dc17-4b0b-858b-0bb1b85057d5@group-9F891B4926A6-LeaderElection53] INFO  server.RaftServerConfigKeys (ConfUtils.java:logGet(46)) - raft.server.rpc.timeout.min = 5s (custom)
2024-09-15 17:07:36,922 [61f1eb6c-dc17-4b0b-858b-0bb1b85057d5@group-9F891B4926A6-LeaderElection53] INFO  server.RaftServerConfigKeys (ConfUtils.java:logGet(46)) - raft.server.log.log-metadata.enabled = true (default)
2024-09-15 17:07:36,922 [61f1eb6c-dc17-4b0b-858b-0bb1b85057d5@group-9F891B4926A6-LeaderElection53] INFO  server.RaftServerConfigKeys (ConfUtils.java:logGet(46)) - raft.server.write.element-limit = 1024 (custom)
2024-09-15 17:07:36,922 [61f1eb6c-dc17-4b0b-858b-0bb1b85057d5@group-9F891B4926A6-LeaderElection53] INFO  server.RaftServerConfigKeys (ConfUtils.java:logGet(46)) - raft.server.write.follower.gap.ratio.max = -1.0 (default)
2024-09-15 17:07:36,922 [61f1eb6c-dc17-4b0b-858b-0bb1b85057d5@group-9F891B4926A6-LeaderElection53] INFO  server.RaftServerConfigKeys (ConfUtils.java:logGet(46)) - raft.server.log.appender.snapshot.chunk.size.max = 16MB (=16777216) (default)
2024-09-15 17:07:36,922 [61f1eb6c-dc17-4b0b-858b-0bb1b85057d5@group-9F891B4926A6-LeaderElection53] INFO  server.RaftServerConfigKeys (ConfUtils.java:logGet(46)) - raft.server.log.appender.buffer.byte-limit = 33554432 (custom)
2024-09-15 17:07:36,922 [61f1eb6c-dc17-4b0b-858b-0bb1b85057d5@group-9F891B4926A6-LeaderElection53] INFO  server.RaftServerConfigKeys (ConfUtils.java:logGet(46)) - raft.server.log.appender.buffer.element-limit = 1024 (custom)
2024-09-15 17:07:36,922 [61f1eb6c-dc17-4b0b-858b-0bb1b85057d5@group-9F891B4926A6-LeaderElection53] INFO  server.RaftServerConfigKeys (ConfUtils.java:logGet(46)) - raft.server.log.appender.wait-time.min = 0ms (custom)
2024-09-15 17:07:36,922 [61f1eb6c-dc17-4b0b-858b-0bb1b85057d5@group-9F891B4926A6-LeaderElection53] INFO  grpc.GrpcConfigKeys (ConfUtils.java:logGet(46)) - raft.grpc.server.leader.outstanding.appends.max = 8 (default)
2024-09-15 17:07:36,922 [61f1eb6c-dc17-4b0b-858b-0bb1b85057d5@group-9F891B4926A6-LeaderElection53] INFO  server.RaftServerConfigKeys (ConfUtils.java:logGet(46)) - raft.server.rpc.request.timeout = 3000ms (default)
2024-09-15 17:07:36,922 [61f1eb6c-dc17-4b0b-858b-0bb1b85057d5@group-9F891B4926A6-LeaderElection53] INFO  grpc.GrpcConfigKeys (ConfUtils.java:logGet(46)) - raft.grpc.server.install_snapshot.request.element-limit = 8 (default)
2024-09-15 17:07:36,922 [61f1eb6c-dc17-4b0b-858b-0bb1b85057d5@group-9F891B4926A6-LeaderElection53] INFO  grpc.GrpcConfigKeys (ConfUtils.java:logGet(46)) - raft.grpc.server.install_snapshot.request.timeout = 3000ms (default)
2024-09-15 17:07:36,922 [61f1eb6c-dc17-4b0b-858b-0bb1b85057d5@group-9F891B4926A6-LeaderElection53] INFO  grpc.GrpcConfigKeys (ConfUtils.java:logGet(46)) - raft.grpc.server.log-message.batch.duration = 5s (default)
2024-09-15 17:07:36,922 [61f1eb6c-dc17-4b0b-858b-0bb1b85057d5@group-9F891B4926A6-LeaderElection53] INFO  server.RaftServerConfigKeys (ConfUtils.java:logGet(46)) - raft.server.log.appender.install.snapshot.enabled = false (custom)
2024-09-15 17:07:36,922 [61f1eb6c-dc17-4b0b-858b-0bb1b85057d5@group-9F891B4926A6-LeaderElection53] INFO  grpc.GrpcConfigKeys (ConfUtils.java:logGet(46)) - raft.grpc.server.heartbeat.channel = true (default)
2024-09-15 17:07:36,923 [61f1eb6c-dc17-4b0b-858b-0bb1b85057d5@group-9F891B4926A6-LeaderElection53] INFO  server.RaftServerConfigKeys (ConfUtils.java:logGet(46)) - raft.server.log.appender.snapshot.chunk.size.max = 16MB (=16777216) (default)
2024-09-15 17:07:36,923 [61f1eb6c-dc17-4b0b-858b-0bb1b85057d5@group-9F891B4926A6-LeaderElection53] INFO  server.RaftServerConfigKeys (ConfUtils.java:logGet(46)) - raft.server.log.appender.buffer.byte-limit = 33554432 (custom)
2024-09-15 17:07:36,923 [61f1eb6c-dc17-4b0b-858b-0bb1b85057d5@group-9F891B4926A6-LeaderElection53] INFO  server.RaftServerConfigKeys (ConfUtils.java:logGet(46)) - raft.server.log.appender.buffer.element-limit = 1024 (custom)
2024-09-15 17:07:36,923 [61f1eb6c-dc17-4b0b-858b-0bb1b85057d5@group-9F891B4926A6-LeaderElection53] INFO  server.RaftServerConfigKeys (ConfUtils.java:logGet(46)) - raft.server.log.appender.wait-time.min = 0ms (custom)
2024-09-15 17:07:36,923 [61f1eb6c-dc17-4b0b-858b-0bb1b85057d5@group-9F891B4926A6-LeaderElection53] INFO  grpc.GrpcConfigKeys (ConfUtils.java:logGet(46)) - raft.grpc.server.leader.outstanding.appends.max = 8 (default)
2024-09-15 17:07:36,923 [61f1eb6c-dc17-4b0b-858b-0bb1b85057d5@group-9F891B4926A6-LeaderElection53] INFO  server.RaftServerConfigKeys (ConfUtils.java:logGet(46)) - raft.server.rpc.request.timeout = 3000ms (default)
2024-09-15 17:07:36,923 [61f1eb6c-dc17-4b0b-858b-0bb1b85057d5@group-9F891B4926A6-LeaderElection53] INFO  grpc.GrpcConfigKeys (ConfUtils.java:logGet(46)) - raft.grpc.server.install_snapshot.request.element-limit = 8 (default)
2024-09-15 17:07:36,923 [61f1eb6c-dc17-4b0b-858b-0bb1b85057d5@group-9F891B4926A6-LeaderElection53] INFO  grpc.GrpcConfigKeys (ConfUtils.java:logGet(46)) - raft.grpc.server.install_snapshot.request.timeout = 3000ms (default)
2024-09-15 17:07:36,923 [61f1eb6c-dc17-4b0b-858b-0bb1b85057d5@group-9F891B4926A6-LeaderElection53] INFO  grpc.GrpcConfigKeys (ConfUtils.java:logGet(46)) - raft.grpc.server.log-message.batch.duration = 5s (default)
2024-09-15 17:07:36,923 [61f1eb6c-dc17-4b0b-858b-0bb1b85057d5@group-9F891B4926A6-LeaderElection53] INFO  server.RaftServerConfigKeys (ConfUtils.java:logGet(46)) - raft.server.log.appender.install.snapshot.enabled = false (custom)
2024-09-15 17:07:36,923 [61f1eb6c-dc17-4b0b-858b-0bb1b85057d5@group-9F891B4926A6-LeaderElection53] INFO  grpc.GrpcConfigKeys (ConfUtils.java:logGet(46)) - raft.grpc.server.heartbeat.channel = true (default)
2024-09-15 17:07:36,923 [61f1eb6c-dc17-4b0b-858b-0bb1b85057d5@group-9F891B4926A6-LeaderElection53] INFO  impl.RoleInfo (RoleInfo.java:updateAndGet(148)) - 61f1eb6c-dc17-4b0b-858b-0bb1b85057d5: start 61f1eb6c-dc17-4b0b-858b-0bb1b85057d5@group-9F891B4926A6-LeaderStateImpl
2024-09-15 17:07:36,923 [61f1eb6c-dc17-4b0b-858b-0bb1b85057d5@group-9F891B4926A6-LeaderElection53] INFO  server.RaftServer$Division (RaftServerImpl.java:setFirstElection(549)) - 61f1eb6c-dc17-4b0b-858b-0bb1b85057d5@group-9F891B4926A6: set firstElectionSinceStartup to false for becomeLeader
2024-09-15 17:07:36,923 [61f1eb6c-dc17-4b0b-858b-0bb1b85057d5@group-9F891B4926A6-LeaderElection53] INFO  ratis.XceiverServerRatis (XceiverServerRatis.java:handleLeaderChangedNotification(950)) - Leader change notification received for group: group-9F891B4926A6 with new leaderId: 61f1eb6c-dc17-4b0b-858b-0bb1b85057d5
2024-09-15 17:07:36,923 [61f1eb6c-dc17-4b0b-858b-0bb1b85057d5@group-9F891B4926A6-LeaderElection53] INFO  server.RaftServer$Division (ServerState.java:setLeader(272)) - 61f1eb6c-dc17-4b0b-858b-0bb1b85057d5@group-9F891B4926A6: change Leader from null to 61f1eb6c-dc17-4b0b-858b-0bb1b85057d5 at term 1 for becomeLeader, leader elected after 5192ms
2024-09-15 17:07:36,923 [61f1eb6c-dc17-4b0b-858b-0bb1b85057d5@group-9F891B4926A6-LeaderElection53] INFO  segmented.SegmentedRaftLogWorker (SegmentedRaftLogWorker.java:startLogSegment(433)) - 61f1eb6c-dc17-4b0b-858b-0bb1b85057d5@group-9F891B4926A6-SegmentedRaftLogWorker: Starting segment from index:0
2024-09-15 17:07:36,923 [61f1eb6c-dc17-4b0b-858b-0bb1b85057d5@group-9F891B4926A6-LeaderElection53] INFO  server.RaftServer$Division (ServerState.java:setRaftConf(386)) - 61f1eb6c-dc17-4b0b-858b-0bb1b85057d5@group-9F891B4926A6: set configuration conf: {index: 0, cur=peers:[62362ab0-30ae-49fa-a673-0da439c77b8d|127.0.0.1:15171, fdb1bdfc-cd38-46a5-a741-21faac0cf152|127.0.0.1:15189, 61f1eb6c-dc17-4b0b-858b-0bb1b85057d5|127.0.0.1:15180]|listeners:[], old=null}
2024-09-15 17:07:36,924 [61f1eb6c-dc17-4b0b-858b-0bb1b85057d5@group-9F891B4926A6-SegmentedRaftLogWorker] INFO  segmented.BufferedWriteChannel (BufferedWriteChannel.java:open(61)) - open log_inprogress_0 at position 0
2024-09-15 17:07:36,925 [EventQueue-PipelineReportForPipelineReportHandler] INFO  pipeline.PipelineReportHandler (PipelineReportHandler.java:processPipelineReport(136)) - Opened pipeline PipelineID=ffe936e1-90b0-46c0-bf1c-9f891b4926a6
2024-09-15 17:07:36,934 [61f1eb6c-dc17-4b0b-858b-0bb1b85057d5@group-9F891B4926A6-SegmentedRaftLogWorker] INFO  segmented.SegmentedRaftLogWorker (SegmentedRaftLogWorker.java:execute(637)) - 61f1eb6c-dc17-4b0b-858b-0bb1b85057d5@group-9F891B4926A6-SegmentedRaftLogWorker: created new log segment /home/runner/work/ozone/ozone/hadoop-ozone/integration-test/target/test-dir/MiniOzoneClusterImpl-eca91e6c-a84b-4041-8679-4afba91b5587/ozone-meta/datanode-2/ratis/ffe936e1-90b0-46c0-bf1c-9f891b4926a6/current/log_inprogress_0
2024-09-15 17:07:36,935 [fdb1bdfc-cd38-46a5-a741-21faac0cf152-server-thread1] INFO  ratis.XceiverServerRatis (XceiverServerRatis.java:handleLeaderChangedNotification(950)) - Leader change notification received for group: group-9F891B4926A6 with new leaderId: 61f1eb6c-dc17-4b0b-858b-0bb1b85057d5
2024-09-15 17:07:36,935 [fdb1bdfc-cd38-46a5-a741-21faac0cf152-server-thread1] INFO  server.RaftServer$Division (ServerState.java:setLeader(272)) - fdb1bdfc-cd38-46a5-a741-21faac0cf152@group-9F891B4926A6: change Leader from null to 61f1eb6c-dc17-4b0b-858b-0bb1b85057d5 at term 1 for appendEntries, leader elected after 5173ms
2024-09-15 17:07:36,935 [fdb1bdfc-cd38-46a5-a741-21faac0cf152-server-thread1] INFO  server.RaftServer$Division (ServerState.java:setRaftConf(386)) - fdb1bdfc-cd38-46a5-a741-21faac0cf152@group-9F891B4926A6: set configuration conf: {index: 0, cur=peers:[62362ab0-30ae-49fa-a673-0da439c77b8d|127.0.0.1:15171, fdb1bdfc-cd38-46a5-a741-21faac0cf152|127.0.0.1:15189, 61f1eb6c-dc17-4b0b-858b-0bb1b85057d5|127.0.0.1:15180]|listeners:[], old=null}
2024-09-15 17:07:36,935 [fdb1bdfc-cd38-46a5-a741-21faac0cf152-server-thread1] INFO  segmented.SegmentedRaftLogWorker (SegmentedRaftLogWorker.java:startLogSegment(433)) - fdb1bdfc-cd38-46a5-a741-21faac0cf152@group-9F891B4926A6-SegmentedRaftLogWorker: Starting segment from index:0
2024-09-15 17:07:36,936 [fdb1bdfc-cd38-46a5-a741-21faac0cf152@group-9F891B4926A6-SegmentedRaftLogWorker] INFO  segmented.BufferedWriteChannel (BufferedWriteChannel.java:open(61)) - open log_inprogress_0 at position 0
2024-09-15 17:07:36,938 [62362ab0-30ae-49fa-a673-0da439c77b8d-server-thread1] INFO  ratis.XceiverServerRatis (XceiverServerRatis.java:handleLeaderChangedNotification(950)) - Leader change notification received for group: group-9F891B4926A6 with new leaderId: 61f1eb6c-dc17-4b0b-858b-0bb1b85057d5
2024-09-15 17:07:36,938 [62362ab0-30ae-49fa-a673-0da439c77b8d-server-thread1] INFO  server.RaftServer$Division (ServerState.java:setLeader(272)) - 62362ab0-30ae-49fa-a673-0da439c77b8d@group-9F891B4926A6: change Leader from null to 61f1eb6c-dc17-4b0b-858b-0bb1b85057d5 at term 1 for appendEntries, leader elected after 5228ms
2024-09-15 17:07:36,940 [62362ab0-30ae-49fa-a673-0da439c77b8d-server-thread3] INFO  server.RaftServer$Division (ServerState.java:setRaftConf(386)) - 62362ab0-30ae-49fa-a673-0da439c77b8d@group-9F891B4926A6: set configuration conf: {index: 0, cur=peers:[62362ab0-30ae-49fa-a673-0da439c77b8d|127.0.0.1:15171, fdb1bdfc-cd38-46a5-a741-21faac0cf152|127.0.0.1:15189, 61f1eb6c-dc17-4b0b-858b-0bb1b85057d5|127.0.0.1:15180]|listeners:[], old=null}
2024-09-15 17:07:36,941 [62362ab0-30ae-49fa-a673-0da439c77b8d-server-thread3] INFO  segmented.SegmentedRaftLogWorker (SegmentedRaftLogWorker.java:startLogSegment(433)) - 62362ab0-30ae-49fa-a673-0da439c77b8d@group-9F891B4926A6-SegmentedRaftLogWorker: Starting segment from index:0
2024-09-15 17:07:36,941 [62362ab0-30ae-49fa-a673-0da439c77b8d@group-9F891B4926A6-SegmentedRaftLogWorker] INFO  segmented.BufferedWriteChannel (BufferedWriteChannel.java:open(61)) - open log_inprogress_0 at position 0
2024-09-15 17:07:36,946 [fdb1bdfc-cd38-46a5-a741-21faac0cf152@group-9F891B4926A6-SegmentedRaftLogWorker] INFO  segmented.SegmentedRaftLogWorker (SegmentedRaftLogWorker.java:execute(637)) - fdb1bdfc-cd38-46a5-a741-21faac0cf152@group-9F891B4926A6-SegmentedRaftLogWorker: created new log segment /home/runner/work/ozone/ozone/hadoop-ozone/integration-test/target/test-dir/MiniOzoneClusterImpl-eca91e6c-a84b-4041-8679-4afba91b5587/ozone-meta/datanode-3/ratis/ffe936e1-90b0-46c0-bf1c-9f891b4926a6/current/log_inprogress_0
2024-09-15 17:07:36,950 [62362ab0-30ae-49fa-a673-0da439c77b8d@group-9F891B4926A6-SegmentedRaftLogWorker] INFO  segmented.SegmentedRaftLogWorker (SegmentedRaftLogWorker.java:execute(637)) - 62362ab0-30ae-49fa-a673-0da439c77b8d@group-9F891B4926A6-SegmentedRaftLogWorker: created new log segment /home/runner/work/ozone/ozone/hadoop-ozone/integration-test/target/test-dir/MiniOzoneClusterImpl-eca91e6c-a84b-4041-8679-4afba91b5587/ozone-meta/datanode-1/ratis/ffe936e1-90b0-46c0-bf1c-9f891b4926a6/current/log_inprogress_0
2024-09-15 17:07:36,950 [61f1eb6c-dc17-4b0b-858b-0bb1b85057d5@group-9F891B4926A6-StateMachineUpdater] INFO  server.RaftServer$Division (LeaderStateImpl.java:checkStartIndex(316)) - Leader 61f1eb6c-dc17-4b0b-858b-0bb1b85057d5@group-9F891B4926A6-LeaderStateImpl is ready since appliedIndex == startIndex == 0
2024-09-15 17:07:37,146 [fdb1bdfc-cd38-46a5-a741-21faac0cf152@group-8F56DEC8FDF9-FollowerState] INFO  impl.FollowerState (FollowerState.java:run(144)) - fdb1bdfc-cd38-46a5-a741-21faac0cf152@group-8F56DEC8FDF9-FollowerState: change to CANDIDATE, lastRpcElapsedTime:5046511825ns, electionTimeout:5046ms
2024-09-15 17:07:37,147 [fdb1bdfc-cd38-46a5-a741-21faac0cf152@group-8F56DEC8FDF9-FollowerState] INFO  impl.RoleInfo (RoleInfo.java:shutdownFollowerState(119)) - fdb1bdfc-cd38-46a5-a741-21faac0cf152: shutdown fdb1bdfc-cd38-46a5-a741-21faac0cf152@group-8F56DEC8FDF9-FollowerState
2024-09-15 17:07:37,147 [fdb1bdfc-cd38-46a5-a741-21faac0cf152@group-8F56DEC8FDF9-FollowerState] INFO  server.RaftServer$Division (RaftServerImpl.java:setRole(376)) - fdb1bdfc-cd38-46a5-a741-21faac0cf152@group-8F56DEC8FDF9: changes role from  FOLLOWER to CANDIDATE at term 0 for changeToCandidate
2024-09-15 17:07:37,147 [fdb1bdfc-cd38-46a5-a741-21faac0cf152@group-8F56DEC8FDF9-FollowerState] INFO  server.RaftServerConfigKeys (ConfUtils.java:logGet(46)) - raft.server.leaderelection.pre-vote = true (default)
2024-09-15 17:07:37,147 [fdb1bdfc-cd38-46a5-a741-21faac0cf152@group-8F56DEC8FDF9-FollowerState] INFO  impl.RoleInfo (RoleInfo.java:updateAndGet(148)) - fdb1bdfc-cd38-46a5-a741-21faac0cf152: start fdb1bdfc-cd38-46a5-a741-21faac0cf152@group-8F56DEC8FDF9-LeaderElection54
2024-09-15 17:07:37,147 [fdb1bdfc-cd38-46a5-a741-21faac0cf152@group-8F56DEC8FDF9-LeaderElection54] INFO  impl.LeaderElection (LeaderElection.java:askForVotes(321)) - fdb1bdfc-cd38-46a5-a741-21faac0cf152@group-8F56DEC8FDF9-LeaderElection54 PRE_VOTE round 0: submit vote requests at term 0 for conf: {index: -1, cur=peers:[fdb1bdfc-cd38-46a5-a741-21faac0cf152|127.0.0.1:15189]|listeners:[], old=null}
2024-09-15 17:07:37,147 [fdb1bdfc-cd38-46a5-a741-21faac0cf152@group-8F56DEC8FDF9-LeaderElection54] INFO  impl.LeaderElection (LeaderElection.java:askForVotes(323)) - fdb1bdfc-cd38-46a5-a741-21faac0cf152@group-8F56DEC8FDF9-LeaderElection54 PRE_VOTE round 0: result PASSED (term=0)
2024-09-15 17:07:37,149 [fdb1bdfc-cd38-46a5-a741-21faac0cf152@group-8F56DEC8FDF9-LeaderElection54] INFO  impl.LeaderElection (LeaderElection.java:askForVotes(321)) - fdb1bdfc-cd38-46a5-a741-21faac0cf152@group-8F56DEC8FDF9-LeaderElection54 ELECTION round 0: submit vote requests at term 1 for conf: {index: -1, cur=peers:[fdb1bdfc-cd38-46a5-a741-21faac0cf152|127.0.0.1:15189]|listeners:[], old=null}
2024-09-15 17:07:37,149 [fdb1bdfc-cd38-46a5-a741-21faac0cf152@group-8F56DEC8FDF9-LeaderElection54] INFO  impl.LeaderElection (LeaderElection.java:askForVotes(323)) - fdb1bdfc-cd38-46a5-a741-21faac0cf152@group-8F56DEC8FDF9-LeaderElection54 ELECTION round 0: result PASSED (term=1)
2024-09-15 17:07:37,149 [fdb1bdfc-cd38-46a5-a741-21faac0cf152@group-8F56DEC8FDF9-LeaderElection54] INFO  impl.RoleInfo (RoleInfo.java:shutdownLeaderElection(139)) - fdb1bdfc-cd38-46a5-a741-21faac0cf152: shutdown fdb1bdfc-cd38-46a5-a741-21faac0cf152@group-8F56DEC8FDF9-LeaderElection54
2024-09-15 17:07:37,149 [fdb1bdfc-cd38-46a5-a741-21faac0cf152@group-8F56DEC8FDF9-LeaderElection54] INFO  server.RaftServer$Division (RaftServerImpl.java:setRole(376)) - fdb1bdfc-cd38-46a5-a741-21faac0cf152@group-8F56DEC8FDF9: changes role from CANDIDATE to LEADER at term 1 for changeToLeader
2024-09-15 17:07:37,149 [fdb1bdfc-cd38-46a5-a741-21faac0cf152@group-8F56DEC8FDF9-LeaderElection54] INFO  server.RaftServerConfigKeys (ConfUtils.java:logGet(46)) - raft.server.staging.catchup.gap = 1000 (default)
2024-09-15 17:07:37,149 [fdb1bdfc-cd38-46a5-a741-21faac0cf152@group-8F56DEC8FDF9-LeaderElection54] INFO  server.RaftServerConfigKeys (ConfUtils.java:logGet(46)) - raft.server.write.element-limit = 1024 (custom)
2024-09-15 17:07:37,149 [fdb1bdfc-cd38-46a5-a741-21faac0cf152@group-8F56DEC8FDF9-LeaderElection54] INFO  server.RaftServerConfigKeys (ConfUtils.java:logGet(46)) - raft.server.write.byte-limit = 1024 M (=1073741824) (custom)
2024-09-15 17:07:37,149 [fdb1bdfc-cd38-46a5-a741-21faac0cf152@group-8F56DEC8FDF9-LeaderElection54] INFO  server.RaftServerConfigKeys (ConfUtils.java:logGet(46)) - raft.server.watch.timeout = 3000ms (custom)
2024-09-15 17:07:37,149 [fdb1bdfc-cd38-46a5-a741-21faac0cf152@group-8F56DEC8FDF9-LeaderElection54] INFO  server.RaftServerConfigKeys (ConfUtils.java:logGet(46)) - raft.server.watch.timeout.denomination = 1s (default)
2024-09-15 17:07:37,150 [fdb1bdfc-cd38-46a5-a741-21faac0cf152@group-8F56DEC8FDF9-LeaderElection54] INFO  server.RaftServerConfigKeys (ConfUtils.java:logGet(46)) - raft.server.watch.element-limit = 65536 (default)
2024-09-15 17:07:37,150 [fdb1bdfc-cd38-46a5-a741-21faac0cf152@group-8F56DEC8FDF9-LeaderElection54] INFO  server.RaftServerConfigKeys (ConfUtils.java:logGet(46)) - raft.server.read.leader.lease.enabled = false (default)
2024-09-15 17:07:37,150 [fdb1bdfc-cd38-46a5-a741-21faac0cf152@group-8F56DEC8FDF9-LeaderElection54] INFO  server.RaftServerConfigKeys (ConfUtils.java:logGet(46)) - raft.server.read.leader.lease.timeout.ratio = 0.9 (default)
2024-09-15 17:07:37,150 [fdb1bdfc-cd38-46a5-a741-21faac0cf152@group-8F56DEC8FDF9-LeaderElection54] INFO  server.RaftServerConfigKeys (ConfUtils.java:logGet(46)) - raft.server.rpc.timeout.min = 5s (custom)
2024-09-15 17:07:37,150 [fdb1bdfc-cd38-46a5-a741-21faac0cf152@group-8F56DEC8FDF9-LeaderElection54] INFO  server.RaftServerConfigKeys (ConfUtils.java:logGet(46)) - raft.server.log.log-metadata.enabled = true (default)
2024-09-15 17:07:37,150 [fdb1bdfc-cd38-46a5-a741-21faac0cf152@group-8F56DEC8FDF9-LeaderElection54] INFO  server.RaftServerConfigKeys (ConfUtils.java:logGet(46)) - raft.server.write.element-limit = 1024 (custom)
2024-09-15 17:07:37,150 [fdb1bdfc-cd38-46a5-a741-21faac0cf152@group-8F56DEC8FDF9-LeaderElection54] INFO  server.RaftServerConfigKeys (ConfUtils.java:logGet(46)) - raft.server.write.follower.gap.ratio.max = -1.0 (default)
2024-09-15 17:07:37,150 [fdb1bdfc-cd38-46a5-a741-21faac0cf152@group-8F56DEC8FDF9-LeaderElection54] INFO  impl.RoleInfo (RoleInfo.java:updateAndGet(148)) - fdb1bdfc-cd38-46a5-a741-21faac0cf152: start fdb1bdfc-cd38-46a5-a741-21faac0cf152@group-8F56DEC8FDF9-LeaderStateImpl
2024-09-15 17:07:37,150 [fdb1bdfc-cd38-46a5-a741-21faac0cf152@group-8F56DEC8FDF9-LeaderElection54] INFO  server.RaftServer$Division (RaftServerImpl.java:setFirstElection(549)) - fdb1bdfc-cd38-46a5-a741-21faac0cf152@group-8F56DEC8FDF9: set firstElectionSinceStartup to false for becomeLeader
2024-09-15 17:07:37,150 [fdb1bdfc-cd38-46a5-a741-21faac0cf152@group-8F56DEC8FDF9-LeaderElection54] INFO  ratis.XceiverServerRatis (XceiverServerRatis.java:handleLeaderChangedNotification(950)) - Leader change notification received for group: group-8F56DEC8FDF9 with new leaderId: fdb1bdfc-cd38-46a5-a741-21faac0cf152
2024-09-15 17:07:37,150 [fdb1bdfc-cd38-46a5-a741-21faac0cf152@group-8F56DEC8FDF9-LeaderElection54] INFO  server.RaftServer$Division (ServerState.java:setLeader(272)) - fdb1bdfc-cd38-46a5-a741-21faac0cf152@group-8F56DEC8FDF9: change Leader from null to fdb1bdfc-cd38-46a5-a741-21faac0cf152 at term 1 for becomeLeader, leader elected after 5063ms
2024-09-15 17:07:37,150 [fdb1bdfc-cd38-46a5-a741-21faac0cf152@group-8F56DEC8FDF9-LeaderElection54] INFO  segmented.SegmentedRaftLogWorker (SegmentedRaftLogWorker.java:startLogSegment(433)) - fdb1bdfc-cd38-46a5-a741-21faac0cf152@group-8F56DEC8FDF9-SegmentedRaftLogWorker: Starting segment from index:0
2024-09-15 17:07:37,151 [fdb1bdfc-cd38-46a5-a741-21faac0cf152@group-8F56DEC8FDF9-LeaderElection54] INFO  server.RaftServer$Division (ServerState.java:setRaftConf(386)) - fdb1bdfc-cd38-46a5-a741-21faac0cf152@group-8F56DEC8FDF9: set configuration conf: {index: 0, cur=peers:[fdb1bdfc-cd38-46a5-a741-21faac0cf152|127.0.0.1:15189]|listeners:[], old=null}
2024-09-15 17:07:37,151 [fdb1bdfc-cd38-46a5-a741-21faac0cf152@group-8F56DEC8FDF9-SegmentedRaftLogWorker] INFO  segmented.BufferedWriteChannel (BufferedWriteChannel.java:open(61)) - open log_inprogress_0 at position 0
2024-09-15 17:07:37,159 [fdb1bdfc-cd38-46a5-a741-21faac0cf152@group-8F56DEC8FDF9-SegmentedRaftLogWorker] INFO  segmented.SegmentedRaftLogWorker (SegmentedRaftLogWorker.java:execute(637)) - fdb1bdfc-cd38-46a5-a741-21faac0cf152@group-8F56DEC8FDF9-SegmentedRaftLogWorker: created new log segment /home/runner/work/ozone/ozone/hadoop-ozone/integration-test/target/test-dir/MiniOzoneClusterImpl-eca91e6c-a84b-4041-8679-4afba91b5587/ozone-meta/datanode-3/ratis/349c8c24-32be-4db9-8598-8f56dec8fdf9/current/log_inprogress_0
2024-09-15 17:07:37,161 [fdb1bdfc-cd38-46a5-a741-21faac0cf152@group-8F56DEC8FDF9-StateMachineUpdater] INFO  server.RaftServer$Division (LeaderStateImpl.java:checkStartIndex(316)) - Leader fdb1bdfc-cd38-46a5-a741-21faac0cf152@group-8F56DEC8FDF9-LeaderStateImpl is ready since appliedIndex == startIndex == 0
2024-09-15 17:07:37,454 [c2143be1-a980-4ca9-9b44-5c7f6a3ce2c0@group-05952570BAB2-FollowerState] INFO  impl.FollowerState (FollowerState.java:run(144)) - c2143be1-a980-4ca9-9b44-5c7f6a3ce2c0@group-05952570BAB2-FollowerState: change to CANDIDATE, lastRpcElapsedTime:5114972049ns, electionTimeout:5114ms
2024-09-15 17:07:37,454 [c2143be1-a980-4ca9-9b44-5c7f6a3ce2c0@group-05952570BAB2-FollowerState] INFO  impl.RoleInfo (RoleInfo.java:shutdownFollowerState(119)) - c2143be1-a980-4ca9-9b44-5c7f6a3ce2c0: shutdown c2143be1-a980-4ca9-9b44-5c7f6a3ce2c0@group-05952570BAB2-FollowerState
2024-09-15 17:07:37,454 [c2143be1-a980-4ca9-9b44-5c7f6a3ce2c0@group-05952570BAB2-FollowerState] INFO  server.RaftServer$Division (RaftServerImpl.java:setRole(376)) - c2143be1-a980-4ca9-9b44-5c7f6a3ce2c0@group-05952570BAB2: changes role from  FOLLOWER to CANDIDATE at term 0 for changeToCandidate
2024-09-15 17:07:37,455 [c2143be1-a980-4ca9-9b44-5c7f6a3ce2c0@group-05952570BAB2-FollowerState] INFO  server.RaftServerConfigKeys (ConfUtils.java:logGet(46)) - raft.server.leaderelection.pre-vote = true (default)
2024-09-15 17:07:37,455 [c2143be1-a980-4ca9-9b44-5c7f6a3ce2c0@group-05952570BAB2-FollowerState] INFO  impl.RoleInfo (RoleInfo.java:updateAndGet(148)) - c2143be1-a980-4ca9-9b44-5c7f6a3ce2c0: start c2143be1-a980-4ca9-9b44-5c7f6a3ce2c0@group-05952570BAB2-LeaderElection55
2024-09-15 17:07:37,455 [c2143be1-a980-4ca9-9b44-5c7f6a3ce2c0@group-05952570BAB2-LeaderElection55] INFO  impl.LeaderElection (LeaderElection.java:askForVotes(321)) - c2143be1-a980-4ca9-9b44-5c7f6a3ce2c0@group-05952570BAB2-LeaderElection55 PRE_VOTE round 0: submit vote requests at term 0 for conf: {index: -1, cur=peers:[c2143be1-a980-4ca9-9b44-5c7f6a3ce2c0|127.0.0.1:15198]|listeners:[], old=null}
2024-09-15 17:07:37,455 [c2143be1-a980-4ca9-9b44-5c7f6a3ce2c0@group-05952570BAB2-LeaderElection55] INFO  impl.LeaderElection (LeaderElection.java:askForVotes(323)) - c2143be1-a980-4ca9-9b44-5c7f6a3ce2c0@group-05952570BAB2-LeaderElection55 PRE_VOTE round 0: result PASSED (term=0)
2024-09-15 17:07:37,456 [c2143be1-a980-4ca9-9b44-5c7f6a3ce2c0@group-05952570BAB2-LeaderElection55] INFO  impl.LeaderElection (LeaderElection.java:askForVotes(321)) - c2143be1-a980-4ca9-9b44-5c7f6a3ce2c0@group-05952570BAB2-LeaderElection55 ELECTION round 0: submit vote requests at term 1 for conf: {index: -1, cur=peers:[c2143be1-a980-4ca9-9b44-5c7f6a3ce2c0|127.0.0.1:15198]|listeners:[], old=null}
2024-09-15 17:07:37,457 [c2143be1-a980-4ca9-9b44-5c7f6a3ce2c0@group-05952570BAB2-LeaderElection55] INFO  impl.LeaderElection (LeaderElection.java:askForVotes(323)) - c2143be1-a980-4ca9-9b44-5c7f6a3ce2c0@group-05952570BAB2-LeaderElection55 ELECTION round 0: result PASSED (term=1)
2024-09-15 17:07:37,457 [c2143be1-a980-4ca9-9b44-5c7f6a3ce2c0@group-05952570BAB2-LeaderElection55] INFO  impl.RoleInfo (RoleInfo.java:shutdownLeaderElection(139)) - c2143be1-a980-4ca9-9b44-5c7f6a3ce2c0: shutdown c2143be1-a980-4ca9-9b44-5c7f6a3ce2c0@group-05952570BAB2-LeaderElection55
2024-09-15 17:07:37,457 [c2143be1-a980-4ca9-9b44-5c7f6a3ce2c0@group-05952570BAB2-LeaderElection55] INFO  server.RaftServer$Division (RaftServerImpl.java:setRole(376)) - c2143be1-a980-4ca9-9b44-5c7f6a3ce2c0@group-05952570BAB2: changes role from CANDIDATE to LEADER at term 1 for changeToLeader
2024-09-15 17:07:37,457 [c2143be1-a980-4ca9-9b44-5c7f6a3ce2c0@group-05952570BAB2-LeaderElection55] INFO  server.RaftServerConfigKeys (ConfUtils.java:logGet(46)) - raft.server.staging.catchup.gap = 1000 (default)
2024-09-15 17:07:37,457 [c2143be1-a980-4ca9-9b44-5c7f6a3ce2c0@group-05952570BAB2-LeaderElection55] INFO  server.RaftServerConfigKeys (ConfUtils.java:logGet(46)) - raft.server.write.element-limit = 1024 (custom)
2024-09-15 17:07:37,457 [c2143be1-a980-4ca9-9b44-5c7f6a3ce2c0@group-05952570BAB2-LeaderElection55] INFO  server.RaftServerConfigKeys (ConfUtils.java:logGet(46)) - raft.server.write.byte-limit = 1024 M (=1073741824) (custom)
2024-09-15 17:07:37,457 [c2143be1-a980-4ca9-9b44-5c7f6a3ce2c0@group-05952570BAB2-LeaderElection55] INFO  server.RaftServerConfigKeys (ConfUtils.java:logGet(46)) - raft.server.watch.timeout = 3000ms (custom)
2024-09-15 17:07:37,457 [c2143be1-a980-4ca9-9b44-5c7f6a3ce2c0@group-05952570BAB2-LeaderElection55] INFO  server.RaftServerConfigKeys (ConfUtils.java:logGet(46)) - raft.server.watch.timeout.denomination = 1s (default)
2024-09-15 17:07:37,457 [c2143be1-a980-4ca9-9b44-5c7f6a3ce2c0@group-05952570BAB2-LeaderElection55] INFO  server.RaftServerConfigKeys (ConfUtils.java:logGet(46)) - raft.server.watch.element-limit = 65536 (default)
2024-09-15 17:07:37,458 [c2143be1-a980-4ca9-9b44-5c7f6a3ce2c0@group-05952570BAB2-LeaderElection55] INFO  server.RaftServerConfigKeys (ConfUtils.java:logGet(46)) - raft.server.read.leader.lease.enabled = false (default)
2024-09-15 17:07:37,458 [c2143be1-a980-4ca9-9b44-5c7f6a3ce2c0@group-05952570BAB2-LeaderElection55] INFO  server.RaftServerConfigKeys (ConfUtils.java:logGet(46)) - raft.server.read.leader.lease.timeout.ratio = 0.9 (default)
2024-09-15 17:07:37,458 [c2143be1-a980-4ca9-9b44-5c7f6a3ce2c0@group-05952570BAB2-LeaderElection55] INFO  server.RaftServerConfigKeys (ConfUtils.java:logGet(46)) - raft.server.rpc.timeout.min = 5s (custom)
2024-09-15 17:07:37,458 [c2143be1-a980-4ca9-9b44-5c7f6a3ce2c0@group-05952570BAB2-LeaderElection55] INFO  server.RaftServerConfigKeys (ConfUtils.java:logGet(46)) - raft.server.log.log-metadata.enabled = true (default)
2024-09-15 17:07:37,458 [c2143be1-a980-4ca9-9b44-5c7f6a3ce2c0@group-05952570BAB2-LeaderElection55] INFO  server.RaftServerConfigKeys (ConfUtils.java:logGet(46)) - raft.server.write.element-limit = 1024 (custom)
2024-09-15 17:07:37,458 [c2143be1-a980-4ca9-9b44-5c7f6a3ce2c0@group-05952570BAB2-LeaderElection55] INFO  server.RaftServerConfigKeys (ConfUtils.java:logGet(46)) - raft.server.write.follower.gap.ratio.max = -1.0 (default)
2024-09-15 17:07:37,458 [c2143be1-a980-4ca9-9b44-5c7f6a3ce2c0@group-05952570BAB2-LeaderElection55] INFO  impl.RoleInfo (RoleInfo.java:updateAndGet(148)) - c2143be1-a980-4ca9-9b44-5c7f6a3ce2c0: start c2143be1-a980-4ca9-9b44-5c7f6a3ce2c0@group-05952570BAB2-LeaderStateImpl
2024-09-15 17:07:37,458 [c2143be1-a980-4ca9-9b44-5c7f6a3ce2c0@group-05952570BAB2-LeaderElection55] INFO  server.RaftServer$Division (RaftServerImpl.java:setFirstElection(549)) - c2143be1-a980-4ca9-9b44-5c7f6a3ce2c0@group-05952570BAB2: set firstElectionSinceStartup to false for becomeLeader
2024-09-15 17:07:37,458 [c2143be1-a980-4ca9-9b44-5c7f6a3ce2c0@group-05952570BAB2-LeaderElection55] INFO  ratis.XceiverServerRatis (XceiverServerRatis.java:handleLeaderChangedNotification(950)) - Leader change notification received for group: group-05952570BAB2 with new leaderId: c2143be1-a980-4ca9-9b44-5c7f6a3ce2c0
2024-09-15 17:07:37,458 [c2143be1-a980-4ca9-9b44-5c7f6a3ce2c0@group-05952570BAB2-LeaderElection55] INFO  server.RaftServer$Division (ServerState.java:setLeader(272)) - c2143be1-a980-4ca9-9b44-5c7f6a3ce2c0@group-05952570BAB2: change Leader from null to c2143be1-a980-4ca9-9b44-5c7f6a3ce2c0 at term 1 for becomeLeader, leader elected after 5131ms
2024-09-15 17:07:37,458 [c2143be1-a980-4ca9-9b44-5c7f6a3ce2c0@group-05952570BAB2-LeaderElection55] INFO  segmented.SegmentedRaftLogWorker (SegmentedRaftLogWorker.java:startLogSegment(433)) - c2143be1-a980-4ca9-9b44-5c7f6a3ce2c0@group-05952570BAB2-SegmentedRaftLogWorker: Starting segment from index:0
2024-09-15 17:07:37,458 [c2143be1-a980-4ca9-9b44-5c7f6a3ce2c0@group-05952570BAB2-LeaderElection55] INFO  server.RaftServer$Division (ServerState.java:setRaftConf(386)) - c2143be1-a980-4ca9-9b44-5c7f6a3ce2c0@group-05952570BAB2: set configuration conf: {index: 0, cur=peers:[c2143be1-a980-4ca9-9b44-5c7f6a3ce2c0|127.0.0.1:15198]|listeners:[], old=null}
2024-09-15 17:07:37,459 [c2143be1-a980-4ca9-9b44-5c7f6a3ce2c0@group-05952570BAB2-SegmentedRaftLogWorker] INFO  segmented.BufferedWriteChannel (BufferedWriteChannel.java:open(61)) - open log_inprogress_0 at position 0
2024-09-15 17:07:37,469 [c2143be1-a980-4ca9-9b44-5c7f6a3ce2c0@group-05952570BAB2-SegmentedRaftLogWorker] INFO  segmented.SegmentedRaftLogWorker (SegmentedRaftLogWorker.java:execute(637)) - c2143be1-a980-4ca9-9b44-5c7f6a3ce2c0@group-05952570BAB2-SegmentedRaftLogWorker: created new log segment /home/runner/work/ozone/ozone/hadoop-ozone/integration-test/target/test-dir/MiniOzoneClusterImpl-eca91e6c-a84b-4041-8679-4afba91b5587/ozone-meta/datanode-4/ratis/fac42d6e-3b68-4e87-9f93-05952570bab2/current/log_inprogress_0
2024-09-15 17:07:37,471 [c2143be1-a980-4ca9-9b44-5c7f6a3ce2c0@group-05952570BAB2-StateMachineUpdater] INFO  server.RaftServer$Division (LeaderStateImpl.java:checkStartIndex(316)) - Leader c2143be1-a980-4ca9-9b44-5c7f6a3ce2c0@group-05952570BAB2-LeaderStateImpl is ready since appliedIndex == startIndex == 0
2024-09-15 17:07:37,570 [main] INFO  ozone.MiniOzoneClusterImpl (MiniOzoneClusterImpl.java:lambda$waitForClusterToBeReady$0(198)) - Nodes are ready. Got 5 of 5 DN Heartbeats.
2024-09-15 17:07:37,570 [main] INFO  ozone.MiniOzoneClusterImpl (MiniOzoneClusterImpl.java:lambda$waitForClusterToBeReady$0(201)) - Cluster exits safe mode
2024-09-15 17:07:37,570 [main] INFO  ozone.MiniOzoneClusterImpl (MiniOzoneClusterImpl.java:lambda$waitForClusterToBeReady$0(203)) - SCM became leader
2024-09-15 17:07:37,574 [main] INFO  rpc.RpcClient (RpcClient.java:createVolume(486)) - Creating Volume: testblockoutputstream, with runner as owner and space quota set to -1 bytes, counts quota set to -1
2024-09-15 17:07:37,577 [om1-OMStateMachineApplyTransactionThread - 0] INFO  volume.OMVolumeCreateRequest (OMVolumeCreateRequest.java:validateAndUpdateCache(198)) - created volume:testblockoutputstream for user:runner
2024-09-15 17:07:37,579 [main] INFO  rpc.RpcClient (RpcClient.java:createBucket(712)) - Creating Bucket: testblockoutputstream/testblockoutputstream, with server-side default bucket layout, runner as owner, Versioning false, Storage Type set to DISK and Encryption set to false, Replication Type set to server-side default replication type, Namespace Quota set to -1, Space Quota set to -1 
2024-09-15 17:07:37,581 [om1-OMStateMachineApplyTransactionThread - 0] INFO  bucket.OMBucketCreateRequest (OMBucketCreateRequest.java:validateAndUpdateCache(293)) - created bucket: testblockoutputstream of layout FILE_SYSTEM_OPTIMIZED in volume: testblockoutputstream
2024-09-15 17:07:37,592 [IPC Server handler 2 on default port 15160] INFO  ha.SequenceIdGenerator (SequenceIdGenerator.java:getNextId(144)) - Allocate a batch for containerId, change lastId from 0 to 1000.
2024-09-15 17:07:37,593 [IPC Server handler 2 on default port 15160] WARN  ha.SequenceIdGenerator (SequenceIdGenerator.java:allocateBatch(257)) - Failed to allocate a batch for localId, expected lastId is 0, actual lastId is 113750153625600000.
2024-09-15 17:07:37,593 [IPC Server handler 2 on default port 15160] INFO  ha.SequenceIdGenerator (SequenceIdGenerator.java:getNextId(144)) - Allocate a batch for localId, change lastId from 113750153625600000 to 113750153625601000.
2024-09-15 17:07:37,652 [main] INFO  ozoneimpl.OzoneContainer (OzoneContainer.java:stop(497)) - Attempting to stop container services.
2024-09-15 17:07:37,652 [ContainerMetadataScanner] WARN  ozoneimpl.AbstractBackgroundContainerScanner (AbstractBackgroundContainerScanner.java:handleRemainingSleep(134)) - Background container scan was interrupted.
2024-09-15 17:07:37,652 [ContainerMetadataScanner] INFO  ozoneimpl.AbstractBackgroundContainerScanner (AbstractBackgroundContainerScanner.java:run(61)) - Thread[ContainerMetadataScanner,5,main] exiting.
2024-09-15 17:07:37,653 [main] INFO  ozoneimpl.BackgroundContainerDataScanner (BackgroundContainerDataScanner.java:shutdown(141)) - ContainerDataScanner(/home/runner/work/ozone/ozone/hadoop-ozone/integration-test/target/test-dir/MiniOzoneClusterImpl-eca91e6c-a84b-4041-8679-4afba91b5587/ozone-meta/datanode-2/data-0/hdds) is shutting down. 
2024-09-15 17:07:37,653 [ContainerDataScanner(/home/runner/work/ozone/ozone/hadoop-ozone/integration-test/target/test-dir/MiniOzoneClusterImpl-eca91e6c-a84b-4041-8679-4afba91b5587/ozone-meta/datanode-2/data-0/hdds)] WARN  ozoneimpl.AbstractBackgroundContainerScanner (AbstractBackgroundContainerScanner.java:handleRemainingSleep(134)) - Background container scan was interrupted.
2024-09-15 17:07:37,653 [ContainerDataScanner(/home/runner/work/ozone/ozone/hadoop-ozone/integration-test/target/test-dir/MiniOzoneClusterImpl-eca91e6c-a84b-4041-8679-4afba91b5587/ozone-meta/datanode-2/data-0/hdds)] INFO  ozoneimpl.AbstractBackgroundContainerScanner (AbstractBackgroundContainerScanner.java:run(61)) - ContainerDataScanner(/home/runner/work/ozone/ozone/hadoop-ozone/integration-test/target/test-dir/MiniOzoneClusterImpl-eca91e6c-a84b-4041-8679-4afba91b5587/ozone-meta/datanode-2/data-0/hdds, DS-5b6e1247-03f2-49d1-bae4-270bedc4c5c7) exiting.
2024-09-15 17:07:37,654 [main] INFO  ozoneimpl.OnDemandContainerDataScanner (OnDemandContainerDataScanner.java:shutdownScanner(206)) - On-demand container scanner is shutting down.
2024-09-15 17:07:37,654 [main] INFO  ratis.XceiverServerRatis (XceiverServerRatis.java:stop(596)) - Stopping XceiverServerRatis 61f1eb6c-dc17-4b0b-858b-0bb1b85057d5
2024-09-15 17:07:37,654 [main] INFO  server.RaftServer (RaftServerProxy.java:lambda$close$9(418)) - 61f1eb6c-dc17-4b0b-858b-0bb1b85057d5: close
2024-09-15 17:07:37,654 [61f1eb6c-dc17-4b0b-858b-0bb1b85057d5-impl-thread1] INFO  server.RaftServer$Division (RaftServerImpl.java:lambda$close$1(501)) - 61f1eb6c-dc17-4b0b-858b-0bb1b85057d5@group-9F891B4926A6: shutdown
2024-09-15 17:07:37,655 [61f1eb6c-dc17-4b0b-858b-0bb1b85057d5-impl-thread1] INFO  util.JmxRegister (JmxRegister.java:unregister(74)) - Successfully un-registered JMX Bean with object name Ratis:service=RaftServer,group=group-9F891B4926A6,id=61f1eb6c-dc17-4b0b-858b-0bb1b85057d5
2024-09-15 17:07:37,655 [61f1eb6c-dc17-4b0b-858b-0bb1b85057d5-impl-thread1] INFO  impl.RoleInfo (RoleInfo.java:shutdownLeaderState(103)) - 61f1eb6c-dc17-4b0b-858b-0bb1b85057d5: shutdown 61f1eb6c-dc17-4b0b-858b-0bb1b85057d5@group-9F891B4926A6-LeaderStateImpl
2024-09-15 17:07:37,655 [61f1eb6c-dc17-4b0b-858b-0bb1b85057d5-impl-thread1] INFO  impl.PendingRequests (PendingRequests.java:sendNotLeaderResponses(287)) - 61f1eb6c-dc17-4b0b-858b-0bb1b85057d5@group-9F891B4926A6-PendingRequests: sendNotLeaderResponses
2024-09-15 17:07:37,655 [61f1eb6c-dc17-4b0b-858b-0bb1b85057d5@group-9F891B4926A6->fdb1bdfc-cd38-46a5-a741-21faac0cf152-GrpcLogAppender-LogAppenderDaemon] WARN  server.GrpcLogAppender (GrpcLogAppender.java:mayWait(293)) - 61f1eb6c-dc17-4b0b-858b-0bb1b85057d5@group-9F891B4926A6->fdb1bdfc-cd38-46a5-a741-21faac0cf152-GrpcLogAppender: Wait interrupted by java.lang.InterruptedException
2024-09-15 17:07:37,655 [grpc-default-executor-5] INFO  server.GrpcServerProtocolService (GrpcServerProtocolService.java:onCompleted(157)) - fdb1bdfc-cd38-46a5-a741-21faac0cf152: Completed APPEND_ENTRIES, lastRequest: null
2024-09-15 17:07:37,655 [61f1eb6c-dc17-4b0b-858b-0bb1b85057d5@group-9F891B4926A6->62362ab0-30ae-49fa-a673-0da439c77b8d-GrpcLogAppender-LogAppenderDaemon] WARN  server.GrpcLogAppender (GrpcLogAppender.java:mayWait(293)) - 61f1eb6c-dc17-4b0b-858b-0bb1b85057d5@group-9F891B4926A6->62362ab0-30ae-49fa-a673-0da439c77b8d-GrpcLogAppender: Wait interrupted by java.lang.InterruptedException
2024-09-15 17:07:37,655 [61f1eb6c-dc17-4b0b-858b-0bb1b85057d5-impl-thread2] INFO  server.RaftServer$Division (RaftServerImpl.java:lambda$close$1(501)) - 61f1eb6c-dc17-4b0b-858b-0bb1b85057d5@group-E5F3E020C69C: shutdown
2024-09-15 17:07:37,656 [61f1eb6c-dc17-4b0b-858b-0bb1b85057d5-impl-thread2] INFO  util.JmxRegister (JmxRegister.java:unregister(74)) - Successfully un-registered JMX Bean with object name Ratis:service=RaftServer,group=group-E5F3E020C69C,id=61f1eb6c-dc17-4b0b-858b-0bb1b85057d5
2024-09-15 17:07:37,656 [61f1eb6c-dc17-4b0b-858b-0bb1b85057d5-impl-thread2] INFO  impl.RoleInfo (RoleInfo.java:shutdownLeaderState(103)) - 61f1eb6c-dc17-4b0b-858b-0bb1b85057d5: shutdown 61f1eb6c-dc17-4b0b-858b-0bb1b85057d5@group-E5F3E020C69C-LeaderStateImpl
2024-09-15 17:07:37,656 [61f1eb6c-dc17-4b0b-858b-0bb1b85057d5-impl-thread2] INFO  impl.PendingRequests (PendingRequests.java:sendNotLeaderResponses(287)) - 61f1eb6c-dc17-4b0b-858b-0bb1b85057d5@group-E5F3E020C69C-PendingRequests: sendNotLeaderResponses
2024-09-15 17:07:37,656 [grpc-default-executor-3] INFO  server.GrpcServerProtocolService (GrpcServerProtocolService.java:onCompleted(157)) - 62362ab0-30ae-49fa-a673-0da439c77b8d: Completed APPEND_ENTRIES, lastRequest: null
2024-09-15 17:07:37,656 [grpc-default-executor-3] INFO  server.GrpcServerProtocolService (GrpcServerProtocolService.java:lambda$onCompleted$5(159)) - 62362ab0-30ae-49fa-a673-0da439c77b8d: Completed APPEND_ENTRIES, lastReply: serverReply {
  requestorId: "61f1eb6c-dc17-4b0b-858b-0bb1b85057d5"
  replyId: "62362ab0-30ae-49fa-a673-0da439c77b8d"
  raftGroupId {
    id: "\377\3516\341\220\260F\300\277\034\237\211\033I&\246"
  }
  success: true
}
term: 1
followerCommit: 18446744073709551615
matchIndex: 18446744073709551615
isHearbeat: true

2024-09-15 17:07:37,655 [grpc-default-executor-5] INFO  server.GrpcServerProtocolService (GrpcServerProtocolService.java:lambda$onCompleted$5(159)) - fdb1bdfc-cd38-46a5-a741-21faac0cf152: Completed APPEND_ENTRIES, lastReply: serverReply {
  requestorId: "61f1eb6c-dc17-4b0b-858b-0bb1b85057d5"
  replyId: "fdb1bdfc-cd38-46a5-a741-21faac0cf152"
  raftGroupId {
    id: "\377\3516\341\220\260F\300\277\034\237\211\033I&\246"
  }
  success: true
}
term: 1
followerCommit: 18446744073709551615
matchIndex: 18446744073709551615
isHearbeat: true

2024-09-15 17:07:37,657 [grpc-default-executor-3] INFO  server.GrpcLogAppender (GrpcLogAppender.java:onCompleted(550)) - 61f1eb6c-dc17-4b0b-858b-0bb1b85057d5@group-9F891B4926A6->fdb1bdfc-cd38-46a5-a741-21faac0cf152-AppendLogResponseHandler: follower responses appendEntries COMPLETED
2024-09-15 17:07:37,661 [61f1eb6c-dc17-4b0b-858b-0bb1b85057d5-impl-thread1] INFO  impl.StateMachineUpdater (StateMachineUpdater.java:stopAndJoin(164)) - 61f1eb6c-dc17-4b0b-858b-0bb1b85057d5@group-9F891B4926A6-StateMachineUpdater: set stopIndex = 0
2024-09-15 17:07:37,662 [61f1eb6c-dc17-4b0b-858b-0bb1b85057d5@group-9F891B4926A6-StateMachineUpdater] INFO  ratis.ContainerStateMachine (ContainerStateMachine.java:takeSnapshot(363)) - group-9F891B4926A6: Taking a snapshot at:(t:1, i:0) file /home/runner/work/ozone/ozone/hadoop-ozone/integration-test/target/test-dir/MiniOzoneClusterImpl-eca91e6c-a84b-4041-8679-4afba91b5587/ozone-meta/datanode-2/ratis/ffe936e1-90b0-46c0-bf1c-9f891b4926a6/sm/snapshot.1_0
2024-09-15 17:07:37,662 [grpc-default-executor-3] INFO  server.GrpcLogAppender (GrpcLogAppender.java:onCompleted(550)) - 61f1eb6c-dc17-4b0b-858b-0bb1b85057d5@group-9F891B4926A6->62362ab0-30ae-49fa-a673-0da439c77b8d-AppendLogResponseHandler: follower responses appendEntries COMPLETED
2024-09-15 17:07:37,662 [61f1eb6c-dc17-4b0b-858b-0bb1b85057d5@group-9F891B4926A6-StateMachineUpdater] INFO  ratis.ContainerStateMachine (ContainerStateMachine.java:takeSnapshot(374)) - group-9F891B4926A6: Finished taking a snapshot at:(t:1, i:0) file:/home/runner/work/ozone/ozone/hadoop-ozone/integration-test/target/test-dir/MiniOzoneClusterImpl-eca91e6c-a84b-4041-8679-4afba91b5587/ozone-meta/datanode-2/ratis/ffe936e1-90b0-46c0-bf1c-9f891b4926a6/sm/snapshot.1_0 took: 1 ms
2024-09-15 17:07:37,663 [61f1eb6c-dc17-4b0b-858b-0bb1b85057d5@group-9F891B4926A6-StateMachineUpdater] INFO  impl.StateMachineUpdater (StateMachineUpdater.java:takeSnapshot(303)) - 61f1eb6c-dc17-4b0b-858b-0bb1b85057d5@group-9F891B4926A6-StateMachineUpdater: Took a snapshot at index 0
2024-09-15 17:07:37,663 [61f1eb6c-dc17-4b0b-858b-0bb1b85057d5@group-9F891B4926A6-StateMachineUpdater] INFO  impl.StateMachineUpdater (StateMachineUpdater.java:lambda$new$0(102)) - 61f1eb6c-dc17-4b0b-858b-0bb1b85057d5@group-9F891B4926A6-StateMachineUpdater: snapshotIndex: updateIncreasingly -1 -> 0
2024-09-15 17:07:37,663 [61f1eb6c-dc17-4b0b-858b-0bb1b85057d5@group-9F891B4926A6-StateMachineUpdater] INFO  impl.StateMachineUpdater (StateMachineUpdater.java:stop(141)) - 61f1eb6c-dc17-4b0b-858b-0bb1b85057d5@group-9F891B4926A6-StateMachineUpdater: closing ContainerStateMachine, lastApplied=(t:1, i:0)
2024-09-15 17:07:37,663 [61f1eb6c-dc17-4b0b-858b-0bb1b85057d5@group-9F891B4926A6-cacheEviction-AwaitToRun] INFO  util.AwaitToRun (AwaitToRun.java:run(49)) - 61f1eb6c-dc17-4b0b-858b-0bb1b85057d5@group-9F891B4926A6-cacheEviction-AwaitToRun-AwaitForSignal is interrupted
2024-09-15 17:07:37,663 [61f1eb6c-dc17-4b0b-858b-0bb1b85057d5-impl-thread3] INFO  server.RaftServer$Division (RaftServerImpl.java:lambda$close$1(501)) - 61f1eb6c-dc17-4b0b-858b-0bb1b85057d5@group-4522AB183087: shutdown
2024-09-15 17:07:37,663 [61f1eb6c-dc17-4b0b-858b-0bb1b85057d5-impl-thread3] INFO  util.JmxRegister (JmxRegister.java:unregister(74)) - Successfully un-registered JMX Bean with object name Ratis:service=RaftServer,group=group-4522AB183087,id=61f1eb6c-dc17-4b0b-858b-0bb1b85057d5
2024-09-15 17:07:37,663 [61f1eb6c-dc17-4b0b-858b-0bb1b85057d5-impl-thread3] INFO  impl.RoleInfo (RoleInfo.java:shutdownFollowerState(119)) - 61f1eb6c-dc17-4b0b-858b-0bb1b85057d5: shutdown 61f1eb6c-dc17-4b0b-858b-0bb1b85057d5@group-4522AB183087-FollowerState
2024-09-15 17:07:37,664 [61f1eb6c-dc17-4b0b-858b-0bb1b85057d5@group-4522AB183087-StateMachineUpdater] INFO  impl.StateMachineUpdater (StateMachineUpdater.java:stop(141)) - 61f1eb6c-dc17-4b0b-858b-0bb1b85057d5@group-4522AB183087-StateMachineUpdater: closing ContainerStateMachine, lastApplied=(t:0, i:~)
2024-09-15 17:07:37,664 [61f1eb6c-dc17-4b0b-858b-0bb1b85057d5@group-4522AB183087-FollowerState] INFO  impl.FollowerState (FollowerState.java:run(153)) - 61f1eb6c-dc17-4b0b-858b-0bb1b85057d5@group-4522AB183087-FollowerState was interrupted
2024-09-15 17:07:37,664 [61f1eb6c-dc17-4b0b-858b-0bb1b85057d5-impl-thread3] INFO  impl.StateMachineUpdater (StateMachineUpdater.java:stopAndJoin(164)) - 61f1eb6c-dc17-4b0b-858b-0bb1b85057d5@group-4522AB183087-StateMachineUpdater: set stopIndex = -1
2024-09-15 17:07:37,664 [61f1eb6c-dc17-4b0b-858b-0bb1b85057d5@group-4522AB183087-cacheEviction-AwaitToRun] INFO  util.AwaitToRun (AwaitToRun.java:run(49)) - 61f1eb6c-dc17-4b0b-858b-0bb1b85057d5@group-4522AB183087-cacheEviction-AwaitToRun-AwaitForSignal is interrupted
2024-09-15 17:07:37,665 [grpc-default-executor-2] INFO  server.GrpcServerProtocolService (GrpcServerProtocolService.java:onCompleted(157)) - 62362ab0-30ae-49fa-a673-0da439c77b8d: Completed APPEND_ENTRIES, lastRequest: 61f1eb6c-dc17-4b0b-858b-0bb1b85057d5->62362ab0-30ae-49fa-a673-0da439c77b8d#1-t1,previous=(t:0, i:0),leaderCommit=-1,initializing? false,entries: size=1, first=(t:1, i:0), CONFIGURATIONENTRY(current:id:"62362ab0-30ae-49fa-a673-0da439c77b8d"address:"127.0.0.1:15171"dataStreamAddress:"127.0.0.1:15174"clientAddress:"127.0.0.1:15171"adminAddress:"127.0.0.1:15171"startupRole:FOLLOWER, id:"fdb1bdfc-cd38-46a5-a741-21faac0cf152"address:"127.0.0.1:15189"dataStreamAddress:"127.0.0.1:15192"clientAddress:"127.0.0.1:15189"adminAddress:"127.0.0.1:15189"startupRole:FOLLOWER, id:"61f1eb6c-dc17-4b0b-858b-0bb1b85057d5"address:"127.0.0.1:15180"priority:1dataStreamAddress:"127.0.0.1:15183"clientAddress:"127.0.0.1:15180"adminAddress:"127.0.0.1:15180"startupRole:FOLLOWER, old:)
2024-09-15 17:07:37,665 [grpc-default-executor-2] INFO  server.GrpcServerProtocolService (GrpcServerProtocolService.java:lambda$onCompleted$5(159)) - 62362ab0-30ae-49fa-a673-0da439c77b8d: Completed APPEND_ENTRIES, lastReply: null
2024-09-15 17:07:37,666 [grpc-default-executor-4] INFO  server.GrpcServerProtocolService (GrpcServerProtocolService.java:onCompleted(157)) - fdb1bdfc-cd38-46a5-a741-21faac0cf152: Completed APPEND_ENTRIES, lastRequest: 61f1eb6c-dc17-4b0b-858b-0bb1b85057d5->fdb1bdfc-cd38-46a5-a741-21faac0cf152#1-t1,previous=(t:0, i:0),leaderCommit=-1,initializing? false,entries: size=1, first=(t:1, i:0), CONFIGURATIONENTRY(current:id:"62362ab0-30ae-49fa-a673-0da439c77b8d"address:"127.0.0.1:15171"dataStreamAddress:"127.0.0.1:15174"clientAddress:"127.0.0.1:15171"adminAddress:"127.0.0.1:15171"startupRole:FOLLOWER, id:"fdb1bdfc-cd38-46a5-a741-21faac0cf152"address:"127.0.0.1:15189"dataStreamAddress:"127.0.0.1:15192"clientAddress:"127.0.0.1:15189"adminAddress:"127.0.0.1:15189"startupRole:FOLLOWER, id:"61f1eb6c-dc17-4b0b-858b-0bb1b85057d5"address:"127.0.0.1:15180"priority:1dataStreamAddress:"127.0.0.1:15183"clientAddress:"127.0.0.1:15180"adminAddress:"127.0.0.1:15180"startupRole:FOLLOWER, old:)
2024-09-15 17:07:37,666 [grpc-default-executor-4] INFO  server.GrpcServerProtocolService (GrpcServerProtocolService.java:lambda$onCompleted$5(159)) - fdb1bdfc-cd38-46a5-a741-21faac0cf152: Completed APPEND_ENTRIES, lastReply: null
2024-09-15 17:07:37,666 [61f1eb6c-dc17-4b0b-858b-0bb1b85057d5-impl-thread2] INFO  impl.StateMachineUpdater (StateMachineUpdater.java:stopAndJoin(164)) - 61f1eb6c-dc17-4b0b-858b-0bb1b85057d5@group-E5F3E020C69C-StateMachineUpdater: set stopIndex = 0
2024-09-15 17:07:37,666 [61f1eb6c-dc17-4b0b-858b-0bb1b85057d5@group-E5F3E020C69C-StateMachineUpdater] INFO  ratis.ContainerStateMachine (ContainerStateMachine.java:takeSnapshot(363)) - group-E5F3E020C69C: Taking a snapshot at:(t:1, i:0) file /home/runner/work/ozone/ozone/hadoop-ozone/integration-test/target/test-dir/MiniOzoneClusterImpl-eca91e6c-a84b-4041-8679-4afba91b5587/ozone-meta/datanode-2/ratis/bb0751b5-e24a-4f27-8882-e5f3e020c69c/sm/snapshot.1_0
2024-09-15 17:07:37,666 [grpc-default-executor-5] INFO  server.GrpcLogAppender (GrpcLogAppender.java:onCompleted(550)) - 61f1eb6c-dc17-4b0b-858b-0bb1b85057d5@group-9F891B4926A6->62362ab0-30ae-49fa-a673-0da439c77b8d-AppendLogResponseHandler: follower responses appendEntries COMPLETED
2024-09-15 17:07:37,666 [grpc-default-executor-2] INFO  server.GrpcLogAppender (GrpcLogAppender.java:onCompleted(550)) - 61f1eb6c-dc17-4b0b-858b-0bb1b85057d5@group-9F891B4926A6->fdb1bdfc-cd38-46a5-a741-21faac0cf152-AppendLogResponseHandler: follower responses appendEntries COMPLETED
2024-09-15 17:07:37,667 [61f1eb6c-dc17-4b0b-858b-0bb1b85057d5@group-E5F3E020C69C-StateMachineUpdater] INFO  ratis.ContainerStateMachine (ContainerStateMachine.java:takeSnapshot(374)) - group-E5F3E020C69C: Finished taking a snapshot at:(t:1, i:0) file:/home/runner/work/ozone/ozone/hadoop-ozone/integration-test/target/test-dir/MiniOzoneClusterImpl-eca91e6c-a84b-4041-8679-4afba91b5587/ozone-meta/datanode-2/ratis/bb0751b5-e24a-4f27-8882-e5f3e020c69c/sm/snapshot.1_0 took: 1 ms
2024-09-15 17:07:37,667 [61f1eb6c-dc17-4b0b-858b-0bb1b85057d5@group-E5F3E020C69C-StateMachineUpdater] INFO  impl.StateMachineUpdater (StateMachineUpdater.java:takeSnapshot(303)) - 61f1eb6c-dc17-4b0b-858b-0bb1b85057d5@group-E5F3E020C69C-StateMachineUpdater: Took a snapshot at index 0
2024-09-15 17:07:37,667 [61f1eb6c-dc17-4b0b-858b-0bb1b85057d5@group-E5F3E020C69C-StateMachineUpdater] INFO  impl.StateMachineUpdater (StateMachineUpdater.java:lambda$new$0(102)) - 61f1eb6c-dc17-4b0b-858b-0bb1b85057d5@group-E5F3E020C69C-StateMachineUpdater: snapshotIndex: updateIncreasingly -1 -> 0
2024-09-15 17:07:37,667 [61f1eb6c-dc17-4b0b-858b-0bb1b85057d5@group-E5F3E020C69C-StateMachineUpdater] INFO  impl.StateMachineUpdater (StateMachineUpdater.java:stop(141)) - 61f1eb6c-dc17-4b0b-858b-0bb1b85057d5@group-E5F3E020C69C-StateMachineUpdater: closing ContainerStateMachine, lastApplied=(t:1, i:0)
2024-09-15 17:07:37,667 [61f1eb6c-dc17-4b0b-858b-0bb1b85057d5@group-E5F3E020C69C-cacheEviction-AwaitToRun] INFO  util.AwaitToRun (AwaitToRun.java:run(49)) - 61f1eb6c-dc17-4b0b-858b-0bb1b85057d5@group-E5F3E020C69C-cacheEviction-AwaitToRun-AwaitForSignal is interrupted
2024-09-15 17:07:37,669 [main] INFO  server.GrpcService (GrpcService.java:closeImpl(311)) - 61f1eb6c-dc17-4b0b-858b-0bb1b85057d5: shutdown server GrpcServerProtocolService now
2024-09-15 17:07:37,670 [61f1eb6c-dc17-4b0b-858b-0bb1b85057d5-impl-thread4] INFO  server.RaftServer$Division (RaftServerImpl.java:lambda$close$1(501)) - 61f1eb6c-dc17-4b0b-858b-0bb1b85057d5@group-97AB3179636B: shutdown
2024-09-15 17:07:37,670 [grpc-default-executor-5] WARN  server.GrpcServerProtocolService (LogUtils.java:warn(121)) - 61f1eb6c-dc17-4b0b-858b-0bb1b85057d5: APPEND_ENTRIES onError, lastRequest: fdb1bdfc-cd38-46a5-a741-21faac0cf152->61f1eb6c-dc17-4b0b-858b-0bb1b85057d5#13-t1,previous=(t:1, i:9),leaderCommit=9,initializing? false,entries: size=2, first=(t:1, i:10), METADATAENTRY(c:8): org.apache.ratis.thirdparty.io.grpc.StatusRuntimeException: CANCELLED: client cancelled
2024-09-15 17:07:37,670 [grpc-default-executor-5] WARN  server.GrpcServerProtocolService (LogUtils.java:warn(121)) - 61f1eb6c-dc17-4b0b-858b-0bb1b85057d5: APPEND_ENTRIES onError, lastRequest: null: org.apache.ratis.thirdparty.io.grpc.StatusRuntimeException: CANCELLED: client cancelled
2024-09-15 17:07:37,671 [61f1eb6c-dc17-4b0b-858b-0bb1b85057d5-impl-thread4] INFO  util.JmxRegister (JmxRegister.java:unregister(74)) - Successfully un-registered JMX Bean with object name Ratis:service=RaftServer,group=group-97AB3179636B,id=61f1eb6c-dc17-4b0b-858b-0bb1b85057d5
2024-09-15 17:07:37,671 [grpc-default-executor-2] WARN  server.GrpcLogAppender (LogUtils.java:warn(121)) - fdb1bdfc-cd38-46a5-a741-21faac0cf152@group-97AB3179636B->61f1eb6c-dc17-4b0b-858b-0bb1b85057d5-AppendLogResponseHandler: Failed appendEntries: org.apache.ratis.thirdparty.io.grpc.StatusRuntimeException: CANCELLED: RST_STREAM closed stream. HTTP/2 error code: CANCEL
2024-09-15 17:07:37,671 [grpc-default-executor-2] WARN  server.GrpcLogAppender (GrpcLogAppender.java:lambda$resetClient$1(221)) - fdb1bdfc-cd38-46a5-a741-21faac0cf152@group-97AB3179636B->61f1eb6c-dc17-4b0b-858b-0bb1b85057d5-GrpcLogAppender: Follower failed (request=null, errorCount=1); keep nextIndex (12) unchanged and retry.
2024-09-15 17:07:37,671 [grpc-default-executor-4] WARN  server.GrpcServerProtocolService (LogUtils.java:warn(121)) - 61f1eb6c-dc17-4b0b-858b-0bb1b85057d5: APPEND_ENTRIES onError, lastRequest: 62362ab0-30ae-49fa-a673-0da439c77b8d->61f1eb6c-dc17-4b0b-858b-0bb1b85057d5#1-t1,previous=(t:0, i:0),leaderCommit=-1,initializing? false,entries: size=1, first=(t:1, i:0), CONFIGURATIONENTRY(current:id:"62362ab0-30ae-49fa-a673-0da439c77b8d"address:"127.0.0.1:15171"priority:1dataStreamAddress:"127.0.0.1:15174"clientAddress:"127.0.0.1:15171"adminAddress:"127.0.0.1:15171"startupRole:FOLLOWER, id:"fdb1bdfc-cd38-46a5-a741-21faac0cf152"address:"127.0.0.1:15189"dataStreamAddress:"127.0.0.1:15192"clientAddress:"127.0.0.1:15189"adminAddress:"127.0.0.1:15189"startupRole:FOLLOWER, id:"61f1eb6c-dc17-4b0b-858b-0bb1b85057d5"address:"127.0.0.1:15180"dataStreamAddress:"127.0.0.1:15183"clientAddress:"127.0.0.1:15180"adminAddress:"127.0.0.1:15180"startupRole:FOLLOWER, old:): org.apache.ratis.thirdparty.io.grpc.StatusRuntimeException: CANCELLED: client cancelled
2024-09-15 17:07:37,672 [61f1eb6c-dc17-4b0b-858b-0bb1b85057d5-impl-thread4] INFO  impl.RoleInfo (RoleInfo.java:shutdownFollowerState(119)) - 61f1eb6c-dc17-4b0b-858b-0bb1b85057d5: shutdown 61f1eb6c-dc17-4b0b-858b-0bb1b85057d5@group-97AB3179636B-FollowerState
2024-09-15 17:07:37,672 [grpc-default-executor-2] WARN  server.GrpcLogAppender (LogUtils.java:warn(121)) - 62362ab0-30ae-49fa-a673-0da439c77b8d@group-4522AB183087->61f1eb6c-dc17-4b0b-858b-0bb1b85057d5-AppendLogResponseHandler: Failed appendEntries: org.apache.ratis.thirdparty.io.grpc.StatusRuntimeException: CANCELLED: RST_STREAM closed stream. HTTP/2 error code: CANCEL
2024-09-15 17:07:37,672 [grpc-default-executor-2] WARN  server.GrpcLogAppender (GrpcLogAppender.java:lambda$resetClient$1(221)) - 62362ab0-30ae-49fa-a673-0da439c77b8d@group-4522AB183087->61f1eb6c-dc17-4b0b-858b-0bb1b85057d5-GrpcLogAppender: Follower failed (request=null, errorCount=1); keep nextIndex (1) unchanged and retry.
2024-09-15 17:07:37,672 [grpc-default-executor-3] WARN  server.GrpcServerProtocolService (LogUtils.java:warn(121)) - 61f1eb6c-dc17-4b0b-858b-0bb1b85057d5: APPEND_ENTRIES onError, lastRequest: null: org.apache.ratis.thirdparty.io.grpc.StatusRuntimeException: CANCELLED: client cancelled
2024-09-15 17:07:37,672 [61f1eb6c-dc17-4b0b-858b-0bb1b85057d5@group-97AB3179636B-FollowerState] INFO  impl.FollowerState (FollowerState.java:run(153)) - 61f1eb6c-dc17-4b0b-858b-0bb1b85057d5@group-97AB3179636B-FollowerState was interrupted
2024-09-15 17:07:37,672 [61f1eb6c-dc17-4b0b-858b-0bb1b85057d5@group-97AB3179636B-StateMachineUpdater] INFO  ratis.ContainerStateMachine (ContainerStateMachine.java:takeSnapshot(363)) - group-97AB3179636B: Taking a snapshot at:(t:1, i:9) file /home/runner/work/ozone/ozone/hadoop-ozone/integration-test/target/test-dir/MiniOzoneClusterImpl-eca91e6c-a84b-4041-8679-4afba91b5587/ozone-meta/datanode-2/ratis/4b34d6d8-6abb-4b9d-9724-97ab3179636b/sm/snapshot.1_9
2024-09-15 17:07:37,673 [61f1eb6c-dc17-4b0b-858b-0bb1b85057d5-impl-thread4] INFO  impl.StateMachineUpdater (StateMachineUpdater.java:stopAndJoin(164)) - 61f1eb6c-dc17-4b0b-858b-0bb1b85057d5@group-97AB3179636B-StateMachineUpdater: set stopIndex = 9
2024-09-15 17:07:37,673 [61f1eb6c-dc17-4b0b-858b-0bb1b85057d5@group-97AB3179636B-StateMachineUpdater] INFO  ratis.ContainerStateMachine (ContainerStateMachine.java:takeSnapshot(374)) - group-97AB3179636B: Finished taking a snapshot at:(t:1, i:9) file:/home/runner/work/ozone/ozone/hadoop-ozone/integration-test/target/test-dir/MiniOzoneClusterImpl-eca91e6c-a84b-4041-8679-4afba91b5587/ozone-meta/datanode-2/ratis/4b34d6d8-6abb-4b9d-9724-97ab3179636b/sm/snapshot.1_9 took: 0 ms
2024-09-15 17:07:37,673 [61f1eb6c-dc17-4b0b-858b-0bb1b85057d5@group-97AB3179636B-StateMachineUpdater] INFO  impl.StateMachineUpdater (StateMachineUpdater.java:takeSnapshot(303)) - 61f1eb6c-dc17-4b0b-858b-0bb1b85057d5@group-97AB3179636B-StateMachineUpdater: Took a snapshot at index 9
2024-09-15 17:07:37,674 [61f1eb6c-dc17-4b0b-858b-0bb1b85057d5@group-97AB3179636B-StateMachineUpdater] INFO  impl.StateMachineUpdater (StateMachineUpdater.java:lambda$new$0(102)) - 61f1eb6c-dc17-4b0b-858b-0bb1b85057d5@group-97AB3179636B-StateMachineUpdater: snapshotIndex: updateIncreasingly -1 -> 9
2024-09-15 17:07:37,674 [61f1eb6c-dc17-4b0b-858b-0bb1b85057d5@group-97AB3179636B-StateMachineUpdater] INFO  impl.StateMachineUpdater (StateMachineUpdater.java:stop(141)) - 61f1eb6c-dc17-4b0b-858b-0bb1b85057d5@group-97AB3179636B-StateMachineUpdater: closing ContainerStateMachine, lastApplied=(t:1, i:9)
2024-09-15 17:07:37,674 [61f1eb6c-dc17-4b0b-858b-0bb1b85057d5@group-97AB3179636B-cacheEviction-AwaitToRun] INFO  util.AwaitToRun (AwaitToRun.java:run(49)) - 61f1eb6c-dc17-4b0b-858b-0bb1b85057d5@group-97AB3179636B-cacheEviction-AwaitToRun-AwaitForSignal is interrupted
2024-09-15 17:07:37,675 [Thread-3921] INFO  server.GrpcServerProtocolClient (GrpcServerProtocolClient.java:close(103)) - 62362ab0-30ae-49fa-a673-0da439c77b8d Close channels
2024-09-15 17:07:37,675 [Thread-3922] INFO  server.GrpcServerProtocolClient (GrpcServerProtocolClient.java:close(103)) - fdb1bdfc-cd38-46a5-a741-21faac0cf152 Close channels
2024-09-15 17:07:37,676 [main] INFO  server.GrpcService (GrpcService.java:closeImpl(320)) - 61f1eb6c-dc17-4b0b-858b-0bb1b85057d5: shutdown server GrpcServerProtocolService successfully
2024-09-15 17:07:37,680 [61f1eb6c-dc17-4b0b-858b-0bb1b85057d5-NettyServerStreamRpc-bossGroup--thread1] INFO  logging.LoggingHandler (AbstractInternalLogger.java:log(148)) - [id: 0xbe219779, L:/0.0.0.0:15183] CLOSE
2024-09-15 17:07:37,680 [61f1eb6c-dc17-4b0b-858b-0bb1b85057d5-NettyServerStreamRpc-bossGroup--thread1] INFO  logging.LoggingHandler (AbstractInternalLogger.java:log(148)) - [id: 0xbe219779, L:/0.0.0.0:15183] INACTIVE
2024-09-15 17:07:37,680 [61f1eb6c-dc17-4b0b-858b-0bb1b85057d5-NettyServerStreamRpc-bossGroup--thread1] INFO  logging.LoggingHandler (AbstractInternalLogger.java:log(148)) - [id: 0xbe219779, L:/0.0.0.0:15183] UNREGISTERED
2024-09-15 17:07:37,697 [412dca75-3e3e-4901-90f7-d1b20b52b7c1@group-5574A5FA9EF9-FollowerState] INFO  impl.FollowerState (FollowerState.java:run(144)) - 412dca75-3e3e-4901-90f7-d1b20b52b7c1@group-5574A5FA9EF9-FollowerState: change to CANDIDATE, lastRpcElapsedTime:5115521005ns, electionTimeout:5115ms
2024-09-15 17:07:37,697 [412dca75-3e3e-4901-90f7-d1b20b52b7c1@group-5574A5FA9EF9-FollowerState] INFO  impl.RoleInfo (RoleInfo.java:shutdownFollowerState(119)) - 412dca75-3e3e-4901-90f7-d1b20b52b7c1: shutdown 412dca75-3e3e-4901-90f7-d1b20b52b7c1@group-5574A5FA9EF9-FollowerState
2024-09-15 17:07:37,697 [412dca75-3e3e-4901-90f7-d1b20b52b7c1@group-5574A5FA9EF9-FollowerState] INFO  server.RaftServer$Division (RaftServerImpl.java:setRole(376)) - 412dca75-3e3e-4901-90f7-d1b20b52b7c1@group-5574A5FA9EF9: changes role from  FOLLOWER to CANDIDATE at term 0 for changeToCandidate
2024-09-15 17:07:37,697 [412dca75-3e3e-4901-90f7-d1b20b52b7c1@group-5574A5FA9EF9-FollowerState] INFO  server.RaftServerConfigKeys (ConfUtils.java:logGet(46)) - raft.server.leaderelection.pre-vote = true (default)
2024-09-15 17:07:37,698 [412dca75-3e3e-4901-90f7-d1b20b52b7c1@group-5574A5FA9EF9-FollowerState] INFO  impl.RoleInfo (RoleInfo.java:updateAndGet(148)) - 412dca75-3e3e-4901-90f7-d1b20b52b7c1: start 412dca75-3e3e-4901-90f7-d1b20b52b7c1@group-5574A5FA9EF9-LeaderElection56
2024-09-15 17:07:37,698 [412dca75-3e3e-4901-90f7-d1b20b52b7c1@group-5574A5FA9EF9-LeaderElection56] INFO  impl.LeaderElection (LeaderElection.java:askForVotes(321)) - 412dca75-3e3e-4901-90f7-d1b20b52b7c1@group-5574A5FA9EF9-LeaderElection56 PRE_VOTE round 0: submit vote requests at term 0 for conf: {index: -1, cur=peers:[412dca75-3e3e-4901-90f7-d1b20b52b7c1|127.0.0.1:15207]|listeners:[], old=null}
2024-09-15 17:07:37,698 [412dca75-3e3e-4901-90f7-d1b20b52b7c1@group-5574A5FA9EF9-LeaderElection56] INFO  impl.LeaderElection (LeaderElection.java:askForVotes(323)) - 412dca75-3e3e-4901-90f7-d1b20b52b7c1@group-5574A5FA9EF9-LeaderElection56 PRE_VOTE round 0: result PASSED (term=0)
2024-09-15 17:07:37,699 [412dca75-3e3e-4901-90f7-d1b20b52b7c1@group-5574A5FA9EF9-LeaderElection56] INFO  impl.LeaderElection (LeaderElection.java:askForVotes(321)) - 412dca75-3e3e-4901-90f7-d1b20b52b7c1@group-5574A5FA9EF9-LeaderElection56 ELECTION round 0: submit vote requests at term 1 for conf: {index: -1, cur=peers:[412dca75-3e3e-4901-90f7-d1b20b52b7c1|127.0.0.1:15207]|listeners:[], old=null}
2024-09-15 17:07:37,699 [412dca75-3e3e-4901-90f7-d1b20b52b7c1@group-5574A5FA9EF9-LeaderElection56] INFO  impl.LeaderElection (LeaderElection.java:askForVotes(323)) - 412dca75-3e3e-4901-90f7-d1b20b52b7c1@group-5574A5FA9EF9-LeaderElection56 ELECTION round 0: result PASSED (term=1)
2024-09-15 17:07:37,699 [412dca75-3e3e-4901-90f7-d1b20b52b7c1@group-5574A5FA9EF9-LeaderElection56] INFO  impl.RoleInfo (RoleInfo.java:shutdownLeaderElection(139)) - 412dca75-3e3e-4901-90f7-d1b20b52b7c1: shutdown 412dca75-3e3e-4901-90f7-d1b20b52b7c1@group-5574A5FA9EF9-LeaderElection56
2024-09-15 17:07:37,699 [412dca75-3e3e-4901-90f7-d1b20b52b7c1@group-5574A5FA9EF9-LeaderElection56] INFO  server.RaftServer$Division (RaftServerImpl.java:setRole(376)) - 412dca75-3e3e-4901-90f7-d1b20b52b7c1@group-5574A5FA9EF9: changes role from CANDIDATE to LEADER at term 1 for changeToLeader
2024-09-15 17:07:37,700 [412dca75-3e3e-4901-90f7-d1b20b52b7c1@group-5574A5FA9EF9-LeaderElection56] INFO  server.RaftServerConfigKeys (ConfUtils.java:logGet(46)) - raft.server.staging.catchup.gap = 1000 (default)
2024-09-15 17:07:37,700 [412dca75-3e3e-4901-90f7-d1b20b52b7c1@group-5574A5FA9EF9-LeaderElection56] INFO  server.RaftServerConfigKeys (ConfUtils.java:logGet(46)) - raft.server.write.element-limit = 1024 (custom)
2024-09-15 17:07:37,700 [412dca75-3e3e-4901-90f7-d1b20b52b7c1@group-5574A5FA9EF9-LeaderElection56] INFO  server.RaftServerConfigKeys (ConfUtils.java:logGet(46)) - raft.server.write.byte-limit = 1024 M (=1073741824) (custom)
2024-09-15 17:07:37,700 [412dca75-3e3e-4901-90f7-d1b20b52b7c1@group-5574A5FA9EF9-LeaderElection56] INFO  server.RaftServerConfigKeys (ConfUtils.java:logGet(46)) - raft.server.watch.timeout = 3000ms (custom)
2024-09-15 17:07:37,700 [412dca75-3e3e-4901-90f7-d1b20b52b7c1@group-5574A5FA9EF9-LeaderElection56] INFO  server.RaftServerConfigKeys (ConfUtils.java:logGet(46)) - raft.server.watch.timeout.denomination = 1s (default)
2024-09-15 17:07:37,700 [412dca75-3e3e-4901-90f7-d1b20b52b7c1@group-5574A5FA9EF9-LeaderElection56] INFO  server.RaftServerConfigKeys (ConfUtils.java:logGet(46)) - raft.server.watch.element-limit = 65536 (default)
2024-09-15 17:07:37,700 [412dca75-3e3e-4901-90f7-d1b20b52b7c1@group-5574A5FA9EF9-LeaderElection56] INFO  server.RaftServerConfigKeys (ConfUtils.java:logGet(46)) - raft.server.read.leader.lease.enabled = false (default)
2024-09-15 17:07:37,700 [412dca75-3e3e-4901-90f7-d1b20b52b7c1@group-5574A5FA9EF9-LeaderElection56] INFO  server.RaftServerConfigKeys (ConfUtils.java:logGet(46)) - raft.server.read.leader.lease.timeout.ratio = 0.9 (default)
2024-09-15 17:07:37,700 [412dca75-3e3e-4901-90f7-d1b20b52b7c1@group-5574A5FA9EF9-LeaderElection56] INFO  server.RaftServerConfigKeys (ConfUtils.java:logGet(46)) - raft.server.rpc.timeout.min = 5s (custom)
2024-09-15 17:07:37,700 [412dca75-3e3e-4901-90f7-d1b20b52b7c1@group-5574A5FA9EF9-LeaderElection56] INFO  server.RaftServerConfigKeys (ConfUtils.java:logGet(46)) - raft.server.log.log-metadata.enabled = true (default)
2024-09-15 17:07:37,700 [412dca75-3e3e-4901-90f7-d1b20b52b7c1@group-5574A5FA9EF9-LeaderElection56] INFO  server.RaftServerConfigKeys (ConfUtils.java:logGet(46)) - raft.server.write.element-limit = 1024 (custom)
2024-09-15 17:07:37,701 [412dca75-3e3e-4901-90f7-d1b20b52b7c1@group-5574A5FA9EF9-LeaderElection56] INFO  server.RaftServerConfigKeys (ConfUtils.java:logGet(46)) - raft.server.write.follower.gap.ratio.max = -1.0 (default)
2024-09-15 17:07:37,701 [412dca75-3e3e-4901-90f7-d1b20b52b7c1@group-5574A5FA9EF9-LeaderElection56] INFO  impl.RoleInfo (RoleInfo.java:updateAndGet(148)) - 412dca75-3e3e-4901-90f7-d1b20b52b7c1: start 412dca75-3e3e-4901-90f7-d1b20b52b7c1@group-5574A5FA9EF9-LeaderStateImpl
2024-09-15 17:07:37,701 [412dca75-3e3e-4901-90f7-d1b20b52b7c1@group-5574A5FA9EF9-LeaderElection56] INFO  server.RaftServer$Division (RaftServerImpl.java:setFirstElection(549)) - 412dca75-3e3e-4901-90f7-d1b20b52b7c1@group-5574A5FA9EF9: set firstElectionSinceStartup to false for becomeLeader
2024-09-15 17:07:37,701 [412dca75-3e3e-4901-90f7-d1b20b52b7c1@group-5574A5FA9EF9-LeaderElection56] INFO  ratis.XceiverServerRatis (XceiverServerRatis.java:handleLeaderChangedNotification(950)) - Leader change notification received for group: group-5574A5FA9EF9 with new leaderId: 412dca75-3e3e-4901-90f7-d1b20b52b7c1
2024-09-15 17:07:37,701 [412dca75-3e3e-4901-90f7-d1b20b52b7c1@group-5574A5FA9EF9-LeaderElection56] INFO  server.RaftServer$Division (ServerState.java:setLeader(272)) - 412dca75-3e3e-4901-90f7-d1b20b52b7c1@group-5574A5FA9EF9: change Leader from null to 412dca75-3e3e-4901-90f7-d1b20b52b7c1 at term 1 for becomeLeader, leader elected after 5133ms
2024-09-15 17:07:37,701 [412dca75-3e3e-4901-90f7-d1b20b52b7c1@group-5574A5FA9EF9-LeaderElection56] INFO  segmented.SegmentedRaftLogWorker (SegmentedRaftLogWorker.java:startLogSegment(433)) - 412dca75-3e3e-4901-90f7-d1b20b52b7c1@group-5574A5FA9EF9-SegmentedRaftLogWorker: Starting segment from index:0
2024-09-15 17:07:37,701 [412dca75-3e3e-4901-90f7-d1b20b52b7c1@group-5574A5FA9EF9-LeaderElection56] INFO  server.RaftServer$Division (ServerState.java:setRaftConf(386)) - 412dca75-3e3e-4901-90f7-d1b20b52b7c1@group-5574A5FA9EF9: set configuration conf: {index: 0, cur=peers:[412dca75-3e3e-4901-90f7-d1b20b52b7c1|127.0.0.1:15207]|listeners:[], old=null}
2024-09-15 17:07:37,702 [412dca75-3e3e-4901-90f7-d1b20b52b7c1@group-5574A5FA9EF9-SegmentedRaftLogWorker] INFO  segmented.BufferedWriteChannel (BufferedWriteChannel.java:open(61)) - open log_inprogress_0 at position 0
2024-09-15 17:07:37,711 [412dca75-3e3e-4901-90f7-d1b20b52b7c1@group-5574A5FA9EF9-SegmentedRaftLogWorker] INFO  segmented.SegmentedRaftLogWorker (SegmentedRaftLogWorker.java:execute(637)) - 412dca75-3e3e-4901-90f7-d1b20b52b7c1@group-5574A5FA9EF9-SegmentedRaftLogWorker: created new log segment /home/runner/work/ozone/ozone/hadoop-ozone/integration-test/target/test-dir/MiniOzoneClusterImpl-eca91e6c-a84b-4041-8679-4afba91b5587/ozone-meta/datanode-5/ratis/9d02e635-8afc-4354-aedf-5574a5fa9ef9/current/log_inprogress_0
2024-09-15 17:07:37,713 [412dca75-3e3e-4901-90f7-d1b20b52b7c1@group-5574A5FA9EF9-StateMachineUpdater] INFO  server.RaftServer$Division (LeaderStateImpl.java:checkStartIndex(316)) - Leader 412dca75-3e3e-4901-90f7-d1b20b52b7c1@group-5574A5FA9EF9-LeaderStateImpl is ready since appliedIndex == startIndex == 0
2024-09-15 17:07:37,899 [61f1eb6c-dc17-4b0b-858b-0bb1b85057d5-impl-thread2] INFO  segmented.SegmentedRaftLogWorker (SegmentedRaftLogWorker.java:close(248)) - 61f1eb6c-dc17-4b0b-858b-0bb1b85057d5@group-E5F3E020C69C-SegmentedRaftLogWorker close()
2024-09-15 17:07:37,899 [61f1eb6c-dc17-4b0b-858b-0bb1b85057d5-impl-thread2] INFO  ratis.ContainerStateMachine (ContainerStateMachine.java:notifyServerShutdown(957)) - group-E5F3E020C69C is closed by HddsDatanodeService
2024-09-15 17:07:37,915 [61f1eb6c-dc17-4b0b-858b-0bb1b85057d5-impl-thread3] INFO  segmented.SegmentedRaftLogWorker (SegmentedRaftLogWorker.java:close(248)) - 61f1eb6c-dc17-4b0b-858b-0bb1b85057d5@group-4522AB183087-SegmentedRaftLogWorker close()
2024-09-15 17:07:37,916 [61f1eb6c-dc17-4b0b-858b-0bb1b85057d5-impl-thread3] INFO  ratis.ContainerStateMachine (ContainerStateMachine.java:notifyServerShutdown(957)) - group-4522AB183087 is closed by HddsDatanodeService
2024-09-15 17:07:37,935 [61f1eb6c-dc17-4b0b-858b-0bb1b85057d5-impl-thread1] INFO  segmented.SegmentedRaftLogWorker (SegmentedRaftLogWorker.java:close(248)) - 61f1eb6c-dc17-4b0b-858b-0bb1b85057d5@group-9F891B4926A6-SegmentedRaftLogWorker close()
2024-09-15 17:07:37,935 [61f1eb6c-dc17-4b0b-858b-0bb1b85057d5-impl-thread1] INFO  ratis.ContainerStateMachine (ContainerStateMachine.java:notifyServerShutdown(957)) - group-9F891B4926A6 is closed by HddsDatanodeService
2024-09-15 17:07:38,641 [61f1eb6c-dc17-4b0b-858b-0bb1b85057d5-impl-thread4] INFO  segmented.SegmentedRaftLogWorker (SegmentedRaftLogWorker.java:close(248)) - 61f1eb6c-dc17-4b0b-858b-0bb1b85057d5@group-97AB3179636B-SegmentedRaftLogWorker close()
2024-09-15 17:07:38,642 [61f1eb6c-dc17-4b0b-858b-0bb1b85057d5-impl-thread4] INFO  ratis.ContainerStateMachine (ContainerStateMachine.java:notifyServerShutdown(957)) - group-97AB3179636B is closed by HddsDatanodeService
2024-09-15 17:07:38,642 [JvmPauseMonitor24] INFO  util.JvmPauseMonitor (JvmPauseMonitor.java:run(152)) - JvmPauseMonitor-61f1eb6c-dc17-4b0b-858b-0bb1b85057d5: Stopped
2024-09-15 17:07:40,644 [main] INFO  utils.DatanodeStoreCache (DatanodeStoreCache.java:shutdownCache(116)) - Skip clearing cache in mini cluster mode. Entries left: [/home/runner/work/ozone/ozone/hadoop-ozone/integration-test/target/test-dir/MiniOzoneClusterImpl-eca91e6c-a84b-4041-8679-4afba91b5587/ozone-meta/datanode-1/data-0/hdds/eca91e6c-a84b-4041-8679-4afba91b5587/DS-5b11a8cc-366f-4884-99e4-401b09af1fda/container.db, /home/runner/work/ozone/ozone/hadoop-ozone/integration-test/target/test-dir/MiniOzoneClusterImpl-eca91e6c-a84b-4041-8679-4afba91b5587/ozone-meta/datanode-2/data-0/hdds/eca91e6c-a84b-4041-8679-4afba91b5587/DS-5b6e1247-03f2-49d1-bae4-270bedc4c5c7/container.db, /home/runner/work/ozone/ozone/hadoop-ozone/integration-test/target/test-dir/MiniOzoneClusterImpl-eca91e6c-a84b-4041-8679-4afba91b5587/ozone-meta/datanode-3/data-0/hdds/eca91e6c-a84b-4041-8679-4afba91b5587/DS-481d729f-9e83-4a31-909e-97af8894f3f7/container.db, /home/runner/work/ozone/ozone/hadoop-ozone/integration-test/target/test-dir/MiniOzoneClusterImpl-eca91e6c-a84b-4041-8679-4afba91b5587/ozone-meta/datanode-4/data-0/hdds/eca91e6c-a84b-4041-8679-4afba91b5587/DS-16c80397-aedb-4bb2-a4b0-de297102bf17/container.db, /home/runner/work/ozone/ozone/hadoop-ozone/integration-test/target/test-dir/MiniOzoneClusterImpl-eca91e6c-a84b-4041-8679-4afba91b5587/ozone-meta/datanode-5/data-0/hdds/eca91e6c-a84b-4041-8679-4afba91b5587/DS-c799a723-692b-4ad4-98a3-376473112b05/container.db]
2024-09-15 17:07:40,645 [main] INFO  utils.DatanodeStoreCache (DatanodeStoreCache.java:removeDB(110)) - Removed db /home/runner/work/ozone/ozone/hadoop-ozone/integration-test/target/test-dir/MiniOzoneClusterImpl-eca91e6c-a84b-4041-8679-4afba91b5587/ozone-meta/datanode-2/data-0/hdds/eca91e6c-a84b-4041-8679-4afba91b5587/DS-5b6e1247-03f2-49d1-bae4-270bedc4c5c7/container.db from cache
2024-09-15 17:07:40,645 [main] INFO  volume.HddsVolume (HddsVolume.java:closeDbStore(462)) - SchemaV3 db is stopped at /home/runner/work/ozone/ozone/hadoop-ozone/integration-test/target/test-dir/MiniOzoneClusterImpl-eca91e6c-a84b-4041-8679-4afba91b5587/ozone-meta/datanode-2/data-0/hdds/eca91e6c-a84b-4041-8679-4afba91b5587/DS-5b6e1247-03f2-49d1-bae4-270bedc4c5c7/container.db for volume DS-5b6e1247-03f2-49d1-bae4-270bedc4c5c7
2024-09-15 17:07:40,646 [main] INFO  utils.BackgroundService (BackgroundService.java:shutdown(163)) - Shutting down service BlockDeletingService
2024-09-15 17:07:40,646 [main] INFO  utils.BackgroundService (BackgroundService.java:shutdown(163)) - Shutting down service StaleRecoveringContainerScrubbingService
2024-09-15 17:07:40,647 [main] INFO  statemachine.DatanodeStateMachine (DatanodeStateMachine.java:stopDaemon(626)) - Ozone container server stopped.
2024-09-15 17:07:40,659 [main] INFO  handler.ContextHandler (ContextHandler.java:doStop(1159)) - Stopped o.e.j.w.WebAppContext@424e7ab8{hddsDatanode,/,null,STOPPED}{jar:file:/home/runner/work/ozone/ozone/hadoop-hdds/container-service/target/hdds-container-service-1.5.0-SNAPSHOT.jar!/webapps/hddsDatanode}
2024-09-15 17:07:40,660 [main] INFO  server.AbstractConnector (AbstractConnector.java:doStop(383)) - Stopped ServerConnector@27e378d3{HTTP/1.1, (http/1.1)}{0.0.0.0:15177}
2024-09-15 17:07:40,660 [main] INFO  server.session (HouseKeeper.java:stopScavenging(149)) - node0 Stopped scavenging
2024-09-15 17:07:40,660 [main] INFO  handler.ContextHandler (ContextHandler.java:doStop(1159)) - Stopped o.e.j.s.ServletContextHandler@1c05de90{static,/static,jar:file:/home/runner/work/ozone/ozone/hadoop-hdds/container-service/target/hdds-container-service-1.5.0-SNAPSHOT.jar!/webapps/static,STOPPED}
2024-09-15 17:07:40,660 [main] INFO  handler.ContextHandler (ContextHandler.java:doStop(1159)) - Stopped o.e.j.s.ServletContextHandler@2835de0c{logs,/logs,file:///home/runner/work/ozone/ozone/hadoop-ozone/integration-test/target/log,STOPPED}
2024-09-15 17:07:40,662 [main] INFO  ozone.HddsDatanodeClientProtocolServer (HddsDatanodeClientProtocolServer.java:stop(85)) - Stopping the RPC server for Client Protocol
2024-09-15 17:07:40,662 [main] INFO  ipc.Server (Server.java:stop(3523)) - Stopping server on 15178
2024-09-15 17:07:40,663 [IPC Server Responder] INFO  ipc.Server (Server.java:run(1567)) - Stopping IPC Server Responder
2024-09-15 17:07:40,663 [IPC Server listener on 15178] INFO  ipc.Server (Server.java:run(1434)) - Stopping IPC Server listener on 15178
2024-09-15 17:07:40,664 [main] INFO  ozoneimpl.OzoneContainer (OzoneContainer.java:stop(497)) - Attempting to stop container services.
2024-09-15 17:07:40,664 [ContainerMetadataScanner] WARN  ozoneimpl.AbstractBackgroundContainerScanner (AbstractBackgroundContainerScanner.java:handleRemainingSleep(134)) - Background container scan was interrupted.
2024-09-15 17:07:40,665 [ContainerMetadataScanner] INFO  ozoneimpl.AbstractBackgroundContainerScanner (AbstractBackgroundContainerScanner.java:run(61)) - Thread[ContainerMetadataScanner,5,main] exiting.
2024-09-15 17:07:40,665 [main] INFO  ozoneimpl.BackgroundContainerDataScanner (BackgroundContainerDataScanner.java:shutdown(141)) - ContainerDataScanner(/home/runner/work/ozone/ozone/hadoop-ozone/integration-test/target/test-dir/MiniOzoneClusterImpl-eca91e6c-a84b-4041-8679-4afba91b5587/ozone-meta/datanode-1/data-0/hdds) is shutting down. 
2024-09-15 17:07:40,665 [ContainerDataScanner(/home/runner/work/ozone/ozone/hadoop-ozone/integration-test/target/test-dir/MiniOzoneClusterImpl-eca91e6c-a84b-4041-8679-4afba91b5587/ozone-meta/datanode-1/data-0/hdds)] WARN  ozoneimpl.AbstractBackgroundContainerScanner (AbstractBackgroundContainerScanner.java:handleRemainingSleep(134)) - Background container scan was interrupted.
2024-09-15 17:07:40,665 [ContainerDataScanner(/home/runner/work/ozone/ozone/hadoop-ozone/integration-test/target/test-dir/MiniOzoneClusterImpl-eca91e6c-a84b-4041-8679-4afba91b5587/ozone-meta/datanode-1/data-0/hdds)] INFO  ozoneimpl.AbstractBackgroundContainerScanner (AbstractBackgroundContainerScanner.java:run(61)) - ContainerDataScanner(/home/runner/work/ozone/ozone/hadoop-ozone/integration-test/target/test-dir/MiniOzoneClusterImpl-eca91e6c-a84b-4041-8679-4afba91b5587/ozone-meta/datanode-1/data-0/hdds, DS-5b11a8cc-366f-4884-99e4-401b09af1fda) exiting.
2024-09-15 17:07:40,666 [main] INFO  ratis.XceiverServerRatis (XceiverServerRatis.java:stop(596)) - Stopping XceiverServerRatis 62362ab0-30ae-49fa-a673-0da439c77b8d
2024-09-15 17:07:40,666 [main] INFO  server.RaftServer (RaftServerProxy.java:lambda$close$9(418)) - 62362ab0-30ae-49fa-a673-0da439c77b8d: close
2024-09-15 17:07:40,666 [62362ab0-30ae-49fa-a673-0da439c77b8d-impl-thread1] INFO  server.RaftServer$Division (RaftServerImpl.java:lambda$close$1(501)) - 62362ab0-30ae-49fa-a673-0da439c77b8d@group-9F891B4926A6: shutdown
2024-09-15 17:07:40,667 [62362ab0-30ae-49fa-a673-0da439c77b8d-impl-thread1] INFO  util.JmxRegister (JmxRegister.java:unregister(74)) - Successfully un-registered JMX Bean with object name Ratis:service=RaftServer,group=group-9F891B4926A6,id=62362ab0-30ae-49fa-a673-0da439c77b8d
2024-09-15 17:07:40,667 [62362ab0-30ae-49fa-a673-0da439c77b8d-impl-thread1] INFO  impl.RoleInfo (RoleInfo.java:shutdownFollowerState(119)) - 62362ab0-30ae-49fa-a673-0da439c77b8d: shutdown 62362ab0-30ae-49fa-a673-0da439c77b8d@group-9F891B4926A6-FollowerState
2024-09-15 17:07:40,667 [62362ab0-30ae-49fa-a673-0da439c77b8d-impl-thread2] INFO  server.RaftServer$Division (RaftServerImpl.java:lambda$close$1(501)) - 62362ab0-30ae-49fa-a673-0da439c77b8d@group-7685EA4B7899: shutdown
2024-09-15 17:07:40,667 [62362ab0-30ae-49fa-a673-0da439c77b8d-impl-thread3] INFO  server.RaftServer$Division (RaftServerImpl.java:lambda$close$1(501)) - 62362ab0-30ae-49fa-a673-0da439c77b8d@group-4522AB183087: shutdown
2024-09-15 17:07:40,667 [62362ab0-30ae-49fa-a673-0da439c77b8d-impl-thread3] INFO  util.JmxRegister (JmxRegister.java:unregister(74)) - Successfully un-registered JMX Bean with object name Ratis:service=RaftServer,group=group-4522AB183087,id=62362ab0-30ae-49fa-a673-0da439c77b8d
2024-09-15 17:07:40,667 [62362ab0-30ae-49fa-a673-0da439c77b8d-impl-thread3] INFO  impl.RoleInfo (RoleInfo.java:shutdownLeaderState(103)) - 62362ab0-30ae-49fa-a673-0da439c77b8d: shutdown 62362ab0-30ae-49fa-a673-0da439c77b8d@group-4522AB183087-LeaderStateImpl
2024-09-15 17:07:40,667 [62362ab0-30ae-49fa-a673-0da439c77b8d@group-4522AB183087->61f1eb6c-dc17-4b0b-858b-0bb1b85057d5-GrpcLogAppender-LogAppenderDaemon] WARN  server.GrpcLogAppender (GrpcLogAppender.java:mayWait(293)) - 62362ab0-30ae-49fa-a673-0da439c77b8d@group-4522AB183087->61f1eb6c-dc17-4b0b-858b-0bb1b85057d5-GrpcLogAppender: Wait interrupted by java.lang.InterruptedException
2024-09-15 17:07:40,667 [62362ab0-30ae-49fa-a673-0da439c77b8d@group-9F891B4926A6-StateMachineUpdater] INFO  impl.StateMachineUpdater (StateMachineUpdater.java:stop(141)) - 62362ab0-30ae-49fa-a673-0da439c77b8d@group-9F891B4926A6-StateMachineUpdater: closing ContainerStateMachine, lastApplied=(t:0, i:~)
2024-09-15 17:07:40,667 [62362ab0-30ae-49fa-a673-0da439c77b8d@group-9F891B4926A6-FollowerState] INFO  impl.FollowerState (FollowerState.java:run(153)) - 62362ab0-30ae-49fa-a673-0da439c77b8d@group-9F891B4926A6-FollowerState was interrupted
2024-09-15 17:07:40,667 [62362ab0-30ae-49fa-a673-0da439c77b8d-impl-thread1] INFO  impl.StateMachineUpdater (StateMachineUpdater.java:stopAndJoin(164)) - 62362ab0-30ae-49fa-a673-0da439c77b8d@group-9F891B4926A6-StateMachineUpdater: set stopIndex = -1
2024-09-15 17:07:40,667 [62362ab0-30ae-49fa-a673-0da439c77b8d-impl-thread2] INFO  util.JmxRegister (JmxRegister.java:unregister(74)) - Successfully un-registered JMX Bean with object name Ratis:service=RaftServer,group=group-7685EA4B7899,id=62362ab0-30ae-49fa-a673-0da439c77b8d
2024-09-15 17:07:40,667 [62362ab0-30ae-49fa-a673-0da439c77b8d@group-4522AB183087->fdb1bdfc-cd38-46a5-a741-21faac0cf152-GrpcLogAppender-LogAppenderDaemon] WARN  server.GrpcLogAppender (GrpcLogAppender.java:mayWait(293)) - 62362ab0-30ae-49fa-a673-0da439c77b8d@group-4522AB183087->fdb1bdfc-cd38-46a5-a741-21faac0cf152-GrpcLogAppender: Wait interrupted by java.lang.InterruptedException
2024-09-15 17:07:40,667 [62362ab0-30ae-49fa-a673-0da439c77b8d-impl-thread4] INFO  server.RaftServer$Division (RaftServerImpl.java:lambda$close$1(501)) - 62362ab0-30ae-49fa-a673-0da439c77b8d@group-97AB3179636B: shutdown
2024-09-15 17:07:40,667 [main] INFO  server.GrpcService (GrpcService.java:closeImpl(311)) - 62362ab0-30ae-49fa-a673-0da439c77b8d: shutdown server GrpcServerProtocolService now
2024-09-15 17:07:40,668 [62362ab0-30ae-49fa-a673-0da439c77b8d-impl-thread2] INFO  impl.RoleInfo (RoleInfo.java:shutdownLeaderState(103)) - 62362ab0-30ae-49fa-a673-0da439c77b8d: shutdown 62362ab0-30ae-49fa-a673-0da439c77b8d@group-7685EA4B7899-LeaderStateImpl
2024-09-15 17:07:40,668 [62362ab0-30ae-49fa-a673-0da439c77b8d-impl-thread2] INFO  impl.PendingRequests (PendingRequests.java:sendNotLeaderResponses(287)) - 62362ab0-30ae-49fa-a673-0da439c77b8d@group-7685EA4B7899-PendingRequests: sendNotLeaderResponses
2024-09-15 17:07:40,668 [grpc-default-executor-2] INFO  server.GrpcServerProtocolService (GrpcServerProtocolService.java:onCompleted(157)) - fdb1bdfc-cd38-46a5-a741-21faac0cf152: Completed APPEND_ENTRIES, lastRequest: 62362ab0-30ae-49fa-a673-0da439c77b8d->fdb1bdfc-cd38-46a5-a741-21faac0cf152#1-t1,previous=(t:0, i:0),leaderCommit=-1,initializing? false,entries: size=1, first=(t:1, i:0), CONFIGURATIONENTRY(current:id:"62362ab0-30ae-49fa-a673-0da439c77b8d"address:"127.0.0.1:15171"priority:1dataStreamAddress:"127.0.0.1:15174"clientAddress:"127.0.0.1:15171"adminAddress:"127.0.0.1:15171"startupRole:FOLLOWER, id:"fdb1bdfc-cd38-46a5-a741-21faac0cf152"address:"127.0.0.1:15189"dataStreamAddress:"127.0.0.1:15192"clientAddress:"127.0.0.1:15189"adminAddress:"127.0.0.1:15189"startupRole:FOLLOWER, id:"61f1eb6c-dc17-4b0b-858b-0bb1b85057d5"address:"127.0.0.1:15180"dataStreamAddress:"127.0.0.1:15183"clientAddress:"127.0.0.1:15180"adminAddress:"127.0.0.1:15180"startupRole:FOLLOWER, old:)
2024-09-15 17:07:40,668 [grpc-default-executor-2] INFO  server.GrpcServerProtocolService (GrpcServerProtocolService.java:lambda$onCompleted$5(159)) - fdb1bdfc-cd38-46a5-a741-21faac0cf152: Completed APPEND_ENTRIES, lastReply: null
2024-09-15 17:07:40,668 [grpc-default-executor-4] WARN  server.GrpcServerProtocolService (LogUtils.java:warn(121)) - 62362ab0-30ae-49fa-a673-0da439c77b8d: APPEND_ENTRIES onError, lastRequest: fdb1bdfc-cd38-46a5-a741-21faac0cf152->62362ab0-30ae-49fa-a673-0da439c77b8d#19-t1,previous=(t:1, i:10),leaderCommit=9,initializing? false,entries: size=1, first=(t:1, i:11), METADATAENTRY(c:9): org.apache.ratis.thirdparty.io.grpc.StatusRuntimeException: CANCELLED: client cancelled
2024-09-15 17:07:40,667 [62362ab0-30ae-49fa-a673-0da439c77b8d-impl-thread3] INFO  impl.PendingRequests (PendingRequests.java:sendNotLeaderResponses(287)) - 62362ab0-30ae-49fa-a673-0da439c77b8d@group-4522AB183087-PendingRequests: sendNotLeaderResponses
2024-09-15 17:07:40,667 [62362ab0-30ae-49fa-a673-0da439c77b8d@group-9F891B4926A6-cacheEviction-AwaitToRun] INFO  util.AwaitToRun (AwaitToRun.java:run(49)) - 62362ab0-30ae-49fa-a673-0da439c77b8d@group-9F891B4926A6-cacheEviction-AwaitToRun-AwaitForSignal is interrupted
2024-09-15 17:07:40,669 [grpc-default-executor-1] WARN  server.GrpcServerProtocolService (LogUtils.java:warn(121)) - 62362ab0-30ae-49fa-a673-0da439c77b8d: APPEND_ENTRIES onError, lastRequest: null: org.apache.ratis.thirdparty.io.grpc.StatusRuntimeException: CANCELLED: client cancelled
2024-09-15 17:07:40,668 [62362ab0-30ae-49fa-a673-0da439c77b8d-impl-thread2] INFO  impl.StateMachineUpdater (StateMachineUpdater.java:stopAndJoin(164)) - 62362ab0-30ae-49fa-a673-0da439c77b8d@group-7685EA4B7899-StateMachineUpdater: set stopIndex = 0
2024-09-15 17:07:40,668 [62362ab0-30ae-49fa-a673-0da439c77b8d@group-7685EA4B7899-StateMachineUpdater] INFO  ratis.ContainerStateMachine (ContainerStateMachine.java:takeSnapshot(363)) - group-7685EA4B7899: Taking a snapshot at:(t:1, i:0) file /home/runner/work/ozone/ozone/hadoop-ozone/integration-test/target/test-dir/MiniOzoneClusterImpl-eca91e6c-a84b-4041-8679-4afba91b5587/ozone-meta/datanode-1/ratis/6f349022-21b7-4e13-9f30-7685ea4b7899/sm/snapshot.1_0
2024-09-15 17:07:40,669 [62362ab0-30ae-49fa-a673-0da439c77b8d@group-4522AB183087-StateMachineUpdater] INFO  ratis.ContainerStateMachine (ContainerStateMachine.java:takeSnapshot(363)) - group-4522AB183087: Taking a snapshot at:(t:1, i:0) file /home/runner/work/ozone/ozone/hadoop-ozone/integration-test/target/test-dir/MiniOzoneClusterImpl-eca91e6c-a84b-4041-8679-4afba91b5587/ozone-meta/datanode-1/ratis/c8c705c7-4182-4f71-bc0b-4522ab183087/sm/snapshot.1_0
2024-09-15 17:07:40,668 [grpc-default-executor-3] INFO  server.GrpcServerProtocolService (GrpcServerProtocolService.java:onCompleted(157)) - fdb1bdfc-cd38-46a5-a741-21faac0cf152: Completed APPEND_ENTRIES, lastRequest: null
2024-09-15 17:07:40,669 [62362ab0-30ae-49fa-a673-0da439c77b8d-impl-thread3] INFO  impl.StateMachineUpdater (StateMachineUpdater.java:stopAndJoin(164)) - 62362ab0-30ae-49fa-a673-0da439c77b8d@group-4522AB183087-StateMachineUpdater: set stopIndex = 0
2024-09-15 17:07:40,669 [grpc-default-executor-3] INFO  server.GrpcServerProtocolService (GrpcServerProtocolService.java:lambda$onCompleted$5(159)) - fdb1bdfc-cd38-46a5-a741-21faac0cf152: Completed APPEND_ENTRIES, lastReply: serverReply {
  requestorId: "62362ab0-30ae-49fa-a673-0da439c77b8d"
  replyId: "fdb1bdfc-cd38-46a5-a741-21faac0cf152"
  raftGroupId {
    id: "\310\307\005\307A\202Oq\274\vE\"\253\0300\207"
  }
  callId: 3
  success: true
}
term: 1
nextIndex: 1
matchIndex: 18446744073709551615
isHearbeat: true

2024-09-15 17:07:40,670 [grpc-default-executor-4] WARN  server.GrpcLogAppender (GrpcLogAppender.java:lambda$resetClient$1(221)) - fdb1bdfc-cd38-46a5-a741-21faac0cf152@group-97AB3179636B->62362ab0-30ae-49fa-a673-0da439c77b8d-GrpcLogAppender: Follower failed (request=null, errorCount=1); keep nextIndex (12) unchanged and retry.
2024-09-15 17:07:40,670 [Thread-3965] INFO  server.GrpcServerProtocolClient (GrpcServerProtocolClient.java:close(103)) - fdb1bdfc-cd38-46a5-a741-21faac0cf152 Close channels
2024-09-15 17:07:40,670 [62362ab0-30ae-49fa-a673-0da439c77b8d@group-7685EA4B7899-StateMachineUpdater] INFO  ratis.ContainerStateMachine (ContainerStateMachine.java:takeSnapshot(374)) - group-7685EA4B7899: Finished taking a snapshot at:(t:1, i:0) file:/home/runner/work/ozone/ozone/hadoop-ozone/integration-test/target/test-dir/MiniOzoneClusterImpl-eca91e6c-a84b-4041-8679-4afba91b5587/ozone-meta/datanode-1/ratis/6f349022-21b7-4e13-9f30-7685ea4b7899/sm/snapshot.1_0 took: 1 ms
2024-09-15 17:07:40,670 [62362ab0-30ae-49fa-a673-0da439c77b8d@group-7685EA4B7899-StateMachineUpdater] INFO  impl.StateMachineUpdater (StateMachineUpdater.java:takeSnapshot(303)) - 62362ab0-30ae-49fa-a673-0da439c77b8d@group-7685EA4B7899-StateMachineUpdater: Took a snapshot at index 0
2024-09-15 17:07:40,670 [62362ab0-30ae-49fa-a673-0da439c77b8d@group-7685EA4B7899-StateMachineUpdater] INFO  impl.StateMachineUpdater (StateMachineUpdater.java:lambda$new$0(102)) - 62362ab0-30ae-49fa-a673-0da439c77b8d@group-7685EA4B7899-StateMachineUpdater: snapshotIndex: updateIncreasingly -1 -> 0
2024-09-15 17:07:40,670 [62362ab0-30ae-49fa-a673-0da439c77b8d@group-7685EA4B7899-StateMachineUpdater] INFO  impl.StateMachineUpdater (StateMachineUpdater.java:stop(141)) - 62362ab0-30ae-49fa-a673-0da439c77b8d@group-7685EA4B7899-StateMachineUpdater: closing ContainerStateMachine, lastApplied=(t:1, i:0)
2024-09-15 17:07:40,670 [62362ab0-30ae-49fa-a673-0da439c77b8d@group-7685EA4B7899-cacheEviction-AwaitToRun] INFO  util.AwaitToRun (AwaitToRun.java:run(49)) - 62362ab0-30ae-49fa-a673-0da439c77b8d@group-7685EA4B7899-cacheEviction-AwaitToRun-AwaitForSignal is interrupted
2024-09-15 17:07:40,668 [62362ab0-30ae-49fa-a673-0da439c77b8d-impl-thread4] INFO  util.JmxRegister (JmxRegister.java:unregister(74)) - Successfully un-registered JMX Bean with object name Ratis:service=RaftServer,group=group-97AB3179636B,id=62362ab0-30ae-49fa-a673-0da439c77b8d
2024-09-15 17:07:40,671 [62362ab0-30ae-49fa-a673-0da439c77b8d-impl-thread4] INFO  impl.RoleInfo (RoleInfo.java:shutdownFollowerState(119)) - 62362ab0-30ae-49fa-a673-0da439c77b8d: shutdown 62362ab0-30ae-49fa-a673-0da439c77b8d@group-97AB3179636B-FollowerState
2024-09-15 17:07:40,671 [62362ab0-30ae-49fa-a673-0da439c77b8d@group-4522AB183087-StateMachineUpdater] INFO  ratis.ContainerStateMachine (ContainerStateMachine.java:takeSnapshot(374)) - group-4522AB183087: Finished taking a snapshot at:(t:1, i:0) file:/home/runner/work/ozone/ozone/hadoop-ozone/integration-test/target/test-dir/MiniOzoneClusterImpl-eca91e6c-a84b-4041-8679-4afba91b5587/ozone-meta/datanode-1/ratis/c8c705c7-4182-4f71-bc0b-4522ab183087/sm/snapshot.1_0 took: 2 ms
2024-09-15 17:07:40,671 [62362ab0-30ae-49fa-a673-0da439c77b8d@group-97AB3179636B-FollowerState] INFO  impl.FollowerState (FollowerState.java:run(153)) - 62362ab0-30ae-49fa-a673-0da439c77b8d@group-97AB3179636B-FollowerState was interrupted
2024-09-15 17:07:40,670 [Thread-3966] INFO  server.GrpcServerProtocolClient (GrpcServerProtocolClient.java:close(103)) - 61f1eb6c-dc17-4b0b-858b-0bb1b85057d5 Close channels
2024-09-15 17:07:40,669 [grpc-default-executor-1] WARN  server.GrpcLogAppender (LogUtils.java:warn(121)) - fdb1bdfc-cd38-46a5-a741-21faac0cf152@group-97AB3179636B->62362ab0-30ae-49fa-a673-0da439c77b8d-AppendLogResponseHandler: Failed appendEntries: org.apache.ratis.thirdparty.io.grpc.StatusRuntimeException: CANCELLED: RST_STREAM closed stream. HTTP/2 error code: CANCEL
2024-09-15 17:07:40,669 [grpc-default-executor-5] INFO  server.GrpcLogAppender (GrpcLogAppender.java:onCompleted(550)) - 62362ab0-30ae-49fa-a673-0da439c77b8d@group-4522AB183087->fdb1bdfc-cd38-46a5-a741-21faac0cf152-AppendLogResponseHandler: follower responses appendEntries COMPLETED
2024-09-15 17:07:40,671 [62362ab0-30ae-49fa-a673-0da439c77b8d@group-4522AB183087-StateMachineUpdater] INFO  impl.StateMachineUpdater (StateMachineUpdater.java:takeSnapshot(303)) - 62362ab0-30ae-49fa-a673-0da439c77b8d@group-4522AB183087-StateMachineUpdater: Took a snapshot at index 0
2024-09-15 17:07:40,671 [62362ab0-30ae-49fa-a673-0da439c77b8d@group-4522AB183087-StateMachineUpdater] INFO  impl.StateMachineUpdater (StateMachineUpdater.java:lambda$new$0(102)) - 62362ab0-30ae-49fa-a673-0da439c77b8d@group-4522AB183087-StateMachineUpdater: snapshotIndex: updateIncreasingly -1 -> 0
2024-09-15 17:07:40,671 [62362ab0-30ae-49fa-a673-0da439c77b8d@group-4522AB183087-StateMachineUpdater] INFO  impl.StateMachineUpdater (StateMachineUpdater.java:stop(141)) - 62362ab0-30ae-49fa-a673-0da439c77b8d@group-4522AB183087-StateMachineUpdater: closing ContainerStateMachine, lastApplied=(t:1, i:0)
2024-09-15 17:07:40,671 [62362ab0-30ae-49fa-a673-0da439c77b8d@group-97AB3179636B-StateMachineUpdater] INFO  ratis.ContainerStateMachine (ContainerStateMachine.java:takeSnapshot(363)) - group-97AB3179636B: Taking a snapshot at:(t:1, i:11) file /home/runner/work/ozone/ozone/hadoop-ozone/integration-test/target/test-dir/MiniOzoneClusterImpl-eca91e6c-a84b-4041-8679-4afba91b5587/ozone-meta/datanode-1/ratis/4b34d6d8-6abb-4b9d-9724-97ab3179636b/sm/snapshot.1_11
2024-09-15 17:07:40,672 [main] INFO  server.GrpcService (GrpcService.java:closeImpl(320)) - 62362ab0-30ae-49fa-a673-0da439c77b8d: shutdown server GrpcServerProtocolService successfully
2024-09-15 17:07:40,671 [62362ab0-30ae-49fa-a673-0da439c77b8d-impl-thread4] INFO  impl.StateMachineUpdater (StateMachineUpdater.java:stopAndJoin(164)) - 62362ab0-30ae-49fa-a673-0da439c77b8d@group-97AB3179636B-StateMachineUpdater: set stopIndex = 11
2024-09-15 17:07:40,671 [62362ab0-30ae-49fa-a673-0da439c77b8d@group-4522AB183087-cacheEviction-AwaitToRun] INFO  util.AwaitToRun (AwaitToRun.java:run(49)) - 62362ab0-30ae-49fa-a673-0da439c77b8d@group-4522AB183087-cacheEviction-AwaitToRun-AwaitForSignal is interrupted
2024-09-15 17:07:40,671 [grpc-default-executor-1] INFO  server.GrpcLogAppender (GrpcLogAppender.java:onCompleted(550)) - 62362ab0-30ae-49fa-a673-0da439c77b8d@group-4522AB183087->fdb1bdfc-cd38-46a5-a741-21faac0cf152-AppendLogResponseHandler: follower responses appendEntries COMPLETED
2024-09-15 17:07:40,672 [grpc-default-executor-1] WARN  server.GrpcLogAppender (GrpcLogAppender.java:resetClient(230)) - 62362ab0-30ae-49fa-a673-0da439c77b8d@group-4522AB183087->fdb1bdfc-cd38-46a5-a741-21faac0cf152-GrpcLogAppender: Failed to getClient for fdb1bdfc-cd38-46a5-a741-21faac0cf152
org.apache.ratis.protocol.exceptions.AlreadyClosedException: 62362ab0-30ae-49fa-a673-0da439c77b8d is already CLOSED
	at org.apache.ratis.util.PeerProxyMap$PeerAndProxy.getProxy(PeerProxyMap.java:67)
	at org.apache.ratis.util.PeerProxyMap.getProxy(PeerProxyMap.java:124)
	at org.apache.ratis.grpc.server.GrpcLogAppender.getClient(GrpcLogAppender.java:200)
	at org.apache.ratis.grpc.server.GrpcLogAppender.resetClient(GrpcLogAppender.java:205)
	at org.apache.ratis.grpc.server.GrpcLogAppender.access$800(GrpcLogAppender.java:64)
	at org.apache.ratis.grpc.server.GrpcLogAppender$AppendLogResponseHandler.onCompleted(GrpcLogAppender.java:551)
	at org.apache.ratis.thirdparty.io.grpc.stub.ClientCalls$StreamObserverToCallListenerAdapter.onClose(ClientCalls.java:479)
	at org.apache.ratis.thirdparty.io.grpc.internal.ClientCallImpl.closeObserver(ClientCallImpl.java:567)
	at org.apache.ratis.thirdparty.io.grpc.internal.ClientCallImpl.access$300(ClientCallImpl.java:71)
	at org.apache.ratis.thirdparty.io.grpc.internal.ClientCallImpl$ClientStreamListenerImpl$1StreamClosed.runInternal(ClientCallImpl.java:735)
	at org.apache.ratis.thirdparty.io.grpc.internal.ClientCallImpl$ClientStreamListenerImpl$1StreamClosed.runInContext(ClientCallImpl.java:716)
	at org.apache.ratis.thirdparty.io.grpc.internal.ContextRunnable.run(ContextRunnable.java:37)
	at org.apache.ratis.thirdparty.io.grpc.internal.SerializingExecutor.run(SerializingExecutor.java:133)
	at java.base/java.util.concurrent.ThreadPoolExecutor.runWorker(ThreadPoolExecutor.java:1136)
	at java.base/java.util.concurrent.ThreadPoolExecutor$Worker.run(ThreadPoolExecutor.java:635)
	at java.base/java.lang.Thread.run(Thread.java:840)
2024-09-15 17:07:40,671 [grpc-default-executor-5] WARN  server.GrpcLogAppender (GrpcLogAppender.java:resetClient(230)) - 62362ab0-30ae-49fa-a673-0da439c77b8d@group-4522AB183087->fdb1bdfc-cd38-46a5-a741-21faac0cf152-GrpcLogAppender: Failed to getClient for fdb1bdfc-cd38-46a5-a741-21faac0cf152
org.apache.ratis.protocol.exceptions.AlreadyClosedException: 62362ab0-30ae-49fa-a673-0da439c77b8d is already CLOSED
	at org.apache.ratis.util.PeerProxyMap$PeerAndProxy.getProxy(PeerProxyMap.java:67)
	at org.apache.ratis.util.PeerProxyMap.getProxy(PeerProxyMap.java:124)
	at org.apache.ratis.grpc.server.GrpcLogAppender.getClient(GrpcLogAppender.java:200)
	at org.apache.ratis.grpc.server.GrpcLogAppender.resetClient(GrpcLogAppender.java:205)
	at org.apache.ratis.grpc.server.GrpcLogAppender.access$800(GrpcLogAppender.java:64)
	at org.apache.ratis.grpc.server.GrpcLogAppender$AppendLogResponseHandler.onCompleted(GrpcLogAppender.java:551)
	at org.apache.ratis.thirdparty.io.grpc.stub.ClientCalls$StreamObserverToCallListenerAdapter.onClose(ClientCalls.java:479)
	at org.apache.ratis.thirdparty.io.grpc.internal.ClientCallImpl.closeObserver(ClientCallImpl.java:567)
	at org.apache.ratis.thirdparty.io.grpc.internal.ClientCallImpl.access$300(ClientCallImpl.java:71)
	at org.apache.ratis.thirdparty.io.grpc.internal.ClientCallImpl$ClientStreamListenerImpl$1StreamClosed.runInternal(ClientCallImpl.java:735)
	at org.apache.ratis.thirdparty.io.grpc.internal.ClientCallImpl$ClientStreamListenerImpl$1StreamClosed.runInContext(ClientCallImpl.java:716)
	at org.apache.ratis.thirdparty.io.grpc.internal.ContextRunnable.run(ContextRunnable.java:37)
	at org.apache.ratis.thirdparty.io.grpc.internal.SerializingExecutor.run(SerializingExecutor.java:133)
	at java.base/java.util.concurrent.ThreadPoolExecutor.runWorker(ThreadPoolExecutor.java:1136)
	at java.base/java.util.concurrent.ThreadPoolExecutor$Worker.run(ThreadPoolExecutor.java:635)
	at java.base/java.lang.Thread.run(Thread.java:840)
2024-09-15 17:07:40,672 [62362ab0-30ae-49fa-a673-0da439c77b8d@group-97AB3179636B-StateMachineUpdater] INFO  ratis.ContainerStateMachine (ContainerStateMachine.java:takeSnapshot(374)) - group-97AB3179636B: Finished taking a snapshot at:(t:1, i:11) file:/home/runner/work/ozone/ozone/hadoop-ozone/integration-test/target/test-dir/MiniOzoneClusterImpl-eca91e6c-a84b-4041-8679-4afba91b5587/ozone-meta/datanode-1/ratis/4b34d6d8-6abb-4b9d-9724-97ab3179636b/sm/snapshot.1_11 took: 2 ms
2024-09-15 17:07:40,673 [62362ab0-30ae-49fa-a673-0da439c77b8d@group-97AB3179636B-StateMachineUpdater] INFO  impl.StateMachineUpdater (StateMachineUpdater.java:takeSnapshot(303)) - 62362ab0-30ae-49fa-a673-0da439c77b8d@group-97AB3179636B-StateMachineUpdater: Took a snapshot at index 11
2024-09-15 17:07:40,673 [62362ab0-30ae-49fa-a673-0da439c77b8d@group-97AB3179636B-StateMachineUpdater] INFO  impl.StateMachineUpdater (StateMachineUpdater.java:lambda$new$0(102)) - 62362ab0-30ae-49fa-a673-0da439c77b8d@group-97AB3179636B-StateMachineUpdater: snapshotIndex: updateIncreasingly -1 -> 11
2024-09-15 17:07:40,673 [62362ab0-30ae-49fa-a673-0da439c77b8d@group-97AB3179636B-StateMachineUpdater] INFO  impl.StateMachineUpdater (StateMachineUpdater.java:stop(141)) - 62362ab0-30ae-49fa-a673-0da439c77b8d@group-97AB3179636B-StateMachineUpdater: closing ContainerStateMachine, lastApplied=(t:1, i:11)
2024-09-15 17:07:40,673 [62362ab0-30ae-49fa-a673-0da439c77b8d@group-97AB3179636B-cacheEviction-AwaitToRun] INFO  util.AwaitToRun (AwaitToRun.java:run(49)) - 62362ab0-30ae-49fa-a673-0da439c77b8d@group-97AB3179636B-cacheEviction-AwaitToRun-AwaitForSignal is interrupted
2024-09-15 17:07:40,676 [62362ab0-30ae-49fa-a673-0da439c77b8d-NettyServerStreamRpc-bossGroup--thread1] INFO  logging.LoggingHandler (AbstractInternalLogger.java:log(148)) - [id: 0x49f07afc, L:/0.0.0.0:15174] CLOSE
2024-09-15 17:07:40,676 [62362ab0-30ae-49fa-a673-0da439c77b8d-NettyServerStreamRpc-bossGroup--thread1] INFO  logging.LoggingHandler (AbstractInternalLogger.java:log(148)) - [id: 0x49f07afc, L:/0.0.0.0:15174] INACTIVE
2024-09-15 17:07:40,676 [62362ab0-30ae-49fa-a673-0da439c77b8d-NettyServerStreamRpc-bossGroup--thread1] INFO  logging.LoggingHandler (AbstractInternalLogger.java:log(148)) - [id: 0x49f07afc, L:/0.0.0.0:15174] UNREGISTERED
2024-09-15 17:07:40,704 [EventQueue-StaleNodeForStaleNodeHandler] INFO  node.StaleNodeHandler (StaleNodeHandler.java:onMessage(57)) - Datanode 61f1eb6c-dc17-4b0b-858b-0bb1b85057d5(localhost/127.0.0.1) moved to stale state. Finalizing its pipelines [PipelineID=bb0751b5-e24a-4f27-8882-e5f3e020c69c, PipelineID=ffe936e1-90b0-46c0-bf1c-9f891b4926a6, PipelineID=c8c705c7-4182-4f71-bc0b-4522ab183087, PipelineID=4b34d6d8-6abb-4b9d-9724-97ab3179636b]
2024-09-15 17:07:40,704 [EventQueue-StaleNodeForStaleNodeHandler] INFO  pipeline.PipelineManagerImpl (PipelineManagerImpl.java:closePipeline(518)) - Pipeline PipelineID=bb0751b5-e24a-4f27-8882-e5f3e020c69c moved to CLOSED state
2024-09-15 17:07:40,705 [EventQueue-StaleNodeForStaleNodeHandler] INFO  pipeline.PipelineManagerImpl (PipelineManagerImpl.java:closePipeline(518)) - Pipeline PipelineID=ffe936e1-90b0-46c0-bf1c-9f891b4926a6 moved to CLOSED state
2024-09-15 17:07:40,705 [EventQueue-StaleNodeForStaleNodeHandler] INFO  pipeline.PipelineManagerImpl (PipelineManagerImpl.java:closePipeline(518)) - Pipeline PipelineID=c8c705c7-4182-4f71-bc0b-4522ab183087 moved to CLOSED state
2024-09-15 17:07:40,705 [EventQueue-StaleNodeForStaleNodeHandler] INFO  pipeline.PipelineManagerImpl (PipelineManagerImpl.java:closeContainersForPipeline(484)) - Container #1 closed for pipeline=PipelineID=4b34d6d8-6abb-4b9d-9724-97ab3179636b
2024-09-15 17:07:40,706 [EventQueue-CloseContainerForCloseContainerEventHandler] INFO  container.CloseContainerEventHandler (CloseContainerEventHandler.java:onMessage(88)) - Close container Event triggered for container : #1, current state: CLOSING
2024-09-15 17:07:40,706 [EventQueue-StaleNodeForStaleNodeHandler] INFO  pipeline.PipelineManagerImpl (PipelineManagerImpl.java:closePipeline(518)) - Pipeline PipelineID=4b34d6d8-6abb-4b9d-9724-97ab3179636b moved to CLOSED state
2024-09-15 17:07:40,830 [62362ab0-30ae-49fa-a673-0da439c77b8d-impl-thread2] INFO  segmented.SegmentedRaftLogWorker (SegmentedRaftLogWorker.java:close(248)) - 62362ab0-30ae-49fa-a673-0da439c77b8d@group-7685EA4B7899-SegmentedRaftLogWorker close()
2024-09-15 17:07:40,830 [62362ab0-30ae-49fa-a673-0da439c77b8d-impl-thread2] INFO  ratis.ContainerStateMachine (ContainerStateMachine.java:notifyServerShutdown(957)) - group-7685EA4B7899 is closed by HddsDatanodeService
2024-09-15 17:07:40,893 [62362ab0-30ae-49fa-a673-0da439c77b8d-impl-thread3] INFO  segmented.SegmentedRaftLogWorker (SegmentedRaftLogWorker.java:close(248)) - 62362ab0-30ae-49fa-a673-0da439c77b8d@group-4522AB183087-SegmentedRaftLogWorker close()
2024-09-15 17:07:40,893 [62362ab0-30ae-49fa-a673-0da439c77b8d-impl-thread3] INFO  ratis.ContainerStateMachine (ContainerStateMachine.java:notifyServerShutdown(957)) - group-4522AB183087 is closed by HddsDatanodeService
2024-09-15 17:07:40,952 [62362ab0-30ae-49fa-a673-0da439c77b8d-impl-thread1] INFO  segmented.SegmentedRaftLogWorker (SegmentedRaftLogWorker.java:close(248)) - 62362ab0-30ae-49fa-a673-0da439c77b8d@group-9F891B4926A6-SegmentedRaftLogWorker close()
2024-09-15 17:07:40,953 [62362ab0-30ae-49fa-a673-0da439c77b8d-impl-thread1] INFO  ratis.ContainerStateMachine (ContainerStateMachine.java:notifyServerShutdown(957)) - group-9F891B4926A6 is closed by HddsDatanodeService
2024-09-15 17:07:41,641 [62362ab0-30ae-49fa-a673-0da439c77b8d-impl-thread4] INFO  segmented.SegmentedRaftLogWorker (SegmentedRaftLogWorker.java:close(248)) - 62362ab0-30ae-49fa-a673-0da439c77b8d@group-97AB3179636B-SegmentedRaftLogWorker close()
2024-09-15 17:07:41,641 [62362ab0-30ae-49fa-a673-0da439c77b8d-impl-thread4] INFO  ratis.ContainerStateMachine (ContainerStateMachine.java:notifyServerShutdown(957)) - group-97AB3179636B is closed by HddsDatanodeService
2024-09-15 17:07:41,641 [JvmPauseMonitor23] INFO  util.JvmPauseMonitor (JvmPauseMonitor.java:run(152)) - JvmPauseMonitor-62362ab0-30ae-49fa-a673-0da439c77b8d: Stopped
2024-09-15 17:07:42,671 [timer7] WARN  server.GrpcLogAppender (GrpcLogAppender.java:lambda$resetClient$1(221)) - fdb1bdfc-cd38-46a5-a741-21faac0cf152@group-97AB3179636B->61f1eb6c-dc17-4b0b-858b-0bb1b85057d5-GrpcLogAppender: Follower failed (request=null, errorCount=8); keep nextIndex (12) unchanged and retry. (Repeated 8 times in the last 5.000s)
2024-09-15 17:07:42,671 [timer6] WARN  server.GrpcLogAppender (LogUtils.java:warn(121)) - fdb1bdfc-cd38-46a5-a741-21faac0cf152@group-97AB3179636B->61f1eb6c-dc17-4b0b-858b-0bb1b85057d5-AppendLogResponseHandler: Failed appendEntries (Repeated 8 times in the last 5.001s): org.apache.ratis.thirdparty.io.grpc.StatusRuntimeException: UNAVAILABLE: io exception
2024-09-15 17:07:42,672 [timer0] WARN  server.GrpcLogAppender (LogUtils.java:warn(121)) - 62362ab0-30ae-49fa-a673-0da439c77b8d@group-4522AB183087->61f1eb6c-dc17-4b0b-858b-0bb1b85057d5-AppendLogResponseHandler: Failed appendEntries (Repeated 4 times in the last 5.000s): org.apache.ratis.thirdparty.io.grpc.StatusRuntimeException: UNAVAILABLE: io exception
2024-09-15 17:07:42,672 [timer1] WARN  server.GrpcLogAppender (GrpcLogAppender.java:lambda$resetClient$1(221)) - 62362ab0-30ae-49fa-a673-0da439c77b8d@group-4522AB183087->61f1eb6c-dc17-4b0b-858b-0bb1b85057d5-GrpcLogAppender: Follower failed (request=null, errorCount=4); keep nextIndex (1) unchanged and retry. (Repeated 4 times in the last 5.000s)
2024-09-15 17:07:43,616 [grpc-default-executor-1] WARN  server.GrpcLogAppender (LogUtils.java:warn(121)) - fdb1bdfc-cd38-46a5-a741-21faac0cf152@group-97AB3179636B->61f1eb6c-dc17-4b0b-858b-0bb1b85057d5-AppendLogResponseHandler: Failed appendEntries: org.apache.ratis.thirdparty.io.grpc.StatusRuntimeException: UNAVAILABLE: io exception
2024-09-15 17:07:43,617 [grpc-default-executor-5] WARN  server.GrpcLogAppender (GrpcLogAppender.java:lambda$resetClient$1(221)) - fdb1bdfc-cd38-46a5-a741-21faac0cf152@group-97AB3179636B->62362ab0-30ae-49fa-a673-0da439c77b8d-GrpcLogAppender: Follower failed (request=null, errorCount=5); keep nextIndex (13) unchanged and retry.
2024-09-15 17:07:43,617 [grpc-default-executor-1] WARN  server.GrpcLogAppender (GrpcLogAppender.java:lambda$resetClient$1(221)) - fdb1bdfc-cd38-46a5-a741-21faac0cf152@group-97AB3179636B->61f1eb6c-dc17-4b0b-858b-0bb1b85057d5-GrpcLogAppender: Follower failed (request=null, errorCount=9); keep nextIndex (13) unchanged and retry.
2024-09-15 17:07:43,644 [main] INFO  utils.DatanodeStoreCache (DatanodeStoreCache.java:shutdownCache(116)) - Skip clearing cache in mini cluster mode. Entries left: [/home/runner/work/ozone/ozone/hadoop-ozone/integration-test/target/test-dir/MiniOzoneClusterImpl-eca91e6c-a84b-4041-8679-4afba91b5587/ozone-meta/datanode-1/data-0/hdds/eca91e6c-a84b-4041-8679-4afba91b5587/DS-5b11a8cc-366f-4884-99e4-401b09af1fda/container.db, /home/runner/work/ozone/ozone/hadoop-ozone/integration-test/target/test-dir/MiniOzoneClusterImpl-eca91e6c-a84b-4041-8679-4afba91b5587/ozone-meta/datanode-3/data-0/hdds/eca91e6c-a84b-4041-8679-4afba91b5587/DS-481d729f-9e83-4a31-909e-97af8894f3f7/container.db, /home/runner/work/ozone/ozone/hadoop-ozone/integration-test/target/test-dir/MiniOzoneClusterImpl-eca91e6c-a84b-4041-8679-4afba91b5587/ozone-meta/datanode-4/data-0/hdds/eca91e6c-a84b-4041-8679-4afba91b5587/DS-16c80397-aedb-4bb2-a4b0-de297102bf17/container.db, /home/runner/work/ozone/ozone/hadoop-ozone/integration-test/target/test-dir/MiniOzoneClusterImpl-eca91e6c-a84b-4041-8679-4afba91b5587/ozone-meta/datanode-5/data-0/hdds/eca91e6c-a84b-4041-8679-4afba91b5587/DS-c799a723-692b-4ad4-98a3-376473112b05/container.db]
2024-09-15 17:07:43,645 [main] INFO  utils.DatanodeStoreCache (DatanodeStoreCache.java:removeDB(110)) - Removed db /home/runner/work/ozone/ozone/hadoop-ozone/integration-test/target/test-dir/MiniOzoneClusterImpl-eca91e6c-a84b-4041-8679-4afba91b5587/ozone-meta/datanode-1/data-0/hdds/eca91e6c-a84b-4041-8679-4afba91b5587/DS-5b11a8cc-366f-4884-99e4-401b09af1fda/container.db from cache
2024-09-15 17:07:43,645 [main] INFO  volume.HddsVolume (HddsVolume.java:closeDbStore(462)) - SchemaV3 db is stopped at /home/runner/work/ozone/ozone/hadoop-ozone/integration-test/target/test-dir/MiniOzoneClusterImpl-eca91e6c-a84b-4041-8679-4afba91b5587/ozone-meta/datanode-1/data-0/hdds/eca91e6c-a84b-4041-8679-4afba91b5587/DS-5b11a8cc-366f-4884-99e4-401b09af1fda/container.db for volume DS-5b11a8cc-366f-4884-99e4-401b09af1fda
2024-09-15 17:07:43,645 [main] INFO  utils.BackgroundService (BackgroundService.java:shutdown(163)) - Shutting down service BlockDeletingService
2024-09-15 17:07:43,646 [main] INFO  utils.BackgroundService (BackgroundService.java:shutdown(163)) - Shutting down service StaleRecoveringContainerScrubbingService
2024-09-15 17:07:43,646 [main] INFO  statemachine.DatanodeStateMachine (DatanodeStateMachine.java:stopDaemon(626)) - Ozone container server stopped.
2024-09-15 17:07:43,659 [main] INFO  handler.ContextHandler (ContextHandler.java:doStop(1159)) - Stopped o.e.j.w.WebAppContext@454bc819{hddsDatanode,/,null,STOPPED}{jar:file:/home/runner/work/ozone/ozone/hadoop-hdds/container-service/target/hdds-container-service-1.5.0-SNAPSHOT.jar!/webapps/hddsDatanode}
2024-09-15 17:07:43,659 [main] INFO  server.AbstractConnector (AbstractConnector.java:doStop(383)) - Stopped ServerConnector@459606bd{HTTP/1.1, (http/1.1)}{0.0.0.0:15168}
2024-09-15 17:07:43,659 [main] INFO  server.session (HouseKeeper.java:stopScavenging(149)) - node0 Stopped scavenging
2024-09-15 17:07:43,659 [main] INFO  handler.ContextHandler (ContextHandler.java:doStop(1159)) - Stopped o.e.j.s.ServletContextHandler@3cd60397{static,/static,jar:file:/home/runner/work/ozone/ozone/hadoop-hdds/container-service/target/hdds-container-service-1.5.0-SNAPSHOT.jar!/webapps/static,STOPPED}
2024-09-15 17:07:43,660 [main] INFO  handler.ContextHandler (ContextHandler.java:doStop(1159)) - Stopped o.e.j.s.ServletContextHandler@be4982d{logs,/logs,file:///home/runner/work/ozone/ozone/hadoop-ozone/integration-test/target/log,STOPPED}
2024-09-15 17:07:43,660 [main] INFO  ozone.HddsDatanodeClientProtocolServer (HddsDatanodeClientProtocolServer.java:stop(85)) - Stopping the RPC server for Client Protocol
2024-09-15 17:07:43,660 [main] INFO  ipc.Server (Server.java:stop(3523)) - Stopping server on 15169
2024-09-15 17:07:43,661 [IPC Server listener on 15169] INFO  ipc.Server (Server.java:run(1434)) - Stopping IPC Server listener on 15169
2024-09-15 17:07:43,662 [IPC Server Responder] INFO  ipc.Server (Server.java:run(1567)) - Stopping IPC Server Responder
17:07:43.666 [fdb1bdfc-cd38-46a5-a741-21faac0cf152-client-thread1] ERROR DNAudit - user=null | ip=null | op=WRITE_CHUNK {blockData=conID: 1 locID: 113750153625600001 bcsId: 9 replicaIndex: 0, offset=500, size=100} | ret=FAILURE
org.apache.hadoop.hdds.scm.container.common.helpers.ContainerNotOpenException: Container 1 in CLOSING state
	at org.apache.hadoop.ozone.container.common.impl.HddsDispatcher.validateContainerCommand(HddsDispatcher.java:571) ~[hdds-container-service-1.5.0-SNAPSHOT.jar:?]
	at org.apache.hadoop.ozone.container.common.transport.server.ratis.ContainerStateMachine.startTransaction(ContainerStateMachine.java:426) ~[hdds-container-service-1.5.0-SNAPSHOT.jar:?]
	at org.apache.ratis.server.impl.RaftServerImpl.writeAsyncImpl(RaftServerImpl.java:975) ~[ratis-server-3.1.0.jar:3.1.0]
	at org.apache.ratis.server.impl.RaftServerImpl.writeAsync(RaftServerImpl.java:945) ~[ratis-server-3.1.0.jar:3.1.0]
	at org.apache.ratis.server.impl.RaftServerImpl.replyFuture(RaftServerImpl.java:937) ~[ratis-server-3.1.0.jar:3.1.0]
	at org.apache.ratis.server.impl.RaftServerImpl.submitClientRequestAsync(RaftServerImpl.java:912) ~[ratis-server-3.1.0.jar:3.1.0]
	at org.apache.ratis.server.impl.RaftServerImpl.lambda$executeSubmitClientRequestAsync$11(RaftServerImpl.java:893) ~[ratis-server-3.1.0.jar:3.1.0]
	at java.base/java.util.concurrent.CompletableFuture$AsyncSupply.run(CompletableFuture.java:1768) [?:?]
	at java.base/java.util.concurrent.ThreadPoolExecutor.runWorker(ThreadPoolExecutor.java:1136) [?:?]
	at java.base/java.util.concurrent.ThreadPoolExecutor$Worker.run(ThreadPoolExecutor.java:635) [?:?]
	at java.base/java.lang.Thread.run(Thread.java:840) [?:?]
17:07:43.678 [fdb1bdfc-cd38-46a5-a741-21faac0cf152-client-thread1] ERROR DNAudit - user=null | ip=null | op=WRITE_CHUNK {blockData=conID: 1 locID: 113750153625600001 bcsId: 9 replicaIndex: 0, offset=600, size=100} | ret=FAILURE
org.apache.hadoop.hdds.scm.container.common.helpers.ContainerNotOpenException: Container 1 in CLOSING state
	at org.apache.hadoop.ozone.container.common.impl.HddsDispatcher.validateContainerCommand(HddsDispatcher.java:571) ~[hdds-container-service-1.5.0-SNAPSHOT.jar:?]
	at org.apache.hadoop.ozone.container.common.transport.server.ratis.ContainerStateMachine.startTransaction(ContainerStateMachine.java:426) ~[hdds-container-service-1.5.0-SNAPSHOT.jar:?]
	at org.apache.ratis.server.impl.RaftServerImpl.writeAsyncImpl(RaftServerImpl.java:975) ~[ratis-server-3.1.0.jar:3.1.0]
	at org.apache.ratis.server.impl.RaftServerImpl.writeAsync(RaftServerImpl.java:945) ~[ratis-server-3.1.0.jar:3.1.0]
	at org.apache.ratis.server.impl.RaftServerImpl.replyFuture(RaftServerImpl.java:937) ~[ratis-server-3.1.0.jar:3.1.0]
	at org.apache.ratis.server.impl.RaftServerImpl.submitClientRequestAsync(RaftServerImpl.java:912) ~[ratis-server-3.1.0.jar:3.1.0]
	at org.apache.ratis.server.impl.RaftServerImpl.lambda$executeSubmitClientRequestAsync$11(RaftServerImpl.java:893) ~[ratis-server-3.1.0.jar:3.1.0]
	at java.base/java.util.concurrent.CompletableFuture$AsyncSupply.run(CompletableFuture.java:1768) [?:?]
	at java.base/java.util.concurrent.ThreadPoolExecutor.runWorker(ThreadPoolExecutor.java:1136) [?:?]
	at java.base/java.util.concurrent.ThreadPoolExecutor$Worker.run(ThreadPoolExecutor.java:635) [?:?]
	at java.base/java.lang.Thread.run(Thread.java:840) [?:?]
2024-09-15 17:07:43,678 [grpc-default-executor-2] ERROR impl.OrderedAsync (OrderedAsync.java:lambda$send$4(181)) - Failed to send request, message=cmdType: WriteChunk
traceID: ""
containerID: 1
datanodeUuid: "61f1eb6c-dc17-4b0b-858b-0bb1b85057d5"
writeChunk {
  blockID {
    containerID: 1
    localID: 113750153625600001
    blockCommitSequenceId: 9
    replicaIndex: 0
  }
  chunkData {
    chunkName: "113750153625600001_chunk_6"
    offset: 500
    len: 100
    checksumData {
      type: NONE
      bytesPerChecksum: 16384
    }
  }
}
version: 4
, data.size=100
java.util.concurrent.CompletionException: org.apache.ratis.protocol.exceptions.StateMachineException: org.apache.hadoop.hdds.scm.container.common.helpers.ContainerNotOpenException from Server fdb1bdfc-cd38-46a5-a741-21faac0cf152@group-97AB3179636B: Container 1 in CLOSING state
	at org.apache.ratis.client.impl.RaftClientImpl.handleRaftException(RaftClientImpl.java:373)
	at org.apache.ratis.client.impl.OrderedAsync.lambda$send$3(OrderedAsync.java:175)
	at java.base/java.util.concurrent.CompletableFuture$UniApply.tryFire(CompletableFuture.java:646)
	at java.base/java.util.concurrent.CompletableFuture.postComplete(CompletableFuture.java:510)
	at java.base/java.util.concurrent.CompletableFuture.complete(CompletableFuture.java:2147)
	at org.apache.ratis.client.impl.OrderedAsync$PendingOrderedRequest.setReply(OrderedAsync.java:105)
	at org.apache.ratis.client.impl.OrderedAsync$PendingOrderedRequest.setReply(OrderedAsync.java:66)
	at org.apache.ratis.util.SlidingWindow$RequestMap.setReply(SlidingWindow.java:147)
	at org.apache.ratis.util.SlidingWindow$Client.receiveReply(SlidingWindow.java:351)
	at org.apache.ratis.client.impl.OrderedAsync.lambda$sendRequestWithRetry$5(OrderedAsync.java:210)
	at java.base/java.util.concurrent.CompletableFuture$UniAccept.tryFire(CompletableFuture.java:718)
	at java.base/java.util.concurrent.CompletableFuture.postComplete(CompletableFuture.java:510)
	at java.base/java.util.concurrent.CompletableFuture.complete(CompletableFuture.java:2147)
	at org.apache.ratis.grpc.client.GrpcClientProtocolClient$AsyncStreamObservers$1.lambda$onNext$0(GrpcClientProtocolClient.java:322)
	at java.base/java.util.Optional.ifPresent(Optional.java:178)
	at org.apache.ratis.grpc.client.GrpcClientProtocolClient$AsyncStreamObservers.handleReplyFuture(GrpcClientProtocolClient.java:378)
	at org.apache.ratis.grpc.client.GrpcClientProtocolClient$AsyncStreamObservers.access$100(GrpcClientProtocolClient.java:300)
	at org.apache.ratis.grpc.client.GrpcClientProtocolClient$AsyncStreamObservers$1.onNext(GrpcClientProtocolClient.java:322)
	at org.apache.ratis.grpc.client.GrpcClientProtocolClient$AsyncStreamObservers$1.onNext(GrpcClientProtocolClient.java:305)
	at org.apache.ratis.thirdparty.io.grpc.stub.ClientCalls$StreamObserverToCallListenerAdapter.onMessage(ClientCalls.java:468)
	at org.apache.ratis.thirdparty.io.grpc.ForwardingClientCallListener.onMessage(ForwardingClientCallListener.java:33)
	at org.apache.ratis.thirdparty.io.grpc.internal.ClientCallImpl$ClientStreamListenerImpl$1MessagesAvailable.runInternal(ClientCallImpl.java:660)
	at org.apache.ratis.thirdparty.io.grpc.internal.ClientCallImpl$ClientStreamListenerImpl$1MessagesAvailable.runInContext(ClientCallImpl.java:647)
	at org.apache.ratis.thirdparty.io.grpc.internal.ContextRunnable.run(ContextRunnable.java:37)
	at org.apache.ratis.thirdparty.io.grpc.internal.SerializingExecutor.run(SerializingExecutor.java:133)
	at java.base/java.util.concurrent.ThreadPoolExecutor.runWorker(ThreadPoolExecutor.java:1136)
	at java.base/java.util.concurrent.ThreadPoolExecutor$Worker.run(ThreadPoolExecutor.java:635)
	at java.base/java.lang.Thread.run(Thread.java:840)
Caused by: org.apache.ratis.protocol.exceptions.StateMachineException: org.apache.hadoop.hdds.scm.container.common.helpers.ContainerNotOpenException from Server fdb1bdfc-cd38-46a5-a741-21faac0cf152@group-97AB3179636B: Container 1 in CLOSING state
	at org.apache.hadoop.ozone.container.common.impl.HddsDispatcher.validateContainerCommand(HddsDispatcher.java:571)
	at org.apache.hadoop.ozone.container.common.transport.server.ratis.ContainerStateMachine.startTransaction(ContainerStateMachine.java:426)
	at org.apache.ratis.server.impl.RaftServerImpl.writeAsyncImpl(RaftServerImpl.java:975)
	at org.apache.ratis.server.impl.RaftServerImpl.writeAsync(RaftServerImpl.java:945)
	at org.apache.ratis.server.impl.RaftServerImpl.replyFuture(RaftServerImpl.java:937)
	at org.apache.ratis.server.impl.RaftServerImpl.submitClientRequestAsync(RaftServerImpl.java:912)
	at org.apache.ratis.server.impl.RaftServerImpl.lambda$executeSubmitClientRequestAsync$11(RaftServerImpl.java:893)
	at java.base/java.util.concurrent.CompletableFuture$AsyncSupply.run(CompletableFuture.java:1768)
	... 3 more
Caused by: org.apache.hadoop.hdds.scm.container.common.helpers.ContainerNotOpenException: Container 1 in CLOSING state
	at java.base/jdk.internal.reflect.NativeConstructorAccessorImpl.newInstance0(Native Method)
	at java.base/jdk.internal.reflect.NativeConstructorAccessorImpl.newInstance(NativeConstructorAccessorImpl.java:77)
	at java.base/jdk.internal.reflect.DelegatingConstructorAccessorImpl.newInstance(DelegatingConstructorAccessorImpl.java:45)
	at java.base/java.lang.reflect.Constructor.newInstanceWithCaller(Constructor.java:500)
	at java.base/java.lang.reflect.Constructor.newInstance(Constructor.java:481)
	at org.apache.ratis.util.ReflectionUtils.instantiateException(ReflectionUtils.java:259)
	at org.apache.ratis.client.impl.ClientProtoUtils.toStateMachineException(ClientProtoUtils.java:451)
	at org.apache.ratis.client.impl.ClientProtoUtils.toStateMachineException(ClientProtoUtils.java:437)
	at org.apache.ratis.client.impl.ClientProtoUtils.toRaftClientReply(ClientProtoUtils.java:404)
	at org.apache.ratis.grpc.client.GrpcClientProtocolClient$AsyncStreamObservers$1.onNext(GrpcClientProtocolClient.java:310)
	at org.apache.ratis.grpc.client.GrpcClientProtocolClient$AsyncStreamObservers$1.onNext(GrpcClientProtocolClient.java:305)
	at org.apache.ratis.thirdparty.io.grpc.stub.ClientCalls$StreamObserverToCallListenerAdapter.onMessage(ClientCalls.java:468)
	at org.apache.ratis.thirdparty.io.grpc.ForwardingClientCallListener.onMessage(ForwardingClientCallListener.java:33)
	at org.apache.ratis.thirdparty.io.grpc.internal.ClientCallImpl$ClientStreamListenerImpl$1MessagesAvailable.runInternal(ClientCallImpl.java:660)
	at org.apache.ratis.thirdparty.io.grpc.internal.ClientCallImpl$ClientStreamListenerImpl$1MessagesAvailable.runInContext(ClientCallImpl.java:647)
	at org.apache.ratis.thirdparty.io.grpc.internal.ContextRunnable.run(ContextRunnable.java:37)
	at org.apache.ratis.thirdparty.io.grpc.internal.SerializingExecutor.run(SerializingExecutor.java:133)
	... 3 more
2024-09-15 17:07:43,680 [grpc-default-executor-2] ERROR impl.OrderedAsync (OrderedAsync.java:lambda$send$4(181)) - Failed to send request, message=cmdType: WriteChunk
traceID: ""
containerID: 1
datanodeUuid: "61f1eb6c-dc17-4b0b-858b-0bb1b85057d5"
writeChunk {
  blockID {
    containerID: 1
    localID: 113750153625600001
    blockCommitSequenceId: 9
    replicaIndex: 0
  }
  chunkData {
    chunkName: "113750153625600001_chunk_7"
    offset: 600
    len: 100
    checksumData {
      type: NONE
      bytesPerChecksum: 16384
    }
  }
}
version: 4
, data.size=100
java.util.concurrent.CompletionException: org.apache.ratis.protocol.exceptions.StateMachineException: org.apache.hadoop.hdds.scm.container.common.helpers.ContainerNotOpenException from Server fdb1bdfc-cd38-46a5-a741-21faac0cf152@group-97AB3179636B: Container 1 in CLOSING state
	at org.apache.ratis.client.impl.RaftClientImpl.handleRaftException(RaftClientImpl.java:373)
	at org.apache.ratis.client.impl.OrderedAsync.lambda$send$3(OrderedAsync.java:175)
	at java.base/java.util.concurrent.CompletableFuture$UniApply.tryFire(CompletableFuture.java:646)
	at java.base/java.util.concurrent.CompletableFuture.postComplete(CompletableFuture.java:510)
	at java.base/java.util.concurrent.CompletableFuture.complete(CompletableFuture.java:2147)
	at org.apache.ratis.client.impl.OrderedAsync$PendingOrderedRequest.setReply(OrderedAsync.java:105)
	at org.apache.ratis.client.impl.OrderedAsync$PendingOrderedRequest.setReply(OrderedAsync.java:66)
	at org.apache.ratis.util.SlidingWindow$RequestMap.setReply(SlidingWindow.java:147)
	at org.apache.ratis.util.SlidingWindow$Client.receiveReply(SlidingWindow.java:351)
	at org.apache.ratis.client.impl.OrderedAsync.lambda$sendRequestWithRetry$5(OrderedAsync.java:210)
	at java.base/java.util.concurrent.CompletableFuture$UniAccept.tryFire(CompletableFuture.java:718)
	at java.base/java.util.concurrent.CompletableFuture.postComplete(CompletableFuture.java:510)
	at java.base/java.util.concurrent.CompletableFuture.complete(CompletableFuture.java:2147)
	at org.apache.ratis.grpc.client.GrpcClientProtocolClient$AsyncStreamObservers$1.lambda$onNext$0(GrpcClientProtocolClient.java:322)
	at java.base/java.util.Optional.ifPresent(Optional.java:178)
	at org.apache.ratis.grpc.client.GrpcClientProtocolClient$AsyncStreamObservers.handleReplyFuture(GrpcClientProtocolClient.java:378)
	at org.apache.ratis.grpc.client.GrpcClientProtocolClient$AsyncStreamObservers.access$100(GrpcClientProtocolClient.java:300)
	at org.apache.ratis.grpc.client.GrpcClientProtocolClient$AsyncStreamObservers$1.onNext(GrpcClientProtocolClient.java:322)
	at org.apache.ratis.grpc.client.GrpcClientProtocolClient$AsyncStreamObservers$1.onNext(GrpcClientProtocolClient.java:305)
	at org.apache.ratis.thirdparty.io.grpc.stub.ClientCalls$StreamObserverToCallListenerAdapter.onMessage(ClientCalls.java:468)
	at org.apache.ratis.thirdparty.io.grpc.ForwardingClientCallListener.onMessage(ForwardingClientCallListener.java:33)
	at org.apache.ratis.thirdparty.io.grpc.internal.ClientCallImpl$ClientStreamListenerImpl$1MessagesAvailable.runInternal(ClientCallImpl.java:660)
	at org.apache.ratis.thirdparty.io.grpc.internal.ClientCallImpl$ClientStreamListenerImpl$1MessagesAvailable.runInContext(ClientCallImpl.java:647)
	at org.apache.ratis.thirdparty.io.grpc.internal.ContextRunnable.run(ContextRunnable.java:37)
	at org.apache.ratis.thirdparty.io.grpc.internal.SerializingExecutor.run(SerializingExecutor.java:133)
	at java.base/java.util.concurrent.ThreadPoolExecutor.runWorker(ThreadPoolExecutor.java:1136)
	at java.base/java.util.concurrent.ThreadPoolExecutor$Worker.run(ThreadPoolExecutor.java:635)
	at java.base/java.lang.Thread.run(Thread.java:840)
Caused by: org.apache.ratis.protocol.exceptions.StateMachineException: org.apache.hadoop.hdds.scm.container.common.helpers.ContainerNotOpenException from Server fdb1bdfc-cd38-46a5-a741-21faac0cf152@group-97AB3179636B: Container 1 in CLOSING state
	at org.apache.hadoop.ozone.container.common.impl.HddsDispatcher.validateContainerCommand(HddsDispatcher.java:571)
	at org.apache.hadoop.ozone.container.common.transport.server.ratis.ContainerStateMachine.startTransaction(ContainerStateMachine.java:426)
	at org.apache.ratis.server.impl.RaftServerImpl.writeAsyncImpl(RaftServerImpl.java:975)
	at org.apache.ratis.server.impl.RaftServerImpl.writeAsync(RaftServerImpl.java:945)
	at org.apache.ratis.server.impl.RaftServerImpl.replyFuture(RaftServerImpl.java:937)
	at org.apache.ratis.server.impl.RaftServerImpl.submitClientRequestAsync(RaftServerImpl.java:912)
	at org.apache.ratis.server.impl.RaftServerImpl.lambda$executeSubmitClientRequestAsync$11(RaftServerImpl.java:893)
	at java.base/java.util.concurrent.CompletableFuture$AsyncSupply.run(CompletableFuture.java:1768)
	... 3 more
Caused by: org.apache.hadoop.hdds.scm.container.common.helpers.ContainerNotOpenException: Container 1 in CLOSING state
	at java.base/jdk.internal.reflect.NativeConstructorAccessorImpl.newInstance0(Native Method)
	at java.base/jdk.internal.reflect.NativeConstructorAccessorImpl.newInstance(NativeConstructorAccessorImpl.java:77)
	at java.base/jdk.internal.reflect.DelegatingConstructorAccessorImpl.newInstance(DelegatingConstructorAccessorImpl.java:45)
	at java.base/java.lang.reflect.Constructor.newInstanceWithCaller(Constructor.java:500)
	at java.base/java.lang.reflect.Constructor.newInstance(Constructor.java:481)
	at org.apache.ratis.util.ReflectionUtils.instantiateException(ReflectionUtils.java:259)
	at org.apache.ratis.client.impl.ClientProtoUtils.toStateMachineException(ClientProtoUtils.java:451)
	at org.apache.ratis.client.impl.ClientProtoUtils.toStateMachineException(ClientProtoUtils.java:437)
	at org.apache.ratis.client.impl.ClientProtoUtils.toRaftClientReply(ClientProtoUtils.java:404)
	at org.apache.ratis.grpc.client.GrpcClientProtocolClient$AsyncStreamObservers$1.onNext(GrpcClientProtocolClient.java:310)
	at org.apache.ratis.grpc.client.GrpcClientProtocolClient$AsyncStreamObservers$1.onNext(GrpcClientProtocolClient.java:305)
	at org.apache.ratis.thirdparty.io.grpc.stub.ClientCalls$StreamObserverToCallListenerAdapter.onMessage(ClientCalls.java:468)
	at org.apache.ratis.thirdparty.io.grpc.ForwardingClientCallListener.onMessage(ForwardingClientCallListener.java:33)
	at org.apache.ratis.thirdparty.io.grpc.internal.ClientCallImpl$ClientStreamListenerImpl$1MessagesAvailable.runInternal(ClientCallImpl.java:660)
	at org.apache.ratis.thirdparty.io.grpc.internal.ClientCallImpl$ClientStreamListenerImpl$1MessagesAvailable.runInContext(ClientCallImpl.java:647)
	at org.apache.ratis.thirdparty.io.grpc.internal.ContextRunnable.run(ContextRunnable.java:37)
	at org.apache.ratis.thirdparty.io.grpc.internal.SerializingExecutor.run(SerializingExecutor.java:133)
	... 3 more
17:07:43.682 [fdb1bdfc-cd38-46a5-a741-21faac0cf152-client-thread1] ERROR DNAudit - user=null | ip=null | op=PUT_BLOCK {blockData=[blockId=conID: 1 locID: 113750153625600001 bcsId: 0 replicaIndex: null, size=700]} | ret=FAILURE
org.apache.hadoop.hdds.scm.container.common.helpers.ContainerNotOpenException: Container 1 in CLOSING state
	at org.apache.hadoop.ozone.container.common.impl.HddsDispatcher.validateContainerCommand(HddsDispatcher.java:571) ~[hdds-container-service-1.5.0-SNAPSHOT.jar:?]
	at org.apache.hadoop.ozone.container.common.transport.server.ratis.ContainerStateMachine.startTransaction(ContainerStateMachine.java:426) ~[hdds-container-service-1.5.0-SNAPSHOT.jar:?]
	at org.apache.ratis.server.impl.RaftServerImpl.writeAsyncImpl(RaftServerImpl.java:975) ~[ratis-server-3.1.0.jar:3.1.0]
	at org.apache.ratis.server.impl.RaftServerImpl.writeAsync(RaftServerImpl.java:945) ~[ratis-server-3.1.0.jar:3.1.0]
	at org.apache.ratis.server.impl.RaftServerImpl.replyFuture(RaftServerImpl.java:937) ~[ratis-server-3.1.0.jar:3.1.0]
	at org.apache.ratis.server.impl.RaftServerImpl.submitClientRequestAsync(RaftServerImpl.java:912) ~[ratis-server-3.1.0.jar:3.1.0]
	at org.apache.ratis.server.impl.RaftServerImpl.lambda$executeSubmitClientRequestAsync$11(RaftServerImpl.java:893) ~[ratis-server-3.1.0.jar:3.1.0]
	at java.base/java.util.concurrent.CompletableFuture$AsyncSupply.run(CompletableFuture.java:1768) [?:?]
	at java.base/java.util.concurrent.ThreadPoolExecutor.runWorker(ThreadPoolExecutor.java:1136) [?:?]
	at java.base/java.util.concurrent.ThreadPoolExecutor$Worker.run(ThreadPoolExecutor.java:635) [?:?]
	at java.base/java.lang.Thread.run(Thread.java:840) [?:?]
17:07:43.684 [fdb1bdfc-cd38-46a5-a741-21faac0cf152-client-thread1] ERROR DNAudit - user=null | ip=null | op=WRITE_CHUNK {blockData=conID: 1 locID: 113750153625600001 bcsId: 9 replicaIndex: 0, offset=700, size=100} | ret=FAILURE
org.apache.hadoop.hdds.scm.container.common.helpers.ContainerNotOpenException: Container 1 in CLOSING state
	at org.apache.hadoop.ozone.container.common.impl.HddsDispatcher.validateContainerCommand(HddsDispatcher.java:571) ~[hdds-container-service-1.5.0-SNAPSHOT.jar:?]
	at org.apache.hadoop.ozone.container.common.transport.server.ratis.ContainerStateMachine.startTransaction(ContainerStateMachine.java:426) ~[hdds-container-service-1.5.0-SNAPSHOT.jar:?]
	at org.apache.ratis.server.impl.RaftServerImpl.writeAsyncImpl(RaftServerImpl.java:975) ~[ratis-server-3.1.0.jar:3.1.0]
	at org.apache.ratis.server.impl.RaftServerImpl.writeAsync(RaftServerImpl.java:945) ~[ratis-server-3.1.0.jar:3.1.0]
	at org.apache.ratis.server.impl.RaftServerImpl.replyFuture(RaftServerImpl.java:937) ~[ratis-server-3.1.0.jar:3.1.0]
	at org.apache.ratis.server.impl.RaftServerImpl.submitClientRequestAsync(RaftServerImpl.java:912) ~[ratis-server-3.1.0.jar:3.1.0]
	at org.apache.ratis.server.impl.RaftServerImpl.lambda$executeSubmitClientRequestAsync$11(RaftServerImpl.java:893) ~[ratis-server-3.1.0.jar:3.1.0]
	at java.base/java.util.concurrent.CompletableFuture$AsyncSupply.run(CompletableFuture.java:1768) [?:?]
	at java.base/java.util.concurrent.ThreadPoolExecutor.runWorker(ThreadPoolExecutor.java:1136) [?:?]
	at java.base/java.util.concurrent.ThreadPoolExecutor$Worker.run(ThreadPoolExecutor.java:635) [?:?]
	at java.base/java.lang.Thread.run(Thread.java:840) [?:?]
2024-09-15 17:07:43,684 [grpc-default-executor-2] ERROR impl.OrderedAsync (OrderedAsync.java:lambda$send$4(181)) - Failed to send request, message=cmdType: PutBlock
traceID: ""
containerID: 1
datanodeUuid: "61f1eb6c-dc17-4b0b-858b-0bb1b85057d5"
putBlock {
  blockData {
    blockID {
      containerID: 1
      localID: 113750153625600001
      blockCommitSequenceId: 0
    }
    metadata {
      key: "TYPE"
      value: "KEY"
    }
    chunks {
      chunkName: "113750153625600001_chunk_1"
      offset: 0
      len: 100
      checksumData {
        type: NONE
        bytesPerChecksum: 16384
      }
    }
    chunks {
      chunkName: "113750153625600001_chunk_2"
      offset: 100
      len: 100
      checksumData {
        type: NONE
        bytesPerChecksum: 16384
      }
    }
    chunks {
      chunkName: "113750153625600001_chunk_3"
      offset: 200
      len: 100
      checksumData {
        type: NONE
        bytesPerChecksum: 16384
      }
    }
    chunks {
      chunkName: "113750153625600001_chunk_4"
      offset: 300
      len: 100
      checksumData {
        type: NONE
        bytesPerChecksum: 16384
      }
    }
    chunks {
      chunkName: "113750153625600001_chunk_5"
      offset: 400
      len: 100
      checksumData {
        type: NONE
        bytesPerChecksum: 16384
      }
    }
    chunks {
      chunkName: "113750153625600001_chunk_6"
      offset: 500
      len: 100
      checksumData {
        type: NONE
        bytesPerChecksum: 16384
      }
    }
    chunks {
      chunkName: "113750153625600001_chunk_7"
      offset: 600
      len: 100
      checksumData {
        type: NONE
        bytesPerChecksum: 16384
      }
    }
  }
  eof: false
}
version: 4
, data.size=0
java.util.concurrent.CompletionException: org.apache.ratis.protocol.exceptions.StateMachineException: org.apache.hadoop.hdds.scm.container.common.helpers.ContainerNotOpenException from Server fdb1bdfc-cd38-46a5-a741-21faac0cf152@group-97AB3179636B: Container 1 in CLOSING state
	at org.apache.ratis.client.impl.RaftClientImpl.handleRaftException(RaftClientImpl.java:373)
	at org.apache.ratis.client.impl.OrderedAsync.lambda$send$3(OrderedAsync.java:175)
	at java.base/java.util.concurrent.CompletableFuture$UniApply.tryFire(CompletableFuture.java:646)
	at java.base/java.util.concurrent.CompletableFuture.postComplete(CompletableFuture.java:510)
	at java.base/java.util.concurrent.CompletableFuture.complete(CompletableFuture.java:2147)
	at org.apache.ratis.client.impl.OrderedAsync$PendingOrderedRequest.setReply(OrderedAsync.java:105)
	at org.apache.ratis.client.impl.OrderedAsync$PendingOrderedRequest.setReply(OrderedAsync.java:66)
	at org.apache.ratis.util.SlidingWindow$RequestMap.setReply(SlidingWindow.java:147)
	at org.apache.ratis.util.SlidingWindow$Client.receiveReply(SlidingWindow.java:351)
	at org.apache.ratis.client.impl.OrderedAsync.lambda$sendRequestWithRetry$5(OrderedAsync.java:210)
	at java.base/java.util.concurrent.CompletableFuture$UniAccept.tryFire(CompletableFuture.java:718)
	at java.base/java.util.concurrent.CompletableFuture.postComplete(CompletableFuture.java:510)
	at java.base/java.util.concurrent.CompletableFuture.complete(CompletableFuture.java:2147)
	at org.apache.ratis.grpc.client.GrpcClientProtocolClient$AsyncStreamObservers$1.lambda$onNext$0(GrpcClientProtocolClient.java:322)
	at java.base/java.util.Optional.ifPresent(Optional.java:178)
	at org.apache.ratis.grpc.client.GrpcClientProtocolClient$AsyncStreamObservers.handleReplyFuture(GrpcClientProtocolClient.java:378)
	at org.apache.ratis.grpc.client.GrpcClientProtocolClient$AsyncStreamObservers.access$100(GrpcClientProtocolClient.java:300)
	at org.apache.ratis.grpc.client.GrpcClientProtocolClient$AsyncStreamObservers$1.onNext(GrpcClientProtocolClient.java:322)
	at org.apache.ratis.grpc.client.GrpcClientProtocolClient$AsyncStreamObservers$1.onNext(GrpcClientProtocolClient.java:305)
	at org.apache.ratis.thirdparty.io.grpc.stub.ClientCalls$StreamObserverToCallListenerAdapter.onMessage(ClientCalls.java:468)
	at org.apache.ratis.thirdparty.io.grpc.ForwardingClientCallListener.onMessage(ForwardingClientCallListener.java:33)
	at org.apache.ratis.thirdparty.io.grpc.internal.ClientCallImpl$ClientStreamListenerImpl$1MessagesAvailable.runInternal(ClientCallImpl.java:660)
	at org.apache.ratis.thirdparty.io.grpc.internal.ClientCallImpl$ClientStreamListenerImpl$1MessagesAvailable.runInContext(ClientCallImpl.java:647)
	at org.apache.ratis.thirdparty.io.grpc.internal.ContextRunnable.run(ContextRunnable.java:37)
	at org.apache.ratis.thirdparty.io.grpc.internal.SerializingExecutor.run(SerializingExecutor.java:133)
	at java.base/java.util.concurrent.ThreadPoolExecutor.runWorker(ThreadPoolExecutor.java:1136)
	at java.base/java.util.concurrent.ThreadPoolExecutor$Worker.run(ThreadPoolExecutor.java:635)
	at java.base/java.lang.Thread.run(Thread.java:840)
Caused by: org.apache.ratis.protocol.exceptions.StateMachineException: org.apache.hadoop.hdds.scm.container.common.helpers.ContainerNotOpenException from Server fdb1bdfc-cd38-46a5-a741-21faac0cf152@group-97AB3179636B: Container 1 in CLOSING state
	at org.apache.hadoop.ozone.container.common.impl.HddsDispatcher.validateContainerCommand(HddsDispatcher.java:571)
	at org.apache.hadoop.ozone.container.common.transport.server.ratis.ContainerStateMachine.startTransaction(ContainerStateMachine.java:426)
	at org.apache.ratis.server.impl.RaftServerImpl.writeAsyncImpl(RaftServerImpl.java:975)
	at org.apache.ratis.server.impl.RaftServerImpl.writeAsync(RaftServerImpl.java:945)
	at org.apache.ratis.server.impl.RaftServerImpl.replyFuture(RaftServerImpl.java:937)
	at org.apache.ratis.server.impl.RaftServerImpl.submitClientRequestAsync(RaftServerImpl.java:912)
	at org.apache.ratis.server.impl.RaftServerImpl.lambda$executeSubmitClientRequestAsync$11(RaftServerImpl.java:893)
	at java.base/java.util.concurrent.CompletableFuture$AsyncSupply.run(CompletableFuture.java:1768)
	... 3 more
Caused by: org.apache.hadoop.hdds.scm.container.common.helpers.ContainerNotOpenException: Container 1 in CLOSING state
	at java.base/jdk.internal.reflect.NativeConstructorAccessorImpl.newInstance0(Native Method)
	at java.base/jdk.internal.reflect.NativeConstructorAccessorImpl.newInstance(NativeConstructorAccessorImpl.java:77)
	at java.base/jdk.internal.reflect.DelegatingConstructorAccessorImpl.newInstance(DelegatingConstructorAccessorImpl.java:45)
	at java.base/java.lang.reflect.Constructor.newInstanceWithCaller(Constructor.java:500)
	at java.base/java.lang.reflect.Constructor.newInstance(Constructor.java:481)
	at org.apache.ratis.util.ReflectionUtils.instantiateException(ReflectionUtils.java:259)
	at org.apache.ratis.client.impl.ClientProtoUtils.toStateMachineException(ClientProtoUtils.java:451)
	at org.apache.ratis.client.impl.ClientProtoUtils.toStateMachineException(ClientProtoUtils.java:437)
	at org.apache.ratis.client.impl.ClientProtoUtils.toRaftClientReply(ClientProtoUtils.java:404)
	at org.apache.ratis.grpc.client.GrpcClientProtocolClient$AsyncStreamObservers$1.onNext(GrpcClientProtocolClient.java:310)
	at org.apache.ratis.grpc.client.GrpcClientProtocolClient$AsyncStreamObservers$1.onNext(GrpcClientProtocolClient.java:305)
	at org.apache.ratis.thirdparty.io.grpc.stub.ClientCalls$StreamObserverToCallListenerAdapter.onMessage(ClientCalls.java:468)
	at org.apache.ratis.thirdparty.io.grpc.ForwardingClientCallListener.onMessage(ForwardingClientCallListener.java:33)
	at org.apache.ratis.thirdparty.io.grpc.internal.ClientCallImpl$ClientStreamListenerImpl$1MessagesAvailable.runInternal(ClientCallImpl.java:660)
	at org.apache.ratis.thirdparty.io.grpc.internal.ClientCallImpl$ClientStreamListenerImpl$1MessagesAvailable.runInContext(ClientCallImpl.java:647)
	at org.apache.ratis.thirdparty.io.grpc.internal.ContextRunnable.run(ContextRunnable.java:37)
	at org.apache.ratis.thirdparty.io.grpc.internal.SerializingExecutor.run(SerializingExecutor.java:133)
	... 3 more
17:07:43.685 [fdb1bdfc-cd38-46a5-a741-21faac0cf152-client-thread1] ERROR DNAudit - user=null | ip=null | op=PUT_BLOCK {blockData=[blockId=conID: 1 locID: 113750153625600001 bcsId: 0 replicaIndex: null, size=800]} | ret=FAILURE
org.apache.hadoop.hdds.scm.container.common.helpers.ContainerNotOpenException: Container 1 in CLOSING state
	at org.apache.hadoop.ozone.container.common.impl.HddsDispatcher.validateContainerCommand(HddsDispatcher.java:571) ~[hdds-container-service-1.5.0-SNAPSHOT.jar:?]
	at org.apache.hadoop.ozone.container.common.transport.server.ratis.ContainerStateMachine.startTransaction(ContainerStateMachine.java:426) ~[hdds-container-service-1.5.0-SNAPSHOT.jar:?]
	at org.apache.ratis.server.impl.RaftServerImpl.writeAsyncImpl(RaftServerImpl.java:975) ~[ratis-server-3.1.0.jar:3.1.0]
	at org.apache.ratis.server.impl.RaftServerImpl.writeAsync(RaftServerImpl.java:945) ~[ratis-server-3.1.0.jar:3.1.0]
	at org.apache.ratis.server.impl.RaftServerImpl.replyFuture(RaftServerImpl.java:937) ~[ratis-server-3.1.0.jar:3.1.0]
	at org.apache.ratis.server.impl.RaftServerImpl.submitClientRequestAsync(RaftServerImpl.java:912) ~[ratis-server-3.1.0.jar:3.1.0]
	at org.apache.ratis.server.impl.RaftServerImpl.lambda$executeSubmitClientRequestAsync$11(RaftServerImpl.java:893) ~[ratis-server-3.1.0.jar:3.1.0]
	at java.base/java.util.concurrent.CompletableFuture$AsyncSupply.run(CompletableFuture.java:1768) [?:?]
	at java.base/java.util.concurrent.ThreadPoolExecutor.runWorker(ThreadPoolExecutor.java:1136) [?:?]
	at java.base/java.util.concurrent.ThreadPoolExecutor$Worker.run(ThreadPoolExecutor.java:635) [?:?]
	at java.base/java.lang.Thread.run(Thread.java:840) [?:?]
2024-09-15 17:07:43,687 [grpc-default-executor-4] ERROR impl.OrderedAsync (OrderedAsync.java:lambda$send$4(181)) - Failed to send request, message=cmdType: WriteChunk
traceID: ""
containerID: 1
datanodeUuid: "61f1eb6c-dc17-4b0b-858b-0bb1b85057d5"
writeChunk {
  blockID {
    containerID: 1
    localID: 113750153625600001
    blockCommitSequenceId: 9
    replicaIndex: 0
  }
  chunkData {
    chunkName: "113750153625600001_chunk_8"
    offset: 700
    len: 100
    checksumData {
      type: NONE
      bytesPerChecksum: 16384
    }
  }
}
version: 4
, data.size=100
java.util.concurrent.CompletionException: org.apache.ratis.protocol.exceptions.StateMachineException: org.apache.hadoop.hdds.scm.container.common.helpers.ContainerNotOpenException from Server fdb1bdfc-cd38-46a5-a741-21faac0cf152@group-97AB3179636B: Container 1 in CLOSING state
	at org.apache.ratis.client.impl.RaftClientImpl.handleRaftException(RaftClientImpl.java:373)
	at org.apache.ratis.client.impl.OrderedAsync.lambda$send$3(OrderedAsync.java:175)
	at java.base/java.util.concurrent.CompletableFuture$UniApply.tryFire(CompletableFuture.java:646)
	at java.base/java.util.concurrent.CompletableFuture.postComplete(CompletableFuture.java:510)
	at java.base/java.util.concurrent.CompletableFuture.complete(CompletableFuture.java:2147)
	at org.apache.ratis.client.impl.OrderedAsync$PendingOrderedRequest.setReply(OrderedAsync.java:105)
	at org.apache.ratis.client.impl.OrderedAsync$PendingOrderedRequest.setReply(OrderedAsync.java:66)
	at org.apache.ratis.util.SlidingWindow$RequestMap.setReply(SlidingWindow.java:147)
	at org.apache.ratis.util.SlidingWindow$Client.receiveReply(SlidingWindow.java:351)
	at org.apache.ratis.client.impl.OrderedAsync.lambda$sendRequestWithRetry$5(OrderedAsync.java:210)
	at java.base/java.util.concurrent.CompletableFuture$UniAccept.tryFire(CompletableFuture.java:718)
	at java.base/java.util.concurrent.CompletableFuture.postComplete(CompletableFuture.java:510)
	at java.base/java.util.concurrent.CompletableFuture.complete(CompletableFuture.java:2147)
	at org.apache.ratis.grpc.client.GrpcClientProtocolClient$AsyncStreamObservers$1.lambda$onNext$0(GrpcClientProtocolClient.java:322)
	at java.base/java.util.Optional.ifPresent(Optional.java:178)
	at org.apache.ratis.grpc.client.GrpcClientProtocolClient$AsyncStreamObservers.handleReplyFuture(GrpcClientProtocolClient.java:378)
	at org.apache.ratis.grpc.client.GrpcClientProtocolClient$AsyncStreamObservers.access$100(GrpcClientProtocolClient.java:300)
	at org.apache.ratis.grpc.client.GrpcClientProtocolClient$AsyncStreamObservers$1.onNext(GrpcClientProtocolClient.java:322)
	at org.apache.ratis.grpc.client.GrpcClientProtocolClient$AsyncStreamObservers$1.onNext(GrpcClientProtocolClient.java:305)
	at org.apache.ratis.thirdparty.io.grpc.stub.ClientCalls$StreamObserverToCallListenerAdapter.onMessage(ClientCalls.java:468)
	at org.apache.ratis.thirdparty.io.grpc.ForwardingClientCallListener.onMessage(ForwardingClientCallListener.java:33)
	at org.apache.ratis.thirdparty.io.grpc.internal.ClientCallImpl$ClientStreamListenerImpl$1MessagesAvailable.runInternal(ClientCallImpl.java:660)
	at org.apache.ratis.thirdparty.io.grpc.internal.ClientCallImpl$ClientStreamListenerImpl$1MessagesAvailable.runInContext(ClientCallImpl.java:647)
	at org.apache.ratis.thirdparty.io.grpc.internal.ContextRunnable.run(ContextRunnable.java:37)
	at org.apache.ratis.thirdparty.io.grpc.internal.SerializingExecutor.run(SerializingExecutor.java:133)
	at java.base/java.util.concurrent.ThreadPoolExecutor.runWorker(ThreadPoolExecutor.java:1136)
	at java.base/java.util.concurrent.ThreadPoolExecutor$Worker.run(ThreadPoolExecutor.java:635)
	at java.base/java.lang.Thread.run(Thread.java:840)
Caused by: org.apache.ratis.protocol.exceptions.StateMachineException: org.apache.hadoop.hdds.scm.container.common.helpers.ContainerNotOpenException from Server fdb1bdfc-cd38-46a5-a741-21faac0cf152@group-97AB3179636B: Container 1 in CLOSING state
	at org.apache.hadoop.ozone.container.common.impl.HddsDispatcher.validateContainerCommand(HddsDispatcher.java:571)
	at org.apache.hadoop.ozone.container.common.transport.server.ratis.ContainerStateMachine.startTransaction(ContainerStateMachine.java:426)
	at org.apache.ratis.server.impl.RaftServerImpl.writeAsyncImpl(RaftServerImpl.java:975)
	at org.apache.ratis.server.impl.RaftServerImpl.writeAsync(RaftServerImpl.java:945)
	at org.apache.ratis.server.impl.RaftServerImpl.replyFuture(RaftServerImpl.java:937)
	at org.apache.ratis.server.impl.RaftServerImpl.submitClientRequestAsync(RaftServerImpl.java:912)
	at org.apache.ratis.server.impl.RaftServerImpl.lambda$executeSubmitClientRequestAsync$11(RaftServerImpl.java:893)
	at java.base/java.util.concurrent.CompletableFuture$AsyncSupply.run(CompletableFuture.java:1768)
	... 3 more
Caused by: org.apache.hadoop.hdds.scm.container.common.helpers.ContainerNotOpenException: Container 1 in CLOSING state
	at java.base/jdk.internal.reflect.NativeConstructorAccessorImpl.newInstance0(Native Method)
	at java.base/jdk.internal.reflect.NativeConstructorAccessorImpl.newInstance(NativeConstructorAccessorImpl.java:77)
	at java.base/jdk.internal.reflect.DelegatingConstructorAccessorImpl.newInstance(DelegatingConstructorAccessorImpl.java:45)
	at java.base/java.lang.reflect.Constructor.newInstanceWithCaller(Constructor.java:500)
	at java.base/java.lang.reflect.Constructor.newInstance(Constructor.java:481)
	at org.apache.ratis.util.ReflectionUtils.instantiateException(ReflectionUtils.java:259)
	at org.apache.ratis.client.impl.ClientProtoUtils.toStateMachineException(ClientProtoUtils.java:451)
	at org.apache.ratis.client.impl.ClientProtoUtils.toStateMachineException(ClientProtoUtils.java:437)
	at org.apache.ratis.client.impl.ClientProtoUtils.toRaftClientReply(ClientProtoUtils.java:404)
	at org.apache.ratis.grpc.client.GrpcClientProtocolClient$AsyncStreamObservers$1.onNext(GrpcClientProtocolClient.java:310)
	at org.apache.ratis.grpc.client.GrpcClientProtocolClient$AsyncStreamObservers$1.onNext(GrpcClientProtocolClient.java:305)
	at org.apache.ratis.thirdparty.io.grpc.stub.ClientCalls$StreamObserverToCallListenerAdapter.onMessage(ClientCalls.java:468)
	at org.apache.ratis.thirdparty.io.grpc.ForwardingClientCallListener.onMessage(ForwardingClientCallListener.java:33)
	at org.apache.ratis.thirdparty.io.grpc.internal.ClientCallImpl$ClientStreamListenerImpl$1MessagesAvailable.runInternal(ClientCallImpl.java:660)
	at org.apache.ratis.thirdparty.io.grpc.internal.ClientCallImpl$ClientStreamListenerImpl$1MessagesAvailable.runInContext(ClientCallImpl.java:647)
	at org.apache.ratis.thirdparty.io.grpc.internal.ContextRunnable.run(ContextRunnable.java:37)
	at org.apache.ratis.thirdparty.io.grpc.internal.SerializingExecutor.run(SerializingExecutor.java:133)
	... 3 more
2024-09-15 17:07:43,688 [grpc-default-executor-4] ERROR impl.OrderedAsync (OrderedAsync.java:lambda$send$4(181)) - Failed to send request, message=cmdType: PutBlock
traceID: ""
containerID: 1
datanodeUuid: "61f1eb6c-dc17-4b0b-858b-0bb1b85057d5"
putBlock {
  blockData {
    blockID {
      containerID: 1
      localID: 113750153625600001
      blockCommitSequenceId: 0
    }
    metadata {
      key: "TYPE"
      value: "KEY"
    }
    chunks {
      chunkName: "113750153625600001_chunk_1"
      offset: 0
      len: 100
      checksumData {
        type: NONE
        bytesPerChecksum: 16384
      }
    }
    chunks {
      chunkName: "113750153625600001_chunk_2"
      offset: 100
      len: 100
      checksumData {
        type: NONE
        bytesPerChecksum: 16384
      }
    }
    chunks {
      chunkName: "113750153625600001_chunk_3"
      offset: 200
      len: 100
      checksumData {
        type: NONE
        bytesPerChecksum: 16384
      }
    }
    chunks {
      chunkName: "113750153625600001_chunk_4"
      offset: 300
      len: 100
      checksumData {
        type: NONE
        bytesPerChecksum: 16384
      }
    }
    chunks {
      chunkName: "113750153625600001_chunk_5"
      offset: 400
      len: 100
      checksumData {
        type: NONE
        bytesPerChecksum: 16384
      }
    }
    chunks {
      chunkName: "113750153625600001_chunk_6"
      offset: 500
      len: 100
      checksumData {
        type: NONE
        bytesPerChecksum: 16384
      }
    }
    chunks {
      chunkName: "113750153625600001_chunk_7"
      offset: 600
      len: 100
      checksumData {
        type: NONE
        bytesPerChecksum: 16384
      }
    }
    chunks {
      chunkName: "113750153625600001_chunk_8"
      offset: 700
      len: 100
      checksumData {
        type: NONE
        bytesPerChecksum: 16384
      }
    }
  }
  eof: true
}
version: 4
, data.size=0
java.util.concurrent.CompletionException: org.apache.ratis.protocol.exceptions.StateMachineException: org.apache.hadoop.hdds.scm.container.common.helpers.ContainerNotOpenException from Server fdb1bdfc-cd38-46a5-a741-21faac0cf152@group-97AB3179636B: Container 1 in CLOSING state
	at org.apache.ratis.client.impl.RaftClientImpl.handleRaftException(RaftClientImpl.java:373)
	at org.apache.ratis.client.impl.OrderedAsync.lambda$send$3(OrderedAsync.java:175)
	at java.base/java.util.concurrent.CompletableFuture$UniApply.tryFire(CompletableFuture.java:646)
	at java.base/java.util.concurrent.CompletableFuture.postComplete(CompletableFuture.java:510)
	at java.base/java.util.concurrent.CompletableFuture.complete(CompletableFuture.java:2147)
	at org.apache.ratis.client.impl.OrderedAsync$PendingOrderedRequest.setReply(OrderedAsync.java:105)
	at org.apache.ratis.client.impl.OrderedAsync$PendingOrderedRequest.setReply(OrderedAsync.java:66)
	at org.apache.ratis.util.SlidingWindow$RequestMap.setReply(SlidingWindow.java:147)
	at org.apache.ratis.util.SlidingWindow$Client.receiveReply(SlidingWindow.java:351)
	at org.apache.ratis.client.impl.OrderedAsync.lambda$sendRequestWithRetry$5(OrderedAsync.java:210)
	at java.base/java.util.concurrent.CompletableFuture$UniAccept.tryFire(CompletableFuture.java:718)
	at java.base/java.util.concurrent.CompletableFuture.postComplete(CompletableFuture.java:510)
	at java.base/java.util.concurrent.CompletableFuture.complete(CompletableFuture.java:2147)
	at org.apache.ratis.grpc.client.GrpcClientProtocolClient$AsyncStreamObservers$1.lambda$onNext$0(GrpcClientProtocolClient.java:322)
	at java.base/java.util.Optional.ifPresent(Optional.java:178)
	at org.apache.ratis.grpc.client.GrpcClientProtocolClient$AsyncStreamObservers.handleReplyFuture(GrpcClientProtocolClient.java:378)
	at org.apache.ratis.grpc.client.GrpcClientProtocolClient$AsyncStreamObservers.access$100(GrpcClientProtocolClient.java:300)
	at org.apache.ratis.grpc.client.GrpcClientProtocolClient$AsyncStreamObservers$1.onNext(GrpcClientProtocolClient.java:322)
	at org.apache.ratis.grpc.client.GrpcClientProtocolClient$AsyncStreamObservers$1.onNext(GrpcClientProtocolClient.java:305)
	at org.apache.ratis.thirdparty.io.grpc.stub.ClientCalls$StreamObserverToCallListenerAdapter.onMessage(ClientCalls.java:468)
	at org.apache.ratis.thirdparty.io.grpc.ForwardingClientCallListener.onMessage(ForwardingClientCallListener.java:33)
	at org.apache.ratis.thirdparty.io.grpc.internal.ClientCallImpl$ClientStreamListenerImpl$1MessagesAvailable.runInternal(ClientCallImpl.java:660)
	at org.apache.ratis.thirdparty.io.grpc.internal.ClientCallImpl$ClientStreamListenerImpl$1MessagesAvailable.runInContext(ClientCallImpl.java:647)
	at org.apache.ratis.thirdparty.io.grpc.internal.ContextRunnable.run(ContextRunnable.java:37)
	at org.apache.ratis.thirdparty.io.grpc.internal.SerializingExecutor.run(SerializingExecutor.java:133)
	at java.base/java.util.concurrent.ThreadPoolExecutor.runWorker(ThreadPoolExecutor.java:1136)
	at java.base/java.util.concurrent.ThreadPoolExecutor$Worker.run(ThreadPoolExecutor.java:635)
	at java.base/java.lang.Thread.run(Thread.java:840)
Caused by: org.apache.ratis.protocol.exceptions.StateMachineException: org.apache.hadoop.hdds.scm.container.common.helpers.ContainerNotOpenException from Server fdb1bdfc-cd38-46a5-a741-21faac0cf152@group-97AB3179636B: Container 1 in CLOSING state
	at org.apache.hadoop.ozone.container.common.impl.HddsDispatcher.validateContainerCommand(HddsDispatcher.java:571)
	at org.apache.hadoop.ozone.container.common.transport.server.ratis.ContainerStateMachine.startTransaction(ContainerStateMachine.java:426)
	at org.apache.ratis.server.impl.RaftServerImpl.writeAsyncImpl(RaftServerImpl.java:975)
	at org.apache.ratis.server.impl.RaftServerImpl.writeAsync(RaftServerImpl.java:945)
	at org.apache.ratis.server.impl.RaftServerImpl.replyFuture(RaftServerImpl.java:937)
	at org.apache.ratis.server.impl.RaftServerImpl.submitClientRequestAsync(RaftServerImpl.java:912)
	at org.apache.ratis.server.impl.RaftServerImpl.lambda$executeSubmitClientRequestAsync$11(RaftServerImpl.java:893)
	at java.base/java.util.concurrent.CompletableFuture$AsyncSupply.run(CompletableFuture.java:1768)
	... 3 more
Caused by: org.apache.hadoop.hdds.scm.container.common.helpers.ContainerNotOpenException: Container 1 in CLOSING state
	at java.base/jdk.internal.reflect.NativeConstructorAccessorImpl.newInstance0(Native Method)
	at java.base/jdk.internal.reflect.NativeConstructorAccessorImpl.newInstance(NativeConstructorAccessorImpl.java:77)
	at java.base/jdk.internal.reflect.DelegatingConstructorAccessorImpl.newInstance(DelegatingConstructorAccessorImpl.java:45)
	at java.base/java.lang.reflect.Constructor.newInstanceWithCaller(Constructor.java:500)
	at java.base/java.lang.reflect.Constructor.newInstance(Constructor.java:481)
	at org.apache.ratis.util.ReflectionUtils.instantiateException(ReflectionUtils.java:259)
	at org.apache.ratis.client.impl.ClientProtoUtils.toStateMachineException(ClientProtoUtils.java:451)
	at org.apache.ratis.client.impl.ClientProtoUtils.toStateMachineException(ClientProtoUtils.java:437)
	at org.apache.ratis.client.impl.ClientProtoUtils.toRaftClientReply(ClientProtoUtils.java:404)
	at org.apache.ratis.grpc.client.GrpcClientProtocolClient$AsyncStreamObservers$1.onNext(GrpcClientProtocolClient.java:310)
	at org.apache.ratis.grpc.client.GrpcClientProtocolClient$AsyncStreamObservers$1.onNext(GrpcClientProtocolClient.java:305)
	at org.apache.ratis.thirdparty.io.grpc.stub.ClientCalls$StreamObserverToCallListenerAdapter.onMessage(ClientCalls.java:468)
	at org.apache.ratis.thirdparty.io.grpc.ForwardingClientCallListener.onMessage(ForwardingClientCallListener.java:33)
	at org.apache.ratis.thirdparty.io.grpc.internal.ClientCallImpl$ClientStreamListenerImpl$1MessagesAvailable.runInternal(ClientCallImpl.java:660)
	at org.apache.ratis.thirdparty.io.grpc.internal.ClientCallImpl$ClientStreamListenerImpl$1MessagesAvailable.runInContext(ClientCallImpl.java:647)
	at org.apache.ratis.thirdparty.io.grpc.internal.ContextRunnable.run(ContextRunnable.java:37)
	at org.apache.ratis.thirdparty.io.grpc.internal.SerializingExecutor.run(SerializingExecutor.java:133)
	... 3 more
2024-09-15 17:07:43,691 [IPC Server handler 3 on default port 15160] INFO  pipeline.RatisPipelineProvider (RatisPipelineProvider.java:lambda$create$0(205)) - Sending CreatePipelineCommand for pipeline:PipelineID=f33a251a-9fc2-4987-bb9b-b6da234a1059 to datanode:412dca75-3e3e-4901-90f7-d1b20b52b7c1
2024-09-15 17:07:43,692 [IPC Server handler 3 on default port 15160] INFO  pipeline.RatisPipelineProvider (RatisPipelineProvider.java:lambda$create$0(205)) - Sending CreatePipelineCommand for pipeline:PipelineID=f33a251a-9fc2-4987-bb9b-b6da234a1059 to datanode:c2143be1-a980-4ca9-9b44-5c7f6a3ce2c0
2024-09-15 17:07:43,692 [IPC Server handler 3 on default port 15160] INFO  pipeline.RatisPipelineProvider (RatisPipelineProvider.java:lambda$create$0(205)) - Sending CreatePipelineCommand for pipeline:PipelineID=f33a251a-9fc2-4987-bb9b-b6da234a1059 to datanode:62362ab0-30ae-49fa-a673-0da439c77b8d
2024-09-15 17:07:43,706 [EventQueue-StaleNodeForStaleNodeHandler] INFO  node.StaleNodeHandler (StaleNodeHandler.java:onMessage(57)) - Datanode 62362ab0-30ae-49fa-a673-0da439c77b8d(localhost/127.0.0.1) moved to stale state. Finalizing its pipelines [PipelineID=ffe936e1-90b0-46c0-bf1c-9f891b4926a6, PipelineID=6f349022-21b7-4e13-9f30-7685ea4b7899, PipelineID=c8c705c7-4182-4f71-bc0b-4522ab183087, PipelineID=4b34d6d8-6abb-4b9d-9724-97ab3179636b, PipelineID=f33a251a-9fc2-4987-bb9b-b6da234a1059]
2024-09-15 17:07:43,706 [EventQueue-DeadNodeForDeadNodeHandler] INFO  node.DeadNodeHandler (DeadNodeHandler.java:onMessage(95)) - A dead datanode is detected. 61f1eb6c-dc17-4b0b-858b-0bb1b85057d5(localhost/127.0.0.1)
2024-09-15 17:07:43,707 [EventQueue-StaleNodeForStaleNodeHandler] INFO  pipeline.PipelineManagerImpl (PipelineManagerImpl.java:closePipeline(518)) - Pipeline PipelineID=6f349022-21b7-4e13-9f30-7685ea4b7899 moved to CLOSED state
2024-09-15 17:07:43,707 [EventQueue-DeadNodeForDeadNodeHandler] INFO  pipeline.RatisPipelineProvider (RatisPipelineProvider.java:lambda$close$4(270)) - Send pipeline:PipelineID=bb0751b5-e24a-4f27-8882-e5f3e020c69c close command to datanode 61f1eb6c-dc17-4b0b-858b-0bb1b85057d5
2024-09-15 17:07:43,707 [EventQueue-StaleNodeForStaleNodeHandler] INFO  pipeline.PipelineManagerImpl (PipelineManagerImpl.java:closePipeline(518)) - Pipeline PipelineID=f33a251a-9fc2-4987-bb9b-b6da234a1059 moved to CLOSED state
2024-09-15 17:07:43,708 [EventQueue-DeadNodeForDeadNodeHandler] INFO  pipeline.PipelineManagerImpl (PipelineManagerImpl.java:removePipeline(459)) - Pipeline Pipeline[ Id: bb0751b5-e24a-4f27-8882-e5f3e020c69c, Nodes: 61f1eb6c-dc17-4b0b-858b-0bb1b85057d5(localhost/127.0.0.1) ReplicaIndex: 0, ReplicationConfig: RATIS/ONE, State:CLOSED, leaderId:61f1eb6c-dc17-4b0b-858b-0bb1b85057d5, CreationTimestamp2024-09-15T17:07:28.852Z[Etc/UTC]] removed.
2024-09-15 17:07:43,708 [EventQueue-DeadNodeForDeadNodeHandler] INFO  pipeline.RatisPipelineProvider (RatisPipelineProvider.java:lambda$close$4(270)) - Send pipeline:PipelineID=ffe936e1-90b0-46c0-bf1c-9f891b4926a6 close command to datanode 61f1eb6c-dc17-4b0b-858b-0bb1b85057d5
2024-09-15 17:07:43,708 [EventQueue-DeadNodeForDeadNodeHandler] INFO  pipeline.RatisPipelineProvider (RatisPipelineProvider.java:lambda$close$4(270)) - Send pipeline:PipelineID=ffe936e1-90b0-46c0-bf1c-9f891b4926a6 close command to datanode 62362ab0-30ae-49fa-a673-0da439c77b8d
2024-09-15 17:07:43,708 [EventQueue-DeadNodeForDeadNodeHandler] INFO  pipeline.RatisPipelineProvider (RatisPipelineProvider.java:lambda$close$4(270)) - Send pipeline:PipelineID=ffe936e1-90b0-46c0-bf1c-9f891b4926a6 close command to datanode fdb1bdfc-cd38-46a5-a741-21faac0cf152
2024-09-15 17:07:43,708 [EventQueue-DeadNodeForDeadNodeHandler] INFO  pipeline.PipelineManagerImpl (PipelineManagerImpl.java:removePipeline(459)) - Pipeline Pipeline[ Id: ffe936e1-90b0-46c0-bf1c-9f891b4926a6, Nodes: 61f1eb6c-dc17-4b0b-858b-0bb1b85057d5(localhost/127.0.0.1) ReplicaIndex: 062362ab0-30ae-49fa-a673-0da439c77b8d(localhost/127.0.0.1) ReplicaIndex: 0fdb1bdfc-cd38-46a5-a741-21faac0cf152(localhost/127.0.0.1) ReplicaIndex: 0, ReplicationConfig: RATIS/THREE, State:CLOSED, leaderId:61f1eb6c-dc17-4b0b-858b-0bb1b85057d5, CreationTimestamp2024-09-15T17:07:29.088Z[Etc/UTC]] removed.
2024-09-15 17:07:43,708 [EventQueue-DeadNodeForDeadNodeHandler] INFO  pipeline.RatisPipelineProvider (RatisPipelineProvider.java:lambda$close$4(270)) - Send pipeline:PipelineID=c8c705c7-4182-4f71-bc0b-4522ab183087 close command to datanode 62362ab0-30ae-49fa-a673-0da439c77b8d
2024-09-15 17:07:43,708 [EventQueue-DeadNodeForDeadNodeHandler] INFO  pipeline.RatisPipelineProvider (RatisPipelineProvider.java:lambda$close$4(270)) - Send pipeline:PipelineID=c8c705c7-4182-4f71-bc0b-4522ab183087 close command to datanode 61f1eb6c-dc17-4b0b-858b-0bb1b85057d5
2024-09-15 17:07:43,708 [EventQueue-DeadNodeForDeadNodeHandler] INFO  pipeline.RatisPipelineProvider (RatisPipelineProvider.java:lambda$close$4(270)) - Send pipeline:PipelineID=c8c705c7-4182-4f71-bc0b-4522ab183087 close command to datanode fdb1bdfc-cd38-46a5-a741-21faac0cf152
2024-09-15 17:07:43,708 [EventQueue-DeadNodeForDeadNodeHandler] INFO  pipeline.PipelineManagerImpl (PipelineManagerImpl.java:removePipeline(459)) - Pipeline Pipeline[ Id: c8c705c7-4182-4f71-bc0b-4522ab183087, Nodes: 62362ab0-30ae-49fa-a673-0da439c77b8d(localhost/127.0.0.1) ReplicaIndex: 061f1eb6c-dc17-4b0b-858b-0bb1b85057d5(localhost/127.0.0.1) ReplicaIndex: 0fdb1bdfc-cd38-46a5-a741-21faac0cf152(localhost/127.0.0.1) ReplicaIndex: 0, ReplicationConfig: RATIS/THREE, State:CLOSED, leaderId:62362ab0-30ae-49fa-a673-0da439c77b8d, CreationTimestamp2024-09-15T17:07:29.089Z[Etc/UTC]] removed.
2024-09-15 17:07:43,708 [EventQueue-DeadNodeForDeadNodeHandler] INFO  pipeline.RatisPipelineProvider (RatisPipelineProvider.java:lambda$close$4(270)) - Send pipeline:PipelineID=4b34d6d8-6abb-4b9d-9724-97ab3179636b close command to datanode 61f1eb6c-dc17-4b0b-858b-0bb1b85057d5
2024-09-15 17:07:43,708 [EventQueue-DeadNodeForDeadNodeHandler] INFO  pipeline.RatisPipelineProvider (RatisPipelineProvider.java:lambda$close$4(270)) - Send pipeline:PipelineID=4b34d6d8-6abb-4b9d-9724-97ab3179636b close command to datanode 62362ab0-30ae-49fa-a673-0da439c77b8d
2024-09-15 17:07:43,709 [EventQueue-DeadNodeForDeadNodeHandler] INFO  pipeline.RatisPipelineProvider (RatisPipelineProvider.java:lambda$close$4(270)) - Send pipeline:PipelineID=4b34d6d8-6abb-4b9d-9724-97ab3179636b close command to datanode fdb1bdfc-cd38-46a5-a741-21faac0cf152
2024-09-15 17:07:43,709 [EventQueue-DeadNodeForDeadNodeHandler] INFO  pipeline.PipelineManagerImpl (PipelineManagerImpl.java:removePipeline(459)) - Pipeline Pipeline[ Id: 4b34d6d8-6abb-4b9d-9724-97ab3179636b, Nodes: 61f1eb6c-dc17-4b0b-858b-0bb1b85057d5(localhost/127.0.0.1) ReplicaIndex: 062362ab0-30ae-49fa-a673-0da439c77b8d(localhost/127.0.0.1) ReplicaIndex: 0fdb1bdfc-cd38-46a5-a741-21faac0cf152(localhost/127.0.0.1) ReplicaIndex: 0, ReplicationConfig: RATIS/THREE, State:CLOSED, leaderId:fdb1bdfc-cd38-46a5-a741-21faac0cf152, CreationTimestamp2024-09-15T17:07:29.087Z[Etc/UTC]] removed.
2024-09-15 17:07:43,709 [EventQueue-DeadNodeForDeadNodeHandler] INFO  node.DeadNodeHandler (DeadNodeHandler.java:onMessage(108)) - Clearing command queue of size 5 for DN 61f1eb6c-dc17-4b0b-858b-0bb1b85057d5(localhost/127.0.0.1)
2024-09-15 17:07:43,709 [EventQueue-DeadNodeForDeadNodeHandler] INFO  net.NetworkTopologyImpl (NetworkTopologyImpl.java:remove(212)) - Removed a node: /default-rack/61f1eb6c-dc17-4b0b-858b-0bb1b85057d5
2024-09-15 17:07:44,702 [412dca75-3e3e-4901-90f7-d1b20b52b7c1-PipelineCommandHandlerThread-0] INFO  server.RaftServer (RaftServerProxy.java:addNew(101)) - 412dca75-3e3e-4901-90f7-d1b20b52b7c1: addNew group-B6DA234A1059:[c2143be1-a980-4ca9-9b44-5c7f6a3ce2c0|127.0.0.1:15198, 62362ab0-30ae-49fa-a673-0da439c77b8d|127.0.0.1:15171, 412dca75-3e3e-4901-90f7-d1b20b52b7c1|127.0.0.1:15207] returns group-B6DA234A1059:java.util.concurrent.CompletableFuture@70a33ae0[Not completed]
2024-09-15 17:07:44,703 [412dca75-3e3e-4901-90f7-d1b20b52b7c1-groupManagement] INFO  server.RaftServer$Division (RaftServerImpl.java:<init>(253)) - 412dca75-3e3e-4901-90f7-d1b20b52b7c1: new RaftServerImpl for group-B6DA234A1059:[c2143be1-a980-4ca9-9b44-5c7f6a3ce2c0|127.0.0.1:15198, 62362ab0-30ae-49fa-a673-0da439c77b8d|127.0.0.1:15171, 412dca75-3e3e-4901-90f7-d1b20b52b7c1|127.0.0.1:15207] with ContainerStateMachine:uninitialized
2024-09-15 17:07:44,703 [412dca75-3e3e-4901-90f7-d1b20b52b7c1-groupManagement] INFO  server.RaftServerConfigKeys (ConfUtils.java:logGet(46)) - raft.server.rpc.timeout.min = 5s (custom)
2024-09-15 17:07:44,703 [412dca75-3e3e-4901-90f7-d1b20b52b7c1-groupManagement] INFO  server.RaftServerConfigKeys (ConfUtils.java:logGet(46)) - raft.server.rpc.timeout.max = 5200ms (custom)
2024-09-15 17:07:44,703 [412dca75-3e3e-4901-90f7-d1b20b52b7c1-groupManagement] INFO  server.RaftServerConfigKeys (ConfUtils.java:logGet(46)) - raft.server.rpc.sleep.time = 25ms (default)
2024-09-15 17:07:44,703 [412dca75-3e3e-4901-90f7-d1b20b52b7c1-groupManagement] INFO  server.RaftServerConfigKeys (ConfUtils.java:logGet(46)) - raft.server.rpc.slowness.timeout = 300000ms (custom)
2024-09-15 17:07:44,703 [412dca75-3e3e-4901-90f7-d1b20b52b7c1-groupManagement] INFO  server.RaftServerConfigKeys (ConfUtils.java:logGet(46)) - raft.server.leaderelection.leader.step-down.wait-time = 10s (default)
2024-09-15 17:07:44,703 [412dca75-3e3e-4901-90f7-d1b20b52b7c1-groupManagement] INFO  server.RaftServerConfigKeys (ConfUtils.java:logGet(46)) - raft.server.leaderelection.member.majority-add = false (default)
2024-09-15 17:07:44,703 [412dca75-3e3e-4901-90f7-d1b20b52b7c1-groupManagement] INFO  server.RaftServerConfigKeys (ConfUtils.java:logGet(46)) - raft.server.sleep.deviation.threshold = 300ms (default)
2024-09-15 17:07:44,703 [412dca75-3e3e-4901-90f7-d1b20b52b7c1-groupManagement] INFO  server.RaftServer$Division (ServerState.java:<init>(114)) - 412dca75-3e3e-4901-90f7-d1b20b52b7c1@group-B6DA234A1059: ConfigurationManager, init=conf: {index: -1, cur=peers:[c2143be1-a980-4ca9-9b44-5c7f6a3ce2c0|127.0.0.1:15198, 62362ab0-30ae-49fa-a673-0da439c77b8d|127.0.0.1:15171, 412dca75-3e3e-4901-90f7-d1b20b52b7c1|127.0.0.1:15207]|listeners:[], old=null}, confs=<EMPTY_MAP>
2024-09-15 17:07:44,703 [412dca75-3e3e-4901-90f7-d1b20b52b7c1-groupManagement] INFO  server.RaftServerConfigKeys (ConfUtils.java:logGet(46)) - raft.server.notification.no-leader.timeout = 300000ms (custom)
2024-09-15 17:07:44,703 [412dca75-3e3e-4901-90f7-d1b20b52b7c1-groupManagement] INFO  server.RaftServerConfigKeys (ConfUtils.java:logGet(46)) - raft.server.read.timeout = 10s (default)
2024-09-15 17:07:44,703 [412dca75-3e3e-4901-90f7-d1b20b52b7c1-groupManagement] INFO  server.RaftServerConfigKeys (ConfUtils.java:logGet(46)) - raft.server.retrycache.expirytime = 600000ms (custom)
2024-09-15 17:07:44,703 [412dca75-3e3e-4901-90f7-d1b20b52b7c1-groupManagement] INFO  server.RaftServerConfigKeys (ConfUtils.java:logGet(46)) - raft.server.retrycache.statistics.expirytime = 100ms (default)
2024-09-15 17:07:44,704 [412dca75-3e3e-4901-90f7-d1b20b52b7c1-groupManagement] INFO  server.RaftServerConfigKeys (ConfUtils.java:logGet(46)) - raft.server.read.option = DEFAULT (default)
2024-09-15 17:07:44,704 [412dca75-3e3e-4901-90f7-d1b20b52b7c1-groupManagement] INFO  server.RaftServerConfigKeys (ConfUtils.java:logGet(46)) - raft.server.read.read-after-write-consistent.write-index-cache.expiry-time = 60s (default)
2024-09-15 17:07:44,705 [412dca75-3e3e-4901-90f7-d1b20b52b7c1-groupManagement] INFO  server.RaftServerConfigKeys (ConfUtils.java:logGet(46)) - raft.server.rpc.request.timeout = 3000ms (default)
2024-09-15 17:07:44,705 [412dca75-3e3e-4901-90f7-d1b20b52b7c1-groupManagement] INFO  server.RaftServerConfigKeys (ConfUtils.java:logGet(46)) - raft.server.log.appender.install.snapshot.enabled = false (custom)
2024-09-15 17:07:44,705 [412dca75-3e3e-4901-90f7-d1b20b52b7c1-groupManagement] INFO  server.RaftServerConfigKeys (ConfUtils.java:logGet(46)) - raft.server.threadpool.server.cached = true (default)
2024-09-15 17:07:44,705 [412dca75-3e3e-4901-90f7-d1b20b52b7c1-groupManagement] INFO  server.RaftServerConfigKeys (ConfUtils.java:logGet(46)) - raft.server.threadpool.server.size = 0 (default)
2024-09-15 17:07:44,706 [412dca75-3e3e-4901-90f7-d1b20b52b7c1-groupManagement] INFO  server.RaftServerConfigKeys (ConfUtils.java:logGet(46)) - raft.server.threadpool.client.cached = true (default)
2024-09-15 17:07:44,706 [412dca75-3e3e-4901-90f7-d1b20b52b7c1-groupManagement] INFO  server.RaftServerConfigKeys (ConfUtils.java:logGet(46)) - raft.server.threadpool.client.size = 0 (default)
2024-09-15 17:07:44,706 [412dca75-3e3e-4901-90f7-d1b20b52b7c1-groupManagement] INFO  server.RaftServerConfigKeys (ConfUtils.java:logGet(46)) - raft.server.storage.free-space.min = 0MB (=0) (default)
2024-09-15 17:07:44,706 [412dca75-3e3e-4901-90f7-d1b20b52b7c1-groupManagement] INFO  server.RaftServerConfigKeys (ConfUtils.java:logGet(46)) - raft.server.log.corruption.policy = EXCEPTION (default)
2024-09-15 17:07:44,706 [412dca75-3e3e-4901-90f7-d1b20b52b7c1-groupManagement] INFO  server.RaftServerConfigKeys (ConfUtils.java:logGet(46)) - raft.server.storage.dir = [/home/runner/work/ozone/ozone/hadoop-ozone/integration-test/target/test-dir/MiniOzoneClusterImpl-eca91e6c-a84b-4041-8679-4afba91b5587/ozone-meta/datanode-5/ratis] (custom)
2024-09-15 17:07:44,706 [412dca75-3e3e-4901-90f7-d1b20b52b7c1-groupManagement] INFO  storage.RaftStorageDirectory (RaftStorageDirectoryImpl.java:analyzeStorage(138)) - The storage directory /home/runner/work/ozone/ozone/hadoop-ozone/integration-test/target/test-dir/MiniOzoneClusterImpl-eca91e6c-a84b-4041-8679-4afba91b5587/ozone-meta/datanode-5/ratis/f33a251a-9fc2-4987-bb9b-b6da234a1059 does not exist. Creating ...
2024-09-15 17:07:44,710 [412dca75-3e3e-4901-90f7-d1b20b52b7c1-groupManagement] INFO  storage.RaftStorageDirectory (RaftStorageDirectoryImpl.java:tryLock(229)) - Lock on /home/runner/work/ozone/ozone/hadoop-ozone/integration-test/target/test-dir/MiniOzoneClusterImpl-eca91e6c-a84b-4041-8679-4afba91b5587/ozone-meta/datanode-5/ratis/f33a251a-9fc2-4987-bb9b-b6da234a1059/in_use.lock acquired by nodename 77088@fv-az886-12
2024-09-15 17:07:44,711 [412dca75-3e3e-4901-90f7-d1b20b52b7c1-groupManagement] INFO  storage.RaftStorage (RaftStorageImpl.java:format(98)) - Storage directory /home/runner/work/ozone/ozone/hadoop-ozone/integration-test/target/test-dir/MiniOzoneClusterImpl-eca91e6c-a84b-4041-8679-4afba91b5587/ozone-meta/datanode-5/ratis/f33a251a-9fc2-4987-bb9b-b6da234a1059 has been successfully formatted.
2024-09-15 17:07:44,711 [412dca75-3e3e-4901-90f7-d1b20b52b7c1-groupManagement] INFO  ratis.ContainerStateMachine (ContainerStateMachine.java:loadSnapshot(295)) - group-B6DA234A1059: The snapshot info is null. Setting the last applied index to:(t:0, i:~)
2024-09-15 17:07:44,711 [412dca75-3e3e-4901-90f7-d1b20b52b7c1-groupManagement] INFO  server.RaftServerConfigKeys (ConfUtils.java:logGet(46)) - raft.server.log.use.memory = false (default)
2024-09-15 17:07:44,711 [412dca75-3e3e-4901-90f7-d1b20b52b7c1-groupManagement] INFO  server.RaftServerConfigKeys (ConfUtils.java:logGet(46)) - raft.server.log.purge.gap = 1000000 (custom)
2024-09-15 17:07:44,711 [412dca75-3e3e-4901-90f7-d1b20b52b7c1-groupManagement] INFO  server.RaftServerConfigKeys (ConfUtils.java:logGet(46)) - raft.server.log.appender.buffer.byte-limit = 33554432 (custom)
2024-09-15 17:07:44,711 [412dca75-3e3e-4901-90f7-d1b20b52b7c1-groupManagement] INFO  server.RaftServerConfigKeys (ConfUtils.java:logGet(46)) - raft.server.log.statemachine.data.read.timeout = 1000ms (default)
2024-09-15 17:07:44,711 [412dca75-3e3e-4901-90f7-d1b20b52b7c1-groupManagement] INFO  server.RaftServerConfigKeys (ConfUtils.java:logGet(46)) - raft.server.log.purge.preservation.log.num = 0 (default)
2024-09-15 17:07:44,712 [412dca75-3e3e-4901-90f7-d1b20b52b7c1-groupManagement] INFO  server.RaftServerConfigKeys (ConfUtils.java:logGet(46)) - raft.server.log.segment.size.max = 67108864 (custom)
2024-09-15 17:07:44,712 [412dca75-3e3e-4901-90f7-d1b20b52b7c1-groupManagement] INFO  server.RaftServerConfigKeys (ConfUtils.java:logGet(46)) - raft.server.log.segment.cache.num.max = 2 (custom)
2024-09-15 17:07:44,712 [412dca75-3e3e-4901-90f7-d1b20b52b7c1-groupManagement] INFO  server.RaftServerConfigKeys (ConfUtils.java:logGet(46)) - raft.server.log.segment.cache.size.max = 200MB (=209715200) (default)
2024-09-15 17:07:44,712 [412dca75-3e3e-4901-90f7-d1b20b52b7c1-groupManagement] INFO  server.RaftServerConfigKeys (ConfUtils.java:logGet(46)) - raft.server.log.appender.buffer.byte-limit = 33554432 (custom)
2024-09-15 17:07:44,712 [412dca75-3e3e-4901-90f7-d1b20b52b7c1-groupManagement] INFO  util.AwaitToRun (AwaitToRun.java:start(81)) - Thread[412dca75-3e3e-4901-90f7-d1b20b52b7c1@group-B6DA234A1059-cacheEviction-AwaitToRun,5,main] started
2024-09-15 17:07:44,712 [412dca75-3e3e-4901-90f7-d1b20b52b7c1-groupManagement] INFO  segmented.SegmentedRaftLogWorker (SegmentedRaftLogWorker.java:<init>(184)) - new 412dca75-3e3e-4901-90f7-d1b20b52b7c1@group-B6DA234A1059-SegmentedRaftLogWorker for RaftStorageImpl:Storage Directory /home/runner/work/ozone/ozone/hadoop-ozone/integration-test/target/test-dir/MiniOzoneClusterImpl-eca91e6c-a84b-4041-8679-4afba91b5587/ozone-meta/datanode-5/ratis/f33a251a-9fc2-4987-bb9b-b6da234a1059
2024-09-15 17:07:44,713 [412dca75-3e3e-4901-90f7-d1b20b52b7c1-groupManagement] INFO  server.RaftServerConfigKeys (ConfUtils.java:logGet(46)) - raft.server.log.queue.byte-limit = 4294967296 (custom)
2024-09-15 17:07:44,713 [412dca75-3e3e-4901-90f7-d1b20b52b7c1-groupManagement] INFO  server.RaftServerConfigKeys (ConfUtils.java:logGet(46)) - raft.server.log.queue.element-limit = 1024 (custom)
2024-09-15 17:07:44,713 [412dca75-3e3e-4901-90f7-d1b20b52b7c1-groupManagement] INFO  server.RaftServerConfigKeys (ConfUtils.java:logGet(46)) - raft.server.log.segment.size.max = 67108864 (custom)
2024-09-15 17:07:44,713 [412dca75-3e3e-4901-90f7-d1b20b52b7c1-groupManagement] INFO  server.RaftServerConfigKeys (ConfUtils.java:logGet(46)) - raft.server.log.preallocated.size = 4194304 (custom)
2024-09-15 17:07:44,713 [412dca75-3e3e-4901-90f7-d1b20b52b7c1-groupManagement] INFO  server.RaftServerConfigKeys (ConfUtils.java:logGet(46)) - raft.server.log.force.sync.num = 128 (default)
2024-09-15 17:07:44,713 [412dca75-3e3e-4901-90f7-d1b20b52b7c1-groupManagement] INFO  server.RaftServerConfigKeys (ConfUtils.java:logGet(46)) - raft.server.log.statemachine.data.sync = true (default)
2024-09-15 17:07:44,713 [412dca75-3e3e-4901-90f7-d1b20b52b7c1-groupManagement] INFO  server.RaftServerConfigKeys (ConfUtils.java:logGet(46)) - raft.server.log.statemachine.data.sync.timeout = 10s (default)
2024-09-15 17:07:44,713 [412dca75-3e3e-4901-90f7-d1b20b52b7c1-groupManagement] INFO  server.RaftServerConfigKeys (ConfUtils.java:logGet(46)) - raft.server.log.statemachine.data.sync.timeout.retry = 30 (custom)
2024-09-15 17:07:44,713 [412dca75-3e3e-4901-90f7-d1b20b52b7c1-groupManagement] INFO  server.RaftServerConfigKeys (ConfUtils.java:logGet(46)) - raft.server.log.write.buffer.size = 33554440 (custom)
2024-09-15 17:07:44,717 [412dca75-3e3e-4901-90f7-d1b20b52b7c1-groupManagement] INFO  server.RaftServerConfigKeys (ConfUtils.java:logGet(46)) - raft.server.log.appender.buffer.byte-limit = 33554432 (custom)
2024-09-15 17:07:44,717 [412dca75-3e3e-4901-90f7-d1b20b52b7c1-groupManagement] INFO  server.RaftServerConfigKeys (ConfUtils.java:logGet(46)) - raft.server.log.unsafe-flush.enabled = false (default)
2024-09-15 17:07:44,717 [412dca75-3e3e-4901-90f7-d1b20b52b7c1-groupManagement] INFO  server.RaftServerConfigKeys (ConfUtils.java:logGet(46)) - raft.server.log.async-flush.enabled = false (default)
2024-09-15 17:07:44,717 [412dca75-3e3e-4901-90f7-d1b20b52b7c1-groupManagement] INFO  server.RaftServerConfigKeys (ConfUtils.java:logGet(46)) - raft.server.log.statemachine.data.caching.enabled = true (custom)
2024-09-15 17:07:44,718 [412dca75-3e3e-4901-90f7-d1b20b52b7c1-groupManagement] INFO  segmented.SegmentedRaftLogWorker (SegmentedRaftLogWorker.java:lambda$new$0(135)) - 412dca75-3e3e-4901-90f7-d1b20b52b7c1@group-B6DA234A1059-SegmentedRaftLogWorker: flushIndex: setUnconditionally 0 -> -1
2024-09-15 17:07:44,718 [412dca75-3e3e-4901-90f7-d1b20b52b7c1-groupManagement] INFO  segmented.SegmentedRaftLogWorker (SegmentedRaftLogWorker.java:lambda$new$0(135)) - 412dca75-3e3e-4901-90f7-d1b20b52b7c1@group-B6DA234A1059-SegmentedRaftLogWorker: safeCacheEvictIndex: setUnconditionally 0 -> -1
2024-09-15 17:07:44,718 [412dca75-3e3e-4901-90f7-d1b20b52b7c1-groupManagement] INFO  server.RaftServer$Division (RaftServerImpl.java:start(389)) - 412dca75-3e3e-4901-90f7-d1b20b52b7c1@group-B6DA234A1059: start as a follower, conf=conf: {index: -1, cur=peers:[c2143be1-a980-4ca9-9b44-5c7f6a3ce2c0|127.0.0.1:15198, 62362ab0-30ae-49fa-a673-0da439c77b8d|127.0.0.1:15171, 412dca75-3e3e-4901-90f7-d1b20b52b7c1|127.0.0.1:15207]|listeners:[], old=null}
2024-09-15 17:07:44,718 [412dca75-3e3e-4901-90f7-d1b20b52b7c1-groupManagement] INFO  server.RaftServer$Division (RaftServerImpl.java:setRole(376)) - 412dca75-3e3e-4901-90f7-d1b20b52b7c1@group-B6DA234A1059: changes role from      null to FOLLOWER at term 0 for startAsFollower
2024-09-15 17:07:44,718 [412dca75-3e3e-4901-90f7-d1b20b52b7c1-groupManagement] INFO  impl.RoleInfo (RoleInfo.java:updateAndGet(148)) - 412dca75-3e3e-4901-90f7-d1b20b52b7c1: start 412dca75-3e3e-4901-90f7-d1b20b52b7c1@group-B6DA234A1059-FollowerState
2024-09-15 17:07:44,718 [412dca75-3e3e-4901-90f7-d1b20b52b7c1@group-B6DA234A1059-FollowerState] INFO  server.RaftServerConfigKeys (ConfUtils.java:logFallback(53)) - raft.server.rpc.first-election.timeout.min = 5s (fallback to raft.server.rpc.timeout.min)
2024-09-15 17:07:44,718 [412dca75-3e3e-4901-90f7-d1b20b52b7c1-groupManagement] INFO  util.JmxRegister (JmxRegister.java:tryRegister(44)) - Successfully registered JMX Bean with object name Ratis:service=RaftServer,group=group-B6DA234A1059,id=412dca75-3e3e-4901-90f7-d1b20b52b7c1
2024-09-15 17:07:44,718 [412dca75-3e3e-4901-90f7-d1b20b52b7c1-groupManagement] INFO  util.JmxRegister (JmxRegister.java:register(58)) - register mxBean class org.apache.ratis.server.impl.RaftServerJmxAdapter as Ratis:service=RaftServer,group=group-B6DA234A1059,id=412dca75-3e3e-4901-90f7-d1b20b52b7c1
2024-09-15 17:07:44,718 [412dca75-3e3e-4901-90f7-d1b20b52b7c1@group-B6DA234A1059-FollowerState] INFO  server.RaftServerConfigKeys (ConfUtils.java:logFallback(53)) - raft.server.rpc.first-election.timeout.max = 5200ms (fallback to raft.server.rpc.timeout.max)
2024-09-15 17:07:44,719 [412dca75-3e3e-4901-90f7-d1b20b52b7c1-groupManagement] INFO  server.RaftServerConfigKeys (ConfUtils.java:logGet(46)) - raft.server.snapshot.trigger-when-stop.enabled = true (default)
2024-09-15 17:07:44,719 [412dca75-3e3e-4901-90f7-d1b20b52b7c1-groupManagement] INFO  server.RaftServerConfigKeys (ConfUtils.java:logGet(46)) - raft.server.snapshot.trigger-when-remove.enabled = true (default)
2024-09-15 17:07:44,719 [412dca75-3e3e-4901-90f7-d1b20b52b7c1-groupManagement] INFO  server.RaftServerConfigKeys (ConfUtils.java:logGet(46)) - raft.server.snapshot.auto.trigger.enabled = true (custom)
2024-09-15 17:07:44,719 [412dca75-3e3e-4901-90f7-d1b20b52b7c1-groupManagement] INFO  server.RaftServerConfigKeys (ConfUtils.java:logGet(46)) - raft.server.snapshot.auto.trigger.threshold = 10000 (custom)
2024-09-15 17:07:44,719 [412dca75-3e3e-4901-90f7-d1b20b52b7c1-groupManagement] INFO  server.RaftServerConfigKeys (ConfUtils.java:logGet(46)) - raft.server.snapshot.retention.file.num = 5 (custom)
2024-09-15 17:07:44,719 [412dca75-3e3e-4901-90f7-d1b20b52b7c1-groupManagement] INFO  server.RaftServerConfigKeys (ConfUtils.java:logGet(46)) - raft.server.log.purge.upto.snapshot.index = false (default)
2024-09-15 17:07:44,719 [412dca75-3e3e-4901-90f7-d1b20b52b7c1-PipelineCommandHandlerThread-0] INFO  ratis.XceiverServerRatis (XceiverServerRatis.java:addGroup(849)) - Created group PipelineID=f33a251a-9fc2-4987-bb9b-b6da234a1059
2024-09-15 17:07:44,734 [grpc-default-executor-4] INFO  server.RaftServer (RaftServerProxy.java:addNew(101)) - c2143be1-a980-4ca9-9b44-5c7f6a3ce2c0: addNew group-B6DA234A1059:[c2143be1-a980-4ca9-9b44-5c7f6a3ce2c0|127.0.0.1:15198, 62362ab0-30ae-49fa-a673-0da439c77b8d|127.0.0.1:15171, 412dca75-3e3e-4901-90f7-d1b20b52b7c1|127.0.0.1:15207] returns group-B6DA234A1059:java.util.concurrent.CompletableFuture@6053f7fe[Not completed]
2024-09-15 17:07:44,735 [c2143be1-a980-4ca9-9b44-5c7f6a3ce2c0-groupManagement] INFO  server.RaftServer$Division (RaftServerImpl.java:<init>(253)) - c2143be1-a980-4ca9-9b44-5c7f6a3ce2c0: new RaftServerImpl for group-B6DA234A1059:[c2143be1-a980-4ca9-9b44-5c7f6a3ce2c0|127.0.0.1:15198, 62362ab0-30ae-49fa-a673-0da439c77b8d|127.0.0.1:15171, 412dca75-3e3e-4901-90f7-d1b20b52b7c1|127.0.0.1:15207] with ContainerStateMachine:uninitialized
2024-09-15 17:07:44,735 [c2143be1-a980-4ca9-9b44-5c7f6a3ce2c0-groupManagement] INFO  server.RaftServerConfigKeys (ConfUtils.java:logGet(46)) - raft.server.rpc.timeout.min = 5s (custom)
2024-09-15 17:07:44,735 [c2143be1-a980-4ca9-9b44-5c7f6a3ce2c0-groupManagement] INFO  server.RaftServerConfigKeys (ConfUtils.java:logGet(46)) - raft.server.rpc.timeout.max = 5200ms (custom)
2024-09-15 17:07:44,735 [c2143be1-a980-4ca9-9b44-5c7f6a3ce2c0-groupManagement] INFO  server.RaftServerConfigKeys (ConfUtils.java:logGet(46)) - raft.server.rpc.sleep.time = 25ms (default)
2024-09-15 17:07:44,735 [c2143be1-a980-4ca9-9b44-5c7f6a3ce2c0-groupManagement] INFO  server.RaftServerConfigKeys (ConfUtils.java:logGet(46)) - raft.server.rpc.slowness.timeout = 300000ms (custom)
2024-09-15 17:07:44,735 [c2143be1-a980-4ca9-9b44-5c7f6a3ce2c0-groupManagement] INFO  server.RaftServerConfigKeys (ConfUtils.java:logGet(46)) - raft.server.leaderelection.leader.step-down.wait-time = 10s (default)
2024-09-15 17:07:44,735 [c2143be1-a980-4ca9-9b44-5c7f6a3ce2c0-groupManagement] INFO  server.RaftServerConfigKeys (ConfUtils.java:logGet(46)) - raft.server.leaderelection.member.majority-add = false (default)
2024-09-15 17:07:44,736 [c2143be1-a980-4ca9-9b44-5c7f6a3ce2c0-groupManagement] INFO  server.RaftServerConfigKeys (ConfUtils.java:logGet(46)) - raft.server.sleep.deviation.threshold = 300ms (default)
2024-09-15 17:07:44,736 [c2143be1-a980-4ca9-9b44-5c7f6a3ce2c0-groupManagement] INFO  server.RaftServer$Division (ServerState.java:<init>(114)) - c2143be1-a980-4ca9-9b44-5c7f6a3ce2c0@group-B6DA234A1059: ConfigurationManager, init=conf: {index: -1, cur=peers:[c2143be1-a980-4ca9-9b44-5c7f6a3ce2c0|127.0.0.1:15198, 62362ab0-30ae-49fa-a673-0da439c77b8d|127.0.0.1:15171, 412dca75-3e3e-4901-90f7-d1b20b52b7c1|127.0.0.1:15207]|listeners:[], old=null}, confs=<EMPTY_MAP>
2024-09-15 17:07:44,736 [c2143be1-a980-4ca9-9b44-5c7f6a3ce2c0-groupManagement] INFO  server.RaftServerConfigKeys (ConfUtils.java:logGet(46)) - raft.server.notification.no-leader.timeout = 300000ms (custom)
2024-09-15 17:07:44,736 [c2143be1-a980-4ca9-9b44-5c7f6a3ce2c0-groupManagement] INFO  server.RaftServerConfigKeys (ConfUtils.java:logGet(46)) - raft.server.read.timeout = 10s (default)
2024-09-15 17:07:44,736 [c2143be1-a980-4ca9-9b44-5c7f6a3ce2c0-groupManagement] INFO  server.RaftServerConfigKeys (ConfUtils.java:logGet(46)) - raft.server.retrycache.expirytime = 600000ms (custom)
2024-09-15 17:07:44,736 [c2143be1-a980-4ca9-9b44-5c7f6a3ce2c0-groupManagement] INFO  server.RaftServerConfigKeys (ConfUtils.java:logGet(46)) - raft.server.retrycache.statistics.expirytime = 100ms (default)
2024-09-15 17:07:44,736 [c2143be1-a980-4ca9-9b44-5c7f6a3ce2c0-groupManagement] INFO  server.RaftServerConfigKeys (ConfUtils.java:logGet(46)) - raft.server.read.option = DEFAULT (default)
2024-09-15 17:07:44,736 [c2143be1-a980-4ca9-9b44-5c7f6a3ce2c0-groupManagement] INFO  server.RaftServerConfigKeys (ConfUtils.java:logGet(46)) - raft.server.read.read-after-write-consistent.write-index-cache.expiry-time = 60s (default)
2024-09-15 17:07:44,737 [c2143be1-a980-4ca9-9b44-5c7f6a3ce2c0-groupManagement] INFO  server.RaftServerConfigKeys (ConfUtils.java:logGet(46)) - raft.server.rpc.request.timeout = 3000ms (default)
2024-09-15 17:07:44,737 [c2143be1-a980-4ca9-9b44-5c7f6a3ce2c0-groupManagement] INFO  server.RaftServerConfigKeys (ConfUtils.java:logGet(46)) - raft.server.log.appender.install.snapshot.enabled = false (custom)
2024-09-15 17:07:44,737 [c2143be1-a980-4ca9-9b44-5c7f6a3ce2c0-groupManagement] INFO  server.RaftServerConfigKeys (ConfUtils.java:logGet(46)) - raft.server.threadpool.server.cached = true (default)
2024-09-15 17:07:44,737 [c2143be1-a980-4ca9-9b44-5c7f6a3ce2c0-groupManagement] INFO  server.RaftServerConfigKeys (ConfUtils.java:logGet(46)) - raft.server.threadpool.server.size = 0 (default)
2024-09-15 17:07:44,737 [c2143be1-a980-4ca9-9b44-5c7f6a3ce2c0-groupManagement] INFO  server.RaftServerConfigKeys (ConfUtils.java:logGet(46)) - raft.server.threadpool.client.cached = true (default)
2024-09-15 17:07:44,738 [c2143be1-a980-4ca9-9b44-5c7f6a3ce2c0-groupManagement] INFO  server.RaftServerConfigKeys (ConfUtils.java:logGet(46)) - raft.server.threadpool.client.size = 0 (default)
2024-09-15 17:07:44,738 [c2143be1-a980-4ca9-9b44-5c7f6a3ce2c0-groupManagement] INFO  server.RaftServerConfigKeys (ConfUtils.java:logGet(46)) - raft.server.storage.free-space.min = 0MB (=0) (default)
2024-09-15 17:07:44,738 [c2143be1-a980-4ca9-9b44-5c7f6a3ce2c0-groupManagement] INFO  server.RaftServerConfigKeys (ConfUtils.java:logGet(46)) - raft.server.log.corruption.policy = EXCEPTION (default)
2024-09-15 17:07:44,738 [c2143be1-a980-4ca9-9b44-5c7f6a3ce2c0-groupManagement] INFO  server.RaftServerConfigKeys (ConfUtils.java:logGet(46)) - raft.server.storage.dir = [/home/runner/work/ozone/ozone/hadoop-ozone/integration-test/target/test-dir/MiniOzoneClusterImpl-eca91e6c-a84b-4041-8679-4afba91b5587/ozone-meta/datanode-4/ratis] (custom)
2024-09-15 17:07:44,738 [c2143be1-a980-4ca9-9b44-5c7f6a3ce2c0-groupManagement] INFO  storage.RaftStorageDirectory (RaftStorageDirectoryImpl.java:analyzeStorage(138)) - The storage directory /home/runner/work/ozone/ozone/hadoop-ozone/integration-test/target/test-dir/MiniOzoneClusterImpl-eca91e6c-a84b-4041-8679-4afba91b5587/ozone-meta/datanode-4/ratis/f33a251a-9fc2-4987-bb9b-b6da234a1059 does not exist. Creating ...
2024-09-15 17:07:44,739 [c2143be1-a980-4ca9-9b44-5c7f6a3ce2c0-groupManagement] INFO  storage.RaftStorageDirectory (RaftStorageDirectoryImpl.java:tryLock(229)) - Lock on /home/runner/work/ozone/ozone/hadoop-ozone/integration-test/target/test-dir/MiniOzoneClusterImpl-eca91e6c-a84b-4041-8679-4afba91b5587/ozone-meta/datanode-4/ratis/f33a251a-9fc2-4987-bb9b-b6da234a1059/in_use.lock acquired by nodename 77088@fv-az886-12
2024-09-15 17:07:44,740 [c2143be1-a980-4ca9-9b44-5c7f6a3ce2c0-groupManagement] INFO  storage.RaftStorage (RaftStorageImpl.java:format(98)) - Storage directory /home/runner/work/ozone/ozone/hadoop-ozone/integration-test/target/test-dir/MiniOzoneClusterImpl-eca91e6c-a84b-4041-8679-4afba91b5587/ozone-meta/datanode-4/ratis/f33a251a-9fc2-4987-bb9b-b6da234a1059 has been successfully formatted.
2024-09-15 17:07:44,740 [c2143be1-a980-4ca9-9b44-5c7f6a3ce2c0-groupManagement] INFO  ratis.ContainerStateMachine (ContainerStateMachine.java:loadSnapshot(295)) - group-B6DA234A1059: The snapshot info is null. Setting the last applied index to:(t:0, i:~)
2024-09-15 17:07:44,740 [c2143be1-a980-4ca9-9b44-5c7f6a3ce2c0-groupManagement] INFO  server.RaftServerConfigKeys (ConfUtils.java:logGet(46)) - raft.server.log.use.memory = false (default)
2024-09-15 17:07:44,740 [c2143be1-a980-4ca9-9b44-5c7f6a3ce2c0-groupManagement] INFO  server.RaftServerConfigKeys (ConfUtils.java:logGet(46)) - raft.server.log.purge.gap = 1000000 (custom)
2024-09-15 17:07:44,740 [c2143be1-a980-4ca9-9b44-5c7f6a3ce2c0-groupManagement] INFO  server.RaftServerConfigKeys (ConfUtils.java:logGet(46)) - raft.server.log.appender.buffer.byte-limit = 33554432 (custom)
2024-09-15 17:07:44,740 [c2143be1-a980-4ca9-9b44-5c7f6a3ce2c0-groupManagement] INFO  server.RaftServerConfigKeys (ConfUtils.java:logGet(46)) - raft.server.log.statemachine.data.read.timeout = 1000ms (default)
2024-09-15 17:07:44,741 [c2143be1-a980-4ca9-9b44-5c7f6a3ce2c0-groupManagement] INFO  server.RaftServerConfigKeys (ConfUtils.java:logGet(46)) - raft.server.log.purge.preservation.log.num = 0 (default)
2024-09-15 17:07:44,742 [c2143be1-a980-4ca9-9b44-5c7f6a3ce2c0-groupManagement] INFO  server.RaftServerConfigKeys (ConfUtils.java:logGet(46)) - raft.server.log.segment.size.max = 67108864 (custom)
2024-09-15 17:07:44,742 [c2143be1-a980-4ca9-9b44-5c7f6a3ce2c0-groupManagement] INFO  server.RaftServerConfigKeys (ConfUtils.java:logGet(46)) - raft.server.log.segment.cache.num.max = 2 (custom)
2024-09-15 17:07:44,742 [c2143be1-a980-4ca9-9b44-5c7f6a3ce2c0-groupManagement] INFO  server.RaftServerConfigKeys (ConfUtils.java:logGet(46)) - raft.server.log.segment.cache.size.max = 200MB (=209715200) (default)
2024-09-15 17:07:44,742 [c2143be1-a980-4ca9-9b44-5c7f6a3ce2c0-groupManagement] INFO  server.RaftServerConfigKeys (ConfUtils.java:logGet(46)) - raft.server.log.appender.buffer.byte-limit = 33554432 (custom)
2024-09-15 17:07:44,742 [c2143be1-a980-4ca9-9b44-5c7f6a3ce2c0-groupManagement] INFO  util.AwaitToRun (AwaitToRun.java:start(81)) - Thread[c2143be1-a980-4ca9-9b44-5c7f6a3ce2c0@group-B6DA234A1059-cacheEviction-AwaitToRun,5,main] started
2024-09-15 17:07:44,742 [c2143be1-a980-4ca9-9b44-5c7f6a3ce2c0-groupManagement] INFO  segmented.SegmentedRaftLogWorker (SegmentedRaftLogWorker.java:<init>(184)) - new c2143be1-a980-4ca9-9b44-5c7f6a3ce2c0@group-B6DA234A1059-SegmentedRaftLogWorker for RaftStorageImpl:Storage Directory /home/runner/work/ozone/ozone/hadoop-ozone/integration-test/target/test-dir/MiniOzoneClusterImpl-eca91e6c-a84b-4041-8679-4afba91b5587/ozone-meta/datanode-4/ratis/f33a251a-9fc2-4987-bb9b-b6da234a1059
2024-09-15 17:07:44,742 [c2143be1-a980-4ca9-9b44-5c7f6a3ce2c0-groupManagement] INFO  server.RaftServerConfigKeys (ConfUtils.java:logGet(46)) - raft.server.log.queue.byte-limit = 4294967296 (custom)
2024-09-15 17:07:44,742 [c2143be1-a980-4ca9-9b44-5c7f6a3ce2c0-groupManagement] INFO  server.RaftServerConfigKeys (ConfUtils.java:logGet(46)) - raft.server.log.queue.element-limit = 1024 (custom)
2024-09-15 17:07:44,742 [c2143be1-a980-4ca9-9b44-5c7f6a3ce2c0-groupManagement] INFO  server.RaftServerConfigKeys (ConfUtils.java:logGet(46)) - raft.server.log.segment.size.max = 67108864 (custom)
2024-09-15 17:07:44,743 [c2143be1-a980-4ca9-9b44-5c7f6a3ce2c0-groupManagement] INFO  server.RaftServerConfigKeys (ConfUtils.java:logGet(46)) - raft.server.log.preallocated.size = 4194304 (custom)
2024-09-15 17:07:44,743 [c2143be1-a980-4ca9-9b44-5c7f6a3ce2c0-groupManagement] INFO  server.RaftServerConfigKeys (ConfUtils.java:logGet(46)) - raft.server.log.force.sync.num = 128 (default)
2024-09-15 17:07:44,743 [c2143be1-a980-4ca9-9b44-5c7f6a3ce2c0-groupManagement] INFO  server.RaftServerConfigKeys (ConfUtils.java:logGet(46)) - raft.server.log.statemachine.data.sync = true (default)
2024-09-15 17:07:44,743 [c2143be1-a980-4ca9-9b44-5c7f6a3ce2c0-groupManagement] INFO  server.RaftServerConfigKeys (ConfUtils.java:logGet(46)) - raft.server.log.statemachine.data.sync.timeout = 10s (default)
2024-09-15 17:07:44,743 [c2143be1-a980-4ca9-9b44-5c7f6a3ce2c0-groupManagement] INFO  server.RaftServerConfigKeys (ConfUtils.java:logGet(46)) - raft.server.log.statemachine.data.sync.timeout.retry = 30 (custom)
2024-09-15 17:07:44,743 [c2143be1-a980-4ca9-9b44-5c7f6a3ce2c0-groupManagement] INFO  server.RaftServerConfigKeys (ConfUtils.java:logGet(46)) - raft.server.log.write.buffer.size = 33554440 (custom)
2024-09-15 17:07:44,748 [c2143be1-a980-4ca9-9b44-5c7f6a3ce2c0-groupManagement] INFO  server.RaftServerConfigKeys (ConfUtils.java:logGet(46)) - raft.server.log.appender.buffer.byte-limit = 33554432 (custom)
2024-09-15 17:07:44,748 [c2143be1-a980-4ca9-9b44-5c7f6a3ce2c0-groupManagement] INFO  server.RaftServerConfigKeys (ConfUtils.java:logGet(46)) - raft.server.log.unsafe-flush.enabled = false (default)
2024-09-15 17:07:44,748 [c2143be1-a980-4ca9-9b44-5c7f6a3ce2c0-groupManagement] INFO  server.RaftServerConfigKeys (ConfUtils.java:logGet(46)) - raft.server.log.async-flush.enabled = false (default)
2024-09-15 17:07:44,748 [c2143be1-a980-4ca9-9b44-5c7f6a3ce2c0-groupManagement] INFO  server.RaftServerConfigKeys (ConfUtils.java:logGet(46)) - raft.server.log.statemachine.data.caching.enabled = true (custom)
2024-09-15 17:07:44,748 [c2143be1-a980-4ca9-9b44-5c7f6a3ce2c0-groupManagement] INFO  segmented.SegmentedRaftLogWorker (SegmentedRaftLogWorker.java:lambda$new$0(135)) - c2143be1-a980-4ca9-9b44-5c7f6a3ce2c0@group-B6DA234A1059-SegmentedRaftLogWorker: flushIndex: setUnconditionally 0 -> -1
2024-09-15 17:07:44,748 [c2143be1-a980-4ca9-9b44-5c7f6a3ce2c0-groupManagement] INFO  segmented.SegmentedRaftLogWorker (SegmentedRaftLogWorker.java:lambda$new$0(135)) - c2143be1-a980-4ca9-9b44-5c7f6a3ce2c0@group-B6DA234A1059-SegmentedRaftLogWorker: safeCacheEvictIndex: setUnconditionally 0 -> -1
2024-09-15 17:07:44,748 [c2143be1-a980-4ca9-9b44-5c7f6a3ce2c0-groupManagement] INFO  server.RaftServer$Division (RaftServerImpl.java:start(389)) - c2143be1-a980-4ca9-9b44-5c7f6a3ce2c0@group-B6DA234A1059: start as a follower, conf=conf: {index: -1, cur=peers:[c2143be1-a980-4ca9-9b44-5c7f6a3ce2c0|127.0.0.1:15198, 62362ab0-30ae-49fa-a673-0da439c77b8d|127.0.0.1:15171, 412dca75-3e3e-4901-90f7-d1b20b52b7c1|127.0.0.1:15207]|listeners:[], old=null}
2024-09-15 17:07:44,749 [c2143be1-a980-4ca9-9b44-5c7f6a3ce2c0-groupManagement] INFO  server.RaftServer$Division (RaftServerImpl.java:setRole(376)) - c2143be1-a980-4ca9-9b44-5c7f6a3ce2c0@group-B6DA234A1059: changes role from      null to FOLLOWER at term 0 for startAsFollower
2024-09-15 17:07:44,749 [c2143be1-a980-4ca9-9b44-5c7f6a3ce2c0-groupManagement] INFO  impl.RoleInfo (RoleInfo.java:updateAndGet(148)) - c2143be1-a980-4ca9-9b44-5c7f6a3ce2c0: start c2143be1-a980-4ca9-9b44-5c7f6a3ce2c0@group-B6DA234A1059-FollowerState
2024-09-15 17:07:44,749 [c2143be1-a980-4ca9-9b44-5c7f6a3ce2c0-groupManagement] INFO  util.JmxRegister (JmxRegister.java:tryRegister(44)) - Successfully registered JMX Bean with object name Ratis:service=RaftServer,group=group-B6DA234A1059,id=c2143be1-a980-4ca9-9b44-5c7f6a3ce2c0
2024-09-15 17:07:44,749 [c2143be1-a980-4ca9-9b44-5c7f6a3ce2c0-groupManagement] INFO  util.JmxRegister (JmxRegister.java:register(58)) - register mxBean class org.apache.ratis.server.impl.RaftServerJmxAdapter as Ratis:service=RaftServer,group=group-B6DA234A1059,id=c2143be1-a980-4ca9-9b44-5c7f6a3ce2c0
2024-09-15 17:07:44,749 [c2143be1-a980-4ca9-9b44-5c7f6a3ce2c0-groupManagement] INFO  server.RaftServerConfigKeys (ConfUtils.java:logGet(46)) - raft.server.snapshot.trigger-when-stop.enabled = true (default)
2024-09-15 17:07:44,749 [c2143be1-a980-4ca9-9b44-5c7f6a3ce2c0-groupManagement] INFO  server.RaftServerConfigKeys (ConfUtils.java:logGet(46)) - raft.server.snapshot.trigger-when-remove.enabled = true (default)
2024-09-15 17:07:44,749 [c2143be1-a980-4ca9-9b44-5c7f6a3ce2c0-groupManagement] INFO  server.RaftServerConfigKeys (ConfUtils.java:logGet(46)) - raft.server.snapshot.auto.trigger.enabled = true (custom)
2024-09-15 17:07:44,749 [c2143be1-a980-4ca9-9b44-5c7f6a3ce2c0-groupManagement] INFO  server.RaftServerConfigKeys (ConfUtils.java:logGet(46)) - raft.server.snapshot.auto.trigger.threshold = 10000 (custom)
2024-09-15 17:07:44,749 [c2143be1-a980-4ca9-9b44-5c7f6a3ce2c0-groupManagement] INFO  server.RaftServerConfigKeys (ConfUtils.java:logGet(46)) - raft.server.snapshot.retention.file.num = 5 (custom)
2024-09-15 17:07:44,749 [c2143be1-a980-4ca9-9b44-5c7f6a3ce2c0-groupManagement] INFO  server.RaftServerConfigKeys (ConfUtils.java:logGet(46)) - raft.server.log.purge.upto.snapshot.index = false (default)
2024-09-15 17:07:44,749 [c2143be1-a980-4ca9-9b44-5c7f6a3ce2c0@group-B6DA234A1059-FollowerState] INFO  server.RaftServerConfigKeys (ConfUtils.java:logFallback(53)) - raft.server.rpc.first-election.timeout.min = 5s (fallback to raft.server.rpc.timeout.min)
2024-09-15 17:07:44,750 [c2143be1-a980-4ca9-9b44-5c7f6a3ce2c0@group-B6DA234A1059-FollowerState] INFO  server.RaftServerConfigKeys (ConfUtils.java:logFallback(53)) - raft.server.rpc.first-election.timeout.max = 5200ms (fallback to raft.server.rpc.timeout.max)
2024-09-15 17:07:45,618 [fdb1bdfc-cd38-46a5-a741-21faac0cf152-PipelineCommandHandlerThread-0] WARN  commandhandler.ClosePipelineCommandHandler (ClosePipelineCommandHandler.java:lambda$handle$1(132)) - Failed to remove group group-9F891B4926A6 of pipeline PipelineID=ffe936e1-90b0-46c0-bf1c-9f891b4926a6 on peer 62362ab0-30ae-49fa-a673-0da439c77b8d
java.io.IOException: org.apache.ratis.thirdparty.io.grpc.StatusRuntimeException: UNAVAILABLE: io exception
	at org.apache.ratis.grpc.GrpcUtil.unwrapException(GrpcUtil.java:99)
	at org.apache.ratis.grpc.client.GrpcClientProtocolClient.blockingCall(GrpcClientProtocolClient.java:223)
	at org.apache.ratis.grpc.client.GrpcClientProtocolClient.groupAdd(GrpcClientProtocolClient.java:170)
	at org.apache.ratis.grpc.client.GrpcClientRpc.sendRequest(GrpcClientRpc.java:98)
	at org.apache.ratis.client.impl.BlockingImpl.sendRequest(BlockingImpl.java:147)
	at org.apache.ratis.client.impl.BlockingImpl.sendRequestWithRetry(BlockingImpl.java:109)
	at org.apache.ratis.client.impl.GroupManagementImpl.remove(GroupManagementImpl.java:61)
	at org.apache.hadoop.ozone.container.common.statemachine.commandhandler.ClosePipelineCommandHandler.lambda$handle$1(ClosePipelineCommandHandler.java:124)
	at java.base/java.util.stream.ForEachOps$ForEachOp$OfRef.accept(ForEachOps.java:183)
	at java.base/java.util.stream.ReferencePipeline$2$1.accept(ReferencePipeline.java:179)
	at java.base/java.util.HashMap$ValueSpliterator.forEachRemaining(HashMap.java:1779)
	at java.base/java.util.stream.AbstractPipeline.copyInto(AbstractPipeline.java:509)
	at java.base/java.util.stream.AbstractPipeline.wrapAndCopyInto(AbstractPipeline.java:499)
	at java.base/java.util.stream.ForEachOps$ForEachOp.evaluateSequential(ForEachOps.java:150)
	at java.base/java.util.stream.ForEachOps$ForEachOp$OfRef.evaluateSequential(ForEachOps.java:173)
	at java.base/java.util.stream.AbstractPipeline.evaluate(AbstractPipeline.java:234)
	at java.base/java.util.stream.ReferencePipeline.forEach(ReferencePipeline.java:596)
	at org.apache.hadoop.ozone.container.common.statemachine.commandhandler.ClosePipelineCommandHandler.lambda$handle$2(ClosePipelineCommandHandler.java:121)
	at java.base/java.util.concurrent.CompletableFuture$AsyncRun.run(CompletableFuture.java:1804)
	at java.base/java.util.concurrent.ThreadPoolExecutor.runWorker(ThreadPoolExecutor.java:1136)
	at java.base/java.util.concurrent.ThreadPoolExecutor$Worker.run(ThreadPoolExecutor.java:635)
	at java.base/java.lang.Thread.run(Thread.java:840)
Caused by: org.apache.ratis.thirdparty.io.grpc.StatusRuntimeException: UNAVAILABLE: io exception
	at org.apache.ratis.thirdparty.io.grpc.stub.ClientCalls.toStatusRuntimeException(ClientCalls.java:268)
	at org.apache.ratis.thirdparty.io.grpc.stub.ClientCalls.getUnchecked(ClientCalls.java:249)
	at org.apache.ratis.thirdparty.io.grpc.stub.ClientCalls.blockingUnaryCall(ClientCalls.java:167)
	at org.apache.ratis.proto.grpc.AdminProtocolServiceGrpc$AdminProtocolServiceBlockingStub.groupManagement(AdminProtocolServiceGrpc.java:468)
	at org.apache.ratis.grpc.client.GrpcClientProtocolClient.lambda$groupAdd$5(GrpcClientProtocolClient.java:172)
	at org.apache.ratis.grpc.client.GrpcClientProtocolClient.blockingCall(GrpcClientProtocolClient.java:221)
	... 20 more
Caused by: org.apache.ratis.thirdparty.io.netty.channel.AbstractChannel$AnnotatedConnectException: finishConnect(..) failed: Connection refused: /127.0.0.1:15171
Caused by: java.net.ConnectException: finishConnect(..) failed: Connection refused
	at org.apache.ratis.thirdparty.io.netty.channel.unix.Errors.newConnectException0(Errors.java:166)
	at org.apache.ratis.thirdparty.io.netty.channel.unix.Errors.handleConnectErrno(Errors.java:131)
	at org.apache.ratis.thirdparty.io.netty.channel.unix.Socket.finishConnect(Socket.java:359)
	at org.apache.ratis.thirdparty.io.netty.channel.epoll.AbstractEpollChannel$AbstractEpollUnsafe.doFinishConnect(AbstractEpollChannel.java:715)
	at org.apache.ratis.thirdparty.io.netty.channel.epoll.AbstractEpollChannel$AbstractEpollUnsafe.finishConnect(AbstractEpollChannel.java:692)
	at org.apache.ratis.thirdparty.io.netty.channel.epoll.AbstractEpollChannel$AbstractEpollUnsafe.epollOutReady(AbstractEpollChannel.java:567)
	at org.apache.ratis.thirdparty.io.netty.channel.epoll.EpollEventLoop.processReady(EpollEventLoop.java:491)
	at org.apache.ratis.thirdparty.io.netty.channel.epoll.EpollEventLoop.run(EpollEventLoop.java:399)
	at org.apache.ratis.thirdparty.io.netty.util.concurrent.SingleThreadEventExecutor$4.run(SingleThreadEventExecutor.java:997)
	at org.apache.ratis.thirdparty.io.netty.util.internal.ThreadExecutorMap$2.run(ThreadExecutorMap.java:74)
	at org.apache.ratis.thirdparty.io.netty.util.concurrent.FastThreadLocalRunnable.run(FastThreadLocalRunnable.java:30)
	at java.base/java.lang.Thread.run(Thread.java:840)
2024-09-15 17:07:45,620 [fdb1bdfc-cd38-46a5-a741-21faac0cf152-PipelineCommandHandlerThread-0] WARN  commandhandler.ClosePipelineCommandHandler (ClosePipelineCommandHandler.java:lambda$handle$1(132)) - Failed to remove group group-9F891B4926A6 of pipeline PipelineID=ffe936e1-90b0-46c0-bf1c-9f891b4926a6 on peer 61f1eb6c-dc17-4b0b-858b-0bb1b85057d5
java.io.IOException: org.apache.ratis.thirdparty.io.grpc.StatusRuntimeException: UNAVAILABLE: io exception
	at org.apache.ratis.grpc.GrpcUtil.unwrapException(GrpcUtil.java:99)
	at org.apache.ratis.grpc.client.GrpcClientProtocolClient.blockingCall(GrpcClientProtocolClient.java:223)
	at org.apache.ratis.grpc.client.GrpcClientProtocolClient.groupAdd(GrpcClientProtocolClient.java:170)
	at org.apache.ratis.grpc.client.GrpcClientRpc.sendRequest(GrpcClientRpc.java:98)
	at org.apache.ratis.client.impl.BlockingImpl.sendRequest(BlockingImpl.java:147)
	at org.apache.ratis.client.impl.BlockingImpl.sendRequestWithRetry(BlockingImpl.java:109)
	at org.apache.ratis.client.impl.GroupManagementImpl.remove(GroupManagementImpl.java:61)
	at org.apache.hadoop.ozone.container.common.statemachine.commandhandler.ClosePipelineCommandHandler.lambda$handle$1(ClosePipelineCommandHandler.java:124)
	at java.base/java.util.stream.ForEachOps$ForEachOp$OfRef.accept(ForEachOps.java:183)
	at java.base/java.util.stream.ReferencePipeline$2$1.accept(ReferencePipeline.java:179)
	at java.base/java.util.HashMap$ValueSpliterator.forEachRemaining(HashMap.java:1779)
	at java.base/java.util.stream.AbstractPipeline.copyInto(AbstractPipeline.java:509)
	at java.base/java.util.stream.AbstractPipeline.wrapAndCopyInto(AbstractPipeline.java:499)
	at java.base/java.util.stream.ForEachOps$ForEachOp.evaluateSequential(ForEachOps.java:150)
	at java.base/java.util.stream.ForEachOps$ForEachOp$OfRef.evaluateSequential(ForEachOps.java:173)
	at java.base/java.util.stream.AbstractPipeline.evaluate(AbstractPipeline.java:234)
	at java.base/java.util.stream.ReferencePipeline.forEach(ReferencePipeline.java:596)
	at org.apache.hadoop.ozone.container.common.statemachine.commandhandler.ClosePipelineCommandHandler.lambda$handle$2(ClosePipelineCommandHandler.java:121)
	at java.base/java.util.concurrent.CompletableFuture$AsyncRun.run(CompletableFuture.java:1804)
	at java.base/java.util.concurrent.ThreadPoolExecutor.runWorker(ThreadPoolExecutor.java:1136)
	at java.base/java.util.concurrent.ThreadPoolExecutor$Worker.run(ThreadPoolExecutor.java:635)
	at java.base/java.lang.Thread.run(Thread.java:840)
Caused by: org.apache.ratis.thirdparty.io.grpc.StatusRuntimeException: UNAVAILABLE: io exception
	at org.apache.ratis.thirdparty.io.grpc.stub.ClientCalls.toStatusRuntimeException(ClientCalls.java:268)
	at org.apache.ratis.thirdparty.io.grpc.stub.ClientCalls.getUnchecked(ClientCalls.java:249)
	at org.apache.ratis.thirdparty.io.grpc.stub.ClientCalls.blockingUnaryCall(ClientCalls.java:167)
	at org.apache.ratis.proto.grpc.AdminProtocolServiceGrpc$AdminProtocolServiceBlockingStub.groupManagement(AdminProtocolServiceGrpc.java:468)
	at org.apache.ratis.grpc.client.GrpcClientProtocolClient.lambda$groupAdd$5(GrpcClientProtocolClient.java:172)
	at org.apache.ratis.grpc.client.GrpcClientProtocolClient.blockingCall(GrpcClientProtocolClient.java:221)
	... 20 more
Caused by: org.apache.ratis.thirdparty.io.netty.channel.AbstractChannel$AnnotatedConnectException: finishConnect(..) failed: Connection refused: /127.0.0.1:15180
Caused by: java.net.ConnectException: finishConnect(..) failed: Connection refused
	at org.apache.ratis.thirdparty.io.netty.channel.unix.Errors.newConnectException0(Errors.java:166)
	at org.apache.ratis.thirdparty.io.netty.channel.unix.Errors.handleConnectErrno(Errors.java:131)
	at org.apache.ratis.thirdparty.io.netty.channel.unix.Socket.finishConnect(Socket.java:359)
	at org.apache.ratis.thirdparty.io.netty.channel.epoll.AbstractEpollChannel$AbstractEpollUnsafe.doFinishConnect(AbstractEpollChannel.java:715)
	at org.apache.ratis.thirdparty.io.netty.channel.epoll.AbstractEpollChannel$AbstractEpollUnsafe.finishConnect(AbstractEpollChannel.java:692)
	at org.apache.ratis.thirdparty.io.netty.channel.epoll.AbstractEpollChannel$AbstractEpollUnsafe.epollOutReady(AbstractEpollChannel.java:567)
	at org.apache.ratis.thirdparty.io.netty.channel.epoll.EpollEventLoop.processReady(EpollEventLoop.java:491)
	at org.apache.ratis.thirdparty.io.netty.channel.epoll.EpollEventLoop.run(EpollEventLoop.java:399)
	at org.apache.ratis.thirdparty.io.netty.util.concurrent.SingleThreadEventExecutor$4.run(SingleThreadEventExecutor.java:997)
	at org.apache.ratis.thirdparty.io.netty.util.internal.ThreadExecutorMap$2.run(ThreadExecutorMap.java:74)
	at org.apache.ratis.thirdparty.io.netty.util.concurrent.FastThreadLocalRunnable.run(FastThreadLocalRunnable.java:30)
	at java.base/java.lang.Thread.run(Thread.java:840)
2024-09-15 17:07:45,620 [fdb1bdfc-cd38-46a5-a741-21faac0cf152-PipelineCommandHandlerThread-0] INFO  server.RaftServer (RaftServerProxy.java:remove(112)) - fdb1bdfc-cd38-46a5-a741-21faac0cf152: remove  FOLLOWER fdb1bdfc-cd38-46a5-a741-21faac0cf152@group-9F891B4926A6:t1, leader=61f1eb6c-dc17-4b0b-858b-0bb1b85057d5, voted=61f1eb6c-dc17-4b0b-858b-0bb1b85057d5, raftlog=Memoized:fdb1bdfc-cd38-46a5-a741-21faac0cf152@group-9F891B4926A6-SegmentedRaftLog:OPENED:c-1:last(t:1, i:0), conf=conf: {index: 0, cur=peers:[62362ab0-30ae-49fa-a673-0da439c77b8d|127.0.0.1:15171, fdb1bdfc-cd38-46a5-a741-21faac0cf152|127.0.0.1:15189, 61f1eb6c-dc17-4b0b-858b-0bb1b85057d5|127.0.0.1:15180]|listeners:[], old=null} RUNNING
2024-09-15 17:07:45,620 [fdb1bdfc-cd38-46a5-a741-21faac0cf152-PipelineCommandHandlerThread-0] INFO  server.RaftServer$Division (RaftServerImpl.java:lambda$close$1(501)) - fdb1bdfc-cd38-46a5-a741-21faac0cf152@group-9F891B4926A6: shutdown
2024-09-15 17:07:45,620 [fdb1bdfc-cd38-46a5-a741-21faac0cf152-PipelineCommandHandlerThread-0] INFO  util.JmxRegister (JmxRegister.java:unregister(74)) - Successfully un-registered JMX Bean with object name Ratis:service=RaftServer,group=group-9F891B4926A6,id=fdb1bdfc-cd38-46a5-a741-21faac0cf152
2024-09-15 17:07:45,621 [fdb1bdfc-cd38-46a5-a741-21faac0cf152-PipelineCommandHandlerThread-0] INFO  impl.RoleInfo (RoleInfo.java:shutdownFollowerState(119)) - fdb1bdfc-cd38-46a5-a741-21faac0cf152: shutdown fdb1bdfc-cd38-46a5-a741-21faac0cf152@group-9F891B4926A6-FollowerState
2024-09-15 17:07:45,621 [fdb1bdfc-cd38-46a5-a741-21faac0cf152-PipelineCommandHandlerThread-0] INFO  impl.StateMachineUpdater (StateMachineUpdater.java:stopAndJoin(164)) - fdb1bdfc-cd38-46a5-a741-21faac0cf152@group-9F891B4926A6-StateMachineUpdater: set stopIndex = -1
2024-09-15 17:07:45,621 [fdb1bdfc-cd38-46a5-a741-21faac0cf152@group-9F891B4926A6-StateMachineUpdater] INFO  impl.StateMachineUpdater (StateMachineUpdater.java:stop(141)) - fdb1bdfc-cd38-46a5-a741-21faac0cf152@group-9F891B4926A6-StateMachineUpdater: closing ContainerStateMachine, lastApplied=(t:0, i:~)
2024-09-15 17:07:45,621 [fdb1bdfc-cd38-46a5-a741-21faac0cf152@group-9F891B4926A6-cacheEviction-AwaitToRun] INFO  util.AwaitToRun (AwaitToRun.java:run(49)) - fdb1bdfc-cd38-46a5-a741-21faac0cf152@group-9F891B4926A6-cacheEviction-AwaitToRun-AwaitForSignal is interrupted
2024-09-15 17:07:45,621 [fdb1bdfc-cd38-46a5-a741-21faac0cf152@group-9F891B4926A6-FollowerState] INFO  impl.FollowerState (FollowerState.java:run(153)) - fdb1bdfc-cd38-46a5-a741-21faac0cf152@group-9F891B4926A6-FollowerState was interrupted
2024-09-15 17:07:45,670 [timer3] WARN  server.GrpcLogAppender (GrpcLogAppender.java:lambda$resetClient$1(221)) - fdb1bdfc-cd38-46a5-a741-21faac0cf152@group-97AB3179636B->62362ab0-30ae-49fa-a673-0da439c77b8d-GrpcLogAppender: Follower failed (request=null, errorCount=4); keep nextIndex (12) unchanged and retry. (Repeated 4 times in the last 5.000s)
2024-09-15 17:07:45,671 [timer4] WARN  server.GrpcLogAppender (LogUtils.java:warn(121)) - fdb1bdfc-cd38-46a5-a741-21faac0cf152@group-97AB3179636B->62362ab0-30ae-49fa-a673-0da439c77b8d-AppendLogResponseHandler: Failed appendEntries (Repeated 10 times in the last 5.002s): org.apache.ratis.thirdparty.io.grpc.StatusRuntimeException: UNAVAILABLE: io exception
2024-09-15 17:07:45,948 [fdb1bdfc-cd38-46a5-a741-21faac0cf152-PipelineCommandHandlerThread-0] INFO  segmented.SegmentedRaftLogWorker (SegmentedRaftLogWorker.java:close(248)) - fdb1bdfc-cd38-46a5-a741-21faac0cf152@group-9F891B4926A6-SegmentedRaftLogWorker close()
2024-09-15 17:07:45,949 [fdb1bdfc-cd38-46a5-a741-21faac0cf152-PipelineCommandHandlerThread-0] INFO  server.RaftServer$Division (RaftServerImpl.java:groupRemove(471)) - fdb1bdfc-cd38-46a5-a741-21faac0cf152@group-9F891B4926A6: Succeed to remove RaftStorageDirectory Storage Directory /home/runner/work/ozone/ozone/hadoop-ozone/integration-test/target/test-dir/MiniOzoneClusterImpl-eca91e6c-a84b-4041-8679-4afba91b5587/ozone-meta/datanode-3/ratis/ffe936e1-90b0-46c0-bf1c-9f891b4926a6
2024-09-15 17:07:45,949 [fdb1bdfc-cd38-46a5-a741-21faac0cf152-PipelineCommandHandlerThread-0] INFO  commandhandler.ClosePipelineCommandHandler (ClosePipelineCommandHandler.java:lambda$handle$2(140)) - Close Pipeline PipelineID=ffe936e1-90b0-46c0-bf1c-9f891b4926a6 command on datanode fdb1bdfc-cd38-46a5-a741-21faac0cf152.
2024-09-15 17:07:45,953 [fdb1bdfc-cd38-46a5-a741-21faac0cf152-PipelineCommandHandlerThread-0] WARN  commandhandler.ClosePipelineCommandHandler (ClosePipelineCommandHandler.java:lambda$handle$1(132)) - Failed to remove group group-4522AB183087 of pipeline PipelineID=c8c705c7-4182-4f71-bc0b-4522ab183087 on peer 62362ab0-30ae-49fa-a673-0da439c77b8d
java.io.IOException: org.apache.ratis.thirdparty.io.grpc.StatusRuntimeException: UNAVAILABLE: io exception
	at org.apache.ratis.grpc.GrpcUtil.unwrapException(GrpcUtil.java:99)
	at org.apache.ratis.grpc.client.GrpcClientProtocolClient.blockingCall(GrpcClientProtocolClient.java:223)
	at org.apache.ratis.grpc.client.GrpcClientProtocolClient.groupAdd(GrpcClientProtocolClient.java:170)
	at org.apache.ratis.grpc.client.GrpcClientRpc.sendRequest(GrpcClientRpc.java:98)
	at org.apache.ratis.client.impl.BlockingImpl.sendRequest(BlockingImpl.java:147)
	at org.apache.ratis.client.impl.BlockingImpl.sendRequestWithRetry(BlockingImpl.java:109)
	at org.apache.ratis.client.impl.GroupManagementImpl.remove(GroupManagementImpl.java:61)
	at org.apache.hadoop.ozone.container.common.statemachine.commandhandler.ClosePipelineCommandHandler.lambda$handle$1(ClosePipelineCommandHandler.java:124)
	at java.base/java.util.stream.ForEachOps$ForEachOp$OfRef.accept(ForEachOps.java:183)
	at java.base/java.util.stream.ReferencePipeline$2$1.accept(ReferencePipeline.java:179)
	at java.base/java.util.HashMap$ValueSpliterator.forEachRemaining(HashMap.java:1779)
	at java.base/java.util.stream.AbstractPipeline.copyInto(AbstractPipeline.java:509)
	at java.base/java.util.stream.AbstractPipeline.wrapAndCopyInto(AbstractPipeline.java:499)
	at java.base/java.util.stream.ForEachOps$ForEachOp.evaluateSequential(ForEachOps.java:150)
	at java.base/java.util.stream.ForEachOps$ForEachOp$OfRef.evaluateSequential(ForEachOps.java:173)
	at java.base/java.util.stream.AbstractPipeline.evaluate(AbstractPipeline.java:234)
	at java.base/java.util.stream.ReferencePipeline.forEach(ReferencePipeline.java:596)
	at org.apache.hadoop.ozone.container.common.statemachine.commandhandler.ClosePipelineCommandHandler.lambda$handle$2(ClosePipelineCommandHandler.java:121)
	at java.base/java.util.concurrent.CompletableFuture$AsyncRun.run(CompletableFuture.java:1804)
	at java.base/java.util.concurrent.ThreadPoolExecutor.runWorker(ThreadPoolExecutor.java:1136)
	at java.base/java.util.concurrent.ThreadPoolExecutor$Worker.run(ThreadPoolExecutor.java:635)
	at java.base/java.lang.Thread.run(Thread.java:840)
Caused by: org.apache.ratis.thirdparty.io.grpc.StatusRuntimeException: UNAVAILABLE: io exception
	at org.apache.ratis.thirdparty.io.grpc.stub.ClientCalls.toStatusRuntimeException(ClientCalls.java:268)
	at org.apache.ratis.thirdparty.io.grpc.stub.ClientCalls.getUnchecked(ClientCalls.java:249)
	at org.apache.ratis.thirdparty.io.grpc.stub.ClientCalls.blockingUnaryCall(ClientCalls.java:167)
	at org.apache.ratis.proto.grpc.AdminProtocolServiceGrpc$AdminProtocolServiceBlockingStub.groupManagement(AdminProtocolServiceGrpc.java:468)
	at org.apache.ratis.grpc.client.GrpcClientProtocolClient.lambda$groupAdd$5(GrpcClientProtocolClient.java:172)
	at org.apache.ratis.grpc.client.GrpcClientProtocolClient.blockingCall(GrpcClientProtocolClient.java:221)
	... 20 more
Caused by: org.apache.ratis.thirdparty.io.netty.channel.AbstractChannel$AnnotatedConnectException: finishConnect(..) failed: Connection refused: /127.0.0.1:15171
Caused by: java.net.ConnectException: finishConnect(..) failed: Connection refused
	at org.apache.ratis.thirdparty.io.netty.channel.unix.Errors.newConnectException0(Errors.java:166)
	at org.apache.ratis.thirdparty.io.netty.channel.unix.Errors.handleConnectErrno(Errors.java:131)
	at org.apache.ratis.thirdparty.io.netty.channel.unix.Socket.finishConnect(Socket.java:359)
	at org.apache.ratis.thirdparty.io.netty.channel.epoll.AbstractEpollChannel$AbstractEpollUnsafe.doFinishConnect(AbstractEpollChannel.java:715)
	at org.apache.ratis.thirdparty.io.netty.channel.epoll.AbstractEpollChannel$AbstractEpollUnsafe.finishConnect(AbstractEpollChannel.java:692)
	at org.apache.ratis.thirdparty.io.netty.channel.epoll.AbstractEpollChannel$AbstractEpollUnsafe.epollOutReady(AbstractEpollChannel.java:567)
	at org.apache.ratis.thirdparty.io.netty.channel.epoll.EpollEventLoop.processReady(EpollEventLoop.java:491)
	at org.apache.ratis.thirdparty.io.netty.channel.epoll.EpollEventLoop.run(EpollEventLoop.java:399)
	at org.apache.ratis.thirdparty.io.netty.util.concurrent.SingleThreadEventExecutor$4.run(SingleThreadEventExecutor.java:997)
	at org.apache.ratis.thirdparty.io.netty.util.internal.ThreadExecutorMap$2.run(ThreadExecutorMap.java:74)
	at org.apache.ratis.thirdparty.io.netty.util.concurrent.FastThreadLocalRunnable.run(FastThreadLocalRunnable.java:30)
	at java.base/java.lang.Thread.run(Thread.java:840)
2024-09-15 17:07:45,955 [fdb1bdfc-cd38-46a5-a741-21faac0cf152-PipelineCommandHandlerThread-0] WARN  commandhandler.ClosePipelineCommandHandler (ClosePipelineCommandHandler.java:lambda$handle$1(132)) - Failed to remove group group-4522AB183087 of pipeline PipelineID=c8c705c7-4182-4f71-bc0b-4522ab183087 on peer 61f1eb6c-dc17-4b0b-858b-0bb1b85057d5
java.io.IOException: org.apache.ratis.thirdparty.io.grpc.StatusRuntimeException: UNAVAILABLE: io exception
	at org.apache.ratis.grpc.GrpcUtil.unwrapException(GrpcUtil.java:99)
	at org.apache.ratis.grpc.client.GrpcClientProtocolClient.blockingCall(GrpcClientProtocolClient.java:223)
	at org.apache.ratis.grpc.client.GrpcClientProtocolClient.groupAdd(GrpcClientProtocolClient.java:170)
	at org.apache.ratis.grpc.client.GrpcClientRpc.sendRequest(GrpcClientRpc.java:98)
	at org.apache.ratis.client.impl.BlockingImpl.sendRequest(BlockingImpl.java:147)
	at org.apache.ratis.client.impl.BlockingImpl.sendRequestWithRetry(BlockingImpl.java:109)
	at org.apache.ratis.client.impl.GroupManagementImpl.remove(GroupManagementImpl.java:61)
	at org.apache.hadoop.ozone.container.common.statemachine.commandhandler.ClosePipelineCommandHandler.lambda$handle$1(ClosePipelineCommandHandler.java:124)
	at java.base/java.util.stream.ForEachOps$ForEachOp$OfRef.accept(ForEachOps.java:183)
	at java.base/java.util.stream.ReferencePipeline$2$1.accept(ReferencePipeline.java:179)
	at java.base/java.util.HashMap$ValueSpliterator.forEachRemaining(HashMap.java:1779)
	at java.base/java.util.stream.AbstractPipeline.copyInto(AbstractPipeline.java:509)
	at java.base/java.util.stream.AbstractPipeline.wrapAndCopyInto(AbstractPipeline.java:499)
	at java.base/java.util.stream.ForEachOps$ForEachOp.evaluateSequential(ForEachOps.java:150)
	at java.base/java.util.stream.ForEachOps$ForEachOp$OfRef.evaluateSequential(ForEachOps.java:173)
	at java.base/java.util.stream.AbstractPipeline.evaluate(AbstractPipeline.java:234)
	at java.base/java.util.stream.ReferencePipeline.forEach(ReferencePipeline.java:596)
	at org.apache.hadoop.ozone.container.common.statemachine.commandhandler.ClosePipelineCommandHandler.lambda$handle$2(ClosePipelineCommandHandler.java:121)
	at java.base/java.util.concurrent.CompletableFuture$AsyncRun.run(CompletableFuture.java:1804)
	at java.base/java.util.concurrent.ThreadPoolExecutor.runWorker(ThreadPoolExecutor.java:1136)
	at java.base/java.util.concurrent.ThreadPoolExecutor$Worker.run(ThreadPoolExecutor.java:635)
	at java.base/java.lang.Thread.run(Thread.java:840)
Caused by: org.apache.ratis.thirdparty.io.grpc.StatusRuntimeException: UNAVAILABLE: io exception
	at org.apache.ratis.thirdparty.io.grpc.stub.ClientCalls.toStatusRuntimeException(ClientCalls.java:268)
	at org.apache.ratis.thirdparty.io.grpc.stub.ClientCalls.getUnchecked(ClientCalls.java:249)
	at org.apache.ratis.thirdparty.io.grpc.stub.ClientCalls.blockingUnaryCall(ClientCalls.java:167)
	at org.apache.ratis.proto.grpc.AdminProtocolServiceGrpc$AdminProtocolServiceBlockingStub.groupManagement(AdminProtocolServiceGrpc.java:468)
	at org.apache.ratis.grpc.client.GrpcClientProtocolClient.lambda$groupAdd$5(GrpcClientProtocolClient.java:172)
	at org.apache.ratis.grpc.client.GrpcClientProtocolClient.blockingCall(GrpcClientProtocolClient.java:221)
	... 20 more
Caused by: org.apache.ratis.thirdparty.io.netty.channel.AbstractChannel$AnnotatedConnectException: finishConnect(..) failed: Connection refused: /127.0.0.1:15180
Caused by: java.net.ConnectException: finishConnect(..) failed: Connection refused
	at org.apache.ratis.thirdparty.io.netty.channel.unix.Errors.newConnectException0(Errors.java:166)
	at org.apache.ratis.thirdparty.io.netty.channel.unix.Errors.handleConnectErrno(Errors.java:131)
	at org.apache.ratis.thirdparty.io.netty.channel.unix.Socket.finishConnect(Socket.java:359)
	at org.apache.ratis.thirdparty.io.netty.channel.epoll.AbstractEpollChannel$AbstractEpollUnsafe.doFinishConnect(AbstractEpollChannel.java:715)
	at org.apache.ratis.thirdparty.io.netty.channel.epoll.AbstractEpollChannel$AbstractEpollUnsafe.finishConnect(AbstractEpollChannel.java:692)
	at org.apache.ratis.thirdparty.io.netty.channel.epoll.AbstractEpollChannel$AbstractEpollUnsafe.epollOutReady(AbstractEpollChannel.java:567)
	at org.apache.ratis.thirdparty.io.netty.channel.epoll.EpollEventLoop.processReady(EpollEventLoop.java:491)
	at org.apache.ratis.thirdparty.io.netty.channel.epoll.EpollEventLoop.run(EpollEventLoop.java:399)
	at org.apache.ratis.thirdparty.io.netty.util.concurrent.SingleThreadEventExecutor$4.run(SingleThreadEventExecutor.java:997)
	at org.apache.ratis.thirdparty.io.netty.util.internal.ThreadExecutorMap$2.run(ThreadExecutorMap.java:74)
	at org.apache.ratis.thirdparty.io.netty.util.concurrent.FastThreadLocalRunnable.run(FastThreadLocalRunnable.java:30)
	at java.base/java.lang.Thread.run(Thread.java:840)
2024-09-15 17:07:45,955 [fdb1bdfc-cd38-46a5-a741-21faac0cf152-PipelineCommandHandlerThread-0] INFO  server.RaftServer (RaftServerProxy.java:remove(112)) - fdb1bdfc-cd38-46a5-a741-21faac0cf152: remove  FOLLOWER fdb1bdfc-cd38-46a5-a741-21faac0cf152@group-4522AB183087:t1, leader=62362ab0-30ae-49fa-a673-0da439c77b8d, voted=62362ab0-30ae-49fa-a673-0da439c77b8d, raftlog=Memoized:fdb1bdfc-cd38-46a5-a741-21faac0cf152@group-4522AB183087-SegmentedRaftLog:OPENED:c0:last(t:1, i:0), conf=conf: {index: 0, cur=peers:[62362ab0-30ae-49fa-a673-0da439c77b8d|127.0.0.1:15171, fdb1bdfc-cd38-46a5-a741-21faac0cf152|127.0.0.1:15189, 61f1eb6c-dc17-4b0b-858b-0bb1b85057d5|127.0.0.1:15180]|listeners:[], old=null} RUNNING
2024-09-15 17:07:45,955 [fdb1bdfc-cd38-46a5-a741-21faac0cf152-PipelineCommandHandlerThread-0] INFO  server.RaftServer$Division (RaftServerImpl.java:lambda$close$1(501)) - fdb1bdfc-cd38-46a5-a741-21faac0cf152@group-4522AB183087: shutdown
2024-09-15 17:07:45,955 [fdb1bdfc-cd38-46a5-a741-21faac0cf152-PipelineCommandHandlerThread-0] INFO  util.JmxRegister (JmxRegister.java:unregister(74)) - Successfully un-registered JMX Bean with object name Ratis:service=RaftServer,group=group-4522AB183087,id=fdb1bdfc-cd38-46a5-a741-21faac0cf152
2024-09-15 17:07:45,955 [fdb1bdfc-cd38-46a5-a741-21faac0cf152-PipelineCommandHandlerThread-0] INFO  impl.RoleInfo (RoleInfo.java:shutdownFollowerState(119)) - fdb1bdfc-cd38-46a5-a741-21faac0cf152: shutdown fdb1bdfc-cd38-46a5-a741-21faac0cf152@group-4522AB183087-FollowerState
2024-09-15 17:07:45,955 [fdb1bdfc-cd38-46a5-a741-21faac0cf152-PipelineCommandHandlerThread-0] INFO  impl.StateMachineUpdater (StateMachineUpdater.java:stopAndJoin(164)) - fdb1bdfc-cd38-46a5-a741-21faac0cf152@group-4522AB183087-StateMachineUpdater: set stopIndex = 0
2024-09-15 17:07:45,955 [fdb1bdfc-cd38-46a5-a741-21faac0cf152@group-4522AB183087-FollowerState] INFO  impl.FollowerState (FollowerState.java:run(153)) - fdb1bdfc-cd38-46a5-a741-21faac0cf152@group-4522AB183087-FollowerState was interrupted
2024-09-15 17:07:45,955 [fdb1bdfc-cd38-46a5-a741-21faac0cf152@group-4522AB183087-StateMachineUpdater] INFO  ratis.ContainerStateMachine (ContainerStateMachine.java:takeSnapshot(363)) - group-4522AB183087: Taking a snapshot at:(t:1, i:0) file /home/runner/work/ozone/ozone/hadoop-ozone/integration-test/target/test-dir/MiniOzoneClusterImpl-eca91e6c-a84b-4041-8679-4afba91b5587/ozone-meta/datanode-3/ratis/c8c705c7-4182-4f71-bc0b-4522ab183087/sm/snapshot.1_0
2024-09-15 17:07:45,957 [fdb1bdfc-cd38-46a5-a741-21faac0cf152@group-4522AB183087-StateMachineUpdater] INFO  ratis.ContainerStateMachine (ContainerStateMachine.java:takeSnapshot(374)) - group-4522AB183087: Finished taking a snapshot at:(t:1, i:0) file:/home/runner/work/ozone/ozone/hadoop-ozone/integration-test/target/test-dir/MiniOzoneClusterImpl-eca91e6c-a84b-4041-8679-4afba91b5587/ozone-meta/datanode-3/ratis/c8c705c7-4182-4f71-bc0b-4522ab183087/sm/snapshot.1_0 took: 1 ms
2024-09-15 17:07:45,957 [fdb1bdfc-cd38-46a5-a741-21faac0cf152@group-4522AB183087-StateMachineUpdater] INFO  impl.StateMachineUpdater (StateMachineUpdater.java:takeSnapshot(303)) - fdb1bdfc-cd38-46a5-a741-21faac0cf152@group-4522AB183087-StateMachineUpdater: Took a snapshot at index 0
2024-09-15 17:07:45,957 [fdb1bdfc-cd38-46a5-a741-21faac0cf152@group-4522AB183087-StateMachineUpdater] INFO  impl.StateMachineUpdater (StateMachineUpdater.java:lambda$new$0(102)) - fdb1bdfc-cd38-46a5-a741-21faac0cf152@group-4522AB183087-StateMachineUpdater: snapshotIndex: updateIncreasingly -1 -> 0
2024-09-15 17:07:45,957 [fdb1bdfc-cd38-46a5-a741-21faac0cf152@group-4522AB183087-StateMachineUpdater] INFO  impl.StateMachineUpdater (StateMachineUpdater.java:stop(141)) - fdb1bdfc-cd38-46a5-a741-21faac0cf152@group-4522AB183087-StateMachineUpdater: closing ContainerStateMachine, lastApplied=(t:1, i:0)
2024-09-15 17:07:45,957 [fdb1bdfc-cd38-46a5-a741-21faac0cf152@group-4522AB183087-cacheEviction-AwaitToRun] INFO  util.AwaitToRun (AwaitToRun.java:run(49)) - fdb1bdfc-cd38-46a5-a741-21faac0cf152@group-4522AB183087-cacheEviction-AwaitToRun-AwaitForSignal is interrupted
2024-09-15 17:07:46,400 [grpc-default-executor-4] WARN  server.GrpcLogAppender (LogUtils.java:warn(121)) - fdb1bdfc-cd38-46a5-a741-21faac0cf152@group-97AB3179636B->62362ab0-30ae-49fa-a673-0da439c77b8d-AppendLogResponseHandler: Failed appendEntries: org.apache.ratis.thirdparty.io.grpc.StatusRuntimeException: UNAVAILABLE: io exception
2024-09-15 17:07:46,709 [EventQueue-DeadNodeForDeadNodeHandler] INFO  node.DeadNodeHandler (DeadNodeHandler.java:onMessage(95)) - A dead datanode is detected. 62362ab0-30ae-49fa-a673-0da439c77b8d(localhost/127.0.0.1)
2024-09-15 17:07:46,709 [EventQueue-DeadNodeForDeadNodeHandler] INFO  pipeline.RatisPipelineProvider (RatisPipelineProvider.java:lambda$close$4(270)) - Send pipeline:PipelineID=6f349022-21b7-4e13-9f30-7685ea4b7899 close command to datanode 62362ab0-30ae-49fa-a673-0da439c77b8d
2024-09-15 17:07:46,709 [EventQueue-DeadNodeForDeadNodeHandler] INFO  pipeline.PipelineManagerImpl (PipelineManagerImpl.java:removePipeline(459)) - Pipeline Pipeline[ Id: 6f349022-21b7-4e13-9f30-7685ea4b7899, Nodes: 62362ab0-30ae-49fa-a673-0da439c77b8d(localhost/127.0.0.1) ReplicaIndex: 0, ReplicationConfig: RATIS/ONE, State:CLOSED, leaderId:62362ab0-30ae-49fa-a673-0da439c77b8d, CreationTimestamp2024-09-15T17:07:28.600Z[Etc/UTC]] removed.
2024-09-15 17:07:46,709 [EventQueue-DeadNodeForDeadNodeHandler] INFO  pipeline.RatisPipelineProvider (RatisPipelineProvider.java:lambda$close$4(270)) - Send pipeline:PipelineID=f33a251a-9fc2-4987-bb9b-b6da234a1059 close command to datanode 412dca75-3e3e-4901-90f7-d1b20b52b7c1
2024-09-15 17:07:46,709 [EventQueue-DeadNodeForDeadNodeHandler] INFO  pipeline.RatisPipelineProvider (RatisPipelineProvider.java:lambda$close$4(270)) - Send pipeline:PipelineID=f33a251a-9fc2-4987-bb9b-b6da234a1059 close command to datanode c2143be1-a980-4ca9-9b44-5c7f6a3ce2c0
2024-09-15 17:07:46,710 [EventQueue-DeadNodeForDeadNodeHandler] INFO  pipeline.RatisPipelineProvider (RatisPipelineProvider.java:lambda$close$4(270)) - Send pipeline:PipelineID=f33a251a-9fc2-4987-bb9b-b6da234a1059 close command to datanode 62362ab0-30ae-49fa-a673-0da439c77b8d
2024-09-15 17:07:46,710 [EventQueue-DeadNodeForDeadNodeHandler] INFO  pipeline.PipelineManagerImpl (PipelineManagerImpl.java:removePipeline(459)) - Pipeline Pipeline[ Id: f33a251a-9fc2-4987-bb9b-b6da234a1059, Nodes: 412dca75-3e3e-4901-90f7-d1b20b52b7c1(localhost/127.0.0.1) ReplicaIndex: 0c2143be1-a980-4ca9-9b44-5c7f6a3ce2c0(localhost/127.0.0.1) ReplicaIndex: 062362ab0-30ae-49fa-a673-0da439c77b8d(localhost/127.0.0.1) ReplicaIndex: 0, ReplicationConfig: RATIS/THREE, State:CLOSED, leaderId:, CreationTimestamp2024-09-15T17:07:43.691Z[Etc/UTC]] removed.
2024-09-15 17:07:46,710 [EventQueue-DeadNodeForDeadNodeHandler] INFO  node.DeadNodeHandler (DeadNodeHandler.java:onMessage(108)) - Clearing command queue of size 7 for DN 62362ab0-30ae-49fa-a673-0da439c77b8d(localhost/127.0.0.1)
2024-09-15 17:07:46,710 [EventQueue-DeadNodeForDeadNodeHandler] INFO  net.NetworkTopologyImpl (NetworkTopologyImpl.java:remove(212)) - Removed a node: /default-rack/62362ab0-30ae-49fa-a673-0da439c77b8d
2024-09-15 17:07:46,795 [IPC Server handler 3 on default port 15160] WARN  pipeline.PipelineManagerImpl (PipelineManagerImpl.java:waitOnePipelineReady(753)) - Pipeline PipelineID=f33a251a-9fc2-4987-bb9b-b6da234a1059 cannot be found
2024-09-15 17:07:46,795 [IPC Server handler 3 on default port 15160] WARN  pipeline.WritableRatisContainerProvider (WritableRatisContainerProvider.java:getContainer(106)) - Pipeline creation failed for repConfig RATIS/THREE Datanodes may be used up. Try to see if any pipeline is in ALLOCATED state, and then will wait for it to be OPEN
org.apache.hadoop.hdds.scm.pipeline.PipelineNotFoundException: The input pipeline IDs f33a251a-9fc2-4987-bb9b-b6da234a1059 cannot be found
	at org.apache.hadoop.hdds.scm.pipeline.PipelineManagerImpl.waitOnePipelineReady(PipelineManagerImpl.java:758)
	at org.apache.hadoop.hdds.scm.pipeline.PipelineManagerImpl.waitPipelineReady(PipelineManagerImpl.java:725)
	at org.apache.hadoop.hdds.scm.pipeline.WritableRatisContainerProvider.getContainer(WritableRatisContainerProvider.java:103)
	at org.apache.hadoop.hdds.scm.pipeline.WritableContainerFactory.getContainer(WritableContainerFactory.java:74)
	at org.apache.hadoop.hdds.scm.block.BlockManagerImpl.allocateBlock(BlockManagerImpl.java:163)
	at org.apache.hadoop.hdds.scm.server.SCMBlockProtocolServer.allocateBlock(SCMBlockProtocolServer.java:216)
	at org.apache.hadoop.hdds.scm.protocol.ScmBlockLocationProtocolServerSideTranslatorPB.allocateScmBlock(ScmBlockLocationProtocolServerSideTranslatorPB.java:198)
	at org.apache.hadoop.hdds.scm.protocol.ScmBlockLocationProtocolServerSideTranslatorPB.processMessage(ScmBlockLocationProtocolServerSideTranslatorPB.java:144)
	at org.apache.hadoop.hdds.server.OzoneProtocolMessageDispatcher.processRequest(OzoneProtocolMessageDispatcher.java:89)
	at org.apache.hadoop.hdds.scm.protocol.ScmBlockLocationProtocolServerSideTranslatorPB.send(ScmBlockLocationProtocolServerSideTranslatorPB.java:115)
	at org.apache.hadoop.hdds.protocol.proto.ScmBlockLocationProtocolProtos$ScmBlockLocationProtocolService$2.callBlockingMethod(ScmBlockLocationProtocolProtos.java:15776)
	at org.apache.hadoop.ipc.ProtobufRpcEngine$Server.processCall(ProtobufRpcEngine.java:484)
	at org.apache.hadoop.ipc.ProtobufRpcEngine2$Server$ProtoBufRpcInvoker.call(ProtobufRpcEngine2.java:595)
	at org.apache.hadoop.ipc.ProtobufRpcEngine2$Server$ProtoBufRpcInvoker.call(ProtobufRpcEngine2.java:573)
	at org.apache.hadoop.ipc.RPC$Server.call(RPC.java:1227)
	at org.apache.hadoop.ipc.Server$RpcCall.run(Server.java:1094)
	at org.apache.hadoop.ipc.Server$RpcCall.run(Server.java:1017)
	at java.base/java.security.AccessController.doPrivileged(AccessController.java:712)
	at java.base/javax.security.auth.Subject.doAs(Subject.java:439)
	at org.apache.hadoop.security.UserGroupInformation.doAs(UserGroupInformation.java:1899)
	at org.apache.hadoop.ipc.Server$Handler.run(Server.java:3048)
2024-09-15 17:07:46,795 [IPC Server handler 3 on default port 15160] ERROR pipeline.WritableRatisContainerProvider (WritableRatisContainerProvider.java:getContainer(145)) - Unable to allocate a block for the size: 800, repConfig: RATIS/THREE
17:07:46.795 [IPC Server handler 3 on default port 15160] ERROR SCMAudit - user=runner | ip=127.0.0.1 | op=ALLOCATE_BLOCK {replication=RATIS/THREE, owner=omServiceIdDefault, size=800, num=1, client=} | ret=FAILURE
java.io.IOException: Unable to allocate a container to the block of size: 800, replicationConfig: RATIS/THREE. The input pipeline IDs f33a251a-9fc2-4987-bb9b-b6da234a1059 cannot be found
	at org.apache.hadoop.hdds.scm.pipeline.WritableRatisContainerProvider.getContainer(WritableRatisContainerProvider.java:148) ~[hdds-server-scm-1.5.0-SNAPSHOT.jar:?]
	at org.apache.hadoop.hdds.scm.pipeline.WritableContainerFactory.getContainer(WritableContainerFactory.java:74) ~[hdds-server-scm-1.5.0-SNAPSHOT.jar:?]
	at org.apache.hadoop.hdds.scm.block.BlockManagerImpl.allocateBlock(BlockManagerImpl.java:163) ~[hdds-server-scm-1.5.0-SNAPSHOT.jar:?]
	at org.apache.hadoop.hdds.scm.server.SCMBlockProtocolServer.allocateBlock(SCMBlockProtocolServer.java:216) ~[hdds-server-scm-1.5.0-SNAPSHOT.jar:?]
	at org.apache.hadoop.hdds.scm.protocol.ScmBlockLocationProtocolServerSideTranslatorPB.allocateScmBlock(ScmBlockLocationProtocolServerSideTranslatorPB.java:198) ~[hdds-server-scm-1.5.0-SNAPSHOT.jar:?]
	at org.apache.hadoop.hdds.scm.protocol.ScmBlockLocationProtocolServerSideTranslatorPB.processMessage(ScmBlockLocationProtocolServerSideTranslatorPB.java:144) ~[hdds-server-scm-1.5.0-SNAPSHOT.jar:?]
	at org.apache.hadoop.hdds.server.OzoneProtocolMessageDispatcher.processRequest(OzoneProtocolMessageDispatcher.java:89) ~[hdds-server-framework-1.5.0-SNAPSHOT.jar:?]
	at org.apache.hadoop.hdds.scm.protocol.ScmBlockLocationProtocolServerSideTranslatorPB.send(ScmBlockLocationProtocolServerSideTranslatorPB.java:115) ~[hdds-server-scm-1.5.0-SNAPSHOT.jar:?]
	at org.apache.hadoop.hdds.protocol.proto.ScmBlockLocationProtocolProtos$ScmBlockLocationProtocolService$2.callBlockingMethod(ScmBlockLocationProtocolProtos.java:15776) ~[hdds-interface-server-1.5.0-SNAPSHOT.jar:?]
	at org.apache.hadoop.ipc.ProtobufRpcEngine$Server.processCall(ProtobufRpcEngine.java:484) ~[hadoop-common-3.3.6.jar:?]
	at org.apache.hadoop.ipc.ProtobufRpcEngine2$Server$ProtoBufRpcInvoker.call(ProtobufRpcEngine2.java:595) ~[hadoop-common-3.3.6.jar:?]
	at org.apache.hadoop.ipc.ProtobufRpcEngine2$Server$ProtoBufRpcInvoker.call(ProtobufRpcEngine2.java:573) ~[hadoop-common-3.3.6.jar:?]
	at org.apache.hadoop.ipc.RPC$Server.call(RPC.java:1227) ~[hadoop-common-3.3.6.jar:?]
	at org.apache.hadoop.ipc.Server$RpcCall.run(Server.java:1094) ~[hadoop-common-3.3.6.jar:?]
	at org.apache.hadoop.ipc.Server$RpcCall.run(Server.java:1017) ~[hadoop-common-3.3.6.jar:?]
	at java.base/java.security.AccessController.doPrivileged(AccessController.java:712) [?:?]
	at java.base/javax.security.auth.Subject.doAs(Subject.java:439) [?:?]
	at org.apache.hadoop.security.UserGroupInformation.doAs(UserGroupInformation.java:1899) [hadoop-common-3.3.6.jar:?]
	at org.apache.hadoop.ipc.Server$Handler.run(Server.java:3048) [hadoop-common-3.3.6.jar:?]
2024-09-15 17:07:46,802 [main] INFO  ozone.MiniOzoneClusterImpl (MiniOzoneClusterImpl.java:shutdown(410)) - Shutting down the Mini Ozone Cluster
2024-09-15 17:07:46,803 [main] INFO  db.CodecTestUtil (CodecTestUtil.java:gc(50)) - gc 0
2024-09-15 17:07:46,917 [fdb1bdfc-cd38-46a5-a741-21faac0cf152-PipelineCommandHandlerThread-0] INFO  segmented.SegmentedRaftLogWorker (SegmentedRaftLogWorker.java:close(248)) - fdb1bdfc-cd38-46a5-a741-21faac0cf152@group-4522AB183087-SegmentedRaftLogWorker close()
2024-09-15 17:07:46,918 [fdb1bdfc-cd38-46a5-a741-21faac0cf152-PipelineCommandHandlerThread-0] INFO  server.RaftServer$Division (RaftServerImpl.java:groupRemove(471)) - fdb1bdfc-cd38-46a5-a741-21faac0cf152@group-4522AB183087: Succeed to remove RaftStorageDirectory Storage Directory /home/runner/work/ozone/ozone/hadoop-ozone/integration-test/target/test-dir/MiniOzoneClusterImpl-eca91e6c-a84b-4041-8679-4afba91b5587/ozone-meta/datanode-3/ratis/c8c705c7-4182-4f71-bc0b-4522ab183087
2024-09-15 17:07:46,918 [fdb1bdfc-cd38-46a5-a741-21faac0cf152-PipelineCommandHandlerThread-0] INFO  commandhandler.ClosePipelineCommandHandler (ClosePipelineCommandHandler.java:lambda$handle$2(140)) - Close Pipeline PipelineID=c8c705c7-4182-4f71-bc0b-4522ab183087 command on datanode fdb1bdfc-cd38-46a5-a741-21faac0cf152.
2024-09-15 17:07:46,921 [fdb1bdfc-cd38-46a5-a741-21faac0cf152-PipelineCommandHandlerThread-0] WARN  commandhandler.ClosePipelineCommandHandler (ClosePipelineCommandHandler.java:lambda$handle$1(132)) - Failed to remove group group-97AB3179636B of pipeline PipelineID=4b34d6d8-6abb-4b9d-9724-97ab3179636b on peer 62362ab0-30ae-49fa-a673-0da439c77b8d
java.io.IOException: org.apache.ratis.thirdparty.io.grpc.StatusRuntimeException: UNAVAILABLE: io exception
	at org.apache.ratis.grpc.GrpcUtil.unwrapException(GrpcUtil.java:99)
	at org.apache.ratis.grpc.client.GrpcClientProtocolClient.blockingCall(GrpcClientProtocolClient.java:223)
	at org.apache.ratis.grpc.client.GrpcClientProtocolClient.groupAdd(GrpcClientProtocolClient.java:170)
	at org.apache.ratis.grpc.client.GrpcClientRpc.sendRequest(GrpcClientRpc.java:98)
	at org.apache.ratis.client.impl.BlockingImpl.sendRequest(BlockingImpl.java:147)
	at org.apache.ratis.client.impl.BlockingImpl.sendRequestWithRetry(BlockingImpl.java:109)
	at org.apache.ratis.client.impl.GroupManagementImpl.remove(GroupManagementImpl.java:61)
	at org.apache.hadoop.ozone.container.common.statemachine.commandhandler.ClosePipelineCommandHandler.lambda$handle$1(ClosePipelineCommandHandler.java:124)
	at java.base/java.util.stream.ForEachOps$ForEachOp$OfRef.accept(ForEachOps.java:183)
	at java.base/java.util.stream.ReferencePipeline$2$1.accept(ReferencePipeline.java:179)
	at java.base/java.util.HashMap$ValueSpliterator.forEachRemaining(HashMap.java:1779)
	at java.base/java.util.stream.AbstractPipeline.copyInto(AbstractPipeline.java:509)
	at java.base/java.util.stream.AbstractPipeline.wrapAndCopyInto(AbstractPipeline.java:499)
	at java.base/java.util.stream.ForEachOps$ForEachOp.evaluateSequential(ForEachOps.java:150)
	at java.base/java.util.stream.ForEachOps$ForEachOp$OfRef.evaluateSequential(ForEachOps.java:173)
	at java.base/java.util.stream.AbstractPipeline.evaluate(AbstractPipeline.java:234)
	at java.base/java.util.stream.ReferencePipeline.forEach(ReferencePipeline.java:596)
	at org.apache.hadoop.ozone.container.common.statemachine.commandhandler.ClosePipelineCommandHandler.lambda$handle$2(ClosePipelineCommandHandler.java:121)
	at java.base/java.util.concurrent.CompletableFuture$AsyncRun.run(CompletableFuture.java:1804)
	at java.base/java.util.concurrent.ThreadPoolExecutor.runWorker(ThreadPoolExecutor.java:1136)
	at java.base/java.util.concurrent.ThreadPoolExecutor$Worker.run(ThreadPoolExecutor.java:635)
	at java.base/java.lang.Thread.run(Thread.java:840)
Caused by: org.apache.ratis.thirdparty.io.grpc.StatusRuntimeException: UNAVAILABLE: io exception
	at org.apache.ratis.thirdparty.io.grpc.stub.ClientCalls.toStatusRuntimeException(ClientCalls.java:268)
	at org.apache.ratis.thirdparty.io.grpc.stub.ClientCalls.getUnchecked(ClientCalls.java:249)
	at org.apache.ratis.thirdparty.io.grpc.stub.ClientCalls.blockingUnaryCall(ClientCalls.java:167)
	at org.apache.ratis.proto.grpc.AdminProtocolServiceGrpc$AdminProtocolServiceBlockingStub.groupManagement(AdminProtocolServiceGrpc.java:468)
	at org.apache.ratis.grpc.client.GrpcClientProtocolClient.lambda$groupAdd$5(GrpcClientProtocolClient.java:172)
	at org.apache.ratis.grpc.client.GrpcClientProtocolClient.blockingCall(GrpcClientProtocolClient.java:221)
	... 20 more
Caused by: org.apache.ratis.thirdparty.io.netty.channel.AbstractChannel$AnnotatedConnectException: finishConnect(..) failed: Connection refused: /127.0.0.1:15171
Caused by: java.net.ConnectException: finishConnect(..) failed: Connection refused
	at org.apache.ratis.thirdparty.io.netty.channel.unix.Errors.newConnectException0(Errors.java:166)
	at org.apache.ratis.thirdparty.io.netty.channel.unix.Errors.handleConnectErrno(Errors.java:131)
	at org.apache.ratis.thirdparty.io.netty.channel.unix.Socket.finishConnect(Socket.java:359)
	at org.apache.ratis.thirdparty.io.netty.channel.epoll.AbstractEpollChannel$AbstractEpollUnsafe.doFinishConnect(AbstractEpollChannel.java:715)
	at org.apache.ratis.thirdparty.io.netty.channel.epoll.AbstractEpollChannel$AbstractEpollUnsafe.finishConnect(AbstractEpollChannel.java:692)
	at org.apache.ratis.thirdparty.io.netty.channel.epoll.AbstractEpollChannel$AbstractEpollUnsafe.epollOutReady(AbstractEpollChannel.java:567)
	at org.apache.ratis.thirdparty.io.netty.channel.epoll.EpollEventLoop.processReady(EpollEventLoop.java:491)
	at org.apache.ratis.thirdparty.io.netty.channel.epoll.EpollEventLoop.run(EpollEventLoop.java:399)
	at org.apache.ratis.thirdparty.io.netty.util.concurrent.SingleThreadEventExecutor$4.run(SingleThreadEventExecutor.java:997)
	at org.apache.ratis.thirdparty.io.netty.util.internal.ThreadExecutorMap$2.run(ThreadExecutorMap.java:74)
	at org.apache.ratis.thirdparty.io.netty.util.concurrent.FastThreadLocalRunnable.run(FastThreadLocalRunnable.java:30)
	at java.base/java.lang.Thread.run(Thread.java:840)
2024-09-15 17:07:46,923 [fdb1bdfc-cd38-46a5-a741-21faac0cf152-PipelineCommandHandlerThread-0] WARN  commandhandler.ClosePipelineCommandHandler (ClosePipelineCommandHandler.java:lambda$handle$1(132)) - Failed to remove group group-97AB3179636B of pipeline PipelineID=4b34d6d8-6abb-4b9d-9724-97ab3179636b on peer 61f1eb6c-dc17-4b0b-858b-0bb1b85057d5
java.io.IOException: org.apache.ratis.thirdparty.io.grpc.StatusRuntimeException: UNAVAILABLE: io exception
	at org.apache.ratis.grpc.GrpcUtil.unwrapException(GrpcUtil.java:99)
	at org.apache.ratis.grpc.client.GrpcClientProtocolClient.blockingCall(GrpcClientProtocolClient.java:223)
	at org.apache.ratis.grpc.client.GrpcClientProtocolClient.groupAdd(GrpcClientProtocolClient.java:170)
	at org.apache.ratis.grpc.client.GrpcClientRpc.sendRequest(GrpcClientRpc.java:98)
	at org.apache.ratis.client.impl.BlockingImpl.sendRequest(BlockingImpl.java:147)
	at org.apache.ratis.client.impl.BlockingImpl.sendRequestWithRetry(BlockingImpl.java:109)
	at org.apache.ratis.client.impl.GroupManagementImpl.remove(GroupManagementImpl.java:61)
	at org.apache.hadoop.ozone.container.common.statemachine.commandhandler.ClosePipelineCommandHandler.lambda$handle$1(ClosePipelineCommandHandler.java:124)
	at java.base/java.util.stream.ForEachOps$ForEachOp$OfRef.accept(ForEachOps.java:183)
	at java.base/java.util.stream.ReferencePipeline$2$1.accept(ReferencePipeline.java:179)
	at java.base/java.util.HashMap$ValueSpliterator.forEachRemaining(HashMap.java:1779)
	at java.base/java.util.stream.AbstractPipeline.copyInto(AbstractPipeline.java:509)
	at java.base/java.util.stream.AbstractPipeline.wrapAndCopyInto(AbstractPipeline.java:499)
	at java.base/java.util.stream.ForEachOps$ForEachOp.evaluateSequential(ForEachOps.java:150)
	at java.base/java.util.stream.ForEachOps$ForEachOp$OfRef.evaluateSequential(ForEachOps.java:173)
	at java.base/java.util.stream.AbstractPipeline.evaluate(AbstractPipeline.java:234)
	at java.base/java.util.stream.ReferencePipeline.forEach(ReferencePipeline.java:596)
	at org.apache.hadoop.ozone.container.common.statemachine.commandhandler.ClosePipelineCommandHandler.lambda$handle$2(ClosePipelineCommandHandler.java:121)
	at java.base/java.util.concurrent.CompletableFuture$AsyncRun.run(CompletableFuture.java:1804)
	at java.base/java.util.concurrent.ThreadPoolExecutor.runWorker(ThreadPoolExecutor.java:1136)
	at java.base/java.util.concurrent.ThreadPoolExecutor$Worker.run(ThreadPoolExecutor.java:635)
	at java.base/java.lang.Thread.run(Thread.java:840)
Caused by: org.apache.ratis.thirdparty.io.grpc.StatusRuntimeException: UNAVAILABLE: io exception
	at org.apache.ratis.thirdparty.io.grpc.stub.ClientCalls.toStatusRuntimeException(ClientCalls.java:268)
	at org.apache.ratis.thirdparty.io.grpc.stub.ClientCalls.getUnchecked(ClientCalls.java:249)
	at org.apache.ratis.thirdparty.io.grpc.stub.ClientCalls.blockingUnaryCall(ClientCalls.java:167)
	at org.apache.ratis.proto.grpc.AdminProtocolServiceGrpc$AdminProtocolServiceBlockingStub.groupManagement(AdminProtocolServiceGrpc.java:468)
	at org.apache.ratis.grpc.client.GrpcClientProtocolClient.lambda$groupAdd$5(GrpcClientProtocolClient.java:172)
	at org.apache.ratis.grpc.client.GrpcClientProtocolClient.blockingCall(GrpcClientProtocolClient.java:221)
	... 20 more
Caused by: org.apache.ratis.thirdparty.io.netty.channel.AbstractChannel$AnnotatedConnectException: finishConnect(..) failed: Connection refused: /127.0.0.1:15180
Caused by: java.net.ConnectException: finishConnect(..) failed: Connection refused
	at org.apache.ratis.thirdparty.io.netty.channel.unix.Errors.newConnectException0(Errors.java:166)
	at org.apache.ratis.thirdparty.io.netty.channel.unix.Errors.handleConnectErrno(Errors.java:131)
	at org.apache.ratis.thirdparty.io.netty.channel.unix.Socket.finishConnect(Socket.java:359)
	at org.apache.ratis.thirdparty.io.netty.channel.epoll.AbstractEpollChannel$AbstractEpollUnsafe.doFinishConnect(AbstractEpollChannel.java:715)
	at org.apache.ratis.thirdparty.io.netty.channel.epoll.AbstractEpollChannel$AbstractEpollUnsafe.finishConnect(AbstractEpollChannel.java:692)
	at org.apache.ratis.thirdparty.io.netty.channel.epoll.AbstractEpollChannel$AbstractEpollUnsafe.epollOutReady(AbstractEpollChannel.java:567)
	at org.apache.ratis.thirdparty.io.netty.channel.epoll.EpollEventLoop.processReady(EpollEventLoop.java:491)
	at org.apache.ratis.thirdparty.io.netty.channel.epoll.EpollEventLoop.run(EpollEventLoop.java:399)
	at org.apache.ratis.thirdparty.io.netty.util.concurrent.SingleThreadEventExecutor$4.run(SingleThreadEventExecutor.java:997)
	at org.apache.ratis.thirdparty.io.netty.util.internal.ThreadExecutorMap$2.run(ThreadExecutorMap.java:74)
	at org.apache.ratis.thirdparty.io.netty.util.concurrent.FastThreadLocalRunnable.run(FastThreadLocalRunnable.java:30)
	at java.base/java.lang.Thread.run(Thread.java:840)
2024-09-15 17:07:46,923 [fdb1bdfc-cd38-46a5-a741-21faac0cf152-PipelineCommandHandlerThread-0] INFO  server.RaftServer (RaftServerProxy.java:remove(112)) - fdb1bdfc-cd38-46a5-a741-21faac0cf152: remove    LEADER fdb1bdfc-cd38-46a5-a741-21faac0cf152@group-97AB3179636B:t1, leader=fdb1bdfc-cd38-46a5-a741-21faac0cf152, voted=fdb1bdfc-cd38-46a5-a741-21faac0cf152, raftlog=Memoized:fdb1bdfc-cd38-46a5-a741-21faac0cf152@group-97AB3179636B-SegmentedRaftLog:OPENED:c11:last(t:1, i:12), conf=conf: {index: 0, cur=peers:[62362ab0-30ae-49fa-a673-0da439c77b8d|127.0.0.1:15171, fdb1bdfc-cd38-46a5-a741-21faac0cf152|127.0.0.1:15189, 61f1eb6c-dc17-4b0b-858b-0bb1b85057d5|127.0.0.1:15180]|listeners:[], old=null} RUNNING
2024-09-15 17:07:46,923 [fdb1bdfc-cd38-46a5-a741-21faac0cf152-PipelineCommandHandlerThread-0] INFO  server.RaftServer$Division (RaftServerImpl.java:lambda$close$1(501)) - fdb1bdfc-cd38-46a5-a741-21faac0cf152@group-97AB3179636B: shutdown
2024-09-15 17:07:46,923 [fdb1bdfc-cd38-46a5-a741-21faac0cf152-PipelineCommandHandlerThread-0] INFO  util.JmxRegister (JmxRegister.java:unregister(74)) - Successfully un-registered JMX Bean with object name Ratis:service=RaftServer,group=group-97AB3179636B,id=fdb1bdfc-cd38-46a5-a741-21faac0cf152
2024-09-15 17:07:46,923 [fdb1bdfc-cd38-46a5-a741-21faac0cf152-PipelineCommandHandlerThread-0] INFO  impl.RoleInfo (RoleInfo.java:shutdownLeaderState(103)) - fdb1bdfc-cd38-46a5-a741-21faac0cf152: shutdown fdb1bdfc-cd38-46a5-a741-21faac0cf152@group-97AB3179636B-LeaderStateImpl
2024-09-15 17:07:46,924 [fdb1bdfc-cd38-46a5-a741-21faac0cf152-PipelineCommandHandlerThread-0] INFO  impl.PendingRequests (PendingRequests.java:sendNotLeaderResponses(287)) - fdb1bdfc-cd38-46a5-a741-21faac0cf152@group-97AB3179636B-PendingRequests: sendNotLeaderResponses
2024-09-15 17:07:46,924 [fdb1bdfc-cd38-46a5-a741-21faac0cf152@group-97AB3179636B->61f1eb6c-dc17-4b0b-858b-0bb1b85057d5-GrpcLogAppender-LogAppenderDaemon] WARN  server.GrpcLogAppender (GrpcLogAppender.java:mayWait(293)) - fdb1bdfc-cd38-46a5-a741-21faac0cf152@group-97AB3179636B->61f1eb6c-dc17-4b0b-858b-0bb1b85057d5-GrpcLogAppender: Wait interrupted by java.lang.InterruptedException
2024-09-15 17:07:46,924 [fdb1bdfc-cd38-46a5-a741-21faac0cf152@group-97AB3179636B->62362ab0-30ae-49fa-a673-0da439c77b8d-GrpcLogAppender-LogAppenderDaemon] WARN  server.GrpcLogAppender (GrpcLogAppender.java:mayWait(293)) - fdb1bdfc-cd38-46a5-a741-21faac0cf152@group-97AB3179636B->62362ab0-30ae-49fa-a673-0da439c77b8d-GrpcLogAppender: Wait interrupted by java.lang.InterruptedException
2024-09-15 17:07:46,924 [fdb1bdfc-cd38-46a5-a741-21faac0cf152-CloseContainerThread-0] INFO  commandhandler.CloseContainerCommandHandler (CloseContainerCommandHandler.java:lambda$handle$0(153)) - Follower cannot close container #1.
2024-09-15 17:07:46,924 [fdb1bdfc-cd38-46a5-a741-21faac0cf152-PipelineCommandHandlerThread-0] INFO  impl.StateMachineUpdater (StateMachineUpdater.java:stopAndJoin(164)) - fdb1bdfc-cd38-46a5-a741-21faac0cf152@group-97AB3179636B-StateMachineUpdater: set stopIndex = 11
2024-09-15 17:07:46,924 [fdb1bdfc-cd38-46a5-a741-21faac0cf152@group-97AB3179636B-StateMachineUpdater] INFO  ratis.ContainerStateMachine (ContainerStateMachine.java:takeSnapshot(363)) - group-97AB3179636B: Taking a snapshot at:(t:1, i:11) file /home/runner/work/ozone/ozone/hadoop-ozone/integration-test/target/test-dir/MiniOzoneClusterImpl-eca91e6c-a84b-4041-8679-4afba91b5587/ozone-meta/datanode-3/ratis/4b34d6d8-6abb-4b9d-9724-97ab3179636b/sm/snapshot.1_11
2024-09-15 17:07:46,926 [fdb1bdfc-cd38-46a5-a741-21faac0cf152@group-97AB3179636B-StateMachineUpdater] INFO  ratis.ContainerStateMachine (ContainerStateMachine.java:takeSnapshot(374)) - group-97AB3179636B: Finished taking a snapshot at:(t:1, i:11) file:/home/runner/work/ozone/ozone/hadoop-ozone/integration-test/target/test-dir/MiniOzoneClusterImpl-eca91e6c-a84b-4041-8679-4afba91b5587/ozone-meta/datanode-3/ratis/4b34d6d8-6abb-4b9d-9724-97ab3179636b/sm/snapshot.1_11 took: 1 ms
2024-09-15 17:07:46,926 [fdb1bdfc-cd38-46a5-a741-21faac0cf152@group-97AB3179636B-StateMachineUpdater] INFO  impl.StateMachineUpdater (StateMachineUpdater.java:takeSnapshot(303)) - fdb1bdfc-cd38-46a5-a741-21faac0cf152@group-97AB3179636B-StateMachineUpdater: Took a snapshot at index 11
2024-09-15 17:07:46,926 [fdb1bdfc-cd38-46a5-a741-21faac0cf152@group-97AB3179636B-StateMachineUpdater] INFO  impl.StateMachineUpdater (StateMachineUpdater.java:lambda$new$0(102)) - fdb1bdfc-cd38-46a5-a741-21faac0cf152@group-97AB3179636B-StateMachineUpdater: snapshotIndex: updateIncreasingly -1 -> 11
2024-09-15 17:07:46,926 [fdb1bdfc-cd38-46a5-a741-21faac0cf152@group-97AB3179636B-StateMachineUpdater] INFO  impl.StateMachineUpdater (StateMachineUpdater.java:stop(141)) - fdb1bdfc-cd38-46a5-a741-21faac0cf152@group-97AB3179636B-StateMachineUpdater: closing ContainerStateMachine, lastApplied=(t:1, i:11)
2024-09-15 17:07:46,927 [fdb1bdfc-cd38-46a5-a741-21faac0cf152@group-97AB3179636B-cacheEviction-AwaitToRun] INFO  util.AwaitToRun (AwaitToRun.java:run(49)) - fdb1bdfc-cd38-46a5-a741-21faac0cf152@group-97AB3179636B-cacheEviction-AwaitToRun-AwaitForSignal is interrupted
2024-09-15 17:07:46,977 [main] INFO  ozone.MiniOzoneClusterImpl (MiniOzoneClusterImpl.java:stop(426)) - Stopping the Mini Ozone Cluster
2024-09-15 17:07:46,977 [main] INFO  om.OzoneManager (OzoneManager.java:stop(2269)) - om1[localhost:15163]: Stopping Ozone Manager
2024-09-15 17:07:46,977 [main] INFO  ipc.Server (Server.java:stop(3523)) - Stopping server on 15163
2024-09-15 17:07:46,979 [IPC Server listener on 15163] INFO  ipc.Server (Server.java:run(1434)) - Stopping IPC Server listener on 15163
2024-09-15 17:07:46,979 [IPC Server Responder] INFO  ipc.Server (Server.java:run(1567)) - Stopping IPC Server Responder
2024-09-15 17:07:46,979 [main] INFO  ratis.OzoneManagerRatisServer (OzoneManagerRatisServer.java:stop(609)) - Stopping org.apache.hadoop.ozone.om.ratis.OzoneManagerRatisServer@374baba3 at port 15166
2024-09-15 17:07:46,979 [main] INFO  server.RaftServer (RaftServerProxy.java:lambda$close$9(418)) - om1: close
2024-09-15 17:07:46,980 [main] INFO  server.GrpcService (GrpcService.java:closeImpl(311)) - om1: shutdown server GrpcServerProtocolService now
2024-09-15 17:07:46,980 [om1-impl-thread1] INFO  server.RaftServer$Division (RaftServerImpl.java:lambda$close$1(501)) - om1@group-C5BA1605619E: shutdown
2024-09-15 17:07:46,980 [om1-impl-thread1] INFO  util.JmxRegister (JmxRegister.java:unregister(74)) - Successfully un-registered JMX Bean with object name Ratis:service=RaftServer,group=group-C5BA1605619E,id=om1
2024-09-15 17:07:46,980 [om1-impl-thread1] INFO  impl.RoleInfo (RoleInfo.java:shutdownLeaderState(103)) - om1: shutdown om1@group-C5BA1605619E-LeaderStateImpl
2024-09-15 17:07:46,980 [om1-impl-thread1] INFO  impl.PendingRequests (PendingRequests.java:sendNotLeaderResponses(287)) - om1@group-C5BA1605619E-PendingRequests: sendNotLeaderResponses
2024-09-15 17:07:46,981 [om1-impl-thread1] INFO  impl.StateMachineUpdater (StateMachineUpdater.java:stopAndJoin(164)) - om1@group-C5BA1605619E-StateMachineUpdater: set stopIndex = 6
2024-09-15 17:07:46,981 [om1@group-C5BA1605619E-StateMachineUpdater] INFO  ratis.OzoneManagerStateMachine (OzoneManagerStateMachine.java:takeSnapshotImpl(485)) -  applied = (t:1, i:6)
2024-09-15 17:07:46,981 [om1@group-C5BA1605619E-StateMachineUpdater] INFO  ratis.OzoneManagerStateMachine (OzoneManagerStateMachine.java:takeSnapshotImpl(486)) -  skipped = 5
2024-09-15 17:07:46,981 [om1@group-C5BA1605619E-StateMachineUpdater] INFO  ratis.OzoneManagerStateMachine (OzoneManagerStateMachine.java:takeSnapshotImpl(487)) - notified = (t:1, i:6)
2024-09-15 17:07:46,981 [om1@group-C5BA1605619E-StateMachineUpdater] INFO  ratis.OzoneManagerStateMachine (OzoneManagerStateMachine.java:takeSnapshotImpl(488)) - snapshot = (t:1, i:6)
2024-09-15 17:07:46,981 [main] INFO  server.GrpcService (GrpcService.java:closeImpl(320)) - om1: shutdown server GrpcServerProtocolService successfully
2024-09-15 17:07:46,996 [om1@group-C5BA1605619E-StateMachineUpdater] INFO  impl.StateMachineUpdater (StateMachineUpdater.java:takeSnapshot(303)) - om1@group-C5BA1605619E-StateMachineUpdater: Took a snapshot at index 6
2024-09-15 17:07:46,996 [om1@group-C5BA1605619E-StateMachineUpdater] INFO  impl.StateMachineUpdater (StateMachineUpdater.java:lambda$new$0(102)) - om1@group-C5BA1605619E-StateMachineUpdater: snapshotIndex: updateIncreasingly -1 -> 6
2024-09-15 17:07:46,996 [om1@group-C5BA1605619E-StateMachineUpdater] INFO  impl.StateMachineUpdater (StateMachineUpdater.java:stop(141)) - om1@group-C5BA1605619E-StateMachineUpdater: closing OzoneManagerStateMachine, lastApplied=(t:1, i:6)
2024-09-15 17:07:46,996 [om1@group-C5BA1605619E-StateMachineUpdater] INFO  ratis.OzoneManagerStateMachine (OzoneManagerStateMachine.java:close(531)) - Stopping OzoneManagerStateMachine:om1:group-C5BA1605619E.
2024-09-15 17:07:46,996 [om1@group-C5BA1605619E-StateMachineUpdater] INFO  ratis.OzoneManagerDoubleBuffer (OzoneManagerDoubleBuffer.java:stopDaemon(529)) - Stopping OMDoubleBuffer flush thread
2024-09-15 17:07:46,996 [om1-OMDoubleBufferFlushThread] INFO  ratis.OzoneManagerDoubleBuffer (OzoneManagerDoubleBuffer.java:canFlush(593)) - OMDoubleBuffer flush thread om1-OMDoubleBufferFlushThread is interrupted and will exit.
2024-09-15 17:07:46,997 [om1@group-C5BA1605619E-cacheEviction-AwaitToRun] INFO  util.AwaitToRun (AwaitToRun.java:run(49)) - om1@group-C5BA1605619E-cacheEviction-AwaitToRun-AwaitForSignal is interrupted
2024-09-15 17:07:47,597 [om1-impl-thread1] INFO  segmented.SegmentedRaftLogWorker (SegmentedRaftLogWorker.java:close(248)) - om1@group-C5BA1605619E-SegmentedRaftLogWorker close()
2024-09-15 17:07:47,597 [JvmPauseMonitor22] INFO  util.JvmPauseMonitor (JvmPauseMonitor.java:run(152)) - JvmPauseMonitor-om1: Stopped
2024-09-15 17:07:47,597 [main] INFO  utils.BackgroundService (BackgroundService.java:shutdown(163)) - Shutting down service KeyDeletingService
2024-09-15 17:07:47,597 [main] INFO  utils.BackgroundService (BackgroundService.java:shutdown(163)) - Shutting down service DirectoryDeletingService
2024-09-15 17:07:47,598 [main] INFO  utils.BackgroundService (BackgroundService.java:shutdown(163)) - Shutting down service OpenKeyCleanupService
2024-09-15 17:07:47,598 [main] INFO  utils.BackgroundService (BackgroundService.java:shutdown(163)) - Shutting down service SstFilteringService
2024-09-15 17:07:47,598 [main] INFO  utils.BackgroundService (BackgroundService.java:shutdown(163)) - Shutting down service SnapshotDeletingService
2024-09-15 17:07:47,599 [main] INFO  utils.BackgroundService (BackgroundService.java:shutdown(163)) - Shutting down service MultipartUploadCleanupService
2024-09-15 17:07:47,599 [main] INFO  utils.BackgroundService (BackgroundService.java:shutdown(163)) - Shutting down service SnapshotDirectoryCleaningService
2024-09-15 17:07:47,600 [main] INFO  handler.ContextHandler (ContextHandler.java:doStop(1159)) - Stopped o.e.j.w.WebAppContext@4431e54b{ozoneManager,/,null,STOPPED}{file:/home/runner/work/ozone/ozone/hadoop-ozone/integration-test/target/test-classes/webapps/ozoneManager}
2024-09-15 17:07:47,600 [main] INFO  server.AbstractConnector (AbstractConnector.java:doStop(383)) - Stopped ServerConnector@537b71e6{HTTP/1.1, (http/1.1)}{0.0.0.0:15164}
2024-09-15 17:07:47,600 [main] INFO  server.session (HouseKeeper.java:stopScavenging(149)) - node0 Stopped scavenging
2024-09-15 17:07:47,600 [main] INFO  handler.ContextHandler (ContextHandler.java:doStop(1159)) - Stopped o.e.j.s.ServletContextHandler@26f93beb{static,/static,file:///home/runner/work/ozone/ozone/hadoop-ozone/integration-test/target/test-classes/webapps/static,STOPPED}
2024-09-15 17:07:47,601 [main] INFO  handler.ContextHandler (ContextHandler.java:doStop(1159)) - Stopped o.e.j.s.ServletContextHandler@453be14{logs,/logs,file:///home/runner/work/ozone/ozone/hadoop-ozone/integration-test/target/log,STOPPED}
2024-09-15 17:07:47,601 [main] INFO  rocksdiff.RocksDBCheckpointDiffer (RocksDBCheckpointDiffer.java:close(306)) - Shutting down CompactionDagPruningService.
2024-09-15 17:07:47,603 [main] INFO  snapshot.SnapshotDiffManager (SnapshotDiffManager.java:closeExecutorService(1657)) - Shutting down executorService: 'SnapDiffExecutor'
2024-09-15 17:07:47,605 [main] INFO  utils.BackgroundService (BackgroundService.java:shutdown(163)) - Shutting down service SnapshotDiffCleanupService
2024-09-15 17:07:47,606 [main] INFO  ozone.MiniOzoneClusterImpl (MiniOzoneClusterImpl.java:stopDatanodes(485)) - Stopping the HddsDatanodes
2024-09-15 17:07:47,609 [ForkJoinPool.commonPool-worker-1] INFO  ozoneimpl.OzoneContainer (OzoneContainer.java:stop(497)) - Attempting to stop container services.
2024-09-15 17:07:47,609 [ContainerMetadataScanner] WARN  ozoneimpl.AbstractBackgroundContainerScanner (AbstractBackgroundContainerScanner.java:handleRemainingSleep(134)) - Background container scan was interrupted.
2024-09-15 17:07:47,609 [ContainerMetadataScanner] INFO  ozoneimpl.AbstractBackgroundContainerScanner (AbstractBackgroundContainerScanner.java:run(61)) - Thread[ContainerMetadataScanner,5,main] exiting.
2024-09-15 17:07:47,609 [ForkJoinPool.commonPool-worker-1] INFO  ozoneimpl.BackgroundContainerDataScanner (BackgroundContainerDataScanner.java:shutdown(141)) - ContainerDataScanner(/home/runner/work/ozone/ozone/hadoop-ozone/integration-test/target/test-dir/MiniOzoneClusterImpl-eca91e6c-a84b-4041-8679-4afba91b5587/ozone-meta/datanode-4/data-0/hdds) is shutting down. 
2024-09-15 17:07:47,609 [ContainerDataScanner(/home/runner/work/ozone/ozone/hadoop-ozone/integration-test/target/test-dir/MiniOzoneClusterImpl-eca91e6c-a84b-4041-8679-4afba91b5587/ozone-meta/datanode-4/data-0/hdds)] WARN  ozoneimpl.AbstractBackgroundContainerScanner (AbstractBackgroundContainerScanner.java:handleRemainingSleep(134)) - Background container scan was interrupted.
2024-09-15 17:07:47,609 [ContainerDataScanner(/home/runner/work/ozone/ozone/hadoop-ozone/integration-test/target/test-dir/MiniOzoneClusterImpl-eca91e6c-a84b-4041-8679-4afba91b5587/ozone-meta/datanode-4/data-0/hdds)] INFO  ozoneimpl.AbstractBackgroundContainerScanner (AbstractBackgroundContainerScanner.java:run(61)) - ContainerDataScanner(/home/runner/work/ozone/ozone/hadoop-ozone/integration-test/target/test-dir/MiniOzoneClusterImpl-eca91e6c-a84b-4041-8679-4afba91b5587/ozone-meta/datanode-4/data-0/hdds, DS-16c80397-aedb-4bb2-a4b0-de297102bf17) exiting.
2024-09-15 17:07:47,610 [ForkJoinPool.commonPool-worker-1] INFO  ratis.XceiverServerRatis (XceiverServerRatis.java:stop(596)) - Stopping XceiverServerRatis c2143be1-a980-4ca9-9b44-5c7f6a3ce2c0
2024-09-15 17:07:47,610 [ForkJoinPool.commonPool-worker-1] INFO  server.RaftServer (RaftServerProxy.java:lambda$close$9(418)) - c2143be1-a980-4ca9-9b44-5c7f6a3ce2c0: close
2024-09-15 17:07:47,610 [c2143be1-a980-4ca9-9b44-5c7f6a3ce2c0-impl-thread1] INFO  server.RaftServer$Division (RaftServerImpl.java:lambda$close$1(501)) - c2143be1-a980-4ca9-9b44-5c7f6a3ce2c0@group-05952570BAB2: shutdown
2024-09-15 17:07:47,610 [c2143be1-a980-4ca9-9b44-5c7f6a3ce2c0-impl-thread1] INFO  util.JmxRegister (JmxRegister.java:unregister(74)) - Successfully un-registered JMX Bean with object name Ratis:service=RaftServer,group=group-05952570BAB2,id=c2143be1-a980-4ca9-9b44-5c7f6a3ce2c0
2024-09-15 17:07:47,610 [c2143be1-a980-4ca9-9b44-5c7f6a3ce2c0-impl-thread1] INFO  impl.RoleInfo (RoleInfo.java:shutdownLeaderState(103)) - c2143be1-a980-4ca9-9b44-5c7f6a3ce2c0: shutdown c2143be1-a980-4ca9-9b44-5c7f6a3ce2c0@group-05952570BAB2-LeaderStateImpl
2024-09-15 17:07:47,610 [ForkJoinPool.commonPool-worker-1] INFO  server.GrpcService (GrpcService.java:closeImpl(311)) - c2143be1-a980-4ca9-9b44-5c7f6a3ce2c0: shutdown server GrpcServerProtocolService now
2024-09-15 17:07:47,610 [c2143be1-a980-4ca9-9b44-5c7f6a3ce2c0-impl-thread1] INFO  impl.PendingRequests (PendingRequests.java:sendNotLeaderResponses(287)) - c2143be1-a980-4ca9-9b44-5c7f6a3ce2c0@group-05952570BAB2-PendingRequests: sendNotLeaderResponses
2024-09-15 17:07:47,610 [c2143be1-a980-4ca9-9b44-5c7f6a3ce2c0-impl-thread2] INFO  server.RaftServer$Division (RaftServerImpl.java:lambda$close$1(501)) - c2143be1-a980-4ca9-9b44-5c7f6a3ce2c0@group-B6DA234A1059: shutdown
2024-09-15 17:07:47,610 [c2143be1-a980-4ca9-9b44-5c7f6a3ce2c0-impl-thread2] INFO  util.JmxRegister (JmxRegister.java:unregister(74)) - Successfully un-registered JMX Bean with object name Ratis:service=RaftServer,group=group-B6DA234A1059,id=c2143be1-a980-4ca9-9b44-5c7f6a3ce2c0
2024-09-15 17:07:47,610 [c2143be1-a980-4ca9-9b44-5c7f6a3ce2c0-impl-thread2] INFO  impl.RoleInfo (RoleInfo.java:shutdownFollowerState(119)) - c2143be1-a980-4ca9-9b44-5c7f6a3ce2c0: shutdown c2143be1-a980-4ca9-9b44-5c7f6a3ce2c0@group-B6DA234A1059-FollowerState
2024-09-15 17:07:47,610 [c2143be1-a980-4ca9-9b44-5c7f6a3ce2c0@group-B6DA234A1059-FollowerState] INFO  impl.FollowerState (FollowerState.java:run(153)) - c2143be1-a980-4ca9-9b44-5c7f6a3ce2c0@group-B6DA234A1059-FollowerState was interrupted
2024-09-15 17:07:47,611 [c2143be1-a980-4ca9-9b44-5c7f6a3ce2c0-impl-thread2] INFO  impl.StateMachineUpdater (StateMachineUpdater.java:stopAndJoin(164)) - c2143be1-a980-4ca9-9b44-5c7f6a3ce2c0@group-B6DA234A1059-StateMachineUpdater: set stopIndex = -1
2024-09-15 17:07:47,611 [c2143be1-a980-4ca9-9b44-5c7f6a3ce2c0@group-B6DA234A1059-StateMachineUpdater] INFO  impl.StateMachineUpdater (StateMachineUpdater.java:stop(141)) - c2143be1-a980-4ca9-9b44-5c7f6a3ce2c0@group-B6DA234A1059-StateMachineUpdater: closing ContainerStateMachine, lastApplied=(t:0, i:~)
2024-09-15 17:07:47,611 [c2143be1-a980-4ca9-9b44-5c7f6a3ce2c0@group-B6DA234A1059-cacheEviction-AwaitToRun] INFO  util.AwaitToRun (AwaitToRun.java:run(49)) - c2143be1-a980-4ca9-9b44-5c7f6a3ce2c0@group-B6DA234A1059-cacheEviction-AwaitToRun-AwaitForSignal is interrupted
2024-09-15 17:07:47,611 [c2143be1-a980-4ca9-9b44-5c7f6a3ce2c0@group-05952570BAB2-StateMachineUpdater] INFO  ratis.ContainerStateMachine (ContainerStateMachine.java:takeSnapshot(363)) - group-05952570BAB2: Taking a snapshot at:(t:1, i:0) file /home/runner/work/ozone/ozone/hadoop-ozone/integration-test/target/test-dir/MiniOzoneClusterImpl-eca91e6c-a84b-4041-8679-4afba91b5587/ozone-meta/datanode-4/ratis/fac42d6e-3b68-4e87-9f93-05952570bab2/sm/snapshot.1_0
2024-09-15 17:07:47,611 [c2143be1-a980-4ca9-9b44-5c7f6a3ce2c0-impl-thread1] INFO  impl.StateMachineUpdater (StateMachineUpdater.java:stopAndJoin(164)) - c2143be1-a980-4ca9-9b44-5c7f6a3ce2c0@group-05952570BAB2-StateMachineUpdater: set stopIndex = 0
2024-09-15 17:07:47,612 [ForkJoinPool.commonPool-worker-1] INFO  server.GrpcService (GrpcService.java:closeImpl(320)) - c2143be1-a980-4ca9-9b44-5c7f6a3ce2c0: shutdown server GrpcServerProtocolService successfully
2024-09-15 17:07:47,612 [c2143be1-a980-4ca9-9b44-5c7f6a3ce2c0@group-05952570BAB2-StateMachineUpdater] INFO  ratis.ContainerStateMachine (ContainerStateMachine.java:takeSnapshot(374)) - group-05952570BAB2: Finished taking a snapshot at:(t:1, i:0) file:/home/runner/work/ozone/ozone/hadoop-ozone/integration-test/target/test-dir/MiniOzoneClusterImpl-eca91e6c-a84b-4041-8679-4afba91b5587/ozone-meta/datanode-4/ratis/fac42d6e-3b68-4e87-9f93-05952570bab2/sm/snapshot.1_0 took: 1 ms
2024-09-15 17:07:47,612 [c2143be1-a980-4ca9-9b44-5c7f6a3ce2c0@group-05952570BAB2-StateMachineUpdater] INFO  impl.StateMachineUpdater (StateMachineUpdater.java:takeSnapshot(303)) - c2143be1-a980-4ca9-9b44-5c7f6a3ce2c0@group-05952570BAB2-StateMachineUpdater: Took a snapshot at index 0
2024-09-15 17:07:47,612 [c2143be1-a980-4ca9-9b44-5c7f6a3ce2c0@group-05952570BAB2-StateMachineUpdater] INFO  impl.StateMachineUpdater (StateMachineUpdater.java:lambda$new$0(102)) - c2143be1-a980-4ca9-9b44-5c7f6a3ce2c0@group-05952570BAB2-StateMachineUpdater: snapshotIndex: updateIncreasingly -1 -> 0
2024-09-15 17:07:47,612 [c2143be1-a980-4ca9-9b44-5c7f6a3ce2c0@group-05952570BAB2-StateMachineUpdater] INFO  impl.StateMachineUpdater (StateMachineUpdater.java:stop(141)) - c2143be1-a980-4ca9-9b44-5c7f6a3ce2c0@group-05952570BAB2-StateMachineUpdater: closing ContainerStateMachine, lastApplied=(t:1, i:0)
2024-09-15 17:07:47,612 [c2143be1-a980-4ca9-9b44-5c7f6a3ce2c0@group-05952570BAB2-cacheEviction-AwaitToRun] INFO  util.AwaitToRun (AwaitToRun.java:run(49)) - c2143be1-a980-4ca9-9b44-5c7f6a3ce2c0@group-05952570BAB2-cacheEviction-AwaitToRun-AwaitForSignal is interrupted
2024-09-15 17:07:47,616 [c2143be1-a980-4ca9-9b44-5c7f6a3ce2c0-NettyServerStreamRpc-bossGroup--thread1] INFO  logging.LoggingHandler (AbstractInternalLogger.java:log(148)) - [id: 0xb4b6659e, L:/0.0.0.0:15201] CLOSE
2024-09-15 17:07:47,616 [c2143be1-a980-4ca9-9b44-5c7f6a3ce2c0-NettyServerStreamRpc-bossGroup--thread1] INFO  logging.LoggingHandler (AbstractInternalLogger.java:log(148)) - [id: 0xb4b6659e, L:/0.0.0.0:15201] INACTIVE
2024-09-15 17:07:47,616 [c2143be1-a980-4ca9-9b44-5c7f6a3ce2c0-NettyServerStreamRpc-bossGroup--thread1] INFO  logging.LoggingHandler (AbstractInternalLogger.java:log(148)) - [id: 0xb4b6659e, L:/0.0.0.0:15201] UNREGISTERED
2024-09-15 17:07:47,618 [fdb1bdfc-cd38-46a5-a741-21faac0cf152-PipelineCommandHandlerThread-0] INFO  segmented.SegmentedRaftLogWorker (SegmentedRaftLogWorker.java:close(248)) - fdb1bdfc-cd38-46a5-a741-21faac0cf152@group-97AB3179636B-SegmentedRaftLogWorker close()
2024-09-15 17:07:47,619 [fdb1bdfc-cd38-46a5-a741-21faac0cf152-PipelineCommandHandlerThread-0] INFO  keyvalue.KeyValueContainer (KeyValueContainer.java:flushAndSyncDB(529)) - Container 1 is synced with bcsId 9.
2024-09-15 17:07:47,619 [fdb1bdfc-cd38-46a5-a741-21faac0cf152-PipelineCommandHandlerThread-0] INFO  keyvalue.KeyValueContainer (KeyValueContainer.java:flushAndSyncDB(529)) - Container 1 is synced with bcsId 9.
2024-09-15 17:07:47,622 [fdb1bdfc-cd38-46a5-a741-21faac0cf152-PipelineCommandHandlerThread-0] INFO  server.RaftServer$Division (RaftServerImpl.java:groupRemove(471)) - fdb1bdfc-cd38-46a5-a741-21faac0cf152@group-97AB3179636B: Succeed to remove RaftStorageDirectory Storage Directory /home/runner/work/ozone/ozone/hadoop-ozone/integration-test/target/test-dir/MiniOzoneClusterImpl-eca91e6c-a84b-4041-8679-4afba91b5587/ozone-meta/datanode-3/ratis/4b34d6d8-6abb-4b9d-9724-97ab3179636b
2024-09-15 17:07:47,622 [fdb1bdfc-cd38-46a5-a741-21faac0cf152-PipelineCommandHandlerThread-0] INFO  commandhandler.ClosePipelineCommandHandler (ClosePipelineCommandHandler.java:lambda$handle$2(140)) - Close Pipeline PipelineID=4b34d6d8-6abb-4b9d-9724-97ab3179636b command on datanode fdb1bdfc-cd38-46a5-a741-21faac0cf152.
2024-09-15 17:07:47,623 [main] INFO  ozoneimpl.OzoneContainer (OzoneContainer.java:stop(497)) - Attempting to stop container services.
2024-09-15 17:07:47,623 [ContainerMetadataScanner] WARN  ozoneimpl.AbstractBackgroundContainerScanner (AbstractBackgroundContainerScanner.java:handleRemainingSleep(134)) - Background container scan was interrupted.
2024-09-15 17:07:47,623 [ContainerMetadataScanner] INFO  ozoneimpl.AbstractBackgroundContainerScanner (AbstractBackgroundContainerScanner.java:run(61)) - Thread[ContainerMetadataScanner,5,main] exiting.
2024-09-15 17:07:47,623 [main] INFO  ozoneimpl.BackgroundContainerDataScanner (BackgroundContainerDataScanner.java:shutdown(141)) - ContainerDataScanner(/home/runner/work/ozone/ozone/hadoop-ozone/integration-test/target/test-dir/MiniOzoneClusterImpl-eca91e6c-a84b-4041-8679-4afba91b5587/ozone-meta/datanode-3/data-0/hdds) is shutting down. 
2024-09-15 17:07:47,623 [ContainerDataScanner(/home/runner/work/ozone/ozone/hadoop-ozone/integration-test/target/test-dir/MiniOzoneClusterImpl-eca91e6c-a84b-4041-8679-4afba91b5587/ozone-meta/datanode-3/data-0/hdds)] WARN  ozoneimpl.AbstractBackgroundContainerScanner (AbstractBackgroundContainerScanner.java:handleRemainingSleep(134)) - Background container scan was interrupted.
2024-09-15 17:07:47,623 [ContainerDataScanner(/home/runner/work/ozone/ozone/hadoop-ozone/integration-test/target/test-dir/MiniOzoneClusterImpl-eca91e6c-a84b-4041-8679-4afba91b5587/ozone-meta/datanode-3/data-0/hdds)] INFO  ozoneimpl.AbstractBackgroundContainerScanner (AbstractBackgroundContainerScanner.java:run(61)) - ContainerDataScanner(/home/runner/work/ozone/ozone/hadoop-ozone/integration-test/target/test-dir/MiniOzoneClusterImpl-eca91e6c-a84b-4041-8679-4afba91b5587/ozone-meta/datanode-3/data-0/hdds, DS-481d729f-9e83-4a31-909e-97af8894f3f7) exiting.
2024-09-15 17:07:47,624 [main] INFO  ratis.XceiverServerRatis (XceiverServerRatis.java:stop(596)) - Stopping XceiverServerRatis fdb1bdfc-cd38-46a5-a741-21faac0cf152
2024-09-15 17:07:47,624 [main] INFO  server.RaftServer (RaftServerProxy.java:lambda$close$9(418)) - fdb1bdfc-cd38-46a5-a741-21faac0cf152: close
2024-09-15 17:07:47,624 [main] INFO  server.GrpcService (GrpcService.java:closeImpl(311)) - fdb1bdfc-cd38-46a5-a741-21faac0cf152: shutdown server GrpcServerProtocolService now
2024-09-15 17:07:47,624 [fdb1bdfc-cd38-46a5-a741-21faac0cf152-impl-thread1] INFO  server.RaftServer$Division (RaftServerImpl.java:lambda$close$1(501)) - fdb1bdfc-cd38-46a5-a741-21faac0cf152@group-8F56DEC8FDF9: shutdown
2024-09-15 17:07:47,624 [fdb1bdfc-cd38-46a5-a741-21faac0cf152-impl-thread1] INFO  util.JmxRegister (JmxRegister.java:unregister(74)) - Successfully un-registered JMX Bean with object name Ratis:service=RaftServer,group=group-8F56DEC8FDF9,id=fdb1bdfc-cd38-46a5-a741-21faac0cf152
2024-09-15 17:07:47,624 [fdb1bdfc-cd38-46a5-a741-21faac0cf152-impl-thread1] INFO  impl.RoleInfo (RoleInfo.java:shutdownLeaderState(103)) - fdb1bdfc-cd38-46a5-a741-21faac0cf152: shutdown fdb1bdfc-cd38-46a5-a741-21faac0cf152@group-8F56DEC8FDF9-LeaderStateImpl
2024-09-15 17:07:47,624 [fdb1bdfc-cd38-46a5-a741-21faac0cf152-impl-thread1] INFO  impl.PendingRequests (PendingRequests.java:sendNotLeaderResponses(287)) - fdb1bdfc-cd38-46a5-a741-21faac0cf152@group-8F56DEC8FDF9-PendingRequests: sendNotLeaderResponses
2024-09-15 17:07:47,625 [fdb1bdfc-cd38-46a5-a741-21faac0cf152-impl-thread1] INFO  impl.StateMachineUpdater (StateMachineUpdater.java:stopAndJoin(164)) - fdb1bdfc-cd38-46a5-a741-21faac0cf152@group-8F56DEC8FDF9-StateMachineUpdater: set stopIndex = 0
2024-09-15 17:07:47,625 [fdb1bdfc-cd38-46a5-a741-21faac0cf152@group-8F56DEC8FDF9-StateMachineUpdater] INFO  ratis.ContainerStateMachine (ContainerStateMachine.java:takeSnapshot(363)) - group-8F56DEC8FDF9: Taking a snapshot at:(t:1, i:0) file /home/runner/work/ozone/ozone/hadoop-ozone/integration-test/target/test-dir/MiniOzoneClusterImpl-eca91e6c-a84b-4041-8679-4afba91b5587/ozone-meta/datanode-3/ratis/349c8c24-32be-4db9-8598-8f56dec8fdf9/sm/snapshot.1_0
2024-09-15 17:07:47,626 [fdb1bdfc-cd38-46a5-a741-21faac0cf152@group-8F56DEC8FDF9-StateMachineUpdater] INFO  ratis.ContainerStateMachine (ContainerStateMachine.java:takeSnapshot(374)) - group-8F56DEC8FDF9: Finished taking a snapshot at:(t:1, i:0) file:/home/runner/work/ozone/ozone/hadoop-ozone/integration-test/target/test-dir/MiniOzoneClusterImpl-eca91e6c-a84b-4041-8679-4afba91b5587/ozone-meta/datanode-3/ratis/349c8c24-32be-4db9-8598-8f56dec8fdf9/sm/snapshot.1_0 took: 1 ms
2024-09-15 17:07:47,626 [fdb1bdfc-cd38-46a5-a741-21faac0cf152@group-8F56DEC8FDF9-StateMachineUpdater] INFO  impl.StateMachineUpdater (StateMachineUpdater.java:takeSnapshot(303)) - fdb1bdfc-cd38-46a5-a741-21faac0cf152@group-8F56DEC8FDF9-StateMachineUpdater: Took a snapshot at index 0
2024-09-15 17:07:47,626 [fdb1bdfc-cd38-46a5-a741-21faac0cf152@group-8F56DEC8FDF9-StateMachineUpdater] INFO  impl.StateMachineUpdater (StateMachineUpdater.java:lambda$new$0(102)) - fdb1bdfc-cd38-46a5-a741-21faac0cf152@group-8F56DEC8FDF9-StateMachineUpdater: snapshotIndex: updateIncreasingly -1 -> 0
2024-09-15 17:07:47,626 [fdb1bdfc-cd38-46a5-a741-21faac0cf152@group-8F56DEC8FDF9-StateMachineUpdater] INFO  impl.StateMachineUpdater (StateMachineUpdater.java:stop(141)) - fdb1bdfc-cd38-46a5-a741-21faac0cf152@group-8F56DEC8FDF9-StateMachineUpdater: closing ContainerStateMachine, lastApplied=(t:1, i:0)
2024-09-15 17:07:47,626 [fdb1bdfc-cd38-46a5-a741-21faac0cf152@group-8F56DEC8FDF9-cacheEviction-AwaitToRun] INFO  util.AwaitToRun (AwaitToRun.java:run(49)) - fdb1bdfc-cd38-46a5-a741-21faac0cf152@group-8F56DEC8FDF9-cacheEviction-AwaitToRun-AwaitForSignal is interrupted
2024-09-15 17:07:47,627 [Thread-4121] INFO  server.GrpcServerProtocolClient (GrpcServerProtocolClient.java:close(103)) - 62362ab0-30ae-49fa-a673-0da439c77b8d Close channels
2024-09-15 17:07:47,627 [Thread-4124] INFO  server.GrpcServerProtocolClient (GrpcServerProtocolClient.java:close(103)) - 61f1eb6c-dc17-4b0b-858b-0bb1b85057d5 Close channels
2024-09-15 17:07:47,627 [main] INFO  server.GrpcService (GrpcService.java:closeImpl(320)) - fdb1bdfc-cd38-46a5-a741-21faac0cf152: shutdown server GrpcServerProtocolService successfully
2024-09-15 17:07:47,631 [fdb1bdfc-cd38-46a5-a741-21faac0cf152-NettyServerStreamRpc-bossGroup--thread1] INFO  logging.LoggingHandler (AbstractInternalLogger.java:log(148)) - [id: 0xca1b3fe0, L:/0.0.0.0:15192] CLOSE
2024-09-15 17:07:47,631 [fdb1bdfc-cd38-46a5-a741-21faac0cf152-NettyServerStreamRpc-bossGroup--thread1] INFO  logging.LoggingHandler (AbstractInternalLogger.java:log(148)) - [id: 0xca1b3fe0, L:/0.0.0.0:15192] INACTIVE
2024-09-15 17:07:47,631 [fdb1bdfc-cd38-46a5-a741-21faac0cf152-NettyServerStreamRpc-bossGroup--thread1] INFO  logging.LoggingHandler (AbstractInternalLogger.java:log(148)) - [id: 0xca1b3fe0, L:/0.0.0.0:15192] UNREGISTERED
2024-09-15 17:07:47,749 [c2143be1-a980-4ca9-9b44-5c7f6a3ce2c0-impl-thread2] INFO  segmented.SegmentedRaftLogWorker (SegmentedRaftLogWorker.java:close(248)) - c2143be1-a980-4ca9-9b44-5c7f6a3ce2c0@group-B6DA234A1059-SegmentedRaftLogWorker close()
2024-09-15 17:07:47,749 [c2143be1-a980-4ca9-9b44-5c7f6a3ce2c0-impl-thread2] INFO  ratis.ContainerStateMachine (ContainerStateMachine.java:notifyServerShutdown(957)) - group-B6DA234A1059 is closed by HddsDatanodeService
2024-09-15 17:07:48,162 [fdb1bdfc-cd38-46a5-a741-21faac0cf152-impl-thread1] INFO  segmented.SegmentedRaftLogWorker (SegmentedRaftLogWorker.java:close(248)) - fdb1bdfc-cd38-46a5-a741-21faac0cf152@group-8F56DEC8FDF9-SegmentedRaftLogWorker close()
2024-09-15 17:07:48,163 [fdb1bdfc-cd38-46a5-a741-21faac0cf152-impl-thread1] INFO  ratis.ContainerStateMachine (ContainerStateMachine.java:notifyServerShutdown(957)) - group-8F56DEC8FDF9 is closed by HddsDatanodeService
2024-09-15 17:07:48,163 [JvmPauseMonitor25] INFO  util.JvmPauseMonitor (JvmPauseMonitor.java:run(152)) - JvmPauseMonitor-fdb1bdfc-cd38-46a5-a741-21faac0cf152: Stopped
2024-09-15 17:07:48,472 [c2143be1-a980-4ca9-9b44-5c7f6a3ce2c0-impl-thread1] INFO  segmented.SegmentedRaftLogWorker (SegmentedRaftLogWorker.java:close(248)) - c2143be1-a980-4ca9-9b44-5c7f6a3ce2c0@group-05952570BAB2-SegmentedRaftLogWorker close()
2024-09-15 17:07:48,473 [c2143be1-a980-4ca9-9b44-5c7f6a3ce2c0-impl-thread1] INFO  ratis.ContainerStateMachine (ContainerStateMachine.java:notifyServerShutdown(957)) - group-05952570BAB2 is closed by HddsDatanodeService
2024-09-15 17:07:48,473 [JvmPauseMonitor26] INFO  util.JvmPauseMonitor (JvmPauseMonitor.java:run(152)) - JvmPauseMonitor-c2143be1-a980-4ca9-9b44-5c7f6a3ce2c0: Stopped
2024-09-15 17:07:48,617 [timer6] WARN  server.GrpcLogAppender (LogUtils.java:warn(121)) - fdb1bdfc-cd38-46a5-a741-21faac0cf152@group-97AB3179636B->61f1eb6c-dc17-4b0b-858b-0bb1b85057d5-AppendLogResponseHandler: Failed appendEntries (Repeated 6 times in the last 5.000s): org.apache.ratis.thirdparty.io.grpc.StatusRuntimeException: UNAVAILABLE: io exception
2024-09-15 17:07:48,617 [timer7] WARN  server.GrpcLogAppender (GrpcLogAppender.java:lambda$resetClient$1(221)) - fdb1bdfc-cd38-46a5-a741-21faac0cf152@group-97AB3179636B->62362ab0-30ae-49fa-a673-0da439c77b8d-GrpcLogAppender: Follower failed (request=null, errorCount=12); keep nextIndex (13) unchanged and retry. (Repeated 8 times in the last 5.000s)
2024-09-15 17:07:48,617 [timer0] WARN  server.GrpcLogAppender (GrpcLogAppender.java:lambda$resetClient$1(221)) - fdb1bdfc-cd38-46a5-a741-21faac0cf152@group-97AB3179636B->61f1eb6c-dc17-4b0b-858b-0bb1b85057d5-GrpcLogAppender: Follower failed (request=null, errorCount=14); keep nextIndex (13) unchanged and retry. (Repeated 6 times in the last 5.000s)
2024-09-15 17:07:49,679 [EventQueue-StaleNodeForStaleNodeHandler] INFO  node.StaleNodeHandler (StaleNodeHandler.java:onMessage(57)) - Datanode fdb1bdfc-cd38-46a5-a741-21faac0cf152(localhost/127.0.0.1) moved to stale state. Finalizing its pipelines [PipelineID=349c8c24-32be-4db9-8598-8f56dec8fdf9]
2024-09-15 17:07:49,680 [EventQueue-StaleNodeForStaleNodeHandler] INFO  pipeline.PipelineManagerImpl (PipelineManagerImpl.java:closePipeline(518)) - Pipeline PipelineID=349c8c24-32be-4db9-8598-8f56dec8fdf9 moved to CLOSED state
2024-09-15 17:07:49,779 [EventQueue-StaleNodeForStaleNodeHandler] INFO  node.StaleNodeHandler (StaleNodeHandler.java:onMessage(57)) - Datanode 412dca75-3e3e-4901-90f7-d1b20b52b7c1(localhost/127.0.0.1) moved to stale state. Finalizing its pipelines [PipelineID=9d02e635-8afc-4354-aedf-5574a5fa9ef9]
2024-09-15 17:07:49,780 [EventQueue-StaleNodeForStaleNodeHandler] INFO  pipeline.PipelineManagerImpl (PipelineManagerImpl.java:closePipeline(518)) - Pipeline PipelineID=9d02e635-8afc-4354-aedf-5574a5fa9ef9 moved to CLOSED state
2024-09-15 17:07:49,780 [EventQueue-StaleNodeForStaleNodeHandler] INFO  node.StaleNodeHandler (StaleNodeHandler.java:onMessage(57)) - Datanode c2143be1-a980-4ca9-9b44-5c7f6a3ce2c0(localhost/127.0.0.1) moved to stale state. Finalizing its pipelines [PipelineID=fac42d6e-3b68-4e87-9f93-05952570bab2]
2024-09-15 17:07:49,780 [EventQueue-StaleNodeForStaleNodeHandler] INFO  pipeline.PipelineManagerImpl (PipelineManagerImpl.java:closePipeline(518)) - Pipeline PipelineID=fac42d6e-3b68-4e87-9f93-05952570bab2 moved to CLOSED state
2024-09-15 17:07:49,904 [412dca75-3e3e-4901-90f7-d1b20b52b7c1@group-B6DA234A1059-FollowerState] INFO  impl.FollowerState (FollowerState.java:run(144)) - 412dca75-3e3e-4901-90f7-d1b20b52b7c1@group-B6DA234A1059-FollowerState: change to CANDIDATE, lastRpcElapsedTime:5185588273ns, electionTimeout:5185ms
2024-09-15 17:07:49,904 [412dca75-3e3e-4901-90f7-d1b20b52b7c1@group-B6DA234A1059-FollowerState] INFO  impl.RoleInfo (RoleInfo.java:shutdownFollowerState(119)) - 412dca75-3e3e-4901-90f7-d1b20b52b7c1: shutdown 412dca75-3e3e-4901-90f7-d1b20b52b7c1@group-B6DA234A1059-FollowerState
2024-09-15 17:07:49,904 [412dca75-3e3e-4901-90f7-d1b20b52b7c1@group-B6DA234A1059-FollowerState] INFO  server.RaftServer$Division (RaftServerImpl.java:setRole(376)) - 412dca75-3e3e-4901-90f7-d1b20b52b7c1@group-B6DA234A1059: changes role from  FOLLOWER to CANDIDATE at term 0 for changeToCandidate
2024-09-15 17:07:49,904 [412dca75-3e3e-4901-90f7-d1b20b52b7c1@group-B6DA234A1059-FollowerState] INFO  server.RaftServerConfigKeys (ConfUtils.java:logGet(46)) - raft.server.leaderelection.pre-vote = true (default)
2024-09-15 17:07:49,904 [412dca75-3e3e-4901-90f7-d1b20b52b7c1@group-B6DA234A1059-FollowerState] INFO  impl.RoleInfo (RoleInfo.java:updateAndGet(148)) - 412dca75-3e3e-4901-90f7-d1b20b52b7c1: start 412dca75-3e3e-4901-90f7-d1b20b52b7c1@group-B6DA234A1059-LeaderElection57
2024-09-15 17:07:49,904 [412dca75-3e3e-4901-90f7-d1b20b52b7c1@group-B6DA234A1059-LeaderElection57] INFO  impl.LeaderElection (LeaderElection.java:askForVotes(321)) - 412dca75-3e3e-4901-90f7-d1b20b52b7c1@group-B6DA234A1059-LeaderElection57 PRE_VOTE round 0: submit vote requests at term 0 for conf: {index: -1, cur=peers:[c2143be1-a980-4ca9-9b44-5c7f6a3ce2c0|127.0.0.1:15198, 62362ab0-30ae-49fa-a673-0da439c77b8d|127.0.0.1:15171, 412dca75-3e3e-4901-90f7-d1b20b52b7c1|127.0.0.1:15207]|listeners:[], old=null}
2024-09-15 17:07:49,905 [412dca75-3e3e-4901-90f7-d1b20b52b7c1@group-B6DA234A1059-LeaderElection57-1] INFO  server.GrpcServerProtocolClient (GrpcServerProtocolClient.java:<init>(65)) - Build channel for c2143be1-a980-4ca9-9b44-5c7f6a3ce2c0|127.0.0.1:15198
2024-09-15 17:07:49,905 [412dca75-3e3e-4901-90f7-d1b20b52b7c1@group-B6DA234A1059-LeaderElection57-2] INFO  server.GrpcServerProtocolClient (GrpcServerProtocolClient.java:<init>(65)) - Build channel for 62362ab0-30ae-49fa-a673-0da439c77b8d|127.0.0.1:15171
2024-09-15 17:07:49,905 [412dca75-3e3e-4901-90f7-d1b20b52b7c1@group-B6DA234A1059-LeaderElection57] INFO  server.RaftServerConfigKeys (ConfUtils.java:logFallback(53)) - raft.server.rpc.first-election.timeout.min = 5s (fallback to raft.server.rpc.timeout.min)
2024-09-15 17:07:49,905 [412dca75-3e3e-4901-90f7-d1b20b52b7c1@group-B6DA234A1059-LeaderElection57] INFO  server.RaftServerConfigKeys (ConfUtils.java:logFallback(53)) - raft.server.rpc.first-election.timeout.max = 5200ms (fallback to raft.server.rpc.timeout.max)
2024-09-15 17:07:49,907 [412dca75-3e3e-4901-90f7-d1b20b52b7c1@group-B6DA234A1059-LeaderElection57] INFO  impl.LeaderElection (LogUtils.java:infoOrTrace(136)) - 412dca75-3e3e-4901-90f7-d1b20b52b7c1@group-B6DA234A1059-LeaderElection57 got exception when requesting votes: java.util.concurrent.ExecutionException: org.apache.ratis.thirdparty.io.grpc.StatusRuntimeException: UNAVAILABLE: io exception
2024-09-15 17:07:49,907 [412dca75-3e3e-4901-90f7-d1b20b52b7c1@group-B6DA234A1059-LeaderElection57] INFO  impl.LeaderElection (LogUtils.java:infoOrTrace(136)) - 412dca75-3e3e-4901-90f7-d1b20b52b7c1@group-B6DA234A1059-LeaderElection57 got exception when requesting votes: java.util.concurrent.ExecutionException: org.apache.ratis.thirdparty.io.grpc.StatusRuntimeException: UNAVAILABLE: io exception
2024-09-15 17:07:49,907 [412dca75-3e3e-4901-90f7-d1b20b52b7c1@group-B6DA234A1059-LeaderElection57] INFO  impl.LeaderElection (LeaderElection.java:logAndReturn(89)) - 412dca75-3e3e-4901-90f7-d1b20b52b7c1@group-B6DA234A1059-LeaderElection57: PRE_VOTE REJECTED received 0 response(s) and 2 exception(s):
2024-09-15 17:07:49,907 [412dca75-3e3e-4901-90f7-d1b20b52b7c1@group-B6DA234A1059-LeaderElection57] INFO  impl.LeaderElection (LogUtils.java:infoOrTrace(136)) -   Exception 0: java.util.concurrent.ExecutionException: org.apache.ratis.thirdparty.io.grpc.StatusRuntimeException: UNAVAILABLE: io exception
2024-09-15 17:07:49,908 [412dca75-3e3e-4901-90f7-d1b20b52b7c1@group-B6DA234A1059-LeaderElection57] INFO  impl.LeaderElection (LogUtils.java:infoOrTrace(136)) -   Exception 1: java.util.concurrent.ExecutionException: org.apache.ratis.thirdparty.io.grpc.StatusRuntimeException: UNAVAILABLE: io exception
2024-09-15 17:07:49,908 [412dca75-3e3e-4901-90f7-d1b20b52b7c1@group-B6DA234A1059-LeaderElection57] INFO  impl.LeaderElection (LeaderElection.java:askForVotes(323)) - 412dca75-3e3e-4901-90f7-d1b20b52b7c1@group-B6DA234A1059-LeaderElection57 PRE_VOTE round 0: result REJECTED
2024-09-15 17:07:49,908 [412dca75-3e3e-4901-90f7-d1b20b52b7c1@group-B6DA234A1059-LeaderElection57] INFO  server.RaftServer$Division (RaftServerImpl.java:setRole(376)) - 412dca75-3e3e-4901-90f7-d1b20b52b7c1@group-B6DA234A1059: changes role from CANDIDATE to FOLLOWER at term 0 for REJECTED
2024-09-15 17:07:49,908 [412dca75-3e3e-4901-90f7-d1b20b52b7c1@group-B6DA234A1059-LeaderElection57] INFO  impl.RoleInfo (RoleInfo.java:shutdownLeaderElection(139)) - 412dca75-3e3e-4901-90f7-d1b20b52b7c1: shutdown 412dca75-3e3e-4901-90f7-d1b20b52b7c1@group-B6DA234A1059-LeaderElection57
2024-09-15 17:07:49,908 [412dca75-3e3e-4901-90f7-d1b20b52b7c1@group-B6DA234A1059-LeaderElection57] INFO  impl.RoleInfo (RoleInfo.java:updateAndGet(148)) - 412dca75-3e3e-4901-90f7-d1b20b52b7c1: start 412dca75-3e3e-4901-90f7-d1b20b52b7c1@group-B6DA234A1059-FollowerState
2024-09-15 17:07:49,908 [412dca75-3e3e-4901-90f7-d1b20b52b7c1@group-B6DA234A1059-LeaderElection57] INFO  server.RaftServer$Division (RaftServerImpl.java:setFirstElection(549)) - 412dca75-3e3e-4901-90f7-d1b20b52b7c1@group-B6DA234A1059: set firstElectionSinceStartup to false for REJECTED
2024-09-15 17:07:50,165 [main] INFO  utils.DatanodeStoreCache (DatanodeStoreCache.java:shutdownCache(116)) - Skip clearing cache in mini cluster mode. Entries left: [/home/runner/work/ozone/ozone/hadoop-ozone/integration-test/target/test-dir/MiniOzoneClusterImpl-eca91e6c-a84b-4041-8679-4afba91b5587/ozone-meta/datanode-3/data-0/hdds/eca91e6c-a84b-4041-8679-4afba91b5587/DS-481d729f-9e83-4a31-909e-97af8894f3f7/container.db, /home/runner/work/ozone/ozone/hadoop-ozone/integration-test/target/test-dir/MiniOzoneClusterImpl-eca91e6c-a84b-4041-8679-4afba91b5587/ozone-meta/datanode-4/data-0/hdds/eca91e6c-a84b-4041-8679-4afba91b5587/DS-16c80397-aedb-4bb2-a4b0-de297102bf17/container.db, /home/runner/work/ozone/ozone/hadoop-ozone/integration-test/target/test-dir/MiniOzoneClusterImpl-eca91e6c-a84b-4041-8679-4afba91b5587/ozone-meta/datanode-5/data-0/hdds/eca91e6c-a84b-4041-8679-4afba91b5587/DS-c799a723-692b-4ad4-98a3-376473112b05/container.db]
2024-09-15 17:07:50,167 [main] INFO  utils.DatanodeStoreCache (DatanodeStoreCache.java:removeDB(110)) - Removed db /home/runner/work/ozone/ozone/hadoop-ozone/integration-test/target/test-dir/MiniOzoneClusterImpl-eca91e6c-a84b-4041-8679-4afba91b5587/ozone-meta/datanode-3/data-0/hdds/eca91e6c-a84b-4041-8679-4afba91b5587/DS-481d729f-9e83-4a31-909e-97af8894f3f7/container.db from cache
2024-09-15 17:07:50,167 [main] INFO  volume.HddsVolume (HddsVolume.java:closeDbStore(462)) - SchemaV3 db is stopped at /home/runner/work/ozone/ozone/hadoop-ozone/integration-test/target/test-dir/MiniOzoneClusterImpl-eca91e6c-a84b-4041-8679-4afba91b5587/ozone-meta/datanode-3/data-0/hdds/eca91e6c-a84b-4041-8679-4afba91b5587/DS-481d729f-9e83-4a31-909e-97af8894f3f7/container.db for volume DS-481d729f-9e83-4a31-909e-97af8894f3f7
2024-09-15 17:07:50,168 [main] INFO  utils.BackgroundService (BackgroundService.java:shutdown(163)) - Shutting down service BlockDeletingService
2024-09-15 17:07:50,168 [main] INFO  utils.BackgroundService (BackgroundService.java:shutdown(163)) - Shutting down service StaleRecoveringContainerScrubbingService
2024-09-15 17:07:50,168 [main] INFO  statemachine.DatanodeStateMachine (DatanodeStateMachine.java:stopDaemon(626)) - Ozone container server stopped.
2024-09-15 17:07:50,182 [main] INFO  handler.ContextHandler (ContextHandler.java:doStop(1159)) - Stopped o.e.j.w.WebAppContext@7a55eed5{hddsDatanode,/,null,STOPPED}{jar:file:/home/runner/work/ozone/ozone/hadoop-hdds/container-service/target/hdds-container-service-1.5.0-SNAPSHOT.jar!/webapps/hddsDatanode}
2024-09-15 17:07:50,183 [main] INFO  server.AbstractConnector (AbstractConnector.java:doStop(383)) - Stopped ServerConnector@79d0d204{HTTP/1.1, (http/1.1)}{0.0.0.0:15186}
2024-09-15 17:07:50,183 [main] INFO  server.session (HouseKeeper.java:stopScavenging(149)) - node0 Stopped scavenging
2024-09-15 17:07:50,183 [main] INFO  handler.ContextHandler (ContextHandler.java:doStop(1159)) - Stopped o.e.j.s.ServletContextHandler@7fd7bf93{static,/static,jar:file:/home/runner/work/ozone/ozone/hadoop-hdds/container-service/target/hdds-container-service-1.5.0-SNAPSHOT.jar!/webapps/static,STOPPED}
2024-09-15 17:07:50,183 [main] INFO  handler.ContextHandler (ContextHandler.java:doStop(1159)) - Stopped o.e.j.s.ServletContextHandler@14616362{logs,/logs,file:///home/runner/work/ozone/ozone/hadoop-ozone/integration-test/target/log,STOPPED}
2024-09-15 17:07:50,184 [main] INFO  ozone.HddsDatanodeClientProtocolServer (HddsDatanodeClientProtocolServer.java:stop(85)) - Stopping the RPC server for Client Protocol
2024-09-15 17:07:50,184 [main] INFO  ipc.Server (Server.java:stop(3523)) - Stopping server on 15187
2024-09-15 17:07:50,186 [IPC Server Responder] INFO  ipc.Server (Server.java:run(1567)) - Stopping IPC Server Responder
2024-09-15 17:07:50,186 [IPC Server listener on 15187] INFO  ipc.Server (Server.java:run(1434)) - Stopping IPC Server listener on 15187
2024-09-15 17:07:50,475 [ForkJoinPool.commonPool-worker-1] INFO  utils.DatanodeStoreCache (DatanodeStoreCache.java:shutdownCache(116)) - Skip clearing cache in mini cluster mode. Entries left: [/home/runner/work/ozone/ozone/hadoop-ozone/integration-test/target/test-dir/MiniOzoneClusterImpl-eca91e6c-a84b-4041-8679-4afba91b5587/ozone-meta/datanode-4/data-0/hdds/eca91e6c-a84b-4041-8679-4afba91b5587/DS-16c80397-aedb-4bb2-a4b0-de297102bf17/container.db, /home/runner/work/ozone/ozone/hadoop-ozone/integration-test/target/test-dir/MiniOzoneClusterImpl-eca91e6c-a84b-4041-8679-4afba91b5587/ozone-meta/datanode-5/data-0/hdds/eca91e6c-a84b-4041-8679-4afba91b5587/DS-c799a723-692b-4ad4-98a3-376473112b05/container.db]
2024-09-15 17:07:50,476 [ForkJoinPool.commonPool-worker-1] INFO  utils.DatanodeStoreCache (DatanodeStoreCache.java:removeDB(110)) - Removed db /home/runner/work/ozone/ozone/hadoop-ozone/integration-test/target/test-dir/MiniOzoneClusterImpl-eca91e6c-a84b-4041-8679-4afba91b5587/ozone-meta/datanode-4/data-0/hdds/eca91e6c-a84b-4041-8679-4afba91b5587/DS-16c80397-aedb-4bb2-a4b0-de297102bf17/container.db from cache
2024-09-15 17:07:50,476 [ForkJoinPool.commonPool-worker-1] INFO  volume.HddsVolume (HddsVolume.java:closeDbStore(462)) - SchemaV3 db is stopped at /home/runner/work/ozone/ozone/hadoop-ozone/integration-test/target/test-dir/MiniOzoneClusterImpl-eca91e6c-a84b-4041-8679-4afba91b5587/ozone-meta/datanode-4/data-0/hdds/eca91e6c-a84b-4041-8679-4afba91b5587/DS-16c80397-aedb-4bb2-a4b0-de297102bf17/container.db for volume DS-16c80397-aedb-4bb2-a4b0-de297102bf17
2024-09-15 17:07:50,476 [ForkJoinPool.commonPool-worker-1] INFO  utils.BackgroundService (BackgroundService.java:shutdown(163)) - Shutting down service BlockDeletingService
2024-09-15 17:07:50,477 [ForkJoinPool.commonPool-worker-1] INFO  utils.BackgroundService (BackgroundService.java:shutdown(163)) - Shutting down service StaleRecoveringContainerScrubbingService
2024-09-15 17:07:50,477 [ForkJoinPool.commonPool-worker-1] INFO  statemachine.DatanodeStateMachine (DatanodeStateMachine.java:stopDaemon(626)) - Ozone container server stopped.
2024-09-15 17:07:50,493 [ForkJoinPool.commonPool-worker-1] INFO  handler.ContextHandler (ContextHandler.java:doStop(1159)) - Stopped o.e.j.w.WebAppContext@3938204d{hddsDatanode,/,null,STOPPED}{jar:file:/home/runner/work/ozone/ozone/hadoop-hdds/container-service/target/hdds-container-service-1.5.0-SNAPSHOT.jar!/webapps/hddsDatanode}
2024-09-15 17:07:50,493 [ForkJoinPool.commonPool-worker-1] INFO  server.AbstractConnector (AbstractConnector.java:doStop(383)) - Stopped ServerConnector@3b3815c7{HTTP/1.1, (http/1.1)}{0.0.0.0:15195}
2024-09-15 17:07:50,494 [ForkJoinPool.commonPool-worker-1] INFO  server.session (HouseKeeper.java:stopScavenging(149)) - node0 Stopped scavenging
2024-09-15 17:07:50,494 [ForkJoinPool.commonPool-worker-1] INFO  handler.ContextHandler (ContextHandler.java:doStop(1159)) - Stopped o.e.j.s.ServletContextHandler@4f405053{static,/static,jar:file:/home/runner/work/ozone/ozone/hadoop-hdds/container-service/target/hdds-container-service-1.5.0-SNAPSHOT.jar!/webapps/static,STOPPED}
2024-09-15 17:07:50,494 [ForkJoinPool.commonPool-worker-1] INFO  handler.ContextHandler (ContextHandler.java:doStop(1159)) - Stopped o.e.j.s.ServletContextHandler@78e62cf2{logs,/logs,file:///home/runner/work/ozone/ozone/hadoop-ozone/integration-test/target/log,STOPPED}
2024-09-15 17:07:50,495 [ForkJoinPool.commonPool-worker-1] INFO  ozone.HddsDatanodeClientProtocolServer (HddsDatanodeClientProtocolServer.java:stop(85)) - Stopping the RPC server for Client Protocol
2024-09-15 17:07:50,495 [ForkJoinPool.commonPool-worker-1] INFO  ipc.Server (Server.java:stop(3523)) - Stopping server on 15196
2024-09-15 17:07:50,496 [IPC Server listener on 15196] INFO  ipc.Server (Server.java:run(1434)) - Stopping IPC Server listener on 15196
2024-09-15 17:07:50,497 [IPC Server Responder] INFO  ipc.Server (Server.java:run(1567)) - Stopping IPC Server Responder
2024-09-15 17:07:51,400 [timer6] WARN  server.GrpcLogAppender (LogUtils.java:warn(121)) - fdb1bdfc-cd38-46a5-a741-21faac0cf152@group-97AB3179636B->62362ab0-30ae-49fa-a673-0da439c77b8d-AppendLogResponseHandler: Failed appendEntries (Repeated 2 times in the last 5.000s): org.apache.ratis.thirdparty.io.grpc.StatusRuntimeException: UNAVAILABLE: io exception
2024-09-15 17:07:52,609 [412dca75-3e3e-4901-90f7-d1b20b52b7c1-PipelineCommandHandlerThread-0] WARN  commandhandler.CreatePipelineCommandHandler (CreatePipelineCommandHandler.java:lambda$handle$1(121)) - Add group failed for 62362ab0-30ae-49fa-a673-0da439c77b8d(localhost/127.0.0.1)
java.io.InterruptedIOException: retry policy=RequestTypeDependentRetryPolicy{WRITE->ExceptionDependentRetry(maxAttempts=2147483647; defaultPolicy=MultipleLinearRandomRetry[5x5s, 5x10s, 5x15s, 5x20s, 5x25s, 10x60s]; map={org.apache.ratis.protocol.exceptions.GroupMismatchException->NoRetry, org.apache.ratis.protocol.exceptions.NotReplicatedException->NoRetry, org.apache.ratis.protocol.exceptions.ResourceUnavailableException->org.apache.ratis.retry.ExponentialBackoffRetry@172037c, org.apache.ratis.protocol.exceptions.StateMachineException->NoRetry, org.apache.ratis.protocol.exceptions.TimeoutIOException->org.apache.ratis.retry.ExponentialBackoffRetry@172037c}), WATCH->ExceptionDependentRetry(maxAttempts=2147483647; defaultPolicy=MultipleLinearRandomRetry[5x5s, 5x10s, 5x15s, 5x20s, 5x25s, 10x60s]; map={org.apache.ratis.protocol.exceptions.GroupMismatchException->NoRetry, org.apache.ratis.protocol.exceptions.NotReplicatedException->NoRetry, org.apache.ratis.protocol.exceptions.ResourceUnavailableException->org.apache.ratis.retry.ExponentialBackoffRetry@172037c, org.apache.ratis.protocol.exceptions.StateMachineException->NoRetry, org.apache.ratis.protocol.exceptions.TimeoutIOException->NoRetry})}
	at org.apache.ratis.client.impl.BlockingImpl.sendRequestWithRetry(BlockingImpl.java:138)
	at org.apache.ratis.client.impl.GroupManagementImpl.add(GroupManagementImpl.java:51)
	at org.apache.ratis.client.api.GroupManagementApi.add(GroupManagementApi.java:40)
	at org.apache.hadoop.ozone.container.common.statemachine.commandhandler.CreatePipelineCommandHandler.lambda$handle$1(CreatePipelineCommandHandler.java:117)
	at java.base/java.util.stream.ForEachOps$ForEachOp$OfRef.accept(ForEachOps.java:183)
	at java.base/java.util.stream.ReferencePipeline$2$1.accept(ReferencePipeline.java:179)
	at java.base/java.util.ArrayList$ArrayListSpliterator.forEachRemaining(ArrayList.java:1625)
	at java.base/java.util.stream.AbstractPipeline.copyInto(AbstractPipeline.java:509)
	at java.base/java.util.stream.AbstractPipeline.wrapAndCopyInto(AbstractPipeline.java:499)
	at java.base/java.util.stream.ForEachOps$ForEachOp.evaluateSequential(ForEachOps.java:150)
	at java.base/java.util.stream.ForEachOps$ForEachOp$OfRef.evaluateSequential(ForEachOps.java:173)
	at java.base/java.util.stream.AbstractPipeline.evaluate(AbstractPipeline.java:234)
	at java.base/java.util.stream.ReferencePipeline.forEach(ReferencePipeline.java:596)
	at org.apache.hadoop.ozone.container.common.statemachine.commandhandler.CreatePipelineCommandHandler.lambda$handle$2(CreatePipelineCommandHandler.java:113)
	at java.base/java.util.concurrent.CompletableFuture$AsyncRun.run(CompletableFuture.java:1804)
	at java.base/java.util.concurrent.ThreadPoolExecutor.runWorker(ThreadPoolExecutor.java:1136)
	at java.base/java.util.concurrent.ThreadPoolExecutor$Worker.run(ThreadPoolExecutor.java:635)
	at java.base/java.lang.Thread.run(Thread.java:840)
2024-09-15 17:07:52,610 [412dca75-3e3e-4901-90f7-d1b20b52b7c1-PipelineCommandHandlerThread-0] INFO  commandhandler.CreatePipelineCommandHandler (CreatePipelineCommandHandler.java:lambda$handle$2(124)) - Created Pipeline RATIS THREE PipelineID=f33a251a-9fc2-4987-bb9b-b6da234a1059.
2024-09-15 17:07:52,610 [ForkJoinPool.commonPool-worker-2] INFO  ozoneimpl.OzoneContainer (OzoneContainer.java:stop(497)) - Attempting to stop container services.
2024-09-15 17:07:52,610 [ContainerMetadataScanner] WARN  ozoneimpl.AbstractBackgroundContainerScanner (AbstractBackgroundContainerScanner.java:handleRemainingSleep(134)) - Background container scan was interrupted.
2024-09-15 17:07:52,610 [ContainerMetadataScanner] INFO  ozoneimpl.AbstractBackgroundContainerScanner (AbstractBackgroundContainerScanner.java:run(61)) - Thread[ContainerMetadataScanner,5,main] exiting.
2024-09-15 17:07:52,610 [ForkJoinPool.commonPool-worker-2] INFO  ozoneimpl.BackgroundContainerDataScanner (BackgroundContainerDataScanner.java:shutdown(141)) - ContainerDataScanner(/home/runner/work/ozone/ozone/hadoop-ozone/integration-test/target/test-dir/MiniOzoneClusterImpl-eca91e6c-a84b-4041-8679-4afba91b5587/ozone-meta/datanode-5/data-0/hdds) is shutting down. 
2024-09-15 17:07:52,610 [ContainerDataScanner(/home/runner/work/ozone/ozone/hadoop-ozone/integration-test/target/test-dir/MiniOzoneClusterImpl-eca91e6c-a84b-4041-8679-4afba91b5587/ozone-meta/datanode-5/data-0/hdds)] WARN  ozoneimpl.AbstractBackgroundContainerScanner (AbstractBackgroundContainerScanner.java:handleRemainingSleep(134)) - Background container scan was interrupted.
2024-09-15 17:07:52,610 [ContainerDataScanner(/home/runner/work/ozone/ozone/hadoop-ozone/integration-test/target/test-dir/MiniOzoneClusterImpl-eca91e6c-a84b-4041-8679-4afba91b5587/ozone-meta/datanode-5/data-0/hdds)] INFO  ozoneimpl.AbstractBackgroundContainerScanner (AbstractBackgroundContainerScanner.java:run(61)) - ContainerDataScanner(/home/runner/work/ozone/ozone/hadoop-ozone/integration-test/target/test-dir/MiniOzoneClusterImpl-eca91e6c-a84b-4041-8679-4afba91b5587/ozone-meta/datanode-5/data-0/hdds, DS-c799a723-692b-4ad4-98a3-376473112b05) exiting.
2024-09-15 17:07:52,611 [ForkJoinPool.commonPool-worker-2] INFO  ratis.XceiverServerRatis (XceiverServerRatis.java:stop(596)) - Stopping XceiverServerRatis 412dca75-3e3e-4901-90f7-d1b20b52b7c1
2024-09-15 17:07:52,611 [ForkJoinPool.commonPool-worker-2] INFO  server.RaftServer (RaftServerProxy.java:lambda$close$9(418)) - 412dca75-3e3e-4901-90f7-d1b20b52b7c1: close
2024-09-15 17:07:52,611 [ForkJoinPool.commonPool-worker-2] INFO  server.GrpcService (GrpcService.java:closeImpl(311)) - 412dca75-3e3e-4901-90f7-d1b20b52b7c1: shutdown server GrpcServerProtocolService now
2024-09-15 17:07:52,611 [412dca75-3e3e-4901-90f7-d1b20b52b7c1-impl-thread2] INFO  server.RaftServer$Division (RaftServerImpl.java:lambda$close$1(501)) - 412dca75-3e3e-4901-90f7-d1b20b52b7c1@group-B6DA234A1059: shutdown
2024-09-15 17:07:52,611 [412dca75-3e3e-4901-90f7-d1b20b52b7c1-impl-thread2] INFO  util.JmxRegister (JmxRegister.java:unregister(74)) - Successfully un-registered JMX Bean with object name Ratis:service=RaftServer,group=group-B6DA234A1059,id=412dca75-3e3e-4901-90f7-d1b20b52b7c1
2024-09-15 17:07:52,611 [412dca75-3e3e-4901-90f7-d1b20b52b7c1-impl-thread2] INFO  impl.RoleInfo (RoleInfo.java:shutdownFollowerState(119)) - 412dca75-3e3e-4901-90f7-d1b20b52b7c1: shutdown 412dca75-3e3e-4901-90f7-d1b20b52b7c1@group-B6DA234A1059-FollowerState
2024-09-15 17:07:52,611 [412dca75-3e3e-4901-90f7-d1b20b52b7c1-impl-thread1] INFO  server.RaftServer$Division (RaftServerImpl.java:lambda$close$1(501)) - 412dca75-3e3e-4901-90f7-d1b20b52b7c1@group-5574A5FA9EF9: shutdown
2024-09-15 17:07:52,611 [412dca75-3e3e-4901-90f7-d1b20b52b7c1-impl-thread1] INFO  util.JmxRegister (JmxRegister.java:unregister(74)) - Successfully un-registered JMX Bean with object name Ratis:service=RaftServer,group=group-5574A5FA9EF9,id=412dca75-3e3e-4901-90f7-d1b20b52b7c1
2024-09-15 17:07:52,611 [412dca75-3e3e-4901-90f7-d1b20b52b7c1@group-B6DA234A1059-FollowerState] INFO  impl.FollowerState (FollowerState.java:run(153)) - 412dca75-3e3e-4901-90f7-d1b20b52b7c1@group-B6DA234A1059-FollowerState was interrupted
2024-09-15 17:07:52,611 [412dca75-3e3e-4901-90f7-d1b20b52b7c1-impl-thread2] INFO  impl.StateMachineUpdater (StateMachineUpdater.java:stopAndJoin(164)) - 412dca75-3e3e-4901-90f7-d1b20b52b7c1@group-B6DA234A1059-StateMachineUpdater: set stopIndex = -1
2024-09-15 17:07:52,612 [412dca75-3e3e-4901-90f7-d1b20b52b7c1@group-B6DA234A1059-StateMachineUpdater] INFO  impl.StateMachineUpdater (StateMachineUpdater.java:stop(141)) - 412dca75-3e3e-4901-90f7-d1b20b52b7c1@group-B6DA234A1059-StateMachineUpdater: closing ContainerStateMachine, lastApplied=(t:0, i:~)
2024-09-15 17:07:52,612 [Thread-4171] INFO  server.GrpcServerProtocolClient (GrpcServerProtocolClient.java:close(103)) - c2143be1-a980-4ca9-9b44-5c7f6a3ce2c0 Close channels
2024-09-15 17:07:52,612 [412dca75-3e3e-4901-90f7-d1b20b52b7c1@group-B6DA234A1059-cacheEviction-AwaitToRun] INFO  util.AwaitToRun (AwaitToRun.java:run(49)) - 412dca75-3e3e-4901-90f7-d1b20b52b7c1@group-B6DA234A1059-cacheEviction-AwaitToRun-AwaitForSignal is interrupted
2024-09-15 17:07:52,611 [412dca75-3e3e-4901-90f7-d1b20b52b7c1-impl-thread1] INFO  impl.RoleInfo (RoleInfo.java:shutdownLeaderState(103)) - 412dca75-3e3e-4901-90f7-d1b20b52b7c1: shutdown 412dca75-3e3e-4901-90f7-d1b20b52b7c1@group-5574A5FA9EF9-LeaderStateImpl
2024-09-15 17:07:52,613 [412dca75-3e3e-4901-90f7-d1b20b52b7c1-impl-thread1] INFO  impl.PendingRequests (PendingRequests.java:sendNotLeaderResponses(287)) - 412dca75-3e3e-4901-90f7-d1b20b52b7c1@group-5574A5FA9EF9-PendingRequests: sendNotLeaderResponses
2024-09-15 17:07:52,612 [Thread-4172] INFO  server.GrpcServerProtocolClient (GrpcServerProtocolClient.java:close(103)) - 62362ab0-30ae-49fa-a673-0da439c77b8d Close channels
2024-09-15 17:07:52,613 [ForkJoinPool.commonPool-worker-2] INFO  server.GrpcService (GrpcService.java:closeImpl(320)) - 412dca75-3e3e-4901-90f7-d1b20b52b7c1: shutdown server GrpcServerProtocolService successfully
2024-09-15 17:07:52,613 [412dca75-3e3e-4901-90f7-d1b20b52b7c1-impl-thread1] INFO  impl.StateMachineUpdater (StateMachineUpdater.java:stopAndJoin(164)) - 412dca75-3e3e-4901-90f7-d1b20b52b7c1@group-5574A5FA9EF9-StateMachineUpdater: set stopIndex = 0
2024-09-15 17:07:52,613 [412dca75-3e3e-4901-90f7-d1b20b52b7c1@group-5574A5FA9EF9-StateMachineUpdater] INFO  ratis.ContainerStateMachine (ContainerStateMachine.java:takeSnapshot(363)) - group-5574A5FA9EF9: Taking a snapshot at:(t:1, i:0) file /home/runner/work/ozone/ozone/hadoop-ozone/integration-test/target/test-dir/MiniOzoneClusterImpl-eca91e6c-a84b-4041-8679-4afba91b5587/ozone-meta/datanode-5/ratis/9d02e635-8afc-4354-aedf-5574a5fa9ef9/sm/snapshot.1_0
2024-09-15 17:07:52,615 [412dca75-3e3e-4901-90f7-d1b20b52b7c1@group-5574A5FA9EF9-StateMachineUpdater] INFO  ratis.ContainerStateMachine (ContainerStateMachine.java:takeSnapshot(374)) - group-5574A5FA9EF9: Finished taking a snapshot at:(t:1, i:0) file:/home/runner/work/ozone/ozone/hadoop-ozone/integration-test/target/test-dir/MiniOzoneClusterImpl-eca91e6c-a84b-4041-8679-4afba91b5587/ozone-meta/datanode-5/ratis/9d02e635-8afc-4354-aedf-5574a5fa9ef9/sm/snapshot.1_0 took: 1 ms
2024-09-15 17:07:52,615 [412dca75-3e3e-4901-90f7-d1b20b52b7c1@group-5574A5FA9EF9-StateMachineUpdater] INFO  impl.StateMachineUpdater (StateMachineUpdater.java:takeSnapshot(303)) - 412dca75-3e3e-4901-90f7-d1b20b52b7c1@group-5574A5FA9EF9-StateMachineUpdater: Took a snapshot at index 0
2024-09-15 17:07:52,615 [412dca75-3e3e-4901-90f7-d1b20b52b7c1@group-5574A5FA9EF9-StateMachineUpdater] INFO  impl.StateMachineUpdater (StateMachineUpdater.java:lambda$new$0(102)) - 412dca75-3e3e-4901-90f7-d1b20b52b7c1@group-5574A5FA9EF9-StateMachineUpdater: snapshotIndex: updateIncreasingly -1 -> 0
2024-09-15 17:07:52,615 [412dca75-3e3e-4901-90f7-d1b20b52b7c1@group-5574A5FA9EF9-StateMachineUpdater] INFO  impl.StateMachineUpdater (StateMachineUpdater.java:stop(141)) - 412dca75-3e3e-4901-90f7-d1b20b52b7c1@group-5574A5FA9EF9-StateMachineUpdater: closing ContainerStateMachine, lastApplied=(t:1, i:0)
2024-09-15 17:07:52,617 [412dca75-3e3e-4901-90f7-d1b20b52b7c1@group-5574A5FA9EF9-cacheEviction-AwaitToRun] INFO  util.AwaitToRun (AwaitToRun.java:run(49)) - 412dca75-3e3e-4901-90f7-d1b20b52b7c1@group-5574A5FA9EF9-cacheEviction-AwaitToRun-AwaitForSignal is interrupted
2024-09-15 17:07:52,617 [412dca75-3e3e-4901-90f7-d1b20b52b7c1-NettyServerStreamRpc-bossGroup--thread1] INFO  logging.LoggingHandler (AbstractInternalLogger.java:log(148)) - [id: 0xff928cf4, L:/0.0.0.0:15210] CLOSE
2024-09-15 17:07:52,617 [412dca75-3e3e-4901-90f7-d1b20b52b7c1-NettyServerStreamRpc-bossGroup--thread1] INFO  logging.LoggingHandler (AbstractInternalLogger.java:log(148)) - [id: 0xff928cf4, L:/0.0.0.0:15210] INACTIVE
2024-09-15 17:07:52,617 [412dca75-3e3e-4901-90f7-d1b20b52b7c1-NettyServerStreamRpc-bossGroup--thread1] INFO  logging.LoggingHandler (AbstractInternalLogger.java:log(148)) - [id: 0xff928cf4, L:/0.0.0.0:15210] UNREGISTERED
2024-09-15 17:07:52,682 [EventQueue-DeadNodeForDeadNodeHandler] INFO  node.DeadNodeHandler (DeadNodeHandler.java:onMessage(95)) - A dead datanode is detected. fdb1bdfc-cd38-46a5-a741-21faac0cf152(localhost/127.0.0.1)
2024-09-15 17:07:52,682 [EventQueue-DeadNodeForDeadNodeHandler] INFO  pipeline.RatisPipelineProvider (RatisPipelineProvider.java:lambda$close$4(270)) - Send pipeline:PipelineID=349c8c24-32be-4db9-8598-8f56dec8fdf9 close command to datanode fdb1bdfc-cd38-46a5-a741-21faac0cf152
2024-09-15 17:07:52,682 [EventQueue-DeadNodeForDeadNodeHandler] INFO  pipeline.PipelineManagerImpl (PipelineManagerImpl.java:removePipeline(459)) - Pipeline Pipeline[ Id: 349c8c24-32be-4db9-8598-8f56dec8fdf9, Nodes: fdb1bdfc-cd38-46a5-a741-21faac0cf152(localhost/127.0.0.1) ReplicaIndex: 0, ReplicationConfig: RATIS/ONE, State:CLOSED, leaderId:fdb1bdfc-cd38-46a5-a741-21faac0cf152, CreationTimestamp2024-09-15T17:07:29.086Z[Etc/UTC]] removed.
2024-09-15 17:07:52,682 [EventQueue-DeadNodeForDeadNodeHandler] INFO  node.DeadNodeHandler (DeadNodeHandler.java:onMessage(108)) - Clearing command queue of size 1 for DN fdb1bdfc-cd38-46a5-a741-21faac0cf152(localhost/127.0.0.1)
2024-09-15 17:07:52,682 [EventQueue-DeadNodeForDeadNodeHandler] INFO  net.NetworkTopologyImpl (NetworkTopologyImpl.java:remove(212)) - Removed a node: /default-rack/fdb1bdfc-cd38-46a5-a741-21faac0cf152
2024-09-15 17:07:52,713 [412dca75-3e3e-4901-90f7-d1b20b52b7c1-impl-thread1] INFO  segmented.SegmentedRaftLogWorker (SegmentedRaftLogWorker.java:close(248)) - 412dca75-3e3e-4901-90f7-d1b20b52b7c1@group-5574A5FA9EF9-SegmentedRaftLogWorker close()
2024-09-15 17:07:52,714 [412dca75-3e3e-4901-90f7-d1b20b52b7c1-impl-thread1] INFO  ratis.ContainerStateMachine (ContainerStateMachine.java:notifyServerShutdown(957)) - group-5574A5FA9EF9 is closed by HddsDatanodeService
2024-09-15 17:07:52,719 [412dca75-3e3e-4901-90f7-d1b20b52b7c1-impl-thread2] INFO  segmented.SegmentedRaftLogWorker (SegmentedRaftLogWorker.java:close(248)) - 412dca75-3e3e-4901-90f7-d1b20b52b7c1@group-B6DA234A1059-SegmentedRaftLogWorker close()
2024-09-15 17:07:52,719 [412dca75-3e3e-4901-90f7-d1b20b52b7c1-impl-thread2] INFO  ratis.ContainerStateMachine (ContainerStateMachine.java:notifyServerShutdown(957)) - group-B6DA234A1059 is closed by HddsDatanodeService
2024-09-15 17:07:52,719 [JvmPauseMonitor27] INFO  util.JvmPauseMonitor (JvmPauseMonitor.java:run(152)) - JvmPauseMonitor-412dca75-3e3e-4901-90f7-d1b20b52b7c1: Stopped
2024-09-15 17:07:52,782 [EventQueue-DeadNodeForDeadNodeHandler] INFO  node.DeadNodeHandler (DeadNodeHandler.java:onMessage(95)) - A dead datanode is detected. 412dca75-3e3e-4901-90f7-d1b20b52b7c1(localhost/127.0.0.1)
2024-09-15 17:07:52,782 [EventQueue-DeadNodeForDeadNodeHandler] INFO  pipeline.RatisPipelineProvider (RatisPipelineProvider.java:lambda$close$4(270)) - Send pipeline:PipelineID=9d02e635-8afc-4354-aedf-5574a5fa9ef9 close command to datanode 412dca75-3e3e-4901-90f7-d1b20b52b7c1
2024-09-15 17:07:52,782 [EventQueue-DeadNodeForDeadNodeHandler] INFO  pipeline.PipelineManagerImpl (PipelineManagerImpl.java:removePipeline(459)) - Pipeline Pipeline[ Id: 9d02e635-8afc-4354-aedf-5574a5fa9ef9, Nodes: 412dca75-3e3e-4901-90f7-d1b20b52b7c1(localhost/127.0.0.1) ReplicaIndex: 0, ReplicationConfig: RATIS/ONE, State:CLOSED, leaderId:412dca75-3e3e-4901-90f7-d1b20b52b7c1, CreationTimestamp2024-09-15T17:07:29.566Z[Etc/UTC]] removed.
2024-09-15 17:07:52,782 [EventQueue-DeadNodeForDeadNodeHandler] INFO  node.DeadNodeHandler (DeadNodeHandler.java:onMessage(108)) - Clearing command queue of size 1 for DN 412dca75-3e3e-4901-90f7-d1b20b52b7c1(localhost/127.0.0.1)
2024-09-15 17:07:52,782 [EventQueue-DeadNodeForDeadNodeHandler] INFO  net.NetworkTopologyImpl (NetworkTopologyImpl.java:remove(212)) - Removed a node: /default-rack/412dca75-3e3e-4901-90f7-d1b20b52b7c1
2024-09-15 17:07:52,782 [EventQueue-DeadNodeForDeadNodeHandler] INFO  node.DeadNodeHandler (DeadNodeHandler.java:onMessage(95)) - A dead datanode is detected. c2143be1-a980-4ca9-9b44-5c7f6a3ce2c0(localhost/127.0.0.1)
2024-09-15 17:07:52,782 [EventQueue-DeadNodeForDeadNodeHandler] INFO  pipeline.RatisPipelineProvider (RatisPipelineProvider.java:lambda$close$4(270)) - Send pipeline:PipelineID=fac42d6e-3b68-4e87-9f93-05952570bab2 close command to datanode c2143be1-a980-4ca9-9b44-5c7f6a3ce2c0
2024-09-15 17:07:52,783 [EventQueue-DeadNodeForDeadNodeHandler] INFO  pipeline.PipelineManagerImpl (PipelineManagerImpl.java:removePipeline(459)) - Pipeline Pipeline[ Id: fac42d6e-3b68-4e87-9f93-05952570bab2, Nodes: c2143be1-a980-4ca9-9b44-5c7f6a3ce2c0(localhost/127.0.0.1) ReplicaIndex: 0, ReplicationConfig: RATIS/ONE, State:CLOSED, leaderId:c2143be1-a980-4ca9-9b44-5c7f6a3ce2c0, CreationTimestamp2024-09-15T17:07:29.326Z[Etc/UTC]] removed.
2024-09-15 17:07:52,783 [EventQueue-DeadNodeForDeadNodeHandler] INFO  node.DeadNodeHandler (DeadNodeHandler.java:onMessage(108)) - Clearing command queue of size 1 for DN c2143be1-a980-4ca9-9b44-5c7f6a3ce2c0(localhost/127.0.0.1)
2024-09-15 17:07:52,783 [EventQueue-DeadNodeForDeadNodeHandler] INFO  net.NetworkTopologyImpl (NetworkTopologyImpl.java:remove(212)) - Removed a node: /default-rack/c2143be1-a980-4ca9-9b44-5c7f6a3ce2c0
2024-09-15 17:07:54,721 [ForkJoinPool.commonPool-worker-2] INFO  utils.DatanodeStoreCache (DatanodeStoreCache.java:shutdownCache(116)) - Skip clearing cache in mini cluster mode. Entries left: [/home/runner/work/ozone/ozone/hadoop-ozone/integration-test/target/test-dir/MiniOzoneClusterImpl-eca91e6c-a84b-4041-8679-4afba91b5587/ozone-meta/datanode-5/data-0/hdds/eca91e6c-a84b-4041-8679-4afba91b5587/DS-c799a723-692b-4ad4-98a3-376473112b05/container.db]
2024-09-15 17:07:54,723 [ForkJoinPool.commonPool-worker-2] INFO  utils.DatanodeStoreCache (DatanodeStoreCache.java:removeDB(110)) - Removed db /home/runner/work/ozone/ozone/hadoop-ozone/integration-test/target/test-dir/MiniOzoneClusterImpl-eca91e6c-a84b-4041-8679-4afba91b5587/ozone-meta/datanode-5/data-0/hdds/eca91e6c-a84b-4041-8679-4afba91b5587/DS-c799a723-692b-4ad4-98a3-376473112b05/container.db from cache
2024-09-15 17:07:54,723 [ForkJoinPool.commonPool-worker-2] INFO  volume.HddsVolume (HddsVolume.java:closeDbStore(462)) - SchemaV3 db is stopped at /home/runner/work/ozone/ozone/hadoop-ozone/integration-test/target/test-dir/MiniOzoneClusterImpl-eca91e6c-a84b-4041-8679-4afba91b5587/ozone-meta/datanode-5/data-0/hdds/eca91e6c-a84b-4041-8679-4afba91b5587/DS-c799a723-692b-4ad4-98a3-376473112b05/container.db for volume DS-c799a723-692b-4ad4-98a3-376473112b05
2024-09-15 17:07:54,723 [ForkJoinPool.commonPool-worker-2] INFO  utils.BackgroundService (BackgroundService.java:shutdown(163)) - Shutting down service BlockDeletingService
2024-09-15 17:07:54,723 [ForkJoinPool.commonPool-worker-2] INFO  utils.BackgroundService (BackgroundService.java:shutdown(163)) - Shutting down service StaleRecoveringContainerScrubbingService
2024-09-15 17:07:54,723 [ForkJoinPool.commonPool-worker-2] INFO  statemachine.DatanodeStateMachine (DatanodeStateMachine.java:stopDaemon(626)) - Ozone container server stopped.
2024-09-15 17:07:54,736 [ForkJoinPool.commonPool-worker-2] INFO  handler.ContextHandler (ContextHandler.java:doStop(1159)) - Stopped o.e.j.w.WebAppContext@2d17c0ab{hddsDatanode,/,null,STOPPED}{jar:file:/home/runner/work/ozone/ozone/hadoop-hdds/container-service/target/hdds-container-service-1.5.0-SNAPSHOT.jar!/webapps/hddsDatanode}
2024-09-15 17:07:54,736 [ForkJoinPool.commonPool-worker-2] INFO  server.AbstractConnector (AbstractConnector.java:doStop(383)) - Stopped ServerConnector@6ec5e204{HTTP/1.1, (http/1.1)}{0.0.0.0:15204}
2024-09-15 17:07:54,736 [ForkJoinPool.commonPool-worker-2] INFO  server.session (HouseKeeper.java:stopScavenging(149)) - node0 Stopped scavenging
2024-09-15 17:07:54,737 [ForkJoinPool.commonPool-worker-2] INFO  handler.ContextHandler (ContextHandler.java:doStop(1159)) - Stopped o.e.j.s.ServletContextHandler@4292a5c6{static,/static,jar:file:/home/runner/work/ozone/ozone/hadoop-hdds/container-service/target/hdds-container-service-1.5.0-SNAPSHOT.jar!/webapps/static,STOPPED}
2024-09-15 17:07:54,737 [ForkJoinPool.commonPool-worker-2] INFO  handler.ContextHandler (ContextHandler.java:doStop(1159)) - Stopped o.e.j.s.ServletContextHandler@7f4f31c1{logs,/logs,file:///home/runner/work/ozone/ozone/hadoop-ozone/integration-test/target/log,STOPPED}
2024-09-15 17:07:54,737 [ForkJoinPool.commonPool-worker-2] INFO  ozone.HddsDatanodeClientProtocolServer (HddsDatanodeClientProtocolServer.java:stop(85)) - Stopping the RPC server for Client Protocol
2024-09-15 17:07:54,737 [ForkJoinPool.commonPool-worker-2] INFO  ipc.Server (Server.java:stop(3523)) - Stopping server on 15205
2024-09-15 17:07:54,738 [IPC Server listener on 15205] INFO  ipc.Server (Server.java:run(1434)) - Stopping IPC Server listener on 15205
2024-09-15 17:07:54,739 [main] INFO  ozone.MiniOzoneClusterImpl (MiniOzoneClusterImpl.java:stopSCM(500)) - Stopping the StorageContainerManager
2024-09-15 17:07:54,739 [main] INFO  server.StorageContainerManager (StorageContainerManager.java:stop(1649)) - Container Balancer is not running.
2024-09-15 17:07:54,739 [main] INFO  server.StorageContainerManager (StorageContainerManager.java:stopReplicationManager(1787)) - Stopping Replication Manager Service.
2024-09-15 17:07:54,739 [main] INFO  replication.ReplicationManager (ReplicationManager.java:stop(329)) - Stopping Replication Monitor Thread.
2024-09-15 17:07:54,738 [IPC Server Responder] INFO  ipc.Server (Server.java:run(1567)) - Stopping IPC Server Responder
2024-09-15 17:07:54,739 [ReplicationMonitor] INFO  replication.ReplicationManager (ReplicationManager.java:run(938)) - Replication Monitor Thread is stopped
2024-09-15 17:07:54,739 [main] INFO  server.StorageContainerManager (StorageContainerManager.java:stop(1658)) - Stopping the Datanode Admin Monitor.
2024-09-15 17:07:54,739 [UnderReplicatedProcessor] WARN  replication.UnhealthyReplicationProcessor (UnhealthyReplicationProcessor.java:run(180)) - UnderReplicatedProcessor interrupted. Exiting...
2024-09-15 17:07:54,740 [main] INFO  server.StorageContainerManager (StorageContainerManager.java:stop(1665)) - Stopping datanode service RPC server
2024-09-15 17:07:54,740 [main] INFO  server.SCMDatanodeProtocolServer (SCMDatanodeProtocolServer.java:stop(430)) - Stopping the RPC server for DataNodes
2024-09-15 17:07:54,740 [main] INFO  ipc.Server (Server.java:stop(3523)) - Stopping server on 15161
2024-09-15 17:07:54,740 [OverReplicatedProcessor] WARN  replication.UnhealthyReplicationProcessor (UnhealthyReplicationProcessor.java:run(180)) - OverReplicatedProcessor interrupted. Exiting...
2024-09-15 17:07:54,743 [IPC Server listener on 15161] INFO  ipc.Server (Server.java:run(1434)) - Stopping IPC Server listener on 15161
2024-09-15 17:07:54,743 [IPC Server Responder] INFO  ipc.Server (Server.java:run(1567)) - Stopping IPC Server Responder
2024-09-15 17:07:54,783 [SCMHeartbeatProcessor-0] WARN  node.NodeStateManager (NodeStateManager.java:scheduleNextHealthCheck(935)) - Current Thread is interrupted, shutting down HB processing thread for Node Manager.
2024-09-15 17:07:54,783 [main] INFO  server.StorageContainerManager (StorageContainerManager.java:stop(1673)) - Stopping block service RPC server
2024-09-15 17:07:54,783 [main] INFO  server.SCMBlockProtocolServer (SCMBlockProtocolServer.java:stop(181)) - Stopping the RPC server for Block Protocol
2024-09-15 17:07:54,784 [main] INFO  ipc.Server (Server.java:stop(3523)) - Stopping server on 15160
2024-09-15 17:07:54,786 [IPC Server listener on 15160] INFO  ipc.Server (Server.java:run(1434)) - Stopping IPC Server listener on 15160
2024-09-15 17:07:54,786 [main] INFO  server.StorageContainerManager (StorageContainerManager.java:stop(1680)) - Stopping the StorageContainerLocationProtocol RPC server
2024-09-15 17:07:54,786 [IPC Server Responder] INFO  ipc.Server (Server.java:run(1567)) - Stopping IPC Server Responder
2024-09-15 17:07:54,787 [main] INFO  server.SCMClientProtocolServer (SCMClientProtocolServer.java:stop(222)) - Stopping the RPC server for Client Protocol
2024-09-15 17:07:54,787 [main] INFO  ipc.Server (Server.java:stop(3523)) - Stopping server on 15159
2024-09-15 17:07:54,789 [IPC Server listener on 15159] INFO  ipc.Server (Server.java:run(1434)) - Stopping IPC Server listener on 15159
2024-09-15 17:07:54,789 [IPC Server Responder] INFO  ipc.Server (Server.java:run(1567)) - Stopping IPC Server Responder
2024-09-15 17:07:54,790 [main] INFO  server.StorageContainerManager (StorageContainerManager.java:stop(1687)) - Stopping Storage Container Manager HTTP server.
2024-09-15 17:07:54,790 [main] INFO  handler.ContextHandler (ContextHandler.java:doStop(1159)) - Stopped o.e.j.w.WebAppContext@722b2b27{scm,/,null,STOPPED}{file:/home/runner/work/ozone/ozone/hadoop-ozone/integration-test/target/test-classes/webapps/scm}
2024-09-15 17:07:54,791 [main] INFO  server.AbstractConnector (AbstractConnector.java:doStop(383)) - Stopped ServerConnector@48a537f5{HTTP/1.1, (http/1.1)}{0.0.0.0:15162}
2024-09-15 17:07:54,791 [main] INFO  server.session (HouseKeeper.java:stopScavenging(149)) - node0 Stopped scavenging
2024-09-15 17:07:54,792 [main] INFO  handler.ContextHandler (ContextHandler.java:doStop(1159)) - Stopped o.e.j.s.ServletContextHandler@2f89f4ff{static,/static,file:///home/runner/work/ozone/ozone/hadoop-ozone/integration-test/target/test-classes/webapps/static,STOPPED}
2024-09-15 17:07:54,792 [main] INFO  handler.ContextHandler (ContextHandler.java:doStop(1159)) - Stopped o.e.j.s.ServletContextHandler@477ad3b6{logs,/logs,file:///home/runner/work/ozone/ozone/hadoop-ozone/integration-test/target/log,STOPPED}
2024-09-15 17:07:54,793 [main] INFO  server.StorageContainerManager (StorageContainerManager.java:stop(1695)) - Stopping SCM LayoutVersionManager Service.
2024-09-15 17:07:54,793 [main] INFO  server.StorageContainerManager (StorageContainerManager.java:stop(1707)) - Stopping Block Manager Service.
2024-09-15 17:07:54,793 [main] INFO  utils.BackgroundService (BackgroundService.java:shutdown(163)) - Shutting down service SCMBlockDeletingService
2024-09-15 17:07:54,794 [main] INFO  utils.BackgroundService (BackgroundService.java:shutdown(163)) - Shutting down service SCMBlockDeletingService
2024-09-15 17:07:54,794 [main] INFO  server.StorageContainerManager (StorageContainerManager.java:stop(1732)) - Stopping SCM Event Queue.
2024-09-15 17:07:54,795 [JvmPauseMonitor21] INFO  util.JvmPauseMonitor (JvmPauseMonitor.java:run(152)) - JvmPauseMonitor-a103bad1-dc0f-4037-a907-f01acd436874: Stopped
2024-09-15 17:07:54,795 [main] INFO  server.StorageContainerManager (StorageContainerManager.java:stop(1743)) - Stopping SCM HA services.
2024-09-15 17:07:54,796 [main] INFO  pipeline.BackgroundPipelineCreator (BackgroundPipelineCreator.java:stop(152)) - Stopping RatisPipelineUtilsThread.
2024-09-15 17:07:54,796 [RatisPipelineUtilsThread-0] WARN  pipeline.BackgroundPipelineCreator (BackgroundPipelineCreator.java:run(183)) - RatisPipelineUtilsThread is interrupted.
2024-09-15 17:07:54,796 [main] INFO  BackgroundPipelineScrubber (BackgroundSCMService.java:stop(128)) - Stopping BackgroundPipelineScrubber Service.
2024-09-15 17:07:54,796 [BackgroundPipelineScrubber] WARN  BackgroundPipelineScrubber (BackgroundSCMService.java:run(112)) - BackgroundPipelineScrubber is interrupted, exit
2024-09-15 17:07:54,796 [main] INFO  impl.MetricsSystemImpl (MetricsSystemImpl.java:stop(210)) - Stopping HddsDatanode metrics system...
2024-09-15 17:07:54,798 [prometheus] INFO  impl.MetricsSinkAdapter (MetricsSinkAdapter.java:publishMetricsFromQueue(141)) - prometheus thread interrupted.
2024-09-15 17:07:54,798 [main] INFO  impl.MetricsSystemImpl (MetricsSystemImpl.java:stop(216)) - HddsDatanode metrics system stopped.
2024-09-15 17:07:54,798 [main] WARN  pipeline.BackgroundPipelineCreator (BackgroundPipelineCreator.java:stop(148)) - RatisPipelineUtilsThread is not running, just ignore.
2024-09-15 17:07:54,798 [main] INFO  BackgroundPipelineScrubber (BackgroundSCMService.java:stop(123)) - BackgroundPipelineScrubber Service is not running, skip stop.
2024-09-15 17:07:54,799 [main] INFO  ExpiredContainerReplicaOpScrubber (BackgroundSCMService.java:stop(128)) - Stopping ExpiredContainerReplicaOpScrubber Service.
2024-09-15 17:07:54,799 [ExpiredContainerReplicaOpScrubber] WARN  ExpiredContainerReplicaOpScrubber (BackgroundSCMService.java:run(112)) - ExpiredContainerReplicaOpScrubber is interrupted, exit
2024-09-15 17:07:54,799 [main] INFO  utils.BackgroundService (BackgroundService.java:shutdown(163)) - Shutting down service SCMBlockDeletingService
2024-09-15 17:07:54,800 [main] INFO  replication.ReplicationManager (ReplicationManager.java:stop(339)) - Replication Monitor Thread is not running.
2024-09-15 17:07:54,800 [main] WARN  balancer.ContainerBalancer (ContainerBalancer.java:stop(349)) - Cannot stop Container Balancer because it's not running or stopping
2024-09-15 17:07:54,800 [main] INFO  server.StorageContainerManager (StorageContainerManager.java:stop(1778)) - Stopping SCM MetadataStore.
]]></system-out>
  </testcase>
  <testcase name="testDatanodeFailureWithPreAllocation(boolean, boolean)[1]" classname="org.apache.hadoop.ozone.client.rpc.TestBlockOutputStreamWithFailures" time="71.098"/>
  <testcase name="testDatanodeFailureWithPreAllocation(boolean, boolean)[2]" classname="org.apache.hadoop.ozone.client.rpc.TestBlockOutputStreamWithFailures" time="66.522"/>
  <testcase name="testDatanodeFailureWithPreAllocation(boolean, boolean)[3]" classname="org.apache.hadoop.ozone.client.rpc.TestBlockOutputStreamWithFailures" time="59.694"/>
  <testcase name="testDatanodeFailureWithPreAllocation(boolean, boolean)[4]" classname="org.apache.hadoop.ozone.client.rpc.TestBlockOutputStreamWithFailures" time="68.319"/>
  <testcase name="testContainerClose(boolean, boolean)[1]" classname="org.apache.hadoop.ozone.client.rpc.TestBlockOutputStreamWithFailures" time="34.99"/>
  <testcase name="testContainerClose(boolean, boolean)[2]" classname="org.apache.hadoop.ozone.client.rpc.TestBlockOutputStreamWithFailures" time="32.524"/>
  <testcase name="testContainerClose(boolean, boolean)[3]" classname="org.apache.hadoop.ozone.client.rpc.TestBlockOutputStreamWithFailures" time="33.503"/>
  <testcase name="testContainerClose(boolean, boolean)[4]" classname="org.apache.hadoop.ozone.client.rpc.TestBlockOutputStreamWithFailures" time="33.393"/>
</testsuite>