<?xml version="1.0" encoding="UTF-8"?>
<testsuite xmlns:xsi="http://www.w3.org/2001/XMLSchema-instance" xsi:noNamespaceSchemaLocation="https://maven.apache.org/surefire/maven-surefire-plugin/xsd/surefire-test-report.xsd" name="org.apache.hadoop.ozone.TestMiniOzoneCluster" time="238.864" tests="5" errors="1" skipped="0" failures="0">
  <properties>
    <property name="awt.toolkit" value="sun.awt.X11.XToolkit"/>
    <property name="file.encoding.pkg" value="sun.io"/>
    <property name="java.specification.version" value="1.8"/>
    <property name="sun.cpu.isalist" value=""/>
    <property name="sun.jnu.encoding" value="UTF-8"/>
    <property name="java.class.path" value="/home/runner/work/ozone/ozone/hadoop-ozone/integration-test/target/test-classes:/home/runner/work/ozone/ozone/hadoop-ozone/integration-test/target/classes:/home/runner/.m2/repository/org/apache/ozone/ozone-common/1.3.0-SNAPSHOT/ozone-common-1.3.0-SNAPSHOT.jar:/home/runner/.m2/repository/org/apache/commons/commons-compress/1.21/commons-compress-1.21.jar:/home/runner/.m2/repository/org/apache/ozone/hdds-common/1.3.0-SNAPSHOT/hdds-common-1.3.0-SNAPSHOT.jar:/home/runner/.m2/repository/org/apache/ozone/hdds-client/1.3.0-SNAPSHOT/hdds-client-1.3.0-SNAPSHOT.jar:/home/runner/.m2/repository/org/apache/ozone/ozone-interface-client/1.3.0-SNAPSHOT/ozone-interface-client-1.3.0-SNAPSHOT.jar:/home/runner/.m2/repository/org/apache/ozone/hdds-test-utils/1.3.0-SNAPSHOT/hdds-test-utils-1.3.0-SNAPSHOT.jar:/home/runner/.m2/repository/com/google/guava/guava/30.1.1-jre/guava-30.1.1-jre.jar:/home/runner/.m2/repository/com/google/guava/failureaccess/1.0.1/failureaccess-1.0.1.jar:/home/runner/.m2/repository/com/google/guava/listenablefuture/9999.0-empty-to-avoid-conflict-with-guava/listenablefuture-9999.0-empty-to-avoid-conflict-with-guava.jar:/home/runner/.m2/repository/com/google/code/findbugs/jsr305/3.0.0/jsr305-3.0.0.jar:/home/runner/.m2/repository/org/checkerframework/checker-qual/3.8.0/checker-qual-3.8.0.jar:/home/runner/.m2/repository/com/google/errorprone/error_prone_annotations/2.2.0/error_prone_annotations-2.2.0.jar:/home/runner/.m2/repository/com/google/j2objc/j2objc-annotations/1.3/j2objc-annotations-1.3.jar:/home/runner/.m2/repository/commons-io/commons-io/2.11.0/commons-io-2.11.0.jar:/home/runner/.m2/repository/commons-logging/commons-logging/1.2/commons-logging-1.2.jar:/home/runner/.m2/repository/log4j/log4j/1.2.17/log4j-1.2.17.jar:/home/runner/.m2/repository/org/slf4j/slf4j-api/1.7.30/slf4j-api-1.7.30.jar:/home/runner/.m2/repository/org/apache/ozone/hdds-server-scm/1.3.0-SNAPSHOT/hdds-server-scm-1.3.0-SNAPSHOT.jar:/home/runner/.m2/repository/org/apache/ozone/hdds-container-service/1.3.0-SNAPSHOT/hdds-container-service-1.3.0-SNAPSHOT.jar:/home/runner/.m2/repository/org/apache/ozone/hdds-hadoop-dependency-server/1.3.0-SNAPSHOT/hdds-hadoop-dependency-server-1.3.0-SNAPSHOT.jar:/home/runner/.m2/repository/org/apache/hadoop/hadoop-hdfs/3.3.1/hadoop-hdfs-3.3.1.jar:/home/runner/.m2/repository/org/apache/ozone/hdds-server-framework/1.3.0-SNAPSHOT/hdds-server-framework-1.3.0-SNAPSHOT.jar:/home/runner/.m2/repository/org/apache/ozone/hdds-interface-server/1.3.0-SNAPSHOT/hdds-interface-server-1.3.0-SNAPSHOT.jar:/home/runner/.m2/repository/org/eclipse/jetty/jetty-servlet/9.4.43.v20210629/jetty-servlet-9.4.43.v20210629.jar:/home/runner/.m2/repository/org/eclipse/jetty/jetty-security/9.4.43.v20210629/jetty-security-9.4.43.v20210629.jar:/home/runner/.m2/repository/org/rocksdb/rocksdbjni/6.25.3/rocksdbjni-6.25.3.jar:/home/runner/.m2/repository/io/prometheus/simpleclient_dropwizard/0.7.0/simpleclient_dropwizard-0.7.0.jar:/home/runner/.m2/repository/io/prometheus/simpleclient/0.7.0/simpleclient-0.7.0.jar:/home/runner/.m2/repository/io/prometheus/simpleclient_common/0.7.0/simpleclient_common-0.7.0.jar:/home/runner/.m2/repository/com/fasterxml/jackson/datatype/jackson-datatype-jsr310/2.12.1/jackson-datatype-jsr310-2.12.1.jar:/home/runner/.m2/repository/io/dropwizard/metrics/metrics-core/3.2.4/metrics-core-3.2.4.jar:/home/runner/.m2/repository/org/apache/hadoop/hadoop-hdfs-client/3.3.1/hadoop-hdfs-client-3.3.1.jar:/home/runner/.m2/repository/org/bouncycastle/bcprov-jdk15on/1.67/bcprov-jdk15on-1.67.jar:/home/runner/.m2/repository/com/google/protobuf/protobuf-java/2.5.0/protobuf-java-2.5.0.jar:/home/runner/.m2/repository/org/apache/ozone/ozone-manager/1.3.0-SNAPSHOT/ozone-manager-1.3.0-SNAPSHOT.jar:/home/runner/.m2/repository/org/aspectj/aspectjrt/1.9.7/aspectjrt-1.9.7.jar:/home/runner/.m2/repository/org/aspectj/aspectjweaver/1.9.7/aspectjweaver-1.9.7.jar:/home/runner/.m2/repository/org/apache/ozone/hdds-interface-client/1.3.0-SNAPSHOT/hdds-interface-client-1.3.0-SNAPSHOT.jar:/home/runner/.m2/repository/org/apache/hadoop/thirdparty/hadoop-shaded-protobuf_3_7/1.1.1/hadoop-shaded-protobuf_3_7-1.1.1.jar:/home/runner/.m2/repository/org/apache/ozone/ozone-interface-storage/1.3.0-SNAPSHOT/ozone-interface-storage-1.3.0-SNAPSHOT.jar:/home/runner/.m2/repository/org/reflections/reflections/0.9.11/reflections-0.9.11.jar:/home/runner/.m2/repository/org/apache/hadoop/hadoop-minikdc/3.3.1/hadoop-minikdc-3.3.1.jar:/home/runner/.m2/repository/org/apache/kerby/kerb-simplekdc/1.0.1/kerb-simplekdc-1.0.1.jar:/home/runner/.m2/repository/org/apache/kerby/kerb-client/1.0.1/kerb-client-1.0.1.jar:/home/runner/.m2/repository/org/apache/kerby/kerby-config/1.0.1/kerby-config-1.0.1.jar:/home/runner/.m2/repository/org/apache/kerby/kerb-common/1.0.1/kerb-common-1.0.1.jar:/home/runner/.m2/repository/org/apache/kerby/kerb-crypto/1.0.1/kerb-crypto-1.0.1.jar:/home/runner/.m2/repository/org/apache/kerby/kerb-util/1.0.1/kerb-util-1.0.1.jar:/home/runner/.m2/repository/org/apache/kerby/token-provider/1.0.1/token-provider-1.0.1.jar:/home/runner/.m2/repository/org/apache/kerby/kerb-admin/1.0.1/kerb-admin-1.0.1.jar:/home/runner/.m2/repository/org/apache/kerby/kerb-server/1.0.1/kerb-server-1.0.1.jar:/home/runner/.m2/repository/org/apache/kerby/kerb-identity/1.0.1/kerb-identity-1.0.1.jar:/home/runner/.m2/repository/org/apache/kerby/kerby-xdr/1.0.1/kerby-xdr-1.0.1.jar:/home/runner/.m2/repository/org/slf4j/slf4j-log4j12/1.7.30/slf4j-log4j12-1.7.30.jar:/home/runner/.m2/repository/org/apache/ozone/ozone-s3gateway/1.3.0-SNAPSHOT/ozone-s3gateway-1.3.0-SNAPSHOT.jar:/home/runner/.m2/repository/org/javassist/javassist/3.21.0-GA/javassist-3.21.0-GA.jar:/home/runner/.m2/repository/org/jboss/weld/servlet/weld-servlet/2.4.7.Final/weld-servlet-2.4.7.Final.jar:/home/runner/.m2/repository/org/glassfish/jersey/containers/jersey-container-servlet-core/2.33/jersey-container-servlet-core-2.33.jar:/home/runner/.m2/repository/org/glassfish/hk2/external/jakarta.inject/2.6.1/jakarta.inject-2.6.1.jar:/home/runner/.m2/repository/org/glassfish/jersey/core/jersey-common/2.33/jersey-common-2.33.jar:/home/runner/.m2/repository/jakarta/ws/rs/jakarta.ws.rs-api/2.1.6/jakarta.ws.rs-api-2.1.6.jar:/home/runner/.m2/repository/org/glassfish/jersey/ext/cdi/jersey-cdi1x/2.33/jersey-cdi1x-2.33.jar:/home/runner/.m2/repository/org/glassfish/jersey/inject/jersey-hk2/2.33/jersey-hk2-2.33.jar:/home/runner/.m2/repository/org/glassfish/hk2/hk2-locator/2.6.1/hk2-locator-2.6.1.jar:/home/runner/.m2/repository/org/glassfish/jersey/media/jersey-media-jaxb/2.33/jersey-media-jaxb-2.33.jar:/home/runner/.m2/repository/org/glassfish/hk2/osgi-resource-locator/1.0.3/osgi-resource-locator-1.0.3.jar:/home/runner/.m2/repository/org/glassfish/hk2/hk2-api/2.5.0/hk2-api-2.5.0.jar:/home/runner/.m2/repository/org/glassfish/hk2/hk2-utils/2.5.0/hk2-utils-2.5.0.jar:/home/runner/.m2/repository/org/glassfish/hk2/external/aopalliance-repackaged/2.5.0/aopalliance-repackaged-2.5.0.jar:/home/runner/.m2/repository/com/fasterxml/jackson/dataformat/jackson-dataformat-xml/2.12.1/jackson-dataformat-xml-2.12.1.jar:/home/runner/.m2/repository/com/fasterxml/jackson/core/jackson-core/2.12.1/jackson-core-2.12.1.jar:/home/runner/.m2/repository/com/fasterxml/jackson/module/jackson-module-jaxb-annotations/2.12.1/jackson-module-jaxb-annotations-2.12.1.jar:/home/runner/.m2/repository/jakarta/xml/bind/jakarta.xml.bind-api/2.3.2/jakarta.xml.bind-api-2.3.2.jar:/home/runner/.m2/repository/org/codehaus/woodstox/stax2-api/3.1.4/stax2-api-3.1.4.jar:/home/runner/.m2/repository/com/fasterxml/woodstox/woodstox-core/5.0.3/woodstox-core-5.0.3.jar:/home/runner/.m2/repository/javax/enterprise/cdi-api/1.2/cdi-api-1.2.jar:/home/runner/.m2/repository/javax/el/javax.el-api/3.0.0/javax.el-api-3.0.0.jar:/home/runner/.m2/repository/javax/interceptor/javax.interceptor-api/1.2/javax.interceptor-api-1.2.jar:/home/runner/.m2/repository/javax/inject/javax.inject/1/javax.inject-1.jar:/home/runner/.m2/repository/javax/xml/bind/jaxb-api/2.3.0/jaxb-api-2.3.0.jar:/home/runner/.m2/repository/org/glassfish/jaxb/jaxb-runtime/2.3.0.1/jaxb-runtime-2.3.0.1.jar:/home/runner/.m2/repository/org/glassfish/jaxb/jaxb-core/2.3.0.1/jaxb-core-2.3.0.1.jar:/home/runner/.m2/repository/org/glassfish/jaxb/txw2/2.3.0.1/txw2-2.3.0.1.jar:/home/runner/.m2/repository/com/sun/istack/istack-commons-runtime/3.0.5/istack-commons-runtime-3.0.5.jar:/home/runner/.m2/repository/org/jvnet/staxex/stax-ex/1.7.8/stax-ex-1.7.8.jar:/home/runner/.m2/repository/com/sun/xml/fastinfoset/FastInfoset/1.2.13/FastInfoset-1.2.13.jar:/home/runner/.m2/repository/javax/activation/activation/1.1.1/activation-1.1.1.jar:/home/runner/.m2/repository/org/apache/ozone/ozone-csi/1.3.0-SNAPSHOT/ozone-csi-1.3.0-SNAPSHOT.jar:/home/runner/.m2/repository/com/google/protobuf/protobuf-java-util/3.12.0/protobuf-java-util-3.12.0.jar:/home/runner/.m2/repository/com/google/code/gson/gson/2.2.4/gson-2.2.4.jar:/home/runner/.m2/repository/org/apache/ozone/hdds-config/1.3.0-SNAPSHOT/hdds-config-1.3.0-SNAPSHOT.jar:/home/runner/.m2/repository/io/grpc/grpc-netty/1.33.0/grpc-netty-1.33.0.jar:/home/runner/.m2/repository/io/grpc/grpc-core/1.33.0/grpc-core-1.33.0.jar:/home/runner/.m2/repository/com/google/android/annotations/4.1.1.4/annotations-4.1.1.4.jar:/home/runner/.m2/repository/io/netty/netty-codec-http2/4.1.63.Final/netty-codec-http2-4.1.63.Final.jar:/home/runner/.m2/repository/io/netty/netty-codec-http/4.1.63.Final/netty-codec-http-4.1.63.Final.jar:/home/runner/.m2/repository/io/netty/netty-handler-proxy/4.1.63.Final/netty-handler-proxy-4.1.63.Final.jar:/home/runner/.m2/repository/io/netty/netty-codec-socks/4.1.63.Final/netty-codec-socks-4.1.63.Final.jar:/home/runner/.m2/repository/io/perfmark/perfmark-api/0.19.0/perfmark-api-0.19.0.jar:/home/runner/.m2/repository/org/codehaus/mojo/animal-sniffer-annotations/1.18/animal-sniffer-annotations-1.18.jar:/home/runner/.m2/repository/io/netty/netty-transport-native-epoll/4.1.63.Final/netty-transport-native-epoll-4.1.63.Final.jar:/home/runner/.m2/repository/io/netty/netty-common/4.1.63.Final/netty-common-4.1.63.Final.jar:/home/runner/.m2/repository/io/netty/netty-buffer/4.1.63.Final/netty-buffer-4.1.63.Final.jar:/home/runner/.m2/repository/io/netty/netty-transport-native-unix-common/4.1.63.Final/netty-transport-native-unix-common-4.1.63.Final.jar:/home/runner/.m2/repository/io/grpc/grpc-protobuf/1.33.0/grpc-protobuf-1.33.0.jar:/home/runner/.m2/repository/io/grpc/grpc-api/1.33.0/grpc-api-1.33.0.jar:/home/runner/.m2/repository/io/grpc/grpc-context/1.33.0/grpc-context-1.33.0.jar:/home/runner/.m2/repository/com/google/api/grpc/proto-google-common-protos/1.17.0/proto-google-common-protos-1.17.0.jar:/home/runner/.m2/repository/io/grpc/grpc-protobuf-lite/1.33.0/grpc-protobuf-lite-1.33.0.jar:/home/runner/.m2/repository/io/grpc/grpc-stub/1.33.0/grpc-stub-1.33.0.jar:/home/runner/.m2/repository/org/apache/ozone/ozone-recon/1.3.0-SNAPSHOT/ozone-recon-1.3.0-SNAPSHOT.jar:/home/runner/.m2/repository/org/apache/ozone/ozone-reconcodegen/1.3.0-SNAPSHOT/ozone-reconcodegen-1.3.0-SNAPSHOT.jar:/home/runner/.m2/repository/com/google/inject/extensions/guice-multibindings/4.0/guice-multibindings-4.0.jar:/home/runner/.m2/repository/com/google/inject/guice/4.0/guice-4.0.jar:/home/runner/.m2/repository/aopalliance/aopalliance/1.0/aopalliance-1.0.jar:/home/runner/.m2/repository/com/google/inject/extensions/guice-assistedinject/4.0/guice-assistedinject-4.0.jar:/home/runner/.m2/repository/com/google/inject/extensions/guice-servlet/4.0/guice-servlet-4.0.jar:/home/runner/.m2/repository/org/glassfish/jersey/containers/jersey-container-servlet/2.33/jersey-container-servlet-2.33.jar:/home/runner/.m2/repository/org/glassfish/hk2/guice-bridge/2.5.0/guice-bridge-2.5.0.jar:/home/runner/.m2/repository/org/glassfish/jersey/core/jersey-server/2.33/jersey-server-2.33.jar:/home/runner/.m2/repository/org/glassfish/jersey/core/jersey-client/2.33/jersey-client-2.33.jar:/home/runner/.m2/repository/jakarta/annotation/jakarta.annotation-api/1.3.5/jakarta.annotation-api-1.3.5.jar:/home/runner/.m2/repository/jakarta/validation/jakarta.validation-api/2.0.2/jakarta.validation-api-2.0.2.jar:/home/runner/.m2/repository/org/glassfish/jersey/media/jersey-media-json-jackson/2.33/jersey-media-json-jackson-2.33.jar:/home/runner/.m2/repository/org/glassfish/jersey/ext/jersey-entity-filtering/2.33/jersey-entity-filtering-2.33.jar:/home/runner/.m2/repository/org/jooq/jooq/3.11.10/jooq-3.11.10.jar:/home/runner/.m2/repository/org/jooq/jooq-meta/3.11.10/jooq-meta-3.11.10.jar:/home/runner/.m2/repository/org/jooq/jooq-codegen/3.11.10/jooq-codegen-3.11.10.jar:/home/runner/.m2/repository/com/jolbox/bonecp/0.8.0.RELEASE/bonecp-0.8.0.RELEASE.jar:/home/runner/.m2/repository/org/apache/derby/derby/10.14.2.0/derby-10.14.2.0.jar:/home/runner/.m2/repository/org/xerial/sqlite-jdbc/3.25.2/sqlite-jdbc-3.25.2.jar:/home/runner/.m2/repository/org/springframework/spring-jdbc/5.2.18.RELEASE/spring-jdbc-5.2.18.RELEASE.jar:/home/runner/.m2/repository/org/springframework/spring-beans/5.2.18.RELEASE/spring-beans-5.2.18.RELEASE.jar:/home/runner/.m2/repository/org/springframework/spring-core/5.2.18.RELEASE/spring-core-5.2.18.RELEASE.jar:/home/runner/.m2/repository/org/springframework/spring-jcl/5.2.18.RELEASE/spring-jcl-5.2.18.RELEASE.jar:/home/runner/.m2/repository/org/springframework/spring-tx/5.2.18.RELEASE/spring-tx-5.2.18.RELEASE.jar:/home/runner/.m2/repository/org/apache/ozone/ozone-client/1.3.0-SNAPSHOT/ozone-client-1.3.0-SNAPSHOT.jar:/home/runner/.m2/repository/org/apache/ozone/ozone-filesystem/1.3.0-SNAPSHOT/ozone-filesystem-1.3.0-SNAPSHOT.jar:/home/runner/.m2/repository/org/apache/ozone/ozone-filesystem-common/1.3.0-SNAPSHOT/ozone-filesystem-common-1.3.0-SNAPSHOT.jar:/home/runner/.m2/repository/org/apache/ozone/ozone-tools/1.3.0-SNAPSHOT/ozone-tools-1.3.0-SNAPSHOT.jar:/home/runner/.m2/repository/org/apache/ratis/ratis-tools/2.2.0/ratis-tools-2.2.0.jar:/home/runner/.m2/repository/com/amazonaws/aws-java-sdk-core/1.12.124/aws-java-sdk-core-1.12.124.jar:/home/runner/.m2/repository/org/apache/httpcomponents/httpclient/4.5.13/httpclient-4.5.13.jar:/home/runner/.m2/repository/org/apache/httpcomponents/httpcore/4.4.13/httpcore-4.4.13.jar:/home/runner/.m2/repository/software/amazon/ion/ion-java/1.0.2/ion-java-1.0.2.jar:/home/runner/.m2/repository/com/fasterxml/jackson/dataformat/jackson-dataformat-cbor/2.12.1/jackson-dataformat-cbor-2.12.1.jar:/home/runner/.m2/repository/joda-time/joda-time/2.8.1/joda-time-2.8.1.jar:/home/runner/.m2/repository/com/amazonaws/aws-java-sdk-s3/1.12.124/aws-java-sdk-s3-1.12.124.jar:/home/runner/.m2/repository/com/amazonaws/aws-java-sdk-kms/1.12.124/aws-java-sdk-kms-1.12.124.jar:/home/runner/.m2/repository/com/amazonaws/jmespath-java/1.12.124/jmespath-java-1.12.124.jar:/home/runner/.m2/repository/org/kohsuke/metainf-services/metainf-services/1.8/metainf-services-1.8.jar:/home/runner/.m2/repository/org/apache/ozone/hdds-tools/1.3.0-SNAPSHOT/hdds-tools-1.3.0-SNAPSHOT.jar:/home/runner/.m2/repository/commons-cli/commons-cli/1.2/commons-cli-1.2.jar:/home/runner/.m2/repository/org/apache/commons/commons-lang3/3.7/commons-lang3-3.7.jar:/home/runner/.m2/repository/org/apache/ozone/ozone-manager/1.3.0-SNAPSHOT/ozone-manager-1.3.0-SNAPSHOT-tests.jar:/home/runner/.m2/repository/org/apache/ozone/hdds-common/1.3.0-SNAPSHOT/hdds-common-1.3.0-SNAPSHOT-tests.jar:/home/runner/.m2/repository/org/apache/ozone/hdds-hadoop-dependency-client/1.3.0-SNAPSHOT/hdds-hadoop-dependency-client-1.3.0-SNAPSHOT.jar:/home/runner/.m2/repository/info/picocli/picocli/4.6.1/picocli-4.6.1.jar:/home/runner/.m2/repository/com/fasterxml/jackson/core/jackson-annotations/2.12.1/jackson-annotations-2.12.1.jar:/home/runner/.m2/repository/javax/annotation/javax.annotation-api/1.2/javax.annotation-api-1.2.jar:/home/runner/.m2/repository/org/apache/ratis/ratis-server/2.2.0/ratis-server-2.2.0.jar:/home/runner/.m2/repository/org/apache/ratis/ratis-client/2.2.0/ratis-client-2.2.0.jar:/home/runner/.m2/repository/org/apache/ratis/ratis-server-api/2.2.0/ratis-server-api-2.2.0.jar:/home/runner/.m2/repository/org/apache/ratis/ratis-metrics/2.2.0/ratis-metrics-2.2.0.jar:/home/runner/.m2/repository/org/apache/ratis/ratis-netty/2.2.0/ratis-netty-2.2.0.jar:/home/runner/.m2/repository/org/apache/ratis/ratis-grpc/2.2.0/ratis-grpc-2.2.0.jar:/home/runner/.m2/repository/org/apache/logging/log4j/log4j-api/2.17.1/log4j-api-2.17.1.jar:/home/runner/.m2/repository/org/apache/logging/log4j/log4j-core/2.17.1/log4j-core-2.17.1.jar:/home/runner/.m2/repository/com/lmax/disruptor/3.4.2/disruptor-3.4.2.jar:/home/runner/.m2/repository/org/apache/commons/commons-pool2/2.6.0/commons-pool2-2.6.0.jar:/home/runner/.m2/repository/org/bouncycastle/bcpkix-jdk15on/1.67/bcpkix-jdk15on-1.67.jar:/home/runner/.m2/repository/commons-validator/commons-validator/1.6/commons-validator-1.6.jar:/home/runner/.m2/repository/commons-beanutils/commons-beanutils/1.9.4/commons-beanutils-1.9.4.jar:/home/runner/.m2/repository/commons-digester/commons-digester/1.8.1/commons-digester-1.8.1.jar:/home/runner/.m2/repository/commons-collections/commons-collections/3.2.2/commons-collections-3.2.2.jar:/home/runner/.m2/repository/io/jaegertracing/jaeger-client/1.6.0/jaeger-client-1.6.0.jar:/home/runner/.m2/repository/io/jaegertracing/jaeger-thrift/1.6.0/jaeger-thrift-1.6.0.jar:/home/runner/.m2/repository/org/apache/thrift/libthrift/0.14.1/libthrift-0.14.1.jar:/home/runner/.m2/repository/com/squareup/okhttp3/okhttp/4.9.0/okhttp-4.9.0.jar:/home/runner/.m2/repository/com/squareup/okio/okio/2.8.0/okio-2.8.0.jar:/home/runner/.m2/repository/io/jaegertracing/jaeger-core/1.6.0/jaeger-core-1.6.0.jar:/home/runner/.m2/repository/io/jaegertracing/jaeger-tracerresolver/1.6.0/jaeger-tracerresolver-1.6.0.jar:/home/runner/.m2/repository/io/opentracing/contrib/opentracing-tracerresolver/0.1.8/opentracing-tracerresolver-0.1.8.jar:/home/runner/.m2/repository/org/jetbrains/kotlin/kotlin-stdlib/1.4.31/kotlin-stdlib-1.4.31.jar:/home/runner/.m2/repository/org/jetbrains/kotlin/kotlin-stdlib-common/1.4.31/kotlin-stdlib-common-1.4.31.jar:/home/runner/.m2/repository/org/jetbrains/annotations/13.0/annotations-13.0.jar:/home/runner/.m2/repository/io/opentracing/opentracing-util/0.33.0/opentracing-util-0.33.0.jar:/home/runner/.m2/repository/io/opentracing/opentracing-api/0.33.0/opentracing-api-0.33.0.jar:/home/runner/.m2/repository/io/opentracing/opentracing-noop/0.33.0/opentracing-noop-0.33.0.jar:/home/runner/.m2/repository/org/yaml/snakeyaml/1.26/snakeyaml-1.26.jar:/home/runner/.m2/repository/org/apache/ozone/hdds-interface-admin/1.3.0-SNAPSHOT/hdds-interface-admin-1.3.0-SNAPSHOT.jar:/home/runner/.m2/repository/junit/junit/4.13.1/junit-4.13.1.jar:/home/runner/.m2/repository/org/hamcrest/hamcrest-core/1.3/hamcrest-core-1.3.jar:/home/runner/.m2/repository/org/junit/jupiter/junit-jupiter-api/5.7.0/junit-jupiter-api-5.7.0.jar:/home/runner/.m2/repository/org/apiguardian/apiguardian-api/1.1.0/apiguardian-api-1.1.0.jar:/home/runner/.m2/repository/org/opentest4j/opentest4j/1.2.0/opentest4j-1.2.0.jar:/home/runner/.m2/repository/org/junit/platform/junit-platform-commons/1.7.0/junit-platform-commons-1.7.0.jar:/home/runner/.m2/repository/org/junit/jupiter/junit-jupiter-engine/5.7.0/junit-jupiter-engine-5.7.0.jar:/home/runner/.m2/repository/org/junit/platform/junit-platform-engine/1.7.0/junit-platform-engine-1.7.0.jar:/home/runner/.m2/repository/org/junit/vintage/junit-vintage-engine/5.7.0/junit-vintage-engine-5.7.0.jar:/home/runner/.m2/repository/org/junit/platform/junit-platform-launcher/1.7.0/junit-platform-launcher-1.7.0.jar:/home/runner/.m2/repository/org/openjdk/jmh/jmh-core/1.19/jmh-core-1.19.jar:/home/runner/.m2/repository/net/sf/jopt-simple/jopt-simple/4.6/jopt-simple-4.6.jar:/home/runner/.m2/repository/org/apache/commons/commons-math3/3.1.1/commons-math3-3.1.1.jar:/home/runner/.m2/repository/org/openjdk/jmh/jmh-generator-annprocess/1.19/jmh-generator-annprocess-1.19.jar:/home/runner/.m2/repository/org/mockito/mockito-core/2.28.2/mockito-core-2.28.2.jar:/home/runner/.m2/repository/net/bytebuddy/byte-buddy/1.9.10/byte-buddy-1.9.10.jar:/home/runner/.m2/repository/net/bytebuddy/byte-buddy-agent/1.9.10/byte-buddy-agent-1.9.10.jar:/home/runner/.m2/repository/org/objenesis/objenesis/1.0/objenesis-1.0.jar:/home/runner/.m2/repository/org/apache/hadoop/hadoop-kms/3.3.1/hadoop-kms-3.3.1.jar:/home/runner/.m2/repository/org/apache/hadoop/hadoop-auth/3.3.1/hadoop-auth-3.3.1.jar:/home/runner/.m2/repository/com/nimbusds/nimbus-jose-jwt/7.9/nimbus-jose-jwt-7.9.jar:/home/runner/.m2/repository/com/github/stephenc/jcip/jcip-annotations/1.0-1/jcip-annotations-1.0-1.jar:/home/runner/.m2/repository/net/minidev/json-smart/2.3.1/json-smart-2.3.1.jar:/home/runner/.m2/repository/net/minidev/accessors-smart/2.3.1/accessors-smart-2.3.1.jar:/home/runner/.m2/repository/org/ow2/asm/asm/5.0.4/asm-5.0.4.jar:/home/runner/.m2/repository/org/apache/zookeeper/zookeeper/3.5.6/zookeeper-3.5.6.jar:/home/runner/.m2/repository/org/apache/zookeeper/zookeeper-jute/3.5.6/zookeeper-jute-3.5.6.jar:/home/runner/.m2/repository/org/apache/yetus/audience-annotations/0.5.0/audience-annotations-0.5.0.jar:/home/runner/.m2/repository/org/apache/curator/curator-framework/4.2.0/curator-framework-4.2.0.jar:/home/runner/.m2/repository/org/apache/hadoop/thirdparty/hadoop-shaded-guava/1.1.1/hadoop-shaded-guava-1.1.1.jar:/home/runner/.m2/repository/com/sun/jersey/jersey-core/1.19/jersey-core-1.19.jar:/home/runner/.m2/repository/javax/ws/rs/jsr311-api/1.1.1/jsr311-api-1.1.1.jar:/home/runner/.m2/repository/com/sun/jersey/jersey-server/1.19/jersey-server-1.19.jar:/home/runner/.m2/repository/javax/servlet/javax.servlet-api/3.1.0/javax.servlet-api-3.1.0.jar:/home/runner/.m2/repository/org/eclipse/jetty/jetty-server/9.4.43.v20210629/jetty-server-9.4.43.v20210629.jar:/home/runner/.m2/repository/org/eclipse/jetty/jetty-http/9.4.43.v20210629/jetty-http-9.4.43.v20210629.jar:/home/runner/.m2/repository/org/eclipse/jetty/jetty-io/9.4.43.v20210629/jetty-io-9.4.43.v20210629.jar:/home/runner/.m2/repository/org/eclipse/jetty/jetty-webapp/9.4.43.v20210629/jetty-webapp-9.4.43.v20210629.jar:/home/runner/.m2/repository/org/eclipse/jetty/jetty-xml/9.4.43.v20210629/jetty-xml-9.4.43.v20210629.jar:/home/runner/.m2/repository/org/apache/hadoop/hadoop-common/3.3.1/hadoop-common-3.3.1.jar:/home/runner/.m2/repository/commons-net/commons-net/3.6/commons-net-3.6.jar:/home/runner/.m2/repository/jakarta/activation/jakarta.activation-api/1.2.1/jakarta.activation-api-1.2.1.jar:/home/runner/.m2/repository/com/sun/jersey/jersey-servlet/1.19/jersey-servlet-1.19.jar:/home/runner/.m2/repository/com/sun/jersey/jersey-json/1.19/jersey-json-1.19.jar:/home/runner/.m2/repository/org/codehaus/jettison/jettison/1.1/jettison-1.1.jar:/home/runner/.m2/repository/com/sun/xml/bind/jaxb-impl/2.2.3-1/jaxb-impl-2.2.3-1.jar:/home/runner/.m2/repository/org/codehaus/jackson/jackson-jaxrs/1.9.2/jackson-jaxrs-1.9.2.jar:/home/runner/.m2/repository/org/codehaus/jackson/jackson-xc/1.9.2/jackson-xc-1.9.2.jar:/home/runner/.m2/repository/org/apache/commons/commons-configuration2/2.1.1/commons-configuration2-2.1.1.jar:/home/runner/.m2/repository/org/apache/commons/commons-text/1.4/commons-text-1.4.jar:/home/runner/.m2/repository/com/google/re2j/re2j/1.1/re2j-1.1.jar:/home/runner/.m2/repository/com/jcraft/jsch/0.1.54/jsch-0.1.54.jar:/home/runner/.m2/repository/org/apache/curator/curator-client/4.2.0/curator-client-4.2.0.jar:/home/runner/.m2/repository/org/apache/curator/curator-recipes/4.2.0/curator-recipes-4.2.0.jar:/home/runner/.m2/repository/org/apache/kerby/kerb-core/1.0.1/kerb-core-1.0.1.jar:/home/runner/.m2/repository/org/apache/kerby/kerby-pkix/1.0.1/kerby-pkix-1.0.1.jar:/home/runner/.m2/repository/org/apache/kerby/kerby-asn1/1.0.1/kerby-asn1-1.0.1.jar:/home/runner/.m2/repository/org/apache/kerby/kerby-util/1.0.1/kerby-util-1.0.1.jar:/home/runner/.m2/repository/dnsjava/dnsjava/2.1.7/dnsjava-2.1.7.jar:/home/runner/.m2/repository/org/xerial/snappy/snappy-java/1.1.8.2/snappy-java-1.1.8.2.jar:/home/runner/.m2/repository/org/slf4j/jul-to-slf4j/1.7.30/jul-to-slf4j-1.7.30.jar:/home/runner/.m2/repository/org/eclipse/jetty/jetty-util/9.4.43.v20210629/jetty-util-9.4.43.v20210629.jar:/home/runner/.m2/repository/com/fasterxml/jackson/core/jackson-databind/2.12.1/jackson-databind-2.12.1.jar:/home/runner/.m2/repository/org/apache/hadoop/hadoop-kms/3.3.1/hadoop-kms-3.3.1-tests.jar:/home/runner/.m2/repository/org/apache/ozone/hdds-server-scm/1.3.0-SNAPSHOT/hdds-server-scm-1.3.0-SNAPSHOT-tests.jar:/home/runner/.m2/repository/org/apache/ozone/hdds-container-service/1.3.0-SNAPSHOT/hdds-container-service-1.3.0-SNAPSHOT-tests.jar:/home/runner/.m2/repository/commons-codec/commons-codec/1.11/commons-codec-1.11.jar:/home/runner/.m2/repository/io/netty/netty-transport/4.1.63.Final/netty-transport-4.1.63.Final.jar:/home/runner/.m2/repository/io/netty/netty-resolver/4.1.63.Final/netty-resolver-4.1.63.Final.jar:/home/runner/.m2/repository/io/netty/netty-codec/4.1.63.Final/netty-codec-4.1.63.Final.jar:/home/runner/.m2/repository/io/netty/netty-handler/4.1.63.Final/netty-handler-4.1.63.Final.jar:/home/runner/.m2/repository/org/apache/ozone/hdds-hadoop-dependency-test/1.3.0-SNAPSHOT/hdds-hadoop-dependency-test-1.3.0-SNAPSHOT.jar:/home/runner/.m2/repository/org/apache/hadoop/hadoop-common/3.3.1/hadoop-common-3.3.1-tests.jar:/home/runner/.m2/repository/org/assertj/assertj-core/3.12.2/assertj-core-3.12.2.jar:/home/runner/.m2/repository/org/apache/hadoop/hadoop-hdfs/3.3.1/hadoop-hdfs-3.3.1-tests.jar:/home/runner/.m2/repository/org/eclipse/jetty/jetty-util-ajax/9.4.43.v20210629/jetty-util-ajax-9.4.43.v20210629.jar:/home/runner/.m2/repository/commons-daemon/commons-daemon/1.0.13/commons-daemon-1.0.13.jar:/home/runner/.m2/repository/io/netty/netty/3.10.6.Final/netty-3.10.6.Final.jar:/home/runner/.m2/repository/io/netty/netty-all/4.1.63.Final/netty-all-4.1.63.Final.jar:/home/runner/.m2/repository/org/apache/htrace/htrace-core4/4.1.0-incubating/htrace-core4-4.1.0-incubating.jar:/home/runner/.m2/repository/org/fusesource/leveldbjni/leveldbjni-all/1.8/leveldbjni-all-1.8.jar:/home/runner/.m2/repository/org/apache/hadoop/hadoop-distcp/3.3.1/hadoop-distcp-3.3.1.jar:/home/runner/.m2/repository/org/apache/hadoop/hadoop-mapreduce-client-jobclient/3.3.1/hadoop-mapreduce-client-jobclient-3.3.1.jar:/home/runner/.m2/repository/org/apache/hadoop/hadoop-mapreduce-client-common/3.3.1/hadoop-mapreduce-client-common-3.3.1.jar:/home/runner/.m2/repository/org/apache/hadoop/hadoop-yarn-common/3.3.1/hadoop-yarn-common-3.3.1.jar:/home/runner/.m2/repository/org/apache/hadoop/hadoop-yarn-api/3.3.1/hadoop-yarn-api-3.3.1.jar:/home/runner/.m2/repository/com/sun/jersey/jersey-client/1.19/jersey-client-1.19.jar:/home/runner/.m2/repository/com/sun/jersey/contribs/jersey-guice/1.19/jersey-guice-1.19.jar:/home/runner/.m2/repository/com/fasterxml/jackson/jaxrs/jackson-jaxrs-json-provider/2.12.1/jackson-jaxrs-json-provider-2.12.1.jar:/home/runner/.m2/repository/com/fasterxml/jackson/jaxrs/jackson-jaxrs-base/2.12.1/jackson-jaxrs-base-2.12.1.jar:/home/runner/.m2/repository/org/apache/hadoop/hadoop-yarn-client/3.3.1/hadoop-yarn-client-3.3.1.jar:/home/runner/.m2/repository/org/eclipse/jetty/websocket/websocket-client/9.4.40.v20210413/websocket-client-9.4.40.v20210413.jar:/home/runner/.m2/repository/org/eclipse/jetty/jetty-client/9.4.40.v20210413/jetty-client-9.4.40.v20210413.jar:/home/runner/.m2/repository/org/eclipse/jetty/websocket/websocket-common/9.4.40.v20210413/websocket-common-9.4.40.v20210413.jar:/home/runner/.m2/repository/org/eclipse/jetty/websocket/websocket-api/9.4.40.v20210413/websocket-api-9.4.40.v20210413.jar:/home/runner/.m2/repository/org/jline/jline/3.9.0/jline-3.9.0.jar:/home/runner/.m2/repository/org/apache/hadoop/hadoop-mapreduce-client-core/3.3.1/hadoop-mapreduce-client-core-3.3.1.jar:/home/runner/.m2/repository/org/apache/avro/avro/1.7.7/avro-1.7.7.jar:/home/runner/.m2/repository/org/codehaus/jackson/jackson-core-asl/1.9.13/jackson-core-asl-1.9.13.jar:/home/runner/.m2/repository/org/codehaus/jackson/jackson-mapper-asl/1.9.13/jackson-mapper-asl-1.9.13.jar:/home/runner/.m2/repository/com/thoughtworks/paranamer/paranamer/2.3/paranamer-2.3.jar:/home/runner/.m2/repository/org/apache/hadoop/hadoop-annotations/3.3.1/hadoop-annotations-3.3.1.jar:/usr/lib/jvm/adoptopenjdk-8-hotspot-amd64/jre/../lib/tools.jar:/home/runner/.m2/repository/org/apache/hadoop/hadoop-distcp/3.3.1/hadoop-distcp-3.3.1-tests.jar:/home/runner/.m2/repository/org/apache/ratis/ratis-common/2.2.0/ratis-common-2.2.0.jar:/home/runner/.m2/repository/org/apache/ratis/ratis-thirdparty-misc/0.7.0/ratis-thirdparty-misc-0.7.0.jar:/home/runner/.m2/repository/org/apache/ratis/ratis-proto/2.2.0/ratis-proto-2.2.0.jar:"/>
    <property name="java.vm.vendor" value="AdoptOpenJDK"/>
    <property name="sun.arch.data.model" value="64"/>
    <property name="test.build.dir" value="/home/runner/work/ozone/ozone/hadoop-ozone/integration-test/target/test-dir"/>
    <property name="test.cache.data" value=""/>
    <property name="java.vendor.url" value="https://adoptopenjdk.net/"/>
    <property name="user.timezone" value=""/>
    <property name="java.vm.specification.version" value="1.8"/>
    <property name="os.name" value="Linux"/>
    <property name="test.build.data" value="/home/runner/work/ozone/ozone/hadoop-ozone/integration-test/target/test-dir"/>
    <property name="sun.java.launcher" value="SUN_STANDARD"/>
    <property name="sun.boot.library.path" value="/usr/lib/jvm/adoptopenjdk-8-hotspot-amd64/jre/lib/amd64"/>
    <property name="sun.java.command" value="/home/runner/work/ozone/ozone/hadoop-ozone/integration-test/target/surefire/surefirebooter3894759443486945789.jar /home/runner/work/ozone/ozone/hadoop-ozone/integration-test/target/surefire 2022-01-18T12-54-05_616-jvmRun1 surefire7704186044672547435tmp surefire_946463542149727604501tmp"/>
    <property name="surefire.test.class.path" value="/home/runner/work/ozone/ozone/hadoop-ozone/integration-test/target/test-classes:/home/runner/work/ozone/ozone/hadoop-ozone/integration-test/target/classes:/home/runner/.m2/repository/org/apache/ozone/ozone-common/1.3.0-SNAPSHOT/ozone-common-1.3.0-SNAPSHOT.jar:/home/runner/.m2/repository/org/apache/commons/commons-compress/1.21/commons-compress-1.21.jar:/home/runner/.m2/repository/org/apache/ozone/hdds-common/1.3.0-SNAPSHOT/hdds-common-1.3.0-SNAPSHOT.jar:/home/runner/.m2/repository/org/apache/ozone/hdds-client/1.3.0-SNAPSHOT/hdds-client-1.3.0-SNAPSHOT.jar:/home/runner/.m2/repository/org/apache/ozone/ozone-interface-client/1.3.0-SNAPSHOT/ozone-interface-client-1.3.0-SNAPSHOT.jar:/home/runner/.m2/repository/org/apache/ozone/hdds-test-utils/1.3.0-SNAPSHOT/hdds-test-utils-1.3.0-SNAPSHOT.jar:/home/runner/.m2/repository/com/google/guava/guava/30.1.1-jre/guava-30.1.1-jre.jar:/home/runner/.m2/repository/com/google/guava/failureaccess/1.0.1/failureaccess-1.0.1.jar:/home/runner/.m2/repository/com/google/guava/listenablefuture/9999.0-empty-to-avoid-conflict-with-guava/listenablefuture-9999.0-empty-to-avoid-conflict-with-guava.jar:/home/runner/.m2/repository/com/google/code/findbugs/jsr305/3.0.0/jsr305-3.0.0.jar:/home/runner/.m2/repository/org/checkerframework/checker-qual/3.8.0/checker-qual-3.8.0.jar:/home/runner/.m2/repository/com/google/errorprone/error_prone_annotations/2.2.0/error_prone_annotations-2.2.0.jar:/home/runner/.m2/repository/com/google/j2objc/j2objc-annotations/1.3/j2objc-annotations-1.3.jar:/home/runner/.m2/repository/commons-io/commons-io/2.11.0/commons-io-2.11.0.jar:/home/runner/.m2/repository/commons-logging/commons-logging/1.2/commons-logging-1.2.jar:/home/runner/.m2/repository/log4j/log4j/1.2.17/log4j-1.2.17.jar:/home/runner/.m2/repository/org/slf4j/slf4j-api/1.7.30/slf4j-api-1.7.30.jar:/home/runner/.m2/repository/org/apache/ozone/hdds-server-scm/1.3.0-SNAPSHOT/hdds-server-scm-1.3.0-SNAPSHOT.jar:/home/runner/.m2/repository/org/apache/ozone/hdds-container-service/1.3.0-SNAPSHOT/hdds-container-service-1.3.0-SNAPSHOT.jar:/home/runner/.m2/repository/org/apache/ozone/hdds-hadoop-dependency-server/1.3.0-SNAPSHOT/hdds-hadoop-dependency-server-1.3.0-SNAPSHOT.jar:/home/runner/.m2/repository/org/apache/hadoop/hadoop-hdfs/3.3.1/hadoop-hdfs-3.3.1.jar:/home/runner/.m2/repository/org/apache/ozone/hdds-server-framework/1.3.0-SNAPSHOT/hdds-server-framework-1.3.0-SNAPSHOT.jar:/home/runner/.m2/repository/org/apache/ozone/hdds-interface-server/1.3.0-SNAPSHOT/hdds-interface-server-1.3.0-SNAPSHOT.jar:/home/runner/.m2/repository/org/eclipse/jetty/jetty-servlet/9.4.43.v20210629/jetty-servlet-9.4.43.v20210629.jar:/home/runner/.m2/repository/org/eclipse/jetty/jetty-security/9.4.43.v20210629/jetty-security-9.4.43.v20210629.jar:/home/runner/.m2/repository/org/rocksdb/rocksdbjni/6.25.3/rocksdbjni-6.25.3.jar:/home/runner/.m2/repository/io/prometheus/simpleclient_dropwizard/0.7.0/simpleclient_dropwizard-0.7.0.jar:/home/runner/.m2/repository/io/prometheus/simpleclient/0.7.0/simpleclient-0.7.0.jar:/home/runner/.m2/repository/io/prometheus/simpleclient_common/0.7.0/simpleclient_common-0.7.0.jar:/home/runner/.m2/repository/com/fasterxml/jackson/datatype/jackson-datatype-jsr310/2.12.1/jackson-datatype-jsr310-2.12.1.jar:/home/runner/.m2/repository/io/dropwizard/metrics/metrics-core/3.2.4/metrics-core-3.2.4.jar:/home/runner/.m2/repository/org/apache/hadoop/hadoop-hdfs-client/3.3.1/hadoop-hdfs-client-3.3.1.jar:/home/runner/.m2/repository/org/bouncycastle/bcprov-jdk15on/1.67/bcprov-jdk15on-1.67.jar:/home/runner/.m2/repository/com/google/protobuf/protobuf-java/2.5.0/protobuf-java-2.5.0.jar:/home/runner/.m2/repository/org/apache/ozone/ozone-manager/1.3.0-SNAPSHOT/ozone-manager-1.3.0-SNAPSHOT.jar:/home/runner/.m2/repository/org/aspectj/aspectjrt/1.9.7/aspectjrt-1.9.7.jar:/home/runner/.m2/repository/org/aspectj/aspectjweaver/1.9.7/aspectjweaver-1.9.7.jar:/home/runner/.m2/repository/org/apache/ozone/hdds-interface-client/1.3.0-SNAPSHOT/hdds-interface-client-1.3.0-SNAPSHOT.jar:/home/runner/.m2/repository/org/apache/hadoop/thirdparty/hadoop-shaded-protobuf_3_7/1.1.1/hadoop-shaded-protobuf_3_7-1.1.1.jar:/home/runner/.m2/repository/org/apache/ozone/ozone-interface-storage/1.3.0-SNAPSHOT/ozone-interface-storage-1.3.0-SNAPSHOT.jar:/home/runner/.m2/repository/org/reflections/reflections/0.9.11/reflections-0.9.11.jar:/home/runner/.m2/repository/org/apache/hadoop/hadoop-minikdc/3.3.1/hadoop-minikdc-3.3.1.jar:/home/runner/.m2/repository/org/apache/kerby/kerb-simplekdc/1.0.1/kerb-simplekdc-1.0.1.jar:/home/runner/.m2/repository/org/apache/kerby/kerb-client/1.0.1/kerb-client-1.0.1.jar:/home/runner/.m2/repository/org/apache/kerby/kerby-config/1.0.1/kerby-config-1.0.1.jar:/home/runner/.m2/repository/org/apache/kerby/kerb-common/1.0.1/kerb-common-1.0.1.jar:/home/runner/.m2/repository/org/apache/kerby/kerb-crypto/1.0.1/kerb-crypto-1.0.1.jar:/home/runner/.m2/repository/org/apache/kerby/kerb-util/1.0.1/kerb-util-1.0.1.jar:/home/runner/.m2/repository/org/apache/kerby/token-provider/1.0.1/token-provider-1.0.1.jar:/home/runner/.m2/repository/org/apache/kerby/kerb-admin/1.0.1/kerb-admin-1.0.1.jar:/home/runner/.m2/repository/org/apache/kerby/kerb-server/1.0.1/kerb-server-1.0.1.jar:/home/runner/.m2/repository/org/apache/kerby/kerb-identity/1.0.1/kerb-identity-1.0.1.jar:/home/runner/.m2/repository/org/apache/kerby/kerby-xdr/1.0.1/kerby-xdr-1.0.1.jar:/home/runner/.m2/repository/org/slf4j/slf4j-log4j12/1.7.30/slf4j-log4j12-1.7.30.jar:/home/runner/.m2/repository/org/apache/ozone/ozone-s3gateway/1.3.0-SNAPSHOT/ozone-s3gateway-1.3.0-SNAPSHOT.jar:/home/runner/.m2/repository/org/javassist/javassist/3.21.0-GA/javassist-3.21.0-GA.jar:/home/runner/.m2/repository/org/jboss/weld/servlet/weld-servlet/2.4.7.Final/weld-servlet-2.4.7.Final.jar:/home/runner/.m2/repository/org/glassfish/jersey/containers/jersey-container-servlet-core/2.33/jersey-container-servlet-core-2.33.jar:/home/runner/.m2/repository/org/glassfish/hk2/external/jakarta.inject/2.6.1/jakarta.inject-2.6.1.jar:/home/runner/.m2/repository/org/glassfish/jersey/core/jersey-common/2.33/jersey-common-2.33.jar:/home/runner/.m2/repository/jakarta/ws/rs/jakarta.ws.rs-api/2.1.6/jakarta.ws.rs-api-2.1.6.jar:/home/runner/.m2/repository/org/glassfish/jersey/ext/cdi/jersey-cdi1x/2.33/jersey-cdi1x-2.33.jar:/home/runner/.m2/repository/org/glassfish/jersey/inject/jersey-hk2/2.33/jersey-hk2-2.33.jar:/home/runner/.m2/repository/org/glassfish/hk2/hk2-locator/2.6.1/hk2-locator-2.6.1.jar:/home/runner/.m2/repository/org/glassfish/jersey/media/jersey-media-jaxb/2.33/jersey-media-jaxb-2.33.jar:/home/runner/.m2/repository/org/glassfish/hk2/osgi-resource-locator/1.0.3/osgi-resource-locator-1.0.3.jar:/home/runner/.m2/repository/org/glassfish/hk2/hk2-api/2.5.0/hk2-api-2.5.0.jar:/home/runner/.m2/repository/org/glassfish/hk2/hk2-utils/2.5.0/hk2-utils-2.5.0.jar:/home/runner/.m2/repository/org/glassfish/hk2/external/aopalliance-repackaged/2.5.0/aopalliance-repackaged-2.5.0.jar:/home/runner/.m2/repository/com/fasterxml/jackson/dataformat/jackson-dataformat-xml/2.12.1/jackson-dataformat-xml-2.12.1.jar:/home/runner/.m2/repository/com/fasterxml/jackson/core/jackson-core/2.12.1/jackson-core-2.12.1.jar:/home/runner/.m2/repository/com/fasterxml/jackson/module/jackson-module-jaxb-annotations/2.12.1/jackson-module-jaxb-annotations-2.12.1.jar:/home/runner/.m2/repository/jakarta/xml/bind/jakarta.xml.bind-api/2.3.2/jakarta.xml.bind-api-2.3.2.jar:/home/runner/.m2/repository/org/codehaus/woodstox/stax2-api/3.1.4/stax2-api-3.1.4.jar:/home/runner/.m2/repository/com/fasterxml/woodstox/woodstox-core/5.0.3/woodstox-core-5.0.3.jar:/home/runner/.m2/repository/javax/enterprise/cdi-api/1.2/cdi-api-1.2.jar:/home/runner/.m2/repository/javax/el/javax.el-api/3.0.0/javax.el-api-3.0.0.jar:/home/runner/.m2/repository/javax/interceptor/javax.interceptor-api/1.2/javax.interceptor-api-1.2.jar:/home/runner/.m2/repository/javax/inject/javax.inject/1/javax.inject-1.jar:/home/runner/.m2/repository/javax/xml/bind/jaxb-api/2.3.0/jaxb-api-2.3.0.jar:/home/runner/.m2/repository/org/glassfish/jaxb/jaxb-runtime/2.3.0.1/jaxb-runtime-2.3.0.1.jar:/home/runner/.m2/repository/org/glassfish/jaxb/jaxb-core/2.3.0.1/jaxb-core-2.3.0.1.jar:/home/runner/.m2/repository/org/glassfish/jaxb/txw2/2.3.0.1/txw2-2.3.0.1.jar:/home/runner/.m2/repository/com/sun/istack/istack-commons-runtime/3.0.5/istack-commons-runtime-3.0.5.jar:/home/runner/.m2/repository/org/jvnet/staxex/stax-ex/1.7.8/stax-ex-1.7.8.jar:/home/runner/.m2/repository/com/sun/xml/fastinfoset/FastInfoset/1.2.13/FastInfoset-1.2.13.jar:/home/runner/.m2/repository/javax/activation/activation/1.1.1/activation-1.1.1.jar:/home/runner/.m2/repository/org/apache/ozone/ozone-csi/1.3.0-SNAPSHOT/ozone-csi-1.3.0-SNAPSHOT.jar:/home/runner/.m2/repository/com/google/protobuf/protobuf-java-util/3.12.0/protobuf-java-util-3.12.0.jar:/home/runner/.m2/repository/com/google/code/gson/gson/2.2.4/gson-2.2.4.jar:/home/runner/.m2/repository/org/apache/ozone/hdds-config/1.3.0-SNAPSHOT/hdds-config-1.3.0-SNAPSHOT.jar:/home/runner/.m2/repository/io/grpc/grpc-netty/1.33.0/grpc-netty-1.33.0.jar:/home/runner/.m2/repository/io/grpc/grpc-core/1.33.0/grpc-core-1.33.0.jar:/home/runner/.m2/repository/com/google/android/annotations/4.1.1.4/annotations-4.1.1.4.jar:/home/runner/.m2/repository/io/netty/netty-codec-http2/4.1.63.Final/netty-codec-http2-4.1.63.Final.jar:/home/runner/.m2/repository/io/netty/netty-codec-http/4.1.63.Final/netty-codec-http-4.1.63.Final.jar:/home/runner/.m2/repository/io/netty/netty-handler-proxy/4.1.63.Final/netty-handler-proxy-4.1.63.Final.jar:/home/runner/.m2/repository/io/netty/netty-codec-socks/4.1.63.Final/netty-codec-socks-4.1.63.Final.jar:/home/runner/.m2/repository/io/perfmark/perfmark-api/0.19.0/perfmark-api-0.19.0.jar:/home/runner/.m2/repository/org/codehaus/mojo/animal-sniffer-annotations/1.18/animal-sniffer-annotations-1.18.jar:/home/runner/.m2/repository/io/netty/netty-transport-native-epoll/4.1.63.Final/netty-transport-native-epoll-4.1.63.Final.jar:/home/runner/.m2/repository/io/netty/netty-common/4.1.63.Final/netty-common-4.1.63.Final.jar:/home/runner/.m2/repository/io/netty/netty-buffer/4.1.63.Final/netty-buffer-4.1.63.Final.jar:/home/runner/.m2/repository/io/netty/netty-transport-native-unix-common/4.1.63.Final/netty-transport-native-unix-common-4.1.63.Final.jar:/home/runner/.m2/repository/io/grpc/grpc-protobuf/1.33.0/grpc-protobuf-1.33.0.jar:/home/runner/.m2/repository/io/grpc/grpc-api/1.33.0/grpc-api-1.33.0.jar:/home/runner/.m2/repository/io/grpc/grpc-context/1.33.0/grpc-context-1.33.0.jar:/home/runner/.m2/repository/com/google/api/grpc/proto-google-common-protos/1.17.0/proto-google-common-protos-1.17.0.jar:/home/runner/.m2/repository/io/grpc/grpc-protobuf-lite/1.33.0/grpc-protobuf-lite-1.33.0.jar:/home/runner/.m2/repository/io/grpc/grpc-stub/1.33.0/grpc-stub-1.33.0.jar:/home/runner/.m2/repository/org/apache/ozone/ozone-recon/1.3.0-SNAPSHOT/ozone-recon-1.3.0-SNAPSHOT.jar:/home/runner/.m2/repository/org/apache/ozone/ozone-reconcodegen/1.3.0-SNAPSHOT/ozone-reconcodegen-1.3.0-SNAPSHOT.jar:/home/runner/.m2/repository/com/google/inject/extensions/guice-multibindings/4.0/guice-multibindings-4.0.jar:/home/runner/.m2/repository/com/google/inject/guice/4.0/guice-4.0.jar:/home/runner/.m2/repository/aopalliance/aopalliance/1.0/aopalliance-1.0.jar:/home/runner/.m2/repository/com/google/inject/extensions/guice-assistedinject/4.0/guice-assistedinject-4.0.jar:/home/runner/.m2/repository/com/google/inject/extensions/guice-servlet/4.0/guice-servlet-4.0.jar:/home/runner/.m2/repository/org/glassfish/jersey/containers/jersey-container-servlet/2.33/jersey-container-servlet-2.33.jar:/home/runner/.m2/repository/org/glassfish/hk2/guice-bridge/2.5.0/guice-bridge-2.5.0.jar:/home/runner/.m2/repository/org/glassfish/jersey/core/jersey-server/2.33/jersey-server-2.33.jar:/home/runner/.m2/repository/org/glassfish/jersey/core/jersey-client/2.33/jersey-client-2.33.jar:/home/runner/.m2/repository/jakarta/annotation/jakarta.annotation-api/1.3.5/jakarta.annotation-api-1.3.5.jar:/home/runner/.m2/repository/jakarta/validation/jakarta.validation-api/2.0.2/jakarta.validation-api-2.0.2.jar:/home/runner/.m2/repository/org/glassfish/jersey/media/jersey-media-json-jackson/2.33/jersey-media-json-jackson-2.33.jar:/home/runner/.m2/repository/org/glassfish/jersey/ext/jersey-entity-filtering/2.33/jersey-entity-filtering-2.33.jar:/home/runner/.m2/repository/org/jooq/jooq/3.11.10/jooq-3.11.10.jar:/home/runner/.m2/repository/org/jooq/jooq-meta/3.11.10/jooq-meta-3.11.10.jar:/home/runner/.m2/repository/org/jooq/jooq-codegen/3.11.10/jooq-codegen-3.11.10.jar:/home/runner/.m2/repository/com/jolbox/bonecp/0.8.0.RELEASE/bonecp-0.8.0.RELEASE.jar:/home/runner/.m2/repository/org/apache/derby/derby/10.14.2.0/derby-10.14.2.0.jar:/home/runner/.m2/repository/org/xerial/sqlite-jdbc/3.25.2/sqlite-jdbc-3.25.2.jar:/home/runner/.m2/repository/org/springframework/spring-jdbc/5.2.18.RELEASE/spring-jdbc-5.2.18.RELEASE.jar:/home/runner/.m2/repository/org/springframework/spring-beans/5.2.18.RELEASE/spring-beans-5.2.18.RELEASE.jar:/home/runner/.m2/repository/org/springframework/spring-core/5.2.18.RELEASE/spring-core-5.2.18.RELEASE.jar:/home/runner/.m2/repository/org/springframework/spring-jcl/5.2.18.RELEASE/spring-jcl-5.2.18.RELEASE.jar:/home/runner/.m2/repository/org/springframework/spring-tx/5.2.18.RELEASE/spring-tx-5.2.18.RELEASE.jar:/home/runner/.m2/repository/org/apache/ozone/ozone-client/1.3.0-SNAPSHOT/ozone-client-1.3.0-SNAPSHOT.jar:/home/runner/.m2/repository/org/apache/ozone/ozone-filesystem/1.3.0-SNAPSHOT/ozone-filesystem-1.3.0-SNAPSHOT.jar:/home/runner/.m2/repository/org/apache/ozone/ozone-filesystem-common/1.3.0-SNAPSHOT/ozone-filesystem-common-1.3.0-SNAPSHOT.jar:/home/runner/.m2/repository/org/apache/ozone/ozone-tools/1.3.0-SNAPSHOT/ozone-tools-1.3.0-SNAPSHOT.jar:/home/runner/.m2/repository/org/apache/ratis/ratis-tools/2.2.0/ratis-tools-2.2.0.jar:/home/runner/.m2/repository/com/amazonaws/aws-java-sdk-core/1.12.124/aws-java-sdk-core-1.12.124.jar:/home/runner/.m2/repository/org/apache/httpcomponents/httpclient/4.5.13/httpclient-4.5.13.jar:/home/runner/.m2/repository/org/apache/httpcomponents/httpcore/4.4.13/httpcore-4.4.13.jar:/home/runner/.m2/repository/software/amazon/ion/ion-java/1.0.2/ion-java-1.0.2.jar:/home/runner/.m2/repository/com/fasterxml/jackson/dataformat/jackson-dataformat-cbor/2.12.1/jackson-dataformat-cbor-2.12.1.jar:/home/runner/.m2/repository/joda-time/joda-time/2.8.1/joda-time-2.8.1.jar:/home/runner/.m2/repository/com/amazonaws/aws-java-sdk-s3/1.12.124/aws-java-sdk-s3-1.12.124.jar:/home/runner/.m2/repository/com/amazonaws/aws-java-sdk-kms/1.12.124/aws-java-sdk-kms-1.12.124.jar:/home/runner/.m2/repository/com/amazonaws/jmespath-java/1.12.124/jmespath-java-1.12.124.jar:/home/runner/.m2/repository/org/kohsuke/metainf-services/metainf-services/1.8/metainf-services-1.8.jar:/home/runner/.m2/repository/org/apache/ozone/hdds-tools/1.3.0-SNAPSHOT/hdds-tools-1.3.0-SNAPSHOT.jar:/home/runner/.m2/repository/commons-cli/commons-cli/1.2/commons-cli-1.2.jar:/home/runner/.m2/repository/org/apache/commons/commons-lang3/3.7/commons-lang3-3.7.jar:/home/runner/.m2/repository/org/apache/ozone/ozone-manager/1.3.0-SNAPSHOT/ozone-manager-1.3.0-SNAPSHOT-tests.jar:/home/runner/.m2/repository/org/apache/ozone/hdds-common/1.3.0-SNAPSHOT/hdds-common-1.3.0-SNAPSHOT-tests.jar:/home/runner/.m2/repository/org/apache/ozone/hdds-hadoop-dependency-client/1.3.0-SNAPSHOT/hdds-hadoop-dependency-client-1.3.0-SNAPSHOT.jar:/home/runner/.m2/repository/info/picocli/picocli/4.6.1/picocli-4.6.1.jar:/home/runner/.m2/repository/com/fasterxml/jackson/core/jackson-annotations/2.12.1/jackson-annotations-2.12.1.jar:/home/runner/.m2/repository/javax/annotation/javax.annotation-api/1.2/javax.annotation-api-1.2.jar:/home/runner/.m2/repository/org/apache/ratis/ratis-server/2.2.0/ratis-server-2.2.0.jar:/home/runner/.m2/repository/org/apache/ratis/ratis-client/2.2.0/ratis-client-2.2.0.jar:/home/runner/.m2/repository/org/apache/ratis/ratis-server-api/2.2.0/ratis-server-api-2.2.0.jar:/home/runner/.m2/repository/org/apache/ratis/ratis-metrics/2.2.0/ratis-metrics-2.2.0.jar:/home/runner/.m2/repository/org/apache/ratis/ratis-netty/2.2.0/ratis-netty-2.2.0.jar:/home/runner/.m2/repository/org/apache/ratis/ratis-grpc/2.2.0/ratis-grpc-2.2.0.jar:/home/runner/.m2/repository/org/apache/logging/log4j/log4j-api/2.17.1/log4j-api-2.17.1.jar:/home/runner/.m2/repository/org/apache/logging/log4j/log4j-core/2.17.1/log4j-core-2.17.1.jar:/home/runner/.m2/repository/com/lmax/disruptor/3.4.2/disruptor-3.4.2.jar:/home/runner/.m2/repository/org/apache/commons/commons-pool2/2.6.0/commons-pool2-2.6.0.jar:/home/runner/.m2/repository/org/bouncycastle/bcpkix-jdk15on/1.67/bcpkix-jdk15on-1.67.jar:/home/runner/.m2/repository/commons-validator/commons-validator/1.6/commons-validator-1.6.jar:/home/runner/.m2/repository/commons-beanutils/commons-beanutils/1.9.4/commons-beanutils-1.9.4.jar:/home/runner/.m2/repository/commons-digester/commons-digester/1.8.1/commons-digester-1.8.1.jar:/home/runner/.m2/repository/commons-collections/commons-collections/3.2.2/commons-collections-3.2.2.jar:/home/runner/.m2/repository/io/jaegertracing/jaeger-client/1.6.0/jaeger-client-1.6.0.jar:/home/runner/.m2/repository/io/jaegertracing/jaeger-thrift/1.6.0/jaeger-thrift-1.6.0.jar:/home/runner/.m2/repository/org/apache/thrift/libthrift/0.14.1/libthrift-0.14.1.jar:/home/runner/.m2/repository/com/squareup/okhttp3/okhttp/4.9.0/okhttp-4.9.0.jar:/home/runner/.m2/repository/com/squareup/okio/okio/2.8.0/okio-2.8.0.jar:/home/runner/.m2/repository/io/jaegertracing/jaeger-core/1.6.0/jaeger-core-1.6.0.jar:/home/runner/.m2/repository/io/jaegertracing/jaeger-tracerresolver/1.6.0/jaeger-tracerresolver-1.6.0.jar:/home/runner/.m2/repository/io/opentracing/contrib/opentracing-tracerresolver/0.1.8/opentracing-tracerresolver-0.1.8.jar:/home/runner/.m2/repository/org/jetbrains/kotlin/kotlin-stdlib/1.4.31/kotlin-stdlib-1.4.31.jar:/home/runner/.m2/repository/org/jetbrains/kotlin/kotlin-stdlib-common/1.4.31/kotlin-stdlib-common-1.4.31.jar:/home/runner/.m2/repository/org/jetbrains/annotations/13.0/annotations-13.0.jar:/home/runner/.m2/repository/io/opentracing/opentracing-util/0.33.0/opentracing-util-0.33.0.jar:/home/runner/.m2/repository/io/opentracing/opentracing-api/0.33.0/opentracing-api-0.33.0.jar:/home/runner/.m2/repository/io/opentracing/opentracing-noop/0.33.0/opentracing-noop-0.33.0.jar:/home/runner/.m2/repository/org/yaml/snakeyaml/1.26/snakeyaml-1.26.jar:/home/runner/.m2/repository/org/apache/ozone/hdds-interface-admin/1.3.0-SNAPSHOT/hdds-interface-admin-1.3.0-SNAPSHOT.jar:/home/runner/.m2/repository/junit/junit/4.13.1/junit-4.13.1.jar:/home/runner/.m2/repository/org/hamcrest/hamcrest-core/1.3/hamcrest-core-1.3.jar:/home/runner/.m2/repository/org/junit/jupiter/junit-jupiter-api/5.7.0/junit-jupiter-api-5.7.0.jar:/home/runner/.m2/repository/org/apiguardian/apiguardian-api/1.1.0/apiguardian-api-1.1.0.jar:/home/runner/.m2/repository/org/opentest4j/opentest4j/1.2.0/opentest4j-1.2.0.jar:/home/runner/.m2/repository/org/junit/platform/junit-platform-commons/1.7.0/junit-platform-commons-1.7.0.jar:/home/runner/.m2/repository/org/junit/jupiter/junit-jupiter-engine/5.7.0/junit-jupiter-engine-5.7.0.jar:/home/runner/.m2/repository/org/junit/platform/junit-platform-engine/1.7.0/junit-platform-engine-1.7.0.jar:/home/runner/.m2/repository/org/junit/vintage/junit-vintage-engine/5.7.0/junit-vintage-engine-5.7.0.jar:/home/runner/.m2/repository/org/junit/platform/junit-platform-launcher/1.7.0/junit-platform-launcher-1.7.0.jar:/home/runner/.m2/repository/org/openjdk/jmh/jmh-core/1.19/jmh-core-1.19.jar:/home/runner/.m2/repository/net/sf/jopt-simple/jopt-simple/4.6/jopt-simple-4.6.jar:/home/runner/.m2/repository/org/apache/commons/commons-math3/3.1.1/commons-math3-3.1.1.jar:/home/runner/.m2/repository/org/openjdk/jmh/jmh-generator-annprocess/1.19/jmh-generator-annprocess-1.19.jar:/home/runner/.m2/repository/org/mockito/mockito-core/2.28.2/mockito-core-2.28.2.jar:/home/runner/.m2/repository/net/bytebuddy/byte-buddy/1.9.10/byte-buddy-1.9.10.jar:/home/runner/.m2/repository/net/bytebuddy/byte-buddy-agent/1.9.10/byte-buddy-agent-1.9.10.jar:/home/runner/.m2/repository/org/objenesis/objenesis/1.0/objenesis-1.0.jar:/home/runner/.m2/repository/org/apache/hadoop/hadoop-kms/3.3.1/hadoop-kms-3.3.1.jar:/home/runner/.m2/repository/org/apache/hadoop/hadoop-auth/3.3.1/hadoop-auth-3.3.1.jar:/home/runner/.m2/repository/com/nimbusds/nimbus-jose-jwt/7.9/nimbus-jose-jwt-7.9.jar:/home/runner/.m2/repository/com/github/stephenc/jcip/jcip-annotations/1.0-1/jcip-annotations-1.0-1.jar:/home/runner/.m2/repository/net/minidev/json-smart/2.3.1/json-smart-2.3.1.jar:/home/runner/.m2/repository/net/minidev/accessors-smart/2.3.1/accessors-smart-2.3.1.jar:/home/runner/.m2/repository/org/ow2/asm/asm/5.0.4/asm-5.0.4.jar:/home/runner/.m2/repository/org/apache/zookeeper/zookeeper/3.5.6/zookeeper-3.5.6.jar:/home/runner/.m2/repository/org/apache/zookeeper/zookeeper-jute/3.5.6/zookeeper-jute-3.5.6.jar:/home/runner/.m2/repository/org/apache/yetus/audience-annotations/0.5.0/audience-annotations-0.5.0.jar:/home/runner/.m2/repository/org/apache/curator/curator-framework/4.2.0/curator-framework-4.2.0.jar:/home/runner/.m2/repository/org/apache/hadoop/thirdparty/hadoop-shaded-guava/1.1.1/hadoop-shaded-guava-1.1.1.jar:/home/runner/.m2/repository/com/sun/jersey/jersey-core/1.19/jersey-core-1.19.jar:/home/runner/.m2/repository/javax/ws/rs/jsr311-api/1.1.1/jsr311-api-1.1.1.jar:/home/runner/.m2/repository/com/sun/jersey/jersey-server/1.19/jersey-server-1.19.jar:/home/runner/.m2/repository/javax/servlet/javax.servlet-api/3.1.0/javax.servlet-api-3.1.0.jar:/home/runner/.m2/repository/org/eclipse/jetty/jetty-server/9.4.43.v20210629/jetty-server-9.4.43.v20210629.jar:/home/runner/.m2/repository/org/eclipse/jetty/jetty-http/9.4.43.v20210629/jetty-http-9.4.43.v20210629.jar:/home/runner/.m2/repository/org/eclipse/jetty/jetty-io/9.4.43.v20210629/jetty-io-9.4.43.v20210629.jar:/home/runner/.m2/repository/org/eclipse/jetty/jetty-webapp/9.4.43.v20210629/jetty-webapp-9.4.43.v20210629.jar:/home/runner/.m2/repository/org/eclipse/jetty/jetty-xml/9.4.43.v20210629/jetty-xml-9.4.43.v20210629.jar:/home/runner/.m2/repository/org/apache/hadoop/hadoop-common/3.3.1/hadoop-common-3.3.1.jar:/home/runner/.m2/repository/commons-net/commons-net/3.6/commons-net-3.6.jar:/home/runner/.m2/repository/jakarta/activation/jakarta.activation-api/1.2.1/jakarta.activation-api-1.2.1.jar:/home/runner/.m2/repository/com/sun/jersey/jersey-servlet/1.19/jersey-servlet-1.19.jar:/home/runner/.m2/repository/com/sun/jersey/jersey-json/1.19/jersey-json-1.19.jar:/home/runner/.m2/repository/org/codehaus/jettison/jettison/1.1/jettison-1.1.jar:/home/runner/.m2/repository/com/sun/xml/bind/jaxb-impl/2.2.3-1/jaxb-impl-2.2.3-1.jar:/home/runner/.m2/repository/org/codehaus/jackson/jackson-jaxrs/1.9.2/jackson-jaxrs-1.9.2.jar:/home/runner/.m2/repository/org/codehaus/jackson/jackson-xc/1.9.2/jackson-xc-1.9.2.jar:/home/runner/.m2/repository/org/apache/commons/commons-configuration2/2.1.1/commons-configuration2-2.1.1.jar:/home/runner/.m2/repository/org/apache/commons/commons-text/1.4/commons-text-1.4.jar:/home/runner/.m2/repository/com/google/re2j/re2j/1.1/re2j-1.1.jar:/home/runner/.m2/repository/com/jcraft/jsch/0.1.54/jsch-0.1.54.jar:/home/runner/.m2/repository/org/apache/curator/curator-client/4.2.0/curator-client-4.2.0.jar:/home/runner/.m2/repository/org/apache/curator/curator-recipes/4.2.0/curator-recipes-4.2.0.jar:/home/runner/.m2/repository/org/apache/kerby/kerb-core/1.0.1/kerb-core-1.0.1.jar:/home/runner/.m2/repository/org/apache/kerby/kerby-pkix/1.0.1/kerby-pkix-1.0.1.jar:/home/runner/.m2/repository/org/apache/kerby/kerby-asn1/1.0.1/kerby-asn1-1.0.1.jar:/home/runner/.m2/repository/org/apache/kerby/kerby-util/1.0.1/kerby-util-1.0.1.jar:/home/runner/.m2/repository/dnsjava/dnsjava/2.1.7/dnsjava-2.1.7.jar:/home/runner/.m2/repository/org/xerial/snappy/snappy-java/1.1.8.2/snappy-java-1.1.8.2.jar:/home/runner/.m2/repository/org/slf4j/jul-to-slf4j/1.7.30/jul-to-slf4j-1.7.30.jar:/home/runner/.m2/repository/org/eclipse/jetty/jetty-util/9.4.43.v20210629/jetty-util-9.4.43.v20210629.jar:/home/runner/.m2/repository/com/fasterxml/jackson/core/jackson-databind/2.12.1/jackson-databind-2.12.1.jar:/home/runner/.m2/repository/org/apache/hadoop/hadoop-kms/3.3.1/hadoop-kms-3.3.1-tests.jar:/home/runner/.m2/repository/org/apache/ozone/hdds-server-scm/1.3.0-SNAPSHOT/hdds-server-scm-1.3.0-SNAPSHOT-tests.jar:/home/runner/.m2/repository/org/apache/ozone/hdds-container-service/1.3.0-SNAPSHOT/hdds-container-service-1.3.0-SNAPSHOT-tests.jar:/home/runner/.m2/repository/commons-codec/commons-codec/1.11/commons-codec-1.11.jar:/home/runner/.m2/repository/io/netty/netty-transport/4.1.63.Final/netty-transport-4.1.63.Final.jar:/home/runner/.m2/repository/io/netty/netty-resolver/4.1.63.Final/netty-resolver-4.1.63.Final.jar:/home/runner/.m2/repository/io/netty/netty-codec/4.1.63.Final/netty-codec-4.1.63.Final.jar:/home/runner/.m2/repository/io/netty/netty-handler/4.1.63.Final/netty-handler-4.1.63.Final.jar:/home/runner/.m2/repository/org/apache/ozone/hdds-hadoop-dependency-test/1.3.0-SNAPSHOT/hdds-hadoop-dependency-test-1.3.0-SNAPSHOT.jar:/home/runner/.m2/repository/org/apache/hadoop/hadoop-common/3.3.1/hadoop-common-3.3.1-tests.jar:/home/runner/.m2/repository/org/assertj/assertj-core/3.12.2/assertj-core-3.12.2.jar:/home/runner/.m2/repository/org/apache/hadoop/hadoop-hdfs/3.3.1/hadoop-hdfs-3.3.1-tests.jar:/home/runner/.m2/repository/org/eclipse/jetty/jetty-util-ajax/9.4.43.v20210629/jetty-util-ajax-9.4.43.v20210629.jar:/home/runner/.m2/repository/commons-daemon/commons-daemon/1.0.13/commons-daemon-1.0.13.jar:/home/runner/.m2/repository/io/netty/netty/3.10.6.Final/netty-3.10.6.Final.jar:/home/runner/.m2/repository/io/netty/netty-all/4.1.63.Final/netty-all-4.1.63.Final.jar:/home/runner/.m2/repository/org/apache/htrace/htrace-core4/4.1.0-incubating/htrace-core4-4.1.0-incubating.jar:/home/runner/.m2/repository/org/fusesource/leveldbjni/leveldbjni-all/1.8/leveldbjni-all-1.8.jar:/home/runner/.m2/repository/org/apache/hadoop/hadoop-distcp/3.3.1/hadoop-distcp-3.3.1.jar:/home/runner/.m2/repository/org/apache/hadoop/hadoop-mapreduce-client-jobclient/3.3.1/hadoop-mapreduce-client-jobclient-3.3.1.jar:/home/runner/.m2/repository/org/apache/hadoop/hadoop-mapreduce-client-common/3.3.1/hadoop-mapreduce-client-common-3.3.1.jar:/home/runner/.m2/repository/org/apache/hadoop/hadoop-yarn-common/3.3.1/hadoop-yarn-common-3.3.1.jar:/home/runner/.m2/repository/org/apache/hadoop/hadoop-yarn-api/3.3.1/hadoop-yarn-api-3.3.1.jar:/home/runner/.m2/repository/com/sun/jersey/jersey-client/1.19/jersey-client-1.19.jar:/home/runner/.m2/repository/com/sun/jersey/contribs/jersey-guice/1.19/jersey-guice-1.19.jar:/home/runner/.m2/repository/com/fasterxml/jackson/jaxrs/jackson-jaxrs-json-provider/2.12.1/jackson-jaxrs-json-provider-2.12.1.jar:/home/runner/.m2/repository/com/fasterxml/jackson/jaxrs/jackson-jaxrs-base/2.12.1/jackson-jaxrs-base-2.12.1.jar:/home/runner/.m2/repository/org/apache/hadoop/hadoop-yarn-client/3.3.1/hadoop-yarn-client-3.3.1.jar:/home/runner/.m2/repository/org/eclipse/jetty/websocket/websocket-client/9.4.40.v20210413/websocket-client-9.4.40.v20210413.jar:/home/runner/.m2/repository/org/eclipse/jetty/jetty-client/9.4.40.v20210413/jetty-client-9.4.40.v20210413.jar:/home/runner/.m2/repository/org/eclipse/jetty/websocket/websocket-common/9.4.40.v20210413/websocket-common-9.4.40.v20210413.jar:/home/runner/.m2/repository/org/eclipse/jetty/websocket/websocket-api/9.4.40.v20210413/websocket-api-9.4.40.v20210413.jar:/home/runner/.m2/repository/org/jline/jline/3.9.0/jline-3.9.0.jar:/home/runner/.m2/repository/org/apache/hadoop/hadoop-mapreduce-client-core/3.3.1/hadoop-mapreduce-client-core-3.3.1.jar:/home/runner/.m2/repository/org/apache/avro/avro/1.7.7/avro-1.7.7.jar:/home/runner/.m2/repository/org/codehaus/jackson/jackson-core-asl/1.9.13/jackson-core-asl-1.9.13.jar:/home/runner/.m2/repository/org/codehaus/jackson/jackson-mapper-asl/1.9.13/jackson-mapper-asl-1.9.13.jar:/home/runner/.m2/repository/com/thoughtworks/paranamer/paranamer/2.3/paranamer-2.3.jar:/home/runner/.m2/repository/org/apache/hadoop/hadoop-annotations/3.3.1/hadoop-annotations-3.3.1.jar:/usr/lib/jvm/adoptopenjdk-8-hotspot-amd64/jre/../lib/tools.jar:/home/runner/.m2/repository/org/apache/hadoop/hadoop-distcp/3.3.1/hadoop-distcp-3.3.1-tests.jar:/home/runner/.m2/repository/org/apache/ratis/ratis-common/2.2.0/ratis-common-2.2.0.jar:/home/runner/.m2/repository/org/apache/ratis/ratis-thirdparty-misc/0.7.0/ratis-thirdparty-misc-0.7.0.jar:/home/runner/.m2/repository/org/apache/ratis/ratis-proto/2.2.0/ratis-proto-2.2.0.jar:"/>
    <property name="sun.cpu.endian" value="little"/>
    <property name="user.home" value="/home/runner"/>
    <property name="user.language" value="en"/>
    <property name="java.specification.vendor" value="Oracle Corporation"/>
    <property name="java.home" value="/usr/lib/jvm/adoptopenjdk-8-hotspot-amd64/jre"/>
    <property name="java.security.krb5.conf" value="/home/runner/work/ozone/ozone/hadoop-ozone/integration-test/target/test-classes/krb5.conf"/>
    <property name="basedir" value="/home/runner/work/ozone/ozone/hadoop-ozone/integration-test"/>
    <property name="file.separator" value="/"/>
    <property name="line.separator" value="&#10;"/>
    <property name="java.vm.specification.vendor" value="Oracle Corporation"/>
    <property name="java.specification.name" value="Java Platform API Specification"/>
    <property name="java.awt.graphicsenv" value="sun.awt.X11GraphicsEnvironment"/>
    <property name="skip.installnpx" value="true"/>
    <property name="surefire.real.class.path" value="/home/runner/work/ozone/ozone/hadoop-ozone/integration-test/target/surefire/surefirebooter3894759443486945789.jar:/home/runner/.m2/repository/org/jacoco/org.jacoco.agent/0.8.5/org.jacoco.agent-0.8.5-runtime.jar"/>
    <property name="hadoop.log.dir" value="/home/runner/work/ozone/ozone/hadoop-ozone/integration-test/target/log"/>
    <property name="sun.boot.class.path" value="/usr/lib/jvm/adoptopenjdk-8-hotspot-amd64/jre/lib/resources.jar:/usr/lib/jvm/adoptopenjdk-8-hotspot-amd64/jre/lib/rt.jar:/usr/lib/jvm/adoptopenjdk-8-hotspot-amd64/jre/lib/sunrsasign.jar:/usr/lib/jvm/adoptopenjdk-8-hotspot-amd64/jre/lib/jsse.jar:/usr/lib/jvm/adoptopenjdk-8-hotspot-amd64/jre/lib/jce.jar:/usr/lib/jvm/adoptopenjdk-8-hotspot-amd64/jre/lib/charsets.jar:/usr/lib/jvm/adoptopenjdk-8-hotspot-amd64/jre/lib/jfr.jar:/usr/lib/jvm/adoptopenjdk-8-hotspot-amd64/jre/classes"/>
    <property name="sun.management.compiler" value="HotSpot 64-Bit Tiered Compilers"/>
    <property name="skip.npx" value="true"/>
    <property name="java.runtime.version" value="1.8.0_292-b10"/>
    <property name="java.net.preferIPv4Stack" value="true"/>
    <property name="user.name" value="runner"/>
    <property name="path.separator" value=":"/>
    <property name="java.security.egd" value="file:///dev/urandom"/>
    <property name="os.version" value="5.4.0-1065-azure"/>
    <property name="java.endorsed.dirs" value="/usr/lib/jvm/adoptopenjdk-8-hotspot-amd64/jre/lib/endorsed"/>
    <property name="java.runtime.name" value="OpenJDK Runtime Environment"/>
    <property name="file.encoding" value="UTF-8"/>
    <property name="java.vm.name" value="OpenJDK 64-Bit Server VM"/>
    <property name="test.build.webapps" value=""/>
    <property name="localRepository" value="/home/runner/.m2/repository"/>
    <property name="java.vendor.url.bug" value="https://github.com/AdoptOpenJDK/openjdk-support/issues"/>
    <property name="java.io.tmpdir" value="/tmp"/>
    <property name="require.test.libhadoop" value=""/>
    <property name="java.version" value="1.8.0_292"/>
    <property name="user.dir" value="/home/runner/work/ozone/ozone/hadoop-ozone/integration-test"/>
    <property name="os.arch" value="amd64"/>
    <property name="java.vm.specification.name" value="Java Virtual Machine Specification"/>
    <property name="test.build.classes" value="/home/runner/work/ozone/ozone/hadoop-ozone/integration-test/target/test-classes"/>
    <property name="java.awt.printerjob" value="sun.print.PSPrinterJob"/>
    <property name="sun.os.patch.level" value="unknown"/>
    <property name="hadoop.tmp.dir" value="/home/runner/work/ozone/ozone/hadoop-ozone/integration-test/target/tmp"/>
    <property name="java.library.path" value="/usr/java/packages/lib/amd64:/usr/lib64:/lib64:/lib:/usr/lib"/>
    <property name="java.vm.info" value="mixed mode"/>
    <property name="java.vendor" value="AdoptOpenJDK"/>
    <property name="java.vm.version" value="25.292-b10"/>
    <property name="java.ext.dirs" value="/usr/lib/jvm/adoptopenjdk-8-hotspot-amd64/jre/lib/ext:/usr/java/packages/lib/ext"/>
    <property name="sun.io.unicode.encoding" value="UnicodeLittle"/>
    <property name="java.class.version" value="52.0"/>
  </properties>
  <testcase name="testMultipleDataDirs" classname="org.apache.hadoop.ozone.TestMiniOzoneCluster" time="31.557"/>
  <testcase name="testStartMultipleDatanodes" classname="org.apache.hadoop.ozone.TestMiniOzoneCluster" time="62.595"/>
  <testcase name="testDNstartAfterSCM" classname="org.apache.hadoop.ozone.TestMiniOzoneCluster" time="118.403">
    <error message="test timed out after 100000 milliseconds" type="org.junit.runners.model.TestTimedOutException"><![CDATA[org.junit.runners.model.TestTimedOutException: test timed out after 100000 milliseconds
	at java.io.UnixFileSystem.list(Native Method)
	at java.io.File.normalizedList(File.java:1153)
	at java.io.File.listFiles(File.java:1246)
	at org.reflections.vfs.SystemDir.listFiles(SystemDir.java:61)
	at org.reflections.vfs.SystemDir.access$100(SystemDir.java:15)
	at org.reflections.vfs.SystemDir$1$1.computeNext(SystemDir.java:47)
	at org.reflections.vfs.SystemDir$1$1.computeNext(SystemDir.java:39)
	at com.google.common.collect.AbstractIterator.tryToComputeNext(AbstractIterator.java:141)
	at com.google.common.collect.AbstractIterator.hasNext(AbstractIterator.java:136)
	at org.reflections.Reflections.scan(Reflections.java:243)
	at org.reflections.Reflections.scan(Reflections.java:202)
	at org.reflections.Reflections.<init>(Reflections.java:123)
	at org.reflections.Reflections.<init>(Reflections.java:168)
	at org.apache.hadoop.hdds.upgrade.HDDSLayoutVersionManager.registerUpgradeActions(HDDSLayoutVersionManager.java:64)
	at org.apache.hadoop.hdds.upgrade.HDDSLayoutVersionManager.<init>(HDDSLayoutVersionManager.java:51)
	at org.apache.hadoop.hdds.scm.server.StorageContainerManager.<init>(StorageContainerManager.java:326)
	at org.apache.hadoop.hdds.scm.server.StorageContainerManager.createSCM(StorageContainerManager.java:491)
	at org.apache.hadoop.hdds.scm.TestUtils.getScmSimple(TestUtils.java:574)
	at org.apache.hadoop.ozone.MiniOzoneClusterImpl.restartStorageContainerManager(MiniOzoneClusterImpl.java:348)
	at org.apache.hadoop.ozone.TestMiniOzoneCluster.testDNstartAfterSCM(TestMiniOzoneCluster.java:339)
	at sun.reflect.NativeMethodAccessorImpl.invoke0(Native Method)
	at sun.reflect.NativeMethodAccessorImpl.invoke(NativeMethodAccessorImpl.java:62)
	at sun.reflect.DelegatingMethodAccessorImpl.invoke(DelegatingMethodAccessorImpl.java:43)
	at java.lang.reflect.Method.invoke(Method.java:498)
	at org.junit.runners.model.FrameworkMethod$1.runReflectiveCall(FrameworkMethod.java:59)
	at org.junit.internal.runners.model.ReflectiveCallable.run(ReflectiveCallable.java:12)
	at org.junit.runners.model.FrameworkMethod.invokeExplosively(FrameworkMethod.java:56)
	at org.junit.internal.runners.statements.InvokeMethod.evaluate(InvokeMethod.java:17)
	at org.junit.internal.runners.statements.FailOnTimeout$CallableStatement.call(FailOnTimeout.java:288)
	at org.junit.internal.runners.statements.FailOnTimeout$CallableStatement.call(FailOnTimeout.java:282)
	at java.util.concurrent.FutureTask.run(FutureTask.java:266)
	at java.lang.Thread.run(Thread.java:748)
]]></error>
    <system-out><![CDATA[2022-01-18 14:48:23,017 [Time-limited test] WARN  server.ServerUtils (ServerUtils.java:getScmDbDir(148)) - ozone.scm.db.dirs is not configured. We recommend adding this setting. Falling back to ozone.metadata.dirs instead.
2022-01-18 14:48:23,028 [Time-limited test] INFO  ha.SCMHANodeDetails (SCMHANodeDetails.java:loadSCMHAConfig(157)) - ServiceID for StorageContainerManager is null
2022-01-18 14:48:23,028 [Time-limited test] INFO  ha.SCMHANodeDetails (SCMHANodeDetails.java:loadSCMHAConfig(162)) - ozone.scm.default.service.id is not defined, falling back to ozone.scm.service.ids to find serviceID for StorageContainerManager if it is HA enabled cluster
2022-01-18 14:48:23,029 [Time-limited test] INFO  server.RaftServer (ConfUtils.java:logGet(44)) - raft.rpc.type = GRPC (default)
2022-01-18 14:48:23,029 [Time-limited test] INFO  grpc.GrpcFactory (GrpcFactory.java:checkPooledByteBufAllocatorUseCacheForAllThreads(48)) - PERFORMANCE WARNING: useCacheForAllThreads is true that may cause Netty to create a lot garbage objects and, as a result, trigger GC.
	It is recommended to disable useCacheForAllThreads by setting -Dorg.apache.ratis.thirdparty.io.netty.allocator.useCacheForAllThreads=false in command line.
2022-01-18 14:48:23,029 [Time-limited test] INFO  grpc.GrpcConfigKeys (ConfUtils.java:logGet(44)) - raft.grpc.admin.port = -1 (default)
2022-01-18 14:48:23,029 [Time-limited test] INFO  grpc.GrpcConfigKeys (ConfUtils.java:logGet(44)) - raft.grpc.server.port = 9894 (custom)
2022-01-18 14:48:23,029 [Time-limited test] INFO  grpc.GrpcConfigKeys (ConfUtils.java:logGet(44)) - raft.grpc.client.port = -1 (default)
2022-01-18 14:48:23,029 [Time-limited test] INFO  grpc.GrpcConfigKeys (ConfUtils.java:logGet(44)) - raft.grpc.server.port = 9894 (custom)
2022-01-18 14:48:23,030 [Time-limited test] INFO  grpc.GrpcConfigKeys (ConfUtils.java:logGet(44)) - raft.grpc.server.port = 9894 (custom)
2022-01-18 14:48:23,030 [Time-limited test] INFO  server.GrpcService (ConfUtils.java:logGet(44)) - raft.grpc.message.size.max = 32m (=33554432) (custom)
2022-01-18 14:48:23,030 [Time-limited test] INFO  server.RaftServerConfigKeys (ConfUtils.java:logGet(44)) - raft.server.log.appender.buffer.byte-limit = 33554432 (custom)
2022-01-18 14:48:23,030 [Time-limited test] INFO  server.GrpcService (ConfUtils.java:logGet(44)) - raft.grpc.flow.control.window = 1MB (=1048576) (default)
2022-01-18 14:48:23,030 [Time-limited test] INFO  server.RaftServerConfigKeys (ConfUtils.java:logGet(44)) - raft.server.rpc.request.timeout = 30000ms (custom)
2022-01-18 14:48:23,031 [Time-limited test] INFO  impl.DataStreamServerImpl (ConfUtils.java:logGet(44)) - raft.datastream.type = DISABLED (default)
2022-01-18 14:48:23,031 [Time-limited test] INFO  server.RaftServerConfigKeys (ConfUtils.java:logGet(44)) - raft.server.rpc.slowness.timeout = 120000ms (custom)
2022-01-18 14:48:23,032 [Time-limited test] INFO  server.RaftServerConfigKeys (ConfUtils.java:logGet(44)) - raft.server.leaderelection.leader.step-down.wait-time = 10s (default)
2022-01-18 14:48:23,032 [Time-limited test] INFO  server.RaftServerConfigKeys (ConfUtils.java:logGet(44)) - raft.server.storage.dir = [/home/runner/work/ozone/ozone/hadoop-ozone/integration-test/target/test-dir/MiniOzoneClusterImpl-0ccfa9de-752d-4e8f-9bbd-0e124a2d3e08/ozone-meta/scm-ha] (custom)
2022-01-18 14:48:23,036 [Time-limited test] INFO  server.RaftServer (RaftServerProxy.java:addNew(95)) - 4a5d2158-d864-4e23-92c4-2f293c65e9a1: addNew group-0E124A2D3E08:[4a5d2158-d864-4e23-92c4-2f293c65e9a1|rpc:fv-az151-72:9894|priority:0] returns group-0E124A2D3E08:java.util.concurrent.CompletableFuture@453d7f77[Not completed]
2022-01-18 14:48:23,044 [pool-189-thread-1] INFO  server.RaftServer$Division (RaftServerImpl.java:<init>(184)) - 4a5d2158-d864-4e23-92c4-2f293c65e9a1: new RaftServerImpl for group-0E124A2D3E08:[4a5d2158-d864-4e23-92c4-2f293c65e9a1|rpc:fv-az151-72:9894|priority:0] with SCMStateMachine:uninitialized
2022-01-18 14:48:23,052 [pool-189-thread-1] INFO  server.RaftServerConfigKeys (ConfUtils.java:logGet(44)) - raft.server.rpc.timeout.min = 5000ms (custom)
2022-01-18 14:48:23,053 [pool-189-thread-1] INFO  server.RaftServerConfigKeys (ConfUtils.java:logGet(44)) - raft.server.rpc.timeout.max = 5200ms (custom)
2022-01-18 14:48:23,053 [pool-189-thread-1] INFO  server.RaftServerConfigKeys (ConfUtils.java:logGet(44)) - raft.server.rpc.sleep.time = 25ms (default)
2022-01-18 14:48:23,053 [pool-189-thread-1] INFO  server.RaftServerConfigKeys (ConfUtils.java:logGet(44)) - raft.server.rpc.slowness.timeout = 120000ms (custom)
2022-01-18 14:48:23,053 [pool-189-thread-1] INFO  server.RaftServerConfigKeys (ConfUtils.java:logGet(44)) - raft.server.leaderelection.leader.step-down.wait-time = 10s (default)
2022-01-18 14:48:23,053 [pool-189-thread-1] INFO  server.RaftServerConfigKeys (ConfUtils.java:logGet(44)) - raft.server.sleep.deviation.threshold = 300ms (default)
2022-01-18 14:48:23,053 [pool-189-thread-1] INFO  server.RaftServerConfigKeys (ConfUtils.java:logGet(44)) - raft.server.log.appender.install.snapshot.enabled = false (custom)
2022-01-18 14:48:23,053 [pool-189-thread-1] INFO  server.RaftServer$Division (ServerState.java:<init>(105)) - 4a5d2158-d864-4e23-92c4-2f293c65e9a1@group-0E124A2D3E08: ConfigurationManager, init=-1: [4a5d2158-d864-4e23-92c4-2f293c65e9a1|rpc:fv-az151-72:9894|priority:0], old=null, confs=<EMPTY_MAP>
2022-01-18 14:48:23,053 [pool-189-thread-1] INFO  server.RaftServerConfigKeys (ConfUtils.java:logGet(44)) - raft.server.storage.dir = [/home/runner/work/ozone/ozone/hadoop-ozone/integration-test/target/test-dir/MiniOzoneClusterImpl-0ccfa9de-752d-4e8f-9bbd-0e124a2d3e08/ozone-meta/scm-ha] (custom)
2022-01-18 14:48:23,053 [pool-189-thread-1] INFO  server.RaftServerConfigKeys (ConfUtils.java:logGet(44)) - raft.server.log.corruption.policy = EXCEPTION (default)
2022-01-18 14:48:23,053 [pool-189-thread-1] INFO  server.RaftServerConfigKeys (ConfUtils.java:logGet(44)) - raft.server.storage.free-space.min = 0MB (=0) (default)
2022-01-18 14:48:23,053 [pool-189-thread-1] INFO  storage.RaftStorageDirectory (RaftStorageDirectoryImpl.java:analyzeStorage(135)) - The storage directory /home/runner/work/ozone/ozone/hadoop-ozone/integration-test/target/test-dir/MiniOzoneClusterImpl-0ccfa9de-752d-4e8f-9bbd-0e124a2d3e08/ozone-meta/scm-ha/0ccfa9de-752d-4e8f-9bbd-0e124a2d3e08 does not exist. Creating ...
2022-01-18 14:48:23,060 [pool-189-thread-1] INFO  storage.RaftStorageDirectory (RaftStorageDirectoryImpl.java:tryLock(230)) - Lock on /home/runner/work/ozone/ozone/hadoop-ozone/integration-test/target/test-dir/MiniOzoneClusterImpl-0ccfa9de-752d-4e8f-9bbd-0e124a2d3e08/ozone-meta/scm-ha/0ccfa9de-752d-4e8f-9bbd-0e124a2d3e08/in_use.lock acquired by nodename 22330@fv-az151-72
2022-01-18 14:48:23,063 [pool-189-thread-1] INFO  storage.RaftStorage (RaftStorageImpl.java:format(89)) - Storage directory /home/runner/work/ozone/ozone/hadoop-ozone/integration-test/target/test-dir/MiniOzoneClusterImpl-0ccfa9de-752d-4e8f-9bbd-0e124a2d3e08/ozone-meta/scm-ha/0ccfa9de-752d-4e8f-9bbd-0e124a2d3e08 has been successfully formatted.
2022-01-18 14:48:23,064 [pool-189-thread-1] INFO  server.RaftServerConfigKeys (ConfUtils.java:logGet(44)) - raft.server.notification.no-leader.timeout = 60s (default)
2022-01-18 14:48:23,064 [pool-189-thread-1] INFO  server.RaftServerConfigKeys (ConfUtils.java:logGet(44)) - raft.server.log.use.memory = false (default)
2022-01-18 14:48:23,064 [pool-189-thread-1] INFO  server.RaftServerConfigKeys (ConfUtils.java:logGet(44)) - raft.server.log.purge.gap = 1000000 (custom)
2022-01-18 14:48:23,064 [pool-189-thread-1] INFO  server.RaftServerConfigKeys (ConfUtils.java:logGet(44)) - raft.server.log.appender.buffer.byte-limit = 33554432 (custom)
2022-01-18 14:48:23,064 [pool-189-thread-1] INFO  server.RaftServerConfigKeys (ConfUtils.java:logGet(44)) - raft.server.log.segment.size.max = 4194304 (custom)
2022-01-18 14:48:23,065 [pool-189-thread-1] INFO  server.RaftServerConfigKeys (ConfUtils.java:logGet(44)) - raft.server.log.segment.cache.num.max = 2 (custom)
2022-01-18 14:48:23,065 [pool-189-thread-1] INFO  server.RaftServerConfigKeys (ConfUtils.java:logGet(44)) - raft.server.log.segment.cache.size.max = 200MB (=209715200) (default)
2022-01-18 14:48:23,065 [pool-189-thread-1] INFO  segmented.SegmentedRaftLogWorker (SegmentedRaftLogWorker.java:<init>(182)) - new 4a5d2158-d864-4e23-92c4-2f293c65e9a1@group-0E124A2D3E08-SegmentedRaftLogWorker for RaftStorageImpl:Storage Directory /home/runner/work/ozone/ozone/hadoop-ozone/integration-test/target/test-dir/MiniOzoneClusterImpl-0ccfa9de-752d-4e8f-9bbd-0e124a2d3e08/ozone-meta/scm-ha/0ccfa9de-752d-4e8f-9bbd-0e124a2d3e08
2022-01-18 14:48:23,065 [pool-189-thread-1] INFO  server.RaftServerConfigKeys (ConfUtils.java:logGet(44)) - raft.server.log.queue.byte-limit = 64MB (=67108864) (default)
2022-01-18 14:48:23,065 [pool-189-thread-1] INFO  server.RaftServerConfigKeys (ConfUtils.java:logGet(44)) - raft.server.log.queue.element-limit = 4096 (default)
2022-01-18 14:48:23,065 [pool-189-thread-1] INFO  server.RaftServerConfigKeys (ConfUtils.java:logGet(44)) - raft.server.log.segment.size.max = 4194304 (custom)
2022-01-18 14:48:23,065 [pool-189-thread-1] INFO  server.RaftServerConfigKeys (ConfUtils.java:logGet(44)) - raft.server.log.preallocated.size = 4194304 (custom)
2022-01-18 14:48:23,065 [pool-189-thread-1] INFO  server.RaftServerConfigKeys (ConfUtils.java:logGet(44)) - raft.server.log.force.sync.num = 128 (default)
2022-01-18 14:48:23,065 [pool-189-thread-1] INFO  server.RaftServerConfigKeys (ConfUtils.java:logGet(44)) - raft.server.log.statemachine.data.sync = true (default)
2022-01-18 14:48:23,065 [pool-189-thread-1] INFO  server.RaftServerConfigKeys (ConfUtils.java:logGet(44)) - raft.server.log.statemachine.data.sync.timeout = 10s (default)
2022-01-18 14:48:23,065 [pool-189-thread-1] INFO  server.RaftServerConfigKeys (ConfUtils.java:logGet(44)) - raft.server.log.statemachine.data.sync.timeout.retry = -1 (default)
2022-01-18 14:48:23,067 [pool-189-thread-1] INFO  server.RaftServerConfigKeys (ConfUtils.java:logGet(44)) - raft.server.log.write.buffer.size = 64KB (=65536) (default)
2022-01-18 14:48:23,072 [pool-189-thread-1] INFO  server.RaftServerConfigKeys (ConfUtils.java:logGet(44)) - raft.server.log.statemachine.data.caching.enabled = false (default)
2022-01-18 14:48:23,072 [pool-189-thread-1] INFO  segmented.SegmentedRaftLogWorker (SegmentedRaftLogWorker.java:lambda$new$0(133)) - 4a5d2158-d864-4e23-92c4-2f293c65e9a1@group-0E124A2D3E08-SegmentedRaftLogWorker: flushIndex: setUnconditionally 0 -> -1
2022-01-18 14:48:23,072 [pool-189-thread-1] INFO  segmented.SegmentedRaftLogWorker (SegmentedRaftLogWorker.java:lambda$new$0(133)) - 4a5d2158-d864-4e23-92c4-2f293c65e9a1@group-0E124A2D3E08-SegmentedRaftLogWorker: safeCacheEvictIndex: setUnconditionally 0 -> -1
2022-01-18 14:48:23,081 [pool-189-thread-1] INFO  server.RaftServerConfigKeys (ConfUtils.java:logGet(44)) - raft.server.snapshot.auto.trigger.enabled = true (custom)
2022-01-18 14:48:23,081 [pool-189-thread-1] INFO  server.RaftServerConfigKeys (ConfUtils.java:logGet(44)) - raft.server.snapshot.auto.trigger.threshold = 1000 (custom)
2022-01-18 14:48:23,081 [pool-189-thread-1] INFO  server.RaftServerConfigKeys (ConfUtils.java:logGet(44)) - raft.server.snapshot.retention.file.num = -1 (default)
2022-01-18 14:48:23,081 [pool-189-thread-1] INFO  server.RaftServerConfigKeys (ConfUtils.java:logGet(44)) - raft.server.log.purge.upto.snapshot.index = false (default)
2022-01-18 14:48:23,081 [pool-189-thread-1] INFO  server.RaftServerConfigKeys (ConfUtils.java:logGet(44)) - raft.server.retrycache.expirytime = 60000ms (default)
2022-01-18 14:48:23,081 [pool-189-thread-1] INFO  server.RaftServerConfigKeys (ConfUtils.java:logGet(44)) - raft.server.retrycache.statistics.expirytime = 100μs (default)
2022-01-18 14:48:23,083 [Time-limited test] INFO  server.RaftServer$Division (RaftServerImpl.java:start(301)) - 4a5d2158-d864-4e23-92c4-2f293c65e9a1@group-0E124A2D3E08: start as a follower, conf=-1: [4a5d2158-d864-4e23-92c4-2f293c65e9a1|rpc:fv-az151-72:9894|priority:0], old=null
2022-01-18 14:48:23,083 [Time-limited test] INFO  server.RaftServer$Division (RaftServerImpl.java:setRole(290)) - 4a5d2158-d864-4e23-92c4-2f293c65e9a1@group-0E124A2D3E08: changes role from      null to FOLLOWER at term 0 for startAsFollower
2022-01-18 14:48:23,083 [Time-limited test] INFO  impl.RoleInfo (RoleInfo.java:updateAndGet(130)) - 4a5d2158-d864-4e23-92c4-2f293c65e9a1: start 4a5d2158-d864-4e23-92c4-2f293c65e9a1@group-0E124A2D3E08-FollowerState
2022-01-18 14:48:23,088 [Time-limited test] INFO  util.JmxRegister (JmxRegister.java:tryRegister(44)) - Successfully registered JMX Bean with object name Ratis:service=RaftServer,group=group-0E124A2D3E08,id=4a5d2158-d864-4e23-92c4-2f293c65e9a1
2022-01-18 14:48:23,096 [Time-limited test] INFO  server.RaftServer (RaftServerProxy.java:lambda$start$5(374)) - 4a5d2158-d864-4e23-92c4-2f293c65e9a1: start RPC server
2022-01-18 14:48:23,097 [Time-limited test] INFO  server.GrpcService (GrpcService.java:startImpl(253)) - 4a5d2158-d864-4e23-92c4-2f293c65e9a1: GrpcService started, listening on 9894
2022-01-18 14:48:23,116 [org.apache.ratis.util.JvmPauseMonitor$$Lambda$431/617926966@1011769b] INFO  util.JvmPauseMonitor (JvmPauseMonitor.java:run(103)) - JvmPauseMonitor-4a5d2158-d864-4e23-92c4-2f293c65e9a1: Started
2022-01-18 14:48:28,241 [4a5d2158-d864-4e23-92c4-2f293c65e9a1@group-0E124A2D3E08-FollowerState] INFO  impl.FollowerState (FollowerState.java:run(134)) - 4a5d2158-d864-4e23-92c4-2f293c65e9a1@group-0E124A2D3E08-FollowerState: change to CANDIDATE, lastRpcElapsedTime:5158227052ns, electionTimeout:5152ms
2022-01-18 14:48:28,242 [4a5d2158-d864-4e23-92c4-2f293c65e9a1@group-0E124A2D3E08-FollowerState] INFO  impl.RoleInfo (RoleInfo.java:shutdownFollowerState(108)) - 4a5d2158-d864-4e23-92c4-2f293c65e9a1: shutdown 4a5d2158-d864-4e23-92c4-2f293c65e9a1@group-0E124A2D3E08-FollowerState
2022-01-18 14:48:28,242 [4a5d2158-d864-4e23-92c4-2f293c65e9a1@group-0E124A2D3E08-FollowerState] INFO  server.RaftServer$Division (RaftServerImpl.java:setRole(290)) - 4a5d2158-d864-4e23-92c4-2f293c65e9a1@group-0E124A2D3E08: changes role from  FOLLOWER to CANDIDATE at term 0 for changeToCandidate
2022-01-18 14:48:28,242 [4a5d2158-d864-4e23-92c4-2f293c65e9a1@group-0E124A2D3E08-FollowerState] INFO  server.RaftServerConfigKeys (ConfUtils.java:logGet(44)) - raft.server.leaderelection.pre-vote = false (custom)
2022-01-18 14:48:28,242 [4a5d2158-d864-4e23-92c4-2f293c65e9a1@group-0E124A2D3E08-FollowerState] INFO  impl.RoleInfo (RoleInfo.java:updateAndGet(130)) - 4a5d2158-d864-4e23-92c4-2f293c65e9a1: start 4a5d2158-d864-4e23-92c4-2f293c65e9a1@group-0E124A2D3E08-LeaderElection15
2022-01-18 14:48:28,262 [4a5d2158-d864-4e23-92c4-2f293c65e9a1@group-0E124A2D3E08-LeaderElection15] INFO  impl.LeaderElection (LeaderElection.java:askForVotes(306)) - 4a5d2158-d864-4e23-92c4-2f293c65e9a1@group-0E124A2D3E08-LeaderElection15 ELECTION round 0: submit vote requests at term 1 for -1: [4a5d2158-d864-4e23-92c4-2f293c65e9a1|rpc:fv-az151-72:9894|priority:0], old=null
2022-01-18 14:48:28,262 [4a5d2158-d864-4e23-92c4-2f293c65e9a1@group-0E124A2D3E08-LeaderElection15] INFO  impl.LeaderElection (LeaderElection.java:askForVotes(308)) - 4a5d2158-d864-4e23-92c4-2f293c65e9a1@group-0E124A2D3E08-LeaderElection15 ELECTION round 0: result PASSED (term=1)
2022-01-18 14:48:28,262 [4a5d2158-d864-4e23-92c4-2f293c65e9a1@group-0E124A2D3E08-LeaderElection15] INFO  impl.RoleInfo (RoleInfo.java:shutdownLeaderElection(121)) - 4a5d2158-d864-4e23-92c4-2f293c65e9a1: shutdown 4a5d2158-d864-4e23-92c4-2f293c65e9a1@group-0E124A2D3E08-LeaderElection15
2022-01-18 14:48:28,262 [4a5d2158-d864-4e23-92c4-2f293c65e9a1@group-0E124A2D3E08-LeaderElection15] INFO  server.RaftServer$Division (RaftServerImpl.java:setRole(290)) - 4a5d2158-d864-4e23-92c4-2f293c65e9a1@group-0E124A2D3E08: changes role from CANDIDATE to LEADER at term 1 for changeToLeader
2022-01-18 14:48:28,262 [4a5d2158-d864-4e23-92c4-2f293c65e9a1@group-0E124A2D3E08-LeaderElection15] INFO  server.RaftServer$Division (ServerState.java:setLeader(285)) - 4a5d2158-d864-4e23-92c4-2f293c65e9a1@group-0E124A2D3E08: change Leader from null to 4a5d2158-d864-4e23-92c4-2f293c65e9a1 at term 1 for becomeLeader, leader elected after 5198ms
2022-01-18 14:48:28,262 [4a5d2158-d864-4e23-92c4-2f293c65e9a1@group-0E124A2D3E08-LeaderElection15] INFO  server.RaftServerConfigKeys (ConfUtils.java:logGet(44)) - raft.server.staging.catchup.gap = 1000 (default)
2022-01-18 14:48:28,263 [4a5d2158-d864-4e23-92c4-2f293c65e9a1@group-0E124A2D3E08-LeaderElection15] INFO  server.RaftServerConfigKeys (ConfUtils.java:logGet(44)) - raft.server.write.element-limit = 4096 (default)
2022-01-18 14:48:28,263 [4a5d2158-d864-4e23-92c4-2f293c65e9a1@group-0E124A2D3E08-LeaderElection15] INFO  server.RaftServerConfigKeys (ConfUtils.java:logGet(44)) - raft.server.write.byte-limit = 64MB (=67108864) (default)
2022-01-18 14:48:28,263 [4a5d2158-d864-4e23-92c4-2f293c65e9a1@group-0E124A2D3E08-LeaderElection15] INFO  server.RaftServerConfigKeys (ConfUtils.java:logGet(44)) - raft.server.watch.timeout = 10s (default)
2022-01-18 14:48:28,263 [4a5d2158-d864-4e23-92c4-2f293c65e9a1@group-0E124A2D3E08-LeaderElection15] INFO  server.RaftServerConfigKeys (ConfUtils.java:logGet(44)) - raft.server.watch.timeout.denomination = 1s (default)
2022-01-18 14:48:28,263 [4a5d2158-d864-4e23-92c4-2f293c65e9a1@group-0E124A2D3E08-LeaderElection15] INFO  server.RaftServerConfigKeys (ConfUtils.java:logGet(44)) - raft.server.watch.element-limit = 65536 (default)
2022-01-18 14:48:28,263 [4a5d2158-d864-4e23-92c4-2f293c65e9a1@group-0E124A2D3E08-LeaderElection15] INFO  server.RaftServerConfigKeys (ConfUtils.java:logGet(44)) - raft.server.write.element-limit = 4096 (default)
2022-01-18 14:48:28,263 [4a5d2158-d864-4e23-92c4-2f293c65e9a1@group-0E124A2D3E08-LeaderElection15] INFO  server.RaftServerConfigKeys (ConfUtils.java:logGet(44)) - raft.server.write.follower.gap.ratio.max = -1.0 (default)
2022-01-18 14:48:28,263 [4a5d2158-d864-4e23-92c4-2f293c65e9a1@group-0E124A2D3E08-LeaderElection15] INFO  impl.RoleInfo (RoleInfo.java:updateAndGet(130)) - 4a5d2158-d864-4e23-92c4-2f293c65e9a1: start 4a5d2158-d864-4e23-92c4-2f293c65e9a1@group-0E124A2D3E08-LeaderStateImpl
2022-01-18 14:48:28,264 [4a5d2158-d864-4e23-92c4-2f293c65e9a1@group-0E124A2D3E08-LeaderElection15] INFO  segmented.SegmentedRaftLogWorker (SegmentedRaftLogWorker.java:startLogSegment(394)) - 4a5d2158-d864-4e23-92c4-2f293c65e9a1@group-0E124A2D3E08-SegmentedRaftLogWorker: Starting segment from index:0
2022-01-18 14:48:28,277 [4a5d2158-d864-4e23-92c4-2f293c65e9a1@group-0E124A2D3E08-SegmentedRaftLogWorker] INFO  segmented.SegmentedRaftLogWorker (SegmentedRaftLogWorker.java:execute(601)) - 4a5d2158-d864-4e23-92c4-2f293c65e9a1@group-0E124A2D3E08-SegmentedRaftLogWorker: created new log segment /home/runner/work/ozone/ozone/hadoop-ozone/integration-test/target/test-dir/MiniOzoneClusterImpl-0ccfa9de-752d-4e8f-9bbd-0e124a2d3e08/ozone-meta/scm-ha/0ccfa9de-752d-4e8f-9bbd-0e124a2d3e08/current/log_inprogress_0
2022-01-18 14:48:28,288 [4a5d2158-d864-4e23-92c4-2f293c65e9a1@group-0E124A2D3E08-LeaderElection15] INFO  server.RaftServer$Division (ServerState.java:setRaftConf(387)) - 4a5d2158-d864-4e23-92c4-2f293c65e9a1@group-0E124A2D3E08: set configuration 0: [4a5d2158-d864-4e23-92c4-2f293c65e9a1|rpc:fv-az151-72:9894|admin:|client:|dataStream:|priority:0], old=null
2022-01-18 14:48:29,118 [Time-limited test] INFO  server.RaftServer (RaftServerProxy.java:lambda$close$6(391)) - 4a5d2158-d864-4e23-92c4-2f293c65e9a1: close
2022-01-18 14:48:29,118 [Time-limited test] INFO  server.RaftServer$Division (RaftServerImpl.java:lambda$close$4(412)) - 4a5d2158-d864-4e23-92c4-2f293c65e9a1@group-0E124A2D3E08: shutdown
2022-01-18 14:48:29,119 [Time-limited test] INFO  util.JmxRegister (JmxRegister.java:unregister(73)) - Successfully un-registered JMX Bean with object name Ratis:service=RaftServer,group=group-0E124A2D3E08,id=4a5d2158-d864-4e23-92c4-2f293c65e9a1
2022-01-18 14:48:29,119 [Time-limited test] INFO  impl.RoleInfo (RoleInfo.java:shutdownLeaderState(91)) - 4a5d2158-d864-4e23-92c4-2f293c65e9a1: shutdown 4a5d2158-d864-4e23-92c4-2f293c65e9a1@group-0E124A2D3E08-LeaderStateImpl
2022-01-18 14:48:29,119 [Time-limited test] INFO  impl.PendingRequests (PendingRequests.java:sendNotLeaderResponses(282)) - 4a5d2158-d864-4e23-92c4-2f293c65e9a1@group-0E124A2D3E08-PendingRequests: sendNotLeaderResponses
2022-01-18 14:48:29,119 [Time-limited test] INFO  impl.StateMachineUpdater (StateMachineUpdater.java:stopAndJoin(149)) - 4a5d2158-d864-4e23-92c4-2f293c65e9a1@group-0E124A2D3E08-StateMachineUpdater: set stopIndex = 0
2022-01-18 14:48:29,121 [4a5d2158-d864-4e23-92c4-2f293c65e9a1@group-0E124A2D3E08-StateMachineUpdater] INFO  impl.StateMachineUpdater (StateMachineUpdater.java:takeSnapshot(281)) - 4a5d2158-d864-4e23-92c4-2f293c65e9a1@group-0E124A2D3E08-StateMachineUpdater: Took a snapshot at index 0
2022-01-18 14:48:29,121 [4a5d2158-d864-4e23-92c4-2f293c65e9a1@group-0E124A2D3E08-StateMachineUpdater] INFO  impl.StateMachineUpdater (StateMachineUpdater.java:lambda$new$0(89)) - 4a5d2158-d864-4e23-92c4-2f293c65e9a1@group-0E124A2D3E08-StateMachineUpdater: snapshotIndex: updateIncreasingly -1 -> 0
2022-01-18 14:48:29,122 [Time-limited test] INFO  server.RaftServer$Division (ServerState.java:close(419)) - 4a5d2158-d864-4e23-92c4-2f293c65e9a1@group-0E124A2D3E08: closes. applyIndex: 0
2022-01-18 14:48:29,122 [4a5d2158-d864-4e23-92c4-2f293c65e9a1@group-0E124A2D3E08-SegmentedRaftLogWorker] INFO  segmented.SegmentedRaftLogWorker (SegmentedRaftLogWorker.java:run(327)) - 4a5d2158-d864-4e23-92c4-2f293c65e9a1@group-0E124A2D3E08-SegmentedRaftLogWorker was interrupted, exiting. There are 0 tasks remaining in the queue.
2022-01-18 14:48:29,123 [Time-limited test] INFO  segmented.SegmentedRaftLogWorker (SegmentedRaftLogWorker.java:close(237)) - 4a5d2158-d864-4e23-92c4-2f293c65e9a1@group-0E124A2D3E08-SegmentedRaftLogWorker close()
2022-01-18 14:48:29,124 [Time-limited test] INFO  server.GrpcService (GrpcService.java:closeImpl(262)) - 4a5d2158-d864-4e23-92c4-2f293c65e9a1: shutdown server with port 9894 now
2022-01-18 14:48:29,125 [Time-limited test] INFO  server.GrpcService (GrpcService.java:closeImpl(271)) - 4a5d2158-d864-4e23-92c4-2f293c65e9a1: shutdown server with port 9894 successfully
2022-01-18 14:48:29,125 [org.apache.ratis.util.JvmPauseMonitor$$Lambda$431/617926966@1011769b] INFO  util.JvmPauseMonitor (JvmPauseMonitor.java:run(109)) - JvmPauseMonitor-4a5d2158-d864-4e23-92c4-2f293c65e9a1: Stopped
2022-01-18 14:48:29,125 [Time-limited test] INFO  ha.SCMHANodeDetails (SCMHANodeDetails.java:loadSCMHAConfig(157)) - ServiceID for StorageContainerManager is null
2022-01-18 14:48:29,125 [Time-limited test] INFO  ha.SCMHANodeDetails (SCMHANodeDetails.java:loadSCMHAConfig(162)) - ozone.scm.default.service.id is not defined, falling back to ozone.scm.service.ids to find serviceID for StorageContainerManager if it is HA enabled cluster
2022-01-18 14:48:29,126 [Time-limited test] WARN  server.ServerUtils (ServerUtils.java:getScmDbDir(148)) - ozone.scm.db.dirs is not configured. We recommend adding this setting. Falling back to ozone.metadata.dirs instead.
2022-01-18 14:48:29,131 [Time-limited test] INFO  upgrade.AbstractLayoutVersionManager (AbstractLayoutVersionManager.java:init(79)) - Initializing Layout version manager with metadata layout = SCM_HA (version = 2), software layout = SCM_HA (version = 2)
2022-01-18 14:48:29,276 [Time-limited test] INFO  reflections.Reflections (Reflections.java:scan(232)) - Reflections took 143 ms to scan 7 urls, producing 119 keys and 279 values 
2022-01-18 14:48:29,278 [Time-limited test] WARN  utils.HAUtils (HAUtils.java:getMetaDir(342)) - ozone.scm.db.dirs is not configured. We recommend adding this setting. Falling back to ozone.metadata.dirs instead.
2022-01-18 14:48:29,287 [Time-limited test] WARN  db.DBStoreBuilder (DBStoreBuilder.java:applyDBDefinition(145)) - ozone.scm.db.dirs is not configured. We recommend adding this setting. Falling back to ozone.metadata.dirs instead.
2022-01-18 14:48:29,452 [Time-limited test] INFO  net.NodeSchemaLoader (NodeSchemaLoader.java:loadSchemaFromFile(129)) - Loading schema from [jar:file:/home/runner/.m2/repository/org/apache/ozone/hdds-common/1.3.0-SNAPSHOT/hdds-common-1.3.0-SNAPSHOT.jar!/network-topology-default.xml]
2022-01-18 14:48:29,464 [Time-limited test] INFO  net.NodeSchemaLoader (NodeSchemaLoader.java:loadSchema(176)) - Loading network topology layer schema file
2022-01-18 14:48:29,467 [Time-limited test] INFO  ha.SCMRatisServerImpl (SCMRatisServerImpl.java:<init>(87)) - starting Raft server for scm:4a5d2158-d864-4e23-92c4-2f293c65e9a1
2022-01-18 14:48:29,468 [Time-limited test] INFO  server.RaftServer (ConfUtils.java:logGet(44)) - raft.rpc.type = GRPC (default)
2022-01-18 14:48:29,468 [Time-limited test] INFO  grpc.GrpcFactory (GrpcFactory.java:checkPooledByteBufAllocatorUseCacheForAllThreads(48)) - PERFORMANCE WARNING: useCacheForAllThreads is true that may cause Netty to create a lot garbage objects and, as a result, trigger GC.
	It is recommended to disable useCacheForAllThreads by setting -Dorg.apache.ratis.thirdparty.io.netty.allocator.useCacheForAllThreads=false in command line.
2022-01-18 14:48:29,470 [Time-limited test] INFO  grpc.GrpcConfigKeys (ConfUtils.java:logGet(44)) - raft.grpc.admin.port = -1 (default)
2022-01-18 14:48:29,470 [Time-limited test] INFO  grpc.GrpcConfigKeys (ConfUtils.java:logGet(44)) - raft.grpc.server.port = 9894 (custom)
2022-01-18 14:48:29,470 [Time-limited test] INFO  grpc.GrpcConfigKeys (ConfUtils.java:logGet(44)) - raft.grpc.client.port = -1 (default)
2022-01-18 14:48:29,470 [Time-limited test] INFO  grpc.GrpcConfigKeys (ConfUtils.java:logGet(44)) - raft.grpc.server.port = 9894 (custom)
2022-01-18 14:48:29,470 [Time-limited test] INFO  grpc.GrpcConfigKeys (ConfUtils.java:logGet(44)) - raft.grpc.server.port = 9894 (custom)
2022-01-18 14:48:29,470 [Time-limited test] INFO  server.GrpcService (ConfUtils.java:logGet(44)) - raft.grpc.message.size.max = 32m (=33554432) (custom)
2022-01-18 14:48:29,470 [Time-limited test] INFO  server.RaftServerConfigKeys (ConfUtils.java:logGet(44)) - raft.server.log.appender.buffer.byte-limit = 33554432 (custom)
2022-01-18 14:48:29,470 [Time-limited test] INFO  server.GrpcService (ConfUtils.java:logGet(44)) - raft.grpc.flow.control.window = 1MB (=1048576) (default)
2022-01-18 14:48:29,471 [Time-limited test] INFO  server.RaftServerConfigKeys (ConfUtils.java:logGet(44)) - raft.server.rpc.request.timeout = 30000ms (custom)
2022-01-18 14:48:29,472 [Time-limited test] INFO  impl.DataStreamServerImpl (ConfUtils.java:logGet(44)) - raft.datastream.type = DISABLED (default)
2022-01-18 14:48:29,480 [Time-limited test] INFO  server.RaftServerConfigKeys (ConfUtils.java:logGet(44)) - raft.server.rpc.slowness.timeout = 120000ms (custom)
2022-01-18 14:48:29,480 [Time-limited test] INFO  server.RaftServerConfigKeys (ConfUtils.java:logGet(44)) - raft.server.leaderelection.leader.step-down.wait-time = 10s (default)
2022-01-18 14:48:29,480 [Time-limited test] INFO  server.RaftServerConfigKeys (ConfUtils.java:logGet(44)) - raft.server.storage.dir = [/home/runner/work/ozone/ozone/hadoop-ozone/integration-test/target/test-dir/MiniOzoneClusterImpl-0ccfa9de-752d-4e8f-9bbd-0e124a2d3e08/ozone-meta/scm-ha] (custom)
2022-01-18 14:48:29,480 [Time-limited test] INFO  server.RaftServer (RaftServerProxy.java:lambda$null$1(235)) - 4a5d2158-d864-4e23-92c4-2f293c65e9a1: found a subdirectory /home/runner/work/ozone/ozone/hadoop-ozone/integration-test/target/test-dir/MiniOzoneClusterImpl-0ccfa9de-752d-4e8f-9bbd-0e124a2d3e08/ozone-meta/scm-ha/0ccfa9de-752d-4e8f-9bbd-0e124a2d3e08
2022-01-18 14:48:29,488 [Time-limited test] INFO  server.RaftServer (RaftServerProxy.java:addNew(95)) - 4a5d2158-d864-4e23-92c4-2f293c65e9a1: addNew group-0E124A2D3E08:[] returns group-0E124A2D3E08:java.util.concurrent.CompletableFuture@17bf5a95[Not completed]
2022-01-18 14:48:29,492 [pool-202-thread-1] INFO  server.RaftServer$Division (RaftServerImpl.java:<init>(184)) - 4a5d2158-d864-4e23-92c4-2f293c65e9a1: new RaftServerImpl for group-0E124A2D3E08:[] with SCMStateMachine:uninitialized
2022-01-18 14:48:29,500 [pool-202-thread-1] INFO  server.RaftServerConfigKeys (ConfUtils.java:logGet(44)) - raft.server.rpc.timeout.min = 5000ms (custom)
2022-01-18 14:48:29,500 [pool-202-thread-1] INFO  server.RaftServerConfigKeys (ConfUtils.java:logGet(44)) - raft.server.rpc.timeout.max = 5200ms (custom)
2022-01-18 14:48:29,500 [pool-202-thread-1] INFO  server.RaftServerConfigKeys (ConfUtils.java:logGet(44)) - raft.server.rpc.sleep.time = 25ms (default)
2022-01-18 14:48:29,500 [pool-202-thread-1] INFO  server.RaftServerConfigKeys (ConfUtils.java:logGet(44)) - raft.server.rpc.slowness.timeout = 120000ms (custom)
2022-01-18 14:48:29,500 [pool-202-thread-1] INFO  server.RaftServerConfigKeys (ConfUtils.java:logGet(44)) - raft.server.leaderelection.leader.step-down.wait-time = 10s (default)
2022-01-18 14:48:29,500 [pool-202-thread-1] INFO  server.RaftServerConfigKeys (ConfUtils.java:logGet(44)) - raft.server.sleep.deviation.threshold = 300ms (default)
2022-01-18 14:48:29,500 [pool-202-thread-1] INFO  server.RaftServerConfigKeys (ConfUtils.java:logGet(44)) - raft.server.log.appender.install.snapshot.enabled = false (custom)
2022-01-18 14:48:29,500 [pool-202-thread-1] INFO  server.RaftServer$Division (ServerState.java:<init>(105)) - 4a5d2158-d864-4e23-92c4-2f293c65e9a1@group-0E124A2D3E08: ConfigurationManager, init=-1: [], old=null, confs=<EMPTY_MAP>
2022-01-18 14:48:29,500 [pool-202-thread-1] INFO  server.RaftServerConfigKeys (ConfUtils.java:logGet(44)) - raft.server.storage.dir = [/home/runner/work/ozone/ozone/hadoop-ozone/integration-test/target/test-dir/MiniOzoneClusterImpl-0ccfa9de-752d-4e8f-9bbd-0e124a2d3e08/ozone-meta/scm-ha] (custom)
2022-01-18 14:48:29,501 [pool-202-thread-1] INFO  server.RaftServerConfigKeys (ConfUtils.java:logGet(44)) - raft.server.log.corruption.policy = EXCEPTION (default)
2022-01-18 14:48:29,501 [pool-202-thread-1] INFO  server.RaftServerConfigKeys (ConfUtils.java:logGet(44)) - raft.server.storage.free-space.min = 0MB (=0) (default)
2022-01-18 14:48:29,502 [pool-202-thread-1] INFO  storage.RaftStorageDirectory (RaftStorageDirectoryImpl.java:tryLock(230)) - Lock on /home/runner/work/ozone/ozone/hadoop-ozone/integration-test/target/test-dir/MiniOzoneClusterImpl-0ccfa9de-752d-4e8f-9bbd-0e124a2d3e08/ozone-meta/scm-ha/0ccfa9de-752d-4e8f-9bbd-0e124a2d3e08/in_use.lock acquired by nodename 22330@fv-az151-72
2022-01-18 14:48:29,502 [pool-202-thread-1] INFO  storage.RaftStorage (RaftStorageImpl.java:analyzeAndRecoverStorage(110)) - Read RaftStorageMetadata{term=1, votedFor=4a5d2158-d864-4e23-92c4-2f293c65e9a1} from /home/runner/work/ozone/ozone/hadoop-ozone/integration-test/target/test-dir/MiniOzoneClusterImpl-0ccfa9de-752d-4e8f-9bbd-0e124a2d3e08/ozone-meta/scm-ha/0ccfa9de-752d-4e8f-9bbd-0e124a2d3e08/current/raft-meta
2022-01-18 14:48:29,503 [pool-202-thread-1] INFO  server.RaftServer$Division (ServerState.java:setRaftConf(387)) - 4a5d2158-d864-4e23-92c4-2f293c65e9a1@group-0E124A2D3E08: set configuration 0: [4a5d2158-d864-4e23-92c4-2f293c65e9a1|rpc:fv-az151-72:9894|admin:|client:|dataStream:|priority:0], old=null
2022-01-18 14:48:29,503 [pool-202-thread-1] INFO  server.RaftServerConfigKeys (ConfUtils.java:logGet(44)) - raft.server.notification.no-leader.timeout = 60s (default)
2022-01-18 14:48:29,503 [pool-202-thread-1] INFO  server.RaftServerConfigKeys (ConfUtils.java:logGet(44)) - raft.server.log.use.memory = false (default)
2022-01-18 14:48:29,503 [pool-202-thread-1] INFO  server.RaftServerConfigKeys (ConfUtils.java:logGet(44)) - raft.server.log.purge.gap = 1000000 (custom)
2022-01-18 14:48:29,503 [pool-202-thread-1] INFO  server.RaftServerConfigKeys (ConfUtils.java:logGet(44)) - raft.server.log.appender.buffer.byte-limit = 33554432 (custom)
2022-01-18 14:48:29,503 [pool-202-thread-1] INFO  server.RaftServerConfigKeys (ConfUtils.java:logGet(44)) - raft.server.log.segment.size.max = 4194304 (custom)
2022-01-18 14:48:29,504 [pool-202-thread-1] INFO  server.RaftServerConfigKeys (ConfUtils.java:logGet(44)) - raft.server.log.segment.cache.num.max = 2 (custom)
2022-01-18 14:48:29,504 [pool-202-thread-1] INFO  server.RaftServerConfigKeys (ConfUtils.java:logGet(44)) - raft.server.log.segment.cache.size.max = 200MB (=209715200) (default)
2022-01-18 14:48:29,504 [pool-202-thread-1] INFO  segmented.SegmentedRaftLogWorker (SegmentedRaftLogWorker.java:<init>(182)) - new 4a5d2158-d864-4e23-92c4-2f293c65e9a1@group-0E124A2D3E08-SegmentedRaftLogWorker for RaftStorageImpl:Storage Directory /home/runner/work/ozone/ozone/hadoop-ozone/integration-test/target/test-dir/MiniOzoneClusterImpl-0ccfa9de-752d-4e8f-9bbd-0e124a2d3e08/ozone-meta/scm-ha/0ccfa9de-752d-4e8f-9bbd-0e124a2d3e08
2022-01-18 14:48:29,504 [pool-202-thread-1] INFO  server.RaftServerConfigKeys (ConfUtils.java:logGet(44)) - raft.server.log.queue.byte-limit = 64MB (=67108864) (default)
2022-01-18 14:48:29,504 [pool-202-thread-1] INFO  server.RaftServerConfigKeys (ConfUtils.java:logGet(44)) - raft.server.log.queue.element-limit = 4096 (default)
2022-01-18 14:48:29,504 [pool-202-thread-1] INFO  server.RaftServerConfigKeys (ConfUtils.java:logGet(44)) - raft.server.log.segment.size.max = 4194304 (custom)
2022-01-18 14:48:29,504 [pool-202-thread-1] INFO  server.RaftServerConfigKeys (ConfUtils.java:logGet(44)) - raft.server.log.preallocated.size = 4194304 (custom)
2022-01-18 14:48:29,504 [pool-202-thread-1] INFO  server.RaftServerConfigKeys (ConfUtils.java:logGet(44)) - raft.server.log.force.sync.num = 128 (default)
2022-01-18 14:48:29,504 [pool-202-thread-1] INFO  server.RaftServerConfigKeys (ConfUtils.java:logGet(44)) - raft.server.log.statemachine.data.sync = true (default)
2022-01-18 14:48:29,504 [pool-202-thread-1] INFO  server.RaftServerConfigKeys (ConfUtils.java:logGet(44)) - raft.server.log.statemachine.data.sync.timeout = 10s (default)
2022-01-18 14:48:29,504 [pool-202-thread-1] INFO  server.RaftServerConfigKeys (ConfUtils.java:logGet(44)) - raft.server.log.statemachine.data.sync.timeout.retry = -1 (default)
2022-01-18 14:48:29,505 [pool-202-thread-1] INFO  server.RaftServerConfigKeys (ConfUtils.java:logGet(44)) - raft.server.log.write.buffer.size = 64KB (=65536) (default)
2022-01-18 14:48:29,505 [pool-202-thread-1] INFO  server.RaftServerConfigKeys (ConfUtils.java:logGet(44)) - raft.server.log.statemachine.data.caching.enabled = false (default)
2022-01-18 14:48:29,506 [pool-202-thread-1] INFO  server.RaftServer$Division (ServerState.java:setRaftConf(387)) - 4a5d2158-d864-4e23-92c4-2f293c65e9a1@group-0E124A2D3E08: set configuration 0: [4a5d2158-d864-4e23-92c4-2f293c65e9a1|rpc:fv-az151-72:9894|admin:|client:|dataStream:|priority:0], old=null
2022-01-18 14:48:29,506 [pool-202-thread-1] INFO  segmented.LogSegment (LogSegment.java:loadSegment(173)) - Successfully read 1 entries from segment file /home/runner/work/ozone/ozone/hadoop-ozone/integration-test/target/test-dir/MiniOzoneClusterImpl-0ccfa9de-752d-4e8f-9bbd-0e124a2d3e08/ozone-meta/scm-ha/0ccfa9de-752d-4e8f-9bbd-0e124a2d3e08/current/log_inprogress_0
2022-01-18 14:48:29,506 [pool-202-thread-1] INFO  segmented.SegmentedRaftLogWorker (SegmentedRaftLogWorker.java:lambda$new$0(133)) - 4a5d2158-d864-4e23-92c4-2f293c65e9a1@group-0E124A2D3E08-SegmentedRaftLogWorker: flushIndex: setUnconditionally 0 -> 0
2022-01-18 14:48:29,506 [pool-202-thread-1] INFO  segmented.SegmentedRaftLogWorker (SegmentedRaftLogWorker.java:lambda$new$0(133)) - 4a5d2158-d864-4e23-92c4-2f293c65e9a1@group-0E124A2D3E08-SegmentedRaftLogWorker: safeCacheEvictIndex: setUnconditionally 0 -> -1
2022-01-18 14:48:29,516 [pool-202-thread-1] INFO  server.RaftServerConfigKeys (ConfUtils.java:logGet(44)) - raft.server.snapshot.auto.trigger.enabled = true (custom)
2022-01-18 14:48:29,516 [pool-202-thread-1] INFO  server.RaftServerConfigKeys (ConfUtils.java:logGet(44)) - raft.server.snapshot.auto.trigger.threshold = 1000 (custom)
2022-01-18 14:48:29,516 [pool-202-thread-1] INFO  server.RaftServerConfigKeys (ConfUtils.java:logGet(44)) - raft.server.snapshot.retention.file.num = -1 (default)
2022-01-18 14:48:29,516 [pool-202-thread-1] INFO  server.RaftServerConfigKeys (ConfUtils.java:logGet(44)) - raft.server.log.purge.upto.snapshot.index = false (default)
2022-01-18 14:48:29,516 [pool-202-thread-1] INFO  server.RaftServerConfigKeys (ConfUtils.java:logGet(44)) - raft.server.retrycache.expirytime = 60000ms (default)
2022-01-18 14:48:29,516 [pool-202-thread-1] INFO  server.RaftServerConfigKeys (ConfUtils.java:logGet(44)) - raft.server.retrycache.statistics.expirytime = 100μs (default)
2022-01-18 14:48:29,517 [Time-limited test] INFO  ha.SCMSnapshotProvider (SCMSnapshotProvider.java:<init>(66)) - Initializing SCM Snapshot Provider
2022-01-18 14:48:29,528 [Time-limited test] WARN  server.ServerUtils (ServerUtils.java:getDefaultRatisDirectory(237)) - Storage directory for Ratis is not configured. It is a good idea to map this to an SSD disk. Falling back to ozone.metadata.dirs
2022-01-18 14:48:29,529 [Time-limited test] WARN  ha.SCMHAUtils (SCMHAUtils.java:getSCMRatisSnapshotDirectory(146)) - SCM snapshot dir is not configured. Falling back to ozone.metadata.dirs config
2022-01-18 14:48:29,530 [Time-limited test] INFO  ha.SequenceIdGenerator (SequenceIdGenerator.java:upgradeToSequenceId(347)) - upgrade localId to 109611004723200000
2022-01-18 14:48:29,532 [Time-limited test] INFO  ha.SequenceIdGenerator (SequenceIdGenerator.java:upgradeToSequenceId(357)) - upgrade delTxnId to 0
2022-01-18 14:48:29,532 [Time-limited test] INFO  ha.SequenceIdGenerator (SequenceIdGenerator.java:upgradeToSequenceId(371)) - upgrade containerId to 0
2022-01-18 14:48:29,533 [Time-limited test] INFO  ha.SequenceIdGenerator (SequenceIdGenerator.java:<init>(218)) - Init the HA SequenceIdGenerator.
2022-01-18 14:48:29,533 [Time-limited test] WARN  server.ServerUtils (ServerUtils.java:sanitizeUserArgs(73)) - ozone.scm.stale.node.interval value = 300000 is larger than max = 100000 based on the key value of ozone.scm.heartbeat.thread.interval, reset to the max value 100000.
2022-01-18 14:48:29,533 [Time-limited test] WARN  server.ServerUtils (ServerUtils.java:sanitizeUserArgs(73)) - ozone.scm.stale.node.interval value = 300000 is larger than max = 100000 based on the key value of ozone.scm.heartbeat.thread.interval, reset to the max value 100000.
2022-01-18 14:48:29,540 [Time-limited test] INFO  node.SCMNodeManager (SCMNodeManager.java:<init>(144)) - Entering startup safe mode.
2022-01-18 14:48:29,540 [Time-limited test] INFO  algorithms.ContainerPlacementPolicyFactory (ContainerPlacementPolicyFactory.java:getPolicy(60)) - Create container placement policy of type org.apache.hadoop.hdds.scm.container.placement.algorithms.SCMContainerPlacementRandom
2022-01-18 14:48:29,557 [Time-limited test] INFO  pipeline.PipelineStateManagerImpl (PipelineStateManagerImpl.java:initialize(78)) - No pipeline exists in current db
2022-01-18 14:48:29,558 [Time-limited test] INFO  algorithms.LeaderChoosePolicyFactory (LeaderChoosePolicyFactory.java:getPolicy(57)) - Create leader choose policy of type org.apache.hadoop.hdds.scm.pipeline.leader.choose.algorithms.MinLeaderCountChoosePolicy
2022-01-18 14:48:29,558 [Time-limited test] INFO  ha.SCMServiceManager (SCMServiceManager.java:register(43)) - Registering service BackgroundPipelineCreator.
2022-01-18 14:48:29,558 [Time-limited test] INFO  pipeline.BackgroundPipelineCreator (BackgroundPipelineCreator.java:start(130)) - Starting RatisPipelineUtilsThread.
2022-01-18 14:48:29,569 [Time-limited test] INFO  algorithms.PipelineChoosePolicyFactory (PipelineChoosePolicyFactory.java:createPipelineChoosePolicyFromClass(73)) - Create pipeline choose policy of type org.apache.hadoop.hdds.scm.pipeline.choose.algorithms.RandomPipelineChoosePolicy
2022-01-18 14:48:29,569 [Time-limited test] INFO  ha.SCMServiceManager (SCMServiceManager.java:register(43)) - Registering service SCMBlockDeletingService.
2022-01-18 14:48:29,569 [Time-limited test] INFO  ha.SCMServiceManager (SCMServiceManager.java:register(43)) - Registering service ReplicationManager.
2022-01-18 14:48:29,570 [Time-limited test] INFO  container.ReplicationManager (ReplicationManager.java:start(326)) - Starting Replication Monitor Thread.
2022-01-18 14:48:29,580 [Time-limited test] INFO  safemode.ContainerSafeModeRule (ContainerSafeModeRule.java:<init>(89)) - containers with one replica threshold count 0
2022-01-18 14:48:29,581 [Time-limited test] INFO  safemode.HealthyPipelineSafeModeRule (HealthyPipelineSafeModeRule.java:initializeRule(156)) - Total pipeline count is 0, healthy pipeline threshold count is 1
2022-01-18 14:48:29,581 [Time-limited test] INFO  safemode.OneReplicaPipelineSafeModeRule (OneReplicaPipelineSafeModeRule.java:initializeRule(180)) - Total pipeline count is 0, pipeline's with at least one datanode reported threshold count is 0
2022-01-18 14:48:29,597 [ReplicationMonitor] INFO  container.ReplicationManager (ReplicationManager.java:processAll(382)) - Replication Monitor Thread took 0 milliseconds for processing 0 containers.
2022-01-18 14:48:29,597 [Time-limited test] INFO  ipc.CallQueueManager (CallQueueManager.java:<init>(90)) - Using callQueue: class java.util.concurrent.LinkedBlockingQueue, queueCapacity: 2000, scheduler: class org.apache.hadoop.ipc.DefaultRpcScheduler, ipcBackoff: false.
2022-01-18 14:48:29,608 [Socket Reader #1 for port 0] INFO  ipc.Server (Server.java:run(1265)) - Starting Socket Reader #1 for port 0
2022-01-18 14:48:29,609 [Listener at 0.0.0.0/36881] INFO  ipc.CallQueueManager (CallQueueManager.java:<init>(90)) - Using callQueue: class java.util.concurrent.LinkedBlockingQueue, queueCapacity: 2000, scheduler: class org.apache.hadoop.ipc.DefaultRpcScheduler, ipcBackoff: false.
2022-01-18 14:48:29,616 [Socket Reader #1 for port 0] INFO  ipc.Server (Server.java:run(1265)) - Starting Socket Reader #1 for port 0
2022-01-18 14:48:29,621 [Listener at 0.0.0.0/46797] INFO  ipc.CallQueueManager (CallQueueManager.java:<init>(90)) - Using callQueue: class java.util.concurrent.LinkedBlockingQueue, queueCapacity: 2000, scheduler: class org.apache.hadoop.ipc.DefaultRpcScheduler, ipcBackoff: false.
2022-01-18 14:48:29,628 [Socket Reader #1 for port 0] INFO  ipc.Server (Server.java:run(1265)) - Starting Socket Reader #1 for port 0
2022-01-18 14:48:29,723 [Listener at 0.0.0.0/37565] INFO  algorithms.ContainerPlacementPolicyFactory (ContainerPlacementPolicyFactory.java:getPolicy(60)) - Create container placement policy of type org.apache.hadoop.hdds.scm.container.placement.algorithms.SCMContainerPlacementRandom
2022-01-18 14:48:29,724 [Listener at 0.0.0.0/37565] INFO  server.StorageContainerManager (StorageContainerManager.java:<init>(388)) - 
Container Balancer status:
Key                            Value
Running                        false
Container Balancer Configuration values:
Key                                                Value
Threshold                                          10
Max Datanodes to Involve per Iteration(percent)    20
Max Size to Move per Iteration                     500GB
Max Size Entering Target per Iteration             26GB
Max Size Leaving Source per Iteration              26GB

2022-01-18 14:48:29,724 [Listener at 0.0.0.0/37565] WARN  events.EventQueue (EventQueue.java:fireEvent(194)) - No event handler registered for event TypedEvent{payloadType=SafeModeStatus, name='Safe mode status'}
2022-01-18 14:48:29,724 [Listener at 0.0.0.0/37565] INFO  ha.SCMContext (SCMContext.java:updateSafeModeStatus(211)) - Update SafeModeStatus from SafeModeStatus{safeModeStatus=true, preCheckPassed=false} to SafeModeStatus{safeModeStatus=true, preCheckPassed=false}.
2022-01-18 14:48:29,724 [Listener at 0.0.0.0/37565] INFO  server.StorageContainerManager (StorageContainerManager.java:start(1303)) - StorageContainerLocationProtocol RPC server is listening at /0.0.0.0:37565
2022-01-18 14:48:29,724 [Listener at 0.0.0.0/37565] INFO  ha.SCMRatisServerImpl (SCMRatisServerImpl.java:start(177)) - starting ratis server 0.0.0.0:9894
2022-01-18 14:48:29,725 [Listener at 0.0.0.0/37565] INFO  server.RaftServer$Division (RaftServerImpl.java:start(301)) - 4a5d2158-d864-4e23-92c4-2f293c65e9a1@group-0E124A2D3E08: start as a follower, conf=0: [4a5d2158-d864-4e23-92c4-2f293c65e9a1|rpc:fv-az151-72:9894|admin:|client:|dataStream:|priority:0], old=null
2022-01-18 14:48:29,728 [Listener at 0.0.0.0/37565] INFO  server.RaftServer$Division (RaftServerImpl.java:setRole(290)) - 4a5d2158-d864-4e23-92c4-2f293c65e9a1@group-0E124A2D3E08: changes role from      null to FOLLOWER at term 1 for startAsFollower
2022-01-18 14:48:29,728 [Listener at 0.0.0.0/37565] INFO  impl.RoleInfo (RoleInfo.java:updateAndGet(130)) - 4a5d2158-d864-4e23-92c4-2f293c65e9a1: start 4a5d2158-d864-4e23-92c4-2f293c65e9a1@group-0E124A2D3E08-FollowerState
2022-01-18 14:48:29,735 [Listener at 0.0.0.0/37565] INFO  util.JmxRegister (JmxRegister.java:tryRegister(44)) - Successfully registered JMX Bean with object name Ratis:service=RaftServer,group=group-0E124A2D3E08,id=4a5d2158-d864-4e23-92c4-2f293c65e9a1
2022-01-18 14:48:29,736 [Listener at 0.0.0.0/37565] INFO  server.RaftServer (RaftServerProxy.java:lambda$start$5(374)) - 4a5d2158-d864-4e23-92c4-2f293c65e9a1: start RPC server
2022-01-18 14:48:29,747 [Listener at 0.0.0.0/37565] INFO  server.GrpcService (GrpcService.java:startImpl(253)) - 4a5d2158-d864-4e23-92c4-2f293c65e9a1: GrpcService started, listening on 9894
2022-01-18 14:48:29,756 [Listener at 0.0.0.0/37565] INFO  ha.SCMHAManagerImpl (SCMHAManagerImpl.java:start(121)) -  scm role is FOLLOWER peers [4a5d2158-d864-4e23-92c4-2f293c65e9a1|rpc:fv-az151-72:9894|admin:|client:|dataStream:|priority:0]
2022-01-18 14:48:29,756 [Listener at 0.0.0.0/37565] INFO  ha.InterSCMGrpcService (InterSCMGrpcProtocolService.java:start(94)) - Starting SCM Grpc Service at port 9895
2022-01-18 14:48:29,758 [Listener at 0.0.0.0/37565] WARN  impl.MetricsConfig (MetricsConfig.java:loadFirst(136)) - Cannot locate configuration: tried hadoop-metrics2-storagecontainermanager.properties,hadoop-metrics2.properties
2022-01-18 14:48:29,759 [org.apache.ratis.util.JvmPauseMonitor$$Lambda$431/617926966@506ded0c] INFO  util.JvmPauseMonitor (JvmPauseMonitor.java:run(103)) - JvmPauseMonitor-4a5d2158-d864-4e23-92c4-2f293c65e9a1: Started
2022-01-18 14:48:29,768 [Listener at 0.0.0.0/37565] INFO  impl.MetricsSystemImpl (MetricsSystemImpl.java:startTimer(378)) - Scheduled Metric snapshot period at 10 second(s).
2022-01-18 14:48:29,776 [Listener at 0.0.0.0/37565] INFO  impl.MetricsSystemImpl (MetricsSystemImpl.java:start(191)) - StorageContainerManager metrics system started
2022-01-18 14:48:29,800 [Listener at 0.0.0.0/37565] INFO  impl.MetricsSinkAdapter (MetricsSinkAdapter.java:start(204)) - Sink prometheus started
2022-01-18 14:48:29,800 [Listener at 0.0.0.0/37565] INFO  impl.MetricsSystemImpl (MetricsSystemImpl.java:registerSink(305)) - Registered sink prometheus
2022-01-18 14:48:29,836 [Listener at 0.0.0.0/37565] INFO  server.SCMClientProtocolServer (SCMClientProtocolServer.java:start(164)) - RPC server for Client  is listening at /0.0.0.0:37565
2022-01-18 14:48:29,853 [IPC Server Responder] INFO  ipc.Server (Server.java:run(1507)) - IPC Server Responder: starting
2022-01-18 14:48:29,970 [Listener at 0.0.0.0/37565] INFO  server.StorageContainerManager (StorageContainerManager.java:start(1318)) - ScmBlockLocationProtocol RPC server is listening at /0.0.0.0:46797
2022-01-18 14:48:29,971 [Listener at 0.0.0.0/37565] INFO  server.SCMBlockProtocolServer (SCMBlockProtocolServer.java:start(151)) - RPC server for Block Protocol is listening at /0.0.0.0:46797
2022-01-18 14:48:29,971 [IPC Server Responder] INFO  ipc.Server (Server.java:run(1507)) - IPC Server Responder: starting
2022-01-18 14:48:29,976 [IPC Server listener on 0] INFO  ipc.Server (Server.java:run(1344)) - IPC Server listener on 0: starting
2022-01-18 14:48:29,993 [IPC Server listener on 0] INFO  ipc.Server (Server.java:run(1344)) - IPC Server listener on 0: starting
2022-01-18 14:48:29,996 [org.apache.hadoop.util.JvmPauseMonitor$Monitor@74c0c5da] INFO  util.JvmPauseMonitor (JvmPauseMonitor.java:run(188)) - Starting JVM pause monitor
2022-01-18 14:48:29,998 [Listener at 0.0.0.0/37565] INFO  http.BaseHttpServer (BaseHttpServer.java:newHttpServer2BuilderForOzone(209)) - Starting Web-server for scm at: http://0.0.0.0:0
2022-01-18 14:48:29,998 [Listener at 0.0.0.0/37565] INFO  http.BaseHttpServer (BaseHttpServer.java:<init>(107)) - Hadoop Security Enabled: false Ozone Security Enabled: false Ozone HTTP Security Enabled: false 
2022-01-18 14:48:30,000 [Listener at 0.0.0.0/37565] INFO  server.AuthenticationFilter (AuthenticationFilter.java:constructSecretProvider(240)) - Unable to initialize FileSignerSecretProvider, falling back to use random secrets.
2022-01-18 14:48:30,004 [Listener at 0.0.0.0/37565] WARN  http.HttpRequestLog (HttpRequestLog.java:getRequestLog(103)) - Jetty request log can only be enabled using Log4j
2022-01-18 14:48:30,005 [Listener at 0.0.0.0/37565] INFO  http.HttpServer2 (HttpServer2.java:addGlobalFilter(1030)) - Added global filter 'safety' (class=org.apache.hadoop.hdds.server.http.HttpServer2$QuotingInputFilter)
2022-01-18 14:48:30,006 [Listener at 0.0.0.0/37565] INFO  http.HttpServer2 (HttpServer2.java:addFilter(1006)) - Added filter static_user_filter (class=org.apache.hadoop.http.lib.StaticUserWebFilter$StaticUserFilter) to context scm
2022-01-18 14:48:30,007 [Listener at 0.0.0.0/37565] INFO  http.HttpServer2 (HttpServer2.java:addFilter(1014)) - Added filter static_user_filter (class=org.apache.hadoop.http.lib.StaticUserWebFilter$StaticUserFilter) to context static
2022-01-18 14:48:30,007 [Listener at 0.0.0.0/37565] INFO  http.HttpServer2 (HttpServer2.java:addFilter(1014)) - Added filter static_user_filter (class=org.apache.hadoop.http.lib.StaticUserWebFilter$StaticUserFilter) to context logs
2022-01-18 14:48:30,007 [Listener at 0.0.0.0/37565] INFO  http.HttpServer2 (HttpServer2.java:bindListener(1249)) - Jetty bound to port 37191
2022-01-18 14:48:30,007 [Listener at 0.0.0.0/37565] INFO  server.Server (Server.java:doStart(375)) - jetty-9.4.43.v20210629; built: 2021-06-30T11:07:22.254Z; git: 526006ecfa3af7f1a27ef3a288e2bef7ea9dd7e8; jvm 1.8.0_292-b10
2022-01-18 14:48:30,027 [Listener at 0.0.0.0/37565] INFO  server.session (DefaultSessionIdManager.java:doStart(334)) - DefaultSessionIdManager workerName=node0
2022-01-18 14:48:30,028 [Listener at 0.0.0.0/37565] INFO  server.session (DefaultSessionIdManager.java:doStart(339)) - No SessionScavenger set, using defaults
2022-01-18 14:48:30,028 [Listener at 0.0.0.0/37565] INFO  server.session (HouseKeeper.java:startScavenging(132)) - node0 Scavenging every 660000ms
2022-01-18 14:48:30,029 [Listener at 0.0.0.0/37565] INFO  handler.ContextHandler (ContextHandler.java:doStart(915)) - Started o.e.j.s.ServletContextHandler@6e07610b{logs,/logs,file:///home/runner/work/ozone/ozone/hadoop-ozone/integration-test/target/log,AVAILABLE}
2022-01-18 14:48:30,029 [Listener at 0.0.0.0/37565] INFO  handler.ContextHandler (ContextHandler.java:doStart(915)) - Started o.e.j.s.ServletContextHandler@4cbd0cfb{static,/static,file:///home/runner/work/ozone/ozone/hadoop-ozone/integration-test/target/test-classes/webapps/static,AVAILABLE}
2022-01-18 14:48:30,033 [Listener at 0.0.0.0/37565] INFO  handler.ContextHandler (ContextHandler.java:doStart(915)) - Started o.e.j.w.WebAppContext@702eea1e{scm,/,file:///home/runner/work/ozone/ozone/hadoop-ozone/integration-test/target/test-classes/webapps/scm/,AVAILABLE}{file:/home/runner/work/ozone/ozone/hadoop-ozone/integration-test/target/test-classes/webapps/scm}
2022-01-18 14:48:30,041 [Listener at 0.0.0.0/37565] INFO  server.AbstractConnector (AbstractConnector.java:doStart(331)) - Started ServerConnector@1778647c{HTTP/1.1, (http/1.1)}{0.0.0.0:37191}
2022-01-18 14:48:30,041 [Listener at 0.0.0.0/37565] INFO  server.Server (Server.java:doStart(415)) - Started @102515ms
2022-01-18 14:48:30,041 [Listener at 0.0.0.0/37565] WARN  impl.MetricsSystemImpl (MetricsSystemImpl.java:register(279)) - Sink prometheus already exists!
2022-01-18 14:48:30,053 [Listener at 0.0.0.0/37565] INFO  http.BaseHttpServer (BaseHttpServer.java:updateConnectorAddress(329)) - HTTP server of scm listening at http://0.0.0.0:37191
2022-01-18 14:48:30,053 [Listener at 0.0.0.0/37565] WARN  server.ServerUtils (ServerUtils.java:getDBPath(225)) - ozone.om.db.dirs is not configured. We recommend adding this setting. Falling back to ozone.metadata.dirs instead.
2022-01-18 14:48:30,055 [Listener at 0.0.0.0/37565] INFO  ha.OMHANodeDetails (OMHANodeDetails.java:loadOMHAConfig(112)) - ozone.om.internal.service.id is not defined, falling back to ozone.om.service.ids to find serviceID for OzoneManager if it is HA enabled cluster
2022-01-18 14:48:30,055 [Listener at 0.0.0.0/37565] INFO  ha.OMHANodeDetails (OMHANodeDetails.java:loadOMHAConfig(218)) - Configuration does not have ozone.om.address set. Falling back to the default OM address /127.0.0.1:0
2022-01-18 14:48:30,055 [Listener at 0.0.0.0/37565] INFO  ha.OMHANodeDetails (OMHANodeDetails.java:getOMNodeDetailsForNonHA(246)) - OM Service ID is not set. Setting it to the default ID: omServiceIdDefault
2022-01-18 14:48:30,056 [Listener at 0.0.0.0/37565] INFO  ha.OMHANodeDetails (OMHANodeDetails.java:getOMNodeDetailsForNonHA(253)) - OM Node ID is not set. Setting it to the default ID: om1
2022-01-18 14:48:30,056 [Listener at 0.0.0.0/37565] WARN  server.ServerUtils (ServerUtils.java:getDBPath(225)) - ozone.om.db.dirs is not configured. We recommend adding this setting. Falling back to ozone.metadata.dirs instead.
2022-01-18 14:48:30,056 [Listener at 0.0.0.0/37565] INFO  upgrade.AbstractLayoutVersionManager (AbstractLayoutVersionManager.java:init(79)) - Initializing Layout version manager with metadata layout = INITIAL_VERSION (version = 0), software layout = INITIAL_VERSION (version = 0)
2022-01-18 14:48:30,141 [Listener at 0.0.0.0/37565] INFO  reflections.Reflections (Reflections.java:scan(232)) - Reflections took 84 ms to scan 2 urls, producing 133 keys and 345 values [using 2 cores]
2022-01-18 14:48:30,141 [Listener at 0.0.0.0/37565] INFO  upgrade.OMLayoutVersionManager (OMLayoutVersionManager.java:lambda$0(115)) - Skipping Upgrade Action MockOmUpgradeAction since it has been finalized.
2022-01-18 14:48:30,141 [Listener at 0.0.0.0/37565] WARN  server.ServerUtils (ServerUtils.java:getDBPath(225)) - ozone.om.db.dirs is not configured. We recommend adding this setting. Falling back to ozone.metadata.dirs instead.
2022-01-18 14:48:32,201 [Listener at 0.0.0.0/37565] INFO  retry.RetryInvocationHandler (RetryInvocationHandler.java:log(411)) - com.google.protobuf.ServiceException: org.apache.hadoop.ipc.RemoteException(org.apache.hadoop.hdds.ratis.ServerNotLeaderException): Server:4a5d2158-d864-4e23-92c4-2f293c65e9a1 is not the leader. Could not determine the leader node.
	at org.apache.hadoop.hdds.ratis.ServerNotLeaderException.convertToNotLeaderException(ServerNotLeaderException.java:109)
	at org.apache.hadoop.hdds.scm.ha.RatisUtil.checkRatisException(RatisUtil.java:245)
	at org.apache.hadoop.hdds.scm.protocol.ScmBlockLocationProtocolServerSideTranslatorPB.send(ScmBlockLocationProtocolServerSideTranslatorPB.java:108)
	at org.apache.hadoop.hdds.protocol.proto.ScmBlockLocationProtocolProtos$ScmBlockLocationProtocolService$2.callBlockingMethod(ScmBlockLocationProtocolProtos.java:13937)
	at org.apache.hadoop.ipc.ProtobufRpcEngine$Server.processCall(ProtobufRpcEngine.java:466)
	at org.apache.hadoop.ipc.ProtobufRpcEngine2$Server$ProtoBufRpcInvoker.call(ProtobufRpcEngine2.java:574)
	at org.apache.hadoop.ipc.ProtobufRpcEngine2$Server$ProtoBufRpcInvoker.call(ProtobufRpcEngine2.java:552)
	at org.apache.hadoop.ipc.RPC$Server.call(RPC.java:1093)
	at org.apache.hadoop.ipc.Server$RpcCall.run(Server.java:1035)
	at org.apache.hadoop.ipc.Server$RpcCall.run(Server.java:963)
	at java.security.AccessController.doPrivileged(Native Method)
	at javax.security.auth.Subject.doAs(Subject.java:422)
	at org.apache.hadoop.security.UserGroupInformation.doAs(UserGroupInformation.java:1878)
	at org.apache.hadoop.ipc.Server$Handler.run(Server.java:2966)
, while invoking $Proxy44.send over nodeId=scmNodeId,nodeAddress=/0.0.0.0:46797 after 1 failover attempts. Trying to failover after sleeping for 2000ms.
2022-01-18 14:48:34,205 [Listener at 0.0.0.0/37565] INFO  retry.RetryInvocationHandler (RetryInvocationHandler.java:log(411)) - com.google.protobuf.ServiceException: org.apache.hadoop.ipc.RemoteException(org.apache.hadoop.hdds.ratis.ServerNotLeaderException): Server:4a5d2158-d864-4e23-92c4-2f293c65e9a1 is not the leader. Could not determine the leader node.
	at org.apache.hadoop.hdds.ratis.ServerNotLeaderException.convertToNotLeaderException(ServerNotLeaderException.java:109)
	at org.apache.hadoop.hdds.scm.ha.RatisUtil.checkRatisException(RatisUtil.java:245)
	at org.apache.hadoop.hdds.scm.protocol.ScmBlockLocationProtocolServerSideTranslatorPB.send(ScmBlockLocationProtocolServerSideTranslatorPB.java:108)
	at org.apache.hadoop.hdds.protocol.proto.ScmBlockLocationProtocolProtos$ScmBlockLocationProtocolService$2.callBlockingMethod(ScmBlockLocationProtocolProtos.java:13937)
	at org.apache.hadoop.ipc.ProtobufRpcEngine$Server.processCall(ProtobufRpcEngine.java:466)
	at org.apache.hadoop.ipc.ProtobufRpcEngine2$Server$ProtoBufRpcInvoker.call(ProtobufRpcEngine2.java:574)
	at org.apache.hadoop.ipc.ProtobufRpcEngine2$Server$ProtoBufRpcInvoker.call(ProtobufRpcEngine2.java:552)
	at org.apache.hadoop.ipc.RPC$Server.call(RPC.java:1093)
	at org.apache.hadoop.ipc.Server$RpcCall.run(Server.java:1035)
	at org.apache.hadoop.ipc.Server$RpcCall.run(Server.java:963)
	at java.security.AccessController.doPrivileged(Native Method)
	at javax.security.auth.Subject.doAs(Subject.java:422)
	at org.apache.hadoop.security.UserGroupInformation.doAs(UserGroupInformation.java:1878)
	at org.apache.hadoop.ipc.Server$Handler.run(Server.java:2966)
, while invoking $Proxy44.send over nodeId=scmNodeId,nodeAddress=/0.0.0.0:46797 after 2 failover attempts. Trying to failover after sleeping for 2000ms.
2022-01-18 14:48:34,929 [4a5d2158-d864-4e23-92c4-2f293c65e9a1@group-0E124A2D3E08-FollowerState] INFO  impl.FollowerState (FollowerState.java:run(134)) - 4a5d2158-d864-4e23-92c4-2f293c65e9a1@group-0E124A2D3E08-FollowerState: change to CANDIDATE, lastRpcElapsedTime:5200834676ns, electionTimeout:5193ms
2022-01-18 14:48:34,930 [4a5d2158-d864-4e23-92c4-2f293c65e9a1@group-0E124A2D3E08-FollowerState] INFO  impl.RoleInfo (RoleInfo.java:shutdownFollowerState(108)) - 4a5d2158-d864-4e23-92c4-2f293c65e9a1: shutdown 4a5d2158-d864-4e23-92c4-2f293c65e9a1@group-0E124A2D3E08-FollowerState
2022-01-18 14:48:34,930 [4a5d2158-d864-4e23-92c4-2f293c65e9a1@group-0E124A2D3E08-FollowerState] INFO  server.RaftServer$Division (RaftServerImpl.java:setRole(290)) - 4a5d2158-d864-4e23-92c4-2f293c65e9a1@group-0E124A2D3E08: changes role from  FOLLOWER to CANDIDATE at term 1 for changeToCandidate
2022-01-18 14:48:34,930 [4a5d2158-d864-4e23-92c4-2f293c65e9a1@group-0E124A2D3E08-FollowerState] INFO  server.RaftServerConfigKeys (ConfUtils.java:logGet(44)) - raft.server.leaderelection.pre-vote = false (custom)
2022-01-18 14:48:34,930 [4a5d2158-d864-4e23-92c4-2f293c65e9a1@group-0E124A2D3E08-FollowerState] INFO  impl.RoleInfo (RoleInfo.java:updateAndGet(130)) - 4a5d2158-d864-4e23-92c4-2f293c65e9a1: start 4a5d2158-d864-4e23-92c4-2f293c65e9a1@group-0E124A2D3E08-LeaderElection16
2022-01-18 14:48:34,954 [4a5d2158-d864-4e23-92c4-2f293c65e9a1@group-0E124A2D3E08-LeaderElection16] INFO  impl.LeaderElection (LeaderElection.java:askForVotes(306)) - 4a5d2158-d864-4e23-92c4-2f293c65e9a1@group-0E124A2D3E08-LeaderElection16 ELECTION round 0: submit vote requests at term 2 for 0: [4a5d2158-d864-4e23-92c4-2f293c65e9a1|rpc:fv-az151-72:9894|admin:|client:|dataStream:|priority:0], old=null
2022-01-18 14:48:34,956 [4a5d2158-d864-4e23-92c4-2f293c65e9a1@group-0E124A2D3E08-LeaderElection16] INFO  impl.LeaderElection (LeaderElection.java:askForVotes(308)) - 4a5d2158-d864-4e23-92c4-2f293c65e9a1@group-0E124A2D3E08-LeaderElection16 ELECTION round 0: result PASSED (term=2)
2022-01-18 14:48:34,957 [4a5d2158-d864-4e23-92c4-2f293c65e9a1@group-0E124A2D3E08-LeaderElection16] INFO  impl.RoleInfo (RoleInfo.java:shutdownLeaderElection(121)) - 4a5d2158-d864-4e23-92c4-2f293c65e9a1: shutdown 4a5d2158-d864-4e23-92c4-2f293c65e9a1@group-0E124A2D3E08-LeaderElection16
2022-01-18 14:48:34,957 [4a5d2158-d864-4e23-92c4-2f293c65e9a1@group-0E124A2D3E08-LeaderElection16] INFO  server.RaftServer$Division (RaftServerImpl.java:setRole(290)) - 4a5d2158-d864-4e23-92c4-2f293c65e9a1@group-0E124A2D3E08: changes role from CANDIDATE to LEADER at term 2 for changeToLeader
2022-01-18 14:48:34,957 [4a5d2158-d864-4e23-92c4-2f293c65e9a1@group-0E124A2D3E08-LeaderElection16] INFO  ha.SCMStateMachine (SCMStateMachine.java:notifyLeaderChanged(259)) - current SCM becomes leader of term 2.
2022-01-18 14:48:34,957 [4a5d2158-d864-4e23-92c4-2f293c65e9a1@group-0E124A2D3E08-LeaderElection16] INFO  ha.SCMContext (SCMContext.java:updateLeaderAndTerm(90)) - update <isLeader,term> from <false,0> to <true,2>
2022-01-18 14:48:34,957 [4a5d2158-d864-4e23-92c4-2f293c65e9a1@group-0E124A2D3E08-LeaderElection16] INFO  server.RaftServer$Division (ServerState.java:setLeader(285)) - 4a5d2158-d864-4e23-92c4-2f293c65e9a1@group-0E124A2D3E08: change Leader from null to 4a5d2158-d864-4e23-92c4-2f293c65e9a1 at term 2 for becomeLeader, leader elected after 5454ms
2022-01-18 14:48:34,957 [4a5d2158-d864-4e23-92c4-2f293c65e9a1@group-0E124A2D3E08-LeaderElection16] INFO  server.RaftServerConfigKeys (ConfUtils.java:logGet(44)) - raft.server.staging.catchup.gap = 1000 (default)
2022-01-18 14:48:34,957 [4a5d2158-d864-4e23-92c4-2f293c65e9a1@group-0E124A2D3E08-LeaderElection16] INFO  server.RaftServerConfigKeys (ConfUtils.java:logGet(44)) - raft.server.write.element-limit = 4096 (default)
2022-01-18 14:48:34,957 [4a5d2158-d864-4e23-92c4-2f293c65e9a1@group-0E124A2D3E08-LeaderElection16] INFO  server.RaftServerConfigKeys (ConfUtils.java:logGet(44)) - raft.server.write.byte-limit = 64MB (=67108864) (default)
2022-01-18 14:48:34,958 [4a5d2158-d864-4e23-92c4-2f293c65e9a1@group-0E124A2D3E08-LeaderElection16] INFO  server.RaftServerConfigKeys (ConfUtils.java:logGet(44)) - raft.server.watch.timeout = 10s (default)
2022-01-18 14:48:34,958 [4a5d2158-d864-4e23-92c4-2f293c65e9a1@group-0E124A2D3E08-LeaderElection16] INFO  server.RaftServerConfigKeys (ConfUtils.java:logGet(44)) - raft.server.watch.timeout.denomination = 1s (default)
2022-01-18 14:48:34,958 [4a5d2158-d864-4e23-92c4-2f293c65e9a1@group-0E124A2D3E08-LeaderElection16] INFO  server.RaftServerConfigKeys (ConfUtils.java:logGet(44)) - raft.server.watch.element-limit = 65536 (default)
2022-01-18 14:48:34,958 [4a5d2158-d864-4e23-92c4-2f293c65e9a1@group-0E124A2D3E08-LeaderElection16] INFO  server.RaftServerConfigKeys (ConfUtils.java:logGet(44)) - raft.server.write.element-limit = 4096 (default)
2022-01-18 14:48:34,958 [4a5d2158-d864-4e23-92c4-2f293c65e9a1@group-0E124A2D3E08-LeaderElection16] INFO  server.RaftServerConfigKeys (ConfUtils.java:logGet(44)) - raft.server.write.follower.gap.ratio.max = -1.0 (default)
2022-01-18 14:48:34,958 [4a5d2158-d864-4e23-92c4-2f293c65e9a1@group-0E124A2D3E08-LeaderElection16] INFO  impl.RoleInfo (RoleInfo.java:updateAndGet(130)) - 4a5d2158-d864-4e23-92c4-2f293c65e9a1: start 4a5d2158-d864-4e23-92c4-2f293c65e9a1@group-0E124A2D3E08-LeaderStateImpl
2022-01-18 14:48:34,958 [4a5d2158-d864-4e23-92c4-2f293c65e9a1@group-0E124A2D3E08-LeaderElection16] INFO  segmented.SegmentedRaftLogWorker (SegmentedRaftLogWorker.java:rollLogSegment(399)) - 4a5d2158-d864-4e23-92c4-2f293c65e9a1@group-0E124A2D3E08-SegmentedRaftLogWorker: Rolling segment log-0_0 to index:0
2022-01-18 14:48:34,961 [4a5d2158-d864-4e23-92c4-2f293c65e9a1@group-0E124A2D3E08-LeaderElection16] INFO  server.RaftServer$Division (ServerState.java:setRaftConf(387)) - 4a5d2158-d864-4e23-92c4-2f293c65e9a1@group-0E124A2D3E08: set configuration 1: [4a5d2158-d864-4e23-92c4-2f293c65e9a1|rpc:fv-az151-72:9894|admin:|client:|dataStream:|priority:0], old=null
2022-01-18 14:48:34,961 [4a5d2158-d864-4e23-92c4-2f293c65e9a1@group-0E124A2D3E08-SegmentedRaftLogWorker] INFO  segmented.SegmentedRaftLogWorker (SegmentedRaftLogWorker.java:execute(558)) - 4a5d2158-d864-4e23-92c4-2f293c65e9a1@group-0E124A2D3E08-SegmentedRaftLogWorker: Rolled log segment from /home/runner/work/ozone/ozone/hadoop-ozone/integration-test/target/test-dir/MiniOzoneClusterImpl-0ccfa9de-752d-4e8f-9bbd-0e124a2d3e08/ozone-meta/scm-ha/0ccfa9de-752d-4e8f-9bbd-0e124a2d3e08/current/log_inprogress_0 to /home/runner/work/ozone/ozone/hadoop-ozone/integration-test/target/test-dir/MiniOzoneClusterImpl-0ccfa9de-752d-4e8f-9bbd-0e124a2d3e08/ozone-meta/scm-ha/0ccfa9de-752d-4e8f-9bbd-0e124a2d3e08/current/log_0-0
2022-01-18 14:48:34,976 [4a5d2158-d864-4e23-92c4-2f293c65e9a1@group-0E124A2D3E08-SegmentedRaftLogWorker] INFO  segmented.SegmentedRaftLogWorker (SegmentedRaftLogWorker.java:execute(601)) - 4a5d2158-d864-4e23-92c4-2f293c65e9a1@group-0E124A2D3E08-SegmentedRaftLogWorker: created new log segment /home/runner/work/ozone/ozone/hadoop-ozone/integration-test/target/test-dir/MiniOzoneClusterImpl-0ccfa9de-752d-4e8f-9bbd-0e124a2d3e08/ozone-meta/scm-ha/0ccfa9de-752d-4e8f-9bbd-0e124a2d3e08/current/log_inprogress_1
2022-01-18 14:48:34,981 [4a5d2158-d864-4e23-92c4-2f293c65e9a1@group-0E124A2D3E08-StateMachineUpdater] INFO  ha.SCMContext (SCMContext.java:setLeaderReady(117)) - update <isLeaderReady> from <false> to <true>
2022-01-18 14:48:34,982 [4a5d2158-d864-4e23-92c4-2f293c65e9a1@group-0E124A2D3E08-StateMachineUpdater] INFO  pipeline.BackgroundPipelineCreator (BackgroundPipelineCreator.java:notifyStatusChanged(264)) - Service BackgroundPipelineCreator transitions to RUNNING.
2022-01-18 14:48:34,983 [4a5d2158-d864-4e23-92c4-2f293c65e9a1@group-0E124A2D3E08-StateMachineUpdater] INFO  safemode.HealthyPipelineSafeModeRule (HealthyPipelineSafeModeRule.java:initializeRule(152)) - Refreshed total pipeline count is 0, healthy pipeline threshold count is 1
2022-01-18 14:48:34,983 [4a5d2158-d864-4e23-92c4-2f293c65e9a1@group-0E124A2D3E08-StateMachineUpdater] INFO  safemode.ContainerSafeModeRule (ContainerSafeModeRule.java:reInitializeRule(177)) - Refreshed one replica container threshold 0, currentThreshold 0
2022-01-18 14:48:34,983 [4a5d2158-d864-4e23-92c4-2f293c65e9a1@group-0E124A2D3E08-StateMachineUpdater] INFO  safemode.OneReplicaPipelineSafeModeRule (OneReplicaPipelineSafeModeRule.java:initializeRule(176)) - Refreshed Total pipeline count is 0, pipeline's with at least one datanode reported threshold count is 0
2022-01-18 14:48:34,983 [4a5d2158-d864-4e23-92c4-2f293c65e9a1@group-0E124A2D3E08-StateMachineUpdater] INFO  server.SCMDatanodeProtocolServer (SCMDatanodeProtocolServer.java:start(181)) - ScmDatanodeProtocol RPC server for DataNodes is listening at /0.0.0.0:36881
2022-01-18 14:48:34,994 [IPC Server Responder] INFO  ipc.Server (Server.java:run(1507)) - IPC Server Responder: starting
2022-01-18 14:48:35,002 [IPC Server listener on 0] INFO  ipc.Server (Server.java:run(1344)) - IPC Server listener on 0: starting
2022-01-18 14:48:36,208 [Listener at 0.0.0.0/37565] WARN  server.ServerUtils (ServerUtils.java:getDBPath(225)) - ozone.om.db.dirs is not configured. We recommend adding this setting. Falling back to ozone.metadata.dirs instead.
2022-01-18 14:48:36,209 [Listener at 0.0.0.0/37565] INFO  codec.OmKeyInfoCodec (OmKeyInfoCodec.java:<init>(50)) - OmKeyInfoCodec ignorePipeline = true
2022-01-18 14:48:36,209 [Listener at 0.0.0.0/37565] INFO  codec.RepeatedOmKeyInfoCodec (RepeatedOmKeyInfoCodec.java:<init>(42)) - RepeatedOmKeyInfoCodec ignorePipeline = true
2022-01-18 14:48:36,447 [Listener at 0.0.0.0/37565] INFO  om.OzoneManager (OzoneManager.java:addS3GVolumeToDB(3732)) - Created Volume s3v With Owner runner required for S3Gateway operations.
2022-01-18 14:48:36,448 [Listener at 0.0.0.0/37565] WARN  server.ServerUtils (ServerUtils.java:getDefaultRatisDirectory(237)) - Storage directory for Ratis is not configured. It is a good idea to map this to an SSD disk. Falling back to ozone.metadata.dirs
2022-01-18 14:48:36,448 [Listener at 0.0.0.0/37565] WARN  utils.OzoneManagerRatisUtils (OzoneManagerRatisUtils.java:getOMRatisSnapshotDirectory(323)) - ozone.om.ratis.snapshot.dir is not configured. Falling back to ozone.metadata.dirs config
2022-01-18 14:48:36,456 [Listener at 0.0.0.0/37565] WARN  impl.MetricRegistriesImpl (MetricRegistriesImpl.java:addReporterRegistration(111)) - New reporters are added after registries were created. Some metrics will be missing from the reporter. Please add reporter before adding any new registry.
2022-01-18 14:48:36,456 [Listener at 0.0.0.0/37565] WARN  impl.MetricRegistriesImpl (MetricRegistriesImpl.java:addReporterRegistration(111)) - New reporters are added after registries were created. Some metrics will be missing from the reporter. Please add reporter before adding any new registry.
2022-01-18 14:48:36,456 [Listener at 0.0.0.0/37565] WARN  server.ServerUtils (ServerUtils.java:getDefaultRatisDirectory(237)) - Storage directory for Ratis is not configured. It is a good idea to map this to an SSD disk. Falling back to ozone.metadata.dirs
2022-01-18 14:48:36,458 [Listener at 0.0.0.0/37565] INFO  ratis.OzoneManagerRatisServer (OzoneManagerRatisServer.java:<init>(159)) - Instantiating OM Ratis server with groupID: omServiceIdDefault and peers: localhost:9872
2022-01-18 14:48:36,459 [Listener at 0.0.0.0/37565] INFO  ratis.OzoneManagerStateMachine (OzoneManagerStateMachine.java:loadSnapshotInfoFromDB(605)) - LastAppliedIndex is set from TransactionInfo from OM DB as (t:0, i:~)
2022-01-18 14:48:36,466 [Listener at 0.0.0.0/37565] INFO  server.RaftServer (ConfUtils.java:logGet(44)) - raft.rpc.type = GRPC (default)
2022-01-18 14:48:36,466 [Listener at 0.0.0.0/37565] INFO  grpc.GrpcFactory (GrpcFactory.java:checkPooledByteBufAllocatorUseCacheForAllThreads(48)) - PERFORMANCE WARNING: useCacheForAllThreads is true that may cause Netty to create a lot garbage objects and, as a result, trigger GC.
	It is recommended to disable useCacheForAllThreads by setting -Dorg.apache.ratis.thirdparty.io.netty.allocator.useCacheForAllThreads=false in command line.
2022-01-18 14:48:36,466 [Listener at 0.0.0.0/37565] INFO  grpc.GrpcConfigKeys (ConfUtils.java:logGet(44)) - raft.grpc.admin.port = -1 (default)
2022-01-18 14:48:36,466 [Listener at 0.0.0.0/37565] INFO  grpc.GrpcConfigKeys (ConfUtils.java:logGet(44)) - raft.grpc.server.port = 9872 (custom)
2022-01-18 14:48:36,466 [Listener at 0.0.0.0/37565] INFO  grpc.GrpcConfigKeys (ConfUtils.java:logGet(44)) - raft.grpc.client.port = -1 (default)
2022-01-18 14:48:36,467 [Listener at 0.0.0.0/37565] INFO  grpc.GrpcConfigKeys (ConfUtils.java:logGet(44)) - raft.grpc.server.port = 9872 (custom)
2022-01-18 14:48:36,467 [Listener at 0.0.0.0/37565] INFO  grpc.GrpcConfigKeys (ConfUtils.java:logGet(44)) - raft.grpc.server.port = 9872 (custom)
2022-01-18 14:48:36,467 [Listener at 0.0.0.0/37565] INFO  server.GrpcService (ConfUtils.java:logGet(44)) - raft.grpc.message.size.max = 33554432 (custom)
2022-01-18 14:48:36,467 [Listener at 0.0.0.0/37565] INFO  server.RaftServerConfigKeys (ConfUtils.java:logGet(44)) - raft.server.log.appender.buffer.byte-limit = 33554432 (custom)
2022-01-18 14:48:36,467 [Listener at 0.0.0.0/37565] INFO  server.GrpcService (ConfUtils.java:logGet(44)) - raft.grpc.flow.control.window = 1MB (=1048576) (default)
2022-01-18 14:48:36,467 [Listener at 0.0.0.0/37565] INFO  server.RaftServerConfigKeys (ConfUtils.java:logGet(44)) - raft.server.rpc.request.timeout = 3000ms (default)
2022-01-18 14:48:36,468 [Listener at 0.0.0.0/37565] INFO  impl.DataStreamServerImpl (ConfUtils.java:logGet(44)) - raft.datastream.type = DISABLED (default)
2022-01-18 14:48:36,468 [Listener at 0.0.0.0/37565] INFO  server.RaftServerConfigKeys (ConfUtils.java:logGet(44)) - raft.server.rpc.slowness.timeout = 120s (custom)
2022-01-18 14:48:36,469 [Listener at 0.0.0.0/37565] INFO  server.RaftServerConfigKeys (ConfUtils.java:logGet(44)) - raft.server.leaderelection.leader.step-down.wait-time = 10s (default)
2022-01-18 14:48:36,469 [Listener at 0.0.0.0/37565] INFO  server.RaftServerConfigKeys (ConfUtils.java:logGet(44)) - raft.server.storage.dir = [/home/runner/work/ozone/ozone/hadoop-ozone/integration-test/target/test-dir/MiniOzoneClusterImpl-0ccfa9de-752d-4e8f-9bbd-0e124a2d3e08/ozone-meta/ratis] (custom)
2022-01-18 14:48:36,472 [Listener at 0.0.0.0/37565] INFO  server.RaftServer (RaftServerProxy.java:addNew(95)) - om1: addNew group-C5BA1605619E:[om1|rpc:localhost:9872|priority:0] returns group-C5BA1605619E:java.util.concurrent.CompletableFuture@2f84000[Not completed]
2022-01-18 14:48:36,472 [Listener at 0.0.0.0/37565] INFO  om.OzoneManager (OzoneManager.java:initializeRatisServer(1834)) - OzoneManager Ratis server initialized at port 9872
2022-01-18 14:48:36,473 [Listener at 0.0.0.0/37565] INFO  ipc.CallQueueManager (CallQueueManager.java:<init>(90)) - Using callQueue: class java.util.concurrent.LinkedBlockingQueue, queueCapacity: 2000, scheduler: class org.apache.hadoop.ipc.DefaultRpcScheduler, ipcBackoff: false.
2022-01-18 14:48:36,474 [pool-228-thread-1] INFO  server.RaftServer$Division (RaftServerImpl.java:<init>(184)) - om1: new RaftServerImpl for group-C5BA1605619E:[om1|rpc:localhost:9872|priority:0] with OzoneManagerStateMachine:uninitialized
2022-01-18 14:48:36,492 [pool-228-thread-1] INFO  server.RaftServerConfigKeys (ConfUtils.java:logGet(44)) - raft.server.rpc.timeout.min = 1s (custom)
2022-01-18 14:48:36,492 [pool-228-thread-1] INFO  server.RaftServerConfigKeys (ConfUtils.java:logGet(44)) - raft.server.rpc.timeout.max = 1200ms (custom)
2022-01-18 14:48:36,492 [pool-228-thread-1] INFO  server.RaftServerConfigKeys (ConfUtils.java:logGet(44)) - raft.server.rpc.sleep.time = 25ms (default)
2022-01-18 14:48:36,492 [pool-228-thread-1] INFO  server.RaftServerConfigKeys (ConfUtils.java:logGet(44)) - raft.server.rpc.slowness.timeout = 120s (custom)
2022-01-18 14:48:36,492 [pool-228-thread-1] INFO  server.RaftServerConfigKeys (ConfUtils.java:logGet(44)) - raft.server.leaderelection.leader.step-down.wait-time = 10s (default)
2022-01-18 14:48:36,493 [pool-228-thread-1] INFO  server.RaftServerConfigKeys (ConfUtils.java:logGet(44)) - raft.server.sleep.deviation.threshold = 300ms (default)
2022-01-18 14:48:36,493 [pool-228-thread-1] INFO  server.RaftServerConfigKeys (ConfUtils.java:logGet(44)) - raft.server.log.appender.install.snapshot.enabled = false (custom)
2022-01-18 14:48:36,493 [pool-228-thread-1] INFO  server.RaftServer$Division (ServerState.java:<init>(105)) - om1@group-C5BA1605619E: ConfigurationManager, init=-1: [om1|rpc:localhost:9872|priority:0], old=null, confs=<EMPTY_MAP>
2022-01-18 14:48:36,493 [pool-228-thread-1] INFO  server.RaftServerConfigKeys (ConfUtils.java:logGet(44)) - raft.server.storage.dir = [/home/runner/work/ozone/ozone/hadoop-ozone/integration-test/target/test-dir/MiniOzoneClusterImpl-0ccfa9de-752d-4e8f-9bbd-0e124a2d3e08/ozone-meta/ratis] (custom)
2022-01-18 14:48:36,493 [pool-228-thread-1] INFO  server.RaftServerConfigKeys (ConfUtils.java:logGet(44)) - raft.server.log.corruption.policy = EXCEPTION (default)
2022-01-18 14:48:36,493 [pool-228-thread-1] INFO  server.RaftServerConfigKeys (ConfUtils.java:logGet(44)) - raft.server.storage.free-space.min = 0MB (=0) (default)
2022-01-18 14:48:36,493 [pool-228-thread-1] INFO  storage.RaftStorageDirectory (RaftStorageDirectoryImpl.java:analyzeStorage(135)) - The storage directory /home/runner/work/ozone/ozone/hadoop-ozone/integration-test/target/test-dir/MiniOzoneClusterImpl-0ccfa9de-752d-4e8f-9bbd-0e124a2d3e08/ozone-meta/ratis/bf265839-605b-3f16-9796-c5ba1605619e does not exist. Creating ...
2022-01-18 14:48:36,496 [pool-228-thread-1] INFO  storage.RaftStorageDirectory (RaftStorageDirectoryImpl.java:tryLock(230)) - Lock on /home/runner/work/ozone/ozone/hadoop-ozone/integration-test/target/test-dir/MiniOzoneClusterImpl-0ccfa9de-752d-4e8f-9bbd-0e124a2d3e08/ozone-meta/ratis/bf265839-605b-3f16-9796-c5ba1605619e/in_use.lock acquired by nodename 22330@fv-az151-72
2022-01-18 14:48:36,499 [pool-228-thread-1] INFO  storage.RaftStorage (RaftStorageImpl.java:format(89)) - Storage directory /home/runner/work/ozone/ozone/hadoop-ozone/integration-test/target/test-dir/MiniOzoneClusterImpl-0ccfa9de-752d-4e8f-9bbd-0e124a2d3e08/ozone-meta/ratis/bf265839-605b-3f16-9796-c5ba1605619e has been successfully formatted.
2022-01-18 14:48:36,500 [pool-228-thread-1] INFO  server.RaftServerConfigKeys (ConfUtils.java:logGet(44)) - raft.server.notification.no-leader.timeout = 120s (custom)
2022-01-18 14:48:36,500 [pool-228-thread-1] INFO  server.RaftServerConfigKeys (ConfUtils.java:logGet(44)) - raft.server.log.use.memory = false (default)
2022-01-18 14:48:36,500 [pool-228-thread-1] INFO  server.RaftServerConfigKeys (ConfUtils.java:logGet(44)) - raft.server.log.purge.gap = 1000000 (custom)
2022-01-18 14:48:36,500 [pool-228-thread-1] INFO  server.RaftServerConfigKeys (ConfUtils.java:logGet(44)) - raft.server.log.appender.buffer.byte-limit = 33554432 (custom)
2022-01-18 14:48:36,508 [pool-228-thread-1] INFO  server.RaftServerConfigKeys (ConfUtils.java:logGet(44)) - raft.server.log.segment.size.max = 4194304 (custom)
2022-01-18 14:48:36,508 [pool-228-thread-1] INFO  server.RaftServerConfigKeys (ConfUtils.java:logGet(44)) - raft.server.log.segment.cache.num.max = 2 (custom)
2022-01-18 14:48:36,508 [pool-228-thread-1] INFO  server.RaftServerConfigKeys (ConfUtils.java:logGet(44)) - raft.server.log.segment.cache.size.max = 200MB (=209715200) (default)
2022-01-18 14:48:36,508 [pool-228-thread-1] INFO  segmented.SegmentedRaftLogWorker (SegmentedRaftLogWorker.java:<init>(182)) - new om1@group-C5BA1605619E-SegmentedRaftLogWorker for RaftStorageImpl:Storage Directory /home/runner/work/ozone/ozone/hadoop-ozone/integration-test/target/test-dir/MiniOzoneClusterImpl-0ccfa9de-752d-4e8f-9bbd-0e124a2d3e08/ozone-meta/ratis/bf265839-605b-3f16-9796-c5ba1605619e
2022-01-18 14:48:36,509 [pool-228-thread-1] INFO  server.RaftServerConfigKeys (ConfUtils.java:logGet(44)) - raft.server.log.queue.byte-limit = 64MB (=67108864) (default)
2022-01-18 14:48:36,509 [pool-228-thread-1] INFO  server.RaftServerConfigKeys (ConfUtils.java:logGet(44)) - raft.server.log.queue.element-limit = 4096 (default)
2022-01-18 14:48:36,509 [pool-228-thread-1] INFO  server.RaftServerConfigKeys (ConfUtils.java:logGet(44)) - raft.server.log.segment.size.max = 4194304 (custom)
2022-01-18 14:48:36,509 [pool-228-thread-1] INFO  server.RaftServerConfigKeys (ConfUtils.java:logGet(44)) - raft.server.log.preallocated.size = 4194304 (custom)
2022-01-18 14:48:36,509 [pool-228-thread-1] INFO  server.RaftServerConfigKeys (ConfUtils.java:logGet(44)) - raft.server.log.force.sync.num = 128 (default)
2022-01-18 14:48:36,509 [pool-228-thread-1] INFO  server.RaftServerConfigKeys (ConfUtils.java:logGet(44)) - raft.server.log.statemachine.data.sync = true (default)
2022-01-18 14:48:36,509 [pool-228-thread-1] INFO  server.RaftServerConfigKeys (ConfUtils.java:logGet(44)) - raft.server.log.statemachine.data.sync.timeout = 10s (default)
2022-01-18 14:48:36,509 [pool-228-thread-1] INFO  server.RaftServerConfigKeys (ConfUtils.java:logGet(44)) - raft.server.log.statemachine.data.sync.timeout.retry = -1 (default)
2022-01-18 14:48:36,510 [pool-228-thread-1] INFO  server.RaftServerConfigKeys (ConfUtils.java:logGet(44)) - raft.server.log.write.buffer.size = 64KB (=65536) (default)
2022-01-18 14:48:36,510 [pool-228-thread-1] INFO  server.RaftServerConfigKeys (ConfUtils.java:logGet(44)) - raft.server.log.statemachine.data.caching.enabled = false (default)
2022-01-18 14:48:36,510 [pool-228-thread-1] INFO  segmented.SegmentedRaftLogWorker (SegmentedRaftLogWorker.java:lambda$new$0(133)) - om1@group-C5BA1605619E-SegmentedRaftLogWorker: flushIndex: setUnconditionally 0 -> -1
2022-01-18 14:48:36,510 [pool-228-thread-1] INFO  segmented.SegmentedRaftLogWorker (SegmentedRaftLogWorker.java:lambda$new$0(133)) - om1@group-C5BA1605619E-SegmentedRaftLogWorker: safeCacheEvictIndex: setUnconditionally 0 -> -1
2022-01-18 14:48:36,516 [pool-228-thread-1] INFO  server.RaftServerConfigKeys (ConfUtils.java:logGet(44)) - raft.server.snapshot.auto.trigger.enabled = true (custom)
2022-01-18 14:48:36,516 [pool-228-thread-1] INFO  server.RaftServerConfigKeys (ConfUtils.java:logGet(44)) - raft.server.snapshot.auto.trigger.threshold = 400000 (default)
2022-01-18 14:48:36,516 [pool-228-thread-1] INFO  server.RaftServerConfigKeys (ConfUtils.java:logGet(44)) - raft.server.snapshot.retention.file.num = -1 (default)
2022-01-18 14:48:36,516 [pool-228-thread-1] INFO  server.RaftServerConfigKeys (ConfUtils.java:logGet(44)) - raft.server.log.purge.upto.snapshot.index = true (custom)
2022-01-18 14:48:36,517 [pool-228-thread-1] INFO  server.RaftServerConfigKeys (ConfUtils.java:logGet(44)) - raft.server.retrycache.expirytime = 300s (custom)
2022-01-18 14:48:36,517 [pool-228-thread-1] INFO  server.RaftServerConfigKeys (ConfUtils.java:logGet(44)) - raft.server.retrycache.statistics.expirytime = 100μs (default)
2022-01-18 14:48:36,518 [Socket Reader #1 for port 0] INFO  ipc.Server (Server.java:run(1265)) - Starting Socket Reader #1 for port 0
2022-01-18 14:48:36,522 [Listener at 127.0.0.1/40135] INFO  impl.MetricsSystemImpl (MetricsSystemImpl.java:init(158)) - OzoneManager metrics system started (again)
2022-01-18 14:48:36,563 [Listener at 127.0.0.1/40135] INFO  om.OzoneManager (OzoneManager.java:start(1365)) - OzoneManager RPC server is listening at localhost/127.0.0.1:40135
2022-01-18 14:48:36,568 [Listener at 127.0.0.1/40135] INFO  ratis.OzoneManagerRatisServer (OzoneManagerRatisServer.java:start(554)) - Starting OzoneManagerRatisServer om1 at port 9872
2022-01-18 14:48:36,568 [Listener at 127.0.0.1/40135] INFO  server.RaftServer$Division (RaftServerImpl.java:start(301)) - om1@group-C5BA1605619E: start as a follower, conf=-1: [om1|rpc:localhost:9872|priority:0], old=null
2022-01-18 14:48:36,568 [Listener at 127.0.0.1/40135] INFO  server.RaftServer$Division (RaftServerImpl.java:setRole(290)) - om1@group-C5BA1605619E: changes role from      null to FOLLOWER at term 0 for startAsFollower
2022-01-18 14:48:36,568 [Listener at 127.0.0.1/40135] INFO  impl.RoleInfo (RoleInfo.java:updateAndGet(130)) - om1: start om1@group-C5BA1605619E-FollowerState
2022-01-18 14:48:36,574 [Listener at 127.0.0.1/40135] INFO  util.JmxRegister (JmxRegister.java:tryRegister(44)) - Successfully registered JMX Bean with object name Ratis:service=RaftServer,group=group-C5BA1605619E,id=om1
2022-01-18 14:48:36,575 [Listener at 127.0.0.1/40135] INFO  server.RaftServer (RaftServerProxy.java:lambda$start$5(374)) - om1: start RPC server
2022-01-18 14:48:36,582 [Listener at 127.0.0.1/40135] INFO  server.GrpcService (GrpcService.java:startImpl(253)) - om1: GrpcService started, listening on 9872
2022-01-18 14:48:36,585 [Listener at 127.0.0.1/40135] INFO  om.OzoneManager (OzoneManager.java:start(1381)) - Version File has different layout version (0) than OM DB (null). That is expected if this OM has never been finalized to a newer layout version.
2022-01-18 14:48:36,586 [org.apache.ratis.util.JvmPauseMonitor$$Lambda$431/617926966@375c2f6] INFO  util.JvmPauseMonitor (JvmPauseMonitor.java:run(103)) - JvmPauseMonitor-om1: Started
2022-01-18 14:48:36,589 [Listener at 127.0.0.1/40135] INFO  http.BaseHttpServer (BaseHttpServer.java:newHttpServer2BuilderForOzone(209)) - Starting Web-server for ozoneManager at: http://0.0.0.0:0
2022-01-18 14:48:36,590 [Listener at 127.0.0.1/40135] INFO  http.BaseHttpServer (BaseHttpServer.java:<init>(107)) - Hadoop Security Enabled: false Ozone Security Enabled: false Ozone HTTP Security Enabled: false 
2022-01-18 14:48:36,591 [Listener at 127.0.0.1/40135] INFO  server.AuthenticationFilter (AuthenticationFilter.java:constructSecretProvider(240)) - Unable to initialize FileSignerSecretProvider, falling back to use random secrets.
2022-01-18 14:48:36,591 [Listener at 127.0.0.1/40135] WARN  http.HttpRequestLog (HttpRequestLog.java:getRequestLog(103)) - Jetty request log can only be enabled using Log4j
2022-01-18 14:48:36,592 [Listener at 127.0.0.1/40135] INFO  http.HttpServer2 (HttpServer2.java:addGlobalFilter(1030)) - Added global filter 'safety' (class=org.apache.hadoop.hdds.server.http.HttpServer2$QuotingInputFilter)
2022-01-18 14:48:36,593 [Listener at 127.0.0.1/40135] INFO  http.HttpServer2 (HttpServer2.java:addFilter(1006)) - Added filter static_user_filter (class=org.apache.hadoop.http.lib.StaticUserWebFilter$StaticUserFilter) to context ozoneManager
2022-01-18 14:48:36,593 [Listener at 127.0.0.1/40135] INFO  http.HttpServer2 (HttpServer2.java:addFilter(1014)) - Added filter static_user_filter (class=org.apache.hadoop.http.lib.StaticUserWebFilter$StaticUserFilter) to context static
2022-01-18 14:48:36,593 [Listener at 127.0.0.1/40135] INFO  http.HttpServer2 (HttpServer2.java:addFilter(1014)) - Added filter static_user_filter (class=org.apache.hadoop.http.lib.StaticUserWebFilter$StaticUserFilter) to context logs
2022-01-18 14:48:36,594 [Listener at 127.0.0.1/40135] INFO  http.HttpServer2 (HttpServer2.java:bindListener(1249)) - Jetty bound to port 35569
2022-01-18 14:48:36,594 [Listener at 127.0.0.1/40135] INFO  server.Server (Server.java:doStart(375)) - jetty-9.4.43.v20210629; built: 2021-06-30T11:07:22.254Z; git: 526006ecfa3af7f1a27ef3a288e2bef7ea9dd7e8; jvm 1.8.0_292-b10
2022-01-18 14:48:36,595 [Listener at 127.0.0.1/40135] INFO  server.session (DefaultSessionIdManager.java:doStart(334)) - DefaultSessionIdManager workerName=node0
2022-01-18 14:48:36,596 [Listener at 127.0.0.1/40135] INFO  server.session (DefaultSessionIdManager.java:doStart(339)) - No SessionScavenger set, using defaults
2022-01-18 14:48:36,596 [Listener at 127.0.0.1/40135] INFO  server.session (HouseKeeper.java:startScavenging(132)) - node0 Scavenging every 660000ms
2022-01-18 14:48:36,596 [Listener at 127.0.0.1/40135] INFO  handler.ContextHandler (ContextHandler.java:doStart(915)) - Started o.e.j.s.ServletContextHandler@7ec3ff0d{logs,/logs,file:///home/runner/work/ozone/ozone/hadoop-ozone/integration-test/target/log,AVAILABLE}
2022-01-18 14:48:36,597 [Listener at 127.0.0.1/40135] INFO  handler.ContextHandler (ContextHandler.java:doStart(915)) - Started o.e.j.s.ServletContextHandler@5ebc2175{static,/static,file:///home/runner/work/ozone/ozone/hadoop-ozone/integration-test/target/test-classes/webapps/static,AVAILABLE}
2022-01-18 14:48:36,605 [Listener at 127.0.0.1/40135] INFO  handler.ContextHandler (ContextHandler.java:doStart(915)) - Started o.e.j.w.WebAppContext@1af640fa{ozoneManager,/,file:///home/runner/work/ozone/ozone/hadoop-ozone/integration-test/target/test-classes/webapps/ozoneManager/,AVAILABLE}{file:/home/runner/work/ozone/ozone/hadoop-ozone/integration-test/target/test-classes/webapps/ozoneManager}
2022-01-18 14:48:36,620 [Listener at 127.0.0.1/40135] INFO  server.AbstractConnector (AbstractConnector.java:doStart(331)) - Started ServerConnector@86af3e7{HTTP/1.1, (http/1.1)}{0.0.0.0:35569}
2022-01-18 14:48:36,620 [Listener at 127.0.0.1/40135] INFO  server.Server (Server.java:doStart(415)) - Started @109094ms
2022-01-18 14:48:36,621 [Listener at 127.0.0.1/40135] WARN  impl.MetricsSystemImpl (MetricsSystemImpl.java:register(279)) - Sink prometheus already exists!
2022-01-18 14:48:36,621 [Listener at 127.0.0.1/40135] INFO  http.BaseHttpServer (BaseHttpServer.java:updateConnectorAddress(329)) - HTTP server of ozoneManager listening at http://0.0.0.0:35569
2022-01-18 14:48:36,640 [IPC Server Responder] INFO  ipc.Server (Server.java:run(1507)) - IPC Server Responder: starting
2022-01-18 14:48:36,647 [IPC Server listener on 0] INFO  ipc.Server (Server.java:run(1344)) - IPC Server listener on 0: starting
2022-01-18 14:48:36,674 [Listener at 127.0.0.1/40135] INFO  om.OzoneManager (OzoneManager.java:startTrashEmptier(1792)) - Trash Interval set to 0. Files deleted will not move to trash
2022-01-18 14:48:36,693 [org.apache.hadoop.util.JvmPauseMonitor$Monitor@2e331c3f] INFO  util.JvmPauseMonitor (JvmPauseMonitor.java:run(188)) - Starting JVM pause monitor
2022-01-18 14:48:36,707 [Listener at 127.0.0.1/40135] WARN  impl.MetricRegistriesImpl (MetricRegistriesImpl.java:addReporterRegistration(111)) - New reporters are added after registries were created. Some metrics will be missing from the reporter. Please add reporter before adding any new registry.
2022-01-18 14:48:36,707 [Listener at 127.0.0.1/40135] WARN  impl.MetricRegistriesImpl (MetricRegistriesImpl.java:addReporterRegistration(111)) - New reporters are added after registries were created. Some metrics will be missing from the reporter. Please add reporter before adding any new registry.
2022-01-18 14:48:36,707 [Listener at 127.0.0.1/40135] INFO  impl.MetricsSystemImpl (MetricsSystemImpl.java:init(158)) - HddsDatanode metrics system started (again)
2022-01-18 14:48:36,746 [Listener at 127.0.0.1/40135] INFO  ozone.HddsDatanodeService (HddsDatanodeService.java:start(234)) - HddsDatanodeService host:fv-az151-72.yf2hydr00wburbhx3j5hxtcipe.bx.internal.cloudapp.net ip:10.1.0.41
2022-01-18 14:48:36,795 [Listener at 127.0.0.1/40135] INFO  upgrade.AbstractLayoutVersionManager (AbstractLayoutVersionManager.java:init(79)) - Initializing Layout version manager with metadata layout = SCM_HA (version = 2), software layout = SCM_HA (version = 2)
2022-01-18 14:48:36,887 [Listener at 127.0.0.1/40135] INFO  reflections.Reflections (Reflections.java:scan(232)) - Reflections took 90 ms to scan 7 urls, producing 119 keys and 279 values 
2022-01-18 14:48:36,898 [Listener at 127.0.0.1/40135] INFO  statemachine.DatanodeStateMachine (DatanodeStateMachine.java:getEndPointTaskThreadPoolSize(222)) - Datanode State Machine Task Thread Pool size 2
2022-01-18 14:48:36,904 [Listener at 127.0.0.1/40135] INFO  volume.HddsVolume (HddsVolume.java:<init>(120)) - Creating HddsVolume: /home/runner/work/ozone/ozone/hadoop-ozone/integration-test/target/test-dir/MiniOzoneClusterImpl-0ccfa9de-752d-4e8f-9bbd-0e124a2d3e08/datanode-0/data-0/containers/hdds of storage type : DISK capacity : 9223372036854775807
2022-01-18 14:48:36,904 [Listener at 127.0.0.1/40135] INFO  volume.MutableVolumeSet (MutableVolumeSet.java:initializeVolumeSet(168)) - Added Volume : /home/runner/work/ozone/ozone/hadoop-ozone/integration-test/target/test-dir/MiniOzoneClusterImpl-0ccfa9de-752d-4e8f-9bbd-0e124a2d3e08/datanode-0/data-0/containers/hdds to VolumeSet
2022-01-18 14:48:36,904 [Listener at 127.0.0.1/40135] INFO  volume.ThrottledAsyncChecker (ThrottledAsyncChecker.java:schedule(141)) - Scheduling a check for /home/runner/work/ozone/ozone/hadoop-ozone/integration-test/target/test-dir/MiniOzoneClusterImpl-0ccfa9de-752d-4e8f-9bbd-0e124a2d3e08/datanode-0/data-0/containers/hdds
2022-01-18 14:48:36,909 [Listener at 127.0.0.1/40135] INFO  volume.StorageVolumeChecker (StorageVolumeChecker.java:checkAllVolumes(202)) - Scheduled health check for volume /home/runner/work/ozone/ozone/hadoop-ozone/integration-test/target/test-dir/MiniOzoneClusterImpl-0ccfa9de-752d-4e8f-9bbd-0e124a2d3e08/datanode-0/data-0/containers/hdds
2022-01-18 14:48:36,926 [Listener at 127.0.0.1/40135] INFO  volume.MutableVolumeSet (MutableVolumeSet.java:initializeVolumeSet(168)) - Added Volume : /home/runner/work/ozone/ozone/hadoop-ozone/integration-test/target/test-dir/MiniOzoneClusterImpl-0ccfa9de-752d-4e8f-9bbd-0e124a2d3e08/datanode-0/data/ratis to VolumeSet
2022-01-18 14:48:36,926 [Listener at 127.0.0.1/40135] INFO  volume.ThrottledAsyncChecker (ThrottledAsyncChecker.java:schedule(141)) - Scheduling a check for /home/runner/work/ozone/ozone/hadoop-ozone/integration-test/target/test-dir/MiniOzoneClusterImpl-0ccfa9de-752d-4e8f-9bbd-0e124a2d3e08/datanode-0/data/ratis
2022-01-18 14:48:36,931 [Listener at 127.0.0.1/40135] INFO  volume.StorageVolumeChecker (StorageVolumeChecker.java:checkAllVolumes(202)) - Scheduled health check for volume /home/runner/work/ozone/ozone/hadoop-ozone/integration-test/target/test-dir/MiniOzoneClusterImpl-0ccfa9de-752d-4e8f-9bbd-0e124a2d3e08/datanode-0/data/ratis
2022-01-18 14:48:36,958 [Thread-553] INFO  ozoneimpl.ContainerReader (ContainerReader.java:readVolume(172)) - Finish verifying containers on volume /home/runner/work/ozone/ozone/hadoop-ozone/integration-test/target/test-dir/MiniOzoneClusterImpl-0ccfa9de-752d-4e8f-9bbd-0e124a2d3e08/datanode-0/data-0/containers/hdds
2022-01-18 14:48:36,958 [Listener at 127.0.0.1/40135] INFO  ozoneimpl.OzoneContainer (OzoneContainer.java:buildContainerSet(237)) - Build ContainerSet costs 0s
2022-01-18 14:48:36,962 [Listener at 127.0.0.1/40135] INFO  server.RaftServer (ConfUtils.java:logGet(44)) - raft.rpc.type = GRPC (default)
2022-01-18 14:48:36,962 [Listener at 127.0.0.1/40135] INFO  grpc.GrpcFactory (GrpcFactory.java:checkPooledByteBufAllocatorUseCacheForAllThreads(48)) - PERFORMANCE WARNING: useCacheForAllThreads is true that may cause Netty to create a lot garbage objects and, as a result, trigger GC.
	It is recommended to disable useCacheForAllThreads by setting -Dorg.apache.ratis.thirdparty.io.netty.allocator.useCacheForAllThreads=false in command line.
2022-01-18 14:48:36,962 [Listener at 127.0.0.1/40135] INFO  grpc.GrpcConfigKeys (ConfUtils.java:logGet(44)) - raft.grpc.admin.port = 0 (custom)
2022-01-18 14:48:36,962 [Listener at 127.0.0.1/40135] INFO  grpc.GrpcConfigKeys (ConfUtils.java:logGet(44)) - raft.grpc.client.port = 0 (custom)
2022-01-18 14:48:36,963 [Listener at 127.0.0.1/40135] INFO  grpc.GrpcConfigKeys (ConfUtils.java:logGet(44)) - raft.grpc.server.port = 0 (default)
2022-01-18 14:48:36,963 [Listener at 127.0.0.1/40135] INFO  server.GrpcService (ConfUtils.java:logGet(44)) - raft.grpc.message.size.max = 32MB (=33554432) (custom)
2022-01-18 14:48:36,963 [Listener at 127.0.0.1/40135] INFO  server.RaftServerConfigKeys (ConfUtils.java:logGet(44)) - raft.server.log.appender.buffer.byte-limit = 33554432 (custom)
2022-01-18 14:48:36,963 [Listener at 127.0.0.1/40135] INFO  server.GrpcService (ConfUtils.java:logGet(44)) - raft.grpc.flow.control.window = 5MB (=5242880) (custom)
2022-01-18 14:48:36,963 [Listener at 127.0.0.1/40135] INFO  server.RaftServerConfigKeys (ConfUtils.java:logGet(44)) - raft.server.rpc.request.timeout = 60s (custom)
2022-01-18 14:48:36,964 [Listener at 127.0.0.1/40135] INFO  impl.DataStreamServerImpl (ConfUtils.java:logGet(44)) - raft.datastream.type = DISABLED (default)
2022-01-18 14:48:36,964 [Listener at 127.0.0.1/40135] INFO  server.RaftServerConfigKeys (ConfUtils.java:logGet(44)) - raft.server.rpc.slowness.timeout = 300s (custom)
2022-01-18 14:48:36,964 [Listener at 127.0.0.1/40135] INFO  server.RaftServerConfigKeys (ConfUtils.java:logGet(44)) - raft.server.leaderelection.leader.step-down.wait-time = 10s (default)
2022-01-18 14:48:36,964 [Listener at 127.0.0.1/40135] INFO  server.RaftServerConfigKeys (ConfUtils.java:logGet(44)) - raft.server.storage.dir = [/home/runner/work/ozone/ozone/hadoop-ozone/integration-test/target/test-dir/MiniOzoneClusterImpl-0ccfa9de-752d-4e8f-9bbd-0e124a2d3e08/datanode-0/data/ratis] (custom)
2022-01-18 14:48:36,966 [Listener at 127.0.0.1/40135] INFO  server.XceiverServerGrpc (XceiverServerGrpc.java:<init>(132)) - GrpcServer channel type EpollServerSocketChannel
2022-01-18 14:48:36,973 [Listener at 127.0.0.1/40135] INFO  http.BaseHttpServer (BaseHttpServer.java:newHttpServer2BuilderForOzone(209)) - Starting Web-server for hddsDatanode at: http://0.0.0.0:0
2022-01-18 14:48:36,973 [Listener at 127.0.0.1/40135] INFO  http.BaseHttpServer (BaseHttpServer.java:<init>(107)) - Hadoop Security Enabled: false Ozone Security Enabled: false Ozone HTTP Security Enabled: false 
2022-01-18 14:48:36,977 [Listener at 127.0.0.1/40135] INFO  server.AuthenticationFilter (AuthenticationFilter.java:constructSecretProvider(240)) - Unable to initialize FileSignerSecretProvider, falling back to use random secrets.
2022-01-18 14:48:36,984 [Listener at 127.0.0.1/40135] WARN  http.HttpRequestLog (HttpRequestLog.java:getRequestLog(103)) - Jetty request log can only be enabled using Log4j
2022-01-18 14:48:36,985 [Listener at 127.0.0.1/40135] INFO  http.HttpServer2 (HttpServer2.java:addGlobalFilter(1030)) - Added global filter 'safety' (class=org.apache.hadoop.hdds.server.http.HttpServer2$QuotingInputFilter)
2022-01-18 14:48:36,986 [Listener at 127.0.0.1/40135] INFO  http.HttpServer2 (HttpServer2.java:addFilter(1006)) - Added filter static_user_filter (class=org.apache.hadoop.http.lib.StaticUserWebFilter$StaticUserFilter) to context hddsDatanode
2022-01-18 14:48:36,986 [Listener at 127.0.0.1/40135] INFO  http.HttpServer2 (HttpServer2.java:addFilter(1014)) - Added filter static_user_filter (class=org.apache.hadoop.http.lib.StaticUserWebFilter$StaticUserFilter) to context logs
2022-01-18 14:48:36,986 [Listener at 127.0.0.1/40135] INFO  http.HttpServer2 (HttpServer2.java:addFilter(1014)) - Added filter static_user_filter (class=org.apache.hadoop.http.lib.StaticUserWebFilter$StaticUserFilter) to context static
2022-01-18 14:48:36,986 [Listener at 127.0.0.1/40135] INFO  http.HttpServer2 (HttpServer2.java:bindListener(1249)) - Jetty bound to port 33415
2022-01-18 14:48:36,986 [Listener at 127.0.0.1/40135] INFO  server.Server (Server.java:doStart(375)) - jetty-9.4.43.v20210629; built: 2021-06-30T11:07:22.254Z; git: 526006ecfa3af7f1a27ef3a288e2bef7ea9dd7e8; jvm 1.8.0_292-b10
2022-01-18 14:48:37,040 [Listener at 127.0.0.1/40135] INFO  server.session (DefaultSessionIdManager.java:doStart(334)) - DefaultSessionIdManager workerName=node0
2022-01-18 14:48:37,040 [Listener at 127.0.0.1/40135] INFO  server.session (DefaultSessionIdManager.java:doStart(339)) - No SessionScavenger set, using defaults
2022-01-18 14:48:37,041 [Listener at 127.0.0.1/40135] INFO  server.session (HouseKeeper.java:startScavenging(132)) - node0 Scavenging every 660000ms
2022-01-18 14:48:37,048 [Listener at 127.0.0.1/40135] INFO  handler.ContextHandler (ContextHandler.java:doStart(915)) - Started o.e.j.s.ServletContextHandler@606d184{logs,/logs,file:///home/runner/work/ozone/ozone/hadoop-ozone/integration-test/target/log,AVAILABLE}
2022-01-18 14:48:37,048 [Listener at 127.0.0.1/40135] INFO  handler.ContextHandler (ContextHandler.java:doStart(915)) - Started o.e.j.s.ServletContextHandler@33280b27{static,/static,jar:file:/home/runner/.m2/repository/org/apache/ozone/hdds-container-service/1.3.0-SNAPSHOT/hdds-container-service-1.3.0-SNAPSHOT.jar!/webapps/static,AVAILABLE}
2022-01-18 14:48:37,185 [Listener at 127.0.0.1/40135] INFO  handler.ContextHandler (ContextHandler.java:doStart(915)) - Started o.e.j.w.WebAppContext@5c7e7af5{hddsDatanode,/,file:///tmp/jetty-0_0_0_0-33415-hdds-container-service-1_3_0-SNAPSHOT_jar-_-any-4433012462401381916/webapp/,AVAILABLE}{jar:file:/home/runner/.m2/repository/org/apache/ozone/hdds-container-service/1.3.0-SNAPSHOT/hdds-container-service-1.3.0-SNAPSHOT.jar!/webapps/hddsDatanode}
2022-01-18 14:48:37,192 [Listener at 127.0.0.1/40135] INFO  server.AbstractConnector (AbstractConnector.java:doStart(331)) - Started ServerConnector@3ffedb87{HTTP/1.1, (http/1.1)}{0.0.0.0:33415}
2022-01-18 14:48:37,193 [Listener at 127.0.0.1/40135] INFO  server.Server (Server.java:doStart(415)) - Started @109666ms
2022-01-18 14:48:37,193 [Listener at 127.0.0.1/40135] WARN  impl.MetricsSystemImpl (MetricsSystemImpl.java:register(279)) - Sink prometheus already exists!
2022-01-18 14:48:37,193 [Listener at 127.0.0.1/40135] INFO  http.BaseHttpServer (BaseHttpServer.java:updateConnectorAddress(329)) - HTTP server of hddsDatanode listening at http://0.0.0.0:33415
2022-01-18 14:48:37,204 [Listener at 127.0.0.1/40135] WARN  impl.MetricRegistriesImpl (MetricRegistriesImpl.java:addReporterRegistration(111)) - New reporters are added after registries were created. Some metrics will be missing from the reporter. Please add reporter before adding any new registry.
2022-01-18 14:48:37,204 [Listener at 127.0.0.1/40135] WARN  impl.MetricRegistriesImpl (MetricRegistriesImpl.java:addReporterRegistration(111)) - New reporters are added after registries were created. Some metrics will be missing from the reporter. Please add reporter before adding any new registry.
2022-01-18 14:48:37,204 [Listener at 127.0.0.1/40135] INFO  impl.MetricsSystemImpl (MetricsSystemImpl.java:init(158)) - HddsDatanode metrics system started (again)
2022-01-18 14:48:37,207 [Datanode State Machine Daemon Thread] INFO  statemachine.DatanodeStateMachine (DatanodeStateMachine.java:lambda$startDaemon$0(470)) - Ozone container server started.
2022-01-18 14:48:37,216 [org.apache.hadoop.util.JvmPauseMonitor$Monitor@615a4a1] INFO  util.JvmPauseMonitor (JvmPauseMonitor.java:run(188)) - Starting JVM pause monitor
2022-01-18 14:48:37,238 [Listener at 127.0.0.1/40135] INFO  ozone.HddsDatanodeService (HddsDatanodeService.java:start(234)) - HddsDatanodeService host:fv-az151-72.yf2hydr00wburbhx3j5hxtcipe.bx.internal.cloudapp.net ip:10.1.0.41
2022-01-18 14:48:37,239 [Datanode State Machine Task Thread - 0] INFO  datanode.InitDatanodeState (InitDatanodeState.java:persistContainerDatanodeDetails(145)) - DatanodeDetails is persisted to /home/runner/work/ozone/ozone/hadoop-ozone/integration-test/target/test-dir/MiniOzoneClusterImpl-0ccfa9de-752d-4e8f-9bbd-0e124a2d3e08/datanode-0/meta/datanode.id
2022-01-18 14:48:37,292 [Listener at 127.0.0.1/40135] INFO  upgrade.AbstractLayoutVersionManager (AbstractLayoutVersionManager.java:init(79)) - Initializing Layout version manager with metadata layout = SCM_HA (version = 2), software layout = SCM_HA (version = 2)
2022-01-18 14:48:37,427 [Listener at 127.0.0.1/40135] INFO  reflections.Reflections (Reflections.java:scan(232)) - Reflections took 131 ms to scan 7 urls, producing 119 keys and 279 values 
2022-01-18 14:48:37,431 [Listener at 127.0.0.1/40135] INFO  statemachine.DatanodeStateMachine (DatanodeStateMachine.java:getEndPointTaskThreadPoolSize(222)) - Datanode State Machine Task Thread Pool size 2
2022-01-18 14:48:37,441 [Listener at 127.0.0.1/40135] INFO  volume.HddsVolume (HddsVolume.java:<init>(120)) - Creating HddsVolume: /home/runner/work/ozone/ozone/hadoop-ozone/integration-test/target/test-dir/MiniOzoneClusterImpl-0ccfa9de-752d-4e8f-9bbd-0e124a2d3e08/datanode-1/data-0/containers/hdds of storage type : DISK capacity : 9223372036854775807
2022-01-18 14:48:37,443 [Listener at 127.0.0.1/40135] INFO  volume.MutableVolumeSet (MutableVolumeSet.java:initializeVolumeSet(168)) - Added Volume : /home/runner/work/ozone/ozone/hadoop-ozone/integration-test/target/test-dir/MiniOzoneClusterImpl-0ccfa9de-752d-4e8f-9bbd-0e124a2d3e08/datanode-1/data-0/containers/hdds to VolumeSet
2022-01-18 14:48:37,443 [Listener at 127.0.0.1/40135] INFO  volume.ThrottledAsyncChecker (ThrottledAsyncChecker.java:schedule(141)) - Scheduling a check for /home/runner/work/ozone/ozone/hadoop-ozone/integration-test/target/test-dir/MiniOzoneClusterImpl-0ccfa9de-752d-4e8f-9bbd-0e124a2d3e08/datanode-1/data-0/containers/hdds
2022-01-18 14:48:37,456 [Listener at 127.0.0.1/40135] INFO  volume.StorageVolumeChecker (StorageVolumeChecker.java:checkAllVolumes(202)) - Scheduled health check for volume /home/runner/work/ozone/ozone/hadoop-ozone/integration-test/target/test-dir/MiniOzoneClusterImpl-0ccfa9de-752d-4e8f-9bbd-0e124a2d3e08/datanode-1/data-0/containers/hdds
2022-01-18 14:48:37,481 [Listener at 127.0.0.1/40135] INFO  volume.MutableVolumeSet (MutableVolumeSet.java:initializeVolumeSet(168)) - Added Volume : /home/runner/work/ozone/ozone/hadoop-ozone/integration-test/target/test-dir/MiniOzoneClusterImpl-0ccfa9de-752d-4e8f-9bbd-0e124a2d3e08/datanode-1/data/ratis to VolumeSet
2022-01-18 14:48:37,481 [Listener at 127.0.0.1/40135] INFO  volume.ThrottledAsyncChecker (ThrottledAsyncChecker.java:schedule(141)) - Scheduling a check for /home/runner/work/ozone/ozone/hadoop-ozone/integration-test/target/test-dir/MiniOzoneClusterImpl-0ccfa9de-752d-4e8f-9bbd-0e124a2d3e08/datanode-1/data/ratis
2022-01-18 14:48:37,482 [Listener at 127.0.0.1/40135] INFO  volume.StorageVolumeChecker (StorageVolumeChecker.java:checkAllVolumes(202)) - Scheduled health check for volume /home/runner/work/ozone/ozone/hadoop-ozone/integration-test/target/test-dir/MiniOzoneClusterImpl-0ccfa9de-752d-4e8f-9bbd-0e124a2d3e08/datanode-1/data/ratis
2022-01-18 14:48:37,536 [Thread-565] INFO  ozoneimpl.ContainerReader (ContainerReader.java:readVolume(172)) - Finish verifying containers on volume /home/runner/work/ozone/ozone/hadoop-ozone/integration-test/target/test-dir/MiniOzoneClusterImpl-0ccfa9de-752d-4e8f-9bbd-0e124a2d3e08/datanode-1/data-0/containers/hdds
2022-01-18 14:48:37,537 [Listener at 127.0.0.1/40135] INFO  ozoneimpl.OzoneContainer (OzoneContainer.java:buildContainerSet(237)) - Build ContainerSet costs 0s
2022-01-18 14:48:37,542 [Listener at 127.0.0.1/40135] INFO  server.RaftServer (ConfUtils.java:logGet(44)) - raft.rpc.type = GRPC (default)
2022-01-18 14:48:37,542 [Listener at 127.0.0.1/40135] INFO  grpc.GrpcFactory (GrpcFactory.java:checkPooledByteBufAllocatorUseCacheForAllThreads(48)) - PERFORMANCE WARNING: useCacheForAllThreads is true that may cause Netty to create a lot garbage objects and, as a result, trigger GC.
	It is recommended to disable useCacheForAllThreads by setting -Dorg.apache.ratis.thirdparty.io.netty.allocator.useCacheForAllThreads=false in command line.
2022-01-18 14:48:37,543 [Listener at 127.0.0.1/40135] INFO  grpc.GrpcConfigKeys (ConfUtils.java:logGet(44)) - raft.grpc.admin.port = 0 (custom)
2022-01-18 14:48:37,543 [Listener at 127.0.0.1/40135] INFO  grpc.GrpcConfigKeys (ConfUtils.java:logGet(44)) - raft.grpc.client.port = 0 (custom)
2022-01-18 14:48:37,543 [Listener at 127.0.0.1/40135] INFO  grpc.GrpcConfigKeys (ConfUtils.java:logGet(44)) - raft.grpc.server.port = 0 (default)
2022-01-18 14:48:37,543 [Listener at 127.0.0.1/40135] INFO  server.GrpcService (ConfUtils.java:logGet(44)) - raft.grpc.message.size.max = 32MB (=33554432) (custom)
2022-01-18 14:48:37,543 [Listener at 127.0.0.1/40135] INFO  server.RaftServerConfigKeys (ConfUtils.java:logGet(44)) - raft.server.log.appender.buffer.byte-limit = 33554432 (custom)
2022-01-18 14:48:37,543 [Listener at 127.0.0.1/40135] INFO  server.GrpcService (ConfUtils.java:logGet(44)) - raft.grpc.flow.control.window = 5MB (=5242880) (custom)
2022-01-18 14:48:37,543 [Listener at 127.0.0.1/40135] INFO  server.RaftServerConfigKeys (ConfUtils.java:logGet(44)) - raft.server.rpc.request.timeout = 60s (custom)
2022-01-18 14:48:37,544 [Listener at 127.0.0.1/40135] INFO  impl.DataStreamServerImpl (ConfUtils.java:logGet(44)) - raft.datastream.type = DISABLED (default)
2022-01-18 14:48:37,545 [Listener at 127.0.0.1/40135] INFO  server.RaftServerConfigKeys (ConfUtils.java:logGet(44)) - raft.server.rpc.slowness.timeout = 300s (custom)
2022-01-18 14:48:37,545 [Listener at 127.0.0.1/40135] INFO  server.RaftServerConfigKeys (ConfUtils.java:logGet(44)) - raft.server.leaderelection.leader.step-down.wait-time = 10s (default)
2022-01-18 14:48:37,545 [Listener at 127.0.0.1/40135] INFO  server.RaftServerConfigKeys (ConfUtils.java:logGet(44)) - raft.server.storage.dir = [/home/runner/work/ozone/ozone/hadoop-ozone/integration-test/target/test-dir/MiniOzoneClusterImpl-0ccfa9de-752d-4e8f-9bbd-0e124a2d3e08/datanode-1/data/ratis] (custom)
2022-01-18 14:48:37,546 [Listener at 127.0.0.1/40135] INFO  server.XceiverServerGrpc (XceiverServerGrpc.java:<init>(132)) - GrpcServer channel type EpollServerSocketChannel
2022-01-18 14:48:37,557 [Listener at 127.0.0.1/40135] INFO  http.BaseHttpServer (BaseHttpServer.java:newHttpServer2BuilderForOzone(209)) - Starting Web-server for hddsDatanode at: http://0.0.0.0:0
2022-01-18 14:48:37,558 [Listener at 127.0.0.1/40135] INFO  http.BaseHttpServer (BaseHttpServer.java:<init>(107)) - Hadoop Security Enabled: false Ozone Security Enabled: false Ozone HTTP Security Enabled: false 
2022-01-18 14:48:37,559 [Listener at 127.0.0.1/40135] INFO  server.AuthenticationFilter (AuthenticationFilter.java:constructSecretProvider(240)) - Unable to initialize FileSignerSecretProvider, falling back to use random secrets.
2022-01-18 14:48:37,559 [Listener at 127.0.0.1/40135] WARN  http.HttpRequestLog (HttpRequestLog.java:getRequestLog(103)) - Jetty request log can only be enabled using Log4j
2022-01-18 14:48:37,561 [Listener at 127.0.0.1/40135] INFO  http.HttpServer2 (HttpServer2.java:addGlobalFilter(1030)) - Added global filter 'safety' (class=org.apache.hadoop.hdds.server.http.HttpServer2$QuotingInputFilter)
2022-01-18 14:48:37,562 [Listener at 127.0.0.1/40135] INFO  http.HttpServer2 (HttpServer2.java:addFilter(1006)) - Added filter static_user_filter (class=org.apache.hadoop.http.lib.StaticUserWebFilter$StaticUserFilter) to context hddsDatanode
2022-01-18 14:48:37,562 [Listener at 127.0.0.1/40135] INFO  http.HttpServer2 (HttpServer2.java:addFilter(1014)) - Added filter static_user_filter (class=org.apache.hadoop.http.lib.StaticUserWebFilter$StaticUserFilter) to context static
2022-01-18 14:48:37,562 [Listener at 127.0.0.1/40135] INFO  http.HttpServer2 (HttpServer2.java:addFilter(1014)) - Added filter static_user_filter (class=org.apache.hadoop.http.lib.StaticUserWebFilter$StaticUserFilter) to context logs
2022-01-18 14:48:37,563 [Listener at 127.0.0.1/40135] INFO  http.HttpServer2 (HttpServer2.java:bindListener(1249)) - Jetty bound to port 43617
2022-01-18 14:48:37,563 [Listener at 127.0.0.1/40135] INFO  server.Server (Server.java:doStart(375)) - jetty-9.4.43.v20210629; built: 2021-06-30T11:07:22.254Z; git: 526006ecfa3af7f1a27ef3a288e2bef7ea9dd7e8; jvm 1.8.0_292-b10
2022-01-18 14:48:37,644 [Listener at 127.0.0.1/40135] INFO  server.session (DefaultSessionIdManager.java:doStart(334)) - DefaultSessionIdManager workerName=node0
2022-01-18 14:48:37,644 [Listener at 127.0.0.1/40135] INFO  server.session (DefaultSessionIdManager.java:doStart(339)) - No SessionScavenger set, using defaults
2022-01-18 14:48:37,645 [Listener at 127.0.0.1/40135] INFO  server.session (HouseKeeper.java:startScavenging(132)) - node0 Scavenging every 600000ms
2022-01-18 14:48:37,652 [Listener at 127.0.0.1/40135] INFO  handler.ContextHandler (ContextHandler.java:doStart(915)) - Started o.e.j.s.ServletContextHandler@70399075{logs,/logs,file:///home/runner/work/ozone/ozone/hadoop-ozone/integration-test/target/log,AVAILABLE}
2022-01-18 14:48:37,653 [Listener at 127.0.0.1/40135] INFO  handler.ContextHandler (ContextHandler.java:doStart(915)) - Started o.e.j.s.ServletContextHandler@9f02316{static,/static,jar:file:/home/runner/.m2/repository/org/apache/ozone/hdds-container-service/1.3.0-SNAPSHOT/hdds-container-service-1.3.0-SNAPSHOT.jar!/webapps/static,AVAILABLE}
2022-01-18 14:48:37,732 [om1@group-C5BA1605619E-FollowerState] INFO  impl.FollowerState (FollowerState.java:run(134)) - om1@group-C5BA1605619E-FollowerState: change to CANDIDATE, lastRpcElapsedTime:1163814253ns, electionTimeout:1148ms
2022-01-18 14:48:37,733 [om1@group-C5BA1605619E-FollowerState] INFO  impl.RoleInfo (RoleInfo.java:shutdownFollowerState(108)) - om1: shutdown om1@group-C5BA1605619E-FollowerState
2022-01-18 14:48:37,733 [om1@group-C5BA1605619E-FollowerState] INFO  server.RaftServer$Division (RaftServerImpl.java:setRole(290)) - om1@group-C5BA1605619E: changes role from  FOLLOWER to CANDIDATE at term 0 for changeToCandidate
2022-01-18 14:48:37,733 [om1@group-C5BA1605619E-FollowerState] INFO  server.RaftServerConfigKeys (ConfUtils.java:logGet(44)) - raft.server.leaderelection.pre-vote = false (custom)
2022-01-18 14:48:37,733 [om1@group-C5BA1605619E-FollowerState] INFO  impl.RoleInfo (RoleInfo.java:updateAndGet(130)) - om1: start om1@group-C5BA1605619E-LeaderElection17
2022-01-18 14:48:37,784 [Listener at 127.0.0.1/40135] INFO  handler.ContextHandler (ContextHandler.java:doStart(915)) - Started o.e.j.w.WebAppContext@794c2259{hddsDatanode,/,file:///tmp/jetty-0_0_0_0-43617-hdds-container-service-1_3_0-SNAPSHOT_jar-_-any-2912520599293113333/webapp/,AVAILABLE}{jar:file:/home/runner/.m2/repository/org/apache/ozone/hdds-container-service/1.3.0-SNAPSHOT/hdds-container-service-1.3.0-SNAPSHOT.jar!/webapps/hddsDatanode}
2022-01-18 14:48:37,785 [om1@group-C5BA1605619E-LeaderElection17] INFO  impl.LeaderElection (LeaderElection.java:askForVotes(306)) - om1@group-C5BA1605619E-LeaderElection17 ELECTION round 0: submit vote requests at term 1 for -1: [om1|rpc:localhost:9872|priority:0], old=null
2022-01-18 14:48:37,787 [om1@group-C5BA1605619E-LeaderElection17] INFO  impl.LeaderElection (LeaderElection.java:askForVotes(308)) - om1@group-C5BA1605619E-LeaderElection17 ELECTION round 0: result PASSED (term=1)
2022-01-18 14:48:37,787 [om1@group-C5BA1605619E-LeaderElection17] INFO  impl.RoleInfo (RoleInfo.java:shutdownLeaderElection(121)) - om1: shutdown om1@group-C5BA1605619E-LeaderElection17
2022-01-18 14:48:37,787 [om1@group-C5BA1605619E-LeaderElection17] INFO  server.RaftServer$Division (RaftServerImpl.java:setRole(290)) - om1@group-C5BA1605619E: changes role from CANDIDATE to LEADER at term 1 for changeToLeader
2022-01-18 14:48:37,787 [om1@group-C5BA1605619E-LeaderElection17] INFO  server.RaftServer$Division (ServerState.java:setLeader(285)) - om1@group-C5BA1605619E: change Leader from null to om1 at term 1 for becomeLeader, leader elected after 1287ms
2022-01-18 14:48:37,787 [om1@group-C5BA1605619E-LeaderElection17] INFO  server.RaftServerConfigKeys (ConfUtils.java:logGet(44)) - raft.server.staging.catchup.gap = 1000 (default)
2022-01-18 14:48:37,787 [om1@group-C5BA1605619E-LeaderElection17] INFO  server.RaftServerConfigKeys (ConfUtils.java:logGet(44)) - raft.server.write.element-limit = 4096 (default)
2022-01-18 14:48:37,787 [om1@group-C5BA1605619E-LeaderElection17] INFO  server.RaftServerConfigKeys (ConfUtils.java:logGet(44)) - raft.server.write.byte-limit = 64MB (=67108864) (default)
2022-01-18 14:48:37,788 [om1@group-C5BA1605619E-LeaderElection17] INFO  server.RaftServerConfigKeys (ConfUtils.java:logGet(44)) - raft.server.watch.timeout = 10s (default)
2022-01-18 14:48:37,788 [om1@group-C5BA1605619E-LeaderElection17] INFO  server.RaftServerConfigKeys (ConfUtils.java:logGet(44)) - raft.server.watch.timeout.denomination = 1s (default)
2022-01-18 14:48:37,788 [om1@group-C5BA1605619E-LeaderElection17] INFO  server.RaftServerConfigKeys (ConfUtils.java:logGet(44)) - raft.server.watch.element-limit = 65536 (default)
2022-01-18 14:48:37,788 [om1@group-C5BA1605619E-LeaderElection17] INFO  server.RaftServerConfigKeys (ConfUtils.java:logGet(44)) - raft.server.write.element-limit = 4096 (default)
2022-01-18 14:48:37,788 [om1@group-C5BA1605619E-LeaderElection17] INFO  server.RaftServerConfigKeys (ConfUtils.java:logGet(44)) - raft.server.write.follower.gap.ratio.max = -1.0 (default)
2022-01-18 14:48:37,788 [om1@group-C5BA1605619E-LeaderElection17] INFO  impl.RoleInfo (RoleInfo.java:updateAndGet(130)) - om1: start om1@group-C5BA1605619E-LeaderStateImpl
2022-01-18 14:48:37,789 [om1@group-C5BA1605619E-LeaderElection17] INFO  segmented.SegmentedRaftLogWorker (SegmentedRaftLogWorker.java:startLogSegment(394)) - om1@group-C5BA1605619E-SegmentedRaftLogWorker: Starting segment from index:0
2022-01-18 14:48:37,797 [om1@group-C5BA1605619E-LeaderElection17] INFO  server.RaftServer$Division (ServerState.java:setRaftConf(387)) - om1@group-C5BA1605619E: set configuration 0: [om1|rpc:localhost:9872|admin:|client:|dataStream:|priority:0], old=null
2022-01-18 14:48:37,801 [om1@group-C5BA1605619E-SegmentedRaftLogWorker] INFO  segmented.SegmentedRaftLogWorker (SegmentedRaftLogWorker.java:execute(601)) - om1@group-C5BA1605619E-SegmentedRaftLogWorker: created new log segment /home/runner/work/ozone/ozone/hadoop-ozone/integration-test/target/test-dir/MiniOzoneClusterImpl-0ccfa9de-752d-4e8f-9bbd-0e124a2d3e08/ozone-meta/ratis/bf265839-605b-3f16-9796-c5ba1605619e/current/log_inprogress_0
2022-01-18 14:48:37,805 [Listener at 127.0.0.1/40135] INFO  server.AbstractConnector (AbstractConnector.java:doStart(331)) - Started ServerConnector@3c99bbe6{HTTP/1.1, (http/1.1)}{0.0.0.0:43617}
2022-01-18 14:48:37,805 [Listener at 127.0.0.1/40135] INFO  server.Server (Server.java:doStart(415)) - Started @110279ms
2022-01-18 14:48:37,805 [Listener at 127.0.0.1/40135] WARN  impl.MetricsSystemImpl (MetricsSystemImpl.java:register(279)) - Sink prometheus already exists!
2022-01-18 14:48:37,806 [Listener at 127.0.0.1/40135] INFO  http.BaseHttpServer (BaseHttpServer.java:updateConnectorAddress(329)) - HTTP server of hddsDatanode listening at http://0.0.0.0:43617
2022-01-18 14:48:37,816 [Listener at 127.0.0.1/40135] WARN  impl.MetricRegistriesImpl (MetricRegistriesImpl.java:addReporterRegistration(111)) - New reporters are added after registries were created. Some metrics will be missing from the reporter. Please add reporter before adding any new registry.
2022-01-18 14:48:37,816 [Listener at 127.0.0.1/40135] WARN  impl.MetricRegistriesImpl (MetricRegistriesImpl.java:addReporterRegistration(111)) - New reporters are added after registries were created. Some metrics will be missing from the reporter. Please add reporter before adding any new registry.
2022-01-18 14:48:37,816 [Listener at 127.0.0.1/40135] INFO  impl.MetricsSystemImpl (MetricsSystemImpl.java:init(158)) - HddsDatanode metrics system started (again)
2022-01-18 14:48:37,825 [om1@group-C5BA1605619E-StateMachineUpdater] INFO  ratis.OzoneManagerStateMachine (OzoneManagerStateMachine.java:notifyConfigurationChanged(188)) - Received Configuration change notification from Ratis. New Peer list:
[id: "om1"
address: "localhost:9872"
]
2022-01-18 14:48:37,825 [Datanode State Machine Daemon Thread] INFO  statemachine.DatanodeStateMachine (DatanodeStateMachine.java:lambda$startDaemon$0(470)) - Ozone container server started.
2022-01-18 14:48:37,853 [Listener at 127.0.0.1/40135] INFO  ozone.HddsDatanodeService (HddsDatanodeService.java:start(234)) - HddsDatanodeService host:fv-az151-72.yf2hydr00wburbhx3j5hxtcipe.bx.internal.cloudapp.net ip:10.1.0.41
2022-01-18 14:48:37,898 [Listener at 127.0.0.1/40135] INFO  upgrade.AbstractLayoutVersionManager (AbstractLayoutVersionManager.java:init(79)) - Initializing Layout version manager with metadata layout = SCM_HA (version = 2), software layout = SCM_HA (version = 2)
2022-01-18 14:48:37,907 [org.apache.hadoop.util.JvmPauseMonitor$Monitor@2a2f200f] INFO  util.JvmPauseMonitor (JvmPauseMonitor.java:run(188)) - Starting JVM pause monitor
2022-01-18 14:48:37,928 [Datanode State Machine Task Thread - 0] INFO  datanode.InitDatanodeState (InitDatanodeState.java:persistContainerDatanodeDetails(145)) - DatanodeDetails is persisted to /home/runner/work/ozone/ozone/hadoop-ozone/integration-test/target/test-dir/MiniOzoneClusterImpl-0ccfa9de-752d-4e8f-9bbd-0e124a2d3e08/datanode-1/meta/datanode.id
2022-01-18 14:48:38,010 [Listener at 127.0.0.1/40135] INFO  reflections.Reflections (Reflections.java:scan(232)) - Reflections took 111 ms to scan 7 urls, producing 119 keys and 279 values 
2022-01-18 14:48:38,025 [Listener at 127.0.0.1/40135] INFO  statemachine.DatanodeStateMachine (DatanodeStateMachine.java:getEndPointTaskThreadPoolSize(222)) - Datanode State Machine Task Thread Pool size 2
2022-01-18 14:48:38,033 [Listener at 127.0.0.1/40135] INFO  volume.HddsVolume (HddsVolume.java:<init>(120)) - Creating HddsVolume: /home/runner/work/ozone/ozone/hadoop-ozone/integration-test/target/test-dir/MiniOzoneClusterImpl-0ccfa9de-752d-4e8f-9bbd-0e124a2d3e08/datanode-2/data-0/containers/hdds of storage type : DISK capacity : 9223372036854775807
2022-01-18 14:48:38,033 [Listener at 127.0.0.1/40135] INFO  volume.MutableVolumeSet (MutableVolumeSet.java:initializeVolumeSet(168)) - Added Volume : /home/runner/work/ozone/ozone/hadoop-ozone/integration-test/target/test-dir/MiniOzoneClusterImpl-0ccfa9de-752d-4e8f-9bbd-0e124a2d3e08/datanode-2/data-0/containers/hdds to VolumeSet
2022-01-18 14:48:38,033 [Listener at 127.0.0.1/40135] INFO  volume.ThrottledAsyncChecker (ThrottledAsyncChecker.java:schedule(141)) - Scheduling a check for /home/runner/work/ozone/ozone/hadoop-ozone/integration-test/target/test-dir/MiniOzoneClusterImpl-0ccfa9de-752d-4e8f-9bbd-0e124a2d3e08/datanode-2/data-0/containers/hdds
2022-01-18 14:48:38,034 [Listener at 127.0.0.1/40135] INFO  volume.StorageVolumeChecker (StorageVolumeChecker.java:checkAllVolumes(202)) - Scheduled health check for volume /home/runner/work/ozone/ozone/hadoop-ozone/integration-test/target/test-dir/MiniOzoneClusterImpl-0ccfa9de-752d-4e8f-9bbd-0e124a2d3e08/datanode-2/data-0/containers/hdds
2022-01-18 14:48:38,077 [Listener at 127.0.0.1/40135] INFO  volume.MutableVolumeSet (MutableVolumeSet.java:initializeVolumeSet(168)) - Added Volume : /home/runner/work/ozone/ozone/hadoop-ozone/integration-test/target/test-dir/MiniOzoneClusterImpl-0ccfa9de-752d-4e8f-9bbd-0e124a2d3e08/datanode-2/data/ratis to VolumeSet
2022-01-18 14:48:38,077 [Listener at 127.0.0.1/40135] INFO  volume.ThrottledAsyncChecker (ThrottledAsyncChecker.java:schedule(141)) - Scheduling a check for /home/runner/work/ozone/ozone/hadoop-ozone/integration-test/target/test-dir/MiniOzoneClusterImpl-0ccfa9de-752d-4e8f-9bbd-0e124a2d3e08/datanode-2/data/ratis
2022-01-18 14:48:38,077 [Listener at 127.0.0.1/40135] INFO  volume.StorageVolumeChecker (StorageVolumeChecker.java:checkAllVolumes(202)) - Scheduled health check for volume /home/runner/work/ozone/ozone/hadoop-ozone/integration-test/target/test-dir/MiniOzoneClusterImpl-0ccfa9de-752d-4e8f-9bbd-0e124a2d3e08/datanode-2/data/ratis
2022-01-18 14:48:38,124 [Thread-579] INFO  ozoneimpl.ContainerReader (ContainerReader.java:readVolume(172)) - Finish verifying containers on volume /home/runner/work/ozone/ozone/hadoop-ozone/integration-test/target/test-dir/MiniOzoneClusterImpl-0ccfa9de-752d-4e8f-9bbd-0e124a2d3e08/datanode-2/data-0/containers/hdds
2022-01-18 14:48:38,124 [Listener at 127.0.0.1/40135] INFO  ozoneimpl.OzoneContainer (OzoneContainer.java:buildContainerSet(237)) - Build ContainerSet costs 0s
2022-01-18 14:48:38,127 [Listener at 127.0.0.1/40135] INFO  server.RaftServer (ConfUtils.java:logGet(44)) - raft.rpc.type = GRPC (default)
2022-01-18 14:48:38,128 [Listener at 127.0.0.1/40135] INFO  grpc.GrpcFactory (GrpcFactory.java:checkPooledByteBufAllocatorUseCacheForAllThreads(48)) - PERFORMANCE WARNING: useCacheForAllThreads is true that may cause Netty to create a lot garbage objects and, as a result, trigger GC.
	It is recommended to disable useCacheForAllThreads by setting -Dorg.apache.ratis.thirdparty.io.netty.allocator.useCacheForAllThreads=false in command line.
2022-01-18 14:48:38,128 [Listener at 127.0.0.1/40135] INFO  grpc.GrpcConfigKeys (ConfUtils.java:logGet(44)) - raft.grpc.admin.port = 0 (custom)
2022-01-18 14:48:38,128 [Listener at 127.0.0.1/40135] INFO  grpc.GrpcConfigKeys (ConfUtils.java:logGet(44)) - raft.grpc.client.port = 0 (custom)
2022-01-18 14:48:38,128 [Listener at 127.0.0.1/40135] INFO  grpc.GrpcConfigKeys (ConfUtils.java:logGet(44)) - raft.grpc.server.port = 0 (default)
2022-01-18 14:48:38,128 [Listener at 127.0.0.1/40135] INFO  server.GrpcService (ConfUtils.java:logGet(44)) - raft.grpc.message.size.max = 32MB (=33554432) (custom)
2022-01-18 14:48:38,128 [Listener at 127.0.0.1/40135] INFO  server.RaftServerConfigKeys (ConfUtils.java:logGet(44)) - raft.server.log.appender.buffer.byte-limit = 33554432 (custom)
2022-01-18 14:48:38,128 [Listener at 127.0.0.1/40135] INFO  server.GrpcService (ConfUtils.java:logGet(44)) - raft.grpc.flow.control.window = 5MB (=5242880) (custom)
2022-01-18 14:48:38,128 [Listener at 127.0.0.1/40135] INFO  server.RaftServerConfigKeys (ConfUtils.java:logGet(44)) - raft.server.rpc.request.timeout = 60s (custom)
2022-01-18 14:48:38,130 [Listener at 127.0.0.1/40135] INFO  impl.DataStreamServerImpl (ConfUtils.java:logGet(44)) - raft.datastream.type = DISABLED (default)
2022-01-18 14:48:38,130 [Listener at 127.0.0.1/40135] INFO  server.RaftServerConfigKeys (ConfUtils.java:logGet(44)) - raft.server.rpc.slowness.timeout = 300s (custom)
2022-01-18 14:48:38,130 [Listener at 127.0.0.1/40135] INFO  server.RaftServerConfigKeys (ConfUtils.java:logGet(44)) - raft.server.leaderelection.leader.step-down.wait-time = 10s (default)
2022-01-18 14:48:38,131 [Listener at 127.0.0.1/40135] INFO  server.RaftServerConfigKeys (ConfUtils.java:logGet(44)) - raft.server.storage.dir = [/home/runner/work/ozone/ozone/hadoop-ozone/integration-test/target/test-dir/MiniOzoneClusterImpl-0ccfa9de-752d-4e8f-9bbd-0e124a2d3e08/datanode-2/data/ratis] (custom)
2022-01-18 14:48:38,132 [Listener at 127.0.0.1/40135] INFO  server.XceiverServerGrpc (XceiverServerGrpc.java:<init>(132)) - GrpcServer channel type EpollServerSocketChannel
2022-01-18 14:48:38,148 [Listener at 127.0.0.1/40135] INFO  http.BaseHttpServer (BaseHttpServer.java:newHttpServer2BuilderForOzone(209)) - Starting Web-server for hddsDatanode at: http://0.0.0.0:0
2022-01-18 14:48:38,148 [Listener at 127.0.0.1/40135] INFO  http.BaseHttpServer (BaseHttpServer.java:<init>(107)) - Hadoop Security Enabled: false Ozone Security Enabled: false Ozone HTTP Security Enabled: false 
2022-01-18 14:48:38,149 [Listener at 127.0.0.1/40135] INFO  server.AuthenticationFilter (AuthenticationFilter.java:constructSecretProvider(240)) - Unable to initialize FileSignerSecretProvider, falling back to use random secrets.
2022-01-18 14:48:38,164 [Listener at 127.0.0.1/40135] WARN  http.HttpRequestLog (HttpRequestLog.java:getRequestLog(103)) - Jetty request log can only be enabled using Log4j
2022-01-18 14:48:38,165 [Listener at 127.0.0.1/40135] INFO  http.HttpServer2 (HttpServer2.java:addGlobalFilter(1030)) - Added global filter 'safety' (class=org.apache.hadoop.hdds.server.http.HttpServer2$QuotingInputFilter)
2022-01-18 14:48:38,166 [Listener at 127.0.0.1/40135] INFO  http.HttpServer2 (HttpServer2.java:addFilter(1006)) - Added filter static_user_filter (class=org.apache.hadoop.http.lib.StaticUserWebFilter$StaticUserFilter) to context hddsDatanode
2022-01-18 14:48:38,166 [Listener at 127.0.0.1/40135] INFO  http.HttpServer2 (HttpServer2.java:addFilter(1014)) - Added filter static_user_filter (class=org.apache.hadoop.http.lib.StaticUserWebFilter$StaticUserFilter) to context logs
2022-01-18 14:48:38,166 [Listener at 127.0.0.1/40135] INFO  http.HttpServer2 (HttpServer2.java:addFilter(1014)) - Added filter static_user_filter (class=org.apache.hadoop.http.lib.StaticUserWebFilter$StaticUserFilter) to context static
2022-01-18 14:48:38,166 [Listener at 127.0.0.1/40135] INFO  http.HttpServer2 (HttpServer2.java:bindListener(1249)) - Jetty bound to port 38821
2022-01-18 14:48:38,167 [Listener at 127.0.0.1/40135] INFO  server.Server (Server.java:doStart(375)) - jetty-9.4.43.v20210629; built: 2021-06-30T11:07:22.254Z; git: 526006ecfa3af7f1a27ef3a288e2bef7ea9dd7e8; jvm 1.8.0_292-b10
2022-01-18 14:48:38,218 [Listener at 127.0.0.1/40135] INFO  server.session (DefaultSessionIdManager.java:doStart(334)) - DefaultSessionIdManager workerName=node0
2022-01-18 14:48:38,219 [Listener at 127.0.0.1/40135] INFO  server.session (DefaultSessionIdManager.java:doStart(339)) - No SessionScavenger set, using defaults
2022-01-18 14:48:38,219 [Listener at 127.0.0.1/40135] INFO  server.session (HouseKeeper.java:startScavenging(132)) - node0 Scavenging every 600000ms
2022-01-18 14:48:38,221 [Listener at 127.0.0.1/40135] INFO  handler.ContextHandler (ContextHandler.java:doStart(915)) - Started o.e.j.s.ServletContextHandler@326bbbd2{logs,/logs,file:///home/runner/work/ozone/ozone/hadoop-ozone/integration-test/target/log,AVAILABLE}
2022-01-18 14:48:38,221 [Listener at 127.0.0.1/40135] INFO  handler.ContextHandler (ContextHandler.java:doStart(915)) - Started o.e.j.s.ServletContextHandler@8dac885{static,/static,jar:file:/home/runner/.m2/repository/org/apache/ozone/hdds-container-service/1.3.0-SNAPSHOT/hdds-container-service-1.3.0-SNAPSHOT.jar!/webapps/static,AVAILABLE}
2022-01-18 14:48:38,339 [Listener at 127.0.0.1/40135] INFO  handler.ContextHandler (ContextHandler.java:doStart(915)) - Started o.e.j.w.WebAppContext@27d9d9d7{hddsDatanode,/,file:///tmp/jetty-0_0_0_0-38821-hdds-container-service-1_3_0-SNAPSHOT_jar-_-any-6224117076781592792/webapp/,AVAILABLE}{jar:file:/home/runner/.m2/repository/org/apache/ozone/hdds-container-service/1.3.0-SNAPSHOT/hdds-container-service-1.3.0-SNAPSHOT.jar!/webapps/hddsDatanode}
2022-01-18 14:48:38,350 [Listener at 127.0.0.1/40135] INFO  server.AbstractConnector (AbstractConnector.java:doStart(331)) - Started ServerConnector@6bf17cd5{HTTP/1.1, (http/1.1)}{0.0.0.0:38821}
2022-01-18 14:48:38,350 [Listener at 127.0.0.1/40135] INFO  server.Server (Server.java:doStart(415)) - Started @110823ms
2022-01-18 14:48:38,350 [Listener at 127.0.0.1/40135] WARN  impl.MetricsSystemImpl (MetricsSystemImpl.java:register(279)) - Sink prometheus already exists!
2022-01-18 14:48:38,351 [Listener at 127.0.0.1/40135] INFO  http.BaseHttpServer (BaseHttpServer.java:updateConnectorAddress(329)) - HTTP server of hddsDatanode listening at http://0.0.0.0:38821
2022-01-18 14:48:38,352 [Listener at 127.0.0.1/40135] INFO  ozone.MiniOzoneClusterImpl (MiniOzoneClusterImpl.java:lambda$waitForClusterToBeReady$0(219)) - Waiting for nodes to be ready. Got 0 of 3 DN Heartbeats.
2022-01-18 14:48:38,352 [Listener at 127.0.0.1/40135] INFO  ozone.MiniOzoneClusterImpl (MiniOzoneClusterImpl.java:lambda$waitForClusterToBeReady$0(222)) - Waiting for cluster to exit safe mode
2022-01-18 14:48:38,352 [Listener at 127.0.0.1/40135] INFO  ozone.MiniOzoneClusterImpl (MiniOzoneClusterImpl.java:lambda$waitForClusterToBeReady$0(224)) - SCM became leader
2022-01-18 14:48:38,352 [Datanode State Machine Daemon Thread] INFO  statemachine.DatanodeStateMachine (DatanodeStateMachine.java:lambda$startDaemon$0(470)) - Ozone container server started.
2022-01-18 14:48:38,386 [org.apache.hadoop.util.JvmPauseMonitor$Monitor@6f35e7e0] INFO  util.JvmPauseMonitor (JvmPauseMonitor.java:run(188)) - Starting JVM pause monitor
2022-01-18 14:48:38,409 [Datanode State Machine Task Thread - 0] INFO  datanode.InitDatanodeState (InitDatanodeState.java:persistContainerDatanodeDetails(145)) - DatanodeDetails is persisted to /home/runner/work/ozone/ozone/hadoop-ozone/integration-test/target/test-dir/MiniOzoneClusterImpl-0ccfa9de-752d-4e8f-9bbd-0e124a2d3e08/datanode-2/meta/datanode.id
2022-01-18 14:48:39,241 [EndpointStateMachine task thread for /0.0.0.0:36881 - 0 ] INFO  ozoneimpl.OzoneContainer (OzoneContainer.java:start(315)) - Attempting to start container services.
2022-01-18 14:48:39,241 [EndpointStateMachine task thread for /0.0.0.0:36881 - 0 ] INFO  ozoneimpl.OzoneContainer (OzoneContainer.java:startContainerScrub(250)) - Background container scanner has been disabled.
2022-01-18 14:48:39,245 [EndpointStateMachine task thread for /0.0.0.0:36881 - 0 ] INFO  replication.ReplicationServer (ReplicationServer.java:start(111)) - ReplicationServer is started using port 38769
2022-01-18 14:48:39,245 [EndpointStateMachine task thread for /0.0.0.0:36881 - 0 ] INFO  ratis.XceiverServerRatis (XceiverServerRatis.java:start(484)) - Starting XceiverServerRatis f0baeb8c-e6d1-47f5-b4e1-5ba393635f6f
2022-01-18 14:48:39,272 [EndpointStateMachine task thread for /0.0.0.0:36881 - 0 ] INFO  server.RaftServer (RaftServerProxy.java:lambda$start$5(374)) - f0baeb8c-e6d1-47f5-b4e1-5ba393635f6f: start RPC server
2022-01-18 14:48:39,277 [EndpointStateMachine task thread for /0.0.0.0:36881 - 0 ] INFO  server.GrpcService (GrpcService.java:startImpl(253)) - f0baeb8c-e6d1-47f5-b4e1-5ba393635f6f: GrpcService started, listening on 43293
2022-01-18 14:48:39,288 [EndpointStateMachine task thread for /0.0.0.0:36881 - 0 ] INFO  ratis.XceiverServerRatis (XceiverServerRatis.java:getRealPort(505)) - XceiverServerRatis f0baeb8c-e6d1-47f5-b4e1-5ba393635f6f is started using port 43293 for RATIS
2022-01-18 14:48:39,288 [EndpointStateMachine task thread for /0.0.0.0:36881 - 0 ] INFO  ratis.XceiverServerRatis (XceiverServerRatis.java:getRealPort(505)) - XceiverServerRatis f0baeb8c-e6d1-47f5-b4e1-5ba393635f6f is started using port 43293 for RATIS_ADMIN
2022-01-18 14:48:39,288 [EndpointStateMachine task thread for /0.0.0.0:36881 - 0 ] INFO  ratis.XceiverServerRatis (XceiverServerRatis.java:getRealPort(505)) - XceiverServerRatis f0baeb8c-e6d1-47f5-b4e1-5ba393635f6f is started using port 43293 for RATIS_SERVER
2022-01-18 14:48:39,292 [org.apache.ratis.util.JvmPauseMonitor$$Lambda$431/617926966@54642630] INFO  util.JvmPauseMonitor (JvmPauseMonitor.java:run(103)) - JvmPauseMonitor-f0baeb8c-e6d1-47f5-b4e1-5ba393635f6f: Started
2022-01-18 14:48:39,305 [EndpointStateMachine task thread for /0.0.0.0:36881 - 0 ] INFO  server.XceiverServerGrpc (XceiverServerGrpc.java:start(180)) - XceiverServerGrpc f0baeb8c-e6d1-47f5-b4e1-5ba393635f6f is started using port 46853
2022-01-18 14:48:39,352 [Listener at 127.0.0.1/40135] INFO  ozone.MiniOzoneClusterImpl (MiniOzoneClusterImpl.java:lambda$waitForClusterToBeReady$0(219)) - Waiting for nodes to be ready. Got 0 of 3 DN Heartbeats.
2022-01-18 14:48:39,352 [Listener at 127.0.0.1/40135] INFO  ozone.MiniOzoneClusterImpl (MiniOzoneClusterImpl.java:lambda$waitForClusterToBeReady$0(222)) - Waiting for cluster to exit safe mode
2022-01-18 14:48:39,352 [Listener at 127.0.0.1/40135] INFO  ozone.MiniOzoneClusterImpl (MiniOzoneClusterImpl.java:lambda$waitForClusterToBeReady$0(224)) - SCM became leader
2022-01-18 14:48:39,926 [EndpointStateMachine task thread for /0.0.0.0:36881 - 0 ] INFO  ozoneimpl.OzoneContainer (OzoneContainer.java:start(315)) - Attempting to start container services.
2022-01-18 14:48:39,927 [EndpointStateMachine task thread for /0.0.0.0:36881 - 0 ] INFO  ozoneimpl.OzoneContainer (OzoneContainer.java:startContainerScrub(250)) - Background container scanner has been disabled.
2022-01-18 14:48:39,927 [EndpointStateMachine task thread for /0.0.0.0:36881 - 0 ] INFO  replication.ReplicationServer (ReplicationServer.java:start(111)) - ReplicationServer is started using port 46465
2022-01-18 14:48:39,928 [EndpointStateMachine task thread for /0.0.0.0:36881 - 0 ] INFO  ratis.XceiverServerRatis (XceiverServerRatis.java:start(484)) - Starting XceiverServerRatis a81a925a-6276-4e36-9bcf-91f1631c9c2f
2022-01-18 14:48:39,969 [EndpointStateMachine task thread for /0.0.0.0:36881 - 0 ] INFO  server.RaftServer (RaftServerProxy.java:lambda$start$5(374)) - a81a925a-6276-4e36-9bcf-91f1631c9c2f: start RPC server
2022-01-18 14:48:39,970 [EndpointStateMachine task thread for /0.0.0.0:36881 - 0 ] INFO  server.GrpcService (GrpcService.java:startImpl(253)) - a81a925a-6276-4e36-9bcf-91f1631c9c2f: GrpcService started, listening on 40475
2022-01-18 14:48:39,980 [EndpointStateMachine task thread for /0.0.0.0:36881 - 0 ] INFO  ratis.XceiverServerRatis (XceiverServerRatis.java:getRealPort(505)) - XceiverServerRatis a81a925a-6276-4e36-9bcf-91f1631c9c2f is started using port 40475 for RATIS
2022-01-18 14:48:39,980 [EndpointStateMachine task thread for /0.0.0.0:36881 - 0 ] INFO  ratis.XceiverServerRatis (XceiverServerRatis.java:getRealPort(505)) - XceiverServerRatis a81a925a-6276-4e36-9bcf-91f1631c9c2f is started using port 40475 for RATIS_ADMIN
2022-01-18 14:48:39,980 [org.apache.ratis.util.JvmPauseMonitor$$Lambda$431/617926966@33547980] INFO  util.JvmPauseMonitor (JvmPauseMonitor.java:run(103)) - JvmPauseMonitor-a81a925a-6276-4e36-9bcf-91f1631c9c2f: Started
2022-01-18 14:48:39,980 [EndpointStateMachine task thread for /0.0.0.0:36881 - 0 ] INFO  ratis.XceiverServerRatis (XceiverServerRatis.java:getRealPort(505)) - XceiverServerRatis a81a925a-6276-4e36-9bcf-91f1631c9c2f is started using port 40475 for RATIS_SERVER
2022-01-18 14:48:39,991 [EndpointStateMachine task thread for /0.0.0.0:36881 - 0 ] INFO  server.XceiverServerGrpc (XceiverServerGrpc.java:start(180)) - XceiverServerGrpc a81a925a-6276-4e36-9bcf-91f1631c9c2f is started using port 43059
2022-01-18 14:48:40,352 [Listener at 127.0.0.1/40135] INFO  ozone.MiniOzoneClusterImpl (MiniOzoneClusterImpl.java:lambda$waitForClusterToBeReady$0(219)) - Waiting for nodes to be ready. Got 0 of 3 DN Heartbeats.
2022-01-18 14:48:40,353 [Listener at 127.0.0.1/40135] INFO  ozone.MiniOzoneClusterImpl (MiniOzoneClusterImpl.java:lambda$waitForClusterToBeReady$0(222)) - Waiting for cluster to exit safe mode
2022-01-18 14:48:40,353 [Listener at 127.0.0.1/40135] INFO  ozone.MiniOzoneClusterImpl (MiniOzoneClusterImpl.java:lambda$waitForClusterToBeReady$0(224)) - SCM became leader
2022-01-18 14:48:40,406 [EndpointStateMachine task thread for /0.0.0.0:36881 - 0 ] INFO  ozoneimpl.OzoneContainer (OzoneContainer.java:start(315)) - Attempting to start container services.
2022-01-18 14:48:40,406 [EndpointStateMachine task thread for /0.0.0.0:36881 - 0 ] INFO  ozoneimpl.OzoneContainer (OzoneContainer.java:startContainerScrub(250)) - Background container scanner has been disabled.
2022-01-18 14:48:40,407 [EndpointStateMachine task thread for /0.0.0.0:36881 - 0 ] INFO  replication.ReplicationServer (ReplicationServer.java:start(111)) - ReplicationServer is started using port 35197
2022-01-18 14:48:40,416 [EndpointStateMachine task thread for /0.0.0.0:36881 - 0 ] INFO  ratis.XceiverServerRatis (XceiverServerRatis.java:start(484)) - Starting XceiverServerRatis beb67d5c-35ba-4f4b-ba77-131041920502
2022-01-18 14:48:40,448 [EndpointStateMachine task thread for /0.0.0.0:36881 - 0 ] INFO  server.RaftServer (RaftServerProxy.java:lambda$start$5(374)) - beb67d5c-35ba-4f4b-ba77-131041920502: start RPC server
2022-01-18 14:48:40,449 [EndpointStateMachine task thread for /0.0.0.0:36881 - 0 ] INFO  server.GrpcService (GrpcService.java:startImpl(253)) - beb67d5c-35ba-4f4b-ba77-131041920502: GrpcService started, listening on 36345
2022-01-18 14:48:40,451 [EndpointStateMachine task thread for /0.0.0.0:36881 - 0 ] INFO  ratis.XceiverServerRatis (XceiverServerRatis.java:getRealPort(505)) - XceiverServerRatis beb67d5c-35ba-4f4b-ba77-131041920502 is started using port 36345 for RATIS
2022-01-18 14:48:40,451 [EndpointStateMachine task thread for /0.0.0.0:36881 - 0 ] INFO  ratis.XceiverServerRatis (XceiverServerRatis.java:getRealPort(505)) - XceiverServerRatis beb67d5c-35ba-4f4b-ba77-131041920502 is started using port 36345 for RATIS_ADMIN
2022-01-18 14:48:40,451 [EndpointStateMachine task thread for /0.0.0.0:36881 - 0 ] INFO  ratis.XceiverServerRatis (XceiverServerRatis.java:getRealPort(505)) - XceiverServerRatis beb67d5c-35ba-4f4b-ba77-131041920502 is started using port 36345 for RATIS_SERVER
2022-01-18 14:48:40,452 [org.apache.ratis.util.JvmPauseMonitor$$Lambda$431/617926966@30979566] INFO  util.JvmPauseMonitor (JvmPauseMonitor.java:run(103)) - JvmPauseMonitor-beb67d5c-35ba-4f4b-ba77-131041920502: Started
2022-01-18 14:48:40,463 [EndpointStateMachine task thread for /0.0.0.0:36881 - 0 ] INFO  server.XceiverServerGrpc (XceiverServerGrpc.java:start(180)) - XceiverServerGrpc beb67d5c-35ba-4f4b-ba77-131041920502 is started using port 34817
2022-01-18 14:48:41,218 [IPC Server handler 0 on default port 36881] INFO  net.NetworkTopologyImpl (NetworkTopologyImpl.java:add(112)) - Added a new node: /default-rack/f0baeb8c-e6d1-47f5-b4e1-5ba393635f6f
2022-01-18 14:48:41,218 [IPC Server handler 0 on default port 36881] INFO  node.SCMNodeManager (SCMNodeManager.java:register(389)) - Registered Data node : f0baeb8c-e6d1-47f5-b4e1-5ba393635f6f{ip: 10.1.0.41, host: fv-az151-72.yf2hydr00wburbhx3j5hxtcipe.bx.internal.cloudapp.net, ports: [REPLICATION=38769, RATIS=43293, RATIS_ADMIN=43293, RATIS_SERVER=43293, STANDALONE=46853], networkLocation: /default-rack, certSerialId: null, persistedOpState: null, persistedOpStateExpiryEpochSec: 0}
2022-01-18 14:48:41,220 [EventQueue-NodeRegistrationContainerReportForDataNodeSafeModeRule] INFO  safemode.SCMSafeModeManager (DataNodeSafeModeRule.java:process(71)) - SCM in safe mode. 1 DataNodes registered, 3 required.
2022-01-18 14:48:41,224 [EventQueue-NodeRegistrationContainerReportForContainerSafeModeRule] INFO  safemode.SCMSafeModeManager (SCMSafeModeManager.java:validateSafeModeExitRules(204)) - ContainerSafeModeRule rule is successfully validated
2022-01-18 14:48:41,237 [EventQueue-NewNodeForNewNodeHandler] INFO  pipeline.BackgroundPipelineCreator (BackgroundPipelineCreator.java:notifyEventTriggered(285)) - trigger a one-shot run on RatisPipelineUtilsThread.
2022-01-18 14:48:41,237 [RatisPipelineUtilsThread - 0] INFO  pipeline.RatisPipelineProvider (RatisPipelineProvider.java:lambda$create$0(183)) - Sending CreatePipelineCommand for pipeline:PipelineID=90ce8d8a-bc3a-4bb9-9215-e617bb2ee5dd to datanode:f0baeb8c-e6d1-47f5-b4e1-5ba393635f6f
2022-01-18 14:48:41,244 [EventQueue-PipelineReportForOneReplicaPipelineSafeModeRule] INFO  safemode.SCMSafeModeManager (SCMSafeModeManager.java:validateSafeModeExitRules(204)) - AtleastOneDatanodeReportedRule rule is successfully validated
2022-01-18 14:48:41,299 [4a5d2158-d864-4e23-92c4-2f293c65e9a1@group-0E124A2D3E08-StateMachineUpdater] INFO  pipeline.PipelineStateManagerImpl (PipelineStateManagerImpl.java:addPipeline(101)) - Created pipeline Pipeline[ Id: 90ce8d8a-bc3a-4bb9-9215-e617bb2ee5dd, Nodes: f0baeb8c-e6d1-47f5-b4e1-5ba393635f6f{ip: 10.1.0.41, host: fv-az151-72.yf2hydr00wburbhx3j5hxtcipe.bx.internal.cloudapp.net, ports: [REPLICATION=38769, RATIS=43293, RATIS_ADMIN=43293, RATIS_SERVER=43293, STANDALONE=46853], networkLocation: /default-rack, certSerialId: null, persistedOpState: IN_SERVICE, persistedOpStateExpiryEpochSec: 0}, ReplicationConfig: RATIS/ONE, State:ALLOCATED, leaderId:, CreationTimestamp2022-01-18T14:48:41.237Z[Etc/UTC]].
2022-01-18 14:48:41,299 [4a5d2158-d864-4e23-92c4-2f293c65e9a1@group-0E124A2D3E08-StateMachineUpdater] INFO  safemode.HealthyPipelineSafeModeRule (HealthyPipelineSafeModeRule.java:initializeRule(152)) - Refreshed total pipeline count is 0, healthy pipeline threshold count is 1
2022-01-18 14:48:41,300 [RatisPipelineUtilsThread - 0] INFO  ha.SCMHAInvocationHandler (SCMHAInvocationHandler.java:invokeRatis(113)) - Invoking method public abstract void org.apache.hadoop.hdds.scm.pipeline.PipelineStateManager.addPipeline(org.apache.hadoop.hdds.protocol.proto.HddsProtos$Pipeline) throws java.io.IOException on target org.apache.hadoop.hdds.scm.ha.SCMRatisServerImpl@15f9665f, cost 62610.519us
2022-01-18 14:48:41,353 [Listener at 127.0.0.1/40135] INFO  ozone.MiniOzoneClusterImpl (MiniOzoneClusterImpl.java:lambda$waitForClusterToBeReady$0(219)) - Waiting for nodes to be ready. Got 1 of 3 DN Heartbeats.
2022-01-18 14:48:41,353 [Listener at 127.0.0.1/40135] INFO  ozone.MiniOzoneClusterImpl (MiniOzoneClusterImpl.java:lambda$waitForClusterToBeReady$0(222)) - Waiting for cluster to exit safe mode
2022-01-18 14:48:41,353 [Listener at 127.0.0.1/40135] INFO  ozone.MiniOzoneClusterImpl (MiniOzoneClusterImpl.java:lambda$waitForClusterToBeReady$0(224)) - SCM became leader
2022-01-18 14:48:41,906 [IPC Server handler 2 on default port 36881] INFO  net.NetworkTopologyImpl (NetworkTopologyImpl.java:add(112)) - Added a new node: /default-rack/a81a925a-6276-4e36-9bcf-91f1631c9c2f
2022-01-18 14:48:41,907 [IPC Server handler 2 on default port 36881] INFO  node.SCMNodeManager (SCMNodeManager.java:register(389)) - Registered Data node : a81a925a-6276-4e36-9bcf-91f1631c9c2f{ip: 10.1.0.41, host: fv-az151-72.yf2hydr00wburbhx3j5hxtcipe.bx.internal.cloudapp.net, ports: [REPLICATION=46465, RATIS=40475, RATIS_ADMIN=40475, RATIS_SERVER=40475, STANDALONE=43059], networkLocation: /default-rack, certSerialId: null, persistedOpState: null, persistedOpStateExpiryEpochSec: 0}
2022-01-18 14:48:41,907 [EventQueue-NewNodeForNewNodeHandler] INFO  pipeline.BackgroundPipelineCreator (BackgroundPipelineCreator.java:notifyEventTriggered(285)) - trigger a one-shot run on RatisPipelineUtilsThread.
2022-01-18 14:48:41,912 [EventQueue-NodeRegistrationContainerReportForDataNodeSafeModeRule] INFO  safemode.SCMSafeModeManager (DataNodeSafeModeRule.java:process(71)) - SCM in safe mode. 2 DataNodes registered, 3 required.
2022-01-18 14:48:41,913 [RatisPipelineUtilsThread - 0] INFO  pipeline.RatisPipelineProvider (RatisPipelineProvider.java:lambda$create$0(183)) - Sending CreatePipelineCommand for pipeline:PipelineID=de59166d-2843-4ef3-aff3-e14b92c175c2 to datanode:a81a925a-6276-4e36-9bcf-91f1631c9c2f
2022-01-18 14:48:41,915 [4a5d2158-d864-4e23-92c4-2f293c65e9a1@group-0E124A2D3E08-StateMachineUpdater] INFO  pipeline.PipelineStateManagerImpl (PipelineStateManagerImpl.java:addPipeline(101)) - Created pipeline Pipeline[ Id: de59166d-2843-4ef3-aff3-e14b92c175c2, Nodes: a81a925a-6276-4e36-9bcf-91f1631c9c2f{ip: 10.1.0.41, host: fv-az151-72.yf2hydr00wburbhx3j5hxtcipe.bx.internal.cloudapp.net, ports: [REPLICATION=46465, RATIS=40475, RATIS_ADMIN=40475, RATIS_SERVER=40475, STANDALONE=43059], networkLocation: /default-rack, certSerialId: null, persistedOpState: IN_SERVICE, persistedOpStateExpiryEpochSec: 0}, ReplicationConfig: RATIS/ONE, State:ALLOCATED, leaderId:, CreationTimestamp2022-01-18T14:48:41.913Z[Etc/UTC]].
2022-01-18 14:48:41,915 [4a5d2158-d864-4e23-92c4-2f293c65e9a1@group-0E124A2D3E08-StateMachineUpdater] INFO  safemode.HealthyPipelineSafeModeRule (HealthyPipelineSafeModeRule.java:initializeRule(152)) - Refreshed total pipeline count is 0, healthy pipeline threshold count is 1
2022-01-18 14:48:41,916 [RatisPipelineUtilsThread - 0] INFO  ha.SCMHAInvocationHandler (SCMHAInvocationHandler.java:invokeRatis(113)) - Invoking method public abstract void org.apache.hadoop.hdds.scm.pipeline.PipelineStateManager.addPipeline(org.apache.hadoop.hdds.protocol.proto.HddsProtos$Pipeline) throws java.io.IOException on target org.apache.hadoop.hdds.scm.ha.SCMRatisServerImpl@15f9665f, cost 2354.539us
2022-01-18 14:48:42,353 [Listener at 127.0.0.1/40135] INFO  ozone.MiniOzoneClusterImpl (MiniOzoneClusterImpl.java:lambda$waitForClusterToBeReady$0(219)) - Waiting for nodes to be ready. Got 2 of 3 DN Heartbeats.
2022-01-18 14:48:42,353 [Listener at 127.0.0.1/40135] INFO  ozone.MiniOzoneClusterImpl (MiniOzoneClusterImpl.java:lambda$waitForClusterToBeReady$0(222)) - Waiting for cluster to exit safe mode
2022-01-18 14:48:42,353 [Listener at 127.0.0.1/40135] INFO  ozone.MiniOzoneClusterImpl (MiniOzoneClusterImpl.java:lambda$waitForClusterToBeReady$0(224)) - SCM became leader
2022-01-18 14:48:42,388 [IPC Server handler 1 on default port 36881] INFO  net.NetworkTopologyImpl (NetworkTopologyImpl.java:add(112)) - Added a new node: /default-rack/beb67d5c-35ba-4f4b-ba77-131041920502
2022-01-18 14:48:42,389 [IPC Server handler 1 on default port 36881] INFO  node.SCMNodeManager (SCMNodeManager.java:register(389)) - Registered Data node : beb67d5c-35ba-4f4b-ba77-131041920502{ip: 10.1.0.41, host: fv-az151-72.yf2hydr00wburbhx3j5hxtcipe.bx.internal.cloudapp.net, ports: [REPLICATION=35197, RATIS=36345, RATIS_ADMIN=36345, RATIS_SERVER=36345, STANDALONE=34817], networkLocation: /default-rack, certSerialId: null, persistedOpState: null, persistedOpStateExpiryEpochSec: 0}
2022-01-18 14:48:42,389 [EventQueue-NewNodeForNewNodeHandler] INFO  pipeline.BackgroundPipelineCreator (BackgroundPipelineCreator.java:notifyEventTriggered(285)) - trigger a one-shot run on RatisPipelineUtilsThread.
2022-01-18 14:48:42,390 [RatisPipelineUtilsThread - 0] INFO  pipeline.RatisPipelineProvider (RatisPipelineProvider.java:lambda$create$0(183)) - Sending CreatePipelineCommand for pipeline:PipelineID=17529bbf-9c81-4d5a-8fba-67bf4967dab7 to datanode:beb67d5c-35ba-4f4b-ba77-131041920502
2022-01-18 14:48:42,401 [4a5d2158-d864-4e23-92c4-2f293c65e9a1@group-0E124A2D3E08-StateMachineUpdater] INFO  pipeline.PipelineStateManagerImpl (PipelineStateManagerImpl.java:addPipeline(101)) - Created pipeline Pipeline[ Id: 17529bbf-9c81-4d5a-8fba-67bf4967dab7, Nodes: beb67d5c-35ba-4f4b-ba77-131041920502{ip: 10.1.0.41, host: fv-az151-72.yf2hydr00wburbhx3j5hxtcipe.bx.internal.cloudapp.net, ports: [REPLICATION=35197, RATIS=36345, RATIS_ADMIN=36345, RATIS_SERVER=36345, STANDALONE=34817], networkLocation: /default-rack, certSerialId: null, persistedOpState: IN_SERVICE, persistedOpStateExpiryEpochSec: 0}, ReplicationConfig: RATIS/ONE, State:ALLOCATED, leaderId:, CreationTimestamp2022-01-18T14:48:42.390Z[Etc/UTC]].
2022-01-18 14:48:42,401 [4a5d2158-d864-4e23-92c4-2f293c65e9a1@group-0E124A2D3E08-StateMachineUpdater] INFO  safemode.HealthyPipelineSafeModeRule (HealthyPipelineSafeModeRule.java:initializeRule(152)) - Refreshed total pipeline count is 0, healthy pipeline threshold count is 1
2022-01-18 14:48:42,401 [EventQueue-NodeRegistrationContainerReportForDataNodeSafeModeRule] INFO  safemode.SCMSafeModeManager (DataNodeSafeModeRule.java:process(71)) - SCM in safe mode. 3 DataNodes registered, 3 required.
2022-01-18 14:48:42,405 [EventQueue-NodeRegistrationContainerReportForDataNodeSafeModeRule] INFO  safemode.SCMSafeModeManager (SCMSafeModeManager.java:validateSafeModeExitRules(204)) - DataNodeSafeModeRule rule is successfully validated
2022-01-18 14:48:42,405 [EventQueue-NodeRegistrationContainerReportForDataNodeSafeModeRule] INFO  safemode.SCMSafeModeManager (SCMSafeModeManager.java:completePreCheck(233)) - All SCM safe mode pre check rules have passed
2022-01-18 14:48:42,405 [EventQueue-NodeRegistrationContainerReportForDataNodeSafeModeRule] WARN  events.EventQueue (EventQueue.java:fireEvent(194)) - No event handler registered for event TypedEvent{payloadType=SafeModeStatus, name='Safe mode status'}
2022-01-18 14:48:42,405 [EventQueue-NodeRegistrationContainerReportForDataNodeSafeModeRule] INFO  ha.SCMContext (SCMContext.java:updateSafeModeStatus(211)) - Update SafeModeStatus from SafeModeStatus{safeModeStatus=true, preCheckPassed=false} to SafeModeStatus{safeModeStatus=true, preCheckPassed=true}.
2022-01-18 14:48:42,405 [EventQueue-NodeRegistrationContainerReportForDataNodeSafeModeRule] INFO  pipeline.BackgroundPipelineCreator (BackgroundPipelineCreator.java:notifyEventTriggered(285)) - trigger a one-shot run on RatisPipelineUtilsThread.
2022-01-18 14:48:42,402 [RatisPipelineUtilsThread - 0] INFO  ha.SCMHAInvocationHandler (SCMHAInvocationHandler.java:invokeRatis(113)) - Invoking method public abstract void org.apache.hadoop.hdds.scm.pipeline.PipelineStateManager.addPipeline(org.apache.hadoop.hdds.protocol.proto.HddsProtos$Pipeline) throws java.io.IOException on target org.apache.hadoop.hdds.scm.ha.SCMRatisServerImpl@15f9665f, cost 11830.502us
2022-01-18 14:48:42,405 [RatisPipelineUtilsThread - 0] INFO  pipeline.RatisPipelineProvider (RatisPipelineProvider.java:lambda$create$0(183)) - Sending CreatePipelineCommand for pipeline:PipelineID=872b7417-f6ae-4e77-b9b9-c90ecade688a to datanode:beb67d5c-35ba-4f4b-ba77-131041920502
2022-01-18 14:48:42,406 [RatisPipelineUtilsThread - 0] INFO  pipeline.RatisPipelineProvider (RatisPipelineProvider.java:lambda$create$0(183)) - Sending CreatePipelineCommand for pipeline:PipelineID=872b7417-f6ae-4e77-b9b9-c90ecade688a to datanode:f0baeb8c-e6d1-47f5-b4e1-5ba393635f6f
2022-01-18 14:48:42,406 [RatisPipelineUtilsThread - 0] INFO  pipeline.RatisPipelineProvider (RatisPipelineProvider.java:lambda$create$0(183)) - Sending CreatePipelineCommand for pipeline:PipelineID=872b7417-f6ae-4e77-b9b9-c90ecade688a to datanode:a81a925a-6276-4e36-9bcf-91f1631c9c2f
2022-01-18 14:48:42,409 [4a5d2158-d864-4e23-92c4-2f293c65e9a1@group-0E124A2D3E08-StateMachineUpdater] INFO  pipeline.PipelineStateManagerImpl (PipelineStateManagerImpl.java:addPipeline(101)) - Created pipeline Pipeline[ Id: 872b7417-f6ae-4e77-b9b9-c90ecade688a, Nodes: beb67d5c-35ba-4f4b-ba77-131041920502{ip: 10.1.0.41, host: fv-az151-72.yf2hydr00wburbhx3j5hxtcipe.bx.internal.cloudapp.net, ports: [REPLICATION=35197, RATIS=36345, RATIS_ADMIN=36345, RATIS_SERVER=36345, STANDALONE=34817], networkLocation: /default-rack, certSerialId: null, persistedOpState: IN_SERVICE, persistedOpStateExpiryEpochSec: 0}f0baeb8c-e6d1-47f5-b4e1-5ba393635f6f{ip: 10.1.0.41, host: fv-az151-72.yf2hydr00wburbhx3j5hxtcipe.bx.internal.cloudapp.net, ports: [REPLICATION=38769, RATIS=43293, RATIS_ADMIN=43293, RATIS_SERVER=43293, STANDALONE=46853], networkLocation: /default-rack, certSerialId: null, persistedOpState: IN_SERVICE, persistedOpStateExpiryEpochSec: 0}a81a925a-6276-4e36-9bcf-91f1631c9c2f{ip: 10.1.0.41, host: fv-az151-72.yf2hydr00wburbhx3j5hxtcipe.bx.internal.cloudapp.net, ports: [REPLICATION=46465, RATIS=40475, RATIS_ADMIN=40475, RATIS_SERVER=40475, STANDALONE=43059], networkLocation: /default-rack, certSerialId: null, persistedOpState: IN_SERVICE, persistedOpStateExpiryEpochSec: 0}, ReplicationConfig: RATIS/THREE, State:ALLOCATED, leaderId:, CreationTimestamp2022-01-18T14:48:42.405Z[Etc/UTC]].
2022-01-18 14:48:42,409 [4a5d2158-d864-4e23-92c4-2f293c65e9a1@group-0E124A2D3E08-StateMachineUpdater] INFO  safemode.HealthyPipelineSafeModeRule (HealthyPipelineSafeModeRule.java:initializeRule(152)) - Refreshed total pipeline count is 0, healthy pipeline threshold count is 1
2022-01-18 14:48:42,409 [RatisPipelineUtilsThread - 0] INFO  ha.SCMHAInvocationHandler (SCMHAInvocationHandler.java:invokeRatis(113)) - Invoking method public abstract void org.apache.hadoop.hdds.scm.pipeline.PipelineStateManager.addPipeline(org.apache.hadoop.hdds.protocol.proto.HddsProtos$Pipeline) throws java.io.IOException on target org.apache.hadoop.hdds.scm.ha.SCMRatisServerImpl@15f9665f, cost 3649.517us
2022-01-18 14:48:43,354 [Listener at 127.0.0.1/40135] INFO  ozone.MiniOzoneClusterImpl (MiniOzoneClusterImpl.java:lambda$waitForClusterToBeReady$0(219)) - Nodes are ready. Got 3 of 3 DN Heartbeats.
2022-01-18 14:48:43,354 [Listener at 127.0.0.1/40135] INFO  ozone.MiniOzoneClusterImpl (MiniOzoneClusterImpl.java:lambda$waitForClusterToBeReady$0(222)) - Waiting for cluster to exit safe mode
2022-01-18 14:48:43,354 [Listener at 127.0.0.1/40135] INFO  ozone.MiniOzoneClusterImpl (MiniOzoneClusterImpl.java:lambda$waitForClusterToBeReady$0(224)) - SCM became leader
2022-01-18 14:48:44,218 [Command processor thread] INFO  server.RaftServer (RaftServerProxy.java:addNew(95)) - f0baeb8c-e6d1-47f5-b4e1-5ba393635f6f: addNew group-E617BB2EE5DD:[f0baeb8c-e6d1-47f5-b4e1-5ba393635f6f|rpc:10.1.0.41:43293|priority:1] returns group-E617BB2EE5DD:java.util.concurrent.CompletableFuture@4f9617e1[Not completed]
2022-01-18 14:48:44,227 [pool-241-thread-1] INFO  server.RaftServer$Division (RaftServerImpl.java:<init>(184)) - f0baeb8c-e6d1-47f5-b4e1-5ba393635f6f: new RaftServerImpl for group-E617BB2EE5DD:[f0baeb8c-e6d1-47f5-b4e1-5ba393635f6f|rpc:10.1.0.41:43293|priority:1] with ContainerStateMachine:uninitialized
2022-01-18 14:48:44,236 [pool-241-thread-1] INFO  server.RaftServerConfigKeys (ConfUtils.java:logGet(44)) - raft.server.rpc.timeout.min = 5s (custom)
2022-01-18 14:48:44,236 [pool-241-thread-1] INFO  server.RaftServerConfigKeys (ConfUtils.java:logGet(44)) - raft.server.rpc.timeout.max = 5200ms (custom)
2022-01-18 14:48:44,236 [pool-241-thread-1] INFO  server.RaftServerConfigKeys (ConfUtils.java:logGet(44)) - raft.server.rpc.sleep.time = 25ms (default)
2022-01-18 14:48:44,236 [pool-241-thread-1] INFO  server.RaftServerConfigKeys (ConfUtils.java:logGet(44)) - raft.server.rpc.slowness.timeout = 300s (custom)
2022-01-18 14:48:44,237 [pool-241-thread-1] INFO  server.RaftServerConfigKeys (ConfUtils.java:logGet(44)) - raft.server.leaderelection.leader.step-down.wait-time = 10s (default)
2022-01-18 14:48:44,237 [pool-241-thread-1] INFO  server.RaftServerConfigKeys (ConfUtils.java:logGet(44)) - raft.server.sleep.deviation.threshold = 300ms (default)
2022-01-18 14:48:44,237 [pool-241-thread-1] INFO  server.RaftServerConfigKeys (ConfUtils.java:logGet(44)) - raft.server.log.appender.install.snapshot.enabled = false (custom)
2022-01-18 14:48:44,237 [pool-241-thread-1] INFO  server.RaftServer$Division (ServerState.java:<init>(105)) - f0baeb8c-e6d1-47f5-b4e1-5ba393635f6f@group-E617BB2EE5DD: ConfigurationManager, init=-1: [f0baeb8c-e6d1-47f5-b4e1-5ba393635f6f|rpc:10.1.0.41:43293|priority:1], old=null, confs=<EMPTY_MAP>
2022-01-18 14:48:44,237 [pool-241-thread-1] INFO  server.RaftServerConfigKeys (ConfUtils.java:logGet(44)) - raft.server.storage.dir = [/home/runner/work/ozone/ozone/hadoop-ozone/integration-test/target/test-dir/MiniOzoneClusterImpl-0ccfa9de-752d-4e8f-9bbd-0e124a2d3e08/datanode-0/data/ratis] (custom)
2022-01-18 14:48:44,237 [pool-241-thread-1] INFO  server.RaftServerConfigKeys (ConfUtils.java:logGet(44)) - raft.server.log.corruption.policy = EXCEPTION (default)
2022-01-18 14:48:44,237 [pool-241-thread-1] INFO  server.RaftServerConfigKeys (ConfUtils.java:logGet(44)) - raft.server.storage.free-space.min = 0MB (=0) (default)
2022-01-18 14:48:44,237 [pool-241-thread-1] INFO  storage.RaftStorageDirectory (RaftStorageDirectoryImpl.java:analyzeStorage(135)) - The storage directory /home/runner/work/ozone/ozone/hadoop-ozone/integration-test/target/test-dir/MiniOzoneClusterImpl-0ccfa9de-752d-4e8f-9bbd-0e124a2d3e08/datanode-0/data/ratis/90ce8d8a-bc3a-4bb9-9215-e617bb2ee5dd does not exist. Creating ...
2022-01-18 14:48:44,241 [pool-241-thread-1] INFO  storage.RaftStorageDirectory (RaftStorageDirectoryImpl.java:tryLock(230)) - Lock on /home/runner/work/ozone/ozone/hadoop-ozone/integration-test/target/test-dir/MiniOzoneClusterImpl-0ccfa9de-752d-4e8f-9bbd-0e124a2d3e08/datanode-0/data/ratis/90ce8d8a-bc3a-4bb9-9215-e617bb2ee5dd/in_use.lock acquired by nodename 22330@fv-az151-72
2022-01-18 14:48:44,244 [pool-241-thread-1] INFO  storage.RaftStorage (RaftStorageImpl.java:format(89)) - Storage directory /home/runner/work/ozone/ozone/hadoop-ozone/integration-test/target/test-dir/MiniOzoneClusterImpl-0ccfa9de-752d-4e8f-9bbd-0e124a2d3e08/datanode-0/data/ratis/90ce8d8a-bc3a-4bb9-9215-e617bb2ee5dd has been successfully formatted.
2022-01-18 14:48:44,251 [pool-241-thread-1] INFO  ratis.ContainerStateMachine (ContainerStateMachine.java:loadSnapshot(231)) - group-E617BB2EE5DD: The snapshot info is null. Setting the last applied indexto:(t:0, i:~)
2022-01-18 14:48:44,251 [pool-241-thread-1] INFO  server.RaftServerConfigKeys (ConfUtils.java:logGet(44)) - raft.server.notification.no-leader.timeout = 300s (custom)
2022-01-18 14:48:44,251 [pool-241-thread-1] INFO  server.RaftServerConfigKeys (ConfUtils.java:logGet(44)) - raft.server.log.use.memory = false (default)
2022-01-18 14:48:44,251 [pool-241-thread-1] INFO  server.RaftServerConfigKeys (ConfUtils.java:logGet(44)) - raft.server.log.purge.gap = 1000000 (custom)
2022-01-18 14:48:44,251 [pool-241-thread-1] INFO  server.RaftServerConfigKeys (ConfUtils.java:logGet(44)) - raft.server.log.appender.buffer.byte-limit = 33554432 (custom)
2022-01-18 14:48:44,252 [pool-241-thread-1] INFO  server.RaftServerConfigKeys (ConfUtils.java:logGet(44)) - raft.server.log.segment.size.max = 1048576 (custom)
2022-01-18 14:48:44,252 [pool-241-thread-1] INFO  server.RaftServerConfigKeys (ConfUtils.java:logGet(44)) - raft.server.log.segment.cache.num.max = 2 (custom)
2022-01-18 14:48:44,252 [pool-241-thread-1] INFO  server.RaftServerConfigKeys (ConfUtils.java:logGet(44)) - raft.server.log.segment.cache.size.max = 200MB (=209715200) (default)
2022-01-18 14:48:44,253 [pool-241-thread-1] INFO  segmented.SegmentedRaftLogWorker (SegmentedRaftLogWorker.java:<init>(182)) - new f0baeb8c-e6d1-47f5-b4e1-5ba393635f6f@group-E617BB2EE5DD-SegmentedRaftLogWorker for RaftStorageImpl:Storage Directory /home/runner/work/ozone/ozone/hadoop-ozone/integration-test/target/test-dir/MiniOzoneClusterImpl-0ccfa9de-752d-4e8f-9bbd-0e124a2d3e08/datanode-0/data/ratis/90ce8d8a-bc3a-4bb9-9215-e617bb2ee5dd
2022-01-18 14:48:44,253 [pool-241-thread-1] INFO  server.RaftServerConfigKeys (ConfUtils.java:logGet(44)) - raft.server.log.queue.byte-limit = 2147483647 (custom)
2022-01-18 14:48:44,253 [pool-241-thread-1] INFO  server.RaftServerConfigKeys (ConfUtils.java:logGet(44)) - raft.server.log.queue.element-limit = 1024 (custom)
2022-01-18 14:48:44,253 [pool-241-thread-1] INFO  server.RaftServerConfigKeys (ConfUtils.java:logGet(44)) - raft.server.log.segment.size.max = 1048576 (custom)
2022-01-18 14:48:44,253 [pool-241-thread-1] INFO  server.RaftServerConfigKeys (ConfUtils.java:logGet(44)) - raft.server.log.preallocated.size = 16384 (custom)
2022-01-18 14:48:44,253 [pool-241-thread-1] INFO  server.RaftServerConfigKeys (ConfUtils.java:logGet(44)) - raft.server.log.force.sync.num = 128 (default)
2022-01-18 14:48:44,253 [pool-241-thread-1] INFO  server.RaftServerConfigKeys (ConfUtils.java:logGet(44)) - raft.server.log.statemachine.data.sync = true (default)
2022-01-18 14:48:44,253 [pool-241-thread-1] INFO  server.RaftServerConfigKeys (ConfUtils.java:logGet(44)) - raft.server.log.statemachine.data.sync.timeout = 10s (default)
2022-01-18 14:48:44,253 [pool-241-thread-1] INFO  server.RaftServerConfigKeys (ConfUtils.java:logGet(44)) - raft.server.log.statemachine.data.sync.timeout.retry = -1 (default)
2022-01-18 14:48:44,254 [pool-241-thread-1] INFO  server.RaftServerConfigKeys (ConfUtils.java:logGet(44)) - raft.server.log.write.buffer.size = 1048576 (custom)
2022-01-18 14:48:44,254 [pool-241-thread-1] INFO  server.RaftServerConfigKeys (ConfUtils.java:logGet(44)) - raft.server.log.statemachine.data.caching.enabled = true (custom)
2022-01-18 14:48:44,254 [pool-241-thread-1] INFO  segmented.SegmentedRaftLogWorker (SegmentedRaftLogWorker.java:lambda$new$0(133)) - f0baeb8c-e6d1-47f5-b4e1-5ba393635f6f@group-E617BB2EE5DD-SegmentedRaftLogWorker: flushIndex: setUnconditionally 0 -> -1
2022-01-18 14:48:44,254 [pool-241-thread-1] INFO  segmented.SegmentedRaftLogWorker (SegmentedRaftLogWorker.java:lambda$new$0(133)) - f0baeb8c-e6d1-47f5-b4e1-5ba393635f6f@group-E617BB2EE5DD-SegmentedRaftLogWorker: safeCacheEvictIndex: setUnconditionally 0 -> -1
2022-01-18 14:48:44,255 [EventQueue-PipelineReportForPipelineReportHandler] INFO  pipeline.PipelineManagerImpl (PipelineManagerImpl.java:openPipeline(291)) - Pipeline Pipeline[ Id: 90ce8d8a-bc3a-4bb9-9215-e617bb2ee5dd, Nodes: f0baeb8c-e6d1-47f5-b4e1-5ba393635f6f{ip: 10.1.0.41, host: fv-az151-72.yf2hydr00wburbhx3j5hxtcipe.bx.internal.cloudapp.net, ports: [REPLICATION=38769, RATIS=43293, RATIS_ADMIN=43293, RATIS_SERVER=43293, STANDALONE=46853], networkLocation: /default-rack, certSerialId: null, persistedOpState: IN_SERVICE, persistedOpStateExpiryEpochSec: 0}, ReplicationConfig: RATIS/ONE, State:ALLOCATED, leaderId:f0baeb8c-e6d1-47f5-b4e1-5ba393635f6f, CreationTimestamp2022-01-18T14:48:41.237Z[Etc/UTC]] moved to OPEN state
2022-01-18 14:48:44,268 [pool-241-thread-1] INFO  server.RaftServerConfigKeys (ConfUtils.java:logGet(44)) - raft.server.snapshot.auto.trigger.enabled = true (custom)
2022-01-18 14:48:44,268 [pool-241-thread-1] INFO  server.RaftServerConfigKeys (ConfUtils.java:logGet(44)) - raft.server.snapshot.auto.trigger.threshold = 10000 (custom)
2022-01-18 14:48:44,268 [pool-241-thread-1] INFO  server.RaftServerConfigKeys (ConfUtils.java:logGet(44)) - raft.server.snapshot.retention.file.num = 5 (custom)
2022-01-18 14:48:44,268 [pool-241-thread-1] INFO  server.RaftServerConfigKeys (ConfUtils.java:logGet(44)) - raft.server.log.purge.upto.snapshot.index = false (default)
2022-01-18 14:48:44,268 [pool-241-thread-1] INFO  server.RaftServerConfigKeys (ConfUtils.java:logGet(44)) - raft.server.retrycache.expirytime = 600000ms (custom)
2022-01-18 14:48:44,268 [pool-241-thread-1] INFO  server.RaftServerConfigKeys (ConfUtils.java:logGet(44)) - raft.server.retrycache.statistics.expirytime = 100μs (default)
2022-01-18 14:48:44,270 [pool-241-thread-1] INFO  server.RaftServer$Division (RaftServerImpl.java:start(301)) - f0baeb8c-e6d1-47f5-b4e1-5ba393635f6f@group-E617BB2EE5DD: start as a follower, conf=-1: [f0baeb8c-e6d1-47f5-b4e1-5ba393635f6f|rpc:10.1.0.41:43293|priority:1], old=null
2022-01-18 14:48:44,270 [pool-241-thread-1] INFO  server.RaftServer$Division (RaftServerImpl.java:setRole(290)) - f0baeb8c-e6d1-47f5-b4e1-5ba393635f6f@group-E617BB2EE5DD: changes role from      null to FOLLOWER at term 0 for startAsFollower
2022-01-18 14:48:44,270 [pool-241-thread-1] INFO  impl.RoleInfo (RoleInfo.java:updateAndGet(130)) - f0baeb8c-e6d1-47f5-b4e1-5ba393635f6f: start f0baeb8c-e6d1-47f5-b4e1-5ba393635f6f@group-E617BB2EE5DD-FollowerState
2022-01-18 14:48:44,270 [pool-241-thread-1] INFO  util.JmxRegister (JmxRegister.java:tryRegister(44)) - Successfully registered JMX Bean with object name Ratis:service=RaftServer,group=group-E617BB2EE5DD,id=f0baeb8c-e6d1-47f5-b4e1-5ba393635f6f
2022-01-18 14:48:44,287 [4a5d2158-d864-4e23-92c4-2f293c65e9a1@group-0E124A2D3E08-StateMachineUpdater] INFO  safemode.HealthyPipelineSafeModeRule (HealthyPipelineSafeModeRule.java:initializeRule(152)) - Refreshed total pipeline count is 0, healthy pipeline threshold count is 1
2022-01-18 14:48:44,289 [EventQueue-PipelineReportForPipelineReportHandler] INFO  ha.SCMHAInvocationHandler (SCMHAInvocationHandler.java:invokeRatis(113)) - Invoking method public abstract void org.apache.hadoop.hdds.scm.pipeline.PipelineStateManager.updatePipelineState(org.apache.hadoop.hdds.protocol.proto.HddsProtos$PipelineID,org.apache.hadoop.hdds.protocol.proto.HddsProtos$PipelineState) throws java.io.IOException on target org.apache.hadoop.hdds.scm.ha.SCMRatisServerImpl@15f9665f, cost 33019.361us
2022-01-18 14:48:44,290 [EventQueue-OpenPipelineForHealthyPipelineSafeModeRule] INFO  safemode.SCMSafeModeManager (HealthyPipelineSafeModeRule.java:process(124)) - SCM in safe mode. Healthy pipelines reported count is 0, required healthy pipeline reported count is 1
2022-01-18 14:48:44,291 [Command processor thread] INFO  ratis.XceiverServerRatis (XceiverServerRatis.java:addGroup(768)) - Created group PipelineID=90ce8d8a-bc3a-4bb9-9215-e617bb2ee5dd
2022-01-18 14:48:44,291 [Command processor thread] INFO  commandhandler.CreatePipelineCommandHandler (CreatePipelineCommandHandler.java:handle(106)) - Created Pipeline RATIS ONE PipelineID=90ce8d8a-bc3a-4bb9-9215-e617bb2ee5dd.
2022-01-18 14:48:44,291 [Command processor thread] INFO  server.RaftServer (RaftServerProxy.java:addNew(95)) - f0baeb8c-e6d1-47f5-b4e1-5ba393635f6f: addNew group-C90ECADE688A:[a81a925a-6276-4e36-9bcf-91f1631c9c2f|rpc:10.1.0.41:40475|priority:0, f0baeb8c-e6d1-47f5-b4e1-5ba393635f6f|rpc:10.1.0.41:43293|priority:0, beb67d5c-35ba-4f4b-ba77-131041920502|rpc:10.1.0.41:36345|priority:1] returns group-C90ECADE688A:java.util.concurrent.CompletableFuture@4ba98acb[Not completed]
2022-01-18 14:48:44,292 [pool-241-thread-1] INFO  server.RaftServer$Division (RaftServerImpl.java:<init>(184)) - f0baeb8c-e6d1-47f5-b4e1-5ba393635f6f: new RaftServerImpl for group-C90ECADE688A:[a81a925a-6276-4e36-9bcf-91f1631c9c2f|rpc:10.1.0.41:40475|priority:0, f0baeb8c-e6d1-47f5-b4e1-5ba393635f6f|rpc:10.1.0.41:43293|priority:0, beb67d5c-35ba-4f4b-ba77-131041920502|rpc:10.1.0.41:36345|priority:1] with ContainerStateMachine:uninitialized
2022-01-18 14:48:44,292 [pool-241-thread-1] INFO  server.RaftServerConfigKeys (ConfUtils.java:logGet(44)) - raft.server.rpc.timeout.min = 5s (custom)
2022-01-18 14:48:44,292 [pool-241-thread-1] INFO  server.RaftServerConfigKeys (ConfUtils.java:logGet(44)) - raft.server.rpc.timeout.max = 5200ms (custom)
2022-01-18 14:48:44,292 [pool-241-thread-1] INFO  server.RaftServerConfigKeys (ConfUtils.java:logGet(44)) - raft.server.rpc.sleep.time = 25ms (default)
2022-01-18 14:48:44,292 [pool-241-thread-1] INFO  server.RaftServerConfigKeys (ConfUtils.java:logGet(44)) - raft.server.rpc.slowness.timeout = 300s (custom)
2022-01-18 14:48:44,292 [pool-241-thread-1] INFO  server.RaftServerConfigKeys (ConfUtils.java:logGet(44)) - raft.server.leaderelection.leader.step-down.wait-time = 10s (default)
2022-01-18 14:48:44,292 [pool-241-thread-1] INFO  server.RaftServerConfigKeys (ConfUtils.java:logGet(44)) - raft.server.sleep.deviation.threshold = 300ms (default)
2022-01-18 14:48:44,292 [pool-241-thread-1] INFO  server.RaftServerConfigKeys (ConfUtils.java:logGet(44)) - raft.server.log.appender.install.snapshot.enabled = false (custom)
2022-01-18 14:48:44,292 [pool-241-thread-1] INFO  server.RaftServer$Division (ServerState.java:<init>(105)) - f0baeb8c-e6d1-47f5-b4e1-5ba393635f6f@group-C90ECADE688A: ConfigurationManager, init=-1: [a81a925a-6276-4e36-9bcf-91f1631c9c2f|rpc:10.1.0.41:40475|priority:0, f0baeb8c-e6d1-47f5-b4e1-5ba393635f6f|rpc:10.1.0.41:43293|priority:0, beb67d5c-35ba-4f4b-ba77-131041920502|rpc:10.1.0.41:36345|priority:1], old=null, confs=<EMPTY_MAP>
2022-01-18 14:48:44,292 [pool-241-thread-1] INFO  server.RaftServerConfigKeys (ConfUtils.java:logGet(44)) - raft.server.storage.dir = [/home/runner/work/ozone/ozone/hadoop-ozone/integration-test/target/test-dir/MiniOzoneClusterImpl-0ccfa9de-752d-4e8f-9bbd-0e124a2d3e08/datanode-0/data/ratis] (custom)
2022-01-18 14:48:44,293 [pool-241-thread-1] INFO  server.RaftServerConfigKeys (ConfUtils.java:logGet(44)) - raft.server.log.corruption.policy = EXCEPTION (default)
2022-01-18 14:48:44,293 [pool-241-thread-1] INFO  server.RaftServerConfigKeys (ConfUtils.java:logGet(44)) - raft.server.storage.free-space.min = 0MB (=0) (default)
2022-01-18 14:48:44,293 [pool-241-thread-1] INFO  storage.RaftStorageDirectory (RaftStorageDirectoryImpl.java:analyzeStorage(135)) - The storage directory /home/runner/work/ozone/ozone/hadoop-ozone/integration-test/target/test-dir/MiniOzoneClusterImpl-0ccfa9de-752d-4e8f-9bbd-0e124a2d3e08/datanode-0/data/ratis/872b7417-f6ae-4e77-b9b9-c90ecade688a does not exist. Creating ...
2022-01-18 14:48:44,296 [pool-241-thread-1] INFO  storage.RaftStorageDirectory (RaftStorageDirectoryImpl.java:tryLock(230)) - Lock on /home/runner/work/ozone/ozone/hadoop-ozone/integration-test/target/test-dir/MiniOzoneClusterImpl-0ccfa9de-752d-4e8f-9bbd-0e124a2d3e08/datanode-0/data/ratis/872b7417-f6ae-4e77-b9b9-c90ecade688a/in_use.lock acquired by nodename 22330@fv-az151-72
2022-01-18 14:48:44,305 [pool-241-thread-1] INFO  storage.RaftStorage (RaftStorageImpl.java:format(89)) - Storage directory /home/runner/work/ozone/ozone/hadoop-ozone/integration-test/target/test-dir/MiniOzoneClusterImpl-0ccfa9de-752d-4e8f-9bbd-0e124a2d3e08/datanode-0/data/ratis/872b7417-f6ae-4e77-b9b9-c90ecade688a has been successfully formatted.
2022-01-18 14:48:44,306 [pool-241-thread-1] INFO  ratis.ContainerStateMachine (ContainerStateMachine.java:loadSnapshot(231)) - group-C90ECADE688A: The snapshot info is null. Setting the last applied indexto:(t:0, i:~)
2022-01-18 14:48:44,306 [pool-241-thread-1] INFO  server.RaftServerConfigKeys (ConfUtils.java:logGet(44)) - raft.server.notification.no-leader.timeout = 300s (custom)
2022-01-18 14:48:44,306 [pool-241-thread-1] INFO  server.RaftServerConfigKeys (ConfUtils.java:logGet(44)) - raft.server.log.use.memory = false (default)
2022-01-18 14:48:44,306 [pool-241-thread-1] INFO  server.RaftServerConfigKeys (ConfUtils.java:logGet(44)) - raft.server.log.purge.gap = 1000000 (custom)
2022-01-18 14:48:44,306 [pool-241-thread-1] INFO  server.RaftServerConfigKeys (ConfUtils.java:logGet(44)) - raft.server.log.appender.buffer.byte-limit = 33554432 (custom)
2022-01-18 14:48:44,306 [pool-241-thread-1] INFO  server.RaftServerConfigKeys (ConfUtils.java:logGet(44)) - raft.server.log.segment.size.max = 1048576 (custom)
2022-01-18 14:48:44,307 [pool-241-thread-1] INFO  server.RaftServerConfigKeys (ConfUtils.java:logGet(44)) - raft.server.log.segment.cache.num.max = 2 (custom)
2022-01-18 14:48:44,307 [pool-241-thread-1] INFO  server.RaftServerConfigKeys (ConfUtils.java:logGet(44)) - raft.server.log.segment.cache.size.max = 200MB (=209715200) (default)
2022-01-18 14:48:44,307 [pool-241-thread-1] INFO  segmented.SegmentedRaftLogWorker (SegmentedRaftLogWorker.java:<init>(182)) - new f0baeb8c-e6d1-47f5-b4e1-5ba393635f6f@group-C90ECADE688A-SegmentedRaftLogWorker for RaftStorageImpl:Storage Directory /home/runner/work/ozone/ozone/hadoop-ozone/integration-test/target/test-dir/MiniOzoneClusterImpl-0ccfa9de-752d-4e8f-9bbd-0e124a2d3e08/datanode-0/data/ratis/872b7417-f6ae-4e77-b9b9-c90ecade688a
2022-01-18 14:48:44,307 [pool-241-thread-1] INFO  server.RaftServerConfigKeys (ConfUtils.java:logGet(44)) - raft.server.log.queue.byte-limit = 2147483647 (custom)
2022-01-18 14:48:44,307 [pool-241-thread-1] INFO  server.RaftServerConfigKeys (ConfUtils.java:logGet(44)) - raft.server.log.queue.element-limit = 1024 (custom)
2022-01-18 14:48:44,307 [pool-241-thread-1] INFO  server.RaftServerConfigKeys (ConfUtils.java:logGet(44)) - raft.server.log.segment.size.max = 1048576 (custom)
2022-01-18 14:48:44,307 [pool-241-thread-1] INFO  server.RaftServerConfigKeys (ConfUtils.java:logGet(44)) - raft.server.log.preallocated.size = 16384 (custom)
2022-01-18 14:48:44,307 [pool-241-thread-1] INFO  server.RaftServerConfigKeys (ConfUtils.java:logGet(44)) - raft.server.log.force.sync.num = 128 (default)
2022-01-18 14:48:44,307 [pool-241-thread-1] INFO  server.RaftServerConfigKeys (ConfUtils.java:logGet(44)) - raft.server.log.statemachine.data.sync = true (default)
2022-01-18 14:48:44,307 [pool-241-thread-1] INFO  server.RaftServerConfigKeys (ConfUtils.java:logGet(44)) - raft.server.log.statemachine.data.sync.timeout = 10s (default)
2022-01-18 14:48:44,307 [pool-241-thread-1] INFO  server.RaftServerConfigKeys (ConfUtils.java:logGet(44)) - raft.server.log.statemachine.data.sync.timeout.retry = -1 (default)
2022-01-18 14:48:44,308 [pool-241-thread-1] INFO  server.RaftServerConfigKeys (ConfUtils.java:logGet(44)) - raft.server.log.write.buffer.size = 1048576 (custom)
2022-01-18 14:48:44,308 [pool-241-thread-1] INFO  server.RaftServerConfigKeys (ConfUtils.java:logGet(44)) - raft.server.log.statemachine.data.caching.enabled = true (custom)
2022-01-18 14:48:44,309 [pool-241-thread-1] INFO  segmented.SegmentedRaftLogWorker (SegmentedRaftLogWorker.java:lambda$new$0(133)) - f0baeb8c-e6d1-47f5-b4e1-5ba393635f6f@group-C90ECADE688A-SegmentedRaftLogWorker: flushIndex: setUnconditionally 0 -> -1
2022-01-18 14:48:44,309 [pool-241-thread-1] INFO  segmented.SegmentedRaftLogWorker (SegmentedRaftLogWorker.java:lambda$new$0(133)) - f0baeb8c-e6d1-47f5-b4e1-5ba393635f6f@group-C90ECADE688A-SegmentedRaftLogWorker: safeCacheEvictIndex: setUnconditionally 0 -> -1
2022-01-18 14:48:44,331 [pool-241-thread-1] INFO  server.RaftServerConfigKeys (ConfUtils.java:logGet(44)) - raft.server.snapshot.auto.trigger.enabled = true (custom)
2022-01-18 14:48:44,331 [pool-241-thread-1] INFO  server.RaftServerConfigKeys (ConfUtils.java:logGet(44)) - raft.server.snapshot.auto.trigger.threshold = 10000 (custom)
2022-01-18 14:48:44,331 [pool-241-thread-1] INFO  server.RaftServerConfigKeys (ConfUtils.java:logGet(44)) - raft.server.snapshot.retention.file.num = 5 (custom)
2022-01-18 14:48:44,331 [pool-241-thread-1] INFO  server.RaftServerConfigKeys (ConfUtils.java:logGet(44)) - raft.server.log.purge.upto.snapshot.index = false (default)
2022-01-18 14:48:44,331 [pool-241-thread-1] INFO  server.RaftServerConfigKeys (ConfUtils.java:logGet(44)) - raft.server.retrycache.expirytime = 600000ms (custom)
2022-01-18 14:48:44,331 [pool-241-thread-1] INFO  server.RaftServerConfigKeys (ConfUtils.java:logGet(44)) - raft.server.retrycache.statistics.expirytime = 100μs (default)
2022-01-18 14:48:44,335 [EventQueue-OpenPipelineForHealthyPipelineSafeModeRule] INFO  safemode.SCMSafeModeManager (HealthyPipelineSafeModeRule.java:process(124)) - SCM in safe mode. Healthy pipelines reported count is 0, required healthy pipeline reported count is 1
2022-01-18 14:48:44,335 [pool-241-thread-1] INFO  server.RaftServer$Division (RaftServerImpl.java:start(301)) - f0baeb8c-e6d1-47f5-b4e1-5ba393635f6f@group-C90ECADE688A: start as a follower, conf=-1: [a81a925a-6276-4e36-9bcf-91f1631c9c2f|rpc:10.1.0.41:40475|priority:0, f0baeb8c-e6d1-47f5-b4e1-5ba393635f6f|rpc:10.1.0.41:43293|priority:0, beb67d5c-35ba-4f4b-ba77-131041920502|rpc:10.1.0.41:36345|priority:1], old=null
2022-01-18 14:48:44,335 [pool-241-thread-1] INFO  server.RaftServer$Division (RaftServerImpl.java:setRole(290)) - f0baeb8c-e6d1-47f5-b4e1-5ba393635f6f@group-C90ECADE688A: changes role from      null to FOLLOWER at term 0 for startAsFollower
2022-01-18 14:48:44,335 [pool-241-thread-1] INFO  impl.RoleInfo (RoleInfo.java:updateAndGet(130)) - f0baeb8c-e6d1-47f5-b4e1-5ba393635f6f: start f0baeb8c-e6d1-47f5-b4e1-5ba393635f6f@group-C90ECADE688A-FollowerState
2022-01-18 14:48:44,344 [pool-241-thread-1] INFO  util.JmxRegister (JmxRegister.java:tryRegister(44)) - Successfully registered JMX Bean with object name Ratis:service=RaftServer,group=group-C90ECADE688A,id=f0baeb8c-e6d1-47f5-b4e1-5ba393635f6f
2022-01-18 14:48:44,353 [Command processor thread] INFO  ratis.XceiverServerRatis (XceiverServerRatis.java:addGroup(768)) - Created group PipelineID=872b7417-f6ae-4e77-b9b9-c90ecade688a
2022-01-18 14:48:44,356 [Listener at 127.0.0.1/40135] INFO  ozone.MiniOzoneClusterImpl (MiniOzoneClusterImpl.java:lambda$waitForClusterToBeReady$0(219)) - Nodes are ready. Got 3 of 3 DN Heartbeats.
2022-01-18 14:48:44,356 [Listener at 127.0.0.1/40135] INFO  ozone.MiniOzoneClusterImpl (MiniOzoneClusterImpl.java:lambda$waitForClusterToBeReady$0(222)) - Waiting for cluster to exit safe mode
2022-01-18 14:48:44,356 [Listener at 127.0.0.1/40135] INFO  ozone.MiniOzoneClusterImpl (MiniOzoneClusterImpl.java:lambda$waitForClusterToBeReady$0(224)) - SCM became leader
2022-01-18 14:48:44,387 [grpc-default-executor-3] INFO  server.RaftServer (RaftServerProxy.java:addNew(95)) - beb67d5c-35ba-4f4b-ba77-131041920502: addNew group-C90ECADE688A:[a81a925a-6276-4e36-9bcf-91f1631c9c2f|rpc:10.1.0.41:40475|dataStream:|priority:0, f0baeb8c-e6d1-47f5-b4e1-5ba393635f6f|rpc:10.1.0.41:43293|dataStream:|priority:0, beb67d5c-35ba-4f4b-ba77-131041920502|rpc:10.1.0.41:36345|dataStream:|priority:1] returns group-C90ECADE688A:java.util.concurrent.CompletableFuture@713fae66[Not completed]
2022-01-18 14:48:44,389 [pool-283-thread-1] INFO  server.RaftServer$Division (RaftServerImpl.java:<init>(184)) - beb67d5c-35ba-4f4b-ba77-131041920502: new RaftServerImpl for group-C90ECADE688A:[a81a925a-6276-4e36-9bcf-91f1631c9c2f|rpc:10.1.0.41:40475|dataStream:|priority:0, f0baeb8c-e6d1-47f5-b4e1-5ba393635f6f|rpc:10.1.0.41:43293|dataStream:|priority:0, beb67d5c-35ba-4f4b-ba77-131041920502|rpc:10.1.0.41:36345|dataStream:|priority:1] with ContainerStateMachine:uninitialized
2022-01-18 14:48:44,393 [pool-283-thread-1] INFO  server.RaftServerConfigKeys (ConfUtils.java:logGet(44)) - raft.server.rpc.timeout.min = 5s (custom)
2022-01-18 14:48:44,393 [pool-283-thread-1] INFO  server.RaftServerConfigKeys (ConfUtils.java:logGet(44)) - raft.server.rpc.timeout.max = 5200ms (custom)
2022-01-18 14:48:44,393 [pool-283-thread-1] INFO  server.RaftServerConfigKeys (ConfUtils.java:logGet(44)) - raft.server.rpc.sleep.time = 25ms (default)
2022-01-18 14:48:44,393 [pool-283-thread-1] INFO  server.RaftServerConfigKeys (ConfUtils.java:logGet(44)) - raft.server.rpc.slowness.timeout = 300s (custom)
2022-01-18 14:48:44,393 [pool-283-thread-1] INFO  server.RaftServerConfigKeys (ConfUtils.java:logGet(44)) - raft.server.leaderelection.leader.step-down.wait-time = 10s (default)
2022-01-18 14:48:44,393 [pool-283-thread-1] INFO  server.RaftServerConfigKeys (ConfUtils.java:logGet(44)) - raft.server.sleep.deviation.threshold = 300ms (default)
2022-01-18 14:48:44,393 [pool-283-thread-1] INFO  server.RaftServerConfigKeys (ConfUtils.java:logGet(44)) - raft.server.log.appender.install.snapshot.enabled = false (custom)
2022-01-18 14:48:44,393 [pool-283-thread-1] INFO  server.RaftServer$Division (ServerState.java:<init>(105)) - beb67d5c-35ba-4f4b-ba77-131041920502@group-C90ECADE688A: ConfigurationManager, init=-1: [a81a925a-6276-4e36-9bcf-91f1631c9c2f|rpc:10.1.0.41:40475|dataStream:|priority:0, f0baeb8c-e6d1-47f5-b4e1-5ba393635f6f|rpc:10.1.0.41:43293|dataStream:|priority:0, beb67d5c-35ba-4f4b-ba77-131041920502|rpc:10.1.0.41:36345|dataStream:|priority:1], old=null, confs=<EMPTY_MAP>
2022-01-18 14:48:44,404 [pool-283-thread-1] INFO  server.RaftServerConfigKeys (ConfUtils.java:logGet(44)) - raft.server.storage.dir = [/home/runner/work/ozone/ozone/hadoop-ozone/integration-test/target/test-dir/MiniOzoneClusterImpl-0ccfa9de-752d-4e8f-9bbd-0e124a2d3e08/datanode-2/data/ratis] (custom)
2022-01-18 14:48:44,405 [pool-283-thread-1] INFO  server.RaftServerConfigKeys (ConfUtils.java:logGet(44)) - raft.server.log.corruption.policy = EXCEPTION (default)
2022-01-18 14:48:44,405 [pool-283-thread-1] INFO  server.RaftServerConfigKeys (ConfUtils.java:logGet(44)) - raft.server.storage.free-space.min = 0MB (=0) (default)
2022-01-18 14:48:44,405 [pool-283-thread-1] INFO  storage.RaftStorageDirectory (RaftStorageDirectoryImpl.java:analyzeStorage(135)) - The storage directory /home/runner/work/ozone/ozone/hadoop-ozone/integration-test/target/test-dir/MiniOzoneClusterImpl-0ccfa9de-752d-4e8f-9bbd-0e124a2d3e08/datanode-2/data/ratis/872b7417-f6ae-4e77-b9b9-c90ecade688a does not exist. Creating ...
2022-01-18 14:48:44,406 [pool-283-thread-1] INFO  storage.RaftStorageDirectory (RaftStorageDirectoryImpl.java:tryLock(230)) - Lock on /home/runner/work/ozone/ozone/hadoop-ozone/integration-test/target/test-dir/MiniOzoneClusterImpl-0ccfa9de-752d-4e8f-9bbd-0e124a2d3e08/datanode-2/data/ratis/872b7417-f6ae-4e77-b9b9-c90ecade688a/in_use.lock acquired by nodename 22330@fv-az151-72
2022-01-18 14:48:44,408 [pool-283-thread-1] INFO  storage.RaftStorage (RaftStorageImpl.java:format(89)) - Storage directory /home/runner/work/ozone/ozone/hadoop-ozone/integration-test/target/test-dir/MiniOzoneClusterImpl-0ccfa9de-752d-4e8f-9bbd-0e124a2d3e08/datanode-2/data/ratis/872b7417-f6ae-4e77-b9b9-c90ecade688a has been successfully formatted.
2022-01-18 14:48:44,413 [pool-283-thread-1] INFO  ratis.ContainerStateMachine (ContainerStateMachine.java:loadSnapshot(231)) - group-C90ECADE688A: The snapshot info is null. Setting the last applied indexto:(t:0, i:~)
2022-01-18 14:48:44,413 [pool-283-thread-1] INFO  server.RaftServerConfigKeys (ConfUtils.java:logGet(44)) - raft.server.notification.no-leader.timeout = 300s (custom)
2022-01-18 14:48:44,413 [pool-283-thread-1] INFO  server.RaftServerConfigKeys (ConfUtils.java:logGet(44)) - raft.server.log.use.memory = false (default)
2022-01-18 14:48:44,414 [pool-283-thread-1] INFO  server.RaftServerConfigKeys (ConfUtils.java:logGet(44)) - raft.server.log.purge.gap = 1000000 (custom)
2022-01-18 14:48:44,425 [pool-283-thread-1] INFO  server.RaftServerConfigKeys (ConfUtils.java:logGet(44)) - raft.server.log.appender.buffer.byte-limit = 33554432 (custom)
2022-01-18 14:48:44,426 [pool-283-thread-1] INFO  server.RaftServerConfigKeys (ConfUtils.java:logGet(44)) - raft.server.log.segment.size.max = 1048576 (custom)
2022-01-18 14:48:44,426 [pool-283-thread-1] INFO  server.RaftServerConfigKeys (ConfUtils.java:logGet(44)) - raft.server.log.segment.cache.num.max = 2 (custom)
2022-01-18 14:48:44,427 [pool-283-thread-1] INFO  server.RaftServerConfigKeys (ConfUtils.java:logGet(44)) - raft.server.log.segment.cache.size.max = 200MB (=209715200) (default)
2022-01-18 14:48:44,427 [pool-283-thread-1] INFO  segmented.SegmentedRaftLogWorker (SegmentedRaftLogWorker.java:<init>(182)) - new beb67d5c-35ba-4f4b-ba77-131041920502@group-C90ECADE688A-SegmentedRaftLogWorker for RaftStorageImpl:Storage Directory /home/runner/work/ozone/ozone/hadoop-ozone/integration-test/target/test-dir/MiniOzoneClusterImpl-0ccfa9de-752d-4e8f-9bbd-0e124a2d3e08/datanode-2/data/ratis/872b7417-f6ae-4e77-b9b9-c90ecade688a
2022-01-18 14:48:44,427 [pool-283-thread-1] INFO  server.RaftServerConfigKeys (ConfUtils.java:logGet(44)) - raft.server.log.queue.byte-limit = 2147483647 (custom)
2022-01-18 14:48:44,427 [pool-283-thread-1] INFO  server.RaftServerConfigKeys (ConfUtils.java:logGet(44)) - raft.server.log.queue.element-limit = 1024 (custom)
2022-01-18 14:48:44,427 [pool-283-thread-1] INFO  server.RaftServerConfigKeys (ConfUtils.java:logGet(44)) - raft.server.log.segment.size.max = 1048576 (custom)
2022-01-18 14:48:44,427 [pool-283-thread-1] INFO  server.RaftServerConfigKeys (ConfUtils.java:logGet(44)) - raft.server.log.preallocated.size = 16384 (custom)
2022-01-18 14:48:44,427 [pool-283-thread-1] INFO  server.RaftServerConfigKeys (ConfUtils.java:logGet(44)) - raft.server.log.force.sync.num = 128 (default)
2022-01-18 14:48:44,427 [pool-283-thread-1] INFO  server.RaftServerConfigKeys (ConfUtils.java:logGet(44)) - raft.server.log.statemachine.data.sync = true (default)
2022-01-18 14:48:44,427 [pool-283-thread-1] INFO  server.RaftServerConfigKeys (ConfUtils.java:logGet(44)) - raft.server.log.statemachine.data.sync.timeout = 10s (default)
2022-01-18 14:48:44,427 [pool-283-thread-1] INFO  server.RaftServerConfigKeys (ConfUtils.java:logGet(44)) - raft.server.log.statemachine.data.sync.timeout.retry = -1 (default)
2022-01-18 14:48:44,429 [pool-283-thread-1] INFO  server.RaftServerConfigKeys (ConfUtils.java:logGet(44)) - raft.server.log.write.buffer.size = 1048576 (custom)
2022-01-18 14:48:44,433 [pool-283-thread-1] INFO  server.RaftServerConfigKeys (ConfUtils.java:logGet(44)) - raft.server.log.statemachine.data.caching.enabled = true (custom)
2022-01-18 14:48:44,440 [pool-283-thread-1] INFO  segmented.SegmentedRaftLogWorker (SegmentedRaftLogWorker.java:lambda$new$0(133)) - beb67d5c-35ba-4f4b-ba77-131041920502@group-C90ECADE688A-SegmentedRaftLogWorker: flushIndex: setUnconditionally 0 -> -1
2022-01-18 14:48:44,440 [pool-283-thread-1] INFO  segmented.SegmentedRaftLogWorker (SegmentedRaftLogWorker.java:lambda$new$0(133)) - beb67d5c-35ba-4f4b-ba77-131041920502@group-C90ECADE688A-SegmentedRaftLogWorker: safeCacheEvictIndex: setUnconditionally 0 -> -1
2022-01-18 14:48:44,441 [pool-283-thread-1] INFO  server.RaftServerConfigKeys (ConfUtils.java:logGet(44)) - raft.server.snapshot.auto.trigger.enabled = true (custom)
2022-01-18 14:48:44,441 [pool-283-thread-1] INFO  server.RaftServerConfigKeys (ConfUtils.java:logGet(44)) - raft.server.snapshot.auto.trigger.threshold = 10000 (custom)
2022-01-18 14:48:44,441 [pool-283-thread-1] INFO  server.RaftServerConfigKeys (ConfUtils.java:logGet(44)) - raft.server.snapshot.retention.file.num = 5 (custom)
2022-01-18 14:48:44,441 [pool-283-thread-1] INFO  server.RaftServerConfigKeys (ConfUtils.java:logGet(44)) - raft.server.log.purge.upto.snapshot.index = false (default)
2022-01-18 14:48:44,441 [pool-283-thread-1] INFO  server.RaftServerConfigKeys (ConfUtils.java:logGet(44)) - raft.server.retrycache.expirytime = 600000ms (custom)
2022-01-18 14:48:44,442 [pool-283-thread-1] INFO  server.RaftServerConfigKeys (ConfUtils.java:logGet(44)) - raft.server.retrycache.statistics.expirytime = 100μs (default)
2022-01-18 14:48:44,443 [pool-283-thread-1] INFO  server.RaftServer$Division (RaftServerImpl.java:start(301)) - beb67d5c-35ba-4f4b-ba77-131041920502@group-C90ECADE688A: start as a follower, conf=-1: [a81a925a-6276-4e36-9bcf-91f1631c9c2f|rpc:10.1.0.41:40475|dataStream:|priority:0, f0baeb8c-e6d1-47f5-b4e1-5ba393635f6f|rpc:10.1.0.41:43293|dataStream:|priority:0, beb67d5c-35ba-4f4b-ba77-131041920502|rpc:10.1.0.41:36345|dataStream:|priority:1], old=null
2022-01-18 14:48:44,443 [pool-283-thread-1] INFO  server.RaftServer$Division (RaftServerImpl.java:setRole(290)) - beb67d5c-35ba-4f4b-ba77-131041920502@group-C90ECADE688A: changes role from      null to FOLLOWER at term 0 for startAsFollower
2022-01-18 14:48:44,443 [pool-283-thread-1] INFO  impl.RoleInfo (RoleInfo.java:updateAndGet(130)) - beb67d5c-35ba-4f4b-ba77-131041920502: start beb67d5c-35ba-4f4b-ba77-131041920502@group-C90ECADE688A-FollowerState
2022-01-18 14:48:44,447 [pool-283-thread-1] INFO  util.JmxRegister (JmxRegister.java:tryRegister(44)) - Successfully registered JMX Bean with object name Ratis:service=RaftServer,group=group-C90ECADE688A,id=beb67d5c-35ba-4f4b-ba77-131041920502
2022-01-18 14:48:44,635 [grpc-default-executor-3] INFO  server.RaftServer (RaftServerProxy.java:addNew(95)) - a81a925a-6276-4e36-9bcf-91f1631c9c2f: addNew group-C90ECADE688A:[a81a925a-6276-4e36-9bcf-91f1631c9c2f|rpc:10.1.0.41:40475|dataStream:|priority:0, f0baeb8c-e6d1-47f5-b4e1-5ba393635f6f|rpc:10.1.0.41:43293|dataStream:|priority:0, beb67d5c-35ba-4f4b-ba77-131041920502|rpc:10.1.0.41:36345|dataStream:|priority:1] returns group-C90ECADE688A:java.util.concurrent.CompletableFuture@6d4e4c97[Not completed]
2022-01-18 14:48:44,640 [pool-262-thread-1] INFO  server.RaftServer$Division (RaftServerImpl.java:<init>(184)) - a81a925a-6276-4e36-9bcf-91f1631c9c2f: new RaftServerImpl for group-C90ECADE688A:[a81a925a-6276-4e36-9bcf-91f1631c9c2f|rpc:10.1.0.41:40475|dataStream:|priority:0, f0baeb8c-e6d1-47f5-b4e1-5ba393635f6f|rpc:10.1.0.41:43293|dataStream:|priority:0, beb67d5c-35ba-4f4b-ba77-131041920502|rpc:10.1.0.41:36345|dataStream:|priority:1] with ContainerStateMachine:uninitialized
2022-01-18 14:48:44,645 [pool-262-thread-1] INFO  server.RaftServerConfigKeys (ConfUtils.java:logGet(44)) - raft.server.rpc.timeout.min = 5s (custom)
2022-01-18 14:48:44,645 [pool-262-thread-1] INFO  server.RaftServerConfigKeys (ConfUtils.java:logGet(44)) - raft.server.rpc.timeout.max = 5200ms (custom)
2022-01-18 14:48:44,645 [pool-262-thread-1] INFO  server.RaftServerConfigKeys (ConfUtils.java:logGet(44)) - raft.server.rpc.sleep.time = 25ms (default)
2022-01-18 14:48:44,645 [pool-262-thread-1] INFO  server.RaftServerConfigKeys (ConfUtils.java:logGet(44)) - raft.server.rpc.slowness.timeout = 300s (custom)
2022-01-18 14:48:44,646 [pool-262-thread-1] INFO  server.RaftServerConfigKeys (ConfUtils.java:logGet(44)) - raft.server.leaderelection.leader.step-down.wait-time = 10s (default)
2022-01-18 14:48:44,646 [pool-262-thread-1] INFO  server.RaftServerConfigKeys (ConfUtils.java:logGet(44)) - raft.server.sleep.deviation.threshold = 300ms (default)
2022-01-18 14:48:44,646 [pool-262-thread-1] INFO  server.RaftServerConfigKeys (ConfUtils.java:logGet(44)) - raft.server.log.appender.install.snapshot.enabled = false (custom)
2022-01-18 14:48:44,646 [pool-262-thread-1] INFO  server.RaftServer$Division (ServerState.java:<init>(105)) - a81a925a-6276-4e36-9bcf-91f1631c9c2f@group-C90ECADE688A: ConfigurationManager, init=-1: [a81a925a-6276-4e36-9bcf-91f1631c9c2f|rpc:10.1.0.41:40475|dataStream:|priority:0, f0baeb8c-e6d1-47f5-b4e1-5ba393635f6f|rpc:10.1.0.41:43293|dataStream:|priority:0, beb67d5c-35ba-4f4b-ba77-131041920502|rpc:10.1.0.41:36345|dataStream:|priority:1], old=null, confs=<EMPTY_MAP>
2022-01-18 14:48:44,646 [pool-262-thread-1] INFO  server.RaftServerConfigKeys (ConfUtils.java:logGet(44)) - raft.server.storage.dir = [/home/runner/work/ozone/ozone/hadoop-ozone/integration-test/target/test-dir/MiniOzoneClusterImpl-0ccfa9de-752d-4e8f-9bbd-0e124a2d3e08/datanode-1/data/ratis] (custom)
2022-01-18 14:48:44,646 [pool-262-thread-1] INFO  server.RaftServerConfigKeys (ConfUtils.java:logGet(44)) - raft.server.log.corruption.policy = EXCEPTION (default)
2022-01-18 14:48:44,646 [pool-262-thread-1] INFO  server.RaftServerConfigKeys (ConfUtils.java:logGet(44)) - raft.server.storage.free-space.min = 0MB (=0) (default)
2022-01-18 14:48:44,646 [pool-262-thread-1] INFO  storage.RaftStorageDirectory (RaftStorageDirectoryImpl.java:analyzeStorage(135)) - The storage directory /home/runner/work/ozone/ozone/hadoop-ozone/integration-test/target/test-dir/MiniOzoneClusterImpl-0ccfa9de-752d-4e8f-9bbd-0e124a2d3e08/datanode-1/data/ratis/872b7417-f6ae-4e77-b9b9-c90ecade688a does not exist. Creating ...
2022-01-18 14:48:44,653 [pool-262-thread-1] INFO  storage.RaftStorageDirectory (RaftStorageDirectoryImpl.java:tryLock(230)) - Lock on /home/runner/work/ozone/ozone/hadoop-ozone/integration-test/target/test-dir/MiniOzoneClusterImpl-0ccfa9de-752d-4e8f-9bbd-0e124a2d3e08/datanode-1/data/ratis/872b7417-f6ae-4e77-b9b9-c90ecade688a/in_use.lock acquired by nodename 22330@fv-az151-72
2022-01-18 14:48:44,657 [pool-262-thread-1] INFO  storage.RaftStorage (RaftStorageImpl.java:format(89)) - Storage directory /home/runner/work/ozone/ozone/hadoop-ozone/integration-test/target/test-dir/MiniOzoneClusterImpl-0ccfa9de-752d-4e8f-9bbd-0e124a2d3e08/datanode-1/data/ratis/872b7417-f6ae-4e77-b9b9-c90ecade688a has been successfully formatted.
2022-01-18 14:48:44,658 [pool-262-thread-1] INFO  ratis.ContainerStateMachine (ContainerStateMachine.java:loadSnapshot(231)) - group-C90ECADE688A: The snapshot info is null. Setting the last applied indexto:(t:0, i:~)
2022-01-18 14:48:44,659 [pool-262-thread-1] INFO  server.RaftServerConfigKeys (ConfUtils.java:logGet(44)) - raft.server.notification.no-leader.timeout = 300s (custom)
2022-01-18 14:48:44,659 [pool-262-thread-1] INFO  server.RaftServerConfigKeys (ConfUtils.java:logGet(44)) - raft.server.log.use.memory = false (default)
2022-01-18 14:48:44,659 [pool-262-thread-1] INFO  server.RaftServerConfigKeys (ConfUtils.java:logGet(44)) - raft.server.log.purge.gap = 1000000 (custom)
2022-01-18 14:48:44,659 [pool-262-thread-1] INFO  server.RaftServerConfigKeys (ConfUtils.java:logGet(44)) - raft.server.log.appender.buffer.byte-limit = 33554432 (custom)
2022-01-18 14:48:44,659 [pool-262-thread-1] INFO  server.RaftServerConfigKeys (ConfUtils.java:logGet(44)) - raft.server.log.segment.size.max = 1048576 (custom)
2022-01-18 14:48:44,659 [pool-262-thread-1] INFO  server.RaftServerConfigKeys (ConfUtils.java:logGet(44)) - raft.server.log.segment.cache.num.max = 2 (custom)
2022-01-18 14:48:44,660 [pool-262-thread-1] INFO  server.RaftServerConfigKeys (ConfUtils.java:logGet(44)) - raft.server.log.segment.cache.size.max = 200MB (=209715200) (default)
2022-01-18 14:48:44,660 [pool-262-thread-1] INFO  segmented.SegmentedRaftLogWorker (SegmentedRaftLogWorker.java:<init>(182)) - new a81a925a-6276-4e36-9bcf-91f1631c9c2f@group-C90ECADE688A-SegmentedRaftLogWorker for RaftStorageImpl:Storage Directory /home/runner/work/ozone/ozone/hadoop-ozone/integration-test/target/test-dir/MiniOzoneClusterImpl-0ccfa9de-752d-4e8f-9bbd-0e124a2d3e08/datanode-1/data/ratis/872b7417-f6ae-4e77-b9b9-c90ecade688a
2022-01-18 14:48:44,660 [pool-262-thread-1] INFO  server.RaftServerConfigKeys (ConfUtils.java:logGet(44)) - raft.server.log.queue.byte-limit = 2147483647 (custom)
2022-01-18 14:48:44,660 [pool-262-thread-1] INFO  server.RaftServerConfigKeys (ConfUtils.java:logGet(44)) - raft.server.log.queue.element-limit = 1024 (custom)
2022-01-18 14:48:44,660 [pool-262-thread-1] INFO  server.RaftServerConfigKeys (ConfUtils.java:logGet(44)) - raft.server.log.segment.size.max = 1048576 (custom)
2022-01-18 14:48:44,660 [pool-262-thread-1] INFO  server.RaftServerConfigKeys (ConfUtils.java:logGet(44)) - raft.server.log.preallocated.size = 16384 (custom)
2022-01-18 14:48:44,660 [pool-262-thread-1] INFO  server.RaftServerConfigKeys (ConfUtils.java:logGet(44)) - raft.server.log.force.sync.num = 128 (default)
2022-01-18 14:48:44,660 [pool-262-thread-1] INFO  server.RaftServerConfigKeys (ConfUtils.java:logGet(44)) - raft.server.log.statemachine.data.sync = true (default)
2022-01-18 14:48:44,660 [pool-262-thread-1] INFO  server.RaftServerConfigKeys (ConfUtils.java:logGet(44)) - raft.server.log.statemachine.data.sync.timeout = 10s (default)
2022-01-18 14:48:44,660 [pool-262-thread-1] INFO  server.RaftServerConfigKeys (ConfUtils.java:logGet(44)) - raft.server.log.statemachine.data.sync.timeout.retry = -1 (default)
2022-01-18 14:48:44,661 [pool-262-thread-1] INFO  server.RaftServerConfigKeys (ConfUtils.java:logGet(44)) - raft.server.log.write.buffer.size = 1048576 (custom)
2022-01-18 14:48:44,662 [pool-262-thread-1] INFO  server.RaftServerConfigKeys (ConfUtils.java:logGet(44)) - raft.server.log.statemachine.data.caching.enabled = true (custom)
2022-01-18 14:48:44,662 [pool-262-thread-1] INFO  segmented.SegmentedRaftLogWorker (SegmentedRaftLogWorker.java:lambda$new$0(133)) - a81a925a-6276-4e36-9bcf-91f1631c9c2f@group-C90ECADE688A-SegmentedRaftLogWorker: flushIndex: setUnconditionally 0 -> -1
2022-01-18 14:48:44,662 [pool-262-thread-1] INFO  segmented.SegmentedRaftLogWorker (SegmentedRaftLogWorker.java:lambda$new$0(133)) - a81a925a-6276-4e36-9bcf-91f1631c9c2f@group-C90ECADE688A-SegmentedRaftLogWorker: safeCacheEvictIndex: setUnconditionally 0 -> -1
2022-01-18 14:48:44,671 [pool-262-thread-1] INFO  server.RaftServerConfigKeys (ConfUtils.java:logGet(44)) - raft.server.snapshot.auto.trigger.enabled = true (custom)
2022-01-18 14:48:44,674 [pool-262-thread-1] INFO  server.RaftServerConfigKeys (ConfUtils.java:logGet(44)) - raft.server.snapshot.auto.trigger.threshold = 10000 (custom)
2022-01-18 14:48:44,674 [pool-262-thread-1] INFO  server.RaftServerConfigKeys (ConfUtils.java:logGet(44)) - raft.server.snapshot.retention.file.num = 5 (custom)
2022-01-18 14:48:44,674 [pool-262-thread-1] INFO  server.RaftServerConfigKeys (ConfUtils.java:logGet(44)) - raft.server.log.purge.upto.snapshot.index = false (default)
2022-01-18 14:48:44,674 [pool-262-thread-1] INFO  server.RaftServerConfigKeys (ConfUtils.java:logGet(44)) - raft.server.retrycache.expirytime = 600000ms (custom)
2022-01-18 14:48:44,675 [pool-262-thread-1] INFO  server.RaftServerConfigKeys (ConfUtils.java:logGet(44)) - raft.server.retrycache.statistics.expirytime = 100μs (default)
2022-01-18 14:48:44,677 [pool-262-thread-1] INFO  server.RaftServer$Division (RaftServerImpl.java:start(301)) - a81a925a-6276-4e36-9bcf-91f1631c9c2f@group-C90ECADE688A: start as a follower, conf=-1: [a81a925a-6276-4e36-9bcf-91f1631c9c2f|rpc:10.1.0.41:40475|dataStream:|priority:0, f0baeb8c-e6d1-47f5-b4e1-5ba393635f6f|rpc:10.1.0.41:43293|dataStream:|priority:0, beb67d5c-35ba-4f4b-ba77-131041920502|rpc:10.1.0.41:36345|dataStream:|priority:1], old=null
2022-01-18 14:48:44,680 [pool-262-thread-1] INFO  server.RaftServer$Division (RaftServerImpl.java:setRole(290)) - a81a925a-6276-4e36-9bcf-91f1631c9c2f@group-C90ECADE688A: changes role from      null to FOLLOWER at term 0 for startAsFollower
2022-01-18 14:48:44,680 [pool-262-thread-1] INFO  impl.RoleInfo (RoleInfo.java:updateAndGet(130)) - a81a925a-6276-4e36-9bcf-91f1631c9c2f: start a81a925a-6276-4e36-9bcf-91f1631c9c2f@group-C90ECADE688A-FollowerState
2022-01-18 14:48:44,686 [pool-262-thread-1] INFO  util.JmxRegister (JmxRegister.java:tryRegister(44)) - Successfully registered JMX Bean with object name Ratis:service=RaftServer,group=group-C90ECADE688A,id=a81a925a-6276-4e36-9bcf-91f1631c9c2f
2022-01-18 14:48:44,750 [Command processor thread] INFO  commandhandler.CreatePipelineCommandHandler (CreatePipelineCommandHandler.java:handle(106)) - Created Pipeline RATIS THREE PipelineID=872b7417-f6ae-4e77-b9b9-c90ecade688a.
2022-01-18 14:48:44,905 [Command processor thread] INFO  server.RaftServer (RaftServerProxy.java:addNew(95)) - a81a925a-6276-4e36-9bcf-91f1631c9c2f: addNew group-E14B92C175C2:[a81a925a-6276-4e36-9bcf-91f1631c9c2f|rpc:10.1.0.41:40475|priority:1] returns group-E14B92C175C2:java.util.concurrent.CompletableFuture@22679a26[Not completed]
2022-01-18 14:48:44,906 [pool-262-thread-1] INFO  server.RaftServer$Division (RaftServerImpl.java:<init>(184)) - a81a925a-6276-4e36-9bcf-91f1631c9c2f: new RaftServerImpl for group-E14B92C175C2:[a81a925a-6276-4e36-9bcf-91f1631c9c2f|rpc:10.1.0.41:40475|priority:1] with ContainerStateMachine:uninitialized
2022-01-18 14:48:44,906 [pool-262-thread-1] INFO  server.RaftServerConfigKeys (ConfUtils.java:logGet(44)) - raft.server.rpc.timeout.min = 5s (custom)
2022-01-18 14:48:44,906 [pool-262-thread-1] INFO  server.RaftServerConfigKeys (ConfUtils.java:logGet(44)) - raft.server.rpc.timeout.max = 5200ms (custom)
2022-01-18 14:48:44,906 [pool-262-thread-1] INFO  server.RaftServerConfigKeys (ConfUtils.java:logGet(44)) - raft.server.rpc.sleep.time = 25ms (default)
2022-01-18 14:48:44,906 [pool-262-thread-1] INFO  server.RaftServerConfigKeys (ConfUtils.java:logGet(44)) - raft.server.rpc.slowness.timeout = 300s (custom)
2022-01-18 14:48:44,906 [pool-262-thread-1] INFO  server.RaftServerConfigKeys (ConfUtils.java:logGet(44)) - raft.server.leaderelection.leader.step-down.wait-time = 10s (default)
2022-01-18 14:48:44,907 [pool-262-thread-1] INFO  server.RaftServerConfigKeys (ConfUtils.java:logGet(44)) - raft.server.sleep.deviation.threshold = 300ms (default)
2022-01-18 14:48:44,907 [pool-262-thread-1] INFO  server.RaftServerConfigKeys (ConfUtils.java:logGet(44)) - raft.server.log.appender.install.snapshot.enabled = false (custom)
2022-01-18 14:48:44,907 [pool-262-thread-1] INFO  server.RaftServer$Division (ServerState.java:<init>(105)) - a81a925a-6276-4e36-9bcf-91f1631c9c2f@group-E14B92C175C2: ConfigurationManager, init=-1: [a81a925a-6276-4e36-9bcf-91f1631c9c2f|rpc:10.1.0.41:40475|priority:1], old=null, confs=<EMPTY_MAP>
2022-01-18 14:48:44,907 [pool-262-thread-1] INFO  server.RaftServerConfigKeys (ConfUtils.java:logGet(44)) - raft.server.storage.dir = [/home/runner/work/ozone/ozone/hadoop-ozone/integration-test/target/test-dir/MiniOzoneClusterImpl-0ccfa9de-752d-4e8f-9bbd-0e124a2d3e08/datanode-1/data/ratis] (custom)
2022-01-18 14:48:44,907 [pool-262-thread-1] INFO  server.RaftServerConfigKeys (ConfUtils.java:logGet(44)) - raft.server.log.corruption.policy = EXCEPTION (default)
2022-01-18 14:48:44,907 [pool-262-thread-1] INFO  server.RaftServerConfigKeys (ConfUtils.java:logGet(44)) - raft.server.storage.free-space.min = 0MB (=0) (default)
2022-01-18 14:48:44,907 [pool-262-thread-1] INFO  storage.RaftStorageDirectory (RaftStorageDirectoryImpl.java:analyzeStorage(135)) - The storage directory /home/runner/work/ozone/ozone/hadoop-ozone/integration-test/target/test-dir/MiniOzoneClusterImpl-0ccfa9de-752d-4e8f-9bbd-0e124a2d3e08/datanode-1/data/ratis/de59166d-2843-4ef3-aff3-e14b92c175c2 does not exist. Creating ...
2022-01-18 14:48:44,908 [pool-262-thread-1] INFO  storage.RaftStorageDirectory (RaftStorageDirectoryImpl.java:tryLock(230)) - Lock on /home/runner/work/ozone/ozone/hadoop-ozone/integration-test/target/test-dir/MiniOzoneClusterImpl-0ccfa9de-752d-4e8f-9bbd-0e124a2d3e08/datanode-1/data/ratis/de59166d-2843-4ef3-aff3-e14b92c175c2/in_use.lock acquired by nodename 22330@fv-az151-72
2022-01-18 14:48:44,912 [pool-262-thread-1] INFO  storage.RaftStorage (RaftStorageImpl.java:format(89)) - Storage directory /home/runner/work/ozone/ozone/hadoop-ozone/integration-test/target/test-dir/MiniOzoneClusterImpl-0ccfa9de-752d-4e8f-9bbd-0e124a2d3e08/datanode-1/data/ratis/de59166d-2843-4ef3-aff3-e14b92c175c2 has been successfully formatted.
2022-01-18 14:48:44,913 [pool-262-thread-1] INFO  ratis.ContainerStateMachine (ContainerStateMachine.java:loadSnapshot(231)) - group-E14B92C175C2: The snapshot info is null. Setting the last applied indexto:(t:0, i:~)
2022-01-18 14:48:44,914 [EventQueue-PipelineReportForPipelineReportHandler] INFO  pipeline.PipelineManagerImpl (PipelineManagerImpl.java:openPipeline(291)) - Pipeline Pipeline[ Id: de59166d-2843-4ef3-aff3-e14b92c175c2, Nodes: a81a925a-6276-4e36-9bcf-91f1631c9c2f{ip: 10.1.0.41, host: fv-az151-72.yf2hydr00wburbhx3j5hxtcipe.bx.internal.cloudapp.net, ports: [REPLICATION=46465, RATIS=40475, RATIS_ADMIN=40475, RATIS_SERVER=40475, STANDALONE=43059], networkLocation: /default-rack, certSerialId: null, persistedOpState: IN_SERVICE, persistedOpStateExpiryEpochSec: 0}, ReplicationConfig: RATIS/ONE, State:ALLOCATED, leaderId:a81a925a-6276-4e36-9bcf-91f1631c9c2f, CreationTimestamp2022-01-18T14:48:41.913Z[Etc/UTC]] moved to OPEN state
2022-01-18 14:48:44,917 [4a5d2158-d864-4e23-92c4-2f293c65e9a1@group-0E124A2D3E08-StateMachineUpdater] INFO  safemode.HealthyPipelineSafeModeRule (HealthyPipelineSafeModeRule.java:initializeRule(152)) - Refreshed total pipeline count is 0, healthy pipeline threshold count is 1
2022-01-18 14:48:44,919 [EventQueue-PipelineReportForPipelineReportHandler] INFO  ha.SCMHAInvocationHandler (SCMHAInvocationHandler.java:invokeRatis(113)) - Invoking method public abstract void org.apache.hadoop.hdds.scm.pipeline.PipelineStateManager.updatePipelineState(org.apache.hadoop.hdds.protocol.proto.HddsProtos$PipelineID,org.apache.hadoop.hdds.protocol.proto.HddsProtos$PipelineState) throws java.io.IOException on target org.apache.hadoop.hdds.scm.ha.SCMRatisServerImpl@15f9665f, cost 4389.76us
2022-01-18 14:48:44,920 [EventQueue-OpenPipelineForHealthyPipelineSafeModeRule] INFO  safemode.SCMSafeModeManager (HealthyPipelineSafeModeRule.java:process(124)) - SCM in safe mode. Healthy pipelines reported count is 0, required healthy pipeline reported count is 1
2022-01-18 14:48:44,920 [pool-262-thread-1] INFO  server.RaftServerConfigKeys (ConfUtils.java:logGet(44)) - raft.server.notification.no-leader.timeout = 300s (custom)
2022-01-18 14:48:44,920 [pool-262-thread-1] INFO  server.RaftServerConfigKeys (ConfUtils.java:logGet(44)) - raft.server.log.use.memory = false (default)
2022-01-18 14:48:44,920 [pool-262-thread-1] INFO  server.RaftServerConfigKeys (ConfUtils.java:logGet(44)) - raft.server.log.purge.gap = 1000000 (custom)
2022-01-18 14:48:44,920 [pool-262-thread-1] INFO  server.RaftServerConfigKeys (ConfUtils.java:logGet(44)) - raft.server.log.appender.buffer.byte-limit = 33554432 (custom)
2022-01-18 14:48:44,921 [pool-262-thread-1] INFO  server.RaftServerConfigKeys (ConfUtils.java:logGet(44)) - raft.server.log.segment.size.max = 1048576 (custom)
2022-01-18 14:48:44,921 [pool-262-thread-1] INFO  server.RaftServerConfigKeys (ConfUtils.java:logGet(44)) - raft.server.log.segment.cache.num.max = 2 (custom)
2022-01-18 14:48:44,921 [pool-262-thread-1] INFO  server.RaftServerConfigKeys (ConfUtils.java:logGet(44)) - raft.server.log.segment.cache.size.max = 200MB (=209715200) (default)
2022-01-18 14:48:44,921 [pool-262-thread-1] INFO  segmented.SegmentedRaftLogWorker (SegmentedRaftLogWorker.java:<init>(182)) - new a81a925a-6276-4e36-9bcf-91f1631c9c2f@group-E14B92C175C2-SegmentedRaftLogWorker for RaftStorageImpl:Storage Directory /home/runner/work/ozone/ozone/hadoop-ozone/integration-test/target/test-dir/MiniOzoneClusterImpl-0ccfa9de-752d-4e8f-9bbd-0e124a2d3e08/datanode-1/data/ratis/de59166d-2843-4ef3-aff3-e14b92c175c2
2022-01-18 14:48:44,921 [pool-262-thread-1] INFO  server.RaftServerConfigKeys (ConfUtils.java:logGet(44)) - raft.server.log.queue.byte-limit = 2147483647 (custom)
2022-01-18 14:48:44,921 [pool-262-thread-1] INFO  server.RaftServerConfigKeys (ConfUtils.java:logGet(44)) - raft.server.log.queue.element-limit = 1024 (custom)
2022-01-18 14:48:44,921 [pool-262-thread-1] INFO  server.RaftServerConfigKeys (ConfUtils.java:logGet(44)) - raft.server.log.segment.size.max = 1048576 (custom)
2022-01-18 14:48:44,921 [pool-262-thread-1] INFO  server.RaftServerConfigKeys (ConfUtils.java:logGet(44)) - raft.server.log.preallocated.size = 16384 (custom)
2022-01-18 14:48:44,922 [pool-262-thread-1] INFO  server.RaftServerConfigKeys (ConfUtils.java:logGet(44)) - raft.server.log.force.sync.num = 128 (default)
2022-01-18 14:48:44,922 [pool-262-thread-1] INFO  server.RaftServerConfigKeys (ConfUtils.java:logGet(44)) - raft.server.log.statemachine.data.sync = true (default)
2022-01-18 14:48:44,922 [pool-262-thread-1] INFO  server.RaftServerConfigKeys (ConfUtils.java:logGet(44)) - raft.server.log.statemachine.data.sync.timeout = 10s (default)
2022-01-18 14:48:44,922 [pool-262-thread-1] INFO  server.RaftServerConfigKeys (ConfUtils.java:logGet(44)) - raft.server.log.statemachine.data.sync.timeout.retry = -1 (default)
2022-01-18 14:48:44,929 [pool-262-thread-1] INFO  server.RaftServerConfigKeys (ConfUtils.java:logGet(44)) - raft.server.log.write.buffer.size = 1048576 (custom)
2022-01-18 14:48:44,933 [pool-262-thread-1] INFO  server.RaftServerConfigKeys (ConfUtils.java:logGet(44)) - raft.server.log.statemachine.data.caching.enabled = true (custom)
2022-01-18 14:48:44,933 [pool-262-thread-1] INFO  segmented.SegmentedRaftLogWorker (SegmentedRaftLogWorker.java:lambda$new$0(133)) - a81a925a-6276-4e36-9bcf-91f1631c9c2f@group-E14B92C175C2-SegmentedRaftLogWorker: flushIndex: setUnconditionally 0 -> -1
2022-01-18 14:48:44,933 [pool-262-thread-1] INFO  segmented.SegmentedRaftLogWorker (SegmentedRaftLogWorker.java:lambda$new$0(133)) - a81a925a-6276-4e36-9bcf-91f1631c9c2f@group-E14B92C175C2-SegmentedRaftLogWorker: safeCacheEvictIndex: setUnconditionally 0 -> -1
2022-01-18 14:48:44,939 [pool-262-thread-1] INFO  server.RaftServerConfigKeys (ConfUtils.java:logGet(44)) - raft.server.snapshot.auto.trigger.enabled = true (custom)
2022-01-18 14:48:44,939 [pool-262-thread-1] INFO  server.RaftServerConfigKeys (ConfUtils.java:logGet(44)) - raft.server.snapshot.auto.trigger.threshold = 10000 (custom)
2022-01-18 14:48:44,939 [pool-262-thread-1] INFO  server.RaftServerConfigKeys (ConfUtils.java:logGet(44)) - raft.server.snapshot.retention.file.num = 5 (custom)
2022-01-18 14:48:44,940 [pool-262-thread-1] INFO  server.RaftServerConfigKeys (ConfUtils.java:logGet(44)) - raft.server.log.purge.upto.snapshot.index = false (default)
2022-01-18 14:48:44,940 [pool-262-thread-1] INFO  server.RaftServerConfigKeys (ConfUtils.java:logGet(44)) - raft.server.retrycache.expirytime = 600000ms (custom)
2022-01-18 14:48:44,940 [pool-262-thread-1] INFO  server.RaftServerConfigKeys (ConfUtils.java:logGet(44)) - raft.server.retrycache.statistics.expirytime = 100μs (default)
2022-01-18 14:48:44,941 [pool-262-thread-1] INFO  server.RaftServer$Division (RaftServerImpl.java:start(301)) - a81a925a-6276-4e36-9bcf-91f1631c9c2f@group-E14B92C175C2: start as a follower, conf=-1: [a81a925a-6276-4e36-9bcf-91f1631c9c2f|rpc:10.1.0.41:40475|priority:1], old=null
2022-01-18 14:48:44,941 [pool-262-thread-1] INFO  server.RaftServer$Division (RaftServerImpl.java:setRole(290)) - a81a925a-6276-4e36-9bcf-91f1631c9c2f@group-E14B92C175C2: changes role from      null to FOLLOWER at term 0 for startAsFollower
2022-01-18 14:48:44,941 [pool-262-thread-1] INFO  impl.RoleInfo (RoleInfo.java:updateAndGet(130)) - a81a925a-6276-4e36-9bcf-91f1631c9c2f: start a81a925a-6276-4e36-9bcf-91f1631c9c2f@group-E14B92C175C2-FollowerState
2022-01-18 14:48:44,945 [pool-262-thread-1] INFO  util.JmxRegister (JmxRegister.java:tryRegister(44)) - Successfully registered JMX Bean with object name Ratis:service=RaftServer,group=group-E14B92C175C2,id=a81a925a-6276-4e36-9bcf-91f1631c9c2f
2022-01-18 14:48:44,961 [Command processor thread] INFO  ratis.XceiverServerRatis (XceiverServerRatis.java:addGroup(768)) - Created group PipelineID=de59166d-2843-4ef3-aff3-e14b92c175c2
2022-01-18 14:48:44,961 [Command processor thread] INFO  commandhandler.CreatePipelineCommandHandler (CreatePipelineCommandHandler.java:handle(106)) - Created Pipeline RATIS ONE PipelineID=de59166d-2843-4ef3-aff3-e14b92c175c2.
2022-01-18 14:48:45,356 [Listener at 127.0.0.1/40135] INFO  ozone.MiniOzoneClusterImpl (MiniOzoneClusterImpl.java:lambda$waitForClusterToBeReady$0(219)) - Nodes are ready. Got 3 of 3 DN Heartbeats.
2022-01-18 14:48:45,356 [Listener at 127.0.0.1/40135] INFO  ozone.MiniOzoneClusterImpl (MiniOzoneClusterImpl.java:lambda$waitForClusterToBeReady$0(222)) - Waiting for cluster to exit safe mode
2022-01-18 14:48:45,356 [Listener at 127.0.0.1/40135] INFO  ozone.MiniOzoneClusterImpl (MiniOzoneClusterImpl.java:lambda$waitForClusterToBeReady$0(224)) - SCM became leader
2022-01-18 14:48:45,387 [Command processor thread] INFO  server.RaftServer (RaftServerProxy.java:addNew(95)) - beb67d5c-35ba-4f4b-ba77-131041920502: addNew group-67BF4967DAB7:[beb67d5c-35ba-4f4b-ba77-131041920502|rpc:10.1.0.41:36345|priority:1] returns group-67BF4967DAB7:java.util.concurrent.CompletableFuture@494efd59[Not completed]
2022-01-18 14:48:45,388 [pool-283-thread-1] INFO  server.RaftServer$Division (RaftServerImpl.java:<init>(184)) - beb67d5c-35ba-4f4b-ba77-131041920502: new RaftServerImpl for group-67BF4967DAB7:[beb67d5c-35ba-4f4b-ba77-131041920502|rpc:10.1.0.41:36345|priority:1] with ContainerStateMachine:uninitialized
2022-01-18 14:48:45,388 [pool-283-thread-1] INFO  server.RaftServerConfigKeys (ConfUtils.java:logGet(44)) - raft.server.rpc.timeout.min = 5s (custom)
2022-01-18 14:48:45,388 [pool-283-thread-1] INFO  server.RaftServerConfigKeys (ConfUtils.java:logGet(44)) - raft.server.rpc.timeout.max = 5200ms (custom)
2022-01-18 14:48:45,388 [pool-283-thread-1] INFO  server.RaftServerConfigKeys (ConfUtils.java:logGet(44)) - raft.server.rpc.sleep.time = 25ms (default)
2022-01-18 14:48:45,388 [pool-283-thread-1] INFO  server.RaftServerConfigKeys (ConfUtils.java:logGet(44)) - raft.server.rpc.slowness.timeout = 300s (custom)
2022-01-18 14:48:45,388 [pool-283-thread-1] INFO  server.RaftServerConfigKeys (ConfUtils.java:logGet(44)) - raft.server.leaderelection.leader.step-down.wait-time = 10s (default)
2022-01-18 14:48:45,388 [pool-283-thread-1] INFO  server.RaftServerConfigKeys (ConfUtils.java:logGet(44)) - raft.server.sleep.deviation.threshold = 300ms (default)
2022-01-18 14:48:45,389 [pool-283-thread-1] INFO  server.RaftServerConfigKeys (ConfUtils.java:logGet(44)) - raft.server.log.appender.install.snapshot.enabled = false (custom)
2022-01-18 14:48:45,389 [pool-283-thread-1] INFO  server.RaftServer$Division (ServerState.java:<init>(105)) - beb67d5c-35ba-4f4b-ba77-131041920502@group-67BF4967DAB7: ConfigurationManager, init=-1: [beb67d5c-35ba-4f4b-ba77-131041920502|rpc:10.1.0.41:36345|priority:1], old=null, confs=<EMPTY_MAP>
2022-01-18 14:48:45,389 [pool-283-thread-1] INFO  server.RaftServerConfigKeys (ConfUtils.java:logGet(44)) - raft.server.storage.dir = [/home/runner/work/ozone/ozone/hadoop-ozone/integration-test/target/test-dir/MiniOzoneClusterImpl-0ccfa9de-752d-4e8f-9bbd-0e124a2d3e08/datanode-2/data/ratis] (custom)
2022-01-18 14:48:45,389 [pool-283-thread-1] INFO  server.RaftServerConfigKeys (ConfUtils.java:logGet(44)) - raft.server.log.corruption.policy = EXCEPTION (default)
2022-01-18 14:48:45,389 [pool-283-thread-1] INFO  server.RaftServerConfigKeys (ConfUtils.java:logGet(44)) - raft.server.storage.free-space.min = 0MB (=0) (default)
2022-01-18 14:48:45,389 [pool-283-thread-1] INFO  storage.RaftStorageDirectory (RaftStorageDirectoryImpl.java:analyzeStorage(135)) - The storage directory /home/runner/work/ozone/ozone/hadoop-ozone/integration-test/target/test-dir/MiniOzoneClusterImpl-0ccfa9de-752d-4e8f-9bbd-0e124a2d3e08/datanode-2/data/ratis/17529bbf-9c81-4d5a-8fba-67bf4967dab7 does not exist. Creating ...
2022-01-18 14:48:45,391 [pool-283-thread-1] INFO  storage.RaftStorageDirectory (RaftStorageDirectoryImpl.java:tryLock(230)) - Lock on /home/runner/work/ozone/ozone/hadoop-ozone/integration-test/target/test-dir/MiniOzoneClusterImpl-0ccfa9de-752d-4e8f-9bbd-0e124a2d3e08/datanode-2/data/ratis/17529bbf-9c81-4d5a-8fba-67bf4967dab7/in_use.lock acquired by nodename 22330@fv-az151-72
2022-01-18 14:48:45,393 [pool-283-thread-1] INFO  storage.RaftStorage (RaftStorageImpl.java:format(89)) - Storage directory /home/runner/work/ozone/ozone/hadoop-ozone/integration-test/target/test-dir/MiniOzoneClusterImpl-0ccfa9de-752d-4e8f-9bbd-0e124a2d3e08/datanode-2/data/ratis/17529bbf-9c81-4d5a-8fba-67bf4967dab7 has been successfully formatted.
2022-01-18 14:48:45,393 [pool-283-thread-1] INFO  ratis.ContainerStateMachine (ContainerStateMachine.java:loadSnapshot(231)) - group-67BF4967DAB7: The snapshot info is null. Setting the last applied indexto:(t:0, i:~)
2022-01-18 14:48:45,393 [pool-283-thread-1] INFO  server.RaftServerConfigKeys (ConfUtils.java:logGet(44)) - raft.server.notification.no-leader.timeout = 300s (custom)
2022-01-18 14:48:45,394 [pool-283-thread-1] INFO  server.RaftServerConfigKeys (ConfUtils.java:logGet(44)) - raft.server.log.use.memory = false (default)
2022-01-18 14:48:45,394 [pool-283-thread-1] INFO  server.RaftServerConfigKeys (ConfUtils.java:logGet(44)) - raft.server.log.purge.gap = 1000000 (custom)
2022-01-18 14:48:45,394 [pool-283-thread-1] INFO  server.RaftServerConfigKeys (ConfUtils.java:logGet(44)) - raft.server.log.appender.buffer.byte-limit = 33554432 (custom)
2022-01-18 14:48:45,394 [pool-283-thread-1] INFO  server.RaftServerConfigKeys (ConfUtils.java:logGet(44)) - raft.server.log.segment.size.max = 1048576 (custom)
2022-01-18 14:48:45,395 [EventQueue-PipelineReportForPipelineReportHandler] INFO  pipeline.PipelineManagerImpl (PipelineManagerImpl.java:openPipeline(291)) - Pipeline Pipeline[ Id: 17529bbf-9c81-4d5a-8fba-67bf4967dab7, Nodes: beb67d5c-35ba-4f4b-ba77-131041920502{ip: 10.1.0.41, host: fv-az151-72.yf2hydr00wburbhx3j5hxtcipe.bx.internal.cloudapp.net, ports: [REPLICATION=35197, RATIS=36345, RATIS_ADMIN=36345, RATIS_SERVER=36345, STANDALONE=34817], networkLocation: /default-rack, certSerialId: null, persistedOpState: IN_SERVICE, persistedOpStateExpiryEpochSec: 0}, ReplicationConfig: RATIS/ONE, State:ALLOCATED, leaderId:beb67d5c-35ba-4f4b-ba77-131041920502, CreationTimestamp2022-01-18T14:48:42.390Z[Etc/UTC]] moved to OPEN state
2022-01-18 14:48:45,400 [4a5d2158-d864-4e23-92c4-2f293c65e9a1@group-0E124A2D3E08-StateMachineUpdater] INFO  safemode.HealthyPipelineSafeModeRule (HealthyPipelineSafeModeRule.java:initializeRule(152)) - Refreshed total pipeline count is 0, healthy pipeline threshold count is 1
2022-01-18 14:48:45,401 [EventQueue-PipelineReportForPipelineReportHandler] INFO  ha.SCMHAInvocationHandler (SCMHAInvocationHandler.java:invokeRatis(113)) - Invoking method public abstract void org.apache.hadoop.hdds.scm.pipeline.PipelineStateManager.updatePipelineState(org.apache.hadoop.hdds.protocol.proto.HddsProtos$PipelineID,org.apache.hadoop.hdds.protocol.proto.HddsProtos$PipelineState) throws java.io.IOException on target org.apache.hadoop.hdds.scm.ha.SCMRatisServerImpl@15f9665f, cost 2905.572us
2022-01-18 14:48:45,402 [EventQueue-OpenPipelineForHealthyPipelineSafeModeRule] INFO  safemode.SCMSafeModeManager (HealthyPipelineSafeModeRule.java:process(124)) - SCM in safe mode. Healthy pipelines reported count is 0, required healthy pipeline reported count is 1
2022-01-18 14:48:45,404 [pool-283-thread-1] INFO  server.RaftServerConfigKeys (ConfUtils.java:logGet(44)) - raft.server.log.segment.cache.num.max = 2 (custom)
2022-01-18 14:48:45,404 [pool-283-thread-1] INFO  server.RaftServerConfigKeys (ConfUtils.java:logGet(44)) - raft.server.log.segment.cache.size.max = 200MB (=209715200) (default)
2022-01-18 14:48:45,404 [pool-283-thread-1] INFO  segmented.SegmentedRaftLogWorker (SegmentedRaftLogWorker.java:<init>(182)) - new beb67d5c-35ba-4f4b-ba77-131041920502@group-67BF4967DAB7-SegmentedRaftLogWorker for RaftStorageImpl:Storage Directory /home/runner/work/ozone/ozone/hadoop-ozone/integration-test/target/test-dir/MiniOzoneClusterImpl-0ccfa9de-752d-4e8f-9bbd-0e124a2d3e08/datanode-2/data/ratis/17529bbf-9c81-4d5a-8fba-67bf4967dab7
2022-01-18 14:48:45,405 [pool-283-thread-1] INFO  server.RaftServerConfigKeys (ConfUtils.java:logGet(44)) - raft.server.log.queue.byte-limit = 2147483647 (custom)
2022-01-18 14:48:45,405 [pool-283-thread-1] INFO  server.RaftServerConfigKeys (ConfUtils.java:logGet(44)) - raft.server.log.queue.element-limit = 1024 (custom)
2022-01-18 14:48:45,405 [pool-283-thread-1] INFO  server.RaftServerConfigKeys (ConfUtils.java:logGet(44)) - raft.server.log.segment.size.max = 1048576 (custom)
2022-01-18 14:48:45,405 [pool-283-thread-1] INFO  server.RaftServerConfigKeys (ConfUtils.java:logGet(44)) - raft.server.log.preallocated.size = 16384 (custom)
2022-01-18 14:48:45,405 [pool-283-thread-1] INFO  server.RaftServerConfigKeys (ConfUtils.java:logGet(44)) - raft.server.log.force.sync.num = 128 (default)
2022-01-18 14:48:45,405 [pool-283-thread-1] INFO  server.RaftServerConfigKeys (ConfUtils.java:logGet(44)) - raft.server.log.statemachine.data.sync = true (default)
2022-01-18 14:48:45,405 [pool-283-thread-1] INFO  server.RaftServerConfigKeys (ConfUtils.java:logGet(44)) - raft.server.log.statemachine.data.sync.timeout = 10s (default)
2022-01-18 14:48:45,405 [pool-283-thread-1] INFO  server.RaftServerConfigKeys (ConfUtils.java:logGet(44)) - raft.server.log.statemachine.data.sync.timeout.retry = -1 (default)
2022-01-18 14:48:45,406 [pool-283-thread-1] INFO  server.RaftServerConfigKeys (ConfUtils.java:logGet(44)) - raft.server.log.write.buffer.size = 1048576 (custom)
2022-01-18 14:48:45,410 [pool-283-thread-1] INFO  server.RaftServerConfigKeys (ConfUtils.java:logGet(44)) - raft.server.log.statemachine.data.caching.enabled = true (custom)
2022-01-18 14:48:45,410 [pool-283-thread-1] INFO  segmented.SegmentedRaftLogWorker (SegmentedRaftLogWorker.java:lambda$new$0(133)) - beb67d5c-35ba-4f4b-ba77-131041920502@group-67BF4967DAB7-SegmentedRaftLogWorker: flushIndex: setUnconditionally 0 -> -1
2022-01-18 14:48:45,410 [pool-283-thread-1] INFO  segmented.SegmentedRaftLogWorker (SegmentedRaftLogWorker.java:lambda$new$0(133)) - beb67d5c-35ba-4f4b-ba77-131041920502@group-67BF4967DAB7-SegmentedRaftLogWorker: safeCacheEvictIndex: setUnconditionally 0 -> -1
2022-01-18 14:48:45,419 [pool-283-thread-1] INFO  server.RaftServerConfigKeys (ConfUtils.java:logGet(44)) - raft.server.snapshot.auto.trigger.enabled = true (custom)
2022-01-18 14:48:45,419 [pool-283-thread-1] INFO  server.RaftServerConfigKeys (ConfUtils.java:logGet(44)) - raft.server.snapshot.auto.trigger.threshold = 10000 (custom)
2022-01-18 14:48:45,420 [pool-283-thread-1] INFO  server.RaftServerConfigKeys (ConfUtils.java:logGet(44)) - raft.server.snapshot.retention.file.num = 5 (custom)
2022-01-18 14:48:45,420 [pool-283-thread-1] INFO  server.RaftServerConfigKeys (ConfUtils.java:logGet(44)) - raft.server.log.purge.upto.snapshot.index = false (default)
2022-01-18 14:48:45,420 [pool-283-thread-1] INFO  server.RaftServerConfigKeys (ConfUtils.java:logGet(44)) - raft.server.retrycache.expirytime = 600000ms (custom)
2022-01-18 14:48:45,420 [pool-283-thread-1] INFO  server.RaftServerConfigKeys (ConfUtils.java:logGet(44)) - raft.server.retrycache.statistics.expirytime = 100μs (default)
2022-01-18 14:48:45,421 [pool-283-thread-1] INFO  server.RaftServer$Division (RaftServerImpl.java:start(301)) - beb67d5c-35ba-4f4b-ba77-131041920502@group-67BF4967DAB7: start as a follower, conf=-1: [beb67d5c-35ba-4f4b-ba77-131041920502|rpc:10.1.0.41:36345|priority:1], old=null
2022-01-18 14:48:45,421 [pool-283-thread-1] INFO  server.RaftServer$Division (RaftServerImpl.java:setRole(290)) - beb67d5c-35ba-4f4b-ba77-131041920502@group-67BF4967DAB7: changes role from      null to FOLLOWER at term 0 for startAsFollower
2022-01-18 14:48:45,421 [pool-283-thread-1] INFO  impl.RoleInfo (RoleInfo.java:updateAndGet(130)) - beb67d5c-35ba-4f4b-ba77-131041920502: start beb67d5c-35ba-4f4b-ba77-131041920502@group-67BF4967DAB7-FollowerState
2022-01-18 14:48:45,430 [pool-283-thread-1] INFO  util.JmxRegister (JmxRegister.java:tryRegister(44)) - Successfully registered JMX Bean with object name Ratis:service=RaftServer,group=group-67BF4967DAB7,id=beb67d5c-35ba-4f4b-ba77-131041920502
2022-01-18 14:48:45,431 [Command processor thread] INFO  ratis.XceiverServerRatis (XceiverServerRatis.java:addGroup(768)) - Created group PipelineID=17529bbf-9c81-4d5a-8fba-67bf4967dab7
2022-01-18 14:48:45,431 [Command processor thread] INFO  commandhandler.CreatePipelineCommandHandler (CreatePipelineCommandHandler.java:handle(106)) - Created Pipeline RATIS ONE PipelineID=17529bbf-9c81-4d5a-8fba-67bf4967dab7.
2022-01-18 14:48:46,356 [Listener at 127.0.0.1/40135] INFO  ozone.MiniOzoneClusterImpl (MiniOzoneClusterImpl.java:lambda$waitForClusterToBeReady$0(219)) - Nodes are ready. Got 3 of 3 DN Heartbeats.
2022-01-18 14:48:46,357 [Listener at 127.0.0.1/40135] INFO  ozone.MiniOzoneClusterImpl (MiniOzoneClusterImpl.java:lambda$waitForClusterToBeReady$0(222)) - Waiting for cluster to exit safe mode
2022-01-18 14:48:46,357 [Listener at 127.0.0.1/40135] INFO  ozone.MiniOzoneClusterImpl (MiniOzoneClusterImpl.java:lambda$waitForClusterToBeReady$0(224)) - SCM became leader
2022-01-18 14:48:47,357 [Listener at 127.0.0.1/40135] INFO  ozone.MiniOzoneClusterImpl (MiniOzoneClusterImpl.java:lambda$waitForClusterToBeReady$0(219)) - Nodes are ready. Got 3 of 3 DN Heartbeats.
2022-01-18 14:48:47,357 [Listener at 127.0.0.1/40135] INFO  ozone.MiniOzoneClusterImpl (MiniOzoneClusterImpl.java:lambda$waitForClusterToBeReady$0(222)) - Waiting for cluster to exit safe mode
2022-01-18 14:48:47,357 [Listener at 127.0.0.1/40135] INFO  ozone.MiniOzoneClusterImpl (MiniOzoneClusterImpl.java:lambda$waitForClusterToBeReady$0(224)) - SCM became leader
2022-01-18 14:48:48,357 [Listener at 127.0.0.1/40135] INFO  ozone.MiniOzoneClusterImpl (MiniOzoneClusterImpl.java:lambda$waitForClusterToBeReady$0(219)) - Nodes are ready. Got 3 of 3 DN Heartbeats.
2022-01-18 14:48:48,358 [Listener at 127.0.0.1/40135] INFO  ozone.MiniOzoneClusterImpl (MiniOzoneClusterImpl.java:lambda$waitForClusterToBeReady$0(222)) - Waiting for cluster to exit safe mode
2022-01-18 14:48:48,358 [Listener at 127.0.0.1/40135] INFO  ozone.MiniOzoneClusterImpl (MiniOzoneClusterImpl.java:lambda$waitForClusterToBeReady$0(224)) - SCM became leader
2022-01-18 14:48:49,358 [Listener at 127.0.0.1/40135] INFO  ozone.MiniOzoneClusterImpl (MiniOzoneClusterImpl.java:lambda$waitForClusterToBeReady$0(219)) - Nodes are ready. Got 3 of 3 DN Heartbeats.
2022-01-18 14:48:49,358 [Listener at 127.0.0.1/40135] INFO  ozone.MiniOzoneClusterImpl (MiniOzoneClusterImpl.java:lambda$waitForClusterToBeReady$0(222)) - Waiting for cluster to exit safe mode
2022-01-18 14:48:49,358 [Listener at 127.0.0.1/40135] INFO  ozone.MiniOzoneClusterImpl (MiniOzoneClusterImpl.java:lambda$waitForClusterToBeReady$0(224)) - SCM became leader
2022-01-18 14:48:49,446 [f0baeb8c-e6d1-47f5-b4e1-5ba393635f6f@group-E617BB2EE5DD-FollowerState] INFO  impl.FollowerState (FollowerState.java:run(134)) - f0baeb8c-e6d1-47f5-b4e1-5ba393635f6f@group-E617BB2EE5DD-FollowerState: change to CANDIDATE, lastRpcElapsedTime:5175701235ns, electionTimeout:5152ms
2022-01-18 14:48:49,446 [f0baeb8c-e6d1-47f5-b4e1-5ba393635f6f@group-E617BB2EE5DD-FollowerState] INFO  impl.RoleInfo (RoleInfo.java:shutdownFollowerState(108)) - f0baeb8c-e6d1-47f5-b4e1-5ba393635f6f: shutdown f0baeb8c-e6d1-47f5-b4e1-5ba393635f6f@group-E617BB2EE5DD-FollowerState
2022-01-18 14:48:49,446 [f0baeb8c-e6d1-47f5-b4e1-5ba393635f6f@group-E617BB2EE5DD-FollowerState] INFO  server.RaftServer$Division (RaftServerImpl.java:setRole(290)) - f0baeb8c-e6d1-47f5-b4e1-5ba393635f6f@group-E617BB2EE5DD: changes role from  FOLLOWER to CANDIDATE at term 0 for changeToCandidate
2022-01-18 14:48:49,446 [f0baeb8c-e6d1-47f5-b4e1-5ba393635f6f@group-E617BB2EE5DD-FollowerState] INFO  server.RaftServerConfigKeys (ConfUtils.java:logGet(44)) - raft.server.leaderelection.pre-vote = false (custom)
2022-01-18 14:48:49,446 [f0baeb8c-e6d1-47f5-b4e1-5ba393635f6f@group-E617BB2EE5DD-FollowerState] INFO  impl.RoleInfo (RoleInfo.java:updateAndGet(130)) - f0baeb8c-e6d1-47f5-b4e1-5ba393635f6f: start f0baeb8c-e6d1-47f5-b4e1-5ba393635f6f@group-E617BB2EE5DD-LeaderElection18
2022-01-18 14:48:49,459 [f0baeb8c-e6d1-47f5-b4e1-5ba393635f6f@group-E617BB2EE5DD-LeaderElection18] INFO  impl.LeaderElection (LeaderElection.java:askForVotes(306)) - f0baeb8c-e6d1-47f5-b4e1-5ba393635f6f@group-E617BB2EE5DD-LeaderElection18 ELECTION round 0: submit vote requests at term 1 for -1: [f0baeb8c-e6d1-47f5-b4e1-5ba393635f6f|rpc:10.1.0.41:43293|priority:1], old=null
2022-01-18 14:48:49,459 [f0baeb8c-e6d1-47f5-b4e1-5ba393635f6f@group-E617BB2EE5DD-LeaderElection18] INFO  impl.LeaderElection (LeaderElection.java:askForVotes(308)) - f0baeb8c-e6d1-47f5-b4e1-5ba393635f6f@group-E617BB2EE5DD-LeaderElection18 ELECTION round 0: result PASSED (term=1)
2022-01-18 14:48:49,459 [f0baeb8c-e6d1-47f5-b4e1-5ba393635f6f@group-E617BB2EE5DD-LeaderElection18] INFO  impl.RoleInfo (RoleInfo.java:shutdownLeaderElection(121)) - f0baeb8c-e6d1-47f5-b4e1-5ba393635f6f: shutdown f0baeb8c-e6d1-47f5-b4e1-5ba393635f6f@group-E617BB2EE5DD-LeaderElection18
2022-01-18 14:48:49,459 [f0baeb8c-e6d1-47f5-b4e1-5ba393635f6f@group-E617BB2EE5DD-LeaderElection18] INFO  server.RaftServer$Division (RaftServerImpl.java:setRole(290)) - f0baeb8c-e6d1-47f5-b4e1-5ba393635f6f@group-E617BB2EE5DD: changes role from CANDIDATE to LEADER at term 1 for changeToLeader
2022-01-18 14:48:49,459 [f0baeb8c-e6d1-47f5-b4e1-5ba393635f6f@group-E617BB2EE5DD-LeaderElection18] INFO  ratis.XceiverServerRatis (XceiverServerRatis.java:handleLeaderChangedNotification(866)) - Leader change notification received for group: group-E617BB2EE5DD with new leaderId: f0baeb8c-e6d1-47f5-b4e1-5ba393635f6f
2022-01-18 14:48:49,459 [f0baeb8c-e6d1-47f5-b4e1-5ba393635f6f@group-E617BB2EE5DD-LeaderElection18] INFO  server.RaftServer$Division (ServerState.java:setLeader(285)) - f0baeb8c-e6d1-47f5-b4e1-5ba393635f6f@group-E617BB2EE5DD: change Leader from null to f0baeb8c-e6d1-47f5-b4e1-5ba393635f6f at term 1 for becomeLeader, leader elected after 5207ms
2022-01-18 14:48:49,459 [f0baeb8c-e6d1-47f5-b4e1-5ba393635f6f@group-E617BB2EE5DD-LeaderElection18] INFO  server.RaftServerConfigKeys (ConfUtils.java:logGet(44)) - raft.server.staging.catchup.gap = 1000 (default)
2022-01-18 14:48:49,460 [f0baeb8c-e6d1-47f5-b4e1-5ba393635f6f@group-E617BB2EE5DD-LeaderElection18] INFO  server.RaftServerConfigKeys (ConfUtils.java:logGet(44)) - raft.server.write.element-limit = 1024 (custom)
2022-01-18 14:48:49,460 [f0baeb8c-e6d1-47f5-b4e1-5ba393635f6f@group-E617BB2EE5DD-LeaderElection18] INFO  server.RaftServerConfigKeys (ConfUtils.java:logGet(44)) - raft.server.write.byte-limit = 1024 M (=1073741824) (custom)
2022-01-18 14:48:49,460 [f0baeb8c-e6d1-47f5-b4e1-5ba393635f6f@group-E617BB2EE5DD-LeaderElection18] INFO  server.RaftServerConfigKeys (ConfUtils.java:logGet(44)) - raft.server.watch.timeout = 180s (custom)
2022-01-18 14:48:49,460 [f0baeb8c-e6d1-47f5-b4e1-5ba393635f6f@group-E617BB2EE5DD-LeaderElection18] INFO  server.RaftServerConfigKeys (ConfUtils.java:logGet(44)) - raft.server.watch.timeout.denomination = 1s (default)
2022-01-18 14:48:49,460 [f0baeb8c-e6d1-47f5-b4e1-5ba393635f6f@group-E617BB2EE5DD-LeaderElection18] INFO  server.RaftServerConfigKeys (ConfUtils.java:logGet(44)) - raft.server.watch.element-limit = 65536 (default)
2022-01-18 14:48:49,460 [f0baeb8c-e6d1-47f5-b4e1-5ba393635f6f@group-E617BB2EE5DD-LeaderElection18] INFO  server.RaftServerConfigKeys (ConfUtils.java:logGet(44)) - raft.server.write.element-limit = 1024 (custom)
2022-01-18 14:48:49,460 [f0baeb8c-e6d1-47f5-b4e1-5ba393635f6f@group-E617BB2EE5DD-LeaderElection18] INFO  server.RaftServerConfigKeys (ConfUtils.java:logGet(44)) - raft.server.write.follower.gap.ratio.max = -1.0 (default)
2022-01-18 14:48:49,460 [f0baeb8c-e6d1-47f5-b4e1-5ba393635f6f@group-E617BB2EE5DD-LeaderElection18] INFO  impl.RoleInfo (RoleInfo.java:updateAndGet(130)) - f0baeb8c-e6d1-47f5-b4e1-5ba393635f6f: start f0baeb8c-e6d1-47f5-b4e1-5ba393635f6f@group-E617BB2EE5DD-LeaderStateImpl
2022-01-18 14:48:49,461 [f0baeb8c-e6d1-47f5-b4e1-5ba393635f6f@group-E617BB2EE5DD-LeaderElection18] INFO  segmented.SegmentedRaftLogWorker (SegmentedRaftLogWorker.java:startLogSegment(394)) - f0baeb8c-e6d1-47f5-b4e1-5ba393635f6f@group-E617BB2EE5DD-SegmentedRaftLogWorker: Starting segment from index:0
2022-01-18 14:48:49,463 [EventQueue-OpenPipelineForHealthyPipelineSafeModeRule] INFO  safemode.SCMSafeModeManager (HealthyPipelineSafeModeRule.java:process(124)) - SCM in safe mode. Healthy pipelines reported count is 0, required healthy pipeline reported count is 1
2022-01-18 14:48:49,469 [f0baeb8c-e6d1-47f5-b4e1-5ba393635f6f@group-E617BB2EE5DD-SegmentedRaftLogWorker] INFO  segmented.SegmentedRaftLogWorker (SegmentedRaftLogWorker.java:execute(601)) - f0baeb8c-e6d1-47f5-b4e1-5ba393635f6f@group-E617BB2EE5DD-SegmentedRaftLogWorker: created new log segment /home/runner/work/ozone/ozone/hadoop-ozone/integration-test/target/test-dir/MiniOzoneClusterImpl-0ccfa9de-752d-4e8f-9bbd-0e124a2d3e08/datanode-0/data/ratis/90ce8d8a-bc3a-4bb9-9215-e617bb2ee5dd/current/log_inprogress_0
2022-01-18 14:48:49,477 [f0baeb8c-e6d1-47f5-b4e1-5ba393635f6f@group-E617BB2EE5DD-LeaderElection18] INFO  server.RaftServer$Division (ServerState.java:setRaftConf(387)) - f0baeb8c-e6d1-47f5-b4e1-5ba393635f6f@group-E617BB2EE5DD: set configuration 0: [f0baeb8c-e6d1-47f5-b4e1-5ba393635f6f|rpc:10.1.0.41:43293|dataStream:|priority:1], old=null
2022-01-18 14:48:49,494 [f0baeb8c-e6d1-47f5-b4e1-5ba393635f6f@group-C90ECADE688A-FollowerState] INFO  impl.FollowerState (FollowerState.java:run(134)) - f0baeb8c-e6d1-47f5-b4e1-5ba393635f6f@group-C90ECADE688A-FollowerState: change to CANDIDATE, lastRpcElapsedTime:5158752126ns, electionTimeout:5150ms
2022-01-18 14:48:49,495 [f0baeb8c-e6d1-47f5-b4e1-5ba393635f6f@group-C90ECADE688A-FollowerState] INFO  impl.RoleInfo (RoleInfo.java:shutdownFollowerState(108)) - f0baeb8c-e6d1-47f5-b4e1-5ba393635f6f: shutdown f0baeb8c-e6d1-47f5-b4e1-5ba393635f6f@group-C90ECADE688A-FollowerState
2022-01-18 14:48:49,495 [f0baeb8c-e6d1-47f5-b4e1-5ba393635f6f@group-C90ECADE688A-FollowerState] INFO  server.RaftServer$Division (RaftServerImpl.java:setRole(290)) - f0baeb8c-e6d1-47f5-b4e1-5ba393635f6f@group-C90ECADE688A: changes role from  FOLLOWER to CANDIDATE at term 0 for changeToCandidate
2022-01-18 14:48:49,495 [f0baeb8c-e6d1-47f5-b4e1-5ba393635f6f@group-C90ECADE688A-FollowerState] INFO  server.RaftServerConfigKeys (ConfUtils.java:logGet(44)) - raft.server.leaderelection.pre-vote = false (custom)
2022-01-18 14:48:49,495 [f0baeb8c-e6d1-47f5-b4e1-5ba393635f6f@group-C90ECADE688A-FollowerState] INFO  impl.RoleInfo (RoleInfo.java:updateAndGet(130)) - f0baeb8c-e6d1-47f5-b4e1-5ba393635f6f: start f0baeb8c-e6d1-47f5-b4e1-5ba393635f6f@group-C90ECADE688A-LeaderElection19
2022-01-18 14:48:49,533 [f0baeb8c-e6d1-47f5-b4e1-5ba393635f6f@group-C90ECADE688A-LeaderElection19] INFO  impl.LeaderElection (LeaderElection.java:askForVotes(306)) - f0baeb8c-e6d1-47f5-b4e1-5ba393635f6f@group-C90ECADE688A-LeaderElection19 ELECTION round 0: submit vote requests at term 1 for -1: [a81a925a-6276-4e36-9bcf-91f1631c9c2f|rpc:10.1.0.41:40475|priority:0, f0baeb8c-e6d1-47f5-b4e1-5ba393635f6f|rpc:10.1.0.41:43293|priority:0, beb67d5c-35ba-4f4b-ba77-131041920502|rpc:10.1.0.41:36345|priority:1], old=null
2022-01-18 14:48:49,571 [grpc-default-executor-3] INFO  server.RaftServer$Division (RaftServerImpl.java:requestVote(1046)) - a81a925a-6276-4e36-9bcf-91f1631c9c2f@group-C90ECADE688A: receive requestVote(ELECTION, f0baeb8c-e6d1-47f5-b4e1-5ba393635f6f, group-C90ECADE688A, 1, (t:0, i:0))
2022-01-18 14:48:49,571 [grpc-default-executor-3] INFO  impl.VoteContext (VoteContext.java:log(48)) - a81a925a-6276-4e36-9bcf-91f1631c9c2f@group-C90ECADE688A-FOLLOWER: accept ELECTION from f0baeb8c-e6d1-47f5-b4e1-5ba393635f6f: our priority 0 <= candidate's priority 0
2022-01-18 14:48:49,571 [grpc-default-executor-3] INFO  server.RaftServer$Division (RaftServerImpl.java:setRole(290)) - a81a925a-6276-4e36-9bcf-91f1631c9c2f@group-C90ECADE688A: changes role from  FOLLOWER to FOLLOWER at term 1 for candidate:f0baeb8c-e6d1-47f5-b4e1-5ba393635f6f
2022-01-18 14:48:49,571 [grpc-default-executor-3] INFO  impl.RoleInfo (RoleInfo.java:shutdownFollowerState(108)) - a81a925a-6276-4e36-9bcf-91f1631c9c2f: shutdown a81a925a-6276-4e36-9bcf-91f1631c9c2f@group-C90ECADE688A-FollowerState
2022-01-18 14:48:49,571 [grpc-default-executor-3] INFO  impl.RoleInfo (RoleInfo.java:updateAndGet(130)) - a81a925a-6276-4e36-9bcf-91f1631c9c2f: start a81a925a-6276-4e36-9bcf-91f1631c9c2f@group-C90ECADE688A-FollowerState
2022-01-18 14:48:49,571 [a81a925a-6276-4e36-9bcf-91f1631c9c2f@group-C90ECADE688A-FollowerState] INFO  impl.FollowerState (FollowerState.java:run(143)) - a81a925a-6276-4e36-9bcf-91f1631c9c2f@group-C90ECADE688A-FollowerState was interrupted: {}
java.lang.InterruptedException: sleep interrupted
	at java.lang.Thread.sleep(Native Method)
	at java.lang.Thread.sleep(Thread.java:340)
	at java.util.concurrent.TimeUnit.sleep(TimeUnit.java:386)
	at org.apache.ratis.util.TimeDuration.sleep(TimeDuration.java:324)
	at org.apache.ratis.util.TimeDuration.sleep(TimeDuration.java:309)
	at org.apache.ratis.server.impl.FollowerState.run(FollowerState.java:118)
2022-01-18 14:48:49,579 [grpc-default-executor-3] INFO  server.RaftServer$Division (RaftServerImpl.java:requestVote(1078)) - a81a925a-6276-4e36-9bcf-91f1631c9c2f@group-C90ECADE688A replies to ELECTION vote request: f0baeb8c-e6d1-47f5-b4e1-5ba393635f6f<-a81a925a-6276-4e36-9bcf-91f1631c9c2f#0:OK-t1. Peer's state: a81a925a-6276-4e36-9bcf-91f1631c9c2f@group-C90ECADE688A:t1, leader=null, voted=f0baeb8c-e6d1-47f5-b4e1-5ba393635f6f, raftlog=a81a925a-6276-4e36-9bcf-91f1631c9c2f@group-C90ECADE688A-SegmentedRaftLog:OPENED:c-1, conf=-1: [a81a925a-6276-4e36-9bcf-91f1631c9c2f|rpc:10.1.0.41:40475|dataStream:|priority:0, f0baeb8c-e6d1-47f5-b4e1-5ba393635f6f|rpc:10.1.0.41:43293|dataStream:|priority:0, beb67d5c-35ba-4f4b-ba77-131041920502|rpc:10.1.0.41:36345|dataStream:|priority:1], old=null
2022-01-18 14:48:49,602 [beb67d5c-35ba-4f4b-ba77-131041920502@group-C90ECADE688A-FollowerState] INFO  impl.FollowerState (FollowerState.java:run(134)) - beb67d5c-35ba-4f4b-ba77-131041920502@group-C90ECADE688A-FollowerState: change to CANDIDATE, lastRpcElapsedTime:5159049642ns, electionTimeout:5148ms
2022-01-18 14:48:49,602 [beb67d5c-35ba-4f4b-ba77-131041920502@group-C90ECADE688A-FollowerState] INFO  impl.RoleInfo (RoleInfo.java:shutdownFollowerState(108)) - beb67d5c-35ba-4f4b-ba77-131041920502: shutdown beb67d5c-35ba-4f4b-ba77-131041920502@group-C90ECADE688A-FollowerState
2022-01-18 14:48:49,603 [beb67d5c-35ba-4f4b-ba77-131041920502@group-C90ECADE688A-FollowerState] INFO  server.RaftServer$Division (RaftServerImpl.java:setRole(290)) - beb67d5c-35ba-4f4b-ba77-131041920502@group-C90ECADE688A: changes role from  FOLLOWER to CANDIDATE at term 0 for changeToCandidate
2022-01-18 14:48:49,603 [beb67d5c-35ba-4f4b-ba77-131041920502@group-C90ECADE688A-FollowerState] INFO  server.RaftServerConfigKeys (ConfUtils.java:logGet(44)) - raft.server.leaderelection.pre-vote = false (custom)
2022-01-18 14:48:49,603 [beb67d5c-35ba-4f4b-ba77-131041920502@group-C90ECADE688A-FollowerState] INFO  impl.RoleInfo (RoleInfo.java:updateAndGet(130)) - beb67d5c-35ba-4f4b-ba77-131041920502: start beb67d5c-35ba-4f4b-ba77-131041920502@group-C90ECADE688A-LeaderElection20
2022-01-18 14:48:49,625 [grpc-default-executor-3] INFO  server.RaftServer$Division (RaftServerImpl.java:requestVote(1046)) - beb67d5c-35ba-4f4b-ba77-131041920502@group-C90ECADE688A: receive requestVote(ELECTION, f0baeb8c-e6d1-47f5-b4e1-5ba393635f6f, group-C90ECADE688A, 1, (t:0, i:0))
2022-01-18 14:48:49,626 [grpc-default-executor-3] INFO  impl.VoteContext (VoteContext.java:log(48)) - beb67d5c-35ba-4f4b-ba77-131041920502@group-C90ECADE688A-CANDIDATE: reject ELECTION from f0baeb8c-e6d1-47f5-b4e1-5ba393635f6f: our priority 1 > candidate's priority 0
2022-01-18 14:48:49,627 [grpc-default-executor-3] INFO  server.RaftServer$Division (RaftServerImpl.java:setRole(290)) - beb67d5c-35ba-4f4b-ba77-131041920502@group-C90ECADE688A: changes role from CANDIDATE to FOLLOWER at term 1 for candidate:f0baeb8c-e6d1-47f5-b4e1-5ba393635f6f
2022-01-18 14:48:49,627 [grpc-default-executor-3] INFO  impl.RoleInfo (RoleInfo.java:shutdownLeaderElection(121)) - beb67d5c-35ba-4f4b-ba77-131041920502: shutdown beb67d5c-35ba-4f4b-ba77-131041920502@group-C90ECADE688A-LeaderElection20
2022-01-18 14:48:49,627 [grpc-default-executor-3] INFO  impl.RoleInfo (RoleInfo.java:updateAndGet(130)) - beb67d5c-35ba-4f4b-ba77-131041920502: start beb67d5c-35ba-4f4b-ba77-131041920502@group-C90ECADE688A-FollowerState
2022-01-18 14:48:49,636 [beb67d5c-35ba-4f4b-ba77-131041920502@group-C90ECADE688A-LeaderElection20] INFO  impl.LeaderElection (LeaderElection.java:run(230)) - beb67d5c-35ba-4f4b-ba77-131041920502@group-C90ECADE688A-LeaderElection20: skip running since this is already CLOSING
2022-01-18 14:48:49,637 [grpc-default-executor-3] INFO  server.RaftServer$Division (RaftServerImpl.java:requestVote(1078)) - beb67d5c-35ba-4f4b-ba77-131041920502@group-C90ECADE688A replies to ELECTION vote request: f0baeb8c-e6d1-47f5-b4e1-5ba393635f6f<-beb67d5c-35ba-4f4b-ba77-131041920502#0:FAIL-t1. Peer's state: beb67d5c-35ba-4f4b-ba77-131041920502@group-C90ECADE688A:t1, leader=null, voted=null, raftlog=beb67d5c-35ba-4f4b-ba77-131041920502@group-C90ECADE688A-SegmentedRaftLog:OPENED:c-1, conf=-1: [a81a925a-6276-4e36-9bcf-91f1631c9c2f|rpc:10.1.0.41:40475|dataStream:|priority:0, f0baeb8c-e6d1-47f5-b4e1-5ba393635f6f|rpc:10.1.0.41:43293|dataStream:|priority:0, beb67d5c-35ba-4f4b-ba77-131041920502|rpc:10.1.0.41:36345|dataStream:|priority:1], old=null
2022-01-18 14:48:49,645 [f0baeb8c-e6d1-47f5-b4e1-5ba393635f6f@group-C90ECADE688A-LeaderElection19] INFO  impl.LeaderElection (LeaderElection.java:logAndReturn(89)) - f0baeb8c-e6d1-47f5-b4e1-5ba393635f6f@group-C90ECADE688A-LeaderElection19: ELECTION REJECTED received 2 response(s) and 0 exception(s):
2022-01-18 14:48:49,645 [f0baeb8c-e6d1-47f5-b4e1-5ba393635f6f@group-C90ECADE688A-LeaderElection19] INFO  impl.LeaderElection (LeaderElection.java:logAndReturn(93)) -   Response 0: f0baeb8c-e6d1-47f5-b4e1-5ba393635f6f<-a81a925a-6276-4e36-9bcf-91f1631c9c2f#0:OK-t1
2022-01-18 14:48:49,646 [f0baeb8c-e6d1-47f5-b4e1-5ba393635f6f@group-C90ECADE688A-LeaderElection19] INFO  impl.LeaderElection (LeaderElection.java:logAndReturn(93)) -   Response 1: f0baeb8c-e6d1-47f5-b4e1-5ba393635f6f<-beb67d5c-35ba-4f4b-ba77-131041920502#0:FAIL-t1
2022-01-18 14:48:49,646 [f0baeb8c-e6d1-47f5-b4e1-5ba393635f6f@group-C90ECADE688A-LeaderElection19] INFO  impl.LeaderElection (LeaderElection.java:askForVotes(308)) - f0baeb8c-e6d1-47f5-b4e1-5ba393635f6f@group-C90ECADE688A-LeaderElection19 ELECTION round 0: result REJECTED
2022-01-18 14:48:49,646 [f0baeb8c-e6d1-47f5-b4e1-5ba393635f6f@group-C90ECADE688A-LeaderElection19] INFO  server.RaftServer$Division (RaftServerImpl.java:setRole(290)) - f0baeb8c-e6d1-47f5-b4e1-5ba393635f6f@group-C90ECADE688A: changes role from CANDIDATE to FOLLOWER at term 1 for REJECTED
2022-01-18 14:48:49,646 [f0baeb8c-e6d1-47f5-b4e1-5ba393635f6f@group-C90ECADE688A-LeaderElection19] INFO  impl.RoleInfo (RoleInfo.java:shutdownLeaderElection(121)) - f0baeb8c-e6d1-47f5-b4e1-5ba393635f6f: shutdown f0baeb8c-e6d1-47f5-b4e1-5ba393635f6f@group-C90ECADE688A-LeaderElection19
2022-01-18 14:48:49,646 [f0baeb8c-e6d1-47f5-b4e1-5ba393635f6f@group-C90ECADE688A-LeaderElection19] INFO  impl.RoleInfo (RoleInfo.java:updateAndGet(130)) - f0baeb8c-e6d1-47f5-b4e1-5ba393635f6f: start f0baeb8c-e6d1-47f5-b4e1-5ba393635f6f@group-C90ECADE688A-FollowerState
2022-01-18 14:48:50,146 [a81a925a-6276-4e36-9bcf-91f1631c9c2f@group-E14B92C175C2-FollowerState] INFO  impl.FollowerState (FollowerState.java:run(134)) - a81a925a-6276-4e36-9bcf-91f1631c9c2f@group-E14B92C175C2-FollowerState: change to CANDIDATE, lastRpcElapsedTime:5204300912ns, electionTimeout:5200ms
2022-01-18 14:48:50,147 [a81a925a-6276-4e36-9bcf-91f1631c9c2f@group-E14B92C175C2-FollowerState] INFO  impl.RoleInfo (RoleInfo.java:shutdownFollowerState(108)) - a81a925a-6276-4e36-9bcf-91f1631c9c2f: shutdown a81a925a-6276-4e36-9bcf-91f1631c9c2f@group-E14B92C175C2-FollowerState
2022-01-18 14:48:50,148 [a81a925a-6276-4e36-9bcf-91f1631c9c2f@group-E14B92C175C2-FollowerState] INFO  server.RaftServer$Division (RaftServerImpl.java:setRole(290)) - a81a925a-6276-4e36-9bcf-91f1631c9c2f@group-E14B92C175C2: changes role from  FOLLOWER to CANDIDATE at term 0 for changeToCandidate
2022-01-18 14:48:50,148 [a81a925a-6276-4e36-9bcf-91f1631c9c2f@group-E14B92C175C2-FollowerState] INFO  server.RaftServerConfigKeys (ConfUtils.java:logGet(44)) - raft.server.leaderelection.pre-vote = false (custom)
2022-01-18 14:48:50,148 [a81a925a-6276-4e36-9bcf-91f1631c9c2f@group-E14B92C175C2-FollowerState] INFO  impl.RoleInfo (RoleInfo.java:updateAndGet(130)) - a81a925a-6276-4e36-9bcf-91f1631c9c2f: start a81a925a-6276-4e36-9bcf-91f1631c9c2f@group-E14B92C175C2-LeaderElection21
2022-01-18 14:48:50,174 [a81a925a-6276-4e36-9bcf-91f1631c9c2f@group-E14B92C175C2-LeaderElection21] INFO  impl.LeaderElection (LeaderElection.java:askForVotes(306)) - a81a925a-6276-4e36-9bcf-91f1631c9c2f@group-E14B92C175C2-LeaderElection21 ELECTION round 0: submit vote requests at term 1 for -1: [a81a925a-6276-4e36-9bcf-91f1631c9c2f|rpc:10.1.0.41:40475|priority:1], old=null
2022-01-18 14:48:50,174 [a81a925a-6276-4e36-9bcf-91f1631c9c2f@group-E14B92C175C2-LeaderElection21] INFO  impl.LeaderElection (LeaderElection.java:askForVotes(308)) - a81a925a-6276-4e36-9bcf-91f1631c9c2f@group-E14B92C175C2-LeaderElection21 ELECTION round 0: result PASSED (term=1)
2022-01-18 14:48:50,174 [a81a925a-6276-4e36-9bcf-91f1631c9c2f@group-E14B92C175C2-LeaderElection21] INFO  impl.RoleInfo (RoleInfo.java:shutdownLeaderElection(121)) - a81a925a-6276-4e36-9bcf-91f1631c9c2f: shutdown a81a925a-6276-4e36-9bcf-91f1631c9c2f@group-E14B92C175C2-LeaderElection21
2022-01-18 14:48:50,175 [a81a925a-6276-4e36-9bcf-91f1631c9c2f@group-E14B92C175C2-LeaderElection21] INFO  server.RaftServer$Division (RaftServerImpl.java:setRole(290)) - a81a925a-6276-4e36-9bcf-91f1631c9c2f@group-E14B92C175C2: changes role from CANDIDATE to LEADER at term 1 for changeToLeader
2022-01-18 14:48:50,175 [a81a925a-6276-4e36-9bcf-91f1631c9c2f@group-E14B92C175C2-LeaderElection21] INFO  ratis.XceiverServerRatis (XceiverServerRatis.java:handleLeaderChangedNotification(866)) - Leader change notification received for group: group-E14B92C175C2 with new leaderId: a81a925a-6276-4e36-9bcf-91f1631c9c2f
2022-01-18 14:48:50,175 [a81a925a-6276-4e36-9bcf-91f1631c9c2f@group-E14B92C175C2-LeaderElection21] INFO  server.RaftServer$Division (ServerState.java:setLeader(285)) - a81a925a-6276-4e36-9bcf-91f1631c9c2f@group-E14B92C175C2: change Leader from null to a81a925a-6276-4e36-9bcf-91f1631c9c2f at term 1 for becomeLeader, leader elected after 5254ms
2022-01-18 14:48:50,175 [a81a925a-6276-4e36-9bcf-91f1631c9c2f@group-E14B92C175C2-LeaderElection21] INFO  server.RaftServerConfigKeys (ConfUtils.java:logGet(44)) - raft.server.staging.catchup.gap = 1000 (default)
2022-01-18 14:48:50,175 [a81a925a-6276-4e36-9bcf-91f1631c9c2f@group-E14B92C175C2-LeaderElection21] INFO  server.RaftServerConfigKeys (ConfUtils.java:logGet(44)) - raft.server.write.element-limit = 1024 (custom)
2022-01-18 14:48:50,175 [a81a925a-6276-4e36-9bcf-91f1631c9c2f@group-E14B92C175C2-LeaderElection21] INFO  server.RaftServerConfigKeys (ConfUtils.java:logGet(44)) - raft.server.write.byte-limit = 1024 M (=1073741824) (custom)
2022-01-18 14:48:50,176 [a81a925a-6276-4e36-9bcf-91f1631c9c2f@group-E14B92C175C2-LeaderElection21] INFO  server.RaftServerConfigKeys (ConfUtils.java:logGet(44)) - raft.server.watch.timeout = 180s (custom)
2022-01-18 14:48:50,176 [a81a925a-6276-4e36-9bcf-91f1631c9c2f@group-E14B92C175C2-LeaderElection21] INFO  server.RaftServerConfigKeys (ConfUtils.java:logGet(44)) - raft.server.watch.timeout.denomination = 1s (default)
2022-01-18 14:48:50,176 [a81a925a-6276-4e36-9bcf-91f1631c9c2f@group-E14B92C175C2-LeaderElection21] INFO  server.RaftServerConfigKeys (ConfUtils.java:logGet(44)) - raft.server.watch.element-limit = 65536 (default)
2022-01-18 14:48:50,176 [a81a925a-6276-4e36-9bcf-91f1631c9c2f@group-E14B92C175C2-LeaderElection21] INFO  server.RaftServerConfigKeys (ConfUtils.java:logGet(44)) - raft.server.write.element-limit = 1024 (custom)
2022-01-18 14:48:50,176 [a81a925a-6276-4e36-9bcf-91f1631c9c2f@group-E14B92C175C2-LeaderElection21] INFO  server.RaftServerConfigKeys (ConfUtils.java:logGet(44)) - raft.server.write.follower.gap.ratio.max = -1.0 (default)
2022-01-18 14:48:50,176 [a81a925a-6276-4e36-9bcf-91f1631c9c2f@group-E14B92C175C2-LeaderElection21] INFO  impl.RoleInfo (RoleInfo.java:updateAndGet(130)) - a81a925a-6276-4e36-9bcf-91f1631c9c2f: start a81a925a-6276-4e36-9bcf-91f1631c9c2f@group-E14B92C175C2-LeaderStateImpl
2022-01-18 14:48:50,176 [a81a925a-6276-4e36-9bcf-91f1631c9c2f@group-E14B92C175C2-LeaderElection21] INFO  segmented.SegmentedRaftLogWorker (SegmentedRaftLogWorker.java:startLogSegment(394)) - a81a925a-6276-4e36-9bcf-91f1631c9c2f@group-E14B92C175C2-SegmentedRaftLogWorker: Starting segment from index:0
2022-01-18 14:48:50,178 [a81a925a-6276-4e36-9bcf-91f1631c9c2f@group-E14B92C175C2-SegmentedRaftLogWorker] INFO  segmented.SegmentedRaftLogWorker (SegmentedRaftLogWorker.java:execute(601)) - a81a925a-6276-4e36-9bcf-91f1631c9c2f@group-E14B92C175C2-SegmentedRaftLogWorker: created new log segment /home/runner/work/ozone/ozone/hadoop-ozone/integration-test/target/test-dir/MiniOzoneClusterImpl-0ccfa9de-752d-4e8f-9bbd-0e124a2d3e08/datanode-1/data/ratis/de59166d-2843-4ef3-aff3-e14b92c175c2/current/log_inprogress_0
2022-01-18 14:48:50,180 [EventQueue-OpenPipelineForHealthyPipelineSafeModeRule] INFO  safemode.SCMSafeModeManager (HealthyPipelineSafeModeRule.java:process(124)) - SCM in safe mode. Healthy pipelines reported count is 0, required healthy pipeline reported count is 1
2022-01-18 14:48:50,188 [a81a925a-6276-4e36-9bcf-91f1631c9c2f@group-E14B92C175C2-LeaderElection21] INFO  server.RaftServer$Division (ServerState.java:setRaftConf(387)) - a81a925a-6276-4e36-9bcf-91f1631c9c2f@group-E14B92C175C2: set configuration 0: [a81a925a-6276-4e36-9bcf-91f1631c9c2f|rpc:10.1.0.41:40475|dataStream:|priority:1], old=null
2022-01-18 14:48:50,359 [Listener at 127.0.0.1/40135] INFO  ozone.MiniOzoneClusterImpl (MiniOzoneClusterImpl.java:lambda$waitForClusterToBeReady$0(219)) - Nodes are ready. Got 3 of 3 DN Heartbeats.
2022-01-18 14:48:50,359 [Listener at 127.0.0.1/40135] INFO  ozone.MiniOzoneClusterImpl (MiniOzoneClusterImpl.java:lambda$waitForClusterToBeReady$0(222)) - Waiting for cluster to exit safe mode
2022-01-18 14:48:50,359 [Listener at 127.0.0.1/40135] INFO  ozone.MiniOzoneClusterImpl (MiniOzoneClusterImpl.java:lambda$waitForClusterToBeReady$0(224)) - SCM became leader
2022-01-18 14:48:50,493 [beb67d5c-35ba-4f4b-ba77-131041920502@group-67BF4967DAB7-FollowerState] INFO  impl.FollowerState (FollowerState.java:run(134)) - beb67d5c-35ba-4f4b-ba77-131041920502@group-67BF4967DAB7-FollowerState: change to CANDIDATE, lastRpcElapsedTime:5071734531ns, electionTimeout:5060ms
2022-01-18 14:48:50,494 [beb67d5c-35ba-4f4b-ba77-131041920502@group-67BF4967DAB7-FollowerState] INFO  impl.RoleInfo (RoleInfo.java:shutdownFollowerState(108)) - beb67d5c-35ba-4f4b-ba77-131041920502: shutdown beb67d5c-35ba-4f4b-ba77-131041920502@group-67BF4967DAB7-FollowerState
2022-01-18 14:48:50,494 [beb67d5c-35ba-4f4b-ba77-131041920502@group-67BF4967DAB7-FollowerState] INFO  server.RaftServer$Division (RaftServerImpl.java:setRole(290)) - beb67d5c-35ba-4f4b-ba77-131041920502@group-67BF4967DAB7: changes role from  FOLLOWER to CANDIDATE at term 0 for changeToCandidate
2022-01-18 14:48:50,494 [beb67d5c-35ba-4f4b-ba77-131041920502@group-67BF4967DAB7-FollowerState] INFO  server.RaftServerConfigKeys (ConfUtils.java:logGet(44)) - raft.server.leaderelection.pre-vote = false (custom)
2022-01-18 14:48:50,494 [beb67d5c-35ba-4f4b-ba77-131041920502@group-67BF4967DAB7-FollowerState] INFO  impl.RoleInfo (RoleInfo.java:updateAndGet(130)) - beb67d5c-35ba-4f4b-ba77-131041920502: start beb67d5c-35ba-4f4b-ba77-131041920502@group-67BF4967DAB7-LeaderElection22
2022-01-18 14:48:50,515 [beb67d5c-35ba-4f4b-ba77-131041920502@group-67BF4967DAB7-LeaderElection22] INFO  impl.LeaderElection (LeaderElection.java:askForVotes(306)) - beb67d5c-35ba-4f4b-ba77-131041920502@group-67BF4967DAB7-LeaderElection22 ELECTION round 0: submit vote requests at term 1 for -1: [beb67d5c-35ba-4f4b-ba77-131041920502|rpc:10.1.0.41:36345|priority:1], old=null
2022-01-18 14:48:50,515 [beb67d5c-35ba-4f4b-ba77-131041920502@group-67BF4967DAB7-LeaderElection22] INFO  impl.LeaderElection (LeaderElection.java:askForVotes(308)) - beb67d5c-35ba-4f4b-ba77-131041920502@group-67BF4967DAB7-LeaderElection22 ELECTION round 0: result PASSED (term=1)
2022-01-18 14:48:50,515 [beb67d5c-35ba-4f4b-ba77-131041920502@group-67BF4967DAB7-LeaderElection22] INFO  impl.RoleInfo (RoleInfo.java:shutdownLeaderElection(121)) - beb67d5c-35ba-4f4b-ba77-131041920502: shutdown beb67d5c-35ba-4f4b-ba77-131041920502@group-67BF4967DAB7-LeaderElection22
2022-01-18 14:48:50,515 [beb67d5c-35ba-4f4b-ba77-131041920502@group-67BF4967DAB7-LeaderElection22] INFO  server.RaftServer$Division (RaftServerImpl.java:setRole(290)) - beb67d5c-35ba-4f4b-ba77-131041920502@group-67BF4967DAB7: changes role from CANDIDATE to LEADER at term 1 for changeToLeader
2022-01-18 14:48:50,515 [beb67d5c-35ba-4f4b-ba77-131041920502@group-67BF4967DAB7-LeaderElection22] INFO  ratis.XceiverServerRatis (XceiverServerRatis.java:handleLeaderChangedNotification(866)) - Leader change notification received for group: group-67BF4967DAB7 with new leaderId: beb67d5c-35ba-4f4b-ba77-131041920502
2022-01-18 14:48:50,515 [beb67d5c-35ba-4f4b-ba77-131041920502@group-67BF4967DAB7-LeaderElection22] INFO  server.RaftServer$Division (ServerState.java:setLeader(285)) - beb67d5c-35ba-4f4b-ba77-131041920502@group-67BF4967DAB7: change Leader from null to beb67d5c-35ba-4f4b-ba77-131041920502 at term 1 for becomeLeader, leader elected after 5121ms
2022-01-18 14:48:50,515 [beb67d5c-35ba-4f4b-ba77-131041920502@group-67BF4967DAB7-LeaderElection22] INFO  server.RaftServerConfigKeys (ConfUtils.java:logGet(44)) - raft.server.staging.catchup.gap = 1000 (default)
2022-01-18 14:48:50,515 [beb67d5c-35ba-4f4b-ba77-131041920502@group-67BF4967DAB7-LeaderElection22] INFO  server.RaftServerConfigKeys (ConfUtils.java:logGet(44)) - raft.server.write.element-limit = 1024 (custom)
2022-01-18 14:48:50,515 [beb67d5c-35ba-4f4b-ba77-131041920502@group-67BF4967DAB7-LeaderElection22] INFO  server.RaftServerConfigKeys (ConfUtils.java:logGet(44)) - raft.server.write.byte-limit = 1024 M (=1073741824) (custom)
2022-01-18 14:48:50,516 [beb67d5c-35ba-4f4b-ba77-131041920502@group-67BF4967DAB7-LeaderElection22] INFO  server.RaftServerConfigKeys (ConfUtils.java:logGet(44)) - raft.server.watch.timeout = 180s (custom)
2022-01-18 14:48:50,516 [beb67d5c-35ba-4f4b-ba77-131041920502@group-67BF4967DAB7-LeaderElection22] INFO  server.RaftServerConfigKeys (ConfUtils.java:logGet(44)) - raft.server.watch.timeout.denomination = 1s (default)
2022-01-18 14:48:50,516 [beb67d5c-35ba-4f4b-ba77-131041920502@group-67BF4967DAB7-LeaderElection22] INFO  server.RaftServerConfigKeys (ConfUtils.java:logGet(44)) - raft.server.watch.element-limit = 65536 (default)
2022-01-18 14:48:50,516 [beb67d5c-35ba-4f4b-ba77-131041920502@group-67BF4967DAB7-LeaderElection22] INFO  server.RaftServerConfigKeys (ConfUtils.java:logGet(44)) - raft.server.write.element-limit = 1024 (custom)
2022-01-18 14:48:50,517 [EventQueue-OpenPipelineForHealthyPipelineSafeModeRule] INFO  safemode.SCMSafeModeManager (HealthyPipelineSafeModeRule.java:process(124)) - SCM in safe mode. Healthy pipelines reported count is 0, required healthy pipeline reported count is 1
2022-01-18 14:48:50,519 [beb67d5c-35ba-4f4b-ba77-131041920502@group-67BF4967DAB7-LeaderElection22] INFO  server.RaftServerConfigKeys (ConfUtils.java:logGet(44)) - raft.server.write.follower.gap.ratio.max = -1.0 (default)
2022-01-18 14:48:50,519 [beb67d5c-35ba-4f4b-ba77-131041920502@group-67BF4967DAB7-LeaderElection22] INFO  impl.RoleInfo (RoleInfo.java:updateAndGet(130)) - beb67d5c-35ba-4f4b-ba77-131041920502: start beb67d5c-35ba-4f4b-ba77-131041920502@group-67BF4967DAB7-LeaderStateImpl
2022-01-18 14:48:50,519 [beb67d5c-35ba-4f4b-ba77-131041920502@group-67BF4967DAB7-LeaderElection22] INFO  segmented.SegmentedRaftLogWorker (SegmentedRaftLogWorker.java:startLogSegment(394)) - beb67d5c-35ba-4f4b-ba77-131041920502@group-67BF4967DAB7-SegmentedRaftLogWorker: Starting segment from index:0
2022-01-18 14:48:50,521 [beb67d5c-35ba-4f4b-ba77-131041920502@group-67BF4967DAB7-SegmentedRaftLogWorker] INFO  segmented.SegmentedRaftLogWorker (SegmentedRaftLogWorker.java:execute(601)) - beb67d5c-35ba-4f4b-ba77-131041920502@group-67BF4967DAB7-SegmentedRaftLogWorker: created new log segment /home/runner/work/ozone/ozone/hadoop-ozone/integration-test/target/test-dir/MiniOzoneClusterImpl-0ccfa9de-752d-4e8f-9bbd-0e124a2d3e08/datanode-2/data/ratis/17529bbf-9c81-4d5a-8fba-67bf4967dab7/current/log_inprogress_0
2022-01-18 14:48:50,532 [beb67d5c-35ba-4f4b-ba77-131041920502@group-67BF4967DAB7-LeaderElection22] INFO  server.RaftServer$Division (ServerState.java:setRaftConf(387)) - beb67d5c-35ba-4f4b-ba77-131041920502@group-67BF4967DAB7: set configuration 0: [beb67d5c-35ba-4f4b-ba77-131041920502|rpc:10.1.0.41:36345|dataStream:|priority:1], old=null
2022-01-18 14:48:51,359 [Listener at 127.0.0.1/40135] INFO  ozone.MiniOzoneClusterImpl (MiniOzoneClusterImpl.java:lambda$waitForClusterToBeReady$0(219)) - Nodes are ready. Got 3 of 3 DN Heartbeats.
2022-01-18 14:48:51,359 [Listener at 127.0.0.1/40135] INFO  ozone.MiniOzoneClusterImpl (MiniOzoneClusterImpl.java:lambda$waitForClusterToBeReady$0(222)) - Waiting for cluster to exit safe mode
2022-01-18 14:48:51,359 [Listener at 127.0.0.1/40135] INFO  ozone.MiniOzoneClusterImpl (MiniOzoneClusterImpl.java:lambda$waitForClusterToBeReady$0(224)) - SCM became leader
2022-01-18 14:48:52,360 [Listener at 127.0.0.1/40135] INFO  ozone.MiniOzoneClusterImpl (MiniOzoneClusterImpl.java:lambda$waitForClusterToBeReady$0(219)) - Nodes are ready. Got 3 of 3 DN Heartbeats.
2022-01-18 14:48:52,360 [Listener at 127.0.0.1/40135] INFO  ozone.MiniOzoneClusterImpl (MiniOzoneClusterImpl.java:lambda$waitForClusterToBeReady$0(222)) - Waiting for cluster to exit safe mode
2022-01-18 14:48:52,360 [Listener at 127.0.0.1/40135] INFO  ozone.MiniOzoneClusterImpl (MiniOzoneClusterImpl.java:lambda$waitForClusterToBeReady$0(224)) - SCM became leader
2022-01-18 14:48:53,360 [Listener at 127.0.0.1/40135] INFO  ozone.MiniOzoneClusterImpl (MiniOzoneClusterImpl.java:lambda$waitForClusterToBeReady$0(219)) - Nodes are ready. Got 3 of 3 DN Heartbeats.
2022-01-18 14:48:53,360 [Listener at 127.0.0.1/40135] INFO  ozone.MiniOzoneClusterImpl (MiniOzoneClusterImpl.java:lambda$waitForClusterToBeReady$0(222)) - Waiting for cluster to exit safe mode
2022-01-18 14:48:53,360 [Listener at 127.0.0.1/40135] INFO  ozone.MiniOzoneClusterImpl (MiniOzoneClusterImpl.java:lambda$waitForClusterToBeReady$0(224)) - SCM became leader
2022-01-18 14:48:54,361 [Listener at 127.0.0.1/40135] INFO  ozone.MiniOzoneClusterImpl (MiniOzoneClusterImpl.java:lambda$waitForClusterToBeReady$0(219)) - Nodes are ready. Got 3 of 3 DN Heartbeats.
2022-01-18 14:48:54,361 [Listener at 127.0.0.1/40135] INFO  ozone.MiniOzoneClusterImpl (MiniOzoneClusterImpl.java:lambda$waitForClusterToBeReady$0(222)) - Waiting for cluster to exit safe mode
2022-01-18 14:48:54,361 [Listener at 127.0.0.1/40135] INFO  ozone.MiniOzoneClusterImpl (MiniOzoneClusterImpl.java:lambda$waitForClusterToBeReady$0(224)) - SCM became leader
2022-01-18 14:48:54,712 [f0baeb8c-e6d1-47f5-b4e1-5ba393635f6f@group-C90ECADE688A-FollowerState] INFO  impl.FollowerState (FollowerState.java:run(134)) - f0baeb8c-e6d1-47f5-b4e1-5ba393635f6f@group-C90ECADE688A-FollowerState: change to CANDIDATE, lastRpcElapsedTime:5066699807ns, electionTimeout:5060ms
2022-01-18 14:48:54,713 [f0baeb8c-e6d1-47f5-b4e1-5ba393635f6f@group-C90ECADE688A-FollowerState] INFO  impl.RoleInfo (RoleInfo.java:shutdownFollowerState(108)) - f0baeb8c-e6d1-47f5-b4e1-5ba393635f6f: shutdown f0baeb8c-e6d1-47f5-b4e1-5ba393635f6f@group-C90ECADE688A-FollowerState
2022-01-18 14:48:54,713 [f0baeb8c-e6d1-47f5-b4e1-5ba393635f6f@group-C90ECADE688A-FollowerState] INFO  server.RaftServer$Division (RaftServerImpl.java:setRole(290)) - f0baeb8c-e6d1-47f5-b4e1-5ba393635f6f@group-C90ECADE688A: changes role from  FOLLOWER to CANDIDATE at term 1 for changeToCandidate
2022-01-18 14:48:54,713 [f0baeb8c-e6d1-47f5-b4e1-5ba393635f6f@group-C90ECADE688A-FollowerState] INFO  server.RaftServerConfigKeys (ConfUtils.java:logGet(44)) - raft.server.leaderelection.pre-vote = false (custom)
2022-01-18 14:48:54,713 [f0baeb8c-e6d1-47f5-b4e1-5ba393635f6f@group-C90ECADE688A-FollowerState] INFO  impl.RoleInfo (RoleInfo.java:updateAndGet(130)) - f0baeb8c-e6d1-47f5-b4e1-5ba393635f6f: start f0baeb8c-e6d1-47f5-b4e1-5ba393635f6f@group-C90ECADE688A-LeaderElection23
2022-01-18 14:48:54,739 [f0baeb8c-e6d1-47f5-b4e1-5ba393635f6f@group-C90ECADE688A-LeaderElection23] INFO  impl.LeaderElection (LeaderElection.java:askForVotes(306)) - f0baeb8c-e6d1-47f5-b4e1-5ba393635f6f@group-C90ECADE688A-LeaderElection23 ELECTION round 0: submit vote requests at term 2 for -1: [a81a925a-6276-4e36-9bcf-91f1631c9c2f|rpc:10.1.0.41:40475|priority:0, f0baeb8c-e6d1-47f5-b4e1-5ba393635f6f|rpc:10.1.0.41:43293|priority:0, beb67d5c-35ba-4f4b-ba77-131041920502|rpc:10.1.0.41:36345|priority:1], old=null
2022-01-18 14:48:54,768 [grpc-default-executor-3] INFO  server.RaftServer$Division (RaftServerImpl.java:requestVote(1046)) - a81a925a-6276-4e36-9bcf-91f1631c9c2f@group-C90ECADE688A: receive requestVote(ELECTION, f0baeb8c-e6d1-47f5-b4e1-5ba393635f6f, group-C90ECADE688A, 2, (t:0, i:0))
2022-01-18 14:48:54,768 [grpc-default-executor-3] INFO  impl.VoteContext (VoteContext.java:log(48)) - a81a925a-6276-4e36-9bcf-91f1631c9c2f@group-C90ECADE688A-FOLLOWER: accept ELECTION from f0baeb8c-e6d1-47f5-b4e1-5ba393635f6f: our priority 0 <= candidate's priority 0
2022-01-18 14:48:54,768 [grpc-default-executor-3] INFO  server.RaftServer$Division (RaftServerImpl.java:setRole(290)) - a81a925a-6276-4e36-9bcf-91f1631c9c2f@group-C90ECADE688A: changes role from  FOLLOWER to FOLLOWER at term 2 for candidate:f0baeb8c-e6d1-47f5-b4e1-5ba393635f6f
2022-01-18 14:48:54,768 [grpc-default-executor-3] INFO  impl.RoleInfo (RoleInfo.java:shutdownFollowerState(108)) - a81a925a-6276-4e36-9bcf-91f1631c9c2f: shutdown a81a925a-6276-4e36-9bcf-91f1631c9c2f@group-C90ECADE688A-FollowerState
2022-01-18 14:48:54,768 [grpc-default-executor-3] INFO  impl.RoleInfo (RoleInfo.java:updateAndGet(130)) - a81a925a-6276-4e36-9bcf-91f1631c9c2f: start a81a925a-6276-4e36-9bcf-91f1631c9c2f@group-C90ECADE688A-FollowerState
2022-01-18 14:48:54,768 [a81a925a-6276-4e36-9bcf-91f1631c9c2f@group-C90ECADE688A-FollowerState] INFO  impl.FollowerState (FollowerState.java:run(143)) - a81a925a-6276-4e36-9bcf-91f1631c9c2f@group-C90ECADE688A-FollowerState was interrupted: {}
java.lang.InterruptedException: sleep interrupted
	at java.lang.Thread.sleep(Native Method)
	at java.lang.Thread.sleep(Thread.java:340)
	at java.util.concurrent.TimeUnit.sleep(TimeUnit.java:386)
	at org.apache.ratis.util.TimeDuration.sleep(TimeDuration.java:324)
	at org.apache.ratis.util.TimeDuration.sleep(TimeDuration.java:309)
	at org.apache.ratis.server.impl.FollowerState.run(FollowerState.java:118)
2022-01-18 14:48:54,784 [grpc-default-executor-1] INFO  server.RaftServer$Division (RaftServerImpl.java:requestVote(1046)) - beb67d5c-35ba-4f4b-ba77-131041920502@group-C90ECADE688A: receive requestVote(ELECTION, f0baeb8c-e6d1-47f5-b4e1-5ba393635f6f, group-C90ECADE688A, 2, (t:0, i:0))
2022-01-18 14:48:54,784 [grpc-default-executor-1] INFO  impl.VoteContext (VoteContext.java:log(48)) - beb67d5c-35ba-4f4b-ba77-131041920502@group-C90ECADE688A-FOLLOWER: reject ELECTION from f0baeb8c-e6d1-47f5-b4e1-5ba393635f6f: our priority 1 > candidate's priority 0
2022-01-18 14:48:54,784 [grpc-default-executor-1] INFO  server.RaftServer$Division (RaftServerImpl.java:setRole(290)) - beb67d5c-35ba-4f4b-ba77-131041920502@group-C90ECADE688A: changes role from  FOLLOWER to FOLLOWER at term 2 for candidate:f0baeb8c-e6d1-47f5-b4e1-5ba393635f6f
2022-01-18 14:48:54,784 [grpc-default-executor-1] INFO  impl.RoleInfo (RoleInfo.java:shutdownFollowerState(108)) - beb67d5c-35ba-4f4b-ba77-131041920502: shutdown beb67d5c-35ba-4f4b-ba77-131041920502@group-C90ECADE688A-FollowerState
2022-01-18 14:48:54,784 [grpc-default-executor-1] INFO  impl.RoleInfo (RoleInfo.java:updateAndGet(130)) - beb67d5c-35ba-4f4b-ba77-131041920502: start beb67d5c-35ba-4f4b-ba77-131041920502@group-C90ECADE688A-FollowerState
2022-01-18 14:48:54,784 [beb67d5c-35ba-4f4b-ba77-131041920502@group-C90ECADE688A-FollowerState] INFO  impl.FollowerState (FollowerState.java:run(143)) - beb67d5c-35ba-4f4b-ba77-131041920502@group-C90ECADE688A-FollowerState was interrupted: {}
java.lang.InterruptedException: sleep interrupted
	at java.lang.Thread.sleep(Native Method)
	at java.lang.Thread.sleep(Thread.java:340)
	at java.util.concurrent.TimeUnit.sleep(TimeUnit.java:386)
	at org.apache.ratis.util.TimeDuration.sleep(TimeDuration.java:324)
	at org.apache.ratis.util.TimeDuration.sleep(TimeDuration.java:309)
	at org.apache.ratis.server.impl.FollowerState.run(FollowerState.java:118)
2022-01-18 14:48:54,790 [grpc-default-executor-3] INFO  server.RaftServer$Division (RaftServerImpl.java:requestVote(1078)) - a81a925a-6276-4e36-9bcf-91f1631c9c2f@group-C90ECADE688A replies to ELECTION vote request: f0baeb8c-e6d1-47f5-b4e1-5ba393635f6f<-a81a925a-6276-4e36-9bcf-91f1631c9c2f#0:OK-t2. Peer's state: a81a925a-6276-4e36-9bcf-91f1631c9c2f@group-C90ECADE688A:t2, leader=null, voted=f0baeb8c-e6d1-47f5-b4e1-5ba393635f6f, raftlog=a81a925a-6276-4e36-9bcf-91f1631c9c2f@group-C90ECADE688A-SegmentedRaftLog:OPENED:c-1, conf=-1: [a81a925a-6276-4e36-9bcf-91f1631c9c2f|rpc:10.1.0.41:40475|dataStream:|priority:0, f0baeb8c-e6d1-47f5-b4e1-5ba393635f6f|rpc:10.1.0.41:43293|dataStream:|priority:0, beb67d5c-35ba-4f4b-ba77-131041920502|rpc:10.1.0.41:36345|dataStream:|priority:1], old=null
2022-01-18 14:48:54,801 [grpc-default-executor-1] INFO  server.RaftServer$Division (RaftServerImpl.java:requestVote(1078)) - beb67d5c-35ba-4f4b-ba77-131041920502@group-C90ECADE688A replies to ELECTION vote request: f0baeb8c-e6d1-47f5-b4e1-5ba393635f6f<-beb67d5c-35ba-4f4b-ba77-131041920502#0:FAIL-t2. Peer's state: beb67d5c-35ba-4f4b-ba77-131041920502@group-C90ECADE688A:t2, leader=null, voted=null, raftlog=beb67d5c-35ba-4f4b-ba77-131041920502@group-C90ECADE688A-SegmentedRaftLog:OPENED:c-1, conf=-1: [a81a925a-6276-4e36-9bcf-91f1631c9c2f|rpc:10.1.0.41:40475|dataStream:|priority:0, f0baeb8c-e6d1-47f5-b4e1-5ba393635f6f|rpc:10.1.0.41:43293|dataStream:|priority:0, beb67d5c-35ba-4f4b-ba77-131041920502|rpc:10.1.0.41:36345|dataStream:|priority:1], old=null
2022-01-18 14:48:54,803 [f0baeb8c-e6d1-47f5-b4e1-5ba393635f6f@group-C90ECADE688A-LeaderElection23] INFO  impl.LeaderElection (LeaderElection.java:logAndReturn(89)) - f0baeb8c-e6d1-47f5-b4e1-5ba393635f6f@group-C90ECADE688A-LeaderElection23: ELECTION REJECTED received 2 response(s) and 0 exception(s):
2022-01-18 14:48:54,804 [f0baeb8c-e6d1-47f5-b4e1-5ba393635f6f@group-C90ECADE688A-LeaderElection23] INFO  impl.LeaderElection (LeaderElection.java:logAndReturn(93)) -   Response 0: f0baeb8c-e6d1-47f5-b4e1-5ba393635f6f<-a81a925a-6276-4e36-9bcf-91f1631c9c2f#0:OK-t2
2022-01-18 14:48:54,804 [f0baeb8c-e6d1-47f5-b4e1-5ba393635f6f@group-C90ECADE688A-LeaderElection23] INFO  impl.LeaderElection (LeaderElection.java:logAndReturn(93)) -   Response 1: f0baeb8c-e6d1-47f5-b4e1-5ba393635f6f<-beb67d5c-35ba-4f4b-ba77-131041920502#0:FAIL-t2
2022-01-18 14:48:54,804 [f0baeb8c-e6d1-47f5-b4e1-5ba393635f6f@group-C90ECADE688A-LeaderElection23] INFO  impl.LeaderElection (LeaderElection.java:askForVotes(308)) - f0baeb8c-e6d1-47f5-b4e1-5ba393635f6f@group-C90ECADE688A-LeaderElection23 ELECTION round 0: result REJECTED
2022-01-18 14:48:54,804 [f0baeb8c-e6d1-47f5-b4e1-5ba393635f6f@group-C90ECADE688A-LeaderElection23] INFO  server.RaftServer$Division (RaftServerImpl.java:setRole(290)) - f0baeb8c-e6d1-47f5-b4e1-5ba393635f6f@group-C90ECADE688A: changes role from CANDIDATE to FOLLOWER at term 2 for REJECTED
2022-01-18 14:48:54,804 [f0baeb8c-e6d1-47f5-b4e1-5ba393635f6f@group-C90ECADE688A-LeaderElection23] INFO  impl.RoleInfo (RoleInfo.java:shutdownLeaderElection(121)) - f0baeb8c-e6d1-47f5-b4e1-5ba393635f6f: shutdown f0baeb8c-e6d1-47f5-b4e1-5ba393635f6f@group-C90ECADE688A-LeaderElection23
2022-01-18 14:48:54,804 [f0baeb8c-e6d1-47f5-b4e1-5ba393635f6f@group-C90ECADE688A-LeaderElection23] INFO  impl.RoleInfo (RoleInfo.java:updateAndGet(130)) - f0baeb8c-e6d1-47f5-b4e1-5ba393635f6f: start f0baeb8c-e6d1-47f5-b4e1-5ba393635f6f@group-C90ECADE688A-FollowerState
2022-01-18 14:48:55,361 [Listener at 127.0.0.1/40135] INFO  ozone.MiniOzoneClusterImpl (MiniOzoneClusterImpl.java:lambda$waitForClusterToBeReady$0(219)) - Nodes are ready. Got 3 of 3 DN Heartbeats.
2022-01-18 14:48:55,362 [Listener at 127.0.0.1/40135] INFO  ozone.MiniOzoneClusterImpl (MiniOzoneClusterImpl.java:lambda$waitForClusterToBeReady$0(222)) - Waiting for cluster to exit safe mode
2022-01-18 14:48:55,362 [Listener at 127.0.0.1/40135] INFO  ozone.MiniOzoneClusterImpl (MiniOzoneClusterImpl.java:lambda$waitForClusterToBeReady$0(224)) - SCM became leader
2022-01-18 14:48:56,363 [Listener at 127.0.0.1/40135] INFO  ozone.MiniOzoneClusterImpl (MiniOzoneClusterImpl.java:lambda$waitForClusterToBeReady$0(219)) - Nodes are ready. Got 3 of 3 DN Heartbeats.
2022-01-18 14:48:56,363 [Listener at 127.0.0.1/40135] INFO  ozone.MiniOzoneClusterImpl (MiniOzoneClusterImpl.java:lambda$waitForClusterToBeReady$0(222)) - Waiting for cluster to exit safe mode
2022-01-18 14:48:56,363 [Listener at 127.0.0.1/40135] INFO  ozone.MiniOzoneClusterImpl (MiniOzoneClusterImpl.java:lambda$waitForClusterToBeReady$0(224)) - SCM became leader
2022-01-18 14:48:57,363 [Listener at 127.0.0.1/40135] INFO  ozone.MiniOzoneClusterImpl (MiniOzoneClusterImpl.java:lambda$waitForClusterToBeReady$0(219)) - Nodes are ready. Got 3 of 3 DN Heartbeats.
2022-01-18 14:48:57,364 [Listener at 127.0.0.1/40135] INFO  ozone.MiniOzoneClusterImpl (MiniOzoneClusterImpl.java:lambda$waitForClusterToBeReady$0(222)) - Waiting for cluster to exit safe mode
2022-01-18 14:48:57,364 [Listener at 127.0.0.1/40135] INFO  ozone.MiniOzoneClusterImpl (MiniOzoneClusterImpl.java:lambda$waitForClusterToBeReady$0(224)) - SCM became leader
2022-01-18 14:48:58,364 [Listener at 127.0.0.1/40135] INFO  ozone.MiniOzoneClusterImpl (MiniOzoneClusterImpl.java:lambda$waitForClusterToBeReady$0(219)) - Nodes are ready. Got 3 of 3 DN Heartbeats.
2022-01-18 14:48:58,364 [Listener at 127.0.0.1/40135] INFO  ozone.MiniOzoneClusterImpl (MiniOzoneClusterImpl.java:lambda$waitForClusterToBeReady$0(222)) - Waiting for cluster to exit safe mode
2022-01-18 14:48:58,364 [Listener at 127.0.0.1/40135] INFO  ozone.MiniOzoneClusterImpl (MiniOzoneClusterImpl.java:lambda$waitForClusterToBeReady$0(224)) - SCM became leader
2022-01-18 14:48:59,365 [Listener at 127.0.0.1/40135] INFO  ozone.MiniOzoneClusterImpl (MiniOzoneClusterImpl.java:lambda$waitForClusterToBeReady$0(219)) - Nodes are ready. Got 3 of 3 DN Heartbeats.
2022-01-18 14:48:59,365 [Listener at 127.0.0.1/40135] INFO  ozone.MiniOzoneClusterImpl (MiniOzoneClusterImpl.java:lambda$waitForClusterToBeReady$0(222)) - Waiting for cluster to exit safe mode
2022-01-18 14:48:59,365 [Listener at 127.0.0.1/40135] INFO  ozone.MiniOzoneClusterImpl (MiniOzoneClusterImpl.java:lambda$waitForClusterToBeReady$0(224)) - SCM became leader
2022-01-18 14:48:59,852 [a81a925a-6276-4e36-9bcf-91f1631c9c2f@group-C90ECADE688A-FollowerState] INFO  impl.FollowerState (FollowerState.java:run(134)) - a81a925a-6276-4e36-9bcf-91f1631c9c2f@group-C90ECADE688A-FollowerState: change to CANDIDATE, lastRpcElapsedTime:5061682459ns, electionTimeout:5058ms
2022-01-18 14:48:59,852 [a81a925a-6276-4e36-9bcf-91f1631c9c2f@group-C90ECADE688A-FollowerState] INFO  impl.RoleInfo (RoleInfo.java:shutdownFollowerState(108)) - a81a925a-6276-4e36-9bcf-91f1631c9c2f: shutdown a81a925a-6276-4e36-9bcf-91f1631c9c2f@group-C90ECADE688A-FollowerState
2022-01-18 14:48:59,852 [a81a925a-6276-4e36-9bcf-91f1631c9c2f@group-C90ECADE688A-FollowerState] INFO  server.RaftServer$Division (RaftServerImpl.java:setRole(290)) - a81a925a-6276-4e36-9bcf-91f1631c9c2f@group-C90ECADE688A: changes role from  FOLLOWER to CANDIDATE at term 2 for changeToCandidate
2022-01-18 14:48:59,852 [a81a925a-6276-4e36-9bcf-91f1631c9c2f@group-C90ECADE688A-FollowerState] INFO  server.RaftServerConfigKeys (ConfUtils.java:logGet(44)) - raft.server.leaderelection.pre-vote = false (custom)
2022-01-18 14:48:59,852 [a81a925a-6276-4e36-9bcf-91f1631c9c2f@group-C90ECADE688A-FollowerState] INFO  impl.RoleInfo (RoleInfo.java:updateAndGet(130)) - a81a925a-6276-4e36-9bcf-91f1631c9c2f: start a81a925a-6276-4e36-9bcf-91f1631c9c2f@group-C90ECADE688A-LeaderElection24
2022-01-18 14:48:59,874 [a81a925a-6276-4e36-9bcf-91f1631c9c2f@group-C90ECADE688A-LeaderElection24] INFO  impl.LeaderElection (LeaderElection.java:askForVotes(306)) - a81a925a-6276-4e36-9bcf-91f1631c9c2f@group-C90ECADE688A-LeaderElection24 ELECTION round 0: submit vote requests at term 3 for -1: [a81a925a-6276-4e36-9bcf-91f1631c9c2f|rpc:10.1.0.41:40475|dataStream:|priority:0, f0baeb8c-e6d1-47f5-b4e1-5ba393635f6f|rpc:10.1.0.41:43293|dataStream:|priority:0, beb67d5c-35ba-4f4b-ba77-131041920502|rpc:10.1.0.41:36345|dataStream:|priority:1], old=null
2022-01-18 14:48:59,900 [grpc-default-executor-1] INFO  server.RaftServer$Division (RaftServerImpl.java:requestVote(1046)) - f0baeb8c-e6d1-47f5-b4e1-5ba393635f6f@group-C90ECADE688A: receive requestVote(ELECTION, a81a925a-6276-4e36-9bcf-91f1631c9c2f, group-C90ECADE688A, 3, (t:0, i:0))
2022-01-18 14:48:59,901 [grpc-default-executor-1] INFO  impl.VoteContext (VoteContext.java:log(48)) - f0baeb8c-e6d1-47f5-b4e1-5ba393635f6f@group-C90ECADE688A-FOLLOWER: accept ELECTION from a81a925a-6276-4e36-9bcf-91f1631c9c2f: our priority 0 <= candidate's priority 0
2022-01-18 14:48:59,901 [grpc-default-executor-1] INFO  server.RaftServer$Division (RaftServerImpl.java:setRole(290)) - f0baeb8c-e6d1-47f5-b4e1-5ba393635f6f@group-C90ECADE688A: changes role from  FOLLOWER to FOLLOWER at term 3 for candidate:a81a925a-6276-4e36-9bcf-91f1631c9c2f
2022-01-18 14:48:59,901 [grpc-default-executor-1] INFO  impl.RoleInfo (RoleInfo.java:shutdownFollowerState(108)) - f0baeb8c-e6d1-47f5-b4e1-5ba393635f6f: shutdown f0baeb8c-e6d1-47f5-b4e1-5ba393635f6f@group-C90ECADE688A-FollowerState
2022-01-18 14:48:59,901 [grpc-default-executor-1] INFO  impl.RoleInfo (RoleInfo.java:updateAndGet(130)) - f0baeb8c-e6d1-47f5-b4e1-5ba393635f6f: start f0baeb8c-e6d1-47f5-b4e1-5ba393635f6f@group-C90ECADE688A-FollowerState
2022-01-18 14:48:59,901 [f0baeb8c-e6d1-47f5-b4e1-5ba393635f6f@group-C90ECADE688A-FollowerState] INFO  impl.FollowerState (FollowerState.java:run(143)) - f0baeb8c-e6d1-47f5-b4e1-5ba393635f6f@group-C90ECADE688A-FollowerState was interrupted: {}
java.lang.InterruptedException: sleep interrupted
	at java.lang.Thread.sleep(Native Method)
	at java.lang.Thread.sleep(Thread.java:340)
	at java.util.concurrent.TimeUnit.sleep(TimeUnit.java:386)
	at org.apache.ratis.util.TimeDuration.sleep(TimeDuration.java:324)
	at org.apache.ratis.util.TimeDuration.sleep(TimeDuration.java:309)
	at org.apache.ratis.server.impl.FollowerState.run(FollowerState.java:118)
2022-01-18 14:48:59,905 [grpc-default-executor-1] INFO  server.RaftServer$Division (RaftServerImpl.java:requestVote(1078)) - f0baeb8c-e6d1-47f5-b4e1-5ba393635f6f@group-C90ECADE688A replies to ELECTION vote request: a81a925a-6276-4e36-9bcf-91f1631c9c2f<-f0baeb8c-e6d1-47f5-b4e1-5ba393635f6f#0:OK-t3. Peer's state: f0baeb8c-e6d1-47f5-b4e1-5ba393635f6f@group-C90ECADE688A:t3, leader=null, voted=a81a925a-6276-4e36-9bcf-91f1631c9c2f, raftlog=f0baeb8c-e6d1-47f5-b4e1-5ba393635f6f@group-C90ECADE688A-SegmentedRaftLog:OPENED:c-1, conf=-1: [a81a925a-6276-4e36-9bcf-91f1631c9c2f|rpc:10.1.0.41:40475|priority:0, f0baeb8c-e6d1-47f5-b4e1-5ba393635f6f|rpc:10.1.0.41:43293|priority:0, beb67d5c-35ba-4f4b-ba77-131041920502|rpc:10.1.0.41:36345|priority:1], old=null
2022-01-18 14:48:59,932 [grpc-default-executor-3] INFO  server.RaftServer$Division (RaftServerImpl.java:requestVote(1046)) - beb67d5c-35ba-4f4b-ba77-131041920502@group-C90ECADE688A: receive requestVote(ELECTION, a81a925a-6276-4e36-9bcf-91f1631c9c2f, group-C90ECADE688A, 3, (t:0, i:0))
2022-01-18 14:48:59,932 [grpc-default-executor-3] INFO  impl.VoteContext (VoteContext.java:log(48)) - beb67d5c-35ba-4f4b-ba77-131041920502@group-C90ECADE688A-FOLLOWER: reject ELECTION from a81a925a-6276-4e36-9bcf-91f1631c9c2f: our priority 1 > candidate's priority 0
2022-01-18 14:48:59,932 [grpc-default-executor-3] INFO  server.RaftServer$Division (RaftServerImpl.java:setRole(290)) - beb67d5c-35ba-4f4b-ba77-131041920502@group-C90ECADE688A: changes role from  FOLLOWER to FOLLOWER at term 3 for candidate:a81a925a-6276-4e36-9bcf-91f1631c9c2f
2022-01-18 14:48:59,933 [grpc-default-executor-3] INFO  impl.RoleInfo (RoleInfo.java:shutdownFollowerState(108)) - beb67d5c-35ba-4f4b-ba77-131041920502: shutdown beb67d5c-35ba-4f4b-ba77-131041920502@group-C90ECADE688A-FollowerState
2022-01-18 14:48:59,933 [grpc-default-executor-3] INFO  impl.RoleInfo (RoleInfo.java:updateAndGet(130)) - beb67d5c-35ba-4f4b-ba77-131041920502: start beb67d5c-35ba-4f4b-ba77-131041920502@group-C90ECADE688A-FollowerState
2022-01-18 14:48:59,933 [beb67d5c-35ba-4f4b-ba77-131041920502@group-C90ECADE688A-FollowerState] INFO  impl.FollowerState (FollowerState.java:run(143)) - beb67d5c-35ba-4f4b-ba77-131041920502@group-C90ECADE688A-FollowerState was interrupted: {}
java.lang.InterruptedException: sleep interrupted
	at java.lang.Thread.sleep(Native Method)
	at java.lang.Thread.sleep(Thread.java:340)
	at java.util.concurrent.TimeUnit.sleep(TimeUnit.java:386)
	at org.apache.ratis.util.TimeDuration.sleep(TimeDuration.java:324)
	at org.apache.ratis.util.TimeDuration.sleep(TimeDuration.java:309)
	at org.apache.ratis.server.impl.FollowerState.run(FollowerState.java:118)
2022-01-18 14:48:59,937 [grpc-default-executor-3] INFO  server.RaftServer$Division (RaftServerImpl.java:requestVote(1078)) - beb67d5c-35ba-4f4b-ba77-131041920502@group-C90ECADE688A replies to ELECTION vote request: a81a925a-6276-4e36-9bcf-91f1631c9c2f<-beb67d5c-35ba-4f4b-ba77-131041920502#0:FAIL-t3. Peer's state: beb67d5c-35ba-4f4b-ba77-131041920502@group-C90ECADE688A:t3, leader=null, voted=null, raftlog=beb67d5c-35ba-4f4b-ba77-131041920502@group-C90ECADE688A-SegmentedRaftLog:OPENED:c-1, conf=-1: [a81a925a-6276-4e36-9bcf-91f1631c9c2f|rpc:10.1.0.41:40475|dataStream:|priority:0, f0baeb8c-e6d1-47f5-b4e1-5ba393635f6f|rpc:10.1.0.41:43293|dataStream:|priority:0, beb67d5c-35ba-4f4b-ba77-131041920502|rpc:10.1.0.41:36345|dataStream:|priority:1], old=null
2022-01-18 14:48:59,942 [a81a925a-6276-4e36-9bcf-91f1631c9c2f@group-C90ECADE688A-LeaderElection24] INFO  impl.LeaderElection (LeaderElection.java:logAndReturn(89)) - a81a925a-6276-4e36-9bcf-91f1631c9c2f@group-C90ECADE688A-LeaderElection24: ELECTION REJECTED received 2 response(s) and 0 exception(s):
2022-01-18 14:48:59,943 [a81a925a-6276-4e36-9bcf-91f1631c9c2f@group-C90ECADE688A-LeaderElection24] INFO  impl.LeaderElection (LeaderElection.java:logAndReturn(93)) -   Response 0: a81a925a-6276-4e36-9bcf-91f1631c9c2f<-f0baeb8c-e6d1-47f5-b4e1-5ba393635f6f#0:OK-t3
2022-01-18 14:48:59,943 [a81a925a-6276-4e36-9bcf-91f1631c9c2f@group-C90ECADE688A-LeaderElection24] INFO  impl.LeaderElection (LeaderElection.java:logAndReturn(93)) -   Response 1: a81a925a-6276-4e36-9bcf-91f1631c9c2f<-beb67d5c-35ba-4f4b-ba77-131041920502#0:FAIL-t3
2022-01-18 14:48:59,943 [a81a925a-6276-4e36-9bcf-91f1631c9c2f@group-C90ECADE688A-LeaderElection24] INFO  impl.LeaderElection (LeaderElection.java:askForVotes(308)) - a81a925a-6276-4e36-9bcf-91f1631c9c2f@group-C90ECADE688A-LeaderElection24 ELECTION round 0: result REJECTED
2022-01-18 14:48:59,943 [a81a925a-6276-4e36-9bcf-91f1631c9c2f@group-C90ECADE688A-LeaderElection24] INFO  server.RaftServer$Division (RaftServerImpl.java:setRole(290)) - a81a925a-6276-4e36-9bcf-91f1631c9c2f@group-C90ECADE688A: changes role from CANDIDATE to FOLLOWER at term 3 for REJECTED
2022-01-18 14:48:59,943 [a81a925a-6276-4e36-9bcf-91f1631c9c2f@group-C90ECADE688A-LeaderElection24] INFO  impl.RoleInfo (RoleInfo.java:shutdownLeaderElection(121)) - a81a925a-6276-4e36-9bcf-91f1631c9c2f: shutdown a81a925a-6276-4e36-9bcf-91f1631c9c2f@group-C90ECADE688A-LeaderElection24
2022-01-18 14:48:59,943 [a81a925a-6276-4e36-9bcf-91f1631c9c2f@group-C90ECADE688A-LeaderElection24] INFO  impl.RoleInfo (RoleInfo.java:updateAndGet(130)) - a81a925a-6276-4e36-9bcf-91f1631c9c2f: start a81a925a-6276-4e36-9bcf-91f1631c9c2f@group-C90ECADE688A-FollowerState
2022-01-18 14:49:00,365 [Listener at 127.0.0.1/40135] INFO  ozone.MiniOzoneClusterImpl (MiniOzoneClusterImpl.java:lambda$waitForClusterToBeReady$0(219)) - Nodes are ready. Got 3 of 3 DN Heartbeats.
2022-01-18 14:49:00,366 [Listener at 127.0.0.1/40135] INFO  ozone.MiniOzoneClusterImpl (MiniOzoneClusterImpl.java:lambda$waitForClusterToBeReady$0(222)) - Waiting for cluster to exit safe mode
2022-01-18 14:49:00,366 [Listener at 127.0.0.1/40135] INFO  ozone.MiniOzoneClusterImpl (MiniOzoneClusterImpl.java:lambda$waitForClusterToBeReady$0(224)) - SCM became leader
2022-01-18 14:49:01,366 [Listener at 127.0.0.1/40135] INFO  ozone.MiniOzoneClusterImpl (MiniOzoneClusterImpl.java:lambda$waitForClusterToBeReady$0(219)) - Nodes are ready. Got 3 of 3 DN Heartbeats.
2022-01-18 14:49:01,367 [Listener at 127.0.0.1/40135] INFO  ozone.MiniOzoneClusterImpl (MiniOzoneClusterImpl.java:lambda$waitForClusterToBeReady$0(222)) - Waiting for cluster to exit safe mode
2022-01-18 14:49:01,367 [Listener at 127.0.0.1/40135] INFO  ozone.MiniOzoneClusterImpl (MiniOzoneClusterImpl.java:lambda$waitForClusterToBeReady$0(224)) - SCM became leader
2022-01-18 14:49:02,367 [Listener at 127.0.0.1/40135] INFO  ozone.MiniOzoneClusterImpl (MiniOzoneClusterImpl.java:lambda$waitForClusterToBeReady$0(219)) - Nodes are ready. Got 3 of 3 DN Heartbeats.
2022-01-18 14:49:02,367 [Listener at 127.0.0.1/40135] INFO  ozone.MiniOzoneClusterImpl (MiniOzoneClusterImpl.java:lambda$waitForClusterToBeReady$0(222)) - Waiting for cluster to exit safe mode
2022-01-18 14:49:02,367 [Listener at 127.0.0.1/40135] INFO  ozone.MiniOzoneClusterImpl (MiniOzoneClusterImpl.java:lambda$waitForClusterToBeReady$0(224)) - SCM became leader
2022-01-18 14:49:03,367 [Listener at 127.0.0.1/40135] INFO  ozone.MiniOzoneClusterImpl (MiniOzoneClusterImpl.java:lambda$waitForClusterToBeReady$0(219)) - Nodes are ready. Got 3 of 3 DN Heartbeats.
2022-01-18 14:49:03,368 [Listener at 127.0.0.1/40135] INFO  ozone.MiniOzoneClusterImpl (MiniOzoneClusterImpl.java:lambda$waitForClusterToBeReady$0(222)) - Waiting for cluster to exit safe mode
2022-01-18 14:49:03,368 [Listener at 127.0.0.1/40135] INFO  ozone.MiniOzoneClusterImpl (MiniOzoneClusterImpl.java:lambda$waitForClusterToBeReady$0(224)) - SCM became leader
2022-01-18 14:49:04,368 [Listener at 127.0.0.1/40135] INFO  ozone.MiniOzoneClusterImpl (MiniOzoneClusterImpl.java:lambda$waitForClusterToBeReady$0(219)) - Nodes are ready. Got 3 of 3 DN Heartbeats.
2022-01-18 14:49:04,368 [Listener at 127.0.0.1/40135] INFO  ozone.MiniOzoneClusterImpl (MiniOzoneClusterImpl.java:lambda$waitForClusterToBeReady$0(222)) - Waiting for cluster to exit safe mode
2022-01-18 14:49:04,368 [Listener at 127.0.0.1/40135] INFO  ozone.MiniOzoneClusterImpl (MiniOzoneClusterImpl.java:lambda$waitForClusterToBeReady$0(224)) - SCM became leader
2022-01-18 14:49:04,992 [f0baeb8c-e6d1-47f5-b4e1-5ba393635f6f@group-C90ECADE688A-FollowerState] INFO  impl.FollowerState (FollowerState.java:run(134)) - f0baeb8c-e6d1-47f5-b4e1-5ba393635f6f@group-C90ECADE688A-FollowerState: change to CANDIDATE, lastRpcElapsedTime:5086827701ns, electionTimeout:5064ms
2022-01-18 14:49:04,992 [f0baeb8c-e6d1-47f5-b4e1-5ba393635f6f@group-C90ECADE688A-FollowerState] INFO  impl.RoleInfo (RoleInfo.java:shutdownFollowerState(108)) - f0baeb8c-e6d1-47f5-b4e1-5ba393635f6f: shutdown f0baeb8c-e6d1-47f5-b4e1-5ba393635f6f@group-C90ECADE688A-FollowerState
2022-01-18 14:49:04,992 [f0baeb8c-e6d1-47f5-b4e1-5ba393635f6f@group-C90ECADE688A-FollowerState] INFO  server.RaftServer$Division (RaftServerImpl.java:setRole(290)) - f0baeb8c-e6d1-47f5-b4e1-5ba393635f6f@group-C90ECADE688A: changes role from  FOLLOWER to CANDIDATE at term 3 for changeToCandidate
2022-01-18 14:49:04,992 [f0baeb8c-e6d1-47f5-b4e1-5ba393635f6f@group-C90ECADE688A-FollowerState] INFO  server.RaftServerConfigKeys (ConfUtils.java:logGet(44)) - raft.server.leaderelection.pre-vote = false (custom)
2022-01-18 14:49:04,993 [f0baeb8c-e6d1-47f5-b4e1-5ba393635f6f@group-C90ECADE688A-FollowerState] INFO  impl.RoleInfo (RoleInfo.java:updateAndGet(130)) - f0baeb8c-e6d1-47f5-b4e1-5ba393635f6f: start f0baeb8c-e6d1-47f5-b4e1-5ba393635f6f@group-C90ECADE688A-LeaderElection25
2022-01-18 14:49:04,999 [a81a925a-6276-4e36-9bcf-91f1631c9c2f@group-C90ECADE688A-FollowerState] INFO  impl.FollowerState (FollowerState.java:run(134)) - a81a925a-6276-4e36-9bcf-91f1631c9c2f@group-C90ECADE688A-FollowerState: change to CANDIDATE, lastRpcElapsedTime:5056528805ns, electionTimeout:5051ms
2022-01-18 14:49:04,999 [a81a925a-6276-4e36-9bcf-91f1631c9c2f@group-C90ECADE688A-FollowerState] INFO  impl.RoleInfo (RoleInfo.java:shutdownFollowerState(108)) - a81a925a-6276-4e36-9bcf-91f1631c9c2f: shutdown a81a925a-6276-4e36-9bcf-91f1631c9c2f@group-C90ECADE688A-FollowerState
2022-01-18 14:49:05,000 [a81a925a-6276-4e36-9bcf-91f1631c9c2f@group-C90ECADE688A-FollowerState] INFO  server.RaftServer$Division (RaftServerImpl.java:setRole(290)) - a81a925a-6276-4e36-9bcf-91f1631c9c2f@group-C90ECADE688A: changes role from  FOLLOWER to CANDIDATE at term 3 for changeToCandidate
2022-01-18 14:49:05,000 [a81a925a-6276-4e36-9bcf-91f1631c9c2f@group-C90ECADE688A-FollowerState] INFO  server.RaftServerConfigKeys (ConfUtils.java:logGet(44)) - raft.server.leaderelection.pre-vote = false (custom)
2022-01-18 14:49:05,000 [a81a925a-6276-4e36-9bcf-91f1631c9c2f@group-C90ECADE688A-FollowerState] INFO  impl.RoleInfo (RoleInfo.java:updateAndGet(130)) - a81a925a-6276-4e36-9bcf-91f1631c9c2f: start a81a925a-6276-4e36-9bcf-91f1631c9c2f@group-C90ECADE688A-LeaderElection26
2022-01-18 14:49:05,020 [f0baeb8c-e6d1-47f5-b4e1-5ba393635f6f@group-C90ECADE688A-LeaderElection25] INFO  impl.LeaderElection (LeaderElection.java:askForVotes(306)) - f0baeb8c-e6d1-47f5-b4e1-5ba393635f6f@group-C90ECADE688A-LeaderElection25 ELECTION round 0: submit vote requests at term 4 for -1: [a81a925a-6276-4e36-9bcf-91f1631c9c2f|rpc:10.1.0.41:40475|priority:0, f0baeb8c-e6d1-47f5-b4e1-5ba393635f6f|rpc:10.1.0.41:43293|priority:0, beb67d5c-35ba-4f4b-ba77-131041920502|rpc:10.1.0.41:36345|priority:1], old=null
2022-01-18 14:49:05,037 [grpc-default-executor-3] INFO  server.RaftServer$Division (RaftServerImpl.java:requestVote(1046)) - a81a925a-6276-4e36-9bcf-91f1631c9c2f@group-C90ECADE688A: receive requestVote(ELECTION, f0baeb8c-e6d1-47f5-b4e1-5ba393635f6f, group-C90ECADE688A, 4, (t:0, i:0))
2022-01-18 14:49:05,044 [a81a925a-6276-4e36-9bcf-91f1631c9c2f@group-C90ECADE688A-LeaderElection26] INFO  impl.LeaderElection (LeaderElection.java:askForVotes(306)) - a81a925a-6276-4e36-9bcf-91f1631c9c2f@group-C90ECADE688A-LeaderElection26 ELECTION round 0: submit vote requests at term 4 for -1: [a81a925a-6276-4e36-9bcf-91f1631c9c2f|rpc:10.1.0.41:40475|dataStream:|priority:0, f0baeb8c-e6d1-47f5-b4e1-5ba393635f6f|rpc:10.1.0.41:43293|dataStream:|priority:0, beb67d5c-35ba-4f4b-ba77-131041920502|rpc:10.1.0.41:36345|dataStream:|priority:1], old=null
2022-01-18 14:49:05,044 [grpc-default-executor-3] INFO  impl.VoteContext (VoteContext.java:log(48)) - a81a925a-6276-4e36-9bcf-91f1631c9c2f@group-C90ECADE688A-CANDIDATE: reject ELECTION from f0baeb8c-e6d1-47f5-b4e1-5ba393635f6f: already has voted for a81a925a-6276-4e36-9bcf-91f1631c9c2f at current term 4
2022-01-18 14:49:05,045 [grpc-default-executor-3] INFO  server.RaftServer$Division (RaftServerImpl.java:requestVote(1078)) - a81a925a-6276-4e36-9bcf-91f1631c9c2f@group-C90ECADE688A replies to ELECTION vote request: f0baeb8c-e6d1-47f5-b4e1-5ba393635f6f<-a81a925a-6276-4e36-9bcf-91f1631c9c2f#0:FAIL-t4. Peer's state: a81a925a-6276-4e36-9bcf-91f1631c9c2f@group-C90ECADE688A:t4, leader=null, voted=a81a925a-6276-4e36-9bcf-91f1631c9c2f, raftlog=a81a925a-6276-4e36-9bcf-91f1631c9c2f@group-C90ECADE688A-SegmentedRaftLog:OPENED:c-1, conf=-1: [a81a925a-6276-4e36-9bcf-91f1631c9c2f|rpc:10.1.0.41:40475|dataStream:|priority:0, f0baeb8c-e6d1-47f5-b4e1-5ba393635f6f|rpc:10.1.0.41:43293|dataStream:|priority:0, beb67d5c-35ba-4f4b-ba77-131041920502|rpc:10.1.0.41:36345|dataStream:|priority:1], old=null
2022-01-18 14:49:05,057 [grpc-default-executor-3] INFO  server.RaftServer$Division (RaftServerImpl.java:requestVote(1046)) - beb67d5c-35ba-4f4b-ba77-131041920502@group-C90ECADE688A: receive requestVote(ELECTION, f0baeb8c-e6d1-47f5-b4e1-5ba393635f6f, group-C90ECADE688A, 4, (t:0, i:0))
2022-01-18 14:49:05,057 [grpc-default-executor-3] INFO  impl.VoteContext (VoteContext.java:log(48)) - beb67d5c-35ba-4f4b-ba77-131041920502@group-C90ECADE688A-FOLLOWER: reject ELECTION from f0baeb8c-e6d1-47f5-b4e1-5ba393635f6f: our priority 1 > candidate's priority 0
2022-01-18 14:49:05,057 [grpc-default-executor-3] INFO  server.RaftServer$Division (RaftServerImpl.java:setRole(290)) - beb67d5c-35ba-4f4b-ba77-131041920502@group-C90ECADE688A: changes role from  FOLLOWER to FOLLOWER at term 4 for candidate:f0baeb8c-e6d1-47f5-b4e1-5ba393635f6f
2022-01-18 14:49:05,057 [grpc-default-executor-3] INFO  impl.RoleInfo (RoleInfo.java:shutdownFollowerState(108)) - beb67d5c-35ba-4f4b-ba77-131041920502: shutdown beb67d5c-35ba-4f4b-ba77-131041920502@group-C90ECADE688A-FollowerState
2022-01-18 14:49:05,057 [grpc-default-executor-3] INFO  impl.RoleInfo (RoleInfo.java:updateAndGet(130)) - beb67d5c-35ba-4f4b-ba77-131041920502: start beb67d5c-35ba-4f4b-ba77-131041920502@group-C90ECADE688A-FollowerState
2022-01-18 14:49:05,058 [beb67d5c-35ba-4f4b-ba77-131041920502@group-C90ECADE688A-FollowerState] INFO  impl.FollowerState (FollowerState.java:run(143)) - beb67d5c-35ba-4f4b-ba77-131041920502@group-C90ECADE688A-FollowerState was interrupted: {}
java.lang.InterruptedException: sleep interrupted
	at java.lang.Thread.sleep(Native Method)
	at java.lang.Thread.sleep(Thread.java:340)
	at java.util.concurrent.TimeUnit.sleep(TimeUnit.java:386)
	at org.apache.ratis.util.TimeDuration.sleep(TimeDuration.java:324)
	at org.apache.ratis.util.TimeDuration.sleep(TimeDuration.java:309)
	at org.apache.ratis.server.impl.FollowerState.run(FollowerState.java:118)
2022-01-18 14:49:05,069 [grpc-default-executor-1] INFO  server.RaftServer$Division (RaftServerImpl.java:requestVote(1046)) - f0baeb8c-e6d1-47f5-b4e1-5ba393635f6f@group-C90ECADE688A: receive requestVote(ELECTION, a81a925a-6276-4e36-9bcf-91f1631c9c2f, group-C90ECADE688A, 4, (t:0, i:0))
2022-01-18 14:49:05,069 [grpc-default-executor-1] INFO  impl.VoteContext (VoteContext.java:log(48)) - f0baeb8c-e6d1-47f5-b4e1-5ba393635f6f@group-C90ECADE688A-CANDIDATE: reject ELECTION from a81a925a-6276-4e36-9bcf-91f1631c9c2f: already has voted for f0baeb8c-e6d1-47f5-b4e1-5ba393635f6f at current term 4
2022-01-18 14:49:05,069 [grpc-default-executor-1] INFO  server.RaftServer$Division (RaftServerImpl.java:requestVote(1078)) - f0baeb8c-e6d1-47f5-b4e1-5ba393635f6f@group-C90ECADE688A replies to ELECTION vote request: a81a925a-6276-4e36-9bcf-91f1631c9c2f<-f0baeb8c-e6d1-47f5-b4e1-5ba393635f6f#0:FAIL-t4. Peer's state: f0baeb8c-e6d1-47f5-b4e1-5ba393635f6f@group-C90ECADE688A:t4, leader=null, voted=f0baeb8c-e6d1-47f5-b4e1-5ba393635f6f, raftlog=f0baeb8c-e6d1-47f5-b4e1-5ba393635f6f@group-C90ECADE688A-SegmentedRaftLog:OPENED:c-1, conf=-1: [a81a925a-6276-4e36-9bcf-91f1631c9c2f|rpc:10.1.0.41:40475|priority:0, f0baeb8c-e6d1-47f5-b4e1-5ba393635f6f|rpc:10.1.0.41:43293|priority:0, beb67d5c-35ba-4f4b-ba77-131041920502|rpc:10.1.0.41:36345|priority:1], old=null
2022-01-18 14:49:05,060 [grpc-default-executor-3] INFO  server.RaftServer$Division (RaftServerImpl.java:requestVote(1078)) - beb67d5c-35ba-4f4b-ba77-131041920502@group-C90ECADE688A replies to ELECTION vote request: f0baeb8c-e6d1-47f5-b4e1-5ba393635f6f<-beb67d5c-35ba-4f4b-ba77-131041920502#0:FAIL-t4. Peer's state: beb67d5c-35ba-4f4b-ba77-131041920502@group-C90ECADE688A:t4, leader=null, voted=null, raftlog=beb67d5c-35ba-4f4b-ba77-131041920502@group-C90ECADE688A-SegmentedRaftLog:OPENED:c-1, conf=-1: [a81a925a-6276-4e36-9bcf-91f1631c9c2f|rpc:10.1.0.41:40475|dataStream:|priority:0, f0baeb8c-e6d1-47f5-b4e1-5ba393635f6f|rpc:10.1.0.41:43293|dataStream:|priority:0, beb67d5c-35ba-4f4b-ba77-131041920502|rpc:10.1.0.41:36345|dataStream:|priority:1], old=null
2022-01-18 14:49:05,070 [grpc-default-executor-2] INFO  server.RaftServer$Division (RaftServerImpl.java:requestVote(1046)) - beb67d5c-35ba-4f4b-ba77-131041920502@group-C90ECADE688A: receive requestVote(ELECTION, a81a925a-6276-4e36-9bcf-91f1631c9c2f, group-C90ECADE688A, 4, (t:0, i:0))
2022-01-18 14:49:05,072 [grpc-default-executor-2] INFO  impl.VoteContext (VoteContext.java:log(48)) - beb67d5c-35ba-4f4b-ba77-131041920502@group-C90ECADE688A-FOLLOWER: reject ELECTION from a81a925a-6276-4e36-9bcf-91f1631c9c2f: our priority 1 > candidate's priority 0
2022-01-18 14:49:05,072 [grpc-default-executor-2] INFO  server.RaftServer$Division (RaftServerImpl.java:setRole(290)) - beb67d5c-35ba-4f4b-ba77-131041920502@group-C90ECADE688A: changes role from  FOLLOWER to FOLLOWER at term 4 for candidate:a81a925a-6276-4e36-9bcf-91f1631c9c2f
2022-01-18 14:49:05,072 [grpc-default-executor-2] INFO  impl.RoleInfo (RoleInfo.java:shutdownFollowerState(108)) - beb67d5c-35ba-4f4b-ba77-131041920502: shutdown beb67d5c-35ba-4f4b-ba77-131041920502@group-C90ECADE688A-FollowerState
2022-01-18 14:49:05,073 [grpc-default-executor-2] INFO  impl.RoleInfo (RoleInfo.java:updateAndGet(130)) - beb67d5c-35ba-4f4b-ba77-131041920502: start beb67d5c-35ba-4f4b-ba77-131041920502@group-C90ECADE688A-FollowerState
2022-01-18 14:49:05,073 [beb67d5c-35ba-4f4b-ba77-131041920502@group-C90ECADE688A-FollowerState] INFO  impl.FollowerState (FollowerState.java:run(143)) - beb67d5c-35ba-4f4b-ba77-131041920502@group-C90ECADE688A-FollowerState was interrupted: {}
java.lang.InterruptedException: sleep interrupted
	at java.lang.Thread.sleep(Native Method)
	at java.lang.Thread.sleep(Thread.java:340)
	at java.util.concurrent.TimeUnit.sleep(TimeUnit.java:386)
	at org.apache.ratis.util.TimeDuration.sleep(TimeDuration.java:324)
	at org.apache.ratis.util.TimeDuration.sleep(TimeDuration.java:309)
	at org.apache.ratis.server.impl.FollowerState.run(FollowerState.java:118)
2022-01-18 14:49:05,073 [grpc-default-executor-2] INFO  server.RaftServer$Division (RaftServerImpl.java:requestVote(1078)) - beb67d5c-35ba-4f4b-ba77-131041920502@group-C90ECADE688A replies to ELECTION vote request: a81a925a-6276-4e36-9bcf-91f1631c9c2f<-beb67d5c-35ba-4f4b-ba77-131041920502#0:FAIL-t4. Peer's state: beb67d5c-35ba-4f4b-ba77-131041920502@group-C90ECADE688A:t4, leader=null, voted=null, raftlog=beb67d5c-35ba-4f4b-ba77-131041920502@group-C90ECADE688A-SegmentedRaftLog:OPENED:c-1, conf=-1: [a81a925a-6276-4e36-9bcf-91f1631c9c2f|rpc:10.1.0.41:40475|dataStream:|priority:0, f0baeb8c-e6d1-47f5-b4e1-5ba393635f6f|rpc:10.1.0.41:43293|dataStream:|priority:0, beb67d5c-35ba-4f4b-ba77-131041920502|rpc:10.1.0.41:36345|dataStream:|priority:1], old=null
2022-01-18 14:49:05,077 [a81a925a-6276-4e36-9bcf-91f1631c9c2f@group-C90ECADE688A-LeaderElection26] INFO  impl.LeaderElection (LeaderElection.java:logAndReturn(89)) - a81a925a-6276-4e36-9bcf-91f1631c9c2f@group-C90ECADE688A-LeaderElection26: ELECTION REJECTED received 1 response(s) and 0 exception(s):
2022-01-18 14:49:05,077 [a81a925a-6276-4e36-9bcf-91f1631c9c2f@group-C90ECADE688A-LeaderElection26] INFO  impl.LeaderElection (LeaderElection.java:logAndReturn(93)) -   Response 0: a81a925a-6276-4e36-9bcf-91f1631c9c2f<-beb67d5c-35ba-4f4b-ba77-131041920502#0:FAIL-t4
2022-01-18 14:49:05,077 [a81a925a-6276-4e36-9bcf-91f1631c9c2f@group-C90ECADE688A-LeaderElection26] INFO  impl.LeaderElection (LeaderElection.java:askForVotes(308)) - a81a925a-6276-4e36-9bcf-91f1631c9c2f@group-C90ECADE688A-LeaderElection26 ELECTION round 0: result REJECTED
2022-01-18 14:49:05,078 [a81a925a-6276-4e36-9bcf-91f1631c9c2f@group-C90ECADE688A-LeaderElection26] INFO  server.RaftServer$Division (RaftServerImpl.java:setRole(290)) - a81a925a-6276-4e36-9bcf-91f1631c9c2f@group-C90ECADE688A: changes role from CANDIDATE to FOLLOWER at term 4 for REJECTED
2022-01-18 14:49:05,078 [a81a925a-6276-4e36-9bcf-91f1631c9c2f@group-C90ECADE688A-LeaderElection26] INFO  impl.RoleInfo (RoleInfo.java:shutdownLeaderElection(121)) - a81a925a-6276-4e36-9bcf-91f1631c9c2f: shutdown a81a925a-6276-4e36-9bcf-91f1631c9c2f@group-C90ECADE688A-LeaderElection26
2022-01-18 14:49:05,078 [a81a925a-6276-4e36-9bcf-91f1631c9c2f@group-C90ECADE688A-LeaderElection26] INFO  impl.RoleInfo (RoleInfo.java:updateAndGet(130)) - a81a925a-6276-4e36-9bcf-91f1631c9c2f: start a81a925a-6276-4e36-9bcf-91f1631c9c2f@group-C90ECADE688A-FollowerState
2022-01-18 14:49:05,079 [f0baeb8c-e6d1-47f5-b4e1-5ba393635f6f@group-C90ECADE688A-LeaderElection25] INFO  impl.LeaderElection (LeaderElection.java:logAndReturn(89)) - f0baeb8c-e6d1-47f5-b4e1-5ba393635f6f@group-C90ECADE688A-LeaderElection25: ELECTION REJECTED received 2 response(s) and 0 exception(s):
2022-01-18 14:49:05,093 [f0baeb8c-e6d1-47f5-b4e1-5ba393635f6f@group-C90ECADE688A-LeaderElection25] INFO  impl.LeaderElection (LeaderElection.java:logAndReturn(93)) -   Response 0: f0baeb8c-e6d1-47f5-b4e1-5ba393635f6f<-a81a925a-6276-4e36-9bcf-91f1631c9c2f#0:FAIL-t4
2022-01-18 14:49:05,093 [f0baeb8c-e6d1-47f5-b4e1-5ba393635f6f@group-C90ECADE688A-LeaderElection25] INFO  impl.LeaderElection (LeaderElection.java:logAndReturn(93)) -   Response 1: f0baeb8c-e6d1-47f5-b4e1-5ba393635f6f<-beb67d5c-35ba-4f4b-ba77-131041920502#0:FAIL-t4
2022-01-18 14:49:05,093 [f0baeb8c-e6d1-47f5-b4e1-5ba393635f6f@group-C90ECADE688A-LeaderElection25] INFO  impl.LeaderElection (LeaderElection.java:askForVotes(308)) - f0baeb8c-e6d1-47f5-b4e1-5ba393635f6f@group-C90ECADE688A-LeaderElection25 ELECTION round 0: result REJECTED
2022-01-18 14:49:05,093 [f0baeb8c-e6d1-47f5-b4e1-5ba393635f6f@group-C90ECADE688A-LeaderElection25] INFO  server.RaftServer$Division (RaftServerImpl.java:setRole(290)) - f0baeb8c-e6d1-47f5-b4e1-5ba393635f6f@group-C90ECADE688A: changes role from CANDIDATE to FOLLOWER at term 4 for REJECTED
2022-01-18 14:49:05,093 [f0baeb8c-e6d1-47f5-b4e1-5ba393635f6f@group-C90ECADE688A-LeaderElection25] INFO  impl.RoleInfo (RoleInfo.java:shutdownLeaderElection(121)) - f0baeb8c-e6d1-47f5-b4e1-5ba393635f6f: shutdown f0baeb8c-e6d1-47f5-b4e1-5ba393635f6f@group-C90ECADE688A-LeaderElection25
2022-01-18 14:49:05,093 [f0baeb8c-e6d1-47f5-b4e1-5ba393635f6f@group-C90ECADE688A-LeaderElection25] INFO  impl.RoleInfo (RoleInfo.java:updateAndGet(130)) - f0baeb8c-e6d1-47f5-b4e1-5ba393635f6f: start f0baeb8c-e6d1-47f5-b4e1-5ba393635f6f@group-C90ECADE688A-FollowerState
2022-01-18 14:49:05,369 [Listener at 127.0.0.1/40135] INFO  ozone.MiniOzoneClusterImpl (MiniOzoneClusterImpl.java:lambda$waitForClusterToBeReady$0(219)) - Nodes are ready. Got 3 of 3 DN Heartbeats.
2022-01-18 14:49:05,369 [Listener at 127.0.0.1/40135] INFO  ozone.MiniOzoneClusterImpl (MiniOzoneClusterImpl.java:lambda$waitForClusterToBeReady$0(222)) - Waiting for cluster to exit safe mode
2022-01-18 14:49:05,369 [Listener at 127.0.0.1/40135] INFO  ozone.MiniOzoneClusterImpl (MiniOzoneClusterImpl.java:lambda$waitForClusterToBeReady$0(224)) - SCM became leader
2022-01-18 14:49:06,369 [Listener at 127.0.0.1/40135] INFO  ozone.MiniOzoneClusterImpl (MiniOzoneClusterImpl.java:lambda$waitForClusterToBeReady$0(219)) - Nodes are ready. Got 3 of 3 DN Heartbeats.
2022-01-18 14:49:06,369 [Listener at 127.0.0.1/40135] INFO  ozone.MiniOzoneClusterImpl (MiniOzoneClusterImpl.java:lambda$waitForClusterToBeReady$0(222)) - Waiting for cluster to exit safe mode
2022-01-18 14:49:06,369 [Listener at 127.0.0.1/40135] INFO  ozone.MiniOzoneClusterImpl (MiniOzoneClusterImpl.java:lambda$waitForClusterToBeReady$0(224)) - SCM became leader
2022-01-18 14:49:07,370 [Listener at 127.0.0.1/40135] INFO  ozone.MiniOzoneClusterImpl (MiniOzoneClusterImpl.java:lambda$waitForClusterToBeReady$0(219)) - Nodes are ready. Got 3 of 3 DN Heartbeats.
2022-01-18 14:49:07,370 [Listener at 127.0.0.1/40135] INFO  ozone.MiniOzoneClusterImpl (MiniOzoneClusterImpl.java:lambda$waitForClusterToBeReady$0(222)) - Waiting for cluster to exit safe mode
2022-01-18 14:49:07,370 [Listener at 127.0.0.1/40135] INFO  ozone.MiniOzoneClusterImpl (MiniOzoneClusterImpl.java:lambda$waitForClusterToBeReady$0(224)) - SCM became leader
2022-01-18 14:49:08,370 [Listener at 127.0.0.1/40135] INFO  ozone.MiniOzoneClusterImpl (MiniOzoneClusterImpl.java:lambda$waitForClusterToBeReady$0(219)) - Nodes are ready. Got 3 of 3 DN Heartbeats.
2022-01-18 14:49:08,370 [Listener at 127.0.0.1/40135] INFO  ozone.MiniOzoneClusterImpl (MiniOzoneClusterImpl.java:lambda$waitForClusterToBeReady$0(222)) - Waiting for cluster to exit safe mode
2022-01-18 14:49:08,370 [Listener at 127.0.0.1/40135] INFO  ozone.MiniOzoneClusterImpl (MiniOzoneClusterImpl.java:lambda$waitForClusterToBeReady$0(224)) - SCM became leader
2022-01-18 14:49:09,371 [Listener at 127.0.0.1/40135] INFO  ozone.MiniOzoneClusterImpl (MiniOzoneClusterImpl.java:lambda$waitForClusterToBeReady$0(219)) - Nodes are ready. Got 3 of 3 DN Heartbeats.
2022-01-18 14:49:09,371 [Listener at 127.0.0.1/40135] INFO  ozone.MiniOzoneClusterImpl (MiniOzoneClusterImpl.java:lambda$waitForClusterToBeReady$0(222)) - Waiting for cluster to exit safe mode
2022-01-18 14:49:09,371 [Listener at 127.0.0.1/40135] INFO  ozone.MiniOzoneClusterImpl (MiniOzoneClusterImpl.java:lambda$waitForClusterToBeReady$0(224)) - SCM became leader
2022-01-18 14:49:10,159 [a81a925a-6276-4e36-9bcf-91f1631c9c2f@group-C90ECADE688A-FollowerState] INFO  impl.FollowerState (FollowerState.java:run(134)) - a81a925a-6276-4e36-9bcf-91f1631c9c2f@group-C90ECADE688A-FollowerState: change to CANDIDATE, lastRpcElapsedTime:5081507137ns, electionTimeout:5059ms
2022-01-18 14:49:10,159 [a81a925a-6276-4e36-9bcf-91f1631c9c2f@group-C90ECADE688A-FollowerState] INFO  impl.RoleInfo (RoleInfo.java:shutdownFollowerState(108)) - a81a925a-6276-4e36-9bcf-91f1631c9c2f: shutdown a81a925a-6276-4e36-9bcf-91f1631c9c2f@group-C90ECADE688A-FollowerState
2022-01-18 14:49:10,159 [a81a925a-6276-4e36-9bcf-91f1631c9c2f@group-C90ECADE688A-FollowerState] INFO  server.RaftServer$Division (RaftServerImpl.java:setRole(290)) - a81a925a-6276-4e36-9bcf-91f1631c9c2f@group-C90ECADE688A: changes role from  FOLLOWER to CANDIDATE at term 4 for changeToCandidate
2022-01-18 14:49:10,160 [a81a925a-6276-4e36-9bcf-91f1631c9c2f@group-C90ECADE688A-FollowerState] INFO  server.RaftServerConfigKeys (ConfUtils.java:logGet(44)) - raft.server.leaderelection.pre-vote = false (custom)
2022-01-18 14:49:10,160 [a81a925a-6276-4e36-9bcf-91f1631c9c2f@group-C90ECADE688A-FollowerState] INFO  impl.RoleInfo (RoleInfo.java:updateAndGet(130)) - a81a925a-6276-4e36-9bcf-91f1631c9c2f: start a81a925a-6276-4e36-9bcf-91f1631c9c2f@group-C90ECADE688A-LeaderElection27
2022-01-18 14:49:10,180 [a81a925a-6276-4e36-9bcf-91f1631c9c2f@group-C90ECADE688A-LeaderElection27] INFO  impl.LeaderElection (LeaderElection.java:askForVotes(306)) - a81a925a-6276-4e36-9bcf-91f1631c9c2f@group-C90ECADE688A-LeaderElection27 ELECTION round 0: submit vote requests at term 5 for -1: [a81a925a-6276-4e36-9bcf-91f1631c9c2f|rpc:10.1.0.41:40475|dataStream:|priority:0, f0baeb8c-e6d1-47f5-b4e1-5ba393635f6f|rpc:10.1.0.41:43293|dataStream:|priority:0, beb67d5c-35ba-4f4b-ba77-131041920502|rpc:10.1.0.41:36345|dataStream:|priority:1], old=null
2022-01-18 14:49:10,187 [grpc-default-executor-2] INFO  server.RaftServer$Division (RaftServerImpl.java:requestVote(1046)) - f0baeb8c-e6d1-47f5-b4e1-5ba393635f6f@group-C90ECADE688A: receive requestVote(ELECTION, a81a925a-6276-4e36-9bcf-91f1631c9c2f, group-C90ECADE688A, 5, (t:0, i:0))
2022-01-18 14:49:10,187 [grpc-default-executor-2] INFO  impl.VoteContext (VoteContext.java:log(48)) - f0baeb8c-e6d1-47f5-b4e1-5ba393635f6f@group-C90ECADE688A-FOLLOWER: accept ELECTION from a81a925a-6276-4e36-9bcf-91f1631c9c2f: our priority 0 <= candidate's priority 0
2022-01-18 14:49:10,187 [grpc-default-executor-2] INFO  server.RaftServer$Division (RaftServerImpl.java:setRole(290)) - f0baeb8c-e6d1-47f5-b4e1-5ba393635f6f@group-C90ECADE688A: changes role from  FOLLOWER to FOLLOWER at term 5 for candidate:a81a925a-6276-4e36-9bcf-91f1631c9c2f
2022-01-18 14:49:10,187 [grpc-default-executor-2] INFO  impl.RoleInfo (RoleInfo.java:shutdownFollowerState(108)) - f0baeb8c-e6d1-47f5-b4e1-5ba393635f6f: shutdown f0baeb8c-e6d1-47f5-b4e1-5ba393635f6f@group-C90ECADE688A-FollowerState
2022-01-18 14:49:10,187 [grpc-default-executor-2] INFO  impl.RoleInfo (RoleInfo.java:updateAndGet(130)) - f0baeb8c-e6d1-47f5-b4e1-5ba393635f6f: start f0baeb8c-e6d1-47f5-b4e1-5ba393635f6f@group-C90ECADE688A-FollowerState
2022-01-18 14:49:10,187 [f0baeb8c-e6d1-47f5-b4e1-5ba393635f6f@group-C90ECADE688A-FollowerState] INFO  impl.FollowerState (FollowerState.java:run(143)) - f0baeb8c-e6d1-47f5-b4e1-5ba393635f6f@group-C90ECADE688A-FollowerState was interrupted: {}
java.lang.InterruptedException: sleep interrupted
	at java.lang.Thread.sleep(Native Method)
	at java.lang.Thread.sleep(Thread.java:340)
	at java.util.concurrent.TimeUnit.sleep(TimeUnit.java:386)
	at org.apache.ratis.util.TimeDuration.sleep(TimeDuration.java:324)
	at org.apache.ratis.util.TimeDuration.sleep(TimeDuration.java:309)
	at org.apache.ratis.server.impl.FollowerState.run(FollowerState.java:118)
2022-01-18 14:49:10,190 [grpc-default-executor-2] INFO  server.RaftServer$Division (RaftServerImpl.java:requestVote(1078)) - f0baeb8c-e6d1-47f5-b4e1-5ba393635f6f@group-C90ECADE688A replies to ELECTION vote request: a81a925a-6276-4e36-9bcf-91f1631c9c2f<-f0baeb8c-e6d1-47f5-b4e1-5ba393635f6f#0:OK-t5. Peer's state: f0baeb8c-e6d1-47f5-b4e1-5ba393635f6f@group-C90ECADE688A:t5, leader=null, voted=a81a925a-6276-4e36-9bcf-91f1631c9c2f, raftlog=f0baeb8c-e6d1-47f5-b4e1-5ba393635f6f@group-C90ECADE688A-SegmentedRaftLog:OPENED:c-1, conf=-1: [a81a925a-6276-4e36-9bcf-91f1631c9c2f|rpc:10.1.0.41:40475|priority:0, f0baeb8c-e6d1-47f5-b4e1-5ba393635f6f|rpc:10.1.0.41:43293|priority:0, beb67d5c-35ba-4f4b-ba77-131041920502|rpc:10.1.0.41:36345|priority:1], old=null
2022-01-18 14:49:10,188 [grpc-default-executor-1] INFO  server.RaftServer$Division (RaftServerImpl.java:requestVote(1046)) - beb67d5c-35ba-4f4b-ba77-131041920502@group-C90ECADE688A: receive requestVote(ELECTION, a81a925a-6276-4e36-9bcf-91f1631c9c2f, group-C90ECADE688A, 5, (t:0, i:0))
2022-01-18 14:49:10,193 [grpc-default-executor-1] INFO  impl.VoteContext (VoteContext.java:log(48)) - beb67d5c-35ba-4f4b-ba77-131041920502@group-C90ECADE688A-FOLLOWER: reject ELECTION from a81a925a-6276-4e36-9bcf-91f1631c9c2f: our priority 1 > candidate's priority 0
2022-01-18 14:49:10,193 [grpc-default-executor-1] INFO  server.RaftServer$Division (RaftServerImpl.java:setRole(290)) - beb67d5c-35ba-4f4b-ba77-131041920502@group-C90ECADE688A: changes role from  FOLLOWER to FOLLOWER at term 5 for candidate:a81a925a-6276-4e36-9bcf-91f1631c9c2f
2022-01-18 14:49:10,193 [grpc-default-executor-1] INFO  impl.RoleInfo (RoleInfo.java:shutdownFollowerState(108)) - beb67d5c-35ba-4f4b-ba77-131041920502: shutdown beb67d5c-35ba-4f4b-ba77-131041920502@group-C90ECADE688A-FollowerState
2022-01-18 14:49:10,194 [grpc-default-executor-1] INFO  impl.RoleInfo (RoleInfo.java:updateAndGet(130)) - beb67d5c-35ba-4f4b-ba77-131041920502: start beb67d5c-35ba-4f4b-ba77-131041920502@group-C90ECADE688A-FollowerState
2022-01-18 14:49:10,194 [beb67d5c-35ba-4f4b-ba77-131041920502@group-C90ECADE688A-FollowerState] INFO  impl.FollowerState (FollowerState.java:run(143)) - beb67d5c-35ba-4f4b-ba77-131041920502@group-C90ECADE688A-FollowerState was interrupted: {}
java.lang.InterruptedException: sleep interrupted
	at java.lang.Thread.sleep(Native Method)
	at java.lang.Thread.sleep(Thread.java:340)
	at java.util.concurrent.TimeUnit.sleep(TimeUnit.java:386)
	at org.apache.ratis.util.TimeDuration.sleep(TimeDuration.java:324)
	at org.apache.ratis.util.TimeDuration.sleep(TimeDuration.java:309)
	at org.apache.ratis.server.impl.FollowerState.run(FollowerState.java:118)
2022-01-18 14:49:10,201 [grpc-default-executor-1] INFO  server.RaftServer$Division (RaftServerImpl.java:requestVote(1078)) - beb67d5c-35ba-4f4b-ba77-131041920502@group-C90ECADE688A replies to ELECTION vote request: a81a925a-6276-4e36-9bcf-91f1631c9c2f<-beb67d5c-35ba-4f4b-ba77-131041920502#0:FAIL-t5. Peer's state: beb67d5c-35ba-4f4b-ba77-131041920502@group-C90ECADE688A:t5, leader=null, voted=null, raftlog=beb67d5c-35ba-4f4b-ba77-131041920502@group-C90ECADE688A-SegmentedRaftLog:OPENED:c-1, conf=-1: [a81a925a-6276-4e36-9bcf-91f1631c9c2f|rpc:10.1.0.41:40475|dataStream:|priority:0, f0baeb8c-e6d1-47f5-b4e1-5ba393635f6f|rpc:10.1.0.41:43293|dataStream:|priority:0, beb67d5c-35ba-4f4b-ba77-131041920502|rpc:10.1.0.41:36345|dataStream:|priority:1], old=null
2022-01-18 14:49:10,210 [a81a925a-6276-4e36-9bcf-91f1631c9c2f@group-C90ECADE688A-LeaderElection27] INFO  impl.LeaderElection (LeaderElection.java:logAndReturn(89)) - a81a925a-6276-4e36-9bcf-91f1631c9c2f@group-C90ECADE688A-LeaderElection27: ELECTION REJECTED received 1 response(s) and 0 exception(s):
2022-01-18 14:49:10,211 [a81a925a-6276-4e36-9bcf-91f1631c9c2f@group-C90ECADE688A-LeaderElection27] INFO  impl.LeaderElection (LeaderElection.java:logAndReturn(93)) -   Response 0: a81a925a-6276-4e36-9bcf-91f1631c9c2f<-beb67d5c-35ba-4f4b-ba77-131041920502#0:FAIL-t5
2022-01-18 14:49:10,211 [a81a925a-6276-4e36-9bcf-91f1631c9c2f@group-C90ECADE688A-LeaderElection27] INFO  impl.LeaderElection (LeaderElection.java:askForVotes(308)) - a81a925a-6276-4e36-9bcf-91f1631c9c2f@group-C90ECADE688A-LeaderElection27 ELECTION round 0: result REJECTED
2022-01-18 14:49:10,211 [a81a925a-6276-4e36-9bcf-91f1631c9c2f@group-C90ECADE688A-LeaderElection27] INFO  server.RaftServer$Division (RaftServerImpl.java:setRole(290)) - a81a925a-6276-4e36-9bcf-91f1631c9c2f@group-C90ECADE688A: changes role from CANDIDATE to FOLLOWER at term 5 for REJECTED
2022-01-18 14:49:10,211 [a81a925a-6276-4e36-9bcf-91f1631c9c2f@group-C90ECADE688A-LeaderElection27] INFO  impl.RoleInfo (RoleInfo.java:shutdownLeaderElection(121)) - a81a925a-6276-4e36-9bcf-91f1631c9c2f: shutdown a81a925a-6276-4e36-9bcf-91f1631c9c2f@group-C90ECADE688A-LeaderElection27
2022-01-18 14:49:10,211 [a81a925a-6276-4e36-9bcf-91f1631c9c2f@group-C90ECADE688A-LeaderElection27] INFO  impl.RoleInfo (RoleInfo.java:updateAndGet(130)) - a81a925a-6276-4e36-9bcf-91f1631c9c2f: start a81a925a-6276-4e36-9bcf-91f1631c9c2f@group-C90ECADE688A-FollowerState
2022-01-18 14:49:10,371 [Listener at 127.0.0.1/40135] INFO  ozone.MiniOzoneClusterImpl (MiniOzoneClusterImpl.java:lambda$waitForClusterToBeReady$0(219)) - Nodes are ready. Got 3 of 3 DN Heartbeats.
2022-01-18 14:49:10,372 [Listener at 127.0.0.1/40135] INFO  ozone.MiniOzoneClusterImpl (MiniOzoneClusterImpl.java:lambda$waitForClusterToBeReady$0(222)) - Waiting for cluster to exit safe mode
2022-01-18 14:49:10,372 [Listener at 127.0.0.1/40135] INFO  ozone.MiniOzoneClusterImpl (MiniOzoneClusterImpl.java:lambda$waitForClusterToBeReady$0(224)) - SCM became leader
2022-01-18 14:49:11,372 [Listener at 127.0.0.1/40135] INFO  ozone.MiniOzoneClusterImpl (MiniOzoneClusterImpl.java:lambda$waitForClusterToBeReady$0(219)) - Nodes are ready. Got 3 of 3 DN Heartbeats.
2022-01-18 14:49:11,373 [Listener at 127.0.0.1/40135] INFO  ozone.MiniOzoneClusterImpl (MiniOzoneClusterImpl.java:lambda$waitForClusterToBeReady$0(222)) - Waiting for cluster to exit safe mode
2022-01-18 14:49:11,373 [Listener at 127.0.0.1/40135] INFO  ozone.MiniOzoneClusterImpl (MiniOzoneClusterImpl.java:lambda$waitForClusterToBeReady$0(224)) - SCM became leader
2022-01-18 14:49:12,373 [Listener at 127.0.0.1/40135] INFO  ozone.MiniOzoneClusterImpl (MiniOzoneClusterImpl.java:lambda$waitForClusterToBeReady$0(219)) - Nodes are ready. Got 3 of 3 DN Heartbeats.
2022-01-18 14:49:12,373 [Listener at 127.0.0.1/40135] INFO  ozone.MiniOzoneClusterImpl (MiniOzoneClusterImpl.java:lambda$waitForClusterToBeReady$0(222)) - Waiting for cluster to exit safe mode
2022-01-18 14:49:12,373 [Listener at 127.0.0.1/40135] INFO  ozone.MiniOzoneClusterImpl (MiniOzoneClusterImpl.java:lambda$waitForClusterToBeReady$0(224)) - SCM became leader
2022-01-18 14:49:13,373 [Listener at 127.0.0.1/40135] INFO  ozone.MiniOzoneClusterImpl (MiniOzoneClusterImpl.java:lambda$waitForClusterToBeReady$0(219)) - Nodes are ready. Got 3 of 3 DN Heartbeats.
2022-01-18 14:49:13,374 [Listener at 127.0.0.1/40135] INFO  ozone.MiniOzoneClusterImpl (MiniOzoneClusterImpl.java:lambda$waitForClusterToBeReady$0(222)) - Waiting for cluster to exit safe mode
2022-01-18 14:49:13,374 [Listener at 127.0.0.1/40135] INFO  ozone.MiniOzoneClusterImpl (MiniOzoneClusterImpl.java:lambda$waitForClusterToBeReady$0(224)) - SCM became leader
2022-01-18 14:49:14,374 [Listener at 127.0.0.1/40135] INFO  ozone.MiniOzoneClusterImpl (MiniOzoneClusterImpl.java:lambda$waitForClusterToBeReady$0(219)) - Nodes are ready. Got 3 of 3 DN Heartbeats.
2022-01-18 14:49:14,374 [Listener at 127.0.0.1/40135] INFO  ozone.MiniOzoneClusterImpl (MiniOzoneClusterImpl.java:lambda$waitForClusterToBeReady$0(222)) - Waiting for cluster to exit safe mode
2022-01-18 14:49:14,374 [Listener at 127.0.0.1/40135] INFO  ozone.MiniOzoneClusterImpl (MiniOzoneClusterImpl.java:lambda$waitForClusterToBeReady$0(224)) - SCM became leader
2022-01-18 14:49:15,238 [f0baeb8c-e6d1-47f5-b4e1-5ba393635f6f@group-C90ECADE688A-FollowerState] INFO  impl.FollowerState (FollowerState.java:run(134)) - f0baeb8c-e6d1-47f5-b4e1-5ba393635f6f@group-C90ECADE688A-FollowerState: change to CANDIDATE, lastRpcElapsedTime:5048135615ns, electionTimeout:5026ms
2022-01-18 14:49:15,238 [f0baeb8c-e6d1-47f5-b4e1-5ba393635f6f@group-C90ECADE688A-FollowerState] INFO  impl.RoleInfo (RoleInfo.java:shutdownFollowerState(108)) - f0baeb8c-e6d1-47f5-b4e1-5ba393635f6f: shutdown f0baeb8c-e6d1-47f5-b4e1-5ba393635f6f@group-C90ECADE688A-FollowerState
2022-01-18 14:49:15,238 [f0baeb8c-e6d1-47f5-b4e1-5ba393635f6f@group-C90ECADE688A-FollowerState] INFO  server.RaftServer$Division (RaftServerImpl.java:setRole(290)) - f0baeb8c-e6d1-47f5-b4e1-5ba393635f6f@group-C90ECADE688A: changes role from  FOLLOWER to CANDIDATE at term 5 for changeToCandidate
2022-01-18 14:49:15,238 [f0baeb8c-e6d1-47f5-b4e1-5ba393635f6f@group-C90ECADE688A-FollowerState] INFO  server.RaftServerConfigKeys (ConfUtils.java:logGet(44)) - raft.server.leaderelection.pre-vote = false (custom)
2022-01-18 14:49:15,238 [f0baeb8c-e6d1-47f5-b4e1-5ba393635f6f@group-C90ECADE688A-FollowerState] INFO  impl.RoleInfo (RoleInfo.java:updateAndGet(130)) - f0baeb8c-e6d1-47f5-b4e1-5ba393635f6f: start f0baeb8c-e6d1-47f5-b4e1-5ba393635f6f@group-C90ECADE688A-LeaderElection28
2022-01-18 14:49:15,249 [f0baeb8c-e6d1-47f5-b4e1-5ba393635f6f@group-C90ECADE688A-LeaderElection28] INFO  impl.LeaderElection (LeaderElection.java:askForVotes(306)) - f0baeb8c-e6d1-47f5-b4e1-5ba393635f6f@group-C90ECADE688A-LeaderElection28 ELECTION round 0: submit vote requests at term 6 for -1: [a81a925a-6276-4e36-9bcf-91f1631c9c2f|rpc:10.1.0.41:40475|priority:0, f0baeb8c-e6d1-47f5-b4e1-5ba393635f6f|rpc:10.1.0.41:43293|priority:0, beb67d5c-35ba-4f4b-ba77-131041920502|rpc:10.1.0.41:36345|priority:1], old=null
2022-01-18 14:49:15,253 [grpc-default-executor-1] INFO  server.RaftServer$Division (RaftServerImpl.java:requestVote(1046)) - a81a925a-6276-4e36-9bcf-91f1631c9c2f@group-C90ECADE688A: receive requestVote(ELECTION, f0baeb8c-e6d1-47f5-b4e1-5ba393635f6f, group-C90ECADE688A, 6, (t:0, i:0))
2022-01-18 14:49:15,253 [grpc-default-executor-1] INFO  impl.VoteContext (VoteContext.java:log(48)) - a81a925a-6276-4e36-9bcf-91f1631c9c2f@group-C90ECADE688A-FOLLOWER: accept ELECTION from f0baeb8c-e6d1-47f5-b4e1-5ba393635f6f: our priority 0 <= candidate's priority 0
2022-01-18 14:49:15,254 [grpc-default-executor-1] INFO  server.RaftServer$Division (RaftServerImpl.java:setRole(290)) - a81a925a-6276-4e36-9bcf-91f1631c9c2f@group-C90ECADE688A: changes role from  FOLLOWER to FOLLOWER at term 6 for candidate:f0baeb8c-e6d1-47f5-b4e1-5ba393635f6f
2022-01-18 14:49:15,254 [grpc-default-executor-1] INFO  impl.RoleInfo (RoleInfo.java:shutdownFollowerState(108)) - a81a925a-6276-4e36-9bcf-91f1631c9c2f: shutdown a81a925a-6276-4e36-9bcf-91f1631c9c2f@group-C90ECADE688A-FollowerState
2022-01-18 14:49:15,254 [grpc-default-executor-1] INFO  impl.RoleInfo (RoleInfo.java:updateAndGet(130)) - a81a925a-6276-4e36-9bcf-91f1631c9c2f: start a81a925a-6276-4e36-9bcf-91f1631c9c2f@group-C90ECADE688A-FollowerState
2022-01-18 14:49:15,254 [a81a925a-6276-4e36-9bcf-91f1631c9c2f@group-C90ECADE688A-FollowerState] INFO  impl.FollowerState (FollowerState.java:run(143)) - a81a925a-6276-4e36-9bcf-91f1631c9c2f@group-C90ECADE688A-FollowerState was interrupted: {}
java.lang.InterruptedException: sleep interrupted
	at java.lang.Thread.sleep(Native Method)
	at java.lang.Thread.sleep(Thread.java:340)
	at java.util.concurrent.TimeUnit.sleep(TimeUnit.java:386)
	at org.apache.ratis.util.TimeDuration.sleep(TimeDuration.java:324)
	at org.apache.ratis.util.TimeDuration.sleep(TimeDuration.java:309)
	at org.apache.ratis.server.impl.FollowerState.run(FollowerState.java:118)
2022-01-18 14:49:15,277 [grpc-default-executor-2] INFO  server.RaftServer$Division (RaftServerImpl.java:requestVote(1046)) - beb67d5c-35ba-4f4b-ba77-131041920502@group-C90ECADE688A: receive requestVote(ELECTION, f0baeb8c-e6d1-47f5-b4e1-5ba393635f6f, group-C90ECADE688A, 6, (t:0, i:0))
2022-01-18 14:49:15,277 [grpc-default-executor-2] INFO  impl.VoteContext (VoteContext.java:log(48)) - beb67d5c-35ba-4f4b-ba77-131041920502@group-C90ECADE688A-FOLLOWER: reject ELECTION from f0baeb8c-e6d1-47f5-b4e1-5ba393635f6f: our priority 1 > candidate's priority 0
2022-01-18 14:49:15,277 [grpc-default-executor-2] INFO  server.RaftServer$Division (RaftServerImpl.java:setRole(290)) - beb67d5c-35ba-4f4b-ba77-131041920502@group-C90ECADE688A: changes role from  FOLLOWER to FOLLOWER at term 6 for candidate:f0baeb8c-e6d1-47f5-b4e1-5ba393635f6f
2022-01-18 14:49:15,277 [grpc-default-executor-2] INFO  impl.RoleInfo (RoleInfo.java:shutdownFollowerState(108)) - beb67d5c-35ba-4f4b-ba77-131041920502: shutdown beb67d5c-35ba-4f4b-ba77-131041920502@group-C90ECADE688A-FollowerState
2022-01-18 14:49:15,277 [grpc-default-executor-2] INFO  impl.RoleInfo (RoleInfo.java:updateAndGet(130)) - beb67d5c-35ba-4f4b-ba77-131041920502: start beb67d5c-35ba-4f4b-ba77-131041920502@group-C90ECADE688A-FollowerState
2022-01-18 14:49:15,277 [beb67d5c-35ba-4f4b-ba77-131041920502@group-C90ECADE688A-FollowerState] INFO  impl.FollowerState (FollowerState.java:run(143)) - beb67d5c-35ba-4f4b-ba77-131041920502@group-C90ECADE688A-FollowerState was interrupted: {}
java.lang.InterruptedException: sleep interrupted
	at java.lang.Thread.sleep(Native Method)
	at java.lang.Thread.sleep(Thread.java:340)
	at java.util.concurrent.TimeUnit.sleep(TimeUnit.java:386)
	at org.apache.ratis.util.TimeDuration.sleep(TimeDuration.java:324)
	at org.apache.ratis.util.TimeDuration.sleep(TimeDuration.java:309)
	at org.apache.ratis.server.impl.FollowerState.run(FollowerState.java:118)
2022-01-18 14:49:15,278 [grpc-default-executor-1] INFO  server.RaftServer$Division (RaftServerImpl.java:requestVote(1078)) - a81a925a-6276-4e36-9bcf-91f1631c9c2f@group-C90ECADE688A replies to ELECTION vote request: f0baeb8c-e6d1-47f5-b4e1-5ba393635f6f<-a81a925a-6276-4e36-9bcf-91f1631c9c2f#0:OK-t6. Peer's state: a81a925a-6276-4e36-9bcf-91f1631c9c2f@group-C90ECADE688A:t6, leader=null, voted=f0baeb8c-e6d1-47f5-b4e1-5ba393635f6f, raftlog=a81a925a-6276-4e36-9bcf-91f1631c9c2f@group-C90ECADE688A-SegmentedRaftLog:OPENED:c-1, conf=-1: [a81a925a-6276-4e36-9bcf-91f1631c9c2f|rpc:10.1.0.41:40475|dataStream:|priority:0, f0baeb8c-e6d1-47f5-b4e1-5ba393635f6f|rpc:10.1.0.41:43293|dataStream:|priority:0, beb67d5c-35ba-4f4b-ba77-131041920502|rpc:10.1.0.41:36345|dataStream:|priority:1], old=null
2022-01-18 14:49:15,288 [grpc-default-executor-2] INFO  server.RaftServer$Division (RaftServerImpl.java:requestVote(1078)) - beb67d5c-35ba-4f4b-ba77-131041920502@group-C90ECADE688A replies to ELECTION vote request: f0baeb8c-e6d1-47f5-b4e1-5ba393635f6f<-beb67d5c-35ba-4f4b-ba77-131041920502#0:FAIL-t6. Peer's state: beb67d5c-35ba-4f4b-ba77-131041920502@group-C90ECADE688A:t6, leader=null, voted=null, raftlog=beb67d5c-35ba-4f4b-ba77-131041920502@group-C90ECADE688A-SegmentedRaftLog:OPENED:c-1, conf=-1: [a81a925a-6276-4e36-9bcf-91f1631c9c2f|rpc:10.1.0.41:40475|dataStream:|priority:0, f0baeb8c-e6d1-47f5-b4e1-5ba393635f6f|rpc:10.1.0.41:43293|dataStream:|priority:0, beb67d5c-35ba-4f4b-ba77-131041920502|rpc:10.1.0.41:36345|dataStream:|priority:1], old=null
2022-01-18 14:49:15,289 [f0baeb8c-e6d1-47f5-b4e1-5ba393635f6f@group-C90ECADE688A-LeaderElection28] INFO  impl.LeaderElection (LeaderElection.java:logAndReturn(89)) - f0baeb8c-e6d1-47f5-b4e1-5ba393635f6f@group-C90ECADE688A-LeaderElection28: ELECTION REJECTED received 2 response(s) and 0 exception(s):
2022-01-18 14:49:15,295 [f0baeb8c-e6d1-47f5-b4e1-5ba393635f6f@group-C90ECADE688A-LeaderElection28] INFO  impl.LeaderElection (LeaderElection.java:logAndReturn(93)) -   Response 0: f0baeb8c-e6d1-47f5-b4e1-5ba393635f6f<-a81a925a-6276-4e36-9bcf-91f1631c9c2f#0:OK-t6
2022-01-18 14:49:15,295 [f0baeb8c-e6d1-47f5-b4e1-5ba393635f6f@group-C90ECADE688A-LeaderElection28] INFO  impl.LeaderElection (LeaderElection.java:logAndReturn(93)) -   Response 1: f0baeb8c-e6d1-47f5-b4e1-5ba393635f6f<-beb67d5c-35ba-4f4b-ba77-131041920502#0:FAIL-t6
2022-01-18 14:49:15,295 [f0baeb8c-e6d1-47f5-b4e1-5ba393635f6f@group-C90ECADE688A-LeaderElection28] INFO  impl.LeaderElection (LeaderElection.java:askForVotes(308)) - f0baeb8c-e6d1-47f5-b4e1-5ba393635f6f@group-C90ECADE688A-LeaderElection28 ELECTION round 0: result REJECTED
2022-01-18 14:49:15,295 [f0baeb8c-e6d1-47f5-b4e1-5ba393635f6f@group-C90ECADE688A-LeaderElection28] INFO  server.RaftServer$Division (RaftServerImpl.java:setRole(290)) - f0baeb8c-e6d1-47f5-b4e1-5ba393635f6f@group-C90ECADE688A: changes role from CANDIDATE to FOLLOWER at term 6 for REJECTED
2022-01-18 14:49:15,295 [f0baeb8c-e6d1-47f5-b4e1-5ba393635f6f@group-C90ECADE688A-LeaderElection28] INFO  impl.RoleInfo (RoleInfo.java:shutdownLeaderElection(121)) - f0baeb8c-e6d1-47f5-b4e1-5ba393635f6f: shutdown f0baeb8c-e6d1-47f5-b4e1-5ba393635f6f@group-C90ECADE688A-LeaderElection28
2022-01-18 14:49:15,295 [f0baeb8c-e6d1-47f5-b4e1-5ba393635f6f@group-C90ECADE688A-LeaderElection28] INFO  impl.RoleInfo (RoleInfo.java:updateAndGet(130)) - f0baeb8c-e6d1-47f5-b4e1-5ba393635f6f: start f0baeb8c-e6d1-47f5-b4e1-5ba393635f6f@group-C90ECADE688A-FollowerState
2022-01-18 14:49:15,375 [Listener at 127.0.0.1/40135] INFO  ozone.MiniOzoneClusterImpl (MiniOzoneClusterImpl.java:lambda$waitForClusterToBeReady$0(219)) - Nodes are ready. Got 3 of 3 DN Heartbeats.
2022-01-18 14:49:15,376 [Listener at 127.0.0.1/40135] INFO  ozone.MiniOzoneClusterImpl (MiniOzoneClusterImpl.java:lambda$waitForClusterToBeReady$0(222)) - Waiting for cluster to exit safe mode
2022-01-18 14:49:15,376 [Listener at 127.0.0.1/40135] INFO  ozone.MiniOzoneClusterImpl (MiniOzoneClusterImpl.java:lambda$waitForClusterToBeReady$0(224)) - SCM became leader
2022-01-18 14:49:16,376 [Listener at 127.0.0.1/40135] INFO  ozone.MiniOzoneClusterImpl (MiniOzoneClusterImpl.java:lambda$waitForClusterToBeReady$0(219)) - Nodes are ready. Got 3 of 3 DN Heartbeats.
2022-01-18 14:49:16,376 [Listener at 127.0.0.1/40135] INFO  ozone.MiniOzoneClusterImpl (MiniOzoneClusterImpl.java:lambda$waitForClusterToBeReady$0(222)) - Waiting for cluster to exit safe mode
2022-01-18 14:49:16,376 [Listener at 127.0.0.1/40135] INFO  ozone.MiniOzoneClusterImpl (MiniOzoneClusterImpl.java:lambda$waitForClusterToBeReady$0(224)) - SCM became leader
2022-01-18 14:49:17,376 [Listener at 127.0.0.1/40135] INFO  ozone.MiniOzoneClusterImpl (MiniOzoneClusterImpl.java:lambda$waitForClusterToBeReady$0(219)) - Nodes are ready. Got 3 of 3 DN Heartbeats.
2022-01-18 14:49:17,377 [Listener at 127.0.0.1/40135] INFO  ozone.MiniOzoneClusterImpl (MiniOzoneClusterImpl.java:lambda$waitForClusterToBeReady$0(222)) - Waiting for cluster to exit safe mode
2022-01-18 14:49:17,377 [Listener at 127.0.0.1/40135] INFO  ozone.MiniOzoneClusterImpl (MiniOzoneClusterImpl.java:lambda$waitForClusterToBeReady$0(224)) - SCM became leader
2022-01-18 14:49:18,377 [Listener at 127.0.0.1/40135] INFO  ozone.MiniOzoneClusterImpl (MiniOzoneClusterImpl.java:lambda$waitForClusterToBeReady$0(219)) - Nodes are ready. Got 3 of 3 DN Heartbeats.
2022-01-18 14:49:18,377 [Listener at 127.0.0.1/40135] INFO  ozone.MiniOzoneClusterImpl (MiniOzoneClusterImpl.java:lambda$waitForClusterToBeReady$0(222)) - Waiting for cluster to exit safe mode
2022-01-18 14:49:18,377 [Listener at 127.0.0.1/40135] INFO  ozone.MiniOzoneClusterImpl (MiniOzoneClusterImpl.java:lambda$waitForClusterToBeReady$0(224)) - SCM became leader
2022-01-18 14:49:19,378 [Listener at 127.0.0.1/40135] INFO  ozone.MiniOzoneClusterImpl (MiniOzoneClusterImpl.java:lambda$waitForClusterToBeReady$0(219)) - Nodes are ready. Got 3 of 3 DN Heartbeats.
2022-01-18 14:49:19,378 [Listener at 127.0.0.1/40135] INFO  ozone.MiniOzoneClusterImpl (MiniOzoneClusterImpl.java:lambda$waitForClusterToBeReady$0(222)) - Waiting for cluster to exit safe mode
2022-01-18 14:49:19,378 [Listener at 127.0.0.1/40135] INFO  ozone.MiniOzoneClusterImpl (MiniOzoneClusterImpl.java:lambda$waitForClusterToBeReady$0(224)) - SCM became leader
2022-01-18 14:49:20,297 [f0baeb8c-e6d1-47f5-b4e1-5ba393635f6f@group-C90ECADE688A-FollowerState] INFO  impl.FollowerState (FollowerState.java:run(134)) - f0baeb8c-e6d1-47f5-b4e1-5ba393635f6f@group-C90ECADE688A-FollowerState: change to CANDIDATE, lastRpcElapsedTime:5001658122ns, electionTimeout:5001ms
2022-01-18 14:49:20,297 [f0baeb8c-e6d1-47f5-b4e1-5ba393635f6f@group-C90ECADE688A-FollowerState] INFO  impl.RoleInfo (RoleInfo.java:shutdownFollowerState(108)) - f0baeb8c-e6d1-47f5-b4e1-5ba393635f6f: shutdown f0baeb8c-e6d1-47f5-b4e1-5ba393635f6f@group-C90ECADE688A-FollowerState
2022-01-18 14:49:20,297 [f0baeb8c-e6d1-47f5-b4e1-5ba393635f6f@group-C90ECADE688A-FollowerState] INFO  server.RaftServer$Division (RaftServerImpl.java:setRole(290)) - f0baeb8c-e6d1-47f5-b4e1-5ba393635f6f@group-C90ECADE688A: changes role from  FOLLOWER to CANDIDATE at term 6 for changeToCandidate
2022-01-18 14:49:20,297 [f0baeb8c-e6d1-47f5-b4e1-5ba393635f6f@group-C90ECADE688A-FollowerState] INFO  server.RaftServerConfigKeys (ConfUtils.java:logGet(44)) - raft.server.leaderelection.pre-vote = false (custom)
2022-01-18 14:49:20,297 [f0baeb8c-e6d1-47f5-b4e1-5ba393635f6f@group-C90ECADE688A-FollowerState] INFO  impl.RoleInfo (RoleInfo.java:updateAndGet(130)) - f0baeb8c-e6d1-47f5-b4e1-5ba393635f6f: start f0baeb8c-e6d1-47f5-b4e1-5ba393635f6f@group-C90ECADE688A-LeaderElection29
2022-01-18 14:49:20,314 [f0baeb8c-e6d1-47f5-b4e1-5ba393635f6f@group-C90ECADE688A-LeaderElection29] INFO  impl.LeaderElection (LeaderElection.java:askForVotes(306)) - f0baeb8c-e6d1-47f5-b4e1-5ba393635f6f@group-C90ECADE688A-LeaderElection29 ELECTION round 0: submit vote requests at term 7 for -1: [a81a925a-6276-4e36-9bcf-91f1631c9c2f|rpc:10.1.0.41:40475|priority:0, f0baeb8c-e6d1-47f5-b4e1-5ba393635f6f|rpc:10.1.0.41:43293|priority:0, beb67d5c-35ba-4f4b-ba77-131041920502|rpc:10.1.0.41:36345|priority:1], old=null
2022-01-18 14:49:20,352 [grpc-default-executor-1] INFO  server.RaftServer$Division (RaftServerImpl.java:requestVote(1046)) - a81a925a-6276-4e36-9bcf-91f1631c9c2f@group-C90ECADE688A: receive requestVote(ELECTION, f0baeb8c-e6d1-47f5-b4e1-5ba393635f6f, group-C90ECADE688A, 7, (t:0, i:0))
2022-01-18 14:49:20,352 [grpc-default-executor-1] INFO  impl.VoteContext (VoteContext.java:log(48)) - a81a925a-6276-4e36-9bcf-91f1631c9c2f@group-C90ECADE688A-FOLLOWER: accept ELECTION from f0baeb8c-e6d1-47f5-b4e1-5ba393635f6f: our priority 0 <= candidate's priority 0
2022-01-18 14:49:20,353 [grpc-default-executor-1] INFO  server.RaftServer$Division (RaftServerImpl.java:setRole(290)) - a81a925a-6276-4e36-9bcf-91f1631c9c2f@group-C90ECADE688A: changes role from  FOLLOWER to FOLLOWER at term 7 for candidate:f0baeb8c-e6d1-47f5-b4e1-5ba393635f6f
2022-01-18 14:49:20,353 [grpc-default-executor-1] INFO  impl.RoleInfo (RoleInfo.java:shutdownFollowerState(108)) - a81a925a-6276-4e36-9bcf-91f1631c9c2f: shutdown a81a925a-6276-4e36-9bcf-91f1631c9c2f@group-C90ECADE688A-FollowerState
2022-01-18 14:49:20,353 [grpc-default-executor-1] INFO  impl.RoleInfo (RoleInfo.java:updateAndGet(130)) - a81a925a-6276-4e36-9bcf-91f1631c9c2f: start a81a925a-6276-4e36-9bcf-91f1631c9c2f@group-C90ECADE688A-FollowerState
2022-01-18 14:49:20,354 [a81a925a-6276-4e36-9bcf-91f1631c9c2f@group-C90ECADE688A-FollowerState] INFO  impl.FollowerState (FollowerState.java:run(143)) - a81a925a-6276-4e36-9bcf-91f1631c9c2f@group-C90ECADE688A-FollowerState was interrupted: {}
java.lang.InterruptedException: sleep interrupted
	at java.lang.Thread.sleep(Native Method)
	at java.lang.Thread.sleep(Thread.java:340)
	at java.util.concurrent.TimeUnit.sleep(TimeUnit.java:386)
	at org.apache.ratis.util.TimeDuration.sleep(TimeDuration.java:324)
	at org.apache.ratis.util.TimeDuration.sleep(TimeDuration.java:309)
	at org.apache.ratis.server.impl.FollowerState.run(FollowerState.java:118)
2022-01-18 14:49:20,369 [grpc-default-executor-2] INFO  server.RaftServer$Division (RaftServerImpl.java:requestVote(1046)) - beb67d5c-35ba-4f4b-ba77-131041920502@group-C90ECADE688A: receive requestVote(ELECTION, f0baeb8c-e6d1-47f5-b4e1-5ba393635f6f, group-C90ECADE688A, 7, (t:0, i:0))
2022-01-18 14:49:20,369 [grpc-default-executor-2] INFO  impl.VoteContext (VoteContext.java:log(48)) - beb67d5c-35ba-4f4b-ba77-131041920502@group-C90ECADE688A-FOLLOWER: reject ELECTION from f0baeb8c-e6d1-47f5-b4e1-5ba393635f6f: our priority 1 > candidate's priority 0
2022-01-18 14:49:20,370 [grpc-default-executor-2] INFO  server.RaftServer$Division (RaftServerImpl.java:setRole(290)) - beb67d5c-35ba-4f4b-ba77-131041920502@group-C90ECADE688A: changes role from  FOLLOWER to FOLLOWER at term 7 for candidate:f0baeb8c-e6d1-47f5-b4e1-5ba393635f6f
2022-01-18 14:49:20,370 [grpc-default-executor-2] INFO  impl.RoleInfo (RoleInfo.java:shutdownFollowerState(108)) - beb67d5c-35ba-4f4b-ba77-131041920502: shutdown beb67d5c-35ba-4f4b-ba77-131041920502@group-C90ECADE688A-FollowerState
2022-01-18 14:49:20,370 [grpc-default-executor-2] INFO  impl.RoleInfo (RoleInfo.java:updateAndGet(130)) - beb67d5c-35ba-4f4b-ba77-131041920502: start beb67d5c-35ba-4f4b-ba77-131041920502@group-C90ECADE688A-FollowerState
2022-01-18 14:49:20,371 [beb67d5c-35ba-4f4b-ba77-131041920502@group-C90ECADE688A-FollowerState] INFO  impl.FollowerState (FollowerState.java:run(143)) - beb67d5c-35ba-4f4b-ba77-131041920502@group-C90ECADE688A-FollowerState was interrupted: {}
java.lang.InterruptedException: sleep interrupted
	at java.lang.Thread.sleep(Native Method)
	at java.lang.Thread.sleep(Thread.java:340)
	at java.util.concurrent.TimeUnit.sleep(TimeUnit.java:386)
	at org.apache.ratis.util.TimeDuration.sleep(TimeDuration.java:324)
	at org.apache.ratis.util.TimeDuration.sleep(TimeDuration.java:309)
	at org.apache.ratis.server.impl.FollowerState.run(FollowerState.java:118)
2022-01-18 14:49:20,377 [grpc-default-executor-2] INFO  server.RaftServer$Division (RaftServerImpl.java:requestVote(1078)) - beb67d5c-35ba-4f4b-ba77-131041920502@group-C90ECADE688A replies to ELECTION vote request: f0baeb8c-e6d1-47f5-b4e1-5ba393635f6f<-beb67d5c-35ba-4f4b-ba77-131041920502#0:FAIL-t7. Peer's state: beb67d5c-35ba-4f4b-ba77-131041920502@group-C90ECADE688A:t7, leader=null, voted=null, raftlog=beb67d5c-35ba-4f4b-ba77-131041920502@group-C90ECADE688A-SegmentedRaftLog:OPENED:c-1, conf=-1: [a81a925a-6276-4e36-9bcf-91f1631c9c2f|rpc:10.1.0.41:40475|dataStream:|priority:0, f0baeb8c-e6d1-47f5-b4e1-5ba393635f6f|rpc:10.1.0.41:43293|dataStream:|priority:0, beb67d5c-35ba-4f4b-ba77-131041920502|rpc:10.1.0.41:36345|dataStream:|priority:1], old=null
2022-01-18 14:49:20,378 [f0baeb8c-e6d1-47f5-b4e1-5ba393635f6f@group-C90ECADE688A-LeaderElection29] INFO  impl.LeaderElection (LeaderElection.java:logAndReturn(89)) - f0baeb8c-e6d1-47f5-b4e1-5ba393635f6f@group-C90ECADE688A-LeaderElection29: ELECTION REJECTED received 1 response(s) and 0 exception(s):
2022-01-18 14:49:20,378 [f0baeb8c-e6d1-47f5-b4e1-5ba393635f6f@group-C90ECADE688A-LeaderElection29] INFO  impl.LeaderElection (LeaderElection.java:logAndReturn(93)) -   Response 0: f0baeb8c-e6d1-47f5-b4e1-5ba393635f6f<-beb67d5c-35ba-4f4b-ba77-131041920502#0:FAIL-t7
2022-01-18 14:49:20,378 [f0baeb8c-e6d1-47f5-b4e1-5ba393635f6f@group-C90ECADE688A-LeaderElection29] INFO  impl.LeaderElection (LeaderElection.java:askForVotes(308)) - f0baeb8c-e6d1-47f5-b4e1-5ba393635f6f@group-C90ECADE688A-LeaderElection29 ELECTION round 0: result REJECTED
2022-01-18 14:49:20,378 [f0baeb8c-e6d1-47f5-b4e1-5ba393635f6f@group-C90ECADE688A-LeaderElection29] INFO  server.RaftServer$Division (RaftServerImpl.java:setRole(290)) - f0baeb8c-e6d1-47f5-b4e1-5ba393635f6f@group-C90ECADE688A: changes role from CANDIDATE to FOLLOWER at term 7 for REJECTED
2022-01-18 14:49:20,378 [f0baeb8c-e6d1-47f5-b4e1-5ba393635f6f@group-C90ECADE688A-LeaderElection29] INFO  impl.RoleInfo (RoleInfo.java:shutdownLeaderElection(121)) - f0baeb8c-e6d1-47f5-b4e1-5ba393635f6f: shutdown f0baeb8c-e6d1-47f5-b4e1-5ba393635f6f@group-C90ECADE688A-LeaderElection29
2022-01-18 14:49:20,379 [f0baeb8c-e6d1-47f5-b4e1-5ba393635f6f@group-C90ECADE688A-LeaderElection29] INFO  impl.RoleInfo (RoleInfo.java:updateAndGet(130)) - f0baeb8c-e6d1-47f5-b4e1-5ba393635f6f: start f0baeb8c-e6d1-47f5-b4e1-5ba393635f6f@group-C90ECADE688A-FollowerState
2022-01-18 14:49:20,380 [grpc-default-executor-1] INFO  server.RaftServer$Division (RaftServerImpl.java:requestVote(1078)) - a81a925a-6276-4e36-9bcf-91f1631c9c2f@group-C90ECADE688A replies to ELECTION vote request: f0baeb8c-e6d1-47f5-b4e1-5ba393635f6f<-a81a925a-6276-4e36-9bcf-91f1631c9c2f#0:OK-t7. Peer's state: a81a925a-6276-4e36-9bcf-91f1631c9c2f@group-C90ECADE688A:t7, leader=null, voted=f0baeb8c-e6d1-47f5-b4e1-5ba393635f6f, raftlog=a81a925a-6276-4e36-9bcf-91f1631c9c2f@group-C90ECADE688A-SegmentedRaftLog:OPENED:c-1, conf=-1: [a81a925a-6276-4e36-9bcf-91f1631c9c2f|rpc:10.1.0.41:40475|dataStream:|priority:0, f0baeb8c-e6d1-47f5-b4e1-5ba393635f6f|rpc:10.1.0.41:43293|dataStream:|priority:0, beb67d5c-35ba-4f4b-ba77-131041920502|rpc:10.1.0.41:36345|dataStream:|priority:1], old=null
2022-01-18 14:49:20,380 [Listener at 127.0.0.1/40135] INFO  ozone.MiniOzoneClusterImpl (MiniOzoneClusterImpl.java:lambda$waitForClusterToBeReady$0(219)) - Nodes are ready. Got 3 of 3 DN Heartbeats.
2022-01-18 14:49:20,390 [Listener at 127.0.0.1/40135] INFO  ozone.MiniOzoneClusterImpl (MiniOzoneClusterImpl.java:lambda$waitForClusterToBeReady$0(222)) - Waiting for cluster to exit safe mode
2022-01-18 14:49:20,390 [Listener at 127.0.0.1/40135] INFO  ozone.MiniOzoneClusterImpl (MiniOzoneClusterImpl.java:lambda$waitForClusterToBeReady$0(224)) - SCM became leader
2022-01-18 14:49:21,390 [Listener at 127.0.0.1/40135] INFO  ozone.MiniOzoneClusterImpl (MiniOzoneClusterImpl.java:lambda$waitForClusterToBeReady$0(219)) - Nodes are ready. Got 3 of 3 DN Heartbeats.
2022-01-18 14:49:21,390 [Listener at 127.0.0.1/40135] INFO  ozone.MiniOzoneClusterImpl (MiniOzoneClusterImpl.java:lambda$waitForClusterToBeReady$0(222)) - Waiting for cluster to exit safe mode
2022-01-18 14:49:21,390 [Listener at 127.0.0.1/40135] INFO  ozone.MiniOzoneClusterImpl (MiniOzoneClusterImpl.java:lambda$waitForClusterToBeReady$0(224)) - SCM became leader
2022-01-18 14:49:22,391 [Listener at 127.0.0.1/40135] INFO  ozone.MiniOzoneClusterImpl (MiniOzoneClusterImpl.java:lambda$waitForClusterToBeReady$0(219)) - Nodes are ready. Got 3 of 3 DN Heartbeats.
2022-01-18 14:49:22,391 [Listener at 127.0.0.1/40135] INFO  ozone.MiniOzoneClusterImpl (MiniOzoneClusterImpl.java:lambda$waitForClusterToBeReady$0(222)) - Waiting for cluster to exit safe mode
2022-01-18 14:49:22,391 [Listener at 127.0.0.1/40135] INFO  ozone.MiniOzoneClusterImpl (MiniOzoneClusterImpl.java:lambda$waitForClusterToBeReady$0(224)) - SCM became leader
2022-01-18 14:49:23,391 [Listener at 127.0.0.1/40135] INFO  ozone.MiniOzoneClusterImpl (MiniOzoneClusterImpl.java:lambda$waitForClusterToBeReady$0(219)) - Nodes are ready. Got 3 of 3 DN Heartbeats.
2022-01-18 14:49:23,391 [Listener at 127.0.0.1/40135] INFO  ozone.MiniOzoneClusterImpl (MiniOzoneClusterImpl.java:lambda$waitForClusterToBeReady$0(222)) - Waiting for cluster to exit safe mode
2022-01-18 14:49:23,391 [Listener at 127.0.0.1/40135] INFO  ozone.MiniOzoneClusterImpl (MiniOzoneClusterImpl.java:lambda$waitForClusterToBeReady$0(224)) - SCM became leader
2022-01-18 14:49:24,392 [Listener at 127.0.0.1/40135] INFO  ozone.MiniOzoneClusterImpl (MiniOzoneClusterImpl.java:lambda$waitForClusterToBeReady$0(219)) - Nodes are ready. Got 3 of 3 DN Heartbeats.
2022-01-18 14:49:24,392 [Listener at 127.0.0.1/40135] INFO  ozone.MiniOzoneClusterImpl (MiniOzoneClusterImpl.java:lambda$waitForClusterToBeReady$0(222)) - Waiting for cluster to exit safe mode
2022-01-18 14:49:24,392 [Listener at 127.0.0.1/40135] INFO  ozone.MiniOzoneClusterImpl (MiniOzoneClusterImpl.java:lambda$waitForClusterToBeReady$0(224)) - SCM became leader
2022-01-18 14:49:25,392 [Listener at 127.0.0.1/40135] INFO  ozone.MiniOzoneClusterImpl (MiniOzoneClusterImpl.java:lambda$waitForClusterToBeReady$0(219)) - Nodes are ready. Got 3 of 3 DN Heartbeats.
2022-01-18 14:49:25,392 [Listener at 127.0.0.1/40135] INFO  ozone.MiniOzoneClusterImpl (MiniOzoneClusterImpl.java:lambda$waitForClusterToBeReady$0(222)) - Waiting for cluster to exit safe mode
2022-01-18 14:49:25,392 [Listener at 127.0.0.1/40135] INFO  ozone.MiniOzoneClusterImpl (MiniOzoneClusterImpl.java:lambda$waitForClusterToBeReady$0(224)) - SCM became leader
2022-01-18 14:49:25,430 [f0baeb8c-e6d1-47f5-b4e1-5ba393635f6f@group-C90ECADE688A-FollowerState] INFO  impl.FollowerState (FollowerState.java:run(134)) - f0baeb8c-e6d1-47f5-b4e1-5ba393635f6f@group-C90ECADE688A-FollowerState: change to CANDIDATE, lastRpcElapsedTime:5051653139ns, electionTimeout:5038ms
2022-01-18 14:49:25,433 [f0baeb8c-e6d1-47f5-b4e1-5ba393635f6f@group-C90ECADE688A-FollowerState] INFO  impl.RoleInfo (RoleInfo.java:shutdownFollowerState(108)) - f0baeb8c-e6d1-47f5-b4e1-5ba393635f6f: shutdown f0baeb8c-e6d1-47f5-b4e1-5ba393635f6f@group-C90ECADE688A-FollowerState
2022-01-18 14:49:25,433 [f0baeb8c-e6d1-47f5-b4e1-5ba393635f6f@group-C90ECADE688A-FollowerState] INFO  server.RaftServer$Division (RaftServerImpl.java:setRole(290)) - f0baeb8c-e6d1-47f5-b4e1-5ba393635f6f@group-C90ECADE688A: changes role from  FOLLOWER to CANDIDATE at term 7 for changeToCandidate
2022-01-18 14:49:25,433 [f0baeb8c-e6d1-47f5-b4e1-5ba393635f6f@group-C90ECADE688A-FollowerState] INFO  server.RaftServerConfigKeys (ConfUtils.java:logGet(44)) - raft.server.leaderelection.pre-vote = false (custom)
2022-01-18 14:49:25,433 [f0baeb8c-e6d1-47f5-b4e1-5ba393635f6f@group-C90ECADE688A-FollowerState] INFO  impl.RoleInfo (RoleInfo.java:updateAndGet(130)) - f0baeb8c-e6d1-47f5-b4e1-5ba393635f6f: start f0baeb8c-e6d1-47f5-b4e1-5ba393635f6f@group-C90ECADE688A-LeaderElection30
2022-01-18 14:49:25,447 [f0baeb8c-e6d1-47f5-b4e1-5ba393635f6f@group-C90ECADE688A-LeaderElection30] INFO  impl.LeaderElection (LeaderElection.java:askForVotes(306)) - f0baeb8c-e6d1-47f5-b4e1-5ba393635f6f@group-C90ECADE688A-LeaderElection30 ELECTION round 0: submit vote requests at term 8 for -1: [a81a925a-6276-4e36-9bcf-91f1631c9c2f|rpc:10.1.0.41:40475|priority:0, f0baeb8c-e6d1-47f5-b4e1-5ba393635f6f|rpc:10.1.0.41:43293|priority:0, beb67d5c-35ba-4f4b-ba77-131041920502|rpc:10.1.0.41:36345|priority:1], old=null
2022-01-18 14:49:25,473 [grpc-default-executor-2] INFO  server.RaftServer$Division (RaftServerImpl.java:requestVote(1046)) - a81a925a-6276-4e36-9bcf-91f1631c9c2f@group-C90ECADE688A: receive requestVote(ELECTION, f0baeb8c-e6d1-47f5-b4e1-5ba393635f6f, group-C90ECADE688A, 8, (t:0, i:0))
2022-01-18 14:49:25,473 [grpc-default-executor-2] INFO  impl.VoteContext (VoteContext.java:log(48)) - a81a925a-6276-4e36-9bcf-91f1631c9c2f@group-C90ECADE688A-FOLLOWER: accept ELECTION from f0baeb8c-e6d1-47f5-b4e1-5ba393635f6f: our priority 0 <= candidate's priority 0
2022-01-18 14:49:25,473 [grpc-default-executor-2] INFO  server.RaftServer$Division (RaftServerImpl.java:setRole(290)) - a81a925a-6276-4e36-9bcf-91f1631c9c2f@group-C90ECADE688A: changes role from  FOLLOWER to FOLLOWER at term 8 for candidate:f0baeb8c-e6d1-47f5-b4e1-5ba393635f6f
2022-01-18 14:49:25,473 [grpc-default-executor-2] INFO  impl.RoleInfo (RoleInfo.java:shutdownFollowerState(108)) - a81a925a-6276-4e36-9bcf-91f1631c9c2f: shutdown a81a925a-6276-4e36-9bcf-91f1631c9c2f@group-C90ECADE688A-FollowerState
2022-01-18 14:49:25,474 [grpc-default-executor-2] INFO  impl.RoleInfo (RoleInfo.java:updateAndGet(130)) - a81a925a-6276-4e36-9bcf-91f1631c9c2f: start a81a925a-6276-4e36-9bcf-91f1631c9c2f@group-C90ECADE688A-FollowerState
2022-01-18 14:49:25,474 [a81a925a-6276-4e36-9bcf-91f1631c9c2f@group-C90ECADE688A-FollowerState] INFO  impl.FollowerState (FollowerState.java:run(143)) - a81a925a-6276-4e36-9bcf-91f1631c9c2f@group-C90ECADE688A-FollowerState was interrupted: {}
java.lang.InterruptedException: sleep interrupted
	at java.lang.Thread.sleep(Native Method)
	at java.lang.Thread.sleep(Thread.java:340)
	at java.util.concurrent.TimeUnit.sleep(TimeUnit.java:386)
	at org.apache.ratis.util.TimeDuration.sleep(TimeDuration.java:324)
	at org.apache.ratis.util.TimeDuration.sleep(TimeDuration.java:309)
	at org.apache.ratis.server.impl.FollowerState.run(FollowerState.java:118)
2022-01-18 14:49:25,484 [grpc-default-executor-2] INFO  server.RaftServer$Division (RaftServerImpl.java:requestVote(1078)) - a81a925a-6276-4e36-9bcf-91f1631c9c2f@group-C90ECADE688A replies to ELECTION vote request: f0baeb8c-e6d1-47f5-b4e1-5ba393635f6f<-a81a925a-6276-4e36-9bcf-91f1631c9c2f#0:OK-t8. Peer's state: a81a925a-6276-4e36-9bcf-91f1631c9c2f@group-C90ECADE688A:t8, leader=null, voted=f0baeb8c-e6d1-47f5-b4e1-5ba393635f6f, raftlog=a81a925a-6276-4e36-9bcf-91f1631c9c2f@group-C90ECADE688A-SegmentedRaftLog:OPENED:c-1, conf=-1: [a81a925a-6276-4e36-9bcf-91f1631c9c2f|rpc:10.1.0.41:40475|dataStream:|priority:0, f0baeb8c-e6d1-47f5-b4e1-5ba393635f6f|rpc:10.1.0.41:43293|dataStream:|priority:0, beb67d5c-35ba-4f4b-ba77-131041920502|rpc:10.1.0.41:36345|dataStream:|priority:1], old=null
2022-01-18 14:49:25,504 [grpc-default-executor-1] INFO  server.RaftServer$Division (RaftServerImpl.java:requestVote(1046)) - beb67d5c-35ba-4f4b-ba77-131041920502@group-C90ECADE688A: receive requestVote(ELECTION, f0baeb8c-e6d1-47f5-b4e1-5ba393635f6f, group-C90ECADE688A, 8, (t:0, i:0))
2022-01-18 14:49:25,504 [grpc-default-executor-1] INFO  impl.VoteContext (VoteContext.java:log(48)) - beb67d5c-35ba-4f4b-ba77-131041920502@group-C90ECADE688A-FOLLOWER: reject ELECTION from f0baeb8c-e6d1-47f5-b4e1-5ba393635f6f: our priority 1 > candidate's priority 0
2022-01-18 14:49:25,505 [grpc-default-executor-1] INFO  server.RaftServer$Division (RaftServerImpl.java:setRole(290)) - beb67d5c-35ba-4f4b-ba77-131041920502@group-C90ECADE688A: changes role from  FOLLOWER to FOLLOWER at term 8 for candidate:f0baeb8c-e6d1-47f5-b4e1-5ba393635f6f
2022-01-18 14:49:25,505 [grpc-default-executor-1] INFO  impl.RoleInfo (RoleInfo.java:shutdownFollowerState(108)) - beb67d5c-35ba-4f4b-ba77-131041920502: shutdown beb67d5c-35ba-4f4b-ba77-131041920502@group-C90ECADE688A-FollowerState
2022-01-18 14:49:25,505 [grpc-default-executor-1] INFO  impl.RoleInfo (RoleInfo.java:updateAndGet(130)) - beb67d5c-35ba-4f4b-ba77-131041920502: start beb67d5c-35ba-4f4b-ba77-131041920502@group-C90ECADE688A-FollowerState
2022-01-18 14:49:25,506 [beb67d5c-35ba-4f4b-ba77-131041920502@group-C90ECADE688A-FollowerState] INFO  impl.FollowerState (FollowerState.java:run(143)) - beb67d5c-35ba-4f4b-ba77-131041920502@group-C90ECADE688A-FollowerState was interrupted: {}
java.lang.InterruptedException: sleep interrupted
	at java.lang.Thread.sleep(Native Method)
	at java.lang.Thread.sleep(Thread.java:340)
	at java.util.concurrent.TimeUnit.sleep(TimeUnit.java:386)
	at org.apache.ratis.util.TimeDuration.sleep(TimeDuration.java:324)
	at org.apache.ratis.util.TimeDuration.sleep(TimeDuration.java:309)
	at org.apache.ratis.server.impl.FollowerState.run(FollowerState.java:118)
2022-01-18 14:49:25,507 [grpc-default-executor-1] INFO  server.RaftServer$Division (RaftServerImpl.java:requestVote(1078)) - beb67d5c-35ba-4f4b-ba77-131041920502@group-C90ECADE688A replies to ELECTION vote request: f0baeb8c-e6d1-47f5-b4e1-5ba393635f6f<-beb67d5c-35ba-4f4b-ba77-131041920502#0:FAIL-t8. Peer's state: beb67d5c-35ba-4f4b-ba77-131041920502@group-C90ECADE688A:t8, leader=null, voted=null, raftlog=beb67d5c-35ba-4f4b-ba77-131041920502@group-C90ECADE688A-SegmentedRaftLog:OPENED:c-1, conf=-1: [a81a925a-6276-4e36-9bcf-91f1631c9c2f|rpc:10.1.0.41:40475|dataStream:|priority:0, f0baeb8c-e6d1-47f5-b4e1-5ba393635f6f|rpc:10.1.0.41:43293|dataStream:|priority:0, beb67d5c-35ba-4f4b-ba77-131041920502|rpc:10.1.0.41:36345|dataStream:|priority:1], old=null
2022-01-18 14:49:25,511 [f0baeb8c-e6d1-47f5-b4e1-5ba393635f6f@group-C90ECADE688A-LeaderElection30] INFO  impl.LeaderElection (LeaderElection.java:logAndReturn(89)) - f0baeb8c-e6d1-47f5-b4e1-5ba393635f6f@group-C90ECADE688A-LeaderElection30: ELECTION REJECTED received 2 response(s) and 0 exception(s):
2022-01-18 14:49:25,511 [f0baeb8c-e6d1-47f5-b4e1-5ba393635f6f@group-C90ECADE688A-LeaderElection30] INFO  impl.LeaderElection (LeaderElection.java:logAndReturn(93)) -   Response 0: f0baeb8c-e6d1-47f5-b4e1-5ba393635f6f<-a81a925a-6276-4e36-9bcf-91f1631c9c2f#0:OK-t8
2022-01-18 14:49:25,511 [f0baeb8c-e6d1-47f5-b4e1-5ba393635f6f@group-C90ECADE688A-LeaderElection30] INFO  impl.LeaderElection (LeaderElection.java:logAndReturn(93)) -   Response 1: f0baeb8c-e6d1-47f5-b4e1-5ba393635f6f<-beb67d5c-35ba-4f4b-ba77-131041920502#0:FAIL-t8
2022-01-18 14:49:25,511 [f0baeb8c-e6d1-47f5-b4e1-5ba393635f6f@group-C90ECADE688A-LeaderElection30] INFO  impl.LeaderElection (LeaderElection.java:askForVotes(308)) - f0baeb8c-e6d1-47f5-b4e1-5ba393635f6f@group-C90ECADE688A-LeaderElection30 ELECTION round 0: result REJECTED
2022-01-18 14:49:25,511 [f0baeb8c-e6d1-47f5-b4e1-5ba393635f6f@group-C90ECADE688A-LeaderElection30] INFO  server.RaftServer$Division (RaftServerImpl.java:setRole(290)) - f0baeb8c-e6d1-47f5-b4e1-5ba393635f6f@group-C90ECADE688A: changes role from CANDIDATE to FOLLOWER at term 8 for REJECTED
2022-01-18 14:49:25,511 [f0baeb8c-e6d1-47f5-b4e1-5ba393635f6f@group-C90ECADE688A-LeaderElection30] INFO  impl.RoleInfo (RoleInfo.java:shutdownLeaderElection(121)) - f0baeb8c-e6d1-47f5-b4e1-5ba393635f6f: shutdown f0baeb8c-e6d1-47f5-b4e1-5ba393635f6f@group-C90ECADE688A-LeaderElection30
2022-01-18 14:49:25,511 [f0baeb8c-e6d1-47f5-b4e1-5ba393635f6f@group-C90ECADE688A-LeaderElection30] INFO  impl.RoleInfo (RoleInfo.java:updateAndGet(130)) - f0baeb8c-e6d1-47f5-b4e1-5ba393635f6f: start f0baeb8c-e6d1-47f5-b4e1-5ba393635f6f@group-C90ECADE688A-FollowerState
2022-01-18 14:49:26,393 [Listener at 127.0.0.1/40135] INFO  ozone.MiniOzoneClusterImpl (MiniOzoneClusterImpl.java:lambda$waitForClusterToBeReady$0(219)) - Nodes are ready. Got 3 of 3 DN Heartbeats.
2022-01-18 14:49:26,397 [Listener at 127.0.0.1/40135] INFO  ozone.MiniOzoneClusterImpl (MiniOzoneClusterImpl.java:lambda$waitForClusterToBeReady$0(222)) - Waiting for cluster to exit safe mode
2022-01-18 14:49:26,397 [Listener at 127.0.0.1/40135] INFO  ozone.MiniOzoneClusterImpl (MiniOzoneClusterImpl.java:lambda$waitForClusterToBeReady$0(224)) - SCM became leader
2022-01-18 14:49:27,411 [Listener at 127.0.0.1/40135] INFO  ozone.MiniOzoneClusterImpl (MiniOzoneClusterImpl.java:lambda$waitForClusterToBeReady$0(219)) - Nodes are ready. Got 3 of 3 DN Heartbeats.
2022-01-18 14:49:27,412 [Listener at 127.0.0.1/40135] INFO  ozone.MiniOzoneClusterImpl (MiniOzoneClusterImpl.java:lambda$waitForClusterToBeReady$0(222)) - Waiting for cluster to exit safe mode
2022-01-18 14:49:27,412 [Listener at 127.0.0.1/40135] INFO  ozone.MiniOzoneClusterImpl (MiniOzoneClusterImpl.java:lambda$waitForClusterToBeReady$0(224)) - SCM became leader
2022-01-18 14:49:28,412 [Listener at 127.0.0.1/40135] INFO  ozone.MiniOzoneClusterImpl (MiniOzoneClusterImpl.java:lambda$waitForClusterToBeReady$0(219)) - Nodes are ready. Got 3 of 3 DN Heartbeats.
2022-01-18 14:49:28,412 [Listener at 127.0.0.1/40135] INFO  ozone.MiniOzoneClusterImpl (MiniOzoneClusterImpl.java:lambda$waitForClusterToBeReady$0(222)) - Waiting for cluster to exit safe mode
2022-01-18 14:49:28,412 [Listener at 127.0.0.1/40135] INFO  ozone.MiniOzoneClusterImpl (MiniOzoneClusterImpl.java:lambda$waitForClusterToBeReady$0(224)) - SCM became leader
2022-01-18 14:49:29,412 [Listener at 127.0.0.1/40135] INFO  ozone.MiniOzoneClusterImpl (MiniOzoneClusterImpl.java:lambda$waitForClusterToBeReady$0(219)) - Nodes are ready. Got 3 of 3 DN Heartbeats.
2022-01-18 14:49:29,413 [Listener at 127.0.0.1/40135] INFO  ozone.MiniOzoneClusterImpl (MiniOzoneClusterImpl.java:lambda$waitForClusterToBeReady$0(222)) - Waiting for cluster to exit safe mode
2022-01-18 14:49:29,413 [Listener at 127.0.0.1/40135] INFO  ozone.MiniOzoneClusterImpl (MiniOzoneClusterImpl.java:lambda$waitForClusterToBeReady$0(224)) - SCM became leader
2022-01-18 14:49:30,413 [Listener at 127.0.0.1/40135] INFO  ozone.MiniOzoneClusterImpl (MiniOzoneClusterImpl.java:lambda$waitForClusterToBeReady$0(219)) - Nodes are ready. Got 3 of 3 DN Heartbeats.
2022-01-18 14:49:30,413 [Listener at 127.0.0.1/40135] INFO  ozone.MiniOzoneClusterImpl (MiniOzoneClusterImpl.java:lambda$waitForClusterToBeReady$0(222)) - Waiting for cluster to exit safe mode
2022-01-18 14:49:30,413 [Listener at 127.0.0.1/40135] INFO  ozone.MiniOzoneClusterImpl (MiniOzoneClusterImpl.java:lambda$waitForClusterToBeReady$0(224)) - SCM became leader
2022-01-18 14:49:30,505 [beb67d5c-35ba-4f4b-ba77-131041920502@group-C90ECADE688A-FollowerState] INFO  impl.FollowerState (FollowerState.java:run(134)) - beb67d5c-35ba-4f4b-ba77-131041920502@group-C90ECADE688A-FollowerState: change to CANDIDATE, lastRpcElapsedTime:5000371967ns, electionTimeout:5000ms
2022-01-18 14:49:30,505 [beb67d5c-35ba-4f4b-ba77-131041920502@group-C90ECADE688A-FollowerState] INFO  impl.RoleInfo (RoleInfo.java:shutdownFollowerState(108)) - beb67d5c-35ba-4f4b-ba77-131041920502: shutdown beb67d5c-35ba-4f4b-ba77-131041920502@group-C90ECADE688A-FollowerState
2022-01-18 14:49:30,505 [beb67d5c-35ba-4f4b-ba77-131041920502@group-C90ECADE688A-FollowerState] INFO  server.RaftServer$Division (RaftServerImpl.java:setRole(290)) - beb67d5c-35ba-4f4b-ba77-131041920502@group-C90ECADE688A: changes role from  FOLLOWER to CANDIDATE at term 8 for changeToCandidate
2022-01-18 14:49:30,505 [beb67d5c-35ba-4f4b-ba77-131041920502@group-C90ECADE688A-FollowerState] INFO  server.RaftServerConfigKeys (ConfUtils.java:logGet(44)) - raft.server.leaderelection.pre-vote = false (custom)
2022-01-18 14:49:30,505 [beb67d5c-35ba-4f4b-ba77-131041920502@group-C90ECADE688A-FollowerState] INFO  impl.RoleInfo (RoleInfo.java:updateAndGet(130)) - beb67d5c-35ba-4f4b-ba77-131041920502: start beb67d5c-35ba-4f4b-ba77-131041920502@group-C90ECADE688A-LeaderElection31
2022-01-18 14:49:30,534 [beb67d5c-35ba-4f4b-ba77-131041920502@group-C90ECADE688A-LeaderElection31] INFO  impl.LeaderElection (LeaderElection.java:askForVotes(306)) - beb67d5c-35ba-4f4b-ba77-131041920502@group-C90ECADE688A-LeaderElection31 ELECTION round 0: submit vote requests at term 9 for -1: [a81a925a-6276-4e36-9bcf-91f1631c9c2f|rpc:10.1.0.41:40475|dataStream:|priority:0, f0baeb8c-e6d1-47f5-b4e1-5ba393635f6f|rpc:10.1.0.41:43293|dataStream:|priority:0, beb67d5c-35ba-4f4b-ba77-131041920502|rpc:10.1.0.41:36345|dataStream:|priority:1], old=null
2022-01-18 14:49:30,560 [grpc-default-executor-1] INFO  server.RaftServer$Division (RaftServerImpl.java:requestVote(1046)) - a81a925a-6276-4e36-9bcf-91f1631c9c2f@group-C90ECADE688A: receive requestVote(ELECTION, beb67d5c-35ba-4f4b-ba77-131041920502, group-C90ECADE688A, 9, (t:0, i:0))
2022-01-18 14:49:30,561 [grpc-default-executor-1] INFO  impl.VoteContext (VoteContext.java:log(48)) - a81a925a-6276-4e36-9bcf-91f1631c9c2f@group-C90ECADE688A-FOLLOWER: accept ELECTION from beb67d5c-35ba-4f4b-ba77-131041920502: our priority 0 <= candidate's priority 1
2022-01-18 14:49:30,561 [grpc-default-executor-1] INFO  server.RaftServer$Division (RaftServerImpl.java:setRole(290)) - a81a925a-6276-4e36-9bcf-91f1631c9c2f@group-C90ECADE688A: changes role from  FOLLOWER to FOLLOWER at term 9 for candidate:beb67d5c-35ba-4f4b-ba77-131041920502
2022-01-18 14:49:30,561 [grpc-default-executor-1] INFO  impl.RoleInfo (RoleInfo.java:shutdownFollowerState(108)) - a81a925a-6276-4e36-9bcf-91f1631c9c2f: shutdown a81a925a-6276-4e36-9bcf-91f1631c9c2f@group-C90ECADE688A-FollowerState
2022-01-18 14:49:30,561 [grpc-default-executor-1] INFO  impl.RoleInfo (RoleInfo.java:updateAndGet(130)) - a81a925a-6276-4e36-9bcf-91f1631c9c2f: start a81a925a-6276-4e36-9bcf-91f1631c9c2f@group-C90ECADE688A-FollowerState
2022-01-18 14:49:30,561 [a81a925a-6276-4e36-9bcf-91f1631c9c2f@group-C90ECADE688A-FollowerState] INFO  impl.FollowerState (FollowerState.java:run(143)) - a81a925a-6276-4e36-9bcf-91f1631c9c2f@group-C90ECADE688A-FollowerState was interrupted: {}
java.lang.InterruptedException: sleep interrupted
	at java.lang.Thread.sleep(Native Method)
	at java.lang.Thread.sleep(Thread.java:340)
	at java.util.concurrent.TimeUnit.sleep(TimeUnit.java:386)
	at org.apache.ratis.util.TimeDuration.sleep(TimeDuration.java:324)
	at org.apache.ratis.util.TimeDuration.sleep(TimeDuration.java:309)
	at org.apache.ratis.server.impl.FollowerState.run(FollowerState.java:118)
2022-01-18 14:49:30,565 [f0baeb8c-e6d1-47f5-b4e1-5ba393635f6f@group-C90ECADE688A-FollowerState] INFO  impl.FollowerState (FollowerState.java:run(134)) - f0baeb8c-e6d1-47f5-b4e1-5ba393635f6f@group-C90ECADE688A-FollowerState: change to CANDIDATE, lastRpcElapsedTime:5053708621ns, electionTimeout:5026ms
2022-01-18 14:49:30,566 [f0baeb8c-e6d1-47f5-b4e1-5ba393635f6f@group-C90ECADE688A-FollowerState] INFO  impl.RoleInfo (RoleInfo.java:shutdownFollowerState(108)) - f0baeb8c-e6d1-47f5-b4e1-5ba393635f6f: shutdown f0baeb8c-e6d1-47f5-b4e1-5ba393635f6f@group-C90ECADE688A-FollowerState
2022-01-18 14:49:30,566 [f0baeb8c-e6d1-47f5-b4e1-5ba393635f6f@group-C90ECADE688A-FollowerState] INFO  server.RaftServer$Division (RaftServerImpl.java:setRole(290)) - f0baeb8c-e6d1-47f5-b4e1-5ba393635f6f@group-C90ECADE688A: changes role from  FOLLOWER to CANDIDATE at term 8 for changeToCandidate
2022-01-18 14:49:30,566 [f0baeb8c-e6d1-47f5-b4e1-5ba393635f6f@group-C90ECADE688A-FollowerState] INFO  server.RaftServerConfigKeys (ConfUtils.java:logGet(44)) - raft.server.leaderelection.pre-vote = false (custom)
2022-01-18 14:49:30,566 [f0baeb8c-e6d1-47f5-b4e1-5ba393635f6f@group-C90ECADE688A-FollowerState] INFO  impl.RoleInfo (RoleInfo.java:updateAndGet(130)) - f0baeb8c-e6d1-47f5-b4e1-5ba393635f6f: start f0baeb8c-e6d1-47f5-b4e1-5ba393635f6f@group-C90ECADE688A-LeaderElection32
2022-01-18 14:49:30,564 [grpc-default-executor-1] INFO  server.RaftServer$Division (RaftServerImpl.java:requestVote(1078)) - a81a925a-6276-4e36-9bcf-91f1631c9c2f@group-C90ECADE688A replies to ELECTION vote request: beb67d5c-35ba-4f4b-ba77-131041920502<-a81a925a-6276-4e36-9bcf-91f1631c9c2f#0:OK-t9. Peer's state: a81a925a-6276-4e36-9bcf-91f1631c9c2f@group-C90ECADE688A:t9, leader=null, voted=beb67d5c-35ba-4f4b-ba77-131041920502, raftlog=a81a925a-6276-4e36-9bcf-91f1631c9c2f@group-C90ECADE688A-SegmentedRaftLog:OPENED:c-1, conf=-1: [a81a925a-6276-4e36-9bcf-91f1631c9c2f|rpc:10.1.0.41:40475|dataStream:|priority:0, f0baeb8c-e6d1-47f5-b4e1-5ba393635f6f|rpc:10.1.0.41:43293|dataStream:|priority:0, beb67d5c-35ba-4f4b-ba77-131041920502|rpc:10.1.0.41:36345|dataStream:|priority:1], old=null
2022-01-18 14:49:30,574 [beb67d5c-35ba-4f4b-ba77-131041920502@group-C90ECADE688A-LeaderElection31] INFO  impl.LeaderElection (LeaderElection.java:logAndReturn(89)) - beb67d5c-35ba-4f4b-ba77-131041920502@group-C90ECADE688A-LeaderElection31: ELECTION PASSED received 1 response(s) and 0 exception(s):
2022-01-18 14:49:30,574 [beb67d5c-35ba-4f4b-ba77-131041920502@group-C90ECADE688A-LeaderElection31] INFO  impl.LeaderElection (LeaderElection.java:logAndReturn(93)) -   Response 0: beb67d5c-35ba-4f4b-ba77-131041920502<-a81a925a-6276-4e36-9bcf-91f1631c9c2f#0:OK-t9
2022-01-18 14:49:30,574 [beb67d5c-35ba-4f4b-ba77-131041920502@group-C90ECADE688A-LeaderElection31] INFO  impl.LeaderElection (LeaderElection.java:askForVotes(308)) - beb67d5c-35ba-4f4b-ba77-131041920502@group-C90ECADE688A-LeaderElection31 ELECTION round 0: result PASSED
2022-01-18 14:49:30,574 [beb67d5c-35ba-4f4b-ba77-131041920502@group-C90ECADE688A-LeaderElection31] INFO  impl.RoleInfo (RoleInfo.java:shutdownLeaderElection(121)) - beb67d5c-35ba-4f4b-ba77-131041920502: shutdown beb67d5c-35ba-4f4b-ba77-131041920502@group-C90ECADE688A-LeaderElection31
2022-01-18 14:49:30,574 [beb67d5c-35ba-4f4b-ba77-131041920502@group-C90ECADE688A-LeaderElection31] INFO  server.RaftServer$Division (RaftServerImpl.java:setRole(290)) - beb67d5c-35ba-4f4b-ba77-131041920502@group-C90ECADE688A: changes role from CANDIDATE to LEADER at term 9 for changeToLeader
2022-01-18 14:49:30,574 [beb67d5c-35ba-4f4b-ba77-131041920502@group-C90ECADE688A-LeaderElection31] INFO  ratis.XceiverServerRatis (XceiverServerRatis.java:handleLeaderChangedNotification(866)) - Leader change notification received for group: group-C90ECADE688A with new leaderId: beb67d5c-35ba-4f4b-ba77-131041920502
2022-01-18 14:49:30,575 [beb67d5c-35ba-4f4b-ba77-131041920502@group-C90ECADE688A-LeaderElection31] INFO  server.RaftServer$Division (ServerState.java:setLeader(285)) - beb67d5c-35ba-4f4b-ba77-131041920502@group-C90ECADE688A: change Leader from null to beb67d5c-35ba-4f4b-ba77-131041920502 at term 9 for becomeLeader, leader elected after 46161ms
2022-01-18 14:49:30,575 [beb67d5c-35ba-4f4b-ba77-131041920502@group-C90ECADE688A-LeaderElection31] INFO  server.RaftServerConfigKeys (ConfUtils.java:logGet(44)) - raft.server.staging.catchup.gap = 1000 (default)
2022-01-18 14:49:30,575 [beb67d5c-35ba-4f4b-ba77-131041920502@group-C90ECADE688A-LeaderElection31] INFO  server.RaftServerConfigKeys (ConfUtils.java:logGet(44)) - raft.server.write.element-limit = 1024 (custom)
2022-01-18 14:49:30,575 [beb67d5c-35ba-4f4b-ba77-131041920502@group-C90ECADE688A-LeaderElection31] INFO  server.RaftServerConfigKeys (ConfUtils.java:logGet(44)) - raft.server.write.byte-limit = 1024 M (=1073741824) (custom)
2022-01-18 14:49:30,575 [beb67d5c-35ba-4f4b-ba77-131041920502@group-C90ECADE688A-LeaderElection31] INFO  server.RaftServerConfigKeys (ConfUtils.java:logGet(44)) - raft.server.watch.timeout = 180s (custom)
2022-01-18 14:49:30,575 [beb67d5c-35ba-4f4b-ba77-131041920502@group-C90ECADE688A-LeaderElection31] INFO  server.RaftServerConfigKeys (ConfUtils.java:logGet(44)) - raft.server.watch.timeout.denomination = 1s (default)
2022-01-18 14:49:30,575 [beb67d5c-35ba-4f4b-ba77-131041920502@group-C90ECADE688A-LeaderElection31] INFO  server.RaftServerConfigKeys (ConfUtils.java:logGet(44)) - raft.server.watch.element-limit = 65536 (default)
2022-01-18 14:49:30,575 [beb67d5c-35ba-4f4b-ba77-131041920502@group-C90ECADE688A-LeaderElection31] INFO  server.RaftServerConfigKeys (ConfUtils.java:logGet(44)) - raft.server.write.element-limit = 1024 (custom)
2022-01-18 14:49:30,575 [beb67d5c-35ba-4f4b-ba77-131041920502@group-C90ECADE688A-LeaderElection31] INFO  server.RaftServerConfigKeys (ConfUtils.java:logGet(44)) - raft.server.write.follower.gap.ratio.max = -1.0 (default)
2022-01-18 14:49:30,576 [beb67d5c-35ba-4f4b-ba77-131041920502@group-C90ECADE688A-LeaderElection31] INFO  server.RaftServerConfigKeys (ConfUtils.java:logGet(44)) - raft.server.log.appender.snapshot.chunk.size.max = 16MB (=16777216) (default)
2022-01-18 14:49:30,576 [beb67d5c-35ba-4f4b-ba77-131041920502@group-C90ECADE688A-LeaderElection31] INFO  server.RaftServerConfigKeys (ConfUtils.java:logGet(44)) - raft.server.log.appender.buffer.byte-limit = 33554432 (custom)
2022-01-18 14:49:30,576 [beb67d5c-35ba-4f4b-ba77-131041920502@group-C90ECADE688A-LeaderElection31] INFO  server.RaftServerConfigKeys (ConfUtils.java:logGet(44)) - raft.server.log.appender.buffer.element-limit = 1 (custom)
2022-01-18 14:49:30,576 [beb67d5c-35ba-4f4b-ba77-131041920502@group-C90ECADE688A-LeaderElection31] INFO  grpc.GrpcConfigKeys (ConfUtils.java:logGet(44)) - raft.grpc.server.leader.outstanding.appends.max = 128 (default)
2022-01-18 14:49:30,576 [beb67d5c-35ba-4f4b-ba77-131041920502@group-C90ECADE688A-LeaderElection31] INFO  server.RaftServerConfigKeys (ConfUtils.java:logGet(44)) - raft.server.rpc.request.timeout = 60s (custom)
2022-01-18 14:49:30,576 [beb67d5c-35ba-4f4b-ba77-131041920502@group-C90ECADE688A-LeaderElection31] INFO  server.RaftServerConfigKeys (ConfUtils.java:logGet(44)) - raft.server.log.appender.install.snapshot.enabled = false (custom)
2022-01-18 14:49:30,577 [beb67d5c-35ba-4f4b-ba77-131041920502@group-C90ECADE688A-LeaderElection31] INFO  server.RaftServerConfigKeys (ConfUtils.java:logGet(44)) - raft.server.log.appender.snapshot.chunk.size.max = 16MB (=16777216) (default)
2022-01-18 14:49:30,577 [beb67d5c-35ba-4f4b-ba77-131041920502@group-C90ECADE688A-LeaderElection31] INFO  server.RaftServerConfigKeys (ConfUtils.java:logGet(44)) - raft.server.log.appender.buffer.byte-limit = 33554432 (custom)
2022-01-18 14:49:30,577 [beb67d5c-35ba-4f4b-ba77-131041920502@group-C90ECADE688A-LeaderElection31] INFO  server.RaftServerConfigKeys (ConfUtils.java:logGet(44)) - raft.server.log.appender.buffer.element-limit = 1 (custom)
2022-01-18 14:49:30,577 [beb67d5c-35ba-4f4b-ba77-131041920502@group-C90ECADE688A-LeaderElection31] INFO  grpc.GrpcConfigKeys (ConfUtils.java:logGet(44)) - raft.grpc.server.leader.outstanding.appends.max = 128 (default)
2022-01-18 14:49:30,577 [beb67d5c-35ba-4f4b-ba77-131041920502@group-C90ECADE688A-LeaderElection31] INFO  server.RaftServerConfigKeys (ConfUtils.java:logGet(44)) - raft.server.rpc.request.timeout = 60s (custom)
2022-01-18 14:49:30,577 [beb67d5c-35ba-4f4b-ba77-131041920502@group-C90ECADE688A-LeaderElection31] INFO  server.RaftServerConfigKeys (ConfUtils.java:logGet(44)) - raft.server.log.appender.install.snapshot.enabled = false (custom)
2022-01-18 14:49:30,578 [beb67d5c-35ba-4f4b-ba77-131041920502@group-C90ECADE688A-LeaderElection31] INFO  impl.RoleInfo (RoleInfo.java:updateAndGet(130)) - beb67d5c-35ba-4f4b-ba77-131041920502: start beb67d5c-35ba-4f4b-ba77-131041920502@group-C90ECADE688A-LeaderStateImpl
2022-01-18 14:49:30,578 [beb67d5c-35ba-4f4b-ba77-131041920502@group-C90ECADE688A-LeaderElection31] INFO  segmented.SegmentedRaftLogWorker (SegmentedRaftLogWorker.java:startLogSegment(394)) - beb67d5c-35ba-4f4b-ba77-131041920502@group-C90ECADE688A-SegmentedRaftLogWorker: Starting segment from index:0
2022-01-18 14:49:30,580 [EventQueue-PipelineReportForPipelineReportHandler] INFO  pipeline.PipelineManagerImpl (PipelineManagerImpl.java:openPipeline(291)) - Pipeline Pipeline[ Id: 872b7417-f6ae-4e77-b9b9-c90ecade688a, Nodes: beb67d5c-35ba-4f4b-ba77-131041920502{ip: 10.1.0.41, host: fv-az151-72.yf2hydr00wburbhx3j5hxtcipe.bx.internal.cloudapp.net, ports: [REPLICATION=35197, RATIS=36345, RATIS_ADMIN=36345, RATIS_SERVER=36345, STANDALONE=34817], networkLocation: /default-rack, certSerialId: null, persistedOpState: IN_SERVICE, persistedOpStateExpiryEpochSec: 0}f0baeb8c-e6d1-47f5-b4e1-5ba393635f6f{ip: 10.1.0.41, host: fv-az151-72.yf2hydr00wburbhx3j5hxtcipe.bx.internal.cloudapp.net, ports: [REPLICATION=38769, RATIS=43293, RATIS_ADMIN=43293, RATIS_SERVER=43293, STANDALONE=46853], networkLocation: /default-rack, certSerialId: null, persistedOpState: IN_SERVICE, persistedOpStateExpiryEpochSec: 0}a81a925a-6276-4e36-9bcf-91f1631c9c2f{ip: 10.1.0.41, host: fv-az151-72.yf2hydr00wburbhx3j5hxtcipe.bx.internal.cloudapp.net, ports: [REPLICATION=46465, RATIS=40475, RATIS_ADMIN=40475, RATIS_SERVER=40475, STANDALONE=43059], networkLocation: /default-rack, certSerialId: null, persistedOpState: IN_SERVICE, persistedOpStateExpiryEpochSec: 0}, ReplicationConfig: RATIS/THREE, State:ALLOCATED, leaderId:beb67d5c-35ba-4f4b-ba77-131041920502, CreationTimestamp2022-01-18T14:48:42.405Z[Etc/UTC]] moved to OPEN state
2022-01-18 14:49:30,582 [f0baeb8c-e6d1-47f5-b4e1-5ba393635f6f@group-C90ECADE688A-LeaderElection32] INFO  impl.LeaderElection (LeaderElection.java:askForVotes(306)) - f0baeb8c-e6d1-47f5-b4e1-5ba393635f6f@group-C90ECADE688A-LeaderElection32 ELECTION round 0: submit vote requests at term 9 for -1: [a81a925a-6276-4e36-9bcf-91f1631c9c2f|rpc:10.1.0.41:40475|priority:0, f0baeb8c-e6d1-47f5-b4e1-5ba393635f6f|rpc:10.1.0.41:43293|priority:0, beb67d5c-35ba-4f4b-ba77-131041920502|rpc:10.1.0.41:36345|priority:1], old=null
2022-01-18 14:49:30,581 [beb67d5c-35ba-4f4b-ba77-131041920502@group-C90ECADE688A-SegmentedRaftLogWorker] INFO  segmented.SegmentedRaftLogWorker (SegmentedRaftLogWorker.java:execute(601)) - beb67d5c-35ba-4f4b-ba77-131041920502@group-C90ECADE688A-SegmentedRaftLogWorker: created new log segment /home/runner/work/ozone/ozone/hadoop-ozone/integration-test/target/test-dir/MiniOzoneClusterImpl-0ccfa9de-752d-4e8f-9bbd-0e124a2d3e08/datanode-2/data/ratis/872b7417-f6ae-4e77-b9b9-c90ecade688a/current/log_inprogress_0
2022-01-18 14:49:30,650 [grpc-default-executor-1] INFO  server.RaftServer$Division (RaftServerImpl.java:requestVote(1046)) - f0baeb8c-e6d1-47f5-b4e1-5ba393635f6f@group-C90ECADE688A: receive requestVote(ELECTION, beb67d5c-35ba-4f4b-ba77-131041920502, group-C90ECADE688A, 9, (t:0, i:0))
2022-01-18 14:49:30,580 [EventQueue-OpenPipelineForHealthyPipelineSafeModeRule] INFO  safemode.SCMSafeModeManager (HealthyPipelineSafeModeRule.java:process(124)) - SCM in safe mode. Healthy pipelines reported count is 0, required healthy pipeline reported count is 1
2022-01-18 14:49:30,652 [grpc-default-executor-3] INFO  server.RaftServer$Division (RaftServerImpl.java:requestVote(1046)) - a81a925a-6276-4e36-9bcf-91f1631c9c2f@group-C90ECADE688A: receive requestVote(ELECTION, f0baeb8c-e6d1-47f5-b4e1-5ba393635f6f, group-C90ECADE688A, 9, (t:0, i:0))
2022-01-18 14:49:30,652 [grpc-default-executor-3] INFO  impl.VoteContext (VoteContext.java:log(48)) - a81a925a-6276-4e36-9bcf-91f1631c9c2f@group-C90ECADE688A-FOLLOWER: reject ELECTION from f0baeb8c-e6d1-47f5-b4e1-5ba393635f6f: already has voted for beb67d5c-35ba-4f4b-ba77-131041920502 at current term 9
2022-01-18 14:49:30,621 [grpc-default-executor-2] INFO  server.RaftServer$Division (RaftServerImpl.java:setRole(290)) - f0baeb8c-e6d1-47f5-b4e1-5ba393635f6f@group-C90ECADE688A: changes role from CANDIDATE to FOLLOWER at term 9 for appendEntries
2022-01-18 14:49:30,652 [grpc-default-executor-2] INFO  impl.RoleInfo (RoleInfo.java:shutdownLeaderElection(121)) - f0baeb8c-e6d1-47f5-b4e1-5ba393635f6f: shutdown f0baeb8c-e6d1-47f5-b4e1-5ba393635f6f@group-C90ECADE688A-LeaderElection32
2022-01-18 14:49:30,652 [grpc-default-executor-2] INFO  impl.RoleInfo (RoleInfo.java:updateAndGet(130)) - f0baeb8c-e6d1-47f5-b4e1-5ba393635f6f: start f0baeb8c-e6d1-47f5-b4e1-5ba393635f6f@group-C90ECADE688A-FollowerState
2022-01-18 14:49:30,652 [grpc-default-executor-3] INFO  server.RaftServer$Division (RaftServerImpl.java:requestVote(1078)) - a81a925a-6276-4e36-9bcf-91f1631c9c2f@group-C90ECADE688A replies to ELECTION vote request: f0baeb8c-e6d1-47f5-b4e1-5ba393635f6f<-a81a925a-6276-4e36-9bcf-91f1631c9c2f#0:FAIL-t9. Peer's state: a81a925a-6276-4e36-9bcf-91f1631c9c2f@group-C90ECADE688A:t9, leader=null, voted=beb67d5c-35ba-4f4b-ba77-131041920502, raftlog=a81a925a-6276-4e36-9bcf-91f1631c9c2f@group-C90ECADE688A-SegmentedRaftLog:OPENED:c-1, conf=-1: [a81a925a-6276-4e36-9bcf-91f1631c9c2f|rpc:10.1.0.41:40475|dataStream:|priority:0, f0baeb8c-e6d1-47f5-b4e1-5ba393635f6f|rpc:10.1.0.41:43293|dataStream:|priority:0, beb67d5c-35ba-4f4b-ba77-131041920502|rpc:10.1.0.41:36345|dataStream:|priority:1], old=null
2022-01-18 14:49:30,652 [4a5d2158-d864-4e23-92c4-2f293c65e9a1@group-0E124A2D3E08-StateMachineUpdater] INFO  safemode.HealthyPipelineSafeModeRule (HealthyPipelineSafeModeRule.java:initializeRule(152)) - Refreshed total pipeline count is 1, healthy pipeline threshold count is 1
2022-01-18 14:49:30,654 [EventQueue-PipelineReportForPipelineReportHandler] INFO  ha.SCMHAInvocationHandler (SCMHAInvocationHandler.java:invokeRatis(113)) - Invoking method public abstract void org.apache.hadoop.hdds.scm.pipeline.PipelineStateManager.updatePipelineState(org.apache.hadoop.hdds.protocol.proto.HddsProtos$PipelineID,org.apache.hadoop.hdds.protocol.proto.HddsProtos$PipelineState) throws java.io.IOException on target org.apache.hadoop.hdds.scm.ha.SCMRatisServerImpl@15f9665f, cost 37863.938us
2022-01-18 14:49:30,652 [beb67d5c-35ba-4f4b-ba77-131041920502@group-C90ECADE688A-LeaderElection31] INFO  server.RaftServer$Division (ServerState.java:setRaftConf(387)) - beb67d5c-35ba-4f4b-ba77-131041920502@group-C90ECADE688A: set configuration 0: [a81a925a-6276-4e36-9bcf-91f1631c9c2f|rpc:10.1.0.41:40475|dataStream:|priority:0, f0baeb8c-e6d1-47f5-b4e1-5ba393635f6f|rpc:10.1.0.41:43293|dataStream:|priority:0, beb67d5c-35ba-4f4b-ba77-131041920502|rpc:10.1.0.41:36345|dataStream:|priority:1], old=null
2022-01-18 14:49:30,667 [EventQueue-OpenPipelineForHealthyPipelineSafeModeRule] INFO  safemode.SCMSafeModeManager (HealthyPipelineSafeModeRule.java:process(124)) - SCM in safe mode. Healthy pipelines reported count is 1, required healthy pipeline reported count is 1
2022-01-18 14:49:30,667 [EventQueue-OpenPipelineForHealthyPipelineSafeModeRule] INFO  safemode.SCMSafeModeManager (SCMSafeModeManager.java:validateSafeModeExitRules(204)) - HealthyPipelineSafeModeRule rule is successfully validated
2022-01-18 14:49:30,677 [EventQueue-OpenPipelineForHealthyPipelineSafeModeRule] INFO  safemode.SCMSafeModeManager (SCMSafeModeManager.java:validateSafeModeExitRules(219)) - ScmSafeModeManager, all rules are successfully validated
2022-01-18 14:49:30,677 [EventQueue-OpenPipelineForHealthyPipelineSafeModeRule] INFO  safemode.SCMSafeModeManager (SCMSafeModeManager.java:exitSafeMode(248)) - SCM exiting safe mode.
2022-01-18 14:49:30,677 [EventQueue-OpenPipelineForHealthyPipelineSafeModeRule] WARN  events.EventQueue (EventQueue.java:fireEvent(194)) - No event handler registered for event TypedEvent{payloadType=SafeModeStatus, name='Safe mode status'}
2022-01-18 14:49:30,677 [EventQueue-OpenPipelineForHealthyPipelineSafeModeRule] INFO  ha.SCMContext (SCMContext.java:updateSafeModeStatus(211)) - Update SafeModeStatus from SafeModeStatus{safeModeStatus=true, preCheckPassed=true} to SafeModeStatus{safeModeStatus=false, preCheckPassed=true}.
2022-01-18 14:49:30,677 [EventQueue-OpenPipelineForHealthyPipelineSafeModeRule] INFO  container.ReplicationManager (ReplicationManager.java:notifyStatusChanged(1802)) - Service ReplicationManager transitions to RUNNING.
2022-01-18 14:49:30,661 [grpc-default-executor-2] INFO  ratis.XceiverServerRatis (XceiverServerRatis.java:handleLeaderChangedNotification(866)) - Leader change notification received for group: group-C90ECADE688A with new leaderId: beb67d5c-35ba-4f4b-ba77-131041920502
2022-01-18 14:49:30,677 [grpc-default-executor-2] INFO  server.RaftServer$Division (ServerState.java:setLeader(285)) - f0baeb8c-e6d1-47f5-b4e1-5ba393635f6f@group-C90ECADE688A: change Leader from null to beb67d5c-35ba-4f4b-ba77-131041920502 at term 9 for appendEntries, leader elected after 46354ms
2022-01-18 14:49:30,677 [grpc-default-executor-1] INFO  impl.VoteContext (VoteContext.java:log(48)) - f0baeb8c-e6d1-47f5-b4e1-5ba393635f6f@group-C90ECADE688A-FOLLOWER: reject ELECTION from beb67d5c-35ba-4f4b-ba77-131041920502: already has voted for f0baeb8c-e6d1-47f5-b4e1-5ba393635f6f at current term 9
2022-01-18 14:49:30,678 [grpc-default-executor-1] INFO  server.RaftServer$Division (RaftServerImpl.java:requestVote(1078)) - f0baeb8c-e6d1-47f5-b4e1-5ba393635f6f@group-C90ECADE688A replies to ELECTION vote request: beb67d5c-35ba-4f4b-ba77-131041920502<-f0baeb8c-e6d1-47f5-b4e1-5ba393635f6f#0:FAIL-t9. Peer's state: f0baeb8c-e6d1-47f5-b4e1-5ba393635f6f@group-C90ECADE688A:t9, leader=beb67d5c-35ba-4f4b-ba77-131041920502, voted=f0baeb8c-e6d1-47f5-b4e1-5ba393635f6f, raftlog=f0baeb8c-e6d1-47f5-b4e1-5ba393635f6f@group-C90ECADE688A-SegmentedRaftLog:OPENED:c-1, conf=-1: [a81a925a-6276-4e36-9bcf-91f1631c9c2f|rpc:10.1.0.41:40475|priority:0, f0baeb8c-e6d1-47f5-b4e1-5ba393635f6f|rpc:10.1.0.41:43293|priority:0, beb67d5c-35ba-4f4b-ba77-131041920502|rpc:10.1.0.41:36345|priority:1], old=null
2022-01-18 14:49:30,684 [grpc-default-executor-2] INFO  server.RaftServer$Division (RaftServerImpl.java:requestVote(1046)) - beb67d5c-35ba-4f4b-ba77-131041920502@group-C90ECADE688A: receive requestVote(ELECTION, f0baeb8c-e6d1-47f5-b4e1-5ba393635f6f, group-C90ECADE688A, 9, (t:0, i:0))
2022-01-18 14:49:30,686 [f0baeb8c-e6d1-47f5-b4e1-5ba393635f6f@group-C90ECADE688A-LeaderElection32] INFO  impl.LeaderElection (LeaderElection.java:logAndReturn(89)) - f0baeb8c-e6d1-47f5-b4e1-5ba393635f6f@group-C90ECADE688A-LeaderElection32: ELECTION REJECTED received 1 response(s) and 0 exception(s):
2022-01-18 14:49:30,693 [f0baeb8c-e6d1-47f5-b4e1-5ba393635f6f@group-C90ECADE688A-LeaderElection32] INFO  impl.LeaderElection (LeaderElection.java:logAndReturn(93)) -   Response 0: f0baeb8c-e6d1-47f5-b4e1-5ba393635f6f<-a81a925a-6276-4e36-9bcf-91f1631c9c2f#0:FAIL-t9
2022-01-18 14:49:30,694 [f0baeb8c-e6d1-47f5-b4e1-5ba393635f6f@group-C90ECADE688A-LeaderElection32] INFO  impl.LeaderElection (LeaderElection.java:askForVotes(308)) - f0baeb8c-e6d1-47f5-b4e1-5ba393635f6f@group-C90ECADE688A-LeaderElection32 ELECTION round 0: result REJECTED
2022-01-18 14:49:30,695 [grpc-default-executor-5] INFO  ratis.XceiverServerRatis (XceiverServerRatis.java:handleLeaderChangedNotification(866)) - Leader change notification received for group: group-C90ECADE688A with new leaderId: beb67d5c-35ba-4f4b-ba77-131041920502
2022-01-18 14:49:30,695 [grpc-default-executor-5] INFO  server.RaftServer$Division (ServerState.java:setLeader(285)) - a81a925a-6276-4e36-9bcf-91f1631c9c2f@group-C90ECADE688A: change Leader from null to beb67d5c-35ba-4f4b-ba77-131041920502 at term 9 for appendEntries, leader elected after 46036ms
2022-01-18 14:49:30,692 [grpc-default-executor-2] INFO  impl.VoteContext (VoteContext.java:log(48)) - beb67d5c-35ba-4f4b-ba77-131041920502@group-C90ECADE688A-LEADER: reject ELECTION from f0baeb8c-e6d1-47f5-b4e1-5ba393635f6f: already has voted for beb67d5c-35ba-4f4b-ba77-131041920502 at current term 9
2022-01-18 14:49:30,692 [grpc-default-executor-1] INFO  server.RaftServer$Division (ServerState.java:setRaftConf(387)) - f0baeb8c-e6d1-47f5-b4e1-5ba393635f6f@group-C90ECADE688A: set configuration 0: [a81a925a-6276-4e36-9bcf-91f1631c9c2f|rpc:10.1.0.41:40475|dataStream:|priority:0, f0baeb8c-e6d1-47f5-b4e1-5ba393635f6f|rpc:10.1.0.41:43293|dataStream:|priority:0, beb67d5c-35ba-4f4b-ba77-131041920502|rpc:10.1.0.41:36345|dataStream:|priority:1], old=null
2022-01-18 14:49:30,697 [grpc-default-executor-1] INFO  segmented.SegmentedRaftLogWorker (SegmentedRaftLogWorker.java:startLogSegment(394)) - f0baeb8c-e6d1-47f5-b4e1-5ba393635f6f@group-C90ECADE688A-SegmentedRaftLogWorker: Starting segment from index:0
2022-01-18 14:49:30,696 [grpc-default-executor-2] INFO  server.RaftServer$Division (RaftServerImpl.java:requestVote(1078)) - beb67d5c-35ba-4f4b-ba77-131041920502@group-C90ECADE688A replies to ELECTION vote request: f0baeb8c-e6d1-47f5-b4e1-5ba393635f6f<-beb67d5c-35ba-4f4b-ba77-131041920502#0:FAIL-t9. Peer's state: beb67d5c-35ba-4f4b-ba77-131041920502@group-C90ECADE688A:t9, leader=beb67d5c-35ba-4f4b-ba77-131041920502, voted=beb67d5c-35ba-4f4b-ba77-131041920502, raftlog=beb67d5c-35ba-4f4b-ba77-131041920502@group-C90ECADE688A-SegmentedRaftLog:OPENED:c0, conf=0: [a81a925a-6276-4e36-9bcf-91f1631c9c2f|rpc:10.1.0.41:40475|dataStream:|priority:0, f0baeb8c-e6d1-47f5-b4e1-5ba393635f6f|rpc:10.1.0.41:43293|dataStream:|priority:0, beb67d5c-35ba-4f4b-ba77-131041920502|rpc:10.1.0.41:36345|dataStream:|priority:1], old=null
2022-01-18 14:49:30,714 [f0baeb8c-e6d1-47f5-b4e1-5ba393635f6f@group-C90ECADE688A-SegmentedRaftLogWorker] INFO  segmented.SegmentedRaftLogWorker (SegmentedRaftLogWorker.java:execute(601)) - f0baeb8c-e6d1-47f5-b4e1-5ba393635f6f@group-C90ECADE688A-SegmentedRaftLogWorker: created new log segment /home/runner/work/ozone/ozone/hadoop-ozone/integration-test/target/test-dir/MiniOzoneClusterImpl-0ccfa9de-752d-4e8f-9bbd-0e124a2d3e08/datanode-0/data/ratis/872b7417-f6ae-4e77-b9b9-c90ecade688a/current/log_inprogress_0
2022-01-18 14:49:30,714 [grpc-default-executor-5] INFO  server.RaftServer$Division (ServerState.java:setRaftConf(387)) - a81a925a-6276-4e36-9bcf-91f1631c9c2f@group-C90ECADE688A: set configuration 0: [a81a925a-6276-4e36-9bcf-91f1631c9c2f|rpc:10.1.0.41:40475|dataStream:|priority:0, f0baeb8c-e6d1-47f5-b4e1-5ba393635f6f|rpc:10.1.0.41:43293|dataStream:|priority:0, beb67d5c-35ba-4f4b-ba77-131041920502|rpc:10.1.0.41:36345|dataStream:|priority:1], old=null
2022-01-18 14:49:30,715 [grpc-default-executor-5] INFO  segmented.SegmentedRaftLogWorker (SegmentedRaftLogWorker.java:startLogSegment(394)) - a81a925a-6276-4e36-9bcf-91f1631c9c2f@group-C90ECADE688A-SegmentedRaftLogWorker: Starting segment from index:0
2022-01-18 14:49:30,716 [a81a925a-6276-4e36-9bcf-91f1631c9c2f@group-C90ECADE688A-SegmentedRaftLogWorker] INFO  segmented.SegmentedRaftLogWorker (SegmentedRaftLogWorker.java:execute(601)) - a81a925a-6276-4e36-9bcf-91f1631c9c2f@group-C90ECADE688A-SegmentedRaftLogWorker: created new log segment /home/runner/work/ozone/ozone/hadoop-ozone/integration-test/target/test-dir/MiniOzoneClusterImpl-0ccfa9de-752d-4e8f-9bbd-0e124a2d3e08/datanode-1/data/ratis/872b7417-f6ae-4e77-b9b9-c90ecade688a/current/log_inprogress_0
2022-01-18 14:49:31,413 [Listener at 127.0.0.1/40135] INFO  ozone.MiniOzoneClusterImpl (MiniOzoneClusterImpl.java:lambda$waitForClusterToBeReady$0(219)) - Nodes are ready. Got 3 of 3 DN Heartbeats.
2022-01-18 14:49:31,414 [Listener at 127.0.0.1/40135] INFO  ozone.MiniOzoneClusterImpl (MiniOzoneClusterImpl.java:lambda$waitForClusterToBeReady$0(222)) - Cluster exits safe mode
2022-01-18 14:49:31,414 [Listener at 127.0.0.1/40135] INFO  ozone.MiniOzoneClusterImpl (MiniOzoneClusterImpl.java:lambda$waitForClusterToBeReady$0(224)) - SCM became leader
2022-01-18 14:49:31,414 [Listener at 127.0.0.1/40135] INFO  server.StorageContainerManager (StorageContainerManager.java:stop(1390)) - Stopping Container Balancer service.
2022-01-18 14:49:31,414 [Listener at 127.0.0.1/40135] INFO  balancer.ContainerBalancer (ContainerBalancer.java:stop(751)) - Container Balancer is not running.
2022-01-18 14:49:31,414 [Listener at 127.0.0.1/40135] INFO  server.StorageContainerManager (StorageContainerManager.java:stop(1397)) - Stopping Replication Manager Service.
2022-01-18 14:49:31,414 [Listener at 127.0.0.1/40135] INFO  container.ReplicationManager (ReplicationManager.java:stop(357)) - Stopping Replication Monitor Thread.
2022-01-18 14:49:31,414 [Listener at 127.0.0.1/40135] INFO  server.StorageContainerManager (StorageContainerManager.java:stop(1404)) - Stopping the Datanode Admin Monitor.
2022-01-18 14:49:31,414 [Listener at 127.0.0.1/40135] INFO  server.StorageContainerManager (StorageContainerManager.java:stop(1411)) - Stopping Lease Manager of the command watchers
2022-01-18 14:49:31,415 [Listener at 127.0.0.1/40135] INFO  server.StorageContainerManager (StorageContainerManager.java:stop(1418)) - Stopping datanode service RPC server
2022-01-18 14:49:31,415 [Listener at 127.0.0.1/40135] INFO  server.SCMDatanodeProtocolServer (SCMDatanodeProtocolServer.java:stop(390)) - Stopping the RPC server for DataNodes
2022-01-18 14:49:31,415 [Listener at 127.0.0.1/40135] INFO  ipc.Server (Server.java:stop(3414)) - Stopping server on 36881
2022-01-18 14:49:31,432 [IPC Server listener on 0] INFO  ipc.Server (Server.java:run(1376)) - Stopping IPC Server listener on 0
2022-01-18 14:49:31,432 [IPC Server Responder] INFO  ipc.Server (Server.java:run(1512)) - Stopping IPC Server Responder
2022-01-18 14:49:31,480 [EndpointStateMachine task thread for /0.0.0.0:36881 - 0 ] WARN  statemachine.EndpointStateMachine (EndpointStateMachine.java:logIfNeeded(236)) - Unable to communicate to SCM server at 0.0.0.0:36881 for past 0 seconds.
java.io.EOFException: End of File Exception between local host is: "fv-az151-72/10.1.0.41"; destination host is: "0.0.0.0":36881; : java.io.EOFException; For more details see:  http://wiki.apache.org/hadoop/EOFException
	at sun.reflect.NativeConstructorAccessorImpl.newInstance0(Native Method)
	at sun.reflect.NativeConstructorAccessorImpl.newInstance(NativeConstructorAccessorImpl.java:62)
	at sun.reflect.DelegatingConstructorAccessorImpl.newInstance(DelegatingConstructorAccessorImpl.java:45)
	at java.lang.reflect.Constructor.newInstance(Constructor.java:423)
	at org.apache.hadoop.net.NetUtils.wrapWithMessage(NetUtils.java:913)
	at org.apache.hadoop.net.NetUtils.wrapException(NetUtils.java:862)
	at org.apache.hadoop.ipc.Client.getRpcResponse(Client.java:1577)
	at org.apache.hadoop.ipc.Client.call(Client.java:1519)
	at org.apache.hadoop.ipc.Client.call(Client.java:1416)
	at org.apache.hadoop.ipc.ProtobufRpcEngine$Invoker.invoke(ProtobufRpcEngine.java:236)
	at org.apache.hadoop.ipc.ProtobufRpcEngine$Invoker.invoke(ProtobufRpcEngine.java:123)
	at com.sun.proxy.$Proxy49.submitRequest(Unknown Source)
	at org.apache.hadoop.ozone.protocolPB.StorageContainerDatanodeProtocolClientSideTranslatorPB.submitRequest(StorageContainerDatanodeProtocolClientSideTranslatorPB.java:117)
	at org.apache.hadoop.ozone.protocolPB.StorageContainerDatanodeProtocolClientSideTranslatorPB.sendHeartbeat(StorageContainerDatanodeProtocolClientSideTranslatorPB.java:149)
	at org.apache.hadoop.ozone.container.common.states.endpoint.HeartbeatEndpointTask.call(HeartbeatEndpointTask.java:179)
	at org.apache.hadoop.ozone.container.common.states.endpoint.HeartbeatEndpointTask.call(HeartbeatEndpointTask.java:82)
	at java.util.concurrent.FutureTask.run(FutureTask.java:266)
	at java.util.concurrent.ThreadPoolExecutor.runWorker(ThreadPoolExecutor.java:1149)
	at java.util.concurrent.ThreadPoolExecutor$Worker.run(ThreadPoolExecutor.java:624)
	at java.lang.Thread.run(Thread.java:748)
Caused by: java.io.EOFException
	at java.io.DataInputStream.readInt(DataInputStream.java:392)
	at org.apache.hadoop.ipc.Client$IpcStreams.readResponse(Client.java:1892)
	at org.apache.hadoop.ipc.Client$Connection.receiveRpcResponse(Client.java:1202)
	at org.apache.hadoop.ipc.Client$Connection.run(Client.java:1098)
2022-01-18 14:49:31,501 [SCM Heartbeat Processing Thread - 0] WARN  node.NodeStateManager (NodeStateManager.java:scheduleNextHealthCheck(799)) - Current Thread is interrupted, shutting down HB processing thread for Node Manager.
2022-01-18 14:49:31,502 [Listener at 127.0.0.1/40135] INFO  server.StorageContainerManager (StorageContainerManager.java:stop(1426)) - Stopping block service RPC server
2022-01-18 14:49:31,503 [Listener at 127.0.0.1/40135] INFO  server.SCMBlockProtocolServer (SCMBlockProtocolServer.java:stop(160)) - Stopping the RPC server for Block Protocol
2022-01-18 14:49:31,503 [Listener at 127.0.0.1/40135] INFO  ipc.Server (Server.java:stop(3414)) - Stopping server on 46797
2022-01-18 14:49:31,506 [Listener at 127.0.0.1/40135] INFO  server.StorageContainerManager (StorageContainerManager.java:stop(1433)) - Stopping the StorageContainerLocationProtocol RPC server
2022-01-18 14:49:31,506 [Listener at 127.0.0.1/40135] INFO  server.SCMClientProtocolServer (SCMClientProtocolServer.java:stop(173)) - Stopping the RPC server for Client Protocol
2022-01-18 14:49:31,506 [Listener at 127.0.0.1/40135] INFO  ipc.Server (Server.java:stop(3414)) - Stopping server on 37565
2022-01-18 14:49:31,506 [IPC Server Responder] INFO  ipc.Server (Server.java:run(1512)) - Stopping IPC Server Responder
2022-01-18 14:49:31,507 [IPC Server listener on 0] INFO  ipc.Server (Server.java:run(1376)) - Stopping IPC Server listener on 0
2022-01-18 14:49:31,516 [IPC Server listener on 0] INFO  ipc.Server (Server.java:run(1376)) - Stopping IPC Server listener on 0
2022-01-18 14:49:31,524 [Listener at 127.0.0.1/40135] INFO  server.StorageContainerManager (StorageContainerManager.java:stop(1440)) - Stopping Storage Container Manager HTTP server.
2022-01-18 14:49:31,525 [Listener at 127.0.0.1/40135] INFO  handler.ContextHandler (ContextHandler.java:doStop(1153)) - Stopped o.e.j.w.WebAppContext@702eea1e{scm,/,null,STOPPED}{file:/home/runner/work/ozone/ozone/hadoop-ozone/integration-test/target/test-classes/webapps/scm}
2022-01-18 14:49:31,525 [IPC Server Responder] INFO  ipc.Server (Server.java:run(1512)) - Stopping IPC Server Responder
2022-01-18 14:49:31,526 [Listener at 127.0.0.1/40135] INFO  server.AbstractConnector (AbstractConnector.java:doStop(381)) - Stopped ServerConnector@1778647c{HTTP/1.1, (http/1.1)}{0.0.0.0:0}
2022-01-18 14:49:31,526 [Listener at 127.0.0.1/40135] INFO  server.session (HouseKeeper.java:stopScavenging(149)) - node0 Stopped scavenging
2022-01-18 14:49:31,526 [Listener at 127.0.0.1/40135] INFO  handler.ContextHandler (ContextHandler.java:doStop(1153)) - Stopped o.e.j.s.ServletContextHandler@4cbd0cfb{static,/static,file:///home/runner/work/ozone/ozone/hadoop-ozone/integration-test/target/test-classes/webapps/static,STOPPED}
2022-01-18 14:49:31,526 [Listener at 127.0.0.1/40135] INFO  handler.ContextHandler (ContextHandler.java:doStop(1153)) - Stopped o.e.j.s.ServletContextHandler@6e07610b{logs,/logs,file:///home/runner/work/ozone/ozone/hadoop-ozone/integration-test/target/log,STOPPED}
2022-01-18 14:49:31,529 [Listener at 127.0.0.1/40135] INFO  server.StorageContainerManager (StorageContainerManager.java:stop(1451)) - Stopping Block Manager Service.
2022-01-18 14:49:31,529 [Listener at 127.0.0.1/40135] INFO  utils.BackgroundService (BackgroundService.java:shutdown(132)) - Shutting down service SCMBlockDeletingService
2022-01-18 14:49:31,529 [Listener at 127.0.0.1/40135] INFO  utils.BackgroundService (BackgroundService.java:shutdown(132)) - Shutting down service SCMBlockDeletingService
2022-01-18 14:49:31,529 [Listener at 127.0.0.1/40135] INFO  server.StorageContainerManager (StorageContainerManager.java:stop(1478)) - Stopping SCM Event Queue.
2022-01-18 14:49:31,536 [Listener at 127.0.0.1/40135] INFO  server.StorageContainerManager (StorageContainerManager.java:stop(1489)) - Stopping SCM HA services.
2022-01-18 14:49:31,536 [Listener at 127.0.0.1/40135] INFO  ha.SCMRatisServerImpl (SCMRatisServerImpl.java:stop(236)) - stopping ratis server 0.0.0.0:9894
2022-01-18 14:49:31,537 [Listener at 127.0.0.1/40135] INFO  server.RaftServer (RaftServerProxy.java:lambda$close$6(391)) - 4a5d2158-d864-4e23-92c4-2f293c65e9a1: close
2022-01-18 14:49:31,537 [Listener at 127.0.0.1/40135] INFO  server.RaftServer$Division (RaftServerImpl.java:lambda$close$4(412)) - 4a5d2158-d864-4e23-92c4-2f293c65e9a1@group-0E124A2D3E08: shutdown
2022-01-18 14:49:31,537 [Listener at 127.0.0.1/40135] INFO  util.JmxRegister (JmxRegister.java:unregister(73)) - Successfully un-registered JMX Bean with object name Ratis:service=RaftServer,group=group-0E124A2D3E08,id=4a5d2158-d864-4e23-92c4-2f293c65e9a1
2022-01-18 14:49:31,537 [Listener at 127.0.0.1/40135] INFO  impl.RoleInfo (RoleInfo.java:shutdownLeaderState(91)) - 4a5d2158-d864-4e23-92c4-2f293c65e9a1: shutdown 4a5d2158-d864-4e23-92c4-2f293c65e9a1@group-0E124A2D3E08-LeaderStateImpl
2022-01-18 14:49:31,537 [Listener at 127.0.0.1/40135] INFO  impl.PendingRequests (PendingRequests.java:sendNotLeaderResponses(282)) - 4a5d2158-d864-4e23-92c4-2f293c65e9a1@group-0E124A2D3E08-PendingRequests: sendNotLeaderResponses
2022-01-18 14:49:31,537 [Listener at 127.0.0.1/40135] INFO  ha.SCMStateMachine (SCMStateMachine.java:notifyNotLeader(190)) - current leader SCM steps down.
2022-01-18 14:49:31,537 [Listener at 127.0.0.1/40135] INFO  ha.SCMContext (SCMContext.java:updateLeaderAndTerm(90)) - update <isLeader,term> from <true,2> to <false,0>
2022-01-18 14:49:31,537 [Listener at 127.0.0.1/40135] INFO  ha.SCMContext (SCMContext.java:updateLeaderAndTerm(97)) - update <isLeaderReady> from <false> to <false>
2022-01-18 14:49:31,553 [Listener at 127.0.0.1/40135] INFO  impl.StateMachineUpdater (StateMachineUpdater.java:stopAndJoin(149)) - 4a5d2158-d864-4e23-92c4-2f293c65e9a1@group-0E124A2D3E08-StateMachineUpdater: set stopIndex = 18
2022-01-18 14:49:31,553 [4a5d2158-d864-4e23-92c4-2f293c65e9a1@group-0E124A2D3E08-StateMachineUpdater] INFO  ha.SCMStateMachine (SCMStateMachine.java:takeSnapshot(297)) - Current Snapshot Index 18, takeSnapshot took 1 ms
2022-01-18 14:49:31,553 [4a5d2158-d864-4e23-92c4-2f293c65e9a1@group-0E124A2D3E08-StateMachineUpdater] INFO  impl.StateMachineUpdater (StateMachineUpdater.java:takeSnapshot(281)) - 4a5d2158-d864-4e23-92c4-2f293c65e9a1@group-0E124A2D3E08-StateMachineUpdater: Took a snapshot at index 18
2022-01-18 14:49:31,553 [4a5d2158-d864-4e23-92c4-2f293c65e9a1@group-0E124A2D3E08-StateMachineUpdater] INFO  impl.StateMachineUpdater (StateMachineUpdater.java:lambda$new$0(89)) - 4a5d2158-d864-4e23-92c4-2f293c65e9a1@group-0E124A2D3E08-StateMachineUpdater: snapshotIndex: updateIncreasingly -1 -> 18
2022-01-18 14:49:31,554 [Listener at 127.0.0.1/40135] INFO  server.RaftServer$Division (ServerState.java:close(419)) - 4a5d2158-d864-4e23-92c4-2f293c65e9a1@group-0E124A2D3E08: closes. applyIndex: 18
2022-01-18 14:49:31,554 [4a5d2158-d864-4e23-92c4-2f293c65e9a1@group-0E124A2D3E08-SegmentedRaftLogWorker] INFO  segmented.SegmentedRaftLogWorker (SegmentedRaftLogWorker.java:run(327)) - 4a5d2158-d864-4e23-92c4-2f293c65e9a1@group-0E124A2D3E08-SegmentedRaftLogWorker was interrupted, exiting. There are 0 tasks remaining in the queue.
2022-01-18 14:49:31,555 [Listener at 127.0.0.1/40135] INFO  segmented.SegmentedRaftLogWorker (SegmentedRaftLogWorker.java:close(237)) - 4a5d2158-d864-4e23-92c4-2f293c65e9a1@group-0E124A2D3E08-SegmentedRaftLogWorker close()
2022-01-18 14:49:31,556 [Listener at 127.0.0.1/40135] INFO  server.GrpcService (GrpcService.java:closeImpl(262)) - 4a5d2158-d864-4e23-92c4-2f293c65e9a1: shutdown server with port 9894 now
2022-01-18 14:49:31,558 [Listener at 127.0.0.1/40135] INFO  server.GrpcService (GrpcService.java:closeImpl(271)) - 4a5d2158-d864-4e23-92c4-2f293c65e9a1: shutdown server with port 9894 successfully
2022-01-18 14:49:31,559 [org.apache.ratis.util.JvmPauseMonitor$$Lambda$431/617926966@506ded0c] INFO  util.JvmPauseMonitor (JvmPauseMonitor.java:run(109)) - JvmPauseMonitor-4a5d2158-d864-4e23-92c4-2f293c65e9a1: Stopped
2022-01-18 14:49:31,559 [Listener at 127.0.0.1/40135] INFO  pipeline.BackgroundPipelineCreator (BackgroundPipelineCreator.java:stop(158)) - Stopping RatisPipelineUtilsThread.
2022-01-18 14:49:31,559 [Listener at 127.0.0.1/40135] INFO  server.StorageContainerManager (StorageContainerManager.java:stop(1499)) - Stopping SCM MetadataStore.
2022-01-18 14:49:31,560 [Listener at 127.0.0.1/40135] INFO  impl.MetricsSystemImpl (MetricsSystemImpl.java:stop(210)) - Stopping HddsDatanode metrics system...
2022-01-18 14:49:31,578 [prometheus] INFO  impl.MetricsSinkAdapter (MetricsSinkAdapter.java:publishMetricsFromQueue(141)) - prometheus thread interrupted.
2022-01-18 14:49:31,578 [Listener at 127.0.0.1/40135] INFO  impl.MetricsSystemImpl (MetricsSystemImpl.java:stop(216)) - HddsDatanode metrics system stopped.
2022-01-18 14:49:32,581 [EndpointStateMachine task thread for /0.0.0.0:36881 - 0 ] INFO  ipc.Client (Client.java:handleConnectionFailure(977)) - Retrying connect to server: 0.0.0.0/0.0.0.0:36881. Already tried 0 time(s); retry policy is RetryUpToMaximumCountWithFixedSleep(maxRetries=15, sleepTime=1000 MILLISECONDS)
2022-01-18 14:49:33,581 [EndpointStateMachine task thread for /0.0.0.0:36881 - 0 ] INFO  ipc.Client (Client.java:handleConnectionFailure(977)) - Retrying connect to server: 0.0.0.0/0.0.0.0:36881. Already tried 1 time(s); retry policy is RetryUpToMaximumCountWithFixedSleep(maxRetries=15, sleepTime=1000 MILLISECONDS)
2022-01-18 14:49:34,582 [EndpointStateMachine task thread for /0.0.0.0:36881 - 0 ] INFO  ipc.Client (Client.java:handleConnectionFailure(977)) - Retrying connect to server: 0.0.0.0/0.0.0.0:36881. Already tried 2 time(s); retry policy is RetryUpToMaximumCountWithFixedSleep(maxRetries=15, sleepTime=1000 MILLISECONDS)
2022-01-18 14:49:35,580 [Datanode State Machine Daemon Thread] ERROR datanode.RunningDatanodeState (RunningDatanodeState.java:computeNextContainerState(199)) - Error in executing end point task.
java.util.concurrent.ExecutionException: java.util.concurrent.TimeoutException
	at java.util.concurrent.FutureTask.report(FutureTask.java:122)
	at java.util.concurrent.FutureTask.get(FutureTask.java:192)
	at org.apache.hadoop.ozone.container.common.states.datanode.RunningDatanodeState.computeNextContainerState(RunningDatanodeState.java:191)
	at org.apache.hadoop.ozone.container.common.states.datanode.RunningDatanodeState.await(RunningDatanodeState.java:231)
	at org.apache.hadoop.ozone.container.common.states.datanode.RunningDatanodeState.await(RunningDatanodeState.java:50)
	at org.apache.hadoop.ozone.container.common.statemachine.StateContext.execute(StateContext.java:633)
	at org.apache.hadoop.ozone.container.common.statemachine.DatanodeStateMachine.start(DatanodeStateMachine.java:283)
	at org.apache.hadoop.ozone.container.common.statemachine.DatanodeStateMachine.lambda$startDaemon$0(DatanodeStateMachine.java:471)
	at java.lang.Thread.run(Thread.java:748)
Caused by: java.util.concurrent.TimeoutException
	at java.util.concurrent.FutureTask.get(FutureTask.java:205)
	at org.apache.hadoop.ozone.container.common.states.datanode.RunningDatanodeState.lambda$execute$0(RunningDatanodeState.java:149)
	at java.util.concurrent.FutureTask.run(FutureTask.java:266)
	at java.util.concurrent.Executors$RunnableAdapter.call(Executors.java:511)
	at java.util.concurrent.FutureTask.run(FutureTask.java:266)
	at java.util.concurrent.ThreadPoolExecutor.runWorker(ThreadPoolExecutor.java:1149)
	at java.util.concurrent.ThreadPoolExecutor$Worker.run(ThreadPoolExecutor.java:624)
	... 1 more
2022-01-18 14:49:35,583 [EndpointStateMachine task thread for /0.0.0.0:36881 - 0 ] INFO  ipc.Client (Client.java:handleConnectionFailure(977)) - Retrying connect to server: 0.0.0.0/0.0.0.0:36881. Already tried 3 time(s); retry policy is RetryUpToMaximumCountWithFixedSleep(maxRetries=15, sleepTime=1000 MILLISECONDS)
2022-01-18 14:49:36,579 [Listener at 127.0.0.1/40135] INFO  ozoneimpl.OzoneContainer (OzoneContainer.java:stop(336)) - Attempting to stop container services.
2022-01-18 14:49:36,580 [Listener at 127.0.0.1/40135] INFO  server.RaftServer (RaftServerProxy.java:lambda$close$6(391)) - f0baeb8c-e6d1-47f5-b4e1-5ba393635f6f: close
2022-01-18 14:49:36,581 [Listener at 127.0.0.1/40135] INFO  server.RaftServer$Division (RaftServerImpl.java:lambda$close$4(412)) - f0baeb8c-e6d1-47f5-b4e1-5ba393635f6f@group-E617BB2EE5DD: shutdown
2022-01-18 14:49:36,581 [Listener at 127.0.0.1/40135] INFO  util.JmxRegister (JmxRegister.java:unregister(73)) - Successfully un-registered JMX Bean with object name Ratis:service=RaftServer,group=group-E617BB2EE5DD,id=f0baeb8c-e6d1-47f5-b4e1-5ba393635f6f
2022-01-18 14:49:36,581 [Listener at 127.0.0.1/40135] INFO  impl.RoleInfo (RoleInfo.java:shutdownLeaderState(91)) - f0baeb8c-e6d1-47f5-b4e1-5ba393635f6f: shutdown f0baeb8c-e6d1-47f5-b4e1-5ba393635f6f@group-E617BB2EE5DD-LeaderStateImpl
2022-01-18 14:49:36,581 [Listener at 127.0.0.1/40135] INFO  impl.PendingRequests (PendingRequests.java:sendNotLeaderResponses(282)) - f0baeb8c-e6d1-47f5-b4e1-5ba393635f6f@group-E617BB2EE5DD-PendingRequests: sendNotLeaderResponses
2022-01-18 14:49:36,582 [f0baeb8c-e6d1-47f5-b4e1-5ba393635f6f@group-E617BB2EE5DD-StateMachineUpdater] INFO  ratis.ContainerStateMachine (ContainerStateMachine.java:takeSnapshot(299)) - group-E617BB2EE5DD: Taking a snapshot at:(t:1, i:0) file /home/runner/work/ozone/ozone/hadoop-ozone/integration-test/target/test-dir/MiniOzoneClusterImpl-0ccfa9de-752d-4e8f-9bbd-0e124a2d3e08/datanode-0/data/ratis/90ce8d8a-bc3a-4bb9-9215-e617bb2ee5dd/sm/snapshot.1_0
2022-01-18 14:49:36,583 [Listener at 127.0.0.1/40135] INFO  impl.StateMachineUpdater (StateMachineUpdater.java:stopAndJoin(149)) - f0baeb8c-e6d1-47f5-b4e1-5ba393635f6f@group-E617BB2EE5DD-StateMachineUpdater: set stopIndex = 0
2022-01-18 14:49:36,583 [EndpointStateMachine task thread for /0.0.0.0:36881 - 0 ] INFO  ipc.Client (Client.java:handleConnectionFailure(977)) - Retrying connect to server: 0.0.0.0/0.0.0.0:36881. Already tried 4 time(s); retry policy is RetryUpToMaximumCountWithFixedSleep(maxRetries=15, sleepTime=1000 MILLISECONDS)
2022-01-18 14:49:36,584 [f0baeb8c-e6d1-47f5-b4e1-5ba393635f6f@group-E617BB2EE5DD-StateMachineUpdater] INFO  ratis.ContainerStateMachine (ContainerStateMachine.java:takeSnapshot(310)) - group-E617BB2EE5DD: Finished taking a snapshot at:(t:1, i:0) file:/home/runner/work/ozone/ozone/hadoop-ozone/integration-test/target/test-dir/MiniOzoneClusterImpl-0ccfa9de-752d-4e8f-9bbd-0e124a2d3e08/datanode-0/data/ratis/90ce8d8a-bc3a-4bb9-9215-e617bb2ee5dd/sm/snapshot.1_0 took: 1 ms
2022-01-18 14:49:36,584 [f0baeb8c-e6d1-47f5-b4e1-5ba393635f6f@group-E617BB2EE5DD-StateMachineUpdater] INFO  impl.StateMachineUpdater (StateMachineUpdater.java:takeSnapshot(281)) - f0baeb8c-e6d1-47f5-b4e1-5ba393635f6f@group-E617BB2EE5DD-StateMachineUpdater: Took a snapshot at index 0
2022-01-18 14:49:36,584 [f0baeb8c-e6d1-47f5-b4e1-5ba393635f6f@group-E617BB2EE5DD-StateMachineUpdater] INFO  impl.StateMachineUpdater (StateMachineUpdater.java:lambda$new$0(89)) - f0baeb8c-e6d1-47f5-b4e1-5ba393635f6f@group-E617BB2EE5DD-StateMachineUpdater: snapshotIndex: updateIncreasingly -1 -> 0
2022-01-18 14:49:36,584 [Listener at 127.0.0.1/40135] INFO  server.RaftServer$Division (ServerState.java:close(419)) - f0baeb8c-e6d1-47f5-b4e1-5ba393635f6f@group-E617BB2EE5DD: closes. applyIndex: 0
2022-01-18 14:49:36,585 [f0baeb8c-e6d1-47f5-b4e1-5ba393635f6f@group-E617BB2EE5DD-SegmentedRaftLogWorker] INFO  segmented.SegmentedRaftLogWorker (SegmentedRaftLogWorker.java:run(327)) - f0baeb8c-e6d1-47f5-b4e1-5ba393635f6f@group-E617BB2EE5DD-SegmentedRaftLogWorker was interrupted, exiting. There are 0 tasks remaining in the queue.
2022-01-18 14:49:36,586 [Listener at 127.0.0.1/40135] INFO  segmented.SegmentedRaftLogWorker (SegmentedRaftLogWorker.java:close(237)) - f0baeb8c-e6d1-47f5-b4e1-5ba393635f6f@group-E617BB2EE5DD-SegmentedRaftLogWorker close()
2022-01-18 14:49:36,587 [Listener at 127.0.0.1/40135] INFO  server.RaftServer$Division (RaftServerImpl.java:lambda$close$4(412)) - f0baeb8c-e6d1-47f5-b4e1-5ba393635f6f@group-C90ECADE688A: shutdown
2022-01-18 14:49:36,587 [Listener at 127.0.0.1/40135] INFO  util.JmxRegister (JmxRegister.java:unregister(73)) - Successfully un-registered JMX Bean with object name Ratis:service=RaftServer,group=group-C90ECADE688A,id=f0baeb8c-e6d1-47f5-b4e1-5ba393635f6f
2022-01-18 14:49:36,587 [Listener at 127.0.0.1/40135] INFO  impl.RoleInfo (RoleInfo.java:shutdownFollowerState(108)) - f0baeb8c-e6d1-47f5-b4e1-5ba393635f6f: shutdown f0baeb8c-e6d1-47f5-b4e1-5ba393635f6f@group-C90ECADE688A-FollowerState
2022-01-18 14:49:36,587 [Listener at 127.0.0.1/40135] INFO  impl.StateMachineUpdater (StateMachineUpdater.java:stopAndJoin(149)) - f0baeb8c-e6d1-47f5-b4e1-5ba393635f6f@group-C90ECADE688A-StateMachineUpdater: set stopIndex = 0
2022-01-18 14:49:36,587 [f0baeb8c-e6d1-47f5-b4e1-5ba393635f6f@group-C90ECADE688A-FollowerState] INFO  impl.FollowerState (FollowerState.java:run(143)) - f0baeb8c-e6d1-47f5-b4e1-5ba393635f6f@group-C90ECADE688A-FollowerState was interrupted: {}
java.lang.InterruptedException: sleep interrupted
	at java.lang.Thread.sleep(Native Method)
	at java.lang.Thread.sleep(Thread.java:340)
	at java.util.concurrent.TimeUnit.sleep(TimeUnit.java:386)
	at org.apache.ratis.util.TimeDuration.sleep(TimeDuration.java:324)
	at org.apache.ratis.util.TimeDuration.sleep(TimeDuration.java:309)
	at org.apache.ratis.server.impl.FollowerState.run(FollowerState.java:118)
2022-01-18 14:49:36,587 [f0baeb8c-e6d1-47f5-b4e1-5ba393635f6f@group-C90ECADE688A-StateMachineUpdater] INFO  ratis.ContainerStateMachine (ContainerStateMachine.java:takeSnapshot(299)) - group-C90ECADE688A: Taking a snapshot at:(t:9, i:0) file /home/runner/work/ozone/ozone/hadoop-ozone/integration-test/target/test-dir/MiniOzoneClusterImpl-0ccfa9de-752d-4e8f-9bbd-0e124a2d3e08/datanode-0/data/ratis/872b7417-f6ae-4e77-b9b9-c90ecade688a/sm/snapshot.9_0
2022-01-18 14:49:36,588 [f0baeb8c-e6d1-47f5-b4e1-5ba393635f6f@group-C90ECADE688A-StateMachineUpdater] INFO  ratis.ContainerStateMachine (ContainerStateMachine.java:takeSnapshot(310)) - group-C90ECADE688A: Finished taking a snapshot at:(t:9, i:0) file:/home/runner/work/ozone/ozone/hadoop-ozone/integration-test/target/test-dir/MiniOzoneClusterImpl-0ccfa9de-752d-4e8f-9bbd-0e124a2d3e08/datanode-0/data/ratis/872b7417-f6ae-4e77-b9b9-c90ecade688a/sm/snapshot.9_0 took: 1 ms
2022-01-18 14:49:36,588 [f0baeb8c-e6d1-47f5-b4e1-5ba393635f6f@group-C90ECADE688A-StateMachineUpdater] INFO  impl.StateMachineUpdater (StateMachineUpdater.java:takeSnapshot(281)) - f0baeb8c-e6d1-47f5-b4e1-5ba393635f6f@group-C90ECADE688A-StateMachineUpdater: Took a snapshot at index 0
2022-01-18 14:49:36,588 [f0baeb8c-e6d1-47f5-b4e1-5ba393635f6f@group-C90ECADE688A-StateMachineUpdater] INFO  impl.StateMachineUpdater (StateMachineUpdater.java:lambda$new$0(89)) - f0baeb8c-e6d1-47f5-b4e1-5ba393635f6f@group-C90ECADE688A-StateMachineUpdater: snapshotIndex: updateIncreasingly -1 -> 0
2022-01-18 14:49:36,591 [Listener at 127.0.0.1/40135] INFO  server.RaftServer$Division (ServerState.java:close(419)) - f0baeb8c-e6d1-47f5-b4e1-5ba393635f6f@group-C90ECADE688A: closes. applyIndex: 0
2022-01-18 14:49:36,591 [f0baeb8c-e6d1-47f5-b4e1-5ba393635f6f@group-C90ECADE688A-SegmentedRaftLogWorker] INFO  segmented.SegmentedRaftLogWorker (SegmentedRaftLogWorker.java:run(327)) - f0baeb8c-e6d1-47f5-b4e1-5ba393635f6f@group-C90ECADE688A-SegmentedRaftLogWorker was interrupted, exiting. There are 0 tasks remaining in the queue.
2022-01-18 14:49:36,592 [Listener at 127.0.0.1/40135] INFO  segmented.SegmentedRaftLogWorker (SegmentedRaftLogWorker.java:close(237)) - f0baeb8c-e6d1-47f5-b4e1-5ba393635f6f@group-C90ECADE688A-SegmentedRaftLogWorker close()
2022-01-18 14:49:36,593 [Listener at 127.0.0.1/40135] INFO  server.GrpcService (GrpcService.java:closeImpl(262)) - f0baeb8c-e6d1-47f5-b4e1-5ba393635f6f: shutdown server with port 43293 now
2022-01-18 14:49:36,597 [grpc-default-executor-5] WARN  server.GrpcServerProtocolService (LogUtils.java:warn(122)) - f0baeb8c-e6d1-47f5-b4e1-5ba393635f6f: installSnapshot onError, lastRequest: beb67d5c-35ba-4f4b-ba77-131041920502->f0baeb8c-e6d1-47f5-b4e1-5ba393635f6f#1-t9,previous=(t:0, i:0),leaderCommit=-1,initializing? true,entries: size=1, first=(t:9, i:0), CONFIGURATIONENTRY: org.apache.ratis.thirdparty.io.grpc.StatusRuntimeException: CANCELLED: client cancelled
2022-01-18 14:49:36,601 [grpc-default-executor-1] WARN  server.GrpcLogAppender (LogUtils.java:warn(122)) - beb67d5c-35ba-4f4b-ba77-131041920502@group-C90ECADE688A->f0baeb8c-e6d1-47f5-b4e1-5ba393635f6f-AppendLogResponseHandler: Failed appendEntries: org.apache.ratis.thirdparty.io.grpc.StatusRuntimeException: CANCELLED: HTTP/2 error code: CANCEL
Received Rst Stream
2022-01-18 14:49:36,601 [grpc-default-executor-1] WARN  server.GrpcLogAppender (GrpcLogAppender.java:resetClient(110)) - beb67d5c-35ba-4f4b-ba77-131041920502@group-C90ECADE688A->f0baeb8c-e6d1-47f5-b4e1-5ba393635f6f-GrpcLogAppender: Leader has not got in touch with Follower beb67d5c-35ba-4f4b-ba77-131041920502@group-C90ECADE688A->f0baeb8c-e6d1-47f5-b4e1-5ba393635f6f(c0,m0,n1, attendVote=true, lastRpcSendTime=804, lastRpcResponseTime=800) yet, just keep nextIndex unchanged and retry.
2022-01-18 14:49:36,640 [Listener at 127.0.0.1/40135] INFO  server.GrpcService (GrpcService.java:closeImpl(271)) - f0baeb8c-e6d1-47f5-b4e1-5ba393635f6f: shutdown server with port 43293 successfully
2022-01-18 14:49:36,640 [org.apache.ratis.util.JvmPauseMonitor$$Lambda$431/617926966@54642630] INFO  util.JvmPauseMonitor (JvmPauseMonitor.java:run(109)) - JvmPauseMonitor-f0baeb8c-e6d1-47f5-b4e1-5ba393635f6f: Stopped
2022-01-18 14:49:37,584 [EndpointStateMachine task thread for /0.0.0.0:36881 - 0 ] INFO  ipc.Client (Client.java:handleConnectionFailure(977)) - Retrying connect to server: 0.0.0.0/0.0.0.0:36881. Already tried 5 time(s); retry policy is RetryUpToMaximumCountWithFixedSleep(maxRetries=15, sleepTime=1000 MILLISECONDS)
2022-01-18 14:49:38,306 [grpc-default-executor-5] WARN  server.GrpcLogAppender (LogUtils.java:warn(122)) - beb67d5c-35ba-4f4b-ba77-131041920502@group-C90ECADE688A->f0baeb8c-e6d1-47f5-b4e1-5ba393635f6f-AppendLogResponseHandler: Failed appendEntries: org.apache.ratis.thirdparty.io.grpc.StatusRuntimeException: UNAVAILABLE: io exception
2022-01-18 14:49:38,307 [grpc-default-executor-5] WARN  server.GrpcLogAppender (GrpcLogAppender.java:resetClient(110)) - beb67d5c-35ba-4f4b-ba77-131041920502@group-C90ECADE688A->f0baeb8c-e6d1-47f5-b4e1-5ba393635f6f-GrpcLogAppender: Leader has not got in touch with Follower beb67d5c-35ba-4f4b-ba77-131041920502@group-C90ECADE688A->f0baeb8c-e6d1-47f5-b4e1-5ba393635f6f(c0,m0,n1, attendVote=true, lastRpcSendTime=1, lastRpcResponseTime=2506) yet, just keep nextIndex unchanged and retry.
2022-01-18 14:49:38,585 [EndpointStateMachine task thread for /0.0.0.0:36881 - 0 ] INFO  ipc.Client (Client.java:handleConnectionFailure(977)) - Retrying connect to server: 0.0.0.0/0.0.0.0:36881. Already tried 6 time(s); retry policy is RetryUpToMaximumCountWithFixedSleep(maxRetries=15, sleepTime=1000 MILLISECONDS)
2022-01-18 14:49:38,657 [Listener at 127.0.0.1/40135] INFO  utils.BackgroundService (BackgroundService.java:shutdown(132)) - Shutting down service BlockDeletingService
2022-01-18 14:49:39,585 [EndpointStateMachine task thread for /0.0.0.0:36881 - 0 ] INFO  ipc.Client (Client.java:handleConnectionFailure(977)) - Retrying connect to server: 0.0.0.0/0.0.0.0:36881. Already tried 7 time(s); retry policy is RetryUpToMaximumCountWithFixedSleep(maxRetries=15, sleepTime=1000 MILLISECONDS)
2022-01-18 14:49:40,586 [EndpointStateMachine task thread for /0.0.0.0:36881 - 0 ] INFO  ipc.Client (Client.java:handleConnectionFailure(977)) - Retrying connect to server: 0.0.0.0/0.0.0.0:36881. Already tried 8 time(s); retry policy is RetryUpToMaximumCountWithFixedSleep(maxRetries=15, sleepTime=1000 MILLISECONDS)
2022-01-18 14:49:40,818 [grpc-default-executor-5] WARN  server.GrpcLogAppender (LogUtils.java:warn(122)) - beb67d5c-35ba-4f4b-ba77-131041920502@group-C90ECADE688A->f0baeb8c-e6d1-47f5-b4e1-5ba393635f6f-AppendLogResponseHandler: Failed appendEntries: org.apache.ratis.thirdparty.io.grpc.StatusRuntimeException: UNAVAILABLE: io exception
2022-01-18 14:49:40,819 [grpc-default-executor-5] WARN  server.GrpcLogAppender (GrpcLogAppender.java:resetClient(110)) - beb67d5c-35ba-4f4b-ba77-131041920502@group-C90ECADE688A->f0baeb8c-e6d1-47f5-b4e1-5ba393635f6f-GrpcLogAppender: Leader has not got in touch with Follower beb67d5c-35ba-4f4b-ba77-131041920502@group-C90ECADE688A->f0baeb8c-e6d1-47f5-b4e1-5ba393635f6f(c0,m0,n1, attendVote=true, lastRpcSendTime=0, lastRpcResponseTime=5018) yet, just keep nextIndex unchanged and retry.
2022-01-18 14:49:41,587 [EndpointStateMachine task thread for /0.0.0.0:36881 - 0 ] INFO  ipc.Client (Client.java:handleConnectionFailure(977)) - Retrying connect to server: 0.0.0.0/0.0.0.0:36881. Already tried 9 time(s); retry policy is RetryUpToMaximumCountWithFixedSleep(maxRetries=15, sleepTime=1000 MILLISECONDS)
2022-01-18 14:49:41,659 [Listener at 127.0.0.1/40135] INFO  statemachine.DatanodeStateMachine (DatanodeStateMachine.java:stopDaemon(529)) - Ozone container server stopped.
2022-01-18 14:49:41,663 [Listener at 127.0.0.1/40135] INFO  handler.ContextHandler (ContextHandler.java:doStop(1153)) - Stopped o.e.j.w.WebAppContext@5c7e7af5{hddsDatanode,/,null,STOPPED}{jar:file:/home/runner/.m2/repository/org/apache/ozone/hdds-container-service/1.3.0-SNAPSHOT/hdds-container-service-1.3.0-SNAPSHOT.jar!/webapps/hddsDatanode}
2022-01-18 14:49:41,664 [Listener at 127.0.0.1/40135] INFO  server.AbstractConnector (AbstractConnector.java:doStop(381)) - Stopped ServerConnector@3ffedb87{HTTP/1.1, (http/1.1)}{0.0.0.0:0}
2022-01-18 14:49:41,664 [Listener at 127.0.0.1/40135] INFO  server.session (HouseKeeper.java:stopScavenging(149)) - node0 Stopped scavenging
2022-01-18 14:49:41,664 [Listener at 127.0.0.1/40135] INFO  handler.ContextHandler (ContextHandler.java:doStop(1153)) - Stopped o.e.j.s.ServletContextHandler@33280b27{static,/static,jar:file:/home/runner/.m2/repository/org/apache/ozone/hdds-container-service/1.3.0-SNAPSHOT/hdds-container-service-1.3.0-SNAPSHOT.jar!/webapps/static,STOPPED}
2022-01-18 14:49:41,664 [Listener at 127.0.0.1/40135] INFO  handler.ContextHandler (ContextHandler.java:doStop(1153)) - Stopped o.e.j.s.ServletContextHandler@606d184{logs,/logs,file:///home/runner/work/ozone/ozone/hadoop-ozone/integration-test/target/log,STOPPED}
2022-01-18 14:49:41,678 [Listener at 127.0.0.1/40135] WARN  impl.MetricRegistriesImpl (MetricRegistriesImpl.java:addReporterRegistration(111)) - New reporters are added after registries were created. Some metrics will be missing from the reporter. Please add reporter before adding any new registry.
2022-01-18 14:49:41,681 [Listener at 127.0.0.1/40135] WARN  impl.MetricRegistriesImpl (MetricRegistriesImpl.java:addReporterRegistration(111)) - New reporters are added after registries were created. Some metrics will be missing from the reporter. Please add reporter before adding any new registry.
2022-01-18 14:49:41,683 [Listener at 127.0.0.1/40135] WARN  impl.MetricsConfig (MetricsConfig.java:loadFirst(136)) - Cannot locate configuration: tried hadoop-metrics2-hddsdatanode.properties,hadoop-metrics2.properties
2022-01-18 14:49:41,684 [Listener at 127.0.0.1/40135] INFO  impl.MetricsSystemImpl (MetricsSystemImpl.java:startTimer(378)) - Scheduled Metric snapshot period at 10 second(s).
2022-01-18 14:49:41,685 [Listener at 127.0.0.1/40135] INFO  impl.MetricsSystemImpl (MetricsSystemImpl.java:start(191)) - HddsDatanode metrics system started
2022-01-18 14:49:41,876 [Listener at 127.0.0.1/40135] INFO  impl.MetricsSinkAdapter (MetricsSinkAdapter.java:start(204)) - Sink prometheus started
2022-01-18 14:49:41,876 [Listener at 127.0.0.1/40135] INFO  impl.MetricsSystemImpl (MetricsSystemImpl.java:registerSink(305)) - Registered sink prometheus
2022-01-18 14:49:42,027 [Listener at 127.0.0.1/40135] INFO  ozone.HddsDatanodeService (HddsDatanodeService.java:start(234)) - HddsDatanodeService host:fv-az151-72.yf2hydr00wburbhx3j5hxtcipe.bx.internal.cloudapp.net ip:10.1.0.41
2022-01-18 14:49:42,071 [Listener at 127.0.0.1/40135] INFO  upgrade.AbstractLayoutVersionManager (AbstractLayoutVersionManager.java:init(79)) - Initializing Layout version manager with metadata layout = SCM_HA (version = 2), software layout = SCM_HA (version = 2)
2022-01-18 14:49:42,223 [Listener at 127.0.0.1/40135] INFO  reflections.Reflections (Reflections.java:scan(232)) - Reflections took 150 ms to scan 7 urls, producing 119 keys and 279 values 
2022-01-18 14:49:42,258 [Listener at 127.0.0.1/40135] INFO  statemachine.DatanodeStateMachine (DatanodeStateMachine.java:getEndPointTaskThreadPoolSize(222)) - Datanode State Machine Task Thread Pool size 2
2022-01-18 14:49:42,269 [Listener at 127.0.0.1/40135] INFO  volume.HddsVolume (HddsVolume.java:<init>(120)) - Creating HddsVolume: /home/runner/work/ozone/ozone/hadoop-ozone/integration-test/target/test-dir/MiniOzoneClusterImpl-0ccfa9de-752d-4e8f-9bbd-0e124a2d3e08/datanode-0/data-0/containers/hdds of storage type : DISK capacity : 9223372036854775807
2022-01-18 14:49:42,269 [Listener at 127.0.0.1/40135] INFO  volume.MutableVolumeSet (MutableVolumeSet.java:initializeVolumeSet(168)) - Added Volume : /home/runner/work/ozone/ozone/hadoop-ozone/integration-test/target/test-dir/MiniOzoneClusterImpl-0ccfa9de-752d-4e8f-9bbd-0e124a2d3e08/datanode-0/data-0/containers/hdds to VolumeSet
2022-01-18 14:49:42,269 [Listener at 127.0.0.1/40135] INFO  volume.ThrottledAsyncChecker (ThrottledAsyncChecker.java:schedule(141)) - Scheduling a check for /home/runner/work/ozone/ozone/hadoop-ozone/integration-test/target/test-dir/MiniOzoneClusterImpl-0ccfa9de-752d-4e8f-9bbd-0e124a2d3e08/datanode-0/data-0/containers/hdds
2022-01-18 14:49:42,284 [Listener at 127.0.0.1/40135] INFO  volume.StorageVolumeChecker (StorageVolumeChecker.java:checkAllVolumes(202)) - Scheduled health check for volume /home/runner/work/ozone/ozone/hadoop-ozone/integration-test/target/test-dir/MiniOzoneClusterImpl-0ccfa9de-752d-4e8f-9bbd-0e124a2d3e08/datanode-0/data-0/containers/hdds
2022-01-18 14:49:42,320 [Listener at 127.0.0.1/40135] INFO  volume.MutableVolumeSet (MutableVolumeSet.java:initializeVolumeSet(168)) - Added Volume : /home/runner/work/ozone/ozone/hadoop-ozone/integration-test/target/test-dir/MiniOzoneClusterImpl-0ccfa9de-752d-4e8f-9bbd-0e124a2d3e08/datanode-0/data/ratis to VolumeSet
2022-01-18 14:49:42,320 [Listener at 127.0.0.1/40135] INFO  volume.ThrottledAsyncChecker (ThrottledAsyncChecker.java:schedule(141)) - Scheduling a check for /home/runner/work/ozone/ozone/hadoop-ozone/integration-test/target/test-dir/MiniOzoneClusterImpl-0ccfa9de-752d-4e8f-9bbd-0e124a2d3e08/datanode-0/data/ratis
2022-01-18 14:49:42,320 [Listener at 127.0.0.1/40135] INFO  volume.StorageVolumeChecker (StorageVolumeChecker.java:checkAllVolumes(202)) - Scheduled health check for volume /home/runner/work/ozone/ozone/hadoop-ozone/integration-test/target/test-dir/MiniOzoneClusterImpl-0ccfa9de-752d-4e8f-9bbd-0e124a2d3e08/datanode-0/data/ratis
2022-01-18 14:49:42,396 [Thread-714] INFO  ozoneimpl.ContainerReader (ContainerReader.java:readVolume(142)) - Start to verify containers on volume /home/runner/work/ozone/ozone/hadoop-ozone/integration-test/target/test-dir/MiniOzoneClusterImpl-0ccfa9de-752d-4e8f-9bbd-0e124a2d3e08/datanode-0/data-0/containers/hdds
2022-01-18 14:49:42,397 [Thread-714] INFO  ozoneimpl.ContainerReader (ContainerReader.java:readVolume(172)) - Finish verifying containers on volume /home/runner/work/ozone/ozone/hadoop-ozone/integration-test/target/test-dir/MiniOzoneClusterImpl-0ccfa9de-752d-4e8f-9bbd-0e124a2d3e08/datanode-0/data-0/containers/hdds
2022-01-18 14:49:42,397 [Listener at 127.0.0.1/40135] INFO  ozoneimpl.OzoneContainer (OzoneContainer.java:buildContainerSet(237)) - Build ContainerSet costs 0s
2022-01-18 14:49:42,399 [Listener at 127.0.0.1/40135] INFO  server.RaftServer (ConfUtils.java:logGet(44)) - raft.rpc.type = GRPC (default)
2022-01-18 14:49:42,399 [Listener at 127.0.0.1/40135] INFO  grpc.GrpcFactory (GrpcFactory.java:checkPooledByteBufAllocatorUseCacheForAllThreads(48)) - PERFORMANCE WARNING: useCacheForAllThreads is true that may cause Netty to create a lot garbage objects and, as a result, trigger GC.
	It is recommended to disable useCacheForAllThreads by setting -Dorg.apache.ratis.thirdparty.io.netty.allocator.useCacheForAllThreads=false in command line.
2022-01-18 14:49:42,399 [Listener at 127.0.0.1/40135] INFO  grpc.GrpcConfigKeys (ConfUtils.java:logGet(44)) - raft.grpc.admin.port = 43293 (custom)
2022-01-18 14:49:42,400 [Listener at 127.0.0.1/40135] INFO  grpc.GrpcConfigKeys (ConfUtils.java:logGet(44)) - raft.grpc.client.port = 43293 (custom)
2022-01-18 14:49:42,400 [Listener at 127.0.0.1/40135] INFO  grpc.GrpcConfigKeys (ConfUtils.java:logGet(44)) - raft.grpc.server.port = 43293 (custom)
2022-01-18 14:49:42,400 [Listener at 127.0.0.1/40135] INFO  server.GrpcService (ConfUtils.java:logGet(44)) - raft.grpc.message.size.max = 32MB (=33554432) (custom)
2022-01-18 14:49:42,400 [Listener at 127.0.0.1/40135] INFO  server.RaftServerConfigKeys (ConfUtils.java:logGet(44)) - raft.server.log.appender.buffer.byte-limit = 33554432 (custom)
2022-01-18 14:49:42,400 [Listener at 127.0.0.1/40135] INFO  server.GrpcService (ConfUtils.java:logGet(44)) - raft.grpc.flow.control.window = 5MB (=5242880) (custom)
2022-01-18 14:49:42,400 [Listener at 127.0.0.1/40135] INFO  server.RaftServerConfigKeys (ConfUtils.java:logGet(44)) - raft.server.rpc.request.timeout = 60s (custom)
2022-01-18 14:49:42,401 [Listener at 127.0.0.1/40135] INFO  impl.DataStreamServerImpl (ConfUtils.java:logGet(44)) - raft.datastream.type = DISABLED (default)
2022-01-18 14:49:42,402 [Listener at 127.0.0.1/40135] INFO  server.RaftServerConfigKeys (ConfUtils.java:logGet(44)) - raft.server.rpc.slowness.timeout = 300s (custom)
2022-01-18 14:49:42,402 [Listener at 127.0.0.1/40135] INFO  server.RaftServerConfigKeys (ConfUtils.java:logGet(44)) - raft.server.leaderelection.leader.step-down.wait-time = 10s (default)
2022-01-18 14:49:42,402 [Listener at 127.0.0.1/40135] INFO  server.RaftServerConfigKeys (ConfUtils.java:logGet(44)) - raft.server.storage.dir = [/home/runner/work/ozone/ozone/hadoop-ozone/integration-test/target/test-dir/MiniOzoneClusterImpl-0ccfa9de-752d-4e8f-9bbd-0e124a2d3e08/datanode-0/data/ratis] (custom)
2022-01-18 14:49:42,402 [Listener at 127.0.0.1/40135] INFO  server.RaftServer (RaftServerProxy.java:lambda$null$1(235)) - f0baeb8c-e6d1-47f5-b4e1-5ba393635f6f: found a subdirectory /home/runner/work/ozone/ozone/hadoop-ozone/integration-test/target/test-dir/MiniOzoneClusterImpl-0ccfa9de-752d-4e8f-9bbd-0e124a2d3e08/datanode-0/data/ratis/90ce8d8a-bc3a-4bb9-9215-e617bb2ee5dd
2022-01-18 14:49:42,412 [Listener at 127.0.0.1/40135] INFO  server.RaftServer (RaftServerProxy.java:addNew(95)) - f0baeb8c-e6d1-47f5-b4e1-5ba393635f6f: addNew group-E617BB2EE5DD:[] returns group-E617BB2EE5DD:java.util.concurrent.CompletableFuture@12fbf354[Not completed]
2022-01-18 14:49:42,412 [Listener at 127.0.0.1/40135] INFO  server.RaftServer (RaftServerProxy.java:lambda$null$1(235)) - f0baeb8c-e6d1-47f5-b4e1-5ba393635f6f: found a subdirectory /home/runner/work/ozone/ozone/hadoop-ozone/integration-test/target/test-dir/MiniOzoneClusterImpl-0ccfa9de-752d-4e8f-9bbd-0e124a2d3e08/datanode-0/data/ratis/872b7417-f6ae-4e77-b9b9-c90ecade688a
2022-01-18 14:49:42,412 [Listener at 127.0.0.1/40135] INFO  server.RaftServer (RaftServerProxy.java:addNew(95)) - f0baeb8c-e6d1-47f5-b4e1-5ba393635f6f: addNew group-C90ECADE688A:[] returns group-C90ECADE688A:java.util.concurrent.CompletableFuture@68c9cb15[Not completed]
2022-01-18 14:49:42,414 [Listener at 127.0.0.1/40135] INFO  server.XceiverServerGrpc (XceiverServerGrpc.java:<init>(132)) - GrpcServer channel type EpollServerSocketChannel
2022-01-18 14:49:42,417 [pool-310-thread-1] INFO  server.RaftServer$Division (RaftServerImpl.java:<init>(184)) - f0baeb8c-e6d1-47f5-b4e1-5ba393635f6f: new RaftServerImpl for group-E617BB2EE5DD:[] with ContainerStateMachine:uninitialized
2022-01-18 14:49:42,430 [pool-310-thread-1] INFO  server.RaftServerConfigKeys (ConfUtils.java:logGet(44)) - raft.server.rpc.timeout.min = 5s (custom)
2022-01-18 14:49:42,430 [pool-310-thread-1] INFO  server.RaftServerConfigKeys (ConfUtils.java:logGet(44)) - raft.server.rpc.timeout.max = 5200ms (custom)
2022-01-18 14:49:42,430 [pool-310-thread-1] INFO  server.RaftServerConfigKeys (ConfUtils.java:logGet(44)) - raft.server.rpc.sleep.time = 25ms (default)
2022-01-18 14:49:42,430 [pool-310-thread-1] INFO  server.RaftServerConfigKeys (ConfUtils.java:logGet(44)) - raft.server.rpc.slowness.timeout = 300s (custom)
2022-01-18 14:49:42,430 [pool-310-thread-1] INFO  server.RaftServerConfigKeys (ConfUtils.java:logGet(44)) - raft.server.leaderelection.leader.step-down.wait-time = 10s (default)
2022-01-18 14:49:42,430 [pool-310-thread-1] INFO  server.RaftServerConfigKeys (ConfUtils.java:logGet(44)) - raft.server.sleep.deviation.threshold = 300ms (default)
2022-01-18 14:49:42,430 [pool-310-thread-1] INFO  server.RaftServerConfigKeys (ConfUtils.java:logGet(44)) - raft.server.log.appender.install.snapshot.enabled = false (custom)
2022-01-18 14:49:42,430 [pool-310-thread-1] INFO  server.RaftServer$Division (ServerState.java:<init>(105)) - f0baeb8c-e6d1-47f5-b4e1-5ba393635f6f@group-E617BB2EE5DD: ConfigurationManager, init=-1: [], old=null, confs=<EMPTY_MAP>
2022-01-18 14:49:42,430 [pool-310-thread-1] INFO  server.RaftServerConfigKeys (ConfUtils.java:logGet(44)) - raft.server.storage.dir = [/home/runner/work/ozone/ozone/hadoop-ozone/integration-test/target/test-dir/MiniOzoneClusterImpl-0ccfa9de-752d-4e8f-9bbd-0e124a2d3e08/datanode-0/data/ratis] (custom)
2022-01-18 14:49:42,430 [pool-310-thread-1] INFO  server.RaftServerConfigKeys (ConfUtils.java:logGet(44)) - raft.server.log.corruption.policy = EXCEPTION (default)
2022-01-18 14:49:42,430 [pool-310-thread-1] INFO  server.RaftServerConfigKeys (ConfUtils.java:logGet(44)) - raft.server.storage.free-space.min = 0MB (=0) (default)
2022-01-18 14:49:42,431 [pool-310-thread-1] INFO  storage.RaftStorageDirectory (RaftStorageDirectoryImpl.java:tryLock(230)) - Lock on /home/runner/work/ozone/ozone/hadoop-ozone/integration-test/target/test-dir/MiniOzoneClusterImpl-0ccfa9de-752d-4e8f-9bbd-0e124a2d3e08/datanode-0/data/ratis/90ce8d8a-bc3a-4bb9-9215-e617bb2ee5dd/in_use.lock acquired by nodename 22330@fv-az151-72
2022-01-18 14:49:42,434 [Listener at 127.0.0.1/40135] INFO  http.BaseHttpServer (BaseHttpServer.java:newHttpServer2BuilderForOzone(209)) - Starting Web-server for hddsDatanode at: http://0.0.0.0:33415
2022-01-18 14:49:42,434 [Listener at 127.0.0.1/40135] INFO  http.BaseHttpServer (BaseHttpServer.java:<init>(107)) - Hadoop Security Enabled: false Ozone Security Enabled: false Ozone HTTP Security Enabled: false 
2022-01-18 14:49:42,435 [Listener at 127.0.0.1/40135] INFO  server.AuthenticationFilter (AuthenticationFilter.java:constructSecretProvider(240)) - Unable to initialize FileSignerSecretProvider, falling back to use random secrets.
2022-01-18 14:49:42,437 [pool-310-thread-1] INFO  storage.RaftStorage (RaftStorageImpl.java:analyzeAndRecoverStorage(110)) - Read RaftStorageMetadata{term=1, votedFor=f0baeb8c-e6d1-47f5-b4e1-5ba393635f6f} from /home/runner/work/ozone/ozone/hadoop-ozone/integration-test/target/test-dir/MiniOzoneClusterImpl-0ccfa9de-752d-4e8f-9bbd-0e124a2d3e08/datanode-0/data/ratis/90ce8d8a-bc3a-4bb9-9215-e617bb2ee5dd/current/raft-meta
2022-01-18 14:49:42,464 [Listener at 127.0.0.1/40135] WARN  http.HttpRequestLog (HttpRequestLog.java:getRequestLog(103)) - Jetty request log can only be enabled using Log4j
2022-01-18 14:49:42,465 [Listener at 127.0.0.1/40135] INFO  http.HttpServer2 (HttpServer2.java:addGlobalFilter(1030)) - Added global filter 'safety' (class=org.apache.hadoop.hdds.server.http.HttpServer2$QuotingInputFilter)
2022-01-18 14:49:42,466 [Listener at 127.0.0.1/40135] INFO  http.HttpServer2 (HttpServer2.java:addFilter(1006)) - Added filter static_user_filter (class=org.apache.hadoop.http.lib.StaticUserWebFilter$StaticUserFilter) to context hddsDatanode
2022-01-18 14:49:42,466 [Listener at 127.0.0.1/40135] INFO  http.HttpServer2 (HttpServer2.java:addFilter(1014)) - Added filter static_user_filter (class=org.apache.hadoop.http.lib.StaticUserWebFilter$StaticUserFilter) to context static
2022-01-18 14:49:42,466 [Listener at 127.0.0.1/40135] INFO  http.HttpServer2 (HttpServer2.java:addFilter(1014)) - Added filter static_user_filter (class=org.apache.hadoop.http.lib.StaticUserWebFilter$StaticUserFilter) to context logs
2022-01-18 14:49:42,466 [Listener at 127.0.0.1/40135] INFO  http.HttpServer2 (HttpServer2.java:bindListener(1249)) - Jetty bound to port 33415
2022-01-18 14:49:42,467 [Listener at 127.0.0.1/40135] INFO  server.Server (Server.java:doStart(375)) - jetty-9.4.43.v20210629; built: 2021-06-30T11:07:22.254Z; git: 526006ecfa3af7f1a27ef3a288e2bef7ea9dd7e8; jvm 1.8.0_292-b10
2022-01-18 14:49:42,479 [pool-310-thread-1] INFO  ratis.ContainerStateMachine (ContainerStateMachine.java:loadSnapshot(240)) - group-E617BB2EE5DD: Setting the last applied index to (t:1, i:0)
2022-01-18 14:49:42,480 [pool-310-thread-1] INFO  server.RaftServer$Division (ServerState.java:setRaftConf(387)) - f0baeb8c-e6d1-47f5-b4e1-5ba393635f6f@group-E617BB2EE5DD: set configuration 0: [f0baeb8c-e6d1-47f5-b4e1-5ba393635f6f|rpc:10.1.0.41:43293|dataStream:|priority:1], old=null
2022-01-18 14:49:42,480 [pool-310-thread-1] INFO  server.RaftServerConfigKeys (ConfUtils.java:logGet(44)) - raft.server.notification.no-leader.timeout = 300s (custom)
2022-01-18 14:49:42,480 [pool-310-thread-1] INFO  server.RaftServerConfigKeys (ConfUtils.java:logGet(44)) - raft.server.log.use.memory = false (default)
2022-01-18 14:49:42,481 [pool-310-thread-1] INFO  server.RaftServerConfigKeys (ConfUtils.java:logGet(44)) - raft.server.log.purge.gap = 1000000 (custom)
2022-01-18 14:49:42,481 [pool-310-thread-1] INFO  server.RaftServerConfigKeys (ConfUtils.java:logGet(44)) - raft.server.log.appender.buffer.byte-limit = 33554432 (custom)
2022-01-18 14:49:42,481 [pool-310-thread-1] INFO  server.RaftServerConfigKeys (ConfUtils.java:logGet(44)) - raft.server.log.segment.size.max = 1048576 (custom)
2022-01-18 14:49:42,481 [pool-310-thread-1] INFO  server.RaftServerConfigKeys (ConfUtils.java:logGet(44)) - raft.server.log.segment.cache.num.max = 2 (custom)
2022-01-18 14:49:42,481 [pool-310-thread-1] INFO  server.RaftServerConfigKeys (ConfUtils.java:logGet(44)) - raft.server.log.segment.cache.size.max = 200MB (=209715200) (default)
2022-01-18 14:49:42,481 [pool-310-thread-1] INFO  segmented.SegmentedRaftLogWorker (SegmentedRaftLogWorker.java:<init>(182)) - new f0baeb8c-e6d1-47f5-b4e1-5ba393635f6f@group-E617BB2EE5DD-SegmentedRaftLogWorker for RaftStorageImpl:Storage Directory /home/runner/work/ozone/ozone/hadoop-ozone/integration-test/target/test-dir/MiniOzoneClusterImpl-0ccfa9de-752d-4e8f-9bbd-0e124a2d3e08/datanode-0/data/ratis/90ce8d8a-bc3a-4bb9-9215-e617bb2ee5dd
2022-01-18 14:49:42,481 [pool-310-thread-1] INFO  server.RaftServerConfigKeys (ConfUtils.java:logGet(44)) - raft.server.log.queue.byte-limit = 2147483647 (custom)
2022-01-18 14:49:42,481 [pool-310-thread-1] INFO  server.RaftServerConfigKeys (ConfUtils.java:logGet(44)) - raft.server.log.queue.element-limit = 1024 (custom)
2022-01-18 14:49:42,481 [pool-310-thread-1] INFO  server.RaftServerConfigKeys (ConfUtils.java:logGet(44)) - raft.server.log.segment.size.max = 1048576 (custom)
2022-01-18 14:49:42,482 [pool-310-thread-1] INFO  server.RaftServerConfigKeys (ConfUtils.java:logGet(44)) - raft.server.log.preallocated.size = 16384 (custom)
2022-01-18 14:49:42,482 [pool-310-thread-1] INFO  server.RaftServerConfigKeys (ConfUtils.java:logGet(44)) - raft.server.log.force.sync.num = 128 (default)
2022-01-18 14:49:42,482 [pool-310-thread-1] INFO  server.RaftServerConfigKeys (ConfUtils.java:logGet(44)) - raft.server.log.statemachine.data.sync = true (default)
2022-01-18 14:49:42,482 [pool-310-thread-1] INFO  server.RaftServerConfigKeys (ConfUtils.java:logGet(44)) - raft.server.log.statemachine.data.sync.timeout = 10s (default)
2022-01-18 14:49:42,482 [pool-310-thread-1] INFO  server.RaftServerConfigKeys (ConfUtils.java:logGet(44)) - raft.server.log.statemachine.data.sync.timeout.retry = -1 (default)
2022-01-18 14:49:42,483 [pool-310-thread-1] INFO  server.RaftServerConfigKeys (ConfUtils.java:logGet(44)) - raft.server.log.write.buffer.size = 1048576 (custom)
2022-01-18 14:49:42,483 [pool-310-thread-1] INFO  server.RaftServerConfigKeys (ConfUtils.java:logGet(44)) - raft.server.log.statemachine.data.caching.enabled = true (custom)
2022-01-18 14:49:42,492 [pool-310-thread-1] INFO  server.RaftServer$Division (ServerState.java:setRaftConf(387)) - f0baeb8c-e6d1-47f5-b4e1-5ba393635f6f@group-E617BB2EE5DD: set configuration 0: [f0baeb8c-e6d1-47f5-b4e1-5ba393635f6f|rpc:10.1.0.41:43293|dataStream:|priority:1], old=null
2022-01-18 14:49:42,492 [pool-310-thread-1] INFO  segmented.LogSegment (LogSegment.java:loadSegment(173)) - Successfully read 1 entries from segment file /home/runner/work/ozone/ozone/hadoop-ozone/integration-test/target/test-dir/MiniOzoneClusterImpl-0ccfa9de-752d-4e8f-9bbd-0e124a2d3e08/datanode-0/data/ratis/90ce8d8a-bc3a-4bb9-9215-e617bb2ee5dd/current/log_inprogress_0
2022-01-18 14:49:42,493 [pool-310-thread-1] INFO  segmented.SegmentedRaftLogWorker (SegmentedRaftLogWorker.java:lambda$new$0(133)) - f0baeb8c-e6d1-47f5-b4e1-5ba393635f6f@group-E617BB2EE5DD-SegmentedRaftLogWorker: flushIndex: setUnconditionally 0 -> 0
2022-01-18 14:49:42,493 [pool-310-thread-1] INFO  segmented.SegmentedRaftLogWorker (SegmentedRaftLogWorker.java:lambda$new$0(133)) - f0baeb8c-e6d1-47f5-b4e1-5ba393635f6f@group-E617BB2EE5DD-SegmentedRaftLogWorker: safeCacheEvictIndex: setUnconditionally 0 -> -1
2022-01-18 14:49:42,568 [Listener at 127.0.0.1/40135] INFO  server.session (DefaultSessionIdManager.java:doStart(334)) - DefaultSessionIdManager workerName=node0
2022-01-18 14:49:42,568 [Listener at 127.0.0.1/40135] INFO  server.session (DefaultSessionIdManager.java:doStart(339)) - No SessionScavenger set, using defaults
2022-01-18 14:49:42,569 [Listener at 127.0.0.1/40135] INFO  server.session (HouseKeeper.java:startScavenging(132)) - node0 Scavenging every 600000ms
2022-01-18 14:49:42,580 [Listener at 127.0.0.1/40135] INFO  handler.ContextHandler (ContextHandler.java:doStart(915)) - Started o.e.j.s.ServletContextHandler@ea0c0cc{logs,/logs,file:///home/runner/work/ozone/ozone/hadoop-ozone/integration-test/target/log,AVAILABLE}
2022-01-18 14:49:42,580 [Listener at 127.0.0.1/40135] INFO  handler.ContextHandler (ContextHandler.java:doStart(915)) - Started o.e.j.s.ServletContextHandler@da3afc3{static,/static,jar:file:/home/runner/.m2/repository/org/apache/ozone/hdds-container-service/1.3.0-SNAPSHOT/hdds-container-service-1.3.0-SNAPSHOT.jar!/webapps/static,AVAILABLE}
2022-01-18 14:49:42,587 [EndpointStateMachine task thread for /0.0.0.0:36881 - 0 ] INFO  ipc.Client (Client.java:handleConnectionFailure(977)) - Retrying connect to server: 0.0.0.0/0.0.0.0:36881. Already tried 10 time(s); retry policy is RetryUpToMaximumCountWithFixedSleep(maxRetries=15, sleepTime=1000 MILLISECONDS)
2022-01-18 14:49:42,589 [pool-310-thread-1] INFO  server.RaftServerConfigKeys (ConfUtils.java:logGet(44)) - raft.server.snapshot.auto.trigger.enabled = true (custom)
2022-01-18 14:49:42,589 [pool-310-thread-1] INFO  server.RaftServerConfigKeys (ConfUtils.java:logGet(44)) - raft.server.snapshot.auto.trigger.threshold = 10000 (custom)
2022-01-18 14:49:42,589 [pool-310-thread-1] INFO  server.RaftServerConfigKeys (ConfUtils.java:logGet(44)) - raft.server.snapshot.retention.file.num = 5 (custom)
2022-01-18 14:49:42,589 [pool-310-thread-1] INFO  server.RaftServerConfigKeys (ConfUtils.java:logGet(44)) - raft.server.log.purge.upto.snapshot.index = false (default)
2022-01-18 14:49:42,589 [pool-310-thread-1] INFO  server.RaftServerConfigKeys (ConfUtils.java:logGet(44)) - raft.server.retrycache.expirytime = 600000ms (custom)
2022-01-18 14:49:42,590 [pool-310-thread-1] INFO  server.RaftServerConfigKeys (ConfUtils.java:logGet(44)) - raft.server.retrycache.statistics.expirytime = 100μs (default)
2022-01-18 14:49:42,592 [pool-310-thread-1] INFO  server.RaftServer$Division (RaftServerImpl.java:<init>(184)) - f0baeb8c-e6d1-47f5-b4e1-5ba393635f6f: new RaftServerImpl for group-C90ECADE688A:[] with ContainerStateMachine:uninitialized
2022-01-18 14:49:42,592 [pool-310-thread-1] INFO  server.RaftServerConfigKeys (ConfUtils.java:logGet(44)) - raft.server.rpc.timeout.min = 5s (custom)
2022-01-18 14:49:42,592 [pool-310-thread-1] INFO  server.RaftServerConfigKeys (ConfUtils.java:logGet(44)) - raft.server.rpc.timeout.max = 5200ms (custom)
2022-01-18 14:49:42,592 [pool-310-thread-1] INFO  server.RaftServerConfigKeys (ConfUtils.java:logGet(44)) - raft.server.rpc.sleep.time = 25ms (default)
2022-01-18 14:49:42,592 [pool-310-thread-1] INFO  server.RaftServerConfigKeys (ConfUtils.java:logGet(44)) - raft.server.rpc.slowness.timeout = 300s (custom)
2022-01-18 14:49:42,592 [pool-310-thread-1] INFO  server.RaftServerConfigKeys (ConfUtils.java:logGet(44)) - raft.server.leaderelection.leader.step-down.wait-time = 10s (default)
2022-01-18 14:49:42,593 [pool-310-thread-1] INFO  server.RaftServerConfigKeys (ConfUtils.java:logGet(44)) - raft.server.sleep.deviation.threshold = 300ms (default)
2022-01-18 14:49:42,593 [pool-310-thread-1] INFO  server.RaftServerConfigKeys (ConfUtils.java:logGet(44)) - raft.server.log.appender.install.snapshot.enabled = false (custom)
2022-01-18 14:49:42,593 [pool-310-thread-1] INFO  server.RaftServer$Division (ServerState.java:<init>(105)) - f0baeb8c-e6d1-47f5-b4e1-5ba393635f6f@group-C90ECADE688A: ConfigurationManager, init=-1: [], old=null, confs=<EMPTY_MAP>
2022-01-18 14:49:42,593 [pool-310-thread-1] INFO  server.RaftServerConfigKeys (ConfUtils.java:logGet(44)) - raft.server.storage.dir = [/home/runner/work/ozone/ozone/hadoop-ozone/integration-test/target/test-dir/MiniOzoneClusterImpl-0ccfa9de-752d-4e8f-9bbd-0e124a2d3e08/datanode-0/data/ratis] (custom)
2022-01-18 14:49:42,593 [pool-310-thread-1] INFO  server.RaftServerConfigKeys (ConfUtils.java:logGet(44)) - raft.server.log.corruption.policy = EXCEPTION (default)
2022-01-18 14:49:42,593 [pool-310-thread-1] INFO  server.RaftServerConfigKeys (ConfUtils.java:logGet(44)) - raft.server.storage.free-space.min = 0MB (=0) (default)
2022-01-18 14:49:42,594 [pool-310-thread-1] INFO  storage.RaftStorageDirectory (RaftStorageDirectoryImpl.java:tryLock(230)) - Lock on /home/runner/work/ozone/ozone/hadoop-ozone/integration-test/target/test-dir/MiniOzoneClusterImpl-0ccfa9de-752d-4e8f-9bbd-0e124a2d3e08/datanode-0/data/ratis/872b7417-f6ae-4e77-b9b9-c90ecade688a/in_use.lock acquired by nodename 22330@fv-az151-72
2022-01-18 14:49:42,603 [pool-310-thread-1] INFO  storage.RaftStorage (RaftStorageImpl.java:analyzeAndRecoverStorage(110)) - Read RaftStorageMetadata{term=9, votedFor=f0baeb8c-e6d1-47f5-b4e1-5ba393635f6f} from /home/runner/work/ozone/ozone/hadoop-ozone/integration-test/target/test-dir/MiniOzoneClusterImpl-0ccfa9de-752d-4e8f-9bbd-0e124a2d3e08/datanode-0/data/ratis/872b7417-f6ae-4e77-b9b9-c90ecade688a/current/raft-meta
2022-01-18 14:49:42,604 [pool-310-thread-1] INFO  ratis.ContainerStateMachine (ContainerStateMachine.java:loadSnapshot(240)) - group-C90ECADE688A: Setting the last applied index to (t:9, i:0)
2022-01-18 14:49:42,604 [pool-310-thread-1] INFO  server.RaftServer$Division (ServerState.java:setRaftConf(387)) - f0baeb8c-e6d1-47f5-b4e1-5ba393635f6f@group-C90ECADE688A: set configuration 0: [a81a925a-6276-4e36-9bcf-91f1631c9c2f|rpc:10.1.0.41:40475|dataStream:|priority:0, f0baeb8c-e6d1-47f5-b4e1-5ba393635f6f|rpc:10.1.0.41:43293|dataStream:|priority:0, beb67d5c-35ba-4f4b-ba77-131041920502|rpc:10.1.0.41:36345|dataStream:|priority:1], old=null
2022-01-18 14:49:42,604 [pool-310-thread-1] INFO  server.RaftServerConfigKeys (ConfUtils.java:logGet(44)) - raft.server.notification.no-leader.timeout = 300s (custom)
2022-01-18 14:49:42,604 [pool-310-thread-1] INFO  server.RaftServerConfigKeys (ConfUtils.java:logGet(44)) - raft.server.log.use.memory = false (default)
2022-01-18 14:49:42,604 [pool-310-thread-1] INFO  server.RaftServerConfigKeys (ConfUtils.java:logGet(44)) - raft.server.log.purge.gap = 1000000 (custom)
2022-01-18 14:49:42,604 [pool-310-thread-1] INFO  server.RaftServerConfigKeys (ConfUtils.java:logGet(44)) - raft.server.log.appender.buffer.byte-limit = 33554432 (custom)
2022-01-18 14:49:42,605 [pool-310-thread-1] INFO  server.RaftServerConfigKeys (ConfUtils.java:logGet(44)) - raft.server.log.segment.size.max = 1048576 (custom)
2022-01-18 14:49:42,605 [pool-310-thread-1] INFO  server.RaftServerConfigKeys (ConfUtils.java:logGet(44)) - raft.server.log.segment.cache.num.max = 2 (custom)
2022-01-18 14:49:42,605 [pool-310-thread-1] INFO  server.RaftServerConfigKeys (ConfUtils.java:logGet(44)) - raft.server.log.segment.cache.size.max = 200MB (=209715200) (default)
2022-01-18 14:49:42,605 [pool-310-thread-1] INFO  segmented.SegmentedRaftLogWorker (SegmentedRaftLogWorker.java:<init>(182)) - new f0baeb8c-e6d1-47f5-b4e1-5ba393635f6f@group-C90ECADE688A-SegmentedRaftLogWorker for RaftStorageImpl:Storage Directory /home/runner/work/ozone/ozone/hadoop-ozone/integration-test/target/test-dir/MiniOzoneClusterImpl-0ccfa9de-752d-4e8f-9bbd-0e124a2d3e08/datanode-0/data/ratis/872b7417-f6ae-4e77-b9b9-c90ecade688a
2022-01-18 14:49:42,605 [pool-310-thread-1] INFO  server.RaftServerConfigKeys (ConfUtils.java:logGet(44)) - raft.server.log.queue.byte-limit = 2147483647 (custom)
2022-01-18 14:49:42,605 [pool-310-thread-1] INFO  server.RaftServerConfigKeys (ConfUtils.java:logGet(44)) - raft.server.log.queue.element-limit = 1024 (custom)
2022-01-18 14:49:42,605 [pool-310-thread-1] INFO  server.RaftServerConfigKeys (ConfUtils.java:logGet(44)) - raft.server.log.segment.size.max = 1048576 (custom)
2022-01-18 14:49:42,605 [pool-310-thread-1] INFO  server.RaftServerConfigKeys (ConfUtils.java:logGet(44)) - raft.server.log.preallocated.size = 16384 (custom)
2022-01-18 14:49:42,605 [pool-310-thread-1] INFO  server.RaftServerConfigKeys (ConfUtils.java:logGet(44)) - raft.server.log.force.sync.num = 128 (default)
2022-01-18 14:49:42,605 [pool-310-thread-1] INFO  server.RaftServerConfigKeys (ConfUtils.java:logGet(44)) - raft.server.log.statemachine.data.sync = true (default)
2022-01-18 14:49:42,605 [pool-310-thread-1] INFO  server.RaftServerConfigKeys (ConfUtils.java:logGet(44)) - raft.server.log.statemachine.data.sync.timeout = 10s (default)
2022-01-18 14:49:42,605 [pool-310-thread-1] INFO  server.RaftServerConfigKeys (ConfUtils.java:logGet(44)) - raft.server.log.statemachine.data.sync.timeout.retry = -1 (default)
2022-01-18 14:49:42,606 [pool-310-thread-1] INFO  server.RaftServerConfigKeys (ConfUtils.java:logGet(44)) - raft.server.log.write.buffer.size = 1048576 (custom)
2022-01-18 14:49:42,607 [pool-310-thread-1] INFO  server.RaftServerConfigKeys (ConfUtils.java:logGet(44)) - raft.server.log.statemachine.data.caching.enabled = true (custom)
2022-01-18 14:49:42,611 [pool-310-thread-1] INFO  server.RaftServer$Division (ServerState.java:setRaftConf(387)) - f0baeb8c-e6d1-47f5-b4e1-5ba393635f6f@group-C90ECADE688A: set configuration 0: [a81a925a-6276-4e36-9bcf-91f1631c9c2f|rpc:10.1.0.41:40475|dataStream:|priority:0, f0baeb8c-e6d1-47f5-b4e1-5ba393635f6f|rpc:10.1.0.41:43293|dataStream:|priority:0, beb67d5c-35ba-4f4b-ba77-131041920502|rpc:10.1.0.41:36345|dataStream:|priority:1], old=null
2022-01-18 14:49:42,611 [pool-310-thread-1] INFO  segmented.LogSegment (LogSegment.java:loadSegment(173)) - Successfully read 1 entries from segment file /home/runner/work/ozone/ozone/hadoop-ozone/integration-test/target/test-dir/MiniOzoneClusterImpl-0ccfa9de-752d-4e8f-9bbd-0e124a2d3e08/datanode-0/data/ratis/872b7417-f6ae-4e77-b9b9-c90ecade688a/current/log_inprogress_0
2022-01-18 14:49:42,612 [pool-310-thread-1] INFO  segmented.SegmentedRaftLogWorker (SegmentedRaftLogWorker.java:lambda$new$0(133)) - f0baeb8c-e6d1-47f5-b4e1-5ba393635f6f@group-C90ECADE688A-SegmentedRaftLogWorker: flushIndex: setUnconditionally 0 -> 0
2022-01-18 14:49:42,612 [pool-310-thread-1] INFO  segmented.SegmentedRaftLogWorker (SegmentedRaftLogWorker.java:lambda$new$0(133)) - f0baeb8c-e6d1-47f5-b4e1-5ba393635f6f@group-C90ECADE688A-SegmentedRaftLogWorker: safeCacheEvictIndex: setUnconditionally 0 -> -1
2022-01-18 14:49:42,640 [pool-310-thread-1] INFO  server.RaftServerConfigKeys (ConfUtils.java:logGet(44)) - raft.server.snapshot.auto.trigger.enabled = true (custom)
2022-01-18 14:49:42,640 [pool-310-thread-1] INFO  server.RaftServerConfigKeys (ConfUtils.java:logGet(44)) - raft.server.snapshot.auto.trigger.threshold = 10000 (custom)
2022-01-18 14:49:42,640 [pool-310-thread-1] INFO  server.RaftServerConfigKeys (ConfUtils.java:logGet(44)) - raft.server.snapshot.retention.file.num = 5 (custom)
2022-01-18 14:49:42,640 [pool-310-thread-1] INFO  server.RaftServerConfigKeys (ConfUtils.java:logGet(44)) - raft.server.log.purge.upto.snapshot.index = false (default)
2022-01-18 14:49:42,640 [pool-310-thread-1] INFO  server.RaftServerConfigKeys (ConfUtils.java:logGet(44)) - raft.server.retrycache.expirytime = 600000ms (custom)
2022-01-18 14:49:42,640 [pool-310-thread-1] INFO  server.RaftServerConfigKeys (ConfUtils.java:logGet(44)) - raft.server.retrycache.statistics.expirytime = 100μs (default)
2022-01-18 14:49:42,757 [Listener at 127.0.0.1/40135] INFO  handler.ContextHandler (ContextHandler.java:doStart(915)) - Started o.e.j.w.WebAppContext@504379e1{hddsDatanode,/,file:///tmp/jetty-0_0_0_0-33415-hdds-container-service-1_3_0-SNAPSHOT_jar-_-any-6578240205378937969/webapp/,AVAILABLE}{jar:file:/home/runner/.m2/repository/org/apache/ozone/hdds-container-service/1.3.0-SNAPSHOT/hdds-container-service-1.3.0-SNAPSHOT.jar!/webapps/hddsDatanode}
2022-01-18 14:49:42,784 [Listener at 127.0.0.1/40135] INFO  server.AbstractConnector (AbstractConnector.java:doStart(331)) - Started ServerConnector@484f0666{HTTP/1.1, (http/1.1)}{0.0.0.0:33415}
2022-01-18 14:49:42,785 [Listener at 127.0.0.1/40135] INFO  server.Server (Server.java:doStart(415)) - Started @175258ms
2022-01-18 14:49:42,785 [Listener at 127.0.0.1/40135] WARN  impl.MetricsSystemImpl (MetricsSystemImpl.java:register(279)) - Sink prometheus already exists!
2022-01-18 14:49:42,785 [Listener at 127.0.0.1/40135] INFO  http.BaseHttpServer (BaseHttpServer.java:updateConnectorAddress(329)) - HTTP server of hddsDatanode listening at http://0.0.0.0:33415
2022-01-18 14:49:42,812 [Datanode State Machine Daemon Thread] INFO  statemachine.DatanodeStateMachine (DatanodeStateMachine.java:lambda$startDaemon$0(470)) - Ozone container server started.
2022-01-18 14:49:42,878 [org.apache.hadoop.util.JvmPauseMonitor$Monitor@5c798b8] INFO  util.JvmPauseMonitor (JvmPauseMonitor.java:run(188)) - Starting JVM pause monitor
2022-01-18 14:49:43,318 [grpc-default-executor-1] WARN  server.GrpcLogAppender (LogUtils.java:warn(122)) - beb67d5c-35ba-4f4b-ba77-131041920502@group-C90ECADE688A->f0baeb8c-e6d1-47f5-b4e1-5ba393635f6f-AppendLogResponseHandler: Failed appendEntries: org.apache.ratis.thirdparty.io.grpc.StatusRuntimeException: UNAVAILABLE: io exception
2022-01-18 14:49:43,319 [grpc-default-executor-1] WARN  server.GrpcLogAppender (GrpcLogAppender.java:resetClient(110)) - beb67d5c-35ba-4f4b-ba77-131041920502@group-C90ECADE688A->f0baeb8c-e6d1-47f5-b4e1-5ba393635f6f-GrpcLogAppender: Leader has not got in touch with Follower beb67d5c-35ba-4f4b-ba77-131041920502@group-C90ECADE688A->f0baeb8c-e6d1-47f5-b4e1-5ba393635f6f(c0,m0,n1, attendVote=true, lastRpcSendTime=0, lastRpcResponseTime=7518) yet, just keep nextIndex unchanged and retry.
2022-01-18 14:49:43,588 [EndpointStateMachine task thread for /0.0.0.0:36881 - 0 ] INFO  ipc.Client (Client.java:handleConnectionFailure(977)) - Retrying connect to server: 0.0.0.0/0.0.0.0:36881. Already tried 11 time(s); retry policy is RetryUpToMaximumCountWithFixedSleep(maxRetries=15, sleepTime=1000 MILLISECONDS)
2022-01-18 14:49:44,584 [Datanode State Machine Daemon Thread] ERROR datanode.RunningDatanodeState (RunningDatanodeState.java:computeNextContainerState(199)) - Error in executing end point task.
java.util.concurrent.ExecutionException: java.util.concurrent.TimeoutException
	at java.util.concurrent.FutureTask.report(FutureTask.java:122)
	at java.util.concurrent.FutureTask.get(FutureTask.java:192)
	at org.apache.hadoop.ozone.container.common.states.datanode.RunningDatanodeState.computeNextContainerState(RunningDatanodeState.java:191)
	at org.apache.hadoop.ozone.container.common.states.datanode.RunningDatanodeState.await(RunningDatanodeState.java:231)
	at org.apache.hadoop.ozone.container.common.states.datanode.RunningDatanodeState.await(RunningDatanodeState.java:50)
	at org.apache.hadoop.ozone.container.common.statemachine.StateContext.execute(StateContext.java:633)
	at org.apache.hadoop.ozone.container.common.statemachine.DatanodeStateMachine.start(DatanodeStateMachine.java:283)
	at org.apache.hadoop.ozone.container.common.statemachine.DatanodeStateMachine.lambda$startDaemon$0(DatanodeStateMachine.java:471)
	at java.lang.Thread.run(Thread.java:748)
Caused by: java.util.concurrent.TimeoutException
	at java.util.concurrent.FutureTask.get(FutureTask.java:205)
	at org.apache.hadoop.ozone.container.common.states.datanode.RunningDatanodeState.lambda$execute$0(RunningDatanodeState.java:149)
	at java.util.concurrent.FutureTask.run(FutureTask.java:266)
	at java.util.concurrent.Executors$RunnableAdapter.call(Executors.java:511)
	at java.util.concurrent.FutureTask.run(FutureTask.java:266)
	at java.util.concurrent.ThreadPoolExecutor.runWorker(ThreadPoolExecutor.java:1149)
	at java.util.concurrent.ThreadPoolExecutor$Worker.run(ThreadPoolExecutor.java:624)
	... 1 more
2022-01-18 14:49:44,589 [EndpointStateMachine task thread for /0.0.0.0:36881 - 0 ] INFO  ipc.Client (Client.java:handleConnectionFailure(977)) - Retrying connect to server: 0.0.0.0/0.0.0.0:36881. Already tried 12 time(s); retry policy is RetryUpToMaximumCountWithFixedSleep(maxRetries=15, sleepTime=1000 MILLISECONDS)
2022-01-18 14:49:45,590 [EndpointStateMachine task thread for /0.0.0.0:36881 - 0 ] INFO  ipc.Client (Client.java:handleConnectionFailure(977)) - Retrying connect to server: 0.0.0.0/0.0.0.0:36881. Already tried 13 time(s); retry policy is RetryUpToMaximumCountWithFixedSleep(maxRetries=15, sleepTime=1000 MILLISECONDS)
2022-01-18 14:49:45,822 [grpc-default-executor-1] WARN  server.GrpcLogAppender (LogUtils.java:warn(122)) - beb67d5c-35ba-4f4b-ba77-131041920502@group-C90ECADE688A->f0baeb8c-e6d1-47f5-b4e1-5ba393635f6f-AppendLogResponseHandler: Failed appendEntries: org.apache.ratis.thirdparty.io.grpc.StatusRuntimeException: UNAVAILABLE: io exception
2022-01-18 14:49:45,823 [grpc-default-executor-1] WARN  server.GrpcLogAppender (GrpcLogAppender.java:resetClient(110)) - beb67d5c-35ba-4f4b-ba77-131041920502@group-C90ECADE688A->f0baeb8c-e6d1-47f5-b4e1-5ba393635f6f-GrpcLogAppender: Leader has not got in touch with Follower beb67d5c-35ba-4f4b-ba77-131041920502@group-C90ECADE688A->f0baeb8c-e6d1-47f5-b4e1-5ba393635f6f(c0,m0,n1, attendVote=true, lastRpcSendTime=2504, lastRpcResponseTime=10022) yet, just keep nextIndex unchanged and retry.
2022-01-18 14:49:46,591 [EndpointStateMachine task thread for /0.0.0.0:36881 - 0 ] INFO  ipc.Client (Client.java:handleConnectionFailure(977)) - Retrying connect to server: 0.0.0.0/0.0.0.0:36881. Already tried 14 time(s); retry policy is RetryUpToMaximumCountWithFixedSleep(maxRetries=15, sleepTime=1000 MILLISECONDS)
2022-01-18 14:49:46,592 [EndpointStateMachine task thread for /0.0.0.0:36881 - 0 ] WARN  statemachine.EndpointStateMachine (EndpointStateMachine.java:logIfNeeded(236)) - Unable to communicate to SCM server at 0.0.0.0:36881 for past 0 seconds.
java.net.ConnectException: Your endpoint configuration is wrong; For more details see:  http://wiki.apache.org/hadoop/UnsetHostnameOrPort
	at sun.reflect.NativeConstructorAccessorImpl.newInstance0(Native Method)
	at sun.reflect.NativeConstructorAccessorImpl.newInstance(NativeConstructorAccessorImpl.java:62)
	at sun.reflect.DelegatingConstructorAccessorImpl.newInstance(DelegatingConstructorAccessorImpl.java:45)
	at java.lang.reflect.Constructor.newInstance(Constructor.java:423)
	at org.apache.hadoop.net.NetUtils.wrapWithMessage(NetUtils.java:913)
	at org.apache.hadoop.net.NetUtils.wrapException(NetUtils.java:824)
	at org.apache.hadoop.ipc.Client.getRpcResponse(Client.java:1577)
	at org.apache.hadoop.ipc.Client.call(Client.java:1519)
	at org.apache.hadoop.ipc.Client.call(Client.java:1416)
	at org.apache.hadoop.ipc.ProtobufRpcEngine$Invoker.invoke(ProtobufRpcEngine.java:236)
	at org.apache.hadoop.ipc.ProtobufRpcEngine$Invoker.invoke(ProtobufRpcEngine.java:123)
	at com.sun.proxy.$Proxy49.submitRequest(Unknown Source)
	at org.apache.hadoop.ozone.protocolPB.StorageContainerDatanodeProtocolClientSideTranslatorPB.submitRequest(StorageContainerDatanodeProtocolClientSideTranslatorPB.java:117)
	at org.apache.hadoop.ozone.protocolPB.StorageContainerDatanodeProtocolClientSideTranslatorPB.sendHeartbeat(StorageContainerDatanodeProtocolClientSideTranslatorPB.java:149)
	at org.apache.hadoop.ozone.container.common.states.endpoint.HeartbeatEndpointTask.call(HeartbeatEndpointTask.java:179)
	at org.apache.hadoop.ozone.container.common.states.endpoint.HeartbeatEndpointTask.call(HeartbeatEndpointTask.java:82)
	at java.util.concurrent.FutureTask.run(FutureTask.java:266)
	at java.util.concurrent.ThreadPoolExecutor.runWorker(ThreadPoolExecutor.java:1149)
	at java.util.concurrent.ThreadPoolExecutor$Worker.run(ThreadPoolExecutor.java:624)
	at java.lang.Thread.run(Thread.java:748)
Caused by: java.net.ConnectException: Connection refused
	at sun.nio.ch.SocketChannelImpl.checkConnect(Native Method)
	at sun.nio.ch.SocketChannelImpl.finishConnect(SocketChannelImpl.java:716)
	at org.apache.hadoop.net.SocketIOWithTimeout.connect(SocketIOWithTimeout.java:206)
	at org.apache.hadoop.net.NetUtils.connect(NetUtils.java:586)
	at org.apache.hadoop.ipc.Client$Connection.setupConnection(Client.java:701)
	at org.apache.hadoop.ipc.Client$Connection.setupIOstreams(Client.java:822)
	at org.apache.hadoop.ipc.Client$Connection.access$3800(Client.java:414)
	at org.apache.hadoop.ipc.Client.getConnection(Client.java:1647)
	at org.apache.hadoop.ipc.Client.call(Client.java:1463)
	... 12 more
2022-01-18 14:49:47,608 [EndpointStateMachine task thread for /0.0.0.0:36881 - 0 ] INFO  ipc.Client (Client.java:handleConnectionFailure(977)) - Retrying connect to server: 0.0.0.0/0.0.0.0:36881. Already tried 0 time(s); retry policy is RetryUpToMaximumCountWithFixedSleep(maxRetries=15, sleepTime=1000 MILLISECONDS)
2022-01-18 14:49:48,331 [grpc-default-executor-1] WARN  server.GrpcLogAppender (LogUtils.java:warn(122)) - beb67d5c-35ba-4f4b-ba77-131041920502@group-C90ECADE688A->f0baeb8c-e6d1-47f5-b4e1-5ba393635f6f-AppendLogResponseHandler: Failed appendEntries: org.apache.ratis.thirdparty.io.grpc.StatusRuntimeException: UNAVAILABLE: io exception
2022-01-18 14:49:48,331 [grpc-default-executor-1] WARN  server.GrpcLogAppender (GrpcLogAppender.java:resetClient(110)) - beb67d5c-35ba-4f4b-ba77-131041920502@group-C90ECADE688A->f0baeb8c-e6d1-47f5-b4e1-5ba393635f6f-GrpcLogAppender: Leader has not got in touch with Follower beb67d5c-35ba-4f4b-ba77-131041920502@group-C90ECADE688A->f0baeb8c-e6d1-47f5-b4e1-5ba393635f6f(c0,m0,n1, attendVote=true, lastRpcSendTime=0, lastRpcResponseTime=12531) yet, just keep nextIndex unchanged and retry.
2022-01-18 14:49:48,610 [EndpointStateMachine task thread for /0.0.0.0:36881 - 0 ] INFO  ipc.Client (Client.java:handleConnectionFailure(977)) - Retrying connect to server: 0.0.0.0/0.0.0.0:36881. Already tried 1 time(s); retry policy is RetryUpToMaximumCountWithFixedSleep(maxRetries=15, sleepTime=1000 MILLISECONDS)
2022-01-18 14:49:49,610 [EndpointStateMachine task thread for /0.0.0.0:36881 - 0 ] INFO  ipc.Client (Client.java:handleConnectionFailure(977)) - Retrying connect to server: 0.0.0.0/0.0.0.0:36881. Already tried 2 time(s); retry policy is RetryUpToMaximumCountWithFixedSleep(maxRetries=15, sleepTime=1000 MILLISECONDS)
2022-01-18 14:49:50,611 [EndpointStateMachine task thread for /0.0.0.0:36881 - 0 ] INFO  ipc.Client (Client.java:handleConnectionFailure(977)) - Retrying connect to server: 0.0.0.0/0.0.0.0:36881. Already tried 3 time(s); retry policy is RetryUpToMaximumCountWithFixedSleep(maxRetries=15, sleepTime=1000 MILLISECONDS)
2022-01-18 14:49:50,840 [grpc-default-executor-1] WARN  server.GrpcLogAppender (LogUtils.java:warn(122)) - beb67d5c-35ba-4f4b-ba77-131041920502@group-C90ECADE688A->f0baeb8c-e6d1-47f5-b4e1-5ba393635f6f-AppendLogResponseHandler: Failed appendEntries: org.apache.ratis.thirdparty.io.grpc.StatusRuntimeException: UNAVAILABLE: io exception
2022-01-18 14:49:50,841 [grpc-default-executor-1] WARN  server.GrpcLogAppender (GrpcLogAppender.java:resetClient(110)) - beb67d5c-35ba-4f4b-ba77-131041920502@group-C90ECADE688A->f0baeb8c-e6d1-47f5-b4e1-5ba393635f6f-GrpcLogAppender: Leader has not got in touch with Follower beb67d5c-35ba-4f4b-ba77-131041920502@group-C90ECADE688A->f0baeb8c-e6d1-47f5-b4e1-5ba393635f6f(c0,m0,n1, attendVote=true, lastRpcSendTime=3, lastRpcResponseTime=15040) yet, just keep nextIndex unchanged and retry.
2022-01-18 14:49:51,612 [EndpointStateMachine task thread for /0.0.0.0:36881 - 0 ] INFO  ipc.Client (Client.java:handleConnectionFailure(977)) - Retrying connect to server: 0.0.0.0/0.0.0.0:36881. Already tried 4 time(s); retry policy is RetryUpToMaximumCountWithFixedSleep(maxRetries=15, sleepTime=1000 MILLISECONDS)
2022-01-18 14:49:52,613 [EndpointStateMachine task thread for /0.0.0.0:36881 - 0 ] INFO  ipc.Client (Client.java:handleConnectionFailure(977)) - Retrying connect to server: 0.0.0.0/0.0.0.0:36881. Already tried 5 time(s); retry policy is RetryUpToMaximumCountWithFixedSleep(maxRetries=15, sleepTime=1000 MILLISECONDS)
2022-01-18 14:49:53,348 [grpc-default-executor-1] WARN  server.GrpcLogAppender (LogUtils.java:warn(122)) - beb67d5c-35ba-4f4b-ba77-131041920502@group-C90ECADE688A->f0baeb8c-e6d1-47f5-b4e1-5ba393635f6f-AppendLogResponseHandler: Failed appendEntries: org.apache.ratis.thirdparty.io.grpc.StatusRuntimeException: UNAVAILABLE: io exception
2022-01-18 14:49:53,349 [grpc-default-executor-1] WARN  server.GrpcLogAppender (GrpcLogAppender.java:resetClient(110)) - beb67d5c-35ba-4f4b-ba77-131041920502@group-C90ECADE688A->f0baeb8c-e6d1-47f5-b4e1-5ba393635f6f-GrpcLogAppender: Leader has not got in touch with Follower beb67d5c-35ba-4f4b-ba77-131041920502@group-C90ECADE688A->f0baeb8c-e6d1-47f5-b4e1-5ba393635f6f(c0,m0,n1, attendVote=true, lastRpcSendTime=2511, lastRpcResponseTime=17548) yet, just keep nextIndex unchanged and retry.
2022-01-18 14:49:53,616 [EndpointStateMachine task thread for /0.0.0.0:36881 - 0 ] INFO  ipc.Client (Client.java:handleConnectionFailure(977)) - Retrying connect to server: 0.0.0.0/0.0.0.0:36881. Already tried 6 time(s); retry policy is RetryUpToMaximumCountWithFixedSleep(maxRetries=15, sleepTime=1000 MILLISECONDS)
2022-01-18 14:49:54,617 [EndpointStateMachine task thread for /0.0.0.0:36881 - 0 ] INFO  ipc.Client (Client.java:handleConnectionFailure(977)) - Retrying connect to server: 0.0.0.0/0.0.0.0:36881. Already tried 7 time(s); retry policy is RetryUpToMaximumCountWithFixedSleep(maxRetries=15, sleepTime=1000 MILLISECONDS)
2022-01-18 14:49:55,617 [EndpointStateMachine task thread for /0.0.0.0:36881 - 0 ] INFO  ipc.Client (Client.java:handleConnectionFailure(977)) - Retrying connect to server: 0.0.0.0/0.0.0.0:36881. Already tried 8 time(s); retry policy is RetryUpToMaximumCountWithFixedSleep(maxRetries=15, sleepTime=1000 MILLISECONDS)
2022-01-18 14:49:55,853 [grpc-default-executor-1] WARN  server.GrpcLogAppender (LogUtils.java:warn(122)) - beb67d5c-35ba-4f4b-ba77-131041920502@group-C90ECADE688A->f0baeb8c-e6d1-47f5-b4e1-5ba393635f6f-AppendLogResponseHandler: Failed appendEntries: org.apache.ratis.thirdparty.io.grpc.StatusRuntimeException: UNAVAILABLE: io exception
2022-01-18 14:49:55,854 [grpc-default-executor-1] WARN  server.GrpcLogAppender (GrpcLogAppender.java:resetClient(110)) - beb67d5c-35ba-4f4b-ba77-131041920502@group-C90ECADE688A->f0baeb8c-e6d1-47f5-b4e1-5ba393635f6f-GrpcLogAppender: Leader has not got in touch with Follower beb67d5c-35ba-4f4b-ba77-131041920502@group-C90ECADE688A->f0baeb8c-e6d1-47f5-b4e1-5ba393635f6f(c0,m0,n1, attendVote=true, lastRpcSendTime=2504, lastRpcResponseTime=20053) yet, just keep nextIndex unchanged and retry.
2022-01-18 14:49:56,618 [EndpointStateMachine task thread for /0.0.0.0:36881 - 0 ] INFO  ipc.Client (Client.java:handleConnectionFailure(977)) - Retrying connect to server: 0.0.0.0/0.0.0.0:36881. Already tried 9 time(s); retry policy is RetryUpToMaximumCountWithFixedSleep(maxRetries=15, sleepTime=1000 MILLISECONDS)
2022-01-18 14:49:57,619 [EndpointStateMachine task thread for /0.0.0.0:36881 - 0 ] INFO  ipc.Client (Client.java:handleConnectionFailure(977)) - Retrying connect to server: 0.0.0.0/0.0.0.0:36881. Already tried 10 time(s); retry policy is RetryUpToMaximumCountWithFixedSleep(maxRetries=15, sleepTime=1000 MILLISECONDS)
2022-01-18 14:49:58,357 [grpc-default-executor-1] WARN  server.GrpcLogAppender (LogUtils.java:warn(122)) - beb67d5c-35ba-4f4b-ba77-131041920502@group-C90ECADE688A->f0baeb8c-e6d1-47f5-b4e1-5ba393635f6f-AppendLogResponseHandler: Failed appendEntries: org.apache.ratis.thirdparty.io.grpc.StatusRuntimeException: UNAVAILABLE: io exception
2022-01-18 14:49:58,358 [grpc-default-executor-1] WARN  server.GrpcLogAppender (GrpcLogAppender.java:resetClient(110)) - beb67d5c-35ba-4f4b-ba77-131041920502@group-C90ECADE688A->f0baeb8c-e6d1-47f5-b4e1-5ba393635f6f-GrpcLogAppender: Leader has not got in touch with Follower beb67d5c-35ba-4f4b-ba77-131041920502@group-C90ECADE688A->f0baeb8c-e6d1-47f5-b4e1-5ba393635f6f(c0,m0,n1, attendVote=true, lastRpcSendTime=0, lastRpcResponseTime=22557) yet, just keep nextIndex unchanged and retry.
2022-01-18 14:49:58,619 [EndpointStateMachine task thread for /0.0.0.0:36881 - 0 ] INFO  ipc.Client (Client.java:handleConnectionFailure(977)) - Retrying connect to server: 0.0.0.0/0.0.0.0:36881. Already tried 11 time(s); retry policy is RetryUpToMaximumCountWithFixedSleep(maxRetries=15, sleepTime=1000 MILLISECONDS)
2022-01-18 14:49:59,620 [EndpointStateMachine task thread for /0.0.0.0:36881 - 0 ] INFO  ipc.Client (Client.java:handleConnectionFailure(977)) - Retrying connect to server: 0.0.0.0/0.0.0.0:36881. Already tried 12 time(s); retry policy is RetryUpToMaximumCountWithFixedSleep(maxRetries=15, sleepTime=1000 MILLISECONDS)
2022-01-18 14:50:00,621 [EndpointStateMachine task thread for /0.0.0.0:36881 - 0 ] INFO  ipc.Client (Client.java:handleConnectionFailure(977)) - Retrying connect to server: 0.0.0.0/0.0.0.0:36881. Already tried 13 time(s); retry policy is RetryUpToMaximumCountWithFixedSleep(maxRetries=15, sleepTime=1000 MILLISECONDS)
2022-01-18 14:50:00,875 [grpc-default-executor-1] WARN  server.GrpcLogAppender (LogUtils.java:warn(122)) - beb67d5c-35ba-4f4b-ba77-131041920502@group-C90ECADE688A->f0baeb8c-e6d1-47f5-b4e1-5ba393635f6f-AppendLogResponseHandler: Failed appendEntries: org.apache.ratis.thirdparty.io.grpc.StatusRuntimeException: UNAVAILABLE: io exception
2022-01-18 14:50:00,876 [grpc-default-executor-1] WARN  server.GrpcLogAppender (GrpcLogAppender.java:resetClient(110)) - beb67d5c-35ba-4f4b-ba77-131041920502@group-C90ECADE688A->f0baeb8c-e6d1-47f5-b4e1-5ba393635f6f-GrpcLogAppender: Leader has not got in touch with Follower beb67d5c-35ba-4f4b-ba77-131041920502@group-C90ECADE688A->f0baeb8c-e6d1-47f5-b4e1-5ba393635f6f(c0,m0,n1, attendVote=true, lastRpcSendTime=0, lastRpcResponseTime=25075) yet, just keep nextIndex unchanged and retry.
2022-01-18 14:50:01,621 [EndpointStateMachine task thread for /0.0.0.0:36881 - 0 ] INFO  ipc.Client (Client.java:handleConnectionFailure(977)) - Retrying connect to server: 0.0.0.0/0.0.0.0:36881. Already tried 14 time(s); retry policy is RetryUpToMaximumCountWithFixedSleep(maxRetries=15, sleepTime=1000 MILLISECONDS)
2022-01-18 14:50:01,622 [EndpointStateMachine task thread for /0.0.0.0:36881 - 0 ] WARN  statemachine.EndpointStateMachine (EndpointStateMachine.java:logIfNeeded(236)) - Unable to communicate to SCM server at 0.0.0.0:36881 for past 0 seconds.
java.net.ConnectException: Your endpoint configuration is wrong; For more details see:  http://wiki.apache.org/hadoop/UnsetHostnameOrPort
	at sun.reflect.NativeConstructorAccessorImpl.newInstance0(Native Method)
	at sun.reflect.NativeConstructorAccessorImpl.newInstance(NativeConstructorAccessorImpl.java:62)
	at sun.reflect.DelegatingConstructorAccessorImpl.newInstance(DelegatingConstructorAccessorImpl.java:45)
	at java.lang.reflect.Constructor.newInstance(Constructor.java:423)
	at org.apache.hadoop.net.NetUtils.wrapWithMessage(NetUtils.java:913)
	at org.apache.hadoop.net.NetUtils.wrapException(NetUtils.java:824)
	at org.apache.hadoop.ipc.Client.getRpcResponse(Client.java:1577)
	at org.apache.hadoop.ipc.Client.call(Client.java:1519)
	at org.apache.hadoop.ipc.Client.call(Client.java:1416)
	at org.apache.hadoop.ipc.ProtobufRpcEngine$Invoker.invoke(ProtobufRpcEngine.java:236)
	at org.apache.hadoop.ipc.ProtobufRpcEngine$Invoker.invoke(ProtobufRpcEngine.java:123)
	at com.sun.proxy.$Proxy49.submitRequest(Unknown Source)
	at org.apache.hadoop.ozone.protocolPB.StorageContainerDatanodeProtocolClientSideTranslatorPB.submitRequest(StorageContainerDatanodeProtocolClientSideTranslatorPB.java:117)
	at org.apache.hadoop.ozone.protocolPB.StorageContainerDatanodeProtocolClientSideTranslatorPB.getVersion(StorageContainerDatanodeProtocolClientSideTranslatorPB.java:133)
	at org.apache.hadoop.ozone.container.common.states.endpoint.VersionEndpointTask.call(VersionEndpointTask.java:71)
	at org.apache.hadoop.ozone.container.common.states.endpoint.VersionEndpointTask.call(VersionEndpointTask.java:42)
	at java.util.concurrent.FutureTask.run(FutureTask.java:266)
	at java.util.concurrent.ThreadPoolExecutor.runWorker(ThreadPoolExecutor.java:1149)
	at java.util.concurrent.ThreadPoolExecutor$Worker.run(ThreadPoolExecutor.java:624)
	at java.lang.Thread.run(Thread.java:748)
Caused by: java.net.ConnectException: Connection refused
	at sun.nio.ch.SocketChannelImpl.checkConnect(Native Method)
	at sun.nio.ch.SocketChannelImpl.finishConnect(SocketChannelImpl.java:716)
	at org.apache.hadoop.net.SocketIOWithTimeout.connect(SocketIOWithTimeout.java:206)
	at org.apache.hadoop.net.NetUtils.connect(NetUtils.java:586)
	at org.apache.hadoop.ipc.Client$Connection.setupConnection(Client.java:701)
	at org.apache.hadoop.ipc.Client$Connection.setupIOstreams(Client.java:822)
	at org.apache.hadoop.ipc.Client$Connection.access$3800(Client.java:414)
	at org.apache.hadoop.ipc.Client.getConnection(Client.java:1647)
	at org.apache.hadoop.ipc.Client.call(Client.java:1463)
	... 12 more
2022-01-18 14:50:02,623 [EndpointStateMachine task thread for /0.0.0.0:36881 - 0 ] INFO  ipc.Client (Client.java:handleConnectionFailure(977)) - Retrying connect to server: 0.0.0.0/0.0.0.0:36881. Already tried 0 time(s); retry policy is RetryUpToMaximumCountWithFixedSleep(maxRetries=15, sleepTime=1000 MILLISECONDS)
2022-01-18 14:50:02,823 [Listener at 127.0.0.1/40135] INFO  ozone.MiniOzoneClusterImpl (MiniOzoneClusterImpl.java:restartStorageContainerManager(345)) - Restarting SCM in cluster class org.apache.hadoop.ozone.MiniOzoneClusterImpl
2022-01-18 14:50:02,823 [Listener at 127.0.0.1/40135] INFO  server.StorageContainerManager (StorageContainerManager.java:stop(1390)) - Stopping Container Balancer service.
2022-01-18 14:50:02,823 [Listener at 127.0.0.1/40135] INFO  balancer.ContainerBalancer (ContainerBalancer.java:stop(751)) - Container Balancer is not running.
2022-01-18 14:50:02,823 [Listener at 127.0.0.1/40135] INFO  server.StorageContainerManager (StorageContainerManager.java:stop(1397)) - Stopping Replication Manager Service.
2022-01-18 14:50:02,823 [Listener at 127.0.0.1/40135] INFO  container.ReplicationManager (ReplicationManager.java:stop(364)) - Replication Monitor Thread is not running.
2022-01-18 14:50:02,823 [Listener at 127.0.0.1/40135] INFO  server.StorageContainerManager (StorageContainerManager.java:stop(1404)) - Stopping the Datanode Admin Monitor.
2022-01-18 14:50:02,823 [Listener at 127.0.0.1/40135] INFO  server.StorageContainerManager (StorageContainerManager.java:stop(1411)) - Stopping Lease Manager of the command watchers
2022-01-18 14:50:02,824 [Listener at 127.0.0.1/40135] ERROR server.StorageContainerManager (StorageContainerManager.java:stop(1414)) - Lease Manager of the command watchers stop failed
2022-01-18 14:50:02,824 [Listener at 127.0.0.1/40135] INFO  server.StorageContainerManager (StorageContainerManager.java:stop(1418)) - Stopping datanode service RPC server
2022-01-18 14:50:02,824 [Listener at 127.0.0.1/40135] INFO  server.SCMDatanodeProtocolServer (SCMDatanodeProtocolServer.java:stop(390)) - Stopping the RPC server for DataNodes
2022-01-18 14:50:02,824 [Listener at 127.0.0.1/40135] INFO  ipc.Server (Server.java:stop(3414)) - Stopping server on 36881
2022-01-18 14:50:02,824 [Listener at 127.0.0.1/40135] INFO  server.StorageContainerManager (StorageContainerManager.java:stop(1426)) - Stopping block service RPC server
2022-01-18 14:50:02,824 [Listener at 127.0.0.1/40135] INFO  server.SCMBlockProtocolServer (SCMBlockProtocolServer.java:stop(160)) - Stopping the RPC server for Block Protocol
2022-01-18 14:50:02,824 [Listener at 127.0.0.1/40135] INFO  ipc.Server (Server.java:stop(3414)) - Stopping server on 46797
2022-01-18 14:50:02,824 [Listener at 127.0.0.1/40135] INFO  server.StorageContainerManager (StorageContainerManager.java:stop(1433)) - Stopping the StorageContainerLocationProtocol RPC server
2022-01-18 14:50:02,824 [Listener at 127.0.0.1/40135] INFO  server.SCMClientProtocolServer (SCMClientProtocolServer.java:stop(173)) - Stopping the RPC server for Client Protocol
2022-01-18 14:50:02,824 [Listener at 127.0.0.1/40135] INFO  ipc.Server (Server.java:stop(3414)) - Stopping server on 37565
2022-01-18 14:50:02,824 [Listener at 127.0.0.1/40135] INFO  server.StorageContainerManager (StorageContainerManager.java:stop(1440)) - Stopping Storage Container Manager HTTP server.
2022-01-18 14:50:02,824 [Listener at 127.0.0.1/40135] INFO  server.StorageContainerManager (StorageContainerManager.java:stop(1451)) - Stopping Block Manager Service.
2022-01-18 14:50:02,824 [Listener at 127.0.0.1/40135] INFO  utils.BackgroundService (BackgroundService.java:shutdown(132)) - Shutting down service SCMBlockDeletingService
2022-01-18 14:50:02,824 [Listener at 127.0.0.1/40135] INFO  utils.BackgroundService (BackgroundService.java:shutdown(132)) - Shutting down service SCMBlockDeletingService
2022-01-18 14:50:02,824 [Listener at 127.0.0.1/40135] INFO  server.StorageContainerManager (StorageContainerManager.java:stop(1478)) - Stopping SCM Event Queue.
2022-01-18 14:50:02,825 [Listener at 127.0.0.1/40135] INFO  server.StorageContainerManager (StorageContainerManager.java:stop(1489)) - Stopping SCM HA services.
2022-01-18 14:50:02,825 [Listener at 127.0.0.1/40135] INFO  ha.SCMRatisServerImpl (SCMRatisServerImpl.java:stop(236)) - stopping ratis server 0.0.0.0:9894
2022-01-18 14:50:02,825 [Listener at 127.0.0.1/40135] WARN  pipeline.BackgroundPipelineCreator (BackgroundPipelineCreator.java:stop(154)) - RatisPipelineUtilsThread is not running, just ignore.
2022-01-18 14:50:02,825 [Listener at 127.0.0.1/40135] INFO  server.StorageContainerManager (StorageContainerManager.java:stop(1499)) - Stopping SCM MetadataStore.
2022-01-18 14:50:02,825 [Listener at 127.0.0.1/40135] INFO  impl.MetricsSystemImpl (MetricsSystemImpl.java:stop(210)) - Stopping HddsDatanode metrics system...
2022-01-18 14:50:02,843 [prometheus] INFO  impl.MetricsSinkAdapter (MetricsSinkAdapter.java:publishMetricsFromQueue(141)) - prometheus thread interrupted.
2022-01-18 14:50:02,844 [Listener at 127.0.0.1/40135] INFO  impl.MetricsSystemImpl (MetricsSystemImpl.java:stop(216)) - HddsDatanode metrics system stopped.
2022-01-18 14:50:02,844 [Listener at 127.0.0.1/40135] INFO  ha.SCMHANodeDetails (SCMHANodeDetails.java:loadSCMHAConfig(157)) - ServiceID for StorageContainerManager is null
2022-01-18 14:50:02,844 [Listener at 127.0.0.1/40135] INFO  ha.SCMHANodeDetails (SCMHANodeDetails.java:loadSCMHAConfig(162)) - ozone.scm.default.service.id is not defined, falling back to ozone.scm.service.ids to find serviceID for StorageContainerManager if it is HA enabled cluster
2022-01-18 14:50:02,845 [Listener at 127.0.0.1/40135] WARN  server.ServerUtils (ServerUtils.java:getScmDbDir(148)) - ozone.scm.db.dirs is not configured. We recommend adding this setting. Falling back to ozone.metadata.dirs instead.
2022-01-18 14:50:02,845 [Listener at 127.0.0.1/40135] INFO  upgrade.AbstractLayoutVersionManager (AbstractLayoutVersionManager.java:init(79)) - Initializing Layout version manager with metadata layout = SCM_HA (version = 2), software layout = SCM_HA (version = 2)
2022-01-18 14:50:03,023 [Listener at 127.0.0.1/40135] INFO  reflections.Reflections (Reflections.java:scan(232)) - Reflections took 176 ms to scan 7 urls, producing 119 keys and 279 values 
2022-01-18 14:50:03,025 [Listener at 127.0.0.1/40135] WARN  utils.HAUtils (HAUtils.java:getMetaDir(342)) - ozone.scm.db.dirs is not configured. We recommend adding this setting. Falling back to ozone.metadata.dirs instead.
2022-01-18 14:50:03,026 [Time-limited test] INFO  ozone.MiniOzoneClusterImpl (MiniOzoneClusterImpl.java:shutdown(437)) - Shutting down the Mini Ozone Cluster
2022-01-18 14:50:03,026 [Listener at 127.0.0.1/40135] WARN  db.DBStoreBuilder (DBStoreBuilder.java:applyDBDefinition(145)) - ozone.scm.db.dirs is not configured. We recommend adding this setting. Falling back to ozone.metadata.dirs instead.
2022-01-18 14:50:03,026 [Time-limited test] INFO  ozone.MiniOzoneClusterImpl (MiniOzoneClusterImpl.java:stop(452)) - Stopping the Mini Ozone Cluster
2022-01-18 14:50:03,026 [Time-limited test] INFO  ozone.MiniOzoneClusterImpl (MiniOzoneClusterImpl.java:stopOM(534)) - Stopping the OzoneManager
2022-01-18 14:50:03,026 [Time-limited test] INFO  om.OzoneManager (OzoneManager.java:stop(1893)) - om1[localhost:0]: Stopping Ozone Manager
2022-01-18 14:50:03,044 [Time-limited test] INFO  ipc.Server (Server.java:stop(3414)) - Stopping server on 40135
2022-01-18 14:50:03,051 [IPC Server listener on 0] INFO  ipc.Server (Server.java:run(1376)) - Stopping IPC Server listener on 0
2022-01-18 14:50:03,051 [IPC Server Responder] INFO  ipc.Server (Server.java:run(1512)) - Stopping IPC Server Responder
2022-01-18 14:50:03,051 [Time-limited test] INFO  server.RaftServer (RaftServerProxy.java:lambda$close$6(391)) - om1: close
2022-01-18 14:50:03,052 [Time-limited test] INFO  server.RaftServer$Division (RaftServerImpl.java:lambda$close$4(412)) - om1@group-C5BA1605619E: shutdown
2022-01-18 14:50:03,052 [Time-limited test] INFO  util.JmxRegister (JmxRegister.java:unregister(73)) - Successfully un-registered JMX Bean with object name Ratis:service=RaftServer,group=group-C5BA1605619E,id=om1
2022-01-18 14:50:03,053 [Time-limited test] INFO  impl.RoleInfo (RoleInfo.java:shutdownLeaderState(91)) - om1: shutdown om1@group-C5BA1605619E-LeaderStateImpl
2022-01-18 14:50:03,053 [Time-limited test] INFO  impl.PendingRequests (PendingRequests.java:sendNotLeaderResponses(282)) - om1@group-C5BA1605619E-PendingRequests: sendNotLeaderResponses
2022-01-18 14:50:03,053 [Time-limited test] INFO  impl.StateMachineUpdater (StateMachineUpdater.java:stopAndJoin(149)) - om1@group-C5BA1605619E-StateMachineUpdater: set stopIndex = 0
2022-01-18 14:50:03,057 [om1@group-C5BA1605619E-StateMachineUpdater] INFO  ratis.OzoneManagerStateMachine (OzoneManagerStateMachine.java:takeSnapshot(417)) - Current Snapshot Index (t:1, i:0)
2022-01-18 14:50:03,057 [om1@group-C5BA1605619E-StateMachineUpdater] INFO  impl.StateMachineUpdater (StateMachineUpdater.java:takeSnapshot(281)) - om1@group-C5BA1605619E-StateMachineUpdater: Took a snapshot at index 0
2022-01-18 14:50:03,057 [om1@group-C5BA1605619E-StateMachineUpdater] INFO  impl.StateMachineUpdater (StateMachineUpdater.java:lambda$new$0(89)) - om1@group-C5BA1605619E-StateMachineUpdater: snapshotIndex: updateIncreasingly -1 -> 0
2022-01-18 14:50:03,057 [om1@group-C5BA1605619E-StateMachineUpdater] INFO  ratis.OzoneManagerStateMachine (OzoneManagerStateMachine.java:close(471)) - StateMachine has shutdown. Shutdown OzoneManager if not already shutdown.
2022-01-18 14:50:03,060 [Time-limited test] INFO  server.RaftServer$Division (ServerState.java:close(419)) - om1@group-C5BA1605619E: closes. applyIndex: 0
2022-01-18 14:50:03,061 [om1@group-C5BA1605619E-SegmentedRaftLogWorker] INFO  segmented.SegmentedRaftLogWorker (SegmentedRaftLogWorker.java:run(327)) - om1@group-C5BA1605619E-SegmentedRaftLogWorker was interrupted, exiting. There are 0 tasks remaining in the queue.
2022-01-18 14:50:03,075 [Time-limited test] INFO  segmented.SegmentedRaftLogWorker (SegmentedRaftLogWorker.java:close(237)) - om1@group-C5BA1605619E-SegmentedRaftLogWorker close()
2022-01-18 14:50:03,077 [Time-limited test] INFO  server.GrpcService (GrpcService.java:closeImpl(262)) - om1: shutdown server with port 9872 now
2022-01-18 14:50:03,077 [Time-limited test] INFO  server.GrpcService (GrpcService.java:closeImpl(271)) - om1: shutdown server with port 9872 successfully
2022-01-18 14:50:03,077 [org.apache.ratis.util.JvmPauseMonitor$$Lambda$431/617926966@375c2f6] INFO  util.JvmPauseMonitor (JvmPauseMonitor.java:run(109)) - JvmPauseMonitor-om1: Stopped
2022-01-18 14:50:03,078 [Time-limited test] INFO  ratis.OzoneManagerDoubleBuffer (OzoneManagerDoubleBuffer.java:stop(437)) - Stopping OMDoubleBuffer flush thread
2022-01-18 14:50:03,078 [OMDoubleBufferFlushThread] INFO  ratis.OzoneManagerDoubleBuffer (OzoneManagerDoubleBuffer.java:flushTransactions(356)) - OMDoubleBuffer flush thread OMDoubleBufferFlushThread is interrupted and will exit. OMDoubleBufferFlushThread
2022-01-18 14:50:03,078 [Time-limited test] INFO  utils.BackgroundService (BackgroundService.java:shutdown(132)) - Shutting down service KeyDeletingService
2022-01-18 14:50:03,080 [Time-limited test] INFO  utils.BackgroundService (BackgroundService.java:shutdown(132)) - Shutting down service DirectoryDeletingService
2022-01-18 14:50:03,117 [Listener at 127.0.0.1/40135] INFO  net.NodeSchemaLoader (NodeSchemaLoader.java:loadSchemaFromFile(129)) - Loading schema from [jar:file:/home/runner/.m2/repository/org/apache/ozone/hdds-common/1.3.0-SNAPSHOT/hdds-common-1.3.0-SNAPSHOT.jar!/network-topology-default.xml]
2022-01-18 14:50:03,117 [Listener at 127.0.0.1/40135] INFO  net.NodeSchemaLoader (NodeSchemaLoader.java:loadSchema(176)) - Loading network topology layer schema file
2022-01-18 14:50:03,120 [Listener at 127.0.0.1/40135] WARN  impl.MetricRegistriesImpl (MetricRegistriesImpl.java:addReporterRegistration(111)) - New reporters are added after registries were created. Some metrics will be missing from the reporter. Please add reporter before adding any new registry.
2022-01-18 14:50:03,132 [Listener at 127.0.0.1/40135] WARN  impl.MetricRegistriesImpl (MetricRegistriesImpl.java:addReporterRegistration(111)) - New reporters are added after registries were created. Some metrics will be missing from the reporter. Please add reporter before adding any new registry.
2022-01-18 14:50:03,133 [Listener at 127.0.0.1/40135] INFO  ha.SCMRatisServerImpl (SCMRatisServerImpl.java:<init>(87)) - starting Raft server for scm:4a5d2158-d864-4e23-92c4-2f293c65e9a1
2022-01-18 14:50:03,134 [Listener at 127.0.0.1/40135] INFO  server.RaftServer (ConfUtils.java:logGet(44)) - raft.rpc.type = GRPC (default)
2022-01-18 14:50:03,134 [Listener at 127.0.0.1/40135] INFO  grpc.GrpcFactory (GrpcFactory.java:checkPooledByteBufAllocatorUseCacheForAllThreads(48)) - PERFORMANCE WARNING: useCacheForAllThreads is true that may cause Netty to create a lot garbage objects and, as a result, trigger GC.
	It is recommended to disable useCacheForAllThreads by setting -Dorg.apache.ratis.thirdparty.io.netty.allocator.useCacheForAllThreads=false in command line.
2022-01-18 14:50:03,134 [Listener at 127.0.0.1/40135] INFO  grpc.GrpcConfigKeys (ConfUtils.java:logGet(44)) - raft.grpc.admin.port = -1 (default)
2022-01-18 14:50:03,134 [Listener at 127.0.0.1/40135] INFO  grpc.GrpcConfigKeys (ConfUtils.java:logGet(44)) - raft.grpc.server.port = 9894 (custom)
2022-01-18 14:50:03,134 [Listener at 127.0.0.1/40135] INFO  grpc.GrpcConfigKeys (ConfUtils.java:logGet(44)) - raft.grpc.client.port = -1 (default)
2022-01-18 14:50:03,134 [Listener at 127.0.0.1/40135] INFO  grpc.GrpcConfigKeys (ConfUtils.java:logGet(44)) - raft.grpc.server.port = 9894 (custom)
2022-01-18 14:50:03,120 [Time-limited test] INFO  handler.ContextHandler (ContextHandler.java:doStop(1153)) - Stopped o.e.j.w.WebAppContext@1af640fa{ozoneManager,/,null,STOPPED}{file:/home/runner/work/ozone/ozone/hadoop-ozone/integration-test/target/test-classes/webapps/ozoneManager}
2022-01-18 14:50:03,134 [Listener at 127.0.0.1/40135] INFO  grpc.GrpcConfigKeys (ConfUtils.java:logGet(44)) - raft.grpc.server.port = 9894 (custom)
2022-01-18 14:50:03,135 [Listener at 127.0.0.1/40135] INFO  server.GrpcService (ConfUtils.java:logGet(44)) - raft.grpc.message.size.max = 32m (=33554432) (custom)
2022-01-18 14:50:03,135 [Listener at 127.0.0.1/40135] INFO  server.RaftServerConfigKeys (ConfUtils.java:logGet(44)) - raft.server.log.appender.buffer.byte-limit = 33554432 (custom)
2022-01-18 14:50:03,135 [Listener at 127.0.0.1/40135] INFO  server.GrpcService (ConfUtils.java:logGet(44)) - raft.grpc.flow.control.window = 1MB (=1048576) (default)
2022-01-18 14:50:03,135 [Time-limited test] INFO  server.AbstractConnector (AbstractConnector.java:doStop(381)) - Stopped ServerConnector@86af3e7{HTTP/1.1, (http/1.1)}{0.0.0.0:0}
2022-01-18 14:50:03,135 [Time-limited test] INFO  server.session (HouseKeeper.java:stopScavenging(149)) - node0 Stopped scavenging
2022-01-18 14:50:03,144 [Time-limited test] INFO  handler.ContextHandler (ContextHandler.java:doStop(1153)) - Stopped o.e.j.s.ServletContextHandler@5ebc2175{static,/static,file:///home/runner/work/ozone/ozone/hadoop-ozone/integration-test/target/test-classes/webapps/static,STOPPED}
2022-01-18 14:50:03,145 [Time-limited test] INFO  handler.ContextHandler (ContextHandler.java:doStop(1153)) - Stopped o.e.j.s.ServletContextHandler@7ec3ff0d{logs,/logs,file:///home/runner/work/ozone/ozone/hadoop-ozone/integration-test/target/log,STOPPED}
2022-01-18 14:50:03,152 [Time-limited test] INFO  ozone.MiniOzoneClusterImpl (MiniOzoneClusterImpl.java:stopDatanodes(511)) - Stopping the HddsDatanodes
2022-01-18 14:50:03,153 [Listener at 127.0.0.1/40135] INFO  server.RaftServerConfigKeys (ConfUtils.java:logGet(44)) - raft.server.rpc.request.timeout = 30000ms (custom)
2022-01-18 14:50:03,155 [Listener at 127.0.0.1/40135] INFO  impl.DataStreamServerImpl (ConfUtils.java:logGet(44)) - raft.datastream.type = DISABLED (default)
2022-01-18 14:50:03,155 [Listener at 127.0.0.1/40135] INFO  server.RaftServerConfigKeys (ConfUtils.java:logGet(44)) - raft.server.rpc.slowness.timeout = 120000ms (custom)
2022-01-18 14:50:03,155 [Listener at 127.0.0.1/40135] INFO  server.RaftServerConfigKeys (ConfUtils.java:logGet(44)) - raft.server.leaderelection.leader.step-down.wait-time = 10s (default)
2022-01-18 14:50:03,155 [Listener at 127.0.0.1/40135] INFO  server.RaftServerConfigKeys (ConfUtils.java:logGet(44)) - raft.server.storage.dir = [/home/runner/work/ozone/ozone/hadoop-ozone/integration-test/target/test-dir/MiniOzoneClusterImpl-0ccfa9de-752d-4e8f-9bbd-0e124a2d3e08/ozone-meta/scm-ha] (custom)
2022-01-18 14:50:03,155 [Listener at 127.0.0.1/40135] INFO  server.RaftServer (RaftServerProxy.java:lambda$null$1(235)) - 4a5d2158-d864-4e23-92c4-2f293c65e9a1: found a subdirectory /home/runner/work/ozone/ozone/hadoop-ozone/integration-test/target/test-dir/MiniOzoneClusterImpl-0ccfa9de-752d-4e8f-9bbd-0e124a2d3e08/ozone-meta/scm-ha/0ccfa9de-752d-4e8f-9bbd-0e124a2d3e08
2022-01-18 14:50:03,156 [Listener at 127.0.0.1/40135] INFO  server.RaftServer (RaftServerProxy.java:addNew(95)) - 4a5d2158-d864-4e23-92c4-2f293c65e9a1: addNew group-0E124A2D3E08:[] returns group-0E124A2D3E08:java.util.concurrent.CompletableFuture@62fea87f[Not completed]
2022-01-18 14:50:03,156 [pool-334-thread-1] INFO  ha.SCMStateMachine (SCMStateMachine.java:<init>(97)) - Updated lastAppliedTermIndex 2#18 with transactionInfo term andIndex
2022-01-18 14:50:03,157 [pool-334-thread-1] INFO  server.RaftServer$Division (RaftServerImpl.java:<init>(184)) - 4a5d2158-d864-4e23-92c4-2f293c65e9a1: new RaftServerImpl for group-0E124A2D3E08:[] with SCMStateMachine:uninitialized
2022-01-18 14:50:03,172 [pool-334-thread-1] INFO  server.RaftServerConfigKeys (ConfUtils.java:logGet(44)) - raft.server.rpc.timeout.min = 5000ms (custom)
2022-01-18 14:50:03,172 [pool-334-thread-1] INFO  server.RaftServerConfigKeys (ConfUtils.java:logGet(44)) - raft.server.rpc.timeout.max = 5200ms (custom)
2022-01-18 14:50:03,172 [pool-334-thread-1] INFO  server.RaftServerConfigKeys (ConfUtils.java:logGet(44)) - raft.server.rpc.sleep.time = 25ms (default)
2022-01-18 14:50:03,173 [pool-334-thread-1] INFO  server.RaftServerConfigKeys (ConfUtils.java:logGet(44)) - raft.server.rpc.slowness.timeout = 120000ms (custom)
2022-01-18 14:50:03,173 [pool-334-thread-1] INFO  server.RaftServerConfigKeys (ConfUtils.java:logGet(44)) - raft.server.leaderelection.leader.step-down.wait-time = 10s (default)
2022-01-18 14:50:03,173 [pool-334-thread-1] INFO  server.RaftServerConfigKeys (ConfUtils.java:logGet(44)) - raft.server.sleep.deviation.threshold = 300ms (default)
2022-01-18 14:50:03,173 [pool-334-thread-1] INFO  server.RaftServerConfigKeys (ConfUtils.java:logGet(44)) - raft.server.log.appender.install.snapshot.enabled = false (custom)
2022-01-18 14:50:03,173 [pool-334-thread-1] INFO  server.RaftServer$Division (ServerState.java:<init>(105)) - 4a5d2158-d864-4e23-92c4-2f293c65e9a1@group-0E124A2D3E08: ConfigurationManager, init=-1: [], old=null, confs=<EMPTY_MAP>
2022-01-18 14:50:03,173 [pool-334-thread-1] INFO  server.RaftServerConfigKeys (ConfUtils.java:logGet(44)) - raft.server.storage.dir = [/home/runner/work/ozone/ozone/hadoop-ozone/integration-test/target/test-dir/MiniOzoneClusterImpl-0ccfa9de-752d-4e8f-9bbd-0e124a2d3e08/ozone-meta/scm-ha] (custom)
2022-01-18 14:50:03,173 [pool-334-thread-1] INFO  server.RaftServerConfigKeys (ConfUtils.java:logGet(44)) - raft.server.log.corruption.policy = EXCEPTION (default)
2022-01-18 14:50:03,173 [pool-334-thread-1] INFO  server.RaftServerConfigKeys (ConfUtils.java:logGet(44)) - raft.server.storage.free-space.min = 0MB (=0) (default)
2022-01-18 14:50:03,174 [pool-334-thread-1] INFO  storage.RaftStorageDirectory (RaftStorageDirectoryImpl.java:tryLock(230)) - Lock on /home/runner/work/ozone/ozone/hadoop-ozone/integration-test/target/test-dir/MiniOzoneClusterImpl-0ccfa9de-752d-4e8f-9bbd-0e124a2d3e08/ozone-meta/scm-ha/0ccfa9de-752d-4e8f-9bbd-0e124a2d3e08/in_use.lock acquired by nodename 22330@fv-az151-72
2022-01-18 14:50:03,175 [pool-334-thread-1] INFO  storage.RaftStorage (RaftStorageImpl.java:analyzeAndRecoverStorage(110)) - Read RaftStorageMetadata{term=2, votedFor=4a5d2158-d864-4e23-92c4-2f293c65e9a1} from /home/runner/work/ozone/ozone/hadoop-ozone/integration-test/target/test-dir/MiniOzoneClusterImpl-0ccfa9de-752d-4e8f-9bbd-0e124a2d3e08/ozone-meta/scm-ha/0ccfa9de-752d-4e8f-9bbd-0e124a2d3e08/current/raft-meta
2022-01-18 14:50:03,175 [pool-334-thread-1] INFO  server.RaftServer$Division (ServerState.java:setRaftConf(387)) - 4a5d2158-d864-4e23-92c4-2f293c65e9a1@group-0E124A2D3E08: set configuration 1: [4a5d2158-d864-4e23-92c4-2f293c65e9a1|rpc:fv-az151-72:9894|admin:|client:|dataStream:|priority:0], old=null
2022-01-18 14:50:03,175 [pool-334-thread-1] INFO  server.RaftServerConfigKeys (ConfUtils.java:logGet(44)) - raft.server.notification.no-leader.timeout = 60s (default)
2022-01-18 14:50:03,175 [pool-334-thread-1] INFO  server.RaftServerConfigKeys (ConfUtils.java:logGet(44)) - raft.server.log.use.memory = false (default)
2022-01-18 14:50:03,175 [pool-334-thread-1] INFO  server.RaftServerConfigKeys (ConfUtils.java:logGet(44)) - raft.server.log.purge.gap = 1000000 (custom)
2022-01-18 14:50:03,175 [pool-334-thread-1] INFO  server.RaftServerConfigKeys (ConfUtils.java:logGet(44)) - raft.server.log.appender.buffer.byte-limit = 33554432 (custom)
2022-01-18 14:50:03,175 [pool-334-thread-1] INFO  server.RaftServerConfigKeys (ConfUtils.java:logGet(44)) - raft.server.log.segment.size.max = 4194304 (custom)
2022-01-18 14:50:03,176 [pool-334-thread-1] INFO  server.RaftServerConfigKeys (ConfUtils.java:logGet(44)) - raft.server.log.segment.cache.num.max = 2 (custom)
2022-01-18 14:50:03,176 [pool-334-thread-1] INFO  server.RaftServerConfigKeys (ConfUtils.java:logGet(44)) - raft.server.log.segment.cache.size.max = 200MB (=209715200) (default)
2022-01-18 14:50:03,176 [pool-334-thread-1] INFO  segmented.SegmentedRaftLogWorker (SegmentedRaftLogWorker.java:<init>(182)) - new 4a5d2158-d864-4e23-92c4-2f293c65e9a1@group-0E124A2D3E08-SegmentedRaftLogWorker for RaftStorageImpl:Storage Directory /home/runner/work/ozone/ozone/hadoop-ozone/integration-test/target/test-dir/MiniOzoneClusterImpl-0ccfa9de-752d-4e8f-9bbd-0e124a2d3e08/ozone-meta/scm-ha/0ccfa9de-752d-4e8f-9bbd-0e124a2d3e08
2022-01-18 14:50:03,176 [pool-334-thread-1] INFO  server.RaftServerConfigKeys (ConfUtils.java:logGet(44)) - raft.server.log.queue.byte-limit = 64MB (=67108864) (default)
2022-01-18 14:50:03,176 [pool-334-thread-1] INFO  server.RaftServerConfigKeys (ConfUtils.java:logGet(44)) - raft.server.log.queue.element-limit = 4096 (default)
2022-01-18 14:50:03,176 [pool-334-thread-1] INFO  server.RaftServerConfigKeys (ConfUtils.java:logGet(44)) - raft.server.log.segment.size.max = 4194304 (custom)
2022-01-18 14:50:03,176 [pool-334-thread-1] INFO  server.RaftServerConfigKeys (ConfUtils.java:logGet(44)) - raft.server.log.preallocated.size = 4194304 (custom)
2022-01-18 14:50:03,177 [pool-334-thread-1] INFO  server.RaftServerConfigKeys (ConfUtils.java:logGet(44)) - raft.server.log.force.sync.num = 128 (default)
2022-01-18 14:50:03,177 [pool-334-thread-1] INFO  server.RaftServerConfigKeys (ConfUtils.java:logGet(44)) - raft.server.log.statemachine.data.sync = true (default)
2022-01-18 14:50:03,177 [pool-334-thread-1] INFO  server.RaftServerConfigKeys (ConfUtils.java:logGet(44)) - raft.server.log.statemachine.data.sync.timeout = 10s (default)
2022-01-18 14:50:03,177 [pool-334-thread-1] INFO  server.RaftServerConfigKeys (ConfUtils.java:logGet(44)) - raft.server.log.statemachine.data.sync.timeout.retry = -1 (default)
2022-01-18 14:50:03,178 [pool-334-thread-1] INFO  server.RaftServerConfigKeys (ConfUtils.java:logGet(44)) - raft.server.log.write.buffer.size = 64KB (=65536) (default)
2022-01-18 14:50:03,178 [pool-334-thread-1] INFO  server.RaftServerConfigKeys (ConfUtils.java:logGet(44)) - raft.server.log.statemachine.data.caching.enabled = false (default)
2022-01-18 14:50:03,180 [pool-334-thread-1] INFO  server.RaftServer$Division (ServerState.java:setRaftConf(387)) - 4a5d2158-d864-4e23-92c4-2f293c65e9a1@group-0E124A2D3E08: set configuration 0: [4a5d2158-d864-4e23-92c4-2f293c65e9a1|rpc:fv-az151-72:9894|admin:|client:|dataStream:|priority:0], old=null
2022-01-18 14:50:03,186 [pool-334-thread-1] INFO  segmented.LogSegment (LogSegment.java:loadSegment(173)) - Successfully read 1 entries from segment file /home/runner/work/ozone/ozone/hadoop-ozone/integration-test/target/test-dir/MiniOzoneClusterImpl-0ccfa9de-752d-4e8f-9bbd-0e124a2d3e08/ozone-meta/scm-ha/0ccfa9de-752d-4e8f-9bbd-0e124a2d3e08/current/log_0-0
2022-01-18 14:50:03,187 [pool-334-thread-1] INFO  server.RaftServer$Division (ServerState.java:setRaftConf(387)) - 4a5d2158-d864-4e23-92c4-2f293c65e9a1@group-0E124A2D3E08: set configuration 1: [4a5d2158-d864-4e23-92c4-2f293c65e9a1|rpc:fv-az151-72:9894|admin:|client:|dataStream:|priority:0], old=null
2022-01-18 14:50:03,188 [pool-334-thread-1] INFO  segmented.LogSegment (LogSegment.java:loadSegment(173)) - Successfully read 18 entries from segment file /home/runner/work/ozone/ozone/hadoop-ozone/integration-test/target/test-dir/MiniOzoneClusterImpl-0ccfa9de-752d-4e8f-9bbd-0e124a2d3e08/ozone-meta/scm-ha/0ccfa9de-752d-4e8f-9bbd-0e124a2d3e08/current/log_inprogress_1
2022-01-18 14:50:03,188 [pool-334-thread-1] INFO  segmented.SegmentedRaftLogWorker (SegmentedRaftLogWorker.java:lambda$new$0(133)) - 4a5d2158-d864-4e23-92c4-2f293c65e9a1@group-0E124A2D3E08-SegmentedRaftLogWorker: flushIndex: setUnconditionally 0 -> 18
2022-01-18 14:50:03,188 [pool-334-thread-1] INFO  segmented.SegmentedRaftLogWorker (SegmentedRaftLogWorker.java:lambda$new$0(133)) - 4a5d2158-d864-4e23-92c4-2f293c65e9a1@group-0E124A2D3E08-SegmentedRaftLogWorker: safeCacheEvictIndex: setUnconditionally 0 -> 0
2022-01-18 14:50:03,188 [pool-334-thread-1] INFO  raftlog.RaftLog (RaftLogBase.java:lambda$new$0(53)) - 4a5d2158-d864-4e23-92c4-2f293c65e9a1@group-0E124A2D3E08-SegmentedRaftLog: commitIndex: updateToMax old=18, new=17, updated? false
2022-01-18 14:50:03,188 [pool-334-thread-1] INFO  server.RaftServerConfigKeys (ConfUtils.java:logGet(44)) - raft.server.snapshot.auto.trigger.enabled = true (custom)
2022-01-18 14:50:03,188 [pool-334-thread-1] INFO  server.RaftServerConfigKeys (ConfUtils.java:logGet(44)) - raft.server.snapshot.auto.trigger.threshold = 1000 (custom)
2022-01-18 14:50:03,188 [pool-334-thread-1] INFO  server.RaftServerConfigKeys (ConfUtils.java:logGet(44)) - raft.server.snapshot.retention.file.num = -1 (default)
2022-01-18 14:50:03,189 [pool-334-thread-1] INFO  server.RaftServerConfigKeys (ConfUtils.java:logGet(44)) - raft.server.log.purge.upto.snapshot.index = false (default)
2022-01-18 14:50:03,189 [pool-334-thread-1] INFO  server.RaftServerConfigKeys (ConfUtils.java:logGet(44)) - raft.server.retrycache.expirytime = 60000ms (default)
2022-01-18 14:50:03,189 [pool-334-thread-1] INFO  server.RaftServerConfigKeys (ConfUtils.java:logGet(44)) - raft.server.retrycache.statistics.expirytime = 100μs (default)
2022-01-18 14:50:03,237 [Datanode State Machine Daemon Thread] WARN  statemachine.StateContext (StateContext.java:setState(249)) - Ignore disallowed transition from SHUTDOWN to RUNNING
2022-01-18 14:50:03,378 [grpc-default-executor-1] WARN  server.GrpcLogAppender (LogUtils.java:warn(122)) - beb67d5c-35ba-4f4b-ba77-131041920502@group-C90ECADE688A->f0baeb8c-e6d1-47f5-b4e1-5ba393635f6f-AppendLogResponseHandler: Failed appendEntries: org.apache.ratis.thirdparty.io.grpc.StatusRuntimeException: UNAVAILABLE: io exception
2022-01-18 14:50:03,379 [grpc-default-executor-1] WARN  server.GrpcLogAppender (GrpcLogAppender.java:resetClient(110)) - beb67d5c-35ba-4f4b-ba77-131041920502@group-C90ECADE688A->f0baeb8c-e6d1-47f5-b4e1-5ba393635f6f-GrpcLogAppender: Leader has not got in touch with Follower beb67d5c-35ba-4f4b-ba77-131041920502@group-C90ECADE688A->f0baeb8c-e6d1-47f5-b4e1-5ba393635f6f(c0,m0,n1, attendVote=true, lastRpcSendTime=0, lastRpcResponseTime=27578) yet, just keep nextIndex unchanged and retry.
2022-01-18 14:50:03,624 [EndpointStateMachine task thread for /0.0.0.0:36881 - 0 ] INFO  ipc.Client (Client.java:handleConnectionFailure(977)) - Retrying connect to server: 0.0.0.0/0.0.0.0:36881. Already tried 1 time(s); retry policy is RetryUpToMaximumCountWithFixedSleep(maxRetries=15, sleepTime=1000 MILLISECONDS)
2022-01-18 14:50:04,625 [EndpointStateMachine task thread for /0.0.0.0:36881 - 0 ] INFO  ipc.Client (Client.java:handleConnectionFailure(977)) - Retrying connect to server: 0.0.0.0/0.0.0.0:36881. Already tried 2 time(s); retry policy is RetryUpToMaximumCountWithFixedSleep(maxRetries=15, sleepTime=1000 MILLISECONDS)
2022-01-18 14:50:04,870 [Datanode State Machine Daemon Thread] WARN  statemachine.StateContext (StateContext.java:setState(249)) - Ignore disallowed transition from SHUTDOWN to RUNNING
2022-01-18 14:50:05,625 [EndpointStateMachine task thread for /0.0.0.0:36881 - 0 ] INFO  ipc.Client (Client.java:handleConnectionFailure(977)) - Retrying connect to server: 0.0.0.0/0.0.0.0:36881. Already tried 3 time(s); retry policy is RetryUpToMaximumCountWithFixedSleep(maxRetries=15, sleepTime=1000 MILLISECONDS)
2022-01-18 14:50:05,878 [grpc-default-executor-1] WARN  server.GrpcLogAppender (LogUtils.java:warn(122)) - beb67d5c-35ba-4f4b-ba77-131041920502@group-C90ECADE688A->f0baeb8c-e6d1-47f5-b4e1-5ba393635f6f-AppendLogResponseHandler: Failed appendEntries: org.apache.ratis.thirdparty.io.grpc.StatusRuntimeException: UNAVAILABLE: io exception
2022-01-18 14:50:05,879 [grpc-default-executor-1] WARN  server.GrpcLogAppender (GrpcLogAppender.java:resetClient(110)) - beb67d5c-35ba-4f4b-ba77-131041920502@group-C90ECADE688A->f0baeb8c-e6d1-47f5-b4e1-5ba393635f6f-GrpcLogAppender: Leader has not got in touch with Follower beb67d5c-35ba-4f4b-ba77-131041920502@group-C90ECADE688A->f0baeb8c-e6d1-47f5-b4e1-5ba393635f6f(c0,m0,n1, attendVote=true, lastRpcSendTime=0, lastRpcResponseTime=30079) yet, just keep nextIndex unchanged and retry.
2022-01-18 14:50:06,626 [EndpointStateMachine task thread for /0.0.0.0:36881 - 0 ] INFO  ipc.Client (Client.java:handleConnectionFailure(977)) - Retrying connect to server: 0.0.0.0/0.0.0.0:36881. Already tried 4 time(s); retry policy is RetryUpToMaximumCountWithFixedSleep(maxRetries=15, sleepTime=1000 MILLISECONDS)
2022-01-18 14:50:07,627 [EndpointStateMachine task thread for /0.0.0.0:36881 - 0 ] INFO  ipc.Client (Client.java:handleConnectionFailure(977)) - Retrying connect to server: 0.0.0.0/0.0.0.0:36881. Already tried 5 time(s); retry policy is RetryUpToMaximumCountWithFixedSleep(maxRetries=15, sleepTime=1000 MILLISECONDS)
2022-01-18 14:50:08,154 [ForkJoinPool.commonPool-worker-0] INFO  ozoneimpl.OzoneContainer (OzoneContainer.java:stop(336)) - Attempting to stop container services.
2022-01-18 14:50:08,156 [ForkJoinPool.commonPool-worker-0] INFO  utils.BackgroundService (BackgroundService.java:shutdown(132)) - Shutting down service BlockDeletingService
2022-01-18 14:50:08,161 [Time-limited test] INFO  ozoneimpl.OzoneContainer (OzoneContainer.java:stop(336)) - Attempting to stop container services.
2022-01-18 14:50:08,180 [Time-limited test] INFO  server.RaftServer (RaftServerProxy.java:lambda$close$6(391)) - a81a925a-6276-4e36-9bcf-91f1631c9c2f: close
2022-01-18 14:50:08,180 [Time-limited test] INFO  server.RaftServer$Division (RaftServerImpl.java:lambda$close$4(412)) - a81a925a-6276-4e36-9bcf-91f1631c9c2f@group-C90ECADE688A: shutdown
2022-01-18 14:50:08,181 [Time-limited test] INFO  util.JmxRegister (JmxRegister.java:unregister(73)) - Successfully un-registered JMX Bean with object name Ratis:service=RaftServer,group=group-C90ECADE688A,id=a81a925a-6276-4e36-9bcf-91f1631c9c2f
2022-01-18 14:50:08,181 [Time-limited test] INFO  impl.RoleInfo (RoleInfo.java:shutdownFollowerState(108)) - a81a925a-6276-4e36-9bcf-91f1631c9c2f: shutdown a81a925a-6276-4e36-9bcf-91f1631c9c2f@group-C90ECADE688A-FollowerState
2022-01-18 14:50:08,181 [Time-limited test] INFO  impl.StateMachineUpdater (StateMachineUpdater.java:stopAndJoin(149)) - a81a925a-6276-4e36-9bcf-91f1631c9c2f@group-C90ECADE688A-StateMachineUpdater: set stopIndex = 0
2022-01-18 14:50:08,181 [a81a925a-6276-4e36-9bcf-91f1631c9c2f@group-C90ECADE688A-StateMachineUpdater] INFO  ratis.ContainerStateMachine (ContainerStateMachine.java:takeSnapshot(299)) - group-C90ECADE688A: Taking a snapshot at:(t:9, i:0) file /home/runner/work/ozone/ozone/hadoop-ozone/integration-test/target/test-dir/MiniOzoneClusterImpl-0ccfa9de-752d-4e8f-9bbd-0e124a2d3e08/datanode-1/data/ratis/872b7417-f6ae-4e77-b9b9-c90ecade688a/sm/snapshot.9_0
2022-01-18 14:50:08,182 [a81a925a-6276-4e36-9bcf-91f1631c9c2f@group-C90ECADE688A-FollowerState] INFO  impl.FollowerState (FollowerState.java:run(143)) - a81a925a-6276-4e36-9bcf-91f1631c9c2f@group-C90ECADE688A-FollowerState was interrupted: {}
java.lang.InterruptedException: sleep interrupted
	at java.lang.Thread.sleep(Native Method)
	at java.lang.Thread.sleep(Thread.java:340)
	at java.util.concurrent.TimeUnit.sleep(TimeUnit.java:386)
	at org.apache.ratis.util.TimeDuration.sleep(TimeDuration.java:324)
	at org.apache.ratis.util.TimeDuration.sleep(TimeDuration.java:309)
	at org.apache.ratis.server.impl.FollowerState.run(FollowerState.java:118)
2022-01-18 14:50:08,195 [a81a925a-6276-4e36-9bcf-91f1631c9c2f@group-C90ECADE688A-StateMachineUpdater] INFO  ratis.ContainerStateMachine (ContainerStateMachine.java:takeSnapshot(310)) - group-C90ECADE688A: Finished taking a snapshot at:(t:9, i:0) file:/home/runner/work/ozone/ozone/hadoop-ozone/integration-test/target/test-dir/MiniOzoneClusterImpl-0ccfa9de-752d-4e8f-9bbd-0e124a2d3e08/datanode-1/data/ratis/872b7417-f6ae-4e77-b9b9-c90ecade688a/sm/snapshot.9_0 took: 14 ms
2022-01-18 14:50:08,196 [a81a925a-6276-4e36-9bcf-91f1631c9c2f@group-C90ECADE688A-StateMachineUpdater] INFO  impl.StateMachineUpdater (StateMachineUpdater.java:takeSnapshot(281)) - a81a925a-6276-4e36-9bcf-91f1631c9c2f@group-C90ECADE688A-StateMachineUpdater: Took a snapshot at index 0
2022-01-18 14:50:08,196 [a81a925a-6276-4e36-9bcf-91f1631c9c2f@group-C90ECADE688A-StateMachineUpdater] INFO  impl.StateMachineUpdater (StateMachineUpdater.java:lambda$new$0(89)) - a81a925a-6276-4e36-9bcf-91f1631c9c2f@group-C90ECADE688A-StateMachineUpdater: snapshotIndex: updateIncreasingly -1 -> 0
2022-01-18 14:50:08,196 [Time-limited test] INFO  server.RaftServer$Division (ServerState.java:close(419)) - a81a925a-6276-4e36-9bcf-91f1631c9c2f@group-C90ECADE688A: closes. applyIndex: 0
2022-01-18 14:50:08,196 [a81a925a-6276-4e36-9bcf-91f1631c9c2f@group-C90ECADE688A-SegmentedRaftLogWorker] INFO  segmented.SegmentedRaftLogWorker (SegmentedRaftLogWorker.java:run(327)) - a81a925a-6276-4e36-9bcf-91f1631c9c2f@group-C90ECADE688A-SegmentedRaftLogWorker was interrupted, exiting. There are 0 tasks remaining in the queue.
2022-01-18 14:50:08,203 [Time-limited test] INFO  segmented.SegmentedRaftLogWorker (SegmentedRaftLogWorker.java:close(237)) - a81a925a-6276-4e36-9bcf-91f1631c9c2f@group-C90ECADE688A-SegmentedRaftLogWorker close()
2022-01-18 14:50:08,204 [Time-limited test] INFO  server.RaftServer$Division (RaftServerImpl.java:lambda$close$4(412)) - a81a925a-6276-4e36-9bcf-91f1631c9c2f@group-E14B92C175C2: shutdown
2022-01-18 14:50:08,204 [Time-limited test] INFO  util.JmxRegister (JmxRegister.java:unregister(73)) - Successfully un-registered JMX Bean with object name Ratis:service=RaftServer,group=group-E14B92C175C2,id=a81a925a-6276-4e36-9bcf-91f1631c9c2f
2022-01-18 14:50:08,204 [Time-limited test] INFO  impl.RoleInfo (RoleInfo.java:shutdownLeaderState(91)) - a81a925a-6276-4e36-9bcf-91f1631c9c2f: shutdown a81a925a-6276-4e36-9bcf-91f1631c9c2f@group-E14B92C175C2-LeaderStateImpl
2022-01-18 14:50:08,205 [Time-limited test] INFO  impl.PendingRequests (PendingRequests.java:sendNotLeaderResponses(282)) - a81a925a-6276-4e36-9bcf-91f1631c9c2f@group-E14B92C175C2-PendingRequests: sendNotLeaderResponses
2022-01-18 14:50:08,206 [a81a925a-6276-4e36-9bcf-91f1631c9c2f@group-E14B92C175C2-StateMachineUpdater] INFO  ratis.ContainerStateMachine (ContainerStateMachine.java:takeSnapshot(299)) - group-E14B92C175C2: Taking a snapshot at:(t:1, i:0) file /home/runner/work/ozone/ozone/hadoop-ozone/integration-test/target/test-dir/MiniOzoneClusterImpl-0ccfa9de-752d-4e8f-9bbd-0e124a2d3e08/datanode-1/data/ratis/de59166d-2843-4ef3-aff3-e14b92c175c2/sm/snapshot.1_0
2022-01-18 14:50:08,206 [Time-limited test] INFO  impl.StateMachineUpdater (StateMachineUpdater.java:stopAndJoin(149)) - a81a925a-6276-4e36-9bcf-91f1631c9c2f@group-E14B92C175C2-StateMachineUpdater: set stopIndex = 0
2022-01-18 14:50:08,208 [a81a925a-6276-4e36-9bcf-91f1631c9c2f@group-E14B92C175C2-StateMachineUpdater] INFO  ratis.ContainerStateMachine (ContainerStateMachine.java:takeSnapshot(310)) - group-E14B92C175C2: Finished taking a snapshot at:(t:1, i:0) file:/home/runner/work/ozone/ozone/hadoop-ozone/integration-test/target/test-dir/MiniOzoneClusterImpl-0ccfa9de-752d-4e8f-9bbd-0e124a2d3e08/datanode-1/data/ratis/de59166d-2843-4ef3-aff3-e14b92c175c2/sm/snapshot.1_0 took: 3 ms
2022-01-18 14:50:08,208 [a81a925a-6276-4e36-9bcf-91f1631c9c2f@group-E14B92C175C2-StateMachineUpdater] INFO  impl.StateMachineUpdater (StateMachineUpdater.java:takeSnapshot(281)) - a81a925a-6276-4e36-9bcf-91f1631c9c2f@group-E14B92C175C2-StateMachineUpdater: Took a snapshot at index 0
2022-01-18 14:50:08,208 [a81a925a-6276-4e36-9bcf-91f1631c9c2f@group-E14B92C175C2-StateMachineUpdater] INFO  impl.StateMachineUpdater (StateMachineUpdater.java:lambda$new$0(89)) - a81a925a-6276-4e36-9bcf-91f1631c9c2f@group-E14B92C175C2-StateMachineUpdater: snapshotIndex: updateIncreasingly -1 -> 0
2022-01-18 14:50:08,210 [Time-limited test] INFO  server.RaftServer$Division (ServerState.java:close(419)) - a81a925a-6276-4e36-9bcf-91f1631c9c2f@group-E14B92C175C2: closes. applyIndex: 0
2022-01-18 14:50:08,210 [a81a925a-6276-4e36-9bcf-91f1631c9c2f@group-E14B92C175C2-SegmentedRaftLogWorker] INFO  segmented.SegmentedRaftLogWorker (SegmentedRaftLogWorker.java:run(327)) - a81a925a-6276-4e36-9bcf-91f1631c9c2f@group-E14B92C175C2-SegmentedRaftLogWorker was interrupted, exiting. There are 0 tasks remaining in the queue.
2022-01-18 14:50:08,215 [Time-limited test] INFO  segmented.SegmentedRaftLogWorker (SegmentedRaftLogWorker.java:close(237)) - a81a925a-6276-4e36-9bcf-91f1631c9c2f@group-E14B92C175C2-SegmentedRaftLogWorker close()
2022-01-18 14:50:08,217 [Time-limited test] INFO  server.GrpcService (GrpcService.java:closeImpl(262)) - a81a925a-6276-4e36-9bcf-91f1631c9c2f: shutdown server with port 40475 now
2022-01-18 14:50:08,218 [grpc-default-executor-5] WARN  server.GrpcServerProtocolService (LogUtils.java:warn(122)) - a81a925a-6276-4e36-9bcf-91f1631c9c2f: installSnapshot onError, lastRequest: beb67d5c-35ba-4f4b-ba77-131041920502->a81a925a-6276-4e36-9bcf-91f1631c9c2f#1-t9,previous=(t:0, i:0),leaderCommit=-1,initializing? true,entries: size=1, first=(t:9, i:0), CONFIGURATIONENTRY: org.apache.ratis.thirdparty.io.grpc.StatusRuntimeException: CANCELLED: client cancelled
2022-01-18 14:50:08,219 [grpc-default-executor-5] WARN  server.GrpcLogAppender (LogUtils.java:warn(122)) - beb67d5c-35ba-4f4b-ba77-131041920502@group-C90ECADE688A->a81a925a-6276-4e36-9bcf-91f1631c9c2f-AppendLogResponseHandler: Failed appendEntries: org.apache.ratis.thirdparty.io.grpc.StatusRuntimeException: CANCELLED: HTTP/2 error code: CANCEL
Received Rst Stream
2022-01-18 14:50:08,219 [grpc-default-executor-5] WARN  server.GrpcLogAppender (GrpcLogAppender.java:resetClient(110)) - beb67d5c-35ba-4f4b-ba77-131041920502@group-C90ECADE688A->a81a925a-6276-4e36-9bcf-91f1631c9c2f-GrpcLogAppender: Leader has not got in touch with Follower beb67d5c-35ba-4f4b-ba77-131041920502@group-C90ECADE688A->a81a925a-6276-4e36-9bcf-91f1631c9c2f(c0,m0,n1, attendVote=true, lastRpcSendTime=2273, lastRpcResponseTime=2253) yet, just keep nextIndex unchanged and retry.
2022-01-18 14:50:08,272 [Time-limited test] INFO  server.GrpcService (GrpcService.java:closeImpl(271)) - a81a925a-6276-4e36-9bcf-91f1631c9c2f: shutdown server with port 40475 successfully
2022-01-18 14:50:08,280 [org.apache.ratis.util.JvmPauseMonitor$$Lambda$431/617926966@33547980] INFO  util.JvmPauseMonitor (JvmPauseMonitor.java:run(109)) - JvmPauseMonitor-a81a925a-6276-4e36-9bcf-91f1631c9c2f: Stopped
2022-01-18 14:50:08,395 [grpc-default-executor-5] WARN  server.GrpcLogAppender (LogUtils.java:warn(122)) - beb67d5c-35ba-4f4b-ba77-131041920502@group-C90ECADE688A->f0baeb8c-e6d1-47f5-b4e1-5ba393635f6f-AppendLogResponseHandler: Failed appendEntries: org.apache.ratis.thirdparty.io.grpc.StatusRuntimeException: UNAVAILABLE: io exception
2022-01-18 14:50:08,395 [grpc-default-executor-5] WARN  server.GrpcLogAppender (GrpcLogAppender.java:resetClient(110)) - beb67d5c-35ba-4f4b-ba77-131041920502@group-C90ECADE688A->f0baeb8c-e6d1-47f5-b4e1-5ba393635f6f-GrpcLogAppender: Leader has not got in touch with Follower beb67d5c-35ba-4f4b-ba77-131041920502@group-C90ECADE688A->f0baeb8c-e6d1-47f5-b4e1-5ba393635f6f(c0,m0,n1, attendVote=true, lastRpcSendTime=0, lastRpcResponseTime=32595) yet, just keep nextIndex unchanged and retry.
2022-01-18 14:50:08,482 [grpc-default-executor-1] WARN  server.GrpcLogAppender (LogUtils.java:warn(122)) - beb67d5c-35ba-4f4b-ba77-131041920502@group-C90ECADE688A->a81a925a-6276-4e36-9bcf-91f1631c9c2f-AppendLogResponseHandler: Failed appendEntries: org.apache.ratis.thirdparty.io.grpc.StatusRuntimeException: UNAVAILABLE: io exception
2022-01-18 14:50:08,483 [grpc-default-executor-1] WARN  server.GrpcLogAppender (GrpcLogAppender.java:resetClient(110)) - beb67d5c-35ba-4f4b-ba77-131041920502@group-C90ECADE688A->a81a925a-6276-4e36-9bcf-91f1631c9c2f-GrpcLogAppender: Leader has not got in touch with Follower beb67d5c-35ba-4f4b-ba77-131041920502@group-C90ECADE688A->a81a925a-6276-4e36-9bcf-91f1631c9c2f(c0,m0,n1, attendVote=true, lastRpcSendTime=1, lastRpcResponseTime=2517) yet, just keep nextIndex unchanged and retry.
2022-01-18 14:50:08,627 [EndpointStateMachine task thread for /0.0.0.0:36881 - 0 ] INFO  ipc.Client (Client.java:handleConnectionFailure(977)) - Retrying connect to server: 0.0.0.0/0.0.0.0:36881. Already tried 6 time(s); retry policy is RetryUpToMaximumCountWithFixedSleep(maxRetries=15, sleepTime=1000 MILLISECONDS)
2022-01-18 14:50:09,628 [EndpointStateMachine task thread for /0.0.0.0:36881 - 0 ] INFO  ipc.Client (Client.java:handleConnectionFailure(977)) - Retrying connect to server: 0.0.0.0/0.0.0.0:36881. Already tried 7 time(s); retry policy is RetryUpToMaximumCountWithFixedSleep(maxRetries=15, sleepTime=1000 MILLISECONDS)
2022-01-18 14:50:10,362 [Time-limited test] INFO  utils.BackgroundService (BackgroundService.java:shutdown(132)) - Shutting down service BlockDeletingService
2022-01-18 14:50:10,629 [EndpointStateMachine task thread for /0.0.0.0:36881 - 0 ] INFO  ipc.Client (Client.java:handleConnectionFailure(977)) - Retrying connect to server: 0.0.0.0/0.0.0.0:36881. Already tried 8 time(s); retry policy is RetryUpToMaximumCountWithFixedSleep(maxRetries=15, sleepTime=1000 MILLISECONDS)
2022-01-18 14:50:10,905 [grpc-default-executor-1] WARN  server.GrpcLogAppender (LogUtils.java:warn(122)) - beb67d5c-35ba-4f4b-ba77-131041920502@group-C90ECADE688A->f0baeb8c-e6d1-47f5-b4e1-5ba393635f6f-AppendLogResponseHandler: Failed appendEntries: org.apache.ratis.thirdparty.io.grpc.StatusRuntimeException: UNAVAILABLE: io exception
2022-01-18 14:50:10,906 [grpc-default-executor-1] WARN  server.GrpcLogAppender (GrpcLogAppender.java:resetClient(110)) - beb67d5c-35ba-4f4b-ba77-131041920502@group-C90ECADE688A->f0baeb8c-e6d1-47f5-b4e1-5ba393635f6f-GrpcLogAppender: Leader has not got in touch with Follower beb67d5c-35ba-4f4b-ba77-131041920502@group-C90ECADE688A->f0baeb8c-e6d1-47f5-b4e1-5ba393635f6f(c0,m0,n1, attendVote=true, lastRpcSendTime=1, lastRpcResponseTime=35105) yet, just keep nextIndex unchanged and retry.
2022-01-18 14:50:10,996 [grpc-default-executor-1] WARN  server.GrpcLogAppender (LogUtils.java:warn(122)) - beb67d5c-35ba-4f4b-ba77-131041920502@group-C90ECADE688A->a81a925a-6276-4e36-9bcf-91f1631c9c2f-AppendLogResponseHandler: Failed appendEntries: org.apache.ratis.thirdparty.io.grpc.StatusRuntimeException: UNAVAILABLE: io exception
2022-01-18 14:50:10,997 [grpc-default-executor-1] WARN  server.GrpcLogAppender (GrpcLogAppender.java:resetClient(110)) - beb67d5c-35ba-4f4b-ba77-131041920502@group-C90ECADE688A->a81a925a-6276-4e36-9bcf-91f1631c9c2f-GrpcLogAppender: Leader has not got in touch with Follower beb67d5c-35ba-4f4b-ba77-131041920502@group-C90ECADE688A->a81a925a-6276-4e36-9bcf-91f1631c9c2f(c0,m0,n1, attendVote=true, lastRpcSendTime=2515, lastRpcResponseTime=5031) yet, just keep nextIndex unchanged and retry.
2022-01-18 14:50:11,163 [ForkJoinPool.commonPool-worker-0] INFO  statemachine.DatanodeStateMachine (DatanodeStateMachine.java:stopDaemon(529)) - Ozone container server stopped.
2022-01-18 14:50:11,184 [ForkJoinPool.commonPool-worker-0] INFO  handler.ContextHandler (ContextHandler.java:doStop(1153)) - Stopped o.e.j.w.WebAppContext@504379e1{hddsDatanode,/,null,STOPPED}{jar:file:/home/runner/.m2/repository/org/apache/ozone/hdds-container-service/1.3.0-SNAPSHOT/hdds-container-service-1.3.0-SNAPSHOT.jar!/webapps/hddsDatanode}
2022-01-18 14:50:11,185 [ForkJoinPool.commonPool-worker-0] INFO  server.AbstractConnector (AbstractConnector.java:doStop(381)) - Stopped ServerConnector@484f0666{HTTP/1.1, (http/1.1)}{0.0.0.0:33415}
2022-01-18 14:50:11,185 [ForkJoinPool.commonPool-worker-0] INFO  server.session (HouseKeeper.java:stopScavenging(149)) - node0 Stopped scavenging
2022-01-18 14:50:11,188 [ForkJoinPool.commonPool-worker-0] INFO  handler.ContextHandler (ContextHandler.java:doStop(1153)) - Stopped o.e.j.s.ServletContextHandler@da3afc3{static,/static,jar:file:/home/runner/.m2/repository/org/apache/ozone/hdds-container-service/1.3.0-SNAPSHOT/hdds-container-service-1.3.0-SNAPSHOT.jar!/webapps/static,STOPPED}
2022-01-18 14:50:11,195 [ForkJoinPool.commonPool-worker-0] INFO  handler.ContextHandler (ContextHandler.java:doStop(1153)) - Stopped o.e.j.s.ServletContextHandler@ea0c0cc{logs,/logs,file:///home/runner/work/ozone/ozone/hadoop-ozone/integration-test/target/log,STOPPED}
2022-01-18 14:50:11,617 [Datanode State Machine Daemon Thread] WARN  statemachine.StateContext (StateContext.java:setState(249)) - Ignore disallowed transition from SHUTDOWN to RUNNING
2022-01-18 14:50:11,630 [EndpointStateMachine task thread for /0.0.0.0:36881 - 0 ] INFO  ipc.Client (Client.java:handleConnectionFailure(977)) - Retrying connect to server: 0.0.0.0/0.0.0.0:36881. Already tried 9 time(s); retry policy is RetryUpToMaximumCountWithFixedSleep(maxRetries=15, sleepTime=1000 MILLISECONDS)
2022-01-18 14:50:12,294 [beb67d5c-35ba-4f4b-ba77-131041920502@group-C90ECADE688A-LeaderStateImpl] WARN  server.RaftServer$Division (LeaderStateImpl.java:checkLeadership(974)) - beb67d5c-35ba-4f4b-ba77-131041920502@group-C90ECADE688A-LeaderStateImpl: Lost leadership on term: 9. Election timeout: 5200ms. In charge for: 41719ms. Conf: 0: [a81a925a-6276-4e36-9bcf-91f1631c9c2f|rpc:10.1.0.41:40475|dataStream:|priority:0, f0baeb8c-e6d1-47f5-b4e1-5ba393635f6f|rpc:10.1.0.41:43293|dataStream:|priority:0, beb67d5c-35ba-4f4b-ba77-131041920502|rpc:10.1.0.41:36345|dataStream:|priority:1], old=null
2022-01-18 14:50:12,294 [beb67d5c-35ba-4f4b-ba77-131041920502@group-C90ECADE688A-LeaderStateImpl] WARN  server.RaftServer$Division (LeaderStateImpl.java:lambda$checkLeadership$15(978)) - Follower beb67d5c-35ba-4f4b-ba77-131041920502@group-C90ECADE688A->a81a925a-6276-4e36-9bcf-91f1631c9c2f(c0,m0,n1, attendVote=true, lastRpcSendTime=1293, lastRpcResponseTime=6328)
2022-01-18 14:50:12,294 [beb67d5c-35ba-4f4b-ba77-131041920502@group-C90ECADE688A-LeaderStateImpl] WARN  server.RaftServer$Division (LeaderStateImpl.java:lambda$checkLeadership$15(978)) - Follower beb67d5c-35ba-4f4b-ba77-131041920502@group-C90ECADE688A->f0baeb8c-e6d1-47f5-b4e1-5ba393635f6f(c0,m0,n1, attendVote=true, lastRpcSendTime=1389, lastRpcResponseTime=36493)
2022-01-18 14:50:12,294 [beb67d5c-35ba-4f4b-ba77-131041920502@group-C90ECADE688A-LeaderStateImpl] INFO  server.RaftServer$Division (RaftServerImpl.java:setRole(290)) - beb67d5c-35ba-4f4b-ba77-131041920502@group-C90ECADE688A: changes role from    LEADER to FOLLOWER at term 9 for StepDownReason:LOST_MAJORITY_HEARTBEATS
2022-01-18 14:50:12,294 [beb67d5c-35ba-4f4b-ba77-131041920502@group-C90ECADE688A-LeaderStateImpl] INFO  impl.RoleInfo (RoleInfo.java:shutdownLeaderState(91)) - beb67d5c-35ba-4f4b-ba77-131041920502: shutdown beb67d5c-35ba-4f4b-ba77-131041920502@group-C90ECADE688A-LeaderStateImpl
2022-01-18 14:50:12,295 [beb67d5c-35ba-4f4b-ba77-131041920502@group-C90ECADE688A-LeaderStateImpl] INFO  impl.PendingRequests (PendingRequests.java:sendNotLeaderResponses(282)) - beb67d5c-35ba-4f4b-ba77-131041920502@group-C90ECADE688A-PendingRequests: sendNotLeaderResponses
2022-01-18 14:50:12,295 [beb67d5c-35ba-4f4b-ba77-131041920502@group-C90ECADE688A-LeaderStateImpl] INFO  impl.RoleInfo (RoleInfo.java:updateAndGet(130)) - beb67d5c-35ba-4f4b-ba77-131041920502: start beb67d5c-35ba-4f4b-ba77-131041920502@group-C90ECADE688A-FollowerState
2022-01-18 14:50:12,630 [EndpointStateMachine task thread for /0.0.0.0:36881 - 0 ] INFO  ipc.Client (Client.java:handleConnectionFailure(977)) - Retrying connect to server: 0.0.0.0/0.0.0.0:36881. Already tried 10 time(s); retry policy is RetryUpToMaximumCountWithFixedSleep(maxRetries=15, sleepTime=1000 MILLISECONDS)
2022-01-18 14:50:13,376 [Time-limited test] INFO  statemachine.DatanodeStateMachine (DatanodeStateMachine.java:stopDaemon(529)) - Ozone container server stopped.
2022-01-18 14:50:13,380 [Time-limited test] INFO  handler.ContextHandler (ContextHandler.java:doStop(1153)) - Stopped o.e.j.w.WebAppContext@794c2259{hddsDatanode,/,null,STOPPED}{jar:file:/home/runner/.m2/repository/org/apache/ozone/hdds-container-service/1.3.0-SNAPSHOT/hdds-container-service-1.3.0-SNAPSHOT.jar!/webapps/hddsDatanode}
2022-01-18 14:50:13,384 [Time-limited test] INFO  server.AbstractConnector (AbstractConnector.java:doStop(381)) - Stopped ServerConnector@3c99bbe6{HTTP/1.1, (http/1.1)}{0.0.0.0:0}
2022-01-18 14:50:13,384 [Time-limited test] INFO  server.session (HouseKeeper.java:stopScavenging(149)) - node0 Stopped scavenging
2022-01-18 14:50:13,385 [Time-limited test] INFO  handler.ContextHandler (ContextHandler.java:doStop(1153)) - Stopped o.e.j.s.ServletContextHandler@9f02316{static,/static,jar:file:/home/runner/.m2/repository/org/apache/ozone/hdds-container-service/1.3.0-SNAPSHOT/hdds-container-service-1.3.0-SNAPSHOT.jar!/webapps/static,STOPPED}
2022-01-18 14:50:13,385 [Time-limited test] INFO  handler.ContextHandler (ContextHandler.java:doStop(1153)) - Stopped o.e.j.s.ServletContextHandler@70399075{logs,/logs,file:///home/runner/work/ozone/ozone/hadoop-ozone/integration-test/target/log,STOPPED}
2022-01-18 14:50:13,632 [EndpointStateMachine task thread for /0.0.0.0:36881 - 0 ] INFO  ipc.Client (Client.java:handleConnectionFailure(977)) - Retrying connect to server: 0.0.0.0/0.0.0.0:36881. Already tried 11 time(s); retry policy is RetryUpToMaximumCountWithFixedSleep(maxRetries=15, sleepTime=1000 MILLISECONDS)
2022-01-18 14:50:14,636 [EndpointStateMachine task thread for /0.0.0.0:36881 - 0 ] INFO  ipc.Client (Client.java:handleConnectionFailure(977)) - Retrying connect to server: 0.0.0.0/0.0.0.0:36881. Already tried 12 time(s); retry policy is RetryUpToMaximumCountWithFixedSleep(maxRetries=15, sleepTime=1000 MILLISECONDS)
2022-01-18 14:50:15,637 [EndpointStateMachine task thread for /0.0.0.0:36881 - 0 ] INFO  ipc.Client (Client.java:handleConnectionFailure(977)) - Retrying connect to server: 0.0.0.0/0.0.0.0:36881. Already tried 13 time(s); retry policy is RetryUpToMaximumCountWithFixedSleep(maxRetries=15, sleepTime=1000 MILLISECONDS)
2022-01-18 14:50:16,199 [ForkJoinPool.commonPool-worker-0] INFO  ozoneimpl.OzoneContainer (OzoneContainer.java:stop(336)) - Attempting to stop container services.
2022-01-18 14:50:16,204 [ForkJoinPool.commonPool-worker-0] INFO  server.RaftServer (RaftServerProxy.java:lambda$close$6(391)) - beb67d5c-35ba-4f4b-ba77-131041920502: close
2022-01-18 14:50:16,205 [ForkJoinPool.commonPool-worker-0] INFO  server.RaftServer$Division (RaftServerImpl.java:lambda$close$4(412)) - beb67d5c-35ba-4f4b-ba77-131041920502@group-67BF4967DAB7: shutdown
2022-01-18 14:50:16,205 [ForkJoinPool.commonPool-worker-0] INFO  util.JmxRegister (JmxRegister.java:unregister(73)) - Successfully un-registered JMX Bean with object name Ratis:service=RaftServer,group=group-67BF4967DAB7,id=beb67d5c-35ba-4f4b-ba77-131041920502
2022-01-18 14:50:16,205 [ForkJoinPool.commonPool-worker-0] INFO  impl.RoleInfo (RoleInfo.java:shutdownLeaderState(91)) - beb67d5c-35ba-4f4b-ba77-131041920502: shutdown beb67d5c-35ba-4f4b-ba77-131041920502@group-67BF4967DAB7-LeaderStateImpl
2022-01-18 14:50:16,205 [ForkJoinPool.commonPool-worker-0] INFO  impl.PendingRequests (PendingRequests.java:sendNotLeaderResponses(282)) - beb67d5c-35ba-4f4b-ba77-131041920502@group-67BF4967DAB7-PendingRequests: sendNotLeaderResponses
2022-01-18 14:50:16,205 [ForkJoinPool.commonPool-worker-0] INFO  impl.StateMachineUpdater (StateMachineUpdater.java:stopAndJoin(149)) - beb67d5c-35ba-4f4b-ba77-131041920502@group-67BF4967DAB7-StateMachineUpdater: set stopIndex = 0
2022-01-18 14:50:16,206 [beb67d5c-35ba-4f4b-ba77-131041920502@group-67BF4967DAB7-StateMachineUpdater] INFO  ratis.ContainerStateMachine (ContainerStateMachine.java:takeSnapshot(299)) - group-67BF4967DAB7: Taking a snapshot at:(t:1, i:0) file /home/runner/work/ozone/ozone/hadoop-ozone/integration-test/target/test-dir/MiniOzoneClusterImpl-0ccfa9de-752d-4e8f-9bbd-0e124a2d3e08/datanode-2/data/ratis/17529bbf-9c81-4d5a-8fba-67bf4967dab7/sm/snapshot.1_0
2022-01-18 14:50:16,207 [beb67d5c-35ba-4f4b-ba77-131041920502@group-67BF4967DAB7-StateMachineUpdater] INFO  ratis.ContainerStateMachine (ContainerStateMachine.java:takeSnapshot(310)) - group-67BF4967DAB7: Finished taking a snapshot at:(t:1, i:0) file:/home/runner/work/ozone/ozone/hadoop-ozone/integration-test/target/test-dir/MiniOzoneClusterImpl-0ccfa9de-752d-4e8f-9bbd-0e124a2d3e08/datanode-2/data/ratis/17529bbf-9c81-4d5a-8fba-67bf4967dab7/sm/snapshot.1_0 took: 2 ms
2022-01-18 14:50:16,207 [beb67d5c-35ba-4f4b-ba77-131041920502@group-67BF4967DAB7-StateMachineUpdater] INFO  impl.StateMachineUpdater (StateMachineUpdater.java:takeSnapshot(281)) - beb67d5c-35ba-4f4b-ba77-131041920502@group-67BF4967DAB7-StateMachineUpdater: Took a snapshot at index 0
2022-01-18 14:50:16,208 [beb67d5c-35ba-4f4b-ba77-131041920502@group-67BF4967DAB7-StateMachineUpdater] INFO  impl.StateMachineUpdater (StateMachineUpdater.java:lambda$new$0(89)) - beb67d5c-35ba-4f4b-ba77-131041920502@group-67BF4967DAB7-StateMachineUpdater: snapshotIndex: updateIncreasingly -1 -> 0
2022-01-18 14:50:16,211 [ForkJoinPool.commonPool-worker-0] INFO  server.RaftServer$Division (ServerState.java:close(419)) - beb67d5c-35ba-4f4b-ba77-131041920502@group-67BF4967DAB7: closes. applyIndex: 0
2022-01-18 14:50:16,211 [beb67d5c-35ba-4f4b-ba77-131041920502@group-67BF4967DAB7-SegmentedRaftLogWorker] INFO  segmented.SegmentedRaftLogWorker (SegmentedRaftLogWorker.java:run(327)) - beb67d5c-35ba-4f4b-ba77-131041920502@group-67BF4967DAB7-SegmentedRaftLogWorker was interrupted, exiting. There are 0 tasks remaining in the queue.
2022-01-18 14:50:16,212 [ForkJoinPool.commonPool-worker-0] INFO  segmented.SegmentedRaftLogWorker (SegmentedRaftLogWorker.java:close(237)) - beb67d5c-35ba-4f4b-ba77-131041920502@group-67BF4967DAB7-SegmentedRaftLogWorker close()
2022-01-18 14:50:16,213 [ForkJoinPool.commonPool-worker-0] INFO  server.RaftServer$Division (RaftServerImpl.java:lambda$close$4(412)) - beb67d5c-35ba-4f4b-ba77-131041920502@group-C90ECADE688A: shutdown
2022-01-18 14:50:16,213 [ForkJoinPool.commonPool-worker-0] INFO  util.JmxRegister (JmxRegister.java:unregister(73)) - Successfully un-registered JMX Bean with object name Ratis:service=RaftServer,group=group-C90ECADE688A,id=beb67d5c-35ba-4f4b-ba77-131041920502
2022-01-18 14:50:16,213 [ForkJoinPool.commonPool-worker-0] INFO  impl.RoleInfo (RoleInfo.java:shutdownFollowerState(108)) - beb67d5c-35ba-4f4b-ba77-131041920502: shutdown beb67d5c-35ba-4f4b-ba77-131041920502@group-C90ECADE688A-FollowerState
2022-01-18 14:50:16,213 [beb67d5c-35ba-4f4b-ba77-131041920502@group-C90ECADE688A-FollowerState] INFO  impl.FollowerState (FollowerState.java:run(143)) - beb67d5c-35ba-4f4b-ba77-131041920502@group-C90ECADE688A-FollowerState was interrupted: {}
java.lang.InterruptedException: sleep interrupted
	at java.lang.Thread.sleep(Native Method)
	at java.lang.Thread.sleep(Thread.java:340)
	at java.util.concurrent.TimeUnit.sleep(TimeUnit.java:386)
	at org.apache.ratis.util.TimeDuration.sleep(TimeDuration.java:324)
	at org.apache.ratis.util.TimeDuration.sleep(TimeDuration.java:309)
	at org.apache.ratis.server.impl.FollowerState.run(FollowerState.java:118)
2022-01-18 14:50:16,213 [beb67d5c-35ba-4f4b-ba77-131041920502@group-C90ECADE688A-StateMachineUpdater] INFO  ratis.ContainerStateMachine (ContainerStateMachine.java:takeSnapshot(299)) - group-C90ECADE688A: Taking a snapshot at:(t:9, i:0) file /home/runner/work/ozone/ozone/hadoop-ozone/integration-test/target/test-dir/MiniOzoneClusterImpl-0ccfa9de-752d-4e8f-9bbd-0e124a2d3e08/datanode-2/data/ratis/872b7417-f6ae-4e77-b9b9-c90ecade688a/sm/snapshot.9_0
2022-01-18 14:50:16,214 [ForkJoinPool.commonPool-worker-0] INFO  impl.StateMachineUpdater (StateMachineUpdater.java:stopAndJoin(149)) - beb67d5c-35ba-4f4b-ba77-131041920502@group-C90ECADE688A-StateMachineUpdater: set stopIndex = 0
2022-01-18 14:50:16,214 [beb67d5c-35ba-4f4b-ba77-131041920502@group-C90ECADE688A-StateMachineUpdater] INFO  ratis.ContainerStateMachine (ContainerStateMachine.java:takeSnapshot(310)) - group-C90ECADE688A: Finished taking a snapshot at:(t:9, i:0) file:/home/runner/work/ozone/ozone/hadoop-ozone/integration-test/target/test-dir/MiniOzoneClusterImpl-0ccfa9de-752d-4e8f-9bbd-0e124a2d3e08/datanode-2/data/ratis/872b7417-f6ae-4e77-b9b9-c90ecade688a/sm/snapshot.9_0 took: 1 ms
2022-01-18 14:50:16,214 [beb67d5c-35ba-4f4b-ba77-131041920502@group-C90ECADE688A-StateMachineUpdater] INFO  impl.StateMachineUpdater (StateMachineUpdater.java:takeSnapshot(281)) - beb67d5c-35ba-4f4b-ba77-131041920502@group-C90ECADE688A-StateMachineUpdater: Took a snapshot at index 0
2022-01-18 14:50:16,214 [beb67d5c-35ba-4f4b-ba77-131041920502@group-C90ECADE688A-StateMachineUpdater] INFO  impl.StateMachineUpdater (StateMachineUpdater.java:lambda$new$0(89)) - beb67d5c-35ba-4f4b-ba77-131041920502@group-C90ECADE688A-StateMachineUpdater: snapshotIndex: updateIncreasingly -1 -> 0
2022-01-18 14:50:16,215 [ForkJoinPool.commonPool-worker-0] INFO  server.RaftServer$Division (ServerState.java:close(419)) - beb67d5c-35ba-4f4b-ba77-131041920502@group-C90ECADE688A: closes. applyIndex: 0
2022-01-18 14:50:16,215 [beb67d5c-35ba-4f4b-ba77-131041920502@group-C90ECADE688A-SegmentedRaftLogWorker] INFO  segmented.SegmentedRaftLogWorker (SegmentedRaftLogWorker.java:run(327)) - beb67d5c-35ba-4f4b-ba77-131041920502@group-C90ECADE688A-SegmentedRaftLogWorker was interrupted, exiting. There are 0 tasks remaining in the queue.
2022-01-18 14:50:16,233 [ForkJoinPool.commonPool-worker-0] INFO  segmented.SegmentedRaftLogWorker (SegmentedRaftLogWorker.java:close(237)) - beb67d5c-35ba-4f4b-ba77-131041920502@group-C90ECADE688A-SegmentedRaftLogWorker close()
2022-01-18 14:50:16,234 [ForkJoinPool.commonPool-worker-0] INFO  server.GrpcService (GrpcService.java:closeImpl(262)) - beb67d5c-35ba-4f4b-ba77-131041920502: shutdown server with port 36345 now
2022-01-18 14:50:16,244 [ForkJoinPool.commonPool-worker-0] INFO  server.GrpcService (GrpcService.java:closeImpl(271)) - beb67d5c-35ba-4f4b-ba77-131041920502: shutdown server with port 36345 successfully
2022-01-18 14:50:16,244 [org.apache.ratis.util.JvmPauseMonitor$$Lambda$431/617926966@30979566] INFO  util.JvmPauseMonitor (JvmPauseMonitor.java:run(109)) - JvmPauseMonitor-beb67d5c-35ba-4f4b-ba77-131041920502: Stopped
2022-01-18 14:50:16,640 [EndpointStateMachine task thread for /0.0.0.0:36881 - 0 ] INFO  ipc.Client (Client.java:handleConnectionFailure(977)) - Retrying connect to server: 0.0.0.0/0.0.0.0:36881. Already tried 14 time(s); retry policy is RetryUpToMaximumCountWithFixedSleep(maxRetries=15, sleepTime=1000 MILLISECONDS)
2022-01-18 14:50:17,641 [EndpointStateMachine task thread for /0.0.0.0:36881 - 0 ] INFO  ipc.Client (Client.java:handleConnectionFailure(977)) - Retrying connect to server: 0.0.0.0/0.0.0.0:36881. Already tried 0 time(s); retry policy is RetryUpToMaximumCountWithFixedSleep(maxRetries=15, sleepTime=1000 MILLISECONDS)
2022-01-18 14:50:18,262 [ForkJoinPool.commonPool-worker-0] INFO  utils.BackgroundService (BackgroundService.java:shutdown(132)) - Shutting down service BlockDeletingService
2022-01-18 14:50:18,643 [EndpointStateMachine task thread for /0.0.0.0:36881 - 0 ] INFO  ipc.Client (Client.java:handleConnectionFailure(977)) - Retrying connect to server: 0.0.0.0/0.0.0.0:36881. Already tried 1 time(s); retry policy is RetryUpToMaximumCountWithFixedSleep(maxRetries=15, sleepTime=1000 MILLISECONDS)
2022-01-18 14:50:19,644 [EndpointStateMachine task thread for /0.0.0.0:36881 - 0 ] INFO  ipc.Client (Client.java:handleConnectionFailure(977)) - Retrying connect to server: 0.0.0.0/0.0.0.0:36881. Already tried 2 time(s); retry policy is RetryUpToMaximumCountWithFixedSleep(maxRetries=15, sleepTime=1000 MILLISECONDS)
2022-01-18 14:50:20,645 [EndpointStateMachine task thread for /0.0.0.0:36881 - 0 ] INFO  ipc.Client (Client.java:handleConnectionFailure(977)) - Retrying connect to server: 0.0.0.0/0.0.0.0:36881. Already tried 3 time(s); retry policy is RetryUpToMaximumCountWithFixedSleep(maxRetries=15, sleepTime=1000 MILLISECONDS)
2022-01-18 14:50:21,264 [ForkJoinPool.commonPool-worker-0] INFO  statemachine.DatanodeStateMachine (DatanodeStateMachine.java:stopDaemon(529)) - Ozone container server stopped.
2022-01-18 14:50:21,266 [ForkJoinPool.commonPool-worker-0] INFO  handler.ContextHandler (ContextHandler.java:doStop(1153)) - Stopped o.e.j.w.WebAppContext@27d9d9d7{hddsDatanode,/,null,STOPPED}{jar:file:/home/runner/.m2/repository/org/apache/ozone/hdds-container-service/1.3.0-SNAPSHOT/hdds-container-service-1.3.0-SNAPSHOT.jar!/webapps/hddsDatanode}
2022-01-18 14:50:21,268 [ForkJoinPool.commonPool-worker-0] INFO  server.AbstractConnector (AbstractConnector.java:doStop(381)) - Stopped ServerConnector@6bf17cd5{HTTP/1.1, (http/1.1)}{0.0.0.0:0}
2022-01-18 14:50:21,268 [ForkJoinPool.commonPool-worker-0] INFO  server.session (HouseKeeper.java:stopScavenging(149)) - node0 Stopped scavenging
2022-01-18 14:50:21,268 [ForkJoinPool.commonPool-worker-0] INFO  handler.ContextHandler (ContextHandler.java:doStop(1153)) - Stopped o.e.j.s.ServletContextHandler@8dac885{static,/static,jar:file:/home/runner/.m2/repository/org/apache/ozone/hdds-container-service/1.3.0-SNAPSHOT/hdds-container-service-1.3.0-SNAPSHOT.jar!/webapps/static,STOPPED}
2022-01-18 14:50:21,269 [ForkJoinPool.commonPool-worker-0] INFO  handler.ContextHandler (ContextHandler.java:doStop(1153)) - Stopped o.e.j.s.ServletContextHandler@326bbbd2{logs,/logs,file:///home/runner/work/ozone/ozone/hadoop-ozone/integration-test/target/log,STOPPED}
2022-01-18 14:50:21,281 [Time-limited test] INFO  ozone.MiniOzoneClusterImpl (MiniOzoneClusterImpl.java:stopSCM(526)) - Stopping the StorageContainerManager
2022-01-18 14:50:21,281 [Time-limited test] INFO  server.StorageContainerManager (StorageContainerManager.java:stop(1390)) - Stopping Container Balancer service.
2022-01-18 14:50:21,281 [Time-limited test] INFO  balancer.ContainerBalancer (ContainerBalancer.java:stop(751)) - Container Balancer is not running.
2022-01-18 14:50:21,281 [Time-limited test] INFO  server.StorageContainerManager (StorageContainerManager.java:stop(1397)) - Stopping Replication Manager Service.
2022-01-18 14:50:21,281 [Time-limited test] INFO  container.ReplicationManager (ReplicationManager.java:stop(364)) - Replication Monitor Thread is not running.
2022-01-18 14:50:21,281 [Time-limited test] INFO  server.StorageContainerManager (StorageContainerManager.java:stop(1404)) - Stopping the Datanode Admin Monitor.
2022-01-18 14:50:21,281 [Time-limited test] INFO  server.StorageContainerManager (StorageContainerManager.java:stop(1411)) - Stopping Lease Manager of the command watchers
2022-01-18 14:50:21,282 [Time-limited test] ERROR server.StorageContainerManager (StorageContainerManager.java:stop(1414)) - Lease Manager of the command watchers stop failed
2022-01-18 14:50:21,282 [Time-limited test] INFO  server.StorageContainerManager (StorageContainerManager.java:stop(1418)) - Stopping datanode service RPC server
2022-01-18 14:50:21,282 [Time-limited test] INFO  server.SCMDatanodeProtocolServer (SCMDatanodeProtocolServer.java:stop(390)) - Stopping the RPC server for DataNodes
2022-01-18 14:50:21,282 [Time-limited test] INFO  ipc.Server (Server.java:stop(3414)) - Stopping server on 36881
2022-01-18 14:50:21,282 [Time-limited test] INFO  server.StorageContainerManager (StorageContainerManager.java:stop(1426)) - Stopping block service RPC server
2022-01-18 14:50:21,282 [Time-limited test] INFO  server.SCMBlockProtocolServer (SCMBlockProtocolServer.java:stop(160)) - Stopping the RPC server for Block Protocol
2022-01-18 14:50:21,282 [Time-limited test] INFO  ipc.Server (Server.java:stop(3414)) - Stopping server on 46797
2022-01-18 14:50:21,282 [Time-limited test] INFO  server.StorageContainerManager (StorageContainerManager.java:stop(1433)) - Stopping the StorageContainerLocationProtocol RPC server
2022-01-18 14:50:21,282 [Time-limited test] INFO  server.SCMClientProtocolServer (SCMClientProtocolServer.java:stop(173)) - Stopping the RPC server for Client Protocol
2022-01-18 14:50:21,282 [Time-limited test] INFO  ipc.Server (Server.java:stop(3414)) - Stopping server on 37565
2022-01-18 14:50:21,282 [Time-limited test] INFO  server.StorageContainerManager (StorageContainerManager.java:stop(1440)) - Stopping Storage Container Manager HTTP server.
2022-01-18 14:50:21,285 [Time-limited test] INFO  server.StorageContainerManager (StorageContainerManager.java:stop(1451)) - Stopping Block Manager Service.
2022-01-18 14:50:21,285 [Time-limited test] INFO  utils.BackgroundService (BackgroundService.java:shutdown(132)) - Shutting down service SCMBlockDeletingService
2022-01-18 14:50:21,285 [Time-limited test] INFO  utils.BackgroundService (BackgroundService.java:shutdown(132)) - Shutting down service SCMBlockDeletingService
2022-01-18 14:50:21,285 [Time-limited test] INFO  server.StorageContainerManager (StorageContainerManager.java:stop(1478)) - Stopping SCM Event Queue.
2022-01-18 14:50:21,285 [Time-limited test] INFO  server.StorageContainerManager (StorageContainerManager.java:stop(1489)) - Stopping SCM HA services.
2022-01-18 14:50:21,285 [Time-limited test] INFO  ha.SCMRatisServerImpl (SCMRatisServerImpl.java:stop(236)) - stopping ratis server 0.0.0.0:9894
2022-01-18 14:50:21,286 [Time-limited test] WARN  pipeline.BackgroundPipelineCreator (BackgroundPipelineCreator.java:stop(154)) - RatisPipelineUtilsThread is not running, just ignore.
2022-01-18 14:50:21,286 [Time-limited test] INFO  server.StorageContainerManager (StorageContainerManager.java:stop(1499)) - Stopping SCM MetadataStore.
2022-01-18 14:50:21,286 [Time-limited test] INFO  impl.MetricsSystemImpl (MetricsSystemImpl.java:stop(205)) - HddsDatanode metrics system stopped (again)
]]></system-out>
  </testcase>
  <testcase name="testDatanodeIDPersistent" classname="org.apache.hadoop.ozone.TestMiniOzoneCluster" time="0.173"/>
  <testcase name="testContainerRandomPort" classname="org.apache.hadoop.ozone.TestMiniOzoneCluster" time="25.878"/>
</testsuite>