<?xml version="1.0" encoding="UTF-8"?>
<testsuite xmlns:xsi="http://www.w3.org/2001/XMLSchema-instance" xsi:noNamespaceSchemaLocation="https://maven.apache.org/surefire/maven-surefire-plugin/xsd/surefire-test-report.xsd" name="org.apache.hadoop.ozone.client.rpc.TestContainerStateMachineFailures" time="94.794" tests="5" errors="0" skipped="0" failures="1">
  <properties>
    <property name="awt.toolkit" value="sun.awt.X11.XToolkit"/>
    <property name="file.encoding.pkg" value="sun.io"/>
    <property name="java.specification.version" value="1.8"/>
    <property name="sun.cpu.isalist" value=""/>
    <property name="sun.jnu.encoding" value="UTF-8"/>
    <property name="java.class.path" value="/home/runner/work/ozone/ozone/hadoop-ozone/integration-test/target/test-classes:/home/runner/work/ozone/ozone/hadoop-ozone/integration-test/target/classes:/home/runner/.m2/repository/org/apache/ozone/ozone-common/1.2.0-SNAPSHOT/ozone-common-1.2.0-SNAPSHOT.jar:/home/runner/.m2/repository/org/apache/commons/commons-compress/1.20/commons-compress-1.20.jar:/home/runner/.m2/repository/org/apache/ozone/hdds-common/1.2.0-SNAPSHOT/hdds-common-1.2.0-SNAPSHOT.jar:/home/runner/.m2/repository/org/apache/ozone/hdds-client/1.2.0-SNAPSHOT/hdds-client-1.2.0-SNAPSHOT.jar:/home/runner/.m2/repository/org/apache/ozone/ozone-interface-client/1.2.0-SNAPSHOT/ozone-interface-client-1.2.0-SNAPSHOT.jar:/home/runner/.m2/repository/org/apache/ozone/hdds-server-framework/1.2.0-SNAPSHOT/hdds-server-framework-1.2.0-SNAPSHOT.jar:/home/runner/.m2/repository/org/apache/ozone/hdds-interface-server/1.2.0-SNAPSHOT/hdds-interface-server-1.2.0-SNAPSHOT.jar:/home/runner/.m2/repository/org/eclipse/jetty/jetty-servlet/9.4.43.v20210629/jetty-servlet-9.4.43.v20210629.jar:/home/runner/.m2/repository/org/eclipse/jetty/jetty-security/9.4.43.v20210629/jetty-security-9.4.43.v20210629.jar:/home/runner/.m2/repository/org/rocksdb/rocksdbjni/6.20.3/rocksdbjni-6.20.3.jar:/home/runner/.m2/repository/io/prometheus/simpleclient_dropwizard/0.7.0/simpleclient_dropwizard-0.7.0.jar:/home/runner/.m2/repository/io/prometheus/simpleclient/0.7.0/simpleclient-0.7.0.jar:/home/runner/.m2/repository/io/prometheus/simpleclient_common/0.7.0/simpleclient_common-0.7.0.jar:/home/runner/.m2/repository/com/fasterxml/jackson/datatype/jackson-datatype-jsr310/2.12.1/jackson-datatype-jsr310-2.12.1.jar:/home/runner/.m2/repository/org/apache/ozone/hdds-test-utils/1.2.0-SNAPSHOT/hdds-test-utils-1.2.0-SNAPSHOT.jar:/home/runner/.m2/repository/com/google/guava/guava/30.1.1-jre/guava-30.1.1-jre.jar:/home/runner/.m2/repository/com/google/guava/failureaccess/1.0.1/failureaccess-1.0.1.jar:/home/runner/.m2/repository/com/google/guava/listenablefuture/9999.0-empty-to-avoid-conflict-with-guava/listenablefuture-9999.0-empty-to-avoid-conflict-with-guava.jar:/home/runner/.m2/repository/com/google/code/findbugs/jsr305/3.0.0/jsr305-3.0.0.jar:/home/runner/.m2/repository/org/checkerframework/checker-qual/3.8.0/checker-qual-3.8.0.jar:/home/runner/.m2/repository/com/google/errorprone/error_prone_annotations/2.2.0/error_prone_annotations-2.2.0.jar:/home/runner/.m2/repository/com/google/j2objc/j2objc-annotations/1.3/j2objc-annotations-1.3.jar:/home/runner/.m2/repository/commons-io/commons-io/2.8.0/commons-io-2.8.0.jar:/home/runner/.m2/repository/commons-logging/commons-logging/1.2/commons-logging-1.2.jar:/home/runner/.m2/repository/log4j/log4j/1.2.17/log4j-1.2.17.jar:/home/runner/.m2/repository/org/slf4j/slf4j-api/1.7.30/slf4j-api-1.7.30.jar:/home/runner/.m2/repository/org/apache/ozone/hdds-server-scm/1.2.0-SNAPSHOT/hdds-server-scm-1.2.0-SNAPSHOT.jar:/home/runner/.m2/repository/org/apache/ozone/hdds-container-service/1.2.0-SNAPSHOT/hdds-container-service-1.2.0-SNAPSHOT.jar:/home/runner/.m2/repository/org/apache/ozone/hdds-hadoop-dependency-server/1.2.0-SNAPSHOT/hdds-hadoop-dependency-server-1.2.0-SNAPSHOT.jar:/home/runner/.m2/repository/org/apache/hadoop/hadoop-hdfs/3.3.1/hadoop-hdfs-3.3.1.jar:/home/runner/.m2/repository/io/dropwizard/metrics/metrics-core/3.2.4/metrics-core-3.2.4.jar:/home/runner/.m2/repository/org/apache/hadoop/hadoop-hdfs-client/3.3.1/hadoop-hdfs-client-3.3.1.jar:/home/runner/.m2/repository/org/bouncycastle/bcprov-jdk15on/1.67/bcprov-jdk15on-1.67.jar:/home/runner/.m2/repository/com/google/protobuf/protobuf-java/2.5.0/protobuf-java-2.5.0.jar:/home/runner/.m2/repository/org/apache/ozone/ozone-manager/1.2.0-SNAPSHOT/ozone-manager-1.2.0-SNAPSHOT.jar:/home/runner/.m2/repository/org/aspectj/aspectjrt/1.8.9/aspectjrt-1.8.9.jar:/home/runner/.m2/repository/org/aspectj/aspectjweaver/1.8.9/aspectjweaver-1.8.9.jar:/home/runner/.m2/repository/org/apache/ozone/hdds-interface-client/1.2.0-SNAPSHOT/hdds-interface-client-1.2.0-SNAPSHOT.jar:/home/runner/.m2/repository/org/apache/hadoop/thirdparty/hadoop-shaded-protobuf_3_7/1.1.1/hadoop-shaded-protobuf_3_7-1.1.1.jar:/home/runner/.m2/repository/org/apache/ratis/ratis-thirdparty-misc/0.7.0/ratis-thirdparty-misc-0.7.0.jar:/home/runner/.m2/repository/org/apache/ozone/ozone-interface-storage/1.2.0-SNAPSHOT/ozone-interface-storage-1.2.0-SNAPSHOT.jar:/home/runner/.m2/repository/org/reflections/reflections/0.9.11/reflections-0.9.11.jar:/home/runner/.m2/repository/org/apache/hadoop/hadoop-minikdc/3.3.1/hadoop-minikdc-3.3.1.jar:/home/runner/.m2/repository/org/apache/kerby/kerb-simplekdc/1.0.1/kerb-simplekdc-1.0.1.jar:/home/runner/.m2/repository/org/apache/kerby/kerb-client/1.0.1/kerb-client-1.0.1.jar:/home/runner/.m2/repository/org/apache/kerby/kerby-config/1.0.1/kerby-config-1.0.1.jar:/home/runner/.m2/repository/org/apache/kerby/kerb-common/1.0.1/kerb-common-1.0.1.jar:/home/runner/.m2/repository/org/apache/kerby/kerb-crypto/1.0.1/kerb-crypto-1.0.1.jar:/home/runner/.m2/repository/org/apache/kerby/kerb-util/1.0.1/kerb-util-1.0.1.jar:/home/runner/.m2/repository/org/apache/kerby/token-provider/1.0.1/token-provider-1.0.1.jar:/home/runner/.m2/repository/org/apache/kerby/kerb-admin/1.0.1/kerb-admin-1.0.1.jar:/home/runner/.m2/repository/org/apache/kerby/kerb-server/1.0.1/kerb-server-1.0.1.jar:/home/runner/.m2/repository/org/apache/kerby/kerb-identity/1.0.1/kerb-identity-1.0.1.jar:/home/runner/.m2/repository/org/apache/kerby/kerby-xdr/1.0.1/kerby-xdr-1.0.1.jar:/home/runner/.m2/repository/org/slf4j/slf4j-log4j12/1.7.30/slf4j-log4j12-1.7.30.jar:/home/runner/.m2/repository/org/apache/ozone/ozone-s3gateway/1.2.0-SNAPSHOT/ozone-s3gateway-1.2.0-SNAPSHOT.jar:/home/runner/.m2/repository/org/javassist/javassist/3.21.0-GA/javassist-3.21.0-GA.jar:/home/runner/.m2/repository/org/jboss/weld/servlet/weld-servlet/2.4.7.Final/weld-servlet-2.4.7.Final.jar:/home/runner/.m2/repository/org/glassfish/jersey/containers/jersey-container-servlet-core/2.33/jersey-container-servlet-core-2.33.jar:/home/runner/.m2/repository/org/glassfish/hk2/external/jakarta.inject/2.6.1/jakarta.inject-2.6.1.jar:/home/runner/.m2/repository/org/glassfish/jersey/core/jersey-common/2.33/jersey-common-2.33.jar:/home/runner/.m2/repository/jakarta/ws/rs/jakarta.ws.rs-api/2.1.6/jakarta.ws.rs-api-2.1.6.jar:/home/runner/.m2/repository/org/glassfish/jersey/ext/cdi/jersey-cdi1x/2.33/jersey-cdi1x-2.33.jar:/home/runner/.m2/repository/org/glassfish/jersey/inject/jersey-hk2/2.33/jersey-hk2-2.33.jar:/home/runner/.m2/repository/org/glassfish/hk2/hk2-locator/2.6.1/hk2-locator-2.6.1.jar:/home/runner/.m2/repository/org/glassfish/jersey/media/jersey-media-jaxb/2.33/jersey-media-jaxb-2.33.jar:/home/runner/.m2/repository/org/glassfish/hk2/osgi-resource-locator/1.0.3/osgi-resource-locator-1.0.3.jar:/home/runner/.m2/repository/org/glassfish/hk2/hk2-api/2.5.0/hk2-api-2.5.0.jar:/home/runner/.m2/repository/org/glassfish/hk2/hk2-utils/2.5.0/hk2-utils-2.5.0.jar:/home/runner/.m2/repository/org/glassfish/hk2/external/aopalliance-repackaged/2.5.0/aopalliance-repackaged-2.5.0.jar:/home/runner/.m2/repository/com/fasterxml/jackson/dataformat/jackson-dataformat-xml/2.12.1/jackson-dataformat-xml-2.12.1.jar:/home/runner/.m2/repository/com/fasterxml/jackson/core/jackson-core/2.12.1/jackson-core-2.12.1.jar:/home/runner/.m2/repository/com/fasterxml/jackson/module/jackson-module-jaxb-annotations/2.12.1/jackson-module-jaxb-annotations-2.12.1.jar:/home/runner/.m2/repository/jakarta/xml/bind/jakarta.xml.bind-api/2.3.2/jakarta.xml.bind-api-2.3.2.jar:/home/runner/.m2/repository/org/codehaus/woodstox/stax2-api/3.1.4/stax2-api-3.1.4.jar:/home/runner/.m2/repository/com/fasterxml/woodstox/woodstox-core/5.0.3/woodstox-core-5.0.3.jar:/home/runner/.m2/repository/javax/enterprise/cdi-api/1.2/cdi-api-1.2.jar:/home/runner/.m2/repository/javax/el/javax.el-api/3.0.0/javax.el-api-3.0.0.jar:/home/runner/.m2/repository/javax/interceptor/javax.interceptor-api/1.2/javax.interceptor-api-1.2.jar:/home/runner/.m2/repository/javax/inject/javax.inject/1/javax.inject-1.jar:/home/runner/.m2/repository/javax/xml/bind/jaxb-api/2.3.0/jaxb-api-2.3.0.jar:/home/runner/.m2/repository/org/glassfish/jaxb/jaxb-runtime/2.3.0.1/jaxb-runtime-2.3.0.1.jar:/home/runner/.m2/repository/org/glassfish/jaxb/jaxb-core/2.3.0.1/jaxb-core-2.3.0.1.jar:/home/runner/.m2/repository/org/glassfish/jaxb/txw2/2.3.0.1/txw2-2.3.0.1.jar:/home/runner/.m2/repository/com/sun/istack/istack-commons-runtime/3.0.5/istack-commons-runtime-3.0.5.jar:/home/runner/.m2/repository/org/jvnet/staxex/stax-ex/1.7.8/stax-ex-1.7.8.jar:/home/runner/.m2/repository/com/sun/xml/fastinfoset/FastInfoset/1.2.13/FastInfoset-1.2.13.jar:/home/runner/.m2/repository/javax/activation/activation/1.1.1/activation-1.1.1.jar:/home/runner/.m2/repository/org/apache/ozone/ozone-csi/1.2.0-SNAPSHOT/ozone-csi-1.2.0-SNAPSHOT.jar:/home/runner/.m2/repository/com/google/protobuf/protobuf-java-util/3.12.0/protobuf-java-util-3.12.0.jar:/home/runner/.m2/repository/com/google/code/gson/gson/2.2.4/gson-2.2.4.jar:/home/runner/.m2/repository/org/apache/ozone/hdds-config/1.2.0-SNAPSHOT/hdds-config-1.2.0-SNAPSHOT.jar:/home/runner/.m2/repository/io/grpc/grpc-netty/1.33.0/grpc-netty-1.33.0.jar:/home/runner/.m2/repository/io/grpc/grpc-core/1.33.0/grpc-core-1.33.0.jar:/home/runner/.m2/repository/com/google/android/annotations/4.1.1.4/annotations-4.1.1.4.jar:/home/runner/.m2/repository/io/netty/netty-codec-http2/4.1.63.Final/netty-codec-http2-4.1.63.Final.jar:/home/runner/.m2/repository/io/netty/netty-codec-http/4.1.63.Final/netty-codec-http-4.1.63.Final.jar:/home/runner/.m2/repository/io/netty/netty-handler-proxy/4.1.63.Final/netty-handler-proxy-4.1.63.Final.jar:/home/runner/.m2/repository/io/netty/netty-codec-socks/4.1.63.Final/netty-codec-socks-4.1.63.Final.jar:/home/runner/.m2/repository/io/perfmark/perfmark-api/0.19.0/perfmark-api-0.19.0.jar:/home/runner/.m2/repository/org/codehaus/mojo/animal-sniffer-annotations/1.18/animal-sniffer-annotations-1.18.jar:/home/runner/.m2/repository/io/netty/netty-transport-native-epoll/4.1.63.Final/netty-transport-native-epoll-4.1.63.Final.jar:/home/runner/.m2/repository/io/netty/netty-common/4.1.63.Final/netty-common-4.1.63.Final.jar:/home/runner/.m2/repository/io/netty/netty-buffer/4.1.63.Final/netty-buffer-4.1.63.Final.jar:/home/runner/.m2/repository/io/netty/netty-transport-native-unix-common/4.1.63.Final/netty-transport-native-unix-common-4.1.63.Final.jar:/home/runner/.m2/repository/io/grpc/grpc-protobuf/1.33.0/grpc-protobuf-1.33.0.jar:/home/runner/.m2/repository/io/grpc/grpc-api/1.33.0/grpc-api-1.33.0.jar:/home/runner/.m2/repository/io/grpc/grpc-context/1.33.0/grpc-context-1.33.0.jar:/home/runner/.m2/repository/com/google/api/grpc/proto-google-common-protos/1.17.0/proto-google-common-protos-1.17.0.jar:/home/runner/.m2/repository/io/grpc/grpc-protobuf-lite/1.33.0/grpc-protobuf-lite-1.33.0.jar:/home/runner/.m2/repository/io/grpc/grpc-stub/1.33.0/grpc-stub-1.33.0.jar:/home/runner/.m2/repository/org/apache/ozone/ozone-recon/1.2.0-SNAPSHOT/ozone-recon-1.2.0-SNAPSHOT.jar:/home/runner/.m2/repository/org/apache/ozone/ozone-reconcodegen/1.2.0-SNAPSHOT/ozone-reconcodegen-1.2.0-SNAPSHOT.jar:/home/runner/.m2/repository/com/google/inject/extensions/guice-multibindings/4.0/guice-multibindings-4.0.jar:/home/runner/.m2/repository/com/google/inject/guice/4.0/guice-4.0.jar:/home/runner/.m2/repository/aopalliance/aopalliance/1.0/aopalliance-1.0.jar:/home/runner/.m2/repository/com/google/inject/extensions/guice-assistedinject/4.0/guice-assistedinject-4.0.jar:/home/runner/.m2/repository/com/google/inject/extensions/guice-servlet/4.0/guice-servlet-4.0.jar:/home/runner/.m2/repository/org/glassfish/jersey/containers/jersey-container-servlet/2.33/jersey-container-servlet-2.33.jar:/home/runner/.m2/repository/org/glassfish/hk2/guice-bridge/2.5.0/guice-bridge-2.5.0.jar:/home/runner/.m2/repository/org/glassfish/jersey/core/jersey-server/2.33/jersey-server-2.33.jar:/home/runner/.m2/repository/org/glassfish/jersey/core/jersey-client/2.33/jersey-client-2.33.jar:/home/runner/.m2/repository/jakarta/annotation/jakarta.annotation-api/1.3.5/jakarta.annotation-api-1.3.5.jar:/home/runner/.m2/repository/jakarta/validation/jakarta.validation-api/2.0.2/jakarta.validation-api-2.0.2.jar:/home/runner/.m2/repository/org/glassfish/jersey/media/jersey-media-json-jackson/2.33/jersey-media-json-jackson-2.33.jar:/home/runner/.m2/repository/org/glassfish/jersey/ext/jersey-entity-filtering/2.33/jersey-entity-filtering-2.33.jar:/home/runner/.m2/repository/org/jooq/jooq/3.11.10/jooq-3.11.10.jar:/home/runner/.m2/repository/org/jooq/jooq-meta/3.11.10/jooq-meta-3.11.10.jar:/home/runner/.m2/repository/org/jooq/jooq-codegen/3.11.10/jooq-codegen-3.11.10.jar:/home/runner/.m2/repository/com/jolbox/bonecp/0.8.0.RELEASE/bonecp-0.8.0.RELEASE.jar:/home/runner/.m2/repository/org/apache/derby/derby/10.14.2.0/derby-10.14.2.0.jar:/home/runner/.m2/repository/org/xerial/sqlite-jdbc/3.25.2/sqlite-jdbc-3.25.2.jar:/home/runner/.m2/repository/org/springframework/spring-jdbc/5.2.11.RELEASE/spring-jdbc-5.2.11.RELEASE.jar:/home/runner/.m2/repository/org/springframework/spring-beans/5.2.11.RELEASE/spring-beans-5.2.11.RELEASE.jar:/home/runner/.m2/repository/org/springframework/spring-core/5.2.11.RELEASE/spring-core-5.2.11.RELEASE.jar:/home/runner/.m2/repository/org/springframework/spring-jcl/5.2.11.RELEASE/spring-jcl-5.2.11.RELEASE.jar:/home/runner/.m2/repository/org/springframework/spring-tx/5.2.11.RELEASE/spring-tx-5.2.11.RELEASE.jar:/home/runner/.m2/repository/org/apache/ozone/ozone-client/1.2.0-SNAPSHOT/ozone-client-1.2.0-SNAPSHOT.jar:/home/runner/.m2/repository/org/apache/ozone/ozone-filesystem/1.2.0-SNAPSHOT/ozone-filesystem-1.2.0-SNAPSHOT.jar:/home/runner/.m2/repository/org/apache/ozone/ozone-filesystem-common/1.2.0-SNAPSHOT/ozone-filesystem-common-1.2.0-SNAPSHOT.jar:/home/runner/.m2/repository/org/apache/ozone/ozone-tools/1.2.0-SNAPSHOT/ozone-tools-1.2.0-SNAPSHOT.jar:/home/runner/.m2/repository/org/apache/ratis/ratis-tools/2.1.0-03f3b68-SNAPSHOT/ratis-tools-2.1.0-03f3b68-SNAPSHOT.jar:/home/runner/.m2/repository/org/apache/ratis/ratis-proto/2.1.0-03f3b68-SNAPSHOT/ratis-proto-2.1.0-03f3b68-SNAPSHOT.jar:/home/runner/.m2/repository/org/apache/ratis/ratis-common/2.1.0-03f3b68-SNAPSHOT/ratis-common-2.1.0-03f3b68-SNAPSHOT.jar:/home/runner/.m2/repository/com/amazonaws/aws-java-sdk-core/1.11.901/aws-java-sdk-core-1.11.901.jar:/home/runner/.m2/repository/org/apache/httpcomponents/httpclient/4.5.13/httpclient-4.5.13.jar:/home/runner/.m2/repository/org/apache/httpcomponents/httpcore/4.4.13/httpcore-4.4.13.jar:/home/runner/.m2/repository/software/amazon/ion/ion-java/1.0.2/ion-java-1.0.2.jar:/home/runner/.m2/repository/com/fasterxml/jackson/dataformat/jackson-dataformat-cbor/2.12.1/jackson-dataformat-cbor-2.12.1.jar:/home/runner/.m2/repository/joda-time/joda-time/2.8.1/joda-time-2.8.1.jar:/home/runner/.m2/repository/com/amazonaws/aws-java-sdk-s3/1.11.901/aws-java-sdk-s3-1.11.901.jar:/home/runner/.m2/repository/com/amazonaws/aws-java-sdk-kms/1.11.901/aws-java-sdk-kms-1.11.901.jar:/home/runner/.m2/repository/com/amazonaws/jmespath-java/1.11.901/jmespath-java-1.11.901.jar:/home/runner/.m2/repository/org/kohsuke/metainf-services/metainf-services/1.8/metainf-services-1.8.jar:/home/runner/.m2/repository/org/apache/ozone/hdds-tools/1.2.0-SNAPSHOT/hdds-tools-1.2.0-SNAPSHOT.jar:/home/runner/.m2/repository/commons-cli/commons-cli/1.2/commons-cli-1.2.jar:/home/runner/.m2/repository/org/apache/commons/commons-lang3/3.7/commons-lang3-3.7.jar:/home/runner/.m2/repository/org/apache/ozone/ozone-manager/1.2.0-SNAPSHOT/ozone-manager-1.2.0-SNAPSHOT-tests.jar:/home/runner/.m2/repository/org/apache/ozone/hdds-common/1.2.0-SNAPSHOT/hdds-common-1.2.0-SNAPSHOT-tests.jar:/home/runner/.m2/repository/org/apache/ozone/hdds-hadoop-dependency-client/1.2.0-SNAPSHOT/hdds-hadoop-dependency-client-1.2.0-SNAPSHOT.jar:/home/runner/.m2/repository/info/picocli/picocli/4.4.0/picocli-4.4.0.jar:/home/runner/.m2/repository/com/fasterxml/jackson/core/jackson-annotations/2.12.1/jackson-annotations-2.12.1.jar:/home/runner/.m2/repository/javax/annotation/javax.annotation-api/1.2/javax.annotation-api-1.2.jar:/home/runner/.m2/repository/org/apache/ratis/ratis-server/2.1.0-03f3b68-SNAPSHOT/ratis-server-2.1.0-03f3b68-SNAPSHOT.jar:/home/runner/.m2/repository/org/apache/ratis/ratis-client/2.1.0-03f3b68-SNAPSHOT/ratis-client-2.1.0-03f3b68-SNAPSHOT.jar:/home/runner/.m2/repository/org/apache/ratis/ratis-server-api/2.1.0-03f3b68-SNAPSHOT/ratis-server-api-2.1.0-03f3b68-SNAPSHOT.jar:/home/runner/.m2/repository/org/apache/ratis/ratis-metrics/2.1.0-03f3b68-SNAPSHOT/ratis-metrics-2.1.0-03f3b68-SNAPSHOT.jar:/home/runner/.m2/repository/org/apache/ratis/ratis-netty/2.1.0-03f3b68-SNAPSHOT/ratis-netty-2.1.0-03f3b68-SNAPSHOT.jar:/home/runner/.m2/repository/org/apache/ratis/ratis-grpc/2.1.0-03f3b68-SNAPSHOT/ratis-grpc-2.1.0-03f3b68-SNAPSHOT.jar:/home/runner/.m2/repository/org/apache/logging/log4j/log4j-api/2.13.3/log4j-api-2.13.3.jar:/home/runner/.m2/repository/org/apache/logging/log4j/log4j-core/2.13.3/log4j-core-2.13.3.jar:/home/runner/.m2/repository/com/lmax/disruptor/3.4.2/disruptor-3.4.2.jar:/home/runner/.m2/repository/org/apache/commons/commons-pool2/2.6.0/commons-pool2-2.6.0.jar:/home/runner/.m2/repository/org/bouncycastle/bcpkix-jdk15on/1.67/bcpkix-jdk15on-1.67.jar:/home/runner/.m2/repository/commons-validator/commons-validator/1.6/commons-validator-1.6.jar:/home/runner/.m2/repository/commons-beanutils/commons-beanutils/1.9.4/commons-beanutils-1.9.4.jar:/home/runner/.m2/repository/commons-digester/commons-digester/1.8.1/commons-digester-1.8.1.jar:/home/runner/.m2/repository/commons-collections/commons-collections/3.2.2/commons-collections-3.2.2.jar:/home/runner/.m2/repository/io/jaegertracing/jaeger-client/1.6.0/jaeger-client-1.6.0.jar:/home/runner/.m2/repository/io/jaegertracing/jaeger-thrift/1.6.0/jaeger-thrift-1.6.0.jar:/home/runner/.m2/repository/org/apache/thrift/libthrift/0.14.1/libthrift-0.14.1.jar:/home/runner/.m2/repository/com/squareup/okhttp3/okhttp/4.9.0/okhttp-4.9.0.jar:/home/runner/.m2/repository/com/squareup/okio/okio/2.8.0/okio-2.8.0.jar:/home/runner/.m2/repository/io/jaegertracing/jaeger-core/1.6.0/jaeger-core-1.6.0.jar:/home/runner/.m2/repository/io/jaegertracing/jaeger-tracerresolver/1.6.0/jaeger-tracerresolver-1.6.0.jar:/home/runner/.m2/repository/io/opentracing/contrib/opentracing-tracerresolver/0.1.8/opentracing-tracerresolver-0.1.8.jar:/home/runner/.m2/repository/org/jetbrains/kotlin/kotlin-stdlib/1.4.31/kotlin-stdlib-1.4.31.jar:/home/runner/.m2/repository/org/jetbrains/kotlin/kotlin-stdlib-common/1.4.31/kotlin-stdlib-common-1.4.31.jar:/home/runner/.m2/repository/org/jetbrains/annotations/13.0/annotations-13.0.jar:/home/runner/.m2/repository/io/opentracing/opentracing-util/0.33.0/opentracing-util-0.33.0.jar:/home/runner/.m2/repository/io/opentracing/opentracing-api/0.33.0/opentracing-api-0.33.0.jar:/home/runner/.m2/repository/io/opentracing/opentracing-noop/0.33.0/opentracing-noop-0.33.0.jar:/home/runner/.m2/repository/org/yaml/snakeyaml/1.26/snakeyaml-1.26.jar:/home/runner/.m2/repository/org/apache/ozone/hdds-interface-admin/1.2.0-SNAPSHOT/hdds-interface-admin-1.2.0-SNAPSHOT.jar:/home/runner/.m2/repository/junit/junit/4.13.1/junit-4.13.1.jar:/home/runner/.m2/repository/org/hamcrest/hamcrest-core/1.3/hamcrest-core-1.3.jar:/home/runner/.m2/repository/org/junit/jupiter/junit-jupiter-api/5.7.0/junit-jupiter-api-5.7.0.jar:/home/runner/.m2/repository/org/apiguardian/apiguardian-api/1.1.0/apiguardian-api-1.1.0.jar:/home/runner/.m2/repository/org/opentest4j/opentest4j/1.2.0/opentest4j-1.2.0.jar:/home/runner/.m2/repository/org/junit/platform/junit-platform-commons/1.7.0/junit-platform-commons-1.7.0.jar:/home/runner/.m2/repository/org/junit/jupiter/junit-jupiter-engine/5.7.0/junit-jupiter-engine-5.7.0.jar:/home/runner/.m2/repository/org/junit/platform/junit-platform-engine/1.7.0/junit-platform-engine-1.7.0.jar:/home/runner/.m2/repository/org/junit/vintage/junit-vintage-engine/5.7.0/junit-vintage-engine-5.7.0.jar:/home/runner/.m2/repository/org/junit/platform/junit-platform-launcher/1.7.0/junit-platform-launcher-1.7.0.jar:/home/runner/.m2/repository/org/openjdk/jmh/jmh-core/1.19/jmh-core-1.19.jar:/home/runner/.m2/repository/net/sf/jopt-simple/jopt-simple/4.6/jopt-simple-4.6.jar:/home/runner/.m2/repository/org/apache/commons/commons-math3/3.1.1/commons-math3-3.1.1.jar:/home/runner/.m2/repository/org/openjdk/jmh/jmh-generator-annprocess/1.19/jmh-generator-annprocess-1.19.jar:/home/runner/.m2/repository/org/mockito/mockito-core/2.28.2/mockito-core-2.28.2.jar:/home/runner/.m2/repository/net/bytebuddy/byte-buddy/1.9.10/byte-buddy-1.9.10.jar:/home/runner/.m2/repository/net/bytebuddy/byte-buddy-agent/1.9.10/byte-buddy-agent-1.9.10.jar:/home/runner/.m2/repository/org/objenesis/objenesis/1.0/objenesis-1.0.jar:/home/runner/.m2/repository/org/apache/hadoop/hadoop-kms/3.3.1/hadoop-kms-3.3.1.jar:/home/runner/.m2/repository/org/apache/hadoop/hadoop-auth/3.3.1/hadoop-auth-3.3.1.jar:/home/runner/.m2/repository/com/nimbusds/nimbus-jose-jwt/7.9/nimbus-jose-jwt-7.9.jar:/home/runner/.m2/repository/com/github/stephenc/jcip/jcip-annotations/1.0-1/jcip-annotations-1.0-1.jar:/home/runner/.m2/repository/net/minidev/json-smart/2.3/json-smart-2.3.jar:/home/runner/.m2/repository/net/minidev/accessors-smart/1.2/accessors-smart-1.2.jar:/home/runner/.m2/repository/org/ow2/asm/asm/5.0.4/asm-5.0.4.jar:/home/runner/.m2/repository/org/apache/zookeeper/zookeeper/3.5.6/zookeeper-3.5.6.jar:/home/runner/.m2/repository/org/apache/zookeeper/zookeeper-jute/3.5.6/zookeeper-jute-3.5.6.jar:/home/runner/.m2/repository/org/apache/yetus/audience-annotations/0.5.0/audience-annotations-0.5.0.jar:/home/runner/.m2/repository/org/apache/curator/curator-framework/4.2.0/curator-framework-4.2.0.jar:/home/runner/.m2/repository/org/apache/hadoop/thirdparty/hadoop-shaded-guava/1.1.1/hadoop-shaded-guava-1.1.1.jar:/home/runner/.m2/repository/com/sun/jersey/jersey-core/1.19/jersey-core-1.19.jar:/home/runner/.m2/repository/javax/ws/rs/jsr311-api/1.1.1/jsr311-api-1.1.1.jar:/home/runner/.m2/repository/com/sun/jersey/jersey-server/1.19/jersey-server-1.19.jar:/home/runner/.m2/repository/javax/servlet/javax.servlet-api/3.1.0/javax.servlet-api-3.1.0.jar:/home/runner/.m2/repository/org/eclipse/jetty/jetty-server/9.4.43.v20210629/jetty-server-9.4.43.v20210629.jar:/home/runner/.m2/repository/org/eclipse/jetty/jetty-http/9.4.43.v20210629/jetty-http-9.4.43.v20210629.jar:/home/runner/.m2/repository/org/eclipse/jetty/jetty-io/9.4.43.v20210629/jetty-io-9.4.43.v20210629.jar:/home/runner/.m2/repository/org/eclipse/jetty/jetty-webapp/9.4.43.v20210629/jetty-webapp-9.4.43.v20210629.jar:/home/runner/.m2/repository/org/eclipse/jetty/jetty-xml/9.4.43.v20210629/jetty-xml-9.4.43.v20210629.jar:/home/runner/.m2/repository/org/apache/hadoop/hadoop-common/3.3.1/hadoop-common-3.3.1.jar:/home/runner/.m2/repository/commons-net/commons-net/3.6/commons-net-3.6.jar:/home/runner/.m2/repository/jakarta/activation/jakarta.activation-api/1.2.1/jakarta.activation-api-1.2.1.jar:/home/runner/.m2/repository/com/sun/jersey/jersey-servlet/1.19/jersey-servlet-1.19.jar:/home/runner/.m2/repository/com/sun/jersey/jersey-json/1.19/jersey-json-1.19.jar:/home/runner/.m2/repository/org/codehaus/jettison/jettison/1.1/jettison-1.1.jar:/home/runner/.m2/repository/com/sun/xml/bind/jaxb-impl/2.2.3-1/jaxb-impl-2.2.3-1.jar:/home/runner/.m2/repository/org/codehaus/jackson/jackson-jaxrs/1.9.2/jackson-jaxrs-1.9.2.jar:/home/runner/.m2/repository/org/codehaus/jackson/jackson-xc/1.9.2/jackson-xc-1.9.2.jar:/home/runner/.m2/repository/org/apache/commons/commons-configuration2/2.1.1/commons-configuration2-2.1.1.jar:/home/runner/.m2/repository/org/apache/commons/commons-text/1.4/commons-text-1.4.jar:/home/runner/.m2/repository/com/google/re2j/re2j/1.1/re2j-1.1.jar:/home/runner/.m2/repository/com/jcraft/jsch/0.1.54/jsch-0.1.54.jar:/home/runner/.m2/repository/org/apache/curator/curator-client/4.2.0/curator-client-4.2.0.jar:/home/runner/.m2/repository/org/apache/curator/curator-recipes/4.2.0/curator-recipes-4.2.0.jar:/home/runner/.m2/repository/org/apache/kerby/kerb-core/1.0.1/kerb-core-1.0.1.jar:/home/runner/.m2/repository/org/apache/kerby/kerby-pkix/1.0.1/kerby-pkix-1.0.1.jar:/home/runner/.m2/repository/org/apache/kerby/kerby-asn1/1.0.1/kerby-asn1-1.0.1.jar:/home/runner/.m2/repository/org/apache/kerby/kerby-util/1.0.1/kerby-util-1.0.1.jar:/home/runner/.m2/repository/dnsjava/dnsjava/2.1.7/dnsjava-2.1.7.jar:/home/runner/.m2/repository/org/xerial/snappy/snappy-java/1.1.8.2/snappy-java-1.1.8.2.jar:/home/runner/.m2/repository/org/slf4j/jul-to-slf4j/1.7.30/jul-to-slf4j-1.7.30.jar:/home/runner/.m2/repository/org/eclipse/jetty/jetty-util/9.4.43.v20210629/jetty-util-9.4.43.v20210629.jar:/home/runner/.m2/repository/com/fasterxml/jackson/core/jackson-databind/2.12.1/jackson-databind-2.12.1.jar:/home/runner/.m2/repository/org/apache/hadoop/hadoop-kms/3.3.1/hadoop-kms-3.3.1-tests.jar:/home/runner/.m2/repository/org/apache/ozone/hdds-server-scm/1.2.0-SNAPSHOT/hdds-server-scm-1.2.0-SNAPSHOT-tests.jar:/home/runner/.m2/repository/org/apache/ozone/hdds-container-service/1.2.0-SNAPSHOT/hdds-container-service-1.2.0-SNAPSHOT-tests.jar:/home/runner/.m2/repository/commons-codec/commons-codec/1.11/commons-codec-1.11.jar:/home/runner/.m2/repository/io/netty/netty-transport/4.1.63.Final/netty-transport-4.1.63.Final.jar:/home/runner/.m2/repository/io/netty/netty-resolver/4.1.63.Final/netty-resolver-4.1.63.Final.jar:/home/runner/.m2/repository/io/netty/netty-codec/4.1.63.Final/netty-codec-4.1.63.Final.jar:/home/runner/.m2/repository/io/netty/netty-handler/4.1.63.Final/netty-handler-4.1.63.Final.jar:/home/runner/.m2/repository/org/apache/ozone/hdds-hadoop-dependency-test/1.2.0-SNAPSHOT/hdds-hadoop-dependency-test-1.2.0-SNAPSHOT.jar:/home/runner/.m2/repository/org/apache/hadoop/hadoop-common/3.3.1/hadoop-common-3.3.1-tests.jar:/home/runner/.m2/repository/org/assertj/assertj-core/3.12.2/assertj-core-3.12.2.jar:/home/runner/.m2/repository/org/apache/hadoop/hadoop-hdfs/3.3.1/hadoop-hdfs-3.3.1-tests.jar:/home/runner/.m2/repository/org/eclipse/jetty/jetty-util-ajax/9.4.43.v20210629/jetty-util-ajax-9.4.43.v20210629.jar:/home/runner/.m2/repository/commons-daemon/commons-daemon/1.0.13/commons-daemon-1.0.13.jar:/home/runner/.m2/repository/io/netty/netty/3.10.6.Final/netty-3.10.6.Final.jar:/home/runner/.m2/repository/io/netty/netty-all/4.1.63.Final/netty-all-4.1.63.Final.jar:/home/runner/.m2/repository/org/apache/htrace/htrace-core4/4.1.0-incubating/htrace-core4-4.1.0-incubating.jar:/home/runner/.m2/repository/org/fusesource/leveldbjni/leveldbjni-all/1.8/leveldbjni-all-1.8.jar:/home/runner/.m2/repository/org/apache/hadoop/hadoop-distcp/3.3.1/hadoop-distcp-3.3.1.jar:/home/runner/.m2/repository/org/apache/hadoop/hadoop-mapreduce-client-jobclient/3.3.1/hadoop-mapreduce-client-jobclient-3.3.1.jar:/home/runner/.m2/repository/org/apache/hadoop/hadoop-mapreduce-client-common/3.3.1/hadoop-mapreduce-client-common-3.3.1.jar:/home/runner/.m2/repository/org/apache/hadoop/hadoop-yarn-common/3.3.1/hadoop-yarn-common-3.3.1.jar:/home/runner/.m2/repository/org/apache/hadoop/hadoop-yarn-api/3.3.1/hadoop-yarn-api-3.3.1.jar:/home/runner/.m2/repository/com/sun/jersey/jersey-client/1.19/jersey-client-1.19.jar:/home/runner/.m2/repository/com/sun/jersey/contribs/jersey-guice/1.19/jersey-guice-1.19.jar:/home/runner/.m2/repository/com/fasterxml/jackson/jaxrs/jackson-jaxrs-json-provider/2.12.1/jackson-jaxrs-json-provider-2.12.1.jar:/home/runner/.m2/repository/com/fasterxml/jackson/jaxrs/jackson-jaxrs-base/2.12.1/jackson-jaxrs-base-2.12.1.jar:/home/runner/.m2/repository/org/apache/hadoop/hadoop-yarn-client/3.3.1/hadoop-yarn-client-3.3.1.jar:/home/runner/.m2/repository/org/eclipse/jetty/websocket/websocket-client/9.4.40.v20210413/websocket-client-9.4.40.v20210413.jar:/home/runner/.m2/repository/org/eclipse/jetty/jetty-client/9.4.40.v20210413/jetty-client-9.4.40.v20210413.jar:/home/runner/.m2/repository/org/eclipse/jetty/websocket/websocket-common/9.4.40.v20210413/websocket-common-9.4.40.v20210413.jar:/home/runner/.m2/repository/org/eclipse/jetty/websocket/websocket-api/9.4.40.v20210413/websocket-api-9.4.40.v20210413.jar:/home/runner/.m2/repository/org/jline/jline/3.9.0/jline-3.9.0.jar:/home/runner/.m2/repository/org/apache/hadoop/hadoop-mapreduce-client-core/3.3.1/hadoop-mapreduce-client-core-3.3.1.jar:/home/runner/.m2/repository/org/apache/avro/avro/1.7.7/avro-1.7.7.jar:/home/runner/.m2/repository/org/codehaus/jackson/jackson-core-asl/1.9.13/jackson-core-asl-1.9.13.jar:/home/runner/.m2/repository/org/codehaus/jackson/jackson-mapper-asl/1.9.13/jackson-mapper-asl-1.9.13.jar:/home/runner/.m2/repository/com/thoughtworks/paranamer/paranamer/2.3/paranamer-2.3.jar:/home/runner/.m2/repository/org/apache/hadoop/hadoop-annotations/3.3.1/hadoop-annotations-3.3.1.jar:/usr/lib/jvm/adoptopenjdk-8-hotspot-amd64/jre/../lib/tools.jar:/home/runner/.m2/repository/org/apache/hadoop/hadoop-distcp/3.3.1/hadoop-distcp-3.3.1-tests.jar:"/>
    <property name="java.vm.vendor" value="AdoptOpenJDK"/>
    <property name="sun.arch.data.model" value="64"/>
    <property name="test.build.dir" value="/home/runner/work/ozone/ozone/hadoop-ozone/integration-test/target/test-dir"/>
    <property name="test.cache.data" value=""/>
    <property name="java.vendor.url" value="https://adoptopenjdk.net/"/>
    <property name="user.timezone" value=""/>
    <property name="java.vm.specification.version" value="1.8"/>
    <property name="os.name" value="Linux"/>
    <property name="test.build.data" value="/home/runner/work/ozone/ozone/hadoop-ozone/integration-test/target/test-dir"/>
    <property name="sun.java.launcher" value="SUN_STANDARD"/>
    <property name="sun.boot.library.path" value="/usr/lib/jvm/adoptopenjdk-8-hotspot-amd64/jre/lib/amd64"/>
    <property name="sun.java.command" value="/home/runner/work/ozone/ozone/hadoop-ozone/integration-test/target/surefire/surefirebooter1648150279501610095.jar /home/runner/work/ozone/ozone/hadoop-ozone/integration-test/target/surefire 2021-08-14T00-54-43_171-jvmRun1 surefire7542330859250324781tmp surefire_76172089528769799914tmp"/>
    <property name="surefire.test.class.path" value="/home/runner/work/ozone/ozone/hadoop-ozone/integration-test/target/test-classes:/home/runner/work/ozone/ozone/hadoop-ozone/integration-test/target/classes:/home/runner/.m2/repository/org/apache/ozone/ozone-common/1.2.0-SNAPSHOT/ozone-common-1.2.0-SNAPSHOT.jar:/home/runner/.m2/repository/org/apache/commons/commons-compress/1.20/commons-compress-1.20.jar:/home/runner/.m2/repository/org/apache/ozone/hdds-common/1.2.0-SNAPSHOT/hdds-common-1.2.0-SNAPSHOT.jar:/home/runner/.m2/repository/org/apache/ozone/hdds-client/1.2.0-SNAPSHOT/hdds-client-1.2.0-SNAPSHOT.jar:/home/runner/.m2/repository/org/apache/ozone/ozone-interface-client/1.2.0-SNAPSHOT/ozone-interface-client-1.2.0-SNAPSHOT.jar:/home/runner/.m2/repository/org/apache/ozone/hdds-server-framework/1.2.0-SNAPSHOT/hdds-server-framework-1.2.0-SNAPSHOT.jar:/home/runner/.m2/repository/org/apache/ozone/hdds-interface-server/1.2.0-SNAPSHOT/hdds-interface-server-1.2.0-SNAPSHOT.jar:/home/runner/.m2/repository/org/eclipse/jetty/jetty-servlet/9.4.43.v20210629/jetty-servlet-9.4.43.v20210629.jar:/home/runner/.m2/repository/org/eclipse/jetty/jetty-security/9.4.43.v20210629/jetty-security-9.4.43.v20210629.jar:/home/runner/.m2/repository/org/rocksdb/rocksdbjni/6.20.3/rocksdbjni-6.20.3.jar:/home/runner/.m2/repository/io/prometheus/simpleclient_dropwizard/0.7.0/simpleclient_dropwizard-0.7.0.jar:/home/runner/.m2/repository/io/prometheus/simpleclient/0.7.0/simpleclient-0.7.0.jar:/home/runner/.m2/repository/io/prometheus/simpleclient_common/0.7.0/simpleclient_common-0.7.0.jar:/home/runner/.m2/repository/com/fasterxml/jackson/datatype/jackson-datatype-jsr310/2.12.1/jackson-datatype-jsr310-2.12.1.jar:/home/runner/.m2/repository/org/apache/ozone/hdds-test-utils/1.2.0-SNAPSHOT/hdds-test-utils-1.2.0-SNAPSHOT.jar:/home/runner/.m2/repository/com/google/guava/guava/30.1.1-jre/guava-30.1.1-jre.jar:/home/runner/.m2/repository/com/google/guava/failureaccess/1.0.1/failureaccess-1.0.1.jar:/home/runner/.m2/repository/com/google/guava/listenablefuture/9999.0-empty-to-avoid-conflict-with-guava/listenablefuture-9999.0-empty-to-avoid-conflict-with-guava.jar:/home/runner/.m2/repository/com/google/code/findbugs/jsr305/3.0.0/jsr305-3.0.0.jar:/home/runner/.m2/repository/org/checkerframework/checker-qual/3.8.0/checker-qual-3.8.0.jar:/home/runner/.m2/repository/com/google/errorprone/error_prone_annotations/2.2.0/error_prone_annotations-2.2.0.jar:/home/runner/.m2/repository/com/google/j2objc/j2objc-annotations/1.3/j2objc-annotations-1.3.jar:/home/runner/.m2/repository/commons-io/commons-io/2.8.0/commons-io-2.8.0.jar:/home/runner/.m2/repository/commons-logging/commons-logging/1.2/commons-logging-1.2.jar:/home/runner/.m2/repository/log4j/log4j/1.2.17/log4j-1.2.17.jar:/home/runner/.m2/repository/org/slf4j/slf4j-api/1.7.30/slf4j-api-1.7.30.jar:/home/runner/.m2/repository/org/apache/ozone/hdds-server-scm/1.2.0-SNAPSHOT/hdds-server-scm-1.2.0-SNAPSHOT.jar:/home/runner/.m2/repository/org/apache/ozone/hdds-container-service/1.2.0-SNAPSHOT/hdds-container-service-1.2.0-SNAPSHOT.jar:/home/runner/.m2/repository/org/apache/ozone/hdds-hadoop-dependency-server/1.2.0-SNAPSHOT/hdds-hadoop-dependency-server-1.2.0-SNAPSHOT.jar:/home/runner/.m2/repository/org/apache/hadoop/hadoop-hdfs/3.3.1/hadoop-hdfs-3.3.1.jar:/home/runner/.m2/repository/io/dropwizard/metrics/metrics-core/3.2.4/metrics-core-3.2.4.jar:/home/runner/.m2/repository/org/apache/hadoop/hadoop-hdfs-client/3.3.1/hadoop-hdfs-client-3.3.1.jar:/home/runner/.m2/repository/org/bouncycastle/bcprov-jdk15on/1.67/bcprov-jdk15on-1.67.jar:/home/runner/.m2/repository/com/google/protobuf/protobuf-java/2.5.0/protobuf-java-2.5.0.jar:/home/runner/.m2/repository/org/apache/ozone/ozone-manager/1.2.0-SNAPSHOT/ozone-manager-1.2.0-SNAPSHOT.jar:/home/runner/.m2/repository/org/aspectj/aspectjrt/1.8.9/aspectjrt-1.8.9.jar:/home/runner/.m2/repository/org/aspectj/aspectjweaver/1.8.9/aspectjweaver-1.8.9.jar:/home/runner/.m2/repository/org/apache/ozone/hdds-interface-client/1.2.0-SNAPSHOT/hdds-interface-client-1.2.0-SNAPSHOT.jar:/home/runner/.m2/repository/org/apache/hadoop/thirdparty/hadoop-shaded-protobuf_3_7/1.1.1/hadoop-shaded-protobuf_3_7-1.1.1.jar:/home/runner/.m2/repository/org/apache/ratis/ratis-thirdparty-misc/0.7.0/ratis-thirdparty-misc-0.7.0.jar:/home/runner/.m2/repository/org/apache/ozone/ozone-interface-storage/1.2.0-SNAPSHOT/ozone-interface-storage-1.2.0-SNAPSHOT.jar:/home/runner/.m2/repository/org/reflections/reflections/0.9.11/reflections-0.9.11.jar:/home/runner/.m2/repository/org/apache/hadoop/hadoop-minikdc/3.3.1/hadoop-minikdc-3.3.1.jar:/home/runner/.m2/repository/org/apache/kerby/kerb-simplekdc/1.0.1/kerb-simplekdc-1.0.1.jar:/home/runner/.m2/repository/org/apache/kerby/kerb-client/1.0.1/kerb-client-1.0.1.jar:/home/runner/.m2/repository/org/apache/kerby/kerby-config/1.0.1/kerby-config-1.0.1.jar:/home/runner/.m2/repository/org/apache/kerby/kerb-common/1.0.1/kerb-common-1.0.1.jar:/home/runner/.m2/repository/org/apache/kerby/kerb-crypto/1.0.1/kerb-crypto-1.0.1.jar:/home/runner/.m2/repository/org/apache/kerby/kerb-util/1.0.1/kerb-util-1.0.1.jar:/home/runner/.m2/repository/org/apache/kerby/token-provider/1.0.1/token-provider-1.0.1.jar:/home/runner/.m2/repository/org/apache/kerby/kerb-admin/1.0.1/kerb-admin-1.0.1.jar:/home/runner/.m2/repository/org/apache/kerby/kerb-server/1.0.1/kerb-server-1.0.1.jar:/home/runner/.m2/repository/org/apache/kerby/kerb-identity/1.0.1/kerb-identity-1.0.1.jar:/home/runner/.m2/repository/org/apache/kerby/kerby-xdr/1.0.1/kerby-xdr-1.0.1.jar:/home/runner/.m2/repository/org/slf4j/slf4j-log4j12/1.7.30/slf4j-log4j12-1.7.30.jar:/home/runner/.m2/repository/org/apache/ozone/ozone-s3gateway/1.2.0-SNAPSHOT/ozone-s3gateway-1.2.0-SNAPSHOT.jar:/home/runner/.m2/repository/org/javassist/javassist/3.21.0-GA/javassist-3.21.0-GA.jar:/home/runner/.m2/repository/org/jboss/weld/servlet/weld-servlet/2.4.7.Final/weld-servlet-2.4.7.Final.jar:/home/runner/.m2/repository/org/glassfish/jersey/containers/jersey-container-servlet-core/2.33/jersey-container-servlet-core-2.33.jar:/home/runner/.m2/repository/org/glassfish/hk2/external/jakarta.inject/2.6.1/jakarta.inject-2.6.1.jar:/home/runner/.m2/repository/org/glassfish/jersey/core/jersey-common/2.33/jersey-common-2.33.jar:/home/runner/.m2/repository/jakarta/ws/rs/jakarta.ws.rs-api/2.1.6/jakarta.ws.rs-api-2.1.6.jar:/home/runner/.m2/repository/org/glassfish/jersey/ext/cdi/jersey-cdi1x/2.33/jersey-cdi1x-2.33.jar:/home/runner/.m2/repository/org/glassfish/jersey/inject/jersey-hk2/2.33/jersey-hk2-2.33.jar:/home/runner/.m2/repository/org/glassfish/hk2/hk2-locator/2.6.1/hk2-locator-2.6.1.jar:/home/runner/.m2/repository/org/glassfish/jersey/media/jersey-media-jaxb/2.33/jersey-media-jaxb-2.33.jar:/home/runner/.m2/repository/org/glassfish/hk2/osgi-resource-locator/1.0.3/osgi-resource-locator-1.0.3.jar:/home/runner/.m2/repository/org/glassfish/hk2/hk2-api/2.5.0/hk2-api-2.5.0.jar:/home/runner/.m2/repository/org/glassfish/hk2/hk2-utils/2.5.0/hk2-utils-2.5.0.jar:/home/runner/.m2/repository/org/glassfish/hk2/external/aopalliance-repackaged/2.5.0/aopalliance-repackaged-2.5.0.jar:/home/runner/.m2/repository/com/fasterxml/jackson/dataformat/jackson-dataformat-xml/2.12.1/jackson-dataformat-xml-2.12.1.jar:/home/runner/.m2/repository/com/fasterxml/jackson/core/jackson-core/2.12.1/jackson-core-2.12.1.jar:/home/runner/.m2/repository/com/fasterxml/jackson/module/jackson-module-jaxb-annotations/2.12.1/jackson-module-jaxb-annotations-2.12.1.jar:/home/runner/.m2/repository/jakarta/xml/bind/jakarta.xml.bind-api/2.3.2/jakarta.xml.bind-api-2.3.2.jar:/home/runner/.m2/repository/org/codehaus/woodstox/stax2-api/3.1.4/stax2-api-3.1.4.jar:/home/runner/.m2/repository/com/fasterxml/woodstox/woodstox-core/5.0.3/woodstox-core-5.0.3.jar:/home/runner/.m2/repository/javax/enterprise/cdi-api/1.2/cdi-api-1.2.jar:/home/runner/.m2/repository/javax/el/javax.el-api/3.0.0/javax.el-api-3.0.0.jar:/home/runner/.m2/repository/javax/interceptor/javax.interceptor-api/1.2/javax.interceptor-api-1.2.jar:/home/runner/.m2/repository/javax/inject/javax.inject/1/javax.inject-1.jar:/home/runner/.m2/repository/javax/xml/bind/jaxb-api/2.3.0/jaxb-api-2.3.0.jar:/home/runner/.m2/repository/org/glassfish/jaxb/jaxb-runtime/2.3.0.1/jaxb-runtime-2.3.0.1.jar:/home/runner/.m2/repository/org/glassfish/jaxb/jaxb-core/2.3.0.1/jaxb-core-2.3.0.1.jar:/home/runner/.m2/repository/org/glassfish/jaxb/txw2/2.3.0.1/txw2-2.3.0.1.jar:/home/runner/.m2/repository/com/sun/istack/istack-commons-runtime/3.0.5/istack-commons-runtime-3.0.5.jar:/home/runner/.m2/repository/org/jvnet/staxex/stax-ex/1.7.8/stax-ex-1.7.8.jar:/home/runner/.m2/repository/com/sun/xml/fastinfoset/FastInfoset/1.2.13/FastInfoset-1.2.13.jar:/home/runner/.m2/repository/javax/activation/activation/1.1.1/activation-1.1.1.jar:/home/runner/.m2/repository/org/apache/ozone/ozone-csi/1.2.0-SNAPSHOT/ozone-csi-1.2.0-SNAPSHOT.jar:/home/runner/.m2/repository/com/google/protobuf/protobuf-java-util/3.12.0/protobuf-java-util-3.12.0.jar:/home/runner/.m2/repository/com/google/code/gson/gson/2.2.4/gson-2.2.4.jar:/home/runner/.m2/repository/org/apache/ozone/hdds-config/1.2.0-SNAPSHOT/hdds-config-1.2.0-SNAPSHOT.jar:/home/runner/.m2/repository/io/grpc/grpc-netty/1.33.0/grpc-netty-1.33.0.jar:/home/runner/.m2/repository/io/grpc/grpc-core/1.33.0/grpc-core-1.33.0.jar:/home/runner/.m2/repository/com/google/android/annotations/4.1.1.4/annotations-4.1.1.4.jar:/home/runner/.m2/repository/io/netty/netty-codec-http2/4.1.63.Final/netty-codec-http2-4.1.63.Final.jar:/home/runner/.m2/repository/io/netty/netty-codec-http/4.1.63.Final/netty-codec-http-4.1.63.Final.jar:/home/runner/.m2/repository/io/netty/netty-handler-proxy/4.1.63.Final/netty-handler-proxy-4.1.63.Final.jar:/home/runner/.m2/repository/io/netty/netty-codec-socks/4.1.63.Final/netty-codec-socks-4.1.63.Final.jar:/home/runner/.m2/repository/io/perfmark/perfmark-api/0.19.0/perfmark-api-0.19.0.jar:/home/runner/.m2/repository/org/codehaus/mojo/animal-sniffer-annotations/1.18/animal-sniffer-annotations-1.18.jar:/home/runner/.m2/repository/io/netty/netty-transport-native-epoll/4.1.63.Final/netty-transport-native-epoll-4.1.63.Final.jar:/home/runner/.m2/repository/io/netty/netty-common/4.1.63.Final/netty-common-4.1.63.Final.jar:/home/runner/.m2/repository/io/netty/netty-buffer/4.1.63.Final/netty-buffer-4.1.63.Final.jar:/home/runner/.m2/repository/io/netty/netty-transport-native-unix-common/4.1.63.Final/netty-transport-native-unix-common-4.1.63.Final.jar:/home/runner/.m2/repository/io/grpc/grpc-protobuf/1.33.0/grpc-protobuf-1.33.0.jar:/home/runner/.m2/repository/io/grpc/grpc-api/1.33.0/grpc-api-1.33.0.jar:/home/runner/.m2/repository/io/grpc/grpc-context/1.33.0/grpc-context-1.33.0.jar:/home/runner/.m2/repository/com/google/api/grpc/proto-google-common-protos/1.17.0/proto-google-common-protos-1.17.0.jar:/home/runner/.m2/repository/io/grpc/grpc-protobuf-lite/1.33.0/grpc-protobuf-lite-1.33.0.jar:/home/runner/.m2/repository/io/grpc/grpc-stub/1.33.0/grpc-stub-1.33.0.jar:/home/runner/.m2/repository/org/apache/ozone/ozone-recon/1.2.0-SNAPSHOT/ozone-recon-1.2.0-SNAPSHOT.jar:/home/runner/.m2/repository/org/apache/ozone/ozone-reconcodegen/1.2.0-SNAPSHOT/ozone-reconcodegen-1.2.0-SNAPSHOT.jar:/home/runner/.m2/repository/com/google/inject/extensions/guice-multibindings/4.0/guice-multibindings-4.0.jar:/home/runner/.m2/repository/com/google/inject/guice/4.0/guice-4.0.jar:/home/runner/.m2/repository/aopalliance/aopalliance/1.0/aopalliance-1.0.jar:/home/runner/.m2/repository/com/google/inject/extensions/guice-assistedinject/4.0/guice-assistedinject-4.0.jar:/home/runner/.m2/repository/com/google/inject/extensions/guice-servlet/4.0/guice-servlet-4.0.jar:/home/runner/.m2/repository/org/glassfish/jersey/containers/jersey-container-servlet/2.33/jersey-container-servlet-2.33.jar:/home/runner/.m2/repository/org/glassfish/hk2/guice-bridge/2.5.0/guice-bridge-2.5.0.jar:/home/runner/.m2/repository/org/glassfish/jersey/core/jersey-server/2.33/jersey-server-2.33.jar:/home/runner/.m2/repository/org/glassfish/jersey/core/jersey-client/2.33/jersey-client-2.33.jar:/home/runner/.m2/repository/jakarta/annotation/jakarta.annotation-api/1.3.5/jakarta.annotation-api-1.3.5.jar:/home/runner/.m2/repository/jakarta/validation/jakarta.validation-api/2.0.2/jakarta.validation-api-2.0.2.jar:/home/runner/.m2/repository/org/glassfish/jersey/media/jersey-media-json-jackson/2.33/jersey-media-json-jackson-2.33.jar:/home/runner/.m2/repository/org/glassfish/jersey/ext/jersey-entity-filtering/2.33/jersey-entity-filtering-2.33.jar:/home/runner/.m2/repository/org/jooq/jooq/3.11.10/jooq-3.11.10.jar:/home/runner/.m2/repository/org/jooq/jooq-meta/3.11.10/jooq-meta-3.11.10.jar:/home/runner/.m2/repository/org/jooq/jooq-codegen/3.11.10/jooq-codegen-3.11.10.jar:/home/runner/.m2/repository/com/jolbox/bonecp/0.8.0.RELEASE/bonecp-0.8.0.RELEASE.jar:/home/runner/.m2/repository/org/apache/derby/derby/10.14.2.0/derby-10.14.2.0.jar:/home/runner/.m2/repository/org/xerial/sqlite-jdbc/3.25.2/sqlite-jdbc-3.25.2.jar:/home/runner/.m2/repository/org/springframework/spring-jdbc/5.2.11.RELEASE/spring-jdbc-5.2.11.RELEASE.jar:/home/runner/.m2/repository/org/springframework/spring-beans/5.2.11.RELEASE/spring-beans-5.2.11.RELEASE.jar:/home/runner/.m2/repository/org/springframework/spring-core/5.2.11.RELEASE/spring-core-5.2.11.RELEASE.jar:/home/runner/.m2/repository/org/springframework/spring-jcl/5.2.11.RELEASE/spring-jcl-5.2.11.RELEASE.jar:/home/runner/.m2/repository/org/springframework/spring-tx/5.2.11.RELEASE/spring-tx-5.2.11.RELEASE.jar:/home/runner/.m2/repository/org/apache/ozone/ozone-client/1.2.0-SNAPSHOT/ozone-client-1.2.0-SNAPSHOT.jar:/home/runner/.m2/repository/org/apache/ozone/ozone-filesystem/1.2.0-SNAPSHOT/ozone-filesystem-1.2.0-SNAPSHOT.jar:/home/runner/.m2/repository/org/apache/ozone/ozone-filesystem-common/1.2.0-SNAPSHOT/ozone-filesystem-common-1.2.0-SNAPSHOT.jar:/home/runner/.m2/repository/org/apache/ozone/ozone-tools/1.2.0-SNAPSHOT/ozone-tools-1.2.0-SNAPSHOT.jar:/home/runner/.m2/repository/org/apache/ratis/ratis-tools/2.1.0-03f3b68-SNAPSHOT/ratis-tools-2.1.0-03f3b68-SNAPSHOT.jar:/home/runner/.m2/repository/org/apache/ratis/ratis-proto/2.1.0-03f3b68-SNAPSHOT/ratis-proto-2.1.0-03f3b68-SNAPSHOT.jar:/home/runner/.m2/repository/org/apache/ratis/ratis-common/2.1.0-03f3b68-SNAPSHOT/ratis-common-2.1.0-03f3b68-SNAPSHOT.jar:/home/runner/.m2/repository/com/amazonaws/aws-java-sdk-core/1.11.901/aws-java-sdk-core-1.11.901.jar:/home/runner/.m2/repository/org/apache/httpcomponents/httpclient/4.5.13/httpclient-4.5.13.jar:/home/runner/.m2/repository/org/apache/httpcomponents/httpcore/4.4.13/httpcore-4.4.13.jar:/home/runner/.m2/repository/software/amazon/ion/ion-java/1.0.2/ion-java-1.0.2.jar:/home/runner/.m2/repository/com/fasterxml/jackson/dataformat/jackson-dataformat-cbor/2.12.1/jackson-dataformat-cbor-2.12.1.jar:/home/runner/.m2/repository/joda-time/joda-time/2.8.1/joda-time-2.8.1.jar:/home/runner/.m2/repository/com/amazonaws/aws-java-sdk-s3/1.11.901/aws-java-sdk-s3-1.11.901.jar:/home/runner/.m2/repository/com/amazonaws/aws-java-sdk-kms/1.11.901/aws-java-sdk-kms-1.11.901.jar:/home/runner/.m2/repository/com/amazonaws/jmespath-java/1.11.901/jmespath-java-1.11.901.jar:/home/runner/.m2/repository/org/kohsuke/metainf-services/metainf-services/1.8/metainf-services-1.8.jar:/home/runner/.m2/repository/org/apache/ozone/hdds-tools/1.2.0-SNAPSHOT/hdds-tools-1.2.0-SNAPSHOT.jar:/home/runner/.m2/repository/commons-cli/commons-cli/1.2/commons-cli-1.2.jar:/home/runner/.m2/repository/org/apache/commons/commons-lang3/3.7/commons-lang3-3.7.jar:/home/runner/.m2/repository/org/apache/ozone/ozone-manager/1.2.0-SNAPSHOT/ozone-manager-1.2.0-SNAPSHOT-tests.jar:/home/runner/.m2/repository/org/apache/ozone/hdds-common/1.2.0-SNAPSHOT/hdds-common-1.2.0-SNAPSHOT-tests.jar:/home/runner/.m2/repository/org/apache/ozone/hdds-hadoop-dependency-client/1.2.0-SNAPSHOT/hdds-hadoop-dependency-client-1.2.0-SNAPSHOT.jar:/home/runner/.m2/repository/info/picocli/picocli/4.4.0/picocli-4.4.0.jar:/home/runner/.m2/repository/com/fasterxml/jackson/core/jackson-annotations/2.12.1/jackson-annotations-2.12.1.jar:/home/runner/.m2/repository/javax/annotation/javax.annotation-api/1.2/javax.annotation-api-1.2.jar:/home/runner/.m2/repository/org/apache/ratis/ratis-server/2.1.0-03f3b68-SNAPSHOT/ratis-server-2.1.0-03f3b68-SNAPSHOT.jar:/home/runner/.m2/repository/org/apache/ratis/ratis-client/2.1.0-03f3b68-SNAPSHOT/ratis-client-2.1.0-03f3b68-SNAPSHOT.jar:/home/runner/.m2/repository/org/apache/ratis/ratis-server-api/2.1.0-03f3b68-SNAPSHOT/ratis-server-api-2.1.0-03f3b68-SNAPSHOT.jar:/home/runner/.m2/repository/org/apache/ratis/ratis-metrics/2.1.0-03f3b68-SNAPSHOT/ratis-metrics-2.1.0-03f3b68-SNAPSHOT.jar:/home/runner/.m2/repository/org/apache/ratis/ratis-netty/2.1.0-03f3b68-SNAPSHOT/ratis-netty-2.1.0-03f3b68-SNAPSHOT.jar:/home/runner/.m2/repository/org/apache/ratis/ratis-grpc/2.1.0-03f3b68-SNAPSHOT/ratis-grpc-2.1.0-03f3b68-SNAPSHOT.jar:/home/runner/.m2/repository/org/apache/logging/log4j/log4j-api/2.13.3/log4j-api-2.13.3.jar:/home/runner/.m2/repository/org/apache/logging/log4j/log4j-core/2.13.3/log4j-core-2.13.3.jar:/home/runner/.m2/repository/com/lmax/disruptor/3.4.2/disruptor-3.4.2.jar:/home/runner/.m2/repository/org/apache/commons/commons-pool2/2.6.0/commons-pool2-2.6.0.jar:/home/runner/.m2/repository/org/bouncycastle/bcpkix-jdk15on/1.67/bcpkix-jdk15on-1.67.jar:/home/runner/.m2/repository/commons-validator/commons-validator/1.6/commons-validator-1.6.jar:/home/runner/.m2/repository/commons-beanutils/commons-beanutils/1.9.4/commons-beanutils-1.9.4.jar:/home/runner/.m2/repository/commons-digester/commons-digester/1.8.1/commons-digester-1.8.1.jar:/home/runner/.m2/repository/commons-collections/commons-collections/3.2.2/commons-collections-3.2.2.jar:/home/runner/.m2/repository/io/jaegertracing/jaeger-client/1.6.0/jaeger-client-1.6.0.jar:/home/runner/.m2/repository/io/jaegertracing/jaeger-thrift/1.6.0/jaeger-thrift-1.6.0.jar:/home/runner/.m2/repository/org/apache/thrift/libthrift/0.14.1/libthrift-0.14.1.jar:/home/runner/.m2/repository/com/squareup/okhttp3/okhttp/4.9.0/okhttp-4.9.0.jar:/home/runner/.m2/repository/com/squareup/okio/okio/2.8.0/okio-2.8.0.jar:/home/runner/.m2/repository/io/jaegertracing/jaeger-core/1.6.0/jaeger-core-1.6.0.jar:/home/runner/.m2/repository/io/jaegertracing/jaeger-tracerresolver/1.6.0/jaeger-tracerresolver-1.6.0.jar:/home/runner/.m2/repository/io/opentracing/contrib/opentracing-tracerresolver/0.1.8/opentracing-tracerresolver-0.1.8.jar:/home/runner/.m2/repository/org/jetbrains/kotlin/kotlin-stdlib/1.4.31/kotlin-stdlib-1.4.31.jar:/home/runner/.m2/repository/org/jetbrains/kotlin/kotlin-stdlib-common/1.4.31/kotlin-stdlib-common-1.4.31.jar:/home/runner/.m2/repository/org/jetbrains/annotations/13.0/annotations-13.0.jar:/home/runner/.m2/repository/io/opentracing/opentracing-util/0.33.0/opentracing-util-0.33.0.jar:/home/runner/.m2/repository/io/opentracing/opentracing-api/0.33.0/opentracing-api-0.33.0.jar:/home/runner/.m2/repository/io/opentracing/opentracing-noop/0.33.0/opentracing-noop-0.33.0.jar:/home/runner/.m2/repository/org/yaml/snakeyaml/1.26/snakeyaml-1.26.jar:/home/runner/.m2/repository/org/apache/ozone/hdds-interface-admin/1.2.0-SNAPSHOT/hdds-interface-admin-1.2.0-SNAPSHOT.jar:/home/runner/.m2/repository/junit/junit/4.13.1/junit-4.13.1.jar:/home/runner/.m2/repository/org/hamcrest/hamcrest-core/1.3/hamcrest-core-1.3.jar:/home/runner/.m2/repository/org/junit/jupiter/junit-jupiter-api/5.7.0/junit-jupiter-api-5.7.0.jar:/home/runner/.m2/repository/org/apiguardian/apiguardian-api/1.1.0/apiguardian-api-1.1.0.jar:/home/runner/.m2/repository/org/opentest4j/opentest4j/1.2.0/opentest4j-1.2.0.jar:/home/runner/.m2/repository/org/junit/platform/junit-platform-commons/1.7.0/junit-platform-commons-1.7.0.jar:/home/runner/.m2/repository/org/junit/jupiter/junit-jupiter-engine/5.7.0/junit-jupiter-engine-5.7.0.jar:/home/runner/.m2/repository/org/junit/platform/junit-platform-engine/1.7.0/junit-platform-engine-1.7.0.jar:/home/runner/.m2/repository/org/junit/vintage/junit-vintage-engine/5.7.0/junit-vintage-engine-5.7.0.jar:/home/runner/.m2/repository/org/junit/platform/junit-platform-launcher/1.7.0/junit-platform-launcher-1.7.0.jar:/home/runner/.m2/repository/org/openjdk/jmh/jmh-core/1.19/jmh-core-1.19.jar:/home/runner/.m2/repository/net/sf/jopt-simple/jopt-simple/4.6/jopt-simple-4.6.jar:/home/runner/.m2/repository/org/apache/commons/commons-math3/3.1.1/commons-math3-3.1.1.jar:/home/runner/.m2/repository/org/openjdk/jmh/jmh-generator-annprocess/1.19/jmh-generator-annprocess-1.19.jar:/home/runner/.m2/repository/org/mockito/mockito-core/2.28.2/mockito-core-2.28.2.jar:/home/runner/.m2/repository/net/bytebuddy/byte-buddy/1.9.10/byte-buddy-1.9.10.jar:/home/runner/.m2/repository/net/bytebuddy/byte-buddy-agent/1.9.10/byte-buddy-agent-1.9.10.jar:/home/runner/.m2/repository/org/objenesis/objenesis/1.0/objenesis-1.0.jar:/home/runner/.m2/repository/org/apache/hadoop/hadoop-kms/3.3.1/hadoop-kms-3.3.1.jar:/home/runner/.m2/repository/org/apache/hadoop/hadoop-auth/3.3.1/hadoop-auth-3.3.1.jar:/home/runner/.m2/repository/com/nimbusds/nimbus-jose-jwt/7.9/nimbus-jose-jwt-7.9.jar:/home/runner/.m2/repository/com/github/stephenc/jcip/jcip-annotations/1.0-1/jcip-annotations-1.0-1.jar:/home/runner/.m2/repository/net/minidev/json-smart/2.3/json-smart-2.3.jar:/home/runner/.m2/repository/net/minidev/accessors-smart/1.2/accessors-smart-1.2.jar:/home/runner/.m2/repository/org/ow2/asm/asm/5.0.4/asm-5.0.4.jar:/home/runner/.m2/repository/org/apache/zookeeper/zookeeper/3.5.6/zookeeper-3.5.6.jar:/home/runner/.m2/repository/org/apache/zookeeper/zookeeper-jute/3.5.6/zookeeper-jute-3.5.6.jar:/home/runner/.m2/repository/org/apache/yetus/audience-annotations/0.5.0/audience-annotations-0.5.0.jar:/home/runner/.m2/repository/org/apache/curator/curator-framework/4.2.0/curator-framework-4.2.0.jar:/home/runner/.m2/repository/org/apache/hadoop/thirdparty/hadoop-shaded-guava/1.1.1/hadoop-shaded-guava-1.1.1.jar:/home/runner/.m2/repository/com/sun/jersey/jersey-core/1.19/jersey-core-1.19.jar:/home/runner/.m2/repository/javax/ws/rs/jsr311-api/1.1.1/jsr311-api-1.1.1.jar:/home/runner/.m2/repository/com/sun/jersey/jersey-server/1.19/jersey-server-1.19.jar:/home/runner/.m2/repository/javax/servlet/javax.servlet-api/3.1.0/javax.servlet-api-3.1.0.jar:/home/runner/.m2/repository/org/eclipse/jetty/jetty-server/9.4.43.v20210629/jetty-server-9.4.43.v20210629.jar:/home/runner/.m2/repository/org/eclipse/jetty/jetty-http/9.4.43.v20210629/jetty-http-9.4.43.v20210629.jar:/home/runner/.m2/repository/org/eclipse/jetty/jetty-io/9.4.43.v20210629/jetty-io-9.4.43.v20210629.jar:/home/runner/.m2/repository/org/eclipse/jetty/jetty-webapp/9.4.43.v20210629/jetty-webapp-9.4.43.v20210629.jar:/home/runner/.m2/repository/org/eclipse/jetty/jetty-xml/9.4.43.v20210629/jetty-xml-9.4.43.v20210629.jar:/home/runner/.m2/repository/org/apache/hadoop/hadoop-common/3.3.1/hadoop-common-3.3.1.jar:/home/runner/.m2/repository/commons-net/commons-net/3.6/commons-net-3.6.jar:/home/runner/.m2/repository/jakarta/activation/jakarta.activation-api/1.2.1/jakarta.activation-api-1.2.1.jar:/home/runner/.m2/repository/com/sun/jersey/jersey-servlet/1.19/jersey-servlet-1.19.jar:/home/runner/.m2/repository/com/sun/jersey/jersey-json/1.19/jersey-json-1.19.jar:/home/runner/.m2/repository/org/codehaus/jettison/jettison/1.1/jettison-1.1.jar:/home/runner/.m2/repository/com/sun/xml/bind/jaxb-impl/2.2.3-1/jaxb-impl-2.2.3-1.jar:/home/runner/.m2/repository/org/codehaus/jackson/jackson-jaxrs/1.9.2/jackson-jaxrs-1.9.2.jar:/home/runner/.m2/repository/org/codehaus/jackson/jackson-xc/1.9.2/jackson-xc-1.9.2.jar:/home/runner/.m2/repository/org/apache/commons/commons-configuration2/2.1.1/commons-configuration2-2.1.1.jar:/home/runner/.m2/repository/org/apache/commons/commons-text/1.4/commons-text-1.4.jar:/home/runner/.m2/repository/com/google/re2j/re2j/1.1/re2j-1.1.jar:/home/runner/.m2/repository/com/jcraft/jsch/0.1.54/jsch-0.1.54.jar:/home/runner/.m2/repository/org/apache/curator/curator-client/4.2.0/curator-client-4.2.0.jar:/home/runner/.m2/repository/org/apache/curator/curator-recipes/4.2.0/curator-recipes-4.2.0.jar:/home/runner/.m2/repository/org/apache/kerby/kerb-core/1.0.1/kerb-core-1.0.1.jar:/home/runner/.m2/repository/org/apache/kerby/kerby-pkix/1.0.1/kerby-pkix-1.0.1.jar:/home/runner/.m2/repository/org/apache/kerby/kerby-asn1/1.0.1/kerby-asn1-1.0.1.jar:/home/runner/.m2/repository/org/apache/kerby/kerby-util/1.0.1/kerby-util-1.0.1.jar:/home/runner/.m2/repository/dnsjava/dnsjava/2.1.7/dnsjava-2.1.7.jar:/home/runner/.m2/repository/org/xerial/snappy/snappy-java/1.1.8.2/snappy-java-1.1.8.2.jar:/home/runner/.m2/repository/org/slf4j/jul-to-slf4j/1.7.30/jul-to-slf4j-1.7.30.jar:/home/runner/.m2/repository/org/eclipse/jetty/jetty-util/9.4.43.v20210629/jetty-util-9.4.43.v20210629.jar:/home/runner/.m2/repository/com/fasterxml/jackson/core/jackson-databind/2.12.1/jackson-databind-2.12.1.jar:/home/runner/.m2/repository/org/apache/hadoop/hadoop-kms/3.3.1/hadoop-kms-3.3.1-tests.jar:/home/runner/.m2/repository/org/apache/ozone/hdds-server-scm/1.2.0-SNAPSHOT/hdds-server-scm-1.2.0-SNAPSHOT-tests.jar:/home/runner/.m2/repository/org/apache/ozone/hdds-container-service/1.2.0-SNAPSHOT/hdds-container-service-1.2.0-SNAPSHOT-tests.jar:/home/runner/.m2/repository/commons-codec/commons-codec/1.11/commons-codec-1.11.jar:/home/runner/.m2/repository/io/netty/netty-transport/4.1.63.Final/netty-transport-4.1.63.Final.jar:/home/runner/.m2/repository/io/netty/netty-resolver/4.1.63.Final/netty-resolver-4.1.63.Final.jar:/home/runner/.m2/repository/io/netty/netty-codec/4.1.63.Final/netty-codec-4.1.63.Final.jar:/home/runner/.m2/repository/io/netty/netty-handler/4.1.63.Final/netty-handler-4.1.63.Final.jar:/home/runner/.m2/repository/org/apache/ozone/hdds-hadoop-dependency-test/1.2.0-SNAPSHOT/hdds-hadoop-dependency-test-1.2.0-SNAPSHOT.jar:/home/runner/.m2/repository/org/apache/hadoop/hadoop-common/3.3.1/hadoop-common-3.3.1-tests.jar:/home/runner/.m2/repository/org/assertj/assertj-core/3.12.2/assertj-core-3.12.2.jar:/home/runner/.m2/repository/org/apache/hadoop/hadoop-hdfs/3.3.1/hadoop-hdfs-3.3.1-tests.jar:/home/runner/.m2/repository/org/eclipse/jetty/jetty-util-ajax/9.4.43.v20210629/jetty-util-ajax-9.4.43.v20210629.jar:/home/runner/.m2/repository/commons-daemon/commons-daemon/1.0.13/commons-daemon-1.0.13.jar:/home/runner/.m2/repository/io/netty/netty/3.10.6.Final/netty-3.10.6.Final.jar:/home/runner/.m2/repository/io/netty/netty-all/4.1.63.Final/netty-all-4.1.63.Final.jar:/home/runner/.m2/repository/org/apache/htrace/htrace-core4/4.1.0-incubating/htrace-core4-4.1.0-incubating.jar:/home/runner/.m2/repository/org/fusesource/leveldbjni/leveldbjni-all/1.8/leveldbjni-all-1.8.jar:/home/runner/.m2/repository/org/apache/hadoop/hadoop-distcp/3.3.1/hadoop-distcp-3.3.1.jar:/home/runner/.m2/repository/org/apache/hadoop/hadoop-mapreduce-client-jobclient/3.3.1/hadoop-mapreduce-client-jobclient-3.3.1.jar:/home/runner/.m2/repository/org/apache/hadoop/hadoop-mapreduce-client-common/3.3.1/hadoop-mapreduce-client-common-3.3.1.jar:/home/runner/.m2/repository/org/apache/hadoop/hadoop-yarn-common/3.3.1/hadoop-yarn-common-3.3.1.jar:/home/runner/.m2/repository/org/apache/hadoop/hadoop-yarn-api/3.3.1/hadoop-yarn-api-3.3.1.jar:/home/runner/.m2/repository/com/sun/jersey/jersey-client/1.19/jersey-client-1.19.jar:/home/runner/.m2/repository/com/sun/jersey/contribs/jersey-guice/1.19/jersey-guice-1.19.jar:/home/runner/.m2/repository/com/fasterxml/jackson/jaxrs/jackson-jaxrs-json-provider/2.12.1/jackson-jaxrs-json-provider-2.12.1.jar:/home/runner/.m2/repository/com/fasterxml/jackson/jaxrs/jackson-jaxrs-base/2.12.1/jackson-jaxrs-base-2.12.1.jar:/home/runner/.m2/repository/org/apache/hadoop/hadoop-yarn-client/3.3.1/hadoop-yarn-client-3.3.1.jar:/home/runner/.m2/repository/org/eclipse/jetty/websocket/websocket-client/9.4.40.v20210413/websocket-client-9.4.40.v20210413.jar:/home/runner/.m2/repository/org/eclipse/jetty/jetty-client/9.4.40.v20210413/jetty-client-9.4.40.v20210413.jar:/home/runner/.m2/repository/org/eclipse/jetty/websocket/websocket-common/9.4.40.v20210413/websocket-common-9.4.40.v20210413.jar:/home/runner/.m2/repository/org/eclipse/jetty/websocket/websocket-api/9.4.40.v20210413/websocket-api-9.4.40.v20210413.jar:/home/runner/.m2/repository/org/jline/jline/3.9.0/jline-3.9.0.jar:/home/runner/.m2/repository/org/apache/hadoop/hadoop-mapreduce-client-core/3.3.1/hadoop-mapreduce-client-core-3.3.1.jar:/home/runner/.m2/repository/org/apache/avro/avro/1.7.7/avro-1.7.7.jar:/home/runner/.m2/repository/org/codehaus/jackson/jackson-core-asl/1.9.13/jackson-core-asl-1.9.13.jar:/home/runner/.m2/repository/org/codehaus/jackson/jackson-mapper-asl/1.9.13/jackson-mapper-asl-1.9.13.jar:/home/runner/.m2/repository/com/thoughtworks/paranamer/paranamer/2.3/paranamer-2.3.jar:/home/runner/.m2/repository/org/apache/hadoop/hadoop-annotations/3.3.1/hadoop-annotations-3.3.1.jar:/usr/lib/jvm/adoptopenjdk-8-hotspot-amd64/jre/../lib/tools.jar:/home/runner/.m2/repository/org/apache/hadoop/hadoop-distcp/3.3.1/hadoop-distcp-3.3.1-tests.jar:"/>
    <property name="sun.cpu.endian" value="little"/>
    <property name="user.home" value="/home/runner"/>
    <property name="user.language" value="en"/>
    <property name="java.specification.vendor" value="Oracle Corporation"/>
    <property name="java.home" value="/usr/lib/jvm/adoptopenjdk-8-hotspot-amd64/jre"/>
    <property name="java.security.krb5.conf" value="/home/runner/work/ozone/ozone/hadoop-ozone/integration-test/target/test-classes/krb5.conf"/>
    <property name="basedir" value="/home/runner/work/ozone/ozone/hadoop-ozone/integration-test"/>
    <property name="file.separator" value="/"/>
    <property name="line.separator" value="&#10;"/>
    <property name="java.vm.specification.vendor" value="Oracle Corporation"/>
    <property name="java.specification.name" value="Java Platform API Specification"/>
    <property name="java.awt.graphicsenv" value="sun.awt.X11GraphicsEnvironment"/>
    <property name="skip.installnpx" value="true"/>
    <property name="surefire.real.class.path" value="/home/runner/work/ozone/ozone/hadoop-ozone/integration-test/target/surefire/surefirebooter1648150279501610095.jar:/home/runner/.m2/repository/org/jacoco/org.jacoco.agent/0.8.5/org.jacoco.agent-0.8.5-runtime.jar"/>
    <property name="hadoop.log.dir" value="/home/runner/work/ozone/ozone/hadoop-ozone/integration-test/target/log"/>
    <property name="sun.boot.class.path" value="/usr/lib/jvm/adoptopenjdk-8-hotspot-amd64/jre/lib/resources.jar:/usr/lib/jvm/adoptopenjdk-8-hotspot-amd64/jre/lib/rt.jar:/usr/lib/jvm/adoptopenjdk-8-hotspot-amd64/jre/lib/sunrsasign.jar:/usr/lib/jvm/adoptopenjdk-8-hotspot-amd64/jre/lib/jsse.jar:/usr/lib/jvm/adoptopenjdk-8-hotspot-amd64/jre/lib/jce.jar:/usr/lib/jvm/adoptopenjdk-8-hotspot-amd64/jre/lib/charsets.jar:/usr/lib/jvm/adoptopenjdk-8-hotspot-amd64/jre/lib/jfr.jar:/usr/lib/jvm/adoptopenjdk-8-hotspot-amd64/jre/classes"/>
    <property name="sun.management.compiler" value="HotSpot 64-Bit Tiered Compilers"/>
    <property name="skip.npx" value="true"/>
    <property name="java.runtime.version" value="1.8.0_292-b10"/>
    <property name="java.net.preferIPv4Stack" value="true"/>
    <property name="user.name" value="runner"/>
    <property name="path.separator" value=":"/>
    <property name="java.security.egd" value="file:///dev/urandom"/>
    <property name="os.version" value="5.4.0-1055-azure"/>
    <property name="java.endorsed.dirs" value="/usr/lib/jvm/adoptopenjdk-8-hotspot-amd64/jre/lib/endorsed"/>
    <property name="java.runtime.name" value="OpenJDK Runtime Environment"/>
    <property name="file.encoding" value="UTF-8"/>
    <property name="java.vm.name" value="OpenJDK 64-Bit Server VM"/>
    <property name="test.build.webapps" value=""/>
    <property name="localRepository" value="/home/runner/.m2/repository"/>
    <property name="java.vendor.url.bug" value="https://github.com/AdoptOpenJDK/openjdk-support/issues"/>
    <property name="java.io.tmpdir" value="/tmp"/>
    <property name="require.test.libhadoop" value=""/>
    <property name="java.version" value="1.8.0_292"/>
    <property name="user.dir" value="/home/runner/work/ozone/ozone/hadoop-ozone/integration-test"/>
    <property name="os.arch" value="amd64"/>
    <property name="java.vm.specification.name" value="Java Virtual Machine Specification"/>
    <property name="test.build.classes" value="/home/runner/work/ozone/ozone/hadoop-ozone/integration-test/target/test-classes"/>
    <property name="java.awt.printerjob" value="sun.print.PSPrinterJob"/>
    <property name="sun.os.patch.level" value="unknown"/>
    <property name="hadoop.tmp.dir" value="/home/runner/work/ozone/ozone/hadoop-ozone/integration-test/target/tmp"/>
    <property name="java.library.path" value="/usr/java/packages/lib/amd64:/usr/lib64:/lib64:/lib:/usr/lib"/>
    <property name="java.vm.info" value="mixed mode"/>
    <property name="java.vendor" value="AdoptOpenJDK"/>
    <property name="java.vm.version" value="25.292-b10"/>
    <property name="java.ext.dirs" value="/usr/lib/jvm/adoptopenjdk-8-hotspot-amd64/jre/lib/ext:/usr/java/packages/lib/ext"/>
    <property name="sun.io.unicode.encoding" value="UnicodeLittle"/>
    <property name="java.class.version" value="52.0"/>
  </properties>
  <testcase name="testApplyTransactionIdempotencyWithClosedContainer" classname="org.apache.hadoop.ozone.client.rpc.TestContainerStateMachineFailures" time="0.767">
    <failure type="java.lang.AssertionError">java.lang.AssertionError
	at org.junit.Assert.fail(Assert.java:87)
	at org.junit.Assert.assertTrue(Assert.java:42)
	at org.junit.Assert.assertFalse(Assert.java:65)
	at org.junit.Assert.assertFalse(Assert.java:75)
	at org.apache.hadoop.ozone.client.rpc.TestContainerStateMachineFailures.testApplyTransactionIdempotencyWithClosedContainer(TestContainerStateMachineFailures.java:462)
	at sun.reflect.NativeMethodAccessorImpl.invoke0(Native Method)
	at sun.reflect.NativeMethodAccessorImpl.invoke(NativeMethodAccessorImpl.java:62)
	at sun.reflect.DelegatingMethodAccessorImpl.invoke(DelegatingMethodAccessorImpl.java:43)
	at java.lang.reflect.Method.invoke(Method.java:498)
	at org.junit.runners.model.FrameworkMethod$1.runReflectiveCall(FrameworkMethod.java:59)
	at org.junit.internal.runners.model.ReflectiveCallable.run(ReflectiveCallable.java:12)
	at org.junit.runners.model.FrameworkMethod.invokeExplosively(FrameworkMethod.java:56)
	at org.junit.internal.runners.statements.InvokeMethod.evaluate(InvokeMethod.java:17)
	at org.junit.runners.ParentRunner$3.evaluate(ParentRunner.java:306)
	at org.junit.runners.BlockJUnit4ClassRunner$1.evaluate(BlockJUnit4ClassRunner.java:100)
	at org.junit.runners.ParentRunner.runLeaf(ParentRunner.java:366)
	at org.junit.runners.BlockJUnit4ClassRunner.runChild(BlockJUnit4ClassRunner.java:103)
	at org.junit.runners.BlockJUnit4ClassRunner.runChild(BlockJUnit4ClassRunner.java:63)
	at org.junit.runners.ParentRunner$4.run(ParentRunner.java:331)
	at org.junit.runners.ParentRunner$1.schedule(ParentRunner.java:79)
	at org.junit.runners.ParentRunner.runChildren(ParentRunner.java:329)
	at org.junit.runners.ParentRunner.access$100(ParentRunner.java:66)
	at org.junit.runners.ParentRunner$2.evaluate(ParentRunner.java:293)
	at org.junit.internal.runners.statements.RunBefores.evaluate(RunBefores.java:26)
	at org.junit.internal.runners.statements.RunAfters.evaluate(RunAfters.java:27)
	at org.junit.runners.ParentRunner$3.evaluate(ParentRunner.java:306)
	at org.junit.runners.ParentRunner.run(ParentRunner.java:413)
	at org.junit.runner.JUnitCore.run(JUnitCore.java:137)
	at org.junit.runner.JUnitCore.run(JUnitCore.java:115)
	at org.junit.vintage.engine.execution.RunnerExecutor.execute(RunnerExecutor.java:43)
	at java.util.stream.ForEachOps$ForEachOp$OfRef.accept(ForEachOps.java:183)
	at java.util.stream.ReferencePipeline$3$1.accept(ReferencePipeline.java:193)
	at java.util.Iterator.forEachRemaining(Iterator.java:116)
	at java.util.Spliterators$IteratorSpliterator.forEachRemaining(Spliterators.java:1801)
	at java.util.stream.AbstractPipeline.copyInto(AbstractPipeline.java:482)
	at java.util.stream.AbstractPipeline.wrapAndCopyInto(AbstractPipeline.java:472)
	at java.util.stream.ForEachOps$ForEachOp.evaluateSequential(ForEachOps.java:150)
	at java.util.stream.ForEachOps$ForEachOp$OfRef.evaluateSequential(ForEachOps.java:173)
	at java.util.stream.AbstractPipeline.evaluate(AbstractPipeline.java:234)
	at java.util.stream.ReferencePipeline.forEach(ReferencePipeline.java:485)
	at org.junit.vintage.engine.VintageTestEngine.executeAllChildren(VintageTestEngine.java:82)
	at org.junit.vintage.engine.VintageTestEngine.execute(VintageTestEngine.java:73)
	at org.junit.platform.launcher.core.EngineExecutionOrchestrator.execute(EngineExecutionOrchestrator.java:108)
	at org.junit.platform.launcher.core.EngineExecutionOrchestrator.execute(EngineExecutionOrchestrator.java:88)
	at org.junit.platform.launcher.core.EngineExecutionOrchestrator.lambda$execute$0(EngineExecutionOrchestrator.java:54)
	at org.junit.platform.launcher.core.EngineExecutionOrchestrator.withInterceptedStreams(EngineExecutionOrchestrator.java:67)
	at org.junit.platform.launcher.core.EngineExecutionOrchestrator.execute(EngineExecutionOrchestrator.java:52)
	at org.junit.platform.launcher.core.DefaultLauncher.execute(DefaultLauncher.java:96)
	at org.junit.platform.launcher.core.DefaultLauncher.execute(DefaultLauncher.java:75)
	at org.apache.maven.surefire.junitplatform.JUnitPlatformProvider.invokeAllTests(JUnitPlatformProvider.java:142)
	at org.apache.maven.surefire.junitplatform.JUnitPlatformProvider.invoke(JUnitPlatformProvider.java:113)
	at org.apache.maven.surefire.booter.ForkedBooter.invokeProviderInSameClassLoader(ForkedBooter.java:384)
	at org.apache.maven.surefire.booter.ForkedBooter.runSuitesInProcess(ForkedBooter.java:345)
	at org.apache.maven.surefire.booter.ForkedBooter.execute(ForkedBooter.java:126)
	at org.apache.maven.surefire.booter.ForkedBooter.main(ForkedBooter.java:418)
</failure>
    <system-out><![CDATA[2021-08-14 01:18:13,391 [main] WARN  server.ServerUtils (ServerUtils.java:getScmDbDir(148)) - ozone.scm.db.dirs is not configured. We recommend adding this setting. Falling back to ozone.metadata.dirs instead.
2021-08-14 01:18:13,479 [main] INFO  ha.SCMHANodeDetails (SCMHANodeDetails.java:loadSCMHAConfig(157)) - ServiceID for StorageContainerManager is null
2021-08-14 01:18:13,479 [main] INFO  ha.SCMHANodeDetails (SCMHANodeDetails.java:loadSCMHAConfig(162)) - ozone.scm.default.service.id is not defined, falling back to ozone.scm.service.ids to find serviceID for StorageContainerManager if it is HA enabled cluster
2021-08-14 01:18:13,581 [main] WARN  server.ServerUtils (ServerUtils.java:getScmDbDir(148)) - ozone.scm.db.dirs is not configured. We recommend adding this setting. Falling back to ozone.metadata.dirs instead.
2021-08-14 01:18:13,584 [main] INFO  upgrade.AbstractLayoutVersionManager (AbstractLayoutVersionManager.java:init(70)) - Initializing Layout version manager with metadata layout = SCM_HA (version = 2), software layout = SCM_HA (version = 2)
2021-08-14 01:18:13,844 [main] INFO  reflections.Reflections (Reflections.java:scan(232)) - Reflections took 165 ms to scan 7 urls, producing 120 keys and 275 values 
2021-08-14 01:18:14,504 [main] WARN  utils.HAUtils (HAUtils.java:getMetaDir(342)) - ozone.scm.db.dirs is not configured. We recommend adding this setting. Falling back to ozone.metadata.dirs instead.
2021-08-14 01:18:14,627 [main] WARN  db.DBStoreBuilder (DBStoreBuilder.java:applyDBDefinition(145)) - ozone.scm.db.dirs is not configured. We recommend adding this setting. Falling back to ozone.metadata.dirs instead.
2021-08-14 01:18:14,797 [main] INFO  net.NodeSchemaLoader (NodeSchemaLoader.java:loadSchemaFromFile(129)) - Loading schema from [jar:file:/home/runner/.m2/repository/org/apache/ozone/hdds-common/1.2.0-SNAPSHOT/hdds-common-1.2.0-SNAPSHOT.jar!/network-topology-default.xml]
2021-08-14 01:18:14,799 [main] INFO  net.NodeSchemaLoader (NodeSchemaLoader.java:loadSchema(176)) - Loading network topology layer schema file
2021-08-14 01:18:14,847 [main] INFO  ha.SequenceIdGenerator (SequenceIdGenerator.java:upgradeToSequenceId(327)) - upgrade localId to 107544261427200000
2021-08-14 01:18:14,848 [main] INFO  ha.SequenceIdGenerator (SequenceIdGenerator.java:upgradeToSequenceId(337)) - upgrade delTxnId to 0
2021-08-14 01:18:14,851 [main] INFO  ha.SequenceIdGenerator (SequenceIdGenerator.java:upgradeToSequenceId(351)) - upgrade containerId to 0
2021-08-14 01:18:14,853 [main] INFO  ha.SequenceIdGenerator (SequenceIdGenerator.java:<init>(217)) - Init the HA SequenceIdGenerator.
2021-08-14 01:18:14,896 [main] INFO  node.SCMNodeManager (SCMNodeManager.java:<init>(145)) - Entering startup safe mode.
2021-08-14 01:18:14,950 [main] INFO  algorithms.ContainerPlacementPolicyFactory (ContainerPlacementPolicyFactory.java:getPolicy(60)) - Create container placement policy of type org.apache.hadoop.hdds.scm.container.placement.algorithms.SCMContainerPlacementRandom
2021-08-14 01:18:14,961 [main] INFO  pipeline.PipelineStateManager (PipelineStateManagerV2Impl.java:initialize(78)) - No pipeline exists in current db
2021-08-14 01:18:14,992 [main] INFO  algorithms.LeaderChoosePolicyFactory (LeaderChoosePolicyFactory.java:getPolicy(57)) - Create leader choose policy of type org.apache.hadoop.hdds.scm.pipeline.leader.choose.algorithms.MinLeaderCountChoosePolicy
2021-08-14 01:18:15,002 [main] INFO  ha.SCMServiceManager (SCMServiceManager.java:register(43)) - Registering service BackgroundPipelineCreator.
2021-08-14 01:18:15,002 [main] INFO  pipeline.BackgroundPipelineCreator (BackgroundPipelineCreatorV2.java:start(130)) - Starting RatisPipelineUtilsThread.
2021-08-14 01:18:15,034 [main] INFO  algorithms.PipelineChoosePolicyFactory (PipelineChoosePolicyFactory.java:createPipelineChoosePolicyFromClass(73)) - Create pipeline choose policy of type org.apache.hadoop.hdds.scm.pipeline.choose.algorithms.RandomPipelineChoosePolicy
2021-08-14 01:18:15,051 [main] INFO  ha.SCMServiceManager (SCMServiceManager.java:register(43)) - Registering service SCMBlockDeletingService.
2021-08-14 01:18:15,063 [main] INFO  ha.SCMServiceManager (SCMServiceManager.java:register(43)) - Registering service ReplicationManager.
2021-08-14 01:18:15,065 [main] INFO  container.ReplicationManager (ReplicationManager.java:start(286)) - Starting Replication Monitor Thread.
2021-08-14 01:18:15,076 [ReplicationMonitor] INFO  container.ReplicationManager (ReplicationManager.java:processAll(341)) - Replication Monitor Thread took 1 milliseconds for processing 0 containers.
2021-08-14 01:18:15,077 [main] INFO  safemode.ContainerSafeModeRule (ContainerSafeModeRule.java:<init>(89)) - containers with one replica threshold count 0
2021-08-14 01:18:15,081 [main] INFO  safemode.HealthyPipelineSafeModeRule (HealthyPipelineSafeModeRule.java:initializeRule(156)) - Total pipeline count is 0, healthy pipeline threshold count is 1
2021-08-14 01:18:15,083 [main] INFO  safemode.OneReplicaPipelineSafeModeRule (OneReplicaPipelineSafeModeRule.java:initializeRule(180)) - Total pipeline count is 0, pipeline's with at least one datanode reported threshold count is 0
2021-08-14 01:18:15,465 [main] INFO  ipc.CallQueueManager (CallQueueManager.java:<init>(90)) - Using callQueue: class java.util.concurrent.LinkedBlockingQueue, queueCapacity: 2000, scheduler: class org.apache.hadoop.ipc.DefaultRpcScheduler, ipcBackoff: false.
2021-08-14 01:18:15,507 [Socket Reader #1 for port 0] INFO  ipc.Server (Server.java:run(1265)) - Starting Socket Reader #1 for port 0
2021-08-14 01:18:15,550 [Listener at 0.0.0.0/42979] INFO  ipc.CallQueueManager (CallQueueManager.java:<init>(90)) - Using callQueue: class java.util.concurrent.LinkedBlockingQueue, queueCapacity: 2000, scheduler: class org.apache.hadoop.ipc.DefaultRpcScheduler, ipcBackoff: false.
2021-08-14 01:18:15,555 [Socket Reader #1 for port 0] INFO  ipc.Server (Server.java:run(1265)) - Starting Socket Reader #1 for port 0
2021-08-14 01:18:15,571 [Listener at 0.0.0.0/37629] INFO  ipc.CallQueueManager (CallQueueManager.java:<init>(90)) - Using callQueue: class java.util.concurrent.LinkedBlockingQueue, queueCapacity: 2000, scheduler: class org.apache.hadoop.ipc.DefaultRpcScheduler, ipcBackoff: false.
2021-08-14 01:18:15,575 [Socket Reader #1 for port 0] INFO  ipc.Server (Server.java:run(1265)) - Starting Socket Reader #1 for port 0
2021-08-14 01:18:15,638 [Listener at 0.0.0.0/42025] INFO  algorithms.ContainerPlacementPolicyFactory (ContainerPlacementPolicyFactory.java:getPolicy(60)) - Create container placement policy of type org.apache.hadoop.hdds.scm.container.placement.algorithms.SCMContainerPlacementRandom
2021-08-14 01:18:15,645 [Listener at 0.0.0.0/42025] INFO  server.StorageContainerManager (StorageContainerManager.java:<init>(383)) - 
Container Balancer status:
Key                            Value
Running                        false
Container Balancer Configuration values:
Key                                                Value
Threshold                                          0.1
Max Datanodes to Involve per Iteration(ratio)      0.5
Max Size to Move per Iteration                     10737418240B

2021-08-14 01:18:15,645 [Listener at 0.0.0.0/42025] WARN  events.EventQueue (EventQueue.java:fireEvent(194)) - No event handler registered for event TypedEvent{payloadType=SafeModeStatus, name='Safe mode status'}
2021-08-14 01:18:15,645 [Listener at 0.0.0.0/42025] INFO  ha.SCMContext (SCMContext.java:updateSafeModeStatus(205)) - Update SafeModeStatus from SafeModeStatus{safeModeStatus=true, preCheckPassed=false} to SafeModeStatus{safeModeStatus=true, preCheckPassed=false}.
2021-08-14 01:18:15,649 [Listener at 0.0.0.0/42025] INFO  server.StorageContainerManager (StorageContainerManager.java:start(1249)) - StorageContainerLocationProtocol RPC server is listening at /0.0.0.0:42025
2021-08-14 01:18:15,721 [Listener at 0.0.0.0/42025] WARN  impl.MetricsConfig (MetricsConfig.java:loadFirst(136)) - Cannot locate configuration: tried hadoop-metrics2-storagecontainermanager.properties,hadoop-metrics2.properties
2021-08-14 01:18:15,738 [Listener at 0.0.0.0/42025] INFO  impl.MetricsSystemImpl (MetricsSystemImpl.java:startTimer(378)) - Scheduled Metric snapshot period at 10 second(s).
2021-08-14 01:18:15,738 [Listener at 0.0.0.0/42025] INFO  impl.MetricsSystemImpl (MetricsSystemImpl.java:start(191)) - StorageContainerManager metrics system started
2021-08-14 01:18:16,092 [Listener at 0.0.0.0/42025] INFO  server.SCMClientProtocolServer (SCMClientProtocolServer.java:start(164)) - RPC server for Client  is listening at /0.0.0.0:42025
2021-08-14 01:18:16,094 [IPC Server Responder] INFO  ipc.Server (Server.java:run(1507)) - IPC Server Responder: starting
2021-08-14 01:18:16,095 [IPC Server listener on 0] INFO  ipc.Server (Server.java:run(1344)) - IPC Server listener on 0: starting
2021-08-14 01:18:16,103 [Listener at 0.0.0.0/42025] INFO  server.StorageContainerManager (StorageContainerManager.java:start(1264)) - ScmBlockLocationProtocol RPC server is listening at /0.0.0.0:37629
2021-08-14 01:18:16,109 [Listener at 0.0.0.0/42025] INFO  server.SCMBlockProtocolServer (SCMBlockProtocolServer.java:start(151)) - RPC server for Block Protocol is listening at /0.0.0.0:37629
2021-08-14 01:18:16,109 [IPC Server Responder] INFO  ipc.Server (Server.java:run(1507)) - IPC Server Responder: starting
2021-08-14 01:18:16,109 [IPC Server listener on 0] INFO  ipc.Server (Server.java:run(1344)) - IPC Server listener on 0: starting
2021-08-14 01:18:16,113 [Listener at 0.0.0.0/42025] INFO  server.StorageContainerManager (StorageContainerManager.java:start(1270)) - ScmDatanodeProtocl RPC server is listening at /0.0.0.0:42979
2021-08-14 01:18:16,113 [Listener at 0.0.0.0/42025] INFO  server.SCMDatanodeProtocolServer (SCMDatanodeProtocolServer.java:start(181)) - RPC server for DataNodes is listening at /0.0.0.0:42979
2021-08-14 01:18:16,115 [IPC Server Responder] INFO  ipc.Server (Server.java:run(1507)) - IPC Server Responder: starting
2021-08-14 01:18:16,115 [IPC Server listener on 0] INFO  ipc.Server (Server.java:run(1344)) - IPC Server listener on 0: starting
2021-08-14 01:18:16,132 [org.apache.hadoop.util.JvmPauseMonitor$Monitor@77a85e76] INFO  util.JvmPauseMonitor (JvmPauseMonitor.java:run(188)) - Starting JVM pause monitor
2021-08-14 01:18:16,147 [Listener at 0.0.0.0/42025] INFO  http.BaseHttpServer (BaseHttpServer.java:newHttpServer2BuilderForOzone(209)) - Starting Web-server for scm at: http://0.0.0.0:0
2021-08-14 01:18:16,147 [Listener at 0.0.0.0/42025] INFO  http.BaseHttpServer (BaseHttpServer.java:<init>(107)) - Hadoop Security Enabled: false Ozone Security Enabled: false Ozone HTTP Security Enabled: false 
2021-08-14 01:18:16,179 [Listener at 0.0.0.0/42025] INFO  util.log (Log.java:initialized(170)) - Logging initialized @4244ms to org.eclipse.jetty.util.log.Slf4jLog
2021-08-14 01:18:16,291 [Listener at 0.0.0.0/42025] INFO  server.AuthenticationFilter (AuthenticationFilter.java:constructSecretProvider(240)) - Unable to initialize FileSignerSecretProvider, falling back to use random secrets.
2021-08-14 01:18:16,298 [Listener at 0.0.0.0/42025] WARN  http.HttpRequestLog (HttpRequestLog.java:getRequestLog(103)) - Jetty request log can only be enabled using Log4j
2021-08-14 01:18:16,304 [Listener at 0.0.0.0/42025] INFO  http.HttpServer2 (HttpServer2.java:addGlobalFilter(1020)) - Added global filter 'safety' (class=org.apache.hadoop.hdds.server.http.HttpServer2$QuotingInputFilter)
2021-08-14 01:18:16,306 [Listener at 0.0.0.0/42025] INFO  http.HttpServer2 (HttpServer2.java:addFilter(996)) - Added filter static_user_filter (class=org.apache.hadoop.http.lib.StaticUserWebFilter$StaticUserFilter) to context scm
2021-08-14 01:18:16,306 [Listener at 0.0.0.0/42025] INFO  http.HttpServer2 (HttpServer2.java:addFilter(1004)) - Added filter static_user_filter (class=org.apache.hadoop.http.lib.StaticUserWebFilter$StaticUserFilter) to context logs
2021-08-14 01:18:16,306 [Listener at 0.0.0.0/42025] INFO  http.HttpServer2 (HttpServer2.java:addFilter(1004)) - Added filter static_user_filter (class=org.apache.hadoop.http.lib.StaticUserWebFilter$StaticUserFilter) to context static
2021-08-14 01:18:16,346 [Listener at 0.0.0.0/42025] INFO  http.HttpServer2 (HttpServer2.java:bindListener(1239)) - Jetty bound to port 39443
2021-08-14 01:18:16,347 [Listener at 0.0.0.0/42025] INFO  server.Server (Server.java:doStart(375)) - jetty-9.4.43.v20210629; built: 2021-06-30T11:07:22.254Z; git: 526006ecfa3af7f1a27ef3a288e2bef7ea9dd7e8; jvm 1.8.0_292-b10
2021-08-14 01:18:16,386 [Listener at 0.0.0.0/42025] INFO  server.session (DefaultSessionIdManager.java:doStart(334)) - DefaultSessionIdManager workerName=node0
2021-08-14 01:18:16,386 [Listener at 0.0.0.0/42025] INFO  server.session (DefaultSessionIdManager.java:doStart(339)) - No SessionScavenger set, using defaults
2021-08-14 01:18:16,388 [Listener at 0.0.0.0/42025] INFO  server.session (HouseKeeper.java:startScavenging(132)) - node0 Scavenging every 600000ms
2021-08-14 01:18:16,401 [Listener at 0.0.0.0/42025] INFO  handler.ContextHandler (ContextHandler.java:doStart(915)) - Started o.e.j.s.ServletContextHandler@54970127{logs,/logs,file:///home/runner/work/ozone/ozone/hadoop-ozone/integration-test/target/log,AVAILABLE}
2021-08-14 01:18:16,402 [Listener at 0.0.0.0/42025] INFO  handler.ContextHandler (ContextHandler.java:doStart(915)) - Started o.e.j.s.ServletContextHandler@3700994c{static,/static,file:///home/runner/work/ozone/ozone/hadoop-ozone/integration-test/target/test-classes/webapps/static,AVAILABLE}
2021-08-14 01:18:16,448 [Listener at 0.0.0.0/42025] INFO  handler.ContextHandler (ContextHandler.java:doStart(915)) - Started o.e.j.w.WebAppContext@50d05167{scm,/,file:///home/runner/work/ozone/ozone/hadoop-ozone/integration-test/target/test-classes/webapps/scm/,AVAILABLE}{file:/home/runner/work/ozone/ozone/hadoop-ozone/integration-test/target/test-classes/webapps/scm}
2021-08-14 01:18:16,460 [Listener at 0.0.0.0/42025] INFO  server.AbstractConnector (AbstractConnector.java:doStart(331)) - Started ServerConnector@5cba890e{HTTP/1.1, (http/1.1)}{0.0.0.0:39443}
2021-08-14 01:18:16,460 [Listener at 0.0.0.0/42025] INFO  server.Server (Server.java:doStart(415)) - Started @4525ms
2021-08-14 01:18:16,467 [Listener at 0.0.0.0/42025] INFO  impl.MetricsSinkAdapter (MetricsSinkAdapter.java:start(204)) - Sink prometheus started
2021-08-14 01:18:16,467 [Listener at 0.0.0.0/42025] INFO  impl.MetricsSystemImpl (MetricsSystemImpl.java:registerSink(305)) - Registered sink prometheus
2021-08-14 01:18:16,468 [Listener at 0.0.0.0/42025] INFO  http.BaseHttpServer (BaseHttpServer.java:updateConnectorAddress(329)) - HTTP server of scm listening at http://0.0.0.0:39443
2021-08-14 01:18:16,474 [Listener at 0.0.0.0/42025] WARN  server.ServerUtils (ServerUtils.java:getDBPath(225)) - ozone.om.db.dirs is not configured. We recommend adding this setting. Falling back to ozone.metadata.dirs instead.
2021-08-14 01:18:16,598 [Listener at 0.0.0.0/42025] INFO  ha.OMHANodeDetails (OMHANodeDetails.java:loadOMHAConfig(112)) - ozone.om.internal.service.id is not defined, falling back to ozone.om.service.ids to find serviceID for OzoneManager if it is HA enabled cluster
2021-08-14 01:18:16,601 [Listener at 0.0.0.0/42025] INFO  ha.OMHANodeDetails (OMHANodeDetails.java:loadOMHAConfig(219)) - Configuration does not have ozone.om.address set. Falling back to the default OM address /127.0.0.1:0
2021-08-14 01:18:16,601 [Listener at 0.0.0.0/42025] INFO  ha.OMHANodeDetails (OMHANodeDetails.java:getOMNodeDetails(247)) - OM Service ID is not set. Setting it to the default ID: omServiceIdDefault
2021-08-14 01:18:16,602 [Listener at 0.0.0.0/42025] INFO  ha.OMHANodeDetails (OMHANodeDetails.java:getOMNodeDetails(254)) - OM Node ID is not set. Setting it to the default ID: om1
2021-08-14 01:18:16,605 [Listener at 0.0.0.0/42025] WARN  server.ServerUtils (ServerUtils.java:getDBPath(225)) - ozone.om.db.dirs is not configured. We recommend adding this setting. Falling back to ozone.metadata.dirs instead.
2021-08-14 01:18:16,607 [Listener at 0.0.0.0/42025] INFO  upgrade.AbstractLayoutVersionManager (AbstractLayoutVersionManager.java:init(70)) - Initializing Layout version manager with metadata layout = INITIAL_VERSION (version = 0), software layout = INITIAL_VERSION (version = 0)
2021-08-14 01:18:16,659 [Listener at 0.0.0.0/42025] INFO  reflections.Reflections (Reflections.java:scan(232)) - Reflections took 48 ms to scan 2 urls, producing 131 keys and 342 values [using 2 cores]
2021-08-14 01:18:16,665 [Listener at 0.0.0.0/42025] INFO  upgrade.OMLayoutVersionManager (OMLayoutVersionManager.java:lambda$0(116)) - Skipping Upgrade Action MockOmUpgradeAction since it has been finalized.
2021-08-14 01:18:16,666 [Listener at 0.0.0.0/42025] WARN  server.ServerUtils (ServerUtils.java:getDBPath(225)) - ozone.om.db.dirs is not configured. We recommend adding this setting. Falling back to ozone.metadata.dirs instead.
2021-08-14 01:18:17,144 [Listener at 0.0.0.0/42025] WARN  server.ServerUtils (ServerUtils.java:getDBPath(225)) - ozone.om.db.dirs is not configured. We recommend adding this setting. Falling back to ozone.metadata.dirs instead.
2021-08-14 01:18:17,152 [Listener at 0.0.0.0/42025] INFO  codec.OmKeyInfoCodec (OmKeyInfoCodec.java:<init>(51)) - OmKeyInfoCodec ignorePipeline = true
2021-08-14 01:18:17,153 [Listener at 0.0.0.0/42025] INFO  codec.RepeatedOmKeyInfoCodec (RepeatedOmKeyInfoCodec.java:<init>(42)) - RepeatedOmKeyInfoCodec ignorePipeline = true
2021-08-14 01:18:17,390 [Listener at 0.0.0.0/42025] INFO  om.OzoneManager (OzoneManager.java:addS3GVolumeToDB(4115)) - Created Volume s3v With Owner runner required for S3Gateway operations.
2021-08-14 01:18:17,460 [Listener at 0.0.0.0/42025] WARN  server.ServerUtils (ServerUtils.java:getDefaultRatisDirectory(237)) - Storage directory for Ratis is not configured. It is a good idea to map this to an SSD disk. Falling back to ozone.metadata.dirs
2021-08-14 01:18:17,460 [Listener at 0.0.0.0/42025] WARN  utils.OzoneManagerRatisUtils (OzoneManagerRatisUtils.java:getOMRatisSnapshotDirectory(391)) - ozone.om.ratis.snapshot.dir is not configured. Falling back to ozone.metadata.dirs config
2021-08-14 01:18:17,485 [Listener at 0.0.0.0/42025] INFO  metrics.MetricRegistries (MetricRegistriesLoader.java:load(64)) - Loaded MetricRegistries class org.apache.ratis.metrics.impl.MetricRegistriesImpl
2021-08-14 01:18:17,494 [Listener at 0.0.0.0/42025] WARN  server.ServerUtils (ServerUtils.java:getDefaultRatisDirectory(237)) - Storage directory for Ratis is not configured. It is a good idea to map this to an SSD disk. Falling back to ozone.metadata.dirs
2021-08-14 01:18:17,523 [Listener at 0.0.0.0/42025] INFO  ratis.OzoneManagerRatisServer (OzoneManagerRatisServer.java:<init>(158)) - Instantiating OM Ratis server with groupID: omServiceIdDefault and peers: localhost:9872
2021-08-14 01:18:17,531 [Listener at 0.0.0.0/42025] INFO  ratis.OzoneManagerStateMachine (OzoneManagerStateMachine.java:loadSnapshotInfoFromDB(605)) - LastAppliedIndex is set from TransactionInfo from OM DB as (t:0, i:~)
2021-08-14 01:18:17,570 [Listener at 0.0.0.0/42025] INFO  server.RaftServer (ConfUtils.java:logGet(44)) - raft.rpc.type = GRPC (default)
2021-08-14 01:18:17,631 [Listener at 0.0.0.0/42025] INFO  grpc.GrpcFactory (GrpcFactory.java:checkPooledByteBufAllocatorUseCacheForAllThreads(48)) - PERFORMANCE WARNING: useCacheForAllThreads is true that may cause Netty to create a lot garbage objects and, as a result, trigger GC.
	It is recommended to disable useCacheForAllThreads by setting -Dorg.apache.ratis.thirdparty.io.netty.allocator.useCacheForAllThreads=false in command line.
2021-08-14 01:18:17,636 [Listener at 0.0.0.0/42025] INFO  grpc.GrpcConfigKeys (ConfUtils.java:logGet(44)) - raft.grpc.admin.port = -1 (default)
2021-08-14 01:18:17,637 [Listener at 0.0.0.0/42025] INFO  grpc.GrpcConfigKeys (ConfUtils.java:logGet(44)) - raft.grpc.server.port = 9872 (custom)
2021-08-14 01:18:17,637 [Listener at 0.0.0.0/42025] INFO  grpc.GrpcConfigKeys (ConfUtils.java:logGet(44)) - raft.grpc.client.port = -1 (default)
2021-08-14 01:18:17,638 [Listener at 0.0.0.0/42025] INFO  grpc.GrpcConfigKeys (ConfUtils.java:logGet(44)) - raft.grpc.server.port = 9872 (custom)
2021-08-14 01:18:17,638 [Listener at 0.0.0.0/42025] INFO  grpc.GrpcConfigKeys (ConfUtils.java:logGet(44)) - raft.grpc.server.port = 9872 (custom)
2021-08-14 01:18:17,639 [Listener at 0.0.0.0/42025] INFO  server.GrpcService (ConfUtils.java:logGet(44)) - raft.grpc.message.size.max = 33554432 (custom)
2021-08-14 01:18:17,640 [Listener at 0.0.0.0/42025] INFO  server.RaftServerConfigKeys (ConfUtils.java:logGet(44)) - raft.server.log.appender.buffer.byte-limit = 33554432 (custom)
2021-08-14 01:18:17,641 [Listener at 0.0.0.0/42025] INFO  server.GrpcService (ConfUtils.java:logGet(44)) - raft.grpc.flow.control.window = 1MB (=1048576) (default)
2021-08-14 01:18:17,642 [Listener at 0.0.0.0/42025] INFO  server.RaftServerConfigKeys (ConfUtils.java:logGet(44)) - raft.server.rpc.request.timeout = 3000ms (default)
2021-08-14 01:18:17,871 [Listener at 0.0.0.0/42025] INFO  impl.DataStreamServerImpl (ConfUtils.java:logGet(44)) - raft.datastream.type = DISABLED (default)
2021-08-14 01:18:17,874 [Listener at 0.0.0.0/42025] INFO  server.RaftServerConfigKeys (ConfUtils.java:logGet(44)) - raft.server.rpc.slowness.timeout = 120s (custom)
2021-08-14 01:18:17,874 [Listener at 0.0.0.0/42025] INFO  server.RaftServerConfigKeys (ConfUtils.java:logGet(44)) - raft.server.leaderelection.leader.step-down.wait-time = 10s (default)
2021-08-14 01:18:17,885 [Listener at 0.0.0.0/42025] INFO  server.RaftServerConfigKeys (ConfUtils.java:logGet(44)) - raft.server.storage.dir = [/home/runner/work/ozone/ozone/hadoop-ozone/integration-test/target/test-dir/MiniOzoneClusterImpl-0159c105-9d83-42dd-92be-307c6655fab4/ozone-meta/ratis] (custom)
2021-08-14 01:18:17,891 [Listener at 0.0.0.0/42025] INFO  server.RaftServer (RaftServerProxy.java:addNew(95)) - om1: addNew group-C5BA1605619E:[om1|rpc:localhost:9872|priority:0] returns group-C5BA1605619E:java.util.concurrent.CompletableFuture@fafbc63[Not completed]
2021-08-14 01:18:17,892 [Listener at 0.0.0.0/42025] INFO  om.OzoneManager (OzoneManager.java:initializeRatisServer(1573)) - OzoneManager Ratis server initialized at port 9872
2021-08-14 01:18:17,923 [Listener at 0.0.0.0/42025] INFO  ipc.CallQueueManager (CallQueueManager.java:<init>(90)) - Using callQueue: class java.util.concurrent.LinkedBlockingQueue, queueCapacity: 2000, scheduler: class org.apache.hadoop.ipc.DefaultRpcScheduler, ipcBackoff: false.
2021-08-14 01:18:17,924 [pool-38-thread-1] INFO  server.RaftServer$Division (RaftServerImpl.java:<init>(181)) - om1: new RaftServerImpl for group-C5BA1605619E:[om1|rpc:localhost:9872|priority:0] with OzoneManagerStateMachine:uninitialized
2021-08-14 01:18:17,931 [pool-38-thread-1] INFO  server.RaftServerConfigKeys (ConfUtils.java:logGet(44)) - raft.server.rpc.timeout.min = 1s (custom)
2021-08-14 01:18:17,932 [pool-38-thread-1] INFO  server.RaftServerConfigKeys (ConfUtils.java:logGet(44)) - raft.server.rpc.timeout.max = 1200ms (custom)
2021-08-14 01:18:17,932 [pool-38-thread-1] INFO  server.RaftServerConfigKeys (ConfUtils.java:logGet(44)) - raft.server.rpc.sleep.time = 25ms (default)
2021-08-14 01:18:17,932 [pool-38-thread-1] INFO  server.RaftServerConfigKeys (ConfUtils.java:logGet(44)) - raft.server.rpc.slowness.timeout = 120s (custom)
2021-08-14 01:18:17,932 [pool-38-thread-1] INFO  server.RaftServerConfigKeys (ConfUtils.java:logGet(44)) - raft.server.leaderelection.leader.step-down.wait-time = 10s (default)
2021-08-14 01:18:17,933 [pool-38-thread-1] INFO  server.RaftServerConfigKeys (ConfUtils.java:logGet(44)) - raft.server.sleep.deviation.threshold = 300ms (default)
2021-08-14 01:18:17,933 [pool-38-thread-1] INFO  server.RaftServerConfigKeys (ConfUtils.java:logGet(44)) - raft.server.log.appender.install.snapshot.enabled = false (custom)
2021-08-14 01:18:17,936 [Socket Reader #1 for port 0] INFO  ipc.Server (Server.java:run(1265)) - Starting Socket Reader #1 for port 0
2021-08-14 01:18:17,948 [pool-38-thread-1] INFO  server.RaftServer$Division (ServerState.java:<init>(105)) - om1@group-C5BA1605619E: ConfigurationManager, init=-1: [om1|rpc:localhost:9872|priority:0], old=null, confs=<EMPTY_MAP>
2021-08-14 01:18:17,949 [pool-38-thread-1] INFO  server.RaftServerConfigKeys (ConfUtils.java:logGet(44)) - raft.server.storage.dir = [/home/runner/work/ozone/ozone/hadoop-ozone/integration-test/target/test-dir/MiniOzoneClusterImpl-0159c105-9d83-42dd-92be-307c6655fab4/ozone-meta/ratis] (custom)
2021-08-14 01:18:17,955 [pool-38-thread-1] INFO  server.RaftServerConfigKeys (ConfUtils.java:logGet(44)) - raft.server.log.corruption.policy = EXCEPTION (default)
2021-08-14 01:18:17,955 [pool-38-thread-1] INFO  server.RaftServerConfigKeys (ConfUtils.java:logGet(44)) - raft.server.storage.free-space.min = 0MB (=0) (default)
2021-08-14 01:18:17,957 [pool-38-thread-1] INFO  storage.RaftStorageDirectory (RaftStorageDirectoryImpl.java:analyzeStorage(135)) - The storage directory /home/runner/work/ozone/ozone/hadoop-ozone/integration-test/target/test-dir/MiniOzoneClusterImpl-0159c105-9d83-42dd-92be-307c6655fab4/ozone-meta/ratis/bf265839-605b-3f16-9796-c5ba1605619e does not exist. Creating ...
2021-08-14 01:18:17,970 [pool-38-thread-1] INFO  storage.RaftStorageDirectory (RaftStorageDirectoryImpl.java:tryLock(230)) - Lock on /home/runner/work/ozone/ozone/hadoop-ozone/integration-test/target/test-dir/MiniOzoneClusterImpl-0159c105-9d83-42dd-92be-307c6655fab4/ozone-meta/ratis/bf265839-605b-3f16-9796-c5ba1605619e/in_use.lock acquired by nodename 682@fv-az395-768
2021-08-14 01:18:17,985 [pool-38-thread-1] INFO  storage.RaftStorage (RaftStorageImpl.java:format(89)) - Storage directory /home/runner/work/ozone/ozone/hadoop-ozone/integration-test/target/test-dir/MiniOzoneClusterImpl-0159c105-9d83-42dd-92be-307c6655fab4/ozone-meta/ratis/bf265839-605b-3f16-9796-c5ba1605619e has been successfully formatted.
2021-08-14 01:18:18,005 [Listener at 127.0.0.1/43663] INFO  om.OzoneManager (OzoneManager.java:initFSOLayout(4321)) - Configured ozone.om.metadata.layout=SIMPLE and disabled optimized OM FS operations
2021-08-14 01:18:18,009 [pool-38-thread-1] INFO  server.RaftServerConfigKeys (ConfUtils.java:logGet(44)) - raft.server.notification.no-leader.timeout = 120s (custom)
2021-08-14 01:18:18,016 [pool-38-thread-1] INFO  server.RaftServerConfigKeys (ConfUtils.java:logGet(44)) - raft.server.log.use.memory = false (default)
2021-08-14 01:18:18,023 [Listener at 127.0.0.1/43663] INFO  impl.MetricsSystemImpl (MetricsSystemImpl.java:init(158)) - OzoneManager metrics system started (again)
2021-08-14 01:18:18,036 [pool-38-thread-1] INFO  server.RaftServerConfigKeys (ConfUtils.java:logGet(44)) - raft.server.log.purge.gap = 1000000 (custom)
2021-08-14 01:18:18,037 [pool-38-thread-1] INFO  server.RaftServerConfigKeys (ConfUtils.java:logGet(44)) - raft.server.log.appender.buffer.byte-limit = 33554432 (custom)
2021-08-14 01:18:18,063 [Listener at 127.0.0.1/43663] INFO  om.OzoneManager (OzoneManager.java:start(1270)) - OzoneManager RPC server is listening at localhost/127.0.0.1:43663
2021-08-14 01:18:18,064 [Listener at 127.0.0.1/43663] INFO  ratis.OzoneManagerRatisServer (OzoneManagerRatisServer.java:start(516)) - Starting OzoneManagerRatisServer om1 at port 9872
2021-08-14 01:18:18,069 [pool-38-thread-1] INFO  server.RaftServerConfigKeys (ConfUtils.java:logGet(44)) - raft.server.log.segment.size.max = 4194304 (custom)
2021-08-14 01:18:18,076 [pool-38-thread-1] INFO  server.RaftServerConfigKeys (ConfUtils.java:logGet(44)) - raft.server.log.segment.cache.num.max = 2 (custom)
2021-08-14 01:18:18,077 [pool-38-thread-1] INFO  server.RaftServerConfigKeys (ConfUtils.java:logGet(44)) - raft.server.log.segment.cache.size.max = 200MB (=209715200) (default)
2021-08-14 01:18:18,082 [pool-38-thread-1] INFO  segmented.SegmentedRaftLogWorker (SegmentedRaftLogWorker.java:<init>(182)) - new om1@group-C5BA1605619E-SegmentedRaftLogWorker for RaftStorageImpl:Storage Directory /home/runner/work/ozone/ozone/hadoop-ozone/integration-test/target/test-dir/MiniOzoneClusterImpl-0159c105-9d83-42dd-92be-307c6655fab4/ozone-meta/ratis/bf265839-605b-3f16-9796-c5ba1605619e
2021-08-14 01:18:18,083 [pool-38-thread-1] INFO  server.RaftServerConfigKeys (ConfUtils.java:logGet(44)) - raft.server.log.queue.byte-limit = 64MB (=67108864) (default)
2021-08-14 01:18:18,083 [pool-38-thread-1] INFO  server.RaftServerConfigKeys (ConfUtils.java:logGet(44)) - raft.server.log.queue.element-limit = 4096 (default)
2021-08-14 01:18:18,086 [pool-38-thread-1] INFO  server.RaftServerConfigKeys (ConfUtils.java:logGet(44)) - raft.server.log.segment.size.max = 4194304 (custom)
2021-08-14 01:18:18,086 [pool-38-thread-1] INFO  server.RaftServerConfigKeys (ConfUtils.java:logGet(44)) - raft.server.log.preallocated.size = 4194304 (custom)
2021-08-14 01:18:18,086 [pool-38-thread-1] INFO  server.RaftServerConfigKeys (ConfUtils.java:logGet(44)) - raft.server.log.force.sync.num = 128 (default)
2021-08-14 01:18:18,088 [pool-38-thread-1] INFO  server.RaftServerConfigKeys (ConfUtils.java:logGet(44)) - raft.server.log.statemachine.data.sync = true (default)
2021-08-14 01:18:18,088 [pool-38-thread-1] INFO  server.RaftServerConfigKeys (ConfUtils.java:logGet(44)) - raft.server.log.statemachine.data.sync.timeout = 10s (default)
2021-08-14 01:18:18,089 [pool-38-thread-1] INFO  server.RaftServerConfigKeys (ConfUtils.java:logGet(44)) - raft.server.log.statemachine.data.sync.timeout.retry = -1 (default)
2021-08-14 01:18:18,098 [pool-38-thread-1] INFO  server.RaftServerConfigKeys (ConfUtils.java:logGet(44)) - raft.server.log.write.buffer.size = 64KB (=65536) (default)
2021-08-14 01:18:18,098 [pool-38-thread-1] INFO  server.RaftServerConfigKeys (ConfUtils.java:logGet(44)) - raft.server.log.statemachine.data.caching.enabled = false (default)
2021-08-14 01:18:18,107 [pool-38-thread-1] INFO  segmented.SegmentedRaftLogWorker (SegmentedRaftLogWorker.java:lambda$new$0(133)) - om1@group-C5BA1605619E-SegmentedRaftLogWorker: flushIndex: setUnconditionally 0 -> -1
2021-08-14 01:18:18,107 [pool-38-thread-1] INFO  segmented.SegmentedRaftLogWorker (SegmentedRaftLogWorker.java:lambda$new$0(133)) - om1@group-C5BA1605619E-SegmentedRaftLogWorker: safeCacheEvictIndex: setUnconditionally 0 -> -1
2021-08-14 01:18:18,120 [pool-38-thread-1] INFO  server.RaftServerConfigKeys (ConfUtils.java:logGet(44)) - raft.server.snapshot.auto.trigger.enabled = true (custom)
2021-08-14 01:18:18,121 [pool-38-thread-1] INFO  server.RaftServerConfigKeys (ConfUtils.java:logGet(44)) - raft.server.snapshot.auto.trigger.threshold = 400000 (default)
2021-08-14 01:18:18,121 [pool-38-thread-1] INFO  server.RaftServerConfigKeys (ConfUtils.java:logGet(44)) - raft.server.snapshot.retention.file.num = -1 (default)
2021-08-14 01:18:18,122 [pool-38-thread-1] INFO  server.RaftServerConfigKeys (ConfUtils.java:logGet(44)) - raft.server.log.purge.upto.snapshot.index = true (custom)
2021-08-14 01:18:18,123 [pool-38-thread-1] INFO  server.RaftServerConfigKeys (ConfUtils.java:logGet(44)) - raft.server.retrycache.expirytime = 300s (custom)
2021-08-14 01:18:18,123 [pool-38-thread-1] INFO  server.RaftServerConfigKeys (ConfUtils.java:logGet(44)) - raft.server.retrycache.statistics.expirytime = 100μs (default)
2021-08-14 01:18:18,155 [Listener at 127.0.0.1/43663] INFO  server.RaftServer$Division (RaftServerImpl.java:start(296)) - om1@group-C5BA1605619E: start as a follower, conf=-1: [om1|rpc:localhost:9872|priority:0], old=null
2021-08-14 01:18:18,157 [Listener at 127.0.0.1/43663] INFO  server.RaftServer$Division (RaftServerImpl.java:setRole(285)) - om1@group-C5BA1605619E: changes role from      null to FOLLOWER at term 0 for startAsFollower
2021-08-14 01:18:18,158 [Listener at 127.0.0.1/43663] INFO  impl.RoleInfo (RoleInfo.java:updateAndGet(130)) - om1: start om1@group-C5BA1605619E-FollowerState
2021-08-14 01:18:18,160 [Listener at 127.0.0.1/43663] INFO  util.JmxRegister (JmxRegister.java:tryRegister(44)) - Successfully registered JMX Bean with object name Ratis:service=RaftServer,group=group-C5BA1605619E,id=om1
2021-08-14 01:18:18,167 [Listener at 127.0.0.1/43663] INFO  server.RaftServer (RaftServerProxy.java:lambda$start$5(374)) - om1: start RPC server
2021-08-14 01:18:18,217 [Listener at 127.0.0.1/43663] INFO  server.GrpcService (GrpcService.java:startImpl(253)) - om1: GrpcService started, listening on 9872
2021-08-14 01:18:18,223 [Listener at 127.0.0.1/43663] INFO  om.OzoneManager (OzoneManager.java:start(1288)) - Version File has different layout version (0) than OM DB (null). That is expected if this OM has never been finalized to a newer layout version.
2021-08-14 01:18:18,227 [org.apache.ratis.util.JvmPauseMonitor$$Lambda$521/1461724962@7bc342f6] INFO  util.JvmPauseMonitor (JvmPauseMonitor.java:run(103)) - JvmPauseMonitor-om1: Started
2021-08-14 01:18:18,239 [Listener at 127.0.0.1/43663] INFO  http.BaseHttpServer (BaseHttpServer.java:newHttpServer2BuilderForOzone(209)) - Starting Web-server for ozoneManager at: http://0.0.0.0:0
2021-08-14 01:18:18,239 [Listener at 127.0.0.1/43663] INFO  http.BaseHttpServer (BaseHttpServer.java:<init>(107)) - Hadoop Security Enabled: false Ozone Security Enabled: false Ozone HTTP Security Enabled: false 
2021-08-14 01:18:18,240 [Listener at 127.0.0.1/43663] INFO  server.AuthenticationFilter (AuthenticationFilter.java:constructSecretProvider(240)) - Unable to initialize FileSignerSecretProvider, falling back to use random secrets.
2021-08-14 01:18:18,241 [Listener at 127.0.0.1/43663] WARN  http.HttpRequestLog (HttpRequestLog.java:getRequestLog(103)) - Jetty request log can only be enabled using Log4j
2021-08-14 01:18:18,243 [Listener at 127.0.0.1/43663] INFO  http.HttpServer2 (HttpServer2.java:addGlobalFilter(1020)) - Added global filter 'safety' (class=org.apache.hadoop.hdds.server.http.HttpServer2$QuotingInputFilter)
2021-08-14 01:18:18,244 [Listener at 127.0.0.1/43663] INFO  http.HttpServer2 (HttpServer2.java:addFilter(996)) - Added filter static_user_filter (class=org.apache.hadoop.http.lib.StaticUserWebFilter$StaticUserFilter) to context ozoneManager
2021-08-14 01:18:18,244 [Listener at 127.0.0.1/43663] INFO  http.HttpServer2 (HttpServer2.java:addFilter(1004)) - Added filter static_user_filter (class=org.apache.hadoop.http.lib.StaticUserWebFilter$StaticUserFilter) to context logs
2021-08-14 01:18:18,244 [Listener at 127.0.0.1/43663] INFO  http.HttpServer2 (HttpServer2.java:addFilter(1004)) - Added filter static_user_filter (class=org.apache.hadoop.http.lib.StaticUserWebFilter$StaticUserFilter) to context static
2021-08-14 01:18:18,254 [Listener at 127.0.0.1/43663] INFO  http.HttpServer2 (HttpServer2.java:bindListener(1239)) - Jetty bound to port 37521
2021-08-14 01:18:18,254 [Listener at 127.0.0.1/43663] INFO  server.Server (Server.java:doStart(375)) - jetty-9.4.43.v20210629; built: 2021-06-30T11:07:22.254Z; git: 526006ecfa3af7f1a27ef3a288e2bef7ea9dd7e8; jvm 1.8.0_292-b10
2021-08-14 01:18:18,264 [Listener at 127.0.0.1/43663] INFO  server.session (DefaultSessionIdManager.java:doStart(334)) - DefaultSessionIdManager workerName=node0
2021-08-14 01:18:18,264 [Listener at 127.0.0.1/43663] INFO  server.session (DefaultSessionIdManager.java:doStart(339)) - No SessionScavenger set, using defaults
2021-08-14 01:18:18,264 [Listener at 127.0.0.1/43663] INFO  server.session (HouseKeeper.java:startScavenging(132)) - node0 Scavenging every 660000ms
2021-08-14 01:18:18,265 [Listener at 127.0.0.1/43663] INFO  handler.ContextHandler (ContextHandler.java:doStart(915)) - Started o.e.j.s.ServletContextHandler@20c3f386{logs,/logs,file:///home/runner/work/ozone/ozone/hadoop-ozone/integration-test/target/log,AVAILABLE}
2021-08-14 01:18:18,266 [Listener at 127.0.0.1/43663] INFO  handler.ContextHandler (ContextHandler.java:doStart(915)) - Started o.e.j.s.ServletContextHandler@1b18f38f{static,/static,file:///home/runner/work/ozone/ozone/hadoop-ozone/integration-test/target/test-classes/webapps/static,AVAILABLE}
2021-08-14 01:18:18,270 [Listener at 127.0.0.1/43663] INFO  handler.ContextHandler (ContextHandler.java:doStart(915)) - Started o.e.j.w.WebAppContext@70385eb1{ozoneManager,/,file:///home/runner/work/ozone/ozone/hadoop-ozone/integration-test/target/test-classes/webapps/ozoneManager/,AVAILABLE}{file:/home/runner/work/ozone/ozone/hadoop-ozone/integration-test/target/test-classes/webapps/ozoneManager}
2021-08-14 01:18:18,283 [Listener at 127.0.0.1/43663] INFO  server.AbstractConnector (AbstractConnector.java:doStart(331)) - Started ServerConnector@1f7b4952{HTTP/1.1, (http/1.1)}{0.0.0.0:37521}
2021-08-14 01:18:18,283 [Listener at 127.0.0.1/43663] INFO  server.Server (Server.java:doStart(415)) - Started @6348ms
2021-08-14 01:18:18,283 [Listener at 127.0.0.1/43663] WARN  impl.MetricsSystemImpl (MetricsSystemImpl.java:register(279)) - Sink prometheus already exists!
2021-08-14 01:18:18,284 [Listener at 127.0.0.1/43663] INFO  http.BaseHttpServer (BaseHttpServer.java:updateConnectorAddress(329)) - HTTP server of ozoneManager listening at http://0.0.0.0:37521
2021-08-14 01:18:18,287 [IPC Server Responder] INFO  ipc.Server (Server.java:run(1507)) - IPC Server Responder: starting
2021-08-14 01:18:18,291 [IPC Server listener on 0] INFO  ipc.Server (Server.java:run(1344)) - IPC Server listener on 0: starting
2021-08-14 01:18:18,297 [Listener at 127.0.0.1/43663] INFO  om.OzoneManager (OzoneManager.java:startTrashEmptier(1531)) - Trash Interval set to 0. Files deleted will not move to trash
2021-08-14 01:18:18,319 [org.apache.hadoop.util.JvmPauseMonitor$Monitor@596690e5] INFO  util.JvmPauseMonitor (JvmPauseMonitor.java:run(188)) - Starting JVM pause monitor
2021-08-14 01:18:18,543 [Listener at 127.0.0.1/43663] WARN  impl.MetricRegistriesImpl (MetricRegistriesImpl.java:addReporterRegistration(111)) - New reporters are added after registries were created. Some metrics will be missing from the reporter. Please add reporter before adding any new registry.
2021-08-14 01:18:18,543 [Listener at 127.0.0.1/43663] WARN  impl.MetricRegistriesImpl (MetricRegistriesImpl.java:addReporterRegistration(111)) - New reporters are added after registries were created. Some metrics will be missing from the reporter. Please add reporter before adding any new registry.
2021-08-14 01:18:18,543 [Listener at 127.0.0.1/43663] INFO  impl.MetricsSystemImpl (MetricsSystemImpl.java:init(158)) - HddsDatanode metrics system started (again)
2021-08-14 01:18:18,567 [Listener at 127.0.0.1/43663] INFO  ozone.HddsDatanodeService (HddsDatanodeService.java:start(234)) - HddsDatanodeService host:fv-az395-768.zfmzfyrfkyou3ow0tsr0jxwq1e.bx.internal.cloudapp.net ip:10.1.0.41
2021-08-14 01:18:18,616 [Listener at 127.0.0.1/43663] INFO  upgrade.AbstractLayoutVersionManager (AbstractLayoutVersionManager.java:init(70)) - Initializing Layout version manager with metadata layout = SCM_HA (version = 2), software layout = SCM_HA (version = 2)
2021-08-14 01:18:18,673 [Listener at 127.0.0.1/43663] INFO  reflections.Reflections (Reflections.java:scan(232)) - Reflections took 54 ms to scan 7 urls, producing 120 keys and 275 values 
2021-08-14 01:18:18,743 [Listener at 127.0.0.1/43663] INFO  volume.HddsVolume (HddsVolume.java:<init>(120)) - Creating HddsVolume: /home/runner/work/ozone/ozone/hadoop-ozone/integration-test/target/test-dir/MiniOzoneClusterImpl-0159c105-9d83-42dd-92be-307c6655fab4/datanode-0/data-0/containers/hdds of storage type : DISK capacity : 9223372036854775807
2021-08-14 01:18:18,746 [Listener at 127.0.0.1/43663] INFO  volume.MutableVolumeSet (MutableVolumeSet.java:initializeVolumeSet(181)) - Added Volume : /home/runner/work/ozone/ozone/hadoop-ozone/integration-test/target/test-dir/MiniOzoneClusterImpl-0159c105-9d83-42dd-92be-307c6655fab4/datanode-0/data-0/containers/hdds to VolumeSet
2021-08-14 01:18:18,747 [Listener at 127.0.0.1/43663] INFO  volume.ThrottledAsyncChecker (ThrottledAsyncChecker.java:schedule(141)) - Scheduling a check for /home/runner/work/ozone/ozone/hadoop-ozone/integration-test/target/test-dir/MiniOzoneClusterImpl-0159c105-9d83-42dd-92be-307c6655fab4/datanode-0/data-0/containers/hdds
2021-08-14 01:18:18,768 [Listener at 127.0.0.1/43663] INFO  volume.StorageVolumeChecker (StorageVolumeChecker.java:checkAllVolumes(202)) - Scheduled health check for volume /home/runner/work/ozone/ozone/hadoop-ozone/integration-test/target/test-dir/MiniOzoneClusterImpl-0159c105-9d83-42dd-92be-307c6655fab4/datanode-0/data-0/containers/hdds
2021-08-14 01:18:18,793 [Listener at 127.0.0.1/43663] INFO  volume.MutableVolumeSet (MutableVolumeSet.java:initializeVolumeSet(181)) - Added Volume : /home/runner/work/ozone/ozone/hadoop-ozone/integration-test/target/test-dir/MiniOzoneClusterImpl-0159c105-9d83-42dd-92be-307c6655fab4/datanode-0/data/ratis to VolumeSet
2021-08-14 01:18:18,794 [Listener at 127.0.0.1/43663] INFO  volume.ThrottledAsyncChecker (ThrottledAsyncChecker.java:schedule(141)) - Scheduling a check for /home/runner/work/ozone/ozone/hadoop-ozone/integration-test/target/test-dir/MiniOzoneClusterImpl-0159c105-9d83-42dd-92be-307c6655fab4/datanode-0/data/ratis
2021-08-14 01:18:18,795 [Listener at 127.0.0.1/43663] INFO  volume.StorageVolumeChecker (StorageVolumeChecker.java:checkAllVolumes(202)) - Scheduled health check for volume /home/runner/work/ozone/ozone/hadoop-ozone/integration-test/target/test-dir/MiniOzoneClusterImpl-0159c105-9d83-42dd-92be-307c6655fab4/datanode-0/data/ratis
2021-08-14 01:18:18,827 [Listener at 127.0.0.1/43663] INFO  ozoneimpl.ContainerReader (ContainerReader.java:<init>(98)) - Running in upgrade mode:true
2021-08-14 01:18:18,829 [Thread-128] INFO  ozoneimpl.ContainerReader (ContainerReader.java:readVolume(142)) - Start to verify containers on volume /home/runner/work/ozone/ozone/hadoop-ozone/integration-test/target/test-dir/MiniOzoneClusterImpl-0159c105-9d83-42dd-92be-307c6655fab4/datanode-0/data-0/containers/hdds
2021-08-14 01:18:18,829 [Thread-128] INFO  ozoneimpl.ContainerReader (ContainerReader.java:readVolume(174)) - Finish verifying containers on volume /home/runner/work/ozone/ozone/hadoop-ozone/integration-test/target/test-dir/MiniOzoneClusterImpl-0159c105-9d83-42dd-92be-307c6655fab4/datanode-0/data-0/containers/hdds
2021-08-14 01:18:18,829 [Listener at 127.0.0.1/43663] INFO  ozoneimpl.OzoneContainer (OzoneContainer.java:buildContainerSet(237)) - Build ContainerSet costs 0s
2021-08-14 01:18:18,899 [Listener at 127.0.0.1/43663] INFO  server.RaftServer (ConfUtils.java:logGet(44)) - raft.rpc.type = GRPC (default)
2021-08-14 01:18:18,900 [Listener at 127.0.0.1/43663] INFO  grpc.GrpcFactory (GrpcFactory.java:checkPooledByteBufAllocatorUseCacheForAllThreads(48)) - PERFORMANCE WARNING: useCacheForAllThreads is true that may cause Netty to create a lot garbage objects and, as a result, trigger GC.
	It is recommended to disable useCacheForAllThreads by setting -Dorg.apache.ratis.thirdparty.io.netty.allocator.useCacheForAllThreads=false in command line.
2021-08-14 01:18:18,900 [Listener at 127.0.0.1/43663] INFO  grpc.GrpcConfigKeys (ConfUtils.java:logGet(44)) - raft.grpc.admin.port = 0 (custom)
2021-08-14 01:18:18,900 [Listener at 127.0.0.1/43663] INFO  grpc.GrpcConfigKeys (ConfUtils.java:logGet(44)) - raft.grpc.client.port = 0 (custom)
2021-08-14 01:18:18,900 [Listener at 127.0.0.1/43663] INFO  grpc.GrpcConfigKeys (ConfUtils.java:logGet(44)) - raft.grpc.server.port = 0 (default)
2021-08-14 01:18:18,904 [Listener at 127.0.0.1/43663] INFO  server.GrpcService (ConfUtils.java:logGet(44)) - raft.grpc.message.size.max = 32MB (=33554432) (custom)
2021-08-14 01:18:18,904 [Listener at 127.0.0.1/43663] INFO  server.RaftServerConfigKeys (ConfUtils.java:logGet(44)) - raft.server.log.appender.buffer.byte-limit = 33554432 (custom)
2021-08-14 01:18:18,906 [Listener at 127.0.0.1/43663] INFO  server.GrpcService (ConfUtils.java:logGet(44)) - raft.grpc.flow.control.window = 5MB (=5242880) (custom)
2021-08-14 01:18:18,907 [Listener at 127.0.0.1/43663] INFO  server.RaftServerConfigKeys (ConfUtils.java:logGet(44)) - raft.server.rpc.request.timeout = 3000ms (default)
2021-08-14 01:18:18,908 [Listener at 127.0.0.1/43663] INFO  impl.DataStreamServerImpl (ConfUtils.java:logGet(44)) - raft.datastream.type = DISABLED (default)
2021-08-14 01:18:18,908 [Listener at 127.0.0.1/43663] INFO  server.RaftServerConfigKeys (ConfUtils.java:logGet(44)) - raft.server.rpc.slowness.timeout = 300000ms (custom)
2021-08-14 01:18:18,909 [Listener at 127.0.0.1/43663] INFO  server.RaftServerConfigKeys (ConfUtils.java:logGet(44)) - raft.server.leaderelection.leader.step-down.wait-time = 10s (default)
2021-08-14 01:18:18,909 [Listener at 127.0.0.1/43663] INFO  server.RaftServerConfigKeys (ConfUtils.java:logGet(44)) - raft.server.storage.dir = [/home/runner/work/ozone/ozone/hadoop-ozone/integration-test/target/test-dir/MiniOzoneClusterImpl-0159c105-9d83-42dd-92be-307c6655fab4/datanode-0/data/ratis] (custom)
2021-08-14 01:18:18,972 [Listener at 127.0.0.1/43663] INFO  http.BaseHttpServer (BaseHttpServer.java:newHttpServer2BuilderForOzone(209)) - Starting Web-server for hddsDatanode at: http://0.0.0.0:0
2021-08-14 01:18:18,972 [Listener at 127.0.0.1/43663] INFO  http.BaseHttpServer (BaseHttpServer.java:<init>(107)) - Hadoop Security Enabled: false Ozone Security Enabled: false Ozone HTTP Security Enabled: false 
2021-08-14 01:18:18,974 [Listener at 127.0.0.1/43663] INFO  server.AuthenticationFilter (AuthenticationFilter.java:constructSecretProvider(240)) - Unable to initialize FileSignerSecretProvider, falling back to use random secrets.
2021-08-14 01:18:18,979 [Listener at 127.0.0.1/43663] WARN  http.HttpRequestLog (HttpRequestLog.java:getRequestLog(103)) - Jetty request log can only be enabled using Log4j
2021-08-14 01:18:18,980 [Listener at 127.0.0.1/43663] INFO  http.HttpServer2 (HttpServer2.java:addGlobalFilter(1020)) - Added global filter 'safety' (class=org.apache.hadoop.hdds.server.http.HttpServer2$QuotingInputFilter)
2021-08-14 01:18:18,981 [Listener at 127.0.0.1/43663] INFO  http.HttpServer2 (HttpServer2.java:addFilter(996)) - Added filter static_user_filter (class=org.apache.hadoop.http.lib.StaticUserWebFilter$StaticUserFilter) to context hddsDatanode
2021-08-14 01:18:18,982 [Listener at 127.0.0.1/43663] INFO  http.HttpServer2 (HttpServer2.java:addFilter(1004)) - Added filter static_user_filter (class=org.apache.hadoop.http.lib.StaticUserWebFilter$StaticUserFilter) to context static
2021-08-14 01:18:18,982 [Listener at 127.0.0.1/43663] INFO  http.HttpServer2 (HttpServer2.java:addFilter(1004)) - Added filter static_user_filter (class=org.apache.hadoop.http.lib.StaticUserWebFilter$StaticUserFilter) to context logs
2021-08-14 01:18:18,984 [Listener at 127.0.0.1/43663] INFO  http.HttpServer2 (HttpServer2.java:bindListener(1239)) - Jetty bound to port 39539
2021-08-14 01:18:18,985 [Listener at 127.0.0.1/43663] INFO  server.Server (Server.java:doStart(375)) - jetty-9.4.43.v20210629; built: 2021-06-30T11:07:22.254Z; git: 526006ecfa3af7f1a27ef3a288e2bef7ea9dd7e8; jvm 1.8.0_292-b10
2021-08-14 01:18:18,994 [Listener at 127.0.0.1/43663] INFO  server.session (DefaultSessionIdManager.java:doStart(334)) - DefaultSessionIdManager workerName=node0
2021-08-14 01:18:18,995 [Listener at 127.0.0.1/43663] INFO  server.session (DefaultSessionIdManager.java:doStart(339)) - No SessionScavenger set, using defaults
2021-08-14 01:18:18,995 [Listener at 127.0.0.1/43663] INFO  server.session (HouseKeeper.java:startScavenging(132)) - node0 Scavenging every 600000ms
2021-08-14 01:18:18,996 [Listener at 127.0.0.1/43663] INFO  handler.ContextHandler (ContextHandler.java:doStart(915)) - Started o.e.j.s.ServletContextHandler@16768389{logs,/logs,file:///home/runner/work/ozone/ozone/hadoop-ozone/integration-test/target/log,AVAILABLE}
2021-08-14 01:18:18,996 [Listener at 127.0.0.1/43663] INFO  handler.ContextHandler (ContextHandler.java:doStart(915)) - Started o.e.j.s.ServletContextHandler@25ec2f46{static,/static,jar:file:/home/runner/.m2/repository/org/apache/ozone/hdds-container-service/1.2.0-SNAPSHOT/hdds-container-service-1.2.0-SNAPSHOT.jar!/webapps/static,AVAILABLE}
2021-08-14 01:18:19,067 [Listener at 127.0.0.1/43663] INFO  handler.ContextHandler (ContextHandler.java:doStart(915)) - Started o.e.j.w.WebAppContext@4be4680b{hddsDatanode,/,file:///tmp/jetty-0_0_0_0-39539-hdds-container-service-1_2_0-SNAPSHOT_jar-_-any-4801792010474258738/webapp/,AVAILABLE}{jar:file:/home/runner/.m2/repository/org/apache/ozone/hdds-container-service/1.2.0-SNAPSHOT/hdds-container-service-1.2.0-SNAPSHOT.jar!/webapps/hddsDatanode}
2021-08-14 01:18:19,069 [Listener at 127.0.0.1/43663] INFO  server.AbstractConnector (AbstractConnector.java:doStart(331)) - Started ServerConnector@69bdb27c{HTTP/1.1, (http/1.1)}{0.0.0.0:39539}
2021-08-14 01:18:19,069 [Listener at 127.0.0.1/43663] INFO  server.Server (Server.java:doStart(415)) - Started @7134ms
2021-08-14 01:18:19,069 [Listener at 127.0.0.1/43663] WARN  impl.MetricsSystemImpl (MetricsSystemImpl.java:register(279)) - Sink prometheus already exists!
2021-08-14 01:18:19,070 [Listener at 127.0.0.1/43663] INFO  http.BaseHttpServer (BaseHttpServer.java:updateConnectorAddress(329)) - HTTP server of hddsDatanode listening at http://0.0.0.0:39539
2021-08-14 01:18:19,076 [Listener at 127.0.0.1/43663] WARN  impl.MetricRegistriesImpl (MetricRegistriesImpl.java:addReporterRegistration(111)) - New reporters are added after registries were created. Some metrics will be missing from the reporter. Please add reporter before adding any new registry.
2021-08-14 01:18:19,076 [Listener at 127.0.0.1/43663] WARN  impl.MetricRegistriesImpl (MetricRegistriesImpl.java:addReporterRegistration(111)) - New reporters are added after registries were created. Some metrics will be missing from the reporter. Please add reporter before adding any new registry.
2021-08-14 01:18:19,076 [Listener at 127.0.0.1/43663] INFO  impl.MetricsSystemImpl (MetricsSystemImpl.java:init(158)) - HddsDatanode metrics system started (again)
2021-08-14 01:18:19,095 [org.apache.hadoop.util.JvmPauseMonitor$Monitor@1c590a2f] INFO  util.JvmPauseMonitor (JvmPauseMonitor.java:run(188)) - Starting JVM pause monitor
2021-08-14 01:18:19,127 [Listener at 127.0.0.1/43663] INFO  ozone.HddsDatanodeService (HddsDatanodeService.java:start(234)) - HddsDatanodeService host:fv-az395-768.zfmzfyrfkyou3ow0tsr0jxwq1e.bx.internal.cloudapp.net ip:10.1.0.41
2021-08-14 01:18:19,161 [Listener at 127.0.0.1/43663] INFO  upgrade.AbstractLayoutVersionManager (AbstractLayoutVersionManager.java:init(70)) - Initializing Layout version manager with metadata layout = SCM_HA (version = 2), software layout = SCM_HA (version = 2)
2021-08-14 01:18:19,252 [Datanode State Machine Task Thread - 0] INFO  datanode.InitDatanodeState (InitDatanodeState.java:persistContainerDatanodeDetails(145)) - DatanodeDetails is persisted to /home/runner/work/ozone/ozone/hadoop-ozone/integration-test/target/test-dir/MiniOzoneClusterImpl-0159c105-9d83-42dd-92be-307c6655fab4/datanode-0/meta/datanode.id
2021-08-14 01:18:19,258 [Listener at 127.0.0.1/43663] INFO  reflections.Reflections (Reflections.java:scan(232)) - Reflections took 95 ms to scan 7 urls, producing 120 keys and 275 values 
2021-08-14 01:18:19,262 [Listener at 127.0.0.1/43663] INFO  volume.HddsVolume (HddsVolume.java:<init>(120)) - Creating HddsVolume: /home/runner/work/ozone/ozone/hadoop-ozone/integration-test/target/test-dir/MiniOzoneClusterImpl-0159c105-9d83-42dd-92be-307c6655fab4/datanode-1/data-0/containers/hdds of storage type : DISK capacity : 9223372036854775807
2021-08-14 01:18:19,263 [Listener at 127.0.0.1/43663] INFO  volume.MutableVolumeSet (MutableVolumeSet.java:initializeVolumeSet(181)) - Added Volume : /home/runner/work/ozone/ozone/hadoop-ozone/integration-test/target/test-dir/MiniOzoneClusterImpl-0159c105-9d83-42dd-92be-307c6655fab4/datanode-1/data-0/containers/hdds to VolumeSet
2021-08-14 01:18:19,263 [Listener at 127.0.0.1/43663] INFO  volume.ThrottledAsyncChecker (ThrottledAsyncChecker.java:schedule(141)) - Scheduling a check for /home/runner/work/ozone/ozone/hadoop-ozone/integration-test/target/test-dir/MiniOzoneClusterImpl-0159c105-9d83-42dd-92be-307c6655fab4/datanode-1/data-0/containers/hdds
2021-08-14 01:18:19,263 [Listener at 127.0.0.1/43663] INFO  volume.StorageVolumeChecker (StorageVolumeChecker.java:checkAllVolumes(202)) - Scheduled health check for volume /home/runner/work/ozone/ozone/hadoop-ozone/integration-test/target/test-dir/MiniOzoneClusterImpl-0159c105-9d83-42dd-92be-307c6655fab4/datanode-1/data-0/containers/hdds
2021-08-14 01:18:19,280 [Listener at 127.0.0.1/43663] INFO  volume.MutableVolumeSet (MutableVolumeSet.java:initializeVolumeSet(181)) - Added Volume : /home/runner/work/ozone/ozone/hadoop-ozone/integration-test/target/test-dir/MiniOzoneClusterImpl-0159c105-9d83-42dd-92be-307c6655fab4/datanode-1/data/ratis to VolumeSet
2021-08-14 01:18:19,280 [Listener at 127.0.0.1/43663] INFO  volume.ThrottledAsyncChecker (ThrottledAsyncChecker.java:schedule(141)) - Scheduling a check for /home/runner/work/ozone/ozone/hadoop-ozone/integration-test/target/test-dir/MiniOzoneClusterImpl-0159c105-9d83-42dd-92be-307c6655fab4/datanode-1/data/ratis
2021-08-14 01:18:19,280 [Listener at 127.0.0.1/43663] INFO  volume.StorageVolumeChecker (StorageVolumeChecker.java:checkAllVolumes(202)) - Scheduled health check for volume /home/runner/work/ozone/ozone/hadoop-ozone/integration-test/target/test-dir/MiniOzoneClusterImpl-0159c105-9d83-42dd-92be-307c6655fab4/datanode-1/data/ratis
2021-08-14 01:18:19,294 [Listener at 127.0.0.1/43663] INFO  ozoneimpl.ContainerReader (ContainerReader.java:<init>(98)) - Running in upgrade mode:true
2021-08-14 01:18:19,295 [Thread-140] INFO  ozoneimpl.ContainerReader (ContainerReader.java:readVolume(142)) - Start to verify containers on volume /home/runner/work/ozone/ozone/hadoop-ozone/integration-test/target/test-dir/MiniOzoneClusterImpl-0159c105-9d83-42dd-92be-307c6655fab4/datanode-1/data-0/containers/hdds
2021-08-14 01:18:19,295 [Thread-140] INFO  ozoneimpl.ContainerReader (ContainerReader.java:readVolume(174)) - Finish verifying containers on volume /home/runner/work/ozone/ozone/hadoop-ozone/integration-test/target/test-dir/MiniOzoneClusterImpl-0159c105-9d83-42dd-92be-307c6655fab4/datanode-1/data-0/containers/hdds
2021-08-14 01:18:19,295 [Listener at 127.0.0.1/43663] INFO  ozoneimpl.OzoneContainer (OzoneContainer.java:buildContainerSet(237)) - Build ContainerSet costs 0s
2021-08-14 01:18:19,299 [Listener at 127.0.0.1/43663] INFO  server.RaftServer (ConfUtils.java:logGet(44)) - raft.rpc.type = GRPC (default)
2021-08-14 01:18:19,299 [Listener at 127.0.0.1/43663] INFO  grpc.GrpcFactory (GrpcFactory.java:checkPooledByteBufAllocatorUseCacheForAllThreads(48)) - PERFORMANCE WARNING: useCacheForAllThreads is true that may cause Netty to create a lot garbage objects and, as a result, trigger GC.
	It is recommended to disable useCacheForAllThreads by setting -Dorg.apache.ratis.thirdparty.io.netty.allocator.useCacheForAllThreads=false in command line.
2021-08-14 01:18:19,299 [Listener at 127.0.0.1/43663] INFO  grpc.GrpcConfigKeys (ConfUtils.java:logGet(44)) - raft.grpc.admin.port = 0 (custom)
2021-08-14 01:18:19,299 [Listener at 127.0.0.1/43663] INFO  grpc.GrpcConfigKeys (ConfUtils.java:logGet(44)) - raft.grpc.client.port = 0 (custom)
2021-08-14 01:18:19,300 [Listener at 127.0.0.1/43663] INFO  grpc.GrpcConfigKeys (ConfUtils.java:logGet(44)) - raft.grpc.server.port = 0 (default)
2021-08-14 01:18:19,300 [Listener at 127.0.0.1/43663] INFO  server.GrpcService (ConfUtils.java:logGet(44)) - raft.grpc.message.size.max = 32MB (=33554432) (custom)
2021-08-14 01:18:19,300 [Listener at 127.0.0.1/43663] INFO  server.RaftServerConfigKeys (ConfUtils.java:logGet(44)) - raft.server.log.appender.buffer.byte-limit = 33554432 (custom)
2021-08-14 01:18:19,300 [Listener at 127.0.0.1/43663] INFO  server.GrpcService (ConfUtils.java:logGet(44)) - raft.grpc.flow.control.window = 5MB (=5242880) (custom)
2021-08-14 01:18:19,300 [Listener at 127.0.0.1/43663] INFO  server.RaftServerConfigKeys (ConfUtils.java:logGet(44)) - raft.server.rpc.request.timeout = 3000ms (default)
2021-08-14 01:18:19,301 [Listener at 127.0.0.1/43663] INFO  impl.DataStreamServerImpl (ConfUtils.java:logGet(44)) - raft.datastream.type = DISABLED (default)
2021-08-14 01:18:19,302 [Listener at 127.0.0.1/43663] INFO  server.RaftServerConfigKeys (ConfUtils.java:logGet(44)) - raft.server.rpc.slowness.timeout = 300000ms (custom)
2021-08-14 01:18:19,302 [Listener at 127.0.0.1/43663] INFO  server.RaftServerConfigKeys (ConfUtils.java:logGet(44)) - raft.server.leaderelection.leader.step-down.wait-time = 10s (default)
2021-08-14 01:18:19,302 [Listener at 127.0.0.1/43663] INFO  server.RaftServerConfigKeys (ConfUtils.java:logGet(44)) - raft.server.storage.dir = [/home/runner/work/ozone/ozone/hadoop-ozone/integration-test/target/test-dir/MiniOzoneClusterImpl-0159c105-9d83-42dd-92be-307c6655fab4/datanode-1/data/ratis] (custom)
2021-08-14 01:18:19,306 [Listener at 127.0.0.1/43663] INFO  http.BaseHttpServer (BaseHttpServer.java:newHttpServer2BuilderForOzone(209)) - Starting Web-server for hddsDatanode at: http://0.0.0.0:0
2021-08-14 01:18:19,307 [Listener at 127.0.0.1/43663] INFO  http.BaseHttpServer (BaseHttpServer.java:<init>(107)) - Hadoop Security Enabled: false Ozone Security Enabled: false Ozone HTTP Security Enabled: false 
2021-08-14 01:18:19,309 [Listener at 127.0.0.1/43663] INFO  server.AuthenticationFilter (AuthenticationFilter.java:constructSecretProvider(240)) - Unable to initialize FileSignerSecretProvider, falling back to use random secrets.
2021-08-14 01:18:19,311 [Listener at 127.0.0.1/43663] WARN  http.HttpRequestLog (HttpRequestLog.java:getRequestLog(103)) - Jetty request log can only be enabled using Log4j
2021-08-14 01:18:19,312 [Listener at 127.0.0.1/43663] INFO  http.HttpServer2 (HttpServer2.java:addGlobalFilter(1020)) - Added global filter 'safety' (class=org.apache.hadoop.hdds.server.http.HttpServer2$QuotingInputFilter)
2021-08-14 01:18:19,312 [Listener at 127.0.0.1/43663] INFO  http.HttpServer2 (HttpServer2.java:addFilter(996)) - Added filter static_user_filter (class=org.apache.hadoop.http.lib.StaticUserWebFilter$StaticUserFilter) to context hddsDatanode
2021-08-14 01:18:19,312 [Listener at 127.0.0.1/43663] INFO  http.HttpServer2 (HttpServer2.java:addFilter(1004)) - Added filter static_user_filter (class=org.apache.hadoop.http.lib.StaticUserWebFilter$StaticUserFilter) to context static
2021-08-14 01:18:19,313 [Listener at 127.0.0.1/43663] INFO  http.HttpServer2 (HttpServer2.java:addFilter(1004)) - Added filter static_user_filter (class=org.apache.hadoop.http.lib.StaticUserWebFilter$StaticUserFilter) to context logs
2021-08-14 01:18:19,313 [Listener at 127.0.0.1/43663] INFO  http.HttpServer2 (HttpServer2.java:bindListener(1239)) - Jetty bound to port 36331
2021-08-14 01:18:19,313 [Listener at 127.0.0.1/43663] INFO  server.Server (Server.java:doStart(375)) - jetty-9.4.43.v20210629; built: 2021-06-30T11:07:22.254Z; git: 526006ecfa3af7f1a27ef3a288e2bef7ea9dd7e8; jvm 1.8.0_292-b10
2021-08-14 01:18:19,320 [Listener at 127.0.0.1/43663] INFO  server.session (DefaultSessionIdManager.java:doStart(334)) - DefaultSessionIdManager workerName=node0
2021-08-14 01:18:19,320 [Listener at 127.0.0.1/43663] INFO  server.session (DefaultSessionIdManager.java:doStart(339)) - No SessionScavenger set, using defaults
2021-08-14 01:18:19,320 [Listener at 127.0.0.1/43663] INFO  server.session (HouseKeeper.java:startScavenging(132)) - node0 Scavenging every 660000ms
2021-08-14 01:18:19,321 [Listener at 127.0.0.1/43663] INFO  handler.ContextHandler (ContextHandler.java:doStart(915)) - Started o.e.j.s.ServletContextHandler@50a80d6b{logs,/logs,file:///home/runner/work/ozone/ozone/hadoop-ozone/integration-test/target/log,AVAILABLE}
2021-08-14 01:18:19,321 [Listener at 127.0.0.1/43663] INFO  handler.ContextHandler (ContextHandler.java:doStart(915)) - Started o.e.j.s.ServletContextHandler@3217ac36{static,/static,jar:file:/home/runner/.m2/repository/org/apache/ozone/hdds-container-service/1.2.0-SNAPSHOT/hdds-container-service-1.2.0-SNAPSHOT.jar!/webapps/static,AVAILABLE}
2021-08-14 01:18:19,356 [om1@group-C5BA1605619E-FollowerState] INFO  impl.FollowerState (FollowerState.java:run(134)) - om1@group-C5BA1605619E-FollowerState: change to CANDIDATE, lastRpcElapsedTime:1197847520ns, electionTimeout:1175ms
2021-08-14 01:18:19,357 [om1@group-C5BA1605619E-FollowerState] INFO  impl.RoleInfo (RoleInfo.java:shutdownFollowerState(108)) - om1: shutdown om1@group-C5BA1605619E-FollowerState
2021-08-14 01:18:19,358 [om1@group-C5BA1605619E-FollowerState] INFO  server.RaftServer$Division (RaftServerImpl.java:setRole(285)) - om1@group-C5BA1605619E: changes role from  FOLLOWER to CANDIDATE at term 0 for changeToCandidate
2021-08-14 01:18:19,360 [om1@group-C5BA1605619E-FollowerState] INFO  server.RaftServerConfigKeys (ConfUtils.java:logGet(44)) - raft.server.leaderelection.pre-vote = false (custom)
2021-08-14 01:18:19,360 [om1@group-C5BA1605619E-FollowerState] INFO  impl.RoleInfo (RoleInfo.java:updateAndGet(130)) - om1: start om1@group-C5BA1605619E-LeaderElection1
2021-08-14 01:18:19,367 [Listener at 127.0.0.1/43663] INFO  handler.ContextHandler (ContextHandler.java:doStart(915)) - Started o.e.j.w.WebAppContext@7431ac04{hddsDatanode,/,file:///tmp/jetty-0_0_0_0-36331-hdds-container-service-1_2_0-SNAPSHOT_jar-_-any-558160294194570009/webapp/,AVAILABLE}{jar:file:/home/runner/.m2/repository/org/apache/ozone/hdds-container-service/1.2.0-SNAPSHOT/hdds-container-service-1.2.0-SNAPSHOT.jar!/webapps/hddsDatanode}
2021-08-14 01:18:19,372 [Listener at 127.0.0.1/43663] INFO  server.AbstractConnector (AbstractConnector.java:doStart(331)) - Started ServerConnector@2966bca2{HTTP/1.1, (http/1.1)}{0.0.0.0:36331}
2021-08-14 01:18:19,373 [Listener at 127.0.0.1/43663] INFO  server.Server (Server.java:doStart(415)) - Started @7437ms
2021-08-14 01:18:19,373 [Listener at 127.0.0.1/43663] WARN  impl.MetricsSystemImpl (MetricsSystemImpl.java:register(279)) - Sink prometheus already exists!
2021-08-14 01:18:19,375 [Listener at 127.0.0.1/43663] INFO  http.BaseHttpServer (BaseHttpServer.java:updateConnectorAddress(329)) - HTTP server of hddsDatanode listening at http://0.0.0.0:36331
2021-08-14 01:18:19,376 [Listener at 127.0.0.1/43663] WARN  impl.MetricRegistriesImpl (MetricRegistriesImpl.java:addReporterRegistration(111)) - New reporters are added after registries were created. Some metrics will be missing from the reporter. Please add reporter before adding any new registry.
2021-08-14 01:18:19,376 [Listener at 127.0.0.1/43663] WARN  impl.MetricRegistriesImpl (MetricRegistriesImpl.java:addReporterRegistration(111)) - New reporters are added after registries were created. Some metrics will be missing from the reporter. Please add reporter before adding any new registry.
2021-08-14 01:18:19,376 [Listener at 127.0.0.1/43663] INFO  impl.MetricsSystemImpl (MetricsSystemImpl.java:init(158)) - HddsDatanode metrics system started (again)
2021-08-14 01:18:19,378 [om1@group-C5BA1605619E-LeaderElection1] INFO  impl.LeaderElection (LeaderElection.java:askForVotes(306)) - om1@group-C5BA1605619E-LeaderElection1 ELECTION round 0: submit vote requests at term 1 for -1: [om1|rpc:localhost:9872|priority:0], old=null
2021-08-14 01:18:19,378 [om1@group-C5BA1605619E-LeaderElection1] INFO  impl.LeaderElection (LeaderElection.java:askForVotes(308)) - om1@group-C5BA1605619E-LeaderElection1 ELECTION round 0: result PASSED (term=1)
2021-08-14 01:18:19,379 [om1@group-C5BA1605619E-LeaderElection1] INFO  impl.RoleInfo (RoleInfo.java:shutdownLeaderElection(121)) - om1: shutdown om1@group-C5BA1605619E-LeaderElection1
2021-08-14 01:18:19,379 [om1@group-C5BA1605619E-LeaderElection1] INFO  server.RaftServer$Division (RaftServerImpl.java:setRole(285)) - om1@group-C5BA1605619E: changes role from CANDIDATE to LEADER at term 1 for changeToLeader
2021-08-14 01:18:19,379 [om1@group-C5BA1605619E-LeaderElection1] INFO  server.RaftServer$Division (ServerState.java:setLeader(285)) - om1@group-C5BA1605619E: change Leader from null to om1 at term 1 for becomeLeader, leader elected after 1370ms
2021-08-14 01:18:19,560 [om1@group-C5BA1605619E-LeaderElection1] INFO  server.RaftServerConfigKeys (ConfUtils.java:logGet(44)) - raft.server.staging.catchup.gap = 1000 (default)
2021-08-14 01:18:19,570 [Listener at 127.0.0.1/43663] INFO  ozone.HddsDatanodeService (HddsDatanodeService.java:start(234)) - HddsDatanodeService host:fv-az395-768.zfmzfyrfkyou3ow0tsr0jxwq1e.bx.internal.cloudapp.net ip:10.1.0.41
2021-08-14 01:18:19,587 [org.apache.hadoop.util.JvmPauseMonitor$Monitor@5663b50a] INFO  util.JvmPauseMonitor (JvmPauseMonitor.java:run(188)) - Starting JVM pause monitor
2021-08-14 01:18:19,588 [om1@group-C5BA1605619E-LeaderElection1] INFO  server.RaftServerConfigKeys (ConfUtils.java:logGet(44)) - raft.server.write.element-limit = 4096 (default)
2021-08-14 01:18:19,590 [om1@group-C5BA1605619E-LeaderElection1] INFO  server.RaftServerConfigKeys (ConfUtils.java:logGet(44)) - raft.server.write.byte-limit = 64MB (=67108864) (default)
2021-08-14 01:18:19,605 [om1@group-C5BA1605619E-LeaderElection1] INFO  server.RaftServerConfigKeys (ConfUtils.java:logGet(44)) - raft.server.watch.timeout = 10s (default)
2021-08-14 01:18:19,607 [om1@group-C5BA1605619E-LeaderElection1] INFO  server.RaftServerConfigKeys (ConfUtils.java:logGet(44)) - raft.server.watch.timeout.denomination = 1s (default)
2021-08-14 01:18:19,608 [om1@group-C5BA1605619E-LeaderElection1] INFO  server.RaftServerConfigKeys (ConfUtils.java:logGet(44)) - raft.server.watch.element-limit = 65536 (default)
2021-08-14 01:18:19,622 [om1@group-C5BA1605619E-LeaderElection1] INFO  impl.RoleInfo (RoleInfo.java:updateAndGet(130)) - om1: start om1@group-C5BA1605619E-LeaderStateImpl
2021-08-14 01:18:19,618 [Datanode State Machine Task Thread - 0] INFO  datanode.InitDatanodeState (InitDatanodeState.java:persistContainerDatanodeDetails(145)) - DatanodeDetails is persisted to /home/runner/work/ozone/ozone/hadoop-ozone/integration-test/target/test-dir/MiniOzoneClusterImpl-0159c105-9d83-42dd-92be-307c6655fab4/datanode-1/meta/datanode.id
2021-08-14 01:18:19,623 [Listener at 127.0.0.1/43663] INFO  upgrade.AbstractLayoutVersionManager (AbstractLayoutVersionManager.java:init(70)) - Initializing Layout version manager with metadata layout = SCM_HA (version = 2), software layout = SCM_HA (version = 2)
2021-08-14 01:18:19,657 [om1@group-C5BA1605619E-LeaderElection1] INFO  segmented.SegmentedRaftLogWorker (SegmentedRaftLogWorker.java:startLogSegment(394)) - om1@group-C5BA1605619E-SegmentedRaftLogWorker: Starting segment from index:0
2021-08-14 01:18:19,716 [Listener at 127.0.0.1/43663] INFO  reflections.Reflections (Reflections.java:scan(232)) - Reflections took 91 ms to scan 7 urls, producing 120 keys and 275 values 
2021-08-14 01:18:19,720 [om1@group-C5BA1605619E-LeaderElection1] INFO  server.RaftServer$Division (ServerState.java:setRaftConf(387)) - om1@group-C5BA1605619E: set configuration 0: [om1|rpc:localhost:9872|admin:|client:|dataStream:|priority:0], old=null
2021-08-14 01:18:19,740 [Listener at 127.0.0.1/43663] INFO  volume.HddsVolume (HddsVolume.java:<init>(120)) - Creating HddsVolume: /home/runner/work/ozone/ozone/hadoop-ozone/integration-test/target/test-dir/MiniOzoneClusterImpl-0159c105-9d83-42dd-92be-307c6655fab4/datanode-2/data-0/containers/hdds of storage type : DISK capacity : 9223372036854775807
2021-08-14 01:18:19,740 [Listener at 127.0.0.1/43663] INFO  volume.MutableVolumeSet (MutableVolumeSet.java:initializeVolumeSet(181)) - Added Volume : /home/runner/work/ozone/ozone/hadoop-ozone/integration-test/target/test-dir/MiniOzoneClusterImpl-0159c105-9d83-42dd-92be-307c6655fab4/datanode-2/data-0/containers/hdds to VolumeSet
2021-08-14 01:18:19,740 [Listener at 127.0.0.1/43663] INFO  volume.ThrottledAsyncChecker (ThrottledAsyncChecker.java:schedule(141)) - Scheduling a check for /home/runner/work/ozone/ozone/hadoop-ozone/integration-test/target/test-dir/MiniOzoneClusterImpl-0159c105-9d83-42dd-92be-307c6655fab4/datanode-2/data-0/containers/hdds
2021-08-14 01:18:19,755 [Listener at 127.0.0.1/43663] INFO  volume.StorageVolumeChecker (StorageVolumeChecker.java:checkAllVolumes(202)) - Scheduled health check for volume /home/runner/work/ozone/ozone/hadoop-ozone/integration-test/target/test-dir/MiniOzoneClusterImpl-0159c105-9d83-42dd-92be-307c6655fab4/datanode-2/data-0/containers/hdds
2021-08-14 01:18:19,784 [Listener at 127.0.0.1/43663] INFO  volume.MutableVolumeSet (MutableVolumeSet.java:initializeVolumeSet(181)) - Added Volume : /home/runner/work/ozone/ozone/hadoop-ozone/integration-test/target/test-dir/MiniOzoneClusterImpl-0159c105-9d83-42dd-92be-307c6655fab4/datanode-2/data/ratis to VolumeSet
2021-08-14 01:18:19,791 [Listener at 127.0.0.1/43663] INFO  volume.ThrottledAsyncChecker (ThrottledAsyncChecker.java:schedule(141)) - Scheduling a check for /home/runner/work/ozone/ozone/hadoop-ozone/integration-test/target/test-dir/MiniOzoneClusterImpl-0159c105-9d83-42dd-92be-307c6655fab4/datanode-2/data/ratis
2021-08-14 01:18:19,791 [Listener at 127.0.0.1/43663] INFO  volume.StorageVolumeChecker (StorageVolumeChecker.java:checkAllVolumes(202)) - Scheduled health check for volume /home/runner/work/ozone/ozone/hadoop-ozone/integration-test/target/test-dir/MiniOzoneClusterImpl-0159c105-9d83-42dd-92be-307c6655fab4/datanode-2/data/ratis
2021-08-14 01:18:19,815 [Listener at 127.0.0.1/43663] INFO  ozoneimpl.ContainerReader (ContainerReader.java:<init>(98)) - Running in upgrade mode:true
2021-08-14 01:18:19,815 [Thread-154] INFO  ozoneimpl.ContainerReader (ContainerReader.java:readVolume(142)) - Start to verify containers on volume /home/runner/work/ozone/ozone/hadoop-ozone/integration-test/target/test-dir/MiniOzoneClusterImpl-0159c105-9d83-42dd-92be-307c6655fab4/datanode-2/data-0/containers/hdds
2021-08-14 01:18:19,815 [Thread-154] INFO  ozoneimpl.ContainerReader (ContainerReader.java:readVolume(174)) - Finish verifying containers on volume /home/runner/work/ozone/ozone/hadoop-ozone/integration-test/target/test-dir/MiniOzoneClusterImpl-0159c105-9d83-42dd-92be-307c6655fab4/datanode-2/data-0/containers/hdds
2021-08-14 01:18:19,815 [Listener at 127.0.0.1/43663] INFO  ozoneimpl.OzoneContainer (OzoneContainer.java:buildContainerSet(237)) - Build ContainerSet costs 0s
2021-08-14 01:18:19,819 [Listener at 127.0.0.1/43663] INFO  server.RaftServer (ConfUtils.java:logGet(44)) - raft.rpc.type = GRPC (default)
2021-08-14 01:18:19,820 [Listener at 127.0.0.1/43663] INFO  grpc.GrpcFactory (GrpcFactory.java:checkPooledByteBufAllocatorUseCacheForAllThreads(48)) - PERFORMANCE WARNING: useCacheForAllThreads is true that may cause Netty to create a lot garbage objects and, as a result, trigger GC.
	It is recommended to disable useCacheForAllThreads by setting -Dorg.apache.ratis.thirdparty.io.netty.allocator.useCacheForAllThreads=false in command line.
2021-08-14 01:18:19,820 [Listener at 127.0.0.1/43663] INFO  grpc.GrpcConfigKeys (ConfUtils.java:logGet(44)) - raft.grpc.admin.port = 0 (custom)
2021-08-14 01:18:19,820 [Listener at 127.0.0.1/43663] INFO  grpc.GrpcConfigKeys (ConfUtils.java:logGet(44)) - raft.grpc.client.port = 0 (custom)
2021-08-14 01:18:19,820 [Listener at 127.0.0.1/43663] INFO  grpc.GrpcConfigKeys (ConfUtils.java:logGet(44)) - raft.grpc.server.port = 0 (default)
2021-08-14 01:18:19,820 [Listener at 127.0.0.1/43663] INFO  server.GrpcService (ConfUtils.java:logGet(44)) - raft.grpc.message.size.max = 32MB (=33554432) (custom)
2021-08-14 01:18:19,820 [Listener at 127.0.0.1/43663] INFO  server.RaftServerConfigKeys (ConfUtils.java:logGet(44)) - raft.server.log.appender.buffer.byte-limit = 33554432 (custom)
2021-08-14 01:18:19,821 [Listener at 127.0.0.1/43663] INFO  server.GrpcService (ConfUtils.java:logGet(44)) - raft.grpc.flow.control.window = 5MB (=5242880) (custom)
2021-08-14 01:18:19,821 [Listener at 127.0.0.1/43663] INFO  server.RaftServerConfigKeys (ConfUtils.java:logGet(44)) - raft.server.rpc.request.timeout = 3000ms (default)
2021-08-14 01:18:19,822 [Listener at 127.0.0.1/43663] INFO  impl.DataStreamServerImpl (ConfUtils.java:logGet(44)) - raft.datastream.type = DISABLED (default)
2021-08-14 01:18:19,822 [Listener at 127.0.0.1/43663] INFO  server.RaftServerConfigKeys (ConfUtils.java:logGet(44)) - raft.server.rpc.slowness.timeout = 300000ms (custom)
2021-08-14 01:18:19,822 [Listener at 127.0.0.1/43663] INFO  server.RaftServerConfigKeys (ConfUtils.java:logGet(44)) - raft.server.leaderelection.leader.step-down.wait-time = 10s (default)
2021-08-14 01:18:19,823 [Listener at 127.0.0.1/43663] INFO  server.RaftServerConfigKeys (ConfUtils.java:logGet(44)) - raft.server.storage.dir = [/home/runner/work/ozone/ozone/hadoop-ozone/integration-test/target/test-dir/MiniOzoneClusterImpl-0159c105-9d83-42dd-92be-307c6655fab4/datanode-2/data/ratis] (custom)
2021-08-14 01:18:19,834 [Listener at 127.0.0.1/43663] INFO  http.BaseHttpServer (BaseHttpServer.java:newHttpServer2BuilderForOzone(209)) - Starting Web-server for hddsDatanode at: http://0.0.0.0:0
2021-08-14 01:18:19,834 [Listener at 127.0.0.1/43663] INFO  http.BaseHttpServer (BaseHttpServer.java:<init>(107)) - Hadoop Security Enabled: false Ozone Security Enabled: false Ozone HTTP Security Enabled: false 
2021-08-14 01:18:19,835 [Listener at 127.0.0.1/43663] INFO  server.AuthenticationFilter (AuthenticationFilter.java:constructSecretProvider(240)) - Unable to initialize FileSignerSecretProvider, falling back to use random secrets.
2021-08-14 01:18:19,836 [om1@group-C5BA1605619E-SegmentedRaftLogWorker] INFO  segmented.SegmentedRaftLogWorker (SegmentedRaftLogWorker.java:execute(601)) - om1@group-C5BA1605619E-SegmentedRaftLogWorker: created new log segment /home/runner/work/ozone/ozone/hadoop-ozone/integration-test/target/test-dir/MiniOzoneClusterImpl-0159c105-9d83-42dd-92be-307c6655fab4/ozone-meta/ratis/bf265839-605b-3f16-9796-c5ba1605619e/current/log_inprogress_0
2021-08-14 01:18:19,843 [Listener at 127.0.0.1/43663] WARN  http.HttpRequestLog (HttpRequestLog.java:getRequestLog(103)) - Jetty request log can only be enabled using Log4j
2021-08-14 01:18:19,844 [Listener at 127.0.0.1/43663] INFO  http.HttpServer2 (HttpServer2.java:addGlobalFilter(1020)) - Added global filter 'safety' (class=org.apache.hadoop.hdds.server.http.HttpServer2$QuotingInputFilter)
2021-08-14 01:18:19,845 [Listener at 127.0.0.1/43663] INFO  http.HttpServer2 (HttpServer2.java:addFilter(996)) - Added filter static_user_filter (class=org.apache.hadoop.http.lib.StaticUserWebFilter$StaticUserFilter) to context hddsDatanode
2021-08-14 01:18:19,845 [Listener at 127.0.0.1/43663] INFO  http.HttpServer2 (HttpServer2.java:addFilter(1004)) - Added filter static_user_filter (class=org.apache.hadoop.http.lib.StaticUserWebFilter$StaticUserFilter) to context static
2021-08-14 01:18:19,845 [Listener at 127.0.0.1/43663] INFO  http.HttpServer2 (HttpServer2.java:addFilter(1004)) - Added filter static_user_filter (class=org.apache.hadoop.http.lib.StaticUserWebFilter$StaticUserFilter) to context logs
2021-08-14 01:18:19,846 [Listener at 127.0.0.1/43663] INFO  http.HttpServer2 (HttpServer2.java:bindListener(1239)) - Jetty bound to port 38413
2021-08-14 01:18:19,846 [Listener at 127.0.0.1/43663] INFO  server.Server (Server.java:doStart(375)) - jetty-9.4.43.v20210629; built: 2021-06-30T11:07:22.254Z; git: 526006ecfa3af7f1a27ef3a288e2bef7ea9dd7e8; jvm 1.8.0_292-b10
2021-08-14 01:18:19,862 [Listener at 127.0.0.1/43663] INFO  server.session (DefaultSessionIdManager.java:doStart(334)) - DefaultSessionIdManager workerName=node0
2021-08-14 01:18:19,864 [Listener at 127.0.0.1/43663] INFO  server.session (DefaultSessionIdManager.java:doStart(339)) - No SessionScavenger set, using defaults
2021-08-14 01:18:19,864 [Listener at 127.0.0.1/43663] INFO  server.session (HouseKeeper.java:startScavenging(132)) - node0 Scavenging every 660000ms
2021-08-14 01:18:19,867 [Listener at 127.0.0.1/43663] INFO  handler.ContextHandler (ContextHandler.java:doStart(915)) - Started o.e.j.s.ServletContextHandler@5321ad2c{logs,/logs,file:///home/runner/work/ozone/ozone/hadoop-ozone/integration-test/target/log,AVAILABLE}
2021-08-14 01:18:19,868 [Listener at 127.0.0.1/43663] INFO  handler.ContextHandler (ContextHandler.java:doStart(915)) - Started o.e.j.s.ServletContextHandler@334f130d{static,/static,jar:file:/home/runner/.m2/repository/org/apache/ozone/hdds-container-service/1.2.0-SNAPSHOT/hdds-container-service-1.2.0-SNAPSHOT.jar!/webapps/static,AVAILABLE}
2021-08-14 01:18:19,944 [Listener at 127.0.0.1/43663] INFO  handler.ContextHandler (ContextHandler.java:doStart(915)) - Started o.e.j.w.WebAppContext@5d869991{hddsDatanode,/,file:///tmp/jetty-0_0_0_0-38413-hdds-container-service-1_2_0-SNAPSHOT_jar-_-any-656267770376299771/webapp/,AVAILABLE}{jar:file:/home/runner/.m2/repository/org/apache/ozone/hdds-container-service/1.2.0-SNAPSHOT/hdds-container-service-1.2.0-SNAPSHOT.jar!/webapps/hddsDatanode}
2021-08-14 01:18:19,945 [Listener at 127.0.0.1/43663] INFO  server.AbstractConnector (AbstractConnector.java:doStart(331)) - Started ServerConnector@3479e14e{HTTP/1.1, (http/1.1)}{0.0.0.0:38413}
2021-08-14 01:18:19,945 [Listener at 127.0.0.1/43663] INFO  server.Server (Server.java:doStart(415)) - Started @8010ms
2021-08-14 01:18:19,946 [Listener at 127.0.0.1/43663] WARN  impl.MetricsSystemImpl (MetricsSystemImpl.java:register(279)) - Sink prometheus already exists!
2021-08-14 01:18:19,948 [Listener at 127.0.0.1/43663] INFO  http.BaseHttpServer (BaseHttpServer.java:updateConnectorAddress(329)) - HTTP server of hddsDatanode listening at http://0.0.0.0:38413
2021-08-14 01:18:19,955 [Listener at 127.0.0.1/43663] WARN  impl.MetricRegistriesImpl (MetricRegistriesImpl.java:addReporterRegistration(111)) - New reporters are added after registries were created. Some metrics will be missing from the reporter. Please add reporter before adding any new registry.
2021-08-14 01:18:19,955 [Listener at 127.0.0.1/43663] WARN  impl.MetricRegistriesImpl (MetricRegistriesImpl.java:addReporterRegistration(111)) - New reporters are added after registries were created. Some metrics will be missing from the reporter. Please add reporter before adding any new registry.
2021-08-14 01:18:19,955 [Listener at 127.0.0.1/43663] INFO  impl.MetricsSystemImpl (MetricsSystemImpl.java:init(158)) - HddsDatanode metrics system started (again)
2021-08-14 01:18:19,982 [org.apache.hadoop.util.JvmPauseMonitor$Monitor@228e625d] INFO  util.JvmPauseMonitor (JvmPauseMonitor.java:run(188)) - Starting JVM pause monitor
2021-08-14 01:18:19,982 [Listener at 127.0.0.1/43663] INFO  ozone.HddsDatanodeService (HddsDatanodeService.java:start(234)) - HddsDatanodeService host:fv-az395-768.zfmzfyrfkyou3ow0tsr0jxwq1e.bx.internal.cloudapp.net ip:10.1.0.41
2021-08-14 01:18:19,985 [om1@group-C5BA1605619E-StateMachineUpdater] INFO  ratis.OzoneManagerStateMachine (OzoneManagerStateMachine.java:notifyConfigurationChanged(188)) - Received Configuration change notification from Ratis. New Peer list:
[id: "om1"
address: "localhost:9872"
]
2021-08-14 01:18:19,986 [Datanode State Machine Task Thread - 0] INFO  datanode.InitDatanodeState (InitDatanodeState.java:persistContainerDatanodeDetails(145)) - DatanodeDetails is persisted to /home/runner/work/ozone/ozone/hadoop-ozone/integration-test/target/test-dir/MiniOzoneClusterImpl-0159c105-9d83-42dd-92be-307c6655fab4/datanode-2/meta/datanode.id
2021-08-14 01:18:20,015 [Listener at 127.0.0.1/43663] INFO  upgrade.AbstractLayoutVersionManager (AbstractLayoutVersionManager.java:init(70)) - Initializing Layout version manager with metadata layout = SCM_HA (version = 2), software layout = SCM_HA (version = 2)
2021-08-14 01:18:20,055 [Listener at 127.0.0.1/43663] INFO  reflections.Reflections (Reflections.java:scan(232)) - Reflections took 39 ms to scan 7 urls, producing 120 keys and 275 values 
2021-08-14 01:18:20,058 [Listener at 127.0.0.1/43663] INFO  volume.HddsVolume (HddsVolume.java:<init>(120)) - Creating HddsVolume: /home/runner/work/ozone/ozone/hadoop-ozone/integration-test/target/test-dir/MiniOzoneClusterImpl-0159c105-9d83-42dd-92be-307c6655fab4/datanode-3/data-0/containers/hdds of storage type : DISK capacity : 9223372036854775807
2021-08-14 01:18:20,059 [Listener at 127.0.0.1/43663] INFO  volume.MutableVolumeSet (MutableVolumeSet.java:initializeVolumeSet(181)) - Added Volume : /home/runner/work/ozone/ozone/hadoop-ozone/integration-test/target/test-dir/MiniOzoneClusterImpl-0159c105-9d83-42dd-92be-307c6655fab4/datanode-3/data-0/containers/hdds to VolumeSet
2021-08-14 01:18:20,059 [Listener at 127.0.0.1/43663] INFO  volume.ThrottledAsyncChecker (ThrottledAsyncChecker.java:schedule(141)) - Scheduling a check for /home/runner/work/ozone/ozone/hadoop-ozone/integration-test/target/test-dir/MiniOzoneClusterImpl-0159c105-9d83-42dd-92be-307c6655fab4/datanode-3/data-0/containers/hdds
2021-08-14 01:18:20,063 [Listener at 127.0.0.1/43663] INFO  volume.StorageVolumeChecker (StorageVolumeChecker.java:checkAllVolumes(202)) - Scheduled health check for volume /home/runner/work/ozone/ozone/hadoop-ozone/integration-test/target/test-dir/MiniOzoneClusterImpl-0159c105-9d83-42dd-92be-307c6655fab4/datanode-3/data-0/containers/hdds
2021-08-14 01:18:20,078 [Listener at 127.0.0.1/43663] INFO  volume.MutableVolumeSet (MutableVolumeSet.java:initializeVolumeSet(181)) - Added Volume : /home/runner/work/ozone/ozone/hadoop-ozone/integration-test/target/test-dir/MiniOzoneClusterImpl-0159c105-9d83-42dd-92be-307c6655fab4/datanode-3/data/ratis to VolumeSet
2021-08-14 01:18:20,079 [Listener at 127.0.0.1/43663] INFO  volume.ThrottledAsyncChecker (ThrottledAsyncChecker.java:schedule(141)) - Scheduling a check for /home/runner/work/ozone/ozone/hadoop-ozone/integration-test/target/test-dir/MiniOzoneClusterImpl-0159c105-9d83-42dd-92be-307c6655fab4/datanode-3/data/ratis
2021-08-14 01:18:20,079 [Listener at 127.0.0.1/43663] INFO  volume.StorageVolumeChecker (StorageVolumeChecker.java:checkAllVolumes(202)) - Scheduled health check for volume /home/runner/work/ozone/ozone/hadoop-ozone/integration-test/target/test-dir/MiniOzoneClusterImpl-0159c105-9d83-42dd-92be-307c6655fab4/datanode-3/data/ratis
2021-08-14 01:18:20,091 [Listener at 127.0.0.1/43663] INFO  ozoneimpl.ContainerReader (ContainerReader.java:<init>(98)) - Running in upgrade mode:true
2021-08-14 01:18:20,092 [Thread-166] INFO  ozoneimpl.ContainerReader (ContainerReader.java:readVolume(142)) - Start to verify containers on volume /home/runner/work/ozone/ozone/hadoop-ozone/integration-test/target/test-dir/MiniOzoneClusterImpl-0159c105-9d83-42dd-92be-307c6655fab4/datanode-3/data-0/containers/hdds
2021-08-14 01:18:20,092 [Thread-166] INFO  ozoneimpl.ContainerReader (ContainerReader.java:readVolume(174)) - Finish verifying containers on volume /home/runner/work/ozone/ozone/hadoop-ozone/integration-test/target/test-dir/MiniOzoneClusterImpl-0159c105-9d83-42dd-92be-307c6655fab4/datanode-3/data-0/containers/hdds
2021-08-14 01:18:20,092 [Listener at 127.0.0.1/43663] INFO  ozoneimpl.OzoneContainer (OzoneContainer.java:buildContainerSet(237)) - Build ContainerSet costs 0s
2021-08-14 01:18:20,095 [Listener at 127.0.0.1/43663] INFO  server.RaftServer (ConfUtils.java:logGet(44)) - raft.rpc.type = GRPC (default)
2021-08-14 01:18:20,095 [Listener at 127.0.0.1/43663] INFO  grpc.GrpcFactory (GrpcFactory.java:checkPooledByteBufAllocatorUseCacheForAllThreads(48)) - PERFORMANCE WARNING: useCacheForAllThreads is true that may cause Netty to create a lot garbage objects and, as a result, trigger GC.
	It is recommended to disable useCacheForAllThreads by setting -Dorg.apache.ratis.thirdparty.io.netty.allocator.useCacheForAllThreads=false in command line.
2021-08-14 01:18:20,096 [Listener at 127.0.0.1/43663] INFO  grpc.GrpcConfigKeys (ConfUtils.java:logGet(44)) - raft.grpc.admin.port = 0 (custom)
2021-08-14 01:18:20,096 [Listener at 127.0.0.1/43663] INFO  grpc.GrpcConfigKeys (ConfUtils.java:logGet(44)) - raft.grpc.client.port = 0 (custom)
2021-08-14 01:18:20,096 [Listener at 127.0.0.1/43663] INFO  grpc.GrpcConfigKeys (ConfUtils.java:logGet(44)) - raft.grpc.server.port = 0 (default)
2021-08-14 01:18:20,096 [Listener at 127.0.0.1/43663] INFO  server.GrpcService (ConfUtils.java:logGet(44)) - raft.grpc.message.size.max = 32MB (=33554432) (custom)
2021-08-14 01:18:20,096 [Listener at 127.0.0.1/43663] INFO  server.RaftServerConfigKeys (ConfUtils.java:logGet(44)) - raft.server.log.appender.buffer.byte-limit = 33554432 (custom)
2021-08-14 01:18:20,096 [Listener at 127.0.0.1/43663] INFO  server.GrpcService (ConfUtils.java:logGet(44)) - raft.grpc.flow.control.window = 5MB (=5242880) (custom)
2021-08-14 01:18:20,096 [Listener at 127.0.0.1/43663] INFO  server.RaftServerConfigKeys (ConfUtils.java:logGet(44)) - raft.server.rpc.request.timeout = 3000ms (default)
2021-08-14 01:18:20,098 [Listener at 127.0.0.1/43663] INFO  impl.DataStreamServerImpl (ConfUtils.java:logGet(44)) - raft.datastream.type = DISABLED (default)
2021-08-14 01:18:20,098 [Listener at 127.0.0.1/43663] INFO  server.RaftServerConfigKeys (ConfUtils.java:logGet(44)) - raft.server.rpc.slowness.timeout = 300000ms (custom)
2021-08-14 01:18:20,098 [Listener at 127.0.0.1/43663] INFO  server.RaftServerConfigKeys (ConfUtils.java:logGet(44)) - raft.server.leaderelection.leader.step-down.wait-time = 10s (default)
2021-08-14 01:18:20,098 [Listener at 127.0.0.1/43663] INFO  server.RaftServerConfigKeys (ConfUtils.java:logGet(44)) - raft.server.storage.dir = [/home/runner/work/ozone/ozone/hadoop-ozone/integration-test/target/test-dir/MiniOzoneClusterImpl-0159c105-9d83-42dd-92be-307c6655fab4/datanode-3/data/ratis] (custom)
2021-08-14 01:18:20,105 [Listener at 127.0.0.1/43663] INFO  http.BaseHttpServer (BaseHttpServer.java:newHttpServer2BuilderForOzone(209)) - Starting Web-server for hddsDatanode at: http://0.0.0.0:0
2021-08-14 01:18:20,106 [Listener at 127.0.0.1/43663] INFO  http.BaseHttpServer (BaseHttpServer.java:<init>(107)) - Hadoop Security Enabled: false Ozone Security Enabled: false Ozone HTTP Security Enabled: false 
2021-08-14 01:18:20,108 [Listener at 127.0.0.1/43663] INFO  server.AuthenticationFilter (AuthenticationFilter.java:constructSecretProvider(240)) - Unable to initialize FileSignerSecretProvider, falling back to use random secrets.
2021-08-14 01:18:20,109 [Listener at 127.0.0.1/43663] WARN  http.HttpRequestLog (HttpRequestLog.java:getRequestLog(103)) - Jetty request log can only be enabled using Log4j
2021-08-14 01:18:20,110 [Listener at 127.0.0.1/43663] INFO  http.HttpServer2 (HttpServer2.java:addGlobalFilter(1020)) - Added global filter 'safety' (class=org.apache.hadoop.hdds.server.http.HttpServer2$QuotingInputFilter)
2021-08-14 01:18:20,111 [Listener at 127.0.0.1/43663] INFO  http.HttpServer2 (HttpServer2.java:addFilter(996)) - Added filter static_user_filter (class=org.apache.hadoop.http.lib.StaticUserWebFilter$StaticUserFilter) to context hddsDatanode
2021-08-14 01:18:20,111 [Listener at 127.0.0.1/43663] INFO  http.HttpServer2 (HttpServer2.java:addFilter(1004)) - Added filter static_user_filter (class=org.apache.hadoop.http.lib.StaticUserWebFilter$StaticUserFilter) to context logs
2021-08-14 01:18:20,111 [Listener at 127.0.0.1/43663] INFO  http.HttpServer2 (HttpServer2.java:addFilter(1004)) - Added filter static_user_filter (class=org.apache.hadoop.http.lib.StaticUserWebFilter$StaticUserFilter) to context static
2021-08-14 01:18:20,111 [Listener at 127.0.0.1/43663] INFO  http.HttpServer2 (HttpServer2.java:bindListener(1239)) - Jetty bound to port 46561
2021-08-14 01:18:20,111 [Listener at 127.0.0.1/43663] INFO  server.Server (Server.java:doStart(375)) - jetty-9.4.43.v20210629; built: 2021-06-30T11:07:22.254Z; git: 526006ecfa3af7f1a27ef3a288e2bef7ea9dd7e8; jvm 1.8.0_292-b10
2021-08-14 01:18:20,132 [Listener at 127.0.0.1/43663] INFO  server.session (DefaultSessionIdManager.java:doStart(334)) - DefaultSessionIdManager workerName=node0
2021-08-14 01:18:20,132 [Listener at 127.0.0.1/43663] INFO  server.session (DefaultSessionIdManager.java:doStart(339)) - No SessionScavenger set, using defaults
2021-08-14 01:18:20,133 [Listener at 127.0.0.1/43663] INFO  server.session (HouseKeeper.java:startScavenging(132)) - node0 Scavenging every 600000ms
2021-08-14 01:18:20,134 [Listener at 127.0.0.1/43663] INFO  handler.ContextHandler (ContextHandler.java:doStart(915)) - Started o.e.j.s.ServletContextHandler@630d7bce{logs,/logs,file:///home/runner/work/ozone/ozone/hadoop-ozone/integration-test/target/log,AVAILABLE}
2021-08-14 01:18:20,134 [Listener at 127.0.0.1/43663] INFO  handler.ContextHandler (ContextHandler.java:doStart(915)) - Started o.e.j.s.ServletContextHandler@769580de{static,/static,jar:file:/home/runner/.m2/repository/org/apache/ozone/hdds-container-service/1.2.0-SNAPSHOT/hdds-container-service-1.2.0-SNAPSHOT.jar!/webapps/static,AVAILABLE}
2021-08-14 01:18:20,177 [Listener at 127.0.0.1/43663] INFO  handler.ContextHandler (ContextHandler.java:doStart(915)) - Started o.e.j.w.WebAppContext@57e21ffb{hddsDatanode,/,file:///tmp/jetty-0_0_0_0-46561-hdds-container-service-1_2_0-SNAPSHOT_jar-_-any-1097988509429248782/webapp/,AVAILABLE}{jar:file:/home/runner/.m2/repository/org/apache/ozone/hdds-container-service/1.2.0-SNAPSHOT/hdds-container-service-1.2.0-SNAPSHOT.jar!/webapps/hddsDatanode}
2021-08-14 01:18:20,178 [Listener at 127.0.0.1/43663] INFO  server.AbstractConnector (AbstractConnector.java:doStart(331)) - Started ServerConnector@51baea92{HTTP/1.1, (http/1.1)}{0.0.0.0:46561}
2021-08-14 01:18:20,178 [Listener at 127.0.0.1/43663] INFO  server.Server (Server.java:doStart(415)) - Started @8243ms
2021-08-14 01:18:20,178 [Listener at 127.0.0.1/43663] WARN  impl.MetricsSystemImpl (MetricsSystemImpl.java:register(279)) - Sink prometheus already exists!
2021-08-14 01:18:20,179 [Listener at 127.0.0.1/43663] INFO  http.BaseHttpServer (BaseHttpServer.java:updateConnectorAddress(329)) - HTTP server of hddsDatanode listening at http://0.0.0.0:46561
2021-08-14 01:18:20,184 [Listener at 127.0.0.1/43663] WARN  impl.MetricRegistriesImpl (MetricRegistriesImpl.java:addReporterRegistration(111)) - New reporters are added after registries were created. Some metrics will be missing from the reporter. Please add reporter before adding any new registry.
2021-08-14 01:18:20,184 [Listener at 127.0.0.1/43663] WARN  impl.MetricRegistriesImpl (MetricRegistriesImpl.java:addReporterRegistration(111)) - New reporters are added after registries were created. Some metrics will be missing from the reporter. Please add reporter before adding any new registry.
2021-08-14 01:18:20,184 [Listener at 127.0.0.1/43663] INFO  impl.MetricsSystemImpl (MetricsSystemImpl.java:init(158)) - HddsDatanode metrics system started (again)
2021-08-14 01:18:20,198 [Listener at 127.0.0.1/43663] INFO  ozone.HddsDatanodeService (HddsDatanodeService.java:start(234)) - HddsDatanodeService host:fv-az395-768.zfmzfyrfkyou3ow0tsr0jxwq1e.bx.internal.cloudapp.net ip:10.1.0.41
2021-08-14 01:18:20,199 [org.apache.hadoop.util.JvmPauseMonitor$Monitor@881cad7] INFO  util.JvmPauseMonitor (JvmPauseMonitor.java:run(188)) - Starting JVM pause monitor
2021-08-14 01:18:20,204 [Datanode State Machine Task Thread - 0] INFO  datanode.InitDatanodeState (InitDatanodeState.java:persistContainerDatanodeDetails(145)) - DatanodeDetails is persisted to /home/runner/work/ozone/ozone/hadoop-ozone/integration-test/target/test-dir/MiniOzoneClusterImpl-0159c105-9d83-42dd-92be-307c6655fab4/datanode-3/meta/datanode.id
2021-08-14 01:18:20,230 [Listener at 127.0.0.1/43663] INFO  upgrade.AbstractLayoutVersionManager (AbstractLayoutVersionManager.java:init(70)) - Initializing Layout version manager with metadata layout = SCM_HA (version = 2), software layout = SCM_HA (version = 2)
2021-08-14 01:18:20,275 [Listener at 127.0.0.1/43663] INFO  reflections.Reflections (Reflections.java:scan(232)) - Reflections took 42 ms to scan 7 urls, producing 120 keys and 275 values 
2021-08-14 01:18:20,278 [Listener at 127.0.0.1/43663] INFO  volume.HddsVolume (HddsVolume.java:<init>(120)) - Creating HddsVolume: /home/runner/work/ozone/ozone/hadoop-ozone/integration-test/target/test-dir/MiniOzoneClusterImpl-0159c105-9d83-42dd-92be-307c6655fab4/datanode-4/data-0/containers/hdds of storage type : DISK capacity : 9223372036854775807
2021-08-14 01:18:20,278 [Listener at 127.0.0.1/43663] INFO  volume.MutableVolumeSet (MutableVolumeSet.java:initializeVolumeSet(181)) - Added Volume : /home/runner/work/ozone/ozone/hadoop-ozone/integration-test/target/test-dir/MiniOzoneClusterImpl-0159c105-9d83-42dd-92be-307c6655fab4/datanode-4/data-0/containers/hdds to VolumeSet
2021-08-14 01:18:20,279 [Listener at 127.0.0.1/43663] INFO  volume.ThrottledAsyncChecker (ThrottledAsyncChecker.java:schedule(141)) - Scheduling a check for /home/runner/work/ozone/ozone/hadoop-ozone/integration-test/target/test-dir/MiniOzoneClusterImpl-0159c105-9d83-42dd-92be-307c6655fab4/datanode-4/data-0/containers/hdds
2021-08-14 01:18:20,287 [Listener at 127.0.0.1/43663] INFO  volume.StorageVolumeChecker (StorageVolumeChecker.java:checkAllVolumes(202)) - Scheduled health check for volume /home/runner/work/ozone/ozone/hadoop-ozone/integration-test/target/test-dir/MiniOzoneClusterImpl-0159c105-9d83-42dd-92be-307c6655fab4/datanode-4/data-0/containers/hdds
2021-08-14 01:18:20,302 [Listener at 127.0.0.1/43663] INFO  volume.MutableVolumeSet (MutableVolumeSet.java:initializeVolumeSet(181)) - Added Volume : /home/runner/work/ozone/ozone/hadoop-ozone/integration-test/target/test-dir/MiniOzoneClusterImpl-0159c105-9d83-42dd-92be-307c6655fab4/datanode-4/data/ratis to VolumeSet
2021-08-14 01:18:20,303 [Listener at 127.0.0.1/43663] INFO  volume.ThrottledAsyncChecker (ThrottledAsyncChecker.java:schedule(141)) - Scheduling a check for /home/runner/work/ozone/ozone/hadoop-ozone/integration-test/target/test-dir/MiniOzoneClusterImpl-0159c105-9d83-42dd-92be-307c6655fab4/datanode-4/data/ratis
2021-08-14 01:18:20,303 [Listener at 127.0.0.1/43663] INFO  volume.StorageVolumeChecker (StorageVolumeChecker.java:checkAllVolumes(202)) - Scheduled health check for volume /home/runner/work/ozone/ozone/hadoop-ozone/integration-test/target/test-dir/MiniOzoneClusterImpl-0159c105-9d83-42dd-92be-307c6655fab4/datanode-4/data/ratis
2021-08-14 01:18:20,316 [Listener at 127.0.0.1/43663] INFO  ozoneimpl.ContainerReader (ContainerReader.java:<init>(98)) - Running in upgrade mode:true
2021-08-14 01:18:20,316 [Thread-178] INFO  ozoneimpl.ContainerReader (ContainerReader.java:readVolume(142)) - Start to verify containers on volume /home/runner/work/ozone/ozone/hadoop-ozone/integration-test/target/test-dir/MiniOzoneClusterImpl-0159c105-9d83-42dd-92be-307c6655fab4/datanode-4/data-0/containers/hdds
2021-08-14 01:18:20,317 [Thread-178] INFO  ozoneimpl.ContainerReader (ContainerReader.java:readVolume(174)) - Finish verifying containers on volume /home/runner/work/ozone/ozone/hadoop-ozone/integration-test/target/test-dir/MiniOzoneClusterImpl-0159c105-9d83-42dd-92be-307c6655fab4/datanode-4/data-0/containers/hdds
2021-08-14 01:18:20,317 [Listener at 127.0.0.1/43663] INFO  ozoneimpl.OzoneContainer (OzoneContainer.java:buildContainerSet(237)) - Build ContainerSet costs 0s
2021-08-14 01:18:20,320 [Listener at 127.0.0.1/43663] INFO  server.RaftServer (ConfUtils.java:logGet(44)) - raft.rpc.type = GRPC (default)
2021-08-14 01:18:20,320 [Listener at 127.0.0.1/43663] INFO  grpc.GrpcFactory (GrpcFactory.java:checkPooledByteBufAllocatorUseCacheForAllThreads(48)) - PERFORMANCE WARNING: useCacheForAllThreads is true that may cause Netty to create a lot garbage objects and, as a result, trigger GC.
	It is recommended to disable useCacheForAllThreads by setting -Dorg.apache.ratis.thirdparty.io.netty.allocator.useCacheForAllThreads=false in command line.
2021-08-14 01:18:20,320 [Listener at 127.0.0.1/43663] INFO  grpc.GrpcConfigKeys (ConfUtils.java:logGet(44)) - raft.grpc.admin.port = 0 (custom)
2021-08-14 01:18:20,320 [Listener at 127.0.0.1/43663] INFO  grpc.GrpcConfigKeys (ConfUtils.java:logGet(44)) - raft.grpc.client.port = 0 (custom)
2021-08-14 01:18:20,320 [Listener at 127.0.0.1/43663] INFO  grpc.GrpcConfigKeys (ConfUtils.java:logGet(44)) - raft.grpc.server.port = 0 (default)
2021-08-14 01:18:20,320 [Listener at 127.0.0.1/43663] INFO  server.GrpcService (ConfUtils.java:logGet(44)) - raft.grpc.message.size.max = 32MB (=33554432) (custom)
2021-08-14 01:18:20,321 [Listener at 127.0.0.1/43663] INFO  server.RaftServerConfigKeys (ConfUtils.java:logGet(44)) - raft.server.log.appender.buffer.byte-limit = 33554432 (custom)
2021-08-14 01:18:20,321 [Listener at 127.0.0.1/43663] INFO  server.GrpcService (ConfUtils.java:logGet(44)) - raft.grpc.flow.control.window = 5MB (=5242880) (custom)
2021-08-14 01:18:20,321 [Listener at 127.0.0.1/43663] INFO  server.RaftServerConfigKeys (ConfUtils.java:logGet(44)) - raft.server.rpc.request.timeout = 3000ms (default)
2021-08-14 01:18:20,322 [Listener at 127.0.0.1/43663] INFO  impl.DataStreamServerImpl (ConfUtils.java:logGet(44)) - raft.datastream.type = DISABLED (default)
2021-08-14 01:18:20,322 [Listener at 127.0.0.1/43663] INFO  server.RaftServerConfigKeys (ConfUtils.java:logGet(44)) - raft.server.rpc.slowness.timeout = 300000ms (custom)
2021-08-14 01:18:20,322 [Listener at 127.0.0.1/43663] INFO  server.RaftServerConfigKeys (ConfUtils.java:logGet(44)) - raft.server.leaderelection.leader.step-down.wait-time = 10s (default)
2021-08-14 01:18:20,323 [Listener at 127.0.0.1/43663] INFO  server.RaftServerConfigKeys (ConfUtils.java:logGet(44)) - raft.server.storage.dir = [/home/runner/work/ozone/ozone/hadoop-ozone/integration-test/target/test-dir/MiniOzoneClusterImpl-0159c105-9d83-42dd-92be-307c6655fab4/datanode-4/data/ratis] (custom)
2021-08-14 01:18:20,330 [Listener at 127.0.0.1/43663] INFO  http.BaseHttpServer (BaseHttpServer.java:newHttpServer2BuilderForOzone(209)) - Starting Web-server for hddsDatanode at: http://0.0.0.0:0
2021-08-14 01:18:20,330 [Listener at 127.0.0.1/43663] INFO  http.BaseHttpServer (BaseHttpServer.java:<init>(107)) - Hadoop Security Enabled: false Ozone Security Enabled: false Ozone HTTP Security Enabled: false 
2021-08-14 01:18:20,332 [Listener at 127.0.0.1/43663] INFO  server.AuthenticationFilter (AuthenticationFilter.java:constructSecretProvider(240)) - Unable to initialize FileSignerSecretProvider, falling back to use random secrets.
2021-08-14 01:18:20,333 [Listener at 127.0.0.1/43663] WARN  http.HttpRequestLog (HttpRequestLog.java:getRequestLog(103)) - Jetty request log can only be enabled using Log4j
2021-08-14 01:18:20,334 [Listener at 127.0.0.1/43663] INFO  http.HttpServer2 (HttpServer2.java:addGlobalFilter(1020)) - Added global filter 'safety' (class=org.apache.hadoop.hdds.server.http.HttpServer2$QuotingInputFilter)
2021-08-14 01:18:20,335 [Listener at 127.0.0.1/43663] INFO  http.HttpServer2 (HttpServer2.java:addFilter(996)) - Added filter static_user_filter (class=org.apache.hadoop.http.lib.StaticUserWebFilter$StaticUserFilter) to context hddsDatanode
2021-08-14 01:18:20,335 [Listener at 127.0.0.1/43663] INFO  http.HttpServer2 (HttpServer2.java:addFilter(1004)) - Added filter static_user_filter (class=org.apache.hadoop.http.lib.StaticUserWebFilter$StaticUserFilter) to context static
2021-08-14 01:18:20,335 [Listener at 127.0.0.1/43663] INFO  http.HttpServer2 (HttpServer2.java:addFilter(1004)) - Added filter static_user_filter (class=org.apache.hadoop.http.lib.StaticUserWebFilter$StaticUserFilter) to context logs
2021-08-14 01:18:20,336 [Listener at 127.0.0.1/43663] INFO  http.HttpServer2 (HttpServer2.java:bindListener(1239)) - Jetty bound to port 43483
2021-08-14 01:18:20,336 [Listener at 127.0.0.1/43663] INFO  server.Server (Server.java:doStart(375)) - jetty-9.4.43.v20210629; built: 2021-06-30T11:07:22.254Z; git: 526006ecfa3af7f1a27ef3a288e2bef7ea9dd7e8; jvm 1.8.0_292-b10
2021-08-14 01:18:20,339 [Listener at 127.0.0.1/43663] INFO  server.session (DefaultSessionIdManager.java:doStart(334)) - DefaultSessionIdManager workerName=node0
2021-08-14 01:18:20,340 [Listener at 127.0.0.1/43663] INFO  server.session (DefaultSessionIdManager.java:doStart(339)) - No SessionScavenger set, using defaults
2021-08-14 01:18:20,340 [Listener at 127.0.0.1/43663] INFO  server.session (HouseKeeper.java:startScavenging(132)) - node0 Scavenging every 660000ms
2021-08-14 01:18:20,341 [Listener at 127.0.0.1/43663] INFO  handler.ContextHandler (ContextHandler.java:doStart(915)) - Started o.e.j.s.ServletContextHandler@4137ff9f{logs,/logs,file:///home/runner/work/ozone/ozone/hadoop-ozone/integration-test/target/log,AVAILABLE}
2021-08-14 01:18:20,341 [Listener at 127.0.0.1/43663] INFO  handler.ContextHandler (ContextHandler.java:doStart(915)) - Started o.e.j.s.ServletContextHandler@47bea04a{static,/static,jar:file:/home/runner/.m2/repository/org/apache/ozone/hdds-container-service/1.2.0-SNAPSHOT/hdds-container-service-1.2.0-SNAPSHOT.jar!/webapps/static,AVAILABLE}
2021-08-14 01:18:20,384 [Listener at 127.0.0.1/43663] INFO  handler.ContextHandler (ContextHandler.java:doStart(915)) - Started o.e.j.w.WebAppContext@26234101{hddsDatanode,/,file:///tmp/jetty-0_0_0_0-43483-hdds-container-service-1_2_0-SNAPSHOT_jar-_-any-6375883351289923411/webapp/,AVAILABLE}{jar:file:/home/runner/.m2/repository/org/apache/ozone/hdds-container-service/1.2.0-SNAPSHOT/hdds-container-service-1.2.0-SNAPSHOT.jar!/webapps/hddsDatanode}
2021-08-14 01:18:20,386 [Listener at 127.0.0.1/43663] INFO  server.AbstractConnector (AbstractConnector.java:doStart(331)) - Started ServerConnector@1f0eabb8{HTTP/1.1, (http/1.1)}{0.0.0.0:43483}
2021-08-14 01:18:20,386 [Listener at 127.0.0.1/43663] INFO  server.Server (Server.java:doStart(415)) - Started @8451ms
2021-08-14 01:18:20,386 [Listener at 127.0.0.1/43663] WARN  impl.MetricsSystemImpl (MetricsSystemImpl.java:register(279)) - Sink prometheus already exists!
2021-08-14 01:18:20,387 [Listener at 127.0.0.1/43663] INFO  http.BaseHttpServer (BaseHttpServer.java:updateConnectorAddress(329)) - HTTP server of hddsDatanode listening at http://0.0.0.0:43483
2021-08-14 01:18:20,388 [Listener at 127.0.0.1/43663] WARN  impl.MetricRegistriesImpl (MetricRegistriesImpl.java:addReporterRegistration(111)) - New reporters are added after registries were created. Some metrics will be missing from the reporter. Please add reporter before adding any new registry.
2021-08-14 01:18:20,388 [Listener at 127.0.0.1/43663] WARN  impl.MetricRegistriesImpl (MetricRegistriesImpl.java:addReporterRegistration(111)) - New reporters are added after registries were created. Some metrics will be missing from the reporter. Please add reporter before adding any new registry.
2021-08-14 01:18:20,388 [Listener at 127.0.0.1/43663] INFO  impl.MetricsSystemImpl (MetricsSystemImpl.java:init(158)) - HddsDatanode metrics system started (again)
2021-08-14 01:18:20,402 [Listener at 127.0.0.1/43663] INFO  ozone.HddsDatanodeService (HddsDatanodeService.java:start(234)) - HddsDatanodeService host:fv-az395-768.zfmzfyrfkyou3ow0tsr0jxwq1e.bx.internal.cloudapp.net ip:10.1.0.41
2021-08-14 01:18:20,403 [org.apache.hadoop.util.JvmPauseMonitor$Monitor@742d4686] INFO  util.JvmPauseMonitor (JvmPauseMonitor.java:run(188)) - Starting JVM pause monitor
2021-08-14 01:18:20,406 [Datanode State Machine Task Thread - 0] INFO  datanode.InitDatanodeState (InitDatanodeState.java:persistContainerDatanodeDetails(145)) - DatanodeDetails is persisted to /home/runner/work/ozone/ozone/hadoop-ozone/integration-test/target/test-dir/MiniOzoneClusterImpl-0159c105-9d83-42dd-92be-307c6655fab4/datanode-4/meta/datanode.id
2021-08-14 01:18:20,427 [Listener at 127.0.0.1/43663] INFO  upgrade.AbstractLayoutVersionManager (AbstractLayoutVersionManager.java:init(70)) - Initializing Layout version manager with metadata layout = SCM_HA (version = 2), software layout = SCM_HA (version = 2)
2021-08-14 01:18:20,467 [Listener at 127.0.0.1/43663] INFO  reflections.Reflections (Reflections.java:scan(232)) - Reflections took 39 ms to scan 7 urls, producing 120 keys and 275 values 
2021-08-14 01:18:20,470 [Listener at 127.0.0.1/43663] INFO  volume.HddsVolume (HddsVolume.java:<init>(120)) - Creating HddsVolume: /home/runner/work/ozone/ozone/hadoop-ozone/integration-test/target/test-dir/MiniOzoneClusterImpl-0159c105-9d83-42dd-92be-307c6655fab4/datanode-5/data-0/containers/hdds of storage type : DISK capacity : 9223372036854775807
2021-08-14 01:18:20,471 [Listener at 127.0.0.1/43663] INFO  volume.MutableVolumeSet (MutableVolumeSet.java:initializeVolumeSet(181)) - Added Volume : /home/runner/work/ozone/ozone/hadoop-ozone/integration-test/target/test-dir/MiniOzoneClusterImpl-0159c105-9d83-42dd-92be-307c6655fab4/datanode-5/data-0/containers/hdds to VolumeSet
2021-08-14 01:18:20,471 [Listener at 127.0.0.1/43663] INFO  volume.ThrottledAsyncChecker (ThrottledAsyncChecker.java:schedule(141)) - Scheduling a check for /home/runner/work/ozone/ozone/hadoop-ozone/integration-test/target/test-dir/MiniOzoneClusterImpl-0159c105-9d83-42dd-92be-307c6655fab4/datanode-5/data-0/containers/hdds
2021-08-14 01:18:20,476 [Listener at 127.0.0.1/43663] INFO  volume.StorageVolumeChecker (StorageVolumeChecker.java:checkAllVolumes(202)) - Scheduled health check for volume /home/runner/work/ozone/ozone/hadoop-ozone/integration-test/target/test-dir/MiniOzoneClusterImpl-0159c105-9d83-42dd-92be-307c6655fab4/datanode-5/data-0/containers/hdds
2021-08-14 01:18:20,490 [Listener at 127.0.0.1/43663] INFO  volume.MutableVolumeSet (MutableVolumeSet.java:initializeVolumeSet(181)) - Added Volume : /home/runner/work/ozone/ozone/hadoop-ozone/integration-test/target/test-dir/MiniOzoneClusterImpl-0159c105-9d83-42dd-92be-307c6655fab4/datanode-5/data/ratis to VolumeSet
2021-08-14 01:18:20,490 [Listener at 127.0.0.1/43663] INFO  volume.ThrottledAsyncChecker (ThrottledAsyncChecker.java:schedule(141)) - Scheduling a check for /home/runner/work/ozone/ozone/hadoop-ozone/integration-test/target/test-dir/MiniOzoneClusterImpl-0159c105-9d83-42dd-92be-307c6655fab4/datanode-5/data/ratis
2021-08-14 01:18:20,490 [Listener at 127.0.0.1/43663] INFO  volume.StorageVolumeChecker (StorageVolumeChecker.java:checkAllVolumes(202)) - Scheduled health check for volume /home/runner/work/ozone/ozone/hadoop-ozone/integration-test/target/test-dir/MiniOzoneClusterImpl-0159c105-9d83-42dd-92be-307c6655fab4/datanode-5/data/ratis
2021-08-14 01:18:20,504 [Listener at 127.0.0.1/43663] INFO  ozoneimpl.ContainerReader (ContainerReader.java:<init>(98)) - Running in upgrade mode:true
2021-08-14 01:18:20,504 [Thread-190] INFO  ozoneimpl.ContainerReader (ContainerReader.java:readVolume(142)) - Start to verify containers on volume /home/runner/work/ozone/ozone/hadoop-ozone/integration-test/target/test-dir/MiniOzoneClusterImpl-0159c105-9d83-42dd-92be-307c6655fab4/datanode-5/data-0/containers/hdds
2021-08-14 01:18:20,504 [Thread-190] INFO  ozoneimpl.ContainerReader (ContainerReader.java:readVolume(174)) - Finish verifying containers on volume /home/runner/work/ozone/ozone/hadoop-ozone/integration-test/target/test-dir/MiniOzoneClusterImpl-0159c105-9d83-42dd-92be-307c6655fab4/datanode-5/data-0/containers/hdds
2021-08-14 01:18:20,504 [Listener at 127.0.0.1/43663] INFO  ozoneimpl.OzoneContainer (OzoneContainer.java:buildContainerSet(237)) - Build ContainerSet costs 0s
2021-08-14 01:18:20,507 [Listener at 127.0.0.1/43663] INFO  server.RaftServer (ConfUtils.java:logGet(44)) - raft.rpc.type = GRPC (default)
2021-08-14 01:18:20,507 [Listener at 127.0.0.1/43663] INFO  grpc.GrpcFactory (GrpcFactory.java:checkPooledByteBufAllocatorUseCacheForAllThreads(48)) - PERFORMANCE WARNING: useCacheForAllThreads is true that may cause Netty to create a lot garbage objects and, as a result, trigger GC.
	It is recommended to disable useCacheForAllThreads by setting -Dorg.apache.ratis.thirdparty.io.netty.allocator.useCacheForAllThreads=false in command line.
2021-08-14 01:18:20,507 [Listener at 127.0.0.1/43663] INFO  grpc.GrpcConfigKeys (ConfUtils.java:logGet(44)) - raft.grpc.admin.port = 0 (custom)
2021-08-14 01:18:20,508 [Listener at 127.0.0.1/43663] INFO  grpc.GrpcConfigKeys (ConfUtils.java:logGet(44)) - raft.grpc.client.port = 0 (custom)
2021-08-14 01:18:20,508 [Listener at 127.0.0.1/43663] INFO  grpc.GrpcConfigKeys (ConfUtils.java:logGet(44)) - raft.grpc.server.port = 0 (default)
2021-08-14 01:18:20,508 [Listener at 127.0.0.1/43663] INFO  server.GrpcService (ConfUtils.java:logGet(44)) - raft.grpc.message.size.max = 32MB (=33554432) (custom)
2021-08-14 01:18:20,508 [Listener at 127.0.0.1/43663] INFO  server.RaftServerConfigKeys (ConfUtils.java:logGet(44)) - raft.server.log.appender.buffer.byte-limit = 33554432 (custom)
2021-08-14 01:18:20,508 [Listener at 127.0.0.1/43663] INFO  server.GrpcService (ConfUtils.java:logGet(44)) - raft.grpc.flow.control.window = 5MB (=5242880) (custom)
2021-08-14 01:18:20,508 [Listener at 127.0.0.1/43663] INFO  server.RaftServerConfigKeys (ConfUtils.java:logGet(44)) - raft.server.rpc.request.timeout = 3000ms (default)
2021-08-14 01:18:20,509 [Listener at 127.0.0.1/43663] INFO  impl.DataStreamServerImpl (ConfUtils.java:logGet(44)) - raft.datastream.type = DISABLED (default)
2021-08-14 01:18:20,509 [Listener at 127.0.0.1/43663] INFO  server.RaftServerConfigKeys (ConfUtils.java:logGet(44)) - raft.server.rpc.slowness.timeout = 300000ms (custom)
2021-08-14 01:18:20,510 [Listener at 127.0.0.1/43663] INFO  server.RaftServerConfigKeys (ConfUtils.java:logGet(44)) - raft.server.leaderelection.leader.step-down.wait-time = 10s (default)
2021-08-14 01:18:20,510 [Listener at 127.0.0.1/43663] INFO  server.RaftServerConfigKeys (ConfUtils.java:logGet(44)) - raft.server.storage.dir = [/home/runner/work/ozone/ozone/hadoop-ozone/integration-test/target/test-dir/MiniOzoneClusterImpl-0159c105-9d83-42dd-92be-307c6655fab4/datanode-5/data/ratis] (custom)
2021-08-14 01:18:20,517 [Listener at 127.0.0.1/43663] INFO  http.BaseHttpServer (BaseHttpServer.java:newHttpServer2BuilderForOzone(209)) - Starting Web-server for hddsDatanode at: http://0.0.0.0:0
2021-08-14 01:18:20,517 [Listener at 127.0.0.1/43663] INFO  http.BaseHttpServer (BaseHttpServer.java:<init>(107)) - Hadoop Security Enabled: false Ozone Security Enabled: false Ozone HTTP Security Enabled: false 
2021-08-14 01:18:20,519 [Listener at 127.0.0.1/43663] INFO  server.AuthenticationFilter (AuthenticationFilter.java:constructSecretProvider(240)) - Unable to initialize FileSignerSecretProvider, falling back to use random secrets.
2021-08-14 01:18:20,519 [Listener at 127.0.0.1/43663] WARN  http.HttpRequestLog (HttpRequestLog.java:getRequestLog(103)) - Jetty request log can only be enabled using Log4j
2021-08-14 01:18:20,520 [Listener at 127.0.0.1/43663] INFO  http.HttpServer2 (HttpServer2.java:addGlobalFilter(1020)) - Added global filter 'safety' (class=org.apache.hadoop.hdds.server.http.HttpServer2$QuotingInputFilter)
2021-08-14 01:18:20,521 [Listener at 127.0.0.1/43663] INFO  http.HttpServer2 (HttpServer2.java:addFilter(996)) - Added filter static_user_filter (class=org.apache.hadoop.http.lib.StaticUserWebFilter$StaticUserFilter) to context hddsDatanode
2021-08-14 01:18:20,521 [Listener at 127.0.0.1/43663] INFO  http.HttpServer2 (HttpServer2.java:addFilter(1004)) - Added filter static_user_filter (class=org.apache.hadoop.http.lib.StaticUserWebFilter$StaticUserFilter) to context static
2021-08-14 01:18:20,521 [Listener at 127.0.0.1/43663] INFO  http.HttpServer2 (HttpServer2.java:addFilter(1004)) - Added filter static_user_filter (class=org.apache.hadoop.http.lib.StaticUserWebFilter$StaticUserFilter) to context logs
2021-08-14 01:18:20,521 [Listener at 127.0.0.1/43663] INFO  http.HttpServer2 (HttpServer2.java:bindListener(1239)) - Jetty bound to port 35981
2021-08-14 01:18:20,522 [Listener at 127.0.0.1/43663] INFO  server.Server (Server.java:doStart(375)) - jetty-9.4.43.v20210629; built: 2021-06-30T11:07:22.254Z; git: 526006ecfa3af7f1a27ef3a288e2bef7ea9dd7e8; jvm 1.8.0_292-b10
2021-08-14 01:18:20,535 [Listener at 127.0.0.1/43663] INFO  server.session (DefaultSessionIdManager.java:doStart(334)) - DefaultSessionIdManager workerName=node0
2021-08-14 01:18:20,535 [Listener at 127.0.0.1/43663] INFO  server.session (DefaultSessionIdManager.java:doStart(339)) - No SessionScavenger set, using defaults
2021-08-14 01:18:20,536 [Listener at 127.0.0.1/43663] INFO  server.session (HouseKeeper.java:startScavenging(132)) - node0 Scavenging every 600000ms
2021-08-14 01:18:20,537 [Listener at 127.0.0.1/43663] INFO  handler.ContextHandler (ContextHandler.java:doStart(915)) - Started o.e.j.s.ServletContextHandler@311f8821{logs,/logs,file:///home/runner/work/ozone/ozone/hadoop-ozone/integration-test/target/log,AVAILABLE}
2021-08-14 01:18:20,537 [Listener at 127.0.0.1/43663] INFO  handler.ContextHandler (ContextHandler.java:doStart(915)) - Started o.e.j.s.ServletContextHandler@5d93ad98{static,/static,jar:file:/home/runner/.m2/repository/org/apache/ozone/hdds-container-service/1.2.0-SNAPSHOT/hdds-container-service-1.2.0-SNAPSHOT.jar!/webapps/static,AVAILABLE}
2021-08-14 01:18:20,586 [Listener at 127.0.0.1/43663] INFO  handler.ContextHandler (ContextHandler.java:doStart(915)) - Started o.e.j.w.WebAppContext@349f3582{hddsDatanode,/,file:///tmp/jetty-0_0_0_0-35981-hdds-container-service-1_2_0-SNAPSHOT_jar-_-any-5238742548826981555/webapp/,AVAILABLE}{jar:file:/home/runner/.m2/repository/org/apache/ozone/hdds-container-service/1.2.0-SNAPSHOT/hdds-container-service-1.2.0-SNAPSHOT.jar!/webapps/hddsDatanode}
2021-08-14 01:18:20,588 [Listener at 127.0.0.1/43663] INFO  server.AbstractConnector (AbstractConnector.java:doStart(331)) - Started ServerConnector@6689f455{HTTP/1.1, (http/1.1)}{0.0.0.0:35981}
2021-08-14 01:18:20,588 [Listener at 127.0.0.1/43663] INFO  server.Server (Server.java:doStart(415)) - Started @8653ms
2021-08-14 01:18:20,588 [Listener at 127.0.0.1/43663] WARN  impl.MetricsSystemImpl (MetricsSystemImpl.java:register(279)) - Sink prometheus already exists!
2021-08-14 01:18:20,589 [Listener at 127.0.0.1/43663] INFO  http.BaseHttpServer (BaseHttpServer.java:updateConnectorAddress(329)) - HTTP server of hddsDatanode listening at http://0.0.0.0:35981
2021-08-14 01:18:20,589 [Listener at 127.0.0.1/43663] WARN  impl.MetricRegistriesImpl (MetricRegistriesImpl.java:addReporterRegistration(111)) - New reporters are added after registries were created. Some metrics will be missing from the reporter. Please add reporter before adding any new registry.
2021-08-14 01:18:20,589 [Listener at 127.0.0.1/43663] WARN  impl.MetricRegistriesImpl (MetricRegistriesImpl.java:addReporterRegistration(111)) - New reporters are added after registries were created. Some metrics will be missing from the reporter. Please add reporter before adding any new registry.
2021-08-14 01:18:20,589 [Listener at 127.0.0.1/43663] INFO  impl.MetricsSystemImpl (MetricsSystemImpl.java:init(158)) - HddsDatanode metrics system started (again)
2021-08-14 01:18:20,615 [Listener at 127.0.0.1/43663] INFO  ozone.HddsDatanodeService (HddsDatanodeService.java:start(234)) - HddsDatanodeService host:fv-az395-768.zfmzfyrfkyou3ow0tsr0jxwq1e.bx.internal.cloudapp.net ip:10.1.0.41
2021-08-14 01:18:20,621 [org.apache.hadoop.util.JvmPauseMonitor$Monitor@4eb858c3] INFO  util.JvmPauseMonitor (JvmPauseMonitor.java:run(188)) - Starting JVM pause monitor
2021-08-14 01:18:20,637 [Datanode State Machine Task Thread - 0] INFO  datanode.InitDatanodeState (InitDatanodeState.java:persistContainerDatanodeDetails(145)) - DatanodeDetails is persisted to /home/runner/work/ozone/ozone/hadoop-ozone/integration-test/target/test-dir/MiniOzoneClusterImpl-0159c105-9d83-42dd-92be-307c6655fab4/datanode-5/meta/datanode.id
2021-08-14 01:18:20,654 [Listener at 127.0.0.1/43663] INFO  upgrade.AbstractLayoutVersionManager (AbstractLayoutVersionManager.java:init(70)) - Initializing Layout version manager with metadata layout = SCM_HA (version = 2), software layout = SCM_HA (version = 2)
2021-08-14 01:18:20,693 [Listener at 127.0.0.1/43663] INFO  reflections.Reflections (Reflections.java:scan(232)) - Reflections took 38 ms to scan 7 urls, producing 120 keys and 275 values 
2021-08-14 01:18:20,700 [Listener at 127.0.0.1/43663] INFO  volume.HddsVolume (HddsVolume.java:<init>(120)) - Creating HddsVolume: /home/runner/work/ozone/ozone/hadoop-ozone/integration-test/target/test-dir/MiniOzoneClusterImpl-0159c105-9d83-42dd-92be-307c6655fab4/datanode-6/data-0/containers/hdds of storage type : DISK capacity : 9223372036854775807
2021-08-14 01:18:20,700 [Listener at 127.0.0.1/43663] INFO  volume.MutableVolumeSet (MutableVolumeSet.java:initializeVolumeSet(181)) - Added Volume : /home/runner/work/ozone/ozone/hadoop-ozone/integration-test/target/test-dir/MiniOzoneClusterImpl-0159c105-9d83-42dd-92be-307c6655fab4/datanode-6/data-0/containers/hdds to VolumeSet
2021-08-14 01:18:20,700 [Listener at 127.0.0.1/43663] INFO  volume.ThrottledAsyncChecker (ThrottledAsyncChecker.java:schedule(141)) - Scheduling a check for /home/runner/work/ozone/ozone/hadoop-ozone/integration-test/target/test-dir/MiniOzoneClusterImpl-0159c105-9d83-42dd-92be-307c6655fab4/datanode-6/data-0/containers/hdds
2021-08-14 01:18:20,701 [Listener at 127.0.0.1/43663] INFO  volume.StorageVolumeChecker (StorageVolumeChecker.java:checkAllVolumes(202)) - Scheduled health check for volume /home/runner/work/ozone/ozone/hadoop-ozone/integration-test/target/test-dir/MiniOzoneClusterImpl-0159c105-9d83-42dd-92be-307c6655fab4/datanode-6/data-0/containers/hdds
2021-08-14 01:18:20,716 [Listener at 127.0.0.1/43663] INFO  volume.MutableVolumeSet (MutableVolumeSet.java:initializeVolumeSet(181)) - Added Volume : /home/runner/work/ozone/ozone/hadoop-ozone/integration-test/target/test-dir/MiniOzoneClusterImpl-0159c105-9d83-42dd-92be-307c6655fab4/datanode-6/data/ratis to VolumeSet
2021-08-14 01:18:20,716 [Listener at 127.0.0.1/43663] INFO  volume.ThrottledAsyncChecker (ThrottledAsyncChecker.java:schedule(141)) - Scheduling a check for /home/runner/work/ozone/ozone/hadoop-ozone/integration-test/target/test-dir/MiniOzoneClusterImpl-0159c105-9d83-42dd-92be-307c6655fab4/datanode-6/data/ratis
2021-08-14 01:18:20,717 [Listener at 127.0.0.1/43663] INFO  volume.StorageVolumeChecker (StorageVolumeChecker.java:checkAllVolumes(202)) - Scheduled health check for volume /home/runner/work/ozone/ozone/hadoop-ozone/integration-test/target/test-dir/MiniOzoneClusterImpl-0159c105-9d83-42dd-92be-307c6655fab4/datanode-6/data/ratis
2021-08-14 01:18:20,731 [Listener at 127.0.0.1/43663] INFO  ozoneimpl.ContainerReader (ContainerReader.java:<init>(98)) - Running in upgrade mode:true
2021-08-14 01:18:20,732 [Thread-202] INFO  ozoneimpl.ContainerReader (ContainerReader.java:readVolume(142)) - Start to verify containers on volume /home/runner/work/ozone/ozone/hadoop-ozone/integration-test/target/test-dir/MiniOzoneClusterImpl-0159c105-9d83-42dd-92be-307c6655fab4/datanode-6/data-0/containers/hdds
2021-08-14 01:18:20,732 [Thread-202] INFO  ozoneimpl.ContainerReader (ContainerReader.java:readVolume(174)) - Finish verifying containers on volume /home/runner/work/ozone/ozone/hadoop-ozone/integration-test/target/test-dir/MiniOzoneClusterImpl-0159c105-9d83-42dd-92be-307c6655fab4/datanode-6/data-0/containers/hdds
2021-08-14 01:18:20,732 [Listener at 127.0.0.1/43663] INFO  ozoneimpl.OzoneContainer (OzoneContainer.java:buildContainerSet(237)) - Build ContainerSet costs 0s
2021-08-14 01:18:20,735 [Listener at 127.0.0.1/43663] INFO  server.RaftServer (ConfUtils.java:logGet(44)) - raft.rpc.type = GRPC (default)
2021-08-14 01:18:20,735 [Listener at 127.0.0.1/43663] INFO  grpc.GrpcFactory (GrpcFactory.java:checkPooledByteBufAllocatorUseCacheForAllThreads(48)) - PERFORMANCE WARNING: useCacheForAllThreads is true that may cause Netty to create a lot garbage objects and, as a result, trigger GC.
	It is recommended to disable useCacheForAllThreads by setting -Dorg.apache.ratis.thirdparty.io.netty.allocator.useCacheForAllThreads=false in command line.
2021-08-14 01:18:20,735 [Listener at 127.0.0.1/43663] INFO  grpc.GrpcConfigKeys (ConfUtils.java:logGet(44)) - raft.grpc.admin.port = 0 (custom)
2021-08-14 01:18:20,736 [Listener at 127.0.0.1/43663] INFO  grpc.GrpcConfigKeys (ConfUtils.java:logGet(44)) - raft.grpc.client.port = 0 (custom)
2021-08-14 01:18:20,736 [Listener at 127.0.0.1/43663] INFO  grpc.GrpcConfigKeys (ConfUtils.java:logGet(44)) - raft.grpc.server.port = 0 (default)
2021-08-14 01:18:20,736 [Listener at 127.0.0.1/43663] INFO  server.GrpcService (ConfUtils.java:logGet(44)) - raft.grpc.message.size.max = 32MB (=33554432) (custom)
2021-08-14 01:18:20,736 [Listener at 127.0.0.1/43663] INFO  server.RaftServerConfigKeys (ConfUtils.java:logGet(44)) - raft.server.log.appender.buffer.byte-limit = 33554432 (custom)
2021-08-14 01:18:20,736 [Listener at 127.0.0.1/43663] INFO  server.GrpcService (ConfUtils.java:logGet(44)) - raft.grpc.flow.control.window = 5MB (=5242880) (custom)
2021-08-14 01:18:20,736 [Listener at 127.0.0.1/43663] INFO  server.RaftServerConfigKeys (ConfUtils.java:logGet(44)) - raft.server.rpc.request.timeout = 3000ms (default)
2021-08-14 01:18:20,738 [Listener at 127.0.0.1/43663] INFO  impl.DataStreamServerImpl (ConfUtils.java:logGet(44)) - raft.datastream.type = DISABLED (default)
2021-08-14 01:18:20,738 [Listener at 127.0.0.1/43663] INFO  server.RaftServerConfigKeys (ConfUtils.java:logGet(44)) - raft.server.rpc.slowness.timeout = 300000ms (custom)
2021-08-14 01:18:20,739 [Listener at 127.0.0.1/43663] INFO  server.RaftServerConfigKeys (ConfUtils.java:logGet(44)) - raft.server.leaderelection.leader.step-down.wait-time = 10s (default)
2021-08-14 01:18:20,740 [Listener at 127.0.0.1/43663] INFO  server.RaftServerConfigKeys (ConfUtils.java:logGet(44)) - raft.server.storage.dir = [/home/runner/work/ozone/ozone/hadoop-ozone/integration-test/target/test-dir/MiniOzoneClusterImpl-0159c105-9d83-42dd-92be-307c6655fab4/datanode-6/data/ratis] (custom)
2021-08-14 01:18:20,743 [Listener at 127.0.0.1/43663] INFO  http.BaseHttpServer (BaseHttpServer.java:newHttpServer2BuilderForOzone(209)) - Starting Web-server for hddsDatanode at: http://0.0.0.0:0
2021-08-14 01:18:20,743 [Listener at 127.0.0.1/43663] INFO  http.BaseHttpServer (BaseHttpServer.java:<init>(107)) - Hadoop Security Enabled: false Ozone Security Enabled: false Ozone HTTP Security Enabled: false 
2021-08-14 01:18:20,744 [Listener at 127.0.0.1/43663] INFO  server.AuthenticationFilter (AuthenticationFilter.java:constructSecretProvider(240)) - Unable to initialize FileSignerSecretProvider, falling back to use random secrets.
2021-08-14 01:18:20,745 [Listener at 127.0.0.1/43663] WARN  http.HttpRequestLog (HttpRequestLog.java:getRequestLog(103)) - Jetty request log can only be enabled using Log4j
2021-08-14 01:18:20,746 [Listener at 127.0.0.1/43663] INFO  http.HttpServer2 (HttpServer2.java:addGlobalFilter(1020)) - Added global filter 'safety' (class=org.apache.hadoop.hdds.server.http.HttpServer2$QuotingInputFilter)
2021-08-14 01:18:20,747 [Listener at 127.0.0.1/43663] INFO  http.HttpServer2 (HttpServer2.java:addFilter(996)) - Added filter static_user_filter (class=org.apache.hadoop.http.lib.StaticUserWebFilter$StaticUserFilter) to context hddsDatanode
2021-08-14 01:18:20,747 [Listener at 127.0.0.1/43663] INFO  http.HttpServer2 (HttpServer2.java:addFilter(1004)) - Added filter static_user_filter (class=org.apache.hadoop.http.lib.StaticUserWebFilter$StaticUserFilter) to context static
2021-08-14 01:18:20,747 [Listener at 127.0.0.1/43663] INFO  http.HttpServer2 (HttpServer2.java:addFilter(1004)) - Added filter static_user_filter (class=org.apache.hadoop.http.lib.StaticUserWebFilter$StaticUserFilter) to context logs
2021-08-14 01:18:20,748 [Listener at 127.0.0.1/43663] INFO  http.HttpServer2 (HttpServer2.java:bindListener(1239)) - Jetty bound to port 39945
2021-08-14 01:18:20,748 [Listener at 127.0.0.1/43663] INFO  server.Server (Server.java:doStart(375)) - jetty-9.4.43.v20210629; built: 2021-06-30T11:07:22.254Z; git: 526006ecfa3af7f1a27ef3a288e2bef7ea9dd7e8; jvm 1.8.0_292-b10
2021-08-14 01:18:20,750 [Listener at 127.0.0.1/43663] INFO  server.session (DefaultSessionIdManager.java:doStart(334)) - DefaultSessionIdManager workerName=node0
2021-08-14 01:18:20,750 [Listener at 127.0.0.1/43663] INFO  server.session (DefaultSessionIdManager.java:doStart(339)) - No SessionScavenger set, using defaults
2021-08-14 01:18:20,750 [Listener at 127.0.0.1/43663] INFO  server.session (HouseKeeper.java:startScavenging(132)) - node0 Scavenging every 660000ms
2021-08-14 01:18:20,751 [Listener at 127.0.0.1/43663] INFO  handler.ContextHandler (ContextHandler.java:doStart(915)) - Started o.e.j.s.ServletContextHandler@2c0c1730{logs,/logs,file:///home/runner/work/ozone/ozone/hadoop-ozone/integration-test/target/log,AVAILABLE}
2021-08-14 01:18:20,751 [Listener at 127.0.0.1/43663] INFO  handler.ContextHandler (ContextHandler.java:doStart(915)) - Started o.e.j.s.ServletContextHandler@20d4fdff{static,/static,jar:file:/home/runner/.m2/repository/org/apache/ozone/hdds-container-service/1.2.0-SNAPSHOT/hdds-container-service-1.2.0-SNAPSHOT.jar!/webapps/static,AVAILABLE}
2021-08-14 01:18:20,793 [Listener at 127.0.0.1/43663] INFO  handler.ContextHandler (ContextHandler.java:doStart(915)) - Started o.e.j.w.WebAppContext@72154fa4{hddsDatanode,/,file:///tmp/jetty-0_0_0_0-39945-hdds-container-service-1_2_0-SNAPSHOT_jar-_-any-1926015511515562299/webapp/,AVAILABLE}{jar:file:/home/runner/.m2/repository/org/apache/ozone/hdds-container-service/1.2.0-SNAPSHOT/hdds-container-service-1.2.0-SNAPSHOT.jar!/webapps/hddsDatanode}
2021-08-14 01:18:20,795 [Listener at 127.0.0.1/43663] INFO  server.AbstractConnector (AbstractConnector.java:doStart(331)) - Started ServerConnector@35ea9d72{HTTP/1.1, (http/1.1)}{0.0.0.0:39945}
2021-08-14 01:18:20,795 [Listener at 127.0.0.1/43663] INFO  server.Server (Server.java:doStart(415)) - Started @8860ms
2021-08-14 01:18:20,795 [Listener at 127.0.0.1/43663] WARN  impl.MetricsSystemImpl (MetricsSystemImpl.java:register(279)) - Sink prometheus already exists!
2021-08-14 01:18:20,796 [Listener at 127.0.0.1/43663] INFO  http.BaseHttpServer (BaseHttpServer.java:updateConnectorAddress(329)) - HTTP server of hddsDatanode listening at http://0.0.0.0:39945
2021-08-14 01:18:20,796 [Listener at 127.0.0.1/43663] WARN  impl.MetricRegistriesImpl (MetricRegistriesImpl.java:addReporterRegistration(111)) - New reporters are added after registries were created. Some metrics will be missing from the reporter. Please add reporter before adding any new registry.
2021-08-14 01:18:20,796 [Listener at 127.0.0.1/43663] WARN  impl.MetricRegistriesImpl (MetricRegistriesImpl.java:addReporterRegistration(111)) - New reporters are added after registries were created. Some metrics will be missing from the reporter. Please add reporter before adding any new registry.
2021-08-14 01:18:20,796 [Listener at 127.0.0.1/43663] INFO  impl.MetricsSystemImpl (MetricsSystemImpl.java:init(158)) - HddsDatanode metrics system started (again)
2021-08-14 01:18:20,810 [Listener at 127.0.0.1/43663] INFO  ozone.HddsDatanodeService (HddsDatanodeService.java:start(234)) - HddsDatanodeService host:fv-az395-768.zfmzfyrfkyou3ow0tsr0jxwq1e.bx.internal.cloudapp.net ip:10.1.0.41
2021-08-14 01:18:20,819 [Datanode State Machine Task Thread - 0] INFO  datanode.InitDatanodeState (InitDatanodeState.java:persistContainerDatanodeDetails(145)) - DatanodeDetails is persisted to /home/runner/work/ozone/ozone/hadoop-ozone/integration-test/target/test-dir/MiniOzoneClusterImpl-0159c105-9d83-42dd-92be-307c6655fab4/datanode-6/meta/datanode.id
2021-08-14 01:18:20,817 [org.apache.hadoop.util.JvmPauseMonitor$Monitor@3537e055] INFO  util.JvmPauseMonitor (JvmPauseMonitor.java:run(188)) - Starting JVM pause monitor
2021-08-14 01:18:20,854 [Listener at 127.0.0.1/43663] INFO  upgrade.AbstractLayoutVersionManager (AbstractLayoutVersionManager.java:init(70)) - Initializing Layout version manager with metadata layout = SCM_HA (version = 2), software layout = SCM_HA (version = 2)
2021-08-14 01:18:20,904 [Listener at 127.0.0.1/43663] INFO  reflections.Reflections (Reflections.java:scan(232)) - Reflections took 48 ms to scan 7 urls, producing 120 keys and 275 values 
2021-08-14 01:18:20,907 [Listener at 127.0.0.1/43663] INFO  volume.HddsVolume (HddsVolume.java:<init>(120)) - Creating HddsVolume: /home/runner/work/ozone/ozone/hadoop-ozone/integration-test/target/test-dir/MiniOzoneClusterImpl-0159c105-9d83-42dd-92be-307c6655fab4/datanode-7/data-0/containers/hdds of storage type : DISK capacity : 9223372036854775807
2021-08-14 01:18:20,908 [Listener at 127.0.0.1/43663] INFO  volume.MutableVolumeSet (MutableVolumeSet.java:initializeVolumeSet(181)) - Added Volume : /home/runner/work/ozone/ozone/hadoop-ozone/integration-test/target/test-dir/MiniOzoneClusterImpl-0159c105-9d83-42dd-92be-307c6655fab4/datanode-7/data-0/containers/hdds to VolumeSet
2021-08-14 01:18:20,908 [Listener at 127.0.0.1/43663] INFO  volume.ThrottledAsyncChecker (ThrottledAsyncChecker.java:schedule(141)) - Scheduling a check for /home/runner/work/ozone/ozone/hadoop-ozone/integration-test/target/test-dir/MiniOzoneClusterImpl-0159c105-9d83-42dd-92be-307c6655fab4/datanode-7/data-0/containers/hdds
2021-08-14 01:18:20,911 [Listener at 127.0.0.1/43663] INFO  volume.StorageVolumeChecker (StorageVolumeChecker.java:checkAllVolumes(202)) - Scheduled health check for volume /home/runner/work/ozone/ozone/hadoop-ozone/integration-test/target/test-dir/MiniOzoneClusterImpl-0159c105-9d83-42dd-92be-307c6655fab4/datanode-7/data-0/containers/hdds
2021-08-14 01:18:20,936 [Listener at 127.0.0.1/43663] INFO  volume.MutableVolumeSet (MutableVolumeSet.java:initializeVolumeSet(181)) - Added Volume : /home/runner/work/ozone/ozone/hadoop-ozone/integration-test/target/test-dir/MiniOzoneClusterImpl-0159c105-9d83-42dd-92be-307c6655fab4/datanode-7/data/ratis to VolumeSet
2021-08-14 01:18:20,936 [Listener at 127.0.0.1/43663] INFO  volume.ThrottledAsyncChecker (ThrottledAsyncChecker.java:schedule(141)) - Scheduling a check for /home/runner/work/ozone/ozone/hadoop-ozone/integration-test/target/test-dir/MiniOzoneClusterImpl-0159c105-9d83-42dd-92be-307c6655fab4/datanode-7/data/ratis
2021-08-14 01:18:20,936 [Listener at 127.0.0.1/43663] INFO  volume.StorageVolumeChecker (StorageVolumeChecker.java:checkAllVolumes(202)) - Scheduled health check for volume /home/runner/work/ozone/ozone/hadoop-ozone/integration-test/target/test-dir/MiniOzoneClusterImpl-0159c105-9d83-42dd-92be-307c6655fab4/datanode-7/data/ratis
2021-08-14 01:18:20,949 [Listener at 127.0.0.1/43663] INFO  ozoneimpl.ContainerReader (ContainerReader.java:<init>(98)) - Running in upgrade mode:true
2021-08-14 01:18:20,950 [Thread-214] INFO  ozoneimpl.ContainerReader (ContainerReader.java:readVolume(142)) - Start to verify containers on volume /home/runner/work/ozone/ozone/hadoop-ozone/integration-test/target/test-dir/MiniOzoneClusterImpl-0159c105-9d83-42dd-92be-307c6655fab4/datanode-7/data-0/containers/hdds
2021-08-14 01:18:20,950 [Thread-214] INFO  ozoneimpl.ContainerReader (ContainerReader.java:readVolume(174)) - Finish verifying containers on volume /home/runner/work/ozone/ozone/hadoop-ozone/integration-test/target/test-dir/MiniOzoneClusterImpl-0159c105-9d83-42dd-92be-307c6655fab4/datanode-7/data-0/containers/hdds
2021-08-14 01:18:20,950 [Listener at 127.0.0.1/43663] INFO  ozoneimpl.OzoneContainer (OzoneContainer.java:buildContainerSet(237)) - Build ContainerSet costs 0s
2021-08-14 01:18:20,953 [Listener at 127.0.0.1/43663] INFO  server.RaftServer (ConfUtils.java:logGet(44)) - raft.rpc.type = GRPC (default)
2021-08-14 01:18:20,953 [Listener at 127.0.0.1/43663] INFO  grpc.GrpcFactory (GrpcFactory.java:checkPooledByteBufAllocatorUseCacheForAllThreads(48)) - PERFORMANCE WARNING: useCacheForAllThreads is true that may cause Netty to create a lot garbage objects and, as a result, trigger GC.
	It is recommended to disable useCacheForAllThreads by setting -Dorg.apache.ratis.thirdparty.io.netty.allocator.useCacheForAllThreads=false in command line.
2021-08-14 01:18:20,953 [Listener at 127.0.0.1/43663] INFO  grpc.GrpcConfigKeys (ConfUtils.java:logGet(44)) - raft.grpc.admin.port = 0 (custom)
2021-08-14 01:18:20,953 [Listener at 127.0.0.1/43663] INFO  grpc.GrpcConfigKeys (ConfUtils.java:logGet(44)) - raft.grpc.client.port = 0 (custom)
2021-08-14 01:18:20,954 [Listener at 127.0.0.1/43663] INFO  grpc.GrpcConfigKeys (ConfUtils.java:logGet(44)) - raft.grpc.server.port = 0 (default)
2021-08-14 01:18:20,954 [Listener at 127.0.0.1/43663] INFO  server.GrpcService (ConfUtils.java:logGet(44)) - raft.grpc.message.size.max = 32MB (=33554432) (custom)
2021-08-14 01:18:20,954 [Listener at 127.0.0.1/43663] INFO  server.RaftServerConfigKeys (ConfUtils.java:logGet(44)) - raft.server.log.appender.buffer.byte-limit = 33554432 (custom)
2021-08-14 01:18:20,954 [Listener at 127.0.0.1/43663] INFO  server.GrpcService (ConfUtils.java:logGet(44)) - raft.grpc.flow.control.window = 5MB (=5242880) (custom)
2021-08-14 01:18:20,954 [Listener at 127.0.0.1/43663] INFO  server.RaftServerConfigKeys (ConfUtils.java:logGet(44)) - raft.server.rpc.request.timeout = 3000ms (default)
2021-08-14 01:18:20,955 [Listener at 127.0.0.1/43663] INFO  impl.DataStreamServerImpl (ConfUtils.java:logGet(44)) - raft.datastream.type = DISABLED (default)
2021-08-14 01:18:20,955 [Listener at 127.0.0.1/43663] INFO  server.RaftServerConfigKeys (ConfUtils.java:logGet(44)) - raft.server.rpc.slowness.timeout = 300000ms (custom)
2021-08-14 01:18:20,956 [Listener at 127.0.0.1/43663] INFO  server.RaftServerConfigKeys (ConfUtils.java:logGet(44)) - raft.server.leaderelection.leader.step-down.wait-time = 10s (default)
2021-08-14 01:18:20,956 [Listener at 127.0.0.1/43663] INFO  server.RaftServerConfigKeys (ConfUtils.java:logGet(44)) - raft.server.storage.dir = [/home/runner/work/ozone/ozone/hadoop-ozone/integration-test/target/test-dir/MiniOzoneClusterImpl-0159c105-9d83-42dd-92be-307c6655fab4/datanode-7/data/ratis] (custom)
2021-08-14 01:18:20,959 [Listener at 127.0.0.1/43663] INFO  http.BaseHttpServer (BaseHttpServer.java:newHttpServer2BuilderForOzone(209)) - Starting Web-server for hddsDatanode at: http://0.0.0.0:0
2021-08-14 01:18:20,959 [Listener at 127.0.0.1/43663] INFO  http.BaseHttpServer (BaseHttpServer.java:<init>(107)) - Hadoop Security Enabled: false Ozone Security Enabled: false Ozone HTTP Security Enabled: false 
2021-08-14 01:18:20,961 [Listener at 127.0.0.1/43663] INFO  server.AuthenticationFilter (AuthenticationFilter.java:constructSecretProvider(240)) - Unable to initialize FileSignerSecretProvider, falling back to use random secrets.
2021-08-14 01:18:20,961 [Listener at 127.0.0.1/43663] WARN  http.HttpRequestLog (HttpRequestLog.java:getRequestLog(103)) - Jetty request log can only be enabled using Log4j
2021-08-14 01:18:20,962 [Listener at 127.0.0.1/43663] INFO  http.HttpServer2 (HttpServer2.java:addGlobalFilter(1020)) - Added global filter 'safety' (class=org.apache.hadoop.hdds.server.http.HttpServer2$QuotingInputFilter)
2021-08-14 01:18:20,963 [Listener at 127.0.0.1/43663] INFO  http.HttpServer2 (HttpServer2.java:addFilter(996)) - Added filter static_user_filter (class=org.apache.hadoop.http.lib.StaticUserWebFilter$StaticUserFilter) to context hddsDatanode
2021-08-14 01:18:20,963 [Listener at 127.0.0.1/43663] INFO  http.HttpServer2 (HttpServer2.java:addFilter(1004)) - Added filter static_user_filter (class=org.apache.hadoop.http.lib.StaticUserWebFilter$StaticUserFilter) to context logs
2021-08-14 01:18:20,963 [Listener at 127.0.0.1/43663] INFO  http.HttpServer2 (HttpServer2.java:addFilter(1004)) - Added filter static_user_filter (class=org.apache.hadoop.http.lib.StaticUserWebFilter$StaticUserFilter) to context static
2021-08-14 01:18:20,964 [Listener at 127.0.0.1/43663] INFO  http.HttpServer2 (HttpServer2.java:bindListener(1239)) - Jetty bound to port 41517
2021-08-14 01:18:20,964 [Listener at 127.0.0.1/43663] INFO  server.Server (Server.java:doStart(375)) - jetty-9.4.43.v20210629; built: 2021-06-30T11:07:22.254Z; git: 526006ecfa3af7f1a27ef3a288e2bef7ea9dd7e8; jvm 1.8.0_292-b10
2021-08-14 01:18:20,967 [Listener at 127.0.0.1/43663] INFO  server.session (DefaultSessionIdManager.java:doStart(334)) - DefaultSessionIdManager workerName=node0
2021-08-14 01:18:20,967 [Listener at 127.0.0.1/43663] INFO  server.session (DefaultSessionIdManager.java:doStart(339)) - No SessionScavenger set, using defaults
2021-08-14 01:18:20,967 [Listener at 127.0.0.1/43663] INFO  server.session (HouseKeeper.java:startScavenging(132)) - node0 Scavenging every 600000ms
2021-08-14 01:18:20,968 [Listener at 127.0.0.1/43663] INFO  handler.ContextHandler (ContextHandler.java:doStart(915)) - Started o.e.j.s.ServletContextHandler@6204fbc1{logs,/logs,file:///home/runner/work/ozone/ozone/hadoop-ozone/integration-test/target/log,AVAILABLE}
2021-08-14 01:18:20,968 [Listener at 127.0.0.1/43663] INFO  handler.ContextHandler (ContextHandler.java:doStart(915)) - Started o.e.j.s.ServletContextHandler@5cb41e93{static,/static,jar:file:/home/runner/.m2/repository/org/apache/ozone/hdds-container-service/1.2.0-SNAPSHOT/hdds-container-service-1.2.0-SNAPSHOT.jar!/webapps/static,AVAILABLE}
2021-08-14 01:18:21,011 [Listener at 127.0.0.1/43663] INFO  handler.ContextHandler (ContextHandler.java:doStart(915)) - Started o.e.j.w.WebAppContext@91a5e3f{hddsDatanode,/,file:///tmp/jetty-0_0_0_0-41517-hdds-container-service-1_2_0-SNAPSHOT_jar-_-any-5416508604396956962/webapp/,AVAILABLE}{jar:file:/home/runner/.m2/repository/org/apache/ozone/hdds-container-service/1.2.0-SNAPSHOT/hdds-container-service-1.2.0-SNAPSHOT.jar!/webapps/hddsDatanode}
2021-08-14 01:18:21,012 [Listener at 127.0.0.1/43663] INFO  server.AbstractConnector (AbstractConnector.java:doStart(331)) - Started ServerConnector@9ef4b39{HTTP/1.1, (http/1.1)}{0.0.0.0:41517}
2021-08-14 01:18:21,012 [Listener at 127.0.0.1/43663] INFO  server.Server (Server.java:doStart(415)) - Started @9077ms
2021-08-14 01:18:21,013 [Listener at 127.0.0.1/43663] WARN  impl.MetricsSystemImpl (MetricsSystemImpl.java:register(279)) - Sink prometheus already exists!
2021-08-14 01:18:21,013 [Listener at 127.0.0.1/43663] INFO  http.BaseHttpServer (BaseHttpServer.java:updateConnectorAddress(329)) - HTTP server of hddsDatanode listening at http://0.0.0.0:41517
2021-08-14 01:18:21,014 [Listener at 127.0.0.1/43663] WARN  impl.MetricRegistriesImpl (MetricRegistriesImpl.java:addReporterRegistration(111)) - New reporters are added after registries were created. Some metrics will be missing from the reporter. Please add reporter before adding any new registry.
2021-08-14 01:18:21,014 [Listener at 127.0.0.1/43663] WARN  impl.MetricRegistriesImpl (MetricRegistriesImpl.java:addReporterRegistration(111)) - New reporters are added after registries were created. Some metrics will be missing from the reporter. Please add reporter before adding any new registry.
2021-08-14 01:18:21,014 [Listener at 127.0.0.1/43663] INFO  impl.MetricsSystemImpl (MetricsSystemImpl.java:init(158)) - HddsDatanode metrics system started (again)
2021-08-14 01:18:21,044 [Listener at 127.0.0.1/43663] INFO  ozone.HddsDatanodeService (HddsDatanodeService.java:start(234)) - HddsDatanodeService host:fv-az395-768.zfmzfyrfkyou3ow0tsr0jxwq1e.bx.internal.cloudapp.net ip:10.1.0.41
2021-08-14 01:18:21,055 [org.apache.hadoop.util.JvmPauseMonitor$Monitor@107137d6] INFO  util.JvmPauseMonitor (JvmPauseMonitor.java:run(188)) - Starting JVM pause monitor
2021-08-14 01:18:21,064 [Datanode State Machine Task Thread - 0] INFO  datanode.InitDatanodeState (InitDatanodeState.java:persistContainerDatanodeDetails(145)) - DatanodeDetails is persisted to /home/runner/work/ozone/ozone/hadoop-ozone/integration-test/target/test-dir/MiniOzoneClusterImpl-0159c105-9d83-42dd-92be-307c6655fab4/datanode-7/meta/datanode.id
2021-08-14 01:18:21,071 [Listener at 127.0.0.1/43663] INFO  upgrade.AbstractLayoutVersionManager (AbstractLayoutVersionManager.java:init(70)) - Initializing Layout version manager with metadata layout = SCM_HA (version = 2), software layout = SCM_HA (version = 2)
2021-08-14 01:18:21,134 [Listener at 127.0.0.1/43663] INFO  reflections.Reflections (Reflections.java:scan(232)) - Reflections took 61 ms to scan 7 urls, producing 120 keys and 275 values 
2021-08-14 01:18:21,172 [Listener at 127.0.0.1/43663] INFO  volume.HddsVolume (HddsVolume.java:<init>(120)) - Creating HddsVolume: /home/runner/work/ozone/ozone/hadoop-ozone/integration-test/target/test-dir/MiniOzoneClusterImpl-0159c105-9d83-42dd-92be-307c6655fab4/datanode-8/data-0/containers/hdds of storage type : DISK capacity : 9223372036854775807
2021-08-14 01:18:21,173 [Listener at 127.0.0.1/43663] INFO  volume.MutableVolumeSet (MutableVolumeSet.java:initializeVolumeSet(181)) - Added Volume : /home/runner/work/ozone/ozone/hadoop-ozone/integration-test/target/test-dir/MiniOzoneClusterImpl-0159c105-9d83-42dd-92be-307c6655fab4/datanode-8/data-0/containers/hdds to VolumeSet
2021-08-14 01:18:21,173 [Listener at 127.0.0.1/43663] INFO  volume.ThrottledAsyncChecker (ThrottledAsyncChecker.java:schedule(141)) - Scheduling a check for /home/runner/work/ozone/ozone/hadoop-ozone/integration-test/target/test-dir/MiniOzoneClusterImpl-0159c105-9d83-42dd-92be-307c6655fab4/datanode-8/data-0/containers/hdds
2021-08-14 01:18:21,177 [Listener at 127.0.0.1/43663] INFO  volume.StorageVolumeChecker (StorageVolumeChecker.java:checkAllVolumes(202)) - Scheduled health check for volume /home/runner/work/ozone/ozone/hadoop-ozone/integration-test/target/test-dir/MiniOzoneClusterImpl-0159c105-9d83-42dd-92be-307c6655fab4/datanode-8/data-0/containers/hdds
2021-08-14 01:18:21,214 [Listener at 127.0.0.1/43663] INFO  volume.MutableVolumeSet (MutableVolumeSet.java:initializeVolumeSet(181)) - Added Volume : /home/runner/work/ozone/ozone/hadoop-ozone/integration-test/target/test-dir/MiniOzoneClusterImpl-0159c105-9d83-42dd-92be-307c6655fab4/datanode-8/data/ratis to VolumeSet
2021-08-14 01:18:21,214 [Listener at 127.0.0.1/43663] INFO  volume.ThrottledAsyncChecker (ThrottledAsyncChecker.java:schedule(141)) - Scheduling a check for /home/runner/work/ozone/ozone/hadoop-ozone/integration-test/target/test-dir/MiniOzoneClusterImpl-0159c105-9d83-42dd-92be-307c6655fab4/datanode-8/data/ratis
2021-08-14 01:18:21,215 [Listener at 127.0.0.1/43663] INFO  volume.StorageVolumeChecker (StorageVolumeChecker.java:checkAllVolumes(202)) - Scheduled health check for volume /home/runner/work/ozone/ozone/hadoop-ozone/integration-test/target/test-dir/MiniOzoneClusterImpl-0159c105-9d83-42dd-92be-307c6655fab4/datanode-8/data/ratis
2021-08-14 01:18:21,241 [Listener at 127.0.0.1/43663] INFO  ozoneimpl.ContainerReader (ContainerReader.java:<init>(98)) - Running in upgrade mode:true
2021-08-14 01:18:21,246 [Thread-227] INFO  ozoneimpl.ContainerReader (ContainerReader.java:readVolume(142)) - Start to verify containers on volume /home/runner/work/ozone/ozone/hadoop-ozone/integration-test/target/test-dir/MiniOzoneClusterImpl-0159c105-9d83-42dd-92be-307c6655fab4/datanode-8/data-0/containers/hdds
2021-08-14 01:18:21,246 [Thread-227] INFO  ozoneimpl.ContainerReader (ContainerReader.java:readVolume(174)) - Finish verifying containers on volume /home/runner/work/ozone/ozone/hadoop-ozone/integration-test/target/test-dir/MiniOzoneClusterImpl-0159c105-9d83-42dd-92be-307c6655fab4/datanode-8/data-0/containers/hdds
2021-08-14 01:18:21,246 [Listener at 127.0.0.1/43663] INFO  ozoneimpl.OzoneContainer (OzoneContainer.java:buildContainerSet(237)) - Build ContainerSet costs 0s
2021-08-14 01:18:21,249 [Listener at 127.0.0.1/43663] INFO  server.RaftServer (ConfUtils.java:logGet(44)) - raft.rpc.type = GRPC (default)
2021-08-14 01:18:21,249 [Listener at 127.0.0.1/43663] INFO  grpc.GrpcFactory (GrpcFactory.java:checkPooledByteBufAllocatorUseCacheForAllThreads(48)) - PERFORMANCE WARNING: useCacheForAllThreads is true that may cause Netty to create a lot garbage objects and, as a result, trigger GC.
	It is recommended to disable useCacheForAllThreads by setting -Dorg.apache.ratis.thirdparty.io.netty.allocator.useCacheForAllThreads=false in command line.
2021-08-14 01:18:21,249 [Listener at 127.0.0.1/43663] INFO  grpc.GrpcConfigKeys (ConfUtils.java:logGet(44)) - raft.grpc.admin.port = 0 (custom)
2021-08-14 01:18:21,250 [Listener at 127.0.0.1/43663] INFO  grpc.GrpcConfigKeys (ConfUtils.java:logGet(44)) - raft.grpc.client.port = 0 (custom)
2021-08-14 01:18:21,250 [Listener at 127.0.0.1/43663] INFO  grpc.GrpcConfigKeys (ConfUtils.java:logGet(44)) - raft.grpc.server.port = 0 (default)
2021-08-14 01:18:21,250 [Listener at 127.0.0.1/43663] INFO  server.GrpcService (ConfUtils.java:logGet(44)) - raft.grpc.message.size.max = 32MB (=33554432) (custom)
2021-08-14 01:18:21,250 [Listener at 127.0.0.1/43663] INFO  server.RaftServerConfigKeys (ConfUtils.java:logGet(44)) - raft.server.log.appender.buffer.byte-limit = 33554432 (custom)
2021-08-14 01:18:21,250 [Listener at 127.0.0.1/43663] INFO  server.GrpcService (ConfUtils.java:logGet(44)) - raft.grpc.flow.control.window = 5MB (=5242880) (custom)
2021-08-14 01:18:21,250 [Listener at 127.0.0.1/43663] INFO  server.RaftServerConfigKeys (ConfUtils.java:logGet(44)) - raft.server.rpc.request.timeout = 3000ms (default)
2021-08-14 01:18:21,252 [EndpointStateMachine task thread for /0.0.0.0:42979 - 0 ] INFO  ozoneimpl.OzoneContainer (OzoneContainer.java:start(305)) - Attempting to start container services.
2021-08-14 01:18:21,253 [Listener at 127.0.0.1/43663] INFO  impl.DataStreamServerImpl (ConfUtils.java:logGet(44)) - raft.datastream.type = DISABLED (default)
2021-08-14 01:18:21,255 [Listener at 127.0.0.1/43663] INFO  server.RaftServerConfigKeys (ConfUtils.java:logGet(44)) - raft.server.rpc.slowness.timeout = 300000ms (custom)
2021-08-14 01:18:21,255 [Listener at 127.0.0.1/43663] INFO  server.RaftServerConfigKeys (ConfUtils.java:logGet(44)) - raft.server.leaderelection.leader.step-down.wait-time = 10s (default)
2021-08-14 01:18:21,255 [EndpointStateMachine task thread for /0.0.0.0:42979 - 0 ] INFO  ozoneimpl.OzoneContainer (OzoneContainer.java:startContainerScrub(250)) - Background container scanner has been disabled.
2021-08-14 01:18:21,258 [EndpointStateMachine task thread for /0.0.0.0:42979 - 0 ] INFO  replication.ReplicationServer (ReplicationServer.java:start(106)) - ReplicationServer is started using port 46523
2021-08-14 01:18:21,261 [Listener at 127.0.0.1/43663] INFO  server.RaftServerConfigKeys (ConfUtils.java:logGet(44)) - raft.server.storage.dir = [/home/runner/work/ozone/ozone/hadoop-ozone/integration-test/target/test-dir/MiniOzoneClusterImpl-0159c105-9d83-42dd-92be-307c6655fab4/datanode-8/data/ratis] (custom)
2021-08-14 01:18:21,268 [EndpointStateMachine task thread for /0.0.0.0:42979 - 0 ] INFO  ratis.XceiverServerRatis (XceiverServerRatis.java:start(482)) - Starting XceiverServerRatis dc1bc205-c656-4131-aeb7-017f2f697be6
2021-08-14 01:18:21,272 [Listener at 127.0.0.1/43663] INFO  http.BaseHttpServer (BaseHttpServer.java:newHttpServer2BuilderForOzone(209)) - Starting Web-server for hddsDatanode at: http://0.0.0.0:0
2021-08-14 01:18:21,273 [Listener at 127.0.0.1/43663] INFO  http.BaseHttpServer (BaseHttpServer.java:<init>(107)) - Hadoop Security Enabled: false Ozone Security Enabled: false Ozone HTTP Security Enabled: false 
2021-08-14 01:18:21,274 [Listener at 127.0.0.1/43663] INFO  server.AuthenticationFilter (AuthenticationFilter.java:constructSecretProvider(240)) - Unable to initialize FileSignerSecretProvider, falling back to use random secrets.
2021-08-14 01:18:21,278 [Listener at 127.0.0.1/43663] WARN  http.HttpRequestLog (HttpRequestLog.java:getRequestLog(103)) - Jetty request log can only be enabled using Log4j
2021-08-14 01:18:21,278 [Listener at 127.0.0.1/43663] INFO  http.HttpServer2 (HttpServer2.java:addGlobalFilter(1020)) - Added global filter 'safety' (class=org.apache.hadoop.hdds.server.http.HttpServer2$QuotingInputFilter)
2021-08-14 01:18:21,277 [EndpointStateMachine task thread for /0.0.0.0:42979 - 0 ] INFO  server.RaftServer (RaftServerProxy.java:lambda$start$5(374)) - dc1bc205-c656-4131-aeb7-017f2f697be6: start RPC server
2021-08-14 01:18:21,281 [Listener at 127.0.0.1/43663] INFO  http.HttpServer2 (HttpServer2.java:addFilter(996)) - Added filter static_user_filter (class=org.apache.hadoop.http.lib.StaticUserWebFilter$StaticUserFilter) to context hddsDatanode
2021-08-14 01:18:21,281 [Listener at 127.0.0.1/43663] INFO  http.HttpServer2 (HttpServer2.java:addFilter(1004)) - Added filter static_user_filter (class=org.apache.hadoop.http.lib.StaticUserWebFilter$StaticUserFilter) to context logs
2021-08-14 01:18:21,281 [Listener at 127.0.0.1/43663] INFO  http.HttpServer2 (HttpServer2.java:addFilter(1004)) - Added filter static_user_filter (class=org.apache.hadoop.http.lib.StaticUserWebFilter$StaticUserFilter) to context static
2021-08-14 01:18:21,281 [EndpointStateMachine task thread for /0.0.0.0:42979 - 0 ] INFO  server.GrpcService (GrpcService.java:startImpl(253)) - dc1bc205-c656-4131-aeb7-017f2f697be6: GrpcService started, listening on 41989
2021-08-14 01:18:21,283 [EndpointStateMachine task thread for /0.0.0.0:42979 - 0 ] INFO  ratis.XceiverServerRatis (XceiverServerRatis.java:getRealPort(503)) - XceiverServerRatis dc1bc205-c656-4131-aeb7-017f2f697be6 is started using port 41989 for RATIS
2021-08-14 01:18:21,283 [EndpointStateMachine task thread for /0.0.0.0:42979 - 0 ] INFO  ratis.XceiverServerRatis (XceiverServerRatis.java:getRealPort(503)) - XceiverServerRatis dc1bc205-c656-4131-aeb7-017f2f697be6 is started using port 41989 for RATIS_ADMIN
2021-08-14 01:18:21,283 [EndpointStateMachine task thread for /0.0.0.0:42979 - 0 ] INFO  ratis.XceiverServerRatis (XceiverServerRatis.java:getRealPort(503)) - XceiverServerRatis dc1bc205-c656-4131-aeb7-017f2f697be6 is started using port 41989 for RATIS_SERVER
2021-08-14 01:18:21,284 [EndpointStateMachine task thread for /0.0.0.0:42979 - 0 ] INFO  server.XceiverServerGrpc (XceiverServerGrpc.java:start(135)) - XceiverServerGrpc dc1bc205-c656-4131-aeb7-017f2f697be6 is started using port 40407
2021-08-14 01:18:21,285 [Listener at 127.0.0.1/43663] INFO  http.HttpServer2 (HttpServer2.java:bindListener(1239)) - Jetty bound to port 46481
2021-08-14 01:18:21,285 [Listener at 127.0.0.1/43663] INFO  server.Server (Server.java:doStart(375)) - jetty-9.4.43.v20210629; built: 2021-06-30T11:07:22.254Z; git: 526006ecfa3af7f1a27ef3a288e2bef7ea9dd7e8; jvm 1.8.0_292-b10
2021-08-14 01:18:21,292 [Listener at 127.0.0.1/43663] INFO  server.session (DefaultSessionIdManager.java:doStart(334)) - DefaultSessionIdManager workerName=node0
2021-08-14 01:18:21,292 [Listener at 127.0.0.1/43663] INFO  server.session (DefaultSessionIdManager.java:doStart(339)) - No SessionScavenger set, using defaults
2021-08-14 01:18:21,292 [Listener at 127.0.0.1/43663] INFO  server.session (HouseKeeper.java:startScavenging(132)) - node0 Scavenging every 660000ms
2021-08-14 01:18:21,293 [Listener at 127.0.0.1/43663] INFO  handler.ContextHandler (ContextHandler.java:doStart(915)) - Started o.e.j.s.ServletContextHandler@5a31d662{logs,/logs,file:///home/runner/work/ozone/ozone/hadoop-ozone/integration-test/target/log,AVAILABLE}
2021-08-14 01:18:21,293 [Listener at 127.0.0.1/43663] INFO  handler.ContextHandler (ContextHandler.java:doStart(915)) - Started o.e.j.s.ServletContextHandler@6513699d{static,/static,jar:file:/home/runner/.m2/repository/org/apache/ozone/hdds-container-service/1.2.0-SNAPSHOT/hdds-container-service-1.2.0-SNAPSHOT.jar!/webapps/static,AVAILABLE}
2021-08-14 01:18:21,285 [org.apache.ratis.util.JvmPauseMonitor$$Lambda$521/1461724962@4f8e700f] INFO  util.JvmPauseMonitor (JvmPauseMonitor.java:run(103)) - JvmPauseMonitor-dc1bc205-c656-4131-aeb7-017f2f697be6: Started
2021-08-14 01:18:21,349 [Listener at 127.0.0.1/43663] INFO  handler.ContextHandler (ContextHandler.java:doStart(915)) - Started o.e.j.w.WebAppContext@432c9f47{hddsDatanode,/,file:///tmp/jetty-0_0_0_0-46481-hdds-container-service-1_2_0-SNAPSHOT_jar-_-any-7460194970209929582/webapp/,AVAILABLE}{jar:file:/home/runner/.m2/repository/org/apache/ozone/hdds-container-service/1.2.0-SNAPSHOT/hdds-container-service-1.2.0-SNAPSHOT.jar!/webapps/hddsDatanode}
2021-08-14 01:18:21,351 [Listener at 127.0.0.1/43663] INFO  server.AbstractConnector (AbstractConnector.java:doStart(331)) - Started ServerConnector@5126fb1d{HTTP/1.1, (http/1.1)}{0.0.0.0:46481}
2021-08-14 01:18:21,351 [Listener at 127.0.0.1/43663] INFO  server.Server (Server.java:doStart(415)) - Started @9416ms
2021-08-14 01:18:21,351 [Listener at 127.0.0.1/43663] WARN  impl.MetricsSystemImpl (MetricsSystemImpl.java:register(279)) - Sink prometheus already exists!
2021-08-14 01:18:21,352 [Listener at 127.0.0.1/43663] INFO  http.BaseHttpServer (BaseHttpServer.java:updateConnectorAddress(329)) - HTTP server of hddsDatanode listening at http://0.0.0.0:46481
2021-08-14 01:18:21,353 [Listener at 127.0.0.1/43663] WARN  impl.MetricRegistriesImpl (MetricRegistriesImpl.java:addReporterRegistration(111)) - New reporters are added after registries were created. Some metrics will be missing from the reporter. Please add reporter before adding any new registry.
2021-08-14 01:18:21,353 [Listener at 127.0.0.1/43663] WARN  impl.MetricRegistriesImpl (MetricRegistriesImpl.java:addReporterRegistration(111)) - New reporters are added after registries were created. Some metrics will be missing from the reporter. Please add reporter before adding any new registry.
2021-08-14 01:18:21,353 [Listener at 127.0.0.1/43663] INFO  impl.MetricsSystemImpl (MetricsSystemImpl.java:init(158)) - HddsDatanode metrics system started (again)
2021-08-14 01:18:21,372 [org.apache.hadoop.util.JvmPauseMonitor$Monitor@37ef603c] INFO  util.JvmPauseMonitor (JvmPauseMonitor.java:run(188)) - Starting JVM pause monitor
2021-08-14 01:18:21,380 [Datanode State Machine Task Thread - 0] INFO  datanode.InitDatanodeState (InitDatanodeState.java:persistContainerDatanodeDetails(145)) - DatanodeDetails is persisted to /home/runner/work/ozone/ozone/hadoop-ozone/integration-test/target/test-dir/MiniOzoneClusterImpl-0159c105-9d83-42dd-92be-307c6655fab4/datanode-8/meta/datanode.id
2021-08-14 01:18:21,380 [Listener at 127.0.0.1/43663] INFO  ozone.HddsDatanodeService (HddsDatanodeService.java:start(234)) - HddsDatanodeService host:fv-az395-768.zfmzfyrfkyou3ow0tsr0jxwq1e.bx.internal.cloudapp.net ip:10.1.0.41
2021-08-14 01:18:21,411 [Listener at 127.0.0.1/43663] INFO  upgrade.AbstractLayoutVersionManager (AbstractLayoutVersionManager.java:init(70)) - Initializing Layout version manager with metadata layout = SCM_HA (version = 2), software layout = SCM_HA (version = 2)
2021-08-14 01:18:21,450 [Listener at 127.0.0.1/43663] INFO  reflections.Reflections (Reflections.java:scan(232)) - Reflections took 37 ms to scan 7 urls, producing 120 keys and 275 values 
2021-08-14 01:18:21,453 [Listener at 127.0.0.1/43663] INFO  volume.HddsVolume (HddsVolume.java:<init>(120)) - Creating HddsVolume: /home/runner/work/ozone/ozone/hadoop-ozone/integration-test/target/test-dir/MiniOzoneClusterImpl-0159c105-9d83-42dd-92be-307c6655fab4/datanode-9/data-0/containers/hdds of storage type : DISK capacity : 9223372036854775807
2021-08-14 01:18:21,454 [Listener at 127.0.0.1/43663] INFO  volume.MutableVolumeSet (MutableVolumeSet.java:initializeVolumeSet(181)) - Added Volume : /home/runner/work/ozone/ozone/hadoop-ozone/integration-test/target/test-dir/MiniOzoneClusterImpl-0159c105-9d83-42dd-92be-307c6655fab4/datanode-9/data-0/containers/hdds to VolumeSet
2021-08-14 01:18:21,454 [Listener at 127.0.0.1/43663] INFO  volume.ThrottledAsyncChecker (ThrottledAsyncChecker.java:schedule(141)) - Scheduling a check for /home/runner/work/ozone/ozone/hadoop-ozone/integration-test/target/test-dir/MiniOzoneClusterImpl-0159c105-9d83-42dd-92be-307c6655fab4/datanode-9/data-0/containers/hdds
2021-08-14 01:18:21,455 [Listener at 127.0.0.1/43663] INFO  volume.StorageVolumeChecker (StorageVolumeChecker.java:checkAllVolumes(202)) - Scheduled health check for volume /home/runner/work/ozone/ozone/hadoop-ozone/integration-test/target/test-dir/MiniOzoneClusterImpl-0159c105-9d83-42dd-92be-307c6655fab4/datanode-9/data-0/containers/hdds
2021-08-14 01:18:21,470 [Listener at 127.0.0.1/43663] INFO  volume.MutableVolumeSet (MutableVolumeSet.java:initializeVolumeSet(181)) - Added Volume : /home/runner/work/ozone/ozone/hadoop-ozone/integration-test/target/test-dir/MiniOzoneClusterImpl-0159c105-9d83-42dd-92be-307c6655fab4/datanode-9/data/ratis to VolumeSet
2021-08-14 01:18:21,470 [Listener at 127.0.0.1/43663] INFO  volume.ThrottledAsyncChecker (ThrottledAsyncChecker.java:schedule(141)) - Scheduling a check for /home/runner/work/ozone/ozone/hadoop-ozone/integration-test/target/test-dir/MiniOzoneClusterImpl-0159c105-9d83-42dd-92be-307c6655fab4/datanode-9/data/ratis
2021-08-14 01:18:21,471 [Listener at 127.0.0.1/43663] INFO  volume.StorageVolumeChecker (StorageVolumeChecker.java:checkAllVolumes(202)) - Scheduled health check for volume /home/runner/work/ozone/ozone/hadoop-ozone/integration-test/target/test-dir/MiniOzoneClusterImpl-0159c105-9d83-42dd-92be-307c6655fab4/datanode-9/data/ratis
2021-08-14 01:18:21,489 [Listener at 127.0.0.1/43663] INFO  ozoneimpl.ContainerReader (ContainerReader.java:<init>(98)) - Running in upgrade mode:true
2021-08-14 01:18:21,490 [Thread-242] INFO  ozoneimpl.ContainerReader (ContainerReader.java:readVolume(142)) - Start to verify containers on volume /home/runner/work/ozone/ozone/hadoop-ozone/integration-test/target/test-dir/MiniOzoneClusterImpl-0159c105-9d83-42dd-92be-307c6655fab4/datanode-9/data-0/containers/hdds
2021-08-14 01:18:21,490 [Thread-242] INFO  ozoneimpl.ContainerReader (ContainerReader.java:readVolume(174)) - Finish verifying containers on volume /home/runner/work/ozone/ozone/hadoop-ozone/integration-test/target/test-dir/MiniOzoneClusterImpl-0159c105-9d83-42dd-92be-307c6655fab4/datanode-9/data-0/containers/hdds
2021-08-14 01:18:21,490 [Listener at 127.0.0.1/43663] INFO  ozoneimpl.OzoneContainer (OzoneContainer.java:buildContainerSet(237)) - Build ContainerSet costs 0s
2021-08-14 01:18:21,492 [Listener at 127.0.0.1/43663] INFO  server.RaftServer (ConfUtils.java:logGet(44)) - raft.rpc.type = GRPC (default)
2021-08-14 01:18:21,493 [Listener at 127.0.0.1/43663] INFO  grpc.GrpcFactory (GrpcFactory.java:checkPooledByteBufAllocatorUseCacheForAllThreads(48)) - PERFORMANCE WARNING: useCacheForAllThreads is true that may cause Netty to create a lot garbage objects and, as a result, trigger GC.
	It is recommended to disable useCacheForAllThreads by setting -Dorg.apache.ratis.thirdparty.io.netty.allocator.useCacheForAllThreads=false in command line.
2021-08-14 01:18:21,493 [Listener at 127.0.0.1/43663] INFO  grpc.GrpcConfigKeys (ConfUtils.java:logGet(44)) - raft.grpc.admin.port = 0 (custom)
2021-08-14 01:18:21,493 [Listener at 127.0.0.1/43663] INFO  grpc.GrpcConfigKeys (ConfUtils.java:logGet(44)) - raft.grpc.client.port = 0 (custom)
2021-08-14 01:18:21,493 [Listener at 127.0.0.1/43663] INFO  grpc.GrpcConfigKeys (ConfUtils.java:logGet(44)) - raft.grpc.server.port = 0 (default)
2021-08-14 01:18:21,493 [Listener at 127.0.0.1/43663] INFO  server.GrpcService (ConfUtils.java:logGet(44)) - raft.grpc.message.size.max = 32MB (=33554432) (custom)
2021-08-14 01:18:21,493 [Listener at 127.0.0.1/43663] INFO  server.RaftServerConfigKeys (ConfUtils.java:logGet(44)) - raft.server.log.appender.buffer.byte-limit = 33554432 (custom)
2021-08-14 01:18:21,494 [Listener at 127.0.0.1/43663] INFO  server.GrpcService (ConfUtils.java:logGet(44)) - raft.grpc.flow.control.window = 5MB (=5242880) (custom)
2021-08-14 01:18:21,494 [Listener at 127.0.0.1/43663] INFO  server.RaftServerConfigKeys (ConfUtils.java:logGet(44)) - raft.server.rpc.request.timeout = 3000ms (default)
2021-08-14 01:18:21,497 [Listener at 127.0.0.1/43663] INFO  impl.DataStreamServerImpl (ConfUtils.java:logGet(44)) - raft.datastream.type = DISABLED (default)
2021-08-14 01:18:21,497 [Listener at 127.0.0.1/43663] INFO  server.RaftServerConfigKeys (ConfUtils.java:logGet(44)) - raft.server.rpc.slowness.timeout = 300000ms (custom)
2021-08-14 01:18:21,497 [Listener at 127.0.0.1/43663] INFO  server.RaftServerConfigKeys (ConfUtils.java:logGet(44)) - raft.server.leaderelection.leader.step-down.wait-time = 10s (default)
2021-08-14 01:18:21,497 [Listener at 127.0.0.1/43663] INFO  server.RaftServerConfigKeys (ConfUtils.java:logGet(44)) - raft.server.storage.dir = [/home/runner/work/ozone/ozone/hadoop-ozone/integration-test/target/test-dir/MiniOzoneClusterImpl-0159c105-9d83-42dd-92be-307c6655fab4/datanode-9/data/ratis] (custom)
2021-08-14 01:18:21,502 [Listener at 127.0.0.1/43663] INFO  http.BaseHttpServer (BaseHttpServer.java:newHttpServer2BuilderForOzone(209)) - Starting Web-server for hddsDatanode at: http://0.0.0.0:0
2021-08-14 01:18:21,502 [Listener at 127.0.0.1/43663] INFO  http.BaseHttpServer (BaseHttpServer.java:<init>(107)) - Hadoop Security Enabled: false Ozone Security Enabled: false Ozone HTTP Security Enabled: false 
2021-08-14 01:18:21,504 [Listener at 127.0.0.1/43663] INFO  server.AuthenticationFilter (AuthenticationFilter.java:constructSecretProvider(240)) - Unable to initialize FileSignerSecretProvider, falling back to use random secrets.
2021-08-14 01:18:21,506 [Listener at 127.0.0.1/43663] WARN  http.HttpRequestLog (HttpRequestLog.java:getRequestLog(103)) - Jetty request log can only be enabled using Log4j
2021-08-14 01:18:21,507 [Listener at 127.0.0.1/43663] INFO  http.HttpServer2 (HttpServer2.java:addGlobalFilter(1020)) - Added global filter 'safety' (class=org.apache.hadoop.hdds.server.http.HttpServer2$QuotingInputFilter)
2021-08-14 01:18:21,511 [Listener at 127.0.0.1/43663] INFO  http.HttpServer2 (HttpServer2.java:addFilter(996)) - Added filter static_user_filter (class=org.apache.hadoop.http.lib.StaticUserWebFilter$StaticUserFilter) to context hddsDatanode
2021-08-14 01:18:21,511 [Listener at 127.0.0.1/43663] INFO  http.HttpServer2 (HttpServer2.java:addFilter(1004)) - Added filter static_user_filter (class=org.apache.hadoop.http.lib.StaticUserWebFilter$StaticUserFilter) to context static
2021-08-14 01:18:21,511 [Listener at 127.0.0.1/43663] INFO  http.HttpServer2 (HttpServer2.java:addFilter(1004)) - Added filter static_user_filter (class=org.apache.hadoop.http.lib.StaticUserWebFilter$StaticUserFilter) to context logs
2021-08-14 01:18:21,512 [Listener at 127.0.0.1/43663] INFO  http.HttpServer2 (HttpServer2.java:bindListener(1239)) - Jetty bound to port 34509
2021-08-14 01:18:21,512 [Listener at 127.0.0.1/43663] INFO  server.Server (Server.java:doStart(375)) - jetty-9.4.43.v20210629; built: 2021-06-30T11:07:22.254Z; git: 526006ecfa3af7f1a27ef3a288e2bef7ea9dd7e8; jvm 1.8.0_292-b10
2021-08-14 01:18:21,515 [Listener at 127.0.0.1/43663] INFO  server.session (DefaultSessionIdManager.java:doStart(334)) - DefaultSessionIdManager workerName=node0
2021-08-14 01:18:21,516 [Listener at 127.0.0.1/43663] INFO  server.session (DefaultSessionIdManager.java:doStart(339)) - No SessionScavenger set, using defaults
2021-08-14 01:18:21,516 [Listener at 127.0.0.1/43663] INFO  server.session (HouseKeeper.java:startScavenging(132)) - node0 Scavenging every 660000ms
2021-08-14 01:18:21,517 [Listener at 127.0.0.1/43663] INFO  handler.ContextHandler (ContextHandler.java:doStart(915)) - Started o.e.j.s.ServletContextHandler@3ecf69eb{logs,/logs,file:///home/runner/work/ozone/ozone/hadoop-ozone/integration-test/target/log,AVAILABLE}
2021-08-14 01:18:21,517 [Listener at 127.0.0.1/43663] INFO  handler.ContextHandler (ContextHandler.java:doStart(915)) - Started o.e.j.s.ServletContextHandler@7c78d028{static,/static,jar:file:/home/runner/.m2/repository/org/apache/ozone/hdds-container-service/1.2.0-SNAPSHOT/hdds-container-service-1.2.0-SNAPSHOT.jar!/webapps/static,AVAILABLE}
2021-08-14 01:18:21,567 [Listener at 127.0.0.1/43663] INFO  handler.ContextHandler (ContextHandler.java:doStart(915)) - Started o.e.j.w.WebAppContext@2346dfad{hddsDatanode,/,file:///tmp/jetty-0_0_0_0-34509-hdds-container-service-1_2_0-SNAPSHOT_jar-_-any-8063302577431318577/webapp/,AVAILABLE}{jar:file:/home/runner/.m2/repository/org/apache/ozone/hdds-container-service/1.2.0-SNAPSHOT/hdds-container-service-1.2.0-SNAPSHOT.jar!/webapps/hddsDatanode}
2021-08-14 01:18:21,568 [Listener at 127.0.0.1/43663] INFO  server.AbstractConnector (AbstractConnector.java:doStart(331)) - Started ServerConnector@27672ed3{HTTP/1.1, (http/1.1)}{0.0.0.0:34509}
2021-08-14 01:18:21,569 [Listener at 127.0.0.1/43663] INFO  server.Server (Server.java:doStart(415)) - Started @9633ms
2021-08-14 01:18:21,569 [Listener at 127.0.0.1/43663] WARN  impl.MetricsSystemImpl (MetricsSystemImpl.java:register(279)) - Sink prometheus already exists!
2021-08-14 01:18:21,569 [Listener at 127.0.0.1/43663] INFO  http.BaseHttpServer (BaseHttpServer.java:updateConnectorAddress(329)) - HTTP server of hddsDatanode listening at http://0.0.0.0:34509
2021-08-14 01:18:21,571 [Listener at 127.0.0.1/43663] INFO  ozone.MiniOzoneClusterImpl (MiniOzoneClusterImpl.java:lambda$waitForClusterToBeReady$0(235)) - Waiting for nodes to be ready. Got 0 of 10 DN Heartbeats.
2021-08-14 01:18:21,571 [Listener at 127.0.0.1/43663] INFO  ozone.MiniOzoneClusterImpl (MiniOzoneClusterImpl.java:lambda$waitForClusterToBeReady$0(238)) - Waiting for cluster to exit safe mode
2021-08-14 01:18:21,571 [Listener at 127.0.0.1/43663] INFO  ozone.MiniOzoneClusterImpl (MiniOzoneClusterImpl.java:lambda$waitForClusterToBeReady$0(240)) - SCM became leader
2021-08-14 01:18:21,580 [Datanode State Machine Task Thread - 0] INFO  datanode.InitDatanodeState (InitDatanodeState.java:persistContainerDatanodeDetails(145)) - DatanodeDetails is persisted to /home/runner/work/ozone/ozone/hadoop-ozone/integration-test/target/test-dir/MiniOzoneClusterImpl-0159c105-9d83-42dd-92be-307c6655fab4/datanode-9/meta/datanode.id
2021-08-14 01:18:21,580 [org.apache.hadoop.util.JvmPauseMonitor$Monitor@1f5fc84] INFO  util.JvmPauseMonitor (JvmPauseMonitor.java:run(188)) - Starting JVM pause monitor
2021-08-14 01:18:21,592 [EndpointStateMachine task thread for /0.0.0.0:42979 - 0 ] INFO  ozoneimpl.OzoneContainer (OzoneContainer.java:start(305)) - Attempting to start container services.
2021-08-14 01:18:21,593 [EndpointStateMachine task thread for /0.0.0.0:42979 - 0 ] INFO  ozoneimpl.OzoneContainer (OzoneContainer.java:startContainerScrub(250)) - Background container scanner has been disabled.
2021-08-14 01:18:21,594 [EndpointStateMachine task thread for /0.0.0.0:42979 - 0 ] INFO  replication.ReplicationServer (ReplicationServer.java:start(106)) - ReplicationServer is started using port 39961
2021-08-14 01:18:21,595 [EndpointStateMachine task thread for /0.0.0.0:42979 - 0 ] INFO  ratis.XceiverServerRatis (XceiverServerRatis.java:start(482)) - Starting XceiverServerRatis d086c87f-93e9-45d6-b128-13443993bfce
2021-08-14 01:18:21,603 [EndpointStateMachine task thread for /0.0.0.0:42979 - 0 ] INFO  server.RaftServer (RaftServerProxy.java:lambda$start$5(374)) - d086c87f-93e9-45d6-b128-13443993bfce: start RPC server
2021-08-14 01:18:21,611 [EndpointStateMachine task thread for /0.0.0.0:42979 - 0 ] INFO  server.GrpcService (GrpcService.java:startImpl(253)) - d086c87f-93e9-45d6-b128-13443993bfce: GrpcService started, listening on 44933
2021-08-14 01:18:21,612 [EndpointStateMachine task thread for /0.0.0.0:42979 - 0 ] INFO  ratis.XceiverServerRatis (XceiverServerRatis.java:getRealPort(503)) - XceiverServerRatis d086c87f-93e9-45d6-b128-13443993bfce is started using port 44933 for RATIS
2021-08-14 01:18:21,612 [EndpointStateMachine task thread for /0.0.0.0:42979 - 0 ] INFO  ratis.XceiverServerRatis (XceiverServerRatis.java:getRealPort(503)) - XceiverServerRatis d086c87f-93e9-45d6-b128-13443993bfce is started using port 44933 for RATIS_ADMIN
2021-08-14 01:18:21,612 [EndpointStateMachine task thread for /0.0.0.0:42979 - 0 ] INFO  ratis.XceiverServerRatis (XceiverServerRatis.java:getRealPort(503)) - XceiverServerRatis d086c87f-93e9-45d6-b128-13443993bfce is started using port 44933 for RATIS_SERVER
2021-08-14 01:18:21,619 [org.apache.ratis.util.JvmPauseMonitor$$Lambda$521/1461724962@56e93517] INFO  util.JvmPauseMonitor (JvmPauseMonitor.java:run(103)) - JvmPauseMonitor-d086c87f-93e9-45d6-b128-13443993bfce: Started
2021-08-14 01:18:21,620 [EndpointStateMachine task thread for /0.0.0.0:42979 - 0 ] INFO  server.XceiverServerGrpc (XceiverServerGrpc.java:start(135)) - XceiverServerGrpc d086c87f-93e9-45d6-b128-13443993bfce is started using port 40627
2021-08-14 01:18:21,983 [EndpointStateMachine task thread for /0.0.0.0:42979 - 0 ] INFO  ozoneimpl.OzoneContainer (OzoneContainer.java:start(305)) - Attempting to start container services.
2021-08-14 01:18:21,984 [EndpointStateMachine task thread for /0.0.0.0:42979 - 0 ] INFO  ozoneimpl.OzoneContainer (OzoneContainer.java:startContainerScrub(250)) - Background container scanner has been disabled.
2021-08-14 01:18:21,985 [EndpointStateMachine task thread for /0.0.0.0:42979 - 0 ] INFO  replication.ReplicationServer (ReplicationServer.java:start(106)) - ReplicationServer is started using port 43939
2021-08-14 01:18:21,986 [EndpointStateMachine task thread for /0.0.0.0:42979 - 0 ] INFO  ratis.XceiverServerRatis (XceiverServerRatis.java:start(482)) - Starting XceiverServerRatis 3c589ed3-8908-4216-b526-1467ebcaa331
2021-08-14 01:18:21,987 [EndpointStateMachine task thread for /0.0.0.0:42979 - 0 ] INFO  server.RaftServer (RaftServerProxy.java:lambda$start$5(374)) - 3c589ed3-8908-4216-b526-1467ebcaa331: start RPC server
2021-08-14 01:18:21,988 [EndpointStateMachine task thread for /0.0.0.0:42979 - 0 ] INFO  server.GrpcService (GrpcService.java:startImpl(253)) - 3c589ed3-8908-4216-b526-1467ebcaa331: GrpcService started, listening on 34563
2021-08-14 01:18:21,988 [EndpointStateMachine task thread for /0.0.0.0:42979 - 0 ] INFO  ratis.XceiverServerRatis (XceiverServerRatis.java:getRealPort(503)) - XceiverServerRatis 3c589ed3-8908-4216-b526-1467ebcaa331 is started using port 34563 for RATIS
2021-08-14 01:18:21,988 [org.apache.ratis.util.JvmPauseMonitor$$Lambda$521/1461724962@227461bd] INFO  util.JvmPauseMonitor (JvmPauseMonitor.java:run(103)) - JvmPauseMonitor-3c589ed3-8908-4216-b526-1467ebcaa331: Started
2021-08-14 01:18:21,988 [EndpointStateMachine task thread for /0.0.0.0:42979 - 0 ] INFO  ratis.XceiverServerRatis (XceiverServerRatis.java:getRealPort(503)) - XceiverServerRatis 3c589ed3-8908-4216-b526-1467ebcaa331 is started using port 34563 for RATIS_ADMIN
2021-08-14 01:18:21,988 [EndpointStateMachine task thread for /0.0.0.0:42979 - 0 ] INFO  ratis.XceiverServerRatis (XceiverServerRatis.java:getRealPort(503)) - XceiverServerRatis 3c589ed3-8908-4216-b526-1467ebcaa331 is started using port 34563 for RATIS_SERVER
2021-08-14 01:18:21,992 [EndpointStateMachine task thread for /0.0.0.0:42979 - 0 ] INFO  server.XceiverServerGrpc (XceiverServerGrpc.java:start(135)) - XceiverServerGrpc 3c589ed3-8908-4216-b526-1467ebcaa331 is started using port 42419
2021-08-14 01:18:22,204 [EndpointStateMachine task thread for /0.0.0.0:42979 - 0 ] INFO  ozoneimpl.OzoneContainer (OzoneContainer.java:start(305)) - Attempting to start container services.
2021-08-14 01:18:22,204 [EndpointStateMachine task thread for /0.0.0.0:42979 - 0 ] INFO  ozoneimpl.OzoneContainer (OzoneContainer.java:startContainerScrub(250)) - Background container scanner has been disabled.
2021-08-14 01:18:22,207 [EndpointStateMachine task thread for /0.0.0.0:42979 - 0 ] INFO  replication.ReplicationServer (ReplicationServer.java:start(106)) - ReplicationServer is started using port 39865
2021-08-14 01:18:22,207 [EndpointStateMachine task thread for /0.0.0.0:42979 - 0 ] INFO  ratis.XceiverServerRatis (XceiverServerRatis.java:start(482)) - Starting XceiverServerRatis e001c49e-a42c-4009-8532-6b023fb26190
2021-08-14 01:18:22,208 [EndpointStateMachine task thread for /0.0.0.0:42979 - 0 ] INFO  server.RaftServer (RaftServerProxy.java:lambda$start$5(374)) - e001c49e-a42c-4009-8532-6b023fb26190: start RPC server
2021-08-14 01:18:22,209 [EndpointStateMachine task thread for /0.0.0.0:42979 - 0 ] INFO  server.GrpcService (GrpcService.java:startImpl(253)) - e001c49e-a42c-4009-8532-6b023fb26190: GrpcService started, listening on 44999
2021-08-14 01:18:22,210 [EndpointStateMachine task thread for /0.0.0.0:42979 - 0 ] INFO  ratis.XceiverServerRatis (XceiverServerRatis.java:getRealPort(503)) - XceiverServerRatis e001c49e-a42c-4009-8532-6b023fb26190 is started using port 44999 for RATIS
2021-08-14 01:18:22,210 [org.apache.ratis.util.JvmPauseMonitor$$Lambda$521/1461724962@6e8c544e] INFO  util.JvmPauseMonitor (JvmPauseMonitor.java:run(103)) - JvmPauseMonitor-e001c49e-a42c-4009-8532-6b023fb26190: Started
2021-08-14 01:18:22,210 [EndpointStateMachine task thread for /0.0.0.0:42979 - 0 ] INFO  ratis.XceiverServerRatis (XceiverServerRatis.java:getRealPort(503)) - XceiverServerRatis e001c49e-a42c-4009-8532-6b023fb26190 is started using port 44999 for RATIS_ADMIN
2021-08-14 01:18:22,210 [EndpointStateMachine task thread for /0.0.0.0:42979 - 0 ] INFO  ratis.XceiverServerRatis (XceiverServerRatis.java:getRealPort(503)) - XceiverServerRatis e001c49e-a42c-4009-8532-6b023fb26190 is started using port 44999 for RATIS_SERVER
2021-08-14 01:18:22,212 [EndpointStateMachine task thread for /0.0.0.0:42979 - 0 ] INFO  server.XceiverServerGrpc (XceiverServerGrpc.java:start(135)) - XceiverServerGrpc e001c49e-a42c-4009-8532-6b023fb26190 is started using port 38583
2021-08-14 01:18:22,415 [EndpointStateMachine task thread for /0.0.0.0:42979 - 0 ] INFO  ozoneimpl.OzoneContainer (OzoneContainer.java:start(305)) - Attempting to start container services.
2021-08-14 01:18:22,415 [EndpointStateMachine task thread for /0.0.0.0:42979 - 0 ] INFO  ozoneimpl.OzoneContainer (OzoneContainer.java:startContainerScrub(250)) - Background container scanner has been disabled.
2021-08-14 01:18:22,417 [EndpointStateMachine task thread for /0.0.0.0:42979 - 0 ] INFO  replication.ReplicationServer (ReplicationServer.java:start(106)) - ReplicationServer is started using port 41237
2021-08-14 01:18:22,417 [EndpointStateMachine task thread for /0.0.0.0:42979 - 0 ] INFO  ratis.XceiverServerRatis (XceiverServerRatis.java:start(482)) - Starting XceiverServerRatis 285644d5-5d69-4e05-afbc-1ae5a883cebd
2021-08-14 01:18:22,419 [EndpointStateMachine task thread for /0.0.0.0:42979 - 0 ] INFO  server.RaftServer (RaftServerProxy.java:lambda$start$5(374)) - 285644d5-5d69-4e05-afbc-1ae5a883cebd: start RPC server
2021-08-14 01:18:22,424 [EndpointStateMachine task thread for /0.0.0.0:42979 - 0 ] INFO  server.GrpcService (GrpcService.java:startImpl(253)) - 285644d5-5d69-4e05-afbc-1ae5a883cebd: GrpcService started, listening on 34921
2021-08-14 01:18:22,424 [EndpointStateMachine task thread for /0.0.0.0:42979 - 0 ] INFO  ratis.XceiverServerRatis (XceiverServerRatis.java:getRealPort(503)) - XceiverServerRatis 285644d5-5d69-4e05-afbc-1ae5a883cebd is started using port 34921 for RATIS
2021-08-14 01:18:22,424 [EndpointStateMachine task thread for /0.0.0.0:42979 - 0 ] INFO  ratis.XceiverServerRatis (XceiverServerRatis.java:getRealPort(503)) - XceiverServerRatis 285644d5-5d69-4e05-afbc-1ae5a883cebd is started using port 34921 for RATIS_ADMIN
2021-08-14 01:18:22,424 [EndpointStateMachine task thread for /0.0.0.0:42979 - 0 ] INFO  ratis.XceiverServerRatis (XceiverServerRatis.java:getRealPort(503)) - XceiverServerRatis 285644d5-5d69-4e05-afbc-1ae5a883cebd is started using port 34921 for RATIS_SERVER
2021-08-14 01:18:22,429 [EndpointStateMachine task thread for /0.0.0.0:42979 - 0 ] INFO  server.XceiverServerGrpc (XceiverServerGrpc.java:start(135)) - XceiverServerGrpc 285644d5-5d69-4e05-afbc-1ae5a883cebd is started using port 35767
2021-08-14 01:18:22,430 [org.apache.ratis.util.JvmPauseMonitor$$Lambda$521/1461724962@22c6cd41] INFO  util.JvmPauseMonitor (JvmPauseMonitor.java:run(103)) - JvmPauseMonitor-285644d5-5d69-4e05-afbc-1ae5a883cebd: Started
2021-08-14 01:18:22,571 [Listener at 127.0.0.1/43663] INFO  ozone.MiniOzoneClusterImpl (MiniOzoneClusterImpl.java:lambda$waitForClusterToBeReady$0(235)) - Waiting for nodes to be ready. Got 0 of 10 DN Heartbeats.
2021-08-14 01:18:22,572 [Listener at 127.0.0.1/43663] INFO  ozone.MiniOzoneClusterImpl (MiniOzoneClusterImpl.java:lambda$waitForClusterToBeReady$0(238)) - Waiting for cluster to exit safe mode
2021-08-14 01:18:22,572 [Listener at 127.0.0.1/43663] INFO  ozone.MiniOzoneClusterImpl (MiniOzoneClusterImpl.java:lambda$waitForClusterToBeReady$0(240)) - SCM became leader
2021-08-14 01:18:22,627 [EndpointStateMachine task thread for /0.0.0.0:42979 - 0 ] INFO  ozoneimpl.OzoneContainer (OzoneContainer.java:start(305)) - Attempting to start container services.
2021-08-14 01:18:22,628 [EndpointStateMachine task thread for /0.0.0.0:42979 - 0 ] INFO  ozoneimpl.OzoneContainer (OzoneContainer.java:startContainerScrub(250)) - Background container scanner has been disabled.
2021-08-14 01:18:22,630 [EndpointStateMachine task thread for /0.0.0.0:42979 - 0 ] INFO  replication.ReplicationServer (ReplicationServer.java:start(106)) - ReplicationServer is started using port 45217
2021-08-14 01:18:22,630 [EndpointStateMachine task thread for /0.0.0.0:42979 - 0 ] INFO  ratis.XceiverServerRatis (XceiverServerRatis.java:start(482)) - Starting XceiverServerRatis ac78b934-d09a-4407-918e-43db40751b5e
2021-08-14 01:18:22,631 [EndpointStateMachine task thread for /0.0.0.0:42979 - 0 ] INFO  server.RaftServer (RaftServerProxy.java:lambda$start$5(374)) - ac78b934-d09a-4407-918e-43db40751b5e: start RPC server
2021-08-14 01:18:22,632 [EndpointStateMachine task thread for /0.0.0.0:42979 - 0 ] INFO  server.GrpcService (GrpcService.java:startImpl(253)) - ac78b934-d09a-4407-918e-43db40751b5e: GrpcService started, listening on 43943
2021-08-14 01:18:22,633 [EndpointStateMachine task thread for /0.0.0.0:42979 - 0 ] INFO  ratis.XceiverServerRatis (XceiverServerRatis.java:getRealPort(503)) - XceiverServerRatis ac78b934-d09a-4407-918e-43db40751b5e is started using port 43943 for RATIS
2021-08-14 01:18:22,633 [EndpointStateMachine task thread for /0.0.0.0:42979 - 0 ] INFO  ratis.XceiverServerRatis (XceiverServerRatis.java:getRealPort(503)) - XceiverServerRatis ac78b934-d09a-4407-918e-43db40751b5e is started using port 43943 for RATIS_ADMIN
2021-08-14 01:18:22,633 [org.apache.ratis.util.JvmPauseMonitor$$Lambda$521/1461724962@e9420d5] INFO  util.JvmPauseMonitor (JvmPauseMonitor.java:run(103)) - JvmPauseMonitor-ac78b934-d09a-4407-918e-43db40751b5e: Started
2021-08-14 01:18:22,633 [EndpointStateMachine task thread for /0.0.0.0:42979 - 0 ] INFO  ratis.XceiverServerRatis (XceiverServerRatis.java:getRealPort(503)) - XceiverServerRatis ac78b934-d09a-4407-918e-43db40751b5e is started using port 43943 for RATIS_SERVER
2021-08-14 01:18:22,636 [EndpointStateMachine task thread for /0.0.0.0:42979 - 0 ] INFO  server.XceiverServerGrpc (XceiverServerGrpc.java:start(135)) - XceiverServerGrpc ac78b934-d09a-4407-918e-43db40751b5e is started using port 44287
2021-08-14 01:18:22,822 [EndpointStateMachine task thread for /0.0.0.0:42979 - 0 ] INFO  ozoneimpl.OzoneContainer (OzoneContainer.java:start(305)) - Attempting to start container services.
2021-08-14 01:18:22,822 [EndpointStateMachine task thread for /0.0.0.0:42979 - 0 ] INFO  ozoneimpl.OzoneContainer (OzoneContainer.java:startContainerScrub(250)) - Background container scanner has been disabled.
2021-08-14 01:18:22,825 [EndpointStateMachine task thread for /0.0.0.0:42979 - 0 ] INFO  replication.ReplicationServer (ReplicationServer.java:start(106)) - ReplicationServer is started using port 37931
2021-08-14 01:18:22,825 [EndpointStateMachine task thread for /0.0.0.0:42979 - 0 ] INFO  ratis.XceiverServerRatis (XceiverServerRatis.java:start(482)) - Starting XceiverServerRatis cd64d878-198d-4e62-83d6-b5b1e205daa6
2021-08-14 01:18:22,826 [EndpointStateMachine task thread for /0.0.0.0:42979 - 0 ] INFO  server.RaftServer (RaftServerProxy.java:lambda$start$5(374)) - cd64d878-198d-4e62-83d6-b5b1e205daa6: start RPC server
2021-08-14 01:18:22,827 [EndpointStateMachine task thread for /0.0.0.0:42979 - 0 ] INFO  server.GrpcService (GrpcService.java:startImpl(253)) - cd64d878-198d-4e62-83d6-b5b1e205daa6: GrpcService started, listening on 34757
2021-08-14 01:18:22,828 [EndpointStateMachine task thread for /0.0.0.0:42979 - 0 ] INFO  ratis.XceiverServerRatis (XceiverServerRatis.java:getRealPort(503)) - XceiverServerRatis cd64d878-198d-4e62-83d6-b5b1e205daa6 is started using port 34757 for RATIS
2021-08-14 01:18:22,828 [org.apache.ratis.util.JvmPauseMonitor$$Lambda$521/1461724962@1018d149] INFO  util.JvmPauseMonitor (JvmPauseMonitor.java:run(103)) - JvmPauseMonitor-cd64d878-198d-4e62-83d6-b5b1e205daa6: Started
2021-08-14 01:18:22,828 [EndpointStateMachine task thread for /0.0.0.0:42979 - 0 ] INFO  ratis.XceiverServerRatis (XceiverServerRatis.java:getRealPort(503)) - XceiverServerRatis cd64d878-198d-4e62-83d6-b5b1e205daa6 is started using port 34757 for RATIS_ADMIN
2021-08-14 01:18:22,828 [EndpointStateMachine task thread for /0.0.0.0:42979 - 0 ] INFO  ratis.XceiverServerRatis (XceiverServerRatis.java:getRealPort(503)) - XceiverServerRatis cd64d878-198d-4e62-83d6-b5b1e205daa6 is started using port 34757 for RATIS_SERVER
2021-08-14 01:18:22,833 [EndpointStateMachine task thread for /0.0.0.0:42979 - 0 ] INFO  server.XceiverServerGrpc (XceiverServerGrpc.java:start(135)) - XceiverServerGrpc cd64d878-198d-4e62-83d6-b5b1e205daa6 is started using port 43107
2021-08-14 01:18:23,060 [EndpointStateMachine task thread for /0.0.0.0:42979 - 0 ] INFO  ozoneimpl.OzoneContainer (OzoneContainer.java:start(305)) - Attempting to start container services.
2021-08-14 01:18:23,060 [EndpointStateMachine task thread for /0.0.0.0:42979 - 0 ] INFO  ozoneimpl.OzoneContainer (OzoneContainer.java:startContainerScrub(250)) - Background container scanner has been disabled.
2021-08-14 01:18:23,062 [EndpointStateMachine task thread for /0.0.0.0:42979 - 0 ] INFO  replication.ReplicationServer (ReplicationServer.java:start(106)) - ReplicationServer is started using port 42437
2021-08-14 01:18:23,062 [EndpointStateMachine task thread for /0.0.0.0:42979 - 0 ] INFO  ratis.XceiverServerRatis (XceiverServerRatis.java:start(482)) - Starting XceiverServerRatis d2e7743e-c73b-4378-b503-81e8ce35debb
2021-08-14 01:18:23,064 [EndpointStateMachine task thread for /0.0.0.0:42979 - 0 ] INFO  server.RaftServer (RaftServerProxy.java:lambda$start$5(374)) - d2e7743e-c73b-4378-b503-81e8ce35debb: start RPC server
2021-08-14 01:18:23,066 [EndpointStateMachine task thread for /0.0.0.0:42979 - 0 ] INFO  server.GrpcService (GrpcService.java:startImpl(253)) - d2e7743e-c73b-4378-b503-81e8ce35debb: GrpcService started, listening on 37875
2021-08-14 01:18:23,066 [EndpointStateMachine task thread for /0.0.0.0:42979 - 0 ] INFO  ratis.XceiverServerRatis (XceiverServerRatis.java:getRealPort(503)) - XceiverServerRatis d2e7743e-c73b-4378-b503-81e8ce35debb is started using port 37875 for RATIS
2021-08-14 01:18:23,066 [org.apache.ratis.util.JvmPauseMonitor$$Lambda$521/1461724962@6f24deae] INFO  util.JvmPauseMonitor (JvmPauseMonitor.java:run(103)) - JvmPauseMonitor-d2e7743e-c73b-4378-b503-81e8ce35debb: Started
2021-08-14 01:18:23,066 [EndpointStateMachine task thread for /0.0.0.0:42979 - 0 ] INFO  ratis.XceiverServerRatis (XceiverServerRatis.java:getRealPort(503)) - XceiverServerRatis d2e7743e-c73b-4378-b503-81e8ce35debb is started using port 37875 for RATIS_ADMIN
2021-08-14 01:18:23,066 [EndpointStateMachine task thread for /0.0.0.0:42979 - 0 ] INFO  ratis.XceiverServerRatis (XceiverServerRatis.java:getRealPort(503)) - XceiverServerRatis d2e7743e-c73b-4378-b503-81e8ce35debb is started using port 37875 for RATIS_SERVER
2021-08-14 01:18:23,067 [EndpointStateMachine task thread for /0.0.0.0:42979 - 0 ] INFO  server.XceiverServerGrpc (XceiverServerGrpc.java:start(135)) - XceiverServerGrpc d2e7743e-c73b-4378-b503-81e8ce35debb is started using port 46515
2021-08-14 01:18:23,128 [IPC Server handler 0 on default port 42979] INFO  net.NetworkTopologyImpl (NetworkTopologyImpl.java:add(112)) - Added a new node: /default-rack/dc1bc205-c656-4131-aeb7-017f2f697be6
2021-08-14 01:18:23,130 [IPC Server handler 0 on default port 42979] INFO  node.SCMNodeManager (SCMNodeManager.java:register(390)) - Registered Data node : dc1bc205-c656-4131-aeb7-017f2f697be6{ip: 10.1.0.41, host: fv-az395-768.zfmzfyrfkyou3ow0tsr0jxwq1e.bx.internal.cloudapp.net, ports: [REPLICATION=46523, RATIS=41989, RATIS_ADMIN=41989, RATIS_SERVER=41989, STANDALONE=40407], networkLocation: /default-rack, certSerialId: null, persistedOpState: null, persistedOpStateExpiryEpochSec: 0}
2021-08-14 01:18:23,134 [EventQueue-NewNodeForNewNodeHandler] INFO  pipeline.BackgroundPipelineCreator (BackgroundPipelineCreatorV2.java:notifyEventTriggered(285)) - trigger a one-shot run on RatisPipelineUtilsThread.
2021-08-14 01:18:23,144 [RatisPipelineUtilsThread - 0] INFO  pipeline.RatisPipelineProvider (RatisPipelineProvider.java:lambda$create$0(183)) - Sending CreatePipelineCommand for pipeline:PipelineID=ed7a100f-7407-4063-878e-43d00429d9c4 to datanode:dc1bc205-c656-4131-aeb7-017f2f697be6
2021-08-14 01:18:23,147 [EventQueue-NodeRegistrationContainerReportForContainerSafeModeRule] INFO  safemode.SCMSafeModeManager (SCMSafeModeManager.java:validateSafeModeExitRules(204)) - ContainerSafeModeRule rule is successfully validated
2021-08-14 01:18:23,154 [EventQueue-PipelineReportForOneReplicaPipelineSafeModeRule] INFO  safemode.SCMSafeModeManager (SCMSafeModeManager.java:validateSafeModeExitRules(204)) - AtleastOneDatanodeReportedRule rule is successfully validated
2021-08-14 01:18:23,154 [EventQueue-NodeRegistrationContainerReportForDataNodeSafeModeRule] INFO  safemode.SCMSafeModeManager (DataNodeSafeModeRule.java:process(71)) - SCM in safe mode. 1 DataNodes registered, 3 required.
2021-08-14 01:18:23,166 [RatisPipelineUtilsThread - 0] INFO  pipeline.PipelineStateManager (PipelineStateManagerV2Impl.java:addPipeline(101)) - Created pipeline Pipeline[ Id: ed7a100f-7407-4063-878e-43d00429d9c4, Nodes: dc1bc205-c656-4131-aeb7-017f2f697be6{ip: 10.1.0.41, host: fv-az395-768.zfmzfyrfkyou3ow0tsr0jxwq1e.bx.internal.cloudapp.net, ports: [REPLICATION=46523, RATIS=41989, RATIS_ADMIN=41989, RATIS_SERVER=41989, STANDALONE=40407], networkLocation: /default-rack, certSerialId: null, persistedOpState: IN_SERVICE, persistedOpStateExpiryEpochSec: 0}, ReplicationConfig: RATIS/ONE, State:ALLOCATED, leaderId:, CreationTimestamp2021-08-14T01:18:23.141Z[Etc/UTC]].
2021-08-14 01:18:23,377 [EndpointStateMachine task thread for /0.0.0.0:42979 - 0 ] INFO  ozoneimpl.OzoneContainer (OzoneContainer.java:start(305)) - Attempting to start container services.
2021-08-14 01:18:23,377 [EndpointStateMachine task thread for /0.0.0.0:42979 - 0 ] INFO  ozoneimpl.OzoneContainer (OzoneContainer.java:startContainerScrub(250)) - Background container scanner has been disabled.
2021-08-14 01:18:23,379 [EndpointStateMachine task thread for /0.0.0.0:42979 - 0 ] INFO  replication.ReplicationServer (ReplicationServer.java:start(106)) - ReplicationServer is started using port 40945
2021-08-14 01:18:23,379 [EndpointStateMachine task thread for /0.0.0.0:42979 - 0 ] INFO  ratis.XceiverServerRatis (XceiverServerRatis.java:start(482)) - Starting XceiverServerRatis 27edb56d-b8db-4758-826e-c998f495671f
2021-08-14 01:18:23,381 [EndpointStateMachine task thread for /0.0.0.0:42979 - 0 ] INFO  server.RaftServer (RaftServerProxy.java:lambda$start$5(374)) - 27edb56d-b8db-4758-826e-c998f495671f: start RPC server
2021-08-14 01:18:23,382 [EndpointStateMachine task thread for /0.0.0.0:42979 - 0 ] INFO  server.GrpcService (GrpcService.java:startImpl(253)) - 27edb56d-b8db-4758-826e-c998f495671f: GrpcService started, listening on 40033
2021-08-14 01:18:23,382 [EndpointStateMachine task thread for /0.0.0.0:42979 - 0 ] INFO  ratis.XceiverServerRatis (XceiverServerRatis.java:getRealPort(503)) - XceiverServerRatis 27edb56d-b8db-4758-826e-c998f495671f is started using port 40033 for RATIS
2021-08-14 01:18:23,383 [org.apache.ratis.util.JvmPauseMonitor$$Lambda$521/1461724962@10bff361] INFO  util.JvmPauseMonitor (JvmPauseMonitor.java:run(103)) - JvmPauseMonitor-27edb56d-b8db-4758-826e-c998f495671f: Started
2021-08-14 01:18:23,383 [EndpointStateMachine task thread for /0.0.0.0:42979 - 0 ] INFO  ratis.XceiverServerRatis (XceiverServerRatis.java:getRealPort(503)) - XceiverServerRatis 27edb56d-b8db-4758-826e-c998f495671f is started using port 40033 for RATIS_ADMIN
2021-08-14 01:18:23,383 [EndpointStateMachine task thread for /0.0.0.0:42979 - 0 ] INFO  ratis.XceiverServerRatis (XceiverServerRatis.java:getRealPort(503)) - XceiverServerRatis 27edb56d-b8db-4758-826e-c998f495671f is started using port 40033 for RATIS_SERVER
2021-08-14 01:18:23,385 [EndpointStateMachine task thread for /0.0.0.0:42979 - 0 ] INFO  server.XceiverServerGrpc (XceiverServerGrpc.java:start(135)) - XceiverServerGrpc 27edb56d-b8db-4758-826e-c998f495671f is started using port 43219
2021-08-14 01:18:23,572 [Listener at 127.0.0.1/43663] INFO  ozone.MiniOzoneClusterImpl (MiniOzoneClusterImpl.java:lambda$waitForClusterToBeReady$0(235)) - Waiting for nodes to be ready. Got 1 of 10 DN Heartbeats.
2021-08-14 01:18:23,573 [Listener at 127.0.0.1/43663] INFO  ozone.MiniOzoneClusterImpl (MiniOzoneClusterImpl.java:lambda$waitForClusterToBeReady$0(238)) - Waiting for cluster to exit safe mode
2021-08-14 01:18:23,573 [Listener at 127.0.0.1/43663] INFO  ozone.MiniOzoneClusterImpl (MiniOzoneClusterImpl.java:lambda$waitForClusterToBeReady$0(240)) - SCM became leader
2021-08-14 01:18:23,583 [EndpointStateMachine task thread for /0.0.0.0:42979 - 0 ] INFO  ozoneimpl.OzoneContainer (OzoneContainer.java:start(305)) - Attempting to start container services.
2021-08-14 01:18:23,584 [EndpointStateMachine task thread for /0.0.0.0:42979 - 0 ] INFO  ozoneimpl.OzoneContainer (OzoneContainer.java:startContainerScrub(250)) - Background container scanner has been disabled.
2021-08-14 01:18:23,587 [EndpointStateMachine task thread for /0.0.0.0:42979 - 0 ] INFO  replication.ReplicationServer (ReplicationServer.java:start(106)) - ReplicationServer is started using port 35319
2021-08-14 01:18:23,588 [EndpointStateMachine task thread for /0.0.0.0:42979 - 0 ] INFO  ratis.XceiverServerRatis (XceiverServerRatis.java:start(482)) - Starting XceiverServerRatis 6d4cc11e-0f46-4203-aa45-beb00efbee6b
2021-08-14 01:18:23,600 [IPC Server handler 3 on default port 42979] INFO  net.NetworkTopologyImpl (NetworkTopologyImpl.java:add(112)) - Added a new node: /default-rack/d086c87f-93e9-45d6-b128-13443993bfce
2021-08-14 01:18:23,600 [IPC Server handler 3 on default port 42979] INFO  node.SCMNodeManager (SCMNodeManager.java:register(390)) - Registered Data node : d086c87f-93e9-45d6-b128-13443993bfce{ip: 10.1.0.41, host: fv-az395-768.zfmzfyrfkyou3ow0tsr0jxwq1e.bx.internal.cloudapp.net, ports: [REPLICATION=39961, RATIS=44933, RATIS_ADMIN=44933, RATIS_SERVER=44933, STANDALONE=40627], networkLocation: /default-rack, certSerialId: null, persistedOpState: null, persistedOpStateExpiryEpochSec: 0}
2021-08-14 01:18:23,600 [EventQueue-NewNodeForNewNodeHandler] INFO  pipeline.BackgroundPipelineCreator (BackgroundPipelineCreatorV2.java:notifyEventTriggered(285)) - trigger a one-shot run on RatisPipelineUtilsThread.
2021-08-14 01:18:23,601 [EventQueue-NodeRegistrationContainerReportForDataNodeSafeModeRule] INFO  safemode.SCMSafeModeManager (DataNodeSafeModeRule.java:process(71)) - SCM in safe mode. 2 DataNodes registered, 3 required.
2021-08-14 01:18:23,601 [EndpointStateMachine task thread for /0.0.0.0:42979 - 0 ] INFO  server.RaftServer (RaftServerProxy.java:lambda$start$5(374)) - 6d4cc11e-0f46-4203-aa45-beb00efbee6b: start RPC server
2021-08-14 01:18:23,602 [RatisPipelineUtilsThread - 0] INFO  pipeline.RatisPipelineProvider (RatisPipelineProvider.java:lambda$create$0(183)) - Sending CreatePipelineCommand for pipeline:PipelineID=90a3e0fb-746b-4933-bed7-d27f5748a814 to datanode:d086c87f-93e9-45d6-b128-13443993bfce
2021-08-14 01:18:23,603 [RatisPipelineUtilsThread - 0] INFO  pipeline.PipelineStateManager (PipelineStateManagerV2Impl.java:addPipeline(101)) - Created pipeline Pipeline[ Id: 90a3e0fb-746b-4933-bed7-d27f5748a814, Nodes: d086c87f-93e9-45d6-b128-13443993bfce{ip: 10.1.0.41, host: fv-az395-768.zfmzfyrfkyou3ow0tsr0jxwq1e.bx.internal.cloudapp.net, ports: [REPLICATION=39961, RATIS=44933, RATIS_ADMIN=44933, RATIS_SERVER=44933, STANDALONE=40627], networkLocation: /default-rack, certSerialId: null, persistedOpState: IN_SERVICE, persistedOpStateExpiryEpochSec: 0}, ReplicationConfig: RATIS/ONE, State:ALLOCATED, leaderId:, CreationTimestamp2021-08-14T01:18:23.602Z[Etc/UTC]].
2021-08-14 01:18:23,605 [EndpointStateMachine task thread for /0.0.0.0:42979 - 0 ] INFO  server.GrpcService (GrpcService.java:startImpl(253)) - 6d4cc11e-0f46-4203-aa45-beb00efbee6b: GrpcService started, listening on 35207
2021-08-14 01:18:23,606 [EndpointStateMachine task thread for /0.0.0.0:42979 - 0 ] INFO  ratis.XceiverServerRatis (XceiverServerRatis.java:getRealPort(503)) - XceiverServerRatis 6d4cc11e-0f46-4203-aa45-beb00efbee6b is started using port 35207 for RATIS
2021-08-14 01:18:23,606 [EndpointStateMachine task thread for /0.0.0.0:42979 - 0 ] INFO  ratis.XceiverServerRatis (XceiverServerRatis.java:getRealPort(503)) - XceiverServerRatis 6d4cc11e-0f46-4203-aa45-beb00efbee6b is started using port 35207 for RATIS_ADMIN
2021-08-14 01:18:23,606 [EndpointStateMachine task thread for /0.0.0.0:42979 - 0 ] INFO  ratis.XceiverServerRatis (XceiverServerRatis.java:getRealPort(503)) - XceiverServerRatis 6d4cc11e-0f46-4203-aa45-beb00efbee6b is started using port 35207 for RATIS_SERVER
2021-08-14 01:18:23,608 [EndpointStateMachine task thread for /0.0.0.0:42979 - 0 ] INFO  server.XceiverServerGrpc (XceiverServerGrpc.java:start(135)) - XceiverServerGrpc 6d4cc11e-0f46-4203-aa45-beb00efbee6b is started using port 34229
2021-08-14 01:18:23,608 [org.apache.ratis.util.JvmPauseMonitor$$Lambda$521/1461724962@42d24c95] INFO  util.JvmPauseMonitor (JvmPauseMonitor.java:run(103)) - JvmPauseMonitor-6d4cc11e-0f46-4203-aa45-beb00efbee6b: Started
2021-08-14 01:18:23,980 [IPC Server handler 4 on default port 42979] INFO  net.NetworkTopologyImpl (NetworkTopologyImpl.java:add(112)) - Added a new node: /default-rack/3c589ed3-8908-4216-b526-1467ebcaa331
2021-08-14 01:18:23,980 [IPC Server handler 4 on default port 42979] INFO  node.SCMNodeManager (SCMNodeManager.java:register(390)) - Registered Data node : 3c589ed3-8908-4216-b526-1467ebcaa331{ip: 10.1.0.41, host: fv-az395-768.zfmzfyrfkyou3ow0tsr0jxwq1e.bx.internal.cloudapp.net, ports: [REPLICATION=43939, RATIS=34563, RATIS_ADMIN=34563, RATIS_SERVER=34563, STANDALONE=42419], networkLocation: /default-rack, certSerialId: null, persistedOpState: null, persistedOpStateExpiryEpochSec: 0}
2021-08-14 01:18:23,981 [EventQueue-NewNodeForNewNodeHandler] INFO  pipeline.BackgroundPipelineCreator (BackgroundPipelineCreatorV2.java:notifyEventTriggered(285)) - trigger a one-shot run on RatisPipelineUtilsThread.
2021-08-14 01:18:23,982 [RatisPipelineUtilsThread - 0] INFO  pipeline.RatisPipelineProvider (RatisPipelineProvider.java:lambda$create$0(183)) - Sending CreatePipelineCommand for pipeline:PipelineID=d95aba07-9faf-4ebd-9215-a088502dc84f to datanode:3c589ed3-8908-4216-b526-1467ebcaa331
2021-08-14 01:18:23,982 [RatisPipelineUtilsThread - 0] INFO  pipeline.PipelineStateManager (PipelineStateManagerV2Impl.java:addPipeline(101)) - Created pipeline Pipeline[ Id: d95aba07-9faf-4ebd-9215-a088502dc84f, Nodes: 3c589ed3-8908-4216-b526-1467ebcaa331{ip: 10.1.0.41, host: fv-az395-768.zfmzfyrfkyou3ow0tsr0jxwq1e.bx.internal.cloudapp.net, ports: [REPLICATION=43939, RATIS=34563, RATIS_ADMIN=34563, RATIS_SERVER=34563, STANDALONE=42419], networkLocation: /default-rack, certSerialId: null, persistedOpState: IN_SERVICE, persistedOpStateExpiryEpochSec: 0}, ReplicationConfig: RATIS/ONE, State:ALLOCATED, leaderId:, CreationTimestamp2021-08-14T01:18:23.982Z[Etc/UTC]].
2021-08-14 01:18:23,983 [EventQueue-NodeRegistrationContainerReportForDataNodeSafeModeRule] INFO  safemode.SCMSafeModeManager (DataNodeSafeModeRule.java:process(71)) - SCM in safe mode. 3 DataNodes registered, 3 required.
2021-08-14 01:18:23,983 [EventQueue-NodeRegistrationContainerReportForDataNodeSafeModeRule] INFO  safemode.SCMSafeModeManager (SCMSafeModeManager.java:validateSafeModeExitRules(204)) - DataNodeSafeModeRule rule is successfully validated
2021-08-14 01:18:23,983 [EventQueue-NodeRegistrationContainerReportForDataNodeSafeModeRule] INFO  safemode.SCMSafeModeManager (SCMSafeModeManager.java:completePreCheck(233)) - All SCM safe mode pre check rules have passed
2021-08-14 01:18:23,983 [EventQueue-NodeRegistrationContainerReportForDataNodeSafeModeRule] WARN  events.EventQueue (EventQueue.java:fireEvent(194)) - No event handler registered for event TypedEvent{payloadType=SafeModeStatus, name='Safe mode status'}
2021-08-14 01:18:23,983 [EventQueue-NodeRegistrationContainerReportForDataNodeSafeModeRule] INFO  ha.SCMContext (SCMContext.java:updateSafeModeStatus(205)) - Update SafeModeStatus from SafeModeStatus{safeModeStatus=true, preCheckPassed=false} to SafeModeStatus{safeModeStatus=true, preCheckPassed=true}.
2021-08-14 01:18:23,983 [EventQueue-NodeRegistrationContainerReportForDataNodeSafeModeRule] INFO  pipeline.BackgroundPipelineCreator (BackgroundPipelineCreatorV2.java:notifyEventTriggered(285)) - trigger a one-shot run on RatisPipelineUtilsThread.
2021-08-14 01:18:23,986 [RatisPipelineUtilsThread - 0] INFO  pipeline.RatisPipelineProvider (RatisPipelineProvider.java:lambda$create$0(183)) - Sending CreatePipelineCommand for pipeline:PipelineID=8774c666-5cb7-4a7f-a232-e3f05ccc49d8 to datanode:3c589ed3-8908-4216-b526-1467ebcaa331
2021-08-14 01:18:23,986 [RatisPipelineUtilsThread - 0] INFO  pipeline.RatisPipelineProvider (RatisPipelineProvider.java:lambda$create$0(183)) - Sending CreatePipelineCommand for pipeline:PipelineID=8774c666-5cb7-4a7f-a232-e3f05ccc49d8 to datanode:d086c87f-93e9-45d6-b128-13443993bfce
2021-08-14 01:18:23,987 [RatisPipelineUtilsThread - 0] INFO  pipeline.RatisPipelineProvider (RatisPipelineProvider.java:lambda$create$0(183)) - Sending CreatePipelineCommand for pipeline:PipelineID=8774c666-5cb7-4a7f-a232-e3f05ccc49d8 to datanode:dc1bc205-c656-4131-aeb7-017f2f697be6
2021-08-14 01:18:23,987 [RatisPipelineUtilsThread - 0] INFO  pipeline.PipelineStateManager (PipelineStateManagerV2Impl.java:addPipeline(101)) - Created pipeline Pipeline[ Id: 8774c666-5cb7-4a7f-a232-e3f05ccc49d8, Nodes: 3c589ed3-8908-4216-b526-1467ebcaa331{ip: 10.1.0.41, host: fv-az395-768.zfmzfyrfkyou3ow0tsr0jxwq1e.bx.internal.cloudapp.net, ports: [REPLICATION=43939, RATIS=34563, RATIS_ADMIN=34563, RATIS_SERVER=34563, STANDALONE=42419], networkLocation: /default-rack, certSerialId: null, persistedOpState: IN_SERVICE, persistedOpStateExpiryEpochSec: 0}d086c87f-93e9-45d6-b128-13443993bfce{ip: 10.1.0.41, host: fv-az395-768.zfmzfyrfkyou3ow0tsr0jxwq1e.bx.internal.cloudapp.net, ports: [REPLICATION=39961, RATIS=44933, RATIS_ADMIN=44933, RATIS_SERVER=44933, STANDALONE=40627], networkLocation: /default-rack, certSerialId: null, persistedOpState: IN_SERVICE, persistedOpStateExpiryEpochSec: 0}dc1bc205-c656-4131-aeb7-017f2f697be6{ip: 10.1.0.41, host: fv-az395-768.zfmzfyrfkyou3ow0tsr0jxwq1e.bx.internal.cloudapp.net, ports: [REPLICATION=46523, RATIS=41989, RATIS_ADMIN=41989, RATIS_SERVER=41989, STANDALONE=40407], networkLocation: /default-rack, certSerialId: null, persistedOpState: IN_SERVICE, persistedOpStateExpiryEpochSec: 0}, ReplicationConfig: RATIS/THREE, State:ALLOCATED, leaderId:, CreationTimestamp2021-08-14T01:18:23.986Z[Etc/UTC]].
2021-08-14 01:18:23,988 [RatisPipelineUtilsThread - 0] INFO  pipeline.RatisPipelineProvider (RatisPipelineProvider.java:lambda$create$0(183)) - Sending CreatePipelineCommand for pipeline:PipelineID=982af588-8138-4230-b4b4-4b356eb9896a to datanode:3c589ed3-8908-4216-b526-1467ebcaa331
2021-08-14 01:18:23,989 [RatisPipelineUtilsThread - 0] INFO  pipeline.RatisPipelineProvider (RatisPipelineProvider.java:lambda$create$0(183)) - Sending CreatePipelineCommand for pipeline:PipelineID=982af588-8138-4230-b4b4-4b356eb9896a to datanode:dc1bc205-c656-4131-aeb7-017f2f697be6
2021-08-14 01:18:23,990 [RatisPipelineUtilsThread - 0] INFO  pipeline.RatisPipelineProvider (RatisPipelineProvider.java:lambda$create$0(183)) - Sending CreatePipelineCommand for pipeline:PipelineID=982af588-8138-4230-b4b4-4b356eb9896a to datanode:d086c87f-93e9-45d6-b128-13443993bfce
2021-08-14 01:18:23,991 [RatisPipelineUtilsThread - 0] INFO  pipeline.PipelineStateManager (PipelineStateManagerV2Impl.java:addPipeline(101)) - Created pipeline Pipeline[ Id: 982af588-8138-4230-b4b4-4b356eb9896a, Nodes: 3c589ed3-8908-4216-b526-1467ebcaa331{ip: 10.1.0.41, host: fv-az395-768.zfmzfyrfkyou3ow0tsr0jxwq1e.bx.internal.cloudapp.net, ports: [REPLICATION=43939, RATIS=34563, RATIS_ADMIN=34563, RATIS_SERVER=34563, STANDALONE=42419], networkLocation: /default-rack, certSerialId: null, persistedOpState: IN_SERVICE, persistedOpStateExpiryEpochSec: 0}dc1bc205-c656-4131-aeb7-017f2f697be6{ip: 10.1.0.41, host: fv-az395-768.zfmzfyrfkyou3ow0tsr0jxwq1e.bx.internal.cloudapp.net, ports: [REPLICATION=46523, RATIS=41989, RATIS_ADMIN=41989, RATIS_SERVER=41989, STANDALONE=40407], networkLocation: /default-rack, certSerialId: null, persistedOpState: IN_SERVICE, persistedOpStateExpiryEpochSec: 0}d086c87f-93e9-45d6-b128-13443993bfce{ip: 10.1.0.41, host: fv-az395-768.zfmzfyrfkyou3ow0tsr0jxwq1e.bx.internal.cloudapp.net, ports: [REPLICATION=39961, RATIS=44933, RATIS_ADMIN=44933, RATIS_SERVER=44933, STANDALONE=40627], networkLocation: /default-rack, certSerialId: null, persistedOpState: IN_SERVICE, persistedOpStateExpiryEpochSec: 0}, ReplicationConfig: RATIS/THREE, State:ALLOCATED, leaderId:, CreationTimestamp2021-08-14T01:18:23.988Z[Etc/UTC]].
2021-08-14 01:18:23,991 [RatisPipelineUtilsThread - 0] INFO  pipeline.PipelineManagerImpl (PipelineManagerImpl.java:recordMetricsForPipeline(614)) - Pipeline: PipelineID=982af588-8138-4230-b4b4-4b356eb9896a contains same datanodes as previous pipelines: PipelineID=8774c666-5cb7-4a7f-a232-e3f05ccc49d8 nodeIds: 3c589ed3-8908-4216-b526-1467ebcaa331, dc1bc205-c656-4131-aeb7-017f2f697be6, d086c87f-93e9-45d6-b128-13443993bfce
2021-08-14 01:18:24,202 [IPC Server handler 1 on default port 42979] INFO  net.NetworkTopologyImpl (NetworkTopologyImpl.java:add(112)) - Added a new node: /default-rack/e001c49e-a42c-4009-8532-6b023fb26190
2021-08-14 01:18:24,203 [IPC Server handler 1 on default port 42979] INFO  node.SCMNodeManager (SCMNodeManager.java:register(390)) - Registered Data node : e001c49e-a42c-4009-8532-6b023fb26190{ip: 10.1.0.41, host: fv-az395-768.zfmzfyrfkyou3ow0tsr0jxwq1e.bx.internal.cloudapp.net, ports: [REPLICATION=39865, RATIS=44999, RATIS_ADMIN=44999, RATIS_SERVER=44999, STANDALONE=38583], networkLocation: /default-rack, certSerialId: null, persistedOpState: null, persistedOpStateExpiryEpochSec: 0}
2021-08-14 01:18:24,203 [EventQueue-NewNodeForNewNodeHandler] INFO  pipeline.BackgroundPipelineCreator (BackgroundPipelineCreatorV2.java:notifyEventTriggered(285)) - trigger a one-shot run on RatisPipelineUtilsThread.
2021-08-14 01:18:24,205 [RatisPipelineUtilsThread - 0] INFO  pipeline.RatisPipelineProvider (RatisPipelineProvider.java:lambda$create$0(183)) - Sending CreatePipelineCommand for pipeline:PipelineID=80e47de2-3329-42e6-b6c5-4b23b5613fd9 to datanode:e001c49e-a42c-4009-8532-6b023fb26190
2021-08-14 01:18:24,206 [RatisPipelineUtilsThread - 0] INFO  pipeline.PipelineStateManager (PipelineStateManagerV2Impl.java:addPipeline(101)) - Created pipeline Pipeline[ Id: 80e47de2-3329-42e6-b6c5-4b23b5613fd9, Nodes: e001c49e-a42c-4009-8532-6b023fb26190{ip: 10.1.0.41, host: fv-az395-768.zfmzfyrfkyou3ow0tsr0jxwq1e.bx.internal.cloudapp.net, ports: [REPLICATION=39865, RATIS=44999, RATIS_ADMIN=44999, RATIS_SERVER=44999, STANDALONE=38583], networkLocation: /default-rack, certSerialId: null, persistedOpState: IN_SERVICE, persistedOpStateExpiryEpochSec: 0}, ReplicationConfig: RATIS/ONE, State:ALLOCATED, leaderId:, CreationTimestamp2021-08-14T01:18:24.205Z[Etc/UTC]].
2021-08-14 01:18:24,406 [IPC Server handler 2 on default port 42979] INFO  net.NetworkTopologyImpl (NetworkTopologyImpl.java:add(112)) - Added a new node: /default-rack/285644d5-5d69-4e05-afbc-1ae5a883cebd
2021-08-14 01:18:24,406 [IPC Server handler 2 on default port 42979] INFO  node.SCMNodeManager (SCMNodeManager.java:register(390)) - Registered Data node : 285644d5-5d69-4e05-afbc-1ae5a883cebd{ip: 10.1.0.41, host: fv-az395-768.zfmzfyrfkyou3ow0tsr0jxwq1e.bx.internal.cloudapp.net, ports: [REPLICATION=41237, RATIS=34921, RATIS_ADMIN=34921, RATIS_SERVER=34921, STANDALONE=35767], networkLocation: /default-rack, certSerialId: null, persistedOpState: null, persistedOpStateExpiryEpochSec: 0}
2021-08-14 01:18:24,406 [EventQueue-NewNodeForNewNodeHandler] INFO  pipeline.BackgroundPipelineCreator (BackgroundPipelineCreatorV2.java:notifyEventTriggered(285)) - trigger a one-shot run on RatisPipelineUtilsThread.
2021-08-14 01:18:24,408 [RatisPipelineUtilsThread - 0] INFO  pipeline.RatisPipelineProvider (RatisPipelineProvider.java:lambda$create$0(183)) - Sending CreatePipelineCommand for pipeline:PipelineID=acad7af8-19b4-4d3a-a0c4-767070699695 to datanode:285644d5-5d69-4e05-afbc-1ae5a883cebd
2021-08-14 01:18:24,408 [RatisPipelineUtilsThread - 0] INFO  pipeline.PipelineStateManager (PipelineStateManagerV2Impl.java:addPipeline(101)) - Created pipeline Pipeline[ Id: acad7af8-19b4-4d3a-a0c4-767070699695, Nodes: 285644d5-5d69-4e05-afbc-1ae5a883cebd{ip: 10.1.0.41, host: fv-az395-768.zfmzfyrfkyou3ow0tsr0jxwq1e.bx.internal.cloudapp.net, ports: [REPLICATION=41237, RATIS=34921, RATIS_ADMIN=34921, RATIS_SERVER=34921, STANDALONE=35767], networkLocation: /default-rack, certSerialId: null, persistedOpState: IN_SERVICE, persistedOpStateExpiryEpochSec: 0}, ReplicationConfig: RATIS/ONE, State:ALLOCATED, leaderId:, CreationTimestamp2021-08-14T01:18:24.408Z[Etc/UTC]].
2021-08-14 01:18:24,573 [Listener at 127.0.0.1/43663] INFO  ozone.MiniOzoneClusterImpl (MiniOzoneClusterImpl.java:lambda$waitForClusterToBeReady$0(235)) - Waiting for nodes to be ready. Got 5 of 10 DN Heartbeats.
2021-08-14 01:18:24,573 [Listener at 127.0.0.1/43663] INFO  ozone.MiniOzoneClusterImpl (MiniOzoneClusterImpl.java:lambda$waitForClusterToBeReady$0(238)) - Waiting for cluster to exit safe mode
2021-08-14 01:18:24,573 [Listener at 127.0.0.1/43663] INFO  ozone.MiniOzoneClusterImpl (MiniOzoneClusterImpl.java:lambda$waitForClusterToBeReady$0(240)) - SCM became leader
2021-08-14 01:18:24,623 [IPC Server handler 4 on default port 42979] INFO  net.NetworkTopologyImpl (NetworkTopologyImpl.java:add(112)) - Added a new node: /default-rack/ac78b934-d09a-4407-918e-43db40751b5e
2021-08-14 01:18:24,624 [IPC Server handler 4 on default port 42979] INFO  node.SCMNodeManager (SCMNodeManager.java:register(390)) - Registered Data node : ac78b934-d09a-4407-918e-43db40751b5e{ip: 10.1.0.41, host: fv-az395-768.zfmzfyrfkyou3ow0tsr0jxwq1e.bx.internal.cloudapp.net, ports: [REPLICATION=45217, RATIS=43943, RATIS_ADMIN=43943, RATIS_SERVER=43943, STANDALONE=44287], networkLocation: /default-rack, certSerialId: null, persistedOpState: null, persistedOpStateExpiryEpochSec: 0}
2021-08-14 01:18:24,624 [EventQueue-NewNodeForNewNodeHandler] INFO  pipeline.BackgroundPipelineCreator (BackgroundPipelineCreatorV2.java:notifyEventTriggered(285)) - trigger a one-shot run on RatisPipelineUtilsThread.
2021-08-14 01:18:24,625 [RatisPipelineUtilsThread - 0] INFO  pipeline.RatisPipelineProvider (RatisPipelineProvider.java:lambda$create$0(183)) - Sending CreatePipelineCommand for pipeline:PipelineID=68599dce-946b-4ac6-8d0f-2f24de557786 to datanode:ac78b934-d09a-4407-918e-43db40751b5e
2021-08-14 01:18:24,625 [RatisPipelineUtilsThread - 0] INFO  pipeline.PipelineStateManager (PipelineStateManagerV2Impl.java:addPipeline(101)) - Created pipeline Pipeline[ Id: 68599dce-946b-4ac6-8d0f-2f24de557786, Nodes: ac78b934-d09a-4407-918e-43db40751b5e{ip: 10.1.0.41, host: fv-az395-768.zfmzfyrfkyou3ow0tsr0jxwq1e.bx.internal.cloudapp.net, ports: [REPLICATION=45217, RATIS=43943, RATIS_ADMIN=43943, RATIS_SERVER=43943, STANDALONE=44287], networkLocation: /default-rack, certSerialId: null, persistedOpState: IN_SERVICE, persistedOpStateExpiryEpochSec: 0}, ReplicationConfig: RATIS/ONE, State:ALLOCATED, leaderId:, CreationTimestamp2021-08-14T01:18:24.625Z[Etc/UTC]].
2021-08-14 01:18:24,626 [RatisPipelineUtilsThread - 0] INFO  pipeline.RatisPipelineProvider (RatisPipelineProvider.java:lambda$create$0(183)) - Sending CreatePipelineCommand for pipeline:PipelineID=59e8ded7-2562-4d1c-871e-1f605c6d1329 to datanode:ac78b934-d09a-4407-918e-43db40751b5e
2021-08-14 01:18:24,626 [RatisPipelineUtilsThread - 0] INFO  pipeline.RatisPipelineProvider (RatisPipelineProvider.java:lambda$create$0(183)) - Sending CreatePipelineCommand for pipeline:PipelineID=59e8ded7-2562-4d1c-871e-1f605c6d1329 to datanode:e001c49e-a42c-4009-8532-6b023fb26190
2021-08-14 01:18:24,627 [RatisPipelineUtilsThread - 0] INFO  pipeline.RatisPipelineProvider (RatisPipelineProvider.java:lambda$create$0(183)) - Sending CreatePipelineCommand for pipeline:PipelineID=59e8ded7-2562-4d1c-871e-1f605c6d1329 to datanode:285644d5-5d69-4e05-afbc-1ae5a883cebd
2021-08-14 01:18:24,629 [RatisPipelineUtilsThread - 0] INFO  pipeline.PipelineStateManager (PipelineStateManagerV2Impl.java:addPipeline(101)) - Created pipeline Pipeline[ Id: 59e8ded7-2562-4d1c-871e-1f605c6d1329, Nodes: ac78b934-d09a-4407-918e-43db40751b5e{ip: 10.1.0.41, host: fv-az395-768.zfmzfyrfkyou3ow0tsr0jxwq1e.bx.internal.cloudapp.net, ports: [REPLICATION=45217, RATIS=43943, RATIS_ADMIN=43943, RATIS_SERVER=43943, STANDALONE=44287], networkLocation: /default-rack, certSerialId: null, persistedOpState: IN_SERVICE, persistedOpStateExpiryEpochSec: 0}e001c49e-a42c-4009-8532-6b023fb26190{ip: 10.1.0.41, host: fv-az395-768.zfmzfyrfkyou3ow0tsr0jxwq1e.bx.internal.cloudapp.net, ports: [REPLICATION=39865, RATIS=44999, RATIS_ADMIN=44999, RATIS_SERVER=44999, STANDALONE=38583], networkLocation: /default-rack, certSerialId: null, persistedOpState: IN_SERVICE, persistedOpStateExpiryEpochSec: 0}285644d5-5d69-4e05-afbc-1ae5a883cebd{ip: 10.1.0.41, host: fv-az395-768.zfmzfyrfkyou3ow0tsr0jxwq1e.bx.internal.cloudapp.net, ports: [REPLICATION=41237, RATIS=34921, RATIS_ADMIN=34921, RATIS_SERVER=34921, STANDALONE=35767], networkLocation: /default-rack, certSerialId: null, persistedOpState: IN_SERVICE, persistedOpStateExpiryEpochSec: 0}, ReplicationConfig: RATIS/THREE, State:ALLOCATED, leaderId:, CreationTimestamp2021-08-14T01:18:24.626Z[Etc/UTC]].
2021-08-14 01:18:24,630 [RatisPipelineUtilsThread - 0] INFO  pipeline.RatisPipelineProvider (RatisPipelineProvider.java:lambda$create$0(183)) - Sending CreatePipelineCommand for pipeline:PipelineID=906c250f-41ba-4521-944d-a1881e31f5e3 to datanode:285644d5-5d69-4e05-afbc-1ae5a883cebd
2021-08-14 01:18:24,631 [RatisPipelineUtilsThread - 0] INFO  pipeline.RatisPipelineProvider (RatisPipelineProvider.java:lambda$create$0(183)) - Sending CreatePipelineCommand for pipeline:PipelineID=906c250f-41ba-4521-944d-a1881e31f5e3 to datanode:e001c49e-a42c-4009-8532-6b023fb26190
2021-08-14 01:18:24,632 [RatisPipelineUtilsThread - 0] INFO  pipeline.RatisPipelineProvider (RatisPipelineProvider.java:lambda$create$0(183)) - Sending CreatePipelineCommand for pipeline:PipelineID=906c250f-41ba-4521-944d-a1881e31f5e3 to datanode:ac78b934-d09a-4407-918e-43db40751b5e
2021-08-14 01:18:24,632 [RatisPipelineUtilsThread - 0] INFO  pipeline.PipelineStateManager (PipelineStateManagerV2Impl.java:addPipeline(101)) - Created pipeline Pipeline[ Id: 906c250f-41ba-4521-944d-a1881e31f5e3, Nodes: 285644d5-5d69-4e05-afbc-1ae5a883cebd{ip: 10.1.0.41, host: fv-az395-768.zfmzfyrfkyou3ow0tsr0jxwq1e.bx.internal.cloudapp.net, ports: [REPLICATION=41237, RATIS=34921, RATIS_ADMIN=34921, RATIS_SERVER=34921, STANDALONE=35767], networkLocation: /default-rack, certSerialId: null, persistedOpState: IN_SERVICE, persistedOpStateExpiryEpochSec: 0}e001c49e-a42c-4009-8532-6b023fb26190{ip: 10.1.0.41, host: fv-az395-768.zfmzfyrfkyou3ow0tsr0jxwq1e.bx.internal.cloudapp.net, ports: [REPLICATION=39865, RATIS=44999, RATIS_ADMIN=44999, RATIS_SERVER=44999, STANDALONE=38583], networkLocation: /default-rack, certSerialId: null, persistedOpState: IN_SERVICE, persistedOpStateExpiryEpochSec: 0}ac78b934-d09a-4407-918e-43db40751b5e{ip: 10.1.0.41, host: fv-az395-768.zfmzfyrfkyou3ow0tsr0jxwq1e.bx.internal.cloudapp.net, ports: [REPLICATION=45217, RATIS=43943, RATIS_ADMIN=43943, RATIS_SERVER=43943, STANDALONE=44287], networkLocation: /default-rack, certSerialId: null, persistedOpState: IN_SERVICE, persistedOpStateExpiryEpochSec: 0}, ReplicationConfig: RATIS/THREE, State:ALLOCATED, leaderId:, CreationTimestamp2021-08-14T01:18:24.630Z[Etc/UTC]].
2021-08-14 01:18:24,633 [RatisPipelineUtilsThread - 0] INFO  pipeline.PipelineManagerImpl (PipelineManagerImpl.java:recordMetricsForPipeline(614)) - Pipeline: PipelineID=906c250f-41ba-4521-944d-a1881e31f5e3 contains same datanodes as previous pipelines: PipelineID=59e8ded7-2562-4d1c-871e-1f605c6d1329 nodeIds: 285644d5-5d69-4e05-afbc-1ae5a883cebd, e001c49e-a42c-4009-8532-6b023fb26190, ac78b934-d09a-4407-918e-43db40751b5e
2021-08-14 01:18:24,820 [IPC Server handler 5 on default port 42979] INFO  net.NetworkTopologyImpl (NetworkTopologyImpl.java:add(112)) - Added a new node: /default-rack/cd64d878-198d-4e62-83d6-b5b1e205daa6
2021-08-14 01:18:24,821 [IPC Server handler 5 on default port 42979] INFO  node.SCMNodeManager (SCMNodeManager.java:register(390)) - Registered Data node : cd64d878-198d-4e62-83d6-b5b1e205daa6{ip: 10.1.0.41, host: fv-az395-768.zfmzfyrfkyou3ow0tsr0jxwq1e.bx.internal.cloudapp.net, ports: [REPLICATION=37931, RATIS=34757, RATIS_ADMIN=34757, RATIS_SERVER=34757, STANDALONE=43107], networkLocation: /default-rack, certSerialId: null, persistedOpState: null, persistedOpStateExpiryEpochSec: 0}
2021-08-14 01:18:24,822 [EventQueue-NewNodeForNewNodeHandler] INFO  pipeline.BackgroundPipelineCreator (BackgroundPipelineCreatorV2.java:notifyEventTriggered(285)) - trigger a one-shot run on RatisPipelineUtilsThread.
2021-08-14 01:18:24,823 [RatisPipelineUtilsThread - 0] INFO  pipeline.RatisPipelineProvider (RatisPipelineProvider.java:lambda$create$0(183)) - Sending CreatePipelineCommand for pipeline:PipelineID=718c253e-a808-4dc1-a6d7-c2d69aeee4f3 to datanode:cd64d878-198d-4e62-83d6-b5b1e205daa6
2021-08-14 01:18:24,824 [RatisPipelineUtilsThread - 0] INFO  pipeline.PipelineStateManager (PipelineStateManagerV2Impl.java:addPipeline(101)) - Created pipeline Pipeline[ Id: 718c253e-a808-4dc1-a6d7-c2d69aeee4f3, Nodes: cd64d878-198d-4e62-83d6-b5b1e205daa6{ip: 10.1.0.41, host: fv-az395-768.zfmzfyrfkyou3ow0tsr0jxwq1e.bx.internal.cloudapp.net, ports: [REPLICATION=37931, RATIS=34757, RATIS_ADMIN=34757, RATIS_SERVER=34757, STANDALONE=43107], networkLocation: /default-rack, certSerialId: null, persistedOpState: IN_SERVICE, persistedOpStateExpiryEpochSec: 0}, ReplicationConfig: RATIS/ONE, State:ALLOCATED, leaderId:, CreationTimestamp2021-08-14T01:18:24.823Z[Etc/UTC]].
2021-08-14 01:18:25,058 [IPC Server handler 9 on default port 42979] INFO  net.NetworkTopologyImpl (NetworkTopologyImpl.java:add(112)) - Added a new node: /default-rack/d2e7743e-c73b-4378-b503-81e8ce35debb
2021-08-14 01:18:25,058 [IPC Server handler 9 on default port 42979] INFO  node.SCMNodeManager (SCMNodeManager.java:register(390)) - Registered Data node : d2e7743e-c73b-4378-b503-81e8ce35debb{ip: 10.1.0.41, host: fv-az395-768.zfmzfyrfkyou3ow0tsr0jxwq1e.bx.internal.cloudapp.net, ports: [REPLICATION=42437, RATIS=37875, RATIS_ADMIN=37875, RATIS_SERVER=37875, STANDALONE=46515], networkLocation: /default-rack, certSerialId: null, persistedOpState: null, persistedOpStateExpiryEpochSec: 0}
2021-08-14 01:18:25,058 [EventQueue-NewNodeForNewNodeHandler] INFO  pipeline.BackgroundPipelineCreator (BackgroundPipelineCreatorV2.java:notifyEventTriggered(285)) - trigger a one-shot run on RatisPipelineUtilsThread.
2021-08-14 01:18:25,060 [RatisPipelineUtilsThread - 0] INFO  pipeline.RatisPipelineProvider (RatisPipelineProvider.java:lambda$create$0(183)) - Sending CreatePipelineCommand for pipeline:PipelineID=7639f3a4-0f4e-4d59-a3c0-1057a410b9ae to datanode:d2e7743e-c73b-4378-b503-81e8ce35debb
2021-08-14 01:18:25,061 [RatisPipelineUtilsThread - 0] INFO  pipeline.PipelineStateManager (PipelineStateManagerV2Impl.java:addPipeline(101)) - Created pipeline Pipeline[ Id: 7639f3a4-0f4e-4d59-a3c0-1057a410b9ae, Nodes: d2e7743e-c73b-4378-b503-81e8ce35debb{ip: 10.1.0.41, host: fv-az395-768.zfmzfyrfkyou3ow0tsr0jxwq1e.bx.internal.cloudapp.net, ports: [REPLICATION=42437, RATIS=37875, RATIS_ADMIN=37875, RATIS_SERVER=37875, STANDALONE=46515], networkLocation: /default-rack, certSerialId: null, persistedOpState: IN_SERVICE, persistedOpStateExpiryEpochSec: 0}, ReplicationConfig: RATIS/ONE, State:ALLOCATED, leaderId:, CreationTimestamp2021-08-14T01:18:25.060Z[Etc/UTC]].
2021-08-14 01:18:25,374 [IPC Server handler 3 on default port 42979] INFO  net.NetworkTopologyImpl (NetworkTopologyImpl.java:add(112)) - Added a new node: /default-rack/27edb56d-b8db-4758-826e-c998f495671f
2021-08-14 01:18:25,375 [IPC Server handler 3 on default port 42979] INFO  node.SCMNodeManager (SCMNodeManager.java:register(390)) - Registered Data node : 27edb56d-b8db-4758-826e-c998f495671f{ip: 10.1.0.41, host: fv-az395-768.zfmzfyrfkyou3ow0tsr0jxwq1e.bx.internal.cloudapp.net, ports: [REPLICATION=40945, RATIS=40033, RATIS_ADMIN=40033, RATIS_SERVER=40033, STANDALONE=43219], networkLocation: /default-rack, certSerialId: null, persistedOpState: null, persistedOpStateExpiryEpochSec: 0}
2021-08-14 01:18:25,375 [EventQueue-NewNodeForNewNodeHandler] INFO  pipeline.BackgroundPipelineCreator (BackgroundPipelineCreatorV2.java:notifyEventTriggered(285)) - trigger a one-shot run on RatisPipelineUtilsThread.
2021-08-14 01:18:25,376 [RatisPipelineUtilsThread - 0] INFO  pipeline.RatisPipelineProvider (RatisPipelineProvider.java:lambda$create$0(183)) - Sending CreatePipelineCommand for pipeline:PipelineID=71e40451-7c7a-4713-827c-2e89afade107 to datanode:27edb56d-b8db-4758-826e-c998f495671f
2021-08-14 01:18:25,377 [RatisPipelineUtilsThread - 0] INFO  pipeline.PipelineStateManager (PipelineStateManagerV2Impl.java:addPipeline(101)) - Created pipeline Pipeline[ Id: 71e40451-7c7a-4713-827c-2e89afade107, Nodes: 27edb56d-b8db-4758-826e-c998f495671f{ip: 10.1.0.41, host: fv-az395-768.zfmzfyrfkyou3ow0tsr0jxwq1e.bx.internal.cloudapp.net, ports: [REPLICATION=40945, RATIS=40033, RATIS_ADMIN=40033, RATIS_SERVER=40033, STANDALONE=43219], networkLocation: /default-rack, certSerialId: null, persistedOpState: IN_SERVICE, persistedOpStateExpiryEpochSec: 0}, ReplicationConfig: RATIS/ONE, State:ALLOCATED, leaderId:, CreationTimestamp2021-08-14T01:18:25.376Z[Etc/UTC]].
2021-08-14 01:18:25,377 [RatisPipelineUtilsThread - 0] INFO  pipeline.RatisPipelineProvider (RatisPipelineProvider.java:lambda$create$0(183)) - Sending CreatePipelineCommand for pipeline:PipelineID=7c926289-df4a-4d15-9c3e-bbb3a94d2007 to datanode:cd64d878-198d-4e62-83d6-b5b1e205daa6
2021-08-14 01:18:25,377 [RatisPipelineUtilsThread - 0] INFO  pipeline.RatisPipelineProvider (RatisPipelineProvider.java:lambda$create$0(183)) - Sending CreatePipelineCommand for pipeline:PipelineID=7c926289-df4a-4d15-9c3e-bbb3a94d2007 to datanode:d2e7743e-c73b-4378-b503-81e8ce35debb
2021-08-14 01:18:25,377 [RatisPipelineUtilsThread - 0] INFO  pipeline.RatisPipelineProvider (RatisPipelineProvider.java:lambda$create$0(183)) - Sending CreatePipelineCommand for pipeline:PipelineID=7c926289-df4a-4d15-9c3e-bbb3a94d2007 to datanode:27edb56d-b8db-4758-826e-c998f495671f
2021-08-14 01:18:25,378 [RatisPipelineUtilsThread - 0] INFO  pipeline.PipelineStateManager (PipelineStateManagerV2Impl.java:addPipeline(101)) - Created pipeline Pipeline[ Id: 7c926289-df4a-4d15-9c3e-bbb3a94d2007, Nodes: cd64d878-198d-4e62-83d6-b5b1e205daa6{ip: 10.1.0.41, host: fv-az395-768.zfmzfyrfkyou3ow0tsr0jxwq1e.bx.internal.cloudapp.net, ports: [REPLICATION=37931, RATIS=34757, RATIS_ADMIN=34757, RATIS_SERVER=34757, STANDALONE=43107], networkLocation: /default-rack, certSerialId: null, persistedOpState: IN_SERVICE, persistedOpStateExpiryEpochSec: 0}d2e7743e-c73b-4378-b503-81e8ce35debb{ip: 10.1.0.41, host: fv-az395-768.zfmzfyrfkyou3ow0tsr0jxwq1e.bx.internal.cloudapp.net, ports: [REPLICATION=42437, RATIS=37875, RATIS_ADMIN=37875, RATIS_SERVER=37875, STANDALONE=46515], networkLocation: /default-rack, certSerialId: null, persistedOpState: IN_SERVICE, persistedOpStateExpiryEpochSec: 0}27edb56d-b8db-4758-826e-c998f495671f{ip: 10.1.0.41, host: fv-az395-768.zfmzfyrfkyou3ow0tsr0jxwq1e.bx.internal.cloudapp.net, ports: [REPLICATION=40945, RATIS=40033, RATIS_ADMIN=40033, RATIS_SERVER=40033, STANDALONE=43219], networkLocation: /default-rack, certSerialId: null, persistedOpState: IN_SERVICE, persistedOpStateExpiryEpochSec: 0}, ReplicationConfig: RATIS/THREE, State:ALLOCATED, leaderId:, CreationTimestamp2021-08-14T01:18:25.377Z[Etc/UTC]].
2021-08-14 01:18:25,379 [RatisPipelineUtilsThread - 0] INFO  pipeline.RatisPipelineProvider (RatisPipelineProvider.java:lambda$create$0(183)) - Sending CreatePipelineCommand for pipeline:PipelineID=de6217f3-7502-45a5-b1b5-949cd4d7facd to datanode:27edb56d-b8db-4758-826e-c998f495671f
2021-08-14 01:18:25,379 [RatisPipelineUtilsThread - 0] INFO  pipeline.RatisPipelineProvider (RatisPipelineProvider.java:lambda$create$0(183)) - Sending CreatePipelineCommand for pipeline:PipelineID=de6217f3-7502-45a5-b1b5-949cd4d7facd to datanode:cd64d878-198d-4e62-83d6-b5b1e205daa6
2021-08-14 01:18:25,379 [RatisPipelineUtilsThread - 0] INFO  pipeline.RatisPipelineProvider (RatisPipelineProvider.java:lambda$create$0(183)) - Sending CreatePipelineCommand for pipeline:PipelineID=de6217f3-7502-45a5-b1b5-949cd4d7facd to datanode:d2e7743e-c73b-4378-b503-81e8ce35debb
2021-08-14 01:18:25,380 [RatisPipelineUtilsThread - 0] INFO  pipeline.PipelineStateManager (PipelineStateManagerV2Impl.java:addPipeline(101)) - Created pipeline Pipeline[ Id: de6217f3-7502-45a5-b1b5-949cd4d7facd, Nodes: 27edb56d-b8db-4758-826e-c998f495671f{ip: 10.1.0.41, host: fv-az395-768.zfmzfyrfkyou3ow0tsr0jxwq1e.bx.internal.cloudapp.net, ports: [REPLICATION=40945, RATIS=40033, RATIS_ADMIN=40033, RATIS_SERVER=40033, STANDALONE=43219], networkLocation: /default-rack, certSerialId: null, persistedOpState: IN_SERVICE, persistedOpStateExpiryEpochSec: 0}cd64d878-198d-4e62-83d6-b5b1e205daa6{ip: 10.1.0.41, host: fv-az395-768.zfmzfyrfkyou3ow0tsr0jxwq1e.bx.internal.cloudapp.net, ports: [REPLICATION=37931, RATIS=34757, RATIS_ADMIN=34757, RATIS_SERVER=34757, STANDALONE=43107], networkLocation: /default-rack, certSerialId: null, persistedOpState: IN_SERVICE, persistedOpStateExpiryEpochSec: 0}d2e7743e-c73b-4378-b503-81e8ce35debb{ip: 10.1.0.41, host: fv-az395-768.zfmzfyrfkyou3ow0tsr0jxwq1e.bx.internal.cloudapp.net, ports: [REPLICATION=42437, RATIS=37875, RATIS_ADMIN=37875, RATIS_SERVER=37875, STANDALONE=46515], networkLocation: /default-rack, certSerialId: null, persistedOpState: IN_SERVICE, persistedOpStateExpiryEpochSec: 0}, ReplicationConfig: RATIS/THREE, State:ALLOCATED, leaderId:, CreationTimestamp2021-08-14T01:18:25.379Z[Etc/UTC]].
2021-08-14 01:18:25,380 [RatisPipelineUtilsThread - 0] INFO  pipeline.PipelineManagerImpl (PipelineManagerImpl.java:recordMetricsForPipeline(614)) - Pipeline: PipelineID=de6217f3-7502-45a5-b1b5-949cd4d7facd contains same datanodes as previous pipelines: PipelineID=7c926289-df4a-4d15-9c3e-bbb3a94d2007 nodeIds: 27edb56d-b8db-4758-826e-c998f495671f, cd64d878-198d-4e62-83d6-b5b1e205daa6, d2e7743e-c73b-4378-b503-81e8ce35debb
2021-08-14 01:18:25,574 [Listener at 127.0.0.1/43663] INFO  ozone.MiniOzoneClusterImpl (MiniOzoneClusterImpl.java:lambda$waitForClusterToBeReady$0(235)) - Waiting for nodes to be ready. Got 9 of 10 DN Heartbeats.
2021-08-14 01:18:25,575 [Listener at 127.0.0.1/43663] INFO  ozone.MiniOzoneClusterImpl (MiniOzoneClusterImpl.java:lambda$waitForClusterToBeReady$0(238)) - Waiting for cluster to exit safe mode
2021-08-14 01:18:25,575 [Listener at 127.0.0.1/43663] INFO  ozone.MiniOzoneClusterImpl (MiniOzoneClusterImpl.java:lambda$waitForClusterToBeReady$0(240)) - SCM became leader
2021-08-14 01:18:25,580 [IPC Server handler 5 on default port 42979] INFO  net.NetworkTopologyImpl (NetworkTopologyImpl.java:add(112)) - Added a new node: /default-rack/6d4cc11e-0f46-4203-aa45-beb00efbee6b
2021-08-14 01:18:25,580 [IPC Server handler 5 on default port 42979] INFO  node.SCMNodeManager (SCMNodeManager.java:register(390)) - Registered Data node : 6d4cc11e-0f46-4203-aa45-beb00efbee6b{ip: 10.1.0.41, host: fv-az395-768.zfmzfyrfkyou3ow0tsr0jxwq1e.bx.internal.cloudapp.net, ports: [REPLICATION=35319, RATIS=35207, RATIS_ADMIN=35207, RATIS_SERVER=35207, STANDALONE=34229], networkLocation: /default-rack, certSerialId: null, persistedOpState: null, persistedOpStateExpiryEpochSec: 0}
2021-08-14 01:18:25,581 [EventQueue-NewNodeForNewNodeHandler] INFO  pipeline.BackgroundPipelineCreator (BackgroundPipelineCreatorV2.java:notifyEventTriggered(285)) - trigger a one-shot run on RatisPipelineUtilsThread.
2021-08-14 01:18:25,582 [RatisPipelineUtilsThread - 0] INFO  pipeline.RatisPipelineProvider (RatisPipelineProvider.java:lambda$create$0(183)) - Sending CreatePipelineCommand for pipeline:PipelineID=080545db-f263-4919-8338-ffc04936102b to datanode:6d4cc11e-0f46-4203-aa45-beb00efbee6b
2021-08-14 01:18:25,583 [RatisPipelineUtilsThread - 0] INFO  pipeline.PipelineStateManager (PipelineStateManagerV2Impl.java:addPipeline(101)) - Created pipeline Pipeline[ Id: 080545db-f263-4919-8338-ffc04936102b, Nodes: 6d4cc11e-0f46-4203-aa45-beb00efbee6b{ip: 10.1.0.41, host: fv-az395-768.zfmzfyrfkyou3ow0tsr0jxwq1e.bx.internal.cloudapp.net, ports: [REPLICATION=35319, RATIS=35207, RATIS_ADMIN=35207, RATIS_SERVER=35207, STANDALONE=34229], networkLocation: /default-rack, certSerialId: null, persistedOpState: IN_SERVICE, persistedOpStateExpiryEpochSec: 0}, ReplicationConfig: RATIS/ONE, State:ALLOCATED, leaderId:, CreationTimestamp2021-08-14T01:18:25.582Z[Etc/UTC]].
2021-08-14 01:18:26,110 [Command processor thread] INFO  server.RaftServer (RaftServerProxy.java:addNew(95)) - dc1bc205-c656-4131-aeb7-017f2f697be6: addNew group-43D00429D9C4:[dc1bc205-c656-4131-aeb7-017f2f697be6|rpc:10.1.0.41:41989|priority:1] returns group-43D00429D9C4:java.util.concurrent.CompletableFuture@6b76b58[Not completed]
2021-08-14 01:18:26,119 [pool-54-thread-1] INFO  server.RaftServer$Division (RaftServerImpl.java:<init>(181)) - dc1bc205-c656-4131-aeb7-017f2f697be6: new RaftServerImpl for group-43D00429D9C4:[dc1bc205-c656-4131-aeb7-017f2f697be6|rpc:10.1.0.41:41989|priority:1] with ContainerStateMachine:uninitialized
2021-08-14 01:18:26,120 [pool-54-thread-1] INFO  server.RaftServerConfigKeys (ConfUtils.java:logGet(44)) - raft.server.rpc.timeout.min = 5s (custom)
2021-08-14 01:18:26,121 [pool-54-thread-1] INFO  server.RaftServerConfigKeys (ConfUtils.java:logGet(44)) - raft.server.rpc.timeout.max = 5200ms (custom)
2021-08-14 01:18:26,121 [pool-54-thread-1] INFO  server.RaftServerConfigKeys (ConfUtils.java:logGet(44)) - raft.server.rpc.sleep.time = 25ms (default)
2021-08-14 01:18:26,121 [pool-54-thread-1] INFO  server.RaftServerConfigKeys (ConfUtils.java:logGet(44)) - raft.server.rpc.slowness.timeout = 300000ms (custom)
2021-08-14 01:18:26,121 [pool-54-thread-1] INFO  server.RaftServerConfigKeys (ConfUtils.java:logGet(44)) - raft.server.leaderelection.leader.step-down.wait-time = 10s (default)
2021-08-14 01:18:26,121 [pool-54-thread-1] INFO  server.RaftServerConfigKeys (ConfUtils.java:logGet(44)) - raft.server.sleep.deviation.threshold = 300ms (default)
2021-08-14 01:18:26,121 [pool-54-thread-1] INFO  server.RaftServerConfigKeys (ConfUtils.java:logGet(44)) - raft.server.log.appender.install.snapshot.enabled = false (custom)
2021-08-14 01:18:26,121 [pool-54-thread-1] INFO  server.RaftServer$Division (ServerState.java:<init>(105)) - dc1bc205-c656-4131-aeb7-017f2f697be6@group-43D00429D9C4: ConfigurationManager, init=-1: [dc1bc205-c656-4131-aeb7-017f2f697be6|rpc:10.1.0.41:41989|priority:1], old=null, confs=<EMPTY_MAP>
2021-08-14 01:18:26,121 [pool-54-thread-1] INFO  server.RaftServerConfigKeys (ConfUtils.java:logGet(44)) - raft.server.storage.dir = [/home/runner/work/ozone/ozone/hadoop-ozone/integration-test/target/test-dir/MiniOzoneClusterImpl-0159c105-9d83-42dd-92be-307c6655fab4/datanode-0/data/ratis] (custom)
2021-08-14 01:18:26,122 [pool-54-thread-1] INFO  server.RaftServerConfigKeys (ConfUtils.java:logGet(44)) - raft.server.log.corruption.policy = EXCEPTION (default)
2021-08-14 01:18:26,122 [pool-54-thread-1] INFO  server.RaftServerConfigKeys (ConfUtils.java:logGet(44)) - raft.server.storage.free-space.min = 0MB (=0) (default)
2021-08-14 01:18:26,122 [pool-54-thread-1] INFO  storage.RaftStorageDirectory (RaftStorageDirectoryImpl.java:analyzeStorage(135)) - The storage directory /home/runner/work/ozone/ozone/hadoop-ozone/integration-test/target/test-dir/MiniOzoneClusterImpl-0159c105-9d83-42dd-92be-307c6655fab4/datanode-0/data/ratis/ed7a100f-7407-4063-878e-43d00429d9c4 does not exist. Creating ...
2021-08-14 01:18:26,124 [pool-54-thread-1] INFO  storage.RaftStorageDirectory (RaftStorageDirectoryImpl.java:tryLock(230)) - Lock on /home/runner/work/ozone/ozone/hadoop-ozone/integration-test/target/test-dir/MiniOzoneClusterImpl-0159c105-9d83-42dd-92be-307c6655fab4/datanode-0/data/ratis/ed7a100f-7407-4063-878e-43d00429d9c4/in_use.lock acquired by nodename 682@fv-az395-768
2021-08-14 01:18:26,126 [pool-54-thread-1] INFO  storage.RaftStorage (RaftStorageImpl.java:format(89)) - Storage directory /home/runner/work/ozone/ozone/hadoop-ozone/integration-test/target/test-dir/MiniOzoneClusterImpl-0159c105-9d83-42dd-92be-307c6655fab4/datanode-0/data/ratis/ed7a100f-7407-4063-878e-43d00429d9c4 has been successfully formatted.
2021-08-14 01:18:26,130 [Datanode State Machine Thread - 0] WARN  statemachine.StateContext (StateContext.java:execute(621)) - No available thread in pool for past 0 seconds.
2021-08-14 01:18:26,134 [EventQueue-PipelineReportForPipelineReportHandler] INFO  pipeline.PipelineManagerImpl (PipelineManagerImpl.java:openPipeline(283)) - Pipeline Pipeline[ Id: ed7a100f-7407-4063-878e-43d00429d9c4, Nodes: dc1bc205-c656-4131-aeb7-017f2f697be6{ip: 10.1.0.41, host: fv-az395-768.zfmzfyrfkyou3ow0tsr0jxwq1e.bx.internal.cloudapp.net, ports: [REPLICATION=46523, RATIS=41989, RATIS_ADMIN=41989, RATIS_SERVER=41989, STANDALONE=40407], networkLocation: /default-rack, certSerialId: null, persistedOpState: IN_SERVICE, persistedOpStateExpiryEpochSec: 0}, ReplicationConfig: RATIS/ONE, State:ALLOCATED, leaderId:dc1bc205-c656-4131-aeb7-017f2f697be6, CreationTimestamp2021-08-14T01:18:23.141Z[Etc/UTC]] moved to OPEN state
2021-08-14 01:18:26,143 [pool-54-thread-1] INFO  ratis.ContainerStateMachine (ContainerStateMachine.java:loadSnapshot(225)) - group-43D00429D9C4: The snapshot info is null. Setting the last applied indexto:(t:0, i:~)
2021-08-14 01:18:26,143 [EventQueue-OpenPipelineForHealthyPipelineSafeModeRule] INFO  safemode.SCMSafeModeManager (HealthyPipelineSafeModeRule.java:process(124)) - SCM in safe mode. Healthy pipelines reported count is 0, required healthy pipeline reported count is 1
2021-08-14 01:18:26,155 [pool-54-thread-1] INFO  server.RaftServerConfigKeys (ConfUtils.java:logGet(44)) - raft.server.notification.no-leader.timeout = 300000ms (custom)
2021-08-14 01:18:26,156 [pool-54-thread-1] INFO  server.RaftServerConfigKeys (ConfUtils.java:logGet(44)) - raft.server.log.use.memory = false (default)
2021-08-14 01:18:26,156 [pool-54-thread-1] INFO  server.RaftServerConfigKeys (ConfUtils.java:logGet(44)) - raft.server.log.purge.gap = 1000000 (custom)
2021-08-14 01:18:26,156 [pool-54-thread-1] INFO  server.RaftServerConfigKeys (ConfUtils.java:logGet(44)) - raft.server.log.appender.buffer.byte-limit = 33554432 (custom)
2021-08-14 01:18:26,156 [pool-54-thread-1] INFO  server.RaftServerConfigKeys (ConfUtils.java:logGet(44)) - raft.server.log.segment.size.max = 1048576 (custom)
2021-08-14 01:18:26,157 [pool-54-thread-1] INFO  server.RaftServerConfigKeys (ConfUtils.java:logGet(44)) - raft.server.log.segment.cache.num.max = 2 (custom)
2021-08-14 01:18:26,157 [pool-54-thread-1] INFO  server.RaftServerConfigKeys (ConfUtils.java:logGet(44)) - raft.server.log.segment.cache.size.max = 200MB (=209715200) (default)
2021-08-14 01:18:26,158 [pool-54-thread-1] INFO  segmented.SegmentedRaftLogWorker (SegmentedRaftLogWorker.java:<init>(182)) - new dc1bc205-c656-4131-aeb7-017f2f697be6@group-43D00429D9C4-SegmentedRaftLogWorker for RaftStorageImpl:Storage Directory /home/runner/work/ozone/ozone/hadoop-ozone/integration-test/target/test-dir/MiniOzoneClusterImpl-0159c105-9d83-42dd-92be-307c6655fab4/datanode-0/data/ratis/ed7a100f-7407-4063-878e-43d00429d9c4
2021-08-14 01:18:26,158 [pool-54-thread-1] INFO  server.RaftServerConfigKeys (ConfUtils.java:logGet(44)) - raft.server.log.queue.byte-limit = 2147483647 (custom)
2021-08-14 01:18:26,158 [pool-54-thread-1] INFO  server.RaftServerConfigKeys (ConfUtils.java:logGet(44)) - raft.server.log.queue.element-limit = 1024 (custom)
2021-08-14 01:18:26,158 [pool-54-thread-1] INFO  server.RaftServerConfigKeys (ConfUtils.java:logGet(44)) - raft.server.log.segment.size.max = 1048576 (custom)
2021-08-14 01:18:26,158 [pool-54-thread-1] INFO  server.RaftServerConfigKeys (ConfUtils.java:logGet(44)) - raft.server.log.preallocated.size = 16384 (custom)
2021-08-14 01:18:26,158 [pool-54-thread-1] INFO  server.RaftServerConfigKeys (ConfUtils.java:logGet(44)) - raft.server.log.force.sync.num = 128 (default)
2021-08-14 01:18:26,158 [pool-54-thread-1] INFO  server.RaftServerConfigKeys (ConfUtils.java:logGet(44)) - raft.server.log.statemachine.data.sync = true (default)
2021-08-14 01:18:26,158 [pool-54-thread-1] INFO  server.RaftServerConfigKeys (ConfUtils.java:logGet(44)) - raft.server.log.statemachine.data.sync.timeout = 10s (default)
2021-08-14 01:18:26,158 [pool-54-thread-1] INFO  server.RaftServerConfigKeys (ConfUtils.java:logGet(44)) - raft.server.log.statemachine.data.sync.timeout.retry = -1 (default)
2021-08-14 01:18:26,163 [pool-54-thread-1] INFO  server.RaftServerConfigKeys (ConfUtils.java:logGet(44)) - raft.server.log.write.buffer.size = 1048576 (custom)
2021-08-14 01:18:26,164 [pool-54-thread-1] INFO  server.RaftServerConfigKeys (ConfUtils.java:logGet(44)) - raft.server.log.statemachine.data.caching.enabled = true (custom)
2021-08-14 01:18:26,164 [pool-54-thread-1] INFO  segmented.SegmentedRaftLogWorker (SegmentedRaftLogWorker.java:lambda$new$0(133)) - dc1bc205-c656-4131-aeb7-017f2f697be6@group-43D00429D9C4-SegmentedRaftLogWorker: flushIndex: setUnconditionally 0 -> -1
2021-08-14 01:18:26,164 [pool-54-thread-1] INFO  segmented.SegmentedRaftLogWorker (SegmentedRaftLogWorker.java:lambda$new$0(133)) - dc1bc205-c656-4131-aeb7-017f2f697be6@group-43D00429D9C4-SegmentedRaftLogWorker: safeCacheEvictIndex: setUnconditionally 0 -> -1
2021-08-14 01:18:26,165 [pool-54-thread-1] INFO  server.RaftServerConfigKeys (ConfUtils.java:logGet(44)) - raft.server.snapshot.auto.trigger.enabled = true (custom)
2021-08-14 01:18:26,165 [pool-54-thread-1] INFO  server.RaftServerConfigKeys (ConfUtils.java:logGet(44)) - raft.server.snapshot.auto.trigger.threshold = 1 (custom)
2021-08-14 01:18:26,165 [pool-54-thread-1] INFO  server.RaftServerConfigKeys (ConfUtils.java:logGet(44)) - raft.server.snapshot.retention.file.num = 5 (custom)
2021-08-14 01:18:26,165 [pool-54-thread-1] INFO  server.RaftServerConfigKeys (ConfUtils.java:logGet(44)) - raft.server.log.purge.upto.snapshot.index = false (default)
2021-08-14 01:18:26,165 [pool-54-thread-1] INFO  server.RaftServerConfigKeys (ConfUtils.java:logGet(44)) - raft.server.retrycache.expirytime = 600000ms (custom)
2021-08-14 01:18:26,165 [pool-54-thread-1] INFO  server.RaftServerConfigKeys (ConfUtils.java:logGet(44)) - raft.server.retrycache.statistics.expirytime = 100μs (default)
2021-08-14 01:18:26,168 [pool-54-thread-1] INFO  server.RaftServer$Division (RaftServerImpl.java:start(296)) - dc1bc205-c656-4131-aeb7-017f2f697be6@group-43D00429D9C4: start as a follower, conf=-1: [dc1bc205-c656-4131-aeb7-017f2f697be6|rpc:10.1.0.41:41989|priority:1], old=null
2021-08-14 01:18:26,169 [pool-54-thread-1] INFO  server.RaftServer$Division (RaftServerImpl.java:setRole(285)) - dc1bc205-c656-4131-aeb7-017f2f697be6@group-43D00429D9C4: changes role from      null to FOLLOWER at term 0 for startAsFollower
2021-08-14 01:18:26,169 [pool-54-thread-1] INFO  impl.RoleInfo (RoleInfo.java:updateAndGet(130)) - dc1bc205-c656-4131-aeb7-017f2f697be6: start dc1bc205-c656-4131-aeb7-017f2f697be6@group-43D00429D9C4-FollowerState
2021-08-14 01:18:26,171 [pool-54-thread-1] INFO  util.JmxRegister (JmxRegister.java:tryRegister(44)) - Successfully registered JMX Bean with object name Ratis:service=RaftServer,group=group-43D00429D9C4,id=dc1bc205-c656-4131-aeb7-017f2f697be6
2021-08-14 01:18:26,190 [Command processor thread] INFO  ratis.XceiverServerRatis (XceiverServerRatis.java:addGroup(763)) - Created group PipelineID=ed7a100f-7407-4063-878e-43d00429d9c4
2021-08-14 01:18:26,190 [Command processor thread] INFO  commandhandler.CreatePipelineCommandHandler (CreatePipelineCommandHandler.java:handle(106)) - Created Pipeline RATIS ONE PipelineID=ed7a100f-7407-4063-878e-43d00429d9c4.
2021-08-14 01:18:26,190 [Command processor thread] INFO  server.RaftServer (RaftServerProxy.java:addNew(95)) - dc1bc205-c656-4131-aeb7-017f2f697be6: addNew group-E3F05CCC49D8:[dc1bc205-c656-4131-aeb7-017f2f697be6|rpc:10.1.0.41:41989|priority:0, d086c87f-93e9-45d6-b128-13443993bfce|rpc:10.1.0.41:44933|priority:1, 3c589ed3-8908-4216-b526-1467ebcaa331|rpc:10.1.0.41:34563|priority:0] returns group-E3F05CCC49D8:java.util.concurrent.CompletableFuture@58a465bb[Not completed]
2021-08-14 01:18:26,191 [pool-54-thread-1] INFO  server.RaftServer$Division (RaftServerImpl.java:<init>(181)) - dc1bc205-c656-4131-aeb7-017f2f697be6: new RaftServerImpl for group-E3F05CCC49D8:[dc1bc205-c656-4131-aeb7-017f2f697be6|rpc:10.1.0.41:41989|priority:0, d086c87f-93e9-45d6-b128-13443993bfce|rpc:10.1.0.41:44933|priority:1, 3c589ed3-8908-4216-b526-1467ebcaa331|rpc:10.1.0.41:34563|priority:0] with ContainerStateMachine:uninitialized
2021-08-14 01:18:26,192 [pool-54-thread-1] INFO  server.RaftServerConfigKeys (ConfUtils.java:logGet(44)) - raft.server.rpc.timeout.min = 5s (custom)
2021-08-14 01:18:26,192 [pool-54-thread-1] INFO  server.RaftServerConfigKeys (ConfUtils.java:logGet(44)) - raft.server.rpc.timeout.max = 5200ms (custom)
2021-08-14 01:18:26,192 [pool-54-thread-1] INFO  server.RaftServerConfigKeys (ConfUtils.java:logGet(44)) - raft.server.rpc.sleep.time = 25ms (default)
2021-08-14 01:18:26,192 [pool-54-thread-1] INFO  server.RaftServerConfigKeys (ConfUtils.java:logGet(44)) - raft.server.rpc.slowness.timeout = 300000ms (custom)
2021-08-14 01:18:26,192 [pool-54-thread-1] INFO  server.RaftServerConfigKeys (ConfUtils.java:logGet(44)) - raft.server.leaderelection.leader.step-down.wait-time = 10s (default)
2021-08-14 01:18:26,192 [pool-54-thread-1] INFO  server.RaftServerConfigKeys (ConfUtils.java:logGet(44)) - raft.server.sleep.deviation.threshold = 300ms (default)
2021-08-14 01:18:26,192 [pool-54-thread-1] INFO  server.RaftServerConfigKeys (ConfUtils.java:logGet(44)) - raft.server.log.appender.install.snapshot.enabled = false (custom)
2021-08-14 01:18:26,192 [pool-54-thread-1] INFO  server.RaftServer$Division (ServerState.java:<init>(105)) - dc1bc205-c656-4131-aeb7-017f2f697be6@group-E3F05CCC49D8: ConfigurationManager, init=-1: [dc1bc205-c656-4131-aeb7-017f2f697be6|rpc:10.1.0.41:41989|priority:0, d086c87f-93e9-45d6-b128-13443993bfce|rpc:10.1.0.41:44933|priority:1, 3c589ed3-8908-4216-b526-1467ebcaa331|rpc:10.1.0.41:34563|priority:0], old=null, confs=<EMPTY_MAP>
2021-08-14 01:18:26,192 [pool-54-thread-1] INFO  server.RaftServerConfigKeys (ConfUtils.java:logGet(44)) - raft.server.storage.dir = [/home/runner/work/ozone/ozone/hadoop-ozone/integration-test/target/test-dir/MiniOzoneClusterImpl-0159c105-9d83-42dd-92be-307c6655fab4/datanode-0/data/ratis] (custom)
2021-08-14 01:18:26,193 [pool-54-thread-1] INFO  server.RaftServerConfigKeys (ConfUtils.java:logGet(44)) - raft.server.log.corruption.policy = EXCEPTION (default)
2021-08-14 01:18:26,193 [pool-54-thread-1] INFO  server.RaftServerConfigKeys (ConfUtils.java:logGet(44)) - raft.server.storage.free-space.min = 0MB (=0) (default)
2021-08-14 01:18:26,193 [pool-54-thread-1] INFO  storage.RaftStorageDirectory (RaftStorageDirectoryImpl.java:analyzeStorage(135)) - The storage directory /home/runner/work/ozone/ozone/hadoop-ozone/integration-test/target/test-dir/MiniOzoneClusterImpl-0159c105-9d83-42dd-92be-307c6655fab4/datanode-0/data/ratis/8774c666-5cb7-4a7f-a232-e3f05ccc49d8 does not exist. Creating ...
2021-08-14 01:18:26,195 [pool-54-thread-1] INFO  storage.RaftStorageDirectory (RaftStorageDirectoryImpl.java:tryLock(230)) - Lock on /home/runner/work/ozone/ozone/hadoop-ozone/integration-test/target/test-dir/MiniOzoneClusterImpl-0159c105-9d83-42dd-92be-307c6655fab4/datanode-0/data/ratis/8774c666-5cb7-4a7f-a232-e3f05ccc49d8/in_use.lock acquired by nodename 682@fv-az395-768
2021-08-14 01:18:26,196 [pool-54-thread-1] INFO  storage.RaftStorage (RaftStorageImpl.java:format(89)) - Storage directory /home/runner/work/ozone/ozone/hadoop-ozone/integration-test/target/test-dir/MiniOzoneClusterImpl-0159c105-9d83-42dd-92be-307c6655fab4/datanode-0/data/ratis/8774c666-5cb7-4a7f-a232-e3f05ccc49d8 has been successfully formatted.
2021-08-14 01:18:26,197 [pool-54-thread-1] INFO  ratis.ContainerStateMachine (ContainerStateMachine.java:loadSnapshot(225)) - group-E3F05CCC49D8: The snapshot info is null. Setting the last applied indexto:(t:0, i:~)
2021-08-14 01:18:26,197 [pool-54-thread-1] INFO  server.RaftServerConfigKeys (ConfUtils.java:logGet(44)) - raft.server.notification.no-leader.timeout = 300000ms (custom)
2021-08-14 01:18:26,197 [pool-54-thread-1] INFO  server.RaftServerConfigKeys (ConfUtils.java:logGet(44)) - raft.server.log.use.memory = false (default)
2021-08-14 01:18:26,197 [pool-54-thread-1] INFO  server.RaftServerConfigKeys (ConfUtils.java:logGet(44)) - raft.server.log.purge.gap = 1000000 (custom)
2021-08-14 01:18:26,197 [Datanode State Machine Thread - 0] WARN  statemachine.StateContext (StateContext.java:execute(621)) - No available thread in pool for past 0 seconds.
2021-08-14 01:18:26,199 [pool-54-thread-1] INFO  server.RaftServerConfigKeys (ConfUtils.java:logGet(44)) - raft.server.log.appender.buffer.byte-limit = 33554432 (custom)
2021-08-14 01:18:26,200 [EventQueue-OpenPipelineForHealthyPipelineSafeModeRule] INFO  safemode.SCMSafeModeManager (HealthyPipelineSafeModeRule.java:process(124)) - SCM in safe mode. Healthy pipelines reported count is 0, required healthy pipeline reported count is 1
2021-08-14 01:18:26,200 [pool-54-thread-1] INFO  server.RaftServerConfigKeys (ConfUtils.java:logGet(44)) - raft.server.log.segment.size.max = 1048576 (custom)
2021-08-14 01:18:26,202 [pool-54-thread-1] INFO  server.RaftServerConfigKeys (ConfUtils.java:logGet(44)) - raft.server.log.segment.cache.num.max = 2 (custom)
2021-08-14 01:18:26,204 [pool-54-thread-1] INFO  server.RaftServerConfigKeys (ConfUtils.java:logGet(44)) - raft.server.log.segment.cache.size.max = 200MB (=209715200) (default)
2021-08-14 01:18:26,204 [pool-54-thread-1] INFO  segmented.SegmentedRaftLogWorker (SegmentedRaftLogWorker.java:<init>(182)) - new dc1bc205-c656-4131-aeb7-017f2f697be6@group-E3F05CCC49D8-SegmentedRaftLogWorker for RaftStorageImpl:Storage Directory /home/runner/work/ozone/ozone/hadoop-ozone/integration-test/target/test-dir/MiniOzoneClusterImpl-0159c105-9d83-42dd-92be-307c6655fab4/datanode-0/data/ratis/8774c666-5cb7-4a7f-a232-e3f05ccc49d8
2021-08-14 01:18:26,204 [pool-54-thread-1] INFO  server.RaftServerConfigKeys (ConfUtils.java:logGet(44)) - raft.server.log.queue.byte-limit = 2147483647 (custom)
2021-08-14 01:18:26,204 [pool-54-thread-1] INFO  server.RaftServerConfigKeys (ConfUtils.java:logGet(44)) - raft.server.log.queue.element-limit = 1024 (custom)
2021-08-14 01:18:26,204 [pool-54-thread-1] INFO  server.RaftServerConfigKeys (ConfUtils.java:logGet(44)) - raft.server.log.segment.size.max = 1048576 (custom)
2021-08-14 01:18:26,205 [pool-54-thread-1] INFO  server.RaftServerConfigKeys (ConfUtils.java:logGet(44)) - raft.server.log.preallocated.size = 16384 (custom)
2021-08-14 01:18:26,205 [pool-54-thread-1] INFO  server.RaftServerConfigKeys (ConfUtils.java:logGet(44)) - raft.server.log.force.sync.num = 128 (default)
2021-08-14 01:18:26,205 [pool-54-thread-1] INFO  server.RaftServerConfigKeys (ConfUtils.java:logGet(44)) - raft.server.log.statemachine.data.sync = true (default)
2021-08-14 01:18:26,205 [pool-54-thread-1] INFO  server.RaftServerConfigKeys (ConfUtils.java:logGet(44)) - raft.server.log.statemachine.data.sync.timeout = 10s (default)
2021-08-14 01:18:26,205 [pool-54-thread-1] INFO  server.RaftServerConfigKeys (ConfUtils.java:logGet(44)) - raft.server.log.statemachine.data.sync.timeout.retry = -1 (default)
2021-08-14 01:18:26,209 [pool-54-thread-1] INFO  server.RaftServerConfigKeys (ConfUtils.java:logGet(44)) - raft.server.log.write.buffer.size = 1048576 (custom)
2021-08-14 01:18:26,209 [pool-54-thread-1] INFO  server.RaftServerConfigKeys (ConfUtils.java:logGet(44)) - raft.server.log.statemachine.data.caching.enabled = true (custom)
2021-08-14 01:18:26,215 [pool-54-thread-1] INFO  segmented.SegmentedRaftLogWorker (SegmentedRaftLogWorker.java:lambda$new$0(133)) - dc1bc205-c656-4131-aeb7-017f2f697be6@group-E3F05CCC49D8-SegmentedRaftLogWorker: flushIndex: setUnconditionally 0 -> -1
2021-08-14 01:18:26,215 [pool-54-thread-1] INFO  segmented.SegmentedRaftLogWorker (SegmentedRaftLogWorker.java:lambda$new$0(133)) - dc1bc205-c656-4131-aeb7-017f2f697be6@group-E3F05CCC49D8-SegmentedRaftLogWorker: safeCacheEvictIndex: setUnconditionally 0 -> -1
2021-08-14 01:18:26,215 [pool-54-thread-1] INFO  server.RaftServerConfigKeys (ConfUtils.java:logGet(44)) - raft.server.snapshot.auto.trigger.enabled = true (custom)
2021-08-14 01:18:26,215 [pool-54-thread-1] INFO  server.RaftServerConfigKeys (ConfUtils.java:logGet(44)) - raft.server.snapshot.auto.trigger.threshold = 1 (custom)
2021-08-14 01:18:26,215 [pool-54-thread-1] INFO  server.RaftServerConfigKeys (ConfUtils.java:logGet(44)) - raft.server.snapshot.retention.file.num = 5 (custom)
2021-08-14 01:18:26,215 [pool-54-thread-1] INFO  server.RaftServerConfigKeys (ConfUtils.java:logGet(44)) - raft.server.log.purge.upto.snapshot.index = false (default)
2021-08-14 01:18:26,215 [pool-54-thread-1] INFO  server.RaftServerConfigKeys (ConfUtils.java:logGet(44)) - raft.server.retrycache.expirytime = 600000ms (custom)
2021-08-14 01:18:26,215 [pool-54-thread-1] INFO  server.RaftServerConfigKeys (ConfUtils.java:logGet(44)) - raft.server.retrycache.statistics.expirytime = 100μs (default)
2021-08-14 01:18:26,219 [pool-54-thread-1] INFO  server.RaftServer$Division (RaftServerImpl.java:start(296)) - dc1bc205-c656-4131-aeb7-017f2f697be6@group-E3F05CCC49D8: start as a follower, conf=-1: [dc1bc205-c656-4131-aeb7-017f2f697be6|rpc:10.1.0.41:41989|priority:0, d086c87f-93e9-45d6-b128-13443993bfce|rpc:10.1.0.41:44933|priority:1, 3c589ed3-8908-4216-b526-1467ebcaa331|rpc:10.1.0.41:34563|priority:0], old=null
2021-08-14 01:18:26,219 [pool-54-thread-1] INFO  server.RaftServer$Division (RaftServerImpl.java:setRole(285)) - dc1bc205-c656-4131-aeb7-017f2f697be6@group-E3F05CCC49D8: changes role from      null to FOLLOWER at term 0 for startAsFollower
2021-08-14 01:18:26,219 [pool-54-thread-1] INFO  impl.RoleInfo (RoleInfo.java:updateAndGet(130)) - dc1bc205-c656-4131-aeb7-017f2f697be6: start dc1bc205-c656-4131-aeb7-017f2f697be6@group-E3F05CCC49D8-FollowerState
2021-08-14 01:18:26,219 [pool-54-thread-1] INFO  util.JmxRegister (JmxRegister.java:tryRegister(44)) - Successfully registered JMX Bean with object name Ratis:service=RaftServer,group=group-E3F05CCC49D8,id=dc1bc205-c656-4131-aeb7-017f2f697be6
2021-08-14 01:18:26,221 [Command processor thread] INFO  ratis.XceiverServerRatis (XceiverServerRatis.java:addGroup(763)) - Created group PipelineID=8774c666-5cb7-4a7f-a232-e3f05ccc49d8
2021-08-14 01:18:26,401 [EventQueue-OpenPipelineForHealthyPipelineSafeModeRule] INFO  safemode.SCMSafeModeManager (HealthyPipelineSafeModeRule.java:process(124)) - SCM in safe mode. Healthy pipelines reported count is 0, required healthy pipeline reported count is 1
2021-08-14 01:18:26,575 [Listener at 127.0.0.1/43663] INFO  ozone.MiniOzoneClusterImpl (MiniOzoneClusterImpl.java:lambda$waitForClusterToBeReady$0(235)) - Nodes are ready. Got 10 of 10 DN Heartbeats.
2021-08-14 01:18:26,575 [Listener at 127.0.0.1/43663] INFO  ozone.MiniOzoneClusterImpl (MiniOzoneClusterImpl.java:lambda$waitForClusterToBeReady$0(238)) - Waiting for cluster to exit safe mode
2021-08-14 01:18:26,576 [Listener at 127.0.0.1/43663] INFO  ozone.MiniOzoneClusterImpl (MiniOzoneClusterImpl.java:lambda$waitForClusterToBeReady$0(240)) - SCM became leader
2021-08-14 01:18:26,587 [grpc-default-executor-0] INFO  server.RaftServer (RaftServerProxy.java:addNew(95)) - 3c589ed3-8908-4216-b526-1467ebcaa331: addNew group-E3F05CCC49D8:[dc1bc205-c656-4131-aeb7-017f2f697be6|rpc:10.1.0.41:41989|dataStream:|priority:0, d086c87f-93e9-45d6-b128-13443993bfce|rpc:10.1.0.41:44933|dataStream:|priority:1, 3c589ed3-8908-4216-b526-1467ebcaa331|rpc:10.1.0.41:34563|dataStream:|priority:0] returns group-E3F05CCC49D8:java.util.concurrent.CompletableFuture@6d69530[Not completed]
2021-08-14 01:18:26,593 [Command processor thread] INFO  server.RaftServer (RaftServerProxy.java:addNew(95)) - d086c87f-93e9-45d6-b128-13443993bfce: addNew group-D27F5748A814:[d086c87f-93e9-45d6-b128-13443993bfce|rpc:10.1.0.41:44933|priority:1] returns group-D27F5748A814:java.util.concurrent.CompletableFuture@24043267[Not completed]
2021-08-14 01:18:26,594 [pool-92-thread-1] INFO  server.RaftServer$Division (RaftServerImpl.java:<init>(181)) - 3c589ed3-8908-4216-b526-1467ebcaa331: new RaftServerImpl for group-E3F05CCC49D8:[dc1bc205-c656-4131-aeb7-017f2f697be6|rpc:10.1.0.41:41989|dataStream:|priority:0, d086c87f-93e9-45d6-b128-13443993bfce|rpc:10.1.0.41:44933|dataStream:|priority:1, 3c589ed3-8908-4216-b526-1467ebcaa331|rpc:10.1.0.41:34563|dataStream:|priority:0] with ContainerStateMachine:uninitialized
2021-08-14 01:18:26,596 [pool-92-thread-1] INFO  server.RaftServerConfigKeys (ConfUtils.java:logGet(44)) - raft.server.rpc.timeout.min = 5s (custom)
2021-08-14 01:18:26,596 [pool-92-thread-1] INFO  server.RaftServerConfigKeys (ConfUtils.java:logGet(44)) - raft.server.rpc.timeout.max = 5200ms (custom)
2021-08-14 01:18:26,596 [pool-92-thread-1] INFO  server.RaftServerConfigKeys (ConfUtils.java:logGet(44)) - raft.server.rpc.sleep.time = 25ms (default)
2021-08-14 01:18:26,596 [pool-92-thread-1] INFO  server.RaftServerConfigKeys (ConfUtils.java:logGet(44)) - raft.server.rpc.slowness.timeout = 300000ms (custom)
2021-08-14 01:18:26,596 [pool-92-thread-1] INFO  server.RaftServerConfigKeys (ConfUtils.java:logGet(44)) - raft.server.leaderelection.leader.step-down.wait-time = 10s (default)
2021-08-14 01:18:26,597 [pool-92-thread-1] INFO  server.RaftServerConfigKeys (ConfUtils.java:logGet(44)) - raft.server.sleep.deviation.threshold = 300ms (default)
2021-08-14 01:18:26,598 [pool-92-thread-1] INFO  server.RaftServerConfigKeys (ConfUtils.java:logGet(44)) - raft.server.log.appender.install.snapshot.enabled = false (custom)
2021-08-14 01:18:26,598 [pool-92-thread-1] INFO  server.RaftServer$Division (ServerState.java:<init>(105)) - 3c589ed3-8908-4216-b526-1467ebcaa331@group-E3F05CCC49D8: ConfigurationManager, init=-1: [dc1bc205-c656-4131-aeb7-017f2f697be6|rpc:10.1.0.41:41989|dataStream:|priority:0, d086c87f-93e9-45d6-b128-13443993bfce|rpc:10.1.0.41:44933|dataStream:|priority:1, 3c589ed3-8908-4216-b526-1467ebcaa331|rpc:10.1.0.41:34563|dataStream:|priority:0], old=null, confs=<EMPTY_MAP>
2021-08-14 01:18:26,598 [pool-92-thread-1] INFO  server.RaftServerConfigKeys (ConfUtils.java:logGet(44)) - raft.server.storage.dir = [/home/runner/work/ozone/ozone/hadoop-ozone/integration-test/target/test-dir/MiniOzoneClusterImpl-0159c105-9d83-42dd-92be-307c6655fab4/datanode-2/data/ratis] (custom)
2021-08-14 01:18:26,598 [pool-92-thread-1] INFO  server.RaftServerConfigKeys (ConfUtils.java:logGet(44)) - raft.server.log.corruption.policy = EXCEPTION (default)
2021-08-14 01:18:26,598 [pool-92-thread-1] INFO  server.RaftServerConfigKeys (ConfUtils.java:logGet(44)) - raft.server.storage.free-space.min = 0MB (=0) (default)
2021-08-14 01:18:26,598 [pool-92-thread-1] INFO  storage.RaftStorageDirectory (RaftStorageDirectoryImpl.java:analyzeStorage(135)) - The storage directory /home/runner/work/ozone/ozone/hadoop-ozone/integration-test/target/test-dir/MiniOzoneClusterImpl-0159c105-9d83-42dd-92be-307c6655fab4/datanode-2/data/ratis/8774c666-5cb7-4a7f-a232-e3f05ccc49d8 does not exist. Creating ...
2021-08-14 01:18:26,599 [pool-73-thread-1] INFO  server.RaftServer$Division (RaftServerImpl.java:<init>(181)) - d086c87f-93e9-45d6-b128-13443993bfce: new RaftServerImpl for group-D27F5748A814:[d086c87f-93e9-45d6-b128-13443993bfce|rpc:10.1.0.41:44933|priority:1] with ContainerStateMachine:uninitialized
2021-08-14 01:18:26,599 [pool-73-thread-1] INFO  server.RaftServerConfigKeys (ConfUtils.java:logGet(44)) - raft.server.rpc.timeout.min = 5s (custom)
2021-08-14 01:18:26,599 [pool-73-thread-1] INFO  server.RaftServerConfigKeys (ConfUtils.java:logGet(44)) - raft.server.rpc.timeout.max = 5200ms (custom)
2021-08-14 01:18:26,599 [pool-73-thread-1] INFO  server.RaftServerConfigKeys (ConfUtils.java:logGet(44)) - raft.server.rpc.sleep.time = 25ms (default)
2021-08-14 01:18:26,599 [pool-73-thread-1] INFO  server.RaftServerConfigKeys (ConfUtils.java:logGet(44)) - raft.server.rpc.slowness.timeout = 300000ms (custom)
2021-08-14 01:18:26,600 [pool-73-thread-1] INFO  server.RaftServerConfigKeys (ConfUtils.java:logGet(44)) - raft.server.leaderelection.leader.step-down.wait-time = 10s (default)
2021-08-14 01:18:26,600 [pool-73-thread-1] INFO  server.RaftServerConfigKeys (ConfUtils.java:logGet(44)) - raft.server.sleep.deviation.threshold = 300ms (default)
2021-08-14 01:18:26,600 [pool-73-thread-1] INFO  server.RaftServerConfigKeys (ConfUtils.java:logGet(44)) - raft.server.log.appender.install.snapshot.enabled = false (custom)
2021-08-14 01:18:26,600 [pool-73-thread-1] INFO  server.RaftServer$Division (ServerState.java:<init>(105)) - d086c87f-93e9-45d6-b128-13443993bfce@group-D27F5748A814: ConfigurationManager, init=-1: [d086c87f-93e9-45d6-b128-13443993bfce|rpc:10.1.0.41:44933|priority:1], old=null, confs=<EMPTY_MAP>
2021-08-14 01:18:26,600 [pool-73-thread-1] INFO  server.RaftServerConfigKeys (ConfUtils.java:logGet(44)) - raft.server.storage.dir = [/home/runner/work/ozone/ozone/hadoop-ozone/integration-test/target/test-dir/MiniOzoneClusterImpl-0159c105-9d83-42dd-92be-307c6655fab4/datanode-1/data/ratis] (custom)
2021-08-14 01:18:26,600 [pool-73-thread-1] INFO  server.RaftServerConfigKeys (ConfUtils.java:logGet(44)) - raft.server.log.corruption.policy = EXCEPTION (default)
2021-08-14 01:18:26,600 [pool-73-thread-1] INFO  server.RaftServerConfigKeys (ConfUtils.java:logGet(44)) - raft.server.storage.free-space.min = 0MB (=0) (default)
2021-08-14 01:18:26,600 [pool-73-thread-1] INFO  storage.RaftStorageDirectory (RaftStorageDirectoryImpl.java:analyzeStorage(135)) - The storage directory /home/runner/work/ozone/ozone/hadoop-ozone/integration-test/target/test-dir/MiniOzoneClusterImpl-0159c105-9d83-42dd-92be-307c6655fab4/datanode-1/data/ratis/90a3e0fb-746b-4933-bed7-d27f5748a814 does not exist. Creating ...
2021-08-14 01:18:26,601 [pool-92-thread-1] INFO  storage.RaftStorageDirectory (RaftStorageDirectoryImpl.java:tryLock(230)) - Lock on /home/runner/work/ozone/ozone/hadoop-ozone/integration-test/target/test-dir/MiniOzoneClusterImpl-0159c105-9d83-42dd-92be-307c6655fab4/datanode-2/data/ratis/8774c666-5cb7-4a7f-a232-e3f05ccc49d8/in_use.lock acquired by nodename 682@fv-az395-768
2021-08-14 01:18:26,602 [pool-92-thread-1] INFO  storage.RaftStorage (RaftStorageImpl.java:format(89)) - Storage directory /home/runner/work/ozone/ozone/hadoop-ozone/integration-test/target/test-dir/MiniOzoneClusterImpl-0159c105-9d83-42dd-92be-307c6655fab4/datanode-2/data/ratis/8774c666-5cb7-4a7f-a232-e3f05ccc49d8 has been successfully formatted.
2021-08-14 01:18:26,603 [pool-73-thread-1] INFO  storage.RaftStorageDirectory (RaftStorageDirectoryImpl.java:tryLock(230)) - Lock on /home/runner/work/ozone/ozone/hadoop-ozone/integration-test/target/test-dir/MiniOzoneClusterImpl-0159c105-9d83-42dd-92be-307c6655fab4/datanode-1/data/ratis/90a3e0fb-746b-4933-bed7-d27f5748a814/in_use.lock acquired by nodename 682@fv-az395-768
2021-08-14 01:18:26,605 [Datanode State Machine Thread - 0] WARN  statemachine.StateContext (StateContext.java:execute(621)) - No available thread in pool for past 0 seconds.
2021-08-14 01:18:26,603 [pool-92-thread-1] INFO  ratis.ContainerStateMachine (ContainerStateMachine.java:loadSnapshot(225)) - group-E3F05CCC49D8: The snapshot info is null. Setting the last applied indexto:(t:0, i:~)
2021-08-14 01:18:26,607 [pool-92-thread-1] INFO  server.RaftServerConfigKeys (ConfUtils.java:logGet(44)) - raft.server.notification.no-leader.timeout = 300000ms (custom)
2021-08-14 01:18:26,607 [pool-92-thread-1] INFO  server.RaftServerConfigKeys (ConfUtils.java:logGet(44)) - raft.server.log.use.memory = false (default)
2021-08-14 01:18:26,607 [pool-92-thread-1] INFO  server.RaftServerConfigKeys (ConfUtils.java:logGet(44)) - raft.server.log.purge.gap = 1000000 (custom)
2021-08-14 01:18:26,607 [pool-92-thread-1] INFO  server.RaftServerConfigKeys (ConfUtils.java:logGet(44)) - raft.server.log.appender.buffer.byte-limit = 33554432 (custom)
2021-08-14 01:18:26,607 [pool-92-thread-1] INFO  server.RaftServerConfigKeys (ConfUtils.java:logGet(44)) - raft.server.log.segment.size.max = 1048576 (custom)
2021-08-14 01:18:26,608 [pool-73-thread-1] INFO  storage.RaftStorage (RaftStorageImpl.java:format(89)) - Storage directory /home/runner/work/ozone/ozone/hadoop-ozone/integration-test/target/test-dir/MiniOzoneClusterImpl-0159c105-9d83-42dd-92be-307c6655fab4/datanode-1/data/ratis/90a3e0fb-746b-4933-bed7-d27f5748a814 has been successfully formatted.
2021-08-14 01:18:26,609 [pool-92-thread-1] INFO  server.RaftServerConfigKeys (ConfUtils.java:logGet(44)) - raft.server.log.segment.cache.num.max = 2 (custom)
2021-08-14 01:18:26,610 [pool-92-thread-1] INFO  server.RaftServerConfigKeys (ConfUtils.java:logGet(44)) - raft.server.log.segment.cache.size.max = 200MB (=209715200) (default)
2021-08-14 01:18:26,610 [pool-92-thread-1] INFO  segmented.SegmentedRaftLogWorker (SegmentedRaftLogWorker.java:<init>(182)) - new 3c589ed3-8908-4216-b526-1467ebcaa331@group-E3F05CCC49D8-SegmentedRaftLogWorker for RaftStorageImpl:Storage Directory /home/runner/work/ozone/ozone/hadoop-ozone/integration-test/target/test-dir/MiniOzoneClusterImpl-0159c105-9d83-42dd-92be-307c6655fab4/datanode-2/data/ratis/8774c666-5cb7-4a7f-a232-e3f05ccc49d8
2021-08-14 01:18:26,610 [pool-92-thread-1] INFO  server.RaftServerConfigKeys (ConfUtils.java:logGet(44)) - raft.server.log.queue.byte-limit = 2147483647 (custom)
2021-08-14 01:18:26,610 [pool-92-thread-1] INFO  server.RaftServerConfigKeys (ConfUtils.java:logGet(44)) - raft.server.log.queue.element-limit = 1024 (custom)
2021-08-14 01:18:26,610 [pool-92-thread-1] INFO  server.RaftServerConfigKeys (ConfUtils.java:logGet(44)) - raft.server.log.segment.size.max = 1048576 (custom)
2021-08-14 01:18:26,610 [pool-92-thread-1] INFO  server.RaftServerConfigKeys (ConfUtils.java:logGet(44)) - raft.server.log.preallocated.size = 16384 (custom)
2021-08-14 01:18:26,610 [pool-92-thread-1] INFO  server.RaftServerConfigKeys (ConfUtils.java:logGet(44)) - raft.server.log.force.sync.num = 128 (default)
2021-08-14 01:18:26,612 [pool-92-thread-1] INFO  server.RaftServerConfigKeys (ConfUtils.java:logGet(44)) - raft.server.log.statemachine.data.sync = true (default)
2021-08-14 01:18:26,611 [EventQueue-PipelineReportForPipelineReportHandler] INFO  pipeline.PipelineManagerImpl (PipelineManagerImpl.java:openPipeline(283)) - Pipeline Pipeline[ Id: 90a3e0fb-746b-4933-bed7-d27f5748a814, Nodes: d086c87f-93e9-45d6-b128-13443993bfce{ip: 10.1.0.41, host: fv-az395-768.zfmzfyrfkyou3ow0tsr0jxwq1e.bx.internal.cloudapp.net, ports: [REPLICATION=39961, RATIS=44933, RATIS_ADMIN=44933, RATIS_SERVER=44933, STANDALONE=40627], networkLocation: /default-rack, certSerialId: null, persistedOpState: IN_SERVICE, persistedOpStateExpiryEpochSec: 0}, ReplicationConfig: RATIS/ONE, State:ALLOCATED, leaderId:d086c87f-93e9-45d6-b128-13443993bfce, CreationTimestamp2021-08-14T01:18:23.602Z[Etc/UTC]] moved to OPEN state
2021-08-14 01:18:26,611 [pool-73-thread-1] INFO  ratis.ContainerStateMachine (ContainerStateMachine.java:loadSnapshot(225)) - group-D27F5748A814: The snapshot info is null. Setting the last applied indexto:(t:0, i:~)
2021-08-14 01:18:26,619 [pool-92-thread-1] INFO  server.RaftServerConfigKeys (ConfUtils.java:logGet(44)) - raft.server.log.statemachine.data.sync.timeout = 10s (default)
2021-08-14 01:18:26,619 [EventQueue-OpenPipelineForHealthyPipelineSafeModeRule] INFO  safemode.SCMSafeModeManager (HealthyPipelineSafeModeRule.java:process(124)) - SCM in safe mode. Healthy pipelines reported count is 0, required healthy pipeline reported count is 1
2021-08-14 01:18:26,619 [pool-73-thread-1] INFO  server.RaftServerConfigKeys (ConfUtils.java:logGet(44)) - raft.server.notification.no-leader.timeout = 300000ms (custom)
2021-08-14 01:18:26,620 [pool-73-thread-1] INFO  server.RaftServerConfigKeys (ConfUtils.java:logGet(44)) - raft.server.log.use.memory = false (default)
2021-08-14 01:18:26,620 [pool-92-thread-1] INFO  server.RaftServerConfigKeys (ConfUtils.java:logGet(44)) - raft.server.log.statemachine.data.sync.timeout.retry = -1 (default)
2021-08-14 01:18:26,620 [pool-73-thread-1] INFO  server.RaftServerConfigKeys (ConfUtils.java:logGet(44)) - raft.server.log.purge.gap = 1000000 (custom)
2021-08-14 01:18:26,620 [pool-73-thread-1] INFO  server.RaftServerConfigKeys (ConfUtils.java:logGet(44)) - raft.server.log.appender.buffer.byte-limit = 33554432 (custom)
2021-08-14 01:18:26,621 [pool-73-thread-1] INFO  server.RaftServerConfigKeys (ConfUtils.java:logGet(44)) - raft.server.log.segment.size.max = 1048576 (custom)
2021-08-14 01:18:26,627 [pool-73-thread-1] INFO  server.RaftServerConfigKeys (ConfUtils.java:logGet(44)) - raft.server.log.segment.cache.num.max = 2 (custom)
2021-08-14 01:18:26,627 [pool-73-thread-1] INFO  server.RaftServerConfigKeys (ConfUtils.java:logGet(44)) - raft.server.log.segment.cache.size.max = 200MB (=209715200) (default)
2021-08-14 01:18:26,627 [pool-73-thread-1] INFO  segmented.SegmentedRaftLogWorker (SegmentedRaftLogWorker.java:<init>(182)) - new d086c87f-93e9-45d6-b128-13443993bfce@group-D27F5748A814-SegmentedRaftLogWorker for RaftStorageImpl:Storage Directory /home/runner/work/ozone/ozone/hadoop-ozone/integration-test/target/test-dir/MiniOzoneClusterImpl-0159c105-9d83-42dd-92be-307c6655fab4/datanode-1/data/ratis/90a3e0fb-746b-4933-bed7-d27f5748a814
2021-08-14 01:18:26,627 [pool-73-thread-1] INFO  server.RaftServerConfigKeys (ConfUtils.java:logGet(44)) - raft.server.log.queue.byte-limit = 2147483647 (custom)
2021-08-14 01:18:26,628 [pool-73-thread-1] INFO  server.RaftServerConfigKeys (ConfUtils.java:logGet(44)) - raft.server.log.queue.element-limit = 1024 (custom)
2021-08-14 01:18:26,628 [pool-73-thread-1] INFO  server.RaftServerConfigKeys (ConfUtils.java:logGet(44)) - raft.server.log.segment.size.max = 1048576 (custom)
2021-08-14 01:18:26,628 [pool-73-thread-1] INFO  server.RaftServerConfigKeys (ConfUtils.java:logGet(44)) - raft.server.log.preallocated.size = 16384 (custom)
2021-08-14 01:18:26,628 [pool-73-thread-1] INFO  server.RaftServerConfigKeys (ConfUtils.java:logGet(44)) - raft.server.log.force.sync.num = 128 (default)
2021-08-14 01:18:26,628 [pool-73-thread-1] INFO  server.RaftServerConfigKeys (ConfUtils.java:logGet(44)) - raft.server.log.statemachine.data.sync = true (default)
2021-08-14 01:18:26,628 [pool-73-thread-1] INFO  server.RaftServerConfigKeys (ConfUtils.java:logGet(44)) - raft.server.log.statemachine.data.sync.timeout = 10s (default)
2021-08-14 01:18:26,628 [pool-73-thread-1] INFO  server.RaftServerConfigKeys (ConfUtils.java:logGet(44)) - raft.server.log.statemachine.data.sync.timeout.retry = -1 (default)
2021-08-14 01:18:26,628 [pool-92-thread-1] INFO  server.RaftServerConfigKeys (ConfUtils.java:logGet(44)) - raft.server.log.write.buffer.size = 1048576 (custom)
2021-08-14 01:18:26,628 [pool-92-thread-1] INFO  server.RaftServerConfigKeys (ConfUtils.java:logGet(44)) - raft.server.log.statemachine.data.caching.enabled = true (custom)
2021-08-14 01:18:26,629 [pool-92-thread-1] INFO  segmented.SegmentedRaftLogWorker (SegmentedRaftLogWorker.java:lambda$new$0(133)) - 3c589ed3-8908-4216-b526-1467ebcaa331@group-E3F05CCC49D8-SegmentedRaftLogWorker: flushIndex: setUnconditionally 0 -> -1
2021-08-14 01:18:26,629 [pool-92-thread-1] INFO  segmented.SegmentedRaftLogWorker (SegmentedRaftLogWorker.java:lambda$new$0(133)) - 3c589ed3-8908-4216-b526-1467ebcaa331@group-E3F05CCC49D8-SegmentedRaftLogWorker: safeCacheEvictIndex: setUnconditionally 0 -> -1
2021-08-14 01:18:26,630 [pool-73-thread-1] INFO  server.RaftServerConfigKeys (ConfUtils.java:logGet(44)) - raft.server.log.write.buffer.size = 1048576 (custom)
2021-08-14 01:18:26,631 [pool-73-thread-1] INFO  server.RaftServerConfigKeys (ConfUtils.java:logGet(44)) - raft.server.log.statemachine.data.caching.enabled = true (custom)
2021-08-14 01:18:26,632 [pool-73-thread-1] INFO  segmented.SegmentedRaftLogWorker (SegmentedRaftLogWorker.java:lambda$new$0(133)) - d086c87f-93e9-45d6-b128-13443993bfce@group-D27F5748A814-SegmentedRaftLogWorker: flushIndex: setUnconditionally 0 -> -1
2021-08-14 01:18:26,632 [pool-73-thread-1] INFO  segmented.SegmentedRaftLogWorker (SegmentedRaftLogWorker.java:lambda$new$0(133)) - d086c87f-93e9-45d6-b128-13443993bfce@group-D27F5748A814-SegmentedRaftLogWorker: safeCacheEvictIndex: setUnconditionally 0 -> -1
2021-08-14 01:18:26,635 [pool-92-thread-1] INFO  server.RaftServerConfigKeys (ConfUtils.java:logGet(44)) - raft.server.snapshot.auto.trigger.enabled = true (custom)
2021-08-14 01:18:26,635 [pool-92-thread-1] INFO  server.RaftServerConfigKeys (ConfUtils.java:logGet(44)) - raft.server.snapshot.auto.trigger.threshold = 1 (custom)
2021-08-14 01:18:26,635 [pool-92-thread-1] INFO  server.RaftServerConfigKeys (ConfUtils.java:logGet(44)) - raft.server.snapshot.retention.file.num = 5 (custom)
2021-08-14 01:18:26,635 [pool-92-thread-1] INFO  server.RaftServerConfigKeys (ConfUtils.java:logGet(44)) - raft.server.log.purge.upto.snapshot.index = false (default)
2021-08-14 01:18:26,643 [pool-92-thread-1] INFO  server.RaftServerConfigKeys (ConfUtils.java:logGet(44)) - raft.server.retrycache.expirytime = 600000ms (custom)
2021-08-14 01:18:26,643 [pool-92-thread-1] INFO  server.RaftServerConfigKeys (ConfUtils.java:logGet(44)) - raft.server.retrycache.statistics.expirytime = 100μs (default)
2021-08-14 01:18:26,643 [pool-73-thread-1] INFO  server.RaftServerConfigKeys (ConfUtils.java:logGet(44)) - raft.server.snapshot.auto.trigger.enabled = true (custom)
2021-08-14 01:18:26,643 [pool-73-thread-1] INFO  server.RaftServerConfigKeys (ConfUtils.java:logGet(44)) - raft.server.snapshot.auto.trigger.threshold = 1 (custom)
2021-08-14 01:18:26,643 [pool-73-thread-1] INFO  server.RaftServerConfigKeys (ConfUtils.java:logGet(44)) - raft.server.snapshot.retention.file.num = 5 (custom)
2021-08-14 01:18:26,643 [pool-73-thread-1] INFO  server.RaftServerConfigKeys (ConfUtils.java:logGet(44)) - raft.server.log.purge.upto.snapshot.index = false (default)
2021-08-14 01:18:26,643 [pool-73-thread-1] INFO  server.RaftServerConfigKeys (ConfUtils.java:logGet(44)) - raft.server.retrycache.expirytime = 600000ms (custom)
2021-08-14 01:18:26,643 [pool-73-thread-1] INFO  server.RaftServerConfigKeys (ConfUtils.java:logGet(44)) - raft.server.retrycache.statistics.expirytime = 100μs (default)
2021-08-14 01:18:26,646 [pool-92-thread-1] INFO  server.RaftServer$Division (RaftServerImpl.java:start(296)) - 3c589ed3-8908-4216-b526-1467ebcaa331@group-E3F05CCC49D8: start as a follower, conf=-1: [dc1bc205-c656-4131-aeb7-017f2f697be6|rpc:10.1.0.41:41989|dataStream:|priority:0, d086c87f-93e9-45d6-b128-13443993bfce|rpc:10.1.0.41:44933|dataStream:|priority:1, 3c589ed3-8908-4216-b526-1467ebcaa331|rpc:10.1.0.41:34563|dataStream:|priority:0], old=null
2021-08-14 01:18:26,646 [pool-92-thread-1] INFO  server.RaftServer$Division (RaftServerImpl.java:setRole(285)) - 3c589ed3-8908-4216-b526-1467ebcaa331@group-E3F05CCC49D8: changes role from      null to FOLLOWER at term 0 for startAsFollower
2021-08-14 01:18:26,646 [pool-92-thread-1] INFO  impl.RoleInfo (RoleInfo.java:updateAndGet(130)) - 3c589ed3-8908-4216-b526-1467ebcaa331: start 3c589ed3-8908-4216-b526-1467ebcaa331@group-E3F05CCC49D8-FollowerState
2021-08-14 01:18:26,646 [pool-73-thread-1] INFO  server.RaftServer$Division (RaftServerImpl.java:start(296)) - d086c87f-93e9-45d6-b128-13443993bfce@group-D27F5748A814: start as a follower, conf=-1: [d086c87f-93e9-45d6-b128-13443993bfce|rpc:10.1.0.41:44933|priority:1], old=null
2021-08-14 01:18:26,647 [pool-73-thread-1] INFO  server.RaftServer$Division (RaftServerImpl.java:setRole(285)) - d086c87f-93e9-45d6-b128-13443993bfce@group-D27F5748A814: changes role from      null to FOLLOWER at term 0 for startAsFollower
2021-08-14 01:18:26,649 [pool-73-thread-1] INFO  impl.RoleInfo (RoleInfo.java:updateAndGet(130)) - d086c87f-93e9-45d6-b128-13443993bfce: start d086c87f-93e9-45d6-b128-13443993bfce@group-D27F5748A814-FollowerState
2021-08-14 01:18:26,650 [pool-92-thread-1] INFO  util.JmxRegister (JmxRegister.java:tryRegister(44)) - Successfully registered JMX Bean with object name Ratis:service=RaftServer,group=group-E3F05CCC49D8,id=3c589ed3-8908-4216-b526-1467ebcaa331
2021-08-14 01:18:26,657 [pool-73-thread-1] INFO  util.JmxRegister (JmxRegister.java:tryRegister(44)) - Successfully registered JMX Bean with object name Ratis:service=RaftServer,group=group-D27F5748A814,id=d086c87f-93e9-45d6-b128-13443993bfce
2021-08-14 01:18:26,667 [Command processor thread] INFO  ratis.XceiverServerRatis (XceiverServerRatis.java:addGroup(763)) - Created group PipelineID=90a3e0fb-746b-4933-bed7-d27f5748a814
2021-08-14 01:18:26,667 [Command processor thread] INFO  commandhandler.CreatePipelineCommandHandler (CreatePipelineCommandHandler.java:handle(106)) - Created Pipeline RATIS ONE PipelineID=90a3e0fb-746b-4933-bed7-d27f5748a814.
2021-08-14 01:18:26,677 [Command processor thread] INFO  server.RaftServer (RaftServerProxy.java:addNew(95)) - d086c87f-93e9-45d6-b128-13443993bfce: addNew group-E3F05CCC49D8:[dc1bc205-c656-4131-aeb7-017f2f697be6|rpc:10.1.0.41:41989|priority:0, d086c87f-93e9-45d6-b128-13443993bfce|rpc:10.1.0.41:44933|priority:1, 3c589ed3-8908-4216-b526-1467ebcaa331|rpc:10.1.0.41:34563|priority:0] returns group-E3F05CCC49D8:java.util.concurrent.CompletableFuture@203bb23f[Not completed]
2021-08-14 01:18:26,678 [pool-73-thread-1] INFO  server.RaftServer$Division (RaftServerImpl.java:<init>(181)) - d086c87f-93e9-45d6-b128-13443993bfce: new RaftServerImpl for group-E3F05CCC49D8:[dc1bc205-c656-4131-aeb7-017f2f697be6|rpc:10.1.0.41:41989|priority:0, d086c87f-93e9-45d6-b128-13443993bfce|rpc:10.1.0.41:44933|priority:1, 3c589ed3-8908-4216-b526-1467ebcaa331|rpc:10.1.0.41:34563|priority:0] with ContainerStateMachine:uninitialized
2021-08-14 01:18:26,678 [pool-73-thread-1] INFO  server.RaftServerConfigKeys (ConfUtils.java:logGet(44)) - raft.server.rpc.timeout.min = 5s (custom)
2021-08-14 01:18:26,678 [pool-73-thread-1] INFO  server.RaftServerConfigKeys (ConfUtils.java:logGet(44)) - raft.server.rpc.timeout.max = 5200ms (custom)
2021-08-14 01:18:26,678 [pool-73-thread-1] INFO  server.RaftServerConfigKeys (ConfUtils.java:logGet(44)) - raft.server.rpc.sleep.time = 25ms (default)
2021-08-14 01:18:26,682 [pool-73-thread-1] INFO  server.RaftServerConfigKeys (ConfUtils.java:logGet(44)) - raft.server.rpc.slowness.timeout = 300000ms (custom)
2021-08-14 01:18:26,682 [pool-73-thread-1] INFO  server.RaftServerConfigKeys (ConfUtils.java:logGet(44)) - raft.server.leaderelection.leader.step-down.wait-time = 10s (default)
2021-08-14 01:18:26,682 [pool-73-thread-1] INFO  server.RaftServerConfigKeys (ConfUtils.java:logGet(44)) - raft.server.sleep.deviation.threshold = 300ms (default)
2021-08-14 01:18:26,682 [pool-73-thread-1] INFO  server.RaftServerConfigKeys (ConfUtils.java:logGet(44)) - raft.server.log.appender.install.snapshot.enabled = false (custom)
2021-08-14 01:18:26,682 [pool-73-thread-1] INFO  server.RaftServer$Division (ServerState.java:<init>(105)) - d086c87f-93e9-45d6-b128-13443993bfce@group-E3F05CCC49D8: ConfigurationManager, init=-1: [dc1bc205-c656-4131-aeb7-017f2f697be6|rpc:10.1.0.41:41989|priority:0, d086c87f-93e9-45d6-b128-13443993bfce|rpc:10.1.0.41:44933|priority:1, 3c589ed3-8908-4216-b526-1467ebcaa331|rpc:10.1.0.41:34563|priority:0], old=null, confs=<EMPTY_MAP>
2021-08-14 01:18:26,682 [pool-73-thread-1] INFO  server.RaftServerConfigKeys (ConfUtils.java:logGet(44)) - raft.server.storage.dir = [/home/runner/work/ozone/ozone/hadoop-ozone/integration-test/target/test-dir/MiniOzoneClusterImpl-0159c105-9d83-42dd-92be-307c6655fab4/datanode-1/data/ratis] (custom)
2021-08-14 01:18:26,683 [pool-73-thread-1] INFO  server.RaftServerConfigKeys (ConfUtils.java:logGet(44)) - raft.server.log.corruption.policy = EXCEPTION (default)
2021-08-14 01:18:26,683 [pool-73-thread-1] INFO  server.RaftServerConfigKeys (ConfUtils.java:logGet(44)) - raft.server.storage.free-space.min = 0MB (=0) (default)
2021-08-14 01:18:26,683 [pool-73-thread-1] INFO  storage.RaftStorageDirectory (RaftStorageDirectoryImpl.java:analyzeStorage(135)) - The storage directory /home/runner/work/ozone/ozone/hadoop-ozone/integration-test/target/test-dir/MiniOzoneClusterImpl-0159c105-9d83-42dd-92be-307c6655fab4/datanode-1/data/ratis/8774c666-5cb7-4a7f-a232-e3f05ccc49d8 does not exist. Creating ...
2021-08-14 01:18:26,685 [pool-73-thread-1] INFO  storage.RaftStorageDirectory (RaftStorageDirectoryImpl.java:tryLock(230)) - Lock on /home/runner/work/ozone/ozone/hadoop-ozone/integration-test/target/test-dir/MiniOzoneClusterImpl-0159c105-9d83-42dd-92be-307c6655fab4/datanode-1/data/ratis/8774c666-5cb7-4a7f-a232-e3f05ccc49d8/in_use.lock acquired by nodename 682@fv-az395-768
2021-08-14 01:18:26,687 [pool-73-thread-1] INFO  storage.RaftStorage (RaftStorageImpl.java:format(89)) - Storage directory /home/runner/work/ozone/ozone/hadoop-ozone/integration-test/target/test-dir/MiniOzoneClusterImpl-0159c105-9d83-42dd-92be-307c6655fab4/datanode-1/data/ratis/8774c666-5cb7-4a7f-a232-e3f05ccc49d8 has been successfully formatted.
2021-08-14 01:18:26,688 [pool-73-thread-1] INFO  ratis.ContainerStateMachine (ContainerStateMachine.java:loadSnapshot(225)) - group-E3F05CCC49D8: The snapshot info is null. Setting the last applied indexto:(t:0, i:~)
2021-08-14 01:18:26,688 [Datanode State Machine Thread - 0] WARN  statemachine.StateContext (StateContext.java:execute(621)) - No available thread in pool for past 0 seconds.
2021-08-14 01:18:26,688 [pool-73-thread-1] INFO  server.RaftServerConfigKeys (ConfUtils.java:logGet(44)) - raft.server.notification.no-leader.timeout = 300000ms (custom)
2021-08-14 01:18:26,688 [pool-73-thread-1] INFO  server.RaftServerConfigKeys (ConfUtils.java:logGet(44)) - raft.server.log.use.memory = false (default)
2021-08-14 01:18:26,688 [pool-73-thread-1] INFO  server.RaftServerConfigKeys (ConfUtils.java:logGet(44)) - raft.server.log.purge.gap = 1000000 (custom)
2021-08-14 01:18:26,688 [pool-73-thread-1] INFO  server.RaftServerConfigKeys (ConfUtils.java:logGet(44)) - raft.server.log.appender.buffer.byte-limit = 33554432 (custom)
2021-08-14 01:18:26,689 [EventQueue-OpenPipelineForHealthyPipelineSafeModeRule] INFO  safemode.SCMSafeModeManager (HealthyPipelineSafeModeRule.java:process(124)) - SCM in safe mode. Healthy pipelines reported count is 0, required healthy pipeline reported count is 1
2021-08-14 01:18:26,690 [pool-73-thread-1] INFO  server.RaftServerConfigKeys (ConfUtils.java:logGet(44)) - raft.server.log.segment.size.max = 1048576 (custom)
2021-08-14 01:18:26,690 [pool-73-thread-1] INFO  server.RaftServerConfigKeys (ConfUtils.java:logGet(44)) - raft.server.log.segment.cache.num.max = 2 (custom)
2021-08-14 01:18:26,691 [pool-73-thread-1] INFO  server.RaftServerConfigKeys (ConfUtils.java:logGet(44)) - raft.server.log.segment.cache.size.max = 200MB (=209715200) (default)
2021-08-14 01:18:26,691 [pool-73-thread-1] INFO  segmented.SegmentedRaftLogWorker (SegmentedRaftLogWorker.java:<init>(182)) - new d086c87f-93e9-45d6-b128-13443993bfce@group-E3F05CCC49D8-SegmentedRaftLogWorker for RaftStorageImpl:Storage Directory /home/runner/work/ozone/ozone/hadoop-ozone/integration-test/target/test-dir/MiniOzoneClusterImpl-0159c105-9d83-42dd-92be-307c6655fab4/datanode-1/data/ratis/8774c666-5cb7-4a7f-a232-e3f05ccc49d8
2021-08-14 01:18:26,691 [pool-73-thread-1] INFO  server.RaftServerConfigKeys (ConfUtils.java:logGet(44)) - raft.server.log.queue.byte-limit = 2147483647 (custom)
2021-08-14 01:18:26,691 [pool-73-thread-1] INFO  server.RaftServerConfigKeys (ConfUtils.java:logGet(44)) - raft.server.log.queue.element-limit = 1024 (custom)
2021-08-14 01:18:26,691 [pool-73-thread-1] INFO  server.RaftServerConfigKeys (ConfUtils.java:logGet(44)) - raft.server.log.segment.size.max = 1048576 (custom)
2021-08-14 01:18:26,691 [pool-73-thread-1] INFO  server.RaftServerConfigKeys (ConfUtils.java:logGet(44)) - raft.server.log.preallocated.size = 16384 (custom)
2021-08-14 01:18:26,691 [pool-73-thread-1] INFO  server.RaftServerConfigKeys (ConfUtils.java:logGet(44)) - raft.server.log.force.sync.num = 128 (default)
2021-08-14 01:18:26,691 [pool-73-thread-1] INFO  server.RaftServerConfigKeys (ConfUtils.java:logGet(44)) - raft.server.log.statemachine.data.sync = true (default)
2021-08-14 01:18:26,691 [pool-73-thread-1] INFO  server.RaftServerConfigKeys (ConfUtils.java:logGet(44)) - raft.server.log.statemachine.data.sync.timeout = 10s (default)
2021-08-14 01:18:26,692 [pool-73-thread-1] INFO  server.RaftServerConfigKeys (ConfUtils.java:logGet(44)) - raft.server.log.statemachine.data.sync.timeout.retry = -1 (default)
2021-08-14 01:18:26,693 [pool-73-thread-1] INFO  server.RaftServerConfigKeys (ConfUtils.java:logGet(44)) - raft.server.log.write.buffer.size = 1048576 (custom)
2021-08-14 01:18:26,694 [pool-73-thread-1] INFO  server.RaftServerConfigKeys (ConfUtils.java:logGet(44)) - raft.server.log.statemachine.data.caching.enabled = true (custom)
2021-08-14 01:18:26,695 [pool-73-thread-1] INFO  segmented.SegmentedRaftLogWorker (SegmentedRaftLogWorker.java:lambda$new$0(133)) - d086c87f-93e9-45d6-b128-13443993bfce@group-E3F05CCC49D8-SegmentedRaftLogWorker: flushIndex: setUnconditionally 0 -> -1
2021-08-14 01:18:26,695 [pool-73-thread-1] INFO  segmented.SegmentedRaftLogWorker (SegmentedRaftLogWorker.java:lambda$new$0(133)) - d086c87f-93e9-45d6-b128-13443993bfce@group-E3F05CCC49D8-SegmentedRaftLogWorker: safeCacheEvictIndex: setUnconditionally 0 -> -1
2021-08-14 01:18:26,695 [pool-73-thread-1] INFO  server.RaftServerConfigKeys (ConfUtils.java:logGet(44)) - raft.server.snapshot.auto.trigger.enabled = true (custom)
2021-08-14 01:18:26,695 [pool-73-thread-1] INFO  server.RaftServerConfigKeys (ConfUtils.java:logGet(44)) - raft.server.snapshot.auto.trigger.threshold = 1 (custom)
2021-08-14 01:18:26,696 [pool-73-thread-1] INFO  server.RaftServerConfigKeys (ConfUtils.java:logGet(44)) - raft.server.snapshot.retention.file.num = 5 (custom)
2021-08-14 01:18:26,696 [pool-73-thread-1] INFO  server.RaftServerConfigKeys (ConfUtils.java:logGet(44)) - raft.server.log.purge.upto.snapshot.index = false (default)
2021-08-14 01:18:26,696 [pool-73-thread-1] INFO  server.RaftServerConfigKeys (ConfUtils.java:logGet(44)) - raft.server.retrycache.expirytime = 600000ms (custom)
2021-08-14 01:18:26,696 [pool-73-thread-1] INFO  server.RaftServerConfigKeys (ConfUtils.java:logGet(44)) - raft.server.retrycache.statistics.expirytime = 100μs (default)
2021-08-14 01:18:26,698 [pool-73-thread-1] INFO  server.RaftServer$Division (RaftServerImpl.java:start(296)) - d086c87f-93e9-45d6-b128-13443993bfce@group-E3F05CCC49D8: start as a follower, conf=-1: [dc1bc205-c656-4131-aeb7-017f2f697be6|rpc:10.1.0.41:41989|priority:0, d086c87f-93e9-45d6-b128-13443993bfce|rpc:10.1.0.41:44933|priority:1, 3c589ed3-8908-4216-b526-1467ebcaa331|rpc:10.1.0.41:34563|priority:0], old=null
2021-08-14 01:18:26,698 [pool-73-thread-1] INFO  server.RaftServer$Division (RaftServerImpl.java:setRole(285)) - d086c87f-93e9-45d6-b128-13443993bfce@group-E3F05CCC49D8: changes role from      null to FOLLOWER at term 0 for startAsFollower
2021-08-14 01:18:26,698 [pool-73-thread-1] INFO  impl.RoleInfo (RoleInfo.java:updateAndGet(130)) - d086c87f-93e9-45d6-b128-13443993bfce: start d086c87f-93e9-45d6-b128-13443993bfce@group-E3F05CCC49D8-FollowerState
2021-08-14 01:18:26,708 [pool-73-thread-1] INFO  util.JmxRegister (JmxRegister.java:tryRegister(44)) - Successfully registered JMX Bean with object name Ratis:service=RaftServer,group=group-E3F05CCC49D8,id=d086c87f-93e9-45d6-b128-13443993bfce
2021-08-14 01:18:26,710 [Command processor thread] INFO  ratis.XceiverServerRatis (XceiverServerRatis.java:addGroup(763)) - Created group PipelineID=8774c666-5cb7-4a7f-a232-e3f05ccc49d8
2021-08-14 01:18:26,799 [EventQueue-OpenPipelineForHealthyPipelineSafeModeRule] INFO  safemode.SCMSafeModeManager (HealthyPipelineSafeModeRule.java:process(124)) - SCM in safe mode. Healthy pipelines reported count is 0, required healthy pipeline reported count is 1
2021-08-14 01:18:26,819 [Command processor thread] INFO  commandhandler.CreatePipelineCommandHandler (CreatePipelineCommandHandler.java:handle(106)) - Created Pipeline RATIS THREE PipelineID=8774c666-5cb7-4a7f-a232-e3f05ccc49d8.
2021-08-14 01:18:26,822 [Command processor thread] INFO  server.RaftServer (RaftServerProxy.java:addNew(95)) - dc1bc205-c656-4131-aeb7-017f2f697be6: addNew group-4B356EB9896A:[dc1bc205-c656-4131-aeb7-017f2f697be6|rpc:10.1.0.41:41989|priority:1, d086c87f-93e9-45d6-b128-13443993bfce|rpc:10.1.0.41:44933|priority:0, 3c589ed3-8908-4216-b526-1467ebcaa331|rpc:10.1.0.41:34563|priority:0] returns group-4B356EB9896A:java.util.concurrent.CompletableFuture@3aba3a21[Not completed]
2021-08-14 01:18:26,825 [pool-54-thread-1] INFO  server.RaftServer$Division (RaftServerImpl.java:<init>(181)) - dc1bc205-c656-4131-aeb7-017f2f697be6: new RaftServerImpl for group-4B356EB9896A:[dc1bc205-c656-4131-aeb7-017f2f697be6|rpc:10.1.0.41:41989|priority:1, d086c87f-93e9-45d6-b128-13443993bfce|rpc:10.1.0.41:44933|priority:0, 3c589ed3-8908-4216-b526-1467ebcaa331|rpc:10.1.0.41:34563|priority:0] with ContainerStateMachine:uninitialized
2021-08-14 01:18:26,825 [pool-54-thread-1] INFO  server.RaftServerConfigKeys (ConfUtils.java:logGet(44)) - raft.server.rpc.timeout.min = 5s (custom)
2021-08-14 01:18:26,825 [pool-54-thread-1] INFO  server.RaftServerConfigKeys (ConfUtils.java:logGet(44)) - raft.server.rpc.timeout.max = 5200ms (custom)
2021-08-14 01:18:26,825 [pool-54-thread-1] INFO  server.RaftServerConfigKeys (ConfUtils.java:logGet(44)) - raft.server.rpc.sleep.time = 25ms (default)
2021-08-14 01:18:26,825 [pool-54-thread-1] INFO  server.RaftServerConfigKeys (ConfUtils.java:logGet(44)) - raft.server.rpc.slowness.timeout = 300000ms (custom)
2021-08-14 01:18:26,825 [pool-54-thread-1] INFO  server.RaftServerConfigKeys (ConfUtils.java:logGet(44)) - raft.server.leaderelection.leader.step-down.wait-time = 10s (default)
2021-08-14 01:18:26,825 [pool-54-thread-1] INFO  server.RaftServerConfigKeys (ConfUtils.java:logGet(44)) - raft.server.sleep.deviation.threshold = 300ms (default)
2021-08-14 01:18:26,825 [pool-54-thread-1] INFO  server.RaftServerConfigKeys (ConfUtils.java:logGet(44)) - raft.server.log.appender.install.snapshot.enabled = false (custom)
2021-08-14 01:18:26,825 [pool-54-thread-1] INFO  server.RaftServer$Division (ServerState.java:<init>(105)) - dc1bc205-c656-4131-aeb7-017f2f697be6@group-4B356EB9896A: ConfigurationManager, init=-1: [dc1bc205-c656-4131-aeb7-017f2f697be6|rpc:10.1.0.41:41989|priority:1, d086c87f-93e9-45d6-b128-13443993bfce|rpc:10.1.0.41:44933|priority:0, 3c589ed3-8908-4216-b526-1467ebcaa331|rpc:10.1.0.41:34563|priority:0], old=null, confs=<EMPTY_MAP>
2021-08-14 01:18:26,825 [pool-54-thread-1] INFO  server.RaftServerConfigKeys (ConfUtils.java:logGet(44)) - raft.server.storage.dir = [/home/runner/work/ozone/ozone/hadoop-ozone/integration-test/target/test-dir/MiniOzoneClusterImpl-0159c105-9d83-42dd-92be-307c6655fab4/datanode-0/data/ratis] (custom)
2021-08-14 01:18:26,826 [pool-54-thread-1] INFO  server.RaftServerConfigKeys (ConfUtils.java:logGet(44)) - raft.server.log.corruption.policy = EXCEPTION (default)
2021-08-14 01:18:26,826 [pool-54-thread-1] INFO  server.RaftServerConfigKeys (ConfUtils.java:logGet(44)) - raft.server.storage.free-space.min = 0MB (=0) (default)
2021-08-14 01:18:26,826 [pool-54-thread-1] INFO  storage.RaftStorageDirectory (RaftStorageDirectoryImpl.java:analyzeStorage(135)) - The storage directory /home/runner/work/ozone/ozone/hadoop-ozone/integration-test/target/test-dir/MiniOzoneClusterImpl-0159c105-9d83-42dd-92be-307c6655fab4/datanode-0/data/ratis/982af588-8138-4230-b4b4-4b356eb9896a does not exist. Creating ...
2021-08-14 01:18:26,827 [pool-54-thread-1] INFO  storage.RaftStorageDirectory (RaftStorageDirectoryImpl.java:tryLock(230)) - Lock on /home/runner/work/ozone/ozone/hadoop-ozone/integration-test/target/test-dir/MiniOzoneClusterImpl-0159c105-9d83-42dd-92be-307c6655fab4/datanode-0/data/ratis/982af588-8138-4230-b4b4-4b356eb9896a/in_use.lock acquired by nodename 682@fv-az395-768
2021-08-14 01:18:26,829 [pool-54-thread-1] INFO  storage.RaftStorage (RaftStorageImpl.java:format(89)) - Storage directory /home/runner/work/ozone/ozone/hadoop-ozone/integration-test/target/test-dir/MiniOzoneClusterImpl-0159c105-9d83-42dd-92be-307c6655fab4/datanode-0/data/ratis/982af588-8138-4230-b4b4-4b356eb9896a has been successfully formatted.
2021-08-14 01:18:26,830 [pool-54-thread-1] INFO  ratis.ContainerStateMachine (ContainerStateMachine.java:loadSnapshot(225)) - group-4B356EB9896A: The snapshot info is null. Setting the last applied indexto:(t:0, i:~)
2021-08-14 01:18:26,830 [pool-54-thread-1] INFO  server.RaftServerConfigKeys (ConfUtils.java:logGet(44)) - raft.server.notification.no-leader.timeout = 300000ms (custom)
2021-08-14 01:18:26,830 [pool-54-thread-1] INFO  server.RaftServerConfigKeys (ConfUtils.java:logGet(44)) - raft.server.log.use.memory = false (default)
2021-08-14 01:18:26,830 [pool-54-thread-1] INFO  server.RaftServerConfigKeys (ConfUtils.java:logGet(44)) - raft.server.log.purge.gap = 1000000 (custom)
2021-08-14 01:18:26,830 [pool-54-thread-1] INFO  server.RaftServerConfigKeys (ConfUtils.java:logGet(44)) - raft.server.log.appender.buffer.byte-limit = 33554432 (custom)
2021-08-14 01:18:26,830 [Datanode State Machine Thread - 0] WARN  statemachine.StateContext (StateContext.java:execute(621)) - No available thread in pool for past 0 seconds.
2021-08-14 01:18:26,831 [EventQueue-OpenPipelineForHealthyPipelineSafeModeRule] INFO  safemode.SCMSafeModeManager (HealthyPipelineSafeModeRule.java:process(124)) - SCM in safe mode. Healthy pipelines reported count is 0, required healthy pipeline reported count is 1
2021-08-14 01:18:26,834 [pool-54-thread-1] INFO  server.RaftServerConfigKeys (ConfUtils.java:logGet(44)) - raft.server.log.segment.size.max = 1048576 (custom)
2021-08-14 01:18:26,840 [pool-54-thread-1] INFO  server.RaftServerConfigKeys (ConfUtils.java:logGet(44)) - raft.server.log.segment.cache.num.max = 2 (custom)
2021-08-14 01:18:26,840 [pool-54-thread-1] INFO  server.RaftServerConfigKeys (ConfUtils.java:logGet(44)) - raft.server.log.segment.cache.size.max = 200MB (=209715200) (default)
2021-08-14 01:18:26,840 [pool-54-thread-1] INFO  segmented.SegmentedRaftLogWorker (SegmentedRaftLogWorker.java:<init>(182)) - new dc1bc205-c656-4131-aeb7-017f2f697be6@group-4B356EB9896A-SegmentedRaftLogWorker for RaftStorageImpl:Storage Directory /home/runner/work/ozone/ozone/hadoop-ozone/integration-test/target/test-dir/MiniOzoneClusterImpl-0159c105-9d83-42dd-92be-307c6655fab4/datanode-0/data/ratis/982af588-8138-4230-b4b4-4b356eb9896a
2021-08-14 01:18:26,840 [pool-54-thread-1] INFO  server.RaftServerConfigKeys (ConfUtils.java:logGet(44)) - raft.server.log.queue.byte-limit = 2147483647 (custom)
2021-08-14 01:18:26,840 [pool-54-thread-1] INFO  server.RaftServerConfigKeys (ConfUtils.java:logGet(44)) - raft.server.log.queue.element-limit = 1024 (custom)
2021-08-14 01:18:26,840 [pool-54-thread-1] INFO  server.RaftServerConfigKeys (ConfUtils.java:logGet(44)) - raft.server.log.segment.size.max = 1048576 (custom)
2021-08-14 01:18:26,840 [pool-54-thread-1] INFO  server.RaftServerConfigKeys (ConfUtils.java:logGet(44)) - raft.server.log.preallocated.size = 16384 (custom)
2021-08-14 01:18:26,840 [pool-54-thread-1] INFO  server.RaftServerConfigKeys (ConfUtils.java:logGet(44)) - raft.server.log.force.sync.num = 128 (default)
2021-08-14 01:18:26,841 [pool-54-thread-1] INFO  server.RaftServerConfigKeys (ConfUtils.java:logGet(44)) - raft.server.log.statemachine.data.sync = true (default)
2021-08-14 01:18:26,841 [pool-54-thread-1] INFO  server.RaftServerConfigKeys (ConfUtils.java:logGet(44)) - raft.server.log.statemachine.data.sync.timeout = 10s (default)
2021-08-14 01:18:26,841 [pool-54-thread-1] INFO  server.RaftServerConfigKeys (ConfUtils.java:logGet(44)) - raft.server.log.statemachine.data.sync.timeout.retry = -1 (default)
2021-08-14 01:18:26,843 [pool-54-thread-1] INFO  server.RaftServerConfigKeys (ConfUtils.java:logGet(44)) - raft.server.log.write.buffer.size = 1048576 (custom)
2021-08-14 01:18:26,843 [pool-54-thread-1] INFO  server.RaftServerConfigKeys (ConfUtils.java:logGet(44)) - raft.server.log.statemachine.data.caching.enabled = true (custom)
2021-08-14 01:18:26,844 [pool-54-thread-1] INFO  segmented.SegmentedRaftLogWorker (SegmentedRaftLogWorker.java:lambda$new$0(133)) - dc1bc205-c656-4131-aeb7-017f2f697be6@group-4B356EB9896A-SegmentedRaftLogWorker: flushIndex: setUnconditionally 0 -> -1
2021-08-14 01:18:26,844 [pool-54-thread-1] INFO  segmented.SegmentedRaftLogWorker (SegmentedRaftLogWorker.java:lambda$new$0(133)) - dc1bc205-c656-4131-aeb7-017f2f697be6@group-4B356EB9896A-SegmentedRaftLogWorker: safeCacheEvictIndex: setUnconditionally 0 -> -1
2021-08-14 01:18:26,851 [pool-54-thread-1] INFO  server.RaftServerConfigKeys (ConfUtils.java:logGet(44)) - raft.server.snapshot.auto.trigger.enabled = true (custom)
2021-08-14 01:18:26,851 [pool-54-thread-1] INFO  server.RaftServerConfigKeys (ConfUtils.java:logGet(44)) - raft.server.snapshot.auto.trigger.threshold = 1 (custom)
2021-08-14 01:18:26,851 [pool-54-thread-1] INFO  server.RaftServerConfigKeys (ConfUtils.java:logGet(44)) - raft.server.snapshot.retention.file.num = 5 (custom)
2021-08-14 01:18:26,851 [pool-54-thread-1] INFO  server.RaftServerConfigKeys (ConfUtils.java:logGet(44)) - raft.server.log.purge.upto.snapshot.index = false (default)
2021-08-14 01:18:26,852 [pool-54-thread-1] INFO  server.RaftServerConfigKeys (ConfUtils.java:logGet(44)) - raft.server.retrycache.expirytime = 600000ms (custom)
2021-08-14 01:18:26,853 [pool-54-thread-1] INFO  server.RaftServerConfigKeys (ConfUtils.java:logGet(44)) - raft.server.retrycache.statistics.expirytime = 100μs (default)
2021-08-14 01:18:26,858 [pool-54-thread-1] INFO  server.RaftServer$Division (RaftServerImpl.java:start(296)) - dc1bc205-c656-4131-aeb7-017f2f697be6@group-4B356EB9896A: start as a follower, conf=-1: [dc1bc205-c656-4131-aeb7-017f2f697be6|rpc:10.1.0.41:41989|priority:1, d086c87f-93e9-45d6-b128-13443993bfce|rpc:10.1.0.41:44933|priority:0, 3c589ed3-8908-4216-b526-1467ebcaa331|rpc:10.1.0.41:34563|priority:0], old=null
2021-08-14 01:18:26,858 [pool-54-thread-1] INFO  server.RaftServer$Division (RaftServerImpl.java:setRole(285)) - dc1bc205-c656-4131-aeb7-017f2f697be6@group-4B356EB9896A: changes role from      null to FOLLOWER at term 0 for startAsFollower
2021-08-14 01:18:26,861 [Command processor thread] INFO  commandhandler.CreatePipelineCommandHandler (CreatePipelineCommandHandler.java:handle(106)) - Created Pipeline RATIS THREE PipelineID=8774c666-5cb7-4a7f-a232-e3f05ccc49d8.
2021-08-14 01:18:26,862 [Command processor thread] INFO  server.RaftServer (RaftServerProxy.java:addNew(95)) - d086c87f-93e9-45d6-b128-13443993bfce: addNew group-4B356EB9896A:[dc1bc205-c656-4131-aeb7-017f2f697be6|rpc:10.1.0.41:41989|priority:1, d086c87f-93e9-45d6-b128-13443993bfce|rpc:10.1.0.41:44933|priority:0, 3c589ed3-8908-4216-b526-1467ebcaa331|rpc:10.1.0.41:34563|priority:0] returns group-4B356EB9896A:java.util.concurrent.CompletableFuture@811875[Not completed]
2021-08-14 01:18:26,862 [pool-54-thread-1] INFO  impl.RoleInfo (RoleInfo.java:updateAndGet(130)) - dc1bc205-c656-4131-aeb7-017f2f697be6: start dc1bc205-c656-4131-aeb7-017f2f697be6@group-4B356EB9896A-FollowerState
2021-08-14 01:18:26,863 [pool-54-thread-1] INFO  util.JmxRegister (JmxRegister.java:tryRegister(44)) - Successfully registered JMX Bean with object name Ratis:service=RaftServer,group=group-4B356EB9896A,id=dc1bc205-c656-4131-aeb7-017f2f697be6
2021-08-14 01:18:26,863 [pool-73-thread-1] INFO  server.RaftServer$Division (RaftServerImpl.java:<init>(181)) - d086c87f-93e9-45d6-b128-13443993bfce: new RaftServerImpl for group-4B356EB9896A:[dc1bc205-c656-4131-aeb7-017f2f697be6|rpc:10.1.0.41:41989|priority:1, d086c87f-93e9-45d6-b128-13443993bfce|rpc:10.1.0.41:44933|priority:0, 3c589ed3-8908-4216-b526-1467ebcaa331|rpc:10.1.0.41:34563|priority:0] with ContainerStateMachine:uninitialized
2021-08-14 01:18:26,863 [pool-73-thread-1] INFO  server.RaftServerConfigKeys (ConfUtils.java:logGet(44)) - raft.server.rpc.timeout.min = 5s (custom)
2021-08-14 01:18:26,863 [pool-73-thread-1] INFO  server.RaftServerConfigKeys (ConfUtils.java:logGet(44)) - raft.server.rpc.timeout.max = 5200ms (custom)
2021-08-14 01:18:26,863 [pool-73-thread-1] INFO  server.RaftServerConfigKeys (ConfUtils.java:logGet(44)) - raft.server.rpc.sleep.time = 25ms (default)
2021-08-14 01:18:26,863 [pool-73-thread-1] INFO  server.RaftServerConfigKeys (ConfUtils.java:logGet(44)) - raft.server.rpc.slowness.timeout = 300000ms (custom)
2021-08-14 01:18:26,863 [Command processor thread] INFO  ratis.XceiverServerRatis (XceiverServerRatis.java:addGroup(763)) - Created group PipelineID=982af588-8138-4230-b4b4-4b356eb9896a
2021-08-14 01:18:26,863 [pool-73-thread-1] INFO  server.RaftServerConfigKeys (ConfUtils.java:logGet(44)) - raft.server.leaderelection.leader.step-down.wait-time = 10s (default)
2021-08-14 01:18:26,864 [pool-73-thread-1] INFO  server.RaftServerConfigKeys (ConfUtils.java:logGet(44)) - raft.server.sleep.deviation.threshold = 300ms (default)
2021-08-14 01:18:26,864 [pool-73-thread-1] INFO  server.RaftServerConfigKeys (ConfUtils.java:logGet(44)) - raft.server.log.appender.install.snapshot.enabled = false (custom)
2021-08-14 01:18:26,864 [pool-73-thread-1] INFO  server.RaftServer$Division (ServerState.java:<init>(105)) - d086c87f-93e9-45d6-b128-13443993bfce@group-4B356EB9896A: ConfigurationManager, init=-1: [dc1bc205-c656-4131-aeb7-017f2f697be6|rpc:10.1.0.41:41989|priority:1, d086c87f-93e9-45d6-b128-13443993bfce|rpc:10.1.0.41:44933|priority:0, 3c589ed3-8908-4216-b526-1467ebcaa331|rpc:10.1.0.41:34563|priority:0], old=null, confs=<EMPTY_MAP>
2021-08-14 01:18:26,864 [pool-73-thread-1] INFO  server.RaftServerConfigKeys (ConfUtils.java:logGet(44)) - raft.server.storage.dir = [/home/runner/work/ozone/ozone/hadoop-ozone/integration-test/target/test-dir/MiniOzoneClusterImpl-0159c105-9d83-42dd-92be-307c6655fab4/datanode-1/data/ratis] (custom)
2021-08-14 01:18:26,864 [pool-73-thread-1] INFO  server.RaftServerConfigKeys (ConfUtils.java:logGet(44)) - raft.server.log.corruption.policy = EXCEPTION (default)
2021-08-14 01:18:26,864 [pool-73-thread-1] INFO  server.RaftServerConfigKeys (ConfUtils.java:logGet(44)) - raft.server.storage.free-space.min = 0MB (=0) (default)
2021-08-14 01:18:26,864 [pool-73-thread-1] INFO  storage.RaftStorageDirectory (RaftStorageDirectoryImpl.java:analyzeStorage(135)) - The storage directory /home/runner/work/ozone/ozone/hadoop-ozone/integration-test/target/test-dir/MiniOzoneClusterImpl-0159c105-9d83-42dd-92be-307c6655fab4/datanode-1/data/ratis/982af588-8138-4230-b4b4-4b356eb9896a does not exist. Creating ...
2021-08-14 01:18:26,868 [pool-73-thread-1] INFO  storage.RaftStorageDirectory (RaftStorageDirectoryImpl.java:tryLock(230)) - Lock on /home/runner/work/ozone/ozone/hadoop-ozone/integration-test/target/test-dir/MiniOzoneClusterImpl-0159c105-9d83-42dd-92be-307c6655fab4/datanode-1/data/ratis/982af588-8138-4230-b4b4-4b356eb9896a/in_use.lock acquired by nodename 682@fv-az395-768
2021-08-14 01:18:26,873 [pool-73-thread-1] INFO  storage.RaftStorage (RaftStorageImpl.java:format(89)) - Storage directory /home/runner/work/ozone/ozone/hadoop-ozone/integration-test/target/test-dir/MiniOzoneClusterImpl-0159c105-9d83-42dd-92be-307c6655fab4/datanode-1/data/ratis/982af588-8138-4230-b4b4-4b356eb9896a has been successfully formatted.
2021-08-14 01:18:26,874 [pool-73-thread-1] INFO  ratis.ContainerStateMachine (ContainerStateMachine.java:loadSnapshot(225)) - group-4B356EB9896A: The snapshot info is null. Setting the last applied indexto:(t:0, i:~)
2021-08-14 01:18:26,874 [pool-73-thread-1] INFO  server.RaftServerConfigKeys (ConfUtils.java:logGet(44)) - raft.server.notification.no-leader.timeout = 300000ms (custom)
2021-08-14 01:18:26,874 [Datanode State Machine Thread - 0] WARN  statemachine.StateContext (StateContext.java:execute(621)) - No available thread in pool for past 0 seconds.
2021-08-14 01:18:26,874 [pool-73-thread-1] INFO  server.RaftServerConfigKeys (ConfUtils.java:logGet(44)) - raft.server.log.use.memory = false (default)
2021-08-14 01:18:26,874 [pool-73-thread-1] INFO  server.RaftServerConfigKeys (ConfUtils.java:logGet(44)) - raft.server.log.purge.gap = 1000000 (custom)
2021-08-14 01:18:26,874 [pool-73-thread-1] INFO  server.RaftServerConfigKeys (ConfUtils.java:logGet(44)) - raft.server.log.appender.buffer.byte-limit = 33554432 (custom)
2021-08-14 01:18:26,874 [pool-73-thread-1] INFO  server.RaftServerConfigKeys (ConfUtils.java:logGet(44)) - raft.server.log.segment.size.max = 1048576 (custom)
2021-08-14 01:18:26,875 [EventQueue-OpenPipelineForHealthyPipelineSafeModeRule] INFO  safemode.SCMSafeModeManager (HealthyPipelineSafeModeRule.java:process(124)) - SCM in safe mode. Healthy pipelines reported count is 0, required healthy pipeline reported count is 1
2021-08-14 01:18:26,875 [pool-73-thread-1] INFO  server.RaftServerConfigKeys (ConfUtils.java:logGet(44)) - raft.server.log.segment.cache.num.max = 2 (custom)
2021-08-14 01:18:26,876 [pool-73-thread-1] INFO  server.RaftServerConfigKeys (ConfUtils.java:logGet(44)) - raft.server.log.segment.cache.size.max = 200MB (=209715200) (default)
2021-08-14 01:18:26,876 [pool-73-thread-1] INFO  segmented.SegmentedRaftLogWorker (SegmentedRaftLogWorker.java:<init>(182)) - new d086c87f-93e9-45d6-b128-13443993bfce@group-4B356EB9896A-SegmentedRaftLogWorker for RaftStorageImpl:Storage Directory /home/runner/work/ozone/ozone/hadoop-ozone/integration-test/target/test-dir/MiniOzoneClusterImpl-0159c105-9d83-42dd-92be-307c6655fab4/datanode-1/data/ratis/982af588-8138-4230-b4b4-4b356eb9896a
2021-08-14 01:18:26,876 [pool-73-thread-1] INFO  server.RaftServerConfigKeys (ConfUtils.java:logGet(44)) - raft.server.log.queue.byte-limit = 2147483647 (custom)
2021-08-14 01:18:26,876 [pool-73-thread-1] INFO  server.RaftServerConfigKeys (ConfUtils.java:logGet(44)) - raft.server.log.queue.element-limit = 1024 (custom)
2021-08-14 01:18:26,876 [pool-73-thread-1] INFO  server.RaftServerConfigKeys (ConfUtils.java:logGet(44)) - raft.server.log.segment.size.max = 1048576 (custom)
2021-08-14 01:18:26,876 [pool-73-thread-1] INFO  server.RaftServerConfigKeys (ConfUtils.java:logGet(44)) - raft.server.log.preallocated.size = 16384 (custom)
2021-08-14 01:18:26,876 [pool-73-thread-1] INFO  server.RaftServerConfigKeys (ConfUtils.java:logGet(44)) - raft.server.log.force.sync.num = 128 (default)
2021-08-14 01:18:26,877 [pool-73-thread-1] INFO  server.RaftServerConfigKeys (ConfUtils.java:logGet(44)) - raft.server.log.statemachine.data.sync = true (default)
2021-08-14 01:18:26,877 [pool-73-thread-1] INFO  server.RaftServerConfigKeys (ConfUtils.java:logGet(44)) - raft.server.log.statemachine.data.sync.timeout = 10s (default)
2021-08-14 01:18:26,877 [pool-73-thread-1] INFO  server.RaftServerConfigKeys (ConfUtils.java:logGet(44)) - raft.server.log.statemachine.data.sync.timeout.retry = -1 (default)
2021-08-14 01:18:26,878 [pool-73-thread-1] INFO  server.RaftServerConfigKeys (ConfUtils.java:logGet(44)) - raft.server.log.write.buffer.size = 1048576 (custom)
2021-08-14 01:18:26,879 [pool-73-thread-1] INFO  server.RaftServerConfigKeys (ConfUtils.java:logGet(44)) - raft.server.log.statemachine.data.caching.enabled = true (custom)
2021-08-14 01:18:26,881 [pool-92-thread-1] INFO  server.RaftServer$Division (RaftServerImpl.java:<init>(181)) - 3c589ed3-8908-4216-b526-1467ebcaa331: new RaftServerImpl for group-4B356EB9896A:[dc1bc205-c656-4131-aeb7-017f2f697be6|rpc:10.1.0.41:41989|dataStream:|priority:1, d086c87f-93e9-45d6-b128-13443993bfce|rpc:10.1.0.41:44933|dataStream:|priority:0, 3c589ed3-8908-4216-b526-1467ebcaa331|rpc:10.1.0.41:34563|dataStream:|priority:0] with ContainerStateMachine:uninitialized
2021-08-14 01:18:26,883 [pool-92-thread-1] INFO  server.RaftServerConfigKeys (ConfUtils.java:logGet(44)) - raft.server.rpc.timeout.min = 5s (custom)
2021-08-14 01:18:26,883 [pool-92-thread-1] INFO  server.RaftServerConfigKeys (ConfUtils.java:logGet(44)) - raft.server.rpc.timeout.max = 5200ms (custom)
2021-08-14 01:18:26,883 [pool-92-thread-1] INFO  server.RaftServerConfigKeys (ConfUtils.java:logGet(44)) - raft.server.rpc.sleep.time = 25ms (default)
2021-08-14 01:18:26,883 [pool-92-thread-1] INFO  server.RaftServerConfigKeys (ConfUtils.java:logGet(44)) - raft.server.rpc.slowness.timeout = 300000ms (custom)
2021-08-14 01:18:26,883 [pool-92-thread-1] INFO  server.RaftServerConfigKeys (ConfUtils.java:logGet(44)) - raft.server.leaderelection.leader.step-down.wait-time = 10s (default)
2021-08-14 01:18:26,883 [pool-92-thread-1] INFO  server.RaftServerConfigKeys (ConfUtils.java:logGet(44)) - raft.server.sleep.deviation.threshold = 300ms (default)
2021-08-14 01:18:26,883 [pool-92-thread-1] INFO  server.RaftServerConfigKeys (ConfUtils.java:logGet(44)) - raft.server.log.appender.install.snapshot.enabled = false (custom)
2021-08-14 01:18:26,883 [pool-92-thread-1] INFO  server.RaftServer$Division (ServerState.java:<init>(105)) - 3c589ed3-8908-4216-b526-1467ebcaa331@group-4B356EB9896A: ConfigurationManager, init=-1: [dc1bc205-c656-4131-aeb7-017f2f697be6|rpc:10.1.0.41:41989|dataStream:|priority:1, d086c87f-93e9-45d6-b128-13443993bfce|rpc:10.1.0.41:44933|dataStream:|priority:0, 3c589ed3-8908-4216-b526-1467ebcaa331|rpc:10.1.0.41:34563|dataStream:|priority:0], old=null, confs=<EMPTY_MAP>
2021-08-14 01:18:26,883 [pool-92-thread-1] INFO  server.RaftServerConfigKeys (ConfUtils.java:logGet(44)) - raft.server.storage.dir = [/home/runner/work/ozone/ozone/hadoop-ozone/integration-test/target/test-dir/MiniOzoneClusterImpl-0159c105-9d83-42dd-92be-307c6655fab4/datanode-2/data/ratis] (custom)
2021-08-14 01:18:26,883 [pool-92-thread-1] INFO  server.RaftServerConfigKeys (ConfUtils.java:logGet(44)) - raft.server.log.corruption.policy = EXCEPTION (default)
2021-08-14 01:18:26,883 [pool-92-thread-1] INFO  server.RaftServerConfigKeys (ConfUtils.java:logGet(44)) - raft.server.storage.free-space.min = 0MB (=0) (default)
2021-08-14 01:18:26,884 [pool-92-thread-1] INFO  storage.RaftStorageDirectory (RaftStorageDirectoryImpl.java:analyzeStorage(135)) - The storage directory /home/runner/work/ozone/ozone/hadoop-ozone/integration-test/target/test-dir/MiniOzoneClusterImpl-0159c105-9d83-42dd-92be-307c6655fab4/datanode-2/data/ratis/982af588-8138-4230-b4b4-4b356eb9896a does not exist. Creating ...
2021-08-14 01:18:26,880 [grpc-default-executor-1] INFO  server.RaftServer (RaftServerProxy.java:addNew(95)) - 3c589ed3-8908-4216-b526-1467ebcaa331: addNew group-4B356EB9896A:[dc1bc205-c656-4131-aeb7-017f2f697be6|rpc:10.1.0.41:41989|dataStream:|priority:1, d086c87f-93e9-45d6-b128-13443993bfce|rpc:10.1.0.41:44933|dataStream:|priority:0, 3c589ed3-8908-4216-b526-1467ebcaa331|rpc:10.1.0.41:34563|dataStream:|priority:0] returns group-4B356EB9896A:java.util.concurrent.CompletableFuture@422e51e1[Not completed]
2021-08-14 01:18:26,883 [pool-73-thread-1] INFO  segmented.SegmentedRaftLogWorker (SegmentedRaftLogWorker.java:lambda$new$0(133)) - d086c87f-93e9-45d6-b128-13443993bfce@group-4B356EB9896A-SegmentedRaftLogWorker: flushIndex: setUnconditionally 0 -> -1
2021-08-14 01:18:26,884 [pool-73-thread-1] INFO  segmented.SegmentedRaftLogWorker (SegmentedRaftLogWorker.java:lambda$new$0(133)) - d086c87f-93e9-45d6-b128-13443993bfce@group-4B356EB9896A-SegmentedRaftLogWorker: safeCacheEvictIndex: setUnconditionally 0 -> -1
2021-08-14 01:18:26,885 [pool-92-thread-1] INFO  storage.RaftStorageDirectory (RaftStorageDirectoryImpl.java:tryLock(230)) - Lock on /home/runner/work/ozone/ozone/hadoop-ozone/integration-test/target/test-dir/MiniOzoneClusterImpl-0159c105-9d83-42dd-92be-307c6655fab4/datanode-2/data/ratis/982af588-8138-4230-b4b4-4b356eb9896a/in_use.lock acquired by nodename 682@fv-az395-768
2021-08-14 01:18:26,885 [pool-73-thread-1] INFO  server.RaftServerConfigKeys (ConfUtils.java:logGet(44)) - raft.server.snapshot.auto.trigger.enabled = true (custom)
2021-08-14 01:18:26,885 [pool-73-thread-1] INFO  server.RaftServerConfigKeys (ConfUtils.java:logGet(44)) - raft.server.snapshot.auto.trigger.threshold = 1 (custom)
2021-08-14 01:18:26,885 [pool-73-thread-1] INFO  server.RaftServerConfigKeys (ConfUtils.java:logGet(44)) - raft.server.snapshot.retention.file.num = 5 (custom)
2021-08-14 01:18:26,886 [pool-73-thread-1] INFO  server.RaftServerConfigKeys (ConfUtils.java:logGet(44)) - raft.server.log.purge.upto.snapshot.index = false (default)
2021-08-14 01:18:26,886 [pool-73-thread-1] INFO  server.RaftServerConfigKeys (ConfUtils.java:logGet(44)) - raft.server.retrycache.expirytime = 600000ms (custom)
2021-08-14 01:18:26,886 [pool-73-thread-1] INFO  server.RaftServerConfigKeys (ConfUtils.java:logGet(44)) - raft.server.retrycache.statistics.expirytime = 100μs (default)
2021-08-14 01:18:26,887 [pool-92-thread-1] INFO  storage.RaftStorage (RaftStorageImpl.java:format(89)) - Storage directory /home/runner/work/ozone/ozone/hadoop-ozone/integration-test/target/test-dir/MiniOzoneClusterImpl-0159c105-9d83-42dd-92be-307c6655fab4/datanode-2/data/ratis/982af588-8138-4230-b4b4-4b356eb9896a has been successfully formatted.
2021-08-14 01:18:26,887 [pool-92-thread-1] INFO  ratis.ContainerStateMachine (ContainerStateMachine.java:loadSnapshot(225)) - group-4B356EB9896A: The snapshot info is null. Setting the last applied indexto:(t:0, i:~)
2021-08-14 01:18:26,887 [pool-92-thread-1] INFO  server.RaftServerConfigKeys (ConfUtils.java:logGet(44)) - raft.server.notification.no-leader.timeout = 300000ms (custom)
2021-08-14 01:18:26,887 [pool-92-thread-1] INFO  server.RaftServerConfigKeys (ConfUtils.java:logGet(44)) - raft.server.log.use.memory = false (default)
2021-08-14 01:18:26,887 [pool-92-thread-1] INFO  server.RaftServerConfigKeys (ConfUtils.java:logGet(44)) - raft.server.log.purge.gap = 1000000 (custom)
2021-08-14 01:18:26,887 [pool-92-thread-1] INFO  server.RaftServerConfigKeys (ConfUtils.java:logGet(44)) - raft.server.log.appender.buffer.byte-limit = 33554432 (custom)
2021-08-14 01:18:26,888 [pool-92-thread-1] INFO  server.RaftServerConfigKeys (ConfUtils.java:logGet(44)) - raft.server.log.segment.size.max = 1048576 (custom)
2021-08-14 01:18:26,888 [pool-73-thread-1] INFO  server.RaftServer$Division (RaftServerImpl.java:start(296)) - d086c87f-93e9-45d6-b128-13443993bfce@group-4B356EB9896A: start as a follower, conf=-1: [dc1bc205-c656-4131-aeb7-017f2f697be6|rpc:10.1.0.41:41989|priority:1, d086c87f-93e9-45d6-b128-13443993bfce|rpc:10.1.0.41:44933|priority:0, 3c589ed3-8908-4216-b526-1467ebcaa331|rpc:10.1.0.41:34563|priority:0], old=null
2021-08-14 01:18:26,888 [pool-73-thread-1] INFO  server.RaftServer$Division (RaftServerImpl.java:setRole(285)) - d086c87f-93e9-45d6-b128-13443993bfce@group-4B356EB9896A: changes role from      null to FOLLOWER at term 0 for startAsFollower
2021-08-14 01:18:26,888 [pool-73-thread-1] INFO  impl.RoleInfo (RoleInfo.java:updateAndGet(130)) - d086c87f-93e9-45d6-b128-13443993bfce: start d086c87f-93e9-45d6-b128-13443993bfce@group-4B356EB9896A-FollowerState
2021-08-14 01:18:26,888 [pool-92-thread-1] INFO  server.RaftServerConfigKeys (ConfUtils.java:logGet(44)) - raft.server.log.segment.cache.num.max = 2 (custom)
2021-08-14 01:18:26,888 [pool-92-thread-1] INFO  server.RaftServerConfigKeys (ConfUtils.java:logGet(44)) - raft.server.log.segment.cache.size.max = 200MB (=209715200) (default)
2021-08-14 01:18:26,888 [pool-92-thread-1] INFO  segmented.SegmentedRaftLogWorker (SegmentedRaftLogWorker.java:<init>(182)) - new 3c589ed3-8908-4216-b526-1467ebcaa331@group-4B356EB9896A-SegmentedRaftLogWorker for RaftStorageImpl:Storage Directory /home/runner/work/ozone/ozone/hadoop-ozone/integration-test/target/test-dir/MiniOzoneClusterImpl-0159c105-9d83-42dd-92be-307c6655fab4/datanode-2/data/ratis/982af588-8138-4230-b4b4-4b356eb9896a
2021-08-14 01:18:26,888 [pool-92-thread-1] INFO  server.RaftServerConfigKeys (ConfUtils.java:logGet(44)) - raft.server.log.queue.byte-limit = 2147483647 (custom)
2021-08-14 01:18:26,888 [pool-92-thread-1] INFO  server.RaftServerConfigKeys (ConfUtils.java:logGet(44)) - raft.server.log.queue.element-limit = 1024 (custom)
2021-08-14 01:18:26,888 [pool-92-thread-1] INFO  server.RaftServerConfigKeys (ConfUtils.java:logGet(44)) - raft.server.log.segment.size.max = 1048576 (custom)
2021-08-14 01:18:26,888 [pool-92-thread-1] INFO  server.RaftServerConfigKeys (ConfUtils.java:logGet(44)) - raft.server.log.preallocated.size = 16384 (custom)
2021-08-14 01:18:26,888 [pool-92-thread-1] INFO  server.RaftServerConfigKeys (ConfUtils.java:logGet(44)) - raft.server.log.force.sync.num = 128 (default)
2021-08-14 01:18:26,889 [pool-92-thread-1] INFO  server.RaftServerConfigKeys (ConfUtils.java:logGet(44)) - raft.server.log.statemachine.data.sync = true (default)
2021-08-14 01:18:26,889 [pool-92-thread-1] INFO  server.RaftServerConfigKeys (ConfUtils.java:logGet(44)) - raft.server.log.statemachine.data.sync.timeout = 10s (default)
2021-08-14 01:18:26,889 [pool-92-thread-1] INFO  server.RaftServerConfigKeys (ConfUtils.java:logGet(44)) - raft.server.log.statemachine.data.sync.timeout.retry = -1 (default)
2021-08-14 01:18:26,889 [Datanode State Machine Thread - 0] WARN  statemachine.StateContext (StateContext.java:execute(621)) - No available thread in pool for past 0 seconds.
2021-08-14 01:18:26,891 [pool-73-thread-1] INFO  util.JmxRegister (JmxRegister.java:tryRegister(44)) - Successfully registered JMX Bean with object name Ratis:service=RaftServer,group=group-4B356EB9896A,id=d086c87f-93e9-45d6-b128-13443993bfce
2021-08-14 01:18:26,893 [Command processor thread] INFO  ratis.XceiverServerRatis (XceiverServerRatis.java:addGroup(763)) - Created group PipelineID=982af588-8138-4230-b4b4-4b356eb9896a
2021-08-14 01:18:26,895 [pool-92-thread-1] INFO  server.RaftServerConfigKeys (ConfUtils.java:logGet(44)) - raft.server.log.write.buffer.size = 1048576 (custom)
2021-08-14 01:18:26,895 [pool-92-thread-1] INFO  server.RaftServerConfigKeys (ConfUtils.java:logGet(44)) - raft.server.log.statemachine.data.caching.enabled = true (custom)
2021-08-14 01:18:26,899 [pool-92-thread-1] INFO  segmented.SegmentedRaftLogWorker (SegmentedRaftLogWorker.java:lambda$new$0(133)) - 3c589ed3-8908-4216-b526-1467ebcaa331@group-4B356EB9896A-SegmentedRaftLogWorker: flushIndex: setUnconditionally 0 -> -1
2021-08-14 01:18:26,899 [pool-92-thread-1] INFO  segmented.SegmentedRaftLogWorker (SegmentedRaftLogWorker.java:lambda$new$0(133)) - 3c589ed3-8908-4216-b526-1467ebcaa331@group-4B356EB9896A-SegmentedRaftLogWorker: safeCacheEvictIndex: setUnconditionally 0 -> -1
2021-08-14 01:18:26,908 [pool-92-thread-1] INFO  server.RaftServerConfigKeys (ConfUtils.java:logGet(44)) - raft.server.snapshot.auto.trigger.enabled = true (custom)
2021-08-14 01:18:26,908 [pool-92-thread-1] INFO  server.RaftServerConfigKeys (ConfUtils.java:logGet(44)) - raft.server.snapshot.auto.trigger.threshold = 1 (custom)
2021-08-14 01:18:26,909 [pool-92-thread-1] INFO  server.RaftServerConfigKeys (ConfUtils.java:logGet(44)) - raft.server.snapshot.retention.file.num = 5 (custom)
2021-08-14 01:18:26,909 [pool-92-thread-1] INFO  server.RaftServerConfigKeys (ConfUtils.java:logGet(44)) - raft.server.log.purge.upto.snapshot.index = false (default)
2021-08-14 01:18:26,909 [pool-92-thread-1] INFO  server.RaftServerConfigKeys (ConfUtils.java:logGet(44)) - raft.server.retrycache.expirytime = 600000ms (custom)
2021-08-14 01:18:26,909 [pool-92-thread-1] INFO  server.RaftServerConfigKeys (ConfUtils.java:logGet(44)) - raft.server.retrycache.statistics.expirytime = 100μs (default)
2021-08-14 01:18:26,916 [pool-92-thread-1] INFO  server.RaftServer$Division (RaftServerImpl.java:start(296)) - 3c589ed3-8908-4216-b526-1467ebcaa331@group-4B356EB9896A: start as a follower, conf=-1: [dc1bc205-c656-4131-aeb7-017f2f697be6|rpc:10.1.0.41:41989|dataStream:|priority:1, d086c87f-93e9-45d6-b128-13443993bfce|rpc:10.1.0.41:44933|dataStream:|priority:0, 3c589ed3-8908-4216-b526-1467ebcaa331|rpc:10.1.0.41:34563|dataStream:|priority:0], old=null
2021-08-14 01:18:26,917 [pool-92-thread-1] INFO  server.RaftServer$Division (RaftServerImpl.java:setRole(285)) - 3c589ed3-8908-4216-b526-1467ebcaa331@group-4B356EB9896A: changes role from      null to FOLLOWER at term 0 for startAsFollower
2021-08-14 01:18:26,917 [pool-92-thread-1] INFO  impl.RoleInfo (RoleInfo.java:updateAndGet(130)) - 3c589ed3-8908-4216-b526-1467ebcaa331: start 3c589ed3-8908-4216-b526-1467ebcaa331@group-4B356EB9896A-FollowerState
2021-08-14 01:18:26,921 [pool-92-thread-1] INFO  util.JmxRegister (JmxRegister.java:tryRegister(44)) - Successfully registered JMX Bean with object name Ratis:service=RaftServer,group=group-4B356EB9896A,id=3c589ed3-8908-4216-b526-1467ebcaa331
2021-08-14 01:18:26,978 [Command processor thread] INFO  server.RaftServer (RaftServerProxy.java:addNew(95)) - 3c589ed3-8908-4216-b526-1467ebcaa331: addNew group-A088502DC84F:[3c589ed3-8908-4216-b526-1467ebcaa331|rpc:10.1.0.41:34563|priority:1] returns group-A088502DC84F:java.util.concurrent.CompletableFuture@75f4e881[Not completed]
2021-08-14 01:18:26,983 [pool-92-thread-1] INFO  server.RaftServer$Division (RaftServerImpl.java:<init>(181)) - 3c589ed3-8908-4216-b526-1467ebcaa331: new RaftServerImpl for group-A088502DC84F:[3c589ed3-8908-4216-b526-1467ebcaa331|rpc:10.1.0.41:34563|priority:1] with ContainerStateMachine:uninitialized
2021-08-14 01:18:26,984 [pool-92-thread-1] INFO  server.RaftServerConfigKeys (ConfUtils.java:logGet(44)) - raft.server.rpc.timeout.min = 5s (custom)
2021-08-14 01:18:26,984 [pool-92-thread-1] INFO  server.RaftServerConfigKeys (ConfUtils.java:logGet(44)) - raft.server.rpc.timeout.max = 5200ms (custom)
2021-08-14 01:18:26,984 [pool-92-thread-1] INFO  server.RaftServerConfigKeys (ConfUtils.java:logGet(44)) - raft.server.rpc.sleep.time = 25ms (default)
2021-08-14 01:18:26,984 [pool-92-thread-1] INFO  server.RaftServerConfigKeys (ConfUtils.java:logGet(44)) - raft.server.rpc.slowness.timeout = 300000ms (custom)
2021-08-14 01:18:26,984 [pool-92-thread-1] INFO  server.RaftServerConfigKeys (ConfUtils.java:logGet(44)) - raft.server.leaderelection.leader.step-down.wait-time = 10s (default)
2021-08-14 01:18:26,984 [pool-92-thread-1] INFO  server.RaftServerConfigKeys (ConfUtils.java:logGet(44)) - raft.server.sleep.deviation.threshold = 300ms (default)
2021-08-14 01:18:26,984 [pool-92-thread-1] INFO  server.RaftServerConfigKeys (ConfUtils.java:logGet(44)) - raft.server.log.appender.install.snapshot.enabled = false (custom)
2021-08-14 01:18:26,984 [pool-92-thread-1] INFO  server.RaftServer$Division (ServerState.java:<init>(105)) - 3c589ed3-8908-4216-b526-1467ebcaa331@group-A088502DC84F: ConfigurationManager, init=-1: [3c589ed3-8908-4216-b526-1467ebcaa331|rpc:10.1.0.41:34563|priority:1], old=null, confs=<EMPTY_MAP>
2021-08-14 01:18:26,984 [pool-92-thread-1] INFO  server.RaftServerConfigKeys (ConfUtils.java:logGet(44)) - raft.server.storage.dir = [/home/runner/work/ozone/ozone/hadoop-ozone/integration-test/target/test-dir/MiniOzoneClusterImpl-0159c105-9d83-42dd-92be-307c6655fab4/datanode-2/data/ratis] (custom)
2021-08-14 01:18:26,984 [pool-92-thread-1] INFO  server.RaftServerConfigKeys (ConfUtils.java:logGet(44)) - raft.server.log.corruption.policy = EXCEPTION (default)
2021-08-14 01:18:26,984 [pool-92-thread-1] INFO  server.RaftServerConfigKeys (ConfUtils.java:logGet(44)) - raft.server.storage.free-space.min = 0MB (=0) (default)
2021-08-14 01:18:26,985 [pool-92-thread-1] INFO  storage.RaftStorageDirectory (RaftStorageDirectoryImpl.java:analyzeStorage(135)) - The storage directory /home/runner/work/ozone/ozone/hadoop-ozone/integration-test/target/test-dir/MiniOzoneClusterImpl-0159c105-9d83-42dd-92be-307c6655fab4/datanode-2/data/ratis/d95aba07-9faf-4ebd-9215-a088502dc84f does not exist. Creating ...
2021-08-14 01:18:26,986 [pool-92-thread-1] INFO  storage.RaftStorageDirectory (RaftStorageDirectoryImpl.java:tryLock(230)) - Lock on /home/runner/work/ozone/ozone/hadoop-ozone/integration-test/target/test-dir/MiniOzoneClusterImpl-0159c105-9d83-42dd-92be-307c6655fab4/datanode-2/data/ratis/d95aba07-9faf-4ebd-9215-a088502dc84f/in_use.lock acquired by nodename 682@fv-az395-768
2021-08-14 01:18:26,987 [Command processor thread] INFO  commandhandler.CreatePipelineCommandHandler (CreatePipelineCommandHandler.java:handle(106)) - Created Pipeline RATIS THREE PipelineID=982af588-8138-4230-b4b4-4b356eb9896a.
2021-08-14 01:18:26,988 [pool-92-thread-1] INFO  storage.RaftStorage (RaftStorageImpl.java:format(89)) - Storage directory /home/runner/work/ozone/ozone/hadoop-ozone/integration-test/target/test-dir/MiniOzoneClusterImpl-0159c105-9d83-42dd-92be-307c6655fab4/datanode-2/data/ratis/d95aba07-9faf-4ebd-9215-a088502dc84f has been successfully formatted.
2021-08-14 01:18:26,989 [pool-92-thread-1] INFO  ratis.ContainerStateMachine (ContainerStateMachine.java:loadSnapshot(225)) - group-A088502DC84F: The snapshot info is null. Setting the last applied indexto:(t:0, i:~)
2021-08-14 01:18:26,989 [pool-92-thread-1] INFO  server.RaftServerConfigKeys (ConfUtils.java:logGet(44)) - raft.server.notification.no-leader.timeout = 300000ms (custom)
2021-08-14 01:18:26,989 [pool-92-thread-1] INFO  server.RaftServerConfigKeys (ConfUtils.java:logGet(44)) - raft.server.log.use.memory = false (default)
2021-08-14 01:18:26,989 [pool-92-thread-1] INFO  server.RaftServerConfigKeys (ConfUtils.java:logGet(44)) - raft.server.log.purge.gap = 1000000 (custom)
2021-08-14 01:18:26,989 [pool-92-thread-1] INFO  server.RaftServerConfigKeys (ConfUtils.java:logGet(44)) - raft.server.log.appender.buffer.byte-limit = 33554432 (custom)
2021-08-14 01:18:26,990 [pool-92-thread-1] INFO  server.RaftServerConfigKeys (ConfUtils.java:logGet(44)) - raft.server.log.segment.size.max = 1048576 (custom)
2021-08-14 01:18:26,990 [pool-92-thread-1] INFO  server.RaftServerConfigKeys (ConfUtils.java:logGet(44)) - raft.server.log.segment.cache.num.max = 2 (custom)
2021-08-14 01:18:26,990 [pool-92-thread-1] INFO  server.RaftServerConfigKeys (ConfUtils.java:logGet(44)) - raft.server.log.segment.cache.size.max = 200MB (=209715200) (default)
2021-08-14 01:18:26,990 [EventQueue-PipelineReportForPipelineReportHandler] INFO  pipeline.PipelineManagerImpl (PipelineManagerImpl.java:openPipeline(283)) - Pipeline Pipeline[ Id: d95aba07-9faf-4ebd-9215-a088502dc84f, Nodes: 3c589ed3-8908-4216-b526-1467ebcaa331{ip: 10.1.0.41, host: fv-az395-768.zfmzfyrfkyou3ow0tsr0jxwq1e.bx.internal.cloudapp.net, ports: [REPLICATION=43939, RATIS=34563, RATIS_ADMIN=34563, RATIS_SERVER=34563, STANDALONE=42419], networkLocation: /default-rack, certSerialId: null, persistedOpState: IN_SERVICE, persistedOpStateExpiryEpochSec: 0}, ReplicationConfig: RATIS/ONE, State:ALLOCATED, leaderId:3c589ed3-8908-4216-b526-1467ebcaa331, CreationTimestamp2021-08-14T01:18:23.982Z[Etc/UTC]] moved to OPEN state
2021-08-14 01:18:26,991 [EventQueue-OpenPipelineForHealthyPipelineSafeModeRule] INFO  safemode.SCMSafeModeManager (HealthyPipelineSafeModeRule.java:process(124)) - SCM in safe mode. Healthy pipelines reported count is 0, required healthy pipeline reported count is 1
2021-08-14 01:18:26,990 [pool-92-thread-1] INFO  segmented.SegmentedRaftLogWorker (SegmentedRaftLogWorker.java:<init>(182)) - new 3c589ed3-8908-4216-b526-1467ebcaa331@group-A088502DC84F-SegmentedRaftLogWorker for RaftStorageImpl:Storage Directory /home/runner/work/ozone/ozone/hadoop-ozone/integration-test/target/test-dir/MiniOzoneClusterImpl-0159c105-9d83-42dd-92be-307c6655fab4/datanode-2/data/ratis/d95aba07-9faf-4ebd-9215-a088502dc84f
2021-08-14 01:18:26,995 [pool-92-thread-1] INFO  server.RaftServerConfigKeys (ConfUtils.java:logGet(44)) - raft.server.log.queue.byte-limit = 2147483647 (custom)
2021-08-14 01:18:26,995 [pool-92-thread-1] INFO  server.RaftServerConfigKeys (ConfUtils.java:logGet(44)) - raft.server.log.queue.element-limit = 1024 (custom)
2021-08-14 01:18:26,995 [pool-92-thread-1] INFO  server.RaftServerConfigKeys (ConfUtils.java:logGet(44)) - raft.server.log.segment.size.max = 1048576 (custom)
2021-08-14 01:18:26,995 [pool-92-thread-1] INFO  server.RaftServerConfigKeys (ConfUtils.java:logGet(44)) - raft.server.log.preallocated.size = 16384 (custom)
2021-08-14 01:18:26,995 [pool-92-thread-1] INFO  server.RaftServerConfigKeys (ConfUtils.java:logGet(44)) - raft.server.log.force.sync.num = 128 (default)
2021-08-14 01:18:26,995 [pool-92-thread-1] INFO  server.RaftServerConfigKeys (ConfUtils.java:logGet(44)) - raft.server.log.statemachine.data.sync = true (default)
2021-08-14 01:18:26,996 [pool-92-thread-1] INFO  server.RaftServerConfigKeys (ConfUtils.java:logGet(44)) - raft.server.log.statemachine.data.sync.timeout = 10s (default)
2021-08-14 01:18:26,996 [pool-92-thread-1] INFO  server.RaftServerConfigKeys (ConfUtils.java:logGet(44)) - raft.server.log.statemachine.data.sync.timeout.retry = -1 (default)
2021-08-14 01:18:27,003 [pool-92-thread-1] INFO  server.RaftServerConfigKeys (ConfUtils.java:logGet(44)) - raft.server.log.write.buffer.size = 1048576 (custom)
2021-08-14 01:18:27,005 [pool-92-thread-1] INFO  server.RaftServerConfigKeys (ConfUtils.java:logGet(44)) - raft.server.log.statemachine.data.caching.enabled = true (custom)
2021-08-14 01:18:27,008 [pool-92-thread-1] INFO  segmented.SegmentedRaftLogWorker (SegmentedRaftLogWorker.java:lambda$new$0(133)) - 3c589ed3-8908-4216-b526-1467ebcaa331@group-A088502DC84F-SegmentedRaftLogWorker: flushIndex: setUnconditionally 0 -> -1
2021-08-14 01:18:27,008 [pool-92-thread-1] INFO  segmented.SegmentedRaftLogWorker (SegmentedRaftLogWorker.java:lambda$new$0(133)) - 3c589ed3-8908-4216-b526-1467ebcaa331@group-A088502DC84F-SegmentedRaftLogWorker: safeCacheEvictIndex: setUnconditionally 0 -> -1
2021-08-14 01:18:27,009 [pool-92-thread-1] INFO  server.RaftServerConfigKeys (ConfUtils.java:logGet(44)) - raft.server.snapshot.auto.trigger.enabled = true (custom)
2021-08-14 01:18:27,009 [pool-92-thread-1] INFO  server.RaftServerConfigKeys (ConfUtils.java:logGet(44)) - raft.server.snapshot.auto.trigger.threshold = 1 (custom)
2021-08-14 01:18:27,009 [pool-92-thread-1] INFO  server.RaftServerConfigKeys (ConfUtils.java:logGet(44)) - raft.server.snapshot.retention.file.num = 5 (custom)
2021-08-14 01:18:27,009 [pool-92-thread-1] INFO  server.RaftServerConfigKeys (ConfUtils.java:logGet(44)) - raft.server.log.purge.upto.snapshot.index = false (default)
2021-08-14 01:18:27,009 [pool-92-thread-1] INFO  server.RaftServerConfigKeys (ConfUtils.java:logGet(44)) - raft.server.retrycache.expirytime = 600000ms (custom)
2021-08-14 01:18:27,009 [pool-92-thread-1] INFO  server.RaftServerConfigKeys (ConfUtils.java:logGet(44)) - raft.server.retrycache.statistics.expirytime = 100μs (default)
2021-08-14 01:18:27,011 [Command processor thread] INFO  commandhandler.CreatePipelineCommandHandler (CreatePipelineCommandHandler.java:handle(106)) - Created Pipeline RATIS THREE PipelineID=982af588-8138-4230-b4b4-4b356eb9896a.
2021-08-14 01:18:27,012 [pool-92-thread-1] INFO  server.RaftServer$Division (RaftServerImpl.java:start(296)) - 3c589ed3-8908-4216-b526-1467ebcaa331@group-A088502DC84F: start as a follower, conf=-1: [3c589ed3-8908-4216-b526-1467ebcaa331|rpc:10.1.0.41:34563|priority:1], old=null
2021-08-14 01:18:27,012 [pool-92-thread-1] INFO  server.RaftServer$Division (RaftServerImpl.java:setRole(285)) - 3c589ed3-8908-4216-b526-1467ebcaa331@group-A088502DC84F: changes role from      null to FOLLOWER at term 0 for startAsFollower
2021-08-14 01:18:27,013 [pool-92-thread-1] INFO  impl.RoleInfo (RoleInfo.java:updateAndGet(130)) - 3c589ed3-8908-4216-b526-1467ebcaa331: start 3c589ed3-8908-4216-b526-1467ebcaa331@group-A088502DC84F-FollowerState
2021-08-14 01:18:27,013 [pool-92-thread-1] INFO  util.JmxRegister (JmxRegister.java:tryRegister(44)) - Successfully registered JMX Bean with object name Ratis:service=RaftServer,group=group-A088502DC84F,id=3c589ed3-8908-4216-b526-1467ebcaa331
2021-08-14 01:18:27,014 [Command processor thread] INFO  ratis.XceiverServerRatis (XceiverServerRatis.java:addGroup(763)) - Created group PipelineID=d95aba07-9faf-4ebd-9215-a088502dc84f
2021-08-14 01:18:27,014 [Command processor thread] INFO  commandhandler.CreatePipelineCommandHandler (CreatePipelineCommandHandler.java:handle(106)) - Created Pipeline RATIS ONE PipelineID=d95aba07-9faf-4ebd-9215-a088502dc84f.
2021-08-14 01:18:27,031 [EventQueue-OpenPipelineForHealthyPipelineSafeModeRule] INFO  safemode.SCMSafeModeManager (HealthyPipelineSafeModeRule.java:process(124)) - SCM in safe mode. Healthy pipelines reported count is 0, required healthy pipeline reported count is 1
2021-08-14 01:18:27,191 [EventQueue-OpenPipelineForHealthyPipelineSafeModeRule] INFO  safemode.SCMSafeModeManager (HealthyPipelineSafeModeRule.java:process(124)) - SCM in safe mode. Healthy pipelines reported count is 0, required healthy pipeline reported count is 1
2021-08-14 01:18:27,199 [Command processor thread] INFO  server.RaftServer (RaftServerProxy.java:addNew(95)) - e001c49e-a42c-4009-8532-6b023fb26190: addNew group-4B23B5613FD9:[e001c49e-a42c-4009-8532-6b023fb26190|rpc:10.1.0.41:44999|priority:1] returns group-4B23B5613FD9:java.util.concurrent.CompletableFuture@591180b4[Not completed]
2021-08-14 01:18:27,201 [pool-111-thread-1] INFO  server.RaftServer$Division (RaftServerImpl.java:<init>(181)) - e001c49e-a42c-4009-8532-6b023fb26190: new RaftServerImpl for group-4B23B5613FD9:[e001c49e-a42c-4009-8532-6b023fb26190|rpc:10.1.0.41:44999|priority:1] with ContainerStateMachine:uninitialized
2021-08-14 01:18:27,201 [pool-111-thread-1] INFO  server.RaftServerConfigKeys (ConfUtils.java:logGet(44)) - raft.server.rpc.timeout.min = 5s (custom)
2021-08-14 01:18:27,202 [pool-111-thread-1] INFO  server.RaftServerConfigKeys (ConfUtils.java:logGet(44)) - raft.server.rpc.timeout.max = 5200ms (custom)
2021-08-14 01:18:27,202 [pool-111-thread-1] INFO  server.RaftServerConfigKeys (ConfUtils.java:logGet(44)) - raft.server.rpc.sleep.time = 25ms (default)
2021-08-14 01:18:27,202 [pool-111-thread-1] INFO  server.RaftServerConfigKeys (ConfUtils.java:logGet(44)) - raft.server.rpc.slowness.timeout = 300000ms (custom)
2021-08-14 01:18:27,202 [pool-111-thread-1] INFO  server.RaftServerConfigKeys (ConfUtils.java:logGet(44)) - raft.server.leaderelection.leader.step-down.wait-time = 10s (default)
2021-08-14 01:18:27,202 [pool-111-thread-1] INFO  server.RaftServerConfigKeys (ConfUtils.java:logGet(44)) - raft.server.sleep.deviation.threshold = 300ms (default)
2021-08-14 01:18:27,202 [pool-111-thread-1] INFO  server.RaftServerConfigKeys (ConfUtils.java:logGet(44)) - raft.server.log.appender.install.snapshot.enabled = false (custom)
2021-08-14 01:18:27,203 [pool-111-thread-1] INFO  server.RaftServer$Division (ServerState.java:<init>(105)) - e001c49e-a42c-4009-8532-6b023fb26190@group-4B23B5613FD9: ConfigurationManager, init=-1: [e001c49e-a42c-4009-8532-6b023fb26190|rpc:10.1.0.41:44999|priority:1], old=null, confs=<EMPTY_MAP>
2021-08-14 01:18:27,203 [pool-111-thread-1] INFO  server.RaftServerConfigKeys (ConfUtils.java:logGet(44)) - raft.server.storage.dir = [/home/runner/work/ozone/ozone/hadoop-ozone/integration-test/target/test-dir/MiniOzoneClusterImpl-0159c105-9d83-42dd-92be-307c6655fab4/datanode-3/data/ratis] (custom)
2021-08-14 01:18:27,203 [pool-111-thread-1] INFO  server.RaftServerConfigKeys (ConfUtils.java:logGet(44)) - raft.server.log.corruption.policy = EXCEPTION (default)
2021-08-14 01:18:27,203 [pool-111-thread-1] INFO  server.RaftServerConfigKeys (ConfUtils.java:logGet(44)) - raft.server.storage.free-space.min = 0MB (=0) (default)
2021-08-14 01:18:27,203 [pool-111-thread-1] INFO  storage.RaftStorageDirectory (RaftStorageDirectoryImpl.java:analyzeStorage(135)) - The storage directory /home/runner/work/ozone/ozone/hadoop-ozone/integration-test/target/test-dir/MiniOzoneClusterImpl-0159c105-9d83-42dd-92be-307c6655fab4/datanode-3/data/ratis/80e47de2-3329-42e6-b6c5-4b23b5613fd9 does not exist. Creating ...
2021-08-14 01:18:27,205 [pool-111-thread-1] INFO  storage.RaftStorageDirectory (RaftStorageDirectoryImpl.java:tryLock(230)) - Lock on /home/runner/work/ozone/ozone/hadoop-ozone/integration-test/target/test-dir/MiniOzoneClusterImpl-0159c105-9d83-42dd-92be-307c6655fab4/datanode-3/data/ratis/80e47de2-3329-42e6-b6c5-4b23b5613fd9/in_use.lock acquired by nodename 682@fv-az395-768
2021-08-14 01:18:27,207 [pool-111-thread-1] INFO  storage.RaftStorage (RaftStorageImpl.java:format(89)) - Storage directory /home/runner/work/ozone/ozone/hadoop-ozone/integration-test/target/test-dir/MiniOzoneClusterImpl-0159c105-9d83-42dd-92be-307c6655fab4/datanode-3/data/ratis/80e47de2-3329-42e6-b6c5-4b23b5613fd9 has been successfully formatted.
2021-08-14 01:18:27,209 [pool-111-thread-1] INFO  ratis.ContainerStateMachine (ContainerStateMachine.java:loadSnapshot(225)) - group-4B23B5613FD9: The snapshot info is null. Setting the last applied indexto:(t:0, i:~)
2021-08-14 01:18:27,209 [pool-111-thread-1] INFO  server.RaftServerConfigKeys (ConfUtils.java:logGet(44)) - raft.server.notification.no-leader.timeout = 300000ms (custom)
2021-08-14 01:18:27,210 [EventQueue-PipelineReportForPipelineReportHandler] INFO  pipeline.PipelineManagerImpl (PipelineManagerImpl.java:openPipeline(283)) - Pipeline Pipeline[ Id: 80e47de2-3329-42e6-b6c5-4b23b5613fd9, Nodes: e001c49e-a42c-4009-8532-6b023fb26190{ip: 10.1.0.41, host: fv-az395-768.zfmzfyrfkyou3ow0tsr0jxwq1e.bx.internal.cloudapp.net, ports: [REPLICATION=39865, RATIS=44999, RATIS_ADMIN=44999, RATIS_SERVER=44999, STANDALONE=38583], networkLocation: /default-rack, certSerialId: null, persistedOpState: IN_SERVICE, persistedOpStateExpiryEpochSec: 0}, ReplicationConfig: RATIS/ONE, State:ALLOCATED, leaderId:e001c49e-a42c-4009-8532-6b023fb26190, CreationTimestamp2021-08-14T01:18:24.205Z[Etc/UTC]] moved to OPEN state
2021-08-14 01:18:27,213 [EventQueue-OpenPipelineForHealthyPipelineSafeModeRule] INFO  safemode.SCMSafeModeManager (HealthyPipelineSafeModeRule.java:process(124)) - SCM in safe mode. Healthy pipelines reported count is 0, required healthy pipeline reported count is 1
2021-08-14 01:18:27,213 [pool-111-thread-1] INFO  server.RaftServerConfigKeys (ConfUtils.java:logGet(44)) - raft.server.log.use.memory = false (default)
2021-08-14 01:18:27,215 [pool-111-thread-1] INFO  server.RaftServerConfigKeys (ConfUtils.java:logGet(44)) - raft.server.log.purge.gap = 1000000 (custom)
2021-08-14 01:18:27,215 [pool-111-thread-1] INFO  server.RaftServerConfigKeys (ConfUtils.java:logGet(44)) - raft.server.log.appender.buffer.byte-limit = 33554432 (custom)
2021-08-14 01:18:27,215 [pool-111-thread-1] INFO  server.RaftServerConfigKeys (ConfUtils.java:logGet(44)) - raft.server.log.segment.size.max = 1048576 (custom)
2021-08-14 01:18:27,217 [pool-111-thread-1] INFO  server.RaftServerConfigKeys (ConfUtils.java:logGet(44)) - raft.server.log.segment.cache.num.max = 2 (custom)
2021-08-14 01:18:27,217 [pool-111-thread-1] INFO  server.RaftServerConfigKeys (ConfUtils.java:logGet(44)) - raft.server.log.segment.cache.size.max = 200MB (=209715200) (default)
2021-08-14 01:18:27,217 [pool-111-thread-1] INFO  segmented.SegmentedRaftLogWorker (SegmentedRaftLogWorker.java:<init>(182)) - new e001c49e-a42c-4009-8532-6b023fb26190@group-4B23B5613FD9-SegmentedRaftLogWorker for RaftStorageImpl:Storage Directory /home/runner/work/ozone/ozone/hadoop-ozone/integration-test/target/test-dir/MiniOzoneClusterImpl-0159c105-9d83-42dd-92be-307c6655fab4/datanode-3/data/ratis/80e47de2-3329-42e6-b6c5-4b23b5613fd9
2021-08-14 01:18:27,217 [pool-111-thread-1] INFO  server.RaftServerConfigKeys (ConfUtils.java:logGet(44)) - raft.server.log.queue.byte-limit = 2147483647 (custom)
2021-08-14 01:18:27,217 [pool-111-thread-1] INFO  server.RaftServerConfigKeys (ConfUtils.java:logGet(44)) - raft.server.log.queue.element-limit = 1024 (custom)
2021-08-14 01:18:27,217 [pool-111-thread-1] INFO  server.RaftServerConfigKeys (ConfUtils.java:logGet(44)) - raft.server.log.segment.size.max = 1048576 (custom)
2021-08-14 01:18:27,218 [pool-111-thread-1] INFO  server.RaftServerConfigKeys (ConfUtils.java:logGet(44)) - raft.server.log.preallocated.size = 16384 (custom)
2021-08-14 01:18:27,218 [pool-111-thread-1] INFO  server.RaftServerConfigKeys (ConfUtils.java:logGet(44)) - raft.server.log.force.sync.num = 128 (default)
2021-08-14 01:18:27,218 [pool-111-thread-1] INFO  server.RaftServerConfigKeys (ConfUtils.java:logGet(44)) - raft.server.log.statemachine.data.sync = true (default)
2021-08-14 01:18:27,218 [pool-111-thread-1] INFO  server.RaftServerConfigKeys (ConfUtils.java:logGet(44)) - raft.server.log.statemachine.data.sync.timeout = 10s (default)
2021-08-14 01:18:27,218 [pool-111-thread-1] INFO  server.RaftServerConfigKeys (ConfUtils.java:logGet(44)) - raft.server.log.statemachine.data.sync.timeout.retry = -1 (default)
2021-08-14 01:18:27,222 [pool-111-thread-1] INFO  server.RaftServerConfigKeys (ConfUtils.java:logGet(44)) - raft.server.log.write.buffer.size = 1048576 (custom)
2021-08-14 01:18:27,223 [pool-111-thread-1] INFO  server.RaftServerConfigKeys (ConfUtils.java:logGet(44)) - raft.server.log.statemachine.data.caching.enabled = true (custom)
2021-08-14 01:18:27,224 [pool-111-thread-1] INFO  segmented.SegmentedRaftLogWorker (SegmentedRaftLogWorker.java:lambda$new$0(133)) - e001c49e-a42c-4009-8532-6b023fb26190@group-4B23B5613FD9-SegmentedRaftLogWorker: flushIndex: setUnconditionally 0 -> -1
2021-08-14 01:18:27,224 [pool-111-thread-1] INFO  segmented.SegmentedRaftLogWorker (SegmentedRaftLogWorker.java:lambda$new$0(133)) - e001c49e-a42c-4009-8532-6b023fb26190@group-4B23B5613FD9-SegmentedRaftLogWorker: safeCacheEvictIndex: setUnconditionally 0 -> -1
2021-08-14 01:18:27,227 [pool-111-thread-1] INFO  server.RaftServerConfigKeys (ConfUtils.java:logGet(44)) - raft.server.snapshot.auto.trigger.enabled = true (custom)
2021-08-14 01:18:27,227 [pool-111-thread-1] INFO  server.RaftServerConfigKeys (ConfUtils.java:logGet(44)) - raft.server.snapshot.auto.trigger.threshold = 1 (custom)
2021-08-14 01:18:27,227 [pool-111-thread-1] INFO  server.RaftServerConfigKeys (ConfUtils.java:logGet(44)) - raft.server.snapshot.retention.file.num = 5 (custom)
2021-08-14 01:18:27,227 [pool-111-thread-1] INFO  server.RaftServerConfigKeys (ConfUtils.java:logGet(44)) - raft.server.log.purge.upto.snapshot.index = false (default)
2021-08-14 01:18:27,227 [pool-111-thread-1] INFO  server.RaftServerConfigKeys (ConfUtils.java:logGet(44)) - raft.server.retrycache.expirytime = 600000ms (custom)
2021-08-14 01:18:27,227 [pool-111-thread-1] INFO  server.RaftServerConfigKeys (ConfUtils.java:logGet(44)) - raft.server.retrycache.statistics.expirytime = 100μs (default)
2021-08-14 01:18:27,229 [pool-111-thread-1] INFO  server.RaftServer$Division (RaftServerImpl.java:start(296)) - e001c49e-a42c-4009-8532-6b023fb26190@group-4B23B5613FD9: start as a follower, conf=-1: [e001c49e-a42c-4009-8532-6b023fb26190|rpc:10.1.0.41:44999|priority:1], old=null
2021-08-14 01:18:27,230 [pool-111-thread-1] INFO  server.RaftServer$Division (RaftServerImpl.java:setRole(285)) - e001c49e-a42c-4009-8532-6b023fb26190@group-4B23B5613FD9: changes role from      null to FOLLOWER at term 0 for startAsFollower
2021-08-14 01:18:27,230 [pool-111-thread-1] INFO  impl.RoleInfo (RoleInfo.java:updateAndGet(130)) - e001c49e-a42c-4009-8532-6b023fb26190: start e001c49e-a42c-4009-8532-6b023fb26190@group-4B23B5613FD9-FollowerState
2021-08-14 01:18:27,231 [pool-111-thread-1] INFO  util.JmxRegister (JmxRegister.java:tryRegister(44)) - Successfully registered JMX Bean with object name Ratis:service=RaftServer,group=group-4B23B5613FD9,id=e001c49e-a42c-4009-8532-6b023fb26190
2021-08-14 01:18:27,231 [EventQueue-OpenPipelineForHealthyPipelineSafeModeRule] INFO  safemode.SCMSafeModeManager (HealthyPipelineSafeModeRule.java:process(124)) - SCM in safe mode. Healthy pipelines reported count is 0, required healthy pipeline reported count is 1
2021-08-14 01:18:27,232 [Command processor thread] INFO  ratis.XceiverServerRatis (XceiverServerRatis.java:addGroup(763)) - Created group PipelineID=80e47de2-3329-42e6-b6c5-4b23b5613fd9
2021-08-14 01:18:27,232 [Command processor thread] INFO  commandhandler.CreatePipelineCommandHandler (CreatePipelineCommandHandler.java:handle(106)) - Created Pipeline RATIS ONE PipelineID=80e47de2-3329-42e6-b6c5-4b23b5613fd9.
2021-08-14 01:18:27,232 [Command processor thread] INFO  server.RaftServer (RaftServerProxy.java:addNew(95)) - e001c49e-a42c-4009-8532-6b023fb26190: addNew group-1F605C6D1329:[285644d5-5d69-4e05-afbc-1ae5a883cebd|rpc:10.1.0.41:34921|priority:0, ac78b934-d09a-4407-918e-43db40751b5e|rpc:10.1.0.41:43943|priority:0, e001c49e-a42c-4009-8532-6b023fb26190|rpc:10.1.0.41:44999|priority:1] returns group-1F605C6D1329:java.util.concurrent.CompletableFuture@5d2e0f4e[Not completed]
2021-08-14 01:18:27,233 [pool-111-thread-1] INFO  server.RaftServer$Division (RaftServerImpl.java:<init>(181)) - e001c49e-a42c-4009-8532-6b023fb26190: new RaftServerImpl for group-1F605C6D1329:[285644d5-5d69-4e05-afbc-1ae5a883cebd|rpc:10.1.0.41:34921|priority:0, ac78b934-d09a-4407-918e-43db40751b5e|rpc:10.1.0.41:43943|priority:0, e001c49e-a42c-4009-8532-6b023fb26190|rpc:10.1.0.41:44999|priority:1] with ContainerStateMachine:uninitialized
2021-08-14 01:18:27,234 [pool-111-thread-1] INFO  server.RaftServerConfigKeys (ConfUtils.java:logGet(44)) - raft.server.rpc.timeout.min = 5s (custom)
2021-08-14 01:18:27,234 [pool-111-thread-1] INFO  server.RaftServerConfigKeys (ConfUtils.java:logGet(44)) - raft.server.rpc.timeout.max = 5200ms (custom)
2021-08-14 01:18:27,234 [pool-111-thread-1] INFO  server.RaftServerConfigKeys (ConfUtils.java:logGet(44)) - raft.server.rpc.sleep.time = 25ms (default)
2021-08-14 01:18:27,234 [pool-111-thread-1] INFO  server.RaftServerConfigKeys (ConfUtils.java:logGet(44)) - raft.server.rpc.slowness.timeout = 300000ms (custom)
2021-08-14 01:18:27,234 [pool-111-thread-1] INFO  server.RaftServerConfigKeys (ConfUtils.java:logGet(44)) - raft.server.leaderelection.leader.step-down.wait-time = 10s (default)
2021-08-14 01:18:27,234 [pool-111-thread-1] INFO  server.RaftServerConfigKeys (ConfUtils.java:logGet(44)) - raft.server.sleep.deviation.threshold = 300ms (default)
2021-08-14 01:18:27,234 [pool-111-thread-1] INFO  server.RaftServerConfigKeys (ConfUtils.java:logGet(44)) - raft.server.log.appender.install.snapshot.enabled = false (custom)
2021-08-14 01:18:27,234 [pool-111-thread-1] INFO  server.RaftServer$Division (ServerState.java:<init>(105)) - e001c49e-a42c-4009-8532-6b023fb26190@group-1F605C6D1329: ConfigurationManager, init=-1: [285644d5-5d69-4e05-afbc-1ae5a883cebd|rpc:10.1.0.41:34921|priority:0, ac78b934-d09a-4407-918e-43db40751b5e|rpc:10.1.0.41:43943|priority:0, e001c49e-a42c-4009-8532-6b023fb26190|rpc:10.1.0.41:44999|priority:1], old=null, confs=<EMPTY_MAP>
2021-08-14 01:18:27,234 [pool-111-thread-1] INFO  server.RaftServerConfigKeys (ConfUtils.java:logGet(44)) - raft.server.storage.dir = [/home/runner/work/ozone/ozone/hadoop-ozone/integration-test/target/test-dir/MiniOzoneClusterImpl-0159c105-9d83-42dd-92be-307c6655fab4/datanode-3/data/ratis] (custom)
2021-08-14 01:18:27,234 [pool-111-thread-1] INFO  server.RaftServerConfigKeys (ConfUtils.java:logGet(44)) - raft.server.log.corruption.policy = EXCEPTION (default)
2021-08-14 01:18:27,234 [pool-111-thread-1] INFO  server.RaftServerConfigKeys (ConfUtils.java:logGet(44)) - raft.server.storage.free-space.min = 0MB (=0) (default)
2021-08-14 01:18:27,235 [pool-111-thread-1] INFO  storage.RaftStorageDirectory (RaftStorageDirectoryImpl.java:analyzeStorage(135)) - The storage directory /home/runner/work/ozone/ozone/hadoop-ozone/integration-test/target/test-dir/MiniOzoneClusterImpl-0159c105-9d83-42dd-92be-307c6655fab4/datanode-3/data/ratis/59e8ded7-2562-4d1c-871e-1f605c6d1329 does not exist. Creating ...
2021-08-14 01:18:27,238 [pool-111-thread-1] INFO  storage.RaftStorageDirectory (RaftStorageDirectoryImpl.java:tryLock(230)) - Lock on /home/runner/work/ozone/ozone/hadoop-ozone/integration-test/target/test-dir/MiniOzoneClusterImpl-0159c105-9d83-42dd-92be-307c6655fab4/datanode-3/data/ratis/59e8ded7-2562-4d1c-871e-1f605c6d1329/in_use.lock acquired by nodename 682@fv-az395-768
2021-08-14 01:18:27,240 [pool-111-thread-1] INFO  storage.RaftStorage (RaftStorageImpl.java:format(89)) - Storage directory /home/runner/work/ozone/ozone/hadoop-ozone/integration-test/target/test-dir/MiniOzoneClusterImpl-0159c105-9d83-42dd-92be-307c6655fab4/datanode-3/data/ratis/59e8ded7-2562-4d1c-871e-1f605c6d1329 has been successfully formatted.
2021-08-14 01:18:27,241 [Datanode State Machine Thread - 0] WARN  statemachine.StateContext (StateContext.java:execute(621)) - No available thread in pool for past 0 seconds.
2021-08-14 01:18:27,242 [pool-111-thread-1] INFO  ratis.ContainerStateMachine (ContainerStateMachine.java:loadSnapshot(225)) - group-1F605C6D1329: The snapshot info is null. Setting the last applied indexto:(t:0, i:~)
2021-08-14 01:18:27,242 [pool-111-thread-1] INFO  server.RaftServerConfigKeys (ConfUtils.java:logGet(44)) - raft.server.notification.no-leader.timeout = 300000ms (custom)
2021-08-14 01:18:27,242 [pool-111-thread-1] INFO  server.RaftServerConfigKeys (ConfUtils.java:logGet(44)) - raft.server.log.use.memory = false (default)
2021-08-14 01:18:27,242 [pool-111-thread-1] INFO  server.RaftServerConfigKeys (ConfUtils.java:logGet(44)) - raft.server.log.purge.gap = 1000000 (custom)
2021-08-14 01:18:27,242 [pool-111-thread-1] INFO  server.RaftServerConfigKeys (ConfUtils.java:logGet(44)) - raft.server.log.appender.buffer.byte-limit = 33554432 (custom)
2021-08-14 01:18:27,243 [EventQueue-OpenPipelineForHealthyPipelineSafeModeRule] INFO  safemode.SCMSafeModeManager (HealthyPipelineSafeModeRule.java:process(124)) - SCM in safe mode. Healthy pipelines reported count is 0, required healthy pipeline reported count is 1
2021-08-14 01:18:27,244 [pool-111-thread-1] INFO  server.RaftServerConfigKeys (ConfUtils.java:logGet(44)) - raft.server.log.segment.size.max = 1048576 (custom)
2021-08-14 01:18:27,245 [pool-111-thread-1] INFO  server.RaftServerConfigKeys (ConfUtils.java:logGet(44)) - raft.server.log.segment.cache.num.max = 2 (custom)
2021-08-14 01:18:27,245 [pool-111-thread-1] INFO  server.RaftServerConfigKeys (ConfUtils.java:logGet(44)) - raft.server.log.segment.cache.size.max = 200MB (=209715200) (default)
2021-08-14 01:18:27,245 [pool-111-thread-1] INFO  segmented.SegmentedRaftLogWorker (SegmentedRaftLogWorker.java:<init>(182)) - new e001c49e-a42c-4009-8532-6b023fb26190@group-1F605C6D1329-SegmentedRaftLogWorker for RaftStorageImpl:Storage Directory /home/runner/work/ozone/ozone/hadoop-ozone/integration-test/target/test-dir/MiniOzoneClusterImpl-0159c105-9d83-42dd-92be-307c6655fab4/datanode-3/data/ratis/59e8ded7-2562-4d1c-871e-1f605c6d1329
2021-08-14 01:18:27,245 [pool-111-thread-1] INFO  server.RaftServerConfigKeys (ConfUtils.java:logGet(44)) - raft.server.log.queue.byte-limit = 2147483647 (custom)
2021-08-14 01:18:27,245 [pool-111-thread-1] INFO  server.RaftServerConfigKeys (ConfUtils.java:logGet(44)) - raft.server.log.queue.element-limit = 1024 (custom)
2021-08-14 01:18:27,245 [pool-111-thread-1] INFO  server.RaftServerConfigKeys (ConfUtils.java:logGet(44)) - raft.server.log.segment.size.max = 1048576 (custom)
2021-08-14 01:18:27,245 [pool-111-thread-1] INFO  server.RaftServerConfigKeys (ConfUtils.java:logGet(44)) - raft.server.log.preallocated.size = 16384 (custom)
2021-08-14 01:18:27,246 [pool-111-thread-1] INFO  server.RaftServerConfigKeys (ConfUtils.java:logGet(44)) - raft.server.log.force.sync.num = 128 (default)
2021-08-14 01:18:27,246 [pool-111-thread-1] INFO  server.RaftServerConfigKeys (ConfUtils.java:logGet(44)) - raft.server.log.statemachine.data.sync = true (default)
2021-08-14 01:18:27,246 [pool-111-thread-1] INFO  server.RaftServerConfigKeys (ConfUtils.java:logGet(44)) - raft.server.log.statemachine.data.sync.timeout = 10s (default)
2021-08-14 01:18:27,246 [pool-111-thread-1] INFO  server.RaftServerConfigKeys (ConfUtils.java:logGet(44)) - raft.server.log.statemachine.data.sync.timeout.retry = -1 (default)
2021-08-14 01:18:27,247 [pool-111-thread-1] INFO  server.RaftServerConfigKeys (ConfUtils.java:logGet(44)) - raft.server.log.write.buffer.size = 1048576 (custom)
2021-08-14 01:18:27,248 [pool-111-thread-1] INFO  server.RaftServerConfigKeys (ConfUtils.java:logGet(44)) - raft.server.log.statemachine.data.caching.enabled = true (custom)
2021-08-14 01:18:27,248 [pool-111-thread-1] INFO  segmented.SegmentedRaftLogWorker (SegmentedRaftLogWorker.java:lambda$new$0(133)) - e001c49e-a42c-4009-8532-6b023fb26190@group-1F605C6D1329-SegmentedRaftLogWorker: flushIndex: setUnconditionally 0 -> -1
2021-08-14 01:18:27,248 [pool-111-thread-1] INFO  segmented.SegmentedRaftLogWorker (SegmentedRaftLogWorker.java:lambda$new$0(133)) - e001c49e-a42c-4009-8532-6b023fb26190@group-1F605C6D1329-SegmentedRaftLogWorker: safeCacheEvictIndex: setUnconditionally 0 -> -1
2021-08-14 01:18:27,248 [pool-111-thread-1] INFO  server.RaftServerConfigKeys (ConfUtils.java:logGet(44)) - raft.server.snapshot.auto.trigger.enabled = true (custom)
2021-08-14 01:18:27,248 [pool-111-thread-1] INFO  server.RaftServerConfigKeys (ConfUtils.java:logGet(44)) - raft.server.snapshot.auto.trigger.threshold = 1 (custom)
2021-08-14 01:18:27,249 [pool-111-thread-1] INFO  server.RaftServerConfigKeys (ConfUtils.java:logGet(44)) - raft.server.snapshot.retention.file.num = 5 (custom)
2021-08-14 01:18:27,249 [pool-111-thread-1] INFO  server.RaftServerConfigKeys (ConfUtils.java:logGet(44)) - raft.server.log.purge.upto.snapshot.index = false (default)
2021-08-14 01:18:27,249 [pool-111-thread-1] INFO  server.RaftServerConfigKeys (ConfUtils.java:logGet(44)) - raft.server.retrycache.expirytime = 600000ms (custom)
2021-08-14 01:18:27,249 [pool-111-thread-1] INFO  server.RaftServerConfigKeys (ConfUtils.java:logGet(44)) - raft.server.retrycache.statistics.expirytime = 100μs (default)
2021-08-14 01:18:27,250 [pool-111-thread-1] INFO  server.RaftServer$Division (RaftServerImpl.java:start(296)) - e001c49e-a42c-4009-8532-6b023fb26190@group-1F605C6D1329: start as a follower, conf=-1: [285644d5-5d69-4e05-afbc-1ae5a883cebd|rpc:10.1.0.41:34921|priority:0, ac78b934-d09a-4407-918e-43db40751b5e|rpc:10.1.0.41:43943|priority:0, e001c49e-a42c-4009-8532-6b023fb26190|rpc:10.1.0.41:44999|priority:1], old=null
2021-08-14 01:18:27,250 [pool-111-thread-1] INFO  server.RaftServer$Division (RaftServerImpl.java:setRole(285)) - e001c49e-a42c-4009-8532-6b023fb26190@group-1F605C6D1329: changes role from      null to FOLLOWER at term 0 for startAsFollower
2021-08-14 01:18:27,250 [pool-111-thread-1] INFO  impl.RoleInfo (RoleInfo.java:updateAndGet(130)) - e001c49e-a42c-4009-8532-6b023fb26190: start e001c49e-a42c-4009-8532-6b023fb26190@group-1F605C6D1329-FollowerState
2021-08-14 01:18:27,251 [pool-111-thread-1] INFO  util.JmxRegister (JmxRegister.java:tryRegister(44)) - Successfully registered JMX Bean with object name Ratis:service=RaftServer,group=group-1F605C6D1329,id=e001c49e-a42c-4009-8532-6b023fb26190
2021-08-14 01:18:27,252 [Command processor thread] INFO  ratis.XceiverServerRatis (XceiverServerRatis.java:addGroup(763)) - Created group PipelineID=59e8ded7-2562-4d1c-871e-1f605c6d1329
2021-08-14 01:18:27,267 [grpc-default-executor-1] INFO  server.RaftServer (RaftServerProxy.java:addNew(95)) - ac78b934-d09a-4407-918e-43db40751b5e: addNew group-1F605C6D1329:[285644d5-5d69-4e05-afbc-1ae5a883cebd|rpc:10.1.0.41:34921|dataStream:|priority:0, ac78b934-d09a-4407-918e-43db40751b5e|rpc:10.1.0.41:43943|dataStream:|priority:0, e001c49e-a42c-4009-8532-6b023fb26190|rpc:10.1.0.41:44999|dataStream:|priority:1] returns group-1F605C6D1329:java.util.concurrent.CompletableFuture@6991c8b[Not completed]
2021-08-14 01:18:27,272 [pool-149-thread-1] INFO  server.RaftServer$Division (RaftServerImpl.java:<init>(181)) - ac78b934-d09a-4407-918e-43db40751b5e: new RaftServerImpl for group-1F605C6D1329:[285644d5-5d69-4e05-afbc-1ae5a883cebd|rpc:10.1.0.41:34921|dataStream:|priority:0, ac78b934-d09a-4407-918e-43db40751b5e|rpc:10.1.0.41:43943|dataStream:|priority:0, e001c49e-a42c-4009-8532-6b023fb26190|rpc:10.1.0.41:44999|dataStream:|priority:1] with ContainerStateMachine:uninitialized
2021-08-14 01:18:27,273 [pool-149-thread-1] INFO  server.RaftServerConfigKeys (ConfUtils.java:logGet(44)) - raft.server.rpc.timeout.min = 5s (custom)
2021-08-14 01:18:27,273 [pool-149-thread-1] INFO  server.RaftServerConfigKeys (ConfUtils.java:logGet(44)) - raft.server.rpc.timeout.max = 5200ms (custom)
2021-08-14 01:18:27,275 [EventQueue-OpenPipelineForHealthyPipelineSafeModeRule] INFO  safemode.SCMSafeModeManager (HealthyPipelineSafeModeRule.java:process(124)) - SCM in safe mode. Healthy pipelines reported count is 0, required healthy pipeline reported count is 1
2021-08-14 01:18:27,275 [pool-149-thread-1] INFO  server.RaftServerConfigKeys (ConfUtils.java:logGet(44)) - raft.server.rpc.sleep.time = 25ms (default)
2021-08-14 01:18:27,275 [pool-149-thread-1] INFO  server.RaftServerConfigKeys (ConfUtils.java:logGet(44)) - raft.server.rpc.slowness.timeout = 300000ms (custom)
2021-08-14 01:18:27,276 [pool-149-thread-1] INFO  server.RaftServerConfigKeys (ConfUtils.java:logGet(44)) - raft.server.leaderelection.leader.step-down.wait-time = 10s (default)
2021-08-14 01:18:27,276 [pool-149-thread-1] INFO  server.RaftServerConfigKeys (ConfUtils.java:logGet(44)) - raft.server.sleep.deviation.threshold = 300ms (default)
2021-08-14 01:18:27,276 [pool-149-thread-1] INFO  server.RaftServerConfigKeys (ConfUtils.java:logGet(44)) - raft.server.log.appender.install.snapshot.enabled = false (custom)
2021-08-14 01:18:27,276 [pool-149-thread-1] INFO  server.RaftServer$Division (ServerState.java:<init>(105)) - ac78b934-d09a-4407-918e-43db40751b5e@group-1F605C6D1329: ConfigurationManager, init=-1: [285644d5-5d69-4e05-afbc-1ae5a883cebd|rpc:10.1.0.41:34921|dataStream:|priority:0, ac78b934-d09a-4407-918e-43db40751b5e|rpc:10.1.0.41:43943|dataStream:|priority:0, e001c49e-a42c-4009-8532-6b023fb26190|rpc:10.1.0.41:44999|dataStream:|priority:1], old=null, confs=<EMPTY_MAP>
2021-08-14 01:18:27,276 [pool-149-thread-1] INFO  server.RaftServerConfigKeys (ConfUtils.java:logGet(44)) - raft.server.storage.dir = [/home/runner/work/ozone/ozone/hadoop-ozone/integration-test/target/test-dir/MiniOzoneClusterImpl-0159c105-9d83-42dd-92be-307c6655fab4/datanode-5/data/ratis] (custom)
2021-08-14 01:18:27,276 [pool-149-thread-1] INFO  server.RaftServerConfigKeys (ConfUtils.java:logGet(44)) - raft.server.log.corruption.policy = EXCEPTION (default)
2021-08-14 01:18:27,277 [pool-149-thread-1] INFO  server.RaftServerConfigKeys (ConfUtils.java:logGet(44)) - raft.server.storage.free-space.min = 0MB (=0) (default)
2021-08-14 01:18:27,277 [pool-149-thread-1] INFO  storage.RaftStorageDirectory (RaftStorageDirectoryImpl.java:analyzeStorage(135)) - The storage directory /home/runner/work/ozone/ozone/hadoop-ozone/integration-test/target/test-dir/MiniOzoneClusterImpl-0159c105-9d83-42dd-92be-307c6655fab4/datanode-5/data/ratis/59e8ded7-2562-4d1c-871e-1f605c6d1329 does not exist. Creating ...
2021-08-14 01:18:27,280 [pool-149-thread-1] INFO  storage.RaftStorageDirectory (RaftStorageDirectoryImpl.java:tryLock(230)) - Lock on /home/runner/work/ozone/ozone/hadoop-ozone/integration-test/target/test-dir/MiniOzoneClusterImpl-0159c105-9d83-42dd-92be-307c6655fab4/datanode-5/data/ratis/59e8ded7-2562-4d1c-871e-1f605c6d1329/in_use.lock acquired by nodename 682@fv-az395-768
2021-08-14 01:18:27,282 [pool-149-thread-1] INFO  storage.RaftStorage (RaftStorageImpl.java:format(89)) - Storage directory /home/runner/work/ozone/ozone/hadoop-ozone/integration-test/target/test-dir/MiniOzoneClusterImpl-0159c105-9d83-42dd-92be-307c6655fab4/datanode-5/data/ratis/59e8ded7-2562-4d1c-871e-1f605c6d1329 has been successfully formatted.
2021-08-14 01:18:27,283 [Datanode State Machine Thread - 0] WARN  statemachine.StateContext (StateContext.java:execute(621)) - No available thread in pool for past 0 seconds.
2021-08-14 01:18:27,284 [pool-149-thread-1] INFO  ratis.ContainerStateMachine (ContainerStateMachine.java:loadSnapshot(225)) - group-1F605C6D1329: The snapshot info is null. Setting the last applied indexto:(t:0, i:~)
2021-08-14 01:18:27,284 [pool-149-thread-1] INFO  server.RaftServerConfigKeys (ConfUtils.java:logGet(44)) - raft.server.notification.no-leader.timeout = 300000ms (custom)
2021-08-14 01:18:27,284 [pool-149-thread-1] INFO  server.RaftServerConfigKeys (ConfUtils.java:logGet(44)) - raft.server.log.use.memory = false (default)
2021-08-14 01:18:27,284 [pool-149-thread-1] INFO  server.RaftServerConfigKeys (ConfUtils.java:logGet(44)) - raft.server.log.purge.gap = 1000000 (custom)
2021-08-14 01:18:27,284 [pool-149-thread-1] INFO  server.RaftServerConfigKeys (ConfUtils.java:logGet(44)) - raft.server.log.appender.buffer.byte-limit = 33554432 (custom)
2021-08-14 01:18:27,285 [pool-149-thread-1] INFO  server.RaftServerConfigKeys (ConfUtils.java:logGet(44)) - raft.server.log.segment.size.max = 1048576 (custom)
2021-08-14 01:18:27,285 [pool-149-thread-1] INFO  server.RaftServerConfigKeys (ConfUtils.java:logGet(44)) - raft.server.log.segment.cache.num.max = 2 (custom)
2021-08-14 01:18:27,285 [pool-149-thread-1] INFO  server.RaftServerConfigKeys (ConfUtils.java:logGet(44)) - raft.server.log.segment.cache.size.max = 200MB (=209715200) (default)
2021-08-14 01:18:27,285 [pool-149-thread-1] INFO  segmented.SegmentedRaftLogWorker (SegmentedRaftLogWorker.java:<init>(182)) - new ac78b934-d09a-4407-918e-43db40751b5e@group-1F605C6D1329-SegmentedRaftLogWorker for RaftStorageImpl:Storage Directory /home/runner/work/ozone/ozone/hadoop-ozone/integration-test/target/test-dir/MiniOzoneClusterImpl-0159c105-9d83-42dd-92be-307c6655fab4/datanode-5/data/ratis/59e8ded7-2562-4d1c-871e-1f605c6d1329
2021-08-14 01:18:27,285 [pool-149-thread-1] INFO  server.RaftServerConfigKeys (ConfUtils.java:logGet(44)) - raft.server.log.queue.byte-limit = 2147483647 (custom)
2021-08-14 01:18:27,285 [pool-149-thread-1] INFO  server.RaftServerConfigKeys (ConfUtils.java:logGet(44)) - raft.server.log.queue.element-limit = 1024 (custom)
2021-08-14 01:18:27,286 [pool-149-thread-1] INFO  server.RaftServerConfigKeys (ConfUtils.java:logGet(44)) - raft.server.log.segment.size.max = 1048576 (custom)
2021-08-14 01:18:27,286 [pool-149-thread-1] INFO  server.RaftServerConfigKeys (ConfUtils.java:logGet(44)) - raft.server.log.preallocated.size = 16384 (custom)
2021-08-14 01:18:27,286 [pool-149-thread-1] INFO  server.RaftServerConfigKeys (ConfUtils.java:logGet(44)) - raft.server.log.force.sync.num = 128 (default)
2021-08-14 01:18:27,286 [pool-149-thread-1] INFO  server.RaftServerConfigKeys (ConfUtils.java:logGet(44)) - raft.server.log.statemachine.data.sync = true (default)
2021-08-14 01:18:27,286 [pool-149-thread-1] INFO  server.RaftServerConfigKeys (ConfUtils.java:logGet(44)) - raft.server.log.statemachine.data.sync.timeout = 10s (default)
2021-08-14 01:18:27,286 [pool-149-thread-1] INFO  server.RaftServerConfigKeys (ConfUtils.java:logGet(44)) - raft.server.log.statemachine.data.sync.timeout.retry = -1 (default)
2021-08-14 01:18:27,287 [pool-149-thread-1] INFO  server.RaftServerConfigKeys (ConfUtils.java:logGet(44)) - raft.server.log.write.buffer.size = 1048576 (custom)
2021-08-14 01:18:27,288 [pool-149-thread-1] INFO  server.RaftServerConfigKeys (ConfUtils.java:logGet(44)) - raft.server.log.statemachine.data.caching.enabled = true (custom)
2021-08-14 01:18:27,288 [pool-149-thread-1] INFO  segmented.SegmentedRaftLogWorker (SegmentedRaftLogWorker.java:lambda$new$0(133)) - ac78b934-d09a-4407-918e-43db40751b5e@group-1F605C6D1329-SegmentedRaftLogWorker: flushIndex: setUnconditionally 0 -> -1
2021-08-14 01:18:27,288 [pool-149-thread-1] INFO  segmented.SegmentedRaftLogWorker (SegmentedRaftLogWorker.java:lambda$new$0(133)) - ac78b934-d09a-4407-918e-43db40751b5e@group-1F605C6D1329-SegmentedRaftLogWorker: safeCacheEvictIndex: setUnconditionally 0 -> -1
2021-08-14 01:18:27,288 [pool-149-thread-1] INFO  server.RaftServerConfigKeys (ConfUtils.java:logGet(44)) - raft.server.snapshot.auto.trigger.enabled = true (custom)
2021-08-14 01:18:27,288 [pool-149-thread-1] INFO  server.RaftServerConfigKeys (ConfUtils.java:logGet(44)) - raft.server.snapshot.auto.trigger.threshold = 1 (custom)
2021-08-14 01:18:27,289 [pool-149-thread-1] INFO  server.RaftServerConfigKeys (ConfUtils.java:logGet(44)) - raft.server.snapshot.retention.file.num = 5 (custom)
2021-08-14 01:18:27,289 [pool-149-thread-1] INFO  server.RaftServerConfigKeys (ConfUtils.java:logGet(44)) - raft.server.log.purge.upto.snapshot.index = false (default)
2021-08-14 01:18:27,289 [pool-149-thread-1] INFO  server.RaftServerConfigKeys (ConfUtils.java:logGet(44)) - raft.server.retrycache.expirytime = 600000ms (custom)
2021-08-14 01:18:27,289 [pool-149-thread-1] INFO  server.RaftServerConfigKeys (ConfUtils.java:logGet(44)) - raft.server.retrycache.statistics.expirytime = 100μs (default)
2021-08-14 01:18:27,290 [pool-149-thread-1] INFO  server.RaftServer$Division (RaftServerImpl.java:start(296)) - ac78b934-d09a-4407-918e-43db40751b5e@group-1F605C6D1329: start as a follower, conf=-1: [285644d5-5d69-4e05-afbc-1ae5a883cebd|rpc:10.1.0.41:34921|dataStream:|priority:0, ac78b934-d09a-4407-918e-43db40751b5e|rpc:10.1.0.41:43943|dataStream:|priority:0, e001c49e-a42c-4009-8532-6b023fb26190|rpc:10.1.0.41:44999|dataStream:|priority:1], old=null
2021-08-14 01:18:27,290 [pool-149-thread-1] INFO  server.RaftServer$Division (RaftServerImpl.java:setRole(285)) - ac78b934-d09a-4407-918e-43db40751b5e@group-1F605C6D1329: changes role from      null to FOLLOWER at term 0 for startAsFollower
2021-08-14 01:18:27,290 [pool-149-thread-1] INFO  impl.RoleInfo (RoleInfo.java:updateAndGet(130)) - ac78b934-d09a-4407-918e-43db40751b5e: start ac78b934-d09a-4407-918e-43db40751b5e@group-1F605C6D1329-FollowerState
2021-08-14 01:18:27,291 [pool-149-thread-1] INFO  util.JmxRegister (JmxRegister.java:tryRegister(44)) - Successfully registered JMX Bean with object name Ratis:service=RaftServer,group=group-1F605C6D1329,id=ac78b934-d09a-4407-918e-43db40751b5e
2021-08-14 01:18:27,307 [grpc-default-executor-1] INFO  server.RaftServer (RaftServerProxy.java:addNew(95)) - 285644d5-5d69-4e05-afbc-1ae5a883cebd: addNew group-1F605C6D1329:[285644d5-5d69-4e05-afbc-1ae5a883cebd|rpc:10.1.0.41:34921|dataStream:|priority:0, ac78b934-d09a-4407-918e-43db40751b5e|rpc:10.1.0.41:43943|dataStream:|priority:0, e001c49e-a42c-4009-8532-6b023fb26190|rpc:10.1.0.41:44999|dataStream:|priority:1] returns group-1F605C6D1329:java.util.concurrent.CompletableFuture@10e51eb[Not completed]
2021-08-14 01:18:27,308 [pool-130-thread-1] INFO  server.RaftServer$Division (RaftServerImpl.java:<init>(181)) - 285644d5-5d69-4e05-afbc-1ae5a883cebd: new RaftServerImpl for group-1F605C6D1329:[285644d5-5d69-4e05-afbc-1ae5a883cebd|rpc:10.1.0.41:34921|dataStream:|priority:0, ac78b934-d09a-4407-918e-43db40751b5e|rpc:10.1.0.41:43943|dataStream:|priority:0, e001c49e-a42c-4009-8532-6b023fb26190|rpc:10.1.0.41:44999|dataStream:|priority:1] with ContainerStateMachine:uninitialized
2021-08-14 01:18:27,308 [pool-130-thread-1] INFO  server.RaftServerConfigKeys (ConfUtils.java:logGet(44)) - raft.server.rpc.timeout.min = 5s (custom)
2021-08-14 01:18:27,309 [pool-130-thread-1] INFO  server.RaftServerConfigKeys (ConfUtils.java:logGet(44)) - raft.server.rpc.timeout.max = 5200ms (custom)
2021-08-14 01:18:27,309 [pool-130-thread-1] INFO  server.RaftServerConfigKeys (ConfUtils.java:logGet(44)) - raft.server.rpc.sleep.time = 25ms (default)
2021-08-14 01:18:27,309 [pool-130-thread-1] INFO  server.RaftServerConfigKeys (ConfUtils.java:logGet(44)) - raft.server.rpc.slowness.timeout = 300000ms (custom)
2021-08-14 01:18:27,309 [pool-130-thread-1] INFO  server.RaftServerConfigKeys (ConfUtils.java:logGet(44)) - raft.server.leaderelection.leader.step-down.wait-time = 10s (default)
2021-08-14 01:18:27,309 [pool-130-thread-1] INFO  server.RaftServerConfigKeys (ConfUtils.java:logGet(44)) - raft.server.sleep.deviation.threshold = 300ms (default)
2021-08-14 01:18:27,309 [pool-130-thread-1] INFO  server.RaftServerConfigKeys (ConfUtils.java:logGet(44)) - raft.server.log.appender.install.snapshot.enabled = false (custom)
2021-08-14 01:18:27,309 [pool-130-thread-1] INFO  server.RaftServer$Division (ServerState.java:<init>(105)) - 285644d5-5d69-4e05-afbc-1ae5a883cebd@group-1F605C6D1329: ConfigurationManager, init=-1: [285644d5-5d69-4e05-afbc-1ae5a883cebd|rpc:10.1.0.41:34921|dataStream:|priority:0, ac78b934-d09a-4407-918e-43db40751b5e|rpc:10.1.0.41:43943|dataStream:|priority:0, e001c49e-a42c-4009-8532-6b023fb26190|rpc:10.1.0.41:44999|dataStream:|priority:1], old=null, confs=<EMPTY_MAP>
2021-08-14 01:18:27,309 [pool-130-thread-1] INFO  server.RaftServerConfigKeys (ConfUtils.java:logGet(44)) - raft.server.storage.dir = [/home/runner/work/ozone/ozone/hadoop-ozone/integration-test/target/test-dir/MiniOzoneClusterImpl-0159c105-9d83-42dd-92be-307c6655fab4/datanode-4/data/ratis] (custom)
2021-08-14 01:18:27,309 [pool-130-thread-1] INFO  server.RaftServerConfigKeys (ConfUtils.java:logGet(44)) - raft.server.log.corruption.policy = EXCEPTION (default)
2021-08-14 01:18:27,310 [pool-130-thread-1] INFO  server.RaftServerConfigKeys (ConfUtils.java:logGet(44)) - raft.server.storage.free-space.min = 0MB (=0) (default)
2021-08-14 01:18:27,310 [pool-130-thread-1] INFO  storage.RaftStorageDirectory (RaftStorageDirectoryImpl.java:analyzeStorage(135)) - The storage directory /home/runner/work/ozone/ozone/hadoop-ozone/integration-test/target/test-dir/MiniOzoneClusterImpl-0159c105-9d83-42dd-92be-307c6655fab4/datanode-4/data/ratis/59e8ded7-2562-4d1c-871e-1f605c6d1329 does not exist. Creating ...
2021-08-14 01:18:27,312 [pool-130-thread-1] INFO  storage.RaftStorageDirectory (RaftStorageDirectoryImpl.java:tryLock(230)) - Lock on /home/runner/work/ozone/ozone/hadoop-ozone/integration-test/target/test-dir/MiniOzoneClusterImpl-0159c105-9d83-42dd-92be-307c6655fab4/datanode-4/data/ratis/59e8ded7-2562-4d1c-871e-1f605c6d1329/in_use.lock acquired by nodename 682@fv-az395-768
2021-08-14 01:18:27,314 [pool-130-thread-1] INFO  storage.RaftStorage (RaftStorageImpl.java:format(89)) - Storage directory /home/runner/work/ozone/ozone/hadoop-ozone/integration-test/target/test-dir/MiniOzoneClusterImpl-0159c105-9d83-42dd-92be-307c6655fab4/datanode-4/data/ratis/59e8ded7-2562-4d1c-871e-1f605c6d1329 has been successfully formatted.
2021-08-14 01:18:27,314 [pool-130-thread-1] INFO  ratis.ContainerStateMachine (ContainerStateMachine.java:loadSnapshot(225)) - group-1F605C6D1329: The snapshot info is null. Setting the last applied indexto:(t:0, i:~)
2021-08-14 01:18:27,314 [pool-130-thread-1] INFO  server.RaftServerConfigKeys (ConfUtils.java:logGet(44)) - raft.server.notification.no-leader.timeout = 300000ms (custom)
2021-08-14 01:18:27,315 [Datanode State Machine Thread - 0] WARN  statemachine.StateContext (StateContext.java:execute(621)) - No available thread in pool for past 0 seconds.
2021-08-14 01:18:27,315 [pool-130-thread-1] INFO  server.RaftServerConfigKeys (ConfUtils.java:logGet(44)) - raft.server.log.use.memory = false (default)
2021-08-14 01:18:27,315 [pool-130-thread-1] INFO  server.RaftServerConfigKeys (ConfUtils.java:logGet(44)) - raft.server.log.purge.gap = 1000000 (custom)
2021-08-14 01:18:27,315 [pool-130-thread-1] INFO  server.RaftServerConfigKeys (ConfUtils.java:logGet(44)) - raft.server.log.appender.buffer.byte-limit = 33554432 (custom)
2021-08-14 01:18:27,316 [pool-130-thread-1] INFO  server.RaftServerConfigKeys (ConfUtils.java:logGet(44)) - raft.server.log.segment.size.max = 1048576 (custom)
2021-08-14 01:18:27,316 [pool-130-thread-1] INFO  server.RaftServerConfigKeys (ConfUtils.java:logGet(44)) - raft.server.log.segment.cache.num.max = 2 (custom)
2021-08-14 01:18:27,316 [pool-130-thread-1] INFO  server.RaftServerConfigKeys (ConfUtils.java:logGet(44)) - raft.server.log.segment.cache.size.max = 200MB (=209715200) (default)
2021-08-14 01:18:27,317 [pool-130-thread-1] INFO  segmented.SegmentedRaftLogWorker (SegmentedRaftLogWorker.java:<init>(182)) - new 285644d5-5d69-4e05-afbc-1ae5a883cebd@group-1F605C6D1329-SegmentedRaftLogWorker for RaftStorageImpl:Storage Directory /home/runner/work/ozone/ozone/hadoop-ozone/integration-test/target/test-dir/MiniOzoneClusterImpl-0159c105-9d83-42dd-92be-307c6655fab4/datanode-4/data/ratis/59e8ded7-2562-4d1c-871e-1f605c6d1329
2021-08-14 01:18:27,317 [pool-130-thread-1] INFO  server.RaftServerConfigKeys (ConfUtils.java:logGet(44)) - raft.server.log.queue.byte-limit = 2147483647 (custom)
2021-08-14 01:18:27,317 [pool-130-thread-1] INFO  server.RaftServerConfigKeys (ConfUtils.java:logGet(44)) - raft.server.log.queue.element-limit = 1024 (custom)
2021-08-14 01:18:27,317 [pool-130-thread-1] INFO  server.RaftServerConfigKeys (ConfUtils.java:logGet(44)) - raft.server.log.segment.size.max = 1048576 (custom)
2021-08-14 01:18:27,317 [pool-130-thread-1] INFO  server.RaftServerConfigKeys (ConfUtils.java:logGet(44)) - raft.server.log.preallocated.size = 16384 (custom)
2021-08-14 01:18:27,317 [pool-130-thread-1] INFO  server.RaftServerConfigKeys (ConfUtils.java:logGet(44)) - raft.server.log.force.sync.num = 128 (default)
2021-08-14 01:18:27,317 [pool-130-thread-1] INFO  server.RaftServerConfigKeys (ConfUtils.java:logGet(44)) - raft.server.log.statemachine.data.sync = true (default)
2021-08-14 01:18:27,317 [pool-130-thread-1] INFO  server.RaftServerConfigKeys (ConfUtils.java:logGet(44)) - raft.server.log.statemachine.data.sync.timeout = 10s (default)
2021-08-14 01:18:27,317 [pool-130-thread-1] INFO  server.RaftServerConfigKeys (ConfUtils.java:logGet(44)) - raft.server.log.statemachine.data.sync.timeout.retry = -1 (default)
2021-08-14 01:18:27,318 [pool-130-thread-1] INFO  server.RaftServerConfigKeys (ConfUtils.java:logGet(44)) - raft.server.log.write.buffer.size = 1048576 (custom)
2021-08-14 01:18:27,319 [pool-130-thread-1] INFO  server.RaftServerConfigKeys (ConfUtils.java:logGet(44)) - raft.server.log.statemachine.data.caching.enabled = true (custom)
2021-08-14 01:18:27,319 [pool-130-thread-1] INFO  segmented.SegmentedRaftLogWorker (SegmentedRaftLogWorker.java:lambda$new$0(133)) - 285644d5-5d69-4e05-afbc-1ae5a883cebd@group-1F605C6D1329-SegmentedRaftLogWorker: flushIndex: setUnconditionally 0 -> -1
2021-08-14 01:18:27,319 [pool-130-thread-1] INFO  segmented.SegmentedRaftLogWorker (SegmentedRaftLogWorker.java:lambda$new$0(133)) - 285644d5-5d69-4e05-afbc-1ae5a883cebd@group-1F605C6D1329-SegmentedRaftLogWorker: safeCacheEvictIndex: setUnconditionally 0 -> -1
2021-08-14 01:18:27,319 [pool-130-thread-1] INFO  server.RaftServerConfigKeys (ConfUtils.java:logGet(44)) - raft.server.snapshot.auto.trigger.enabled = true (custom)
2021-08-14 01:18:27,319 [pool-130-thread-1] INFO  server.RaftServerConfigKeys (ConfUtils.java:logGet(44)) - raft.server.snapshot.auto.trigger.threshold = 1 (custom)
2021-08-14 01:18:27,320 [pool-130-thread-1] INFO  server.RaftServerConfigKeys (ConfUtils.java:logGet(44)) - raft.server.snapshot.retention.file.num = 5 (custom)
2021-08-14 01:18:27,320 [pool-130-thread-1] INFO  server.RaftServerConfigKeys (ConfUtils.java:logGet(44)) - raft.server.log.purge.upto.snapshot.index = false (default)
2021-08-14 01:18:27,320 [pool-130-thread-1] INFO  server.RaftServerConfigKeys (ConfUtils.java:logGet(44)) - raft.server.retrycache.expirytime = 600000ms (custom)
2021-08-14 01:18:27,320 [pool-130-thread-1] INFO  server.RaftServerConfigKeys (ConfUtils.java:logGet(44)) - raft.server.retrycache.statistics.expirytime = 100μs (default)
2021-08-14 01:18:27,322 [pool-130-thread-1] INFO  server.RaftServer$Division (RaftServerImpl.java:start(296)) - 285644d5-5d69-4e05-afbc-1ae5a883cebd@group-1F605C6D1329: start as a follower, conf=-1: [285644d5-5d69-4e05-afbc-1ae5a883cebd|rpc:10.1.0.41:34921|dataStream:|priority:0, ac78b934-d09a-4407-918e-43db40751b5e|rpc:10.1.0.41:43943|dataStream:|priority:0, e001c49e-a42c-4009-8532-6b023fb26190|rpc:10.1.0.41:44999|dataStream:|priority:1], old=null
2021-08-14 01:18:27,322 [pool-130-thread-1] INFO  server.RaftServer$Division (RaftServerImpl.java:setRole(285)) - 285644d5-5d69-4e05-afbc-1ae5a883cebd@group-1F605C6D1329: changes role from      null to FOLLOWER at term 0 for startAsFollower
2021-08-14 01:18:27,322 [pool-130-thread-1] INFO  impl.RoleInfo (RoleInfo.java:updateAndGet(130)) - 285644d5-5d69-4e05-afbc-1ae5a883cebd: start 285644d5-5d69-4e05-afbc-1ae5a883cebd@group-1F605C6D1329-FollowerState
2021-08-14 01:18:27,323 [pool-130-thread-1] INFO  util.JmxRegister (JmxRegister.java:tryRegister(44)) - Successfully registered JMX Bean with object name Ratis:service=RaftServer,group=group-1F605C6D1329,id=285644d5-5d69-4e05-afbc-1ae5a883cebd
2021-08-14 01:18:27,330 [Command processor thread] INFO  commandhandler.CreatePipelineCommandHandler (CreatePipelineCommandHandler.java:handle(106)) - Created Pipeline RATIS THREE PipelineID=59e8ded7-2562-4d1c-871e-1f605c6d1329.
2021-08-14 01:18:27,331 [Command processor thread] INFO  server.RaftServer (RaftServerProxy.java:addNew(95)) - e001c49e-a42c-4009-8532-6b023fb26190: addNew group-A1881E31F5E3:[285644d5-5d69-4e05-afbc-1ae5a883cebd|rpc:10.1.0.41:34921|priority:1, ac78b934-d09a-4407-918e-43db40751b5e|rpc:10.1.0.41:43943|priority:0, e001c49e-a42c-4009-8532-6b023fb26190|rpc:10.1.0.41:44999|priority:0] returns group-A1881E31F5E3:java.util.concurrent.CompletableFuture@3a393da7[Not completed]
2021-08-14 01:18:27,332 [pool-111-thread-1] INFO  server.RaftServer$Division (RaftServerImpl.java:<init>(181)) - e001c49e-a42c-4009-8532-6b023fb26190: new RaftServerImpl for group-A1881E31F5E3:[285644d5-5d69-4e05-afbc-1ae5a883cebd|rpc:10.1.0.41:34921|priority:1, ac78b934-d09a-4407-918e-43db40751b5e|rpc:10.1.0.41:43943|priority:0, e001c49e-a42c-4009-8532-6b023fb26190|rpc:10.1.0.41:44999|priority:0] with ContainerStateMachine:uninitialized
2021-08-14 01:18:27,332 [pool-111-thread-1] INFO  server.RaftServerConfigKeys (ConfUtils.java:logGet(44)) - raft.server.rpc.timeout.min = 5s (custom)
2021-08-14 01:18:27,332 [pool-111-thread-1] INFO  server.RaftServerConfigKeys (ConfUtils.java:logGet(44)) - raft.server.rpc.timeout.max = 5200ms (custom)
2021-08-14 01:18:27,332 [pool-111-thread-1] INFO  server.RaftServerConfigKeys (ConfUtils.java:logGet(44)) - raft.server.rpc.sleep.time = 25ms (default)
2021-08-14 01:18:27,332 [pool-111-thread-1] INFO  server.RaftServerConfigKeys (ConfUtils.java:logGet(44)) - raft.server.rpc.slowness.timeout = 300000ms (custom)
2021-08-14 01:18:27,332 [pool-111-thread-1] INFO  server.RaftServerConfigKeys (ConfUtils.java:logGet(44)) - raft.server.leaderelection.leader.step-down.wait-time = 10s (default)
2021-08-14 01:18:27,332 [pool-111-thread-1] INFO  server.RaftServerConfigKeys (ConfUtils.java:logGet(44)) - raft.server.sleep.deviation.threshold = 300ms (default)
2021-08-14 01:18:27,332 [pool-111-thread-1] INFO  server.RaftServerConfigKeys (ConfUtils.java:logGet(44)) - raft.server.log.appender.install.snapshot.enabled = false (custom)
2021-08-14 01:18:27,332 [pool-111-thread-1] INFO  server.RaftServer$Division (ServerState.java:<init>(105)) - e001c49e-a42c-4009-8532-6b023fb26190@group-A1881E31F5E3: ConfigurationManager, init=-1: [285644d5-5d69-4e05-afbc-1ae5a883cebd|rpc:10.1.0.41:34921|priority:1, ac78b934-d09a-4407-918e-43db40751b5e|rpc:10.1.0.41:43943|priority:0, e001c49e-a42c-4009-8532-6b023fb26190|rpc:10.1.0.41:44999|priority:0], old=null, confs=<EMPTY_MAP>
2021-08-14 01:18:27,332 [pool-111-thread-1] INFO  server.RaftServerConfigKeys (ConfUtils.java:logGet(44)) - raft.server.storage.dir = [/home/runner/work/ozone/ozone/hadoop-ozone/integration-test/target/test-dir/MiniOzoneClusterImpl-0159c105-9d83-42dd-92be-307c6655fab4/datanode-3/data/ratis] (custom)
2021-08-14 01:18:27,332 [pool-111-thread-1] INFO  server.RaftServerConfigKeys (ConfUtils.java:logGet(44)) - raft.server.log.corruption.policy = EXCEPTION (default)
2021-08-14 01:18:27,333 [pool-111-thread-1] INFO  server.RaftServerConfigKeys (ConfUtils.java:logGet(44)) - raft.server.storage.free-space.min = 0MB (=0) (default)
2021-08-14 01:18:27,333 [pool-111-thread-1] INFO  storage.RaftStorageDirectory (RaftStorageDirectoryImpl.java:analyzeStorage(135)) - The storage directory /home/runner/work/ozone/ozone/hadoop-ozone/integration-test/target/test-dir/MiniOzoneClusterImpl-0159c105-9d83-42dd-92be-307c6655fab4/datanode-3/data/ratis/906c250f-41ba-4521-944d-a1881e31f5e3 does not exist. Creating ...
2021-08-14 01:18:27,336 [pool-111-thread-1] INFO  storage.RaftStorageDirectory (RaftStorageDirectoryImpl.java:tryLock(230)) - Lock on /home/runner/work/ozone/ozone/hadoop-ozone/integration-test/target/test-dir/MiniOzoneClusterImpl-0159c105-9d83-42dd-92be-307c6655fab4/datanode-3/data/ratis/906c250f-41ba-4521-944d-a1881e31f5e3/in_use.lock acquired by nodename 682@fv-az395-768
2021-08-14 01:18:27,338 [pool-111-thread-1] INFO  storage.RaftStorage (RaftStorageImpl.java:format(89)) - Storage directory /home/runner/work/ozone/ozone/hadoop-ozone/integration-test/target/test-dir/MiniOzoneClusterImpl-0159c105-9d83-42dd-92be-307c6655fab4/datanode-3/data/ratis/906c250f-41ba-4521-944d-a1881e31f5e3 has been successfully formatted.
2021-08-14 01:18:27,339 [pool-111-thread-1] INFO  ratis.ContainerStateMachine (ContainerStateMachine.java:loadSnapshot(225)) - group-A1881E31F5E3: The snapshot info is null. Setting the last applied indexto:(t:0, i:~)
2021-08-14 01:18:27,339 [pool-111-thread-1] INFO  server.RaftServerConfigKeys (ConfUtils.java:logGet(44)) - raft.server.notification.no-leader.timeout = 300000ms (custom)
2021-08-14 01:18:27,339 [pool-111-thread-1] INFO  server.RaftServerConfigKeys (ConfUtils.java:logGet(44)) - raft.server.log.use.memory = false (default)
2021-08-14 01:18:27,339 [pool-111-thread-1] INFO  server.RaftServerConfigKeys (ConfUtils.java:logGet(44)) - raft.server.log.purge.gap = 1000000 (custom)
2021-08-14 01:18:27,340 [EventQueue-OpenPipelineForHealthyPipelineSafeModeRule] INFO  safemode.SCMSafeModeManager (HealthyPipelineSafeModeRule.java:process(124)) - SCM in safe mode. Healthy pipelines reported count is 0, required healthy pipeline reported count is 1
2021-08-14 01:18:27,342 [pool-111-thread-1] INFO  server.RaftServerConfigKeys (ConfUtils.java:logGet(44)) - raft.server.log.appender.buffer.byte-limit = 33554432 (custom)
2021-08-14 01:18:27,342 [pool-111-thread-1] INFO  server.RaftServerConfigKeys (ConfUtils.java:logGet(44)) - raft.server.log.segment.size.max = 1048576 (custom)
2021-08-14 01:18:27,343 [pool-111-thread-1] INFO  server.RaftServerConfigKeys (ConfUtils.java:logGet(44)) - raft.server.log.segment.cache.num.max = 2 (custom)
2021-08-14 01:18:27,343 [pool-111-thread-1] INFO  server.RaftServerConfigKeys (ConfUtils.java:logGet(44)) - raft.server.log.segment.cache.size.max = 200MB (=209715200) (default)
2021-08-14 01:18:27,343 [pool-111-thread-1] INFO  segmented.SegmentedRaftLogWorker (SegmentedRaftLogWorker.java:<init>(182)) - new e001c49e-a42c-4009-8532-6b023fb26190@group-A1881E31F5E3-SegmentedRaftLogWorker for RaftStorageImpl:Storage Directory /home/runner/work/ozone/ozone/hadoop-ozone/integration-test/target/test-dir/MiniOzoneClusterImpl-0159c105-9d83-42dd-92be-307c6655fab4/datanode-3/data/ratis/906c250f-41ba-4521-944d-a1881e31f5e3
2021-08-14 01:18:27,343 [pool-111-thread-1] INFO  server.RaftServerConfigKeys (ConfUtils.java:logGet(44)) - raft.server.log.queue.byte-limit = 2147483647 (custom)
2021-08-14 01:18:27,343 [pool-111-thread-1] INFO  server.RaftServerConfigKeys (ConfUtils.java:logGet(44)) - raft.server.log.queue.element-limit = 1024 (custom)
2021-08-14 01:18:27,343 [pool-111-thread-1] INFO  server.RaftServerConfigKeys (ConfUtils.java:logGet(44)) - raft.server.log.segment.size.max = 1048576 (custom)
2021-08-14 01:18:27,343 [pool-111-thread-1] INFO  server.RaftServerConfigKeys (ConfUtils.java:logGet(44)) - raft.server.log.preallocated.size = 16384 (custom)
2021-08-14 01:18:27,343 [pool-111-thread-1] INFO  server.RaftServerConfigKeys (ConfUtils.java:logGet(44)) - raft.server.log.force.sync.num = 128 (default)
2021-08-14 01:18:27,343 [pool-111-thread-1] INFO  server.RaftServerConfigKeys (ConfUtils.java:logGet(44)) - raft.server.log.statemachine.data.sync = true (default)
2021-08-14 01:18:27,343 [pool-111-thread-1] INFO  server.RaftServerConfigKeys (ConfUtils.java:logGet(44)) - raft.server.log.statemachine.data.sync.timeout = 10s (default)
2021-08-14 01:18:27,343 [pool-111-thread-1] INFO  server.RaftServerConfigKeys (ConfUtils.java:logGet(44)) - raft.server.log.statemachine.data.sync.timeout.retry = -1 (default)
2021-08-14 01:18:27,345 [pool-111-thread-1] INFO  server.RaftServerConfigKeys (ConfUtils.java:logGet(44)) - raft.server.log.write.buffer.size = 1048576 (custom)
2021-08-14 01:18:27,346 [pool-111-thread-1] INFO  server.RaftServerConfigKeys (ConfUtils.java:logGet(44)) - raft.server.log.statemachine.data.caching.enabled = true (custom)
2021-08-14 01:18:27,346 [pool-111-thread-1] INFO  segmented.SegmentedRaftLogWorker (SegmentedRaftLogWorker.java:lambda$new$0(133)) - e001c49e-a42c-4009-8532-6b023fb26190@group-A1881E31F5E3-SegmentedRaftLogWorker: flushIndex: setUnconditionally 0 -> -1
2021-08-14 01:18:27,346 [pool-111-thread-1] INFO  segmented.SegmentedRaftLogWorker (SegmentedRaftLogWorker.java:lambda$new$0(133)) - e001c49e-a42c-4009-8532-6b023fb26190@group-A1881E31F5E3-SegmentedRaftLogWorker: safeCacheEvictIndex: setUnconditionally 0 -> -1
2021-08-14 01:18:27,346 [pool-111-thread-1] INFO  server.RaftServerConfigKeys (ConfUtils.java:logGet(44)) - raft.server.snapshot.auto.trigger.enabled = true (custom)
2021-08-14 01:18:27,346 [pool-111-thread-1] INFO  server.RaftServerConfigKeys (ConfUtils.java:logGet(44)) - raft.server.snapshot.auto.trigger.threshold = 1 (custom)
2021-08-14 01:18:27,346 [pool-111-thread-1] INFO  server.RaftServerConfigKeys (ConfUtils.java:logGet(44)) - raft.server.snapshot.retention.file.num = 5 (custom)
2021-08-14 01:18:27,346 [pool-111-thread-1] INFO  server.RaftServerConfigKeys (ConfUtils.java:logGet(44)) - raft.server.log.purge.upto.snapshot.index = false (default)
2021-08-14 01:18:27,346 [pool-111-thread-1] INFO  server.RaftServerConfigKeys (ConfUtils.java:logGet(44)) - raft.server.retrycache.expirytime = 600000ms (custom)
2021-08-14 01:18:27,346 [pool-111-thread-1] INFO  server.RaftServerConfigKeys (ConfUtils.java:logGet(44)) - raft.server.retrycache.statistics.expirytime = 100μs (default)
2021-08-14 01:18:27,348 [pool-111-thread-1] INFO  server.RaftServer$Division (RaftServerImpl.java:start(296)) - e001c49e-a42c-4009-8532-6b023fb26190@group-A1881E31F5E3: start as a follower, conf=-1: [285644d5-5d69-4e05-afbc-1ae5a883cebd|rpc:10.1.0.41:34921|priority:1, ac78b934-d09a-4407-918e-43db40751b5e|rpc:10.1.0.41:43943|priority:0, e001c49e-a42c-4009-8532-6b023fb26190|rpc:10.1.0.41:44999|priority:0], old=null
2021-08-14 01:18:27,348 [pool-111-thread-1] INFO  server.RaftServer$Division (RaftServerImpl.java:setRole(285)) - e001c49e-a42c-4009-8532-6b023fb26190@group-A1881E31F5E3: changes role from      null to FOLLOWER at term 0 for startAsFollower
2021-08-14 01:18:27,348 [pool-111-thread-1] INFO  impl.RoleInfo (RoleInfo.java:updateAndGet(130)) - e001c49e-a42c-4009-8532-6b023fb26190: start e001c49e-a42c-4009-8532-6b023fb26190@group-A1881E31F5E3-FollowerState
2021-08-14 01:18:27,348 [pool-111-thread-1] INFO  util.JmxRegister (JmxRegister.java:tryRegister(44)) - Successfully registered JMX Bean with object name Ratis:service=RaftServer,group=group-A1881E31F5E3,id=e001c49e-a42c-4009-8532-6b023fb26190
2021-08-14 01:18:27,349 [Command processor thread] INFO  ratis.XceiverServerRatis (XceiverServerRatis.java:addGroup(763)) - Created group PipelineID=906c250f-41ba-4521-944d-a1881e31f5e3
2021-08-14 01:18:27,359 [grpc-default-executor-1] INFO  server.RaftServer (RaftServerProxy.java:addNew(95)) - 285644d5-5d69-4e05-afbc-1ae5a883cebd: addNew group-A1881E31F5E3:[285644d5-5d69-4e05-afbc-1ae5a883cebd|rpc:10.1.0.41:34921|dataStream:|priority:1, ac78b934-d09a-4407-918e-43db40751b5e|rpc:10.1.0.41:43943|dataStream:|priority:0, e001c49e-a42c-4009-8532-6b023fb26190|rpc:10.1.0.41:44999|dataStream:|priority:0] returns group-A1881E31F5E3:java.util.concurrent.CompletableFuture@f103497[Not completed]
2021-08-14 01:18:27,360 [pool-130-thread-1] INFO  server.RaftServer$Division (RaftServerImpl.java:<init>(181)) - 285644d5-5d69-4e05-afbc-1ae5a883cebd: new RaftServerImpl for group-A1881E31F5E3:[285644d5-5d69-4e05-afbc-1ae5a883cebd|rpc:10.1.0.41:34921|dataStream:|priority:1, ac78b934-d09a-4407-918e-43db40751b5e|rpc:10.1.0.41:43943|dataStream:|priority:0, e001c49e-a42c-4009-8532-6b023fb26190|rpc:10.1.0.41:44999|dataStream:|priority:0] with ContainerStateMachine:uninitialized
2021-08-14 01:18:27,360 [pool-130-thread-1] INFO  server.RaftServerConfigKeys (ConfUtils.java:logGet(44)) - raft.server.rpc.timeout.min = 5s (custom)
2021-08-14 01:18:27,360 [pool-130-thread-1] INFO  server.RaftServerConfigKeys (ConfUtils.java:logGet(44)) - raft.server.rpc.timeout.max = 5200ms (custom)
2021-08-14 01:18:27,360 [pool-130-thread-1] INFO  server.RaftServerConfigKeys (ConfUtils.java:logGet(44)) - raft.server.rpc.sleep.time = 25ms (default)
2021-08-14 01:18:27,361 [pool-130-thread-1] INFO  server.RaftServerConfigKeys (ConfUtils.java:logGet(44)) - raft.server.rpc.slowness.timeout = 300000ms (custom)
2021-08-14 01:18:27,361 [pool-130-thread-1] INFO  server.RaftServerConfigKeys (ConfUtils.java:logGet(44)) - raft.server.leaderelection.leader.step-down.wait-time = 10s (default)
2021-08-14 01:18:27,361 [pool-130-thread-1] INFO  server.RaftServerConfigKeys (ConfUtils.java:logGet(44)) - raft.server.sleep.deviation.threshold = 300ms (default)
2021-08-14 01:18:27,361 [pool-130-thread-1] INFO  server.RaftServerConfigKeys (ConfUtils.java:logGet(44)) - raft.server.log.appender.install.snapshot.enabled = false (custom)
2021-08-14 01:18:27,361 [pool-130-thread-1] INFO  server.RaftServer$Division (ServerState.java:<init>(105)) - 285644d5-5d69-4e05-afbc-1ae5a883cebd@group-A1881E31F5E3: ConfigurationManager, init=-1: [285644d5-5d69-4e05-afbc-1ae5a883cebd|rpc:10.1.0.41:34921|dataStream:|priority:1, ac78b934-d09a-4407-918e-43db40751b5e|rpc:10.1.0.41:43943|dataStream:|priority:0, e001c49e-a42c-4009-8532-6b023fb26190|rpc:10.1.0.41:44999|dataStream:|priority:0], old=null, confs=<EMPTY_MAP>
2021-08-14 01:18:27,361 [pool-130-thread-1] INFO  server.RaftServerConfigKeys (ConfUtils.java:logGet(44)) - raft.server.storage.dir = [/home/runner/work/ozone/ozone/hadoop-ozone/integration-test/target/test-dir/MiniOzoneClusterImpl-0159c105-9d83-42dd-92be-307c6655fab4/datanode-4/data/ratis] (custom)
2021-08-14 01:18:27,362 [pool-130-thread-1] INFO  server.RaftServerConfigKeys (ConfUtils.java:logGet(44)) - raft.server.log.corruption.policy = EXCEPTION (default)
2021-08-14 01:18:27,362 [pool-130-thread-1] INFO  server.RaftServerConfigKeys (ConfUtils.java:logGet(44)) - raft.server.storage.free-space.min = 0MB (=0) (default)
2021-08-14 01:18:27,362 [pool-130-thread-1] INFO  storage.RaftStorageDirectory (RaftStorageDirectoryImpl.java:analyzeStorage(135)) - The storage directory /home/runner/work/ozone/ozone/hadoop-ozone/integration-test/target/test-dir/MiniOzoneClusterImpl-0159c105-9d83-42dd-92be-307c6655fab4/datanode-4/data/ratis/906c250f-41ba-4521-944d-a1881e31f5e3 does not exist. Creating ...
2021-08-14 01:18:27,363 [pool-130-thread-1] INFO  storage.RaftStorageDirectory (RaftStorageDirectoryImpl.java:tryLock(230)) - Lock on /home/runner/work/ozone/ozone/hadoop-ozone/integration-test/target/test-dir/MiniOzoneClusterImpl-0159c105-9d83-42dd-92be-307c6655fab4/datanode-4/data/ratis/906c250f-41ba-4521-944d-a1881e31f5e3/in_use.lock acquired by nodename 682@fv-az395-768
2021-08-14 01:18:27,365 [pool-130-thread-1] INFO  storage.RaftStorage (RaftStorageImpl.java:format(89)) - Storage directory /home/runner/work/ozone/ozone/hadoop-ozone/integration-test/target/test-dir/MiniOzoneClusterImpl-0159c105-9d83-42dd-92be-307c6655fab4/datanode-4/data/ratis/906c250f-41ba-4521-944d-a1881e31f5e3 has been successfully formatted.
2021-08-14 01:18:27,365 [pool-130-thread-1] INFO  ratis.ContainerStateMachine (ContainerStateMachine.java:loadSnapshot(225)) - group-A1881E31F5E3: The snapshot info is null. Setting the last applied indexto:(t:0, i:~)
2021-08-14 01:18:27,365 [Datanode State Machine Thread - 0] WARN  statemachine.StateContext (StateContext.java:execute(621)) - No available thread in pool for past 0 seconds.
2021-08-14 01:18:27,365 [pool-130-thread-1] INFO  server.RaftServerConfigKeys (ConfUtils.java:logGet(44)) - raft.server.notification.no-leader.timeout = 300000ms (custom)
2021-08-14 01:18:27,366 [pool-130-thread-1] INFO  server.RaftServerConfigKeys (ConfUtils.java:logGet(44)) - raft.server.log.use.memory = false (default)
2021-08-14 01:18:27,367 [pool-130-thread-1] INFO  server.RaftServerConfigKeys (ConfUtils.java:logGet(44)) - raft.server.log.purge.gap = 1000000 (custom)
2021-08-14 01:18:27,367 [pool-130-thread-1] INFO  server.RaftServerConfigKeys (ConfUtils.java:logGet(44)) - raft.server.log.appender.buffer.byte-limit = 33554432 (custom)
2021-08-14 01:18:27,367 [pool-130-thread-1] INFO  server.RaftServerConfigKeys (ConfUtils.java:logGet(44)) - raft.server.log.segment.size.max = 1048576 (custom)
2021-08-14 01:18:27,367 [pool-130-thread-1] INFO  server.RaftServerConfigKeys (ConfUtils.java:logGet(44)) - raft.server.log.segment.cache.num.max = 2 (custom)
2021-08-14 01:18:27,368 [pool-130-thread-1] INFO  server.RaftServerConfigKeys (ConfUtils.java:logGet(44)) - raft.server.log.segment.cache.size.max = 200MB (=209715200) (default)
2021-08-14 01:18:27,368 [pool-130-thread-1] INFO  segmented.SegmentedRaftLogWorker (SegmentedRaftLogWorker.java:<init>(182)) - new 285644d5-5d69-4e05-afbc-1ae5a883cebd@group-A1881E31F5E3-SegmentedRaftLogWorker for RaftStorageImpl:Storage Directory /home/runner/work/ozone/ozone/hadoop-ozone/integration-test/target/test-dir/MiniOzoneClusterImpl-0159c105-9d83-42dd-92be-307c6655fab4/datanode-4/data/ratis/906c250f-41ba-4521-944d-a1881e31f5e3
2021-08-14 01:18:27,368 [pool-130-thread-1] INFO  server.RaftServerConfigKeys (ConfUtils.java:logGet(44)) - raft.server.log.queue.byte-limit = 2147483647 (custom)
2021-08-14 01:18:27,368 [pool-130-thread-1] INFO  server.RaftServerConfigKeys (ConfUtils.java:logGet(44)) - raft.server.log.queue.element-limit = 1024 (custom)
2021-08-14 01:18:27,369 [pool-130-thread-1] INFO  server.RaftServerConfigKeys (ConfUtils.java:logGet(44)) - raft.server.log.segment.size.max = 1048576 (custom)
2021-08-14 01:18:27,369 [pool-130-thread-1] INFO  server.RaftServerConfigKeys (ConfUtils.java:logGet(44)) - raft.server.log.preallocated.size = 16384 (custom)
2021-08-14 01:18:27,369 [pool-130-thread-1] INFO  server.RaftServerConfigKeys (ConfUtils.java:logGet(44)) - raft.server.log.force.sync.num = 128 (default)
2021-08-14 01:18:27,369 [pool-130-thread-1] INFO  server.RaftServerConfigKeys (ConfUtils.java:logGet(44)) - raft.server.log.statemachine.data.sync = true (default)
2021-08-14 01:18:27,369 [pool-130-thread-1] INFO  server.RaftServerConfigKeys (ConfUtils.java:logGet(44)) - raft.server.log.statemachine.data.sync.timeout = 10s (default)
2021-08-14 01:18:27,369 [pool-130-thread-1] INFO  server.RaftServerConfigKeys (ConfUtils.java:logGet(44)) - raft.server.log.statemachine.data.sync.timeout.retry = -1 (default)
2021-08-14 01:18:27,370 [pool-130-thread-1] INFO  server.RaftServerConfigKeys (ConfUtils.java:logGet(44)) - raft.server.log.write.buffer.size = 1048576 (custom)
2021-08-14 01:18:27,373 [pool-130-thread-1] INFO  server.RaftServerConfigKeys (ConfUtils.java:logGet(44)) - raft.server.log.statemachine.data.caching.enabled = true (custom)
2021-08-14 01:18:27,374 [pool-130-thread-1] INFO  segmented.SegmentedRaftLogWorker (SegmentedRaftLogWorker.java:lambda$new$0(133)) - 285644d5-5d69-4e05-afbc-1ae5a883cebd@group-A1881E31F5E3-SegmentedRaftLogWorker: flushIndex: setUnconditionally 0 -> -1
2021-08-14 01:18:27,375 [pool-130-thread-1] INFO  segmented.SegmentedRaftLogWorker (SegmentedRaftLogWorker.java:lambda$new$0(133)) - 285644d5-5d69-4e05-afbc-1ae5a883cebd@group-A1881E31F5E3-SegmentedRaftLogWorker: safeCacheEvictIndex: setUnconditionally 0 -> -1
2021-08-14 01:18:27,376 [pool-130-thread-1] INFO  server.RaftServerConfigKeys (ConfUtils.java:logGet(44)) - raft.server.snapshot.auto.trigger.enabled = true (custom)
2021-08-14 01:18:27,377 [pool-130-thread-1] INFO  server.RaftServerConfigKeys (ConfUtils.java:logGet(44)) - raft.server.snapshot.auto.trigger.threshold = 1 (custom)
2021-08-14 01:18:27,377 [pool-130-thread-1] INFO  server.RaftServerConfigKeys (ConfUtils.java:logGet(44)) - raft.server.snapshot.retention.file.num = 5 (custom)
2021-08-14 01:18:27,377 [pool-130-thread-1] INFO  server.RaftServerConfigKeys (ConfUtils.java:logGet(44)) - raft.server.log.purge.upto.snapshot.index = false (default)
2021-08-14 01:18:27,377 [pool-130-thread-1] INFO  server.RaftServerConfigKeys (ConfUtils.java:logGet(44)) - raft.server.retrycache.expirytime = 600000ms (custom)
2021-08-14 01:18:27,377 [pool-130-thread-1] INFO  server.RaftServerConfigKeys (ConfUtils.java:logGet(44)) - raft.server.retrycache.statistics.expirytime = 100μs (default)
2021-08-14 01:18:27,378 [pool-130-thread-1] INFO  server.RaftServer$Division (RaftServerImpl.java:start(296)) - 285644d5-5d69-4e05-afbc-1ae5a883cebd@group-A1881E31F5E3: start as a follower, conf=-1: [285644d5-5d69-4e05-afbc-1ae5a883cebd|rpc:10.1.0.41:34921|dataStream:|priority:1, ac78b934-d09a-4407-918e-43db40751b5e|rpc:10.1.0.41:43943|dataStream:|priority:0, e001c49e-a42c-4009-8532-6b023fb26190|rpc:10.1.0.41:44999|dataStream:|priority:0], old=null
2021-08-14 01:18:27,378 [pool-130-thread-1] INFO  server.RaftServer$Division (RaftServerImpl.java:setRole(285)) - 285644d5-5d69-4e05-afbc-1ae5a883cebd@group-A1881E31F5E3: changes role from      null to FOLLOWER at term 0 for startAsFollower
2021-08-14 01:18:27,378 [pool-130-thread-1] INFO  impl.RoleInfo (RoleInfo.java:updateAndGet(130)) - 285644d5-5d69-4e05-afbc-1ae5a883cebd: start 285644d5-5d69-4e05-afbc-1ae5a883cebd@group-A1881E31F5E3-FollowerState
2021-08-14 01:18:27,379 [pool-130-thread-1] INFO  util.JmxRegister (JmxRegister.java:tryRegister(44)) - Successfully registered JMX Bean with object name Ratis:service=RaftServer,group=group-A1881E31F5E3,id=285644d5-5d69-4e05-afbc-1ae5a883cebd
2021-08-14 01:18:27,392 [EventQueue-OpenPipelineForHealthyPipelineSafeModeRule] INFO  safemode.SCMSafeModeManager (HealthyPipelineSafeModeRule.java:process(124)) - SCM in safe mode. Healthy pipelines reported count is 0, required healthy pipeline reported count is 1
2021-08-14 01:18:27,397 [pool-149-thread-1] INFO  server.RaftServer$Division (RaftServerImpl.java:<init>(181)) - ac78b934-d09a-4407-918e-43db40751b5e: new RaftServerImpl for group-A1881E31F5E3:[285644d5-5d69-4e05-afbc-1ae5a883cebd|rpc:10.1.0.41:34921|dataStream:|priority:1, ac78b934-d09a-4407-918e-43db40751b5e|rpc:10.1.0.41:43943|dataStream:|priority:0, e001c49e-a42c-4009-8532-6b023fb26190|rpc:10.1.0.41:44999|dataStream:|priority:0] with ContainerStateMachine:uninitialized
2021-08-14 01:18:27,397 [pool-149-thread-1] INFO  server.RaftServerConfigKeys (ConfUtils.java:logGet(44)) - raft.server.rpc.timeout.min = 5s (custom)
2021-08-14 01:18:27,397 [pool-149-thread-1] INFO  server.RaftServerConfigKeys (ConfUtils.java:logGet(44)) - raft.server.rpc.timeout.max = 5200ms (custom)
2021-08-14 01:18:27,398 [pool-149-thread-1] INFO  server.RaftServerConfigKeys (ConfUtils.java:logGet(44)) - raft.server.rpc.sleep.time = 25ms (default)
2021-08-14 01:18:27,398 [pool-149-thread-1] INFO  server.RaftServerConfigKeys (ConfUtils.java:logGet(44)) - raft.server.rpc.slowness.timeout = 300000ms (custom)
2021-08-14 01:18:27,398 [pool-149-thread-1] INFO  server.RaftServerConfigKeys (ConfUtils.java:logGet(44)) - raft.server.leaderelection.leader.step-down.wait-time = 10s (default)
2021-08-14 01:18:27,398 [pool-149-thread-1] INFO  server.RaftServerConfigKeys (ConfUtils.java:logGet(44)) - raft.server.sleep.deviation.threshold = 300ms (default)
2021-08-14 01:18:27,398 [pool-149-thread-1] INFO  server.RaftServerConfigKeys (ConfUtils.java:logGet(44)) - raft.server.log.appender.install.snapshot.enabled = false (custom)
2021-08-14 01:18:27,398 [pool-149-thread-1] INFO  server.RaftServer$Division (ServerState.java:<init>(105)) - ac78b934-d09a-4407-918e-43db40751b5e@group-A1881E31F5E3: ConfigurationManager, init=-1: [285644d5-5d69-4e05-afbc-1ae5a883cebd|rpc:10.1.0.41:34921|dataStream:|priority:1, ac78b934-d09a-4407-918e-43db40751b5e|rpc:10.1.0.41:43943|dataStream:|priority:0, e001c49e-a42c-4009-8532-6b023fb26190|rpc:10.1.0.41:44999|dataStream:|priority:0], old=null, confs=<EMPTY_MAP>
2021-08-14 01:18:27,398 [pool-149-thread-1] INFO  server.RaftServerConfigKeys (ConfUtils.java:logGet(44)) - raft.server.storage.dir = [/home/runner/work/ozone/ozone/hadoop-ozone/integration-test/target/test-dir/MiniOzoneClusterImpl-0159c105-9d83-42dd-92be-307c6655fab4/datanode-5/data/ratis] (custom)
2021-08-14 01:18:27,398 [pool-149-thread-1] INFO  server.RaftServerConfigKeys (ConfUtils.java:logGet(44)) - raft.server.log.corruption.policy = EXCEPTION (default)
2021-08-14 01:18:27,398 [pool-149-thread-1] INFO  server.RaftServerConfigKeys (ConfUtils.java:logGet(44)) - raft.server.storage.free-space.min = 0MB (=0) (default)
2021-08-14 01:18:27,398 [pool-149-thread-1] INFO  storage.RaftStorageDirectory (RaftStorageDirectoryImpl.java:analyzeStorage(135)) - The storage directory /home/runner/work/ozone/ozone/hadoop-ozone/integration-test/target/test-dir/MiniOzoneClusterImpl-0159c105-9d83-42dd-92be-307c6655fab4/datanode-5/data/ratis/906c250f-41ba-4521-944d-a1881e31f5e3 does not exist. Creating ...
2021-08-14 01:18:27,399 [grpc-default-executor-0] INFO  server.RaftServer (RaftServerProxy.java:addNew(95)) - ac78b934-d09a-4407-918e-43db40751b5e: addNew group-A1881E31F5E3:[285644d5-5d69-4e05-afbc-1ae5a883cebd|rpc:10.1.0.41:34921|dataStream:|priority:1, ac78b934-d09a-4407-918e-43db40751b5e|rpc:10.1.0.41:43943|dataStream:|priority:0, e001c49e-a42c-4009-8532-6b023fb26190|rpc:10.1.0.41:44999|dataStream:|priority:0] returns group-A1881E31F5E3:java.util.concurrent.CompletableFuture@327fc742[Not completed]
2021-08-14 01:18:27,399 [pool-149-thread-1] INFO  storage.RaftStorageDirectory (RaftStorageDirectoryImpl.java:tryLock(230)) - Lock on /home/runner/work/ozone/ozone/hadoop-ozone/integration-test/target/test-dir/MiniOzoneClusterImpl-0159c105-9d83-42dd-92be-307c6655fab4/datanode-5/data/ratis/906c250f-41ba-4521-944d-a1881e31f5e3/in_use.lock acquired by nodename 682@fv-az395-768
2021-08-14 01:18:27,400 [pool-149-thread-1] INFO  storage.RaftStorage (RaftStorageImpl.java:format(89)) - Storage directory /home/runner/work/ozone/ozone/hadoop-ozone/integration-test/target/test-dir/MiniOzoneClusterImpl-0159c105-9d83-42dd-92be-307c6655fab4/datanode-5/data/ratis/906c250f-41ba-4521-944d-a1881e31f5e3 has been successfully formatted.
2021-08-14 01:18:27,401 [pool-149-thread-1] INFO  ratis.ContainerStateMachine (ContainerStateMachine.java:loadSnapshot(225)) - group-A1881E31F5E3: The snapshot info is null. Setting the last applied indexto:(t:0, i:~)
2021-08-14 01:18:27,401 [pool-149-thread-1] INFO  server.RaftServerConfigKeys (ConfUtils.java:logGet(44)) - raft.server.notification.no-leader.timeout = 300000ms (custom)
2021-08-14 01:18:27,401 [Datanode State Machine Thread - 0] WARN  statemachine.StateContext (StateContext.java:execute(621)) - No available thread in pool for past 0 seconds.
2021-08-14 01:18:27,402 [pool-149-thread-1] INFO  server.RaftServerConfigKeys (ConfUtils.java:logGet(44)) - raft.server.log.use.memory = false (default)
2021-08-14 01:18:27,402 [pool-149-thread-1] INFO  server.RaftServerConfigKeys (ConfUtils.java:logGet(44)) - raft.server.log.purge.gap = 1000000 (custom)
2021-08-14 01:18:27,403 [pool-149-thread-1] INFO  server.RaftServerConfigKeys (ConfUtils.java:logGet(44)) - raft.server.log.appender.buffer.byte-limit = 33554432 (custom)
2021-08-14 01:18:27,403 [pool-149-thread-1] INFO  server.RaftServerConfigKeys (ConfUtils.java:logGet(44)) - raft.server.log.segment.size.max = 1048576 (custom)
2021-08-14 01:18:27,403 [Command processor thread] INFO  server.RaftServer (RaftServerProxy.java:addNew(95)) - 285644d5-5d69-4e05-afbc-1ae5a883cebd: addNew group-767070699695:[285644d5-5d69-4e05-afbc-1ae5a883cebd|rpc:10.1.0.41:34921|priority:1] returns group-767070699695:java.util.concurrent.CompletableFuture@3a6fdcd3[Not completed]
2021-08-14 01:18:27,404 [pool-130-thread-1] INFO  server.RaftServer$Division (RaftServerImpl.java:<init>(181)) - 285644d5-5d69-4e05-afbc-1ae5a883cebd: new RaftServerImpl for group-767070699695:[285644d5-5d69-4e05-afbc-1ae5a883cebd|rpc:10.1.0.41:34921|priority:1] with ContainerStateMachine:uninitialized
2021-08-14 01:18:27,404 [pool-130-thread-1] INFO  server.RaftServerConfigKeys (ConfUtils.java:logGet(44)) - raft.server.rpc.timeout.min = 5s (custom)
2021-08-14 01:18:27,404 [pool-130-thread-1] INFO  server.RaftServerConfigKeys (ConfUtils.java:logGet(44)) - raft.server.rpc.timeout.max = 5200ms (custom)
2021-08-14 01:18:27,404 [pool-130-thread-1] INFO  server.RaftServerConfigKeys (ConfUtils.java:logGet(44)) - raft.server.rpc.sleep.time = 25ms (default)
2021-08-14 01:18:27,404 [pool-130-thread-1] INFO  server.RaftServerConfigKeys (ConfUtils.java:logGet(44)) - raft.server.rpc.slowness.timeout = 300000ms (custom)
2021-08-14 01:18:27,405 [pool-130-thread-1] INFO  server.RaftServerConfigKeys (ConfUtils.java:logGet(44)) - raft.server.leaderelection.leader.step-down.wait-time = 10s (default)
2021-08-14 01:18:27,405 [pool-130-thread-1] INFO  server.RaftServerConfigKeys (ConfUtils.java:logGet(44)) - raft.server.sleep.deviation.threshold = 300ms (default)
2021-08-14 01:18:27,405 [pool-130-thread-1] INFO  server.RaftServerConfigKeys (ConfUtils.java:logGet(44)) - raft.server.log.appender.install.snapshot.enabled = false (custom)
2021-08-14 01:18:27,405 [pool-130-thread-1] INFO  server.RaftServer$Division (ServerState.java:<init>(105)) - 285644d5-5d69-4e05-afbc-1ae5a883cebd@group-767070699695: ConfigurationManager, init=-1: [285644d5-5d69-4e05-afbc-1ae5a883cebd|rpc:10.1.0.41:34921|priority:1], old=null, confs=<EMPTY_MAP>
2021-08-14 01:18:27,405 [pool-130-thread-1] INFO  server.RaftServerConfigKeys (ConfUtils.java:logGet(44)) - raft.server.storage.dir = [/home/runner/work/ozone/ozone/hadoop-ozone/integration-test/target/test-dir/MiniOzoneClusterImpl-0159c105-9d83-42dd-92be-307c6655fab4/datanode-4/data/ratis] (custom)
2021-08-14 01:18:27,405 [pool-130-thread-1] INFO  server.RaftServerConfigKeys (ConfUtils.java:logGet(44)) - raft.server.log.corruption.policy = EXCEPTION (default)
2021-08-14 01:18:27,405 [pool-130-thread-1] INFO  server.RaftServerConfigKeys (ConfUtils.java:logGet(44)) - raft.server.storage.free-space.min = 0MB (=0) (default)
2021-08-14 01:18:27,405 [pool-130-thread-1] INFO  storage.RaftStorageDirectory (RaftStorageDirectoryImpl.java:analyzeStorage(135)) - The storage directory /home/runner/work/ozone/ozone/hadoop-ozone/integration-test/target/test-dir/MiniOzoneClusterImpl-0159c105-9d83-42dd-92be-307c6655fab4/datanode-4/data/ratis/acad7af8-19b4-4d3a-a0c4-767070699695 does not exist. Creating ...
2021-08-14 01:18:27,406 [pool-149-thread-1] INFO  server.RaftServerConfigKeys (ConfUtils.java:logGet(44)) - raft.server.log.segment.cache.num.max = 2 (custom)
2021-08-14 01:18:27,406 [pool-149-thread-1] INFO  server.RaftServerConfigKeys (ConfUtils.java:logGet(44)) - raft.server.log.segment.cache.size.max = 200MB (=209715200) (default)
2021-08-14 01:18:27,406 [pool-149-thread-1] INFO  segmented.SegmentedRaftLogWorker (SegmentedRaftLogWorker.java:<init>(182)) - new ac78b934-d09a-4407-918e-43db40751b5e@group-A1881E31F5E3-SegmentedRaftLogWorker for RaftStorageImpl:Storage Directory /home/runner/work/ozone/ozone/hadoop-ozone/integration-test/target/test-dir/MiniOzoneClusterImpl-0159c105-9d83-42dd-92be-307c6655fab4/datanode-5/data/ratis/906c250f-41ba-4521-944d-a1881e31f5e3
2021-08-14 01:18:27,406 [pool-149-thread-1] INFO  server.RaftServerConfigKeys (ConfUtils.java:logGet(44)) - raft.server.log.queue.byte-limit = 2147483647 (custom)
2021-08-14 01:18:27,406 [pool-149-thread-1] INFO  server.RaftServerConfigKeys (ConfUtils.java:logGet(44)) - raft.server.log.queue.element-limit = 1024 (custom)
2021-08-14 01:18:27,406 [pool-149-thread-1] INFO  server.RaftServerConfigKeys (ConfUtils.java:logGet(44)) - raft.server.log.segment.size.max = 1048576 (custom)
2021-08-14 01:18:27,406 [pool-149-thread-1] INFO  server.RaftServerConfigKeys (ConfUtils.java:logGet(44)) - raft.server.log.preallocated.size = 16384 (custom)
2021-08-14 01:18:27,406 [pool-149-thread-1] INFO  server.RaftServerConfigKeys (ConfUtils.java:logGet(44)) - raft.server.log.force.sync.num = 128 (default)
2021-08-14 01:18:27,406 [pool-149-thread-1] INFO  server.RaftServerConfigKeys (ConfUtils.java:logGet(44)) - raft.server.log.statemachine.data.sync = true (default)
2021-08-14 01:18:27,406 [pool-149-thread-1] INFO  server.RaftServerConfigKeys (ConfUtils.java:logGet(44)) - raft.server.log.statemachine.data.sync.timeout = 10s (default)
2021-08-14 01:18:27,406 [pool-149-thread-1] INFO  server.RaftServerConfigKeys (ConfUtils.java:logGet(44)) - raft.server.log.statemachine.data.sync.timeout.retry = -1 (default)
2021-08-14 01:18:27,407 [pool-130-thread-1] INFO  storage.RaftStorageDirectory (RaftStorageDirectoryImpl.java:tryLock(230)) - Lock on /home/runner/work/ozone/ozone/hadoop-ozone/integration-test/target/test-dir/MiniOzoneClusterImpl-0159c105-9d83-42dd-92be-307c6655fab4/datanode-4/data/ratis/acad7af8-19b4-4d3a-a0c4-767070699695/in_use.lock acquired by nodename 682@fv-az395-768
2021-08-14 01:18:27,408 [pool-149-thread-1] INFO  server.RaftServerConfigKeys (ConfUtils.java:logGet(44)) - raft.server.log.write.buffer.size = 1048576 (custom)
2021-08-14 01:18:27,408 [pool-130-thread-1] INFO  storage.RaftStorage (RaftStorageImpl.java:format(89)) - Storage directory /home/runner/work/ozone/ozone/hadoop-ozone/integration-test/target/test-dir/MiniOzoneClusterImpl-0159c105-9d83-42dd-92be-307c6655fab4/datanode-4/data/ratis/acad7af8-19b4-4d3a-a0c4-767070699695 has been successfully formatted.
2021-08-14 01:18:27,409 [pool-130-thread-1] INFO  ratis.ContainerStateMachine (ContainerStateMachine.java:loadSnapshot(225)) - group-767070699695: The snapshot info is null. Setting the last applied indexto:(t:0, i:~)
2021-08-14 01:18:27,409 [pool-130-thread-1] INFO  server.RaftServerConfigKeys (ConfUtils.java:logGet(44)) - raft.server.notification.no-leader.timeout = 300000ms (custom)
2021-08-14 01:18:27,409 [pool-130-thread-1] INFO  server.RaftServerConfigKeys (ConfUtils.java:logGet(44)) - raft.server.log.use.memory = false (default)
2021-08-14 01:18:27,409 [pool-130-thread-1] INFO  server.RaftServerConfigKeys (ConfUtils.java:logGet(44)) - raft.server.log.purge.gap = 1000000 (custom)
2021-08-14 01:18:27,409 [pool-130-thread-1] INFO  server.RaftServerConfigKeys (ConfUtils.java:logGet(44)) - raft.server.log.appender.buffer.byte-limit = 33554432 (custom)
2021-08-14 01:18:27,409 [pool-130-thread-1] INFO  server.RaftServerConfigKeys (ConfUtils.java:logGet(44)) - raft.server.log.segment.size.max = 1048576 (custom)
2021-08-14 01:18:27,409 [pool-130-thread-1] INFO  server.RaftServerConfigKeys (ConfUtils.java:logGet(44)) - raft.server.log.segment.cache.num.max = 2 (custom)
2021-08-14 01:18:27,410 [pool-130-thread-1] INFO  server.RaftServerConfigKeys (ConfUtils.java:logGet(44)) - raft.server.log.segment.cache.size.max = 200MB (=209715200) (default)
2021-08-14 01:18:27,410 [pool-130-thread-1] INFO  segmented.SegmentedRaftLogWorker (SegmentedRaftLogWorker.java:<init>(182)) - new 285644d5-5d69-4e05-afbc-1ae5a883cebd@group-767070699695-SegmentedRaftLogWorker for RaftStorageImpl:Storage Directory /home/runner/work/ozone/ozone/hadoop-ozone/integration-test/target/test-dir/MiniOzoneClusterImpl-0159c105-9d83-42dd-92be-307c6655fab4/datanode-4/data/ratis/acad7af8-19b4-4d3a-a0c4-767070699695
2021-08-14 01:18:27,410 [pool-130-thread-1] INFO  server.RaftServerConfigKeys (ConfUtils.java:logGet(44)) - raft.server.log.queue.byte-limit = 2147483647 (custom)
2021-08-14 01:18:27,410 [pool-130-thread-1] INFO  server.RaftServerConfigKeys (ConfUtils.java:logGet(44)) - raft.server.log.queue.element-limit = 1024 (custom)
2021-08-14 01:18:27,410 [pool-130-thread-1] INFO  server.RaftServerConfigKeys (ConfUtils.java:logGet(44)) - raft.server.log.segment.size.max = 1048576 (custom)
2021-08-14 01:18:27,410 [pool-130-thread-1] INFO  server.RaftServerConfigKeys (ConfUtils.java:logGet(44)) - raft.server.log.preallocated.size = 16384 (custom)
2021-08-14 01:18:27,410 [pool-130-thread-1] INFO  server.RaftServerConfigKeys (ConfUtils.java:logGet(44)) - raft.server.log.force.sync.num = 128 (default)
2021-08-14 01:18:27,410 [pool-130-thread-1] INFO  server.RaftServerConfigKeys (ConfUtils.java:logGet(44)) - raft.server.log.statemachine.data.sync = true (default)
2021-08-14 01:18:27,410 [pool-130-thread-1] INFO  server.RaftServerConfigKeys (ConfUtils.java:logGet(44)) - raft.server.log.statemachine.data.sync.timeout = 10s (default)
2021-08-14 01:18:27,410 [pool-130-thread-1] INFO  server.RaftServerConfigKeys (ConfUtils.java:logGet(44)) - raft.server.log.statemachine.data.sync.timeout.retry = -1 (default)
2021-08-14 01:18:27,411 [pool-130-thread-1] INFO  server.RaftServerConfigKeys (ConfUtils.java:logGet(44)) - raft.server.log.write.buffer.size = 1048576 (custom)
2021-08-14 01:18:27,413 [EventQueue-PipelineReportForPipelineReportHandler] INFO  pipeline.PipelineManagerImpl (PipelineManagerImpl.java:openPipeline(283)) - Pipeline Pipeline[ Id: acad7af8-19b4-4d3a-a0c4-767070699695, Nodes: 285644d5-5d69-4e05-afbc-1ae5a883cebd{ip: 10.1.0.41, host: fv-az395-768.zfmzfyrfkyou3ow0tsr0jxwq1e.bx.internal.cloudapp.net, ports: [REPLICATION=41237, RATIS=34921, RATIS_ADMIN=34921, RATIS_SERVER=34921, STANDALONE=35767], networkLocation: /default-rack, certSerialId: null, persistedOpState: IN_SERVICE, persistedOpStateExpiryEpochSec: 0}, ReplicationConfig: RATIS/ONE, State:ALLOCATED, leaderId:285644d5-5d69-4e05-afbc-1ae5a883cebd, CreationTimestamp2021-08-14T01:18:24.408Z[Etc/UTC]] moved to OPEN state
2021-08-14 01:18:27,413 [EventQueue-OpenPipelineForHealthyPipelineSafeModeRule] INFO  safemode.SCMSafeModeManager (HealthyPipelineSafeModeRule.java:process(124)) - SCM in safe mode. Healthy pipelines reported count is 0, required healthy pipeline reported count is 1
2021-08-14 01:18:27,414 [pool-130-thread-1] INFO  server.RaftServerConfigKeys (ConfUtils.java:logGet(44)) - raft.server.log.statemachine.data.caching.enabled = true (custom)
2021-08-14 01:18:27,416 [pool-130-thread-1] INFO  segmented.SegmentedRaftLogWorker (SegmentedRaftLogWorker.java:lambda$new$0(133)) - 285644d5-5d69-4e05-afbc-1ae5a883cebd@group-767070699695-SegmentedRaftLogWorker: flushIndex: setUnconditionally 0 -> -1
2021-08-14 01:18:27,416 [pool-130-thread-1] INFO  segmented.SegmentedRaftLogWorker (SegmentedRaftLogWorker.java:lambda$new$0(133)) - 285644d5-5d69-4e05-afbc-1ae5a883cebd@group-767070699695-SegmentedRaftLogWorker: safeCacheEvictIndex: setUnconditionally 0 -> -1
2021-08-14 01:18:27,416 [pool-149-thread-1] INFO  server.RaftServerConfigKeys (ConfUtils.java:logGet(44)) - raft.server.log.statemachine.data.caching.enabled = true (custom)
2021-08-14 01:18:27,416 [pool-149-thread-1] INFO  segmented.SegmentedRaftLogWorker (SegmentedRaftLogWorker.java:lambda$new$0(133)) - ac78b934-d09a-4407-918e-43db40751b5e@group-A1881E31F5E3-SegmentedRaftLogWorker: flushIndex: setUnconditionally 0 -> -1
2021-08-14 01:18:27,416 [pool-149-thread-1] INFO  segmented.SegmentedRaftLogWorker (SegmentedRaftLogWorker.java:lambda$new$0(133)) - ac78b934-d09a-4407-918e-43db40751b5e@group-A1881E31F5E3-SegmentedRaftLogWorker: safeCacheEvictIndex: setUnconditionally 0 -> -1
2021-08-14 01:18:27,416 [pool-130-thread-1] INFO  server.RaftServerConfigKeys (ConfUtils.java:logGet(44)) - raft.server.snapshot.auto.trigger.enabled = true (custom)
2021-08-14 01:18:27,417 [pool-130-thread-1] INFO  server.RaftServerConfigKeys (ConfUtils.java:logGet(44)) - raft.server.snapshot.auto.trigger.threshold = 1 (custom)
2021-08-14 01:18:27,417 [pool-130-thread-1] INFO  server.RaftServerConfigKeys (ConfUtils.java:logGet(44)) - raft.server.snapshot.retention.file.num = 5 (custom)
2021-08-14 01:18:27,417 [pool-130-thread-1] INFO  server.RaftServerConfigKeys (ConfUtils.java:logGet(44)) - raft.server.log.purge.upto.snapshot.index = false (default)
2021-08-14 01:18:27,417 [pool-130-thread-1] INFO  server.RaftServerConfigKeys (ConfUtils.java:logGet(44)) - raft.server.retrycache.expirytime = 600000ms (custom)
2021-08-14 01:18:27,417 [pool-130-thread-1] INFO  server.RaftServerConfigKeys (ConfUtils.java:logGet(44)) - raft.server.retrycache.statistics.expirytime = 100μs (default)
2021-08-14 01:18:27,418 [pool-130-thread-1] INFO  server.RaftServer$Division (RaftServerImpl.java:start(296)) - 285644d5-5d69-4e05-afbc-1ae5a883cebd@group-767070699695: start as a follower, conf=-1: [285644d5-5d69-4e05-afbc-1ae5a883cebd|rpc:10.1.0.41:34921|priority:1], old=null
2021-08-14 01:18:27,418 [pool-130-thread-1] INFO  server.RaftServer$Division (RaftServerImpl.java:setRole(285)) - 285644d5-5d69-4e05-afbc-1ae5a883cebd@group-767070699695: changes role from      null to FOLLOWER at term 0 for startAsFollower
2021-08-14 01:18:27,418 [pool-130-thread-1] INFO  impl.RoleInfo (RoleInfo.java:updateAndGet(130)) - 285644d5-5d69-4e05-afbc-1ae5a883cebd: start 285644d5-5d69-4e05-afbc-1ae5a883cebd@group-767070699695-FollowerState
2021-08-14 01:18:27,419 [pool-130-thread-1] INFO  util.JmxRegister (JmxRegister.java:tryRegister(44)) - Successfully registered JMX Bean with object name Ratis:service=RaftServer,group=group-767070699695,id=285644d5-5d69-4e05-afbc-1ae5a883cebd
2021-08-14 01:18:27,419 [Command processor thread] INFO  ratis.XceiverServerRatis (XceiverServerRatis.java:addGroup(763)) - Created group PipelineID=acad7af8-19b4-4d3a-a0c4-767070699695
2021-08-14 01:18:27,419 [Command processor thread] INFO  commandhandler.CreatePipelineCommandHandler (CreatePipelineCommandHandler.java:handle(106)) - Created Pipeline RATIS ONE PipelineID=acad7af8-19b4-4d3a-a0c4-767070699695.
2021-08-14 01:18:27,420 [pool-149-thread-1] INFO  server.RaftServerConfigKeys (ConfUtils.java:logGet(44)) - raft.server.snapshot.auto.trigger.enabled = true (custom)
2021-08-14 01:18:27,420 [pool-149-thread-1] INFO  server.RaftServerConfigKeys (ConfUtils.java:logGet(44)) - raft.server.snapshot.auto.trigger.threshold = 1 (custom)
2021-08-14 01:18:27,420 [pool-149-thread-1] INFO  server.RaftServerConfigKeys (ConfUtils.java:logGet(44)) - raft.server.snapshot.retention.file.num = 5 (custom)
2021-08-14 01:18:27,420 [pool-149-thread-1] INFO  server.RaftServerConfigKeys (ConfUtils.java:logGet(44)) - raft.server.log.purge.upto.snapshot.index = false (default)
2021-08-14 01:18:27,420 [pool-149-thread-1] INFO  server.RaftServerConfigKeys (ConfUtils.java:logGet(44)) - raft.server.retrycache.expirytime = 600000ms (custom)
2021-08-14 01:18:27,420 [pool-149-thread-1] INFO  server.RaftServerConfigKeys (ConfUtils.java:logGet(44)) - raft.server.retrycache.statistics.expirytime = 100μs (default)
2021-08-14 01:18:27,422 [pool-149-thread-1] INFO  server.RaftServer$Division (RaftServerImpl.java:start(296)) - ac78b934-d09a-4407-918e-43db40751b5e@group-A1881E31F5E3: start as a follower, conf=-1: [285644d5-5d69-4e05-afbc-1ae5a883cebd|rpc:10.1.0.41:34921|dataStream:|priority:1, ac78b934-d09a-4407-918e-43db40751b5e|rpc:10.1.0.41:43943|dataStream:|priority:0, e001c49e-a42c-4009-8532-6b023fb26190|rpc:10.1.0.41:44999|dataStream:|priority:0], old=null
2021-08-14 01:18:27,422 [pool-149-thread-1] INFO  server.RaftServer$Division (RaftServerImpl.java:setRole(285)) - ac78b934-d09a-4407-918e-43db40751b5e@group-A1881E31F5E3: changes role from      null to FOLLOWER at term 0 for startAsFollower
2021-08-14 01:18:27,422 [pool-149-thread-1] INFO  impl.RoleInfo (RoleInfo.java:updateAndGet(130)) - ac78b934-d09a-4407-918e-43db40751b5e: start ac78b934-d09a-4407-918e-43db40751b5e@group-A1881E31F5E3-FollowerState
2021-08-14 01:18:27,422 [pool-149-thread-1] INFO  util.JmxRegister (JmxRegister.java:tryRegister(44)) - Successfully registered JMX Bean with object name Ratis:service=RaftServer,group=group-A1881E31F5E3,id=ac78b934-d09a-4407-918e-43db40751b5e
2021-08-14 01:18:27,432 [Command processor thread] INFO  commandhandler.CreatePipelineCommandHandler (CreatePipelineCommandHandler.java:handle(106)) - Created Pipeline RATIS THREE PipelineID=906c250f-41ba-4521-944d-a1881e31f5e3.
2021-08-14 01:18:27,475 [EventQueue-OpenPipelineForHealthyPipelineSafeModeRule] INFO  safemode.SCMSafeModeManager (HealthyPipelineSafeModeRule.java:process(124)) - SCM in safe mode. Healthy pipelines reported count is 0, required healthy pipeline reported count is 1
2021-08-14 01:18:27,541 [EventQueue-OpenPipelineForHealthyPipelineSafeModeRule] INFO  safemode.SCMSafeModeManager (HealthyPipelineSafeModeRule.java:process(124)) - SCM in safe mode. Healthy pipelines reported count is 0, required healthy pipeline reported count is 1
2021-08-14 01:18:27,576 [Listener at 127.0.0.1/43663] INFO  ozone.MiniOzoneClusterImpl (MiniOzoneClusterImpl.java:lambda$waitForClusterToBeReady$0(235)) - Nodes are ready. Got 10 of 10 DN Heartbeats.
2021-08-14 01:18:27,576 [Listener at 127.0.0.1/43663] INFO  ozone.MiniOzoneClusterImpl (MiniOzoneClusterImpl.java:lambda$waitForClusterToBeReady$0(238)) - Waiting for cluster to exit safe mode
2021-08-14 01:18:27,576 [Listener at 127.0.0.1/43663] INFO  ozone.MiniOzoneClusterImpl (MiniOzoneClusterImpl.java:lambda$waitForClusterToBeReady$0(240)) - SCM became leader
2021-08-14 01:18:27,591 [EventQueue-OpenPipelineForHealthyPipelineSafeModeRule] INFO  safemode.SCMSafeModeManager (HealthyPipelineSafeModeRule.java:process(124)) - SCM in safe mode. Healthy pipelines reported count is 0, required healthy pipeline reported count is 1
2021-08-14 01:18:27,621 [Command processor thread] INFO  server.RaftServer (RaftServerProxy.java:addNew(95)) - ac78b934-d09a-4407-918e-43db40751b5e: addNew group-2F24DE557786:[ac78b934-d09a-4407-918e-43db40751b5e|rpc:10.1.0.41:43943|priority:1] returns group-2F24DE557786:java.util.concurrent.CompletableFuture@1b2e1e79[Not completed]
2021-08-14 01:18:27,622 [pool-149-thread-1] INFO  server.RaftServer$Division (RaftServerImpl.java:<init>(181)) - ac78b934-d09a-4407-918e-43db40751b5e: new RaftServerImpl for group-2F24DE557786:[ac78b934-d09a-4407-918e-43db40751b5e|rpc:10.1.0.41:43943|priority:1] with ContainerStateMachine:uninitialized
2021-08-14 01:18:27,622 [pool-149-thread-1] INFO  server.RaftServerConfigKeys (ConfUtils.java:logGet(44)) - raft.server.rpc.timeout.min = 5s (custom)
2021-08-14 01:18:27,622 [pool-149-thread-1] INFO  server.RaftServerConfigKeys (ConfUtils.java:logGet(44)) - raft.server.rpc.timeout.max = 5200ms (custom)
2021-08-14 01:18:27,622 [pool-149-thread-1] INFO  server.RaftServerConfigKeys (ConfUtils.java:logGet(44)) - raft.server.rpc.sleep.time = 25ms (default)
2021-08-14 01:18:27,622 [pool-149-thread-1] INFO  server.RaftServerConfigKeys (ConfUtils.java:logGet(44)) - raft.server.rpc.slowness.timeout = 300000ms (custom)
2021-08-14 01:18:27,622 [pool-149-thread-1] INFO  server.RaftServerConfigKeys (ConfUtils.java:logGet(44)) - raft.server.leaderelection.leader.step-down.wait-time = 10s (default)
2021-08-14 01:18:27,622 [pool-149-thread-1] INFO  server.RaftServerConfigKeys (ConfUtils.java:logGet(44)) - raft.server.sleep.deviation.threshold = 300ms (default)
2021-08-14 01:18:27,622 [pool-149-thread-1] INFO  server.RaftServerConfigKeys (ConfUtils.java:logGet(44)) - raft.server.log.appender.install.snapshot.enabled = false (custom)
2021-08-14 01:18:27,622 [pool-149-thread-1] INFO  server.RaftServer$Division (ServerState.java:<init>(105)) - ac78b934-d09a-4407-918e-43db40751b5e@group-2F24DE557786: ConfigurationManager, init=-1: [ac78b934-d09a-4407-918e-43db40751b5e|rpc:10.1.0.41:43943|priority:1], old=null, confs=<EMPTY_MAP>
2021-08-14 01:18:27,623 [pool-149-thread-1] INFO  server.RaftServerConfigKeys (ConfUtils.java:logGet(44)) - raft.server.storage.dir = [/home/runner/work/ozone/ozone/hadoop-ozone/integration-test/target/test-dir/MiniOzoneClusterImpl-0159c105-9d83-42dd-92be-307c6655fab4/datanode-5/data/ratis] (custom)
2021-08-14 01:18:27,623 [pool-149-thread-1] INFO  server.RaftServerConfigKeys (ConfUtils.java:logGet(44)) - raft.server.log.corruption.policy = EXCEPTION (default)
2021-08-14 01:18:27,623 [pool-149-thread-1] INFO  server.RaftServerConfigKeys (ConfUtils.java:logGet(44)) - raft.server.storage.free-space.min = 0MB (=0) (default)
2021-08-14 01:18:27,623 [pool-149-thread-1] INFO  storage.RaftStorageDirectory (RaftStorageDirectoryImpl.java:analyzeStorage(135)) - The storage directory /home/runner/work/ozone/ozone/hadoop-ozone/integration-test/target/test-dir/MiniOzoneClusterImpl-0159c105-9d83-42dd-92be-307c6655fab4/datanode-5/data/ratis/68599dce-946b-4ac6-8d0f-2f24de557786 does not exist. Creating ...
2021-08-14 01:18:27,625 [pool-149-thread-1] INFO  storage.RaftStorageDirectory (RaftStorageDirectoryImpl.java:tryLock(230)) - Lock on /home/runner/work/ozone/ozone/hadoop-ozone/integration-test/target/test-dir/MiniOzoneClusterImpl-0159c105-9d83-42dd-92be-307c6655fab4/datanode-5/data/ratis/68599dce-946b-4ac6-8d0f-2f24de557786/in_use.lock acquired by nodename 682@fv-az395-768
2021-08-14 01:18:27,627 [pool-149-thread-1] INFO  storage.RaftStorage (RaftStorageImpl.java:format(89)) - Storage directory /home/runner/work/ozone/ozone/hadoop-ozone/integration-test/target/test-dir/MiniOzoneClusterImpl-0159c105-9d83-42dd-92be-307c6655fab4/datanode-5/data/ratis/68599dce-946b-4ac6-8d0f-2f24de557786 has been successfully formatted.
2021-08-14 01:18:27,627 [Datanode State Machine Thread - 0] WARN  statemachine.StateContext (StateContext.java:execute(621)) - No available thread in pool for past 0 seconds.
2021-08-14 01:18:27,628 [EventQueue-PipelineReportForPipelineReportHandler] INFO  pipeline.PipelineManagerImpl (PipelineManagerImpl.java:openPipeline(283)) - Pipeline Pipeline[ Id: 68599dce-946b-4ac6-8d0f-2f24de557786, Nodes: ac78b934-d09a-4407-918e-43db40751b5e{ip: 10.1.0.41, host: fv-az395-768.zfmzfyrfkyou3ow0tsr0jxwq1e.bx.internal.cloudapp.net, ports: [REPLICATION=45217, RATIS=43943, RATIS_ADMIN=43943, RATIS_SERVER=43943, STANDALONE=44287], networkLocation: /default-rack, certSerialId: null, persistedOpState: IN_SERVICE, persistedOpStateExpiryEpochSec: 0}, ReplicationConfig: RATIS/ONE, State:ALLOCATED, leaderId:ac78b934-d09a-4407-918e-43db40751b5e, CreationTimestamp2021-08-14T01:18:24.625Z[Etc/UTC]] moved to OPEN state
2021-08-14 01:18:27,628 [pool-149-thread-1] INFO  ratis.ContainerStateMachine (ContainerStateMachine.java:loadSnapshot(225)) - group-2F24DE557786: The snapshot info is null. Setting the last applied indexto:(t:0, i:~)
2021-08-14 01:18:27,628 [pool-149-thread-1] INFO  server.RaftServerConfigKeys (ConfUtils.java:logGet(44)) - raft.server.notification.no-leader.timeout = 300000ms (custom)
2021-08-14 01:18:27,628 [pool-149-thread-1] INFO  server.RaftServerConfigKeys (ConfUtils.java:logGet(44)) - raft.server.log.use.memory = false (default)
2021-08-14 01:18:27,628 [EventQueue-OpenPipelineForHealthyPipelineSafeModeRule] INFO  safemode.SCMSafeModeManager (HealthyPipelineSafeModeRule.java:process(124)) - SCM in safe mode. Healthy pipelines reported count is 0, required healthy pipeline reported count is 1
2021-08-14 01:18:27,631 [pool-149-thread-1] INFO  server.RaftServerConfigKeys (ConfUtils.java:logGet(44)) - raft.server.log.purge.gap = 1000000 (custom)
2021-08-14 01:18:27,631 [pool-149-thread-1] INFO  server.RaftServerConfigKeys (ConfUtils.java:logGet(44)) - raft.server.log.appender.buffer.byte-limit = 33554432 (custom)
2021-08-14 01:18:27,632 [pool-149-thread-1] INFO  server.RaftServerConfigKeys (ConfUtils.java:logGet(44)) - raft.server.log.segment.size.max = 1048576 (custom)
2021-08-14 01:18:27,632 [EventQueue-OpenPipelineForHealthyPipelineSafeModeRule] INFO  safemode.SCMSafeModeManager (HealthyPipelineSafeModeRule.java:process(124)) - SCM in safe mode. Healthy pipelines reported count is 0, required healthy pipeline reported count is 1
2021-08-14 01:18:27,633 [pool-149-thread-1] INFO  server.RaftServerConfigKeys (ConfUtils.java:logGet(44)) - raft.server.log.segment.cache.num.max = 2 (custom)
2021-08-14 01:18:27,633 [pool-149-thread-1] INFO  server.RaftServerConfigKeys (ConfUtils.java:logGet(44)) - raft.server.log.segment.cache.size.max = 200MB (=209715200) (default)
2021-08-14 01:18:27,633 [pool-149-thread-1] INFO  segmented.SegmentedRaftLogWorker (SegmentedRaftLogWorker.java:<init>(182)) - new ac78b934-d09a-4407-918e-43db40751b5e@group-2F24DE557786-SegmentedRaftLogWorker for RaftStorageImpl:Storage Directory /home/runner/work/ozone/ozone/hadoop-ozone/integration-test/target/test-dir/MiniOzoneClusterImpl-0159c105-9d83-42dd-92be-307c6655fab4/datanode-5/data/ratis/68599dce-946b-4ac6-8d0f-2f24de557786
2021-08-14 01:18:27,633 [pool-149-thread-1] INFO  server.RaftServerConfigKeys (ConfUtils.java:logGet(44)) - raft.server.log.queue.byte-limit = 2147483647 (custom)
2021-08-14 01:18:27,633 [pool-149-thread-1] INFO  server.RaftServerConfigKeys (ConfUtils.java:logGet(44)) - raft.server.log.queue.element-limit = 1024 (custom)
2021-08-14 01:18:27,633 [pool-149-thread-1] INFO  server.RaftServerConfigKeys (ConfUtils.java:logGet(44)) - raft.server.log.segment.size.max = 1048576 (custom)
2021-08-14 01:18:27,633 [pool-149-thread-1] INFO  server.RaftServerConfigKeys (ConfUtils.java:logGet(44)) - raft.server.log.preallocated.size = 16384 (custom)
2021-08-14 01:18:27,633 [pool-149-thread-1] INFO  server.RaftServerConfigKeys (ConfUtils.java:logGet(44)) - raft.server.log.force.sync.num = 128 (default)
2021-08-14 01:18:27,633 [pool-149-thread-1] INFO  server.RaftServerConfigKeys (ConfUtils.java:logGet(44)) - raft.server.log.statemachine.data.sync = true (default)
2021-08-14 01:18:27,633 [pool-149-thread-1] INFO  server.RaftServerConfigKeys (ConfUtils.java:logGet(44)) - raft.server.log.statemachine.data.sync.timeout = 10s (default)
2021-08-14 01:18:27,633 [pool-149-thread-1] INFO  server.RaftServerConfigKeys (ConfUtils.java:logGet(44)) - raft.server.log.statemachine.data.sync.timeout.retry = -1 (default)
2021-08-14 01:18:27,635 [pool-149-thread-1] INFO  server.RaftServerConfigKeys (ConfUtils.java:logGet(44)) - raft.server.log.write.buffer.size = 1048576 (custom)
2021-08-14 01:18:27,636 [pool-149-thread-1] INFO  server.RaftServerConfigKeys (ConfUtils.java:logGet(44)) - raft.server.log.statemachine.data.caching.enabled = true (custom)
2021-08-14 01:18:27,636 [pool-149-thread-1] INFO  segmented.SegmentedRaftLogWorker (SegmentedRaftLogWorker.java:lambda$new$0(133)) - ac78b934-d09a-4407-918e-43db40751b5e@group-2F24DE557786-SegmentedRaftLogWorker: flushIndex: setUnconditionally 0 -> -1
2021-08-14 01:18:27,636 [pool-149-thread-1] INFO  segmented.SegmentedRaftLogWorker (SegmentedRaftLogWorker.java:lambda$new$0(133)) - ac78b934-d09a-4407-918e-43db40751b5e@group-2F24DE557786-SegmentedRaftLogWorker: safeCacheEvictIndex: setUnconditionally 0 -> -1
2021-08-14 01:18:27,636 [pool-149-thread-1] INFO  server.RaftServerConfigKeys (ConfUtils.java:logGet(44)) - raft.server.snapshot.auto.trigger.enabled = true (custom)
2021-08-14 01:18:27,636 [pool-149-thread-1] INFO  server.RaftServerConfigKeys (ConfUtils.java:logGet(44)) - raft.server.snapshot.auto.trigger.threshold = 1 (custom)
2021-08-14 01:18:27,636 [pool-149-thread-1] INFO  server.RaftServerConfigKeys (ConfUtils.java:logGet(44)) - raft.server.snapshot.retention.file.num = 5 (custom)
2021-08-14 01:18:27,636 [pool-149-thread-1] INFO  server.RaftServerConfigKeys (ConfUtils.java:logGet(44)) - raft.server.log.purge.upto.snapshot.index = false (default)
2021-08-14 01:18:27,636 [pool-149-thread-1] INFO  server.RaftServerConfigKeys (ConfUtils.java:logGet(44)) - raft.server.retrycache.expirytime = 600000ms (custom)
2021-08-14 01:18:27,636 [pool-149-thread-1] INFO  server.RaftServerConfigKeys (ConfUtils.java:logGet(44)) - raft.server.retrycache.statistics.expirytime = 100μs (default)
2021-08-14 01:18:27,638 [pool-149-thread-1] INFO  server.RaftServer$Division (RaftServerImpl.java:start(296)) - ac78b934-d09a-4407-918e-43db40751b5e@group-2F24DE557786: start as a follower, conf=-1: [ac78b934-d09a-4407-918e-43db40751b5e|rpc:10.1.0.41:43943|priority:1], old=null
2021-08-14 01:18:27,638 [pool-149-thread-1] INFO  server.RaftServer$Division (RaftServerImpl.java:setRole(285)) - ac78b934-d09a-4407-918e-43db40751b5e@group-2F24DE557786: changes role from      null to FOLLOWER at term 0 for startAsFollower
2021-08-14 01:18:27,638 [pool-149-thread-1] INFO  impl.RoleInfo (RoleInfo.java:updateAndGet(130)) - ac78b934-d09a-4407-918e-43db40751b5e: start ac78b934-d09a-4407-918e-43db40751b5e@group-2F24DE557786-FollowerState
2021-08-14 01:18:27,638 [pool-149-thread-1] INFO  util.JmxRegister (JmxRegister.java:tryRegister(44)) - Successfully registered JMX Bean with object name Ratis:service=RaftServer,group=group-2F24DE557786,id=ac78b934-d09a-4407-918e-43db40751b5e
2021-08-14 01:18:27,639 [Command processor thread] INFO  ratis.XceiverServerRatis (XceiverServerRatis.java:addGroup(763)) - Created group PipelineID=68599dce-946b-4ac6-8d0f-2f24de557786
2021-08-14 01:18:27,639 [Command processor thread] INFO  commandhandler.CreatePipelineCommandHandler (CreatePipelineCommandHandler.java:handle(106)) - Created Pipeline RATIS ONE PipelineID=68599dce-946b-4ac6-8d0f-2f24de557786.
2021-08-14 01:18:27,813 [EventQueue-OpenPipelineForHealthyPipelineSafeModeRule] INFO  safemode.SCMSafeModeManager (HealthyPipelineSafeModeRule.java:process(124)) - SCM in safe mode. Healthy pipelines reported count is 0, required healthy pipeline reported count is 1
2021-08-14 01:18:27,818 [Command processor thread] INFO  server.RaftServer (RaftServerProxy.java:addNew(95)) - cd64d878-198d-4e62-83d6-b5b1e205daa6: addNew group-C2D69AEEE4F3:[cd64d878-198d-4e62-83d6-b5b1e205daa6|rpc:10.1.0.41:34757|priority:1] returns group-C2D69AEEE4F3:java.util.concurrent.CompletableFuture@53a222dc[Not completed]
2021-08-14 01:18:27,819 [pool-168-thread-1] INFO  server.RaftServer$Division (RaftServerImpl.java:<init>(181)) - cd64d878-198d-4e62-83d6-b5b1e205daa6: new RaftServerImpl for group-C2D69AEEE4F3:[cd64d878-198d-4e62-83d6-b5b1e205daa6|rpc:10.1.0.41:34757|priority:1] with ContainerStateMachine:uninitialized
2021-08-14 01:18:27,820 [pool-168-thread-1] INFO  server.RaftServerConfigKeys (ConfUtils.java:logGet(44)) - raft.server.rpc.timeout.min = 5s (custom)
2021-08-14 01:18:27,820 [pool-168-thread-1] INFO  server.RaftServerConfigKeys (ConfUtils.java:logGet(44)) - raft.server.rpc.timeout.max = 5200ms (custom)
2021-08-14 01:18:27,820 [pool-168-thread-1] INFO  server.RaftServerConfigKeys (ConfUtils.java:logGet(44)) - raft.server.rpc.sleep.time = 25ms (default)
2021-08-14 01:18:27,820 [pool-168-thread-1] INFO  server.RaftServerConfigKeys (ConfUtils.java:logGet(44)) - raft.server.rpc.slowness.timeout = 300000ms (custom)
2021-08-14 01:18:27,820 [pool-168-thread-1] INFO  server.RaftServerConfigKeys (ConfUtils.java:logGet(44)) - raft.server.leaderelection.leader.step-down.wait-time = 10s (default)
2021-08-14 01:18:27,820 [pool-168-thread-1] INFO  server.RaftServerConfigKeys (ConfUtils.java:logGet(44)) - raft.server.sleep.deviation.threshold = 300ms (default)
2021-08-14 01:18:27,820 [pool-168-thread-1] INFO  server.RaftServerConfigKeys (ConfUtils.java:logGet(44)) - raft.server.log.appender.install.snapshot.enabled = false (custom)
2021-08-14 01:18:27,820 [pool-168-thread-1] INFO  server.RaftServer$Division (ServerState.java:<init>(105)) - cd64d878-198d-4e62-83d6-b5b1e205daa6@group-C2D69AEEE4F3: ConfigurationManager, init=-1: [cd64d878-198d-4e62-83d6-b5b1e205daa6|rpc:10.1.0.41:34757|priority:1], old=null, confs=<EMPTY_MAP>
2021-08-14 01:18:27,820 [pool-168-thread-1] INFO  server.RaftServerConfigKeys (ConfUtils.java:logGet(44)) - raft.server.storage.dir = [/home/runner/work/ozone/ozone/hadoop-ozone/integration-test/target/test-dir/MiniOzoneClusterImpl-0159c105-9d83-42dd-92be-307c6655fab4/datanode-6/data/ratis] (custom)
2021-08-14 01:18:27,820 [pool-168-thread-1] INFO  server.RaftServerConfigKeys (ConfUtils.java:logGet(44)) - raft.server.log.corruption.policy = EXCEPTION (default)
2021-08-14 01:18:27,820 [pool-168-thread-1] INFO  server.RaftServerConfigKeys (ConfUtils.java:logGet(44)) - raft.server.storage.free-space.min = 0MB (=0) (default)
2021-08-14 01:18:27,820 [pool-168-thread-1] INFO  storage.RaftStorageDirectory (RaftStorageDirectoryImpl.java:analyzeStorage(135)) - The storage directory /home/runner/work/ozone/ozone/hadoop-ozone/integration-test/target/test-dir/MiniOzoneClusterImpl-0159c105-9d83-42dd-92be-307c6655fab4/datanode-6/data/ratis/718c253e-a808-4dc1-a6d7-c2d69aeee4f3 does not exist. Creating ...
2021-08-14 01:18:27,823 [pool-168-thread-1] INFO  storage.RaftStorageDirectory (RaftStorageDirectoryImpl.java:tryLock(230)) - Lock on /home/runner/work/ozone/ozone/hadoop-ozone/integration-test/target/test-dir/MiniOzoneClusterImpl-0159c105-9d83-42dd-92be-307c6655fab4/datanode-6/data/ratis/718c253e-a808-4dc1-a6d7-c2d69aeee4f3/in_use.lock acquired by nodename 682@fv-az395-768
2021-08-14 01:18:27,829 [EventQueue-OpenPipelineForHealthyPipelineSafeModeRule] INFO  safemode.SCMSafeModeManager (HealthyPipelineSafeModeRule.java:process(124)) - SCM in safe mode. Healthy pipelines reported count is 0, required healthy pipeline reported count is 1
2021-08-14 01:18:27,829 [pool-168-thread-1] INFO  storage.RaftStorage (RaftStorageImpl.java:format(89)) - Storage directory /home/runner/work/ozone/ozone/hadoop-ozone/integration-test/target/test-dir/MiniOzoneClusterImpl-0159c105-9d83-42dd-92be-307c6655fab4/datanode-6/data/ratis/718c253e-a808-4dc1-a6d7-c2d69aeee4f3 has been successfully formatted.
2021-08-14 01:18:27,830 [pool-168-thread-1] INFO  ratis.ContainerStateMachine (ContainerStateMachine.java:loadSnapshot(225)) - group-C2D69AEEE4F3: The snapshot info is null. Setting the last applied indexto:(t:0, i:~)
2021-08-14 01:18:27,830 [pool-168-thread-1] INFO  server.RaftServerConfigKeys (ConfUtils.java:logGet(44)) - raft.server.notification.no-leader.timeout = 300000ms (custom)
2021-08-14 01:18:27,831 [pool-168-thread-1] INFO  server.RaftServerConfigKeys (ConfUtils.java:logGet(44)) - raft.server.log.use.memory = false (default)
2021-08-14 01:18:27,831 [pool-168-thread-1] INFO  server.RaftServerConfigKeys (ConfUtils.java:logGet(44)) - raft.server.log.purge.gap = 1000000 (custom)
2021-08-14 01:18:27,831 [pool-168-thread-1] INFO  server.RaftServerConfigKeys (ConfUtils.java:logGet(44)) - raft.server.log.appender.buffer.byte-limit = 33554432 (custom)
2021-08-14 01:18:27,831 [pool-168-thread-1] INFO  server.RaftServerConfigKeys (ConfUtils.java:logGet(44)) - raft.server.log.segment.size.max = 1048576 (custom)
2021-08-14 01:18:27,831 [EventQueue-PipelineReportForPipelineReportHandler] INFO  pipeline.PipelineManagerImpl (PipelineManagerImpl.java:openPipeline(283)) - Pipeline Pipeline[ Id: 718c253e-a808-4dc1-a6d7-c2d69aeee4f3, Nodes: cd64d878-198d-4e62-83d6-b5b1e205daa6{ip: 10.1.0.41, host: fv-az395-768.zfmzfyrfkyou3ow0tsr0jxwq1e.bx.internal.cloudapp.net, ports: [REPLICATION=37931, RATIS=34757, RATIS_ADMIN=34757, RATIS_SERVER=34757, STANDALONE=43107], networkLocation: /default-rack, certSerialId: null, persistedOpState: IN_SERVICE, persistedOpStateExpiryEpochSec: 0}, ReplicationConfig: RATIS/ONE, State:ALLOCATED, leaderId:cd64d878-198d-4e62-83d6-b5b1e205daa6, CreationTimestamp2021-08-14T01:18:24.823Z[Etc/UTC]] moved to OPEN state
2021-08-14 01:18:27,831 [pool-168-thread-1] INFO  server.RaftServerConfigKeys (ConfUtils.java:logGet(44)) - raft.server.log.segment.cache.num.max = 2 (custom)
2021-08-14 01:18:27,832 [EventQueue-OpenPipelineForHealthyPipelineSafeModeRule] INFO  safemode.SCMSafeModeManager (HealthyPipelineSafeModeRule.java:process(124)) - SCM in safe mode. Healthy pipelines reported count is 0, required healthy pipeline reported count is 1
2021-08-14 01:18:27,832 [pool-168-thread-1] INFO  server.RaftServerConfigKeys (ConfUtils.java:logGet(44)) - raft.server.log.segment.cache.size.max = 200MB (=209715200) (default)
2021-08-14 01:18:27,833 [pool-168-thread-1] INFO  segmented.SegmentedRaftLogWorker (SegmentedRaftLogWorker.java:<init>(182)) - new cd64d878-198d-4e62-83d6-b5b1e205daa6@group-C2D69AEEE4F3-SegmentedRaftLogWorker for RaftStorageImpl:Storage Directory /home/runner/work/ozone/ozone/hadoop-ozone/integration-test/target/test-dir/MiniOzoneClusterImpl-0159c105-9d83-42dd-92be-307c6655fab4/datanode-6/data/ratis/718c253e-a808-4dc1-a6d7-c2d69aeee4f3
2021-08-14 01:18:27,833 [pool-168-thread-1] INFO  server.RaftServerConfigKeys (ConfUtils.java:logGet(44)) - raft.server.log.queue.byte-limit = 2147483647 (custom)
2021-08-14 01:18:27,833 [pool-168-thread-1] INFO  server.RaftServerConfigKeys (ConfUtils.java:logGet(44)) - raft.server.log.queue.element-limit = 1024 (custom)
2021-08-14 01:18:27,833 [pool-168-thread-1] INFO  server.RaftServerConfigKeys (ConfUtils.java:logGet(44)) - raft.server.log.segment.size.max = 1048576 (custom)
2021-08-14 01:18:27,833 [pool-168-thread-1] INFO  server.RaftServerConfigKeys (ConfUtils.java:logGet(44)) - raft.server.log.preallocated.size = 16384 (custom)
2021-08-14 01:18:27,833 [pool-168-thread-1] INFO  server.RaftServerConfigKeys (ConfUtils.java:logGet(44)) - raft.server.log.force.sync.num = 128 (default)
2021-08-14 01:18:27,834 [pool-168-thread-1] INFO  server.RaftServerConfigKeys (ConfUtils.java:logGet(44)) - raft.server.log.statemachine.data.sync = true (default)
2021-08-14 01:18:27,834 [pool-168-thread-1] INFO  server.RaftServerConfigKeys (ConfUtils.java:logGet(44)) - raft.server.log.statemachine.data.sync.timeout = 10s (default)
2021-08-14 01:18:27,834 [pool-168-thread-1] INFO  server.RaftServerConfigKeys (ConfUtils.java:logGet(44)) - raft.server.log.statemachine.data.sync.timeout.retry = -1 (default)
2021-08-14 01:18:27,835 [pool-168-thread-1] INFO  server.RaftServerConfigKeys (ConfUtils.java:logGet(44)) - raft.server.log.write.buffer.size = 1048576 (custom)
2021-08-14 01:18:27,836 [pool-168-thread-1] INFO  server.RaftServerConfigKeys (ConfUtils.java:logGet(44)) - raft.server.log.statemachine.data.caching.enabled = true (custom)
2021-08-14 01:18:27,836 [pool-168-thread-1] INFO  segmented.SegmentedRaftLogWorker (SegmentedRaftLogWorker.java:lambda$new$0(133)) - cd64d878-198d-4e62-83d6-b5b1e205daa6@group-C2D69AEEE4F3-SegmentedRaftLogWorker: flushIndex: setUnconditionally 0 -> -1
2021-08-14 01:18:27,836 [pool-168-thread-1] INFO  segmented.SegmentedRaftLogWorker (SegmentedRaftLogWorker.java:lambda$new$0(133)) - cd64d878-198d-4e62-83d6-b5b1e205daa6@group-C2D69AEEE4F3-SegmentedRaftLogWorker: safeCacheEvictIndex: setUnconditionally 0 -> -1
2021-08-14 01:18:27,836 [pool-168-thread-1] INFO  server.RaftServerConfigKeys (ConfUtils.java:logGet(44)) - raft.server.snapshot.auto.trigger.enabled = true (custom)
2021-08-14 01:18:27,837 [pool-168-thread-1] INFO  server.RaftServerConfigKeys (ConfUtils.java:logGet(44)) - raft.server.snapshot.auto.trigger.threshold = 1 (custom)
2021-08-14 01:18:27,837 [pool-168-thread-1] INFO  server.RaftServerConfigKeys (ConfUtils.java:logGet(44)) - raft.server.snapshot.retention.file.num = 5 (custom)
2021-08-14 01:18:27,837 [pool-168-thread-1] INFO  server.RaftServerConfigKeys (ConfUtils.java:logGet(44)) - raft.server.log.purge.upto.snapshot.index = false (default)
2021-08-14 01:18:27,837 [pool-168-thread-1] INFO  server.RaftServerConfigKeys (ConfUtils.java:logGet(44)) - raft.server.retrycache.expirytime = 600000ms (custom)
2021-08-14 01:18:27,837 [pool-168-thread-1] INFO  server.RaftServerConfigKeys (ConfUtils.java:logGet(44)) - raft.server.retrycache.statistics.expirytime = 100μs (default)
2021-08-14 01:18:27,838 [pool-168-thread-1] INFO  server.RaftServer$Division (RaftServerImpl.java:start(296)) - cd64d878-198d-4e62-83d6-b5b1e205daa6@group-C2D69AEEE4F3: start as a follower, conf=-1: [cd64d878-198d-4e62-83d6-b5b1e205daa6|rpc:10.1.0.41:34757|priority:1], old=null
2021-08-14 01:18:27,838 [pool-168-thread-1] INFO  server.RaftServer$Division (RaftServerImpl.java:setRole(285)) - cd64d878-198d-4e62-83d6-b5b1e205daa6@group-C2D69AEEE4F3: changes role from      null to FOLLOWER at term 0 for startAsFollower
2021-08-14 01:18:27,838 [pool-168-thread-1] INFO  impl.RoleInfo (RoleInfo.java:updateAndGet(130)) - cd64d878-198d-4e62-83d6-b5b1e205daa6: start cd64d878-198d-4e62-83d6-b5b1e205daa6@group-C2D69AEEE4F3-FollowerState
2021-08-14 01:18:27,841 [pool-168-thread-1] INFO  util.JmxRegister (JmxRegister.java:tryRegister(44)) - Successfully registered JMX Bean with object name Ratis:service=RaftServer,group=group-C2D69AEEE4F3,id=cd64d878-198d-4e62-83d6-b5b1e205daa6
2021-08-14 01:18:27,842 [Command processor thread] INFO  ratis.XceiverServerRatis (XceiverServerRatis.java:addGroup(763)) - Created group PipelineID=718c253e-a808-4dc1-a6d7-c2d69aeee4f3
2021-08-14 01:18:27,842 [Command processor thread] INFO  commandhandler.CreatePipelineCommandHandler (CreatePipelineCommandHandler.java:handle(106)) - Created Pipeline RATIS ONE PipelineID=718c253e-a808-4dc1-a6d7-c2d69aeee4f3.
2021-08-14 01:18:27,842 [Command processor thread] INFO  server.RaftServer (RaftServerProxy.java:addNew(95)) - cd64d878-198d-4e62-83d6-b5b1e205daa6: addNew group-BBB3A94D2007:[cd64d878-198d-4e62-83d6-b5b1e205daa6|rpc:10.1.0.41:34757|priority:1, 27edb56d-b8db-4758-826e-c998f495671f|rpc:10.1.0.41:40033|priority:0, d2e7743e-c73b-4378-b503-81e8ce35debb|rpc:10.1.0.41:37875|priority:0] returns group-BBB3A94D2007:java.util.concurrent.CompletableFuture@579dac70[Not completed]
2021-08-14 01:18:27,843 [pool-168-thread-1] INFO  server.RaftServer$Division (RaftServerImpl.java:<init>(181)) - cd64d878-198d-4e62-83d6-b5b1e205daa6: new RaftServerImpl for group-BBB3A94D2007:[cd64d878-198d-4e62-83d6-b5b1e205daa6|rpc:10.1.0.41:34757|priority:1, 27edb56d-b8db-4758-826e-c998f495671f|rpc:10.1.0.41:40033|priority:0, d2e7743e-c73b-4378-b503-81e8ce35debb|rpc:10.1.0.41:37875|priority:0] with ContainerStateMachine:uninitialized
2021-08-14 01:18:27,843 [pool-168-thread-1] INFO  server.RaftServerConfigKeys (ConfUtils.java:logGet(44)) - raft.server.rpc.timeout.min = 5s (custom)
2021-08-14 01:18:27,843 [pool-168-thread-1] INFO  server.RaftServerConfigKeys (ConfUtils.java:logGet(44)) - raft.server.rpc.timeout.max = 5200ms (custom)
2021-08-14 01:18:27,843 [pool-168-thread-1] INFO  server.RaftServerConfigKeys (ConfUtils.java:logGet(44)) - raft.server.rpc.sleep.time = 25ms (default)
2021-08-14 01:18:27,843 [pool-168-thread-1] INFO  server.RaftServerConfigKeys (ConfUtils.java:logGet(44)) - raft.server.rpc.slowness.timeout = 300000ms (custom)
2021-08-14 01:18:27,843 [pool-168-thread-1] INFO  server.RaftServerConfigKeys (ConfUtils.java:logGet(44)) - raft.server.leaderelection.leader.step-down.wait-time = 10s (default)
2021-08-14 01:18:27,843 [pool-168-thread-1] INFO  server.RaftServerConfigKeys (ConfUtils.java:logGet(44)) - raft.server.sleep.deviation.threshold = 300ms (default)
2021-08-14 01:18:27,844 [pool-168-thread-1] INFO  server.RaftServerConfigKeys (ConfUtils.java:logGet(44)) - raft.server.log.appender.install.snapshot.enabled = false (custom)
2021-08-14 01:18:27,844 [pool-168-thread-1] INFO  server.RaftServer$Division (ServerState.java:<init>(105)) - cd64d878-198d-4e62-83d6-b5b1e205daa6@group-BBB3A94D2007: ConfigurationManager, init=-1: [cd64d878-198d-4e62-83d6-b5b1e205daa6|rpc:10.1.0.41:34757|priority:1, 27edb56d-b8db-4758-826e-c998f495671f|rpc:10.1.0.41:40033|priority:0, d2e7743e-c73b-4378-b503-81e8ce35debb|rpc:10.1.0.41:37875|priority:0], old=null, confs=<EMPTY_MAP>
2021-08-14 01:18:27,844 [pool-168-thread-1] INFO  server.RaftServerConfigKeys (ConfUtils.java:logGet(44)) - raft.server.storage.dir = [/home/runner/work/ozone/ozone/hadoop-ozone/integration-test/target/test-dir/MiniOzoneClusterImpl-0159c105-9d83-42dd-92be-307c6655fab4/datanode-6/data/ratis] (custom)
2021-08-14 01:18:27,844 [pool-168-thread-1] INFO  server.RaftServerConfigKeys (ConfUtils.java:logGet(44)) - raft.server.log.corruption.policy = EXCEPTION (default)
2021-08-14 01:18:27,844 [pool-168-thread-1] INFO  server.RaftServerConfigKeys (ConfUtils.java:logGet(44)) - raft.server.storage.free-space.min = 0MB (=0) (default)
2021-08-14 01:18:27,844 [pool-168-thread-1] INFO  storage.RaftStorageDirectory (RaftStorageDirectoryImpl.java:analyzeStorage(135)) - The storage directory /home/runner/work/ozone/ozone/hadoop-ozone/integration-test/target/test-dir/MiniOzoneClusterImpl-0159c105-9d83-42dd-92be-307c6655fab4/datanode-6/data/ratis/7c926289-df4a-4d15-9c3e-bbb3a94d2007 does not exist. Creating ...
2021-08-14 01:18:27,849 [pool-168-thread-1] INFO  storage.RaftStorageDirectory (RaftStorageDirectoryImpl.java:tryLock(230)) - Lock on /home/runner/work/ozone/ozone/hadoop-ozone/integration-test/target/test-dir/MiniOzoneClusterImpl-0159c105-9d83-42dd-92be-307c6655fab4/datanode-6/data/ratis/7c926289-df4a-4d15-9c3e-bbb3a94d2007/in_use.lock acquired by nodename 682@fv-az395-768
2021-08-14 01:18:27,850 [pool-168-thread-1] INFO  storage.RaftStorage (RaftStorageImpl.java:format(89)) - Storage directory /home/runner/work/ozone/ozone/hadoop-ozone/integration-test/target/test-dir/MiniOzoneClusterImpl-0159c105-9d83-42dd-92be-307c6655fab4/datanode-6/data/ratis/7c926289-df4a-4d15-9c3e-bbb3a94d2007 has been successfully formatted.
2021-08-14 01:18:27,851 [pool-168-thread-1] INFO  ratis.ContainerStateMachine (ContainerStateMachine.java:loadSnapshot(225)) - group-BBB3A94D2007: The snapshot info is null. Setting the last applied indexto:(t:0, i:~)
2021-08-14 01:18:27,851 [pool-168-thread-1] INFO  server.RaftServerConfigKeys (ConfUtils.java:logGet(44)) - raft.server.notification.no-leader.timeout = 300000ms (custom)
2021-08-14 01:18:27,851 [pool-168-thread-1] INFO  server.RaftServerConfigKeys (ConfUtils.java:logGet(44)) - raft.server.log.use.memory = false (default)
2021-08-14 01:18:27,851 [pool-168-thread-1] INFO  server.RaftServerConfigKeys (ConfUtils.java:logGet(44)) - raft.server.log.purge.gap = 1000000 (custom)
2021-08-14 01:18:27,851 [pool-168-thread-1] INFO  server.RaftServerConfigKeys (ConfUtils.java:logGet(44)) - raft.server.log.appender.buffer.byte-limit = 33554432 (custom)
2021-08-14 01:18:27,851 [pool-168-thread-1] INFO  server.RaftServerConfigKeys (ConfUtils.java:logGet(44)) - raft.server.log.segment.size.max = 1048576 (custom)
2021-08-14 01:18:27,852 [EventQueue-OpenPipelineForHealthyPipelineSafeModeRule] INFO  safemode.SCMSafeModeManager (HealthyPipelineSafeModeRule.java:process(124)) - SCM in safe mode. Healthy pipelines reported count is 0, required healthy pipeline reported count is 1
2021-08-14 01:18:27,857 [pool-168-thread-1] INFO  server.RaftServerConfigKeys (ConfUtils.java:logGet(44)) - raft.server.log.segment.cache.num.max = 2 (custom)
2021-08-14 01:18:27,857 [pool-168-thread-1] INFO  server.RaftServerConfigKeys (ConfUtils.java:logGet(44)) - raft.server.log.segment.cache.size.max = 200MB (=209715200) (default)
2021-08-14 01:18:27,857 [pool-168-thread-1] INFO  segmented.SegmentedRaftLogWorker (SegmentedRaftLogWorker.java:<init>(182)) - new cd64d878-198d-4e62-83d6-b5b1e205daa6@group-BBB3A94D2007-SegmentedRaftLogWorker for RaftStorageImpl:Storage Directory /home/runner/work/ozone/ozone/hadoop-ozone/integration-test/target/test-dir/MiniOzoneClusterImpl-0159c105-9d83-42dd-92be-307c6655fab4/datanode-6/data/ratis/7c926289-df4a-4d15-9c3e-bbb3a94d2007
2021-08-14 01:18:27,857 [pool-168-thread-1] INFO  server.RaftServerConfigKeys (ConfUtils.java:logGet(44)) - raft.server.log.queue.byte-limit = 2147483647 (custom)
2021-08-14 01:18:27,857 [pool-168-thread-1] INFO  server.RaftServerConfigKeys (ConfUtils.java:logGet(44)) - raft.server.log.queue.element-limit = 1024 (custom)
2021-08-14 01:18:27,857 [pool-168-thread-1] INFO  server.RaftServerConfigKeys (ConfUtils.java:logGet(44)) - raft.server.log.segment.size.max = 1048576 (custom)
2021-08-14 01:18:27,857 [pool-168-thread-1] INFO  server.RaftServerConfigKeys (ConfUtils.java:logGet(44)) - raft.server.log.preallocated.size = 16384 (custom)
2021-08-14 01:18:27,857 [pool-168-thread-1] INFO  server.RaftServerConfigKeys (ConfUtils.java:logGet(44)) - raft.server.log.force.sync.num = 128 (default)
2021-08-14 01:18:27,857 [pool-168-thread-1] INFO  server.RaftServerConfigKeys (ConfUtils.java:logGet(44)) - raft.server.log.statemachine.data.sync = true (default)
2021-08-14 01:18:27,857 [pool-168-thread-1] INFO  server.RaftServerConfigKeys (ConfUtils.java:logGet(44)) - raft.server.log.statemachine.data.sync.timeout = 10s (default)
2021-08-14 01:18:27,858 [pool-168-thread-1] INFO  server.RaftServerConfigKeys (ConfUtils.java:logGet(44)) - raft.server.log.statemachine.data.sync.timeout.retry = -1 (default)
2021-08-14 01:18:27,861 [pool-168-thread-1] INFO  server.RaftServerConfigKeys (ConfUtils.java:logGet(44)) - raft.server.log.write.buffer.size = 1048576 (custom)
2021-08-14 01:18:27,861 [pool-168-thread-1] INFO  server.RaftServerConfigKeys (ConfUtils.java:logGet(44)) - raft.server.log.statemachine.data.caching.enabled = true (custom)
2021-08-14 01:18:27,862 [pool-168-thread-1] INFO  segmented.SegmentedRaftLogWorker (SegmentedRaftLogWorker.java:lambda$new$0(133)) - cd64d878-198d-4e62-83d6-b5b1e205daa6@group-BBB3A94D2007-SegmentedRaftLogWorker: flushIndex: setUnconditionally 0 -> -1
2021-08-14 01:18:27,862 [pool-168-thread-1] INFO  segmented.SegmentedRaftLogWorker (SegmentedRaftLogWorker.java:lambda$new$0(133)) - cd64d878-198d-4e62-83d6-b5b1e205daa6@group-BBB3A94D2007-SegmentedRaftLogWorker: safeCacheEvictIndex: setUnconditionally 0 -> -1
2021-08-14 01:18:27,862 [pool-168-thread-1] INFO  server.RaftServerConfigKeys (ConfUtils.java:logGet(44)) - raft.server.snapshot.auto.trigger.enabled = true (custom)
2021-08-14 01:18:27,862 [pool-168-thread-1] INFO  server.RaftServerConfigKeys (ConfUtils.java:logGet(44)) - raft.server.snapshot.auto.trigger.threshold = 1 (custom)
2021-08-14 01:18:27,862 [pool-168-thread-1] INFO  server.RaftServerConfigKeys (ConfUtils.java:logGet(44)) - raft.server.snapshot.retention.file.num = 5 (custom)
2021-08-14 01:18:27,862 [pool-168-thread-1] INFO  server.RaftServerConfigKeys (ConfUtils.java:logGet(44)) - raft.server.log.purge.upto.snapshot.index = false (default)
2021-08-14 01:18:27,862 [pool-168-thread-1] INFO  server.RaftServerConfigKeys (ConfUtils.java:logGet(44)) - raft.server.retrycache.expirytime = 600000ms (custom)
2021-08-14 01:18:27,862 [pool-168-thread-1] INFO  server.RaftServerConfigKeys (ConfUtils.java:logGet(44)) - raft.server.retrycache.statistics.expirytime = 100μs (default)
2021-08-14 01:18:27,868 [pool-168-thread-1] INFO  server.RaftServer$Division (RaftServerImpl.java:start(296)) - cd64d878-198d-4e62-83d6-b5b1e205daa6@group-BBB3A94D2007: start as a follower, conf=-1: [cd64d878-198d-4e62-83d6-b5b1e205daa6|rpc:10.1.0.41:34757|priority:1, 27edb56d-b8db-4758-826e-c998f495671f|rpc:10.1.0.41:40033|priority:0, d2e7743e-c73b-4378-b503-81e8ce35debb|rpc:10.1.0.41:37875|priority:0], old=null
2021-08-14 01:18:27,868 [pool-168-thread-1] INFO  server.RaftServer$Division (RaftServerImpl.java:setRole(285)) - cd64d878-198d-4e62-83d6-b5b1e205daa6@group-BBB3A94D2007: changes role from      null to FOLLOWER at term 0 for startAsFollower
2021-08-14 01:18:27,868 [pool-168-thread-1] INFO  impl.RoleInfo (RoleInfo.java:updateAndGet(130)) - cd64d878-198d-4e62-83d6-b5b1e205daa6: start cd64d878-198d-4e62-83d6-b5b1e205daa6@group-BBB3A94D2007-FollowerState
2021-08-14 01:18:27,869 [pool-168-thread-1] INFO  util.JmxRegister (JmxRegister.java:tryRegister(44)) - Successfully registered JMX Bean with object name Ratis:service=RaftServer,group=group-BBB3A94D2007,id=cd64d878-198d-4e62-83d6-b5b1e205daa6
2021-08-14 01:18:27,870 [Command processor thread] INFO  ratis.XceiverServerRatis (XceiverServerRatis.java:addGroup(763)) - Created group PipelineID=7c926289-df4a-4d15-9c3e-bbb3a94d2007
2021-08-14 01:18:27,876 [EventQueue-OpenPipelineForHealthyPipelineSafeModeRule] INFO  safemode.SCMSafeModeManager (HealthyPipelineSafeModeRule.java:process(124)) - SCM in safe mode. Healthy pipelines reported count is 0, required healthy pipeline reported count is 1
2021-08-14 01:18:27,881 [grpc-default-executor-0] INFO  server.RaftServer (RaftServerProxy.java:addNew(95)) - d2e7743e-c73b-4378-b503-81e8ce35debb: addNew group-BBB3A94D2007:[cd64d878-198d-4e62-83d6-b5b1e205daa6|rpc:10.1.0.41:34757|dataStream:|priority:1, 27edb56d-b8db-4758-826e-c998f495671f|rpc:10.1.0.41:40033|dataStream:|priority:0, d2e7743e-c73b-4378-b503-81e8ce35debb|rpc:10.1.0.41:37875|dataStream:|priority:0] returns group-BBB3A94D2007:java.util.concurrent.CompletableFuture@333ebf95[Not completed]
2021-08-14 01:18:27,892 [pool-187-thread-1] INFO  server.RaftServer$Division (RaftServerImpl.java:<init>(181)) - d2e7743e-c73b-4378-b503-81e8ce35debb: new RaftServerImpl for group-BBB3A94D2007:[cd64d878-198d-4e62-83d6-b5b1e205daa6|rpc:10.1.0.41:34757|dataStream:|priority:1, 27edb56d-b8db-4758-826e-c998f495671f|rpc:10.1.0.41:40033|dataStream:|priority:0, d2e7743e-c73b-4378-b503-81e8ce35debb|rpc:10.1.0.41:37875|dataStream:|priority:0] with ContainerStateMachine:uninitialized
2021-08-14 01:18:27,892 [pool-187-thread-1] INFO  server.RaftServerConfigKeys (ConfUtils.java:logGet(44)) - raft.server.rpc.timeout.min = 5s (custom)
2021-08-14 01:18:27,892 [pool-187-thread-1] INFO  server.RaftServerConfigKeys (ConfUtils.java:logGet(44)) - raft.server.rpc.timeout.max = 5200ms (custom)
2021-08-14 01:18:27,892 [pool-187-thread-1] INFO  server.RaftServerConfigKeys (ConfUtils.java:logGet(44)) - raft.server.rpc.sleep.time = 25ms (default)
2021-08-14 01:18:27,892 [pool-187-thread-1] INFO  server.RaftServerConfigKeys (ConfUtils.java:logGet(44)) - raft.server.rpc.slowness.timeout = 300000ms (custom)
2021-08-14 01:18:27,892 [pool-187-thread-1] INFO  server.RaftServerConfigKeys (ConfUtils.java:logGet(44)) - raft.server.leaderelection.leader.step-down.wait-time = 10s (default)
2021-08-14 01:18:27,892 [pool-187-thread-1] INFO  server.RaftServerConfigKeys (ConfUtils.java:logGet(44)) - raft.server.sleep.deviation.threshold = 300ms (default)
2021-08-14 01:18:27,892 [pool-187-thread-1] INFO  server.RaftServerConfigKeys (ConfUtils.java:logGet(44)) - raft.server.log.appender.install.snapshot.enabled = false (custom)
2021-08-14 01:18:27,892 [pool-187-thread-1] INFO  server.RaftServer$Division (ServerState.java:<init>(105)) - d2e7743e-c73b-4378-b503-81e8ce35debb@group-BBB3A94D2007: ConfigurationManager, init=-1: [cd64d878-198d-4e62-83d6-b5b1e205daa6|rpc:10.1.0.41:34757|dataStream:|priority:1, 27edb56d-b8db-4758-826e-c998f495671f|rpc:10.1.0.41:40033|dataStream:|priority:0, d2e7743e-c73b-4378-b503-81e8ce35debb|rpc:10.1.0.41:37875|dataStream:|priority:0], old=null, confs=<EMPTY_MAP>
2021-08-14 01:18:27,892 [pool-187-thread-1] INFO  server.RaftServerConfigKeys (ConfUtils.java:logGet(44)) - raft.server.storage.dir = [/home/runner/work/ozone/ozone/hadoop-ozone/integration-test/target/test-dir/MiniOzoneClusterImpl-0159c105-9d83-42dd-92be-307c6655fab4/datanode-7/data/ratis] (custom)
2021-08-14 01:18:27,892 [pool-187-thread-1] INFO  server.RaftServerConfigKeys (ConfUtils.java:logGet(44)) - raft.server.log.corruption.policy = EXCEPTION (default)
2021-08-14 01:18:27,892 [pool-187-thread-1] INFO  server.RaftServerConfigKeys (ConfUtils.java:logGet(44)) - raft.server.storage.free-space.min = 0MB (=0) (default)
2021-08-14 01:18:27,893 [pool-187-thread-1] INFO  storage.RaftStorageDirectory (RaftStorageDirectoryImpl.java:analyzeStorage(135)) - The storage directory /home/runner/work/ozone/ozone/hadoop-ozone/integration-test/target/test-dir/MiniOzoneClusterImpl-0159c105-9d83-42dd-92be-307c6655fab4/datanode-7/data/ratis/7c926289-df4a-4d15-9c3e-bbb3a94d2007 does not exist. Creating ...
2021-08-14 01:18:27,894 [pool-187-thread-1] INFO  storage.RaftStorageDirectory (RaftStorageDirectoryImpl.java:tryLock(230)) - Lock on /home/runner/work/ozone/ozone/hadoop-ozone/integration-test/target/test-dir/MiniOzoneClusterImpl-0159c105-9d83-42dd-92be-307c6655fab4/datanode-7/data/ratis/7c926289-df4a-4d15-9c3e-bbb3a94d2007/in_use.lock acquired by nodename 682@fv-az395-768
2021-08-14 01:18:27,896 [pool-187-thread-1] INFO  storage.RaftStorage (RaftStorageImpl.java:format(89)) - Storage directory /home/runner/work/ozone/ozone/hadoop-ozone/integration-test/target/test-dir/MiniOzoneClusterImpl-0159c105-9d83-42dd-92be-307c6655fab4/datanode-7/data/ratis/7c926289-df4a-4d15-9c3e-bbb3a94d2007 has been successfully formatted.
2021-08-14 01:18:27,897 [Datanode State Machine Thread - 0] WARN  statemachine.StateContext (StateContext.java:execute(621)) - No available thread in pool for past 0 seconds.
2021-08-14 01:18:27,898 [pool-187-thread-1] INFO  ratis.ContainerStateMachine (ContainerStateMachine.java:loadSnapshot(225)) - group-BBB3A94D2007: The snapshot info is null. Setting the last applied indexto:(t:0, i:~)
2021-08-14 01:18:27,898 [pool-187-thread-1] INFO  server.RaftServerConfigKeys (ConfUtils.java:logGet(44)) - raft.server.notification.no-leader.timeout = 300000ms (custom)
2021-08-14 01:18:27,898 [pool-187-thread-1] INFO  server.RaftServerConfigKeys (ConfUtils.java:logGet(44)) - raft.server.log.use.memory = false (default)
2021-08-14 01:18:27,898 [pool-187-thread-1] INFO  server.RaftServerConfigKeys (ConfUtils.java:logGet(44)) - raft.server.log.purge.gap = 1000000 (custom)
2021-08-14 01:18:27,898 [pool-187-thread-1] INFO  server.RaftServerConfigKeys (ConfUtils.java:logGet(44)) - raft.server.log.appender.buffer.byte-limit = 33554432 (custom)
2021-08-14 01:18:27,899 [pool-187-thread-1] INFO  server.RaftServerConfigKeys (ConfUtils.java:logGet(44)) - raft.server.log.segment.size.max = 1048576 (custom)
2021-08-14 01:18:27,899 [pool-187-thread-1] INFO  server.RaftServerConfigKeys (ConfUtils.java:logGet(44)) - raft.server.log.segment.cache.num.max = 2 (custom)
2021-08-14 01:18:27,899 [pool-187-thread-1] INFO  server.RaftServerConfigKeys (ConfUtils.java:logGet(44)) - raft.server.log.segment.cache.size.max = 200MB (=209715200) (default)
2021-08-14 01:18:27,899 [pool-187-thread-1] INFO  segmented.SegmentedRaftLogWorker (SegmentedRaftLogWorker.java:<init>(182)) - new d2e7743e-c73b-4378-b503-81e8ce35debb@group-BBB3A94D2007-SegmentedRaftLogWorker for RaftStorageImpl:Storage Directory /home/runner/work/ozone/ozone/hadoop-ozone/integration-test/target/test-dir/MiniOzoneClusterImpl-0159c105-9d83-42dd-92be-307c6655fab4/datanode-7/data/ratis/7c926289-df4a-4d15-9c3e-bbb3a94d2007
2021-08-14 01:18:27,899 [pool-187-thread-1] INFO  server.RaftServerConfigKeys (ConfUtils.java:logGet(44)) - raft.server.log.queue.byte-limit = 2147483647 (custom)
2021-08-14 01:18:27,899 [pool-187-thread-1] INFO  server.RaftServerConfigKeys (ConfUtils.java:logGet(44)) - raft.server.log.queue.element-limit = 1024 (custom)
2021-08-14 01:18:27,900 [pool-187-thread-1] INFO  server.RaftServerConfigKeys (ConfUtils.java:logGet(44)) - raft.server.log.segment.size.max = 1048576 (custom)
2021-08-14 01:18:27,900 [pool-187-thread-1] INFO  server.RaftServerConfigKeys (ConfUtils.java:logGet(44)) - raft.server.log.preallocated.size = 16384 (custom)
2021-08-14 01:18:27,900 [pool-187-thread-1] INFO  server.RaftServerConfigKeys (ConfUtils.java:logGet(44)) - raft.server.log.force.sync.num = 128 (default)
2021-08-14 01:18:27,900 [pool-187-thread-1] INFO  server.RaftServerConfigKeys (ConfUtils.java:logGet(44)) - raft.server.log.statemachine.data.sync = true (default)
2021-08-14 01:18:27,900 [pool-187-thread-1] INFO  server.RaftServerConfigKeys (ConfUtils.java:logGet(44)) - raft.server.log.statemachine.data.sync.timeout = 10s (default)
2021-08-14 01:18:27,900 [pool-187-thread-1] INFO  server.RaftServerConfigKeys (ConfUtils.java:logGet(44)) - raft.server.log.statemachine.data.sync.timeout.retry = -1 (default)
2021-08-14 01:18:27,901 [pool-187-thread-1] INFO  server.RaftServerConfigKeys (ConfUtils.java:logGet(44)) - raft.server.log.write.buffer.size = 1048576 (custom)
2021-08-14 01:18:27,902 [pool-187-thread-1] INFO  server.RaftServerConfigKeys (ConfUtils.java:logGet(44)) - raft.server.log.statemachine.data.caching.enabled = true (custom)
2021-08-14 01:18:27,902 [pool-187-thread-1] INFO  segmented.SegmentedRaftLogWorker (SegmentedRaftLogWorker.java:lambda$new$0(133)) - d2e7743e-c73b-4378-b503-81e8ce35debb@group-BBB3A94D2007-SegmentedRaftLogWorker: flushIndex: setUnconditionally 0 -> -1
2021-08-14 01:18:27,902 [pool-187-thread-1] INFO  segmented.SegmentedRaftLogWorker (SegmentedRaftLogWorker.java:lambda$new$0(133)) - d2e7743e-c73b-4378-b503-81e8ce35debb@group-BBB3A94D2007-SegmentedRaftLogWorker: safeCacheEvictIndex: setUnconditionally 0 -> -1
2021-08-14 01:18:27,902 [pool-187-thread-1] INFO  server.RaftServerConfigKeys (ConfUtils.java:logGet(44)) - raft.server.snapshot.auto.trigger.enabled = true (custom)
2021-08-14 01:18:27,902 [pool-187-thread-1] INFO  server.RaftServerConfigKeys (ConfUtils.java:logGet(44)) - raft.server.snapshot.auto.trigger.threshold = 1 (custom)
2021-08-14 01:18:27,902 [pool-187-thread-1] INFO  server.RaftServerConfigKeys (ConfUtils.java:logGet(44)) - raft.server.snapshot.retention.file.num = 5 (custom)
2021-08-14 01:18:27,902 [pool-187-thread-1] INFO  server.RaftServerConfigKeys (ConfUtils.java:logGet(44)) - raft.server.log.purge.upto.snapshot.index = false (default)
2021-08-14 01:18:27,902 [pool-187-thread-1] INFO  server.RaftServerConfigKeys (ConfUtils.java:logGet(44)) - raft.server.retrycache.expirytime = 600000ms (custom)
2021-08-14 01:18:27,903 [pool-187-thread-1] INFO  server.RaftServerConfigKeys (ConfUtils.java:logGet(44)) - raft.server.retrycache.statistics.expirytime = 100μs (default)
2021-08-14 01:18:27,904 [pool-187-thread-1] INFO  server.RaftServer$Division (RaftServerImpl.java:start(296)) - d2e7743e-c73b-4378-b503-81e8ce35debb@group-BBB3A94D2007: start as a follower, conf=-1: [cd64d878-198d-4e62-83d6-b5b1e205daa6|rpc:10.1.0.41:34757|dataStream:|priority:1, 27edb56d-b8db-4758-826e-c998f495671f|rpc:10.1.0.41:40033|dataStream:|priority:0, d2e7743e-c73b-4378-b503-81e8ce35debb|rpc:10.1.0.41:37875|dataStream:|priority:0], old=null
2021-08-14 01:18:27,904 [pool-187-thread-1] INFO  server.RaftServer$Division (RaftServerImpl.java:setRole(285)) - d2e7743e-c73b-4378-b503-81e8ce35debb@group-BBB3A94D2007: changes role from      null to FOLLOWER at term 0 for startAsFollower
2021-08-14 01:18:27,904 [pool-187-thread-1] INFO  impl.RoleInfo (RoleInfo.java:updateAndGet(130)) - d2e7743e-c73b-4378-b503-81e8ce35debb: start d2e7743e-c73b-4378-b503-81e8ce35debb@group-BBB3A94D2007-FollowerState
2021-08-14 01:18:27,904 [pool-187-thread-1] INFO  util.JmxRegister (JmxRegister.java:tryRegister(44)) - Successfully registered JMX Bean with object name Ratis:service=RaftServer,group=group-BBB3A94D2007,id=d2e7743e-c73b-4378-b503-81e8ce35debb
2021-08-14 01:18:27,923 [grpc-default-executor-0] INFO  server.RaftServer (RaftServerProxy.java:addNew(95)) - 27edb56d-b8db-4758-826e-c998f495671f: addNew group-BBB3A94D2007:[cd64d878-198d-4e62-83d6-b5b1e205daa6|rpc:10.1.0.41:34757|dataStream:|priority:1, 27edb56d-b8db-4758-826e-c998f495671f|rpc:10.1.0.41:40033|dataStream:|priority:0, d2e7743e-c73b-4378-b503-81e8ce35debb|rpc:10.1.0.41:37875|dataStream:|priority:0] returns group-BBB3A94D2007:java.util.concurrent.CompletableFuture@67ab5ab3[Not completed]
2021-08-14 01:18:27,924 [pool-206-thread-1] INFO  server.RaftServer$Division (RaftServerImpl.java:<init>(181)) - 27edb56d-b8db-4758-826e-c998f495671f: new RaftServerImpl for group-BBB3A94D2007:[cd64d878-198d-4e62-83d6-b5b1e205daa6|rpc:10.1.0.41:34757|dataStream:|priority:1, 27edb56d-b8db-4758-826e-c998f495671f|rpc:10.1.0.41:40033|dataStream:|priority:0, d2e7743e-c73b-4378-b503-81e8ce35debb|rpc:10.1.0.41:37875|dataStream:|priority:0] with ContainerStateMachine:uninitialized
2021-08-14 01:18:27,925 [pool-206-thread-1] INFO  server.RaftServerConfigKeys (ConfUtils.java:logGet(44)) - raft.server.rpc.timeout.min = 5s (custom)
2021-08-14 01:18:27,925 [pool-206-thread-1] INFO  server.RaftServerConfigKeys (ConfUtils.java:logGet(44)) - raft.server.rpc.timeout.max = 5200ms (custom)
2021-08-14 01:18:27,925 [pool-206-thread-1] INFO  server.RaftServerConfigKeys (ConfUtils.java:logGet(44)) - raft.server.rpc.sleep.time = 25ms (default)
2021-08-14 01:18:27,926 [pool-206-thread-1] INFO  server.RaftServerConfigKeys (ConfUtils.java:logGet(44)) - raft.server.rpc.slowness.timeout = 300000ms (custom)
2021-08-14 01:18:27,926 [pool-206-thread-1] INFO  server.RaftServerConfigKeys (ConfUtils.java:logGet(44)) - raft.server.leaderelection.leader.step-down.wait-time = 10s (default)
2021-08-14 01:18:27,926 [pool-206-thread-1] INFO  server.RaftServerConfigKeys (ConfUtils.java:logGet(44)) - raft.server.sleep.deviation.threshold = 300ms (default)
2021-08-14 01:18:27,926 [pool-206-thread-1] INFO  server.RaftServerConfigKeys (ConfUtils.java:logGet(44)) - raft.server.log.appender.install.snapshot.enabled = false (custom)
2021-08-14 01:18:27,926 [pool-206-thread-1] INFO  server.RaftServer$Division (ServerState.java:<init>(105)) - 27edb56d-b8db-4758-826e-c998f495671f@group-BBB3A94D2007: ConfigurationManager, init=-1: [cd64d878-198d-4e62-83d6-b5b1e205daa6|rpc:10.1.0.41:34757|dataStream:|priority:1, 27edb56d-b8db-4758-826e-c998f495671f|rpc:10.1.0.41:40033|dataStream:|priority:0, d2e7743e-c73b-4378-b503-81e8ce35debb|rpc:10.1.0.41:37875|dataStream:|priority:0], old=null, confs=<EMPTY_MAP>
2021-08-14 01:18:27,926 [pool-206-thread-1] INFO  server.RaftServerConfigKeys (ConfUtils.java:logGet(44)) - raft.server.storage.dir = [/home/runner/work/ozone/ozone/hadoop-ozone/integration-test/target/test-dir/MiniOzoneClusterImpl-0159c105-9d83-42dd-92be-307c6655fab4/datanode-8/data/ratis] (custom)
2021-08-14 01:18:27,926 [pool-206-thread-1] INFO  server.RaftServerConfigKeys (ConfUtils.java:logGet(44)) - raft.server.log.corruption.policy = EXCEPTION (default)
2021-08-14 01:18:27,926 [pool-206-thread-1] INFO  server.RaftServerConfigKeys (ConfUtils.java:logGet(44)) - raft.server.storage.free-space.min = 0MB (=0) (default)
2021-08-14 01:18:27,927 [pool-206-thread-1] INFO  storage.RaftStorageDirectory (RaftStorageDirectoryImpl.java:analyzeStorage(135)) - The storage directory /home/runner/work/ozone/ozone/hadoop-ozone/integration-test/target/test-dir/MiniOzoneClusterImpl-0159c105-9d83-42dd-92be-307c6655fab4/datanode-8/data/ratis/7c926289-df4a-4d15-9c3e-bbb3a94d2007 does not exist. Creating ...
2021-08-14 01:18:27,929 [pool-206-thread-1] INFO  storage.RaftStorageDirectory (RaftStorageDirectoryImpl.java:tryLock(230)) - Lock on /home/runner/work/ozone/ozone/hadoop-ozone/integration-test/target/test-dir/MiniOzoneClusterImpl-0159c105-9d83-42dd-92be-307c6655fab4/datanode-8/data/ratis/7c926289-df4a-4d15-9c3e-bbb3a94d2007/in_use.lock acquired by nodename 682@fv-az395-768
2021-08-14 01:18:27,930 [pool-206-thread-1] INFO  storage.RaftStorage (RaftStorageImpl.java:format(89)) - Storage directory /home/runner/work/ozone/ozone/hadoop-ozone/integration-test/target/test-dir/MiniOzoneClusterImpl-0159c105-9d83-42dd-92be-307c6655fab4/datanode-8/data/ratis/7c926289-df4a-4d15-9c3e-bbb3a94d2007 has been successfully formatted.
2021-08-14 01:18:27,931 [pool-206-thread-1] INFO  ratis.ContainerStateMachine (ContainerStateMachine.java:loadSnapshot(225)) - group-BBB3A94D2007: The snapshot info is null. Setting the last applied indexto:(t:0, i:~)
2021-08-14 01:18:27,935 [pool-206-thread-1] INFO  server.RaftServerConfigKeys (ConfUtils.java:logGet(44)) - raft.server.notification.no-leader.timeout = 300000ms (custom)
2021-08-14 01:18:27,935 [pool-206-thread-1] INFO  server.RaftServerConfigKeys (ConfUtils.java:logGet(44)) - raft.server.log.use.memory = false (default)
2021-08-14 01:18:27,935 [pool-206-thread-1] INFO  server.RaftServerConfigKeys (ConfUtils.java:logGet(44)) - raft.server.log.purge.gap = 1000000 (custom)
2021-08-14 01:18:27,935 [pool-206-thread-1] INFO  server.RaftServerConfigKeys (ConfUtils.java:logGet(44)) - raft.server.log.appender.buffer.byte-limit = 33554432 (custom)
2021-08-14 01:18:27,935 [pool-206-thread-1] INFO  server.RaftServerConfigKeys (ConfUtils.java:logGet(44)) - raft.server.log.segment.size.max = 1048576 (custom)
2021-08-14 01:18:27,935 [pool-206-thread-1] INFO  server.RaftServerConfigKeys (ConfUtils.java:logGet(44)) - raft.server.log.segment.cache.num.max = 2 (custom)
2021-08-14 01:18:27,936 [pool-206-thread-1] INFO  server.RaftServerConfigKeys (ConfUtils.java:logGet(44)) - raft.server.log.segment.cache.size.max = 200MB (=209715200) (default)
2021-08-14 01:18:27,936 [pool-206-thread-1] INFO  segmented.SegmentedRaftLogWorker (SegmentedRaftLogWorker.java:<init>(182)) - new 27edb56d-b8db-4758-826e-c998f495671f@group-BBB3A94D2007-SegmentedRaftLogWorker for RaftStorageImpl:Storage Directory /home/runner/work/ozone/ozone/hadoop-ozone/integration-test/target/test-dir/MiniOzoneClusterImpl-0159c105-9d83-42dd-92be-307c6655fab4/datanode-8/data/ratis/7c926289-df4a-4d15-9c3e-bbb3a94d2007
2021-08-14 01:18:27,936 [pool-206-thread-1] INFO  server.RaftServerConfigKeys (ConfUtils.java:logGet(44)) - raft.server.log.queue.byte-limit = 2147483647 (custom)
2021-08-14 01:18:27,936 [pool-206-thread-1] INFO  server.RaftServerConfigKeys (ConfUtils.java:logGet(44)) - raft.server.log.queue.element-limit = 1024 (custom)
2021-08-14 01:18:27,936 [pool-206-thread-1] INFO  server.RaftServerConfigKeys (ConfUtils.java:logGet(44)) - raft.server.log.segment.size.max = 1048576 (custom)
2021-08-14 01:18:27,937 [pool-206-thread-1] INFO  server.RaftServerConfigKeys (ConfUtils.java:logGet(44)) - raft.server.log.preallocated.size = 16384 (custom)
2021-08-14 01:18:27,937 [pool-206-thread-1] INFO  server.RaftServerConfigKeys (ConfUtils.java:logGet(44)) - raft.server.log.force.sync.num = 128 (default)
2021-08-14 01:18:27,937 [pool-206-thread-1] INFO  server.RaftServerConfigKeys (ConfUtils.java:logGet(44)) - raft.server.log.statemachine.data.sync = true (default)
2021-08-14 01:18:27,937 [pool-206-thread-1] INFO  server.RaftServerConfigKeys (ConfUtils.java:logGet(44)) - raft.server.log.statemachine.data.sync.timeout = 10s (default)
2021-08-14 01:18:27,937 [pool-206-thread-1] INFO  server.RaftServerConfigKeys (ConfUtils.java:logGet(44)) - raft.server.log.statemachine.data.sync.timeout.retry = -1 (default)
2021-08-14 01:18:27,938 [pool-206-thread-1] INFO  server.RaftServerConfigKeys (ConfUtils.java:logGet(44)) - raft.server.log.write.buffer.size = 1048576 (custom)
2021-08-14 01:18:27,939 [pool-206-thread-1] INFO  server.RaftServerConfigKeys (ConfUtils.java:logGet(44)) - raft.server.log.statemachine.data.caching.enabled = true (custom)
2021-08-14 01:18:27,939 [pool-206-thread-1] INFO  segmented.SegmentedRaftLogWorker (SegmentedRaftLogWorker.java:lambda$new$0(133)) - 27edb56d-b8db-4758-826e-c998f495671f@group-BBB3A94D2007-SegmentedRaftLogWorker: flushIndex: setUnconditionally 0 -> -1
2021-08-14 01:18:27,940 [EventQueue-OpenPipelineForHealthyPipelineSafeModeRule] INFO  safemode.SCMSafeModeManager (HealthyPipelineSafeModeRule.java:process(124)) - SCM in safe mode. Healthy pipelines reported count is 0, required healthy pipeline reported count is 1
2021-08-14 01:18:27,941 [pool-206-thread-1] INFO  segmented.SegmentedRaftLogWorker (SegmentedRaftLogWorker.java:lambda$new$0(133)) - 27edb56d-b8db-4758-826e-c998f495671f@group-BBB3A94D2007-SegmentedRaftLogWorker: safeCacheEvictIndex: setUnconditionally 0 -> -1
2021-08-14 01:18:27,943 [pool-206-thread-1] INFO  server.RaftServerConfigKeys (ConfUtils.java:logGet(44)) - raft.server.snapshot.auto.trigger.enabled = true (custom)
2021-08-14 01:18:27,943 [pool-206-thread-1] INFO  server.RaftServerConfigKeys (ConfUtils.java:logGet(44)) - raft.server.snapshot.auto.trigger.threshold = 1 (custom)
2021-08-14 01:18:27,943 [pool-206-thread-1] INFO  server.RaftServerConfigKeys (ConfUtils.java:logGet(44)) - raft.server.snapshot.retention.file.num = 5 (custom)
2021-08-14 01:18:27,943 [pool-206-thread-1] INFO  server.RaftServerConfigKeys (ConfUtils.java:logGet(44)) - raft.server.log.purge.upto.snapshot.index = false (default)
2021-08-14 01:18:27,943 [pool-206-thread-1] INFO  server.RaftServerConfigKeys (ConfUtils.java:logGet(44)) - raft.server.retrycache.expirytime = 600000ms (custom)
2021-08-14 01:18:27,943 [pool-206-thread-1] INFO  server.RaftServerConfigKeys (ConfUtils.java:logGet(44)) - raft.server.retrycache.statistics.expirytime = 100μs (default)
2021-08-14 01:18:27,945 [pool-206-thread-1] INFO  server.RaftServer$Division (RaftServerImpl.java:start(296)) - 27edb56d-b8db-4758-826e-c998f495671f@group-BBB3A94D2007: start as a follower, conf=-1: [cd64d878-198d-4e62-83d6-b5b1e205daa6|rpc:10.1.0.41:34757|dataStream:|priority:1, 27edb56d-b8db-4758-826e-c998f495671f|rpc:10.1.0.41:40033|dataStream:|priority:0, d2e7743e-c73b-4378-b503-81e8ce35debb|rpc:10.1.0.41:37875|dataStream:|priority:0], old=null
2021-08-14 01:18:27,945 [pool-206-thread-1] INFO  server.RaftServer$Division (RaftServerImpl.java:setRole(285)) - 27edb56d-b8db-4758-826e-c998f495671f@group-BBB3A94D2007: changes role from      null to FOLLOWER at term 0 for startAsFollower
2021-08-14 01:18:27,945 [pool-206-thread-1] INFO  impl.RoleInfo (RoleInfo.java:updateAndGet(130)) - 27edb56d-b8db-4758-826e-c998f495671f: start 27edb56d-b8db-4758-826e-c998f495671f@group-BBB3A94D2007-FollowerState
2021-08-14 01:18:27,946 [pool-206-thread-1] INFO  util.JmxRegister (JmxRegister.java:tryRegister(44)) - Successfully registered JMX Bean with object name Ratis:service=RaftServer,group=group-BBB3A94D2007,id=27edb56d-b8db-4758-826e-c998f495671f
2021-08-14 01:18:27,961 [Command processor thread] INFO  commandhandler.CreatePipelineCommandHandler (CreatePipelineCommandHandler.java:handle(106)) - Created Pipeline RATIS THREE PipelineID=7c926289-df4a-4d15-9c3e-bbb3a94d2007.
2021-08-14 01:18:27,962 [Command processor thread] INFO  server.RaftServer (RaftServerProxy.java:addNew(95)) - cd64d878-198d-4e62-83d6-b5b1e205daa6: addNew group-949CD4D7FACD:[cd64d878-198d-4e62-83d6-b5b1e205daa6|rpc:10.1.0.41:34757|priority:0, 27edb56d-b8db-4758-826e-c998f495671f|rpc:10.1.0.41:40033|priority:1, d2e7743e-c73b-4378-b503-81e8ce35debb|rpc:10.1.0.41:37875|priority:0] returns group-949CD4D7FACD:java.util.concurrent.CompletableFuture@3af03c09[Not completed]
2021-08-14 01:18:27,962 [pool-168-thread-1] INFO  server.RaftServer$Division (RaftServerImpl.java:<init>(181)) - cd64d878-198d-4e62-83d6-b5b1e205daa6: new RaftServerImpl for group-949CD4D7FACD:[cd64d878-198d-4e62-83d6-b5b1e205daa6|rpc:10.1.0.41:34757|priority:0, 27edb56d-b8db-4758-826e-c998f495671f|rpc:10.1.0.41:40033|priority:1, d2e7743e-c73b-4378-b503-81e8ce35debb|rpc:10.1.0.41:37875|priority:0] with ContainerStateMachine:uninitialized
2021-08-14 01:18:27,963 [pool-168-thread-1] INFO  server.RaftServerConfigKeys (ConfUtils.java:logGet(44)) - raft.server.rpc.timeout.min = 5s (custom)
2021-08-14 01:18:27,963 [pool-168-thread-1] INFO  server.RaftServerConfigKeys (ConfUtils.java:logGet(44)) - raft.server.rpc.timeout.max = 5200ms (custom)
2021-08-14 01:18:27,963 [pool-168-thread-1] INFO  server.RaftServerConfigKeys (ConfUtils.java:logGet(44)) - raft.server.rpc.sleep.time = 25ms (default)
2021-08-14 01:18:27,963 [pool-168-thread-1] INFO  server.RaftServerConfigKeys (ConfUtils.java:logGet(44)) - raft.server.rpc.slowness.timeout = 300000ms (custom)
2021-08-14 01:18:27,963 [pool-168-thread-1] INFO  server.RaftServerConfigKeys (ConfUtils.java:logGet(44)) - raft.server.leaderelection.leader.step-down.wait-time = 10s (default)
2021-08-14 01:18:27,963 [pool-168-thread-1] INFO  server.RaftServerConfigKeys (ConfUtils.java:logGet(44)) - raft.server.sleep.deviation.threshold = 300ms (default)
2021-08-14 01:18:27,963 [pool-168-thread-1] INFO  server.RaftServerConfigKeys (ConfUtils.java:logGet(44)) - raft.server.log.appender.install.snapshot.enabled = false (custom)
2021-08-14 01:18:27,963 [pool-168-thread-1] INFO  server.RaftServer$Division (ServerState.java:<init>(105)) - cd64d878-198d-4e62-83d6-b5b1e205daa6@group-949CD4D7FACD: ConfigurationManager, init=-1: [cd64d878-198d-4e62-83d6-b5b1e205daa6|rpc:10.1.0.41:34757|priority:0, 27edb56d-b8db-4758-826e-c998f495671f|rpc:10.1.0.41:40033|priority:1, d2e7743e-c73b-4378-b503-81e8ce35debb|rpc:10.1.0.41:37875|priority:0], old=null, confs=<EMPTY_MAP>
2021-08-14 01:18:27,963 [pool-168-thread-1] INFO  server.RaftServerConfigKeys (ConfUtils.java:logGet(44)) - raft.server.storage.dir = [/home/runner/work/ozone/ozone/hadoop-ozone/integration-test/target/test-dir/MiniOzoneClusterImpl-0159c105-9d83-42dd-92be-307c6655fab4/datanode-6/data/ratis] (custom)
2021-08-14 01:18:27,963 [pool-168-thread-1] INFO  server.RaftServerConfigKeys (ConfUtils.java:logGet(44)) - raft.server.log.corruption.policy = EXCEPTION (default)
2021-08-14 01:18:27,964 [pool-168-thread-1] INFO  server.RaftServerConfigKeys (ConfUtils.java:logGet(44)) - raft.server.storage.free-space.min = 0MB (=0) (default)
2021-08-14 01:18:27,964 [pool-168-thread-1] INFO  storage.RaftStorageDirectory (RaftStorageDirectoryImpl.java:analyzeStorage(135)) - The storage directory /home/runner/work/ozone/ozone/hadoop-ozone/integration-test/target/test-dir/MiniOzoneClusterImpl-0159c105-9d83-42dd-92be-307c6655fab4/datanode-6/data/ratis/de6217f3-7502-45a5-b1b5-949cd4d7facd does not exist. Creating ...
2021-08-14 01:18:27,966 [pool-168-thread-1] INFO  storage.RaftStorageDirectory (RaftStorageDirectoryImpl.java:tryLock(230)) - Lock on /home/runner/work/ozone/ozone/hadoop-ozone/integration-test/target/test-dir/MiniOzoneClusterImpl-0159c105-9d83-42dd-92be-307c6655fab4/datanode-6/data/ratis/de6217f3-7502-45a5-b1b5-949cd4d7facd/in_use.lock acquired by nodename 682@fv-az395-768
2021-08-14 01:18:27,968 [pool-168-thread-1] INFO  storage.RaftStorage (RaftStorageImpl.java:format(89)) - Storage directory /home/runner/work/ozone/ozone/hadoop-ozone/integration-test/target/test-dir/MiniOzoneClusterImpl-0159c105-9d83-42dd-92be-307c6655fab4/datanode-6/data/ratis/de6217f3-7502-45a5-b1b5-949cd4d7facd has been successfully formatted.
2021-08-14 01:18:27,968 [pool-168-thread-1] INFO  ratis.ContainerStateMachine (ContainerStateMachine.java:loadSnapshot(225)) - group-949CD4D7FACD: The snapshot info is null. Setting the last applied indexto:(t:0, i:~)
2021-08-14 01:18:27,968 [pool-168-thread-1] INFO  server.RaftServerConfigKeys (ConfUtils.java:logGet(44)) - raft.server.notification.no-leader.timeout = 300000ms (custom)
2021-08-14 01:18:27,968 [pool-168-thread-1] INFO  server.RaftServerConfigKeys (ConfUtils.java:logGet(44)) - raft.server.log.use.memory = false (default)
2021-08-14 01:18:27,969 [pool-168-thread-1] INFO  server.RaftServerConfigKeys (ConfUtils.java:logGet(44)) - raft.server.log.purge.gap = 1000000 (custom)
2021-08-14 01:18:27,969 [pool-168-thread-1] INFO  server.RaftServerConfigKeys (ConfUtils.java:logGet(44)) - raft.server.log.appender.buffer.byte-limit = 33554432 (custom)
2021-08-14 01:18:27,969 [pool-168-thread-1] INFO  server.RaftServerConfigKeys (ConfUtils.java:logGet(44)) - raft.server.log.segment.size.max = 1048576 (custom)
2021-08-14 01:18:27,969 [Datanode State Machine Thread - 0] WARN  statemachine.StateContext (StateContext.java:execute(621)) - No available thread in pool for past 0 seconds.
2021-08-14 01:18:27,971 [EventQueue-OpenPipelineForHealthyPipelineSafeModeRule] INFO  safemode.SCMSafeModeManager (HealthyPipelineSafeModeRule.java:process(124)) - SCM in safe mode. Healthy pipelines reported count is 0, required healthy pipeline reported count is 1
2021-08-14 01:18:27,971 [pool-168-thread-1] INFO  server.RaftServerConfigKeys (ConfUtils.java:logGet(44)) - raft.server.log.segment.cache.num.max = 2 (custom)
2021-08-14 01:18:27,971 [pool-168-thread-1] INFO  server.RaftServerConfigKeys (ConfUtils.java:logGet(44)) - raft.server.log.segment.cache.size.max = 200MB (=209715200) (default)
2021-08-14 01:18:27,971 [pool-168-thread-1] INFO  segmented.SegmentedRaftLogWorker (SegmentedRaftLogWorker.java:<init>(182)) - new cd64d878-198d-4e62-83d6-b5b1e205daa6@group-949CD4D7FACD-SegmentedRaftLogWorker for RaftStorageImpl:Storage Directory /home/runner/work/ozone/ozone/hadoop-ozone/integration-test/target/test-dir/MiniOzoneClusterImpl-0159c105-9d83-42dd-92be-307c6655fab4/datanode-6/data/ratis/de6217f3-7502-45a5-b1b5-949cd4d7facd
2021-08-14 01:18:27,971 [pool-168-thread-1] INFO  server.RaftServerConfigKeys (ConfUtils.java:logGet(44)) - raft.server.log.queue.byte-limit = 2147483647 (custom)
2021-08-14 01:18:27,971 [pool-168-thread-1] INFO  server.RaftServerConfigKeys (ConfUtils.java:logGet(44)) - raft.server.log.queue.element-limit = 1024 (custom)
2021-08-14 01:18:27,971 [pool-168-thread-1] INFO  server.RaftServerConfigKeys (ConfUtils.java:logGet(44)) - raft.server.log.segment.size.max = 1048576 (custom)
2021-08-14 01:18:27,971 [pool-168-thread-1] INFO  server.RaftServerConfigKeys (ConfUtils.java:logGet(44)) - raft.server.log.preallocated.size = 16384 (custom)
2021-08-14 01:18:27,971 [pool-168-thread-1] INFO  server.RaftServerConfigKeys (ConfUtils.java:logGet(44)) - raft.server.log.force.sync.num = 128 (default)
2021-08-14 01:18:27,972 [pool-168-thread-1] INFO  server.RaftServerConfigKeys (ConfUtils.java:logGet(44)) - raft.server.log.statemachine.data.sync = true (default)
2021-08-14 01:18:27,972 [pool-168-thread-1] INFO  server.RaftServerConfigKeys (ConfUtils.java:logGet(44)) - raft.server.log.statemachine.data.sync.timeout = 10s (default)
2021-08-14 01:18:27,972 [pool-168-thread-1] INFO  server.RaftServerConfigKeys (ConfUtils.java:logGet(44)) - raft.server.log.statemachine.data.sync.timeout.retry = -1 (default)
2021-08-14 01:18:27,972 [pool-168-thread-1] INFO  server.RaftServerConfigKeys (ConfUtils.java:logGet(44)) - raft.server.log.write.buffer.size = 1048576 (custom)
2021-08-14 01:18:27,973 [pool-168-thread-1] INFO  server.RaftServerConfigKeys (ConfUtils.java:logGet(44)) - raft.server.log.statemachine.data.caching.enabled = true (custom)
2021-08-14 01:18:27,973 [pool-168-thread-1] INFO  segmented.SegmentedRaftLogWorker (SegmentedRaftLogWorker.java:lambda$new$0(133)) - cd64d878-198d-4e62-83d6-b5b1e205daa6@group-949CD4D7FACD-SegmentedRaftLogWorker: flushIndex: setUnconditionally 0 -> -1
2021-08-14 01:18:27,973 [pool-168-thread-1] INFO  segmented.SegmentedRaftLogWorker (SegmentedRaftLogWorker.java:lambda$new$0(133)) - cd64d878-198d-4e62-83d6-b5b1e205daa6@group-949CD4D7FACD-SegmentedRaftLogWorker: safeCacheEvictIndex: setUnconditionally 0 -> -1
2021-08-14 01:18:27,974 [pool-168-thread-1] INFO  server.RaftServerConfigKeys (ConfUtils.java:logGet(44)) - raft.server.snapshot.auto.trigger.enabled = true (custom)
2021-08-14 01:18:27,974 [pool-168-thread-1] INFO  server.RaftServerConfigKeys (ConfUtils.java:logGet(44)) - raft.server.snapshot.auto.trigger.threshold = 1 (custom)
2021-08-14 01:18:27,974 [pool-168-thread-1] INFO  server.RaftServerConfigKeys (ConfUtils.java:logGet(44)) - raft.server.snapshot.retention.file.num = 5 (custom)
2021-08-14 01:18:27,974 [pool-168-thread-1] INFO  server.RaftServerConfigKeys (ConfUtils.java:logGet(44)) - raft.server.log.purge.upto.snapshot.index = false (default)
2021-08-14 01:18:27,974 [pool-168-thread-1] INFO  server.RaftServerConfigKeys (ConfUtils.java:logGet(44)) - raft.server.retrycache.expirytime = 600000ms (custom)
2021-08-14 01:18:27,974 [pool-168-thread-1] INFO  server.RaftServerConfigKeys (ConfUtils.java:logGet(44)) - raft.server.retrycache.statistics.expirytime = 100μs (default)
2021-08-14 01:18:27,975 [pool-168-thread-1] INFO  server.RaftServer$Division (RaftServerImpl.java:start(296)) - cd64d878-198d-4e62-83d6-b5b1e205daa6@group-949CD4D7FACD: start as a follower, conf=-1: [cd64d878-198d-4e62-83d6-b5b1e205daa6|rpc:10.1.0.41:34757|priority:0, 27edb56d-b8db-4758-826e-c998f495671f|rpc:10.1.0.41:40033|priority:1, d2e7743e-c73b-4378-b503-81e8ce35debb|rpc:10.1.0.41:37875|priority:0], old=null
2021-08-14 01:18:27,975 [pool-168-thread-1] INFO  server.RaftServer$Division (RaftServerImpl.java:setRole(285)) - cd64d878-198d-4e62-83d6-b5b1e205daa6@group-949CD4D7FACD: changes role from      null to FOLLOWER at term 0 for startAsFollower
2021-08-14 01:18:27,975 [pool-168-thread-1] INFO  impl.RoleInfo (RoleInfo.java:updateAndGet(130)) - cd64d878-198d-4e62-83d6-b5b1e205daa6: start cd64d878-198d-4e62-83d6-b5b1e205daa6@group-949CD4D7FACD-FollowerState
2021-08-14 01:18:27,976 [pool-168-thread-1] INFO  util.JmxRegister (JmxRegister.java:tryRegister(44)) - Successfully registered JMX Bean with object name Ratis:service=RaftServer,group=group-949CD4D7FACD,id=cd64d878-198d-4e62-83d6-b5b1e205daa6
2021-08-14 01:18:27,976 [Command processor thread] INFO  ratis.XceiverServerRatis (XceiverServerRatis.java:addGroup(763)) - Created group PipelineID=de6217f3-7502-45a5-b1b5-949cd4d7facd
2021-08-14 01:18:27,990 [grpc-default-executor-0] INFO  server.RaftServer (RaftServerProxy.java:addNew(95)) - 27edb56d-b8db-4758-826e-c998f495671f: addNew group-949CD4D7FACD:[cd64d878-198d-4e62-83d6-b5b1e205daa6|rpc:10.1.0.41:34757|dataStream:|priority:0, 27edb56d-b8db-4758-826e-c998f495671f|rpc:10.1.0.41:40033|dataStream:|priority:1, d2e7743e-c73b-4378-b503-81e8ce35debb|rpc:10.1.0.41:37875|dataStream:|priority:0] returns group-949CD4D7FACD:java.util.concurrent.CompletableFuture@60adbb82[Not completed]
2021-08-14 01:18:27,991 [pool-206-thread-1] INFO  server.RaftServer$Division (RaftServerImpl.java:<init>(181)) - 27edb56d-b8db-4758-826e-c998f495671f: new RaftServerImpl for group-949CD4D7FACD:[cd64d878-198d-4e62-83d6-b5b1e205daa6|rpc:10.1.0.41:34757|dataStream:|priority:0, 27edb56d-b8db-4758-826e-c998f495671f|rpc:10.1.0.41:40033|dataStream:|priority:1, d2e7743e-c73b-4378-b503-81e8ce35debb|rpc:10.1.0.41:37875|dataStream:|priority:0] with ContainerStateMachine:uninitialized
2021-08-14 01:18:27,991 [pool-206-thread-1] INFO  server.RaftServerConfigKeys (ConfUtils.java:logGet(44)) - raft.server.rpc.timeout.min = 5s (custom)
2021-08-14 01:18:27,991 [pool-206-thread-1] INFO  server.RaftServerConfigKeys (ConfUtils.java:logGet(44)) - raft.server.rpc.timeout.max = 5200ms (custom)
2021-08-14 01:18:27,992 [pool-206-thread-1] INFO  server.RaftServerConfigKeys (ConfUtils.java:logGet(44)) - raft.server.rpc.sleep.time = 25ms (default)
2021-08-14 01:18:27,992 [pool-206-thread-1] INFO  server.RaftServerConfigKeys (ConfUtils.java:logGet(44)) - raft.server.rpc.slowness.timeout = 300000ms (custom)
2021-08-14 01:18:27,992 [pool-206-thread-1] INFO  server.RaftServerConfigKeys (ConfUtils.java:logGet(44)) - raft.server.leaderelection.leader.step-down.wait-time = 10s (default)
2021-08-14 01:18:27,992 [pool-206-thread-1] INFO  server.RaftServerConfigKeys (ConfUtils.java:logGet(44)) - raft.server.sleep.deviation.threshold = 300ms (default)
2021-08-14 01:18:27,992 [pool-206-thread-1] INFO  server.RaftServerConfigKeys (ConfUtils.java:logGet(44)) - raft.server.log.appender.install.snapshot.enabled = false (custom)
2021-08-14 01:18:27,992 [pool-206-thread-1] INFO  server.RaftServer$Division (ServerState.java:<init>(105)) - 27edb56d-b8db-4758-826e-c998f495671f@group-949CD4D7FACD: ConfigurationManager, init=-1: [cd64d878-198d-4e62-83d6-b5b1e205daa6|rpc:10.1.0.41:34757|dataStream:|priority:0, 27edb56d-b8db-4758-826e-c998f495671f|rpc:10.1.0.41:40033|dataStream:|priority:1, d2e7743e-c73b-4378-b503-81e8ce35debb|rpc:10.1.0.41:37875|dataStream:|priority:0], old=null, confs=<EMPTY_MAP>
2021-08-14 01:18:27,992 [pool-206-thread-1] INFO  server.RaftServerConfigKeys (ConfUtils.java:logGet(44)) - raft.server.storage.dir = [/home/runner/work/ozone/ozone/hadoop-ozone/integration-test/target/test-dir/MiniOzoneClusterImpl-0159c105-9d83-42dd-92be-307c6655fab4/datanode-8/data/ratis] (custom)
2021-08-14 01:18:27,993 [pool-206-thread-1] INFO  server.RaftServerConfigKeys (ConfUtils.java:logGet(44)) - raft.server.log.corruption.policy = EXCEPTION (default)
2021-08-14 01:18:27,993 [pool-206-thread-1] INFO  server.RaftServerConfigKeys (ConfUtils.java:logGet(44)) - raft.server.storage.free-space.min = 0MB (=0) (default)
2021-08-14 01:18:27,993 [pool-206-thread-1] INFO  storage.RaftStorageDirectory (RaftStorageDirectoryImpl.java:analyzeStorage(135)) - The storage directory /home/runner/work/ozone/ozone/hadoop-ozone/integration-test/target/test-dir/MiniOzoneClusterImpl-0159c105-9d83-42dd-92be-307c6655fab4/datanode-8/data/ratis/de6217f3-7502-45a5-b1b5-949cd4d7facd does not exist. Creating ...
2021-08-14 01:18:27,994 [EventQueue-OpenPipelineForHealthyPipelineSafeModeRule] INFO  safemode.SCMSafeModeManager (HealthyPipelineSafeModeRule.java:process(124)) - SCM in safe mode. Healthy pipelines reported count is 0, required healthy pipeline reported count is 1
2021-08-14 01:18:27,994 [pool-206-thread-1] INFO  storage.RaftStorageDirectory (RaftStorageDirectoryImpl.java:tryLock(230)) - Lock on /home/runner/work/ozone/ozone/hadoop-ozone/integration-test/target/test-dir/MiniOzoneClusterImpl-0159c105-9d83-42dd-92be-307c6655fab4/datanode-8/data/ratis/de6217f3-7502-45a5-b1b5-949cd4d7facd/in_use.lock acquired by nodename 682@fv-az395-768
2021-08-14 01:18:27,996 [pool-206-thread-1] INFO  storage.RaftStorage (RaftStorageImpl.java:format(89)) - Storage directory /home/runner/work/ozone/ozone/hadoop-ozone/integration-test/target/test-dir/MiniOzoneClusterImpl-0159c105-9d83-42dd-92be-307c6655fab4/datanode-8/data/ratis/de6217f3-7502-45a5-b1b5-949cd4d7facd has been successfully formatted.
2021-08-14 01:18:27,997 [Datanode State Machine Thread - 0] WARN  statemachine.StateContext (StateContext.java:execute(621)) - No available thread in pool for past 0 seconds.
2021-08-14 01:18:27,998 [pool-206-thread-1] INFO  ratis.ContainerStateMachine (ContainerStateMachine.java:loadSnapshot(225)) - group-949CD4D7FACD: The snapshot info is null. Setting the last applied indexto:(t:0, i:~)
2021-08-14 01:18:27,998 [pool-206-thread-1] INFO  server.RaftServerConfigKeys (ConfUtils.java:logGet(44)) - raft.server.notification.no-leader.timeout = 300000ms (custom)
2021-08-14 01:18:27,998 [pool-206-thread-1] INFO  server.RaftServerConfigKeys (ConfUtils.java:logGet(44)) - raft.server.log.use.memory = false (default)
2021-08-14 01:18:27,998 [pool-206-thread-1] INFO  server.RaftServerConfigKeys (ConfUtils.java:logGet(44)) - raft.server.log.purge.gap = 1000000 (custom)
2021-08-14 01:18:27,998 [pool-206-thread-1] INFO  server.RaftServerConfigKeys (ConfUtils.java:logGet(44)) - raft.server.log.appender.buffer.byte-limit = 33554432 (custom)
2021-08-14 01:18:27,998 [pool-206-thread-1] INFO  server.RaftServerConfigKeys (ConfUtils.java:logGet(44)) - raft.server.log.segment.size.max = 1048576 (custom)
2021-08-14 01:18:27,999 [pool-206-thread-1] INFO  server.RaftServerConfigKeys (ConfUtils.java:logGet(44)) - raft.server.log.segment.cache.num.max = 2 (custom)
2021-08-14 01:18:27,999 [pool-206-thread-1] INFO  server.RaftServerConfigKeys (ConfUtils.java:logGet(44)) - raft.server.log.segment.cache.size.max = 200MB (=209715200) (default)
2021-08-14 01:18:27,999 [pool-206-thread-1] INFO  segmented.SegmentedRaftLogWorker (SegmentedRaftLogWorker.java:<init>(182)) - new 27edb56d-b8db-4758-826e-c998f495671f@group-949CD4D7FACD-SegmentedRaftLogWorker for RaftStorageImpl:Storage Directory /home/runner/work/ozone/ozone/hadoop-ozone/integration-test/target/test-dir/MiniOzoneClusterImpl-0159c105-9d83-42dd-92be-307c6655fab4/datanode-8/data/ratis/de6217f3-7502-45a5-b1b5-949cd4d7facd
2021-08-14 01:18:27,999 [pool-206-thread-1] INFO  server.RaftServerConfigKeys (ConfUtils.java:logGet(44)) - raft.server.log.queue.byte-limit = 2147483647 (custom)
2021-08-14 01:18:27,999 [pool-206-thread-1] INFO  server.RaftServerConfigKeys (ConfUtils.java:logGet(44)) - raft.server.log.queue.element-limit = 1024 (custom)
2021-08-14 01:18:27,999 [pool-206-thread-1] INFO  server.RaftServerConfigKeys (ConfUtils.java:logGet(44)) - raft.server.log.segment.size.max = 1048576 (custom)
2021-08-14 01:18:28,000 [pool-206-thread-1] INFO  server.RaftServerConfigKeys (ConfUtils.java:logGet(44)) - raft.server.log.preallocated.size = 16384 (custom)
2021-08-14 01:18:28,000 [pool-206-thread-1] INFO  server.RaftServerConfigKeys (ConfUtils.java:logGet(44)) - raft.server.log.force.sync.num = 128 (default)
2021-08-14 01:18:28,000 [pool-206-thread-1] INFO  server.RaftServerConfigKeys (ConfUtils.java:logGet(44)) - raft.server.log.statemachine.data.sync = true (default)
2021-08-14 01:18:28,000 [pool-206-thread-1] INFO  server.RaftServerConfigKeys (ConfUtils.java:logGet(44)) - raft.server.log.statemachine.data.sync.timeout = 10s (default)
2021-08-14 01:18:28,000 [pool-206-thread-1] INFO  server.RaftServerConfigKeys (ConfUtils.java:logGet(44)) - raft.server.log.statemachine.data.sync.timeout.retry = -1 (default)
2021-08-14 01:18:28,001 [pool-206-thread-1] INFO  server.RaftServerConfigKeys (ConfUtils.java:logGet(44)) - raft.server.log.write.buffer.size = 1048576 (custom)
2021-08-14 01:18:28,001 [pool-206-thread-1] INFO  server.RaftServerConfigKeys (ConfUtils.java:logGet(44)) - raft.server.log.statemachine.data.caching.enabled = true (custom)
2021-08-14 01:18:28,002 [pool-206-thread-1] INFO  segmented.SegmentedRaftLogWorker (SegmentedRaftLogWorker.java:lambda$new$0(133)) - 27edb56d-b8db-4758-826e-c998f495671f@group-949CD4D7FACD-SegmentedRaftLogWorker: flushIndex: setUnconditionally 0 -> -1
2021-08-14 01:18:28,002 [pool-206-thread-1] INFO  segmented.SegmentedRaftLogWorker (SegmentedRaftLogWorker.java:lambda$new$0(133)) - 27edb56d-b8db-4758-826e-c998f495671f@group-949CD4D7FACD-SegmentedRaftLogWorker: safeCacheEvictIndex: setUnconditionally 0 -> -1
2021-08-14 01:18:28,003 [pool-206-thread-1] INFO  server.RaftServerConfigKeys (ConfUtils.java:logGet(44)) - raft.server.snapshot.auto.trigger.enabled = true (custom)
2021-08-14 01:18:28,003 [pool-206-thread-1] INFO  server.RaftServerConfigKeys (ConfUtils.java:logGet(44)) - raft.server.snapshot.auto.trigger.threshold = 1 (custom)
2021-08-14 01:18:28,003 [pool-206-thread-1] INFO  server.RaftServerConfigKeys (ConfUtils.java:logGet(44)) - raft.server.snapshot.retention.file.num = 5 (custom)
2021-08-14 01:18:28,003 [pool-206-thread-1] INFO  server.RaftServerConfigKeys (ConfUtils.java:logGet(44)) - raft.server.log.purge.upto.snapshot.index = false (default)
2021-08-14 01:18:28,003 [pool-206-thread-1] INFO  server.RaftServerConfigKeys (ConfUtils.java:logGet(44)) - raft.server.retrycache.expirytime = 600000ms (custom)
2021-08-14 01:18:28,003 [pool-206-thread-1] INFO  server.RaftServerConfigKeys (ConfUtils.java:logGet(44)) - raft.server.retrycache.statistics.expirytime = 100μs (default)
2021-08-14 01:18:28,004 [pool-206-thread-1] INFO  server.RaftServer$Division (RaftServerImpl.java:start(296)) - 27edb56d-b8db-4758-826e-c998f495671f@group-949CD4D7FACD: start as a follower, conf=-1: [cd64d878-198d-4e62-83d6-b5b1e205daa6|rpc:10.1.0.41:34757|dataStream:|priority:0, 27edb56d-b8db-4758-826e-c998f495671f|rpc:10.1.0.41:40033|dataStream:|priority:1, d2e7743e-c73b-4378-b503-81e8ce35debb|rpc:10.1.0.41:37875|dataStream:|priority:0], old=null
2021-08-14 01:18:28,004 [pool-206-thread-1] INFO  server.RaftServer$Division (RaftServerImpl.java:setRole(285)) - 27edb56d-b8db-4758-826e-c998f495671f@group-949CD4D7FACD: changes role from      null to FOLLOWER at term 0 for startAsFollower
2021-08-14 01:18:28,004 [pool-206-thread-1] INFO  impl.RoleInfo (RoleInfo.java:updateAndGet(130)) - 27edb56d-b8db-4758-826e-c998f495671f: start 27edb56d-b8db-4758-826e-c998f495671f@group-949CD4D7FACD-FollowerState
2021-08-14 01:18:28,005 [pool-206-thread-1] INFO  util.JmxRegister (JmxRegister.java:tryRegister(44)) - Successfully registered JMX Bean with object name Ratis:service=RaftServer,group=group-949CD4D7FACD,id=27edb56d-b8db-4758-826e-c998f495671f
2021-08-14 01:18:28,022 [grpc-default-executor-0] INFO  server.RaftServer (RaftServerProxy.java:addNew(95)) - d2e7743e-c73b-4378-b503-81e8ce35debb: addNew group-949CD4D7FACD:[cd64d878-198d-4e62-83d6-b5b1e205daa6|rpc:10.1.0.41:34757|dataStream:|priority:0, 27edb56d-b8db-4758-826e-c998f495671f|rpc:10.1.0.41:40033|dataStream:|priority:1, d2e7743e-c73b-4378-b503-81e8ce35debb|rpc:10.1.0.41:37875|dataStream:|priority:0] returns group-949CD4D7FACD:java.util.concurrent.CompletableFuture@77cfa1f9[Not completed]
2021-08-14 01:18:28,023 [pool-187-thread-1] INFO  server.RaftServer$Division (RaftServerImpl.java:<init>(181)) - d2e7743e-c73b-4378-b503-81e8ce35debb: new RaftServerImpl for group-949CD4D7FACD:[cd64d878-198d-4e62-83d6-b5b1e205daa6|rpc:10.1.0.41:34757|dataStream:|priority:0, 27edb56d-b8db-4758-826e-c998f495671f|rpc:10.1.0.41:40033|dataStream:|priority:1, d2e7743e-c73b-4378-b503-81e8ce35debb|rpc:10.1.0.41:37875|dataStream:|priority:0] with ContainerStateMachine:uninitialized
2021-08-14 01:18:28,023 [pool-187-thread-1] INFO  server.RaftServerConfigKeys (ConfUtils.java:logGet(44)) - raft.server.rpc.timeout.min = 5s (custom)
2021-08-14 01:18:28,023 [pool-187-thread-1] INFO  server.RaftServerConfigKeys (ConfUtils.java:logGet(44)) - raft.server.rpc.timeout.max = 5200ms (custom)
2021-08-14 01:18:28,023 [pool-187-thread-1] INFO  server.RaftServerConfigKeys (ConfUtils.java:logGet(44)) - raft.server.rpc.sleep.time = 25ms (default)
2021-08-14 01:18:28,023 [pool-187-thread-1] INFO  server.RaftServerConfigKeys (ConfUtils.java:logGet(44)) - raft.server.rpc.slowness.timeout = 300000ms (custom)
2021-08-14 01:18:28,023 [pool-187-thread-1] INFO  server.RaftServerConfigKeys (ConfUtils.java:logGet(44)) - raft.server.leaderelection.leader.step-down.wait-time = 10s (default)
2021-08-14 01:18:28,023 [pool-187-thread-1] INFO  server.RaftServerConfigKeys (ConfUtils.java:logGet(44)) - raft.server.sleep.deviation.threshold = 300ms (default)
2021-08-14 01:18:28,023 [pool-187-thread-1] INFO  server.RaftServerConfigKeys (ConfUtils.java:logGet(44)) - raft.server.log.appender.install.snapshot.enabled = false (custom)
2021-08-14 01:18:28,023 [pool-187-thread-1] INFO  server.RaftServer$Division (ServerState.java:<init>(105)) - d2e7743e-c73b-4378-b503-81e8ce35debb@group-949CD4D7FACD: ConfigurationManager, init=-1: [cd64d878-198d-4e62-83d6-b5b1e205daa6|rpc:10.1.0.41:34757|dataStream:|priority:0, 27edb56d-b8db-4758-826e-c998f495671f|rpc:10.1.0.41:40033|dataStream:|priority:1, d2e7743e-c73b-4378-b503-81e8ce35debb|rpc:10.1.0.41:37875|dataStream:|priority:0], old=null, confs=<EMPTY_MAP>
2021-08-14 01:18:28,023 [pool-187-thread-1] INFO  server.RaftServerConfigKeys (ConfUtils.java:logGet(44)) - raft.server.storage.dir = [/home/runner/work/ozone/ozone/hadoop-ozone/integration-test/target/test-dir/MiniOzoneClusterImpl-0159c105-9d83-42dd-92be-307c6655fab4/datanode-7/data/ratis] (custom)
2021-08-14 01:18:28,024 [pool-187-thread-1] INFO  server.RaftServerConfigKeys (ConfUtils.java:logGet(44)) - raft.server.log.corruption.policy = EXCEPTION (default)
2021-08-14 01:18:28,024 [pool-187-thread-1] INFO  server.RaftServerConfigKeys (ConfUtils.java:logGet(44)) - raft.server.storage.free-space.min = 0MB (=0) (default)
2021-08-14 01:18:28,024 [pool-187-thread-1] INFO  storage.RaftStorageDirectory (RaftStorageDirectoryImpl.java:analyzeStorage(135)) - The storage directory /home/runner/work/ozone/ozone/hadoop-ozone/integration-test/target/test-dir/MiniOzoneClusterImpl-0159c105-9d83-42dd-92be-307c6655fab4/datanode-7/data/ratis/de6217f3-7502-45a5-b1b5-949cd4d7facd does not exist. Creating ...
2021-08-14 01:18:28,026 [pool-187-thread-1] INFO  storage.RaftStorageDirectory (RaftStorageDirectoryImpl.java:tryLock(230)) - Lock on /home/runner/work/ozone/ozone/hadoop-ozone/integration-test/target/test-dir/MiniOzoneClusterImpl-0159c105-9d83-42dd-92be-307c6655fab4/datanode-7/data/ratis/de6217f3-7502-45a5-b1b5-949cd4d7facd/in_use.lock acquired by nodename 682@fv-az395-768
2021-08-14 01:18:28,028 [EventQueue-OpenPipelineForHealthyPipelineSafeModeRule] INFO  safemode.SCMSafeModeManager (HealthyPipelineSafeModeRule.java:process(124)) - SCM in safe mode. Healthy pipelines reported count is 0, required healthy pipeline reported count is 1
2021-08-14 01:18:28,029 [pool-187-thread-1] INFO  storage.RaftStorage (RaftStorageImpl.java:format(89)) - Storage directory /home/runner/work/ozone/ozone/hadoop-ozone/integration-test/target/test-dir/MiniOzoneClusterImpl-0159c105-9d83-42dd-92be-307c6655fab4/datanode-7/data/ratis/de6217f3-7502-45a5-b1b5-949cd4d7facd has been successfully formatted.
2021-08-14 01:18:28,029 [pool-187-thread-1] INFO  ratis.ContainerStateMachine (ContainerStateMachine.java:loadSnapshot(225)) - group-949CD4D7FACD: The snapshot info is null. Setting the last applied indexto:(t:0, i:~)
2021-08-14 01:18:28,029 [pool-187-thread-1] INFO  server.RaftServerConfigKeys (ConfUtils.java:logGet(44)) - raft.server.notification.no-leader.timeout = 300000ms (custom)
2021-08-14 01:18:28,029 [pool-187-thread-1] INFO  server.RaftServerConfigKeys (ConfUtils.java:logGet(44)) - raft.server.log.use.memory = false (default)
2021-08-14 01:18:28,029 [pool-187-thread-1] INFO  server.RaftServerConfigKeys (ConfUtils.java:logGet(44)) - raft.server.log.purge.gap = 1000000 (custom)
2021-08-14 01:18:28,029 [pool-187-thread-1] INFO  server.RaftServerConfigKeys (ConfUtils.java:logGet(44)) - raft.server.log.appender.buffer.byte-limit = 33554432 (custom)
2021-08-14 01:18:28,029 [pool-187-thread-1] INFO  server.RaftServerConfigKeys (ConfUtils.java:logGet(44)) - raft.server.log.segment.size.max = 1048576 (custom)
2021-08-14 01:18:28,030 [pool-187-thread-1] INFO  server.RaftServerConfigKeys (ConfUtils.java:logGet(44)) - raft.server.log.segment.cache.num.max = 2 (custom)
2021-08-14 01:18:28,030 [pool-187-thread-1] INFO  server.RaftServerConfigKeys (ConfUtils.java:logGet(44)) - raft.server.log.segment.cache.size.max = 200MB (=209715200) (default)
2021-08-14 01:18:28,030 [pool-187-thread-1] INFO  segmented.SegmentedRaftLogWorker (SegmentedRaftLogWorker.java:<init>(182)) - new d2e7743e-c73b-4378-b503-81e8ce35debb@group-949CD4D7FACD-SegmentedRaftLogWorker for RaftStorageImpl:Storage Directory /home/runner/work/ozone/ozone/hadoop-ozone/integration-test/target/test-dir/MiniOzoneClusterImpl-0159c105-9d83-42dd-92be-307c6655fab4/datanode-7/data/ratis/de6217f3-7502-45a5-b1b5-949cd4d7facd
2021-08-14 01:18:28,030 [pool-187-thread-1] INFO  server.RaftServerConfigKeys (ConfUtils.java:logGet(44)) - raft.server.log.queue.byte-limit = 2147483647 (custom)
2021-08-14 01:18:28,030 [pool-187-thread-1] INFO  server.RaftServerConfigKeys (ConfUtils.java:logGet(44)) - raft.server.log.queue.element-limit = 1024 (custom)
2021-08-14 01:18:28,030 [pool-187-thread-1] INFO  server.RaftServerConfigKeys (ConfUtils.java:logGet(44)) - raft.server.log.segment.size.max = 1048576 (custom)
2021-08-14 01:18:28,030 [pool-187-thread-1] INFO  server.RaftServerConfigKeys (ConfUtils.java:logGet(44)) - raft.server.log.preallocated.size = 16384 (custom)
2021-08-14 01:18:28,030 [pool-187-thread-1] INFO  server.RaftServerConfigKeys (ConfUtils.java:logGet(44)) - raft.server.log.force.sync.num = 128 (default)
2021-08-14 01:18:28,030 [pool-187-thread-1] INFO  server.RaftServerConfigKeys (ConfUtils.java:logGet(44)) - raft.server.log.statemachine.data.sync = true (default)
2021-08-14 01:18:28,031 [pool-187-thread-1] INFO  server.RaftServerConfigKeys (ConfUtils.java:logGet(44)) - raft.server.log.statemachine.data.sync.timeout = 10s (default)
2021-08-14 01:18:28,031 [pool-187-thread-1] INFO  server.RaftServerConfigKeys (ConfUtils.java:logGet(44)) - raft.server.log.statemachine.data.sync.timeout.retry = -1 (default)
2021-08-14 01:18:28,031 [pool-187-thread-1] INFO  server.RaftServerConfigKeys (ConfUtils.java:logGet(44)) - raft.server.log.write.buffer.size = 1048576 (custom)
2021-08-14 01:18:28,032 [pool-187-thread-1] INFO  server.RaftServerConfigKeys (ConfUtils.java:logGet(44)) - raft.server.log.statemachine.data.caching.enabled = true (custom)
2021-08-14 01:18:28,033 [EventQueue-OpenPipelineForHealthyPipelineSafeModeRule] INFO  safemode.SCMSafeModeManager (HealthyPipelineSafeModeRule.java:process(124)) - SCM in safe mode. Healthy pipelines reported count is 0, required healthy pipeline reported count is 1
2021-08-14 01:18:28,033 [pool-187-thread-1] INFO  segmented.SegmentedRaftLogWorker (SegmentedRaftLogWorker.java:lambda$new$0(133)) - d2e7743e-c73b-4378-b503-81e8ce35debb@group-949CD4D7FACD-SegmentedRaftLogWorker: flushIndex: setUnconditionally 0 -> -1
2021-08-14 01:18:28,033 [pool-187-thread-1] INFO  segmented.SegmentedRaftLogWorker (SegmentedRaftLogWorker.java:lambda$new$0(133)) - d2e7743e-c73b-4378-b503-81e8ce35debb@group-949CD4D7FACD-SegmentedRaftLogWorker: safeCacheEvictIndex: setUnconditionally 0 -> -1
2021-08-14 01:18:28,039 [pool-187-thread-1] INFO  server.RaftServerConfigKeys (ConfUtils.java:logGet(44)) - raft.server.snapshot.auto.trigger.enabled = true (custom)
2021-08-14 01:18:28,039 [pool-187-thread-1] INFO  server.RaftServerConfigKeys (ConfUtils.java:logGet(44)) - raft.server.snapshot.auto.trigger.threshold = 1 (custom)
2021-08-14 01:18:28,039 [pool-187-thread-1] INFO  server.RaftServerConfigKeys (ConfUtils.java:logGet(44)) - raft.server.snapshot.retention.file.num = 5 (custom)
2021-08-14 01:18:28,039 [pool-187-thread-1] INFO  server.RaftServerConfigKeys (ConfUtils.java:logGet(44)) - raft.server.log.purge.upto.snapshot.index = false (default)
2021-08-14 01:18:28,039 [pool-187-thread-1] INFO  server.RaftServerConfigKeys (ConfUtils.java:logGet(44)) - raft.server.retrycache.expirytime = 600000ms (custom)
2021-08-14 01:18:28,039 [pool-187-thread-1] INFO  server.RaftServerConfigKeys (ConfUtils.java:logGet(44)) - raft.server.retrycache.statistics.expirytime = 100μs (default)
2021-08-14 01:18:28,040 [pool-187-thread-1] INFO  server.RaftServer$Division (RaftServerImpl.java:start(296)) - d2e7743e-c73b-4378-b503-81e8ce35debb@group-949CD4D7FACD: start as a follower, conf=-1: [cd64d878-198d-4e62-83d6-b5b1e205daa6|rpc:10.1.0.41:34757|dataStream:|priority:0, 27edb56d-b8db-4758-826e-c998f495671f|rpc:10.1.0.41:40033|dataStream:|priority:1, d2e7743e-c73b-4378-b503-81e8ce35debb|rpc:10.1.0.41:37875|dataStream:|priority:0], old=null
2021-08-14 01:18:28,040 [pool-187-thread-1] INFO  server.RaftServer$Division (RaftServerImpl.java:setRole(285)) - d2e7743e-c73b-4378-b503-81e8ce35debb@group-949CD4D7FACD: changes role from      null to FOLLOWER at term 0 for startAsFollower
2021-08-14 01:18:28,040 [pool-187-thread-1] INFO  impl.RoleInfo (RoleInfo.java:updateAndGet(130)) - d2e7743e-c73b-4378-b503-81e8ce35debb: start d2e7743e-c73b-4378-b503-81e8ce35debb@group-949CD4D7FACD-FollowerState
2021-08-14 01:18:28,046 [pool-187-thread-1] INFO  util.JmxRegister (JmxRegister.java:tryRegister(44)) - Successfully registered JMX Bean with object name Ratis:service=RaftServer,group=group-949CD4D7FACD,id=d2e7743e-c73b-4378-b503-81e8ce35debb
2021-08-14 01:18:28,056 [Command processor thread] INFO  server.RaftServer (RaftServerProxy.java:addNew(95)) - d2e7743e-c73b-4378-b503-81e8ce35debb: addNew group-1057A410B9AE:[d2e7743e-c73b-4378-b503-81e8ce35debb|rpc:10.1.0.41:37875|priority:1] returns group-1057A410B9AE:java.util.concurrent.CompletableFuture@642cd104[Not completed]
2021-08-14 01:18:28,057 [pool-187-thread-1] INFO  server.RaftServer$Division (RaftServerImpl.java:<init>(181)) - d2e7743e-c73b-4378-b503-81e8ce35debb: new RaftServerImpl for group-1057A410B9AE:[d2e7743e-c73b-4378-b503-81e8ce35debb|rpc:10.1.0.41:37875|priority:1] with ContainerStateMachine:uninitialized
2021-08-14 01:18:28,057 [pool-187-thread-1] INFO  server.RaftServerConfigKeys (ConfUtils.java:logGet(44)) - raft.server.rpc.timeout.min = 5s (custom)
2021-08-14 01:18:28,057 [pool-187-thread-1] INFO  server.RaftServerConfigKeys (ConfUtils.java:logGet(44)) - raft.server.rpc.timeout.max = 5200ms (custom)
2021-08-14 01:18:28,057 [pool-187-thread-1] INFO  server.RaftServerConfigKeys (ConfUtils.java:logGet(44)) - raft.server.rpc.sleep.time = 25ms (default)
2021-08-14 01:18:28,057 [pool-187-thread-1] INFO  server.RaftServerConfigKeys (ConfUtils.java:logGet(44)) - raft.server.rpc.slowness.timeout = 300000ms (custom)
2021-08-14 01:18:28,057 [pool-187-thread-1] INFO  server.RaftServerConfigKeys (ConfUtils.java:logGet(44)) - raft.server.leaderelection.leader.step-down.wait-time = 10s (default)
2021-08-14 01:18:28,057 [pool-187-thread-1] INFO  server.RaftServerConfigKeys (ConfUtils.java:logGet(44)) - raft.server.sleep.deviation.threshold = 300ms (default)
2021-08-14 01:18:28,057 [pool-187-thread-1] INFO  server.RaftServerConfigKeys (ConfUtils.java:logGet(44)) - raft.server.log.appender.install.snapshot.enabled = false (custom)
2021-08-14 01:18:28,057 [pool-187-thread-1] INFO  server.RaftServer$Division (ServerState.java:<init>(105)) - d2e7743e-c73b-4378-b503-81e8ce35debb@group-1057A410B9AE: ConfigurationManager, init=-1: [d2e7743e-c73b-4378-b503-81e8ce35debb|rpc:10.1.0.41:37875|priority:1], old=null, confs=<EMPTY_MAP>
2021-08-14 01:18:28,058 [pool-187-thread-1] INFO  server.RaftServerConfigKeys (ConfUtils.java:logGet(44)) - raft.server.storage.dir = [/home/runner/work/ozone/ozone/hadoop-ozone/integration-test/target/test-dir/MiniOzoneClusterImpl-0159c105-9d83-42dd-92be-307c6655fab4/datanode-7/data/ratis] (custom)
2021-08-14 01:18:28,058 [pool-187-thread-1] INFO  server.RaftServerConfigKeys (ConfUtils.java:logGet(44)) - raft.server.log.corruption.policy = EXCEPTION (default)
2021-08-14 01:18:28,058 [pool-187-thread-1] INFO  server.RaftServerConfigKeys (ConfUtils.java:logGet(44)) - raft.server.storage.free-space.min = 0MB (=0) (default)
2021-08-14 01:18:28,058 [pool-187-thread-1] INFO  storage.RaftStorageDirectory (RaftStorageDirectoryImpl.java:analyzeStorage(135)) - The storage directory /home/runner/work/ozone/ozone/hadoop-ozone/integration-test/target/test-dir/MiniOzoneClusterImpl-0159c105-9d83-42dd-92be-307c6655fab4/datanode-7/data/ratis/7639f3a4-0f4e-4d59-a3c0-1057a410b9ae does not exist. Creating ...
2021-08-14 01:18:28,059 [pool-187-thread-1] INFO  storage.RaftStorageDirectory (RaftStorageDirectoryImpl.java:tryLock(230)) - Lock on /home/runner/work/ozone/ozone/hadoop-ozone/integration-test/target/test-dir/MiniOzoneClusterImpl-0159c105-9d83-42dd-92be-307c6655fab4/datanode-7/data/ratis/7639f3a4-0f4e-4d59-a3c0-1057a410b9ae/in_use.lock acquired by nodename 682@fv-az395-768
2021-08-14 01:18:28,060 [pool-187-thread-1] INFO  storage.RaftStorage (RaftStorageImpl.java:format(89)) - Storage directory /home/runner/work/ozone/ozone/hadoop-ozone/integration-test/target/test-dir/MiniOzoneClusterImpl-0159c105-9d83-42dd-92be-307c6655fab4/datanode-7/data/ratis/7639f3a4-0f4e-4d59-a3c0-1057a410b9ae has been successfully formatted.
2021-08-14 01:18:28,062 [pool-187-thread-1] INFO  ratis.ContainerStateMachine (ContainerStateMachine.java:loadSnapshot(225)) - group-1057A410B9AE: The snapshot info is null. Setting the last applied indexto:(t:0, i:~)
2021-08-14 01:18:28,062 [pool-187-thread-1] INFO  server.RaftServerConfigKeys (ConfUtils.java:logGet(44)) - raft.server.notification.no-leader.timeout = 300000ms (custom)
2021-08-14 01:18:28,062 [pool-187-thread-1] INFO  server.RaftServerConfigKeys (ConfUtils.java:logGet(44)) - raft.server.log.use.memory = false (default)
2021-08-14 01:18:28,062 [pool-187-thread-1] INFO  server.RaftServerConfigKeys (ConfUtils.java:logGet(44)) - raft.server.log.purge.gap = 1000000 (custom)
2021-08-14 01:18:28,063 [pool-187-thread-1] INFO  server.RaftServerConfigKeys (ConfUtils.java:logGet(44)) - raft.server.log.appender.buffer.byte-limit = 33554432 (custom)
2021-08-14 01:18:28,063 [Datanode State Machine Thread - 0] WARN  statemachine.StateContext (StateContext.java:execute(621)) - No available thread in pool for past 0 seconds.
2021-08-14 01:18:28,064 [EventQueue-PipelineReportForPipelineReportHandler] INFO  pipeline.PipelineManagerImpl (PipelineManagerImpl.java:openPipeline(283)) - Pipeline Pipeline[ Id: 7639f3a4-0f4e-4d59-a3c0-1057a410b9ae, Nodes: d2e7743e-c73b-4378-b503-81e8ce35debb{ip: 10.1.0.41, host: fv-az395-768.zfmzfyrfkyou3ow0tsr0jxwq1e.bx.internal.cloudapp.net, ports: [REPLICATION=42437, RATIS=37875, RATIS_ADMIN=37875, RATIS_SERVER=37875, STANDALONE=46515], networkLocation: /default-rack, certSerialId: null, persistedOpState: IN_SERVICE, persistedOpStateExpiryEpochSec: 0}, ReplicationConfig: RATIS/ONE, State:ALLOCATED, leaderId:d2e7743e-c73b-4378-b503-81e8ce35debb, CreationTimestamp2021-08-14T01:18:25.060Z[Etc/UTC]] moved to OPEN state
2021-08-14 01:18:28,065 [pool-187-thread-1] INFO  server.RaftServerConfigKeys (ConfUtils.java:logGet(44)) - raft.server.log.segment.size.max = 1048576 (custom)
2021-08-14 01:18:28,065 [EventQueue-OpenPipelineForHealthyPipelineSafeModeRule] INFO  safemode.SCMSafeModeManager (HealthyPipelineSafeModeRule.java:process(124)) - SCM in safe mode. Healthy pipelines reported count is 0, required healthy pipeline reported count is 1
2021-08-14 01:18:28,066 [pool-187-thread-1] INFO  server.RaftServerConfigKeys (ConfUtils.java:logGet(44)) - raft.server.log.segment.cache.num.max = 2 (custom)
2021-08-14 01:18:28,066 [pool-187-thread-1] INFO  server.RaftServerConfigKeys (ConfUtils.java:logGet(44)) - raft.server.log.segment.cache.size.max = 200MB (=209715200) (default)
2021-08-14 01:18:28,066 [pool-187-thread-1] INFO  segmented.SegmentedRaftLogWorker (SegmentedRaftLogWorker.java:<init>(182)) - new d2e7743e-c73b-4378-b503-81e8ce35debb@group-1057A410B9AE-SegmentedRaftLogWorker for RaftStorageImpl:Storage Directory /home/runner/work/ozone/ozone/hadoop-ozone/integration-test/target/test-dir/MiniOzoneClusterImpl-0159c105-9d83-42dd-92be-307c6655fab4/datanode-7/data/ratis/7639f3a4-0f4e-4d59-a3c0-1057a410b9ae
2021-08-14 01:18:28,066 [pool-187-thread-1] INFO  server.RaftServerConfigKeys (ConfUtils.java:logGet(44)) - raft.server.log.queue.byte-limit = 2147483647 (custom)
2021-08-14 01:18:28,066 [pool-187-thread-1] INFO  server.RaftServerConfigKeys (ConfUtils.java:logGet(44)) - raft.server.log.queue.element-limit = 1024 (custom)
2021-08-14 01:18:28,066 [pool-187-thread-1] INFO  server.RaftServerConfigKeys (ConfUtils.java:logGet(44)) - raft.server.log.segment.size.max = 1048576 (custom)
2021-08-14 01:18:28,066 [pool-187-thread-1] INFO  server.RaftServerConfigKeys (ConfUtils.java:logGet(44)) - raft.server.log.preallocated.size = 16384 (custom)
2021-08-14 01:18:28,066 [pool-187-thread-1] INFO  server.RaftServerConfigKeys (ConfUtils.java:logGet(44)) - raft.server.log.force.sync.num = 128 (default)
2021-08-14 01:18:28,066 [pool-187-thread-1] INFO  server.RaftServerConfigKeys (ConfUtils.java:logGet(44)) - raft.server.log.statemachine.data.sync = true (default)
2021-08-14 01:18:28,066 [pool-187-thread-1] INFO  server.RaftServerConfigKeys (ConfUtils.java:logGet(44)) - raft.server.log.statemachine.data.sync.timeout = 10s (default)
2021-08-14 01:18:28,066 [pool-187-thread-1] INFO  server.RaftServerConfigKeys (ConfUtils.java:logGet(44)) - raft.server.log.statemachine.data.sync.timeout.retry = -1 (default)
2021-08-14 01:18:28,066 [Command processor thread] INFO  commandhandler.CreatePipelineCommandHandler (CreatePipelineCommandHandler.java:handle(106)) - Created Pipeline RATIS THREE PipelineID=de6217f3-7502-45a5-b1b5-949cd4d7facd.
2021-08-14 01:18:28,067 [pool-187-thread-1] INFO  server.RaftServerConfigKeys (ConfUtils.java:logGet(44)) - raft.server.log.write.buffer.size = 1048576 (custom)
2021-08-14 01:18:28,068 [pool-187-thread-1] INFO  server.RaftServerConfigKeys (ConfUtils.java:logGet(44)) - raft.server.log.statemachine.data.caching.enabled = true (custom)
2021-08-14 01:18:28,068 [pool-187-thread-1] INFO  segmented.SegmentedRaftLogWorker (SegmentedRaftLogWorker.java:lambda$new$0(133)) - d2e7743e-c73b-4378-b503-81e8ce35debb@group-1057A410B9AE-SegmentedRaftLogWorker: flushIndex: setUnconditionally 0 -> -1
2021-08-14 01:18:28,068 [pool-187-thread-1] INFO  segmented.SegmentedRaftLogWorker (SegmentedRaftLogWorker.java:lambda$new$0(133)) - d2e7743e-c73b-4378-b503-81e8ce35debb@group-1057A410B9AE-SegmentedRaftLogWorker: safeCacheEvictIndex: setUnconditionally 0 -> -1
2021-08-14 01:18:28,069 [pool-187-thread-1] INFO  server.RaftServerConfigKeys (ConfUtils.java:logGet(44)) - raft.server.snapshot.auto.trigger.enabled = true (custom)
2021-08-14 01:18:28,069 [pool-187-thread-1] INFO  server.RaftServerConfigKeys (ConfUtils.java:logGet(44)) - raft.server.snapshot.auto.trigger.threshold = 1 (custom)
2021-08-14 01:18:28,069 [pool-187-thread-1] INFO  server.RaftServerConfigKeys (ConfUtils.java:logGet(44)) - raft.server.snapshot.retention.file.num = 5 (custom)
2021-08-14 01:18:28,069 [pool-187-thread-1] INFO  server.RaftServerConfigKeys (ConfUtils.java:logGet(44)) - raft.server.log.purge.upto.snapshot.index = false (default)
2021-08-14 01:18:28,069 [pool-187-thread-1] INFO  server.RaftServerConfigKeys (ConfUtils.java:logGet(44)) - raft.server.retrycache.expirytime = 600000ms (custom)
2021-08-14 01:18:28,069 [pool-187-thread-1] INFO  server.RaftServerConfigKeys (ConfUtils.java:logGet(44)) - raft.server.retrycache.statistics.expirytime = 100μs (default)
2021-08-14 01:18:28,070 [pool-187-thread-1] INFO  server.RaftServer$Division (RaftServerImpl.java:start(296)) - d2e7743e-c73b-4378-b503-81e8ce35debb@group-1057A410B9AE: start as a follower, conf=-1: [d2e7743e-c73b-4378-b503-81e8ce35debb|rpc:10.1.0.41:37875|priority:1], old=null
2021-08-14 01:18:28,070 [pool-187-thread-1] INFO  server.RaftServer$Division (RaftServerImpl.java:setRole(285)) - d2e7743e-c73b-4378-b503-81e8ce35debb@group-1057A410B9AE: changes role from      null to FOLLOWER at term 0 for startAsFollower
2021-08-14 01:18:28,070 [pool-187-thread-1] INFO  impl.RoleInfo (RoleInfo.java:updateAndGet(130)) - d2e7743e-c73b-4378-b503-81e8ce35debb: start d2e7743e-c73b-4378-b503-81e8ce35debb@group-1057A410B9AE-FollowerState
2021-08-14 01:18:28,071 [pool-187-thread-1] INFO  util.JmxRegister (JmxRegister.java:tryRegister(44)) - Successfully registered JMX Bean with object name Ratis:service=RaftServer,group=group-1057A410B9AE,id=d2e7743e-c73b-4378-b503-81e8ce35debb
2021-08-14 01:18:28,071 [Command processor thread] INFO  ratis.XceiverServerRatis (XceiverServerRatis.java:addGroup(763)) - Created group PipelineID=7639f3a4-0f4e-4d59-a3c0-1057a410b9ae
2021-08-14 01:18:28,072 [Command processor thread] INFO  commandhandler.CreatePipelineCommandHandler (CreatePipelineCommandHandler.java:handle(106)) - Created Pipeline RATIS ONE PipelineID=7639f3a4-0f4e-4d59-a3c0-1057a410b9ae.
2021-08-14 01:18:28,076 [EventQueue-OpenPipelineForHealthyPipelineSafeModeRule] INFO  safemode.SCMSafeModeManager (HealthyPipelineSafeModeRule.java:process(124)) - SCM in safe mode. Healthy pipelines reported count is 0, required healthy pipeline reported count is 1
2021-08-14 01:18:28,141 [EventQueue-OpenPipelineForHealthyPipelineSafeModeRule] INFO  safemode.SCMSafeModeManager (HealthyPipelineSafeModeRule.java:process(124)) - SCM in safe mode. Healthy pipelines reported count is 0, required healthy pipeline reported count is 1
2021-08-14 01:18:28,171 [EventQueue-OpenPipelineForHealthyPipelineSafeModeRule] INFO  safemode.SCMSafeModeManager (HealthyPipelineSafeModeRule.java:process(124)) - SCM in safe mode. Healthy pipelines reported count is 0, required healthy pipeline reported count is 1
2021-08-14 01:18:28,192 [EventQueue-OpenPipelineForHealthyPipelineSafeModeRule] INFO  safemode.SCMSafeModeManager (HealthyPipelineSafeModeRule.java:process(124)) - SCM in safe mode. Healthy pipelines reported count is 0, required healthy pipeline reported count is 1
2021-08-14 01:18:28,213 [EventQueue-OpenPipelineForHealthyPipelineSafeModeRule] INFO  safemode.SCMSafeModeManager (HealthyPipelineSafeModeRule.java:process(124)) - SCM in safe mode. Healthy pipelines reported count is 0, required healthy pipeline reported count is 1
2021-08-14 01:18:28,233 [EventQueue-OpenPipelineForHealthyPipelineSafeModeRule] INFO  safemode.SCMSafeModeManager (HealthyPipelineSafeModeRule.java:process(124)) - SCM in safe mode. Healthy pipelines reported count is 0, required healthy pipeline reported count is 1
2021-08-14 01:18:28,371 [EventQueue-OpenPipelineForHealthyPipelineSafeModeRule] INFO  safemode.SCMSafeModeManager (HealthyPipelineSafeModeRule.java:process(124)) - SCM in safe mode. Healthy pipelines reported count is 0, required healthy pipeline reported count is 1
2021-08-14 01:18:28,372 [Command processor thread] INFO  server.RaftServer (RaftServerProxy.java:addNew(95)) - 27edb56d-b8db-4758-826e-c998f495671f: addNew group-2E89AFADE107:[27edb56d-b8db-4758-826e-c998f495671f|rpc:10.1.0.41:40033|priority:1] returns group-2E89AFADE107:java.util.concurrent.CompletableFuture@67a38170[Not completed]
2021-08-14 01:18:28,373 [pool-206-thread-1] INFO  server.RaftServer$Division (RaftServerImpl.java:<init>(181)) - 27edb56d-b8db-4758-826e-c998f495671f: new RaftServerImpl for group-2E89AFADE107:[27edb56d-b8db-4758-826e-c998f495671f|rpc:10.1.0.41:40033|priority:1] with ContainerStateMachine:uninitialized
2021-08-14 01:18:28,373 [pool-206-thread-1] INFO  server.RaftServerConfigKeys (ConfUtils.java:logGet(44)) - raft.server.rpc.timeout.min = 5s (custom)
2021-08-14 01:18:28,373 [pool-206-thread-1] INFO  server.RaftServerConfigKeys (ConfUtils.java:logGet(44)) - raft.server.rpc.timeout.max = 5200ms (custom)
2021-08-14 01:18:28,373 [pool-206-thread-1] INFO  server.RaftServerConfigKeys (ConfUtils.java:logGet(44)) - raft.server.rpc.sleep.time = 25ms (default)
2021-08-14 01:18:28,373 [pool-206-thread-1] INFO  server.RaftServerConfigKeys (ConfUtils.java:logGet(44)) - raft.server.rpc.slowness.timeout = 300000ms (custom)
2021-08-14 01:18:28,374 [pool-206-thread-1] INFO  server.RaftServerConfigKeys (ConfUtils.java:logGet(44)) - raft.server.leaderelection.leader.step-down.wait-time = 10s (default)
2021-08-14 01:18:28,374 [pool-206-thread-1] INFO  server.RaftServerConfigKeys (ConfUtils.java:logGet(44)) - raft.server.sleep.deviation.threshold = 300ms (default)
2021-08-14 01:18:28,374 [pool-206-thread-1] INFO  server.RaftServerConfigKeys (ConfUtils.java:logGet(44)) - raft.server.log.appender.install.snapshot.enabled = false (custom)
2021-08-14 01:18:28,374 [pool-206-thread-1] INFO  server.RaftServer$Division (ServerState.java:<init>(105)) - 27edb56d-b8db-4758-826e-c998f495671f@group-2E89AFADE107: ConfigurationManager, init=-1: [27edb56d-b8db-4758-826e-c998f495671f|rpc:10.1.0.41:40033|priority:1], old=null, confs=<EMPTY_MAP>
2021-08-14 01:18:28,374 [pool-206-thread-1] INFO  server.RaftServerConfigKeys (ConfUtils.java:logGet(44)) - raft.server.storage.dir = [/home/runner/work/ozone/ozone/hadoop-ozone/integration-test/target/test-dir/MiniOzoneClusterImpl-0159c105-9d83-42dd-92be-307c6655fab4/datanode-8/data/ratis] (custom)
2021-08-14 01:18:28,374 [pool-206-thread-1] INFO  server.RaftServerConfigKeys (ConfUtils.java:logGet(44)) - raft.server.log.corruption.policy = EXCEPTION (default)
2021-08-14 01:18:28,374 [pool-206-thread-1] INFO  server.RaftServerConfigKeys (ConfUtils.java:logGet(44)) - raft.server.storage.free-space.min = 0MB (=0) (default)
2021-08-14 01:18:28,374 [pool-206-thread-1] INFO  storage.RaftStorageDirectory (RaftStorageDirectoryImpl.java:analyzeStorage(135)) - The storage directory /home/runner/work/ozone/ozone/hadoop-ozone/integration-test/target/test-dir/MiniOzoneClusterImpl-0159c105-9d83-42dd-92be-307c6655fab4/datanode-8/data/ratis/71e40451-7c7a-4713-827c-2e89afade107 does not exist. Creating ...
2021-08-14 01:18:28,376 [pool-206-thread-1] INFO  storage.RaftStorageDirectory (RaftStorageDirectoryImpl.java:tryLock(230)) - Lock on /home/runner/work/ozone/ozone/hadoop-ozone/integration-test/target/test-dir/MiniOzoneClusterImpl-0159c105-9d83-42dd-92be-307c6655fab4/datanode-8/data/ratis/71e40451-7c7a-4713-827c-2e89afade107/in_use.lock acquired by nodename 682@fv-az395-768
2021-08-14 01:18:28,378 [pool-206-thread-1] INFO  storage.RaftStorage (RaftStorageImpl.java:format(89)) - Storage directory /home/runner/work/ozone/ozone/hadoop-ozone/integration-test/target/test-dir/MiniOzoneClusterImpl-0159c105-9d83-42dd-92be-307c6655fab4/datanode-8/data/ratis/71e40451-7c7a-4713-827c-2e89afade107 has been successfully formatted.
2021-08-14 01:18:28,379 [pool-206-thread-1] INFO  ratis.ContainerStateMachine (ContainerStateMachine.java:loadSnapshot(225)) - group-2E89AFADE107: The snapshot info is null. Setting the last applied indexto:(t:0, i:~)
2021-08-14 01:18:28,379 [pool-206-thread-1] INFO  server.RaftServerConfigKeys (ConfUtils.java:logGet(44)) - raft.server.notification.no-leader.timeout = 300000ms (custom)
2021-08-14 01:18:28,379 [pool-206-thread-1] INFO  server.RaftServerConfigKeys (ConfUtils.java:logGet(44)) - raft.server.log.use.memory = false (default)
2021-08-14 01:18:28,379 [pool-206-thread-1] INFO  server.RaftServerConfigKeys (ConfUtils.java:logGet(44)) - raft.server.log.purge.gap = 1000000 (custom)
2021-08-14 01:18:28,379 [pool-206-thread-1] INFO  server.RaftServerConfigKeys (ConfUtils.java:logGet(44)) - raft.server.log.appender.buffer.byte-limit = 33554432 (custom)
2021-08-14 01:18:28,379 [pool-206-thread-1] INFO  server.RaftServerConfigKeys (ConfUtils.java:logGet(44)) - raft.server.log.segment.size.max = 1048576 (custom)
2021-08-14 01:18:28,380 [pool-206-thread-1] INFO  server.RaftServerConfigKeys (ConfUtils.java:logGet(44)) - raft.server.log.segment.cache.num.max = 2 (custom)
2021-08-14 01:18:28,380 [pool-206-thread-1] INFO  server.RaftServerConfigKeys (ConfUtils.java:logGet(44)) - raft.server.log.segment.cache.size.max = 200MB (=209715200) (default)
2021-08-14 01:18:28,380 [pool-206-thread-1] INFO  segmented.SegmentedRaftLogWorker (SegmentedRaftLogWorker.java:<init>(182)) - new 27edb56d-b8db-4758-826e-c998f495671f@group-2E89AFADE107-SegmentedRaftLogWorker for RaftStorageImpl:Storage Directory /home/runner/work/ozone/ozone/hadoop-ozone/integration-test/target/test-dir/MiniOzoneClusterImpl-0159c105-9d83-42dd-92be-307c6655fab4/datanode-8/data/ratis/71e40451-7c7a-4713-827c-2e89afade107
2021-08-14 01:18:28,380 [pool-206-thread-1] INFO  server.RaftServerConfigKeys (ConfUtils.java:logGet(44)) - raft.server.log.queue.byte-limit = 2147483647 (custom)
2021-08-14 01:18:28,380 [pool-206-thread-1] INFO  server.RaftServerConfigKeys (ConfUtils.java:logGet(44)) - raft.server.log.queue.element-limit = 1024 (custom)
2021-08-14 01:18:28,380 [pool-206-thread-1] INFO  server.RaftServerConfigKeys (ConfUtils.java:logGet(44)) - raft.server.log.segment.size.max = 1048576 (custom)
2021-08-14 01:18:28,380 [pool-206-thread-1] INFO  server.RaftServerConfigKeys (ConfUtils.java:logGet(44)) - raft.server.log.preallocated.size = 16384 (custom)
2021-08-14 01:18:28,380 [pool-206-thread-1] INFO  server.RaftServerConfigKeys (ConfUtils.java:logGet(44)) - raft.server.log.force.sync.num = 128 (default)
2021-08-14 01:18:28,380 [pool-206-thread-1] INFO  server.RaftServerConfigKeys (ConfUtils.java:logGet(44)) - raft.server.log.statemachine.data.sync = true (default)
2021-08-14 01:18:28,380 [pool-206-thread-1] INFO  server.RaftServerConfigKeys (ConfUtils.java:logGet(44)) - raft.server.log.statemachine.data.sync.timeout = 10s (default)
2021-08-14 01:18:28,380 [pool-206-thread-1] INFO  server.RaftServerConfigKeys (ConfUtils.java:logGet(44)) - raft.server.log.statemachine.data.sync.timeout.retry = -1 (default)
2021-08-14 01:18:28,387 [EventQueue-PipelineReportForPipelineReportHandler] INFO  pipeline.PipelineManagerImpl (PipelineManagerImpl.java:openPipeline(283)) - Pipeline Pipeline[ Id: 71e40451-7c7a-4713-827c-2e89afade107, Nodes: 27edb56d-b8db-4758-826e-c998f495671f{ip: 10.1.0.41, host: fv-az395-768.zfmzfyrfkyou3ow0tsr0jxwq1e.bx.internal.cloudapp.net, ports: [REPLICATION=40945, RATIS=40033, RATIS_ADMIN=40033, RATIS_SERVER=40033, STANDALONE=43219], networkLocation: /default-rack, certSerialId: null, persistedOpState: IN_SERVICE, persistedOpStateExpiryEpochSec: 0}, ReplicationConfig: RATIS/ONE, State:ALLOCATED, leaderId:27edb56d-b8db-4758-826e-c998f495671f, CreationTimestamp2021-08-14T01:18:25.376Z[Etc/UTC]] moved to OPEN state
2021-08-14 01:18:28,388 [EventQueue-OpenPipelineForHealthyPipelineSafeModeRule] INFO  safemode.SCMSafeModeManager (HealthyPipelineSafeModeRule.java:process(124)) - SCM in safe mode. Healthy pipelines reported count is 0, required healthy pipeline reported count is 1
2021-08-14 01:18:28,389 [pool-206-thread-1] INFO  server.RaftServerConfigKeys (ConfUtils.java:logGet(44)) - raft.server.log.write.buffer.size = 1048576 (custom)
2021-08-14 01:18:28,393 [pool-206-thread-1] INFO  server.RaftServerConfigKeys (ConfUtils.java:logGet(44)) - raft.server.log.statemachine.data.caching.enabled = true (custom)
2021-08-14 01:18:28,394 [pool-206-thread-1] INFO  segmented.SegmentedRaftLogWorker (SegmentedRaftLogWorker.java:lambda$new$0(133)) - 27edb56d-b8db-4758-826e-c998f495671f@group-2E89AFADE107-SegmentedRaftLogWorker: flushIndex: setUnconditionally 0 -> -1
2021-08-14 01:18:28,394 [pool-206-thread-1] INFO  segmented.SegmentedRaftLogWorker (SegmentedRaftLogWorker.java:lambda$new$0(133)) - 27edb56d-b8db-4758-826e-c998f495671f@group-2E89AFADE107-SegmentedRaftLogWorker: safeCacheEvictIndex: setUnconditionally 0 -> -1
2021-08-14 01:18:28,400 [pool-206-thread-1] INFO  server.RaftServerConfigKeys (ConfUtils.java:logGet(44)) - raft.server.snapshot.auto.trigger.enabled = true (custom)
2021-08-14 01:18:28,400 [pool-206-thread-1] INFO  server.RaftServerConfigKeys (ConfUtils.java:logGet(44)) - raft.server.snapshot.auto.trigger.threshold = 1 (custom)
2021-08-14 01:18:28,400 [pool-206-thread-1] INFO  server.RaftServerConfigKeys (ConfUtils.java:logGet(44)) - raft.server.snapshot.retention.file.num = 5 (custom)
2021-08-14 01:18:28,400 [pool-206-thread-1] INFO  server.RaftServerConfigKeys (ConfUtils.java:logGet(44)) - raft.server.log.purge.upto.snapshot.index = false (default)
2021-08-14 01:18:28,400 [pool-206-thread-1] INFO  server.RaftServerConfigKeys (ConfUtils.java:logGet(44)) - raft.server.retrycache.expirytime = 600000ms (custom)
2021-08-14 01:18:28,400 [pool-206-thread-1] INFO  server.RaftServerConfigKeys (ConfUtils.java:logGet(44)) - raft.server.retrycache.statistics.expirytime = 100μs (default)
2021-08-14 01:18:28,401 [pool-206-thread-1] INFO  server.RaftServer$Division (RaftServerImpl.java:start(296)) - 27edb56d-b8db-4758-826e-c998f495671f@group-2E89AFADE107: start as a follower, conf=-1: [27edb56d-b8db-4758-826e-c998f495671f|rpc:10.1.0.41:40033|priority:1], old=null
2021-08-14 01:18:28,401 [pool-206-thread-1] INFO  server.RaftServer$Division (RaftServerImpl.java:setRole(285)) - 27edb56d-b8db-4758-826e-c998f495671f@group-2E89AFADE107: changes role from      null to FOLLOWER at term 0 for startAsFollower
2021-08-14 01:18:28,401 [pool-206-thread-1] INFO  impl.RoleInfo (RoleInfo.java:updateAndGet(130)) - 27edb56d-b8db-4758-826e-c998f495671f: start 27edb56d-b8db-4758-826e-c998f495671f@group-2E89AFADE107-FollowerState
2021-08-14 01:18:28,409 [pool-206-thread-1] INFO  util.JmxRegister (JmxRegister.java:tryRegister(44)) - Successfully registered JMX Bean with object name Ratis:service=RaftServer,group=group-2E89AFADE107,id=27edb56d-b8db-4758-826e-c998f495671f
2021-08-14 01:18:28,410 [Command processor thread] INFO  ratis.XceiverServerRatis (XceiverServerRatis.java:addGroup(763)) - Created group PipelineID=71e40451-7c7a-4713-827c-2e89afade107
2021-08-14 01:18:28,417 [Command processor thread] INFO  commandhandler.CreatePipelineCommandHandler (CreatePipelineCommandHandler.java:handle(106)) - Created Pipeline RATIS ONE PipelineID=71e40451-7c7a-4713-827c-2e89afade107.
2021-08-14 01:18:28,428 [EventQueue-OpenPipelineForHealthyPipelineSafeModeRule] INFO  safemode.SCMSafeModeManager (HealthyPipelineSafeModeRule.java:process(124)) - SCM in safe mode. Healthy pipelines reported count is 0, required healthy pipeline reported count is 1
2021-08-14 01:18:28,464 [EventQueue-OpenPipelineForHealthyPipelineSafeModeRule] INFO  safemode.SCMSafeModeManager (HealthyPipelineSafeModeRule.java:process(124)) - SCM in safe mode. Healthy pipelines reported count is 0, required healthy pipeline reported count is 1
2021-08-14 01:18:28,476 [EventQueue-OpenPipelineForHealthyPipelineSafeModeRule] INFO  safemode.SCMSafeModeManager (HealthyPipelineSafeModeRule.java:process(124)) - SCM in safe mode. Healthy pipelines reported count is 0, required healthy pipeline reported count is 1
2021-08-14 01:18:28,543 [EventQueue-OpenPipelineForHealthyPipelineSafeModeRule] INFO  safemode.SCMSafeModeManager (HealthyPipelineSafeModeRule.java:process(124)) - SCM in safe mode. Healthy pipelines reported count is 0, required healthy pipeline reported count is 1
2021-08-14 01:18:28,576 [Listener at 127.0.0.1/43663] INFO  ozone.MiniOzoneClusterImpl (MiniOzoneClusterImpl.java:lambda$waitForClusterToBeReady$0(235)) - Nodes are ready. Got 10 of 10 DN Heartbeats.
2021-08-14 01:18:28,577 [Listener at 127.0.0.1/43663] INFO  ozone.MiniOzoneClusterImpl (MiniOzoneClusterImpl.java:lambda$waitForClusterToBeReady$0(238)) - Waiting for cluster to exit safe mode
2021-08-14 01:18:28,577 [Listener at 127.0.0.1/43663] INFO  ozone.MiniOzoneClusterImpl (MiniOzoneClusterImpl.java:lambda$waitForClusterToBeReady$0(240)) - SCM became leader
2021-08-14 01:18:28,578 [Command processor thread] INFO  server.RaftServer (RaftServerProxy.java:addNew(95)) - 6d4cc11e-0f46-4203-aa45-beb00efbee6b: addNew group-FFC04936102B:[6d4cc11e-0f46-4203-aa45-beb00efbee6b|rpc:10.1.0.41:35207|priority:1] returns group-FFC04936102B:java.util.concurrent.CompletableFuture@7fcc2212[Not completed]
2021-08-14 01:18:28,580 [pool-225-thread-1] INFO  server.RaftServer$Division (RaftServerImpl.java:<init>(181)) - 6d4cc11e-0f46-4203-aa45-beb00efbee6b: new RaftServerImpl for group-FFC04936102B:[6d4cc11e-0f46-4203-aa45-beb00efbee6b|rpc:10.1.0.41:35207|priority:1] with ContainerStateMachine:uninitialized
2021-08-14 01:18:28,580 [pool-225-thread-1] INFO  server.RaftServerConfigKeys (ConfUtils.java:logGet(44)) - raft.server.rpc.timeout.min = 5s (custom)
2021-08-14 01:18:28,580 [pool-225-thread-1] INFO  server.RaftServerConfigKeys (ConfUtils.java:logGet(44)) - raft.server.rpc.timeout.max = 5200ms (custom)
2021-08-14 01:18:28,580 [pool-225-thread-1] INFO  server.RaftServerConfigKeys (ConfUtils.java:logGet(44)) - raft.server.rpc.sleep.time = 25ms (default)
2021-08-14 01:18:28,580 [pool-225-thread-1] INFO  server.RaftServerConfigKeys (ConfUtils.java:logGet(44)) - raft.server.rpc.slowness.timeout = 300000ms (custom)
2021-08-14 01:18:28,580 [pool-225-thread-1] INFO  server.RaftServerConfigKeys (ConfUtils.java:logGet(44)) - raft.server.leaderelection.leader.step-down.wait-time = 10s (default)
2021-08-14 01:18:28,580 [pool-225-thread-1] INFO  server.RaftServerConfigKeys (ConfUtils.java:logGet(44)) - raft.server.sleep.deviation.threshold = 300ms (default)
2021-08-14 01:18:28,580 [pool-225-thread-1] INFO  server.RaftServerConfigKeys (ConfUtils.java:logGet(44)) - raft.server.log.appender.install.snapshot.enabled = false (custom)
2021-08-14 01:18:28,580 [pool-225-thread-1] INFO  server.RaftServer$Division (ServerState.java:<init>(105)) - 6d4cc11e-0f46-4203-aa45-beb00efbee6b@group-FFC04936102B: ConfigurationManager, init=-1: [6d4cc11e-0f46-4203-aa45-beb00efbee6b|rpc:10.1.0.41:35207|priority:1], old=null, confs=<EMPTY_MAP>
2021-08-14 01:18:28,580 [pool-225-thread-1] INFO  server.RaftServerConfigKeys (ConfUtils.java:logGet(44)) - raft.server.storage.dir = [/home/runner/work/ozone/ozone/hadoop-ozone/integration-test/target/test-dir/MiniOzoneClusterImpl-0159c105-9d83-42dd-92be-307c6655fab4/datanode-9/data/ratis] (custom)
2021-08-14 01:18:28,581 [pool-225-thread-1] INFO  server.RaftServerConfigKeys (ConfUtils.java:logGet(44)) - raft.server.log.corruption.policy = EXCEPTION (default)
2021-08-14 01:18:28,581 [pool-225-thread-1] INFO  server.RaftServerConfigKeys (ConfUtils.java:logGet(44)) - raft.server.storage.free-space.min = 0MB (=0) (default)
2021-08-14 01:18:28,581 [pool-225-thread-1] INFO  storage.RaftStorageDirectory (RaftStorageDirectoryImpl.java:analyzeStorage(135)) - The storage directory /home/runner/work/ozone/ozone/hadoop-ozone/integration-test/target/test-dir/MiniOzoneClusterImpl-0159c105-9d83-42dd-92be-307c6655fab4/datanode-9/data/ratis/080545db-f263-4919-8338-ffc04936102b does not exist. Creating ...
2021-08-14 01:18:28,582 [pool-225-thread-1] INFO  storage.RaftStorageDirectory (RaftStorageDirectoryImpl.java:tryLock(230)) - Lock on /home/runner/work/ozone/ozone/hadoop-ozone/integration-test/target/test-dir/MiniOzoneClusterImpl-0159c105-9d83-42dd-92be-307c6655fab4/datanode-9/data/ratis/080545db-f263-4919-8338-ffc04936102b/in_use.lock acquired by nodename 682@fv-az395-768
2021-08-14 01:18:28,584 [pool-225-thread-1] INFO  storage.RaftStorage (RaftStorageImpl.java:format(89)) - Storage directory /home/runner/work/ozone/ozone/hadoop-ozone/integration-test/target/test-dir/MiniOzoneClusterImpl-0159c105-9d83-42dd-92be-307c6655fab4/datanode-9/data/ratis/080545db-f263-4919-8338-ffc04936102b has been successfully formatted.
2021-08-14 01:18:28,587 [EventQueue-OpenPipelineForHealthyPipelineSafeModeRule] INFO  safemode.SCMSafeModeManager (HealthyPipelineSafeModeRule.java:process(124)) - SCM in safe mode. Healthy pipelines reported count is 0, required healthy pipeline reported count is 1
2021-08-14 01:18:28,588 [pool-225-thread-1] INFO  ratis.ContainerStateMachine (ContainerStateMachine.java:loadSnapshot(225)) - group-FFC04936102B: The snapshot info is null. Setting the last applied indexto:(t:0, i:~)
2021-08-14 01:18:28,588 [pool-225-thread-1] INFO  server.RaftServerConfigKeys (ConfUtils.java:logGet(44)) - raft.server.notification.no-leader.timeout = 300000ms (custom)
2021-08-14 01:18:28,588 [pool-225-thread-1] INFO  server.RaftServerConfigKeys (ConfUtils.java:logGet(44)) - raft.server.log.use.memory = false (default)
2021-08-14 01:18:28,588 [pool-225-thread-1] INFO  server.RaftServerConfigKeys (ConfUtils.java:logGet(44)) - raft.server.log.purge.gap = 1000000 (custom)
2021-08-14 01:18:28,589 [EventQueue-PipelineReportForPipelineReportHandler] INFO  pipeline.PipelineManagerImpl (PipelineManagerImpl.java:openPipeline(283)) - Pipeline Pipeline[ Id: 080545db-f263-4919-8338-ffc04936102b, Nodes: 6d4cc11e-0f46-4203-aa45-beb00efbee6b{ip: 10.1.0.41, host: fv-az395-768.zfmzfyrfkyou3ow0tsr0jxwq1e.bx.internal.cloudapp.net, ports: [REPLICATION=35319, RATIS=35207, RATIS_ADMIN=35207, RATIS_SERVER=35207, STANDALONE=34229], networkLocation: /default-rack, certSerialId: null, persistedOpState: IN_SERVICE, persistedOpStateExpiryEpochSec: 0}, ReplicationConfig: RATIS/ONE, State:ALLOCATED, leaderId:6d4cc11e-0f46-4203-aa45-beb00efbee6b, CreationTimestamp2021-08-14T01:18:25.582Z[Etc/UTC]] moved to OPEN state
2021-08-14 01:18:28,589 [EventQueue-OpenPipelineForHealthyPipelineSafeModeRule] INFO  safemode.SCMSafeModeManager (HealthyPipelineSafeModeRule.java:process(124)) - SCM in safe mode. Healthy pipelines reported count is 0, required healthy pipeline reported count is 1
2021-08-14 01:18:28,591 [pool-225-thread-1] INFO  server.RaftServerConfigKeys (ConfUtils.java:logGet(44)) - raft.server.log.appender.buffer.byte-limit = 33554432 (custom)
2021-08-14 01:18:28,592 [pool-225-thread-1] INFO  server.RaftServerConfigKeys (ConfUtils.java:logGet(44)) - raft.server.log.segment.size.max = 1048576 (custom)
2021-08-14 01:18:28,592 [pool-225-thread-1] INFO  server.RaftServerConfigKeys (ConfUtils.java:logGet(44)) - raft.server.log.segment.cache.num.max = 2 (custom)
2021-08-14 01:18:28,592 [pool-225-thread-1] INFO  server.RaftServerConfigKeys (ConfUtils.java:logGet(44)) - raft.server.log.segment.cache.size.max = 200MB (=209715200) (default)
2021-08-14 01:18:28,592 [pool-225-thread-1] INFO  segmented.SegmentedRaftLogWorker (SegmentedRaftLogWorker.java:<init>(182)) - new 6d4cc11e-0f46-4203-aa45-beb00efbee6b@group-FFC04936102B-SegmentedRaftLogWorker for RaftStorageImpl:Storage Directory /home/runner/work/ozone/ozone/hadoop-ozone/integration-test/target/test-dir/MiniOzoneClusterImpl-0159c105-9d83-42dd-92be-307c6655fab4/datanode-9/data/ratis/080545db-f263-4919-8338-ffc04936102b
2021-08-14 01:18:28,592 [pool-225-thread-1] INFO  server.RaftServerConfigKeys (ConfUtils.java:logGet(44)) - raft.server.log.queue.byte-limit = 2147483647 (custom)
2021-08-14 01:18:28,592 [pool-225-thread-1] INFO  server.RaftServerConfigKeys (ConfUtils.java:logGet(44)) - raft.server.log.queue.element-limit = 1024 (custom)
2021-08-14 01:18:28,592 [pool-225-thread-1] INFO  server.RaftServerConfigKeys (ConfUtils.java:logGet(44)) - raft.server.log.segment.size.max = 1048576 (custom)
2021-08-14 01:18:28,593 [pool-225-thread-1] INFO  server.RaftServerConfigKeys (ConfUtils.java:logGet(44)) - raft.server.log.preallocated.size = 16384 (custom)
2021-08-14 01:18:28,593 [pool-225-thread-1] INFO  server.RaftServerConfigKeys (ConfUtils.java:logGet(44)) - raft.server.log.force.sync.num = 128 (default)
2021-08-14 01:18:28,593 [pool-225-thread-1] INFO  server.RaftServerConfigKeys (ConfUtils.java:logGet(44)) - raft.server.log.statemachine.data.sync = true (default)
2021-08-14 01:18:28,593 [pool-225-thread-1] INFO  server.RaftServerConfigKeys (ConfUtils.java:logGet(44)) - raft.server.log.statemachine.data.sync.timeout = 10s (default)
2021-08-14 01:18:28,593 [pool-225-thread-1] INFO  server.RaftServerConfigKeys (ConfUtils.java:logGet(44)) - raft.server.log.statemachine.data.sync.timeout.retry = -1 (default)
2021-08-14 01:18:28,594 [pool-225-thread-1] INFO  server.RaftServerConfigKeys (ConfUtils.java:logGet(44)) - raft.server.log.write.buffer.size = 1048576 (custom)
2021-08-14 01:18:28,594 [pool-225-thread-1] INFO  server.RaftServerConfigKeys (ConfUtils.java:logGet(44)) - raft.server.log.statemachine.data.caching.enabled = true (custom)
2021-08-14 01:18:28,594 [pool-225-thread-1] INFO  segmented.SegmentedRaftLogWorker (SegmentedRaftLogWorker.java:lambda$new$0(133)) - 6d4cc11e-0f46-4203-aa45-beb00efbee6b@group-FFC04936102B-SegmentedRaftLogWorker: flushIndex: setUnconditionally 0 -> -1
2021-08-14 01:18:28,594 [pool-225-thread-1] INFO  segmented.SegmentedRaftLogWorker (SegmentedRaftLogWorker.java:lambda$new$0(133)) - 6d4cc11e-0f46-4203-aa45-beb00efbee6b@group-FFC04936102B-SegmentedRaftLogWorker: safeCacheEvictIndex: setUnconditionally 0 -> -1
2021-08-14 01:18:28,598 [pool-225-thread-1] INFO  server.RaftServerConfigKeys (ConfUtils.java:logGet(44)) - raft.server.snapshot.auto.trigger.enabled = true (custom)
2021-08-14 01:18:28,598 [pool-225-thread-1] INFO  server.RaftServerConfigKeys (ConfUtils.java:logGet(44)) - raft.server.snapshot.auto.trigger.threshold = 1 (custom)
2021-08-14 01:18:28,598 [pool-225-thread-1] INFO  server.RaftServerConfigKeys (ConfUtils.java:logGet(44)) - raft.server.snapshot.retention.file.num = 5 (custom)
2021-08-14 01:18:28,598 [pool-225-thread-1] INFO  server.RaftServerConfigKeys (ConfUtils.java:logGet(44)) - raft.server.log.purge.upto.snapshot.index = false (default)
2021-08-14 01:18:28,598 [pool-225-thread-1] INFO  server.RaftServerConfigKeys (ConfUtils.java:logGet(44)) - raft.server.retrycache.expirytime = 600000ms (custom)
2021-08-14 01:18:28,598 [pool-225-thread-1] INFO  server.RaftServerConfigKeys (ConfUtils.java:logGet(44)) - raft.server.retrycache.statistics.expirytime = 100μs (default)
2021-08-14 01:18:28,599 [EventQueue-OpenPipelineForHealthyPipelineSafeModeRule] INFO  safemode.SCMSafeModeManager (HealthyPipelineSafeModeRule.java:process(124)) - SCM in safe mode. Healthy pipelines reported count is 0, required healthy pipeline reported count is 1
2021-08-14 01:18:28,600 [pool-225-thread-1] INFO  server.RaftServer$Division (RaftServerImpl.java:start(296)) - 6d4cc11e-0f46-4203-aa45-beb00efbee6b@group-FFC04936102B: start as a follower, conf=-1: [6d4cc11e-0f46-4203-aa45-beb00efbee6b|rpc:10.1.0.41:35207|priority:1], old=null
2021-08-14 01:18:28,600 [pool-225-thread-1] INFO  server.RaftServer$Division (RaftServerImpl.java:setRole(285)) - 6d4cc11e-0f46-4203-aa45-beb00efbee6b@group-FFC04936102B: changes role from      null to FOLLOWER at term 0 for startAsFollower
2021-08-14 01:18:28,601 [pool-225-thread-1] INFO  impl.RoleInfo (RoleInfo.java:updateAndGet(130)) - 6d4cc11e-0f46-4203-aa45-beb00efbee6b: start 6d4cc11e-0f46-4203-aa45-beb00efbee6b@group-FFC04936102B-FollowerState
2021-08-14 01:18:28,601 [pool-225-thread-1] INFO  util.JmxRegister (JmxRegister.java:tryRegister(44)) - Successfully registered JMX Bean with object name Ratis:service=RaftServer,group=group-FFC04936102B,id=6d4cc11e-0f46-4203-aa45-beb00efbee6b
2021-08-14 01:18:28,602 [Command processor thread] INFO  ratis.XceiverServerRatis (XceiverServerRatis.java:addGroup(763)) - Created group PipelineID=080545db-f263-4919-8338-ffc04936102b
2021-08-14 01:18:28,602 [Command processor thread] INFO  commandhandler.CreatePipelineCommandHandler (CreatePipelineCommandHandler.java:handle(106)) - Created Pipeline RATIS ONE PipelineID=080545db-f263-4919-8338-ffc04936102b.
2021-08-14 01:18:28,618 [EventQueue-OpenPipelineForHealthyPipelineSafeModeRule] INFO  safemode.SCMSafeModeManager (HealthyPipelineSafeModeRule.java:process(124)) - SCM in safe mode. Healthy pipelines reported count is 0, required healthy pipeline reported count is 1
2021-08-14 01:18:28,628 [EventQueue-OpenPipelineForHealthyPipelineSafeModeRule] INFO  safemode.SCMSafeModeManager (HealthyPipelineSafeModeRule.java:process(124)) - SCM in safe mode. Healthy pipelines reported count is 0, required healthy pipeline reported count is 1
2021-08-14 01:18:28,633 [EventQueue-OpenPipelineForHealthyPipelineSafeModeRule] INFO  safemode.SCMSafeModeManager (HealthyPipelineSafeModeRule.java:process(124)) - SCM in safe mode. Healthy pipelines reported count is 0, required healthy pipeline reported count is 1
2021-08-14 01:18:28,665 [EventQueue-OpenPipelineForHealthyPipelineSafeModeRule] INFO  safemode.SCMSafeModeManager (HealthyPipelineSafeModeRule.java:process(124)) - SCM in safe mode. Healthy pipelines reported count is 0, required healthy pipeline reported count is 1
2021-08-14 01:18:28,743 [EventQueue-OpenPipelineForHealthyPipelineSafeModeRule] INFO  safemode.SCMSafeModeManager (HealthyPipelineSafeModeRule.java:process(124)) - SCM in safe mode. Healthy pipelines reported count is 0, required healthy pipeline reported count is 1
2021-08-14 01:18:28,772 [EventQueue-OpenPipelineForHealthyPipelineSafeModeRule] INFO  safemode.SCMSafeModeManager (HealthyPipelineSafeModeRule.java:process(124)) - SCM in safe mode. Healthy pipelines reported count is 0, required healthy pipeline reported count is 1
2021-08-14 01:18:28,787 [EventQueue-OpenPipelineForHealthyPipelineSafeModeRule] INFO  safemode.SCMSafeModeManager (HealthyPipelineSafeModeRule.java:process(124)) - SCM in safe mode. Healthy pipelines reported count is 0, required healthy pipeline reported count is 1
2021-08-14 01:18:28,789 [EventQueue-OpenPipelineForHealthyPipelineSafeModeRule] INFO  safemode.SCMSafeModeManager (HealthyPipelineSafeModeRule.java:process(124)) - SCM in safe mode. Healthy pipelines reported count is 0, required healthy pipeline reported count is 1
2021-08-14 01:18:28,800 [EventQueue-OpenPipelineForHealthyPipelineSafeModeRule] INFO  safemode.SCMSafeModeManager (HealthyPipelineSafeModeRule.java:process(124)) - SCM in safe mode. Healthy pipelines reported count is 0, required healthy pipeline reported count is 1
2021-08-14 01:18:28,834 [EventQueue-OpenPipelineForHealthyPipelineSafeModeRule] INFO  safemode.SCMSafeModeManager (HealthyPipelineSafeModeRule.java:process(124)) - SCM in safe mode. Healthy pipelines reported count is 0, required healthy pipeline reported count is 1
2021-08-14 01:18:28,866 [EventQueue-OpenPipelineForHealthyPipelineSafeModeRule] INFO  safemode.SCMSafeModeManager (HealthyPipelineSafeModeRule.java:process(124)) - SCM in safe mode. Healthy pipelines reported count is 0, required healthy pipeline reported count is 1
2021-08-14 01:18:28,878 [EventQueue-OpenPipelineForHealthyPipelineSafeModeRule] INFO  safemode.SCMSafeModeManager (HealthyPipelineSafeModeRule.java:process(124)) - SCM in safe mode. Healthy pipelines reported count is 0, required healthy pipeline reported count is 1
2021-08-14 01:18:28,943 [EventQueue-OpenPipelineForHealthyPipelineSafeModeRule] INFO  safemode.SCMSafeModeManager (HealthyPipelineSafeModeRule.java:process(124)) - SCM in safe mode. Healthy pipelines reported count is 0, required healthy pipeline reported count is 1
2021-08-14 01:18:28,972 [EventQueue-OpenPipelineForHealthyPipelineSafeModeRule] INFO  safemode.SCMSafeModeManager (HealthyPipelineSafeModeRule.java:process(124)) - SCM in safe mode. Healthy pipelines reported count is 0, required healthy pipeline reported count is 1
2021-08-14 01:18:29,019 [EventQueue-OpenPipelineForHealthyPipelineSafeModeRule] INFO  safemode.SCMSafeModeManager (HealthyPipelineSafeModeRule.java:process(124)) - SCM in safe mode. Healthy pipelines reported count is 0, required healthy pipeline reported count is 1
2021-08-14 01:18:29,028 [EventQueue-OpenPipelineForHealthyPipelineSafeModeRule] INFO  safemode.SCMSafeModeManager (HealthyPipelineSafeModeRule.java:process(124)) - SCM in safe mode. Healthy pipelines reported count is 0, required healthy pipeline reported count is 1
2021-08-14 01:18:29,079 [EventQueue-OpenPipelineForHealthyPipelineSafeModeRule] INFO  safemode.SCMSafeModeManager (HealthyPipelineSafeModeRule.java:process(124)) - SCM in safe mode. Healthy pipelines reported count is 0, required healthy pipeline reported count is 1
2021-08-14 01:18:29,174 [EventQueue-OpenPipelineForHealthyPipelineSafeModeRule] INFO  safemode.SCMSafeModeManager (HealthyPipelineSafeModeRule.java:process(124)) - SCM in safe mode. Healthy pipelines reported count is 0, required healthy pipeline reported count is 1
2021-08-14 01:18:29,187 [EventQueue-OpenPipelineForHealthyPipelineSafeModeRule] INFO  safemode.SCMSafeModeManager (HealthyPipelineSafeModeRule.java:process(124)) - SCM in safe mode. Healthy pipelines reported count is 0, required healthy pipeline reported count is 1
2021-08-14 01:18:29,190 [EventQueue-OpenPipelineForHealthyPipelineSafeModeRule] INFO  safemode.SCMSafeModeManager (HealthyPipelineSafeModeRule.java:process(124)) - SCM in safe mode. Healthy pipelines reported count is 0, required healthy pipeline reported count is 1
2021-08-14 01:18:29,200 [EventQueue-OpenPipelineForHealthyPipelineSafeModeRule] INFO  safemode.SCMSafeModeManager (HealthyPipelineSafeModeRule.java:process(124)) - SCM in safe mode. Healthy pipelines reported count is 0, required healthy pipeline reported count is 1
2021-08-14 01:18:29,220 [EventQueue-OpenPipelineForHealthyPipelineSafeModeRule] INFO  safemode.SCMSafeModeManager (HealthyPipelineSafeModeRule.java:process(124)) - SCM in safe mode. Healthy pipelines reported count is 0, required healthy pipeline reported count is 1
2021-08-14 01:18:29,228 [EventQueue-OpenPipelineForHealthyPipelineSafeModeRule] INFO  safemode.SCMSafeModeManager (HealthyPipelineSafeModeRule.java:process(124)) - SCM in safe mode. Healthy pipelines reported count is 0, required healthy pipeline reported count is 1
2021-08-14 01:18:29,233 [EventQueue-OpenPipelineForHealthyPipelineSafeModeRule] INFO  safemode.SCMSafeModeManager (HealthyPipelineSafeModeRule.java:process(124)) - SCM in safe mode. Healthy pipelines reported count is 0, required healthy pipeline reported count is 1
2021-08-14 01:18:29,267 [EventQueue-OpenPipelineForHealthyPipelineSafeModeRule] INFO  safemode.SCMSafeModeManager (HealthyPipelineSafeModeRule.java:process(124)) - SCM in safe mode. Healthy pipelines reported count is 0, required healthy pipeline reported count is 1
2021-08-14 01:18:29,277 [EventQueue-OpenPipelineForHealthyPipelineSafeModeRule] INFO  safemode.SCMSafeModeManager (HealthyPipelineSafeModeRule.java:process(124)) - SCM in safe mode. Healthy pipelines reported count is 0, required healthy pipeline reported count is 1
2021-08-14 01:18:29,344 [EventQueue-OpenPipelineForHealthyPipelineSafeModeRule] INFO  safemode.SCMSafeModeManager (HealthyPipelineSafeModeRule.java:process(124)) - SCM in safe mode. Healthy pipelines reported count is 0, required healthy pipeline reported count is 1
2021-08-14 01:18:29,387 [EventQueue-OpenPipelineForHealthyPipelineSafeModeRule] INFO  safemode.SCMSafeModeManager (HealthyPipelineSafeModeRule.java:process(124)) - SCM in safe mode. Healthy pipelines reported count is 0, required healthy pipeline reported count is 1
2021-08-14 01:18:29,390 [EventQueue-OpenPipelineForHealthyPipelineSafeModeRule] INFO  safemode.SCMSafeModeManager (HealthyPipelineSafeModeRule.java:process(124)) - SCM in safe mode. Healthy pipelines reported count is 0, required healthy pipeline reported count is 1
2021-08-14 01:18:29,419 [EventQueue-OpenPipelineForHealthyPipelineSafeModeRule] INFO  safemode.SCMSafeModeManager (HealthyPipelineSafeModeRule.java:process(124)) - SCM in safe mode. Healthy pipelines reported count is 0, required healthy pipeline reported count is 1
2021-08-14 01:18:29,433 [EventQueue-OpenPipelineForHealthyPipelineSafeModeRule] INFO  safemode.SCMSafeModeManager (HealthyPipelineSafeModeRule.java:process(124)) - SCM in safe mode. Healthy pipelines reported count is 0, required healthy pipeline reported count is 1
2021-08-14 01:18:29,468 [EventQueue-OpenPipelineForHealthyPipelineSafeModeRule] INFO  safemode.SCMSafeModeManager (HealthyPipelineSafeModeRule.java:process(124)) - SCM in safe mode. Healthy pipelines reported count is 0, required healthy pipeline reported count is 1
2021-08-14 01:18:29,477 [EventQueue-OpenPipelineForHealthyPipelineSafeModeRule] INFO  safemode.SCMSafeModeManager (HealthyPipelineSafeModeRule.java:process(124)) - SCM in safe mode. Healthy pipelines reported count is 0, required healthy pipeline reported count is 1
2021-08-14 01:18:29,543 [EventQueue-OpenPipelineForHealthyPipelineSafeModeRule] INFO  safemode.SCMSafeModeManager (HealthyPipelineSafeModeRule.java:process(124)) - SCM in safe mode. Healthy pipelines reported count is 0, required healthy pipeline reported count is 1
2021-08-14 01:18:29,575 [EventQueue-OpenPipelineForHealthyPipelineSafeModeRule] INFO  safemode.SCMSafeModeManager (HealthyPipelineSafeModeRule.java:process(124)) - SCM in safe mode. Healthy pipelines reported count is 0, required healthy pipeline reported count is 1
2021-08-14 01:18:29,577 [Listener at 127.0.0.1/43663] INFO  ozone.MiniOzoneClusterImpl (MiniOzoneClusterImpl.java:lambda$waitForClusterToBeReady$0(235)) - Nodes are ready. Got 10 of 10 DN Heartbeats.
2021-08-14 01:18:29,577 [Listener at 127.0.0.1/43663] INFO  ozone.MiniOzoneClusterImpl (MiniOzoneClusterImpl.java:lambda$waitForClusterToBeReady$0(238)) - Waiting for cluster to exit safe mode
2021-08-14 01:18:29,577 [Listener at 127.0.0.1/43663] INFO  ozone.MiniOzoneClusterImpl (MiniOzoneClusterImpl.java:lambda$waitForClusterToBeReady$0(240)) - SCM became leader
2021-08-14 01:18:29,587 [EventQueue-OpenPipelineForHealthyPipelineSafeModeRule] INFO  safemode.SCMSafeModeManager (HealthyPipelineSafeModeRule.java:process(124)) - SCM in safe mode. Healthy pipelines reported count is 0, required healthy pipeline reported count is 1
2021-08-14 01:18:29,600 [EventQueue-OpenPipelineForHealthyPipelineSafeModeRule] INFO  safemode.SCMSafeModeManager (HealthyPipelineSafeModeRule.java:process(124)) - SCM in safe mode. Healthy pipelines reported count is 0, required healthy pipeline reported count is 1
2021-08-14 01:18:29,619 [EventQueue-OpenPipelineForHealthyPipelineSafeModeRule] INFO  safemode.SCMSafeModeManager (HealthyPipelineSafeModeRule.java:process(124)) - SCM in safe mode. Healthy pipelines reported count is 0, required healthy pipeline reported count is 1
2021-08-14 01:18:29,629 [EventQueue-OpenPipelineForHealthyPipelineSafeModeRule] INFO  safemode.SCMSafeModeManager (HealthyPipelineSafeModeRule.java:process(124)) - SCM in safe mode. Healthy pipelines reported count is 0, required healthy pipeline reported count is 1
2021-08-14 01:18:29,633 [EventQueue-OpenPipelineForHealthyPipelineSafeModeRule] INFO  safemode.SCMSafeModeManager (HealthyPipelineSafeModeRule.java:process(124)) - SCM in safe mode. Healthy pipelines reported count is 0, required healthy pipeline reported count is 1
2021-08-14 01:18:29,743 [EventQueue-OpenPipelineForHealthyPipelineSafeModeRule] INFO  safemode.SCMSafeModeManager (HealthyPipelineSafeModeRule.java:process(124)) - SCM in safe mode. Healthy pipelines reported count is 0, required healthy pipeline reported count is 1
2021-08-14 01:18:29,787 [EventQueue-OpenPipelineForHealthyPipelineSafeModeRule] INFO  safemode.SCMSafeModeManager (HealthyPipelineSafeModeRule.java:process(124)) - SCM in safe mode. Healthy pipelines reported count is 0, required healthy pipeline reported count is 1
2021-08-14 01:18:29,790 [EventQueue-OpenPipelineForHealthyPipelineSafeModeRule] INFO  safemode.SCMSafeModeManager (HealthyPipelineSafeModeRule.java:process(124)) - SCM in safe mode. Healthy pipelines reported count is 0, required healthy pipeline reported count is 1
2021-08-14 01:18:29,800 [EventQueue-OpenPipelineForHealthyPipelineSafeModeRule] INFO  safemode.SCMSafeModeManager (HealthyPipelineSafeModeRule.java:process(124)) - SCM in safe mode. Healthy pipelines reported count is 0, required healthy pipeline reported count is 1
2021-08-14 01:18:29,829 [EventQueue-OpenPipelineForHealthyPipelineSafeModeRule] INFO  safemode.SCMSafeModeManager (HealthyPipelineSafeModeRule.java:process(124)) - SCM in safe mode. Healthy pipelines reported count is 0, required healthy pipeline reported count is 1
2021-08-14 01:18:29,867 [EventQueue-OpenPipelineForHealthyPipelineSafeModeRule] INFO  safemode.SCMSafeModeManager (HealthyPipelineSafeModeRule.java:process(124)) - SCM in safe mode. Healthy pipelines reported count is 0, required healthy pipeline reported count is 1
2021-08-14 01:18:29,880 [EventQueue-OpenPipelineForHealthyPipelineSafeModeRule] INFO  safemode.SCMSafeModeManager (HealthyPipelineSafeModeRule.java:process(124)) - SCM in safe mode. Healthy pipelines reported count is 0, required healthy pipeline reported count is 1
2021-08-14 01:18:29,943 [EventQueue-OpenPipelineForHealthyPipelineSafeModeRule] INFO  safemode.SCMSafeModeManager (HealthyPipelineSafeModeRule.java:process(124)) - SCM in safe mode. Healthy pipelines reported count is 0, required healthy pipeline reported count is 1
2021-08-14 01:18:29,977 [EventQueue-OpenPipelineForHealthyPipelineSafeModeRule] INFO  safemode.SCMSafeModeManager (HealthyPipelineSafeModeRule.java:process(124)) - SCM in safe mode. Healthy pipelines reported count is 0, required healthy pipeline reported count is 1
2021-08-14 01:18:29,990 [EventQueue-OpenPipelineForHealthyPipelineSafeModeRule] INFO  safemode.SCMSafeModeManager (HealthyPipelineSafeModeRule.java:process(124)) - SCM in safe mode. Healthy pipelines reported count is 0, required healthy pipeline reported count is 1
2021-08-14 01:18:30,000 [EventQueue-OpenPipelineForHealthyPipelineSafeModeRule] INFO  safemode.SCMSafeModeManager (HealthyPipelineSafeModeRule.java:process(124)) - SCM in safe mode. Healthy pipelines reported count is 0, required healthy pipeline reported count is 1
2021-08-14 01:18:30,019 [EventQueue-OpenPipelineForHealthyPipelineSafeModeRule] INFO  safemode.SCMSafeModeManager (HealthyPipelineSafeModeRule.java:process(124)) - SCM in safe mode. Healthy pipelines reported count is 0, required healthy pipeline reported count is 1
2021-08-14 01:18:30,033 [EventQueue-OpenPipelineForHealthyPipelineSafeModeRule] INFO  safemode.SCMSafeModeManager (HealthyPipelineSafeModeRule.java:process(124)) - SCM in safe mode. Healthy pipelines reported count is 0, required healthy pipeline reported count is 1
2021-08-14 01:18:30,175 [EventQueue-OpenPipelineForHealthyPipelineSafeModeRule] INFO  safemode.SCMSafeModeManager (HealthyPipelineSafeModeRule.java:process(124)) - SCM in safe mode. Healthy pipelines reported count is 0, required healthy pipeline reported count is 1
2021-08-14 01:18:30,188 [EventQueue-OpenPipelineForHealthyPipelineSafeModeRule] INFO  safemode.SCMSafeModeManager (HealthyPipelineSafeModeRule.java:process(124)) - SCM in safe mode. Healthy pipelines reported count is 0, required healthy pipeline reported count is 1
2021-08-14 01:18:30,199 [EventQueue-OpenPipelineForHealthyPipelineSafeModeRule] INFO  safemode.SCMSafeModeManager (HealthyPipelineSafeModeRule.java:process(124)) - SCM in safe mode. Healthy pipelines reported count is 0, required healthy pipeline reported count is 1
2021-08-14 01:18:30,219 [EventQueue-OpenPipelineForHealthyPipelineSafeModeRule] INFO  safemode.SCMSafeModeManager (HealthyPipelineSafeModeRule.java:process(124)) - SCM in safe mode. Healthy pipelines reported count is 0, required healthy pipeline reported count is 1
2021-08-14 01:18:30,229 [EventQueue-OpenPipelineForHealthyPipelineSafeModeRule] INFO  safemode.SCMSafeModeManager (HealthyPipelineSafeModeRule.java:process(124)) - SCM in safe mode. Healthy pipelines reported count is 0, required healthy pipeline reported count is 1
2021-08-14 01:18:30,232 [EventQueue-OpenPipelineForHealthyPipelineSafeModeRule] INFO  safemode.SCMSafeModeManager (HealthyPipelineSafeModeRule.java:process(124)) - SCM in safe mode. Healthy pipelines reported count is 0, required healthy pipeline reported count is 1
2021-08-14 01:18:30,267 [EventQueue-OpenPipelineForHealthyPipelineSafeModeRule] INFO  safemode.SCMSafeModeManager (HealthyPipelineSafeModeRule.java:process(124)) - SCM in safe mode. Healthy pipelines reported count is 0, required healthy pipeline reported count is 1
2021-08-14 01:18:30,280 [EventQueue-OpenPipelineForHealthyPipelineSafeModeRule] INFO  safemode.SCMSafeModeManager (HealthyPipelineSafeModeRule.java:process(124)) - SCM in safe mode. Healthy pipelines reported count is 0, required healthy pipeline reported count is 1
2021-08-14 01:18:30,344 [EventQueue-OpenPipelineForHealthyPipelineSafeModeRule] INFO  safemode.SCMSafeModeManager (HealthyPipelineSafeModeRule.java:process(124)) - SCM in safe mode. Healthy pipelines reported count is 0, required healthy pipeline reported count is 1
2021-08-14 01:18:30,375 [EventQueue-OpenPipelineForHealthyPipelineSafeModeRule] INFO  safemode.SCMSafeModeManager (HealthyPipelineSafeModeRule.java:process(124)) - SCM in safe mode. Healthy pipelines reported count is 0, required healthy pipeline reported count is 1
2021-08-14 01:18:30,387 [EventQueue-OpenPipelineForHealthyPipelineSafeModeRule] INFO  safemode.SCMSafeModeManager (HealthyPipelineSafeModeRule.java:process(124)) - SCM in safe mode. Healthy pipelines reported count is 0, required healthy pipeline reported count is 1
2021-08-14 01:18:30,389 [EventQueue-OpenPipelineForHealthyPipelineSafeModeRule] INFO  safemode.SCMSafeModeManager (HealthyPipelineSafeModeRule.java:process(124)) - SCM in safe mode. Healthy pipelines reported count is 0, required healthy pipeline reported count is 1
2021-08-14 01:18:30,419 [EventQueue-OpenPipelineForHealthyPipelineSafeModeRule] INFO  safemode.SCMSafeModeManager (HealthyPipelineSafeModeRule.java:process(124)) - SCM in safe mode. Healthy pipelines reported count is 0, required healthy pipeline reported count is 1
2021-08-14 01:18:30,430 [EventQueue-OpenPipelineForHealthyPipelineSafeModeRule] INFO  safemode.SCMSafeModeManager (HealthyPipelineSafeModeRule.java:process(124)) - SCM in safe mode. Healthy pipelines reported count is 0, required healthy pipeline reported count is 1
2021-08-14 01:18:30,467 [EventQueue-OpenPipelineForHealthyPipelineSafeModeRule] INFO  safemode.SCMSafeModeManager (HealthyPipelineSafeModeRule.java:process(124)) - SCM in safe mode. Healthy pipelines reported count is 0, required healthy pipeline reported count is 1
2021-08-14 01:18:30,479 [EventQueue-OpenPipelineForHealthyPipelineSafeModeRule] INFO  safemode.SCMSafeModeManager (HealthyPipelineSafeModeRule.java:process(124)) - SCM in safe mode. Healthy pipelines reported count is 0, required healthy pipeline reported count is 1
2021-08-14 01:18:30,578 [Listener at 127.0.0.1/43663] INFO  ozone.MiniOzoneClusterImpl (MiniOzoneClusterImpl.java:lambda$waitForClusterToBeReady$0(235)) - Nodes are ready. Got 10 of 10 DN Heartbeats.
2021-08-14 01:18:30,578 [Listener at 127.0.0.1/43663] INFO  ozone.MiniOzoneClusterImpl (MiniOzoneClusterImpl.java:lambda$waitForClusterToBeReady$0(238)) - Waiting for cluster to exit safe mode
2021-08-14 01:18:30,578 [Listener at 127.0.0.1/43663] INFO  ozone.MiniOzoneClusterImpl (MiniOzoneClusterImpl.java:lambda$waitForClusterToBeReady$0(240)) - SCM became leader
2021-08-14 01:18:30,590 [EventQueue-OpenPipelineForHealthyPipelineSafeModeRule] INFO  safemode.SCMSafeModeManager (HealthyPipelineSafeModeRule.java:process(124)) - SCM in safe mode. Healthy pipelines reported count is 0, required healthy pipeline reported count is 1
2021-08-14 01:18:30,600 [EventQueue-OpenPipelineForHealthyPipelineSafeModeRule] INFO  safemode.SCMSafeModeManager (HealthyPipelineSafeModeRule.java:process(124)) - SCM in safe mode. Healthy pipelines reported count is 0, required healthy pipeline reported count is 1
2021-08-14 01:18:30,633 [EventQueue-OpenPipelineForHealthyPipelineSafeModeRule] INFO  safemode.SCMSafeModeManager (HealthyPipelineSafeModeRule.java:process(124)) - SCM in safe mode. Healthy pipelines reported count is 0, required healthy pipeline reported count is 1
2021-08-14 01:18:30,746 [EventQueue-OpenPipelineForHealthyPipelineSafeModeRule] INFO  safemode.SCMSafeModeManager (HealthyPipelineSafeModeRule.java:process(124)) - SCM in safe mode. Healthy pipelines reported count is 0, required healthy pipeline reported count is 1
2021-08-14 01:18:30,775 [EventQueue-OpenPipelineForHealthyPipelineSafeModeRule] INFO  safemode.SCMSafeModeManager (HealthyPipelineSafeModeRule.java:process(124)) - SCM in safe mode. Healthy pipelines reported count is 0, required healthy pipeline reported count is 1
2021-08-14 01:18:30,788 [EventQueue-OpenPipelineForHealthyPipelineSafeModeRule] INFO  safemode.SCMSafeModeManager (HealthyPipelineSafeModeRule.java:process(124)) - SCM in safe mode. Healthy pipelines reported count is 0, required healthy pipeline reported count is 1
2021-08-14 01:18:30,819 [EventQueue-OpenPipelineForHealthyPipelineSafeModeRule] INFO  safemode.SCMSafeModeManager (HealthyPipelineSafeModeRule.java:process(124)) - SCM in safe mode. Healthy pipelines reported count is 0, required healthy pipeline reported count is 1
2021-08-14 01:18:30,829 [EventQueue-OpenPipelineForHealthyPipelineSafeModeRule] INFO  safemode.SCMSafeModeManager (HealthyPipelineSafeModeRule.java:process(124)) - SCM in safe mode. Healthy pipelines reported count is 0, required healthy pipeline reported count is 1
2021-08-14 01:18:30,833 [EventQueue-OpenPipelineForHealthyPipelineSafeModeRule] INFO  safemode.SCMSafeModeManager (HealthyPipelineSafeModeRule.java:process(124)) - SCM in safe mode. Healthy pipelines reported count is 0, required healthy pipeline reported count is 1
2021-08-14 01:18:30,867 [EventQueue-OpenPipelineForHealthyPipelineSafeModeRule] INFO  safemode.SCMSafeModeManager (HealthyPipelineSafeModeRule.java:process(124)) - SCM in safe mode. Healthy pipelines reported count is 0, required healthy pipeline reported count is 1
2021-08-14 01:18:30,879 [EventQueue-OpenPipelineForHealthyPipelineSafeModeRule] INFO  safemode.SCMSafeModeManager (HealthyPipelineSafeModeRule.java:process(124)) - SCM in safe mode. Healthy pipelines reported count is 0, required healthy pipeline reported count is 1
2021-08-14 01:18:30,946 [EventQueue-OpenPipelineForHealthyPipelineSafeModeRule] INFO  safemode.SCMSafeModeManager (HealthyPipelineSafeModeRule.java:process(124)) - SCM in safe mode. Healthy pipelines reported count is 0, required healthy pipeline reported count is 1
2021-08-14 01:18:30,975 [EventQueue-OpenPipelineForHealthyPipelineSafeModeRule] INFO  safemode.SCMSafeModeManager (HealthyPipelineSafeModeRule.java:process(124)) - SCM in safe mode. Healthy pipelines reported count is 0, required healthy pipeline reported count is 1
2021-08-14 01:18:30,987 [EventQueue-OpenPipelineForHealthyPipelineSafeModeRule] INFO  safemode.SCMSafeModeManager (HealthyPipelineSafeModeRule.java:process(124)) - SCM in safe mode. Healthy pipelines reported count is 0, required healthy pipeline reported count is 1
2021-08-14 01:18:30,990 [EventQueue-OpenPipelineForHealthyPipelineSafeModeRule] INFO  safemode.SCMSafeModeManager (HealthyPipelineSafeModeRule.java:process(124)) - SCM in safe mode. Healthy pipelines reported count is 0, required healthy pipeline reported count is 1
2021-08-14 01:18:31,000 [EventQueue-OpenPipelineForHealthyPipelineSafeModeRule] INFO  safemode.SCMSafeModeManager (HealthyPipelineSafeModeRule.java:process(124)) - SCM in safe mode. Healthy pipelines reported count is 0, required healthy pipeline reported count is 1
2021-08-14 01:18:31,019 [EventQueue-OpenPipelineForHealthyPipelineSafeModeRule] INFO  safemode.SCMSafeModeManager (HealthyPipelineSafeModeRule.java:process(124)) - SCM in safe mode. Healthy pipelines reported count is 0, required healthy pipeline reported count is 1
2021-08-14 01:18:31,031 [EventQueue-OpenPipelineForHealthyPipelineSafeModeRule] INFO  safemode.SCMSafeModeManager (HealthyPipelineSafeModeRule.java:process(124)) - SCM in safe mode. Healthy pipelines reported count is 0, required healthy pipeline reported count is 1
2021-08-14 01:18:31,033 [EventQueue-OpenPipelineForHealthyPipelineSafeModeRule] INFO  safemode.SCMSafeModeManager (HealthyPipelineSafeModeRule.java:process(124)) - SCM in safe mode. Healthy pipelines reported count is 0, required healthy pipeline reported count is 1
2021-08-14 01:18:31,066 [EventQueue-OpenPipelineForHealthyPipelineSafeModeRule] INFO  safemode.SCMSafeModeManager (HealthyPipelineSafeModeRule.java:process(124)) - SCM in safe mode. Healthy pipelines reported count is 0, required healthy pipeline reported count is 1
2021-08-14 01:18:31,078 [EventQueue-OpenPipelineForHealthyPipelineSafeModeRule] INFO  safemode.SCMSafeModeManager (HealthyPipelineSafeModeRule.java:process(124)) - SCM in safe mode. Healthy pipelines reported count is 0, required healthy pipeline reported count is 1
2021-08-14 01:18:31,175 [EventQueue-OpenPipelineForHealthyPipelineSafeModeRule] INFO  safemode.SCMSafeModeManager (HealthyPipelineSafeModeRule.java:process(124)) - SCM in safe mode. Healthy pipelines reported count is 0, required healthy pipeline reported count is 1
2021-08-14 01:18:31,187 [EventQueue-OpenPipelineForHealthyPipelineSafeModeRule] INFO  safemode.SCMSafeModeManager (HealthyPipelineSafeModeRule.java:process(124)) - SCM in safe mode. Healthy pipelines reported count is 0, required healthy pipeline reported count is 1
2021-08-14 01:18:31,201 [EventQueue-OpenPipelineForHealthyPipelineSafeModeRule] INFO  safemode.SCMSafeModeManager (HealthyPipelineSafeModeRule.java:process(124)) - SCM in safe mode. Healthy pipelines reported count is 0, required healthy pipeline reported count is 1
2021-08-14 01:18:31,219 [EventQueue-OpenPipelineForHealthyPipelineSafeModeRule] INFO  safemode.SCMSafeModeManager (HealthyPipelineSafeModeRule.java:process(124)) - SCM in safe mode. Healthy pipelines reported count is 0, required healthy pipeline reported count is 1
2021-08-14 01:18:31,265 [dc1bc205-c656-4131-aeb7-017f2f697be6@group-43D00429D9C4-FollowerState] INFO  impl.FollowerState (FollowerState.java:run(134)) - dc1bc205-c656-4131-aeb7-017f2f697be6@group-43D00429D9C4-FollowerState: change to CANDIDATE, lastRpcElapsedTime:5096683723ns, electionTimeout:5094ms
2021-08-14 01:18:31,266 [dc1bc205-c656-4131-aeb7-017f2f697be6@group-43D00429D9C4-FollowerState] INFO  impl.RoleInfo (RoleInfo.java:shutdownFollowerState(108)) - dc1bc205-c656-4131-aeb7-017f2f697be6: shutdown dc1bc205-c656-4131-aeb7-017f2f697be6@group-43D00429D9C4-FollowerState
2021-08-14 01:18:31,266 [dc1bc205-c656-4131-aeb7-017f2f697be6@group-43D00429D9C4-FollowerState] INFO  server.RaftServer$Division (RaftServerImpl.java:setRole(285)) - dc1bc205-c656-4131-aeb7-017f2f697be6@group-43D00429D9C4: changes role from  FOLLOWER to CANDIDATE at term 0 for changeToCandidate
2021-08-14 01:18:31,267 [dc1bc205-c656-4131-aeb7-017f2f697be6@group-43D00429D9C4-FollowerState] INFO  server.RaftServerConfigKeys (ConfUtils.java:logGet(44)) - raft.server.leaderelection.pre-vote = false (custom)
2021-08-14 01:18:31,267 [dc1bc205-c656-4131-aeb7-017f2f697be6@group-43D00429D9C4-FollowerState] INFO  impl.RoleInfo (RoleInfo.java:updateAndGet(130)) - dc1bc205-c656-4131-aeb7-017f2f697be6: start dc1bc205-c656-4131-aeb7-017f2f697be6@group-43D00429D9C4-LeaderElection2
2021-08-14 01:18:31,275 [dc1bc205-c656-4131-aeb7-017f2f697be6@group-43D00429D9C4-LeaderElection2] INFO  impl.LeaderElection (LeaderElection.java:askForVotes(306)) - dc1bc205-c656-4131-aeb7-017f2f697be6@group-43D00429D9C4-LeaderElection2 ELECTION round 0: submit vote requests at term 1 for -1: [dc1bc205-c656-4131-aeb7-017f2f697be6|rpc:10.1.0.41:41989|priority:1], old=null
2021-08-14 01:18:31,275 [dc1bc205-c656-4131-aeb7-017f2f697be6@group-43D00429D9C4-LeaderElection2] INFO  impl.LeaderElection (LeaderElection.java:askForVotes(308)) - dc1bc205-c656-4131-aeb7-017f2f697be6@group-43D00429D9C4-LeaderElection2 ELECTION round 0: result PASSED (term=1)
2021-08-14 01:18:31,275 [dc1bc205-c656-4131-aeb7-017f2f697be6@group-43D00429D9C4-LeaderElection2] INFO  impl.RoleInfo (RoleInfo.java:shutdownLeaderElection(121)) - dc1bc205-c656-4131-aeb7-017f2f697be6: shutdown dc1bc205-c656-4131-aeb7-017f2f697be6@group-43D00429D9C4-LeaderElection2
2021-08-14 01:18:31,275 [dc1bc205-c656-4131-aeb7-017f2f697be6@group-43D00429D9C4-LeaderElection2] INFO  server.RaftServer$Division (RaftServerImpl.java:setRole(285)) - dc1bc205-c656-4131-aeb7-017f2f697be6@group-43D00429D9C4: changes role from CANDIDATE to LEADER at term 1 for changeToLeader
2021-08-14 01:18:31,275 [dc1bc205-c656-4131-aeb7-017f2f697be6@group-43D00429D9C4-LeaderElection2] INFO  ratis.XceiverServerRatis (XceiverServerRatis.java:handleLeaderChangedNotification(861)) - Leader change notification received for group: group-43D00429D9C4 with new leaderId: dc1bc205-c656-4131-aeb7-017f2f697be6
2021-08-14 01:18:31,276 [dc1bc205-c656-4131-aeb7-017f2f697be6@group-43D00429D9C4-LeaderElection2] INFO  server.RaftServer$Division (ServerState.java:setLeader(285)) - dc1bc205-c656-4131-aeb7-017f2f697be6@group-43D00429D9C4: change Leader from null to dc1bc205-c656-4131-aeb7-017f2f697be6 at term 1 for becomeLeader, leader elected after 5120ms
2021-08-14 01:18:31,276 [dc1bc205-c656-4131-aeb7-017f2f697be6@group-43D00429D9C4-LeaderElection2] INFO  server.RaftServerConfigKeys (ConfUtils.java:logGet(44)) - raft.server.staging.catchup.gap = 1000 (default)
2021-08-14 01:18:31,276 [Datanode State Machine Thread - 0] WARN  statemachine.StateContext (StateContext.java:execute(621)) - No available thread in pool for past 0 seconds.
2021-08-14 01:18:31,276 [dc1bc205-c656-4131-aeb7-017f2f697be6@group-43D00429D9C4-LeaderElection2] INFO  server.RaftServerConfigKeys (ConfUtils.java:logGet(44)) - raft.server.write.element-limit = 1024 (custom)
2021-08-14 01:18:31,276 [dc1bc205-c656-4131-aeb7-017f2f697be6@group-43D00429D9C4-LeaderElection2] INFO  server.RaftServerConfigKeys (ConfUtils.java:logGet(44)) - raft.server.write.byte-limit = 1024 M (=1073741824) (custom)
2021-08-14 01:18:31,277 [EventQueue-OpenPipelineForHealthyPipelineSafeModeRule] INFO  safemode.SCMSafeModeManager (HealthyPipelineSafeModeRule.java:process(124)) - SCM in safe mode. Healthy pipelines reported count is 0, required healthy pipeline reported count is 1
2021-08-14 01:18:31,277 [dc1bc205-c656-4131-aeb7-017f2f697be6@group-43D00429D9C4-LeaderElection2] INFO  server.RaftServerConfigKeys (ConfUtils.java:logGet(44)) - raft.server.watch.timeout = 10000ms (default)
2021-08-14 01:18:31,277 [dc1bc205-c656-4131-aeb7-017f2f697be6@group-43D00429D9C4-LeaderElection2] INFO  server.RaftServerConfigKeys (ConfUtils.java:logGet(44)) - raft.server.watch.timeout.denomination = 1s (default)
2021-08-14 01:18:31,277 [dc1bc205-c656-4131-aeb7-017f2f697be6@group-43D00429D9C4-LeaderElection2] INFO  server.RaftServerConfigKeys (ConfUtils.java:logGet(44)) - raft.server.watch.element-limit = 65536 (default)
2021-08-14 01:18:31,277 [dc1bc205-c656-4131-aeb7-017f2f697be6@group-43D00429D9C4-LeaderElection2] INFO  impl.RoleInfo (RoleInfo.java:updateAndGet(130)) - dc1bc205-c656-4131-aeb7-017f2f697be6: start dc1bc205-c656-4131-aeb7-017f2f697be6@group-43D00429D9C4-LeaderStateImpl
2021-08-14 01:18:31,278 [dc1bc205-c656-4131-aeb7-017f2f697be6@group-43D00429D9C4-LeaderElection2] INFO  segmented.SegmentedRaftLogWorker (SegmentedRaftLogWorker.java:startLogSegment(394)) - dc1bc205-c656-4131-aeb7-017f2f697be6@group-43D00429D9C4-SegmentedRaftLogWorker: Starting segment from index:0
2021-08-14 01:18:31,281 [dc1bc205-c656-4131-aeb7-017f2f697be6@group-43D00429D9C4-SegmentedRaftLogWorker] INFO  segmented.SegmentedRaftLogWorker (SegmentedRaftLogWorker.java:execute(601)) - dc1bc205-c656-4131-aeb7-017f2f697be6@group-43D00429D9C4-SegmentedRaftLogWorker: created new log segment /home/runner/work/ozone/ozone/hadoop-ozone/integration-test/target/test-dir/MiniOzoneClusterImpl-0159c105-9d83-42dd-92be-307c6655fab4/datanode-0/data/ratis/ed7a100f-7407-4063-878e-43d00429d9c4/current/log_inprogress_0
2021-08-14 01:18:31,282 [dc1bc205-c656-4131-aeb7-017f2f697be6@group-43D00429D9C4-LeaderElection2] INFO  server.RaftServer$Division (ServerState.java:setRaftConf(387)) - dc1bc205-c656-4131-aeb7-017f2f697be6@group-43D00429D9C4: set configuration 0: [dc1bc205-c656-4131-aeb7-017f2f697be6|rpc:10.1.0.41:41989|dataStream:|priority:1], old=null
2021-08-14 01:18:31,285 [dc1bc205-c656-4131-aeb7-017f2f697be6@group-43D00429D9C4-StateMachineUpdater] INFO  ratis.ContainerStateMachine (ContainerStateMachine.java:takeSnapshot(293)) - group-43D00429D9C4: Taking a snapshot at:(t:1, i:0) file /home/runner/work/ozone/ozone/hadoop-ozone/integration-test/target/test-dir/MiniOzoneClusterImpl-0159c105-9d83-42dd-92be-307c6655fab4/datanode-0/data/ratis/ed7a100f-7407-4063-878e-43d00429d9c4/sm/snapshot.1_0
2021-08-14 01:18:31,295 [dc1bc205-c656-4131-aeb7-017f2f697be6@group-E3F05CCC49D8-FollowerState] INFO  impl.FollowerState (FollowerState.java:run(134)) - dc1bc205-c656-4131-aeb7-017f2f697be6@group-E3F05CCC49D8-FollowerState: change to CANDIDATE, lastRpcElapsedTime:5075729785ns, electionTimeout:5074ms
2021-08-14 01:18:31,296 [dc1bc205-c656-4131-aeb7-017f2f697be6@group-E3F05CCC49D8-FollowerState] INFO  impl.RoleInfo (RoleInfo.java:shutdownFollowerState(108)) - dc1bc205-c656-4131-aeb7-017f2f697be6: shutdown dc1bc205-c656-4131-aeb7-017f2f697be6@group-E3F05CCC49D8-FollowerState
2021-08-14 01:18:31,296 [dc1bc205-c656-4131-aeb7-017f2f697be6@group-E3F05CCC49D8-FollowerState] INFO  server.RaftServer$Division (RaftServerImpl.java:setRole(285)) - dc1bc205-c656-4131-aeb7-017f2f697be6@group-E3F05CCC49D8: changes role from  FOLLOWER to CANDIDATE at term 0 for changeToCandidate
2021-08-14 01:18:31,296 [dc1bc205-c656-4131-aeb7-017f2f697be6@group-E3F05CCC49D8-FollowerState] INFO  server.RaftServerConfigKeys (ConfUtils.java:logGet(44)) - raft.server.leaderelection.pre-vote = false (custom)
2021-08-14 01:18:31,296 [dc1bc205-c656-4131-aeb7-017f2f697be6@group-E3F05CCC49D8-FollowerState] INFO  impl.RoleInfo (RoleInfo.java:updateAndGet(130)) - dc1bc205-c656-4131-aeb7-017f2f697be6: start dc1bc205-c656-4131-aeb7-017f2f697be6@group-E3F05CCC49D8-LeaderElection3
2021-08-14 01:18:31,305 [dc1bc205-c656-4131-aeb7-017f2f697be6@group-E3F05CCC49D8-LeaderElection3] INFO  impl.LeaderElection (LeaderElection.java:askForVotes(306)) - dc1bc205-c656-4131-aeb7-017f2f697be6@group-E3F05CCC49D8-LeaderElection3 ELECTION round 0: submit vote requests at term 1 for -1: [dc1bc205-c656-4131-aeb7-017f2f697be6|rpc:10.1.0.41:41989|priority:0, d086c87f-93e9-45d6-b128-13443993bfce|rpc:10.1.0.41:44933|priority:1, 3c589ed3-8908-4216-b526-1467ebcaa331|rpc:10.1.0.41:34563|priority:0], old=null
2021-08-14 01:18:31,338 [dc1bc205-c656-4131-aeb7-017f2f697be6@group-43D00429D9C4-StateMachineUpdater] INFO  ratis.ContainerStateMachine (ContainerStateMachine.java:takeSnapshot(304)) - group-43D00429D9C4: Finished taking a snapshot at:(t:1, i:0) file:/home/runner/work/ozone/ozone/hadoop-ozone/integration-test/target/test-dir/MiniOzoneClusterImpl-0159c105-9d83-42dd-92be-307c6655fab4/datanode-0/data/ratis/ed7a100f-7407-4063-878e-43d00429d9c4/sm/snapshot.1_0 took: 52 ms
2021-08-14 01:18:31,339 [dc1bc205-c656-4131-aeb7-017f2f697be6@group-43D00429D9C4-StateMachineUpdater] INFO  impl.StateMachineUpdater (StateMachineUpdater.java:takeSnapshot(281)) - dc1bc205-c656-4131-aeb7-017f2f697be6@group-43D00429D9C4-StateMachineUpdater: Took a snapshot at index 0
2021-08-14 01:18:31,339 [dc1bc205-c656-4131-aeb7-017f2f697be6@group-43D00429D9C4-StateMachineUpdater] INFO  impl.StateMachineUpdater (StateMachineUpdater.java:lambda$new$0(89)) - dc1bc205-c656-4131-aeb7-017f2f697be6@group-43D00429D9C4-StateMachineUpdater: snapshotIndex: updateIncreasingly -1 -> 0
2021-08-14 01:18:31,346 [EventQueue-OpenPipelineForHealthyPipelineSafeModeRule] INFO  safemode.SCMSafeModeManager (HealthyPipelineSafeModeRule.java:process(124)) - SCM in safe mode. Healthy pipelines reported count is 0, required healthy pipeline reported count is 1
2021-08-14 01:18:31,347 [grpc-default-executor-0] INFO  server.RaftServer$Division (RaftServerImpl.java:requestVote(1043)) - d086c87f-93e9-45d6-b128-13443993bfce@group-E3F05CCC49D8: receive requestVote(ELECTION, dc1bc205-c656-4131-aeb7-017f2f697be6, group-E3F05CCC49D8, 1, (t:0, i:0))
2021-08-14 01:18:31,349 [grpc-default-executor-0] INFO  impl.VoteContext (VoteContext.java:log(48)) - d086c87f-93e9-45d6-b128-13443993bfce@group-E3F05CCC49D8-FOLLOWER: reject ELECTION from dc1bc205-c656-4131-aeb7-017f2f697be6: our priority 1 > candidate's priority 0
2021-08-14 01:18:31,349 [grpc-default-executor-0] INFO  server.RaftServer$Division (RaftServerImpl.java:setRole(285)) - d086c87f-93e9-45d6-b128-13443993bfce@group-E3F05CCC49D8: changes role from  FOLLOWER to FOLLOWER at term 1 for candidate:dc1bc205-c656-4131-aeb7-017f2f697be6
2021-08-14 01:18:31,349 [grpc-default-executor-0] INFO  impl.RoleInfo (RoleInfo.java:shutdownFollowerState(108)) - d086c87f-93e9-45d6-b128-13443993bfce: shutdown d086c87f-93e9-45d6-b128-13443993bfce@group-E3F05CCC49D8-FollowerState
2021-08-14 01:18:31,350 [grpc-default-executor-0] INFO  impl.RoleInfo (RoleInfo.java:updateAndGet(130)) - d086c87f-93e9-45d6-b128-13443993bfce: start d086c87f-93e9-45d6-b128-13443993bfce@group-E3F05CCC49D8-FollowerState
2021-08-14 01:18:31,350 [d086c87f-93e9-45d6-b128-13443993bfce@group-E3F05CCC49D8-FollowerState] INFO  impl.FollowerState (FollowerState.java:run(143)) - d086c87f-93e9-45d6-b128-13443993bfce@group-E3F05CCC49D8-FollowerState was interrupted: {}
java.lang.InterruptedException: sleep interrupted
	at java.lang.Thread.sleep(Native Method)
	at java.lang.Thread.sleep(Thread.java:340)
	at java.util.concurrent.TimeUnit.sleep(TimeUnit.java:386)
	at org.apache.ratis.util.TimeDuration.sleep(TimeDuration.java:324)
	at org.apache.ratis.util.TimeDuration.sleep(TimeDuration.java:309)
	at org.apache.ratis.server.impl.FollowerState.run(FollowerState.java:118)
2021-08-14 01:18:31,358 [grpc-default-executor-0] INFO  server.RaftServer$Division (RaftServerImpl.java:requestVote(1075)) - d086c87f-93e9-45d6-b128-13443993bfce@group-E3F05CCC49D8 replies to ELECTION vote request: dc1bc205-c656-4131-aeb7-017f2f697be6<-d086c87f-93e9-45d6-b128-13443993bfce#0:FAIL-t1. Peer's state: d086c87f-93e9-45d6-b128-13443993bfce@group-E3F05CCC49D8:t1, leader=null, voted=null, raftlog=d086c87f-93e9-45d6-b128-13443993bfce@group-E3F05CCC49D8-SegmentedRaftLog:OPENED:c-1,f-1,i0, conf=-1: [dc1bc205-c656-4131-aeb7-017f2f697be6|rpc:10.1.0.41:41989|priority:0, d086c87f-93e9-45d6-b128-13443993bfce|rpc:10.1.0.41:44933|priority:1, 3c589ed3-8908-4216-b526-1467ebcaa331|rpc:10.1.0.41:34563|priority:0], old=null
2021-08-14 01:18:31,363 [dc1bc205-c656-4131-aeb7-017f2f697be6@group-E3F05CCC49D8-LeaderElection3] INFO  impl.LeaderElection (LeaderElection.java:logAndReturn(89)) - dc1bc205-c656-4131-aeb7-017f2f697be6@group-E3F05CCC49D8-LeaderElection3: ELECTION REJECTED received 1 response(s) and 0 exception(s):
2021-08-14 01:18:31,363 [grpc-default-executor-1] INFO  server.RaftServer$Division (RaftServerImpl.java:requestVote(1043)) - 3c589ed3-8908-4216-b526-1467ebcaa331@group-E3F05CCC49D8: receive requestVote(ELECTION, dc1bc205-c656-4131-aeb7-017f2f697be6, group-E3F05CCC49D8, 1, (t:0, i:0))
2021-08-14 01:18:31,363 [dc1bc205-c656-4131-aeb7-017f2f697be6@group-E3F05CCC49D8-LeaderElection3] INFO  impl.LeaderElection (LeaderElection.java:logAndReturn(93)) -   Response 0: dc1bc205-c656-4131-aeb7-017f2f697be6<-d086c87f-93e9-45d6-b128-13443993bfce#0:FAIL-t1
2021-08-14 01:18:31,364 [grpc-default-executor-1] INFO  impl.VoteContext (VoteContext.java:log(48)) - 3c589ed3-8908-4216-b526-1467ebcaa331@group-E3F05CCC49D8-FOLLOWER: accept ELECTION from dc1bc205-c656-4131-aeb7-017f2f697be6: our priority 0 <= candidate's priority 0
2021-08-14 01:18:31,365 [dc1bc205-c656-4131-aeb7-017f2f697be6@group-E3F05CCC49D8-LeaderElection3] INFO  impl.LeaderElection (LeaderElection.java:askForVotes(308)) - dc1bc205-c656-4131-aeb7-017f2f697be6@group-E3F05CCC49D8-LeaderElection3 ELECTION round 0: result REJECTED
2021-08-14 01:18:31,365 [dc1bc205-c656-4131-aeb7-017f2f697be6@group-E3F05CCC49D8-LeaderElection3] INFO  server.RaftServer$Division (RaftServerImpl.java:setRole(285)) - dc1bc205-c656-4131-aeb7-017f2f697be6@group-E3F05CCC49D8: changes role from CANDIDATE to FOLLOWER at term 1 for REJECTED
2021-08-14 01:18:31,365 [dc1bc205-c656-4131-aeb7-017f2f697be6@group-E3F05CCC49D8-LeaderElection3] INFO  impl.RoleInfo (RoleInfo.java:shutdownLeaderElection(121)) - dc1bc205-c656-4131-aeb7-017f2f697be6: shutdown dc1bc205-c656-4131-aeb7-017f2f697be6@group-E3F05CCC49D8-LeaderElection3
2021-08-14 01:18:31,365 [dc1bc205-c656-4131-aeb7-017f2f697be6@group-E3F05CCC49D8-LeaderElection3] INFO  impl.RoleInfo (RoleInfo.java:updateAndGet(130)) - dc1bc205-c656-4131-aeb7-017f2f697be6: start dc1bc205-c656-4131-aeb7-017f2f697be6@group-E3F05CCC49D8-FollowerState
2021-08-14 01:18:31,365 [grpc-default-executor-1] INFO  server.RaftServer$Division (RaftServerImpl.java:setRole(285)) - 3c589ed3-8908-4216-b526-1467ebcaa331@group-E3F05CCC49D8: changes role from  FOLLOWER to FOLLOWER at term 1 for candidate:dc1bc205-c656-4131-aeb7-017f2f697be6
2021-08-14 01:18:31,366 [grpc-default-executor-1] INFO  impl.RoleInfo (RoleInfo.java:shutdownFollowerState(108)) - 3c589ed3-8908-4216-b526-1467ebcaa331: shutdown 3c589ed3-8908-4216-b526-1467ebcaa331@group-E3F05CCC49D8-FollowerState
2021-08-14 01:18:31,367 [3c589ed3-8908-4216-b526-1467ebcaa331@group-E3F05CCC49D8-FollowerState] INFO  impl.FollowerState (FollowerState.java:run(143)) - 3c589ed3-8908-4216-b526-1467ebcaa331@group-E3F05CCC49D8-FollowerState was interrupted: {}
java.lang.InterruptedException: sleep interrupted
	at java.lang.Thread.sleep(Native Method)
	at java.lang.Thread.sleep(Thread.java:340)
	at java.util.concurrent.TimeUnit.sleep(TimeUnit.java:386)
	at org.apache.ratis.util.TimeDuration.sleep(TimeDuration.java:324)
	at org.apache.ratis.util.TimeDuration.sleep(TimeDuration.java:309)
	at org.apache.ratis.server.impl.FollowerState.run(FollowerState.java:118)
2021-08-14 01:18:31,367 [grpc-default-executor-1] INFO  impl.RoleInfo (RoleInfo.java:updateAndGet(130)) - 3c589ed3-8908-4216-b526-1467ebcaa331: start 3c589ed3-8908-4216-b526-1467ebcaa331@group-E3F05CCC49D8-FollowerState
2021-08-14 01:18:31,373 [grpc-default-executor-1] INFO  server.RaftServer$Division (RaftServerImpl.java:requestVote(1075)) - 3c589ed3-8908-4216-b526-1467ebcaa331@group-E3F05CCC49D8 replies to ELECTION vote request: dc1bc205-c656-4131-aeb7-017f2f697be6<-3c589ed3-8908-4216-b526-1467ebcaa331#0:OK-t1. Peer's state: 3c589ed3-8908-4216-b526-1467ebcaa331@group-E3F05CCC49D8:t1, leader=null, voted=dc1bc205-c656-4131-aeb7-017f2f697be6, raftlog=3c589ed3-8908-4216-b526-1467ebcaa331@group-E3F05CCC49D8-SegmentedRaftLog:OPENED:c-1,f-1,i0, conf=-1: [dc1bc205-c656-4131-aeb7-017f2f697be6|rpc:10.1.0.41:41989|dataStream:|priority:0, d086c87f-93e9-45d6-b128-13443993bfce|rpc:10.1.0.41:44933|dataStream:|priority:1, 3c589ed3-8908-4216-b526-1467ebcaa331|rpc:10.1.0.41:34563|dataStream:|priority:0], old=null
2021-08-14 01:18:31,387 [EventQueue-OpenPipelineForHealthyPipelineSafeModeRule] INFO  safemode.SCMSafeModeManager (HealthyPipelineSafeModeRule.java:process(124)) - SCM in safe mode. Healthy pipelines reported count is 0, required healthy pipeline reported count is 1
2021-08-14 01:18:31,391 [EventQueue-OpenPipelineForHealthyPipelineSafeModeRule] INFO  safemode.SCMSafeModeManager (HealthyPipelineSafeModeRule.java:process(124)) - SCM in safe mode. Healthy pipelines reported count is 0, required healthy pipeline reported count is 1
2021-08-14 01:18:31,431 [EventQueue-OpenPipelineForHealthyPipelineSafeModeRule] INFO  safemode.SCMSafeModeManager (HealthyPipelineSafeModeRule.java:process(124)) - SCM in safe mode. Healthy pipelines reported count is 0, required healthy pipeline reported count is 1
2021-08-14 01:18:31,467 [EventQueue-OpenPipelineForHealthyPipelineSafeModeRule] INFO  safemode.SCMSafeModeManager (HealthyPipelineSafeModeRule.java:process(124)) - SCM in safe mode. Healthy pipelines reported count is 0, required healthy pipeline reported count is 1
2021-08-14 01:18:31,477 [EventQueue-OpenPipelineForHealthyPipelineSafeModeRule] INFO  safemode.SCMSafeModeManager (HealthyPipelineSafeModeRule.java:process(124)) - SCM in safe mode. Healthy pipelines reported count is 0, required healthy pipeline reported count is 1
2021-08-14 01:18:31,479 [EventQueue-OpenPipelineForHealthyPipelineSafeModeRule] INFO  safemode.SCMSafeModeManager (HealthyPipelineSafeModeRule.java:process(124)) - SCM in safe mode. Healthy pipelines reported count is 0, required healthy pipeline reported count is 1
2021-08-14 01:18:31,546 [EventQueue-OpenPipelineForHealthyPipelineSafeModeRule] INFO  safemode.SCMSafeModeManager (HealthyPipelineSafeModeRule.java:process(124)) - SCM in safe mode. Healthy pipelines reported count is 0, required healthy pipeline reported count is 1
2021-08-14 01:18:31,578 [Listener at 127.0.0.1/43663] INFO  ozone.MiniOzoneClusterImpl (MiniOzoneClusterImpl.java:lambda$waitForClusterToBeReady$0(235)) - Nodes are ready. Got 10 of 10 DN Heartbeats.
2021-08-14 01:18:31,580 [Listener at 127.0.0.1/43663] INFO  ozone.MiniOzoneClusterImpl (MiniOzoneClusterImpl.java:lambda$waitForClusterToBeReady$0(238)) - Waiting for cluster to exit safe mode
2021-08-14 01:18:31,580 [Listener at 127.0.0.1/43663] INFO  ozone.MiniOzoneClusterImpl (MiniOzoneClusterImpl.java:lambda$waitForClusterToBeReady$0(240)) - SCM became leader
2021-08-14 01:18:31,581 [EventQueue-OpenPipelineForHealthyPipelineSafeModeRule] INFO  safemode.SCMSafeModeManager (HealthyPipelineSafeModeRule.java:process(124)) - SCM in safe mode. Healthy pipelines reported count is 0, required healthy pipeline reported count is 1
2021-08-14 01:18:31,586 [EventQueue-OpenPipelineForHealthyPipelineSafeModeRule] INFO  safemode.SCMSafeModeManager (HealthyPipelineSafeModeRule.java:process(124)) - SCM in safe mode. Healthy pipelines reported count is 0, required healthy pipeline reported count is 1
2021-08-14 01:18:31,601 [EventQueue-OpenPipelineForHealthyPipelineSafeModeRule] INFO  safemode.SCMSafeModeManager (HealthyPipelineSafeModeRule.java:process(124)) - SCM in safe mode. Healthy pipelines reported count is 0, required healthy pipeline reported count is 1
2021-08-14 01:18:31,619 [EventQueue-OpenPipelineForHealthyPipelineSafeModeRule] INFO  safemode.SCMSafeModeManager (HealthyPipelineSafeModeRule.java:process(124)) - SCM in safe mode. Healthy pipelines reported count is 0, required healthy pipeline reported count is 1
2021-08-14 01:18:31,632 [EventQueue-OpenPipelineForHealthyPipelineSafeModeRule] INFO  safemode.SCMSafeModeManager (HealthyPipelineSafeModeRule.java:process(124)) - SCM in safe mode. Healthy pipelines reported count is 0, required healthy pipeline reported count is 1
2021-08-14 01:18:31,668 [EventQueue-OpenPipelineForHealthyPipelineSafeModeRule] INFO  safemode.SCMSafeModeManager (HealthyPipelineSafeModeRule.java:process(124)) - SCM in safe mode. Healthy pipelines reported count is 0, required healthy pipeline reported count is 1
2021-08-14 01:18:31,677 [EventQueue-OpenPipelineForHealthyPipelineSafeModeRule] INFO  safemode.SCMSafeModeManager (HealthyPipelineSafeModeRule.java:process(124)) - SCM in safe mode. Healthy pipelines reported count is 0, required healthy pipeline reported count is 1
2021-08-14 01:18:31,781 [EventQueue-OpenPipelineForHealthyPipelineSafeModeRule] INFO  safemode.SCMSafeModeManager (HealthyPipelineSafeModeRule.java:process(124)) - SCM in safe mode. Healthy pipelines reported count is 0, required healthy pipeline reported count is 1
2021-08-14 01:18:31,787 [EventQueue-OpenPipelineForHealthyPipelineSafeModeRule] INFO  safemode.SCMSafeModeManager (HealthyPipelineSafeModeRule.java:process(124)) - SCM in safe mode. Healthy pipelines reported count is 0, required healthy pipeline reported count is 1
2021-08-14 01:18:31,791 [EventQueue-OpenPipelineForHealthyPipelineSafeModeRule] INFO  safemode.SCMSafeModeManager (HealthyPipelineSafeModeRule.java:process(124)) - SCM in safe mode. Healthy pipelines reported count is 0, required healthy pipeline reported count is 1
2021-08-14 01:18:31,797 [d086c87f-93e9-45d6-b128-13443993bfce@group-D27F5748A814-FollowerState] INFO  impl.FollowerState (FollowerState.java:run(134)) - d086c87f-93e9-45d6-b128-13443993bfce@group-D27F5748A814-FollowerState: change to CANDIDATE, lastRpcElapsedTime:5147288850ns, electionTimeout:5139ms
2021-08-14 01:18:31,797 [d086c87f-93e9-45d6-b128-13443993bfce@group-D27F5748A814-FollowerState] INFO  impl.RoleInfo (RoleInfo.java:shutdownFollowerState(108)) - d086c87f-93e9-45d6-b128-13443993bfce: shutdown d086c87f-93e9-45d6-b128-13443993bfce@group-D27F5748A814-FollowerState
2021-08-14 01:18:31,797 [d086c87f-93e9-45d6-b128-13443993bfce@group-D27F5748A814-FollowerState] INFO  server.RaftServer$Division (RaftServerImpl.java:setRole(285)) - d086c87f-93e9-45d6-b128-13443993bfce@group-D27F5748A814: changes role from  FOLLOWER to CANDIDATE at term 0 for changeToCandidate
2021-08-14 01:18:31,800 [d086c87f-93e9-45d6-b128-13443993bfce@group-D27F5748A814-FollowerState] INFO  server.RaftServerConfigKeys (ConfUtils.java:logGet(44)) - raft.server.leaderelection.pre-vote = false (custom)
2021-08-14 01:18:31,800 [d086c87f-93e9-45d6-b128-13443993bfce@group-D27F5748A814-FollowerState] INFO  impl.RoleInfo (RoleInfo.java:updateAndGet(130)) - d086c87f-93e9-45d6-b128-13443993bfce: start d086c87f-93e9-45d6-b128-13443993bfce@group-D27F5748A814-LeaderElection4
2021-08-14 01:18:31,802 [EventQueue-OpenPipelineForHealthyPipelineSafeModeRule] INFO  safemode.SCMSafeModeManager (HealthyPipelineSafeModeRule.java:process(124)) - SCM in safe mode. Healthy pipelines reported count is 0, required healthy pipeline reported count is 1
2021-08-14 01:18:31,804 [d086c87f-93e9-45d6-b128-13443993bfce@group-D27F5748A814-LeaderElection4] INFO  impl.LeaderElection (LeaderElection.java:askForVotes(306)) - d086c87f-93e9-45d6-b128-13443993bfce@group-D27F5748A814-LeaderElection4 ELECTION round 0: submit vote requests at term 1 for -1: [d086c87f-93e9-45d6-b128-13443993bfce|rpc:10.1.0.41:44933|priority:1], old=null
2021-08-14 01:18:31,804 [d086c87f-93e9-45d6-b128-13443993bfce@group-D27F5748A814-LeaderElection4] INFO  impl.LeaderElection (LeaderElection.java:askForVotes(308)) - d086c87f-93e9-45d6-b128-13443993bfce@group-D27F5748A814-LeaderElection4 ELECTION round 0: result PASSED (term=1)
2021-08-14 01:18:31,804 [d086c87f-93e9-45d6-b128-13443993bfce@group-D27F5748A814-LeaderElection4] INFO  impl.RoleInfo (RoleInfo.java:shutdownLeaderElection(121)) - d086c87f-93e9-45d6-b128-13443993bfce: shutdown d086c87f-93e9-45d6-b128-13443993bfce@group-D27F5748A814-LeaderElection4
2021-08-14 01:18:31,804 [d086c87f-93e9-45d6-b128-13443993bfce@group-D27F5748A814-LeaderElection4] INFO  server.RaftServer$Division (RaftServerImpl.java:setRole(285)) - d086c87f-93e9-45d6-b128-13443993bfce@group-D27F5748A814: changes role from CANDIDATE to LEADER at term 1 for changeToLeader
2021-08-14 01:18:31,804 [d086c87f-93e9-45d6-b128-13443993bfce@group-D27F5748A814-LeaderElection4] INFO  ratis.XceiverServerRatis (XceiverServerRatis.java:handleLeaderChangedNotification(861)) - Leader change notification received for group: group-D27F5748A814 with new leaderId: d086c87f-93e9-45d6-b128-13443993bfce
2021-08-14 01:18:31,804 [d086c87f-93e9-45d6-b128-13443993bfce@group-D27F5748A814-LeaderElection4] INFO  server.RaftServer$Division (ServerState.java:setLeader(285)) - d086c87f-93e9-45d6-b128-13443993bfce@group-D27F5748A814: change Leader from null to d086c87f-93e9-45d6-b128-13443993bfce at term 1 for becomeLeader, leader elected after 5185ms
2021-08-14 01:18:31,805 [d086c87f-93e9-45d6-b128-13443993bfce@group-D27F5748A814-LeaderElection4] INFO  server.RaftServerConfigKeys (ConfUtils.java:logGet(44)) - raft.server.staging.catchup.gap = 1000 (default)
2021-08-14 01:18:31,805 [d086c87f-93e9-45d6-b128-13443993bfce@group-D27F5748A814-LeaderElection4] INFO  server.RaftServerConfigKeys (ConfUtils.java:logGet(44)) - raft.server.write.element-limit = 1024 (custom)
2021-08-14 01:18:31,805 [d086c87f-93e9-45d6-b128-13443993bfce@group-D27F5748A814-LeaderElection4] INFO  server.RaftServerConfigKeys (ConfUtils.java:logGet(44)) - raft.server.write.byte-limit = 1024 M (=1073741824) (custom)
2021-08-14 01:18:31,805 [EventQueue-OpenPipelineForHealthyPipelineSafeModeRule] INFO  safemode.SCMSafeModeManager (HealthyPipelineSafeModeRule.java:process(124)) - SCM in safe mode. Healthy pipelines reported count is 0, required healthy pipeline reported count is 1
2021-08-14 01:18:31,805 [d086c87f-93e9-45d6-b128-13443993bfce@group-D27F5748A814-LeaderElection4] INFO  server.RaftServerConfigKeys (ConfUtils.java:logGet(44)) - raft.server.watch.timeout = 10000ms (default)
2021-08-14 01:18:31,805 [d086c87f-93e9-45d6-b128-13443993bfce@group-D27F5748A814-LeaderElection4] INFO  server.RaftServerConfigKeys (ConfUtils.java:logGet(44)) - raft.server.watch.timeout.denomination = 1s (default)
2021-08-14 01:18:31,805 [Datanode State Machine Thread - 0] WARN  statemachine.StateContext (StateContext.java:execute(621)) - No available thread in pool for past 0 seconds.
2021-08-14 01:18:31,806 [d086c87f-93e9-45d6-b128-13443993bfce@group-D27F5748A814-LeaderElection4] INFO  server.RaftServerConfigKeys (ConfUtils.java:logGet(44)) - raft.server.watch.element-limit = 65536 (default)
2021-08-14 01:18:31,806 [d086c87f-93e9-45d6-b128-13443993bfce@group-D27F5748A814-LeaderElection4] INFO  impl.RoleInfo (RoleInfo.java:updateAndGet(130)) - d086c87f-93e9-45d6-b128-13443993bfce: start d086c87f-93e9-45d6-b128-13443993bfce@group-D27F5748A814-LeaderStateImpl
2021-08-14 01:18:31,806 [d086c87f-93e9-45d6-b128-13443993bfce@group-D27F5748A814-LeaderElection4] INFO  segmented.SegmentedRaftLogWorker (SegmentedRaftLogWorker.java:startLogSegment(394)) - d086c87f-93e9-45d6-b128-13443993bfce@group-D27F5748A814-SegmentedRaftLogWorker: Starting segment from index:0
2021-08-14 01:18:31,808 [d086c87f-93e9-45d6-b128-13443993bfce@group-D27F5748A814-SegmentedRaftLogWorker] INFO  segmented.SegmentedRaftLogWorker (SegmentedRaftLogWorker.java:execute(601)) - d086c87f-93e9-45d6-b128-13443993bfce@group-D27F5748A814-SegmentedRaftLogWorker: created new log segment /home/runner/work/ozone/ozone/hadoop-ozone/integration-test/target/test-dir/MiniOzoneClusterImpl-0159c105-9d83-42dd-92be-307c6655fab4/datanode-1/data/ratis/90a3e0fb-746b-4933-bed7-d27f5748a814/current/log_inprogress_0
2021-08-14 01:18:31,810 [d086c87f-93e9-45d6-b128-13443993bfce@group-D27F5748A814-LeaderElection4] INFO  server.RaftServer$Division (ServerState.java:setRaftConf(387)) - d086c87f-93e9-45d6-b128-13443993bfce@group-D27F5748A814: set configuration 0: [d086c87f-93e9-45d6-b128-13443993bfce|rpc:10.1.0.41:44933|dataStream:|priority:1], old=null
2021-08-14 01:18:31,812 [d086c87f-93e9-45d6-b128-13443993bfce@group-D27F5748A814-StateMachineUpdater] INFO  ratis.ContainerStateMachine (ContainerStateMachine.java:takeSnapshot(293)) - group-D27F5748A814: Taking a snapshot at:(t:1, i:0) file /home/runner/work/ozone/ozone/hadoop-ozone/integration-test/target/test-dir/MiniOzoneClusterImpl-0159c105-9d83-42dd-92be-307c6655fab4/datanode-1/data/ratis/90a3e0fb-746b-4933-bed7-d27f5748a814/sm/snapshot.1_0
2021-08-14 01:18:31,814 [d086c87f-93e9-45d6-b128-13443993bfce@group-D27F5748A814-StateMachineUpdater] INFO  ratis.ContainerStateMachine (ContainerStateMachine.java:takeSnapshot(304)) - group-D27F5748A814: Finished taking a snapshot at:(t:1, i:0) file:/home/runner/work/ozone/ozone/hadoop-ozone/integration-test/target/test-dir/MiniOzoneClusterImpl-0159c105-9d83-42dd-92be-307c6655fab4/datanode-1/data/ratis/90a3e0fb-746b-4933-bed7-d27f5748a814/sm/snapshot.1_0 took: 1 ms
2021-08-14 01:18:31,814 [d086c87f-93e9-45d6-b128-13443993bfce@group-D27F5748A814-StateMachineUpdater] INFO  impl.StateMachineUpdater (StateMachineUpdater.java:takeSnapshot(281)) - d086c87f-93e9-45d6-b128-13443993bfce@group-D27F5748A814-StateMachineUpdater: Took a snapshot at index 0
2021-08-14 01:18:31,815 [d086c87f-93e9-45d6-b128-13443993bfce@group-D27F5748A814-StateMachineUpdater] INFO  impl.StateMachineUpdater (StateMachineUpdater.java:lambda$new$0(89)) - d086c87f-93e9-45d6-b128-13443993bfce@group-D27F5748A814-StateMachineUpdater: snapshotIndex: updateIncreasingly -1 -> 0
2021-08-14 01:18:31,819 [EventQueue-OpenPipelineForHealthyPipelineSafeModeRule] INFO  safemode.SCMSafeModeManager (HealthyPipelineSafeModeRule.java:process(124)) - SCM in safe mode. Healthy pipelines reported count is 0, required healthy pipeline reported count is 1
2021-08-14 01:18:31,877 [EventQueue-OpenPipelineForHealthyPipelineSafeModeRule] INFO  safemode.SCMSafeModeManager (HealthyPipelineSafeModeRule.java:process(124)) - SCM in safe mode. Healthy pipelines reported count is 0, required healthy pipeline reported count is 1
2021-08-14 01:18:31,928 [dc1bc205-c656-4131-aeb7-017f2f697be6@group-4B356EB9896A-FollowerState] INFO  impl.FollowerState (FollowerState.java:run(134)) - dc1bc205-c656-4131-aeb7-017f2f697be6@group-4B356EB9896A-FollowerState: change to CANDIDATE, lastRpcElapsedTime:5066118321ns, electionTimeout:5065ms
2021-08-14 01:18:31,929 [dc1bc205-c656-4131-aeb7-017f2f697be6@group-4B356EB9896A-FollowerState] INFO  impl.RoleInfo (RoleInfo.java:shutdownFollowerState(108)) - dc1bc205-c656-4131-aeb7-017f2f697be6: shutdown dc1bc205-c656-4131-aeb7-017f2f697be6@group-4B356EB9896A-FollowerState
2021-08-14 01:18:31,929 [dc1bc205-c656-4131-aeb7-017f2f697be6@group-4B356EB9896A-FollowerState] INFO  server.RaftServer$Division (RaftServerImpl.java:setRole(285)) - dc1bc205-c656-4131-aeb7-017f2f697be6@group-4B356EB9896A: changes role from  FOLLOWER to CANDIDATE at term 0 for changeToCandidate
2021-08-14 01:18:31,929 [dc1bc205-c656-4131-aeb7-017f2f697be6@group-4B356EB9896A-FollowerState] INFO  server.RaftServerConfigKeys (ConfUtils.java:logGet(44)) - raft.server.leaderelection.pre-vote = false (custom)
2021-08-14 01:18:31,929 [dc1bc205-c656-4131-aeb7-017f2f697be6@group-4B356EB9896A-FollowerState] INFO  impl.RoleInfo (RoleInfo.java:updateAndGet(130)) - dc1bc205-c656-4131-aeb7-017f2f697be6: start dc1bc205-c656-4131-aeb7-017f2f697be6@group-4B356EB9896A-LeaderElection5
2021-08-14 01:18:31,933 [dc1bc205-c656-4131-aeb7-017f2f697be6@group-4B356EB9896A-LeaderElection5] INFO  impl.LeaderElection (LeaderElection.java:askForVotes(306)) - dc1bc205-c656-4131-aeb7-017f2f697be6@group-4B356EB9896A-LeaderElection5 ELECTION round 0: submit vote requests at term 1 for -1: [dc1bc205-c656-4131-aeb7-017f2f697be6|rpc:10.1.0.41:41989|priority:1, d086c87f-93e9-45d6-b128-13443993bfce|rpc:10.1.0.41:44933|priority:0, 3c589ed3-8908-4216-b526-1467ebcaa331|rpc:10.1.0.41:34563|priority:0], old=null
2021-08-14 01:18:31,937 [grpc-default-executor-1] INFO  server.RaftServer$Division (RaftServerImpl.java:requestVote(1043)) - 3c589ed3-8908-4216-b526-1467ebcaa331@group-4B356EB9896A: receive requestVote(ELECTION, dc1bc205-c656-4131-aeb7-017f2f697be6, group-4B356EB9896A, 1, (t:0, i:0))
2021-08-14 01:18:31,937 [grpc-default-executor-1] INFO  impl.VoteContext (VoteContext.java:log(48)) - 3c589ed3-8908-4216-b526-1467ebcaa331@group-4B356EB9896A-FOLLOWER: accept ELECTION from dc1bc205-c656-4131-aeb7-017f2f697be6: our priority 0 <= candidate's priority 1
2021-08-14 01:18:31,938 [grpc-default-executor-1] INFO  server.RaftServer$Division (RaftServerImpl.java:setRole(285)) - 3c589ed3-8908-4216-b526-1467ebcaa331@group-4B356EB9896A: changes role from  FOLLOWER to FOLLOWER at term 1 for candidate:dc1bc205-c656-4131-aeb7-017f2f697be6
2021-08-14 01:18:31,938 [grpc-default-executor-1] INFO  impl.RoleInfo (RoleInfo.java:shutdownFollowerState(108)) - 3c589ed3-8908-4216-b526-1467ebcaa331: shutdown 3c589ed3-8908-4216-b526-1467ebcaa331@group-4B356EB9896A-FollowerState
2021-08-14 01:18:31,938 [grpc-default-executor-1] INFO  impl.RoleInfo (RoleInfo.java:updateAndGet(130)) - 3c589ed3-8908-4216-b526-1467ebcaa331: start 3c589ed3-8908-4216-b526-1467ebcaa331@group-4B356EB9896A-FollowerState
2021-08-14 01:18:31,938 [3c589ed3-8908-4216-b526-1467ebcaa331@group-4B356EB9896A-FollowerState] INFO  impl.FollowerState (FollowerState.java:run(143)) - 3c589ed3-8908-4216-b526-1467ebcaa331@group-4B356EB9896A-FollowerState was interrupted: {}
java.lang.InterruptedException: sleep interrupted
	at java.lang.Thread.sleep(Native Method)
	at java.lang.Thread.sleep(Thread.java:340)
	at java.util.concurrent.TimeUnit.sleep(TimeUnit.java:386)
	at org.apache.ratis.util.TimeDuration.sleep(TimeDuration.java:324)
	at org.apache.ratis.util.TimeDuration.sleep(TimeDuration.java:309)
	at org.apache.ratis.server.impl.FollowerState.run(FollowerState.java:118)
2021-08-14 01:18:31,941 [grpc-default-executor-1] INFO  server.RaftServer$Division (RaftServerImpl.java:requestVote(1075)) - 3c589ed3-8908-4216-b526-1467ebcaa331@group-4B356EB9896A replies to ELECTION vote request: dc1bc205-c656-4131-aeb7-017f2f697be6<-3c589ed3-8908-4216-b526-1467ebcaa331#0:OK-t1. Peer's state: 3c589ed3-8908-4216-b526-1467ebcaa331@group-4B356EB9896A:t1, leader=null, voted=dc1bc205-c656-4131-aeb7-017f2f697be6, raftlog=3c589ed3-8908-4216-b526-1467ebcaa331@group-4B356EB9896A-SegmentedRaftLog:OPENED:c-1,f-1,i0, conf=-1: [dc1bc205-c656-4131-aeb7-017f2f697be6|rpc:10.1.0.41:41989|dataStream:|priority:1, d086c87f-93e9-45d6-b128-13443993bfce|rpc:10.1.0.41:44933|dataStream:|priority:0, 3c589ed3-8908-4216-b526-1467ebcaa331|rpc:10.1.0.41:34563|dataStream:|priority:0], old=null
2021-08-14 01:18:31,943 [dc1bc205-c656-4131-aeb7-017f2f697be6@group-4B356EB9896A-LeaderElection5] INFO  impl.LeaderElection (LeaderElection.java:logAndReturn(89)) - dc1bc205-c656-4131-aeb7-017f2f697be6@group-4B356EB9896A-LeaderElection5: ELECTION PASSED received 1 response(s) and 0 exception(s):
2021-08-14 01:18:31,945 [dc1bc205-c656-4131-aeb7-017f2f697be6@group-4B356EB9896A-LeaderElection5] INFO  impl.LeaderElection (LeaderElection.java:logAndReturn(93)) -   Response 0: dc1bc205-c656-4131-aeb7-017f2f697be6<-3c589ed3-8908-4216-b526-1467ebcaa331#0:OK-t1
2021-08-14 01:18:31,945 [grpc-default-executor-0] INFO  server.RaftServer$Division (RaftServerImpl.java:requestVote(1043)) - d086c87f-93e9-45d6-b128-13443993bfce@group-4B356EB9896A: receive requestVote(ELECTION, dc1bc205-c656-4131-aeb7-017f2f697be6, group-4B356EB9896A, 1, (t:0, i:0))
2021-08-14 01:18:31,946 [grpc-default-executor-0] INFO  impl.VoteContext (VoteContext.java:log(48)) - d086c87f-93e9-45d6-b128-13443993bfce@group-4B356EB9896A-FOLLOWER: accept ELECTION from dc1bc205-c656-4131-aeb7-017f2f697be6: our priority 0 <= candidate's priority 1
2021-08-14 01:18:31,946 [dc1bc205-c656-4131-aeb7-017f2f697be6@group-4B356EB9896A-LeaderElection5] INFO  impl.LeaderElection (LeaderElection.java:askForVotes(308)) - dc1bc205-c656-4131-aeb7-017f2f697be6@group-4B356EB9896A-LeaderElection5 ELECTION round 0: result PASSED
2021-08-14 01:18:31,946 [dc1bc205-c656-4131-aeb7-017f2f697be6@group-4B356EB9896A-LeaderElection5] INFO  impl.RoleInfo (RoleInfo.java:shutdownLeaderElection(121)) - dc1bc205-c656-4131-aeb7-017f2f697be6: shutdown dc1bc205-c656-4131-aeb7-017f2f697be6@group-4B356EB9896A-LeaderElection5
2021-08-14 01:18:31,946 [dc1bc205-c656-4131-aeb7-017f2f697be6@group-4B356EB9896A-LeaderElection5] INFO  server.RaftServer$Division (RaftServerImpl.java:setRole(285)) - dc1bc205-c656-4131-aeb7-017f2f697be6@group-4B356EB9896A: changes role from CANDIDATE to LEADER at term 1 for changeToLeader
2021-08-14 01:18:31,946 [dc1bc205-c656-4131-aeb7-017f2f697be6@group-4B356EB9896A-LeaderElection5] INFO  ratis.XceiverServerRatis (XceiverServerRatis.java:handleLeaderChangedNotification(861)) - Leader change notification received for group: group-4B356EB9896A with new leaderId: dc1bc205-c656-4131-aeb7-017f2f697be6
2021-08-14 01:18:31,946 [dc1bc205-c656-4131-aeb7-017f2f697be6@group-4B356EB9896A-LeaderElection5] INFO  server.RaftServer$Division (ServerState.java:setLeader(285)) - dc1bc205-c656-4131-aeb7-017f2f697be6@group-4B356EB9896A: change Leader from null to dc1bc205-c656-4131-aeb7-017f2f697be6 at term 1 for becomeLeader, leader elected after 5116ms
2021-08-14 01:18:31,946 [dc1bc205-c656-4131-aeb7-017f2f697be6@group-4B356EB9896A-LeaderElection5] INFO  server.RaftServerConfigKeys (ConfUtils.java:logGet(44)) - raft.server.staging.catchup.gap = 1000 (default)
2021-08-14 01:18:31,946 [Datanode State Machine Thread - 0] WARN  statemachine.StateContext (StateContext.java:execute(621)) - No available thread in pool for past 0 seconds.
2021-08-14 01:18:31,947 [dc1bc205-c656-4131-aeb7-017f2f697be6@group-4B356EB9896A-LeaderElection5] INFO  server.RaftServerConfigKeys (ConfUtils.java:logGet(44)) - raft.server.write.element-limit = 1024 (custom)
2021-08-14 01:18:31,947 [dc1bc205-c656-4131-aeb7-017f2f697be6@group-4B356EB9896A-LeaderElection5] INFO  server.RaftServerConfigKeys (ConfUtils.java:logGet(44)) - raft.server.write.byte-limit = 1024 M (=1073741824) (custom)
2021-08-14 01:18:31,947 [dc1bc205-c656-4131-aeb7-017f2f697be6@group-4B356EB9896A-LeaderElection5] INFO  server.RaftServerConfigKeys (ConfUtils.java:logGet(44)) - raft.server.watch.timeout = 10000ms (default)
2021-08-14 01:18:31,947 [dc1bc205-c656-4131-aeb7-017f2f697be6@group-4B356EB9896A-LeaderElection5] INFO  server.RaftServerConfigKeys (ConfUtils.java:logGet(44)) - raft.server.watch.timeout.denomination = 1s (default)
2021-08-14 01:18:31,947 [dc1bc205-c656-4131-aeb7-017f2f697be6@group-4B356EB9896A-LeaderElection5] INFO  server.RaftServerConfigKeys (ConfUtils.java:logGet(44)) - raft.server.watch.element-limit = 65536 (default)
2021-08-14 01:18:31,948 [EventQueue-OpenPipelineForHealthyPipelineSafeModeRule] INFO  safemode.SCMSafeModeManager (HealthyPipelineSafeModeRule.java:process(124)) - SCM in safe mode. Healthy pipelines reported count is 0, required healthy pipeline reported count is 1
2021-08-14 01:18:31,946 [grpc-default-executor-0] INFO  server.RaftServer$Division (RaftServerImpl.java:setRole(285)) - d086c87f-93e9-45d6-b128-13443993bfce@group-4B356EB9896A: changes role from  FOLLOWER to FOLLOWER at term 1 for candidate:dc1bc205-c656-4131-aeb7-017f2f697be6
2021-08-14 01:18:31,948 [grpc-default-executor-0] INFO  impl.RoleInfo (RoleInfo.java:shutdownFollowerState(108)) - d086c87f-93e9-45d6-b128-13443993bfce: shutdown d086c87f-93e9-45d6-b128-13443993bfce@group-4B356EB9896A-FollowerState
2021-08-14 01:18:31,948 [grpc-default-executor-0] INFO  impl.RoleInfo (RoleInfo.java:updateAndGet(130)) - d086c87f-93e9-45d6-b128-13443993bfce: start d086c87f-93e9-45d6-b128-13443993bfce@group-4B356EB9896A-FollowerState
2021-08-14 01:18:31,948 [d086c87f-93e9-45d6-b128-13443993bfce@group-4B356EB9896A-FollowerState] INFO  impl.FollowerState (FollowerState.java:run(143)) - d086c87f-93e9-45d6-b128-13443993bfce@group-4B356EB9896A-FollowerState was interrupted: {}
java.lang.InterruptedException: sleep interrupted
	at java.lang.Thread.sleep(Native Method)
	at java.lang.Thread.sleep(Thread.java:340)
	at java.util.concurrent.TimeUnit.sleep(TimeUnit.java:386)
	at org.apache.ratis.util.TimeDuration.sleep(TimeDuration.java:324)
	at org.apache.ratis.util.TimeDuration.sleep(TimeDuration.java:309)
	at org.apache.ratis.server.impl.FollowerState.run(FollowerState.java:118)
2021-08-14 01:18:31,949 [EventQueue-PipelineReportForPipelineReportHandler] INFO  pipeline.PipelineManagerImpl (PipelineManagerImpl.java:openPipeline(283)) - Pipeline Pipeline[ Id: 982af588-8138-4230-b4b4-4b356eb9896a, Nodes: 3c589ed3-8908-4216-b526-1467ebcaa331{ip: 10.1.0.41, host: fv-az395-768.zfmzfyrfkyou3ow0tsr0jxwq1e.bx.internal.cloudapp.net, ports: [REPLICATION=43939, RATIS=34563, RATIS_ADMIN=34563, RATIS_SERVER=34563, STANDALONE=42419], networkLocation: /default-rack, certSerialId: null, persistedOpState: IN_SERVICE, persistedOpStateExpiryEpochSec: 0}dc1bc205-c656-4131-aeb7-017f2f697be6{ip: 10.1.0.41, host: fv-az395-768.zfmzfyrfkyou3ow0tsr0jxwq1e.bx.internal.cloudapp.net, ports: [REPLICATION=46523, RATIS=41989, RATIS_ADMIN=41989, RATIS_SERVER=41989, STANDALONE=40407], networkLocation: /default-rack, certSerialId: null, persistedOpState: IN_SERVICE, persistedOpStateExpiryEpochSec: 0}d086c87f-93e9-45d6-b128-13443993bfce{ip: 10.1.0.41, host: fv-az395-768.zfmzfyrfkyou3ow0tsr0jxwq1e.bx.internal.cloudapp.net, ports: [REPLICATION=39961, RATIS=44933, RATIS_ADMIN=44933, RATIS_SERVER=44933, STANDALONE=40627], networkLocation: /default-rack, certSerialId: null, persistedOpState: IN_SERVICE, persistedOpStateExpiryEpochSec: 0}, ReplicationConfig: RATIS/THREE, State:ALLOCATED, leaderId:dc1bc205-c656-4131-aeb7-017f2f697be6, CreationTimestamp2021-08-14T01:18:23.988Z[Etc/UTC]] moved to OPEN state
2021-08-14 01:18:31,949 [EventQueue-OpenPipelineForHealthyPipelineSafeModeRule] INFO  safemode.SCMSafeModeManager (HealthyPipelineSafeModeRule.java:process(124)) - SCM in safe mode. Healthy pipelines reported count is 0, required healthy pipeline reported count is 1
2021-08-14 01:18:31,949 [EventQueue-OpenPipelineForHealthyPipelineSafeModeRule] INFO  safemode.SCMSafeModeManager (HealthyPipelineSafeModeRule.java:process(124)) - SCM in safe mode. Healthy pipelines reported count is 1, required healthy pipeline reported count is 1
2021-08-14 01:18:31,949 [EventQueue-OpenPipelineForHealthyPipelineSafeModeRule] INFO  safemode.SCMSafeModeManager (SCMSafeModeManager.java:validateSafeModeExitRules(204)) - HealthyPipelineSafeModeRule rule is successfully validated
2021-08-14 01:18:31,949 [EventQueue-OpenPipelineForHealthyPipelineSafeModeRule] INFO  safemode.SCMSafeModeManager (SCMSafeModeManager.java:validateSafeModeExitRules(219)) - ScmSafeModeManager, all rules are successfully validated
2021-08-14 01:18:31,949 [EventQueue-OpenPipelineForHealthyPipelineSafeModeRule] INFO  safemode.SCMSafeModeManager (SCMSafeModeManager.java:exitSafeMode(248)) - SCM exiting safe mode.
2021-08-14 01:18:31,950 [EventQueue-OpenPipelineForHealthyPipelineSafeModeRule] WARN  events.EventQueue (EventQueue.java:fireEvent(194)) - No event handler registered for event TypedEvent{payloadType=SafeModeStatus, name='Safe mode status'}
2021-08-14 01:18:31,950 [EventQueue-OpenPipelineForHealthyPipelineSafeModeRule] INFO  ha.SCMContext (SCMContext.java:updateSafeModeStatus(205)) - Update SafeModeStatus from SafeModeStatus{safeModeStatus=true, preCheckPassed=true} to SafeModeStatus{safeModeStatus=false, preCheckPassed=true}.
2021-08-14 01:18:31,950 [EventQueue-OpenPipelineForHealthyPipelineSafeModeRule] INFO  pipeline.BackgroundPipelineCreator (BackgroundPipelineCreatorV2.java:notifyStatusChanged(264)) - Service BackgroundPipelineCreator transitions to RUNNING.
2021-08-14 01:18:31,950 [EventQueue-OpenPipelineForHealthyPipelineSafeModeRule] INFO  container.ReplicationManager (ReplicationManager.java:notifyStatusChanged(1679)) - Service ReplicationManager transitions to RUNNING.
2021-08-14 01:18:31,952 [grpc-default-executor-0] INFO  server.RaftServer$Division (RaftServerImpl.java:requestVote(1075)) - d086c87f-93e9-45d6-b128-13443993bfce@group-4B356EB9896A replies to ELECTION vote request: dc1bc205-c656-4131-aeb7-017f2f697be6<-d086c87f-93e9-45d6-b128-13443993bfce#0:OK-t1. Peer's state: d086c87f-93e9-45d6-b128-13443993bfce@group-4B356EB9896A:t1, leader=null, voted=dc1bc205-c656-4131-aeb7-017f2f697be6, raftlog=d086c87f-93e9-45d6-b128-13443993bfce@group-4B356EB9896A-SegmentedRaftLog:OPENED:c-1,f-1,i0, conf=-1: [dc1bc205-c656-4131-aeb7-017f2f697be6|rpc:10.1.0.41:41989|priority:1, d086c87f-93e9-45d6-b128-13443993bfce|rpc:10.1.0.41:44933|priority:0, 3c589ed3-8908-4216-b526-1467ebcaa331|rpc:10.1.0.41:34563|priority:0], old=null
2021-08-14 01:18:31,961 [dc1bc205-c656-4131-aeb7-017f2f697be6@group-4B356EB9896A-LeaderElection5] INFO  server.RaftServerConfigKeys (ConfUtils.java:logGet(44)) - raft.server.log.appender.snapshot.chunk.size.max = 16MB (=16777216) (default)
2021-08-14 01:18:31,962 [dc1bc205-c656-4131-aeb7-017f2f697be6@group-4B356EB9896A-LeaderElection5] INFO  server.RaftServerConfigKeys (ConfUtils.java:logGet(44)) - raft.server.log.appender.buffer.byte-limit = 33554432 (custom)
2021-08-14 01:18:31,962 [dc1bc205-c656-4131-aeb7-017f2f697be6@group-4B356EB9896A-LeaderElection5] INFO  server.RaftServerConfigKeys (ConfUtils.java:logGet(44)) - raft.server.log.appender.buffer.element-limit = 1 (custom)
2021-08-14 01:18:31,964 [dc1bc205-c656-4131-aeb7-017f2f697be6@group-4B356EB9896A-LeaderElection5] INFO  grpc.GrpcConfigKeys (ConfUtils.java:logGet(44)) - raft.grpc.server.leader.outstanding.appends.max = 128 (default)
2021-08-14 01:18:31,964 [dc1bc205-c656-4131-aeb7-017f2f697be6@group-4B356EB9896A-LeaderElection5] INFO  server.RaftServerConfigKeys (ConfUtils.java:logGet(44)) - raft.server.rpc.request.timeout = 3000ms (default)
2021-08-14 01:18:31,964 [dc1bc205-c656-4131-aeb7-017f2f697be6@group-4B356EB9896A-LeaderElection5] INFO  server.RaftServerConfigKeys (ConfUtils.java:logGet(44)) - raft.server.log.appender.install.snapshot.enabled = false (custom)
2021-08-14 01:18:31,980 [dc1bc205-c656-4131-aeb7-017f2f697be6@group-4B356EB9896A-LeaderElection5] INFO  server.RaftServerConfigKeys (ConfUtils.java:logGet(44)) - raft.server.log.appender.snapshot.chunk.size.max = 16MB (=16777216) (default)
2021-08-14 01:18:31,981 [dc1bc205-c656-4131-aeb7-017f2f697be6@group-4B356EB9896A-LeaderElection5] INFO  server.RaftServerConfigKeys (ConfUtils.java:logGet(44)) - raft.server.log.appender.buffer.byte-limit = 33554432 (custom)
2021-08-14 01:18:31,981 [dc1bc205-c656-4131-aeb7-017f2f697be6@group-4B356EB9896A-LeaderElection5] INFO  server.RaftServerConfigKeys (ConfUtils.java:logGet(44)) - raft.server.log.appender.buffer.element-limit = 1 (custom)
2021-08-14 01:18:31,981 [dc1bc205-c656-4131-aeb7-017f2f697be6@group-4B356EB9896A-LeaderElection5] INFO  grpc.GrpcConfigKeys (ConfUtils.java:logGet(44)) - raft.grpc.server.leader.outstanding.appends.max = 128 (default)
2021-08-14 01:18:31,981 [dc1bc205-c656-4131-aeb7-017f2f697be6@group-4B356EB9896A-LeaderElection5] INFO  server.RaftServerConfigKeys (ConfUtils.java:logGet(44)) - raft.server.rpc.request.timeout = 3000ms (default)
2021-08-14 01:18:31,982 [dc1bc205-c656-4131-aeb7-017f2f697be6@group-4B356EB9896A-LeaderElection5] INFO  server.RaftServerConfigKeys (ConfUtils.java:logGet(44)) - raft.server.log.appender.install.snapshot.enabled = false (custom)
2021-08-14 01:18:31,984 [dc1bc205-c656-4131-aeb7-017f2f697be6@group-4B356EB9896A-LeaderElection5] INFO  impl.RoleInfo (RoleInfo.java:updateAndGet(130)) - dc1bc205-c656-4131-aeb7-017f2f697be6: start dc1bc205-c656-4131-aeb7-017f2f697be6@group-4B356EB9896A-LeaderStateImpl
2021-08-14 01:18:31,984 [dc1bc205-c656-4131-aeb7-017f2f697be6@group-4B356EB9896A-LeaderElection5] INFO  segmented.SegmentedRaftLogWorker (SegmentedRaftLogWorker.java:startLogSegment(394)) - dc1bc205-c656-4131-aeb7-017f2f697be6@group-4B356EB9896A-SegmentedRaftLogWorker: Starting segment from index:0
2021-08-14 01:18:31,987 [dc1bc205-c656-4131-aeb7-017f2f697be6@group-4B356EB9896A-SegmentedRaftLogWorker] INFO  segmented.SegmentedRaftLogWorker (SegmentedRaftLogWorker.java:execute(601)) - dc1bc205-c656-4131-aeb7-017f2f697be6@group-4B356EB9896A-SegmentedRaftLogWorker: created new log segment /home/runner/work/ozone/ozone/hadoop-ozone/integration-test/target/test-dir/MiniOzoneClusterImpl-0159c105-9d83-42dd-92be-307c6655fab4/datanode-0/data/ratis/982af588-8138-4230-b4b4-4b356eb9896a/current/log_inprogress_0
2021-08-14 01:18:31,993 [dc1bc205-c656-4131-aeb7-017f2f697be6@group-4B356EB9896A-LeaderElection5] INFO  server.RaftServer$Division (ServerState.java:setRaftConf(387)) - dc1bc205-c656-4131-aeb7-017f2f697be6@group-4B356EB9896A: set configuration 0: [dc1bc205-c656-4131-aeb7-017f2f697be6|rpc:10.1.0.41:41989|dataStream:|priority:1, d086c87f-93e9-45d6-b128-13443993bfce|rpc:10.1.0.41:44933|dataStream:|priority:0, 3c589ed3-8908-4216-b526-1467ebcaa331|rpc:10.1.0.41:34563|dataStream:|priority:0], old=null
2021-08-14 01:18:31,999 [dc1bc205-c656-4131-aeb7-017f2f697be6@group-4B356EB9896A-StateMachineUpdater] INFO  ratis.ContainerStateMachine (ContainerStateMachine.java:takeSnapshot(293)) - group-4B356EB9896A: Taking a snapshot at:(t:1, i:0) file /home/runner/work/ozone/ozone/hadoop-ozone/integration-test/target/test-dir/MiniOzoneClusterImpl-0159c105-9d83-42dd-92be-307c6655fab4/datanode-0/data/ratis/982af588-8138-4230-b4b4-4b356eb9896a/sm/snapshot.1_0
2021-08-14 01:18:32,001 [dc1bc205-c656-4131-aeb7-017f2f697be6@group-4B356EB9896A-StateMachineUpdater] INFO  ratis.ContainerStateMachine (ContainerStateMachine.java:takeSnapshot(304)) - group-4B356EB9896A: Finished taking a snapshot at:(t:1, i:0) file:/home/runner/work/ozone/ozone/hadoop-ozone/integration-test/target/test-dir/MiniOzoneClusterImpl-0159c105-9d83-42dd-92be-307c6655fab4/datanode-0/data/ratis/982af588-8138-4230-b4b4-4b356eb9896a/sm/snapshot.1_0 took: 3 ms
2021-08-14 01:18:32,002 [dc1bc205-c656-4131-aeb7-017f2f697be6@group-4B356EB9896A-StateMachineUpdater] INFO  impl.StateMachineUpdater (StateMachineUpdater.java:takeSnapshot(281)) - dc1bc205-c656-4131-aeb7-017f2f697be6@group-4B356EB9896A-StateMachineUpdater: Took a snapshot at index 0
2021-08-14 01:18:32,002 [dc1bc205-c656-4131-aeb7-017f2f697be6@group-4B356EB9896A-StateMachineUpdater] INFO  impl.StateMachineUpdater (StateMachineUpdater.java:lambda$new$0(89)) - dc1bc205-c656-4131-aeb7-017f2f697be6@group-4B356EB9896A-StateMachineUpdater: snapshotIndex: updateIncreasingly -1 -> 0
2021-08-14 01:18:32,015 [grpc-default-executor-0] INFO  ratis.XceiverServerRatis (XceiverServerRatis.java:handleLeaderChangedNotification(861)) - Leader change notification received for group: group-4B356EB9896A with new leaderId: dc1bc205-c656-4131-aeb7-017f2f697be6
2021-08-14 01:18:32,015 [grpc-default-executor-0] INFO  server.RaftServer$Division (ServerState.java:setLeader(285)) - 3c589ed3-8908-4216-b526-1467ebcaa331@group-4B356EB9896A: change Leader from null to dc1bc205-c656-4131-aeb7-017f2f697be6 at term 1 for appendEntries, leader elected after 5127ms
2021-08-14 01:18:32,028 [grpc-default-executor-2] INFO  ratis.XceiverServerRatis (XceiverServerRatis.java:handleLeaderChangedNotification(861)) - Leader change notification received for group: group-4B356EB9896A with new leaderId: dc1bc205-c656-4131-aeb7-017f2f697be6
2021-08-14 01:18:32,028 [grpc-default-executor-2] INFO  server.RaftServer$Division (ServerState.java:setLeader(285)) - d086c87f-93e9-45d6-b128-13443993bfce@group-4B356EB9896A: change Leader from null to dc1bc205-c656-4131-aeb7-017f2f697be6 at term 1 for appendEntries, leader elected after 5154ms
2021-08-14 01:18:32,036 [grpc-default-executor-0] INFO  server.RaftServer$Division (ServerState.java:setRaftConf(387)) - 3c589ed3-8908-4216-b526-1467ebcaa331@group-4B356EB9896A: set configuration 0: [dc1bc205-c656-4131-aeb7-017f2f697be6|rpc:10.1.0.41:41989|dataStream:|priority:1, d086c87f-93e9-45d6-b128-13443993bfce|rpc:10.1.0.41:44933|dataStream:|priority:0, 3c589ed3-8908-4216-b526-1467ebcaa331|rpc:10.1.0.41:34563|dataStream:|priority:0], old=null
2021-08-14 01:18:32,037 [grpc-default-executor-0] INFO  segmented.SegmentedRaftLogWorker (SegmentedRaftLogWorker.java:startLogSegment(394)) - 3c589ed3-8908-4216-b526-1467ebcaa331@group-4B356EB9896A-SegmentedRaftLogWorker: Starting segment from index:0
2021-08-14 01:18:32,039 [3c589ed3-8908-4216-b526-1467ebcaa331@group-4B356EB9896A-SegmentedRaftLogWorker] INFO  segmented.SegmentedRaftLogWorker (SegmentedRaftLogWorker.java:execute(601)) - 3c589ed3-8908-4216-b526-1467ebcaa331@group-4B356EB9896A-SegmentedRaftLogWorker: created new log segment /home/runner/work/ozone/ozone/hadoop-ozone/integration-test/target/test-dir/MiniOzoneClusterImpl-0159c105-9d83-42dd-92be-307c6655fab4/datanode-2/data/ratis/982af588-8138-4230-b4b4-4b356eb9896a/current/log_inprogress_0
2021-08-14 01:18:32,045 [grpc-default-executor-2] INFO  server.RaftServer$Division (ServerState.java:setRaftConf(387)) - d086c87f-93e9-45d6-b128-13443993bfce@group-4B356EB9896A: set configuration 0: [dc1bc205-c656-4131-aeb7-017f2f697be6|rpc:10.1.0.41:41989|dataStream:|priority:1, d086c87f-93e9-45d6-b128-13443993bfce|rpc:10.1.0.41:44933|dataStream:|priority:0, 3c589ed3-8908-4216-b526-1467ebcaa331|rpc:10.1.0.41:34563|dataStream:|priority:0], old=null
2021-08-14 01:18:32,048 [3c589ed3-8908-4216-b526-1467ebcaa331@group-4B356EB9896A-StateMachineUpdater] INFO  ratis.ContainerStateMachine (ContainerStateMachine.java:takeSnapshot(293)) - group-4B356EB9896A: Taking a snapshot at:(t:1, i:0) file /home/runner/work/ozone/ozone/hadoop-ozone/integration-test/target/test-dir/MiniOzoneClusterImpl-0159c105-9d83-42dd-92be-307c6655fab4/datanode-2/data/ratis/982af588-8138-4230-b4b4-4b356eb9896a/sm/snapshot.1_0
2021-08-14 01:18:32,048 [grpc-default-executor-2] INFO  segmented.SegmentedRaftLogWorker (SegmentedRaftLogWorker.java:startLogSegment(394)) - d086c87f-93e9-45d6-b128-13443993bfce@group-4B356EB9896A-SegmentedRaftLogWorker: Starting segment from index:0
2021-08-14 01:18:32,049 [3c589ed3-8908-4216-b526-1467ebcaa331@group-4B356EB9896A-StateMachineUpdater] INFO  ratis.ContainerStateMachine (ContainerStateMachine.java:takeSnapshot(304)) - group-4B356EB9896A: Finished taking a snapshot at:(t:1, i:0) file:/home/runner/work/ozone/ozone/hadoop-ozone/integration-test/target/test-dir/MiniOzoneClusterImpl-0159c105-9d83-42dd-92be-307c6655fab4/datanode-2/data/ratis/982af588-8138-4230-b4b4-4b356eb9896a/sm/snapshot.1_0 took: 1 ms
2021-08-14 01:18:32,049 [3c589ed3-8908-4216-b526-1467ebcaa331@group-4B356EB9896A-StateMachineUpdater] INFO  impl.StateMachineUpdater (StateMachineUpdater.java:takeSnapshot(281)) - 3c589ed3-8908-4216-b526-1467ebcaa331@group-4B356EB9896A-StateMachineUpdater: Took a snapshot at index 0
2021-08-14 01:18:32,049 [3c589ed3-8908-4216-b526-1467ebcaa331@group-4B356EB9896A-StateMachineUpdater] INFO  impl.StateMachineUpdater (StateMachineUpdater.java:lambda$new$0(89)) - 3c589ed3-8908-4216-b526-1467ebcaa331@group-4B356EB9896A-StateMachineUpdater: snapshotIndex: updateIncreasingly -1 -> 0
2021-08-14 01:18:32,049 [d086c87f-93e9-45d6-b128-13443993bfce@group-4B356EB9896A-SegmentedRaftLogWorker] INFO  segmented.SegmentedRaftLogWorker (SegmentedRaftLogWorker.java:execute(601)) - d086c87f-93e9-45d6-b128-13443993bfce@group-4B356EB9896A-SegmentedRaftLogWorker: created new log segment /home/runner/work/ozone/ozone/hadoop-ozone/integration-test/target/test-dir/MiniOzoneClusterImpl-0159c105-9d83-42dd-92be-307c6655fab4/datanode-1/data/ratis/982af588-8138-4230-b4b4-4b356eb9896a/current/log_inprogress_0
2021-08-14 01:18:32,058 [d086c87f-93e9-45d6-b128-13443993bfce@group-4B356EB9896A-StateMachineUpdater] INFO  ratis.ContainerStateMachine (ContainerStateMachine.java:takeSnapshot(293)) - group-4B356EB9896A: Taking a snapshot at:(t:1, i:0) file /home/runner/work/ozone/ozone/hadoop-ozone/integration-test/target/test-dir/MiniOzoneClusterImpl-0159c105-9d83-42dd-92be-307c6655fab4/datanode-1/data/ratis/982af588-8138-4230-b4b4-4b356eb9896a/sm/snapshot.1_0
2021-08-14 01:18:32,058 [d086c87f-93e9-45d6-b128-13443993bfce@group-4B356EB9896A-StateMachineUpdater] INFO  ratis.ContainerStateMachine (ContainerStateMachine.java:takeSnapshot(304)) - group-4B356EB9896A: Finished taking a snapshot at:(t:1, i:0) file:/home/runner/work/ozone/ozone/hadoop-ozone/integration-test/target/test-dir/MiniOzoneClusterImpl-0159c105-9d83-42dd-92be-307c6655fab4/datanode-1/data/ratis/982af588-8138-4230-b4b4-4b356eb9896a/sm/snapshot.1_0 took: 0 ms
2021-08-14 01:18:32,059 [d086c87f-93e9-45d6-b128-13443993bfce@group-4B356EB9896A-StateMachineUpdater] INFO  impl.StateMachineUpdater (StateMachineUpdater.java:takeSnapshot(281)) - d086c87f-93e9-45d6-b128-13443993bfce@group-4B356EB9896A-StateMachineUpdater: Took a snapshot at index 0
2021-08-14 01:18:32,059 [d086c87f-93e9-45d6-b128-13443993bfce@group-4B356EB9896A-StateMachineUpdater] INFO  impl.StateMachineUpdater (StateMachineUpdater.java:lambda$new$0(89)) - d086c87f-93e9-45d6-b128-13443993bfce@group-4B356EB9896A-StateMachineUpdater: snapshotIndex: updateIncreasingly -1 -> 0
2021-08-14 01:18:32,203 [3c589ed3-8908-4216-b526-1467ebcaa331@group-A088502DC84F-FollowerState] INFO  impl.FollowerState (FollowerState.java:run(134)) - 3c589ed3-8908-4216-b526-1467ebcaa331@group-A088502DC84F-FollowerState: change to CANDIDATE, lastRpcElapsedTime:5190267529ns, electionTimeout:5189ms
2021-08-14 01:18:32,203 [3c589ed3-8908-4216-b526-1467ebcaa331@group-A088502DC84F-FollowerState] INFO  impl.RoleInfo (RoleInfo.java:shutdownFollowerState(108)) - 3c589ed3-8908-4216-b526-1467ebcaa331: shutdown 3c589ed3-8908-4216-b526-1467ebcaa331@group-A088502DC84F-FollowerState
2021-08-14 01:18:32,203 [3c589ed3-8908-4216-b526-1467ebcaa331@group-A088502DC84F-FollowerState] INFO  server.RaftServer$Division (RaftServerImpl.java:setRole(285)) - 3c589ed3-8908-4216-b526-1467ebcaa331@group-A088502DC84F: changes role from  FOLLOWER to CANDIDATE at term 0 for changeToCandidate
2021-08-14 01:18:32,205 [3c589ed3-8908-4216-b526-1467ebcaa331@group-A088502DC84F-FollowerState] INFO  server.RaftServerConfigKeys (ConfUtils.java:logGet(44)) - raft.server.leaderelection.pre-vote = false (custom)
2021-08-14 01:18:32,205 [3c589ed3-8908-4216-b526-1467ebcaa331@group-A088502DC84F-FollowerState] INFO  impl.RoleInfo (RoleInfo.java:updateAndGet(130)) - 3c589ed3-8908-4216-b526-1467ebcaa331: start 3c589ed3-8908-4216-b526-1467ebcaa331@group-A088502DC84F-LeaderElection6
2021-08-14 01:18:32,213 [3c589ed3-8908-4216-b526-1467ebcaa331@group-A088502DC84F-LeaderElection6] INFO  impl.LeaderElection (LeaderElection.java:askForVotes(306)) - 3c589ed3-8908-4216-b526-1467ebcaa331@group-A088502DC84F-LeaderElection6 ELECTION round 0: submit vote requests at term 1 for -1: [3c589ed3-8908-4216-b526-1467ebcaa331|rpc:10.1.0.41:34563|priority:1], old=null
2021-08-14 01:18:32,213 [3c589ed3-8908-4216-b526-1467ebcaa331@group-A088502DC84F-LeaderElection6] INFO  impl.LeaderElection (LeaderElection.java:askForVotes(308)) - 3c589ed3-8908-4216-b526-1467ebcaa331@group-A088502DC84F-LeaderElection6 ELECTION round 0: result PASSED (term=1)
2021-08-14 01:18:32,213 [3c589ed3-8908-4216-b526-1467ebcaa331@group-A088502DC84F-LeaderElection6] INFO  impl.RoleInfo (RoleInfo.java:shutdownLeaderElection(121)) - 3c589ed3-8908-4216-b526-1467ebcaa331: shutdown 3c589ed3-8908-4216-b526-1467ebcaa331@group-A088502DC84F-LeaderElection6
2021-08-14 01:18:32,213 [3c589ed3-8908-4216-b526-1467ebcaa331@group-A088502DC84F-LeaderElection6] INFO  server.RaftServer$Division (RaftServerImpl.java:setRole(285)) - 3c589ed3-8908-4216-b526-1467ebcaa331@group-A088502DC84F: changes role from CANDIDATE to LEADER at term 1 for changeToLeader
2021-08-14 01:18:32,213 [3c589ed3-8908-4216-b526-1467ebcaa331@group-A088502DC84F-LeaderElection6] INFO  ratis.XceiverServerRatis (XceiverServerRatis.java:handleLeaderChangedNotification(861)) - Leader change notification received for group: group-A088502DC84F with new leaderId: 3c589ed3-8908-4216-b526-1467ebcaa331
2021-08-14 01:18:32,213 [3c589ed3-8908-4216-b526-1467ebcaa331@group-A088502DC84F-LeaderElection6] INFO  server.RaftServer$Division (ServerState.java:setLeader(285)) - 3c589ed3-8908-4216-b526-1467ebcaa331@group-A088502DC84F: change Leader from null to 3c589ed3-8908-4216-b526-1467ebcaa331 at term 1 for becomeLeader, leader elected after 5224ms
2021-08-14 01:18:32,213 [Datanode State Machine Thread - 0] WARN  statemachine.StateContext (StateContext.java:execute(621)) - No available thread in pool for past 0 seconds.
2021-08-14 01:18:32,214 [3c589ed3-8908-4216-b526-1467ebcaa331@group-A088502DC84F-LeaderElection6] INFO  server.RaftServerConfigKeys (ConfUtils.java:logGet(44)) - raft.server.staging.catchup.gap = 1000 (default)
2021-08-14 01:18:32,214 [3c589ed3-8908-4216-b526-1467ebcaa331@group-A088502DC84F-LeaderElection6] INFO  server.RaftServerConfigKeys (ConfUtils.java:logGet(44)) - raft.server.write.element-limit = 1024 (custom)
2021-08-14 01:18:32,214 [3c589ed3-8908-4216-b526-1467ebcaa331@group-A088502DC84F-LeaderElection6] INFO  server.RaftServerConfigKeys (ConfUtils.java:logGet(44)) - raft.server.write.byte-limit = 1024 M (=1073741824) (custom)
2021-08-14 01:18:32,219 [3c589ed3-8908-4216-b526-1467ebcaa331@group-A088502DC84F-LeaderElection6] INFO  server.RaftServerConfigKeys (ConfUtils.java:logGet(44)) - raft.server.watch.timeout = 10000ms (default)
2021-08-14 01:18:32,219 [3c589ed3-8908-4216-b526-1467ebcaa331@group-A088502DC84F-LeaderElection6] INFO  server.RaftServerConfigKeys (ConfUtils.java:logGet(44)) - raft.server.watch.timeout.denomination = 1s (default)
2021-08-14 01:18:32,219 [3c589ed3-8908-4216-b526-1467ebcaa331@group-A088502DC84F-LeaderElection6] INFO  server.RaftServerConfigKeys (ConfUtils.java:logGet(44)) - raft.server.watch.element-limit = 65536 (default)
2021-08-14 01:18:32,220 [3c589ed3-8908-4216-b526-1467ebcaa331@group-A088502DC84F-LeaderElection6] INFO  impl.RoleInfo (RoleInfo.java:updateAndGet(130)) - 3c589ed3-8908-4216-b526-1467ebcaa331: start 3c589ed3-8908-4216-b526-1467ebcaa331@group-A088502DC84F-LeaderStateImpl
2021-08-14 01:18:32,221 [3c589ed3-8908-4216-b526-1467ebcaa331@group-A088502DC84F-LeaderElection6] INFO  segmented.SegmentedRaftLogWorker (SegmentedRaftLogWorker.java:startLogSegment(394)) - 3c589ed3-8908-4216-b526-1467ebcaa331@group-A088502DC84F-SegmentedRaftLogWorker: Starting segment from index:0
2021-08-14 01:18:32,222 [3c589ed3-8908-4216-b526-1467ebcaa331@group-A088502DC84F-SegmentedRaftLogWorker] INFO  segmented.SegmentedRaftLogWorker (SegmentedRaftLogWorker.java:execute(601)) - 3c589ed3-8908-4216-b526-1467ebcaa331@group-A088502DC84F-SegmentedRaftLogWorker: created new log segment /home/runner/work/ozone/ozone/hadoop-ozone/integration-test/target/test-dir/MiniOzoneClusterImpl-0159c105-9d83-42dd-92be-307c6655fab4/datanode-2/data/ratis/d95aba07-9faf-4ebd-9215-a088502dc84f/current/log_inprogress_0
2021-08-14 01:18:32,224 [3c589ed3-8908-4216-b526-1467ebcaa331@group-A088502DC84F-LeaderElection6] INFO  server.RaftServer$Division (ServerState.java:setRaftConf(387)) - 3c589ed3-8908-4216-b526-1467ebcaa331@group-A088502DC84F: set configuration 0: [3c589ed3-8908-4216-b526-1467ebcaa331|rpc:10.1.0.41:34563|dataStream:|priority:1], old=null
2021-08-14 01:18:32,225 [3c589ed3-8908-4216-b526-1467ebcaa331@group-A088502DC84F-StateMachineUpdater] INFO  ratis.ContainerStateMachine (ContainerStateMachine.java:takeSnapshot(293)) - group-A088502DC84F: Taking a snapshot at:(t:1, i:0) file /home/runner/work/ozone/ozone/hadoop-ozone/integration-test/target/test-dir/MiniOzoneClusterImpl-0159c105-9d83-42dd-92be-307c6655fab4/datanode-2/data/ratis/d95aba07-9faf-4ebd-9215-a088502dc84f/sm/snapshot.1_0
2021-08-14 01:18:32,226 [3c589ed3-8908-4216-b526-1467ebcaa331@group-A088502DC84F-StateMachineUpdater] INFO  ratis.ContainerStateMachine (ContainerStateMachine.java:takeSnapshot(304)) - group-A088502DC84F: Finished taking a snapshot at:(t:1, i:0) file:/home/runner/work/ozone/ozone/hadoop-ozone/integration-test/target/test-dir/MiniOzoneClusterImpl-0159c105-9d83-42dd-92be-307c6655fab4/datanode-2/data/ratis/d95aba07-9faf-4ebd-9215-a088502dc84f/sm/snapshot.1_0 took: 1 ms
2021-08-14 01:18:32,226 [3c589ed3-8908-4216-b526-1467ebcaa331@group-A088502DC84F-StateMachineUpdater] INFO  impl.StateMachineUpdater (StateMachineUpdater.java:takeSnapshot(281)) - 3c589ed3-8908-4216-b526-1467ebcaa331@group-A088502DC84F-StateMachineUpdater: Took a snapshot at index 0
2021-08-14 01:18:32,226 [3c589ed3-8908-4216-b526-1467ebcaa331@group-A088502DC84F-StateMachineUpdater] INFO  impl.StateMachineUpdater (StateMachineUpdater.java:lambda$new$0(89)) - 3c589ed3-8908-4216-b526-1467ebcaa331@group-A088502DC84F-StateMachineUpdater: snapshotIndex: updateIncreasingly -1 -> 0
2021-08-14 01:18:32,382 [e001c49e-a42c-4009-8532-6b023fb26190@group-4B23B5613FD9-FollowerState] INFO  impl.FollowerState (FollowerState.java:run(134)) - e001c49e-a42c-4009-8532-6b023fb26190@group-4B23B5613FD9-FollowerState: change to CANDIDATE, lastRpcElapsedTime:5151642476ns, electionTimeout:5150ms
2021-08-14 01:18:32,382 [e001c49e-a42c-4009-8532-6b023fb26190@group-4B23B5613FD9-FollowerState] INFO  impl.RoleInfo (RoleInfo.java:shutdownFollowerState(108)) - e001c49e-a42c-4009-8532-6b023fb26190: shutdown e001c49e-a42c-4009-8532-6b023fb26190@group-4B23B5613FD9-FollowerState
2021-08-14 01:18:32,382 [e001c49e-a42c-4009-8532-6b023fb26190@group-4B23B5613FD9-FollowerState] INFO  server.RaftServer$Division (RaftServerImpl.java:setRole(285)) - e001c49e-a42c-4009-8532-6b023fb26190@group-4B23B5613FD9: changes role from  FOLLOWER to CANDIDATE at term 0 for changeToCandidate
2021-08-14 01:18:32,384 [e001c49e-a42c-4009-8532-6b023fb26190@group-4B23B5613FD9-FollowerState] INFO  server.RaftServerConfigKeys (ConfUtils.java:logGet(44)) - raft.server.leaderelection.pre-vote = false (custom)
2021-08-14 01:18:32,384 [e001c49e-a42c-4009-8532-6b023fb26190@group-4B23B5613FD9-FollowerState] INFO  impl.RoleInfo (RoleInfo.java:updateAndGet(130)) - e001c49e-a42c-4009-8532-6b023fb26190: start e001c49e-a42c-4009-8532-6b023fb26190@group-4B23B5613FD9-LeaderElection7
2021-08-14 01:18:32,392 [e001c49e-a42c-4009-8532-6b023fb26190@group-4B23B5613FD9-LeaderElection7] INFO  impl.LeaderElection (LeaderElection.java:askForVotes(306)) - e001c49e-a42c-4009-8532-6b023fb26190@group-4B23B5613FD9-LeaderElection7 ELECTION round 0: submit vote requests at term 1 for -1: [e001c49e-a42c-4009-8532-6b023fb26190|rpc:10.1.0.41:44999|priority:1], old=null
2021-08-14 01:18:32,392 [e001c49e-a42c-4009-8532-6b023fb26190@group-4B23B5613FD9-LeaderElection7] INFO  impl.LeaderElection (LeaderElection.java:askForVotes(308)) - e001c49e-a42c-4009-8532-6b023fb26190@group-4B23B5613FD9-LeaderElection7 ELECTION round 0: result PASSED (term=1)
2021-08-14 01:18:32,392 [e001c49e-a42c-4009-8532-6b023fb26190@group-4B23B5613FD9-LeaderElection7] INFO  impl.RoleInfo (RoleInfo.java:shutdownLeaderElection(121)) - e001c49e-a42c-4009-8532-6b023fb26190: shutdown e001c49e-a42c-4009-8532-6b023fb26190@group-4B23B5613FD9-LeaderElection7
2021-08-14 01:18:32,392 [e001c49e-a42c-4009-8532-6b023fb26190@group-4B23B5613FD9-LeaderElection7] INFO  server.RaftServer$Division (RaftServerImpl.java:setRole(285)) - e001c49e-a42c-4009-8532-6b023fb26190@group-4B23B5613FD9: changes role from CANDIDATE to LEADER at term 1 for changeToLeader
2021-08-14 01:18:32,392 [e001c49e-a42c-4009-8532-6b023fb26190@group-4B23B5613FD9-LeaderElection7] INFO  ratis.XceiverServerRatis (XceiverServerRatis.java:handleLeaderChangedNotification(861)) - Leader change notification received for group: group-4B23B5613FD9 with new leaderId: e001c49e-a42c-4009-8532-6b023fb26190
2021-08-14 01:18:32,393 [e001c49e-a42c-4009-8532-6b023fb26190@group-4B23B5613FD9-LeaderElection7] INFO  server.RaftServer$Division (ServerState.java:setLeader(285)) - e001c49e-a42c-4009-8532-6b023fb26190@group-4B23B5613FD9: change Leader from null to e001c49e-a42c-4009-8532-6b023fb26190 at term 1 for becomeLeader, leader elected after 5183ms
2021-08-14 01:18:32,393 [e001c49e-a42c-4009-8532-6b023fb26190@group-4B23B5613FD9-LeaderElection7] INFO  server.RaftServerConfigKeys (ConfUtils.java:logGet(44)) - raft.server.staging.catchup.gap = 1000 (default)
2021-08-14 01:18:32,394 [e001c49e-a42c-4009-8532-6b023fb26190@group-4B23B5613FD9-LeaderElection7] INFO  server.RaftServerConfigKeys (ConfUtils.java:logGet(44)) - raft.server.write.element-limit = 1024 (custom)
2021-08-14 01:18:32,395 [e001c49e-a42c-4009-8532-6b023fb26190@group-4B23B5613FD9-LeaderElection7] INFO  server.RaftServerConfigKeys (ConfUtils.java:logGet(44)) - raft.server.write.byte-limit = 1024 M (=1073741824) (custom)
2021-08-14 01:18:32,395 [e001c49e-a42c-4009-8532-6b023fb26190@group-4B23B5613FD9-LeaderElection7] INFO  server.RaftServerConfigKeys (ConfUtils.java:logGet(44)) - raft.server.watch.timeout = 10000ms (default)
2021-08-14 01:18:32,395 [e001c49e-a42c-4009-8532-6b023fb26190@group-4B23B5613FD9-LeaderElection7] INFO  server.RaftServerConfigKeys (ConfUtils.java:logGet(44)) - raft.server.watch.timeout.denomination = 1s (default)
2021-08-14 01:18:32,395 [e001c49e-a42c-4009-8532-6b023fb26190@group-4B23B5613FD9-LeaderElection7] INFO  server.RaftServerConfigKeys (ConfUtils.java:logGet(44)) - raft.server.watch.element-limit = 65536 (default)
2021-08-14 01:18:32,395 [e001c49e-a42c-4009-8532-6b023fb26190@group-4B23B5613FD9-LeaderElection7] INFO  impl.RoleInfo (RoleInfo.java:updateAndGet(130)) - e001c49e-a42c-4009-8532-6b023fb26190: start e001c49e-a42c-4009-8532-6b023fb26190@group-4B23B5613FD9-LeaderStateImpl
2021-08-14 01:18:32,396 [e001c49e-a42c-4009-8532-6b023fb26190@group-4B23B5613FD9-LeaderElection7] INFO  segmented.SegmentedRaftLogWorker (SegmentedRaftLogWorker.java:startLogSegment(394)) - e001c49e-a42c-4009-8532-6b023fb26190@group-4B23B5613FD9-SegmentedRaftLogWorker: Starting segment from index:0
2021-08-14 01:18:32,397 [e001c49e-a42c-4009-8532-6b023fb26190@group-4B23B5613FD9-SegmentedRaftLogWorker] INFO  segmented.SegmentedRaftLogWorker (SegmentedRaftLogWorker.java:execute(601)) - e001c49e-a42c-4009-8532-6b023fb26190@group-4B23B5613FD9-SegmentedRaftLogWorker: created new log segment /home/runner/work/ozone/ozone/hadoop-ozone/integration-test/target/test-dir/MiniOzoneClusterImpl-0159c105-9d83-42dd-92be-307c6655fab4/datanode-3/data/ratis/80e47de2-3329-42e6-b6c5-4b23b5613fd9/current/log_inprogress_0
2021-08-14 01:18:32,398 [e001c49e-a42c-4009-8532-6b023fb26190@group-1F605C6D1329-FollowerState] INFO  impl.FollowerState (FollowerState.java:run(134)) - e001c49e-a42c-4009-8532-6b023fb26190@group-1F605C6D1329-FollowerState: change to CANDIDATE, lastRpcElapsedTime:5147152146ns, electionTimeout:5146ms
2021-08-14 01:18:32,398 [e001c49e-a42c-4009-8532-6b023fb26190@group-1F605C6D1329-FollowerState] INFO  impl.RoleInfo (RoleInfo.java:shutdownFollowerState(108)) - e001c49e-a42c-4009-8532-6b023fb26190: shutdown e001c49e-a42c-4009-8532-6b023fb26190@group-1F605C6D1329-FollowerState
2021-08-14 01:18:32,398 [e001c49e-a42c-4009-8532-6b023fb26190@group-1F605C6D1329-FollowerState] INFO  server.RaftServer$Division (RaftServerImpl.java:setRole(285)) - e001c49e-a42c-4009-8532-6b023fb26190@group-1F605C6D1329: changes role from  FOLLOWER to CANDIDATE at term 0 for changeToCandidate
2021-08-14 01:18:32,398 [e001c49e-a42c-4009-8532-6b023fb26190@group-1F605C6D1329-FollowerState] INFO  server.RaftServerConfigKeys (ConfUtils.java:logGet(44)) - raft.server.leaderelection.pre-vote = false (custom)
2021-08-14 01:18:32,398 [e001c49e-a42c-4009-8532-6b023fb26190@group-1F605C6D1329-FollowerState] INFO  impl.RoleInfo (RoleInfo.java:updateAndGet(130)) - e001c49e-a42c-4009-8532-6b023fb26190: start e001c49e-a42c-4009-8532-6b023fb26190@group-1F605C6D1329-LeaderElection8
2021-08-14 01:18:32,398 [e001c49e-a42c-4009-8532-6b023fb26190@group-4B23B5613FD9-LeaderElection7] INFO  server.RaftServer$Division (ServerState.java:setRaftConf(387)) - e001c49e-a42c-4009-8532-6b023fb26190@group-4B23B5613FD9: set configuration 0: [e001c49e-a42c-4009-8532-6b023fb26190|rpc:10.1.0.41:44999|dataStream:|priority:1], old=null
2021-08-14 01:18:32,405 [e001c49e-a42c-4009-8532-6b023fb26190@group-A1881E31F5E3-FollowerState] INFO  impl.FollowerState (FollowerState.java:run(134)) - e001c49e-a42c-4009-8532-6b023fb26190@group-A1881E31F5E3-FollowerState: change to CANDIDATE, lastRpcElapsedTime:5057120159ns, electionTimeout:5056ms
2021-08-14 01:18:32,405 [e001c49e-a42c-4009-8532-6b023fb26190@group-A1881E31F5E3-FollowerState] INFO  impl.RoleInfo (RoleInfo.java:shutdownFollowerState(108)) - e001c49e-a42c-4009-8532-6b023fb26190: shutdown e001c49e-a42c-4009-8532-6b023fb26190@group-A1881E31F5E3-FollowerState
2021-08-14 01:18:32,405 [e001c49e-a42c-4009-8532-6b023fb26190@group-A1881E31F5E3-FollowerState] INFO  server.RaftServer$Division (RaftServerImpl.java:setRole(285)) - e001c49e-a42c-4009-8532-6b023fb26190@group-A1881E31F5E3: changes role from  FOLLOWER to CANDIDATE at term 0 for changeToCandidate
2021-08-14 01:18:32,405 [e001c49e-a42c-4009-8532-6b023fb26190@group-A1881E31F5E3-FollowerState] INFO  server.RaftServerConfigKeys (ConfUtils.java:logGet(44)) - raft.server.leaderelection.pre-vote = false (custom)
2021-08-14 01:18:32,405 [e001c49e-a42c-4009-8532-6b023fb26190@group-A1881E31F5E3-FollowerState] INFO  impl.RoleInfo (RoleInfo.java:updateAndGet(130)) - e001c49e-a42c-4009-8532-6b023fb26190: start e001c49e-a42c-4009-8532-6b023fb26190@group-A1881E31F5E3-LeaderElection9
2021-08-14 01:18:32,411 [e001c49e-a42c-4009-8532-6b023fb26190@group-4B23B5613FD9-StateMachineUpdater] INFO  ratis.ContainerStateMachine (ContainerStateMachine.java:takeSnapshot(293)) - group-4B23B5613FD9: Taking a snapshot at:(t:1, i:0) file /home/runner/work/ozone/ozone/hadoop-ozone/integration-test/target/test-dir/MiniOzoneClusterImpl-0159c105-9d83-42dd-92be-307c6655fab4/datanode-3/data/ratis/80e47de2-3329-42e6-b6c5-4b23b5613fd9/sm/snapshot.1_0
2021-08-14 01:18:32,414 [e001c49e-a42c-4009-8532-6b023fb26190@group-4B23B5613FD9-StateMachineUpdater] INFO  ratis.ContainerStateMachine (ContainerStateMachine.java:takeSnapshot(304)) - group-4B23B5613FD9: Finished taking a snapshot at:(t:1, i:0) file:/home/runner/work/ozone/ozone/hadoop-ozone/integration-test/target/test-dir/MiniOzoneClusterImpl-0159c105-9d83-42dd-92be-307c6655fab4/datanode-3/data/ratis/80e47de2-3329-42e6-b6c5-4b23b5613fd9/sm/snapshot.1_0 took: 4 ms
2021-08-14 01:18:32,415 [e001c49e-a42c-4009-8532-6b023fb26190@group-4B23B5613FD9-StateMachineUpdater] INFO  impl.StateMachineUpdater (StateMachineUpdater.java:takeSnapshot(281)) - e001c49e-a42c-4009-8532-6b023fb26190@group-4B23B5613FD9-StateMachineUpdater: Took a snapshot at index 0
2021-08-14 01:18:32,415 [e001c49e-a42c-4009-8532-6b023fb26190@group-4B23B5613FD9-StateMachineUpdater] INFO  impl.StateMachineUpdater (StateMachineUpdater.java:lambda$new$0(89)) - e001c49e-a42c-4009-8532-6b023fb26190@group-4B23B5613FD9-StateMachineUpdater: snapshotIndex: updateIncreasingly -1 -> 0
2021-08-14 01:18:32,418 [e001c49e-a42c-4009-8532-6b023fb26190@group-A1881E31F5E3-LeaderElection9] INFO  impl.LeaderElection (LeaderElection.java:askForVotes(306)) - e001c49e-a42c-4009-8532-6b023fb26190@group-A1881E31F5E3-LeaderElection9 ELECTION round 0: submit vote requests at term 1 for -1: [285644d5-5d69-4e05-afbc-1ae5a883cebd|rpc:10.1.0.41:34921|priority:1, ac78b934-d09a-4407-918e-43db40751b5e|rpc:10.1.0.41:43943|priority:0, e001c49e-a42c-4009-8532-6b023fb26190|rpc:10.1.0.41:44999|priority:0], old=null
2021-08-14 01:18:32,418 [e001c49e-a42c-4009-8532-6b023fb26190@group-1F605C6D1329-LeaderElection8] INFO  impl.LeaderElection (LeaderElection.java:askForVotes(306)) - e001c49e-a42c-4009-8532-6b023fb26190@group-1F605C6D1329-LeaderElection8 ELECTION round 0: submit vote requests at term 1 for -1: [285644d5-5d69-4e05-afbc-1ae5a883cebd|rpc:10.1.0.41:34921|priority:0, ac78b934-d09a-4407-918e-43db40751b5e|rpc:10.1.0.41:43943|priority:0, e001c49e-a42c-4009-8532-6b023fb26190|rpc:10.1.0.41:44999|priority:1], old=null
2021-08-14 01:18:32,424 [ac78b934-d09a-4407-918e-43db40751b5e@group-1F605C6D1329-FollowerState] INFO  impl.FollowerState (FollowerState.java:run(134)) - ac78b934-d09a-4407-918e-43db40751b5e@group-1F605C6D1329-FollowerState: change to CANDIDATE, lastRpcElapsedTime:5133370557ns, electionTimeout:5132ms
2021-08-14 01:18:32,424 [ac78b934-d09a-4407-918e-43db40751b5e@group-1F605C6D1329-FollowerState] INFO  impl.RoleInfo (RoleInfo.java:shutdownFollowerState(108)) - ac78b934-d09a-4407-918e-43db40751b5e: shutdown ac78b934-d09a-4407-918e-43db40751b5e@group-1F605C6D1329-FollowerState
2021-08-14 01:18:32,424 [ac78b934-d09a-4407-918e-43db40751b5e@group-1F605C6D1329-FollowerState] INFO  server.RaftServer$Division (RaftServerImpl.java:setRole(285)) - ac78b934-d09a-4407-918e-43db40751b5e@group-1F605C6D1329: changes role from  FOLLOWER to CANDIDATE at term 0 for changeToCandidate
2021-08-14 01:18:32,427 [ac78b934-d09a-4407-918e-43db40751b5e@group-1F605C6D1329-FollowerState] INFO  server.RaftServerConfigKeys (ConfUtils.java:logGet(44)) - raft.server.leaderelection.pre-vote = false (custom)
2021-08-14 01:18:32,427 [ac78b934-d09a-4407-918e-43db40751b5e@group-1F605C6D1329-FollowerState] INFO  impl.RoleInfo (RoleInfo.java:updateAndGet(130)) - ac78b934-d09a-4407-918e-43db40751b5e: start ac78b934-d09a-4407-918e-43db40751b5e@group-1F605C6D1329-LeaderElection10
2021-08-14 01:18:32,436 [grpc-default-executor-1] INFO  server.RaftServer$Division (RaftServerImpl.java:requestVote(1043)) - 285644d5-5d69-4e05-afbc-1ae5a883cebd@group-1F605C6D1329: receive requestVote(ELECTION, e001c49e-a42c-4009-8532-6b023fb26190, group-1F605C6D1329, 1, (t:0, i:0))
2021-08-14 01:18:32,436 [grpc-default-executor-1] INFO  impl.VoteContext (VoteContext.java:log(48)) - 285644d5-5d69-4e05-afbc-1ae5a883cebd@group-1F605C6D1329-FOLLOWER: accept ELECTION from e001c49e-a42c-4009-8532-6b023fb26190: our priority 0 <= candidate's priority 1
2021-08-14 01:18:32,437 [grpc-default-executor-1] INFO  server.RaftServer$Division (RaftServerImpl.java:setRole(285)) - 285644d5-5d69-4e05-afbc-1ae5a883cebd@group-1F605C6D1329: changes role from  FOLLOWER to FOLLOWER at term 1 for candidate:e001c49e-a42c-4009-8532-6b023fb26190
2021-08-14 01:18:32,437 [grpc-default-executor-1] INFO  impl.RoleInfo (RoleInfo.java:shutdownFollowerState(108)) - 285644d5-5d69-4e05-afbc-1ae5a883cebd: shutdown 285644d5-5d69-4e05-afbc-1ae5a883cebd@group-1F605C6D1329-FollowerState
2021-08-14 01:18:32,437 [grpc-default-executor-2] INFO  server.RaftServer$Division (RaftServerImpl.java:requestVote(1043)) - 285644d5-5d69-4e05-afbc-1ae5a883cebd@group-A1881E31F5E3: receive requestVote(ELECTION, e001c49e-a42c-4009-8532-6b023fb26190, group-A1881E31F5E3, 1, (t:0, i:0))
2021-08-14 01:18:32,437 [grpc-default-executor-2] INFO  impl.VoteContext (VoteContext.java:log(48)) - 285644d5-5d69-4e05-afbc-1ae5a883cebd@group-A1881E31F5E3-FOLLOWER: reject ELECTION from e001c49e-a42c-4009-8532-6b023fb26190: our priority 1 > candidate's priority 0
2021-08-14 01:18:32,437 [grpc-default-executor-2] INFO  server.RaftServer$Division (RaftServerImpl.java:setRole(285)) - 285644d5-5d69-4e05-afbc-1ae5a883cebd@group-A1881E31F5E3: changes role from  FOLLOWER to FOLLOWER at term 1 for candidate:e001c49e-a42c-4009-8532-6b023fb26190
2021-08-14 01:18:32,437 [grpc-default-executor-2] INFO  impl.RoleInfo (RoleInfo.java:shutdownFollowerState(108)) - 285644d5-5d69-4e05-afbc-1ae5a883cebd: shutdown 285644d5-5d69-4e05-afbc-1ae5a883cebd@group-A1881E31F5E3-FollowerState
2021-08-14 01:18:32,437 [grpc-default-executor-0] INFO  server.RaftServer$Division (RaftServerImpl.java:requestVote(1043)) - ac78b934-d09a-4407-918e-43db40751b5e@group-A1881E31F5E3: receive requestVote(ELECTION, e001c49e-a42c-4009-8532-6b023fb26190, group-A1881E31F5E3, 1, (t:0, i:0))
2021-08-14 01:18:32,437 [grpc-default-executor-0] INFO  impl.VoteContext (VoteContext.java:log(48)) - ac78b934-d09a-4407-918e-43db40751b5e@group-A1881E31F5E3-FOLLOWER: accept ELECTION from e001c49e-a42c-4009-8532-6b023fb26190: our priority 0 <= candidate's priority 0
2021-08-14 01:18:32,437 [grpc-default-executor-0] INFO  server.RaftServer$Division (RaftServerImpl.java:setRole(285)) - ac78b934-d09a-4407-918e-43db40751b5e@group-A1881E31F5E3: changes role from  FOLLOWER to FOLLOWER at term 1 for candidate:e001c49e-a42c-4009-8532-6b023fb26190
2021-08-14 01:18:32,437 [grpc-default-executor-0] INFO  impl.RoleInfo (RoleInfo.java:shutdownFollowerState(108)) - ac78b934-d09a-4407-918e-43db40751b5e: shutdown ac78b934-d09a-4407-918e-43db40751b5e@group-A1881E31F5E3-FollowerState
2021-08-14 01:18:32,439 [grpc-default-executor-0] INFO  impl.RoleInfo (RoleInfo.java:updateAndGet(130)) - ac78b934-d09a-4407-918e-43db40751b5e: start ac78b934-d09a-4407-918e-43db40751b5e@group-A1881E31F5E3-FollowerState
2021-08-14 01:18:32,439 [ac78b934-d09a-4407-918e-43db40751b5e@group-A1881E31F5E3-FollowerState] INFO  impl.FollowerState (FollowerState.java:run(143)) - ac78b934-d09a-4407-918e-43db40751b5e@group-A1881E31F5E3-FollowerState was interrupted: {}
java.lang.InterruptedException: sleep interrupted
	at java.lang.Thread.sleep(Native Method)
	at java.lang.Thread.sleep(Thread.java:340)
	at java.util.concurrent.TimeUnit.sleep(TimeUnit.java:386)
	at org.apache.ratis.util.TimeDuration.sleep(TimeDuration.java:324)
	at org.apache.ratis.util.TimeDuration.sleep(TimeDuration.java:309)
	at org.apache.ratis.server.impl.FollowerState.run(FollowerState.java:118)
2021-08-14 01:18:32,439 [grpc-default-executor-2] INFO  impl.RoleInfo (RoleInfo.java:updateAndGet(130)) - 285644d5-5d69-4e05-afbc-1ae5a883cebd: start 285644d5-5d69-4e05-afbc-1ae5a883cebd@group-A1881E31F5E3-FollowerState
2021-08-14 01:18:32,439 [ac78b934-d09a-4407-918e-43db40751b5e@group-1F605C6D1329-LeaderElection10] INFO  impl.LeaderElection (LeaderElection.java:askForVotes(306)) - ac78b934-d09a-4407-918e-43db40751b5e@group-1F605C6D1329-LeaderElection10 ELECTION round 0: submit vote requests at term 1 for -1: [285644d5-5d69-4e05-afbc-1ae5a883cebd|rpc:10.1.0.41:34921|dataStream:|priority:0, ac78b934-d09a-4407-918e-43db40751b5e|rpc:10.1.0.41:43943|dataStream:|priority:0, e001c49e-a42c-4009-8532-6b023fb26190|rpc:10.1.0.41:44999|dataStream:|priority:1], old=null
2021-08-14 01:18:32,439 [285644d5-5d69-4e05-afbc-1ae5a883cebd@group-A1881E31F5E3-FollowerState] INFO  impl.FollowerState (FollowerState.java:run(143)) - 285644d5-5d69-4e05-afbc-1ae5a883cebd@group-A1881E31F5E3-FollowerState was interrupted: {}
java.lang.InterruptedException: sleep interrupted
	at java.lang.Thread.sleep(Native Method)
	at java.lang.Thread.sleep(Thread.java:340)
	at java.util.concurrent.TimeUnit.sleep(TimeUnit.java:386)
	at org.apache.ratis.util.TimeDuration.sleep(TimeDuration.java:324)
	at org.apache.ratis.util.TimeDuration.sleep(TimeDuration.java:309)
	at org.apache.ratis.server.impl.FollowerState.run(FollowerState.java:118)
2021-08-14 01:18:32,440 [grpc-default-executor-1] INFO  impl.RoleInfo (RoleInfo.java:updateAndGet(130)) - 285644d5-5d69-4e05-afbc-1ae5a883cebd: start 285644d5-5d69-4e05-afbc-1ae5a883cebd@group-1F605C6D1329-FollowerState
2021-08-14 01:18:32,440 [285644d5-5d69-4e05-afbc-1ae5a883cebd@group-1F605C6D1329-FollowerState] INFO  impl.FollowerState (FollowerState.java:run(143)) - 285644d5-5d69-4e05-afbc-1ae5a883cebd@group-1F605C6D1329-FollowerState was interrupted: {}
java.lang.InterruptedException: sleep interrupted
	at java.lang.Thread.sleep(Native Method)
	at java.lang.Thread.sleep(Thread.java:340)
	at java.util.concurrent.TimeUnit.sleep(TimeUnit.java:386)
	at org.apache.ratis.util.TimeDuration.sleep(TimeDuration.java:324)
	at org.apache.ratis.util.TimeDuration.sleep(TimeDuration.java:309)
	at org.apache.ratis.server.impl.FollowerState.run(FollowerState.java:118)
2021-08-14 01:18:32,444 [grpc-default-executor-3] INFO  server.RaftServer$Division (RaftServerImpl.java:requestVote(1043)) - ac78b934-d09a-4407-918e-43db40751b5e@group-1F605C6D1329: receive requestVote(ELECTION, e001c49e-a42c-4009-8532-6b023fb26190, group-1F605C6D1329, 1, (t:0, i:0))
2021-08-14 01:18:32,445 [grpc-default-executor-3] INFO  impl.VoteContext (VoteContext.java:log(48)) - ac78b934-d09a-4407-918e-43db40751b5e@group-1F605C6D1329-CANDIDATE: reject ELECTION from e001c49e-a42c-4009-8532-6b023fb26190: already has voted for ac78b934-d09a-4407-918e-43db40751b5e at current term 1
2021-08-14 01:18:32,445 [grpc-default-executor-3] INFO  server.RaftServer$Division (RaftServerImpl.java:requestVote(1075)) - ac78b934-d09a-4407-918e-43db40751b5e@group-1F605C6D1329 replies to ELECTION vote request: e001c49e-a42c-4009-8532-6b023fb26190<-ac78b934-d09a-4407-918e-43db40751b5e#0:FAIL-t1. Peer's state: ac78b934-d09a-4407-918e-43db40751b5e@group-1F605C6D1329:t1, leader=null, voted=ac78b934-d09a-4407-918e-43db40751b5e, raftlog=ac78b934-d09a-4407-918e-43db40751b5e@group-1F605C6D1329-SegmentedRaftLog:OPENED:c-1,f-1,i0, conf=-1: [285644d5-5d69-4e05-afbc-1ae5a883cebd|rpc:10.1.0.41:34921|dataStream:|priority:0, ac78b934-d09a-4407-918e-43db40751b5e|rpc:10.1.0.41:43943|dataStream:|priority:0, e001c49e-a42c-4009-8532-6b023fb26190|rpc:10.1.0.41:44999|dataStream:|priority:1], old=null
2021-08-14 01:18:32,450 [grpc-default-executor-0] INFO  server.RaftServer$Division (RaftServerImpl.java:requestVote(1075)) - ac78b934-d09a-4407-918e-43db40751b5e@group-A1881E31F5E3 replies to ELECTION vote request: e001c49e-a42c-4009-8532-6b023fb26190<-ac78b934-d09a-4407-918e-43db40751b5e#0:OK-t1. Peer's state: ac78b934-d09a-4407-918e-43db40751b5e@group-A1881E31F5E3:t1, leader=null, voted=e001c49e-a42c-4009-8532-6b023fb26190, raftlog=ac78b934-d09a-4407-918e-43db40751b5e@group-A1881E31F5E3-SegmentedRaftLog:OPENED:c-1,f-1,i0, conf=-1: [285644d5-5d69-4e05-afbc-1ae5a883cebd|rpc:10.1.0.41:34921|dataStream:|priority:1, ac78b934-d09a-4407-918e-43db40751b5e|rpc:10.1.0.41:43943|dataStream:|priority:0, e001c49e-a42c-4009-8532-6b023fb26190|rpc:10.1.0.41:44999|dataStream:|priority:0], old=null
2021-08-14 01:18:32,451 [grpc-default-executor-2] INFO  server.RaftServer$Division (RaftServerImpl.java:requestVote(1075)) - 285644d5-5d69-4e05-afbc-1ae5a883cebd@group-A1881E31F5E3 replies to ELECTION vote request: e001c49e-a42c-4009-8532-6b023fb26190<-285644d5-5d69-4e05-afbc-1ae5a883cebd#0:FAIL-t1. Peer's state: 285644d5-5d69-4e05-afbc-1ae5a883cebd@group-A1881E31F5E3:t1, leader=null, voted=null, raftlog=285644d5-5d69-4e05-afbc-1ae5a883cebd@group-A1881E31F5E3-SegmentedRaftLog:OPENED:c-1,f-1,i0, conf=-1: [285644d5-5d69-4e05-afbc-1ae5a883cebd|rpc:10.1.0.41:34921|dataStream:|priority:1, ac78b934-d09a-4407-918e-43db40751b5e|rpc:10.1.0.41:43943|dataStream:|priority:0, e001c49e-a42c-4009-8532-6b023fb26190|rpc:10.1.0.41:44999|dataStream:|priority:0], old=null
2021-08-14 01:18:32,456 [grpc-default-executor-1] INFO  server.RaftServer$Division (RaftServerImpl.java:requestVote(1075)) - 285644d5-5d69-4e05-afbc-1ae5a883cebd@group-1F605C6D1329 replies to ELECTION vote request: e001c49e-a42c-4009-8532-6b023fb26190<-285644d5-5d69-4e05-afbc-1ae5a883cebd#0:OK-t1. Peer's state: 285644d5-5d69-4e05-afbc-1ae5a883cebd@group-1F605C6D1329:t1, leader=null, voted=e001c49e-a42c-4009-8532-6b023fb26190, raftlog=285644d5-5d69-4e05-afbc-1ae5a883cebd@group-1F605C6D1329-SegmentedRaftLog:OPENED:c-1,f-1,i0, conf=-1: [285644d5-5d69-4e05-afbc-1ae5a883cebd|rpc:10.1.0.41:34921|dataStream:|priority:0, ac78b934-d09a-4407-918e-43db40751b5e|rpc:10.1.0.41:43943|dataStream:|priority:0, e001c49e-a42c-4009-8532-6b023fb26190|rpc:10.1.0.41:44999|dataStream:|priority:1], old=null
2021-08-14 01:18:32,457 [e001c49e-a42c-4009-8532-6b023fb26190@group-A1881E31F5E3-LeaderElection9] INFO  impl.LeaderElection (LeaderElection.java:logAndReturn(89)) - e001c49e-a42c-4009-8532-6b023fb26190@group-A1881E31F5E3-LeaderElection9: ELECTION REJECTED received 2 response(s) and 0 exception(s):
2021-08-14 01:18:32,460 [e001c49e-a42c-4009-8532-6b023fb26190@group-A1881E31F5E3-LeaderElection9] INFO  impl.LeaderElection (LeaderElection.java:logAndReturn(93)) -   Response 0: e001c49e-a42c-4009-8532-6b023fb26190<-285644d5-5d69-4e05-afbc-1ae5a883cebd#0:FAIL-t1
2021-08-14 01:18:32,460 [e001c49e-a42c-4009-8532-6b023fb26190@group-A1881E31F5E3-LeaderElection9] INFO  impl.LeaderElection (LeaderElection.java:logAndReturn(93)) -   Response 1: e001c49e-a42c-4009-8532-6b023fb26190<-ac78b934-d09a-4407-918e-43db40751b5e#0:OK-t1
2021-08-14 01:18:32,460 [e001c49e-a42c-4009-8532-6b023fb26190@group-A1881E31F5E3-LeaderElection9] INFO  impl.LeaderElection (LeaderElection.java:askForVotes(308)) - e001c49e-a42c-4009-8532-6b023fb26190@group-A1881E31F5E3-LeaderElection9 ELECTION round 0: result REJECTED
2021-08-14 01:18:32,460 [e001c49e-a42c-4009-8532-6b023fb26190@group-A1881E31F5E3-LeaderElection9] INFO  server.RaftServer$Division (RaftServerImpl.java:setRole(285)) - e001c49e-a42c-4009-8532-6b023fb26190@group-A1881E31F5E3: changes role from CANDIDATE to FOLLOWER at term 1 for REJECTED
2021-08-14 01:18:32,461 [e001c49e-a42c-4009-8532-6b023fb26190@group-A1881E31F5E3-LeaderElection9] INFO  impl.RoleInfo (RoleInfo.java:shutdownLeaderElection(121)) - e001c49e-a42c-4009-8532-6b023fb26190: shutdown e001c49e-a42c-4009-8532-6b023fb26190@group-A1881E31F5E3-LeaderElection9
2021-08-14 01:18:32,461 [e001c49e-a42c-4009-8532-6b023fb26190@group-A1881E31F5E3-LeaderElection9] INFO  impl.RoleInfo (RoleInfo.java:updateAndGet(130)) - e001c49e-a42c-4009-8532-6b023fb26190: start e001c49e-a42c-4009-8532-6b023fb26190@group-A1881E31F5E3-FollowerState
2021-08-14 01:18:32,458 [e001c49e-a42c-4009-8532-6b023fb26190@group-1F605C6D1329-LeaderElection8] INFO  impl.LeaderElection (LeaderElection.java:logAndReturn(89)) - e001c49e-a42c-4009-8532-6b023fb26190@group-1F605C6D1329-LeaderElection8: ELECTION PASSED received 2 response(s) and 0 exception(s):
2021-08-14 01:18:32,466 [e001c49e-a42c-4009-8532-6b023fb26190@group-1F605C6D1329-LeaderElection8] INFO  impl.LeaderElection (LeaderElection.java:logAndReturn(93)) -   Response 0: e001c49e-a42c-4009-8532-6b023fb26190<-285644d5-5d69-4e05-afbc-1ae5a883cebd#0:OK-t1
2021-08-14 01:18:32,466 [e001c49e-a42c-4009-8532-6b023fb26190@group-1F605C6D1329-LeaderElection8] INFO  impl.LeaderElection (LeaderElection.java:logAndReturn(93)) -   Response 1: e001c49e-a42c-4009-8532-6b023fb26190<-ac78b934-d09a-4407-918e-43db40751b5e#0:FAIL-t1
2021-08-14 01:18:32,466 [e001c49e-a42c-4009-8532-6b023fb26190@group-1F605C6D1329-LeaderElection8] INFO  impl.LeaderElection (LeaderElection.java:askForVotes(308)) - e001c49e-a42c-4009-8532-6b023fb26190@group-1F605C6D1329-LeaderElection8 ELECTION round 0: result PASSED
2021-08-14 01:18:32,466 [e001c49e-a42c-4009-8532-6b023fb26190@group-1F605C6D1329-LeaderElection8] INFO  impl.RoleInfo (RoleInfo.java:shutdownLeaderElection(121)) - e001c49e-a42c-4009-8532-6b023fb26190: shutdown e001c49e-a42c-4009-8532-6b023fb26190@group-1F605C6D1329-LeaderElection8
2021-08-14 01:18:32,466 [e001c49e-a42c-4009-8532-6b023fb26190@group-1F605C6D1329-LeaderElection8] INFO  server.RaftServer$Division (RaftServerImpl.java:setRole(285)) - e001c49e-a42c-4009-8532-6b023fb26190@group-1F605C6D1329: changes role from CANDIDATE to LEADER at term 1 for changeToLeader
2021-08-14 01:18:32,466 [e001c49e-a42c-4009-8532-6b023fb26190@group-1F605C6D1329-LeaderElection8] INFO  ratis.XceiverServerRatis (XceiverServerRatis.java:handleLeaderChangedNotification(861)) - Leader change notification received for group: group-1F605C6D1329 with new leaderId: e001c49e-a42c-4009-8532-6b023fb26190
2021-08-14 01:18:32,466 [e001c49e-a42c-4009-8532-6b023fb26190@group-1F605C6D1329-LeaderElection8] INFO  server.RaftServer$Division (ServerState.java:setLeader(285)) - e001c49e-a42c-4009-8532-6b023fb26190@group-1F605C6D1329: change Leader from null to e001c49e-a42c-4009-8532-6b023fb26190 at term 1 for becomeLeader, leader elected after 5224ms
2021-08-14 01:18:32,466 [e001c49e-a42c-4009-8532-6b023fb26190@group-1F605C6D1329-LeaderElection8] INFO  server.RaftServerConfigKeys (ConfUtils.java:logGet(44)) - raft.server.staging.catchup.gap = 1000 (default)
2021-08-14 01:18:32,467 [e001c49e-a42c-4009-8532-6b023fb26190@group-1F605C6D1329-LeaderElection8] INFO  server.RaftServerConfigKeys (ConfUtils.java:logGet(44)) - raft.server.write.element-limit = 1024 (custom)
2021-08-14 01:18:32,467 [e001c49e-a42c-4009-8532-6b023fb26190@group-1F605C6D1329-LeaderElection8] INFO  server.RaftServerConfigKeys (ConfUtils.java:logGet(44)) - raft.server.write.byte-limit = 1024 M (=1073741824) (custom)
2021-08-14 01:18:32,467 [e001c49e-a42c-4009-8532-6b023fb26190@group-1F605C6D1329-LeaderElection8] INFO  server.RaftServerConfigKeys (ConfUtils.java:logGet(44)) - raft.server.watch.timeout = 10000ms (default)
2021-08-14 01:18:32,467 [e001c49e-a42c-4009-8532-6b023fb26190@group-1F605C6D1329-LeaderElection8] INFO  server.RaftServerConfigKeys (ConfUtils.java:logGet(44)) - raft.server.watch.timeout.denomination = 1s (default)
2021-08-14 01:18:32,467 [e001c49e-a42c-4009-8532-6b023fb26190@group-1F605C6D1329-LeaderElection8] INFO  server.RaftServerConfigKeys (ConfUtils.java:logGet(44)) - raft.server.watch.element-limit = 65536 (default)
2021-08-14 01:18:32,467 [e001c49e-a42c-4009-8532-6b023fb26190@group-1F605C6D1329-LeaderElection8] INFO  server.RaftServerConfigKeys (ConfUtils.java:logGet(44)) - raft.server.log.appender.snapshot.chunk.size.max = 16MB (=16777216) (default)
2021-08-14 01:18:32,468 [e001c49e-a42c-4009-8532-6b023fb26190@group-1F605C6D1329-LeaderElection8] INFO  server.RaftServerConfigKeys (ConfUtils.java:logGet(44)) - raft.server.log.appender.buffer.byte-limit = 33554432 (custom)
2021-08-14 01:18:32,468 [e001c49e-a42c-4009-8532-6b023fb26190@group-1F605C6D1329-LeaderElection8] INFO  server.RaftServerConfigKeys (ConfUtils.java:logGet(44)) - raft.server.log.appender.buffer.element-limit = 1 (custom)
2021-08-14 01:18:32,468 [Datanode State Machine Thread - 0] WARN  statemachine.StateContext (StateContext.java:execute(621)) - No available thread in pool for past 0 seconds.
2021-08-14 01:18:32,470 [EventQueue-PipelineReportForPipelineReportHandler] INFO  pipeline.PipelineManagerImpl (PipelineManagerImpl.java:openPipeline(283)) - Pipeline Pipeline[ Id: 59e8ded7-2562-4d1c-871e-1f605c6d1329, Nodes: ac78b934-d09a-4407-918e-43db40751b5e{ip: 10.1.0.41, host: fv-az395-768.zfmzfyrfkyou3ow0tsr0jxwq1e.bx.internal.cloudapp.net, ports: [REPLICATION=45217, RATIS=43943, RATIS_ADMIN=43943, RATIS_SERVER=43943, STANDALONE=44287], networkLocation: /default-rack, certSerialId: null, persistedOpState: IN_SERVICE, persistedOpStateExpiryEpochSec: 0}e001c49e-a42c-4009-8532-6b023fb26190{ip: 10.1.0.41, host: fv-az395-768.zfmzfyrfkyou3ow0tsr0jxwq1e.bx.internal.cloudapp.net, ports: [REPLICATION=39865, RATIS=44999, RATIS_ADMIN=44999, RATIS_SERVER=44999, STANDALONE=38583], networkLocation: /default-rack, certSerialId: null, persistedOpState: IN_SERVICE, persistedOpStateExpiryEpochSec: 0}285644d5-5d69-4e05-afbc-1ae5a883cebd{ip: 10.1.0.41, host: fv-az395-768.zfmzfyrfkyou3ow0tsr0jxwq1e.bx.internal.cloudapp.net, ports: [REPLICATION=41237, RATIS=34921, RATIS_ADMIN=34921, RATIS_SERVER=34921, STANDALONE=35767], networkLocation: /default-rack, certSerialId: null, persistedOpState: IN_SERVICE, persistedOpStateExpiryEpochSec: 0}, ReplicationConfig: RATIS/THREE, State:ALLOCATED, leaderId:e001c49e-a42c-4009-8532-6b023fb26190, CreationTimestamp2021-08-14T01:18:24.626Z[Etc/UTC]] moved to OPEN state
2021-08-14 01:18:32,468 [e001c49e-a42c-4009-8532-6b023fb26190@group-1F605C6D1329-LeaderElection8] INFO  grpc.GrpcConfigKeys (ConfUtils.java:logGet(44)) - raft.grpc.server.leader.outstanding.appends.max = 128 (default)
2021-08-14 01:18:32,472 [e001c49e-a42c-4009-8532-6b023fb26190@group-1F605C6D1329-LeaderElection8] INFO  server.RaftServerConfigKeys (ConfUtils.java:logGet(44)) - raft.server.rpc.request.timeout = 3000ms (default)
2021-08-14 01:18:32,472 [e001c49e-a42c-4009-8532-6b023fb26190@group-1F605C6D1329-LeaderElection8] INFO  server.RaftServerConfigKeys (ConfUtils.java:logGet(44)) - raft.server.log.appender.install.snapshot.enabled = false (custom)
2021-08-14 01:18:32,472 [e001c49e-a42c-4009-8532-6b023fb26190@group-1F605C6D1329-LeaderElection8] INFO  server.RaftServerConfigKeys (ConfUtils.java:logGet(44)) - raft.server.log.appender.snapshot.chunk.size.max = 16MB (=16777216) (default)
2021-08-14 01:18:32,472 [e001c49e-a42c-4009-8532-6b023fb26190@group-1F605C6D1329-LeaderElection8] INFO  server.RaftServerConfigKeys (ConfUtils.java:logGet(44)) - raft.server.log.appender.buffer.byte-limit = 33554432 (custom)
2021-08-14 01:18:32,474 [e001c49e-a42c-4009-8532-6b023fb26190@group-1F605C6D1329-LeaderElection8] INFO  server.RaftServerConfigKeys (ConfUtils.java:logGet(44)) - raft.server.log.appender.buffer.element-limit = 1 (custom)
2021-08-14 01:18:32,474 [e001c49e-a42c-4009-8532-6b023fb26190@group-1F605C6D1329-LeaderElection8] INFO  grpc.GrpcConfigKeys (ConfUtils.java:logGet(44)) - raft.grpc.server.leader.outstanding.appends.max = 128 (default)
2021-08-14 01:18:32,474 [e001c49e-a42c-4009-8532-6b023fb26190@group-1F605C6D1329-LeaderElection8] INFO  server.RaftServerConfigKeys (ConfUtils.java:logGet(44)) - raft.server.rpc.request.timeout = 3000ms (default)
2021-08-14 01:18:32,473 [grpc-default-executor-1] INFO  server.RaftServer$Division (RaftServerImpl.java:requestVote(1043)) - e001c49e-a42c-4009-8532-6b023fb26190@group-1F605C6D1329: receive requestVote(ELECTION, ac78b934-d09a-4407-918e-43db40751b5e, group-1F605C6D1329, 1, (t:0, i:0))
2021-08-14 01:18:32,474 [e001c49e-a42c-4009-8532-6b023fb26190@group-1F605C6D1329-LeaderElection8] INFO  server.RaftServerConfigKeys (ConfUtils.java:logGet(44)) - raft.server.log.appender.install.snapshot.enabled = false (custom)
2021-08-14 01:18:32,476 [e001c49e-a42c-4009-8532-6b023fb26190@group-1F605C6D1329-LeaderElection8] INFO  impl.RoleInfo (RoleInfo.java:updateAndGet(130)) - e001c49e-a42c-4009-8532-6b023fb26190: start e001c49e-a42c-4009-8532-6b023fb26190@group-1F605C6D1329-LeaderStateImpl
2021-08-14 01:18:32,476 [e001c49e-a42c-4009-8532-6b023fb26190@group-1F605C6D1329-LeaderElection8] INFO  segmented.SegmentedRaftLogWorker (SegmentedRaftLogWorker.java:startLogSegment(394)) - e001c49e-a42c-4009-8532-6b023fb26190@group-1F605C6D1329-SegmentedRaftLogWorker: Starting segment from index:0
2021-08-14 01:18:32,478 [e001c49e-a42c-4009-8532-6b023fb26190@group-1F605C6D1329-SegmentedRaftLogWorker] INFO  segmented.SegmentedRaftLogWorker (SegmentedRaftLogWorker.java:execute(601)) - e001c49e-a42c-4009-8532-6b023fb26190@group-1F605C6D1329-SegmentedRaftLogWorker: created new log segment /home/runner/work/ozone/ozone/hadoop-ozone/integration-test/target/test-dir/MiniOzoneClusterImpl-0159c105-9d83-42dd-92be-307c6655fab4/datanode-3/data/ratis/59e8ded7-2562-4d1c-871e-1f605c6d1329/current/log_inprogress_0
2021-08-14 01:18:32,483 [grpc-default-executor-4] INFO  server.RaftServer$Division (RaftServerImpl.java:requestVote(1043)) - 285644d5-5d69-4e05-afbc-1ae5a883cebd@group-1F605C6D1329: receive requestVote(ELECTION, ac78b934-d09a-4407-918e-43db40751b5e, group-1F605C6D1329, 1, (t:0, i:0))
2021-08-14 01:18:32,484 [grpc-default-executor-4] INFO  impl.VoteContext (VoteContext.java:log(48)) - 285644d5-5d69-4e05-afbc-1ae5a883cebd@group-1F605C6D1329-FOLLOWER: reject ELECTION from ac78b934-d09a-4407-918e-43db40751b5e: already has voted for e001c49e-a42c-4009-8532-6b023fb26190 at current term 1
2021-08-14 01:18:32,484 [grpc-default-executor-4] INFO  server.RaftServer$Division (RaftServerImpl.java:requestVote(1075)) - 285644d5-5d69-4e05-afbc-1ae5a883cebd@group-1F605C6D1329 replies to ELECTION vote request: ac78b934-d09a-4407-918e-43db40751b5e<-285644d5-5d69-4e05-afbc-1ae5a883cebd#0:FAIL-t1. Peer's state: 285644d5-5d69-4e05-afbc-1ae5a883cebd@group-1F605C6D1329:t1, leader=null, voted=e001c49e-a42c-4009-8532-6b023fb26190, raftlog=285644d5-5d69-4e05-afbc-1ae5a883cebd@group-1F605C6D1329-SegmentedRaftLog:OPENED:c-1,f-1,i0, conf=-1: [285644d5-5d69-4e05-afbc-1ae5a883cebd|rpc:10.1.0.41:34921|dataStream:|priority:0, ac78b934-d09a-4407-918e-43db40751b5e|rpc:10.1.0.41:43943|dataStream:|priority:0, e001c49e-a42c-4009-8532-6b023fb26190|rpc:10.1.0.41:44999|dataStream:|priority:1], old=null
2021-08-14 01:18:32,484 [e001c49e-a42c-4009-8532-6b023fb26190@group-1F605C6D1329-LeaderElection8] INFO  server.RaftServer$Division (ServerState.java:setRaftConf(387)) - e001c49e-a42c-4009-8532-6b023fb26190@group-1F605C6D1329: set configuration 0: [285644d5-5d69-4e05-afbc-1ae5a883cebd|rpc:10.1.0.41:34921|dataStream:|priority:0, ac78b934-d09a-4407-918e-43db40751b5e|rpc:10.1.0.41:43943|dataStream:|priority:0, e001c49e-a42c-4009-8532-6b023fb26190|rpc:10.1.0.41:44999|dataStream:|priority:1], old=null
2021-08-14 01:18:32,484 [grpc-default-executor-2] INFO  ratis.XceiverServerRatis (XceiverServerRatis.java:handleLeaderChangedNotification(861)) - Leader change notification received for group: group-1F605C6D1329 with new leaderId: e001c49e-a42c-4009-8532-6b023fb26190
2021-08-14 01:18:32,484 [grpc-default-executor-1] INFO  impl.VoteContext (VoteContext.java:log(48)) - e001c49e-a42c-4009-8532-6b023fb26190@group-1F605C6D1329-LEADER: reject ELECTION from ac78b934-d09a-4407-918e-43db40751b5e: already has voted for e001c49e-a42c-4009-8532-6b023fb26190 at current term 1
2021-08-14 01:18:32,485 [grpc-default-executor-1] INFO  server.RaftServer$Division (RaftServerImpl.java:requestVote(1075)) - e001c49e-a42c-4009-8532-6b023fb26190@group-1F605C6D1329 replies to ELECTION vote request: ac78b934-d09a-4407-918e-43db40751b5e<-e001c49e-a42c-4009-8532-6b023fb26190#0:FAIL-t1. Peer's state: e001c49e-a42c-4009-8532-6b023fb26190@group-1F605C6D1329:t1, leader=e001c49e-a42c-4009-8532-6b023fb26190, voted=e001c49e-a42c-4009-8532-6b023fb26190, raftlog=e001c49e-a42c-4009-8532-6b023fb26190@group-1F605C6D1329-SegmentedRaftLog:OPENED:c-1,f0,i0, conf=0: [285644d5-5d69-4e05-afbc-1ae5a883cebd|rpc:10.1.0.41:34921|dataStream:|priority:0, ac78b934-d09a-4407-918e-43db40751b5e|rpc:10.1.0.41:43943|dataStream:|priority:0, e001c49e-a42c-4009-8532-6b023fb26190|rpc:10.1.0.41:44999|dataStream:|priority:1], old=null
2021-08-14 01:18:32,485 [grpc-default-executor-2] INFO  server.RaftServer$Division (ServerState.java:setLeader(285)) - 285644d5-5d69-4e05-afbc-1ae5a883cebd@group-1F605C6D1329: change Leader from null to e001c49e-a42c-4009-8532-6b023fb26190 at term 1 for appendEntries, leader elected after 5169ms
2021-08-14 01:18:32,493 [ac78b934-d09a-4407-918e-43db40751b5e@group-1F605C6D1329-LeaderElection10] INFO  impl.LeaderElection (LeaderElection.java:logAndReturn(89)) - ac78b934-d09a-4407-918e-43db40751b5e@group-1F605C6D1329-LeaderElection10: ELECTION REJECTED received 2 response(s) and 0 exception(s):
2021-08-14 01:18:32,494 [ac78b934-d09a-4407-918e-43db40751b5e@group-1F605C6D1329-LeaderElection10] INFO  impl.LeaderElection (LeaderElection.java:logAndReturn(93)) -   Response 0: ac78b934-d09a-4407-918e-43db40751b5e<-285644d5-5d69-4e05-afbc-1ae5a883cebd#0:FAIL-t1
2021-08-14 01:18:32,494 [ac78b934-d09a-4407-918e-43db40751b5e@group-1F605C6D1329-LeaderElection10] INFO  impl.LeaderElection (LeaderElection.java:logAndReturn(93)) -   Response 1: ac78b934-d09a-4407-918e-43db40751b5e<-e001c49e-a42c-4009-8532-6b023fb26190#0:FAIL-t1
2021-08-14 01:18:32,494 [ac78b934-d09a-4407-918e-43db40751b5e@group-1F605C6D1329-LeaderElection10] INFO  impl.LeaderElection (LeaderElection.java:askForVotes(308)) - ac78b934-d09a-4407-918e-43db40751b5e@group-1F605C6D1329-LeaderElection10 ELECTION round 0: result REJECTED
2021-08-14 01:18:32,494 [ac78b934-d09a-4407-918e-43db40751b5e@group-1F605C6D1329-LeaderElection10] INFO  server.RaftServer$Division (RaftServerImpl.java:setRole(285)) - ac78b934-d09a-4407-918e-43db40751b5e@group-1F605C6D1329: changes role from CANDIDATE to FOLLOWER at term 1 for REJECTED
2021-08-14 01:18:32,494 [ac78b934-d09a-4407-918e-43db40751b5e@group-1F605C6D1329-LeaderElection10] INFO  impl.RoleInfo (RoleInfo.java:shutdownLeaderElection(121)) - ac78b934-d09a-4407-918e-43db40751b5e: shutdown ac78b934-d09a-4407-918e-43db40751b5e@group-1F605C6D1329-LeaderElection10
2021-08-14 01:18:32,494 [ac78b934-d09a-4407-918e-43db40751b5e@group-1F605C6D1329-LeaderElection10] INFO  impl.RoleInfo (RoleInfo.java:updateAndGet(130)) - ac78b934-d09a-4407-918e-43db40751b5e: start ac78b934-d09a-4407-918e-43db40751b5e@group-1F605C6D1329-FollowerState
2021-08-14 01:18:32,497 [grpc-default-executor-1] INFO  ratis.XceiverServerRatis (XceiverServerRatis.java:handleLeaderChangedNotification(861)) - Leader change notification received for group: group-1F605C6D1329 with new leaderId: e001c49e-a42c-4009-8532-6b023fb26190
2021-08-14 01:18:32,498 [grpc-default-executor-1] INFO  server.RaftServer$Division (ServerState.java:setLeader(285)) - ac78b934-d09a-4407-918e-43db40751b5e@group-1F605C6D1329: change Leader from null to e001c49e-a42c-4009-8532-6b023fb26190 at term 1 for appendEntries, leader elected after 5213ms
2021-08-14 01:18:32,504 [grpc-default-executor-2] INFO  server.RaftServer$Division (ServerState.java:setRaftConf(387)) - 285644d5-5d69-4e05-afbc-1ae5a883cebd@group-1F605C6D1329: set configuration 0: [285644d5-5d69-4e05-afbc-1ae5a883cebd|rpc:10.1.0.41:34921|dataStream:|priority:0, ac78b934-d09a-4407-918e-43db40751b5e|rpc:10.1.0.41:43943|dataStream:|priority:0, e001c49e-a42c-4009-8532-6b023fb26190|rpc:10.1.0.41:44999|dataStream:|priority:1], old=null
2021-08-14 01:18:32,505 [grpc-default-executor-2] INFO  segmented.SegmentedRaftLogWorker (SegmentedRaftLogWorker.java:startLogSegment(394)) - 285644d5-5d69-4e05-afbc-1ae5a883cebd@group-1F605C6D1329-SegmentedRaftLogWorker: Starting segment from index:0
2021-08-14 01:18:32,509 [285644d5-5d69-4e05-afbc-1ae5a883cebd@group-1F605C6D1329-SegmentedRaftLogWorker] INFO  segmented.SegmentedRaftLogWorker (SegmentedRaftLogWorker.java:execute(601)) - 285644d5-5d69-4e05-afbc-1ae5a883cebd@group-1F605C6D1329-SegmentedRaftLogWorker: created new log segment /home/runner/work/ozone/ozone/hadoop-ozone/integration-test/target/test-dir/MiniOzoneClusterImpl-0159c105-9d83-42dd-92be-307c6655fab4/datanode-4/data/ratis/59e8ded7-2562-4d1c-871e-1f605c6d1329/current/log_inprogress_0
2021-08-14 01:18:32,511 [e001c49e-a42c-4009-8532-6b023fb26190@group-1F605C6D1329-StateMachineUpdater] INFO  ratis.ContainerStateMachine (ContainerStateMachine.java:takeSnapshot(293)) - group-1F605C6D1329: Taking a snapshot at:(t:1, i:0) file /home/runner/work/ozone/ozone/hadoop-ozone/integration-test/target/test-dir/MiniOzoneClusterImpl-0159c105-9d83-42dd-92be-307c6655fab4/datanode-3/data/ratis/59e8ded7-2562-4d1c-871e-1f605c6d1329/sm/snapshot.1_0
2021-08-14 01:18:32,512 [e001c49e-a42c-4009-8532-6b023fb26190@group-1F605C6D1329-StateMachineUpdater] INFO  ratis.ContainerStateMachine (ContainerStateMachine.java:takeSnapshot(304)) - group-1F605C6D1329: Finished taking a snapshot at:(t:1, i:0) file:/home/runner/work/ozone/ozone/hadoop-ozone/integration-test/target/test-dir/MiniOzoneClusterImpl-0159c105-9d83-42dd-92be-307c6655fab4/datanode-3/data/ratis/59e8ded7-2562-4d1c-871e-1f605c6d1329/sm/snapshot.1_0 took: 1 ms
2021-08-14 01:18:32,512 [e001c49e-a42c-4009-8532-6b023fb26190@group-1F605C6D1329-StateMachineUpdater] INFO  impl.StateMachineUpdater (StateMachineUpdater.java:takeSnapshot(281)) - e001c49e-a42c-4009-8532-6b023fb26190@group-1F605C6D1329-StateMachineUpdater: Took a snapshot at index 0
2021-08-14 01:18:32,512 [e001c49e-a42c-4009-8532-6b023fb26190@group-1F605C6D1329-StateMachineUpdater] INFO  impl.StateMachineUpdater (StateMachineUpdater.java:lambda$new$0(89)) - e001c49e-a42c-4009-8532-6b023fb26190@group-1F605C6D1329-StateMachineUpdater: snapshotIndex: updateIncreasingly -1 -> 0
2021-08-14 01:18:32,514 [grpc-default-executor-2] INFO  server.RaftServer$Division (ServerState.java:setRaftConf(387)) - ac78b934-d09a-4407-918e-43db40751b5e@group-1F605C6D1329: set configuration 0: [285644d5-5d69-4e05-afbc-1ae5a883cebd|rpc:10.1.0.41:34921|dataStream:|priority:0, ac78b934-d09a-4407-918e-43db40751b5e|rpc:10.1.0.41:43943|dataStream:|priority:0, e001c49e-a42c-4009-8532-6b023fb26190|rpc:10.1.0.41:44999|dataStream:|priority:1], old=null
2021-08-14 01:18:32,515 [grpc-default-executor-2] INFO  segmented.SegmentedRaftLogWorker (SegmentedRaftLogWorker.java:startLogSegment(394)) - ac78b934-d09a-4407-918e-43db40751b5e@group-1F605C6D1329-SegmentedRaftLogWorker: Starting segment from index:0
2021-08-14 01:18:32,519 [ac78b934-d09a-4407-918e-43db40751b5e@group-1F605C6D1329-SegmentedRaftLogWorker] INFO  segmented.SegmentedRaftLogWorker (SegmentedRaftLogWorker.java:execute(601)) - ac78b934-d09a-4407-918e-43db40751b5e@group-1F605C6D1329-SegmentedRaftLogWorker: created new log segment /home/runner/work/ozone/ozone/hadoop-ozone/integration-test/target/test-dir/MiniOzoneClusterImpl-0159c105-9d83-42dd-92be-307c6655fab4/datanode-5/data/ratis/59e8ded7-2562-4d1c-871e-1f605c6d1329/current/log_inprogress_0
2021-08-14 01:18:32,522 [ac78b934-d09a-4407-918e-43db40751b5e@group-1F605C6D1329-StateMachineUpdater] INFO  ratis.ContainerStateMachine (ContainerStateMachine.java:takeSnapshot(293)) - group-1F605C6D1329: Taking a snapshot at:(t:1, i:0) file /home/runner/work/ozone/ozone/hadoop-ozone/integration-test/target/test-dir/MiniOzoneClusterImpl-0159c105-9d83-42dd-92be-307c6655fab4/datanode-5/data/ratis/59e8ded7-2562-4d1c-871e-1f605c6d1329/sm/snapshot.1_0
2021-08-14 01:18:32,523 [ac78b934-d09a-4407-918e-43db40751b5e@group-1F605C6D1329-StateMachineUpdater] INFO  ratis.ContainerStateMachine (ContainerStateMachine.java:takeSnapshot(304)) - group-1F605C6D1329: Finished taking a snapshot at:(t:1, i:0) file:/home/runner/work/ozone/ozone/hadoop-ozone/integration-test/target/test-dir/MiniOzoneClusterImpl-0159c105-9d83-42dd-92be-307c6655fab4/datanode-5/data/ratis/59e8ded7-2562-4d1c-871e-1f605c6d1329/sm/snapshot.1_0 took: 1 ms
2021-08-14 01:18:32,523 [ac78b934-d09a-4407-918e-43db40751b5e@group-1F605C6D1329-StateMachineUpdater] INFO  impl.StateMachineUpdater (StateMachineUpdater.java:takeSnapshot(281)) - ac78b934-d09a-4407-918e-43db40751b5e@group-1F605C6D1329-StateMachineUpdater: Took a snapshot at index 0
2021-08-14 01:18:32,523 [ac78b934-d09a-4407-918e-43db40751b5e@group-1F605C6D1329-StateMachineUpdater] INFO  impl.StateMachineUpdater (StateMachineUpdater.java:lambda$new$0(89)) - ac78b934-d09a-4407-918e-43db40751b5e@group-1F605C6D1329-StateMachineUpdater: snapshotIndex: updateIncreasingly -1 -> 0
2021-08-14 01:18:32,579 [285644d5-5d69-4e05-afbc-1ae5a883cebd@group-767070699695-FollowerState] INFO  impl.FollowerState (FollowerState.java:run(134)) - 285644d5-5d69-4e05-afbc-1ae5a883cebd@group-767070699695-FollowerState: change to CANDIDATE, lastRpcElapsedTime:5160934035ns, electionTimeout:5160ms
2021-08-14 01:18:32,580 [285644d5-5d69-4e05-afbc-1ae5a883cebd@group-767070699695-FollowerState] INFO  impl.RoleInfo (RoleInfo.java:shutdownFollowerState(108)) - 285644d5-5d69-4e05-afbc-1ae5a883cebd: shutdown 285644d5-5d69-4e05-afbc-1ae5a883cebd@group-767070699695-FollowerState
2021-08-14 01:18:32,580 [285644d5-5d69-4e05-afbc-1ae5a883cebd@group-767070699695-FollowerState] INFO  server.RaftServer$Division (RaftServerImpl.java:setRole(285)) - 285644d5-5d69-4e05-afbc-1ae5a883cebd@group-767070699695: changes role from  FOLLOWER to CANDIDATE at term 0 for changeToCandidate
2021-08-14 01:18:32,581 [285644d5-5d69-4e05-afbc-1ae5a883cebd@group-767070699695-FollowerState] INFO  server.RaftServerConfigKeys (ConfUtils.java:logGet(44)) - raft.server.leaderelection.pre-vote = false (custom)
2021-08-14 01:18:32,581 [285644d5-5d69-4e05-afbc-1ae5a883cebd@group-767070699695-FollowerState] INFO  impl.RoleInfo (RoleInfo.java:updateAndGet(130)) - 285644d5-5d69-4e05-afbc-1ae5a883cebd: start 285644d5-5d69-4e05-afbc-1ae5a883cebd@group-767070699695-LeaderElection11
2021-08-14 01:18:32,581 [Listener at 127.0.0.1/43663] INFO  ozone.MiniOzoneClusterImpl (MiniOzoneClusterImpl.java:lambda$waitForClusterToBeReady$0(235)) - Nodes are ready. Got 10 of 10 DN Heartbeats.
2021-08-14 01:18:32,581 [Listener at 127.0.0.1/43663] INFO  ozone.MiniOzoneClusterImpl (MiniOzoneClusterImpl.java:lambda$waitForClusterToBeReady$0(238)) - Cluster exits safe mode
2021-08-14 01:18:32,581 [Listener at 127.0.0.1/43663] INFO  ozone.MiniOzoneClusterImpl (MiniOzoneClusterImpl.java:lambda$waitForClusterToBeReady$0(240)) - SCM became leader
2021-08-14 01:18:32,589 [285644d5-5d69-4e05-afbc-1ae5a883cebd@group-767070699695-LeaderElection11] INFO  impl.LeaderElection (LeaderElection.java:askForVotes(306)) - 285644d5-5d69-4e05-afbc-1ae5a883cebd@group-767070699695-LeaderElection11 ELECTION round 0: submit vote requests at term 1 for -1: [285644d5-5d69-4e05-afbc-1ae5a883cebd|rpc:10.1.0.41:34921|priority:1], old=null
2021-08-14 01:18:32,590 [285644d5-5d69-4e05-afbc-1ae5a883cebd@group-767070699695-LeaderElection11] INFO  impl.LeaderElection (LeaderElection.java:askForVotes(308)) - 285644d5-5d69-4e05-afbc-1ae5a883cebd@group-767070699695-LeaderElection11 ELECTION round 0: result PASSED (term=1)
2021-08-14 01:18:32,590 [285644d5-5d69-4e05-afbc-1ae5a883cebd@group-767070699695-LeaderElection11] INFO  impl.RoleInfo (RoleInfo.java:shutdownLeaderElection(121)) - 285644d5-5d69-4e05-afbc-1ae5a883cebd: shutdown 285644d5-5d69-4e05-afbc-1ae5a883cebd@group-767070699695-LeaderElection11
2021-08-14 01:18:32,590 [285644d5-5d69-4e05-afbc-1ae5a883cebd@group-767070699695-LeaderElection11] INFO  server.RaftServer$Division (RaftServerImpl.java:setRole(285)) - 285644d5-5d69-4e05-afbc-1ae5a883cebd@group-767070699695: changes role from CANDIDATE to LEADER at term 1 for changeToLeader
2021-08-14 01:18:32,590 [285644d5-5d69-4e05-afbc-1ae5a883cebd@group-767070699695-LeaderElection11] INFO  ratis.XceiverServerRatis (XceiverServerRatis.java:handleLeaderChangedNotification(861)) - Leader change notification received for group: group-767070699695 with new leaderId: 285644d5-5d69-4e05-afbc-1ae5a883cebd
2021-08-14 01:18:32,590 [285644d5-5d69-4e05-afbc-1ae5a883cebd@group-767070699695-LeaderElection11] INFO  server.RaftServer$Division (ServerState.java:setLeader(285)) - 285644d5-5d69-4e05-afbc-1ae5a883cebd@group-767070699695: change Leader from null to 285644d5-5d69-4e05-afbc-1ae5a883cebd at term 1 for becomeLeader, leader elected after 5181ms
2021-08-14 01:18:32,590 [285644d5-5d69-4e05-afbc-1ae5a883cebd@group-767070699695-LeaderElection11] INFO  server.RaftServerConfigKeys (ConfUtils.java:logGet(44)) - raft.server.staging.catchup.gap = 1000 (default)
2021-08-14 01:18:32,590 [Datanode State Machine Thread - 0] WARN  statemachine.StateContext (StateContext.java:execute(621)) - No available thread in pool for past 0 seconds.
2021-08-14 01:18:32,593 [285644d5-5d69-4e05-afbc-1ae5a883cebd@group-767070699695-LeaderElection11] INFO  server.RaftServerConfigKeys (ConfUtils.java:logGet(44)) - raft.server.write.element-limit = 1024 (custom)
2021-08-14 01:18:32,593 [285644d5-5d69-4e05-afbc-1ae5a883cebd@group-767070699695-LeaderElection11] INFO  server.RaftServerConfigKeys (ConfUtils.java:logGet(44)) - raft.server.write.byte-limit = 1024 M (=1073741824) (custom)
2021-08-14 01:18:32,594 [285644d5-5d69-4e05-afbc-1ae5a883cebd@group-767070699695-LeaderElection11] INFO  server.RaftServerConfigKeys (ConfUtils.java:logGet(44)) - raft.server.watch.timeout = 10000ms (default)
2021-08-14 01:18:32,594 [285644d5-5d69-4e05-afbc-1ae5a883cebd@group-767070699695-LeaderElection11] INFO  server.RaftServerConfigKeys (ConfUtils.java:logGet(44)) - raft.server.watch.timeout.denomination = 1s (default)
2021-08-14 01:18:32,594 [285644d5-5d69-4e05-afbc-1ae5a883cebd@group-767070699695-LeaderElection11] INFO  server.RaftServerConfigKeys (ConfUtils.java:logGet(44)) - raft.server.watch.element-limit = 65536 (default)
2021-08-14 01:18:32,594 [285644d5-5d69-4e05-afbc-1ae5a883cebd@group-767070699695-LeaderElection11] INFO  impl.RoleInfo (RoleInfo.java:updateAndGet(130)) - 285644d5-5d69-4e05-afbc-1ae5a883cebd: start 285644d5-5d69-4e05-afbc-1ae5a883cebd@group-767070699695-LeaderStateImpl
2021-08-14 01:18:32,595 [285644d5-5d69-4e05-afbc-1ae5a883cebd@group-767070699695-LeaderElection11] INFO  segmented.SegmentedRaftLogWorker (SegmentedRaftLogWorker.java:startLogSegment(394)) - 285644d5-5d69-4e05-afbc-1ae5a883cebd@group-767070699695-SegmentedRaftLogWorker: Starting segment from index:0
2021-08-14 01:18:32,596 [285644d5-5d69-4e05-afbc-1ae5a883cebd@group-767070699695-SegmentedRaftLogWorker] INFO  segmented.SegmentedRaftLogWorker (SegmentedRaftLogWorker.java:execute(601)) - 285644d5-5d69-4e05-afbc-1ae5a883cebd@group-767070699695-SegmentedRaftLogWorker: created new log segment /home/runner/work/ozone/ozone/hadoop-ozone/integration-test/target/test-dir/MiniOzoneClusterImpl-0159c105-9d83-42dd-92be-307c6655fab4/datanode-4/data/ratis/acad7af8-19b4-4d3a-a0c4-767070699695/current/log_inprogress_0
2021-08-14 01:18:32,607 [285644d5-5d69-4e05-afbc-1ae5a883cebd@group-767070699695-LeaderElection11] INFO  server.RaftServer$Division (ServerState.java:setRaftConf(387)) - 285644d5-5d69-4e05-afbc-1ae5a883cebd@group-767070699695: set configuration 0: [285644d5-5d69-4e05-afbc-1ae5a883cebd|rpc:10.1.0.41:34921|dataStream:|priority:1], old=null
2021-08-14 01:18:32,615 [285644d5-5d69-4e05-afbc-1ae5a883cebd@group-767070699695-StateMachineUpdater] INFO  ratis.ContainerStateMachine (ContainerStateMachine.java:takeSnapshot(293)) - group-767070699695: Taking a snapshot at:(t:1, i:0) file /home/runner/work/ozone/ozone/hadoop-ozone/integration-test/target/test-dir/MiniOzoneClusterImpl-0159c105-9d83-42dd-92be-307c6655fab4/datanode-4/data/ratis/acad7af8-19b4-4d3a-a0c4-767070699695/sm/snapshot.1_0
2021-08-14 01:18:32,617 [285644d5-5d69-4e05-afbc-1ae5a883cebd@group-767070699695-StateMachineUpdater] INFO  ratis.ContainerStateMachine (ContainerStateMachine.java:takeSnapshot(304)) - group-767070699695: Finished taking a snapshot at:(t:1, i:0) file:/home/runner/work/ozone/ozone/hadoop-ozone/integration-test/target/test-dir/MiniOzoneClusterImpl-0159c105-9d83-42dd-92be-307c6655fab4/datanode-4/data/ratis/acad7af8-19b4-4d3a-a0c4-767070699695/sm/snapshot.1_0 took: 2 ms
2021-08-14 01:18:32,617 [285644d5-5d69-4e05-afbc-1ae5a883cebd@group-767070699695-StateMachineUpdater] INFO  impl.StateMachineUpdater (StateMachineUpdater.java:takeSnapshot(281)) - 285644d5-5d69-4e05-afbc-1ae5a883cebd@group-767070699695-StateMachineUpdater: Took a snapshot at index 0
2021-08-14 01:18:32,617 [285644d5-5d69-4e05-afbc-1ae5a883cebd@group-767070699695-StateMachineUpdater] INFO  impl.StateMachineUpdater (StateMachineUpdater.java:lambda$new$0(89)) - 285644d5-5d69-4e05-afbc-1ae5a883cebd@group-767070699695-StateMachineUpdater: snapshotIndex: updateIncreasingly -1 -> 0
2021-08-14 01:18:32,787 [ac78b934-d09a-4407-918e-43db40751b5e@group-2F24DE557786-FollowerState] INFO  impl.FollowerState (FollowerState.java:run(134)) - ac78b934-d09a-4407-918e-43db40751b5e@group-2F24DE557786-FollowerState: change to CANDIDATE, lastRpcElapsedTime:5148974756ns, electionTimeout:5148ms
2021-08-14 01:18:32,787 [ac78b934-d09a-4407-918e-43db40751b5e@group-2F24DE557786-FollowerState] INFO  impl.RoleInfo (RoleInfo.java:shutdownFollowerState(108)) - ac78b934-d09a-4407-918e-43db40751b5e: shutdown ac78b934-d09a-4407-918e-43db40751b5e@group-2F24DE557786-FollowerState
2021-08-14 01:18:32,787 [ac78b934-d09a-4407-918e-43db40751b5e@group-2F24DE557786-FollowerState] INFO  server.RaftServer$Division (RaftServerImpl.java:setRole(285)) - ac78b934-d09a-4407-918e-43db40751b5e@group-2F24DE557786: changes role from  FOLLOWER to CANDIDATE at term 0 for changeToCandidate
2021-08-14 01:18:32,787 [ac78b934-d09a-4407-918e-43db40751b5e@group-2F24DE557786-FollowerState] INFO  server.RaftServerConfigKeys (ConfUtils.java:logGet(44)) - raft.server.leaderelection.pre-vote = false (custom)
2021-08-14 01:18:32,788 [ac78b934-d09a-4407-918e-43db40751b5e@group-2F24DE557786-FollowerState] INFO  impl.RoleInfo (RoleInfo.java:updateAndGet(130)) - ac78b934-d09a-4407-918e-43db40751b5e: start ac78b934-d09a-4407-918e-43db40751b5e@group-2F24DE557786-LeaderElection12
2021-08-14 01:18:32,798 [ac78b934-d09a-4407-918e-43db40751b5e@group-2F24DE557786-LeaderElection12] INFO  impl.LeaderElection (LeaderElection.java:askForVotes(306)) - ac78b934-d09a-4407-918e-43db40751b5e@group-2F24DE557786-LeaderElection12 ELECTION round 0: submit vote requests at term 1 for -1: [ac78b934-d09a-4407-918e-43db40751b5e|rpc:10.1.0.41:43943|priority:1], old=null
2021-08-14 01:18:32,798 [ac78b934-d09a-4407-918e-43db40751b5e@group-2F24DE557786-LeaderElection12] INFO  impl.LeaderElection (LeaderElection.java:askForVotes(308)) - ac78b934-d09a-4407-918e-43db40751b5e@group-2F24DE557786-LeaderElection12 ELECTION round 0: result PASSED (term=1)
2021-08-14 01:18:32,798 [ac78b934-d09a-4407-918e-43db40751b5e@group-2F24DE557786-LeaderElection12] INFO  impl.RoleInfo (RoleInfo.java:shutdownLeaderElection(121)) - ac78b934-d09a-4407-918e-43db40751b5e: shutdown ac78b934-d09a-4407-918e-43db40751b5e@group-2F24DE557786-LeaderElection12
2021-08-14 01:18:32,800 [ac78b934-d09a-4407-918e-43db40751b5e@group-2F24DE557786-LeaderElection12] INFO  server.RaftServer$Division (RaftServerImpl.java:setRole(285)) - ac78b934-d09a-4407-918e-43db40751b5e@group-2F24DE557786: changes role from CANDIDATE to LEADER at term 1 for changeToLeader
2021-08-14 01:18:32,800 [ac78b934-d09a-4407-918e-43db40751b5e@group-2F24DE557786-LeaderElection12] INFO  ratis.XceiverServerRatis (XceiverServerRatis.java:handleLeaderChangedNotification(861)) - Leader change notification received for group: group-2F24DE557786 with new leaderId: ac78b934-d09a-4407-918e-43db40751b5e
2021-08-14 01:18:32,800 [ac78b934-d09a-4407-918e-43db40751b5e@group-2F24DE557786-LeaderElection12] INFO  server.RaftServer$Division (ServerState.java:setLeader(285)) - ac78b934-d09a-4407-918e-43db40751b5e@group-2F24DE557786: change Leader from null to ac78b934-d09a-4407-918e-43db40751b5e at term 1 for becomeLeader, leader elected after 5171ms
2021-08-14 01:18:32,800 [ac78b934-d09a-4407-918e-43db40751b5e@group-2F24DE557786-LeaderElection12] INFO  server.RaftServerConfigKeys (ConfUtils.java:logGet(44)) - raft.server.staging.catchup.gap = 1000 (default)
2021-08-14 01:18:32,800 [Datanode State Machine Thread - 0] WARN  statemachine.StateContext (StateContext.java:execute(621)) - No available thread in pool for past 0 seconds.
2021-08-14 01:18:32,801 [ac78b934-d09a-4407-918e-43db40751b5e@group-2F24DE557786-LeaderElection12] INFO  server.RaftServerConfigKeys (ConfUtils.java:logGet(44)) - raft.server.write.element-limit = 1024 (custom)
2021-08-14 01:18:32,801 [ac78b934-d09a-4407-918e-43db40751b5e@group-2F24DE557786-LeaderElection12] INFO  server.RaftServerConfigKeys (ConfUtils.java:logGet(44)) - raft.server.write.byte-limit = 1024 M (=1073741824) (custom)
2021-08-14 01:18:32,801 [ac78b934-d09a-4407-918e-43db40751b5e@group-2F24DE557786-LeaderElection12] INFO  server.RaftServerConfigKeys (ConfUtils.java:logGet(44)) - raft.server.watch.timeout = 10000ms (default)
2021-08-14 01:18:32,801 [ac78b934-d09a-4407-918e-43db40751b5e@group-2F24DE557786-LeaderElection12] INFO  server.RaftServerConfigKeys (ConfUtils.java:logGet(44)) - raft.server.watch.timeout.denomination = 1s (default)
2021-08-14 01:18:32,802 [ac78b934-d09a-4407-918e-43db40751b5e@group-2F24DE557786-LeaderElection12] INFO  server.RaftServerConfigKeys (ConfUtils.java:logGet(44)) - raft.server.watch.element-limit = 65536 (default)
2021-08-14 01:18:32,802 [ac78b934-d09a-4407-918e-43db40751b5e@group-2F24DE557786-LeaderElection12] INFO  impl.RoleInfo (RoleInfo.java:updateAndGet(130)) - ac78b934-d09a-4407-918e-43db40751b5e: start ac78b934-d09a-4407-918e-43db40751b5e@group-2F24DE557786-LeaderStateImpl
2021-08-14 01:18:32,802 [ac78b934-d09a-4407-918e-43db40751b5e@group-2F24DE557786-LeaderElection12] INFO  segmented.SegmentedRaftLogWorker (SegmentedRaftLogWorker.java:startLogSegment(394)) - ac78b934-d09a-4407-918e-43db40751b5e@group-2F24DE557786-SegmentedRaftLogWorker: Starting segment from index:0
2021-08-14 01:18:32,804 [ac78b934-d09a-4407-918e-43db40751b5e@group-2F24DE557786-SegmentedRaftLogWorker] INFO  segmented.SegmentedRaftLogWorker (SegmentedRaftLogWorker.java:execute(601)) - ac78b934-d09a-4407-918e-43db40751b5e@group-2F24DE557786-SegmentedRaftLogWorker: created new log segment /home/runner/work/ozone/ozone/hadoop-ozone/integration-test/target/test-dir/MiniOzoneClusterImpl-0159c105-9d83-42dd-92be-307c6655fab4/datanode-5/data/ratis/68599dce-946b-4ac6-8d0f-2f24de557786/current/log_inprogress_0
2021-08-14 01:18:32,810 [ac78b934-d09a-4407-918e-43db40751b5e@group-2F24DE557786-LeaderElection12] INFO  server.RaftServer$Division (ServerState.java:setRaftConf(387)) - ac78b934-d09a-4407-918e-43db40751b5e@group-2F24DE557786: set configuration 0: [ac78b934-d09a-4407-918e-43db40751b5e|rpc:10.1.0.41:43943|dataStream:|priority:1], old=null
2021-08-14 01:18:32,815 [ac78b934-d09a-4407-918e-43db40751b5e@group-2F24DE557786-StateMachineUpdater] INFO  ratis.ContainerStateMachine (ContainerStateMachine.java:takeSnapshot(293)) - group-2F24DE557786: Taking a snapshot at:(t:1, i:0) file /home/runner/work/ozone/ozone/hadoop-ozone/integration-test/target/test-dir/MiniOzoneClusterImpl-0159c105-9d83-42dd-92be-307c6655fab4/datanode-5/data/ratis/68599dce-946b-4ac6-8d0f-2f24de557786/sm/snapshot.1_0
2021-08-14 01:18:32,816 [ac78b934-d09a-4407-918e-43db40751b5e@group-2F24DE557786-StateMachineUpdater] INFO  ratis.ContainerStateMachine (ContainerStateMachine.java:takeSnapshot(304)) - group-2F24DE557786: Finished taking a snapshot at:(t:1, i:0) file:/home/runner/work/ozone/ozone/hadoop-ozone/integration-test/target/test-dir/MiniOzoneClusterImpl-0159c105-9d83-42dd-92be-307c6655fab4/datanode-5/data/ratis/68599dce-946b-4ac6-8d0f-2f24de557786/sm/snapshot.1_0 took: 1 ms
2021-08-14 01:18:32,817 [ac78b934-d09a-4407-918e-43db40751b5e@group-2F24DE557786-StateMachineUpdater] INFO  impl.StateMachineUpdater (StateMachineUpdater.java:takeSnapshot(281)) - ac78b934-d09a-4407-918e-43db40751b5e@group-2F24DE557786-StateMachineUpdater: Took a snapshot at index 0
2021-08-14 01:18:32,817 [ac78b934-d09a-4407-918e-43db40751b5e@group-2F24DE557786-StateMachineUpdater] INFO  impl.StateMachineUpdater (StateMachineUpdater.java:lambda$new$0(89)) - ac78b934-d09a-4407-918e-43db40751b5e@group-2F24DE557786-StateMachineUpdater: snapshotIndex: updateIncreasingly -1 -> 0
2021-08-14 01:18:32,915 [cd64d878-198d-4e62-83d6-b5b1e205daa6@group-BBB3A94D2007-FollowerState] INFO  impl.FollowerState (FollowerState.java:run(134)) - cd64d878-198d-4e62-83d6-b5b1e205daa6@group-BBB3A94D2007-FollowerState: change to CANDIDATE, lastRpcElapsedTime:5046313087ns, electionTimeout:5045ms
2021-08-14 01:18:32,915 [cd64d878-198d-4e62-83d6-b5b1e205daa6@group-BBB3A94D2007-FollowerState] INFO  impl.RoleInfo (RoleInfo.java:shutdownFollowerState(108)) - cd64d878-198d-4e62-83d6-b5b1e205daa6: shutdown cd64d878-198d-4e62-83d6-b5b1e205daa6@group-BBB3A94D2007-FollowerState
2021-08-14 01:18:32,915 [cd64d878-198d-4e62-83d6-b5b1e205daa6@group-BBB3A94D2007-FollowerState] INFO  server.RaftServer$Division (RaftServerImpl.java:setRole(285)) - cd64d878-198d-4e62-83d6-b5b1e205daa6@group-BBB3A94D2007: changes role from  FOLLOWER to CANDIDATE at term 0 for changeToCandidate
2021-08-14 01:18:32,916 [cd64d878-198d-4e62-83d6-b5b1e205daa6@group-BBB3A94D2007-FollowerState] INFO  server.RaftServerConfigKeys (ConfUtils.java:logGet(44)) - raft.server.leaderelection.pre-vote = false (custom)
2021-08-14 01:18:32,916 [cd64d878-198d-4e62-83d6-b5b1e205daa6@group-BBB3A94D2007-FollowerState] INFO  impl.RoleInfo (RoleInfo.java:updateAndGet(130)) - cd64d878-198d-4e62-83d6-b5b1e205daa6: start cd64d878-198d-4e62-83d6-b5b1e205daa6@group-BBB3A94D2007-LeaderElection13
2021-08-14 01:18:32,941 [cd64d878-198d-4e62-83d6-b5b1e205daa6@group-BBB3A94D2007-LeaderElection13] INFO  impl.LeaderElection (LeaderElection.java:askForVotes(306)) - cd64d878-198d-4e62-83d6-b5b1e205daa6@group-BBB3A94D2007-LeaderElection13 ELECTION round 0: submit vote requests at term 1 for -1: [cd64d878-198d-4e62-83d6-b5b1e205daa6|rpc:10.1.0.41:34757|priority:1, 27edb56d-b8db-4758-826e-c998f495671f|rpc:10.1.0.41:40033|priority:0, d2e7743e-c73b-4378-b503-81e8ce35debb|rpc:10.1.0.41:37875|priority:0], old=null
2021-08-14 01:18:32,945 [d2e7743e-c73b-4378-b503-81e8ce35debb@group-BBB3A94D2007-FollowerState] INFO  impl.FollowerState (FollowerState.java:run(134)) - d2e7743e-c73b-4378-b503-81e8ce35debb@group-BBB3A94D2007-FollowerState: change to CANDIDATE, lastRpcElapsedTime:5040960751ns, electionTimeout:5040ms
2021-08-14 01:18:32,945 [d2e7743e-c73b-4378-b503-81e8ce35debb@group-BBB3A94D2007-FollowerState] INFO  impl.RoleInfo (RoleInfo.java:shutdownFollowerState(108)) - d2e7743e-c73b-4378-b503-81e8ce35debb: shutdown d2e7743e-c73b-4378-b503-81e8ce35debb@group-BBB3A94D2007-FollowerState
2021-08-14 01:18:32,945 [d2e7743e-c73b-4378-b503-81e8ce35debb@group-BBB3A94D2007-FollowerState] INFO  server.RaftServer$Division (RaftServerImpl.java:setRole(285)) - d2e7743e-c73b-4378-b503-81e8ce35debb@group-BBB3A94D2007: changes role from  FOLLOWER to CANDIDATE at term 0 for changeToCandidate
2021-08-14 01:18:32,975 [grpc-default-executor-2] INFO  server.RaftServer$Division (RaftServerImpl.java:requestVote(1043)) - 27edb56d-b8db-4758-826e-c998f495671f@group-BBB3A94D2007: receive requestVote(ELECTION, cd64d878-198d-4e62-83d6-b5b1e205daa6, group-BBB3A94D2007, 1, (t:0, i:0))
2021-08-14 01:18:32,975 [grpc-default-executor-2] INFO  impl.VoteContext (VoteContext.java:log(48)) - 27edb56d-b8db-4758-826e-c998f495671f@group-BBB3A94D2007-FOLLOWER: accept ELECTION from cd64d878-198d-4e62-83d6-b5b1e205daa6: our priority 0 <= candidate's priority 1
2021-08-14 01:18:32,975 [grpc-default-executor-2] INFO  server.RaftServer$Division (RaftServerImpl.java:setRole(285)) - 27edb56d-b8db-4758-826e-c998f495671f@group-BBB3A94D2007: changes role from  FOLLOWER to FOLLOWER at term 1 for candidate:cd64d878-198d-4e62-83d6-b5b1e205daa6
2021-08-14 01:18:32,975 [grpc-default-executor-2] INFO  impl.RoleInfo (RoleInfo.java:shutdownFollowerState(108)) - 27edb56d-b8db-4758-826e-c998f495671f: shutdown 27edb56d-b8db-4758-826e-c998f495671f@group-BBB3A94D2007-FollowerState
2021-08-14 01:18:32,975 [grpc-default-executor-2] INFO  impl.RoleInfo (RoleInfo.java:updateAndGet(130)) - 27edb56d-b8db-4758-826e-c998f495671f: start 27edb56d-b8db-4758-826e-c998f495671f@group-BBB3A94D2007-FollowerState
2021-08-14 01:18:32,975 [27edb56d-b8db-4758-826e-c998f495671f@group-BBB3A94D2007-FollowerState] INFO  impl.FollowerState (FollowerState.java:run(143)) - 27edb56d-b8db-4758-826e-c998f495671f@group-BBB3A94D2007-FollowerState was interrupted: {}
java.lang.InterruptedException: sleep interrupted
	at java.lang.Thread.sleep(Native Method)
	at java.lang.Thread.sleep(Thread.java:340)
	at java.util.concurrent.TimeUnit.sleep(TimeUnit.java:386)
	at org.apache.ratis.util.TimeDuration.sleep(TimeDuration.java:324)
	at org.apache.ratis.util.TimeDuration.sleep(TimeDuration.java:309)
	at org.apache.ratis.server.impl.FollowerState.run(FollowerState.java:118)
2021-08-14 01:18:32,989 [d2e7743e-c73b-4378-b503-81e8ce35debb@group-BBB3A94D2007-FollowerState] INFO  server.RaftServerConfigKeys (ConfUtils.java:logGet(44)) - raft.server.leaderelection.pre-vote = false (custom)
2021-08-14 01:18:32,989 [d2e7743e-c73b-4378-b503-81e8ce35debb@group-BBB3A94D2007-FollowerState] INFO  impl.RoleInfo (RoleInfo.java:updateAndGet(130)) - d2e7743e-c73b-4378-b503-81e8ce35debb: start d2e7743e-c73b-4378-b503-81e8ce35debb@group-BBB3A94D2007-LeaderElection14
2021-08-14 01:18:32,990 [grpc-default-executor-2] INFO  server.RaftServer$Division (RaftServerImpl.java:requestVote(1075)) - 27edb56d-b8db-4758-826e-c998f495671f@group-BBB3A94D2007 replies to ELECTION vote request: cd64d878-198d-4e62-83d6-b5b1e205daa6<-27edb56d-b8db-4758-826e-c998f495671f#0:OK-t1. Peer's state: 27edb56d-b8db-4758-826e-c998f495671f@group-BBB3A94D2007:t1, leader=null, voted=cd64d878-198d-4e62-83d6-b5b1e205daa6, raftlog=27edb56d-b8db-4758-826e-c998f495671f@group-BBB3A94D2007-SegmentedRaftLog:OPENED:c-1,f-1,i0, conf=-1: [cd64d878-198d-4e62-83d6-b5b1e205daa6|rpc:10.1.0.41:34757|dataStream:|priority:1, 27edb56d-b8db-4758-826e-c998f495671f|rpc:10.1.0.41:40033|dataStream:|priority:0, d2e7743e-c73b-4378-b503-81e8ce35debb|rpc:10.1.0.41:37875|dataStream:|priority:0], old=null
2021-08-14 01:18:32,999 [cd64d878-198d-4e62-83d6-b5b1e205daa6@group-BBB3A94D2007-LeaderElection13] INFO  impl.LeaderElection (LeaderElection.java:logAndReturn(89)) - cd64d878-198d-4e62-83d6-b5b1e205daa6@group-BBB3A94D2007-LeaderElection13: ELECTION PASSED received 1 response(s) and 0 exception(s):
2021-08-14 01:18:33,003 [cd64d878-198d-4e62-83d6-b5b1e205daa6@group-BBB3A94D2007-LeaderElection13] INFO  impl.LeaderElection (LeaderElection.java:logAndReturn(93)) -   Response 0: cd64d878-198d-4e62-83d6-b5b1e205daa6<-27edb56d-b8db-4758-826e-c998f495671f#0:OK-t1
2021-08-14 01:18:33,003 [cd64d878-198d-4e62-83d6-b5b1e205daa6@group-BBB3A94D2007-LeaderElection13] INFO  impl.LeaderElection (LeaderElection.java:askForVotes(308)) - cd64d878-198d-4e62-83d6-b5b1e205daa6@group-BBB3A94D2007-LeaderElection13 ELECTION round 0: result PASSED
2021-08-14 01:18:33,003 [cd64d878-198d-4e62-83d6-b5b1e205daa6@group-BBB3A94D2007-LeaderElection13] INFO  impl.RoleInfo (RoleInfo.java:shutdownLeaderElection(121)) - cd64d878-198d-4e62-83d6-b5b1e205daa6: shutdown cd64d878-198d-4e62-83d6-b5b1e205daa6@group-BBB3A94D2007-LeaderElection13
2021-08-14 01:18:33,003 [cd64d878-198d-4e62-83d6-b5b1e205daa6@group-BBB3A94D2007-LeaderElection13] INFO  server.RaftServer$Division (RaftServerImpl.java:setRole(285)) - cd64d878-198d-4e62-83d6-b5b1e205daa6@group-BBB3A94D2007: changes role from CANDIDATE to LEADER at term 1 for changeToLeader
2021-08-14 01:18:33,003 [cd64d878-198d-4e62-83d6-b5b1e205daa6@group-BBB3A94D2007-LeaderElection13] INFO  ratis.XceiverServerRatis (XceiverServerRatis.java:handleLeaderChangedNotification(861)) - Leader change notification received for group: group-BBB3A94D2007 with new leaderId: cd64d878-198d-4e62-83d6-b5b1e205daa6
2021-08-14 01:18:33,003 [cd64d878-198d-4e62-83d6-b5b1e205daa6@group-BBB3A94D2007-LeaderElection13] INFO  server.RaftServer$Division (ServerState.java:setLeader(285)) - cd64d878-198d-4e62-83d6-b5b1e205daa6@group-BBB3A94D2007: change Leader from null to cd64d878-198d-4e62-83d6-b5b1e205daa6 at term 1 for becomeLeader, leader elected after 5151ms
2021-08-14 01:18:33,003 [cd64d878-198d-4e62-83d6-b5b1e205daa6@group-BBB3A94D2007-LeaderElection13] INFO  server.RaftServerConfigKeys (ConfUtils.java:logGet(44)) - raft.server.staging.catchup.gap = 1000 (default)
2021-08-14 01:18:33,003 [cd64d878-198d-4e62-83d6-b5b1e205daa6@group-BBB3A94D2007-LeaderElection13] INFO  server.RaftServerConfigKeys (ConfUtils.java:logGet(44)) - raft.server.write.element-limit = 1024 (custom)
2021-08-14 01:18:33,003 [cd64d878-198d-4e62-83d6-b5b1e205daa6@group-BBB3A94D2007-LeaderElection13] INFO  server.RaftServerConfigKeys (ConfUtils.java:logGet(44)) - raft.server.write.byte-limit = 1024 M (=1073741824) (custom)
2021-08-14 01:18:33,004 [cd64d878-198d-4e62-83d6-b5b1e205daa6@group-BBB3A94D2007-LeaderElection13] INFO  server.RaftServerConfigKeys (ConfUtils.java:logGet(44)) - raft.server.watch.timeout = 10000ms (default)
2021-08-14 01:18:33,004 [cd64d878-198d-4e62-83d6-b5b1e205daa6@group-BBB3A94D2007-LeaderElection13] INFO  server.RaftServerConfigKeys (ConfUtils.java:logGet(44)) - raft.server.watch.timeout.denomination = 1s (default)
2021-08-14 01:18:33,004 [cd64d878-198d-4e62-83d6-b5b1e205daa6@group-BBB3A94D2007-LeaderElection13] INFO  server.RaftServerConfigKeys (ConfUtils.java:logGet(44)) - raft.server.watch.element-limit = 65536 (default)
2021-08-14 01:18:33,004 [cd64d878-198d-4e62-83d6-b5b1e205daa6@group-BBB3A94D2007-LeaderElection13] INFO  server.RaftServerConfigKeys (ConfUtils.java:logGet(44)) - raft.server.log.appender.snapshot.chunk.size.max = 16MB (=16777216) (default)
2021-08-14 01:18:33,004 [cd64d878-198d-4e62-83d6-b5b1e205daa6@group-BBB3A94D2007-LeaderElection13] INFO  server.RaftServerConfigKeys (ConfUtils.java:logGet(44)) - raft.server.log.appender.buffer.byte-limit = 33554432 (custom)
2021-08-14 01:18:33,004 [cd64d878-198d-4e62-83d6-b5b1e205daa6@group-BBB3A94D2007-LeaderElection13] INFO  server.RaftServerConfigKeys (ConfUtils.java:logGet(44)) - raft.server.log.appender.buffer.element-limit = 1 (custom)
2021-08-14 01:18:33,004 [cd64d878-198d-4e62-83d6-b5b1e205daa6@group-BBB3A94D2007-LeaderElection13] INFO  grpc.GrpcConfigKeys (ConfUtils.java:logGet(44)) - raft.grpc.server.leader.outstanding.appends.max = 128 (default)
2021-08-14 01:18:33,004 [cd64d878-198d-4e62-83d6-b5b1e205daa6@group-BBB3A94D2007-LeaderElection13] INFO  server.RaftServerConfigKeys (ConfUtils.java:logGet(44)) - raft.server.rpc.request.timeout = 3000ms (default)
2021-08-14 01:18:33,004 [cd64d878-198d-4e62-83d6-b5b1e205daa6@group-BBB3A94D2007-LeaderElection13] INFO  server.RaftServerConfigKeys (ConfUtils.java:logGet(44)) - raft.server.log.appender.install.snapshot.enabled = false (custom)
2021-08-14 01:18:33,005 [cd64d878-198d-4e62-83d6-b5b1e205daa6@group-BBB3A94D2007-LeaderElection13] INFO  server.RaftServerConfigKeys (ConfUtils.java:logGet(44)) - raft.server.log.appender.snapshot.chunk.size.max = 16MB (=16777216) (default)
2021-08-14 01:18:33,002 [cd64d878-198d-4e62-83d6-b5b1e205daa6@group-C2D69AEEE4F3-FollowerState] INFO  impl.FollowerState (FollowerState.java:run(134)) - cd64d878-198d-4e62-83d6-b5b1e205daa6@group-C2D69AEEE4F3-FollowerState: change to CANDIDATE, lastRpcElapsedTime:5164159655ns, electionTimeout:5153ms
2021-08-14 01:18:33,001 [d2e7743e-c73b-4378-b503-81e8ce35debb@group-BBB3A94D2007-LeaderElection14] INFO  impl.LeaderElection (LeaderElection.java:askForVotes(306)) - d2e7743e-c73b-4378-b503-81e8ce35debb@group-BBB3A94D2007-LeaderElection14 ELECTION round 0: submit vote requests at term 1 for -1: [cd64d878-198d-4e62-83d6-b5b1e205daa6|rpc:10.1.0.41:34757|dataStream:|priority:1, 27edb56d-b8db-4758-826e-c998f495671f|rpc:10.1.0.41:40033|dataStream:|priority:0, d2e7743e-c73b-4378-b503-81e8ce35debb|rpc:10.1.0.41:37875|dataStream:|priority:0], old=null
2021-08-14 01:18:33,012 [cd64d878-198d-4e62-83d6-b5b1e205daa6@group-C2D69AEEE4F3-FollowerState] INFO  impl.RoleInfo (RoleInfo.java:shutdownFollowerState(108)) - cd64d878-198d-4e62-83d6-b5b1e205daa6: shutdown cd64d878-198d-4e62-83d6-b5b1e205daa6@group-C2D69AEEE4F3-FollowerState
2021-08-14 01:18:33,012 [cd64d878-198d-4e62-83d6-b5b1e205daa6@group-C2D69AEEE4F3-FollowerState] INFO  server.RaftServer$Division (RaftServerImpl.java:setRole(285)) - cd64d878-198d-4e62-83d6-b5b1e205daa6@group-C2D69AEEE4F3: changes role from  FOLLOWER to CANDIDATE at term 0 for changeToCandidate
2021-08-14 01:18:33,012 [grpc-default-executor-2] INFO  server.RaftServer$Division (RaftServerImpl.java:requestVote(1043)) - d2e7743e-c73b-4378-b503-81e8ce35debb@group-BBB3A94D2007: receive requestVote(ELECTION, cd64d878-198d-4e62-83d6-b5b1e205daa6, group-BBB3A94D2007, 1, (t:0, i:0))
2021-08-14 01:18:33,033 [grpc-default-executor-2] INFO  impl.VoteContext (VoteContext.java:log(48)) - d2e7743e-c73b-4378-b503-81e8ce35debb@group-BBB3A94D2007-CANDIDATE: reject ELECTION from cd64d878-198d-4e62-83d6-b5b1e205daa6: already has voted for d2e7743e-c73b-4378-b503-81e8ce35debb at current term 1
2021-08-14 01:18:33,033 [grpc-default-executor-2] INFO  server.RaftServer$Division (RaftServerImpl.java:requestVote(1075)) - d2e7743e-c73b-4378-b503-81e8ce35debb@group-BBB3A94D2007 replies to ELECTION vote request: cd64d878-198d-4e62-83d6-b5b1e205daa6<-d2e7743e-c73b-4378-b503-81e8ce35debb#0:FAIL-t1. Peer's state: d2e7743e-c73b-4378-b503-81e8ce35debb@group-BBB3A94D2007:t1, leader=null, voted=d2e7743e-c73b-4378-b503-81e8ce35debb, raftlog=d2e7743e-c73b-4378-b503-81e8ce35debb@group-BBB3A94D2007-SegmentedRaftLog:OPENED:c-1,f-1,i0, conf=-1: [cd64d878-198d-4e62-83d6-b5b1e205daa6|rpc:10.1.0.41:34757|dataStream:|priority:1, 27edb56d-b8db-4758-826e-c998f495671f|rpc:10.1.0.41:40033|dataStream:|priority:0, d2e7743e-c73b-4378-b503-81e8ce35debb|rpc:10.1.0.41:37875|dataStream:|priority:0], old=null
2021-08-14 01:18:33,006 [EventQueue-PipelineReportForPipelineReportHandler] INFO  pipeline.PipelineManagerImpl (PipelineManagerImpl.java:openPipeline(283)) - Pipeline Pipeline[ Id: 7c926289-df4a-4d15-9c3e-bbb3a94d2007, Nodes: cd64d878-198d-4e62-83d6-b5b1e205daa6{ip: 10.1.0.41, host: fv-az395-768.zfmzfyrfkyou3ow0tsr0jxwq1e.bx.internal.cloudapp.net, ports: [REPLICATION=37931, RATIS=34757, RATIS_ADMIN=34757, RATIS_SERVER=34757, STANDALONE=43107], networkLocation: /default-rack, certSerialId: null, persistedOpState: IN_SERVICE, persistedOpStateExpiryEpochSec: 0}d2e7743e-c73b-4378-b503-81e8ce35debb{ip: 10.1.0.41, host: fv-az395-768.zfmzfyrfkyou3ow0tsr0jxwq1e.bx.internal.cloudapp.net, ports: [REPLICATION=42437, RATIS=37875, RATIS_ADMIN=37875, RATIS_SERVER=37875, STANDALONE=46515], networkLocation: /default-rack, certSerialId: null, persistedOpState: IN_SERVICE, persistedOpStateExpiryEpochSec: 0}27edb56d-b8db-4758-826e-c998f495671f{ip: 10.1.0.41, host: fv-az395-768.zfmzfyrfkyou3ow0tsr0jxwq1e.bx.internal.cloudapp.net, ports: [REPLICATION=40945, RATIS=40033, RATIS_ADMIN=40033, RATIS_SERVER=40033, STANDALONE=43219], networkLocation: /default-rack, certSerialId: null, persistedOpState: IN_SERVICE, persistedOpStateExpiryEpochSec: 0}, ReplicationConfig: RATIS/THREE, State:ALLOCATED, leaderId:cd64d878-198d-4e62-83d6-b5b1e205daa6, CreationTimestamp2021-08-14T01:18:25.377Z[Etc/UTC]] moved to OPEN state
2021-08-14 01:18:33,006 [Datanode State Machine Thread - 0] WARN  statemachine.StateContext (StateContext.java:execute(621)) - No available thread in pool for past 0 seconds.
2021-08-14 01:18:33,006 [cd64d878-198d-4e62-83d6-b5b1e205daa6@group-BBB3A94D2007-LeaderElection13] INFO  server.RaftServerConfigKeys (ConfUtils.java:logGet(44)) - raft.server.log.appender.buffer.byte-limit = 33554432 (custom)
2021-08-14 01:18:33,055 [cd64d878-198d-4e62-83d6-b5b1e205daa6@group-BBB3A94D2007-LeaderElection13] INFO  server.RaftServerConfigKeys (ConfUtils.java:logGet(44)) - raft.server.log.appender.buffer.element-limit = 1 (custom)
2021-08-14 01:18:33,055 [cd64d878-198d-4e62-83d6-b5b1e205daa6@group-BBB3A94D2007-LeaderElection13] INFO  grpc.GrpcConfigKeys (ConfUtils.java:logGet(44)) - raft.grpc.server.leader.outstanding.appends.max = 128 (default)
2021-08-14 01:18:33,056 [cd64d878-198d-4e62-83d6-b5b1e205daa6@group-BBB3A94D2007-LeaderElection13] INFO  server.RaftServerConfigKeys (ConfUtils.java:logGet(44)) - raft.server.rpc.request.timeout = 3000ms (default)
2021-08-14 01:18:33,056 [cd64d878-198d-4e62-83d6-b5b1e205daa6@group-BBB3A94D2007-LeaderElection13] INFO  server.RaftServerConfigKeys (ConfUtils.java:logGet(44)) - raft.server.log.appender.install.snapshot.enabled = false (custom)
2021-08-14 01:18:33,056 [cd64d878-198d-4e62-83d6-b5b1e205daa6@group-BBB3A94D2007-LeaderElection13] INFO  impl.RoleInfo (RoleInfo.java:updateAndGet(130)) - cd64d878-198d-4e62-83d6-b5b1e205daa6: start cd64d878-198d-4e62-83d6-b5b1e205daa6@group-BBB3A94D2007-LeaderStateImpl
2021-08-14 01:18:33,056 [cd64d878-198d-4e62-83d6-b5b1e205daa6@group-BBB3A94D2007-LeaderElection13] INFO  segmented.SegmentedRaftLogWorker (SegmentedRaftLogWorker.java:startLogSegment(394)) - cd64d878-198d-4e62-83d6-b5b1e205daa6@group-BBB3A94D2007-SegmentedRaftLogWorker: Starting segment from index:0
2021-08-14 01:18:33,052 [d2e7743e-c73b-4378-b503-81e8ce35debb@group-949CD4D7FACD-FollowerState] INFO  impl.FollowerState (FollowerState.java:run(134)) - d2e7743e-c73b-4378-b503-81e8ce35debb@group-949CD4D7FACD-FollowerState: change to CANDIDATE, lastRpcElapsedTime:5011873262ns, electionTimeout:5005ms
2021-08-14 01:18:33,057 [d2e7743e-c73b-4378-b503-81e8ce35debb@group-949CD4D7FACD-FollowerState] INFO  impl.RoleInfo (RoleInfo.java:shutdownFollowerState(108)) - d2e7743e-c73b-4378-b503-81e8ce35debb: shutdown d2e7743e-c73b-4378-b503-81e8ce35debb@group-949CD4D7FACD-FollowerState
2021-08-14 01:18:33,057 [d2e7743e-c73b-4378-b503-81e8ce35debb@group-949CD4D7FACD-FollowerState] INFO  server.RaftServer$Division (RaftServerImpl.java:setRole(285)) - d2e7743e-c73b-4378-b503-81e8ce35debb@group-949CD4D7FACD: changes role from  FOLLOWER to CANDIDATE at term 0 for changeToCandidate
2021-08-14 01:18:33,033 [cd64d878-198d-4e62-83d6-b5b1e205daa6@group-C2D69AEEE4F3-FollowerState] INFO  server.RaftServerConfigKeys (ConfUtils.java:logGet(44)) - raft.server.leaderelection.pre-vote = false (custom)
2021-08-14 01:18:33,058 [cd64d878-198d-4e62-83d6-b5b1e205daa6@group-C2D69AEEE4F3-FollowerState] INFO  impl.RoleInfo (RoleInfo.java:updateAndGet(130)) - cd64d878-198d-4e62-83d6-b5b1e205daa6: start cd64d878-198d-4e62-83d6-b5b1e205daa6@group-C2D69AEEE4F3-LeaderElection15
2021-08-14 01:18:33,059 [cd64d878-198d-4e62-83d6-b5b1e205daa6@group-BBB3A94D2007-SegmentedRaftLogWorker] INFO  segmented.SegmentedRaftLogWorker (SegmentedRaftLogWorker.java:execute(601)) - cd64d878-198d-4e62-83d6-b5b1e205daa6@group-BBB3A94D2007-SegmentedRaftLogWorker: created new log segment /home/runner/work/ozone/ozone/hadoop-ozone/integration-test/target/test-dir/MiniOzoneClusterImpl-0159c105-9d83-42dd-92be-307c6655fab4/datanode-6/data/ratis/7c926289-df4a-4d15-9c3e-bbb3a94d2007/current/log_inprogress_0
2021-08-14 01:18:33,069 [27edb56d-b8db-4758-826e-c998f495671f@group-949CD4D7FACD-FollowerState] INFO  impl.FollowerState (FollowerState.java:run(134)) - 27edb56d-b8db-4758-826e-c998f495671f@group-949CD4D7FACD-FollowerState: change to CANDIDATE, lastRpcElapsedTime:5065091109ns, electionTimeout:5063ms
2021-08-14 01:18:33,070 [27edb56d-b8db-4758-826e-c998f495671f@group-949CD4D7FACD-FollowerState] INFO  impl.RoleInfo (RoleInfo.java:shutdownFollowerState(108)) - 27edb56d-b8db-4758-826e-c998f495671f: shutdown 27edb56d-b8db-4758-826e-c998f495671f@group-949CD4D7FACD-FollowerState
2021-08-14 01:18:33,070 [27edb56d-b8db-4758-826e-c998f495671f@group-949CD4D7FACD-FollowerState] INFO  server.RaftServer$Division (RaftServerImpl.java:setRole(285)) - 27edb56d-b8db-4758-826e-c998f495671f@group-949CD4D7FACD: changes role from  FOLLOWER to CANDIDATE at term 0 for changeToCandidate
2021-08-14 01:18:33,078 [cd64d878-198d-4e62-83d6-b5b1e205daa6@group-949CD4D7FACD-FollowerState] INFO  impl.FollowerState (FollowerState.java:run(134)) - cd64d878-198d-4e62-83d6-b5b1e205daa6@group-949CD4D7FACD-FollowerState: change to CANDIDATE, lastRpcElapsedTime:5103276657ns, electionTimeout:5102ms
2021-08-14 01:18:33,079 [cd64d878-198d-4e62-83d6-b5b1e205daa6@group-949CD4D7FACD-FollowerState] INFO  impl.RoleInfo (RoleInfo.java:shutdownFollowerState(108)) - cd64d878-198d-4e62-83d6-b5b1e205daa6: shutdown cd64d878-198d-4e62-83d6-b5b1e205daa6@group-949CD4D7FACD-FollowerState
2021-08-14 01:18:33,079 [cd64d878-198d-4e62-83d6-b5b1e205daa6@group-949CD4D7FACD-FollowerState] INFO  server.RaftServer$Division (RaftServerImpl.java:setRole(285)) - cd64d878-198d-4e62-83d6-b5b1e205daa6@group-949CD4D7FACD: changes role from  FOLLOWER to CANDIDATE at term 0 for changeToCandidate
2021-08-14 01:18:33,080 [grpc-default-executor-4] INFO  server.RaftServer$Division (RaftServerImpl.java:setRole(285)) - d2e7743e-c73b-4378-b503-81e8ce35debb@group-BBB3A94D2007: changes role from CANDIDATE to FOLLOWER at term 1 for appendEntries
2021-08-14 01:18:33,080 [grpc-default-executor-4] INFO  impl.RoleInfo (RoleInfo.java:shutdownLeaderElection(121)) - d2e7743e-c73b-4378-b503-81e8ce35debb: shutdown d2e7743e-c73b-4378-b503-81e8ce35debb@group-BBB3A94D2007-LeaderElection14
2021-08-14 01:18:33,097 [d2e7743e-c73b-4378-b503-81e8ce35debb@group-949CD4D7FACD-FollowerState] INFO  server.RaftServerConfigKeys (ConfUtils.java:logGet(44)) - raft.server.leaderelection.pre-vote = false (custom)
2021-08-14 01:18:33,097 [d2e7743e-c73b-4378-b503-81e8ce35debb@group-949CD4D7FACD-FollowerState] INFO  impl.RoleInfo (RoleInfo.java:updateAndGet(130)) - d2e7743e-c73b-4378-b503-81e8ce35debb: start d2e7743e-c73b-4378-b503-81e8ce35debb@group-949CD4D7FACD-LeaderElection16
2021-08-14 01:18:33,097 [grpc-default-executor-1] INFO  server.RaftServer$Division (RaftServerImpl.java:requestVote(1043)) - cd64d878-198d-4e62-83d6-b5b1e205daa6@group-BBB3A94D2007: receive requestVote(ELECTION, d2e7743e-c73b-4378-b503-81e8ce35debb, group-BBB3A94D2007, 1, (t:0, i:0))
2021-08-14 01:18:33,097 [grpc-default-executor-2] INFO  server.RaftServer$Division (RaftServerImpl.java:requestVote(1043)) - 27edb56d-b8db-4758-826e-c998f495671f@group-BBB3A94D2007: receive requestVote(ELECTION, d2e7743e-c73b-4378-b503-81e8ce35debb, group-BBB3A94D2007, 1, (t:0, i:0))
2021-08-14 01:18:33,097 [grpc-default-executor-2] INFO  impl.VoteContext (VoteContext.java:log(48)) - 27edb56d-b8db-4758-826e-c998f495671f@group-BBB3A94D2007-FOLLOWER: reject ELECTION from d2e7743e-c73b-4378-b503-81e8ce35debb: already has voted for cd64d878-198d-4e62-83d6-b5b1e205daa6 at current term 1
2021-08-14 01:18:33,097 [grpc-default-executor-2] INFO  server.RaftServer$Division (RaftServerImpl.java:requestVote(1075)) - 27edb56d-b8db-4758-826e-c998f495671f@group-BBB3A94D2007 replies to ELECTION vote request: d2e7743e-c73b-4378-b503-81e8ce35debb<-27edb56d-b8db-4758-826e-c998f495671f#0:FAIL-t1. Peer's state: 27edb56d-b8db-4758-826e-c998f495671f@group-BBB3A94D2007:t1, leader=null, voted=cd64d878-198d-4e62-83d6-b5b1e205daa6, raftlog=27edb56d-b8db-4758-826e-c998f495671f@group-BBB3A94D2007-SegmentedRaftLog:OPENED:c-1,f-1,i0, conf=-1: [cd64d878-198d-4e62-83d6-b5b1e205daa6|rpc:10.1.0.41:34757|dataStream:|priority:1, 27edb56d-b8db-4758-826e-c998f495671f|rpc:10.1.0.41:40033|dataStream:|priority:0, d2e7743e-c73b-4378-b503-81e8ce35debb|rpc:10.1.0.41:37875|dataStream:|priority:0], old=null
2021-08-14 01:18:33,098 [grpc-default-executor-3] INFO  ratis.XceiverServerRatis (XceiverServerRatis.java:handleLeaderChangedNotification(861)) - Leader change notification received for group: group-BBB3A94D2007 with new leaderId: cd64d878-198d-4e62-83d6-b5b1e205daa6
2021-08-14 01:18:33,098 [grpc-default-executor-3] INFO  server.RaftServer$Division (ServerState.java:setLeader(285)) - 27edb56d-b8db-4758-826e-c998f495671f@group-BBB3A94D2007: change Leader from null to cd64d878-198d-4e62-83d6-b5b1e205daa6 at term 1 for appendEntries, leader elected after 5163ms
2021-08-14 01:18:33,098 [cd64d878-198d-4e62-83d6-b5b1e205daa6@group-BBB3A94D2007-LeaderElection13] INFO  server.RaftServer$Division (ServerState.java:setRaftConf(387)) - cd64d878-198d-4e62-83d6-b5b1e205daa6@group-BBB3A94D2007: set configuration 0: [cd64d878-198d-4e62-83d6-b5b1e205daa6|rpc:10.1.0.41:34757|dataStream:|priority:1, 27edb56d-b8db-4758-826e-c998f495671f|rpc:10.1.0.41:40033|dataStream:|priority:0, d2e7743e-c73b-4378-b503-81e8ce35debb|rpc:10.1.0.41:37875|dataStream:|priority:0], old=null
2021-08-14 01:18:33,100 [cd64d878-198d-4e62-83d6-b5b1e205daa6@group-949CD4D7FACD-FollowerState] INFO  server.RaftServerConfigKeys (ConfUtils.java:logGet(44)) - raft.server.leaderelection.pre-vote = false (custom)
2021-08-14 01:18:33,105 [cd64d878-198d-4e62-83d6-b5b1e205daa6@group-949CD4D7FACD-FollowerState] INFO  impl.RoleInfo (RoleInfo.java:updateAndGet(130)) - cd64d878-198d-4e62-83d6-b5b1e205daa6: start cd64d878-198d-4e62-83d6-b5b1e205daa6@group-949CD4D7FACD-LeaderElection18
2021-08-14 01:18:33,100 [grpc-default-executor-4] INFO  impl.RoleInfo (RoleInfo.java:updateAndGet(130)) - d2e7743e-c73b-4378-b503-81e8ce35debb: start d2e7743e-c73b-4378-b503-81e8ce35debb@group-BBB3A94D2007-FollowerState
2021-08-14 01:18:33,098 [27edb56d-b8db-4758-826e-c998f495671f@group-949CD4D7FACD-FollowerState] INFO  server.RaftServerConfigKeys (ConfUtils.java:logGet(44)) - raft.server.leaderelection.pre-vote = false (custom)
2021-08-14 01:18:33,105 [27edb56d-b8db-4758-826e-c998f495671f@group-949CD4D7FACD-FollowerState] INFO  impl.RoleInfo (RoleInfo.java:updateAndGet(130)) - 27edb56d-b8db-4758-826e-c998f495671f: start 27edb56d-b8db-4758-826e-c998f495671f@group-949CD4D7FACD-LeaderElection17
2021-08-14 01:18:33,105 [d2e7743e-c73b-4378-b503-81e8ce35debb@group-BBB3A94D2007-LeaderElection14] INFO  impl.LeaderElection (LeaderElection.java:logAndReturn(89)) - d2e7743e-c73b-4378-b503-81e8ce35debb@group-BBB3A94D2007-LeaderElection14: ELECTION REJECTED received 1 response(s) and 0 exception(s):
2021-08-14 01:18:33,105 [d2e7743e-c73b-4378-b503-81e8ce35debb@group-BBB3A94D2007-LeaderElection14] INFO  impl.LeaderElection (LeaderElection.java:logAndReturn(93)) -   Response 0: d2e7743e-c73b-4378-b503-81e8ce35debb<-27edb56d-b8db-4758-826e-c998f495671f#0:FAIL-t1
2021-08-14 01:18:33,105 [d2e7743e-c73b-4378-b503-81e8ce35debb@group-BBB3A94D2007-LeaderElection14] INFO  impl.LeaderElection (LeaderElection.java:askForVotes(308)) - d2e7743e-c73b-4378-b503-81e8ce35debb@group-BBB3A94D2007-LeaderElection14 ELECTION round 0: result REJECTED
2021-08-14 01:18:33,105 [grpc-default-executor-1] INFO  impl.VoteContext (VoteContext.java:log(48)) - cd64d878-198d-4e62-83d6-b5b1e205daa6@group-BBB3A94D2007-LEADER: reject ELECTION from d2e7743e-c73b-4378-b503-81e8ce35debb: already has voted for cd64d878-198d-4e62-83d6-b5b1e205daa6 at current term 1
2021-08-14 01:18:33,106 [grpc-default-executor-1] INFO  server.RaftServer$Division (RaftServerImpl.java:requestVote(1075)) - cd64d878-198d-4e62-83d6-b5b1e205daa6@group-BBB3A94D2007 replies to ELECTION vote request: d2e7743e-c73b-4378-b503-81e8ce35debb<-cd64d878-198d-4e62-83d6-b5b1e205daa6#0:FAIL-t1. Peer's state: cd64d878-198d-4e62-83d6-b5b1e205daa6@group-BBB3A94D2007:t1, leader=cd64d878-198d-4e62-83d6-b5b1e205daa6, voted=cd64d878-198d-4e62-83d6-b5b1e205daa6, raftlog=cd64d878-198d-4e62-83d6-b5b1e205daa6@group-BBB3A94D2007-SegmentedRaftLog:OPENED:c-1,f0,i0, conf=0: [cd64d878-198d-4e62-83d6-b5b1e205daa6|rpc:10.1.0.41:34757|dataStream:|priority:1, 27edb56d-b8db-4758-826e-c998f495671f|rpc:10.1.0.41:40033|dataStream:|priority:0, d2e7743e-c73b-4378-b503-81e8ce35debb|rpc:10.1.0.41:37875|dataStream:|priority:0], old=null
2021-08-14 01:18:33,107 [cd64d878-198d-4e62-83d6-b5b1e205daa6@group-BBB3A94D2007-StateMachineUpdater] INFO  ratis.ContainerStateMachine (ContainerStateMachine.java:takeSnapshot(293)) - group-BBB3A94D2007: Taking a snapshot at:(t:1, i:0) file /home/runner/work/ozone/ozone/hadoop-ozone/integration-test/target/test-dir/MiniOzoneClusterImpl-0159c105-9d83-42dd-92be-307c6655fab4/datanode-6/data/ratis/7c926289-df4a-4d15-9c3e-bbb3a94d2007/sm/snapshot.1_0
2021-08-14 01:18:33,108 [cd64d878-198d-4e62-83d6-b5b1e205daa6@group-BBB3A94D2007-StateMachineUpdater] INFO  ratis.ContainerStateMachine (ContainerStateMachine.java:takeSnapshot(304)) - group-BBB3A94D2007: Finished taking a snapshot at:(t:1, i:0) file:/home/runner/work/ozone/ozone/hadoop-ozone/integration-test/target/test-dir/MiniOzoneClusterImpl-0159c105-9d83-42dd-92be-307c6655fab4/datanode-6/data/ratis/7c926289-df4a-4d15-9c3e-bbb3a94d2007/sm/snapshot.1_0 took: 2 ms
2021-08-14 01:18:33,109 [cd64d878-198d-4e62-83d6-b5b1e205daa6@group-BBB3A94D2007-StateMachineUpdater] INFO  impl.StateMachineUpdater (StateMachineUpdater.java:takeSnapshot(281)) - cd64d878-198d-4e62-83d6-b5b1e205daa6@group-BBB3A94D2007-StateMachineUpdater: Took a snapshot at index 0
2021-08-14 01:18:33,109 [cd64d878-198d-4e62-83d6-b5b1e205daa6@group-BBB3A94D2007-StateMachineUpdater] INFO  impl.StateMachineUpdater (StateMachineUpdater.java:lambda$new$0(89)) - cd64d878-198d-4e62-83d6-b5b1e205daa6@group-BBB3A94D2007-StateMachineUpdater: snapshotIndex: updateIncreasingly -1 -> 0
2021-08-14 01:18:33,109 [cd64d878-198d-4e62-83d6-b5b1e205daa6@group-C2D69AEEE4F3-LeaderElection15] INFO  impl.LeaderElection (LeaderElection.java:askForVotes(306)) - cd64d878-198d-4e62-83d6-b5b1e205daa6@group-C2D69AEEE4F3-LeaderElection15 ELECTION round 0: submit vote requests at term 1 for -1: [cd64d878-198d-4e62-83d6-b5b1e205daa6|rpc:10.1.0.41:34757|priority:1], old=null
2021-08-14 01:18:33,109 [cd64d878-198d-4e62-83d6-b5b1e205daa6@group-C2D69AEEE4F3-LeaderElection15] INFO  impl.LeaderElection (LeaderElection.java:askForVotes(308)) - cd64d878-198d-4e62-83d6-b5b1e205daa6@group-C2D69AEEE4F3-LeaderElection15 ELECTION round 0: result PASSED (term=1)
2021-08-14 01:18:33,109 [cd64d878-198d-4e62-83d6-b5b1e205daa6@group-C2D69AEEE4F3-LeaderElection15] INFO  impl.RoleInfo (RoleInfo.java:shutdownLeaderElection(121)) - cd64d878-198d-4e62-83d6-b5b1e205daa6: shutdown cd64d878-198d-4e62-83d6-b5b1e205daa6@group-C2D69AEEE4F3-LeaderElection15
2021-08-14 01:18:33,109 [cd64d878-198d-4e62-83d6-b5b1e205daa6@group-C2D69AEEE4F3-LeaderElection15] INFO  server.RaftServer$Division (RaftServerImpl.java:setRole(285)) - cd64d878-198d-4e62-83d6-b5b1e205daa6@group-C2D69AEEE4F3: changes role from CANDIDATE to LEADER at term 1 for changeToLeader
2021-08-14 01:18:33,109 [cd64d878-198d-4e62-83d6-b5b1e205daa6@group-C2D69AEEE4F3-LeaderElection15] INFO  ratis.XceiverServerRatis (XceiverServerRatis.java:handleLeaderChangedNotification(861)) - Leader change notification received for group: group-C2D69AEEE4F3 with new leaderId: cd64d878-198d-4e62-83d6-b5b1e205daa6
2021-08-14 01:18:33,112 [cd64d878-198d-4e62-83d6-b5b1e205daa6@group-C2D69AEEE4F3-LeaderElection15] INFO  server.RaftServer$Division (ServerState.java:setLeader(285)) - cd64d878-198d-4e62-83d6-b5b1e205daa6@group-C2D69AEEE4F3: change Leader from null to cd64d878-198d-4e62-83d6-b5b1e205daa6 at term 1 for becomeLeader, leader elected after 5278ms
2021-08-14 01:18:33,112 [cd64d878-198d-4e62-83d6-b5b1e205daa6@group-C2D69AEEE4F3-LeaderElection15] INFO  server.RaftServerConfigKeys (ConfUtils.java:logGet(44)) - raft.server.staging.catchup.gap = 1000 (default)
2021-08-14 01:18:33,112 [cd64d878-198d-4e62-83d6-b5b1e205daa6@group-C2D69AEEE4F3-LeaderElection15] INFO  server.RaftServerConfigKeys (ConfUtils.java:logGet(44)) - raft.server.write.element-limit = 1024 (custom)
2021-08-14 01:18:33,112 [cd64d878-198d-4e62-83d6-b5b1e205daa6@group-C2D69AEEE4F3-LeaderElection15] INFO  server.RaftServerConfigKeys (ConfUtils.java:logGet(44)) - raft.server.write.byte-limit = 1024 M (=1073741824) (custom)
2021-08-14 01:18:33,112 [Datanode State Machine Thread - 0] WARN  statemachine.StateContext (StateContext.java:execute(621)) - No available thread in pool for past 0 seconds.
2021-08-14 01:18:33,115 [grpc-default-executor-3] INFO  server.RaftServer$Division (ServerState.java:setRaftConf(387)) - 27edb56d-b8db-4758-826e-c998f495671f@group-BBB3A94D2007: set configuration 0: [cd64d878-198d-4e62-83d6-b5b1e205daa6|rpc:10.1.0.41:34757|dataStream:|priority:1, 27edb56d-b8db-4758-826e-c998f495671f|rpc:10.1.0.41:40033|dataStream:|priority:0, d2e7743e-c73b-4378-b503-81e8ce35debb|rpc:10.1.0.41:37875|dataStream:|priority:0], old=null
2021-08-14 01:18:33,115 [grpc-default-executor-4] INFO  ratis.XceiverServerRatis (XceiverServerRatis.java:handleLeaderChangedNotification(861)) - Leader change notification received for group: group-BBB3A94D2007 with new leaderId: cd64d878-198d-4e62-83d6-b5b1e205daa6
2021-08-14 01:18:33,115 [grpc-default-executor-4] INFO  server.RaftServer$Division (ServerState.java:setLeader(285)) - d2e7743e-c73b-4378-b503-81e8ce35debb@group-BBB3A94D2007: change Leader from null to cd64d878-198d-4e62-83d6-b5b1e205daa6 at term 1 for appendEntries, leader elected after 5216ms
2021-08-14 01:18:33,132 [cd64d878-198d-4e62-83d6-b5b1e205daa6@group-C2D69AEEE4F3-LeaderElection15] INFO  server.RaftServerConfigKeys (ConfUtils.java:logGet(44)) - raft.server.watch.timeout = 10000ms (default)
2021-08-14 01:18:33,132 [cd64d878-198d-4e62-83d6-b5b1e205daa6@group-C2D69AEEE4F3-LeaderElection15] INFO  server.RaftServerConfigKeys (ConfUtils.java:logGet(44)) - raft.server.watch.timeout.denomination = 1s (default)
2021-08-14 01:18:33,132 [cd64d878-198d-4e62-83d6-b5b1e205daa6@group-C2D69AEEE4F3-LeaderElection15] INFO  server.RaftServerConfigKeys (ConfUtils.java:logGet(44)) - raft.server.watch.element-limit = 65536 (default)
2021-08-14 01:18:33,132 [cd64d878-198d-4e62-83d6-b5b1e205daa6@group-C2D69AEEE4F3-LeaderElection15] INFO  impl.RoleInfo (RoleInfo.java:updateAndGet(130)) - cd64d878-198d-4e62-83d6-b5b1e205daa6: start cd64d878-198d-4e62-83d6-b5b1e205daa6@group-C2D69AEEE4F3-LeaderStateImpl
2021-08-14 01:18:33,143 [grpc-default-executor-3] INFO  segmented.SegmentedRaftLogWorker (SegmentedRaftLogWorker.java:startLogSegment(394)) - 27edb56d-b8db-4758-826e-c998f495671f@group-BBB3A94D2007-SegmentedRaftLogWorker: Starting segment from index:0
2021-08-14 01:18:33,145 [cd64d878-198d-4e62-83d6-b5b1e205daa6@group-C2D69AEEE4F3-LeaderElection15] INFO  segmented.SegmentedRaftLogWorker (SegmentedRaftLogWorker.java:startLogSegment(394)) - cd64d878-198d-4e62-83d6-b5b1e205daa6@group-C2D69AEEE4F3-SegmentedRaftLogWorker: Starting segment from index:0
2021-08-14 01:18:33,146 [27edb56d-b8db-4758-826e-c998f495671f@group-949CD4D7FACD-LeaderElection17] INFO  impl.LeaderElection (LeaderElection.java:askForVotes(306)) - 27edb56d-b8db-4758-826e-c998f495671f@group-949CD4D7FACD-LeaderElection17 ELECTION round 0: submit vote requests at term 1 for -1: [cd64d878-198d-4e62-83d6-b5b1e205daa6|rpc:10.1.0.41:34757|dataStream:|priority:0, 27edb56d-b8db-4758-826e-c998f495671f|rpc:10.1.0.41:40033|dataStream:|priority:1, d2e7743e-c73b-4378-b503-81e8ce35debb|rpc:10.1.0.41:37875|dataStream:|priority:0], old=null
2021-08-14 01:18:33,147 [27edb56d-b8db-4758-826e-c998f495671f@group-BBB3A94D2007-SegmentedRaftLogWorker] INFO  segmented.SegmentedRaftLogWorker (SegmentedRaftLogWorker.java:execute(601)) - 27edb56d-b8db-4758-826e-c998f495671f@group-BBB3A94D2007-SegmentedRaftLogWorker: created new log segment /home/runner/work/ozone/ozone/hadoop-ozone/integration-test/target/test-dir/MiniOzoneClusterImpl-0159c105-9d83-42dd-92be-307c6655fab4/datanode-8/data/ratis/7c926289-df4a-4d15-9c3e-bbb3a94d2007/current/log_inprogress_0
2021-08-14 01:18:33,148 [cd64d878-198d-4e62-83d6-b5b1e205daa6@group-949CD4D7FACD-LeaderElection18] INFO  impl.LeaderElection (LeaderElection.java:askForVotes(306)) - cd64d878-198d-4e62-83d6-b5b1e205daa6@group-949CD4D7FACD-LeaderElection18 ELECTION round 0: submit vote requests at term 1 for -1: [cd64d878-198d-4e62-83d6-b5b1e205daa6|rpc:10.1.0.41:34757|priority:0, 27edb56d-b8db-4758-826e-c998f495671f|rpc:10.1.0.41:40033|priority:1, d2e7743e-c73b-4378-b503-81e8ce35debb|rpc:10.1.0.41:37875|priority:0], old=null
2021-08-14 01:18:33,149 [d2e7743e-c73b-4378-b503-81e8ce35debb@group-949CD4D7FACD-LeaderElection16] INFO  impl.LeaderElection (LeaderElection.java:askForVotes(306)) - d2e7743e-c73b-4378-b503-81e8ce35debb@group-949CD4D7FACD-LeaderElection16 ELECTION round 0: submit vote requests at term 1 for -1: [cd64d878-198d-4e62-83d6-b5b1e205daa6|rpc:10.1.0.41:34757|dataStream:|priority:0, 27edb56d-b8db-4758-826e-c998f495671f|rpc:10.1.0.41:40033|dataStream:|priority:1, d2e7743e-c73b-4378-b503-81e8ce35debb|rpc:10.1.0.41:37875|dataStream:|priority:0], old=null
2021-08-14 01:18:33,149 [cd64d878-198d-4e62-83d6-b5b1e205daa6@group-C2D69AEEE4F3-SegmentedRaftLogWorker] INFO  segmented.SegmentedRaftLogWorker (SegmentedRaftLogWorker.java:execute(601)) - cd64d878-198d-4e62-83d6-b5b1e205daa6@group-C2D69AEEE4F3-SegmentedRaftLogWorker: created new log segment /home/runner/work/ozone/ozone/hadoop-ozone/integration-test/target/test-dir/MiniOzoneClusterImpl-0159c105-9d83-42dd-92be-307c6655fab4/datanode-6/data/ratis/718c253e-a808-4dc1-a6d7-c2d69aeee4f3/current/log_inprogress_0
2021-08-14 01:18:33,157 [cd64d878-198d-4e62-83d6-b5b1e205daa6@group-C2D69AEEE4F3-LeaderElection15] INFO  server.RaftServer$Division (ServerState.java:setRaftConf(387)) - cd64d878-198d-4e62-83d6-b5b1e205daa6@group-C2D69AEEE4F3: set configuration 0: [cd64d878-198d-4e62-83d6-b5b1e205daa6|rpc:10.1.0.41:34757|dataStream:|priority:1], old=null
2021-08-14 01:18:33,157 [grpc-default-executor-4] INFO  server.RaftServer$Division (ServerState.java:setRaftConf(387)) - d2e7743e-c73b-4378-b503-81e8ce35debb@group-BBB3A94D2007: set configuration 0: [cd64d878-198d-4e62-83d6-b5b1e205daa6|rpc:10.1.0.41:34757|dataStream:|priority:1, 27edb56d-b8db-4758-826e-c998f495671f|rpc:10.1.0.41:40033|dataStream:|priority:0, d2e7743e-c73b-4378-b503-81e8ce35debb|rpc:10.1.0.41:37875|dataStream:|priority:0], old=null
2021-08-14 01:18:33,158 [grpc-default-executor-4] INFO  segmented.SegmentedRaftLogWorker (SegmentedRaftLogWorker.java:startLogSegment(394)) - d2e7743e-c73b-4378-b503-81e8ce35debb@group-BBB3A94D2007-SegmentedRaftLogWorker: Starting segment from index:0
2021-08-14 01:18:33,169 [d2e7743e-c73b-4378-b503-81e8ce35debb@group-BBB3A94D2007-SegmentedRaftLogWorker] INFO  segmented.SegmentedRaftLogWorker (SegmentedRaftLogWorker.java:execute(601)) - d2e7743e-c73b-4378-b503-81e8ce35debb@group-BBB3A94D2007-SegmentedRaftLogWorker: created new log segment /home/runner/work/ozone/ozone/hadoop-ozone/integration-test/target/test-dir/MiniOzoneClusterImpl-0159c105-9d83-42dd-92be-307c6655fab4/datanode-7/data/ratis/7c926289-df4a-4d15-9c3e-bbb3a94d2007/current/log_inprogress_0
2021-08-14 01:18:33,172 [cd64d878-198d-4e62-83d6-b5b1e205daa6@group-C2D69AEEE4F3-StateMachineUpdater] INFO  ratis.ContainerStateMachine (ContainerStateMachine.java:takeSnapshot(293)) - group-C2D69AEEE4F3: Taking a snapshot at:(t:1, i:0) file /home/runner/work/ozone/ozone/hadoop-ozone/integration-test/target/test-dir/MiniOzoneClusterImpl-0159c105-9d83-42dd-92be-307c6655fab4/datanode-6/data/ratis/718c253e-a808-4dc1-a6d7-c2d69aeee4f3/sm/snapshot.1_0
2021-08-14 01:18:33,173 [cd64d878-198d-4e62-83d6-b5b1e205daa6@group-C2D69AEEE4F3-StateMachineUpdater] INFO  ratis.ContainerStateMachine (ContainerStateMachine.java:takeSnapshot(304)) - group-C2D69AEEE4F3: Finished taking a snapshot at:(t:1, i:0) file:/home/runner/work/ozone/ozone/hadoop-ozone/integration-test/target/test-dir/MiniOzoneClusterImpl-0159c105-9d83-42dd-92be-307c6655fab4/datanode-6/data/ratis/718c253e-a808-4dc1-a6d7-c2d69aeee4f3/sm/snapshot.1_0 took: 1 ms
2021-08-14 01:18:33,173 [cd64d878-198d-4e62-83d6-b5b1e205daa6@group-C2D69AEEE4F3-StateMachineUpdater] INFO  impl.StateMachineUpdater (StateMachineUpdater.java:takeSnapshot(281)) - cd64d878-198d-4e62-83d6-b5b1e205daa6@group-C2D69AEEE4F3-StateMachineUpdater: Took a snapshot at index 0
2021-08-14 01:18:33,173 [cd64d878-198d-4e62-83d6-b5b1e205daa6@group-C2D69AEEE4F3-StateMachineUpdater] INFO  impl.StateMachineUpdater (StateMachineUpdater.java:lambda$new$0(89)) - cd64d878-198d-4e62-83d6-b5b1e205daa6@group-C2D69AEEE4F3-StateMachineUpdater: snapshotIndex: updateIncreasingly -1 -> 0
2021-08-14 01:18:33,182 [grpc-default-executor-1] INFO  server.RaftServer$Division (RaftServerImpl.java:requestVote(1043)) - 27edb56d-b8db-4758-826e-c998f495671f@group-949CD4D7FACD: receive requestVote(ELECTION, cd64d878-198d-4e62-83d6-b5b1e205daa6, group-949CD4D7FACD, 1, (t:0, i:0))
2021-08-14 01:18:33,194 [d2e7743e-c73b-4378-b503-81e8ce35debb@group-BBB3A94D2007-StateMachineUpdater] INFO  ratis.ContainerStateMachine (ContainerStateMachine.java:takeSnapshot(293)) - group-BBB3A94D2007: Taking a snapshot at:(t:1, i:0) file /home/runner/work/ozone/ozone/hadoop-ozone/integration-test/target/test-dir/MiniOzoneClusterImpl-0159c105-9d83-42dd-92be-307c6655fab4/datanode-7/data/ratis/7c926289-df4a-4d15-9c3e-bbb3a94d2007/sm/snapshot.1_0
2021-08-14 01:18:33,194 [27edb56d-b8db-4758-826e-c998f495671f@group-BBB3A94D2007-StateMachineUpdater] INFO  ratis.ContainerStateMachine (ContainerStateMachine.java:takeSnapshot(293)) - group-BBB3A94D2007: Taking a snapshot at:(t:1, i:0) file /home/runner/work/ozone/ozone/hadoop-ozone/integration-test/target/test-dir/MiniOzoneClusterImpl-0159c105-9d83-42dd-92be-307c6655fab4/datanode-8/data/ratis/7c926289-df4a-4d15-9c3e-bbb3a94d2007/sm/snapshot.1_0
2021-08-14 01:18:33,195 [d2e7743e-c73b-4378-b503-81e8ce35debb@group-BBB3A94D2007-StateMachineUpdater] INFO  ratis.ContainerStateMachine (ContainerStateMachine.java:takeSnapshot(304)) - group-BBB3A94D2007: Finished taking a snapshot at:(t:1, i:0) file:/home/runner/work/ozone/ozone/hadoop-ozone/integration-test/target/test-dir/MiniOzoneClusterImpl-0159c105-9d83-42dd-92be-307c6655fab4/datanode-7/data/ratis/7c926289-df4a-4d15-9c3e-bbb3a94d2007/sm/snapshot.1_0 took: 1 ms
2021-08-14 01:18:33,195 [d2e7743e-c73b-4378-b503-81e8ce35debb@group-BBB3A94D2007-StateMachineUpdater] INFO  impl.StateMachineUpdater (StateMachineUpdater.java:takeSnapshot(281)) - d2e7743e-c73b-4378-b503-81e8ce35debb@group-BBB3A94D2007-StateMachineUpdater: Took a snapshot at index 0
2021-08-14 01:18:33,195 [d2e7743e-c73b-4378-b503-81e8ce35debb@group-BBB3A94D2007-StateMachineUpdater] INFO  impl.StateMachineUpdater (StateMachineUpdater.java:lambda$new$0(89)) - d2e7743e-c73b-4378-b503-81e8ce35debb@group-BBB3A94D2007-StateMachineUpdater: snapshotIndex: updateIncreasingly -1 -> 0
2021-08-14 01:18:33,196 [27edb56d-b8db-4758-826e-c998f495671f@group-BBB3A94D2007-StateMachineUpdater] INFO  ratis.ContainerStateMachine (ContainerStateMachine.java:takeSnapshot(304)) - group-BBB3A94D2007: Finished taking a snapshot at:(t:1, i:0) file:/home/runner/work/ozone/ozone/hadoop-ozone/integration-test/target/test-dir/MiniOzoneClusterImpl-0159c105-9d83-42dd-92be-307c6655fab4/datanode-8/data/ratis/7c926289-df4a-4d15-9c3e-bbb3a94d2007/sm/snapshot.1_0 took: 3 ms
2021-08-14 01:18:33,197 [27edb56d-b8db-4758-826e-c998f495671f@group-BBB3A94D2007-StateMachineUpdater] INFO  impl.StateMachineUpdater (StateMachineUpdater.java:takeSnapshot(281)) - 27edb56d-b8db-4758-826e-c998f495671f@group-BBB3A94D2007-StateMachineUpdater: Took a snapshot at index 0
2021-08-14 01:18:33,197 [27edb56d-b8db-4758-826e-c998f495671f@group-BBB3A94D2007-StateMachineUpdater] INFO  impl.StateMachineUpdater (StateMachineUpdater.java:lambda$new$0(89)) - 27edb56d-b8db-4758-826e-c998f495671f@group-BBB3A94D2007-StateMachineUpdater: snapshotIndex: updateIncreasingly -1 -> 0
2021-08-14 01:18:33,208 [grpc-default-executor-2] INFO  server.RaftServer$Division (RaftServerImpl.java:requestVote(1043)) - cd64d878-198d-4e62-83d6-b5b1e205daa6@group-949CD4D7FACD: receive requestVote(ELECTION, d2e7743e-c73b-4378-b503-81e8ce35debb, group-949CD4D7FACD, 1, (t:0, i:0))
2021-08-14 01:18:33,208 [grpc-default-executor-0] INFO  server.RaftServer$Division (RaftServerImpl.java:requestVote(1043)) - cd64d878-198d-4e62-83d6-b5b1e205daa6@group-949CD4D7FACD: receive requestVote(ELECTION, 27edb56d-b8db-4758-826e-c998f495671f, group-949CD4D7FACD, 1, (t:0, i:0))
2021-08-14 01:18:33,212 [grpc-default-executor-1] INFO  impl.VoteContext (VoteContext.java:log(48)) - 27edb56d-b8db-4758-826e-c998f495671f@group-949CD4D7FACD-CANDIDATE: reject ELECTION from cd64d878-198d-4e62-83d6-b5b1e205daa6: already has voted for 27edb56d-b8db-4758-826e-c998f495671f at current term 1
2021-08-14 01:18:33,212 [grpc-default-executor-1] INFO  server.RaftServer$Division (RaftServerImpl.java:requestVote(1075)) - 27edb56d-b8db-4758-826e-c998f495671f@group-949CD4D7FACD replies to ELECTION vote request: cd64d878-198d-4e62-83d6-b5b1e205daa6<-27edb56d-b8db-4758-826e-c998f495671f#0:FAIL-t1. Peer's state: 27edb56d-b8db-4758-826e-c998f495671f@group-949CD4D7FACD:t1, leader=null, voted=27edb56d-b8db-4758-826e-c998f495671f, raftlog=27edb56d-b8db-4758-826e-c998f495671f@group-949CD4D7FACD-SegmentedRaftLog:OPENED:c-1,f-1,i0, conf=-1: [cd64d878-198d-4e62-83d6-b5b1e205daa6|rpc:10.1.0.41:34757|dataStream:|priority:0, 27edb56d-b8db-4758-826e-c998f495671f|rpc:10.1.0.41:40033|dataStream:|priority:1, d2e7743e-c73b-4378-b503-81e8ce35debb|rpc:10.1.0.41:37875|dataStream:|priority:0], old=null
2021-08-14 01:18:33,212 [grpc-default-executor-0] INFO  impl.VoteContext (VoteContext.java:log(48)) - cd64d878-198d-4e62-83d6-b5b1e205daa6@group-949CD4D7FACD-CANDIDATE: reject ELECTION from 27edb56d-b8db-4758-826e-c998f495671f: already has voted for cd64d878-198d-4e62-83d6-b5b1e205daa6 at current term 1
2021-08-14 01:18:33,213 [grpc-default-executor-0] INFO  server.RaftServer$Division (RaftServerImpl.java:requestVote(1075)) - cd64d878-198d-4e62-83d6-b5b1e205daa6@group-949CD4D7FACD replies to ELECTION vote request: 27edb56d-b8db-4758-826e-c998f495671f<-cd64d878-198d-4e62-83d6-b5b1e205daa6#0:FAIL-t1. Peer's state: cd64d878-198d-4e62-83d6-b5b1e205daa6@group-949CD4D7FACD:t1, leader=null, voted=cd64d878-198d-4e62-83d6-b5b1e205daa6, raftlog=cd64d878-198d-4e62-83d6-b5b1e205daa6@group-949CD4D7FACD-SegmentedRaftLog:OPENED:c-1,f-1,i0, conf=-1: [cd64d878-198d-4e62-83d6-b5b1e205daa6|rpc:10.1.0.41:34757|priority:0, 27edb56d-b8db-4758-826e-c998f495671f|rpc:10.1.0.41:40033|priority:1, d2e7743e-c73b-4378-b503-81e8ce35debb|rpc:10.1.0.41:37875|priority:0], old=null
2021-08-14 01:18:33,213 [grpc-default-executor-3] INFO  server.RaftServer$Division (RaftServerImpl.java:requestVote(1043)) - d2e7743e-c73b-4378-b503-81e8ce35debb@group-949CD4D7FACD: receive requestVote(ELECTION, cd64d878-198d-4e62-83d6-b5b1e205daa6, group-949CD4D7FACD, 1, (t:0, i:0))
2021-08-14 01:18:33,213 [grpc-default-executor-2] INFO  impl.VoteContext (VoteContext.java:log(48)) - cd64d878-198d-4e62-83d6-b5b1e205daa6@group-949CD4D7FACD-CANDIDATE: reject ELECTION from d2e7743e-c73b-4378-b503-81e8ce35debb: already has voted for cd64d878-198d-4e62-83d6-b5b1e205daa6 at current term 1
2021-08-14 01:18:33,213 [grpc-default-executor-2] INFO  server.RaftServer$Division (RaftServerImpl.java:requestVote(1075)) - cd64d878-198d-4e62-83d6-b5b1e205daa6@group-949CD4D7FACD replies to ELECTION vote request: d2e7743e-c73b-4378-b503-81e8ce35debb<-cd64d878-198d-4e62-83d6-b5b1e205daa6#0:FAIL-t1. Peer's state: cd64d878-198d-4e62-83d6-b5b1e205daa6@group-949CD4D7FACD:t1, leader=null, voted=cd64d878-198d-4e62-83d6-b5b1e205daa6, raftlog=cd64d878-198d-4e62-83d6-b5b1e205daa6@group-949CD4D7FACD-SegmentedRaftLog:OPENED:c-1,f-1,i0, conf=-1: [cd64d878-198d-4e62-83d6-b5b1e205daa6|rpc:10.1.0.41:34757|priority:0, 27edb56d-b8db-4758-826e-c998f495671f|rpc:10.1.0.41:40033|priority:1, d2e7743e-c73b-4378-b503-81e8ce35debb|rpc:10.1.0.41:37875|priority:0], old=null
2021-08-14 01:18:33,217 [d2e7743e-c73b-4378-b503-81e8ce35debb@group-1057A410B9AE-FollowerState] INFO  impl.FollowerState (FollowerState.java:run(134)) - d2e7743e-c73b-4378-b503-81e8ce35debb@group-1057A410B9AE-FollowerState: change to CANDIDATE, lastRpcElapsedTime:5146942542ns, electionTimeout:5146ms
2021-08-14 01:18:33,217 [d2e7743e-c73b-4378-b503-81e8ce35debb@group-1057A410B9AE-FollowerState] INFO  impl.RoleInfo (RoleInfo.java:shutdownFollowerState(108)) - d2e7743e-c73b-4378-b503-81e8ce35debb: shutdown d2e7743e-c73b-4378-b503-81e8ce35debb@group-1057A410B9AE-FollowerState
2021-08-14 01:18:33,218 [d2e7743e-c73b-4378-b503-81e8ce35debb@group-1057A410B9AE-FollowerState] INFO  server.RaftServer$Division (RaftServerImpl.java:setRole(285)) - d2e7743e-c73b-4378-b503-81e8ce35debb@group-1057A410B9AE: changes role from  FOLLOWER to CANDIDATE at term 0 for changeToCandidate
2021-08-14 01:18:33,218 [d2e7743e-c73b-4378-b503-81e8ce35debb@group-1057A410B9AE-FollowerState] INFO  server.RaftServerConfigKeys (ConfUtils.java:logGet(44)) - raft.server.leaderelection.pre-vote = false (custom)
2021-08-14 01:18:33,218 [d2e7743e-c73b-4378-b503-81e8ce35debb@group-1057A410B9AE-FollowerState] INFO  impl.RoleInfo (RoleInfo.java:updateAndGet(130)) - d2e7743e-c73b-4378-b503-81e8ce35debb: start d2e7743e-c73b-4378-b503-81e8ce35debb@group-1057A410B9AE-LeaderElection19
2021-08-14 01:18:33,218 [grpc-default-executor-3] INFO  impl.VoteContext (VoteContext.java:log(48)) - d2e7743e-c73b-4378-b503-81e8ce35debb@group-949CD4D7FACD-CANDIDATE: reject ELECTION from cd64d878-198d-4e62-83d6-b5b1e205daa6: already has voted for d2e7743e-c73b-4378-b503-81e8ce35debb at current term 1
2021-08-14 01:18:33,219 [grpc-default-executor-3] INFO  server.RaftServer$Division (RaftServerImpl.java:requestVote(1075)) - d2e7743e-c73b-4378-b503-81e8ce35debb@group-949CD4D7FACD replies to ELECTION vote request: cd64d878-198d-4e62-83d6-b5b1e205daa6<-d2e7743e-c73b-4378-b503-81e8ce35debb#0:FAIL-t1. Peer's state: d2e7743e-c73b-4378-b503-81e8ce35debb@group-949CD4D7FACD:t1, leader=null, voted=d2e7743e-c73b-4378-b503-81e8ce35debb, raftlog=d2e7743e-c73b-4378-b503-81e8ce35debb@group-949CD4D7FACD-SegmentedRaftLog:OPENED:c-1,f-1,i0, conf=-1: [cd64d878-198d-4e62-83d6-b5b1e205daa6|rpc:10.1.0.41:34757|dataStream:|priority:0, 27edb56d-b8db-4758-826e-c998f495671f|rpc:10.1.0.41:40033|dataStream:|priority:1, d2e7743e-c73b-4378-b503-81e8ce35debb|rpc:10.1.0.41:37875|dataStream:|priority:0], old=null
2021-08-14 01:18:33,220 [grpc-default-executor-5] INFO  server.RaftServer$Division (RaftServerImpl.java:requestVote(1043)) - 27edb56d-b8db-4758-826e-c998f495671f@group-949CD4D7FACD: receive requestVote(ELECTION, d2e7743e-c73b-4378-b503-81e8ce35debb, group-949CD4D7FACD, 1, (t:0, i:0))
2021-08-14 01:18:33,220 [grpc-default-executor-5] INFO  impl.VoteContext (VoteContext.java:log(48)) - 27edb56d-b8db-4758-826e-c998f495671f@group-949CD4D7FACD-CANDIDATE: reject ELECTION from d2e7743e-c73b-4378-b503-81e8ce35debb: already has voted for 27edb56d-b8db-4758-826e-c998f495671f at current term 1
2021-08-14 01:18:33,220 [grpc-default-executor-5] INFO  server.RaftServer$Division (RaftServerImpl.java:requestVote(1075)) - 27edb56d-b8db-4758-826e-c998f495671f@group-949CD4D7FACD replies to ELECTION vote request: d2e7743e-c73b-4378-b503-81e8ce35debb<-27edb56d-b8db-4758-826e-c998f495671f#0:FAIL-t1. Peer's state: 27edb56d-b8db-4758-826e-c998f495671f@group-949CD4D7FACD:t1, leader=null, voted=27edb56d-b8db-4758-826e-c998f495671f, raftlog=27edb56d-b8db-4758-826e-c998f495671f@group-949CD4D7FACD-SegmentedRaftLog:OPENED:c-1,f-1,i0, conf=-1: [cd64d878-198d-4e62-83d6-b5b1e205daa6|rpc:10.1.0.41:34757|dataStream:|priority:0, 27edb56d-b8db-4758-826e-c998f495671f|rpc:10.1.0.41:40033|dataStream:|priority:1, d2e7743e-c73b-4378-b503-81e8ce35debb|rpc:10.1.0.41:37875|dataStream:|priority:0], old=null
2021-08-14 01:18:33,222 [cd64d878-198d-4e62-83d6-b5b1e205daa6@group-949CD4D7FACD-LeaderElection18] INFO  impl.LeaderElection (LeaderElection.java:logAndReturn(89)) - cd64d878-198d-4e62-83d6-b5b1e205daa6@group-949CD4D7FACD-LeaderElection18: ELECTION REJECTED received 1 response(s) and 0 exception(s):
2021-08-14 01:18:33,223 [cd64d878-198d-4e62-83d6-b5b1e205daa6@group-949CD4D7FACD-LeaderElection18] INFO  impl.LeaderElection (LeaderElection.java:logAndReturn(93)) -   Response 0: cd64d878-198d-4e62-83d6-b5b1e205daa6<-27edb56d-b8db-4758-826e-c998f495671f#0:FAIL-t1
2021-08-14 01:18:33,223 [cd64d878-198d-4e62-83d6-b5b1e205daa6@group-949CD4D7FACD-LeaderElection18] INFO  impl.LeaderElection (LeaderElection.java:askForVotes(308)) - cd64d878-198d-4e62-83d6-b5b1e205daa6@group-949CD4D7FACD-LeaderElection18 ELECTION round 0: result REJECTED
2021-08-14 01:18:33,223 [cd64d878-198d-4e62-83d6-b5b1e205daa6@group-949CD4D7FACD-LeaderElection18] INFO  server.RaftServer$Division (RaftServerImpl.java:setRole(285)) - cd64d878-198d-4e62-83d6-b5b1e205daa6@group-949CD4D7FACD: changes role from CANDIDATE to FOLLOWER at term 1 for REJECTED
2021-08-14 01:18:33,223 [cd64d878-198d-4e62-83d6-b5b1e205daa6@group-949CD4D7FACD-LeaderElection18] INFO  impl.RoleInfo (RoleInfo.java:shutdownLeaderElection(121)) - cd64d878-198d-4e62-83d6-b5b1e205daa6: shutdown cd64d878-198d-4e62-83d6-b5b1e205daa6@group-949CD4D7FACD-LeaderElection18
2021-08-14 01:18:33,223 [cd64d878-198d-4e62-83d6-b5b1e205daa6@group-949CD4D7FACD-LeaderElection18] INFO  impl.RoleInfo (RoleInfo.java:updateAndGet(130)) - cd64d878-198d-4e62-83d6-b5b1e205daa6: start cd64d878-198d-4e62-83d6-b5b1e205daa6@group-949CD4D7FACD-FollowerState
2021-08-14 01:18:33,234 [d2e7743e-c73b-4378-b503-81e8ce35debb@group-949CD4D7FACD-LeaderElection16] INFO  impl.LeaderElection (LeaderElection.java:logAndReturn(89)) - d2e7743e-c73b-4378-b503-81e8ce35debb@group-949CD4D7FACD-LeaderElection16: ELECTION REJECTED received 2 response(s) and 0 exception(s):
2021-08-14 01:18:33,234 [d2e7743e-c73b-4378-b503-81e8ce35debb@group-949CD4D7FACD-LeaderElection16] INFO  impl.LeaderElection (LeaderElection.java:logAndReturn(93)) -   Response 0: d2e7743e-c73b-4378-b503-81e8ce35debb<-cd64d878-198d-4e62-83d6-b5b1e205daa6#0:FAIL-t1
2021-08-14 01:18:33,234 [d2e7743e-c73b-4378-b503-81e8ce35debb@group-949CD4D7FACD-LeaderElection16] INFO  impl.LeaderElection (LeaderElection.java:logAndReturn(93)) -   Response 1: d2e7743e-c73b-4378-b503-81e8ce35debb<-27edb56d-b8db-4758-826e-c998f495671f#0:FAIL-t1
2021-08-14 01:18:33,234 [d2e7743e-c73b-4378-b503-81e8ce35debb@group-949CD4D7FACD-LeaderElection16] INFO  impl.LeaderElection (LeaderElection.java:askForVotes(308)) - d2e7743e-c73b-4378-b503-81e8ce35debb@group-949CD4D7FACD-LeaderElection16 ELECTION round 0: result REJECTED
2021-08-14 01:18:33,234 [d2e7743e-c73b-4378-b503-81e8ce35debb@group-949CD4D7FACD-LeaderElection16] INFO  server.RaftServer$Division (RaftServerImpl.java:setRole(285)) - d2e7743e-c73b-4378-b503-81e8ce35debb@group-949CD4D7FACD: changes role from CANDIDATE to FOLLOWER at term 1 for REJECTED
2021-08-14 01:18:33,234 [d2e7743e-c73b-4378-b503-81e8ce35debb@group-949CD4D7FACD-LeaderElection16] INFO  impl.RoleInfo (RoleInfo.java:shutdownLeaderElection(121)) - d2e7743e-c73b-4378-b503-81e8ce35debb: shutdown d2e7743e-c73b-4378-b503-81e8ce35debb@group-949CD4D7FACD-LeaderElection16
2021-08-14 01:18:33,234 [d2e7743e-c73b-4378-b503-81e8ce35debb@group-949CD4D7FACD-LeaderElection16] INFO  impl.RoleInfo (RoleInfo.java:updateAndGet(130)) - d2e7743e-c73b-4378-b503-81e8ce35debb: start d2e7743e-c73b-4378-b503-81e8ce35debb@group-949CD4D7FACD-FollowerState
2021-08-14 01:18:33,235 [grpc-default-executor-3] INFO  server.RaftServer$Division (RaftServerImpl.java:requestVote(1043)) - d2e7743e-c73b-4378-b503-81e8ce35debb@group-949CD4D7FACD: receive requestVote(ELECTION, 27edb56d-b8db-4758-826e-c998f495671f, group-949CD4D7FACD, 1, (t:0, i:0))
2021-08-14 01:18:33,235 [grpc-default-executor-3] INFO  impl.VoteContext (VoteContext.java:log(48)) - d2e7743e-c73b-4378-b503-81e8ce35debb@group-949CD4D7FACD-FOLLOWER: reject ELECTION from 27edb56d-b8db-4758-826e-c998f495671f: already has voted for d2e7743e-c73b-4378-b503-81e8ce35debb at current term 1
2021-08-14 01:18:33,236 [grpc-default-executor-3] INFO  server.RaftServer$Division (RaftServerImpl.java:requestVote(1075)) - d2e7743e-c73b-4378-b503-81e8ce35debb@group-949CD4D7FACD replies to ELECTION vote request: 27edb56d-b8db-4758-826e-c998f495671f<-d2e7743e-c73b-4378-b503-81e8ce35debb#0:FAIL-t1. Peer's state: d2e7743e-c73b-4378-b503-81e8ce35debb@group-949CD4D7FACD:t1, leader=null, voted=d2e7743e-c73b-4378-b503-81e8ce35debb, raftlog=d2e7743e-c73b-4378-b503-81e8ce35debb@group-949CD4D7FACD-SegmentedRaftLog:OPENED:c-1,f-1,i0, conf=-1: [cd64d878-198d-4e62-83d6-b5b1e205daa6|rpc:10.1.0.41:34757|dataStream:|priority:0, 27edb56d-b8db-4758-826e-c998f495671f|rpc:10.1.0.41:40033|dataStream:|priority:1, d2e7743e-c73b-4378-b503-81e8ce35debb|rpc:10.1.0.41:37875|dataStream:|priority:0], old=null
2021-08-14 01:18:33,240 [27edb56d-b8db-4758-826e-c998f495671f@group-949CD4D7FACD-LeaderElection17] INFO  impl.LeaderElection (LeaderElection.java:logAndReturn(89)) - 27edb56d-b8db-4758-826e-c998f495671f@group-949CD4D7FACD-LeaderElection17: ELECTION REJECTED received 2 response(s) and 0 exception(s):
2021-08-14 01:18:33,240 [d2e7743e-c73b-4378-b503-81e8ce35debb@group-1057A410B9AE-LeaderElection19] INFO  impl.LeaderElection (LeaderElection.java:askForVotes(306)) - d2e7743e-c73b-4378-b503-81e8ce35debb@group-1057A410B9AE-LeaderElection19 ELECTION round 0: submit vote requests at term 1 for -1: [d2e7743e-c73b-4378-b503-81e8ce35debb|rpc:10.1.0.41:37875|priority:1], old=null
2021-08-14 01:18:33,240 [d2e7743e-c73b-4378-b503-81e8ce35debb@group-1057A410B9AE-LeaderElection19] INFO  impl.LeaderElection (LeaderElection.java:askForVotes(308)) - d2e7743e-c73b-4378-b503-81e8ce35debb@group-1057A410B9AE-LeaderElection19 ELECTION round 0: result PASSED (term=1)
2021-08-14 01:18:33,240 [d2e7743e-c73b-4378-b503-81e8ce35debb@group-1057A410B9AE-LeaderElection19] INFO  impl.RoleInfo (RoleInfo.java:shutdownLeaderElection(121)) - d2e7743e-c73b-4378-b503-81e8ce35debb: shutdown d2e7743e-c73b-4378-b503-81e8ce35debb@group-1057A410B9AE-LeaderElection19
2021-08-14 01:18:33,240 [d2e7743e-c73b-4378-b503-81e8ce35debb@group-1057A410B9AE-LeaderElection19] INFO  server.RaftServer$Division (RaftServerImpl.java:setRole(285)) - d2e7743e-c73b-4378-b503-81e8ce35debb@group-1057A410B9AE: changes role from CANDIDATE to LEADER at term 1 for changeToLeader
2021-08-14 01:18:33,240 [d2e7743e-c73b-4378-b503-81e8ce35debb@group-1057A410B9AE-LeaderElection19] INFO  ratis.XceiverServerRatis (XceiverServerRatis.java:handleLeaderChangedNotification(861)) - Leader change notification received for group: group-1057A410B9AE with new leaderId: d2e7743e-c73b-4378-b503-81e8ce35debb
2021-08-14 01:18:33,240 [27edb56d-b8db-4758-826e-c998f495671f@group-949CD4D7FACD-LeaderElection17] INFO  impl.LeaderElection (LeaderElection.java:logAndReturn(93)) -   Response 0: 27edb56d-b8db-4758-826e-c998f495671f<-cd64d878-198d-4e62-83d6-b5b1e205daa6#0:FAIL-t1
2021-08-14 01:18:33,241 [27edb56d-b8db-4758-826e-c998f495671f@group-949CD4D7FACD-LeaderElection17] INFO  impl.LeaderElection (LeaderElection.java:logAndReturn(93)) -   Response 1: 27edb56d-b8db-4758-826e-c998f495671f<-d2e7743e-c73b-4378-b503-81e8ce35debb#0:FAIL-t1
2021-08-14 01:18:33,241 [27edb56d-b8db-4758-826e-c998f495671f@group-949CD4D7FACD-LeaderElection17] INFO  impl.LeaderElection (LeaderElection.java:askForVotes(308)) - 27edb56d-b8db-4758-826e-c998f495671f@group-949CD4D7FACD-LeaderElection17 ELECTION round 0: result REJECTED
2021-08-14 01:18:33,241 [d2e7743e-c73b-4378-b503-81e8ce35debb@group-1057A410B9AE-LeaderElection19] INFO  server.RaftServer$Division (ServerState.java:setLeader(285)) - d2e7743e-c73b-4378-b503-81e8ce35debb@group-1057A410B9AE: change Leader from null to d2e7743e-c73b-4378-b503-81e8ce35debb at term 1 for becomeLeader, leader elected after 5178ms
2021-08-14 01:18:33,247 [d2e7743e-c73b-4378-b503-81e8ce35debb@group-1057A410B9AE-LeaderElection19] INFO  server.RaftServerConfigKeys (ConfUtils.java:logGet(44)) - raft.server.staging.catchup.gap = 1000 (default)
2021-08-14 01:18:33,248 [d2e7743e-c73b-4378-b503-81e8ce35debb@group-1057A410B9AE-LeaderElection19] INFO  server.RaftServerConfigKeys (ConfUtils.java:logGet(44)) - raft.server.write.element-limit = 1024 (custom)
2021-08-14 01:18:33,248 [d2e7743e-c73b-4378-b503-81e8ce35debb@group-1057A410B9AE-LeaderElection19] INFO  server.RaftServerConfigKeys (ConfUtils.java:logGet(44)) - raft.server.write.byte-limit = 1024 M (=1073741824) (custom)
2021-08-14 01:18:33,248 [d2e7743e-c73b-4378-b503-81e8ce35debb@group-1057A410B9AE-LeaderElection19] INFO  server.RaftServerConfigKeys (ConfUtils.java:logGet(44)) - raft.server.watch.timeout = 10000ms (default)
2021-08-14 01:18:33,248 [d2e7743e-c73b-4378-b503-81e8ce35debb@group-1057A410B9AE-LeaderElection19] INFO  server.RaftServerConfigKeys (ConfUtils.java:logGet(44)) - raft.server.watch.timeout.denomination = 1s (default)
2021-08-14 01:18:33,248 [d2e7743e-c73b-4378-b503-81e8ce35debb@group-1057A410B9AE-LeaderElection19] INFO  server.RaftServerConfigKeys (ConfUtils.java:logGet(44)) - raft.server.watch.element-limit = 65536 (default)
2021-08-14 01:18:33,249 [d2e7743e-c73b-4378-b503-81e8ce35debb@group-1057A410B9AE-LeaderElection19] INFO  impl.RoleInfo (RoleInfo.java:updateAndGet(130)) - d2e7743e-c73b-4378-b503-81e8ce35debb: start d2e7743e-c73b-4378-b503-81e8ce35debb@group-1057A410B9AE-LeaderStateImpl
2021-08-14 01:18:33,249 [d2e7743e-c73b-4378-b503-81e8ce35debb@group-1057A410B9AE-LeaderElection19] INFO  segmented.SegmentedRaftLogWorker (SegmentedRaftLogWorker.java:startLogSegment(394)) - d2e7743e-c73b-4378-b503-81e8ce35debb@group-1057A410B9AE-SegmentedRaftLogWorker: Starting segment from index:0
2021-08-14 01:18:33,247 [27edb56d-b8db-4758-826e-c998f495671f@group-949CD4D7FACD-LeaderElection17] INFO  server.RaftServer$Division (RaftServerImpl.java:setRole(285)) - 27edb56d-b8db-4758-826e-c998f495671f@group-949CD4D7FACD: changes role from CANDIDATE to FOLLOWER at term 1 for REJECTED
2021-08-14 01:18:33,249 [27edb56d-b8db-4758-826e-c998f495671f@group-949CD4D7FACD-LeaderElection17] INFO  impl.RoleInfo (RoleInfo.java:shutdownLeaderElection(121)) - 27edb56d-b8db-4758-826e-c998f495671f: shutdown 27edb56d-b8db-4758-826e-c998f495671f@group-949CD4D7FACD-LeaderElection17
2021-08-14 01:18:33,251 [d2e7743e-c73b-4378-b503-81e8ce35debb@group-1057A410B9AE-SegmentedRaftLogWorker] INFO  segmented.SegmentedRaftLogWorker (SegmentedRaftLogWorker.java:execute(601)) - d2e7743e-c73b-4378-b503-81e8ce35debb@group-1057A410B9AE-SegmentedRaftLogWorker: created new log segment /home/runner/work/ozone/ozone/hadoop-ozone/integration-test/target/test-dir/MiniOzoneClusterImpl-0159c105-9d83-42dd-92be-307c6655fab4/datanode-7/data/ratis/7639f3a4-0f4e-4d59-a3c0-1057a410b9ae/current/log_inprogress_0
2021-08-14 01:18:33,259 [27edb56d-b8db-4758-826e-c998f495671f@group-949CD4D7FACD-LeaderElection17] INFO  impl.RoleInfo (RoleInfo.java:updateAndGet(130)) - 27edb56d-b8db-4758-826e-c998f495671f: start 27edb56d-b8db-4758-826e-c998f495671f@group-949CD4D7FACD-FollowerState
2021-08-14 01:18:33,263 [d2e7743e-c73b-4378-b503-81e8ce35debb@group-1057A410B9AE-LeaderElection19] INFO  server.RaftServer$Division (ServerState.java:setRaftConf(387)) - d2e7743e-c73b-4378-b503-81e8ce35debb@group-1057A410B9AE: set configuration 0: [d2e7743e-c73b-4378-b503-81e8ce35debb|rpc:10.1.0.41:37875|dataStream:|priority:1], old=null
2021-08-14 01:18:33,264 [d2e7743e-c73b-4378-b503-81e8ce35debb@group-1057A410B9AE-StateMachineUpdater] INFO  ratis.ContainerStateMachine (ContainerStateMachine.java:takeSnapshot(293)) - group-1057A410B9AE: Taking a snapshot at:(t:1, i:0) file /home/runner/work/ozone/ozone/hadoop-ozone/integration-test/target/test-dir/MiniOzoneClusterImpl-0159c105-9d83-42dd-92be-307c6655fab4/datanode-7/data/ratis/7639f3a4-0f4e-4d59-a3c0-1057a410b9ae/sm/snapshot.1_0
2021-08-14 01:18:33,265 [d2e7743e-c73b-4378-b503-81e8ce35debb@group-1057A410B9AE-StateMachineUpdater] INFO  ratis.ContainerStateMachine (ContainerStateMachine.java:takeSnapshot(304)) - group-1057A410B9AE: Finished taking a snapshot at:(t:1, i:0) file:/home/runner/work/ozone/ozone/hadoop-ozone/integration-test/target/test-dir/MiniOzoneClusterImpl-0159c105-9d83-42dd-92be-307c6655fab4/datanode-7/data/ratis/7639f3a4-0f4e-4d59-a3c0-1057a410b9ae/sm/snapshot.1_0 took: 1 ms
2021-08-14 01:18:33,265 [d2e7743e-c73b-4378-b503-81e8ce35debb@group-1057A410B9AE-StateMachineUpdater] INFO  impl.StateMachineUpdater (StateMachineUpdater.java:takeSnapshot(281)) - d2e7743e-c73b-4378-b503-81e8ce35debb@group-1057A410B9AE-StateMachineUpdater: Took a snapshot at index 0
2021-08-14 01:18:33,265 [d2e7743e-c73b-4378-b503-81e8ce35debb@group-1057A410B9AE-StateMachineUpdater] INFO  impl.StateMachineUpdater (StateMachineUpdater.java:lambda$new$0(89)) - d2e7743e-c73b-4378-b503-81e8ce35debb@group-1057A410B9AE-StateMachineUpdater: snapshotIndex: updateIncreasingly -1 -> 0
2021-08-14 01:18:33,378 [Listener at 127.0.0.1/43663] INFO  rpc.RpcClient (RpcClient.java:createVolume(342)) - Creating Volume: testcontainerstatemachinefailures, with runner as owner and space quota set to -1 bytes, counts quota set to -1
2021-08-14 01:18:33,417 [27edb56d-b8db-4758-826e-c998f495671f@group-2E89AFADE107-FollowerState] INFO  impl.FollowerState (FollowerState.java:run(134)) - 27edb56d-b8db-4758-826e-c998f495671f@group-2E89AFADE107-FollowerState: change to CANDIDATE, lastRpcElapsedTime:5015501384ns, electionTimeout:5015ms
2021-08-14 01:18:33,417 [27edb56d-b8db-4758-826e-c998f495671f@group-2E89AFADE107-FollowerState] INFO  impl.RoleInfo (RoleInfo.java:shutdownFollowerState(108)) - 27edb56d-b8db-4758-826e-c998f495671f: shutdown 27edb56d-b8db-4758-826e-c998f495671f@group-2E89AFADE107-FollowerState
2021-08-14 01:18:33,417 [27edb56d-b8db-4758-826e-c998f495671f@group-2E89AFADE107-FollowerState] INFO  server.RaftServer$Division (RaftServerImpl.java:setRole(285)) - 27edb56d-b8db-4758-826e-c998f495671f@group-2E89AFADE107: changes role from  FOLLOWER to CANDIDATE at term 0 for changeToCandidate
2021-08-14 01:18:33,417 [27edb56d-b8db-4758-826e-c998f495671f@group-2E89AFADE107-FollowerState] INFO  server.RaftServerConfigKeys (ConfUtils.java:logGet(44)) - raft.server.leaderelection.pre-vote = false (custom)
2021-08-14 01:18:33,417 [27edb56d-b8db-4758-826e-c998f495671f@group-2E89AFADE107-FollowerState] INFO  impl.RoleInfo (RoleInfo.java:updateAndGet(130)) - 27edb56d-b8db-4758-826e-c998f495671f: start 27edb56d-b8db-4758-826e-c998f495671f@group-2E89AFADE107-LeaderElection20
2021-08-14 01:18:33,428 [27edb56d-b8db-4758-826e-c998f495671f@group-2E89AFADE107-LeaderElection20] INFO  impl.LeaderElection (LeaderElection.java:askForVotes(306)) - 27edb56d-b8db-4758-826e-c998f495671f@group-2E89AFADE107-LeaderElection20 ELECTION round 0: submit vote requests at term 1 for -1: [27edb56d-b8db-4758-826e-c998f495671f|rpc:10.1.0.41:40033|priority:1], old=null
2021-08-14 01:18:33,428 [27edb56d-b8db-4758-826e-c998f495671f@group-2E89AFADE107-LeaderElection20] INFO  impl.LeaderElection (LeaderElection.java:askForVotes(308)) - 27edb56d-b8db-4758-826e-c998f495671f@group-2E89AFADE107-LeaderElection20 ELECTION round 0: result PASSED (term=1)
2021-08-14 01:18:33,428 [27edb56d-b8db-4758-826e-c998f495671f@group-2E89AFADE107-LeaderElection20] INFO  impl.RoleInfo (RoleInfo.java:shutdownLeaderElection(121)) - 27edb56d-b8db-4758-826e-c998f495671f: shutdown 27edb56d-b8db-4758-826e-c998f495671f@group-2E89AFADE107-LeaderElection20
2021-08-14 01:18:33,428 [27edb56d-b8db-4758-826e-c998f495671f@group-2E89AFADE107-LeaderElection20] INFO  server.RaftServer$Division (RaftServerImpl.java:setRole(285)) - 27edb56d-b8db-4758-826e-c998f495671f@group-2E89AFADE107: changes role from CANDIDATE to LEADER at term 1 for changeToLeader
2021-08-14 01:18:33,428 [27edb56d-b8db-4758-826e-c998f495671f@group-2E89AFADE107-LeaderElection20] INFO  ratis.XceiverServerRatis (XceiverServerRatis.java:handleLeaderChangedNotification(861)) - Leader change notification received for group: group-2E89AFADE107 with new leaderId: 27edb56d-b8db-4758-826e-c998f495671f
2021-08-14 01:18:33,429 [Datanode State Machine Thread - 0] WARN  statemachine.StateContext (StateContext.java:execute(621)) - No available thread in pool for past 0 seconds.
2021-08-14 01:18:33,430 [27edb56d-b8db-4758-826e-c998f495671f@group-2E89AFADE107-LeaderElection20] INFO  server.RaftServer$Division (ServerState.java:setLeader(285)) - 27edb56d-b8db-4758-826e-c998f495671f@group-2E89AFADE107: change Leader from null to 27edb56d-b8db-4758-826e-c998f495671f at term 1 for becomeLeader, leader elected after 5049ms
2021-08-14 01:18:33,430 [27edb56d-b8db-4758-826e-c998f495671f@group-2E89AFADE107-LeaderElection20] INFO  server.RaftServerConfigKeys (ConfUtils.java:logGet(44)) - raft.server.staging.catchup.gap = 1000 (default)
2021-08-14 01:18:33,430 [27edb56d-b8db-4758-826e-c998f495671f@group-2E89AFADE107-LeaderElection20] INFO  server.RaftServerConfigKeys (ConfUtils.java:logGet(44)) - raft.server.write.element-limit = 1024 (custom)
2021-08-14 01:18:33,430 [27edb56d-b8db-4758-826e-c998f495671f@group-2E89AFADE107-LeaderElection20] INFO  server.RaftServerConfigKeys (ConfUtils.java:logGet(44)) - raft.server.write.byte-limit = 1024 M (=1073741824) (custom)
2021-08-14 01:18:33,430 [27edb56d-b8db-4758-826e-c998f495671f@group-2E89AFADE107-LeaderElection20] INFO  server.RaftServerConfigKeys (ConfUtils.java:logGet(44)) - raft.server.watch.timeout = 10000ms (default)
2021-08-14 01:18:33,430 [27edb56d-b8db-4758-826e-c998f495671f@group-2E89AFADE107-LeaderElection20] INFO  server.RaftServerConfigKeys (ConfUtils.java:logGet(44)) - raft.server.watch.timeout.denomination = 1s (default)
2021-08-14 01:18:33,431 [27edb56d-b8db-4758-826e-c998f495671f@group-2E89AFADE107-LeaderElection20] INFO  server.RaftServerConfigKeys (ConfUtils.java:logGet(44)) - raft.server.watch.element-limit = 65536 (default)
2021-08-14 01:18:33,431 [27edb56d-b8db-4758-826e-c998f495671f@group-2E89AFADE107-LeaderElection20] INFO  impl.RoleInfo (RoleInfo.java:updateAndGet(130)) - 27edb56d-b8db-4758-826e-c998f495671f: start 27edb56d-b8db-4758-826e-c998f495671f@group-2E89AFADE107-LeaderStateImpl
2021-08-14 01:18:33,431 [27edb56d-b8db-4758-826e-c998f495671f@group-2E89AFADE107-LeaderElection20] INFO  segmented.SegmentedRaftLogWorker (SegmentedRaftLogWorker.java:startLogSegment(394)) - 27edb56d-b8db-4758-826e-c998f495671f@group-2E89AFADE107-SegmentedRaftLogWorker: Starting segment from index:0
2021-08-14 01:18:33,433 [27edb56d-b8db-4758-826e-c998f495671f@group-2E89AFADE107-SegmentedRaftLogWorker] INFO  segmented.SegmentedRaftLogWorker (SegmentedRaftLogWorker.java:execute(601)) - 27edb56d-b8db-4758-826e-c998f495671f@group-2E89AFADE107-SegmentedRaftLogWorker: created new log segment /home/runner/work/ozone/ozone/hadoop-ozone/integration-test/target/test-dir/MiniOzoneClusterImpl-0159c105-9d83-42dd-92be-307c6655fab4/datanode-8/data/ratis/71e40451-7c7a-4713-827c-2e89afade107/current/log_inprogress_0
2021-08-14 01:18:33,443 [27edb56d-b8db-4758-826e-c998f495671f@group-2E89AFADE107-LeaderElection20] INFO  server.RaftServer$Division (ServerState.java:setRaftConf(387)) - 27edb56d-b8db-4758-826e-c998f495671f@group-2E89AFADE107: set configuration 0: [27edb56d-b8db-4758-826e-c998f495671f|rpc:10.1.0.41:40033|dataStream:|priority:1], old=null
2021-08-14 01:18:33,450 [27edb56d-b8db-4758-826e-c998f495671f@group-2E89AFADE107-StateMachineUpdater] INFO  ratis.ContainerStateMachine (ContainerStateMachine.java:takeSnapshot(293)) - group-2E89AFADE107: Taking a snapshot at:(t:1, i:0) file /home/runner/work/ozone/ozone/hadoop-ozone/integration-test/target/test-dir/MiniOzoneClusterImpl-0159c105-9d83-42dd-92be-307c6655fab4/datanode-8/data/ratis/71e40451-7c7a-4713-827c-2e89afade107/sm/snapshot.1_0
2021-08-14 01:18:33,452 [27edb56d-b8db-4758-826e-c998f495671f@group-2E89AFADE107-StateMachineUpdater] INFO  ratis.ContainerStateMachine (ContainerStateMachine.java:takeSnapshot(304)) - group-2E89AFADE107: Finished taking a snapshot at:(t:1, i:0) file:/home/runner/work/ozone/ozone/hadoop-ozone/integration-test/target/test-dir/MiniOzoneClusterImpl-0159c105-9d83-42dd-92be-307c6655fab4/datanode-8/data/ratis/71e40451-7c7a-4713-827c-2e89afade107/sm/snapshot.1_0 took: 1 ms
2021-08-14 01:18:33,452 [27edb56d-b8db-4758-826e-c998f495671f@group-2E89AFADE107-StateMachineUpdater] INFO  impl.StateMachineUpdater (StateMachineUpdater.java:takeSnapshot(281)) - 27edb56d-b8db-4758-826e-c998f495671f@group-2E89AFADE107-StateMachineUpdater: Took a snapshot at index 0
2021-08-14 01:18:33,453 [27edb56d-b8db-4758-826e-c998f495671f@group-2E89AFADE107-StateMachineUpdater] INFO  impl.StateMachineUpdater (StateMachineUpdater.java:lambda$new$0(89)) - 27edb56d-b8db-4758-826e-c998f495671f@group-2E89AFADE107-StateMachineUpdater: snapshotIndex: updateIncreasingly -1 -> 0
2021-08-14 01:18:33,457 [OM StateMachine ApplyTransaction Thread - 0] INFO  volume.OMVolumeCreateRequest (OMVolumeCreateRequest.java:validateAndUpdateCache(195)) - created volume:testcontainerstatemachinefailures for user:runner
2021-08-14 01:18:33,477 [Listener at 127.0.0.1/43663] INFO  rpc.RpcClient (RpcClient.java:createBucket(502)) - Creating Bucket: testcontainerstatemachinefailures/testcontainerstatemachinefailures, with Versioning false and Storage Type set to DISK and Encryption set to false 
2021-08-14 01:18:33,549 [IPC Server handler 18 on default port 37629] INFO  ha.SequenceIdGenerator (SequenceIdGenerator.java:getNextId(127)) - Allocate a batch for containerId, change lastId from 0 to 1000.
2021-08-14 01:18:33,560 [IPC Server handler 18 on default port 37629] WARN  ha.SequenceIdGenerator (SequenceIdGenerator.java:allocateBatch(234)) - Failed to allocate a batch for localId, expected lastId is 0, actual lastId is 107544261427200000.
2021-08-14 01:18:33,560 [IPC Server handler 18 on default port 37629] INFO  ha.SequenceIdGenerator (SequenceIdGenerator.java:getNextId(127)) - Allocate a batch for localId, change lastId from 107544261427200000 to 107544261427201000.
2021-08-14 01:18:33,637 [Listener at 127.0.0.1/43663] INFO  impl.MetricsSystemImpl (MetricsSystemImpl.java:init(158)) - XceiverClientMetrics metrics system started (again)
2021-08-14 01:18:33,797 [6d4cc11e-0f46-4203-aa45-beb00efbee6b@group-FFC04936102B-FollowerState] INFO  impl.FollowerState (FollowerState.java:run(134)) - 6d4cc11e-0f46-4203-aa45-beb00efbee6b@group-FFC04936102B-FollowerState: change to CANDIDATE, lastRpcElapsedTime:5196279860ns, electionTimeout:5195ms
2021-08-14 01:18:33,797 [6d4cc11e-0f46-4203-aa45-beb00efbee6b@group-FFC04936102B-FollowerState] INFO  impl.RoleInfo (RoleInfo.java:shutdownFollowerState(108)) - 6d4cc11e-0f46-4203-aa45-beb00efbee6b: shutdown 6d4cc11e-0f46-4203-aa45-beb00efbee6b@group-FFC04936102B-FollowerState
2021-08-14 01:18:33,797 [6d4cc11e-0f46-4203-aa45-beb00efbee6b@group-FFC04936102B-FollowerState] INFO  server.RaftServer$Division (RaftServerImpl.java:setRole(285)) - 6d4cc11e-0f46-4203-aa45-beb00efbee6b@group-FFC04936102B: changes role from  FOLLOWER to CANDIDATE at term 0 for changeToCandidate
2021-08-14 01:18:33,798 [6d4cc11e-0f46-4203-aa45-beb00efbee6b@group-FFC04936102B-FollowerState] INFO  server.RaftServerConfigKeys (ConfUtils.java:logGet(44)) - raft.server.leaderelection.pre-vote = false (custom)
2021-08-14 01:18:33,798 [6d4cc11e-0f46-4203-aa45-beb00efbee6b@group-FFC04936102B-FollowerState] INFO  impl.RoleInfo (RoleInfo.java:updateAndGet(130)) - 6d4cc11e-0f46-4203-aa45-beb00efbee6b: start 6d4cc11e-0f46-4203-aa45-beb00efbee6b@group-FFC04936102B-LeaderElection21
2021-08-14 01:18:33,802 [6d4cc11e-0f46-4203-aa45-beb00efbee6b@group-FFC04936102B-LeaderElection21] INFO  impl.LeaderElection (LeaderElection.java:askForVotes(306)) - 6d4cc11e-0f46-4203-aa45-beb00efbee6b@group-FFC04936102B-LeaderElection21 ELECTION round 0: submit vote requests at term 1 for -1: [6d4cc11e-0f46-4203-aa45-beb00efbee6b|rpc:10.1.0.41:35207|priority:1], old=null
2021-08-14 01:18:33,802 [6d4cc11e-0f46-4203-aa45-beb00efbee6b@group-FFC04936102B-LeaderElection21] INFO  impl.LeaderElection (LeaderElection.java:askForVotes(308)) - 6d4cc11e-0f46-4203-aa45-beb00efbee6b@group-FFC04936102B-LeaderElection21 ELECTION round 0: result PASSED (term=1)
2021-08-14 01:18:33,802 [6d4cc11e-0f46-4203-aa45-beb00efbee6b@group-FFC04936102B-LeaderElection21] INFO  impl.RoleInfo (RoleInfo.java:shutdownLeaderElection(121)) - 6d4cc11e-0f46-4203-aa45-beb00efbee6b: shutdown 6d4cc11e-0f46-4203-aa45-beb00efbee6b@group-FFC04936102B-LeaderElection21
2021-08-14 01:18:33,802 [6d4cc11e-0f46-4203-aa45-beb00efbee6b@group-FFC04936102B-LeaderElection21] INFO  server.RaftServer$Division (RaftServerImpl.java:setRole(285)) - 6d4cc11e-0f46-4203-aa45-beb00efbee6b@group-FFC04936102B: changes role from CANDIDATE to LEADER at term 1 for changeToLeader
2021-08-14 01:18:33,802 [6d4cc11e-0f46-4203-aa45-beb00efbee6b@group-FFC04936102B-LeaderElection21] INFO  ratis.XceiverServerRatis (XceiverServerRatis.java:handleLeaderChangedNotification(861)) - Leader change notification received for group: group-FFC04936102B with new leaderId: 6d4cc11e-0f46-4203-aa45-beb00efbee6b
2021-08-14 01:18:33,803 [6d4cc11e-0f46-4203-aa45-beb00efbee6b@group-FFC04936102B-LeaderElection21] INFO  server.RaftServer$Division (ServerState.java:setLeader(285)) - 6d4cc11e-0f46-4203-aa45-beb00efbee6b@group-FFC04936102B: change Leader from null to 6d4cc11e-0f46-4203-aa45-beb00efbee6b at term 1 for becomeLeader, leader elected after 5214ms
2021-08-14 01:18:33,803 [6d4cc11e-0f46-4203-aa45-beb00efbee6b@group-FFC04936102B-LeaderElection21] INFO  server.RaftServerConfigKeys (ConfUtils.java:logGet(44)) - raft.server.staging.catchup.gap = 1000 (default)
2021-08-14 01:18:33,804 [6d4cc11e-0f46-4203-aa45-beb00efbee6b@group-FFC04936102B-LeaderElection21] INFO  server.RaftServerConfigKeys (ConfUtils.java:logGet(44)) - raft.server.write.element-limit = 1024 (custom)
2021-08-14 01:18:33,805 [6d4cc11e-0f46-4203-aa45-beb00efbee6b@group-FFC04936102B-LeaderElection21] INFO  server.RaftServerConfigKeys (ConfUtils.java:logGet(44)) - raft.server.write.byte-limit = 1024 M (=1073741824) (custom)
2021-08-14 01:18:33,803 [Datanode State Machine Thread - 0] WARN  statemachine.StateContext (StateContext.java:execute(621)) - No available thread in pool for past 0 seconds.
2021-08-14 01:18:33,805 [6d4cc11e-0f46-4203-aa45-beb00efbee6b@group-FFC04936102B-LeaderElection21] INFO  server.RaftServerConfigKeys (ConfUtils.java:logGet(44)) - raft.server.watch.timeout = 10000ms (default)
2021-08-14 01:18:33,805 [6d4cc11e-0f46-4203-aa45-beb00efbee6b@group-FFC04936102B-LeaderElection21] INFO  server.RaftServerConfigKeys (ConfUtils.java:logGet(44)) - raft.server.watch.timeout.denomination = 1s (default)
2021-08-14 01:18:33,805 [6d4cc11e-0f46-4203-aa45-beb00efbee6b@group-FFC04936102B-LeaderElection21] INFO  server.RaftServerConfigKeys (ConfUtils.java:logGet(44)) - raft.server.watch.element-limit = 65536 (default)
2021-08-14 01:18:33,806 [6d4cc11e-0f46-4203-aa45-beb00efbee6b@group-FFC04936102B-LeaderElection21] INFO  impl.RoleInfo (RoleInfo.java:updateAndGet(130)) - 6d4cc11e-0f46-4203-aa45-beb00efbee6b: start 6d4cc11e-0f46-4203-aa45-beb00efbee6b@group-FFC04936102B-LeaderStateImpl
2021-08-14 01:18:33,808 [6d4cc11e-0f46-4203-aa45-beb00efbee6b@group-FFC04936102B-LeaderElection21] INFO  segmented.SegmentedRaftLogWorker (SegmentedRaftLogWorker.java:startLogSegment(394)) - 6d4cc11e-0f46-4203-aa45-beb00efbee6b@group-FFC04936102B-SegmentedRaftLogWorker: Starting segment from index:0
2021-08-14 01:18:33,810 [6d4cc11e-0f46-4203-aa45-beb00efbee6b@group-FFC04936102B-SegmentedRaftLogWorker] INFO  segmented.SegmentedRaftLogWorker (SegmentedRaftLogWorker.java:execute(601)) - 6d4cc11e-0f46-4203-aa45-beb00efbee6b@group-FFC04936102B-SegmentedRaftLogWorker: created new log segment /home/runner/work/ozone/ozone/hadoop-ozone/integration-test/target/test-dir/MiniOzoneClusterImpl-0159c105-9d83-42dd-92be-307c6655fab4/datanode-9/data/ratis/080545db-f263-4919-8338-ffc04936102b/current/log_inprogress_0
2021-08-14 01:18:33,819 [6d4cc11e-0f46-4203-aa45-beb00efbee6b@group-FFC04936102B-LeaderElection21] INFO  server.RaftServer$Division (ServerState.java:setRaftConf(387)) - 6d4cc11e-0f46-4203-aa45-beb00efbee6b@group-FFC04936102B: set configuration 0: [6d4cc11e-0f46-4203-aa45-beb00efbee6b|rpc:10.1.0.41:35207|dataStream:|priority:1], old=null
2021-08-14 01:18:33,820 [6d4cc11e-0f46-4203-aa45-beb00efbee6b@group-FFC04936102B-StateMachineUpdater] INFO  ratis.ContainerStateMachine (ContainerStateMachine.java:takeSnapshot(293)) - group-FFC04936102B: Taking a snapshot at:(t:1, i:0) file /home/runner/work/ozone/ozone/hadoop-ozone/integration-test/target/test-dir/MiniOzoneClusterImpl-0159c105-9d83-42dd-92be-307c6655fab4/datanode-9/data/ratis/080545db-f263-4919-8338-ffc04936102b/sm/snapshot.1_0
2021-08-14 01:18:33,821 [6d4cc11e-0f46-4203-aa45-beb00efbee6b@group-FFC04936102B-StateMachineUpdater] INFO  ratis.ContainerStateMachine (ContainerStateMachine.java:takeSnapshot(304)) - group-FFC04936102B: Finished taking a snapshot at:(t:1, i:0) file:/home/runner/work/ozone/ozone/hadoop-ozone/integration-test/target/test-dir/MiniOzoneClusterImpl-0159c105-9d83-42dd-92be-307c6655fab4/datanode-9/data/ratis/080545db-f263-4919-8338-ffc04936102b/sm/snapshot.1_0 took: 1 ms
2021-08-14 01:18:33,821 [6d4cc11e-0f46-4203-aa45-beb00efbee6b@group-FFC04936102B-StateMachineUpdater] INFO  impl.StateMachineUpdater (StateMachineUpdater.java:takeSnapshot(281)) - 6d4cc11e-0f46-4203-aa45-beb00efbee6b@group-FFC04936102B-StateMachineUpdater: Took a snapshot at index 0
2021-08-14 01:18:33,822 [6d4cc11e-0f46-4203-aa45-beb00efbee6b@group-FFC04936102B-StateMachineUpdater] INFO  impl.StateMachineUpdater (StateMachineUpdater.java:lambda$new$0(89)) - 6d4cc11e-0f46-4203-aa45-beb00efbee6b@group-FFC04936102B-StateMachineUpdater: snapshotIndex: updateIncreasingly -1 -> 0
2021-08-14 01:18:33,865 [Datanode State Machine Thread - 0] WARN  statemachine.StateContext (StateContext.java:execute(621)) - No available thread in pool for past 0 seconds.
2021-08-14 01:18:33,983 [ac78b934-d09a-4407-918e-43db40751b5e@group-2F24DE557786-StateMachineUpdater] INFO  ratis.ContainerStateMachine (ContainerStateMachine.java:takeSnapshot(293)) - group-2F24DE557786: Taking a snapshot at:(t:1, i:1) file /home/runner/work/ozone/ozone/hadoop-ozone/integration-test/target/test-dir/MiniOzoneClusterImpl-0159c105-9d83-42dd-92be-307c6655fab4/datanode-5/data/ratis/68599dce-946b-4ac6-8d0f-2f24de557786/sm/snapshot.1_1
2021-08-14 01:18:33,993 [ac78b934-d09a-4407-918e-43db40751b5e@group-2F24DE557786-StateMachineUpdater] INFO  ratis.ContainerStateMachine (ContainerStateMachine.java:takeSnapshot(304)) - group-2F24DE557786: Finished taking a snapshot at:(t:1, i:1) file:/home/runner/work/ozone/ozone/hadoop-ozone/integration-test/target/test-dir/MiniOzoneClusterImpl-0159c105-9d83-42dd-92be-307c6655fab4/datanode-5/data/ratis/68599dce-946b-4ac6-8d0f-2f24de557786/sm/snapshot.1_1 took: 10 ms
2021-08-14 01:18:33,994 [ac78b934-d09a-4407-918e-43db40751b5e@group-2F24DE557786-StateMachineUpdater] INFO  impl.StateMachineUpdater (StateMachineUpdater.java:takeSnapshot(281)) - ac78b934-d09a-4407-918e-43db40751b5e@group-2F24DE557786-StateMachineUpdater: Took a snapshot at index 1
2021-08-14 01:18:33,994 [ac78b934-d09a-4407-918e-43db40751b5e@group-2F24DE557786-StateMachineUpdater] INFO  impl.StateMachineUpdater (StateMachineUpdater.java:lambda$new$0(89)) - ac78b934-d09a-4407-918e-43db40751b5e@group-2F24DE557786-StateMachineUpdater: snapshotIndex: updateIncreasingly 0 -> 1
2021-08-14 01:18:33,994 [ac78b934-d09a-4407-918e-43db40751b5e@group-2F24DE557786-StateMachineUpdater] INFO  ratis.ContainerStateMachine (ContainerStateMachine.java:takeSnapshot(293)) - group-2F24DE557786: Taking a snapshot at:(t:1, i:3) file /home/runner/work/ozone/ozone/hadoop-ozone/integration-test/target/test-dir/MiniOzoneClusterImpl-0159c105-9d83-42dd-92be-307c6655fab4/datanode-5/data/ratis/68599dce-946b-4ac6-8d0f-2f24de557786/sm/snapshot.1_3
2021-08-14 01:18:33,996 [ac78b934-d09a-4407-918e-43db40751b5e@group-2F24DE557786-StateMachineUpdater] INFO  ratis.ContainerStateMachine (ContainerStateMachine.java:takeSnapshot(304)) - group-2F24DE557786: Finished taking a snapshot at:(t:1, i:3) file:/home/runner/work/ozone/ozone/hadoop-ozone/integration-test/target/test-dir/MiniOzoneClusterImpl-0159c105-9d83-42dd-92be-307c6655fab4/datanode-5/data/ratis/68599dce-946b-4ac6-8d0f-2f24de557786/sm/snapshot.1_3 took: 2 ms
2021-08-14 01:18:33,996 [ac78b934-d09a-4407-918e-43db40751b5e@group-2F24DE557786-StateMachineUpdater] INFO  impl.StateMachineUpdater (StateMachineUpdater.java:takeSnapshot(281)) - ac78b934-d09a-4407-918e-43db40751b5e@group-2F24DE557786-StateMachineUpdater: Took a snapshot at index 3
2021-08-14 01:18:33,996 [ac78b934-d09a-4407-918e-43db40751b5e@group-2F24DE557786-StateMachineUpdater] INFO  impl.StateMachineUpdater (StateMachineUpdater.java:lambda$new$0(89)) - ac78b934-d09a-4407-918e-43db40751b5e@group-2F24DE557786-StateMachineUpdater: snapshotIndex: updateIncreasingly 1 -> 3
2021-08-14 01:18:34,024 [ac78b934-d09a-4407-918e-43db40751b5e@group-2F24DE557786-StateMachineUpdater] INFO  ratis.ContainerStateMachine (ContainerStateMachine.java:takeSnapshot(293)) - group-2F24DE557786: Taking a snapshot at:(t:1, i:5) file /home/runner/work/ozone/ozone/hadoop-ozone/integration-test/target/test-dir/MiniOzoneClusterImpl-0159c105-9d83-42dd-92be-307c6655fab4/datanode-5/data/ratis/68599dce-946b-4ac6-8d0f-2f24de557786/sm/snapshot.1_5
2021-08-14 01:18:34,026 [ac78b934-d09a-4407-918e-43db40751b5e@group-2F24DE557786-StateMachineUpdater] INFO  ratis.ContainerStateMachine (ContainerStateMachine.java:takeSnapshot(304)) - group-2F24DE557786: Finished taking a snapshot at:(t:1, i:5) file:/home/runner/work/ozone/ozone/hadoop-ozone/integration-test/target/test-dir/MiniOzoneClusterImpl-0159c105-9d83-42dd-92be-307c6655fab4/datanode-5/data/ratis/68599dce-946b-4ac6-8d0f-2f24de557786/sm/snapshot.1_5 took: 2 ms
2021-08-14 01:18:34,026 [ac78b934-d09a-4407-918e-43db40751b5e@group-2F24DE557786-StateMachineUpdater] INFO  impl.StateMachineUpdater (StateMachineUpdater.java:takeSnapshot(281)) - ac78b934-d09a-4407-918e-43db40751b5e@group-2F24DE557786-StateMachineUpdater: Took a snapshot at index 5
2021-08-14 01:18:34,026 [ac78b934-d09a-4407-918e-43db40751b5e@group-2F24DE557786-StateMachineUpdater] INFO  impl.StateMachineUpdater (StateMachineUpdater.java:lambda$new$0(89)) - ac78b934-d09a-4407-918e-43db40751b5e@group-2F24DE557786-StateMachineUpdater: snapshotIndex: updateIncreasingly 3 -> 5
2021-08-14 01:18:34,026 [ac78b934-d09a-4407-918e-43db40751b5e@group-2F24DE557786-StateMachineUpdater] INFO  ratis.ContainerStateMachine (ContainerStateMachine.java:takeSnapshot(293)) - group-2F24DE557786: Taking a snapshot at:(t:1, i:6) file /home/runner/work/ozone/ozone/hadoop-ozone/integration-test/target/test-dir/MiniOzoneClusterImpl-0159c105-9d83-42dd-92be-307c6655fab4/datanode-5/data/ratis/68599dce-946b-4ac6-8d0f-2f24de557786/sm/snapshot.1_6
2021-08-14 01:18:34,027 [ac78b934-d09a-4407-918e-43db40751b5e@group-2F24DE557786-StateMachineUpdater] INFO  ratis.ContainerStateMachine (ContainerStateMachine.java:takeSnapshot(304)) - group-2F24DE557786: Finished taking a snapshot at:(t:1, i:6) file:/home/runner/work/ozone/ozone/hadoop-ozone/integration-test/target/test-dir/MiniOzoneClusterImpl-0159c105-9d83-42dd-92be-307c6655fab4/datanode-5/data/ratis/68599dce-946b-4ac6-8d0f-2f24de557786/sm/snapshot.1_6 took: 0 ms
2021-08-14 01:18:34,027 [ac78b934-d09a-4407-918e-43db40751b5e@group-2F24DE557786-StateMachineUpdater] INFO  impl.StateMachineUpdater (StateMachineUpdater.java:takeSnapshot(281)) - ac78b934-d09a-4407-918e-43db40751b5e@group-2F24DE557786-StateMachineUpdater: Took a snapshot at index 6
2021-08-14 01:18:34,028 [ac78b934-d09a-4407-918e-43db40751b5e@group-2F24DE557786-StateMachineUpdater] INFO  impl.StateMachineUpdater (StateMachineUpdater.java:lambda$new$0(89)) - ac78b934-d09a-4407-918e-43db40751b5e@group-2F24DE557786-StateMachineUpdater: snapshotIndex: updateIncreasingly 5 -> 6
2021-08-14 01:18:34,038 [Listener at 127.0.0.1/43663] INFO  ratis.ContainerStateMachine (ContainerStateMachine.java:takeSnapshot(293)) - group-2F24DE557786: Taking a snapshot at:(t:1, i:6) file /home/runner/work/ozone/ozone/hadoop-ozone/integration-test/target/test-dir/MiniOzoneClusterImpl-0159c105-9d83-42dd-92be-307c6655fab4/datanode-5/data/ratis/68599dce-946b-4ac6-8d0f-2f24de557786/sm/snapshot.1_6
2021-08-14 01:18:34,039 [Listener at 127.0.0.1/43663] INFO  ratis.ContainerStateMachine (ContainerStateMachine.java:takeSnapshot(304)) - group-2F24DE557786: Finished taking a snapshot at:(t:1, i:6) file:/home/runner/work/ozone/ozone/hadoop-ozone/integration-test/target/test-dir/MiniOzoneClusterImpl-0159c105-9d83-42dd-92be-307c6655fab4/datanode-5/data/ratis/68599dce-946b-4ac6-8d0f-2f24de557786/sm/snapshot.1_6 took: 2 ms
2021-08-14 01:18:34,040 [Listener at 127.0.0.1/43663] INFO  ozone.MiniOzoneClusterImpl (MiniOzoneClusterImpl.java:getStorageContainerLocationClient(346)) - Creating StorageContainerLocationProtocol RPC client with address /0.0.0.0:42025
2021-08-14 01:18:34,246 [Datanode State Machine Thread - 0] WARN  statemachine.StateContext (StateContext.java:execute(621)) - No available thread in pool for past 0 seconds.
2021-08-14 01:18:34,249 [pool-250-thread-5] INFO  keyvalue.KeyValueContainer (KeyValueContainer.java:flushAndSyncDB(397)) - Container 1 is synced with bcsId 5.
2021-08-14 01:18:34,249 [EventQueue-IncrementalContainerReportForIncrementalContainerReportHandler] WARN  container.IncrementalContainerReportHandler (AbstractContainerReportHandler.java:updateContainerState(190)) - Container #1 is in OPEN state, but the datanode ac78b934-d09a-4407-918e-43db40751b5e{ip: 10.1.0.41, host: fv-az395-768.zfmzfyrfkyou3ow0tsr0jxwq1e.bx.internal.cloudapp.net, ports: [REPLICATION=45217, RATIS=43943, RATIS_ADMIN=43943, RATIS_SERVER=43943, STANDALONE=44287], networkLocation: /default-rack, certSerialId: null, persistedOpState: IN_SERVICE, persistedOpStateExpiryEpochSec: 0} reports an CLOSING replica.
2021-08-14 01:18:34,249 [pool-250-thread-5] INFO  keyvalue.KeyValueContainer (KeyValueContainer.java:flushAndSyncDB(397)) - Container 1 is synced with bcsId 5.
2021-08-14 01:18:34,255 [pool-250-thread-5] INFO  keyvalue.KeyValueContainer (KeyValueContainer.java:close(334)) - Container 1 is closed with bcsId 5.
2021-08-14 01:18:34,255 [Datanode State Machine Thread - 0] WARN  statemachine.StateContext (StateContext.java:execute(621)) - No available thread in pool for past 0 seconds.
2021-08-14 01:18:34,257 [EventQueue-IncrementalContainerReportForIncrementalContainerReportHandler] WARN  container.IncrementalContainerReportHandler (AbstractContainerReportHandler.java:updateContainerState(190)) - Container #1 is in OPEN state, but the datanode ac78b934-d09a-4407-918e-43db40751b5e{ip: 10.1.0.41, host: fv-az395-768.zfmzfyrfkyou3ow0tsr0jxwq1e.bx.internal.cloudapp.net, ports: [REPLICATION=45217, RATIS=43943, RATIS_ADMIN=43943, RATIS_SERVER=43943, STANDALONE=44287], networkLocation: /default-rack, certSerialId: null, persistedOpState: IN_SERVICE, persistedOpStateExpiryEpochSec: 0} reports an CLOSED replica.
2021-08-14 01:18:34,259 [ac78b934-d09a-4407-918e-43db40751b5e@group-2F24DE557786-StateMachineUpdater] INFO  ratis.ContainerStateMachine (ContainerStateMachine.java:takeSnapshot(293)) - group-2F24DE557786: Taking a snapshot at:(t:1, i:6) file /home/runner/work/ozone/ozone/hadoop-ozone/integration-test/target/test-dir/MiniOzoneClusterImpl-0159c105-9d83-42dd-92be-307c6655fab4/datanode-5/data/ratis/68599dce-946b-4ac6-8d0f-2f24de557786/sm/snapshot.1_6
2021-08-14 01:18:34,260 [ac78b934-d09a-4407-918e-43db40751b5e@group-2F24DE557786-StateMachineUpdater] INFO  ratis.ContainerStateMachine (ContainerStateMachine.java:takeSnapshot(304)) - group-2F24DE557786: Finished taking a snapshot at:(t:1, i:6) file:/home/runner/work/ozone/ozone/hadoop-ozone/integration-test/target/test-dir/MiniOzoneClusterImpl-0159c105-9d83-42dd-92be-307c6655fab4/datanode-5/data/ratis/68599dce-946b-4ac6-8d0f-2f24de557786/sm/snapshot.1_6 took: 1 ms
2021-08-14 01:18:34,261 [ac78b934-d09a-4407-918e-43db40751b5e@group-2F24DE557786-StateMachineUpdater] INFO  impl.StateMachineUpdater (StateMachineUpdater.java:takeSnapshot(281)) - ac78b934-d09a-4407-918e-43db40751b5e@group-2F24DE557786-StateMachineUpdater: Took a snapshot at index 6
2021-08-14 01:18:34,261 [ac78b934-d09a-4407-918e-43db40751b5e@group-2F24DE557786-StateMachineUpdater] INFO  impl.StateMachineUpdater (StateMachineUpdater.java:lambda$new$0(89)) - ac78b934-d09a-4407-918e-43db40751b5e@group-2F24DE557786-StateMachineUpdater: snapshotIndex: updateIncreasingly 6 -> 6
2021-08-14 01:18:34,261 [ac78b934-d09a-4407-918e-43db40751b5e@group-2F24DE557786-StateMachineUpdater] INFO  ratis.ContainerStateMachine (ContainerStateMachine.java:takeSnapshot(293)) - group-2F24DE557786: Taking a snapshot at:(t:1, i:6) file /home/runner/work/ozone/ozone/hadoop-ozone/integration-test/target/test-dir/MiniOzoneClusterImpl-0159c105-9d83-42dd-92be-307c6655fab4/datanode-5/data/ratis/68599dce-946b-4ac6-8d0f-2f24de557786/sm/snapshot.1_6
2021-08-14 01:18:34,263 [Listener at 127.0.0.1/43663] INFO  ratis.ContainerStateMachine (ContainerStateMachine.java:takeSnapshot(293)) - group-2F24DE557786: Taking a snapshot at:(t:1, i:6) file /home/runner/work/ozone/ozone/hadoop-ozone/integration-test/target/test-dir/MiniOzoneClusterImpl-0159c105-9d83-42dd-92be-307c6655fab4/datanode-5/data/ratis/68599dce-946b-4ac6-8d0f-2f24de557786/sm/snapshot.1_6
2021-08-14 01:18:34,264 [ac78b934-d09a-4407-918e-43db40751b5e@group-2F24DE557786-StateMachineUpdater] INFO  ratis.ContainerStateMachine (ContainerStateMachine.java:takeSnapshot(304)) - group-2F24DE557786: Finished taking a snapshot at:(t:1, i:6) file:/home/runner/work/ozone/ozone/hadoop-ozone/integration-test/target/test-dir/MiniOzoneClusterImpl-0159c105-9d83-42dd-92be-307c6655fab4/datanode-5/data/ratis/68599dce-946b-4ac6-8d0f-2f24de557786/sm/snapshot.1_6 took: 3 ms
2021-08-14 01:18:34,264 [ac78b934-d09a-4407-918e-43db40751b5e@group-2F24DE557786-StateMachineUpdater] INFO  impl.StateMachineUpdater (StateMachineUpdater.java:takeSnapshot(281)) - ac78b934-d09a-4407-918e-43db40751b5e@group-2F24DE557786-StateMachineUpdater: Took a snapshot at index 6
2021-08-14 01:18:34,264 [ac78b934-d09a-4407-918e-43db40751b5e@group-2F24DE557786-StateMachineUpdater] INFO  impl.StateMachineUpdater (StateMachineUpdater.java:lambda$new$0(89)) - ac78b934-d09a-4407-918e-43db40751b5e@group-2F24DE557786-StateMachineUpdater: snapshotIndex: updateIncreasingly 6 -> 6
2021-08-14 01:18:34,265 [Listener at 127.0.0.1/43663] INFO  ratis.ContainerStateMachine (ContainerStateMachine.java:takeSnapshot(304)) - group-2F24DE557786: Finished taking a snapshot at:(t:1, i:6) file:/home/runner/work/ozone/ozone/hadoop-ozone/integration-test/target/test-dir/MiniOzoneClusterImpl-0159c105-9d83-42dd-92be-307c6655fab4/datanode-5/data/ratis/68599dce-946b-4ac6-8d0f-2f24de557786/sm/snapshot.1_6 took: 1 ms
]]></system-out>
  </testcase>
  <testcase name="testWriteStateMachineDataIdempotencyWithClosedContainer" classname="org.apache.hadoop.ozone.client.rpc.TestContainerStateMachineFailures" time="0.654"/>
  <testcase name="testContainerStateMachineFailures" classname="org.apache.hadoop.ozone.client.rpc.TestContainerStateMachineFailures" time="15.676"/>
  <testcase name="testUnhealthyContainer" classname="org.apache.hadoop.ozone.client.rpc.TestContainerStateMachineFailures" time="9.105"/>
  <testcase name="testApplyTransactionFailure" classname="org.apache.hadoop.ozone.client.rpc.TestContainerStateMachineFailures" time="7.258"/>
</testsuite>